<?xml version="1.0" encoding="UTF-8"?>
<testsuite xmlns:xsi="http://www.w3.org/2001/XMLSchema-instance" xsi:noNamespaceSchemaLocation="https://maven.apache.org/surefire/maven-surefire-plugin/xsd/surefire-test-report-3.0.xsd" version="3.0" name="org.apache.hadoop.fs.ozone.TestRootedOzoneFileSystem" time="419.801" tests="165" errors="0" skipped="14" failures="1">
  <properties>
    <property name="awt.toolkit" value="sun.awt.X11.XToolkit"/>
    <property name="file.encoding.pkg" value="sun.io"/>
    <property name="java.specification.version" value="1.8"/>
    <property name="sun.cpu.isalist" value=""/>
    <property name="sun.jnu.encoding" value="UTF-8"/>
    <property name="java.class.path" value="/home/runner/work/ozone/ozone/hadoop-ozone/integration-test/target/test-classes:/home/runner/work/ozone/ozone/hadoop-ozone/integration-test/target/classes:/home/runner/.m2/repository/org/apache/ozone/ozone-common/1.3.0-SNAPSHOT/ozone-common-1.3.0-SNAPSHOT.jar:/home/runner/.m2/repository/io/grpc/grpc-netty/1.38.0/grpc-netty-1.38.0.jar:/home/runner/.m2/repository/io/grpc/grpc-core/1.38.0/grpc-core-1.38.0.jar:/home/runner/.m2/repository/com/google/android/annotations/4.1.1.4/annotations-4.1.1.4.jar:/home/runner/.m2/repository/com/google/errorprone/error_prone_annotations/2.2.0/error_prone_annotations-2.2.0.jar:/home/runner/.m2/repository/io/perfmark/perfmark-api/0.23.0/perfmark-api-0.23.0.jar:/home/runner/.m2/repository/org/codehaus/mojo/animal-sniffer-annotations/1.19/animal-sniffer-annotations-1.19.jar:/home/runner/.m2/repository/com/google/code/findbugs/jsr305/3.0.0/jsr305-3.0.0.jar:/home/runner/.m2/repository/io/netty/netty-codec-http2/4.1.63.Final/netty-codec-http2-4.1.63.Final.jar:/home/runner/.m2/repository/io/netty/netty-common/4.1.63.Final/netty-common-4.1.63.Final.jar:/home/runner/.m2/repository/io/netty/netty-buffer/4.1.63.Final/netty-buffer-4.1.63.Final.jar:/home/runner/.m2/repository/io/netty/netty-codec-http/4.1.63.Final/netty-codec-http-4.1.63.Final.jar:/home/runner/.m2/repository/io/netty/netty-handler-proxy/4.1.63.Final/netty-handler-proxy-4.1.63.Final.jar:/home/runner/.m2/repository/io/netty/netty-codec-socks/4.1.63.Final/netty-codec-socks-4.1.63.Final.jar:/home/runner/.m2/repository/io/netty/netty-tcnative-boringssl-static/2.0.38.Final/netty-tcnative-boringssl-static-2.0.38.Final.jar:/home/runner/.m2/repository/io/netty/netty-tcnative/2.0.38.Final/netty-tcnative-2.0.38.Final.jar:/home/runner/.m2/repository/org/apache/commons/commons-compress/1.21/commons-compress-1.21.jar:/home/runner/.m2/repository/org/apache/ozone/hdds-common/1.3.0-SNAPSHOT/hdds-common-1.3.0-SNAPSHOT.jar:/home/runner/.m2/repository/org/apache/ozone/hdds-client/1.3.0-SNAPSHOT/hdds-client-1.3.0-SNAPSHOT.jar:/home/runner/.m2/repository/org/apache/ozone/ozone-interface-client/1.3.0-SNAPSHOT/ozone-interface-client-1.3.0-SNAPSHOT.jar:/home/runner/.m2/repository/org/apache/ozone/hdds-test-utils/1.3.0-SNAPSHOT/hdds-test-utils-1.3.0-SNAPSHOT.jar:/home/runner/.m2/repository/com/google/guava/guava/30.1.1-jre/guava-30.1.1-jre.jar:/home/runner/.m2/repository/com/google/guava/failureaccess/1.0.1/failureaccess-1.0.1.jar:/home/runner/.m2/repository/com/google/guava/listenablefuture/9999.0-empty-to-avoid-conflict-with-guava/listenablefuture-9999.0-empty-to-avoid-conflict-with-guava.jar:/home/runner/.m2/repository/org/checkerframework/checker-qual/3.8.0/checker-qual-3.8.0.jar:/home/runner/.m2/repository/com/google/j2objc/j2objc-annotations/1.3/j2objc-annotations-1.3.jar:/home/runner/.m2/repository/commons-io/commons-io/2.11.0/commons-io-2.11.0.jar:/home/runner/.m2/repository/commons-logging/commons-logging/1.2/commons-logging-1.2.jar:/home/runner/.m2/repository/log4j/log4j/1.2.17/log4j-1.2.17.jar:/home/runner/.m2/repository/org/slf4j/slf4j-api/1.7.30/slf4j-api-1.7.30.jar:/home/runner/.m2/repository/org/apache/ozone/hdds-server-scm/1.3.0-SNAPSHOT/hdds-server-scm-1.3.0-SNAPSHOT.jar:/home/runner/.m2/repository/org/apache/ozone/hdds-container-service/1.3.0-SNAPSHOT/hdds-container-service-1.3.0-SNAPSHOT.jar:/home/runner/.m2/repository/org/apache/ozone/hdds-hadoop-dependency-server/1.3.0-SNAPSHOT/hdds-hadoop-dependency-server-1.3.0-SNAPSHOT.jar:/home/runner/.m2/repository/org/apache/hadoop/hadoop-hdfs/3.3.1/hadoop-hdfs-3.3.1.jar:/home/runner/.m2/repository/org/apache/ozone/hdds-server-framework/1.3.0-SNAPSHOT/hdds-server-framework-1.3.0-SNAPSHOT.jar:/home/runner/.m2/repository/org/apache/ozone/hdds-interface-server/1.3.0-SNAPSHOT/hdds-interface-server-1.3.0-SNAPSHOT.jar:/home/runner/.m2/repository/org/apache/logging/log4j/log4j-core/2.17.1/log4j-core-2.17.1.jar:/home/runner/.m2/repository/com/lmax/disruptor/3.4.2/disruptor-3.4.2.jar:/home/runner/.m2/repository/org/eclipse/jetty/jetty-servlet/9.4.43.v20210629/jetty-servlet-9.4.43.v20210629.jar:/home/runner/.m2/repository/org/eclipse/jetty/jetty-security/9.4.43.v20210629/jetty-security-9.4.43.v20210629.jar:/home/runner/.m2/repository/org/rocksdb/rocksdbjni/7.0.4/rocksdbjni-7.0.4.jar:/home/runner/.m2/repository/io/prometheus/simpleclient_dropwizard/0.7.0/simpleclient_dropwizard-0.7.0.jar:/home/runner/.m2/repository/io/prometheus/simpleclient/0.7.0/simpleclient-0.7.0.jar:/home/runner/.m2/repository/io/prometheus/simpleclient_common/0.7.0/simpleclient_common-0.7.0.jar:/home/runner/.m2/repository/io/dropwizard/metrics/metrics-core/3.2.4/metrics-core-3.2.4.jar:/home/runner/.m2/repository/org/apache/hadoop/hadoop-hdfs-client/3.3.1/hadoop-hdfs-client-3.3.1.jar:/home/runner/.m2/repository/org/bouncycastle/bcprov-jdk15on/1.67/bcprov-jdk15on-1.67.jar:/home/runner/.m2/repository/com/google/protobuf/protobuf-java/2.5.0/protobuf-java-2.5.0.jar:/home/runner/.m2/repository/org/apache/ozone/ozone-manager/1.3.0-SNAPSHOT/ozone-manager-1.3.0-SNAPSHOT.jar:/home/runner/.m2/repository/org/aspectj/aspectjrt/1.9.7/aspectjrt-1.9.7.jar:/home/runner/.m2/repository/org/aspectj/aspectjweaver/1.9.7/aspectjweaver-1.9.7.jar:/home/runner/.m2/repository/org/apache/ozone/hdds-interface-client/1.3.0-SNAPSHOT/hdds-interface-client-1.3.0-SNAPSHOT.jar:/home/runner/.m2/repository/org/apache/hadoop/thirdparty/hadoop-shaded-protobuf_3_7/1.1.1/hadoop-shaded-protobuf_3_7-1.1.1.jar:/home/runner/.m2/repository/org/apache/ozone/ozone-interface-storage/1.3.0-SNAPSHOT/ozone-interface-storage-1.3.0-SNAPSHOT.jar:/home/runner/.m2/repository/org/reflections/reflections/0.9.11/reflections-0.9.11.jar:/home/runner/.m2/repository/org/apache/hadoop/hadoop-minikdc/3.3.1/hadoop-minikdc-3.3.1.jar:/home/runner/.m2/repository/org/apache/kerby/kerb-simplekdc/1.0.1/kerb-simplekdc-1.0.1.jar:/home/runner/.m2/repository/org/apache/kerby/kerb-client/1.0.1/kerb-client-1.0.1.jar:/home/runner/.m2/repository/org/apache/kerby/kerby-config/1.0.1/kerby-config-1.0.1.jar:/home/runner/.m2/repository/org/apache/kerby/kerb-common/1.0.1/kerb-common-1.0.1.jar:/home/runner/.m2/repository/org/apache/kerby/kerb-crypto/1.0.1/kerb-crypto-1.0.1.jar:/home/runner/.m2/repository/org/apache/kerby/kerb-util/1.0.1/kerb-util-1.0.1.jar:/home/runner/.m2/repository/org/apache/kerby/token-provider/1.0.1/token-provider-1.0.1.jar:/home/runner/.m2/repository/org/apache/kerby/kerb-admin/1.0.1/kerb-admin-1.0.1.jar:/home/runner/.m2/repository/org/apache/kerby/kerb-server/1.0.1/kerb-server-1.0.1.jar:/home/runner/.m2/repository/org/apache/kerby/kerb-identity/1.0.1/kerb-identity-1.0.1.jar:/home/runner/.m2/repository/org/apache/kerby/kerby-xdr/1.0.1/kerby-xdr-1.0.1.jar:/home/runner/.m2/repository/org/slf4j/slf4j-log4j12/1.7.30/slf4j-log4j12-1.7.30.jar:/home/runner/.m2/repository/org/apache/ozone/ozone-s3gateway/1.3.0-SNAPSHOT/ozone-s3gateway-1.3.0-SNAPSHOT.jar:/home/runner/.m2/repository/org/javassist/javassist/3.21.0-GA/javassist-3.21.0-GA.jar:/home/runner/.m2/repository/org/jboss/weld/servlet/weld-servlet/2.4.7.Final/weld-servlet-2.4.7.Final.jar:/home/runner/.m2/repository/org/glassfish/jersey/containers/jersey-container-servlet-core/2.33/jersey-container-servlet-core-2.33.jar:/home/runner/.m2/repository/org/glassfish/hk2/external/jakarta.inject/2.6.1/jakarta.inject-2.6.1.jar:/home/runner/.m2/repository/org/glassfish/jersey/core/jersey-common/2.33/jersey-common-2.33.jar:/home/runner/.m2/repository/jakarta/ws/rs/jakarta.ws.rs-api/2.1.6/jakarta.ws.rs-api-2.1.6.jar:/home/runner/.m2/repository/org/glassfish/jersey/ext/cdi/jersey-cdi1x/2.33/jersey-cdi1x-2.33.jar:/home/runner/.m2/repository/org/glassfish/jersey/inject/jersey-hk2/2.33/jersey-hk2-2.33.jar:/home/runner/.m2/repository/org/glassfish/hk2/hk2-locator/2.6.1/hk2-locator-2.6.1.jar:/home/runner/.m2/repository/org/glassfish/jersey/media/jersey-media-jaxb/2.33/jersey-media-jaxb-2.33.jar:/home/runner/.m2/repository/org/glassfish/hk2/osgi-resource-locator/1.0.3/osgi-resource-locator-1.0.3.jar:/home/runner/.m2/repository/org/glassfish/hk2/hk2-api/2.5.0/hk2-api-2.5.0.jar:/home/runner/.m2/repository/org/glassfish/hk2/hk2-utils/2.5.0/hk2-utils-2.5.0.jar:/home/runner/.m2/repository/org/glassfish/hk2/external/aopalliance-repackaged/2.5.0/aopalliance-repackaged-2.5.0.jar:/home/runner/.m2/repository/com/fasterxml/jackson/dataformat/jackson-dataformat-xml/2.13.2/jackson-dataformat-xml-2.13.2.jar:/home/runner/.m2/repository/com/fasterxml/jackson/core/jackson-core/2.13.2/jackson-core-2.13.2.jar:/home/runner/.m2/repository/org/codehaus/woodstox/stax2-api/3.1.4/stax2-api-3.1.4.jar:/home/runner/.m2/repository/com/fasterxml/woodstox/woodstox-core/5.0.3/woodstox-core-5.0.3.jar:/home/runner/.m2/repository/com/fasterxml/jackson/module/jackson-module-jaxb-annotations/2.13.2/jackson-module-jaxb-annotations-2.13.2.jar:/home/runner/.m2/repository/jakarta/xml/bind/jakarta.xml.bind-api/2.3.3/jakarta.xml.bind-api-2.3.3.jar:/home/runner/.m2/repository/jakarta/activation/jakarta.activation-api/1.2.1/jakarta.activation-api-1.2.1.jar:/home/runner/.m2/repository/javax/enterprise/cdi-api/1.2/cdi-api-1.2.jar:/home/runner/.m2/repository/javax/el/javax.el-api/3.0.0/javax.el-api-3.0.0.jar:/home/runner/.m2/repository/javax/interceptor/javax.interceptor-api/1.2/javax.interceptor-api-1.2.jar:/home/runner/.m2/repository/javax/inject/javax.inject/1/javax.inject-1.jar:/home/runner/.m2/repository/javax/xml/bind/jaxb-api/2.3.0/jaxb-api-2.3.0.jar:/home/runner/.m2/repository/org/glassfish/jaxb/jaxb-runtime/2.3.0.1/jaxb-runtime-2.3.0.1.jar:/home/runner/.m2/repository/org/glassfish/jaxb/jaxb-core/2.3.0.1/jaxb-core-2.3.0.1.jar:/home/runner/.m2/repository/org/glassfish/jaxb/txw2/2.3.0.1/txw2-2.3.0.1.jar:/home/runner/.m2/repository/com/sun/istack/istack-commons-runtime/3.0.5/istack-commons-runtime-3.0.5.jar:/home/runner/.m2/repository/org/jvnet/staxex/stax-ex/1.7.8/stax-ex-1.7.8.jar:/home/runner/.m2/repository/com/sun/xml/fastinfoset/FastInfoset/1.2.13/FastInfoset-1.2.13.jar:/home/runner/.m2/repository/javax/activation/activation/1.1.1/activation-1.1.1.jar:/home/runner/.m2/repository/io/grpc/grpc-protobuf/1.38.0/grpc-protobuf-1.38.0.jar:/home/runner/.m2/repository/io/grpc/grpc-api/1.38.0/grpc-api-1.38.0.jar:/home/runner/.m2/repository/io/grpc/grpc-context/1.38.0/grpc-context-1.38.0.jar:/home/runner/.m2/repository/com/google/api/grpc/proto-google-common-protos/2.0.1/proto-google-common-protos-2.0.1.jar:/home/runner/.m2/repository/io/grpc/grpc-protobuf-lite/1.38.0/grpc-protobuf-lite-1.38.0.jar:/home/runner/.m2/repository/io/grpc/grpc-stub/1.38.0/grpc-stub-1.38.0.jar:/home/runner/.m2/repository/io/netty/netty-transport/4.1.63.Final/netty-transport-4.1.63.Final.jar:/home/runner/.m2/repository/io/netty/netty-resolver/4.1.63.Final/netty-resolver-4.1.63.Final.jar:/home/runner/.m2/repository/org/apache/ozone/ozone-csi/1.3.0-SNAPSHOT/ozone-csi-1.3.0-SNAPSHOT.jar:/home/runner/.m2/repository/com/google/protobuf/protobuf-java-util/3.12.0/protobuf-java-util-3.12.0.jar:/home/runner/.m2/repository/com/google/code/gson/gson/2.2.4/gson-2.2.4.jar:/home/runner/.m2/repository/org/apache/ozone/hdds-config/1.3.0-SNAPSHOT/hdds-config-1.3.0-SNAPSHOT.jar:/home/runner/.m2/repository/io/netty/netty-transport-native-epoll/4.1.63.Final/netty-transport-native-epoll-4.1.63.Final.jar:/home/runner/.m2/repository/io/netty/netty-transport-native-unix-common/4.1.63.Final/netty-transport-native-unix-common-4.1.63.Final.jar:/home/runner/.m2/repository/org/apache/ozone/ozone-recon/1.3.0-SNAPSHOT/ozone-recon-1.3.0-SNAPSHOT.jar:/home/runner/.m2/repository/org/apache/ozone/ozone-reconcodegen/1.3.0-SNAPSHOT/ozone-reconcodegen-1.3.0-SNAPSHOT.jar:/home/runner/.m2/repository/com/google/inject/extensions/guice-multibindings/4.0/guice-multibindings-4.0.jar:/home/runner/.m2/repository/com/google/inject/guice/4.0/guice-4.0.jar:/home/runner/.m2/repository/aopalliance/aopalliance/1.0/aopalliance-1.0.jar:/home/runner/.m2/repository/com/google/inject/extensions/guice-assistedinject/4.0/guice-assistedinject-4.0.jar:/home/runner/.m2/repository/com/google/inject/extensions/guice-servlet/4.0/guice-servlet-4.0.jar:/home/runner/.m2/repository/org/glassfish/jersey/containers/jersey-container-servlet/2.33/jersey-container-servlet-2.33.jar:/home/runner/.m2/repository/org/glassfish/hk2/guice-bridge/2.5.0/guice-bridge-2.5.0.jar:/home/runner/.m2/repository/org/glassfish/jersey/core/jersey-server/2.33/jersey-server-2.33.jar:/home/runner/.m2/repository/org/glassfish/jersey/core/jersey-client/2.33/jersey-client-2.33.jar:/home/runner/.m2/repository/jakarta/annotation/jakarta.annotation-api/1.3.5/jakarta.annotation-api-1.3.5.jar:/home/runner/.m2/repository/jakarta/validation/jakarta.validation-api/2.0.2/jakarta.validation-api-2.0.2.jar:/home/runner/.m2/repository/org/glassfish/jersey/media/jersey-media-json-jackson/2.33/jersey-media-json-jackson-2.33.jar:/home/runner/.m2/repository/org/glassfish/jersey/ext/jersey-entity-filtering/2.33/jersey-entity-filtering-2.33.jar:/home/runner/.m2/repository/org/jooq/jooq/3.11.10/jooq-3.11.10.jar:/home/runner/.m2/repository/org/jooq/jooq-meta/3.11.10/jooq-meta-3.11.10.jar:/home/runner/.m2/repository/org/jooq/jooq-codegen/3.11.10/jooq-codegen-3.11.10.jar:/home/runner/.m2/repository/com/jolbox/bonecp/0.8.0.RELEASE/bonecp-0.8.0.RELEASE.jar:/home/runner/.m2/repository/org/apache/derby/derby/10.14.2.0/derby-10.14.2.0.jar:/home/runner/.m2/repository/org/xerial/sqlite-jdbc/3.25.2/sqlite-jdbc-3.25.2.jar:/home/runner/.m2/repository/org/springframework/spring-jdbc/5.2.20.RELEASE/spring-jdbc-5.2.20.RELEASE.jar:/home/runner/.m2/repository/org/springframework/spring-beans/5.2.20.RELEASE/spring-beans-5.2.20.RELEASE.jar:/home/runner/.m2/repository/org/springframework/spring-core/5.2.20.RELEASE/spring-core-5.2.20.RELEASE.jar:/home/runner/.m2/repository/org/springframework/spring-jcl/5.2.20.RELEASE/spring-jcl-5.2.20.RELEASE.jar:/home/runner/.m2/repository/org/springframework/spring-tx/5.2.20.RELEASE/spring-tx-5.2.20.RELEASE.jar:/home/runner/.m2/repository/org/apache/ozone/ozone-client/1.3.0-SNAPSHOT/ozone-client-1.3.0-SNAPSHOT.jar:/home/runner/.m2/repository/org/apache/ozone/hdds-erasurecode/1.3.0-SNAPSHOT/hdds-erasurecode-1.3.0-SNAPSHOT.jar:/home/runner/.m2/repository/com/github/spotbugs/spotbugs-annotations/3.1.12/spotbugs-annotations-3.1.12.jar:/home/runner/.m2/repository/org/apache/ozone/ozone-filesystem/1.3.0-SNAPSHOT/ozone-filesystem-1.3.0-SNAPSHOT.jar:/home/runner/.m2/repository/org/apache/ozone/ozone-filesystem-common/1.3.0-SNAPSHOT/ozone-filesystem-common-1.3.0-SNAPSHOT.jar:/home/runner/.m2/repository/org/apache/ozone/ozone-tools/1.3.0-SNAPSHOT/ozone-tools-1.3.0-SNAPSHOT.jar:/home/runner/.m2/repository/org/apache/ratis/ratis-tools/2.2.0/ratis-tools-2.2.0.jar:/home/runner/.m2/repository/com/amazonaws/aws-java-sdk-core/1.12.124/aws-java-sdk-core-1.12.124.jar:/home/runner/.m2/repository/org/apache/httpcomponents/httpclient/4.5.13/httpclient-4.5.13.jar:/home/runner/.m2/repository/org/apache/httpcomponents/httpcore/4.4.13/httpcore-4.4.13.jar:/home/runner/.m2/repository/software/amazon/ion/ion-java/1.0.2/ion-java-1.0.2.jar:/home/runner/.m2/repository/com/fasterxml/jackson/dataformat/jackson-dataformat-cbor/2.13.2/jackson-dataformat-cbor-2.13.2.jar:/home/runner/.m2/repository/joda-time/joda-time/2.8.1/joda-time-2.8.1.jar:/home/runner/.m2/repository/com/amazonaws/aws-java-sdk-s3/1.12.124/aws-java-sdk-s3-1.12.124.jar:/home/runner/.m2/repository/com/amazonaws/aws-java-sdk-kms/1.12.124/aws-java-sdk-kms-1.12.124.jar:/home/runner/.m2/repository/com/amazonaws/jmespath-java/1.12.124/jmespath-java-1.12.124.jar:/home/runner/.m2/repository/org/kohsuke/metainf-services/metainf-services/1.8/metainf-services-1.8.jar:/home/runner/.m2/repository/org/apache/ozone/hdds-tools/1.3.0-SNAPSHOT/hdds-tools-1.3.0-SNAPSHOT.jar:/home/runner/.m2/repository/commons-cli/commons-cli/1.2/commons-cli-1.2.jar:/home/runner/.m2/repository/org/apache/commons/commons-lang3/3.7/commons-lang3-3.7.jar:/home/runner/.m2/repository/org/apache/ozone/ozone-manager/1.3.0-SNAPSHOT/ozone-manager-1.3.0-SNAPSHOT-tests.jar:/home/runner/.m2/repository/org/apache/ozone/hdds-common/1.3.0-SNAPSHOT/hdds-common-1.3.0-SNAPSHOT-tests.jar:/home/runner/.m2/repository/org/apache/ozone/hdds-hadoop-dependency-client/1.3.0-SNAPSHOT/hdds-hadoop-dependency-client-1.3.0-SNAPSHOT.jar:/home/runner/.m2/repository/info/picocli/picocli/4.6.1/picocli-4.6.1.jar:/home/runner/.m2/repository/com/fasterxml/jackson/core/jackson-annotations/2.13.2/jackson-annotations-2.13.2.jar:/home/runner/.m2/repository/com/fasterxml/jackson/datatype/jackson-datatype-jsr310/2.13.2/jackson-datatype-jsr310-2.13.2.jar:/home/runner/.m2/repository/javax/annotation/javax.annotation-api/1.2/javax.annotation-api-1.2.jar:/home/runner/.m2/repository/org/apache/ratis/ratis-server/2.2.0/ratis-server-2.2.0.jar:/home/runner/.m2/repository/org/apache/ratis/ratis-client/2.2.0/ratis-client-2.2.0.jar:/home/runner/.m2/repository/org/apache/ratis/ratis-server-api/2.2.0/ratis-server-api-2.2.0.jar:/home/runner/.m2/repository/org/apache/ratis/ratis-metrics/2.2.0/ratis-metrics-2.2.0.jar:/home/runner/.m2/repository/org/apache/ratis/ratis-netty/2.2.0/ratis-netty-2.2.0.jar:/home/runner/.m2/repository/org/apache/ratis/ratis-grpc/2.2.0/ratis-grpc-2.2.0.jar:/home/runner/.m2/repository/org/apache/logging/log4j/log4j-api/2.17.1/log4j-api-2.17.1.jar:/home/runner/.m2/repository/org/apache/commons/commons-pool2/2.6.0/commons-pool2-2.6.0.jar:/home/runner/.m2/repository/org/bouncycastle/bcpkix-jdk15on/1.67/bcpkix-jdk15on-1.67.jar:/home/runner/.m2/repository/commons-validator/commons-validator/1.6/commons-validator-1.6.jar:/home/runner/.m2/repository/commons-beanutils/commons-beanutils/1.9.4/commons-beanutils-1.9.4.jar:/home/runner/.m2/repository/commons-digester/commons-digester/1.8.1/commons-digester-1.8.1.jar:/home/runner/.m2/repository/commons-collections/commons-collections/3.2.2/commons-collections-3.2.2.jar:/home/runner/.m2/repository/io/jaegertracing/jaeger-client/1.6.0/jaeger-client-1.6.0.jar:/home/runner/.m2/repository/io/jaegertracing/jaeger-thrift/1.6.0/jaeger-thrift-1.6.0.jar:/home/runner/.m2/repository/org/apache/thrift/libthrift/0.14.1/libthrift-0.14.1.jar:/home/runner/.m2/repository/com/squareup/okhttp3/okhttp/4.9.0/okhttp-4.9.0.jar:/home/runner/.m2/repository/com/squareup/okio/okio/2.8.0/okio-2.8.0.jar:/home/runner/.m2/repository/io/jaegertracing/jaeger-core/1.6.0/jaeger-core-1.6.0.jar:/home/runner/.m2/repository/io/jaegertracing/jaeger-tracerresolver/1.6.0/jaeger-tracerresolver-1.6.0.jar:/home/runner/.m2/repository/io/opentracing/contrib/opentracing-tracerresolver/0.1.8/opentracing-tracerresolver-0.1.8.jar:/home/runner/.m2/repository/org/jetbrains/kotlin/kotlin-stdlib/1.4.31/kotlin-stdlib-1.4.31.jar:/home/runner/.m2/repository/org/jetbrains/kotlin/kotlin-stdlib-common/1.4.31/kotlin-stdlib-common-1.4.31.jar:/home/runner/.m2/repository/org/jetbrains/annotations/13.0/annotations-13.0.jar:/home/runner/.m2/repository/io/opentracing/opentracing-util/0.33.0/opentracing-util-0.33.0.jar:/home/runner/.m2/repository/io/opentracing/opentracing-api/0.33.0/opentracing-api-0.33.0.jar:/home/runner/.m2/repository/io/opentracing/opentracing-noop/0.33.0/opentracing-noop-0.33.0.jar:/home/runner/.m2/repository/org/yaml/snakeyaml/1.26/snakeyaml-1.26.jar:/home/runner/.m2/repository/org/apache/ozone/hdds-interface-admin/1.3.0-SNAPSHOT/hdds-interface-admin-1.3.0-SNAPSHOT.jar:/home/runner/.m2/repository/junit/junit/4.13.1/junit-4.13.1.jar:/home/runner/.m2/repository/org/hamcrest/hamcrest-core/1.3/hamcrest-core-1.3.jar:/home/runner/.m2/repository/org/junit/jupiter/junit-jupiter-api/5.7.0/junit-jupiter-api-5.7.0.jar:/home/runner/.m2/repository/org/apiguardian/apiguardian-api/1.1.0/apiguardian-api-1.1.0.jar:/home/runner/.m2/repository/org/opentest4j/opentest4j/1.2.0/opentest4j-1.2.0.jar:/home/runner/.m2/repository/org/junit/platform/junit-platform-commons/1.7.0/junit-platform-commons-1.7.0.jar:/home/runner/.m2/repository/org/junit/jupiter/junit-jupiter-params/5.7.0/junit-jupiter-params-5.7.0.jar:/home/runner/.m2/repository/org/junit/jupiter/junit-jupiter-migrationsupport/5.7.0/junit-jupiter-migrationsupport-5.7.0.jar:/home/runner/.m2/repository/org/junit/jupiter/junit-jupiter-engine/5.7.0/junit-jupiter-engine-5.7.0.jar:/home/runner/.m2/repository/org/junit/platform/junit-platform-engine/1.7.0/junit-platform-engine-1.7.0.jar:/home/runner/.m2/repository/org/junit/vintage/junit-vintage-engine/5.7.0/junit-vintage-engine-5.7.0.jar:/home/runner/.m2/repository/org/junit/platform/junit-platform-launcher/1.7.0/junit-platform-launcher-1.7.0.jar:/home/runner/.m2/repository/org/mockito/mockito-core/2.28.2/mockito-core-2.28.2.jar:/home/runner/.m2/repository/net/bytebuddy/byte-buddy/1.9.10/byte-buddy-1.9.10.jar:/home/runner/.m2/repository/net/bytebuddy/byte-buddy-agent/1.9.10/byte-buddy-agent-1.9.10.jar:/home/runner/.m2/repository/org/objenesis/objenesis/1.0/objenesis-1.0.jar:/home/runner/.m2/repository/org/apache/hadoop/hadoop-kms/3.3.1/hadoop-kms-3.3.1.jar:/home/runner/.m2/repository/org/apache/hadoop/hadoop-auth/3.3.1/hadoop-auth-3.3.1.jar:/home/runner/.m2/repository/com/nimbusds/nimbus-jose-jwt/7.9/nimbus-jose-jwt-7.9.jar:/home/runner/.m2/repository/com/github/stephenc/jcip/jcip-annotations/1.0-1/jcip-annotations-1.0-1.jar:/home/runner/.m2/repository/net/minidev/json-smart/2.4.7/json-smart-2.4.7.jar:/home/runner/.m2/repository/net/minidev/accessors-smart/2.4.7/accessors-smart-2.4.7.jar:/home/runner/.m2/repository/org/ow2/asm/asm/5.0.4/asm-5.0.4.jar:/home/runner/.m2/repository/org/apache/zookeeper/zookeeper/3.5.6/zookeeper-3.5.6.jar:/home/runner/.m2/repository/org/apache/zookeeper/zookeeper-jute/3.5.6/zookeeper-jute-3.5.6.jar:/home/runner/.m2/repository/org/apache/yetus/audience-annotations/0.5.0/audience-annotations-0.5.0.jar:/home/runner/.m2/repository/org/apache/curator/curator-framework/4.2.0/curator-framework-4.2.0.jar:/home/runner/.m2/repository/org/apache/hadoop/thirdparty/hadoop-shaded-guava/1.1.1/hadoop-shaded-guava-1.1.1.jar:/home/runner/.m2/repository/com/sun/jersey/jersey-core/1.19/jersey-core-1.19.jar:/home/runner/.m2/repository/javax/ws/rs/jsr311-api/1.1.1/jsr311-api-1.1.1.jar:/home/runner/.m2/repository/com/sun/jersey/jersey-server/1.19/jersey-server-1.19.jar:/home/runner/.m2/repository/javax/servlet/javax.servlet-api/3.1.0/javax.servlet-api-3.1.0.jar:/home/runner/.m2/repository/org/eclipse/jetty/jetty-server/9.4.43.v20210629/jetty-server-9.4.43.v20210629.jar:/home/runner/.m2/repository/org/eclipse/jetty/jetty-http/9.4.43.v20210629/jetty-http-9.4.43.v20210629.jar:/home/runner/.m2/repository/org/eclipse/jetty/jetty-io/9.4.43.v20210629/jetty-io-9.4.43.v20210629.jar:/home/runner/.m2/repository/org/eclipse/jetty/jetty-webapp/9.4.43.v20210629/jetty-webapp-9.4.43.v20210629.jar:/home/runner/.m2/repository/org/eclipse/jetty/jetty-xml/9.4.43.v20210629/jetty-xml-9.4.43.v20210629.jar:/home/runner/.m2/repository/org/apache/hadoop/hadoop-common/3.3.1/hadoop-common-3.3.1.jar:/home/runner/.m2/repository/org/apache/commons/commons-math3/3.1.1/commons-math3-3.1.1.jar:/home/runner/.m2/repository/commons-net/commons-net/3.6/commons-net-3.6.jar:/home/runner/.m2/repository/com/sun/jersey/jersey-servlet/1.19/jersey-servlet-1.19.jar:/home/runner/.m2/repository/com/sun/jersey/jersey-json/1.19/jersey-json-1.19.jar:/home/runner/.m2/repository/org/codehaus/jettison/jettison/1.1/jettison-1.1.jar:/home/runner/.m2/repository/com/sun/xml/bind/jaxb-impl/2.2.3-1/jaxb-impl-2.2.3-1.jar:/home/runner/.m2/repository/org/codehaus/jackson/jackson-jaxrs/1.9.2/jackson-jaxrs-1.9.2.jar:/home/runner/.m2/repository/org/codehaus/jackson/jackson-xc/1.9.2/jackson-xc-1.9.2.jar:/home/runner/.m2/repository/org/apache/commons/commons-configuration2/2.1.1/commons-configuration2-2.1.1.jar:/home/runner/.m2/repository/org/apache/commons/commons-text/1.4/commons-text-1.4.jar:/home/runner/.m2/repository/com/google/re2j/re2j/1.1/re2j-1.1.jar:/home/runner/.m2/repository/com/jcraft/jsch/0.1.54/jsch-0.1.54.jar:/home/runner/.m2/repository/org/apache/curator/curator-client/4.2.0/curator-client-4.2.0.jar:/home/runner/.m2/repository/org/apache/curator/curator-recipes/4.2.0/curator-recipes-4.2.0.jar:/home/runner/.m2/repository/org/apache/kerby/kerb-core/1.0.1/kerb-core-1.0.1.jar:/home/runner/.m2/repository/org/apache/kerby/kerby-pkix/1.0.1/kerby-pkix-1.0.1.jar:/home/runner/.m2/repository/org/apache/kerby/kerby-asn1/1.0.1/kerby-asn1-1.0.1.jar:/home/runner/.m2/repository/org/apache/kerby/kerby-util/1.0.1/kerby-util-1.0.1.jar:/home/runner/.m2/repository/dnsjava/dnsjava/2.1.7/dnsjava-2.1.7.jar:/home/runner/.m2/repository/org/xerial/snappy/snappy-java/1.1.8.2/snappy-java-1.1.8.2.jar:/home/runner/.m2/repository/org/slf4j/jul-to-slf4j/1.7.30/jul-to-slf4j-1.7.30.jar:/home/runner/.m2/repository/org/eclipse/jetty/jetty-util/9.4.43.v20210629/jetty-util-9.4.43.v20210629.jar:/home/runner/.m2/repository/com/fasterxml/jackson/core/jackson-databind/2.13.2.2/jackson-databind-2.13.2.2.jar:/home/runner/.m2/repository/org/apache/hadoop/hadoop-kms/3.3.1/hadoop-kms-3.3.1-tests.jar:/home/runner/.m2/repository/org/apache/ozone/hdds-server-scm/1.3.0-SNAPSHOT/hdds-server-scm-1.3.0-SNAPSHOT-tests.jar:/home/runner/.m2/repository/org/apache/ozone/hdds-container-service/1.3.0-SNAPSHOT/hdds-container-service-1.3.0-SNAPSHOT-tests.jar:/home/runner/.m2/repository/commons-codec/commons-codec/1.11/commons-codec-1.11.jar:/home/runner/.m2/repository/io/netty/netty-codec/4.1.63.Final/netty-codec-4.1.63.Final.jar:/home/runner/.m2/repository/io/netty/netty-handler/4.1.63.Final/netty-handler-4.1.63.Final.jar:/home/runner/.m2/repository/org/apache/ozone/hdds-hadoop-dependency-test/1.3.0-SNAPSHOT/hdds-hadoop-dependency-test-1.3.0-SNAPSHOT.jar:/home/runner/.m2/repository/org/apache/hadoop/hadoop-common/3.3.1/hadoop-common-3.3.1-tests.jar:/home/runner/.m2/repository/org/assertj/assertj-core/3.12.2/assertj-core-3.12.2.jar:/home/runner/.m2/repository/org/apache/hadoop/hadoop-hdfs/3.3.1/hadoop-hdfs-3.3.1-tests.jar:/home/runner/.m2/repository/org/eclipse/jetty/jetty-util-ajax/9.4.43.v20210629/jetty-util-ajax-9.4.43.v20210629.jar:/home/runner/.m2/repository/commons-daemon/commons-daemon/1.0.13/commons-daemon-1.0.13.jar:/home/runner/.m2/repository/io/netty/netty/3.10.6.Final/netty-3.10.6.Final.jar:/home/runner/.m2/repository/io/netty/netty-all/4.1.63.Final/netty-all-4.1.63.Final.jar:/home/runner/.m2/repository/org/apache/htrace/htrace-core4/4.1.0-incubating/htrace-core4-4.1.0-incubating.jar:/home/runner/.m2/repository/org/fusesource/leveldbjni/leveldbjni-all/1.8/leveldbjni-all-1.8.jar:/home/runner/.m2/repository/org/apache/hadoop/hadoop-distcp/3.3.1/hadoop-distcp-3.3.1.jar:/home/runner/.m2/repository/org/apache/hadoop/hadoop-mapreduce-client-jobclient/3.3.1/hadoop-mapreduce-client-jobclient-3.3.1.jar:/home/runner/.m2/repository/org/apache/hadoop/hadoop-mapreduce-client-common/3.3.1/hadoop-mapreduce-client-common-3.3.1.jar:/home/runner/.m2/repository/org/apache/hadoop/hadoop-yarn-common/3.3.1/hadoop-yarn-common-3.3.1.jar:/home/runner/.m2/repository/org/apache/hadoop/hadoop-yarn-api/3.3.1/hadoop-yarn-api-3.3.1.jar:/home/runner/.m2/repository/com/sun/jersey/jersey-client/1.19/jersey-client-1.19.jar:/home/runner/.m2/repository/com/sun/jersey/contribs/jersey-guice/1.19/jersey-guice-1.19.jar:/home/runner/.m2/repository/com/fasterxml/jackson/jaxrs/jackson-jaxrs-json-provider/2.13.2/jackson-jaxrs-json-provider-2.13.2.jar:/home/runner/.m2/repository/com/fasterxml/jackson/jaxrs/jackson-jaxrs-base/2.13.2/jackson-jaxrs-base-2.13.2.jar:/home/runner/.m2/repository/org/apache/hadoop/hadoop-yarn-client/3.3.1/hadoop-yarn-client-3.3.1.jar:/home/runner/.m2/repository/org/eclipse/jetty/websocket/websocket-client/9.4.40.v20210413/websocket-client-9.4.40.v20210413.jar:/home/runner/.m2/repository/org/eclipse/jetty/jetty-client/9.4.40.v20210413/jetty-client-9.4.40.v20210413.jar:/home/runner/.m2/repository/org/eclipse/jetty/websocket/websocket-common/9.4.40.v20210413/websocket-common-9.4.40.v20210413.jar:/home/runner/.m2/repository/org/eclipse/jetty/websocket/websocket-api/9.4.40.v20210413/websocket-api-9.4.40.v20210413.jar:/home/runner/.m2/repository/org/jline/jline/3.9.0/jline-3.9.0.jar:/home/runner/.m2/repository/org/apache/hadoop/hadoop-mapreduce-client-core/3.3.1/hadoop-mapreduce-client-core-3.3.1.jar:/home/runner/.m2/repository/org/apache/avro/avro/1.7.7/avro-1.7.7.jar:/home/runner/.m2/repository/org/codehaus/jackson/jackson-core-asl/1.9.13/jackson-core-asl-1.9.13.jar:/home/runner/.m2/repository/org/codehaus/jackson/jackson-mapper-asl/1.9.13/jackson-mapper-asl-1.9.13.jar:/home/runner/.m2/repository/com/thoughtworks/paranamer/paranamer/2.3/paranamer-2.3.jar:/home/runner/.m2/repository/org/apache/hadoop/hadoop-annotations/3.3.1/hadoop-annotations-3.3.1.jar:/usr/lib/jvm/temurin-8-jdk-amd64/jre/../lib/tools.jar:/home/runner/.m2/repository/org/apache/hadoop/hadoop-distcp/3.3.1/hadoop-distcp-3.3.1-tests.jar:/home/runner/.m2/repository/org/apache/ratis/ratis-common/2.2.0/ratis-common-2.2.0.jar:/home/runner/.m2/repository/org/apache/ratis/ratis-thirdparty-misc/0.7.0/ratis-thirdparty-misc-0.7.0.jar:/home/runner/.m2/repository/org/apache/ratis/ratis-proto/2.2.0/ratis-proto-2.2.0.jar:/home/runner/.m2/repository/org/apache/ozone/ozone-annotation-processing/1.3.0-SNAPSHOT/ozone-annotation-processing-1.3.0-SNAPSHOT.jar:"/>
    <property name="java.vm.vendor" value="Temurin"/>
    <property name="sun.arch.data.model" value="64"/>
    <property name="test.build.dir" value="/home/runner/work/ozone/ozone/hadoop-ozone/integration-test/target/test-dir"/>
    <property name="test.cache.data" value=""/>
    <property name="java.vendor.url" value="https://adoptium.net/"/>
    <property name="user.timezone" value="Etc/UTC"/>
    <property name="java.vm.specification.version" value="1.8"/>
    <property name="os.name" value="Linux"/>
    <property name="test.build.data" value="/home/runner/work/ozone/ozone/hadoop-ozone/integration-test/target/test-dir"/>
    <property name="sun.java.launcher" value="SUN_STANDARD"/>
    <property name="sun.boot.library.path" value="/usr/lib/jvm/temurin-8-jdk-amd64/jre/lib/amd64"/>
    <property name="sun.java.command" value="/home/runner/work/ozone/ozone/hadoop-ozone/integration-test/target/surefire/surefirebooter3547802558822836719.jar /home/runner/work/ozone/ozone/hadoop-ozone/integration-test/target/surefire 2022-05-04T02-05-32_092-jvmRun1 surefire4208046640073582833tmp surefire_475959132548764521326tmp"/>
    <property name="surefire.test.class.path" value="/home/runner/work/ozone/ozone/hadoop-ozone/integration-test/target/test-classes:/home/runner/work/ozone/ozone/hadoop-ozone/integration-test/target/classes:/home/runner/.m2/repository/org/apache/ozone/ozone-common/1.3.0-SNAPSHOT/ozone-common-1.3.0-SNAPSHOT.jar:/home/runner/.m2/repository/io/grpc/grpc-netty/1.38.0/grpc-netty-1.38.0.jar:/home/runner/.m2/repository/io/grpc/grpc-core/1.38.0/grpc-core-1.38.0.jar:/home/runner/.m2/repository/com/google/android/annotations/4.1.1.4/annotations-4.1.1.4.jar:/home/runner/.m2/repository/com/google/errorprone/error_prone_annotations/2.2.0/error_prone_annotations-2.2.0.jar:/home/runner/.m2/repository/io/perfmark/perfmark-api/0.23.0/perfmark-api-0.23.0.jar:/home/runner/.m2/repository/org/codehaus/mojo/animal-sniffer-annotations/1.19/animal-sniffer-annotations-1.19.jar:/home/runner/.m2/repository/com/google/code/findbugs/jsr305/3.0.0/jsr305-3.0.0.jar:/home/runner/.m2/repository/io/netty/netty-codec-http2/4.1.63.Final/netty-codec-http2-4.1.63.Final.jar:/home/runner/.m2/repository/io/netty/netty-common/4.1.63.Final/netty-common-4.1.63.Final.jar:/home/runner/.m2/repository/io/netty/netty-buffer/4.1.63.Final/netty-buffer-4.1.63.Final.jar:/home/runner/.m2/repository/io/netty/netty-codec-http/4.1.63.Final/netty-codec-http-4.1.63.Final.jar:/home/runner/.m2/repository/io/netty/netty-handler-proxy/4.1.63.Final/netty-handler-proxy-4.1.63.Final.jar:/home/runner/.m2/repository/io/netty/netty-codec-socks/4.1.63.Final/netty-codec-socks-4.1.63.Final.jar:/home/runner/.m2/repository/io/netty/netty-tcnative-boringssl-static/2.0.38.Final/netty-tcnative-boringssl-static-2.0.38.Final.jar:/home/runner/.m2/repository/io/netty/netty-tcnative/2.0.38.Final/netty-tcnative-2.0.38.Final.jar:/home/runner/.m2/repository/org/apache/commons/commons-compress/1.21/commons-compress-1.21.jar:/home/runner/.m2/repository/org/apache/ozone/hdds-common/1.3.0-SNAPSHOT/hdds-common-1.3.0-SNAPSHOT.jar:/home/runner/.m2/repository/org/apache/ozone/hdds-client/1.3.0-SNAPSHOT/hdds-client-1.3.0-SNAPSHOT.jar:/home/runner/.m2/repository/org/apache/ozone/ozone-interface-client/1.3.0-SNAPSHOT/ozone-interface-client-1.3.0-SNAPSHOT.jar:/home/runner/.m2/repository/org/apache/ozone/hdds-test-utils/1.3.0-SNAPSHOT/hdds-test-utils-1.3.0-SNAPSHOT.jar:/home/runner/.m2/repository/com/google/guava/guava/30.1.1-jre/guava-30.1.1-jre.jar:/home/runner/.m2/repository/com/google/guava/failureaccess/1.0.1/failureaccess-1.0.1.jar:/home/runner/.m2/repository/com/google/guava/listenablefuture/9999.0-empty-to-avoid-conflict-with-guava/listenablefuture-9999.0-empty-to-avoid-conflict-with-guava.jar:/home/runner/.m2/repository/org/checkerframework/checker-qual/3.8.0/checker-qual-3.8.0.jar:/home/runner/.m2/repository/com/google/j2objc/j2objc-annotations/1.3/j2objc-annotations-1.3.jar:/home/runner/.m2/repository/commons-io/commons-io/2.11.0/commons-io-2.11.0.jar:/home/runner/.m2/repository/commons-logging/commons-logging/1.2/commons-logging-1.2.jar:/home/runner/.m2/repository/log4j/log4j/1.2.17/log4j-1.2.17.jar:/home/runner/.m2/repository/org/slf4j/slf4j-api/1.7.30/slf4j-api-1.7.30.jar:/home/runner/.m2/repository/org/apache/ozone/hdds-server-scm/1.3.0-SNAPSHOT/hdds-server-scm-1.3.0-SNAPSHOT.jar:/home/runner/.m2/repository/org/apache/ozone/hdds-container-service/1.3.0-SNAPSHOT/hdds-container-service-1.3.0-SNAPSHOT.jar:/home/runner/.m2/repository/org/apache/ozone/hdds-hadoop-dependency-server/1.3.0-SNAPSHOT/hdds-hadoop-dependency-server-1.3.0-SNAPSHOT.jar:/home/runner/.m2/repository/org/apache/hadoop/hadoop-hdfs/3.3.1/hadoop-hdfs-3.3.1.jar:/home/runner/.m2/repository/org/apache/ozone/hdds-server-framework/1.3.0-SNAPSHOT/hdds-server-framework-1.3.0-SNAPSHOT.jar:/home/runner/.m2/repository/org/apache/ozone/hdds-interface-server/1.3.0-SNAPSHOT/hdds-interface-server-1.3.0-SNAPSHOT.jar:/home/runner/.m2/repository/org/apache/logging/log4j/log4j-core/2.17.1/log4j-core-2.17.1.jar:/home/runner/.m2/repository/com/lmax/disruptor/3.4.2/disruptor-3.4.2.jar:/home/runner/.m2/repository/org/eclipse/jetty/jetty-servlet/9.4.43.v20210629/jetty-servlet-9.4.43.v20210629.jar:/home/runner/.m2/repository/org/eclipse/jetty/jetty-security/9.4.43.v20210629/jetty-security-9.4.43.v20210629.jar:/home/runner/.m2/repository/org/rocksdb/rocksdbjni/7.0.4/rocksdbjni-7.0.4.jar:/home/runner/.m2/repository/io/prometheus/simpleclient_dropwizard/0.7.0/simpleclient_dropwizard-0.7.0.jar:/home/runner/.m2/repository/io/prometheus/simpleclient/0.7.0/simpleclient-0.7.0.jar:/home/runner/.m2/repository/io/prometheus/simpleclient_common/0.7.0/simpleclient_common-0.7.0.jar:/home/runner/.m2/repository/io/dropwizard/metrics/metrics-core/3.2.4/metrics-core-3.2.4.jar:/home/runner/.m2/repository/org/apache/hadoop/hadoop-hdfs-client/3.3.1/hadoop-hdfs-client-3.3.1.jar:/home/runner/.m2/repository/org/bouncycastle/bcprov-jdk15on/1.67/bcprov-jdk15on-1.67.jar:/home/runner/.m2/repository/com/google/protobuf/protobuf-java/2.5.0/protobuf-java-2.5.0.jar:/home/runner/.m2/repository/org/apache/ozone/ozone-manager/1.3.0-SNAPSHOT/ozone-manager-1.3.0-SNAPSHOT.jar:/home/runner/.m2/repository/org/aspectj/aspectjrt/1.9.7/aspectjrt-1.9.7.jar:/home/runner/.m2/repository/org/aspectj/aspectjweaver/1.9.7/aspectjweaver-1.9.7.jar:/home/runner/.m2/repository/org/apache/ozone/hdds-interface-client/1.3.0-SNAPSHOT/hdds-interface-client-1.3.0-SNAPSHOT.jar:/home/runner/.m2/repository/org/apache/hadoop/thirdparty/hadoop-shaded-protobuf_3_7/1.1.1/hadoop-shaded-protobuf_3_7-1.1.1.jar:/home/runner/.m2/repository/org/apache/ozone/ozone-interface-storage/1.3.0-SNAPSHOT/ozone-interface-storage-1.3.0-SNAPSHOT.jar:/home/runner/.m2/repository/org/reflections/reflections/0.9.11/reflections-0.9.11.jar:/home/runner/.m2/repository/org/apache/hadoop/hadoop-minikdc/3.3.1/hadoop-minikdc-3.3.1.jar:/home/runner/.m2/repository/org/apache/kerby/kerb-simplekdc/1.0.1/kerb-simplekdc-1.0.1.jar:/home/runner/.m2/repository/org/apache/kerby/kerb-client/1.0.1/kerb-client-1.0.1.jar:/home/runner/.m2/repository/org/apache/kerby/kerby-config/1.0.1/kerby-config-1.0.1.jar:/home/runner/.m2/repository/org/apache/kerby/kerb-common/1.0.1/kerb-common-1.0.1.jar:/home/runner/.m2/repository/org/apache/kerby/kerb-crypto/1.0.1/kerb-crypto-1.0.1.jar:/home/runner/.m2/repository/org/apache/kerby/kerb-util/1.0.1/kerb-util-1.0.1.jar:/home/runner/.m2/repository/org/apache/kerby/token-provider/1.0.1/token-provider-1.0.1.jar:/home/runner/.m2/repository/org/apache/kerby/kerb-admin/1.0.1/kerb-admin-1.0.1.jar:/home/runner/.m2/repository/org/apache/kerby/kerb-server/1.0.1/kerb-server-1.0.1.jar:/home/runner/.m2/repository/org/apache/kerby/kerb-identity/1.0.1/kerb-identity-1.0.1.jar:/home/runner/.m2/repository/org/apache/kerby/kerby-xdr/1.0.1/kerby-xdr-1.0.1.jar:/home/runner/.m2/repository/org/slf4j/slf4j-log4j12/1.7.30/slf4j-log4j12-1.7.30.jar:/home/runner/.m2/repository/org/apache/ozone/ozone-s3gateway/1.3.0-SNAPSHOT/ozone-s3gateway-1.3.0-SNAPSHOT.jar:/home/runner/.m2/repository/org/javassist/javassist/3.21.0-GA/javassist-3.21.0-GA.jar:/home/runner/.m2/repository/org/jboss/weld/servlet/weld-servlet/2.4.7.Final/weld-servlet-2.4.7.Final.jar:/home/runner/.m2/repository/org/glassfish/jersey/containers/jersey-container-servlet-core/2.33/jersey-container-servlet-core-2.33.jar:/home/runner/.m2/repository/org/glassfish/hk2/external/jakarta.inject/2.6.1/jakarta.inject-2.6.1.jar:/home/runner/.m2/repository/org/glassfish/jersey/core/jersey-common/2.33/jersey-common-2.33.jar:/home/runner/.m2/repository/jakarta/ws/rs/jakarta.ws.rs-api/2.1.6/jakarta.ws.rs-api-2.1.6.jar:/home/runner/.m2/repository/org/glassfish/jersey/ext/cdi/jersey-cdi1x/2.33/jersey-cdi1x-2.33.jar:/home/runner/.m2/repository/org/glassfish/jersey/inject/jersey-hk2/2.33/jersey-hk2-2.33.jar:/home/runner/.m2/repository/org/glassfish/hk2/hk2-locator/2.6.1/hk2-locator-2.6.1.jar:/home/runner/.m2/repository/org/glassfish/jersey/media/jersey-media-jaxb/2.33/jersey-media-jaxb-2.33.jar:/home/runner/.m2/repository/org/glassfish/hk2/osgi-resource-locator/1.0.3/osgi-resource-locator-1.0.3.jar:/home/runner/.m2/repository/org/glassfish/hk2/hk2-api/2.5.0/hk2-api-2.5.0.jar:/home/runner/.m2/repository/org/glassfish/hk2/hk2-utils/2.5.0/hk2-utils-2.5.0.jar:/home/runner/.m2/repository/org/glassfish/hk2/external/aopalliance-repackaged/2.5.0/aopalliance-repackaged-2.5.0.jar:/home/runner/.m2/repository/com/fasterxml/jackson/dataformat/jackson-dataformat-xml/2.13.2/jackson-dataformat-xml-2.13.2.jar:/home/runner/.m2/repository/com/fasterxml/jackson/core/jackson-core/2.13.2/jackson-core-2.13.2.jar:/home/runner/.m2/repository/org/codehaus/woodstox/stax2-api/3.1.4/stax2-api-3.1.4.jar:/home/runner/.m2/repository/com/fasterxml/woodstox/woodstox-core/5.0.3/woodstox-core-5.0.3.jar:/home/runner/.m2/repository/com/fasterxml/jackson/module/jackson-module-jaxb-annotations/2.13.2/jackson-module-jaxb-annotations-2.13.2.jar:/home/runner/.m2/repository/jakarta/xml/bind/jakarta.xml.bind-api/2.3.3/jakarta.xml.bind-api-2.3.3.jar:/home/runner/.m2/repository/jakarta/activation/jakarta.activation-api/1.2.1/jakarta.activation-api-1.2.1.jar:/home/runner/.m2/repository/javax/enterprise/cdi-api/1.2/cdi-api-1.2.jar:/home/runner/.m2/repository/javax/el/javax.el-api/3.0.0/javax.el-api-3.0.0.jar:/home/runner/.m2/repository/javax/interceptor/javax.interceptor-api/1.2/javax.interceptor-api-1.2.jar:/home/runner/.m2/repository/javax/inject/javax.inject/1/javax.inject-1.jar:/home/runner/.m2/repository/javax/xml/bind/jaxb-api/2.3.0/jaxb-api-2.3.0.jar:/home/runner/.m2/repository/org/glassfish/jaxb/jaxb-runtime/2.3.0.1/jaxb-runtime-2.3.0.1.jar:/home/runner/.m2/repository/org/glassfish/jaxb/jaxb-core/2.3.0.1/jaxb-core-2.3.0.1.jar:/home/runner/.m2/repository/org/glassfish/jaxb/txw2/2.3.0.1/txw2-2.3.0.1.jar:/home/runner/.m2/repository/com/sun/istack/istack-commons-runtime/3.0.5/istack-commons-runtime-3.0.5.jar:/home/runner/.m2/repository/org/jvnet/staxex/stax-ex/1.7.8/stax-ex-1.7.8.jar:/home/runner/.m2/repository/com/sun/xml/fastinfoset/FastInfoset/1.2.13/FastInfoset-1.2.13.jar:/home/runner/.m2/repository/javax/activation/activation/1.1.1/activation-1.1.1.jar:/home/runner/.m2/repository/io/grpc/grpc-protobuf/1.38.0/grpc-protobuf-1.38.0.jar:/home/runner/.m2/repository/io/grpc/grpc-api/1.38.0/grpc-api-1.38.0.jar:/home/runner/.m2/repository/io/grpc/grpc-context/1.38.0/grpc-context-1.38.0.jar:/home/runner/.m2/repository/com/google/api/grpc/proto-google-common-protos/2.0.1/proto-google-common-protos-2.0.1.jar:/home/runner/.m2/repository/io/grpc/grpc-protobuf-lite/1.38.0/grpc-protobuf-lite-1.38.0.jar:/home/runner/.m2/repository/io/grpc/grpc-stub/1.38.0/grpc-stub-1.38.0.jar:/home/runner/.m2/repository/io/netty/netty-transport/4.1.63.Final/netty-transport-4.1.63.Final.jar:/home/runner/.m2/repository/io/netty/netty-resolver/4.1.63.Final/netty-resolver-4.1.63.Final.jar:/home/runner/.m2/repository/org/apache/ozone/ozone-csi/1.3.0-SNAPSHOT/ozone-csi-1.3.0-SNAPSHOT.jar:/home/runner/.m2/repository/com/google/protobuf/protobuf-java-util/3.12.0/protobuf-java-util-3.12.0.jar:/home/runner/.m2/repository/com/google/code/gson/gson/2.2.4/gson-2.2.4.jar:/home/runner/.m2/repository/org/apache/ozone/hdds-config/1.3.0-SNAPSHOT/hdds-config-1.3.0-SNAPSHOT.jar:/home/runner/.m2/repository/io/netty/netty-transport-native-epoll/4.1.63.Final/netty-transport-native-epoll-4.1.63.Final.jar:/home/runner/.m2/repository/io/netty/netty-transport-native-unix-common/4.1.63.Final/netty-transport-native-unix-common-4.1.63.Final.jar:/home/runner/.m2/repository/org/apache/ozone/ozone-recon/1.3.0-SNAPSHOT/ozone-recon-1.3.0-SNAPSHOT.jar:/home/runner/.m2/repository/org/apache/ozone/ozone-reconcodegen/1.3.0-SNAPSHOT/ozone-reconcodegen-1.3.0-SNAPSHOT.jar:/home/runner/.m2/repository/com/google/inject/extensions/guice-multibindings/4.0/guice-multibindings-4.0.jar:/home/runner/.m2/repository/com/google/inject/guice/4.0/guice-4.0.jar:/home/runner/.m2/repository/aopalliance/aopalliance/1.0/aopalliance-1.0.jar:/home/runner/.m2/repository/com/google/inject/extensions/guice-assistedinject/4.0/guice-assistedinject-4.0.jar:/home/runner/.m2/repository/com/google/inject/extensions/guice-servlet/4.0/guice-servlet-4.0.jar:/home/runner/.m2/repository/org/glassfish/jersey/containers/jersey-container-servlet/2.33/jersey-container-servlet-2.33.jar:/home/runner/.m2/repository/org/glassfish/hk2/guice-bridge/2.5.0/guice-bridge-2.5.0.jar:/home/runner/.m2/repository/org/glassfish/jersey/core/jersey-server/2.33/jersey-server-2.33.jar:/home/runner/.m2/repository/org/glassfish/jersey/core/jersey-client/2.33/jersey-client-2.33.jar:/home/runner/.m2/repository/jakarta/annotation/jakarta.annotation-api/1.3.5/jakarta.annotation-api-1.3.5.jar:/home/runner/.m2/repository/jakarta/validation/jakarta.validation-api/2.0.2/jakarta.validation-api-2.0.2.jar:/home/runner/.m2/repository/org/glassfish/jersey/media/jersey-media-json-jackson/2.33/jersey-media-json-jackson-2.33.jar:/home/runner/.m2/repository/org/glassfish/jersey/ext/jersey-entity-filtering/2.33/jersey-entity-filtering-2.33.jar:/home/runner/.m2/repository/org/jooq/jooq/3.11.10/jooq-3.11.10.jar:/home/runner/.m2/repository/org/jooq/jooq-meta/3.11.10/jooq-meta-3.11.10.jar:/home/runner/.m2/repository/org/jooq/jooq-codegen/3.11.10/jooq-codegen-3.11.10.jar:/home/runner/.m2/repository/com/jolbox/bonecp/0.8.0.RELEASE/bonecp-0.8.0.RELEASE.jar:/home/runner/.m2/repository/org/apache/derby/derby/10.14.2.0/derby-10.14.2.0.jar:/home/runner/.m2/repository/org/xerial/sqlite-jdbc/3.25.2/sqlite-jdbc-3.25.2.jar:/home/runner/.m2/repository/org/springframework/spring-jdbc/5.2.20.RELEASE/spring-jdbc-5.2.20.RELEASE.jar:/home/runner/.m2/repository/org/springframework/spring-beans/5.2.20.RELEASE/spring-beans-5.2.20.RELEASE.jar:/home/runner/.m2/repository/org/springframework/spring-core/5.2.20.RELEASE/spring-core-5.2.20.RELEASE.jar:/home/runner/.m2/repository/org/springframework/spring-jcl/5.2.20.RELEASE/spring-jcl-5.2.20.RELEASE.jar:/home/runner/.m2/repository/org/springframework/spring-tx/5.2.20.RELEASE/spring-tx-5.2.20.RELEASE.jar:/home/runner/.m2/repository/org/apache/ozone/ozone-client/1.3.0-SNAPSHOT/ozone-client-1.3.0-SNAPSHOT.jar:/home/runner/.m2/repository/org/apache/ozone/hdds-erasurecode/1.3.0-SNAPSHOT/hdds-erasurecode-1.3.0-SNAPSHOT.jar:/home/runner/.m2/repository/com/github/spotbugs/spotbugs-annotations/3.1.12/spotbugs-annotations-3.1.12.jar:/home/runner/.m2/repository/org/apache/ozone/ozone-filesystem/1.3.0-SNAPSHOT/ozone-filesystem-1.3.0-SNAPSHOT.jar:/home/runner/.m2/repository/org/apache/ozone/ozone-filesystem-common/1.3.0-SNAPSHOT/ozone-filesystem-common-1.3.0-SNAPSHOT.jar:/home/runner/.m2/repository/org/apache/ozone/ozone-tools/1.3.0-SNAPSHOT/ozone-tools-1.3.0-SNAPSHOT.jar:/home/runner/.m2/repository/org/apache/ratis/ratis-tools/2.2.0/ratis-tools-2.2.0.jar:/home/runner/.m2/repository/com/amazonaws/aws-java-sdk-core/1.12.124/aws-java-sdk-core-1.12.124.jar:/home/runner/.m2/repository/org/apache/httpcomponents/httpclient/4.5.13/httpclient-4.5.13.jar:/home/runner/.m2/repository/org/apache/httpcomponents/httpcore/4.4.13/httpcore-4.4.13.jar:/home/runner/.m2/repository/software/amazon/ion/ion-java/1.0.2/ion-java-1.0.2.jar:/home/runner/.m2/repository/com/fasterxml/jackson/dataformat/jackson-dataformat-cbor/2.13.2/jackson-dataformat-cbor-2.13.2.jar:/home/runner/.m2/repository/joda-time/joda-time/2.8.1/joda-time-2.8.1.jar:/home/runner/.m2/repository/com/amazonaws/aws-java-sdk-s3/1.12.124/aws-java-sdk-s3-1.12.124.jar:/home/runner/.m2/repository/com/amazonaws/aws-java-sdk-kms/1.12.124/aws-java-sdk-kms-1.12.124.jar:/home/runner/.m2/repository/com/amazonaws/jmespath-java/1.12.124/jmespath-java-1.12.124.jar:/home/runner/.m2/repository/org/kohsuke/metainf-services/metainf-services/1.8/metainf-services-1.8.jar:/home/runner/.m2/repository/org/apache/ozone/hdds-tools/1.3.0-SNAPSHOT/hdds-tools-1.3.0-SNAPSHOT.jar:/home/runner/.m2/repository/commons-cli/commons-cli/1.2/commons-cli-1.2.jar:/home/runner/.m2/repository/org/apache/commons/commons-lang3/3.7/commons-lang3-3.7.jar:/home/runner/.m2/repository/org/apache/ozone/ozone-manager/1.3.0-SNAPSHOT/ozone-manager-1.3.0-SNAPSHOT-tests.jar:/home/runner/.m2/repository/org/apache/ozone/hdds-common/1.3.0-SNAPSHOT/hdds-common-1.3.0-SNAPSHOT-tests.jar:/home/runner/.m2/repository/org/apache/ozone/hdds-hadoop-dependency-client/1.3.0-SNAPSHOT/hdds-hadoop-dependency-client-1.3.0-SNAPSHOT.jar:/home/runner/.m2/repository/info/picocli/picocli/4.6.1/picocli-4.6.1.jar:/home/runner/.m2/repository/com/fasterxml/jackson/core/jackson-annotations/2.13.2/jackson-annotations-2.13.2.jar:/home/runner/.m2/repository/com/fasterxml/jackson/datatype/jackson-datatype-jsr310/2.13.2/jackson-datatype-jsr310-2.13.2.jar:/home/runner/.m2/repository/javax/annotation/javax.annotation-api/1.2/javax.annotation-api-1.2.jar:/home/runner/.m2/repository/org/apache/ratis/ratis-server/2.2.0/ratis-server-2.2.0.jar:/home/runner/.m2/repository/org/apache/ratis/ratis-client/2.2.0/ratis-client-2.2.0.jar:/home/runner/.m2/repository/org/apache/ratis/ratis-server-api/2.2.0/ratis-server-api-2.2.0.jar:/home/runner/.m2/repository/org/apache/ratis/ratis-metrics/2.2.0/ratis-metrics-2.2.0.jar:/home/runner/.m2/repository/org/apache/ratis/ratis-netty/2.2.0/ratis-netty-2.2.0.jar:/home/runner/.m2/repository/org/apache/ratis/ratis-grpc/2.2.0/ratis-grpc-2.2.0.jar:/home/runner/.m2/repository/org/apache/logging/log4j/log4j-api/2.17.1/log4j-api-2.17.1.jar:/home/runner/.m2/repository/org/apache/commons/commons-pool2/2.6.0/commons-pool2-2.6.0.jar:/home/runner/.m2/repository/org/bouncycastle/bcpkix-jdk15on/1.67/bcpkix-jdk15on-1.67.jar:/home/runner/.m2/repository/commons-validator/commons-validator/1.6/commons-validator-1.6.jar:/home/runner/.m2/repository/commons-beanutils/commons-beanutils/1.9.4/commons-beanutils-1.9.4.jar:/home/runner/.m2/repository/commons-digester/commons-digester/1.8.1/commons-digester-1.8.1.jar:/home/runner/.m2/repository/commons-collections/commons-collections/3.2.2/commons-collections-3.2.2.jar:/home/runner/.m2/repository/io/jaegertracing/jaeger-client/1.6.0/jaeger-client-1.6.0.jar:/home/runner/.m2/repository/io/jaegertracing/jaeger-thrift/1.6.0/jaeger-thrift-1.6.0.jar:/home/runner/.m2/repository/org/apache/thrift/libthrift/0.14.1/libthrift-0.14.1.jar:/home/runner/.m2/repository/com/squareup/okhttp3/okhttp/4.9.0/okhttp-4.9.0.jar:/home/runner/.m2/repository/com/squareup/okio/okio/2.8.0/okio-2.8.0.jar:/home/runner/.m2/repository/io/jaegertracing/jaeger-core/1.6.0/jaeger-core-1.6.0.jar:/home/runner/.m2/repository/io/jaegertracing/jaeger-tracerresolver/1.6.0/jaeger-tracerresolver-1.6.0.jar:/home/runner/.m2/repository/io/opentracing/contrib/opentracing-tracerresolver/0.1.8/opentracing-tracerresolver-0.1.8.jar:/home/runner/.m2/repository/org/jetbrains/kotlin/kotlin-stdlib/1.4.31/kotlin-stdlib-1.4.31.jar:/home/runner/.m2/repository/org/jetbrains/kotlin/kotlin-stdlib-common/1.4.31/kotlin-stdlib-common-1.4.31.jar:/home/runner/.m2/repository/org/jetbrains/annotations/13.0/annotations-13.0.jar:/home/runner/.m2/repository/io/opentracing/opentracing-util/0.33.0/opentracing-util-0.33.0.jar:/home/runner/.m2/repository/io/opentracing/opentracing-api/0.33.0/opentracing-api-0.33.0.jar:/home/runner/.m2/repository/io/opentracing/opentracing-noop/0.33.0/opentracing-noop-0.33.0.jar:/home/runner/.m2/repository/org/yaml/snakeyaml/1.26/snakeyaml-1.26.jar:/home/runner/.m2/repository/org/apache/ozone/hdds-interface-admin/1.3.0-SNAPSHOT/hdds-interface-admin-1.3.0-SNAPSHOT.jar:/home/runner/.m2/repository/junit/junit/4.13.1/junit-4.13.1.jar:/home/runner/.m2/repository/org/hamcrest/hamcrest-core/1.3/hamcrest-core-1.3.jar:/home/runner/.m2/repository/org/junit/jupiter/junit-jupiter-api/5.7.0/junit-jupiter-api-5.7.0.jar:/home/runner/.m2/repository/org/apiguardian/apiguardian-api/1.1.0/apiguardian-api-1.1.0.jar:/home/runner/.m2/repository/org/opentest4j/opentest4j/1.2.0/opentest4j-1.2.0.jar:/home/runner/.m2/repository/org/junit/platform/junit-platform-commons/1.7.0/junit-platform-commons-1.7.0.jar:/home/runner/.m2/repository/org/junit/jupiter/junit-jupiter-params/5.7.0/junit-jupiter-params-5.7.0.jar:/home/runner/.m2/repository/org/junit/jupiter/junit-jupiter-migrationsupport/5.7.0/junit-jupiter-migrationsupport-5.7.0.jar:/home/runner/.m2/repository/org/junit/jupiter/junit-jupiter-engine/5.7.0/junit-jupiter-engine-5.7.0.jar:/home/runner/.m2/repository/org/junit/platform/junit-platform-engine/1.7.0/junit-platform-engine-1.7.0.jar:/home/runner/.m2/repository/org/junit/vintage/junit-vintage-engine/5.7.0/junit-vintage-engine-5.7.0.jar:/home/runner/.m2/repository/org/junit/platform/junit-platform-launcher/1.7.0/junit-platform-launcher-1.7.0.jar:/home/runner/.m2/repository/org/mockito/mockito-core/2.28.2/mockito-core-2.28.2.jar:/home/runner/.m2/repository/net/bytebuddy/byte-buddy/1.9.10/byte-buddy-1.9.10.jar:/home/runner/.m2/repository/net/bytebuddy/byte-buddy-agent/1.9.10/byte-buddy-agent-1.9.10.jar:/home/runner/.m2/repository/org/objenesis/objenesis/1.0/objenesis-1.0.jar:/home/runner/.m2/repository/org/apache/hadoop/hadoop-kms/3.3.1/hadoop-kms-3.3.1.jar:/home/runner/.m2/repository/org/apache/hadoop/hadoop-auth/3.3.1/hadoop-auth-3.3.1.jar:/home/runner/.m2/repository/com/nimbusds/nimbus-jose-jwt/7.9/nimbus-jose-jwt-7.9.jar:/home/runner/.m2/repository/com/github/stephenc/jcip/jcip-annotations/1.0-1/jcip-annotations-1.0-1.jar:/home/runner/.m2/repository/net/minidev/json-smart/2.4.7/json-smart-2.4.7.jar:/home/runner/.m2/repository/net/minidev/accessors-smart/2.4.7/accessors-smart-2.4.7.jar:/home/runner/.m2/repository/org/ow2/asm/asm/5.0.4/asm-5.0.4.jar:/home/runner/.m2/repository/org/apache/zookeeper/zookeeper/3.5.6/zookeeper-3.5.6.jar:/home/runner/.m2/repository/org/apache/zookeeper/zookeeper-jute/3.5.6/zookeeper-jute-3.5.6.jar:/home/runner/.m2/repository/org/apache/yetus/audience-annotations/0.5.0/audience-annotations-0.5.0.jar:/home/runner/.m2/repository/org/apache/curator/curator-framework/4.2.0/curator-framework-4.2.0.jar:/home/runner/.m2/repository/org/apache/hadoop/thirdparty/hadoop-shaded-guava/1.1.1/hadoop-shaded-guava-1.1.1.jar:/home/runner/.m2/repository/com/sun/jersey/jersey-core/1.19/jersey-core-1.19.jar:/home/runner/.m2/repository/javax/ws/rs/jsr311-api/1.1.1/jsr311-api-1.1.1.jar:/home/runner/.m2/repository/com/sun/jersey/jersey-server/1.19/jersey-server-1.19.jar:/home/runner/.m2/repository/javax/servlet/javax.servlet-api/3.1.0/javax.servlet-api-3.1.0.jar:/home/runner/.m2/repository/org/eclipse/jetty/jetty-server/9.4.43.v20210629/jetty-server-9.4.43.v20210629.jar:/home/runner/.m2/repository/org/eclipse/jetty/jetty-http/9.4.43.v20210629/jetty-http-9.4.43.v20210629.jar:/home/runner/.m2/repository/org/eclipse/jetty/jetty-io/9.4.43.v20210629/jetty-io-9.4.43.v20210629.jar:/home/runner/.m2/repository/org/eclipse/jetty/jetty-webapp/9.4.43.v20210629/jetty-webapp-9.4.43.v20210629.jar:/home/runner/.m2/repository/org/eclipse/jetty/jetty-xml/9.4.43.v20210629/jetty-xml-9.4.43.v20210629.jar:/home/runner/.m2/repository/org/apache/hadoop/hadoop-common/3.3.1/hadoop-common-3.3.1.jar:/home/runner/.m2/repository/org/apache/commons/commons-math3/3.1.1/commons-math3-3.1.1.jar:/home/runner/.m2/repository/commons-net/commons-net/3.6/commons-net-3.6.jar:/home/runner/.m2/repository/com/sun/jersey/jersey-servlet/1.19/jersey-servlet-1.19.jar:/home/runner/.m2/repository/com/sun/jersey/jersey-json/1.19/jersey-json-1.19.jar:/home/runner/.m2/repository/org/codehaus/jettison/jettison/1.1/jettison-1.1.jar:/home/runner/.m2/repository/com/sun/xml/bind/jaxb-impl/2.2.3-1/jaxb-impl-2.2.3-1.jar:/home/runner/.m2/repository/org/codehaus/jackson/jackson-jaxrs/1.9.2/jackson-jaxrs-1.9.2.jar:/home/runner/.m2/repository/org/codehaus/jackson/jackson-xc/1.9.2/jackson-xc-1.9.2.jar:/home/runner/.m2/repository/org/apache/commons/commons-configuration2/2.1.1/commons-configuration2-2.1.1.jar:/home/runner/.m2/repository/org/apache/commons/commons-text/1.4/commons-text-1.4.jar:/home/runner/.m2/repository/com/google/re2j/re2j/1.1/re2j-1.1.jar:/home/runner/.m2/repository/com/jcraft/jsch/0.1.54/jsch-0.1.54.jar:/home/runner/.m2/repository/org/apache/curator/curator-client/4.2.0/curator-client-4.2.0.jar:/home/runner/.m2/repository/org/apache/curator/curator-recipes/4.2.0/curator-recipes-4.2.0.jar:/home/runner/.m2/repository/org/apache/kerby/kerb-core/1.0.1/kerb-core-1.0.1.jar:/home/runner/.m2/repository/org/apache/kerby/kerby-pkix/1.0.1/kerby-pkix-1.0.1.jar:/home/runner/.m2/repository/org/apache/kerby/kerby-asn1/1.0.1/kerby-asn1-1.0.1.jar:/home/runner/.m2/repository/org/apache/kerby/kerby-util/1.0.1/kerby-util-1.0.1.jar:/home/runner/.m2/repository/dnsjava/dnsjava/2.1.7/dnsjava-2.1.7.jar:/home/runner/.m2/repository/org/xerial/snappy/snappy-java/1.1.8.2/snappy-java-1.1.8.2.jar:/home/runner/.m2/repository/org/slf4j/jul-to-slf4j/1.7.30/jul-to-slf4j-1.7.30.jar:/home/runner/.m2/repository/org/eclipse/jetty/jetty-util/9.4.43.v20210629/jetty-util-9.4.43.v20210629.jar:/home/runner/.m2/repository/com/fasterxml/jackson/core/jackson-databind/2.13.2.2/jackson-databind-2.13.2.2.jar:/home/runner/.m2/repository/org/apache/hadoop/hadoop-kms/3.3.1/hadoop-kms-3.3.1-tests.jar:/home/runner/.m2/repository/org/apache/ozone/hdds-server-scm/1.3.0-SNAPSHOT/hdds-server-scm-1.3.0-SNAPSHOT-tests.jar:/home/runner/.m2/repository/org/apache/ozone/hdds-container-service/1.3.0-SNAPSHOT/hdds-container-service-1.3.0-SNAPSHOT-tests.jar:/home/runner/.m2/repository/commons-codec/commons-codec/1.11/commons-codec-1.11.jar:/home/runner/.m2/repository/io/netty/netty-codec/4.1.63.Final/netty-codec-4.1.63.Final.jar:/home/runner/.m2/repository/io/netty/netty-handler/4.1.63.Final/netty-handler-4.1.63.Final.jar:/home/runner/.m2/repository/org/apache/ozone/hdds-hadoop-dependency-test/1.3.0-SNAPSHOT/hdds-hadoop-dependency-test-1.3.0-SNAPSHOT.jar:/home/runner/.m2/repository/org/apache/hadoop/hadoop-common/3.3.1/hadoop-common-3.3.1-tests.jar:/home/runner/.m2/repository/org/assertj/assertj-core/3.12.2/assertj-core-3.12.2.jar:/home/runner/.m2/repository/org/apache/hadoop/hadoop-hdfs/3.3.1/hadoop-hdfs-3.3.1-tests.jar:/home/runner/.m2/repository/org/eclipse/jetty/jetty-util-ajax/9.4.43.v20210629/jetty-util-ajax-9.4.43.v20210629.jar:/home/runner/.m2/repository/commons-daemon/commons-daemon/1.0.13/commons-daemon-1.0.13.jar:/home/runner/.m2/repository/io/netty/netty/3.10.6.Final/netty-3.10.6.Final.jar:/home/runner/.m2/repository/io/netty/netty-all/4.1.63.Final/netty-all-4.1.63.Final.jar:/home/runner/.m2/repository/org/apache/htrace/htrace-core4/4.1.0-incubating/htrace-core4-4.1.0-incubating.jar:/home/runner/.m2/repository/org/fusesource/leveldbjni/leveldbjni-all/1.8/leveldbjni-all-1.8.jar:/home/runner/.m2/repository/org/apache/hadoop/hadoop-distcp/3.3.1/hadoop-distcp-3.3.1.jar:/home/runner/.m2/repository/org/apache/hadoop/hadoop-mapreduce-client-jobclient/3.3.1/hadoop-mapreduce-client-jobclient-3.3.1.jar:/home/runner/.m2/repository/org/apache/hadoop/hadoop-mapreduce-client-common/3.3.1/hadoop-mapreduce-client-common-3.3.1.jar:/home/runner/.m2/repository/org/apache/hadoop/hadoop-yarn-common/3.3.1/hadoop-yarn-common-3.3.1.jar:/home/runner/.m2/repository/org/apache/hadoop/hadoop-yarn-api/3.3.1/hadoop-yarn-api-3.3.1.jar:/home/runner/.m2/repository/com/sun/jersey/jersey-client/1.19/jersey-client-1.19.jar:/home/runner/.m2/repository/com/sun/jersey/contribs/jersey-guice/1.19/jersey-guice-1.19.jar:/home/runner/.m2/repository/com/fasterxml/jackson/jaxrs/jackson-jaxrs-json-provider/2.13.2/jackson-jaxrs-json-provider-2.13.2.jar:/home/runner/.m2/repository/com/fasterxml/jackson/jaxrs/jackson-jaxrs-base/2.13.2/jackson-jaxrs-base-2.13.2.jar:/home/runner/.m2/repository/org/apache/hadoop/hadoop-yarn-client/3.3.1/hadoop-yarn-client-3.3.1.jar:/home/runner/.m2/repository/org/eclipse/jetty/websocket/websocket-client/9.4.40.v20210413/websocket-client-9.4.40.v20210413.jar:/home/runner/.m2/repository/org/eclipse/jetty/jetty-client/9.4.40.v20210413/jetty-client-9.4.40.v20210413.jar:/home/runner/.m2/repository/org/eclipse/jetty/websocket/websocket-common/9.4.40.v20210413/websocket-common-9.4.40.v20210413.jar:/home/runner/.m2/repository/org/eclipse/jetty/websocket/websocket-api/9.4.40.v20210413/websocket-api-9.4.40.v20210413.jar:/home/runner/.m2/repository/org/jline/jline/3.9.0/jline-3.9.0.jar:/home/runner/.m2/repository/org/apache/hadoop/hadoop-mapreduce-client-core/3.3.1/hadoop-mapreduce-client-core-3.3.1.jar:/home/runner/.m2/repository/org/apache/avro/avro/1.7.7/avro-1.7.7.jar:/home/runner/.m2/repository/org/codehaus/jackson/jackson-core-asl/1.9.13/jackson-core-asl-1.9.13.jar:/home/runner/.m2/repository/org/codehaus/jackson/jackson-mapper-asl/1.9.13/jackson-mapper-asl-1.9.13.jar:/home/runner/.m2/repository/com/thoughtworks/paranamer/paranamer/2.3/paranamer-2.3.jar:/home/runner/.m2/repository/org/apache/hadoop/hadoop-annotations/3.3.1/hadoop-annotations-3.3.1.jar:/usr/lib/jvm/temurin-8-jdk-amd64/jre/../lib/tools.jar:/home/runner/.m2/repository/org/apache/hadoop/hadoop-distcp/3.3.1/hadoop-distcp-3.3.1-tests.jar:/home/runner/.m2/repository/org/apache/ratis/ratis-common/2.2.0/ratis-common-2.2.0.jar:/home/runner/.m2/repository/org/apache/ratis/ratis-thirdparty-misc/0.7.0/ratis-thirdparty-misc-0.7.0.jar:/home/runner/.m2/repository/org/apache/ratis/ratis-proto/2.2.0/ratis-proto-2.2.0.jar:/home/runner/.m2/repository/org/apache/ozone/ozone-annotation-processing/1.3.0-SNAPSHOT/ozone-annotation-processing-1.3.0-SNAPSHOT.jar:"/>
    <property name="sun.cpu.endian" value="little"/>
    <property name="user.home" value="/home/runner"/>
    <property name="user.language" value="en"/>
    <property name="java.specification.vendor" value="Oracle Corporation"/>
    <property name="java.home" value="/usr/lib/jvm/temurin-8-jdk-amd64/jre"/>
    <property name="java.security.krb5.conf" value="/home/runner/work/ozone/ozone/hadoop-ozone/integration-test/target/test-classes/krb5.conf"/>
    <property name="basedir" value="/home/runner/work/ozone/ozone/hadoop-ozone/integration-test"/>
    <property name="file.separator" value="/"/>
    <property name="line.separator" value="&#10;"/>
    <property name="java.vm.specification.vendor" value="Oracle Corporation"/>
    <property name="java.specification.name" value="Java Platform API Specification"/>
    <property name="java.awt.graphicsenv" value="sun.awt.X11GraphicsEnvironment"/>
    <property name="skip.installnpx" value="true"/>
    <property name="surefire.real.class.path" value="/home/runner/work/ozone/ozone/hadoop-ozone/integration-test/target/surefire/surefirebooter3547802558822836719.jar:/home/runner/.m2/repository/org/jacoco/org.jacoco.agent/0.8.5/org.jacoco.agent-0.8.5-runtime.jar"/>
    <property name="hadoop.log.dir" value="/home/runner/work/ozone/ozone/hadoop-ozone/integration-test/target/log"/>
    <property name="sun.boot.class.path" value="/usr/lib/jvm/temurin-8-jdk-amd64/jre/lib/resources.jar:/usr/lib/jvm/temurin-8-jdk-amd64/jre/lib/rt.jar:/usr/lib/jvm/temurin-8-jdk-amd64/jre/lib/sunrsasign.jar:/usr/lib/jvm/temurin-8-jdk-amd64/jre/lib/jsse.jar:/usr/lib/jvm/temurin-8-jdk-amd64/jre/lib/jce.jar:/usr/lib/jvm/temurin-8-jdk-amd64/jre/lib/charsets.jar:/usr/lib/jvm/temurin-8-jdk-amd64/jre/lib/jfr.jar:/usr/lib/jvm/temurin-8-jdk-amd64/jre/classes"/>
    <property name="sun.management.compiler" value="HotSpot 64-Bit Tiered Compilers"/>
    <property name="skip.npx" value="true"/>
    <property name="java.runtime.version" value="1.8.0_322-b06"/>
    <property name="java.net.preferIPv4Stack" value="true"/>
    <property name="user.name" value="runner"/>
    <property name="path.separator" value=":"/>
    <property name="java.security.egd" value="file:///dev/urandom"/>
    <property name="os.version" value="5.4.0-1077-azure"/>
    <property name="java.endorsed.dirs" value="/usr/lib/jvm/temurin-8-jdk-amd64/jre/lib/endorsed"/>
    <property name="java.runtime.name" value="OpenJDK Runtime Environment"/>
    <property name="file.encoding" value="UTF-8"/>
    <property name="java.vm.name" value="OpenJDK 64-Bit Server VM"/>
    <property name="test.build.webapps" value=""/>
    <property name="localRepository" value="/home/runner/.m2/repository"/>
    <property name="jetty.git.hash" value="526006ecfa3af7f1a27ef3a288e2bef7ea9dd7e8"/>
    <property name="java.vendor.url.bug" value="https://github.com/adoptium/adoptium-support/issues"/>
    <property name="java.io.tmpdir" value="/tmp"/>
    <property name="require.test.libhadoop" value=""/>
    <property name="java.version" value="1.8.0_322"/>
    <property name="user.dir" value="/home/runner/work/ozone/ozone/hadoop-ozone/integration-test"/>
    <property name="os.arch" value="amd64"/>
    <property name="java.vm.specification.name" value="Java Virtual Machine Specification"/>
    <property name="test.build.classes" value="/home/runner/work/ozone/ozone/hadoop-ozone/integration-test/target/test-classes"/>
    <property name="java.awt.printerjob" value="sun.print.PSPrinterJob"/>
    <property name="sun.os.patch.level" value="unknown"/>
    <property name="hadoop.tmp.dir" value="/home/runner/work/ozone/ozone/hadoop-ozone/integration-test/target/tmp"/>
    <property name="java.library.path" value="/usr/java/packages/lib/amd64:/usr/lib64:/lib64:/lib:/usr/lib"/>
    <property name="java.vm.info" value="mixed mode"/>
    <property name="java.vendor" value="Temurin"/>
    <property name="java.vm.version" value="25.322-b06"/>
    <property name="java.ext.dirs" value="/usr/lib/jvm/temurin-8-jdk-amd64/jre/lib/ext:/usr/java/packages/lib/ext"/>
    <property name="sun.io.unicode.encoding" value="UnicodeLittle"/>
    <property name="java.class.version" value="52.0"/>
  </properties>
  <testcase name="testRenameFile" classname="TestRootedOzoneFileSystem" time="0.711">
    <system-out><![CDATA[2022-05-04 03:12:05,799 [main] WARN  server.ServerUtils (ServerUtils.java:getScmDbDir(148)) - ozone.scm.db.dirs is not configured. We recommend adding this setting. Falling back to ozone.metadata.dirs instead.
2022-05-04 03:12:05,888 [main] INFO  ha.SCMHANodeDetails (SCMHANodeDetails.java:loadSCMHAConfig(157)) - ServiceID for StorageContainerManager is null
2022-05-04 03:12:05,892 [main] INFO  ha.SCMHANodeDetails (SCMHANodeDetails.java:loadSCMHAConfig(162)) - ozone.scm.default.service.id is not defined, falling back to ozone.scm.service.ids to find serviceID for StorageContainerManager if it is HA enabled cluster
2022-05-04 03:12:05,958 [main] WARN  server.ServerUtils (ServerUtils.java:getScmDbDir(148)) - ozone.scm.db.dirs is not configured. We recommend adding this setting. Falling back to ozone.metadata.dirs instead.
2022-05-04 03:12:05,961 [main] INFO  upgrade.AbstractLayoutVersionManager (AbstractLayoutVersionManager.java:init(79)) - Initializing Layout version manager with metadata layout = ERASURE_CODED_STORAGE_SUPPORT (version = 3), software layout = ERASURE_CODED_STORAGE_SUPPORT (version = 3)
2022-05-04 03:12:06,217 [main] INFO  reflections.Reflections (Reflections.java:scan(232)) - Reflections took 168 ms to scan 7 urls, producing 126 keys and 289 values 
2022-05-04 03:12:06,870 [main] WARN  utils.HAUtils (HAUtils.java:getMetaDir(342)) - ozone.scm.db.dirs is not configured. We recommend adding this setting. Falling back to ozone.metadata.dirs instead.
2022-05-04 03:12:07,027 [main] WARN  db.DBStoreBuilder (DBStoreBuilder.java:applyDBDefinition(145)) - ozone.scm.db.dirs is not configured. We recommend adding this setting. Falling back to ozone.metadata.dirs instead.
2022-05-04 03:12:07,245 [main] INFO  net.NodeSchemaLoader (NodeSchemaLoader.java:loadSchemaFromFile(129)) - Loading schema from [jar:file:/home/runner/.m2/repository/org/apache/ozone/hdds-common/1.3.0-SNAPSHOT/hdds-common-1.3.0-SNAPSHOT.jar!/network-topology-default.xml]
2022-05-04 03:12:07,247 [main] INFO  net.NodeSchemaLoader (NodeSchemaLoader.java:loadSchema(176)) - Loading network topology layer schema file
2022-05-04 03:12:07,298 [main] INFO  metrics.MetricRegistries (MetricRegistriesLoader.java:load(64)) - Loaded MetricRegistries class org.apache.ratis.metrics.impl.MetricRegistriesImpl
2022-05-04 03:12:07,317 [main] INFO  ha.SequenceIdGenerator (SequenceIdGenerator.java:upgradeToSequenceId(347)) - upgrade localId to 109611004723200000
2022-05-04 03:12:07,318 [main] INFO  ha.SequenceIdGenerator (SequenceIdGenerator.java:upgradeToSequenceId(357)) - upgrade delTxnId to 0
2022-05-04 03:12:07,322 [main] INFO  ha.SequenceIdGenerator (SequenceIdGenerator.java:upgradeToSequenceId(371)) - upgrade containerId to 0
2022-05-04 03:12:07,330 [main] INFO  ha.SequenceIdGenerator (SequenceIdGenerator.java:<init>(218)) - Init the HA SequenceIdGenerator.
2022-05-04 03:12:07,390 [main] WARN  server.ServerUtils (ServerUtils.java:sanitizeUserArgs(73)) - ozone.scm.stale.node.interval value = 300000 is larger than max = 100000 based on the key value of ozone.scm.heartbeat.thread.interval, reset to the max value 100000.
2022-05-04 03:12:07,392 [main] WARN  server.ServerUtils (ServerUtils.java:sanitizeUserArgs(73)) - ozone.scm.stale.node.interval value = 300000 is larger than max = 100000 based on the key value of ozone.scm.heartbeat.thread.interval, reset to the max value 100000.
2022-05-04 03:12:07,400 [main] INFO  node.SCMNodeManager (SCMNodeManager.java:<init>(148)) - Entering startup safe mode.
2022-05-04 03:12:07,417 [main] INFO  algorithms.ContainerPlacementPolicyFactory (ContainerPlacementPolicyFactory.java:getPolicyInternal(86)) - Create container placement policy of type org.apache.hadoop.hdds.scm.container.placement.algorithms.SCMContainerPlacementRandom
2022-05-04 03:12:07,430 [main] INFO  pipeline.PipelineStateManagerImpl (PipelineStateManagerImpl.java:initialize(78)) - No pipeline exists in current db
2022-05-04 03:12:07,478 [main] INFO  algorithms.LeaderChoosePolicyFactory (LeaderChoosePolicyFactory.java:getPolicy(57)) - Create leader choose policy of type org.apache.hadoop.hdds.scm.pipeline.leader.choose.algorithms.MinLeaderCountChoosePolicy
2022-05-04 03:12:07,478 [main] INFO  algorithms.ContainerPlacementPolicyFactory (ContainerPlacementPolicyFactory.java:getPolicyInternal(86)) - Create container placement policy of type org.apache.hadoop.hdds.scm.container.placement.algorithms.SCMContainerPlacementRackScatter
2022-05-04 03:12:07,489 [main] INFO  pipeline.BackgroundPipelineCreator (BackgroundPipelineCreator.java:start(123)) - Starting RatisPipelineUtilsThread.
2022-05-04 03:12:07,493 [main] INFO  pipeline.BackgroundPipelineScrubber (BackgroundPipelineScrubber.java:start(124)) - Starting Pipeline Scrubber Service.
2022-05-04 03:12:07,494 [main] INFO  ha.SCMServiceManager (SCMServiceManager.java:register(42)) - Registering service BackgroundPipelineCreator.
2022-05-04 03:12:07,494 [main] INFO  ha.SCMServiceManager (SCMServiceManager.java:register(42)) - Registering service BackgroundPipelineScrubber.
2022-05-04 03:12:07,543 [main] INFO  algorithms.PipelineChoosePolicyFactory (PipelineChoosePolicyFactory.java:createPipelineChoosePolicyFromClass(73)) - Create pipeline choose policy of type org.apache.hadoop.hdds.scm.pipeline.choose.algorithms.RandomPipelineChoosePolicy
2022-05-04 03:12:07,569 [main] INFO  ha.SCMServiceManager (SCMServiceManager.java:register(42)) - Registering service SCMBlockDeletingService.
2022-05-04 03:12:07,604 [main] INFO  ha.SCMServiceManager (SCMServiceManager.java:register(42)) - Registering service ReplicationManager.
2022-05-04 03:12:07,622 [main] INFO  container.ReplicationManager (ReplicationManager.java:start(326)) - Starting Replication Monitor Thread.
2022-05-04 03:12:07,639 [ReplicationMonitor] INFO  container.ReplicationManager (ReplicationManager.java:processAll(374)) - Replication Manager is not ready to run until 3000ms after safemode exit
2022-05-04 03:12:07,642 [main] INFO  safemode.ContainerSafeModeRule (ContainerSafeModeRule.java:<init>(89)) - containers with one replica threshold count 0
2022-05-04 03:12:07,648 [main] INFO  safemode.HealthyPipelineSafeModeRule (HealthyPipelineSafeModeRule.java:initializeRule(156)) - Total pipeline count is 0, healthy pipeline threshold count is 1
2022-05-04 03:12:07,652 [main] INFO  safemode.OneReplicaPipelineSafeModeRule (OneReplicaPipelineSafeModeRule.java:initializeRule(180)) - Total pipeline count is 0, pipeline's with at least one datanode reported threshold count is 0
2022-05-04 03:12:08,060 [main] INFO  audit.AuditLogger (AuditLogger.java:refreshDebugCmdSet(120)) - Refresh DebugCmdSet for SCMAudit to [].
2022-05-04 03:12:08,105 [main] INFO  ipc.CallQueueManager (CallQueueManager.java:<init>(90)) - Using callQueue: class java.util.concurrent.LinkedBlockingQueue, queueCapacity: 2000, scheduler: class org.apache.hadoop.ipc.DefaultRpcScheduler, ipcBackoff: false.
2022-05-04 03:12:08,157 [Socket Reader #1 for port 0] INFO  ipc.Server (Server.java:run(1265)) - Starting Socket Reader #1 for port 0
2022-05-04 03:12:08,221 [Listener at 0.0.0.0/35747] INFO  audit.AuditLogger (AuditLogger.java:refreshDebugCmdSet(120)) - Refresh DebugCmdSet for SCMAudit to [].
2022-05-04 03:12:08,228 [Listener at 0.0.0.0/35747] INFO  ipc.CallQueueManager (CallQueueManager.java:<init>(90)) - Using callQueue: class java.util.concurrent.LinkedBlockingQueue, queueCapacity: 2000, scheduler: class org.apache.hadoop.ipc.DefaultRpcScheduler, ipcBackoff: false.
2022-05-04 03:12:08,229 [Socket Reader #1 for port 0] INFO  ipc.Server (Server.java:run(1265)) - Starting Socket Reader #1 for port 0
2022-05-04 03:12:08,262 [Listener at 0.0.0.0/35637] INFO  audit.AuditLogger (AuditLogger.java:refreshDebugCmdSet(120)) - Refresh DebugCmdSet for SCMAudit to [].
2022-05-04 03:12:08,288 [Listener at 0.0.0.0/35637] INFO  ipc.CallQueueManager (CallQueueManager.java:<init>(90)) - Using callQueue: class java.util.concurrent.LinkedBlockingQueue, queueCapacity: 2000, scheduler: class org.apache.hadoop.ipc.DefaultRpcScheduler, ipcBackoff: false.
2022-05-04 03:12:08,290 [Socket Reader #1 for port 0] INFO  ipc.Server (Server.java:run(1265)) - Starting Socket Reader #1 for port 0
2022-05-04 03:12:08,360 [Listener at 0.0.0.0/40303] INFO  server.StorageContainerManager (StorageContainerManager.java:<init>(391)) - 
Container Balancer status:
Key                            Value
Running                        false
Container Balancer Configuration values:
Key                                                Value
Threshold                                          10
Max Datanodes to Involve per Iteration(percent)    20
Max Size to Move per Iteration                     500GB
Max Size Entering Target per Iteration             26GB
Max Size Leaving Source per Iteration              26GB

2022-05-04 03:12:08,361 [Listener at 0.0.0.0/40303] WARN  events.EventQueue (EventQueue.java:fireEvent(194)) - No event handler registered for event TypedEvent{payloadType=SafeModeStatus, name='Safe mode status'}
2022-05-04 03:12:08,361 [Listener at 0.0.0.0/40303] INFO  ha.SCMContext (SCMContext.java:updateSafeModeStatus(211)) - Update SafeModeStatus from SafeModeStatus{safeModeStatus=true, preCheckPassed=false} to SafeModeStatus{safeModeStatus=true, preCheckPassed=false}.
2022-05-04 03:12:08,365 [Listener at 0.0.0.0/40303] INFO  server.StorageContainerManager (StorageContainerManager.java:start(1333)) - StorageContainerLocationProtocol RPC server is listening at /0.0.0.0:40303
2022-05-04 03:12:08,464 [Listener at 0.0.0.0/40303] WARN  impl.MetricsConfig (MetricsConfig.java:loadFirst(136)) - Cannot locate configuration: tried hadoop-metrics2-storagecontainermanager.properties,hadoop-metrics2.properties
2022-05-04 03:12:08,480 [Listener at 0.0.0.0/40303] INFO  impl.MetricsSystemImpl (MetricsSystemImpl.java:startTimer(378)) - Scheduled Metric snapshot period at 10 second(s).
2022-05-04 03:12:08,480 [Listener at 0.0.0.0/40303] INFO  impl.MetricsSystemImpl (MetricsSystemImpl.java:start(191)) - StorageContainerManager metrics system started
2022-05-04 03:12:08,888 [Listener at 0.0.0.0/40303] INFO  server.SCMClientProtocolServer (SCMClientProtocolServer.java:start(169)) - RPC server for Client  is listening at /0.0.0.0:40303
2022-05-04 03:12:08,890 [IPC Server Responder] INFO  ipc.Server (Server.java:run(1507)) - IPC Server Responder: starting
2022-05-04 03:12:08,900 [Listener at 0.0.0.0/40303] INFO  server.StorageContainerManager (StorageContainerManager.java:start(1348)) - ScmBlockLocationProtocol RPC server is listening at /0.0.0.0:35637
2022-05-04 03:12:08,908 [Listener at 0.0.0.0/40303] INFO  server.SCMBlockProtocolServer (SCMBlockProtocolServer.java:start(151)) - RPC server for Block Protocol is listening at /0.0.0.0:35637
2022-05-04 03:12:08,891 [IPC Server listener on 0] INFO  ipc.Server (Server.java:run(1344)) - IPC Server listener on 0: starting
2022-05-04 03:12:08,910 [IPC Server Responder] INFO  ipc.Server (Server.java:run(1507)) - IPC Server Responder: starting
2022-05-04 03:12:08,911 [IPC Server listener on 0] INFO  ipc.Server (Server.java:run(1344)) - IPC Server listener on 0: starting
2022-05-04 03:12:08,915 [Listener at 0.0.0.0/40303] INFO  server.SCMDatanodeProtocolServer (SCMDatanodeProtocolServer.java:start(183)) - ScmDatanodeProtocol RPC server for DataNodes is listening at /0.0.0.0:35747
2022-05-04 03:12:08,917 [IPC Server Responder] INFO  ipc.Server (Server.java:run(1507)) - IPC Server Responder: starting
2022-05-04 03:12:08,918 [IPC Server listener on 0] INFO  ipc.Server (Server.java:run(1344)) - IPC Server listener on 0: starting
2022-05-04 03:12:08,940 [org.apache.hadoop.util.JvmPauseMonitor$Monitor@9976b27] INFO  util.JvmPauseMonitor (JvmPauseMonitor.java:run(188)) - Starting JVM pause monitor
2022-05-04 03:12:08,970 [Listener at 0.0.0.0/40303] INFO  http.BaseHttpServer (BaseHttpServer.java:newHttpServer2BuilderForOzone(209)) - Starting Web-server for scm at: http://0.0.0.0:0
2022-05-04 03:12:08,971 [Listener at 0.0.0.0/40303] INFO  http.BaseHttpServer (BaseHttpServer.java:<init>(107)) - Hadoop Security Enabled: false Ozone Security Enabled: false Ozone HTTP Security Enabled: false 
2022-05-04 03:12:09,003 [Listener at 0.0.0.0/40303] INFO  util.log (Log.java:initialized(170)) - Logging initialized @5243ms to org.eclipse.jetty.util.log.Slf4jLog
2022-05-04 03:12:09,134 [Listener at 0.0.0.0/40303] INFO  server.AuthenticationFilter (AuthenticationFilter.java:constructSecretProvider(240)) - Unable to initialize FileSignerSecretProvider, falling back to use random secrets.
2022-05-04 03:12:09,143 [Listener at 0.0.0.0/40303] WARN  http.HttpRequestLog (HttpRequestLog.java:getRequestLog(103)) - Jetty request log can only be enabled using Log4j
2022-05-04 03:12:09,150 [Listener at 0.0.0.0/40303] INFO  http.HttpServer2 (HttpServer2.java:addGlobalFilter(1030)) - Added global filter 'safety' (class=org.apache.hadoop.hdds.server.http.HttpServer2$QuotingInputFilter)
2022-05-04 03:12:09,153 [Listener at 0.0.0.0/40303] INFO  http.HttpServer2 (HttpServer2.java:addFilter(1006)) - Added filter static_user_filter (class=org.apache.hadoop.http.lib.StaticUserWebFilter$StaticUserFilter) to context scm
2022-05-04 03:12:09,154 [Listener at 0.0.0.0/40303] INFO  http.HttpServer2 (HttpServer2.java:addFilter(1014)) - Added filter static_user_filter (class=org.apache.hadoop.http.lib.StaticUserWebFilter$StaticUserFilter) to context logs
2022-05-04 03:12:09,154 [Listener at 0.0.0.0/40303] INFO  http.HttpServer2 (HttpServer2.java:addFilter(1014)) - Added filter static_user_filter (class=org.apache.hadoop.http.lib.StaticUserWebFilter$StaticUserFilter) to context static
2022-05-04 03:12:09,213 [Listener at 0.0.0.0/40303] INFO  http.HttpServer2 (HttpServer2.java:bindListener(1249)) - Jetty bound to port 45233
2022-05-04 03:12:09,215 [Listener at 0.0.0.0/40303] INFO  server.Server (Server.java:doStart(375)) - jetty-9.4.43.v20210629; built: 2021-06-30T11:07:22.254Z; git: 526006ecfa3af7f1a27ef3a288e2bef7ea9dd7e8; jvm 1.8.0_322-b06
2022-05-04 03:12:09,265 [Listener at 0.0.0.0/40303] INFO  server.session (DefaultSessionIdManager.java:doStart(334)) - DefaultSessionIdManager workerName=node0
2022-05-04 03:12:09,266 [Listener at 0.0.0.0/40303] INFO  server.session (DefaultSessionIdManager.java:doStart(339)) - No SessionScavenger set, using defaults
2022-05-04 03:12:09,269 [Listener at 0.0.0.0/40303] INFO  server.session (HouseKeeper.java:startScavenging(132)) - node0 Scavenging every 600000ms
2022-05-04 03:12:09,289 [Listener at 0.0.0.0/40303] INFO  handler.ContextHandler (ContextHandler.java:doStart(915)) - Started o.e.j.s.ServletContextHandler@7f9d40b3{logs,/logs,file:///home/runner/work/ozone/ozone/hadoop-ozone/integration-test/target/log,AVAILABLE}
2022-05-04 03:12:09,290 [Listener at 0.0.0.0/40303] INFO  handler.ContextHandler (ContextHandler.java:doStart(915)) - Started o.e.j.s.ServletContextHandler@1b53e6fc{static,/static,file:///home/runner/work/ozone/ozone/hadoop-ozone/integration-test/target/test-classes/webapps/static,AVAILABLE}
2022-05-04 03:12:09,361 [Listener at 0.0.0.0/40303] INFO  handler.ContextHandler (ContextHandler.java:doStart(915)) - Started o.e.j.w.WebAppContext@790f4933{scm,/,file:///home/runner/work/ozone/ozone/hadoop-ozone/integration-test/target/test-classes/webapps/scm/,AVAILABLE}{file:/home/runner/work/ozone/ozone/hadoop-ozone/integration-test/target/test-classes/webapps/scm}
2022-05-04 03:12:09,379 [Listener at 0.0.0.0/40303] INFO  server.AbstractConnector (AbstractConnector.java:doStart(331)) - Started ServerConnector@736f2fb8{HTTP/1.1, (http/1.1)}{0.0.0.0:45233}
2022-05-04 03:12:09,379 [Listener at 0.0.0.0/40303] INFO  server.Server (Server.java:doStart(415)) - Started @5620ms
2022-05-04 03:12:09,382 [Listener at 0.0.0.0/40303] INFO  impl.MetricsSinkAdapter (MetricsSinkAdapter.java:start(204)) - Sink prometheus started
2022-05-04 03:12:09,383 [Listener at 0.0.0.0/40303] INFO  impl.MetricsSystemImpl (MetricsSystemImpl.java:registerSink(305)) - Registered sink prometheus
2022-05-04 03:12:09,385 [Listener at 0.0.0.0/40303] INFO  http.BaseHttpServer (BaseHttpServer.java:updateConnectorAddress(329)) - HTTP server of scm listening at http://0.0.0.0:45233
2022-05-04 03:12:09,387 [Listener at 0.0.0.0/40303] WARN  server.ServerUtils (ServerUtils.java:getDBPath(225)) - ozone.om.db.dirs is not configured. We recommend adding this setting. Falling back to ozone.metadata.dirs instead.
2022-05-04 03:12:09,463 [Listener at 0.0.0.0/40303] INFO  audit.AuditLogger (AuditLogger.java:refreshDebugCmdSet(120)) - Refresh DebugCmdSet for OMAudit to [].
2022-05-04 03:12:09,570 [Listener at 0.0.0.0/40303] INFO  ha.OMHANodeDetails (OMHANodeDetails.java:loadOMHAConfig(112)) - ozone.om.internal.service.id is not defined, falling back to ozone.om.service.ids to find serviceID for OzoneManager if it is HA enabled cluster
2022-05-04 03:12:09,574 [Listener at 0.0.0.0/40303] INFO  ha.OMHANodeDetails (OMHANodeDetails.java:loadOMHAConfig(218)) - Configuration does not have ozone.om.address set. Falling back to the default OM address /127.0.0.1:0
2022-05-04 03:12:09,574 [Listener at 0.0.0.0/40303] INFO  ha.OMHANodeDetails (OMHANodeDetails.java:getOMNodeDetailsForNonHA(246)) - OM Service ID is not set. Setting it to the default ID: omServiceIdDefault
2022-05-04 03:12:09,574 [Listener at 0.0.0.0/40303] INFO  ha.OMHANodeDetails (OMHANodeDetails.java:getOMNodeDetailsForNonHA(253)) - OM Node ID is not set. Setting it to the default ID: om1
2022-05-04 03:12:09,580 [Listener at 0.0.0.0/40303] WARN  server.ServerUtils (ServerUtils.java:getDBPath(225)) - ozone.om.db.dirs is not configured. We recommend adding this setting. Falling back to ozone.metadata.dirs instead.
2022-05-04 03:12:09,582 [Listener at 0.0.0.0/40303] INFO  upgrade.AbstractLayoutVersionManager (AbstractLayoutVersionManager.java:init(79)) - Initializing Layout version manager with metadata layout = ERASURE_CODED_STORAGE_SUPPORT (version = 1), software layout = ERASURE_CODED_STORAGE_SUPPORT (version = 1)
2022-05-04 03:12:09,704 [Listener at 0.0.0.0/40303] INFO  reflections.Reflections (Reflections.java:scan(232)) - Reflections took 117 ms to scan 2 urls, producing 143 keys and 368 values [using 2 cores]
2022-05-04 03:12:09,713 [Listener at 0.0.0.0/40303] INFO  upgrade.OMLayoutVersionManager (OMLayoutVersionManager.java:lambda$0(115)) - Skipping Upgrade Action MockOmUpgradeAction since it has been finalized.
2022-05-04 03:12:09,714 [Listener at 0.0.0.0/40303] WARN  server.ServerUtils (ServerUtils.java:getDBPath(225)) - ozone.om.db.dirs is not configured. We recommend adding this setting. Falling back to ozone.metadata.dirs instead.
2022-05-04 03:12:10,237 [Listener at 0.0.0.0/40303] WARN  server.ServerUtils (ServerUtils.java:getDBPath(225)) - ozone.om.db.dirs is not configured. We recommend adding this setting. Falling back to ozone.metadata.dirs instead.
2022-05-04 03:12:10,245 [Listener at 0.0.0.0/40303] INFO  codec.OmKeyInfoCodec (OmKeyInfoCodec.java:<init>(49)) - OmKeyInfoCodec ignorePipeline = true
2022-05-04 03:12:10,247 [Listener at 0.0.0.0/40303] INFO  codec.RepeatedOmKeyInfoCodec (RepeatedOmKeyInfoCodec.java:<init>(41)) - RepeatedOmKeyInfoCodec ignorePipeline = true
2022-05-04 03:12:10,543 [Listener at 0.0.0.0/40303] INFO  om.OzoneManager (OzoneManager.java:addS3GVolumeToDB(3880)) - Created Volume s3v With Owner runner required for S3Gateway operations.
2022-05-04 03:12:10,595 [Listener at 0.0.0.0/40303] WARN  server.ServerUtils (ServerUtils.java:getDefaultRatisDirectory(237)) - Storage directory for Ratis is not configured. It is a good idea to map this to an SSD disk. Falling back to ozone.metadata.dirs
2022-05-04 03:12:10,595 [Listener at 0.0.0.0/40303] WARN  utils.OzoneManagerRatisUtils (OzoneManagerRatisUtils.java:getOMRatisSnapshotDirectory(395)) - ozone.om.ratis.snapshot.dir is not configured. Falling back to ozone.metadata.dirs config
2022-05-04 03:12:10,619 [Listener at 0.0.0.0/40303] WARN  server.ServerUtils (ServerUtils.java:getDefaultRatisDirectory(237)) - Storage directory for Ratis is not configured. It is a good idea to map this to an SSD disk. Falling back to ozone.metadata.dirs
2022-05-04 03:12:10,658 [Listener at 0.0.0.0/40303] INFO  ratis.OzoneManagerRatisServer (OzoneManagerRatisServer.java:<init>(159)) - Instantiating OM Ratis server with groupID: omServiceIdDefault and peers: localhost:9872
2022-05-04 03:12:10,668 [Listener at 0.0.0.0/40303] INFO  ratis.OzoneManagerStateMachine (OzoneManagerStateMachine.java:loadSnapshotInfoFromDB(627)) - LastAppliedIndex is set from TransactionInfo from OM DB as (t:0, i:~)
2022-05-04 03:12:10,710 [Listener at 0.0.0.0/40303] INFO  server.RaftServer (ConfUtils.java:logGet(44)) - raft.rpc.type = GRPC (default)
2022-05-04 03:12:10,845 [Listener at 0.0.0.0/40303] INFO  grpc.GrpcFactory (GrpcFactory.java:checkPooledByteBufAllocatorUseCacheForAllThreads(48)) - PERFORMANCE WARNING: useCacheForAllThreads is true that may cause Netty to create a lot garbage objects and, as a result, trigger GC.
	It is recommended to disable useCacheForAllThreads by setting -Dorg.apache.ratis.thirdparty.io.netty.allocator.useCacheForAllThreads=false in command line.
2022-05-04 03:12:10,851 [Listener at 0.0.0.0/40303] INFO  grpc.GrpcConfigKeys (ConfUtils.java:logGet(44)) - raft.grpc.admin.port = -1 (default)
2022-05-04 03:12:10,852 [Listener at 0.0.0.0/40303] INFO  grpc.GrpcConfigKeys (ConfUtils.java:logGet(44)) - raft.grpc.server.port = 9872 (custom)
2022-05-04 03:12:10,853 [Listener at 0.0.0.0/40303] INFO  grpc.GrpcConfigKeys (ConfUtils.java:logGet(44)) - raft.grpc.client.port = -1 (default)
2022-05-04 03:12:10,853 [Listener at 0.0.0.0/40303] INFO  grpc.GrpcConfigKeys (ConfUtils.java:logGet(44)) - raft.grpc.server.port = 9872 (custom)
2022-05-04 03:12:10,853 [Listener at 0.0.0.0/40303] INFO  grpc.GrpcConfigKeys (ConfUtils.java:logGet(44)) - raft.grpc.server.port = 9872 (custom)
2022-05-04 03:12:10,856 [Listener at 0.0.0.0/40303] INFO  server.GrpcService (ConfUtils.java:logGet(44)) - raft.grpc.message.size.max = 33554432 (custom)
2022-05-04 03:12:10,857 [Listener at 0.0.0.0/40303] INFO  server.RaftServerConfigKeys (ConfUtils.java:logGet(44)) - raft.server.log.appender.buffer.byte-limit = 33554432 (custom)
2022-05-04 03:12:10,858 [Listener at 0.0.0.0/40303] INFO  server.GrpcService (ConfUtils.java:logGet(44)) - raft.grpc.flow.control.window = 1MB (=1048576) (default)
2022-05-04 03:12:10,859 [Listener at 0.0.0.0/40303] INFO  server.RaftServerConfigKeys (ConfUtils.java:logGet(44)) - raft.server.rpc.request.timeout = 3000ms (default)
2022-05-04 03:12:11,212 [Listener at 0.0.0.0/40303] INFO  impl.DataStreamServerImpl (ConfUtils.java:logGet(44)) - raft.datastream.type = DISABLED (default)
2022-05-04 03:12:11,215 [Listener at 0.0.0.0/40303] INFO  server.RaftServerConfigKeys (ConfUtils.java:logGet(44)) - raft.server.rpc.slowness.timeout = 120s (custom)
2022-05-04 03:12:11,216 [Listener at 0.0.0.0/40303] INFO  server.RaftServerConfigKeys (ConfUtils.java:logGet(44)) - raft.server.leaderelection.leader.step-down.wait-time = 10s (default)
2022-05-04 03:12:11,236 [Listener at 0.0.0.0/40303] INFO  server.RaftServerConfigKeys (ConfUtils.java:logGet(44)) - raft.server.storage.dir = [/home/runner/work/ozone/ozone/hadoop-ozone/integration-test/target/test-dir/MiniOzoneClusterImpl-45092bb2-5ba0-493a-94ad-5fb4cf380ceb/ozone-meta/ratis] (custom)
2022-05-04 03:12:11,247 [Listener at 0.0.0.0/40303] INFO  server.RaftServer (RaftServerProxy.java:addNew(95)) - om1: addNew group-C5BA1605619E:[om1|rpc:localhost:9872|priority:0] returns group-C5BA1605619E:java.util.concurrent.CompletableFuture@3c744de9[Not completed]
2022-05-04 03:12:11,247 [Listener at 0.0.0.0/40303] INFO  om.OzoneManager (OzoneManager.java:initializeRatisServer(1891)) - OzoneManager Ratis server initialized at port 9872
2022-05-04 03:12:11,265 [Listener at 0.0.0.0/40303] INFO  om.OzoneManager (OzoneManager.java:getRpcServer(1027)) - Creating RPC Server
2022-05-04 03:12:11,280 [pool-50-thread-1] INFO  server.RaftServer$Division (RaftServerImpl.java:<init>(184)) - om1: new RaftServerImpl for group-C5BA1605619E:[om1|rpc:localhost:9872|priority:0] with OzoneManagerStateMachine:uninitialized
2022-05-04 03:12:11,290 [pool-50-thread-1] INFO  server.RaftServerConfigKeys (ConfUtils.java:logGet(44)) - raft.server.rpc.timeout.min = 1s (custom)
2022-05-04 03:12:11,291 [pool-50-thread-1] INFO  server.RaftServerConfigKeys (ConfUtils.java:logGet(44)) - raft.server.rpc.timeout.max = 1200ms (custom)
2022-05-04 03:12:11,291 [pool-50-thread-1] INFO  server.RaftServerConfigKeys (ConfUtils.java:logGet(44)) - raft.server.rpc.sleep.time = 25ms (default)
2022-05-04 03:12:11,291 [pool-50-thread-1] INFO  server.RaftServerConfigKeys (ConfUtils.java:logGet(44)) - raft.server.rpc.slowness.timeout = 120s (custom)
2022-05-04 03:12:11,291 [pool-50-thread-1] INFO  server.RaftServerConfigKeys (ConfUtils.java:logGet(44)) - raft.server.leaderelection.leader.step-down.wait-time = 10s (default)
2022-05-04 03:12:11,291 [pool-50-thread-1] INFO  server.RaftServerConfigKeys (ConfUtils.java:logGet(44)) - raft.server.sleep.deviation.threshold = 300ms (default)
2022-05-04 03:12:11,292 [pool-50-thread-1] INFO  server.RaftServerConfigKeys (ConfUtils.java:logGet(44)) - raft.server.log.appender.install.snapshot.enabled = false (custom)
2022-05-04 03:12:11,308 [pool-50-thread-1] INFO  server.RaftServer$Division (ServerState.java:<init>(105)) - om1@group-C5BA1605619E: ConfigurationManager, init=-1: [om1|rpc:localhost:9872|priority:0], old=null, confs=<EMPTY_MAP>
2022-05-04 03:12:11,308 [pool-50-thread-1] INFO  server.RaftServerConfigKeys (ConfUtils.java:logGet(44)) - raft.server.storage.dir = [/home/runner/work/ozone/ozone/hadoop-ozone/integration-test/target/test-dir/MiniOzoneClusterImpl-45092bb2-5ba0-493a-94ad-5fb4cf380ceb/ozone-meta/ratis] (custom)
2022-05-04 03:12:11,320 [pool-50-thread-1] INFO  server.RaftServerConfigKeys (ConfUtils.java:logGet(44)) - raft.server.log.corruption.policy = EXCEPTION (default)
2022-05-04 03:12:11,320 [pool-50-thread-1] INFO  server.RaftServerConfigKeys (ConfUtils.java:logGet(44)) - raft.server.storage.free-space.min = 0MB (=0) (default)
2022-05-04 03:12:11,324 [pool-50-thread-1] INFO  storage.RaftStorageDirectory (RaftStorageDirectoryImpl.java:analyzeStorage(135)) - The storage directory /home/runner/work/ozone/ozone/hadoop-ozone/integration-test/target/test-dir/MiniOzoneClusterImpl-45092bb2-5ba0-493a-94ad-5fb4cf380ceb/ozone-meta/ratis/bf265839-605b-3f16-9796-c5ba1605619e does not exist. Creating ...
2022-05-04 03:12:11,337 [pool-50-thread-1] INFO  storage.RaftStorageDirectory (RaftStorageDirectoryImpl.java:tryLock(230)) - Lock on /home/runner/work/ozone/ozone/hadoop-ozone/integration-test/target/test-dir/MiniOzoneClusterImpl-45092bb2-5ba0-493a-94ad-5fb4cf380ceb/ozone-meta/ratis/bf265839-605b-3f16-9796-c5ba1605619e/in_use.lock acquired by nodename 29567@fv-az270-73
2022-05-04 03:12:11,355 [pool-50-thread-1] INFO  storage.RaftStorage (RaftStorageImpl.java:format(89)) - Storage directory /home/runner/work/ozone/ozone/hadoop-ozone/integration-test/target/test-dir/MiniOzoneClusterImpl-45092bb2-5ba0-493a-94ad-5fb4cf380ceb/ozone-meta/ratis/bf265839-605b-3f16-9796-c5ba1605619e has been successfully formatted.
2022-05-04 03:12:11,360 [pool-50-thread-1] INFO  server.RaftServerConfigKeys (ConfUtils.java:logGet(44)) - raft.server.notification.no-leader.timeout = 120s (custom)
2022-05-04 03:12:11,362 [pool-50-thread-1] INFO  server.RaftServerConfigKeys (ConfUtils.java:logGet(44)) - raft.server.log.use.memory = false (default)
2022-05-04 03:12:11,387 [pool-50-thread-1] INFO  server.RaftServerConfigKeys (ConfUtils.java:logGet(44)) - raft.server.log.purge.gap = 1000000 (custom)
2022-05-04 03:12:11,387 [pool-50-thread-1] INFO  server.RaftServerConfigKeys (ConfUtils.java:logGet(44)) - raft.server.log.appender.buffer.byte-limit = 33554432 (custom)
2022-05-04 03:12:11,443 [pool-50-thread-1] INFO  server.RaftServerConfigKeys (ConfUtils.java:logGet(44)) - raft.server.log.segment.size.max = 4194304 (custom)
2022-05-04 03:12:11,471 [pool-50-thread-1] INFO  server.RaftServerConfigKeys (ConfUtils.java:logGet(44)) - raft.server.log.segment.cache.num.max = 2 (custom)
2022-05-04 03:12:11,472 [pool-50-thread-1] INFO  server.RaftServerConfigKeys (ConfUtils.java:logGet(44)) - raft.server.log.segment.cache.size.max = 200MB (=209715200) (default)
2022-05-04 03:12:11,479 [pool-50-thread-1] INFO  segmented.SegmentedRaftLogWorker (SegmentedRaftLogWorker.java:<init>(182)) - new om1@group-C5BA1605619E-SegmentedRaftLogWorker for RaftStorageImpl:Storage Directory /home/runner/work/ozone/ozone/hadoop-ozone/integration-test/target/test-dir/MiniOzoneClusterImpl-45092bb2-5ba0-493a-94ad-5fb4cf380ceb/ozone-meta/ratis/bf265839-605b-3f16-9796-c5ba1605619e
2022-05-04 03:12:11,490 [pool-50-thread-1] INFO  server.RaftServerConfigKeys (ConfUtils.java:logGet(44)) - raft.server.log.queue.byte-limit = 64MB (=67108864) (default)
2022-05-04 03:12:11,491 [pool-50-thread-1] INFO  server.RaftServerConfigKeys (ConfUtils.java:logGet(44)) - raft.server.log.queue.element-limit = 4096 (default)
2022-05-04 03:12:11,493 [pool-50-thread-1] INFO  server.RaftServerConfigKeys (ConfUtils.java:logGet(44)) - raft.server.log.segment.size.max = 4194304 (custom)
2022-05-04 03:12:11,494 [pool-50-thread-1] INFO  server.RaftServerConfigKeys (ConfUtils.java:logGet(44)) - raft.server.log.preallocated.size = 4194304 (custom)
2022-05-04 03:12:11,495 [pool-50-thread-1] INFO  server.RaftServerConfigKeys (ConfUtils.java:logGet(44)) - raft.server.log.force.sync.num = 128 (default)
2022-05-04 03:12:11,498 [pool-50-thread-1] INFO  server.RaftServerConfigKeys (ConfUtils.java:logGet(44)) - raft.server.log.statemachine.data.sync = true (default)
2022-05-04 03:12:11,498 [pool-50-thread-1] INFO  server.RaftServerConfigKeys (ConfUtils.java:logGet(44)) - raft.server.log.statemachine.data.sync.timeout = 10s (default)
2022-05-04 03:12:11,498 [pool-50-thread-1] INFO  server.RaftServerConfigKeys (ConfUtils.java:logGet(44)) - raft.server.log.statemachine.data.sync.timeout.retry = -1 (default)
2022-05-04 03:12:11,561 [pool-50-thread-1] INFO  server.RaftServerConfigKeys (ConfUtils.java:logGet(44)) - raft.server.log.write.buffer.size = 64KB (=65536) (default)
2022-05-04 03:12:11,562 [pool-50-thread-1] INFO  server.RaftServerConfigKeys (ConfUtils.java:logGet(44)) - raft.server.log.statemachine.data.caching.enabled = false (default)
2022-05-04 03:12:11,579 [pool-50-thread-1] INFO  segmented.SegmentedRaftLogWorker (SegmentedRaftLogWorker.java:lambda$new$0(133)) - om1@group-C5BA1605619E-SegmentedRaftLogWorker: flushIndex: setUnconditionally 0 -> -1
2022-05-04 03:12:11,580 [pool-50-thread-1] INFO  segmented.SegmentedRaftLogWorker (SegmentedRaftLogWorker.java:lambda$new$0(133)) - om1@group-C5BA1605619E-SegmentedRaftLogWorker: safeCacheEvictIndex: setUnconditionally 0 -> -1
2022-05-04 03:12:11,615 [pool-50-thread-1] INFO  server.RaftServerConfigKeys (ConfUtils.java:logGet(44)) - raft.server.snapshot.auto.trigger.enabled = true (custom)
2022-05-04 03:12:11,616 [pool-50-thread-1] INFO  server.RaftServerConfigKeys (ConfUtils.java:logGet(44)) - raft.server.snapshot.auto.trigger.threshold = 400000 (default)
2022-05-04 03:12:11,617 [pool-50-thread-1] INFO  server.RaftServerConfigKeys (ConfUtils.java:logGet(44)) - raft.server.snapshot.retention.file.num = -1 (default)
2022-05-04 03:12:11,618 [pool-50-thread-1] INFO  server.RaftServerConfigKeys (ConfUtils.java:logGet(44)) - raft.server.log.purge.upto.snapshot.index = true (custom)
2022-05-04 03:12:11,619 [pool-50-thread-1] INFO  server.RaftServerConfigKeys (ConfUtils.java:logGet(44)) - raft.server.retrycache.expirytime = 300s (custom)
2022-05-04 03:12:11,619 [pool-50-thread-1] INFO  server.RaftServerConfigKeys (ConfUtils.java:logGet(44)) - raft.server.retrycache.statistics.expirytime = 100μs (default)
2022-05-04 03:12:12,003 [Listener at 0.0.0.0/40303] INFO  reflections.Reflections (Reflections.java:scan(232)) - Reflections took 684 ms to scan 19 urls, producing 61 keys and 3647 values [using 2 cores]
2022-05-04 03:12:12,218 [Listener at 0.0.0.0/40303] INFO  ipc.CallQueueManager (CallQueueManager.java:<init>(90)) - Using callQueue: class java.util.concurrent.LinkedBlockingQueue, queueCapacity: 2000, scheduler: class org.apache.hadoop.ipc.DefaultRpcScheduler, ipcBackoff: false.
2022-05-04 03:12:12,222 [Socket Reader #1 for port 0] INFO  ipc.Server (Server.java:run(1265)) - Starting Socket Reader #1 for port 0
2022-05-04 03:12:12,258 [Listener at 127.0.0.1/39393] INFO  impl.MetricsSystemImpl (MetricsSystemImpl.java:init(158)) - OzoneManager metrics system started (again)
2022-05-04 03:12:12,275 [Listener at 127.0.0.1/39393] INFO  om.OzoneManager (OzoneManager.java:start(1395)) - OzoneManager RPC server is listening at localhost/127.0.0.1:39393
2022-05-04 03:12:12,275 [Listener at 127.0.0.1/39393] INFO  ratis.OzoneManagerRatisServer (OzoneManagerRatisServer.java:start(554)) - Starting OzoneManagerRatisServer om1 at port 9872
2022-05-04 03:12:12,278 [Listener at 127.0.0.1/39393] INFO  server.RaftServer$Division (RaftServerImpl.java:start(301)) - om1@group-C5BA1605619E: start as a follower, conf=-1: [om1|rpc:localhost:9872|priority:0], old=null
2022-05-04 03:12:12,280 [Listener at 127.0.0.1/39393] INFO  server.RaftServer$Division (RaftServerImpl.java:setRole(290)) - om1@group-C5BA1605619E: changes role from      null to FOLLOWER at term 0 for startAsFollower
2022-05-04 03:12:12,282 [Listener at 127.0.0.1/39393] INFO  impl.RoleInfo (RoleInfo.java:updateAndGet(130)) - om1: start om1@group-C5BA1605619E-FollowerState
2022-05-04 03:12:12,283 [Listener at 127.0.0.1/39393] INFO  util.JmxRegister (JmxRegister.java:tryRegister(44)) - Successfully registered JMX Bean with object name Ratis:service=RaftServer,group=group-C5BA1605619E,id=om1
2022-05-04 03:12:12,291 [Listener at 127.0.0.1/39393] INFO  server.RaftServer (RaftServerProxy.java:lambda$start$5(374)) - om1: start RPC server
2022-05-04 03:12:12,373 [Listener at 127.0.0.1/39393] INFO  server.GrpcService (GrpcService.java:startImpl(253)) - om1: GrpcService started, listening on 9872
2022-05-04 03:12:12,380 [Listener at 127.0.0.1/39393] INFO  om.OzoneManager (OzoneManager.java:start(1411)) - Version File has different layout version (1) than OM DB (null). That is expected if this OM has never been finalized to a newer layout version.
2022-05-04 03:12:12,382 [org.apache.ratis.util.JvmPauseMonitor$$Lambda$565/1325392746@328b60fb] INFO  util.JvmPauseMonitor (JvmPauseMonitor.java:run(103)) - JvmPauseMonitor-om1: Started
2022-05-04 03:12:12,399 [Listener at 127.0.0.1/39393] INFO  http.BaseHttpServer (BaseHttpServer.java:newHttpServer2BuilderForOzone(209)) - Starting Web-server for ozoneManager at: http://0.0.0.0:0
2022-05-04 03:12:12,400 [Listener at 127.0.0.1/39393] INFO  http.BaseHttpServer (BaseHttpServer.java:<init>(107)) - Hadoop Security Enabled: false Ozone Security Enabled: false Ozone HTTP Security Enabled: false 
2022-05-04 03:12:12,404 [Listener at 127.0.0.1/39393] INFO  server.AuthenticationFilter (AuthenticationFilter.java:constructSecretProvider(240)) - Unable to initialize FileSignerSecretProvider, falling back to use random secrets.
2022-05-04 03:12:12,408 [Listener at 127.0.0.1/39393] WARN  http.HttpRequestLog (HttpRequestLog.java:getRequestLog(103)) - Jetty request log can only be enabled using Log4j
2022-05-04 03:12:12,410 [Listener at 127.0.0.1/39393] INFO  http.HttpServer2 (HttpServer2.java:addGlobalFilter(1030)) - Added global filter 'safety' (class=org.apache.hadoop.hdds.server.http.HttpServer2$QuotingInputFilter)
2022-05-04 03:12:12,413 [Listener at 127.0.0.1/39393] INFO  http.HttpServer2 (HttpServer2.java:addFilter(1006)) - Added filter static_user_filter (class=org.apache.hadoop.http.lib.StaticUserWebFilter$StaticUserFilter) to context ozoneManager
2022-05-04 03:12:12,413 [Listener at 127.0.0.1/39393] INFO  http.HttpServer2 (HttpServer2.java:addFilter(1014)) - Added filter static_user_filter (class=org.apache.hadoop.http.lib.StaticUserWebFilter$StaticUserFilter) to context logs
2022-05-04 03:12:12,415 [Listener at 127.0.0.1/39393] INFO  http.HttpServer2 (HttpServer2.java:addFilter(1014)) - Added filter static_user_filter (class=org.apache.hadoop.http.lib.StaticUserWebFilter$StaticUserFilter) to context static
2022-05-04 03:12:12,422 [Listener at 127.0.0.1/39393] INFO  http.HttpServer2 (HttpServer2.java:bindListener(1249)) - Jetty bound to port 44797
2022-05-04 03:12:12,422 [Listener at 127.0.0.1/39393] INFO  server.Server (Server.java:doStart(375)) - jetty-9.4.43.v20210629; built: 2021-06-30T11:07:22.254Z; git: 526006ecfa3af7f1a27ef3a288e2bef7ea9dd7e8; jvm 1.8.0_322-b06
2022-05-04 03:12:12,431 [Listener at 127.0.0.1/39393] INFO  server.session (DefaultSessionIdManager.java:doStart(334)) - DefaultSessionIdManager workerName=node0
2022-05-04 03:12:12,431 [Listener at 127.0.0.1/39393] INFO  server.session (DefaultSessionIdManager.java:doStart(339)) - No SessionScavenger set, using defaults
2022-05-04 03:12:12,432 [Listener at 127.0.0.1/39393] INFO  server.session (HouseKeeper.java:startScavenging(132)) - node0 Scavenging every 600000ms
2022-05-04 03:12:12,432 [Listener at 127.0.0.1/39393] INFO  handler.ContextHandler (ContextHandler.java:doStart(915)) - Started o.e.j.s.ServletContextHandler@55204c19{logs,/logs,file:///home/runner/work/ozone/ozone/hadoop-ozone/integration-test/target/log,AVAILABLE}
2022-05-04 03:12:12,433 [Listener at 127.0.0.1/39393] INFO  handler.ContextHandler (ContextHandler.java:doStart(915)) - Started o.e.j.s.ServletContextHandler@1772cc68{static,/static,file:///home/runner/work/ozone/ozone/hadoop-ozone/integration-test/target/test-classes/webapps/static,AVAILABLE}
2022-05-04 03:12:12,441 [Listener at 127.0.0.1/39393] INFO  handler.ContextHandler (ContextHandler.java:doStart(915)) - Started o.e.j.w.WebAppContext@49f35dcc{ozoneManager,/,file:///home/runner/work/ozone/ozone/hadoop-ozone/integration-test/target/test-classes/webapps/ozoneManager/,AVAILABLE}{file:/home/runner/work/ozone/ozone/hadoop-ozone/integration-test/target/test-classes/webapps/ozoneManager}
2022-05-04 03:12:12,444 [Listener at 127.0.0.1/39393] INFO  server.AbstractConnector (AbstractConnector.java:doStart(331)) - Started ServerConnector@47b530e0{HTTP/1.1, (http/1.1)}{0.0.0.0:44797}
2022-05-04 03:12:12,444 [Listener at 127.0.0.1/39393] INFO  server.Server (Server.java:doStart(415)) - Started @8684ms
2022-05-04 03:12:12,444 [Listener at 127.0.0.1/39393] WARN  impl.MetricsSystemImpl (MetricsSystemImpl.java:register(279)) - Sink prometheus already exists!
2022-05-04 03:12:12,447 [Listener at 127.0.0.1/39393] INFO  http.BaseHttpServer (BaseHttpServer.java:updateConnectorAddress(329)) - HTTP server of ozoneManager listening at http://0.0.0.0:44797
2022-05-04 03:12:12,447 [IPC Server Responder] INFO  ipc.Server (Server.java:run(1507)) - IPC Server Responder: starting
2022-05-04 03:12:12,447 [IPC Server listener on 0] INFO  ipc.Server (Server.java:run(1344)) - IPC Server listener on 0: starting
2022-05-04 03:12:12,516 [Listener at 127.0.0.1/39393] INFO  om.TrashPolicyOzone (TrashPolicyOzone.java:<init>(178)) - Ozone Manager trash configuration: Deletion interval = 0 minutes, Emptier interval = 0 minutes.
2022-05-04 03:12:12,526 [org.apache.hadoop.util.JvmPauseMonitor$Monitor@2d9cde8] INFO  util.JvmPauseMonitor (JvmPauseMonitor.java:run(188)) - Starting JVM pause monitor
2022-05-04 03:12:12,845 [Listener at 127.0.0.1/39393] WARN  impl.MetricRegistriesImpl (MetricRegistriesImpl.java:addReporterRegistration(111)) - New reporters are added after registries were created. Some metrics will be missing from the reporter. Please add reporter before adding any new registry.
2022-05-04 03:12:12,845 [Listener at 127.0.0.1/39393] WARN  impl.MetricRegistriesImpl (MetricRegistriesImpl.java:addReporterRegistration(111)) - New reporters are added after registries were created. Some metrics will be missing from the reporter. Please add reporter before adding any new registry.
2022-05-04 03:12:12,845 [Listener at 127.0.0.1/39393] INFO  impl.MetricsSystemImpl (MetricsSystemImpl.java:init(158)) - HddsDatanode metrics system started (again)
2022-05-04 03:12:12,865 [Listener at 127.0.0.1/39393] INFO  ozone.HddsDatanodeService (HddsDatanodeService.java:start(233)) - HddsDatanodeService host:fv-az270-73.tacnzluakwdehk1hpragurqkma.bx.internal.cloudapp.net ip:10.1.0.22
2022-05-04 03:12:12,921 [Listener at 127.0.0.1/39393] INFO  upgrade.AbstractLayoutVersionManager (AbstractLayoutVersionManager.java:init(79)) - Initializing Layout version manager with metadata layout = ERASURE_CODED_STORAGE_SUPPORT (version = 3), software layout = ERASURE_CODED_STORAGE_SUPPORT (version = 3)
2022-05-04 03:12:12,973 [Listener at 127.0.0.1/39393] INFO  reflections.Reflections (Reflections.java:scan(232)) - Reflections took 50 ms to scan 7 urls, producing 126 keys and 289 values 
2022-05-04 03:12:12,977 [Listener at 127.0.0.1/39393] INFO  statemachine.DatanodeStateMachine (DatanodeStateMachine.java:getEndPointTaskThreadPoolSize(224)) - Datanode State Machine Task Thread Pool size 2
2022-05-04 03:12:13,040 [Listener at 127.0.0.1/39393] INFO  volume.HddsVolume (HddsVolume.java:<init>(120)) - Creating HddsVolume: /home/runner/work/ozone/ozone/hadoop-ozone/integration-test/target/test-dir/MiniOzoneClusterImpl-45092bb2-5ba0-493a-94ad-5fb4cf380ceb/datanode-0/data-0/containers/hdds of storage type : DISK capacity : 9223372036854775807
2022-05-04 03:12:13,043 [Listener at 127.0.0.1/39393] INFO  volume.MutableVolumeSet (MutableVolumeSet.java:initializeVolumeSet(168)) - Added Volume : /home/runner/work/ozone/ozone/hadoop-ozone/integration-test/target/test-dir/MiniOzoneClusterImpl-45092bb2-5ba0-493a-94ad-5fb4cf380ceb/datanode-0/data-0/containers/hdds to VolumeSet
2022-05-04 03:12:13,044 [Listener at 127.0.0.1/39393] INFO  volume.ThrottledAsyncChecker (ThrottledAsyncChecker.java:schedule(141)) - Scheduling a check for /home/runner/work/ozone/ozone/hadoop-ozone/integration-test/target/test-dir/MiniOzoneClusterImpl-45092bb2-5ba0-493a-94ad-5fb4cf380ceb/datanode-0/data-0/containers/hdds
2022-05-04 03:12:13,067 [Listener at 127.0.0.1/39393] INFO  volume.StorageVolumeChecker (StorageVolumeChecker.java:checkAllVolumes(202)) - Scheduled health check for volume /home/runner/work/ozone/ozone/hadoop-ozone/integration-test/target/test-dir/MiniOzoneClusterImpl-45092bb2-5ba0-493a-94ad-5fb4cf380ceb/datanode-0/data-0/containers/hdds
2022-05-04 03:12:13,088 [Listener at 127.0.0.1/39393] INFO  volume.MutableVolumeSet (MutableVolumeSet.java:initializeVolumeSet(168)) - Added Volume : /home/runner/work/ozone/ozone/hadoop-ozone/integration-test/target/test-dir/MiniOzoneClusterImpl-45092bb2-5ba0-493a-94ad-5fb4cf380ceb/datanode-0/data/ratis to VolumeSet
2022-05-04 03:12:13,088 [Listener at 127.0.0.1/39393] INFO  volume.ThrottledAsyncChecker (ThrottledAsyncChecker.java:schedule(141)) - Scheduling a check for /home/runner/work/ozone/ozone/hadoop-ozone/integration-test/target/test-dir/MiniOzoneClusterImpl-45092bb2-5ba0-493a-94ad-5fb4cf380ceb/datanode-0/data/ratis
2022-05-04 03:12:13,089 [Listener at 127.0.0.1/39393] INFO  volume.StorageVolumeChecker (StorageVolumeChecker.java:checkAllVolumes(202)) - Scheduled health check for volume /home/runner/work/ozone/ozone/hadoop-ozone/integration-test/target/test-dir/MiniOzoneClusterImpl-45092bb2-5ba0-493a-94ad-5fb4cf380ceb/datanode-0/data/ratis
2022-05-04 03:12:13,124 [Thread-131] INFO  ozoneimpl.ContainerReader (ContainerReader.java:readVolume(172)) - Finish verifying containers on volume /home/runner/work/ozone/ozone/hadoop-ozone/integration-test/target/test-dir/MiniOzoneClusterImpl-45092bb2-5ba0-493a-94ad-5fb4cf380ceb/datanode-0/data-0/containers/hdds
2022-05-04 03:12:13,125 [Listener at 127.0.0.1/39393] INFO  ozoneimpl.OzoneContainer (OzoneContainer.java:buildContainerSet(257)) - Build ContainerSet costs 0s
2022-05-04 03:12:13,188 [Listener at 127.0.0.1/39393] INFO  audit.AuditLogger (AuditLogger.java:refreshDebugCmdSet(120)) - Refresh DebugCmdSet for DNAudit to [].
2022-05-04 03:12:13,222 [Listener at 127.0.0.1/39393] INFO  server.RaftServer (ConfUtils.java:logGet(44)) - raft.rpc.type = GRPC (default)
2022-05-04 03:12:13,222 [Listener at 127.0.0.1/39393] INFO  grpc.GrpcFactory (GrpcFactory.java:checkPooledByteBufAllocatorUseCacheForAllThreads(48)) - PERFORMANCE WARNING: useCacheForAllThreads is true that may cause Netty to create a lot garbage objects and, as a result, trigger GC.
	It is recommended to disable useCacheForAllThreads by setting -Dorg.apache.ratis.thirdparty.io.netty.allocator.useCacheForAllThreads=false in command line.
2022-05-04 03:12:13,223 [Listener at 127.0.0.1/39393] INFO  grpc.GrpcConfigKeys (ConfUtils.java:logGet(44)) - raft.grpc.admin.port = 0 (custom)
2022-05-04 03:12:13,223 [Listener at 127.0.0.1/39393] INFO  grpc.GrpcConfigKeys (ConfUtils.java:logGet(44)) - raft.grpc.client.port = 0 (custom)
2022-05-04 03:12:13,223 [Listener at 127.0.0.1/39393] INFO  grpc.GrpcConfigKeys (ConfUtils.java:logGet(44)) - raft.grpc.server.port = 0 (default)
2022-05-04 03:12:13,223 [Listener at 127.0.0.1/39393] INFO  server.GrpcService (ConfUtils.java:logGet(44)) - raft.grpc.message.size.max = 32MB (=33554432) (custom)
2022-05-04 03:12:13,223 [Listener at 127.0.0.1/39393] INFO  server.RaftServerConfigKeys (ConfUtils.java:logGet(44)) - raft.server.log.appender.buffer.byte-limit = 33554432 (custom)
2022-05-04 03:12:13,224 [Listener at 127.0.0.1/39393] INFO  server.GrpcService (ConfUtils.java:logGet(44)) - raft.grpc.flow.control.window = 5MB (=5242880) (custom)
2022-05-04 03:12:13,224 [Listener at 127.0.0.1/39393] INFO  server.RaftServerConfigKeys (ConfUtils.java:logGet(44)) - raft.server.rpc.request.timeout = 60s (custom)
2022-05-04 03:12:13,225 [Listener at 127.0.0.1/39393] INFO  impl.DataStreamServerImpl (ConfUtils.java:logGet(44)) - raft.datastream.type = DISABLED (default)
2022-05-04 03:12:13,226 [Listener at 127.0.0.1/39393] INFO  server.RaftServerConfigKeys (ConfUtils.java:logGet(44)) - raft.server.rpc.slowness.timeout = 300s (custom)
2022-05-04 03:12:13,226 [Listener at 127.0.0.1/39393] INFO  server.RaftServerConfigKeys (ConfUtils.java:logGet(44)) - raft.server.leaderelection.leader.step-down.wait-time = 10s (default)
2022-05-04 03:12:13,226 [Listener at 127.0.0.1/39393] INFO  server.RaftServerConfigKeys (ConfUtils.java:logGet(44)) - raft.server.storage.dir = [/home/runner/work/ozone/ozone/hadoop-ozone/integration-test/target/test-dir/MiniOzoneClusterImpl-45092bb2-5ba0-493a-94ad-5fb4cf380ceb/datanode-0/data/ratis] (custom)
2022-05-04 03:12:13,246 [Listener at 127.0.0.1/39393] INFO  server.XceiverServerGrpc (XceiverServerGrpc.java:<init>(132)) - GrpcServer channel type EpollServerSocketChannel
2022-05-04 03:12:13,297 [Listener at 127.0.0.1/39393] INFO  http.BaseHttpServer (BaseHttpServer.java:newHttpServer2BuilderForOzone(209)) - Starting Web-server for hddsDatanode at: http://0.0.0.0:0
2022-05-04 03:12:13,298 [Listener at 127.0.0.1/39393] INFO  http.BaseHttpServer (BaseHttpServer.java:<init>(107)) - Hadoop Security Enabled: false Ozone Security Enabled: false Ozone HTTP Security Enabled: false 
2022-05-04 03:12:13,299 [Listener at 127.0.0.1/39393] INFO  server.AuthenticationFilter (AuthenticationFilter.java:constructSecretProvider(240)) - Unable to initialize FileSignerSecretProvider, falling back to use random secrets.
2022-05-04 03:12:13,300 [Listener at 127.0.0.1/39393] WARN  http.HttpRequestLog (HttpRequestLog.java:getRequestLog(103)) - Jetty request log can only be enabled using Log4j
2022-05-04 03:12:13,302 [Listener at 127.0.0.1/39393] INFO  http.HttpServer2 (HttpServer2.java:addGlobalFilter(1030)) - Added global filter 'safety' (class=org.apache.hadoop.hdds.server.http.HttpServer2$QuotingInputFilter)
2022-05-04 03:12:13,303 [Listener at 127.0.0.1/39393] INFO  http.HttpServer2 (HttpServer2.java:addFilter(1006)) - Added filter static_user_filter (class=org.apache.hadoop.http.lib.StaticUserWebFilter$StaticUserFilter) to context hddsDatanode
2022-05-04 03:12:13,303 [Listener at 127.0.0.1/39393] INFO  http.HttpServer2 (HttpServer2.java:addFilter(1014)) - Added filter static_user_filter (class=org.apache.hadoop.http.lib.StaticUserWebFilter$StaticUserFilter) to context static
2022-05-04 03:12:13,303 [Listener at 127.0.0.1/39393] INFO  http.HttpServer2 (HttpServer2.java:addFilter(1014)) - Added filter static_user_filter (class=org.apache.hadoop.http.lib.StaticUserWebFilter$StaticUserFilter) to context logs
2022-05-04 03:12:13,304 [Listener at 127.0.0.1/39393] INFO  http.HttpServer2 (HttpServer2.java:bindListener(1249)) - Jetty bound to port 39075
2022-05-04 03:12:13,304 [Listener at 127.0.0.1/39393] INFO  server.Server (Server.java:doStart(375)) - jetty-9.4.43.v20210629; built: 2021-06-30T11:07:22.254Z; git: 526006ecfa3af7f1a27ef3a288e2bef7ea9dd7e8; jvm 1.8.0_322-b06
2022-05-04 03:12:13,308 [Listener at 127.0.0.1/39393] INFO  server.session (DefaultSessionIdManager.java:doStart(334)) - DefaultSessionIdManager workerName=node0
2022-05-04 03:12:13,308 [Listener at 127.0.0.1/39393] INFO  server.session (DefaultSessionIdManager.java:doStart(339)) - No SessionScavenger set, using defaults
2022-05-04 03:12:13,308 [Listener at 127.0.0.1/39393] INFO  server.session (HouseKeeper.java:startScavenging(132)) - node0 Scavenging every 660000ms
2022-05-04 03:12:13,310 [Listener at 127.0.0.1/39393] INFO  handler.ContextHandler (ContextHandler.java:doStart(915)) - Started o.e.j.s.ServletContextHandler@49d69469{logs,/logs,file:///home/runner/work/ozone/ozone/hadoop-ozone/integration-test/target/log,AVAILABLE}
2022-05-04 03:12:13,310 [Listener at 127.0.0.1/39393] INFO  handler.ContextHandler (ContextHandler.java:doStart(915)) - Started o.e.j.s.ServletContextHandler@4de665b7{static,/static,jar:file:/home/runner/.m2/repository/org/apache/ozone/hdds-container-service/1.3.0-SNAPSHOT/hdds-container-service-1.3.0-SNAPSHOT.jar!/webapps/static,AVAILABLE}
2022-05-04 03:12:13,332 [om1@group-C5BA1605619E-FollowerState] INFO  impl.FollowerState (FollowerState.java:run(134)) - om1@group-C5BA1605619E-FollowerState: change to CANDIDATE, lastRpcElapsedTime:1050619730ns, electionTimeout:1044ms
2022-05-04 03:12:13,333 [om1@group-C5BA1605619E-FollowerState] INFO  impl.RoleInfo (RoleInfo.java:shutdownFollowerState(108)) - om1: shutdown om1@group-C5BA1605619E-FollowerState
2022-05-04 03:12:13,334 [om1@group-C5BA1605619E-FollowerState] INFO  server.RaftServer$Division (RaftServerImpl.java:setRole(290)) - om1@group-C5BA1605619E: changes role from  FOLLOWER to CANDIDATE at term 0 for changeToCandidate
2022-05-04 03:12:13,338 [om1@group-C5BA1605619E-FollowerState] INFO  server.RaftServerConfigKeys (ConfUtils.java:logGet(44)) - raft.server.leaderelection.pre-vote = false (custom)
2022-05-04 03:12:13,340 [om1@group-C5BA1605619E-FollowerState] INFO  impl.RoleInfo (RoleInfo.java:updateAndGet(130)) - om1: start om1@group-C5BA1605619E-LeaderElection1
2022-05-04 03:12:13,367 [om1@group-C5BA1605619E-LeaderElection1] INFO  impl.LeaderElection (LeaderElection.java:askForVotes(306)) - om1@group-C5BA1605619E-LeaderElection1 ELECTION round 0: submit vote requests at term 1 for -1: [om1|rpc:localhost:9872|priority:0], old=null
2022-05-04 03:12:13,368 [om1@group-C5BA1605619E-LeaderElection1] INFO  impl.LeaderElection (LeaderElection.java:askForVotes(308)) - om1@group-C5BA1605619E-LeaderElection1 ELECTION round 0: result PASSED (term=1)
2022-05-04 03:12:13,369 [om1@group-C5BA1605619E-LeaderElection1] INFO  impl.RoleInfo (RoleInfo.java:shutdownLeaderElection(121)) - om1: shutdown om1@group-C5BA1605619E-LeaderElection1
2022-05-04 03:12:13,369 [om1@group-C5BA1605619E-LeaderElection1] INFO  server.RaftServer$Division (RaftServerImpl.java:setRole(290)) - om1@group-C5BA1605619E: changes role from CANDIDATE to LEADER at term 1 for changeToLeader
2022-05-04 03:12:13,370 [om1@group-C5BA1605619E-LeaderElection1] INFO  server.RaftServer$Division (ServerState.java:setLeader(285)) - om1@group-C5BA1605619E: change Leader from null to om1 at term 1 for becomeLeader, leader elected after 2009ms
2022-05-04 03:12:13,384 [om1@group-C5BA1605619E-LeaderElection1] INFO  server.RaftServerConfigKeys (ConfUtils.java:logGet(44)) - raft.server.staging.catchup.gap = 1000 (default)
2022-05-04 03:12:13,393 [om1@group-C5BA1605619E-LeaderElection1] INFO  server.RaftServerConfigKeys (ConfUtils.java:logGet(44)) - raft.server.write.element-limit = 4096 (default)
2022-05-04 03:12:13,394 [om1@group-C5BA1605619E-LeaderElection1] INFO  server.RaftServerConfigKeys (ConfUtils.java:logGet(44)) - raft.server.write.byte-limit = 64MB (=67108864) (default)
2022-05-04 03:12:13,408 [om1@group-C5BA1605619E-LeaderElection1] INFO  server.RaftServerConfigKeys (ConfUtils.java:logGet(44)) - raft.server.watch.timeout = 10s (default)
2022-05-04 03:12:13,408 [om1@group-C5BA1605619E-LeaderElection1] INFO  server.RaftServerConfigKeys (ConfUtils.java:logGet(44)) - raft.server.watch.timeout.denomination = 1s (default)
2022-05-04 03:12:13,409 [om1@group-C5BA1605619E-LeaderElection1] INFO  server.RaftServerConfigKeys (ConfUtils.java:logGet(44)) - raft.server.watch.element-limit = 65536 (default)
2022-05-04 03:12:13,413 [om1@group-C5BA1605619E-LeaderElection1] INFO  server.RaftServerConfigKeys (ConfUtils.java:logGet(44)) - raft.server.write.element-limit = 4096 (default)
2022-05-04 03:12:13,424 [om1@group-C5BA1605619E-LeaderElection1] INFO  server.RaftServerConfigKeys (ConfUtils.java:logGet(44)) - raft.server.write.follower.gap.ratio.max = -1.0 (default)
2022-05-04 03:12:13,427 [om1@group-C5BA1605619E-LeaderElection1] INFO  impl.RoleInfo (RoleInfo.java:updateAndGet(130)) - om1: start om1@group-C5BA1605619E-LeaderStateImpl
2022-05-04 03:12:13,483 [om1@group-C5BA1605619E-LeaderElection1] INFO  segmented.SegmentedRaftLogWorker (SegmentedRaftLogWorker.java:startLogSegment(394)) - om1@group-C5BA1605619E-SegmentedRaftLogWorker: Starting segment from index:0
2022-05-04 03:12:13,576 [om1@group-C5BA1605619E-LeaderElection1] INFO  server.RaftServer$Division (ServerState.java:setRaftConf(387)) - om1@group-C5BA1605619E: set configuration 0: [om1|rpc:localhost:9872|admin:|client:|dataStream:|priority:0], old=null
2022-05-04 03:12:13,657 [Listener at 127.0.0.1/39393] INFO  handler.ContextHandler (ContextHandler.java:doStart(915)) - Started o.e.j.w.WebAppContext@158ff98a{hddsDatanode,/,file:///tmp/jetty-0_0_0_0-39075-hdds-container-service-1_3_0-SNAPSHOT_jar-_-any-2243392294439924200/webapp/,AVAILABLE}{jar:file:/home/runner/.m2/repository/org/apache/ozone/hdds-container-service/1.3.0-SNAPSHOT/hdds-container-service-1.3.0-SNAPSHOT.jar!/webapps/hddsDatanode}
2022-05-04 03:12:13,663 [Listener at 127.0.0.1/39393] INFO  server.AbstractConnector (AbstractConnector.java:doStart(331)) - Started ServerConnector@2d5c1ebf{HTTP/1.1, (http/1.1)}{0.0.0.0:39075}
2022-05-04 03:12:13,663 [Listener at 127.0.0.1/39393] INFO  server.Server (Server.java:doStart(415)) - Started @9904ms
2022-05-04 03:12:13,664 [Listener at 127.0.0.1/39393] WARN  impl.MetricsSystemImpl (MetricsSystemImpl.java:register(279)) - Sink prometheus already exists!
2022-05-04 03:12:13,664 [Listener at 127.0.0.1/39393] INFO  http.BaseHttpServer (BaseHttpServer.java:updateConnectorAddress(329)) - HTTP server of hddsDatanode listening at http://0.0.0.0:39075
2022-05-04 03:12:13,670 [om1@group-C5BA1605619E-SegmentedRaftLogWorker] INFO  segmented.SegmentedRaftLogWorker (SegmentedRaftLogWorker.java:execute(601)) - om1@group-C5BA1605619E-SegmentedRaftLogWorker: created new log segment /home/runner/work/ozone/ozone/hadoop-ozone/integration-test/target/test-dir/MiniOzoneClusterImpl-45092bb2-5ba0-493a-94ad-5fb4cf380ceb/ozone-meta/ratis/bf265839-605b-3f16-9796-c5ba1605619e/current/log_inprogress_0
2022-05-04 03:12:13,674 [Listener at 127.0.0.1/39393] WARN  impl.MetricRegistriesImpl (MetricRegistriesImpl.java:addReporterRegistration(111)) - New reporters are added after registries were created. Some metrics will be missing from the reporter. Please add reporter before adding any new registry.
2022-05-04 03:12:13,674 [Listener at 127.0.0.1/39393] WARN  impl.MetricRegistriesImpl (MetricRegistriesImpl.java:addReporterRegistration(111)) - New reporters are added after registries were created. Some metrics will be missing from the reporter. Please add reporter before adding any new registry.
2022-05-04 03:12:13,674 [Listener at 127.0.0.1/39393] INFO  impl.MetricsSystemImpl (MetricsSystemImpl.java:init(158)) - HddsDatanode metrics system started (again)
2022-05-04 03:12:13,674 [Datanode State Machine Daemon Thread] INFO  statemachine.DatanodeStateMachine (DatanodeStateMachine.java:lambda$startDaemon$0(472)) - Ozone container server started.
2022-05-04 03:12:13,707 [Listener at 127.0.0.1/39393] INFO  ozone.HddsDatanodeService (HddsDatanodeService.java:start(233)) - HddsDatanodeService host:fv-az270-73.tacnzluakwdehk1hpragurqkma.bx.internal.cloudapp.net ip:10.1.0.22
2022-05-04 03:12:13,731 [org.apache.hadoop.util.JvmPauseMonitor$Monitor@4ebb05] INFO  util.JvmPauseMonitor (JvmPauseMonitor.java:run(188)) - Starting JVM pause monitor
2022-05-04 03:12:13,750 [Listener at 127.0.0.1/39393] INFO  upgrade.AbstractLayoutVersionManager (AbstractLayoutVersionManager.java:init(79)) - Initializing Layout version manager with metadata layout = ERASURE_CODED_STORAGE_SUPPORT (version = 3), software layout = ERASURE_CODED_STORAGE_SUPPORT (version = 3)
2022-05-04 03:12:13,823 [Listener at 127.0.0.1/39393] INFO  reflections.Reflections (Reflections.java:scan(232)) - Reflections took 72 ms to scan 7 urls, producing 126 keys and 289 values 
2022-05-04 03:12:13,825 [Listener at 127.0.0.1/39393] INFO  statemachine.DatanodeStateMachine (DatanodeStateMachine.java:getEndPointTaskThreadPoolSize(224)) - Datanode State Machine Task Thread Pool size 2
2022-05-04 03:12:13,828 [Listener at 127.0.0.1/39393] INFO  volume.HddsVolume (HddsVolume.java:<init>(120)) - Creating HddsVolume: /home/runner/work/ozone/ozone/hadoop-ozone/integration-test/target/test-dir/MiniOzoneClusterImpl-45092bb2-5ba0-493a-94ad-5fb4cf380ceb/datanode-1/data-0/containers/hdds of storage type : DISK capacity : 9223372036854775807
2022-05-04 03:12:13,828 [Listener at 127.0.0.1/39393] INFO  volume.MutableVolumeSet (MutableVolumeSet.java:initializeVolumeSet(168)) - Added Volume : /home/runner/work/ozone/ozone/hadoop-ozone/integration-test/target/test-dir/MiniOzoneClusterImpl-45092bb2-5ba0-493a-94ad-5fb4cf380ceb/datanode-1/data-0/containers/hdds to VolumeSet
2022-05-04 03:12:13,828 [Listener at 127.0.0.1/39393] INFO  volume.ThrottledAsyncChecker (ThrottledAsyncChecker.java:schedule(141)) - Scheduling a check for /home/runner/work/ozone/ozone/hadoop-ozone/integration-test/target/test-dir/MiniOzoneClusterImpl-45092bb2-5ba0-493a-94ad-5fb4cf380ceb/datanode-1/data-0/containers/hdds
2022-05-04 03:12:13,829 [Listener at 127.0.0.1/39393] INFO  volume.StorageVolumeChecker (StorageVolumeChecker.java:checkAllVolumes(202)) - Scheduled health check for volume /home/runner/work/ozone/ozone/hadoop-ozone/integration-test/target/test-dir/MiniOzoneClusterImpl-45092bb2-5ba0-493a-94ad-5fb4cf380ceb/datanode-1/data-0/containers/hdds
2022-05-04 03:12:13,842 [Listener at 127.0.0.1/39393] INFO  volume.MutableVolumeSet (MutableVolumeSet.java:initializeVolumeSet(168)) - Added Volume : /home/runner/work/ozone/ozone/hadoop-ozone/integration-test/target/test-dir/MiniOzoneClusterImpl-45092bb2-5ba0-493a-94ad-5fb4cf380ceb/datanode-1/data/ratis to VolumeSet
2022-05-04 03:12:13,843 [Listener at 127.0.0.1/39393] INFO  volume.ThrottledAsyncChecker (ThrottledAsyncChecker.java:schedule(141)) - Scheduling a check for /home/runner/work/ozone/ozone/hadoop-ozone/integration-test/target/test-dir/MiniOzoneClusterImpl-45092bb2-5ba0-493a-94ad-5fb4cf380ceb/datanode-1/data/ratis
2022-05-04 03:12:13,843 [Listener at 127.0.0.1/39393] INFO  volume.StorageVolumeChecker (StorageVolumeChecker.java:checkAllVolumes(202)) - Scheduled health check for volume /home/runner/work/ozone/ozone/hadoop-ozone/integration-test/target/test-dir/MiniOzoneClusterImpl-45092bb2-5ba0-493a-94ad-5fb4cf380ceb/datanode-1/data/ratis
2022-05-04 03:12:13,878 [Thread-145] INFO  ozoneimpl.ContainerReader (ContainerReader.java:readVolume(172)) - Finish verifying containers on volume /home/runner/work/ozone/ozone/hadoop-ozone/integration-test/target/test-dir/MiniOzoneClusterImpl-45092bb2-5ba0-493a-94ad-5fb4cf380ceb/datanode-1/data-0/containers/hdds
2022-05-04 03:12:13,883 [Listener at 127.0.0.1/39393] INFO  ozoneimpl.OzoneContainer (OzoneContainer.java:buildContainerSet(257)) - Build ContainerSet costs 0s
2022-05-04 03:12:13,886 [Listener at 127.0.0.1/39393] INFO  server.RaftServer (ConfUtils.java:logGet(44)) - raft.rpc.type = GRPC (default)
2022-05-04 03:12:13,886 [Listener at 127.0.0.1/39393] INFO  grpc.GrpcFactory (GrpcFactory.java:checkPooledByteBufAllocatorUseCacheForAllThreads(48)) - PERFORMANCE WARNING: useCacheForAllThreads is true that may cause Netty to create a lot garbage objects and, as a result, trigger GC.
	It is recommended to disable useCacheForAllThreads by setting -Dorg.apache.ratis.thirdparty.io.netty.allocator.useCacheForAllThreads=false in command line.
2022-05-04 03:12:13,887 [Listener at 127.0.0.1/39393] INFO  grpc.GrpcConfigKeys (ConfUtils.java:logGet(44)) - raft.grpc.admin.port = 0 (custom)
2022-05-04 03:12:13,887 [Listener at 127.0.0.1/39393] INFO  grpc.GrpcConfigKeys (ConfUtils.java:logGet(44)) - raft.grpc.client.port = 0 (custom)
2022-05-04 03:12:13,887 [Listener at 127.0.0.1/39393] INFO  grpc.GrpcConfigKeys (ConfUtils.java:logGet(44)) - raft.grpc.server.port = 0 (default)
2022-05-04 03:12:13,887 [Listener at 127.0.0.1/39393] INFO  server.GrpcService (ConfUtils.java:logGet(44)) - raft.grpc.message.size.max = 32MB (=33554432) (custom)
2022-05-04 03:12:13,887 [Listener at 127.0.0.1/39393] INFO  server.RaftServerConfigKeys (ConfUtils.java:logGet(44)) - raft.server.log.appender.buffer.byte-limit = 33554432 (custom)
2022-05-04 03:12:13,888 [Listener at 127.0.0.1/39393] INFO  server.GrpcService (ConfUtils.java:logGet(44)) - raft.grpc.flow.control.window = 5MB (=5242880) (custom)
2022-05-04 03:12:13,888 [Listener at 127.0.0.1/39393] INFO  server.RaftServerConfigKeys (ConfUtils.java:logGet(44)) - raft.server.rpc.request.timeout = 60s (custom)
2022-05-04 03:12:13,889 [Listener at 127.0.0.1/39393] INFO  impl.DataStreamServerImpl (ConfUtils.java:logGet(44)) - raft.datastream.type = DISABLED (default)
2022-05-04 03:12:13,889 [Listener at 127.0.0.1/39393] INFO  server.RaftServerConfigKeys (ConfUtils.java:logGet(44)) - raft.server.rpc.slowness.timeout = 300s (custom)
2022-05-04 03:12:13,889 [Listener at 127.0.0.1/39393] INFO  server.RaftServerConfigKeys (ConfUtils.java:logGet(44)) - raft.server.leaderelection.leader.step-down.wait-time = 10s (default)
2022-05-04 03:12:13,890 [Listener at 127.0.0.1/39393] INFO  server.RaftServerConfigKeys (ConfUtils.java:logGet(44)) - raft.server.storage.dir = [/home/runner/work/ozone/ozone/hadoop-ozone/integration-test/target/test-dir/MiniOzoneClusterImpl-45092bb2-5ba0-493a-94ad-5fb4cf380ceb/datanode-1/data/ratis] (custom)
2022-05-04 03:12:13,892 [Listener at 127.0.0.1/39393] INFO  server.XceiverServerGrpc (XceiverServerGrpc.java:<init>(132)) - GrpcServer channel type EpollServerSocketChannel
2022-05-04 03:12:13,896 [Listener at 127.0.0.1/39393] INFO  http.BaseHttpServer (BaseHttpServer.java:newHttpServer2BuilderForOzone(209)) - Starting Web-server for hddsDatanode at: http://0.0.0.0:0
2022-05-04 03:12:13,896 [Listener at 127.0.0.1/39393] INFO  http.BaseHttpServer (BaseHttpServer.java:<init>(107)) - Hadoop Security Enabled: false Ozone Security Enabled: false Ozone HTTP Security Enabled: false 
2022-05-04 03:12:13,898 [Listener at 127.0.0.1/39393] INFO  server.AuthenticationFilter (AuthenticationFilter.java:constructSecretProvider(240)) - Unable to initialize FileSignerSecretProvider, falling back to use random secrets.
2022-05-04 03:12:13,899 [Listener at 127.0.0.1/39393] WARN  http.HttpRequestLog (HttpRequestLog.java:getRequestLog(103)) - Jetty request log can only be enabled using Log4j
2022-05-04 03:12:13,900 [Listener at 127.0.0.1/39393] INFO  http.HttpServer2 (HttpServer2.java:addGlobalFilter(1030)) - Added global filter 'safety' (class=org.apache.hadoop.hdds.server.http.HttpServer2$QuotingInputFilter)
2022-05-04 03:12:13,901 [Listener at 127.0.0.1/39393] INFO  http.HttpServer2 (HttpServer2.java:addFilter(1006)) - Added filter static_user_filter (class=org.apache.hadoop.http.lib.StaticUserWebFilter$StaticUserFilter) to context hddsDatanode
2022-05-04 03:12:13,901 [Listener at 127.0.0.1/39393] INFO  http.HttpServer2 (HttpServer2.java:addFilter(1014)) - Added filter static_user_filter (class=org.apache.hadoop.http.lib.StaticUserWebFilter$StaticUserFilter) to context static
2022-05-04 03:12:13,901 [Listener at 127.0.0.1/39393] INFO  http.HttpServer2 (HttpServer2.java:addFilter(1014)) - Added filter static_user_filter (class=org.apache.hadoop.http.lib.StaticUserWebFilter$StaticUserFilter) to context logs
2022-05-04 03:12:13,902 [Listener at 127.0.0.1/39393] INFO  http.HttpServer2 (HttpServer2.java:bindListener(1249)) - Jetty bound to port 43273
2022-05-04 03:12:13,902 [Listener at 127.0.0.1/39393] INFO  server.Server (Server.java:doStart(375)) - jetty-9.4.43.v20210629; built: 2021-06-30T11:07:22.254Z; git: 526006ecfa3af7f1a27ef3a288e2bef7ea9dd7e8; jvm 1.8.0_322-b06
2022-05-04 03:12:13,907 [Listener at 127.0.0.1/39393] INFO  server.session (DefaultSessionIdManager.java:doStart(334)) - DefaultSessionIdManager workerName=node0
2022-05-04 03:12:13,908 [Listener at 127.0.0.1/39393] INFO  server.session (DefaultSessionIdManager.java:doStart(339)) - No SessionScavenger set, using defaults
2022-05-04 03:12:13,908 [Listener at 127.0.0.1/39393] INFO  server.session (HouseKeeper.java:startScavenging(132)) - node0 Scavenging every 660000ms
2022-05-04 03:12:13,909 [Listener at 127.0.0.1/39393] INFO  handler.ContextHandler (ContextHandler.java:doStart(915)) - Started o.e.j.s.ServletContextHandler@49b71061{logs,/logs,file:///home/runner/work/ozone/ozone/hadoop-ozone/integration-test/target/log,AVAILABLE}
2022-05-04 03:12:13,909 [Listener at 127.0.0.1/39393] INFO  handler.ContextHandler (ContextHandler.java:doStart(915)) - Started o.e.j.s.ServletContextHandler@6ee7e602{static,/static,jar:file:/home/runner/.m2/repository/org/apache/ozone/hdds-container-service/1.3.0-SNAPSHOT/hdds-container-service-1.3.0-SNAPSHOT.jar!/webapps/static,AVAILABLE}
2022-05-04 03:12:13,967 [om1@group-C5BA1605619E-StateMachineUpdater] INFO  ratis.OzoneManagerStateMachine (OzoneManagerStateMachine.java:notifyConfigurationChanged(191)) - Received Configuration change notification from Ratis. New Peer list:
[id: "om1"
address: "localhost:9872"
]
2022-05-04 03:12:14,039 [Datanode State Machine Task Thread - 0] INFO  datanode.InitDatanodeState (InitDatanodeState.java:persistContainerDatanodeDetails(138)) - DatanodeDetails is persisted to /home/runner/work/ozone/ozone/hadoop-ozone/integration-test/target/test-dir/MiniOzoneClusterImpl-45092bb2-5ba0-493a-94ad-5fb4cf380ceb/datanode-0/meta/datanode.id
2022-05-04 03:12:14,153 [Listener at 127.0.0.1/39393] INFO  handler.ContextHandler (ContextHandler.java:doStart(915)) - Started o.e.j.w.WebAppContext@21d5142d{hddsDatanode,/,file:///tmp/jetty-0_0_0_0-43273-hdds-container-service-1_3_0-SNAPSHOT_jar-_-any-4488068476162135592/webapp/,AVAILABLE}{jar:file:/home/runner/.m2/repository/org/apache/ozone/hdds-container-service/1.3.0-SNAPSHOT/hdds-container-service-1.3.0-SNAPSHOT.jar!/webapps/hddsDatanode}
2022-05-04 03:12:14,155 [Listener at 127.0.0.1/39393] INFO  server.AbstractConnector (AbstractConnector.java:doStart(331)) - Started ServerConnector@3540fec8{HTTP/1.1, (http/1.1)}{0.0.0.0:43273}
2022-05-04 03:12:14,156 [Listener at 127.0.0.1/39393] INFO  server.Server (Server.java:doStart(415)) - Started @10396ms
2022-05-04 03:12:14,156 [Listener at 127.0.0.1/39393] WARN  impl.MetricsSystemImpl (MetricsSystemImpl.java:register(279)) - Sink prometheus already exists!
2022-05-04 03:12:14,157 [Listener at 127.0.0.1/39393] INFO  http.BaseHttpServer (BaseHttpServer.java:updateConnectorAddress(329)) - HTTP server of hddsDatanode listening at http://0.0.0.0:43273
2022-05-04 03:12:14,162 [Datanode State Machine Daemon Thread] INFO  statemachine.DatanodeStateMachine (DatanodeStateMachine.java:lambda$startDaemon$0(472)) - Ozone container server started.
2022-05-04 03:12:14,162 [Listener at 127.0.0.1/39393] WARN  impl.MetricRegistriesImpl (MetricRegistriesImpl.java:addReporterRegistration(111)) - New reporters are added after registries were created. Some metrics will be missing from the reporter. Please add reporter before adding any new registry.
2022-05-04 03:12:14,163 [Listener at 127.0.0.1/39393] WARN  impl.MetricRegistriesImpl (MetricRegistriesImpl.java:addReporterRegistration(111)) - New reporters are added after registries were created. Some metrics will be missing from the reporter. Please add reporter before adding any new registry.
2022-05-04 03:12:14,164 [Listener at 127.0.0.1/39393] INFO  impl.MetricsSystemImpl (MetricsSystemImpl.java:init(158)) - HddsDatanode metrics system started (again)
2022-05-04 03:12:14,175 [org.apache.hadoop.util.JvmPauseMonitor$Monitor@c1f0ff9] INFO  util.JvmPauseMonitor (JvmPauseMonitor.java:run(188)) - Starting JVM pause monitor
2022-05-04 03:12:14,176 [Listener at 127.0.0.1/39393] INFO  ozone.HddsDatanodeService (HddsDatanodeService.java:start(233)) - HddsDatanodeService host:fv-az270-73.tacnzluakwdehk1hpragurqkma.bx.internal.cloudapp.net ip:10.1.0.22
2022-05-04 03:12:14,192 [Datanode State Machine Task Thread - 0] INFO  datanode.InitDatanodeState (InitDatanodeState.java:persistContainerDatanodeDetails(138)) - DatanodeDetails is persisted to /home/runner/work/ozone/ozone/hadoop-ozone/integration-test/target/test-dir/MiniOzoneClusterImpl-45092bb2-5ba0-493a-94ad-5fb4cf380ceb/datanode-1/meta/datanode.id
2022-05-04 03:12:14,218 [Listener at 127.0.0.1/39393] INFO  upgrade.AbstractLayoutVersionManager (AbstractLayoutVersionManager.java:init(79)) - Initializing Layout version manager with metadata layout = ERASURE_CODED_STORAGE_SUPPORT (version = 3), software layout = ERASURE_CODED_STORAGE_SUPPORT (version = 3)
2022-05-04 03:12:14,273 [Listener at 127.0.0.1/39393] INFO  reflections.Reflections (Reflections.java:scan(232)) - Reflections took 54 ms to scan 7 urls, producing 126 keys and 289 values 
2022-05-04 03:12:14,276 [Listener at 127.0.0.1/39393] INFO  statemachine.DatanodeStateMachine (DatanodeStateMachine.java:getEndPointTaskThreadPoolSize(224)) - Datanode State Machine Task Thread Pool size 2
2022-05-04 03:12:14,279 [Listener at 127.0.0.1/39393] INFO  volume.HddsVolume (HddsVolume.java:<init>(120)) - Creating HddsVolume: /home/runner/work/ozone/ozone/hadoop-ozone/integration-test/target/test-dir/MiniOzoneClusterImpl-45092bb2-5ba0-493a-94ad-5fb4cf380ceb/datanode-2/data-0/containers/hdds of storage type : DISK capacity : 9223372036854775807
2022-05-04 03:12:14,279 [Listener at 127.0.0.1/39393] INFO  volume.MutableVolumeSet (MutableVolumeSet.java:initializeVolumeSet(168)) - Added Volume : /home/runner/work/ozone/ozone/hadoop-ozone/integration-test/target/test-dir/MiniOzoneClusterImpl-45092bb2-5ba0-493a-94ad-5fb4cf380ceb/datanode-2/data-0/containers/hdds to VolumeSet
2022-05-04 03:12:14,280 [Listener at 127.0.0.1/39393] INFO  volume.ThrottledAsyncChecker (ThrottledAsyncChecker.java:schedule(141)) - Scheduling a check for /home/runner/work/ozone/ozone/hadoop-ozone/integration-test/target/test-dir/MiniOzoneClusterImpl-45092bb2-5ba0-493a-94ad-5fb4cf380ceb/datanode-2/data-0/containers/hdds
2022-05-04 03:12:14,283 [Listener at 127.0.0.1/39393] INFO  volume.StorageVolumeChecker (StorageVolumeChecker.java:checkAllVolumes(202)) - Scheduled health check for volume /home/runner/work/ozone/ozone/hadoop-ozone/integration-test/target/test-dir/MiniOzoneClusterImpl-45092bb2-5ba0-493a-94ad-5fb4cf380ceb/datanode-2/data-0/containers/hdds
2022-05-04 03:12:14,296 [Listener at 127.0.0.1/39393] INFO  volume.MutableVolumeSet (MutableVolumeSet.java:initializeVolumeSet(168)) - Added Volume : /home/runner/work/ozone/ozone/hadoop-ozone/integration-test/target/test-dir/MiniOzoneClusterImpl-45092bb2-5ba0-493a-94ad-5fb4cf380ceb/datanode-2/data/ratis to VolumeSet
2022-05-04 03:12:14,296 [Listener at 127.0.0.1/39393] INFO  volume.ThrottledAsyncChecker (ThrottledAsyncChecker.java:schedule(141)) - Scheduling a check for /home/runner/work/ozone/ozone/hadoop-ozone/integration-test/target/test-dir/MiniOzoneClusterImpl-45092bb2-5ba0-493a-94ad-5fb4cf380ceb/datanode-2/data/ratis
2022-05-04 03:12:14,297 [Listener at 127.0.0.1/39393] INFO  volume.StorageVolumeChecker (StorageVolumeChecker.java:checkAllVolumes(202)) - Scheduled health check for volume /home/runner/work/ozone/ozone/hadoop-ozone/integration-test/target/test-dir/MiniOzoneClusterImpl-45092bb2-5ba0-493a-94ad-5fb4cf380ceb/datanode-2/data/ratis
2022-05-04 03:12:14,311 [Thread-157] INFO  ozoneimpl.ContainerReader (ContainerReader.java:readVolume(172)) - Finish verifying containers on volume /home/runner/work/ozone/ozone/hadoop-ozone/integration-test/target/test-dir/MiniOzoneClusterImpl-45092bb2-5ba0-493a-94ad-5fb4cf380ceb/datanode-2/data-0/containers/hdds
2022-05-04 03:12:14,311 [Listener at 127.0.0.1/39393] INFO  ozoneimpl.OzoneContainer (OzoneContainer.java:buildContainerSet(257)) - Build ContainerSet costs 0s
2022-05-04 03:12:14,315 [Listener at 127.0.0.1/39393] INFO  server.RaftServer (ConfUtils.java:logGet(44)) - raft.rpc.type = GRPC (default)
2022-05-04 03:12:14,315 [Listener at 127.0.0.1/39393] INFO  grpc.GrpcFactory (GrpcFactory.java:checkPooledByteBufAllocatorUseCacheForAllThreads(48)) - PERFORMANCE WARNING: useCacheForAllThreads is true that may cause Netty to create a lot garbage objects and, as a result, trigger GC.
	It is recommended to disable useCacheForAllThreads by setting -Dorg.apache.ratis.thirdparty.io.netty.allocator.useCacheForAllThreads=false in command line.
2022-05-04 03:12:14,315 [Listener at 127.0.0.1/39393] INFO  grpc.GrpcConfigKeys (ConfUtils.java:logGet(44)) - raft.grpc.admin.port = 0 (custom)
2022-05-04 03:12:14,316 [Listener at 127.0.0.1/39393] INFO  grpc.GrpcConfigKeys (ConfUtils.java:logGet(44)) - raft.grpc.client.port = 0 (custom)
2022-05-04 03:12:14,316 [Listener at 127.0.0.1/39393] INFO  grpc.GrpcConfigKeys (ConfUtils.java:logGet(44)) - raft.grpc.server.port = 0 (default)
2022-05-04 03:12:14,316 [Listener at 127.0.0.1/39393] INFO  server.GrpcService (ConfUtils.java:logGet(44)) - raft.grpc.message.size.max = 32MB (=33554432) (custom)
2022-05-04 03:12:14,316 [Listener at 127.0.0.1/39393] INFO  server.RaftServerConfigKeys (ConfUtils.java:logGet(44)) - raft.server.log.appender.buffer.byte-limit = 33554432 (custom)
2022-05-04 03:12:14,316 [Listener at 127.0.0.1/39393] INFO  server.GrpcService (ConfUtils.java:logGet(44)) - raft.grpc.flow.control.window = 5MB (=5242880) (custom)
2022-05-04 03:12:14,317 [Listener at 127.0.0.1/39393] INFO  server.RaftServerConfigKeys (ConfUtils.java:logGet(44)) - raft.server.rpc.request.timeout = 60s (custom)
2022-05-04 03:12:14,318 [Listener at 127.0.0.1/39393] INFO  impl.DataStreamServerImpl (ConfUtils.java:logGet(44)) - raft.datastream.type = DISABLED (default)
2022-05-04 03:12:14,318 [Listener at 127.0.0.1/39393] INFO  server.RaftServerConfigKeys (ConfUtils.java:logGet(44)) - raft.server.rpc.slowness.timeout = 300s (custom)
2022-05-04 03:12:14,318 [Listener at 127.0.0.1/39393] INFO  server.RaftServerConfigKeys (ConfUtils.java:logGet(44)) - raft.server.leaderelection.leader.step-down.wait-time = 10s (default)
2022-05-04 03:12:14,319 [Listener at 127.0.0.1/39393] INFO  server.RaftServerConfigKeys (ConfUtils.java:logGet(44)) - raft.server.storage.dir = [/home/runner/work/ozone/ozone/hadoop-ozone/integration-test/target/test-dir/MiniOzoneClusterImpl-45092bb2-5ba0-493a-94ad-5fb4cf380ceb/datanode-2/data/ratis] (custom)
2022-05-04 03:12:14,320 [Listener at 127.0.0.1/39393] INFO  server.XceiverServerGrpc (XceiverServerGrpc.java:<init>(132)) - GrpcServer channel type EpollServerSocketChannel
2022-05-04 03:12:14,323 [Listener at 127.0.0.1/39393] INFO  http.BaseHttpServer (BaseHttpServer.java:newHttpServer2BuilderForOzone(209)) - Starting Web-server for hddsDatanode at: http://0.0.0.0:0
2022-05-04 03:12:14,323 [Listener at 127.0.0.1/39393] INFO  http.BaseHttpServer (BaseHttpServer.java:<init>(107)) - Hadoop Security Enabled: false Ozone Security Enabled: false Ozone HTTP Security Enabled: false 
2022-05-04 03:12:14,325 [Listener at 127.0.0.1/39393] INFO  server.AuthenticationFilter (AuthenticationFilter.java:constructSecretProvider(240)) - Unable to initialize FileSignerSecretProvider, falling back to use random secrets.
2022-05-04 03:12:14,326 [Listener at 127.0.0.1/39393] WARN  http.HttpRequestLog (HttpRequestLog.java:getRequestLog(103)) - Jetty request log can only be enabled using Log4j
2022-05-04 03:12:14,327 [Listener at 127.0.0.1/39393] INFO  http.HttpServer2 (HttpServer2.java:addGlobalFilter(1030)) - Added global filter 'safety' (class=org.apache.hadoop.hdds.server.http.HttpServer2$QuotingInputFilter)
2022-05-04 03:12:14,328 [Listener at 127.0.0.1/39393] INFO  http.HttpServer2 (HttpServer2.java:addFilter(1006)) - Added filter static_user_filter (class=org.apache.hadoop.http.lib.StaticUserWebFilter$StaticUserFilter) to context hddsDatanode
2022-05-04 03:12:14,328 [Listener at 127.0.0.1/39393] INFO  http.HttpServer2 (HttpServer2.java:addFilter(1014)) - Added filter static_user_filter (class=org.apache.hadoop.http.lib.StaticUserWebFilter$StaticUserFilter) to context logs
2022-05-04 03:12:14,328 [Listener at 127.0.0.1/39393] INFO  http.HttpServer2 (HttpServer2.java:addFilter(1014)) - Added filter static_user_filter (class=org.apache.hadoop.http.lib.StaticUserWebFilter$StaticUserFilter) to context static
2022-05-04 03:12:14,329 [Listener at 127.0.0.1/39393] INFO  http.HttpServer2 (HttpServer2.java:bindListener(1249)) - Jetty bound to port 35227
2022-05-04 03:12:14,329 [Listener at 127.0.0.1/39393] INFO  server.Server (Server.java:doStart(375)) - jetty-9.4.43.v20210629; built: 2021-06-30T11:07:22.254Z; git: 526006ecfa3af7f1a27ef3a288e2bef7ea9dd7e8; jvm 1.8.0_322-b06
2022-05-04 03:12:14,334 [Listener at 127.0.0.1/39393] INFO  server.session (DefaultSessionIdManager.java:doStart(334)) - DefaultSessionIdManager workerName=node0
2022-05-04 03:12:14,335 [Listener at 127.0.0.1/39393] INFO  server.session (DefaultSessionIdManager.java:doStart(339)) - No SessionScavenger set, using defaults
2022-05-04 03:12:14,335 [Listener at 127.0.0.1/39393] INFO  server.session (HouseKeeper.java:startScavenging(132)) - node0 Scavenging every 600000ms
2022-05-04 03:12:14,337 [Listener at 127.0.0.1/39393] INFO  handler.ContextHandler (ContextHandler.java:doStart(915)) - Started o.e.j.s.ServletContextHandler@15f7a4c2{logs,/logs,file:///home/runner/work/ozone/ozone/hadoop-ozone/integration-test/target/log,AVAILABLE}
2022-05-04 03:12:14,337 [Listener at 127.0.0.1/39393] INFO  handler.ContextHandler (ContextHandler.java:doStart(915)) - Started o.e.j.s.ServletContextHandler@34be49c0{static,/static,jar:file:/home/runner/.m2/repository/org/apache/ozone/hdds-container-service/1.3.0-SNAPSHOT/hdds-container-service-1.3.0-SNAPSHOT.jar!/webapps/static,AVAILABLE}
2022-05-04 03:12:14,533 [Listener at 127.0.0.1/39393] INFO  handler.ContextHandler (ContextHandler.java:doStart(915)) - Started o.e.j.w.WebAppContext@4d5a5cd6{hddsDatanode,/,file:///tmp/jetty-0_0_0_0-35227-hdds-container-service-1_3_0-SNAPSHOT_jar-_-any-5961797427815915332/webapp/,AVAILABLE}{jar:file:/home/runner/.m2/repository/org/apache/ozone/hdds-container-service/1.3.0-SNAPSHOT/hdds-container-service-1.3.0-SNAPSHOT.jar!/webapps/hddsDatanode}
2022-05-04 03:12:14,535 [Listener at 127.0.0.1/39393] INFO  server.AbstractConnector (AbstractConnector.java:doStart(331)) - Started ServerConnector@532b06f3{HTTP/1.1, (http/1.1)}{0.0.0.0:35227}
2022-05-04 03:12:14,535 [Listener at 127.0.0.1/39393] INFO  server.Server (Server.java:doStart(415)) - Started @10776ms
2022-05-04 03:12:14,535 [Listener at 127.0.0.1/39393] WARN  impl.MetricsSystemImpl (MetricsSystemImpl.java:register(279)) - Sink prometheus already exists!
2022-05-04 03:12:14,536 [Listener at 127.0.0.1/39393] INFO  http.BaseHttpServer (BaseHttpServer.java:updateConnectorAddress(329)) - HTTP server of hddsDatanode listening at http://0.0.0.0:35227
2022-05-04 03:12:14,540 [Listener at 127.0.0.1/39393] WARN  impl.MetricRegistriesImpl (MetricRegistriesImpl.java:addReporterRegistration(111)) - New reporters are added after registries were created. Some metrics will be missing from the reporter. Please add reporter before adding any new registry.
2022-05-04 03:12:14,540 [Listener at 127.0.0.1/39393] WARN  impl.MetricRegistriesImpl (MetricRegistriesImpl.java:addReporterRegistration(111)) - New reporters are added after registries were created. Some metrics will be missing from the reporter. Please add reporter before adding any new registry.
2022-05-04 03:12:14,540 [Listener at 127.0.0.1/39393] INFO  impl.MetricsSystemImpl (MetricsSystemImpl.java:init(158)) - HddsDatanode metrics system started (again)
2022-05-04 03:12:14,547 [Datanode State Machine Daemon Thread] INFO  statemachine.DatanodeStateMachine (DatanodeStateMachine.java:lambda$startDaemon$0(472)) - Ozone container server started.
2022-05-04 03:12:14,553 [org.apache.hadoop.util.JvmPauseMonitor$Monitor@5b24cd79] INFO  util.JvmPauseMonitor (JvmPauseMonitor.java:run(188)) - Starting JVM pause monitor
2022-05-04 03:12:14,555 [Listener at 127.0.0.1/39393] INFO  ozone.HddsDatanodeService (HddsDatanodeService.java:start(233)) - HddsDatanodeService host:fv-az270-73.tacnzluakwdehk1hpragurqkma.bx.internal.cloudapp.net ip:10.1.0.22
2022-05-04 03:12:14,566 [Datanode State Machine Task Thread - 0] INFO  datanode.InitDatanodeState (InitDatanodeState.java:persistContainerDatanodeDetails(138)) - DatanodeDetails is persisted to /home/runner/work/ozone/ozone/hadoop-ozone/integration-test/target/test-dir/MiniOzoneClusterImpl-45092bb2-5ba0-493a-94ad-5fb4cf380ceb/datanode-2/meta/datanode.id
2022-05-04 03:12:14,597 [Listener at 127.0.0.1/39393] INFO  upgrade.AbstractLayoutVersionManager (AbstractLayoutVersionManager.java:init(79)) - Initializing Layout version manager with metadata layout = ERASURE_CODED_STORAGE_SUPPORT (version = 3), software layout = ERASURE_CODED_STORAGE_SUPPORT (version = 3)
2022-05-04 03:12:14,673 [Listener at 127.0.0.1/39393] INFO  reflections.Reflections (Reflections.java:scan(232)) - Reflections took 75 ms to scan 7 urls, producing 126 keys and 289 values 
2022-05-04 03:12:14,680 [Listener at 127.0.0.1/39393] INFO  statemachine.DatanodeStateMachine (DatanodeStateMachine.java:getEndPointTaskThreadPoolSize(224)) - Datanode State Machine Task Thread Pool size 2
2022-05-04 03:12:14,683 [Listener at 127.0.0.1/39393] INFO  volume.HddsVolume (HddsVolume.java:<init>(120)) - Creating HddsVolume: /home/runner/work/ozone/ozone/hadoop-ozone/integration-test/target/test-dir/MiniOzoneClusterImpl-45092bb2-5ba0-493a-94ad-5fb4cf380ceb/datanode-3/data-0/containers/hdds of storage type : DISK capacity : 9223372036854775807
2022-05-04 03:12:14,683 [Listener at 127.0.0.1/39393] INFO  volume.MutableVolumeSet (MutableVolumeSet.java:initializeVolumeSet(168)) - Added Volume : /home/runner/work/ozone/ozone/hadoop-ozone/integration-test/target/test-dir/MiniOzoneClusterImpl-45092bb2-5ba0-493a-94ad-5fb4cf380ceb/datanode-3/data-0/containers/hdds to VolumeSet
2022-05-04 03:12:14,684 [Listener at 127.0.0.1/39393] INFO  volume.ThrottledAsyncChecker (ThrottledAsyncChecker.java:schedule(141)) - Scheduling a check for /home/runner/work/ozone/ozone/hadoop-ozone/integration-test/target/test-dir/MiniOzoneClusterImpl-45092bb2-5ba0-493a-94ad-5fb4cf380ceb/datanode-3/data-0/containers/hdds
2022-05-04 03:12:14,694 [Listener at 127.0.0.1/39393] INFO  volume.StorageVolumeChecker (StorageVolumeChecker.java:checkAllVolumes(202)) - Scheduled health check for volume /home/runner/work/ozone/ozone/hadoop-ozone/integration-test/target/test-dir/MiniOzoneClusterImpl-45092bb2-5ba0-493a-94ad-5fb4cf380ceb/datanode-3/data-0/containers/hdds
2022-05-04 03:12:14,708 [Listener at 127.0.0.1/39393] INFO  volume.MutableVolumeSet (MutableVolumeSet.java:initializeVolumeSet(168)) - Added Volume : /home/runner/work/ozone/ozone/hadoop-ozone/integration-test/target/test-dir/MiniOzoneClusterImpl-45092bb2-5ba0-493a-94ad-5fb4cf380ceb/datanode-3/data/ratis to VolumeSet
2022-05-04 03:12:14,709 [Listener at 127.0.0.1/39393] INFO  volume.ThrottledAsyncChecker (ThrottledAsyncChecker.java:schedule(141)) - Scheduling a check for /home/runner/work/ozone/ozone/hadoop-ozone/integration-test/target/test-dir/MiniOzoneClusterImpl-45092bb2-5ba0-493a-94ad-5fb4cf380ceb/datanode-3/data/ratis
2022-05-04 03:12:14,709 [Listener at 127.0.0.1/39393] INFO  volume.StorageVolumeChecker (StorageVolumeChecker.java:checkAllVolumes(202)) - Scheduled health check for volume /home/runner/work/ozone/ozone/hadoop-ozone/integration-test/target/test-dir/MiniOzoneClusterImpl-45092bb2-5ba0-493a-94ad-5fb4cf380ceb/datanode-3/data/ratis
2022-05-04 03:12:14,720 [Thread-169] INFO  ozoneimpl.ContainerReader (ContainerReader.java:readVolume(172)) - Finish verifying containers on volume /home/runner/work/ozone/ozone/hadoop-ozone/integration-test/target/test-dir/MiniOzoneClusterImpl-45092bb2-5ba0-493a-94ad-5fb4cf380ceb/datanode-3/data-0/containers/hdds
2022-05-04 03:12:14,720 [Listener at 127.0.0.1/39393] INFO  ozoneimpl.OzoneContainer (OzoneContainer.java:buildContainerSet(257)) - Build ContainerSet costs 0s
2022-05-04 03:12:14,724 [Listener at 127.0.0.1/39393] INFO  server.RaftServer (ConfUtils.java:logGet(44)) - raft.rpc.type = GRPC (default)
2022-05-04 03:12:14,724 [Listener at 127.0.0.1/39393] INFO  grpc.GrpcFactory (GrpcFactory.java:checkPooledByteBufAllocatorUseCacheForAllThreads(48)) - PERFORMANCE WARNING: useCacheForAllThreads is true that may cause Netty to create a lot garbage objects and, as a result, trigger GC.
	It is recommended to disable useCacheForAllThreads by setting -Dorg.apache.ratis.thirdparty.io.netty.allocator.useCacheForAllThreads=false in command line.
2022-05-04 03:12:14,724 [Listener at 127.0.0.1/39393] INFO  grpc.GrpcConfigKeys (ConfUtils.java:logGet(44)) - raft.grpc.admin.port = 0 (custom)
2022-05-04 03:12:14,725 [Listener at 127.0.0.1/39393] INFO  grpc.GrpcConfigKeys (ConfUtils.java:logGet(44)) - raft.grpc.client.port = 0 (custom)
2022-05-04 03:12:14,725 [Listener at 127.0.0.1/39393] INFO  grpc.GrpcConfigKeys (ConfUtils.java:logGet(44)) - raft.grpc.server.port = 0 (default)
2022-05-04 03:12:14,725 [Listener at 127.0.0.1/39393] INFO  server.GrpcService (ConfUtils.java:logGet(44)) - raft.grpc.message.size.max = 32MB (=33554432) (custom)
2022-05-04 03:12:14,725 [Listener at 127.0.0.1/39393] INFO  server.RaftServerConfigKeys (ConfUtils.java:logGet(44)) - raft.server.log.appender.buffer.byte-limit = 33554432 (custom)
2022-05-04 03:12:14,725 [Listener at 127.0.0.1/39393] INFO  server.GrpcService (ConfUtils.java:logGet(44)) - raft.grpc.flow.control.window = 5MB (=5242880) (custom)
2022-05-04 03:12:14,726 [Listener at 127.0.0.1/39393] INFO  server.RaftServerConfigKeys (ConfUtils.java:logGet(44)) - raft.server.rpc.request.timeout = 60s (custom)
2022-05-04 03:12:14,727 [Listener at 127.0.0.1/39393] INFO  impl.DataStreamServerImpl (ConfUtils.java:logGet(44)) - raft.datastream.type = DISABLED (default)
2022-05-04 03:12:14,728 [Listener at 127.0.0.1/39393] INFO  server.RaftServerConfigKeys (ConfUtils.java:logGet(44)) - raft.server.rpc.slowness.timeout = 300s (custom)
2022-05-04 03:12:14,728 [Listener at 127.0.0.1/39393] INFO  server.RaftServerConfigKeys (ConfUtils.java:logGet(44)) - raft.server.leaderelection.leader.step-down.wait-time = 10s (default)
2022-05-04 03:12:14,728 [Listener at 127.0.0.1/39393] INFO  server.RaftServerConfigKeys (ConfUtils.java:logGet(44)) - raft.server.storage.dir = [/home/runner/work/ozone/ozone/hadoop-ozone/integration-test/target/test-dir/MiniOzoneClusterImpl-45092bb2-5ba0-493a-94ad-5fb4cf380ceb/datanode-3/data/ratis] (custom)
2022-05-04 03:12:14,730 [Listener at 127.0.0.1/39393] INFO  server.XceiverServerGrpc (XceiverServerGrpc.java:<init>(132)) - GrpcServer channel type EpollServerSocketChannel
2022-05-04 03:12:14,733 [Listener at 127.0.0.1/39393] INFO  http.BaseHttpServer (BaseHttpServer.java:newHttpServer2BuilderForOzone(209)) - Starting Web-server for hddsDatanode at: http://0.0.0.0:0
2022-05-04 03:12:14,734 [Listener at 127.0.0.1/39393] INFO  http.BaseHttpServer (BaseHttpServer.java:<init>(107)) - Hadoop Security Enabled: false Ozone Security Enabled: false Ozone HTTP Security Enabled: false 
2022-05-04 03:12:14,735 [Listener at 127.0.0.1/39393] INFO  server.AuthenticationFilter (AuthenticationFilter.java:constructSecretProvider(240)) - Unable to initialize FileSignerSecretProvider, falling back to use random secrets.
2022-05-04 03:12:14,738 [Listener at 127.0.0.1/39393] WARN  http.HttpRequestLog (HttpRequestLog.java:getRequestLog(103)) - Jetty request log can only be enabled using Log4j
2022-05-04 03:12:14,739 [Listener at 127.0.0.1/39393] INFO  http.HttpServer2 (HttpServer2.java:addGlobalFilter(1030)) - Added global filter 'safety' (class=org.apache.hadoop.hdds.server.http.HttpServer2$QuotingInputFilter)
2022-05-04 03:12:14,740 [Listener at 127.0.0.1/39393] INFO  http.HttpServer2 (HttpServer2.java:addFilter(1006)) - Added filter static_user_filter (class=org.apache.hadoop.http.lib.StaticUserWebFilter$StaticUserFilter) to context hddsDatanode
2022-05-04 03:12:14,740 [Listener at 127.0.0.1/39393] INFO  http.HttpServer2 (HttpServer2.java:addFilter(1014)) - Added filter static_user_filter (class=org.apache.hadoop.http.lib.StaticUserWebFilter$StaticUserFilter) to context static
2022-05-04 03:12:14,740 [Listener at 127.0.0.1/39393] INFO  http.HttpServer2 (HttpServer2.java:addFilter(1014)) - Added filter static_user_filter (class=org.apache.hadoop.http.lib.StaticUserWebFilter$StaticUserFilter) to context logs
2022-05-04 03:12:14,741 [Listener at 127.0.0.1/39393] INFO  http.HttpServer2 (HttpServer2.java:bindListener(1249)) - Jetty bound to port 44303
2022-05-04 03:12:14,741 [Listener at 127.0.0.1/39393] INFO  server.Server (Server.java:doStart(375)) - jetty-9.4.43.v20210629; built: 2021-06-30T11:07:22.254Z; git: 526006ecfa3af7f1a27ef3a288e2bef7ea9dd7e8; jvm 1.8.0_322-b06
2022-05-04 03:12:14,752 [Listener at 127.0.0.1/39393] INFO  server.session (DefaultSessionIdManager.java:doStart(334)) - DefaultSessionIdManager workerName=node0
2022-05-04 03:12:14,752 [Listener at 127.0.0.1/39393] INFO  server.session (DefaultSessionIdManager.java:doStart(339)) - No SessionScavenger set, using defaults
2022-05-04 03:12:14,753 [Listener at 127.0.0.1/39393] INFO  server.session (HouseKeeper.java:startScavenging(132)) - node0 Scavenging every 660000ms
2022-05-04 03:12:14,754 [Listener at 127.0.0.1/39393] INFO  handler.ContextHandler (ContextHandler.java:doStart(915)) - Started o.e.j.s.ServletContextHandler@232fcbb1{logs,/logs,file:///home/runner/work/ozone/ozone/hadoop-ozone/integration-test/target/log,AVAILABLE}
2022-05-04 03:12:14,754 [Listener at 127.0.0.1/39393] INFO  handler.ContextHandler (ContextHandler.java:doStart(915)) - Started o.e.j.s.ServletContextHandler@2f6867d1{static,/static,jar:file:/home/runner/.m2/repository/org/apache/ozone/hdds-container-service/1.3.0-SNAPSHOT/hdds-container-service-1.3.0-SNAPSHOT.jar!/webapps/static,AVAILABLE}
2022-05-04 03:12:14,947 [Listener at 127.0.0.1/39393] INFO  handler.ContextHandler (ContextHandler.java:doStart(915)) - Started o.e.j.w.WebAppContext@602d2058{hddsDatanode,/,file:///tmp/jetty-0_0_0_0-44303-hdds-container-service-1_3_0-SNAPSHOT_jar-_-any-3374217252280046228/webapp/,AVAILABLE}{jar:file:/home/runner/.m2/repository/org/apache/ozone/hdds-container-service/1.3.0-SNAPSHOT/hdds-container-service-1.3.0-SNAPSHOT.jar!/webapps/hddsDatanode}
2022-05-04 03:12:14,949 [Listener at 127.0.0.1/39393] INFO  server.AbstractConnector (AbstractConnector.java:doStart(331)) - Started ServerConnector@2c80d2e0{HTTP/1.1, (http/1.1)}{0.0.0.0:44303}
2022-05-04 03:12:14,949 [Listener at 127.0.0.1/39393] INFO  server.Server (Server.java:doStart(415)) - Started @11190ms
2022-05-04 03:12:14,949 [Listener at 127.0.0.1/39393] WARN  impl.MetricsSystemImpl (MetricsSystemImpl.java:register(279)) - Sink prometheus already exists!
2022-05-04 03:12:14,950 [Listener at 127.0.0.1/39393] INFO  http.BaseHttpServer (BaseHttpServer.java:updateConnectorAddress(329)) - HTTP server of hddsDatanode listening at http://0.0.0.0:44303
2022-05-04 03:12:14,954 [Listener at 127.0.0.1/39393] WARN  impl.MetricRegistriesImpl (MetricRegistriesImpl.java:addReporterRegistration(111)) - New reporters are added after registries were created. Some metrics will be missing from the reporter. Please add reporter before adding any new registry.
2022-05-04 03:12:14,955 [Listener at 127.0.0.1/39393] WARN  impl.MetricRegistriesImpl (MetricRegistriesImpl.java:addReporterRegistration(111)) - New reporters are added after registries were created. Some metrics will be missing from the reporter. Please add reporter before adding any new registry.
2022-05-04 03:12:14,955 [Listener at 127.0.0.1/39393] INFO  impl.MetricsSystemImpl (MetricsSystemImpl.java:init(158)) - HddsDatanode metrics system started (again)
2022-05-04 03:12:14,961 [Datanode State Machine Daemon Thread] INFO  statemachine.DatanodeStateMachine (DatanodeStateMachine.java:lambda$startDaemon$0(472)) - Ozone container server started.
2022-05-04 03:12:14,969 [Listener at 127.0.0.1/39393] INFO  ozone.HddsDatanodeService (HddsDatanodeService.java:start(233)) - HddsDatanodeService host:fv-az270-73.tacnzluakwdehk1hpragurqkma.bx.internal.cloudapp.net ip:10.1.0.22
2022-05-04 03:12:14,986 [org.apache.hadoop.util.JvmPauseMonitor$Monitor@157e0e5d] INFO  util.JvmPauseMonitor (JvmPauseMonitor.java:run(188)) - Starting JVM pause monitor
2022-05-04 03:12:14,988 [Datanode State Machine Task Thread - 0] INFO  datanode.InitDatanodeState (InitDatanodeState.java:persistContainerDatanodeDetails(138)) - DatanodeDetails is persisted to /home/runner/work/ozone/ozone/hadoop-ozone/integration-test/target/test-dir/MiniOzoneClusterImpl-45092bb2-5ba0-493a-94ad-5fb4cf380ceb/datanode-3/meta/datanode.id
2022-05-04 03:12:15,000 [Listener at 127.0.0.1/39393] INFO  upgrade.AbstractLayoutVersionManager (AbstractLayoutVersionManager.java:init(79)) - Initializing Layout version manager with metadata layout = ERASURE_CODED_STORAGE_SUPPORT (version = 3), software layout = ERASURE_CODED_STORAGE_SUPPORT (version = 3)
2022-05-04 03:12:15,045 [Listener at 127.0.0.1/39393] INFO  reflections.Reflections (Reflections.java:scan(232)) - Reflections took 43 ms to scan 7 urls, producing 126 keys and 289 values 
2022-05-04 03:12:15,047 [Listener at 127.0.0.1/39393] INFO  statemachine.DatanodeStateMachine (DatanodeStateMachine.java:getEndPointTaskThreadPoolSize(224)) - Datanode State Machine Task Thread Pool size 2
2022-05-04 03:12:15,049 [Listener at 127.0.0.1/39393] INFO  volume.HddsVolume (HddsVolume.java:<init>(120)) - Creating HddsVolume: /home/runner/work/ozone/ozone/hadoop-ozone/integration-test/target/test-dir/MiniOzoneClusterImpl-45092bb2-5ba0-493a-94ad-5fb4cf380ceb/datanode-4/data-0/containers/hdds of storage type : DISK capacity : 9223372036854775807
2022-05-04 03:12:15,049 [Listener at 127.0.0.1/39393] INFO  volume.MutableVolumeSet (MutableVolumeSet.java:initializeVolumeSet(168)) - Added Volume : /home/runner/work/ozone/ozone/hadoop-ozone/integration-test/target/test-dir/MiniOzoneClusterImpl-45092bb2-5ba0-493a-94ad-5fb4cf380ceb/datanode-4/data-0/containers/hdds to VolumeSet
2022-05-04 03:12:15,050 [Listener at 127.0.0.1/39393] INFO  volume.ThrottledAsyncChecker (ThrottledAsyncChecker.java:schedule(141)) - Scheduling a check for /home/runner/work/ozone/ozone/hadoop-ozone/integration-test/target/test-dir/MiniOzoneClusterImpl-45092bb2-5ba0-493a-94ad-5fb4cf380ceb/datanode-4/data-0/containers/hdds
2022-05-04 03:12:15,051 [Listener at 127.0.0.1/39393] INFO  volume.StorageVolumeChecker (StorageVolumeChecker.java:checkAllVolumes(202)) - Scheduled health check for volume /home/runner/work/ozone/ozone/hadoop-ozone/integration-test/target/test-dir/MiniOzoneClusterImpl-45092bb2-5ba0-493a-94ad-5fb4cf380ceb/datanode-4/data-0/containers/hdds
2022-05-04 03:12:15,065 [Listener at 127.0.0.1/39393] INFO  volume.MutableVolumeSet (MutableVolumeSet.java:initializeVolumeSet(168)) - Added Volume : /home/runner/work/ozone/ozone/hadoop-ozone/integration-test/target/test-dir/MiniOzoneClusterImpl-45092bb2-5ba0-493a-94ad-5fb4cf380ceb/datanode-4/data/ratis to VolumeSet
2022-05-04 03:12:15,065 [Listener at 127.0.0.1/39393] INFO  volume.ThrottledAsyncChecker (ThrottledAsyncChecker.java:schedule(141)) - Scheduling a check for /home/runner/work/ozone/ozone/hadoop-ozone/integration-test/target/test-dir/MiniOzoneClusterImpl-45092bb2-5ba0-493a-94ad-5fb4cf380ceb/datanode-4/data/ratis
2022-05-04 03:12:15,066 [Listener at 127.0.0.1/39393] INFO  volume.StorageVolumeChecker (StorageVolumeChecker.java:checkAllVolumes(202)) - Scheduled health check for volume /home/runner/work/ozone/ozone/hadoop-ozone/integration-test/target/test-dir/MiniOzoneClusterImpl-45092bb2-5ba0-493a-94ad-5fb4cf380ceb/datanode-4/data/ratis
2022-05-04 03:12:15,078 [Thread-181] INFO  ozoneimpl.ContainerReader (ContainerReader.java:readVolume(172)) - Finish verifying containers on volume /home/runner/work/ozone/ozone/hadoop-ozone/integration-test/target/test-dir/MiniOzoneClusterImpl-45092bb2-5ba0-493a-94ad-5fb4cf380ceb/datanode-4/data-0/containers/hdds
2022-05-04 03:12:15,078 [Listener at 127.0.0.1/39393] INFO  ozoneimpl.OzoneContainer (OzoneContainer.java:buildContainerSet(257)) - Build ContainerSet costs 0s
2022-05-04 03:12:15,082 [Listener at 127.0.0.1/39393] INFO  server.RaftServer (ConfUtils.java:logGet(44)) - raft.rpc.type = GRPC (default)
2022-05-04 03:12:15,082 [Listener at 127.0.0.1/39393] INFO  grpc.GrpcFactory (GrpcFactory.java:checkPooledByteBufAllocatorUseCacheForAllThreads(48)) - PERFORMANCE WARNING: useCacheForAllThreads is true that may cause Netty to create a lot garbage objects and, as a result, trigger GC.
	It is recommended to disable useCacheForAllThreads by setting -Dorg.apache.ratis.thirdparty.io.netty.allocator.useCacheForAllThreads=false in command line.
2022-05-04 03:12:15,082 [Listener at 127.0.0.1/39393] INFO  grpc.GrpcConfigKeys (ConfUtils.java:logGet(44)) - raft.grpc.admin.port = 0 (custom)
2022-05-04 03:12:15,082 [Listener at 127.0.0.1/39393] INFO  grpc.GrpcConfigKeys (ConfUtils.java:logGet(44)) - raft.grpc.client.port = 0 (custom)
2022-05-04 03:12:15,083 [Listener at 127.0.0.1/39393] INFO  grpc.GrpcConfigKeys (ConfUtils.java:logGet(44)) - raft.grpc.server.port = 0 (default)
2022-05-04 03:12:15,083 [Listener at 127.0.0.1/39393] INFO  server.GrpcService (ConfUtils.java:logGet(44)) - raft.grpc.message.size.max = 32MB (=33554432) (custom)
2022-05-04 03:12:15,083 [Listener at 127.0.0.1/39393] INFO  server.RaftServerConfigKeys (ConfUtils.java:logGet(44)) - raft.server.log.appender.buffer.byte-limit = 33554432 (custom)
2022-05-04 03:12:15,083 [Listener at 127.0.0.1/39393] INFO  server.GrpcService (ConfUtils.java:logGet(44)) - raft.grpc.flow.control.window = 5MB (=5242880) (custom)
2022-05-04 03:12:15,083 [Listener at 127.0.0.1/39393] INFO  server.RaftServerConfigKeys (ConfUtils.java:logGet(44)) - raft.server.rpc.request.timeout = 60s (custom)
2022-05-04 03:12:15,085 [Listener at 127.0.0.1/39393] INFO  impl.DataStreamServerImpl (ConfUtils.java:logGet(44)) - raft.datastream.type = DISABLED (default)
2022-05-04 03:12:15,085 [Listener at 127.0.0.1/39393] INFO  server.RaftServerConfigKeys (ConfUtils.java:logGet(44)) - raft.server.rpc.slowness.timeout = 300s (custom)
2022-05-04 03:12:15,085 [Listener at 127.0.0.1/39393] INFO  server.RaftServerConfigKeys (ConfUtils.java:logGet(44)) - raft.server.leaderelection.leader.step-down.wait-time = 10s (default)
2022-05-04 03:12:15,085 [Listener at 127.0.0.1/39393] INFO  server.RaftServerConfigKeys (ConfUtils.java:logGet(44)) - raft.server.storage.dir = [/home/runner/work/ozone/ozone/hadoop-ozone/integration-test/target/test-dir/MiniOzoneClusterImpl-45092bb2-5ba0-493a-94ad-5fb4cf380ceb/datanode-4/data/ratis] (custom)
2022-05-04 03:12:15,102 [Listener at 127.0.0.1/39393] INFO  server.XceiverServerGrpc (XceiverServerGrpc.java:<init>(132)) - GrpcServer channel type EpollServerSocketChannel
2022-05-04 03:12:15,106 [Listener at 127.0.0.1/39393] INFO  http.BaseHttpServer (BaseHttpServer.java:newHttpServer2BuilderForOzone(209)) - Starting Web-server for hddsDatanode at: http://0.0.0.0:0
2022-05-04 03:12:15,106 [Listener at 127.0.0.1/39393] INFO  http.BaseHttpServer (BaseHttpServer.java:<init>(107)) - Hadoop Security Enabled: false Ozone Security Enabled: false Ozone HTTP Security Enabled: false 
2022-05-04 03:12:15,107 [Listener at 127.0.0.1/39393] INFO  server.AuthenticationFilter (AuthenticationFilter.java:constructSecretProvider(240)) - Unable to initialize FileSignerSecretProvider, falling back to use random secrets.
2022-05-04 03:12:15,108 [Listener at 127.0.0.1/39393] WARN  http.HttpRequestLog (HttpRequestLog.java:getRequestLog(103)) - Jetty request log can only be enabled using Log4j
2022-05-04 03:12:15,110 [Listener at 127.0.0.1/39393] INFO  http.HttpServer2 (HttpServer2.java:addGlobalFilter(1030)) - Added global filter 'safety' (class=org.apache.hadoop.hdds.server.http.HttpServer2$QuotingInputFilter)
2022-05-04 03:12:15,111 [Listener at 127.0.0.1/39393] INFO  http.HttpServer2 (HttpServer2.java:addFilter(1006)) - Added filter static_user_filter (class=org.apache.hadoop.http.lib.StaticUserWebFilter$StaticUserFilter) to context hddsDatanode
2022-05-04 03:12:15,111 [Listener at 127.0.0.1/39393] INFO  http.HttpServer2 (HttpServer2.java:addFilter(1014)) - Added filter static_user_filter (class=org.apache.hadoop.http.lib.StaticUserWebFilter$StaticUserFilter) to context static
2022-05-04 03:12:15,111 [Listener at 127.0.0.1/39393] INFO  http.HttpServer2 (HttpServer2.java:addFilter(1014)) - Added filter static_user_filter (class=org.apache.hadoop.http.lib.StaticUserWebFilter$StaticUserFilter) to context logs
2022-05-04 03:12:15,112 [Listener at 127.0.0.1/39393] INFO  http.HttpServer2 (HttpServer2.java:bindListener(1249)) - Jetty bound to port 34323
2022-05-04 03:12:15,112 [Listener at 127.0.0.1/39393] INFO  server.Server (Server.java:doStart(375)) - jetty-9.4.43.v20210629; built: 2021-06-30T11:07:22.254Z; git: 526006ecfa3af7f1a27ef3a288e2bef7ea9dd7e8; jvm 1.8.0_322-b06
2022-05-04 03:12:15,119 [Listener at 127.0.0.1/39393] INFO  server.session (DefaultSessionIdManager.java:doStart(334)) - DefaultSessionIdManager workerName=node0
2022-05-04 03:12:15,119 [Listener at 127.0.0.1/39393] INFO  server.session (DefaultSessionIdManager.java:doStart(339)) - No SessionScavenger set, using defaults
2022-05-04 03:12:15,119 [Listener at 127.0.0.1/39393] INFO  server.session (HouseKeeper.java:startScavenging(132)) - node0 Scavenging every 600000ms
2022-05-04 03:12:15,120 [Listener at 127.0.0.1/39393] INFO  handler.ContextHandler (ContextHandler.java:doStart(915)) - Started o.e.j.s.ServletContextHandler@70e45ea9{logs,/logs,file:///home/runner/work/ozone/ozone/hadoop-ozone/integration-test/target/log,AVAILABLE}
2022-05-04 03:12:15,120 [Listener at 127.0.0.1/39393] INFO  handler.ContextHandler (ContextHandler.java:doStart(915)) - Started o.e.j.s.ServletContextHandler@f02ae3{static,/static,jar:file:/home/runner/.m2/repository/org/apache/ozone/hdds-container-service/1.3.0-SNAPSHOT/hdds-container-service-1.3.0-SNAPSHOT.jar!/webapps/static,AVAILABLE}
2022-05-04 03:12:15,322 [Listener at 127.0.0.1/39393] INFO  handler.ContextHandler (ContextHandler.java:doStart(915)) - Started o.e.j.w.WebAppContext@50adedaa{hddsDatanode,/,file:///tmp/jetty-0_0_0_0-34323-hdds-container-service-1_3_0-SNAPSHOT_jar-_-any-5926534692402888175/webapp/,AVAILABLE}{jar:file:/home/runner/.m2/repository/org/apache/ozone/hdds-container-service/1.3.0-SNAPSHOT/hdds-container-service-1.3.0-SNAPSHOT.jar!/webapps/hddsDatanode}
2022-05-04 03:12:15,324 [Listener at 127.0.0.1/39393] INFO  server.AbstractConnector (AbstractConnector.java:doStart(331)) - Started ServerConnector@2074be26{HTTP/1.1, (http/1.1)}{0.0.0.0:34323}
2022-05-04 03:12:15,324 [Listener at 127.0.0.1/39393] INFO  server.Server (Server.java:doStart(415)) - Started @11565ms
2022-05-04 03:12:15,324 [Listener at 127.0.0.1/39393] WARN  impl.MetricsSystemImpl (MetricsSystemImpl.java:register(279)) - Sink prometheus already exists!
2022-05-04 03:12:15,325 [Listener at 127.0.0.1/39393] INFO  http.BaseHttpServer (BaseHttpServer.java:updateConnectorAddress(329)) - HTTP server of hddsDatanode listening at http://0.0.0.0:34323
2022-05-04 03:12:15,326 [Datanode State Machine Daemon Thread] INFO  statemachine.DatanodeStateMachine (DatanodeStateMachine.java:lambda$startDaemon$0(472)) - Ozone container server started.
2022-05-04 03:12:15,329 [Listener at 127.0.0.1/39393] INFO  ozone.MiniOzoneClusterImpl (MiniOzoneClusterImpl.java:lambda$waitForClusterToBeReady$0(221)) - Waiting for nodes to be ready. Got 0 of 5 DN Heartbeats.
2022-05-04 03:12:15,329 [Listener at 127.0.0.1/39393] INFO  ozone.MiniOzoneClusterImpl (MiniOzoneClusterImpl.java:lambda$waitForClusterToBeReady$0(224)) - Waiting for cluster to exit safe mode
2022-05-04 03:12:15,329 [Listener at 127.0.0.1/39393] INFO  ozone.MiniOzoneClusterImpl (MiniOzoneClusterImpl.java:lambda$waitForClusterToBeReady$0(226)) - SCM became leader
2022-05-04 03:12:15,339 [org.apache.hadoop.util.JvmPauseMonitor$Monitor@34d890b3] INFO  util.JvmPauseMonitor (JvmPauseMonitor.java:run(188)) - Starting JVM pause monitor
2022-05-04 03:12:15,343 [Datanode State Machine Task Thread - 0] INFO  datanode.InitDatanodeState (InitDatanodeState.java:persistContainerDatanodeDetails(138)) - DatanodeDetails is persisted to /home/runner/work/ozone/ozone/hadoop-ozone/integration-test/target/test-dir/MiniOzoneClusterImpl-45092bb2-5ba0-493a-94ad-5fb4cf380ceb/datanode-4/meta/datanode.id
2022-05-04 03:12:15,796 [EndpointStateMachine task thread for /0.0.0.0:35747 - 0 ] INFO  ozoneimpl.OzoneContainer (OzoneContainer.java:start(335)) - Attempting to start container services.
2022-05-04 03:12:15,801 [EndpointStateMachine task thread for /0.0.0.0:35747 - 0 ] INFO  ozoneimpl.OzoneContainer (OzoneContainer.java:startContainerScrub(270)) - Background container scanner has been disabled.
2022-05-04 03:12:15,803 [EndpointStateMachine task thread for /0.0.0.0:35747 - 0 ] INFO  replication.ReplicationServer (ReplicationServer.java:start(111)) - ReplicationServer is started using port 38797
2022-05-04 03:12:15,806 [EndpointStateMachine task thread for /0.0.0.0:35747 - 0 ] INFO  ratis.XceiverServerRatis (XceiverServerRatis.java:start(481)) - Starting XceiverServerRatis b9a08944-19c1-40d4-9246-1b7a50d62b45
2022-05-04 03:12:15,808 [EndpointStateMachine task thread for /0.0.0.0:35747 - 0 ] INFO  server.RaftServer (RaftServerProxy.java:lambda$start$5(374)) - b9a08944-19c1-40d4-9246-1b7a50d62b45: start RPC server
2022-05-04 03:12:15,814 [EndpointStateMachine task thread for /0.0.0.0:35747 - 0 ] INFO  server.GrpcService (GrpcService.java:startImpl(253)) - b9a08944-19c1-40d4-9246-1b7a50d62b45: GrpcService started, listening on 41135
2022-05-04 03:12:15,815 [EndpointStateMachine task thread for /0.0.0.0:35747 - 0 ] INFO  ratis.XceiverServerRatis (XceiverServerRatis.java:getRealPort(502)) - XceiverServerRatis b9a08944-19c1-40d4-9246-1b7a50d62b45 is started using port 41135 for RATIS
2022-05-04 03:12:15,815 [EndpointStateMachine task thread for /0.0.0.0:35747 - 0 ] INFO  ratis.XceiverServerRatis (XceiverServerRatis.java:getRealPort(502)) - XceiverServerRatis b9a08944-19c1-40d4-9246-1b7a50d62b45 is started using port 41135 for RATIS_ADMIN
2022-05-04 03:12:15,815 [EndpointStateMachine task thread for /0.0.0.0:35747 - 0 ] INFO  ratis.XceiverServerRatis (XceiverServerRatis.java:getRealPort(502)) - XceiverServerRatis b9a08944-19c1-40d4-9246-1b7a50d62b45 is started using port 41135 for RATIS_SERVER
2022-05-04 03:12:15,817 [org.apache.ratis.util.JvmPauseMonitor$$Lambda$565/1325392746@27c3babd] INFO  util.JvmPauseMonitor (JvmPauseMonitor.java:run(103)) - JvmPauseMonitor-b9a08944-19c1-40d4-9246-1b7a50d62b45: Started
2022-05-04 03:12:15,818 [EndpointStateMachine task thread for /0.0.0.0:35747 - 0 ] INFO  server.XceiverServerGrpc (XceiverServerGrpc.java:start(180)) - XceiverServerGrpc b9a08944-19c1-40d4-9246-1b7a50d62b45 is started using port 36969
2022-05-04 03:12:16,181 [EndpointStateMachine task thread for /0.0.0.0:35747 - 0 ] INFO  ozoneimpl.OzoneContainer (OzoneContainer.java:start(335)) - Attempting to start container services.
2022-05-04 03:12:16,181 [EndpointStateMachine task thread for /0.0.0.0:35747 - 0 ] INFO  ozoneimpl.OzoneContainer (OzoneContainer.java:startContainerScrub(270)) - Background container scanner has been disabled.
2022-05-04 03:12:16,183 [EndpointStateMachine task thread for /0.0.0.0:35747 - 0 ] INFO  replication.ReplicationServer (ReplicationServer.java:start(111)) - ReplicationServer is started using port 39115
2022-05-04 03:12:16,184 [EndpointStateMachine task thread for /0.0.0.0:35747 - 0 ] INFO  ratis.XceiverServerRatis (XceiverServerRatis.java:start(481)) - Starting XceiverServerRatis e24c98b1-b028-4277-b303-73506c407d4f
2022-05-04 03:12:16,185 [EndpointStateMachine task thread for /0.0.0.0:35747 - 0 ] INFO  server.RaftServer (RaftServerProxy.java:lambda$start$5(374)) - e24c98b1-b028-4277-b303-73506c407d4f: start RPC server
2022-05-04 03:12:16,188 [EndpointStateMachine task thread for /0.0.0.0:35747 - 0 ] INFO  server.GrpcService (GrpcService.java:startImpl(253)) - e24c98b1-b028-4277-b303-73506c407d4f: GrpcService started, listening on 45653
2022-05-04 03:12:16,188 [EndpointStateMachine task thread for /0.0.0.0:35747 - 0 ] INFO  ratis.XceiverServerRatis (XceiverServerRatis.java:getRealPort(502)) - XceiverServerRatis e24c98b1-b028-4277-b303-73506c407d4f is started using port 45653 for RATIS
2022-05-04 03:12:16,188 [org.apache.ratis.util.JvmPauseMonitor$$Lambda$565/1325392746@634cec97] INFO  util.JvmPauseMonitor (JvmPauseMonitor.java:run(103)) - JvmPauseMonitor-e24c98b1-b028-4277-b303-73506c407d4f: Started
2022-05-04 03:12:16,188 [EndpointStateMachine task thread for /0.0.0.0:35747 - 0 ] INFO  ratis.XceiverServerRatis (XceiverServerRatis.java:getRealPort(502)) - XceiverServerRatis e24c98b1-b028-4277-b303-73506c407d4f is started using port 45653 for RATIS_ADMIN
2022-05-04 03:12:16,189 [EndpointStateMachine task thread for /0.0.0.0:35747 - 0 ] INFO  ratis.XceiverServerRatis (XceiverServerRatis.java:getRealPort(502)) - XceiverServerRatis e24c98b1-b028-4277-b303-73506c407d4f is started using port 45653 for RATIS_SERVER
2022-05-04 03:12:16,200 [EndpointStateMachine task thread for /0.0.0.0:35747 - 0 ] INFO  server.XceiverServerGrpc (XceiverServerGrpc.java:start(180)) - XceiverServerGrpc e24c98b1-b028-4277-b303-73506c407d4f is started using port 39819
2022-05-04 03:12:16,329 [Listener at 127.0.0.1/39393] INFO  ozone.MiniOzoneClusterImpl (MiniOzoneClusterImpl.java:lambda$waitForClusterToBeReady$0(221)) - Waiting for nodes to be ready. Got 0 of 5 DN Heartbeats.
2022-05-04 03:12:16,330 [Listener at 127.0.0.1/39393] INFO  ozone.MiniOzoneClusterImpl (MiniOzoneClusterImpl.java:lambda$waitForClusterToBeReady$0(224)) - Waiting for cluster to exit safe mode
2022-05-04 03:12:16,330 [Listener at 127.0.0.1/39393] INFO  ozone.MiniOzoneClusterImpl (MiniOzoneClusterImpl.java:lambda$waitForClusterToBeReady$0(226)) - SCM became leader
2022-05-04 03:12:16,559 [EndpointStateMachine task thread for /0.0.0.0:35747 - 0 ] INFO  ozoneimpl.OzoneContainer (OzoneContainer.java:start(335)) - Attempting to start container services.
2022-05-04 03:12:16,559 [EndpointStateMachine task thread for /0.0.0.0:35747 - 0 ] INFO  ozoneimpl.OzoneContainer (OzoneContainer.java:startContainerScrub(270)) - Background container scanner has been disabled.
2022-05-04 03:12:16,562 [EndpointStateMachine task thread for /0.0.0.0:35747 - 0 ] INFO  replication.ReplicationServer (ReplicationServer.java:start(111)) - ReplicationServer is started using port 34555
2022-05-04 03:12:16,563 [EndpointStateMachine task thread for /0.0.0.0:35747 - 0 ] INFO  ratis.XceiverServerRatis (XceiverServerRatis.java:start(481)) - Starting XceiverServerRatis 4b39aedb-a905-4bcc-a0b6-39bcb2a8de85
2022-05-04 03:12:16,564 [EndpointStateMachine task thread for /0.0.0.0:35747 - 0 ] INFO  server.RaftServer (RaftServerProxy.java:lambda$start$5(374)) - 4b39aedb-a905-4bcc-a0b6-39bcb2a8de85: start RPC server
2022-05-04 03:12:16,565 [EndpointStateMachine task thread for /0.0.0.0:35747 - 0 ] INFO  server.GrpcService (GrpcService.java:startImpl(253)) - 4b39aedb-a905-4bcc-a0b6-39bcb2a8de85: GrpcService started, listening on 36309
2022-05-04 03:12:16,565 [EndpointStateMachine task thread for /0.0.0.0:35747 - 0 ] INFO  ratis.XceiverServerRatis (XceiverServerRatis.java:getRealPort(502)) - XceiverServerRatis 4b39aedb-a905-4bcc-a0b6-39bcb2a8de85 is started using port 36309 for RATIS
2022-05-04 03:12:16,565 [org.apache.ratis.util.JvmPauseMonitor$$Lambda$565/1325392746@4f83c69c] INFO  util.JvmPauseMonitor (JvmPauseMonitor.java:run(103)) - JvmPauseMonitor-4b39aedb-a905-4bcc-a0b6-39bcb2a8de85: Started
2022-05-04 03:12:16,565 [EndpointStateMachine task thread for /0.0.0.0:35747 - 0 ] INFO  ratis.XceiverServerRatis (XceiverServerRatis.java:getRealPort(502)) - XceiverServerRatis 4b39aedb-a905-4bcc-a0b6-39bcb2a8de85 is started using port 36309 for RATIS_ADMIN
2022-05-04 03:12:16,566 [EndpointStateMachine task thread for /0.0.0.0:35747 - 0 ] INFO  ratis.XceiverServerRatis (XceiverServerRatis.java:getRealPort(502)) - XceiverServerRatis 4b39aedb-a905-4bcc-a0b6-39bcb2a8de85 is started using port 36309 for RATIS_SERVER
2022-05-04 03:12:16,568 [EndpointStateMachine task thread for /0.0.0.0:35747 - 0 ] INFO  server.XceiverServerGrpc (XceiverServerGrpc.java:start(180)) - XceiverServerGrpc 4b39aedb-a905-4bcc-a0b6-39bcb2a8de85 is started using port 41017
2022-05-04 03:12:16,989 [EndpointStateMachine task thread for /0.0.0.0:35747 - 0 ] INFO  ozoneimpl.OzoneContainer (OzoneContainer.java:start(335)) - Attempting to start container services.
2022-05-04 03:12:16,989 [EndpointStateMachine task thread for /0.0.0.0:35747 - 0 ] INFO  ozoneimpl.OzoneContainer (OzoneContainer.java:startContainerScrub(270)) - Background container scanner has been disabled.
2022-05-04 03:12:16,991 [EndpointStateMachine task thread for /0.0.0.0:35747 - 0 ] INFO  replication.ReplicationServer (ReplicationServer.java:start(111)) - ReplicationServer is started using port 42969
2022-05-04 03:12:16,992 [EndpointStateMachine task thread for /0.0.0.0:35747 - 0 ] INFO  ratis.XceiverServerRatis (XceiverServerRatis.java:start(481)) - Starting XceiverServerRatis a19ab64f-4ee1-44f8-9d4b-aa6978bd5e11
2022-05-04 03:12:16,993 [EndpointStateMachine task thread for /0.0.0.0:35747 - 0 ] INFO  server.RaftServer (RaftServerProxy.java:lambda$start$5(374)) - a19ab64f-4ee1-44f8-9d4b-aa6978bd5e11: start RPC server
2022-05-04 03:12:16,994 [EndpointStateMachine task thread for /0.0.0.0:35747 - 0 ] INFO  server.GrpcService (GrpcService.java:startImpl(253)) - a19ab64f-4ee1-44f8-9d4b-aa6978bd5e11: GrpcService started, listening on 39339
2022-05-04 03:12:16,995 [EndpointStateMachine task thread for /0.0.0.0:35747 - 0 ] INFO  ratis.XceiverServerRatis (XceiverServerRatis.java:getRealPort(502)) - XceiverServerRatis a19ab64f-4ee1-44f8-9d4b-aa6978bd5e11 is started using port 39339 for RATIS
2022-05-04 03:12:16,995 [org.apache.ratis.util.JvmPauseMonitor$$Lambda$565/1325392746@3107e3c3] INFO  util.JvmPauseMonitor (JvmPauseMonitor.java:run(103)) - JvmPauseMonitor-a19ab64f-4ee1-44f8-9d4b-aa6978bd5e11: Started
2022-05-04 03:12:16,995 [EndpointStateMachine task thread for /0.0.0.0:35747 - 0 ] INFO  ratis.XceiverServerRatis (XceiverServerRatis.java:getRealPort(502)) - XceiverServerRatis a19ab64f-4ee1-44f8-9d4b-aa6978bd5e11 is started using port 39339 for RATIS_ADMIN
2022-05-04 03:12:16,995 [EndpointStateMachine task thread for /0.0.0.0:35747 - 0 ] INFO  ratis.XceiverServerRatis (XceiverServerRatis.java:getRealPort(502)) - XceiverServerRatis a19ab64f-4ee1-44f8-9d4b-aa6978bd5e11 is started using port 39339 for RATIS_SERVER
2022-05-04 03:12:16,997 [EndpointStateMachine task thread for /0.0.0.0:35747 - 0 ] INFO  server.XceiverServerGrpc (XceiverServerGrpc.java:start(180)) - XceiverServerGrpc a19ab64f-4ee1-44f8-9d4b-aa6978bd5e11 is started using port 40861
2022-05-04 03:12:17,330 [Listener at 127.0.0.1/39393] INFO  ozone.MiniOzoneClusterImpl (MiniOzoneClusterImpl.java:lambda$waitForClusterToBeReady$0(221)) - Waiting for nodes to be ready. Got 0 of 5 DN Heartbeats.
2022-05-04 03:12:17,331 [Listener at 127.0.0.1/39393] INFO  ozone.MiniOzoneClusterImpl (MiniOzoneClusterImpl.java:lambda$waitForClusterToBeReady$0(224)) - Waiting for cluster to exit safe mode
2022-05-04 03:12:17,331 [Listener at 127.0.0.1/39393] INFO  ozone.MiniOzoneClusterImpl (MiniOzoneClusterImpl.java:lambda$waitForClusterToBeReady$0(226)) - SCM became leader
2022-05-04 03:12:17,345 [EndpointStateMachine task thread for /0.0.0.0:35747 - 0 ] INFO  ozoneimpl.OzoneContainer (OzoneContainer.java:start(335)) - Attempting to start container services.
2022-05-04 03:12:17,346 [EndpointStateMachine task thread for /0.0.0.0:35747 - 0 ] INFO  ozoneimpl.OzoneContainer (OzoneContainer.java:startContainerScrub(270)) - Background container scanner has been disabled.
2022-05-04 03:12:17,348 [EndpointStateMachine task thread for /0.0.0.0:35747 - 0 ] INFO  replication.ReplicationServer (ReplicationServer.java:start(111)) - ReplicationServer is started using port 40635
2022-05-04 03:12:17,348 [EndpointStateMachine task thread for /0.0.0.0:35747 - 0 ] INFO  ratis.XceiverServerRatis (XceiverServerRatis.java:start(481)) - Starting XceiverServerRatis 1817b7b7-4a19-400c-8305-9266227179fd
2022-05-04 03:12:17,362 [EndpointStateMachine task thread for /0.0.0.0:35747 - 0 ] INFO  server.RaftServer (RaftServerProxy.java:lambda$start$5(374)) - 1817b7b7-4a19-400c-8305-9266227179fd: start RPC server
2022-05-04 03:12:17,367 [EndpointStateMachine task thread for /0.0.0.0:35747 - 0 ] INFO  server.GrpcService (GrpcService.java:startImpl(253)) - 1817b7b7-4a19-400c-8305-9266227179fd: GrpcService started, listening on 45037
2022-05-04 03:12:17,368 [EndpointStateMachine task thread for /0.0.0.0:35747 - 0 ] INFO  ratis.XceiverServerRatis (XceiverServerRatis.java:getRealPort(502)) - XceiverServerRatis 1817b7b7-4a19-400c-8305-9266227179fd is started using port 45037 for RATIS
2022-05-04 03:12:17,368 [org.apache.ratis.util.JvmPauseMonitor$$Lambda$565/1325392746@31aba155] INFO  util.JvmPauseMonitor (JvmPauseMonitor.java:run(103)) - JvmPauseMonitor-1817b7b7-4a19-400c-8305-9266227179fd: Started
2022-05-04 03:12:17,368 [EndpointStateMachine task thread for /0.0.0.0:35747 - 0 ] INFO  ratis.XceiverServerRatis (XceiverServerRatis.java:getRealPort(502)) - XceiverServerRatis 1817b7b7-4a19-400c-8305-9266227179fd is started using port 45037 for RATIS_ADMIN
2022-05-04 03:12:17,368 [EndpointStateMachine task thread for /0.0.0.0:35747 - 0 ] INFO  ratis.XceiverServerRatis (XceiverServerRatis.java:getRealPort(502)) - XceiverServerRatis 1817b7b7-4a19-400c-8305-9266227179fd is started using port 45037 for RATIS_SERVER
2022-05-04 03:12:17,370 [EndpointStateMachine task thread for /0.0.0.0:35747 - 0 ] INFO  server.XceiverServerGrpc (XceiverServerGrpc.java:start(180)) - XceiverServerGrpc 1817b7b7-4a19-400c-8305-9266227179fd is started using port 39195
2022-05-04 03:12:17,762 [IPC Server handler 2 on default port 35747] INFO  net.NetworkTopologyImpl (NetworkTopologyImpl.java:add(112)) - Added a new node: /default-rack/b9a08944-19c1-40d4-9246-1b7a50d62b45
2022-05-04 03:12:17,764 [IPC Server handler 2 on default port 35747] INFO  node.SCMNodeManager (SCMNodeManager.java:register(393)) - Registered Data node : b9a08944-19c1-40d4-9246-1b7a50d62b45{ip: 10.1.0.22, host: fv-az270-73.tacnzluakwdehk1hpragurqkma.bx.internal.cloudapp.net, ports: [REPLICATION=38797, RATIS=41135, RATIS_ADMIN=41135, RATIS_SERVER=41135, STANDALONE=36969], networkLocation: /default-rack, certSerialId: null, persistedOpState: null, persistedOpStateExpiryEpochSec: 0}
2022-05-04 03:12:17,769 [EventQueue-NewNodeForNewNodeHandler] INFO  pipeline.BackgroundPipelineCreator (BackgroundPipelineCreator.java:notifyEventTriggered(270)) - trigger a one-shot run on RatisPipelineUtilsThread.
2022-05-04 03:12:17,774 [EventQueue-NodeRegistrationContainerReportForContainerSafeModeRule] INFO  safemode.SCMSafeModeManager (SCMSafeModeManager.java:validateSafeModeExitRules(204)) - ContainerSafeModeRule rule is successfully validated
2022-05-04 03:12:17,774 [EventQueue-NodeRegistrationContainerReportForDataNodeSafeModeRule] INFO  safemode.SCMSafeModeManager (DataNodeSafeModeRule.java:process(71)) - SCM in safe mode. 1 DataNodes registered, 3 required.
2022-05-04 03:12:17,782 [RatisPipelineUtilsThread - 0] INFO  pipeline.RatisPipelineProvider (RatisPipelineProvider.java:lambda$create$0(195)) - Sending CreatePipelineCommand for pipeline:PipelineID=7d02fe92-0762-4063-a468-db2c95335f3a to datanode:b9a08944-19c1-40d4-9246-1b7a50d62b45
2022-05-04 03:12:17,788 [EventQueue-PipelineReportForOneReplicaPipelineSafeModeRule] INFO  safemode.SCMSafeModeManager (SCMSafeModeManager.java:validateSafeModeExitRules(204)) - AtleastOneDatanodeReportedRule rule is successfully validated
2022-05-04 03:12:17,794 [RatisPipelineUtilsThread - 0] INFO  pipeline.PipelineStateManagerImpl (PipelineStateManagerImpl.java:addPipeline(101)) - Created pipeline Pipeline[ Id: 7d02fe92-0762-4063-a468-db2c95335f3a, Nodes: b9a08944-19c1-40d4-9246-1b7a50d62b45{ip: 10.1.0.22, host: fv-az270-73.tacnzluakwdehk1hpragurqkma.bx.internal.cloudapp.net, ports: [REPLICATION=38797, RATIS=41135, RATIS_ADMIN=41135, RATIS_SERVER=41135, STANDALONE=36969], networkLocation: /default-rack, certSerialId: null, persistedOpState: IN_SERVICE, persistedOpStateExpiryEpochSec: 0}, ReplicationConfig: RATIS/ONE, State:ALLOCATED, leaderId:, CreationTimestamp2022-05-04T03:12:17.779Z[Etc/UTC]].
2022-05-04 03:12:18,179 [IPC Server handler 1 on default port 35747] INFO  net.NetworkTopologyImpl (NetworkTopologyImpl.java:add(112)) - Added a new node: /default-rack/e24c98b1-b028-4277-b303-73506c407d4f
2022-05-04 03:12:18,180 [IPC Server handler 1 on default port 35747] INFO  node.SCMNodeManager (SCMNodeManager.java:register(393)) - Registered Data node : e24c98b1-b028-4277-b303-73506c407d4f{ip: 10.1.0.22, host: fv-az270-73.tacnzluakwdehk1hpragurqkma.bx.internal.cloudapp.net, ports: [REPLICATION=39115, RATIS=45653, RATIS_ADMIN=45653, RATIS_SERVER=45653, STANDALONE=39819], networkLocation: /default-rack, certSerialId: null, persistedOpState: null, persistedOpStateExpiryEpochSec: 0}
2022-05-04 03:12:18,181 [EventQueue-NodeRegistrationContainerReportForDataNodeSafeModeRule] INFO  safemode.SCMSafeModeManager (DataNodeSafeModeRule.java:process(71)) - SCM in safe mode. 2 DataNodes registered, 3 required.
2022-05-04 03:12:18,182 [EventQueue-NewNodeForNewNodeHandler] INFO  pipeline.BackgroundPipelineCreator (BackgroundPipelineCreator.java:notifyEventTriggered(270)) - trigger a one-shot run on RatisPipelineUtilsThread.
2022-05-04 03:12:18,183 [RatisPipelineUtilsThread - 0] INFO  pipeline.RatisPipelineProvider (RatisPipelineProvider.java:lambda$create$0(195)) - Sending CreatePipelineCommand for pipeline:PipelineID=3898bec0-40a0-4b91-bf0e-e586d43b1fed to datanode:e24c98b1-b028-4277-b303-73506c407d4f
2022-05-04 03:12:18,184 [RatisPipelineUtilsThread - 0] INFO  pipeline.PipelineStateManagerImpl (PipelineStateManagerImpl.java:addPipeline(101)) - Created pipeline Pipeline[ Id: 3898bec0-40a0-4b91-bf0e-e586d43b1fed, Nodes: e24c98b1-b028-4277-b303-73506c407d4f{ip: 10.1.0.22, host: fv-az270-73.tacnzluakwdehk1hpragurqkma.bx.internal.cloudapp.net, ports: [REPLICATION=39115, RATIS=45653, RATIS_ADMIN=45653, RATIS_SERVER=45653, STANDALONE=39819], networkLocation: /default-rack, certSerialId: null, persistedOpState: IN_SERVICE, persistedOpStateExpiryEpochSec: 0}, ReplicationConfig: RATIS/ONE, State:ALLOCATED, leaderId:, CreationTimestamp2022-05-04T03:12:18.183Z[Etc/UTC]].
2022-05-04 03:12:18,331 [Listener at 127.0.0.1/39393] INFO  ozone.MiniOzoneClusterImpl (MiniOzoneClusterImpl.java:lambda$waitForClusterToBeReady$0(221)) - Waiting for nodes to be ready. Got 2 of 5 DN Heartbeats.
2022-05-04 03:12:18,331 [Listener at 127.0.0.1/39393] INFO  ozone.MiniOzoneClusterImpl (MiniOzoneClusterImpl.java:lambda$waitForClusterToBeReady$0(224)) - Waiting for cluster to exit safe mode
2022-05-04 03:12:18,332 [Listener at 127.0.0.1/39393] INFO  ozone.MiniOzoneClusterImpl (MiniOzoneClusterImpl.java:lambda$waitForClusterToBeReady$0(226)) - SCM became leader
2022-05-04 03:12:18,555 [IPC Server handler 2 on default port 35747] INFO  net.NetworkTopologyImpl (NetworkTopologyImpl.java:add(112)) - Added a new node: /default-rack/4b39aedb-a905-4bcc-a0b6-39bcb2a8de85
2022-05-04 03:12:18,556 [IPC Server handler 2 on default port 35747] INFO  node.SCMNodeManager (SCMNodeManager.java:register(393)) - Registered Data node : 4b39aedb-a905-4bcc-a0b6-39bcb2a8de85{ip: 10.1.0.22, host: fv-az270-73.tacnzluakwdehk1hpragurqkma.bx.internal.cloudapp.net, ports: [REPLICATION=34555, RATIS=36309, RATIS_ADMIN=36309, RATIS_SERVER=36309, STANDALONE=41017], networkLocation: /default-rack, certSerialId: null, persistedOpState: null, persistedOpStateExpiryEpochSec: 0}
2022-05-04 03:12:18,556 [EventQueue-NewNodeForNewNodeHandler] INFO  pipeline.BackgroundPipelineCreator (BackgroundPipelineCreator.java:notifyEventTriggered(270)) - trigger a one-shot run on RatisPipelineUtilsThread.
2022-05-04 03:12:18,557 [EventQueue-NodeRegistrationContainerReportForDataNodeSafeModeRule] INFO  safemode.SCMSafeModeManager (DataNodeSafeModeRule.java:process(71)) - SCM in safe mode. 3 DataNodes registered, 3 required.
2022-05-04 03:12:18,557 [EventQueue-NodeRegistrationContainerReportForDataNodeSafeModeRule] INFO  safemode.SCMSafeModeManager (SCMSafeModeManager.java:validateSafeModeExitRules(204)) - DataNodeSafeModeRule rule is successfully validated
2022-05-04 03:12:18,557 [EventQueue-NodeRegistrationContainerReportForDataNodeSafeModeRule] INFO  safemode.SCMSafeModeManager (SCMSafeModeManager.java:completePreCheck(233)) - All SCM safe mode pre check rules have passed
2022-05-04 03:12:18,557 [EventQueue-NodeRegistrationContainerReportForDataNodeSafeModeRule] WARN  events.EventQueue (EventQueue.java:fireEvent(194)) - No event handler registered for event TypedEvent{payloadType=SafeModeStatus, name='Safe mode status'}
2022-05-04 03:12:18,557 [EventQueue-NodeRegistrationContainerReportForDataNodeSafeModeRule] INFO  ha.SCMContext (SCMContext.java:updateSafeModeStatus(211)) - Update SafeModeStatus from SafeModeStatus{safeModeStatus=true, preCheckPassed=false} to SafeModeStatus{safeModeStatus=true, preCheckPassed=true}.
2022-05-04 03:12:18,557 [EventQueue-NodeRegistrationContainerReportForDataNodeSafeModeRule] INFO  pipeline.BackgroundPipelineCreator (BackgroundPipelineCreator.java:notifyEventTriggered(270)) - trigger a one-shot run on RatisPipelineUtilsThread.
2022-05-04 03:12:18,559 [RatisPipelineUtilsThread - 0] INFO  pipeline.RatisPipelineProvider (RatisPipelineProvider.java:lambda$create$0(195)) - Sending CreatePipelineCommand for pipeline:PipelineID=8668817c-166a-4559-baa5-979a43c0c4b9 to datanode:4b39aedb-a905-4bcc-a0b6-39bcb2a8de85
2022-05-04 03:12:18,559 [RatisPipelineUtilsThread - 0] INFO  pipeline.PipelineStateManagerImpl (PipelineStateManagerImpl.java:addPipeline(101)) - Created pipeline Pipeline[ Id: 8668817c-166a-4559-baa5-979a43c0c4b9, Nodes: 4b39aedb-a905-4bcc-a0b6-39bcb2a8de85{ip: 10.1.0.22, host: fv-az270-73.tacnzluakwdehk1hpragurqkma.bx.internal.cloudapp.net, ports: [REPLICATION=34555, RATIS=36309, RATIS_ADMIN=36309, RATIS_SERVER=36309, STANDALONE=41017], networkLocation: /default-rack, certSerialId: null, persistedOpState: IN_SERVICE, persistedOpStateExpiryEpochSec: 0}, ReplicationConfig: RATIS/ONE, State:ALLOCATED, leaderId:, CreationTimestamp2022-05-04T03:12:18.559Z[Etc/UTC]].
2022-05-04 03:12:18,568 [RatisPipelineUtilsThread - 0] INFO  pipeline.RatisPipelineProvider (RatisPipelineProvider.java:lambda$create$0(195)) - Sending CreatePipelineCommand for pipeline:PipelineID=5f0d7f06-26c8-476e-b646-8c5b1516469d to datanode:b9a08944-19c1-40d4-9246-1b7a50d62b45
2022-05-04 03:12:18,569 [RatisPipelineUtilsThread - 0] INFO  pipeline.RatisPipelineProvider (RatisPipelineProvider.java:lambda$create$0(195)) - Sending CreatePipelineCommand for pipeline:PipelineID=5f0d7f06-26c8-476e-b646-8c5b1516469d to datanode:e24c98b1-b028-4277-b303-73506c407d4f
2022-05-04 03:12:18,569 [RatisPipelineUtilsThread - 0] INFO  pipeline.RatisPipelineProvider (RatisPipelineProvider.java:lambda$create$0(195)) - Sending CreatePipelineCommand for pipeline:PipelineID=5f0d7f06-26c8-476e-b646-8c5b1516469d to datanode:4b39aedb-a905-4bcc-a0b6-39bcb2a8de85
2022-05-04 03:12:18,570 [RatisPipelineUtilsThread - 0] INFO  pipeline.PipelineStateManagerImpl (PipelineStateManagerImpl.java:addPipeline(101)) - Created pipeline Pipeline[ Id: 5f0d7f06-26c8-476e-b646-8c5b1516469d, Nodes: b9a08944-19c1-40d4-9246-1b7a50d62b45{ip: 10.1.0.22, host: fv-az270-73.tacnzluakwdehk1hpragurqkma.bx.internal.cloudapp.net, ports: [REPLICATION=38797, RATIS=41135, RATIS_ADMIN=41135, RATIS_SERVER=41135, STANDALONE=36969], networkLocation: /default-rack, certSerialId: null, persistedOpState: IN_SERVICE, persistedOpStateExpiryEpochSec: 0}e24c98b1-b028-4277-b303-73506c407d4f{ip: 10.1.0.22, host: fv-az270-73.tacnzluakwdehk1hpragurqkma.bx.internal.cloudapp.net, ports: [REPLICATION=39115, RATIS=45653, RATIS_ADMIN=45653, RATIS_SERVER=45653, STANDALONE=39819], networkLocation: /default-rack, certSerialId: null, persistedOpState: IN_SERVICE, persistedOpStateExpiryEpochSec: 0}4b39aedb-a905-4bcc-a0b6-39bcb2a8de85{ip: 10.1.0.22, host: fv-az270-73.tacnzluakwdehk1hpragurqkma.bx.internal.cloudapp.net, ports: [REPLICATION=34555, RATIS=36309, RATIS_ADMIN=36309, RATIS_SERVER=36309, STANDALONE=41017], networkLocation: /default-rack, certSerialId: null, persistedOpState: IN_SERVICE, persistedOpStateExpiryEpochSec: 0}, ReplicationConfig: RATIS/THREE, State:ALLOCATED, leaderId:, CreationTimestamp2022-05-04T03:12:18.568Z[Etc/UTC]].
2022-05-04 03:12:18,574 [RatisPipelineUtilsThread - 0] INFO  pipeline.RatisPipelineProvider (RatisPipelineProvider.java:lambda$create$0(195)) - Sending CreatePipelineCommand for pipeline:PipelineID=e833fd87-6aea-4d3e-9271-adc0a6f0e068 to datanode:b9a08944-19c1-40d4-9246-1b7a50d62b45
2022-05-04 03:12:18,575 [RatisPipelineUtilsThread - 0] INFO  pipeline.RatisPipelineProvider (RatisPipelineProvider.java:lambda$create$0(195)) - Sending CreatePipelineCommand for pipeline:PipelineID=e833fd87-6aea-4d3e-9271-adc0a6f0e068 to datanode:4b39aedb-a905-4bcc-a0b6-39bcb2a8de85
2022-05-04 03:12:18,575 [RatisPipelineUtilsThread - 0] INFO  pipeline.RatisPipelineProvider (RatisPipelineProvider.java:lambda$create$0(195)) - Sending CreatePipelineCommand for pipeline:PipelineID=e833fd87-6aea-4d3e-9271-adc0a6f0e068 to datanode:e24c98b1-b028-4277-b303-73506c407d4f
2022-05-04 03:12:18,582 [RatisPipelineUtilsThread - 0] INFO  pipeline.PipelineStateManagerImpl (PipelineStateManagerImpl.java:addPipeline(101)) - Created pipeline Pipeline[ Id: e833fd87-6aea-4d3e-9271-adc0a6f0e068, Nodes: b9a08944-19c1-40d4-9246-1b7a50d62b45{ip: 10.1.0.22, host: fv-az270-73.tacnzluakwdehk1hpragurqkma.bx.internal.cloudapp.net, ports: [REPLICATION=38797, RATIS=41135, RATIS_ADMIN=41135, RATIS_SERVER=41135, STANDALONE=36969], networkLocation: /default-rack, certSerialId: null, persistedOpState: IN_SERVICE, persistedOpStateExpiryEpochSec: 0}4b39aedb-a905-4bcc-a0b6-39bcb2a8de85{ip: 10.1.0.22, host: fv-az270-73.tacnzluakwdehk1hpragurqkma.bx.internal.cloudapp.net, ports: [REPLICATION=34555, RATIS=36309, RATIS_ADMIN=36309, RATIS_SERVER=36309, STANDALONE=41017], networkLocation: /default-rack, certSerialId: null, persistedOpState: IN_SERVICE, persistedOpStateExpiryEpochSec: 0}e24c98b1-b028-4277-b303-73506c407d4f{ip: 10.1.0.22, host: fv-az270-73.tacnzluakwdehk1hpragurqkma.bx.internal.cloudapp.net, ports: [REPLICATION=39115, RATIS=45653, RATIS_ADMIN=45653, RATIS_SERVER=45653, STANDALONE=39819], networkLocation: /default-rack, certSerialId: null, persistedOpState: IN_SERVICE, persistedOpStateExpiryEpochSec: 0}, ReplicationConfig: RATIS/THREE, State:ALLOCATED, leaderId:, CreationTimestamp2022-05-04T03:12:18.574Z[Etc/UTC]].
2022-05-04 03:12:18,582 [RatisPipelineUtilsThread - 0] INFO  pipeline.PipelineManagerImpl (PipelineManagerImpl.java:recordMetricsForPipeline(687)) - Pipeline: PipelineID=e833fd87-6aea-4d3e-9271-adc0a6f0e068 contains same datanodes as previous pipelines: PipelineID=5f0d7f06-26c8-476e-b646-8c5b1516469d nodeIds: b9a08944-19c1-40d4-9246-1b7a50d62b45, 4b39aedb-a905-4bcc-a0b6-39bcb2a8de85, e24c98b1-b028-4277-b303-73506c407d4f
2022-05-04 03:12:18,988 [IPC Server handler 0 on default port 35747] INFO  net.NetworkTopologyImpl (NetworkTopologyImpl.java:add(112)) - Added a new node: /default-rack/a19ab64f-4ee1-44f8-9d4b-aa6978bd5e11
2022-05-04 03:12:18,989 [IPC Server handler 0 on default port 35747] INFO  node.SCMNodeManager (SCMNodeManager.java:register(393)) - Registered Data node : a19ab64f-4ee1-44f8-9d4b-aa6978bd5e11{ip: 10.1.0.22, host: fv-az270-73.tacnzluakwdehk1hpragurqkma.bx.internal.cloudapp.net, ports: [REPLICATION=42969, RATIS=39339, RATIS_ADMIN=39339, RATIS_SERVER=39339, STANDALONE=40861], networkLocation: /default-rack, certSerialId: null, persistedOpState: null, persistedOpStateExpiryEpochSec: 0}
2022-05-04 03:12:18,989 [EventQueue-NewNodeForNewNodeHandler] INFO  pipeline.BackgroundPipelineCreator (BackgroundPipelineCreator.java:notifyEventTriggered(270)) - trigger a one-shot run on RatisPipelineUtilsThread.
2022-05-04 03:12:18,990 [RatisPipelineUtilsThread - 0] INFO  pipeline.RatisPipelineProvider (RatisPipelineProvider.java:lambda$create$0(195)) - Sending CreatePipelineCommand for pipeline:PipelineID=c7510705-f112-4b2b-b581-11efc789d6d1 to datanode:a19ab64f-4ee1-44f8-9d4b-aa6978bd5e11
2022-05-04 03:12:18,991 [RatisPipelineUtilsThread - 0] INFO  pipeline.PipelineStateManagerImpl (PipelineStateManagerImpl.java:addPipeline(101)) - Created pipeline Pipeline[ Id: c7510705-f112-4b2b-b581-11efc789d6d1, Nodes: a19ab64f-4ee1-44f8-9d4b-aa6978bd5e11{ip: 10.1.0.22, host: fv-az270-73.tacnzluakwdehk1hpragurqkma.bx.internal.cloudapp.net, ports: [REPLICATION=42969, RATIS=39339, RATIS_ADMIN=39339, RATIS_SERVER=39339, STANDALONE=40861], networkLocation: /default-rack, certSerialId: null, persistedOpState: IN_SERVICE, persistedOpStateExpiryEpochSec: 0}, ReplicationConfig: RATIS/ONE, State:ALLOCATED, leaderId:, CreationTimestamp2022-05-04T03:12:18.990Z[Etc/UTC]].
2022-05-04 03:12:19,332 [Listener at 127.0.0.1/39393] INFO  ozone.MiniOzoneClusterImpl (MiniOzoneClusterImpl.java:lambda$waitForClusterToBeReady$0(221)) - Waiting for nodes to be ready. Got 4 of 5 DN Heartbeats.
2022-05-04 03:12:19,332 [Listener at 127.0.0.1/39393] INFO  ozone.MiniOzoneClusterImpl (MiniOzoneClusterImpl.java:lambda$waitForClusterToBeReady$0(224)) - Waiting for cluster to exit safe mode
2022-05-04 03:12:19,332 [Listener at 127.0.0.1/39393] INFO  ozone.MiniOzoneClusterImpl (MiniOzoneClusterImpl.java:lambda$waitForClusterToBeReady$0(226)) - SCM became leader
2022-05-04 03:12:19,344 [IPC Server handler 2 on default port 35747] INFO  net.NetworkTopologyImpl (NetworkTopologyImpl.java:add(112)) - Added a new node: /default-rack/1817b7b7-4a19-400c-8305-9266227179fd
2022-05-04 03:12:19,344 [IPC Server handler 2 on default port 35747] INFO  node.SCMNodeManager (SCMNodeManager.java:register(393)) - Registered Data node : 1817b7b7-4a19-400c-8305-9266227179fd{ip: 10.1.0.22, host: fv-az270-73.tacnzluakwdehk1hpragurqkma.bx.internal.cloudapp.net, ports: [REPLICATION=40635, RATIS=45037, RATIS_ADMIN=45037, RATIS_SERVER=45037, STANDALONE=39195], networkLocation: /default-rack, certSerialId: null, persistedOpState: null, persistedOpStateExpiryEpochSec: 0}
2022-05-04 03:12:19,345 [EventQueue-NewNodeForNewNodeHandler] INFO  pipeline.BackgroundPipelineCreator (BackgroundPipelineCreator.java:notifyEventTriggered(270)) - trigger a one-shot run on RatisPipelineUtilsThread.
2022-05-04 03:12:19,345 [RatisPipelineUtilsThread - 0] INFO  pipeline.RatisPipelineProvider (RatisPipelineProvider.java:lambda$create$0(195)) - Sending CreatePipelineCommand for pipeline:PipelineID=6b4600cc-4361-49bd-8fd8-4ac00480d0b7 to datanode:1817b7b7-4a19-400c-8305-9266227179fd
2022-05-04 03:12:19,346 [RatisPipelineUtilsThread - 0] INFO  pipeline.PipelineStateManagerImpl (PipelineStateManagerImpl.java:addPipeline(101)) - Created pipeline Pipeline[ Id: 6b4600cc-4361-49bd-8fd8-4ac00480d0b7, Nodes: 1817b7b7-4a19-400c-8305-9266227179fd{ip: 10.1.0.22, host: fv-az270-73.tacnzluakwdehk1hpragurqkma.bx.internal.cloudapp.net, ports: [REPLICATION=40635, RATIS=45037, RATIS_ADMIN=45037, RATIS_SERVER=45037, STANDALONE=39195], networkLocation: /default-rack, certSerialId: null, persistedOpState: IN_SERVICE, persistedOpStateExpiryEpochSec: 0}, ReplicationConfig: RATIS/ONE, State:ALLOCATED, leaderId:, CreationTimestamp2022-05-04T03:12:19.345Z[Etc/UTC]].
2022-05-04 03:12:20,333 [Listener at 127.0.0.1/39393] INFO  ozone.MiniOzoneClusterImpl (MiniOzoneClusterImpl.java:lambda$waitForClusterToBeReady$0(221)) - Nodes are ready. Got 5 of 5 DN Heartbeats.
2022-05-04 03:12:20,333 [Listener at 127.0.0.1/39393] INFO  ozone.MiniOzoneClusterImpl (MiniOzoneClusterImpl.java:lambda$waitForClusterToBeReady$0(224)) - Waiting for cluster to exit safe mode
2022-05-04 03:12:20,333 [Listener at 127.0.0.1/39393] INFO  ozone.MiniOzoneClusterImpl (MiniOzoneClusterImpl.java:lambda$waitForClusterToBeReady$0(226)) - SCM became leader
2022-05-04 03:12:20,743 [Command processor thread] INFO  server.RaftServer (RaftServerProxy.java:addNew(95)) - b9a08944-19c1-40d4-9246-1b7a50d62b45: addNew group-DB2C95335F3A:[b9a08944-19c1-40d4-9246-1b7a50d62b45|rpc:10.1.0.22:41135|priority:1] returns group-DB2C95335F3A:java.util.concurrent.CompletableFuture@4681fd17[Not completed]
2022-05-04 03:12:20,763 [pool-68-thread-1] INFO  server.RaftServer$Division (RaftServerImpl.java:<init>(184)) - b9a08944-19c1-40d4-9246-1b7a50d62b45: new RaftServerImpl for group-DB2C95335F3A:[b9a08944-19c1-40d4-9246-1b7a50d62b45|rpc:10.1.0.22:41135|priority:1] with ContainerStateMachine:uninitialized
2022-05-04 03:12:20,764 [pool-68-thread-1] INFO  server.RaftServerConfigKeys (ConfUtils.java:logGet(44)) - raft.server.rpc.timeout.min = 5s (custom)
2022-05-04 03:12:20,764 [pool-68-thread-1] INFO  server.RaftServerConfigKeys (ConfUtils.java:logGet(44)) - raft.server.rpc.timeout.max = 5200ms (custom)
2022-05-04 03:12:20,764 [pool-68-thread-1] INFO  server.RaftServerConfigKeys (ConfUtils.java:logGet(44)) - raft.server.rpc.sleep.time = 25ms (default)
2022-05-04 03:12:20,764 [pool-68-thread-1] INFO  server.RaftServerConfigKeys (ConfUtils.java:logGet(44)) - raft.server.rpc.slowness.timeout = 300s (custom)
2022-05-04 03:12:20,764 [pool-68-thread-1] INFO  server.RaftServerConfigKeys (ConfUtils.java:logGet(44)) - raft.server.leaderelection.leader.step-down.wait-time = 10s (default)
2022-05-04 03:12:20,764 [pool-68-thread-1] INFO  server.RaftServerConfigKeys (ConfUtils.java:logGet(44)) - raft.server.sleep.deviation.threshold = 300ms (default)
2022-05-04 03:12:20,764 [pool-68-thread-1] INFO  server.RaftServerConfigKeys (ConfUtils.java:logGet(44)) - raft.server.log.appender.install.snapshot.enabled = false (custom)
2022-05-04 03:12:20,765 [pool-68-thread-1] INFO  server.RaftServer$Division (ServerState.java:<init>(105)) - b9a08944-19c1-40d4-9246-1b7a50d62b45@group-DB2C95335F3A: ConfigurationManager, init=-1: [b9a08944-19c1-40d4-9246-1b7a50d62b45|rpc:10.1.0.22:41135|priority:1], old=null, confs=<EMPTY_MAP>
2022-05-04 03:12:20,765 [pool-68-thread-1] INFO  server.RaftServerConfigKeys (ConfUtils.java:logGet(44)) - raft.server.storage.dir = [/home/runner/work/ozone/ozone/hadoop-ozone/integration-test/target/test-dir/MiniOzoneClusterImpl-45092bb2-5ba0-493a-94ad-5fb4cf380ceb/datanode-0/data/ratis] (custom)
2022-05-04 03:12:20,765 [pool-68-thread-1] INFO  server.RaftServerConfigKeys (ConfUtils.java:logGet(44)) - raft.server.log.corruption.policy = EXCEPTION (default)
2022-05-04 03:12:20,765 [pool-68-thread-1] INFO  server.RaftServerConfigKeys (ConfUtils.java:logGet(44)) - raft.server.storage.free-space.min = 0MB (=0) (default)
2022-05-04 03:12:20,765 [pool-68-thread-1] INFO  storage.RaftStorageDirectory (RaftStorageDirectoryImpl.java:analyzeStorage(135)) - The storage directory /home/runner/work/ozone/ozone/hadoop-ozone/integration-test/target/test-dir/MiniOzoneClusterImpl-45092bb2-5ba0-493a-94ad-5fb4cf380ceb/datanode-0/data/ratis/7d02fe92-0762-4063-a468-db2c95335f3a does not exist. Creating ...
2022-05-04 03:12:20,768 [pool-68-thread-1] INFO  storage.RaftStorageDirectory (RaftStorageDirectoryImpl.java:tryLock(230)) - Lock on /home/runner/work/ozone/ozone/hadoop-ozone/integration-test/target/test-dir/MiniOzoneClusterImpl-45092bb2-5ba0-493a-94ad-5fb4cf380ceb/datanode-0/data/ratis/7d02fe92-0762-4063-a468-db2c95335f3a/in_use.lock acquired by nodename 29567@fv-az270-73
2022-05-04 03:12:20,770 [pool-68-thread-1] INFO  storage.RaftStorage (RaftStorageImpl.java:format(89)) - Storage directory /home/runner/work/ozone/ozone/hadoop-ozone/integration-test/target/test-dir/MiniOzoneClusterImpl-45092bb2-5ba0-493a-94ad-5fb4cf380ceb/datanode-0/data/ratis/7d02fe92-0762-4063-a468-db2c95335f3a has been successfully formatted.
2022-05-04 03:12:20,774 [pool-68-thread-1] INFO  ratis.ContainerStateMachine (ContainerStateMachine.java:loadSnapshot(236)) - group-DB2C95335F3A: The snapshot info is null. Setting the last applied indexto:(t:0, i:~)
2022-05-04 03:12:20,774 [pool-68-thread-1] INFO  server.RaftServerConfigKeys (ConfUtils.java:logGet(44)) - raft.server.notification.no-leader.timeout = 300s (custom)
2022-05-04 03:12:20,774 [pool-68-thread-1] INFO  server.RaftServerConfigKeys (ConfUtils.java:logGet(44)) - raft.server.log.use.memory = false (default)
2022-05-04 03:12:20,774 [pool-68-thread-1] INFO  server.RaftServerConfigKeys (ConfUtils.java:logGet(44)) - raft.server.log.purge.gap = 1000000 (custom)
2022-05-04 03:12:20,775 [pool-68-thread-1] INFO  server.RaftServerConfigKeys (ConfUtils.java:logGet(44)) - raft.server.log.appender.buffer.byte-limit = 33554432 (custom)
2022-05-04 03:12:20,775 [pool-68-thread-1] INFO  server.RaftServerConfigKeys (ConfUtils.java:logGet(44)) - raft.server.log.segment.size.max = 1048576 (custom)
2022-05-04 03:12:20,776 [pool-68-thread-1] INFO  server.RaftServerConfigKeys (ConfUtils.java:logGet(44)) - raft.server.log.segment.cache.num.max = 2 (custom)
2022-05-04 03:12:20,776 [pool-68-thread-1] INFO  server.RaftServerConfigKeys (ConfUtils.java:logGet(44)) - raft.server.log.segment.cache.size.max = 200MB (=209715200) (default)
2022-05-04 03:12:20,776 [pool-68-thread-1] INFO  segmented.SegmentedRaftLogWorker (SegmentedRaftLogWorker.java:<init>(182)) - new b9a08944-19c1-40d4-9246-1b7a50d62b45@group-DB2C95335F3A-SegmentedRaftLogWorker for RaftStorageImpl:Storage Directory /home/runner/work/ozone/ozone/hadoop-ozone/integration-test/target/test-dir/MiniOzoneClusterImpl-45092bb2-5ba0-493a-94ad-5fb4cf380ceb/datanode-0/data/ratis/7d02fe92-0762-4063-a468-db2c95335f3a
2022-05-04 03:12:20,776 [pool-68-thread-1] INFO  server.RaftServerConfigKeys (ConfUtils.java:logGet(44)) - raft.server.log.queue.byte-limit = 4294967296 (custom)
2022-05-04 03:12:20,776 [pool-68-thread-1] INFO  server.RaftServerConfigKeys (ConfUtils.java:logGet(44)) - raft.server.log.queue.element-limit = 1024 (custom)
2022-05-04 03:12:20,776 [pool-68-thread-1] INFO  server.RaftServerConfigKeys (ConfUtils.java:logGet(44)) - raft.server.log.segment.size.max = 1048576 (custom)
2022-05-04 03:12:20,777 [pool-68-thread-1] INFO  server.RaftServerConfigKeys (ConfUtils.java:logGet(44)) - raft.server.log.preallocated.size = 16384 (custom)
2022-05-04 03:12:20,777 [pool-68-thread-1] INFO  server.RaftServerConfigKeys (ConfUtils.java:logGet(44)) - raft.server.log.force.sync.num = 128 (default)
2022-05-04 03:12:20,777 [pool-68-thread-1] INFO  server.RaftServerConfigKeys (ConfUtils.java:logGet(44)) - raft.server.log.statemachine.data.sync = true (default)
2022-05-04 03:12:20,777 [pool-68-thread-1] INFO  server.RaftServerConfigKeys (ConfUtils.java:logGet(44)) - raft.server.log.statemachine.data.sync.timeout = 10s (default)
2022-05-04 03:12:20,777 [pool-68-thread-1] INFO  server.RaftServerConfigKeys (ConfUtils.java:logGet(44)) - raft.server.log.statemachine.data.sync.timeout.retry = -1 (default)
2022-05-04 03:12:20,779 [pool-68-thread-1] INFO  server.RaftServerConfigKeys (ConfUtils.java:logGet(44)) - raft.server.log.write.buffer.size = 1048576 (custom)
2022-05-04 03:12:20,780 [pool-68-thread-1] INFO  server.RaftServerConfigKeys (ConfUtils.java:logGet(44)) - raft.server.log.statemachine.data.caching.enabled = true (custom)
2022-05-04 03:12:20,780 [pool-68-thread-1] INFO  segmented.SegmentedRaftLogWorker (SegmentedRaftLogWorker.java:lambda$new$0(133)) - b9a08944-19c1-40d4-9246-1b7a50d62b45@group-DB2C95335F3A-SegmentedRaftLogWorker: flushIndex: setUnconditionally 0 -> -1
2022-05-04 03:12:20,780 [pool-68-thread-1] INFO  segmented.SegmentedRaftLogWorker (SegmentedRaftLogWorker.java:lambda$new$0(133)) - b9a08944-19c1-40d4-9246-1b7a50d62b45@group-DB2C95335F3A-SegmentedRaftLogWorker: safeCacheEvictIndex: setUnconditionally 0 -> -1
2022-05-04 03:12:20,780 [pool-68-thread-1] INFO  server.RaftServerConfigKeys (ConfUtils.java:logGet(44)) - raft.server.snapshot.auto.trigger.enabled = true (custom)
2022-05-04 03:12:20,781 [pool-68-thread-1] INFO  server.RaftServerConfigKeys (ConfUtils.java:logGet(44)) - raft.server.snapshot.auto.trigger.threshold = 10000 (custom)
2022-05-04 03:12:20,781 [pool-68-thread-1] INFO  server.RaftServerConfigKeys (ConfUtils.java:logGet(44)) - raft.server.snapshot.retention.file.num = 5 (custom)
2022-05-04 03:12:20,781 [pool-68-thread-1] INFO  server.RaftServerConfigKeys (ConfUtils.java:logGet(44)) - raft.server.log.purge.upto.snapshot.index = false (default)
2022-05-04 03:12:20,781 [pool-68-thread-1] INFO  server.RaftServerConfigKeys (ConfUtils.java:logGet(44)) - raft.server.retrycache.expirytime = 600000ms (custom)
2022-05-04 03:12:20,781 [pool-68-thread-1] INFO  server.RaftServerConfigKeys (ConfUtils.java:logGet(44)) - raft.server.retrycache.statistics.expirytime = 100μs (default)
2022-05-04 03:12:20,784 [pool-68-thread-1] INFO  server.RaftServer$Division (RaftServerImpl.java:start(301)) - b9a08944-19c1-40d4-9246-1b7a50d62b45@group-DB2C95335F3A: start as a follower, conf=-1: [b9a08944-19c1-40d4-9246-1b7a50d62b45|rpc:10.1.0.22:41135|priority:1], old=null
2022-05-04 03:12:20,784 [pool-68-thread-1] INFO  server.RaftServer$Division (RaftServerImpl.java:setRole(290)) - b9a08944-19c1-40d4-9246-1b7a50d62b45@group-DB2C95335F3A: changes role from      null to FOLLOWER at term 0 for startAsFollower
2022-05-04 03:12:20,784 [pool-68-thread-1] INFO  impl.RoleInfo (RoleInfo.java:updateAndGet(130)) - b9a08944-19c1-40d4-9246-1b7a50d62b45: start b9a08944-19c1-40d4-9246-1b7a50d62b45@group-DB2C95335F3A-FollowerState
2022-05-04 03:12:20,794 [pool-68-thread-1] INFO  util.JmxRegister (JmxRegister.java:tryRegister(44)) - Successfully registered JMX Bean with object name Ratis:service=RaftServer,group=group-DB2C95335F3A,id=b9a08944-19c1-40d4-9246-1b7a50d62b45
2022-05-04 03:12:20,803 [EventQueue-PipelineReportForPipelineReportHandler] INFO  pipeline.PipelineManagerImpl (PipelineManagerImpl.java:openPipeline(328)) - Pipeline Pipeline[ Id: 7d02fe92-0762-4063-a468-db2c95335f3a, Nodes: b9a08944-19c1-40d4-9246-1b7a50d62b45{ip: 10.1.0.22, host: fv-az270-73.tacnzluakwdehk1hpragurqkma.bx.internal.cloudapp.net, ports: [REPLICATION=38797, RATIS=41135, RATIS_ADMIN=41135, RATIS_SERVER=41135, STANDALONE=36969], networkLocation: /default-rack, certSerialId: null, persistedOpState: IN_SERVICE, persistedOpStateExpiryEpochSec: 0}, ReplicationConfig: RATIS/ONE, State:ALLOCATED, leaderId:b9a08944-19c1-40d4-9246-1b7a50d62b45, CreationTimestamp2022-05-04T03:12:17.779Z[Etc/UTC]] moved to OPEN state
2022-05-04 03:12:20,815 [EventQueue-OpenPipelineForHealthyPipelineSafeModeRule] INFO  safemode.SCMSafeModeManager (HealthyPipelineSafeModeRule.java:process(124)) - SCM in safe mode. Healthy pipelines reported count is 0, required healthy pipeline reported count is 1
2022-05-04 03:12:20,823 [Command processor thread] INFO  ratis.XceiverServerRatis (XceiverServerRatis.java:addGroup(765)) - Created group PipelineID=7d02fe92-0762-4063-a468-db2c95335f3a
2022-05-04 03:12:20,825 [Command processor thread] INFO  commandhandler.CreatePipelineCommandHandler (CreatePipelineCommandHandler.java:handle(113)) - Created Pipeline RATIS ONE PipelineID=7d02fe92-0762-4063-a468-db2c95335f3a.
2022-05-04 03:12:20,825 [Command processor thread] INFO  server.RaftServer (RaftServerProxy.java:addNew(95)) - b9a08944-19c1-40d4-9246-1b7a50d62b45: addNew group-8C5B1516469D:[b9a08944-19c1-40d4-9246-1b7a50d62b45|rpc:10.1.0.22:41135|priority:0, 4b39aedb-a905-4bcc-a0b6-39bcb2a8de85|rpc:10.1.0.22:36309|priority:1, e24c98b1-b028-4277-b303-73506c407d4f|rpc:10.1.0.22:45653|priority:0] returns group-8C5B1516469D:java.util.concurrent.CompletableFuture@60ba1b41[Not completed]
2022-05-04 03:12:20,827 [pool-68-thread-1] INFO  server.RaftServer$Division (RaftServerImpl.java:<init>(184)) - b9a08944-19c1-40d4-9246-1b7a50d62b45: new RaftServerImpl for group-8C5B1516469D:[b9a08944-19c1-40d4-9246-1b7a50d62b45|rpc:10.1.0.22:41135|priority:0, 4b39aedb-a905-4bcc-a0b6-39bcb2a8de85|rpc:10.1.0.22:36309|priority:1, e24c98b1-b028-4277-b303-73506c407d4f|rpc:10.1.0.22:45653|priority:0] with ContainerStateMachine:uninitialized
2022-05-04 03:12:20,827 [pool-68-thread-1] INFO  server.RaftServerConfigKeys (ConfUtils.java:logGet(44)) - raft.server.rpc.timeout.min = 5s (custom)
2022-05-04 03:12:20,827 [pool-68-thread-1] INFO  server.RaftServerConfigKeys (ConfUtils.java:logGet(44)) - raft.server.rpc.timeout.max = 5200ms (custom)
2022-05-04 03:12:20,827 [pool-68-thread-1] INFO  server.RaftServerConfigKeys (ConfUtils.java:logGet(44)) - raft.server.rpc.sleep.time = 25ms (default)
2022-05-04 03:12:20,827 [pool-68-thread-1] INFO  server.RaftServerConfigKeys (ConfUtils.java:logGet(44)) - raft.server.rpc.slowness.timeout = 300s (custom)
2022-05-04 03:12:20,827 [pool-68-thread-1] INFO  server.RaftServerConfigKeys (ConfUtils.java:logGet(44)) - raft.server.leaderelection.leader.step-down.wait-time = 10s (default)
2022-05-04 03:12:20,827 [pool-68-thread-1] INFO  server.RaftServerConfigKeys (ConfUtils.java:logGet(44)) - raft.server.sleep.deviation.threshold = 300ms (default)
2022-05-04 03:12:20,827 [pool-68-thread-1] INFO  server.RaftServerConfigKeys (ConfUtils.java:logGet(44)) - raft.server.log.appender.install.snapshot.enabled = false (custom)
2022-05-04 03:12:20,827 [pool-68-thread-1] INFO  server.RaftServer$Division (ServerState.java:<init>(105)) - b9a08944-19c1-40d4-9246-1b7a50d62b45@group-8C5B1516469D: ConfigurationManager, init=-1: [b9a08944-19c1-40d4-9246-1b7a50d62b45|rpc:10.1.0.22:41135|priority:0, 4b39aedb-a905-4bcc-a0b6-39bcb2a8de85|rpc:10.1.0.22:36309|priority:1, e24c98b1-b028-4277-b303-73506c407d4f|rpc:10.1.0.22:45653|priority:0], old=null, confs=<EMPTY_MAP>
2022-05-04 03:12:20,827 [pool-68-thread-1] INFO  server.RaftServerConfigKeys (ConfUtils.java:logGet(44)) - raft.server.storage.dir = [/home/runner/work/ozone/ozone/hadoop-ozone/integration-test/target/test-dir/MiniOzoneClusterImpl-45092bb2-5ba0-493a-94ad-5fb4cf380ceb/datanode-0/data/ratis] (custom)
2022-05-04 03:12:20,828 [pool-68-thread-1] INFO  server.RaftServerConfigKeys (ConfUtils.java:logGet(44)) - raft.server.log.corruption.policy = EXCEPTION (default)
2022-05-04 03:12:20,828 [pool-68-thread-1] INFO  server.RaftServerConfigKeys (ConfUtils.java:logGet(44)) - raft.server.storage.free-space.min = 0MB (=0) (default)
2022-05-04 03:12:20,828 [pool-68-thread-1] INFO  storage.RaftStorageDirectory (RaftStorageDirectoryImpl.java:analyzeStorage(135)) - The storage directory /home/runner/work/ozone/ozone/hadoop-ozone/integration-test/target/test-dir/MiniOzoneClusterImpl-45092bb2-5ba0-493a-94ad-5fb4cf380ceb/datanode-0/data/ratis/5f0d7f06-26c8-476e-b646-8c5b1516469d does not exist. Creating ...
2022-05-04 03:12:20,831 [pool-68-thread-1] INFO  storage.RaftStorageDirectory (RaftStorageDirectoryImpl.java:tryLock(230)) - Lock on /home/runner/work/ozone/ozone/hadoop-ozone/integration-test/target/test-dir/MiniOzoneClusterImpl-45092bb2-5ba0-493a-94ad-5fb4cf380ceb/datanode-0/data/ratis/5f0d7f06-26c8-476e-b646-8c5b1516469d/in_use.lock acquired by nodename 29567@fv-az270-73
2022-05-04 03:12:20,833 [pool-68-thread-1] INFO  storage.RaftStorage (RaftStorageImpl.java:format(89)) - Storage directory /home/runner/work/ozone/ozone/hadoop-ozone/integration-test/target/test-dir/MiniOzoneClusterImpl-45092bb2-5ba0-493a-94ad-5fb4cf380ceb/datanode-0/data/ratis/5f0d7f06-26c8-476e-b646-8c5b1516469d has been successfully formatted.
2022-05-04 03:12:20,834 [pool-68-thread-1] INFO  ratis.ContainerStateMachine (ContainerStateMachine.java:loadSnapshot(236)) - group-8C5B1516469D: The snapshot info is null. Setting the last applied indexto:(t:0, i:~)
2022-05-04 03:12:20,834 [pool-68-thread-1] INFO  server.RaftServerConfigKeys (ConfUtils.java:logGet(44)) - raft.server.notification.no-leader.timeout = 300s (custom)
2022-05-04 03:12:20,834 [pool-68-thread-1] INFO  server.RaftServerConfigKeys (ConfUtils.java:logGet(44)) - raft.server.log.use.memory = false (default)
2022-05-04 03:12:20,834 [pool-68-thread-1] INFO  server.RaftServerConfigKeys (ConfUtils.java:logGet(44)) - raft.server.log.purge.gap = 1000000 (custom)
2022-05-04 03:12:20,835 [pool-68-thread-1] INFO  server.RaftServerConfigKeys (ConfUtils.java:logGet(44)) - raft.server.log.appender.buffer.byte-limit = 33554432 (custom)
2022-05-04 03:12:20,836 [pool-68-thread-1] INFO  server.RaftServerConfigKeys (ConfUtils.java:logGet(44)) - raft.server.log.segment.size.max = 1048576 (custom)
2022-05-04 03:12:20,836 [EventQueue-OpenPipelineForHealthyPipelineSafeModeRule] INFO  safemode.SCMSafeModeManager (HealthyPipelineSafeModeRule.java:process(124)) - SCM in safe mode. Healthy pipelines reported count is 0, required healthy pipeline reported count is 1
2022-05-04 03:12:20,838 [pool-68-thread-1] INFO  server.RaftServerConfigKeys (ConfUtils.java:logGet(44)) - raft.server.log.segment.cache.num.max = 2 (custom)
2022-05-04 03:12:20,838 [pool-68-thread-1] INFO  server.RaftServerConfigKeys (ConfUtils.java:logGet(44)) - raft.server.log.segment.cache.size.max = 200MB (=209715200) (default)
2022-05-04 03:12:20,838 [pool-68-thread-1] INFO  segmented.SegmentedRaftLogWorker (SegmentedRaftLogWorker.java:<init>(182)) - new b9a08944-19c1-40d4-9246-1b7a50d62b45@group-8C5B1516469D-SegmentedRaftLogWorker for RaftStorageImpl:Storage Directory /home/runner/work/ozone/ozone/hadoop-ozone/integration-test/target/test-dir/MiniOzoneClusterImpl-45092bb2-5ba0-493a-94ad-5fb4cf380ceb/datanode-0/data/ratis/5f0d7f06-26c8-476e-b646-8c5b1516469d
2022-05-04 03:12:20,838 [pool-68-thread-1] INFO  server.RaftServerConfigKeys (ConfUtils.java:logGet(44)) - raft.server.log.queue.byte-limit = 4294967296 (custom)
2022-05-04 03:12:20,838 [pool-68-thread-1] INFO  server.RaftServerConfigKeys (ConfUtils.java:logGet(44)) - raft.server.log.queue.element-limit = 1024 (custom)
2022-05-04 03:12:20,838 [pool-68-thread-1] INFO  server.RaftServerConfigKeys (ConfUtils.java:logGet(44)) - raft.server.log.segment.size.max = 1048576 (custom)
2022-05-04 03:12:20,838 [pool-68-thread-1] INFO  server.RaftServerConfigKeys (ConfUtils.java:logGet(44)) - raft.server.log.preallocated.size = 16384 (custom)
2022-05-04 03:12:20,838 [pool-68-thread-1] INFO  server.RaftServerConfigKeys (ConfUtils.java:logGet(44)) - raft.server.log.force.sync.num = 128 (default)
2022-05-04 03:12:20,838 [pool-68-thread-1] INFO  server.RaftServerConfigKeys (ConfUtils.java:logGet(44)) - raft.server.log.statemachine.data.sync = true (default)
2022-05-04 03:12:20,838 [pool-68-thread-1] INFO  server.RaftServerConfigKeys (ConfUtils.java:logGet(44)) - raft.server.log.statemachine.data.sync.timeout = 10s (default)
2022-05-04 03:12:20,839 [pool-68-thread-1] INFO  server.RaftServerConfigKeys (ConfUtils.java:logGet(44)) - raft.server.log.statemachine.data.sync.timeout.retry = -1 (default)
2022-05-04 03:12:20,841 [pool-68-thread-1] INFO  server.RaftServerConfigKeys (ConfUtils.java:logGet(44)) - raft.server.log.write.buffer.size = 1048576 (custom)
2022-05-04 03:12:20,841 [pool-68-thread-1] INFO  server.RaftServerConfigKeys (ConfUtils.java:logGet(44)) - raft.server.log.statemachine.data.caching.enabled = true (custom)
2022-05-04 03:12:20,841 [pool-68-thread-1] INFO  segmented.SegmentedRaftLogWorker (SegmentedRaftLogWorker.java:lambda$new$0(133)) - b9a08944-19c1-40d4-9246-1b7a50d62b45@group-8C5B1516469D-SegmentedRaftLogWorker: flushIndex: setUnconditionally 0 -> -1
2022-05-04 03:12:20,841 [pool-68-thread-1] INFO  segmented.SegmentedRaftLogWorker (SegmentedRaftLogWorker.java:lambda$new$0(133)) - b9a08944-19c1-40d4-9246-1b7a50d62b45@group-8C5B1516469D-SegmentedRaftLogWorker: safeCacheEvictIndex: setUnconditionally 0 -> -1
2022-05-04 03:12:20,854 [pool-68-thread-1] INFO  server.RaftServerConfigKeys (ConfUtils.java:logGet(44)) - raft.server.snapshot.auto.trigger.enabled = true (custom)
2022-05-04 03:12:20,854 [pool-68-thread-1] INFO  server.RaftServerConfigKeys (ConfUtils.java:logGet(44)) - raft.server.snapshot.auto.trigger.threshold = 10000 (custom)
2022-05-04 03:12:20,854 [pool-68-thread-1] INFO  server.RaftServerConfigKeys (ConfUtils.java:logGet(44)) - raft.server.snapshot.retention.file.num = 5 (custom)
2022-05-04 03:12:20,854 [pool-68-thread-1] INFO  server.RaftServerConfigKeys (ConfUtils.java:logGet(44)) - raft.server.log.purge.upto.snapshot.index = false (default)
2022-05-04 03:12:20,854 [pool-68-thread-1] INFO  server.RaftServerConfigKeys (ConfUtils.java:logGet(44)) - raft.server.retrycache.expirytime = 600000ms (custom)
2022-05-04 03:12:20,855 [pool-68-thread-1] INFO  server.RaftServerConfigKeys (ConfUtils.java:logGet(44)) - raft.server.retrycache.statistics.expirytime = 100μs (default)
2022-05-04 03:12:20,858 [pool-68-thread-1] INFO  server.RaftServer$Division (RaftServerImpl.java:start(301)) - b9a08944-19c1-40d4-9246-1b7a50d62b45@group-8C5B1516469D: start as a follower, conf=-1: [b9a08944-19c1-40d4-9246-1b7a50d62b45|rpc:10.1.0.22:41135|priority:0, 4b39aedb-a905-4bcc-a0b6-39bcb2a8de85|rpc:10.1.0.22:36309|priority:1, e24c98b1-b028-4277-b303-73506c407d4f|rpc:10.1.0.22:45653|priority:0], old=null
2022-05-04 03:12:20,858 [pool-68-thread-1] INFO  server.RaftServer$Division (RaftServerImpl.java:setRole(290)) - b9a08944-19c1-40d4-9246-1b7a50d62b45@group-8C5B1516469D: changes role from      null to FOLLOWER at term 0 for startAsFollower
2022-05-04 03:12:20,858 [pool-68-thread-1] INFO  impl.RoleInfo (RoleInfo.java:updateAndGet(130)) - b9a08944-19c1-40d4-9246-1b7a50d62b45: start b9a08944-19c1-40d4-9246-1b7a50d62b45@group-8C5B1516469D-FollowerState
2022-05-04 03:12:20,859 [pool-68-thread-1] INFO  util.JmxRegister (JmxRegister.java:tryRegister(44)) - Successfully registered JMX Bean with object name Ratis:service=RaftServer,group=group-8C5B1516469D,id=b9a08944-19c1-40d4-9246-1b7a50d62b45
2022-05-04 03:12:20,866 [Command processor thread] INFO  ratis.XceiverServerRatis (XceiverServerRatis.java:addGroup(765)) - Created group PipelineID=5f0d7f06-26c8-476e-b646-8c5b1516469d
2022-05-04 03:12:21,182 [Command processor thread] INFO  server.RaftServer (RaftServerProxy.java:addNew(95)) - e24c98b1-b028-4277-b303-73506c407d4f: addNew group-E586D43B1FED:[e24c98b1-b028-4277-b303-73506c407d4f|rpc:10.1.0.22:45653|priority:1] returns group-E586D43B1FED:java.util.concurrent.CompletableFuture@59ce12ad[Not completed]
2022-05-04 03:12:21,185 [pool-89-thread-1] INFO  server.RaftServer$Division (RaftServerImpl.java:<init>(184)) - e24c98b1-b028-4277-b303-73506c407d4f: new RaftServerImpl for group-E586D43B1FED:[e24c98b1-b028-4277-b303-73506c407d4f|rpc:10.1.0.22:45653|priority:1] with ContainerStateMachine:uninitialized
2022-05-04 03:12:21,191 [pool-89-thread-1] INFO  server.RaftServerConfigKeys (ConfUtils.java:logGet(44)) - raft.server.rpc.timeout.min = 5s (custom)
2022-05-04 03:12:21,196 [pool-89-thread-1] INFO  server.RaftServerConfigKeys (ConfUtils.java:logGet(44)) - raft.server.rpc.timeout.max = 5200ms (custom)
2022-05-04 03:12:21,196 [pool-89-thread-1] INFO  server.RaftServerConfigKeys (ConfUtils.java:logGet(44)) - raft.server.rpc.sleep.time = 25ms (default)
2022-05-04 03:12:21,198 [pool-89-thread-1] INFO  server.RaftServerConfigKeys (ConfUtils.java:logGet(44)) - raft.server.rpc.slowness.timeout = 300s (custom)
2022-05-04 03:12:21,198 [pool-89-thread-1] INFO  server.RaftServerConfigKeys (ConfUtils.java:logGet(44)) - raft.server.leaderelection.leader.step-down.wait-time = 10s (default)
2022-05-04 03:12:21,198 [pool-89-thread-1] INFO  server.RaftServerConfigKeys (ConfUtils.java:logGet(44)) - raft.server.sleep.deviation.threshold = 300ms (default)
2022-05-04 03:12:21,198 [pool-89-thread-1] INFO  server.RaftServerConfigKeys (ConfUtils.java:logGet(44)) - raft.server.log.appender.install.snapshot.enabled = false (custom)
2022-05-04 03:12:21,199 [pool-89-thread-1] INFO  server.RaftServer$Division (ServerState.java:<init>(105)) - e24c98b1-b028-4277-b303-73506c407d4f@group-E586D43B1FED: ConfigurationManager, init=-1: [e24c98b1-b028-4277-b303-73506c407d4f|rpc:10.1.0.22:45653|priority:1], old=null, confs=<EMPTY_MAP>
2022-05-04 03:12:21,199 [pool-89-thread-1] INFO  server.RaftServerConfigKeys (ConfUtils.java:logGet(44)) - raft.server.storage.dir = [/home/runner/work/ozone/ozone/hadoop-ozone/integration-test/target/test-dir/MiniOzoneClusterImpl-45092bb2-5ba0-493a-94ad-5fb4cf380ceb/datanode-1/data/ratis] (custom)
2022-05-04 03:12:21,199 [pool-89-thread-1] INFO  server.RaftServerConfigKeys (ConfUtils.java:logGet(44)) - raft.server.log.corruption.policy = EXCEPTION (default)
2022-05-04 03:12:21,199 [pool-89-thread-1] INFO  server.RaftServerConfigKeys (ConfUtils.java:logGet(44)) - raft.server.storage.free-space.min = 0MB (=0) (default)
2022-05-04 03:12:21,199 [pool-89-thread-1] INFO  storage.RaftStorageDirectory (RaftStorageDirectoryImpl.java:analyzeStorage(135)) - The storage directory /home/runner/work/ozone/ozone/hadoop-ozone/integration-test/target/test-dir/MiniOzoneClusterImpl-45092bb2-5ba0-493a-94ad-5fb4cf380ceb/datanode-1/data/ratis/3898bec0-40a0-4b91-bf0e-e586d43b1fed does not exist. Creating ...
2022-05-04 03:12:21,207 [pool-89-thread-1] INFO  storage.RaftStorageDirectory (RaftStorageDirectoryImpl.java:tryLock(230)) - Lock on /home/runner/work/ozone/ozone/hadoop-ozone/integration-test/target/test-dir/MiniOzoneClusterImpl-45092bb2-5ba0-493a-94ad-5fb4cf380ceb/datanode-1/data/ratis/3898bec0-40a0-4b91-bf0e-e586d43b1fed/in_use.lock acquired by nodename 29567@fv-az270-73
2022-05-04 03:12:21,210 [pool-89-thread-1] INFO  storage.RaftStorage (RaftStorageImpl.java:format(89)) - Storage directory /home/runner/work/ozone/ozone/hadoop-ozone/integration-test/target/test-dir/MiniOzoneClusterImpl-45092bb2-5ba0-493a-94ad-5fb4cf380ceb/datanode-1/data/ratis/3898bec0-40a0-4b91-bf0e-e586d43b1fed has been successfully formatted.
2022-05-04 03:12:21,211 [pool-89-thread-1] INFO  ratis.ContainerStateMachine (ContainerStateMachine.java:loadSnapshot(236)) - group-E586D43B1FED: The snapshot info is null. Setting the last applied indexto:(t:0, i:~)
2022-05-04 03:12:21,214 [pool-89-thread-1] INFO  server.RaftServerConfigKeys (ConfUtils.java:logGet(44)) - raft.server.notification.no-leader.timeout = 300s (custom)
2022-05-04 03:12:21,214 [pool-89-thread-1] INFO  server.RaftServerConfigKeys (ConfUtils.java:logGet(44)) - raft.server.log.use.memory = false (default)
2022-05-04 03:12:21,214 [pool-89-thread-1] INFO  server.RaftServerConfigKeys (ConfUtils.java:logGet(44)) - raft.server.log.purge.gap = 1000000 (custom)
2022-05-04 03:12:21,216 [pool-89-thread-1] INFO  server.RaftServerConfigKeys (ConfUtils.java:logGet(44)) - raft.server.log.appender.buffer.byte-limit = 33554432 (custom)
2022-05-04 03:12:21,217 [pool-89-thread-1] INFO  server.RaftServerConfigKeys (ConfUtils.java:logGet(44)) - raft.server.log.segment.size.max = 1048576 (custom)
2022-05-04 03:12:21,217 [EventQueue-PipelineReportForPipelineReportHandler] INFO  pipeline.PipelineManagerImpl (PipelineManagerImpl.java:openPipeline(328)) - Pipeline Pipeline[ Id: 3898bec0-40a0-4b91-bf0e-e586d43b1fed, Nodes: e24c98b1-b028-4277-b303-73506c407d4f{ip: 10.1.0.22, host: fv-az270-73.tacnzluakwdehk1hpragurqkma.bx.internal.cloudapp.net, ports: [REPLICATION=39115, RATIS=45653, RATIS_ADMIN=45653, RATIS_SERVER=45653, STANDALONE=39819], networkLocation: /default-rack, certSerialId: null, persistedOpState: IN_SERVICE, persistedOpStateExpiryEpochSec: 0}, ReplicationConfig: RATIS/ONE, State:ALLOCATED, leaderId:e24c98b1-b028-4277-b303-73506c407d4f, CreationTimestamp2022-05-04T03:12:18.183Z[Etc/UTC]] moved to OPEN state
2022-05-04 03:12:21,218 [pool-89-thread-1] INFO  server.RaftServerConfigKeys (ConfUtils.java:logGet(44)) - raft.server.log.segment.cache.num.max = 2 (custom)
2022-05-04 03:12:21,218 [pool-89-thread-1] INFO  server.RaftServerConfigKeys (ConfUtils.java:logGet(44)) - raft.server.log.segment.cache.size.max = 200MB (=209715200) (default)
2022-05-04 03:12:21,218 [EventQueue-OpenPipelineForHealthyPipelineSafeModeRule] INFO  safemode.SCMSafeModeManager (HealthyPipelineSafeModeRule.java:process(124)) - SCM in safe mode. Healthy pipelines reported count is 0, required healthy pipeline reported count is 1
2022-05-04 03:12:21,218 [pool-89-thread-1] INFO  segmented.SegmentedRaftLogWorker (SegmentedRaftLogWorker.java:<init>(182)) - new e24c98b1-b028-4277-b303-73506c407d4f@group-E586D43B1FED-SegmentedRaftLogWorker for RaftStorageImpl:Storage Directory /home/runner/work/ozone/ozone/hadoop-ozone/integration-test/target/test-dir/MiniOzoneClusterImpl-45092bb2-5ba0-493a-94ad-5fb4cf380ceb/datanode-1/data/ratis/3898bec0-40a0-4b91-bf0e-e586d43b1fed
2022-05-04 03:12:21,222 [pool-89-thread-1] INFO  server.RaftServerConfigKeys (ConfUtils.java:logGet(44)) - raft.server.log.queue.byte-limit = 4294967296 (custom)
2022-05-04 03:12:21,222 [pool-89-thread-1] INFO  server.RaftServerConfigKeys (ConfUtils.java:logGet(44)) - raft.server.log.queue.element-limit = 1024 (custom)
2022-05-04 03:12:21,222 [pool-89-thread-1] INFO  server.RaftServerConfigKeys (ConfUtils.java:logGet(44)) - raft.server.log.segment.size.max = 1048576 (custom)
2022-05-04 03:12:21,222 [pool-89-thread-1] INFO  server.RaftServerConfigKeys (ConfUtils.java:logGet(44)) - raft.server.log.preallocated.size = 16384 (custom)
2022-05-04 03:12:21,222 [pool-89-thread-1] INFO  server.RaftServerConfigKeys (ConfUtils.java:logGet(44)) - raft.server.log.force.sync.num = 128 (default)
2022-05-04 03:12:21,223 [pool-89-thread-1] INFO  server.RaftServerConfigKeys (ConfUtils.java:logGet(44)) - raft.server.log.statemachine.data.sync = true (default)
2022-05-04 03:12:21,223 [pool-89-thread-1] INFO  server.RaftServerConfigKeys (ConfUtils.java:logGet(44)) - raft.server.log.statemachine.data.sync.timeout = 10s (default)
2022-05-04 03:12:21,223 [pool-89-thread-1] INFO  server.RaftServerConfigKeys (ConfUtils.java:logGet(44)) - raft.server.log.statemachine.data.sync.timeout.retry = -1 (default)
2022-05-04 03:12:21,225 [pool-89-thread-1] INFO  server.RaftServerConfigKeys (ConfUtils.java:logGet(44)) - raft.server.log.write.buffer.size = 1048576 (custom)
2022-05-04 03:12:21,226 [pool-89-thread-1] INFO  server.RaftServerConfigKeys (ConfUtils.java:logGet(44)) - raft.server.log.statemachine.data.caching.enabled = true (custom)
2022-05-04 03:12:21,226 [pool-89-thread-1] INFO  segmented.SegmentedRaftLogWorker (SegmentedRaftLogWorker.java:lambda$new$0(133)) - e24c98b1-b028-4277-b303-73506c407d4f@group-E586D43B1FED-SegmentedRaftLogWorker: flushIndex: setUnconditionally 0 -> -1
2022-05-04 03:12:21,226 [pool-89-thread-1] INFO  segmented.SegmentedRaftLogWorker (SegmentedRaftLogWorker.java:lambda$new$0(133)) - e24c98b1-b028-4277-b303-73506c407d4f@group-E586D43B1FED-SegmentedRaftLogWorker: safeCacheEvictIndex: setUnconditionally 0 -> -1
2022-05-04 03:12:21,234 [pool-89-thread-1] INFO  server.RaftServerConfigKeys (ConfUtils.java:logGet(44)) - raft.server.snapshot.auto.trigger.enabled = true (custom)
2022-05-04 03:12:21,234 [pool-89-thread-1] INFO  server.RaftServerConfigKeys (ConfUtils.java:logGet(44)) - raft.server.snapshot.auto.trigger.threshold = 10000 (custom)
2022-05-04 03:12:21,234 [pool-89-thread-1] INFO  server.RaftServerConfigKeys (ConfUtils.java:logGet(44)) - raft.server.snapshot.retention.file.num = 5 (custom)
2022-05-04 03:12:21,234 [pool-89-thread-1] INFO  server.RaftServerConfigKeys (ConfUtils.java:logGet(44)) - raft.server.log.purge.upto.snapshot.index = false (default)
2022-05-04 03:12:21,234 [pool-89-thread-1] INFO  server.RaftServerConfigKeys (ConfUtils.java:logGet(44)) - raft.server.retrycache.expirytime = 600000ms (custom)
2022-05-04 03:12:21,235 [pool-89-thread-1] INFO  server.RaftServerConfigKeys (ConfUtils.java:logGet(44)) - raft.server.retrycache.statistics.expirytime = 100μs (default)
2022-05-04 03:12:21,237 [pool-89-thread-1] INFO  server.RaftServer$Division (RaftServerImpl.java:start(301)) - e24c98b1-b028-4277-b303-73506c407d4f@group-E586D43B1FED: start as a follower, conf=-1: [e24c98b1-b028-4277-b303-73506c407d4f|rpc:10.1.0.22:45653|priority:1], old=null
2022-05-04 03:12:21,237 [pool-89-thread-1] INFO  server.RaftServer$Division (RaftServerImpl.java:setRole(290)) - e24c98b1-b028-4277-b303-73506c407d4f@group-E586D43B1FED: changes role from      null to FOLLOWER at term 0 for startAsFollower
2022-05-04 03:12:21,237 [pool-89-thread-1] INFO  impl.RoleInfo (RoleInfo.java:updateAndGet(130)) - e24c98b1-b028-4277-b303-73506c407d4f: start e24c98b1-b028-4277-b303-73506c407d4f@group-E586D43B1FED-FollowerState
2022-05-04 03:12:21,242 [pool-89-thread-1] INFO  util.JmxRegister (JmxRegister.java:tryRegister(44)) - Successfully registered JMX Bean with object name Ratis:service=RaftServer,group=group-E586D43B1FED,id=e24c98b1-b028-4277-b303-73506c407d4f
2022-05-04 03:12:21,246 [Command processor thread] INFO  ratis.XceiverServerRatis (XceiverServerRatis.java:addGroup(765)) - Created group PipelineID=3898bec0-40a0-4b91-bf0e-e586d43b1fed
2022-05-04 03:12:21,246 [Command processor thread] INFO  commandhandler.CreatePipelineCommandHandler (CreatePipelineCommandHandler.java:handle(113)) - Created Pipeline RATIS ONE PipelineID=3898bec0-40a0-4b91-bf0e-e586d43b1fed.
2022-05-04 03:12:21,247 [Command processor thread] INFO  server.RaftServer (RaftServerProxy.java:addNew(95)) - e24c98b1-b028-4277-b303-73506c407d4f: addNew group-8C5B1516469D:[b9a08944-19c1-40d4-9246-1b7a50d62b45|rpc:10.1.0.22:41135|priority:0, 4b39aedb-a905-4bcc-a0b6-39bcb2a8de85|rpc:10.1.0.22:36309|priority:1, e24c98b1-b028-4277-b303-73506c407d4f|rpc:10.1.0.22:45653|priority:0] returns group-8C5B1516469D:java.util.concurrent.CompletableFuture@5df18d4c[Not completed]
2022-05-04 03:12:21,248 [pool-89-thread-1] INFO  server.RaftServer$Division (RaftServerImpl.java:<init>(184)) - e24c98b1-b028-4277-b303-73506c407d4f: new RaftServerImpl for group-8C5B1516469D:[b9a08944-19c1-40d4-9246-1b7a50d62b45|rpc:10.1.0.22:41135|priority:0, 4b39aedb-a905-4bcc-a0b6-39bcb2a8de85|rpc:10.1.0.22:36309|priority:1, e24c98b1-b028-4277-b303-73506c407d4f|rpc:10.1.0.22:45653|priority:0] with ContainerStateMachine:uninitialized
2022-05-04 03:12:21,248 [pool-89-thread-1] INFO  server.RaftServerConfigKeys (ConfUtils.java:logGet(44)) - raft.server.rpc.timeout.min = 5s (custom)
2022-05-04 03:12:21,248 [pool-89-thread-1] INFO  server.RaftServerConfigKeys (ConfUtils.java:logGet(44)) - raft.server.rpc.timeout.max = 5200ms (custom)
2022-05-04 03:12:21,249 [pool-89-thread-1] INFO  server.RaftServerConfigKeys (ConfUtils.java:logGet(44)) - raft.server.rpc.sleep.time = 25ms (default)
2022-05-04 03:12:21,249 [pool-89-thread-1] INFO  server.RaftServerConfigKeys (ConfUtils.java:logGet(44)) - raft.server.rpc.slowness.timeout = 300s (custom)
2022-05-04 03:12:21,249 [pool-89-thread-1] INFO  server.RaftServerConfigKeys (ConfUtils.java:logGet(44)) - raft.server.leaderelection.leader.step-down.wait-time = 10s (default)
2022-05-04 03:12:21,249 [pool-89-thread-1] INFO  server.RaftServerConfigKeys (ConfUtils.java:logGet(44)) - raft.server.sleep.deviation.threshold = 300ms (default)
2022-05-04 03:12:21,249 [pool-89-thread-1] INFO  server.RaftServerConfigKeys (ConfUtils.java:logGet(44)) - raft.server.log.appender.install.snapshot.enabled = false (custom)
2022-05-04 03:12:21,249 [pool-89-thread-1] INFO  server.RaftServer$Division (ServerState.java:<init>(105)) - e24c98b1-b028-4277-b303-73506c407d4f@group-8C5B1516469D: ConfigurationManager, init=-1: [b9a08944-19c1-40d4-9246-1b7a50d62b45|rpc:10.1.0.22:41135|priority:0, 4b39aedb-a905-4bcc-a0b6-39bcb2a8de85|rpc:10.1.0.22:36309|priority:1, e24c98b1-b028-4277-b303-73506c407d4f|rpc:10.1.0.22:45653|priority:0], old=null, confs=<EMPTY_MAP>
2022-05-04 03:12:21,249 [pool-89-thread-1] INFO  server.RaftServerConfigKeys (ConfUtils.java:logGet(44)) - raft.server.storage.dir = [/home/runner/work/ozone/ozone/hadoop-ozone/integration-test/target/test-dir/MiniOzoneClusterImpl-45092bb2-5ba0-493a-94ad-5fb4cf380ceb/datanode-1/data/ratis] (custom)
2022-05-04 03:12:21,249 [pool-89-thread-1] INFO  server.RaftServerConfigKeys (ConfUtils.java:logGet(44)) - raft.server.log.corruption.policy = EXCEPTION (default)
2022-05-04 03:12:21,249 [pool-89-thread-1] INFO  server.RaftServerConfigKeys (ConfUtils.java:logGet(44)) - raft.server.storage.free-space.min = 0MB (=0) (default)
2022-05-04 03:12:21,250 [pool-89-thread-1] INFO  storage.RaftStorageDirectory (RaftStorageDirectoryImpl.java:analyzeStorage(135)) - The storage directory /home/runner/work/ozone/ozone/hadoop-ozone/integration-test/target/test-dir/MiniOzoneClusterImpl-45092bb2-5ba0-493a-94ad-5fb4cf380ceb/datanode-1/data/ratis/5f0d7f06-26c8-476e-b646-8c5b1516469d does not exist. Creating ...
2022-05-04 03:12:21,256 [pool-89-thread-1] INFO  storage.RaftStorageDirectory (RaftStorageDirectoryImpl.java:tryLock(230)) - Lock on /home/runner/work/ozone/ozone/hadoop-ozone/integration-test/target/test-dir/MiniOzoneClusterImpl-45092bb2-5ba0-493a-94ad-5fb4cf380ceb/datanode-1/data/ratis/5f0d7f06-26c8-476e-b646-8c5b1516469d/in_use.lock acquired by nodename 29567@fv-az270-73
2022-05-04 03:12:21,259 [pool-89-thread-1] INFO  storage.RaftStorage (RaftStorageImpl.java:format(89)) - Storage directory /home/runner/work/ozone/ozone/hadoop-ozone/integration-test/target/test-dir/MiniOzoneClusterImpl-45092bb2-5ba0-493a-94ad-5fb4cf380ceb/datanode-1/data/ratis/5f0d7f06-26c8-476e-b646-8c5b1516469d has been successfully formatted.
2022-05-04 03:12:21,259 [pool-89-thread-1] INFO  ratis.ContainerStateMachine (ContainerStateMachine.java:loadSnapshot(236)) - group-8C5B1516469D: The snapshot info is null. Setting the last applied indexto:(t:0, i:~)
2022-05-04 03:12:21,259 [pool-89-thread-1] INFO  server.RaftServerConfigKeys (ConfUtils.java:logGet(44)) - raft.server.notification.no-leader.timeout = 300s (custom)
2022-05-04 03:12:21,259 [pool-89-thread-1] INFO  server.RaftServerConfigKeys (ConfUtils.java:logGet(44)) - raft.server.log.use.memory = false (default)
2022-05-04 03:12:21,259 [pool-89-thread-1] INFO  server.RaftServerConfigKeys (ConfUtils.java:logGet(44)) - raft.server.log.purge.gap = 1000000 (custom)
2022-05-04 03:12:21,259 [pool-89-thread-1] INFO  server.RaftServerConfigKeys (ConfUtils.java:logGet(44)) - raft.server.log.appender.buffer.byte-limit = 33554432 (custom)
2022-05-04 03:12:21,260 [pool-89-thread-1] INFO  server.RaftServerConfigKeys (ConfUtils.java:logGet(44)) - raft.server.log.segment.size.max = 1048576 (custom)
2022-05-04 03:12:21,261 [pool-89-thread-1] INFO  server.RaftServerConfigKeys (ConfUtils.java:logGet(44)) - raft.server.log.segment.cache.num.max = 2 (custom)
2022-05-04 03:12:21,261 [pool-89-thread-1] INFO  server.RaftServerConfigKeys (ConfUtils.java:logGet(44)) - raft.server.log.segment.cache.size.max = 200MB (=209715200) (default)
2022-05-04 03:12:21,261 [pool-89-thread-1] INFO  segmented.SegmentedRaftLogWorker (SegmentedRaftLogWorker.java:<init>(182)) - new e24c98b1-b028-4277-b303-73506c407d4f@group-8C5B1516469D-SegmentedRaftLogWorker for RaftStorageImpl:Storage Directory /home/runner/work/ozone/ozone/hadoop-ozone/integration-test/target/test-dir/MiniOzoneClusterImpl-45092bb2-5ba0-493a-94ad-5fb4cf380ceb/datanode-1/data/ratis/5f0d7f06-26c8-476e-b646-8c5b1516469d
2022-05-04 03:12:21,261 [pool-89-thread-1] INFO  server.RaftServerConfigKeys (ConfUtils.java:logGet(44)) - raft.server.log.queue.byte-limit = 4294967296 (custom)
2022-05-04 03:12:21,261 [pool-89-thread-1] INFO  server.RaftServerConfigKeys (ConfUtils.java:logGet(44)) - raft.server.log.queue.element-limit = 1024 (custom)
2022-05-04 03:12:21,261 [pool-89-thread-1] INFO  server.RaftServerConfigKeys (ConfUtils.java:logGet(44)) - raft.server.log.segment.size.max = 1048576 (custom)
2022-05-04 03:12:21,261 [pool-89-thread-1] INFO  server.RaftServerConfigKeys (ConfUtils.java:logGet(44)) - raft.server.log.preallocated.size = 16384 (custom)
2022-05-04 03:12:21,261 [pool-89-thread-1] INFO  server.RaftServerConfigKeys (ConfUtils.java:logGet(44)) - raft.server.log.force.sync.num = 128 (default)
2022-05-04 03:12:21,261 [pool-89-thread-1] INFO  server.RaftServerConfigKeys (ConfUtils.java:logGet(44)) - raft.server.log.statemachine.data.sync = true (default)
2022-05-04 03:12:21,261 [pool-89-thread-1] INFO  server.RaftServerConfigKeys (ConfUtils.java:logGet(44)) - raft.server.log.statemachine.data.sync.timeout = 10s (default)
2022-05-04 03:12:21,262 [pool-89-thread-1] INFO  server.RaftServerConfigKeys (ConfUtils.java:logGet(44)) - raft.server.log.statemachine.data.sync.timeout.retry = -1 (default)
2022-05-04 03:12:21,265 [EventQueue-OpenPipelineForHealthyPipelineSafeModeRule] INFO  safemode.SCMSafeModeManager (HealthyPipelineSafeModeRule.java:process(124)) - SCM in safe mode. Healthy pipelines reported count is 0, required healthy pipeline reported count is 1
2022-05-04 03:12:21,266 [pool-89-thread-1] INFO  server.RaftServerConfigKeys (ConfUtils.java:logGet(44)) - raft.server.log.write.buffer.size = 1048576 (custom)
2022-05-04 03:12:21,267 [pool-89-thread-1] INFO  server.RaftServerConfigKeys (ConfUtils.java:logGet(44)) - raft.server.log.statemachine.data.caching.enabled = true (custom)
2022-05-04 03:12:21,267 [pool-89-thread-1] INFO  segmented.SegmentedRaftLogWorker (SegmentedRaftLogWorker.java:lambda$new$0(133)) - e24c98b1-b028-4277-b303-73506c407d4f@group-8C5B1516469D-SegmentedRaftLogWorker: flushIndex: setUnconditionally 0 -> -1
2022-05-04 03:12:21,267 [pool-89-thread-1] INFO  segmented.SegmentedRaftLogWorker (SegmentedRaftLogWorker.java:lambda$new$0(133)) - e24c98b1-b028-4277-b303-73506c407d4f@group-8C5B1516469D-SegmentedRaftLogWorker: safeCacheEvictIndex: setUnconditionally 0 -> -1
2022-05-04 03:12:21,273 [pool-89-thread-1] INFO  server.RaftServerConfigKeys (ConfUtils.java:logGet(44)) - raft.server.snapshot.auto.trigger.enabled = true (custom)
2022-05-04 03:12:21,273 [pool-89-thread-1] INFO  server.RaftServerConfigKeys (ConfUtils.java:logGet(44)) - raft.server.snapshot.auto.trigger.threshold = 10000 (custom)
2022-05-04 03:12:21,273 [pool-89-thread-1] INFO  server.RaftServerConfigKeys (ConfUtils.java:logGet(44)) - raft.server.snapshot.retention.file.num = 5 (custom)
2022-05-04 03:12:21,274 [pool-89-thread-1] INFO  server.RaftServerConfigKeys (ConfUtils.java:logGet(44)) - raft.server.log.purge.upto.snapshot.index = false (default)
2022-05-04 03:12:21,274 [pool-89-thread-1] INFO  server.RaftServerConfigKeys (ConfUtils.java:logGet(44)) - raft.server.retrycache.expirytime = 600000ms (custom)
2022-05-04 03:12:21,274 [pool-89-thread-1] INFO  server.RaftServerConfigKeys (ConfUtils.java:logGet(44)) - raft.server.retrycache.statistics.expirytime = 100μs (default)
2022-05-04 03:12:21,276 [pool-89-thread-1] INFO  server.RaftServer$Division (RaftServerImpl.java:start(301)) - e24c98b1-b028-4277-b303-73506c407d4f@group-8C5B1516469D: start as a follower, conf=-1: [b9a08944-19c1-40d4-9246-1b7a50d62b45|rpc:10.1.0.22:41135|priority:0, 4b39aedb-a905-4bcc-a0b6-39bcb2a8de85|rpc:10.1.0.22:36309|priority:1, e24c98b1-b028-4277-b303-73506c407d4f|rpc:10.1.0.22:45653|priority:0], old=null
2022-05-04 03:12:21,276 [pool-89-thread-1] INFO  server.RaftServer$Division (RaftServerImpl.java:setRole(290)) - e24c98b1-b028-4277-b303-73506c407d4f@group-8C5B1516469D: changes role from      null to FOLLOWER at term 0 for startAsFollower
2022-05-04 03:12:21,276 [pool-89-thread-1] INFO  impl.RoleInfo (RoleInfo.java:updateAndGet(130)) - e24c98b1-b028-4277-b303-73506c407d4f: start e24c98b1-b028-4277-b303-73506c407d4f@group-8C5B1516469D-FollowerState
2022-05-04 03:12:21,282 [pool-89-thread-1] INFO  util.JmxRegister (JmxRegister.java:tryRegister(44)) - Successfully registered JMX Bean with object name Ratis:service=RaftServer,group=group-8C5B1516469D,id=e24c98b1-b028-4277-b303-73506c407d4f
2022-05-04 03:12:21,290 [Command processor thread] INFO  ratis.XceiverServerRatis (XceiverServerRatis.java:addGroup(765)) - Created group PipelineID=5f0d7f06-26c8-476e-b646-8c5b1516469d
2022-05-04 03:12:21,334 [Listener at 127.0.0.1/39393] INFO  ozone.MiniOzoneClusterImpl (MiniOzoneClusterImpl.java:lambda$waitForClusterToBeReady$0(221)) - Nodes are ready. Got 5 of 5 DN Heartbeats.
2022-05-04 03:12:21,334 [Listener at 127.0.0.1/39393] INFO  ozone.MiniOzoneClusterImpl (MiniOzoneClusterImpl.java:lambda$waitForClusterToBeReady$0(224)) - Waiting for cluster to exit safe mode
2022-05-04 03:12:21,334 [Listener at 127.0.0.1/39393] INFO  ozone.MiniOzoneClusterImpl (MiniOzoneClusterImpl.java:lambda$waitForClusterToBeReady$0(226)) - SCM became leader
2022-05-04 03:12:21,553 [Command processor thread] INFO  server.RaftServer (RaftServerProxy.java:addNew(95)) - 4b39aedb-a905-4bcc-a0b6-39bcb2a8de85: addNew group-979A43C0C4B9:[4b39aedb-a905-4bcc-a0b6-39bcb2a8de85|rpc:10.1.0.22:36309|priority:1] returns group-979A43C0C4B9:java.util.concurrent.CompletableFuture@86c18e9[Not completed]
2022-05-04 03:12:21,570 [pool-110-thread-1] INFO  server.RaftServer$Division (RaftServerImpl.java:<init>(184)) - 4b39aedb-a905-4bcc-a0b6-39bcb2a8de85: new RaftServerImpl for group-979A43C0C4B9:[4b39aedb-a905-4bcc-a0b6-39bcb2a8de85|rpc:10.1.0.22:36309|priority:1] with ContainerStateMachine:uninitialized
2022-05-04 03:12:21,571 [pool-110-thread-1] INFO  server.RaftServerConfigKeys (ConfUtils.java:logGet(44)) - raft.server.rpc.timeout.min = 5s (custom)
2022-05-04 03:12:21,571 [pool-110-thread-1] INFO  server.RaftServerConfigKeys (ConfUtils.java:logGet(44)) - raft.server.rpc.timeout.max = 5200ms (custom)
2022-05-04 03:12:21,571 [pool-110-thread-1] INFO  server.RaftServerConfigKeys (ConfUtils.java:logGet(44)) - raft.server.rpc.sleep.time = 25ms (default)
2022-05-04 03:12:21,571 [pool-110-thread-1] INFO  server.RaftServerConfigKeys (ConfUtils.java:logGet(44)) - raft.server.rpc.slowness.timeout = 300s (custom)
2022-05-04 03:12:21,572 [pool-110-thread-1] INFO  server.RaftServerConfigKeys (ConfUtils.java:logGet(44)) - raft.server.leaderelection.leader.step-down.wait-time = 10s (default)
2022-05-04 03:12:21,572 [pool-110-thread-1] INFO  server.RaftServerConfigKeys (ConfUtils.java:logGet(44)) - raft.server.sleep.deviation.threshold = 300ms (default)
2022-05-04 03:12:21,572 [pool-110-thread-1] INFO  server.RaftServerConfigKeys (ConfUtils.java:logGet(44)) - raft.server.log.appender.install.snapshot.enabled = false (custom)
2022-05-04 03:12:21,572 [pool-110-thread-1] INFO  server.RaftServer$Division (ServerState.java:<init>(105)) - 4b39aedb-a905-4bcc-a0b6-39bcb2a8de85@group-979A43C0C4B9: ConfigurationManager, init=-1: [4b39aedb-a905-4bcc-a0b6-39bcb2a8de85|rpc:10.1.0.22:36309|priority:1], old=null, confs=<EMPTY_MAP>
2022-05-04 03:12:21,572 [pool-110-thread-1] INFO  server.RaftServerConfigKeys (ConfUtils.java:logGet(44)) - raft.server.storage.dir = [/home/runner/work/ozone/ozone/hadoop-ozone/integration-test/target/test-dir/MiniOzoneClusterImpl-45092bb2-5ba0-493a-94ad-5fb4cf380ceb/datanode-2/data/ratis] (custom)
2022-05-04 03:12:21,572 [pool-110-thread-1] INFO  server.RaftServerConfigKeys (ConfUtils.java:logGet(44)) - raft.server.log.corruption.policy = EXCEPTION (default)
2022-05-04 03:12:21,572 [pool-110-thread-1] INFO  server.RaftServerConfigKeys (ConfUtils.java:logGet(44)) - raft.server.storage.free-space.min = 0MB (=0) (default)
2022-05-04 03:12:21,573 [pool-110-thread-1] INFO  storage.RaftStorageDirectory (RaftStorageDirectoryImpl.java:analyzeStorage(135)) - The storage directory /home/runner/work/ozone/ozone/hadoop-ozone/integration-test/target/test-dir/MiniOzoneClusterImpl-45092bb2-5ba0-493a-94ad-5fb4cf380ceb/datanode-2/data/ratis/8668817c-166a-4559-baa5-979a43c0c4b9 does not exist. Creating ...
2022-05-04 03:12:21,574 [pool-110-thread-1] INFO  storage.RaftStorageDirectory (RaftStorageDirectoryImpl.java:tryLock(230)) - Lock on /home/runner/work/ozone/ozone/hadoop-ozone/integration-test/target/test-dir/MiniOzoneClusterImpl-45092bb2-5ba0-493a-94ad-5fb4cf380ceb/datanode-2/data/ratis/8668817c-166a-4559-baa5-979a43c0c4b9/in_use.lock acquired by nodename 29567@fv-az270-73
2022-05-04 03:12:21,578 [pool-110-thread-1] INFO  storage.RaftStorage (RaftStorageImpl.java:format(89)) - Storage directory /home/runner/work/ozone/ozone/hadoop-ozone/integration-test/target/test-dir/MiniOzoneClusterImpl-45092bb2-5ba0-493a-94ad-5fb4cf380ceb/datanode-2/data/ratis/8668817c-166a-4559-baa5-979a43c0c4b9 has been successfully formatted.
2022-05-04 03:12:21,585 [pool-110-thread-1] INFO  ratis.ContainerStateMachine (ContainerStateMachine.java:loadSnapshot(236)) - group-979A43C0C4B9: The snapshot info is null. Setting the last applied indexto:(t:0, i:~)
2022-05-04 03:12:21,590 [EventQueue-PipelineReportForPipelineReportHandler] INFO  pipeline.PipelineManagerImpl (PipelineManagerImpl.java:openPipeline(328)) - Pipeline Pipeline[ Id: 8668817c-166a-4559-baa5-979a43c0c4b9, Nodes: 4b39aedb-a905-4bcc-a0b6-39bcb2a8de85{ip: 10.1.0.22, host: fv-az270-73.tacnzluakwdehk1hpragurqkma.bx.internal.cloudapp.net, ports: [REPLICATION=34555, RATIS=36309, RATIS_ADMIN=36309, RATIS_SERVER=36309, STANDALONE=41017], networkLocation: /default-rack, certSerialId: null, persistedOpState: IN_SERVICE, persistedOpStateExpiryEpochSec: 0}, ReplicationConfig: RATIS/ONE, State:ALLOCATED, leaderId:4b39aedb-a905-4bcc-a0b6-39bcb2a8de85, CreationTimestamp2022-05-04T03:12:18.559Z[Etc/UTC]] moved to OPEN state
2022-05-04 03:12:21,590 [pool-110-thread-1] INFO  server.RaftServerConfigKeys (ConfUtils.java:logGet(44)) - raft.server.notification.no-leader.timeout = 300s (custom)
2022-05-04 03:12:21,591 [pool-110-thread-1] INFO  server.RaftServerConfigKeys (ConfUtils.java:logGet(44)) - raft.server.log.use.memory = false (default)
2022-05-04 03:12:21,591 [pool-110-thread-1] INFO  server.RaftServerConfigKeys (ConfUtils.java:logGet(44)) - raft.server.log.purge.gap = 1000000 (custom)
2022-05-04 03:12:21,591 [pool-110-thread-1] INFO  server.RaftServerConfigKeys (ConfUtils.java:logGet(44)) - raft.server.log.appender.buffer.byte-limit = 33554432 (custom)
2022-05-04 03:12:21,591 [EventQueue-OpenPipelineForHealthyPipelineSafeModeRule] INFO  safemode.SCMSafeModeManager (HealthyPipelineSafeModeRule.java:process(124)) - SCM in safe mode. Healthy pipelines reported count is 0, required healthy pipeline reported count is 1
2022-05-04 03:12:21,591 [pool-110-thread-1] INFO  server.RaftServerConfigKeys (ConfUtils.java:logGet(44)) - raft.server.log.segment.size.max = 1048576 (custom)
2022-05-04 03:12:21,600 [pool-110-thread-1] INFO  server.RaftServerConfigKeys (ConfUtils.java:logGet(44)) - raft.server.log.segment.cache.num.max = 2 (custom)
2022-05-04 03:12:21,600 [pool-110-thread-1] INFO  server.RaftServerConfigKeys (ConfUtils.java:logGet(44)) - raft.server.log.segment.cache.size.max = 200MB (=209715200) (default)
2022-05-04 03:12:21,600 [pool-110-thread-1] INFO  segmented.SegmentedRaftLogWorker (SegmentedRaftLogWorker.java:<init>(182)) - new 4b39aedb-a905-4bcc-a0b6-39bcb2a8de85@group-979A43C0C4B9-SegmentedRaftLogWorker for RaftStorageImpl:Storage Directory /home/runner/work/ozone/ozone/hadoop-ozone/integration-test/target/test-dir/MiniOzoneClusterImpl-45092bb2-5ba0-493a-94ad-5fb4cf380ceb/datanode-2/data/ratis/8668817c-166a-4559-baa5-979a43c0c4b9
2022-05-04 03:12:21,601 [pool-110-thread-1] INFO  server.RaftServerConfigKeys (ConfUtils.java:logGet(44)) - raft.server.log.queue.byte-limit = 4294967296 (custom)
2022-05-04 03:12:21,601 [pool-110-thread-1] INFO  server.RaftServerConfigKeys (ConfUtils.java:logGet(44)) - raft.server.log.queue.element-limit = 1024 (custom)
2022-05-04 03:12:21,601 [pool-110-thread-1] INFO  server.RaftServerConfigKeys (ConfUtils.java:logGet(44)) - raft.server.log.segment.size.max = 1048576 (custom)
2022-05-04 03:12:21,601 [pool-110-thread-1] INFO  server.RaftServerConfigKeys (ConfUtils.java:logGet(44)) - raft.server.log.preallocated.size = 16384 (custom)
2022-05-04 03:12:21,601 [pool-110-thread-1] INFO  server.RaftServerConfigKeys (ConfUtils.java:logGet(44)) - raft.server.log.force.sync.num = 128 (default)
2022-05-04 03:12:21,601 [pool-110-thread-1] INFO  server.RaftServerConfigKeys (ConfUtils.java:logGet(44)) - raft.server.log.statemachine.data.sync = true (default)
2022-05-04 03:12:21,601 [pool-110-thread-1] INFO  server.RaftServerConfigKeys (ConfUtils.java:logGet(44)) - raft.server.log.statemachine.data.sync.timeout = 10s (default)
2022-05-04 03:12:21,601 [pool-110-thread-1] INFO  server.RaftServerConfigKeys (ConfUtils.java:logGet(44)) - raft.server.log.statemachine.data.sync.timeout.retry = -1 (default)
2022-05-04 03:12:21,607 [pool-110-thread-1] INFO  server.RaftServerConfigKeys (ConfUtils.java:logGet(44)) - raft.server.log.write.buffer.size = 1048576 (custom)
2022-05-04 03:12:21,607 [pool-110-thread-1] INFO  server.RaftServerConfigKeys (ConfUtils.java:logGet(44)) - raft.server.log.statemachine.data.caching.enabled = true (custom)
2022-05-04 03:12:21,607 [pool-110-thread-1] INFO  segmented.SegmentedRaftLogWorker (SegmentedRaftLogWorker.java:lambda$new$0(133)) - 4b39aedb-a905-4bcc-a0b6-39bcb2a8de85@group-979A43C0C4B9-SegmentedRaftLogWorker: flushIndex: setUnconditionally 0 -> -1
2022-05-04 03:12:21,607 [pool-110-thread-1] INFO  segmented.SegmentedRaftLogWorker (SegmentedRaftLogWorker.java:lambda$new$0(133)) - 4b39aedb-a905-4bcc-a0b6-39bcb2a8de85@group-979A43C0C4B9-SegmentedRaftLogWorker: safeCacheEvictIndex: setUnconditionally 0 -> -1
2022-05-04 03:12:21,616 [pool-110-thread-1] INFO  server.RaftServerConfigKeys (ConfUtils.java:logGet(44)) - raft.server.snapshot.auto.trigger.enabled = true (custom)
2022-05-04 03:12:21,616 [pool-110-thread-1] INFO  server.RaftServerConfigKeys (ConfUtils.java:logGet(44)) - raft.server.snapshot.auto.trigger.threshold = 10000 (custom)
2022-05-04 03:12:21,616 [pool-110-thread-1] INFO  server.RaftServerConfigKeys (ConfUtils.java:logGet(44)) - raft.server.snapshot.retention.file.num = 5 (custom)
2022-05-04 03:12:21,616 [pool-110-thread-1] INFO  server.RaftServerConfigKeys (ConfUtils.java:logGet(44)) - raft.server.log.purge.upto.snapshot.index = false (default)
2022-05-04 03:12:21,616 [pool-110-thread-1] INFO  server.RaftServerConfigKeys (ConfUtils.java:logGet(44)) - raft.server.retrycache.expirytime = 600000ms (custom)
2022-05-04 03:12:21,616 [pool-110-thread-1] INFO  server.RaftServerConfigKeys (ConfUtils.java:logGet(44)) - raft.server.retrycache.statistics.expirytime = 100μs (default)
2022-05-04 03:12:21,618 [pool-110-thread-1] INFO  server.RaftServer$Division (RaftServerImpl.java:start(301)) - 4b39aedb-a905-4bcc-a0b6-39bcb2a8de85@group-979A43C0C4B9: start as a follower, conf=-1: [4b39aedb-a905-4bcc-a0b6-39bcb2a8de85|rpc:10.1.0.22:36309|priority:1], old=null
2022-05-04 03:12:21,618 [pool-110-thread-1] INFO  server.RaftServer$Division (RaftServerImpl.java:setRole(290)) - 4b39aedb-a905-4bcc-a0b6-39bcb2a8de85@group-979A43C0C4B9: changes role from      null to FOLLOWER at term 0 for startAsFollower
2022-05-04 03:12:21,618 [pool-110-thread-1] INFO  impl.RoleInfo (RoleInfo.java:updateAndGet(130)) - 4b39aedb-a905-4bcc-a0b6-39bcb2a8de85: start 4b39aedb-a905-4bcc-a0b6-39bcb2a8de85@group-979A43C0C4B9-FollowerState
2022-05-04 03:12:21,623 [pool-110-thread-1] INFO  util.JmxRegister (JmxRegister.java:tryRegister(44)) - Successfully registered JMX Bean with object name Ratis:service=RaftServer,group=group-979A43C0C4B9,id=4b39aedb-a905-4bcc-a0b6-39bcb2a8de85
2022-05-04 03:12:21,624 [Command processor thread] INFO  ratis.XceiverServerRatis (XceiverServerRatis.java:addGroup(765)) - Created group PipelineID=8668817c-166a-4559-baa5-979a43c0c4b9
2022-05-04 03:12:21,624 [Command processor thread] INFO  commandhandler.CreatePipelineCommandHandler (CreatePipelineCommandHandler.java:handle(113)) - Created Pipeline RATIS ONE PipelineID=8668817c-166a-4559-baa5-979a43c0c4b9.
2022-05-04 03:12:21,627 [Command processor thread] INFO  server.RaftServer (RaftServerProxy.java:addNew(95)) - 4b39aedb-a905-4bcc-a0b6-39bcb2a8de85: addNew group-8C5B1516469D:[b9a08944-19c1-40d4-9246-1b7a50d62b45|rpc:10.1.0.22:41135|priority:0, 4b39aedb-a905-4bcc-a0b6-39bcb2a8de85|rpc:10.1.0.22:36309|priority:1, e24c98b1-b028-4277-b303-73506c407d4f|rpc:10.1.0.22:45653|priority:0] returns group-8C5B1516469D:java.util.concurrent.CompletableFuture@c538d3c[Not completed]
2022-05-04 03:12:21,632 [pool-110-thread-1] INFO  server.RaftServer$Division (RaftServerImpl.java:<init>(184)) - 4b39aedb-a905-4bcc-a0b6-39bcb2a8de85: new RaftServerImpl for group-8C5B1516469D:[b9a08944-19c1-40d4-9246-1b7a50d62b45|rpc:10.1.0.22:41135|priority:0, 4b39aedb-a905-4bcc-a0b6-39bcb2a8de85|rpc:10.1.0.22:36309|priority:1, e24c98b1-b028-4277-b303-73506c407d4f|rpc:10.1.0.22:45653|priority:0] with ContainerStateMachine:uninitialized
2022-05-04 03:12:21,632 [pool-110-thread-1] INFO  server.RaftServerConfigKeys (ConfUtils.java:logGet(44)) - raft.server.rpc.timeout.min = 5s (custom)
2022-05-04 03:12:21,632 [pool-110-thread-1] INFO  server.RaftServerConfigKeys (ConfUtils.java:logGet(44)) - raft.server.rpc.timeout.max = 5200ms (custom)
2022-05-04 03:12:21,632 [pool-110-thread-1] INFO  server.RaftServerConfigKeys (ConfUtils.java:logGet(44)) - raft.server.rpc.sleep.time = 25ms (default)
2022-05-04 03:12:21,632 [pool-110-thread-1] INFO  server.RaftServerConfigKeys (ConfUtils.java:logGet(44)) - raft.server.rpc.slowness.timeout = 300s (custom)
2022-05-04 03:12:21,632 [pool-110-thread-1] INFO  server.RaftServerConfigKeys (ConfUtils.java:logGet(44)) - raft.server.leaderelection.leader.step-down.wait-time = 10s (default)
2022-05-04 03:12:21,632 [pool-110-thread-1] INFO  server.RaftServerConfigKeys (ConfUtils.java:logGet(44)) - raft.server.sleep.deviation.threshold = 300ms (default)
2022-05-04 03:12:21,632 [pool-110-thread-1] INFO  server.RaftServerConfigKeys (ConfUtils.java:logGet(44)) - raft.server.log.appender.install.snapshot.enabled = false (custom)
2022-05-04 03:12:21,633 [pool-110-thread-1] INFO  server.RaftServer$Division (ServerState.java:<init>(105)) - 4b39aedb-a905-4bcc-a0b6-39bcb2a8de85@group-8C5B1516469D: ConfigurationManager, init=-1: [b9a08944-19c1-40d4-9246-1b7a50d62b45|rpc:10.1.0.22:41135|priority:0, 4b39aedb-a905-4bcc-a0b6-39bcb2a8de85|rpc:10.1.0.22:36309|priority:1, e24c98b1-b028-4277-b303-73506c407d4f|rpc:10.1.0.22:45653|priority:0], old=null, confs=<EMPTY_MAP>
2022-05-04 03:12:21,633 [pool-110-thread-1] INFO  server.RaftServerConfigKeys (ConfUtils.java:logGet(44)) - raft.server.storage.dir = [/home/runner/work/ozone/ozone/hadoop-ozone/integration-test/target/test-dir/MiniOzoneClusterImpl-45092bb2-5ba0-493a-94ad-5fb4cf380ceb/datanode-2/data/ratis] (custom)
2022-05-04 03:12:21,633 [pool-110-thread-1] INFO  server.RaftServerConfigKeys (ConfUtils.java:logGet(44)) - raft.server.log.corruption.policy = EXCEPTION (default)
2022-05-04 03:12:21,633 [pool-110-thread-1] INFO  server.RaftServerConfigKeys (ConfUtils.java:logGet(44)) - raft.server.storage.free-space.min = 0MB (=0) (default)
2022-05-04 03:12:21,633 [pool-110-thread-1] INFO  storage.RaftStorageDirectory (RaftStorageDirectoryImpl.java:analyzeStorage(135)) - The storage directory /home/runner/work/ozone/ozone/hadoop-ozone/integration-test/target/test-dir/MiniOzoneClusterImpl-45092bb2-5ba0-493a-94ad-5fb4cf380ceb/datanode-2/data/ratis/5f0d7f06-26c8-476e-b646-8c5b1516469d does not exist. Creating ...
2022-05-04 03:12:21,642 [pool-110-thread-1] INFO  storage.RaftStorageDirectory (RaftStorageDirectoryImpl.java:tryLock(230)) - Lock on /home/runner/work/ozone/ozone/hadoop-ozone/integration-test/target/test-dir/MiniOzoneClusterImpl-45092bb2-5ba0-493a-94ad-5fb4cf380ceb/datanode-2/data/ratis/5f0d7f06-26c8-476e-b646-8c5b1516469d/in_use.lock acquired by nodename 29567@fv-az270-73
2022-05-04 03:12:21,645 [pool-110-thread-1] INFO  storage.RaftStorage (RaftStorageImpl.java:format(89)) - Storage directory /home/runner/work/ozone/ozone/hadoop-ozone/integration-test/target/test-dir/MiniOzoneClusterImpl-45092bb2-5ba0-493a-94ad-5fb4cf380ceb/datanode-2/data/ratis/5f0d7f06-26c8-476e-b646-8c5b1516469d has been successfully formatted.
2022-05-04 03:12:21,646 [pool-110-thread-1] INFO  ratis.ContainerStateMachine (ContainerStateMachine.java:loadSnapshot(236)) - group-8C5B1516469D: The snapshot info is null. Setting the last applied indexto:(t:0, i:~)
2022-05-04 03:12:21,646 [pool-110-thread-1] INFO  server.RaftServerConfigKeys (ConfUtils.java:logGet(44)) - raft.server.notification.no-leader.timeout = 300s (custom)
2022-05-04 03:12:21,646 [pool-110-thread-1] INFO  server.RaftServerConfigKeys (ConfUtils.java:logGet(44)) - raft.server.log.use.memory = false (default)
2022-05-04 03:12:21,646 [pool-110-thread-1] INFO  server.RaftServerConfigKeys (ConfUtils.java:logGet(44)) - raft.server.log.purge.gap = 1000000 (custom)
2022-05-04 03:12:21,646 [pool-110-thread-1] INFO  server.RaftServerConfigKeys (ConfUtils.java:logGet(44)) - raft.server.log.appender.buffer.byte-limit = 33554432 (custom)
2022-05-04 03:12:21,647 [pool-110-thread-1] INFO  server.RaftServerConfigKeys (ConfUtils.java:logGet(44)) - raft.server.log.segment.size.max = 1048576 (custom)
2022-05-04 03:12:21,647 [pool-110-thread-1] INFO  server.RaftServerConfigKeys (ConfUtils.java:logGet(44)) - raft.server.log.segment.cache.num.max = 2 (custom)
2022-05-04 03:12:21,647 [pool-110-thread-1] INFO  server.RaftServerConfigKeys (ConfUtils.java:logGet(44)) - raft.server.log.segment.cache.size.max = 200MB (=209715200) (default)
2022-05-04 03:12:21,647 [pool-110-thread-1] INFO  segmented.SegmentedRaftLogWorker (SegmentedRaftLogWorker.java:<init>(182)) - new 4b39aedb-a905-4bcc-a0b6-39bcb2a8de85@group-8C5B1516469D-SegmentedRaftLogWorker for RaftStorageImpl:Storage Directory /home/runner/work/ozone/ozone/hadoop-ozone/integration-test/target/test-dir/MiniOzoneClusterImpl-45092bb2-5ba0-493a-94ad-5fb4cf380ceb/datanode-2/data/ratis/5f0d7f06-26c8-476e-b646-8c5b1516469d
2022-05-04 03:12:21,647 [pool-110-thread-1] INFO  server.RaftServerConfigKeys (ConfUtils.java:logGet(44)) - raft.server.log.queue.byte-limit = 4294967296 (custom)
2022-05-04 03:12:21,648 [pool-110-thread-1] INFO  server.RaftServerConfigKeys (ConfUtils.java:logGet(44)) - raft.server.log.queue.element-limit = 1024 (custom)
2022-05-04 03:12:21,648 [pool-110-thread-1] INFO  server.RaftServerConfigKeys (ConfUtils.java:logGet(44)) - raft.server.log.segment.size.max = 1048576 (custom)
2022-05-04 03:12:21,648 [pool-110-thread-1] INFO  server.RaftServerConfigKeys (ConfUtils.java:logGet(44)) - raft.server.log.preallocated.size = 16384 (custom)
2022-05-04 03:12:21,648 [pool-110-thread-1] INFO  server.RaftServerConfigKeys (ConfUtils.java:logGet(44)) - raft.server.log.force.sync.num = 128 (default)
2022-05-04 03:12:21,648 [pool-110-thread-1] INFO  server.RaftServerConfigKeys (ConfUtils.java:logGet(44)) - raft.server.log.statemachine.data.sync = true (default)
2022-05-04 03:12:21,648 [pool-110-thread-1] INFO  server.RaftServerConfigKeys (ConfUtils.java:logGet(44)) - raft.server.log.statemachine.data.sync.timeout = 10s (default)
2022-05-04 03:12:21,648 [pool-110-thread-1] INFO  server.RaftServerConfigKeys (ConfUtils.java:logGet(44)) - raft.server.log.statemachine.data.sync.timeout.retry = -1 (default)
2022-05-04 03:12:21,649 [pool-110-thread-1] INFO  server.RaftServerConfigKeys (ConfUtils.java:logGet(44)) - raft.server.log.write.buffer.size = 1048576 (custom)
2022-05-04 03:12:21,652 [pool-110-thread-1] INFO  server.RaftServerConfigKeys (ConfUtils.java:logGet(44)) - raft.server.log.statemachine.data.caching.enabled = true (custom)
2022-05-04 03:12:21,654 [EventQueue-OpenPipelineForHealthyPipelineSafeModeRule] INFO  safemode.SCMSafeModeManager (HealthyPipelineSafeModeRule.java:process(124)) - SCM in safe mode. Healthy pipelines reported count is 0, required healthy pipeline reported count is 1
2022-05-04 03:12:21,662 [pool-110-thread-1] INFO  segmented.SegmentedRaftLogWorker (SegmentedRaftLogWorker.java:lambda$new$0(133)) - 4b39aedb-a905-4bcc-a0b6-39bcb2a8de85@group-8C5B1516469D-SegmentedRaftLogWorker: flushIndex: setUnconditionally 0 -> -1
2022-05-04 03:12:21,662 [pool-110-thread-1] INFO  segmented.SegmentedRaftLogWorker (SegmentedRaftLogWorker.java:lambda$new$0(133)) - 4b39aedb-a905-4bcc-a0b6-39bcb2a8de85@group-8C5B1516469D-SegmentedRaftLogWorker: safeCacheEvictIndex: setUnconditionally 0 -> -1
2022-05-04 03:12:21,673 [pool-110-thread-1] INFO  server.RaftServerConfigKeys (ConfUtils.java:logGet(44)) - raft.server.snapshot.auto.trigger.enabled = true (custom)
2022-05-04 03:12:21,673 [pool-110-thread-1] INFO  server.RaftServerConfigKeys (ConfUtils.java:logGet(44)) - raft.server.snapshot.auto.trigger.threshold = 10000 (custom)
2022-05-04 03:12:21,674 [pool-110-thread-1] INFO  server.RaftServerConfigKeys (ConfUtils.java:logGet(44)) - raft.server.snapshot.retention.file.num = 5 (custom)
2022-05-04 03:12:21,674 [pool-110-thread-1] INFO  server.RaftServerConfigKeys (ConfUtils.java:logGet(44)) - raft.server.log.purge.upto.snapshot.index = false (default)
2022-05-04 03:12:21,674 [pool-110-thread-1] INFO  server.RaftServerConfigKeys (ConfUtils.java:logGet(44)) - raft.server.retrycache.expirytime = 600000ms (custom)
2022-05-04 03:12:21,674 [pool-110-thread-1] INFO  server.RaftServerConfigKeys (ConfUtils.java:logGet(44)) - raft.server.retrycache.statistics.expirytime = 100μs (default)
2022-05-04 03:12:21,683 [pool-110-thread-1] INFO  server.RaftServer$Division (RaftServerImpl.java:start(301)) - 4b39aedb-a905-4bcc-a0b6-39bcb2a8de85@group-8C5B1516469D: start as a follower, conf=-1: [b9a08944-19c1-40d4-9246-1b7a50d62b45|rpc:10.1.0.22:41135|priority:0, 4b39aedb-a905-4bcc-a0b6-39bcb2a8de85|rpc:10.1.0.22:36309|priority:1, e24c98b1-b028-4277-b303-73506c407d4f|rpc:10.1.0.22:45653|priority:0], old=null
2022-05-04 03:12:21,683 [pool-110-thread-1] INFO  server.RaftServer$Division (RaftServerImpl.java:setRole(290)) - 4b39aedb-a905-4bcc-a0b6-39bcb2a8de85@group-8C5B1516469D: changes role from      null to FOLLOWER at term 0 for startAsFollower
2022-05-04 03:12:21,684 [pool-110-thread-1] INFO  impl.RoleInfo (RoleInfo.java:updateAndGet(130)) - 4b39aedb-a905-4bcc-a0b6-39bcb2a8de85: start 4b39aedb-a905-4bcc-a0b6-39bcb2a8de85@group-8C5B1516469D-FollowerState
2022-05-04 03:12:21,690 [pool-110-thread-1] INFO  util.JmxRegister (JmxRegister.java:tryRegister(44)) - Successfully registered JMX Bean with object name Ratis:service=RaftServer,group=group-8C5B1516469D,id=4b39aedb-a905-4bcc-a0b6-39bcb2a8de85
2022-05-04 03:12:21,695 [Command processor thread] INFO  ratis.XceiverServerRatis (XceiverServerRatis.java:addGroup(765)) - Created group PipelineID=5f0d7f06-26c8-476e-b646-8c5b1516469d
2022-05-04 03:12:21,756 [Command processor thread] INFO  commandhandler.CreatePipelineCommandHandler (CreatePipelineCommandHandler.java:handle(113)) - Created Pipeline RATIS THREE PipelineID=5f0d7f06-26c8-476e-b646-8c5b1516469d.
2022-05-04 03:12:21,756 [Command processor thread] INFO  server.RaftServer (RaftServerProxy.java:addNew(95)) - e24c98b1-b028-4277-b303-73506c407d4f: addNew group-ADC0A6F0E068:[b9a08944-19c1-40d4-9246-1b7a50d62b45|rpc:10.1.0.22:41135|priority:1, 4b39aedb-a905-4bcc-a0b6-39bcb2a8de85|rpc:10.1.0.22:36309|priority:0, e24c98b1-b028-4277-b303-73506c407d4f|rpc:10.1.0.22:45653|priority:0] returns group-ADC0A6F0E068:java.util.concurrent.CompletableFuture@5698b8e[Not completed]
2022-05-04 03:12:21,758 [Command processor thread] INFO  commandhandler.CreatePipelineCommandHandler (CreatePipelineCommandHandler.java:handle(113)) - Created Pipeline RATIS THREE PipelineID=5f0d7f06-26c8-476e-b646-8c5b1516469d.
2022-05-04 03:12:21,759 [pool-89-thread-1] INFO  server.RaftServer$Division (RaftServerImpl.java:<init>(184)) - e24c98b1-b028-4277-b303-73506c407d4f: new RaftServerImpl for group-ADC0A6F0E068:[b9a08944-19c1-40d4-9246-1b7a50d62b45|rpc:10.1.0.22:41135|priority:1, 4b39aedb-a905-4bcc-a0b6-39bcb2a8de85|rpc:10.1.0.22:36309|priority:0, e24c98b1-b028-4277-b303-73506c407d4f|rpc:10.1.0.22:45653|priority:0] with ContainerStateMachine:uninitialized
2022-05-04 03:12:21,759 [pool-89-thread-1] INFO  server.RaftServerConfigKeys (ConfUtils.java:logGet(44)) - raft.server.rpc.timeout.min = 5s (custom)
2022-05-04 03:12:21,759 [pool-89-thread-1] INFO  server.RaftServerConfigKeys (ConfUtils.java:logGet(44)) - raft.server.rpc.timeout.max = 5200ms (custom)
2022-05-04 03:12:21,764 [pool-89-thread-1] INFO  server.RaftServerConfigKeys (ConfUtils.java:logGet(44)) - raft.server.rpc.sleep.time = 25ms (default)
2022-05-04 03:12:21,764 [pool-89-thread-1] INFO  server.RaftServerConfigKeys (ConfUtils.java:logGet(44)) - raft.server.rpc.slowness.timeout = 300s (custom)
2022-05-04 03:12:21,764 [pool-89-thread-1] INFO  server.RaftServerConfigKeys (ConfUtils.java:logGet(44)) - raft.server.leaderelection.leader.step-down.wait-time = 10s (default)
2022-05-04 03:12:21,764 [pool-89-thread-1] INFO  server.RaftServerConfigKeys (ConfUtils.java:logGet(44)) - raft.server.sleep.deviation.threshold = 300ms (default)
2022-05-04 03:12:21,764 [pool-89-thread-1] INFO  server.RaftServerConfigKeys (ConfUtils.java:logGet(44)) - raft.server.log.appender.install.snapshot.enabled = false (custom)
2022-05-04 03:12:21,764 [pool-89-thread-1] INFO  server.RaftServer$Division (ServerState.java:<init>(105)) - e24c98b1-b028-4277-b303-73506c407d4f@group-ADC0A6F0E068: ConfigurationManager, init=-1: [b9a08944-19c1-40d4-9246-1b7a50d62b45|rpc:10.1.0.22:41135|priority:1, 4b39aedb-a905-4bcc-a0b6-39bcb2a8de85|rpc:10.1.0.22:36309|priority:0, e24c98b1-b028-4277-b303-73506c407d4f|rpc:10.1.0.22:45653|priority:0], old=null, confs=<EMPTY_MAP>
2022-05-04 03:12:21,764 [pool-89-thread-1] INFO  server.RaftServerConfigKeys (ConfUtils.java:logGet(44)) - raft.server.storage.dir = [/home/runner/work/ozone/ozone/hadoop-ozone/integration-test/target/test-dir/MiniOzoneClusterImpl-45092bb2-5ba0-493a-94ad-5fb4cf380ceb/datanode-1/data/ratis] (custom)
2022-05-04 03:12:21,764 [pool-89-thread-1] INFO  server.RaftServerConfigKeys (ConfUtils.java:logGet(44)) - raft.server.log.corruption.policy = EXCEPTION (default)
2022-05-04 03:12:21,765 [pool-89-thread-1] INFO  server.RaftServerConfigKeys (ConfUtils.java:logGet(44)) - raft.server.storage.free-space.min = 0MB (=0) (default)
2022-05-04 03:12:21,765 [Command processor thread] INFO  server.RaftServer (RaftServerProxy.java:addNew(95)) - b9a08944-19c1-40d4-9246-1b7a50d62b45: addNew group-ADC0A6F0E068:[b9a08944-19c1-40d4-9246-1b7a50d62b45|rpc:10.1.0.22:41135|priority:1, 4b39aedb-a905-4bcc-a0b6-39bcb2a8de85|rpc:10.1.0.22:36309|priority:0, e24c98b1-b028-4277-b303-73506c407d4f|rpc:10.1.0.22:45653|priority:0] returns group-ADC0A6F0E068:java.util.concurrent.CompletableFuture@246b6bc8[Not completed]
2022-05-04 03:12:21,765 [pool-89-thread-1] INFO  storage.RaftStorageDirectory (RaftStorageDirectoryImpl.java:analyzeStorage(135)) - The storage directory /home/runner/work/ozone/ozone/hadoop-ozone/integration-test/target/test-dir/MiniOzoneClusterImpl-45092bb2-5ba0-493a-94ad-5fb4cf380ceb/datanode-1/data/ratis/e833fd87-6aea-4d3e-9271-adc0a6f0e068 does not exist. Creating ...
2022-05-04 03:12:21,766 [pool-68-thread-1] INFO  server.RaftServer$Division (RaftServerImpl.java:<init>(184)) - b9a08944-19c1-40d4-9246-1b7a50d62b45: new RaftServerImpl for group-ADC0A6F0E068:[b9a08944-19c1-40d4-9246-1b7a50d62b45|rpc:10.1.0.22:41135|priority:1, 4b39aedb-a905-4bcc-a0b6-39bcb2a8de85|rpc:10.1.0.22:36309|priority:0, e24c98b1-b028-4277-b303-73506c407d4f|rpc:10.1.0.22:45653|priority:0] with ContainerStateMachine:uninitialized
2022-05-04 03:12:21,766 [pool-68-thread-1] INFO  server.RaftServerConfigKeys (ConfUtils.java:logGet(44)) - raft.server.rpc.timeout.min = 5s (custom)
2022-05-04 03:12:21,766 [pool-89-thread-1] INFO  storage.RaftStorageDirectory (RaftStorageDirectoryImpl.java:tryLock(230)) - Lock on /home/runner/work/ozone/ozone/hadoop-ozone/integration-test/target/test-dir/MiniOzoneClusterImpl-45092bb2-5ba0-493a-94ad-5fb4cf380ceb/datanode-1/data/ratis/e833fd87-6aea-4d3e-9271-adc0a6f0e068/in_use.lock acquired by nodename 29567@fv-az270-73
2022-05-04 03:12:21,766 [pool-68-thread-1] INFO  server.RaftServerConfigKeys (ConfUtils.java:logGet(44)) - raft.server.rpc.timeout.max = 5200ms (custom)
2022-05-04 03:12:21,767 [pool-68-thread-1] INFO  server.RaftServerConfigKeys (ConfUtils.java:logGet(44)) - raft.server.rpc.sleep.time = 25ms (default)
2022-05-04 03:12:21,767 [pool-68-thread-1] INFO  server.RaftServerConfigKeys (ConfUtils.java:logGet(44)) - raft.server.rpc.slowness.timeout = 300s (custom)
2022-05-04 03:12:21,767 [pool-68-thread-1] INFO  server.RaftServerConfigKeys (ConfUtils.java:logGet(44)) - raft.server.leaderelection.leader.step-down.wait-time = 10s (default)
2022-05-04 03:12:21,767 [pool-68-thread-1] INFO  server.RaftServerConfigKeys (ConfUtils.java:logGet(44)) - raft.server.sleep.deviation.threshold = 300ms (default)
2022-05-04 03:12:21,767 [pool-68-thread-1] INFO  server.RaftServerConfigKeys (ConfUtils.java:logGet(44)) - raft.server.log.appender.install.snapshot.enabled = false (custom)
2022-05-04 03:12:21,768 [pool-68-thread-1] INFO  server.RaftServer$Division (ServerState.java:<init>(105)) - b9a08944-19c1-40d4-9246-1b7a50d62b45@group-ADC0A6F0E068: ConfigurationManager, init=-1: [b9a08944-19c1-40d4-9246-1b7a50d62b45|rpc:10.1.0.22:41135|priority:1, 4b39aedb-a905-4bcc-a0b6-39bcb2a8de85|rpc:10.1.0.22:36309|priority:0, e24c98b1-b028-4277-b303-73506c407d4f|rpc:10.1.0.22:45653|priority:0], old=null, confs=<EMPTY_MAP>
2022-05-04 03:12:21,768 [pool-68-thread-1] INFO  server.RaftServerConfigKeys (ConfUtils.java:logGet(44)) - raft.server.storage.dir = [/home/runner/work/ozone/ozone/hadoop-ozone/integration-test/target/test-dir/MiniOzoneClusterImpl-45092bb2-5ba0-493a-94ad-5fb4cf380ceb/datanode-0/data/ratis] (custom)
2022-05-04 03:12:21,768 [pool-68-thread-1] INFO  server.RaftServerConfigKeys (ConfUtils.java:logGet(44)) - raft.server.log.corruption.policy = EXCEPTION (default)
2022-05-04 03:12:21,768 [pool-68-thread-1] INFO  server.RaftServerConfigKeys (ConfUtils.java:logGet(44)) - raft.server.storage.free-space.min = 0MB (=0) (default)
2022-05-04 03:12:21,768 [pool-68-thread-1] INFO  storage.RaftStorageDirectory (RaftStorageDirectoryImpl.java:analyzeStorage(135)) - The storage directory /home/runner/work/ozone/ozone/hadoop-ozone/integration-test/target/test-dir/MiniOzoneClusterImpl-45092bb2-5ba0-493a-94ad-5fb4cf380ceb/datanode-0/data/ratis/e833fd87-6aea-4d3e-9271-adc0a6f0e068 does not exist. Creating ...
2022-05-04 03:12:21,770 [pool-89-thread-1] INFO  storage.RaftStorage (RaftStorageImpl.java:format(89)) - Storage directory /home/runner/work/ozone/ozone/hadoop-ozone/integration-test/target/test-dir/MiniOzoneClusterImpl-45092bb2-5ba0-493a-94ad-5fb4cf380ceb/datanode-1/data/ratis/e833fd87-6aea-4d3e-9271-adc0a6f0e068 has been successfully formatted.
2022-05-04 03:12:21,771 [pool-89-thread-1] INFO  ratis.ContainerStateMachine (ContainerStateMachine.java:loadSnapshot(236)) - group-ADC0A6F0E068: The snapshot info is null. Setting the last applied indexto:(t:0, i:~)
2022-05-04 03:12:21,771 [pool-89-thread-1] INFO  server.RaftServerConfigKeys (ConfUtils.java:logGet(44)) - raft.server.notification.no-leader.timeout = 300s (custom)
2022-05-04 03:12:21,771 [pool-89-thread-1] INFO  server.RaftServerConfigKeys (ConfUtils.java:logGet(44)) - raft.server.log.use.memory = false (default)
2022-05-04 03:12:21,771 [pool-89-thread-1] INFO  server.RaftServerConfigKeys (ConfUtils.java:logGet(44)) - raft.server.log.purge.gap = 1000000 (custom)
2022-05-04 03:12:21,771 [pool-89-thread-1] INFO  server.RaftServerConfigKeys (ConfUtils.java:logGet(44)) - raft.server.log.appender.buffer.byte-limit = 33554432 (custom)
2022-05-04 03:12:21,772 [pool-89-thread-1] INFO  server.RaftServerConfigKeys (ConfUtils.java:logGet(44)) - raft.server.log.segment.size.max = 1048576 (custom)
2022-05-04 03:12:21,772 [pool-89-thread-1] INFO  server.RaftServerConfigKeys (ConfUtils.java:logGet(44)) - raft.server.log.segment.cache.num.max = 2 (custom)
2022-05-04 03:12:21,772 [pool-89-thread-1] INFO  server.RaftServerConfigKeys (ConfUtils.java:logGet(44)) - raft.server.log.segment.cache.size.max = 200MB (=209715200) (default)
2022-05-04 03:12:21,772 [pool-89-thread-1] INFO  segmented.SegmentedRaftLogWorker (SegmentedRaftLogWorker.java:<init>(182)) - new e24c98b1-b028-4277-b303-73506c407d4f@group-ADC0A6F0E068-SegmentedRaftLogWorker for RaftStorageImpl:Storage Directory /home/runner/work/ozone/ozone/hadoop-ozone/integration-test/target/test-dir/MiniOzoneClusterImpl-45092bb2-5ba0-493a-94ad-5fb4cf380ceb/datanode-1/data/ratis/e833fd87-6aea-4d3e-9271-adc0a6f0e068
2022-05-04 03:12:21,773 [pool-89-thread-1] INFO  server.RaftServerConfigKeys (ConfUtils.java:logGet(44)) - raft.server.log.queue.byte-limit = 4294967296 (custom)
2022-05-04 03:12:21,773 [pool-89-thread-1] INFO  server.RaftServerConfigKeys (ConfUtils.java:logGet(44)) - raft.server.log.queue.element-limit = 1024 (custom)
2022-05-04 03:12:21,773 [pool-89-thread-1] INFO  server.RaftServerConfigKeys (ConfUtils.java:logGet(44)) - raft.server.log.segment.size.max = 1048576 (custom)
2022-05-04 03:12:21,773 [pool-89-thread-1] INFO  server.RaftServerConfigKeys (ConfUtils.java:logGet(44)) - raft.server.log.preallocated.size = 16384 (custom)
2022-05-04 03:12:21,773 [pool-89-thread-1] INFO  server.RaftServerConfigKeys (ConfUtils.java:logGet(44)) - raft.server.log.force.sync.num = 128 (default)
2022-05-04 03:12:21,773 [pool-89-thread-1] INFO  server.RaftServerConfigKeys (ConfUtils.java:logGet(44)) - raft.server.log.statemachine.data.sync = true (default)
2022-05-04 03:12:21,773 [pool-89-thread-1] INFO  server.RaftServerConfigKeys (ConfUtils.java:logGet(44)) - raft.server.log.statemachine.data.sync.timeout = 10s (default)
2022-05-04 03:12:21,773 [pool-89-thread-1] INFO  server.RaftServerConfigKeys (ConfUtils.java:logGet(44)) - raft.server.log.statemachine.data.sync.timeout.retry = -1 (default)
2022-05-04 03:12:21,775 [pool-68-thread-1] INFO  storage.RaftStorageDirectory (RaftStorageDirectoryImpl.java:tryLock(230)) - Lock on /home/runner/work/ozone/ozone/hadoop-ozone/integration-test/target/test-dir/MiniOzoneClusterImpl-45092bb2-5ba0-493a-94ad-5fb4cf380ceb/datanode-0/data/ratis/e833fd87-6aea-4d3e-9271-adc0a6f0e068/in_use.lock acquired by nodename 29567@fv-az270-73
2022-05-04 03:12:21,777 [pool-68-thread-1] INFO  storage.RaftStorage (RaftStorageImpl.java:format(89)) - Storage directory /home/runner/work/ozone/ozone/hadoop-ozone/integration-test/target/test-dir/MiniOzoneClusterImpl-45092bb2-5ba0-493a-94ad-5fb4cf380ceb/datanode-0/data/ratis/e833fd87-6aea-4d3e-9271-adc0a6f0e068 has been successfully formatted.
2022-05-04 03:12:21,778 [pool-68-thread-1] INFO  ratis.ContainerStateMachine (ContainerStateMachine.java:loadSnapshot(236)) - group-ADC0A6F0E068: The snapshot info is null. Setting the last applied indexto:(t:0, i:~)
2022-05-04 03:12:21,778 [pool-68-thread-1] INFO  server.RaftServerConfigKeys (ConfUtils.java:logGet(44)) - raft.server.notification.no-leader.timeout = 300s (custom)
2022-05-04 03:12:21,778 [pool-68-thread-1] INFO  server.RaftServerConfigKeys (ConfUtils.java:logGet(44)) - raft.server.log.use.memory = false (default)
2022-05-04 03:12:21,778 [pool-68-thread-1] INFO  server.RaftServerConfigKeys (ConfUtils.java:logGet(44)) - raft.server.log.purge.gap = 1000000 (custom)
2022-05-04 03:12:21,778 [pool-68-thread-1] INFO  server.RaftServerConfigKeys (ConfUtils.java:logGet(44)) - raft.server.log.appender.buffer.byte-limit = 33554432 (custom)
2022-05-04 03:12:21,779 [pool-68-thread-1] INFO  server.RaftServerConfigKeys (ConfUtils.java:logGet(44)) - raft.server.log.segment.size.max = 1048576 (custom)
2022-05-04 03:12:21,780 [pool-68-thread-1] INFO  server.RaftServerConfigKeys (ConfUtils.java:logGet(44)) - raft.server.log.segment.cache.num.max = 2 (custom)
2022-05-04 03:12:21,780 [pool-68-thread-1] INFO  server.RaftServerConfigKeys (ConfUtils.java:logGet(44)) - raft.server.log.segment.cache.size.max = 200MB (=209715200) (default)
2022-05-04 03:12:21,780 [pool-68-thread-1] INFO  segmented.SegmentedRaftLogWorker (SegmentedRaftLogWorker.java:<init>(182)) - new b9a08944-19c1-40d4-9246-1b7a50d62b45@group-ADC0A6F0E068-SegmentedRaftLogWorker for RaftStorageImpl:Storage Directory /home/runner/work/ozone/ozone/hadoop-ozone/integration-test/target/test-dir/MiniOzoneClusterImpl-45092bb2-5ba0-493a-94ad-5fb4cf380ceb/datanode-0/data/ratis/e833fd87-6aea-4d3e-9271-adc0a6f0e068
2022-05-04 03:12:21,780 [pool-68-thread-1] INFO  server.RaftServerConfigKeys (ConfUtils.java:logGet(44)) - raft.server.log.queue.byte-limit = 4294967296 (custom)
2022-05-04 03:12:21,780 [pool-68-thread-1] INFO  server.RaftServerConfigKeys (ConfUtils.java:logGet(44)) - raft.server.log.queue.element-limit = 1024 (custom)
2022-05-04 03:12:21,780 [pool-68-thread-1] INFO  server.RaftServerConfigKeys (ConfUtils.java:logGet(44)) - raft.server.log.segment.size.max = 1048576 (custom)
2022-05-04 03:12:21,780 [pool-68-thread-1] INFO  server.RaftServerConfigKeys (ConfUtils.java:logGet(44)) - raft.server.log.preallocated.size = 16384 (custom)
2022-05-04 03:12:21,780 [pool-68-thread-1] INFO  server.RaftServerConfigKeys (ConfUtils.java:logGet(44)) - raft.server.log.force.sync.num = 128 (default)
2022-05-04 03:12:21,780 [pool-68-thread-1] INFO  server.RaftServerConfigKeys (ConfUtils.java:logGet(44)) - raft.server.log.statemachine.data.sync = true (default)
2022-05-04 03:12:21,780 [pool-68-thread-1] INFO  server.RaftServerConfigKeys (ConfUtils.java:logGet(44)) - raft.server.log.statemachine.data.sync.timeout = 10s (default)
2022-05-04 03:12:21,780 [pool-68-thread-1] INFO  server.RaftServerConfigKeys (ConfUtils.java:logGet(44)) - raft.server.log.statemachine.data.sync.timeout.retry = -1 (default)
2022-05-04 03:12:21,781 [pool-68-thread-1] INFO  server.RaftServerConfigKeys (ConfUtils.java:logGet(44)) - raft.server.log.write.buffer.size = 1048576 (custom)
2022-05-04 03:12:21,782 [pool-68-thread-1] INFO  server.RaftServerConfigKeys (ConfUtils.java:logGet(44)) - raft.server.log.statemachine.data.caching.enabled = true (custom)
2022-05-04 03:12:21,782 [pool-68-thread-1] INFO  segmented.SegmentedRaftLogWorker (SegmentedRaftLogWorker.java:lambda$new$0(133)) - b9a08944-19c1-40d4-9246-1b7a50d62b45@group-ADC0A6F0E068-SegmentedRaftLogWorker: flushIndex: setUnconditionally 0 -> -1
2022-05-04 03:12:21,782 [pool-68-thread-1] INFO  segmented.SegmentedRaftLogWorker (SegmentedRaftLogWorker.java:lambda$new$0(133)) - b9a08944-19c1-40d4-9246-1b7a50d62b45@group-ADC0A6F0E068-SegmentedRaftLogWorker: safeCacheEvictIndex: setUnconditionally 0 -> -1
2022-05-04 03:12:21,783 [pool-89-thread-1] INFO  server.RaftServerConfigKeys (ConfUtils.java:logGet(44)) - raft.server.log.write.buffer.size = 1048576 (custom)
2022-05-04 03:12:21,792 [pool-68-thread-1] INFO  server.RaftServerConfigKeys (ConfUtils.java:logGet(44)) - raft.server.snapshot.auto.trigger.enabled = true (custom)
2022-05-04 03:12:21,792 [pool-68-thread-1] INFO  server.RaftServerConfigKeys (ConfUtils.java:logGet(44)) - raft.server.snapshot.auto.trigger.threshold = 10000 (custom)
2022-05-04 03:12:21,793 [pool-68-thread-1] INFO  server.RaftServerConfigKeys (ConfUtils.java:logGet(44)) - raft.server.snapshot.retention.file.num = 5 (custom)
2022-05-04 03:12:21,793 [pool-68-thread-1] INFO  server.RaftServerConfigKeys (ConfUtils.java:logGet(44)) - raft.server.log.purge.upto.snapshot.index = false (default)
2022-05-04 03:12:21,793 [pool-68-thread-1] INFO  server.RaftServerConfigKeys (ConfUtils.java:logGet(44)) - raft.server.retrycache.expirytime = 600000ms (custom)
2022-05-04 03:12:21,793 [pool-68-thread-1] INFO  server.RaftServerConfigKeys (ConfUtils.java:logGet(44)) - raft.server.retrycache.statistics.expirytime = 100μs (default)
2022-05-04 03:12:21,796 [pool-68-thread-1] INFO  server.RaftServer$Division (RaftServerImpl.java:start(301)) - b9a08944-19c1-40d4-9246-1b7a50d62b45@group-ADC0A6F0E068: start as a follower, conf=-1: [b9a08944-19c1-40d4-9246-1b7a50d62b45|rpc:10.1.0.22:41135|priority:1, 4b39aedb-a905-4bcc-a0b6-39bcb2a8de85|rpc:10.1.0.22:36309|priority:0, e24c98b1-b028-4277-b303-73506c407d4f|rpc:10.1.0.22:45653|priority:0], old=null
2022-05-04 03:12:21,796 [pool-68-thread-1] INFO  server.RaftServer$Division (RaftServerImpl.java:setRole(290)) - b9a08944-19c1-40d4-9246-1b7a50d62b45@group-ADC0A6F0E068: changes role from      null to FOLLOWER at term 0 for startAsFollower
2022-05-04 03:12:21,796 [pool-68-thread-1] INFO  impl.RoleInfo (RoleInfo.java:updateAndGet(130)) - b9a08944-19c1-40d4-9246-1b7a50d62b45: start b9a08944-19c1-40d4-9246-1b7a50d62b45@group-ADC0A6F0E068-FollowerState
2022-05-04 03:12:21,792 [pool-89-thread-1] INFO  server.RaftServerConfigKeys (ConfUtils.java:logGet(44)) - raft.server.log.statemachine.data.caching.enabled = true (custom)
2022-05-04 03:12:21,793 [EventQueue-OpenPipelineForHealthyPipelineSafeModeRule] INFO  safemode.SCMSafeModeManager (HealthyPipelineSafeModeRule.java:process(124)) - SCM in safe mode. Healthy pipelines reported count is 0, required healthy pipeline reported count is 1
2022-05-04 03:12:21,796 [pool-89-thread-1] INFO  segmented.SegmentedRaftLogWorker (SegmentedRaftLogWorker.java:lambda$new$0(133)) - e24c98b1-b028-4277-b303-73506c407d4f@group-ADC0A6F0E068-SegmentedRaftLogWorker: flushIndex: setUnconditionally 0 -> -1
2022-05-04 03:12:21,796 [pool-89-thread-1] INFO  segmented.SegmentedRaftLogWorker (SegmentedRaftLogWorker.java:lambda$new$0(133)) - e24c98b1-b028-4277-b303-73506c407d4f@group-ADC0A6F0E068-SegmentedRaftLogWorker: safeCacheEvictIndex: setUnconditionally 0 -> -1
2022-05-04 03:12:21,798 [pool-68-thread-1] INFO  util.JmxRegister (JmxRegister.java:tryRegister(44)) - Successfully registered JMX Bean with object name Ratis:service=RaftServer,group=group-ADC0A6F0E068,id=b9a08944-19c1-40d4-9246-1b7a50d62b45
2022-05-04 03:12:21,807 [pool-89-thread-1] INFO  server.RaftServerConfigKeys (ConfUtils.java:logGet(44)) - raft.server.snapshot.auto.trigger.enabled = true (custom)
2022-05-04 03:12:21,807 [pool-89-thread-1] INFO  server.RaftServerConfigKeys (ConfUtils.java:logGet(44)) - raft.server.snapshot.auto.trigger.threshold = 10000 (custom)
2022-05-04 03:12:21,807 [pool-89-thread-1] INFO  server.RaftServerConfigKeys (ConfUtils.java:logGet(44)) - raft.server.snapshot.retention.file.num = 5 (custom)
2022-05-04 03:12:21,807 [pool-89-thread-1] INFO  server.RaftServerConfigKeys (ConfUtils.java:logGet(44)) - raft.server.log.purge.upto.snapshot.index = false (default)
2022-05-04 03:12:21,807 [pool-89-thread-1] INFO  server.RaftServerConfigKeys (ConfUtils.java:logGet(44)) - raft.server.retrycache.expirytime = 600000ms (custom)
2022-05-04 03:12:21,807 [pool-89-thread-1] INFO  server.RaftServerConfigKeys (ConfUtils.java:logGet(44)) - raft.server.retrycache.statistics.expirytime = 100μs (default)
2022-05-04 03:12:21,809 [pool-89-thread-1] INFO  server.RaftServer$Division (RaftServerImpl.java:start(301)) - e24c98b1-b028-4277-b303-73506c407d4f@group-ADC0A6F0E068: start as a follower, conf=-1: [b9a08944-19c1-40d4-9246-1b7a50d62b45|rpc:10.1.0.22:41135|priority:1, 4b39aedb-a905-4bcc-a0b6-39bcb2a8de85|rpc:10.1.0.22:36309|priority:0, e24c98b1-b028-4277-b303-73506c407d4f|rpc:10.1.0.22:45653|priority:0], old=null
2022-05-04 03:12:21,809 [pool-89-thread-1] INFO  server.RaftServer$Division (RaftServerImpl.java:setRole(290)) - e24c98b1-b028-4277-b303-73506c407d4f@group-ADC0A6F0E068: changes role from      null to FOLLOWER at term 0 for startAsFollower
2022-05-04 03:12:21,817 [Command processor thread] INFO  ratis.XceiverServerRatis (XceiverServerRatis.java:addGroup(765)) - Created group PipelineID=e833fd87-6aea-4d3e-9271-adc0a6f0e068
2022-05-04 03:12:21,828 [pool-89-thread-1] INFO  impl.RoleInfo (RoleInfo.java:updateAndGet(130)) - e24c98b1-b028-4277-b303-73506c407d4f: start e24c98b1-b028-4277-b303-73506c407d4f@group-ADC0A6F0E068-FollowerState
2022-05-04 03:12:21,842 [pool-89-thread-1] INFO  util.JmxRegister (JmxRegister.java:tryRegister(44)) - Successfully registered JMX Bean with object name Ratis:service=RaftServer,group=group-ADC0A6F0E068,id=e24c98b1-b028-4277-b303-73506c407d4f
2022-05-04 03:12:21,842 [EventQueue-OpenPipelineForHealthyPipelineSafeModeRule] INFO  safemode.SCMSafeModeManager (HealthyPipelineSafeModeRule.java:process(124)) - SCM in safe mode. Healthy pipelines reported count is 0, required healthy pipeline reported count is 1
2022-05-04 03:12:21,846 [Command processor thread] INFO  ratis.XceiverServerRatis (XceiverServerRatis.java:addGroup(765)) - Created group PipelineID=e833fd87-6aea-4d3e-9271-adc0a6f0e068
2022-05-04 03:12:21,867 [Command processor thread] INFO  commandhandler.CreatePipelineCommandHandler (CreatePipelineCommandHandler.java:handle(113)) - Created Pipeline RATIS THREE PipelineID=5f0d7f06-26c8-476e-b646-8c5b1516469d.
2022-05-04 03:12:21,868 [Command processor thread] INFO  server.RaftServer (RaftServerProxy.java:addNew(95)) - 4b39aedb-a905-4bcc-a0b6-39bcb2a8de85: addNew group-ADC0A6F0E068:[b9a08944-19c1-40d4-9246-1b7a50d62b45|rpc:10.1.0.22:41135|priority:1, 4b39aedb-a905-4bcc-a0b6-39bcb2a8de85|rpc:10.1.0.22:36309|priority:0, e24c98b1-b028-4277-b303-73506c407d4f|rpc:10.1.0.22:45653|priority:0] returns group-ADC0A6F0E068:java.util.concurrent.CompletableFuture@142f0d3c[Not completed]
2022-05-04 03:12:21,869 [pool-110-thread-1] INFO  server.RaftServer$Division (RaftServerImpl.java:<init>(184)) - 4b39aedb-a905-4bcc-a0b6-39bcb2a8de85: new RaftServerImpl for group-ADC0A6F0E068:[b9a08944-19c1-40d4-9246-1b7a50d62b45|rpc:10.1.0.22:41135|priority:1, 4b39aedb-a905-4bcc-a0b6-39bcb2a8de85|rpc:10.1.0.22:36309|priority:0, e24c98b1-b028-4277-b303-73506c407d4f|rpc:10.1.0.22:45653|priority:0] with ContainerStateMachine:uninitialized
2022-05-04 03:12:21,869 [pool-110-thread-1] INFO  server.RaftServerConfigKeys (ConfUtils.java:logGet(44)) - raft.server.rpc.timeout.min = 5s (custom)
2022-05-04 03:12:21,870 [pool-110-thread-1] INFO  server.RaftServerConfigKeys (ConfUtils.java:logGet(44)) - raft.server.rpc.timeout.max = 5200ms (custom)
2022-05-04 03:12:21,870 [pool-110-thread-1] INFO  server.RaftServerConfigKeys (ConfUtils.java:logGet(44)) - raft.server.rpc.sleep.time = 25ms (default)
2022-05-04 03:12:21,870 [pool-110-thread-1] INFO  server.RaftServerConfigKeys (ConfUtils.java:logGet(44)) - raft.server.rpc.slowness.timeout = 300s (custom)
2022-05-04 03:12:21,870 [pool-110-thread-1] INFO  server.RaftServerConfigKeys (ConfUtils.java:logGet(44)) - raft.server.leaderelection.leader.step-down.wait-time = 10s (default)
2022-05-04 03:12:21,870 [pool-110-thread-1] INFO  server.RaftServerConfigKeys (ConfUtils.java:logGet(44)) - raft.server.sleep.deviation.threshold = 300ms (default)
2022-05-04 03:12:21,870 [pool-110-thread-1] INFO  server.RaftServerConfigKeys (ConfUtils.java:logGet(44)) - raft.server.log.appender.install.snapshot.enabled = false (custom)
2022-05-04 03:12:21,870 [pool-110-thread-1] INFO  server.RaftServer$Division (ServerState.java:<init>(105)) - 4b39aedb-a905-4bcc-a0b6-39bcb2a8de85@group-ADC0A6F0E068: ConfigurationManager, init=-1: [b9a08944-19c1-40d4-9246-1b7a50d62b45|rpc:10.1.0.22:41135|priority:1, 4b39aedb-a905-4bcc-a0b6-39bcb2a8de85|rpc:10.1.0.22:36309|priority:0, e24c98b1-b028-4277-b303-73506c407d4f|rpc:10.1.0.22:45653|priority:0], old=null, confs=<EMPTY_MAP>
2022-05-04 03:12:21,870 [pool-110-thread-1] INFO  server.RaftServerConfigKeys (ConfUtils.java:logGet(44)) - raft.server.storage.dir = [/home/runner/work/ozone/ozone/hadoop-ozone/integration-test/target/test-dir/MiniOzoneClusterImpl-45092bb2-5ba0-493a-94ad-5fb4cf380ceb/datanode-2/data/ratis] (custom)
2022-05-04 03:12:21,870 [pool-110-thread-1] INFO  server.RaftServerConfigKeys (ConfUtils.java:logGet(44)) - raft.server.log.corruption.policy = EXCEPTION (default)
2022-05-04 03:12:21,870 [pool-110-thread-1] INFO  server.RaftServerConfigKeys (ConfUtils.java:logGet(44)) - raft.server.storage.free-space.min = 0MB (=0) (default)
2022-05-04 03:12:21,871 [pool-110-thread-1] INFO  storage.RaftStorageDirectory (RaftStorageDirectoryImpl.java:analyzeStorage(135)) - The storage directory /home/runner/work/ozone/ozone/hadoop-ozone/integration-test/target/test-dir/MiniOzoneClusterImpl-45092bb2-5ba0-493a-94ad-5fb4cf380ceb/datanode-2/data/ratis/e833fd87-6aea-4d3e-9271-adc0a6f0e068 does not exist. Creating ...
2022-05-04 03:12:21,873 [pool-110-thread-1] INFO  storage.RaftStorageDirectory (RaftStorageDirectoryImpl.java:tryLock(230)) - Lock on /home/runner/work/ozone/ozone/hadoop-ozone/integration-test/target/test-dir/MiniOzoneClusterImpl-45092bb2-5ba0-493a-94ad-5fb4cf380ceb/datanode-2/data/ratis/e833fd87-6aea-4d3e-9271-adc0a6f0e068/in_use.lock acquired by nodename 29567@fv-az270-73
2022-05-04 03:12:21,876 [pool-110-thread-1] INFO  storage.RaftStorage (RaftStorageImpl.java:format(89)) - Storage directory /home/runner/work/ozone/ozone/hadoop-ozone/integration-test/target/test-dir/MiniOzoneClusterImpl-45092bb2-5ba0-493a-94ad-5fb4cf380ceb/datanode-2/data/ratis/e833fd87-6aea-4d3e-9271-adc0a6f0e068 has been successfully formatted.
2022-05-04 03:12:21,877 [pool-110-thread-1] INFO  ratis.ContainerStateMachine (ContainerStateMachine.java:loadSnapshot(236)) - group-ADC0A6F0E068: The snapshot info is null. Setting the last applied indexto:(t:0, i:~)
2022-05-04 03:12:21,877 [pool-110-thread-1] INFO  server.RaftServerConfigKeys (ConfUtils.java:logGet(44)) - raft.server.notification.no-leader.timeout = 300s (custom)
2022-05-04 03:12:21,877 [pool-110-thread-1] INFO  server.RaftServerConfigKeys (ConfUtils.java:logGet(44)) - raft.server.log.use.memory = false (default)
2022-05-04 03:12:21,877 [pool-110-thread-1] INFO  server.RaftServerConfigKeys (ConfUtils.java:logGet(44)) - raft.server.log.purge.gap = 1000000 (custom)
2022-05-04 03:12:21,877 [pool-110-thread-1] INFO  server.RaftServerConfigKeys (ConfUtils.java:logGet(44)) - raft.server.log.appender.buffer.byte-limit = 33554432 (custom)
2022-05-04 03:12:21,878 [pool-110-thread-1] INFO  server.RaftServerConfigKeys (ConfUtils.java:logGet(44)) - raft.server.log.segment.size.max = 1048576 (custom)
2022-05-04 03:12:21,878 [pool-110-thread-1] INFO  server.RaftServerConfigKeys (ConfUtils.java:logGet(44)) - raft.server.log.segment.cache.num.max = 2 (custom)
2022-05-04 03:12:21,878 [pool-110-thread-1] INFO  server.RaftServerConfigKeys (ConfUtils.java:logGet(44)) - raft.server.log.segment.cache.size.max = 200MB (=209715200) (default)
2022-05-04 03:12:21,878 [pool-110-thread-1] INFO  segmented.SegmentedRaftLogWorker (SegmentedRaftLogWorker.java:<init>(182)) - new 4b39aedb-a905-4bcc-a0b6-39bcb2a8de85@group-ADC0A6F0E068-SegmentedRaftLogWorker for RaftStorageImpl:Storage Directory /home/runner/work/ozone/ozone/hadoop-ozone/integration-test/target/test-dir/MiniOzoneClusterImpl-45092bb2-5ba0-493a-94ad-5fb4cf380ceb/datanode-2/data/ratis/e833fd87-6aea-4d3e-9271-adc0a6f0e068
2022-05-04 03:12:21,878 [pool-110-thread-1] INFO  server.RaftServerConfigKeys (ConfUtils.java:logGet(44)) - raft.server.log.queue.byte-limit = 4294967296 (custom)
2022-05-04 03:12:21,879 [pool-110-thread-1] INFO  server.RaftServerConfigKeys (ConfUtils.java:logGet(44)) - raft.server.log.queue.element-limit = 1024 (custom)
2022-05-04 03:12:21,879 [pool-110-thread-1] INFO  server.RaftServerConfigKeys (ConfUtils.java:logGet(44)) - raft.server.log.segment.size.max = 1048576 (custom)
2022-05-04 03:12:21,879 [pool-110-thread-1] INFO  server.RaftServerConfigKeys (ConfUtils.java:logGet(44)) - raft.server.log.preallocated.size = 16384 (custom)
2022-05-04 03:12:21,879 [pool-110-thread-1] INFO  server.RaftServerConfigKeys (ConfUtils.java:logGet(44)) - raft.server.log.force.sync.num = 128 (default)
2022-05-04 03:12:21,879 [pool-110-thread-1] INFO  server.RaftServerConfigKeys (ConfUtils.java:logGet(44)) - raft.server.log.statemachine.data.sync = true (default)
2022-05-04 03:12:21,879 [pool-110-thread-1] INFO  server.RaftServerConfigKeys (ConfUtils.java:logGet(44)) - raft.server.log.statemachine.data.sync.timeout = 10s (default)
2022-05-04 03:12:21,879 [pool-110-thread-1] INFO  server.RaftServerConfigKeys (ConfUtils.java:logGet(44)) - raft.server.log.statemachine.data.sync.timeout.retry = -1 (default)
2022-05-04 03:12:21,880 [pool-110-thread-1] INFO  server.RaftServerConfigKeys (ConfUtils.java:logGet(44)) - raft.server.log.write.buffer.size = 1048576 (custom)
2022-05-04 03:12:21,881 [pool-110-thread-1] INFO  server.RaftServerConfigKeys (ConfUtils.java:logGet(44)) - raft.server.log.statemachine.data.caching.enabled = true (custom)
2022-05-04 03:12:21,881 [pool-110-thread-1] INFO  segmented.SegmentedRaftLogWorker (SegmentedRaftLogWorker.java:lambda$new$0(133)) - 4b39aedb-a905-4bcc-a0b6-39bcb2a8de85@group-ADC0A6F0E068-SegmentedRaftLogWorker: flushIndex: setUnconditionally 0 -> -1
2022-05-04 03:12:21,881 [pool-110-thread-1] INFO  segmented.SegmentedRaftLogWorker (SegmentedRaftLogWorker.java:lambda$new$0(133)) - 4b39aedb-a905-4bcc-a0b6-39bcb2a8de85@group-ADC0A6F0E068-SegmentedRaftLogWorker: safeCacheEvictIndex: setUnconditionally 0 -> -1
2022-05-04 03:12:21,882 [pool-110-thread-1] INFO  server.RaftServerConfigKeys (ConfUtils.java:logGet(44)) - raft.server.snapshot.auto.trigger.enabled = true (custom)
2022-05-04 03:12:21,882 [pool-110-thread-1] INFO  server.RaftServerConfigKeys (ConfUtils.java:logGet(44)) - raft.server.snapshot.auto.trigger.threshold = 10000 (custom)
2022-05-04 03:12:21,882 [pool-110-thread-1] INFO  server.RaftServerConfigKeys (ConfUtils.java:logGet(44)) - raft.server.snapshot.retention.file.num = 5 (custom)
2022-05-04 03:12:21,882 [pool-110-thread-1] INFO  server.RaftServerConfigKeys (ConfUtils.java:logGet(44)) - raft.server.log.purge.upto.snapshot.index = false (default)
2022-05-04 03:12:21,882 [pool-110-thread-1] INFO  server.RaftServerConfigKeys (ConfUtils.java:logGet(44)) - raft.server.retrycache.expirytime = 600000ms (custom)
2022-05-04 03:12:21,882 [pool-110-thread-1] INFO  server.RaftServerConfigKeys (ConfUtils.java:logGet(44)) - raft.server.retrycache.statistics.expirytime = 100μs (default)
2022-05-04 03:12:21,883 [pool-110-thread-1] INFO  server.RaftServer$Division (RaftServerImpl.java:start(301)) - 4b39aedb-a905-4bcc-a0b6-39bcb2a8de85@group-ADC0A6F0E068: start as a follower, conf=-1: [b9a08944-19c1-40d4-9246-1b7a50d62b45|rpc:10.1.0.22:41135|priority:1, 4b39aedb-a905-4bcc-a0b6-39bcb2a8de85|rpc:10.1.0.22:36309|priority:0, e24c98b1-b028-4277-b303-73506c407d4f|rpc:10.1.0.22:45653|priority:0], old=null
2022-05-04 03:12:21,883 [pool-110-thread-1] INFO  server.RaftServer$Division (RaftServerImpl.java:setRole(290)) - 4b39aedb-a905-4bcc-a0b6-39bcb2a8de85@group-ADC0A6F0E068: changes role from      null to FOLLOWER at term 0 for startAsFollower
2022-05-04 03:12:21,884 [pool-110-thread-1] INFO  impl.RoleInfo (RoleInfo.java:updateAndGet(130)) - 4b39aedb-a905-4bcc-a0b6-39bcb2a8de85: start 4b39aedb-a905-4bcc-a0b6-39bcb2a8de85@group-ADC0A6F0E068-FollowerState
2022-05-04 03:12:21,893 [pool-110-thread-1] INFO  util.JmxRegister (JmxRegister.java:tryRegister(44)) - Successfully registered JMX Bean with object name Ratis:service=RaftServer,group=group-ADC0A6F0E068,id=4b39aedb-a905-4bcc-a0b6-39bcb2a8de85
2022-05-04 03:12:21,894 [Command processor thread] INFO  ratis.XceiverServerRatis (XceiverServerRatis.java:addGroup(765)) - Created group PipelineID=e833fd87-6aea-4d3e-9271-adc0a6f0e068
2022-05-04 03:12:21,904 [EventQueue-OpenPipelineForHealthyPipelineSafeModeRule] INFO  safemode.SCMSafeModeManager (HealthyPipelineSafeModeRule.java:process(124)) - SCM in safe mode. Healthy pipelines reported count is 0, required healthy pipeline reported count is 1
2022-05-04 03:12:21,988 [Command processor thread] INFO  server.RaftServer (RaftServerProxy.java:addNew(95)) - a19ab64f-4ee1-44f8-9d4b-aa6978bd5e11: addNew group-11EFC789D6D1:[a19ab64f-4ee1-44f8-9d4b-aa6978bd5e11|rpc:10.1.0.22:39339|priority:1] returns group-11EFC789D6D1:java.util.concurrent.CompletableFuture@5bc927f6[Not completed]
2022-05-04 03:12:21,990 [pool-131-thread-1] INFO  server.RaftServer$Division (RaftServerImpl.java:<init>(184)) - a19ab64f-4ee1-44f8-9d4b-aa6978bd5e11: new RaftServerImpl for group-11EFC789D6D1:[a19ab64f-4ee1-44f8-9d4b-aa6978bd5e11|rpc:10.1.0.22:39339|priority:1] with ContainerStateMachine:uninitialized
2022-05-04 03:12:22,007 [pool-131-thread-1] INFO  server.RaftServerConfigKeys (ConfUtils.java:logGet(44)) - raft.server.rpc.timeout.min = 5s (custom)
2022-05-04 03:12:22,010 [pool-131-thread-1] INFO  server.RaftServerConfigKeys (ConfUtils.java:logGet(44)) - raft.server.rpc.timeout.max = 5200ms (custom)
2022-05-04 03:12:22,010 [pool-131-thread-1] INFO  server.RaftServerConfigKeys (ConfUtils.java:logGet(44)) - raft.server.rpc.sleep.time = 25ms (default)
2022-05-04 03:12:22,010 [pool-131-thread-1] INFO  server.RaftServerConfigKeys (ConfUtils.java:logGet(44)) - raft.server.rpc.slowness.timeout = 300s (custom)
2022-05-04 03:12:22,010 [pool-131-thread-1] INFO  server.RaftServerConfigKeys (ConfUtils.java:logGet(44)) - raft.server.leaderelection.leader.step-down.wait-time = 10s (default)
2022-05-04 03:12:22,010 [pool-131-thread-1] INFO  server.RaftServerConfigKeys (ConfUtils.java:logGet(44)) - raft.server.sleep.deviation.threshold = 300ms (default)
2022-05-04 03:12:22,011 [pool-131-thread-1] INFO  server.RaftServerConfigKeys (ConfUtils.java:logGet(44)) - raft.server.log.appender.install.snapshot.enabled = false (custom)
2022-05-04 03:12:22,011 [pool-131-thread-1] INFO  server.RaftServer$Division (ServerState.java:<init>(105)) - a19ab64f-4ee1-44f8-9d4b-aa6978bd5e11@group-11EFC789D6D1: ConfigurationManager, init=-1: [a19ab64f-4ee1-44f8-9d4b-aa6978bd5e11|rpc:10.1.0.22:39339|priority:1], old=null, confs=<EMPTY_MAP>
2022-05-04 03:12:22,011 [pool-131-thread-1] INFO  server.RaftServerConfigKeys (ConfUtils.java:logGet(44)) - raft.server.storage.dir = [/home/runner/work/ozone/ozone/hadoop-ozone/integration-test/target/test-dir/MiniOzoneClusterImpl-45092bb2-5ba0-493a-94ad-5fb4cf380ceb/datanode-3/data/ratis] (custom)
2022-05-04 03:12:22,011 [pool-131-thread-1] INFO  server.RaftServerConfigKeys (ConfUtils.java:logGet(44)) - raft.server.log.corruption.policy = EXCEPTION (default)
2022-05-04 03:12:22,011 [pool-131-thread-1] INFO  server.RaftServerConfigKeys (ConfUtils.java:logGet(44)) - raft.server.storage.free-space.min = 0MB (=0) (default)
2022-05-04 03:12:22,011 [pool-131-thread-1] INFO  storage.RaftStorageDirectory (RaftStorageDirectoryImpl.java:analyzeStorage(135)) - The storage directory /home/runner/work/ozone/ozone/hadoop-ozone/integration-test/target/test-dir/MiniOzoneClusterImpl-45092bb2-5ba0-493a-94ad-5fb4cf380ceb/datanode-3/data/ratis/c7510705-f112-4b2b-b581-11efc789d6d1 does not exist. Creating ...
2022-05-04 03:12:22,017 [pool-131-thread-1] INFO  storage.RaftStorageDirectory (RaftStorageDirectoryImpl.java:tryLock(230)) - Lock on /home/runner/work/ozone/ozone/hadoop-ozone/integration-test/target/test-dir/MiniOzoneClusterImpl-45092bb2-5ba0-493a-94ad-5fb4cf380ceb/datanode-3/data/ratis/c7510705-f112-4b2b-b581-11efc789d6d1/in_use.lock acquired by nodename 29567@fv-az270-73
2022-05-04 03:12:22,019 [pool-131-thread-1] INFO  storage.RaftStorage (RaftStorageImpl.java:format(89)) - Storage directory /home/runner/work/ozone/ozone/hadoop-ozone/integration-test/target/test-dir/MiniOzoneClusterImpl-45092bb2-5ba0-493a-94ad-5fb4cf380ceb/datanode-3/data/ratis/c7510705-f112-4b2b-b581-11efc789d6d1 has been successfully formatted.
2022-05-04 03:12:22,025 [pool-131-thread-1] INFO  ratis.ContainerStateMachine (ContainerStateMachine.java:loadSnapshot(236)) - group-11EFC789D6D1: The snapshot info is null. Setting the last applied indexto:(t:0, i:~)
2022-05-04 03:12:22,025 [pool-131-thread-1] INFO  server.RaftServerConfigKeys (ConfUtils.java:logGet(44)) - raft.server.notification.no-leader.timeout = 300s (custom)
2022-05-04 03:12:22,025 [pool-131-thread-1] INFO  server.RaftServerConfigKeys (ConfUtils.java:logGet(44)) - raft.server.log.use.memory = false (default)
2022-05-04 03:12:22,026 [pool-131-thread-1] INFO  server.RaftServerConfigKeys (ConfUtils.java:logGet(44)) - raft.server.log.purge.gap = 1000000 (custom)
2022-05-04 03:12:22,026 [pool-131-thread-1] INFO  server.RaftServerConfigKeys (ConfUtils.java:logGet(44)) - raft.server.log.appender.buffer.byte-limit = 33554432 (custom)
2022-05-04 03:12:22,026 [pool-131-thread-1] INFO  server.RaftServerConfigKeys (ConfUtils.java:logGet(44)) - raft.server.log.segment.size.max = 1048576 (custom)
2022-05-04 03:12:22,027 [pool-131-thread-1] INFO  server.RaftServerConfigKeys (ConfUtils.java:logGet(44)) - raft.server.log.segment.cache.num.max = 2 (custom)
2022-05-04 03:12:22,027 [pool-131-thread-1] INFO  server.RaftServerConfigKeys (ConfUtils.java:logGet(44)) - raft.server.log.segment.cache.size.max = 200MB (=209715200) (default)
2022-05-04 03:12:22,027 [pool-131-thread-1] INFO  segmented.SegmentedRaftLogWorker (SegmentedRaftLogWorker.java:<init>(182)) - new a19ab64f-4ee1-44f8-9d4b-aa6978bd5e11@group-11EFC789D6D1-SegmentedRaftLogWorker for RaftStorageImpl:Storage Directory /home/runner/work/ozone/ozone/hadoop-ozone/integration-test/target/test-dir/MiniOzoneClusterImpl-45092bb2-5ba0-493a-94ad-5fb4cf380ceb/datanode-3/data/ratis/c7510705-f112-4b2b-b581-11efc789d6d1
2022-05-04 03:12:22,027 [pool-131-thread-1] INFO  server.RaftServerConfigKeys (ConfUtils.java:logGet(44)) - raft.server.log.queue.byte-limit = 4294967296 (custom)
2022-05-04 03:12:22,027 [pool-131-thread-1] INFO  server.RaftServerConfigKeys (ConfUtils.java:logGet(44)) - raft.server.log.queue.element-limit = 1024 (custom)
2022-05-04 03:12:22,027 [pool-131-thread-1] INFO  server.RaftServerConfigKeys (ConfUtils.java:logGet(44)) - raft.server.log.segment.size.max = 1048576 (custom)
2022-05-04 03:12:22,027 [pool-131-thread-1] INFO  server.RaftServerConfigKeys (ConfUtils.java:logGet(44)) - raft.server.log.preallocated.size = 16384 (custom)
2022-05-04 03:12:22,027 [pool-131-thread-1] INFO  server.RaftServerConfigKeys (ConfUtils.java:logGet(44)) - raft.server.log.force.sync.num = 128 (default)
2022-05-04 03:12:22,027 [pool-131-thread-1] INFO  server.RaftServerConfigKeys (ConfUtils.java:logGet(44)) - raft.server.log.statemachine.data.sync = true (default)
2022-05-04 03:12:22,027 [pool-131-thread-1] INFO  server.RaftServerConfigKeys (ConfUtils.java:logGet(44)) - raft.server.log.statemachine.data.sync.timeout = 10s (default)
2022-05-04 03:12:22,028 [pool-131-thread-1] INFO  server.RaftServerConfigKeys (ConfUtils.java:logGet(44)) - raft.server.log.statemachine.data.sync.timeout.retry = -1 (default)
2022-05-04 03:12:22,029 [pool-131-thread-1] INFO  server.RaftServerConfigKeys (ConfUtils.java:logGet(44)) - raft.server.log.write.buffer.size = 1048576 (custom)
2022-05-04 03:12:22,032 [EventQueue-PipelineReportForPipelineReportHandler] INFO  pipeline.PipelineManagerImpl (PipelineManagerImpl.java:openPipeline(328)) - Pipeline Pipeline[ Id: c7510705-f112-4b2b-b581-11efc789d6d1, Nodes: a19ab64f-4ee1-44f8-9d4b-aa6978bd5e11{ip: 10.1.0.22, host: fv-az270-73.tacnzluakwdehk1hpragurqkma.bx.internal.cloudapp.net, ports: [REPLICATION=42969, RATIS=39339, RATIS_ADMIN=39339, RATIS_SERVER=39339, STANDALONE=40861], networkLocation: /default-rack, certSerialId: null, persistedOpState: IN_SERVICE, persistedOpStateExpiryEpochSec: 0}, ReplicationConfig: RATIS/ONE, State:ALLOCATED, leaderId:a19ab64f-4ee1-44f8-9d4b-aa6978bd5e11, CreationTimestamp2022-05-04T03:12:18.990Z[Etc/UTC]] moved to OPEN state
2022-05-04 03:12:22,036 [EventQueue-OpenPipelineForHealthyPipelineSafeModeRule] INFO  safemode.SCMSafeModeManager (HealthyPipelineSafeModeRule.java:process(124)) - SCM in safe mode. Healthy pipelines reported count is 0, required healthy pipeline reported count is 1
2022-05-04 03:12:22,036 [pool-131-thread-1] INFO  server.RaftServerConfigKeys (ConfUtils.java:logGet(44)) - raft.server.log.statemachine.data.caching.enabled = true (custom)
2022-05-04 03:12:22,043 [pool-131-thread-1] INFO  segmented.SegmentedRaftLogWorker (SegmentedRaftLogWorker.java:lambda$new$0(133)) - a19ab64f-4ee1-44f8-9d4b-aa6978bd5e11@group-11EFC789D6D1-SegmentedRaftLogWorker: flushIndex: setUnconditionally 0 -> -1
2022-05-04 03:12:22,043 [pool-131-thread-1] INFO  segmented.SegmentedRaftLogWorker (SegmentedRaftLogWorker.java:lambda$new$0(133)) - a19ab64f-4ee1-44f8-9d4b-aa6978bd5e11@group-11EFC789D6D1-SegmentedRaftLogWorker: safeCacheEvictIndex: setUnconditionally 0 -> -1
2022-05-04 03:12:22,046 [pool-131-thread-1] INFO  server.RaftServerConfigKeys (ConfUtils.java:logGet(44)) - raft.server.snapshot.auto.trigger.enabled = true (custom)
2022-05-04 03:12:22,046 [pool-131-thread-1] INFO  server.RaftServerConfigKeys (ConfUtils.java:logGet(44)) - raft.server.snapshot.auto.trigger.threshold = 10000 (custom)
2022-05-04 03:12:22,046 [pool-131-thread-1] INFO  server.RaftServerConfigKeys (ConfUtils.java:logGet(44)) - raft.server.snapshot.retention.file.num = 5 (custom)
2022-05-04 03:12:22,046 [pool-131-thread-1] INFO  server.RaftServerConfigKeys (ConfUtils.java:logGet(44)) - raft.server.log.purge.upto.snapshot.index = false (default)
2022-05-04 03:12:22,046 [pool-131-thread-1] INFO  server.RaftServerConfigKeys (ConfUtils.java:logGet(44)) - raft.server.retrycache.expirytime = 600000ms (custom)
2022-05-04 03:12:22,047 [pool-131-thread-1] INFO  server.RaftServerConfigKeys (ConfUtils.java:logGet(44)) - raft.server.retrycache.statistics.expirytime = 100μs (default)
2022-05-04 03:12:22,048 [pool-131-thread-1] INFO  server.RaftServer$Division (RaftServerImpl.java:start(301)) - a19ab64f-4ee1-44f8-9d4b-aa6978bd5e11@group-11EFC789D6D1: start as a follower, conf=-1: [a19ab64f-4ee1-44f8-9d4b-aa6978bd5e11|rpc:10.1.0.22:39339|priority:1], old=null
2022-05-04 03:12:22,048 [pool-131-thread-1] INFO  server.RaftServer$Division (RaftServerImpl.java:setRole(290)) - a19ab64f-4ee1-44f8-9d4b-aa6978bd5e11@group-11EFC789D6D1: changes role from      null to FOLLOWER at term 0 for startAsFollower
2022-05-04 03:12:22,048 [pool-131-thread-1] INFO  impl.RoleInfo (RoleInfo.java:updateAndGet(130)) - a19ab64f-4ee1-44f8-9d4b-aa6978bd5e11: start a19ab64f-4ee1-44f8-9d4b-aa6978bd5e11@group-11EFC789D6D1-FollowerState
2022-05-04 03:12:22,051 [pool-131-thread-1] INFO  util.JmxRegister (JmxRegister.java:tryRegister(44)) - Successfully registered JMX Bean with object name Ratis:service=RaftServer,group=group-11EFC789D6D1,id=a19ab64f-4ee1-44f8-9d4b-aa6978bd5e11
2022-05-04 03:12:22,052 [Command processor thread] INFO  ratis.XceiverServerRatis (XceiverServerRatis.java:addGroup(765)) - Created group PipelineID=c7510705-f112-4b2b-b581-11efc789d6d1
2022-05-04 03:12:22,052 [Command processor thread] INFO  commandhandler.CreatePipelineCommandHandler (CreatePipelineCommandHandler.java:handle(113)) - Created Pipeline RATIS ONE PipelineID=c7510705-f112-4b2b-b581-11efc789d6d1.
2022-05-04 03:12:22,067 [Command processor thread] INFO  commandhandler.CreatePipelineCommandHandler (CreatePipelineCommandHandler.java:handle(113)) - Created Pipeline RATIS THREE PipelineID=e833fd87-6aea-4d3e-9271-adc0a6f0e068.
2022-05-04 03:12:22,074 [Command processor thread] INFO  commandhandler.CreatePipelineCommandHandler (CreatePipelineCommandHandler.java:handle(113)) - Created Pipeline RATIS THREE PipelineID=e833fd87-6aea-4d3e-9271-adc0a6f0e068.
2022-05-04 03:12:22,081 [Command processor thread] INFO  commandhandler.CreatePipelineCommandHandler (CreatePipelineCommandHandler.java:handle(113)) - Created Pipeline RATIS THREE PipelineID=e833fd87-6aea-4d3e-9271-adc0a6f0e068.
2022-05-04 03:12:22,335 [Listener at 127.0.0.1/39393] INFO  ozone.MiniOzoneClusterImpl (MiniOzoneClusterImpl.java:lambda$waitForClusterToBeReady$0(221)) - Nodes are ready. Got 5 of 5 DN Heartbeats.
2022-05-04 03:12:22,335 [Listener at 127.0.0.1/39393] INFO  ozone.MiniOzoneClusterImpl (MiniOzoneClusterImpl.java:lambda$waitForClusterToBeReady$0(224)) - Waiting for cluster to exit safe mode
2022-05-04 03:12:22,335 [Listener at 127.0.0.1/39393] INFO  ozone.MiniOzoneClusterImpl (MiniOzoneClusterImpl.java:lambda$waitForClusterToBeReady$0(226)) - SCM became leader
2022-05-04 03:12:22,342 [Command processor thread] INFO  server.RaftServer (RaftServerProxy.java:addNew(95)) - 1817b7b7-4a19-400c-8305-9266227179fd: addNew group-4AC00480D0B7:[1817b7b7-4a19-400c-8305-9266227179fd|rpc:10.1.0.22:45037|priority:1] returns group-4AC00480D0B7:java.util.concurrent.CompletableFuture@e104bf5[Not completed]
2022-05-04 03:12:22,344 [pool-152-thread-1] INFO  server.RaftServer$Division (RaftServerImpl.java:<init>(184)) - 1817b7b7-4a19-400c-8305-9266227179fd: new RaftServerImpl for group-4AC00480D0B7:[1817b7b7-4a19-400c-8305-9266227179fd|rpc:10.1.0.22:45037|priority:1] with ContainerStateMachine:uninitialized
2022-05-04 03:12:22,345 [pool-152-thread-1] INFO  server.RaftServerConfigKeys (ConfUtils.java:logGet(44)) - raft.server.rpc.timeout.min = 5s (custom)
2022-05-04 03:12:22,345 [pool-152-thread-1] INFO  server.RaftServerConfigKeys (ConfUtils.java:logGet(44)) - raft.server.rpc.timeout.max = 5200ms (custom)
2022-05-04 03:12:22,345 [pool-152-thread-1] INFO  server.RaftServerConfigKeys (ConfUtils.java:logGet(44)) - raft.server.rpc.sleep.time = 25ms (default)
2022-05-04 03:12:22,345 [pool-152-thread-1] INFO  server.RaftServerConfigKeys (ConfUtils.java:logGet(44)) - raft.server.rpc.slowness.timeout = 300s (custom)
2022-05-04 03:12:22,345 [pool-152-thread-1] INFO  server.RaftServerConfigKeys (ConfUtils.java:logGet(44)) - raft.server.leaderelection.leader.step-down.wait-time = 10s (default)
2022-05-04 03:12:22,345 [pool-152-thread-1] INFO  server.RaftServerConfigKeys (ConfUtils.java:logGet(44)) - raft.server.sleep.deviation.threshold = 300ms (default)
2022-05-04 03:12:22,345 [pool-152-thread-1] INFO  server.RaftServerConfigKeys (ConfUtils.java:logGet(44)) - raft.server.log.appender.install.snapshot.enabled = false (custom)
2022-05-04 03:12:22,346 [pool-152-thread-1] INFO  server.RaftServer$Division (ServerState.java:<init>(105)) - 1817b7b7-4a19-400c-8305-9266227179fd@group-4AC00480D0B7: ConfigurationManager, init=-1: [1817b7b7-4a19-400c-8305-9266227179fd|rpc:10.1.0.22:45037|priority:1], old=null, confs=<EMPTY_MAP>
2022-05-04 03:12:22,346 [pool-152-thread-1] INFO  server.RaftServerConfigKeys (ConfUtils.java:logGet(44)) - raft.server.storage.dir = [/home/runner/work/ozone/ozone/hadoop-ozone/integration-test/target/test-dir/MiniOzoneClusterImpl-45092bb2-5ba0-493a-94ad-5fb4cf380ceb/datanode-4/data/ratis] (custom)
2022-05-04 03:12:22,346 [pool-152-thread-1] INFO  server.RaftServerConfigKeys (ConfUtils.java:logGet(44)) - raft.server.log.corruption.policy = EXCEPTION (default)
2022-05-04 03:12:22,346 [pool-152-thread-1] INFO  server.RaftServerConfigKeys (ConfUtils.java:logGet(44)) - raft.server.storage.free-space.min = 0MB (=0) (default)
2022-05-04 03:12:22,346 [pool-152-thread-1] INFO  storage.RaftStorageDirectory (RaftStorageDirectoryImpl.java:analyzeStorage(135)) - The storage directory /home/runner/work/ozone/ozone/hadoop-ozone/integration-test/target/test-dir/MiniOzoneClusterImpl-45092bb2-5ba0-493a-94ad-5fb4cf380ceb/datanode-4/data/ratis/6b4600cc-4361-49bd-8fd8-4ac00480d0b7 does not exist. Creating ...
2022-05-04 03:12:22,349 [pool-152-thread-1] INFO  storage.RaftStorageDirectory (RaftStorageDirectoryImpl.java:tryLock(230)) - Lock on /home/runner/work/ozone/ozone/hadoop-ozone/integration-test/target/test-dir/MiniOzoneClusterImpl-45092bb2-5ba0-493a-94ad-5fb4cf380ceb/datanode-4/data/ratis/6b4600cc-4361-49bd-8fd8-4ac00480d0b7/in_use.lock acquired by nodename 29567@fv-az270-73
2022-05-04 03:12:22,350 [pool-152-thread-1] INFO  storage.RaftStorage (RaftStorageImpl.java:format(89)) - Storage directory /home/runner/work/ozone/ozone/hadoop-ozone/integration-test/target/test-dir/MiniOzoneClusterImpl-45092bb2-5ba0-493a-94ad-5fb4cf380ceb/datanode-4/data/ratis/6b4600cc-4361-49bd-8fd8-4ac00480d0b7 has been successfully formatted.
2022-05-04 03:12:22,352 [pool-152-thread-1] INFO  ratis.ContainerStateMachine (ContainerStateMachine.java:loadSnapshot(236)) - group-4AC00480D0B7: The snapshot info is null. Setting the last applied indexto:(t:0, i:~)
2022-05-04 03:12:22,352 [pool-152-thread-1] INFO  server.RaftServerConfigKeys (ConfUtils.java:logGet(44)) - raft.server.notification.no-leader.timeout = 300s (custom)
2022-05-04 03:12:22,352 [pool-152-thread-1] INFO  server.RaftServerConfigKeys (ConfUtils.java:logGet(44)) - raft.server.log.use.memory = false (default)
2022-05-04 03:12:22,352 [pool-152-thread-1] INFO  server.RaftServerConfigKeys (ConfUtils.java:logGet(44)) - raft.server.log.purge.gap = 1000000 (custom)
2022-05-04 03:12:22,352 [pool-152-thread-1] INFO  server.RaftServerConfigKeys (ConfUtils.java:logGet(44)) - raft.server.log.appender.buffer.byte-limit = 33554432 (custom)
2022-05-04 03:12:22,354 [EventQueue-PipelineReportForPipelineReportHandler] INFO  pipeline.PipelineManagerImpl (PipelineManagerImpl.java:openPipeline(328)) - Pipeline Pipeline[ Id: 6b4600cc-4361-49bd-8fd8-4ac00480d0b7, Nodes: 1817b7b7-4a19-400c-8305-9266227179fd{ip: 10.1.0.22, host: fv-az270-73.tacnzluakwdehk1hpragurqkma.bx.internal.cloudapp.net, ports: [REPLICATION=40635, RATIS=45037, RATIS_ADMIN=45037, RATIS_SERVER=45037, STANDALONE=39195], networkLocation: /default-rack, certSerialId: null, persistedOpState: IN_SERVICE, persistedOpStateExpiryEpochSec: 0}, ReplicationConfig: RATIS/ONE, State:ALLOCATED, leaderId:1817b7b7-4a19-400c-8305-9266227179fd, CreationTimestamp2022-05-04T03:12:19.345Z[Etc/UTC]] moved to OPEN state
2022-05-04 03:12:22,354 [EventQueue-OpenPipelineForHealthyPipelineSafeModeRule] INFO  safemode.SCMSafeModeManager (HealthyPipelineSafeModeRule.java:process(124)) - SCM in safe mode. Healthy pipelines reported count is 0, required healthy pipeline reported count is 1
2022-05-04 03:12:22,361 [pool-152-thread-1] INFO  server.RaftServerConfigKeys (ConfUtils.java:logGet(44)) - raft.server.log.segment.size.max = 1048576 (custom)
2022-05-04 03:12:22,367 [pool-152-thread-1] INFO  server.RaftServerConfigKeys (ConfUtils.java:logGet(44)) - raft.server.log.segment.cache.num.max = 2 (custom)
2022-05-04 03:12:22,367 [pool-152-thread-1] INFO  server.RaftServerConfigKeys (ConfUtils.java:logGet(44)) - raft.server.log.segment.cache.size.max = 200MB (=209715200) (default)
2022-05-04 03:12:22,367 [pool-152-thread-1] INFO  segmented.SegmentedRaftLogWorker (SegmentedRaftLogWorker.java:<init>(182)) - new 1817b7b7-4a19-400c-8305-9266227179fd@group-4AC00480D0B7-SegmentedRaftLogWorker for RaftStorageImpl:Storage Directory /home/runner/work/ozone/ozone/hadoop-ozone/integration-test/target/test-dir/MiniOzoneClusterImpl-45092bb2-5ba0-493a-94ad-5fb4cf380ceb/datanode-4/data/ratis/6b4600cc-4361-49bd-8fd8-4ac00480d0b7
2022-05-04 03:12:22,367 [pool-152-thread-1] INFO  server.RaftServerConfigKeys (ConfUtils.java:logGet(44)) - raft.server.log.queue.byte-limit = 4294967296 (custom)
2022-05-04 03:12:22,367 [pool-152-thread-1] INFO  server.RaftServerConfigKeys (ConfUtils.java:logGet(44)) - raft.server.log.queue.element-limit = 1024 (custom)
2022-05-04 03:12:22,368 [pool-152-thread-1] INFO  server.RaftServerConfigKeys (ConfUtils.java:logGet(44)) - raft.server.log.segment.size.max = 1048576 (custom)
2022-05-04 03:12:22,368 [pool-152-thread-1] INFO  server.RaftServerConfigKeys (ConfUtils.java:logGet(44)) - raft.server.log.preallocated.size = 16384 (custom)
2022-05-04 03:12:22,368 [pool-152-thread-1] INFO  server.RaftServerConfigKeys (ConfUtils.java:logGet(44)) - raft.server.log.force.sync.num = 128 (default)
2022-05-04 03:12:22,368 [pool-152-thread-1] INFO  server.RaftServerConfigKeys (ConfUtils.java:logGet(44)) - raft.server.log.statemachine.data.sync = true (default)
2022-05-04 03:12:22,368 [pool-152-thread-1] INFO  server.RaftServerConfigKeys (ConfUtils.java:logGet(44)) - raft.server.log.statemachine.data.sync.timeout = 10s (default)
2022-05-04 03:12:22,368 [pool-152-thread-1] INFO  server.RaftServerConfigKeys (ConfUtils.java:logGet(44)) - raft.server.log.statemachine.data.sync.timeout.retry = -1 (default)
2022-05-04 03:12:22,369 [pool-152-thread-1] INFO  server.RaftServerConfigKeys (ConfUtils.java:logGet(44)) - raft.server.log.write.buffer.size = 1048576 (custom)
2022-05-04 03:12:22,370 [pool-152-thread-1] INFO  server.RaftServerConfigKeys (ConfUtils.java:logGet(44)) - raft.server.log.statemachine.data.caching.enabled = true (custom)
2022-05-04 03:12:22,370 [pool-152-thread-1] INFO  segmented.SegmentedRaftLogWorker (SegmentedRaftLogWorker.java:lambda$new$0(133)) - 1817b7b7-4a19-400c-8305-9266227179fd@group-4AC00480D0B7-SegmentedRaftLogWorker: flushIndex: setUnconditionally 0 -> -1
2022-05-04 03:12:22,370 [pool-152-thread-1] INFO  segmented.SegmentedRaftLogWorker (SegmentedRaftLogWorker.java:lambda$new$0(133)) - 1817b7b7-4a19-400c-8305-9266227179fd@group-4AC00480D0B7-SegmentedRaftLogWorker: safeCacheEvictIndex: setUnconditionally 0 -> -1
2022-05-04 03:12:22,371 [pool-152-thread-1] INFO  server.RaftServerConfigKeys (ConfUtils.java:logGet(44)) - raft.server.snapshot.auto.trigger.enabled = true (custom)
2022-05-04 03:12:22,371 [pool-152-thread-1] INFO  server.RaftServerConfigKeys (ConfUtils.java:logGet(44)) - raft.server.snapshot.auto.trigger.threshold = 10000 (custom)
2022-05-04 03:12:22,371 [pool-152-thread-1] INFO  server.RaftServerConfigKeys (ConfUtils.java:logGet(44)) - raft.server.snapshot.retention.file.num = 5 (custom)
2022-05-04 03:12:22,371 [pool-152-thread-1] INFO  server.RaftServerConfigKeys (ConfUtils.java:logGet(44)) - raft.server.log.purge.upto.snapshot.index = false (default)
2022-05-04 03:12:22,371 [pool-152-thread-1] INFO  server.RaftServerConfigKeys (ConfUtils.java:logGet(44)) - raft.server.retrycache.expirytime = 600000ms (custom)
2022-05-04 03:12:22,371 [pool-152-thread-1] INFO  server.RaftServerConfigKeys (ConfUtils.java:logGet(44)) - raft.server.retrycache.statistics.expirytime = 100μs (default)
2022-05-04 03:12:22,373 [pool-152-thread-1] INFO  server.RaftServer$Division (RaftServerImpl.java:start(301)) - 1817b7b7-4a19-400c-8305-9266227179fd@group-4AC00480D0B7: start as a follower, conf=-1: [1817b7b7-4a19-400c-8305-9266227179fd|rpc:10.1.0.22:45037|priority:1], old=null
2022-05-04 03:12:22,373 [pool-152-thread-1] INFO  server.RaftServer$Division (RaftServerImpl.java:setRole(290)) - 1817b7b7-4a19-400c-8305-9266227179fd@group-4AC00480D0B7: changes role from      null to FOLLOWER at term 0 for startAsFollower
2022-05-04 03:12:22,373 [pool-152-thread-1] INFO  impl.RoleInfo (RoleInfo.java:updateAndGet(130)) - 1817b7b7-4a19-400c-8305-9266227179fd: start 1817b7b7-4a19-400c-8305-9266227179fd@group-4AC00480D0B7-FollowerState
2022-05-04 03:12:22,375 [pool-152-thread-1] INFO  util.JmxRegister (JmxRegister.java:tryRegister(44)) - Successfully registered JMX Bean with object name Ratis:service=RaftServer,group=group-4AC00480D0B7,id=1817b7b7-4a19-400c-8305-9266227179fd
2022-05-04 03:12:22,376 [Command processor thread] INFO  ratis.XceiverServerRatis (XceiverServerRatis.java:addGroup(765)) - Created group PipelineID=6b4600cc-4361-49bd-8fd8-4ac00480d0b7
2022-05-04 03:12:22,376 [Command processor thread] INFO  commandhandler.CreatePipelineCommandHandler (CreatePipelineCommandHandler.java:handle(113)) - Created Pipeline RATIS ONE PipelineID=6b4600cc-4361-49bd-8fd8-4ac00480d0b7.
2022-05-04 03:12:23,335 [Listener at 127.0.0.1/39393] INFO  ozone.MiniOzoneClusterImpl (MiniOzoneClusterImpl.java:lambda$waitForClusterToBeReady$0(221)) - Nodes are ready. Got 5 of 5 DN Heartbeats.
2022-05-04 03:12:23,336 [Listener at 127.0.0.1/39393] INFO  ozone.MiniOzoneClusterImpl (MiniOzoneClusterImpl.java:lambda$waitForClusterToBeReady$0(224)) - Waiting for cluster to exit safe mode
2022-05-04 03:12:23,336 [Listener at 127.0.0.1/39393] INFO  ozone.MiniOzoneClusterImpl (MiniOzoneClusterImpl.java:lambda$waitForClusterToBeReady$0(226)) - SCM became leader
2022-05-04 03:12:24,336 [Listener at 127.0.0.1/39393] INFO  ozone.MiniOzoneClusterImpl (MiniOzoneClusterImpl.java:lambda$waitForClusterToBeReady$0(221)) - Nodes are ready. Got 5 of 5 DN Heartbeats.
2022-05-04 03:12:24,337 [Listener at 127.0.0.1/39393] INFO  ozone.MiniOzoneClusterImpl (MiniOzoneClusterImpl.java:lambda$waitForClusterToBeReady$0(224)) - Waiting for cluster to exit safe mode
2022-05-04 03:12:24,337 [Listener at 127.0.0.1/39393] INFO  ozone.MiniOzoneClusterImpl (MiniOzoneClusterImpl.java:lambda$waitForClusterToBeReady$0(226)) - SCM became leader
2022-05-04 03:12:25,337 [Listener at 127.0.0.1/39393] INFO  ozone.MiniOzoneClusterImpl (MiniOzoneClusterImpl.java:lambda$waitForClusterToBeReady$0(221)) - Nodes are ready. Got 5 of 5 DN Heartbeats.
2022-05-04 03:12:25,337 [Listener at 127.0.0.1/39393] INFO  ozone.MiniOzoneClusterImpl (MiniOzoneClusterImpl.java:lambda$waitForClusterToBeReady$0(224)) - Waiting for cluster to exit safe mode
2022-05-04 03:12:25,337 [Listener at 127.0.0.1/39393] INFO  ozone.MiniOzoneClusterImpl (MiniOzoneClusterImpl.java:lambda$waitForClusterToBeReady$0(226)) - SCM became leader
2022-05-04 03:12:25,872 [b9a08944-19c1-40d4-9246-1b7a50d62b45@group-DB2C95335F3A-FollowerState] INFO  impl.FollowerState (FollowerState.java:run(134)) - b9a08944-19c1-40d4-9246-1b7a50d62b45@group-DB2C95335F3A-FollowerState: change to CANDIDATE, lastRpcElapsedTime:5088034439ns, electionTimeout:5073ms
2022-05-04 03:12:25,873 [b9a08944-19c1-40d4-9246-1b7a50d62b45@group-DB2C95335F3A-FollowerState] INFO  impl.RoleInfo (RoleInfo.java:shutdownFollowerState(108)) - b9a08944-19c1-40d4-9246-1b7a50d62b45: shutdown b9a08944-19c1-40d4-9246-1b7a50d62b45@group-DB2C95335F3A-FollowerState
2022-05-04 03:12:25,873 [b9a08944-19c1-40d4-9246-1b7a50d62b45@group-DB2C95335F3A-FollowerState] INFO  server.RaftServer$Division (RaftServerImpl.java:setRole(290)) - b9a08944-19c1-40d4-9246-1b7a50d62b45@group-DB2C95335F3A: changes role from  FOLLOWER to CANDIDATE at term 0 for changeToCandidate
2022-05-04 03:12:25,873 [b9a08944-19c1-40d4-9246-1b7a50d62b45@group-DB2C95335F3A-FollowerState] INFO  server.RaftServerConfigKeys (ConfUtils.java:logGet(44)) - raft.server.leaderelection.pre-vote = false (custom)
2022-05-04 03:12:25,873 [b9a08944-19c1-40d4-9246-1b7a50d62b45@group-DB2C95335F3A-FollowerState] INFO  impl.RoleInfo (RoleInfo.java:updateAndGet(130)) - b9a08944-19c1-40d4-9246-1b7a50d62b45: start b9a08944-19c1-40d4-9246-1b7a50d62b45@group-DB2C95335F3A-LeaderElection2
2022-05-04 03:12:25,877 [b9a08944-19c1-40d4-9246-1b7a50d62b45@group-DB2C95335F3A-LeaderElection2] INFO  impl.LeaderElection (LeaderElection.java:askForVotes(306)) - b9a08944-19c1-40d4-9246-1b7a50d62b45@group-DB2C95335F3A-LeaderElection2 ELECTION round 0: submit vote requests at term 1 for -1: [b9a08944-19c1-40d4-9246-1b7a50d62b45|rpc:10.1.0.22:41135|priority:1], old=null
2022-05-04 03:12:25,877 [b9a08944-19c1-40d4-9246-1b7a50d62b45@group-DB2C95335F3A-LeaderElection2] INFO  impl.LeaderElection (LeaderElection.java:askForVotes(308)) - b9a08944-19c1-40d4-9246-1b7a50d62b45@group-DB2C95335F3A-LeaderElection2 ELECTION round 0: result PASSED (term=1)
2022-05-04 03:12:25,877 [b9a08944-19c1-40d4-9246-1b7a50d62b45@group-DB2C95335F3A-LeaderElection2] INFO  impl.RoleInfo (RoleInfo.java:shutdownLeaderElection(121)) - b9a08944-19c1-40d4-9246-1b7a50d62b45: shutdown b9a08944-19c1-40d4-9246-1b7a50d62b45@group-DB2C95335F3A-LeaderElection2
2022-05-04 03:12:25,877 [b9a08944-19c1-40d4-9246-1b7a50d62b45@group-DB2C95335F3A-LeaderElection2] INFO  server.RaftServer$Division (RaftServerImpl.java:setRole(290)) - b9a08944-19c1-40d4-9246-1b7a50d62b45@group-DB2C95335F3A: changes role from CANDIDATE to LEADER at term 1 for changeToLeader
2022-05-04 03:12:25,878 [b9a08944-19c1-40d4-9246-1b7a50d62b45@group-DB2C95335F3A-LeaderElection2] INFO  ratis.XceiverServerRatis (XceiverServerRatis.java:handleLeaderChangedNotification(863)) - Leader change notification received for group: group-DB2C95335F3A with new leaderId: b9a08944-19c1-40d4-9246-1b7a50d62b45
2022-05-04 03:12:25,879 [b9a08944-19c1-40d4-9246-1b7a50d62b45@group-DB2C95335F3A-LeaderElection2] INFO  server.RaftServer$Division (ServerState.java:setLeader(285)) - b9a08944-19c1-40d4-9246-1b7a50d62b45@group-DB2C95335F3A: change Leader from null to b9a08944-19c1-40d4-9246-1b7a50d62b45 at term 1 for becomeLeader, leader elected after 5103ms
2022-05-04 03:12:25,879 [b9a08944-19c1-40d4-9246-1b7a50d62b45@group-DB2C95335F3A-LeaderElection2] INFO  server.RaftServerConfigKeys (ConfUtils.java:logGet(44)) - raft.server.staging.catchup.gap = 1000 (default)
2022-05-04 03:12:25,879 [b9a08944-19c1-40d4-9246-1b7a50d62b45@group-DB2C95335F3A-LeaderElection2] INFO  server.RaftServerConfigKeys (ConfUtils.java:logGet(44)) - raft.server.write.element-limit = 1024 (custom)
2022-05-04 03:12:25,879 [b9a08944-19c1-40d4-9246-1b7a50d62b45@group-DB2C95335F3A-LeaderElection2] INFO  server.RaftServerConfigKeys (ConfUtils.java:logGet(44)) - raft.server.write.byte-limit = 1024 M (=1073741824) (custom)
2022-05-04 03:12:25,880 [b9a08944-19c1-40d4-9246-1b7a50d62b45@group-DB2C95335F3A-LeaderElection2] INFO  server.RaftServerConfigKeys (ConfUtils.java:logGet(44)) - raft.server.watch.timeout = 180s (custom)
2022-05-04 03:12:25,880 [b9a08944-19c1-40d4-9246-1b7a50d62b45@group-DB2C95335F3A-LeaderElection2] INFO  server.RaftServerConfigKeys (ConfUtils.java:logGet(44)) - raft.server.watch.timeout.denomination = 1s (default)
2022-05-04 03:12:25,880 [b9a08944-19c1-40d4-9246-1b7a50d62b45@group-DB2C95335F3A-LeaderElection2] INFO  server.RaftServerConfigKeys (ConfUtils.java:logGet(44)) - raft.server.watch.element-limit = 65536 (default)
2022-05-04 03:12:25,880 [b9a08944-19c1-40d4-9246-1b7a50d62b45@group-DB2C95335F3A-LeaderElection2] INFO  server.RaftServerConfigKeys (ConfUtils.java:logGet(44)) - raft.server.write.element-limit = 1024 (custom)
2022-05-04 03:12:25,880 [b9a08944-19c1-40d4-9246-1b7a50d62b45@group-DB2C95335F3A-LeaderElection2] INFO  server.RaftServerConfigKeys (ConfUtils.java:logGet(44)) - raft.server.write.follower.gap.ratio.max = -1.0 (default)
2022-05-04 03:12:25,880 [b9a08944-19c1-40d4-9246-1b7a50d62b45@group-DB2C95335F3A-LeaderElection2] INFO  impl.RoleInfo (RoleInfo.java:updateAndGet(130)) - b9a08944-19c1-40d4-9246-1b7a50d62b45: start b9a08944-19c1-40d4-9246-1b7a50d62b45@group-DB2C95335F3A-LeaderStateImpl
2022-05-04 03:12:25,881 [b9a08944-19c1-40d4-9246-1b7a50d62b45@group-DB2C95335F3A-LeaderElection2] INFO  segmented.SegmentedRaftLogWorker (SegmentedRaftLogWorker.java:startLogSegment(394)) - b9a08944-19c1-40d4-9246-1b7a50d62b45@group-DB2C95335F3A-SegmentedRaftLogWorker: Starting segment from index:0
2022-05-04 03:12:25,883 [b9a08944-19c1-40d4-9246-1b7a50d62b45@group-DB2C95335F3A-SegmentedRaftLogWorker] INFO  segmented.SegmentedRaftLogWorker (SegmentedRaftLogWorker.java:execute(601)) - b9a08944-19c1-40d4-9246-1b7a50d62b45@group-DB2C95335F3A-SegmentedRaftLogWorker: created new log segment /home/runner/work/ozone/ozone/hadoop-ozone/integration-test/target/test-dir/MiniOzoneClusterImpl-45092bb2-5ba0-493a-94ad-5fb4cf380ceb/datanode-0/data/ratis/7d02fe92-0762-4063-a468-db2c95335f3a/current/log_inprogress_0
2022-05-04 03:12:25,888 [b9a08944-19c1-40d4-9246-1b7a50d62b45@group-DB2C95335F3A-LeaderElection2] INFO  server.RaftServer$Division (ServerState.java:setRaftConf(387)) - b9a08944-19c1-40d4-9246-1b7a50d62b45@group-DB2C95335F3A: set configuration 0: [b9a08944-19c1-40d4-9246-1b7a50d62b45|rpc:10.1.0.22:41135|dataStream:|priority:1], old=null
2022-05-04 03:12:25,888 [EventQueue-OpenPipelineForHealthyPipelineSafeModeRule] INFO  safemode.SCMSafeModeManager (HealthyPipelineSafeModeRule.java:process(124)) - SCM in safe mode. Healthy pipelines reported count is 0, required healthy pipeline reported count is 1
2022-05-04 03:12:25,912 [b9a08944-19c1-40d4-9246-1b7a50d62b45@group-8C5B1516469D-FollowerState] INFO  impl.FollowerState (FollowerState.java:run(134)) - b9a08944-19c1-40d4-9246-1b7a50d62b45@group-8C5B1516469D-FollowerState: change to CANDIDATE, lastRpcElapsedTime:5054461481ns, electionTimeout:5046ms
2022-05-04 03:12:25,914 [b9a08944-19c1-40d4-9246-1b7a50d62b45@group-8C5B1516469D-FollowerState] INFO  impl.RoleInfo (RoleInfo.java:shutdownFollowerState(108)) - b9a08944-19c1-40d4-9246-1b7a50d62b45: shutdown b9a08944-19c1-40d4-9246-1b7a50d62b45@group-8C5B1516469D-FollowerState
2022-05-04 03:12:25,914 [b9a08944-19c1-40d4-9246-1b7a50d62b45@group-8C5B1516469D-FollowerState] INFO  server.RaftServer$Division (RaftServerImpl.java:setRole(290)) - b9a08944-19c1-40d4-9246-1b7a50d62b45@group-8C5B1516469D: changes role from  FOLLOWER to CANDIDATE at term 0 for changeToCandidate
2022-05-04 03:12:25,914 [b9a08944-19c1-40d4-9246-1b7a50d62b45@group-8C5B1516469D-FollowerState] INFO  server.RaftServerConfigKeys (ConfUtils.java:logGet(44)) - raft.server.leaderelection.pre-vote = false (custom)
2022-05-04 03:12:25,914 [b9a08944-19c1-40d4-9246-1b7a50d62b45@group-8C5B1516469D-FollowerState] INFO  impl.RoleInfo (RoleInfo.java:updateAndGet(130)) - b9a08944-19c1-40d4-9246-1b7a50d62b45: start b9a08944-19c1-40d4-9246-1b7a50d62b45@group-8C5B1516469D-LeaderElection3
2022-05-04 03:12:25,918 [b9a08944-19c1-40d4-9246-1b7a50d62b45@group-8C5B1516469D-LeaderElection3] INFO  impl.LeaderElection (LeaderElection.java:askForVotes(306)) - b9a08944-19c1-40d4-9246-1b7a50d62b45@group-8C5B1516469D-LeaderElection3 ELECTION round 0: submit vote requests at term 1 for -1: [b9a08944-19c1-40d4-9246-1b7a50d62b45|rpc:10.1.0.22:41135|priority:0, 4b39aedb-a905-4bcc-a0b6-39bcb2a8de85|rpc:10.1.0.22:36309|priority:1, e24c98b1-b028-4277-b303-73506c407d4f|rpc:10.1.0.22:45653|priority:0], old=null
2022-05-04 03:12:25,943 [grpc-default-executor-2] INFO  server.RaftServer$Division (RaftServerImpl.java:requestVote(1046)) - e24c98b1-b028-4277-b303-73506c407d4f@group-8C5B1516469D: receive requestVote(ELECTION, b9a08944-19c1-40d4-9246-1b7a50d62b45, group-8C5B1516469D, 1, (t:0, i:0))
2022-05-04 03:12:25,946 [grpc-default-executor-2] INFO  impl.VoteContext (VoteContext.java:log(48)) - e24c98b1-b028-4277-b303-73506c407d4f@group-8C5B1516469D-FOLLOWER: accept ELECTION from b9a08944-19c1-40d4-9246-1b7a50d62b45: our priority 0 <= candidate's priority 0
2022-05-04 03:12:25,946 [grpc-default-executor-2] INFO  server.RaftServer$Division (RaftServerImpl.java:setRole(290)) - e24c98b1-b028-4277-b303-73506c407d4f@group-8C5B1516469D: changes role from  FOLLOWER to FOLLOWER at term 1 for candidate:b9a08944-19c1-40d4-9246-1b7a50d62b45
2022-05-04 03:12:25,946 [grpc-default-executor-2] INFO  impl.RoleInfo (RoleInfo.java:shutdownFollowerState(108)) - e24c98b1-b028-4277-b303-73506c407d4f: shutdown e24c98b1-b028-4277-b303-73506c407d4f@group-8C5B1516469D-FollowerState
2022-05-04 03:12:25,947 [grpc-default-executor-2] INFO  impl.RoleInfo (RoleInfo.java:updateAndGet(130)) - e24c98b1-b028-4277-b303-73506c407d4f: start e24c98b1-b028-4277-b303-73506c407d4f@group-8C5B1516469D-FollowerState
2022-05-04 03:12:25,949 [e24c98b1-b028-4277-b303-73506c407d4f@group-8C5B1516469D-FollowerState] INFO  impl.FollowerState (FollowerState.java:run(143)) - e24c98b1-b028-4277-b303-73506c407d4f@group-8C5B1516469D-FollowerState was interrupted: {}
java.lang.InterruptedException: sleep interrupted
	at java.lang.Thread.sleep(Native Method)
	at java.lang.Thread.sleep(Thread.java:342)
	at java.util.concurrent.TimeUnit.sleep(TimeUnit.java:386)
	at org.apache.ratis.util.TimeDuration.sleep(TimeDuration.java:324)
	at org.apache.ratis.util.TimeDuration.sleep(TimeDuration.java:309)
	at org.apache.ratis.server.impl.FollowerState.run(FollowerState.java:118)
2022-05-04 03:12:25,951 [grpc-default-executor-1] INFO  server.RaftServer$Division (RaftServerImpl.java:requestVote(1046)) - 4b39aedb-a905-4bcc-a0b6-39bcb2a8de85@group-8C5B1516469D: receive requestVote(ELECTION, b9a08944-19c1-40d4-9246-1b7a50d62b45, group-8C5B1516469D, 1, (t:0, i:0))
2022-05-04 03:12:25,954 [grpc-default-executor-1] INFO  impl.VoteContext (VoteContext.java:log(48)) - 4b39aedb-a905-4bcc-a0b6-39bcb2a8de85@group-8C5B1516469D-FOLLOWER: reject ELECTION from b9a08944-19c1-40d4-9246-1b7a50d62b45: our priority 1 > candidate's priority 0
2022-05-04 03:12:25,954 [grpc-default-executor-1] INFO  server.RaftServer$Division (RaftServerImpl.java:setRole(290)) - 4b39aedb-a905-4bcc-a0b6-39bcb2a8de85@group-8C5B1516469D: changes role from  FOLLOWER to FOLLOWER at term 1 for candidate:b9a08944-19c1-40d4-9246-1b7a50d62b45
2022-05-04 03:12:25,955 [grpc-default-executor-1] INFO  impl.RoleInfo (RoleInfo.java:shutdownFollowerState(108)) - 4b39aedb-a905-4bcc-a0b6-39bcb2a8de85: shutdown 4b39aedb-a905-4bcc-a0b6-39bcb2a8de85@group-8C5B1516469D-FollowerState
2022-05-04 03:12:25,955 [grpc-default-executor-1] INFO  impl.RoleInfo (RoleInfo.java:updateAndGet(130)) - 4b39aedb-a905-4bcc-a0b6-39bcb2a8de85: start 4b39aedb-a905-4bcc-a0b6-39bcb2a8de85@group-8C5B1516469D-FollowerState
2022-05-04 03:12:25,955 [4b39aedb-a905-4bcc-a0b6-39bcb2a8de85@group-8C5B1516469D-FollowerState] INFO  impl.FollowerState (FollowerState.java:run(143)) - 4b39aedb-a905-4bcc-a0b6-39bcb2a8de85@group-8C5B1516469D-FollowerState was interrupted: {}
java.lang.InterruptedException: sleep interrupted
	at java.lang.Thread.sleep(Native Method)
	at java.lang.Thread.sleep(Thread.java:342)
	at java.util.concurrent.TimeUnit.sleep(TimeUnit.java:386)
	at org.apache.ratis.util.TimeDuration.sleep(TimeDuration.java:324)
	at org.apache.ratis.util.TimeDuration.sleep(TimeDuration.java:309)
	at org.apache.ratis.server.impl.FollowerState.run(FollowerState.java:118)
2022-05-04 03:12:25,963 [grpc-default-executor-2] INFO  server.RaftServer$Division (RaftServerImpl.java:requestVote(1078)) - e24c98b1-b028-4277-b303-73506c407d4f@group-8C5B1516469D replies to ELECTION vote request: b9a08944-19c1-40d4-9246-1b7a50d62b45<-e24c98b1-b028-4277-b303-73506c407d4f#0:OK-t1. Peer's state: e24c98b1-b028-4277-b303-73506c407d4f@group-8C5B1516469D:t1, leader=null, voted=b9a08944-19c1-40d4-9246-1b7a50d62b45, raftlog=e24c98b1-b028-4277-b303-73506c407d4f@group-8C5B1516469D-SegmentedRaftLog:OPENED:c-1, conf=-1: [b9a08944-19c1-40d4-9246-1b7a50d62b45|rpc:10.1.0.22:41135|priority:0, 4b39aedb-a905-4bcc-a0b6-39bcb2a8de85|rpc:10.1.0.22:36309|priority:1, e24c98b1-b028-4277-b303-73506c407d4f|rpc:10.1.0.22:45653|priority:0], old=null
2022-05-04 03:12:25,972 [grpc-default-executor-1] INFO  server.RaftServer$Division (RaftServerImpl.java:requestVote(1078)) - 4b39aedb-a905-4bcc-a0b6-39bcb2a8de85@group-8C5B1516469D replies to ELECTION vote request: b9a08944-19c1-40d4-9246-1b7a50d62b45<-4b39aedb-a905-4bcc-a0b6-39bcb2a8de85#0:FAIL-t1. Peer's state: 4b39aedb-a905-4bcc-a0b6-39bcb2a8de85@group-8C5B1516469D:t1, leader=null, voted=null, raftlog=4b39aedb-a905-4bcc-a0b6-39bcb2a8de85@group-8C5B1516469D-SegmentedRaftLog:OPENED:c-1, conf=-1: [b9a08944-19c1-40d4-9246-1b7a50d62b45|rpc:10.1.0.22:41135|priority:0, 4b39aedb-a905-4bcc-a0b6-39bcb2a8de85|rpc:10.1.0.22:36309|priority:1, e24c98b1-b028-4277-b303-73506c407d4f|rpc:10.1.0.22:45653|priority:0], old=null
2022-05-04 03:12:25,983 [b9a08944-19c1-40d4-9246-1b7a50d62b45@group-8C5B1516469D-LeaderElection3] INFO  impl.LeaderElection (LeaderElection.java:logAndReturn(89)) - b9a08944-19c1-40d4-9246-1b7a50d62b45@group-8C5B1516469D-LeaderElection3: ELECTION REJECTED received 1 response(s) and 0 exception(s):
2022-05-04 03:12:25,984 [b9a08944-19c1-40d4-9246-1b7a50d62b45@group-8C5B1516469D-LeaderElection3] INFO  impl.LeaderElection (LeaderElection.java:logAndReturn(93)) -   Response 0: b9a08944-19c1-40d4-9246-1b7a50d62b45<-4b39aedb-a905-4bcc-a0b6-39bcb2a8de85#0:FAIL-t1
2022-05-04 03:12:25,984 [b9a08944-19c1-40d4-9246-1b7a50d62b45@group-8C5B1516469D-LeaderElection3] INFO  impl.LeaderElection (LeaderElection.java:askForVotes(308)) - b9a08944-19c1-40d4-9246-1b7a50d62b45@group-8C5B1516469D-LeaderElection3 ELECTION round 0: result REJECTED
2022-05-04 03:12:25,984 [b9a08944-19c1-40d4-9246-1b7a50d62b45@group-8C5B1516469D-LeaderElection3] INFO  server.RaftServer$Division (RaftServerImpl.java:setRole(290)) - b9a08944-19c1-40d4-9246-1b7a50d62b45@group-8C5B1516469D: changes role from CANDIDATE to FOLLOWER at term 1 for REJECTED
2022-05-04 03:12:25,984 [b9a08944-19c1-40d4-9246-1b7a50d62b45@group-8C5B1516469D-LeaderElection3] INFO  impl.RoleInfo (RoleInfo.java:shutdownLeaderElection(121)) - b9a08944-19c1-40d4-9246-1b7a50d62b45: shutdown b9a08944-19c1-40d4-9246-1b7a50d62b45@group-8C5B1516469D-LeaderElection3
2022-05-04 03:12:25,984 [b9a08944-19c1-40d4-9246-1b7a50d62b45@group-8C5B1516469D-LeaderElection3] INFO  impl.RoleInfo (RoleInfo.java:updateAndGet(130)) - b9a08944-19c1-40d4-9246-1b7a50d62b45: start b9a08944-19c1-40d4-9246-1b7a50d62b45@group-8C5B1516469D-FollowerState
2022-05-04 03:12:26,338 [Listener at 127.0.0.1/39393] INFO  ozone.MiniOzoneClusterImpl (MiniOzoneClusterImpl.java:lambda$waitForClusterToBeReady$0(221)) - Nodes are ready. Got 5 of 5 DN Heartbeats.
2022-05-04 03:12:26,339 [Listener at 127.0.0.1/39393] INFO  ozone.MiniOzoneClusterImpl (MiniOzoneClusterImpl.java:lambda$waitForClusterToBeReady$0(224)) - Waiting for cluster to exit safe mode
2022-05-04 03:12:26,339 [Listener at 127.0.0.1/39393] INFO  ozone.MiniOzoneClusterImpl (MiniOzoneClusterImpl.java:lambda$waitForClusterToBeReady$0(226)) - SCM became leader
2022-05-04 03:12:26,435 [e24c98b1-b028-4277-b303-73506c407d4f@group-E586D43B1FED-FollowerState] INFO  impl.FollowerState (FollowerState.java:run(134)) - e24c98b1-b028-4277-b303-73506c407d4f@group-E586D43B1FED-FollowerState: change to CANDIDATE, lastRpcElapsedTime:5197912596ns, electionTimeout:5188ms
2022-05-04 03:12:26,436 [e24c98b1-b028-4277-b303-73506c407d4f@group-E586D43B1FED-FollowerState] INFO  impl.RoleInfo (RoleInfo.java:shutdownFollowerState(108)) - e24c98b1-b028-4277-b303-73506c407d4f: shutdown e24c98b1-b028-4277-b303-73506c407d4f@group-E586D43B1FED-FollowerState
2022-05-04 03:12:26,436 [e24c98b1-b028-4277-b303-73506c407d4f@group-E586D43B1FED-FollowerState] INFO  server.RaftServer$Division (RaftServerImpl.java:setRole(290)) - e24c98b1-b028-4277-b303-73506c407d4f@group-E586D43B1FED: changes role from  FOLLOWER to CANDIDATE at term 0 for changeToCandidate
2022-05-04 03:12:26,436 [e24c98b1-b028-4277-b303-73506c407d4f@group-E586D43B1FED-FollowerState] INFO  server.RaftServerConfigKeys (ConfUtils.java:logGet(44)) - raft.server.leaderelection.pre-vote = false (custom)
2022-05-04 03:12:26,436 [e24c98b1-b028-4277-b303-73506c407d4f@group-E586D43B1FED-FollowerState] INFO  impl.RoleInfo (RoleInfo.java:updateAndGet(130)) - e24c98b1-b028-4277-b303-73506c407d4f: start e24c98b1-b028-4277-b303-73506c407d4f@group-E586D43B1FED-LeaderElection4
2022-05-04 03:12:26,440 [e24c98b1-b028-4277-b303-73506c407d4f@group-E586D43B1FED-LeaderElection4] INFO  impl.LeaderElection (LeaderElection.java:askForVotes(306)) - e24c98b1-b028-4277-b303-73506c407d4f@group-E586D43B1FED-LeaderElection4 ELECTION round 0: submit vote requests at term 1 for -1: [e24c98b1-b028-4277-b303-73506c407d4f|rpc:10.1.0.22:45653|priority:1], old=null
2022-05-04 03:12:26,440 [e24c98b1-b028-4277-b303-73506c407d4f@group-E586D43B1FED-LeaderElection4] INFO  impl.LeaderElection (LeaderElection.java:askForVotes(308)) - e24c98b1-b028-4277-b303-73506c407d4f@group-E586D43B1FED-LeaderElection4 ELECTION round 0: result PASSED (term=1)
2022-05-04 03:12:26,441 [e24c98b1-b028-4277-b303-73506c407d4f@group-E586D43B1FED-LeaderElection4] INFO  impl.RoleInfo (RoleInfo.java:shutdownLeaderElection(121)) - e24c98b1-b028-4277-b303-73506c407d4f: shutdown e24c98b1-b028-4277-b303-73506c407d4f@group-E586D43B1FED-LeaderElection4
2022-05-04 03:12:26,441 [e24c98b1-b028-4277-b303-73506c407d4f@group-E586D43B1FED-LeaderElection4] INFO  server.RaftServer$Division (RaftServerImpl.java:setRole(290)) - e24c98b1-b028-4277-b303-73506c407d4f@group-E586D43B1FED: changes role from CANDIDATE to LEADER at term 1 for changeToLeader
2022-05-04 03:12:26,441 [e24c98b1-b028-4277-b303-73506c407d4f@group-E586D43B1FED-LeaderElection4] INFO  ratis.XceiverServerRatis (XceiverServerRatis.java:handleLeaderChangedNotification(863)) - Leader change notification received for group: group-E586D43B1FED with new leaderId: e24c98b1-b028-4277-b303-73506c407d4f
2022-05-04 03:12:26,441 [e24c98b1-b028-4277-b303-73506c407d4f@group-E586D43B1FED-LeaderElection4] INFO  server.RaftServer$Division (ServerState.java:setLeader(285)) - e24c98b1-b028-4277-b303-73506c407d4f@group-E586D43B1FED: change Leader from null to e24c98b1-b028-4277-b303-73506c407d4f at term 1 for becomeLeader, leader elected after 5226ms
2022-05-04 03:12:26,441 [e24c98b1-b028-4277-b303-73506c407d4f@group-E586D43B1FED-LeaderElection4] INFO  server.RaftServerConfigKeys (ConfUtils.java:logGet(44)) - raft.server.staging.catchup.gap = 1000 (default)
2022-05-04 03:12:26,441 [e24c98b1-b028-4277-b303-73506c407d4f@group-E586D43B1FED-LeaderElection4] INFO  server.RaftServerConfigKeys (ConfUtils.java:logGet(44)) - raft.server.write.element-limit = 1024 (custom)
2022-05-04 03:12:26,441 [e24c98b1-b028-4277-b303-73506c407d4f@group-E586D43B1FED-LeaderElection4] INFO  server.RaftServerConfigKeys (ConfUtils.java:logGet(44)) - raft.server.write.byte-limit = 1024 M (=1073741824) (custom)
2022-05-04 03:12:26,442 [e24c98b1-b028-4277-b303-73506c407d4f@group-E586D43B1FED-LeaderElection4] INFO  server.RaftServerConfigKeys (ConfUtils.java:logGet(44)) - raft.server.watch.timeout = 180s (custom)
2022-05-04 03:12:26,442 [e24c98b1-b028-4277-b303-73506c407d4f@group-E586D43B1FED-LeaderElection4] INFO  server.RaftServerConfigKeys (ConfUtils.java:logGet(44)) - raft.server.watch.timeout.denomination = 1s (default)
2022-05-04 03:12:26,442 [e24c98b1-b028-4277-b303-73506c407d4f@group-E586D43B1FED-LeaderElection4] INFO  server.RaftServerConfigKeys (ConfUtils.java:logGet(44)) - raft.server.watch.element-limit = 65536 (default)
2022-05-04 03:12:26,442 [e24c98b1-b028-4277-b303-73506c407d4f@group-E586D43B1FED-LeaderElection4] INFO  server.RaftServerConfigKeys (ConfUtils.java:logGet(44)) - raft.server.write.element-limit = 1024 (custom)
2022-05-04 03:12:26,442 [e24c98b1-b028-4277-b303-73506c407d4f@group-E586D43B1FED-LeaderElection4] INFO  server.RaftServerConfigKeys (ConfUtils.java:logGet(44)) - raft.server.write.follower.gap.ratio.max = -1.0 (default)
2022-05-04 03:12:26,442 [e24c98b1-b028-4277-b303-73506c407d4f@group-E586D43B1FED-LeaderElection4] INFO  impl.RoleInfo (RoleInfo.java:updateAndGet(130)) - e24c98b1-b028-4277-b303-73506c407d4f: start e24c98b1-b028-4277-b303-73506c407d4f@group-E586D43B1FED-LeaderStateImpl
2022-05-04 03:12:26,443 [e24c98b1-b028-4277-b303-73506c407d4f@group-E586D43B1FED-LeaderElection4] INFO  segmented.SegmentedRaftLogWorker (SegmentedRaftLogWorker.java:startLogSegment(394)) - e24c98b1-b028-4277-b303-73506c407d4f@group-E586D43B1FED-SegmentedRaftLogWorker: Starting segment from index:0
2022-05-04 03:12:26,443 [EventQueue-OpenPipelineForHealthyPipelineSafeModeRule] INFO  safemode.SCMSafeModeManager (HealthyPipelineSafeModeRule.java:process(124)) - SCM in safe mode. Healthy pipelines reported count is 0, required healthy pipeline reported count is 1
2022-05-04 03:12:26,445 [e24c98b1-b028-4277-b303-73506c407d4f@group-E586D43B1FED-SegmentedRaftLogWorker] INFO  segmented.SegmentedRaftLogWorker (SegmentedRaftLogWorker.java:execute(601)) - e24c98b1-b028-4277-b303-73506c407d4f@group-E586D43B1FED-SegmentedRaftLogWorker: created new log segment /home/runner/work/ozone/ozone/hadoop-ozone/integration-test/target/test-dir/MiniOzoneClusterImpl-45092bb2-5ba0-493a-94ad-5fb4cf380ceb/datanode-1/data/ratis/3898bec0-40a0-4b91-bf0e-e586d43b1fed/current/log_inprogress_0
2022-05-04 03:12:26,445 [e24c98b1-b028-4277-b303-73506c407d4f@group-E586D43B1FED-LeaderElection4] INFO  server.RaftServer$Division (ServerState.java:setRaftConf(387)) - e24c98b1-b028-4277-b303-73506c407d4f@group-E586D43B1FED: set configuration 0: [e24c98b1-b028-4277-b303-73506c407d4f|rpc:10.1.0.22:45653|dataStream:|priority:1], old=null
2022-05-04 03:12:26,633 [4b39aedb-a905-4bcc-a0b6-39bcb2a8de85@group-979A43C0C4B9-FollowerState] INFO  impl.FollowerState (FollowerState.java:run(134)) - 4b39aedb-a905-4bcc-a0b6-39bcb2a8de85@group-979A43C0C4B9-FollowerState: change to CANDIDATE, lastRpcElapsedTime:5014379937ns, electionTimeout:5006ms
2022-05-04 03:12:26,633 [4b39aedb-a905-4bcc-a0b6-39bcb2a8de85@group-979A43C0C4B9-FollowerState] INFO  impl.RoleInfo (RoleInfo.java:shutdownFollowerState(108)) - 4b39aedb-a905-4bcc-a0b6-39bcb2a8de85: shutdown 4b39aedb-a905-4bcc-a0b6-39bcb2a8de85@group-979A43C0C4B9-FollowerState
2022-05-04 03:12:26,633 [4b39aedb-a905-4bcc-a0b6-39bcb2a8de85@group-979A43C0C4B9-FollowerState] INFO  server.RaftServer$Division (RaftServerImpl.java:setRole(290)) - 4b39aedb-a905-4bcc-a0b6-39bcb2a8de85@group-979A43C0C4B9: changes role from  FOLLOWER to CANDIDATE at term 0 for changeToCandidate
2022-05-04 03:12:26,633 [4b39aedb-a905-4bcc-a0b6-39bcb2a8de85@group-979A43C0C4B9-FollowerState] INFO  server.RaftServerConfigKeys (ConfUtils.java:logGet(44)) - raft.server.leaderelection.pre-vote = false (custom)
2022-05-04 03:12:26,633 [4b39aedb-a905-4bcc-a0b6-39bcb2a8de85@group-979A43C0C4B9-FollowerState] INFO  impl.RoleInfo (RoleInfo.java:updateAndGet(130)) - 4b39aedb-a905-4bcc-a0b6-39bcb2a8de85: start 4b39aedb-a905-4bcc-a0b6-39bcb2a8de85@group-979A43C0C4B9-LeaderElection5
2022-05-04 03:12:26,646 [4b39aedb-a905-4bcc-a0b6-39bcb2a8de85@group-979A43C0C4B9-LeaderElection5] INFO  impl.LeaderElection (LeaderElection.java:askForVotes(306)) - 4b39aedb-a905-4bcc-a0b6-39bcb2a8de85@group-979A43C0C4B9-LeaderElection5 ELECTION round 0: submit vote requests at term 1 for -1: [4b39aedb-a905-4bcc-a0b6-39bcb2a8de85|rpc:10.1.0.22:36309|priority:1], old=null
2022-05-04 03:12:26,646 [4b39aedb-a905-4bcc-a0b6-39bcb2a8de85@group-979A43C0C4B9-LeaderElection5] INFO  impl.LeaderElection (LeaderElection.java:askForVotes(308)) - 4b39aedb-a905-4bcc-a0b6-39bcb2a8de85@group-979A43C0C4B9-LeaderElection5 ELECTION round 0: result PASSED (term=1)
2022-05-04 03:12:26,646 [4b39aedb-a905-4bcc-a0b6-39bcb2a8de85@group-979A43C0C4B9-LeaderElection5] INFO  impl.RoleInfo (RoleInfo.java:shutdownLeaderElection(121)) - 4b39aedb-a905-4bcc-a0b6-39bcb2a8de85: shutdown 4b39aedb-a905-4bcc-a0b6-39bcb2a8de85@group-979A43C0C4B9-LeaderElection5
2022-05-04 03:12:26,646 [4b39aedb-a905-4bcc-a0b6-39bcb2a8de85@group-979A43C0C4B9-LeaderElection5] INFO  server.RaftServer$Division (RaftServerImpl.java:setRole(290)) - 4b39aedb-a905-4bcc-a0b6-39bcb2a8de85@group-979A43C0C4B9: changes role from CANDIDATE to LEADER at term 1 for changeToLeader
2022-05-04 03:12:26,646 [4b39aedb-a905-4bcc-a0b6-39bcb2a8de85@group-979A43C0C4B9-LeaderElection5] INFO  ratis.XceiverServerRatis (XceiverServerRatis.java:handleLeaderChangedNotification(863)) - Leader change notification received for group: group-979A43C0C4B9 with new leaderId: 4b39aedb-a905-4bcc-a0b6-39bcb2a8de85
2022-05-04 03:12:26,647 [4b39aedb-a905-4bcc-a0b6-39bcb2a8de85@group-979A43C0C4B9-LeaderElection5] INFO  server.RaftServer$Division (ServerState.java:setLeader(285)) - 4b39aedb-a905-4bcc-a0b6-39bcb2a8de85@group-979A43C0C4B9: change Leader from null to 4b39aedb-a905-4bcc-a0b6-39bcb2a8de85 at term 1 for becomeLeader, leader elected after 5056ms
2022-05-04 03:12:26,647 [4b39aedb-a905-4bcc-a0b6-39bcb2a8de85@group-979A43C0C4B9-LeaderElection5] INFO  server.RaftServerConfigKeys (ConfUtils.java:logGet(44)) - raft.server.staging.catchup.gap = 1000 (default)
2022-05-04 03:12:26,647 [4b39aedb-a905-4bcc-a0b6-39bcb2a8de85@group-979A43C0C4B9-LeaderElection5] INFO  server.RaftServerConfigKeys (ConfUtils.java:logGet(44)) - raft.server.write.element-limit = 1024 (custom)
2022-05-04 03:12:26,648 [4b39aedb-a905-4bcc-a0b6-39bcb2a8de85@group-979A43C0C4B9-LeaderElection5] INFO  server.RaftServerConfigKeys (ConfUtils.java:logGet(44)) - raft.server.write.byte-limit = 1024 M (=1073741824) (custom)
2022-05-04 03:12:26,651 [EventQueue-OpenPipelineForHealthyPipelineSafeModeRule] INFO  safemode.SCMSafeModeManager (HealthyPipelineSafeModeRule.java:process(124)) - SCM in safe mode. Healthy pipelines reported count is 0, required healthy pipeline reported count is 1
2022-05-04 03:12:26,651 [4b39aedb-a905-4bcc-a0b6-39bcb2a8de85@group-979A43C0C4B9-LeaderElection5] INFO  server.RaftServerConfigKeys (ConfUtils.java:logGet(44)) - raft.server.watch.timeout = 180s (custom)
2022-05-04 03:12:26,651 [4b39aedb-a905-4bcc-a0b6-39bcb2a8de85@group-979A43C0C4B9-LeaderElection5] INFO  server.RaftServerConfigKeys (ConfUtils.java:logGet(44)) - raft.server.watch.timeout.denomination = 1s (default)
2022-05-04 03:12:26,651 [4b39aedb-a905-4bcc-a0b6-39bcb2a8de85@group-979A43C0C4B9-LeaderElection5] INFO  server.RaftServerConfigKeys (ConfUtils.java:logGet(44)) - raft.server.watch.element-limit = 65536 (default)
2022-05-04 03:12:26,651 [4b39aedb-a905-4bcc-a0b6-39bcb2a8de85@group-979A43C0C4B9-LeaderElection5] INFO  server.RaftServerConfigKeys (ConfUtils.java:logGet(44)) - raft.server.write.element-limit = 1024 (custom)
2022-05-04 03:12:26,652 [4b39aedb-a905-4bcc-a0b6-39bcb2a8de85@group-979A43C0C4B9-LeaderElection5] INFO  server.RaftServerConfigKeys (ConfUtils.java:logGet(44)) - raft.server.write.follower.gap.ratio.max = -1.0 (default)
2022-05-04 03:12:26,652 [4b39aedb-a905-4bcc-a0b6-39bcb2a8de85@group-979A43C0C4B9-LeaderElection5] INFO  impl.RoleInfo (RoleInfo.java:updateAndGet(130)) - 4b39aedb-a905-4bcc-a0b6-39bcb2a8de85: start 4b39aedb-a905-4bcc-a0b6-39bcb2a8de85@group-979A43C0C4B9-LeaderStateImpl
2022-05-04 03:12:26,652 [4b39aedb-a905-4bcc-a0b6-39bcb2a8de85@group-979A43C0C4B9-LeaderElection5] INFO  segmented.SegmentedRaftLogWorker (SegmentedRaftLogWorker.java:startLogSegment(394)) - 4b39aedb-a905-4bcc-a0b6-39bcb2a8de85@group-979A43C0C4B9-SegmentedRaftLogWorker: Starting segment from index:0
2022-05-04 03:12:26,654 [4b39aedb-a905-4bcc-a0b6-39bcb2a8de85@group-979A43C0C4B9-LeaderElection5] INFO  server.RaftServer$Division (ServerState.java:setRaftConf(387)) - 4b39aedb-a905-4bcc-a0b6-39bcb2a8de85@group-979A43C0C4B9: set configuration 0: [4b39aedb-a905-4bcc-a0b6-39bcb2a8de85|rpc:10.1.0.22:36309|dataStream:|priority:1], old=null
2022-05-04 03:12:26,654 [4b39aedb-a905-4bcc-a0b6-39bcb2a8de85@group-979A43C0C4B9-SegmentedRaftLogWorker] INFO  segmented.SegmentedRaftLogWorker (SegmentedRaftLogWorker.java:execute(601)) - 4b39aedb-a905-4bcc-a0b6-39bcb2a8de85@group-979A43C0C4B9-SegmentedRaftLogWorker: created new log segment /home/runner/work/ozone/ozone/hadoop-ozone/integration-test/target/test-dir/MiniOzoneClusterImpl-45092bb2-5ba0-493a-94ad-5fb4cf380ceb/datanode-2/data/ratis/8668817c-166a-4559-baa5-979a43c0c4b9/current/log_inprogress_0
2022-05-04 03:12:26,811 [b9a08944-19c1-40d4-9246-1b7a50d62b45@group-ADC0A6F0E068-FollowerState] INFO  impl.FollowerState (FollowerState.java:run(134)) - b9a08944-19c1-40d4-9246-1b7a50d62b45@group-ADC0A6F0E068-FollowerState: change to CANDIDATE, lastRpcElapsedTime:5015269043ns, electionTimeout:5012ms
2022-05-04 03:12:26,812 [b9a08944-19c1-40d4-9246-1b7a50d62b45@group-ADC0A6F0E068-FollowerState] INFO  impl.RoleInfo (RoleInfo.java:shutdownFollowerState(108)) - b9a08944-19c1-40d4-9246-1b7a50d62b45: shutdown b9a08944-19c1-40d4-9246-1b7a50d62b45@group-ADC0A6F0E068-FollowerState
2022-05-04 03:12:26,812 [b9a08944-19c1-40d4-9246-1b7a50d62b45@group-ADC0A6F0E068-FollowerState] INFO  server.RaftServer$Division (RaftServerImpl.java:setRole(290)) - b9a08944-19c1-40d4-9246-1b7a50d62b45@group-ADC0A6F0E068: changes role from  FOLLOWER to CANDIDATE at term 0 for changeToCandidate
2022-05-04 03:12:26,812 [b9a08944-19c1-40d4-9246-1b7a50d62b45@group-ADC0A6F0E068-FollowerState] INFO  server.RaftServerConfigKeys (ConfUtils.java:logGet(44)) - raft.server.leaderelection.pre-vote = false (custom)
2022-05-04 03:12:26,812 [b9a08944-19c1-40d4-9246-1b7a50d62b45@group-ADC0A6F0E068-FollowerState] INFO  impl.RoleInfo (RoleInfo.java:updateAndGet(130)) - b9a08944-19c1-40d4-9246-1b7a50d62b45: start b9a08944-19c1-40d4-9246-1b7a50d62b45@group-ADC0A6F0E068-LeaderElection6
2022-05-04 03:12:26,824 [b9a08944-19c1-40d4-9246-1b7a50d62b45@group-ADC0A6F0E068-LeaderElection6] INFO  impl.LeaderElection (LeaderElection.java:askForVotes(306)) - b9a08944-19c1-40d4-9246-1b7a50d62b45@group-ADC0A6F0E068-LeaderElection6 ELECTION round 0: submit vote requests at term 1 for -1: [b9a08944-19c1-40d4-9246-1b7a50d62b45|rpc:10.1.0.22:41135|priority:1, 4b39aedb-a905-4bcc-a0b6-39bcb2a8de85|rpc:10.1.0.22:36309|priority:0, e24c98b1-b028-4277-b303-73506c407d4f|rpc:10.1.0.22:45653|priority:0], old=null
2022-05-04 03:12:26,839 [grpc-default-executor-1] INFO  server.RaftServer$Division (RaftServerImpl.java:requestVote(1046)) - 4b39aedb-a905-4bcc-a0b6-39bcb2a8de85@group-ADC0A6F0E068: receive requestVote(ELECTION, b9a08944-19c1-40d4-9246-1b7a50d62b45, group-ADC0A6F0E068, 1, (t:0, i:0))
2022-05-04 03:12:26,839 [grpc-default-executor-2] INFO  server.RaftServer$Division (RaftServerImpl.java:requestVote(1046)) - e24c98b1-b028-4277-b303-73506c407d4f@group-ADC0A6F0E068: receive requestVote(ELECTION, b9a08944-19c1-40d4-9246-1b7a50d62b45, group-ADC0A6F0E068, 1, (t:0, i:0))
2022-05-04 03:12:26,839 [grpc-default-executor-1] INFO  impl.VoteContext (VoteContext.java:log(48)) - 4b39aedb-a905-4bcc-a0b6-39bcb2a8de85@group-ADC0A6F0E068-FOLLOWER: accept ELECTION from b9a08944-19c1-40d4-9246-1b7a50d62b45: our priority 0 <= candidate's priority 1
2022-05-04 03:12:26,840 [grpc-default-executor-2] INFO  impl.VoteContext (VoteContext.java:log(48)) - e24c98b1-b028-4277-b303-73506c407d4f@group-ADC0A6F0E068-FOLLOWER: accept ELECTION from b9a08944-19c1-40d4-9246-1b7a50d62b45: our priority 0 <= candidate's priority 1
2022-05-04 03:12:26,840 [grpc-default-executor-1] INFO  server.RaftServer$Division (RaftServerImpl.java:setRole(290)) - 4b39aedb-a905-4bcc-a0b6-39bcb2a8de85@group-ADC0A6F0E068: changes role from  FOLLOWER to FOLLOWER at term 1 for candidate:b9a08944-19c1-40d4-9246-1b7a50d62b45
2022-05-04 03:12:26,840 [grpc-default-executor-2] INFO  server.RaftServer$Division (RaftServerImpl.java:setRole(290)) - e24c98b1-b028-4277-b303-73506c407d4f@group-ADC0A6F0E068: changes role from  FOLLOWER to FOLLOWER at term 1 for candidate:b9a08944-19c1-40d4-9246-1b7a50d62b45
2022-05-04 03:12:26,840 [grpc-default-executor-1] INFO  impl.RoleInfo (RoleInfo.java:shutdownFollowerState(108)) - 4b39aedb-a905-4bcc-a0b6-39bcb2a8de85: shutdown 4b39aedb-a905-4bcc-a0b6-39bcb2a8de85@group-ADC0A6F0E068-FollowerState
2022-05-04 03:12:26,840 [grpc-default-executor-2] INFO  impl.RoleInfo (RoleInfo.java:shutdownFollowerState(108)) - e24c98b1-b028-4277-b303-73506c407d4f: shutdown e24c98b1-b028-4277-b303-73506c407d4f@group-ADC0A6F0E068-FollowerState
2022-05-04 03:12:26,840 [grpc-default-executor-1] INFO  impl.RoleInfo (RoleInfo.java:updateAndGet(130)) - 4b39aedb-a905-4bcc-a0b6-39bcb2a8de85: start 4b39aedb-a905-4bcc-a0b6-39bcb2a8de85@group-ADC0A6F0E068-FollowerState
2022-05-04 03:12:26,840 [grpc-default-executor-2] INFO  impl.RoleInfo (RoleInfo.java:updateAndGet(130)) - e24c98b1-b028-4277-b303-73506c407d4f: start e24c98b1-b028-4277-b303-73506c407d4f@group-ADC0A6F0E068-FollowerState
2022-05-04 03:12:26,840 [4b39aedb-a905-4bcc-a0b6-39bcb2a8de85@group-ADC0A6F0E068-FollowerState] INFO  impl.FollowerState (FollowerState.java:run(143)) - 4b39aedb-a905-4bcc-a0b6-39bcb2a8de85@group-ADC0A6F0E068-FollowerState was interrupted: {}
java.lang.InterruptedException: sleep interrupted
	at java.lang.Thread.sleep(Native Method)
	at java.lang.Thread.sleep(Thread.java:342)
	at java.util.concurrent.TimeUnit.sleep(TimeUnit.java:386)
	at org.apache.ratis.util.TimeDuration.sleep(TimeDuration.java:324)
	at org.apache.ratis.util.TimeDuration.sleep(TimeDuration.java:309)
	at org.apache.ratis.server.impl.FollowerState.run(FollowerState.java:118)
2022-05-04 03:12:26,841 [e24c98b1-b028-4277-b303-73506c407d4f@group-ADC0A6F0E068-FollowerState] INFO  impl.FollowerState (FollowerState.java:run(143)) - e24c98b1-b028-4277-b303-73506c407d4f@group-ADC0A6F0E068-FollowerState was interrupted: {}
java.lang.InterruptedException: sleep interrupted
	at java.lang.Thread.sleep(Native Method)
	at java.lang.Thread.sleep(Thread.java:342)
	at java.util.concurrent.TimeUnit.sleep(TimeUnit.java:386)
	at org.apache.ratis.util.TimeDuration.sleep(TimeDuration.java:324)
	at org.apache.ratis.util.TimeDuration.sleep(TimeDuration.java:309)
	at org.apache.ratis.server.impl.FollowerState.run(FollowerState.java:118)
2022-05-04 03:12:26,843 [grpc-default-executor-1] INFO  server.RaftServer$Division (RaftServerImpl.java:requestVote(1078)) - 4b39aedb-a905-4bcc-a0b6-39bcb2a8de85@group-ADC0A6F0E068 replies to ELECTION vote request: b9a08944-19c1-40d4-9246-1b7a50d62b45<-4b39aedb-a905-4bcc-a0b6-39bcb2a8de85#0:OK-t1. Peer's state: 4b39aedb-a905-4bcc-a0b6-39bcb2a8de85@group-ADC0A6F0E068:t1, leader=null, voted=b9a08944-19c1-40d4-9246-1b7a50d62b45, raftlog=4b39aedb-a905-4bcc-a0b6-39bcb2a8de85@group-ADC0A6F0E068-SegmentedRaftLog:OPENED:c-1, conf=-1: [b9a08944-19c1-40d4-9246-1b7a50d62b45|rpc:10.1.0.22:41135|priority:1, 4b39aedb-a905-4bcc-a0b6-39bcb2a8de85|rpc:10.1.0.22:36309|priority:0, e24c98b1-b028-4277-b303-73506c407d4f|rpc:10.1.0.22:45653|priority:0], old=null
2022-05-04 03:12:26,846 [grpc-default-executor-2] INFO  server.RaftServer$Division (RaftServerImpl.java:requestVote(1078)) - e24c98b1-b028-4277-b303-73506c407d4f@group-ADC0A6F0E068 replies to ELECTION vote request: b9a08944-19c1-40d4-9246-1b7a50d62b45<-e24c98b1-b028-4277-b303-73506c407d4f#0:OK-t1. Peer's state: e24c98b1-b028-4277-b303-73506c407d4f@group-ADC0A6F0E068:t1, leader=null, voted=b9a08944-19c1-40d4-9246-1b7a50d62b45, raftlog=e24c98b1-b028-4277-b303-73506c407d4f@group-ADC0A6F0E068-SegmentedRaftLog:OPENED:c-1, conf=-1: [b9a08944-19c1-40d4-9246-1b7a50d62b45|rpc:10.1.0.22:41135|priority:1, 4b39aedb-a905-4bcc-a0b6-39bcb2a8de85|rpc:10.1.0.22:36309|priority:0, e24c98b1-b028-4277-b303-73506c407d4f|rpc:10.1.0.22:45653|priority:0], old=null
2022-05-04 03:12:26,846 [b9a08944-19c1-40d4-9246-1b7a50d62b45@group-ADC0A6F0E068-LeaderElection6] INFO  impl.LeaderElection (LeaderElection.java:logAndReturn(89)) - b9a08944-19c1-40d4-9246-1b7a50d62b45@group-ADC0A6F0E068-LeaderElection6: ELECTION PASSED received 1 response(s) and 0 exception(s):
2022-05-04 03:12:26,847 [b9a08944-19c1-40d4-9246-1b7a50d62b45@group-ADC0A6F0E068-LeaderElection6] INFO  impl.LeaderElection (LeaderElection.java:logAndReturn(93)) -   Response 0: b9a08944-19c1-40d4-9246-1b7a50d62b45<-4b39aedb-a905-4bcc-a0b6-39bcb2a8de85#0:OK-t1
2022-05-04 03:12:26,847 [b9a08944-19c1-40d4-9246-1b7a50d62b45@group-ADC0A6F0E068-LeaderElection6] INFO  impl.LeaderElection (LeaderElection.java:askForVotes(308)) - b9a08944-19c1-40d4-9246-1b7a50d62b45@group-ADC0A6F0E068-LeaderElection6 ELECTION round 0: result PASSED
2022-05-04 03:12:26,850 [b9a08944-19c1-40d4-9246-1b7a50d62b45@group-ADC0A6F0E068-LeaderElection6] INFO  impl.RoleInfo (RoleInfo.java:shutdownLeaderElection(121)) - b9a08944-19c1-40d4-9246-1b7a50d62b45: shutdown b9a08944-19c1-40d4-9246-1b7a50d62b45@group-ADC0A6F0E068-LeaderElection6
2022-05-04 03:12:26,850 [b9a08944-19c1-40d4-9246-1b7a50d62b45@group-ADC0A6F0E068-LeaderElection6] INFO  server.RaftServer$Division (RaftServerImpl.java:setRole(290)) - b9a08944-19c1-40d4-9246-1b7a50d62b45@group-ADC0A6F0E068: changes role from CANDIDATE to LEADER at term 1 for changeToLeader
2022-05-04 03:12:26,850 [b9a08944-19c1-40d4-9246-1b7a50d62b45@group-ADC0A6F0E068-LeaderElection6] INFO  ratis.XceiverServerRatis (XceiverServerRatis.java:handleLeaderChangedNotification(863)) - Leader change notification received for group: group-ADC0A6F0E068 with new leaderId: b9a08944-19c1-40d4-9246-1b7a50d62b45
2022-05-04 03:12:26,851 [b9a08944-19c1-40d4-9246-1b7a50d62b45@group-ADC0A6F0E068-LeaderElection6] INFO  server.RaftServer$Division (ServerState.java:setLeader(285)) - b9a08944-19c1-40d4-9246-1b7a50d62b45@group-ADC0A6F0E068: change Leader from null to b9a08944-19c1-40d4-9246-1b7a50d62b45 at term 1 for becomeLeader, leader elected after 5072ms
2022-05-04 03:12:26,851 [b9a08944-19c1-40d4-9246-1b7a50d62b45@group-ADC0A6F0E068-LeaderElection6] INFO  server.RaftServerConfigKeys (ConfUtils.java:logGet(44)) - raft.server.staging.catchup.gap = 1000 (default)
2022-05-04 03:12:26,851 [b9a08944-19c1-40d4-9246-1b7a50d62b45@group-ADC0A6F0E068-LeaderElection6] INFO  server.RaftServerConfigKeys (ConfUtils.java:logGet(44)) - raft.server.write.element-limit = 1024 (custom)
2022-05-04 03:12:26,851 [b9a08944-19c1-40d4-9246-1b7a50d62b45@group-ADC0A6F0E068-LeaderElection6] INFO  server.RaftServerConfigKeys (ConfUtils.java:logGet(44)) - raft.server.write.byte-limit = 1024 M (=1073741824) (custom)
2022-05-04 03:12:26,852 [b9a08944-19c1-40d4-9246-1b7a50d62b45@group-ADC0A6F0E068-LeaderElection6] INFO  server.RaftServerConfigKeys (ConfUtils.java:logGet(44)) - raft.server.watch.timeout = 180s (custom)
2022-05-04 03:12:26,852 [b9a08944-19c1-40d4-9246-1b7a50d62b45@group-ADC0A6F0E068-LeaderElection6] INFO  server.RaftServerConfigKeys (ConfUtils.java:logGet(44)) - raft.server.watch.timeout.denomination = 1s (default)
2022-05-04 03:12:26,852 [b9a08944-19c1-40d4-9246-1b7a50d62b45@group-ADC0A6F0E068-LeaderElection6] INFO  server.RaftServerConfigKeys (ConfUtils.java:logGet(44)) - raft.server.watch.element-limit = 65536 (default)
2022-05-04 03:12:26,852 [b9a08944-19c1-40d4-9246-1b7a50d62b45@group-ADC0A6F0E068-LeaderElection6] INFO  server.RaftServerConfigKeys (ConfUtils.java:logGet(44)) - raft.server.write.element-limit = 1024 (custom)
2022-05-04 03:12:26,852 [b9a08944-19c1-40d4-9246-1b7a50d62b45@group-ADC0A6F0E068-LeaderElection6] INFO  server.RaftServerConfigKeys (ConfUtils.java:logGet(44)) - raft.server.write.follower.gap.ratio.max = -1.0 (default)
2022-05-04 03:12:26,855 [EventQueue-PipelineReportForPipelineReportHandler] INFO  pipeline.PipelineManagerImpl (PipelineManagerImpl.java:openPipeline(328)) - Pipeline Pipeline[ Id: e833fd87-6aea-4d3e-9271-adc0a6f0e068, Nodes: b9a08944-19c1-40d4-9246-1b7a50d62b45{ip: 10.1.0.22, host: fv-az270-73.tacnzluakwdehk1hpragurqkma.bx.internal.cloudapp.net, ports: [REPLICATION=38797, RATIS=41135, RATIS_ADMIN=41135, RATIS_SERVER=41135, STANDALONE=36969], networkLocation: /default-rack, certSerialId: null, persistedOpState: IN_SERVICE, persistedOpStateExpiryEpochSec: 0}4b39aedb-a905-4bcc-a0b6-39bcb2a8de85{ip: 10.1.0.22, host: fv-az270-73.tacnzluakwdehk1hpragurqkma.bx.internal.cloudapp.net, ports: [REPLICATION=34555, RATIS=36309, RATIS_ADMIN=36309, RATIS_SERVER=36309, STANDALONE=41017], networkLocation: /default-rack, certSerialId: null, persistedOpState: IN_SERVICE, persistedOpStateExpiryEpochSec: 0}e24c98b1-b028-4277-b303-73506c407d4f{ip: 10.1.0.22, host: fv-az270-73.tacnzluakwdehk1hpragurqkma.bx.internal.cloudapp.net, ports: [REPLICATION=39115, RATIS=45653, RATIS_ADMIN=45653, RATIS_SERVER=45653, STANDALONE=39819], networkLocation: /default-rack, certSerialId: null, persistedOpState: IN_SERVICE, persistedOpStateExpiryEpochSec: 0}, ReplicationConfig: RATIS/THREE, State:ALLOCATED, leaderId:b9a08944-19c1-40d4-9246-1b7a50d62b45, CreationTimestamp2022-05-04T03:12:18.574Z[Etc/UTC]] moved to OPEN state
2022-05-04 03:12:26,858 [EventQueue-OpenPipelineForHealthyPipelineSafeModeRule] INFO  safemode.SCMSafeModeManager (HealthyPipelineSafeModeRule.java:process(124)) - SCM in safe mode. Healthy pipelines reported count is 1, required healthy pipeline reported count is 1
2022-05-04 03:12:26,858 [EventQueue-OpenPipelineForHealthyPipelineSafeModeRule] INFO  safemode.SCMSafeModeManager (SCMSafeModeManager.java:validateSafeModeExitRules(204)) - HealthyPipelineSafeModeRule rule is successfully validated
2022-05-04 03:12:26,858 [EventQueue-OpenPipelineForHealthyPipelineSafeModeRule] INFO  safemode.SCMSafeModeManager (SCMSafeModeManager.java:validateSafeModeExitRules(219)) - ScmSafeModeManager, all rules are successfully validated
2022-05-04 03:12:26,858 [EventQueue-OpenPipelineForHealthyPipelineSafeModeRule] INFO  safemode.SCMSafeModeManager (SCMSafeModeManager.java:exitSafeMode(248)) - SCM exiting safe mode.
2022-05-04 03:12:26,858 [EventQueue-OpenPipelineForHealthyPipelineSafeModeRule] WARN  events.EventQueue (EventQueue.java:fireEvent(194)) - No event handler registered for event TypedEvent{payloadType=SafeModeStatus, name='Safe mode status'}
2022-05-04 03:12:26,858 [EventQueue-OpenPipelineForHealthyPipelineSafeModeRule] INFO  ha.SCMContext (SCMContext.java:updateSafeModeStatus(211)) - Update SafeModeStatus from SafeModeStatus{safeModeStatus=true, preCheckPassed=true} to SafeModeStatus{safeModeStatus=false, preCheckPassed=true}.
2022-05-04 03:12:26,858 [EventQueue-OpenPipelineForHealthyPipelineSafeModeRule] INFO  pipeline.BackgroundPipelineCreator (BackgroundPipelineCreator.java:notifyStatusChanged(249)) - Service BackgroundPipelineCreator transitions to RUNNING.
2022-05-04 03:12:26,858 [EventQueue-OpenPipelineForHealthyPipelineSafeModeRule] INFO  pipeline.BackgroundPipelineScrubber (BackgroundPipelineScrubber.java:notifyStatusChanged(86)) - Service BackgroundPipelineScrubber transitions to RUNNING.
2022-05-04 03:12:26,858 [EventQueue-OpenPipelineForHealthyPipelineSafeModeRule] INFO  container.ReplicationManager (ReplicationManager.java:notifyStatusChanged(1815)) - Service ReplicationManager transitions to RUNNING.
2022-05-04 03:12:26,864 [b9a08944-19c1-40d4-9246-1b7a50d62b45@group-ADC0A6F0E068-LeaderElection6] INFO  server.RaftServerConfigKeys (ConfUtils.java:logGet(44)) - raft.server.log.appender.snapshot.chunk.size.max = 16MB (=16777216) (default)
2022-05-04 03:12:26,864 [b9a08944-19c1-40d4-9246-1b7a50d62b45@group-ADC0A6F0E068-LeaderElection6] INFO  server.RaftServerConfigKeys (ConfUtils.java:logGet(44)) - raft.server.log.appender.buffer.byte-limit = 33554432 (custom)
2022-05-04 03:12:26,865 [b9a08944-19c1-40d4-9246-1b7a50d62b45@group-ADC0A6F0E068-LeaderElection6] INFO  server.RaftServerConfigKeys (ConfUtils.java:logGet(44)) - raft.server.log.appender.buffer.element-limit = 1 (custom)
2022-05-04 03:12:26,868 [b9a08944-19c1-40d4-9246-1b7a50d62b45@group-ADC0A6F0E068-LeaderElection6] INFO  grpc.GrpcConfigKeys (ConfUtils.java:logGet(44)) - raft.grpc.server.leader.outstanding.appends.max = 128 (default)
2022-05-04 03:12:26,868 [b9a08944-19c1-40d4-9246-1b7a50d62b45@group-ADC0A6F0E068-LeaderElection6] INFO  server.RaftServerConfigKeys (ConfUtils.java:logGet(44)) - raft.server.rpc.request.timeout = 60s (custom)
2022-05-04 03:12:26,868 [b9a08944-19c1-40d4-9246-1b7a50d62b45@group-ADC0A6F0E068-LeaderElection6] INFO  server.RaftServerConfigKeys (ConfUtils.java:logGet(44)) - raft.server.log.appender.install.snapshot.enabled = false (custom)
2022-05-04 03:12:26,873 [b9a08944-19c1-40d4-9246-1b7a50d62b45@group-ADC0A6F0E068-LeaderElection6] INFO  server.RaftServerConfigKeys (ConfUtils.java:logGet(44)) - raft.server.log.appender.snapshot.chunk.size.max = 16MB (=16777216) (default)
2022-05-04 03:12:26,873 [b9a08944-19c1-40d4-9246-1b7a50d62b45@group-ADC0A6F0E068-LeaderElection6] INFO  server.RaftServerConfigKeys (ConfUtils.java:logGet(44)) - raft.server.log.appender.buffer.byte-limit = 33554432 (custom)
2022-05-04 03:12:26,873 [b9a08944-19c1-40d4-9246-1b7a50d62b45@group-ADC0A6F0E068-LeaderElection6] INFO  server.RaftServerConfigKeys (ConfUtils.java:logGet(44)) - raft.server.log.appender.buffer.element-limit = 1 (custom)
2022-05-04 03:12:26,874 [b9a08944-19c1-40d4-9246-1b7a50d62b45@group-ADC0A6F0E068-LeaderElection6] INFO  grpc.GrpcConfigKeys (ConfUtils.java:logGet(44)) - raft.grpc.server.leader.outstanding.appends.max = 128 (default)
2022-05-04 03:12:26,874 [b9a08944-19c1-40d4-9246-1b7a50d62b45@group-ADC0A6F0E068-LeaderElection6] INFO  server.RaftServerConfigKeys (ConfUtils.java:logGet(44)) - raft.server.rpc.request.timeout = 60s (custom)
2022-05-04 03:12:26,874 [b9a08944-19c1-40d4-9246-1b7a50d62b45@group-ADC0A6F0E068-LeaderElection6] INFO  server.RaftServerConfigKeys (ConfUtils.java:logGet(44)) - raft.server.log.appender.install.snapshot.enabled = false (custom)
2022-05-04 03:12:26,875 [b9a08944-19c1-40d4-9246-1b7a50d62b45@group-ADC0A6F0E068-LeaderElection6] INFO  impl.RoleInfo (RoleInfo.java:updateAndGet(130)) - b9a08944-19c1-40d4-9246-1b7a50d62b45: start b9a08944-19c1-40d4-9246-1b7a50d62b45@group-ADC0A6F0E068-LeaderStateImpl
2022-05-04 03:12:26,876 [b9a08944-19c1-40d4-9246-1b7a50d62b45@group-ADC0A6F0E068-LeaderElection6] INFO  segmented.SegmentedRaftLogWorker (SegmentedRaftLogWorker.java:startLogSegment(394)) - b9a08944-19c1-40d4-9246-1b7a50d62b45@group-ADC0A6F0E068-SegmentedRaftLogWorker: Starting segment from index:0
2022-05-04 03:12:26,882 [b9a08944-19c1-40d4-9246-1b7a50d62b45@group-ADC0A6F0E068-LeaderElection6] INFO  server.RaftServer$Division (ServerState.java:setRaftConf(387)) - b9a08944-19c1-40d4-9246-1b7a50d62b45@group-ADC0A6F0E068: set configuration 0: [b9a08944-19c1-40d4-9246-1b7a50d62b45|rpc:10.1.0.22:41135|dataStream:|priority:1, 4b39aedb-a905-4bcc-a0b6-39bcb2a8de85|rpc:10.1.0.22:36309|dataStream:|priority:0, e24c98b1-b028-4277-b303-73506c407d4f|rpc:10.1.0.22:45653|dataStream:|priority:0], old=null
2022-05-04 03:12:26,883 [b9a08944-19c1-40d4-9246-1b7a50d62b45@group-ADC0A6F0E068-SegmentedRaftLogWorker] INFO  segmented.SegmentedRaftLogWorker (SegmentedRaftLogWorker.java:execute(601)) - b9a08944-19c1-40d4-9246-1b7a50d62b45@group-ADC0A6F0E068-SegmentedRaftLogWorker: created new log segment /home/runner/work/ozone/ozone/hadoop-ozone/integration-test/target/test-dir/MiniOzoneClusterImpl-45092bb2-5ba0-493a-94ad-5fb4cf380ceb/datanode-0/data/ratis/e833fd87-6aea-4d3e-9271-adc0a6f0e068/current/log_inprogress_0
2022-05-04 03:12:26,905 [grpc-default-executor-1] INFO  ratis.XceiverServerRatis (XceiverServerRatis.java:handleLeaderChangedNotification(863)) - Leader change notification received for group: group-ADC0A6F0E068 with new leaderId: b9a08944-19c1-40d4-9246-1b7a50d62b45
2022-05-04 03:12:26,909 [grpc-default-executor-1] INFO  server.RaftServer$Division (ServerState.java:setLeader(285)) - e24c98b1-b028-4277-b303-73506c407d4f@group-ADC0A6F0E068: change Leader from null to b9a08944-19c1-40d4-9246-1b7a50d62b45 at term 1 for appendEntries, leader elected after 5133ms
2022-05-04 03:12:26,915 [grpc-default-executor-0] INFO  ratis.XceiverServerRatis (XceiverServerRatis.java:handleLeaderChangedNotification(863)) - Leader change notification received for group: group-ADC0A6F0E068 with new leaderId: b9a08944-19c1-40d4-9246-1b7a50d62b45
2022-05-04 03:12:26,915 [grpc-default-executor-0] INFO  server.RaftServer$Division (ServerState.java:setLeader(285)) - 4b39aedb-a905-4bcc-a0b6-39bcb2a8de85@group-ADC0A6F0E068: change Leader from null to b9a08944-19c1-40d4-9246-1b7a50d62b45 at term 1 for appendEntries, leader elected after 5038ms
2022-05-04 03:12:26,941 [grpc-default-executor-0] INFO  server.RaftServer$Division (ServerState.java:setRaftConf(387)) - 4b39aedb-a905-4bcc-a0b6-39bcb2a8de85@group-ADC0A6F0E068: set configuration 0: [b9a08944-19c1-40d4-9246-1b7a50d62b45|rpc:10.1.0.22:41135|dataStream:|priority:1, 4b39aedb-a905-4bcc-a0b6-39bcb2a8de85|rpc:10.1.0.22:36309|dataStream:|priority:0, e24c98b1-b028-4277-b303-73506c407d4f|rpc:10.1.0.22:45653|dataStream:|priority:0], old=null
2022-05-04 03:12:26,942 [grpc-default-executor-0] INFO  segmented.SegmentedRaftLogWorker (SegmentedRaftLogWorker.java:startLogSegment(394)) - 4b39aedb-a905-4bcc-a0b6-39bcb2a8de85@group-ADC0A6F0E068-SegmentedRaftLogWorker: Starting segment from index:0
2022-05-04 03:12:26,942 [grpc-default-executor-1] INFO  server.RaftServer$Division (ServerState.java:setRaftConf(387)) - e24c98b1-b028-4277-b303-73506c407d4f@group-ADC0A6F0E068: set configuration 0: [b9a08944-19c1-40d4-9246-1b7a50d62b45|rpc:10.1.0.22:41135|dataStream:|priority:1, 4b39aedb-a905-4bcc-a0b6-39bcb2a8de85|rpc:10.1.0.22:36309|dataStream:|priority:0, e24c98b1-b028-4277-b303-73506c407d4f|rpc:10.1.0.22:45653|dataStream:|priority:0], old=null
2022-05-04 03:12:26,943 [grpc-default-executor-1] INFO  segmented.SegmentedRaftLogWorker (SegmentedRaftLogWorker.java:startLogSegment(394)) - e24c98b1-b028-4277-b303-73506c407d4f@group-ADC0A6F0E068-SegmentedRaftLogWorker: Starting segment from index:0
2022-05-04 03:12:26,945 [e24c98b1-b028-4277-b303-73506c407d4f@group-ADC0A6F0E068-SegmentedRaftLogWorker] INFO  segmented.SegmentedRaftLogWorker (SegmentedRaftLogWorker.java:execute(601)) - e24c98b1-b028-4277-b303-73506c407d4f@group-ADC0A6F0E068-SegmentedRaftLogWorker: created new log segment /home/runner/work/ozone/ozone/hadoop-ozone/integration-test/target/test-dir/MiniOzoneClusterImpl-45092bb2-5ba0-493a-94ad-5fb4cf380ceb/datanode-1/data/ratis/e833fd87-6aea-4d3e-9271-adc0a6f0e068/current/log_inprogress_0
2022-05-04 03:12:26,946 [4b39aedb-a905-4bcc-a0b6-39bcb2a8de85@group-ADC0A6F0E068-SegmentedRaftLogWorker] INFO  segmented.SegmentedRaftLogWorker (SegmentedRaftLogWorker.java:execute(601)) - 4b39aedb-a905-4bcc-a0b6-39bcb2a8de85@group-ADC0A6F0E068-SegmentedRaftLogWorker: created new log segment /home/runner/work/ozone/ozone/hadoop-ozone/integration-test/target/test-dir/MiniOzoneClusterImpl-45092bb2-5ba0-493a-94ad-5fb4cf380ceb/datanode-2/data/ratis/e833fd87-6aea-4d3e-9271-adc0a6f0e068/current/log_inprogress_0
2022-05-04 03:12:27,150 [a19ab64f-4ee1-44f8-9d4b-aa6978bd5e11@group-11EFC789D6D1-FollowerState] INFO  impl.FollowerState (FollowerState.java:run(134)) - a19ab64f-4ee1-44f8-9d4b-aa6978bd5e11@group-11EFC789D6D1-FollowerState: change to CANDIDATE, lastRpcElapsedTime:5101837056ns, electionTimeout:5098ms
2022-05-04 03:12:27,151 [a19ab64f-4ee1-44f8-9d4b-aa6978bd5e11@group-11EFC789D6D1-FollowerState] INFO  impl.RoleInfo (RoleInfo.java:shutdownFollowerState(108)) - a19ab64f-4ee1-44f8-9d4b-aa6978bd5e11: shutdown a19ab64f-4ee1-44f8-9d4b-aa6978bd5e11@group-11EFC789D6D1-FollowerState
2022-05-04 03:12:27,151 [a19ab64f-4ee1-44f8-9d4b-aa6978bd5e11@group-11EFC789D6D1-FollowerState] INFO  server.RaftServer$Division (RaftServerImpl.java:setRole(290)) - a19ab64f-4ee1-44f8-9d4b-aa6978bd5e11@group-11EFC789D6D1: changes role from  FOLLOWER to CANDIDATE at term 0 for changeToCandidate
2022-05-04 03:12:27,151 [a19ab64f-4ee1-44f8-9d4b-aa6978bd5e11@group-11EFC789D6D1-FollowerState] INFO  server.RaftServerConfigKeys (ConfUtils.java:logGet(44)) - raft.server.leaderelection.pre-vote = false (custom)
2022-05-04 03:12:27,151 [a19ab64f-4ee1-44f8-9d4b-aa6978bd5e11@group-11EFC789D6D1-FollowerState] INFO  impl.RoleInfo (RoleInfo.java:updateAndGet(130)) - a19ab64f-4ee1-44f8-9d4b-aa6978bd5e11: start a19ab64f-4ee1-44f8-9d4b-aa6978bd5e11@group-11EFC789D6D1-LeaderElection7
2022-05-04 03:12:27,154 [a19ab64f-4ee1-44f8-9d4b-aa6978bd5e11@group-11EFC789D6D1-LeaderElection7] INFO  impl.LeaderElection (LeaderElection.java:askForVotes(306)) - a19ab64f-4ee1-44f8-9d4b-aa6978bd5e11@group-11EFC789D6D1-LeaderElection7 ELECTION round 0: submit vote requests at term 1 for -1: [a19ab64f-4ee1-44f8-9d4b-aa6978bd5e11|rpc:10.1.0.22:39339|priority:1], old=null
2022-05-04 03:12:27,154 [a19ab64f-4ee1-44f8-9d4b-aa6978bd5e11@group-11EFC789D6D1-LeaderElection7] INFO  impl.LeaderElection (LeaderElection.java:askForVotes(308)) - a19ab64f-4ee1-44f8-9d4b-aa6978bd5e11@group-11EFC789D6D1-LeaderElection7 ELECTION round 0: result PASSED (term=1)
2022-05-04 03:12:27,155 [a19ab64f-4ee1-44f8-9d4b-aa6978bd5e11@group-11EFC789D6D1-LeaderElection7] INFO  impl.RoleInfo (RoleInfo.java:shutdownLeaderElection(121)) - a19ab64f-4ee1-44f8-9d4b-aa6978bd5e11: shutdown a19ab64f-4ee1-44f8-9d4b-aa6978bd5e11@group-11EFC789D6D1-LeaderElection7
2022-05-04 03:12:27,155 [a19ab64f-4ee1-44f8-9d4b-aa6978bd5e11@group-11EFC789D6D1-LeaderElection7] INFO  server.RaftServer$Division (RaftServerImpl.java:setRole(290)) - a19ab64f-4ee1-44f8-9d4b-aa6978bd5e11@group-11EFC789D6D1: changes role from CANDIDATE to LEADER at term 1 for changeToLeader
2022-05-04 03:12:27,155 [a19ab64f-4ee1-44f8-9d4b-aa6978bd5e11@group-11EFC789D6D1-LeaderElection7] INFO  ratis.XceiverServerRatis (XceiverServerRatis.java:handleLeaderChangedNotification(863)) - Leader change notification received for group: group-11EFC789D6D1 with new leaderId: a19ab64f-4ee1-44f8-9d4b-aa6978bd5e11
2022-05-04 03:12:27,155 [a19ab64f-4ee1-44f8-9d4b-aa6978bd5e11@group-11EFC789D6D1-LeaderElection7] INFO  server.RaftServer$Division (ServerState.java:setLeader(285)) - a19ab64f-4ee1-44f8-9d4b-aa6978bd5e11@group-11EFC789D6D1: change Leader from null to a19ab64f-4ee1-44f8-9d4b-aa6978bd5e11 at term 1 for becomeLeader, leader elected after 5129ms
2022-05-04 03:12:27,155 [a19ab64f-4ee1-44f8-9d4b-aa6978bd5e11@group-11EFC789D6D1-LeaderElection7] INFO  server.RaftServerConfigKeys (ConfUtils.java:logGet(44)) - raft.server.staging.catchup.gap = 1000 (default)
2022-05-04 03:12:27,156 [a19ab64f-4ee1-44f8-9d4b-aa6978bd5e11@group-11EFC789D6D1-LeaderElection7] INFO  server.RaftServerConfigKeys (ConfUtils.java:logGet(44)) - raft.server.write.element-limit = 1024 (custom)
2022-05-04 03:12:27,157 [a19ab64f-4ee1-44f8-9d4b-aa6978bd5e11@group-11EFC789D6D1-LeaderElection7] INFO  server.RaftServerConfigKeys (ConfUtils.java:logGet(44)) - raft.server.write.byte-limit = 1024 M (=1073741824) (custom)
2022-05-04 03:12:27,157 [a19ab64f-4ee1-44f8-9d4b-aa6978bd5e11@group-11EFC789D6D1-LeaderElection7] INFO  server.RaftServerConfigKeys (ConfUtils.java:logGet(44)) - raft.server.watch.timeout = 180s (custom)
2022-05-04 03:12:27,157 [a19ab64f-4ee1-44f8-9d4b-aa6978bd5e11@group-11EFC789D6D1-LeaderElection7] INFO  server.RaftServerConfigKeys (ConfUtils.java:logGet(44)) - raft.server.watch.timeout.denomination = 1s (default)
2022-05-04 03:12:27,157 [a19ab64f-4ee1-44f8-9d4b-aa6978bd5e11@group-11EFC789D6D1-LeaderElection7] INFO  server.RaftServerConfigKeys (ConfUtils.java:logGet(44)) - raft.server.watch.element-limit = 65536 (default)
2022-05-04 03:12:27,157 [a19ab64f-4ee1-44f8-9d4b-aa6978bd5e11@group-11EFC789D6D1-LeaderElection7] INFO  server.RaftServerConfigKeys (ConfUtils.java:logGet(44)) - raft.server.write.element-limit = 1024 (custom)
2022-05-04 03:12:27,157 [a19ab64f-4ee1-44f8-9d4b-aa6978bd5e11@group-11EFC789D6D1-LeaderElection7] INFO  server.RaftServerConfigKeys (ConfUtils.java:logGet(44)) - raft.server.write.follower.gap.ratio.max = -1.0 (default)
2022-05-04 03:12:27,157 [a19ab64f-4ee1-44f8-9d4b-aa6978bd5e11@group-11EFC789D6D1-LeaderElection7] INFO  impl.RoleInfo (RoleInfo.java:updateAndGet(130)) - a19ab64f-4ee1-44f8-9d4b-aa6978bd5e11: start a19ab64f-4ee1-44f8-9d4b-aa6978bd5e11@group-11EFC789D6D1-LeaderStateImpl
2022-05-04 03:12:27,158 [a19ab64f-4ee1-44f8-9d4b-aa6978bd5e11@group-11EFC789D6D1-LeaderElection7] INFO  segmented.SegmentedRaftLogWorker (SegmentedRaftLogWorker.java:startLogSegment(394)) - a19ab64f-4ee1-44f8-9d4b-aa6978bd5e11@group-11EFC789D6D1-SegmentedRaftLogWorker: Starting segment from index:0
2022-05-04 03:12:27,160 [a19ab64f-4ee1-44f8-9d4b-aa6978bd5e11@group-11EFC789D6D1-SegmentedRaftLogWorker] INFO  segmented.SegmentedRaftLogWorker (SegmentedRaftLogWorker.java:execute(601)) - a19ab64f-4ee1-44f8-9d4b-aa6978bd5e11@group-11EFC789D6D1-SegmentedRaftLogWorker: created new log segment /home/runner/work/ozone/ozone/hadoop-ozone/integration-test/target/test-dir/MiniOzoneClusterImpl-45092bb2-5ba0-493a-94ad-5fb4cf380ceb/datanode-3/data/ratis/c7510705-f112-4b2b-b581-11efc789d6d1/current/log_inprogress_0
2022-05-04 03:12:27,162 [a19ab64f-4ee1-44f8-9d4b-aa6978bd5e11@group-11EFC789D6D1-LeaderElection7] INFO  server.RaftServer$Division (ServerState.java:setRaftConf(387)) - a19ab64f-4ee1-44f8-9d4b-aa6978bd5e11@group-11EFC789D6D1: set configuration 0: [a19ab64f-4ee1-44f8-9d4b-aa6978bd5e11|rpc:10.1.0.22:39339|dataStream:|priority:1], old=null
2022-05-04 03:12:27,339 [Listener at 127.0.0.1/39393] INFO  ozone.MiniOzoneClusterImpl (MiniOzoneClusterImpl.java:lambda$waitForClusterToBeReady$0(221)) - Nodes are ready. Got 5 of 5 DN Heartbeats.
2022-05-04 03:12:27,340 [Listener at 127.0.0.1/39393] INFO  ozone.MiniOzoneClusterImpl (MiniOzoneClusterImpl.java:lambda$waitForClusterToBeReady$0(224)) - Cluster exits safe mode
2022-05-04 03:12:27,340 [Listener at 127.0.0.1/39393] INFO  ozone.MiniOzoneClusterImpl (MiniOzoneClusterImpl.java:lambda$waitForClusterToBeReady$0(226)) - SCM became leader
2022-05-04 03:12:27,475 [1817b7b7-4a19-400c-8305-9266227179fd@group-4AC00480D0B7-FollowerState] INFO  impl.FollowerState (FollowerState.java:run(134)) - 1817b7b7-4a19-400c-8305-9266227179fd@group-4AC00480D0B7-FollowerState: change to CANDIDATE, lastRpcElapsedTime:5101752848ns, electionTimeout:5099ms
2022-05-04 03:12:27,475 [1817b7b7-4a19-400c-8305-9266227179fd@group-4AC00480D0B7-FollowerState] INFO  impl.RoleInfo (RoleInfo.java:shutdownFollowerState(108)) - 1817b7b7-4a19-400c-8305-9266227179fd: shutdown 1817b7b7-4a19-400c-8305-9266227179fd@group-4AC00480D0B7-FollowerState
2022-05-04 03:12:27,475 [1817b7b7-4a19-400c-8305-9266227179fd@group-4AC00480D0B7-FollowerState] INFO  server.RaftServer$Division (RaftServerImpl.java:setRole(290)) - 1817b7b7-4a19-400c-8305-9266227179fd@group-4AC00480D0B7: changes role from  FOLLOWER to CANDIDATE at term 0 for changeToCandidate
2022-05-04 03:12:27,475 [1817b7b7-4a19-400c-8305-9266227179fd@group-4AC00480D0B7-FollowerState] INFO  server.RaftServerConfigKeys (ConfUtils.java:logGet(44)) - raft.server.leaderelection.pre-vote = false (custom)
2022-05-04 03:12:27,475 [1817b7b7-4a19-400c-8305-9266227179fd@group-4AC00480D0B7-FollowerState] INFO  impl.RoleInfo (RoleInfo.java:updateAndGet(130)) - 1817b7b7-4a19-400c-8305-9266227179fd: start 1817b7b7-4a19-400c-8305-9266227179fd@group-4AC00480D0B7-LeaderElection8
2022-05-04 03:12:27,482 [1817b7b7-4a19-400c-8305-9266227179fd@group-4AC00480D0B7-LeaderElection8] INFO  impl.LeaderElection (LeaderElection.java:askForVotes(306)) - 1817b7b7-4a19-400c-8305-9266227179fd@group-4AC00480D0B7-LeaderElection8 ELECTION round 0: submit vote requests at term 1 for -1: [1817b7b7-4a19-400c-8305-9266227179fd|rpc:10.1.0.22:45037|priority:1], old=null
2022-05-04 03:12:27,482 [1817b7b7-4a19-400c-8305-9266227179fd@group-4AC00480D0B7-LeaderElection8] INFO  impl.LeaderElection (LeaderElection.java:askForVotes(308)) - 1817b7b7-4a19-400c-8305-9266227179fd@group-4AC00480D0B7-LeaderElection8 ELECTION round 0: result PASSED (term=1)
2022-05-04 03:12:27,482 [1817b7b7-4a19-400c-8305-9266227179fd@group-4AC00480D0B7-LeaderElection8] INFO  impl.RoleInfo (RoleInfo.java:shutdownLeaderElection(121)) - 1817b7b7-4a19-400c-8305-9266227179fd: shutdown 1817b7b7-4a19-400c-8305-9266227179fd@group-4AC00480D0B7-LeaderElection8
2022-05-04 03:12:27,483 [1817b7b7-4a19-400c-8305-9266227179fd@group-4AC00480D0B7-LeaderElection8] INFO  server.RaftServer$Division (RaftServerImpl.java:setRole(290)) - 1817b7b7-4a19-400c-8305-9266227179fd@group-4AC00480D0B7: changes role from CANDIDATE to LEADER at term 1 for changeToLeader
2022-05-04 03:12:27,483 [1817b7b7-4a19-400c-8305-9266227179fd@group-4AC00480D0B7-LeaderElection8] INFO  ratis.XceiverServerRatis (XceiverServerRatis.java:handleLeaderChangedNotification(863)) - Leader change notification received for group: group-4AC00480D0B7 with new leaderId: 1817b7b7-4a19-400c-8305-9266227179fd
2022-05-04 03:12:27,489 [1817b7b7-4a19-400c-8305-9266227179fd@group-4AC00480D0B7-LeaderElection8] INFO  server.RaftServer$Division (ServerState.java:setLeader(285)) - 1817b7b7-4a19-400c-8305-9266227179fd@group-4AC00480D0B7: change Leader from null to 1817b7b7-4a19-400c-8305-9266227179fd at term 1 for becomeLeader, leader elected after 5130ms
2022-05-04 03:12:27,489 [1817b7b7-4a19-400c-8305-9266227179fd@group-4AC00480D0B7-LeaderElection8] INFO  server.RaftServerConfigKeys (ConfUtils.java:logGet(44)) - raft.server.staging.catchup.gap = 1000 (default)
2022-05-04 03:12:27,489 [1817b7b7-4a19-400c-8305-9266227179fd@group-4AC00480D0B7-LeaderElection8] INFO  server.RaftServerConfigKeys (ConfUtils.java:logGet(44)) - raft.server.write.element-limit = 1024 (custom)
2022-05-04 03:12:27,490 [1817b7b7-4a19-400c-8305-9266227179fd@group-4AC00480D0B7-LeaderElection8] INFO  server.RaftServerConfigKeys (ConfUtils.java:logGet(44)) - raft.server.write.byte-limit = 1024 M (=1073741824) (custom)
2022-05-04 03:12:27,490 [1817b7b7-4a19-400c-8305-9266227179fd@group-4AC00480D0B7-LeaderElection8] INFO  server.RaftServerConfigKeys (ConfUtils.java:logGet(44)) - raft.server.watch.timeout = 180s (custom)
2022-05-04 03:12:27,490 [1817b7b7-4a19-400c-8305-9266227179fd@group-4AC00480D0B7-LeaderElection8] INFO  server.RaftServerConfigKeys (ConfUtils.java:logGet(44)) - raft.server.watch.timeout.denomination = 1s (default)
2022-05-04 03:12:27,490 [1817b7b7-4a19-400c-8305-9266227179fd@group-4AC00480D0B7-LeaderElection8] INFO  server.RaftServerConfigKeys (ConfUtils.java:logGet(44)) - raft.server.watch.element-limit = 65536 (default)
2022-05-04 03:12:27,490 [1817b7b7-4a19-400c-8305-9266227179fd@group-4AC00480D0B7-LeaderElection8] INFO  server.RaftServerConfigKeys (ConfUtils.java:logGet(44)) - raft.server.write.element-limit = 1024 (custom)
2022-05-04 03:12:27,490 [1817b7b7-4a19-400c-8305-9266227179fd@group-4AC00480D0B7-LeaderElection8] INFO  server.RaftServerConfigKeys (ConfUtils.java:logGet(44)) - raft.server.write.follower.gap.ratio.max = -1.0 (default)
2022-05-04 03:12:27,490 [1817b7b7-4a19-400c-8305-9266227179fd@group-4AC00480D0B7-LeaderElection8] INFO  impl.RoleInfo (RoleInfo.java:updateAndGet(130)) - 1817b7b7-4a19-400c-8305-9266227179fd: start 1817b7b7-4a19-400c-8305-9266227179fd@group-4AC00480D0B7-LeaderStateImpl
2022-05-04 03:12:27,491 [1817b7b7-4a19-400c-8305-9266227179fd@group-4AC00480D0B7-LeaderElection8] INFO  segmented.SegmentedRaftLogWorker (SegmentedRaftLogWorker.java:startLogSegment(394)) - 1817b7b7-4a19-400c-8305-9266227179fd@group-4AC00480D0B7-SegmentedRaftLogWorker: Starting segment from index:0
2022-05-04 03:12:27,500 [1817b7b7-4a19-400c-8305-9266227179fd@group-4AC00480D0B7-SegmentedRaftLogWorker] INFO  segmented.SegmentedRaftLogWorker (SegmentedRaftLogWorker.java:execute(601)) - 1817b7b7-4a19-400c-8305-9266227179fd@group-4AC00480D0B7-SegmentedRaftLogWorker: created new log segment /home/runner/work/ozone/ozone/hadoop-ozone/integration-test/target/test-dir/MiniOzoneClusterImpl-45092bb2-5ba0-493a-94ad-5fb4cf380ceb/datanode-4/data/ratis/6b4600cc-4361-49bd-8fd8-4ac00480d0b7/current/log_inprogress_0
2022-05-04 03:12:27,504 [1817b7b7-4a19-400c-8305-9266227179fd@group-4AC00480D0B7-LeaderElection8] INFO  server.RaftServer$Division (ServerState.java:setRaftConf(387)) - 1817b7b7-4a19-400c-8305-9266227179fd@group-4AC00480D0B7: set configuration 0: [1817b7b7-4a19-400c-8305-9266227179fd|rpc:10.1.0.22:45037|dataStream:|priority:1], old=null
2022-05-04 03:12:27,957 [Time-limited test] INFO  rpc.RpcClient (RpcClient.java:createVolume(448)) - Creating Volume: volume05786, with user72711 as owner and space quota set to -1 bytes, counts quota set to -1
2022-05-04 03:12:28,025 [OM StateMachine ApplyTransaction Thread - 0] INFO  volume.OMVolumeCreateRequest (OMVolumeCreateRequest.java:validateAndUpdateCache(195)) - created volume:volume05786 for user:user72711
2022-05-04 03:12:28,052 [Time-limited test] INFO  rpc.RpcClient (RpcClient.java:createBucket(637)) - Creating Bucket: volume05786/bucket20157, with runner as owner and Versioning false and Storage Type set to DISK and Encryption set to false 
2022-05-04 03:12:28,075 [OM StateMachine ApplyTransaction Thread - 0] INFO  bucket.OMBucketCreateRequest (OMBucketCreateRequest.java:validateAndUpdateCache(258)) - created bucket: bucket20157 of layout LEGACY in volume: volume05786
2022-05-04 03:12:28,216 [IPC Server handler 0 on default port 35637] INFO  ha.SequenceIdGenerator (SequenceIdGenerator.java:getNextId(127)) - Allocate a batch for containerId, change lastId from 0 to 1000.
2022-05-04 03:12:28,229 [IPC Server handler 0 on default port 35637] WARN  ha.SequenceIdGenerator (SequenceIdGenerator.java:allocateBatch(235)) - Failed to allocate a batch for localId, expected lastId is 0, actual lastId is 109611004723200000.
2022-05-04 03:12:28,229 [IPC Server handler 0 on default port 35637] INFO  ha.SequenceIdGenerator (SequenceIdGenerator.java:getNextId(127)) - Allocate a batch for localId, change lastId from 109611004723200000 to 109611004723201000.
03:12:28.322 [IPC Server handler 14 on default port 39393] ERROR OMAudit - user=runner | ip=127.0.0.1 | op=GET_FILE_STATUS {volume=volume05786, bucket=bucket20157, key=dir849/file1, dataSize=0, replicationConfig=null} | ret=FAILURE
org.apache.hadoop.ozone.om.exceptions.OMException: Unable to get file status: volume: volume05786 bucket: bucket20157 key: dir849/file1
	at org.apache.hadoop.ozone.om.KeyManagerImpl.getOzoneFileStatus(KeyManagerImpl.java:1280) ~[ozone-manager-1.3.0-SNAPSHOT.jar:?]
	at org.apache.hadoop.ozone.om.KeyManagerImpl.getFileStatus(KeyManagerImpl.java:1210) ~[ozone-manager-1.3.0-SNAPSHOT.jar:?]
	at org.apache.hadoop.ozone.om.OzoneManager.getFileStatus(OzoneManager.java:3067) ~[ozone-manager-1.3.0-SNAPSHOT.jar:?]
	at org.apache.hadoop.ozone.protocolPB.OzoneManagerRequestHandler.getOzoneFileStatus(OzoneManagerRequestHandler.java:670) ~[ozone-manager-1.3.0-SNAPSHOT.jar:?]
	at org.apache.hadoop.ozone.protocolPB.OzoneManagerRequestHandler.handleReadRequest(OzoneManagerRequestHandler.java:201) ~[ozone-manager-1.3.0-SNAPSHOT.jar:?]
	at org.apache.hadoop.ozone.protocolPB.OzoneManagerProtocolServerSideTranslatorPB.submitReadRequestToOM(OzoneManagerProtocolServerSideTranslatorPB.java:213) ~[ozone-manager-1.3.0-SNAPSHOT.jar:?]
	at org.apache.hadoop.ozone.protocolPB.OzoneManagerProtocolServerSideTranslatorPB.processRequest(OzoneManagerProtocolServerSideTranslatorPB.java:174) ~[ozone-manager-1.3.0-SNAPSHOT.jar:?]
	at org.apache.hadoop.hdds.server.OzoneProtocolMessageDispatcher.processRequest(OzoneProtocolMessageDispatcher.java:87) [hdds-server-framework-1.3.0-SNAPSHOT.jar:?]
	at org.apache.hadoop.ozone.protocolPB.OzoneManagerProtocolServerSideTranslatorPB.submitRequest(OzoneManagerProtocolServerSideTranslatorPB.java:146) [ozone-manager-1.3.0-SNAPSHOT.jar:?]
	at org.apache.hadoop.ozone.protocol.proto.OzoneManagerProtocolProtos$OzoneManagerService$2.callBlockingMethod(OzoneManagerProtocolProtos.java) [ozone-interface-client-1.3.0-SNAPSHOT.jar:?]
	at org.apache.hadoop.ipc.ProtobufRpcEngine$Server.processCall(ProtobufRpcEngine.java:466) [hadoop-common-3.3.1.jar:?]
	at org.apache.hadoop.ipc.ProtobufRpcEngine2$Server$ProtoBufRpcInvoker.call(ProtobufRpcEngine2.java:574) [hadoop-common-3.3.1.jar:?]
	at org.apache.hadoop.ipc.ProtobufRpcEngine2$Server$ProtoBufRpcInvoker.call(ProtobufRpcEngine2.java:552) [hadoop-common-3.3.1.jar:?]
	at org.apache.hadoop.ipc.RPC$Server.call(RPC.java:1093) [hadoop-common-3.3.1.jar:?]
	at org.apache.hadoop.ipc.Server$RpcCall.run(Server.java:1035) [hadoop-common-3.3.1.jar:?]
	at org.apache.hadoop.ipc.Server$RpcCall.run(Server.java:963) [hadoop-common-3.3.1.jar:?]
	at java.security.AccessController.doPrivileged(Native Method) ~[?:1.8.0_322]
	at javax.security.auth.Subject.doAs(Subject.java:422) [?:1.8.0_322]
	at org.apache.hadoop.security.UserGroupInformation.doAs(UserGroupInformation.java:1878) [hadoop-common-3.3.1.jar:?]
	at org.apache.hadoop.ipc.Server$Handler.run(Server.java:2966) [hadoop-common-3.3.1.jar:?]
]]></system-out>
  </testcase>
  <testcase name="testRenameFile" classname="TestRootedOzoneFileSystem" time="0.329">
    <system-out><![CDATA[2022-05-04 03:12:52,873 [Listener at 127.0.0.1/39393] INFO  ozone.MiniOzoneClusterImpl (MiniOzoneClusterImpl.java:shutdown(456)) - Shutting down the Mini Ozone Cluster
2022-05-04 03:12:52,873 [Listener at 127.0.0.1/39393] INFO  ozone.MiniOzoneClusterImpl (MiniOzoneClusterImpl.java:stop(471)) - Stopping the Mini Ozone Cluster
2022-05-04 03:12:52,873 [Listener at 127.0.0.1/39393] INFO  ozone.MiniOzoneClusterImpl (MiniOzoneClusterImpl.java:stopOM(553)) - Stopping the OzoneManager
2022-05-04 03:12:52,873 [Listener at 127.0.0.1/39393] INFO  om.OzoneManager (OzoneManager.java:stop(1950)) - om1[localhost:0]: Stopping Ozone Manager
2022-05-04 03:12:52,874 [Listener at 127.0.0.1/39393] INFO  ipc.Server (Server.java:stop(3414)) - Stopping server on 39393
2022-05-04 03:12:52,881 [IPC Server listener on 0] INFO  ipc.Server (Server.java:run(1376)) - Stopping IPC Server listener on 0
2022-05-04 03:12:52,882 [IPC Server Responder] INFO  ipc.Server (Server.java:run(1512)) - Stopping IPC Server Responder
2022-05-04 03:12:52,883 [Listener at 127.0.0.1/39393] INFO  server.RaftServer (RaftServerProxy.java:lambda$close$6(391)) - om1: close
2022-05-04 03:12:52,884 [Listener at 127.0.0.1/39393] INFO  server.RaftServer$Division (RaftServerImpl.java:lambda$close$4(412)) - om1@group-C5BA1605619E: shutdown
2022-05-04 03:12:52,884 [Listener at 127.0.0.1/39393] INFO  util.JmxRegister (JmxRegister.java:unregister(73)) - Successfully un-registered JMX Bean with object name Ratis:service=RaftServer,group=group-C5BA1605619E,id=om1
2022-05-04 03:12:52,885 [Listener at 127.0.0.1/39393] INFO  impl.RoleInfo (RoleInfo.java:shutdownLeaderState(91)) - om1: shutdown om1@group-C5BA1605619E-LeaderStateImpl
2022-05-04 03:12:52,885 [Listener at 127.0.0.1/39393] INFO  impl.PendingRequests (PendingRequests.java:sendNotLeaderResponses(282)) - om1@group-C5BA1605619E-PendingRequests: sendNotLeaderResponses
2022-05-04 03:12:52,888 [Listener at 127.0.0.1/39393] INFO  impl.StateMachineUpdater (StateMachineUpdater.java:stopAndJoin(149)) - om1@group-C5BA1605619E-StateMachineUpdater: set stopIndex = 6816
2022-05-04 03:12:52,888 [om1@group-C5BA1605619E-StateMachineUpdater] INFO  ratis.OzoneManagerStateMachine (OzoneManagerStateMachine.java:takeSnapshot(436)) - Current Snapshot Index (t:1, i:6816)
2022-05-04 03:12:52,890 [om1@group-C5BA1605619E-StateMachineUpdater] INFO  impl.StateMachineUpdater (StateMachineUpdater.java:takeSnapshot(281)) - om1@group-C5BA1605619E-StateMachineUpdater: Took a snapshot at index 6816
2022-05-04 03:12:52,890 [om1@group-C5BA1605619E-StateMachineUpdater] INFO  impl.StateMachineUpdater (StateMachineUpdater.java:lambda$new$0(89)) - om1@group-C5BA1605619E-StateMachineUpdater: snapshotIndex: updateIncreasingly -1 -> 6816
2022-05-04 03:12:52,890 [om1@group-C5BA1605619E-StateMachineUpdater] INFO  ratis.OzoneManagerStateMachine (OzoneManagerStateMachine.java:close(490)) - StateMachine has shutdown. Shutdown OzoneManager if not already shutdown.
2022-05-04 03:12:52,890 [om1@group-C5BA1605619E-StateMachineUpdater] INFO  ratis.OzoneManagerDoubleBuffer (OzoneManagerDoubleBuffer.java:stop(465)) - Stopping OMDoubleBuffer flush thread
2022-05-04 03:12:52,892 [OMDoubleBufferFlushThread] INFO  ratis.OzoneManagerDoubleBuffer (OzoneManagerDoubleBuffer.java:flushTransactions(385)) - OMDoubleBuffer flush thread OMDoubleBufferFlushThread is interrupted and will exit.
2022-05-04 03:12:52,893 [Listener at 127.0.0.1/39393] INFO  server.RaftServer$Division (ServerState.java:close(419)) - om1@group-C5BA1605619E: closes. applyIndex: 6816
2022-05-04 03:12:52,899 [om1@group-C5BA1605619E-SegmentedRaftLogWorker] INFO  segmented.SegmentedRaftLogWorker (SegmentedRaftLogWorker.java:run(327)) - om1@group-C5BA1605619E-SegmentedRaftLogWorker was interrupted, exiting. There are 0 tasks remaining in the queue.
2022-05-04 03:12:52,901 [Listener at 127.0.0.1/39393] INFO  segmented.SegmentedRaftLogWorker (SegmentedRaftLogWorker.java:close(237)) - om1@group-C5BA1605619E-SegmentedRaftLogWorker close()
2022-05-04 03:12:52,902 [Listener at 127.0.0.1/39393] INFO  server.GrpcService (GrpcService.java:closeImpl(262)) - om1: shutdown server with port 9872 now
2022-05-04 03:12:52,904 [Listener at 127.0.0.1/39393] INFO  server.GrpcService (GrpcService.java:closeImpl(271)) - om1: shutdown server with port 9872 successfully
2022-05-04 03:12:52,904 [org.apache.ratis.util.JvmPauseMonitor$$Lambda$565/1325392746@328b60fb] INFO  util.JvmPauseMonitor (JvmPauseMonitor.java:run(109)) - JvmPauseMonitor-om1: Stopped
2022-05-04 03:12:52,905 [Listener at 127.0.0.1/39393] INFO  ratis.OzoneManagerStateMachine (OzoneManagerStateMachine.java:close(490)) - StateMachine has shutdown. Shutdown OzoneManager if not already shutdown.
2022-05-04 03:12:52,905 [Listener at 127.0.0.1/39393] INFO  ratis.OzoneManagerDoubleBuffer (OzoneManagerDoubleBuffer.java:stop(477)) - OMDoubleBuffer flush thread is not running.
2022-05-04 03:12:52,905 [Listener at 127.0.0.1/39393] INFO  utils.BackgroundService (BackgroundService.java:shutdown(132)) - Shutting down service KeyDeletingService
2022-05-04 03:12:52,905 [Listener at 127.0.0.1/39393] INFO  utils.BackgroundService (BackgroundService.java:shutdown(132)) - Shutting down service DirectoryDeletingService
2022-05-04 03:12:52,909 [Listener at 127.0.0.1/39393] INFO  handler.ContextHandler (ContextHandler.java:doStop(1153)) - Stopped o.e.j.w.WebAppContext@49f35dcc{ozoneManager,/,null,STOPPED}{file:/home/runner/work/ozone/ozone/hadoop-ozone/integration-test/target/test-classes/webapps/ozoneManager}
2022-05-04 03:12:52,913 [Listener at 127.0.0.1/39393] INFO  server.AbstractConnector (AbstractConnector.java:doStop(381)) - Stopped ServerConnector@47b530e0{HTTP/1.1, (http/1.1)}{0.0.0.0:0}
2022-05-04 03:12:52,913 [Listener at 127.0.0.1/39393] INFO  server.session (HouseKeeper.java:stopScavenging(149)) - node0 Stopped scavenging
2022-05-04 03:12:52,914 [Listener at 127.0.0.1/39393] INFO  handler.ContextHandler (ContextHandler.java:doStop(1153)) - Stopped o.e.j.s.ServletContextHandler@1772cc68{static,/static,file:///home/runner/work/ozone/ozone/hadoop-ozone/integration-test/target/test-classes/webapps/static,STOPPED}
2022-05-04 03:12:52,914 [Listener at 127.0.0.1/39393] INFO  handler.ContextHandler (ContextHandler.java:doStop(1153)) - Stopped o.e.j.s.ServletContextHandler@55204c19{logs,/logs,file:///home/runner/work/ozone/ozone/hadoop-ozone/integration-test/target/log,STOPPED}
2022-05-04 03:12:52,916 [Trash Emptier] ERROR om.TrashPolicyOzone (TrashPolicyOzone.java:run(251)) - Error attempting to shutdown
java.lang.InterruptedException
	at java.util.concurrent.locks.AbstractQueuedSynchronizer$ConditionObject.awaitNanos(AbstractQueuedSynchronizer.java:2067)
	at java.util.concurrent.ThreadPoolExecutor.awaitTermination(ThreadPoolExecutor.java:1475)
	at org.apache.hadoop.ozone.om.TrashPolicyOzone$Emptier.run(TrashPolicyOzone.java:249)
	at java.lang.Thread.run(Thread.java:750)
2022-05-04 03:12:52,916 [Trash Emptier] ERROR util.ExitUtils (ExitUtils.java:terminate(133)) - Terminating with exit status -1: Thread[Trash Emptier,5,main] has thrown an uncaught exception
java.lang.UnsupportedOperationException: fs.getUri() not implemented in TrashOzoneFileSystem
	at org.apache.hadoop.ozone.om.TrashOzoneFileSystem.getUri(TrashOzoneFileSystem.java:124)
	at org.apache.hadoop.fs.FileSystem.close(FileSystem.java:2592)
	at org.apache.hadoop.ozone.om.TrashPolicyOzone$Emptier.run(TrashPolicyOzone.java:243)
	at java.lang.Thread.run(Thread.java:750)
2022-05-04 03:12:52,919 [Listener at 127.0.0.1/39393] INFO  ozone.MiniOzoneClusterImpl (MiniOzoneClusterImpl.java:stopDatanodes(530)) - Stopping the HddsDatanodes
2022-05-04 03:12:57,923 [ForkJoinPool.commonPool-worker-0] INFO  ozoneimpl.OzoneContainer (OzoneContainer.java:stop(356)) - Attempting to stop container services.
2022-05-04 03:12:57,923 [Listener at 127.0.0.1/39393] INFO  ozoneimpl.OzoneContainer (OzoneContainer.java:stop(356)) - Attempting to stop container services.
2022-05-04 03:12:57,924 [Listener at 127.0.0.1/39393] INFO  server.RaftServer (RaftServerProxy.java:lambda$close$6(391)) - 4b39aedb-a905-4bcc-a0b6-39bcb2a8de85: close
2022-05-04 03:12:57,924 [Listener at 127.0.0.1/39393] INFO  server.RaftServer$Division (RaftServerImpl.java:lambda$close$4(412)) - 4b39aedb-a905-4bcc-a0b6-39bcb2a8de85@group-979A43C0C4B9: shutdown
2022-05-04 03:12:57,924 [ForkJoinPool.commonPool-worker-0] INFO  server.RaftServer (RaftServerProxy.java:lambda$close$6(391)) - e24c98b1-b028-4277-b303-73506c407d4f: close
2022-05-04 03:12:57,924 [Listener at 127.0.0.1/39393] INFO  util.JmxRegister (JmxRegister.java:unregister(73)) - Successfully un-registered JMX Bean with object name Ratis:service=RaftServer,group=group-979A43C0C4B9,id=4b39aedb-a905-4bcc-a0b6-39bcb2a8de85
2022-05-04 03:12:57,925 [ForkJoinPool.commonPool-worker-0] INFO  server.RaftServer$Division (RaftServerImpl.java:lambda$close$4(412)) - e24c98b1-b028-4277-b303-73506c407d4f@group-E586D43B1FED: shutdown
2022-05-04 03:12:57,925 [Listener at 127.0.0.1/39393] INFO  impl.RoleInfo (RoleInfo.java:shutdownLeaderState(91)) - 4b39aedb-a905-4bcc-a0b6-39bcb2a8de85: shutdown 4b39aedb-a905-4bcc-a0b6-39bcb2a8de85@group-979A43C0C4B9-LeaderStateImpl
2022-05-04 03:12:57,925 [ForkJoinPool.commonPool-worker-0] INFO  util.JmxRegister (JmxRegister.java:unregister(73)) - Successfully un-registered JMX Bean with object name Ratis:service=RaftServer,group=group-E586D43B1FED,id=e24c98b1-b028-4277-b303-73506c407d4f
2022-05-04 03:12:57,925 [Listener at 127.0.0.1/39393] INFO  impl.PendingRequests (PendingRequests.java:sendNotLeaderResponses(282)) - 4b39aedb-a905-4bcc-a0b6-39bcb2a8de85@group-979A43C0C4B9-PendingRequests: sendNotLeaderResponses
2022-05-04 03:12:57,925 [ForkJoinPool.commonPool-worker-0] INFO  impl.RoleInfo (RoleInfo.java:shutdownLeaderState(91)) - e24c98b1-b028-4277-b303-73506c407d4f: shutdown e24c98b1-b028-4277-b303-73506c407d4f@group-E586D43B1FED-LeaderStateImpl
2022-05-04 03:12:57,926 [Listener at 127.0.0.1/39393] INFO  impl.StateMachineUpdater (StateMachineUpdater.java:stopAndJoin(149)) - 4b39aedb-a905-4bcc-a0b6-39bcb2a8de85@group-979A43C0C4B9-StateMachineUpdater: set stopIndex = 0
2022-05-04 03:12:57,926 [ForkJoinPool.commonPool-worker-0] INFO  impl.PendingRequests (PendingRequests.java:sendNotLeaderResponses(282)) - e24c98b1-b028-4277-b303-73506c407d4f@group-E586D43B1FED-PendingRequests: sendNotLeaderResponses
2022-05-04 03:12:57,927 [ForkJoinPool.commonPool-worker-0] INFO  impl.StateMachineUpdater (StateMachineUpdater.java:stopAndJoin(149)) - e24c98b1-b028-4277-b303-73506c407d4f@group-E586D43B1FED-StateMachineUpdater: set stopIndex = 0
2022-05-04 03:12:57,928 [e24c98b1-b028-4277-b303-73506c407d4f@group-E586D43B1FED-StateMachineUpdater] INFO  ratis.ContainerStateMachine (ContainerStateMachine.java:takeSnapshot(304)) - group-E586D43B1FED: Taking a snapshot at:(t:1, i:0) file /home/runner/work/ozone/ozone/hadoop-ozone/integration-test/target/test-dir/MiniOzoneClusterImpl-45092bb2-5ba0-493a-94ad-5fb4cf380ceb/datanode-1/data/ratis/3898bec0-40a0-4b91-bf0e-e586d43b1fed/sm/snapshot.1_0
2022-05-04 03:12:57,928 [4b39aedb-a905-4bcc-a0b6-39bcb2a8de85@group-979A43C0C4B9-StateMachineUpdater] INFO  ratis.ContainerStateMachine (ContainerStateMachine.java:takeSnapshot(304)) - group-979A43C0C4B9: Taking a snapshot at:(t:1, i:0) file /home/runner/work/ozone/ozone/hadoop-ozone/integration-test/target/test-dir/MiniOzoneClusterImpl-45092bb2-5ba0-493a-94ad-5fb4cf380ceb/datanode-2/data/ratis/8668817c-166a-4559-baa5-979a43c0c4b9/sm/snapshot.1_0
2022-05-04 03:12:57,961 [4b39aedb-a905-4bcc-a0b6-39bcb2a8de85@group-979A43C0C4B9-StateMachineUpdater] INFO  ratis.ContainerStateMachine (ContainerStateMachine.java:takeSnapshot(315)) - group-979A43C0C4B9: Finished taking a snapshot at:(t:1, i:0) file:/home/runner/work/ozone/ozone/hadoop-ozone/integration-test/target/test-dir/MiniOzoneClusterImpl-45092bb2-5ba0-493a-94ad-5fb4cf380ceb/datanode-2/data/ratis/8668817c-166a-4559-baa5-979a43c0c4b9/sm/snapshot.1_0 took: 35 ms
2022-05-04 03:12:57,963 [4b39aedb-a905-4bcc-a0b6-39bcb2a8de85@group-979A43C0C4B9-StateMachineUpdater] INFO  impl.StateMachineUpdater (StateMachineUpdater.java:takeSnapshot(281)) - 4b39aedb-a905-4bcc-a0b6-39bcb2a8de85@group-979A43C0C4B9-StateMachineUpdater: Took a snapshot at index 0
2022-05-04 03:12:57,963 [4b39aedb-a905-4bcc-a0b6-39bcb2a8de85@group-979A43C0C4B9-StateMachineUpdater] INFO  impl.StateMachineUpdater (StateMachineUpdater.java:lambda$new$0(89)) - 4b39aedb-a905-4bcc-a0b6-39bcb2a8de85@group-979A43C0C4B9-StateMachineUpdater: snapshotIndex: updateIncreasingly -1 -> 0
2022-05-04 03:12:57,964 [e24c98b1-b028-4277-b303-73506c407d4f@group-E586D43B1FED-StateMachineUpdater] INFO  ratis.ContainerStateMachine (ContainerStateMachine.java:takeSnapshot(315)) - group-E586D43B1FED: Finished taking a snapshot at:(t:1, i:0) file:/home/runner/work/ozone/ozone/hadoop-ozone/integration-test/target/test-dir/MiniOzoneClusterImpl-45092bb2-5ba0-493a-94ad-5fb4cf380ceb/datanode-1/data/ratis/3898bec0-40a0-4b91-bf0e-e586d43b1fed/sm/snapshot.1_0 took: 37 ms
2022-05-04 03:12:57,967 [e24c98b1-b028-4277-b303-73506c407d4f@group-E586D43B1FED-StateMachineUpdater] INFO  impl.StateMachineUpdater (StateMachineUpdater.java:takeSnapshot(281)) - e24c98b1-b028-4277-b303-73506c407d4f@group-E586D43B1FED-StateMachineUpdater: Took a snapshot at index 0
2022-05-04 03:12:57,967 [e24c98b1-b028-4277-b303-73506c407d4f@group-E586D43B1FED-StateMachineUpdater] INFO  impl.StateMachineUpdater (StateMachineUpdater.java:lambda$new$0(89)) - e24c98b1-b028-4277-b303-73506c407d4f@group-E586D43B1FED-StateMachineUpdater: snapshotIndex: updateIncreasingly -1 -> 0
2022-05-04 03:12:57,970 [ForkJoinPool.commonPool-worker-0] INFO  server.RaftServer$Division (ServerState.java:close(419)) - e24c98b1-b028-4277-b303-73506c407d4f@group-E586D43B1FED: closes. applyIndex: 0
2022-05-04 03:12:57,970 [Listener at 127.0.0.1/39393] INFO  server.RaftServer$Division (ServerState.java:close(419)) - 4b39aedb-a905-4bcc-a0b6-39bcb2a8de85@group-979A43C0C4B9: closes. applyIndex: 0
2022-05-04 03:12:57,970 [e24c98b1-b028-4277-b303-73506c407d4f@group-E586D43B1FED-SegmentedRaftLogWorker] INFO  segmented.SegmentedRaftLogWorker (SegmentedRaftLogWorker.java:run(327)) - e24c98b1-b028-4277-b303-73506c407d4f@group-E586D43B1FED-SegmentedRaftLogWorker was interrupted, exiting. There are 0 tasks remaining in the queue.
2022-05-04 03:12:57,971 [4b39aedb-a905-4bcc-a0b6-39bcb2a8de85@group-979A43C0C4B9-SegmentedRaftLogWorker] INFO  segmented.SegmentedRaftLogWorker (SegmentedRaftLogWorker.java:run(327)) - 4b39aedb-a905-4bcc-a0b6-39bcb2a8de85@group-979A43C0C4B9-SegmentedRaftLogWorker was interrupted, exiting. There are 0 tasks remaining in the queue.
2022-05-04 03:12:57,971 [ForkJoinPool.commonPool-worker-0] INFO  segmented.SegmentedRaftLogWorker (SegmentedRaftLogWorker.java:close(237)) - e24c98b1-b028-4277-b303-73506c407d4f@group-E586D43B1FED-SegmentedRaftLogWorker close()
2022-05-04 03:12:57,971 [Listener at 127.0.0.1/39393] INFO  segmented.SegmentedRaftLogWorker (SegmentedRaftLogWorker.java:close(237)) - 4b39aedb-a905-4bcc-a0b6-39bcb2a8de85@group-979A43C0C4B9-SegmentedRaftLogWorker close()
2022-05-04 03:12:57,972 [Listener at 127.0.0.1/39393] INFO  server.RaftServer$Division (RaftServerImpl.java:lambda$close$4(412)) - 4b39aedb-a905-4bcc-a0b6-39bcb2a8de85@group-ADC0A6F0E068: shutdown
2022-05-04 03:12:57,973 [Listener at 127.0.0.1/39393] INFO  util.JmxRegister (JmxRegister.java:unregister(73)) - Successfully un-registered JMX Bean with object name Ratis:service=RaftServer,group=group-ADC0A6F0E068,id=4b39aedb-a905-4bcc-a0b6-39bcb2a8de85
2022-05-04 03:12:57,973 [Listener at 127.0.0.1/39393] INFO  impl.RoleInfo (RoleInfo.java:shutdownFollowerState(108)) - 4b39aedb-a905-4bcc-a0b6-39bcb2a8de85: shutdown 4b39aedb-a905-4bcc-a0b6-39bcb2a8de85@group-ADC0A6F0E068-FollowerState
2022-05-04 03:12:57,973 [Listener at 127.0.0.1/39393] INFO  impl.StateMachineUpdater (StateMachineUpdater.java:stopAndJoin(149)) - 4b39aedb-a905-4bcc-a0b6-39bcb2a8de85@group-ADC0A6F0E068-StateMachineUpdater: set stopIndex = 31
2022-05-04 03:12:57,973 [4b39aedb-a905-4bcc-a0b6-39bcb2a8de85@group-ADC0A6F0E068-FollowerState] INFO  impl.FollowerState (FollowerState.java:run(143)) - 4b39aedb-a905-4bcc-a0b6-39bcb2a8de85@group-ADC0A6F0E068-FollowerState was interrupted: {}
java.lang.InterruptedException: sleep interrupted
	at java.lang.Thread.sleep(Native Method)
	at java.lang.Thread.sleep(Thread.java:342)
	at java.util.concurrent.TimeUnit.sleep(TimeUnit.java:386)
	at org.apache.ratis.util.TimeDuration.sleep(TimeDuration.java:324)
	at org.apache.ratis.util.TimeDuration.sleep(TimeDuration.java:309)
	at org.apache.ratis.server.impl.FollowerState.run(FollowerState.java:118)
2022-05-04 03:12:57,974 [4b39aedb-a905-4bcc-a0b6-39bcb2a8de85@group-ADC0A6F0E068-StateMachineUpdater] INFO  ratis.ContainerStateMachine (ContainerStateMachine.java:takeSnapshot(304)) - group-ADC0A6F0E068: Taking a snapshot at:(t:1, i:31) file /home/runner/work/ozone/ozone/hadoop-ozone/integration-test/target/test-dir/MiniOzoneClusterImpl-45092bb2-5ba0-493a-94ad-5fb4cf380ceb/datanode-2/data/ratis/e833fd87-6aea-4d3e-9271-adc0a6f0e068/sm/snapshot.1_31
2022-05-04 03:12:57,978 [ForkJoinPool.commonPool-worker-0] INFO  server.RaftServer$Division (RaftServerImpl.java:lambda$close$4(412)) - e24c98b1-b028-4277-b303-73506c407d4f@group-ADC0A6F0E068: shutdown
2022-05-04 03:12:57,978 [ForkJoinPool.commonPool-worker-0] INFO  util.JmxRegister (JmxRegister.java:unregister(73)) - Successfully un-registered JMX Bean with object name Ratis:service=RaftServer,group=group-ADC0A6F0E068,id=e24c98b1-b028-4277-b303-73506c407d4f
2022-05-04 03:12:57,978 [ForkJoinPool.commonPool-worker-0] INFO  impl.RoleInfo (RoleInfo.java:shutdownFollowerState(108)) - e24c98b1-b028-4277-b303-73506c407d4f: shutdown e24c98b1-b028-4277-b303-73506c407d4f@group-ADC0A6F0E068-FollowerState
2022-05-04 03:12:57,979 [ForkJoinPool.commonPool-worker-0] INFO  impl.StateMachineUpdater (StateMachineUpdater.java:stopAndJoin(149)) - e24c98b1-b028-4277-b303-73506c407d4f@group-ADC0A6F0E068-StateMachineUpdater: set stopIndex = 31
2022-05-04 03:12:57,979 [e24c98b1-b028-4277-b303-73506c407d4f@group-ADC0A6F0E068-FollowerState] INFO  impl.FollowerState (FollowerState.java:run(143)) - e24c98b1-b028-4277-b303-73506c407d4f@group-ADC0A6F0E068-FollowerState was interrupted: {}
java.lang.InterruptedException: sleep interrupted
	at java.lang.Thread.sleep(Native Method)
	at java.lang.Thread.sleep(Thread.java:342)
	at java.util.concurrent.TimeUnit.sleep(TimeUnit.java:386)
	at org.apache.ratis.util.TimeDuration.sleep(TimeDuration.java:324)
	at org.apache.ratis.util.TimeDuration.sleep(TimeDuration.java:309)
	at org.apache.ratis.server.impl.FollowerState.run(FollowerState.java:118)
2022-05-04 03:12:57,979 [e24c98b1-b028-4277-b303-73506c407d4f@group-ADC0A6F0E068-StateMachineUpdater] INFO  ratis.ContainerStateMachine (ContainerStateMachine.java:takeSnapshot(304)) - group-ADC0A6F0E068: Taking a snapshot at:(t:1, i:31) file /home/runner/work/ozone/ozone/hadoop-ozone/integration-test/target/test-dir/MiniOzoneClusterImpl-45092bb2-5ba0-493a-94ad-5fb4cf380ceb/datanode-1/data/ratis/e833fd87-6aea-4d3e-9271-adc0a6f0e068/sm/snapshot.1_31
2022-05-04 03:12:57,980 [4b39aedb-a905-4bcc-a0b6-39bcb2a8de85@group-ADC0A6F0E068-StateMachineUpdater] INFO  ratis.ContainerStateMachine (ContainerStateMachine.java:takeSnapshot(315)) - group-ADC0A6F0E068: Finished taking a snapshot at:(t:1, i:31) file:/home/runner/work/ozone/ozone/hadoop-ozone/integration-test/target/test-dir/MiniOzoneClusterImpl-45092bb2-5ba0-493a-94ad-5fb4cf380ceb/datanode-2/data/ratis/e833fd87-6aea-4d3e-9271-adc0a6f0e068/sm/snapshot.1_31 took: 7 ms
2022-05-04 03:12:57,981 [4b39aedb-a905-4bcc-a0b6-39bcb2a8de85@group-ADC0A6F0E068-StateMachineUpdater] INFO  impl.StateMachineUpdater (StateMachineUpdater.java:takeSnapshot(281)) - 4b39aedb-a905-4bcc-a0b6-39bcb2a8de85@group-ADC0A6F0E068-StateMachineUpdater: Took a snapshot at index 31
2022-05-04 03:12:57,981 [4b39aedb-a905-4bcc-a0b6-39bcb2a8de85@group-ADC0A6F0E068-StateMachineUpdater] INFO  impl.StateMachineUpdater (StateMachineUpdater.java:lambda$new$0(89)) - 4b39aedb-a905-4bcc-a0b6-39bcb2a8de85@group-ADC0A6F0E068-StateMachineUpdater: snapshotIndex: updateIncreasingly -1 -> 31
2022-05-04 03:12:57,981 [e24c98b1-b028-4277-b303-73506c407d4f@group-ADC0A6F0E068-StateMachineUpdater] INFO  ratis.ContainerStateMachine (ContainerStateMachine.java:takeSnapshot(315)) - group-ADC0A6F0E068: Finished taking a snapshot at:(t:1, i:31) file:/home/runner/work/ozone/ozone/hadoop-ozone/integration-test/target/test-dir/MiniOzoneClusterImpl-45092bb2-5ba0-493a-94ad-5fb4cf380ceb/datanode-1/data/ratis/e833fd87-6aea-4d3e-9271-adc0a6f0e068/sm/snapshot.1_31 took: 1 ms
2022-05-04 03:12:57,981 [e24c98b1-b028-4277-b303-73506c407d4f@group-ADC0A6F0E068-StateMachineUpdater] INFO  impl.StateMachineUpdater (StateMachineUpdater.java:takeSnapshot(281)) - e24c98b1-b028-4277-b303-73506c407d4f@group-ADC0A6F0E068-StateMachineUpdater: Took a snapshot at index 31
2022-05-04 03:12:57,981 [e24c98b1-b028-4277-b303-73506c407d4f@group-ADC0A6F0E068-StateMachineUpdater] INFO  impl.StateMachineUpdater (StateMachineUpdater.java:lambda$new$0(89)) - e24c98b1-b028-4277-b303-73506c407d4f@group-ADC0A6F0E068-StateMachineUpdater: snapshotIndex: updateIncreasingly -1 -> 31
2022-05-04 03:12:57,982 [ForkJoinPool.commonPool-worker-0] INFO  server.RaftServer$Division (ServerState.java:close(419)) - e24c98b1-b028-4277-b303-73506c407d4f@group-ADC0A6F0E068: closes. applyIndex: 31
2022-05-04 03:12:57,983 [e24c98b1-b028-4277-b303-73506c407d4f@group-ADC0A6F0E068-SegmentedRaftLogWorker] INFO  segmented.SegmentedRaftLogWorker (SegmentedRaftLogWorker.java:run(327)) - e24c98b1-b028-4277-b303-73506c407d4f@group-ADC0A6F0E068-SegmentedRaftLogWorker was interrupted, exiting. There are 0 tasks remaining in the queue.
2022-05-04 03:12:57,983 [ForkJoinPool.commonPool-worker-0] INFO  segmented.SegmentedRaftLogWorker (SegmentedRaftLogWorker.java:close(237)) - e24c98b1-b028-4277-b303-73506c407d4f@group-ADC0A6F0E068-SegmentedRaftLogWorker close()
2022-05-04 03:12:57,984 [ForkJoinPool.commonPool-worker-0] INFO  server.RaftServer$Division (RaftServerImpl.java:lambda$close$4(412)) - e24c98b1-b028-4277-b303-73506c407d4f@group-8C5B1516469D: shutdown
2022-05-04 03:12:57,984 [ForkJoinPool.commonPool-worker-0] INFO  util.JmxRegister (JmxRegister.java:unregister(73)) - Successfully un-registered JMX Bean with object name Ratis:service=RaftServer,group=group-8C5B1516469D,id=e24c98b1-b028-4277-b303-73506c407d4f
2022-05-04 03:12:57,984 [ForkJoinPool.commonPool-worker-0] INFO  impl.RoleInfo (RoleInfo.java:shutdownFollowerState(108)) - e24c98b1-b028-4277-b303-73506c407d4f: shutdown e24c98b1-b028-4277-b303-73506c407d4f@group-8C5B1516469D-FollowerState
2022-05-04 03:12:57,984 [e24c98b1-b028-4277-b303-73506c407d4f@group-8C5B1516469D-FollowerState] INFO  impl.FollowerState (FollowerState.java:run(143)) - e24c98b1-b028-4277-b303-73506c407d4f@group-8C5B1516469D-FollowerState was interrupted: {}
java.lang.InterruptedException: sleep interrupted
	at java.lang.Thread.sleep(Native Method)
	at java.lang.Thread.sleep(Thread.java:342)
	at java.util.concurrent.TimeUnit.sleep(TimeUnit.java:386)
	at org.apache.ratis.util.TimeDuration.sleep(TimeDuration.java:324)
	at org.apache.ratis.util.TimeDuration.sleep(TimeDuration.java:309)
	at org.apache.ratis.server.impl.FollowerState.run(FollowerState.java:118)
2022-05-04 03:12:57,985 [e24c98b1-b028-4277-b303-73506c407d4f@group-8C5B1516469D-StateMachineUpdater] INFO  ratis.ContainerStateMachine (ContainerStateMachine.java:takeSnapshot(304)) - group-8C5B1516469D: Taking a snapshot at:(t:4, i:0) file /home/runner/work/ozone/ozone/hadoop-ozone/integration-test/target/test-dir/MiniOzoneClusterImpl-45092bb2-5ba0-493a-94ad-5fb4cf380ceb/datanode-1/data/ratis/5f0d7f06-26c8-476e-b646-8c5b1516469d/sm/snapshot.4_0
2022-05-04 03:12:57,985 [ForkJoinPool.commonPool-worker-0] INFO  impl.StateMachineUpdater (StateMachineUpdater.java:stopAndJoin(149)) - e24c98b1-b028-4277-b303-73506c407d4f@group-8C5B1516469D-StateMachineUpdater: set stopIndex = 0
2022-05-04 03:12:57,986 [e24c98b1-b028-4277-b303-73506c407d4f@group-8C5B1516469D-StateMachineUpdater] INFO  ratis.ContainerStateMachine (ContainerStateMachine.java:takeSnapshot(315)) - group-8C5B1516469D: Finished taking a snapshot at:(t:4, i:0) file:/home/runner/work/ozone/ozone/hadoop-ozone/integration-test/target/test-dir/MiniOzoneClusterImpl-45092bb2-5ba0-493a-94ad-5fb4cf380ceb/datanode-1/data/ratis/5f0d7f06-26c8-476e-b646-8c5b1516469d/sm/snapshot.4_0 took: 1 ms
2022-05-04 03:12:57,986 [e24c98b1-b028-4277-b303-73506c407d4f@group-8C5B1516469D-StateMachineUpdater] INFO  impl.StateMachineUpdater (StateMachineUpdater.java:takeSnapshot(281)) - e24c98b1-b028-4277-b303-73506c407d4f@group-8C5B1516469D-StateMachineUpdater: Took a snapshot at index 0
2022-05-04 03:12:57,986 [e24c98b1-b028-4277-b303-73506c407d4f@group-8C5B1516469D-StateMachineUpdater] INFO  impl.StateMachineUpdater (StateMachineUpdater.java:lambda$new$0(89)) - e24c98b1-b028-4277-b303-73506c407d4f@group-8C5B1516469D-StateMachineUpdater: snapshotIndex: updateIncreasingly -1 -> 0
2022-05-04 03:12:57,987 [ForkJoinPool.commonPool-worker-0] INFO  server.RaftServer$Division (ServerState.java:close(419)) - e24c98b1-b028-4277-b303-73506c407d4f@group-8C5B1516469D: closes. applyIndex: 0
2022-05-04 03:12:57,987 [e24c98b1-b028-4277-b303-73506c407d4f@group-8C5B1516469D-SegmentedRaftLogWorker] INFO  segmented.SegmentedRaftLogWorker (SegmentedRaftLogWorker.java:run(327)) - e24c98b1-b028-4277-b303-73506c407d4f@group-8C5B1516469D-SegmentedRaftLogWorker was interrupted, exiting. There are 0 tasks remaining in the queue.
2022-05-04 03:12:57,993 [ForkJoinPool.commonPool-worker-0] INFO  segmented.SegmentedRaftLogWorker (SegmentedRaftLogWorker.java:close(237)) - e24c98b1-b028-4277-b303-73506c407d4f@group-8C5B1516469D-SegmentedRaftLogWorker close()
2022-05-04 03:12:57,993 [Listener at 127.0.0.1/39393] INFO  server.RaftServer$Division (ServerState.java:close(419)) - 4b39aedb-a905-4bcc-a0b6-39bcb2a8de85@group-ADC0A6F0E068: closes. applyIndex: 31
2022-05-04 03:12:57,994 [ForkJoinPool.commonPool-worker-0] INFO  server.GrpcService (GrpcService.java:closeImpl(262)) - e24c98b1-b028-4277-b303-73506c407d4f: shutdown server with port 45653 now
2022-05-04 03:12:57,995 [4b39aedb-a905-4bcc-a0b6-39bcb2a8de85@group-ADC0A6F0E068-SegmentedRaftLogWorker] INFO  segmented.SegmentedRaftLogWorker (SegmentedRaftLogWorker.java:run(327)) - 4b39aedb-a905-4bcc-a0b6-39bcb2a8de85@group-ADC0A6F0E068-SegmentedRaftLogWorker was interrupted, exiting. There are 0 tasks remaining in the queue.
2022-05-04 03:12:58,001 [grpc-default-executor-1] WARN  server.GrpcServerProtocolService (LogUtils.java:warn(122)) - e24c98b1-b028-4277-b303-73506c407d4f: installSnapshot onError, lastRequest: 4b39aedb-a905-4bcc-a0b6-39bcb2a8de85->e24c98b1-b028-4277-b303-73506c407d4f#1-t4,previous=(t:0, i:0),leaderCommit=-1,initializing? true,entries: size=1, first=(t:4, i:0), CONFIGURATIONENTRY: org.apache.ratis.thirdparty.io.grpc.StatusRuntimeException: CANCELLED: client cancelled
2022-05-04 03:12:58,004 [Listener at 127.0.0.1/39393] INFO  segmented.SegmentedRaftLogWorker (SegmentedRaftLogWorker.java:close(237)) - 4b39aedb-a905-4bcc-a0b6-39bcb2a8de85@group-ADC0A6F0E068-SegmentedRaftLogWorker close()
2022-05-04 03:12:58,002 [grpc-default-executor-0] WARN  server.GrpcServerProtocolService (LogUtils.java:warn(122)) - e24c98b1-b028-4277-b303-73506c407d4f: installSnapshot onError, lastRequest: b9a08944-19c1-40d4-9246-1b7a50d62b45->e24c98b1-b028-4277-b303-73506c407d4f#549-t1,previous=(t:1, i:30),leaderCommit=29,initializing? true,entries: size=1, first=(t:1, i:31), METADATAENTRY(c:29): org.apache.ratis.thirdparty.io.grpc.StatusRuntimeException: CANCELLED: client cancelled
2022-05-04 03:12:58,007 [Listener at 127.0.0.1/39393] INFO  server.RaftServer$Division (RaftServerImpl.java:lambda$close$4(412)) - 4b39aedb-a905-4bcc-a0b6-39bcb2a8de85@group-8C5B1516469D: shutdown
2022-05-04 03:12:58,007 [Listener at 127.0.0.1/39393] INFO  util.JmxRegister (JmxRegister.java:unregister(73)) - Successfully un-registered JMX Bean with object name Ratis:service=RaftServer,group=group-8C5B1516469D,id=4b39aedb-a905-4bcc-a0b6-39bcb2a8de85
2022-05-04 03:12:58,007 [Listener at 127.0.0.1/39393] INFO  impl.RoleInfo (RoleInfo.java:shutdownLeaderState(91)) - 4b39aedb-a905-4bcc-a0b6-39bcb2a8de85: shutdown 4b39aedb-a905-4bcc-a0b6-39bcb2a8de85@group-8C5B1516469D-LeaderStateImpl
2022-05-04 03:12:58,007 [Listener at 127.0.0.1/39393] INFO  impl.PendingRequests (PendingRequests.java:sendNotLeaderResponses(282)) - 4b39aedb-a905-4bcc-a0b6-39bcb2a8de85@group-8C5B1516469D-PendingRequests: sendNotLeaderResponses
2022-05-04 03:12:58,007 [4b39aedb-a905-4bcc-a0b6-39bcb2a8de85@group-8C5B1516469D->e24c98b1-b028-4277-b303-73506c407d4f-GrpcLogAppender-LogAppenderDaemon] WARN  server.GrpcLogAppender (GrpcLogAppender.java:mayWait(177)) - 4b39aedb-a905-4bcc-a0b6-39bcb2a8de85@group-8C5B1516469D->e24c98b1-b028-4277-b303-73506c407d4f-GrpcLogAppender: Wait interrupted by java.lang.InterruptedException
2022-05-04 03:12:58,008 [Listener at 127.0.0.1/39393] INFO  impl.StateMachineUpdater (StateMachineUpdater.java:stopAndJoin(149)) - 4b39aedb-a905-4bcc-a0b6-39bcb2a8de85@group-8C5B1516469D-StateMachineUpdater: set stopIndex = 0
2022-05-04 03:12:58,008 [4b39aedb-a905-4bcc-a0b6-39bcb2a8de85@group-8C5B1516469D-StateMachineUpdater] INFO  ratis.ContainerStateMachine (ContainerStateMachine.java:takeSnapshot(304)) - group-8C5B1516469D: Taking a snapshot at:(t:4, i:0) file /home/runner/work/ozone/ozone/hadoop-ozone/integration-test/target/test-dir/MiniOzoneClusterImpl-45092bb2-5ba0-493a-94ad-5fb4cf380ceb/datanode-2/data/ratis/5f0d7f06-26c8-476e-b646-8c5b1516469d/sm/snapshot.4_0
2022-05-04 03:12:58,010 [4b39aedb-a905-4bcc-a0b6-39bcb2a8de85@group-8C5B1516469D-StateMachineUpdater] INFO  ratis.ContainerStateMachine (ContainerStateMachine.java:takeSnapshot(315)) - group-8C5B1516469D: Finished taking a snapshot at:(t:4, i:0) file:/home/runner/work/ozone/ozone/hadoop-ozone/integration-test/target/test-dir/MiniOzoneClusterImpl-45092bb2-5ba0-493a-94ad-5fb4cf380ceb/datanode-2/data/ratis/5f0d7f06-26c8-476e-b646-8c5b1516469d/sm/snapshot.4_0 took: 1 ms
2022-05-04 03:12:58,010 [4b39aedb-a905-4bcc-a0b6-39bcb2a8de85@group-8C5B1516469D-StateMachineUpdater] INFO  impl.StateMachineUpdater (StateMachineUpdater.java:takeSnapshot(281)) - 4b39aedb-a905-4bcc-a0b6-39bcb2a8de85@group-8C5B1516469D-StateMachineUpdater: Took a snapshot at index 0
2022-05-04 03:12:58,010 [4b39aedb-a905-4bcc-a0b6-39bcb2a8de85@group-8C5B1516469D-StateMachineUpdater] INFO  impl.StateMachineUpdater (StateMachineUpdater.java:lambda$new$0(89)) - 4b39aedb-a905-4bcc-a0b6-39bcb2a8de85@group-8C5B1516469D-StateMachineUpdater: snapshotIndex: updateIncreasingly -1 -> 0
2022-05-04 03:12:58,010 [Listener at 127.0.0.1/39393] INFO  server.RaftServer$Division (ServerState.java:close(419)) - 4b39aedb-a905-4bcc-a0b6-39bcb2a8de85@group-8C5B1516469D: closes. applyIndex: 0
2022-05-04 03:12:58,011 [4b39aedb-a905-4bcc-a0b6-39bcb2a8de85@group-8C5B1516469D-SegmentedRaftLogWorker] INFO  segmented.SegmentedRaftLogWorker (SegmentedRaftLogWorker.java:run(327)) - 4b39aedb-a905-4bcc-a0b6-39bcb2a8de85@group-8C5B1516469D-SegmentedRaftLogWorker was interrupted, exiting. There are 0 tasks remaining in the queue.
2022-05-04 03:12:58,010 [grpc-default-executor-0] INFO  server.GrpcLogAppender (GrpcLogAppender.java:onError(335)) - 4b39aedb-a905-4bcc-a0b6-39bcb2a8de85@group-8C5B1516469D->e24c98b1-b028-4277-b303-73506c407d4f-GrpcLogAppender is stopped
2022-05-04 03:12:58,008 [4b39aedb-a905-4bcc-a0b6-39bcb2a8de85@group-8C5B1516469D->b9a08944-19c1-40d4-9246-1b7a50d62b45-GrpcLogAppender-LogAppenderDaemon] WARN  server.GrpcLogAppender (GrpcLogAppender.java:mayWait(177)) - 4b39aedb-a905-4bcc-a0b6-39bcb2a8de85@group-8C5B1516469D->b9a08944-19c1-40d4-9246-1b7a50d62b45-GrpcLogAppender: Wait interrupted by java.lang.InterruptedException
2022-05-04 03:12:58,013 [Listener at 127.0.0.1/39393] INFO  segmented.SegmentedRaftLogWorker (SegmentedRaftLogWorker.java:close(237)) - 4b39aedb-a905-4bcc-a0b6-39bcb2a8de85@group-8C5B1516469D-SegmentedRaftLogWorker close()
2022-05-04 03:12:58,009 [grpc-default-executor-1] WARN  server.GrpcLogAppender (LogUtils.java:warn(122)) - b9a08944-19c1-40d4-9246-1b7a50d62b45@group-ADC0A6F0E068->e24c98b1-b028-4277-b303-73506c407d4f-AppendLogResponseHandler: Failed appendEntries: org.apache.ratis.thirdparty.io.grpc.StatusRuntimeException: CANCELLED: HTTP/2 error code: CANCEL
Received Rst Stream
2022-05-04 03:12:58,018 [Listener at 127.0.0.1/39393] INFO  server.GrpcService (GrpcService.java:closeImpl(262)) - 4b39aedb-a905-4bcc-a0b6-39bcb2a8de85: shutdown server with port 36309 now
2022-05-04 03:12:58,018 [grpc-default-executor-0] INFO  server.GrpcServerProtocolService (GrpcServerProtocolService.java:onCompleted(140)) - b9a08944-19c1-40d4-9246-1b7a50d62b45: Completed APPEND_ENTRIES, lastRequest: 4b39aedb-a905-4bcc-a0b6-39bcb2a8de85->b9a08944-19c1-40d4-9246-1b7a50d62b45#1-t4,previous=(t:0, i:0),leaderCommit=0,initializing? true,entries: size=1, first=(t:4, i:0), CONFIGURATIONENTRY
2022-05-04 03:12:58,022 [grpc-default-executor-1] INFO  leader.FollowerInfo (FollowerInfoImpl.java:lambda$new$0(47)) - b9a08944-19c1-40d4-9246-1b7a50d62b45@group-ADC0A6F0E068->e24c98b1-b028-4277-b303-73506c407d4f: nextIndex: updateUnconditionally 32 -> 31
2022-05-04 03:12:58,025 [grpc-default-executor-0] WARN  server.GrpcServerProtocolService (LogUtils.java:warn(122)) - 4b39aedb-a905-4bcc-a0b6-39bcb2a8de85: installSnapshot onError, lastRequest: b9a08944-19c1-40d4-9246-1b7a50d62b45->4b39aedb-a905-4bcc-a0b6-39bcb2a8de85#550-t1,previous=(t:1, i:30),leaderCommit=29,initializing? true,entries: size=1, first=(t:1, i:31), METADATAENTRY(c:29): org.apache.ratis.thirdparty.io.grpc.StatusRuntimeException: CANCELLED: client cancelled
2022-05-04 03:12:58,034 [ForkJoinPool.commonPool-worker-0] INFO  server.GrpcService (GrpcService.java:closeImpl(271)) - e24c98b1-b028-4277-b303-73506c407d4f: shutdown server with port 45653 successfully
2022-05-04 03:12:58,034 [grpc-default-executor-0] INFO  server.GrpcLogAppender (GrpcLogAppender.java:onCompleted(346)) - 4b39aedb-a905-4bcc-a0b6-39bcb2a8de85@group-8C5B1516469D->b9a08944-19c1-40d4-9246-1b7a50d62b45-AppendLogResponseHandler: follower responses appendEntries COMPLETED
2022-05-04 03:12:58,035 [grpc-default-executor-0] WARN  server.GrpcLogAppender (GrpcLogAppender.java:resetClient(116)) - 4b39aedb-a905-4bcc-a0b6-39bcb2a8de85@group-8C5B1516469D->b9a08944-19c1-40d4-9246-1b7a50d62b45-GrpcLogAppender: Failed to getClient for b9a08944-19c1-40d4-9246-1b7a50d62b45
org.apache.ratis.protocol.exceptions.AlreadyClosedException: 4b39aedb-a905-4bcc-a0b6-39bcb2a8de85 is already CLOSED
	at org.apache.ratis.util.PeerProxyMap$PeerAndProxy.getProxy(PeerProxyMap.java:60)
	at org.apache.ratis.util.PeerProxyMap.getProxy(PeerProxyMap.java:114)
	at org.apache.ratis.grpc.server.GrpcLogAppender.getClient(GrpcLogAppender.java:95)
	at org.apache.ratis.grpc.server.GrpcLogAppender.resetClient(GrpcLogAppender.java:100)
	at org.apache.ratis.grpc.server.GrpcLogAppender.access$500(GrpcLogAppender.java:53)
	at org.apache.ratis.grpc.server.GrpcLogAppender$AppendLogResponseHandler.onCompleted(GrpcLogAppender.java:347)
	at org.apache.ratis.thirdparty.io.grpc.stub.ClientCalls$StreamObserverToCallListenerAdapter.onClose(ClientCalls.java:476)
	at org.apache.ratis.thirdparty.io.grpc.internal.ClientCallImpl.closeObserver(ClientCallImpl.java:616)
	at org.apache.ratis.thirdparty.io.grpc.internal.ClientCallImpl.access$300(ClientCallImpl.java:69)
	at org.apache.ratis.thirdparty.io.grpc.internal.ClientCallImpl$ClientStreamListenerImpl$1StreamClosed.runInternal(ClientCallImpl.java:802)
	at org.apache.ratis.thirdparty.io.grpc.internal.ClientCallImpl$ClientStreamListenerImpl$1StreamClosed.runInContext(ClientCallImpl.java:781)
	at org.apache.ratis.thirdparty.io.grpc.internal.ContextRunnable.run(ContextRunnable.java:37)
	at org.apache.ratis.thirdparty.io.grpc.internal.SerializingExecutor.run(SerializingExecutor.java:123)
	at java.util.concurrent.ThreadPoolExecutor.runWorker(ThreadPoolExecutor.java:1149)
	at java.util.concurrent.ThreadPoolExecutor$Worker.run(ThreadPoolExecutor.java:624)
	at java.lang.Thread.run(Thread.java:750)
2022-05-04 03:12:58,037 [org.apache.ratis.util.JvmPauseMonitor$$Lambda$565/1325392746@634cec97] INFO  util.JvmPauseMonitor (JvmPauseMonitor.java:run(109)) - JvmPauseMonitor-e24c98b1-b028-4277-b303-73506c407d4f: Stopped
2022-05-04 03:12:58,038 [grpc-default-executor-2] WARN  server.GrpcLogAppender (LogUtils.java:warn(122)) - b9a08944-19c1-40d4-9246-1b7a50d62b45@group-ADC0A6F0E068->4b39aedb-a905-4bcc-a0b6-39bcb2a8de85-AppendLogResponseHandler: Failed appendEntries: org.apache.ratis.thirdparty.io.grpc.StatusRuntimeException: CANCELLED: HTTP/2 error code: CANCEL
Received Rst Stream
2022-05-04 03:12:58,038 [Listener at 127.0.0.1/39393] INFO  server.GrpcService (GrpcService.java:closeImpl(271)) - 4b39aedb-a905-4bcc-a0b6-39bcb2a8de85: shutdown server with port 36309 successfully
2022-05-04 03:12:58,039 [org.apache.ratis.util.JvmPauseMonitor$$Lambda$565/1325392746@4f83c69c] INFO  util.JvmPauseMonitor (JvmPauseMonitor.java:run(109)) - JvmPauseMonitor-4b39aedb-a905-4bcc-a0b6-39bcb2a8de85: Stopped
2022-05-04 03:12:58,041 [grpc-default-executor-0] WARN  server.GrpcLogAppender (LogUtils.java:warn(122)) - b9a08944-19c1-40d4-9246-1b7a50d62b45@group-ADC0A6F0E068->e24c98b1-b028-4277-b303-73506c407d4f-AppendLogResponseHandler: Failed appendEntries: org.apache.ratis.thirdparty.io.grpc.StatusRuntimeException: UNAVAILABLE: io exception
2022-05-04 03:12:58,038 [grpc-default-executor-2] INFO  leader.FollowerInfo (FollowerInfoImpl.java:lambda$new$0(47)) - b9a08944-19c1-40d4-9246-1b7a50d62b45@group-ADC0A6F0E068->4b39aedb-a905-4bcc-a0b6-39bcb2a8de85: nextIndex: updateUnconditionally 32 -> 31
2022-05-04 03:12:58,042 [grpc-default-executor-0] INFO  leader.FollowerInfo (FollowerInfoImpl.java:lambda$new$0(47)) - b9a08944-19c1-40d4-9246-1b7a50d62b45@group-ADC0A6F0E068->e24c98b1-b028-4277-b303-73506c407d4f: nextIndex: updateUnconditionally 32 -> 31
2022-05-04 03:12:58,049 [grpc-default-executor-2] WARN  server.GrpcLogAppender (LogUtils.java:warn(122)) - b9a08944-19c1-40d4-9246-1b7a50d62b45@group-ADC0A6F0E068->4b39aedb-a905-4bcc-a0b6-39bcb2a8de85-AppendLogResponseHandler: Failed appendEntries: org.apache.ratis.thirdparty.io.grpc.StatusRuntimeException: UNAVAILABLE: io exception
2022-05-04 03:12:58,050 [grpc-default-executor-2] INFO  leader.FollowerInfo (FollowerInfoImpl.java:lambda$new$0(47)) - b9a08944-19c1-40d4-9246-1b7a50d62b45@group-ADC0A6F0E068->4b39aedb-a905-4bcc-a0b6-39bcb2a8de85: nextIndex: updateUnconditionally 32 -> 31
2022-05-04 03:13:00,059 [Listener at 127.0.0.1/39393] INFO  utils.BackgroundService (BackgroundService.java:shutdown(132)) - Shutting down service BlockDeletingService
2022-05-04 03:13:00,062 [ForkJoinPool.commonPool-worker-0] INFO  utils.BackgroundService (BackgroundService.java:shutdown(132)) - Shutting down service BlockDeletingService
2022-05-04 03:13:00,528 [grpc-default-executor-2] WARN  server.GrpcLogAppender (LogUtils.java:warn(122)) - b9a08944-19c1-40d4-9246-1b7a50d62b45@group-ADC0A6F0E068->e24c98b1-b028-4277-b303-73506c407d4f-AppendLogResponseHandler: Failed appendEntries: org.apache.ratis.thirdparty.io.grpc.StatusRuntimeException: UNAVAILABLE: io exception
2022-05-04 03:13:00,529 [grpc-default-executor-2] INFO  leader.FollowerInfo (FollowerInfoImpl.java:lambda$new$0(47)) - b9a08944-19c1-40d4-9246-1b7a50d62b45@group-ADC0A6F0E068->e24c98b1-b028-4277-b303-73506c407d4f: nextIndex: updateUnconditionally 32 -> 31
2022-05-04 03:13:00,549 [grpc-default-executor-2] WARN  server.GrpcLogAppender (LogUtils.java:warn(122)) - b9a08944-19c1-40d4-9246-1b7a50d62b45@group-ADC0A6F0E068->4b39aedb-a905-4bcc-a0b6-39bcb2a8de85-AppendLogResponseHandler: Failed appendEntries: org.apache.ratis.thirdparty.io.grpc.StatusRuntimeException: UNAVAILABLE: io exception
2022-05-04 03:13:00,550 [grpc-default-executor-2] INFO  leader.FollowerInfo (FollowerInfoImpl.java:lambda$new$0(47)) - b9a08944-19c1-40d4-9246-1b7a50d62b45@group-ADC0A6F0E068->4b39aedb-a905-4bcc-a0b6-39bcb2a8de85: nextIndex: updateUnconditionally 32 -> 31
2022-05-04 03:13:01,766 [b9a08944-19c1-40d4-9246-1b7a50d62b45@group-8C5B1516469D-FollowerState] INFO  impl.FollowerState (FollowerState.java:run(134)) - b9a08944-19c1-40d4-9246-1b7a50d62b45@group-8C5B1516469D-FollowerState: change to CANDIDATE, lastRpcElapsedTime:5340979887ns, electionTimeout:5018ms
2022-05-04 03:13:01,766 [b9a08944-19c1-40d4-9246-1b7a50d62b45@group-8C5B1516469D-FollowerState] INFO  impl.RoleInfo (RoleInfo.java:shutdownFollowerState(108)) - b9a08944-19c1-40d4-9246-1b7a50d62b45: shutdown b9a08944-19c1-40d4-9246-1b7a50d62b45@group-8C5B1516469D-FollowerState
2022-05-04 03:13:01,766 [b9a08944-19c1-40d4-9246-1b7a50d62b45@group-8C5B1516469D-FollowerState] INFO  server.RaftServer$Division (RaftServerImpl.java:setRole(290)) - b9a08944-19c1-40d4-9246-1b7a50d62b45@group-8C5B1516469D: changes role from  FOLLOWER to CANDIDATE at term 4 for changeToCandidate
2022-05-04 03:13:01,766 [b9a08944-19c1-40d4-9246-1b7a50d62b45@group-8C5B1516469D-FollowerState] INFO  server.RaftServerConfigKeys (ConfUtils.java:logGet(44)) - raft.server.leaderelection.pre-vote = false (custom)
2022-05-04 03:13:01,767 [b9a08944-19c1-40d4-9246-1b7a50d62b45@group-8C5B1516469D-FollowerState] INFO  impl.RoleInfo (RoleInfo.java:updateAndGet(130)) - b9a08944-19c1-40d4-9246-1b7a50d62b45: start b9a08944-19c1-40d4-9246-1b7a50d62b45@group-8C5B1516469D-LeaderElection13
2022-05-04 03:13:01,772 [b9a08944-19c1-40d4-9246-1b7a50d62b45@group-8C5B1516469D-LeaderElection13] INFO  server.RaftServer$Division (ServerState.java:setLeader(285)) - b9a08944-19c1-40d4-9246-1b7a50d62b45@group-8C5B1516469D: change Leader from 4b39aedb-a905-4bcc-a0b6-39bcb2a8de85 to null at term 4 for ELECTION
2022-05-04 03:13:01,774 [b9a08944-19c1-40d4-9246-1b7a50d62b45@group-8C5B1516469D-LeaderElection13] INFO  impl.LeaderElection (LeaderElection.java:askForVotes(306)) - b9a08944-19c1-40d4-9246-1b7a50d62b45@group-8C5B1516469D-LeaderElection13 ELECTION round 0: submit vote requests at term 5 for 0: [b9a08944-19c1-40d4-9246-1b7a50d62b45|rpc:10.1.0.22:41135|dataStream:|priority:0, 4b39aedb-a905-4bcc-a0b6-39bcb2a8de85|rpc:10.1.0.22:36309|dataStream:|priority:1, e24c98b1-b028-4277-b303-73506c407d4f|rpc:10.1.0.22:45653|dataStream:|priority:0], old=null
2022-05-04 03:13:01,784 [b9a08944-19c1-40d4-9246-1b7a50d62b45@group-8C5B1516469D-LeaderElection13] INFO  impl.LeaderElection (LogUtils.java:infoOrTrace(137)) - b9a08944-19c1-40d4-9246-1b7a50d62b45@group-8C5B1516469D-LeaderElection13 got exception when requesting votes: java.util.concurrent.ExecutionException: org.apache.ratis.thirdparty.io.grpc.StatusRuntimeException: UNAVAILABLE: io exception
2022-05-04 03:13:01,787 [b9a08944-19c1-40d4-9246-1b7a50d62b45@group-8C5B1516469D-LeaderElection13] INFO  impl.LeaderElection (LogUtils.java:infoOrTrace(137)) - b9a08944-19c1-40d4-9246-1b7a50d62b45@group-8C5B1516469D-LeaderElection13 got exception when requesting votes: java.util.concurrent.ExecutionException: org.apache.ratis.thirdparty.io.grpc.StatusRuntimeException: UNAVAILABLE: io exception
2022-05-04 03:13:01,787 [b9a08944-19c1-40d4-9246-1b7a50d62b45@group-8C5B1516469D-LeaderElection13] INFO  impl.LeaderElection (LeaderElection.java:logAndReturn(89)) - b9a08944-19c1-40d4-9246-1b7a50d62b45@group-8C5B1516469D-LeaderElection13: ELECTION REJECTED received 0 response(s) and 2 exception(s):
2022-05-04 03:13:01,787 [b9a08944-19c1-40d4-9246-1b7a50d62b45@group-8C5B1516469D-LeaderElection13] INFO  impl.LeaderElection (LogUtils.java:infoOrTrace(137)) -   Exception 0: java.util.concurrent.ExecutionException: org.apache.ratis.thirdparty.io.grpc.StatusRuntimeException: UNAVAILABLE: io exception
2022-05-04 03:13:01,787 [b9a08944-19c1-40d4-9246-1b7a50d62b45@group-8C5B1516469D-LeaderElection13] INFO  impl.LeaderElection (LogUtils.java:infoOrTrace(137)) -   Exception 1: java.util.concurrent.ExecutionException: org.apache.ratis.thirdparty.io.grpc.StatusRuntimeException: UNAVAILABLE: io exception
2022-05-04 03:13:01,787 [b9a08944-19c1-40d4-9246-1b7a50d62b45@group-8C5B1516469D-LeaderElection13] INFO  impl.LeaderElection (LeaderElection.java:askForVotes(308)) - b9a08944-19c1-40d4-9246-1b7a50d62b45@group-8C5B1516469D-LeaderElection13 ELECTION round 0: result REJECTED
2022-05-04 03:13:01,788 [b9a08944-19c1-40d4-9246-1b7a50d62b45@group-8C5B1516469D-LeaderElection13] INFO  server.RaftServer$Division (RaftServerImpl.java:setRole(290)) - b9a08944-19c1-40d4-9246-1b7a50d62b45@group-8C5B1516469D: changes role from CANDIDATE to FOLLOWER at term 5 for REJECTED
2022-05-04 03:13:01,788 [b9a08944-19c1-40d4-9246-1b7a50d62b45@group-8C5B1516469D-LeaderElection13] INFO  impl.RoleInfo (RoleInfo.java:shutdownLeaderElection(121)) - b9a08944-19c1-40d4-9246-1b7a50d62b45: shutdown b9a08944-19c1-40d4-9246-1b7a50d62b45@group-8C5B1516469D-LeaderElection13
2022-05-04 03:13:01,788 [b9a08944-19c1-40d4-9246-1b7a50d62b45@group-8C5B1516469D-LeaderElection13] INFO  impl.RoleInfo (RoleInfo.java:updateAndGet(130)) - b9a08944-19c1-40d4-9246-1b7a50d62b45: start b9a08944-19c1-40d4-9246-1b7a50d62b45@group-8C5B1516469D-FollowerState
2022-05-04 03:13:03,029 [grpc-default-executor-2] WARN  server.GrpcLogAppender (LogUtils.java:warn(122)) - b9a08944-19c1-40d4-9246-1b7a50d62b45@group-ADC0A6F0E068->e24c98b1-b028-4277-b303-73506c407d4f-AppendLogResponseHandler: Failed appendEntries: org.apache.ratis.thirdparty.io.grpc.StatusRuntimeException: UNAVAILABLE: io exception
2022-05-04 03:13:03,030 [grpc-default-executor-2] INFO  leader.FollowerInfo (FollowerInfoImpl.java:lambda$new$0(47)) - b9a08944-19c1-40d4-9246-1b7a50d62b45@group-ADC0A6F0E068->e24c98b1-b028-4277-b303-73506c407d4f: nextIndex: updateUnconditionally 32 -> 31
2022-05-04 03:13:03,050 [grpc-default-executor-2] WARN  server.GrpcLogAppender (LogUtils.java:warn(122)) - b9a08944-19c1-40d4-9246-1b7a50d62b45@group-ADC0A6F0E068->4b39aedb-a905-4bcc-a0b6-39bcb2a8de85-AppendLogResponseHandler: Failed appendEntries: org.apache.ratis.thirdparty.io.grpc.StatusRuntimeException: UNAVAILABLE: io exception
2022-05-04 03:13:03,051 [grpc-default-executor-2] INFO  leader.FollowerInfo (FollowerInfoImpl.java:lambda$new$0(47)) - b9a08944-19c1-40d4-9246-1b7a50d62b45@group-ADC0A6F0E068->4b39aedb-a905-4bcc-a0b6-39bcb2a8de85: nextIndex: updateUnconditionally 32 -> 31
2022-05-04 03:13:03,075 [ForkJoinPool.commonPool-worker-0] INFO  statemachine.DatanodeStateMachine (DatanodeStateMachine.java:stopDaemon(560)) - Ozone container server stopped.
2022-05-04 03:13:03,075 [Listener at 127.0.0.1/39393] INFO  statemachine.DatanodeStateMachine (DatanodeStateMachine.java:stopDaemon(560)) - Ozone container server stopped.
2022-05-04 03:13:03,093 [ForkJoinPool.commonPool-worker-0] INFO  handler.ContextHandler (ContextHandler.java:doStop(1153)) - Stopped o.e.j.w.WebAppContext@21d5142d{hddsDatanode,/,null,STOPPED}{jar:file:/home/runner/.m2/repository/org/apache/ozone/hdds-container-service/1.3.0-SNAPSHOT/hdds-container-service-1.3.0-SNAPSHOT.jar!/webapps/hddsDatanode}
2022-05-04 03:13:03,095 [ForkJoinPool.commonPool-worker-0] INFO  server.AbstractConnector (AbstractConnector.java:doStop(381)) - Stopped ServerConnector@3540fec8{HTTP/1.1, (http/1.1)}{0.0.0.0:0}
2022-05-04 03:13:03,095 [ForkJoinPool.commonPool-worker-0] INFO  server.session (HouseKeeper.java:stopScavenging(149)) - node0 Stopped scavenging
2022-05-04 03:13:03,097 [ForkJoinPool.commonPool-worker-0] INFO  handler.ContextHandler (ContextHandler.java:doStop(1153)) - Stopped o.e.j.s.ServletContextHandler@6ee7e602{static,/static,jar:file:/home/runner/.m2/repository/org/apache/ozone/hdds-container-service/1.3.0-SNAPSHOT/hdds-container-service-1.3.0-SNAPSHOT.jar!/webapps/static,STOPPED}
2022-05-04 03:13:03,098 [ForkJoinPool.commonPool-worker-0] INFO  handler.ContextHandler (ContextHandler.java:doStop(1153)) - Stopped o.e.j.s.ServletContextHandler@49b71061{logs,/logs,file:///home/runner/work/ozone/ozone/hadoop-ozone/integration-test/target/log,STOPPED}
2022-05-04 03:13:03,101 [Listener at 127.0.0.1/39393] INFO  handler.ContextHandler (ContextHandler.java:doStop(1153)) - Stopped o.e.j.w.WebAppContext@4d5a5cd6{hddsDatanode,/,null,STOPPED}{jar:file:/home/runner/.m2/repository/org/apache/ozone/hdds-container-service/1.3.0-SNAPSHOT/hdds-container-service-1.3.0-SNAPSHOT.jar!/webapps/hddsDatanode}
2022-05-04 03:13:03,106 [Listener at 127.0.0.1/39393] INFO  server.AbstractConnector (AbstractConnector.java:doStop(381)) - Stopped ServerConnector@532b06f3{HTTP/1.1, (http/1.1)}{0.0.0.0:0}
2022-05-04 03:13:03,106 [Listener at 127.0.0.1/39393] INFO  server.session (HouseKeeper.java:stopScavenging(149)) - node0 Stopped scavenging
2022-05-04 03:13:03,107 [Listener at 127.0.0.1/39393] INFO  handler.ContextHandler (ContextHandler.java:doStop(1153)) - Stopped o.e.j.s.ServletContextHandler@34be49c0{static,/static,jar:file:/home/runner/.m2/repository/org/apache/ozone/hdds-container-service/1.3.0-SNAPSHOT/hdds-container-service-1.3.0-SNAPSHOT.jar!/webapps/static,STOPPED}
2022-05-04 03:13:03,107 [Listener at 127.0.0.1/39393] INFO  handler.ContextHandler (ContextHandler.java:doStop(1153)) - Stopped o.e.j.s.ServletContextHandler@15f7a4c2{logs,/logs,file:///home/runner/work/ozone/ozone/hadoop-ozone/integration-test/target/log,STOPPED}
2022-05-04 03:13:05,529 [grpc-default-executor-2] WARN  server.GrpcLogAppender (LogUtils.java:warn(122)) - b9a08944-19c1-40d4-9246-1b7a50d62b45@group-ADC0A6F0E068->e24c98b1-b028-4277-b303-73506c407d4f-AppendLogResponseHandler: Failed appendEntries: org.apache.ratis.thirdparty.io.grpc.StatusRuntimeException: UNAVAILABLE: io exception
2022-05-04 03:13:05,530 [grpc-default-executor-2] INFO  leader.FollowerInfo (FollowerInfoImpl.java:lambda$new$0(47)) - b9a08944-19c1-40d4-9246-1b7a50d62b45@group-ADC0A6F0E068->e24c98b1-b028-4277-b303-73506c407d4f: nextIndex: updateUnconditionally 32 -> 31
2022-05-04 03:13:05,551 [grpc-default-executor-2] WARN  server.GrpcLogAppender (LogUtils.java:warn(122)) - b9a08944-19c1-40d4-9246-1b7a50d62b45@group-ADC0A6F0E068->4b39aedb-a905-4bcc-a0b6-39bcb2a8de85-AppendLogResponseHandler: Failed appendEntries: org.apache.ratis.thirdparty.io.grpc.StatusRuntimeException: UNAVAILABLE: io exception
2022-05-04 03:13:05,551 [grpc-default-executor-2] INFO  leader.FollowerInfo (FollowerInfoImpl.java:lambda$new$0(47)) - b9a08944-19c1-40d4-9246-1b7a50d62b45@group-ADC0A6F0E068->4b39aedb-a905-4bcc-a0b6-39bcb2a8de85: nextIndex: updateUnconditionally 32 -> 31
2022-05-04 03:13:05,674 [b9a08944-19c1-40d4-9246-1b7a50d62b45@group-ADC0A6F0E068-LeaderStateImpl] WARN  server.RaftServer$Division (LeaderStateImpl.java:checkLeadership(974)) - b9a08944-19c1-40d4-9246-1b7a50d62b45@group-ADC0A6F0E068-LeaderStateImpl: Lost leadership on term: 1. Election timeout: 5200ms. In charge for: 38823ms. Conf: 0: [b9a08944-19c1-40d4-9246-1b7a50d62b45|rpc:10.1.0.22:41135|dataStream:|priority:1, 4b39aedb-a905-4bcc-a0b6-39bcb2a8de85|rpc:10.1.0.22:36309|dataStream:|priority:0, e24c98b1-b028-4277-b303-73506c407d4f|rpc:10.1.0.22:45653|dataStream:|priority:0], old=null
2022-05-04 03:13:05,675 [b9a08944-19c1-40d4-9246-1b7a50d62b45@group-ADC0A6F0E068-LeaderStateImpl] WARN  server.RaftServer$Division (LeaderStateImpl.java:lambda$checkLeadership$15(978)) - Follower b9a08944-19c1-40d4-9246-1b7a50d62b45@group-ADC0A6F0E068->4b39aedb-a905-4bcc-a0b6-39bcb2a8de85(c31,m31,n31, attendVote=true, lastRpcSendTime=124, lastRpcResponseTime=8650)
2022-05-04 03:13:05,675 [b9a08944-19c1-40d4-9246-1b7a50d62b45@group-ADC0A6F0E068-LeaderStateImpl] WARN  server.RaftServer$Division (LeaderStateImpl.java:lambda$checkLeadership$15(978)) - Follower b9a08944-19c1-40d4-9246-1b7a50d62b45@group-ADC0A6F0E068->e24c98b1-b028-4277-b303-73506c407d4f(c31,m31,n31, attendVote=true, lastRpcSendTime=145, lastRpcResponseTime=8646)
2022-05-04 03:13:05,675 [b9a08944-19c1-40d4-9246-1b7a50d62b45@group-ADC0A6F0E068-LeaderStateImpl] INFO  server.RaftServer$Division (RaftServerImpl.java:setRole(290)) - b9a08944-19c1-40d4-9246-1b7a50d62b45@group-ADC0A6F0E068: changes role from    LEADER to FOLLOWER at term 1 for StepDownReason:LOST_MAJORITY_HEARTBEATS
2022-05-04 03:13:05,675 [b9a08944-19c1-40d4-9246-1b7a50d62b45@group-ADC0A6F0E068-LeaderStateImpl] INFO  impl.RoleInfo (RoleInfo.java:shutdownLeaderState(91)) - b9a08944-19c1-40d4-9246-1b7a50d62b45: shutdown b9a08944-19c1-40d4-9246-1b7a50d62b45@group-ADC0A6F0E068-LeaderStateImpl
2022-05-04 03:13:05,676 [b9a08944-19c1-40d4-9246-1b7a50d62b45@group-ADC0A6F0E068->e24c98b1-b028-4277-b303-73506c407d4f-GrpcLogAppender-LogAppenderDaemon] WARN  server.GrpcLogAppender (GrpcLogAppender.java:mayWait(177)) - b9a08944-19c1-40d4-9246-1b7a50d62b45@group-ADC0A6F0E068->e24c98b1-b028-4277-b303-73506c407d4f-GrpcLogAppender: Wait interrupted by java.lang.InterruptedException
2022-05-04 03:13:05,676 [b9a08944-19c1-40d4-9246-1b7a50d62b45@group-ADC0A6F0E068->4b39aedb-a905-4bcc-a0b6-39bcb2a8de85-GrpcLogAppender-LogAppenderDaemon] WARN  server.GrpcLogAppender (GrpcLogAppender.java:mayWait(177)) - b9a08944-19c1-40d4-9246-1b7a50d62b45@group-ADC0A6F0E068->4b39aedb-a905-4bcc-a0b6-39bcb2a8de85-GrpcLogAppender: Wait interrupted by java.lang.InterruptedException
2022-05-04 03:13:05,677 [b9a08944-19c1-40d4-9246-1b7a50d62b45@group-ADC0A6F0E068-LeaderStateImpl] INFO  impl.PendingRequests (PendingRequests.java:sendNotLeaderResponses(282)) - b9a08944-19c1-40d4-9246-1b7a50d62b45@group-ADC0A6F0E068-PendingRequests: sendNotLeaderResponses
2022-05-04 03:13:05,677 [b9a08944-19c1-40d4-9246-1b7a50d62b45@group-ADC0A6F0E068-LeaderStateImpl] INFO  impl.RoleInfo (RoleInfo.java:updateAndGet(130)) - b9a08944-19c1-40d4-9246-1b7a50d62b45: start b9a08944-19c1-40d4-9246-1b7a50d62b45@group-ADC0A6F0E068-FollowerState
2022-05-04 03:13:06,865 [b9a08944-19c1-40d4-9246-1b7a50d62b45@group-8C5B1516469D-FollowerState] INFO  impl.FollowerState (FollowerState.java:run(134)) - b9a08944-19c1-40d4-9246-1b7a50d62b45@group-8C5B1516469D-FollowerState: change to CANDIDATE, lastRpcElapsedTime:5076933606ns, electionTimeout:5076ms
2022-05-04 03:13:06,865 [b9a08944-19c1-40d4-9246-1b7a50d62b45@group-8C5B1516469D-FollowerState] INFO  impl.RoleInfo (RoleInfo.java:shutdownFollowerState(108)) - b9a08944-19c1-40d4-9246-1b7a50d62b45: shutdown b9a08944-19c1-40d4-9246-1b7a50d62b45@group-8C5B1516469D-FollowerState
2022-05-04 03:13:06,866 [b9a08944-19c1-40d4-9246-1b7a50d62b45@group-8C5B1516469D-FollowerState] INFO  server.RaftServer$Division (RaftServerImpl.java:setRole(290)) - b9a08944-19c1-40d4-9246-1b7a50d62b45@group-8C5B1516469D: changes role from  FOLLOWER to CANDIDATE at term 5 for changeToCandidate
2022-05-04 03:13:06,866 [b9a08944-19c1-40d4-9246-1b7a50d62b45@group-8C5B1516469D-FollowerState] INFO  server.RaftServerConfigKeys (ConfUtils.java:logGet(44)) - raft.server.leaderelection.pre-vote = false (custom)
2022-05-04 03:13:06,866 [b9a08944-19c1-40d4-9246-1b7a50d62b45@group-8C5B1516469D-FollowerState] INFO  impl.RoleInfo (RoleInfo.java:updateAndGet(130)) - b9a08944-19c1-40d4-9246-1b7a50d62b45: start b9a08944-19c1-40d4-9246-1b7a50d62b45@group-8C5B1516469D-LeaderElection14
2022-05-04 03:13:06,887 [b9a08944-19c1-40d4-9246-1b7a50d62b45@group-8C5B1516469D-LeaderElection14] INFO  impl.LeaderElection (LeaderElection.java:askForVotes(306)) - b9a08944-19c1-40d4-9246-1b7a50d62b45@group-8C5B1516469D-LeaderElection14 ELECTION round 0: submit vote requests at term 6 for 0: [b9a08944-19c1-40d4-9246-1b7a50d62b45|rpc:10.1.0.22:41135|dataStream:|priority:0, 4b39aedb-a905-4bcc-a0b6-39bcb2a8de85|rpc:10.1.0.22:36309|dataStream:|priority:1, e24c98b1-b028-4277-b303-73506c407d4f|rpc:10.1.0.22:45653|dataStream:|priority:0], old=null
2022-05-04 03:13:06,900 [b9a08944-19c1-40d4-9246-1b7a50d62b45@group-8C5B1516469D-LeaderElection14] INFO  impl.LeaderElection (LogUtils.java:infoOrTrace(137)) - b9a08944-19c1-40d4-9246-1b7a50d62b45@group-8C5B1516469D-LeaderElection14 got exception when requesting votes: java.util.concurrent.ExecutionException: org.apache.ratis.thirdparty.io.grpc.StatusRuntimeException: UNAVAILABLE: io exception
2022-05-04 03:13:06,903 [b9a08944-19c1-40d4-9246-1b7a50d62b45@group-8C5B1516469D-LeaderElection14] INFO  impl.LeaderElection (LogUtils.java:infoOrTrace(137)) - b9a08944-19c1-40d4-9246-1b7a50d62b45@group-8C5B1516469D-LeaderElection14 got exception when requesting votes: java.util.concurrent.ExecutionException: org.apache.ratis.thirdparty.io.grpc.StatusRuntimeException: UNAVAILABLE: io exception
2022-05-04 03:13:06,903 [b9a08944-19c1-40d4-9246-1b7a50d62b45@group-8C5B1516469D-LeaderElection14] INFO  impl.LeaderElection (LeaderElection.java:logAndReturn(89)) - b9a08944-19c1-40d4-9246-1b7a50d62b45@group-8C5B1516469D-LeaderElection14: ELECTION REJECTED received 0 response(s) and 2 exception(s):
2022-05-04 03:13:06,903 [b9a08944-19c1-40d4-9246-1b7a50d62b45@group-8C5B1516469D-LeaderElection14] INFO  impl.LeaderElection (LogUtils.java:infoOrTrace(137)) -   Exception 0: java.util.concurrent.ExecutionException: org.apache.ratis.thirdparty.io.grpc.StatusRuntimeException: UNAVAILABLE: io exception
2022-05-04 03:13:06,903 [b9a08944-19c1-40d4-9246-1b7a50d62b45@group-8C5B1516469D-LeaderElection14] INFO  impl.LeaderElection (LogUtils.java:infoOrTrace(137)) -   Exception 1: java.util.concurrent.ExecutionException: org.apache.ratis.thirdparty.io.grpc.StatusRuntimeException: UNAVAILABLE: io exception
2022-05-04 03:13:06,903 [b9a08944-19c1-40d4-9246-1b7a50d62b45@group-8C5B1516469D-LeaderElection14] INFO  impl.LeaderElection (LeaderElection.java:askForVotes(308)) - b9a08944-19c1-40d4-9246-1b7a50d62b45@group-8C5B1516469D-LeaderElection14 ELECTION round 0: result REJECTED
2022-05-04 03:13:06,904 [b9a08944-19c1-40d4-9246-1b7a50d62b45@group-8C5B1516469D-LeaderElection14] INFO  server.RaftServer$Division (RaftServerImpl.java:setRole(290)) - b9a08944-19c1-40d4-9246-1b7a50d62b45@group-8C5B1516469D: changes role from CANDIDATE to FOLLOWER at term 6 for REJECTED
2022-05-04 03:13:06,904 [b9a08944-19c1-40d4-9246-1b7a50d62b45@group-8C5B1516469D-LeaderElection14] INFO  impl.RoleInfo (RoleInfo.java:shutdownLeaderElection(121)) - b9a08944-19c1-40d4-9246-1b7a50d62b45: shutdown b9a08944-19c1-40d4-9246-1b7a50d62b45@group-8C5B1516469D-LeaderElection14
2022-05-04 03:13:06,904 [b9a08944-19c1-40d4-9246-1b7a50d62b45@group-8C5B1516469D-LeaderElection14] INFO  impl.RoleInfo (RoleInfo.java:updateAndGet(130)) - b9a08944-19c1-40d4-9246-1b7a50d62b45: start b9a08944-19c1-40d4-9246-1b7a50d62b45@group-8C5B1516469D-FollowerState
2022-05-04 03:13:08,103 [ForkJoinPool.commonPool-worker-0] INFO  ozoneimpl.OzoneContainer (OzoneContainer.java:stop(356)) - Attempting to stop container services.
2022-05-04 03:13:08,104 [ForkJoinPool.commonPool-worker-0] INFO  server.RaftServer (RaftServerProxy.java:lambda$close$6(391)) - b9a08944-19c1-40d4-9246-1b7a50d62b45: close
2022-05-04 03:13:08,104 [ForkJoinPool.commonPool-worker-0] INFO  server.RaftServer$Division (RaftServerImpl.java:lambda$close$4(412)) - b9a08944-19c1-40d4-9246-1b7a50d62b45@group-ADC0A6F0E068: shutdown
2022-05-04 03:13:08,104 [ForkJoinPool.commonPool-worker-0] INFO  util.JmxRegister (JmxRegister.java:unregister(73)) - Successfully un-registered JMX Bean with object name Ratis:service=RaftServer,group=group-ADC0A6F0E068,id=b9a08944-19c1-40d4-9246-1b7a50d62b45
2022-05-04 03:13:08,104 [ForkJoinPool.commonPool-worker-0] INFO  impl.RoleInfo (RoleInfo.java:shutdownFollowerState(108)) - b9a08944-19c1-40d4-9246-1b7a50d62b45: shutdown b9a08944-19c1-40d4-9246-1b7a50d62b45@group-ADC0A6F0E068-FollowerState
2022-05-04 03:13:08,105 [ForkJoinPool.commonPool-worker-0] INFO  impl.StateMachineUpdater (StateMachineUpdater.java:stopAndJoin(149)) - b9a08944-19c1-40d4-9246-1b7a50d62b45@group-ADC0A6F0E068-StateMachineUpdater: set stopIndex = 31
2022-05-04 03:13:08,105 [b9a08944-19c1-40d4-9246-1b7a50d62b45@group-ADC0A6F0E068-FollowerState] INFO  impl.FollowerState (FollowerState.java:run(143)) - b9a08944-19c1-40d4-9246-1b7a50d62b45@group-ADC0A6F0E068-FollowerState was interrupted: {}
java.lang.InterruptedException: sleep interrupted
	at java.lang.Thread.sleep(Native Method)
	at java.lang.Thread.sleep(Thread.java:342)
	at java.util.concurrent.TimeUnit.sleep(TimeUnit.java:386)
	at org.apache.ratis.util.TimeDuration.sleep(TimeDuration.java:324)
	at org.apache.ratis.util.TimeDuration.sleep(TimeDuration.java:309)
	at org.apache.ratis.server.impl.FollowerState.run(FollowerState.java:118)
2022-05-04 03:13:08,105 [b9a08944-19c1-40d4-9246-1b7a50d62b45@group-ADC0A6F0E068-StateMachineUpdater] INFO  ratis.ContainerStateMachine (ContainerStateMachine.java:takeSnapshot(304)) - group-ADC0A6F0E068: Taking a snapshot at:(t:1, i:31) file /home/runner/work/ozone/ozone/hadoop-ozone/integration-test/target/test-dir/MiniOzoneClusterImpl-45092bb2-5ba0-493a-94ad-5fb4cf380ceb/datanode-0/data/ratis/e833fd87-6aea-4d3e-9271-adc0a6f0e068/sm/snapshot.1_31
2022-05-04 03:13:08,111 [Listener at 127.0.0.1/39393] INFO  ozoneimpl.OzoneContainer (OzoneContainer.java:stop(356)) - Attempting to stop container services.
2022-05-04 03:13:08,112 [Listener at 127.0.0.1/39393] INFO  server.RaftServer (RaftServerProxy.java:lambda$close$6(391)) - 1817b7b7-4a19-400c-8305-9266227179fd: close
2022-05-04 03:13:08,112 [Listener at 127.0.0.1/39393] INFO  server.RaftServer$Division (RaftServerImpl.java:lambda$close$4(412)) - 1817b7b7-4a19-400c-8305-9266227179fd@group-4AC00480D0B7: shutdown
2022-05-04 03:13:08,112 [Listener at 127.0.0.1/39393] INFO  util.JmxRegister (JmxRegister.java:unregister(73)) - Successfully un-registered JMX Bean with object name Ratis:service=RaftServer,group=group-4AC00480D0B7,id=1817b7b7-4a19-400c-8305-9266227179fd
2022-05-04 03:13:08,112 [Listener at 127.0.0.1/39393] INFO  impl.RoleInfo (RoleInfo.java:shutdownLeaderState(91)) - 1817b7b7-4a19-400c-8305-9266227179fd: shutdown 1817b7b7-4a19-400c-8305-9266227179fd@group-4AC00480D0B7-LeaderStateImpl
2022-05-04 03:13:08,112 [Listener at 127.0.0.1/39393] INFO  impl.PendingRequests (PendingRequests.java:sendNotLeaderResponses(282)) - 1817b7b7-4a19-400c-8305-9266227179fd@group-4AC00480D0B7-PendingRequests: sendNotLeaderResponses
2022-05-04 03:13:08,113 [Listener at 127.0.0.1/39393] INFO  impl.StateMachineUpdater (StateMachineUpdater.java:stopAndJoin(149)) - 1817b7b7-4a19-400c-8305-9266227179fd@group-4AC00480D0B7-StateMachineUpdater: set stopIndex = 0
2022-05-04 03:13:08,113 [1817b7b7-4a19-400c-8305-9266227179fd@group-4AC00480D0B7-StateMachineUpdater] INFO  ratis.ContainerStateMachine (ContainerStateMachine.java:takeSnapshot(304)) - group-4AC00480D0B7: Taking a snapshot at:(t:1, i:0) file /home/runner/work/ozone/ozone/hadoop-ozone/integration-test/target/test-dir/MiniOzoneClusterImpl-45092bb2-5ba0-493a-94ad-5fb4cf380ceb/datanode-4/data/ratis/6b4600cc-4361-49bd-8fd8-4ac00480d0b7/sm/snapshot.1_0
2022-05-04 03:13:08,117 [b9a08944-19c1-40d4-9246-1b7a50d62b45@group-ADC0A6F0E068-StateMachineUpdater] INFO  ratis.ContainerStateMachine (ContainerStateMachine.java:takeSnapshot(315)) - group-ADC0A6F0E068: Finished taking a snapshot at:(t:1, i:31) file:/home/runner/work/ozone/ozone/hadoop-ozone/integration-test/target/test-dir/MiniOzoneClusterImpl-45092bb2-5ba0-493a-94ad-5fb4cf380ceb/datanode-0/data/ratis/e833fd87-6aea-4d3e-9271-adc0a6f0e068/sm/snapshot.1_31 took: 11 ms
2022-05-04 03:13:08,117 [b9a08944-19c1-40d4-9246-1b7a50d62b45@group-ADC0A6F0E068-StateMachineUpdater] INFO  impl.StateMachineUpdater (StateMachineUpdater.java:takeSnapshot(281)) - b9a08944-19c1-40d4-9246-1b7a50d62b45@group-ADC0A6F0E068-StateMachineUpdater: Took a snapshot at index 31
2022-05-04 03:13:08,117 [b9a08944-19c1-40d4-9246-1b7a50d62b45@group-ADC0A6F0E068-StateMachineUpdater] INFO  impl.StateMachineUpdater (StateMachineUpdater.java:lambda$new$0(89)) - b9a08944-19c1-40d4-9246-1b7a50d62b45@group-ADC0A6F0E068-StateMachineUpdater: snapshotIndex: updateIncreasingly -1 -> 31
2022-05-04 03:13:08,118 [1817b7b7-4a19-400c-8305-9266227179fd@group-4AC00480D0B7-StateMachineUpdater] INFO  ratis.ContainerStateMachine (ContainerStateMachine.java:takeSnapshot(315)) - group-4AC00480D0B7: Finished taking a snapshot at:(t:1, i:0) file:/home/runner/work/ozone/ozone/hadoop-ozone/integration-test/target/test-dir/MiniOzoneClusterImpl-45092bb2-5ba0-493a-94ad-5fb4cf380ceb/datanode-4/data/ratis/6b4600cc-4361-49bd-8fd8-4ac00480d0b7/sm/snapshot.1_0 took: 4 ms
2022-05-04 03:13:08,118 [1817b7b7-4a19-400c-8305-9266227179fd@group-4AC00480D0B7-StateMachineUpdater] INFO  impl.StateMachineUpdater (StateMachineUpdater.java:takeSnapshot(281)) - 1817b7b7-4a19-400c-8305-9266227179fd@group-4AC00480D0B7-StateMachineUpdater: Took a snapshot at index 0
2022-05-04 03:13:08,118 [1817b7b7-4a19-400c-8305-9266227179fd@group-4AC00480D0B7-StateMachineUpdater] INFO  impl.StateMachineUpdater (StateMachineUpdater.java:lambda$new$0(89)) - 1817b7b7-4a19-400c-8305-9266227179fd@group-4AC00480D0B7-StateMachineUpdater: snapshotIndex: updateIncreasingly -1 -> 0
2022-05-04 03:13:08,119 [ForkJoinPool.commonPool-worker-0] INFO  server.RaftServer$Division (ServerState.java:close(419)) - b9a08944-19c1-40d4-9246-1b7a50d62b45@group-ADC0A6F0E068: closes. applyIndex: 31
2022-05-04 03:13:08,123 [Listener at 127.0.0.1/39393] INFO  server.RaftServer$Division (ServerState.java:close(419)) - 1817b7b7-4a19-400c-8305-9266227179fd@group-4AC00480D0B7: closes. applyIndex: 0
2022-05-04 03:13:08,123 [1817b7b7-4a19-400c-8305-9266227179fd@group-4AC00480D0B7-SegmentedRaftLogWorker] INFO  segmented.SegmentedRaftLogWorker (SegmentedRaftLogWorker.java:run(327)) - 1817b7b7-4a19-400c-8305-9266227179fd@group-4AC00480D0B7-SegmentedRaftLogWorker was interrupted, exiting. There are 0 tasks remaining in the queue.
2022-05-04 03:13:08,123 [b9a08944-19c1-40d4-9246-1b7a50d62b45@group-ADC0A6F0E068-SegmentedRaftLogWorker] INFO  segmented.SegmentedRaftLogWorker (SegmentedRaftLogWorker.java:run(327)) - b9a08944-19c1-40d4-9246-1b7a50d62b45@group-ADC0A6F0E068-SegmentedRaftLogWorker was interrupted, exiting. There are 0 tasks remaining in the queue.
2022-05-04 03:13:08,124 [Listener at 127.0.0.1/39393] INFO  segmented.SegmentedRaftLogWorker (SegmentedRaftLogWorker.java:close(237)) - 1817b7b7-4a19-400c-8305-9266227179fd@group-4AC00480D0B7-SegmentedRaftLogWorker close()
2022-05-04 03:13:08,124 [ForkJoinPool.commonPool-worker-0] INFO  segmented.SegmentedRaftLogWorker (SegmentedRaftLogWorker.java:close(237)) - b9a08944-19c1-40d4-9246-1b7a50d62b45@group-ADC0A6F0E068-SegmentedRaftLogWorker close()
2022-05-04 03:13:08,125 [Listener at 127.0.0.1/39393] INFO  server.GrpcService (GrpcService.java:closeImpl(262)) - 1817b7b7-4a19-400c-8305-9266227179fd: shutdown server with port 45037 now
2022-05-04 03:13:08,127 [ForkJoinPool.commonPool-worker-0] INFO  server.RaftServer$Division (RaftServerImpl.java:lambda$close$4(412)) - b9a08944-19c1-40d4-9246-1b7a50d62b45@group-8C5B1516469D: shutdown
2022-05-04 03:13:08,127 [ForkJoinPool.commonPool-worker-0] INFO  util.JmxRegister (JmxRegister.java:unregister(73)) - Successfully un-registered JMX Bean with object name Ratis:service=RaftServer,group=group-8C5B1516469D,id=b9a08944-19c1-40d4-9246-1b7a50d62b45
2022-05-04 03:13:08,127 [ForkJoinPool.commonPool-worker-0] INFO  impl.RoleInfo (RoleInfo.java:shutdownFollowerState(108)) - b9a08944-19c1-40d4-9246-1b7a50d62b45: shutdown b9a08944-19c1-40d4-9246-1b7a50d62b45@group-8C5B1516469D-FollowerState
2022-05-04 03:13:08,127 [ForkJoinPool.commonPool-worker-0] INFO  impl.StateMachineUpdater (StateMachineUpdater.java:stopAndJoin(149)) - b9a08944-19c1-40d4-9246-1b7a50d62b45@group-8C5B1516469D-StateMachineUpdater: set stopIndex = 0
2022-05-04 03:13:08,127 [b9a08944-19c1-40d4-9246-1b7a50d62b45@group-8C5B1516469D-FollowerState] INFO  impl.FollowerState (FollowerState.java:run(143)) - b9a08944-19c1-40d4-9246-1b7a50d62b45@group-8C5B1516469D-FollowerState was interrupted: {}
java.lang.InterruptedException: sleep interrupted
	at java.lang.Thread.sleep(Native Method)
	at java.lang.Thread.sleep(Thread.java:342)
	at java.util.concurrent.TimeUnit.sleep(TimeUnit.java:386)
	at org.apache.ratis.util.TimeDuration.sleep(TimeDuration.java:324)
	at org.apache.ratis.util.TimeDuration.sleep(TimeDuration.java:309)
	at org.apache.ratis.server.impl.FollowerState.run(FollowerState.java:118)
2022-05-04 03:13:08,127 [b9a08944-19c1-40d4-9246-1b7a50d62b45@group-8C5B1516469D-StateMachineUpdater] INFO  ratis.ContainerStateMachine (ContainerStateMachine.java:takeSnapshot(304)) - group-8C5B1516469D: Taking a snapshot at:(t:4, i:0) file /home/runner/work/ozone/ozone/hadoop-ozone/integration-test/target/test-dir/MiniOzoneClusterImpl-45092bb2-5ba0-493a-94ad-5fb4cf380ceb/datanode-0/data/ratis/5f0d7f06-26c8-476e-b646-8c5b1516469d/sm/snapshot.4_0
2022-05-04 03:13:08,129 [b9a08944-19c1-40d4-9246-1b7a50d62b45@group-8C5B1516469D-StateMachineUpdater] INFO  ratis.ContainerStateMachine (ContainerStateMachine.java:takeSnapshot(315)) - group-8C5B1516469D: Finished taking a snapshot at:(t:4, i:0) file:/home/runner/work/ozone/ozone/hadoop-ozone/integration-test/target/test-dir/MiniOzoneClusterImpl-45092bb2-5ba0-493a-94ad-5fb4cf380ceb/datanode-0/data/ratis/5f0d7f06-26c8-476e-b646-8c5b1516469d/sm/snapshot.4_0 took: 1 ms
2022-05-04 03:13:08,129 [b9a08944-19c1-40d4-9246-1b7a50d62b45@group-8C5B1516469D-StateMachineUpdater] INFO  impl.StateMachineUpdater (StateMachineUpdater.java:takeSnapshot(281)) - b9a08944-19c1-40d4-9246-1b7a50d62b45@group-8C5B1516469D-StateMachineUpdater: Took a snapshot at index 0
2022-05-04 03:13:08,129 [b9a08944-19c1-40d4-9246-1b7a50d62b45@group-8C5B1516469D-StateMachineUpdater] INFO  impl.StateMachineUpdater (StateMachineUpdater.java:lambda$new$0(89)) - b9a08944-19c1-40d4-9246-1b7a50d62b45@group-8C5B1516469D-StateMachineUpdater: snapshotIndex: updateIncreasingly -1 -> 0
2022-05-04 03:13:08,130 [ForkJoinPool.commonPool-worker-0] INFO  server.RaftServer$Division (ServerState.java:close(419)) - b9a08944-19c1-40d4-9246-1b7a50d62b45@group-8C5B1516469D: closes. applyIndex: 0
2022-05-04 03:13:08,130 [b9a08944-19c1-40d4-9246-1b7a50d62b45@group-8C5B1516469D-SegmentedRaftLogWorker] INFO  segmented.SegmentedRaftLogWorker (SegmentedRaftLogWorker.java:run(327)) - b9a08944-19c1-40d4-9246-1b7a50d62b45@group-8C5B1516469D-SegmentedRaftLogWorker was interrupted, exiting. There are 0 tasks remaining in the queue.
2022-05-04 03:13:08,131 [ForkJoinPool.commonPool-worker-0] INFO  segmented.SegmentedRaftLogWorker (SegmentedRaftLogWorker.java:close(237)) - b9a08944-19c1-40d4-9246-1b7a50d62b45@group-8C5B1516469D-SegmentedRaftLogWorker close()
2022-05-04 03:13:08,131 [Listener at 127.0.0.1/39393] INFO  server.GrpcService (GrpcService.java:closeImpl(271)) - 1817b7b7-4a19-400c-8305-9266227179fd: shutdown server with port 45037 successfully
2022-05-04 03:13:08,132 [ForkJoinPool.commonPool-worker-0] INFO  server.RaftServer$Division (RaftServerImpl.java:lambda$close$4(412)) - b9a08944-19c1-40d4-9246-1b7a50d62b45@group-DB2C95335F3A: shutdown
2022-05-04 03:13:08,132 [ForkJoinPool.commonPool-worker-0] INFO  util.JmxRegister (JmxRegister.java:unregister(73)) - Successfully un-registered JMX Bean with object name Ratis:service=RaftServer,group=group-DB2C95335F3A,id=b9a08944-19c1-40d4-9246-1b7a50d62b45
2022-05-04 03:13:08,132 [ForkJoinPool.commonPool-worker-0] INFO  impl.RoleInfo (RoleInfo.java:shutdownLeaderState(91)) - b9a08944-19c1-40d4-9246-1b7a50d62b45: shutdown b9a08944-19c1-40d4-9246-1b7a50d62b45@group-DB2C95335F3A-LeaderStateImpl
2022-05-04 03:13:08,132 [ForkJoinPool.commonPool-worker-0] INFO  impl.PendingRequests (PendingRequests.java:sendNotLeaderResponses(282)) - b9a08944-19c1-40d4-9246-1b7a50d62b45@group-DB2C95335F3A-PendingRequests: sendNotLeaderResponses
2022-05-04 03:13:08,133 [org.apache.ratis.util.JvmPauseMonitor$$Lambda$565/1325392746@31aba155] INFO  util.JvmPauseMonitor (JvmPauseMonitor.java:run(109)) - JvmPauseMonitor-1817b7b7-4a19-400c-8305-9266227179fd: Stopped
2022-05-04 03:13:08,133 [b9a08944-19c1-40d4-9246-1b7a50d62b45@group-DB2C95335F3A-StateMachineUpdater] INFO  ratis.ContainerStateMachine (ContainerStateMachine.java:takeSnapshot(304)) - group-DB2C95335F3A: Taking a snapshot at:(t:1, i:0) file /home/runner/work/ozone/ozone/hadoop-ozone/integration-test/target/test-dir/MiniOzoneClusterImpl-45092bb2-5ba0-493a-94ad-5fb4cf380ceb/datanode-0/data/ratis/7d02fe92-0762-4063-a468-db2c95335f3a/sm/snapshot.1_0
2022-05-04 03:13:08,134 [ForkJoinPool.commonPool-worker-0] INFO  impl.StateMachineUpdater (StateMachineUpdater.java:stopAndJoin(149)) - b9a08944-19c1-40d4-9246-1b7a50d62b45@group-DB2C95335F3A-StateMachineUpdater: set stopIndex = 0
2022-05-04 03:13:08,135 [b9a08944-19c1-40d4-9246-1b7a50d62b45@group-DB2C95335F3A-StateMachineUpdater] INFO  ratis.ContainerStateMachine (ContainerStateMachine.java:takeSnapshot(315)) - group-DB2C95335F3A: Finished taking a snapshot at:(t:1, i:0) file:/home/runner/work/ozone/ozone/hadoop-ozone/integration-test/target/test-dir/MiniOzoneClusterImpl-45092bb2-5ba0-493a-94ad-5fb4cf380ceb/datanode-0/data/ratis/7d02fe92-0762-4063-a468-db2c95335f3a/sm/snapshot.1_0 took: 1 ms
2022-05-04 03:13:08,135 [b9a08944-19c1-40d4-9246-1b7a50d62b45@group-DB2C95335F3A-StateMachineUpdater] INFO  impl.StateMachineUpdater (StateMachineUpdater.java:takeSnapshot(281)) - b9a08944-19c1-40d4-9246-1b7a50d62b45@group-DB2C95335F3A-StateMachineUpdater: Took a snapshot at index 0
2022-05-04 03:13:08,135 [b9a08944-19c1-40d4-9246-1b7a50d62b45@group-DB2C95335F3A-StateMachineUpdater] INFO  impl.StateMachineUpdater (StateMachineUpdater.java:lambda$new$0(89)) - b9a08944-19c1-40d4-9246-1b7a50d62b45@group-DB2C95335F3A-StateMachineUpdater: snapshotIndex: updateIncreasingly -1 -> 0
2022-05-04 03:13:08,137 [ForkJoinPool.commonPool-worker-0] INFO  server.RaftServer$Division (ServerState.java:close(419)) - b9a08944-19c1-40d4-9246-1b7a50d62b45@group-DB2C95335F3A: closes. applyIndex: 0
2022-05-04 03:13:08,137 [b9a08944-19c1-40d4-9246-1b7a50d62b45@group-DB2C95335F3A-SegmentedRaftLogWorker] INFO  segmented.SegmentedRaftLogWorker (SegmentedRaftLogWorker.java:run(327)) - b9a08944-19c1-40d4-9246-1b7a50d62b45@group-DB2C95335F3A-SegmentedRaftLogWorker was interrupted, exiting. There are 0 tasks remaining in the queue.
2022-05-04 03:13:08,137 [ForkJoinPool.commonPool-worker-0] INFO  segmented.SegmentedRaftLogWorker (SegmentedRaftLogWorker.java:close(237)) - b9a08944-19c1-40d4-9246-1b7a50d62b45@group-DB2C95335F3A-SegmentedRaftLogWorker close()
2022-05-04 03:13:08,138 [ForkJoinPool.commonPool-worker-0] INFO  server.GrpcService (GrpcService.java:closeImpl(262)) - b9a08944-19c1-40d4-9246-1b7a50d62b45: shutdown server with port 41135 now
2022-05-04 03:13:08,140 [ForkJoinPool.commonPool-worker-0] INFO  server.GrpcService (GrpcService.java:closeImpl(271)) - b9a08944-19c1-40d4-9246-1b7a50d62b45: shutdown server with port 41135 successfully
2022-05-04 03:13:08,140 [org.apache.ratis.util.JvmPauseMonitor$$Lambda$565/1325392746@27c3babd] INFO  util.JvmPauseMonitor (JvmPauseMonitor.java:run(109)) - JvmPauseMonitor-b9a08944-19c1-40d4-9246-1b7a50d62b45: Stopped
2022-05-04 03:13:10,140 [Listener at 127.0.0.1/39393] INFO  utils.BackgroundService (BackgroundService.java:shutdown(132)) - Shutting down service BlockDeletingService
2022-05-04 03:13:10,179 [ForkJoinPool.commonPool-worker-0] INFO  utils.BackgroundService (BackgroundService.java:shutdown(132)) - Shutting down service BlockDeletingService
2022-05-04 03:13:13,164 [Listener at 127.0.0.1/39393] INFO  statemachine.DatanodeStateMachine (DatanodeStateMachine.java:stopDaemon(560)) - Ozone container server stopped.
2022-05-04 03:13:13,179 [Listener at 127.0.0.1/39393] INFO  handler.ContextHandler (ContextHandler.java:doStop(1153)) - Stopped o.e.j.w.WebAppContext@50adedaa{hddsDatanode,/,null,STOPPED}{jar:file:/home/runner/.m2/repository/org/apache/ozone/hdds-container-service/1.3.0-SNAPSHOT/hdds-container-service-1.3.0-SNAPSHOT.jar!/webapps/hddsDatanode}
2022-05-04 03:13:13,182 [ForkJoinPool.commonPool-worker-0] INFO  statemachine.DatanodeStateMachine (DatanodeStateMachine.java:stopDaemon(560)) - Ozone container server stopped.
2022-05-04 03:13:13,195 [Listener at 127.0.0.1/39393] INFO  server.AbstractConnector (AbstractConnector.java:doStop(381)) - Stopped ServerConnector@2074be26{HTTP/1.1, (http/1.1)}{0.0.0.0:0}
2022-05-04 03:13:13,195 [Listener at 127.0.0.1/39393] INFO  server.session (HouseKeeper.java:stopScavenging(149)) - node0 Stopped scavenging
2022-05-04 03:13:13,200 [Listener at 127.0.0.1/39393] INFO  handler.ContextHandler (ContextHandler.java:doStop(1153)) - Stopped o.e.j.s.ServletContextHandler@f02ae3{static,/static,jar:file:/home/runner/.m2/repository/org/apache/ozone/hdds-container-service/1.3.0-SNAPSHOT/hdds-container-service-1.3.0-SNAPSHOT.jar!/webapps/static,STOPPED}
2022-05-04 03:13:13,200 [Listener at 127.0.0.1/39393] INFO  handler.ContextHandler (ContextHandler.java:doStop(1153)) - Stopped o.e.j.s.ServletContextHandler@70e45ea9{logs,/logs,file:///home/runner/work/ozone/ozone/hadoop-ozone/integration-test/target/log,STOPPED}
2022-05-04 03:13:13,218 [ForkJoinPool.commonPool-worker-0] INFO  handler.ContextHandler (ContextHandler.java:doStop(1153)) - Stopped o.e.j.w.WebAppContext@158ff98a{hddsDatanode,/,null,STOPPED}{jar:file:/home/runner/.m2/repository/org/apache/ozone/hdds-container-service/1.3.0-SNAPSHOT/hdds-container-service-1.3.0-SNAPSHOT.jar!/webapps/hddsDatanode}
2022-05-04 03:13:13,221 [ForkJoinPool.commonPool-worker-0] INFO  server.AbstractConnector (AbstractConnector.java:doStop(381)) - Stopped ServerConnector@2d5c1ebf{HTTP/1.1, (http/1.1)}{0.0.0.0:0}
2022-05-04 03:13:13,222 [ForkJoinPool.commonPool-worker-0] INFO  server.session (HouseKeeper.java:stopScavenging(149)) - node0 Stopped scavenging
2022-05-04 03:13:13,230 [ForkJoinPool.commonPool-worker-0] INFO  handler.ContextHandler (ContextHandler.java:doStop(1153)) - Stopped o.e.j.s.ServletContextHandler@4de665b7{static,/static,jar:file:/home/runner/.m2/repository/org/apache/ozone/hdds-container-service/1.3.0-SNAPSHOT/hdds-container-service-1.3.0-SNAPSHOT.jar!/webapps/static,STOPPED}
2022-05-04 03:13:13,231 [ForkJoinPool.commonPool-worker-0] INFO  handler.ContextHandler (ContextHandler.java:doStop(1153)) - Stopped o.e.j.s.ServletContextHandler@49d69469{logs,/logs,file:///home/runner/work/ozone/ozone/hadoop-ozone/integration-test/target/log,STOPPED}
2022-05-04 03:13:18,208 [Listener at 127.0.0.1/39393] INFO  ozoneimpl.OzoneContainer (OzoneContainer.java:stop(356)) - Attempting to stop container services.
2022-05-04 03:13:18,209 [Listener at 127.0.0.1/39393] INFO  server.RaftServer (RaftServerProxy.java:lambda$close$6(391)) - a19ab64f-4ee1-44f8-9d4b-aa6978bd5e11: close
2022-05-04 03:13:18,209 [Listener at 127.0.0.1/39393] INFO  server.RaftServer$Division (RaftServerImpl.java:lambda$close$4(412)) - a19ab64f-4ee1-44f8-9d4b-aa6978bd5e11@group-11EFC789D6D1: shutdown
2022-05-04 03:13:18,210 [Listener at 127.0.0.1/39393] INFO  util.JmxRegister (JmxRegister.java:unregister(73)) - Successfully un-registered JMX Bean with object name Ratis:service=RaftServer,group=group-11EFC789D6D1,id=a19ab64f-4ee1-44f8-9d4b-aa6978bd5e11
2022-05-04 03:13:18,210 [Listener at 127.0.0.1/39393] INFO  impl.RoleInfo (RoleInfo.java:shutdownLeaderState(91)) - a19ab64f-4ee1-44f8-9d4b-aa6978bd5e11: shutdown a19ab64f-4ee1-44f8-9d4b-aa6978bd5e11@group-11EFC789D6D1-LeaderStateImpl
2022-05-04 03:13:18,210 [Listener at 127.0.0.1/39393] INFO  impl.PendingRequests (PendingRequests.java:sendNotLeaderResponses(282)) - a19ab64f-4ee1-44f8-9d4b-aa6978bd5e11@group-11EFC789D6D1-PendingRequests: sendNotLeaderResponses
2022-05-04 03:13:18,211 [a19ab64f-4ee1-44f8-9d4b-aa6978bd5e11@group-11EFC789D6D1-StateMachineUpdater] INFO  ratis.ContainerStateMachine (ContainerStateMachine.java:takeSnapshot(304)) - group-11EFC789D6D1: Taking a snapshot at:(t:1, i:0) file /home/runner/work/ozone/ozone/hadoop-ozone/integration-test/target/test-dir/MiniOzoneClusterImpl-45092bb2-5ba0-493a-94ad-5fb4cf380ceb/datanode-3/data/ratis/c7510705-f112-4b2b-b581-11efc789d6d1/sm/snapshot.1_0
2022-05-04 03:13:18,215 [Listener at 127.0.0.1/39393] INFO  impl.StateMachineUpdater (StateMachineUpdater.java:stopAndJoin(149)) - a19ab64f-4ee1-44f8-9d4b-aa6978bd5e11@group-11EFC789D6D1-StateMachineUpdater: set stopIndex = 0
2022-05-04 03:13:18,224 [a19ab64f-4ee1-44f8-9d4b-aa6978bd5e11@group-11EFC789D6D1-StateMachineUpdater] INFO  ratis.ContainerStateMachine (ContainerStateMachine.java:takeSnapshot(315)) - group-11EFC789D6D1: Finished taking a snapshot at:(t:1, i:0) file:/home/runner/work/ozone/ozone/hadoop-ozone/integration-test/target/test-dir/MiniOzoneClusterImpl-45092bb2-5ba0-493a-94ad-5fb4cf380ceb/datanode-3/data/ratis/c7510705-f112-4b2b-b581-11efc789d6d1/sm/snapshot.1_0 took: 14 ms
2022-05-04 03:13:18,225 [a19ab64f-4ee1-44f8-9d4b-aa6978bd5e11@group-11EFC789D6D1-StateMachineUpdater] INFO  impl.StateMachineUpdater (StateMachineUpdater.java:takeSnapshot(281)) - a19ab64f-4ee1-44f8-9d4b-aa6978bd5e11@group-11EFC789D6D1-StateMachineUpdater: Took a snapshot at index 0
2022-05-04 03:13:18,225 [a19ab64f-4ee1-44f8-9d4b-aa6978bd5e11@group-11EFC789D6D1-StateMachineUpdater] INFO  impl.StateMachineUpdater (StateMachineUpdater.java:lambda$new$0(89)) - a19ab64f-4ee1-44f8-9d4b-aa6978bd5e11@group-11EFC789D6D1-StateMachineUpdater: snapshotIndex: updateIncreasingly -1 -> 0
2022-05-04 03:13:18,225 [Listener at 127.0.0.1/39393] INFO  server.RaftServer$Division (ServerState.java:close(419)) - a19ab64f-4ee1-44f8-9d4b-aa6978bd5e11@group-11EFC789D6D1: closes. applyIndex: 0
2022-05-04 03:13:18,225 [a19ab64f-4ee1-44f8-9d4b-aa6978bd5e11@group-11EFC789D6D1-SegmentedRaftLogWorker] INFO  segmented.SegmentedRaftLogWorker (SegmentedRaftLogWorker.java:run(327)) - a19ab64f-4ee1-44f8-9d4b-aa6978bd5e11@group-11EFC789D6D1-SegmentedRaftLogWorker was interrupted, exiting. There are 0 tasks remaining in the queue.
2022-05-04 03:13:18,226 [Listener at 127.0.0.1/39393] INFO  segmented.SegmentedRaftLogWorker (SegmentedRaftLogWorker.java:close(237)) - a19ab64f-4ee1-44f8-9d4b-aa6978bd5e11@group-11EFC789D6D1-SegmentedRaftLogWorker close()
2022-05-04 03:13:18,227 [Listener at 127.0.0.1/39393] INFO  server.GrpcService (GrpcService.java:closeImpl(262)) - a19ab64f-4ee1-44f8-9d4b-aa6978bd5e11: shutdown server with port 39339 now
2022-05-04 03:13:18,230 [Listener at 127.0.0.1/39393] INFO  server.GrpcService (GrpcService.java:closeImpl(271)) - a19ab64f-4ee1-44f8-9d4b-aa6978bd5e11: shutdown server with port 39339 successfully
2022-05-04 03:13:18,230 [org.apache.ratis.util.JvmPauseMonitor$$Lambda$565/1325392746@3107e3c3] INFO  util.JvmPauseMonitor (JvmPauseMonitor.java:run(109)) - JvmPauseMonitor-a19ab64f-4ee1-44f8-9d4b-aa6978bd5e11: Stopped
2022-05-04 03:13:20,254 [Listener at 127.0.0.1/39393] INFO  utils.BackgroundService (BackgroundService.java:shutdown(132)) - Shutting down service BlockDeletingService
2022-05-04 03:13:23,273 [Listener at 127.0.0.1/39393] INFO  statemachine.DatanodeStateMachine (DatanodeStateMachine.java:stopDaemon(560)) - Ozone container server stopped.
2022-05-04 03:13:23,284 [Listener at 127.0.0.1/39393] INFO  handler.ContextHandler (ContextHandler.java:doStop(1153)) - Stopped o.e.j.w.WebAppContext@602d2058{hddsDatanode,/,null,STOPPED}{jar:file:/home/runner/.m2/repository/org/apache/ozone/hdds-container-service/1.3.0-SNAPSHOT/hdds-container-service-1.3.0-SNAPSHOT.jar!/webapps/hddsDatanode}
2022-05-04 03:13:23,290 [Listener at 127.0.0.1/39393] INFO  server.AbstractConnector (AbstractConnector.java:doStop(381)) - Stopped ServerConnector@2c80d2e0{HTTP/1.1, (http/1.1)}{0.0.0.0:0}
2022-05-04 03:13:23,291 [Listener at 127.0.0.1/39393] INFO  server.session (HouseKeeper.java:stopScavenging(149)) - node0 Stopped scavenging
2022-05-04 03:13:23,292 [Listener at 127.0.0.1/39393] INFO  handler.ContextHandler (ContextHandler.java:doStop(1153)) - Stopped o.e.j.s.ServletContextHandler@2f6867d1{static,/static,jar:file:/home/runner/.m2/repository/org/apache/ozone/hdds-container-service/1.3.0-SNAPSHOT/hdds-container-service-1.3.0-SNAPSHOT.jar!/webapps/static,STOPPED}
2022-05-04 03:13:23,293 [Listener at 127.0.0.1/39393] INFO  handler.ContextHandler (ContextHandler.java:doStop(1153)) - Stopped o.e.j.s.ServletContextHandler@232fcbb1{logs,/logs,file:///home/runner/work/ozone/ozone/hadoop-ozone/integration-test/target/log,STOPPED}
2022-05-04 03:13:23,301 [Listener at 127.0.0.1/39393] INFO  ozone.MiniOzoneClusterImpl (MiniOzoneClusterImpl.java:stopSCM(545)) - Stopping the StorageContainerManager
2022-05-04 03:13:23,301 [Listener at 127.0.0.1/39393] INFO  server.StorageContainerManager (StorageContainerManager.java:stop(1420)) - Stopping Container Balancer service.
2022-05-04 03:13:23,301 [Listener at 127.0.0.1/39393] INFO  balancer.ContainerBalancer (ContainerBalancer.java:stopBalancer(923)) - Container Balancer is not running.
2022-05-04 03:13:23,301 [Listener at 127.0.0.1/39393] INFO  server.StorageContainerManager (StorageContainerManager.java:stop(1427)) - Stopping Replication Manager Service.
2022-05-04 03:13:23,301 [Listener at 127.0.0.1/39393] INFO  container.ReplicationManager (ReplicationManager.java:stop(357)) - Stopping Replication Monitor Thread.
2022-05-04 03:13:23,303 [Listener at 127.0.0.1/39393] INFO  server.StorageContainerManager (StorageContainerManager.java:stop(1434)) - Stopping the Datanode Admin Monitor.
2022-05-04 03:13:23,304 [Listener at 127.0.0.1/39393] INFO  server.StorageContainerManager (StorageContainerManager.java:stop(1441)) - Stopping Lease Manager of the command watchers
2022-05-04 03:13:23,304 [Listener at 127.0.0.1/39393] INFO  server.StorageContainerManager (StorageContainerManager.java:stop(1448)) - Stopping datanode service RPC server
2022-05-04 03:13:23,304 [Listener at 127.0.0.1/39393] INFO  server.SCMDatanodeProtocolServer (SCMDatanodeProtocolServer.java:stop(400)) - Stopping the RPC server for DataNodes
2022-05-04 03:13:23,304 [Listener at 127.0.0.1/39393] INFO  ipc.Server (Server.java:stop(3414)) - Stopping server on 35747
2022-05-04 03:13:23,315 [IPC Server listener on 0] INFO  ipc.Server (Server.java:run(1376)) - Stopping IPC Server listener on 0
2022-05-04 03:13:23,315 [IPC Server Responder] INFO  ipc.Server (Server.java:run(1512)) - Stopping IPC Server Responder
2022-05-04 03:13:23,399 [SCM Heartbeat Processing Thread - 0] WARN  node.NodeStateManager (NodeStateManager.java:scheduleNextHealthCheck(815)) - Current Thread is interrupted, shutting down HB processing thread for Node Manager.
2022-05-04 03:13:23,400 [Listener at 127.0.0.1/39393] INFO  server.StorageContainerManager (StorageContainerManager.java:stop(1456)) - Stopping block service RPC server
2022-05-04 03:13:23,400 [Listener at 127.0.0.1/39393] INFO  server.SCMBlockProtocolServer (SCMBlockProtocolServer.java:stop(160)) - Stopping the RPC server for Block Protocol
2022-05-04 03:13:23,400 [Listener at 127.0.0.1/39393] INFO  ipc.Server (Server.java:stop(3414)) - Stopping server on 35637
2022-05-04 03:13:23,402 [IPC Server Responder] INFO  ipc.Server (Server.java:run(1512)) - Stopping IPC Server Responder
2022-05-04 03:13:23,402 [IPC Server listener on 0] INFO  ipc.Server (Server.java:run(1376)) - Stopping IPC Server listener on 0
2022-05-04 03:13:23,403 [Listener at 127.0.0.1/39393] INFO  server.StorageContainerManager (StorageContainerManager.java:stop(1463)) - Stopping the StorageContainerLocationProtocol RPC server
2022-05-04 03:13:23,403 [Listener at 127.0.0.1/39393] INFO  server.SCMClientProtocolServer (SCMClientProtocolServer.java:stop(178)) - Stopping the RPC server for Client Protocol
2022-05-04 03:13:23,404 [Listener at 127.0.0.1/39393] INFO  ipc.Server (Server.java:stop(3414)) - Stopping server on 40303
2022-05-04 03:13:23,405 [IPC Server Responder] INFO  ipc.Server (Server.java:run(1512)) - Stopping IPC Server Responder
2022-05-04 03:13:23,405 [Listener at 127.0.0.1/39393] INFO  server.StorageContainerManager (StorageContainerManager.java:stop(1470)) - Stopping Storage Container Manager HTTP server.
2022-05-04 03:13:23,405 [IPC Server listener on 0] INFO  ipc.Server (Server.java:run(1376)) - Stopping IPC Server listener on 0
2022-05-04 03:13:23,406 [Listener at 127.0.0.1/39393] INFO  handler.ContextHandler (ContextHandler.java:doStop(1153)) - Stopped o.e.j.w.WebAppContext@790f4933{scm,/,null,STOPPED}{file:/home/runner/work/ozone/ozone/hadoop-ozone/integration-test/target/test-classes/webapps/scm}
2022-05-04 03:13:23,411 [Listener at 127.0.0.1/39393] INFO  server.AbstractConnector (AbstractConnector.java:doStop(381)) - Stopped ServerConnector@736f2fb8{HTTP/1.1, (http/1.1)}{0.0.0.0:0}
2022-05-04 03:13:23,412 [Listener at 127.0.0.1/39393] INFO  server.session (HouseKeeper.java:stopScavenging(149)) - node0 Stopped scavenging
2022-05-04 03:13:23,412 [Listener at 127.0.0.1/39393] INFO  handler.ContextHandler (ContextHandler.java:doStop(1153)) - Stopped o.e.j.s.ServletContextHandler@1b53e6fc{static,/static,file:///home/runner/work/ozone/ozone/hadoop-ozone/integration-test/target/test-classes/webapps/static,STOPPED}
2022-05-04 03:13:23,412 [Listener at 127.0.0.1/39393] INFO  handler.ContextHandler (ContextHandler.java:doStop(1153)) - Stopped o.e.j.s.ServletContextHandler@7f9d40b3{logs,/logs,file:///home/runner/work/ozone/ozone/hadoop-ozone/integration-test/target/log,STOPPED}
2022-05-04 03:13:23,413 [Listener at 127.0.0.1/39393] INFO  server.StorageContainerManager (StorageContainerManager.java:stop(1481)) - Stopping Block Manager Service.
2022-05-04 03:13:23,413 [Listener at 127.0.0.1/39393] INFO  utils.BackgroundService (BackgroundService.java:shutdown(132)) - Shutting down service SCMBlockDeletingService
2022-05-04 03:13:23,414 [Listener at 127.0.0.1/39393] INFO  utils.BackgroundService (BackgroundService.java:shutdown(132)) - Shutting down service SCMBlockDeletingService
2022-05-04 03:13:23,414 [Listener at 127.0.0.1/39393] INFO  server.StorageContainerManager (StorageContainerManager.java:stop(1508)) - Stopping SCM Event Queue.
2022-05-04 03:13:23,427 [Listener at 127.0.0.1/39393] INFO  server.StorageContainerManager (StorageContainerManager.java:stop(1519)) - Stopping SCM HA services.
2022-05-04 03:13:23,427 [Listener at 127.0.0.1/39393] INFO  pipeline.BackgroundPipelineCreator (BackgroundPipelineCreator.java:stop(148)) - Stopping RatisPipelineUtilsThread.
2022-05-04 03:13:23,427 [RatisPipelineUtilsThread - 0] WARN  pipeline.BackgroundPipelineCreator (BackgroundPipelineCreator.java:run(175)) - RatisPipelineUtilsThread is interrupted.
2022-05-04 03:13:23,427 [Listener at 127.0.0.1/39393] INFO  pipeline.BackgroundPipelineScrubber (BackgroundPipelineScrubber.java:stop(141)) - Stopping Pipeline Scrubber Service.
2022-05-04 03:13:23,428 [Listener at 127.0.0.1/39393] INFO  server.StorageContainerManager (StorageContainerManager.java:stop(1529)) - Stopping SCM MetadataStore.
2022-05-04 03:13:23,430 [Listener at 127.0.0.1/39393] INFO  impl.MetricsSystemImpl (MetricsSystemImpl.java:stop(210)) - Stopping XceiverClientMetrics metrics system...
2022-05-04 03:13:23,430 [PipelineScrubberThread] WARN  pipeline.BackgroundPipelineScrubber (BackgroundPipelineScrubber.java:run(162)) - PipelineScrubberThread is interrupted, exit
2022-05-04 03:13:23,439 [prometheus] INFO  impl.MetricsSinkAdapter (MetricsSinkAdapter.java:publishMetricsFromQueue(141)) - prometheus thread interrupted.
2022-05-04 03:13:23,439 [Listener at 127.0.0.1/39393] INFO  impl.MetricsSystemImpl (MetricsSystemImpl.java:stop(216)) - XceiverClientMetrics metrics system stopped.
2022-05-04 03:13:23,674 [Listener at 127.0.0.1/39393] WARN  server.ServerUtils (ServerUtils.java:getScmDbDir(148)) - ozone.scm.db.dirs is not configured. We recommend adding this setting. Falling back to ozone.metadata.dirs instead.
2022-05-04 03:13:23,691 [Listener at 127.0.0.1/39393] INFO  ha.SCMHANodeDetails (SCMHANodeDetails.java:loadSCMHAConfig(157)) - ServiceID for StorageContainerManager is null
2022-05-04 03:13:23,691 [Listener at 127.0.0.1/39393] INFO  ha.SCMHANodeDetails (SCMHANodeDetails.java:loadSCMHAConfig(162)) - ozone.scm.default.service.id is not defined, falling back to ozone.scm.service.ids to find serviceID for StorageContainerManager if it is HA enabled cluster
2022-05-04 03:13:23,692 [Listener at 127.0.0.1/39393] WARN  server.ServerUtils (ServerUtils.java:getScmDbDir(148)) - ozone.scm.db.dirs is not configured. We recommend adding this setting. Falling back to ozone.metadata.dirs instead.
2022-05-04 03:13:23,692 [Listener at 127.0.0.1/39393] INFO  upgrade.AbstractLayoutVersionManager (AbstractLayoutVersionManager.java:init(79)) - Initializing Layout version manager with metadata layout = ERASURE_CODED_STORAGE_SUPPORT (version = 3), software layout = ERASURE_CODED_STORAGE_SUPPORT (version = 3)
2022-05-04 03:13:23,800 [Listener at 127.0.0.1/39393] INFO  reflections.Reflections (Reflections.java:scan(232)) - Reflections took 106 ms to scan 7 urls, producing 126 keys and 289 values 
2022-05-04 03:13:23,803 [Listener at 127.0.0.1/39393] WARN  utils.HAUtils (HAUtils.java:getMetaDir(342)) - ozone.scm.db.dirs is not configured. We recommend adding this setting. Falling back to ozone.metadata.dirs instead.
2022-05-04 03:13:23,809 [Listener at 127.0.0.1/39393] WARN  db.DBStoreBuilder (DBStoreBuilder.java:applyDBDefinition(145)) - ozone.scm.db.dirs is not configured. We recommend adding this setting. Falling back to ozone.metadata.dirs instead.
2022-05-04 03:13:24,028 [Listener at 127.0.0.1/39393] INFO  net.NodeSchemaLoader (NodeSchemaLoader.java:loadSchemaFromFile(129)) - Loading schema from [jar:file:/home/runner/.m2/repository/org/apache/ozone/hdds-common/1.3.0-SNAPSHOT/hdds-common-1.3.0-SNAPSHOT.jar!/network-topology-default.xml]
2022-05-04 03:13:24,028 [Listener at 127.0.0.1/39393] INFO  net.NodeSchemaLoader (NodeSchemaLoader.java:loadSchema(176)) - Loading network topology layer schema file
2022-05-04 03:13:24,032 [Listener at 127.0.0.1/39393] INFO  ha.SequenceIdGenerator (SequenceIdGenerator.java:upgradeToSequenceId(347)) - upgrade localId to 109611004723200000
2022-05-04 03:13:24,032 [Listener at 127.0.0.1/39393] INFO  ha.SequenceIdGenerator (SequenceIdGenerator.java:upgradeToSequenceId(357)) - upgrade delTxnId to 0
2022-05-04 03:13:24,032 [Listener at 127.0.0.1/39393] INFO  ha.SequenceIdGenerator (SequenceIdGenerator.java:upgradeToSequenceId(371)) - upgrade containerId to 0
2022-05-04 03:13:24,032 [Listener at 127.0.0.1/39393] INFO  ha.SequenceIdGenerator (SequenceIdGenerator.java:<init>(218)) - Init the HA SequenceIdGenerator.
2022-05-04 03:13:24,033 [Listener at 127.0.0.1/39393] WARN  server.ServerUtils (ServerUtils.java:sanitizeUserArgs(73)) - ozone.scm.stale.node.interval value = 300000 is larger than max = 100000 based on the key value of ozone.scm.heartbeat.thread.interval, reset to the max value 100000.
2022-05-04 03:13:24,033 [Listener at 127.0.0.1/39393] WARN  server.ServerUtils (ServerUtils.java:sanitizeUserArgs(73)) - ozone.scm.stale.node.interval value = 300000 is larger than max = 100000 based on the key value of ozone.scm.heartbeat.thread.interval, reset to the max value 100000.
2022-05-04 03:13:24,033 [Listener at 127.0.0.1/39393] INFO  node.SCMNodeManager (SCMNodeManager.java:<init>(148)) - Entering startup safe mode.
2022-05-04 03:13:24,034 [Listener at 127.0.0.1/39393] INFO  algorithms.ContainerPlacementPolicyFactory (ContainerPlacementPolicyFactory.java:getPolicyInternal(86)) - Create container placement policy of type org.apache.hadoop.hdds.scm.container.placement.algorithms.SCMContainerPlacementRandom
2022-05-04 03:13:24,034 [Listener at 127.0.0.1/39393] INFO  pipeline.PipelineStateManagerImpl (PipelineStateManagerImpl.java:initialize(78)) - No pipeline exists in current db
2022-05-04 03:13:24,034 [Listener at 127.0.0.1/39393] INFO  algorithms.LeaderChoosePolicyFactory (LeaderChoosePolicyFactory.java:getPolicy(57)) - Create leader choose policy of type org.apache.hadoop.hdds.scm.pipeline.leader.choose.algorithms.MinLeaderCountChoosePolicy
2022-05-04 03:13:24,034 [Listener at 127.0.0.1/39393] INFO  algorithms.ContainerPlacementPolicyFactory (ContainerPlacementPolicyFactory.java:getPolicyInternal(86)) - Create container placement policy of type org.apache.hadoop.hdds.scm.container.placement.algorithms.SCMContainerPlacementRackScatter
2022-05-04 03:13:24,035 [Listener at 127.0.0.1/39393] INFO  pipeline.BackgroundPipelineCreator (BackgroundPipelineCreator.java:start(123)) - Starting RatisPipelineUtilsThread.
2022-05-04 03:13:24,035 [Listener at 127.0.0.1/39393] INFO  pipeline.BackgroundPipelineScrubber (BackgroundPipelineScrubber.java:start(124)) - Starting Pipeline Scrubber Service.
2022-05-04 03:13:24,036 [Listener at 127.0.0.1/39393] INFO  ha.SCMServiceManager (SCMServiceManager.java:register(42)) - Registering service BackgroundPipelineCreator.
2022-05-04 03:13:24,036 [Listener at 127.0.0.1/39393] INFO  ha.SCMServiceManager (SCMServiceManager.java:register(42)) - Registering service BackgroundPipelineScrubber.
2022-05-04 03:13:24,037 [Listener at 127.0.0.1/39393] INFO  algorithms.PipelineChoosePolicyFactory (PipelineChoosePolicyFactory.java:createPipelineChoosePolicyFromClass(73)) - Create pipeline choose policy of type org.apache.hadoop.hdds.scm.pipeline.choose.algorithms.RandomPipelineChoosePolicy
2022-05-04 03:13:24,038 [Listener at 127.0.0.1/39393] INFO  ha.SCMServiceManager (SCMServiceManager.java:register(42)) - Registering service SCMBlockDeletingService.
2022-05-04 03:13:24,038 [Listener at 127.0.0.1/39393] INFO  ha.SCMServiceManager (SCMServiceManager.java:register(42)) - Registering service ReplicationManager.
2022-05-04 03:13:24,042 [Listener at 127.0.0.1/39393] INFO  container.ReplicationManager (ReplicationManager.java:start(326)) - Starting Replication Monitor Thread.
2022-05-04 03:13:24,063 [Listener at 127.0.0.1/39393] INFO  safemode.ContainerSafeModeRule (ContainerSafeModeRule.java:<init>(89)) - containers with one replica threshold count 0
2022-05-04 03:13:24,063 [Listener at 127.0.0.1/39393] INFO  safemode.HealthyPipelineSafeModeRule (HealthyPipelineSafeModeRule.java:initializeRule(156)) - Total pipeline count is 0, healthy pipeline threshold count is 1
2022-05-04 03:13:24,064 [Listener at 127.0.0.1/39393] INFO  safemode.OneReplicaPipelineSafeModeRule (OneReplicaPipelineSafeModeRule.java:initializeRule(180)) - Total pipeline count is 0, pipeline's with at least one datanode reported threshold count is 0
2022-05-04 03:13:24,064 [ReplicationMonitor] INFO  container.ReplicationManager (ReplicationManager.java:processAll(374)) - Replication Manager is not ready to run until 3000ms after safemode exit
2022-05-04 03:13:24,070 [Listener at 127.0.0.1/39393] INFO  ipc.CallQueueManager (CallQueueManager.java:<init>(90)) - Using callQueue: class java.util.concurrent.LinkedBlockingQueue, queueCapacity: 2000, scheduler: class org.apache.hadoop.ipc.DefaultRpcScheduler, ipcBackoff: false.
2022-05-04 03:13:24,090 [Socket Reader #1 for port 0] INFO  ipc.Server (Server.java:run(1265)) - Starting Socket Reader #1 for port 0
2022-05-04 03:13:24,098 [Listener at 0.0.0.0/41551] INFO  ipc.CallQueueManager (CallQueueManager.java:<init>(90)) - Using callQueue: class java.util.concurrent.LinkedBlockingQueue, queueCapacity: 2000, scheduler: class org.apache.hadoop.ipc.DefaultRpcScheduler, ipcBackoff: false.
2022-05-04 03:13:24,110 [Socket Reader #1 for port 0] INFO  ipc.Server (Server.java:run(1265)) - Starting Socket Reader #1 for port 0
2022-05-04 03:13:24,123 [Listener at 0.0.0.0/34247] INFO  ipc.CallQueueManager (CallQueueManager.java:<init>(90)) - Using callQueue: class java.util.concurrent.LinkedBlockingQueue, queueCapacity: 2000, scheduler: class org.apache.hadoop.ipc.DefaultRpcScheduler, ipcBackoff: false.
2022-05-04 03:13:24,123 [Socket Reader #1 for port 0] INFO  ipc.Server (Server.java:run(1265)) - Starting Socket Reader #1 for port 0
2022-05-04 03:13:24,165 [Listener at 0.0.0.0/39867] INFO  server.StorageContainerManager (StorageContainerManager.java:<init>(391)) - 
Container Balancer status:
Key                            Value
Running                        false
Container Balancer Configuration values:
Key                                                Value
Threshold                                          10
Max Datanodes to Involve per Iteration(percent)    20
Max Size to Move per Iteration                     500GB
Max Size Entering Target per Iteration             26GB
Max Size Leaving Source per Iteration              26GB

2022-05-04 03:13:24,165 [Listener at 0.0.0.0/39867] WARN  events.EventQueue (EventQueue.java:fireEvent(194)) - No event handler registered for event TypedEvent{payloadType=SafeModeStatus, name='Safe mode status'}
2022-05-04 03:13:24,166 [Listener at 0.0.0.0/39867] INFO  ha.SCMContext (SCMContext.java:updateSafeModeStatus(211)) - Update SafeModeStatus from SafeModeStatus{safeModeStatus=true, preCheckPassed=false} to SafeModeStatus{safeModeStatus=true, preCheckPassed=false}.
2022-05-04 03:13:24,166 [Listener at 0.0.0.0/39867] INFO  server.StorageContainerManager (StorageContainerManager.java:start(1333)) - StorageContainerLocationProtocol RPC server is listening at /0.0.0.0:39867
2022-05-04 03:13:24,174 [Listener at 0.0.0.0/39867] WARN  impl.MetricsConfig (MetricsConfig.java:loadFirst(136)) - Cannot locate configuration: tried hadoop-metrics2-storagecontainermanager.properties,hadoop-metrics2.properties
2022-05-04 03:13:24,175 [Listener at 0.0.0.0/39867] INFO  impl.MetricsSystemImpl (MetricsSystemImpl.java:startTimer(378)) - Scheduled Metric snapshot period at 10 second(s).
2022-05-04 03:13:24,175 [Listener at 0.0.0.0/39867] INFO  impl.MetricsSystemImpl (MetricsSystemImpl.java:start(191)) - StorageContainerManager metrics system started
2022-05-04 03:13:24,226 [Listener at 0.0.0.0/39867] INFO  impl.MetricsSinkAdapter (MetricsSinkAdapter.java:start(204)) - Sink prometheus started
2022-05-04 03:13:24,240 [Listener at 0.0.0.0/39867] INFO  impl.MetricsSystemImpl (MetricsSystemImpl.java:registerSink(305)) - Registered sink prometheus
2022-05-04 03:13:24,296 [Listener at 0.0.0.0/39867] INFO  server.SCMClientProtocolServer (SCMClientProtocolServer.java:start(169)) - RPC server for Client  is listening at /0.0.0.0:39867
2022-05-04 03:13:24,306 [IPC Server Responder] INFO  ipc.Server (Server.java:run(1507)) - IPC Server Responder: starting
2022-05-04 03:13:24,306 [IPC Server listener on 0] INFO  ipc.Server (Server.java:run(1344)) - IPC Server listener on 0: starting
2022-05-04 03:13:24,425 [Listener at 0.0.0.0/39867] INFO  server.StorageContainerManager (StorageContainerManager.java:start(1348)) - ScmBlockLocationProtocol RPC server is listening at /0.0.0.0:34247
2022-05-04 03:13:24,426 [Listener at 0.0.0.0/39867] INFO  server.SCMBlockProtocolServer (SCMBlockProtocolServer.java:start(151)) - RPC server for Block Protocol is listening at /0.0.0.0:34247
2022-05-04 03:13:24,432 [IPC Server Responder] INFO  ipc.Server (Server.java:run(1507)) - IPC Server Responder: starting
2022-05-04 03:13:24,433 [IPC Server listener on 0] INFO  ipc.Server (Server.java:run(1344)) - IPC Server listener on 0: starting
2022-05-04 03:13:24,443 [Listener at 0.0.0.0/39867] INFO  server.SCMDatanodeProtocolServer (SCMDatanodeProtocolServer.java:start(183)) - ScmDatanodeProtocol RPC server for DataNodes is listening at /0.0.0.0:41551
2022-05-04 03:13:24,443 [IPC Server Responder] INFO  ipc.Server (Server.java:run(1507)) - IPC Server Responder: starting
2022-05-04 03:13:24,444 [IPC Server listener on 0] INFO  ipc.Server (Server.java:run(1344)) - IPC Server listener on 0: starting
2022-05-04 03:13:24,483 [Listener at 0.0.0.0/39867] INFO  http.BaseHttpServer (BaseHttpServer.java:newHttpServer2BuilderForOzone(209)) - Starting Web-server for scm at: http://0.0.0.0:0
2022-05-04 03:13:24,483 [Listener at 0.0.0.0/39867] INFO  http.BaseHttpServer (BaseHttpServer.java:<init>(107)) - Hadoop Security Enabled: false Ozone Security Enabled: false Ozone HTTP Security Enabled: false 
2022-05-04 03:13:24,495 [Listener at 0.0.0.0/39867] INFO  server.AuthenticationFilter (AuthenticationFilter.java:constructSecretProvider(240)) - Unable to initialize FileSignerSecretProvider, falling back to use random secrets.
2022-05-04 03:13:24,497 [org.apache.hadoop.util.JvmPauseMonitor$Monitor@faf65ac] INFO  util.JvmPauseMonitor (JvmPauseMonitor.java:run(188)) - Starting JVM pause monitor
2022-05-04 03:13:24,510 [Listener at 0.0.0.0/39867] WARN  http.HttpRequestLog (HttpRequestLog.java:getRequestLog(103)) - Jetty request log can only be enabled using Log4j
2022-05-04 03:13:24,512 [Listener at 0.0.0.0/39867] INFO  http.HttpServer2 (HttpServer2.java:addGlobalFilter(1030)) - Added global filter 'safety' (class=org.apache.hadoop.hdds.server.http.HttpServer2$QuotingInputFilter)
2022-05-04 03:13:24,512 [Listener at 0.0.0.0/39867] INFO  http.HttpServer2 (HttpServer2.java:addFilter(1006)) - Added filter static_user_filter (class=org.apache.hadoop.http.lib.StaticUserWebFilter$StaticUserFilter) to context scm
2022-05-04 03:13:24,513 [Listener at 0.0.0.0/39867] INFO  http.HttpServer2 (HttpServer2.java:addFilter(1014)) - Added filter static_user_filter (class=org.apache.hadoop.http.lib.StaticUserWebFilter$StaticUserFilter) to context static
2022-05-04 03:13:24,513 [Listener at 0.0.0.0/39867] INFO  http.HttpServer2 (HttpServer2.java:addFilter(1014)) - Added filter static_user_filter (class=org.apache.hadoop.http.lib.StaticUserWebFilter$StaticUserFilter) to context logs
2022-05-04 03:13:24,514 [Listener at 0.0.0.0/39867] INFO  http.HttpServer2 (HttpServer2.java:bindListener(1249)) - Jetty bound to port 39641
2022-05-04 03:13:24,514 [Listener at 0.0.0.0/39867] INFO  server.Server (Server.java:doStart(375)) - jetty-9.4.43.v20210629; built: 2021-06-30T11:07:22.254Z; git: 526006ecfa3af7f1a27ef3a288e2bef7ea9dd7e8; jvm 1.8.0_322-b06
2022-05-04 03:13:24,518 [Listener at 0.0.0.0/39867] INFO  server.session (DefaultSessionIdManager.java:doStart(334)) - DefaultSessionIdManager workerName=node0
2022-05-04 03:13:24,519 [Listener at 0.0.0.0/39867] INFO  server.session (DefaultSessionIdManager.java:doStart(339)) - No SessionScavenger set, using defaults
2022-05-04 03:13:24,519 [Listener at 0.0.0.0/39867] INFO  server.session (HouseKeeper.java:startScavenging(132)) - node0 Scavenging every 600000ms
2022-05-04 03:13:24,520 [Listener at 0.0.0.0/39867] INFO  handler.ContextHandler (ContextHandler.java:doStart(915)) - Started o.e.j.s.ServletContextHandler@692170bb{logs,/logs,file:///home/runner/work/ozone/ozone/hadoop-ozone/integration-test/target/log,AVAILABLE}
2022-05-04 03:13:24,520 [Listener at 0.0.0.0/39867] INFO  handler.ContextHandler (ContextHandler.java:doStart(915)) - Started o.e.j.s.ServletContextHandler@5a7380a5{static,/static,file:///home/runner/work/ozone/ozone/hadoop-ozone/integration-test/target/test-classes/webapps/static,AVAILABLE}
2022-05-04 03:13:24,532 [Listener at 0.0.0.0/39867] INFO  handler.ContextHandler (ContextHandler.java:doStart(915)) - Started o.e.j.w.WebAppContext@5ca15fbc{scm,/,file:///home/runner/work/ozone/ozone/hadoop-ozone/integration-test/target/test-classes/webapps/scm/,AVAILABLE}{file:/home/runner/work/ozone/ozone/hadoop-ozone/integration-test/target/test-classes/webapps/scm}
2022-05-04 03:13:24,552 [Listener at 0.0.0.0/39867] INFO  server.AbstractConnector (AbstractConnector.java:doStart(331)) - Started ServerConnector@546debe2{HTTP/1.1, (http/1.1)}{0.0.0.0:39641}
2022-05-04 03:13:24,553 [Listener at 0.0.0.0/39867] INFO  server.Server (Server.java:doStart(415)) - Started @80793ms
2022-05-04 03:13:24,553 [Listener at 0.0.0.0/39867] WARN  impl.MetricsSystemImpl (MetricsSystemImpl.java:register(279)) - Sink prometheus already exists!
2022-05-04 03:13:24,559 [Listener at 0.0.0.0/39867] INFO  http.BaseHttpServer (BaseHttpServer.java:updateConnectorAddress(329)) - HTTP server of scm listening at http://0.0.0.0:39641
2022-05-04 03:13:24,560 [Listener at 0.0.0.0/39867] WARN  server.ServerUtils (ServerUtils.java:getDBPath(225)) - ozone.om.db.dirs is not configured. We recommend adding this setting. Falling back to ozone.metadata.dirs instead.
2022-05-04 03:13:24,565 [Listener at 0.0.0.0/39867] INFO  ha.OMHANodeDetails (OMHANodeDetails.java:loadOMHAConfig(112)) - ozone.om.internal.service.id is not defined, falling back to ozone.om.service.ids to find serviceID for OzoneManager if it is HA enabled cluster
2022-05-04 03:13:24,565 [Listener at 0.0.0.0/39867] INFO  ha.OMHANodeDetails (OMHANodeDetails.java:loadOMHAConfig(218)) - Configuration does not have ozone.om.address set. Falling back to the default OM address /127.0.0.1:0
2022-05-04 03:13:24,565 [Listener at 0.0.0.0/39867] INFO  ha.OMHANodeDetails (OMHANodeDetails.java:getOMNodeDetailsForNonHA(246)) - OM Service ID is not set. Setting it to the default ID: omServiceIdDefault
2022-05-04 03:13:24,565 [Listener at 0.0.0.0/39867] INFO  ha.OMHANodeDetails (OMHANodeDetails.java:getOMNodeDetailsForNonHA(253)) - OM Node ID is not set. Setting it to the default ID: om1
2022-05-04 03:13:24,566 [Listener at 0.0.0.0/39867] WARN  server.ServerUtils (ServerUtils.java:getDBPath(225)) - ozone.om.db.dirs is not configured. We recommend adding this setting. Falling back to ozone.metadata.dirs instead.
2022-05-04 03:13:24,566 [Listener at 0.0.0.0/39867] INFO  upgrade.AbstractLayoutVersionManager (AbstractLayoutVersionManager.java:init(79)) - Initializing Layout version manager with metadata layout = ERASURE_CODED_STORAGE_SUPPORT (version = 1), software layout = ERASURE_CODED_STORAGE_SUPPORT (version = 1)
2022-05-04 03:13:24,752 [Listener at 0.0.0.0/39867] INFO  reflections.Reflections (Reflections.java:scan(232)) - Reflections took 185 ms to scan 2 urls, producing 143 keys and 368 values [using 2 cores]
2022-05-04 03:13:24,753 [Listener at 0.0.0.0/39867] INFO  upgrade.OMLayoutVersionManager (OMLayoutVersionManager.java:lambda$0(115)) - Skipping Upgrade Action MockOmUpgradeAction since it has been finalized.
2022-05-04 03:13:24,753 [Listener at 0.0.0.0/39867] WARN  server.ServerUtils (ServerUtils.java:getDBPath(225)) - ozone.om.db.dirs is not configured. We recommend adding this setting. Falling back to ozone.metadata.dirs instead.
2022-05-04 03:13:24,768 [Listener at 0.0.0.0/39867] WARN  server.ServerUtils (ServerUtils.java:getDBPath(225)) - ozone.om.db.dirs is not configured. We recommend adding this setting. Falling back to ozone.metadata.dirs instead.
2022-05-04 03:13:24,768 [Listener at 0.0.0.0/39867] INFO  codec.OmKeyInfoCodec (OmKeyInfoCodec.java:<init>(49)) - OmKeyInfoCodec ignorePipeline = true
2022-05-04 03:13:24,768 [Listener at 0.0.0.0/39867] INFO  codec.RepeatedOmKeyInfoCodec (RepeatedOmKeyInfoCodec.java:<init>(41)) - RepeatedOmKeyInfoCodec ignorePipeline = true
2022-05-04 03:13:25,132 [Listener at 0.0.0.0/39867] INFO  om.OzoneManager (OzoneManager.java:addS3GVolumeToDB(3880)) - Created Volume s3v With Owner runner required for S3Gateway operations.
2022-05-04 03:13:25,133 [Listener at 0.0.0.0/39867] WARN  server.ServerUtils (ServerUtils.java:getDefaultRatisDirectory(237)) - Storage directory for Ratis is not configured. It is a good idea to map this to an SSD disk. Falling back to ozone.metadata.dirs
2022-05-04 03:13:25,133 [Listener at 0.0.0.0/39867] WARN  utils.OzoneManagerRatisUtils (OzoneManagerRatisUtils.java:getOMRatisSnapshotDirectory(395)) - ozone.om.ratis.snapshot.dir is not configured. Falling back to ozone.metadata.dirs config
2022-05-04 03:13:25,133 [Listener at 0.0.0.0/39867] WARN  server.ServerUtils (ServerUtils.java:getDefaultRatisDirectory(237)) - Storage directory for Ratis is not configured. It is a good idea to map this to an SSD disk. Falling back to ozone.metadata.dirs
2022-05-04 03:13:25,138 [Listener at 0.0.0.0/39867] INFO  ratis.OzoneManagerRatisServer (OzoneManagerRatisServer.java:<init>(159)) - Instantiating OM Ratis server with groupID: omServiceIdDefault and peers: localhost:9872
2022-05-04 03:13:25,138 [Listener at 0.0.0.0/39867] INFO  ratis.OzoneManagerStateMachine (OzoneManagerStateMachine.java:loadSnapshotInfoFromDB(627)) - LastAppliedIndex is set from TransactionInfo from OM DB as (t:0, i:~)
2022-05-04 03:13:25,139 [Listener at 0.0.0.0/39867] INFO  server.RaftServer (ConfUtils.java:logGet(44)) - raft.rpc.type = GRPC (default)
2022-05-04 03:13:25,139 [Listener at 0.0.0.0/39867] INFO  grpc.GrpcFactory (GrpcFactory.java:checkPooledByteBufAllocatorUseCacheForAllThreads(48)) - PERFORMANCE WARNING: useCacheForAllThreads is true that may cause Netty to create a lot garbage objects and, as a result, trigger GC.
	It is recommended to disable useCacheForAllThreads by setting -Dorg.apache.ratis.thirdparty.io.netty.allocator.useCacheForAllThreads=false in command line.
2022-05-04 03:13:25,140 [Listener at 0.0.0.0/39867] INFO  grpc.GrpcConfigKeys (ConfUtils.java:logGet(44)) - raft.grpc.admin.port = -1 (default)
2022-05-04 03:13:25,140 [Listener at 0.0.0.0/39867] INFO  grpc.GrpcConfigKeys (ConfUtils.java:logGet(44)) - raft.grpc.server.port = 9872 (custom)
2022-05-04 03:13:25,140 [Listener at 0.0.0.0/39867] INFO  grpc.GrpcConfigKeys (ConfUtils.java:logGet(44)) - raft.grpc.client.port = -1 (default)
2022-05-04 03:13:25,140 [Listener at 0.0.0.0/39867] INFO  grpc.GrpcConfigKeys (ConfUtils.java:logGet(44)) - raft.grpc.server.port = 9872 (custom)
2022-05-04 03:13:25,140 [Listener at 0.0.0.0/39867] INFO  grpc.GrpcConfigKeys (ConfUtils.java:logGet(44)) - raft.grpc.server.port = 9872 (custom)
2022-05-04 03:13:25,140 [Listener at 0.0.0.0/39867] INFO  server.GrpcService (ConfUtils.java:logGet(44)) - raft.grpc.message.size.max = 33554432 (custom)
2022-05-04 03:13:25,140 [Listener at 0.0.0.0/39867] INFO  server.RaftServerConfigKeys (ConfUtils.java:logGet(44)) - raft.server.log.appender.buffer.byte-limit = 33554432 (custom)
2022-05-04 03:13:25,141 [Listener at 0.0.0.0/39867] INFO  server.GrpcService (ConfUtils.java:logGet(44)) - raft.grpc.flow.control.window = 1MB (=1048576) (default)
2022-05-04 03:13:25,141 [Listener at 0.0.0.0/39867] INFO  server.RaftServerConfigKeys (ConfUtils.java:logGet(44)) - raft.server.rpc.request.timeout = 3000ms (default)
2022-05-04 03:13:25,142 [Listener at 0.0.0.0/39867] INFO  impl.DataStreamServerImpl (ConfUtils.java:logGet(44)) - raft.datastream.type = DISABLED (default)
2022-05-04 03:13:25,142 [Listener at 0.0.0.0/39867] INFO  server.RaftServerConfigKeys (ConfUtils.java:logGet(44)) - raft.server.rpc.slowness.timeout = 120s (custom)
2022-05-04 03:13:25,143 [Listener at 0.0.0.0/39867] INFO  server.RaftServerConfigKeys (ConfUtils.java:logGet(44)) - raft.server.leaderelection.leader.step-down.wait-time = 10s (default)
2022-05-04 03:13:25,143 [Listener at 0.0.0.0/39867] INFO  server.RaftServerConfigKeys (ConfUtils.java:logGet(44)) - raft.server.storage.dir = [/home/runner/work/ozone/ozone/hadoop-ozone/integration-test/target/test-dir/MiniOzoneClusterImpl-16b4eb12-8d22-44ef-95c0-40f9ce645855/ozone-meta/ratis] (custom)
2022-05-04 03:13:25,155 [Listener at 0.0.0.0/39867] INFO  server.RaftServer (RaftServerProxy.java:addNew(95)) - om1: addNew group-C5BA1605619E:[om1|rpc:localhost:9872|priority:0] returns group-C5BA1605619E:java.util.concurrent.CompletableFuture@4e5f4756[Not completed]
2022-05-04 03:13:25,155 [Listener at 0.0.0.0/39867] INFO  om.OzoneManager (OzoneManager.java:initializeRatisServer(1891)) - OzoneManager Ratis server initialized at port 9872
2022-05-04 03:13:25,156 [Listener at 0.0.0.0/39867] INFO  om.OzoneManager (OzoneManager.java:getRpcServer(1027)) - Creating RPC Server
2022-05-04 03:13:25,157 [pool-267-thread-1] INFO  server.RaftServer$Division (RaftServerImpl.java:<init>(184)) - om1: new RaftServerImpl for group-C5BA1605619E:[om1|rpc:localhost:9872|priority:0] with OzoneManagerStateMachine:uninitialized
2022-05-04 03:13:25,158 [pool-267-thread-1] INFO  server.RaftServerConfigKeys (ConfUtils.java:logGet(44)) - raft.server.rpc.timeout.min = 1s (custom)
2022-05-04 03:13:25,158 [pool-267-thread-1] INFO  server.RaftServerConfigKeys (ConfUtils.java:logGet(44)) - raft.server.rpc.timeout.max = 1200ms (custom)
2022-05-04 03:13:25,158 [pool-267-thread-1] INFO  server.RaftServerConfigKeys (ConfUtils.java:logGet(44)) - raft.server.rpc.sleep.time = 25ms (default)
2022-05-04 03:13:25,158 [pool-267-thread-1] INFO  server.RaftServerConfigKeys (ConfUtils.java:logGet(44)) - raft.server.rpc.slowness.timeout = 120s (custom)
2022-05-04 03:13:25,158 [pool-267-thread-1] INFO  server.RaftServerConfigKeys (ConfUtils.java:logGet(44)) - raft.server.leaderelection.leader.step-down.wait-time = 10s (default)
2022-05-04 03:13:25,159 [pool-267-thread-1] INFO  server.RaftServerConfigKeys (ConfUtils.java:logGet(44)) - raft.server.sleep.deviation.threshold = 300ms (default)
2022-05-04 03:13:25,159 [pool-267-thread-1] INFO  server.RaftServerConfigKeys (ConfUtils.java:logGet(44)) - raft.server.log.appender.install.snapshot.enabled = false (custom)
2022-05-04 03:13:25,159 [pool-267-thread-1] INFO  server.RaftServer$Division (ServerState.java:<init>(105)) - om1@group-C5BA1605619E: ConfigurationManager, init=-1: [om1|rpc:localhost:9872|priority:0], old=null, confs=<EMPTY_MAP>
2022-05-04 03:13:25,159 [pool-267-thread-1] INFO  server.RaftServerConfigKeys (ConfUtils.java:logGet(44)) - raft.server.storage.dir = [/home/runner/work/ozone/ozone/hadoop-ozone/integration-test/target/test-dir/MiniOzoneClusterImpl-16b4eb12-8d22-44ef-95c0-40f9ce645855/ozone-meta/ratis] (custom)
2022-05-04 03:13:25,159 [pool-267-thread-1] INFO  server.RaftServerConfigKeys (ConfUtils.java:logGet(44)) - raft.server.log.corruption.policy = EXCEPTION (default)
2022-05-04 03:13:25,159 [pool-267-thread-1] INFO  server.RaftServerConfigKeys (ConfUtils.java:logGet(44)) - raft.server.storage.free-space.min = 0MB (=0) (default)
2022-05-04 03:13:25,159 [pool-267-thread-1] INFO  storage.RaftStorageDirectory (RaftStorageDirectoryImpl.java:analyzeStorage(135)) - The storage directory /home/runner/work/ozone/ozone/hadoop-ozone/integration-test/target/test-dir/MiniOzoneClusterImpl-16b4eb12-8d22-44ef-95c0-40f9ce645855/ozone-meta/ratis/bf265839-605b-3f16-9796-c5ba1605619e does not exist. Creating ...
2022-05-04 03:13:25,163 [pool-267-thread-1] INFO  storage.RaftStorageDirectory (RaftStorageDirectoryImpl.java:tryLock(230)) - Lock on /home/runner/work/ozone/ozone/hadoop-ozone/integration-test/target/test-dir/MiniOzoneClusterImpl-16b4eb12-8d22-44ef-95c0-40f9ce645855/ozone-meta/ratis/bf265839-605b-3f16-9796-c5ba1605619e/in_use.lock acquired by nodename 29567@fv-az270-73
2022-05-04 03:13:25,166 [pool-267-thread-1] INFO  storage.RaftStorage (RaftStorageImpl.java:format(89)) - Storage directory /home/runner/work/ozone/ozone/hadoop-ozone/integration-test/target/test-dir/MiniOzoneClusterImpl-16b4eb12-8d22-44ef-95c0-40f9ce645855/ozone-meta/ratis/bf265839-605b-3f16-9796-c5ba1605619e has been successfully formatted.
2022-05-04 03:13:25,166 [pool-267-thread-1] INFO  server.RaftServerConfigKeys (ConfUtils.java:logGet(44)) - raft.server.notification.no-leader.timeout = 120s (custom)
2022-05-04 03:13:25,166 [pool-267-thread-1] INFO  server.RaftServerConfigKeys (ConfUtils.java:logGet(44)) - raft.server.log.use.memory = false (default)
2022-05-04 03:13:25,166 [pool-267-thread-1] INFO  server.RaftServerConfigKeys (ConfUtils.java:logGet(44)) - raft.server.log.purge.gap = 1000000 (custom)
2022-05-04 03:13:25,166 [pool-267-thread-1] INFO  server.RaftServerConfigKeys (ConfUtils.java:logGet(44)) - raft.server.log.appender.buffer.byte-limit = 33554432 (custom)
2022-05-04 03:13:25,167 [pool-267-thread-1] INFO  server.RaftServerConfigKeys (ConfUtils.java:logGet(44)) - raft.server.log.segment.size.max = 4194304 (custom)
2022-05-04 03:13:25,167 [pool-267-thread-1] INFO  server.RaftServerConfigKeys (ConfUtils.java:logGet(44)) - raft.server.log.segment.cache.num.max = 2 (custom)
2022-05-04 03:13:25,168 [pool-267-thread-1] INFO  server.RaftServerConfigKeys (ConfUtils.java:logGet(44)) - raft.server.log.segment.cache.size.max = 200MB (=209715200) (default)
2022-05-04 03:13:25,168 [pool-267-thread-1] INFO  segmented.SegmentedRaftLogWorker (SegmentedRaftLogWorker.java:<init>(182)) - new om1@group-C5BA1605619E-SegmentedRaftLogWorker for RaftStorageImpl:Storage Directory /home/runner/work/ozone/ozone/hadoop-ozone/integration-test/target/test-dir/MiniOzoneClusterImpl-16b4eb12-8d22-44ef-95c0-40f9ce645855/ozone-meta/ratis/bf265839-605b-3f16-9796-c5ba1605619e
2022-05-04 03:13:25,168 [pool-267-thread-1] INFO  server.RaftServerConfigKeys (ConfUtils.java:logGet(44)) - raft.server.log.queue.byte-limit = 64MB (=67108864) (default)
2022-05-04 03:13:25,168 [pool-267-thread-1] INFO  server.RaftServerConfigKeys (ConfUtils.java:logGet(44)) - raft.server.log.queue.element-limit = 4096 (default)
2022-05-04 03:13:25,168 [pool-267-thread-1] INFO  server.RaftServerConfigKeys (ConfUtils.java:logGet(44)) - raft.server.log.segment.size.max = 4194304 (custom)
2022-05-04 03:13:25,168 [pool-267-thread-1] INFO  server.RaftServerConfigKeys (ConfUtils.java:logGet(44)) - raft.server.log.preallocated.size = 4194304 (custom)
2022-05-04 03:13:25,168 [pool-267-thread-1] INFO  server.RaftServerConfigKeys (ConfUtils.java:logGet(44)) - raft.server.log.force.sync.num = 128 (default)
2022-05-04 03:13:25,168 [pool-267-thread-1] INFO  server.RaftServerConfigKeys (ConfUtils.java:logGet(44)) - raft.server.log.statemachine.data.sync = true (default)
2022-05-04 03:13:25,168 [pool-267-thread-1] INFO  server.RaftServerConfigKeys (ConfUtils.java:logGet(44)) - raft.server.log.statemachine.data.sync.timeout = 10s (default)
2022-05-04 03:13:25,168 [pool-267-thread-1] INFO  server.RaftServerConfigKeys (ConfUtils.java:logGet(44)) - raft.server.log.statemachine.data.sync.timeout.retry = -1 (default)
2022-05-04 03:13:25,184 [pool-267-thread-1] INFO  server.RaftServerConfigKeys (ConfUtils.java:logGet(44)) - raft.server.log.write.buffer.size = 64KB (=65536) (default)
2022-05-04 03:13:25,184 [pool-267-thread-1] INFO  server.RaftServerConfigKeys (ConfUtils.java:logGet(44)) - raft.server.log.statemachine.data.caching.enabled = false (default)
2022-05-04 03:13:25,184 [pool-267-thread-1] INFO  segmented.SegmentedRaftLogWorker (SegmentedRaftLogWorker.java:lambda$new$0(133)) - om1@group-C5BA1605619E-SegmentedRaftLogWorker: flushIndex: setUnconditionally 0 -> -1
2022-05-04 03:13:25,184 [pool-267-thread-1] INFO  segmented.SegmentedRaftLogWorker (SegmentedRaftLogWorker.java:lambda$new$0(133)) - om1@group-C5BA1605619E-SegmentedRaftLogWorker: safeCacheEvictIndex: setUnconditionally 0 -> -1
2022-05-04 03:13:25,186 [pool-267-thread-1] INFO  server.RaftServerConfigKeys (ConfUtils.java:logGet(44)) - raft.server.snapshot.auto.trigger.enabled = true (custom)
2022-05-04 03:13:25,186 [pool-267-thread-1] INFO  server.RaftServerConfigKeys (ConfUtils.java:logGet(44)) - raft.server.snapshot.auto.trigger.threshold = 400000 (default)
2022-05-04 03:13:25,186 [pool-267-thread-1] INFO  server.RaftServerConfigKeys (ConfUtils.java:logGet(44)) - raft.server.snapshot.retention.file.num = -1 (default)
2022-05-04 03:13:25,186 [pool-267-thread-1] INFO  server.RaftServerConfigKeys (ConfUtils.java:logGet(44)) - raft.server.log.purge.upto.snapshot.index = true (custom)
2022-05-04 03:13:25,186 [pool-267-thread-1] INFO  server.RaftServerConfigKeys (ConfUtils.java:logGet(44)) - raft.server.retrycache.expirytime = 300s (custom)
2022-05-04 03:13:25,186 [pool-267-thread-1] INFO  server.RaftServerConfigKeys (ConfUtils.java:logGet(44)) - raft.server.retrycache.statistics.expirytime = 100μs (default)
2022-05-04 03:13:25,928 [Listener at 0.0.0.0/39867] INFO  reflections.Reflections (Reflections.java:scan(232)) - Reflections took 765 ms to scan 19 urls, producing 61 keys and 3647 values [using 2 cores]
2022-05-04 03:13:25,929 [Listener at 0.0.0.0/39867] INFO  ipc.CallQueueManager (CallQueueManager.java:<init>(90)) - Using callQueue: class java.util.concurrent.LinkedBlockingQueue, queueCapacity: 2000, scheduler: class org.apache.hadoop.ipc.DefaultRpcScheduler, ipcBackoff: false.
2022-05-04 03:13:25,935 [Socket Reader #1 for port 0] INFO  ipc.Server (Server.java:run(1265)) - Starting Socket Reader #1 for port 0
2022-05-04 03:13:26,043 [Listener at 127.0.0.1/46813] INFO  impl.MetricsSystemImpl (MetricsSystemImpl.java:init(158)) - OzoneManager metrics system started (again)
2022-05-04 03:13:26,057 [Listener at 127.0.0.1/46813] INFO  om.OzoneManager (OzoneManager.java:start(1395)) - OzoneManager RPC server is listening at localhost/127.0.0.1:46813
2022-05-04 03:13:26,058 [Listener at 127.0.0.1/46813] INFO  ratis.OzoneManagerRatisServer (OzoneManagerRatisServer.java:start(554)) - Starting OzoneManagerRatisServer om1 at port 9872
2022-05-04 03:13:26,058 [Listener at 127.0.0.1/46813] INFO  server.RaftServer$Division (RaftServerImpl.java:start(301)) - om1@group-C5BA1605619E: start as a follower, conf=-1: [om1|rpc:localhost:9872|priority:0], old=null
2022-05-04 03:13:26,058 [Listener at 127.0.0.1/46813] INFO  server.RaftServer$Division (RaftServerImpl.java:setRole(290)) - om1@group-C5BA1605619E: changes role from      null to FOLLOWER at term 0 for startAsFollower
2022-05-04 03:13:26,058 [Listener at 127.0.0.1/46813] INFO  impl.RoleInfo (RoleInfo.java:updateAndGet(130)) - om1: start om1@group-C5BA1605619E-FollowerState
2022-05-04 03:13:26,073 [Listener at 127.0.0.1/46813] INFO  util.JmxRegister (JmxRegister.java:tryRegister(44)) - Successfully registered JMX Bean with object name Ratis:service=RaftServer,group=group-C5BA1605619E,id=om1
2022-05-04 03:13:26,091 [Listener at 127.0.0.1/46813] INFO  server.RaftServer (RaftServerProxy.java:lambda$start$5(374)) - om1: start RPC server
2022-05-04 03:13:26,094 [Listener at 127.0.0.1/46813] INFO  server.GrpcService (GrpcService.java:startImpl(253)) - om1: GrpcService started, listening on 9872
2022-05-04 03:13:26,094 [Listener at 127.0.0.1/46813] INFO  om.OzoneManager (OzoneManager.java:start(1411)) - Version File has different layout version (1) than OM DB (null). That is expected if this OM has never been finalized to a newer layout version.
2022-05-04 03:13:26,095 [org.apache.ratis.util.JvmPauseMonitor$$Lambda$565/1325392746@3ea6cb23] INFO  util.JvmPauseMonitor (JvmPauseMonitor.java:run(103)) - JvmPauseMonitor-om1: Started
2022-05-04 03:13:26,098 [Listener at 127.0.0.1/46813] INFO  http.BaseHttpServer (BaseHttpServer.java:newHttpServer2BuilderForOzone(209)) - Starting Web-server for ozoneManager at: http://0.0.0.0:0
2022-05-04 03:13:26,098 [Listener at 127.0.0.1/46813] INFO  http.BaseHttpServer (BaseHttpServer.java:<init>(107)) - Hadoop Security Enabled: false Ozone Security Enabled: false Ozone HTTP Security Enabled: false 
2022-05-04 03:13:26,104 [Listener at 127.0.0.1/46813] INFO  server.AuthenticationFilter (AuthenticationFilter.java:constructSecretProvider(240)) - Unable to initialize FileSignerSecretProvider, falling back to use random secrets.
2022-05-04 03:13:26,105 [Listener at 127.0.0.1/46813] WARN  http.HttpRequestLog (HttpRequestLog.java:getRequestLog(103)) - Jetty request log can only be enabled using Log4j
2022-05-04 03:13:26,107 [Listener at 127.0.0.1/46813] INFO  http.HttpServer2 (HttpServer2.java:addGlobalFilter(1030)) - Added global filter 'safety' (class=org.apache.hadoop.hdds.server.http.HttpServer2$QuotingInputFilter)
2022-05-04 03:13:26,108 [Listener at 127.0.0.1/46813] INFO  http.HttpServer2 (HttpServer2.java:addFilter(1006)) - Added filter static_user_filter (class=org.apache.hadoop.http.lib.StaticUserWebFilter$StaticUserFilter) to context ozoneManager
2022-05-04 03:13:26,108 [Listener at 127.0.0.1/46813] INFO  http.HttpServer2 (HttpServer2.java:addFilter(1014)) - Added filter static_user_filter (class=org.apache.hadoop.http.lib.StaticUserWebFilter$StaticUserFilter) to context logs
2022-05-04 03:13:26,108 [Listener at 127.0.0.1/46813] INFO  http.HttpServer2 (HttpServer2.java:addFilter(1014)) - Added filter static_user_filter (class=org.apache.hadoop.http.lib.StaticUserWebFilter$StaticUserFilter) to context static
2022-05-04 03:13:26,109 [Listener at 127.0.0.1/46813] INFO  http.HttpServer2 (HttpServer2.java:bindListener(1249)) - Jetty bound to port 46583
2022-05-04 03:13:26,109 [Listener at 127.0.0.1/46813] INFO  server.Server (Server.java:doStart(375)) - jetty-9.4.43.v20210629; built: 2021-06-30T11:07:22.254Z; git: 526006ecfa3af7f1a27ef3a288e2bef7ea9dd7e8; jvm 1.8.0_322-b06
2022-05-04 03:13:26,120 [Listener at 127.0.0.1/46813] INFO  server.session (DefaultSessionIdManager.java:doStart(334)) - DefaultSessionIdManager workerName=node0
2022-05-04 03:13:26,120 [Listener at 127.0.0.1/46813] INFO  server.session (DefaultSessionIdManager.java:doStart(339)) - No SessionScavenger set, using defaults
2022-05-04 03:13:26,120 [Listener at 127.0.0.1/46813] INFO  server.session (HouseKeeper.java:startScavenging(132)) - node0 Scavenging every 660000ms
2022-05-04 03:13:26,121 [Listener at 127.0.0.1/46813] INFO  handler.ContextHandler (ContextHandler.java:doStart(915)) - Started o.e.j.s.ServletContextHandler@53f7a390{logs,/logs,file:///home/runner/work/ozone/ozone/hadoop-ozone/integration-test/target/log,AVAILABLE}
2022-05-04 03:13:26,122 [Listener at 127.0.0.1/46813] INFO  handler.ContextHandler (ContextHandler.java:doStart(915)) - Started o.e.j.s.ServletContextHandler@2d6a3255{static,/static,file:///home/runner/work/ozone/ozone/hadoop-ozone/integration-test/target/test-classes/webapps/static,AVAILABLE}
2022-05-04 03:13:26,131 [Listener at 127.0.0.1/46813] INFO  handler.ContextHandler (ContextHandler.java:doStart(915)) - Started o.e.j.w.WebAppContext@4facdca2{ozoneManager,/,file:///home/runner/work/ozone/ozone/hadoop-ozone/integration-test/target/test-classes/webapps/ozoneManager/,AVAILABLE}{file:/home/runner/work/ozone/ozone/hadoop-ozone/integration-test/target/test-classes/webapps/ozoneManager}
2022-05-04 03:13:26,133 [Listener at 127.0.0.1/46813] INFO  server.AbstractConnector (AbstractConnector.java:doStart(331)) - Started ServerConnector@5c3b8dfe{HTTP/1.1, (http/1.1)}{0.0.0.0:46583}
2022-05-04 03:13:26,133 [Listener at 127.0.0.1/46813] INFO  server.Server (Server.java:doStart(415)) - Started @82373ms
2022-05-04 03:13:26,133 [Listener at 127.0.0.1/46813] WARN  impl.MetricsSystemImpl (MetricsSystemImpl.java:register(279)) - Sink prometheus already exists!
2022-05-04 03:13:26,134 [Listener at 127.0.0.1/46813] INFO  http.BaseHttpServer (BaseHttpServer.java:updateConnectorAddress(329)) - HTTP server of ozoneManager listening at http://0.0.0.0:46583
2022-05-04 03:13:26,134 [IPC Server Responder] INFO  ipc.Server (Server.java:run(1507)) - IPC Server Responder: starting
2022-05-04 03:13:26,138 [IPC Server listener on 0] INFO  ipc.Server (Server.java:run(1344)) - IPC Server listener on 0: starting
2022-05-04 03:13:26,147 [Listener at 127.0.0.1/46813] INFO  om.TrashPolicyOzone (TrashPolicyOzone.java:<init>(178)) - Ozone Manager trash configuration: Deletion interval = 0 minutes, Emptier interval = 0 minutes.
2022-05-04 03:13:26,198 [org.apache.hadoop.util.JvmPauseMonitor$Monitor@3b7e2f1d] INFO  util.JvmPauseMonitor (JvmPauseMonitor.java:run(188)) - Starting JVM pause monitor
2022-05-04 03:13:26,217 [Listener at 127.0.0.1/46813] WARN  impl.MetricRegistriesImpl (MetricRegistriesImpl.java:addReporterRegistration(111)) - New reporters are added after registries were created. Some metrics will be missing from the reporter. Please add reporter before adding any new registry.
2022-05-04 03:13:26,218 [Listener at 127.0.0.1/46813] WARN  impl.MetricRegistriesImpl (MetricRegistriesImpl.java:addReporterRegistration(111)) - New reporters are added after registries were created. Some metrics will be missing from the reporter. Please add reporter before adding any new registry.
2022-05-04 03:13:26,218 [Listener at 127.0.0.1/46813] INFO  impl.MetricsSystemImpl (MetricsSystemImpl.java:init(158)) - HddsDatanode metrics system started (again)
2022-05-04 03:13:26,236 [Listener at 127.0.0.1/46813] INFO  ozone.HddsDatanodeService (HddsDatanodeService.java:start(233)) - HddsDatanodeService host:fv-az270-73.tacnzluakwdehk1hpragurqkma.bx.internal.cloudapp.net ip:10.1.0.22
2022-05-04 03:13:26,290 [Listener at 127.0.0.1/46813] INFO  upgrade.AbstractLayoutVersionManager (AbstractLayoutVersionManager.java:init(79)) - Initializing Layout version manager with metadata layout = ERASURE_CODED_STORAGE_SUPPORT (version = 3), software layout = ERASURE_CODED_STORAGE_SUPPORT (version = 3)
2022-05-04 03:13:26,405 [Listener at 127.0.0.1/46813] INFO  reflections.Reflections (Reflections.java:scan(232)) - Reflections took 114 ms to scan 7 urls, producing 126 keys and 289 values 
2022-05-04 03:13:26,434 [Listener at 127.0.0.1/46813] INFO  statemachine.DatanodeStateMachine (DatanodeStateMachine.java:getEndPointTaskThreadPoolSize(224)) - Datanode State Machine Task Thread Pool size 2
2022-05-04 03:13:26,439 [Listener at 127.0.0.1/46813] INFO  volume.HddsVolume (HddsVolume.java:<init>(120)) - Creating HddsVolume: /home/runner/work/ozone/ozone/hadoop-ozone/integration-test/target/test-dir/MiniOzoneClusterImpl-16b4eb12-8d22-44ef-95c0-40f9ce645855/datanode-0/data-0/containers/hdds of storage type : DISK capacity : 9223372036854775807
2022-05-04 03:13:26,439 [Listener at 127.0.0.1/46813] INFO  volume.MutableVolumeSet (MutableVolumeSet.java:initializeVolumeSet(168)) - Added Volume : /home/runner/work/ozone/ozone/hadoop-ozone/integration-test/target/test-dir/MiniOzoneClusterImpl-16b4eb12-8d22-44ef-95c0-40f9ce645855/datanode-0/data-0/containers/hdds to VolumeSet
2022-05-04 03:13:26,439 [Listener at 127.0.0.1/46813] INFO  volume.ThrottledAsyncChecker (ThrottledAsyncChecker.java:schedule(141)) - Scheduling a check for /home/runner/work/ozone/ozone/hadoop-ozone/integration-test/target/test-dir/MiniOzoneClusterImpl-16b4eb12-8d22-44ef-95c0-40f9ce645855/datanode-0/data-0/containers/hdds
2022-05-04 03:13:26,458 [Listener at 127.0.0.1/46813] INFO  volume.StorageVolumeChecker (StorageVolumeChecker.java:checkAllVolumes(202)) - Scheduled health check for volume /home/runner/work/ozone/ozone/hadoop-ozone/integration-test/target/test-dir/MiniOzoneClusterImpl-16b4eb12-8d22-44ef-95c0-40f9ce645855/datanode-0/data-0/containers/hdds
2022-05-04 03:13:26,495 [Listener at 127.0.0.1/46813] INFO  volume.MutableVolumeSet (MutableVolumeSet.java:initializeVolumeSet(168)) - Added Volume : /home/runner/work/ozone/ozone/hadoop-ozone/integration-test/target/test-dir/MiniOzoneClusterImpl-16b4eb12-8d22-44ef-95c0-40f9ce645855/datanode-0/data/ratis to VolumeSet
2022-05-04 03:13:26,495 [Listener at 127.0.0.1/46813] INFO  volume.ThrottledAsyncChecker (ThrottledAsyncChecker.java:schedule(141)) - Scheduling a check for /home/runner/work/ozone/ozone/hadoop-ozone/integration-test/target/test-dir/MiniOzoneClusterImpl-16b4eb12-8d22-44ef-95c0-40f9ce645855/datanode-0/data/ratis
2022-05-04 03:13:26,496 [Listener at 127.0.0.1/46813] INFO  volume.StorageVolumeChecker (StorageVolumeChecker.java:checkAllVolumes(202)) - Scheduled health check for volume /home/runner/work/ozone/ozone/hadoop-ozone/integration-test/target/test-dir/MiniOzoneClusterImpl-16b4eb12-8d22-44ef-95c0-40f9ce645855/datanode-0/data/ratis
2022-05-04 03:13:26,540 [Thread-638] INFO  ozoneimpl.ContainerReader (ContainerReader.java:readVolume(172)) - Finish verifying containers on volume /home/runner/work/ozone/ozone/hadoop-ozone/integration-test/target/test-dir/MiniOzoneClusterImpl-16b4eb12-8d22-44ef-95c0-40f9ce645855/datanode-0/data-0/containers/hdds
2022-05-04 03:13:26,540 [Listener at 127.0.0.1/46813] INFO  ozoneimpl.OzoneContainer (OzoneContainer.java:buildContainerSet(257)) - Build ContainerSet costs 0s
2022-05-04 03:13:26,542 [Listener at 127.0.0.1/46813] INFO  server.RaftServer (ConfUtils.java:logGet(44)) - raft.rpc.type = GRPC (default)
2022-05-04 03:13:26,543 [Listener at 127.0.0.1/46813] INFO  grpc.GrpcFactory (GrpcFactory.java:checkPooledByteBufAllocatorUseCacheForAllThreads(48)) - PERFORMANCE WARNING: useCacheForAllThreads is true that may cause Netty to create a lot garbage objects and, as a result, trigger GC.
	It is recommended to disable useCacheForAllThreads by setting -Dorg.apache.ratis.thirdparty.io.netty.allocator.useCacheForAllThreads=false in command line.
2022-05-04 03:13:26,545 [Listener at 127.0.0.1/46813] INFO  grpc.GrpcConfigKeys (ConfUtils.java:logGet(44)) - raft.grpc.admin.port = 0 (custom)
2022-05-04 03:13:26,546 [Listener at 127.0.0.1/46813] INFO  grpc.GrpcConfigKeys (ConfUtils.java:logGet(44)) - raft.grpc.client.port = 0 (custom)
2022-05-04 03:13:26,546 [Listener at 127.0.0.1/46813] INFO  grpc.GrpcConfigKeys (ConfUtils.java:logGet(44)) - raft.grpc.server.port = 0 (default)
2022-05-04 03:13:26,546 [Listener at 127.0.0.1/46813] INFO  server.GrpcService (ConfUtils.java:logGet(44)) - raft.grpc.message.size.max = 32MB (=33554432) (custom)
2022-05-04 03:13:26,546 [Listener at 127.0.0.1/46813] INFO  server.RaftServerConfigKeys (ConfUtils.java:logGet(44)) - raft.server.log.appender.buffer.byte-limit = 33554432 (custom)
2022-05-04 03:13:26,546 [Listener at 127.0.0.1/46813] INFO  server.GrpcService (ConfUtils.java:logGet(44)) - raft.grpc.flow.control.window = 5MB (=5242880) (custom)
2022-05-04 03:13:26,547 [Listener at 127.0.0.1/46813] INFO  server.RaftServerConfigKeys (ConfUtils.java:logGet(44)) - raft.server.rpc.request.timeout = 60s (custom)
2022-05-04 03:13:26,548 [Listener at 127.0.0.1/46813] INFO  impl.DataStreamServerImpl (ConfUtils.java:logGet(44)) - raft.datastream.type = DISABLED (default)
2022-05-04 03:13:26,548 [Listener at 127.0.0.1/46813] INFO  server.RaftServerConfigKeys (ConfUtils.java:logGet(44)) - raft.server.rpc.slowness.timeout = 300s (custom)
2022-05-04 03:13:26,548 [Listener at 127.0.0.1/46813] INFO  server.RaftServerConfigKeys (ConfUtils.java:logGet(44)) - raft.server.leaderelection.leader.step-down.wait-time = 10s (default)
2022-05-04 03:13:26,548 [Listener at 127.0.0.1/46813] INFO  server.RaftServerConfigKeys (ConfUtils.java:logGet(44)) - raft.server.storage.dir = [/home/runner/work/ozone/ozone/hadoop-ozone/integration-test/target/test-dir/MiniOzoneClusterImpl-16b4eb12-8d22-44ef-95c0-40f9ce645855/datanode-0/data/ratis] (custom)
2022-05-04 03:13:26,550 [Listener at 127.0.0.1/46813] INFO  server.XceiverServerGrpc (XceiverServerGrpc.java:<init>(132)) - GrpcServer channel type EpollServerSocketChannel
2022-05-04 03:13:26,567 [Listener at 127.0.0.1/46813] INFO  http.BaseHttpServer (BaseHttpServer.java:newHttpServer2BuilderForOzone(209)) - Starting Web-server for hddsDatanode at: http://0.0.0.0:0
2022-05-04 03:13:26,567 [Listener at 127.0.0.1/46813] INFO  http.BaseHttpServer (BaseHttpServer.java:<init>(107)) - Hadoop Security Enabled: false Ozone Security Enabled: false Ozone HTTP Security Enabled: false 
2022-05-04 03:13:26,568 [Listener at 127.0.0.1/46813] INFO  server.AuthenticationFilter (AuthenticationFilter.java:constructSecretProvider(240)) - Unable to initialize FileSignerSecretProvider, falling back to use random secrets.
2022-05-04 03:13:26,574 [Listener at 127.0.0.1/46813] WARN  http.HttpRequestLog (HttpRequestLog.java:getRequestLog(103)) - Jetty request log can only be enabled using Log4j
2022-05-04 03:13:26,585 [Listener at 127.0.0.1/46813] INFO  http.HttpServer2 (HttpServer2.java:addGlobalFilter(1030)) - Added global filter 'safety' (class=org.apache.hadoop.hdds.server.http.HttpServer2$QuotingInputFilter)
2022-05-04 03:13:26,586 [Listener at 127.0.0.1/46813] INFO  http.HttpServer2 (HttpServer2.java:addFilter(1006)) - Added filter static_user_filter (class=org.apache.hadoop.http.lib.StaticUserWebFilter$StaticUserFilter) to context hddsDatanode
2022-05-04 03:13:26,586 [Listener at 127.0.0.1/46813] INFO  http.HttpServer2 (HttpServer2.java:addFilter(1014)) - Added filter static_user_filter (class=org.apache.hadoop.http.lib.StaticUserWebFilter$StaticUserFilter) to context logs
2022-05-04 03:13:26,586 [Listener at 127.0.0.1/46813] INFO  http.HttpServer2 (HttpServer2.java:addFilter(1014)) - Added filter static_user_filter (class=org.apache.hadoop.http.lib.StaticUserWebFilter$StaticUserFilter) to context static
2022-05-04 03:13:26,587 [Listener at 127.0.0.1/46813] INFO  http.HttpServer2 (HttpServer2.java:bindListener(1249)) - Jetty bound to port 43037
2022-05-04 03:13:26,587 [Listener at 127.0.0.1/46813] INFO  server.Server (Server.java:doStart(375)) - jetty-9.4.43.v20210629; built: 2021-06-30T11:07:22.254Z; git: 526006ecfa3af7f1a27ef3a288e2bef7ea9dd7e8; jvm 1.8.0_322-b06
2022-05-04 03:13:26,656 [Listener at 127.0.0.1/46813] INFO  server.session (DefaultSessionIdManager.java:doStart(334)) - DefaultSessionIdManager workerName=node0
2022-05-04 03:13:26,656 [Listener at 127.0.0.1/46813] INFO  server.session (DefaultSessionIdManager.java:doStart(339)) - No SessionScavenger set, using defaults
2022-05-04 03:13:26,657 [Listener at 127.0.0.1/46813] INFO  server.session (HouseKeeper.java:startScavenging(132)) - node0 Scavenging every 600000ms
2022-05-04 03:13:26,658 [Listener at 127.0.0.1/46813] INFO  handler.ContextHandler (ContextHandler.java:doStart(915)) - Started o.e.j.s.ServletContextHandler@8db4cca{logs,/logs,file:///home/runner/work/ozone/ozone/hadoop-ozone/integration-test/target/log,AVAILABLE}
2022-05-04 03:13:26,658 [Listener at 127.0.0.1/46813] INFO  handler.ContextHandler (ContextHandler.java:doStart(915)) - Started o.e.j.s.ServletContextHandler@3aae1d17{static,/static,jar:file:/home/runner/.m2/repository/org/apache/ozone/hdds-container-service/1.3.0-SNAPSHOT/hdds-container-service-1.3.0-SNAPSHOT.jar!/webapps/static,AVAILABLE}
2022-05-04 03:13:27,089 [Listener at 127.0.0.1/46813] INFO  handler.ContextHandler (ContextHandler.java:doStart(915)) - Started o.e.j.w.WebAppContext@4f840404{hddsDatanode,/,file:///tmp/jetty-0_0_0_0-43037-hdds-container-service-1_3_0-SNAPSHOT_jar-_-any-6512433747475024890/webapp/,AVAILABLE}{jar:file:/home/runner/.m2/repository/org/apache/ozone/hdds-container-service/1.3.0-SNAPSHOT/hdds-container-service-1.3.0-SNAPSHOT.jar!/webapps/hddsDatanode}
2022-05-04 03:13:27,108 [Listener at 127.0.0.1/46813] INFO  server.AbstractConnector (AbstractConnector.java:doStart(331)) - Started ServerConnector@2ac0ceae{HTTP/1.1, (http/1.1)}{0.0.0.0:43037}
2022-05-04 03:13:27,108 [Listener at 127.0.0.1/46813] INFO  server.Server (Server.java:doStart(415)) - Started @83349ms
2022-05-04 03:13:27,109 [Listener at 127.0.0.1/46813] WARN  impl.MetricsSystemImpl (MetricsSystemImpl.java:register(279)) - Sink prometheus already exists!
2022-05-04 03:13:27,109 [Listener at 127.0.0.1/46813] INFO  http.BaseHttpServer (BaseHttpServer.java:updateConnectorAddress(329)) - HTTP server of hddsDatanode listening at http://0.0.0.0:43037
2022-05-04 03:13:27,111 [Listener at 127.0.0.1/46813] WARN  impl.MetricRegistriesImpl (MetricRegistriesImpl.java:addReporterRegistration(111)) - New reporters are added after registries were created. Some metrics will be missing from the reporter. Please add reporter before adding any new registry.
2022-05-04 03:13:27,111 [Listener at 127.0.0.1/46813] WARN  impl.MetricRegistriesImpl (MetricRegistriesImpl.java:addReporterRegistration(111)) - New reporters are added after registries were created. Some metrics will be missing from the reporter. Please add reporter before adding any new registry.
2022-05-04 03:13:27,111 [Listener at 127.0.0.1/46813] INFO  impl.MetricsSystemImpl (MetricsSystemImpl.java:init(158)) - HddsDatanode metrics system started (again)
2022-05-04 03:13:27,127 [Listener at 127.0.0.1/46813] INFO  ozone.HddsDatanodeService (HddsDatanodeService.java:start(233)) - HddsDatanodeService host:fv-az270-73.tacnzluakwdehk1hpragurqkma.bx.internal.cloudapp.net ip:10.1.0.22
2022-05-04 03:13:27,128 [Datanode State Machine Daemon Thread] INFO  statemachine.DatanodeStateMachine (DatanodeStateMachine.java:lambda$startDaemon$0(472)) - Ozone container server started.
2022-05-04 03:13:27,135 [org.apache.hadoop.util.JvmPauseMonitor$Monitor@100a82e9] INFO  util.JvmPauseMonitor (JvmPauseMonitor.java:run(188)) - Starting JVM pause monitor
2022-05-04 03:13:27,141 [Datanode State Machine Task Thread - 0] INFO  datanode.InitDatanodeState (InitDatanodeState.java:persistContainerDatanodeDetails(138)) - DatanodeDetails is persisted to /home/runner/work/ozone/ozone/hadoop-ozone/integration-test/target/test-dir/MiniOzoneClusterImpl-16b4eb12-8d22-44ef-95c0-40f9ce645855/datanode-0/meta/datanode.id
2022-05-04 03:13:27,210 [Listener at 127.0.0.1/46813] INFO  upgrade.AbstractLayoutVersionManager (AbstractLayoutVersionManager.java:init(79)) - Initializing Layout version manager with metadata layout = ERASURE_CODED_STORAGE_SUPPORT (version = 3), software layout = ERASURE_CODED_STORAGE_SUPPORT (version = 3)
2022-05-04 03:13:27,244 [om1@group-C5BA1605619E-FollowerState] INFO  impl.FollowerState (FollowerState.java:run(134)) - om1@group-C5BA1605619E-FollowerState: change to CANDIDATE, lastRpcElapsedTime:1186103297ns, electionTimeout:1151ms
2022-05-04 03:13:27,245 [om1@group-C5BA1605619E-FollowerState] INFO  impl.RoleInfo (RoleInfo.java:shutdownFollowerState(108)) - om1: shutdown om1@group-C5BA1605619E-FollowerState
2022-05-04 03:13:27,245 [om1@group-C5BA1605619E-FollowerState] INFO  server.RaftServer$Division (RaftServerImpl.java:setRole(290)) - om1@group-C5BA1605619E: changes role from  FOLLOWER to CANDIDATE at term 0 for changeToCandidate
2022-05-04 03:13:27,245 [om1@group-C5BA1605619E-FollowerState] INFO  server.RaftServerConfigKeys (ConfUtils.java:logGet(44)) - raft.server.leaderelection.pre-vote = false (custom)
2022-05-04 03:13:27,245 [om1@group-C5BA1605619E-FollowerState] INFO  impl.RoleInfo (RoleInfo.java:updateAndGet(130)) - om1: start om1@group-C5BA1605619E-LeaderElection15
2022-05-04 03:13:27,284 [om1@group-C5BA1605619E-LeaderElection15] INFO  impl.LeaderElection (LeaderElection.java:askForVotes(306)) - om1@group-C5BA1605619E-LeaderElection15 ELECTION round 0: submit vote requests at term 1 for -1: [om1|rpc:localhost:9872|priority:0], old=null
2022-05-04 03:13:27,284 [om1@group-C5BA1605619E-LeaderElection15] INFO  impl.LeaderElection (LeaderElection.java:askForVotes(308)) - om1@group-C5BA1605619E-LeaderElection15 ELECTION round 0: result PASSED (term=1)
2022-05-04 03:13:27,284 [om1@group-C5BA1605619E-LeaderElection15] INFO  impl.RoleInfo (RoleInfo.java:shutdownLeaderElection(121)) - om1: shutdown om1@group-C5BA1605619E-LeaderElection15
2022-05-04 03:13:27,284 [om1@group-C5BA1605619E-LeaderElection15] INFO  server.RaftServer$Division (RaftServerImpl.java:setRole(290)) - om1@group-C5BA1605619E: changes role from CANDIDATE to LEADER at term 1 for changeToLeader
2022-05-04 03:13:27,284 [om1@group-C5BA1605619E-LeaderElection15] INFO  server.RaftServer$Division (ServerState.java:setLeader(285)) - om1@group-C5BA1605619E: change Leader from null to om1 at term 1 for becomeLeader, leader elected after 2118ms
2022-05-04 03:13:27,284 [om1@group-C5BA1605619E-LeaderElection15] INFO  server.RaftServerConfigKeys (ConfUtils.java:logGet(44)) - raft.server.staging.catchup.gap = 1000 (default)
2022-05-04 03:13:27,285 [om1@group-C5BA1605619E-LeaderElection15] INFO  server.RaftServerConfigKeys (ConfUtils.java:logGet(44)) - raft.server.write.element-limit = 4096 (default)
2022-05-04 03:13:27,285 [om1@group-C5BA1605619E-LeaderElection15] INFO  server.RaftServerConfigKeys (ConfUtils.java:logGet(44)) - raft.server.write.byte-limit = 64MB (=67108864) (default)
2022-05-04 03:13:27,285 [om1@group-C5BA1605619E-LeaderElection15] INFO  server.RaftServerConfigKeys (ConfUtils.java:logGet(44)) - raft.server.watch.timeout = 10s (default)
2022-05-04 03:13:27,285 [om1@group-C5BA1605619E-LeaderElection15] INFO  server.RaftServerConfigKeys (ConfUtils.java:logGet(44)) - raft.server.watch.timeout.denomination = 1s (default)
2022-05-04 03:13:27,285 [om1@group-C5BA1605619E-LeaderElection15] INFO  server.RaftServerConfigKeys (ConfUtils.java:logGet(44)) - raft.server.watch.element-limit = 65536 (default)
2022-05-04 03:13:27,285 [om1@group-C5BA1605619E-LeaderElection15] INFO  server.RaftServerConfigKeys (ConfUtils.java:logGet(44)) - raft.server.write.element-limit = 4096 (default)
2022-05-04 03:13:27,286 [om1@group-C5BA1605619E-LeaderElection15] INFO  server.RaftServerConfigKeys (ConfUtils.java:logGet(44)) - raft.server.write.follower.gap.ratio.max = -1.0 (default)
2022-05-04 03:13:27,286 [om1@group-C5BA1605619E-LeaderElection15] INFO  impl.RoleInfo (RoleInfo.java:updateAndGet(130)) - om1: start om1@group-C5BA1605619E-LeaderStateImpl
2022-05-04 03:13:27,286 [om1@group-C5BA1605619E-LeaderElection15] INFO  segmented.SegmentedRaftLogWorker (SegmentedRaftLogWorker.java:startLogSegment(394)) - om1@group-C5BA1605619E-SegmentedRaftLogWorker: Starting segment from index:0
2022-05-04 03:13:27,295 [om1@group-C5BA1605619E-LeaderElection15] INFO  server.RaftServer$Division (ServerState.java:setRaftConf(387)) - om1@group-C5BA1605619E: set configuration 0: [om1|rpc:localhost:9872|admin:|client:|dataStream:|priority:0], old=null
2022-05-04 03:13:27,303 [om1@group-C5BA1605619E-SegmentedRaftLogWorker] INFO  segmented.SegmentedRaftLogWorker (SegmentedRaftLogWorker.java:execute(601)) - om1@group-C5BA1605619E-SegmentedRaftLogWorker: created new log segment /home/runner/work/ozone/ozone/hadoop-ozone/integration-test/target/test-dir/MiniOzoneClusterImpl-16b4eb12-8d22-44ef-95c0-40f9ce645855/ozone-meta/ratis/bf265839-605b-3f16-9796-c5ba1605619e/current/log_inprogress_0
2022-05-04 03:13:27,312 [om1@group-C5BA1605619E-StateMachineUpdater] INFO  ratis.OzoneManagerStateMachine (OzoneManagerStateMachine.java:notifyConfigurationChanged(191)) - Received Configuration change notification from Ratis. New Peer list:
[id: "om1"
address: "localhost:9872"
]
2022-05-04 03:13:27,333 [Listener at 127.0.0.1/46813] INFO  reflections.Reflections (Reflections.java:scan(232)) - Reflections took 121 ms to scan 7 urls, producing 126 keys and 289 values 
2022-05-04 03:13:27,337 [Listener at 127.0.0.1/46813] INFO  statemachine.DatanodeStateMachine (DatanodeStateMachine.java:getEndPointTaskThreadPoolSize(224)) - Datanode State Machine Task Thread Pool size 2
2022-05-04 03:13:27,339 [Listener at 127.0.0.1/46813] INFO  volume.HddsVolume (HddsVolume.java:<init>(120)) - Creating HddsVolume: /home/runner/work/ozone/ozone/hadoop-ozone/integration-test/target/test-dir/MiniOzoneClusterImpl-16b4eb12-8d22-44ef-95c0-40f9ce645855/datanode-1/data-0/containers/hdds of storage type : DISK capacity : 9223372036854775807
2022-05-04 03:13:27,339 [Listener at 127.0.0.1/46813] INFO  volume.MutableVolumeSet (MutableVolumeSet.java:initializeVolumeSet(168)) - Added Volume : /home/runner/work/ozone/ozone/hadoop-ozone/integration-test/target/test-dir/MiniOzoneClusterImpl-16b4eb12-8d22-44ef-95c0-40f9ce645855/datanode-1/data-0/containers/hdds to VolumeSet
2022-05-04 03:13:27,339 [Listener at 127.0.0.1/46813] INFO  volume.ThrottledAsyncChecker (ThrottledAsyncChecker.java:schedule(141)) - Scheduling a check for /home/runner/work/ozone/ozone/hadoop-ozone/integration-test/target/test-dir/MiniOzoneClusterImpl-16b4eb12-8d22-44ef-95c0-40f9ce645855/datanode-1/data-0/containers/hdds
2022-05-04 03:13:27,342 [Listener at 127.0.0.1/46813] INFO  volume.StorageVolumeChecker (StorageVolumeChecker.java:checkAllVolumes(202)) - Scheduled health check for volume /home/runner/work/ozone/ozone/hadoop-ozone/integration-test/target/test-dir/MiniOzoneClusterImpl-16b4eb12-8d22-44ef-95c0-40f9ce645855/datanode-1/data-0/containers/hdds
2022-05-04 03:13:27,361 [Listener at 127.0.0.1/46813] INFO  volume.MutableVolumeSet (MutableVolumeSet.java:initializeVolumeSet(168)) - Added Volume : /home/runner/work/ozone/ozone/hadoop-ozone/integration-test/target/test-dir/MiniOzoneClusterImpl-16b4eb12-8d22-44ef-95c0-40f9ce645855/datanode-1/data/ratis to VolumeSet
2022-05-04 03:13:27,362 [Listener at 127.0.0.1/46813] INFO  volume.ThrottledAsyncChecker (ThrottledAsyncChecker.java:schedule(141)) - Scheduling a check for /home/runner/work/ozone/ozone/hadoop-ozone/integration-test/target/test-dir/MiniOzoneClusterImpl-16b4eb12-8d22-44ef-95c0-40f9ce645855/datanode-1/data/ratis
2022-05-04 03:13:27,365 [Listener at 127.0.0.1/46813] INFO  volume.StorageVolumeChecker (StorageVolumeChecker.java:checkAllVolumes(202)) - Scheduled health check for volume /home/runner/work/ozone/ozone/hadoop-ozone/integration-test/target/test-dir/MiniOzoneClusterImpl-16b4eb12-8d22-44ef-95c0-40f9ce645855/datanode-1/data/ratis
2022-05-04 03:13:27,384 [Thread-652] INFO  ozoneimpl.ContainerReader (ContainerReader.java:readVolume(172)) - Finish verifying containers on volume /home/runner/work/ozone/ozone/hadoop-ozone/integration-test/target/test-dir/MiniOzoneClusterImpl-16b4eb12-8d22-44ef-95c0-40f9ce645855/datanode-1/data-0/containers/hdds
2022-05-04 03:13:27,384 [Listener at 127.0.0.1/46813] INFO  ozoneimpl.OzoneContainer (OzoneContainer.java:buildContainerSet(257)) - Build ContainerSet costs 0s
2022-05-04 03:13:27,387 [Listener at 127.0.0.1/46813] INFO  server.RaftServer (ConfUtils.java:logGet(44)) - raft.rpc.type = GRPC (default)
2022-05-04 03:13:27,387 [Listener at 127.0.0.1/46813] INFO  grpc.GrpcFactory (GrpcFactory.java:checkPooledByteBufAllocatorUseCacheForAllThreads(48)) - PERFORMANCE WARNING: useCacheForAllThreads is true that may cause Netty to create a lot garbage objects and, as a result, trigger GC.
	It is recommended to disable useCacheForAllThreads by setting -Dorg.apache.ratis.thirdparty.io.netty.allocator.useCacheForAllThreads=false in command line.
2022-05-04 03:13:27,387 [Listener at 127.0.0.1/46813] INFO  grpc.GrpcConfigKeys (ConfUtils.java:logGet(44)) - raft.grpc.admin.port = 0 (custom)
2022-05-04 03:13:27,387 [Listener at 127.0.0.1/46813] INFO  grpc.GrpcConfigKeys (ConfUtils.java:logGet(44)) - raft.grpc.client.port = 0 (custom)
2022-05-04 03:13:27,387 [Listener at 127.0.0.1/46813] INFO  grpc.GrpcConfigKeys (ConfUtils.java:logGet(44)) - raft.grpc.server.port = 0 (default)
2022-05-04 03:13:27,387 [Listener at 127.0.0.1/46813] INFO  server.GrpcService (ConfUtils.java:logGet(44)) - raft.grpc.message.size.max = 32MB (=33554432) (custom)
2022-05-04 03:13:27,388 [Listener at 127.0.0.1/46813] INFO  server.RaftServerConfigKeys (ConfUtils.java:logGet(44)) - raft.server.log.appender.buffer.byte-limit = 33554432 (custom)
2022-05-04 03:13:27,388 [Listener at 127.0.0.1/46813] INFO  server.GrpcService (ConfUtils.java:logGet(44)) - raft.grpc.flow.control.window = 5MB (=5242880) (custom)
2022-05-04 03:13:27,388 [Listener at 127.0.0.1/46813] INFO  server.RaftServerConfigKeys (ConfUtils.java:logGet(44)) - raft.server.rpc.request.timeout = 60s (custom)
2022-05-04 03:13:27,389 [Listener at 127.0.0.1/46813] INFO  impl.DataStreamServerImpl (ConfUtils.java:logGet(44)) - raft.datastream.type = DISABLED (default)
2022-05-04 03:13:27,390 [Listener at 127.0.0.1/46813] INFO  server.RaftServerConfigKeys (ConfUtils.java:logGet(44)) - raft.server.rpc.slowness.timeout = 300s (custom)
2022-05-04 03:13:27,390 [Listener at 127.0.0.1/46813] INFO  server.RaftServerConfigKeys (ConfUtils.java:logGet(44)) - raft.server.leaderelection.leader.step-down.wait-time = 10s (default)
2022-05-04 03:13:27,390 [Listener at 127.0.0.1/46813] INFO  server.RaftServerConfigKeys (ConfUtils.java:logGet(44)) - raft.server.storage.dir = [/home/runner/work/ozone/ozone/hadoop-ozone/integration-test/target/test-dir/MiniOzoneClusterImpl-16b4eb12-8d22-44ef-95c0-40f9ce645855/datanode-1/data/ratis] (custom)
2022-05-04 03:13:27,399 [Listener at 127.0.0.1/46813] INFO  server.XceiverServerGrpc (XceiverServerGrpc.java:<init>(132)) - GrpcServer channel type EpollServerSocketChannel
2022-05-04 03:13:27,413 [Listener at 127.0.0.1/46813] INFO  http.BaseHttpServer (BaseHttpServer.java:newHttpServer2BuilderForOzone(209)) - Starting Web-server for hddsDatanode at: http://0.0.0.0:0
2022-05-04 03:13:27,414 [Listener at 127.0.0.1/46813] INFO  http.BaseHttpServer (BaseHttpServer.java:<init>(107)) - Hadoop Security Enabled: false Ozone Security Enabled: false Ozone HTTP Security Enabled: false 
2022-05-04 03:13:27,415 [Listener at 127.0.0.1/46813] INFO  server.AuthenticationFilter (AuthenticationFilter.java:constructSecretProvider(240)) - Unable to initialize FileSignerSecretProvider, falling back to use random secrets.
2022-05-04 03:13:27,422 [Listener at 127.0.0.1/46813] WARN  http.HttpRequestLog (HttpRequestLog.java:getRequestLog(103)) - Jetty request log can only be enabled using Log4j
2022-05-04 03:13:27,422 [Listener at 127.0.0.1/46813] INFO  http.HttpServer2 (HttpServer2.java:addGlobalFilter(1030)) - Added global filter 'safety' (class=org.apache.hadoop.hdds.server.http.HttpServer2$QuotingInputFilter)
2022-05-04 03:13:27,423 [Listener at 127.0.0.1/46813] INFO  http.HttpServer2 (HttpServer2.java:addFilter(1006)) - Added filter static_user_filter (class=org.apache.hadoop.http.lib.StaticUserWebFilter$StaticUserFilter) to context hddsDatanode
2022-05-04 03:13:27,423 [Listener at 127.0.0.1/46813] INFO  http.HttpServer2 (HttpServer2.java:addFilter(1014)) - Added filter static_user_filter (class=org.apache.hadoop.http.lib.StaticUserWebFilter$StaticUserFilter) to context static
2022-05-04 03:13:27,423 [Listener at 127.0.0.1/46813] INFO  http.HttpServer2 (HttpServer2.java:addFilter(1014)) - Added filter static_user_filter (class=org.apache.hadoop.http.lib.StaticUserWebFilter$StaticUserFilter) to context logs
2022-05-04 03:13:27,424 [Listener at 127.0.0.1/46813] INFO  http.HttpServer2 (HttpServer2.java:bindListener(1249)) - Jetty bound to port 37627
2022-05-04 03:13:27,424 [Listener at 127.0.0.1/46813] INFO  server.Server (Server.java:doStart(375)) - jetty-9.4.43.v20210629; built: 2021-06-30T11:07:22.254Z; git: 526006ecfa3af7f1a27ef3a288e2bef7ea9dd7e8; jvm 1.8.0_322-b06
2022-05-04 03:13:27,438 [Listener at 127.0.0.1/46813] INFO  server.session (DefaultSessionIdManager.java:doStart(334)) - DefaultSessionIdManager workerName=node0
2022-05-04 03:13:27,439 [Listener at 127.0.0.1/46813] INFO  server.session (DefaultSessionIdManager.java:doStart(339)) - No SessionScavenger set, using defaults
2022-05-04 03:13:27,439 [Listener at 127.0.0.1/46813] INFO  server.session (HouseKeeper.java:startScavenging(132)) - node0 Scavenging every 600000ms
2022-05-04 03:13:27,440 [Listener at 127.0.0.1/46813] INFO  handler.ContextHandler (ContextHandler.java:doStart(915)) - Started o.e.j.s.ServletContextHandler@5ebf2121{logs,/logs,file:///home/runner/work/ozone/ozone/hadoop-ozone/integration-test/target/log,AVAILABLE}
2022-05-04 03:13:27,440 [Listener at 127.0.0.1/46813] INFO  handler.ContextHandler (ContextHandler.java:doStart(915)) - Started o.e.j.s.ServletContextHandler@be947b2{static,/static,jar:file:/home/runner/.m2/repository/org/apache/ozone/hdds-container-service/1.3.0-SNAPSHOT/hdds-container-service-1.3.0-SNAPSHOT.jar!/webapps/static,AVAILABLE}
2022-05-04 03:13:27,841 [Listener at 127.0.0.1/46813] INFO  handler.ContextHandler (ContextHandler.java:doStart(915)) - Started o.e.j.w.WebAppContext@62a7af91{hddsDatanode,/,file:///tmp/jetty-0_0_0_0-37627-hdds-container-service-1_3_0-SNAPSHOT_jar-_-any-7634038003449715807/webapp/,AVAILABLE}{jar:file:/home/runner/.m2/repository/org/apache/ozone/hdds-container-service/1.3.0-SNAPSHOT/hdds-container-service-1.3.0-SNAPSHOT.jar!/webapps/hddsDatanode}
2022-05-04 03:13:27,846 [Listener at 127.0.0.1/46813] INFO  server.AbstractConnector (AbstractConnector.java:doStart(331)) - Started ServerConnector@58a9b1b9{HTTP/1.1, (http/1.1)}{0.0.0.0:37627}
2022-05-04 03:13:27,855 [Listener at 127.0.0.1/46813] INFO  server.Server (Server.java:doStart(415)) - Started @84096ms
2022-05-04 03:13:27,856 [Listener at 127.0.0.1/46813] WARN  impl.MetricsSystemImpl (MetricsSystemImpl.java:register(279)) - Sink prometheus already exists!
2022-05-04 03:13:27,856 [Listener at 127.0.0.1/46813] INFO  http.BaseHttpServer (BaseHttpServer.java:updateConnectorAddress(329)) - HTTP server of hddsDatanode listening at http://0.0.0.0:37627
2022-05-04 03:13:27,872 [Listener at 127.0.0.1/46813] WARN  impl.MetricRegistriesImpl (MetricRegistriesImpl.java:addReporterRegistration(111)) - New reporters are added after registries were created. Some metrics will be missing from the reporter. Please add reporter before adding any new registry.
2022-05-04 03:13:27,872 [Listener at 127.0.0.1/46813] WARN  impl.MetricRegistriesImpl (MetricRegistriesImpl.java:addReporterRegistration(111)) - New reporters are added after registries were created. Some metrics will be missing from the reporter. Please add reporter before adding any new registry.
2022-05-04 03:13:27,872 [Listener at 127.0.0.1/46813] INFO  impl.MetricsSystemImpl (MetricsSystemImpl.java:init(158)) - HddsDatanode metrics system started (again)
2022-05-04 03:13:27,874 [Datanode State Machine Daemon Thread] INFO  statemachine.DatanodeStateMachine (DatanodeStateMachine.java:lambda$startDaemon$0(472)) - Ozone container server started.
2022-05-04 03:13:27,890 [org.apache.hadoop.util.JvmPauseMonitor$Monitor@6e1beaad] INFO  util.JvmPauseMonitor (JvmPauseMonitor.java:run(188)) - Starting JVM pause monitor
2022-05-04 03:13:27,902 [Datanode State Machine Task Thread - 0] INFO  datanode.InitDatanodeState (InitDatanodeState.java:persistContainerDatanodeDetails(138)) - DatanodeDetails is persisted to /home/runner/work/ozone/ozone/hadoop-ozone/integration-test/target/test-dir/MiniOzoneClusterImpl-16b4eb12-8d22-44ef-95c0-40f9ce645855/datanode-1/meta/datanode.id
2022-05-04 03:13:27,910 [Listener at 127.0.0.1/46813] INFO  ozone.HddsDatanodeService (HddsDatanodeService.java:start(233)) - HddsDatanodeService host:fv-az270-73.tacnzluakwdehk1hpragurqkma.bx.internal.cloudapp.net ip:10.1.0.22
2022-05-04 03:13:27,961 [Listener at 127.0.0.1/46813] INFO  upgrade.AbstractLayoutVersionManager (AbstractLayoutVersionManager.java:init(79)) - Initializing Layout version manager with metadata layout = ERASURE_CODED_STORAGE_SUPPORT (version = 3), software layout = ERASURE_CODED_STORAGE_SUPPORT (version = 3)
2022-05-04 03:13:28,063 [Listener at 127.0.0.1/46813] INFO  reflections.Reflections (Reflections.java:scan(232)) - Reflections took 84 ms to scan 7 urls, producing 126 keys and 289 values 
2022-05-04 03:13:28,067 [Listener at 127.0.0.1/46813] INFO  statemachine.DatanodeStateMachine (DatanodeStateMachine.java:getEndPointTaskThreadPoolSize(224)) - Datanode State Machine Task Thread Pool size 2
2022-05-04 03:13:28,081 [Listener at 127.0.0.1/46813] INFO  volume.HddsVolume (HddsVolume.java:<init>(120)) - Creating HddsVolume: /home/runner/work/ozone/ozone/hadoop-ozone/integration-test/target/test-dir/MiniOzoneClusterImpl-16b4eb12-8d22-44ef-95c0-40f9ce645855/datanode-2/data-0/containers/hdds of storage type : DISK capacity : 9223372036854775807
2022-05-04 03:13:28,081 [Listener at 127.0.0.1/46813] INFO  volume.MutableVolumeSet (MutableVolumeSet.java:initializeVolumeSet(168)) - Added Volume : /home/runner/work/ozone/ozone/hadoop-ozone/integration-test/target/test-dir/MiniOzoneClusterImpl-16b4eb12-8d22-44ef-95c0-40f9ce645855/datanode-2/data-0/containers/hdds to VolumeSet
2022-05-04 03:13:28,081 [Listener at 127.0.0.1/46813] INFO  volume.ThrottledAsyncChecker (ThrottledAsyncChecker.java:schedule(141)) - Scheduling a check for /home/runner/work/ozone/ozone/hadoop-ozone/integration-test/target/test-dir/MiniOzoneClusterImpl-16b4eb12-8d22-44ef-95c0-40f9ce645855/datanode-2/data-0/containers/hdds
2022-05-04 03:13:28,094 [Listener at 127.0.0.1/46813] INFO  volume.StorageVolumeChecker (StorageVolumeChecker.java:checkAllVolumes(202)) - Scheduled health check for volume /home/runner/work/ozone/ozone/hadoop-ozone/integration-test/target/test-dir/MiniOzoneClusterImpl-16b4eb12-8d22-44ef-95c0-40f9ce645855/datanode-2/data-0/containers/hdds
2022-05-04 03:13:28,136 [Listener at 127.0.0.1/46813] INFO  volume.MutableVolumeSet (MutableVolumeSet.java:initializeVolumeSet(168)) - Added Volume : /home/runner/work/ozone/ozone/hadoop-ozone/integration-test/target/test-dir/MiniOzoneClusterImpl-16b4eb12-8d22-44ef-95c0-40f9ce645855/datanode-2/data/ratis to VolumeSet
2022-05-04 03:13:28,136 [Listener at 127.0.0.1/46813] INFO  volume.ThrottledAsyncChecker (ThrottledAsyncChecker.java:schedule(141)) - Scheduling a check for /home/runner/work/ozone/ozone/hadoop-ozone/integration-test/target/test-dir/MiniOzoneClusterImpl-16b4eb12-8d22-44ef-95c0-40f9ce645855/datanode-2/data/ratis
2022-05-04 03:13:28,136 [Listener at 127.0.0.1/46813] INFO  volume.StorageVolumeChecker (StorageVolumeChecker.java:checkAllVolumes(202)) - Scheduled health check for volume /home/runner/work/ozone/ozone/hadoop-ozone/integration-test/target/test-dir/MiniOzoneClusterImpl-16b4eb12-8d22-44ef-95c0-40f9ce645855/datanode-2/data/ratis
2022-05-04 03:13:28,160 [Thread-664] INFO  ozoneimpl.ContainerReader (ContainerReader.java:readVolume(172)) - Finish verifying containers on volume /home/runner/work/ozone/ozone/hadoop-ozone/integration-test/target/test-dir/MiniOzoneClusterImpl-16b4eb12-8d22-44ef-95c0-40f9ce645855/datanode-2/data-0/containers/hdds
2022-05-04 03:13:28,165 [Listener at 127.0.0.1/46813] INFO  ozoneimpl.OzoneContainer (OzoneContainer.java:buildContainerSet(257)) - Build ContainerSet costs 0s
2022-05-04 03:13:28,167 [Listener at 127.0.0.1/46813] INFO  server.RaftServer (ConfUtils.java:logGet(44)) - raft.rpc.type = GRPC (default)
2022-05-04 03:13:28,167 [Listener at 127.0.0.1/46813] INFO  grpc.GrpcFactory (GrpcFactory.java:checkPooledByteBufAllocatorUseCacheForAllThreads(48)) - PERFORMANCE WARNING: useCacheForAllThreads is true that may cause Netty to create a lot garbage objects and, as a result, trigger GC.
	It is recommended to disable useCacheForAllThreads by setting -Dorg.apache.ratis.thirdparty.io.netty.allocator.useCacheForAllThreads=false in command line.
2022-05-04 03:13:28,168 [Listener at 127.0.0.1/46813] INFO  grpc.GrpcConfigKeys (ConfUtils.java:logGet(44)) - raft.grpc.admin.port = 0 (custom)
2022-05-04 03:13:28,168 [Listener at 127.0.0.1/46813] INFO  grpc.GrpcConfigKeys (ConfUtils.java:logGet(44)) - raft.grpc.client.port = 0 (custom)
2022-05-04 03:13:28,168 [Listener at 127.0.0.1/46813] INFO  grpc.GrpcConfigKeys (ConfUtils.java:logGet(44)) - raft.grpc.server.port = 0 (default)
2022-05-04 03:13:28,168 [Listener at 127.0.0.1/46813] INFO  server.GrpcService (ConfUtils.java:logGet(44)) - raft.grpc.message.size.max = 32MB (=33554432) (custom)
2022-05-04 03:13:28,168 [Listener at 127.0.0.1/46813] INFO  server.RaftServerConfigKeys (ConfUtils.java:logGet(44)) - raft.server.log.appender.buffer.byte-limit = 33554432 (custom)
2022-05-04 03:13:28,168 [Listener at 127.0.0.1/46813] INFO  server.GrpcService (ConfUtils.java:logGet(44)) - raft.grpc.flow.control.window = 5MB (=5242880) (custom)
2022-05-04 03:13:28,168 [Listener at 127.0.0.1/46813] INFO  server.RaftServerConfigKeys (ConfUtils.java:logGet(44)) - raft.server.rpc.request.timeout = 60s (custom)
2022-05-04 03:13:28,169 [Listener at 127.0.0.1/46813] INFO  impl.DataStreamServerImpl (ConfUtils.java:logGet(44)) - raft.datastream.type = DISABLED (default)
2022-05-04 03:13:28,172 [Listener at 127.0.0.1/46813] INFO  server.RaftServerConfigKeys (ConfUtils.java:logGet(44)) - raft.server.rpc.slowness.timeout = 300s (custom)
2022-05-04 03:13:28,172 [Listener at 127.0.0.1/46813] INFO  server.RaftServerConfigKeys (ConfUtils.java:logGet(44)) - raft.server.leaderelection.leader.step-down.wait-time = 10s (default)
2022-05-04 03:13:28,172 [Listener at 127.0.0.1/46813] INFO  server.RaftServerConfigKeys (ConfUtils.java:logGet(44)) - raft.server.storage.dir = [/home/runner/work/ozone/ozone/hadoop-ozone/integration-test/target/test-dir/MiniOzoneClusterImpl-16b4eb12-8d22-44ef-95c0-40f9ce645855/datanode-2/data/ratis] (custom)
2022-05-04 03:13:28,174 [Listener at 127.0.0.1/46813] INFO  server.XceiverServerGrpc (XceiverServerGrpc.java:<init>(132)) - GrpcServer channel type EpollServerSocketChannel
2022-05-04 03:13:28,184 [Listener at 127.0.0.1/46813] INFO  http.BaseHttpServer (BaseHttpServer.java:newHttpServer2BuilderForOzone(209)) - Starting Web-server for hddsDatanode at: http://0.0.0.0:0
2022-05-04 03:13:28,184 [Listener at 127.0.0.1/46813] INFO  http.BaseHttpServer (BaseHttpServer.java:<init>(107)) - Hadoop Security Enabled: false Ozone Security Enabled: false Ozone HTTP Security Enabled: false 
2022-05-04 03:13:28,185 [Listener at 127.0.0.1/46813] INFO  server.AuthenticationFilter (AuthenticationFilter.java:constructSecretProvider(240)) - Unable to initialize FileSignerSecretProvider, falling back to use random secrets.
2022-05-04 03:13:28,185 [Listener at 127.0.0.1/46813] WARN  http.HttpRequestLog (HttpRequestLog.java:getRequestLog(103)) - Jetty request log can only be enabled using Log4j
2022-05-04 03:13:28,186 [Listener at 127.0.0.1/46813] INFO  http.HttpServer2 (HttpServer2.java:addGlobalFilter(1030)) - Added global filter 'safety' (class=org.apache.hadoop.hdds.server.http.HttpServer2$QuotingInputFilter)
2022-05-04 03:13:28,187 [Listener at 127.0.0.1/46813] INFO  http.HttpServer2 (HttpServer2.java:addFilter(1006)) - Added filter static_user_filter (class=org.apache.hadoop.http.lib.StaticUserWebFilter$StaticUserFilter) to context hddsDatanode
2022-05-04 03:13:28,187 [Listener at 127.0.0.1/46813] INFO  http.HttpServer2 (HttpServer2.java:addFilter(1014)) - Added filter static_user_filter (class=org.apache.hadoop.http.lib.StaticUserWebFilter$StaticUserFilter) to context static
2022-05-04 03:13:28,187 [Listener at 127.0.0.1/46813] INFO  http.HttpServer2 (HttpServer2.java:addFilter(1014)) - Added filter static_user_filter (class=org.apache.hadoop.http.lib.StaticUserWebFilter$StaticUserFilter) to context logs
2022-05-04 03:13:28,188 [Listener at 127.0.0.1/46813] INFO  http.HttpServer2 (HttpServer2.java:bindListener(1249)) - Jetty bound to port 42551
2022-05-04 03:13:28,188 [Listener at 127.0.0.1/46813] INFO  server.Server (Server.java:doStart(375)) - jetty-9.4.43.v20210629; built: 2021-06-30T11:07:22.254Z; git: 526006ecfa3af7f1a27ef3a288e2bef7ea9dd7e8; jvm 1.8.0_322-b06
2022-05-04 03:13:28,193 [Listener at 127.0.0.1/46813] INFO  server.session (DefaultSessionIdManager.java:doStart(334)) - DefaultSessionIdManager workerName=node0
2022-05-04 03:13:28,193 [Listener at 127.0.0.1/46813] INFO  server.session (DefaultSessionIdManager.java:doStart(339)) - No SessionScavenger set, using defaults
2022-05-04 03:13:28,193 [Listener at 127.0.0.1/46813] INFO  server.session (HouseKeeper.java:startScavenging(132)) - node0 Scavenging every 600000ms
2022-05-04 03:13:28,194 [Listener at 127.0.0.1/46813] INFO  handler.ContextHandler (ContextHandler.java:doStart(915)) - Started o.e.j.s.ServletContextHandler@2b64a74c{logs,/logs,file:///home/runner/work/ozone/ozone/hadoop-ozone/integration-test/target/log,AVAILABLE}
2022-05-04 03:13:28,195 [Listener at 127.0.0.1/46813] INFO  handler.ContextHandler (ContextHandler.java:doStart(915)) - Started o.e.j.s.ServletContextHandler@45d7ba13{static,/static,jar:file:/home/runner/.m2/repository/org/apache/ozone/hdds-container-service/1.3.0-SNAPSHOT/hdds-container-service-1.3.0-SNAPSHOT.jar!/webapps/static,AVAILABLE}
2022-05-04 03:13:28,585 [Listener at 127.0.0.1/46813] INFO  handler.ContextHandler (ContextHandler.java:doStart(915)) - Started o.e.j.w.WebAppContext@4f7feec2{hddsDatanode,/,file:///tmp/jetty-0_0_0_0-42551-hdds-container-service-1_3_0-SNAPSHOT_jar-_-any-560312988712140014/webapp/,AVAILABLE}{jar:file:/home/runner/.m2/repository/org/apache/ozone/hdds-container-service/1.3.0-SNAPSHOT/hdds-container-service-1.3.0-SNAPSHOT.jar!/webapps/hddsDatanode}
2022-05-04 03:13:28,596 [Listener at 127.0.0.1/46813] INFO  server.AbstractConnector (AbstractConnector.java:doStart(331)) - Started ServerConnector@5e96ad97{HTTP/1.1, (http/1.1)}{0.0.0.0:42551}
2022-05-04 03:13:28,596 [Listener at 127.0.0.1/46813] INFO  server.Server (Server.java:doStart(415)) - Started @84837ms
2022-05-04 03:13:28,597 [Listener at 127.0.0.1/46813] WARN  impl.MetricsSystemImpl (MetricsSystemImpl.java:register(279)) - Sink prometheus already exists!
2022-05-04 03:13:28,598 [Listener at 127.0.0.1/46813] INFO  http.BaseHttpServer (BaseHttpServer.java:updateConnectorAddress(329)) - HTTP server of hddsDatanode listening at http://0.0.0.0:42551
2022-05-04 03:13:28,626 [Datanode State Machine Daemon Thread] INFO  statemachine.DatanodeStateMachine (DatanodeStateMachine.java:lambda$startDaemon$0(472)) - Ozone container server started.
2022-05-04 03:13:28,626 [Listener at 127.0.0.1/46813] WARN  impl.MetricRegistriesImpl (MetricRegistriesImpl.java:addReporterRegistration(111)) - New reporters are added after registries were created. Some metrics will be missing from the reporter. Please add reporter before adding any new registry.
2022-05-04 03:13:28,627 [Listener at 127.0.0.1/46813] WARN  impl.MetricRegistriesImpl (MetricRegistriesImpl.java:addReporterRegistration(111)) - New reporters are added after registries were created. Some metrics will be missing from the reporter. Please add reporter before adding any new registry.
2022-05-04 03:13:28,627 [Listener at 127.0.0.1/46813] INFO  impl.MetricsSystemImpl (MetricsSystemImpl.java:init(158)) - HddsDatanode metrics system started (again)
2022-05-04 03:13:28,670 [Listener at 127.0.0.1/46813] INFO  ozone.HddsDatanodeService (HddsDatanodeService.java:start(233)) - HddsDatanodeService host:fv-az270-73.tacnzluakwdehk1hpragurqkma.bx.internal.cloudapp.net ip:10.1.0.22
2022-05-04 03:13:28,691 [org.apache.hadoop.util.JvmPauseMonitor$Monitor@3e5548d4] INFO  util.JvmPauseMonitor (JvmPauseMonitor.java:run(188)) - Starting JVM pause monitor
2022-05-04 03:13:28,708 [Datanode State Machine Task Thread - 0] INFO  datanode.InitDatanodeState (InitDatanodeState.java:persistContainerDatanodeDetails(138)) - DatanodeDetails is persisted to /home/runner/work/ozone/ozone/hadoop-ozone/integration-test/target/test-dir/MiniOzoneClusterImpl-16b4eb12-8d22-44ef-95c0-40f9ce645855/datanode-2/meta/datanode.id
2022-05-04 03:13:28,723 [Listener at 127.0.0.1/46813] INFO  upgrade.AbstractLayoutVersionManager (AbstractLayoutVersionManager.java:init(79)) - Initializing Layout version manager with metadata layout = ERASURE_CODED_STORAGE_SUPPORT (version = 3), software layout = ERASURE_CODED_STORAGE_SUPPORT (version = 3)
2022-05-04 03:13:28,920 [Listener at 127.0.0.1/46813] INFO  reflections.Reflections (Reflections.java:scan(232)) - Reflections took 196 ms to scan 7 urls, producing 126 keys and 289 values 
2022-05-04 03:13:28,921 [Listener at 127.0.0.1/46813] INFO  statemachine.DatanodeStateMachine (DatanodeStateMachine.java:getEndPointTaskThreadPoolSize(224)) - Datanode State Machine Task Thread Pool size 2
2022-05-04 03:13:28,933 [Listener at 127.0.0.1/46813] INFO  volume.HddsVolume (HddsVolume.java:<init>(120)) - Creating HddsVolume: /home/runner/work/ozone/ozone/hadoop-ozone/integration-test/target/test-dir/MiniOzoneClusterImpl-16b4eb12-8d22-44ef-95c0-40f9ce645855/datanode-3/data-0/containers/hdds of storage type : DISK capacity : 9223372036854775807
2022-05-04 03:13:28,933 [Listener at 127.0.0.1/46813] INFO  volume.MutableVolumeSet (MutableVolumeSet.java:initializeVolumeSet(168)) - Added Volume : /home/runner/work/ozone/ozone/hadoop-ozone/integration-test/target/test-dir/MiniOzoneClusterImpl-16b4eb12-8d22-44ef-95c0-40f9ce645855/datanode-3/data-0/containers/hdds to VolumeSet
2022-05-04 03:13:28,934 [Listener at 127.0.0.1/46813] INFO  volume.ThrottledAsyncChecker (ThrottledAsyncChecker.java:schedule(141)) - Scheduling a check for /home/runner/work/ozone/ozone/hadoop-ozone/integration-test/target/test-dir/MiniOzoneClusterImpl-16b4eb12-8d22-44ef-95c0-40f9ce645855/datanode-3/data-0/containers/hdds
2022-05-04 03:13:28,944 [Listener at 127.0.0.1/46813] INFO  volume.StorageVolumeChecker (StorageVolumeChecker.java:checkAllVolumes(202)) - Scheduled health check for volume /home/runner/work/ozone/ozone/hadoop-ozone/integration-test/target/test-dir/MiniOzoneClusterImpl-16b4eb12-8d22-44ef-95c0-40f9ce645855/datanode-3/data-0/containers/hdds
2022-05-04 03:13:28,968 [Listener at 127.0.0.1/46813] INFO  volume.MutableVolumeSet (MutableVolumeSet.java:initializeVolumeSet(168)) - Added Volume : /home/runner/work/ozone/ozone/hadoop-ozone/integration-test/target/test-dir/MiniOzoneClusterImpl-16b4eb12-8d22-44ef-95c0-40f9ce645855/datanode-3/data/ratis to VolumeSet
2022-05-04 03:13:28,969 [Listener at 127.0.0.1/46813] INFO  volume.ThrottledAsyncChecker (ThrottledAsyncChecker.java:schedule(141)) - Scheduling a check for /home/runner/work/ozone/ozone/hadoop-ozone/integration-test/target/test-dir/MiniOzoneClusterImpl-16b4eb12-8d22-44ef-95c0-40f9ce645855/datanode-3/data/ratis
2022-05-04 03:13:28,983 [Listener at 127.0.0.1/46813] INFO  volume.StorageVolumeChecker (StorageVolumeChecker.java:checkAllVolumes(202)) - Scheduled health check for volume /home/runner/work/ozone/ozone/hadoop-ozone/integration-test/target/test-dir/MiniOzoneClusterImpl-16b4eb12-8d22-44ef-95c0-40f9ce645855/datanode-3/data/ratis
2022-05-04 03:13:29,007 [Thread-676] INFO  ozoneimpl.ContainerReader (ContainerReader.java:readVolume(172)) - Finish verifying containers on volume /home/runner/work/ozone/ozone/hadoop-ozone/integration-test/target/test-dir/MiniOzoneClusterImpl-16b4eb12-8d22-44ef-95c0-40f9ce645855/datanode-3/data-0/containers/hdds
2022-05-04 03:13:29,007 [Listener at 127.0.0.1/46813] INFO  ozoneimpl.OzoneContainer (OzoneContainer.java:buildContainerSet(257)) - Build ContainerSet costs 0s
2022-05-04 03:13:29,009 [Listener at 127.0.0.1/46813] INFO  server.RaftServer (ConfUtils.java:logGet(44)) - raft.rpc.type = GRPC (default)
2022-05-04 03:13:29,009 [Listener at 127.0.0.1/46813] INFO  grpc.GrpcFactory (GrpcFactory.java:checkPooledByteBufAllocatorUseCacheForAllThreads(48)) - PERFORMANCE WARNING: useCacheForAllThreads is true that may cause Netty to create a lot garbage objects and, as a result, trigger GC.
	It is recommended to disable useCacheForAllThreads by setting -Dorg.apache.ratis.thirdparty.io.netty.allocator.useCacheForAllThreads=false in command line.
2022-05-04 03:13:29,010 [Listener at 127.0.0.1/46813] INFO  grpc.GrpcConfigKeys (ConfUtils.java:logGet(44)) - raft.grpc.admin.port = 0 (custom)
2022-05-04 03:13:29,010 [Listener at 127.0.0.1/46813] INFO  grpc.GrpcConfigKeys (ConfUtils.java:logGet(44)) - raft.grpc.client.port = 0 (custom)
2022-05-04 03:13:29,010 [Listener at 127.0.0.1/46813] INFO  grpc.GrpcConfigKeys (ConfUtils.java:logGet(44)) - raft.grpc.server.port = 0 (default)
2022-05-04 03:13:29,022 [Listener at 127.0.0.1/46813] INFO  server.GrpcService (ConfUtils.java:logGet(44)) - raft.grpc.message.size.max = 32MB (=33554432) (custom)
2022-05-04 03:13:29,022 [Listener at 127.0.0.1/46813] INFO  server.RaftServerConfigKeys (ConfUtils.java:logGet(44)) - raft.server.log.appender.buffer.byte-limit = 33554432 (custom)
2022-05-04 03:13:29,023 [Listener at 127.0.0.1/46813] INFO  server.GrpcService (ConfUtils.java:logGet(44)) - raft.grpc.flow.control.window = 5MB (=5242880) (custom)
2022-05-04 03:13:29,023 [Listener at 127.0.0.1/46813] INFO  server.RaftServerConfigKeys (ConfUtils.java:logGet(44)) - raft.server.rpc.request.timeout = 60s (custom)
2022-05-04 03:13:29,024 [Listener at 127.0.0.1/46813] INFO  impl.DataStreamServerImpl (ConfUtils.java:logGet(44)) - raft.datastream.type = DISABLED (default)
2022-05-04 03:13:29,024 [Listener at 127.0.0.1/46813] INFO  server.RaftServerConfigKeys (ConfUtils.java:logGet(44)) - raft.server.rpc.slowness.timeout = 300s (custom)
2022-05-04 03:13:29,024 [Listener at 127.0.0.1/46813] INFO  server.RaftServerConfigKeys (ConfUtils.java:logGet(44)) - raft.server.leaderelection.leader.step-down.wait-time = 10s (default)
2022-05-04 03:13:29,024 [Listener at 127.0.0.1/46813] INFO  server.RaftServerConfigKeys (ConfUtils.java:logGet(44)) - raft.server.storage.dir = [/home/runner/work/ozone/ozone/hadoop-ozone/integration-test/target/test-dir/MiniOzoneClusterImpl-16b4eb12-8d22-44ef-95c0-40f9ce645855/datanode-3/data/ratis] (custom)
2022-05-04 03:13:29,031 [Listener at 127.0.0.1/46813] INFO  server.XceiverServerGrpc (XceiverServerGrpc.java:<init>(132)) - GrpcServer channel type EpollServerSocketChannel
2022-05-04 03:13:29,038 [Listener at 127.0.0.1/46813] INFO  http.BaseHttpServer (BaseHttpServer.java:newHttpServer2BuilderForOzone(209)) - Starting Web-server for hddsDatanode at: http://0.0.0.0:0
2022-05-04 03:13:29,038 [Listener at 127.0.0.1/46813] INFO  http.BaseHttpServer (BaseHttpServer.java:<init>(107)) - Hadoop Security Enabled: false Ozone Security Enabled: false Ozone HTTP Security Enabled: false 
2022-05-04 03:13:29,039 [Listener at 127.0.0.1/46813] INFO  server.AuthenticationFilter (AuthenticationFilter.java:constructSecretProvider(240)) - Unable to initialize FileSignerSecretProvider, falling back to use random secrets.
2022-05-04 03:13:29,050 [Listener at 127.0.0.1/46813] WARN  http.HttpRequestLog (HttpRequestLog.java:getRequestLog(103)) - Jetty request log can only be enabled using Log4j
2022-05-04 03:13:29,051 [Listener at 127.0.0.1/46813] INFO  http.HttpServer2 (HttpServer2.java:addGlobalFilter(1030)) - Added global filter 'safety' (class=org.apache.hadoop.hdds.server.http.HttpServer2$QuotingInputFilter)
2022-05-04 03:13:29,052 [Listener at 127.0.0.1/46813] INFO  http.HttpServer2 (HttpServer2.java:addFilter(1006)) - Added filter static_user_filter (class=org.apache.hadoop.http.lib.StaticUserWebFilter$StaticUserFilter) to context hddsDatanode
2022-05-04 03:13:29,052 [Listener at 127.0.0.1/46813] INFO  http.HttpServer2 (HttpServer2.java:addFilter(1014)) - Added filter static_user_filter (class=org.apache.hadoop.http.lib.StaticUserWebFilter$StaticUserFilter) to context static
2022-05-04 03:13:29,052 [Listener at 127.0.0.1/46813] INFO  http.HttpServer2 (HttpServer2.java:addFilter(1014)) - Added filter static_user_filter (class=org.apache.hadoop.http.lib.StaticUserWebFilter$StaticUserFilter) to context logs
2022-05-04 03:13:29,053 [Listener at 127.0.0.1/46813] INFO  http.HttpServer2 (HttpServer2.java:bindListener(1249)) - Jetty bound to port 37561
2022-05-04 03:13:29,053 [Listener at 127.0.0.1/46813] INFO  server.Server (Server.java:doStart(375)) - jetty-9.4.43.v20210629; built: 2021-06-30T11:07:22.254Z; git: 526006ecfa3af7f1a27ef3a288e2bef7ea9dd7e8; jvm 1.8.0_322-b06
2022-05-04 03:13:29,103 [Listener at 127.0.0.1/46813] INFO  server.session (DefaultSessionIdManager.java:doStart(334)) - DefaultSessionIdManager workerName=node0
2022-05-04 03:13:29,103 [Listener at 127.0.0.1/46813] INFO  server.session (DefaultSessionIdManager.java:doStart(339)) - No SessionScavenger set, using defaults
2022-05-04 03:13:29,104 [Listener at 127.0.0.1/46813] INFO  server.session (HouseKeeper.java:startScavenging(132)) - node0 Scavenging every 660000ms
2022-05-04 03:13:29,111 [Listener at 127.0.0.1/46813] INFO  handler.ContextHandler (ContextHandler.java:doStart(915)) - Started o.e.j.s.ServletContextHandler@69ab59f7{logs,/logs,file:///home/runner/work/ozone/ozone/hadoop-ozone/integration-test/target/log,AVAILABLE}
2022-05-04 03:13:29,111 [Listener at 127.0.0.1/46813] INFO  handler.ContextHandler (ContextHandler.java:doStart(915)) - Started o.e.j.s.ServletContextHandler@1b1a077d{static,/static,jar:file:/home/runner/.m2/repository/org/apache/ozone/hdds-container-service/1.3.0-SNAPSHOT/hdds-container-service-1.3.0-SNAPSHOT.jar!/webapps/static,AVAILABLE}
2022-05-04 03:13:29,175 [EndpointStateMachine task thread for /0.0.0.0:41551 - 0 ] INFO  ozoneimpl.OzoneContainer (OzoneContainer.java:start(335)) - Attempting to start container services.
2022-05-04 03:13:29,176 [EndpointStateMachine task thread for /0.0.0.0:41551 - 0 ] INFO  ozoneimpl.OzoneContainer (OzoneContainer.java:startContainerScrub(270)) - Background container scanner has been disabled.
2022-05-04 03:13:29,176 [EndpointStateMachine task thread for /0.0.0.0:41551 - 0 ] INFO  replication.ReplicationServer (ReplicationServer.java:start(111)) - ReplicationServer is started using port 46207
2022-05-04 03:13:29,177 [EndpointStateMachine task thread for /0.0.0.0:41551 - 0 ] INFO  ratis.XceiverServerRatis (XceiverServerRatis.java:start(481)) - Starting XceiverServerRatis 3d91fce6-fc2e-4974-9eab-0da46cd4cdf8
2022-05-04 03:13:29,196 [EndpointStateMachine task thread for /0.0.0.0:41551 - 0 ] INFO  server.RaftServer (RaftServerProxy.java:lambda$start$5(374)) - 3d91fce6-fc2e-4974-9eab-0da46cd4cdf8: start RPC server
2022-05-04 03:13:29,198 [EndpointStateMachine task thread for /0.0.0.0:41551 - 0 ] INFO  server.GrpcService (GrpcService.java:startImpl(253)) - 3d91fce6-fc2e-4974-9eab-0da46cd4cdf8: GrpcService started, listening on 40237
2022-05-04 03:13:29,230 [EndpointStateMachine task thread for /0.0.0.0:41551 - 0 ] INFO  ratis.XceiverServerRatis (XceiverServerRatis.java:getRealPort(502)) - XceiverServerRatis 3d91fce6-fc2e-4974-9eab-0da46cd4cdf8 is started using port 40237 for RATIS
2022-05-04 03:13:29,230 [EndpointStateMachine task thread for /0.0.0.0:41551 - 0 ] INFO  ratis.XceiverServerRatis (XceiverServerRatis.java:getRealPort(502)) - XceiverServerRatis 3d91fce6-fc2e-4974-9eab-0da46cd4cdf8 is started using port 40237 for RATIS_ADMIN
2022-05-04 03:13:29,230 [EndpointStateMachine task thread for /0.0.0.0:41551 - 0 ] INFO  ratis.XceiverServerRatis (XceiverServerRatis.java:getRealPort(502)) - XceiverServerRatis 3d91fce6-fc2e-4974-9eab-0da46cd4cdf8 is started using port 40237 for RATIS_SERVER
2022-05-04 03:13:29,230 [org.apache.ratis.util.JvmPauseMonitor$$Lambda$565/1325392746@5ef79c48] INFO  util.JvmPauseMonitor (JvmPauseMonitor.java:run(103)) - JvmPauseMonitor-3d91fce6-fc2e-4974-9eab-0da46cd4cdf8: Started
2022-05-04 03:13:29,242 [EndpointStateMachine task thread for /0.0.0.0:41551 - 0 ] INFO  server.XceiverServerGrpc (XceiverServerGrpc.java:start(180)) - XceiverServerGrpc 3d91fce6-fc2e-4974-9eab-0da46cd4cdf8 is started using port 41123
2022-05-04 03:13:29,589 [Listener at 127.0.0.1/46813] INFO  handler.ContextHandler (ContextHandler.java:doStart(915)) - Started o.e.j.w.WebAppContext@72a265ea{hddsDatanode,/,file:///tmp/jetty-0_0_0_0-37561-hdds-container-service-1_3_0-SNAPSHOT_jar-_-any-2186098054477004463/webapp/,AVAILABLE}{jar:file:/home/runner/.m2/repository/org/apache/ozone/hdds-container-service/1.3.0-SNAPSHOT/hdds-container-service-1.3.0-SNAPSHOT.jar!/webapps/hddsDatanode}
2022-05-04 03:13:29,591 [Listener at 127.0.0.1/46813] INFO  server.AbstractConnector (AbstractConnector.java:doStart(331)) - Started ServerConnector@76b328e9{HTTP/1.1, (http/1.1)}{0.0.0.0:37561}
2022-05-04 03:13:29,591 [Listener at 127.0.0.1/46813] INFO  server.Server (Server.java:doStart(415)) - Started @85832ms
2022-05-04 03:13:29,591 [Listener at 127.0.0.1/46813] WARN  impl.MetricsSystemImpl (MetricsSystemImpl.java:register(279)) - Sink prometheus already exists!
2022-05-04 03:13:29,592 [Listener at 127.0.0.1/46813] INFO  http.BaseHttpServer (BaseHttpServer.java:updateConnectorAddress(329)) - HTTP server of hddsDatanode listening at http://0.0.0.0:37561
2022-05-04 03:13:29,602 [Listener at 127.0.0.1/46813] WARN  impl.MetricRegistriesImpl (MetricRegistriesImpl.java:addReporterRegistration(111)) - New reporters are added after registries were created. Some metrics will be missing from the reporter. Please add reporter before adding any new registry.
2022-05-04 03:13:29,602 [Listener at 127.0.0.1/46813] WARN  impl.MetricRegistriesImpl (MetricRegistriesImpl.java:addReporterRegistration(111)) - New reporters are added after registries were created. Some metrics will be missing from the reporter. Please add reporter before adding any new registry.
2022-05-04 03:13:29,603 [Listener at 127.0.0.1/46813] INFO  impl.MetricsSystemImpl (MetricsSystemImpl.java:init(158)) - HddsDatanode metrics system started (again)
2022-05-04 03:13:29,606 [Datanode State Machine Daemon Thread] INFO  statemachine.DatanodeStateMachine (DatanodeStateMachine.java:lambda$startDaemon$0(472)) - Ozone container server started.
2022-05-04 03:13:29,626 [org.apache.hadoop.util.JvmPauseMonitor$Monitor@4d46fc17] INFO  util.JvmPauseMonitor (JvmPauseMonitor.java:run(188)) - Starting JVM pause monitor
2022-05-04 03:13:29,659 [Datanode State Machine Task Thread - 0] INFO  datanode.InitDatanodeState (InitDatanodeState.java:persistContainerDatanodeDetails(138)) - DatanodeDetails is persisted to /home/runner/work/ozone/ozone/hadoop-ozone/integration-test/target/test-dir/MiniOzoneClusterImpl-16b4eb12-8d22-44ef-95c0-40f9ce645855/datanode-3/meta/datanode.id
2022-05-04 03:13:29,660 [Listener at 127.0.0.1/46813] INFO  ozone.HddsDatanodeService (HddsDatanodeService.java:start(233)) - HddsDatanodeService host:fv-az270-73.tacnzluakwdehk1hpragurqkma.bx.internal.cloudapp.net ip:10.1.0.22
2022-05-04 03:13:29,709 [Listener at 127.0.0.1/46813] INFO  upgrade.AbstractLayoutVersionManager (AbstractLayoutVersionManager.java:init(79)) - Initializing Layout version manager with metadata layout = ERASURE_CODED_STORAGE_SUPPORT (version = 3), software layout = ERASURE_CODED_STORAGE_SUPPORT (version = 3)
2022-05-04 03:13:29,823 [Listener at 127.0.0.1/46813] INFO  reflections.Reflections (Reflections.java:scan(232)) - Reflections took 105 ms to scan 7 urls, producing 126 keys and 289 values 
2022-05-04 03:13:29,830 [Listener at 127.0.0.1/46813] INFO  statemachine.DatanodeStateMachine (DatanodeStateMachine.java:getEndPointTaskThreadPoolSize(224)) - Datanode State Machine Task Thread Pool size 2
2022-05-04 03:13:29,836 [Listener at 127.0.0.1/46813] INFO  volume.HddsVolume (HddsVolume.java:<init>(120)) - Creating HddsVolume: /home/runner/work/ozone/ozone/hadoop-ozone/integration-test/target/test-dir/MiniOzoneClusterImpl-16b4eb12-8d22-44ef-95c0-40f9ce645855/datanode-4/data-0/containers/hdds of storage type : DISK capacity : 9223372036854775807
2022-05-04 03:13:29,836 [Listener at 127.0.0.1/46813] INFO  volume.MutableVolumeSet (MutableVolumeSet.java:initializeVolumeSet(168)) - Added Volume : /home/runner/work/ozone/ozone/hadoop-ozone/integration-test/target/test-dir/MiniOzoneClusterImpl-16b4eb12-8d22-44ef-95c0-40f9ce645855/datanode-4/data-0/containers/hdds to VolumeSet
2022-05-04 03:13:29,836 [Listener at 127.0.0.1/46813] INFO  volume.ThrottledAsyncChecker (ThrottledAsyncChecker.java:schedule(141)) - Scheduling a check for /home/runner/work/ozone/ozone/hadoop-ozone/integration-test/target/test-dir/MiniOzoneClusterImpl-16b4eb12-8d22-44ef-95c0-40f9ce645855/datanode-4/data-0/containers/hdds
2022-05-04 03:13:29,837 [Listener at 127.0.0.1/46813] INFO  volume.StorageVolumeChecker (StorageVolumeChecker.java:checkAllVolumes(202)) - Scheduled health check for volume /home/runner/work/ozone/ozone/hadoop-ozone/integration-test/target/test-dir/MiniOzoneClusterImpl-16b4eb12-8d22-44ef-95c0-40f9ce645855/datanode-4/data-0/containers/hdds
2022-05-04 03:13:29,867 [Listener at 127.0.0.1/46813] INFO  volume.MutableVolumeSet (MutableVolumeSet.java:initializeVolumeSet(168)) - Added Volume : /home/runner/work/ozone/ozone/hadoop-ozone/integration-test/target/test-dir/MiniOzoneClusterImpl-16b4eb12-8d22-44ef-95c0-40f9ce645855/datanode-4/data/ratis to VolumeSet
2022-05-04 03:13:29,867 [Listener at 127.0.0.1/46813] INFO  volume.ThrottledAsyncChecker (ThrottledAsyncChecker.java:schedule(141)) - Scheduling a check for /home/runner/work/ozone/ozone/hadoop-ozone/integration-test/target/test-dir/MiniOzoneClusterImpl-16b4eb12-8d22-44ef-95c0-40f9ce645855/datanode-4/data/ratis
2022-05-04 03:13:29,870 [Listener at 127.0.0.1/46813] INFO  volume.StorageVolumeChecker (StorageVolumeChecker.java:checkAllVolumes(202)) - Scheduled health check for volume /home/runner/work/ozone/ozone/hadoop-ozone/integration-test/target/test-dir/MiniOzoneClusterImpl-16b4eb12-8d22-44ef-95c0-40f9ce645855/datanode-4/data/ratis
2022-05-04 03:13:29,888 [Thread-692] INFO  ozoneimpl.ContainerReader (ContainerReader.java:readVolume(172)) - Finish verifying containers on volume /home/runner/work/ozone/ozone/hadoop-ozone/integration-test/target/test-dir/MiniOzoneClusterImpl-16b4eb12-8d22-44ef-95c0-40f9ce645855/datanode-4/data-0/containers/hdds
2022-05-04 03:13:29,888 [Listener at 127.0.0.1/46813] INFO  ozoneimpl.OzoneContainer (OzoneContainer.java:buildContainerSet(257)) - Build ContainerSet costs 0s
2022-05-04 03:13:29,890 [Listener at 127.0.0.1/46813] INFO  server.RaftServer (ConfUtils.java:logGet(44)) - raft.rpc.type = GRPC (default)
2022-05-04 03:13:29,891 [Listener at 127.0.0.1/46813] INFO  grpc.GrpcFactory (GrpcFactory.java:checkPooledByteBufAllocatorUseCacheForAllThreads(48)) - PERFORMANCE WARNING: useCacheForAllThreads is true that may cause Netty to create a lot garbage objects and, as a result, trigger GC.
	It is recommended to disable useCacheForAllThreads by setting -Dorg.apache.ratis.thirdparty.io.netty.allocator.useCacheForAllThreads=false in command line.
2022-05-04 03:13:29,891 [Listener at 127.0.0.1/46813] INFO  grpc.GrpcConfigKeys (ConfUtils.java:logGet(44)) - raft.grpc.admin.port = 0 (custom)
2022-05-04 03:13:29,891 [Listener at 127.0.0.1/46813] INFO  grpc.GrpcConfigKeys (ConfUtils.java:logGet(44)) - raft.grpc.client.port = 0 (custom)
2022-05-04 03:13:29,891 [Listener at 127.0.0.1/46813] INFO  grpc.GrpcConfigKeys (ConfUtils.java:logGet(44)) - raft.grpc.server.port = 0 (default)
2022-05-04 03:13:29,891 [Listener at 127.0.0.1/46813] INFO  server.GrpcService (ConfUtils.java:logGet(44)) - raft.grpc.message.size.max = 32MB (=33554432) (custom)
2022-05-04 03:13:29,891 [Listener at 127.0.0.1/46813] INFO  server.RaftServerConfigKeys (ConfUtils.java:logGet(44)) - raft.server.log.appender.buffer.byte-limit = 33554432 (custom)
2022-05-04 03:13:29,891 [Listener at 127.0.0.1/46813] INFO  server.GrpcService (ConfUtils.java:logGet(44)) - raft.grpc.flow.control.window = 5MB (=5242880) (custom)
2022-05-04 03:13:29,892 [Listener at 127.0.0.1/46813] INFO  server.RaftServerConfigKeys (ConfUtils.java:logGet(44)) - raft.server.rpc.request.timeout = 60s (custom)
2022-05-04 03:13:29,893 [Listener at 127.0.0.1/46813] INFO  impl.DataStreamServerImpl (ConfUtils.java:logGet(44)) - raft.datastream.type = DISABLED (default)
2022-05-04 03:13:29,893 [Listener at 127.0.0.1/46813] INFO  server.RaftServerConfigKeys (ConfUtils.java:logGet(44)) - raft.server.rpc.slowness.timeout = 300s (custom)
2022-05-04 03:13:29,893 [Listener at 127.0.0.1/46813] INFO  server.RaftServerConfigKeys (ConfUtils.java:logGet(44)) - raft.server.leaderelection.leader.step-down.wait-time = 10s (default)
2022-05-04 03:13:29,893 [Listener at 127.0.0.1/46813] INFO  server.RaftServerConfigKeys (ConfUtils.java:logGet(44)) - raft.server.storage.dir = [/home/runner/work/ozone/ozone/hadoop-ozone/integration-test/target/test-dir/MiniOzoneClusterImpl-16b4eb12-8d22-44ef-95c0-40f9ce645855/datanode-4/data/ratis] (custom)
2022-05-04 03:13:29,909 [Listener at 127.0.0.1/46813] INFO  server.XceiverServerGrpc (XceiverServerGrpc.java:<init>(132)) - GrpcServer channel type EpollServerSocketChannel
2022-05-04 03:13:29,914 [Listener at 127.0.0.1/46813] INFO  http.BaseHttpServer (BaseHttpServer.java:newHttpServer2BuilderForOzone(209)) - Starting Web-server for hddsDatanode at: http://0.0.0.0:0
2022-05-04 03:13:29,915 [Listener at 127.0.0.1/46813] INFO  http.BaseHttpServer (BaseHttpServer.java:<init>(107)) - Hadoop Security Enabled: false Ozone Security Enabled: false Ozone HTTP Security Enabled: false 
2022-05-04 03:13:29,922 [Listener at 127.0.0.1/46813] INFO  server.AuthenticationFilter (AuthenticationFilter.java:constructSecretProvider(240)) - Unable to initialize FileSignerSecretProvider, falling back to use random secrets.
2022-05-04 03:13:29,925 [Listener at 127.0.0.1/46813] WARN  http.HttpRequestLog (HttpRequestLog.java:getRequestLog(103)) - Jetty request log can only be enabled using Log4j
2022-05-04 03:13:29,926 [EndpointStateMachine task thread for /0.0.0.0:41551 - 0 ] INFO  ozoneimpl.OzoneContainer (OzoneContainer.java:start(335)) - Attempting to start container services.
2022-05-04 03:13:29,926 [EndpointStateMachine task thread for /0.0.0.0:41551 - 0 ] INFO  ozoneimpl.OzoneContainer (OzoneContainer.java:startContainerScrub(270)) - Background container scanner has been disabled.
2022-05-04 03:13:29,929 [EndpointStateMachine task thread for /0.0.0.0:41551 - 0 ] INFO  replication.ReplicationServer (ReplicationServer.java:start(111)) - ReplicationServer is started using port 41943
2022-05-04 03:13:29,930 [EndpointStateMachine task thread for /0.0.0.0:41551 - 0 ] INFO  ratis.XceiverServerRatis (XceiverServerRatis.java:start(481)) - Starting XceiverServerRatis 36a35a51-0c22-4b27-95e9-15250fb09d2f
2022-05-04 03:13:29,931 [EndpointStateMachine task thread for /0.0.0.0:41551 - 0 ] INFO  server.RaftServer (RaftServerProxy.java:lambda$start$5(374)) - 36a35a51-0c22-4b27-95e9-15250fb09d2f: start RPC server
2022-05-04 03:13:29,932 [Listener at 127.0.0.1/46813] INFO  http.HttpServer2 (HttpServer2.java:addGlobalFilter(1030)) - Added global filter 'safety' (class=org.apache.hadoop.hdds.server.http.HttpServer2$QuotingInputFilter)
2022-05-04 03:13:29,933 [Listener at 127.0.0.1/46813] INFO  http.HttpServer2 (HttpServer2.java:addFilter(1006)) - Added filter static_user_filter (class=org.apache.hadoop.http.lib.StaticUserWebFilter$StaticUserFilter) to context hddsDatanode
2022-05-04 03:13:29,933 [Listener at 127.0.0.1/46813] INFO  http.HttpServer2 (HttpServer2.java:addFilter(1014)) - Added filter static_user_filter (class=org.apache.hadoop.http.lib.StaticUserWebFilter$StaticUserFilter) to context logs
2022-05-04 03:13:29,933 [Listener at 127.0.0.1/46813] INFO  http.HttpServer2 (HttpServer2.java:addFilter(1014)) - Added filter static_user_filter (class=org.apache.hadoop.http.lib.StaticUserWebFilter$StaticUserFilter) to context static
2022-05-04 03:13:29,934 [Listener at 127.0.0.1/46813] INFO  http.HttpServer2 (HttpServer2.java:bindListener(1249)) - Jetty bound to port 45655
2022-05-04 03:13:29,934 [Listener at 127.0.0.1/46813] INFO  server.Server (Server.java:doStart(375)) - jetty-9.4.43.v20210629; built: 2021-06-30T11:07:22.254Z; git: 526006ecfa3af7f1a27ef3a288e2bef7ea9dd7e8; jvm 1.8.0_322-b06
2022-05-04 03:13:29,942 [Listener at 127.0.0.1/46813] INFO  server.session (DefaultSessionIdManager.java:doStart(334)) - DefaultSessionIdManager workerName=node0
2022-05-04 03:13:29,942 [Listener at 127.0.0.1/46813] INFO  server.session (DefaultSessionIdManager.java:doStart(339)) - No SessionScavenger set, using defaults
2022-05-04 03:13:29,942 [Listener at 127.0.0.1/46813] INFO  server.session (HouseKeeper.java:startScavenging(132)) - node0 Scavenging every 660000ms
2022-05-04 03:13:29,943 [Listener at 127.0.0.1/46813] INFO  handler.ContextHandler (ContextHandler.java:doStart(915)) - Started o.e.j.s.ServletContextHandler@1a8f644c{logs,/logs,file:///home/runner/work/ozone/ozone/hadoop-ozone/integration-test/target/log,AVAILABLE}
2022-05-04 03:13:29,943 [Listener at 127.0.0.1/46813] INFO  handler.ContextHandler (ContextHandler.java:doStart(915)) - Started o.e.j.s.ServletContextHandler@1892f2ad{static,/static,jar:file:/home/runner/.m2/repository/org/apache/ozone/hdds-container-service/1.3.0-SNAPSHOT/hdds-container-service-1.3.0-SNAPSHOT.jar!/webapps/static,AVAILABLE}
2022-05-04 03:13:29,948 [EndpointStateMachine task thread for /0.0.0.0:41551 - 0 ] INFO  server.GrpcService (GrpcService.java:startImpl(253)) - 36a35a51-0c22-4b27-95e9-15250fb09d2f: GrpcService started, listening on 41095
2022-05-04 03:13:29,974 [EndpointStateMachine task thread for /0.0.0.0:41551 - 0 ] INFO  ratis.XceiverServerRatis (XceiverServerRatis.java:getRealPort(502)) - XceiverServerRatis 36a35a51-0c22-4b27-95e9-15250fb09d2f is started using port 41095 for RATIS
2022-05-04 03:13:29,974 [EndpointStateMachine task thread for /0.0.0.0:41551 - 0 ] INFO  ratis.XceiverServerRatis (XceiverServerRatis.java:getRealPort(502)) - XceiverServerRatis 36a35a51-0c22-4b27-95e9-15250fb09d2f is started using port 41095 for RATIS_ADMIN
2022-05-04 03:13:29,974 [EndpointStateMachine task thread for /0.0.0.0:41551 - 0 ] INFO  ratis.XceiverServerRatis (XceiverServerRatis.java:getRealPort(502)) - XceiverServerRatis 36a35a51-0c22-4b27-95e9-15250fb09d2f is started using port 41095 for RATIS_SERVER
2022-05-04 03:13:29,975 [org.apache.ratis.util.JvmPauseMonitor$$Lambda$565/1325392746@4431d6cb] INFO  util.JvmPauseMonitor (JvmPauseMonitor.java:run(103)) - JvmPauseMonitor-36a35a51-0c22-4b27-95e9-15250fb09d2f: Started
2022-05-04 03:13:29,984 [EndpointStateMachine task thread for /0.0.0.0:41551 - 0 ] INFO  server.XceiverServerGrpc (XceiverServerGrpc.java:start(180)) - XceiverServerGrpc 36a35a51-0c22-4b27-95e9-15250fb09d2f is started using port 41715
2022-05-04 03:13:30,257 [Listener at 127.0.0.1/46813] INFO  handler.ContextHandler (ContextHandler.java:doStart(915)) - Started o.e.j.w.WebAppContext@1514c417{hddsDatanode,/,file:///tmp/jetty-0_0_0_0-45655-hdds-container-service-1_3_0-SNAPSHOT_jar-_-any-6028712373739384331/webapp/,AVAILABLE}{jar:file:/home/runner/.m2/repository/org/apache/ozone/hdds-container-service/1.3.0-SNAPSHOT/hdds-container-service-1.3.0-SNAPSHOT.jar!/webapps/hddsDatanode}
2022-05-04 03:13:30,275 [Listener at 127.0.0.1/46813] INFO  server.AbstractConnector (AbstractConnector.java:doStart(331)) - Started ServerConnector@7bc18838{HTTP/1.1, (http/1.1)}{0.0.0.0:45655}
2022-05-04 03:13:30,275 [Listener at 127.0.0.1/46813] INFO  server.Server (Server.java:doStart(415)) - Started @86516ms
2022-05-04 03:13:30,275 [Listener at 127.0.0.1/46813] WARN  impl.MetricsSystemImpl (MetricsSystemImpl.java:register(279)) - Sink prometheus already exists!
2022-05-04 03:13:30,276 [Listener at 127.0.0.1/46813] INFO  http.BaseHttpServer (BaseHttpServer.java:updateConnectorAddress(329)) - HTTP server of hddsDatanode listening at http://0.0.0.0:45655
2022-05-04 03:13:30,287 [Listener at 127.0.0.1/46813] INFO  ozone.MiniOzoneClusterImpl (MiniOzoneClusterImpl.java:lambda$waitForClusterToBeReady$0(221)) - Waiting for nodes to be ready. Got 0 of 5 DN Heartbeats.
2022-05-04 03:13:30,287 [Listener at 127.0.0.1/46813] INFO  ozone.MiniOzoneClusterImpl (MiniOzoneClusterImpl.java:lambda$waitForClusterToBeReady$0(224)) - Waiting for cluster to exit safe mode
2022-05-04 03:13:30,287 [Listener at 127.0.0.1/46813] INFO  ozone.MiniOzoneClusterImpl (MiniOzoneClusterImpl.java:lambda$waitForClusterToBeReady$0(226)) - SCM became leader
2022-05-04 03:13:30,291 [Datanode State Machine Daemon Thread] INFO  statemachine.DatanodeStateMachine (DatanodeStateMachine.java:lambda$startDaemon$0(472)) - Ozone container server started.
2022-05-04 03:13:30,321 [org.apache.hadoop.util.JvmPauseMonitor$Monitor@2410422d] INFO  util.JvmPauseMonitor (JvmPauseMonitor.java:run(188)) - Starting JVM pause monitor
2022-05-04 03:13:30,322 [Datanode State Machine Task Thread - 0] INFO  datanode.InitDatanodeState (InitDatanodeState.java:persistContainerDatanodeDetails(138)) - DatanodeDetails is persisted to /home/runner/work/ozone/ozone/hadoop-ozone/integration-test/target/test-dir/MiniOzoneClusterImpl-16b4eb12-8d22-44ef-95c0-40f9ce645855/datanode-4/meta/datanode.id
2022-05-04 03:13:30,700 [EndpointStateMachine task thread for /0.0.0.0:41551 - 0 ] INFO  ozoneimpl.OzoneContainer (OzoneContainer.java:start(335)) - Attempting to start container services.
2022-05-04 03:13:30,700 [EndpointStateMachine task thread for /0.0.0.0:41551 - 0 ] INFO  ozoneimpl.OzoneContainer (OzoneContainer.java:startContainerScrub(270)) - Background container scanner has been disabled.
2022-05-04 03:13:30,703 [EndpointStateMachine task thread for /0.0.0.0:41551 - 0 ] INFO  replication.ReplicationServer (ReplicationServer.java:start(111)) - ReplicationServer is started using port 38525
2022-05-04 03:13:30,706 [EndpointStateMachine task thread for /0.0.0.0:41551 - 0 ] INFO  ratis.XceiverServerRatis (XceiverServerRatis.java:start(481)) - Starting XceiverServerRatis 50786c60-577d-4d1d-b3bc-3dc2ae741836
2022-05-04 03:13:30,707 [EndpointStateMachine task thread for /0.0.0.0:41551 - 0 ] INFO  server.RaftServer (RaftServerProxy.java:lambda$start$5(374)) - 50786c60-577d-4d1d-b3bc-3dc2ae741836: start RPC server
2022-05-04 03:13:30,707 [EndpointStateMachine task thread for /0.0.0.0:41551 - 0 ] INFO  server.GrpcService (GrpcService.java:startImpl(253)) - 50786c60-577d-4d1d-b3bc-3dc2ae741836: GrpcService started, listening on 42585
2022-05-04 03:13:30,717 [EndpointStateMachine task thread for /0.0.0.0:41551 - 0 ] INFO  ratis.XceiverServerRatis (XceiverServerRatis.java:getRealPort(502)) - XceiverServerRatis 50786c60-577d-4d1d-b3bc-3dc2ae741836 is started using port 42585 for RATIS
2022-05-04 03:13:30,717 [EndpointStateMachine task thread for /0.0.0.0:41551 - 0 ] INFO  ratis.XceiverServerRatis (XceiverServerRatis.java:getRealPort(502)) - XceiverServerRatis 50786c60-577d-4d1d-b3bc-3dc2ae741836 is started using port 42585 for RATIS_ADMIN
2022-05-04 03:13:30,717 [EndpointStateMachine task thread for /0.0.0.0:41551 - 0 ] INFO  ratis.XceiverServerRatis (XceiverServerRatis.java:getRealPort(502)) - XceiverServerRatis 50786c60-577d-4d1d-b3bc-3dc2ae741836 is started using port 42585 for RATIS_SERVER
2022-05-04 03:13:30,719 [org.apache.ratis.util.JvmPauseMonitor$$Lambda$565/1325392746@668adfb4] INFO  util.JvmPauseMonitor (JvmPauseMonitor.java:run(103)) - JvmPauseMonitor-50786c60-577d-4d1d-b3bc-3dc2ae741836: Started
2022-05-04 03:13:30,736 [EndpointStateMachine task thread for /0.0.0.0:41551 - 0 ] INFO  server.XceiverServerGrpc (XceiverServerGrpc.java:start(180)) - XceiverServerGrpc 50786c60-577d-4d1d-b3bc-3dc2ae741836 is started using port 39033
2022-05-04 03:13:31,136 [IPC Server handler 7 on default port 41551] INFO  net.NetworkTopologyImpl (NetworkTopologyImpl.java:add(112)) - Added a new node: /default-rack/3d91fce6-fc2e-4974-9eab-0da46cd4cdf8
2022-05-04 03:13:31,136 [IPC Server handler 7 on default port 41551] INFO  node.SCMNodeManager (SCMNodeManager.java:register(393)) - Registered Data node : 3d91fce6-fc2e-4974-9eab-0da46cd4cdf8{ip: 10.1.0.22, host: fv-az270-73.tacnzluakwdehk1hpragurqkma.bx.internal.cloudapp.net, ports: [REPLICATION=46207, RATIS=40237, RATIS_ADMIN=40237, RATIS_SERVER=40237, STANDALONE=41123], networkLocation: /default-rack, certSerialId: null, persistedOpState: null, persistedOpStateExpiryEpochSec: 0}
2022-05-04 03:13:31,138 [EventQueue-NodeRegistrationContainerReportForDataNodeSafeModeRule] INFO  safemode.SCMSafeModeManager (DataNodeSafeModeRule.java:process(71)) - SCM in safe mode. 1 DataNodes registered, 3 required.
2022-05-04 03:13:31,139 [EventQueue-NodeRegistrationContainerReportForContainerSafeModeRule] INFO  safemode.SCMSafeModeManager (SCMSafeModeManager.java:validateSafeModeExitRules(204)) - ContainerSafeModeRule rule is successfully validated
2022-05-04 03:13:31,155 [EventQueue-NewNodeForNewNodeHandler] INFO  pipeline.BackgroundPipelineCreator (BackgroundPipelineCreator.java:notifyEventTriggered(270)) - trigger a one-shot run on RatisPipelineUtilsThread.
2022-05-04 03:13:31,155 [RatisPipelineUtilsThread - 0] INFO  pipeline.RatisPipelineProvider (RatisPipelineProvider.java:lambda$create$0(195)) - Sending CreatePipelineCommand for pipeline:PipelineID=7b1ebc71-1924-4f77-9e9f-81defd7e8ed5 to datanode:3d91fce6-fc2e-4974-9eab-0da46cd4cdf8
2022-05-04 03:13:31,155 [EventQueue-PipelineReportForOneReplicaPipelineSafeModeRule] INFO  safemode.SCMSafeModeManager (SCMSafeModeManager.java:validateSafeModeExitRules(204)) - AtleastOneDatanodeReportedRule rule is successfully validated
2022-05-04 03:13:31,156 [RatisPipelineUtilsThread - 0] INFO  pipeline.PipelineStateManagerImpl (PipelineStateManagerImpl.java:addPipeline(101)) - Created pipeline Pipeline[ Id: 7b1ebc71-1924-4f77-9e9f-81defd7e8ed5, Nodes: 3d91fce6-fc2e-4974-9eab-0da46cd4cdf8{ip: 10.1.0.22, host: fv-az270-73.tacnzluakwdehk1hpragurqkma.bx.internal.cloudapp.net, ports: [REPLICATION=46207, RATIS=40237, RATIS_ADMIN=40237, RATIS_SERVER=40237, STANDALONE=41123], networkLocation: /default-rack, certSerialId: null, persistedOpState: IN_SERVICE, persistedOpStateExpiryEpochSec: 0}, ReplicationConfig: RATIS/ONE, State:ALLOCATED, leaderId:, CreationTimestamp2022-05-04T03:13:31.155Z[Etc/UTC]].
2022-05-04 03:13:31,288 [Listener at 127.0.0.1/46813] INFO  ozone.MiniOzoneClusterImpl (MiniOzoneClusterImpl.java:lambda$waitForClusterToBeReady$0(221)) - Waiting for nodes to be ready. Got 1 of 5 DN Heartbeats.
2022-05-04 03:13:31,288 [Listener at 127.0.0.1/46813] INFO  ozone.MiniOzoneClusterImpl (MiniOzoneClusterImpl.java:lambda$waitForClusterToBeReady$0(224)) - Waiting for cluster to exit safe mode
2022-05-04 03:13:31,288 [Listener at 127.0.0.1/46813] INFO  ozone.MiniOzoneClusterImpl (MiniOzoneClusterImpl.java:lambda$waitForClusterToBeReady$0(226)) - SCM became leader
2022-05-04 03:13:31,635 [EndpointStateMachine task thread for /0.0.0.0:41551 - 0 ] INFO  ozoneimpl.OzoneContainer (OzoneContainer.java:start(335)) - Attempting to start container services.
2022-05-04 03:13:31,635 [EndpointStateMachine task thread for /0.0.0.0:41551 - 0 ] INFO  ozoneimpl.OzoneContainer (OzoneContainer.java:startContainerScrub(270)) - Background container scanner has been disabled.
2022-05-04 03:13:31,642 [EndpointStateMachine task thread for /0.0.0.0:41551 - 0 ] INFO  replication.ReplicationServer (ReplicationServer.java:start(111)) - ReplicationServer is started using port 46061
2022-05-04 03:13:31,643 [EndpointStateMachine task thread for /0.0.0.0:41551 - 0 ] INFO  ratis.XceiverServerRatis (XceiverServerRatis.java:start(481)) - Starting XceiverServerRatis 9ace1e14-f881-4507-a05e-99749d739bd9
2022-05-04 03:13:31,647 [EndpointStateMachine task thread for /0.0.0.0:41551 - 0 ] INFO  server.RaftServer (RaftServerProxy.java:lambda$start$5(374)) - 9ace1e14-f881-4507-a05e-99749d739bd9: start RPC server
2022-05-04 03:13:31,654 [EndpointStateMachine task thread for /0.0.0.0:41551 - 0 ] INFO  server.GrpcService (GrpcService.java:startImpl(253)) - 9ace1e14-f881-4507-a05e-99749d739bd9: GrpcService started, listening on 36395
2022-05-04 03:13:31,658 [EndpointStateMachine task thread for /0.0.0.0:41551 - 0 ] INFO  ratis.XceiverServerRatis (XceiverServerRatis.java:getRealPort(502)) - XceiverServerRatis 9ace1e14-f881-4507-a05e-99749d739bd9 is started using port 36395 for RATIS
2022-05-04 03:13:31,658 [EndpointStateMachine task thread for /0.0.0.0:41551 - 0 ] INFO  ratis.XceiverServerRatis (XceiverServerRatis.java:getRealPort(502)) - XceiverServerRatis 9ace1e14-f881-4507-a05e-99749d739bd9 is started using port 36395 for RATIS_ADMIN
2022-05-04 03:13:31,658 [EndpointStateMachine task thread for /0.0.0.0:41551 - 0 ] INFO  ratis.XceiverServerRatis (XceiverServerRatis.java:getRealPort(502)) - XceiverServerRatis 9ace1e14-f881-4507-a05e-99749d739bd9 is started using port 36395 for RATIS_SERVER
2022-05-04 03:13:31,658 [org.apache.ratis.util.JvmPauseMonitor$$Lambda$565/1325392746@5676b26f] INFO  util.JvmPauseMonitor (JvmPauseMonitor.java:run(103)) - JvmPauseMonitor-9ace1e14-f881-4507-a05e-99749d739bd9: Started
2022-05-04 03:13:31,663 [EndpointStateMachine task thread for /0.0.0.0:41551 - 0 ] INFO  server.XceiverServerGrpc (XceiverServerGrpc.java:start(180)) - XceiverServerGrpc 9ace1e14-f881-4507-a05e-99749d739bd9 is started using port 36947
2022-05-04 03:13:31,890 [IPC Server handler 7 on default port 41551] INFO  net.NetworkTopologyImpl (NetworkTopologyImpl.java:add(112)) - Added a new node: /default-rack/36a35a51-0c22-4b27-95e9-15250fb09d2f
2022-05-04 03:13:31,891 [IPC Server handler 7 on default port 41551] INFO  node.SCMNodeManager (SCMNodeManager.java:register(393)) - Registered Data node : 36a35a51-0c22-4b27-95e9-15250fb09d2f{ip: 10.1.0.22, host: fv-az270-73.tacnzluakwdehk1hpragurqkma.bx.internal.cloudapp.net, ports: [REPLICATION=41943, RATIS=41095, RATIS_ADMIN=41095, RATIS_SERVER=41095, STANDALONE=41715], networkLocation: /default-rack, certSerialId: null, persistedOpState: null, persistedOpStateExpiryEpochSec: 0}
2022-05-04 03:13:31,891 [EventQueue-NewNodeForNewNodeHandler] INFO  pipeline.BackgroundPipelineCreator (BackgroundPipelineCreator.java:notifyEventTriggered(270)) - trigger a one-shot run on RatisPipelineUtilsThread.
2022-05-04 03:13:31,892 [EventQueue-NodeRegistrationContainerReportForDataNodeSafeModeRule] INFO  safemode.SCMSafeModeManager (DataNodeSafeModeRule.java:process(71)) - SCM in safe mode. 2 DataNodes registered, 3 required.
2022-05-04 03:13:31,898 [RatisPipelineUtilsThread - 0] INFO  pipeline.RatisPipelineProvider (RatisPipelineProvider.java:lambda$create$0(195)) - Sending CreatePipelineCommand for pipeline:PipelineID=6d150552-0aad-4581-a11b-56af847f997c to datanode:36a35a51-0c22-4b27-95e9-15250fb09d2f
2022-05-04 03:13:31,899 [RatisPipelineUtilsThread - 0] INFO  pipeline.PipelineStateManagerImpl (PipelineStateManagerImpl.java:addPipeline(101)) - Created pipeline Pipeline[ Id: 6d150552-0aad-4581-a11b-56af847f997c, Nodes: 36a35a51-0c22-4b27-95e9-15250fb09d2f{ip: 10.1.0.22, host: fv-az270-73.tacnzluakwdehk1hpragurqkma.bx.internal.cloudapp.net, ports: [REPLICATION=41943, RATIS=41095, RATIS_ADMIN=41095, RATIS_SERVER=41095, STANDALONE=41715], networkLocation: /default-rack, certSerialId: null, persistedOpState: IN_SERVICE, persistedOpStateExpiryEpochSec: 0}, ReplicationConfig: RATIS/ONE, State:ALLOCATED, leaderId:, CreationTimestamp2022-05-04T03:13:31.898Z[Etc/UTC]].
2022-05-04 03:13:32,288 [Listener at 127.0.0.1/46813] INFO  ozone.MiniOzoneClusterImpl (MiniOzoneClusterImpl.java:lambda$waitForClusterToBeReady$0(221)) - Waiting for nodes to be ready. Got 2 of 5 DN Heartbeats.
2022-05-04 03:13:32,289 [Listener at 127.0.0.1/46813] INFO  ozone.MiniOzoneClusterImpl (MiniOzoneClusterImpl.java:lambda$waitForClusterToBeReady$0(224)) - Waiting for cluster to exit safe mode
2022-05-04 03:13:32,289 [Listener at 127.0.0.1/46813] INFO  ozone.MiniOzoneClusterImpl (MiniOzoneClusterImpl.java:lambda$waitForClusterToBeReady$0(226)) - SCM became leader
2022-05-04 03:13:32,340 [EndpointStateMachine task thread for /0.0.0.0:41551 - 0 ] INFO  ozoneimpl.OzoneContainer (OzoneContainer.java:start(335)) - Attempting to start container services.
2022-05-04 03:13:32,340 [EndpointStateMachine task thread for /0.0.0.0:41551 - 0 ] INFO  ozoneimpl.OzoneContainer (OzoneContainer.java:startContainerScrub(270)) - Background container scanner has been disabled.
2022-05-04 03:13:32,346 [EndpointStateMachine task thread for /0.0.0.0:41551 - 0 ] INFO  replication.ReplicationServer (ReplicationServer.java:start(111)) - ReplicationServer is started using port 41785
2022-05-04 03:13:32,347 [EndpointStateMachine task thread for /0.0.0.0:41551 - 0 ] INFO  ratis.XceiverServerRatis (XceiverServerRatis.java:start(481)) - Starting XceiverServerRatis 705521b5-205e-4d49-a04d-535d0918c68b
2022-05-04 03:13:32,361 [EndpointStateMachine task thread for /0.0.0.0:41551 - 0 ] INFO  server.RaftServer (RaftServerProxy.java:lambda$start$5(374)) - 705521b5-205e-4d49-a04d-535d0918c68b: start RPC server
2022-05-04 03:13:32,361 [EndpointStateMachine task thread for /0.0.0.0:41551 - 0 ] INFO  server.GrpcService (GrpcService.java:startImpl(253)) - 705521b5-205e-4d49-a04d-535d0918c68b: GrpcService started, listening on 46011
2022-05-04 03:13:32,373 [EndpointStateMachine task thread for /0.0.0.0:41551 - 0 ] INFO  ratis.XceiverServerRatis (XceiverServerRatis.java:getRealPort(502)) - XceiverServerRatis 705521b5-205e-4d49-a04d-535d0918c68b is started using port 46011 for RATIS
2022-05-04 03:13:32,373 [EndpointStateMachine task thread for /0.0.0.0:41551 - 0 ] INFO  ratis.XceiverServerRatis (XceiverServerRatis.java:getRealPort(502)) - XceiverServerRatis 705521b5-205e-4d49-a04d-535d0918c68b is started using port 46011 for RATIS_ADMIN
2022-05-04 03:13:32,373 [EndpointStateMachine task thread for /0.0.0.0:41551 - 0 ] INFO  ratis.XceiverServerRatis (XceiverServerRatis.java:getRealPort(502)) - XceiverServerRatis 705521b5-205e-4d49-a04d-535d0918c68b is started using port 46011 for RATIS_SERVER
2022-05-04 03:13:32,374 [org.apache.ratis.util.JvmPauseMonitor$$Lambda$565/1325392746@5c66df1a] INFO  util.JvmPauseMonitor (JvmPauseMonitor.java:run(103)) - JvmPauseMonitor-705521b5-205e-4d49-a04d-535d0918c68b: Started
2022-05-04 03:13:32,374 [EndpointStateMachine task thread for /0.0.0.0:41551 - 0 ] INFO  server.XceiverServerGrpc (XceiverServerGrpc.java:start(180)) - XceiverServerGrpc 705521b5-205e-4d49-a04d-535d0918c68b is started using port 33061
2022-05-04 03:13:32,693 [IPC Server handler 7 on default port 41551] INFO  net.NetworkTopologyImpl (NetworkTopologyImpl.java:add(112)) - Added a new node: /default-rack/50786c60-577d-4d1d-b3bc-3dc2ae741836
2022-05-04 03:13:32,694 [IPC Server handler 7 on default port 41551] INFO  node.SCMNodeManager (SCMNodeManager.java:register(393)) - Registered Data node : 50786c60-577d-4d1d-b3bc-3dc2ae741836{ip: 10.1.0.22, host: fv-az270-73.tacnzluakwdehk1hpragurqkma.bx.internal.cloudapp.net, ports: [REPLICATION=38525, RATIS=42585, RATIS_ADMIN=42585, RATIS_SERVER=42585, STANDALONE=39033], networkLocation: /default-rack, certSerialId: null, persistedOpState: null, persistedOpStateExpiryEpochSec: 0}
2022-05-04 03:13:32,694 [EventQueue-NewNodeForNewNodeHandler] INFO  pipeline.BackgroundPipelineCreator (BackgroundPipelineCreator.java:notifyEventTriggered(270)) - trigger a one-shot run on RatisPipelineUtilsThread.
2022-05-04 03:13:32,699 [RatisPipelineUtilsThread - 0] INFO  pipeline.RatisPipelineProvider (RatisPipelineProvider.java:lambda$create$0(195)) - Sending CreatePipelineCommand for pipeline:PipelineID=8ae0934f-0f6f-426c-a274-e40616d8d912 to datanode:50786c60-577d-4d1d-b3bc-3dc2ae741836
2022-05-04 03:13:32,699 [RatisPipelineUtilsThread - 0] INFO  pipeline.PipelineStateManagerImpl (PipelineStateManagerImpl.java:addPipeline(101)) - Created pipeline Pipeline[ Id: 8ae0934f-0f6f-426c-a274-e40616d8d912, Nodes: 50786c60-577d-4d1d-b3bc-3dc2ae741836{ip: 10.1.0.22, host: fv-az270-73.tacnzluakwdehk1hpragurqkma.bx.internal.cloudapp.net, ports: [REPLICATION=38525, RATIS=42585, RATIS_ADMIN=42585, RATIS_SERVER=42585, STANDALONE=39033], networkLocation: /default-rack, certSerialId: null, persistedOpState: IN_SERVICE, persistedOpStateExpiryEpochSec: 0}, ReplicationConfig: RATIS/ONE, State:ALLOCATED, leaderId:, CreationTimestamp2022-05-04T03:13:32.699Z[Etc/UTC]].
2022-05-04 03:13:32,700 [EventQueue-NodeRegistrationContainerReportForDataNodeSafeModeRule] INFO  safemode.SCMSafeModeManager (DataNodeSafeModeRule.java:process(71)) - SCM in safe mode. 3 DataNodes registered, 3 required.
2022-05-04 03:13:32,700 [EventQueue-NodeRegistrationContainerReportForDataNodeSafeModeRule] INFO  safemode.SCMSafeModeManager (SCMSafeModeManager.java:validateSafeModeExitRules(204)) - DataNodeSafeModeRule rule is successfully validated
2022-05-04 03:13:32,700 [EventQueue-NodeRegistrationContainerReportForDataNodeSafeModeRule] INFO  safemode.SCMSafeModeManager (SCMSafeModeManager.java:completePreCheck(233)) - All SCM safe mode pre check rules have passed
2022-05-04 03:13:32,700 [EventQueue-NodeRegistrationContainerReportForDataNodeSafeModeRule] WARN  events.EventQueue (EventQueue.java:fireEvent(194)) - No event handler registered for event TypedEvent{payloadType=SafeModeStatus, name='Safe mode status'}
2022-05-04 03:13:32,700 [EventQueue-NodeRegistrationContainerReportForDataNodeSafeModeRule] INFO  ha.SCMContext (SCMContext.java:updateSafeModeStatus(211)) - Update SafeModeStatus from SafeModeStatus{safeModeStatus=true, preCheckPassed=false} to SafeModeStatus{safeModeStatus=true, preCheckPassed=true}.
2022-05-04 03:13:32,700 [EventQueue-NodeRegistrationContainerReportForDataNodeSafeModeRule] INFO  pipeline.BackgroundPipelineCreator (BackgroundPipelineCreator.java:notifyEventTriggered(270)) - trigger a one-shot run on RatisPipelineUtilsThread.
2022-05-04 03:13:32,703 [RatisPipelineUtilsThread - 0] INFO  pipeline.RatisPipelineProvider (RatisPipelineProvider.java:lambda$create$0(195)) - Sending CreatePipelineCommand for pipeline:PipelineID=86a0a906-d3d9-4222-80e3-6f26dee77b20 to datanode:36a35a51-0c22-4b27-95e9-15250fb09d2f
2022-05-04 03:13:32,703 [RatisPipelineUtilsThread - 0] INFO  pipeline.RatisPipelineProvider (RatisPipelineProvider.java:lambda$create$0(195)) - Sending CreatePipelineCommand for pipeline:PipelineID=86a0a906-d3d9-4222-80e3-6f26dee77b20 to datanode:3d91fce6-fc2e-4974-9eab-0da46cd4cdf8
2022-05-04 03:13:32,703 [RatisPipelineUtilsThread - 0] INFO  pipeline.RatisPipelineProvider (RatisPipelineProvider.java:lambda$create$0(195)) - Sending CreatePipelineCommand for pipeline:PipelineID=86a0a906-d3d9-4222-80e3-6f26dee77b20 to datanode:50786c60-577d-4d1d-b3bc-3dc2ae741836
2022-05-04 03:13:32,703 [RatisPipelineUtilsThread - 0] INFO  pipeline.PipelineStateManagerImpl (PipelineStateManagerImpl.java:addPipeline(101)) - Created pipeline Pipeline[ Id: 86a0a906-d3d9-4222-80e3-6f26dee77b20, Nodes: 36a35a51-0c22-4b27-95e9-15250fb09d2f{ip: 10.1.0.22, host: fv-az270-73.tacnzluakwdehk1hpragurqkma.bx.internal.cloudapp.net, ports: [REPLICATION=41943, RATIS=41095, RATIS_ADMIN=41095, RATIS_SERVER=41095, STANDALONE=41715], networkLocation: /default-rack, certSerialId: null, persistedOpState: IN_SERVICE, persistedOpStateExpiryEpochSec: 0}3d91fce6-fc2e-4974-9eab-0da46cd4cdf8{ip: 10.1.0.22, host: fv-az270-73.tacnzluakwdehk1hpragurqkma.bx.internal.cloudapp.net, ports: [REPLICATION=46207, RATIS=40237, RATIS_ADMIN=40237, RATIS_SERVER=40237, STANDALONE=41123], networkLocation: /default-rack, certSerialId: null, persistedOpState: IN_SERVICE, persistedOpStateExpiryEpochSec: 0}50786c60-577d-4d1d-b3bc-3dc2ae741836{ip: 10.1.0.22, host: fv-az270-73.tacnzluakwdehk1hpragurqkma.bx.internal.cloudapp.net, ports: [REPLICATION=38525, RATIS=42585, RATIS_ADMIN=42585, RATIS_SERVER=42585, STANDALONE=39033], networkLocation: /default-rack, certSerialId: null, persistedOpState: IN_SERVICE, persistedOpStateExpiryEpochSec: 0}, ReplicationConfig: RATIS/THREE, State:ALLOCATED, leaderId:, CreationTimestamp2022-05-04T03:13:32.703Z[Etc/UTC]].
2022-05-04 03:13:32,704 [RatisPipelineUtilsThread - 0] INFO  pipeline.RatisPipelineProvider (RatisPipelineProvider.java:lambda$create$0(195)) - Sending CreatePipelineCommand for pipeline:PipelineID=53230e0a-2780-4f9e-a939-cccc3f4e889c to datanode:3d91fce6-fc2e-4974-9eab-0da46cd4cdf8
2022-05-04 03:13:32,704 [RatisPipelineUtilsThread - 0] INFO  pipeline.RatisPipelineProvider (RatisPipelineProvider.java:lambda$create$0(195)) - Sending CreatePipelineCommand for pipeline:PipelineID=53230e0a-2780-4f9e-a939-cccc3f4e889c to datanode:36a35a51-0c22-4b27-95e9-15250fb09d2f
2022-05-04 03:13:32,704 [RatisPipelineUtilsThread - 0] INFO  pipeline.RatisPipelineProvider (RatisPipelineProvider.java:lambda$create$0(195)) - Sending CreatePipelineCommand for pipeline:PipelineID=53230e0a-2780-4f9e-a939-cccc3f4e889c to datanode:50786c60-577d-4d1d-b3bc-3dc2ae741836
2022-05-04 03:13:32,704 [RatisPipelineUtilsThread - 0] INFO  pipeline.PipelineStateManagerImpl (PipelineStateManagerImpl.java:addPipeline(101)) - Created pipeline Pipeline[ Id: 53230e0a-2780-4f9e-a939-cccc3f4e889c, Nodes: 3d91fce6-fc2e-4974-9eab-0da46cd4cdf8{ip: 10.1.0.22, host: fv-az270-73.tacnzluakwdehk1hpragurqkma.bx.internal.cloudapp.net, ports: [REPLICATION=46207, RATIS=40237, RATIS_ADMIN=40237, RATIS_SERVER=40237, STANDALONE=41123], networkLocation: /default-rack, certSerialId: null, persistedOpState: IN_SERVICE, persistedOpStateExpiryEpochSec: 0}36a35a51-0c22-4b27-95e9-15250fb09d2f{ip: 10.1.0.22, host: fv-az270-73.tacnzluakwdehk1hpragurqkma.bx.internal.cloudapp.net, ports: [REPLICATION=41943, RATIS=41095, RATIS_ADMIN=41095, RATIS_SERVER=41095, STANDALONE=41715], networkLocation: /default-rack, certSerialId: null, persistedOpState: IN_SERVICE, persistedOpStateExpiryEpochSec: 0}50786c60-577d-4d1d-b3bc-3dc2ae741836{ip: 10.1.0.22, host: fv-az270-73.tacnzluakwdehk1hpragurqkma.bx.internal.cloudapp.net, ports: [REPLICATION=38525, RATIS=42585, RATIS_ADMIN=42585, RATIS_SERVER=42585, STANDALONE=39033], networkLocation: /default-rack, certSerialId: null, persistedOpState: IN_SERVICE, persistedOpStateExpiryEpochSec: 0}, ReplicationConfig: RATIS/THREE, State:ALLOCATED, leaderId:, CreationTimestamp2022-05-04T03:13:32.704Z[Etc/UTC]].
2022-05-04 03:13:32,704 [RatisPipelineUtilsThread - 0] INFO  pipeline.PipelineManagerImpl (PipelineManagerImpl.java:recordMetricsForPipeline(687)) - Pipeline: PipelineID=53230e0a-2780-4f9e-a939-cccc3f4e889c contains same datanodes as previous pipelines: PipelineID=86a0a906-d3d9-4222-80e3-6f26dee77b20 nodeIds: 3d91fce6-fc2e-4974-9eab-0da46cd4cdf8, 36a35a51-0c22-4b27-95e9-15250fb09d2f, 50786c60-577d-4d1d-b3bc-3dc2ae741836
2022-05-04 03:13:33,289 [Listener at 127.0.0.1/46813] INFO  ozone.MiniOzoneClusterImpl (MiniOzoneClusterImpl.java:lambda$waitForClusterToBeReady$0(221)) - Waiting for nodes to be ready. Got 3 of 5 DN Heartbeats.
2022-05-04 03:13:33,289 [Listener at 127.0.0.1/46813] INFO  ozone.MiniOzoneClusterImpl (MiniOzoneClusterImpl.java:lambda$waitForClusterToBeReady$0(224)) - Waiting for cluster to exit safe mode
2022-05-04 03:13:33,290 [Listener at 127.0.0.1/46813] INFO  ozone.MiniOzoneClusterImpl (MiniOzoneClusterImpl.java:lambda$waitForClusterToBeReady$0(226)) - SCM became leader
2022-05-04 03:13:33,628 [IPC Server handler 0 on default port 41551] INFO  net.NetworkTopologyImpl (NetworkTopologyImpl.java:add(112)) - Added a new node: /default-rack/9ace1e14-f881-4507-a05e-99749d739bd9
2022-05-04 03:13:33,628 [IPC Server handler 0 on default port 41551] INFO  node.SCMNodeManager (SCMNodeManager.java:register(393)) - Registered Data node : 9ace1e14-f881-4507-a05e-99749d739bd9{ip: 10.1.0.22, host: fv-az270-73.tacnzluakwdehk1hpragurqkma.bx.internal.cloudapp.net, ports: [REPLICATION=46061, RATIS=36395, RATIS_ADMIN=36395, RATIS_SERVER=36395, STANDALONE=36947], networkLocation: /default-rack, certSerialId: null, persistedOpState: null, persistedOpStateExpiryEpochSec: 0}
2022-05-04 03:13:33,629 [EventQueue-NewNodeForNewNodeHandler] INFO  pipeline.BackgroundPipelineCreator (BackgroundPipelineCreator.java:notifyEventTriggered(270)) - trigger a one-shot run on RatisPipelineUtilsThread.
2022-05-04 03:13:33,629 [RatisPipelineUtilsThread - 0] INFO  pipeline.RatisPipelineProvider (RatisPipelineProvider.java:lambda$create$0(195)) - Sending CreatePipelineCommand for pipeline:PipelineID=5a4599a4-4ad7-4fcd-85d7-d1e22dc9a524 to datanode:9ace1e14-f881-4507-a05e-99749d739bd9
2022-05-04 03:13:33,630 [RatisPipelineUtilsThread - 0] INFO  pipeline.PipelineStateManagerImpl (PipelineStateManagerImpl.java:addPipeline(101)) - Created pipeline Pipeline[ Id: 5a4599a4-4ad7-4fcd-85d7-d1e22dc9a524, Nodes: 9ace1e14-f881-4507-a05e-99749d739bd9{ip: 10.1.0.22, host: fv-az270-73.tacnzluakwdehk1hpragurqkma.bx.internal.cloudapp.net, ports: [REPLICATION=46061, RATIS=36395, RATIS_ADMIN=36395, RATIS_SERVER=36395, STANDALONE=36947], networkLocation: /default-rack, certSerialId: null, persistedOpState: IN_SERVICE, persistedOpStateExpiryEpochSec: 0}, ReplicationConfig: RATIS/ONE, State:ALLOCATED, leaderId:, CreationTimestamp2022-05-04T03:13:33.629Z[Etc/UTC]].
2022-05-04 03:13:34,136 [Command processor thread] INFO  server.RaftServer (RaftServerProxy.java:addNew(95)) - 3d91fce6-fc2e-4974-9eab-0da46cd4cdf8: addNew group-81DEFD7E8ED5:[3d91fce6-fc2e-4974-9eab-0da46cd4cdf8|rpc:10.1.0.22:40237|priority:1] returns group-81DEFD7E8ED5:java.util.concurrent.CompletableFuture@3ccf5c14[Not completed]
2022-05-04 03:13:34,147 [pool-283-thread-1] INFO  server.RaftServer$Division (RaftServerImpl.java:<init>(184)) - 3d91fce6-fc2e-4974-9eab-0da46cd4cdf8: new RaftServerImpl for group-81DEFD7E8ED5:[3d91fce6-fc2e-4974-9eab-0da46cd4cdf8|rpc:10.1.0.22:40237|priority:1] with ContainerStateMachine:uninitialized
2022-05-04 03:13:34,149 [pool-283-thread-1] INFO  server.RaftServerConfigKeys (ConfUtils.java:logGet(44)) - raft.server.rpc.timeout.min = 5s (custom)
2022-05-04 03:13:34,149 [pool-283-thread-1] INFO  server.RaftServerConfigKeys (ConfUtils.java:logGet(44)) - raft.server.rpc.timeout.max = 5200ms (custom)
2022-05-04 03:13:34,149 [pool-283-thread-1] INFO  server.RaftServerConfigKeys (ConfUtils.java:logGet(44)) - raft.server.rpc.sleep.time = 25ms (default)
2022-05-04 03:13:34,149 [pool-283-thread-1] INFO  server.RaftServerConfigKeys (ConfUtils.java:logGet(44)) - raft.server.rpc.slowness.timeout = 300s (custom)
2022-05-04 03:13:34,149 [pool-283-thread-1] INFO  server.RaftServerConfigKeys (ConfUtils.java:logGet(44)) - raft.server.leaderelection.leader.step-down.wait-time = 10s (default)
2022-05-04 03:13:34,149 [pool-283-thread-1] INFO  server.RaftServerConfigKeys (ConfUtils.java:logGet(44)) - raft.server.sleep.deviation.threshold = 300ms (default)
2022-05-04 03:13:34,149 [pool-283-thread-1] INFO  server.RaftServerConfigKeys (ConfUtils.java:logGet(44)) - raft.server.log.appender.install.snapshot.enabled = false (custom)
2022-05-04 03:13:34,149 [pool-283-thread-1] INFO  server.RaftServer$Division (ServerState.java:<init>(105)) - 3d91fce6-fc2e-4974-9eab-0da46cd4cdf8@group-81DEFD7E8ED5: ConfigurationManager, init=-1: [3d91fce6-fc2e-4974-9eab-0da46cd4cdf8|rpc:10.1.0.22:40237|priority:1], old=null, confs=<EMPTY_MAP>
2022-05-04 03:13:34,150 [pool-283-thread-1] INFO  server.RaftServerConfigKeys (ConfUtils.java:logGet(44)) - raft.server.storage.dir = [/home/runner/work/ozone/ozone/hadoop-ozone/integration-test/target/test-dir/MiniOzoneClusterImpl-16b4eb12-8d22-44ef-95c0-40f9ce645855/datanode-0/data/ratis] (custom)
2022-05-04 03:13:34,150 [pool-283-thread-1] INFO  server.RaftServerConfigKeys (ConfUtils.java:logGet(44)) - raft.server.log.corruption.policy = EXCEPTION (default)
2022-05-04 03:13:34,150 [pool-283-thread-1] INFO  server.RaftServerConfigKeys (ConfUtils.java:logGet(44)) - raft.server.storage.free-space.min = 0MB (=0) (default)
2022-05-04 03:13:34,150 [pool-283-thread-1] INFO  storage.RaftStorageDirectory (RaftStorageDirectoryImpl.java:analyzeStorage(135)) - The storage directory /home/runner/work/ozone/ozone/hadoop-ozone/integration-test/target/test-dir/MiniOzoneClusterImpl-16b4eb12-8d22-44ef-95c0-40f9ce645855/datanode-0/data/ratis/7b1ebc71-1924-4f77-9e9f-81defd7e8ed5 does not exist. Creating ...
2022-05-04 03:13:34,158 [pool-283-thread-1] INFO  storage.RaftStorageDirectory (RaftStorageDirectoryImpl.java:tryLock(230)) - Lock on /home/runner/work/ozone/ozone/hadoop-ozone/integration-test/target/test-dir/MiniOzoneClusterImpl-16b4eb12-8d22-44ef-95c0-40f9ce645855/datanode-0/data/ratis/7b1ebc71-1924-4f77-9e9f-81defd7e8ed5/in_use.lock acquired by nodename 29567@fv-az270-73
2022-05-04 03:13:34,160 [pool-283-thread-1] INFO  storage.RaftStorage (RaftStorageImpl.java:format(89)) - Storage directory /home/runner/work/ozone/ozone/hadoop-ozone/integration-test/target/test-dir/MiniOzoneClusterImpl-16b4eb12-8d22-44ef-95c0-40f9ce645855/datanode-0/data/ratis/7b1ebc71-1924-4f77-9e9f-81defd7e8ed5 has been successfully formatted.
2022-05-04 03:13:34,175 [pool-283-thread-1] INFO  ratis.ContainerStateMachine (ContainerStateMachine.java:loadSnapshot(236)) - group-81DEFD7E8ED5: The snapshot info is null. Setting the last applied indexto:(t:0, i:~)
2022-05-04 03:13:34,198 [pool-283-thread-1] INFO  server.RaftServerConfigKeys (ConfUtils.java:logGet(44)) - raft.server.notification.no-leader.timeout = 300s (custom)
2022-05-04 03:13:34,194 [EventQueue-PipelineReportForPipelineReportHandler] INFO  pipeline.PipelineManagerImpl (PipelineManagerImpl.java:openPipeline(328)) - Pipeline Pipeline[ Id: 7b1ebc71-1924-4f77-9e9f-81defd7e8ed5, Nodes: 3d91fce6-fc2e-4974-9eab-0da46cd4cdf8{ip: 10.1.0.22, host: fv-az270-73.tacnzluakwdehk1hpragurqkma.bx.internal.cloudapp.net, ports: [REPLICATION=46207, RATIS=40237, RATIS_ADMIN=40237, RATIS_SERVER=40237, STANDALONE=41123], networkLocation: /default-rack, certSerialId: null, persistedOpState: IN_SERVICE, persistedOpStateExpiryEpochSec: 0}, ReplicationConfig: RATIS/ONE, State:ALLOCATED, leaderId:3d91fce6-fc2e-4974-9eab-0da46cd4cdf8, CreationTimestamp2022-05-04T03:13:31.155Z[Etc/UTC]] moved to OPEN state
2022-05-04 03:13:34,198 [pool-283-thread-1] INFO  server.RaftServerConfigKeys (ConfUtils.java:logGet(44)) - raft.server.log.use.memory = false (default)
2022-05-04 03:13:34,200 [pool-283-thread-1] INFO  server.RaftServerConfigKeys (ConfUtils.java:logGet(44)) - raft.server.log.purge.gap = 1000000 (custom)
2022-05-04 03:13:34,201 [pool-283-thread-1] INFO  server.RaftServerConfigKeys (ConfUtils.java:logGet(44)) - raft.server.log.appender.buffer.byte-limit = 33554432 (custom)
2022-05-04 03:13:34,201 [pool-283-thread-1] INFO  server.RaftServerConfigKeys (ConfUtils.java:logGet(44)) - raft.server.log.segment.size.max = 1048576 (custom)
2022-05-04 03:13:34,202 [pool-283-thread-1] INFO  server.RaftServerConfigKeys (ConfUtils.java:logGet(44)) - raft.server.log.segment.cache.num.max = 2 (custom)
2022-05-04 03:13:34,202 [pool-283-thread-1] INFO  server.RaftServerConfigKeys (ConfUtils.java:logGet(44)) - raft.server.log.segment.cache.size.max = 200MB (=209715200) (default)
2022-05-04 03:13:34,202 [pool-283-thread-1] INFO  segmented.SegmentedRaftLogWorker (SegmentedRaftLogWorker.java:<init>(182)) - new 3d91fce6-fc2e-4974-9eab-0da46cd4cdf8@group-81DEFD7E8ED5-SegmentedRaftLogWorker for RaftStorageImpl:Storage Directory /home/runner/work/ozone/ozone/hadoop-ozone/integration-test/target/test-dir/MiniOzoneClusterImpl-16b4eb12-8d22-44ef-95c0-40f9ce645855/datanode-0/data/ratis/7b1ebc71-1924-4f77-9e9f-81defd7e8ed5
2022-05-04 03:13:34,202 [pool-283-thread-1] INFO  server.RaftServerConfigKeys (ConfUtils.java:logGet(44)) - raft.server.log.queue.byte-limit = 4294967296 (custom)
2022-05-04 03:13:34,202 [pool-283-thread-1] INFO  server.RaftServerConfigKeys (ConfUtils.java:logGet(44)) - raft.server.log.queue.element-limit = 1024 (custom)
2022-05-04 03:13:34,202 [pool-283-thread-1] INFO  server.RaftServerConfigKeys (ConfUtils.java:logGet(44)) - raft.server.log.segment.size.max = 1048576 (custom)
2022-05-04 03:13:34,202 [pool-283-thread-1] INFO  server.RaftServerConfigKeys (ConfUtils.java:logGet(44)) - raft.server.log.preallocated.size = 16384 (custom)
2022-05-04 03:13:34,202 [pool-283-thread-1] INFO  server.RaftServerConfigKeys (ConfUtils.java:logGet(44)) - raft.server.log.force.sync.num = 128 (default)
2022-05-04 03:13:34,202 [pool-283-thread-1] INFO  server.RaftServerConfigKeys (ConfUtils.java:logGet(44)) - raft.server.log.statemachine.data.sync = true (default)
2022-05-04 03:13:34,202 [pool-283-thread-1] INFO  server.RaftServerConfigKeys (ConfUtils.java:logGet(44)) - raft.server.log.statemachine.data.sync.timeout = 10s (default)
2022-05-04 03:13:34,202 [pool-283-thread-1] INFO  server.RaftServerConfigKeys (ConfUtils.java:logGet(44)) - raft.server.log.statemachine.data.sync.timeout.retry = -1 (default)
2022-05-04 03:13:34,203 [pool-283-thread-1] INFO  server.RaftServerConfigKeys (ConfUtils.java:logGet(44)) - raft.server.log.write.buffer.size = 1048576 (custom)
2022-05-04 03:13:34,204 [pool-283-thread-1] INFO  server.RaftServerConfigKeys (ConfUtils.java:logGet(44)) - raft.server.log.statemachine.data.caching.enabled = true (custom)
2022-05-04 03:13:34,204 [pool-283-thread-1] INFO  segmented.SegmentedRaftLogWorker (SegmentedRaftLogWorker.java:lambda$new$0(133)) - 3d91fce6-fc2e-4974-9eab-0da46cd4cdf8@group-81DEFD7E8ED5-SegmentedRaftLogWorker: flushIndex: setUnconditionally 0 -> -1
2022-05-04 03:13:34,204 [pool-283-thread-1] INFO  segmented.SegmentedRaftLogWorker (SegmentedRaftLogWorker.java:lambda$new$0(133)) - 3d91fce6-fc2e-4974-9eab-0da46cd4cdf8@group-81DEFD7E8ED5-SegmentedRaftLogWorker: safeCacheEvictIndex: setUnconditionally 0 -> -1
2022-05-04 03:13:34,206 [pool-283-thread-1] INFO  server.RaftServerConfigKeys (ConfUtils.java:logGet(44)) - raft.server.snapshot.auto.trigger.enabled = true (custom)
2022-05-04 03:13:34,206 [pool-283-thread-1] INFO  server.RaftServerConfigKeys (ConfUtils.java:logGet(44)) - raft.server.snapshot.auto.trigger.threshold = 10000 (custom)
2022-05-04 03:13:34,206 [pool-283-thread-1] INFO  server.RaftServerConfigKeys (ConfUtils.java:logGet(44)) - raft.server.snapshot.retention.file.num = 5 (custom)
2022-05-04 03:13:34,206 [pool-283-thread-1] INFO  server.RaftServerConfigKeys (ConfUtils.java:logGet(44)) - raft.server.log.purge.upto.snapshot.index = false (default)
2022-05-04 03:13:34,206 [pool-283-thread-1] INFO  server.RaftServerConfigKeys (ConfUtils.java:logGet(44)) - raft.server.retrycache.expirytime = 600000ms (custom)
2022-05-04 03:13:34,206 [pool-283-thread-1] INFO  server.RaftServerConfigKeys (ConfUtils.java:logGet(44)) - raft.server.retrycache.statistics.expirytime = 100μs (default)
2022-05-04 03:13:34,208 [pool-283-thread-1] INFO  server.RaftServer$Division (RaftServerImpl.java:start(301)) - 3d91fce6-fc2e-4974-9eab-0da46cd4cdf8@group-81DEFD7E8ED5: start as a follower, conf=-1: [3d91fce6-fc2e-4974-9eab-0da46cd4cdf8|rpc:10.1.0.22:40237|priority:1], old=null
2022-05-04 03:13:34,208 [pool-283-thread-1] INFO  server.RaftServer$Division (RaftServerImpl.java:setRole(290)) - 3d91fce6-fc2e-4974-9eab-0da46cd4cdf8@group-81DEFD7E8ED5: changes role from      null to FOLLOWER at term 0 for startAsFollower
2022-05-04 03:13:34,208 [pool-283-thread-1] INFO  impl.RoleInfo (RoleInfo.java:updateAndGet(130)) - 3d91fce6-fc2e-4974-9eab-0da46cd4cdf8: start 3d91fce6-fc2e-4974-9eab-0da46cd4cdf8@group-81DEFD7E8ED5-FollowerState
2022-05-04 03:13:34,234 [pool-283-thread-1] INFO  util.JmxRegister (JmxRegister.java:tryRegister(44)) - Successfully registered JMX Bean with object name Ratis:service=RaftServer,group=group-81DEFD7E8ED5,id=3d91fce6-fc2e-4974-9eab-0da46cd4cdf8
2022-05-04 03:13:34,236 [EventQueue-OpenPipelineForHealthyPipelineSafeModeRule] INFO  safemode.SCMSafeModeManager (HealthyPipelineSafeModeRule.java:process(124)) - SCM in safe mode. Healthy pipelines reported count is 0, required healthy pipeline reported count is 1
2022-05-04 03:13:34,248 [Command processor thread] INFO  ratis.XceiverServerRatis (XceiverServerRatis.java:addGroup(765)) - Created group PipelineID=7b1ebc71-1924-4f77-9e9f-81defd7e8ed5
2022-05-04 03:13:34,248 [Command processor thread] INFO  commandhandler.CreatePipelineCommandHandler (CreatePipelineCommandHandler.java:handle(113)) - Created Pipeline RATIS ONE PipelineID=7b1ebc71-1924-4f77-9e9f-81defd7e8ed5.
2022-05-04 03:13:34,248 [Command processor thread] INFO  server.RaftServer (RaftServerProxy.java:addNew(95)) - 3d91fce6-fc2e-4974-9eab-0da46cd4cdf8: addNew group-6F26DEE77B20:[50786c60-577d-4d1d-b3bc-3dc2ae741836|rpc:10.1.0.22:42585|priority:0, 36a35a51-0c22-4b27-95e9-15250fb09d2f|rpc:10.1.0.22:41095|priority:1, 3d91fce6-fc2e-4974-9eab-0da46cd4cdf8|rpc:10.1.0.22:40237|priority:0] returns group-6F26DEE77B20:java.util.concurrent.CompletableFuture@38f0df55[Not completed]
2022-05-04 03:13:34,290 [Listener at 127.0.0.1/46813] INFO  ozone.MiniOzoneClusterImpl (MiniOzoneClusterImpl.java:lambda$waitForClusterToBeReady$0(221)) - Waiting for nodes to be ready. Got 4 of 5 DN Heartbeats.
2022-05-04 03:13:34,291 [Listener at 127.0.0.1/46813] INFO  ozone.MiniOzoneClusterImpl (MiniOzoneClusterImpl.java:lambda$waitForClusterToBeReady$0(224)) - Waiting for cluster to exit safe mode
2022-05-04 03:13:34,291 [Listener at 127.0.0.1/46813] INFO  ozone.MiniOzoneClusterImpl (MiniOzoneClusterImpl.java:lambda$waitForClusterToBeReady$0(226)) - SCM became leader
2022-05-04 03:13:34,292 [pool-283-thread-1] INFO  server.RaftServer$Division (RaftServerImpl.java:<init>(184)) - 3d91fce6-fc2e-4974-9eab-0da46cd4cdf8: new RaftServerImpl for group-6F26DEE77B20:[50786c60-577d-4d1d-b3bc-3dc2ae741836|rpc:10.1.0.22:42585|priority:0, 36a35a51-0c22-4b27-95e9-15250fb09d2f|rpc:10.1.0.22:41095|priority:1, 3d91fce6-fc2e-4974-9eab-0da46cd4cdf8|rpc:10.1.0.22:40237|priority:0] with ContainerStateMachine:uninitialized
2022-05-04 03:13:34,292 [pool-283-thread-1] INFO  server.RaftServerConfigKeys (ConfUtils.java:logGet(44)) - raft.server.rpc.timeout.min = 5s (custom)
2022-05-04 03:13:34,292 [pool-283-thread-1] INFO  server.RaftServerConfigKeys (ConfUtils.java:logGet(44)) - raft.server.rpc.timeout.max = 5200ms (custom)
2022-05-04 03:13:34,292 [pool-283-thread-1] INFO  server.RaftServerConfigKeys (ConfUtils.java:logGet(44)) - raft.server.rpc.sleep.time = 25ms (default)
2022-05-04 03:13:34,292 [pool-283-thread-1] INFO  server.RaftServerConfigKeys (ConfUtils.java:logGet(44)) - raft.server.rpc.slowness.timeout = 300s (custom)
2022-05-04 03:13:34,292 [pool-283-thread-1] INFO  server.RaftServerConfigKeys (ConfUtils.java:logGet(44)) - raft.server.leaderelection.leader.step-down.wait-time = 10s (default)
2022-05-04 03:13:34,292 [pool-283-thread-1] INFO  server.RaftServerConfigKeys (ConfUtils.java:logGet(44)) - raft.server.sleep.deviation.threshold = 300ms (default)
2022-05-04 03:13:34,293 [pool-283-thread-1] INFO  server.RaftServerConfigKeys (ConfUtils.java:logGet(44)) - raft.server.log.appender.install.snapshot.enabled = false (custom)
2022-05-04 03:13:34,293 [pool-283-thread-1] INFO  server.RaftServer$Division (ServerState.java:<init>(105)) - 3d91fce6-fc2e-4974-9eab-0da46cd4cdf8@group-6F26DEE77B20: ConfigurationManager, init=-1: [50786c60-577d-4d1d-b3bc-3dc2ae741836|rpc:10.1.0.22:42585|priority:0, 36a35a51-0c22-4b27-95e9-15250fb09d2f|rpc:10.1.0.22:41095|priority:1, 3d91fce6-fc2e-4974-9eab-0da46cd4cdf8|rpc:10.1.0.22:40237|priority:0], old=null, confs=<EMPTY_MAP>
2022-05-04 03:13:34,293 [pool-283-thread-1] INFO  server.RaftServerConfigKeys (ConfUtils.java:logGet(44)) - raft.server.storage.dir = [/home/runner/work/ozone/ozone/hadoop-ozone/integration-test/target/test-dir/MiniOzoneClusterImpl-16b4eb12-8d22-44ef-95c0-40f9ce645855/datanode-0/data/ratis] (custom)
2022-05-04 03:13:34,293 [pool-283-thread-1] INFO  server.RaftServerConfigKeys (ConfUtils.java:logGet(44)) - raft.server.log.corruption.policy = EXCEPTION (default)
2022-05-04 03:13:34,293 [pool-283-thread-1] INFO  server.RaftServerConfigKeys (ConfUtils.java:logGet(44)) - raft.server.storage.free-space.min = 0MB (=0) (default)
2022-05-04 03:13:34,293 [pool-283-thread-1] INFO  storage.RaftStorageDirectory (RaftStorageDirectoryImpl.java:analyzeStorage(135)) - The storage directory /home/runner/work/ozone/ozone/hadoop-ozone/integration-test/target/test-dir/MiniOzoneClusterImpl-16b4eb12-8d22-44ef-95c0-40f9ce645855/datanode-0/data/ratis/86a0a906-d3d9-4222-80e3-6f26dee77b20 does not exist. Creating ...
2022-05-04 03:13:34,308 [pool-283-thread-1] INFO  storage.RaftStorageDirectory (RaftStorageDirectoryImpl.java:tryLock(230)) - Lock on /home/runner/work/ozone/ozone/hadoop-ozone/integration-test/target/test-dir/MiniOzoneClusterImpl-16b4eb12-8d22-44ef-95c0-40f9ce645855/datanode-0/data/ratis/86a0a906-d3d9-4222-80e3-6f26dee77b20/in_use.lock acquired by nodename 29567@fv-az270-73
2022-05-04 03:13:34,310 [pool-283-thread-1] INFO  storage.RaftStorage (RaftStorageImpl.java:format(89)) - Storage directory /home/runner/work/ozone/ozone/hadoop-ozone/integration-test/target/test-dir/MiniOzoneClusterImpl-16b4eb12-8d22-44ef-95c0-40f9ce645855/datanode-0/data/ratis/86a0a906-d3d9-4222-80e3-6f26dee77b20 has been successfully formatted.
2022-05-04 03:13:34,310 [pool-283-thread-1] INFO  ratis.ContainerStateMachine (ContainerStateMachine.java:loadSnapshot(236)) - group-6F26DEE77B20: The snapshot info is null. Setting the last applied indexto:(t:0, i:~)
2022-05-04 03:13:34,310 [pool-283-thread-1] INFO  server.RaftServerConfigKeys (ConfUtils.java:logGet(44)) - raft.server.notification.no-leader.timeout = 300s (custom)
2022-05-04 03:13:34,310 [pool-283-thread-1] INFO  server.RaftServerConfigKeys (ConfUtils.java:logGet(44)) - raft.server.log.use.memory = false (default)
2022-05-04 03:13:34,310 [pool-283-thread-1] INFO  server.RaftServerConfigKeys (ConfUtils.java:logGet(44)) - raft.server.log.purge.gap = 1000000 (custom)
2022-05-04 03:13:34,311 [pool-283-thread-1] INFO  server.RaftServerConfigKeys (ConfUtils.java:logGet(44)) - raft.server.log.appender.buffer.byte-limit = 33554432 (custom)
2022-05-04 03:13:34,311 [pool-283-thread-1] INFO  server.RaftServerConfigKeys (ConfUtils.java:logGet(44)) - raft.server.log.segment.size.max = 1048576 (custom)
2022-05-04 03:13:34,311 [pool-283-thread-1] INFO  server.RaftServerConfigKeys (ConfUtils.java:logGet(44)) - raft.server.log.segment.cache.num.max = 2 (custom)
2022-05-04 03:13:34,311 [pool-283-thread-1] INFO  server.RaftServerConfigKeys (ConfUtils.java:logGet(44)) - raft.server.log.segment.cache.size.max = 200MB (=209715200) (default)
2022-05-04 03:13:34,311 [pool-283-thread-1] INFO  segmented.SegmentedRaftLogWorker (SegmentedRaftLogWorker.java:<init>(182)) - new 3d91fce6-fc2e-4974-9eab-0da46cd4cdf8@group-6F26DEE77B20-SegmentedRaftLogWorker for RaftStorageImpl:Storage Directory /home/runner/work/ozone/ozone/hadoop-ozone/integration-test/target/test-dir/MiniOzoneClusterImpl-16b4eb12-8d22-44ef-95c0-40f9ce645855/datanode-0/data/ratis/86a0a906-d3d9-4222-80e3-6f26dee77b20
2022-05-04 03:13:34,312 [pool-283-thread-1] INFO  server.RaftServerConfigKeys (ConfUtils.java:logGet(44)) - raft.server.log.queue.byte-limit = 4294967296 (custom)
2022-05-04 03:13:34,312 [pool-283-thread-1] INFO  server.RaftServerConfigKeys (ConfUtils.java:logGet(44)) - raft.server.log.queue.element-limit = 1024 (custom)
2022-05-04 03:13:34,312 [pool-283-thread-1] INFO  server.RaftServerConfigKeys (ConfUtils.java:logGet(44)) - raft.server.log.segment.size.max = 1048576 (custom)
2022-05-04 03:13:34,312 [pool-283-thread-1] INFO  server.RaftServerConfigKeys (ConfUtils.java:logGet(44)) - raft.server.log.preallocated.size = 16384 (custom)
2022-05-04 03:13:34,312 [pool-283-thread-1] INFO  server.RaftServerConfigKeys (ConfUtils.java:logGet(44)) - raft.server.log.force.sync.num = 128 (default)
2022-05-04 03:13:34,312 [pool-283-thread-1] INFO  server.RaftServerConfigKeys (ConfUtils.java:logGet(44)) - raft.server.log.statemachine.data.sync = true (default)
2022-05-04 03:13:34,312 [pool-283-thread-1] INFO  server.RaftServerConfigKeys (ConfUtils.java:logGet(44)) - raft.server.log.statemachine.data.sync.timeout = 10s (default)
2022-05-04 03:13:34,312 [pool-283-thread-1] INFO  server.RaftServerConfigKeys (ConfUtils.java:logGet(44)) - raft.server.log.statemachine.data.sync.timeout.retry = -1 (default)
2022-05-04 03:13:34,313 [EventQueue-OpenPipelineForHealthyPipelineSafeModeRule] INFO  safemode.SCMSafeModeManager (HealthyPipelineSafeModeRule.java:process(124)) - SCM in safe mode. Healthy pipelines reported count is 0, required healthy pipeline reported count is 1
2022-05-04 03:13:34,313 [pool-283-thread-1] INFO  server.RaftServerConfigKeys (ConfUtils.java:logGet(44)) - raft.server.log.write.buffer.size = 1048576 (custom)
2022-05-04 03:13:34,314 [pool-283-thread-1] INFO  server.RaftServerConfigKeys (ConfUtils.java:logGet(44)) - raft.server.log.statemachine.data.caching.enabled = true (custom)
2022-05-04 03:13:34,314 [pool-283-thread-1] INFO  segmented.SegmentedRaftLogWorker (SegmentedRaftLogWorker.java:lambda$new$0(133)) - 3d91fce6-fc2e-4974-9eab-0da46cd4cdf8@group-6F26DEE77B20-SegmentedRaftLogWorker: flushIndex: setUnconditionally 0 -> -1
2022-05-04 03:13:34,314 [pool-283-thread-1] INFO  segmented.SegmentedRaftLogWorker (SegmentedRaftLogWorker.java:lambda$new$0(133)) - 3d91fce6-fc2e-4974-9eab-0da46cd4cdf8@group-6F26DEE77B20-SegmentedRaftLogWorker: safeCacheEvictIndex: setUnconditionally 0 -> -1
2022-05-04 03:13:34,318 [pool-283-thread-1] INFO  server.RaftServerConfigKeys (ConfUtils.java:logGet(44)) - raft.server.snapshot.auto.trigger.enabled = true (custom)
2022-05-04 03:13:34,318 [pool-283-thread-1] INFO  server.RaftServerConfigKeys (ConfUtils.java:logGet(44)) - raft.server.snapshot.auto.trigger.threshold = 10000 (custom)
2022-05-04 03:13:34,318 [pool-283-thread-1] INFO  server.RaftServerConfigKeys (ConfUtils.java:logGet(44)) - raft.server.snapshot.retention.file.num = 5 (custom)
2022-05-04 03:13:34,318 [pool-283-thread-1] INFO  server.RaftServerConfigKeys (ConfUtils.java:logGet(44)) - raft.server.log.purge.upto.snapshot.index = false (default)
2022-05-04 03:13:34,318 [pool-283-thread-1] INFO  server.RaftServerConfigKeys (ConfUtils.java:logGet(44)) - raft.server.retrycache.expirytime = 600000ms (custom)
2022-05-04 03:13:34,319 [pool-283-thread-1] INFO  server.RaftServerConfigKeys (ConfUtils.java:logGet(44)) - raft.server.retrycache.statistics.expirytime = 100μs (default)
2022-05-04 03:13:34,320 [pool-283-thread-1] INFO  server.RaftServer$Division (RaftServerImpl.java:start(301)) - 3d91fce6-fc2e-4974-9eab-0da46cd4cdf8@group-6F26DEE77B20: start as a follower, conf=-1: [50786c60-577d-4d1d-b3bc-3dc2ae741836|rpc:10.1.0.22:42585|priority:0, 36a35a51-0c22-4b27-95e9-15250fb09d2f|rpc:10.1.0.22:41095|priority:1, 3d91fce6-fc2e-4974-9eab-0da46cd4cdf8|rpc:10.1.0.22:40237|priority:0], old=null
2022-05-04 03:13:34,320 [pool-283-thread-1] INFO  server.RaftServer$Division (RaftServerImpl.java:setRole(290)) - 3d91fce6-fc2e-4974-9eab-0da46cd4cdf8@group-6F26DEE77B20: changes role from      null to FOLLOWER at term 0 for startAsFollower
2022-05-04 03:13:34,320 [pool-283-thread-1] INFO  impl.RoleInfo (RoleInfo.java:updateAndGet(130)) - 3d91fce6-fc2e-4974-9eab-0da46cd4cdf8: start 3d91fce6-fc2e-4974-9eab-0da46cd4cdf8@group-6F26DEE77B20-FollowerState
2022-05-04 03:13:34,321 [pool-283-thread-1] INFO  util.JmxRegister (JmxRegister.java:tryRegister(44)) - Successfully registered JMX Bean with object name Ratis:service=RaftServer,group=group-6F26DEE77B20,id=3d91fce6-fc2e-4974-9eab-0da46cd4cdf8
2022-05-04 03:13:34,336 [Command processor thread] INFO  ratis.XceiverServerRatis (XceiverServerRatis.java:addGroup(765)) - Created group PipelineID=86a0a906-d3d9-4222-80e3-6f26dee77b20
2022-05-04 03:13:34,384 [IPC Server handler 1 on default port 41551] INFO  net.NetworkTopologyImpl (NetworkTopologyImpl.java:add(112)) - Added a new node: /default-rack/705521b5-205e-4d49-a04d-535d0918c68b
2022-05-04 03:13:34,384 [IPC Server handler 1 on default port 41551] INFO  node.SCMNodeManager (SCMNodeManager.java:register(393)) - Registered Data node : 705521b5-205e-4d49-a04d-535d0918c68b{ip: 10.1.0.22, host: fv-az270-73.tacnzluakwdehk1hpragurqkma.bx.internal.cloudapp.net, ports: [REPLICATION=41785, RATIS=46011, RATIS_ADMIN=46011, RATIS_SERVER=46011, STANDALONE=33061], networkLocation: /default-rack, certSerialId: null, persistedOpState: null, persistedOpStateExpiryEpochSec: 0}
2022-05-04 03:13:34,384 [EventQueue-NewNodeForNewNodeHandler] INFO  pipeline.BackgroundPipelineCreator (BackgroundPipelineCreator.java:notifyEventTriggered(270)) - trigger a one-shot run on RatisPipelineUtilsThread.
2022-05-04 03:13:34,385 [RatisPipelineUtilsThread - 0] INFO  pipeline.RatisPipelineProvider (RatisPipelineProvider.java:lambda$create$0(195)) - Sending CreatePipelineCommand for pipeline:PipelineID=a875f5ef-7637-4a9f-9e10-eada591baaa5 to datanode:705521b5-205e-4d49-a04d-535d0918c68b
2022-05-04 03:13:34,386 [RatisPipelineUtilsThread - 0] INFO  pipeline.PipelineStateManagerImpl (PipelineStateManagerImpl.java:addPipeline(101)) - Created pipeline Pipeline[ Id: a875f5ef-7637-4a9f-9e10-eada591baaa5, Nodes: 705521b5-205e-4d49-a04d-535d0918c68b{ip: 10.1.0.22, host: fv-az270-73.tacnzluakwdehk1hpragurqkma.bx.internal.cloudapp.net, ports: [REPLICATION=41785, RATIS=46011, RATIS_ADMIN=46011, RATIS_SERVER=46011, STANDALONE=33061], networkLocation: /default-rack, certSerialId: null, persistedOpState: IN_SERVICE, persistedOpStateExpiryEpochSec: 0}, ReplicationConfig: RATIS/ONE, State:ALLOCATED, leaderId:, CreationTimestamp2022-05-04T03:13:34.385Z[Etc/UTC]].
2022-05-04 03:13:34,427 [grpc-default-executor-0] INFO  server.RaftServer (RaftServerProxy.java:addNew(95)) - 36a35a51-0c22-4b27-95e9-15250fb09d2f: addNew group-6F26DEE77B20:[50786c60-577d-4d1d-b3bc-3dc2ae741836|rpc:10.1.0.22:42585|dataStream:|priority:0, 36a35a51-0c22-4b27-95e9-15250fb09d2f|rpc:10.1.0.22:41095|dataStream:|priority:1, 3d91fce6-fc2e-4974-9eab-0da46cd4cdf8|rpc:10.1.0.22:40237|dataStream:|priority:0] returns group-6F26DEE77B20:java.util.concurrent.CompletableFuture@70d164aa[Not completed]
2022-05-04 03:13:34,452 [pool-304-thread-1] INFO  server.RaftServer$Division (RaftServerImpl.java:<init>(184)) - 36a35a51-0c22-4b27-95e9-15250fb09d2f: new RaftServerImpl for group-6F26DEE77B20:[50786c60-577d-4d1d-b3bc-3dc2ae741836|rpc:10.1.0.22:42585|dataStream:|priority:0, 36a35a51-0c22-4b27-95e9-15250fb09d2f|rpc:10.1.0.22:41095|dataStream:|priority:1, 3d91fce6-fc2e-4974-9eab-0da46cd4cdf8|rpc:10.1.0.22:40237|dataStream:|priority:0] with ContainerStateMachine:uninitialized
2022-05-04 03:13:34,459 [pool-304-thread-1] INFO  server.RaftServerConfigKeys (ConfUtils.java:logGet(44)) - raft.server.rpc.timeout.min = 5s (custom)
2022-05-04 03:13:34,459 [pool-304-thread-1] INFO  server.RaftServerConfigKeys (ConfUtils.java:logGet(44)) - raft.server.rpc.timeout.max = 5200ms (custom)
2022-05-04 03:13:34,459 [pool-304-thread-1] INFO  server.RaftServerConfigKeys (ConfUtils.java:logGet(44)) - raft.server.rpc.sleep.time = 25ms (default)
2022-05-04 03:13:34,459 [pool-304-thread-1] INFO  server.RaftServerConfigKeys (ConfUtils.java:logGet(44)) - raft.server.rpc.slowness.timeout = 300s (custom)
2022-05-04 03:13:34,459 [pool-304-thread-1] INFO  server.RaftServerConfigKeys (ConfUtils.java:logGet(44)) - raft.server.leaderelection.leader.step-down.wait-time = 10s (default)
2022-05-04 03:13:34,459 [pool-304-thread-1] INFO  server.RaftServerConfigKeys (ConfUtils.java:logGet(44)) - raft.server.sleep.deviation.threshold = 300ms (default)
2022-05-04 03:13:34,459 [pool-304-thread-1] INFO  server.RaftServerConfigKeys (ConfUtils.java:logGet(44)) - raft.server.log.appender.install.snapshot.enabled = false (custom)
2022-05-04 03:13:34,459 [pool-304-thread-1] INFO  server.RaftServer$Division (ServerState.java:<init>(105)) - 36a35a51-0c22-4b27-95e9-15250fb09d2f@group-6F26DEE77B20: ConfigurationManager, init=-1: [50786c60-577d-4d1d-b3bc-3dc2ae741836|rpc:10.1.0.22:42585|dataStream:|priority:0, 36a35a51-0c22-4b27-95e9-15250fb09d2f|rpc:10.1.0.22:41095|dataStream:|priority:1, 3d91fce6-fc2e-4974-9eab-0da46cd4cdf8|rpc:10.1.0.22:40237|dataStream:|priority:0], old=null, confs=<EMPTY_MAP>
2022-05-04 03:13:34,460 [pool-304-thread-1] INFO  server.RaftServerConfigKeys (ConfUtils.java:logGet(44)) - raft.server.storage.dir = [/home/runner/work/ozone/ozone/hadoop-ozone/integration-test/target/test-dir/MiniOzoneClusterImpl-16b4eb12-8d22-44ef-95c0-40f9ce645855/datanode-1/data/ratis] (custom)
2022-05-04 03:13:34,460 [pool-304-thread-1] INFO  server.RaftServerConfigKeys (ConfUtils.java:logGet(44)) - raft.server.log.corruption.policy = EXCEPTION (default)
2022-05-04 03:13:34,460 [pool-304-thread-1] INFO  server.RaftServerConfigKeys (ConfUtils.java:logGet(44)) - raft.server.storage.free-space.min = 0MB (=0) (default)
2022-05-04 03:13:34,460 [pool-304-thread-1] INFO  storage.RaftStorageDirectory (RaftStorageDirectoryImpl.java:analyzeStorage(135)) - The storage directory /home/runner/work/ozone/ozone/hadoop-ozone/integration-test/target/test-dir/MiniOzoneClusterImpl-16b4eb12-8d22-44ef-95c0-40f9ce645855/datanode-1/data/ratis/86a0a906-d3d9-4222-80e3-6f26dee77b20 does not exist. Creating ...
2022-05-04 03:13:34,470 [pool-304-thread-1] INFO  storage.RaftStorageDirectory (RaftStorageDirectoryImpl.java:tryLock(230)) - Lock on /home/runner/work/ozone/ozone/hadoop-ozone/integration-test/target/test-dir/MiniOzoneClusterImpl-16b4eb12-8d22-44ef-95c0-40f9ce645855/datanode-1/data/ratis/86a0a906-d3d9-4222-80e3-6f26dee77b20/in_use.lock acquired by nodename 29567@fv-az270-73
2022-05-04 03:13:34,472 [pool-304-thread-1] INFO  storage.RaftStorage (RaftStorageImpl.java:format(89)) - Storage directory /home/runner/work/ozone/ozone/hadoop-ozone/integration-test/target/test-dir/MiniOzoneClusterImpl-16b4eb12-8d22-44ef-95c0-40f9ce645855/datanode-1/data/ratis/86a0a906-d3d9-4222-80e3-6f26dee77b20 has been successfully formatted.
2022-05-04 03:13:34,481 [pool-304-thread-1] INFO  ratis.ContainerStateMachine (ContainerStateMachine.java:loadSnapshot(236)) - group-6F26DEE77B20: The snapshot info is null. Setting the last applied indexto:(t:0, i:~)
2022-05-04 03:13:34,481 [pool-304-thread-1] INFO  server.RaftServerConfigKeys (ConfUtils.java:logGet(44)) - raft.server.notification.no-leader.timeout = 300s (custom)
2022-05-04 03:13:34,481 [pool-304-thread-1] INFO  server.RaftServerConfigKeys (ConfUtils.java:logGet(44)) - raft.server.log.use.memory = false (default)
2022-05-04 03:13:34,481 [pool-304-thread-1] INFO  server.RaftServerConfigKeys (ConfUtils.java:logGet(44)) - raft.server.log.purge.gap = 1000000 (custom)
2022-05-04 03:13:34,481 [pool-304-thread-1] INFO  server.RaftServerConfigKeys (ConfUtils.java:logGet(44)) - raft.server.log.appender.buffer.byte-limit = 33554432 (custom)
2022-05-04 03:13:34,482 [pool-304-thread-1] INFO  server.RaftServerConfigKeys (ConfUtils.java:logGet(44)) - raft.server.log.segment.size.max = 1048576 (custom)
2022-05-04 03:13:34,482 [pool-304-thread-1] INFO  server.RaftServerConfigKeys (ConfUtils.java:logGet(44)) - raft.server.log.segment.cache.num.max = 2 (custom)
2022-05-04 03:13:34,482 [pool-304-thread-1] INFO  server.RaftServerConfigKeys (ConfUtils.java:logGet(44)) - raft.server.log.segment.cache.size.max = 200MB (=209715200) (default)
2022-05-04 03:13:34,482 [pool-304-thread-1] INFO  segmented.SegmentedRaftLogWorker (SegmentedRaftLogWorker.java:<init>(182)) - new 36a35a51-0c22-4b27-95e9-15250fb09d2f@group-6F26DEE77B20-SegmentedRaftLogWorker for RaftStorageImpl:Storage Directory /home/runner/work/ozone/ozone/hadoop-ozone/integration-test/target/test-dir/MiniOzoneClusterImpl-16b4eb12-8d22-44ef-95c0-40f9ce645855/datanode-1/data/ratis/86a0a906-d3d9-4222-80e3-6f26dee77b20
2022-05-04 03:13:34,482 [pool-304-thread-1] INFO  server.RaftServerConfigKeys (ConfUtils.java:logGet(44)) - raft.server.log.queue.byte-limit = 4294967296 (custom)
2022-05-04 03:13:34,482 [pool-304-thread-1] INFO  server.RaftServerConfigKeys (ConfUtils.java:logGet(44)) - raft.server.log.queue.element-limit = 1024 (custom)
2022-05-04 03:13:34,483 [pool-304-thread-1] INFO  server.RaftServerConfigKeys (ConfUtils.java:logGet(44)) - raft.server.log.segment.size.max = 1048576 (custom)
2022-05-04 03:13:34,483 [pool-304-thread-1] INFO  server.RaftServerConfigKeys (ConfUtils.java:logGet(44)) - raft.server.log.preallocated.size = 16384 (custom)
2022-05-04 03:13:34,483 [pool-304-thread-1] INFO  server.RaftServerConfigKeys (ConfUtils.java:logGet(44)) - raft.server.log.force.sync.num = 128 (default)
2022-05-04 03:13:34,483 [pool-304-thread-1] INFO  server.RaftServerConfigKeys (ConfUtils.java:logGet(44)) - raft.server.log.statemachine.data.sync = true (default)
2022-05-04 03:13:34,483 [pool-304-thread-1] INFO  server.RaftServerConfigKeys (ConfUtils.java:logGet(44)) - raft.server.log.statemachine.data.sync.timeout = 10s (default)
2022-05-04 03:13:34,483 [pool-304-thread-1] INFO  server.RaftServerConfigKeys (ConfUtils.java:logGet(44)) - raft.server.log.statemachine.data.sync.timeout.retry = -1 (default)
2022-05-04 03:13:34,484 [pool-304-thread-1] INFO  server.RaftServerConfigKeys (ConfUtils.java:logGet(44)) - raft.server.log.write.buffer.size = 1048576 (custom)
2022-05-04 03:13:34,485 [pool-304-thread-1] INFO  server.RaftServerConfigKeys (ConfUtils.java:logGet(44)) - raft.server.log.statemachine.data.caching.enabled = true (custom)
2022-05-04 03:13:34,485 [pool-304-thread-1] INFO  segmented.SegmentedRaftLogWorker (SegmentedRaftLogWorker.java:lambda$new$0(133)) - 36a35a51-0c22-4b27-95e9-15250fb09d2f@group-6F26DEE77B20-SegmentedRaftLogWorker: flushIndex: setUnconditionally 0 -> -1
2022-05-04 03:13:34,485 [pool-304-thread-1] INFO  segmented.SegmentedRaftLogWorker (SegmentedRaftLogWorker.java:lambda$new$0(133)) - 36a35a51-0c22-4b27-95e9-15250fb09d2f@group-6F26DEE77B20-SegmentedRaftLogWorker: safeCacheEvictIndex: setUnconditionally 0 -> -1
2022-05-04 03:13:34,486 [pool-304-thread-1] INFO  server.RaftServerConfigKeys (ConfUtils.java:logGet(44)) - raft.server.snapshot.auto.trigger.enabled = true (custom)
2022-05-04 03:13:34,486 [pool-304-thread-1] INFO  server.RaftServerConfigKeys (ConfUtils.java:logGet(44)) - raft.server.snapshot.auto.trigger.threshold = 10000 (custom)
2022-05-04 03:13:34,486 [pool-304-thread-1] INFO  server.RaftServerConfigKeys (ConfUtils.java:logGet(44)) - raft.server.snapshot.retention.file.num = 5 (custom)
2022-05-04 03:13:34,486 [pool-304-thread-1] INFO  server.RaftServerConfigKeys (ConfUtils.java:logGet(44)) - raft.server.log.purge.upto.snapshot.index = false (default)
2022-05-04 03:13:34,486 [pool-304-thread-1] INFO  server.RaftServerConfigKeys (ConfUtils.java:logGet(44)) - raft.server.retrycache.expirytime = 600000ms (custom)
2022-05-04 03:13:34,486 [pool-304-thread-1] INFO  server.RaftServerConfigKeys (ConfUtils.java:logGet(44)) - raft.server.retrycache.statistics.expirytime = 100μs (default)
2022-05-04 03:13:34,488 [pool-304-thread-1] INFO  server.RaftServer$Division (RaftServerImpl.java:start(301)) - 36a35a51-0c22-4b27-95e9-15250fb09d2f@group-6F26DEE77B20: start as a follower, conf=-1: [50786c60-577d-4d1d-b3bc-3dc2ae741836|rpc:10.1.0.22:42585|dataStream:|priority:0, 36a35a51-0c22-4b27-95e9-15250fb09d2f|rpc:10.1.0.22:41095|dataStream:|priority:1, 3d91fce6-fc2e-4974-9eab-0da46cd4cdf8|rpc:10.1.0.22:40237|dataStream:|priority:0], old=null
2022-05-04 03:13:34,488 [pool-304-thread-1] INFO  server.RaftServer$Division (RaftServerImpl.java:setRole(290)) - 36a35a51-0c22-4b27-95e9-15250fb09d2f@group-6F26DEE77B20: changes role from      null to FOLLOWER at term 0 for startAsFollower
2022-05-04 03:13:34,488 [pool-304-thread-1] INFO  impl.RoleInfo (RoleInfo.java:updateAndGet(130)) - 36a35a51-0c22-4b27-95e9-15250fb09d2f: start 36a35a51-0c22-4b27-95e9-15250fb09d2f@group-6F26DEE77B20-FollowerState
2022-05-04 03:13:34,488 [pool-304-thread-1] INFO  util.JmxRegister (JmxRegister.java:tryRegister(44)) - Successfully registered JMX Bean with object name Ratis:service=RaftServer,group=group-6F26DEE77B20,id=36a35a51-0c22-4b27-95e9-15250fb09d2f
2022-05-04 03:13:34,552 [grpc-default-executor-0] INFO  server.RaftServer (RaftServerProxy.java:addNew(95)) - 50786c60-577d-4d1d-b3bc-3dc2ae741836: addNew group-6F26DEE77B20:[50786c60-577d-4d1d-b3bc-3dc2ae741836|rpc:10.1.0.22:42585|dataStream:|priority:0, 36a35a51-0c22-4b27-95e9-15250fb09d2f|rpc:10.1.0.22:41095|dataStream:|priority:1, 3d91fce6-fc2e-4974-9eab-0da46cd4cdf8|rpc:10.1.0.22:40237|dataStream:|priority:0] returns group-6F26DEE77B20:java.util.concurrent.CompletableFuture@34d79a4a[Not completed]
2022-05-04 03:13:34,553 [pool-325-thread-1] INFO  server.RaftServer$Division (RaftServerImpl.java:<init>(184)) - 50786c60-577d-4d1d-b3bc-3dc2ae741836: new RaftServerImpl for group-6F26DEE77B20:[50786c60-577d-4d1d-b3bc-3dc2ae741836|rpc:10.1.0.22:42585|dataStream:|priority:0, 36a35a51-0c22-4b27-95e9-15250fb09d2f|rpc:10.1.0.22:41095|dataStream:|priority:1, 3d91fce6-fc2e-4974-9eab-0da46cd4cdf8|rpc:10.1.0.22:40237|dataStream:|priority:0] with ContainerStateMachine:uninitialized
2022-05-04 03:13:34,564 [pool-325-thread-1] INFO  server.RaftServerConfigKeys (ConfUtils.java:logGet(44)) - raft.server.rpc.timeout.min = 5s (custom)
2022-05-04 03:13:34,564 [pool-325-thread-1] INFO  server.RaftServerConfigKeys (ConfUtils.java:logGet(44)) - raft.server.rpc.timeout.max = 5200ms (custom)
2022-05-04 03:13:34,564 [pool-325-thread-1] INFO  server.RaftServerConfigKeys (ConfUtils.java:logGet(44)) - raft.server.rpc.sleep.time = 25ms (default)
2022-05-04 03:13:34,564 [pool-325-thread-1] INFO  server.RaftServerConfigKeys (ConfUtils.java:logGet(44)) - raft.server.rpc.slowness.timeout = 300s (custom)
2022-05-04 03:13:34,564 [pool-325-thread-1] INFO  server.RaftServerConfigKeys (ConfUtils.java:logGet(44)) - raft.server.leaderelection.leader.step-down.wait-time = 10s (default)
2022-05-04 03:13:34,564 [pool-325-thread-1] INFO  server.RaftServerConfigKeys (ConfUtils.java:logGet(44)) - raft.server.sleep.deviation.threshold = 300ms (default)
2022-05-04 03:13:34,564 [pool-325-thread-1] INFO  server.RaftServerConfigKeys (ConfUtils.java:logGet(44)) - raft.server.log.appender.install.snapshot.enabled = false (custom)
2022-05-04 03:13:34,564 [pool-325-thread-1] INFO  server.RaftServer$Division (ServerState.java:<init>(105)) - 50786c60-577d-4d1d-b3bc-3dc2ae741836@group-6F26DEE77B20: ConfigurationManager, init=-1: [50786c60-577d-4d1d-b3bc-3dc2ae741836|rpc:10.1.0.22:42585|dataStream:|priority:0, 36a35a51-0c22-4b27-95e9-15250fb09d2f|rpc:10.1.0.22:41095|dataStream:|priority:1, 3d91fce6-fc2e-4974-9eab-0da46cd4cdf8|rpc:10.1.0.22:40237|dataStream:|priority:0], old=null, confs=<EMPTY_MAP>
2022-05-04 03:13:34,564 [pool-325-thread-1] INFO  server.RaftServerConfigKeys (ConfUtils.java:logGet(44)) - raft.server.storage.dir = [/home/runner/work/ozone/ozone/hadoop-ozone/integration-test/target/test-dir/MiniOzoneClusterImpl-16b4eb12-8d22-44ef-95c0-40f9ce645855/datanode-2/data/ratis] (custom)
2022-05-04 03:13:34,564 [pool-325-thread-1] INFO  server.RaftServerConfigKeys (ConfUtils.java:logGet(44)) - raft.server.log.corruption.policy = EXCEPTION (default)
2022-05-04 03:13:34,565 [pool-325-thread-1] INFO  server.RaftServerConfigKeys (ConfUtils.java:logGet(44)) - raft.server.storage.free-space.min = 0MB (=0) (default)
2022-05-04 03:13:34,565 [pool-325-thread-1] INFO  storage.RaftStorageDirectory (RaftStorageDirectoryImpl.java:analyzeStorage(135)) - The storage directory /home/runner/work/ozone/ozone/hadoop-ozone/integration-test/target/test-dir/MiniOzoneClusterImpl-16b4eb12-8d22-44ef-95c0-40f9ce645855/datanode-2/data/ratis/86a0a906-d3d9-4222-80e3-6f26dee77b20 does not exist. Creating ...
2022-05-04 03:13:34,571 [pool-325-thread-1] INFO  storage.RaftStorageDirectory (RaftStorageDirectoryImpl.java:tryLock(230)) - Lock on /home/runner/work/ozone/ozone/hadoop-ozone/integration-test/target/test-dir/MiniOzoneClusterImpl-16b4eb12-8d22-44ef-95c0-40f9ce645855/datanode-2/data/ratis/86a0a906-d3d9-4222-80e3-6f26dee77b20/in_use.lock acquired by nodename 29567@fv-az270-73
2022-05-04 03:13:34,577 [pool-325-thread-1] INFO  storage.RaftStorage (RaftStorageImpl.java:format(89)) - Storage directory /home/runner/work/ozone/ozone/hadoop-ozone/integration-test/target/test-dir/MiniOzoneClusterImpl-16b4eb12-8d22-44ef-95c0-40f9ce645855/datanode-2/data/ratis/86a0a906-d3d9-4222-80e3-6f26dee77b20 has been successfully formatted.
2022-05-04 03:13:34,601 [pool-325-thread-1] INFO  ratis.ContainerStateMachine (ContainerStateMachine.java:loadSnapshot(236)) - group-6F26DEE77B20: The snapshot info is null. Setting the last applied indexto:(t:0, i:~)
2022-05-04 03:13:34,602 [pool-325-thread-1] INFO  server.RaftServerConfigKeys (ConfUtils.java:logGet(44)) - raft.server.notification.no-leader.timeout = 300s (custom)
2022-05-04 03:13:34,602 [pool-325-thread-1] INFO  server.RaftServerConfigKeys (ConfUtils.java:logGet(44)) - raft.server.log.use.memory = false (default)
2022-05-04 03:13:34,602 [pool-325-thread-1] INFO  server.RaftServerConfigKeys (ConfUtils.java:logGet(44)) - raft.server.log.purge.gap = 1000000 (custom)
2022-05-04 03:13:34,602 [pool-325-thread-1] INFO  server.RaftServerConfigKeys (ConfUtils.java:logGet(44)) - raft.server.log.appender.buffer.byte-limit = 33554432 (custom)
2022-05-04 03:13:34,604 [pool-325-thread-1] INFO  server.RaftServerConfigKeys (ConfUtils.java:logGet(44)) - raft.server.log.segment.size.max = 1048576 (custom)
2022-05-04 03:13:34,605 [pool-325-thread-1] INFO  server.RaftServerConfigKeys (ConfUtils.java:logGet(44)) - raft.server.log.segment.cache.num.max = 2 (custom)
2022-05-04 03:13:34,605 [pool-325-thread-1] INFO  server.RaftServerConfigKeys (ConfUtils.java:logGet(44)) - raft.server.log.segment.cache.size.max = 200MB (=209715200) (default)
2022-05-04 03:13:34,605 [pool-325-thread-1] INFO  segmented.SegmentedRaftLogWorker (SegmentedRaftLogWorker.java:<init>(182)) - new 50786c60-577d-4d1d-b3bc-3dc2ae741836@group-6F26DEE77B20-SegmentedRaftLogWorker for RaftStorageImpl:Storage Directory /home/runner/work/ozone/ozone/hadoop-ozone/integration-test/target/test-dir/MiniOzoneClusterImpl-16b4eb12-8d22-44ef-95c0-40f9ce645855/datanode-2/data/ratis/86a0a906-d3d9-4222-80e3-6f26dee77b20
2022-05-04 03:13:34,605 [pool-325-thread-1] INFO  server.RaftServerConfigKeys (ConfUtils.java:logGet(44)) - raft.server.log.queue.byte-limit = 4294967296 (custom)
2022-05-04 03:13:34,605 [pool-325-thread-1] INFO  server.RaftServerConfigKeys (ConfUtils.java:logGet(44)) - raft.server.log.queue.element-limit = 1024 (custom)
2022-05-04 03:13:34,605 [pool-325-thread-1] INFO  server.RaftServerConfigKeys (ConfUtils.java:logGet(44)) - raft.server.log.segment.size.max = 1048576 (custom)
2022-05-04 03:13:34,605 [pool-325-thread-1] INFO  server.RaftServerConfigKeys (ConfUtils.java:logGet(44)) - raft.server.log.preallocated.size = 16384 (custom)
2022-05-04 03:13:34,605 [pool-325-thread-1] INFO  server.RaftServerConfigKeys (ConfUtils.java:logGet(44)) - raft.server.log.force.sync.num = 128 (default)
2022-05-04 03:13:34,605 [pool-325-thread-1] INFO  server.RaftServerConfigKeys (ConfUtils.java:logGet(44)) - raft.server.log.statemachine.data.sync = true (default)
2022-05-04 03:13:34,606 [pool-325-thread-1] INFO  server.RaftServerConfigKeys (ConfUtils.java:logGet(44)) - raft.server.log.statemachine.data.sync.timeout = 10s (default)
2022-05-04 03:13:34,606 [pool-325-thread-1] INFO  server.RaftServerConfigKeys (ConfUtils.java:logGet(44)) - raft.server.log.statemachine.data.sync.timeout.retry = -1 (default)
2022-05-04 03:13:34,611 [pool-325-thread-1] INFO  server.RaftServerConfigKeys (ConfUtils.java:logGet(44)) - raft.server.log.write.buffer.size = 1048576 (custom)
2022-05-04 03:13:34,612 [pool-325-thread-1] INFO  server.RaftServerConfigKeys (ConfUtils.java:logGet(44)) - raft.server.log.statemachine.data.caching.enabled = true (custom)
2022-05-04 03:13:34,612 [pool-325-thread-1] INFO  segmented.SegmentedRaftLogWorker (SegmentedRaftLogWorker.java:lambda$new$0(133)) - 50786c60-577d-4d1d-b3bc-3dc2ae741836@group-6F26DEE77B20-SegmentedRaftLogWorker: flushIndex: setUnconditionally 0 -> -1
2022-05-04 03:13:34,613 [pool-325-thread-1] INFO  segmented.SegmentedRaftLogWorker (SegmentedRaftLogWorker.java:lambda$new$0(133)) - 50786c60-577d-4d1d-b3bc-3dc2ae741836@group-6F26DEE77B20-SegmentedRaftLogWorker: safeCacheEvictIndex: setUnconditionally 0 -> -1
2022-05-04 03:13:34,623 [pool-325-thread-1] INFO  server.RaftServerConfigKeys (ConfUtils.java:logGet(44)) - raft.server.snapshot.auto.trigger.enabled = true (custom)
2022-05-04 03:13:34,623 [pool-325-thread-1] INFO  server.RaftServerConfigKeys (ConfUtils.java:logGet(44)) - raft.server.snapshot.auto.trigger.threshold = 10000 (custom)
2022-05-04 03:13:34,623 [pool-325-thread-1] INFO  server.RaftServerConfigKeys (ConfUtils.java:logGet(44)) - raft.server.snapshot.retention.file.num = 5 (custom)
2022-05-04 03:13:34,623 [pool-325-thread-1] INFO  server.RaftServerConfigKeys (ConfUtils.java:logGet(44)) - raft.server.log.purge.upto.snapshot.index = false (default)
2022-05-04 03:13:34,623 [pool-325-thread-1] INFO  server.RaftServerConfigKeys (ConfUtils.java:logGet(44)) - raft.server.retrycache.expirytime = 600000ms (custom)
2022-05-04 03:13:34,623 [pool-325-thread-1] INFO  server.RaftServerConfigKeys (ConfUtils.java:logGet(44)) - raft.server.retrycache.statistics.expirytime = 100μs (default)
2022-05-04 03:13:34,625 [pool-325-thread-1] INFO  server.RaftServer$Division (RaftServerImpl.java:start(301)) - 50786c60-577d-4d1d-b3bc-3dc2ae741836@group-6F26DEE77B20: start as a follower, conf=-1: [50786c60-577d-4d1d-b3bc-3dc2ae741836|rpc:10.1.0.22:42585|dataStream:|priority:0, 36a35a51-0c22-4b27-95e9-15250fb09d2f|rpc:10.1.0.22:41095|dataStream:|priority:1, 3d91fce6-fc2e-4974-9eab-0da46cd4cdf8|rpc:10.1.0.22:40237|dataStream:|priority:0], old=null
2022-05-04 03:13:34,625 [pool-325-thread-1] INFO  server.RaftServer$Division (RaftServerImpl.java:setRole(290)) - 50786c60-577d-4d1d-b3bc-3dc2ae741836@group-6F26DEE77B20: changes role from      null to FOLLOWER at term 0 for startAsFollower
2022-05-04 03:13:34,625 [pool-325-thread-1] INFO  impl.RoleInfo (RoleInfo.java:updateAndGet(130)) - 50786c60-577d-4d1d-b3bc-3dc2ae741836: start 50786c60-577d-4d1d-b3bc-3dc2ae741836@group-6F26DEE77B20-FollowerState
2022-05-04 03:13:34,638 [pool-325-thread-1] INFO  util.JmxRegister (JmxRegister.java:tryRegister(44)) - Successfully registered JMX Bean with object name Ratis:service=RaftServer,group=group-6F26DEE77B20,id=50786c60-577d-4d1d-b3bc-3dc2ae741836
2022-05-04 03:13:34,677 [Command processor thread] INFO  commandhandler.CreatePipelineCommandHandler (CreatePipelineCommandHandler.java:handle(113)) - Created Pipeline RATIS THREE PipelineID=86a0a906-d3d9-4222-80e3-6f26dee77b20.
2022-05-04 03:13:34,678 [Command processor thread] INFO  server.RaftServer (RaftServerProxy.java:addNew(95)) - 3d91fce6-fc2e-4974-9eab-0da46cd4cdf8: addNew group-CCCC3F4E889C:[50786c60-577d-4d1d-b3bc-3dc2ae741836|rpc:10.1.0.22:42585|priority:1, 36a35a51-0c22-4b27-95e9-15250fb09d2f|rpc:10.1.0.22:41095|priority:0, 3d91fce6-fc2e-4974-9eab-0da46cd4cdf8|rpc:10.1.0.22:40237|priority:0] returns group-CCCC3F4E889C:java.util.concurrent.CompletableFuture@34c4c6f2[Not completed]
2022-05-04 03:13:34,679 [pool-283-thread-1] INFO  server.RaftServer$Division (RaftServerImpl.java:<init>(184)) - 3d91fce6-fc2e-4974-9eab-0da46cd4cdf8: new RaftServerImpl for group-CCCC3F4E889C:[50786c60-577d-4d1d-b3bc-3dc2ae741836|rpc:10.1.0.22:42585|priority:1, 36a35a51-0c22-4b27-95e9-15250fb09d2f|rpc:10.1.0.22:41095|priority:0, 3d91fce6-fc2e-4974-9eab-0da46cd4cdf8|rpc:10.1.0.22:40237|priority:0] with ContainerStateMachine:uninitialized
2022-05-04 03:13:34,680 [pool-283-thread-1] INFO  server.RaftServerConfigKeys (ConfUtils.java:logGet(44)) - raft.server.rpc.timeout.min = 5s (custom)
2022-05-04 03:13:34,680 [pool-283-thread-1] INFO  server.RaftServerConfigKeys (ConfUtils.java:logGet(44)) - raft.server.rpc.timeout.max = 5200ms (custom)
2022-05-04 03:13:34,680 [pool-283-thread-1] INFO  server.RaftServerConfigKeys (ConfUtils.java:logGet(44)) - raft.server.rpc.sleep.time = 25ms (default)
2022-05-04 03:13:34,680 [pool-283-thread-1] INFO  server.RaftServerConfigKeys (ConfUtils.java:logGet(44)) - raft.server.rpc.slowness.timeout = 300s (custom)
2022-05-04 03:13:34,680 [pool-283-thread-1] INFO  server.RaftServerConfigKeys (ConfUtils.java:logGet(44)) - raft.server.leaderelection.leader.step-down.wait-time = 10s (default)
2022-05-04 03:13:34,680 [pool-283-thread-1] INFO  server.RaftServerConfigKeys (ConfUtils.java:logGet(44)) - raft.server.sleep.deviation.threshold = 300ms (default)
2022-05-04 03:13:34,680 [pool-283-thread-1] INFO  server.RaftServerConfigKeys (ConfUtils.java:logGet(44)) - raft.server.log.appender.install.snapshot.enabled = false (custom)
2022-05-04 03:13:34,680 [pool-283-thread-1] INFO  server.RaftServer$Division (ServerState.java:<init>(105)) - 3d91fce6-fc2e-4974-9eab-0da46cd4cdf8@group-CCCC3F4E889C: ConfigurationManager, init=-1: [50786c60-577d-4d1d-b3bc-3dc2ae741836|rpc:10.1.0.22:42585|priority:1, 36a35a51-0c22-4b27-95e9-15250fb09d2f|rpc:10.1.0.22:41095|priority:0, 3d91fce6-fc2e-4974-9eab-0da46cd4cdf8|rpc:10.1.0.22:40237|priority:0], old=null, confs=<EMPTY_MAP>
2022-05-04 03:13:34,680 [pool-283-thread-1] INFO  server.RaftServerConfigKeys (ConfUtils.java:logGet(44)) - raft.server.storage.dir = [/home/runner/work/ozone/ozone/hadoop-ozone/integration-test/target/test-dir/MiniOzoneClusterImpl-16b4eb12-8d22-44ef-95c0-40f9ce645855/datanode-0/data/ratis] (custom)
2022-05-04 03:13:34,680 [pool-283-thread-1] INFO  server.RaftServerConfigKeys (ConfUtils.java:logGet(44)) - raft.server.log.corruption.policy = EXCEPTION (default)
2022-05-04 03:13:34,680 [pool-283-thread-1] INFO  server.RaftServerConfigKeys (ConfUtils.java:logGet(44)) - raft.server.storage.free-space.min = 0MB (=0) (default)
2022-05-04 03:13:34,681 [pool-283-thread-1] INFO  storage.RaftStorageDirectory (RaftStorageDirectoryImpl.java:analyzeStorage(135)) - The storage directory /home/runner/work/ozone/ozone/hadoop-ozone/integration-test/target/test-dir/MiniOzoneClusterImpl-16b4eb12-8d22-44ef-95c0-40f9ce645855/datanode-0/data/ratis/53230e0a-2780-4f9e-a939-cccc3f4e889c does not exist. Creating ...
2022-05-04 03:13:34,686 [pool-283-thread-1] INFO  storage.RaftStorageDirectory (RaftStorageDirectoryImpl.java:tryLock(230)) - Lock on /home/runner/work/ozone/ozone/hadoop-ozone/integration-test/target/test-dir/MiniOzoneClusterImpl-16b4eb12-8d22-44ef-95c0-40f9ce645855/datanode-0/data/ratis/53230e0a-2780-4f9e-a939-cccc3f4e889c/in_use.lock acquired by nodename 29567@fv-az270-73
2022-05-04 03:13:34,688 [pool-283-thread-1] INFO  storage.RaftStorage (RaftStorageImpl.java:format(89)) - Storage directory /home/runner/work/ozone/ozone/hadoop-ozone/integration-test/target/test-dir/MiniOzoneClusterImpl-16b4eb12-8d22-44ef-95c0-40f9ce645855/datanode-0/data/ratis/53230e0a-2780-4f9e-a939-cccc3f4e889c has been successfully formatted.
2022-05-04 03:13:34,688 [pool-283-thread-1] INFO  ratis.ContainerStateMachine (ContainerStateMachine.java:loadSnapshot(236)) - group-CCCC3F4E889C: The snapshot info is null. Setting the last applied indexto:(t:0, i:~)
2022-05-04 03:13:34,688 [pool-283-thread-1] INFO  server.RaftServerConfigKeys (ConfUtils.java:logGet(44)) - raft.server.notification.no-leader.timeout = 300s (custom)
2022-05-04 03:13:34,688 [pool-283-thread-1] INFO  server.RaftServerConfigKeys (ConfUtils.java:logGet(44)) - raft.server.log.use.memory = false (default)
2022-05-04 03:13:34,688 [pool-283-thread-1] INFO  server.RaftServerConfigKeys (ConfUtils.java:logGet(44)) - raft.server.log.purge.gap = 1000000 (custom)
2022-05-04 03:13:34,688 [pool-283-thread-1] INFO  server.RaftServerConfigKeys (ConfUtils.java:logGet(44)) - raft.server.log.appender.buffer.byte-limit = 33554432 (custom)
2022-05-04 03:13:34,689 [pool-283-thread-1] INFO  server.RaftServerConfigKeys (ConfUtils.java:logGet(44)) - raft.server.log.segment.size.max = 1048576 (custom)
2022-05-04 03:13:34,689 [pool-283-thread-1] INFO  server.RaftServerConfigKeys (ConfUtils.java:logGet(44)) - raft.server.log.segment.cache.num.max = 2 (custom)
2022-05-04 03:13:34,689 [pool-283-thread-1] INFO  server.RaftServerConfigKeys (ConfUtils.java:logGet(44)) - raft.server.log.segment.cache.size.max = 200MB (=209715200) (default)
2022-05-04 03:13:34,689 [pool-283-thread-1] INFO  segmented.SegmentedRaftLogWorker (SegmentedRaftLogWorker.java:<init>(182)) - new 3d91fce6-fc2e-4974-9eab-0da46cd4cdf8@group-CCCC3F4E889C-SegmentedRaftLogWorker for RaftStorageImpl:Storage Directory /home/runner/work/ozone/ozone/hadoop-ozone/integration-test/target/test-dir/MiniOzoneClusterImpl-16b4eb12-8d22-44ef-95c0-40f9ce645855/datanode-0/data/ratis/53230e0a-2780-4f9e-a939-cccc3f4e889c
2022-05-04 03:13:34,689 [pool-283-thread-1] INFO  server.RaftServerConfigKeys (ConfUtils.java:logGet(44)) - raft.server.log.queue.byte-limit = 4294967296 (custom)
2022-05-04 03:13:34,689 [pool-283-thread-1] INFO  server.RaftServerConfigKeys (ConfUtils.java:logGet(44)) - raft.server.log.queue.element-limit = 1024 (custom)
2022-05-04 03:13:34,689 [pool-283-thread-1] INFO  server.RaftServerConfigKeys (ConfUtils.java:logGet(44)) - raft.server.log.segment.size.max = 1048576 (custom)
2022-05-04 03:13:34,690 [pool-283-thread-1] INFO  server.RaftServerConfigKeys (ConfUtils.java:logGet(44)) - raft.server.log.preallocated.size = 16384 (custom)
2022-05-04 03:13:34,690 [pool-283-thread-1] INFO  server.RaftServerConfigKeys (ConfUtils.java:logGet(44)) - raft.server.log.force.sync.num = 128 (default)
2022-05-04 03:13:34,690 [pool-283-thread-1] INFO  server.RaftServerConfigKeys (ConfUtils.java:logGet(44)) - raft.server.log.statemachine.data.sync = true (default)
2022-05-04 03:13:34,690 [pool-283-thread-1] INFO  server.RaftServerConfigKeys (ConfUtils.java:logGet(44)) - raft.server.log.statemachine.data.sync.timeout = 10s (default)
2022-05-04 03:13:34,690 [pool-283-thread-1] INFO  server.RaftServerConfigKeys (ConfUtils.java:logGet(44)) - raft.server.log.statemachine.data.sync.timeout.retry = -1 (default)
2022-05-04 03:13:34,691 [EventQueue-OpenPipelineForHealthyPipelineSafeModeRule] INFO  safemode.SCMSafeModeManager (HealthyPipelineSafeModeRule.java:process(124)) - SCM in safe mode. Healthy pipelines reported count is 0, required healthy pipeline reported count is 1
2022-05-04 03:13:34,692 [pool-283-thread-1] INFO  server.RaftServerConfigKeys (ConfUtils.java:logGet(44)) - raft.server.log.write.buffer.size = 1048576 (custom)
2022-05-04 03:13:34,693 [pool-283-thread-1] INFO  server.RaftServerConfigKeys (ConfUtils.java:logGet(44)) - raft.server.log.statemachine.data.caching.enabled = true (custom)
2022-05-04 03:13:34,693 [pool-283-thread-1] INFO  segmented.SegmentedRaftLogWorker (SegmentedRaftLogWorker.java:lambda$new$0(133)) - 3d91fce6-fc2e-4974-9eab-0da46cd4cdf8@group-CCCC3F4E889C-SegmentedRaftLogWorker: flushIndex: setUnconditionally 0 -> -1
2022-05-04 03:13:34,694 [pool-283-thread-1] INFO  segmented.SegmentedRaftLogWorker (SegmentedRaftLogWorker.java:lambda$new$0(133)) - 3d91fce6-fc2e-4974-9eab-0da46cd4cdf8@group-CCCC3F4E889C-SegmentedRaftLogWorker: safeCacheEvictIndex: setUnconditionally 0 -> -1
2022-05-04 03:13:34,695 [pool-283-thread-1] INFO  server.RaftServerConfigKeys (ConfUtils.java:logGet(44)) - raft.server.snapshot.auto.trigger.enabled = true (custom)
2022-05-04 03:13:34,695 [pool-283-thread-1] INFO  server.RaftServerConfigKeys (ConfUtils.java:logGet(44)) - raft.server.snapshot.auto.trigger.threshold = 10000 (custom)
2022-05-04 03:13:34,695 [pool-283-thread-1] INFO  server.RaftServerConfigKeys (ConfUtils.java:logGet(44)) - raft.server.snapshot.retention.file.num = 5 (custom)
2022-05-04 03:13:34,696 [pool-283-thread-1] INFO  server.RaftServerConfigKeys (ConfUtils.java:logGet(44)) - raft.server.log.purge.upto.snapshot.index = false (default)
2022-05-04 03:13:34,696 [pool-283-thread-1] INFO  server.RaftServerConfigKeys (ConfUtils.java:logGet(44)) - raft.server.retrycache.expirytime = 600000ms (custom)
2022-05-04 03:13:34,696 [pool-283-thread-1] INFO  server.RaftServerConfigKeys (ConfUtils.java:logGet(44)) - raft.server.retrycache.statistics.expirytime = 100μs (default)
2022-05-04 03:13:34,698 [pool-283-thread-1] INFO  server.RaftServer$Division (RaftServerImpl.java:start(301)) - 3d91fce6-fc2e-4974-9eab-0da46cd4cdf8@group-CCCC3F4E889C: start as a follower, conf=-1: [50786c60-577d-4d1d-b3bc-3dc2ae741836|rpc:10.1.0.22:42585|priority:1, 36a35a51-0c22-4b27-95e9-15250fb09d2f|rpc:10.1.0.22:41095|priority:0, 3d91fce6-fc2e-4974-9eab-0da46cd4cdf8|rpc:10.1.0.22:40237|priority:0], old=null
2022-05-04 03:13:34,698 [pool-283-thread-1] INFO  server.RaftServer$Division (RaftServerImpl.java:setRole(290)) - 3d91fce6-fc2e-4974-9eab-0da46cd4cdf8@group-CCCC3F4E889C: changes role from      null to FOLLOWER at term 0 for startAsFollower
2022-05-04 03:13:34,698 [pool-283-thread-1] INFO  impl.RoleInfo (RoleInfo.java:updateAndGet(130)) - 3d91fce6-fc2e-4974-9eab-0da46cd4cdf8: start 3d91fce6-fc2e-4974-9eab-0da46cd4cdf8@group-CCCC3F4E889C-FollowerState
2022-05-04 03:13:34,698 [pool-283-thread-1] INFO  util.JmxRegister (JmxRegister.java:tryRegister(44)) - Successfully registered JMX Bean with object name Ratis:service=RaftServer,group=group-CCCC3F4E889C,id=3d91fce6-fc2e-4974-9eab-0da46cd4cdf8
2022-05-04 03:13:34,699 [Command processor thread] INFO  ratis.XceiverServerRatis (XceiverServerRatis.java:addGroup(765)) - Created group PipelineID=53230e0a-2780-4f9e-a939-cccc3f4e889c
2022-05-04 03:13:34,731 [grpc-default-executor-0] INFO  server.RaftServer (RaftServerProxy.java:addNew(95)) - 36a35a51-0c22-4b27-95e9-15250fb09d2f: addNew group-CCCC3F4E889C:[50786c60-577d-4d1d-b3bc-3dc2ae741836|rpc:10.1.0.22:42585|dataStream:|priority:1, 36a35a51-0c22-4b27-95e9-15250fb09d2f|rpc:10.1.0.22:41095|dataStream:|priority:0, 3d91fce6-fc2e-4974-9eab-0da46cd4cdf8|rpc:10.1.0.22:40237|dataStream:|priority:0] returns group-CCCC3F4E889C:java.util.concurrent.CompletableFuture@6ff4cba8[Not completed]
2022-05-04 03:13:34,739 [pool-304-thread-1] INFO  server.RaftServer$Division (RaftServerImpl.java:<init>(184)) - 36a35a51-0c22-4b27-95e9-15250fb09d2f: new RaftServerImpl for group-CCCC3F4E889C:[50786c60-577d-4d1d-b3bc-3dc2ae741836|rpc:10.1.0.22:42585|dataStream:|priority:1, 36a35a51-0c22-4b27-95e9-15250fb09d2f|rpc:10.1.0.22:41095|dataStream:|priority:0, 3d91fce6-fc2e-4974-9eab-0da46cd4cdf8|rpc:10.1.0.22:40237|dataStream:|priority:0] with ContainerStateMachine:uninitialized
2022-05-04 03:13:34,739 [pool-304-thread-1] INFO  server.RaftServerConfigKeys (ConfUtils.java:logGet(44)) - raft.server.rpc.timeout.min = 5s (custom)
2022-05-04 03:13:34,739 [pool-304-thread-1] INFO  server.RaftServerConfigKeys (ConfUtils.java:logGet(44)) - raft.server.rpc.timeout.max = 5200ms (custom)
2022-05-04 03:13:34,739 [pool-304-thread-1] INFO  server.RaftServerConfigKeys (ConfUtils.java:logGet(44)) - raft.server.rpc.sleep.time = 25ms (default)
2022-05-04 03:13:34,739 [pool-304-thread-1] INFO  server.RaftServerConfigKeys (ConfUtils.java:logGet(44)) - raft.server.rpc.slowness.timeout = 300s (custom)
2022-05-04 03:13:34,739 [pool-304-thread-1] INFO  server.RaftServerConfigKeys (ConfUtils.java:logGet(44)) - raft.server.leaderelection.leader.step-down.wait-time = 10s (default)
2022-05-04 03:13:34,740 [pool-304-thread-1] INFO  server.RaftServerConfigKeys (ConfUtils.java:logGet(44)) - raft.server.sleep.deviation.threshold = 300ms (default)
2022-05-04 03:13:34,740 [pool-304-thread-1] INFO  server.RaftServerConfigKeys (ConfUtils.java:logGet(44)) - raft.server.log.appender.install.snapshot.enabled = false (custom)
2022-05-04 03:13:34,740 [pool-304-thread-1] INFO  server.RaftServer$Division (ServerState.java:<init>(105)) - 36a35a51-0c22-4b27-95e9-15250fb09d2f@group-CCCC3F4E889C: ConfigurationManager, init=-1: [50786c60-577d-4d1d-b3bc-3dc2ae741836|rpc:10.1.0.22:42585|dataStream:|priority:1, 36a35a51-0c22-4b27-95e9-15250fb09d2f|rpc:10.1.0.22:41095|dataStream:|priority:0, 3d91fce6-fc2e-4974-9eab-0da46cd4cdf8|rpc:10.1.0.22:40237|dataStream:|priority:0], old=null, confs=<EMPTY_MAP>
2022-05-04 03:13:34,740 [pool-304-thread-1] INFO  server.RaftServerConfigKeys (ConfUtils.java:logGet(44)) - raft.server.storage.dir = [/home/runner/work/ozone/ozone/hadoop-ozone/integration-test/target/test-dir/MiniOzoneClusterImpl-16b4eb12-8d22-44ef-95c0-40f9ce645855/datanode-1/data/ratis] (custom)
2022-05-04 03:13:34,740 [pool-304-thread-1] INFO  server.RaftServerConfigKeys (ConfUtils.java:logGet(44)) - raft.server.log.corruption.policy = EXCEPTION (default)
2022-05-04 03:13:34,740 [pool-304-thread-1] INFO  server.RaftServerConfigKeys (ConfUtils.java:logGet(44)) - raft.server.storage.free-space.min = 0MB (=0) (default)
2022-05-04 03:13:34,740 [pool-304-thread-1] INFO  storage.RaftStorageDirectory (RaftStorageDirectoryImpl.java:analyzeStorage(135)) - The storage directory /home/runner/work/ozone/ozone/hadoop-ozone/integration-test/target/test-dir/MiniOzoneClusterImpl-16b4eb12-8d22-44ef-95c0-40f9ce645855/datanode-1/data/ratis/53230e0a-2780-4f9e-a939-cccc3f4e889c does not exist. Creating ...
2022-05-04 03:13:34,744 [pool-304-thread-1] INFO  storage.RaftStorageDirectory (RaftStorageDirectoryImpl.java:tryLock(230)) - Lock on /home/runner/work/ozone/ozone/hadoop-ozone/integration-test/target/test-dir/MiniOzoneClusterImpl-16b4eb12-8d22-44ef-95c0-40f9ce645855/datanode-1/data/ratis/53230e0a-2780-4f9e-a939-cccc3f4e889c/in_use.lock acquired by nodename 29567@fv-az270-73
2022-05-04 03:13:34,747 [pool-304-thread-1] INFO  storage.RaftStorage (RaftStorageImpl.java:format(89)) - Storage directory /home/runner/work/ozone/ozone/hadoop-ozone/integration-test/target/test-dir/MiniOzoneClusterImpl-16b4eb12-8d22-44ef-95c0-40f9ce645855/datanode-1/data/ratis/53230e0a-2780-4f9e-a939-cccc3f4e889c has been successfully formatted.
2022-05-04 03:13:34,747 [pool-304-thread-1] INFO  ratis.ContainerStateMachine (ContainerStateMachine.java:loadSnapshot(236)) - group-CCCC3F4E889C: The snapshot info is null. Setting the last applied indexto:(t:0, i:~)
2022-05-04 03:13:34,748 [pool-304-thread-1] INFO  server.RaftServerConfigKeys (ConfUtils.java:logGet(44)) - raft.server.notification.no-leader.timeout = 300s (custom)
2022-05-04 03:13:34,748 [pool-304-thread-1] INFO  server.RaftServerConfigKeys (ConfUtils.java:logGet(44)) - raft.server.log.use.memory = false (default)
2022-05-04 03:13:34,748 [pool-304-thread-1] INFO  server.RaftServerConfigKeys (ConfUtils.java:logGet(44)) - raft.server.log.purge.gap = 1000000 (custom)
2022-05-04 03:13:34,748 [pool-304-thread-1] INFO  server.RaftServerConfigKeys (ConfUtils.java:logGet(44)) - raft.server.log.appender.buffer.byte-limit = 33554432 (custom)
2022-05-04 03:13:34,748 [pool-304-thread-1] INFO  server.RaftServerConfigKeys (ConfUtils.java:logGet(44)) - raft.server.log.segment.size.max = 1048576 (custom)
2022-05-04 03:13:34,750 [pool-304-thread-1] INFO  server.RaftServerConfigKeys (ConfUtils.java:logGet(44)) - raft.server.log.segment.cache.num.max = 2 (custom)
2022-05-04 03:13:34,750 [pool-304-thread-1] INFO  server.RaftServerConfigKeys (ConfUtils.java:logGet(44)) - raft.server.log.segment.cache.size.max = 200MB (=209715200) (default)
2022-05-04 03:13:34,750 [pool-304-thread-1] INFO  segmented.SegmentedRaftLogWorker (SegmentedRaftLogWorker.java:<init>(182)) - new 36a35a51-0c22-4b27-95e9-15250fb09d2f@group-CCCC3F4E889C-SegmentedRaftLogWorker for RaftStorageImpl:Storage Directory /home/runner/work/ozone/ozone/hadoop-ozone/integration-test/target/test-dir/MiniOzoneClusterImpl-16b4eb12-8d22-44ef-95c0-40f9ce645855/datanode-1/data/ratis/53230e0a-2780-4f9e-a939-cccc3f4e889c
2022-05-04 03:13:34,750 [pool-304-thread-1] INFO  server.RaftServerConfigKeys (ConfUtils.java:logGet(44)) - raft.server.log.queue.byte-limit = 4294967296 (custom)
2022-05-04 03:13:34,750 [pool-304-thread-1] INFO  server.RaftServerConfigKeys (ConfUtils.java:logGet(44)) - raft.server.log.queue.element-limit = 1024 (custom)
2022-05-04 03:13:34,750 [pool-304-thread-1] INFO  server.RaftServerConfigKeys (ConfUtils.java:logGet(44)) - raft.server.log.segment.size.max = 1048576 (custom)
2022-05-04 03:13:34,750 [pool-304-thread-1] INFO  server.RaftServerConfigKeys (ConfUtils.java:logGet(44)) - raft.server.log.preallocated.size = 16384 (custom)
2022-05-04 03:13:34,750 [pool-304-thread-1] INFO  server.RaftServerConfigKeys (ConfUtils.java:logGet(44)) - raft.server.log.force.sync.num = 128 (default)
2022-05-04 03:13:34,750 [pool-304-thread-1] INFO  server.RaftServerConfigKeys (ConfUtils.java:logGet(44)) - raft.server.log.statemachine.data.sync = true (default)
2022-05-04 03:13:34,750 [pool-304-thread-1] INFO  server.RaftServerConfigKeys (ConfUtils.java:logGet(44)) - raft.server.log.statemachine.data.sync.timeout = 10s (default)
2022-05-04 03:13:34,750 [pool-304-thread-1] INFO  server.RaftServerConfigKeys (ConfUtils.java:logGet(44)) - raft.server.log.statemachine.data.sync.timeout.retry = -1 (default)
2022-05-04 03:13:34,752 [pool-304-thread-1] INFO  server.RaftServerConfigKeys (ConfUtils.java:logGet(44)) - raft.server.log.write.buffer.size = 1048576 (custom)
2022-05-04 03:13:34,752 [pool-304-thread-1] INFO  server.RaftServerConfigKeys (ConfUtils.java:logGet(44)) - raft.server.log.statemachine.data.caching.enabled = true (custom)
2022-05-04 03:13:34,752 [pool-304-thread-1] INFO  segmented.SegmentedRaftLogWorker (SegmentedRaftLogWorker.java:lambda$new$0(133)) - 36a35a51-0c22-4b27-95e9-15250fb09d2f@group-CCCC3F4E889C-SegmentedRaftLogWorker: flushIndex: setUnconditionally 0 -> -1
2022-05-04 03:13:34,752 [pool-304-thread-1] INFO  segmented.SegmentedRaftLogWorker (SegmentedRaftLogWorker.java:lambda$new$0(133)) - 36a35a51-0c22-4b27-95e9-15250fb09d2f@group-CCCC3F4E889C-SegmentedRaftLogWorker: safeCacheEvictIndex: setUnconditionally 0 -> -1
2022-05-04 03:13:34,757 [pool-304-thread-1] INFO  server.RaftServerConfigKeys (ConfUtils.java:logGet(44)) - raft.server.snapshot.auto.trigger.enabled = true (custom)
2022-05-04 03:13:34,757 [pool-304-thread-1] INFO  server.RaftServerConfigKeys (ConfUtils.java:logGet(44)) - raft.server.snapshot.auto.trigger.threshold = 10000 (custom)
2022-05-04 03:13:34,760 [pool-304-thread-1] INFO  server.RaftServerConfigKeys (ConfUtils.java:logGet(44)) - raft.server.snapshot.retention.file.num = 5 (custom)
2022-05-04 03:13:34,760 [pool-304-thread-1] INFO  server.RaftServerConfigKeys (ConfUtils.java:logGet(44)) - raft.server.log.purge.upto.snapshot.index = false (default)
2022-05-04 03:13:34,760 [pool-304-thread-1] INFO  server.RaftServerConfigKeys (ConfUtils.java:logGet(44)) - raft.server.retrycache.expirytime = 600000ms (custom)
2022-05-04 03:13:34,760 [pool-304-thread-1] INFO  server.RaftServerConfigKeys (ConfUtils.java:logGet(44)) - raft.server.retrycache.statistics.expirytime = 100μs (default)
2022-05-04 03:13:34,762 [pool-304-thread-1] INFO  server.RaftServer$Division (RaftServerImpl.java:start(301)) - 36a35a51-0c22-4b27-95e9-15250fb09d2f@group-CCCC3F4E889C: start as a follower, conf=-1: [50786c60-577d-4d1d-b3bc-3dc2ae741836|rpc:10.1.0.22:42585|dataStream:|priority:1, 36a35a51-0c22-4b27-95e9-15250fb09d2f|rpc:10.1.0.22:41095|dataStream:|priority:0, 3d91fce6-fc2e-4974-9eab-0da46cd4cdf8|rpc:10.1.0.22:40237|dataStream:|priority:0], old=null
2022-05-04 03:13:34,762 [pool-304-thread-1] INFO  server.RaftServer$Division (RaftServerImpl.java:setRole(290)) - 36a35a51-0c22-4b27-95e9-15250fb09d2f@group-CCCC3F4E889C: changes role from      null to FOLLOWER at term 0 for startAsFollower
2022-05-04 03:13:34,762 [pool-304-thread-1] INFO  impl.RoleInfo (RoleInfo.java:updateAndGet(130)) - 36a35a51-0c22-4b27-95e9-15250fb09d2f: start 36a35a51-0c22-4b27-95e9-15250fb09d2f@group-CCCC3F4E889C-FollowerState
2022-05-04 03:13:34,778 [pool-304-thread-1] INFO  util.JmxRegister (JmxRegister.java:tryRegister(44)) - Successfully registered JMX Bean with object name Ratis:service=RaftServer,group=group-CCCC3F4E889C,id=36a35a51-0c22-4b27-95e9-15250fb09d2f
2022-05-04 03:13:34,854 [grpc-default-executor-0] INFO  server.RaftServer (RaftServerProxy.java:addNew(95)) - 50786c60-577d-4d1d-b3bc-3dc2ae741836: addNew group-CCCC3F4E889C:[50786c60-577d-4d1d-b3bc-3dc2ae741836|rpc:10.1.0.22:42585|dataStream:|priority:1, 36a35a51-0c22-4b27-95e9-15250fb09d2f|rpc:10.1.0.22:41095|dataStream:|priority:0, 3d91fce6-fc2e-4974-9eab-0da46cd4cdf8|rpc:10.1.0.22:40237|dataStream:|priority:0] returns group-CCCC3F4E889C:java.util.concurrent.CompletableFuture@36e78c25[Not completed]
2022-05-04 03:13:34,856 [pool-325-thread-1] INFO  server.RaftServer$Division (RaftServerImpl.java:<init>(184)) - 50786c60-577d-4d1d-b3bc-3dc2ae741836: new RaftServerImpl for group-CCCC3F4E889C:[50786c60-577d-4d1d-b3bc-3dc2ae741836|rpc:10.1.0.22:42585|dataStream:|priority:1, 36a35a51-0c22-4b27-95e9-15250fb09d2f|rpc:10.1.0.22:41095|dataStream:|priority:0, 3d91fce6-fc2e-4974-9eab-0da46cd4cdf8|rpc:10.1.0.22:40237|dataStream:|priority:0] with ContainerStateMachine:uninitialized
2022-05-04 03:13:34,856 [pool-325-thread-1] INFO  server.RaftServerConfigKeys (ConfUtils.java:logGet(44)) - raft.server.rpc.timeout.min = 5s (custom)
2022-05-04 03:13:34,856 [pool-325-thread-1] INFO  server.RaftServerConfigKeys (ConfUtils.java:logGet(44)) - raft.server.rpc.timeout.max = 5200ms (custom)
2022-05-04 03:13:34,856 [pool-325-thread-1] INFO  server.RaftServerConfigKeys (ConfUtils.java:logGet(44)) - raft.server.rpc.sleep.time = 25ms (default)
2022-05-04 03:13:34,856 [pool-325-thread-1] INFO  server.RaftServerConfigKeys (ConfUtils.java:logGet(44)) - raft.server.rpc.slowness.timeout = 300s (custom)
2022-05-04 03:13:34,856 [pool-325-thread-1] INFO  server.RaftServerConfigKeys (ConfUtils.java:logGet(44)) - raft.server.leaderelection.leader.step-down.wait-time = 10s (default)
2022-05-04 03:13:34,856 [pool-325-thread-1] INFO  server.RaftServerConfigKeys (ConfUtils.java:logGet(44)) - raft.server.sleep.deviation.threshold = 300ms (default)
2022-05-04 03:13:34,856 [pool-325-thread-1] INFO  server.RaftServerConfigKeys (ConfUtils.java:logGet(44)) - raft.server.log.appender.install.snapshot.enabled = false (custom)
2022-05-04 03:13:34,856 [pool-325-thread-1] INFO  server.RaftServer$Division (ServerState.java:<init>(105)) - 50786c60-577d-4d1d-b3bc-3dc2ae741836@group-CCCC3F4E889C: ConfigurationManager, init=-1: [50786c60-577d-4d1d-b3bc-3dc2ae741836|rpc:10.1.0.22:42585|dataStream:|priority:1, 36a35a51-0c22-4b27-95e9-15250fb09d2f|rpc:10.1.0.22:41095|dataStream:|priority:0, 3d91fce6-fc2e-4974-9eab-0da46cd4cdf8|rpc:10.1.0.22:40237|dataStream:|priority:0], old=null, confs=<EMPTY_MAP>
2022-05-04 03:13:34,857 [pool-325-thread-1] INFO  server.RaftServerConfigKeys (ConfUtils.java:logGet(44)) - raft.server.storage.dir = [/home/runner/work/ozone/ozone/hadoop-ozone/integration-test/target/test-dir/MiniOzoneClusterImpl-16b4eb12-8d22-44ef-95c0-40f9ce645855/datanode-2/data/ratis] (custom)
2022-05-04 03:13:34,857 [pool-325-thread-1] INFO  server.RaftServerConfigKeys (ConfUtils.java:logGet(44)) - raft.server.log.corruption.policy = EXCEPTION (default)
2022-05-04 03:13:34,857 [pool-325-thread-1] INFO  server.RaftServerConfigKeys (ConfUtils.java:logGet(44)) - raft.server.storage.free-space.min = 0MB (=0) (default)
2022-05-04 03:13:34,857 [pool-325-thread-1] INFO  storage.RaftStorageDirectory (RaftStorageDirectoryImpl.java:analyzeStorage(135)) - The storage directory /home/runner/work/ozone/ozone/hadoop-ozone/integration-test/target/test-dir/MiniOzoneClusterImpl-16b4eb12-8d22-44ef-95c0-40f9ce645855/datanode-2/data/ratis/53230e0a-2780-4f9e-a939-cccc3f4e889c does not exist. Creating ...
2022-05-04 03:13:34,858 [pool-325-thread-1] INFO  storage.RaftStorageDirectory (RaftStorageDirectoryImpl.java:tryLock(230)) - Lock on /home/runner/work/ozone/ozone/hadoop-ozone/integration-test/target/test-dir/MiniOzoneClusterImpl-16b4eb12-8d22-44ef-95c0-40f9ce645855/datanode-2/data/ratis/53230e0a-2780-4f9e-a939-cccc3f4e889c/in_use.lock acquired by nodename 29567@fv-az270-73
2022-05-04 03:13:34,863 [pool-325-thread-1] INFO  storage.RaftStorage (RaftStorageImpl.java:format(89)) - Storage directory /home/runner/work/ozone/ozone/hadoop-ozone/integration-test/target/test-dir/MiniOzoneClusterImpl-16b4eb12-8d22-44ef-95c0-40f9ce645855/datanode-2/data/ratis/53230e0a-2780-4f9e-a939-cccc3f4e889c has been successfully formatted.
2022-05-04 03:13:34,864 [pool-325-thread-1] INFO  ratis.ContainerStateMachine (ContainerStateMachine.java:loadSnapshot(236)) - group-CCCC3F4E889C: The snapshot info is null. Setting the last applied indexto:(t:0, i:~)
2022-05-04 03:13:34,864 [pool-325-thread-1] INFO  server.RaftServerConfigKeys (ConfUtils.java:logGet(44)) - raft.server.notification.no-leader.timeout = 300s (custom)
2022-05-04 03:13:34,864 [pool-325-thread-1] INFO  server.RaftServerConfigKeys (ConfUtils.java:logGet(44)) - raft.server.log.use.memory = false (default)
2022-05-04 03:13:34,864 [pool-325-thread-1] INFO  server.RaftServerConfigKeys (ConfUtils.java:logGet(44)) - raft.server.log.purge.gap = 1000000 (custom)
2022-05-04 03:13:34,864 [pool-325-thread-1] INFO  server.RaftServerConfigKeys (ConfUtils.java:logGet(44)) - raft.server.log.appender.buffer.byte-limit = 33554432 (custom)
2022-05-04 03:13:34,866 [pool-325-thread-1] INFO  server.RaftServerConfigKeys (ConfUtils.java:logGet(44)) - raft.server.log.segment.size.max = 1048576 (custom)
2022-05-04 03:13:34,867 [pool-325-thread-1] INFO  server.RaftServerConfigKeys (ConfUtils.java:logGet(44)) - raft.server.log.segment.cache.num.max = 2 (custom)
2022-05-04 03:13:34,867 [pool-325-thread-1] INFO  server.RaftServerConfigKeys (ConfUtils.java:logGet(44)) - raft.server.log.segment.cache.size.max = 200MB (=209715200) (default)
2022-05-04 03:13:34,867 [pool-325-thread-1] INFO  segmented.SegmentedRaftLogWorker (SegmentedRaftLogWorker.java:<init>(182)) - new 50786c60-577d-4d1d-b3bc-3dc2ae741836@group-CCCC3F4E889C-SegmentedRaftLogWorker for RaftStorageImpl:Storage Directory /home/runner/work/ozone/ozone/hadoop-ozone/integration-test/target/test-dir/MiniOzoneClusterImpl-16b4eb12-8d22-44ef-95c0-40f9ce645855/datanode-2/data/ratis/53230e0a-2780-4f9e-a939-cccc3f4e889c
2022-05-04 03:13:34,867 [pool-325-thread-1] INFO  server.RaftServerConfigKeys (ConfUtils.java:logGet(44)) - raft.server.log.queue.byte-limit = 4294967296 (custom)
2022-05-04 03:13:34,867 [pool-325-thread-1] INFO  server.RaftServerConfigKeys (ConfUtils.java:logGet(44)) - raft.server.log.queue.element-limit = 1024 (custom)
2022-05-04 03:13:34,867 [pool-325-thread-1] INFO  server.RaftServerConfigKeys (ConfUtils.java:logGet(44)) - raft.server.log.segment.size.max = 1048576 (custom)
2022-05-04 03:13:34,867 [pool-325-thread-1] INFO  server.RaftServerConfigKeys (ConfUtils.java:logGet(44)) - raft.server.log.preallocated.size = 16384 (custom)
2022-05-04 03:13:34,867 [pool-325-thread-1] INFO  server.RaftServerConfigKeys (ConfUtils.java:logGet(44)) - raft.server.log.force.sync.num = 128 (default)
2022-05-04 03:13:34,867 [pool-325-thread-1] INFO  server.RaftServerConfigKeys (ConfUtils.java:logGet(44)) - raft.server.log.statemachine.data.sync = true (default)
2022-05-04 03:13:34,868 [pool-325-thread-1] INFO  server.RaftServerConfigKeys (ConfUtils.java:logGet(44)) - raft.server.log.statemachine.data.sync.timeout = 10s (default)
2022-05-04 03:13:34,868 [pool-325-thread-1] INFO  server.RaftServerConfigKeys (ConfUtils.java:logGet(44)) - raft.server.log.statemachine.data.sync.timeout.retry = -1 (default)
2022-05-04 03:13:34,869 [pool-325-thread-1] INFO  server.RaftServerConfigKeys (ConfUtils.java:logGet(44)) - raft.server.log.write.buffer.size = 1048576 (custom)
2022-05-04 03:13:34,870 [pool-325-thread-1] INFO  server.RaftServerConfigKeys (ConfUtils.java:logGet(44)) - raft.server.log.statemachine.data.caching.enabled = true (custom)
2022-05-04 03:13:34,870 [pool-325-thread-1] INFO  segmented.SegmentedRaftLogWorker (SegmentedRaftLogWorker.java:lambda$new$0(133)) - 50786c60-577d-4d1d-b3bc-3dc2ae741836@group-CCCC3F4E889C-SegmentedRaftLogWorker: flushIndex: setUnconditionally 0 -> -1
2022-05-04 03:13:34,870 [pool-325-thread-1] INFO  segmented.SegmentedRaftLogWorker (SegmentedRaftLogWorker.java:lambda$new$0(133)) - 50786c60-577d-4d1d-b3bc-3dc2ae741836@group-CCCC3F4E889C-SegmentedRaftLogWorker: safeCacheEvictIndex: setUnconditionally 0 -> -1
2022-05-04 03:13:34,874 [pool-325-thread-1] INFO  server.RaftServerConfigKeys (ConfUtils.java:logGet(44)) - raft.server.snapshot.auto.trigger.enabled = true (custom)
2022-05-04 03:13:34,874 [pool-325-thread-1] INFO  server.RaftServerConfigKeys (ConfUtils.java:logGet(44)) - raft.server.snapshot.auto.trigger.threshold = 10000 (custom)
2022-05-04 03:13:34,874 [pool-325-thread-1] INFO  server.RaftServerConfigKeys (ConfUtils.java:logGet(44)) - raft.server.snapshot.retention.file.num = 5 (custom)
2022-05-04 03:13:34,874 [pool-325-thread-1] INFO  server.RaftServerConfigKeys (ConfUtils.java:logGet(44)) - raft.server.log.purge.upto.snapshot.index = false (default)
2022-05-04 03:13:34,874 [pool-325-thread-1] INFO  server.RaftServerConfigKeys (ConfUtils.java:logGet(44)) - raft.server.retrycache.expirytime = 600000ms (custom)
2022-05-04 03:13:34,874 [pool-325-thread-1] INFO  server.RaftServerConfigKeys (ConfUtils.java:logGet(44)) - raft.server.retrycache.statistics.expirytime = 100μs (default)
2022-05-04 03:13:34,877 [pool-325-thread-1] INFO  server.RaftServer$Division (RaftServerImpl.java:start(301)) - 50786c60-577d-4d1d-b3bc-3dc2ae741836@group-CCCC3F4E889C: start as a follower, conf=-1: [50786c60-577d-4d1d-b3bc-3dc2ae741836|rpc:10.1.0.22:42585|dataStream:|priority:1, 36a35a51-0c22-4b27-95e9-15250fb09d2f|rpc:10.1.0.22:41095|dataStream:|priority:0, 3d91fce6-fc2e-4974-9eab-0da46cd4cdf8|rpc:10.1.0.22:40237|dataStream:|priority:0], old=null
2022-05-04 03:13:34,877 [pool-325-thread-1] INFO  server.RaftServer$Division (RaftServerImpl.java:setRole(290)) - 50786c60-577d-4d1d-b3bc-3dc2ae741836@group-CCCC3F4E889C: changes role from      null to FOLLOWER at term 0 for startAsFollower
2022-05-04 03:13:34,877 [pool-325-thread-1] INFO  impl.RoleInfo (RoleInfo.java:updateAndGet(130)) - 50786c60-577d-4d1d-b3bc-3dc2ae741836: start 50786c60-577d-4d1d-b3bc-3dc2ae741836@group-CCCC3F4E889C-FollowerState
2022-05-04 03:13:34,890 [Command processor thread] INFO  server.RaftServer (RaftServerProxy.java:addNew(95)) - 36a35a51-0c22-4b27-95e9-15250fb09d2f: addNew group-56AF847F997C:[36a35a51-0c22-4b27-95e9-15250fb09d2f|rpc:10.1.0.22:41095|priority:1] returns group-56AF847F997C:java.util.concurrent.CompletableFuture@2a2792ad[Not completed]
2022-05-04 03:13:34,890 [pool-325-thread-1] INFO  util.JmxRegister (JmxRegister.java:tryRegister(44)) - Successfully registered JMX Bean with object name Ratis:service=RaftServer,group=group-CCCC3F4E889C,id=50786c60-577d-4d1d-b3bc-3dc2ae741836
2022-05-04 03:13:34,892 [pool-304-thread-1] INFO  server.RaftServer$Division (RaftServerImpl.java:<init>(184)) - 36a35a51-0c22-4b27-95e9-15250fb09d2f: new RaftServerImpl for group-56AF847F997C:[36a35a51-0c22-4b27-95e9-15250fb09d2f|rpc:10.1.0.22:41095|priority:1] with ContainerStateMachine:uninitialized
2022-05-04 03:13:34,892 [pool-304-thread-1] INFO  server.RaftServerConfigKeys (ConfUtils.java:logGet(44)) - raft.server.rpc.timeout.min = 5s (custom)
2022-05-04 03:13:34,892 [pool-304-thread-1] INFO  server.RaftServerConfigKeys (ConfUtils.java:logGet(44)) - raft.server.rpc.timeout.max = 5200ms (custom)
2022-05-04 03:13:34,892 [pool-304-thread-1] INFO  server.RaftServerConfigKeys (ConfUtils.java:logGet(44)) - raft.server.rpc.sleep.time = 25ms (default)
2022-05-04 03:13:34,892 [pool-304-thread-1] INFO  server.RaftServerConfigKeys (ConfUtils.java:logGet(44)) - raft.server.rpc.slowness.timeout = 300s (custom)
2022-05-04 03:13:34,892 [pool-304-thread-1] INFO  server.RaftServerConfigKeys (ConfUtils.java:logGet(44)) - raft.server.leaderelection.leader.step-down.wait-time = 10s (default)
2022-05-04 03:13:34,892 [pool-304-thread-1] INFO  server.RaftServerConfigKeys (ConfUtils.java:logGet(44)) - raft.server.sleep.deviation.threshold = 300ms (default)
2022-05-04 03:13:34,892 [pool-304-thread-1] INFO  server.RaftServerConfigKeys (ConfUtils.java:logGet(44)) - raft.server.log.appender.install.snapshot.enabled = false (custom)
2022-05-04 03:13:34,893 [pool-304-thread-1] INFO  server.RaftServer$Division (ServerState.java:<init>(105)) - 36a35a51-0c22-4b27-95e9-15250fb09d2f@group-56AF847F997C: ConfigurationManager, init=-1: [36a35a51-0c22-4b27-95e9-15250fb09d2f|rpc:10.1.0.22:41095|priority:1], old=null, confs=<EMPTY_MAP>
2022-05-04 03:13:34,893 [pool-304-thread-1] INFO  server.RaftServerConfigKeys (ConfUtils.java:logGet(44)) - raft.server.storage.dir = [/home/runner/work/ozone/ozone/hadoop-ozone/integration-test/target/test-dir/MiniOzoneClusterImpl-16b4eb12-8d22-44ef-95c0-40f9ce645855/datanode-1/data/ratis] (custom)
2022-05-04 03:13:34,893 [pool-304-thread-1] INFO  server.RaftServerConfigKeys (ConfUtils.java:logGet(44)) - raft.server.log.corruption.policy = EXCEPTION (default)
2022-05-04 03:13:34,893 [pool-304-thread-1] INFO  server.RaftServerConfigKeys (ConfUtils.java:logGet(44)) - raft.server.storage.free-space.min = 0MB (=0) (default)
2022-05-04 03:13:34,893 [pool-304-thread-1] INFO  storage.RaftStorageDirectory (RaftStorageDirectoryImpl.java:analyzeStorage(135)) - The storage directory /home/runner/work/ozone/ozone/hadoop-ozone/integration-test/target/test-dir/MiniOzoneClusterImpl-16b4eb12-8d22-44ef-95c0-40f9ce645855/datanode-1/data/ratis/6d150552-0aad-4581-a11b-56af847f997c does not exist. Creating ...
2022-05-04 03:13:34,895 [pool-304-thread-1] INFO  storage.RaftStorageDirectory (RaftStorageDirectoryImpl.java:tryLock(230)) - Lock on /home/runner/work/ozone/ozone/hadoop-ozone/integration-test/target/test-dir/MiniOzoneClusterImpl-16b4eb12-8d22-44ef-95c0-40f9ce645855/datanode-1/data/ratis/6d150552-0aad-4581-a11b-56af847f997c/in_use.lock acquired by nodename 29567@fv-az270-73
2022-05-04 03:13:34,899 [pool-304-thread-1] INFO  storage.RaftStorage (RaftStorageImpl.java:format(89)) - Storage directory /home/runner/work/ozone/ozone/hadoop-ozone/integration-test/target/test-dir/MiniOzoneClusterImpl-16b4eb12-8d22-44ef-95c0-40f9ce645855/datanode-1/data/ratis/6d150552-0aad-4581-a11b-56af847f997c has been successfully formatted.
2022-05-04 03:13:34,934 [pool-304-thread-1] INFO  ratis.ContainerStateMachine (ContainerStateMachine.java:loadSnapshot(236)) - group-56AF847F997C: The snapshot info is null. Setting the last applied indexto:(t:0, i:~)
2022-05-04 03:13:34,935 [pool-304-thread-1] INFO  server.RaftServerConfigKeys (ConfUtils.java:logGet(44)) - raft.server.notification.no-leader.timeout = 300s (custom)
2022-05-04 03:13:34,935 [pool-304-thread-1] INFO  server.RaftServerConfigKeys (ConfUtils.java:logGet(44)) - raft.server.log.use.memory = false (default)
2022-05-04 03:13:34,935 [pool-304-thread-1] INFO  server.RaftServerConfigKeys (ConfUtils.java:logGet(44)) - raft.server.log.purge.gap = 1000000 (custom)
2022-05-04 03:13:34,935 [pool-304-thread-1] INFO  server.RaftServerConfigKeys (ConfUtils.java:logGet(44)) - raft.server.log.appender.buffer.byte-limit = 33554432 (custom)
2022-05-04 03:13:34,935 [pool-304-thread-1] INFO  server.RaftServerConfigKeys (ConfUtils.java:logGet(44)) - raft.server.log.segment.size.max = 1048576 (custom)
2022-05-04 03:13:34,936 [pool-304-thread-1] INFO  server.RaftServerConfigKeys (ConfUtils.java:logGet(44)) - raft.server.log.segment.cache.num.max = 2 (custom)
2022-05-04 03:13:34,936 [pool-304-thread-1] INFO  server.RaftServerConfigKeys (ConfUtils.java:logGet(44)) - raft.server.log.segment.cache.size.max = 200MB (=209715200) (default)
2022-05-04 03:13:34,936 [pool-304-thread-1] INFO  segmented.SegmentedRaftLogWorker (SegmentedRaftLogWorker.java:<init>(182)) - new 36a35a51-0c22-4b27-95e9-15250fb09d2f@group-56AF847F997C-SegmentedRaftLogWorker for RaftStorageImpl:Storage Directory /home/runner/work/ozone/ozone/hadoop-ozone/integration-test/target/test-dir/MiniOzoneClusterImpl-16b4eb12-8d22-44ef-95c0-40f9ce645855/datanode-1/data/ratis/6d150552-0aad-4581-a11b-56af847f997c
2022-05-04 03:13:34,936 [pool-304-thread-1] INFO  server.RaftServerConfigKeys (ConfUtils.java:logGet(44)) - raft.server.log.queue.byte-limit = 4294967296 (custom)
2022-05-04 03:13:34,936 [pool-304-thread-1] INFO  server.RaftServerConfigKeys (ConfUtils.java:logGet(44)) - raft.server.log.queue.element-limit = 1024 (custom)
2022-05-04 03:13:34,936 [pool-304-thread-1] INFO  server.RaftServerConfigKeys (ConfUtils.java:logGet(44)) - raft.server.log.segment.size.max = 1048576 (custom)
2022-05-04 03:13:34,936 [pool-304-thread-1] INFO  server.RaftServerConfigKeys (ConfUtils.java:logGet(44)) - raft.server.log.preallocated.size = 16384 (custom)
2022-05-04 03:13:34,936 [pool-304-thread-1] INFO  server.RaftServerConfigKeys (ConfUtils.java:logGet(44)) - raft.server.log.force.sync.num = 128 (default)
2022-05-04 03:13:34,937 [pool-304-thread-1] INFO  server.RaftServerConfigKeys (ConfUtils.java:logGet(44)) - raft.server.log.statemachine.data.sync = true (default)
2022-05-04 03:13:34,937 [pool-304-thread-1] INFO  server.RaftServerConfigKeys (ConfUtils.java:logGet(44)) - raft.server.log.statemachine.data.sync.timeout = 10s (default)
2022-05-04 03:13:34,937 [pool-304-thread-1] INFO  server.RaftServerConfigKeys (ConfUtils.java:logGet(44)) - raft.server.log.statemachine.data.sync.timeout.retry = -1 (default)
2022-05-04 03:13:34,938 [pool-304-thread-1] INFO  server.RaftServerConfigKeys (ConfUtils.java:logGet(44)) - raft.server.log.write.buffer.size = 1048576 (custom)
2022-05-04 03:13:34,944 [pool-304-thread-1] INFO  server.RaftServerConfigKeys (ConfUtils.java:logGet(44)) - raft.server.log.statemachine.data.caching.enabled = true (custom)
2022-05-04 03:13:34,945 [pool-304-thread-1] INFO  segmented.SegmentedRaftLogWorker (SegmentedRaftLogWorker.java:lambda$new$0(133)) - 36a35a51-0c22-4b27-95e9-15250fb09d2f@group-56AF847F997C-SegmentedRaftLogWorker: flushIndex: setUnconditionally 0 -> -1
2022-05-04 03:13:34,945 [pool-304-thread-1] INFO  segmented.SegmentedRaftLogWorker (SegmentedRaftLogWorker.java:lambda$new$0(133)) - 36a35a51-0c22-4b27-95e9-15250fb09d2f@group-56AF847F997C-SegmentedRaftLogWorker: safeCacheEvictIndex: setUnconditionally 0 -> -1
2022-05-04 03:13:34,945 [EventQueue-PipelineReportForPipelineReportHandler] INFO  pipeline.PipelineManagerImpl (PipelineManagerImpl.java:openPipeline(328)) - Pipeline Pipeline[ Id: 6d150552-0aad-4581-a11b-56af847f997c, Nodes: 36a35a51-0c22-4b27-95e9-15250fb09d2f{ip: 10.1.0.22, host: fv-az270-73.tacnzluakwdehk1hpragurqkma.bx.internal.cloudapp.net, ports: [REPLICATION=41943, RATIS=41095, RATIS_ADMIN=41095, RATIS_SERVER=41095, STANDALONE=41715], networkLocation: /default-rack, certSerialId: null, persistedOpState: IN_SERVICE, persistedOpStateExpiryEpochSec: 0}, ReplicationConfig: RATIS/ONE, State:ALLOCATED, leaderId:36a35a51-0c22-4b27-95e9-15250fb09d2f, CreationTimestamp2022-05-04T03:13:31.898Z[Etc/UTC]] moved to OPEN state
2022-05-04 03:13:34,946 [EventQueue-OpenPipelineForHealthyPipelineSafeModeRule] INFO  safemode.SCMSafeModeManager (HealthyPipelineSafeModeRule.java:process(124)) - SCM in safe mode. Healthy pipelines reported count is 0, required healthy pipeline reported count is 1
2022-05-04 03:13:34,970 [pool-304-thread-1] INFO  server.RaftServerConfigKeys (ConfUtils.java:logGet(44)) - raft.server.snapshot.auto.trigger.enabled = true (custom)
2022-05-04 03:13:34,970 [pool-304-thread-1] INFO  server.RaftServerConfigKeys (ConfUtils.java:logGet(44)) - raft.server.snapshot.auto.trigger.threshold = 10000 (custom)
2022-05-04 03:13:34,971 [pool-304-thread-1] INFO  server.RaftServerConfigKeys (ConfUtils.java:logGet(44)) - raft.server.snapshot.retention.file.num = 5 (custom)
2022-05-04 03:13:34,971 [pool-304-thread-1] INFO  server.RaftServerConfigKeys (ConfUtils.java:logGet(44)) - raft.server.log.purge.upto.snapshot.index = false (default)
2022-05-04 03:13:34,971 [pool-304-thread-1] INFO  server.RaftServerConfigKeys (ConfUtils.java:logGet(44)) - raft.server.retrycache.expirytime = 600000ms (custom)
2022-05-04 03:13:34,971 [pool-304-thread-1] INFO  server.RaftServerConfigKeys (ConfUtils.java:logGet(44)) - raft.server.retrycache.statistics.expirytime = 100μs (default)
2022-05-04 03:13:34,973 [pool-304-thread-1] INFO  server.RaftServer$Division (RaftServerImpl.java:start(301)) - 36a35a51-0c22-4b27-95e9-15250fb09d2f@group-56AF847F997C: start as a follower, conf=-1: [36a35a51-0c22-4b27-95e9-15250fb09d2f|rpc:10.1.0.22:41095|priority:1], old=null
2022-05-04 03:13:34,973 [pool-304-thread-1] INFO  server.RaftServer$Division (RaftServerImpl.java:setRole(290)) - 36a35a51-0c22-4b27-95e9-15250fb09d2f@group-56AF847F997C: changes role from      null to FOLLOWER at term 0 for startAsFollower
2022-05-04 03:13:34,973 [pool-304-thread-1] INFO  impl.RoleInfo (RoleInfo.java:updateAndGet(130)) - 36a35a51-0c22-4b27-95e9-15250fb09d2f: start 36a35a51-0c22-4b27-95e9-15250fb09d2f@group-56AF847F997C-FollowerState
2022-05-04 03:13:34,979 [Command processor thread] INFO  commandhandler.CreatePipelineCommandHandler (CreatePipelineCommandHandler.java:handle(113)) - Created Pipeline RATIS THREE PipelineID=53230e0a-2780-4f9e-a939-cccc3f4e889c.
2022-05-04 03:13:34,991 [pool-304-thread-1] INFO  util.JmxRegister (JmxRegister.java:tryRegister(44)) - Successfully registered JMX Bean with object name Ratis:service=RaftServer,group=group-56AF847F997C,id=36a35a51-0c22-4b27-95e9-15250fb09d2f
2022-05-04 03:13:34,993 [Command processor thread] INFO  ratis.XceiverServerRatis (XceiverServerRatis.java:addGroup(765)) - Created group PipelineID=6d150552-0aad-4581-a11b-56af847f997c
2022-05-04 03:13:34,993 [Command processor thread] INFO  commandhandler.CreatePipelineCommandHandler (CreatePipelineCommandHandler.java:handle(113)) - Created Pipeline RATIS ONE PipelineID=6d150552-0aad-4581-a11b-56af847f997c.
2022-05-04 03:13:35,291 [Listener at 127.0.0.1/46813] INFO  ozone.MiniOzoneClusterImpl (MiniOzoneClusterImpl.java:lambda$waitForClusterToBeReady$0(221)) - Nodes are ready. Got 5 of 5 DN Heartbeats.
2022-05-04 03:13:35,291 [Listener at 127.0.0.1/46813] INFO  ozone.MiniOzoneClusterImpl (MiniOzoneClusterImpl.java:lambda$waitForClusterToBeReady$0(224)) - Waiting for cluster to exit safe mode
2022-05-04 03:13:35,291 [Listener at 127.0.0.1/46813] INFO  ozone.MiniOzoneClusterImpl (MiniOzoneClusterImpl.java:lambda$waitForClusterToBeReady$0(226)) - SCM became leader
2022-05-04 03:13:35,692 [Command processor thread] INFO  server.RaftServer (RaftServerProxy.java:addNew(95)) - 50786c60-577d-4d1d-b3bc-3dc2ae741836: addNew group-E40616D8D912:[50786c60-577d-4d1d-b3bc-3dc2ae741836|rpc:10.1.0.22:42585|priority:1] returns group-E40616D8D912:java.util.concurrent.CompletableFuture@5f31502e[Not completed]
2022-05-04 03:13:35,694 [pool-325-thread-1] INFO  server.RaftServer$Division (RaftServerImpl.java:<init>(184)) - 50786c60-577d-4d1d-b3bc-3dc2ae741836: new RaftServerImpl for group-E40616D8D912:[50786c60-577d-4d1d-b3bc-3dc2ae741836|rpc:10.1.0.22:42585|priority:1] with ContainerStateMachine:uninitialized
2022-05-04 03:13:35,694 [pool-325-thread-1] INFO  server.RaftServerConfigKeys (ConfUtils.java:logGet(44)) - raft.server.rpc.timeout.min = 5s (custom)
2022-05-04 03:13:35,694 [pool-325-thread-1] INFO  server.RaftServerConfigKeys (ConfUtils.java:logGet(44)) - raft.server.rpc.timeout.max = 5200ms (custom)
2022-05-04 03:13:35,694 [pool-325-thread-1] INFO  server.RaftServerConfigKeys (ConfUtils.java:logGet(44)) - raft.server.rpc.sleep.time = 25ms (default)
2022-05-04 03:13:35,694 [pool-325-thread-1] INFO  server.RaftServerConfigKeys (ConfUtils.java:logGet(44)) - raft.server.rpc.slowness.timeout = 300s (custom)
2022-05-04 03:13:35,694 [pool-325-thread-1] INFO  server.RaftServerConfigKeys (ConfUtils.java:logGet(44)) - raft.server.leaderelection.leader.step-down.wait-time = 10s (default)
2022-05-04 03:13:35,694 [pool-325-thread-1] INFO  server.RaftServerConfigKeys (ConfUtils.java:logGet(44)) - raft.server.sleep.deviation.threshold = 300ms (default)
2022-05-04 03:13:35,695 [pool-325-thread-1] INFO  server.RaftServerConfigKeys (ConfUtils.java:logGet(44)) - raft.server.log.appender.install.snapshot.enabled = false (custom)
2022-05-04 03:13:35,695 [pool-325-thread-1] INFO  server.RaftServer$Division (ServerState.java:<init>(105)) - 50786c60-577d-4d1d-b3bc-3dc2ae741836@group-E40616D8D912: ConfigurationManager, init=-1: [50786c60-577d-4d1d-b3bc-3dc2ae741836|rpc:10.1.0.22:42585|priority:1], old=null, confs=<EMPTY_MAP>
2022-05-04 03:13:35,695 [pool-325-thread-1] INFO  server.RaftServerConfigKeys (ConfUtils.java:logGet(44)) - raft.server.storage.dir = [/home/runner/work/ozone/ozone/hadoop-ozone/integration-test/target/test-dir/MiniOzoneClusterImpl-16b4eb12-8d22-44ef-95c0-40f9ce645855/datanode-2/data/ratis] (custom)
2022-05-04 03:13:35,695 [pool-325-thread-1] INFO  server.RaftServerConfigKeys (ConfUtils.java:logGet(44)) - raft.server.log.corruption.policy = EXCEPTION (default)
2022-05-04 03:13:35,695 [pool-325-thread-1] INFO  server.RaftServerConfigKeys (ConfUtils.java:logGet(44)) - raft.server.storage.free-space.min = 0MB (=0) (default)
2022-05-04 03:13:35,695 [pool-325-thread-1] INFO  storage.RaftStorageDirectory (RaftStorageDirectoryImpl.java:analyzeStorage(135)) - The storage directory /home/runner/work/ozone/ozone/hadoop-ozone/integration-test/target/test-dir/MiniOzoneClusterImpl-16b4eb12-8d22-44ef-95c0-40f9ce645855/datanode-2/data/ratis/8ae0934f-0f6f-426c-a274-e40616d8d912 does not exist. Creating ...
2022-05-04 03:13:35,703 [pool-325-thread-1] INFO  storage.RaftStorageDirectory (RaftStorageDirectoryImpl.java:tryLock(230)) - Lock on /home/runner/work/ozone/ozone/hadoop-ozone/integration-test/target/test-dir/MiniOzoneClusterImpl-16b4eb12-8d22-44ef-95c0-40f9ce645855/datanode-2/data/ratis/8ae0934f-0f6f-426c-a274-e40616d8d912/in_use.lock acquired by nodename 29567@fv-az270-73
2022-05-04 03:13:35,707 [pool-325-thread-1] INFO  storage.RaftStorage (RaftStorageImpl.java:format(89)) - Storage directory /home/runner/work/ozone/ozone/hadoop-ozone/integration-test/target/test-dir/MiniOzoneClusterImpl-16b4eb12-8d22-44ef-95c0-40f9ce645855/datanode-2/data/ratis/8ae0934f-0f6f-426c-a274-e40616d8d912 has been successfully formatted.
2022-05-04 03:13:35,707 [pool-325-thread-1] INFO  ratis.ContainerStateMachine (ContainerStateMachine.java:loadSnapshot(236)) - group-E40616D8D912: The snapshot info is null. Setting the last applied indexto:(t:0, i:~)
2022-05-04 03:13:35,708 [pool-325-thread-1] INFO  server.RaftServerConfigKeys (ConfUtils.java:logGet(44)) - raft.server.notification.no-leader.timeout = 300s (custom)
2022-05-04 03:13:35,708 [pool-325-thread-1] INFO  server.RaftServerConfigKeys (ConfUtils.java:logGet(44)) - raft.server.log.use.memory = false (default)
2022-05-04 03:13:35,708 [pool-325-thread-1] INFO  server.RaftServerConfigKeys (ConfUtils.java:logGet(44)) - raft.server.log.purge.gap = 1000000 (custom)
2022-05-04 03:13:35,708 [EventQueue-PipelineReportForPipelineReportHandler] INFO  pipeline.PipelineManagerImpl (PipelineManagerImpl.java:openPipeline(328)) - Pipeline Pipeline[ Id: 8ae0934f-0f6f-426c-a274-e40616d8d912, Nodes: 50786c60-577d-4d1d-b3bc-3dc2ae741836{ip: 10.1.0.22, host: fv-az270-73.tacnzluakwdehk1hpragurqkma.bx.internal.cloudapp.net, ports: [REPLICATION=38525, RATIS=42585, RATIS_ADMIN=42585, RATIS_SERVER=42585, STANDALONE=39033], networkLocation: /default-rack, certSerialId: null, persistedOpState: IN_SERVICE, persistedOpStateExpiryEpochSec: 0}, ReplicationConfig: RATIS/ONE, State:ALLOCATED, leaderId:50786c60-577d-4d1d-b3bc-3dc2ae741836, CreationTimestamp2022-05-04T03:13:32.699Z[Etc/UTC]] moved to OPEN state
2022-05-04 03:13:35,709 [EventQueue-OpenPipelineForHealthyPipelineSafeModeRule] INFO  safemode.SCMSafeModeManager (HealthyPipelineSafeModeRule.java:process(124)) - SCM in safe mode. Healthy pipelines reported count is 0, required healthy pipeline reported count is 1
2022-05-04 03:13:35,708 [pool-325-thread-1] INFO  server.RaftServerConfigKeys (ConfUtils.java:logGet(44)) - raft.server.log.appender.buffer.byte-limit = 33554432 (custom)
2022-05-04 03:13:35,710 [pool-325-thread-1] INFO  server.RaftServerConfigKeys (ConfUtils.java:logGet(44)) - raft.server.log.segment.size.max = 1048576 (custom)
2022-05-04 03:13:35,711 [pool-325-thread-1] INFO  server.RaftServerConfigKeys (ConfUtils.java:logGet(44)) - raft.server.log.segment.cache.num.max = 2 (custom)
2022-05-04 03:13:35,711 [pool-325-thread-1] INFO  server.RaftServerConfigKeys (ConfUtils.java:logGet(44)) - raft.server.log.segment.cache.size.max = 200MB (=209715200) (default)
2022-05-04 03:13:35,711 [pool-325-thread-1] INFO  segmented.SegmentedRaftLogWorker (SegmentedRaftLogWorker.java:<init>(182)) - new 50786c60-577d-4d1d-b3bc-3dc2ae741836@group-E40616D8D912-SegmentedRaftLogWorker for RaftStorageImpl:Storage Directory /home/runner/work/ozone/ozone/hadoop-ozone/integration-test/target/test-dir/MiniOzoneClusterImpl-16b4eb12-8d22-44ef-95c0-40f9ce645855/datanode-2/data/ratis/8ae0934f-0f6f-426c-a274-e40616d8d912
2022-05-04 03:13:35,711 [pool-325-thread-1] INFO  server.RaftServerConfigKeys (ConfUtils.java:logGet(44)) - raft.server.log.queue.byte-limit = 4294967296 (custom)
2022-05-04 03:13:35,711 [pool-325-thread-1] INFO  server.RaftServerConfigKeys (ConfUtils.java:logGet(44)) - raft.server.log.queue.element-limit = 1024 (custom)
2022-05-04 03:13:35,711 [pool-325-thread-1] INFO  server.RaftServerConfigKeys (ConfUtils.java:logGet(44)) - raft.server.log.segment.size.max = 1048576 (custom)
2022-05-04 03:13:35,711 [pool-325-thread-1] INFO  server.RaftServerConfigKeys (ConfUtils.java:logGet(44)) - raft.server.log.preallocated.size = 16384 (custom)
2022-05-04 03:13:35,711 [pool-325-thread-1] INFO  server.RaftServerConfigKeys (ConfUtils.java:logGet(44)) - raft.server.log.force.sync.num = 128 (default)
2022-05-04 03:13:35,711 [pool-325-thread-1] INFO  server.RaftServerConfigKeys (ConfUtils.java:logGet(44)) - raft.server.log.statemachine.data.sync = true (default)
2022-05-04 03:13:35,711 [pool-325-thread-1] INFO  server.RaftServerConfigKeys (ConfUtils.java:logGet(44)) - raft.server.log.statemachine.data.sync.timeout = 10s (default)
2022-05-04 03:13:35,711 [pool-325-thread-1] INFO  server.RaftServerConfigKeys (ConfUtils.java:logGet(44)) - raft.server.log.statemachine.data.sync.timeout.retry = -1 (default)
2022-05-04 03:13:35,712 [pool-325-thread-1] INFO  server.RaftServerConfigKeys (ConfUtils.java:logGet(44)) - raft.server.log.write.buffer.size = 1048576 (custom)
2022-05-04 03:13:35,713 [pool-325-thread-1] INFO  server.RaftServerConfigKeys (ConfUtils.java:logGet(44)) - raft.server.log.statemachine.data.caching.enabled = true (custom)
2022-05-04 03:13:35,714 [pool-325-thread-1] INFO  segmented.SegmentedRaftLogWorker (SegmentedRaftLogWorker.java:lambda$new$0(133)) - 50786c60-577d-4d1d-b3bc-3dc2ae741836@group-E40616D8D912-SegmentedRaftLogWorker: flushIndex: setUnconditionally 0 -> -1
2022-05-04 03:13:35,714 [pool-325-thread-1] INFO  segmented.SegmentedRaftLogWorker (SegmentedRaftLogWorker.java:lambda$new$0(133)) - 50786c60-577d-4d1d-b3bc-3dc2ae741836@group-E40616D8D912-SegmentedRaftLogWorker: safeCacheEvictIndex: setUnconditionally 0 -> -1
2022-05-04 03:13:35,719 [pool-325-thread-1] INFO  server.RaftServerConfigKeys (ConfUtils.java:logGet(44)) - raft.server.snapshot.auto.trigger.enabled = true (custom)
2022-05-04 03:13:35,720 [pool-325-thread-1] INFO  server.RaftServerConfigKeys (ConfUtils.java:logGet(44)) - raft.server.snapshot.auto.trigger.threshold = 10000 (custom)
2022-05-04 03:13:35,720 [pool-325-thread-1] INFO  server.RaftServerConfigKeys (ConfUtils.java:logGet(44)) - raft.server.snapshot.retention.file.num = 5 (custom)
2022-05-04 03:13:35,720 [pool-325-thread-1] INFO  server.RaftServerConfigKeys (ConfUtils.java:logGet(44)) - raft.server.log.purge.upto.snapshot.index = false (default)
2022-05-04 03:13:35,720 [pool-325-thread-1] INFO  server.RaftServerConfigKeys (ConfUtils.java:logGet(44)) - raft.server.retrycache.expirytime = 600000ms (custom)
2022-05-04 03:13:35,720 [pool-325-thread-1] INFO  server.RaftServerConfigKeys (ConfUtils.java:logGet(44)) - raft.server.retrycache.statistics.expirytime = 100μs (default)
2022-05-04 03:13:35,721 [pool-325-thread-1] INFO  server.RaftServer$Division (RaftServerImpl.java:start(301)) - 50786c60-577d-4d1d-b3bc-3dc2ae741836@group-E40616D8D912: start as a follower, conf=-1: [50786c60-577d-4d1d-b3bc-3dc2ae741836|rpc:10.1.0.22:42585|priority:1], old=null
2022-05-04 03:13:35,721 [pool-325-thread-1] INFO  server.RaftServer$Division (RaftServerImpl.java:setRole(290)) - 50786c60-577d-4d1d-b3bc-3dc2ae741836@group-E40616D8D912: changes role from      null to FOLLOWER at term 0 for startAsFollower
2022-05-04 03:13:35,721 [pool-325-thread-1] INFO  impl.RoleInfo (RoleInfo.java:updateAndGet(130)) - 50786c60-577d-4d1d-b3bc-3dc2ae741836: start 50786c60-577d-4d1d-b3bc-3dc2ae741836@group-E40616D8D912-FollowerState
2022-05-04 03:13:35,732 [pool-325-thread-1] INFO  util.JmxRegister (JmxRegister.java:tryRegister(44)) - Successfully registered JMX Bean with object name Ratis:service=RaftServer,group=group-E40616D8D912,id=50786c60-577d-4d1d-b3bc-3dc2ae741836
2022-05-04 03:13:35,736 [Command processor thread] INFO  ratis.XceiverServerRatis (XceiverServerRatis.java:addGroup(765)) - Created group PipelineID=8ae0934f-0f6f-426c-a274-e40616d8d912
2022-05-04 03:13:35,736 [Command processor thread] INFO  commandhandler.CreatePipelineCommandHandler (CreatePipelineCommandHandler.java:handle(113)) - Created Pipeline RATIS ONE PipelineID=8ae0934f-0f6f-426c-a274-e40616d8d912.
2022-05-04 03:13:36,292 [Listener at 127.0.0.1/46813] INFO  ozone.MiniOzoneClusterImpl (MiniOzoneClusterImpl.java:lambda$waitForClusterToBeReady$0(221)) - Nodes are ready. Got 5 of 5 DN Heartbeats.
2022-05-04 03:13:36,292 [Listener at 127.0.0.1/46813] INFO  ozone.MiniOzoneClusterImpl (MiniOzoneClusterImpl.java:lambda$waitForClusterToBeReady$0(224)) - Waiting for cluster to exit safe mode
2022-05-04 03:13:36,292 [Listener at 127.0.0.1/46813] INFO  ozone.MiniOzoneClusterImpl (MiniOzoneClusterImpl.java:lambda$waitForClusterToBeReady$0(226)) - SCM became leader
2022-05-04 03:13:36,628 [Command processor thread] INFO  server.RaftServer (RaftServerProxy.java:addNew(95)) - 9ace1e14-f881-4507-a05e-99749d739bd9: addNew group-D1E22DC9A524:[9ace1e14-f881-4507-a05e-99749d739bd9|rpc:10.1.0.22:36395|priority:1] returns group-D1E22DC9A524:java.util.concurrent.CompletableFuture@63791386[Not completed]
2022-05-04 03:13:36,632 [pool-346-thread-1] INFO  server.RaftServer$Division (RaftServerImpl.java:<init>(184)) - 9ace1e14-f881-4507-a05e-99749d739bd9: new RaftServerImpl for group-D1E22DC9A524:[9ace1e14-f881-4507-a05e-99749d739bd9|rpc:10.1.0.22:36395|priority:1] with ContainerStateMachine:uninitialized
2022-05-04 03:13:36,645 [pool-346-thread-1] INFO  server.RaftServerConfigKeys (ConfUtils.java:logGet(44)) - raft.server.rpc.timeout.min = 5s (custom)
2022-05-04 03:13:36,646 [pool-346-thread-1] INFO  server.RaftServerConfigKeys (ConfUtils.java:logGet(44)) - raft.server.rpc.timeout.max = 5200ms (custom)
2022-05-04 03:13:36,646 [pool-346-thread-1] INFO  server.RaftServerConfigKeys (ConfUtils.java:logGet(44)) - raft.server.rpc.sleep.time = 25ms (default)
2022-05-04 03:13:36,646 [pool-346-thread-1] INFO  server.RaftServerConfigKeys (ConfUtils.java:logGet(44)) - raft.server.rpc.slowness.timeout = 300s (custom)
2022-05-04 03:13:36,646 [pool-346-thread-1] INFO  server.RaftServerConfigKeys (ConfUtils.java:logGet(44)) - raft.server.leaderelection.leader.step-down.wait-time = 10s (default)
2022-05-04 03:13:36,646 [pool-346-thread-1] INFO  server.RaftServerConfigKeys (ConfUtils.java:logGet(44)) - raft.server.sleep.deviation.threshold = 300ms (default)
2022-05-04 03:13:36,646 [pool-346-thread-1] INFO  server.RaftServerConfigKeys (ConfUtils.java:logGet(44)) - raft.server.log.appender.install.snapshot.enabled = false (custom)
2022-05-04 03:13:36,646 [pool-346-thread-1] INFO  server.RaftServer$Division (ServerState.java:<init>(105)) - 9ace1e14-f881-4507-a05e-99749d739bd9@group-D1E22DC9A524: ConfigurationManager, init=-1: [9ace1e14-f881-4507-a05e-99749d739bd9|rpc:10.1.0.22:36395|priority:1], old=null, confs=<EMPTY_MAP>
2022-05-04 03:13:36,646 [pool-346-thread-1] INFO  server.RaftServerConfigKeys (ConfUtils.java:logGet(44)) - raft.server.storage.dir = [/home/runner/work/ozone/ozone/hadoop-ozone/integration-test/target/test-dir/MiniOzoneClusterImpl-16b4eb12-8d22-44ef-95c0-40f9ce645855/datanode-3/data/ratis] (custom)
2022-05-04 03:13:36,646 [pool-346-thread-1] INFO  server.RaftServerConfigKeys (ConfUtils.java:logGet(44)) - raft.server.log.corruption.policy = EXCEPTION (default)
2022-05-04 03:13:36,646 [pool-346-thread-1] INFO  server.RaftServerConfigKeys (ConfUtils.java:logGet(44)) - raft.server.storage.free-space.min = 0MB (=0) (default)
2022-05-04 03:13:36,646 [pool-346-thread-1] INFO  storage.RaftStorageDirectory (RaftStorageDirectoryImpl.java:analyzeStorage(135)) - The storage directory /home/runner/work/ozone/ozone/hadoop-ozone/integration-test/target/test-dir/MiniOzoneClusterImpl-16b4eb12-8d22-44ef-95c0-40f9ce645855/datanode-3/data/ratis/5a4599a4-4ad7-4fcd-85d7-d1e22dc9a524 does not exist. Creating ...
2022-05-04 03:13:36,648 [pool-346-thread-1] INFO  storage.RaftStorageDirectory (RaftStorageDirectoryImpl.java:tryLock(230)) - Lock on /home/runner/work/ozone/ozone/hadoop-ozone/integration-test/target/test-dir/MiniOzoneClusterImpl-16b4eb12-8d22-44ef-95c0-40f9ce645855/datanode-3/data/ratis/5a4599a4-4ad7-4fcd-85d7-d1e22dc9a524/in_use.lock acquired by nodename 29567@fv-az270-73
2022-05-04 03:13:36,650 [pool-346-thread-1] INFO  storage.RaftStorage (RaftStorageImpl.java:format(89)) - Storage directory /home/runner/work/ozone/ozone/hadoop-ozone/integration-test/target/test-dir/MiniOzoneClusterImpl-16b4eb12-8d22-44ef-95c0-40f9ce645855/datanode-3/data/ratis/5a4599a4-4ad7-4fcd-85d7-d1e22dc9a524 has been successfully formatted.
2022-05-04 03:13:36,651 [pool-346-thread-1] INFO  ratis.ContainerStateMachine (ContainerStateMachine.java:loadSnapshot(236)) - group-D1E22DC9A524: The snapshot info is null. Setting the last applied indexto:(t:0, i:~)
2022-05-04 03:13:36,651 [pool-346-thread-1] INFO  server.RaftServerConfigKeys (ConfUtils.java:logGet(44)) - raft.server.notification.no-leader.timeout = 300s (custom)
2022-05-04 03:13:36,651 [pool-346-thread-1] INFO  server.RaftServerConfigKeys (ConfUtils.java:logGet(44)) - raft.server.log.use.memory = false (default)
2022-05-04 03:13:36,651 [pool-346-thread-1] INFO  server.RaftServerConfigKeys (ConfUtils.java:logGet(44)) - raft.server.log.purge.gap = 1000000 (custom)
2022-05-04 03:13:36,651 [pool-346-thread-1] INFO  server.RaftServerConfigKeys (ConfUtils.java:logGet(44)) - raft.server.log.appender.buffer.byte-limit = 33554432 (custom)
2022-05-04 03:13:36,652 [pool-346-thread-1] INFO  server.RaftServerConfigKeys (ConfUtils.java:logGet(44)) - raft.server.log.segment.size.max = 1048576 (custom)
2022-05-04 03:13:36,653 [pool-346-thread-1] INFO  server.RaftServerConfigKeys (ConfUtils.java:logGet(44)) - raft.server.log.segment.cache.num.max = 2 (custom)
2022-05-04 03:13:36,653 [pool-346-thread-1] INFO  server.RaftServerConfigKeys (ConfUtils.java:logGet(44)) - raft.server.log.segment.cache.size.max = 200MB (=209715200) (default)
2022-05-04 03:13:36,653 [pool-346-thread-1] INFO  segmented.SegmentedRaftLogWorker (SegmentedRaftLogWorker.java:<init>(182)) - new 9ace1e14-f881-4507-a05e-99749d739bd9@group-D1E22DC9A524-SegmentedRaftLogWorker for RaftStorageImpl:Storage Directory /home/runner/work/ozone/ozone/hadoop-ozone/integration-test/target/test-dir/MiniOzoneClusterImpl-16b4eb12-8d22-44ef-95c0-40f9ce645855/datanode-3/data/ratis/5a4599a4-4ad7-4fcd-85d7-d1e22dc9a524
2022-05-04 03:13:36,653 [pool-346-thread-1] INFO  server.RaftServerConfigKeys (ConfUtils.java:logGet(44)) - raft.server.log.queue.byte-limit = 4294967296 (custom)
2022-05-04 03:13:36,653 [pool-346-thread-1] INFO  server.RaftServerConfigKeys (ConfUtils.java:logGet(44)) - raft.server.log.queue.element-limit = 1024 (custom)
2022-05-04 03:13:36,653 [pool-346-thread-1] INFO  server.RaftServerConfigKeys (ConfUtils.java:logGet(44)) - raft.server.log.segment.size.max = 1048576 (custom)
2022-05-04 03:13:36,653 [EventQueue-PipelineReportForPipelineReportHandler] INFO  pipeline.PipelineManagerImpl (PipelineManagerImpl.java:openPipeline(328)) - Pipeline Pipeline[ Id: 5a4599a4-4ad7-4fcd-85d7-d1e22dc9a524, Nodes: 9ace1e14-f881-4507-a05e-99749d739bd9{ip: 10.1.0.22, host: fv-az270-73.tacnzluakwdehk1hpragurqkma.bx.internal.cloudapp.net, ports: [REPLICATION=46061, RATIS=36395, RATIS_ADMIN=36395, RATIS_SERVER=36395, STANDALONE=36947], networkLocation: /default-rack, certSerialId: null, persistedOpState: IN_SERVICE, persistedOpStateExpiryEpochSec: 0}, ReplicationConfig: RATIS/ONE, State:ALLOCATED, leaderId:9ace1e14-f881-4507-a05e-99749d739bd9, CreationTimestamp2022-05-04T03:13:33.629Z[Etc/UTC]] moved to OPEN state
2022-05-04 03:13:36,653 [pool-346-thread-1] INFO  server.RaftServerConfigKeys (ConfUtils.java:logGet(44)) - raft.server.log.preallocated.size = 16384 (custom)
2022-05-04 03:13:36,653 [pool-346-thread-1] INFO  server.RaftServerConfigKeys (ConfUtils.java:logGet(44)) - raft.server.log.force.sync.num = 128 (default)
2022-05-04 03:13:36,653 [pool-346-thread-1] INFO  server.RaftServerConfigKeys (ConfUtils.java:logGet(44)) - raft.server.log.statemachine.data.sync = true (default)
2022-05-04 03:13:36,653 [pool-346-thread-1] INFO  server.RaftServerConfigKeys (ConfUtils.java:logGet(44)) - raft.server.log.statemachine.data.sync.timeout = 10s (default)
2022-05-04 03:13:36,653 [pool-346-thread-1] INFO  server.RaftServerConfigKeys (ConfUtils.java:logGet(44)) - raft.server.log.statemachine.data.sync.timeout.retry = -1 (default)
2022-05-04 03:13:36,655 [pool-346-thread-1] INFO  server.RaftServerConfigKeys (ConfUtils.java:logGet(44)) - raft.server.log.write.buffer.size = 1048576 (custom)
2022-05-04 03:13:36,655 [pool-346-thread-1] INFO  server.RaftServerConfigKeys (ConfUtils.java:logGet(44)) - raft.server.log.statemachine.data.caching.enabled = true (custom)
2022-05-04 03:13:36,655 [EventQueue-OpenPipelineForHealthyPipelineSafeModeRule] INFO  safemode.SCMSafeModeManager (HealthyPipelineSafeModeRule.java:process(124)) - SCM in safe mode. Healthy pipelines reported count is 0, required healthy pipeline reported count is 1
2022-05-04 03:13:36,655 [pool-346-thread-1] INFO  segmented.SegmentedRaftLogWorker (SegmentedRaftLogWorker.java:lambda$new$0(133)) - 9ace1e14-f881-4507-a05e-99749d739bd9@group-D1E22DC9A524-SegmentedRaftLogWorker: flushIndex: setUnconditionally 0 -> -1
2022-05-04 03:13:36,655 [pool-346-thread-1] INFO  segmented.SegmentedRaftLogWorker (SegmentedRaftLogWorker.java:lambda$new$0(133)) - 9ace1e14-f881-4507-a05e-99749d739bd9@group-D1E22DC9A524-SegmentedRaftLogWorker: safeCacheEvictIndex: setUnconditionally 0 -> -1
2022-05-04 03:13:36,674 [pool-346-thread-1] INFO  server.RaftServerConfigKeys (ConfUtils.java:logGet(44)) - raft.server.snapshot.auto.trigger.enabled = true (custom)
2022-05-04 03:13:36,674 [pool-346-thread-1] INFO  server.RaftServerConfigKeys (ConfUtils.java:logGet(44)) - raft.server.snapshot.auto.trigger.threshold = 10000 (custom)
2022-05-04 03:13:36,674 [pool-346-thread-1] INFO  server.RaftServerConfigKeys (ConfUtils.java:logGet(44)) - raft.server.snapshot.retention.file.num = 5 (custom)
2022-05-04 03:13:36,674 [pool-346-thread-1] INFO  server.RaftServerConfigKeys (ConfUtils.java:logGet(44)) - raft.server.log.purge.upto.snapshot.index = false (default)
2022-05-04 03:13:36,675 [pool-346-thread-1] INFO  server.RaftServerConfigKeys (ConfUtils.java:logGet(44)) - raft.server.retrycache.expirytime = 600000ms (custom)
2022-05-04 03:13:36,675 [pool-346-thread-1] INFO  server.RaftServerConfigKeys (ConfUtils.java:logGet(44)) - raft.server.retrycache.statistics.expirytime = 100μs (default)
2022-05-04 03:13:36,677 [pool-346-thread-1] INFO  server.RaftServer$Division (RaftServerImpl.java:start(301)) - 9ace1e14-f881-4507-a05e-99749d739bd9@group-D1E22DC9A524: start as a follower, conf=-1: [9ace1e14-f881-4507-a05e-99749d739bd9|rpc:10.1.0.22:36395|priority:1], old=null
2022-05-04 03:13:36,677 [pool-346-thread-1] INFO  server.RaftServer$Division (RaftServerImpl.java:setRole(290)) - 9ace1e14-f881-4507-a05e-99749d739bd9@group-D1E22DC9A524: changes role from      null to FOLLOWER at term 0 for startAsFollower
2022-05-04 03:13:36,677 [pool-346-thread-1] INFO  impl.RoleInfo (RoleInfo.java:updateAndGet(130)) - 9ace1e14-f881-4507-a05e-99749d739bd9: start 9ace1e14-f881-4507-a05e-99749d739bd9@group-D1E22DC9A524-FollowerState
2022-05-04 03:13:36,679 [pool-346-thread-1] INFO  util.JmxRegister (JmxRegister.java:tryRegister(44)) - Successfully registered JMX Bean with object name Ratis:service=RaftServer,group=group-D1E22DC9A524,id=9ace1e14-f881-4507-a05e-99749d739bd9
2022-05-04 03:13:36,686 [Command processor thread] INFO  ratis.XceiverServerRatis (XceiverServerRatis.java:addGroup(765)) - Created group PipelineID=5a4599a4-4ad7-4fcd-85d7-d1e22dc9a524
2022-05-04 03:13:36,686 [Command processor thread] INFO  commandhandler.CreatePipelineCommandHandler (CreatePipelineCommandHandler.java:handle(113)) - Created Pipeline RATIS ONE PipelineID=5a4599a4-4ad7-4fcd-85d7-d1e22dc9a524.
2022-05-04 03:13:37,292 [Listener at 127.0.0.1/46813] INFO  ozone.MiniOzoneClusterImpl (MiniOzoneClusterImpl.java:lambda$waitForClusterToBeReady$0(221)) - Nodes are ready. Got 5 of 5 DN Heartbeats.
2022-05-04 03:13:37,293 [Listener at 127.0.0.1/46813] INFO  ozone.MiniOzoneClusterImpl (MiniOzoneClusterImpl.java:lambda$waitForClusterToBeReady$0(224)) - Waiting for cluster to exit safe mode
2022-05-04 03:13:37,293 [Listener at 127.0.0.1/46813] INFO  ozone.MiniOzoneClusterImpl (MiniOzoneClusterImpl.java:lambda$waitForClusterToBeReady$0(226)) - SCM became leader
2022-05-04 03:13:37,323 [Command processor thread] INFO  server.RaftServer (RaftServerProxy.java:addNew(95)) - 705521b5-205e-4d49-a04d-535d0918c68b: addNew group-EADA591BAAA5:[705521b5-205e-4d49-a04d-535d0918c68b|rpc:10.1.0.22:46011|priority:1] returns group-EADA591BAAA5:java.util.concurrent.CompletableFuture@58813922[Not completed]
2022-05-04 03:13:37,330 [pool-367-thread-1] INFO  server.RaftServer$Division (RaftServerImpl.java:<init>(184)) - 705521b5-205e-4d49-a04d-535d0918c68b: new RaftServerImpl for group-EADA591BAAA5:[705521b5-205e-4d49-a04d-535d0918c68b|rpc:10.1.0.22:46011|priority:1] with ContainerStateMachine:uninitialized
2022-05-04 03:13:37,338 [pool-367-thread-1] INFO  server.RaftServerConfigKeys (ConfUtils.java:logGet(44)) - raft.server.rpc.timeout.min = 5s (custom)
2022-05-04 03:13:37,338 [pool-367-thread-1] INFO  server.RaftServerConfigKeys (ConfUtils.java:logGet(44)) - raft.server.rpc.timeout.max = 5200ms (custom)
2022-05-04 03:13:37,338 [pool-367-thread-1] INFO  server.RaftServerConfigKeys (ConfUtils.java:logGet(44)) - raft.server.rpc.sleep.time = 25ms (default)
2022-05-04 03:13:37,338 [pool-367-thread-1] INFO  server.RaftServerConfigKeys (ConfUtils.java:logGet(44)) - raft.server.rpc.slowness.timeout = 300s (custom)
2022-05-04 03:13:37,338 [pool-367-thread-1] INFO  server.RaftServerConfigKeys (ConfUtils.java:logGet(44)) - raft.server.leaderelection.leader.step-down.wait-time = 10s (default)
2022-05-04 03:13:37,338 [pool-367-thread-1] INFO  server.RaftServerConfigKeys (ConfUtils.java:logGet(44)) - raft.server.sleep.deviation.threshold = 300ms (default)
2022-05-04 03:13:37,338 [pool-367-thread-1] INFO  server.RaftServerConfigKeys (ConfUtils.java:logGet(44)) - raft.server.log.appender.install.snapshot.enabled = false (custom)
2022-05-04 03:13:37,338 [pool-367-thread-1] INFO  server.RaftServer$Division (ServerState.java:<init>(105)) - 705521b5-205e-4d49-a04d-535d0918c68b@group-EADA591BAAA5: ConfigurationManager, init=-1: [705521b5-205e-4d49-a04d-535d0918c68b|rpc:10.1.0.22:46011|priority:1], old=null, confs=<EMPTY_MAP>
2022-05-04 03:13:37,338 [pool-367-thread-1] INFO  server.RaftServerConfigKeys (ConfUtils.java:logGet(44)) - raft.server.storage.dir = [/home/runner/work/ozone/ozone/hadoop-ozone/integration-test/target/test-dir/MiniOzoneClusterImpl-16b4eb12-8d22-44ef-95c0-40f9ce645855/datanode-4/data/ratis] (custom)
2022-05-04 03:13:37,338 [pool-367-thread-1] INFO  server.RaftServerConfigKeys (ConfUtils.java:logGet(44)) - raft.server.log.corruption.policy = EXCEPTION (default)
2022-05-04 03:13:37,338 [pool-367-thread-1] INFO  server.RaftServerConfigKeys (ConfUtils.java:logGet(44)) - raft.server.storage.free-space.min = 0MB (=0) (default)
2022-05-04 03:13:37,339 [pool-367-thread-1] INFO  storage.RaftStorageDirectory (RaftStorageDirectoryImpl.java:analyzeStorage(135)) - The storage directory /home/runner/work/ozone/ozone/hadoop-ozone/integration-test/target/test-dir/MiniOzoneClusterImpl-16b4eb12-8d22-44ef-95c0-40f9ce645855/datanode-4/data/ratis/a875f5ef-7637-4a9f-9e10-eada591baaa5 does not exist. Creating ...
2022-05-04 03:13:37,340 [pool-367-thread-1] INFO  storage.RaftStorageDirectory (RaftStorageDirectoryImpl.java:tryLock(230)) - Lock on /home/runner/work/ozone/ozone/hadoop-ozone/integration-test/target/test-dir/MiniOzoneClusterImpl-16b4eb12-8d22-44ef-95c0-40f9ce645855/datanode-4/data/ratis/a875f5ef-7637-4a9f-9e10-eada591baaa5/in_use.lock acquired by nodename 29567@fv-az270-73
2022-05-04 03:13:37,342 [pool-367-thread-1] INFO  storage.RaftStorage (RaftStorageImpl.java:format(89)) - Storage directory /home/runner/work/ozone/ozone/hadoop-ozone/integration-test/target/test-dir/MiniOzoneClusterImpl-16b4eb12-8d22-44ef-95c0-40f9ce645855/datanode-4/data/ratis/a875f5ef-7637-4a9f-9e10-eada591baaa5 has been successfully formatted.
2022-05-04 03:13:37,350 [pool-367-thread-1] INFO  ratis.ContainerStateMachine (ContainerStateMachine.java:loadSnapshot(236)) - group-EADA591BAAA5: The snapshot info is null. Setting the last applied indexto:(t:0, i:~)
2022-05-04 03:13:37,350 [pool-367-thread-1] INFO  server.RaftServerConfigKeys (ConfUtils.java:logGet(44)) - raft.server.notification.no-leader.timeout = 300s (custom)
2022-05-04 03:13:37,350 [pool-367-thread-1] INFO  server.RaftServerConfigKeys (ConfUtils.java:logGet(44)) - raft.server.log.use.memory = false (default)
2022-05-04 03:13:37,350 [pool-367-thread-1] INFO  server.RaftServerConfigKeys (ConfUtils.java:logGet(44)) - raft.server.log.purge.gap = 1000000 (custom)
2022-05-04 03:13:37,350 [pool-367-thread-1] INFO  server.RaftServerConfigKeys (ConfUtils.java:logGet(44)) - raft.server.log.appender.buffer.byte-limit = 33554432 (custom)
2022-05-04 03:13:37,351 [EventQueue-PipelineReportForPipelineReportHandler] INFO  pipeline.PipelineManagerImpl (PipelineManagerImpl.java:openPipeline(328)) - Pipeline Pipeline[ Id: a875f5ef-7637-4a9f-9e10-eada591baaa5, Nodes: 705521b5-205e-4d49-a04d-535d0918c68b{ip: 10.1.0.22, host: fv-az270-73.tacnzluakwdehk1hpragurqkma.bx.internal.cloudapp.net, ports: [REPLICATION=41785, RATIS=46011, RATIS_ADMIN=46011, RATIS_SERVER=46011, STANDALONE=33061], networkLocation: /default-rack, certSerialId: null, persistedOpState: IN_SERVICE, persistedOpStateExpiryEpochSec: 0}, ReplicationConfig: RATIS/ONE, State:ALLOCATED, leaderId:705521b5-205e-4d49-a04d-535d0918c68b, CreationTimestamp2022-05-04T03:13:34.385Z[Etc/UTC]] moved to OPEN state
2022-05-04 03:13:37,352 [EventQueue-OpenPipelineForHealthyPipelineSafeModeRule] INFO  safemode.SCMSafeModeManager (HealthyPipelineSafeModeRule.java:process(124)) - SCM in safe mode. Healthy pipelines reported count is 0, required healthy pipeline reported count is 1
2022-05-04 03:13:37,352 [pool-367-thread-1] INFO  server.RaftServerConfigKeys (ConfUtils.java:logGet(44)) - raft.server.log.segment.size.max = 1048576 (custom)
2022-05-04 03:13:37,353 [pool-367-thread-1] INFO  server.RaftServerConfigKeys (ConfUtils.java:logGet(44)) - raft.server.log.segment.cache.num.max = 2 (custom)
2022-05-04 03:13:37,353 [pool-367-thread-1] INFO  server.RaftServerConfigKeys (ConfUtils.java:logGet(44)) - raft.server.log.segment.cache.size.max = 200MB (=209715200) (default)
2022-05-04 03:13:37,353 [pool-367-thread-1] INFO  segmented.SegmentedRaftLogWorker (SegmentedRaftLogWorker.java:<init>(182)) - new 705521b5-205e-4d49-a04d-535d0918c68b@group-EADA591BAAA5-SegmentedRaftLogWorker for RaftStorageImpl:Storage Directory /home/runner/work/ozone/ozone/hadoop-ozone/integration-test/target/test-dir/MiniOzoneClusterImpl-16b4eb12-8d22-44ef-95c0-40f9ce645855/datanode-4/data/ratis/a875f5ef-7637-4a9f-9e10-eada591baaa5
2022-05-04 03:13:37,353 [pool-367-thread-1] INFO  server.RaftServerConfigKeys (ConfUtils.java:logGet(44)) - raft.server.log.queue.byte-limit = 4294967296 (custom)
2022-05-04 03:13:37,353 [pool-367-thread-1] INFO  server.RaftServerConfigKeys (ConfUtils.java:logGet(44)) - raft.server.log.queue.element-limit = 1024 (custom)
2022-05-04 03:13:37,353 [pool-367-thread-1] INFO  server.RaftServerConfigKeys (ConfUtils.java:logGet(44)) - raft.server.log.segment.size.max = 1048576 (custom)
2022-05-04 03:13:37,353 [pool-367-thread-1] INFO  server.RaftServerConfigKeys (ConfUtils.java:logGet(44)) - raft.server.log.preallocated.size = 16384 (custom)
2022-05-04 03:13:37,353 [pool-367-thread-1] INFO  server.RaftServerConfigKeys (ConfUtils.java:logGet(44)) - raft.server.log.force.sync.num = 128 (default)
2022-05-04 03:13:37,353 [pool-367-thread-1] INFO  server.RaftServerConfigKeys (ConfUtils.java:logGet(44)) - raft.server.log.statemachine.data.sync = true (default)
2022-05-04 03:13:37,353 [pool-367-thread-1] INFO  server.RaftServerConfigKeys (ConfUtils.java:logGet(44)) - raft.server.log.statemachine.data.sync.timeout = 10s (default)
2022-05-04 03:13:37,353 [pool-367-thread-1] INFO  server.RaftServerConfigKeys (ConfUtils.java:logGet(44)) - raft.server.log.statemachine.data.sync.timeout.retry = -1 (default)
2022-05-04 03:13:37,363 [pool-367-thread-1] INFO  server.RaftServerConfigKeys (ConfUtils.java:logGet(44)) - raft.server.log.write.buffer.size = 1048576 (custom)
2022-05-04 03:13:37,363 [pool-367-thread-1] INFO  server.RaftServerConfigKeys (ConfUtils.java:logGet(44)) - raft.server.log.statemachine.data.caching.enabled = true (custom)
2022-05-04 03:13:37,363 [pool-367-thread-1] INFO  segmented.SegmentedRaftLogWorker (SegmentedRaftLogWorker.java:lambda$new$0(133)) - 705521b5-205e-4d49-a04d-535d0918c68b@group-EADA591BAAA5-SegmentedRaftLogWorker: flushIndex: setUnconditionally 0 -> -1
2022-05-04 03:13:37,363 [pool-367-thread-1] INFO  segmented.SegmentedRaftLogWorker (SegmentedRaftLogWorker.java:lambda$new$0(133)) - 705521b5-205e-4d49-a04d-535d0918c68b@group-EADA591BAAA5-SegmentedRaftLogWorker: safeCacheEvictIndex: setUnconditionally 0 -> -1
2022-05-04 03:13:37,370 [pool-367-thread-1] INFO  server.RaftServerConfigKeys (ConfUtils.java:logGet(44)) - raft.server.snapshot.auto.trigger.enabled = true (custom)
2022-05-04 03:13:37,370 [pool-367-thread-1] INFO  server.RaftServerConfigKeys (ConfUtils.java:logGet(44)) - raft.server.snapshot.auto.trigger.threshold = 10000 (custom)
2022-05-04 03:13:37,371 [pool-367-thread-1] INFO  server.RaftServerConfigKeys (ConfUtils.java:logGet(44)) - raft.server.snapshot.retention.file.num = 5 (custom)
2022-05-04 03:13:37,371 [pool-367-thread-1] INFO  server.RaftServerConfigKeys (ConfUtils.java:logGet(44)) - raft.server.log.purge.upto.snapshot.index = false (default)
2022-05-04 03:13:37,371 [pool-367-thread-1] INFO  server.RaftServerConfigKeys (ConfUtils.java:logGet(44)) - raft.server.retrycache.expirytime = 600000ms (custom)
2022-05-04 03:13:37,371 [pool-367-thread-1] INFO  server.RaftServerConfigKeys (ConfUtils.java:logGet(44)) - raft.server.retrycache.statistics.expirytime = 100μs (default)
2022-05-04 03:13:37,372 [pool-367-thread-1] INFO  server.RaftServer$Division (RaftServerImpl.java:start(301)) - 705521b5-205e-4d49-a04d-535d0918c68b@group-EADA591BAAA5: start as a follower, conf=-1: [705521b5-205e-4d49-a04d-535d0918c68b|rpc:10.1.0.22:46011|priority:1], old=null
2022-05-04 03:13:37,372 [pool-367-thread-1] INFO  server.RaftServer$Division (RaftServerImpl.java:setRole(290)) - 705521b5-205e-4d49-a04d-535d0918c68b@group-EADA591BAAA5: changes role from      null to FOLLOWER at term 0 for startAsFollower
2022-05-04 03:13:37,372 [pool-367-thread-1] INFO  impl.RoleInfo (RoleInfo.java:updateAndGet(130)) - 705521b5-205e-4d49-a04d-535d0918c68b: start 705521b5-205e-4d49-a04d-535d0918c68b@group-EADA591BAAA5-FollowerState
2022-05-04 03:13:37,378 [pool-367-thread-1] INFO  util.JmxRegister (JmxRegister.java:tryRegister(44)) - Successfully registered JMX Bean with object name Ratis:service=RaftServer,group=group-EADA591BAAA5,id=705521b5-205e-4d49-a04d-535d0918c68b
2022-05-04 03:13:37,398 [Command processor thread] INFO  ratis.XceiverServerRatis (XceiverServerRatis.java:addGroup(765)) - Created group PipelineID=a875f5ef-7637-4a9f-9e10-eada591baaa5
2022-05-04 03:13:37,398 [Command processor thread] INFO  commandhandler.CreatePipelineCommandHandler (CreatePipelineCommandHandler.java:handle(113)) - Created Pipeline RATIS ONE PipelineID=a875f5ef-7637-4a9f-9e10-eada591baaa5.
2022-05-04 03:13:38,293 [Listener at 127.0.0.1/46813] INFO  ozone.MiniOzoneClusterImpl (MiniOzoneClusterImpl.java:lambda$waitForClusterToBeReady$0(221)) - Nodes are ready. Got 5 of 5 DN Heartbeats.
2022-05-04 03:13:38,294 [Listener at 127.0.0.1/46813] INFO  ozone.MiniOzoneClusterImpl (MiniOzoneClusterImpl.java:lambda$waitForClusterToBeReady$0(224)) - Waiting for cluster to exit safe mode
2022-05-04 03:13:38,294 [Listener at 127.0.0.1/46813] INFO  ozone.MiniOzoneClusterImpl (MiniOzoneClusterImpl.java:lambda$waitForClusterToBeReady$0(226)) - SCM became leader
2022-05-04 03:13:39,294 [Listener at 127.0.0.1/46813] INFO  ozone.MiniOzoneClusterImpl (MiniOzoneClusterImpl.java:lambda$waitForClusterToBeReady$0(221)) - Nodes are ready. Got 5 of 5 DN Heartbeats.
2022-05-04 03:13:39,294 [Listener at 127.0.0.1/46813] INFO  ozone.MiniOzoneClusterImpl (MiniOzoneClusterImpl.java:lambda$waitForClusterToBeReady$0(224)) - Waiting for cluster to exit safe mode
2022-05-04 03:13:39,294 [Listener at 127.0.0.1/46813] INFO  ozone.MiniOzoneClusterImpl (MiniOzoneClusterImpl.java:lambda$waitForClusterToBeReady$0(226)) - SCM became leader
2022-05-04 03:13:39,400 [3d91fce6-fc2e-4974-9eab-0da46cd4cdf8@group-81DEFD7E8ED5-FollowerState] INFO  impl.FollowerState (FollowerState.java:run(134)) - 3d91fce6-fc2e-4974-9eab-0da46cd4cdf8@group-81DEFD7E8ED5-FollowerState: change to CANDIDATE, lastRpcElapsedTime:5191519215ns, electionTimeout:5157ms
2022-05-04 03:13:39,400 [3d91fce6-fc2e-4974-9eab-0da46cd4cdf8@group-81DEFD7E8ED5-FollowerState] INFO  impl.RoleInfo (RoleInfo.java:shutdownFollowerState(108)) - 3d91fce6-fc2e-4974-9eab-0da46cd4cdf8: shutdown 3d91fce6-fc2e-4974-9eab-0da46cd4cdf8@group-81DEFD7E8ED5-FollowerState
2022-05-04 03:13:39,400 [3d91fce6-fc2e-4974-9eab-0da46cd4cdf8@group-81DEFD7E8ED5-FollowerState] INFO  server.RaftServer$Division (RaftServerImpl.java:setRole(290)) - 3d91fce6-fc2e-4974-9eab-0da46cd4cdf8@group-81DEFD7E8ED5: changes role from  FOLLOWER to CANDIDATE at term 0 for changeToCandidate
2022-05-04 03:13:39,401 [3d91fce6-fc2e-4974-9eab-0da46cd4cdf8@group-81DEFD7E8ED5-FollowerState] INFO  server.RaftServerConfigKeys (ConfUtils.java:logGet(44)) - raft.server.leaderelection.pre-vote = false (custom)
2022-05-04 03:13:39,401 [3d91fce6-fc2e-4974-9eab-0da46cd4cdf8@group-81DEFD7E8ED5-FollowerState] INFO  impl.RoleInfo (RoleInfo.java:updateAndGet(130)) - 3d91fce6-fc2e-4974-9eab-0da46cd4cdf8: start 3d91fce6-fc2e-4974-9eab-0da46cd4cdf8@group-81DEFD7E8ED5-LeaderElection16
2022-05-04 03:13:39,417 [3d91fce6-fc2e-4974-9eab-0da46cd4cdf8@group-81DEFD7E8ED5-LeaderElection16] INFO  impl.LeaderElection (LeaderElection.java:askForVotes(306)) - 3d91fce6-fc2e-4974-9eab-0da46cd4cdf8@group-81DEFD7E8ED5-LeaderElection16 ELECTION round 0: submit vote requests at term 1 for -1: [3d91fce6-fc2e-4974-9eab-0da46cd4cdf8|rpc:10.1.0.22:40237|priority:1], old=null
2022-05-04 03:13:39,417 [3d91fce6-fc2e-4974-9eab-0da46cd4cdf8@group-81DEFD7E8ED5-LeaderElection16] INFO  impl.LeaderElection (LeaderElection.java:askForVotes(308)) - 3d91fce6-fc2e-4974-9eab-0da46cd4cdf8@group-81DEFD7E8ED5-LeaderElection16 ELECTION round 0: result PASSED (term=1)
2022-05-04 03:13:39,417 [3d91fce6-fc2e-4974-9eab-0da46cd4cdf8@group-81DEFD7E8ED5-LeaderElection16] INFO  impl.RoleInfo (RoleInfo.java:shutdownLeaderElection(121)) - 3d91fce6-fc2e-4974-9eab-0da46cd4cdf8: shutdown 3d91fce6-fc2e-4974-9eab-0da46cd4cdf8@group-81DEFD7E8ED5-LeaderElection16
2022-05-04 03:13:39,417 [3d91fce6-fc2e-4974-9eab-0da46cd4cdf8@group-81DEFD7E8ED5-LeaderElection16] INFO  server.RaftServer$Division (RaftServerImpl.java:setRole(290)) - 3d91fce6-fc2e-4974-9eab-0da46cd4cdf8@group-81DEFD7E8ED5: changes role from CANDIDATE to LEADER at term 1 for changeToLeader
2022-05-04 03:13:39,417 [3d91fce6-fc2e-4974-9eab-0da46cd4cdf8@group-81DEFD7E8ED5-LeaderElection16] INFO  ratis.XceiverServerRatis (XceiverServerRatis.java:handleLeaderChangedNotification(863)) - Leader change notification received for group: group-81DEFD7E8ED5 with new leaderId: 3d91fce6-fc2e-4974-9eab-0da46cd4cdf8
2022-05-04 03:13:39,418 [3d91fce6-fc2e-4974-9eab-0da46cd4cdf8@group-81DEFD7E8ED5-LeaderElection16] INFO  server.RaftServer$Division (ServerState.java:setLeader(285)) - 3d91fce6-fc2e-4974-9eab-0da46cd4cdf8@group-81DEFD7E8ED5: change Leader from null to 3d91fce6-fc2e-4974-9eab-0da46cd4cdf8 at term 1 for becomeLeader, leader elected after 5218ms
2022-05-04 03:13:39,418 [3d91fce6-fc2e-4974-9eab-0da46cd4cdf8@group-81DEFD7E8ED5-LeaderElection16] INFO  server.RaftServerConfigKeys (ConfUtils.java:logGet(44)) - raft.server.staging.catchup.gap = 1000 (default)
2022-05-04 03:13:39,419 [EventQueue-OpenPipelineForHealthyPipelineSafeModeRule] INFO  safemode.SCMSafeModeManager (HealthyPipelineSafeModeRule.java:process(124)) - SCM in safe mode. Healthy pipelines reported count is 0, required healthy pipeline reported count is 1
2022-05-04 03:13:39,422 [3d91fce6-fc2e-4974-9eab-0da46cd4cdf8@group-81DEFD7E8ED5-LeaderElection16] INFO  server.RaftServerConfigKeys (ConfUtils.java:logGet(44)) - raft.server.write.element-limit = 1024 (custom)
2022-05-04 03:13:39,422 [3d91fce6-fc2e-4974-9eab-0da46cd4cdf8@group-81DEFD7E8ED5-LeaderElection16] INFO  server.RaftServerConfigKeys (ConfUtils.java:logGet(44)) - raft.server.write.byte-limit = 1024 M (=1073741824) (custom)
2022-05-04 03:13:39,422 [3d91fce6-fc2e-4974-9eab-0da46cd4cdf8@group-81DEFD7E8ED5-LeaderElection16] INFO  server.RaftServerConfigKeys (ConfUtils.java:logGet(44)) - raft.server.watch.timeout = 180s (custom)
2022-05-04 03:13:39,422 [3d91fce6-fc2e-4974-9eab-0da46cd4cdf8@group-81DEFD7E8ED5-LeaderElection16] INFO  server.RaftServerConfigKeys (ConfUtils.java:logGet(44)) - raft.server.watch.timeout.denomination = 1s (default)
2022-05-04 03:13:39,422 [3d91fce6-fc2e-4974-9eab-0da46cd4cdf8@group-81DEFD7E8ED5-LeaderElection16] INFO  server.RaftServerConfigKeys (ConfUtils.java:logGet(44)) - raft.server.watch.element-limit = 65536 (default)
2022-05-04 03:13:39,423 [3d91fce6-fc2e-4974-9eab-0da46cd4cdf8@group-81DEFD7E8ED5-LeaderElection16] INFO  server.RaftServerConfigKeys (ConfUtils.java:logGet(44)) - raft.server.write.element-limit = 1024 (custom)
2022-05-04 03:13:39,423 [3d91fce6-fc2e-4974-9eab-0da46cd4cdf8@group-81DEFD7E8ED5-LeaderElection16] INFO  server.RaftServerConfigKeys (ConfUtils.java:logGet(44)) - raft.server.write.follower.gap.ratio.max = -1.0 (default)
2022-05-04 03:13:39,423 [3d91fce6-fc2e-4974-9eab-0da46cd4cdf8@group-81DEFD7E8ED5-LeaderElection16] INFO  impl.RoleInfo (RoleInfo.java:updateAndGet(130)) - 3d91fce6-fc2e-4974-9eab-0da46cd4cdf8: start 3d91fce6-fc2e-4974-9eab-0da46cd4cdf8@group-81DEFD7E8ED5-LeaderStateImpl
2022-05-04 03:13:39,423 [3d91fce6-fc2e-4974-9eab-0da46cd4cdf8@group-81DEFD7E8ED5-LeaderElection16] INFO  segmented.SegmentedRaftLogWorker (SegmentedRaftLogWorker.java:startLogSegment(394)) - 3d91fce6-fc2e-4974-9eab-0da46cd4cdf8@group-81DEFD7E8ED5-SegmentedRaftLogWorker: Starting segment from index:0
2022-05-04 03:13:39,428 [3d91fce6-fc2e-4974-9eab-0da46cd4cdf8@group-81DEFD7E8ED5-SegmentedRaftLogWorker] INFO  segmented.SegmentedRaftLogWorker (SegmentedRaftLogWorker.java:execute(601)) - 3d91fce6-fc2e-4974-9eab-0da46cd4cdf8@group-81DEFD7E8ED5-SegmentedRaftLogWorker: created new log segment /home/runner/work/ozone/ozone/hadoop-ozone/integration-test/target/test-dir/MiniOzoneClusterImpl-16b4eb12-8d22-44ef-95c0-40f9ce645855/datanode-0/data/ratis/7b1ebc71-1924-4f77-9e9f-81defd7e8ed5/current/log_inprogress_0
2022-05-04 03:13:39,437 [3d91fce6-fc2e-4974-9eab-0da46cd4cdf8@group-81DEFD7E8ED5-LeaderElection16] INFO  server.RaftServer$Division (ServerState.java:setRaftConf(387)) - 3d91fce6-fc2e-4974-9eab-0da46cd4cdf8@group-81DEFD7E8ED5: set configuration 0: [3d91fce6-fc2e-4974-9eab-0da46cd4cdf8|rpc:10.1.0.22:40237|dataStream:|priority:1], old=null
2022-05-04 03:13:39,462 [3d91fce6-fc2e-4974-9eab-0da46cd4cdf8@group-6F26DEE77B20-FollowerState] INFO  impl.FollowerState (FollowerState.java:run(134)) - 3d91fce6-fc2e-4974-9eab-0da46cd4cdf8@group-6F26DEE77B20-FollowerState: change to CANDIDATE, lastRpcElapsedTime:5142260504ns, electionTimeout:5141ms
2022-05-04 03:13:39,463 [3d91fce6-fc2e-4974-9eab-0da46cd4cdf8@group-6F26DEE77B20-FollowerState] INFO  impl.RoleInfo (RoleInfo.java:shutdownFollowerState(108)) - 3d91fce6-fc2e-4974-9eab-0da46cd4cdf8: shutdown 3d91fce6-fc2e-4974-9eab-0da46cd4cdf8@group-6F26DEE77B20-FollowerState
2022-05-04 03:13:39,463 [3d91fce6-fc2e-4974-9eab-0da46cd4cdf8@group-6F26DEE77B20-FollowerState] INFO  server.RaftServer$Division (RaftServerImpl.java:setRole(290)) - 3d91fce6-fc2e-4974-9eab-0da46cd4cdf8@group-6F26DEE77B20: changes role from  FOLLOWER to CANDIDATE at term 0 for changeToCandidate
2022-05-04 03:13:39,463 [3d91fce6-fc2e-4974-9eab-0da46cd4cdf8@group-6F26DEE77B20-FollowerState] INFO  server.RaftServerConfigKeys (ConfUtils.java:logGet(44)) - raft.server.leaderelection.pre-vote = false (custom)
2022-05-04 03:13:39,463 [3d91fce6-fc2e-4974-9eab-0da46cd4cdf8@group-6F26DEE77B20-FollowerState] INFO  impl.RoleInfo (RoleInfo.java:updateAndGet(130)) - 3d91fce6-fc2e-4974-9eab-0da46cd4cdf8: start 3d91fce6-fc2e-4974-9eab-0da46cd4cdf8@group-6F26DEE77B20-LeaderElection17
2022-05-04 03:13:39,483 [3d91fce6-fc2e-4974-9eab-0da46cd4cdf8@group-6F26DEE77B20-LeaderElection17] INFO  impl.LeaderElection (LeaderElection.java:askForVotes(306)) - 3d91fce6-fc2e-4974-9eab-0da46cd4cdf8@group-6F26DEE77B20-LeaderElection17 ELECTION round 0: submit vote requests at term 1 for -1: [50786c60-577d-4d1d-b3bc-3dc2ae741836|rpc:10.1.0.22:42585|priority:0, 36a35a51-0c22-4b27-95e9-15250fb09d2f|rpc:10.1.0.22:41095|priority:1, 3d91fce6-fc2e-4974-9eab-0da46cd4cdf8|rpc:10.1.0.22:40237|priority:0], old=null
2022-05-04 03:13:39,536 [grpc-default-executor-0] INFO  server.RaftServer$Division (RaftServerImpl.java:requestVote(1046)) - 50786c60-577d-4d1d-b3bc-3dc2ae741836@group-6F26DEE77B20: receive requestVote(ELECTION, 3d91fce6-fc2e-4974-9eab-0da46cd4cdf8, group-6F26DEE77B20, 1, (t:0, i:0))
2022-05-04 03:13:39,536 [grpc-default-executor-0] INFO  impl.VoteContext (VoteContext.java:log(48)) - 50786c60-577d-4d1d-b3bc-3dc2ae741836@group-6F26DEE77B20-FOLLOWER: accept ELECTION from 3d91fce6-fc2e-4974-9eab-0da46cd4cdf8: our priority 0 <= candidate's priority 0
2022-05-04 03:13:39,536 [grpc-default-executor-0] INFO  server.RaftServer$Division (RaftServerImpl.java:setRole(290)) - 50786c60-577d-4d1d-b3bc-3dc2ae741836@group-6F26DEE77B20: changes role from  FOLLOWER to FOLLOWER at term 1 for candidate:3d91fce6-fc2e-4974-9eab-0da46cd4cdf8
2022-05-04 03:13:39,536 [grpc-default-executor-0] INFO  impl.RoleInfo (RoleInfo.java:shutdownFollowerState(108)) - 50786c60-577d-4d1d-b3bc-3dc2ae741836: shutdown 50786c60-577d-4d1d-b3bc-3dc2ae741836@group-6F26DEE77B20-FollowerState
2022-05-04 03:13:39,536 [grpc-default-executor-0] INFO  impl.RoleInfo (RoleInfo.java:updateAndGet(130)) - 50786c60-577d-4d1d-b3bc-3dc2ae741836: start 50786c60-577d-4d1d-b3bc-3dc2ae741836@group-6F26DEE77B20-FollowerState
2022-05-04 03:13:39,536 [50786c60-577d-4d1d-b3bc-3dc2ae741836@group-6F26DEE77B20-FollowerState] INFO  impl.FollowerState (FollowerState.java:run(143)) - 50786c60-577d-4d1d-b3bc-3dc2ae741836@group-6F26DEE77B20-FollowerState was interrupted: {}
java.lang.InterruptedException: sleep interrupted
	at java.lang.Thread.sleep(Native Method)
	at java.lang.Thread.sleep(Thread.java:342)
	at java.util.concurrent.TimeUnit.sleep(TimeUnit.java:386)
	at org.apache.ratis.util.TimeDuration.sleep(TimeDuration.java:324)
	at org.apache.ratis.util.TimeDuration.sleep(TimeDuration.java:309)
	at org.apache.ratis.server.impl.FollowerState.run(FollowerState.java:118)
2022-05-04 03:13:39,548 [grpc-default-executor-0] INFO  server.RaftServer$Division (RaftServerImpl.java:requestVote(1078)) - 50786c60-577d-4d1d-b3bc-3dc2ae741836@group-6F26DEE77B20 replies to ELECTION vote request: 3d91fce6-fc2e-4974-9eab-0da46cd4cdf8<-50786c60-577d-4d1d-b3bc-3dc2ae741836#0:OK-t1. Peer's state: 50786c60-577d-4d1d-b3bc-3dc2ae741836@group-6F26DEE77B20:t1, leader=null, voted=3d91fce6-fc2e-4974-9eab-0da46cd4cdf8, raftlog=50786c60-577d-4d1d-b3bc-3dc2ae741836@group-6F26DEE77B20-SegmentedRaftLog:OPENED:c-1, conf=-1: [50786c60-577d-4d1d-b3bc-3dc2ae741836|rpc:10.1.0.22:42585|dataStream:|priority:0, 36a35a51-0c22-4b27-95e9-15250fb09d2f|rpc:10.1.0.22:41095|dataStream:|priority:1, 3d91fce6-fc2e-4974-9eab-0da46cd4cdf8|rpc:10.1.0.22:40237|dataStream:|priority:0], old=null
2022-05-04 03:13:39,570 [grpc-default-executor-0] INFO  server.RaftServer$Division (RaftServerImpl.java:requestVote(1046)) - 36a35a51-0c22-4b27-95e9-15250fb09d2f@group-6F26DEE77B20: receive requestVote(ELECTION, 3d91fce6-fc2e-4974-9eab-0da46cd4cdf8, group-6F26DEE77B20, 1, (t:0, i:0))
2022-05-04 03:13:39,570 [grpc-default-executor-0] INFO  impl.VoteContext (VoteContext.java:log(48)) - 36a35a51-0c22-4b27-95e9-15250fb09d2f@group-6F26DEE77B20-FOLLOWER: reject ELECTION from 3d91fce6-fc2e-4974-9eab-0da46cd4cdf8: our priority 1 > candidate's priority 0
2022-05-04 03:13:39,571 [grpc-default-executor-0] INFO  server.RaftServer$Division (RaftServerImpl.java:setRole(290)) - 36a35a51-0c22-4b27-95e9-15250fb09d2f@group-6F26DEE77B20: changes role from  FOLLOWER to FOLLOWER at term 1 for candidate:3d91fce6-fc2e-4974-9eab-0da46cd4cdf8
2022-05-04 03:13:39,571 [grpc-default-executor-0] INFO  impl.RoleInfo (RoleInfo.java:shutdownFollowerState(108)) - 36a35a51-0c22-4b27-95e9-15250fb09d2f: shutdown 36a35a51-0c22-4b27-95e9-15250fb09d2f@group-6F26DEE77B20-FollowerState
2022-05-04 03:13:39,571 [grpc-default-executor-0] INFO  impl.RoleInfo (RoleInfo.java:updateAndGet(130)) - 36a35a51-0c22-4b27-95e9-15250fb09d2f: start 36a35a51-0c22-4b27-95e9-15250fb09d2f@group-6F26DEE77B20-FollowerState
2022-05-04 03:13:39,571 [36a35a51-0c22-4b27-95e9-15250fb09d2f@group-6F26DEE77B20-FollowerState] INFO  impl.FollowerState (FollowerState.java:run(143)) - 36a35a51-0c22-4b27-95e9-15250fb09d2f@group-6F26DEE77B20-FollowerState was interrupted: {}
java.lang.InterruptedException: sleep interrupted
	at java.lang.Thread.sleep(Native Method)
	at java.lang.Thread.sleep(Thread.java:342)
	at java.util.concurrent.TimeUnit.sleep(TimeUnit.java:386)
	at org.apache.ratis.util.TimeDuration.sleep(TimeDuration.java:324)
	at org.apache.ratis.util.TimeDuration.sleep(TimeDuration.java:309)
	at org.apache.ratis.server.impl.FollowerState.run(FollowerState.java:118)
2022-05-04 03:13:39,589 [grpc-default-executor-0] INFO  server.RaftServer$Division (RaftServerImpl.java:requestVote(1078)) - 36a35a51-0c22-4b27-95e9-15250fb09d2f@group-6F26DEE77B20 replies to ELECTION vote request: 3d91fce6-fc2e-4974-9eab-0da46cd4cdf8<-36a35a51-0c22-4b27-95e9-15250fb09d2f#0:FAIL-t1. Peer's state: 36a35a51-0c22-4b27-95e9-15250fb09d2f@group-6F26DEE77B20:t1, leader=null, voted=null, raftlog=36a35a51-0c22-4b27-95e9-15250fb09d2f@group-6F26DEE77B20-SegmentedRaftLog:OPENED:c-1, conf=-1: [50786c60-577d-4d1d-b3bc-3dc2ae741836|rpc:10.1.0.22:42585|dataStream:|priority:0, 36a35a51-0c22-4b27-95e9-15250fb09d2f|rpc:10.1.0.22:41095|dataStream:|priority:1, 3d91fce6-fc2e-4974-9eab-0da46cd4cdf8|rpc:10.1.0.22:40237|dataStream:|priority:0], old=null
2022-05-04 03:13:39,590 [3d91fce6-fc2e-4974-9eab-0da46cd4cdf8@group-6F26DEE77B20-LeaderElection17] INFO  impl.LeaderElection (LeaderElection.java:logAndReturn(89)) - 3d91fce6-fc2e-4974-9eab-0da46cd4cdf8@group-6F26DEE77B20-LeaderElection17: ELECTION REJECTED received 2 response(s) and 0 exception(s):
2022-05-04 03:13:39,590 [3d91fce6-fc2e-4974-9eab-0da46cd4cdf8@group-6F26DEE77B20-LeaderElection17] INFO  impl.LeaderElection (LeaderElection.java:logAndReturn(93)) -   Response 0: 3d91fce6-fc2e-4974-9eab-0da46cd4cdf8<-50786c60-577d-4d1d-b3bc-3dc2ae741836#0:OK-t1
2022-05-04 03:13:39,590 [3d91fce6-fc2e-4974-9eab-0da46cd4cdf8@group-6F26DEE77B20-LeaderElection17] INFO  impl.LeaderElection (LeaderElection.java:logAndReturn(93)) -   Response 1: 3d91fce6-fc2e-4974-9eab-0da46cd4cdf8<-36a35a51-0c22-4b27-95e9-15250fb09d2f#0:FAIL-t1
2022-05-04 03:13:39,591 [3d91fce6-fc2e-4974-9eab-0da46cd4cdf8@group-6F26DEE77B20-LeaderElection17] INFO  impl.LeaderElection (LeaderElection.java:askForVotes(308)) - 3d91fce6-fc2e-4974-9eab-0da46cd4cdf8@group-6F26DEE77B20-LeaderElection17 ELECTION round 0: result REJECTED
2022-05-04 03:13:39,591 [3d91fce6-fc2e-4974-9eab-0da46cd4cdf8@group-6F26DEE77B20-LeaderElection17] INFO  server.RaftServer$Division (RaftServerImpl.java:setRole(290)) - 3d91fce6-fc2e-4974-9eab-0da46cd4cdf8@group-6F26DEE77B20: changes role from CANDIDATE to FOLLOWER at term 1 for REJECTED
2022-05-04 03:13:39,591 [3d91fce6-fc2e-4974-9eab-0da46cd4cdf8@group-6F26DEE77B20-LeaderElection17] INFO  impl.RoleInfo (RoleInfo.java:shutdownLeaderElection(121)) - 3d91fce6-fc2e-4974-9eab-0da46cd4cdf8: shutdown 3d91fce6-fc2e-4974-9eab-0da46cd4cdf8@group-6F26DEE77B20-LeaderElection17
2022-05-04 03:13:39,591 [3d91fce6-fc2e-4974-9eab-0da46cd4cdf8@group-6F26DEE77B20-LeaderElection17] INFO  impl.RoleInfo (RoleInfo.java:updateAndGet(130)) - 3d91fce6-fc2e-4974-9eab-0da46cd4cdf8: start 3d91fce6-fc2e-4974-9eab-0da46cd4cdf8@group-6F26DEE77B20-FollowerState
2022-05-04 03:13:39,825 [3d91fce6-fc2e-4974-9eab-0da46cd4cdf8@group-CCCC3F4E889C-FollowerState] INFO  impl.FollowerState (FollowerState.java:run(134)) - 3d91fce6-fc2e-4974-9eab-0da46cd4cdf8@group-CCCC3F4E889C-FollowerState: change to CANDIDATE, lastRpcElapsedTime:5127388644ns, electionTimeout:5126ms
2022-05-04 03:13:39,826 [3d91fce6-fc2e-4974-9eab-0da46cd4cdf8@group-CCCC3F4E889C-FollowerState] INFO  impl.RoleInfo (RoleInfo.java:shutdownFollowerState(108)) - 3d91fce6-fc2e-4974-9eab-0da46cd4cdf8: shutdown 3d91fce6-fc2e-4974-9eab-0da46cd4cdf8@group-CCCC3F4E889C-FollowerState
2022-05-04 03:13:39,826 [3d91fce6-fc2e-4974-9eab-0da46cd4cdf8@group-CCCC3F4E889C-FollowerState] INFO  server.RaftServer$Division (RaftServerImpl.java:setRole(290)) - 3d91fce6-fc2e-4974-9eab-0da46cd4cdf8@group-CCCC3F4E889C: changes role from  FOLLOWER to CANDIDATE at term 0 for changeToCandidate
2022-05-04 03:13:39,826 [3d91fce6-fc2e-4974-9eab-0da46cd4cdf8@group-CCCC3F4E889C-FollowerState] INFO  server.RaftServerConfigKeys (ConfUtils.java:logGet(44)) - raft.server.leaderelection.pre-vote = false (custom)
2022-05-04 03:13:39,826 [3d91fce6-fc2e-4974-9eab-0da46cd4cdf8@group-CCCC3F4E889C-FollowerState] INFO  impl.RoleInfo (RoleInfo.java:updateAndGet(130)) - 3d91fce6-fc2e-4974-9eab-0da46cd4cdf8: start 3d91fce6-fc2e-4974-9eab-0da46cd4cdf8@group-CCCC3F4E889C-LeaderElection18
2022-05-04 03:13:39,844 [3d91fce6-fc2e-4974-9eab-0da46cd4cdf8@group-CCCC3F4E889C-LeaderElection18] INFO  impl.LeaderElection (LeaderElection.java:askForVotes(306)) - 3d91fce6-fc2e-4974-9eab-0da46cd4cdf8@group-CCCC3F4E889C-LeaderElection18 ELECTION round 0: submit vote requests at term 1 for -1: [50786c60-577d-4d1d-b3bc-3dc2ae741836|rpc:10.1.0.22:42585|priority:1, 36a35a51-0c22-4b27-95e9-15250fb09d2f|rpc:10.1.0.22:41095|priority:0, 3d91fce6-fc2e-4974-9eab-0da46cd4cdf8|rpc:10.1.0.22:40237|priority:0], old=null
2022-05-04 03:13:39,863 [grpc-default-executor-0] INFO  server.RaftServer$Division (RaftServerImpl.java:requestVote(1046)) - 50786c60-577d-4d1d-b3bc-3dc2ae741836@group-CCCC3F4E889C: receive requestVote(ELECTION, 3d91fce6-fc2e-4974-9eab-0da46cd4cdf8, group-CCCC3F4E889C, 1, (t:0, i:0))
2022-05-04 03:13:39,863 [grpc-default-executor-0] INFO  impl.VoteContext (VoteContext.java:log(48)) - 50786c60-577d-4d1d-b3bc-3dc2ae741836@group-CCCC3F4E889C-FOLLOWER: reject ELECTION from 3d91fce6-fc2e-4974-9eab-0da46cd4cdf8: our priority 1 > candidate's priority 0
2022-05-04 03:13:39,863 [grpc-default-executor-0] INFO  server.RaftServer$Division (RaftServerImpl.java:setRole(290)) - 50786c60-577d-4d1d-b3bc-3dc2ae741836@group-CCCC3F4E889C: changes role from  FOLLOWER to FOLLOWER at term 1 for candidate:3d91fce6-fc2e-4974-9eab-0da46cd4cdf8
2022-05-04 03:13:39,863 [grpc-default-executor-0] INFO  impl.RoleInfo (RoleInfo.java:shutdownFollowerState(108)) - 50786c60-577d-4d1d-b3bc-3dc2ae741836: shutdown 50786c60-577d-4d1d-b3bc-3dc2ae741836@group-CCCC3F4E889C-FollowerState
2022-05-04 03:13:39,863 [grpc-default-executor-0] INFO  impl.RoleInfo (RoleInfo.java:updateAndGet(130)) - 50786c60-577d-4d1d-b3bc-3dc2ae741836: start 50786c60-577d-4d1d-b3bc-3dc2ae741836@group-CCCC3F4E889C-FollowerState
2022-05-04 03:13:39,863 [50786c60-577d-4d1d-b3bc-3dc2ae741836@group-CCCC3F4E889C-FollowerState] INFO  impl.FollowerState (FollowerState.java:run(143)) - 50786c60-577d-4d1d-b3bc-3dc2ae741836@group-CCCC3F4E889C-FollowerState was interrupted: {}
java.lang.InterruptedException: sleep interrupted
	at java.lang.Thread.sleep(Native Method)
	at java.lang.Thread.sleep(Thread.java:342)
	at java.util.concurrent.TimeUnit.sleep(TimeUnit.java:386)
	at org.apache.ratis.util.TimeDuration.sleep(TimeDuration.java:324)
	at org.apache.ratis.util.TimeDuration.sleep(TimeDuration.java:309)
	at org.apache.ratis.server.impl.FollowerState.run(FollowerState.java:118)
2022-05-04 03:13:39,871 [grpc-default-executor-0] INFO  server.RaftServer$Division (RaftServerImpl.java:requestVote(1078)) - 50786c60-577d-4d1d-b3bc-3dc2ae741836@group-CCCC3F4E889C replies to ELECTION vote request: 3d91fce6-fc2e-4974-9eab-0da46cd4cdf8<-50786c60-577d-4d1d-b3bc-3dc2ae741836#0:FAIL-t1. Peer's state: 50786c60-577d-4d1d-b3bc-3dc2ae741836@group-CCCC3F4E889C:t1, leader=null, voted=null, raftlog=50786c60-577d-4d1d-b3bc-3dc2ae741836@group-CCCC3F4E889C-SegmentedRaftLog:OPENED:c-1, conf=-1: [50786c60-577d-4d1d-b3bc-3dc2ae741836|rpc:10.1.0.22:42585|dataStream:|priority:1, 36a35a51-0c22-4b27-95e9-15250fb09d2f|rpc:10.1.0.22:41095|dataStream:|priority:0, 3d91fce6-fc2e-4974-9eab-0da46cd4cdf8|rpc:10.1.0.22:40237|dataStream:|priority:0], old=null
2022-05-04 03:13:39,877 [3d91fce6-fc2e-4974-9eab-0da46cd4cdf8@group-CCCC3F4E889C-LeaderElection18] INFO  impl.LeaderElection (LeaderElection.java:logAndReturn(89)) - 3d91fce6-fc2e-4974-9eab-0da46cd4cdf8@group-CCCC3F4E889C-LeaderElection18: ELECTION REJECTED received 1 response(s) and 0 exception(s):
2022-05-04 03:13:39,877 [3d91fce6-fc2e-4974-9eab-0da46cd4cdf8@group-CCCC3F4E889C-LeaderElection18] INFO  impl.LeaderElection (LeaderElection.java:logAndReturn(93)) -   Response 0: 3d91fce6-fc2e-4974-9eab-0da46cd4cdf8<-50786c60-577d-4d1d-b3bc-3dc2ae741836#0:FAIL-t1
2022-05-04 03:13:39,877 [3d91fce6-fc2e-4974-9eab-0da46cd4cdf8@group-CCCC3F4E889C-LeaderElection18] INFO  impl.LeaderElection (LeaderElection.java:askForVotes(308)) - 3d91fce6-fc2e-4974-9eab-0da46cd4cdf8@group-CCCC3F4E889C-LeaderElection18 ELECTION round 0: result REJECTED
2022-05-04 03:13:39,877 [3d91fce6-fc2e-4974-9eab-0da46cd4cdf8@group-CCCC3F4E889C-LeaderElection18] INFO  server.RaftServer$Division (RaftServerImpl.java:setRole(290)) - 3d91fce6-fc2e-4974-9eab-0da46cd4cdf8@group-CCCC3F4E889C: changes role from CANDIDATE to FOLLOWER at term 1 for REJECTED
2022-05-04 03:13:39,877 [3d91fce6-fc2e-4974-9eab-0da46cd4cdf8@group-CCCC3F4E889C-LeaderElection18] INFO  impl.RoleInfo (RoleInfo.java:shutdownLeaderElection(121)) - 3d91fce6-fc2e-4974-9eab-0da46cd4cdf8: shutdown 3d91fce6-fc2e-4974-9eab-0da46cd4cdf8@group-CCCC3F4E889C-LeaderElection18
2022-05-04 03:13:39,877 [3d91fce6-fc2e-4974-9eab-0da46cd4cdf8@group-CCCC3F4E889C-LeaderElection18] INFO  impl.RoleInfo (RoleInfo.java:updateAndGet(130)) - 3d91fce6-fc2e-4974-9eab-0da46cd4cdf8: start 3d91fce6-fc2e-4974-9eab-0da46cd4cdf8@group-CCCC3F4E889C-FollowerState
2022-05-04 03:13:39,894 [grpc-default-executor-1] INFO  server.RaftServer$Division (RaftServerImpl.java:requestVote(1046)) - 36a35a51-0c22-4b27-95e9-15250fb09d2f@group-CCCC3F4E889C: receive requestVote(ELECTION, 3d91fce6-fc2e-4974-9eab-0da46cd4cdf8, group-CCCC3F4E889C, 1, (t:0, i:0))
2022-05-04 03:13:39,894 [grpc-default-executor-1] INFO  impl.VoteContext (VoteContext.java:log(48)) - 36a35a51-0c22-4b27-95e9-15250fb09d2f@group-CCCC3F4E889C-FOLLOWER: accept ELECTION from 3d91fce6-fc2e-4974-9eab-0da46cd4cdf8: our priority 0 <= candidate's priority 0
2022-05-04 03:13:39,894 [grpc-default-executor-1] INFO  server.RaftServer$Division (RaftServerImpl.java:setRole(290)) - 36a35a51-0c22-4b27-95e9-15250fb09d2f@group-CCCC3F4E889C: changes role from  FOLLOWER to FOLLOWER at term 1 for candidate:3d91fce6-fc2e-4974-9eab-0da46cd4cdf8
2022-05-04 03:13:39,895 [grpc-default-executor-1] INFO  impl.RoleInfo (RoleInfo.java:shutdownFollowerState(108)) - 36a35a51-0c22-4b27-95e9-15250fb09d2f: shutdown 36a35a51-0c22-4b27-95e9-15250fb09d2f@group-CCCC3F4E889C-FollowerState
2022-05-04 03:13:39,895 [grpc-default-executor-1] INFO  impl.RoleInfo (RoleInfo.java:updateAndGet(130)) - 36a35a51-0c22-4b27-95e9-15250fb09d2f: start 36a35a51-0c22-4b27-95e9-15250fb09d2f@group-CCCC3F4E889C-FollowerState
2022-05-04 03:13:39,896 [36a35a51-0c22-4b27-95e9-15250fb09d2f@group-CCCC3F4E889C-FollowerState] INFO  impl.FollowerState (FollowerState.java:run(143)) - 36a35a51-0c22-4b27-95e9-15250fb09d2f@group-CCCC3F4E889C-FollowerState was interrupted: {}
java.lang.InterruptedException: sleep interrupted
	at java.lang.Thread.sleep(Native Method)
	at java.lang.Thread.sleep(Thread.java:342)
	at java.util.concurrent.TimeUnit.sleep(TimeUnit.java:386)
	at org.apache.ratis.util.TimeDuration.sleep(TimeDuration.java:324)
	at org.apache.ratis.util.TimeDuration.sleep(TimeDuration.java:309)
	at org.apache.ratis.server.impl.FollowerState.run(FollowerState.java:118)
2022-05-04 03:13:39,904 [grpc-default-executor-1] INFO  server.RaftServer$Division (RaftServerImpl.java:requestVote(1078)) - 36a35a51-0c22-4b27-95e9-15250fb09d2f@group-CCCC3F4E889C replies to ELECTION vote request: 3d91fce6-fc2e-4974-9eab-0da46cd4cdf8<-36a35a51-0c22-4b27-95e9-15250fb09d2f#0:OK-t1. Peer's state: 36a35a51-0c22-4b27-95e9-15250fb09d2f@group-CCCC3F4E889C:t1, leader=null, voted=3d91fce6-fc2e-4974-9eab-0da46cd4cdf8, raftlog=36a35a51-0c22-4b27-95e9-15250fb09d2f@group-CCCC3F4E889C-SegmentedRaftLog:OPENED:c-1, conf=-1: [50786c60-577d-4d1d-b3bc-3dc2ae741836|rpc:10.1.0.22:42585|dataStream:|priority:1, 36a35a51-0c22-4b27-95e9-15250fb09d2f|rpc:10.1.0.22:41095|dataStream:|priority:0, 3d91fce6-fc2e-4974-9eab-0da46cd4cdf8|rpc:10.1.0.22:40237|dataStream:|priority:0], old=null
2022-05-04 03:13:40,119 [36a35a51-0c22-4b27-95e9-15250fb09d2f@group-56AF847F997C-FollowerState] INFO  impl.FollowerState (FollowerState.java:run(134)) - 36a35a51-0c22-4b27-95e9-15250fb09d2f@group-56AF847F997C-FollowerState: change to CANDIDATE, lastRpcElapsedTime:5146019530ns, electionTimeout:5127ms
2022-05-04 03:13:40,122 [36a35a51-0c22-4b27-95e9-15250fb09d2f@group-56AF847F997C-FollowerState] INFO  impl.RoleInfo (RoleInfo.java:shutdownFollowerState(108)) - 36a35a51-0c22-4b27-95e9-15250fb09d2f: shutdown 36a35a51-0c22-4b27-95e9-15250fb09d2f@group-56AF847F997C-FollowerState
2022-05-04 03:13:40,122 [36a35a51-0c22-4b27-95e9-15250fb09d2f@group-56AF847F997C-FollowerState] INFO  server.RaftServer$Division (RaftServerImpl.java:setRole(290)) - 36a35a51-0c22-4b27-95e9-15250fb09d2f@group-56AF847F997C: changes role from  FOLLOWER to CANDIDATE at term 0 for changeToCandidate
2022-05-04 03:13:40,122 [36a35a51-0c22-4b27-95e9-15250fb09d2f@group-56AF847F997C-FollowerState] INFO  server.RaftServerConfigKeys (ConfUtils.java:logGet(44)) - raft.server.leaderelection.pre-vote = false (custom)
2022-05-04 03:13:40,123 [36a35a51-0c22-4b27-95e9-15250fb09d2f@group-56AF847F997C-FollowerState] INFO  impl.RoleInfo (RoleInfo.java:updateAndGet(130)) - 36a35a51-0c22-4b27-95e9-15250fb09d2f: start 36a35a51-0c22-4b27-95e9-15250fb09d2f@group-56AF847F997C-LeaderElection19
2022-05-04 03:13:40,141 [36a35a51-0c22-4b27-95e9-15250fb09d2f@group-56AF847F997C-LeaderElection19] INFO  impl.LeaderElection (LeaderElection.java:askForVotes(306)) - 36a35a51-0c22-4b27-95e9-15250fb09d2f@group-56AF847F997C-LeaderElection19 ELECTION round 0: submit vote requests at term 1 for -1: [36a35a51-0c22-4b27-95e9-15250fb09d2f|rpc:10.1.0.22:41095|priority:1], old=null
2022-05-04 03:13:40,141 [36a35a51-0c22-4b27-95e9-15250fb09d2f@group-56AF847F997C-LeaderElection19] INFO  impl.LeaderElection (LeaderElection.java:askForVotes(308)) - 36a35a51-0c22-4b27-95e9-15250fb09d2f@group-56AF847F997C-LeaderElection19 ELECTION round 0: result PASSED (term=1)
2022-05-04 03:13:40,141 [36a35a51-0c22-4b27-95e9-15250fb09d2f@group-56AF847F997C-LeaderElection19] INFO  impl.RoleInfo (RoleInfo.java:shutdownLeaderElection(121)) - 36a35a51-0c22-4b27-95e9-15250fb09d2f: shutdown 36a35a51-0c22-4b27-95e9-15250fb09d2f@group-56AF847F997C-LeaderElection19
2022-05-04 03:13:40,141 [36a35a51-0c22-4b27-95e9-15250fb09d2f@group-56AF847F997C-LeaderElection19] INFO  server.RaftServer$Division (RaftServerImpl.java:setRole(290)) - 36a35a51-0c22-4b27-95e9-15250fb09d2f@group-56AF847F997C: changes role from CANDIDATE to LEADER at term 1 for changeToLeader
2022-05-04 03:13:40,141 [36a35a51-0c22-4b27-95e9-15250fb09d2f@group-56AF847F997C-LeaderElection19] INFO  ratis.XceiverServerRatis (XceiverServerRatis.java:handleLeaderChangedNotification(863)) - Leader change notification received for group: group-56AF847F997C with new leaderId: 36a35a51-0c22-4b27-95e9-15250fb09d2f
2022-05-04 03:13:40,141 [36a35a51-0c22-4b27-95e9-15250fb09d2f@group-56AF847F997C-LeaderElection19] INFO  server.RaftServer$Division (ServerState.java:setLeader(285)) - 36a35a51-0c22-4b27-95e9-15250fb09d2f@group-56AF847F997C: change Leader from null to 36a35a51-0c22-4b27-95e9-15250fb09d2f at term 1 for becomeLeader, leader elected after 5206ms
2022-05-04 03:13:40,141 [36a35a51-0c22-4b27-95e9-15250fb09d2f@group-56AF847F997C-LeaderElection19] INFO  server.RaftServerConfigKeys (ConfUtils.java:logGet(44)) - raft.server.staging.catchup.gap = 1000 (default)
2022-05-04 03:13:40,141 [36a35a51-0c22-4b27-95e9-15250fb09d2f@group-56AF847F997C-LeaderElection19] INFO  server.RaftServerConfigKeys (ConfUtils.java:logGet(44)) - raft.server.write.element-limit = 1024 (custom)
2022-05-04 03:13:40,142 [36a35a51-0c22-4b27-95e9-15250fb09d2f@group-56AF847F997C-LeaderElection19] INFO  server.RaftServerConfigKeys (ConfUtils.java:logGet(44)) - raft.server.write.byte-limit = 1024 M (=1073741824) (custom)
2022-05-04 03:13:40,142 [36a35a51-0c22-4b27-95e9-15250fb09d2f@group-56AF847F997C-LeaderElection19] INFO  server.RaftServerConfigKeys (ConfUtils.java:logGet(44)) - raft.server.watch.timeout = 180s (custom)
2022-05-04 03:13:40,142 [36a35a51-0c22-4b27-95e9-15250fb09d2f@group-56AF847F997C-LeaderElection19] INFO  server.RaftServerConfigKeys (ConfUtils.java:logGet(44)) - raft.server.watch.timeout.denomination = 1s (default)
2022-05-04 03:13:40,142 [36a35a51-0c22-4b27-95e9-15250fb09d2f@group-56AF847F997C-LeaderElection19] INFO  server.RaftServerConfigKeys (ConfUtils.java:logGet(44)) - raft.server.watch.element-limit = 65536 (default)
2022-05-04 03:13:40,148 [EventQueue-OpenPipelineForHealthyPipelineSafeModeRule] INFO  safemode.SCMSafeModeManager (HealthyPipelineSafeModeRule.java:process(124)) - SCM in safe mode. Healthy pipelines reported count is 0, required healthy pipeline reported count is 1
2022-05-04 03:13:40,148 [36a35a51-0c22-4b27-95e9-15250fb09d2f@group-56AF847F997C-LeaderElection19] INFO  server.RaftServerConfigKeys (ConfUtils.java:logGet(44)) - raft.server.write.element-limit = 1024 (custom)
2022-05-04 03:13:40,148 [36a35a51-0c22-4b27-95e9-15250fb09d2f@group-56AF847F997C-LeaderElection19] INFO  server.RaftServerConfigKeys (ConfUtils.java:logGet(44)) - raft.server.write.follower.gap.ratio.max = -1.0 (default)
2022-05-04 03:13:40,148 [36a35a51-0c22-4b27-95e9-15250fb09d2f@group-56AF847F997C-LeaderElection19] INFO  impl.RoleInfo (RoleInfo.java:updateAndGet(130)) - 36a35a51-0c22-4b27-95e9-15250fb09d2f: start 36a35a51-0c22-4b27-95e9-15250fb09d2f@group-56AF847F997C-LeaderStateImpl
2022-05-04 03:13:40,149 [36a35a51-0c22-4b27-95e9-15250fb09d2f@group-56AF847F997C-LeaderElection19] INFO  segmented.SegmentedRaftLogWorker (SegmentedRaftLogWorker.java:startLogSegment(394)) - 36a35a51-0c22-4b27-95e9-15250fb09d2f@group-56AF847F997C-SegmentedRaftLogWorker: Starting segment from index:0
2022-05-04 03:13:40,156 [36a35a51-0c22-4b27-95e9-15250fb09d2f@group-56AF847F997C-SegmentedRaftLogWorker] INFO  segmented.SegmentedRaftLogWorker (SegmentedRaftLogWorker.java:execute(601)) - 36a35a51-0c22-4b27-95e9-15250fb09d2f@group-56AF847F997C-SegmentedRaftLogWorker: created new log segment /home/runner/work/ozone/ozone/hadoop-ozone/integration-test/target/test-dir/MiniOzoneClusterImpl-16b4eb12-8d22-44ef-95c0-40f9ce645855/datanode-1/data/ratis/6d150552-0aad-4581-a11b-56af847f997c/current/log_inprogress_0
2022-05-04 03:13:40,167 [36a35a51-0c22-4b27-95e9-15250fb09d2f@group-56AF847F997C-LeaderElection19] INFO  server.RaftServer$Division (ServerState.java:setRaftConf(387)) - 36a35a51-0c22-4b27-95e9-15250fb09d2f@group-56AF847F997C: set configuration 0: [36a35a51-0c22-4b27-95e9-15250fb09d2f|rpc:10.1.0.22:41095|dataStream:|priority:1], old=null
2022-05-04 03:13:40,298 [Listener at 127.0.0.1/46813] INFO  ozone.MiniOzoneClusterImpl (MiniOzoneClusterImpl.java:lambda$waitForClusterToBeReady$0(221)) - Nodes are ready. Got 5 of 5 DN Heartbeats.
2022-05-04 03:13:40,298 [Listener at 127.0.0.1/46813] INFO  ozone.MiniOzoneClusterImpl (MiniOzoneClusterImpl.java:lambda$waitForClusterToBeReady$0(224)) - Waiting for cluster to exit safe mode
2022-05-04 03:13:40,299 [Listener at 127.0.0.1/46813] INFO  ozone.MiniOzoneClusterImpl (MiniOzoneClusterImpl.java:lambda$waitForClusterToBeReady$0(226)) - SCM became leader
2022-05-04 03:13:40,760 [50786c60-577d-4d1d-b3bc-3dc2ae741836@group-E40616D8D912-FollowerState] INFO  impl.FollowerState (FollowerState.java:run(134)) - 50786c60-577d-4d1d-b3bc-3dc2ae741836@group-E40616D8D912-FollowerState: change to CANDIDATE, lastRpcElapsedTime:5038728309ns, electionTimeout:5026ms
2022-05-04 03:13:40,761 [50786c60-577d-4d1d-b3bc-3dc2ae741836@group-E40616D8D912-FollowerState] INFO  impl.RoleInfo (RoleInfo.java:shutdownFollowerState(108)) - 50786c60-577d-4d1d-b3bc-3dc2ae741836: shutdown 50786c60-577d-4d1d-b3bc-3dc2ae741836@group-E40616D8D912-FollowerState
2022-05-04 03:13:40,761 [50786c60-577d-4d1d-b3bc-3dc2ae741836@group-E40616D8D912-FollowerState] INFO  server.RaftServer$Division (RaftServerImpl.java:setRole(290)) - 50786c60-577d-4d1d-b3bc-3dc2ae741836@group-E40616D8D912: changes role from  FOLLOWER to CANDIDATE at term 0 for changeToCandidate
2022-05-04 03:13:40,761 [50786c60-577d-4d1d-b3bc-3dc2ae741836@group-E40616D8D912-FollowerState] INFO  server.RaftServerConfigKeys (ConfUtils.java:logGet(44)) - raft.server.leaderelection.pre-vote = false (custom)
2022-05-04 03:13:40,761 [50786c60-577d-4d1d-b3bc-3dc2ae741836@group-E40616D8D912-FollowerState] INFO  impl.RoleInfo (RoleInfo.java:updateAndGet(130)) - 50786c60-577d-4d1d-b3bc-3dc2ae741836: start 50786c60-577d-4d1d-b3bc-3dc2ae741836@group-E40616D8D912-LeaderElection20
2022-05-04 03:13:40,788 [50786c60-577d-4d1d-b3bc-3dc2ae741836@group-E40616D8D912-LeaderElection20] INFO  impl.LeaderElection (LeaderElection.java:askForVotes(306)) - 50786c60-577d-4d1d-b3bc-3dc2ae741836@group-E40616D8D912-LeaderElection20 ELECTION round 0: submit vote requests at term 1 for -1: [50786c60-577d-4d1d-b3bc-3dc2ae741836|rpc:10.1.0.22:42585|priority:1], old=null
2022-05-04 03:13:40,788 [50786c60-577d-4d1d-b3bc-3dc2ae741836@group-E40616D8D912-LeaderElection20] INFO  impl.LeaderElection (LeaderElection.java:askForVotes(308)) - 50786c60-577d-4d1d-b3bc-3dc2ae741836@group-E40616D8D912-LeaderElection20 ELECTION round 0: result PASSED (term=1)
2022-05-04 03:13:40,788 [50786c60-577d-4d1d-b3bc-3dc2ae741836@group-E40616D8D912-LeaderElection20] INFO  impl.RoleInfo (RoleInfo.java:shutdownLeaderElection(121)) - 50786c60-577d-4d1d-b3bc-3dc2ae741836: shutdown 50786c60-577d-4d1d-b3bc-3dc2ae741836@group-E40616D8D912-LeaderElection20
2022-05-04 03:13:40,788 [50786c60-577d-4d1d-b3bc-3dc2ae741836@group-E40616D8D912-LeaderElection20] INFO  server.RaftServer$Division (RaftServerImpl.java:setRole(290)) - 50786c60-577d-4d1d-b3bc-3dc2ae741836@group-E40616D8D912: changes role from CANDIDATE to LEADER at term 1 for changeToLeader
2022-05-04 03:13:40,788 [50786c60-577d-4d1d-b3bc-3dc2ae741836@group-E40616D8D912-LeaderElection20] INFO  ratis.XceiverServerRatis (XceiverServerRatis.java:handleLeaderChangedNotification(863)) - Leader change notification received for group: group-E40616D8D912 with new leaderId: 50786c60-577d-4d1d-b3bc-3dc2ae741836
2022-05-04 03:13:40,788 [50786c60-577d-4d1d-b3bc-3dc2ae741836@group-E40616D8D912-LeaderElection20] INFO  server.RaftServer$Division (ServerState.java:setLeader(285)) - 50786c60-577d-4d1d-b3bc-3dc2ae741836@group-E40616D8D912: change Leader from null to 50786c60-577d-4d1d-b3bc-3dc2ae741836 at term 1 for becomeLeader, leader elected after 5080ms
2022-05-04 03:13:40,789 [50786c60-577d-4d1d-b3bc-3dc2ae741836@group-E40616D8D912-LeaderElection20] INFO  server.RaftServerConfigKeys (ConfUtils.java:logGet(44)) - raft.server.staging.catchup.gap = 1000 (default)
2022-05-04 03:13:40,789 [50786c60-577d-4d1d-b3bc-3dc2ae741836@group-E40616D8D912-LeaderElection20] INFO  server.RaftServerConfigKeys (ConfUtils.java:logGet(44)) - raft.server.write.element-limit = 1024 (custom)
2022-05-04 03:13:40,789 [50786c60-577d-4d1d-b3bc-3dc2ae741836@group-E40616D8D912-LeaderElection20] INFO  server.RaftServerConfigKeys (ConfUtils.java:logGet(44)) - raft.server.write.byte-limit = 1024 M (=1073741824) (custom)
2022-05-04 03:13:40,789 [50786c60-577d-4d1d-b3bc-3dc2ae741836@group-E40616D8D912-LeaderElection20] INFO  server.RaftServerConfigKeys (ConfUtils.java:logGet(44)) - raft.server.watch.timeout = 180s (custom)
2022-05-04 03:13:40,789 [50786c60-577d-4d1d-b3bc-3dc2ae741836@group-E40616D8D912-LeaderElection20] INFO  server.RaftServerConfigKeys (ConfUtils.java:logGet(44)) - raft.server.watch.timeout.denomination = 1s (default)
2022-05-04 03:13:40,789 [50786c60-577d-4d1d-b3bc-3dc2ae741836@group-E40616D8D912-LeaderElection20] INFO  server.RaftServerConfigKeys (ConfUtils.java:logGet(44)) - raft.server.watch.element-limit = 65536 (default)
2022-05-04 03:13:40,789 [50786c60-577d-4d1d-b3bc-3dc2ae741836@group-E40616D8D912-LeaderElection20] INFO  server.RaftServerConfigKeys (ConfUtils.java:logGet(44)) - raft.server.write.element-limit = 1024 (custom)
2022-05-04 03:13:40,789 [50786c60-577d-4d1d-b3bc-3dc2ae741836@group-E40616D8D912-LeaderElection20] INFO  server.RaftServerConfigKeys (ConfUtils.java:logGet(44)) - raft.server.write.follower.gap.ratio.max = -1.0 (default)
2022-05-04 03:13:40,790 [50786c60-577d-4d1d-b3bc-3dc2ae741836@group-E40616D8D912-LeaderElection20] INFO  impl.RoleInfo (RoleInfo.java:updateAndGet(130)) - 50786c60-577d-4d1d-b3bc-3dc2ae741836: start 50786c60-577d-4d1d-b3bc-3dc2ae741836@group-E40616D8D912-LeaderStateImpl
2022-05-04 03:13:40,791 [EventQueue-OpenPipelineForHealthyPipelineSafeModeRule] INFO  safemode.SCMSafeModeManager (HealthyPipelineSafeModeRule.java:process(124)) - SCM in safe mode. Healthy pipelines reported count is 0, required healthy pipeline reported count is 1
2022-05-04 03:13:40,793 [50786c60-577d-4d1d-b3bc-3dc2ae741836@group-E40616D8D912-LeaderElection20] INFO  segmented.SegmentedRaftLogWorker (SegmentedRaftLogWorker.java:startLogSegment(394)) - 50786c60-577d-4d1d-b3bc-3dc2ae741836@group-E40616D8D912-SegmentedRaftLogWorker: Starting segment from index:0
2022-05-04 03:13:40,806 [50786c60-577d-4d1d-b3bc-3dc2ae741836@group-E40616D8D912-LeaderElection20] INFO  server.RaftServer$Division (ServerState.java:setRaftConf(387)) - 50786c60-577d-4d1d-b3bc-3dc2ae741836@group-E40616D8D912: set configuration 0: [50786c60-577d-4d1d-b3bc-3dc2ae741836|rpc:10.1.0.22:42585|dataStream:|priority:1], old=null
2022-05-04 03:13:40,807 [50786c60-577d-4d1d-b3bc-3dc2ae741836@group-E40616D8D912-SegmentedRaftLogWorker] INFO  segmented.SegmentedRaftLogWorker (SegmentedRaftLogWorker.java:execute(601)) - 50786c60-577d-4d1d-b3bc-3dc2ae741836@group-E40616D8D912-SegmentedRaftLogWorker: created new log segment /home/runner/work/ozone/ozone/hadoop-ozone/integration-test/target/test-dir/MiniOzoneClusterImpl-16b4eb12-8d22-44ef-95c0-40f9ce645855/datanode-2/data/ratis/8ae0934f-0f6f-426c-a274-e40616d8d912/current/log_inprogress_0
2022-05-04 03:13:41,301 [Listener at 127.0.0.1/46813] INFO  ozone.MiniOzoneClusterImpl (MiniOzoneClusterImpl.java:lambda$waitForClusterToBeReady$0(221)) - Nodes are ready. Got 5 of 5 DN Heartbeats.
2022-05-04 03:13:41,301 [Listener at 127.0.0.1/46813] INFO  ozone.MiniOzoneClusterImpl (MiniOzoneClusterImpl.java:lambda$waitForClusterToBeReady$0(224)) - Waiting for cluster to exit safe mode
2022-05-04 03:13:41,301 [Listener at 127.0.0.1/46813] INFO  ozone.MiniOzoneClusterImpl (MiniOzoneClusterImpl.java:lambda$waitForClusterToBeReady$0(226)) - SCM became leader
2022-05-04 03:13:41,810 [9ace1e14-f881-4507-a05e-99749d739bd9@group-D1E22DC9A524-FollowerState] INFO  impl.FollowerState (FollowerState.java:run(134)) - 9ace1e14-f881-4507-a05e-99749d739bd9@group-D1E22DC9A524-FollowerState: change to CANDIDATE, lastRpcElapsedTime:5132851460ns, electionTimeout:5123ms
2022-05-04 03:13:41,810 [9ace1e14-f881-4507-a05e-99749d739bd9@group-D1E22DC9A524-FollowerState] INFO  impl.RoleInfo (RoleInfo.java:shutdownFollowerState(108)) - 9ace1e14-f881-4507-a05e-99749d739bd9: shutdown 9ace1e14-f881-4507-a05e-99749d739bd9@group-D1E22DC9A524-FollowerState
2022-05-04 03:13:41,810 [9ace1e14-f881-4507-a05e-99749d739bd9@group-D1E22DC9A524-FollowerState] INFO  server.RaftServer$Division (RaftServerImpl.java:setRole(290)) - 9ace1e14-f881-4507-a05e-99749d739bd9@group-D1E22DC9A524: changes role from  FOLLOWER to CANDIDATE at term 0 for changeToCandidate
2022-05-04 03:13:41,810 [9ace1e14-f881-4507-a05e-99749d739bd9@group-D1E22DC9A524-FollowerState] INFO  server.RaftServerConfigKeys (ConfUtils.java:logGet(44)) - raft.server.leaderelection.pre-vote = false (custom)
2022-05-04 03:13:41,810 [9ace1e14-f881-4507-a05e-99749d739bd9@group-D1E22DC9A524-FollowerState] INFO  impl.RoleInfo (RoleInfo.java:updateAndGet(130)) - 9ace1e14-f881-4507-a05e-99749d739bd9: start 9ace1e14-f881-4507-a05e-99749d739bd9@group-D1E22DC9A524-LeaderElection21
2022-05-04 03:13:41,824 [9ace1e14-f881-4507-a05e-99749d739bd9@group-D1E22DC9A524-LeaderElection21] INFO  impl.LeaderElection (LeaderElection.java:askForVotes(306)) - 9ace1e14-f881-4507-a05e-99749d739bd9@group-D1E22DC9A524-LeaderElection21 ELECTION round 0: submit vote requests at term 1 for -1: [9ace1e14-f881-4507-a05e-99749d739bd9|rpc:10.1.0.22:36395|priority:1], old=null
2022-05-04 03:13:41,824 [9ace1e14-f881-4507-a05e-99749d739bd9@group-D1E22DC9A524-LeaderElection21] INFO  impl.LeaderElection (LeaderElection.java:askForVotes(308)) - 9ace1e14-f881-4507-a05e-99749d739bd9@group-D1E22DC9A524-LeaderElection21 ELECTION round 0: result PASSED (term=1)
2022-05-04 03:13:41,824 [9ace1e14-f881-4507-a05e-99749d739bd9@group-D1E22DC9A524-LeaderElection21] INFO  impl.RoleInfo (RoleInfo.java:shutdownLeaderElection(121)) - 9ace1e14-f881-4507-a05e-99749d739bd9: shutdown 9ace1e14-f881-4507-a05e-99749d739bd9@group-D1E22DC9A524-LeaderElection21
2022-05-04 03:13:41,824 [9ace1e14-f881-4507-a05e-99749d739bd9@group-D1E22DC9A524-LeaderElection21] INFO  server.RaftServer$Division (RaftServerImpl.java:setRole(290)) - 9ace1e14-f881-4507-a05e-99749d739bd9@group-D1E22DC9A524: changes role from CANDIDATE to LEADER at term 1 for changeToLeader
2022-05-04 03:13:41,824 [9ace1e14-f881-4507-a05e-99749d739bd9@group-D1E22DC9A524-LeaderElection21] INFO  ratis.XceiverServerRatis (XceiverServerRatis.java:handleLeaderChangedNotification(863)) - Leader change notification received for group: group-D1E22DC9A524 with new leaderId: 9ace1e14-f881-4507-a05e-99749d739bd9
2022-05-04 03:13:41,824 [9ace1e14-f881-4507-a05e-99749d739bd9@group-D1E22DC9A524-LeaderElection21] INFO  server.RaftServer$Division (ServerState.java:setLeader(285)) - 9ace1e14-f881-4507-a05e-99749d739bd9@group-D1E22DC9A524: change Leader from null to 9ace1e14-f881-4507-a05e-99749d739bd9 at term 1 for becomeLeader, leader elected after 5172ms
2022-05-04 03:13:41,824 [9ace1e14-f881-4507-a05e-99749d739bd9@group-D1E22DC9A524-LeaderElection21] INFO  server.RaftServerConfigKeys (ConfUtils.java:logGet(44)) - raft.server.staging.catchup.gap = 1000 (default)
2022-05-04 03:13:41,824 [9ace1e14-f881-4507-a05e-99749d739bd9@group-D1E22DC9A524-LeaderElection21] INFO  server.RaftServerConfigKeys (ConfUtils.java:logGet(44)) - raft.server.write.element-limit = 1024 (custom)
2022-05-04 03:13:41,824 [9ace1e14-f881-4507-a05e-99749d739bd9@group-D1E22DC9A524-LeaderElection21] INFO  server.RaftServerConfigKeys (ConfUtils.java:logGet(44)) - raft.server.write.byte-limit = 1024 M (=1073741824) (custom)
2022-05-04 03:13:41,825 [EventQueue-OpenPipelineForHealthyPipelineSafeModeRule] INFO  safemode.SCMSafeModeManager (HealthyPipelineSafeModeRule.java:process(124)) - SCM in safe mode. Healthy pipelines reported count is 0, required healthy pipeline reported count is 1
2022-05-04 03:13:41,825 [9ace1e14-f881-4507-a05e-99749d739bd9@group-D1E22DC9A524-LeaderElection21] INFO  server.RaftServerConfigKeys (ConfUtils.java:logGet(44)) - raft.server.watch.timeout = 180s (custom)
2022-05-04 03:13:41,825 [9ace1e14-f881-4507-a05e-99749d739bd9@group-D1E22DC9A524-LeaderElection21] INFO  server.RaftServerConfigKeys (ConfUtils.java:logGet(44)) - raft.server.watch.timeout.denomination = 1s (default)
2022-05-04 03:13:41,825 [9ace1e14-f881-4507-a05e-99749d739bd9@group-D1E22DC9A524-LeaderElection21] INFO  server.RaftServerConfigKeys (ConfUtils.java:logGet(44)) - raft.server.watch.element-limit = 65536 (default)
2022-05-04 03:13:41,825 [9ace1e14-f881-4507-a05e-99749d739bd9@group-D1E22DC9A524-LeaderElection21] INFO  server.RaftServerConfigKeys (ConfUtils.java:logGet(44)) - raft.server.write.element-limit = 1024 (custom)
2022-05-04 03:13:41,825 [9ace1e14-f881-4507-a05e-99749d739bd9@group-D1E22DC9A524-LeaderElection21] INFO  server.RaftServerConfigKeys (ConfUtils.java:logGet(44)) - raft.server.write.follower.gap.ratio.max = -1.0 (default)
2022-05-04 03:13:41,826 [9ace1e14-f881-4507-a05e-99749d739bd9@group-D1E22DC9A524-LeaderElection21] INFO  impl.RoleInfo (RoleInfo.java:updateAndGet(130)) - 9ace1e14-f881-4507-a05e-99749d739bd9: start 9ace1e14-f881-4507-a05e-99749d739bd9@group-D1E22DC9A524-LeaderStateImpl
2022-05-04 03:13:41,826 [9ace1e14-f881-4507-a05e-99749d739bd9@group-D1E22DC9A524-LeaderElection21] INFO  segmented.SegmentedRaftLogWorker (SegmentedRaftLogWorker.java:startLogSegment(394)) - 9ace1e14-f881-4507-a05e-99749d739bd9@group-D1E22DC9A524-SegmentedRaftLogWorker: Starting segment from index:0
2022-05-04 03:13:41,828 [9ace1e14-f881-4507-a05e-99749d739bd9@group-D1E22DC9A524-SegmentedRaftLogWorker] INFO  segmented.SegmentedRaftLogWorker (SegmentedRaftLogWorker.java:execute(601)) - 9ace1e14-f881-4507-a05e-99749d739bd9@group-D1E22DC9A524-SegmentedRaftLogWorker: created new log segment /home/runner/work/ozone/ozone/hadoop-ozone/integration-test/target/test-dir/MiniOzoneClusterImpl-16b4eb12-8d22-44ef-95c0-40f9ce645855/datanode-3/data/ratis/5a4599a4-4ad7-4fcd-85d7-d1e22dc9a524/current/log_inprogress_0
2022-05-04 03:13:41,847 [9ace1e14-f881-4507-a05e-99749d739bd9@group-D1E22DC9A524-LeaderElection21] INFO  server.RaftServer$Division (ServerState.java:setRaftConf(387)) - 9ace1e14-f881-4507-a05e-99749d739bd9@group-D1E22DC9A524: set configuration 0: [9ace1e14-f881-4507-a05e-99749d739bd9|rpc:10.1.0.22:36395|dataStream:|priority:1], old=null
2022-05-04 03:13:42,302 [Listener at 127.0.0.1/46813] INFO  ozone.MiniOzoneClusterImpl (MiniOzoneClusterImpl.java:lambda$waitForClusterToBeReady$0(221)) - Nodes are ready. Got 5 of 5 DN Heartbeats.
2022-05-04 03:13:42,302 [Listener at 127.0.0.1/46813] INFO  ozone.MiniOzoneClusterImpl (MiniOzoneClusterImpl.java:lambda$waitForClusterToBeReady$0(224)) - Waiting for cluster to exit safe mode
2022-05-04 03:13:42,302 [Listener at 127.0.0.1/46813] INFO  ozone.MiniOzoneClusterImpl (MiniOzoneClusterImpl.java:lambda$waitForClusterToBeReady$0(226)) - SCM became leader
2022-05-04 03:13:42,437 [705521b5-205e-4d49-a04d-535d0918c68b@group-EADA591BAAA5-FollowerState] INFO  impl.FollowerState (FollowerState.java:run(134)) - 705521b5-205e-4d49-a04d-535d0918c68b@group-EADA591BAAA5-FollowerState: change to CANDIDATE, lastRpcElapsedTime:5064638043ns, electionTimeout:5058ms
2022-05-04 03:13:42,437 [705521b5-205e-4d49-a04d-535d0918c68b@group-EADA591BAAA5-FollowerState] INFO  impl.RoleInfo (RoleInfo.java:shutdownFollowerState(108)) - 705521b5-205e-4d49-a04d-535d0918c68b: shutdown 705521b5-205e-4d49-a04d-535d0918c68b@group-EADA591BAAA5-FollowerState
2022-05-04 03:13:42,438 [705521b5-205e-4d49-a04d-535d0918c68b@group-EADA591BAAA5-FollowerState] INFO  server.RaftServer$Division (RaftServerImpl.java:setRole(290)) - 705521b5-205e-4d49-a04d-535d0918c68b@group-EADA591BAAA5: changes role from  FOLLOWER to CANDIDATE at term 0 for changeToCandidate
2022-05-04 03:13:42,438 [705521b5-205e-4d49-a04d-535d0918c68b@group-EADA591BAAA5-FollowerState] INFO  server.RaftServerConfigKeys (ConfUtils.java:logGet(44)) - raft.server.leaderelection.pre-vote = false (custom)
2022-05-04 03:13:42,438 [705521b5-205e-4d49-a04d-535d0918c68b@group-EADA591BAAA5-FollowerState] INFO  impl.RoleInfo (RoleInfo.java:updateAndGet(130)) - 705521b5-205e-4d49-a04d-535d0918c68b: start 705521b5-205e-4d49-a04d-535d0918c68b@group-EADA591BAAA5-LeaderElection22
2022-05-04 03:13:42,462 [705521b5-205e-4d49-a04d-535d0918c68b@group-EADA591BAAA5-LeaderElection22] INFO  impl.LeaderElection (LeaderElection.java:askForVotes(306)) - 705521b5-205e-4d49-a04d-535d0918c68b@group-EADA591BAAA5-LeaderElection22 ELECTION round 0: submit vote requests at term 1 for -1: [705521b5-205e-4d49-a04d-535d0918c68b|rpc:10.1.0.22:46011|priority:1], old=null
2022-05-04 03:13:42,462 [705521b5-205e-4d49-a04d-535d0918c68b@group-EADA591BAAA5-LeaderElection22] INFO  impl.LeaderElection (LeaderElection.java:askForVotes(308)) - 705521b5-205e-4d49-a04d-535d0918c68b@group-EADA591BAAA5-LeaderElection22 ELECTION round 0: result PASSED (term=1)
2022-05-04 03:13:42,462 [705521b5-205e-4d49-a04d-535d0918c68b@group-EADA591BAAA5-LeaderElection22] INFO  impl.RoleInfo (RoleInfo.java:shutdownLeaderElection(121)) - 705521b5-205e-4d49-a04d-535d0918c68b: shutdown 705521b5-205e-4d49-a04d-535d0918c68b@group-EADA591BAAA5-LeaderElection22
2022-05-04 03:13:42,462 [705521b5-205e-4d49-a04d-535d0918c68b@group-EADA591BAAA5-LeaderElection22] INFO  server.RaftServer$Division (RaftServerImpl.java:setRole(290)) - 705521b5-205e-4d49-a04d-535d0918c68b@group-EADA591BAAA5: changes role from CANDIDATE to LEADER at term 1 for changeToLeader
2022-05-04 03:13:42,462 [705521b5-205e-4d49-a04d-535d0918c68b@group-EADA591BAAA5-LeaderElection22] INFO  ratis.XceiverServerRatis (XceiverServerRatis.java:handleLeaderChangedNotification(863)) - Leader change notification received for group: group-EADA591BAAA5 with new leaderId: 705521b5-205e-4d49-a04d-535d0918c68b
2022-05-04 03:13:42,463 [705521b5-205e-4d49-a04d-535d0918c68b@group-EADA591BAAA5-LeaderElection22] INFO  server.RaftServer$Division (ServerState.java:setLeader(285)) - 705521b5-205e-4d49-a04d-535d0918c68b@group-EADA591BAAA5: change Leader from null to 705521b5-205e-4d49-a04d-535d0918c68b at term 1 for becomeLeader, leader elected after 5112ms
2022-05-04 03:13:42,463 [705521b5-205e-4d49-a04d-535d0918c68b@group-EADA591BAAA5-LeaderElection22] INFO  server.RaftServerConfigKeys (ConfUtils.java:logGet(44)) - raft.server.staging.catchup.gap = 1000 (default)
2022-05-04 03:13:42,463 [705521b5-205e-4d49-a04d-535d0918c68b@group-EADA591BAAA5-LeaderElection22] INFO  server.RaftServerConfigKeys (ConfUtils.java:logGet(44)) - raft.server.write.element-limit = 1024 (custom)
2022-05-04 03:13:42,464 [EventQueue-OpenPipelineForHealthyPipelineSafeModeRule] INFO  safemode.SCMSafeModeManager (HealthyPipelineSafeModeRule.java:process(124)) - SCM in safe mode. Healthy pipelines reported count is 0, required healthy pipeline reported count is 1
2022-05-04 03:13:42,464 [705521b5-205e-4d49-a04d-535d0918c68b@group-EADA591BAAA5-LeaderElection22] INFO  server.RaftServerConfigKeys (ConfUtils.java:logGet(44)) - raft.server.write.byte-limit = 1024 M (=1073741824) (custom)
2022-05-04 03:13:42,464 [705521b5-205e-4d49-a04d-535d0918c68b@group-EADA591BAAA5-LeaderElection22] INFO  server.RaftServerConfigKeys (ConfUtils.java:logGet(44)) - raft.server.watch.timeout = 180s (custom)
2022-05-04 03:13:42,464 [705521b5-205e-4d49-a04d-535d0918c68b@group-EADA591BAAA5-LeaderElection22] INFO  server.RaftServerConfigKeys (ConfUtils.java:logGet(44)) - raft.server.watch.timeout.denomination = 1s (default)
2022-05-04 03:13:42,464 [705521b5-205e-4d49-a04d-535d0918c68b@group-EADA591BAAA5-LeaderElection22] INFO  server.RaftServerConfigKeys (ConfUtils.java:logGet(44)) - raft.server.watch.element-limit = 65536 (default)
2022-05-04 03:13:42,464 [705521b5-205e-4d49-a04d-535d0918c68b@group-EADA591BAAA5-LeaderElection22] INFO  server.RaftServerConfigKeys (ConfUtils.java:logGet(44)) - raft.server.write.element-limit = 1024 (custom)
2022-05-04 03:13:42,464 [705521b5-205e-4d49-a04d-535d0918c68b@group-EADA591BAAA5-LeaderElection22] INFO  server.RaftServerConfigKeys (ConfUtils.java:logGet(44)) - raft.server.write.follower.gap.ratio.max = -1.0 (default)
2022-05-04 03:13:42,464 [705521b5-205e-4d49-a04d-535d0918c68b@group-EADA591BAAA5-LeaderElection22] INFO  impl.RoleInfo (RoleInfo.java:updateAndGet(130)) - 705521b5-205e-4d49-a04d-535d0918c68b: start 705521b5-205e-4d49-a04d-535d0918c68b@group-EADA591BAAA5-LeaderStateImpl
2022-05-04 03:13:42,465 [705521b5-205e-4d49-a04d-535d0918c68b@group-EADA591BAAA5-LeaderElection22] INFO  segmented.SegmentedRaftLogWorker (SegmentedRaftLogWorker.java:startLogSegment(394)) - 705521b5-205e-4d49-a04d-535d0918c68b@group-EADA591BAAA5-SegmentedRaftLogWorker: Starting segment from index:0
2022-05-04 03:13:42,467 [705521b5-205e-4d49-a04d-535d0918c68b@group-EADA591BAAA5-SegmentedRaftLogWorker] INFO  segmented.SegmentedRaftLogWorker (SegmentedRaftLogWorker.java:execute(601)) - 705521b5-205e-4d49-a04d-535d0918c68b@group-EADA591BAAA5-SegmentedRaftLogWorker: created new log segment /home/runner/work/ozone/ozone/hadoop-ozone/integration-test/target/test-dir/MiniOzoneClusterImpl-16b4eb12-8d22-44ef-95c0-40f9ce645855/datanode-4/data/ratis/a875f5ef-7637-4a9f-9e10-eada591baaa5/current/log_inprogress_0
2022-05-04 03:13:42,479 [705521b5-205e-4d49-a04d-535d0918c68b@group-EADA591BAAA5-LeaderElection22] INFO  server.RaftServer$Division (ServerState.java:setRaftConf(387)) - 705521b5-205e-4d49-a04d-535d0918c68b@group-EADA591BAAA5: set configuration 0: [705521b5-205e-4d49-a04d-535d0918c68b|rpc:10.1.0.22:46011|dataStream:|priority:1], old=null
2022-05-04 03:13:43,302 [Listener at 127.0.0.1/46813] INFO  ozone.MiniOzoneClusterImpl (MiniOzoneClusterImpl.java:lambda$waitForClusterToBeReady$0(221)) - Nodes are ready. Got 5 of 5 DN Heartbeats.
2022-05-04 03:13:43,303 [Listener at 127.0.0.1/46813] INFO  ozone.MiniOzoneClusterImpl (MiniOzoneClusterImpl.java:lambda$waitForClusterToBeReady$0(224)) - Waiting for cluster to exit safe mode
2022-05-04 03:13:43,303 [Listener at 127.0.0.1/46813] INFO  ozone.MiniOzoneClusterImpl (MiniOzoneClusterImpl.java:lambda$waitForClusterToBeReady$0(226)) - SCM became leader
2022-05-04 03:13:44,303 [Listener at 127.0.0.1/46813] INFO  ozone.MiniOzoneClusterImpl (MiniOzoneClusterImpl.java:lambda$waitForClusterToBeReady$0(221)) - Nodes are ready. Got 5 of 5 DN Heartbeats.
2022-05-04 03:13:44,303 [Listener at 127.0.0.1/46813] INFO  ozone.MiniOzoneClusterImpl (MiniOzoneClusterImpl.java:lambda$waitForClusterToBeReady$0(224)) - Waiting for cluster to exit safe mode
2022-05-04 03:13:44,303 [Listener at 127.0.0.1/46813] INFO  ozone.MiniOzoneClusterImpl (MiniOzoneClusterImpl.java:lambda$waitForClusterToBeReady$0(226)) - SCM became leader
2022-05-04 03:13:44,579 [50786c60-577d-4d1d-b3bc-3dc2ae741836@group-6F26DEE77B20-FollowerState] INFO  impl.FollowerState (FollowerState.java:run(134)) - 50786c60-577d-4d1d-b3bc-3dc2ae741836@group-6F26DEE77B20-FollowerState: change to CANDIDATE, lastRpcElapsedTime:5031137855ns, electionTimeout:5020ms
2022-05-04 03:13:44,579 [50786c60-577d-4d1d-b3bc-3dc2ae741836@group-6F26DEE77B20-FollowerState] INFO  impl.RoleInfo (RoleInfo.java:shutdownFollowerState(108)) - 50786c60-577d-4d1d-b3bc-3dc2ae741836: shutdown 50786c60-577d-4d1d-b3bc-3dc2ae741836@group-6F26DEE77B20-FollowerState
2022-05-04 03:13:44,580 [50786c60-577d-4d1d-b3bc-3dc2ae741836@group-6F26DEE77B20-FollowerState] INFO  server.RaftServer$Division (RaftServerImpl.java:setRole(290)) - 50786c60-577d-4d1d-b3bc-3dc2ae741836@group-6F26DEE77B20: changes role from  FOLLOWER to CANDIDATE at term 1 for changeToCandidate
2022-05-04 03:13:44,580 [50786c60-577d-4d1d-b3bc-3dc2ae741836@group-6F26DEE77B20-FollowerState] INFO  server.RaftServerConfigKeys (ConfUtils.java:logGet(44)) - raft.server.leaderelection.pre-vote = false (custom)
2022-05-04 03:13:44,580 [50786c60-577d-4d1d-b3bc-3dc2ae741836@group-6F26DEE77B20-FollowerState] INFO  impl.RoleInfo (RoleInfo.java:updateAndGet(130)) - 50786c60-577d-4d1d-b3bc-3dc2ae741836: start 50786c60-577d-4d1d-b3bc-3dc2ae741836@group-6F26DEE77B20-LeaderElection23
2022-05-04 03:13:44,601 [50786c60-577d-4d1d-b3bc-3dc2ae741836@group-6F26DEE77B20-LeaderElection23] INFO  impl.LeaderElection (LeaderElection.java:askForVotes(306)) - 50786c60-577d-4d1d-b3bc-3dc2ae741836@group-6F26DEE77B20-LeaderElection23 ELECTION round 0: submit vote requests at term 2 for -1: [50786c60-577d-4d1d-b3bc-3dc2ae741836|rpc:10.1.0.22:42585|dataStream:|priority:0, 36a35a51-0c22-4b27-95e9-15250fb09d2f|rpc:10.1.0.22:41095|dataStream:|priority:1, 3d91fce6-fc2e-4974-9eab-0da46cd4cdf8|rpc:10.1.0.22:40237|dataStream:|priority:0], old=null
2022-05-04 03:13:44,623 [grpc-default-executor-1] INFO  server.RaftServer$Division (RaftServerImpl.java:requestVote(1046)) - 36a35a51-0c22-4b27-95e9-15250fb09d2f@group-6F26DEE77B20: receive requestVote(ELECTION, 50786c60-577d-4d1d-b3bc-3dc2ae741836, group-6F26DEE77B20, 2, (t:0, i:0))
2022-05-04 03:13:44,624 [grpc-default-executor-1] INFO  impl.VoteContext (VoteContext.java:log(48)) - 36a35a51-0c22-4b27-95e9-15250fb09d2f@group-6F26DEE77B20-FOLLOWER: reject ELECTION from 50786c60-577d-4d1d-b3bc-3dc2ae741836: our priority 1 > candidate's priority 0
2022-05-04 03:13:44,624 [grpc-default-executor-1] INFO  server.RaftServer$Division (RaftServerImpl.java:setRole(290)) - 36a35a51-0c22-4b27-95e9-15250fb09d2f@group-6F26DEE77B20: changes role from  FOLLOWER to FOLLOWER at term 2 for candidate:50786c60-577d-4d1d-b3bc-3dc2ae741836
2022-05-04 03:13:44,624 [grpc-default-executor-1] INFO  impl.RoleInfo (RoleInfo.java:shutdownFollowerState(108)) - 36a35a51-0c22-4b27-95e9-15250fb09d2f: shutdown 36a35a51-0c22-4b27-95e9-15250fb09d2f@group-6F26DEE77B20-FollowerState
2022-05-04 03:13:44,624 [grpc-default-executor-1] INFO  impl.RoleInfo (RoleInfo.java:updateAndGet(130)) - 36a35a51-0c22-4b27-95e9-15250fb09d2f: start 36a35a51-0c22-4b27-95e9-15250fb09d2f@group-6F26DEE77B20-FollowerState
2022-05-04 03:13:44,624 [36a35a51-0c22-4b27-95e9-15250fb09d2f@group-6F26DEE77B20-FollowerState] INFO  impl.FollowerState (FollowerState.java:run(143)) - 36a35a51-0c22-4b27-95e9-15250fb09d2f@group-6F26DEE77B20-FollowerState was interrupted: {}
java.lang.InterruptedException: sleep interrupted
	at java.lang.Thread.sleep(Native Method)
	at java.lang.Thread.sleep(Thread.java:342)
	at java.util.concurrent.TimeUnit.sleep(TimeUnit.java:386)
	at org.apache.ratis.util.TimeDuration.sleep(TimeDuration.java:324)
	at org.apache.ratis.util.TimeDuration.sleep(TimeDuration.java:309)
	at org.apache.ratis.server.impl.FollowerState.run(FollowerState.java:118)
2022-05-04 03:13:44,626 [grpc-default-executor-1] INFO  server.RaftServer$Division (RaftServerImpl.java:requestVote(1078)) - 36a35a51-0c22-4b27-95e9-15250fb09d2f@group-6F26DEE77B20 replies to ELECTION vote request: 50786c60-577d-4d1d-b3bc-3dc2ae741836<-36a35a51-0c22-4b27-95e9-15250fb09d2f#0:FAIL-t2. Peer's state: 36a35a51-0c22-4b27-95e9-15250fb09d2f@group-6F26DEE77B20:t2, leader=null, voted=null, raftlog=36a35a51-0c22-4b27-95e9-15250fb09d2f@group-6F26DEE77B20-SegmentedRaftLog:OPENED:c-1, conf=-1: [50786c60-577d-4d1d-b3bc-3dc2ae741836|rpc:10.1.0.22:42585|dataStream:|priority:0, 36a35a51-0c22-4b27-95e9-15250fb09d2f|rpc:10.1.0.22:41095|dataStream:|priority:1, 3d91fce6-fc2e-4974-9eab-0da46cd4cdf8|rpc:10.1.0.22:40237|dataStream:|priority:0], old=null
2022-05-04 03:13:44,653 [3d91fce6-fc2e-4974-9eab-0da46cd4cdf8@group-6F26DEE77B20-FollowerState] INFO  impl.FollowerState (FollowerState.java:run(134)) - 3d91fce6-fc2e-4974-9eab-0da46cd4cdf8@group-6F26DEE77B20-FollowerState: change to CANDIDATE, lastRpcElapsedTime:5062319475ns, electionTimeout:5046ms
2022-05-04 03:13:44,653 [3d91fce6-fc2e-4974-9eab-0da46cd4cdf8@group-6F26DEE77B20-FollowerState] INFO  impl.RoleInfo (RoleInfo.java:shutdownFollowerState(108)) - 3d91fce6-fc2e-4974-9eab-0da46cd4cdf8: shutdown 3d91fce6-fc2e-4974-9eab-0da46cd4cdf8@group-6F26DEE77B20-FollowerState
2022-05-04 03:13:44,653 [3d91fce6-fc2e-4974-9eab-0da46cd4cdf8@group-6F26DEE77B20-FollowerState] INFO  server.RaftServer$Division (RaftServerImpl.java:setRole(290)) - 3d91fce6-fc2e-4974-9eab-0da46cd4cdf8@group-6F26DEE77B20: changes role from  FOLLOWER to CANDIDATE at term 1 for changeToCandidate
2022-05-04 03:13:44,654 [3d91fce6-fc2e-4974-9eab-0da46cd4cdf8@group-6F26DEE77B20-FollowerState] INFO  server.RaftServerConfigKeys (ConfUtils.java:logGet(44)) - raft.server.leaderelection.pre-vote = false (custom)
2022-05-04 03:13:44,654 [3d91fce6-fc2e-4974-9eab-0da46cd4cdf8@group-6F26DEE77B20-FollowerState] INFO  impl.RoleInfo (RoleInfo.java:updateAndGet(130)) - 3d91fce6-fc2e-4974-9eab-0da46cd4cdf8: start 3d91fce6-fc2e-4974-9eab-0da46cd4cdf8@group-6F26DEE77B20-LeaderElection24
2022-05-04 03:13:44,666 [grpc-default-executor-1] INFO  server.RaftServer$Division (RaftServerImpl.java:requestVote(1046)) - 3d91fce6-fc2e-4974-9eab-0da46cd4cdf8@group-6F26DEE77B20: receive requestVote(ELECTION, 50786c60-577d-4d1d-b3bc-3dc2ae741836, group-6F26DEE77B20, 2, (t:0, i:0))
2022-05-04 03:13:44,666 [grpc-default-executor-1] INFO  impl.VoteContext (VoteContext.java:log(48)) - 3d91fce6-fc2e-4974-9eab-0da46cd4cdf8@group-6F26DEE77B20-CANDIDATE: accept ELECTION from 50786c60-577d-4d1d-b3bc-3dc2ae741836: our priority 0 <= candidate's priority 0
2022-05-04 03:13:44,667 [grpc-default-executor-1] INFO  server.RaftServer$Division (RaftServerImpl.java:setRole(290)) - 3d91fce6-fc2e-4974-9eab-0da46cd4cdf8@group-6F26DEE77B20: changes role from CANDIDATE to FOLLOWER at term 2 for candidate:50786c60-577d-4d1d-b3bc-3dc2ae741836
2022-05-04 03:13:44,667 [grpc-default-executor-1] INFO  impl.RoleInfo (RoleInfo.java:shutdownLeaderElection(121)) - 3d91fce6-fc2e-4974-9eab-0da46cd4cdf8: shutdown 3d91fce6-fc2e-4974-9eab-0da46cd4cdf8@group-6F26DEE77B20-LeaderElection24
2022-05-04 03:13:44,667 [grpc-default-executor-1] INFO  impl.RoleInfo (RoleInfo.java:updateAndGet(130)) - 3d91fce6-fc2e-4974-9eab-0da46cd4cdf8: start 3d91fce6-fc2e-4974-9eab-0da46cd4cdf8@group-6F26DEE77B20-FollowerState
2022-05-04 03:13:44,667 [3d91fce6-fc2e-4974-9eab-0da46cd4cdf8@group-6F26DEE77B20-LeaderElection24] INFO  impl.LeaderElection (LeaderElection.java:run(230)) - 3d91fce6-fc2e-4974-9eab-0da46cd4cdf8@group-6F26DEE77B20-LeaderElection24: skip running since this is already CLOSING
2022-05-04 03:13:44,682 [50786c60-577d-4d1d-b3bc-3dc2ae741836@group-6F26DEE77B20-LeaderElection23] INFO  impl.LeaderElection (LeaderElection.java:logAndReturn(89)) - 50786c60-577d-4d1d-b3bc-3dc2ae741836@group-6F26DEE77B20-LeaderElection23: ELECTION REJECTED received 1 response(s) and 0 exception(s):
2022-05-04 03:13:44,682 [50786c60-577d-4d1d-b3bc-3dc2ae741836@group-6F26DEE77B20-LeaderElection23] INFO  impl.LeaderElection (LeaderElection.java:logAndReturn(93)) -   Response 0: 50786c60-577d-4d1d-b3bc-3dc2ae741836<-36a35a51-0c22-4b27-95e9-15250fb09d2f#0:FAIL-t2
2022-05-04 03:13:44,682 [50786c60-577d-4d1d-b3bc-3dc2ae741836@group-6F26DEE77B20-LeaderElection23] INFO  impl.LeaderElection (LeaderElection.java:askForVotes(308)) - 50786c60-577d-4d1d-b3bc-3dc2ae741836@group-6F26DEE77B20-LeaderElection23 ELECTION round 0: result REJECTED
2022-05-04 03:13:44,682 [50786c60-577d-4d1d-b3bc-3dc2ae741836@group-6F26DEE77B20-LeaderElection23] INFO  server.RaftServer$Division (RaftServerImpl.java:setRole(290)) - 50786c60-577d-4d1d-b3bc-3dc2ae741836@group-6F26DEE77B20: changes role from CANDIDATE to FOLLOWER at term 2 for REJECTED
2022-05-04 03:13:44,682 [50786c60-577d-4d1d-b3bc-3dc2ae741836@group-6F26DEE77B20-LeaderElection23] INFO  impl.RoleInfo (RoleInfo.java:shutdownLeaderElection(121)) - 50786c60-577d-4d1d-b3bc-3dc2ae741836: shutdown 50786c60-577d-4d1d-b3bc-3dc2ae741836@group-6F26DEE77B20-LeaderElection23
2022-05-04 03:13:44,682 [50786c60-577d-4d1d-b3bc-3dc2ae741836@group-6F26DEE77B20-LeaderElection23] INFO  impl.RoleInfo (RoleInfo.java:updateAndGet(130)) - 50786c60-577d-4d1d-b3bc-3dc2ae741836: start 50786c60-577d-4d1d-b3bc-3dc2ae741836@group-6F26DEE77B20-FollowerState
2022-05-04 03:13:44,697 [grpc-default-executor-1] INFO  server.RaftServer$Division (RaftServerImpl.java:requestVote(1078)) - 3d91fce6-fc2e-4974-9eab-0da46cd4cdf8@group-6F26DEE77B20 replies to ELECTION vote request: 50786c60-577d-4d1d-b3bc-3dc2ae741836<-3d91fce6-fc2e-4974-9eab-0da46cd4cdf8#0:OK-t2. Peer's state: 3d91fce6-fc2e-4974-9eab-0da46cd4cdf8@group-6F26DEE77B20:t2, leader=null, voted=50786c60-577d-4d1d-b3bc-3dc2ae741836, raftlog=3d91fce6-fc2e-4974-9eab-0da46cd4cdf8@group-6F26DEE77B20-SegmentedRaftLog:OPENED:c-1, conf=-1: [50786c60-577d-4d1d-b3bc-3dc2ae741836|rpc:10.1.0.22:42585|priority:0, 36a35a51-0c22-4b27-95e9-15250fb09d2f|rpc:10.1.0.22:41095|priority:1, 3d91fce6-fc2e-4974-9eab-0da46cd4cdf8|rpc:10.1.0.22:40237|priority:0], old=null
2022-05-04 03:13:44,942 [36a35a51-0c22-4b27-95e9-15250fb09d2f@group-CCCC3F4E889C-FollowerState] INFO  impl.FollowerState (FollowerState.java:run(134)) - 36a35a51-0c22-4b27-95e9-15250fb09d2f@group-CCCC3F4E889C-FollowerState: change to CANDIDATE, lastRpcElapsedTime:5038470124ns, electionTimeout:5024ms
2022-05-04 03:13:44,943 [36a35a51-0c22-4b27-95e9-15250fb09d2f@group-CCCC3F4E889C-FollowerState] INFO  impl.RoleInfo (RoleInfo.java:shutdownFollowerState(108)) - 36a35a51-0c22-4b27-95e9-15250fb09d2f: shutdown 36a35a51-0c22-4b27-95e9-15250fb09d2f@group-CCCC3F4E889C-FollowerState
2022-05-04 03:13:44,943 [36a35a51-0c22-4b27-95e9-15250fb09d2f@group-CCCC3F4E889C-FollowerState] INFO  server.RaftServer$Division (RaftServerImpl.java:setRole(290)) - 36a35a51-0c22-4b27-95e9-15250fb09d2f@group-CCCC3F4E889C: changes role from  FOLLOWER to CANDIDATE at term 1 for changeToCandidate
2022-05-04 03:13:44,943 [36a35a51-0c22-4b27-95e9-15250fb09d2f@group-CCCC3F4E889C-FollowerState] INFO  server.RaftServerConfigKeys (ConfUtils.java:logGet(44)) - raft.server.leaderelection.pre-vote = false (custom)
2022-05-04 03:13:44,943 [36a35a51-0c22-4b27-95e9-15250fb09d2f@group-CCCC3F4E889C-FollowerState] INFO  impl.RoleInfo (RoleInfo.java:updateAndGet(130)) - 36a35a51-0c22-4b27-95e9-15250fb09d2f: start 36a35a51-0c22-4b27-95e9-15250fb09d2f@group-CCCC3F4E889C-LeaderElection25
2022-05-04 03:13:44,968 [36a35a51-0c22-4b27-95e9-15250fb09d2f@group-CCCC3F4E889C-LeaderElection25] INFO  impl.LeaderElection (LeaderElection.java:askForVotes(306)) - 36a35a51-0c22-4b27-95e9-15250fb09d2f@group-CCCC3F4E889C-LeaderElection25 ELECTION round 0: submit vote requests at term 2 for -1: [50786c60-577d-4d1d-b3bc-3dc2ae741836|rpc:10.1.0.22:42585|dataStream:|priority:1, 36a35a51-0c22-4b27-95e9-15250fb09d2f|rpc:10.1.0.22:41095|dataStream:|priority:0, 3d91fce6-fc2e-4974-9eab-0da46cd4cdf8|rpc:10.1.0.22:40237|dataStream:|priority:0], old=null
2022-05-04 03:13:44,984 [grpc-default-executor-1] INFO  server.RaftServer$Division (RaftServerImpl.java:requestVote(1046)) - 50786c60-577d-4d1d-b3bc-3dc2ae741836@group-CCCC3F4E889C: receive requestVote(ELECTION, 36a35a51-0c22-4b27-95e9-15250fb09d2f, group-CCCC3F4E889C, 2, (t:0, i:0))
2022-05-04 03:13:44,984 [grpc-default-executor-1] INFO  impl.VoteContext (VoteContext.java:log(48)) - 50786c60-577d-4d1d-b3bc-3dc2ae741836@group-CCCC3F4E889C-FOLLOWER: reject ELECTION from 36a35a51-0c22-4b27-95e9-15250fb09d2f: our priority 1 > candidate's priority 0
2022-05-04 03:13:44,984 [grpc-default-executor-1] INFO  server.RaftServer$Division (RaftServerImpl.java:setRole(290)) - 50786c60-577d-4d1d-b3bc-3dc2ae741836@group-CCCC3F4E889C: changes role from  FOLLOWER to FOLLOWER at term 2 for candidate:36a35a51-0c22-4b27-95e9-15250fb09d2f
2022-05-04 03:13:44,984 [grpc-default-executor-1] INFO  impl.RoleInfo (RoleInfo.java:shutdownFollowerState(108)) - 50786c60-577d-4d1d-b3bc-3dc2ae741836: shutdown 50786c60-577d-4d1d-b3bc-3dc2ae741836@group-CCCC3F4E889C-FollowerState
2022-05-04 03:13:44,985 [grpc-default-executor-1] INFO  impl.RoleInfo (RoleInfo.java:updateAndGet(130)) - 50786c60-577d-4d1d-b3bc-3dc2ae741836: start 50786c60-577d-4d1d-b3bc-3dc2ae741836@group-CCCC3F4E889C-FollowerState
2022-05-04 03:13:44,985 [50786c60-577d-4d1d-b3bc-3dc2ae741836@group-CCCC3F4E889C-FollowerState] INFO  impl.FollowerState (FollowerState.java:run(143)) - 50786c60-577d-4d1d-b3bc-3dc2ae741836@group-CCCC3F4E889C-FollowerState was interrupted: {}
java.lang.InterruptedException: sleep interrupted
	at java.lang.Thread.sleep(Native Method)
	at java.lang.Thread.sleep(Thread.java:342)
	at java.util.concurrent.TimeUnit.sleep(TimeUnit.java:386)
	at org.apache.ratis.util.TimeDuration.sleep(TimeDuration.java:324)
	at org.apache.ratis.util.TimeDuration.sleep(TimeDuration.java:309)
	at org.apache.ratis.server.impl.FollowerState.run(FollowerState.java:118)
2022-05-04 03:13:44,987 [grpc-default-executor-1] INFO  server.RaftServer$Division (RaftServerImpl.java:requestVote(1078)) - 50786c60-577d-4d1d-b3bc-3dc2ae741836@group-CCCC3F4E889C replies to ELECTION vote request: 36a35a51-0c22-4b27-95e9-15250fb09d2f<-50786c60-577d-4d1d-b3bc-3dc2ae741836#0:FAIL-t2. Peer's state: 50786c60-577d-4d1d-b3bc-3dc2ae741836@group-CCCC3F4E889C:t2, leader=null, voted=null, raftlog=50786c60-577d-4d1d-b3bc-3dc2ae741836@group-CCCC3F4E889C-SegmentedRaftLog:OPENED:c-1, conf=-1: [50786c60-577d-4d1d-b3bc-3dc2ae741836|rpc:10.1.0.22:42585|dataStream:|priority:1, 36a35a51-0c22-4b27-95e9-15250fb09d2f|rpc:10.1.0.22:41095|dataStream:|priority:0, 3d91fce6-fc2e-4974-9eab-0da46cd4cdf8|rpc:10.1.0.22:40237|dataStream:|priority:0], old=null
2022-05-04 03:13:45,002 [36a35a51-0c22-4b27-95e9-15250fb09d2f@group-CCCC3F4E889C-LeaderElection25] INFO  impl.LeaderElection (LeaderElection.java:logAndReturn(89)) - 36a35a51-0c22-4b27-95e9-15250fb09d2f@group-CCCC3F4E889C-LeaderElection25: ELECTION REJECTED received 1 response(s) and 0 exception(s):
2022-05-04 03:13:45,002 [36a35a51-0c22-4b27-95e9-15250fb09d2f@group-CCCC3F4E889C-LeaderElection25] INFO  impl.LeaderElection (LeaderElection.java:logAndReturn(93)) -   Response 0: 36a35a51-0c22-4b27-95e9-15250fb09d2f<-50786c60-577d-4d1d-b3bc-3dc2ae741836#0:FAIL-t2
2022-05-04 03:13:45,002 [36a35a51-0c22-4b27-95e9-15250fb09d2f@group-CCCC3F4E889C-LeaderElection25] INFO  impl.LeaderElection (LeaderElection.java:askForVotes(308)) - 36a35a51-0c22-4b27-95e9-15250fb09d2f@group-CCCC3F4E889C-LeaderElection25 ELECTION round 0: result REJECTED
2022-05-04 03:13:45,002 [36a35a51-0c22-4b27-95e9-15250fb09d2f@group-CCCC3F4E889C-LeaderElection25] INFO  server.RaftServer$Division (RaftServerImpl.java:setRole(290)) - 36a35a51-0c22-4b27-95e9-15250fb09d2f@group-CCCC3F4E889C: changes role from CANDIDATE to FOLLOWER at term 2 for REJECTED
2022-05-04 03:13:45,002 [36a35a51-0c22-4b27-95e9-15250fb09d2f@group-CCCC3F4E889C-LeaderElection25] INFO  impl.RoleInfo (RoleInfo.java:shutdownLeaderElection(121)) - 36a35a51-0c22-4b27-95e9-15250fb09d2f: shutdown 36a35a51-0c22-4b27-95e9-15250fb09d2f@group-CCCC3F4E889C-LeaderElection25
2022-05-04 03:13:45,002 [36a35a51-0c22-4b27-95e9-15250fb09d2f@group-CCCC3F4E889C-LeaderElection25] INFO  impl.RoleInfo (RoleInfo.java:updateAndGet(130)) - 36a35a51-0c22-4b27-95e9-15250fb09d2f: start 36a35a51-0c22-4b27-95e9-15250fb09d2f@group-CCCC3F4E889C-FollowerState
2022-05-04 03:13:45,046 [grpc-default-executor-1] INFO  server.RaftServer$Division (RaftServerImpl.java:requestVote(1046)) - 3d91fce6-fc2e-4974-9eab-0da46cd4cdf8@group-CCCC3F4E889C: receive requestVote(ELECTION, 36a35a51-0c22-4b27-95e9-15250fb09d2f, group-CCCC3F4E889C, 2, (t:0, i:0))
2022-05-04 03:13:45,046 [grpc-default-executor-1] INFO  impl.VoteContext (VoteContext.java:log(48)) - 3d91fce6-fc2e-4974-9eab-0da46cd4cdf8@group-CCCC3F4E889C-FOLLOWER: accept ELECTION from 36a35a51-0c22-4b27-95e9-15250fb09d2f: our priority 0 <= candidate's priority 0
2022-05-04 03:13:45,047 [grpc-default-executor-1] INFO  server.RaftServer$Division (RaftServerImpl.java:setRole(290)) - 3d91fce6-fc2e-4974-9eab-0da46cd4cdf8@group-CCCC3F4E889C: changes role from  FOLLOWER to FOLLOWER at term 2 for candidate:36a35a51-0c22-4b27-95e9-15250fb09d2f
2022-05-04 03:13:45,047 [grpc-default-executor-1] INFO  impl.RoleInfo (RoleInfo.java:shutdownFollowerState(108)) - 3d91fce6-fc2e-4974-9eab-0da46cd4cdf8: shutdown 3d91fce6-fc2e-4974-9eab-0da46cd4cdf8@group-CCCC3F4E889C-FollowerState
2022-05-04 03:13:45,047 [grpc-default-executor-1] INFO  impl.RoleInfo (RoleInfo.java:updateAndGet(130)) - 3d91fce6-fc2e-4974-9eab-0da46cd4cdf8: start 3d91fce6-fc2e-4974-9eab-0da46cd4cdf8@group-CCCC3F4E889C-FollowerState
2022-05-04 03:13:45,047 [3d91fce6-fc2e-4974-9eab-0da46cd4cdf8@group-CCCC3F4E889C-FollowerState] INFO  impl.FollowerState (FollowerState.java:run(143)) - 3d91fce6-fc2e-4974-9eab-0da46cd4cdf8@group-CCCC3F4E889C-FollowerState was interrupted: {}
java.lang.InterruptedException: sleep interrupted
	at java.lang.Thread.sleep(Native Method)
	at java.lang.Thread.sleep(Thread.java:342)
	at java.util.concurrent.TimeUnit.sleep(TimeUnit.java:386)
	at org.apache.ratis.util.TimeDuration.sleep(TimeDuration.java:324)
	at org.apache.ratis.util.TimeDuration.sleep(TimeDuration.java:309)
	at org.apache.ratis.server.impl.FollowerState.run(FollowerState.java:118)
2022-05-04 03:13:45,056 [grpc-default-executor-1] INFO  server.RaftServer$Division (RaftServerImpl.java:requestVote(1078)) - 3d91fce6-fc2e-4974-9eab-0da46cd4cdf8@group-CCCC3F4E889C replies to ELECTION vote request: 36a35a51-0c22-4b27-95e9-15250fb09d2f<-3d91fce6-fc2e-4974-9eab-0da46cd4cdf8#0:OK-t2. Peer's state: 3d91fce6-fc2e-4974-9eab-0da46cd4cdf8@group-CCCC3F4E889C:t2, leader=null, voted=36a35a51-0c22-4b27-95e9-15250fb09d2f, raftlog=3d91fce6-fc2e-4974-9eab-0da46cd4cdf8@group-CCCC3F4E889C-SegmentedRaftLog:OPENED:c-1, conf=-1: [50786c60-577d-4d1d-b3bc-3dc2ae741836|rpc:10.1.0.22:42585|priority:1, 36a35a51-0c22-4b27-95e9-15250fb09d2f|rpc:10.1.0.22:41095|priority:0, 3d91fce6-fc2e-4974-9eab-0da46cd4cdf8|rpc:10.1.0.22:40237|priority:0], old=null
2022-05-04 03:13:45,304 [Listener at 127.0.0.1/46813] INFO  ozone.MiniOzoneClusterImpl (MiniOzoneClusterImpl.java:lambda$waitForClusterToBeReady$0(221)) - Nodes are ready. Got 5 of 5 DN Heartbeats.
2022-05-04 03:13:45,304 [Listener at 127.0.0.1/46813] INFO  ozone.MiniOzoneClusterImpl (MiniOzoneClusterImpl.java:lambda$waitForClusterToBeReady$0(224)) - Waiting for cluster to exit safe mode
2022-05-04 03:13:45,304 [Listener at 127.0.0.1/46813] INFO  ozone.MiniOzoneClusterImpl (MiniOzoneClusterImpl.java:lambda$waitForClusterToBeReady$0(226)) - SCM became leader
2022-05-04 03:13:46,305 [Listener at 127.0.0.1/46813] INFO  ozone.MiniOzoneClusterImpl (MiniOzoneClusterImpl.java:lambda$waitForClusterToBeReady$0(221)) - Nodes are ready. Got 5 of 5 DN Heartbeats.
2022-05-04 03:13:46,305 [Listener at 127.0.0.1/46813] INFO  ozone.MiniOzoneClusterImpl (MiniOzoneClusterImpl.java:lambda$waitForClusterToBeReady$0(224)) - Waiting for cluster to exit safe mode
2022-05-04 03:13:46,305 [Listener at 127.0.0.1/46813] INFO  ozone.MiniOzoneClusterImpl (MiniOzoneClusterImpl.java:lambda$waitForClusterToBeReady$0(226)) - SCM became leader
2022-05-04 03:13:47,305 [Listener at 127.0.0.1/46813] INFO  ozone.MiniOzoneClusterImpl (MiniOzoneClusterImpl.java:lambda$waitForClusterToBeReady$0(221)) - Nodes are ready. Got 5 of 5 DN Heartbeats.
2022-05-04 03:13:47,306 [Listener at 127.0.0.1/46813] INFO  ozone.MiniOzoneClusterImpl (MiniOzoneClusterImpl.java:lambda$waitForClusterToBeReady$0(224)) - Waiting for cluster to exit safe mode
2022-05-04 03:13:47,306 [Listener at 127.0.0.1/46813] INFO  ozone.MiniOzoneClusterImpl (MiniOzoneClusterImpl.java:lambda$waitForClusterToBeReady$0(226)) - SCM became leader
2022-05-04 03:13:48,306 [Listener at 127.0.0.1/46813] INFO  ozone.MiniOzoneClusterImpl (MiniOzoneClusterImpl.java:lambda$waitForClusterToBeReady$0(221)) - Nodes are ready. Got 5 of 5 DN Heartbeats.
2022-05-04 03:13:48,306 [Listener at 127.0.0.1/46813] INFO  ozone.MiniOzoneClusterImpl (MiniOzoneClusterImpl.java:lambda$waitForClusterToBeReady$0(224)) - Waiting for cluster to exit safe mode
2022-05-04 03:13:48,306 [Listener at 127.0.0.1/46813] INFO  ozone.MiniOzoneClusterImpl (MiniOzoneClusterImpl.java:lambda$waitForClusterToBeReady$0(226)) - SCM became leader
2022-05-04 03:13:49,307 [Listener at 127.0.0.1/46813] INFO  ozone.MiniOzoneClusterImpl (MiniOzoneClusterImpl.java:lambda$waitForClusterToBeReady$0(221)) - Nodes are ready. Got 5 of 5 DN Heartbeats.
2022-05-04 03:13:49,307 [Listener at 127.0.0.1/46813] INFO  ozone.MiniOzoneClusterImpl (MiniOzoneClusterImpl.java:lambda$waitForClusterToBeReady$0(224)) - Waiting for cluster to exit safe mode
2022-05-04 03:13:49,307 [Listener at 127.0.0.1/46813] INFO  ozone.MiniOzoneClusterImpl (MiniOzoneClusterImpl.java:lambda$waitForClusterToBeReady$0(226)) - SCM became leader
2022-05-04 03:13:49,852 [36a35a51-0c22-4b27-95e9-15250fb09d2f@group-6F26DEE77B20-FollowerState] INFO  impl.FollowerState (FollowerState.java:run(134)) - 36a35a51-0c22-4b27-95e9-15250fb09d2f@group-6F26DEE77B20-FollowerState: change to CANDIDATE, lastRpcElapsedTime:5228358682ns, electionTimeout:5185ms
2022-05-04 03:13:49,853 [36a35a51-0c22-4b27-95e9-15250fb09d2f@group-6F26DEE77B20-FollowerState] INFO  impl.RoleInfo (RoleInfo.java:shutdownFollowerState(108)) - 36a35a51-0c22-4b27-95e9-15250fb09d2f: shutdown 36a35a51-0c22-4b27-95e9-15250fb09d2f@group-6F26DEE77B20-FollowerState
2022-05-04 03:13:49,853 [36a35a51-0c22-4b27-95e9-15250fb09d2f@group-6F26DEE77B20-FollowerState] INFO  server.RaftServer$Division (RaftServerImpl.java:setRole(290)) - 36a35a51-0c22-4b27-95e9-15250fb09d2f@group-6F26DEE77B20: changes role from  FOLLOWER to CANDIDATE at term 2 for changeToCandidate
2022-05-04 03:13:49,853 [36a35a51-0c22-4b27-95e9-15250fb09d2f@group-6F26DEE77B20-FollowerState] INFO  server.RaftServerConfigKeys (ConfUtils.java:logGet(44)) - raft.server.leaderelection.pre-vote = false (custom)
2022-05-04 03:13:49,853 [36a35a51-0c22-4b27-95e9-15250fb09d2f@group-6F26DEE77B20-FollowerState] INFO  impl.RoleInfo (RoleInfo.java:updateAndGet(130)) - 36a35a51-0c22-4b27-95e9-15250fb09d2f: start 36a35a51-0c22-4b27-95e9-15250fb09d2f@group-6F26DEE77B20-LeaderElection26
2022-05-04 03:13:49,860 [50786c60-577d-4d1d-b3bc-3dc2ae741836@group-6F26DEE77B20-FollowerState] INFO  impl.FollowerState (FollowerState.java:run(134)) - 50786c60-577d-4d1d-b3bc-3dc2ae741836@group-6F26DEE77B20-FollowerState: change to CANDIDATE, lastRpcElapsedTime:5178173165ns, electionTimeout:5165ms
2022-05-04 03:13:49,861 [50786c60-577d-4d1d-b3bc-3dc2ae741836@group-6F26DEE77B20-FollowerState] INFO  impl.RoleInfo (RoleInfo.java:shutdownFollowerState(108)) - 50786c60-577d-4d1d-b3bc-3dc2ae741836: shutdown 50786c60-577d-4d1d-b3bc-3dc2ae741836@group-6F26DEE77B20-FollowerState
2022-05-04 03:13:49,861 [50786c60-577d-4d1d-b3bc-3dc2ae741836@group-6F26DEE77B20-FollowerState] INFO  server.RaftServer$Division (RaftServerImpl.java:setRole(290)) - 50786c60-577d-4d1d-b3bc-3dc2ae741836@group-6F26DEE77B20: changes role from  FOLLOWER to CANDIDATE at term 2 for changeToCandidate
2022-05-04 03:13:49,861 [50786c60-577d-4d1d-b3bc-3dc2ae741836@group-6F26DEE77B20-FollowerState] INFO  server.RaftServerConfigKeys (ConfUtils.java:logGet(44)) - raft.server.leaderelection.pre-vote = false (custom)
2022-05-04 03:13:49,861 [50786c60-577d-4d1d-b3bc-3dc2ae741836@group-6F26DEE77B20-FollowerState] INFO  impl.RoleInfo (RoleInfo.java:updateAndGet(130)) - 50786c60-577d-4d1d-b3bc-3dc2ae741836: start 50786c60-577d-4d1d-b3bc-3dc2ae741836@group-6F26DEE77B20-LeaderElection27
2022-05-04 03:13:49,866 [36a35a51-0c22-4b27-95e9-15250fb09d2f@group-6F26DEE77B20-LeaderElection26] INFO  impl.LeaderElection (LeaderElection.java:askForVotes(306)) - 36a35a51-0c22-4b27-95e9-15250fb09d2f@group-6F26DEE77B20-LeaderElection26 ELECTION round 0: submit vote requests at term 3 for -1: [50786c60-577d-4d1d-b3bc-3dc2ae741836|rpc:10.1.0.22:42585|dataStream:|priority:0, 36a35a51-0c22-4b27-95e9-15250fb09d2f|rpc:10.1.0.22:41095|dataStream:|priority:1, 3d91fce6-fc2e-4974-9eab-0da46cd4cdf8|rpc:10.1.0.22:40237|dataStream:|priority:0], old=null
2022-05-04 03:13:49,872 [50786c60-577d-4d1d-b3bc-3dc2ae741836@group-6F26DEE77B20-LeaderElection27] INFO  impl.LeaderElection (LeaderElection.java:askForVotes(306)) - 50786c60-577d-4d1d-b3bc-3dc2ae741836@group-6F26DEE77B20-LeaderElection27 ELECTION round 0: submit vote requests at term 3 for -1: [50786c60-577d-4d1d-b3bc-3dc2ae741836|rpc:10.1.0.22:42585|dataStream:|priority:0, 36a35a51-0c22-4b27-95e9-15250fb09d2f|rpc:10.1.0.22:41095|dataStream:|priority:1, 3d91fce6-fc2e-4974-9eab-0da46cd4cdf8|rpc:10.1.0.22:40237|dataStream:|priority:0], old=null
2022-05-04 03:13:49,891 [grpc-default-executor-1] INFO  server.RaftServer$Division (RaftServerImpl.java:requestVote(1046)) - 50786c60-577d-4d1d-b3bc-3dc2ae741836@group-6F26DEE77B20: receive requestVote(ELECTION, 36a35a51-0c22-4b27-95e9-15250fb09d2f, group-6F26DEE77B20, 3, (t:0, i:0))
2022-05-04 03:13:49,891 [grpc-default-executor-1] INFO  impl.VoteContext (VoteContext.java:log(48)) - 50786c60-577d-4d1d-b3bc-3dc2ae741836@group-6F26DEE77B20-CANDIDATE: reject ELECTION from 36a35a51-0c22-4b27-95e9-15250fb09d2f: already has voted for 50786c60-577d-4d1d-b3bc-3dc2ae741836 at current term 3
2022-05-04 03:13:49,891 [grpc-default-executor-1] INFO  server.RaftServer$Division (RaftServerImpl.java:requestVote(1078)) - 50786c60-577d-4d1d-b3bc-3dc2ae741836@group-6F26DEE77B20 replies to ELECTION vote request: 36a35a51-0c22-4b27-95e9-15250fb09d2f<-50786c60-577d-4d1d-b3bc-3dc2ae741836#0:FAIL-t3. Peer's state: 50786c60-577d-4d1d-b3bc-3dc2ae741836@group-6F26DEE77B20:t3, leader=null, voted=50786c60-577d-4d1d-b3bc-3dc2ae741836, raftlog=50786c60-577d-4d1d-b3bc-3dc2ae741836@group-6F26DEE77B20-SegmentedRaftLog:OPENED:c-1, conf=-1: [50786c60-577d-4d1d-b3bc-3dc2ae741836|rpc:10.1.0.22:42585|dataStream:|priority:0, 36a35a51-0c22-4b27-95e9-15250fb09d2f|rpc:10.1.0.22:41095|dataStream:|priority:1, 3d91fce6-fc2e-4974-9eab-0da46cd4cdf8|rpc:10.1.0.22:40237|dataStream:|priority:0], old=null
2022-05-04 03:13:49,906 [grpc-default-executor-1] INFO  server.RaftServer$Division (RaftServerImpl.java:requestVote(1046)) - 3d91fce6-fc2e-4974-9eab-0da46cd4cdf8@group-6F26DEE77B20: receive requestVote(ELECTION, 36a35a51-0c22-4b27-95e9-15250fb09d2f, group-6F26DEE77B20, 3, (t:0, i:0))
2022-05-04 03:13:49,906 [grpc-default-executor-1] INFO  impl.VoteContext (VoteContext.java:log(48)) - 3d91fce6-fc2e-4974-9eab-0da46cd4cdf8@group-6F26DEE77B20-FOLLOWER: accept ELECTION from 36a35a51-0c22-4b27-95e9-15250fb09d2f: our priority 0 <= candidate's priority 1
2022-05-04 03:13:49,907 [grpc-default-executor-1] INFO  server.RaftServer$Division (RaftServerImpl.java:setRole(290)) - 3d91fce6-fc2e-4974-9eab-0da46cd4cdf8@group-6F26DEE77B20: changes role from  FOLLOWER to FOLLOWER at term 3 for candidate:36a35a51-0c22-4b27-95e9-15250fb09d2f
2022-05-04 03:13:49,907 [grpc-default-executor-1] INFO  impl.RoleInfo (RoleInfo.java:shutdownFollowerState(108)) - 3d91fce6-fc2e-4974-9eab-0da46cd4cdf8: shutdown 3d91fce6-fc2e-4974-9eab-0da46cd4cdf8@group-6F26DEE77B20-FollowerState
2022-05-04 03:13:49,907 [grpc-default-executor-1] INFO  impl.RoleInfo (RoleInfo.java:updateAndGet(130)) - 3d91fce6-fc2e-4974-9eab-0da46cd4cdf8: start 3d91fce6-fc2e-4974-9eab-0da46cd4cdf8@group-6F26DEE77B20-FollowerState
2022-05-04 03:13:49,907 [3d91fce6-fc2e-4974-9eab-0da46cd4cdf8@group-6F26DEE77B20-FollowerState] INFO  impl.FollowerState (FollowerState.java:run(143)) - 3d91fce6-fc2e-4974-9eab-0da46cd4cdf8@group-6F26DEE77B20-FollowerState was interrupted: {}
java.lang.InterruptedException: sleep interrupted
	at java.lang.Thread.sleep(Native Method)
	at java.lang.Thread.sleep(Thread.java:342)
	at java.util.concurrent.TimeUnit.sleep(TimeUnit.java:386)
	at org.apache.ratis.util.TimeDuration.sleep(TimeDuration.java:324)
	at org.apache.ratis.util.TimeDuration.sleep(TimeDuration.java:309)
	at org.apache.ratis.server.impl.FollowerState.run(FollowerState.java:118)
2022-05-04 03:13:49,915 [grpc-default-executor-0] INFO  server.RaftServer$Division (RaftServerImpl.java:requestVote(1046)) - 3d91fce6-fc2e-4974-9eab-0da46cd4cdf8@group-6F26DEE77B20: receive requestVote(ELECTION, 50786c60-577d-4d1d-b3bc-3dc2ae741836, group-6F26DEE77B20, 3, (t:0, i:0))
2022-05-04 03:13:49,922 [grpc-default-executor-1] INFO  server.RaftServer$Division (RaftServerImpl.java:requestVote(1078)) - 3d91fce6-fc2e-4974-9eab-0da46cd4cdf8@group-6F26DEE77B20 replies to ELECTION vote request: 36a35a51-0c22-4b27-95e9-15250fb09d2f<-3d91fce6-fc2e-4974-9eab-0da46cd4cdf8#0:OK-t3. Peer's state: 3d91fce6-fc2e-4974-9eab-0da46cd4cdf8@group-6F26DEE77B20:t3, leader=null, voted=36a35a51-0c22-4b27-95e9-15250fb09d2f, raftlog=3d91fce6-fc2e-4974-9eab-0da46cd4cdf8@group-6F26DEE77B20-SegmentedRaftLog:OPENED:c-1, conf=-1: [50786c60-577d-4d1d-b3bc-3dc2ae741836|rpc:10.1.0.22:42585|priority:0, 36a35a51-0c22-4b27-95e9-15250fb09d2f|rpc:10.1.0.22:41095|priority:1, 3d91fce6-fc2e-4974-9eab-0da46cd4cdf8|rpc:10.1.0.22:40237|priority:0], old=null
2022-05-04 03:13:49,922 [grpc-default-executor-0] INFO  impl.VoteContext (VoteContext.java:log(48)) - 3d91fce6-fc2e-4974-9eab-0da46cd4cdf8@group-6F26DEE77B20-FOLLOWER: reject ELECTION from 50786c60-577d-4d1d-b3bc-3dc2ae741836: already has voted for 36a35a51-0c22-4b27-95e9-15250fb09d2f at current term 3
2022-05-04 03:13:49,923 [grpc-default-executor-0] INFO  server.RaftServer$Division (RaftServerImpl.java:requestVote(1078)) - 3d91fce6-fc2e-4974-9eab-0da46cd4cdf8@group-6F26DEE77B20 replies to ELECTION vote request: 50786c60-577d-4d1d-b3bc-3dc2ae741836<-3d91fce6-fc2e-4974-9eab-0da46cd4cdf8#0:FAIL-t3. Peer's state: 3d91fce6-fc2e-4974-9eab-0da46cd4cdf8@group-6F26DEE77B20:t3, leader=null, voted=36a35a51-0c22-4b27-95e9-15250fb09d2f, raftlog=3d91fce6-fc2e-4974-9eab-0da46cd4cdf8@group-6F26DEE77B20-SegmentedRaftLog:OPENED:c-1, conf=-1: [50786c60-577d-4d1d-b3bc-3dc2ae741836|rpc:10.1.0.22:42585|priority:0, 36a35a51-0c22-4b27-95e9-15250fb09d2f|rpc:10.1.0.22:41095|priority:1, 3d91fce6-fc2e-4974-9eab-0da46cd4cdf8|rpc:10.1.0.22:40237|priority:0], old=null
2022-05-04 03:13:49,924 [36a35a51-0c22-4b27-95e9-15250fb09d2f@group-6F26DEE77B20-LeaderElection26] INFO  impl.LeaderElection (LeaderElection.java:logAndReturn(89)) - 36a35a51-0c22-4b27-95e9-15250fb09d2f@group-6F26DEE77B20-LeaderElection26: ELECTION PASSED received 2 response(s) and 0 exception(s):
2022-05-04 03:13:49,924 [36a35a51-0c22-4b27-95e9-15250fb09d2f@group-6F26DEE77B20-LeaderElection26] INFO  impl.LeaderElection (LeaderElection.java:logAndReturn(93)) -   Response 0: 36a35a51-0c22-4b27-95e9-15250fb09d2f<-50786c60-577d-4d1d-b3bc-3dc2ae741836#0:FAIL-t3
2022-05-04 03:13:49,924 [36a35a51-0c22-4b27-95e9-15250fb09d2f@group-6F26DEE77B20-LeaderElection26] INFO  impl.LeaderElection (LeaderElection.java:logAndReturn(93)) -   Response 1: 36a35a51-0c22-4b27-95e9-15250fb09d2f<-3d91fce6-fc2e-4974-9eab-0da46cd4cdf8#0:OK-t3
2022-05-04 03:13:49,924 [36a35a51-0c22-4b27-95e9-15250fb09d2f@group-6F26DEE77B20-LeaderElection26] INFO  impl.LeaderElection (LeaderElection.java:askForVotes(308)) - 36a35a51-0c22-4b27-95e9-15250fb09d2f@group-6F26DEE77B20-LeaderElection26 ELECTION round 0: result PASSED
2022-05-04 03:13:49,924 [36a35a51-0c22-4b27-95e9-15250fb09d2f@group-6F26DEE77B20-LeaderElection26] INFO  impl.RoleInfo (RoleInfo.java:shutdownLeaderElection(121)) - 36a35a51-0c22-4b27-95e9-15250fb09d2f: shutdown 36a35a51-0c22-4b27-95e9-15250fb09d2f@group-6F26DEE77B20-LeaderElection26
2022-05-04 03:13:49,924 [36a35a51-0c22-4b27-95e9-15250fb09d2f@group-6F26DEE77B20-LeaderElection26] INFO  server.RaftServer$Division (RaftServerImpl.java:setRole(290)) - 36a35a51-0c22-4b27-95e9-15250fb09d2f@group-6F26DEE77B20: changes role from CANDIDATE to LEADER at term 3 for changeToLeader
2022-05-04 03:13:49,924 [36a35a51-0c22-4b27-95e9-15250fb09d2f@group-6F26DEE77B20-LeaderElection26] INFO  ratis.XceiverServerRatis (XceiverServerRatis.java:handleLeaderChangedNotification(863)) - Leader change notification received for group: group-6F26DEE77B20 with new leaderId: 36a35a51-0c22-4b27-95e9-15250fb09d2f
2022-05-04 03:13:49,926 [36a35a51-0c22-4b27-95e9-15250fb09d2f@group-6F26DEE77B20-LeaderElection26] INFO  server.RaftServer$Division (ServerState.java:setLeader(285)) - 36a35a51-0c22-4b27-95e9-15250fb09d2f@group-6F26DEE77B20: change Leader from null to 36a35a51-0c22-4b27-95e9-15250fb09d2f at term 3 for becomeLeader, leader elected after 15443ms
2022-05-04 03:13:49,926 [36a35a51-0c22-4b27-95e9-15250fb09d2f@group-6F26DEE77B20-LeaderElection26] INFO  server.RaftServerConfigKeys (ConfUtils.java:logGet(44)) - raft.server.staging.catchup.gap = 1000 (default)
2022-05-04 03:13:49,926 [36a35a51-0c22-4b27-95e9-15250fb09d2f@group-6F26DEE77B20-LeaderElection26] INFO  server.RaftServerConfigKeys (ConfUtils.java:logGet(44)) - raft.server.write.element-limit = 1024 (custom)
2022-05-04 03:13:49,926 [36a35a51-0c22-4b27-95e9-15250fb09d2f@group-6F26DEE77B20-LeaderElection26] INFO  server.RaftServerConfigKeys (ConfUtils.java:logGet(44)) - raft.server.write.byte-limit = 1024 M (=1073741824) (custom)
2022-05-04 03:13:49,937 [36a35a51-0c22-4b27-95e9-15250fb09d2f@group-6F26DEE77B20-LeaderElection26] INFO  server.RaftServerConfigKeys (ConfUtils.java:logGet(44)) - raft.server.watch.timeout = 180s (custom)
2022-05-04 03:13:49,937 [36a35a51-0c22-4b27-95e9-15250fb09d2f@group-6F26DEE77B20-LeaderElection26] INFO  server.RaftServerConfigKeys (ConfUtils.java:logGet(44)) - raft.server.watch.timeout.denomination = 1s (default)
2022-05-04 03:13:49,937 [36a35a51-0c22-4b27-95e9-15250fb09d2f@group-6F26DEE77B20-LeaderElection26] INFO  server.RaftServerConfigKeys (ConfUtils.java:logGet(44)) - raft.server.watch.element-limit = 65536 (default)
2022-05-04 03:13:49,938 [36a35a51-0c22-4b27-95e9-15250fb09d2f@group-6F26DEE77B20-LeaderElection26] INFO  server.RaftServerConfigKeys (ConfUtils.java:logGet(44)) - raft.server.write.element-limit = 1024 (custom)
2022-05-04 03:13:49,938 [36a35a51-0c22-4b27-95e9-15250fb09d2f@group-6F26DEE77B20-LeaderElection26] INFO  server.RaftServerConfigKeys (ConfUtils.java:logGet(44)) - raft.server.write.follower.gap.ratio.max = -1.0 (default)
2022-05-04 03:13:49,938 [36a35a51-0c22-4b27-95e9-15250fb09d2f@group-6F26DEE77B20-LeaderElection26] INFO  server.RaftServerConfigKeys (ConfUtils.java:logGet(44)) - raft.server.log.appender.snapshot.chunk.size.max = 16MB (=16777216) (default)
2022-05-04 03:13:49,938 [36a35a51-0c22-4b27-95e9-15250fb09d2f@group-6F26DEE77B20-LeaderElection26] INFO  server.RaftServerConfigKeys (ConfUtils.java:logGet(44)) - raft.server.log.appender.buffer.byte-limit = 33554432 (custom)
2022-05-04 03:13:49,938 [36a35a51-0c22-4b27-95e9-15250fb09d2f@group-6F26DEE77B20-LeaderElection26] INFO  server.RaftServerConfigKeys (ConfUtils.java:logGet(44)) - raft.server.log.appender.buffer.element-limit = 1 (custom)
2022-05-04 03:13:49,938 [36a35a51-0c22-4b27-95e9-15250fb09d2f@group-6F26DEE77B20-LeaderElection26] INFO  grpc.GrpcConfigKeys (ConfUtils.java:logGet(44)) - raft.grpc.server.leader.outstanding.appends.max = 128 (default)
2022-05-04 03:13:49,938 [36a35a51-0c22-4b27-95e9-15250fb09d2f@group-6F26DEE77B20-LeaderElection26] INFO  server.RaftServerConfigKeys (ConfUtils.java:logGet(44)) - raft.server.rpc.request.timeout = 60s (custom)
2022-05-04 03:13:49,938 [36a35a51-0c22-4b27-95e9-15250fb09d2f@group-6F26DEE77B20-LeaderElection26] INFO  server.RaftServerConfigKeys (ConfUtils.java:logGet(44)) - raft.server.log.appender.install.snapshot.enabled = false (custom)
2022-05-04 03:13:49,939 [36a35a51-0c22-4b27-95e9-15250fb09d2f@group-6F26DEE77B20-LeaderElection26] INFO  server.RaftServerConfigKeys (ConfUtils.java:logGet(44)) - raft.server.log.appender.snapshot.chunk.size.max = 16MB (=16777216) (default)
2022-05-04 03:13:49,939 [36a35a51-0c22-4b27-95e9-15250fb09d2f@group-6F26DEE77B20-LeaderElection26] INFO  server.RaftServerConfigKeys (ConfUtils.java:logGet(44)) - raft.server.log.appender.buffer.byte-limit = 33554432 (custom)
2022-05-04 03:13:49,939 [36a35a51-0c22-4b27-95e9-15250fb09d2f@group-6F26DEE77B20-LeaderElection26] INFO  server.RaftServerConfigKeys (ConfUtils.java:logGet(44)) - raft.server.log.appender.buffer.element-limit = 1 (custom)
2022-05-04 03:13:49,939 [36a35a51-0c22-4b27-95e9-15250fb09d2f@group-6F26DEE77B20-LeaderElection26] INFO  grpc.GrpcConfigKeys (ConfUtils.java:logGet(44)) - raft.grpc.server.leader.outstanding.appends.max = 128 (default)
2022-05-04 03:13:49,939 [36a35a51-0c22-4b27-95e9-15250fb09d2f@group-6F26DEE77B20-LeaderElection26] INFO  server.RaftServerConfigKeys (ConfUtils.java:logGet(44)) - raft.server.rpc.request.timeout = 60s (custom)
2022-05-04 03:13:49,939 [36a35a51-0c22-4b27-95e9-15250fb09d2f@group-6F26DEE77B20-LeaderElection26] INFO  server.RaftServerConfigKeys (ConfUtils.java:logGet(44)) - raft.server.log.appender.install.snapshot.enabled = false (custom)
2022-05-04 03:13:49,940 [36a35a51-0c22-4b27-95e9-15250fb09d2f@group-6F26DEE77B20-LeaderElection26] INFO  impl.RoleInfo (RoleInfo.java:updateAndGet(130)) - 36a35a51-0c22-4b27-95e9-15250fb09d2f: start 36a35a51-0c22-4b27-95e9-15250fb09d2f@group-6F26DEE77B20-LeaderStateImpl
2022-05-04 03:13:49,940 [36a35a51-0c22-4b27-95e9-15250fb09d2f@group-6F26DEE77B20-LeaderElection26] INFO  segmented.SegmentedRaftLogWorker (SegmentedRaftLogWorker.java:startLogSegment(394)) - 36a35a51-0c22-4b27-95e9-15250fb09d2f@group-6F26DEE77B20-SegmentedRaftLogWorker: Starting segment from index:0
2022-05-04 03:13:49,941 [EventQueue-PipelineReportForPipelineReportHandler] INFO  pipeline.PipelineManagerImpl (PipelineManagerImpl.java:openPipeline(328)) - Pipeline Pipeline[ Id: 86a0a906-d3d9-4222-80e3-6f26dee77b20, Nodes: 36a35a51-0c22-4b27-95e9-15250fb09d2f{ip: 10.1.0.22, host: fv-az270-73.tacnzluakwdehk1hpragurqkma.bx.internal.cloudapp.net, ports: [REPLICATION=41943, RATIS=41095, RATIS_ADMIN=41095, RATIS_SERVER=41095, STANDALONE=41715], networkLocation: /default-rack, certSerialId: null, persistedOpState: IN_SERVICE, persistedOpStateExpiryEpochSec: 0}3d91fce6-fc2e-4974-9eab-0da46cd4cdf8{ip: 10.1.0.22, host: fv-az270-73.tacnzluakwdehk1hpragurqkma.bx.internal.cloudapp.net, ports: [REPLICATION=46207, RATIS=40237, RATIS_ADMIN=40237, RATIS_SERVER=40237, STANDALONE=41123], networkLocation: /default-rack, certSerialId: null, persistedOpState: IN_SERVICE, persistedOpStateExpiryEpochSec: 0}50786c60-577d-4d1d-b3bc-3dc2ae741836{ip: 10.1.0.22, host: fv-az270-73.tacnzluakwdehk1hpragurqkma.bx.internal.cloudapp.net, ports: [REPLICATION=38525, RATIS=42585, RATIS_ADMIN=42585, RATIS_SERVER=42585, STANDALONE=39033], networkLocation: /default-rack, certSerialId: null, persistedOpState: IN_SERVICE, persistedOpStateExpiryEpochSec: 0}, ReplicationConfig: RATIS/THREE, State:ALLOCATED, leaderId:36a35a51-0c22-4b27-95e9-15250fb09d2f, CreationTimestamp2022-05-04T03:13:32.703Z[Etc/UTC]] moved to OPEN state
2022-05-04 03:13:49,942 [EventQueue-OpenPipelineForHealthyPipelineSafeModeRule] INFO  safemode.SCMSafeModeManager (HealthyPipelineSafeModeRule.java:process(124)) - SCM in safe mode. Healthy pipelines reported count is 0, required healthy pipeline reported count is 1
2022-05-04 03:13:49,937 [grpc-default-executor-2] INFO  server.RaftServer$Division (RaftServerImpl.java:requestVote(1046)) - 36a35a51-0c22-4b27-95e9-15250fb09d2f@group-6F26DEE77B20: receive requestVote(ELECTION, 50786c60-577d-4d1d-b3bc-3dc2ae741836, group-6F26DEE77B20, 3, (t:0, i:0))
2022-05-04 03:13:49,942 [EventQueue-OpenPipelineForHealthyPipelineSafeModeRule] INFO  safemode.SCMSafeModeManager (HealthyPipelineSafeModeRule.java:process(124)) - SCM in safe mode. Healthy pipelines reported count is 1, required healthy pipeline reported count is 1
2022-05-04 03:13:49,942 [EventQueue-OpenPipelineForHealthyPipelineSafeModeRule] INFO  safemode.SCMSafeModeManager (SCMSafeModeManager.java:validateSafeModeExitRules(204)) - HealthyPipelineSafeModeRule rule is successfully validated
2022-05-04 03:13:49,942 [EventQueue-OpenPipelineForHealthyPipelineSafeModeRule] INFO  safemode.SCMSafeModeManager (SCMSafeModeManager.java:validateSafeModeExitRules(219)) - ScmSafeModeManager, all rules are successfully validated
2022-05-04 03:13:49,942 [EventQueue-OpenPipelineForHealthyPipelineSafeModeRule] INFO  safemode.SCMSafeModeManager (SCMSafeModeManager.java:exitSafeMode(248)) - SCM exiting safe mode.
2022-05-04 03:13:49,942 [EventQueue-OpenPipelineForHealthyPipelineSafeModeRule] WARN  events.EventQueue (EventQueue.java:fireEvent(194)) - No event handler registered for event TypedEvent{payloadType=SafeModeStatus, name='Safe mode status'}
2022-05-04 03:13:49,942 [EventQueue-OpenPipelineForHealthyPipelineSafeModeRule] INFO  ha.SCMContext (SCMContext.java:updateSafeModeStatus(211)) - Update SafeModeStatus from SafeModeStatus{safeModeStatus=true, preCheckPassed=true} to SafeModeStatus{safeModeStatus=false, preCheckPassed=true}.
2022-05-04 03:13:49,942 [EventQueue-OpenPipelineForHealthyPipelineSafeModeRule] INFO  pipeline.BackgroundPipelineCreator (BackgroundPipelineCreator.java:notifyStatusChanged(249)) - Service BackgroundPipelineCreator transitions to RUNNING.
2022-05-04 03:13:49,943 [EventQueue-OpenPipelineForHealthyPipelineSafeModeRule] INFO  pipeline.BackgroundPipelineScrubber (BackgroundPipelineScrubber.java:notifyStatusChanged(86)) - Service BackgroundPipelineScrubber transitions to RUNNING.
2022-05-04 03:13:49,943 [EventQueue-OpenPipelineForHealthyPipelineSafeModeRule] INFO  container.ReplicationManager (ReplicationManager.java:notifyStatusChanged(1815)) - Service ReplicationManager transitions to RUNNING.
2022-05-04 03:13:49,943 [36a35a51-0c22-4b27-95e9-15250fb09d2f@group-6F26DEE77B20-SegmentedRaftLogWorker] INFO  segmented.SegmentedRaftLogWorker (SegmentedRaftLogWorker.java:execute(601)) - 36a35a51-0c22-4b27-95e9-15250fb09d2f@group-6F26DEE77B20-SegmentedRaftLogWorker: created new log segment /home/runner/work/ozone/ozone/hadoop-ozone/integration-test/target/test-dir/MiniOzoneClusterImpl-16b4eb12-8d22-44ef-95c0-40f9ce645855/datanode-1/data/ratis/86a0a906-d3d9-4222-80e3-6f26dee77b20/current/log_inprogress_0
2022-05-04 03:13:49,974 [36a35a51-0c22-4b27-95e9-15250fb09d2f@group-6F26DEE77B20-LeaderElection26] INFO  server.RaftServer$Division (ServerState.java:setRaftConf(387)) - 36a35a51-0c22-4b27-95e9-15250fb09d2f@group-6F26DEE77B20: set configuration 0: [50786c60-577d-4d1d-b3bc-3dc2ae741836|rpc:10.1.0.22:42585|dataStream:|priority:0, 36a35a51-0c22-4b27-95e9-15250fb09d2f|rpc:10.1.0.22:41095|dataStream:|priority:1, 3d91fce6-fc2e-4974-9eab-0da46cd4cdf8|rpc:10.1.0.22:40237|dataStream:|priority:0], old=null
2022-05-04 03:13:49,983 [grpc-default-executor-2] INFO  impl.VoteContext (VoteContext.java:log(48)) - 36a35a51-0c22-4b27-95e9-15250fb09d2f@group-6F26DEE77B20-LEADER: reject ELECTION from 50786c60-577d-4d1d-b3bc-3dc2ae741836: already has voted for 36a35a51-0c22-4b27-95e9-15250fb09d2f at current term 3
2022-05-04 03:13:49,983 [grpc-default-executor-2] INFO  server.RaftServer$Division (RaftServerImpl.java:requestVote(1078)) - 36a35a51-0c22-4b27-95e9-15250fb09d2f@group-6F26DEE77B20 replies to ELECTION vote request: 50786c60-577d-4d1d-b3bc-3dc2ae741836<-36a35a51-0c22-4b27-95e9-15250fb09d2f#0:FAIL-t3. Peer's state: 36a35a51-0c22-4b27-95e9-15250fb09d2f@group-6F26DEE77B20:t3, leader=36a35a51-0c22-4b27-95e9-15250fb09d2f, voted=36a35a51-0c22-4b27-95e9-15250fb09d2f, raftlog=36a35a51-0c22-4b27-95e9-15250fb09d2f@group-6F26DEE77B20-SegmentedRaftLog:OPENED:c0, conf=0: [50786c60-577d-4d1d-b3bc-3dc2ae741836|rpc:10.1.0.22:42585|dataStream:|priority:0, 36a35a51-0c22-4b27-95e9-15250fb09d2f|rpc:10.1.0.22:41095|dataStream:|priority:1, 3d91fce6-fc2e-4974-9eab-0da46cd4cdf8|rpc:10.1.0.22:40237|dataStream:|priority:0], old=null
2022-05-04 03:13:49,984 [50786c60-577d-4d1d-b3bc-3dc2ae741836@group-6F26DEE77B20-LeaderElection27] INFO  impl.LeaderElection (LeaderElection.java:logAndReturn(89)) - 50786c60-577d-4d1d-b3bc-3dc2ae741836@group-6F26DEE77B20-LeaderElection27: ELECTION REJECTED received 2 response(s) and 0 exception(s):
2022-05-04 03:13:49,984 [50786c60-577d-4d1d-b3bc-3dc2ae741836@group-6F26DEE77B20-LeaderElection27] INFO  impl.LeaderElection (LeaderElection.java:logAndReturn(93)) -   Response 0: 50786c60-577d-4d1d-b3bc-3dc2ae741836<-36a35a51-0c22-4b27-95e9-15250fb09d2f#0:FAIL-t3
2022-05-04 03:13:49,984 [50786c60-577d-4d1d-b3bc-3dc2ae741836@group-6F26DEE77B20-LeaderElection27] INFO  impl.LeaderElection (LeaderElection.java:logAndReturn(93)) -   Response 1: 50786c60-577d-4d1d-b3bc-3dc2ae741836<-3d91fce6-fc2e-4974-9eab-0da46cd4cdf8#0:FAIL-t3
2022-05-04 03:13:49,984 [50786c60-577d-4d1d-b3bc-3dc2ae741836@group-6F26DEE77B20-LeaderElection27] INFO  impl.LeaderElection (LeaderElection.java:askForVotes(308)) - 50786c60-577d-4d1d-b3bc-3dc2ae741836@group-6F26DEE77B20-LeaderElection27 ELECTION round 0: result REJECTED
2022-05-04 03:13:49,984 [50786c60-577d-4d1d-b3bc-3dc2ae741836@group-6F26DEE77B20-LeaderElection27] INFO  server.RaftServer$Division (RaftServerImpl.java:setRole(290)) - 50786c60-577d-4d1d-b3bc-3dc2ae741836@group-6F26DEE77B20: changes role from CANDIDATE to FOLLOWER at term 3 for REJECTED
2022-05-04 03:13:49,984 [50786c60-577d-4d1d-b3bc-3dc2ae741836@group-6F26DEE77B20-LeaderElection27] INFO  impl.RoleInfo (RoleInfo.java:shutdownLeaderElection(121)) - 50786c60-577d-4d1d-b3bc-3dc2ae741836: shutdown 50786c60-577d-4d1d-b3bc-3dc2ae741836@group-6F26DEE77B20-LeaderElection27
2022-05-04 03:13:49,984 [50786c60-577d-4d1d-b3bc-3dc2ae741836@group-6F26DEE77B20-LeaderElection27] INFO  impl.RoleInfo (RoleInfo.java:updateAndGet(130)) - 50786c60-577d-4d1d-b3bc-3dc2ae741836: start 50786c60-577d-4d1d-b3bc-3dc2ae741836@group-6F26DEE77B20-FollowerState
2022-05-04 03:13:50,022 [grpc-default-executor-1] INFO  ratis.XceiverServerRatis (XceiverServerRatis.java:handleLeaderChangedNotification(863)) - Leader change notification received for group: group-6F26DEE77B20 with new leaderId: 36a35a51-0c22-4b27-95e9-15250fb09d2f
2022-05-04 03:13:50,022 [grpc-default-executor-1] INFO  server.RaftServer$Division (ServerState.java:setLeader(285)) - 3d91fce6-fc2e-4974-9eab-0da46cd4cdf8@group-6F26DEE77B20: change Leader from null to 36a35a51-0c22-4b27-95e9-15250fb09d2f at term 3 for appendEntries, leader elected after 15711ms
2022-05-04 03:13:50,039 [grpc-default-executor-0] INFO  ratis.XceiverServerRatis (XceiverServerRatis.java:handleLeaderChangedNotification(863)) - Leader change notification received for group: group-6F26DEE77B20 with new leaderId: 36a35a51-0c22-4b27-95e9-15250fb09d2f
2022-05-04 03:13:50,039 [grpc-default-executor-0] INFO  server.RaftServer$Division (ServerState.java:setLeader(285)) - 50786c60-577d-4d1d-b3bc-3dc2ae741836@group-6F26DEE77B20: change Leader from null to 36a35a51-0c22-4b27-95e9-15250fb09d2f at term 3 for appendEntries, leader elected after 15437ms
2022-05-04 03:13:50,040 [grpc-default-executor-1] INFO  server.RaftServer$Division (ServerState.java:setRaftConf(387)) - 3d91fce6-fc2e-4974-9eab-0da46cd4cdf8@group-6F26DEE77B20: set configuration 0: [50786c60-577d-4d1d-b3bc-3dc2ae741836|rpc:10.1.0.22:42585|dataStream:|priority:0, 36a35a51-0c22-4b27-95e9-15250fb09d2f|rpc:10.1.0.22:41095|dataStream:|priority:1, 3d91fce6-fc2e-4974-9eab-0da46cd4cdf8|rpc:10.1.0.22:40237|dataStream:|priority:0], old=null
2022-05-04 03:13:50,040 [grpc-default-executor-1] INFO  segmented.SegmentedRaftLogWorker (SegmentedRaftLogWorker.java:startLogSegment(394)) - 3d91fce6-fc2e-4974-9eab-0da46cd4cdf8@group-6F26DEE77B20-SegmentedRaftLogWorker: Starting segment from index:0
2022-05-04 03:13:50,046 [grpc-default-executor-0] INFO  server.RaftServer$Division (ServerState.java:setRaftConf(387)) - 50786c60-577d-4d1d-b3bc-3dc2ae741836@group-6F26DEE77B20: set configuration 0: [50786c60-577d-4d1d-b3bc-3dc2ae741836|rpc:10.1.0.22:42585|dataStream:|priority:0, 36a35a51-0c22-4b27-95e9-15250fb09d2f|rpc:10.1.0.22:41095|dataStream:|priority:1, 3d91fce6-fc2e-4974-9eab-0da46cd4cdf8|rpc:10.1.0.22:40237|dataStream:|priority:0], old=null
2022-05-04 03:13:50,046 [grpc-default-executor-0] INFO  segmented.SegmentedRaftLogWorker (SegmentedRaftLogWorker.java:startLogSegment(394)) - 50786c60-577d-4d1d-b3bc-3dc2ae741836@group-6F26DEE77B20-SegmentedRaftLogWorker: Starting segment from index:0
2022-05-04 03:13:50,051 [50786c60-577d-4d1d-b3bc-3dc2ae741836@group-6F26DEE77B20-SegmentedRaftLogWorker] INFO  segmented.SegmentedRaftLogWorker (SegmentedRaftLogWorker.java:execute(601)) - 50786c60-577d-4d1d-b3bc-3dc2ae741836@group-6F26DEE77B20-SegmentedRaftLogWorker: created new log segment /home/runner/work/ozone/ozone/hadoop-ozone/integration-test/target/test-dir/MiniOzoneClusterImpl-16b4eb12-8d22-44ef-95c0-40f9ce645855/datanode-2/data/ratis/86a0a906-d3d9-4222-80e3-6f26dee77b20/current/log_inprogress_0
2022-05-04 03:13:50,053 [3d91fce6-fc2e-4974-9eab-0da46cd4cdf8@group-6F26DEE77B20-SegmentedRaftLogWorker] INFO  segmented.SegmentedRaftLogWorker (SegmentedRaftLogWorker.java:execute(601)) - 3d91fce6-fc2e-4974-9eab-0da46cd4cdf8@group-6F26DEE77B20-SegmentedRaftLogWorker: created new log segment /home/runner/work/ozone/ozone/hadoop-ozone/integration-test/target/test-dir/MiniOzoneClusterImpl-16b4eb12-8d22-44ef-95c0-40f9ce645855/datanode-0/data/ratis/86a0a906-d3d9-4222-80e3-6f26dee77b20/current/log_inprogress_0
2022-05-04 03:13:50,135 [50786c60-577d-4d1d-b3bc-3dc2ae741836@group-CCCC3F4E889C-FollowerState] INFO  impl.FollowerState (FollowerState.java:run(134)) - 50786c60-577d-4d1d-b3bc-3dc2ae741836@group-CCCC3F4E889C-FollowerState: change to CANDIDATE, lastRpcElapsedTime:5150662576ns, electionTimeout:5149ms
2022-05-04 03:13:50,136 [50786c60-577d-4d1d-b3bc-3dc2ae741836@group-CCCC3F4E889C-FollowerState] INFO  impl.RoleInfo (RoleInfo.java:shutdownFollowerState(108)) - 50786c60-577d-4d1d-b3bc-3dc2ae741836: shutdown 50786c60-577d-4d1d-b3bc-3dc2ae741836@group-CCCC3F4E889C-FollowerState
2022-05-04 03:13:50,136 [50786c60-577d-4d1d-b3bc-3dc2ae741836@group-CCCC3F4E889C-FollowerState] INFO  server.RaftServer$Division (RaftServerImpl.java:setRole(290)) - 50786c60-577d-4d1d-b3bc-3dc2ae741836@group-CCCC3F4E889C: changes role from  FOLLOWER to CANDIDATE at term 2 for changeToCandidate
2022-05-04 03:13:50,136 [50786c60-577d-4d1d-b3bc-3dc2ae741836@group-CCCC3F4E889C-FollowerState] INFO  server.RaftServerConfigKeys (ConfUtils.java:logGet(44)) - raft.server.leaderelection.pre-vote = false (custom)
2022-05-04 03:13:50,136 [50786c60-577d-4d1d-b3bc-3dc2ae741836@group-CCCC3F4E889C-FollowerState] INFO  impl.RoleInfo (RoleInfo.java:updateAndGet(130)) - 50786c60-577d-4d1d-b3bc-3dc2ae741836: start 50786c60-577d-4d1d-b3bc-3dc2ae741836@group-CCCC3F4E889C-LeaderElection28
2022-05-04 03:13:50,139 [36a35a51-0c22-4b27-95e9-15250fb09d2f@group-CCCC3F4E889C-FollowerState] INFO  impl.FollowerState (FollowerState.java:run(134)) - 36a35a51-0c22-4b27-95e9-15250fb09d2f@group-CCCC3F4E889C-FollowerState: change to CANDIDATE, lastRpcElapsedTime:5136642632ns, electionTimeout:5093ms
2022-05-04 03:13:50,139 [36a35a51-0c22-4b27-95e9-15250fb09d2f@group-CCCC3F4E889C-FollowerState] INFO  impl.RoleInfo (RoleInfo.java:shutdownFollowerState(108)) - 36a35a51-0c22-4b27-95e9-15250fb09d2f: shutdown 36a35a51-0c22-4b27-95e9-15250fb09d2f@group-CCCC3F4E889C-FollowerState
2022-05-04 03:13:50,139 [36a35a51-0c22-4b27-95e9-15250fb09d2f@group-CCCC3F4E889C-FollowerState] INFO  server.RaftServer$Division (RaftServerImpl.java:setRole(290)) - 36a35a51-0c22-4b27-95e9-15250fb09d2f@group-CCCC3F4E889C: changes role from  FOLLOWER to CANDIDATE at term 2 for changeToCandidate
2022-05-04 03:13:50,139 [36a35a51-0c22-4b27-95e9-15250fb09d2f@group-CCCC3F4E889C-FollowerState] INFO  server.RaftServerConfigKeys (ConfUtils.java:logGet(44)) - raft.server.leaderelection.pre-vote = false (custom)
2022-05-04 03:13:50,139 [36a35a51-0c22-4b27-95e9-15250fb09d2f@group-CCCC3F4E889C-FollowerState] INFO  impl.RoleInfo (RoleInfo.java:updateAndGet(130)) - 36a35a51-0c22-4b27-95e9-15250fb09d2f: start 36a35a51-0c22-4b27-95e9-15250fb09d2f@group-CCCC3F4E889C-LeaderElection29
2022-05-04 03:13:50,148 [36a35a51-0c22-4b27-95e9-15250fb09d2f@group-CCCC3F4E889C-LeaderElection29] INFO  impl.LeaderElection (LeaderElection.java:askForVotes(306)) - 36a35a51-0c22-4b27-95e9-15250fb09d2f@group-CCCC3F4E889C-LeaderElection29 ELECTION round 0: submit vote requests at term 3 for -1: [50786c60-577d-4d1d-b3bc-3dc2ae741836|rpc:10.1.0.22:42585|dataStream:|priority:1, 36a35a51-0c22-4b27-95e9-15250fb09d2f|rpc:10.1.0.22:41095|dataStream:|priority:0, 3d91fce6-fc2e-4974-9eab-0da46cd4cdf8|rpc:10.1.0.22:40237|dataStream:|priority:0], old=null
2022-05-04 03:13:50,155 [grpc-default-executor-1] INFO  server.RaftServer$Division (RaftServerImpl.java:requestVote(1046)) - 50786c60-577d-4d1d-b3bc-3dc2ae741836@group-CCCC3F4E889C: receive requestVote(ELECTION, 36a35a51-0c22-4b27-95e9-15250fb09d2f, group-CCCC3F4E889C, 3, (t:0, i:0))
2022-05-04 03:13:50,162 [50786c60-577d-4d1d-b3bc-3dc2ae741836@group-CCCC3F4E889C-LeaderElection28] INFO  impl.LeaderElection (LeaderElection.java:askForVotes(306)) - 50786c60-577d-4d1d-b3bc-3dc2ae741836@group-CCCC3F4E889C-LeaderElection28 ELECTION round 0: submit vote requests at term 3 for -1: [50786c60-577d-4d1d-b3bc-3dc2ae741836|rpc:10.1.0.22:42585|dataStream:|priority:1, 36a35a51-0c22-4b27-95e9-15250fb09d2f|rpc:10.1.0.22:41095|dataStream:|priority:0, 3d91fce6-fc2e-4974-9eab-0da46cd4cdf8|rpc:10.1.0.22:40237|dataStream:|priority:0], old=null
2022-05-04 03:13:50,162 [grpc-default-executor-1] INFO  impl.VoteContext (VoteContext.java:log(48)) - 50786c60-577d-4d1d-b3bc-3dc2ae741836@group-CCCC3F4E889C-CANDIDATE: reject ELECTION from 36a35a51-0c22-4b27-95e9-15250fb09d2f: already has voted for 50786c60-577d-4d1d-b3bc-3dc2ae741836 at current term 3
2022-05-04 03:13:50,162 [grpc-default-executor-1] INFO  server.RaftServer$Division (RaftServerImpl.java:requestVote(1078)) - 50786c60-577d-4d1d-b3bc-3dc2ae741836@group-CCCC3F4E889C replies to ELECTION vote request: 36a35a51-0c22-4b27-95e9-15250fb09d2f<-50786c60-577d-4d1d-b3bc-3dc2ae741836#0:FAIL-t3. Peer's state: 50786c60-577d-4d1d-b3bc-3dc2ae741836@group-CCCC3F4E889C:t3, leader=null, voted=50786c60-577d-4d1d-b3bc-3dc2ae741836, raftlog=50786c60-577d-4d1d-b3bc-3dc2ae741836@group-CCCC3F4E889C-SegmentedRaftLog:OPENED:c-1, conf=-1: [50786c60-577d-4d1d-b3bc-3dc2ae741836|rpc:10.1.0.22:42585|dataStream:|priority:1, 36a35a51-0c22-4b27-95e9-15250fb09d2f|rpc:10.1.0.22:41095|dataStream:|priority:0, 3d91fce6-fc2e-4974-9eab-0da46cd4cdf8|rpc:10.1.0.22:40237|dataStream:|priority:0], old=null
2022-05-04 03:13:50,174 [36a35a51-0c22-4b27-95e9-15250fb09d2f@group-CCCC3F4E889C-LeaderElection29] INFO  impl.LeaderElection (LeaderElection.java:logAndReturn(89)) - 36a35a51-0c22-4b27-95e9-15250fb09d2f@group-CCCC3F4E889C-LeaderElection29: ELECTION REJECTED received 1 response(s) and 0 exception(s):
2022-05-04 03:13:50,174 [36a35a51-0c22-4b27-95e9-15250fb09d2f@group-CCCC3F4E889C-LeaderElection29] INFO  impl.LeaderElection (LeaderElection.java:logAndReturn(93)) -   Response 0: 36a35a51-0c22-4b27-95e9-15250fb09d2f<-50786c60-577d-4d1d-b3bc-3dc2ae741836#0:FAIL-t3
2022-05-04 03:13:50,174 [36a35a51-0c22-4b27-95e9-15250fb09d2f@group-CCCC3F4E889C-LeaderElection29] INFO  impl.LeaderElection (LeaderElection.java:askForVotes(308)) - 36a35a51-0c22-4b27-95e9-15250fb09d2f@group-CCCC3F4E889C-LeaderElection29 ELECTION round 0: result REJECTED
2022-05-04 03:13:50,174 [36a35a51-0c22-4b27-95e9-15250fb09d2f@group-CCCC3F4E889C-LeaderElection29] INFO  server.RaftServer$Division (RaftServerImpl.java:setRole(290)) - 36a35a51-0c22-4b27-95e9-15250fb09d2f@group-CCCC3F4E889C: changes role from CANDIDATE to FOLLOWER at term 3 for REJECTED
2022-05-04 03:13:50,174 [36a35a51-0c22-4b27-95e9-15250fb09d2f@group-CCCC3F4E889C-LeaderElection29] INFO  impl.RoleInfo (RoleInfo.java:shutdownLeaderElection(121)) - 36a35a51-0c22-4b27-95e9-15250fb09d2f: shutdown 36a35a51-0c22-4b27-95e9-15250fb09d2f@group-CCCC3F4E889C-LeaderElection29
2022-05-04 03:13:50,174 [36a35a51-0c22-4b27-95e9-15250fb09d2f@group-CCCC3F4E889C-LeaderElection29] INFO  impl.RoleInfo (RoleInfo.java:updateAndGet(130)) - 36a35a51-0c22-4b27-95e9-15250fb09d2f: start 36a35a51-0c22-4b27-95e9-15250fb09d2f@group-CCCC3F4E889C-FollowerState
2022-05-04 03:13:50,179 [grpc-default-executor-1] INFO  server.RaftServer$Division (RaftServerImpl.java:requestVote(1046)) - 36a35a51-0c22-4b27-95e9-15250fb09d2f@group-CCCC3F4E889C: receive requestVote(ELECTION, 50786c60-577d-4d1d-b3bc-3dc2ae741836, group-CCCC3F4E889C, 3, (t:0, i:0))
2022-05-04 03:13:50,179 [grpc-default-executor-1] INFO  impl.VoteContext (VoteContext.java:log(48)) - 36a35a51-0c22-4b27-95e9-15250fb09d2f@group-CCCC3F4E889C-FOLLOWER: reject ELECTION from 50786c60-577d-4d1d-b3bc-3dc2ae741836: already has voted for 36a35a51-0c22-4b27-95e9-15250fb09d2f at current term 3
2022-05-04 03:13:50,179 [grpc-default-executor-1] INFO  server.RaftServer$Division (RaftServerImpl.java:requestVote(1078)) - 36a35a51-0c22-4b27-95e9-15250fb09d2f@group-CCCC3F4E889C replies to ELECTION vote request: 50786c60-577d-4d1d-b3bc-3dc2ae741836<-36a35a51-0c22-4b27-95e9-15250fb09d2f#0:FAIL-t3. Peer's state: 36a35a51-0c22-4b27-95e9-15250fb09d2f@group-CCCC3F4E889C:t3, leader=null, voted=36a35a51-0c22-4b27-95e9-15250fb09d2f, raftlog=36a35a51-0c22-4b27-95e9-15250fb09d2f@group-CCCC3F4E889C-SegmentedRaftLog:OPENED:c-1, conf=-1: [50786c60-577d-4d1d-b3bc-3dc2ae741836|rpc:10.1.0.22:42585|dataStream:|priority:1, 36a35a51-0c22-4b27-95e9-15250fb09d2f|rpc:10.1.0.22:41095|dataStream:|priority:0, 3d91fce6-fc2e-4974-9eab-0da46cd4cdf8|rpc:10.1.0.22:40237|dataStream:|priority:0], old=null
2022-05-04 03:13:50,180 [grpc-default-executor-0] INFO  server.RaftServer$Division (RaftServerImpl.java:requestVote(1046)) - 3d91fce6-fc2e-4974-9eab-0da46cd4cdf8@group-CCCC3F4E889C: receive requestVote(ELECTION, 36a35a51-0c22-4b27-95e9-15250fb09d2f, group-CCCC3F4E889C, 3, (t:0, i:0))
2022-05-04 03:13:50,180 [grpc-default-executor-0] INFO  impl.VoteContext (VoteContext.java:log(48)) - 3d91fce6-fc2e-4974-9eab-0da46cd4cdf8@group-CCCC3F4E889C-FOLLOWER: accept ELECTION from 36a35a51-0c22-4b27-95e9-15250fb09d2f: our priority 0 <= candidate's priority 0
2022-05-04 03:13:50,180 [grpc-default-executor-0] INFO  server.RaftServer$Division (RaftServerImpl.java:setRole(290)) - 3d91fce6-fc2e-4974-9eab-0da46cd4cdf8@group-CCCC3F4E889C: changes role from  FOLLOWER to FOLLOWER at term 3 for candidate:36a35a51-0c22-4b27-95e9-15250fb09d2f
2022-05-04 03:13:50,180 [grpc-default-executor-0] INFO  impl.RoleInfo (RoleInfo.java:shutdownFollowerState(108)) - 3d91fce6-fc2e-4974-9eab-0da46cd4cdf8: shutdown 3d91fce6-fc2e-4974-9eab-0da46cd4cdf8@group-CCCC3F4E889C-FollowerState
2022-05-04 03:13:50,180 [grpc-default-executor-0] INFO  impl.RoleInfo (RoleInfo.java:updateAndGet(130)) - 3d91fce6-fc2e-4974-9eab-0da46cd4cdf8: start 3d91fce6-fc2e-4974-9eab-0da46cd4cdf8@group-CCCC3F4E889C-FollowerState
2022-05-04 03:13:50,181 [3d91fce6-fc2e-4974-9eab-0da46cd4cdf8@group-CCCC3F4E889C-FollowerState] INFO  impl.FollowerState (FollowerState.java:run(143)) - 3d91fce6-fc2e-4974-9eab-0da46cd4cdf8@group-CCCC3F4E889C-FollowerState was interrupted: {}
java.lang.InterruptedException: sleep interrupted
	at java.lang.Thread.sleep(Native Method)
	at java.lang.Thread.sleep(Thread.java:342)
	at java.util.concurrent.TimeUnit.sleep(TimeUnit.java:386)
	at org.apache.ratis.util.TimeDuration.sleep(TimeDuration.java:324)
	at org.apache.ratis.util.TimeDuration.sleep(TimeDuration.java:309)
	at org.apache.ratis.server.impl.FollowerState.run(FollowerState.java:118)
2022-05-04 03:13:50,183 [grpc-default-executor-0] INFO  server.RaftServer$Division (RaftServerImpl.java:requestVote(1078)) - 3d91fce6-fc2e-4974-9eab-0da46cd4cdf8@group-CCCC3F4E889C replies to ELECTION vote request: 36a35a51-0c22-4b27-95e9-15250fb09d2f<-3d91fce6-fc2e-4974-9eab-0da46cd4cdf8#0:OK-t3. Peer's state: 3d91fce6-fc2e-4974-9eab-0da46cd4cdf8@group-CCCC3F4E889C:t3, leader=null, voted=36a35a51-0c22-4b27-95e9-15250fb09d2f, raftlog=3d91fce6-fc2e-4974-9eab-0da46cd4cdf8@group-CCCC3F4E889C-SegmentedRaftLog:OPENED:c-1, conf=-1: [50786c60-577d-4d1d-b3bc-3dc2ae741836|rpc:10.1.0.22:42585|priority:1, 36a35a51-0c22-4b27-95e9-15250fb09d2f|rpc:10.1.0.22:41095|priority:0, 3d91fce6-fc2e-4974-9eab-0da46cd4cdf8|rpc:10.1.0.22:40237|priority:0], old=null
2022-05-04 03:13:50,214 [grpc-default-executor-0] INFO  server.RaftServer$Division (RaftServerImpl.java:requestVote(1046)) - 3d91fce6-fc2e-4974-9eab-0da46cd4cdf8@group-CCCC3F4E889C: receive requestVote(ELECTION, 50786c60-577d-4d1d-b3bc-3dc2ae741836, group-CCCC3F4E889C, 3, (t:0, i:0))
2022-05-04 03:13:50,214 [grpc-default-executor-0] INFO  impl.VoteContext (VoteContext.java:log(48)) - 3d91fce6-fc2e-4974-9eab-0da46cd4cdf8@group-CCCC3F4E889C-FOLLOWER: reject ELECTION from 50786c60-577d-4d1d-b3bc-3dc2ae741836: already has voted for 36a35a51-0c22-4b27-95e9-15250fb09d2f at current term 3
2022-05-04 03:13:50,214 [grpc-default-executor-0] INFO  server.RaftServer$Division (RaftServerImpl.java:requestVote(1078)) - 3d91fce6-fc2e-4974-9eab-0da46cd4cdf8@group-CCCC3F4E889C replies to ELECTION vote request: 50786c60-577d-4d1d-b3bc-3dc2ae741836<-3d91fce6-fc2e-4974-9eab-0da46cd4cdf8#0:FAIL-t3. Peer's state: 3d91fce6-fc2e-4974-9eab-0da46cd4cdf8@group-CCCC3F4E889C:t3, leader=null, voted=36a35a51-0c22-4b27-95e9-15250fb09d2f, raftlog=3d91fce6-fc2e-4974-9eab-0da46cd4cdf8@group-CCCC3F4E889C-SegmentedRaftLog:OPENED:c-1, conf=-1: [50786c60-577d-4d1d-b3bc-3dc2ae741836|rpc:10.1.0.22:42585|priority:1, 36a35a51-0c22-4b27-95e9-15250fb09d2f|rpc:10.1.0.22:41095|priority:0, 3d91fce6-fc2e-4974-9eab-0da46cd4cdf8|rpc:10.1.0.22:40237|priority:0], old=null
2022-05-04 03:13:50,218 [50786c60-577d-4d1d-b3bc-3dc2ae741836@group-CCCC3F4E889C-LeaderElection28] INFO  impl.LeaderElection (LeaderElection.java:logAndReturn(89)) - 50786c60-577d-4d1d-b3bc-3dc2ae741836@group-CCCC3F4E889C-LeaderElection28: ELECTION REJECTED received 2 response(s) and 0 exception(s):
2022-05-04 03:13:50,218 [50786c60-577d-4d1d-b3bc-3dc2ae741836@group-CCCC3F4E889C-LeaderElection28] INFO  impl.LeaderElection (LeaderElection.java:logAndReturn(93)) -   Response 0: 50786c60-577d-4d1d-b3bc-3dc2ae741836<-36a35a51-0c22-4b27-95e9-15250fb09d2f#0:FAIL-t3
2022-05-04 03:13:50,218 [50786c60-577d-4d1d-b3bc-3dc2ae741836@group-CCCC3F4E889C-LeaderElection28] INFO  impl.LeaderElection (LeaderElection.java:logAndReturn(93)) -   Response 1: 50786c60-577d-4d1d-b3bc-3dc2ae741836<-3d91fce6-fc2e-4974-9eab-0da46cd4cdf8#0:FAIL-t3
2022-05-04 03:13:50,218 [50786c60-577d-4d1d-b3bc-3dc2ae741836@group-CCCC3F4E889C-LeaderElection28] INFO  impl.LeaderElection (LeaderElection.java:askForVotes(308)) - 50786c60-577d-4d1d-b3bc-3dc2ae741836@group-CCCC3F4E889C-LeaderElection28 ELECTION round 0: result REJECTED
2022-05-04 03:13:50,218 [50786c60-577d-4d1d-b3bc-3dc2ae741836@group-CCCC3F4E889C-LeaderElection28] INFO  server.RaftServer$Division (RaftServerImpl.java:setRole(290)) - 50786c60-577d-4d1d-b3bc-3dc2ae741836@group-CCCC3F4E889C: changes role from CANDIDATE to FOLLOWER at term 3 for REJECTED
2022-05-04 03:13:50,218 [50786c60-577d-4d1d-b3bc-3dc2ae741836@group-CCCC3F4E889C-LeaderElection28] INFO  impl.RoleInfo (RoleInfo.java:shutdownLeaderElection(121)) - 50786c60-577d-4d1d-b3bc-3dc2ae741836: shutdown 50786c60-577d-4d1d-b3bc-3dc2ae741836@group-CCCC3F4E889C-LeaderElection28
2022-05-04 03:13:50,219 [50786c60-577d-4d1d-b3bc-3dc2ae741836@group-CCCC3F4E889C-LeaderElection28] INFO  impl.RoleInfo (RoleInfo.java:updateAndGet(130)) - 50786c60-577d-4d1d-b3bc-3dc2ae741836: start 50786c60-577d-4d1d-b3bc-3dc2ae741836@group-CCCC3F4E889C-FollowerState
2022-05-04 03:13:50,308 [Listener at 127.0.0.1/46813] INFO  ozone.MiniOzoneClusterImpl (MiniOzoneClusterImpl.java:lambda$waitForClusterToBeReady$0(221)) - Nodes are ready. Got 5 of 5 DN Heartbeats.
2022-05-04 03:13:50,308 [Listener at 127.0.0.1/46813] INFO  ozone.MiniOzoneClusterImpl (MiniOzoneClusterImpl.java:lambda$waitForClusterToBeReady$0(224)) - Cluster exits safe mode
2022-05-04 03:13:50,308 [Listener at 127.0.0.1/46813] INFO  ozone.MiniOzoneClusterImpl (MiniOzoneClusterImpl.java:lambda$waitForClusterToBeReady$0(226)) - SCM became leader
2022-05-04 03:13:50,467 [Time-limited test] INFO  rpc.RpcClient (RpcClient.java:createVolume(448)) - Creating Volume: volume88194, with user48874 as owner and space quota set to -1 bytes, counts quota set to -1
2022-05-04 03:13:50,480 [OM StateMachine ApplyTransaction Thread - 0] INFO  volume.OMVolumeCreateRequest (OMVolumeCreateRequest.java:validateAndUpdateCache(195)) - created volume:volume88194 for user:user48874
2022-05-04 03:13:50,537 [Time-limited test] INFO  rpc.RpcClient (RpcClient.java:createBucket(637)) - Creating Bucket: volume88194/bucket11682, with runner as owner and Versioning false and Storage Type set to DISK and Encryption set to false 
2022-05-04 03:13:50,547 [OM StateMachine ApplyTransaction Thread - 0] INFO  bucket.OMBucketCreateRequest (OMBucketCreateRequest.java:validateAndUpdateCache(258)) - created bucket: bucket11682 of layout LEGACY in volume: volume88194
2022-05-04 03:13:50,613 [IPC Server handler 0 on default port 34247] INFO  ha.SequenceIdGenerator (SequenceIdGenerator.java:getNextId(127)) - Allocate a batch for containerId, change lastId from 0 to 1000.
2022-05-04 03:13:50,613 [IPC Server handler 0 on default port 34247] WARN  ha.SequenceIdGenerator (SequenceIdGenerator.java:allocateBatch(235)) - Failed to allocate a batch for localId, expected lastId is 0, actual lastId is 109611004723200000.
2022-05-04 03:13:50,613 [IPC Server handler 0 on default port 34247] INFO  ha.SequenceIdGenerator (SequenceIdGenerator.java:getNextId(127)) - Allocate a batch for localId, change lastId from 109611004723200000 to 109611004723201000.
03:13:50.629 [IPC Server handler 13 on default port 46813] ERROR OMAudit - user=runner | ip=127.0.0.1 | op=GET_FILE_STATUS {volume=volume88194, bucket=bucket11682, key=dir486/file1, dataSize=0, replicationConfig=null} | ret=FAILURE
org.apache.hadoop.ozone.om.exceptions.OMException: Unable to get file status: volume: volume88194 bucket: bucket11682 key: dir486/file1
	at org.apache.hadoop.ozone.om.KeyManagerImpl.getOzoneFileStatus(KeyManagerImpl.java:1280) ~[ozone-manager-1.3.0-SNAPSHOT.jar:?]
	at org.apache.hadoop.ozone.om.KeyManagerImpl.getFileStatus(KeyManagerImpl.java:1210) ~[ozone-manager-1.3.0-SNAPSHOT.jar:?]
	at org.apache.hadoop.ozone.om.OzoneManager.getFileStatus(OzoneManager.java:3067) ~[ozone-manager-1.3.0-SNAPSHOT.jar:?]
	at org.apache.hadoop.ozone.protocolPB.OzoneManagerRequestHandler.getOzoneFileStatus(OzoneManagerRequestHandler.java:670) ~[ozone-manager-1.3.0-SNAPSHOT.jar:?]
	at org.apache.hadoop.ozone.protocolPB.OzoneManagerRequestHandler.handleReadRequest(OzoneManagerRequestHandler.java:201) ~[ozone-manager-1.3.0-SNAPSHOT.jar:?]
	at org.apache.hadoop.ozone.protocolPB.OzoneManagerProtocolServerSideTranslatorPB.submitReadRequestToOM(OzoneManagerProtocolServerSideTranslatorPB.java:213) ~[ozone-manager-1.3.0-SNAPSHOT.jar:?]
	at org.apache.hadoop.ozone.protocolPB.OzoneManagerProtocolServerSideTranslatorPB.processRequest(OzoneManagerProtocolServerSideTranslatorPB.java:174) ~[ozone-manager-1.3.0-SNAPSHOT.jar:?]
	at org.apache.hadoop.hdds.server.OzoneProtocolMessageDispatcher.processRequest(OzoneProtocolMessageDispatcher.java:87) [hdds-server-framework-1.3.0-SNAPSHOT.jar:?]
	at org.apache.hadoop.ozone.protocolPB.OzoneManagerProtocolServerSideTranslatorPB.submitRequest(OzoneManagerProtocolServerSideTranslatorPB.java:146) [ozone-manager-1.3.0-SNAPSHOT.jar:?]
	at org.apache.hadoop.ozone.protocol.proto.OzoneManagerProtocolProtos$OzoneManagerService$2.callBlockingMethod(OzoneManagerProtocolProtos.java) [ozone-interface-client-1.3.0-SNAPSHOT.jar:?]
	at org.apache.hadoop.ipc.ProtobufRpcEngine$Server.processCall(ProtobufRpcEngine.java:466) [hadoop-common-3.3.1.jar:?]
	at org.apache.hadoop.ipc.ProtobufRpcEngine2$Server$ProtoBufRpcInvoker.call(ProtobufRpcEngine2.java:574) [hadoop-common-3.3.1.jar:?]
	at org.apache.hadoop.ipc.ProtobufRpcEngine2$Server$ProtoBufRpcInvoker.call(ProtobufRpcEngine2.java:552) [hadoop-common-3.3.1.jar:?]
	at org.apache.hadoop.ipc.RPC$Server.call(RPC.java:1093) [hadoop-common-3.3.1.jar:?]
	at org.apache.hadoop.ipc.Server$RpcCall.run(Server.java:1035) [hadoop-common-3.3.1.jar:?]
	at org.apache.hadoop.ipc.Server$RpcCall.run(Server.java:963) [hadoop-common-3.3.1.jar:?]
	at java.security.AccessController.doPrivileged(Native Method) ~[?:1.8.0_322]
	at javax.security.auth.Subject.doAs(Subject.java:422) [?:1.8.0_322]
	at org.apache.hadoop.security.UserGroupInformation.doAs(UserGroupInformation.java:1878) [hadoop-common-3.3.1.jar:?]
	at org.apache.hadoop.ipc.Server$Handler.run(Server.java:2966) [hadoop-common-3.3.1.jar:?]
]]></system-out>
  </testcase>
  <testcase name="testRenameFile" classname="TestRootedOzoneFileSystem" time="0.212">
    <system-out><![CDATA[2022-05-04 03:14:12,011 [Listener at 127.0.0.1/46813] INFO  ozone.MiniOzoneClusterImpl (MiniOzoneClusterImpl.java:shutdown(456)) - Shutting down the Mini Ozone Cluster
2022-05-04 03:14:12,011 [Listener at 127.0.0.1/46813] INFO  ozone.MiniOzoneClusterImpl (MiniOzoneClusterImpl.java:stop(471)) - Stopping the Mini Ozone Cluster
2022-05-04 03:14:12,011 [Listener at 127.0.0.1/46813] INFO  ozone.MiniOzoneClusterImpl (MiniOzoneClusterImpl.java:stopOM(553)) - Stopping the OzoneManager
2022-05-04 03:14:12,011 [Listener at 127.0.0.1/46813] INFO  om.OzoneManager (OzoneManager.java:stop(1950)) - om1[localhost:0]: Stopping Ozone Manager
2022-05-04 03:14:12,011 [Listener at 127.0.0.1/46813] INFO  ipc.Server (Server.java:stop(3414)) - Stopping server on 46813
2022-05-04 03:14:12,018 [IPC Server Responder] INFO  ipc.Server (Server.java:run(1512)) - Stopping IPC Server Responder
2022-05-04 03:14:12,018 [Listener at 127.0.0.1/46813] INFO  server.RaftServer (RaftServerProxy.java:lambda$close$6(391)) - om1: close
2022-05-04 03:14:12,028 [IPC Server listener on 0] INFO  ipc.Server (Server.java:run(1376)) - Stopping IPC Server listener on 0
2022-05-04 03:14:12,037 [Listener at 127.0.0.1/46813] INFO  server.RaftServer$Division (RaftServerImpl.java:lambda$close$4(412)) - om1@group-C5BA1605619E: shutdown
2022-05-04 03:14:12,037 [Listener at 127.0.0.1/46813] INFO  util.JmxRegister (JmxRegister.java:unregister(73)) - Successfully un-registered JMX Bean with object name Ratis:service=RaftServer,group=group-C5BA1605619E,id=om1
2022-05-04 03:14:12,037 [Listener at 127.0.0.1/46813] INFO  impl.RoleInfo (RoleInfo.java:shutdownLeaderState(91)) - om1: shutdown om1@group-C5BA1605619E-LeaderStateImpl
2022-05-04 03:14:12,037 [Listener at 127.0.0.1/46813] INFO  impl.PendingRequests (PendingRequests.java:sendNotLeaderResponses(282)) - om1@group-C5BA1605619E-PendingRequests: sendNotLeaderResponses
2022-05-04 03:14:12,040 [Listener at 127.0.0.1/46813] INFO  impl.StateMachineUpdater (StateMachineUpdater.java:stopAndJoin(149)) - om1@group-C5BA1605619E-StateMachineUpdater: set stopIndex = 6816
2022-05-04 03:14:12,041 [om1@group-C5BA1605619E-StateMachineUpdater] INFO  ratis.OzoneManagerStateMachine (OzoneManagerStateMachine.java:takeSnapshot(436)) - Current Snapshot Index (t:1, i:6816)
2022-05-04 03:14:12,041 [om1@group-C5BA1605619E-StateMachineUpdater] INFO  impl.StateMachineUpdater (StateMachineUpdater.java:takeSnapshot(281)) - om1@group-C5BA1605619E-StateMachineUpdater: Took a snapshot at index 6816
2022-05-04 03:14:12,041 [om1@group-C5BA1605619E-StateMachineUpdater] INFO  impl.StateMachineUpdater (StateMachineUpdater.java:lambda$new$0(89)) - om1@group-C5BA1605619E-StateMachineUpdater: snapshotIndex: updateIncreasingly -1 -> 6816
2022-05-04 03:14:12,041 [om1@group-C5BA1605619E-StateMachineUpdater] INFO  ratis.OzoneManagerStateMachine (OzoneManagerStateMachine.java:close(490)) - StateMachine has shutdown. Shutdown OzoneManager if not already shutdown.
2022-05-04 03:14:12,041 [om1@group-C5BA1605619E-StateMachineUpdater] INFO  ratis.OzoneManagerDoubleBuffer (OzoneManagerDoubleBuffer.java:stop(465)) - Stopping OMDoubleBuffer flush thread
2022-05-04 03:14:12,041 [OMDoubleBufferFlushThread] INFO  ratis.OzoneManagerDoubleBuffer (OzoneManagerDoubleBuffer.java:flushTransactions(385)) - OMDoubleBuffer flush thread OMDoubleBufferFlushThread is interrupted and will exit.
2022-05-04 03:14:12,062 [Listener at 127.0.0.1/46813] INFO  server.RaftServer$Division (ServerState.java:close(419)) - om1@group-C5BA1605619E: closes. applyIndex: 6816
2022-05-04 03:14:12,064 [om1@group-C5BA1605619E-SegmentedRaftLogWorker] INFO  segmented.SegmentedRaftLogWorker (SegmentedRaftLogWorker.java:run(327)) - om1@group-C5BA1605619E-SegmentedRaftLogWorker was interrupted, exiting. There are 0 tasks remaining in the queue.
2022-05-04 03:14:12,071 [Listener at 127.0.0.1/46813] INFO  segmented.SegmentedRaftLogWorker (SegmentedRaftLogWorker.java:close(237)) - om1@group-C5BA1605619E-SegmentedRaftLogWorker close()
2022-05-04 03:14:12,080 [Listener at 127.0.0.1/46813] INFO  server.GrpcService (GrpcService.java:closeImpl(262)) - om1: shutdown server with port 9872 now
2022-05-04 03:14:12,081 [Listener at 127.0.0.1/46813] INFO  server.GrpcService (GrpcService.java:closeImpl(271)) - om1: shutdown server with port 9872 successfully
2022-05-04 03:14:12,081 [org.apache.ratis.util.JvmPauseMonitor$$Lambda$565/1325392746@3ea6cb23] INFO  util.JvmPauseMonitor (JvmPauseMonitor.java:run(109)) - JvmPauseMonitor-om1: Stopped
2022-05-04 03:14:12,081 [Listener at 127.0.0.1/46813] INFO  ratis.OzoneManagerStateMachine (OzoneManagerStateMachine.java:close(490)) - StateMachine has shutdown. Shutdown OzoneManager if not already shutdown.
2022-05-04 03:14:12,081 [Listener at 127.0.0.1/46813] INFO  ratis.OzoneManagerDoubleBuffer (OzoneManagerDoubleBuffer.java:stop(477)) - OMDoubleBuffer flush thread is not running.
2022-05-04 03:14:12,081 [Listener at 127.0.0.1/46813] INFO  utils.BackgroundService (BackgroundService.java:shutdown(132)) - Shutting down service KeyDeletingService
2022-05-04 03:14:12,083 [Listener at 127.0.0.1/46813] INFO  utils.BackgroundService (BackgroundService.java:shutdown(132)) - Shutting down service DirectoryDeletingService
2022-05-04 03:14:12,085 [Listener at 127.0.0.1/46813] INFO  handler.ContextHandler (ContextHandler.java:doStop(1153)) - Stopped o.e.j.w.WebAppContext@4facdca2{ozoneManager,/,null,STOPPED}{file:/home/runner/work/ozone/ozone/hadoop-ozone/integration-test/target/test-classes/webapps/ozoneManager}
2022-05-04 03:14:12,087 [Listener at 127.0.0.1/46813] INFO  server.AbstractConnector (AbstractConnector.java:doStop(381)) - Stopped ServerConnector@5c3b8dfe{HTTP/1.1, (http/1.1)}{0.0.0.0:0}
2022-05-04 03:14:12,087 [Listener at 127.0.0.1/46813] INFO  server.session (HouseKeeper.java:stopScavenging(149)) - node0 Stopped scavenging
2022-05-04 03:14:12,089 [Listener at 127.0.0.1/46813] INFO  handler.ContextHandler (ContextHandler.java:doStop(1153)) - Stopped o.e.j.s.ServletContextHandler@2d6a3255{static,/static,file:///home/runner/work/ozone/ozone/hadoop-ozone/integration-test/target/test-classes/webapps/static,STOPPED}
2022-05-04 03:14:12,089 [Listener at 127.0.0.1/46813] INFO  handler.ContextHandler (ContextHandler.java:doStop(1153)) - Stopped o.e.j.s.ServletContextHandler@53f7a390{logs,/logs,file:///home/runner/work/ozone/ozone/hadoop-ozone/integration-test/target/log,STOPPED}
2022-05-04 03:14:12,096 [Trash Emptier] ERROR util.ExitUtils (ExitUtils.java:terminate(133)) - Terminating with exit status -1: Thread[Trash Emptier,5,main] has thrown an uncaught exception
java.lang.UnsupportedOperationException: fs.getUri() not implemented in TrashOzoneFileSystem
	at org.apache.hadoop.ozone.om.TrashOzoneFileSystem.getUri(TrashOzoneFileSystem.java:124)
	at org.apache.hadoop.fs.FileSystem.close(FileSystem.java:2592)
	at org.apache.hadoop.ozone.om.TrashPolicyOzone$Emptier.run(TrashPolicyOzone.java:243)
	at java.lang.Thread.run(Thread.java:750)
2022-05-04 03:14:12,104 [Listener at 127.0.0.1/46813] INFO  ozone.MiniOzoneClusterImpl (MiniOzoneClusterImpl.java:stopDatanodes(530)) - Stopping the HddsDatanodes
2022-05-04 03:14:17,117 [Listener at 127.0.0.1/46813] INFO  ozoneimpl.OzoneContainer (OzoneContainer.java:stop(356)) - Attempting to stop container services.
2022-05-04 03:14:17,118 [Listener at 127.0.0.1/46813] INFO  server.RaftServer (RaftServerProxy.java:lambda$close$6(391)) - 50786c60-577d-4d1d-b3bc-3dc2ae741836: close
2022-05-04 03:14:17,118 [Listener at 127.0.0.1/46813] INFO  server.RaftServer$Division (RaftServerImpl.java:lambda$close$4(412)) - 50786c60-577d-4d1d-b3bc-3dc2ae741836@group-CCCC3F4E889C: shutdown
2022-05-04 03:14:17,119 [Listener at 127.0.0.1/46813] INFO  util.JmxRegister (JmxRegister.java:unregister(73)) - Successfully un-registered JMX Bean with object name Ratis:service=RaftServer,group=group-CCCC3F4E889C,id=50786c60-577d-4d1d-b3bc-3dc2ae741836
2022-05-04 03:14:17,119 [Listener at 127.0.0.1/46813] INFO  impl.RoleInfo (RoleInfo.java:shutdownLeaderState(91)) - 50786c60-577d-4d1d-b3bc-3dc2ae741836: shutdown 50786c60-577d-4d1d-b3bc-3dc2ae741836@group-CCCC3F4E889C-LeaderStateImpl
2022-05-04 03:14:17,119 [Listener at 127.0.0.1/46813] INFO  impl.PendingRequests (PendingRequests.java:sendNotLeaderResponses(282)) - 50786c60-577d-4d1d-b3bc-3dc2ae741836@group-CCCC3F4E889C-PendingRequests: sendNotLeaderResponses
2022-05-04 03:14:17,119 [50786c60-577d-4d1d-b3bc-3dc2ae741836@group-CCCC3F4E889C->36a35a51-0c22-4b27-95e9-15250fb09d2f-GrpcLogAppender-LogAppenderDaemon] WARN  server.GrpcLogAppender (GrpcLogAppender.java:mayWait(177)) - 50786c60-577d-4d1d-b3bc-3dc2ae741836@group-CCCC3F4E889C->36a35a51-0c22-4b27-95e9-15250fb09d2f-GrpcLogAppender: Wait interrupted by java.lang.InterruptedException
2022-05-04 03:14:17,120 [grpc-default-executor-2] INFO  server.GrpcServerProtocolService (GrpcServerProtocolService.java:onCompleted(140)) - 36a35a51-0c22-4b27-95e9-15250fb09d2f: Completed APPEND_ENTRIES, lastRequest: 50786c60-577d-4d1d-b3bc-3dc2ae741836->36a35a51-0c22-4b27-95e9-15250fb09d2f#1-t5,previous=(t:0, i:0),leaderCommit=-1,initializing? true,entries: size=1, first=(t:5, i:0), CONFIGURATIONENTRY
2022-05-04 03:14:17,120 [50786c60-577d-4d1d-b3bc-3dc2ae741836@group-CCCC3F4E889C->3d91fce6-fc2e-4974-9eab-0da46cd4cdf8-GrpcLogAppender-LogAppenderDaemon] WARN  server.GrpcLogAppender (GrpcLogAppender.java:mayWait(177)) - 50786c60-577d-4d1d-b3bc-3dc2ae741836@group-CCCC3F4E889C->3d91fce6-fc2e-4974-9eab-0da46cd4cdf8-GrpcLogAppender: Wait interrupted by java.lang.InterruptedException
2022-05-04 03:14:17,122 [grpc-default-executor-2] INFO  server.GrpcServerProtocolService (GrpcServerProtocolService.java:onCompleted(140)) - 3d91fce6-fc2e-4974-9eab-0da46cd4cdf8: Completed APPEND_ENTRIES, lastRequest: 50786c60-577d-4d1d-b3bc-3dc2ae741836->3d91fce6-fc2e-4974-9eab-0da46cd4cdf8#1-t5,previous=(t:0, i:0),leaderCommit=-1,initializing? true,entries: size=1, first=(t:5, i:0), CONFIGURATIONENTRY
2022-05-04 03:14:17,123 [grpc-default-executor-1] INFO  server.GrpcLogAppender (GrpcLogAppender.java:onCompleted(346)) - 50786c60-577d-4d1d-b3bc-3dc2ae741836@group-CCCC3F4E889C->36a35a51-0c22-4b27-95e9-15250fb09d2f-AppendLogResponseHandler: follower responses appendEntries COMPLETED
2022-05-04 03:14:17,123 [grpc-default-executor-1] INFO  leader.FollowerInfo (FollowerInfoImpl.java:lambda$new$0(47)) - 50786c60-577d-4d1d-b3bc-3dc2ae741836@group-CCCC3F4E889C->36a35a51-0c22-4b27-95e9-15250fb09d2f: nextIndex: updateUnconditionally 1 -> 0
2022-05-04 03:14:17,127 [Listener at 127.0.0.1/46813] INFO  impl.StateMachineUpdater (StateMachineUpdater.java:stopAndJoin(149)) - 50786c60-577d-4d1d-b3bc-3dc2ae741836@group-CCCC3F4E889C-StateMachineUpdater: set stopIndex = 0
2022-05-04 03:14:17,127 [50786c60-577d-4d1d-b3bc-3dc2ae741836@group-CCCC3F4E889C-StateMachineUpdater] INFO  ratis.ContainerStateMachine (ContainerStateMachine.java:takeSnapshot(304)) - group-CCCC3F4E889C: Taking a snapshot at:(t:5, i:0) file /home/runner/work/ozone/ozone/hadoop-ozone/integration-test/target/test-dir/MiniOzoneClusterImpl-16b4eb12-8d22-44ef-95c0-40f9ce645855/datanode-2/data/ratis/53230e0a-2780-4f9e-a939-cccc3f4e889c/sm/snapshot.5_0
2022-05-04 03:14:17,129 [50786c60-577d-4d1d-b3bc-3dc2ae741836@group-CCCC3F4E889C-StateMachineUpdater] INFO  ratis.ContainerStateMachine (ContainerStateMachine.java:takeSnapshot(315)) - group-CCCC3F4E889C: Finished taking a snapshot at:(t:5, i:0) file:/home/runner/work/ozone/ozone/hadoop-ozone/integration-test/target/test-dir/MiniOzoneClusterImpl-16b4eb12-8d22-44ef-95c0-40f9ce645855/datanode-2/data/ratis/53230e0a-2780-4f9e-a939-cccc3f4e889c/sm/snapshot.5_0 took: 2 ms
2022-05-04 03:14:17,129 [50786c60-577d-4d1d-b3bc-3dc2ae741836@group-CCCC3F4E889C-StateMachineUpdater] INFO  impl.StateMachineUpdater (StateMachineUpdater.java:takeSnapshot(281)) - 50786c60-577d-4d1d-b3bc-3dc2ae741836@group-CCCC3F4E889C-StateMachineUpdater: Took a snapshot at index 0
2022-05-04 03:14:17,129 [50786c60-577d-4d1d-b3bc-3dc2ae741836@group-CCCC3F4E889C-StateMachineUpdater] INFO  impl.StateMachineUpdater (StateMachineUpdater.java:lambda$new$0(89)) - 50786c60-577d-4d1d-b3bc-3dc2ae741836@group-CCCC3F4E889C-StateMachineUpdater: snapshotIndex: updateIncreasingly -1 -> 0
2022-05-04 03:14:17,129 [Listener at 127.0.0.1/46813] INFO  server.RaftServer$Division (ServerState.java:close(419)) - 50786c60-577d-4d1d-b3bc-3dc2ae741836@group-CCCC3F4E889C: closes. applyIndex: 0
2022-05-04 03:14:17,130 [50786c60-577d-4d1d-b3bc-3dc2ae741836@group-CCCC3F4E889C-SegmentedRaftLogWorker] INFO  segmented.SegmentedRaftLogWorker (SegmentedRaftLogWorker.java:run(327)) - 50786c60-577d-4d1d-b3bc-3dc2ae741836@group-CCCC3F4E889C-SegmentedRaftLogWorker was interrupted, exiting. There are 0 tasks remaining in the queue.
2022-05-04 03:14:17,131 [grpc-default-executor-1] INFO  server.GrpcLogAppender (GrpcLogAppender.java:onCompleted(346)) - 50786c60-577d-4d1d-b3bc-3dc2ae741836@group-CCCC3F4E889C->3d91fce6-fc2e-4974-9eab-0da46cd4cdf8-AppendLogResponseHandler: follower responses appendEntries COMPLETED
2022-05-04 03:14:17,131 [grpc-default-executor-1] INFO  leader.FollowerInfo (FollowerInfoImpl.java:lambda$new$0(47)) - 50786c60-577d-4d1d-b3bc-3dc2ae741836@group-CCCC3F4E889C->3d91fce6-fc2e-4974-9eab-0da46cd4cdf8: nextIndex: updateUnconditionally 1 -> 0
2022-05-04 03:14:17,131 [Listener at 127.0.0.1/46813] INFO  segmented.SegmentedRaftLogWorker (SegmentedRaftLogWorker.java:close(237)) - 50786c60-577d-4d1d-b3bc-3dc2ae741836@group-CCCC3F4E889C-SegmentedRaftLogWorker close()
2022-05-04 03:14:17,132 [Listener at 127.0.0.1/46813] INFO  server.RaftServer$Division (RaftServerImpl.java:lambda$close$4(412)) - 50786c60-577d-4d1d-b3bc-3dc2ae741836@group-E40616D8D912: shutdown
2022-05-04 03:14:17,132 [Listener at 127.0.0.1/46813] INFO  util.JmxRegister (JmxRegister.java:unregister(73)) - Successfully un-registered JMX Bean with object name Ratis:service=RaftServer,group=group-E40616D8D912,id=50786c60-577d-4d1d-b3bc-3dc2ae741836
2022-05-04 03:14:17,133 [Listener at 127.0.0.1/46813] INFO  impl.RoleInfo (RoleInfo.java:shutdownLeaderState(91)) - 50786c60-577d-4d1d-b3bc-3dc2ae741836: shutdown 50786c60-577d-4d1d-b3bc-3dc2ae741836@group-E40616D8D912-LeaderStateImpl
2022-05-04 03:14:17,133 [Listener at 127.0.0.1/46813] INFO  impl.PendingRequests (PendingRequests.java:sendNotLeaderResponses(282)) - 50786c60-577d-4d1d-b3bc-3dc2ae741836@group-E40616D8D912-PendingRequests: sendNotLeaderResponses
2022-05-04 03:14:17,134 [50786c60-577d-4d1d-b3bc-3dc2ae741836@group-E40616D8D912-StateMachineUpdater] INFO  ratis.ContainerStateMachine (ContainerStateMachine.java:takeSnapshot(304)) - group-E40616D8D912: Taking a snapshot at:(t:1, i:0) file /home/runner/work/ozone/ozone/hadoop-ozone/integration-test/target/test-dir/MiniOzoneClusterImpl-16b4eb12-8d22-44ef-95c0-40f9ce645855/datanode-2/data/ratis/8ae0934f-0f6f-426c-a274-e40616d8d912/sm/snapshot.1_0
2022-05-04 03:14:17,134 [Listener at 127.0.0.1/46813] INFO  impl.StateMachineUpdater (StateMachineUpdater.java:stopAndJoin(149)) - 50786c60-577d-4d1d-b3bc-3dc2ae741836@group-E40616D8D912-StateMachineUpdater: set stopIndex = 0
2022-05-04 03:14:17,135 [50786c60-577d-4d1d-b3bc-3dc2ae741836@group-E40616D8D912-StateMachineUpdater] INFO  ratis.ContainerStateMachine (ContainerStateMachine.java:takeSnapshot(315)) - group-E40616D8D912: Finished taking a snapshot at:(t:1, i:0) file:/home/runner/work/ozone/ozone/hadoop-ozone/integration-test/target/test-dir/MiniOzoneClusterImpl-16b4eb12-8d22-44ef-95c0-40f9ce645855/datanode-2/data/ratis/8ae0934f-0f6f-426c-a274-e40616d8d912/sm/snapshot.1_0 took: 1 ms
2022-05-04 03:14:17,135 [50786c60-577d-4d1d-b3bc-3dc2ae741836@group-E40616D8D912-StateMachineUpdater] INFO  impl.StateMachineUpdater (StateMachineUpdater.java:takeSnapshot(281)) - 50786c60-577d-4d1d-b3bc-3dc2ae741836@group-E40616D8D912-StateMachineUpdater: Took a snapshot at index 0
2022-05-04 03:14:17,135 [50786c60-577d-4d1d-b3bc-3dc2ae741836@group-E40616D8D912-StateMachineUpdater] INFO  impl.StateMachineUpdater (StateMachineUpdater.java:lambda$new$0(89)) - 50786c60-577d-4d1d-b3bc-3dc2ae741836@group-E40616D8D912-StateMachineUpdater: snapshotIndex: updateIncreasingly -1 -> 0
2022-05-04 03:14:17,135 [Listener at 127.0.0.1/46813] INFO  server.RaftServer$Division (ServerState.java:close(419)) - 50786c60-577d-4d1d-b3bc-3dc2ae741836@group-E40616D8D912: closes. applyIndex: 0
2022-05-04 03:14:17,135 [50786c60-577d-4d1d-b3bc-3dc2ae741836@group-E40616D8D912-SegmentedRaftLogWorker] INFO  segmented.SegmentedRaftLogWorker (SegmentedRaftLogWorker.java:run(327)) - 50786c60-577d-4d1d-b3bc-3dc2ae741836@group-E40616D8D912-SegmentedRaftLogWorker was interrupted, exiting. There are 0 tasks remaining in the queue.
2022-05-04 03:14:17,136 [Listener at 127.0.0.1/46813] INFO  segmented.SegmentedRaftLogWorker (SegmentedRaftLogWorker.java:close(237)) - 50786c60-577d-4d1d-b3bc-3dc2ae741836@group-E40616D8D912-SegmentedRaftLogWorker close()
2022-05-04 03:14:17,137 [Listener at 127.0.0.1/46813] INFO  server.RaftServer$Division (RaftServerImpl.java:lambda$close$4(412)) - 50786c60-577d-4d1d-b3bc-3dc2ae741836@group-6F26DEE77B20: shutdown
2022-05-04 03:14:17,137 [Listener at 127.0.0.1/46813] INFO  util.JmxRegister (JmxRegister.java:unregister(73)) - Successfully un-registered JMX Bean with object name Ratis:service=RaftServer,group=group-6F26DEE77B20,id=50786c60-577d-4d1d-b3bc-3dc2ae741836
2022-05-04 03:14:17,137 [Listener at 127.0.0.1/46813] INFO  impl.RoleInfo (RoleInfo.java:shutdownFollowerState(108)) - 50786c60-577d-4d1d-b3bc-3dc2ae741836: shutdown 50786c60-577d-4d1d-b3bc-3dc2ae741836@group-6F26DEE77B20-FollowerState
2022-05-04 03:14:17,137 [50786c60-577d-4d1d-b3bc-3dc2ae741836@group-6F26DEE77B20-FollowerState] INFO  impl.FollowerState (FollowerState.java:run(143)) - 50786c60-577d-4d1d-b3bc-3dc2ae741836@group-6F26DEE77B20-FollowerState was interrupted: {}
java.lang.InterruptedException: sleep interrupted
	at java.lang.Thread.sleep(Native Method)
	at java.lang.Thread.sleep(Thread.java:342)
	at java.util.concurrent.TimeUnit.sleep(TimeUnit.java:386)
	at org.apache.ratis.util.TimeDuration.sleep(TimeDuration.java:324)
	at org.apache.ratis.util.TimeDuration.sleep(TimeDuration.java:309)
	at org.apache.ratis.server.impl.FollowerState.run(FollowerState.java:118)
2022-05-04 03:14:17,138 [Listener at 127.0.0.1/46813] INFO  impl.StateMachineUpdater (StateMachineUpdater.java:stopAndJoin(149)) - 50786c60-577d-4d1d-b3bc-3dc2ae741836@group-6F26DEE77B20-StateMachineUpdater: set stopIndex = 31
2022-05-04 03:14:17,138 [50786c60-577d-4d1d-b3bc-3dc2ae741836@group-6F26DEE77B20-StateMachineUpdater] INFO  ratis.ContainerStateMachine (ContainerStateMachine.java:takeSnapshot(304)) - group-6F26DEE77B20: Taking a snapshot at:(t:3, i:31) file /home/runner/work/ozone/ozone/hadoop-ozone/integration-test/target/test-dir/MiniOzoneClusterImpl-16b4eb12-8d22-44ef-95c0-40f9ce645855/datanode-2/data/ratis/86a0a906-d3d9-4222-80e3-6f26dee77b20/sm/snapshot.3_31
2022-05-04 03:14:17,141 [50786c60-577d-4d1d-b3bc-3dc2ae741836@group-6F26DEE77B20-StateMachineUpdater] INFO  ratis.ContainerStateMachine (ContainerStateMachine.java:takeSnapshot(315)) - group-6F26DEE77B20: Finished taking a snapshot at:(t:3, i:31) file:/home/runner/work/ozone/ozone/hadoop-ozone/integration-test/target/test-dir/MiniOzoneClusterImpl-16b4eb12-8d22-44ef-95c0-40f9ce645855/datanode-2/data/ratis/86a0a906-d3d9-4222-80e3-6f26dee77b20/sm/snapshot.3_31 took: 3 ms
2022-05-04 03:14:17,141 [50786c60-577d-4d1d-b3bc-3dc2ae741836@group-6F26DEE77B20-StateMachineUpdater] INFO  impl.StateMachineUpdater (StateMachineUpdater.java:takeSnapshot(281)) - 50786c60-577d-4d1d-b3bc-3dc2ae741836@group-6F26DEE77B20-StateMachineUpdater: Took a snapshot at index 31
2022-05-04 03:14:17,141 [50786c60-577d-4d1d-b3bc-3dc2ae741836@group-6F26DEE77B20-StateMachineUpdater] INFO  impl.StateMachineUpdater (StateMachineUpdater.java:lambda$new$0(89)) - 50786c60-577d-4d1d-b3bc-3dc2ae741836@group-6F26DEE77B20-StateMachineUpdater: snapshotIndex: updateIncreasingly -1 -> 31
2022-05-04 03:14:17,143 [Listener at 127.0.0.1/46813] INFO  server.RaftServer$Division (ServerState.java:close(419)) - 50786c60-577d-4d1d-b3bc-3dc2ae741836@group-6F26DEE77B20: closes. applyIndex: 31
2022-05-04 03:14:17,143 [ForkJoinPool.commonPool-worker-0] INFO  ozoneimpl.OzoneContainer (OzoneContainer.java:stop(356)) - Attempting to stop container services.
2022-05-04 03:14:17,143 [ForkJoinPool.commonPool-worker-0] INFO  server.RaftServer (RaftServerProxy.java:lambda$close$6(391)) - 36a35a51-0c22-4b27-95e9-15250fb09d2f: close
2022-05-04 03:14:17,143 [ForkJoinPool.commonPool-worker-0] INFO  server.RaftServer$Division (RaftServerImpl.java:lambda$close$4(412)) - 36a35a51-0c22-4b27-95e9-15250fb09d2f@group-CCCC3F4E889C: shutdown
2022-05-04 03:14:17,144 [ForkJoinPool.commonPool-worker-0] INFO  util.JmxRegister (JmxRegister.java:unregister(73)) - Successfully un-registered JMX Bean with object name Ratis:service=RaftServer,group=group-CCCC3F4E889C,id=36a35a51-0c22-4b27-95e9-15250fb09d2f
2022-05-04 03:14:17,144 [ForkJoinPool.commonPool-worker-0] INFO  impl.RoleInfo (RoleInfo.java:shutdownFollowerState(108)) - 36a35a51-0c22-4b27-95e9-15250fb09d2f: shutdown 36a35a51-0c22-4b27-95e9-15250fb09d2f@group-CCCC3F4E889C-FollowerState
2022-05-04 03:14:17,144 [ForkJoinPool.commonPool-worker-0] INFO  impl.StateMachineUpdater (StateMachineUpdater.java:stopAndJoin(149)) - 36a35a51-0c22-4b27-95e9-15250fb09d2f@group-CCCC3F4E889C-StateMachineUpdater: set stopIndex = 0
2022-05-04 03:14:17,144 [36a35a51-0c22-4b27-95e9-15250fb09d2f@group-CCCC3F4E889C-FollowerState] INFO  impl.FollowerState (FollowerState.java:run(143)) - 36a35a51-0c22-4b27-95e9-15250fb09d2f@group-CCCC3F4E889C-FollowerState was interrupted: {}
java.lang.InterruptedException: sleep interrupted
	at java.lang.Thread.sleep(Native Method)
	at java.lang.Thread.sleep(Thread.java:342)
	at java.util.concurrent.TimeUnit.sleep(TimeUnit.java:386)
	at org.apache.ratis.util.TimeDuration.sleep(TimeDuration.java:324)
	at org.apache.ratis.util.TimeDuration.sleep(TimeDuration.java:309)
	at org.apache.ratis.server.impl.FollowerState.run(FollowerState.java:118)
2022-05-04 03:14:17,144 [50786c60-577d-4d1d-b3bc-3dc2ae741836@group-6F26DEE77B20-SegmentedRaftLogWorker] INFO  segmented.SegmentedRaftLogWorker (SegmentedRaftLogWorker.java:run(327)) - 50786c60-577d-4d1d-b3bc-3dc2ae741836@group-6F26DEE77B20-SegmentedRaftLogWorker was interrupted, exiting. There are 0 tasks remaining in the queue.
2022-05-04 03:14:17,144 [36a35a51-0c22-4b27-95e9-15250fb09d2f@group-CCCC3F4E889C-StateMachineUpdater] INFO  ratis.ContainerStateMachine (ContainerStateMachine.java:takeSnapshot(304)) - group-CCCC3F4E889C: Taking a snapshot at:(t:5, i:0) file /home/runner/work/ozone/ozone/hadoop-ozone/integration-test/target/test-dir/MiniOzoneClusterImpl-16b4eb12-8d22-44ef-95c0-40f9ce645855/datanode-1/data/ratis/53230e0a-2780-4f9e-a939-cccc3f4e889c/sm/snapshot.5_0
2022-05-04 03:14:17,153 [36a35a51-0c22-4b27-95e9-15250fb09d2f@group-CCCC3F4E889C-StateMachineUpdater] INFO  ratis.ContainerStateMachine (ContainerStateMachine.java:takeSnapshot(315)) - group-CCCC3F4E889C: Finished taking a snapshot at:(t:5, i:0) file:/home/runner/work/ozone/ozone/hadoop-ozone/integration-test/target/test-dir/MiniOzoneClusterImpl-16b4eb12-8d22-44ef-95c0-40f9ce645855/datanode-1/data/ratis/53230e0a-2780-4f9e-a939-cccc3f4e889c/sm/snapshot.5_0 took: 8 ms
2022-05-04 03:14:17,153 [36a35a51-0c22-4b27-95e9-15250fb09d2f@group-CCCC3F4E889C-StateMachineUpdater] INFO  impl.StateMachineUpdater (StateMachineUpdater.java:takeSnapshot(281)) - 36a35a51-0c22-4b27-95e9-15250fb09d2f@group-CCCC3F4E889C-StateMachineUpdater: Took a snapshot at index 0
2022-05-04 03:14:17,153 [36a35a51-0c22-4b27-95e9-15250fb09d2f@group-CCCC3F4E889C-StateMachineUpdater] INFO  impl.StateMachineUpdater (StateMachineUpdater.java:lambda$new$0(89)) - 36a35a51-0c22-4b27-95e9-15250fb09d2f@group-CCCC3F4E889C-StateMachineUpdater: snapshotIndex: updateIncreasingly -1 -> 0
2022-05-04 03:14:17,153 [ForkJoinPool.commonPool-worker-0] INFO  server.RaftServer$Division (ServerState.java:close(419)) - 36a35a51-0c22-4b27-95e9-15250fb09d2f@group-CCCC3F4E889C: closes. applyIndex: 0
2022-05-04 03:14:17,153 [36a35a51-0c22-4b27-95e9-15250fb09d2f@group-CCCC3F4E889C-SegmentedRaftLogWorker] INFO  segmented.SegmentedRaftLogWorker (SegmentedRaftLogWorker.java:run(327)) - 36a35a51-0c22-4b27-95e9-15250fb09d2f@group-CCCC3F4E889C-SegmentedRaftLogWorker was interrupted, exiting. There are 0 tasks remaining in the queue.
2022-05-04 03:14:17,154 [Listener at 127.0.0.1/46813] INFO  segmented.SegmentedRaftLogWorker (SegmentedRaftLogWorker.java:close(237)) - 50786c60-577d-4d1d-b3bc-3dc2ae741836@group-6F26DEE77B20-SegmentedRaftLogWorker close()
2022-05-04 03:14:17,155 [ForkJoinPool.commonPool-worker-0] INFO  segmented.SegmentedRaftLogWorker (SegmentedRaftLogWorker.java:close(237)) - 36a35a51-0c22-4b27-95e9-15250fb09d2f@group-CCCC3F4E889C-SegmentedRaftLogWorker close()
2022-05-04 03:14:17,155 [Listener at 127.0.0.1/46813] INFO  server.GrpcService (GrpcService.java:closeImpl(262)) - 50786c60-577d-4d1d-b3bc-3dc2ae741836: shutdown server with port 42585 now
2022-05-04 03:14:17,156 [ForkJoinPool.commonPool-worker-0] INFO  server.RaftServer$Division (RaftServerImpl.java:lambda$close$4(412)) - 36a35a51-0c22-4b27-95e9-15250fb09d2f@group-56AF847F997C: shutdown
2022-05-04 03:14:17,157 [ForkJoinPool.commonPool-worker-0] INFO  util.JmxRegister (JmxRegister.java:unregister(73)) - Successfully un-registered JMX Bean with object name Ratis:service=RaftServer,group=group-56AF847F997C,id=36a35a51-0c22-4b27-95e9-15250fb09d2f
2022-05-04 03:14:17,157 [ForkJoinPool.commonPool-worker-0] INFO  impl.RoleInfo (RoleInfo.java:shutdownLeaderState(91)) - 36a35a51-0c22-4b27-95e9-15250fb09d2f: shutdown 36a35a51-0c22-4b27-95e9-15250fb09d2f@group-56AF847F997C-LeaderStateImpl
2022-05-04 03:14:17,158 [ForkJoinPool.commonPool-worker-0] INFO  impl.PendingRequests (PendingRequests.java:sendNotLeaderResponses(282)) - 36a35a51-0c22-4b27-95e9-15250fb09d2f@group-56AF847F997C-PendingRequests: sendNotLeaderResponses
2022-05-04 03:14:17,163 [grpc-default-executor-2] WARN  server.GrpcServerProtocolService (LogUtils.java:warn(122)) - 50786c60-577d-4d1d-b3bc-3dc2ae741836: installSnapshot onError, lastRequest: 36a35a51-0c22-4b27-95e9-15250fb09d2f->50786c60-577d-4d1d-b3bc-3dc2ae741836#531-t3,previous=(t:3, i:30),leaderCommit=29,initializing? true,entries: size=1, first=(t:3, i:31), METADATAENTRY(c:29): org.apache.ratis.thirdparty.io.grpc.StatusRuntimeException: CANCELLED: client cancelled
2022-05-04 03:14:17,164 [ForkJoinPool.commonPool-worker-0] INFO  impl.StateMachineUpdater (StateMachineUpdater.java:stopAndJoin(149)) - 36a35a51-0c22-4b27-95e9-15250fb09d2f@group-56AF847F997C-StateMachineUpdater: set stopIndex = 0
2022-05-04 03:14:17,165 [36a35a51-0c22-4b27-95e9-15250fb09d2f@group-56AF847F997C-StateMachineUpdater] INFO  ratis.ContainerStateMachine (ContainerStateMachine.java:takeSnapshot(304)) - group-56AF847F997C: Taking a snapshot at:(t:1, i:0) file /home/runner/work/ozone/ozone/hadoop-ozone/integration-test/target/test-dir/MiniOzoneClusterImpl-16b4eb12-8d22-44ef-95c0-40f9ce645855/datanode-1/data/ratis/6d150552-0aad-4581-a11b-56af847f997c/sm/snapshot.1_0
2022-05-04 03:14:17,166 [36a35a51-0c22-4b27-95e9-15250fb09d2f@group-56AF847F997C-StateMachineUpdater] INFO  ratis.ContainerStateMachine (ContainerStateMachine.java:takeSnapshot(315)) - group-56AF847F997C: Finished taking a snapshot at:(t:1, i:0) file:/home/runner/work/ozone/ozone/hadoop-ozone/integration-test/target/test-dir/MiniOzoneClusterImpl-16b4eb12-8d22-44ef-95c0-40f9ce645855/datanode-1/data/ratis/6d150552-0aad-4581-a11b-56af847f997c/sm/snapshot.1_0 took: 1 ms
2022-05-04 03:14:17,168 [36a35a51-0c22-4b27-95e9-15250fb09d2f@group-56AF847F997C-StateMachineUpdater] INFO  impl.StateMachineUpdater (StateMachineUpdater.java:takeSnapshot(281)) - 36a35a51-0c22-4b27-95e9-15250fb09d2f@group-56AF847F997C-StateMachineUpdater: Took a snapshot at index 0
2022-05-04 03:14:17,168 [36a35a51-0c22-4b27-95e9-15250fb09d2f@group-56AF847F997C-StateMachineUpdater] INFO  impl.StateMachineUpdater (StateMachineUpdater.java:lambda$new$0(89)) - 36a35a51-0c22-4b27-95e9-15250fb09d2f@group-56AF847F997C-StateMachineUpdater: snapshotIndex: updateIncreasingly -1 -> 0
2022-05-04 03:14:17,168 [ForkJoinPool.commonPool-worker-0] INFO  server.RaftServer$Division (ServerState.java:close(419)) - 36a35a51-0c22-4b27-95e9-15250fb09d2f@group-56AF847F997C: closes. applyIndex: 0
2022-05-04 03:14:17,169 [36a35a51-0c22-4b27-95e9-15250fb09d2f@group-56AF847F997C-SegmentedRaftLogWorker] INFO  segmented.SegmentedRaftLogWorker (SegmentedRaftLogWorker.java:run(327)) - 36a35a51-0c22-4b27-95e9-15250fb09d2f@group-56AF847F997C-SegmentedRaftLogWorker was interrupted, exiting. There are 0 tasks remaining in the queue.
2022-05-04 03:14:17,169 [ForkJoinPool.commonPool-worker-0] INFO  segmented.SegmentedRaftLogWorker (SegmentedRaftLogWorker.java:close(237)) - 36a35a51-0c22-4b27-95e9-15250fb09d2f@group-56AF847F997C-SegmentedRaftLogWorker close()
2022-05-04 03:14:17,171 [grpc-default-executor-1] WARN  server.GrpcLogAppender (LogUtils.java:warn(122)) - 36a35a51-0c22-4b27-95e9-15250fb09d2f@group-6F26DEE77B20->50786c60-577d-4d1d-b3bc-3dc2ae741836-AppendLogResponseHandler: Failed appendEntries: org.apache.ratis.thirdparty.io.grpc.StatusRuntimeException: CANCELLED: HTTP/2 error code: CANCEL
Received Rst Stream
2022-05-04 03:14:17,171 [grpc-default-executor-1] INFO  leader.FollowerInfo (FollowerInfoImpl.java:lambda$new$0(47)) - 36a35a51-0c22-4b27-95e9-15250fb09d2f@group-6F26DEE77B20->50786c60-577d-4d1d-b3bc-3dc2ae741836: nextIndex: updateUnconditionally 32 -> 31
2022-05-04 03:14:17,171 [ForkJoinPool.commonPool-worker-0] INFO  server.RaftServer$Division (RaftServerImpl.java:lambda$close$4(412)) - 36a35a51-0c22-4b27-95e9-15250fb09d2f@group-6F26DEE77B20: shutdown
2022-05-04 03:14:17,171 [ForkJoinPool.commonPool-worker-0] INFO  util.JmxRegister (JmxRegister.java:unregister(73)) - Successfully un-registered JMX Bean with object name Ratis:service=RaftServer,group=group-6F26DEE77B20,id=36a35a51-0c22-4b27-95e9-15250fb09d2f
2022-05-04 03:14:17,171 [ForkJoinPool.commonPool-worker-0] INFO  impl.RoleInfo (RoleInfo.java:shutdownLeaderState(91)) - 36a35a51-0c22-4b27-95e9-15250fb09d2f: shutdown 36a35a51-0c22-4b27-95e9-15250fb09d2f@group-6F26DEE77B20-LeaderStateImpl
2022-05-04 03:14:17,172 [36a35a51-0c22-4b27-95e9-15250fb09d2f@group-6F26DEE77B20->3d91fce6-fc2e-4974-9eab-0da46cd4cdf8-GrpcLogAppender-LogAppenderDaemon] WARN  server.GrpcLogAppender (GrpcLogAppender.java:mayWait(177)) - 36a35a51-0c22-4b27-95e9-15250fb09d2f@group-6F26DEE77B20->3d91fce6-fc2e-4974-9eab-0da46cd4cdf8-GrpcLogAppender: Wait interrupted by java.lang.InterruptedException
2022-05-04 03:14:17,172 [36a35a51-0c22-4b27-95e9-15250fb09d2f@group-6F26DEE77B20->50786c60-577d-4d1d-b3bc-3dc2ae741836-GrpcLogAppender-LogAppenderDaemon] WARN  server.GrpcLogAppender (GrpcLogAppender.java:mayWait(177)) - 36a35a51-0c22-4b27-95e9-15250fb09d2f@group-6F26DEE77B20->50786c60-577d-4d1d-b3bc-3dc2ae741836-GrpcLogAppender: Wait interrupted by java.lang.InterruptedException
2022-05-04 03:14:17,172 [grpc-default-executor-1] INFO  server.GrpcServerProtocolService (GrpcServerProtocolService.java:onCompleted(140)) - 3d91fce6-fc2e-4974-9eab-0da46cd4cdf8: Completed APPEND_ENTRIES, lastRequest: 36a35a51-0c22-4b27-95e9-15250fb09d2f->3d91fce6-fc2e-4974-9eab-0da46cd4cdf8#529-t3,previous=(t:3, i:30),leaderCommit=29,initializing? true,entries: size=1, first=(t:3, i:31), METADATAENTRY(c:29)
2022-05-04 03:14:17,172 [ForkJoinPool.commonPool-worker-0] INFO  impl.PendingRequests (PendingRequests.java:sendNotLeaderResponses(282)) - 36a35a51-0c22-4b27-95e9-15250fb09d2f@group-6F26DEE77B20-PendingRequests: sendNotLeaderResponses
2022-05-04 03:14:17,173 [grpc-default-executor-1] INFO  server.GrpcLogAppender (GrpcLogAppender.java:onCompleted(346)) - 36a35a51-0c22-4b27-95e9-15250fb09d2f@group-6F26DEE77B20->3d91fce6-fc2e-4974-9eab-0da46cd4cdf8-AppendLogResponseHandler: follower responses appendEntries COMPLETED
2022-05-04 03:14:17,173 [grpc-default-executor-1] INFO  leader.FollowerInfo (FollowerInfoImpl.java:lambda$new$0(47)) - 36a35a51-0c22-4b27-95e9-15250fb09d2f@group-6F26DEE77B20->3d91fce6-fc2e-4974-9eab-0da46cd4cdf8: nextIndex: updateUnconditionally 32 -> 31
2022-05-04 03:14:17,191 [Listener at 127.0.0.1/46813] INFO  server.GrpcService (GrpcService.java:closeImpl(271)) - 50786c60-577d-4d1d-b3bc-3dc2ae741836: shutdown server with port 42585 successfully
2022-05-04 03:14:17,193 [ForkJoinPool.commonPool-worker-0] INFO  impl.StateMachineUpdater (StateMachineUpdater.java:stopAndJoin(149)) - 36a35a51-0c22-4b27-95e9-15250fb09d2f@group-6F26DEE77B20-StateMachineUpdater: set stopIndex = 31
2022-05-04 03:14:17,194 [36a35a51-0c22-4b27-95e9-15250fb09d2f@group-6F26DEE77B20-StateMachineUpdater] INFO  ratis.ContainerStateMachine (ContainerStateMachine.java:takeSnapshot(304)) - group-6F26DEE77B20: Taking a snapshot at:(t:3, i:31) file /home/runner/work/ozone/ozone/hadoop-ozone/integration-test/target/test-dir/MiniOzoneClusterImpl-16b4eb12-8d22-44ef-95c0-40f9ce645855/datanode-1/data/ratis/86a0a906-d3d9-4222-80e3-6f26dee77b20/sm/snapshot.3_31
2022-05-04 03:14:17,197 [36a35a51-0c22-4b27-95e9-15250fb09d2f@group-6F26DEE77B20-StateMachineUpdater] INFO  ratis.ContainerStateMachine (ContainerStateMachine.java:takeSnapshot(315)) - group-6F26DEE77B20: Finished taking a snapshot at:(t:3, i:31) file:/home/runner/work/ozone/ozone/hadoop-ozone/integration-test/target/test-dir/MiniOzoneClusterImpl-16b4eb12-8d22-44ef-95c0-40f9ce645855/datanode-1/data/ratis/86a0a906-d3d9-4222-80e3-6f26dee77b20/sm/snapshot.3_31 took: 2 ms
2022-05-04 03:14:17,197 [36a35a51-0c22-4b27-95e9-15250fb09d2f@group-6F26DEE77B20-StateMachineUpdater] INFO  impl.StateMachineUpdater (StateMachineUpdater.java:takeSnapshot(281)) - 36a35a51-0c22-4b27-95e9-15250fb09d2f@group-6F26DEE77B20-StateMachineUpdater: Took a snapshot at index 31
2022-05-04 03:14:17,197 [36a35a51-0c22-4b27-95e9-15250fb09d2f@group-6F26DEE77B20-StateMachineUpdater] INFO  impl.StateMachineUpdater (StateMachineUpdater.java:lambda$new$0(89)) - 36a35a51-0c22-4b27-95e9-15250fb09d2f@group-6F26DEE77B20-StateMachineUpdater: snapshotIndex: updateIncreasingly -1 -> 31
2022-05-04 03:14:17,197 [ForkJoinPool.commonPool-worker-0] INFO  server.RaftServer$Division (ServerState.java:close(419)) - 36a35a51-0c22-4b27-95e9-15250fb09d2f@group-6F26DEE77B20: closes. applyIndex: 31
2022-05-04 03:14:17,198 [36a35a51-0c22-4b27-95e9-15250fb09d2f@group-6F26DEE77B20-SegmentedRaftLogWorker] INFO  segmented.SegmentedRaftLogWorker (SegmentedRaftLogWorker.java:run(327)) - 36a35a51-0c22-4b27-95e9-15250fb09d2f@group-6F26DEE77B20-SegmentedRaftLogWorker was interrupted, exiting. There are 0 tasks remaining in the queue.
2022-05-04 03:14:17,209 [org.apache.ratis.util.JvmPauseMonitor$$Lambda$565/1325392746@668adfb4] INFO  util.JvmPauseMonitor (JvmPauseMonitor.java:run(109)) - JvmPauseMonitor-50786c60-577d-4d1d-b3bc-3dc2ae741836: Stopped
2022-05-04 03:14:17,216 [ForkJoinPool.commonPool-worker-0] INFO  segmented.SegmentedRaftLogWorker (SegmentedRaftLogWorker.java:close(237)) - 36a35a51-0c22-4b27-95e9-15250fb09d2f@group-6F26DEE77B20-SegmentedRaftLogWorker close()
2022-05-04 03:14:17,217 [ForkJoinPool.commonPool-worker-0] INFO  server.GrpcService (GrpcService.java:closeImpl(262)) - 36a35a51-0c22-4b27-95e9-15250fb09d2f: shutdown server with port 41095 now
2022-05-04 03:14:17,220 [grpc-default-executor-2] WARN  client.GrpcClientProtocolService (LogUtils.java:warn(122)) - 1-UnorderedRequestStreamObserver1: onError: org.apache.ratis.thirdparty.io.grpc.StatusRuntimeException: CANCELLED: client cancelled
2022-05-04 03:14:17,226 [ForkJoinPool.commonPool-worker-0] INFO  server.GrpcService (GrpcService.java:closeImpl(271)) - 36a35a51-0c22-4b27-95e9-15250fb09d2f: shutdown server with port 41095 successfully
2022-05-04 03:14:17,226 [org.apache.ratis.util.JvmPauseMonitor$$Lambda$565/1325392746@4431d6cb] INFO  util.JvmPauseMonitor (JvmPauseMonitor.java:run(109)) - JvmPauseMonitor-36a35a51-0c22-4b27-95e9-15250fb09d2f: Stopped
2022-05-04 03:14:19,257 [Listener at 127.0.0.1/46813] INFO  utils.BackgroundService (BackgroundService.java:shutdown(132)) - Shutting down service BlockDeletingService
2022-05-04 03:14:19,304 [ForkJoinPool.commonPool-worker-0] INFO  utils.BackgroundService (BackgroundService.java:shutdown(132)) - Shutting down service BlockDeletingService
2022-05-04 03:14:22,267 [Listener at 127.0.0.1/46813] INFO  statemachine.DatanodeStateMachine (DatanodeStateMachine.java:stopDaemon(560)) - Ozone container server stopped.
2022-05-04 03:14:22,286 [Listener at 127.0.0.1/46813] INFO  handler.ContextHandler (ContextHandler.java:doStop(1153)) - Stopped o.e.j.w.WebAppContext@4f7feec2{hddsDatanode,/,null,STOPPED}{jar:file:/home/runner/.m2/repository/org/apache/ozone/hdds-container-service/1.3.0-SNAPSHOT/hdds-container-service-1.3.0-SNAPSHOT.jar!/webapps/hddsDatanode}
2022-05-04 03:14:22,295 [Listener at 127.0.0.1/46813] INFO  server.AbstractConnector (AbstractConnector.java:doStop(381)) - Stopped ServerConnector@5e96ad97{HTTP/1.1, (http/1.1)}{0.0.0.0:0}
2022-05-04 03:14:22,296 [Listener at 127.0.0.1/46813] INFO  server.session (HouseKeeper.java:stopScavenging(149)) - node0 Stopped scavenging
2022-05-04 03:14:22,296 [Listener at 127.0.0.1/46813] INFO  handler.ContextHandler (ContextHandler.java:doStop(1153)) - Stopped o.e.j.s.ServletContextHandler@45d7ba13{static,/static,jar:file:/home/runner/.m2/repository/org/apache/ozone/hdds-container-service/1.3.0-SNAPSHOT/hdds-container-service-1.3.0-SNAPSHOT.jar!/webapps/static,STOPPED}
2022-05-04 03:14:22,296 [Listener at 127.0.0.1/46813] INFO  handler.ContextHandler (ContextHandler.java:doStop(1153)) - Stopped o.e.j.s.ServletContextHandler@2b64a74c{logs,/logs,file:///home/runner/work/ozone/ozone/hadoop-ozone/integration-test/target/log,STOPPED}
2022-05-04 03:14:22,311 [ForkJoinPool.commonPool-worker-0] INFO  statemachine.DatanodeStateMachine (DatanodeStateMachine.java:stopDaemon(560)) - Ozone container server stopped.
2022-05-04 03:14:22,354 [ForkJoinPool.commonPool-worker-0] INFO  handler.ContextHandler (ContextHandler.java:doStop(1153)) - Stopped o.e.j.w.WebAppContext@62a7af91{hddsDatanode,/,null,STOPPED}{jar:file:/home/runner/.m2/repository/org/apache/ozone/hdds-container-service/1.3.0-SNAPSHOT/hdds-container-service-1.3.0-SNAPSHOT.jar!/webapps/hddsDatanode}
2022-05-04 03:14:22,361 [ForkJoinPool.commonPool-worker-0] INFO  server.AbstractConnector (AbstractConnector.java:doStop(381)) - Stopped ServerConnector@58a9b1b9{HTTP/1.1, (http/1.1)}{0.0.0.0:0}
2022-05-04 03:14:22,362 [ForkJoinPool.commonPool-worker-0] INFO  server.session (HouseKeeper.java:stopScavenging(149)) - node0 Stopped scavenging
2022-05-04 03:14:22,368 [ForkJoinPool.commonPool-worker-0] INFO  handler.ContextHandler (ContextHandler.java:doStop(1153)) - Stopped o.e.j.s.ServletContextHandler@be947b2{static,/static,jar:file:/home/runner/.m2/repository/org/apache/ozone/hdds-container-service/1.3.0-SNAPSHOT/hdds-container-service-1.3.0-SNAPSHOT.jar!/webapps/static,STOPPED}
2022-05-04 03:14:22,377 [ForkJoinPool.commonPool-worker-0] INFO  handler.ContextHandler (ContextHandler.java:doStop(1153)) - Stopped o.e.j.s.ServletContextHandler@5ebf2121{logs,/logs,file:///home/runner/work/ozone/ozone/hadoop-ozone/integration-test/target/log,STOPPED}
2022-05-04 03:14:25,571 [3d91fce6-fc2e-4974-9eab-0da46cd4cdf8@group-6F26DEE77B20-FollowerState] INFO  impl.FollowerState (FollowerState.java:run(134)) - 3d91fce6-fc2e-4974-9eab-0da46cd4cdf8@group-6F26DEE77B20-FollowerState: change to CANDIDATE, lastRpcElapsedTime:9119348950ns, electionTimeout:5049ms
2022-05-04 03:14:25,571 [3d91fce6-fc2e-4974-9eab-0da46cd4cdf8@group-6F26DEE77B20-FollowerState] INFO  impl.RoleInfo (RoleInfo.java:shutdownFollowerState(108)) - 3d91fce6-fc2e-4974-9eab-0da46cd4cdf8: shutdown 3d91fce6-fc2e-4974-9eab-0da46cd4cdf8@group-6F26DEE77B20-FollowerState
2022-05-04 03:14:25,571 [3d91fce6-fc2e-4974-9eab-0da46cd4cdf8@group-6F26DEE77B20-FollowerState] INFO  server.RaftServer$Division (RaftServerImpl.java:setRole(290)) - 3d91fce6-fc2e-4974-9eab-0da46cd4cdf8@group-6F26DEE77B20: changes role from  FOLLOWER to CANDIDATE at term 3 for changeToCandidate
2022-05-04 03:14:25,571 [3d91fce6-fc2e-4974-9eab-0da46cd4cdf8@group-6F26DEE77B20-FollowerState] INFO  server.RaftServerConfigKeys (ConfUtils.java:logGet(44)) - raft.server.leaderelection.pre-vote = false (custom)
2022-05-04 03:14:25,571 [3d91fce6-fc2e-4974-9eab-0da46cd4cdf8@group-6F26DEE77B20-FollowerState] INFO  impl.RoleInfo (RoleInfo.java:updateAndGet(130)) - 3d91fce6-fc2e-4974-9eab-0da46cd4cdf8: start 3d91fce6-fc2e-4974-9eab-0da46cd4cdf8@group-6F26DEE77B20-LeaderElection32
2022-05-04 03:14:25,587 [3d91fce6-fc2e-4974-9eab-0da46cd4cdf8@group-6F26DEE77B20-LeaderElection32] INFO  server.RaftServer$Division (ServerState.java:setLeader(285)) - 3d91fce6-fc2e-4974-9eab-0da46cd4cdf8@group-6F26DEE77B20: change Leader from 36a35a51-0c22-4b27-95e9-15250fb09d2f to null at term 3 for ELECTION
2022-05-04 03:14:25,597 [3d91fce6-fc2e-4974-9eab-0da46cd4cdf8@group-6F26DEE77B20-LeaderElection32] INFO  impl.LeaderElection (LeaderElection.java:askForVotes(306)) - 3d91fce6-fc2e-4974-9eab-0da46cd4cdf8@group-6F26DEE77B20-LeaderElection32 ELECTION round 0: submit vote requests at term 4 for 0: [50786c60-577d-4d1d-b3bc-3dc2ae741836|rpc:10.1.0.22:42585|dataStream:|priority:0, 36a35a51-0c22-4b27-95e9-15250fb09d2f|rpc:10.1.0.22:41095|dataStream:|priority:1, 3d91fce6-fc2e-4974-9eab-0da46cd4cdf8|rpc:10.1.0.22:40237|dataStream:|priority:0], old=null
2022-05-04 03:14:25,643 [3d91fce6-fc2e-4974-9eab-0da46cd4cdf8@group-6F26DEE77B20-LeaderElection32] INFO  impl.LeaderElection (LogUtils.java:infoOrTrace(137)) - 3d91fce6-fc2e-4974-9eab-0da46cd4cdf8@group-6F26DEE77B20-LeaderElection32 got exception when requesting votes: java.util.concurrent.ExecutionException: org.apache.ratis.thirdparty.io.grpc.StatusRuntimeException: UNAVAILABLE: io exception
2022-05-04 03:14:25,658 [3d91fce6-fc2e-4974-9eab-0da46cd4cdf8@group-6F26DEE77B20-LeaderElection32] INFO  impl.LeaderElection (LogUtils.java:infoOrTrace(137)) - 3d91fce6-fc2e-4974-9eab-0da46cd4cdf8@group-6F26DEE77B20-LeaderElection32 got exception when requesting votes: java.util.concurrent.ExecutionException: org.apache.ratis.thirdparty.io.grpc.StatusRuntimeException: UNAVAILABLE: io exception
2022-05-04 03:14:25,658 [3d91fce6-fc2e-4974-9eab-0da46cd4cdf8@group-6F26DEE77B20-LeaderElection32] INFO  impl.LeaderElection (LeaderElection.java:logAndReturn(89)) - 3d91fce6-fc2e-4974-9eab-0da46cd4cdf8@group-6F26DEE77B20-LeaderElection32: ELECTION REJECTED received 0 response(s) and 2 exception(s):
2022-05-04 03:14:25,658 [3d91fce6-fc2e-4974-9eab-0da46cd4cdf8@group-6F26DEE77B20-LeaderElection32] INFO  impl.LeaderElection (LogUtils.java:infoOrTrace(137)) -   Exception 0: java.util.concurrent.ExecutionException: org.apache.ratis.thirdparty.io.grpc.StatusRuntimeException: UNAVAILABLE: io exception
2022-05-04 03:14:25,658 [3d91fce6-fc2e-4974-9eab-0da46cd4cdf8@group-6F26DEE77B20-LeaderElection32] INFO  impl.LeaderElection (LogUtils.java:infoOrTrace(137)) -   Exception 1: java.util.concurrent.ExecutionException: org.apache.ratis.thirdparty.io.grpc.StatusRuntimeException: UNAVAILABLE: io exception
2022-05-04 03:14:25,658 [3d91fce6-fc2e-4974-9eab-0da46cd4cdf8@group-6F26DEE77B20-LeaderElection32] INFO  impl.LeaderElection (LeaderElection.java:askForVotes(308)) - 3d91fce6-fc2e-4974-9eab-0da46cd4cdf8@group-6F26DEE77B20-LeaderElection32 ELECTION round 0: result REJECTED
2022-05-04 03:14:25,659 [3d91fce6-fc2e-4974-9eab-0da46cd4cdf8@group-6F26DEE77B20-LeaderElection32] INFO  server.RaftServer$Division (RaftServerImpl.java:setRole(290)) - 3d91fce6-fc2e-4974-9eab-0da46cd4cdf8@group-6F26DEE77B20: changes role from CANDIDATE to FOLLOWER at term 4 for REJECTED
2022-05-04 03:14:25,659 [3d91fce6-fc2e-4974-9eab-0da46cd4cdf8@group-6F26DEE77B20-LeaderElection32] INFO  impl.RoleInfo (RoleInfo.java:shutdownLeaderElection(121)) - 3d91fce6-fc2e-4974-9eab-0da46cd4cdf8: shutdown 3d91fce6-fc2e-4974-9eab-0da46cd4cdf8@group-6F26DEE77B20-LeaderElection32
2022-05-04 03:14:25,659 [3d91fce6-fc2e-4974-9eab-0da46cd4cdf8@group-6F26DEE77B20-LeaderElection32] INFO  impl.RoleInfo (RoleInfo.java:updateAndGet(130)) - 3d91fce6-fc2e-4974-9eab-0da46cd4cdf8: start 3d91fce6-fc2e-4974-9eab-0da46cd4cdf8@group-6F26DEE77B20-FollowerState
2022-05-04 03:14:25,962 [3d91fce6-fc2e-4974-9eab-0da46cd4cdf8@group-CCCC3F4E889C-FollowerState] INFO  impl.FollowerState (FollowerState.java:run(134)) - 3d91fce6-fc2e-4974-9eab-0da46cd4cdf8@group-CCCC3F4E889C-FollowerState: change to CANDIDATE, lastRpcElapsedTime:10275130000ns, electionTimeout:5156ms
2022-05-04 03:14:25,962 [3d91fce6-fc2e-4974-9eab-0da46cd4cdf8@group-CCCC3F4E889C-FollowerState] INFO  impl.RoleInfo (RoleInfo.java:shutdownFollowerState(108)) - 3d91fce6-fc2e-4974-9eab-0da46cd4cdf8: shutdown 3d91fce6-fc2e-4974-9eab-0da46cd4cdf8@group-CCCC3F4E889C-FollowerState
2022-05-04 03:14:25,962 [3d91fce6-fc2e-4974-9eab-0da46cd4cdf8@group-CCCC3F4E889C-FollowerState] INFO  server.RaftServer$Division (RaftServerImpl.java:setRole(290)) - 3d91fce6-fc2e-4974-9eab-0da46cd4cdf8@group-CCCC3F4E889C: changes role from  FOLLOWER to CANDIDATE at term 5 for changeToCandidate
2022-05-04 03:14:25,963 [3d91fce6-fc2e-4974-9eab-0da46cd4cdf8@group-CCCC3F4E889C-FollowerState] INFO  server.RaftServerConfigKeys (ConfUtils.java:logGet(44)) - raft.server.leaderelection.pre-vote = false (custom)
2022-05-04 03:14:25,963 [3d91fce6-fc2e-4974-9eab-0da46cd4cdf8@group-CCCC3F4E889C-FollowerState] INFO  impl.RoleInfo (RoleInfo.java:updateAndGet(130)) - 3d91fce6-fc2e-4974-9eab-0da46cd4cdf8: start 3d91fce6-fc2e-4974-9eab-0da46cd4cdf8@group-CCCC3F4E889C-LeaderElection33
2022-05-04 03:14:25,978 [3d91fce6-fc2e-4974-9eab-0da46cd4cdf8@group-CCCC3F4E889C-LeaderElection33] INFO  server.RaftServer$Division (ServerState.java:setLeader(285)) - 3d91fce6-fc2e-4974-9eab-0da46cd4cdf8@group-CCCC3F4E889C: change Leader from 50786c60-577d-4d1d-b3bc-3dc2ae741836 to null at term 5 for ELECTION
2022-05-04 03:14:25,980 [3d91fce6-fc2e-4974-9eab-0da46cd4cdf8@group-CCCC3F4E889C-LeaderElection33] INFO  impl.LeaderElection (LeaderElection.java:askForVotes(306)) - 3d91fce6-fc2e-4974-9eab-0da46cd4cdf8@group-CCCC3F4E889C-LeaderElection33 ELECTION round 0: submit vote requests at term 6 for 0: [50786c60-577d-4d1d-b3bc-3dc2ae741836|rpc:10.1.0.22:42585|dataStream:|priority:1, 36a35a51-0c22-4b27-95e9-15250fb09d2f|rpc:10.1.0.22:41095|dataStream:|priority:0, 3d91fce6-fc2e-4974-9eab-0da46cd4cdf8|rpc:10.1.0.22:40237|dataStream:|priority:0], old=null
2022-05-04 03:14:25,981 [3d91fce6-fc2e-4974-9eab-0da46cd4cdf8@group-CCCC3F4E889C-LeaderElection33] INFO  impl.LeaderElection (LogUtils.java:infoOrTrace(137)) - 3d91fce6-fc2e-4974-9eab-0da46cd4cdf8@group-CCCC3F4E889C-LeaderElection33 got exception when requesting votes: java.util.concurrent.ExecutionException: org.apache.ratis.thirdparty.io.grpc.StatusRuntimeException: UNAVAILABLE: io exception
2022-05-04 03:14:25,981 [3d91fce6-fc2e-4974-9eab-0da46cd4cdf8@group-CCCC3F4E889C-LeaderElection33] INFO  impl.LeaderElection (LogUtils.java:infoOrTrace(137)) - 3d91fce6-fc2e-4974-9eab-0da46cd4cdf8@group-CCCC3F4E889C-LeaderElection33 got exception when requesting votes: java.util.concurrent.ExecutionException: org.apache.ratis.thirdparty.io.grpc.StatusRuntimeException: UNAVAILABLE: io exception
2022-05-04 03:14:25,981 [3d91fce6-fc2e-4974-9eab-0da46cd4cdf8@group-CCCC3F4E889C-LeaderElection33] INFO  impl.LeaderElection (LeaderElection.java:logAndReturn(89)) - 3d91fce6-fc2e-4974-9eab-0da46cd4cdf8@group-CCCC3F4E889C-LeaderElection33: ELECTION REJECTED received 0 response(s) and 2 exception(s):
2022-05-04 03:14:25,981 [3d91fce6-fc2e-4974-9eab-0da46cd4cdf8@group-CCCC3F4E889C-LeaderElection33] INFO  impl.LeaderElection (LogUtils.java:infoOrTrace(137)) -   Exception 0: java.util.concurrent.ExecutionException: org.apache.ratis.thirdparty.io.grpc.StatusRuntimeException: UNAVAILABLE: io exception
2022-05-04 03:14:25,981 [3d91fce6-fc2e-4974-9eab-0da46cd4cdf8@group-CCCC3F4E889C-LeaderElection33] INFO  impl.LeaderElection (LogUtils.java:infoOrTrace(137)) -   Exception 1: java.util.concurrent.ExecutionException: org.apache.ratis.thirdparty.io.grpc.StatusRuntimeException: UNAVAILABLE: io exception
2022-05-04 03:14:25,981 [3d91fce6-fc2e-4974-9eab-0da46cd4cdf8@group-CCCC3F4E889C-LeaderElection33] INFO  impl.LeaderElection (LeaderElection.java:askForVotes(308)) - 3d91fce6-fc2e-4974-9eab-0da46cd4cdf8@group-CCCC3F4E889C-LeaderElection33 ELECTION round 0: result REJECTED
2022-05-04 03:14:25,981 [3d91fce6-fc2e-4974-9eab-0da46cd4cdf8@group-CCCC3F4E889C-LeaderElection33] INFO  server.RaftServer$Division (RaftServerImpl.java:setRole(290)) - 3d91fce6-fc2e-4974-9eab-0da46cd4cdf8@group-CCCC3F4E889C: changes role from CANDIDATE to FOLLOWER at term 6 for REJECTED
2022-05-04 03:14:25,981 [3d91fce6-fc2e-4974-9eab-0da46cd4cdf8@group-CCCC3F4E889C-LeaderElection33] INFO  impl.RoleInfo (RoleInfo.java:shutdownLeaderElection(121)) - 3d91fce6-fc2e-4974-9eab-0da46cd4cdf8: shutdown 3d91fce6-fc2e-4974-9eab-0da46cd4cdf8@group-CCCC3F4E889C-LeaderElection33
2022-05-04 03:14:25,981 [3d91fce6-fc2e-4974-9eab-0da46cd4cdf8@group-CCCC3F4E889C-LeaderElection33] INFO  impl.RoleInfo (RoleInfo.java:updateAndGet(130)) - 3d91fce6-fc2e-4974-9eab-0da46cd4cdf8: start 3d91fce6-fc2e-4974-9eab-0da46cd4cdf8@group-CCCC3F4E889C-FollowerState
2022-05-04 03:14:27,301 [Listener at 127.0.0.1/46813] INFO  ozoneimpl.OzoneContainer (OzoneContainer.java:stop(356)) - Attempting to stop container services.
2022-05-04 03:14:27,303 [Listener at 127.0.0.1/46813] INFO  server.RaftServer (RaftServerProxy.java:lambda$close$6(391)) - 705521b5-205e-4d49-a04d-535d0918c68b: close
2022-05-04 03:14:27,303 [Listener at 127.0.0.1/46813] INFO  server.RaftServer$Division (RaftServerImpl.java:lambda$close$4(412)) - 705521b5-205e-4d49-a04d-535d0918c68b@group-EADA591BAAA5: shutdown
2022-05-04 03:14:27,304 [Listener at 127.0.0.1/46813] INFO  util.JmxRegister (JmxRegister.java:unregister(73)) - Successfully un-registered JMX Bean with object name Ratis:service=RaftServer,group=group-EADA591BAAA5,id=705521b5-205e-4d49-a04d-535d0918c68b
2022-05-04 03:14:27,304 [Listener at 127.0.0.1/46813] INFO  impl.RoleInfo (RoleInfo.java:shutdownLeaderState(91)) - 705521b5-205e-4d49-a04d-535d0918c68b: shutdown 705521b5-205e-4d49-a04d-535d0918c68b@group-EADA591BAAA5-LeaderStateImpl
2022-05-04 03:14:27,304 [Listener at 127.0.0.1/46813] INFO  impl.PendingRequests (PendingRequests.java:sendNotLeaderResponses(282)) - 705521b5-205e-4d49-a04d-535d0918c68b@group-EADA591BAAA5-PendingRequests: sendNotLeaderResponses
2022-05-04 03:14:27,306 [705521b5-205e-4d49-a04d-535d0918c68b@group-EADA591BAAA5-StateMachineUpdater] INFO  ratis.ContainerStateMachine (ContainerStateMachine.java:takeSnapshot(304)) - group-EADA591BAAA5: Taking a snapshot at:(t:1, i:0) file /home/runner/work/ozone/ozone/hadoop-ozone/integration-test/target/test-dir/MiniOzoneClusterImpl-16b4eb12-8d22-44ef-95c0-40f9ce645855/datanode-4/data/ratis/a875f5ef-7637-4a9f-9e10-eada591baaa5/sm/snapshot.1_0
2022-05-04 03:14:27,306 [Listener at 127.0.0.1/46813] INFO  impl.StateMachineUpdater (StateMachineUpdater.java:stopAndJoin(149)) - 705521b5-205e-4d49-a04d-535d0918c68b@group-EADA591BAAA5-StateMachineUpdater: set stopIndex = 0
2022-05-04 03:14:27,308 [705521b5-205e-4d49-a04d-535d0918c68b@group-EADA591BAAA5-StateMachineUpdater] INFO  ratis.ContainerStateMachine (ContainerStateMachine.java:takeSnapshot(315)) - group-EADA591BAAA5: Finished taking a snapshot at:(t:1, i:0) file:/home/runner/work/ozone/ozone/hadoop-ozone/integration-test/target/test-dir/MiniOzoneClusterImpl-16b4eb12-8d22-44ef-95c0-40f9ce645855/datanode-4/data/ratis/a875f5ef-7637-4a9f-9e10-eada591baaa5/sm/snapshot.1_0 took: 2 ms
2022-05-04 03:14:27,308 [705521b5-205e-4d49-a04d-535d0918c68b@group-EADA591BAAA5-StateMachineUpdater] INFO  impl.StateMachineUpdater (StateMachineUpdater.java:takeSnapshot(281)) - 705521b5-205e-4d49-a04d-535d0918c68b@group-EADA591BAAA5-StateMachineUpdater: Took a snapshot at index 0
2022-05-04 03:14:27,308 [705521b5-205e-4d49-a04d-535d0918c68b@group-EADA591BAAA5-StateMachineUpdater] INFO  impl.StateMachineUpdater (StateMachineUpdater.java:lambda$new$0(89)) - 705521b5-205e-4d49-a04d-535d0918c68b@group-EADA591BAAA5-StateMachineUpdater: snapshotIndex: updateIncreasingly -1 -> 0
2022-05-04 03:14:27,310 [Listener at 127.0.0.1/46813] INFO  server.RaftServer$Division (ServerState.java:close(419)) - 705521b5-205e-4d49-a04d-535d0918c68b@group-EADA591BAAA5: closes. applyIndex: 0
2022-05-04 03:14:27,310 [705521b5-205e-4d49-a04d-535d0918c68b@group-EADA591BAAA5-SegmentedRaftLogWorker] INFO  segmented.SegmentedRaftLogWorker (SegmentedRaftLogWorker.java:run(327)) - 705521b5-205e-4d49-a04d-535d0918c68b@group-EADA591BAAA5-SegmentedRaftLogWorker was interrupted, exiting. There are 0 tasks remaining in the queue.
2022-05-04 03:14:27,310 [Listener at 127.0.0.1/46813] INFO  segmented.SegmentedRaftLogWorker (SegmentedRaftLogWorker.java:close(237)) - 705521b5-205e-4d49-a04d-535d0918c68b@group-EADA591BAAA5-SegmentedRaftLogWorker close()
2022-05-04 03:14:27,320 [Listener at 127.0.0.1/46813] INFO  server.GrpcService (GrpcService.java:closeImpl(262)) - 705521b5-205e-4d49-a04d-535d0918c68b: shutdown server with port 46011 now
2022-05-04 03:14:27,320 [Listener at 127.0.0.1/46813] INFO  server.GrpcService (GrpcService.java:closeImpl(271)) - 705521b5-205e-4d49-a04d-535d0918c68b: shutdown server with port 46011 successfully
2022-05-04 03:14:27,321 [org.apache.ratis.util.JvmPauseMonitor$$Lambda$565/1325392746@5c66df1a] INFO  util.JvmPauseMonitor (JvmPauseMonitor.java:run(109)) - JvmPauseMonitor-705521b5-205e-4d49-a04d-535d0918c68b: Stopped
2022-05-04 03:14:27,380 [ForkJoinPool.commonPool-worker-0] INFO  ozoneimpl.OzoneContainer (OzoneContainer.java:stop(356)) - Attempting to stop container services.
2022-05-04 03:14:27,386 [ForkJoinPool.commonPool-worker-0] INFO  server.RaftServer (RaftServerProxy.java:lambda$close$6(391)) - 3d91fce6-fc2e-4974-9eab-0da46cd4cdf8: close
2022-05-04 03:14:27,387 [ForkJoinPool.commonPool-worker-0] INFO  server.RaftServer$Division (RaftServerImpl.java:lambda$close$4(412)) - 3d91fce6-fc2e-4974-9eab-0da46cd4cdf8@group-CCCC3F4E889C: shutdown
2022-05-04 03:14:27,387 [ForkJoinPool.commonPool-worker-0] INFO  util.JmxRegister (JmxRegister.java:unregister(73)) - Successfully un-registered JMX Bean with object name Ratis:service=RaftServer,group=group-CCCC3F4E889C,id=3d91fce6-fc2e-4974-9eab-0da46cd4cdf8
2022-05-04 03:14:27,387 [ForkJoinPool.commonPool-worker-0] INFO  impl.RoleInfo (RoleInfo.java:shutdownFollowerState(108)) - 3d91fce6-fc2e-4974-9eab-0da46cd4cdf8: shutdown 3d91fce6-fc2e-4974-9eab-0da46cd4cdf8@group-CCCC3F4E889C-FollowerState
2022-05-04 03:14:27,387 [ForkJoinPool.commonPool-worker-0] INFO  impl.StateMachineUpdater (StateMachineUpdater.java:stopAndJoin(149)) - 3d91fce6-fc2e-4974-9eab-0da46cd4cdf8@group-CCCC3F4E889C-StateMachineUpdater: set stopIndex = 0
2022-05-04 03:14:27,387 [3d91fce6-fc2e-4974-9eab-0da46cd4cdf8@group-CCCC3F4E889C-StateMachineUpdater] INFO  ratis.ContainerStateMachine (ContainerStateMachine.java:takeSnapshot(304)) - group-CCCC3F4E889C: Taking a snapshot at:(t:5, i:0) file /home/runner/work/ozone/ozone/hadoop-ozone/integration-test/target/test-dir/MiniOzoneClusterImpl-16b4eb12-8d22-44ef-95c0-40f9ce645855/datanode-0/data/ratis/53230e0a-2780-4f9e-a939-cccc3f4e889c/sm/snapshot.5_0
2022-05-04 03:14:27,387 [3d91fce6-fc2e-4974-9eab-0da46cd4cdf8@group-CCCC3F4E889C-FollowerState] INFO  impl.FollowerState (FollowerState.java:run(143)) - 3d91fce6-fc2e-4974-9eab-0da46cd4cdf8@group-CCCC3F4E889C-FollowerState was interrupted: {}
java.lang.InterruptedException: sleep interrupted
	at java.lang.Thread.sleep(Native Method)
	at java.lang.Thread.sleep(Thread.java:342)
	at java.util.concurrent.TimeUnit.sleep(TimeUnit.java:386)
	at org.apache.ratis.util.TimeDuration.sleep(TimeDuration.java:324)
	at org.apache.ratis.util.TimeDuration.sleep(TimeDuration.java:309)
	at org.apache.ratis.server.impl.FollowerState.run(FollowerState.java:118)
2022-05-04 03:14:27,389 [3d91fce6-fc2e-4974-9eab-0da46cd4cdf8@group-CCCC3F4E889C-StateMachineUpdater] INFO  ratis.ContainerStateMachine (ContainerStateMachine.java:takeSnapshot(315)) - group-CCCC3F4E889C: Finished taking a snapshot at:(t:5, i:0) file:/home/runner/work/ozone/ozone/hadoop-ozone/integration-test/target/test-dir/MiniOzoneClusterImpl-16b4eb12-8d22-44ef-95c0-40f9ce645855/datanode-0/data/ratis/53230e0a-2780-4f9e-a939-cccc3f4e889c/sm/snapshot.5_0 took: 2 ms
2022-05-04 03:14:27,389 [3d91fce6-fc2e-4974-9eab-0da46cd4cdf8@group-CCCC3F4E889C-StateMachineUpdater] INFO  impl.StateMachineUpdater (StateMachineUpdater.java:takeSnapshot(281)) - 3d91fce6-fc2e-4974-9eab-0da46cd4cdf8@group-CCCC3F4E889C-StateMachineUpdater: Took a snapshot at index 0
2022-05-04 03:14:27,390 [3d91fce6-fc2e-4974-9eab-0da46cd4cdf8@group-CCCC3F4E889C-StateMachineUpdater] INFO  impl.StateMachineUpdater (StateMachineUpdater.java:lambda$new$0(89)) - 3d91fce6-fc2e-4974-9eab-0da46cd4cdf8@group-CCCC3F4E889C-StateMachineUpdater: snapshotIndex: updateIncreasingly -1 -> 0
2022-05-04 03:14:27,390 [ForkJoinPool.commonPool-worker-0] INFO  server.RaftServer$Division (ServerState.java:close(419)) - 3d91fce6-fc2e-4974-9eab-0da46cd4cdf8@group-CCCC3F4E889C: closes. applyIndex: 0
2022-05-04 03:14:27,390 [3d91fce6-fc2e-4974-9eab-0da46cd4cdf8@group-CCCC3F4E889C-SegmentedRaftLogWorker] INFO  segmented.SegmentedRaftLogWorker (SegmentedRaftLogWorker.java:run(327)) - 3d91fce6-fc2e-4974-9eab-0da46cd4cdf8@group-CCCC3F4E889C-SegmentedRaftLogWorker was interrupted, exiting. There are 0 tasks remaining in the queue.
2022-05-04 03:14:27,391 [ForkJoinPool.commonPool-worker-0] INFO  segmented.SegmentedRaftLogWorker (SegmentedRaftLogWorker.java:close(237)) - 3d91fce6-fc2e-4974-9eab-0da46cd4cdf8@group-CCCC3F4E889C-SegmentedRaftLogWorker close()
2022-05-04 03:14:27,391 [ForkJoinPool.commonPool-worker-0] INFO  server.RaftServer$Division (RaftServerImpl.java:lambda$close$4(412)) - 3d91fce6-fc2e-4974-9eab-0da46cd4cdf8@group-81DEFD7E8ED5: shutdown
2022-05-04 03:14:27,391 [ForkJoinPool.commonPool-worker-0] INFO  util.JmxRegister (JmxRegister.java:unregister(73)) - Successfully un-registered JMX Bean with object name Ratis:service=RaftServer,group=group-81DEFD7E8ED5,id=3d91fce6-fc2e-4974-9eab-0da46cd4cdf8
2022-05-04 03:14:27,391 [ForkJoinPool.commonPool-worker-0] INFO  impl.RoleInfo (RoleInfo.java:shutdownLeaderState(91)) - 3d91fce6-fc2e-4974-9eab-0da46cd4cdf8: shutdown 3d91fce6-fc2e-4974-9eab-0da46cd4cdf8@group-81DEFD7E8ED5-LeaderStateImpl
2022-05-04 03:14:27,392 [ForkJoinPool.commonPool-worker-0] INFO  impl.PendingRequests (PendingRequests.java:sendNotLeaderResponses(282)) - 3d91fce6-fc2e-4974-9eab-0da46cd4cdf8@group-81DEFD7E8ED5-PendingRequests: sendNotLeaderResponses
2022-05-04 03:14:27,392 [ForkJoinPool.commonPool-worker-0] INFO  impl.StateMachineUpdater (StateMachineUpdater.java:stopAndJoin(149)) - 3d91fce6-fc2e-4974-9eab-0da46cd4cdf8@group-81DEFD7E8ED5-StateMachineUpdater: set stopIndex = 0
2022-05-04 03:14:27,392 [3d91fce6-fc2e-4974-9eab-0da46cd4cdf8@group-81DEFD7E8ED5-StateMachineUpdater] INFO  ratis.ContainerStateMachine (ContainerStateMachine.java:takeSnapshot(304)) - group-81DEFD7E8ED5: Taking a snapshot at:(t:1, i:0) file /home/runner/work/ozone/ozone/hadoop-ozone/integration-test/target/test-dir/MiniOzoneClusterImpl-16b4eb12-8d22-44ef-95c0-40f9ce645855/datanode-0/data/ratis/7b1ebc71-1924-4f77-9e9f-81defd7e8ed5/sm/snapshot.1_0
2022-05-04 03:14:27,394 [3d91fce6-fc2e-4974-9eab-0da46cd4cdf8@group-81DEFD7E8ED5-StateMachineUpdater] INFO  ratis.ContainerStateMachine (ContainerStateMachine.java:takeSnapshot(315)) - group-81DEFD7E8ED5: Finished taking a snapshot at:(t:1, i:0) file:/home/runner/work/ozone/ozone/hadoop-ozone/integration-test/target/test-dir/MiniOzoneClusterImpl-16b4eb12-8d22-44ef-95c0-40f9ce645855/datanode-0/data/ratis/7b1ebc71-1924-4f77-9e9f-81defd7e8ed5/sm/snapshot.1_0 took: 1 ms
2022-05-04 03:14:27,394 [3d91fce6-fc2e-4974-9eab-0da46cd4cdf8@group-81DEFD7E8ED5-StateMachineUpdater] INFO  impl.StateMachineUpdater (StateMachineUpdater.java:takeSnapshot(281)) - 3d91fce6-fc2e-4974-9eab-0da46cd4cdf8@group-81DEFD7E8ED5-StateMachineUpdater: Took a snapshot at index 0
2022-05-04 03:14:27,394 [3d91fce6-fc2e-4974-9eab-0da46cd4cdf8@group-81DEFD7E8ED5-StateMachineUpdater] INFO  impl.StateMachineUpdater (StateMachineUpdater.java:lambda$new$0(89)) - 3d91fce6-fc2e-4974-9eab-0da46cd4cdf8@group-81DEFD7E8ED5-StateMachineUpdater: snapshotIndex: updateIncreasingly -1 -> 0
2022-05-04 03:14:27,400 [ForkJoinPool.commonPool-worker-0] INFO  server.RaftServer$Division (ServerState.java:close(419)) - 3d91fce6-fc2e-4974-9eab-0da46cd4cdf8@group-81DEFD7E8ED5: closes. applyIndex: 0
2022-05-04 03:14:27,400 [3d91fce6-fc2e-4974-9eab-0da46cd4cdf8@group-81DEFD7E8ED5-SegmentedRaftLogWorker] INFO  segmented.SegmentedRaftLogWorker (SegmentedRaftLogWorker.java:run(327)) - 3d91fce6-fc2e-4974-9eab-0da46cd4cdf8@group-81DEFD7E8ED5-SegmentedRaftLogWorker was interrupted, exiting. There are 0 tasks remaining in the queue.
2022-05-04 03:14:27,400 [ForkJoinPool.commonPool-worker-0] INFO  segmented.SegmentedRaftLogWorker (SegmentedRaftLogWorker.java:close(237)) - 3d91fce6-fc2e-4974-9eab-0da46cd4cdf8@group-81DEFD7E8ED5-SegmentedRaftLogWorker close()
2022-05-04 03:14:27,401 [ForkJoinPool.commonPool-worker-0] INFO  server.RaftServer$Division (RaftServerImpl.java:lambda$close$4(412)) - 3d91fce6-fc2e-4974-9eab-0da46cd4cdf8@group-6F26DEE77B20: shutdown
2022-05-04 03:14:27,401 [ForkJoinPool.commonPool-worker-0] INFO  util.JmxRegister (JmxRegister.java:unregister(73)) - Successfully un-registered JMX Bean with object name Ratis:service=RaftServer,group=group-6F26DEE77B20,id=3d91fce6-fc2e-4974-9eab-0da46cd4cdf8
2022-05-04 03:14:27,401 [ForkJoinPool.commonPool-worker-0] INFO  impl.RoleInfo (RoleInfo.java:shutdownFollowerState(108)) - 3d91fce6-fc2e-4974-9eab-0da46cd4cdf8: shutdown 3d91fce6-fc2e-4974-9eab-0da46cd4cdf8@group-6F26DEE77B20-FollowerState
2022-05-04 03:14:27,401 [3d91fce6-fc2e-4974-9eab-0da46cd4cdf8@group-6F26DEE77B20-FollowerState] INFO  impl.FollowerState (FollowerState.java:run(143)) - 3d91fce6-fc2e-4974-9eab-0da46cd4cdf8@group-6F26DEE77B20-FollowerState was interrupted: {}
java.lang.InterruptedException: sleep interrupted
	at java.lang.Thread.sleep(Native Method)
	at java.lang.Thread.sleep(Thread.java:342)
	at java.util.concurrent.TimeUnit.sleep(TimeUnit.java:386)
	at org.apache.ratis.util.TimeDuration.sleep(TimeDuration.java:324)
	at org.apache.ratis.util.TimeDuration.sleep(TimeDuration.java:309)
	at org.apache.ratis.server.impl.FollowerState.run(FollowerState.java:118)
2022-05-04 03:14:27,401 [ForkJoinPool.commonPool-worker-0] INFO  impl.StateMachineUpdater (StateMachineUpdater.java:stopAndJoin(149)) - 3d91fce6-fc2e-4974-9eab-0da46cd4cdf8@group-6F26DEE77B20-StateMachineUpdater: set stopIndex = 31
2022-05-04 03:14:27,401 [3d91fce6-fc2e-4974-9eab-0da46cd4cdf8@group-6F26DEE77B20-StateMachineUpdater] INFO  ratis.ContainerStateMachine (ContainerStateMachine.java:takeSnapshot(304)) - group-6F26DEE77B20: Taking a snapshot at:(t:3, i:31) file /home/runner/work/ozone/ozone/hadoop-ozone/integration-test/target/test-dir/MiniOzoneClusterImpl-16b4eb12-8d22-44ef-95c0-40f9ce645855/datanode-0/data/ratis/86a0a906-d3d9-4222-80e3-6f26dee77b20/sm/snapshot.3_31
2022-05-04 03:14:27,430 [3d91fce6-fc2e-4974-9eab-0da46cd4cdf8@group-6F26DEE77B20-StateMachineUpdater] INFO  ratis.ContainerStateMachine (ContainerStateMachine.java:takeSnapshot(315)) - group-6F26DEE77B20: Finished taking a snapshot at:(t:3, i:31) file:/home/runner/work/ozone/ozone/hadoop-ozone/integration-test/target/test-dir/MiniOzoneClusterImpl-16b4eb12-8d22-44ef-95c0-40f9ce645855/datanode-0/data/ratis/86a0a906-d3d9-4222-80e3-6f26dee77b20/sm/snapshot.3_31 took: 28 ms
2022-05-04 03:14:27,430 [3d91fce6-fc2e-4974-9eab-0da46cd4cdf8@group-6F26DEE77B20-StateMachineUpdater] INFO  impl.StateMachineUpdater (StateMachineUpdater.java:takeSnapshot(281)) - 3d91fce6-fc2e-4974-9eab-0da46cd4cdf8@group-6F26DEE77B20-StateMachineUpdater: Took a snapshot at index 31
2022-05-04 03:14:27,430 [3d91fce6-fc2e-4974-9eab-0da46cd4cdf8@group-6F26DEE77B20-StateMachineUpdater] INFO  impl.StateMachineUpdater (StateMachineUpdater.java:lambda$new$0(89)) - 3d91fce6-fc2e-4974-9eab-0da46cd4cdf8@group-6F26DEE77B20-StateMachineUpdater: snapshotIndex: updateIncreasingly -1 -> 31
2022-05-04 03:14:27,433 [ForkJoinPool.commonPool-worker-0] INFO  server.RaftServer$Division (ServerState.java:close(419)) - 3d91fce6-fc2e-4974-9eab-0da46cd4cdf8@group-6F26DEE77B20: closes. applyIndex: 31
2022-05-04 03:14:27,434 [3d91fce6-fc2e-4974-9eab-0da46cd4cdf8@group-6F26DEE77B20-SegmentedRaftLogWorker] INFO  segmented.SegmentedRaftLogWorker (SegmentedRaftLogWorker.java:run(327)) - 3d91fce6-fc2e-4974-9eab-0da46cd4cdf8@group-6F26DEE77B20-SegmentedRaftLogWorker was interrupted, exiting. There are 0 tasks remaining in the queue.
2022-05-04 03:14:27,435 [ForkJoinPool.commonPool-worker-0] INFO  segmented.SegmentedRaftLogWorker (SegmentedRaftLogWorker.java:close(237)) - 3d91fce6-fc2e-4974-9eab-0da46cd4cdf8@group-6F26DEE77B20-SegmentedRaftLogWorker close()
2022-05-04 03:14:27,435 [ForkJoinPool.commonPool-worker-0] INFO  server.GrpcService (GrpcService.java:closeImpl(262)) - 3d91fce6-fc2e-4974-9eab-0da46cd4cdf8: shutdown server with port 40237 now
2022-05-04 03:14:27,437 [ForkJoinPool.commonPool-worker-0] INFO  server.GrpcService (GrpcService.java:closeImpl(271)) - 3d91fce6-fc2e-4974-9eab-0da46cd4cdf8: shutdown server with port 40237 successfully
2022-05-04 03:14:27,437 [org.apache.ratis.util.JvmPauseMonitor$$Lambda$565/1325392746@5ef79c48] INFO  util.JvmPauseMonitor (JvmPauseMonitor.java:run(109)) - JvmPauseMonitor-3d91fce6-fc2e-4974-9eab-0da46cd4cdf8: Stopped
2022-05-04 03:14:29,343 [Listener at 127.0.0.1/46813] INFO  utils.BackgroundService (BackgroundService.java:shutdown(132)) - Shutting down service BlockDeletingService
2022-05-04 03:14:29,490 [ForkJoinPool.commonPool-worker-0] INFO  utils.BackgroundService (BackgroundService.java:shutdown(132)) - Shutting down service BlockDeletingService
2022-05-04 03:14:32,354 [Listener at 127.0.0.1/46813] INFO  statemachine.DatanodeStateMachine (DatanodeStateMachine.java:stopDaemon(560)) - Ozone container server stopped.
2022-05-04 03:14:32,377 [Listener at 127.0.0.1/46813] INFO  handler.ContextHandler (ContextHandler.java:doStop(1153)) - Stopped o.e.j.w.WebAppContext@1514c417{hddsDatanode,/,null,STOPPED}{jar:file:/home/runner/.m2/repository/org/apache/ozone/hdds-container-service/1.3.0-SNAPSHOT/hdds-container-service-1.3.0-SNAPSHOT.jar!/webapps/hddsDatanode}
2022-05-04 03:14:32,385 [Listener at 127.0.0.1/46813] INFO  server.AbstractConnector (AbstractConnector.java:doStop(381)) - Stopped ServerConnector@7bc18838{HTTP/1.1, (http/1.1)}{0.0.0.0:0}
2022-05-04 03:14:32,386 [Listener at 127.0.0.1/46813] INFO  server.session (HouseKeeper.java:stopScavenging(149)) - node0 Stopped scavenging
2022-05-04 03:14:32,388 [Listener at 127.0.0.1/46813] INFO  handler.ContextHandler (ContextHandler.java:doStop(1153)) - Stopped o.e.j.s.ServletContextHandler@1892f2ad{static,/static,jar:file:/home/runner/.m2/repository/org/apache/ozone/hdds-container-service/1.3.0-SNAPSHOT/hdds-container-service-1.3.0-SNAPSHOT.jar!/webapps/static,STOPPED}
2022-05-04 03:14:32,388 [Listener at 127.0.0.1/46813] INFO  handler.ContextHandler (ContextHandler.java:doStop(1153)) - Stopped o.e.j.s.ServletContextHandler@1a8f644c{logs,/logs,file:///home/runner/work/ozone/ozone/hadoop-ozone/integration-test/target/log,STOPPED}
2022-05-04 03:14:32,492 [ForkJoinPool.commonPool-worker-0] INFO  statemachine.DatanodeStateMachine (DatanodeStateMachine.java:stopDaemon(560)) - Ozone container server stopped.
2022-05-04 03:14:32,558 [ForkJoinPool.commonPool-worker-0] INFO  handler.ContextHandler (ContextHandler.java:doStop(1153)) - Stopped o.e.j.w.WebAppContext@4f840404{hddsDatanode,/,null,STOPPED}{jar:file:/home/runner/.m2/repository/org/apache/ozone/hdds-container-service/1.3.0-SNAPSHOT/hdds-container-service-1.3.0-SNAPSHOT.jar!/webapps/hddsDatanode}
2022-05-04 03:14:32,559 [ForkJoinPool.commonPool-worker-0] INFO  server.AbstractConnector (AbstractConnector.java:doStop(381)) - Stopped ServerConnector@2ac0ceae{HTTP/1.1, (http/1.1)}{0.0.0.0:0}
2022-05-04 03:14:32,559 [ForkJoinPool.commonPool-worker-0] INFO  server.session (HouseKeeper.java:stopScavenging(149)) - node0 Stopped scavenging
2022-05-04 03:14:32,570 [ForkJoinPool.commonPool-worker-0] INFO  handler.ContextHandler (ContextHandler.java:doStop(1153)) - Stopped o.e.j.s.ServletContextHandler@3aae1d17{static,/static,jar:file:/home/runner/.m2/repository/org/apache/ozone/hdds-container-service/1.3.0-SNAPSHOT/hdds-container-service-1.3.0-SNAPSHOT.jar!/webapps/static,STOPPED}
2022-05-04 03:14:32,577 [ForkJoinPool.commonPool-worker-0] INFO  handler.ContextHandler (ContextHandler.java:doStop(1153)) - Stopped o.e.j.s.ServletContextHandler@8db4cca{logs,/logs,file:///home/runner/work/ozone/ozone/hadoop-ozone/integration-test/target/log,STOPPED}
2022-05-04 03:14:37,400 [Listener at 127.0.0.1/46813] INFO  ozoneimpl.OzoneContainer (OzoneContainer.java:stop(356)) - Attempting to stop container services.
2022-05-04 03:14:37,402 [Listener at 127.0.0.1/46813] INFO  server.RaftServer (RaftServerProxy.java:lambda$close$6(391)) - 9ace1e14-f881-4507-a05e-99749d739bd9: close
2022-05-04 03:14:37,402 [Listener at 127.0.0.1/46813] INFO  server.RaftServer$Division (RaftServerImpl.java:lambda$close$4(412)) - 9ace1e14-f881-4507-a05e-99749d739bd9@group-D1E22DC9A524: shutdown
2022-05-04 03:14:37,402 [Listener at 127.0.0.1/46813] INFO  util.JmxRegister (JmxRegister.java:unregister(73)) - Successfully un-registered JMX Bean with object name Ratis:service=RaftServer,group=group-D1E22DC9A524,id=9ace1e14-f881-4507-a05e-99749d739bd9
2022-05-04 03:14:37,402 [Listener at 127.0.0.1/46813] INFO  impl.RoleInfo (RoleInfo.java:shutdownLeaderState(91)) - 9ace1e14-f881-4507-a05e-99749d739bd9: shutdown 9ace1e14-f881-4507-a05e-99749d739bd9@group-D1E22DC9A524-LeaderStateImpl
2022-05-04 03:14:37,403 [Listener at 127.0.0.1/46813] INFO  impl.PendingRequests (PendingRequests.java:sendNotLeaderResponses(282)) - 9ace1e14-f881-4507-a05e-99749d739bd9@group-D1E22DC9A524-PendingRequests: sendNotLeaderResponses
2022-05-04 03:14:37,403 [Listener at 127.0.0.1/46813] INFO  impl.StateMachineUpdater (StateMachineUpdater.java:stopAndJoin(149)) - 9ace1e14-f881-4507-a05e-99749d739bd9@group-D1E22DC9A524-StateMachineUpdater: set stopIndex = 0
2022-05-04 03:14:37,403 [9ace1e14-f881-4507-a05e-99749d739bd9@group-D1E22DC9A524-StateMachineUpdater] INFO  ratis.ContainerStateMachine (ContainerStateMachine.java:takeSnapshot(304)) - group-D1E22DC9A524: Taking a snapshot at:(t:1, i:0) file /home/runner/work/ozone/ozone/hadoop-ozone/integration-test/target/test-dir/MiniOzoneClusterImpl-16b4eb12-8d22-44ef-95c0-40f9ce645855/datanode-3/data/ratis/5a4599a4-4ad7-4fcd-85d7-d1e22dc9a524/sm/snapshot.1_0
2022-05-04 03:14:37,411 [9ace1e14-f881-4507-a05e-99749d739bd9@group-D1E22DC9A524-StateMachineUpdater] INFO  ratis.ContainerStateMachine (ContainerStateMachine.java:takeSnapshot(315)) - group-D1E22DC9A524: Finished taking a snapshot at:(t:1, i:0) file:/home/runner/work/ozone/ozone/hadoop-ozone/integration-test/target/test-dir/MiniOzoneClusterImpl-16b4eb12-8d22-44ef-95c0-40f9ce645855/datanode-3/data/ratis/5a4599a4-4ad7-4fcd-85d7-d1e22dc9a524/sm/snapshot.1_0 took: 7 ms
2022-05-04 03:14:37,412 [9ace1e14-f881-4507-a05e-99749d739bd9@group-D1E22DC9A524-StateMachineUpdater] INFO  impl.StateMachineUpdater (StateMachineUpdater.java:takeSnapshot(281)) - 9ace1e14-f881-4507-a05e-99749d739bd9@group-D1E22DC9A524-StateMachineUpdater: Took a snapshot at index 0
2022-05-04 03:14:37,412 [9ace1e14-f881-4507-a05e-99749d739bd9@group-D1E22DC9A524-StateMachineUpdater] INFO  impl.StateMachineUpdater (StateMachineUpdater.java:lambda$new$0(89)) - 9ace1e14-f881-4507-a05e-99749d739bd9@group-D1E22DC9A524-StateMachineUpdater: snapshotIndex: updateIncreasingly -1 -> 0
2022-05-04 03:14:37,412 [Listener at 127.0.0.1/46813] INFO  server.RaftServer$Division (ServerState.java:close(419)) - 9ace1e14-f881-4507-a05e-99749d739bd9@group-D1E22DC9A524: closes. applyIndex: 0
2022-05-04 03:14:37,412 [9ace1e14-f881-4507-a05e-99749d739bd9@group-D1E22DC9A524-SegmentedRaftLogWorker] INFO  segmented.SegmentedRaftLogWorker (SegmentedRaftLogWorker.java:run(327)) - 9ace1e14-f881-4507-a05e-99749d739bd9@group-D1E22DC9A524-SegmentedRaftLogWorker was interrupted, exiting. There are 0 tasks remaining in the queue.
2022-05-04 03:14:37,413 [Listener at 127.0.0.1/46813] INFO  segmented.SegmentedRaftLogWorker (SegmentedRaftLogWorker.java:close(237)) - 9ace1e14-f881-4507-a05e-99749d739bd9@group-D1E22DC9A524-SegmentedRaftLogWorker close()
2022-05-04 03:14:37,413 [Listener at 127.0.0.1/46813] INFO  server.GrpcService (GrpcService.java:closeImpl(262)) - 9ace1e14-f881-4507-a05e-99749d739bd9: shutdown server with port 36395 now
2022-05-04 03:14:37,415 [Listener at 127.0.0.1/46813] INFO  server.GrpcService (GrpcService.java:closeImpl(271)) - 9ace1e14-f881-4507-a05e-99749d739bd9: shutdown server with port 36395 successfully
2022-05-04 03:14:37,416 [org.apache.ratis.util.JvmPauseMonitor$$Lambda$565/1325392746@5676b26f] INFO  util.JvmPauseMonitor (JvmPauseMonitor.java:run(109)) - JvmPauseMonitor-9ace1e14-f881-4507-a05e-99749d739bd9: Stopped
2022-05-04 03:14:39,442 [Listener at 127.0.0.1/46813] INFO  utils.BackgroundService (BackgroundService.java:shutdown(132)) - Shutting down service BlockDeletingService
2022-05-04 03:14:42,451 [Listener at 127.0.0.1/46813] INFO  statemachine.DatanodeStateMachine (DatanodeStateMachine.java:stopDaemon(560)) - Ozone container server stopped.
2022-05-04 03:14:42,470 [Listener at 127.0.0.1/46813] INFO  handler.ContextHandler (ContextHandler.java:doStop(1153)) - Stopped o.e.j.w.WebAppContext@72a265ea{hddsDatanode,/,null,STOPPED}{jar:file:/home/runner/.m2/repository/org/apache/ozone/hdds-container-service/1.3.0-SNAPSHOT/hdds-container-service-1.3.0-SNAPSHOT.jar!/webapps/hddsDatanode}
2022-05-04 03:14:42,482 [Listener at 127.0.0.1/46813] INFO  server.AbstractConnector (AbstractConnector.java:doStop(381)) - Stopped ServerConnector@76b328e9{HTTP/1.1, (http/1.1)}{0.0.0.0:0}
2022-05-04 03:14:42,482 [Listener at 127.0.0.1/46813] INFO  server.session (HouseKeeper.java:stopScavenging(149)) - node0 Stopped scavenging
2022-05-04 03:14:42,483 [Listener at 127.0.0.1/46813] INFO  handler.ContextHandler (ContextHandler.java:doStop(1153)) - Stopped o.e.j.s.ServletContextHandler@1b1a077d{static,/static,jar:file:/home/runner/.m2/repository/org/apache/ozone/hdds-container-service/1.3.0-SNAPSHOT/hdds-container-service-1.3.0-SNAPSHOT.jar!/webapps/static,STOPPED}
2022-05-04 03:14:42,483 [Listener at 127.0.0.1/46813] INFO  handler.ContextHandler (ContextHandler.java:doStop(1153)) - Stopped o.e.j.s.ServletContextHandler@69ab59f7{logs,/logs,file:///home/runner/work/ozone/ozone/hadoop-ozone/integration-test/target/log,STOPPED}
2022-05-04 03:14:42,491 [Listener at 127.0.0.1/46813] INFO  ozone.MiniOzoneClusterImpl (MiniOzoneClusterImpl.java:stopSCM(545)) - Stopping the StorageContainerManager
2022-05-04 03:14:42,491 [Listener at 127.0.0.1/46813] INFO  server.StorageContainerManager (StorageContainerManager.java:stop(1420)) - Stopping Container Balancer service.
2022-05-04 03:14:42,491 [Listener at 127.0.0.1/46813] INFO  balancer.ContainerBalancer (ContainerBalancer.java:stopBalancer(923)) - Container Balancer is not running.
2022-05-04 03:14:42,491 [Listener at 127.0.0.1/46813] INFO  server.StorageContainerManager (StorageContainerManager.java:stop(1427)) - Stopping Replication Manager Service.
2022-05-04 03:14:42,491 [Listener at 127.0.0.1/46813] INFO  container.ReplicationManager (ReplicationManager.java:stop(357)) - Stopping Replication Monitor Thread.
2022-05-04 03:14:42,491 [Listener at 127.0.0.1/46813] INFO  server.StorageContainerManager (StorageContainerManager.java:stop(1434)) - Stopping the Datanode Admin Monitor.
2022-05-04 03:14:42,492 [Listener at 127.0.0.1/46813] INFO  server.StorageContainerManager (StorageContainerManager.java:stop(1441)) - Stopping Lease Manager of the command watchers
2022-05-04 03:14:42,492 [Listener at 127.0.0.1/46813] INFO  server.StorageContainerManager (StorageContainerManager.java:stop(1448)) - Stopping datanode service RPC server
2022-05-04 03:14:42,492 [Listener at 127.0.0.1/46813] INFO  server.SCMDatanodeProtocolServer (SCMDatanodeProtocolServer.java:stop(400)) - Stopping the RPC server for DataNodes
2022-05-04 03:14:42,492 [Listener at 127.0.0.1/46813] INFO  ipc.Server (Server.java:stop(3414)) - Stopping server on 41551
2022-05-04 03:14:42,497 [IPC Server listener on 0] INFO  ipc.Server (Server.java:run(1376)) - Stopping IPC Server listener on 0
2022-05-04 03:14:42,510 [IPC Server Responder] INFO  ipc.Server (Server.java:run(1512)) - Stopping IPC Server Responder
2022-05-04 03:14:42,596 [SCM Heartbeat Processing Thread - 0] WARN  node.NodeStateManager (NodeStateManager.java:scheduleNextHealthCheck(815)) - Current Thread is interrupted, shutting down HB processing thread for Node Manager.
2022-05-04 03:14:42,596 [Listener at 127.0.0.1/46813] INFO  server.StorageContainerManager (StorageContainerManager.java:stop(1456)) - Stopping block service RPC server
2022-05-04 03:14:42,597 [Listener at 127.0.0.1/46813] INFO  server.SCMBlockProtocolServer (SCMBlockProtocolServer.java:stop(160)) - Stopping the RPC server for Block Protocol
2022-05-04 03:14:42,597 [Listener at 127.0.0.1/46813] INFO  ipc.Server (Server.java:stop(3414)) - Stopping server on 34247
2022-05-04 03:14:42,604 [IPC Server listener on 0] INFO  ipc.Server (Server.java:run(1376)) - Stopping IPC Server listener on 0
2022-05-04 03:14:42,606 [IPC Server Responder] INFO  ipc.Server (Server.java:run(1512)) - Stopping IPC Server Responder
2022-05-04 03:14:42,609 [Listener at 127.0.0.1/46813] INFO  server.StorageContainerManager (StorageContainerManager.java:stop(1463)) - Stopping the StorageContainerLocationProtocol RPC server
2022-05-04 03:14:42,609 [Listener at 127.0.0.1/46813] INFO  server.SCMClientProtocolServer (SCMClientProtocolServer.java:stop(178)) - Stopping the RPC server for Client Protocol
2022-05-04 03:14:42,609 [Listener at 127.0.0.1/46813] INFO  ipc.Server (Server.java:stop(3414)) - Stopping server on 39867
2022-05-04 03:14:42,618 [IPC Server listener on 0] INFO  ipc.Server (Server.java:run(1376)) - Stopping IPC Server listener on 0
2022-05-04 03:14:42,618 [Listener at 127.0.0.1/46813] INFO  server.StorageContainerManager (StorageContainerManager.java:stop(1470)) - Stopping Storage Container Manager HTTP server.
2022-05-04 03:14:42,618 [IPC Server Responder] INFO  ipc.Server (Server.java:run(1512)) - Stopping IPC Server Responder
2022-05-04 03:14:42,619 [Listener at 127.0.0.1/46813] INFO  handler.ContextHandler (ContextHandler.java:doStop(1153)) - Stopped o.e.j.w.WebAppContext@5ca15fbc{scm,/,null,STOPPED}{file:/home/runner/work/ozone/ozone/hadoop-ozone/integration-test/target/test-classes/webapps/scm}
2022-05-04 03:14:42,639 [Listener at 127.0.0.1/46813] INFO  server.AbstractConnector (AbstractConnector.java:doStop(381)) - Stopped ServerConnector@546debe2{HTTP/1.1, (http/1.1)}{0.0.0.0:0}
2022-05-04 03:14:42,639 [Listener at 127.0.0.1/46813] INFO  server.session (HouseKeeper.java:stopScavenging(149)) - node0 Stopped scavenging
2022-05-04 03:14:42,639 [Listener at 127.0.0.1/46813] INFO  handler.ContextHandler (ContextHandler.java:doStop(1153)) - Stopped o.e.j.s.ServletContextHandler@5a7380a5{static,/static,file:///home/runner/work/ozone/ozone/hadoop-ozone/integration-test/target/test-classes/webapps/static,STOPPED}
2022-05-04 03:14:42,639 [Listener at 127.0.0.1/46813] INFO  handler.ContextHandler (ContextHandler.java:doStop(1153)) - Stopped o.e.j.s.ServletContextHandler@692170bb{logs,/logs,file:///home/runner/work/ozone/ozone/hadoop-ozone/integration-test/target/log,STOPPED}
2022-05-04 03:14:42,641 [Listener at 127.0.0.1/46813] INFO  server.StorageContainerManager (StorageContainerManager.java:stop(1481)) - Stopping Block Manager Service.
2022-05-04 03:14:42,641 [Listener at 127.0.0.1/46813] INFO  utils.BackgroundService (BackgroundService.java:shutdown(132)) - Shutting down service SCMBlockDeletingService
2022-05-04 03:14:42,641 [Listener at 127.0.0.1/46813] INFO  utils.BackgroundService (BackgroundService.java:shutdown(132)) - Shutting down service SCMBlockDeletingService
2022-05-04 03:14:42,642 [Listener at 127.0.0.1/46813] INFO  server.StorageContainerManager (StorageContainerManager.java:stop(1508)) - Stopping SCM Event Queue.
2022-05-04 03:14:42,644 [Listener at 127.0.0.1/46813] INFO  server.StorageContainerManager (StorageContainerManager.java:stop(1519)) - Stopping SCM HA services.
2022-05-04 03:14:42,644 [Listener at 127.0.0.1/46813] INFO  pipeline.BackgroundPipelineCreator (BackgroundPipelineCreator.java:stop(148)) - Stopping RatisPipelineUtilsThread.
2022-05-04 03:14:42,644 [RatisPipelineUtilsThread - 0] WARN  pipeline.BackgroundPipelineCreator (BackgroundPipelineCreator.java:run(175)) - RatisPipelineUtilsThread is interrupted.
2022-05-04 03:14:42,644 [PipelineScrubberThread] WARN  pipeline.BackgroundPipelineScrubber (BackgroundPipelineScrubber.java:run(162)) - PipelineScrubberThread is interrupted, exit
2022-05-04 03:14:42,645 [Listener at 127.0.0.1/46813] INFO  pipeline.BackgroundPipelineScrubber (BackgroundPipelineScrubber.java:stop(141)) - Stopping Pipeline Scrubber Service.
2022-05-04 03:14:42,645 [Listener at 127.0.0.1/46813] INFO  server.StorageContainerManager (StorageContainerManager.java:stop(1529)) - Stopping SCM MetadataStore.
2022-05-04 03:14:42,646 [Listener at 127.0.0.1/46813] INFO  impl.MetricsSystemImpl (MetricsSystemImpl.java:stop(210)) - Stopping HddsDatanode metrics system...
2022-05-04 03:14:42,667 [prometheus] INFO  impl.MetricsSinkAdapter (MetricsSinkAdapter.java:publishMetricsFromQueue(141)) - prometheus thread interrupted.
2022-05-04 03:14:42,668 [Listener at 127.0.0.1/46813] INFO  impl.MetricsSystemImpl (MetricsSystemImpl.java:stop(216)) - HddsDatanode metrics system stopped.
2022-05-04 03:14:42,830 [Listener at 127.0.0.1/46813] WARN  server.ServerUtils (ServerUtils.java:getScmDbDir(148)) - ozone.scm.db.dirs is not configured. We recommend adding this setting. Falling back to ozone.metadata.dirs instead.
2022-05-04 03:14:42,850 [Listener at 127.0.0.1/46813] INFO  ha.SCMHANodeDetails (SCMHANodeDetails.java:loadSCMHAConfig(157)) - ServiceID for StorageContainerManager is null
2022-05-04 03:14:42,850 [Listener at 127.0.0.1/46813] INFO  ha.SCMHANodeDetails (SCMHANodeDetails.java:loadSCMHAConfig(162)) - ozone.scm.default.service.id is not defined, falling back to ozone.scm.service.ids to find serviceID for StorageContainerManager if it is HA enabled cluster
2022-05-04 03:14:42,851 [Listener at 127.0.0.1/46813] WARN  server.ServerUtils (ServerUtils.java:getScmDbDir(148)) - ozone.scm.db.dirs is not configured. We recommend adding this setting. Falling back to ozone.metadata.dirs instead.
2022-05-04 03:14:42,852 [Listener at 127.0.0.1/46813] INFO  upgrade.AbstractLayoutVersionManager (AbstractLayoutVersionManager.java:init(79)) - Initializing Layout version manager with metadata layout = ERASURE_CODED_STORAGE_SUPPORT (version = 3), software layout = ERASURE_CODED_STORAGE_SUPPORT (version = 3)
2022-05-04 03:14:42,938 [Listener at 127.0.0.1/46813] INFO  reflections.Reflections (Reflections.java:scan(232)) - Reflections took 85 ms to scan 7 urls, producing 126 keys and 289 values 
2022-05-04 03:14:42,939 [Listener at 127.0.0.1/46813] WARN  utils.HAUtils (HAUtils.java:getMetaDir(342)) - ozone.scm.db.dirs is not configured. We recommend adding this setting. Falling back to ozone.metadata.dirs instead.
2022-05-04 03:14:42,952 [Listener at 127.0.0.1/46813] WARN  db.DBStoreBuilder (DBStoreBuilder.java:applyDBDefinition(145)) - ozone.scm.db.dirs is not configured. We recommend adding this setting. Falling back to ozone.metadata.dirs instead.
2022-05-04 03:14:43,244 [Listener at 127.0.0.1/46813] INFO  net.NodeSchemaLoader (NodeSchemaLoader.java:loadSchemaFromFile(129)) - Loading schema from [jar:file:/home/runner/.m2/repository/org/apache/ozone/hdds-common/1.3.0-SNAPSHOT/hdds-common-1.3.0-SNAPSHOT.jar!/network-topology-default.xml]
2022-05-04 03:14:43,244 [Listener at 127.0.0.1/46813] INFO  net.NodeSchemaLoader (NodeSchemaLoader.java:loadSchema(176)) - Loading network topology layer schema file
2022-05-04 03:14:43,248 [Listener at 127.0.0.1/46813] INFO  ha.SequenceIdGenerator (SequenceIdGenerator.java:upgradeToSequenceId(347)) - upgrade localId to 109611004723200000
2022-05-04 03:14:43,248 [Listener at 127.0.0.1/46813] INFO  ha.SequenceIdGenerator (SequenceIdGenerator.java:upgradeToSequenceId(357)) - upgrade delTxnId to 0
2022-05-04 03:14:43,248 [Listener at 127.0.0.1/46813] INFO  ha.SequenceIdGenerator (SequenceIdGenerator.java:upgradeToSequenceId(371)) - upgrade containerId to 0
2022-05-04 03:14:43,248 [Listener at 127.0.0.1/46813] INFO  ha.SequenceIdGenerator (SequenceIdGenerator.java:<init>(218)) - Init the HA SequenceIdGenerator.
2022-05-04 03:14:43,249 [Listener at 127.0.0.1/46813] WARN  server.ServerUtils (ServerUtils.java:sanitizeUserArgs(73)) - ozone.scm.stale.node.interval value = 300000 is larger than max = 100000 based on the key value of ozone.scm.heartbeat.thread.interval, reset to the max value 100000.
2022-05-04 03:14:43,249 [Listener at 127.0.0.1/46813] WARN  server.ServerUtils (ServerUtils.java:sanitizeUserArgs(73)) - ozone.scm.stale.node.interval value = 300000 is larger than max = 100000 based on the key value of ozone.scm.heartbeat.thread.interval, reset to the max value 100000.
2022-05-04 03:14:43,249 [Listener at 127.0.0.1/46813] INFO  node.SCMNodeManager (SCMNodeManager.java:<init>(148)) - Entering startup safe mode.
2022-05-04 03:14:43,249 [Listener at 127.0.0.1/46813] INFO  algorithms.ContainerPlacementPolicyFactory (ContainerPlacementPolicyFactory.java:getPolicyInternal(86)) - Create container placement policy of type org.apache.hadoop.hdds.scm.container.placement.algorithms.SCMContainerPlacementRandom
2022-05-04 03:14:43,250 [Listener at 127.0.0.1/46813] INFO  pipeline.PipelineStateManagerImpl (PipelineStateManagerImpl.java:initialize(78)) - No pipeline exists in current db
2022-05-04 03:14:43,250 [Listener at 127.0.0.1/46813] INFO  algorithms.LeaderChoosePolicyFactory (LeaderChoosePolicyFactory.java:getPolicy(57)) - Create leader choose policy of type org.apache.hadoop.hdds.scm.pipeline.leader.choose.algorithms.MinLeaderCountChoosePolicy
2022-05-04 03:14:43,250 [Listener at 127.0.0.1/46813] INFO  algorithms.ContainerPlacementPolicyFactory (ContainerPlacementPolicyFactory.java:getPolicyInternal(86)) - Create container placement policy of type org.apache.hadoop.hdds.scm.container.placement.algorithms.SCMContainerPlacementRackScatter
2022-05-04 03:14:43,250 [Listener at 127.0.0.1/46813] INFO  pipeline.BackgroundPipelineCreator (BackgroundPipelineCreator.java:start(123)) - Starting RatisPipelineUtilsThread.
2022-05-04 03:14:43,251 [Listener at 127.0.0.1/46813] INFO  pipeline.BackgroundPipelineScrubber (BackgroundPipelineScrubber.java:start(124)) - Starting Pipeline Scrubber Service.
2022-05-04 03:14:43,251 [Listener at 127.0.0.1/46813] INFO  ha.SCMServiceManager (SCMServiceManager.java:register(42)) - Registering service BackgroundPipelineCreator.
2022-05-04 03:14:43,251 [Listener at 127.0.0.1/46813] INFO  ha.SCMServiceManager (SCMServiceManager.java:register(42)) - Registering service BackgroundPipelineScrubber.
2022-05-04 03:14:43,252 [Listener at 127.0.0.1/46813] INFO  algorithms.PipelineChoosePolicyFactory (PipelineChoosePolicyFactory.java:createPipelineChoosePolicyFromClass(73)) - Create pipeline choose policy of type org.apache.hadoop.hdds.scm.pipeline.choose.algorithms.RandomPipelineChoosePolicy
2022-05-04 03:14:43,252 [Listener at 127.0.0.1/46813] INFO  ha.SCMServiceManager (SCMServiceManager.java:register(42)) - Registering service SCMBlockDeletingService.
2022-05-04 03:14:43,253 [Listener at 127.0.0.1/46813] INFO  ha.SCMServiceManager (SCMServiceManager.java:register(42)) - Registering service ReplicationManager.
2022-05-04 03:14:43,253 [Listener at 127.0.0.1/46813] INFO  container.ReplicationManager (ReplicationManager.java:start(326)) - Starting Replication Monitor Thread.
2022-05-04 03:14:43,260 [Listener at 127.0.0.1/46813] INFO  safemode.ContainerSafeModeRule (ContainerSafeModeRule.java:<init>(89)) - containers with one replica threshold count 0
2022-05-04 03:14:43,261 [Listener at 127.0.0.1/46813] INFO  safemode.HealthyPipelineSafeModeRule (HealthyPipelineSafeModeRule.java:initializeRule(156)) - Total pipeline count is 0, healthy pipeline threshold count is 1
2022-05-04 03:14:43,263 [Listener at 127.0.0.1/46813] INFO  safemode.OneReplicaPipelineSafeModeRule (OneReplicaPipelineSafeModeRule.java:initializeRule(180)) - Total pipeline count is 0, pipeline's with at least one datanode reported threshold count is 0
2022-05-04 03:14:43,265 [Listener at 127.0.0.1/46813] INFO  ipc.CallQueueManager (CallQueueManager.java:<init>(90)) - Using callQueue: class java.util.concurrent.LinkedBlockingQueue, queueCapacity: 2000, scheduler: class org.apache.hadoop.ipc.DefaultRpcScheduler, ipcBackoff: false.
2022-05-04 03:14:43,268 [Socket Reader #1 for port 0] INFO  ipc.Server (Server.java:run(1265)) - Starting Socket Reader #1 for port 0
2022-05-04 03:14:43,275 [Listener at 0.0.0.0/42071] INFO  ipc.CallQueueManager (CallQueueManager.java:<init>(90)) - Using callQueue: class java.util.concurrent.LinkedBlockingQueue, queueCapacity: 2000, scheduler: class org.apache.hadoop.ipc.DefaultRpcScheduler, ipcBackoff: false.
2022-05-04 03:14:43,280 [Socket Reader #1 for port 0] INFO  ipc.Server (Server.java:run(1265)) - Starting Socket Reader #1 for port 0
2022-05-04 03:14:43,283 [Listener at 0.0.0.0/44687] INFO  ipc.CallQueueManager (CallQueueManager.java:<init>(90)) - Using callQueue: class java.util.concurrent.LinkedBlockingQueue, queueCapacity: 2000, scheduler: class org.apache.hadoop.ipc.DefaultRpcScheduler, ipcBackoff: false.
2022-05-04 03:14:43,283 [Socket Reader #1 for port 0] INFO  ipc.Server (Server.java:run(1265)) - Starting Socket Reader #1 for port 0
2022-05-04 03:14:43,288 [ReplicationMonitor] INFO  container.ReplicationManager (ReplicationManager.java:processAll(374)) - Replication Manager is not ready to run until 3000ms after safemode exit
2022-05-04 03:14:43,322 [Listener at 0.0.0.0/34103] INFO  server.StorageContainerManager (StorageContainerManager.java:<init>(391)) - 
Container Balancer status:
Key                            Value
Running                        false
Container Balancer Configuration values:
Key                                                Value
Threshold                                          10
Max Datanodes to Involve per Iteration(percent)    20
Max Size to Move per Iteration                     500GB
Max Size Entering Target per Iteration             26GB
Max Size Leaving Source per Iteration              26GB

2022-05-04 03:14:43,322 [Listener at 0.0.0.0/34103] WARN  events.EventQueue (EventQueue.java:fireEvent(194)) - No event handler registered for event TypedEvent{payloadType=SafeModeStatus, name='Safe mode status'}
2022-05-04 03:14:43,322 [Listener at 0.0.0.0/34103] INFO  ha.SCMContext (SCMContext.java:updateSafeModeStatus(211)) - Update SafeModeStatus from SafeModeStatus{safeModeStatus=true, preCheckPassed=false} to SafeModeStatus{safeModeStatus=true, preCheckPassed=false}.
2022-05-04 03:14:43,322 [Listener at 0.0.0.0/34103] INFO  server.StorageContainerManager (StorageContainerManager.java:start(1333)) - StorageContainerLocationProtocol RPC server is listening at /0.0.0.0:34103
2022-05-04 03:14:43,324 [Listener at 0.0.0.0/34103] WARN  impl.MetricsConfig (MetricsConfig.java:loadFirst(136)) - Cannot locate configuration: tried hadoop-metrics2-storagecontainermanager.properties,hadoop-metrics2.properties
2022-05-04 03:14:43,325 [Listener at 0.0.0.0/34103] INFO  impl.MetricsSystemImpl (MetricsSystemImpl.java:startTimer(378)) - Scheduled Metric snapshot period at 10 second(s).
2022-05-04 03:14:43,325 [Listener at 0.0.0.0/34103] INFO  impl.MetricsSystemImpl (MetricsSystemImpl.java:start(191)) - StorageContainerManager metrics system started
2022-05-04 03:14:43,385 [Listener at 0.0.0.0/34103] INFO  impl.MetricsSinkAdapter (MetricsSinkAdapter.java:start(204)) - Sink prometheus started
2022-05-04 03:14:43,385 [Listener at 0.0.0.0/34103] INFO  impl.MetricsSystemImpl (MetricsSystemImpl.java:registerSink(305)) - Registered sink prometheus
2022-05-04 03:14:43,458 [Listener at 0.0.0.0/34103] INFO  server.SCMClientProtocolServer (SCMClientProtocolServer.java:start(169)) - RPC server for Client  is listening at /0.0.0.0:34103
2022-05-04 03:14:43,459 [IPC Server Responder] INFO  ipc.Server (Server.java:run(1507)) - IPC Server Responder: starting
2022-05-04 03:14:43,459 [IPC Server listener on 0] INFO  ipc.Server (Server.java:run(1344)) - IPC Server listener on 0: starting
2022-05-04 03:14:43,462 [Listener at 0.0.0.0/34103] INFO  server.StorageContainerManager (StorageContainerManager.java:start(1348)) - ScmBlockLocationProtocol RPC server is listening at /0.0.0.0:44687
2022-05-04 03:14:43,462 [Listener at 0.0.0.0/34103] INFO  server.SCMBlockProtocolServer (SCMBlockProtocolServer.java:start(151)) - RPC server for Block Protocol is listening at /0.0.0.0:44687
2022-05-04 03:14:43,462 [IPC Server Responder] INFO  ipc.Server (Server.java:run(1507)) - IPC Server Responder: starting
2022-05-04 03:14:43,463 [IPC Server listener on 0] INFO  ipc.Server (Server.java:run(1344)) - IPC Server listener on 0: starting
2022-05-04 03:14:43,465 [Listener at 0.0.0.0/34103] INFO  server.SCMDatanodeProtocolServer (SCMDatanodeProtocolServer.java:start(183)) - ScmDatanodeProtocol RPC server for DataNodes is listening at /0.0.0.0:42071
2022-05-04 03:14:43,465 [IPC Server Responder] INFO  ipc.Server (Server.java:run(1507)) - IPC Server Responder: starting
2022-05-04 03:14:43,466 [IPC Server listener on 0] INFO  ipc.Server (Server.java:run(1344)) - IPC Server listener on 0: starting
2022-05-04 03:14:43,501 [org.apache.hadoop.util.JvmPauseMonitor$Monitor@27290796] INFO  util.JvmPauseMonitor (JvmPauseMonitor.java:run(188)) - Starting JVM pause monitor
2022-05-04 03:14:43,514 [Listener at 0.0.0.0/34103] INFO  http.BaseHttpServer (BaseHttpServer.java:newHttpServer2BuilderForOzone(209)) - Starting Web-server for scm at: http://0.0.0.0:0
2022-05-04 03:14:43,515 [Listener at 0.0.0.0/34103] INFO  http.BaseHttpServer (BaseHttpServer.java:<init>(107)) - Hadoop Security Enabled: false Ozone Security Enabled: false Ozone HTTP Security Enabled: false 
2022-05-04 03:14:43,516 [Listener at 0.0.0.0/34103] INFO  server.AuthenticationFilter (AuthenticationFilter.java:constructSecretProvider(240)) - Unable to initialize FileSignerSecretProvider, falling back to use random secrets.
2022-05-04 03:14:43,526 [Listener at 0.0.0.0/34103] WARN  http.HttpRequestLog (HttpRequestLog.java:getRequestLog(103)) - Jetty request log can only be enabled using Log4j
2022-05-04 03:14:43,527 [Listener at 0.0.0.0/34103] INFO  http.HttpServer2 (HttpServer2.java:addGlobalFilter(1030)) - Added global filter 'safety' (class=org.apache.hadoop.hdds.server.http.HttpServer2$QuotingInputFilter)
2022-05-04 03:14:43,528 [Listener at 0.0.0.0/34103] INFO  http.HttpServer2 (HttpServer2.java:addFilter(1006)) - Added filter static_user_filter (class=org.apache.hadoop.http.lib.StaticUserWebFilter$StaticUserFilter) to context scm
2022-05-04 03:14:43,529 [Listener at 0.0.0.0/34103] INFO  http.HttpServer2 (HttpServer2.java:addFilter(1014)) - Added filter static_user_filter (class=org.apache.hadoop.http.lib.StaticUserWebFilter$StaticUserFilter) to context logs
2022-05-04 03:14:43,529 [Listener at 0.0.0.0/34103] INFO  http.HttpServer2 (HttpServer2.java:addFilter(1014)) - Added filter static_user_filter (class=org.apache.hadoop.http.lib.StaticUserWebFilter$StaticUserFilter) to context static
2022-05-04 03:14:43,529 [Listener at 0.0.0.0/34103] INFO  http.HttpServer2 (HttpServer2.java:bindListener(1249)) - Jetty bound to port 45747
2022-05-04 03:14:43,530 [Listener at 0.0.0.0/34103] INFO  server.Server (Server.java:doStart(375)) - jetty-9.4.43.v20210629; built: 2021-06-30T11:07:22.254Z; git: 526006ecfa3af7f1a27ef3a288e2bef7ea9dd7e8; jvm 1.8.0_322-b06
2022-05-04 03:14:43,582 [Listener at 0.0.0.0/34103] INFO  server.session (DefaultSessionIdManager.java:doStart(334)) - DefaultSessionIdManager workerName=node0
2022-05-04 03:14:43,583 [Listener at 0.0.0.0/34103] INFO  server.session (DefaultSessionIdManager.java:doStart(339)) - No SessionScavenger set, using defaults
2022-05-04 03:14:43,583 [Listener at 0.0.0.0/34103] INFO  server.session (HouseKeeper.java:startScavenging(132)) - node0 Scavenging every 600000ms
2022-05-04 03:14:43,598 [Listener at 0.0.0.0/34103] INFO  handler.ContextHandler (ContextHandler.java:doStart(915)) - Started o.e.j.s.ServletContextHandler@535708fd{logs,/logs,file:///home/runner/work/ozone/ozone/hadoop-ozone/integration-test/target/log,AVAILABLE}
2022-05-04 03:14:43,598 [Listener at 0.0.0.0/34103] INFO  handler.ContextHandler (ContextHandler.java:doStart(915)) - Started o.e.j.s.ServletContextHandler@37af6911{static,/static,file:///home/runner/work/ozone/ozone/hadoop-ozone/integration-test/target/test-classes/webapps/static,AVAILABLE}
2022-05-04 03:14:43,604 [Listener at 0.0.0.0/34103] INFO  handler.ContextHandler (ContextHandler.java:doStart(915)) - Started o.e.j.w.WebAppContext@1ae721d6{scm,/,file:///home/runner/work/ozone/ozone/hadoop-ozone/integration-test/target/test-classes/webapps/scm/,AVAILABLE}{file:/home/runner/work/ozone/ozone/hadoop-ozone/integration-test/target/test-classes/webapps/scm}
2022-05-04 03:14:43,621 [Listener at 0.0.0.0/34103] INFO  server.AbstractConnector (AbstractConnector.java:doStart(331)) - Started ServerConnector@310332b3{HTTP/1.1, (http/1.1)}{0.0.0.0:45747}
2022-05-04 03:14:43,622 [Listener at 0.0.0.0/34103] INFO  server.Server (Server.java:doStart(415)) - Started @159863ms
2022-05-04 03:14:43,622 [Listener at 0.0.0.0/34103] WARN  impl.MetricsSystemImpl (MetricsSystemImpl.java:register(279)) - Sink prometheus already exists!
2022-05-04 03:14:43,626 [Listener at 0.0.0.0/34103] INFO  http.BaseHttpServer (BaseHttpServer.java:updateConnectorAddress(329)) - HTTP server of scm listening at http://0.0.0.0:45747
2022-05-04 03:14:43,627 [Listener at 0.0.0.0/34103] WARN  server.ServerUtils (ServerUtils.java:getDBPath(225)) - ozone.om.db.dirs is not configured. We recommend adding this setting. Falling back to ozone.metadata.dirs instead.
2022-05-04 03:14:43,634 [Listener at 0.0.0.0/34103] INFO  ha.OMHANodeDetails (OMHANodeDetails.java:loadOMHAConfig(112)) - ozone.om.internal.service.id is not defined, falling back to ozone.om.service.ids to find serviceID for OzoneManager if it is HA enabled cluster
2022-05-04 03:14:43,634 [Listener at 0.0.0.0/34103] INFO  ha.OMHANodeDetails (OMHANodeDetails.java:loadOMHAConfig(218)) - Configuration does not have ozone.om.address set. Falling back to the default OM address /127.0.0.1:0
2022-05-04 03:14:43,634 [Listener at 0.0.0.0/34103] INFO  ha.OMHANodeDetails (OMHANodeDetails.java:getOMNodeDetailsForNonHA(246)) - OM Service ID is not set. Setting it to the default ID: omServiceIdDefault
2022-05-04 03:14:43,635 [Listener at 0.0.0.0/34103] INFO  ha.OMHANodeDetails (OMHANodeDetails.java:getOMNodeDetailsForNonHA(253)) - OM Node ID is not set. Setting it to the default ID: om1
2022-05-04 03:14:43,636 [Listener at 0.0.0.0/34103] WARN  server.ServerUtils (ServerUtils.java:getDBPath(225)) - ozone.om.db.dirs is not configured. We recommend adding this setting. Falling back to ozone.metadata.dirs instead.
2022-05-04 03:14:43,637 [Listener at 0.0.0.0/34103] INFO  upgrade.AbstractLayoutVersionManager (AbstractLayoutVersionManager.java:init(79)) - Initializing Layout version manager with metadata layout = ERASURE_CODED_STORAGE_SUPPORT (version = 1), software layout = ERASURE_CODED_STORAGE_SUPPORT (version = 1)
2022-05-04 03:14:43,798 [Listener at 0.0.0.0/34103] INFO  reflections.Reflections (Reflections.java:scan(232)) - Reflections took 161 ms to scan 2 urls, producing 143 keys and 368 values [using 2 cores]
2022-05-04 03:14:43,799 [Listener at 0.0.0.0/34103] INFO  upgrade.OMLayoutVersionManager (OMLayoutVersionManager.java:lambda$0(115)) - Skipping Upgrade Action MockOmUpgradeAction since it has been finalized.
2022-05-04 03:14:43,799 [Listener at 0.0.0.0/34103] WARN  server.ServerUtils (ServerUtils.java:getDBPath(225)) - ozone.om.db.dirs is not configured. We recommend adding this setting. Falling back to ozone.metadata.dirs instead.
2022-05-04 03:14:43,864 [Listener at 0.0.0.0/34103] WARN  server.ServerUtils (ServerUtils.java:getDBPath(225)) - ozone.om.db.dirs is not configured. We recommend adding this setting. Falling back to ozone.metadata.dirs instead.
2022-05-04 03:14:43,865 [Listener at 0.0.0.0/34103] INFO  codec.OmKeyInfoCodec (OmKeyInfoCodec.java:<init>(49)) - OmKeyInfoCodec ignorePipeline = true
2022-05-04 03:14:43,865 [Listener at 0.0.0.0/34103] INFO  codec.RepeatedOmKeyInfoCodec (RepeatedOmKeyInfoCodec.java:<init>(41)) - RepeatedOmKeyInfoCodec ignorePipeline = true
2022-05-04 03:14:44,231 [Listener at 0.0.0.0/34103] INFO  om.OzoneManager (OzoneManager.java:addS3GVolumeToDB(3880)) - Created Volume s3v With Owner runner required for S3Gateway operations.
2022-05-04 03:14:44,233 [Listener at 0.0.0.0/34103] INFO  om.OzoneManager (OzoneManager.java:getRpcServer(1027)) - Creating RPC Server
2022-05-04 03:14:45,222 [Listener at 0.0.0.0/34103] INFO  reflections.Reflections (Reflections.java:scan(232)) - Reflections took 987 ms to scan 19 urls, producing 61 keys and 3647 values [using 2 cores]
2022-05-04 03:14:45,223 [Listener at 0.0.0.0/34103] INFO  ipc.CallQueueManager (CallQueueManager.java:<init>(90)) - Using callQueue: class java.util.concurrent.LinkedBlockingQueue, queueCapacity: 2000, scheduler: class org.apache.hadoop.ipc.DefaultRpcScheduler, ipcBackoff: false.
2022-05-04 03:14:45,229 [Socket Reader #1 for port 0] INFO  ipc.Server (Server.java:run(1265)) - Starting Socket Reader #1 for port 0
2022-05-04 03:14:45,278 [Listener at 127.0.0.1/33297] INFO  impl.MetricsSystemImpl (MetricsSystemImpl.java:init(158)) - OzoneManager metrics system started (again)
2022-05-04 03:14:45,293 [Listener at 127.0.0.1/33297] INFO  om.OzoneManager (OzoneManager.java:start(1395)) - OzoneManager RPC server is listening at localhost/127.0.0.1:33297
2022-05-04 03:14:45,293 [Listener at 127.0.0.1/33297] INFO  om.OzoneManager (OzoneManager.java:start(1411)) - Version File has different layout version (1) than OM DB (null). That is expected if this OM has never been finalized to a newer layout version.
2022-05-04 03:14:45,301 [Listener at 127.0.0.1/33297] INFO  http.BaseHttpServer (BaseHttpServer.java:newHttpServer2BuilderForOzone(209)) - Starting Web-server for ozoneManager at: http://0.0.0.0:0
2022-05-04 03:14:45,301 [Listener at 127.0.0.1/33297] INFO  http.BaseHttpServer (BaseHttpServer.java:<init>(107)) - Hadoop Security Enabled: false Ozone Security Enabled: false Ozone HTTP Security Enabled: false 
2022-05-04 03:14:45,303 [Listener at 127.0.0.1/33297] INFO  server.AuthenticationFilter (AuthenticationFilter.java:constructSecretProvider(240)) - Unable to initialize FileSignerSecretProvider, falling back to use random secrets.
2022-05-04 03:14:45,315 [Listener at 127.0.0.1/33297] WARN  http.HttpRequestLog (HttpRequestLog.java:getRequestLog(103)) - Jetty request log can only be enabled using Log4j
2022-05-04 03:14:45,316 [Listener at 127.0.0.1/33297] INFO  http.HttpServer2 (HttpServer2.java:addGlobalFilter(1030)) - Added global filter 'safety' (class=org.apache.hadoop.hdds.server.http.HttpServer2$QuotingInputFilter)
2022-05-04 03:14:45,317 [Listener at 127.0.0.1/33297] INFO  http.HttpServer2 (HttpServer2.java:addFilter(1006)) - Added filter static_user_filter (class=org.apache.hadoop.http.lib.StaticUserWebFilter$StaticUserFilter) to context ozoneManager
2022-05-04 03:14:45,317 [Listener at 127.0.0.1/33297] INFO  http.HttpServer2 (HttpServer2.java:addFilter(1014)) - Added filter static_user_filter (class=org.apache.hadoop.http.lib.StaticUserWebFilter$StaticUserFilter) to context static
2022-05-04 03:14:45,317 [Listener at 127.0.0.1/33297] INFO  http.HttpServer2 (HttpServer2.java:addFilter(1014)) - Added filter static_user_filter (class=org.apache.hadoop.http.lib.StaticUserWebFilter$StaticUserFilter) to context logs
2022-05-04 03:14:45,318 [Listener at 127.0.0.1/33297] INFO  http.HttpServer2 (HttpServer2.java:bindListener(1249)) - Jetty bound to port 39365
2022-05-04 03:14:45,318 [Listener at 127.0.0.1/33297] INFO  server.Server (Server.java:doStart(375)) - jetty-9.4.43.v20210629; built: 2021-06-30T11:07:22.254Z; git: 526006ecfa3af7f1a27ef3a288e2bef7ea9dd7e8; jvm 1.8.0_322-b06
2022-05-04 03:14:45,325 [Listener at 127.0.0.1/33297] INFO  server.session (DefaultSessionIdManager.java:doStart(334)) - DefaultSessionIdManager workerName=node0
2022-05-04 03:14:45,325 [Listener at 127.0.0.1/33297] INFO  server.session (DefaultSessionIdManager.java:doStart(339)) - No SessionScavenger set, using defaults
2022-05-04 03:14:45,326 [Listener at 127.0.0.1/33297] INFO  server.session (HouseKeeper.java:startScavenging(132)) - node0 Scavenging every 660000ms
2022-05-04 03:14:45,327 [Listener at 127.0.0.1/33297] INFO  handler.ContextHandler (ContextHandler.java:doStart(915)) - Started o.e.j.s.ServletContextHandler@106d2c92{logs,/logs,file:///home/runner/work/ozone/ozone/hadoop-ozone/integration-test/target/log,AVAILABLE}
2022-05-04 03:14:45,327 [Listener at 127.0.0.1/33297] INFO  handler.ContextHandler (ContextHandler.java:doStart(915)) - Started o.e.j.s.ServletContextHandler@4d7648a5{static,/static,file:///home/runner/work/ozone/ozone/hadoop-ozone/integration-test/target/test-classes/webapps/static,AVAILABLE}
2022-05-04 03:14:45,346 [Listener at 127.0.0.1/33297] INFO  handler.ContextHandler (ContextHandler.java:doStart(915)) - Started o.e.j.w.WebAppContext@34ac6d65{ozoneManager,/,file:///home/runner/work/ozone/ozone/hadoop-ozone/integration-test/target/test-classes/webapps/ozoneManager/,AVAILABLE}{file:/home/runner/work/ozone/ozone/hadoop-ozone/integration-test/target/test-classes/webapps/ozoneManager}
2022-05-04 03:14:45,353 [Listener at 127.0.0.1/33297] INFO  server.AbstractConnector (AbstractConnector.java:doStart(331)) - Started ServerConnector@780bc48d{HTTP/1.1, (http/1.1)}{0.0.0.0:39365}
2022-05-04 03:14:45,353 [Listener at 127.0.0.1/33297] INFO  server.Server (Server.java:doStart(415)) - Started @161594ms
2022-05-04 03:14:45,353 [Listener at 127.0.0.1/33297] WARN  impl.MetricsSystemImpl (MetricsSystemImpl.java:register(279)) - Sink prometheus already exists!
2022-05-04 03:14:45,354 [Listener at 127.0.0.1/33297] INFO  http.BaseHttpServer (BaseHttpServer.java:updateConnectorAddress(329)) - HTTP server of ozoneManager listening at http://0.0.0.0:39365
2022-05-04 03:14:45,357 [IPC Server Responder] INFO  ipc.Server (Server.java:run(1507)) - IPC Server Responder: starting
2022-05-04 03:14:45,364 [IPC Server listener on 0] INFO  ipc.Server (Server.java:run(1344)) - IPC Server listener on 0: starting
2022-05-04 03:14:45,368 [Listener at 127.0.0.1/33297] INFO  om.TrashPolicyOzone (TrashPolicyOzone.java:<init>(178)) - Ozone Manager trash configuration: Deletion interval = 0 minutes, Emptier interval = 0 minutes.
2022-05-04 03:14:45,412 [org.apache.hadoop.util.JvmPauseMonitor$Monitor@66cd5f16] INFO  util.JvmPauseMonitor (JvmPauseMonitor.java:run(188)) - Starting JVM pause monitor
2022-05-04 03:14:45,435 [Listener at 127.0.0.1/33297] INFO  impl.MetricsSystemImpl (MetricsSystemImpl.java:init(158)) - HddsDatanode metrics system started (again)
2022-05-04 03:14:45,457 [Listener at 127.0.0.1/33297] INFO  ozone.HddsDatanodeService (HddsDatanodeService.java:start(233)) - HddsDatanodeService host:fv-az270-73.tacnzluakwdehk1hpragurqkma.bx.internal.cloudapp.net ip:10.1.0.22
2022-05-04 03:14:45,519 [Listener at 127.0.0.1/33297] INFO  upgrade.AbstractLayoutVersionManager (AbstractLayoutVersionManager.java:init(79)) - Initializing Layout version manager with metadata layout = ERASURE_CODED_STORAGE_SUPPORT (version = 3), software layout = ERASURE_CODED_STORAGE_SUPPORT (version = 3)
2022-05-04 03:14:45,608 [Listener at 127.0.0.1/33297] INFO  reflections.Reflections (Reflections.java:scan(232)) - Reflections took 88 ms to scan 7 urls, producing 126 keys and 289 values 
2022-05-04 03:14:45,636 [Listener at 127.0.0.1/33297] INFO  statemachine.DatanodeStateMachine (DatanodeStateMachine.java:getEndPointTaskThreadPoolSize(224)) - Datanode State Machine Task Thread Pool size 2
2022-05-04 03:14:45,638 [Listener at 127.0.0.1/33297] INFO  volume.HddsVolume (HddsVolume.java:<init>(120)) - Creating HddsVolume: /home/runner/work/ozone/ozone/hadoop-ozone/integration-test/target/test-dir/MiniOzoneClusterImpl-ffb4024d-fcb7-425a-91bb-293fa2ccb31b/datanode-0/data-0/containers/hdds of storage type : DISK capacity : 9223372036854775807
2022-05-04 03:14:45,638 [Listener at 127.0.0.1/33297] INFO  volume.MutableVolumeSet (MutableVolumeSet.java:initializeVolumeSet(168)) - Added Volume : /home/runner/work/ozone/ozone/hadoop-ozone/integration-test/target/test-dir/MiniOzoneClusterImpl-ffb4024d-fcb7-425a-91bb-293fa2ccb31b/datanode-0/data-0/containers/hdds to VolumeSet
2022-05-04 03:14:45,638 [Listener at 127.0.0.1/33297] INFO  volume.ThrottledAsyncChecker (ThrottledAsyncChecker.java:schedule(141)) - Scheduling a check for /home/runner/work/ozone/ozone/hadoop-ozone/integration-test/target/test-dir/MiniOzoneClusterImpl-ffb4024d-fcb7-425a-91bb-293fa2ccb31b/datanode-0/data-0/containers/hdds
2022-05-04 03:14:45,639 [Listener at 127.0.0.1/33297] INFO  volume.StorageVolumeChecker (StorageVolumeChecker.java:checkAllVolumes(202)) - Scheduled health check for volume /home/runner/work/ozone/ozone/hadoop-ozone/integration-test/target/test-dir/MiniOzoneClusterImpl-ffb4024d-fcb7-425a-91bb-293fa2ccb31b/datanode-0/data-0/containers/hdds
2022-05-04 03:14:45,664 [Listener at 127.0.0.1/33297] INFO  volume.MutableVolumeSet (MutableVolumeSet.java:initializeVolumeSet(168)) - Added Volume : /home/runner/work/ozone/ozone/hadoop-ozone/integration-test/target/test-dir/MiniOzoneClusterImpl-ffb4024d-fcb7-425a-91bb-293fa2ccb31b/datanode-0/data/ratis to VolumeSet
2022-05-04 03:14:45,664 [Listener at 127.0.0.1/33297] INFO  volume.ThrottledAsyncChecker (ThrottledAsyncChecker.java:schedule(141)) - Scheduling a check for /home/runner/work/ozone/ozone/hadoop-ozone/integration-test/target/test-dir/MiniOzoneClusterImpl-ffb4024d-fcb7-425a-91bb-293fa2ccb31b/datanode-0/data/ratis
2022-05-04 03:14:45,664 [Listener at 127.0.0.1/33297] INFO  volume.StorageVolumeChecker (StorageVolumeChecker.java:checkAllVolumes(202)) - Scheduled health check for volume /home/runner/work/ozone/ozone/hadoop-ozone/integration-test/target/test-dir/MiniOzoneClusterImpl-ffb4024d-fcb7-425a-91bb-293fa2ccb31b/datanode-0/data/ratis
2022-05-04 03:14:45,718 [Thread-1164] INFO  ozoneimpl.ContainerReader (ContainerReader.java:readVolume(172)) - Finish verifying containers on volume /home/runner/work/ozone/ozone/hadoop-ozone/integration-test/target/test-dir/MiniOzoneClusterImpl-ffb4024d-fcb7-425a-91bb-293fa2ccb31b/datanode-0/data-0/containers/hdds
2022-05-04 03:14:45,718 [Listener at 127.0.0.1/33297] INFO  ozoneimpl.OzoneContainer (OzoneContainer.java:buildContainerSet(257)) - Build ContainerSet costs 0s
2022-05-04 03:14:45,721 [Listener at 127.0.0.1/33297] INFO  server.RaftServer (ConfUtils.java:logGet(44)) - raft.rpc.type = GRPC (default)
2022-05-04 03:14:45,721 [Listener at 127.0.0.1/33297] INFO  grpc.GrpcFactory (GrpcFactory.java:checkPooledByteBufAllocatorUseCacheForAllThreads(48)) - PERFORMANCE WARNING: useCacheForAllThreads is true that may cause Netty to create a lot garbage objects and, as a result, trigger GC.
	It is recommended to disable useCacheForAllThreads by setting -Dorg.apache.ratis.thirdparty.io.netty.allocator.useCacheForAllThreads=false in command line.
2022-05-04 03:14:45,721 [Listener at 127.0.0.1/33297] INFO  grpc.GrpcConfigKeys (ConfUtils.java:logGet(44)) - raft.grpc.admin.port = 0 (custom)
2022-05-04 03:14:45,721 [Listener at 127.0.0.1/33297] INFO  grpc.GrpcConfigKeys (ConfUtils.java:logGet(44)) - raft.grpc.client.port = 0 (custom)
2022-05-04 03:14:45,722 [Listener at 127.0.0.1/33297] INFO  grpc.GrpcConfigKeys (ConfUtils.java:logGet(44)) - raft.grpc.server.port = 0 (default)
2022-05-04 03:14:45,722 [Listener at 127.0.0.1/33297] INFO  server.GrpcService (ConfUtils.java:logGet(44)) - raft.grpc.message.size.max = 32MB (=33554432) (custom)
2022-05-04 03:14:45,722 [Listener at 127.0.0.1/33297] INFO  server.RaftServerConfigKeys (ConfUtils.java:logGet(44)) - raft.server.log.appender.buffer.byte-limit = 33554432 (custom)
2022-05-04 03:14:45,722 [Listener at 127.0.0.1/33297] INFO  server.GrpcService (ConfUtils.java:logGet(44)) - raft.grpc.flow.control.window = 5MB (=5242880) (custom)
2022-05-04 03:14:45,727 [Listener at 127.0.0.1/33297] INFO  server.RaftServerConfigKeys (ConfUtils.java:logGet(44)) - raft.server.rpc.request.timeout = 60s (custom)
2022-05-04 03:14:45,729 [Listener at 127.0.0.1/33297] INFO  impl.DataStreamServerImpl (ConfUtils.java:logGet(44)) - raft.datastream.type = DISABLED (default)
2022-05-04 03:14:45,729 [Listener at 127.0.0.1/33297] INFO  server.RaftServerConfigKeys (ConfUtils.java:logGet(44)) - raft.server.rpc.slowness.timeout = 300s (custom)
2022-05-04 03:14:45,730 [Listener at 127.0.0.1/33297] INFO  server.RaftServerConfigKeys (ConfUtils.java:logGet(44)) - raft.server.leaderelection.leader.step-down.wait-time = 10s (default)
2022-05-04 03:14:45,730 [Listener at 127.0.0.1/33297] INFO  server.RaftServerConfigKeys (ConfUtils.java:logGet(44)) - raft.server.storage.dir = [/home/runner/work/ozone/ozone/hadoop-ozone/integration-test/target/test-dir/MiniOzoneClusterImpl-ffb4024d-fcb7-425a-91bb-293fa2ccb31b/datanode-0/data/ratis] (custom)
2022-05-04 03:14:45,731 [Listener at 127.0.0.1/33297] INFO  server.XceiverServerGrpc (XceiverServerGrpc.java:<init>(132)) - GrpcServer channel type EpollServerSocketChannel
2022-05-04 03:14:45,759 [Listener at 127.0.0.1/33297] INFO  http.BaseHttpServer (BaseHttpServer.java:newHttpServer2BuilderForOzone(209)) - Starting Web-server for hddsDatanode at: http://0.0.0.0:0
2022-05-04 03:14:45,759 [Listener at 127.0.0.1/33297] INFO  http.BaseHttpServer (BaseHttpServer.java:<init>(107)) - Hadoop Security Enabled: false Ozone Security Enabled: false Ozone HTTP Security Enabled: false 
2022-05-04 03:14:45,760 [Listener at 127.0.0.1/33297] INFO  server.AuthenticationFilter (AuthenticationFilter.java:constructSecretProvider(240)) - Unable to initialize FileSignerSecretProvider, falling back to use random secrets.
2022-05-04 03:14:45,770 [Listener at 127.0.0.1/33297] WARN  http.HttpRequestLog (HttpRequestLog.java:getRequestLog(103)) - Jetty request log can only be enabled using Log4j
2022-05-04 03:14:45,784 [Listener at 127.0.0.1/33297] INFO  http.HttpServer2 (HttpServer2.java:addGlobalFilter(1030)) - Added global filter 'safety' (class=org.apache.hadoop.hdds.server.http.HttpServer2$QuotingInputFilter)
2022-05-04 03:14:45,784 [Listener at 127.0.0.1/33297] INFO  http.HttpServer2 (HttpServer2.java:addFilter(1006)) - Added filter static_user_filter (class=org.apache.hadoop.http.lib.StaticUserWebFilter$StaticUserFilter) to context hddsDatanode
2022-05-04 03:14:45,785 [Listener at 127.0.0.1/33297] INFO  http.HttpServer2 (HttpServer2.java:addFilter(1014)) - Added filter static_user_filter (class=org.apache.hadoop.http.lib.StaticUserWebFilter$StaticUserFilter) to context logs
2022-05-04 03:14:45,786 [Listener at 127.0.0.1/33297] INFO  http.HttpServer2 (HttpServer2.java:addFilter(1014)) - Added filter static_user_filter (class=org.apache.hadoop.http.lib.StaticUserWebFilter$StaticUserFilter) to context static
2022-05-04 03:14:45,786 [Listener at 127.0.0.1/33297] INFO  http.HttpServer2 (HttpServer2.java:bindListener(1249)) - Jetty bound to port 43847
2022-05-04 03:14:45,786 [Listener at 127.0.0.1/33297] INFO  server.Server (Server.java:doStart(375)) - jetty-9.4.43.v20210629; built: 2021-06-30T11:07:22.254Z; git: 526006ecfa3af7f1a27ef3a288e2bef7ea9dd7e8; jvm 1.8.0_322-b06
2022-05-04 03:14:45,829 [Listener at 127.0.0.1/33297] INFO  server.session (DefaultSessionIdManager.java:doStart(334)) - DefaultSessionIdManager workerName=node0
2022-05-04 03:14:45,829 [Listener at 127.0.0.1/33297] INFO  server.session (DefaultSessionIdManager.java:doStart(339)) - No SessionScavenger set, using defaults
2022-05-04 03:14:45,829 [Listener at 127.0.0.1/33297] INFO  server.session (HouseKeeper.java:startScavenging(132)) - node0 Scavenging every 600000ms
2022-05-04 03:14:45,830 [Listener at 127.0.0.1/33297] INFO  handler.ContextHandler (ContextHandler.java:doStart(915)) - Started o.e.j.s.ServletContextHandler@5c38ce9a{logs,/logs,file:///home/runner/work/ozone/ozone/hadoop-ozone/integration-test/target/log,AVAILABLE}
2022-05-04 03:14:45,831 [Listener at 127.0.0.1/33297] INFO  handler.ContextHandler (ContextHandler.java:doStart(915)) - Started o.e.j.s.ServletContextHandler@67b36249{static,/static,jar:file:/home/runner/.m2/repository/org/apache/ozone/hdds-container-service/1.3.0-SNAPSHOT/hdds-container-service-1.3.0-SNAPSHOT.jar!/webapps/static,AVAILABLE}
2022-05-04 03:14:46,165 [Listener at 127.0.0.1/33297] INFO  handler.ContextHandler (ContextHandler.java:doStart(915)) - Started o.e.j.w.WebAppContext@4f29208d{hddsDatanode,/,file:///tmp/jetty-0_0_0_0-43847-hdds-container-service-1_3_0-SNAPSHOT_jar-_-any-6952562052050949773/webapp/,AVAILABLE}{jar:file:/home/runner/.m2/repository/org/apache/ozone/hdds-container-service/1.3.0-SNAPSHOT/hdds-container-service-1.3.0-SNAPSHOT.jar!/webapps/hddsDatanode}
2022-05-04 03:14:46,175 [Listener at 127.0.0.1/33297] INFO  server.AbstractConnector (AbstractConnector.java:doStart(331)) - Started ServerConnector@60fe0da9{HTTP/1.1, (http/1.1)}{0.0.0.0:43847}
2022-05-04 03:14:46,176 [Listener at 127.0.0.1/33297] INFO  server.Server (Server.java:doStart(415)) - Started @162416ms
2022-05-04 03:14:46,176 [Listener at 127.0.0.1/33297] WARN  impl.MetricsSystemImpl (MetricsSystemImpl.java:register(279)) - Sink prometheus already exists!
2022-05-04 03:14:46,185 [Listener at 127.0.0.1/33297] INFO  http.BaseHttpServer (BaseHttpServer.java:updateConnectorAddress(329)) - HTTP server of hddsDatanode listening at http://0.0.0.0:43847
2022-05-04 03:14:46,205 [Listener at 127.0.0.1/33297] INFO  impl.MetricsSystemImpl (MetricsSystemImpl.java:init(158)) - HddsDatanode metrics system started (again)
2022-05-04 03:14:46,214 [Datanode State Machine Daemon Thread] INFO  statemachine.DatanodeStateMachine (DatanodeStateMachine.java:lambda$startDaemon$0(472)) - Ozone container server started.
2022-05-04 03:14:46,220 [Listener at 127.0.0.1/33297] INFO  ozone.HddsDatanodeService (HddsDatanodeService.java:start(233)) - HddsDatanodeService host:fv-az270-73.tacnzluakwdehk1hpragurqkma.bx.internal.cloudapp.net ip:10.1.0.22
2022-05-04 03:14:46,280 [org.apache.hadoop.util.JvmPauseMonitor$Monitor@2aa1b847] INFO  util.JvmPauseMonitor (JvmPauseMonitor.java:run(188)) - Starting JVM pause monitor
2022-05-04 03:14:46,281 [Datanode State Machine Task Thread - 0] INFO  datanode.InitDatanodeState (InitDatanodeState.java:persistContainerDatanodeDetails(138)) - DatanodeDetails is persisted to /home/runner/work/ozone/ozone/hadoop-ozone/integration-test/target/test-dir/MiniOzoneClusterImpl-ffb4024d-fcb7-425a-91bb-293fa2ccb31b/datanode-0/meta/datanode.id
2022-05-04 03:14:46,305 [Listener at 127.0.0.1/33297] INFO  upgrade.AbstractLayoutVersionManager (AbstractLayoutVersionManager.java:init(79)) - Initializing Layout version manager with metadata layout = ERASURE_CODED_STORAGE_SUPPORT (version = 3), software layout = ERASURE_CODED_STORAGE_SUPPORT (version = 3)
2022-05-04 03:14:46,638 [Listener at 127.0.0.1/33297] INFO  reflections.Reflections (Reflections.java:scan(232)) - Reflections took 330 ms to scan 7 urls, producing 126 keys and 289 values 
2022-05-04 03:14:46,639 [Listener at 127.0.0.1/33297] INFO  statemachine.DatanodeStateMachine (DatanodeStateMachine.java:getEndPointTaskThreadPoolSize(224)) - Datanode State Machine Task Thread Pool size 2
2022-05-04 03:14:46,641 [Listener at 127.0.0.1/33297] INFO  volume.HddsVolume (HddsVolume.java:<init>(120)) - Creating HddsVolume: /home/runner/work/ozone/ozone/hadoop-ozone/integration-test/target/test-dir/MiniOzoneClusterImpl-ffb4024d-fcb7-425a-91bb-293fa2ccb31b/datanode-1/data-0/containers/hdds of storage type : DISK capacity : 9223372036854775807
2022-05-04 03:14:46,641 [Listener at 127.0.0.1/33297] INFO  volume.MutableVolumeSet (MutableVolumeSet.java:initializeVolumeSet(168)) - Added Volume : /home/runner/work/ozone/ozone/hadoop-ozone/integration-test/target/test-dir/MiniOzoneClusterImpl-ffb4024d-fcb7-425a-91bb-293fa2ccb31b/datanode-1/data-0/containers/hdds to VolumeSet
2022-05-04 03:14:46,641 [Listener at 127.0.0.1/33297] INFO  volume.ThrottledAsyncChecker (ThrottledAsyncChecker.java:schedule(141)) - Scheduling a check for /home/runner/work/ozone/ozone/hadoop-ozone/integration-test/target/test-dir/MiniOzoneClusterImpl-ffb4024d-fcb7-425a-91bb-293fa2ccb31b/datanode-1/data-0/containers/hdds
2022-05-04 03:14:46,643 [Listener at 127.0.0.1/33297] INFO  volume.StorageVolumeChecker (StorageVolumeChecker.java:checkAllVolumes(202)) - Scheduled health check for volume /home/runner/work/ozone/ozone/hadoop-ozone/integration-test/target/test-dir/MiniOzoneClusterImpl-ffb4024d-fcb7-425a-91bb-293fa2ccb31b/datanode-1/data-0/containers/hdds
2022-05-04 03:14:46,654 [Listener at 127.0.0.1/33297] INFO  volume.MutableVolumeSet (MutableVolumeSet.java:initializeVolumeSet(168)) - Added Volume : /home/runner/work/ozone/ozone/hadoop-ozone/integration-test/target/test-dir/MiniOzoneClusterImpl-ffb4024d-fcb7-425a-91bb-293fa2ccb31b/datanode-1/data/ratis to VolumeSet
2022-05-04 03:14:46,654 [Listener at 127.0.0.1/33297] INFO  volume.ThrottledAsyncChecker (ThrottledAsyncChecker.java:schedule(141)) - Scheduling a check for /home/runner/work/ozone/ozone/hadoop-ozone/integration-test/target/test-dir/MiniOzoneClusterImpl-ffb4024d-fcb7-425a-91bb-293fa2ccb31b/datanode-1/data/ratis
2022-05-04 03:14:46,654 [Listener at 127.0.0.1/33297] INFO  volume.StorageVolumeChecker (StorageVolumeChecker.java:checkAllVolumes(202)) - Scheduled health check for volume /home/runner/work/ozone/ozone/hadoop-ozone/integration-test/target/test-dir/MiniOzoneClusterImpl-ffb4024d-fcb7-425a-91bb-293fa2ccb31b/datanode-1/data/ratis
2022-05-04 03:14:46,685 [Thread-1176] INFO  ozoneimpl.ContainerReader (ContainerReader.java:readVolume(172)) - Finish verifying containers on volume /home/runner/work/ozone/ozone/hadoop-ozone/integration-test/target/test-dir/MiniOzoneClusterImpl-ffb4024d-fcb7-425a-91bb-293fa2ccb31b/datanode-1/data-0/containers/hdds
2022-05-04 03:14:46,685 [Listener at 127.0.0.1/33297] INFO  ozoneimpl.OzoneContainer (OzoneContainer.java:buildContainerSet(257)) - Build ContainerSet costs 0s
2022-05-04 03:14:46,687 [Listener at 127.0.0.1/33297] INFO  server.RaftServer (ConfUtils.java:logGet(44)) - raft.rpc.type = GRPC (default)
2022-05-04 03:14:46,688 [Listener at 127.0.0.1/33297] INFO  grpc.GrpcFactory (GrpcFactory.java:checkPooledByteBufAllocatorUseCacheForAllThreads(48)) - PERFORMANCE WARNING: useCacheForAllThreads is true that may cause Netty to create a lot garbage objects and, as a result, trigger GC.
	It is recommended to disable useCacheForAllThreads by setting -Dorg.apache.ratis.thirdparty.io.netty.allocator.useCacheForAllThreads=false in command line.
2022-05-04 03:14:46,688 [Listener at 127.0.0.1/33297] INFO  grpc.GrpcConfigKeys (ConfUtils.java:logGet(44)) - raft.grpc.admin.port = 0 (custom)
2022-05-04 03:14:46,688 [Listener at 127.0.0.1/33297] INFO  grpc.GrpcConfigKeys (ConfUtils.java:logGet(44)) - raft.grpc.client.port = 0 (custom)
2022-05-04 03:14:46,688 [Listener at 127.0.0.1/33297] INFO  grpc.GrpcConfigKeys (ConfUtils.java:logGet(44)) - raft.grpc.server.port = 0 (default)
2022-05-04 03:14:46,688 [Listener at 127.0.0.1/33297] INFO  server.GrpcService (ConfUtils.java:logGet(44)) - raft.grpc.message.size.max = 32MB (=33554432) (custom)
2022-05-04 03:14:46,688 [Listener at 127.0.0.1/33297] INFO  server.RaftServerConfigKeys (ConfUtils.java:logGet(44)) - raft.server.log.appender.buffer.byte-limit = 33554432 (custom)
2022-05-04 03:14:46,698 [Listener at 127.0.0.1/33297] INFO  server.GrpcService (ConfUtils.java:logGet(44)) - raft.grpc.flow.control.window = 5MB (=5242880) (custom)
2022-05-04 03:14:46,699 [Listener at 127.0.0.1/33297] INFO  server.RaftServerConfigKeys (ConfUtils.java:logGet(44)) - raft.server.rpc.request.timeout = 60s (custom)
2022-05-04 03:14:46,700 [Listener at 127.0.0.1/33297] INFO  impl.DataStreamServerImpl (ConfUtils.java:logGet(44)) - raft.datastream.type = DISABLED (default)
2022-05-04 03:14:46,700 [Listener at 127.0.0.1/33297] INFO  server.RaftServerConfigKeys (ConfUtils.java:logGet(44)) - raft.server.rpc.slowness.timeout = 300s (custom)
2022-05-04 03:14:46,700 [Listener at 127.0.0.1/33297] INFO  server.RaftServerConfigKeys (ConfUtils.java:logGet(44)) - raft.server.leaderelection.leader.step-down.wait-time = 10s (default)
2022-05-04 03:14:46,701 [Listener at 127.0.0.1/33297] INFO  server.RaftServerConfigKeys (ConfUtils.java:logGet(44)) - raft.server.storage.dir = [/home/runner/work/ozone/ozone/hadoop-ozone/integration-test/target/test-dir/MiniOzoneClusterImpl-ffb4024d-fcb7-425a-91bb-293fa2ccb31b/datanode-1/data/ratis] (custom)
2022-05-04 03:14:46,702 [Listener at 127.0.0.1/33297] INFO  server.XceiverServerGrpc (XceiverServerGrpc.java:<init>(132)) - GrpcServer channel type EpollServerSocketChannel
2022-05-04 03:14:46,722 [Listener at 127.0.0.1/33297] INFO  http.BaseHttpServer (BaseHttpServer.java:newHttpServer2BuilderForOzone(209)) - Starting Web-server for hddsDatanode at: http://0.0.0.0:0
2022-05-04 03:14:46,722 [Listener at 127.0.0.1/33297] INFO  http.BaseHttpServer (BaseHttpServer.java:<init>(107)) - Hadoop Security Enabled: false Ozone Security Enabled: false Ozone HTTP Security Enabled: false 
2022-05-04 03:14:46,724 [Listener at 127.0.0.1/33297] INFO  server.AuthenticationFilter (AuthenticationFilter.java:constructSecretProvider(240)) - Unable to initialize FileSignerSecretProvider, falling back to use random secrets.
2022-05-04 03:14:46,736 [Listener at 127.0.0.1/33297] WARN  http.HttpRequestLog (HttpRequestLog.java:getRequestLog(103)) - Jetty request log can only be enabled using Log4j
2022-05-04 03:14:46,737 [Listener at 127.0.0.1/33297] INFO  http.HttpServer2 (HttpServer2.java:addGlobalFilter(1030)) - Added global filter 'safety' (class=org.apache.hadoop.hdds.server.http.HttpServer2$QuotingInputFilter)
2022-05-04 03:14:46,738 [Listener at 127.0.0.1/33297] INFO  http.HttpServer2 (HttpServer2.java:addFilter(1006)) - Added filter static_user_filter (class=org.apache.hadoop.http.lib.StaticUserWebFilter$StaticUserFilter) to context hddsDatanode
2022-05-04 03:14:46,738 [Listener at 127.0.0.1/33297] INFO  http.HttpServer2 (HttpServer2.java:addFilter(1014)) - Added filter static_user_filter (class=org.apache.hadoop.http.lib.StaticUserWebFilter$StaticUserFilter) to context logs
2022-05-04 03:14:46,738 [Listener at 127.0.0.1/33297] INFO  http.HttpServer2 (HttpServer2.java:addFilter(1014)) - Added filter static_user_filter (class=org.apache.hadoop.http.lib.StaticUserWebFilter$StaticUserFilter) to context static
2022-05-04 03:14:46,739 [Listener at 127.0.0.1/33297] INFO  http.HttpServer2 (HttpServer2.java:bindListener(1249)) - Jetty bound to port 32813
2022-05-04 03:14:46,739 [Listener at 127.0.0.1/33297] INFO  server.Server (Server.java:doStart(375)) - jetty-9.4.43.v20210629; built: 2021-06-30T11:07:22.254Z; git: 526006ecfa3af7f1a27ef3a288e2bef7ea9dd7e8; jvm 1.8.0_322-b06
2022-05-04 03:14:46,752 [Listener at 127.0.0.1/33297] INFO  server.session (DefaultSessionIdManager.java:doStart(334)) - DefaultSessionIdManager workerName=node0
2022-05-04 03:14:46,753 [Listener at 127.0.0.1/33297] INFO  server.session (DefaultSessionIdManager.java:doStart(339)) - No SessionScavenger set, using defaults
2022-05-04 03:14:46,753 [Listener at 127.0.0.1/33297] INFO  server.session (HouseKeeper.java:startScavenging(132)) - node0 Scavenging every 600000ms
2022-05-04 03:14:46,759 [Listener at 127.0.0.1/33297] INFO  handler.ContextHandler (ContextHandler.java:doStart(915)) - Started o.e.j.s.ServletContextHandler@226dfffd{logs,/logs,file:///home/runner/work/ozone/ozone/hadoop-ozone/integration-test/target/log,AVAILABLE}
2022-05-04 03:14:46,759 [Listener at 127.0.0.1/33297] INFO  handler.ContextHandler (ContextHandler.java:doStart(915)) - Started o.e.j.s.ServletContextHandler@5d0a60f1{static,/static,jar:file:/home/runner/.m2/repository/org/apache/ozone/hdds-container-service/1.3.0-SNAPSHOT/hdds-container-service-1.3.0-SNAPSHOT.jar!/webapps/static,AVAILABLE}
2022-05-04 03:14:47,196 [Listener at 127.0.0.1/33297] INFO  handler.ContextHandler (ContextHandler.java:doStart(915)) - Started o.e.j.w.WebAppContext@28d8ac67{hddsDatanode,/,file:///tmp/jetty-0_0_0_0-32813-hdds-container-service-1_3_0-SNAPSHOT_jar-_-any-5774584195893108290/webapp/,AVAILABLE}{jar:file:/home/runner/.m2/repository/org/apache/ozone/hdds-container-service/1.3.0-SNAPSHOT/hdds-container-service-1.3.0-SNAPSHOT.jar!/webapps/hddsDatanode}
2022-05-04 03:14:47,204 [Listener at 127.0.0.1/33297] INFO  server.AbstractConnector (AbstractConnector.java:doStart(331)) - Started ServerConnector@1ba5b2a8{HTTP/1.1, (http/1.1)}{0.0.0.0:32813}
2022-05-04 03:14:47,204 [Listener at 127.0.0.1/33297] INFO  server.Server (Server.java:doStart(415)) - Started @163445ms
2022-05-04 03:14:47,205 [Listener at 127.0.0.1/33297] WARN  impl.MetricsSystemImpl (MetricsSystemImpl.java:register(279)) - Sink prometheus already exists!
2022-05-04 03:14:47,205 [Listener at 127.0.0.1/33297] INFO  http.BaseHttpServer (BaseHttpServer.java:updateConnectorAddress(329)) - HTTP server of hddsDatanode listening at http://0.0.0.0:32813
2022-05-04 03:14:47,206 [Listener at 127.0.0.1/33297] INFO  impl.MetricsSystemImpl (MetricsSystemImpl.java:init(158)) - HddsDatanode metrics system started (again)
2022-05-04 03:14:47,219 [Datanode State Machine Daemon Thread] INFO  statemachine.DatanodeStateMachine (DatanodeStateMachine.java:lambda$startDaemon$0(472)) - Ozone container server started.
2022-05-04 03:14:47,242 [org.apache.hadoop.util.JvmPauseMonitor$Monitor@3e2cbf89] INFO  util.JvmPauseMonitor (JvmPauseMonitor.java:run(188)) - Starting JVM pause monitor
2022-05-04 03:14:47,255 [Listener at 127.0.0.1/33297] INFO  ozone.HddsDatanodeService (HddsDatanodeService.java:start(233)) - HddsDatanodeService host:fv-az270-73.tacnzluakwdehk1hpragurqkma.bx.internal.cloudapp.net ip:10.1.0.22
2022-05-04 03:14:47,275 [Datanode State Machine Task Thread - 0] INFO  datanode.InitDatanodeState (InitDatanodeState.java:persistContainerDatanodeDetails(138)) - DatanodeDetails is persisted to /home/runner/work/ozone/ozone/hadoop-ozone/integration-test/target/test-dir/MiniOzoneClusterImpl-ffb4024d-fcb7-425a-91bb-293fa2ccb31b/datanode-1/meta/datanode.id
2022-05-04 03:14:47,313 [Listener at 127.0.0.1/33297] INFO  upgrade.AbstractLayoutVersionManager (AbstractLayoutVersionManager.java:init(79)) - Initializing Layout version manager with metadata layout = ERASURE_CODED_STORAGE_SUPPORT (version = 3), software layout = ERASURE_CODED_STORAGE_SUPPORT (version = 3)
2022-05-04 03:14:47,401 [Listener at 127.0.0.1/33297] INFO  reflections.Reflections (Reflections.java:scan(232)) - Reflections took 86 ms to scan 7 urls, producing 126 keys and 289 values 
2022-05-04 03:14:47,403 [Listener at 127.0.0.1/33297] INFO  statemachine.DatanodeStateMachine (DatanodeStateMachine.java:getEndPointTaskThreadPoolSize(224)) - Datanode State Machine Task Thread Pool size 2
2022-05-04 03:14:47,404 [Listener at 127.0.0.1/33297] INFO  volume.HddsVolume (HddsVolume.java:<init>(120)) - Creating HddsVolume: /home/runner/work/ozone/ozone/hadoop-ozone/integration-test/target/test-dir/MiniOzoneClusterImpl-ffb4024d-fcb7-425a-91bb-293fa2ccb31b/datanode-2/data-0/containers/hdds of storage type : DISK capacity : 9223372036854775807
2022-05-04 03:14:47,405 [Listener at 127.0.0.1/33297] INFO  volume.MutableVolumeSet (MutableVolumeSet.java:initializeVolumeSet(168)) - Added Volume : /home/runner/work/ozone/ozone/hadoop-ozone/integration-test/target/test-dir/MiniOzoneClusterImpl-ffb4024d-fcb7-425a-91bb-293fa2ccb31b/datanode-2/data-0/containers/hdds to VolumeSet
2022-05-04 03:14:47,405 [Listener at 127.0.0.1/33297] INFO  volume.ThrottledAsyncChecker (ThrottledAsyncChecker.java:schedule(141)) - Scheduling a check for /home/runner/work/ozone/ozone/hadoop-ozone/integration-test/target/test-dir/MiniOzoneClusterImpl-ffb4024d-fcb7-425a-91bb-293fa2ccb31b/datanode-2/data-0/containers/hdds
2022-05-04 03:14:47,406 [Listener at 127.0.0.1/33297] INFO  volume.StorageVolumeChecker (StorageVolumeChecker.java:checkAllVolumes(202)) - Scheduled health check for volume /home/runner/work/ozone/ozone/hadoop-ozone/integration-test/target/test-dir/MiniOzoneClusterImpl-ffb4024d-fcb7-425a-91bb-293fa2ccb31b/datanode-2/data-0/containers/hdds
2022-05-04 03:14:47,424 [Listener at 127.0.0.1/33297] INFO  volume.MutableVolumeSet (MutableVolumeSet.java:initializeVolumeSet(168)) - Added Volume : /home/runner/work/ozone/ozone/hadoop-ozone/integration-test/target/test-dir/MiniOzoneClusterImpl-ffb4024d-fcb7-425a-91bb-293fa2ccb31b/datanode-2/data/ratis to VolumeSet
2022-05-04 03:14:47,424 [Listener at 127.0.0.1/33297] INFO  volume.ThrottledAsyncChecker (ThrottledAsyncChecker.java:schedule(141)) - Scheduling a check for /home/runner/work/ozone/ozone/hadoop-ozone/integration-test/target/test-dir/MiniOzoneClusterImpl-ffb4024d-fcb7-425a-91bb-293fa2ccb31b/datanode-2/data/ratis
2022-05-04 03:14:47,424 [Listener at 127.0.0.1/33297] INFO  volume.StorageVolumeChecker (StorageVolumeChecker.java:checkAllVolumes(202)) - Scheduled health check for volume /home/runner/work/ozone/ozone/hadoop-ozone/integration-test/target/test-dir/MiniOzoneClusterImpl-ffb4024d-fcb7-425a-91bb-293fa2ccb31b/datanode-2/data/ratis
2022-05-04 03:14:47,448 [Thread-1188] INFO  ozoneimpl.ContainerReader (ContainerReader.java:readVolume(172)) - Finish verifying containers on volume /home/runner/work/ozone/ozone/hadoop-ozone/integration-test/target/test-dir/MiniOzoneClusterImpl-ffb4024d-fcb7-425a-91bb-293fa2ccb31b/datanode-2/data-0/containers/hdds
2022-05-04 03:14:47,448 [Listener at 127.0.0.1/33297] INFO  ozoneimpl.OzoneContainer (OzoneContainer.java:buildContainerSet(257)) - Build ContainerSet costs 0s
2022-05-04 03:14:47,452 [Listener at 127.0.0.1/33297] INFO  server.RaftServer (ConfUtils.java:logGet(44)) - raft.rpc.type = GRPC (default)
2022-05-04 03:14:47,452 [Listener at 127.0.0.1/33297] INFO  grpc.GrpcFactory (GrpcFactory.java:checkPooledByteBufAllocatorUseCacheForAllThreads(48)) - PERFORMANCE WARNING: useCacheForAllThreads is true that may cause Netty to create a lot garbage objects and, as a result, trigger GC.
	It is recommended to disable useCacheForAllThreads by setting -Dorg.apache.ratis.thirdparty.io.netty.allocator.useCacheForAllThreads=false in command line.
2022-05-04 03:14:47,452 [Listener at 127.0.0.1/33297] INFO  grpc.GrpcConfigKeys (ConfUtils.java:logGet(44)) - raft.grpc.admin.port = 0 (custom)
2022-05-04 03:14:47,452 [Listener at 127.0.0.1/33297] INFO  grpc.GrpcConfigKeys (ConfUtils.java:logGet(44)) - raft.grpc.client.port = 0 (custom)
2022-05-04 03:14:47,452 [Listener at 127.0.0.1/33297] INFO  grpc.GrpcConfigKeys (ConfUtils.java:logGet(44)) - raft.grpc.server.port = 0 (default)
2022-05-04 03:14:47,453 [Listener at 127.0.0.1/33297] INFO  server.GrpcService (ConfUtils.java:logGet(44)) - raft.grpc.message.size.max = 32MB (=33554432) (custom)
2022-05-04 03:14:47,453 [Listener at 127.0.0.1/33297] INFO  server.RaftServerConfigKeys (ConfUtils.java:logGet(44)) - raft.server.log.appender.buffer.byte-limit = 33554432 (custom)
2022-05-04 03:14:47,454 [Listener at 127.0.0.1/33297] INFO  server.GrpcService (ConfUtils.java:logGet(44)) - raft.grpc.flow.control.window = 5MB (=5242880) (custom)
2022-05-04 03:14:47,454 [Listener at 127.0.0.1/33297] INFO  server.RaftServerConfigKeys (ConfUtils.java:logGet(44)) - raft.server.rpc.request.timeout = 60s (custom)
2022-05-04 03:14:47,456 [Listener at 127.0.0.1/33297] INFO  impl.DataStreamServerImpl (ConfUtils.java:logGet(44)) - raft.datastream.type = DISABLED (default)
2022-05-04 03:14:47,456 [Listener at 127.0.0.1/33297] INFO  server.RaftServerConfigKeys (ConfUtils.java:logGet(44)) - raft.server.rpc.slowness.timeout = 300s (custom)
2022-05-04 03:14:47,456 [Listener at 127.0.0.1/33297] INFO  server.RaftServerConfigKeys (ConfUtils.java:logGet(44)) - raft.server.leaderelection.leader.step-down.wait-time = 10s (default)
2022-05-04 03:14:47,456 [Listener at 127.0.0.1/33297] INFO  server.RaftServerConfigKeys (ConfUtils.java:logGet(44)) - raft.server.storage.dir = [/home/runner/work/ozone/ozone/hadoop-ozone/integration-test/target/test-dir/MiniOzoneClusterImpl-ffb4024d-fcb7-425a-91bb-293fa2ccb31b/datanode-2/data/ratis] (custom)
2022-05-04 03:14:47,457 [Listener at 127.0.0.1/33297] INFO  server.XceiverServerGrpc (XceiverServerGrpc.java:<init>(132)) - GrpcServer channel type EpollServerSocketChannel
2022-05-04 03:14:47,468 [Listener at 127.0.0.1/33297] INFO  http.BaseHttpServer (BaseHttpServer.java:newHttpServer2BuilderForOzone(209)) - Starting Web-server for hddsDatanode at: http://0.0.0.0:0
2022-05-04 03:14:47,468 [Listener at 127.0.0.1/33297] INFO  http.BaseHttpServer (BaseHttpServer.java:<init>(107)) - Hadoop Security Enabled: false Ozone Security Enabled: false Ozone HTTP Security Enabled: false 
2022-05-04 03:14:47,469 [Listener at 127.0.0.1/33297] INFO  server.AuthenticationFilter (AuthenticationFilter.java:constructSecretProvider(240)) - Unable to initialize FileSignerSecretProvider, falling back to use random secrets.
2022-05-04 03:14:47,476 [Listener at 127.0.0.1/33297] WARN  http.HttpRequestLog (HttpRequestLog.java:getRequestLog(103)) - Jetty request log can only be enabled using Log4j
2022-05-04 03:14:47,477 [Listener at 127.0.0.1/33297] INFO  http.HttpServer2 (HttpServer2.java:addGlobalFilter(1030)) - Added global filter 'safety' (class=org.apache.hadoop.hdds.server.http.HttpServer2$QuotingInputFilter)
2022-05-04 03:14:47,478 [Listener at 127.0.0.1/33297] INFO  http.HttpServer2 (HttpServer2.java:addFilter(1006)) - Added filter static_user_filter (class=org.apache.hadoop.http.lib.StaticUserWebFilter$StaticUserFilter) to context hddsDatanode
2022-05-04 03:14:47,478 [Listener at 127.0.0.1/33297] INFO  http.HttpServer2 (HttpServer2.java:addFilter(1014)) - Added filter static_user_filter (class=org.apache.hadoop.http.lib.StaticUserWebFilter$StaticUserFilter) to context logs
2022-05-04 03:14:47,478 [Listener at 127.0.0.1/33297] INFO  http.HttpServer2 (HttpServer2.java:addFilter(1014)) - Added filter static_user_filter (class=org.apache.hadoop.http.lib.StaticUserWebFilter$StaticUserFilter) to context static
2022-05-04 03:14:47,479 [Listener at 127.0.0.1/33297] INFO  http.HttpServer2 (HttpServer2.java:bindListener(1249)) - Jetty bound to port 38355
2022-05-04 03:14:47,479 [Listener at 127.0.0.1/33297] INFO  server.Server (Server.java:doStart(375)) - jetty-9.4.43.v20210629; built: 2021-06-30T11:07:22.254Z; git: 526006ecfa3af7f1a27ef3a288e2bef7ea9dd7e8; jvm 1.8.0_322-b06
2022-05-04 03:14:47,484 [Listener at 127.0.0.1/33297] INFO  server.session (DefaultSessionIdManager.java:doStart(334)) - DefaultSessionIdManager workerName=node0
2022-05-04 03:14:47,484 [Listener at 127.0.0.1/33297] INFO  server.session (DefaultSessionIdManager.java:doStart(339)) - No SessionScavenger set, using defaults
2022-05-04 03:14:47,484 [Listener at 127.0.0.1/33297] INFO  server.session (HouseKeeper.java:startScavenging(132)) - node0 Scavenging every 660000ms
2022-05-04 03:14:47,511 [Listener at 127.0.0.1/33297] INFO  handler.ContextHandler (ContextHandler.java:doStart(915)) - Started o.e.j.s.ServletContextHandler@491dfd8e{logs,/logs,file:///home/runner/work/ozone/ozone/hadoop-ozone/integration-test/target/log,AVAILABLE}
2022-05-04 03:14:47,511 [Listener at 127.0.0.1/33297] INFO  handler.ContextHandler (ContextHandler.java:doStart(915)) - Started o.e.j.s.ServletContextHandler@61fd8c74{static,/static,jar:file:/home/runner/.m2/repository/org/apache/ozone/hdds-container-service/1.3.0-SNAPSHOT/hdds-container-service-1.3.0-SNAPSHOT.jar!/webapps/static,AVAILABLE}
2022-05-04 03:14:47,885 [Listener at 127.0.0.1/33297] INFO  handler.ContextHandler (ContextHandler.java:doStart(915)) - Started o.e.j.w.WebAppContext@7c0a99ed{hddsDatanode,/,file:///tmp/jetty-0_0_0_0-38355-hdds-container-service-1_3_0-SNAPSHOT_jar-_-any-6766897889595026438/webapp/,AVAILABLE}{jar:file:/home/runner/.m2/repository/org/apache/ozone/hdds-container-service/1.3.0-SNAPSHOT/hdds-container-service-1.3.0-SNAPSHOT.jar!/webapps/hddsDatanode}
2022-05-04 03:14:47,886 [Listener at 127.0.0.1/33297] INFO  server.AbstractConnector (AbstractConnector.java:doStart(331)) - Started ServerConnector@6c097c50{HTTP/1.1, (http/1.1)}{0.0.0.0:38355}
2022-05-04 03:14:47,887 [Listener at 127.0.0.1/33297] INFO  server.Server (Server.java:doStart(415)) - Started @164127ms
2022-05-04 03:14:47,887 [Listener at 127.0.0.1/33297] WARN  impl.MetricsSystemImpl (MetricsSystemImpl.java:register(279)) - Sink prometheus already exists!
2022-05-04 03:14:47,894 [Listener at 127.0.0.1/33297] INFO  http.BaseHttpServer (BaseHttpServer.java:updateConnectorAddress(329)) - HTTP server of hddsDatanode listening at http://0.0.0.0:38355
2022-05-04 03:14:47,901 [Listener at 127.0.0.1/33297] INFO  impl.MetricsSystemImpl (MetricsSystemImpl.java:init(158)) - HddsDatanode metrics system started (again)
2022-05-04 03:14:47,906 [Datanode State Machine Daemon Thread] INFO  statemachine.DatanodeStateMachine (DatanodeStateMachine.java:lambda$startDaemon$0(472)) - Ozone container server started.
2022-05-04 03:14:47,922 [org.apache.hadoop.util.JvmPauseMonitor$Monitor@4535a6fa] INFO  util.JvmPauseMonitor (JvmPauseMonitor.java:run(188)) - Starting JVM pause monitor
2022-05-04 03:14:47,936 [Datanode State Machine Task Thread - 0] INFO  datanode.InitDatanodeState (InitDatanodeState.java:persistContainerDatanodeDetails(138)) - DatanodeDetails is persisted to /home/runner/work/ozone/ozone/hadoop-ozone/integration-test/target/test-dir/MiniOzoneClusterImpl-ffb4024d-fcb7-425a-91bb-293fa2ccb31b/datanode-2/meta/datanode.id
2022-05-04 03:14:47,956 [Listener at 127.0.0.1/33297] INFO  ozone.HddsDatanodeService (HddsDatanodeService.java:start(233)) - HddsDatanodeService host:fv-az270-73.tacnzluakwdehk1hpragurqkma.bx.internal.cloudapp.net ip:10.1.0.22
2022-05-04 03:14:48,000 [Listener at 127.0.0.1/33297] INFO  upgrade.AbstractLayoutVersionManager (AbstractLayoutVersionManager.java:init(79)) - Initializing Layout version manager with metadata layout = ERASURE_CODED_STORAGE_SUPPORT (version = 3), software layout = ERASURE_CODED_STORAGE_SUPPORT (version = 3)
2022-05-04 03:14:48,112 [Listener at 127.0.0.1/33297] INFO  reflections.Reflections (Reflections.java:scan(232)) - Reflections took 111 ms to scan 7 urls, producing 126 keys and 289 values 
2022-05-04 03:14:48,114 [Listener at 127.0.0.1/33297] INFO  statemachine.DatanodeStateMachine (DatanodeStateMachine.java:getEndPointTaskThreadPoolSize(224)) - Datanode State Machine Task Thread Pool size 2
2022-05-04 03:14:48,131 [Listener at 127.0.0.1/33297] INFO  volume.HddsVolume (HddsVolume.java:<init>(120)) - Creating HddsVolume: /home/runner/work/ozone/ozone/hadoop-ozone/integration-test/target/test-dir/MiniOzoneClusterImpl-ffb4024d-fcb7-425a-91bb-293fa2ccb31b/datanode-3/data-0/containers/hdds of storage type : DISK capacity : 9223372036854775807
2022-05-04 03:14:48,131 [Listener at 127.0.0.1/33297] INFO  volume.MutableVolumeSet (MutableVolumeSet.java:initializeVolumeSet(168)) - Added Volume : /home/runner/work/ozone/ozone/hadoop-ozone/integration-test/target/test-dir/MiniOzoneClusterImpl-ffb4024d-fcb7-425a-91bb-293fa2ccb31b/datanode-3/data-0/containers/hdds to VolumeSet
2022-05-04 03:14:48,131 [Listener at 127.0.0.1/33297] INFO  volume.ThrottledAsyncChecker (ThrottledAsyncChecker.java:schedule(141)) - Scheduling a check for /home/runner/work/ozone/ozone/hadoop-ozone/integration-test/target/test-dir/MiniOzoneClusterImpl-ffb4024d-fcb7-425a-91bb-293fa2ccb31b/datanode-3/data-0/containers/hdds
2022-05-04 03:14:48,142 [Listener at 127.0.0.1/33297] INFO  volume.StorageVolumeChecker (StorageVolumeChecker.java:checkAllVolumes(202)) - Scheduled health check for volume /home/runner/work/ozone/ozone/hadoop-ozone/integration-test/target/test-dir/MiniOzoneClusterImpl-ffb4024d-fcb7-425a-91bb-293fa2ccb31b/datanode-3/data-0/containers/hdds
2022-05-04 03:14:48,179 [Listener at 127.0.0.1/33297] INFO  volume.MutableVolumeSet (MutableVolumeSet.java:initializeVolumeSet(168)) - Added Volume : /home/runner/work/ozone/ozone/hadoop-ozone/integration-test/target/test-dir/MiniOzoneClusterImpl-ffb4024d-fcb7-425a-91bb-293fa2ccb31b/datanode-3/data/ratis to VolumeSet
2022-05-04 03:14:48,180 [Listener at 127.0.0.1/33297] INFO  volume.ThrottledAsyncChecker (ThrottledAsyncChecker.java:schedule(141)) - Scheduling a check for /home/runner/work/ozone/ozone/hadoop-ozone/integration-test/target/test-dir/MiniOzoneClusterImpl-ffb4024d-fcb7-425a-91bb-293fa2ccb31b/datanode-3/data/ratis
2022-05-04 03:14:48,180 [Listener at 127.0.0.1/33297] INFO  volume.StorageVolumeChecker (StorageVolumeChecker.java:checkAllVolumes(202)) - Scheduled health check for volume /home/runner/work/ozone/ozone/hadoop-ozone/integration-test/target/test-dir/MiniOzoneClusterImpl-ffb4024d-fcb7-425a-91bb-293fa2ccb31b/datanode-3/data/ratis
2022-05-04 03:14:48,233 [Thread-1200] INFO  ozoneimpl.ContainerReader (ContainerReader.java:readVolume(172)) - Finish verifying containers on volume /home/runner/work/ozone/ozone/hadoop-ozone/integration-test/target/test-dir/MiniOzoneClusterImpl-ffb4024d-fcb7-425a-91bb-293fa2ccb31b/datanode-3/data-0/containers/hdds
2022-05-04 03:14:48,233 [Listener at 127.0.0.1/33297] INFO  ozoneimpl.OzoneContainer (OzoneContainer.java:buildContainerSet(257)) - Build ContainerSet costs 0s
2022-05-04 03:14:48,243 [Listener at 127.0.0.1/33297] INFO  server.RaftServer (ConfUtils.java:logGet(44)) - raft.rpc.type = GRPC (default)
2022-05-04 03:14:48,244 [Listener at 127.0.0.1/33297] INFO  grpc.GrpcFactory (GrpcFactory.java:checkPooledByteBufAllocatorUseCacheForAllThreads(48)) - PERFORMANCE WARNING: useCacheForAllThreads is true that may cause Netty to create a lot garbage objects and, as a result, trigger GC.
	It is recommended to disable useCacheForAllThreads by setting -Dorg.apache.ratis.thirdparty.io.netty.allocator.useCacheForAllThreads=false in command line.
2022-05-04 03:14:48,244 [Listener at 127.0.0.1/33297] INFO  grpc.GrpcConfigKeys (ConfUtils.java:logGet(44)) - raft.grpc.admin.port = 0 (custom)
2022-05-04 03:14:48,244 [Listener at 127.0.0.1/33297] INFO  grpc.GrpcConfigKeys (ConfUtils.java:logGet(44)) - raft.grpc.client.port = 0 (custom)
2022-05-04 03:14:48,244 [Listener at 127.0.0.1/33297] INFO  grpc.GrpcConfigKeys (ConfUtils.java:logGet(44)) - raft.grpc.server.port = 0 (default)
2022-05-04 03:14:48,244 [Listener at 127.0.0.1/33297] INFO  server.GrpcService (ConfUtils.java:logGet(44)) - raft.grpc.message.size.max = 32MB (=33554432) (custom)
2022-05-04 03:14:48,244 [Listener at 127.0.0.1/33297] INFO  server.RaftServerConfigKeys (ConfUtils.java:logGet(44)) - raft.server.log.appender.buffer.byte-limit = 33554432 (custom)
2022-05-04 03:14:48,245 [Listener at 127.0.0.1/33297] INFO  server.GrpcService (ConfUtils.java:logGet(44)) - raft.grpc.flow.control.window = 5MB (=5242880) (custom)
2022-05-04 03:14:48,245 [Listener at 127.0.0.1/33297] INFO  server.RaftServerConfigKeys (ConfUtils.java:logGet(44)) - raft.server.rpc.request.timeout = 60s (custom)
2022-05-04 03:14:48,252 [Listener at 127.0.0.1/33297] INFO  impl.DataStreamServerImpl (ConfUtils.java:logGet(44)) - raft.datastream.type = DISABLED (default)
2022-05-04 03:14:48,253 [Listener at 127.0.0.1/33297] INFO  server.RaftServerConfigKeys (ConfUtils.java:logGet(44)) - raft.server.rpc.slowness.timeout = 300s (custom)
2022-05-04 03:14:48,253 [Listener at 127.0.0.1/33297] INFO  server.RaftServerConfigKeys (ConfUtils.java:logGet(44)) - raft.server.leaderelection.leader.step-down.wait-time = 10s (default)
2022-05-04 03:14:48,253 [Listener at 127.0.0.1/33297] INFO  server.RaftServerConfigKeys (ConfUtils.java:logGet(44)) - raft.server.storage.dir = [/home/runner/work/ozone/ozone/hadoop-ozone/integration-test/target/test-dir/MiniOzoneClusterImpl-ffb4024d-fcb7-425a-91bb-293fa2ccb31b/datanode-3/data/ratis] (custom)
2022-05-04 03:14:48,254 [Listener at 127.0.0.1/33297] INFO  server.XceiverServerGrpc (XceiverServerGrpc.java:<init>(132)) - GrpcServer channel type EpollServerSocketChannel
2022-05-04 03:14:48,289 [Listener at 127.0.0.1/33297] INFO  http.BaseHttpServer (BaseHttpServer.java:newHttpServer2BuilderForOzone(209)) - Starting Web-server for hddsDatanode at: http://0.0.0.0:0
2022-05-04 03:14:48,289 [Listener at 127.0.0.1/33297] INFO  http.BaseHttpServer (BaseHttpServer.java:<init>(107)) - Hadoop Security Enabled: false Ozone Security Enabled: false Ozone HTTP Security Enabled: false 
2022-05-04 03:14:48,305 [Listener at 127.0.0.1/33297] INFO  server.AuthenticationFilter (AuthenticationFilter.java:constructSecretProvider(240)) - Unable to initialize FileSignerSecretProvider, falling back to use random secrets.
2022-05-04 03:14:48,306 [Listener at 127.0.0.1/33297] WARN  http.HttpRequestLog (HttpRequestLog.java:getRequestLog(103)) - Jetty request log can only be enabled using Log4j
2022-05-04 03:14:48,307 [Listener at 127.0.0.1/33297] INFO  http.HttpServer2 (HttpServer2.java:addGlobalFilter(1030)) - Added global filter 'safety' (class=org.apache.hadoop.hdds.server.http.HttpServer2$QuotingInputFilter)
2022-05-04 03:14:48,308 [Listener at 127.0.0.1/33297] INFO  http.HttpServer2 (HttpServer2.java:addFilter(1006)) - Added filter static_user_filter (class=org.apache.hadoop.http.lib.StaticUserWebFilter$StaticUserFilter) to context hddsDatanode
2022-05-04 03:14:48,308 [Listener at 127.0.0.1/33297] INFO  http.HttpServer2 (HttpServer2.java:addFilter(1014)) - Added filter static_user_filter (class=org.apache.hadoop.http.lib.StaticUserWebFilter$StaticUserFilter) to context logs
2022-05-04 03:14:48,308 [Listener at 127.0.0.1/33297] INFO  http.HttpServer2 (HttpServer2.java:addFilter(1014)) - Added filter static_user_filter (class=org.apache.hadoop.http.lib.StaticUserWebFilter$StaticUserFilter) to context static
2022-05-04 03:14:48,308 [Listener at 127.0.0.1/33297] INFO  http.HttpServer2 (HttpServer2.java:bindListener(1249)) - Jetty bound to port 42685
2022-05-04 03:14:48,308 [Listener at 127.0.0.1/33297] INFO  server.Server (Server.java:doStart(375)) - jetty-9.4.43.v20210629; built: 2021-06-30T11:07:22.254Z; git: 526006ecfa3af7f1a27ef3a288e2bef7ea9dd7e8; jvm 1.8.0_322-b06
2022-05-04 03:14:48,363 [Listener at 127.0.0.1/33297] INFO  server.session (DefaultSessionIdManager.java:doStart(334)) - DefaultSessionIdManager workerName=node0
2022-05-04 03:14:48,363 [Listener at 127.0.0.1/33297] INFO  server.session (DefaultSessionIdManager.java:doStart(339)) - No SessionScavenger set, using defaults
2022-05-04 03:14:48,368 [Listener at 127.0.0.1/33297] INFO  server.session (HouseKeeper.java:startScavenging(132)) - node0 Scavenging every 600000ms
2022-05-04 03:14:48,370 [Listener at 127.0.0.1/33297] INFO  handler.ContextHandler (ContextHandler.java:doStart(915)) - Started o.e.j.s.ServletContextHandler@63c51a61{logs,/logs,file:///home/runner/work/ozone/ozone/hadoop-ozone/integration-test/target/log,AVAILABLE}
2022-05-04 03:14:48,370 [Listener at 127.0.0.1/33297] INFO  handler.ContextHandler (ContextHandler.java:doStart(915)) - Started o.e.j.s.ServletContextHandler@6ec2e728{static,/static,jar:file:/home/runner/.m2/repository/org/apache/ozone/hdds-container-service/1.3.0-SNAPSHOT/hdds-container-service-1.3.0-SNAPSHOT.jar!/webapps/static,AVAILABLE}
2022-05-04 03:14:48,414 [EndpointStateMachine task thread for /0.0.0.0:42071 - 0 ] INFO  ozoneimpl.OzoneContainer (OzoneContainer.java:start(335)) - Attempting to start container services.
2022-05-04 03:14:48,414 [EndpointStateMachine task thread for /0.0.0.0:42071 - 0 ] INFO  ozoneimpl.OzoneContainer (OzoneContainer.java:startContainerScrub(270)) - Background container scanner has been disabled.
2022-05-04 03:14:48,427 [EndpointStateMachine task thread for /0.0.0.0:42071 - 0 ] INFO  replication.ReplicationServer (ReplicationServer.java:start(111)) - ReplicationServer is started using port 36471
2022-05-04 03:14:48,441 [EndpointStateMachine task thread for /0.0.0.0:42071 - 0 ] INFO  ratis.XceiverServerRatis (XceiverServerRatis.java:start(481)) - Starting XceiverServerRatis b8405861-e810-457b-9581-dead971c3a14
2022-05-04 03:14:48,477 [EndpointStateMachine task thread for /0.0.0.0:42071 - 0 ] INFO  server.RaftServer (RaftServerProxy.java:lambda$start$5(374)) - b8405861-e810-457b-9581-dead971c3a14: start RPC server
2022-05-04 03:14:48,482 [EndpointStateMachine task thread for /0.0.0.0:42071 - 0 ] INFO  server.GrpcService (GrpcService.java:startImpl(253)) - b8405861-e810-457b-9581-dead971c3a14: GrpcService started, listening on 40547
2022-05-04 03:14:48,492 [EndpointStateMachine task thread for /0.0.0.0:42071 - 0 ] INFO  ratis.XceiverServerRatis (XceiverServerRatis.java:getRealPort(502)) - XceiverServerRatis b8405861-e810-457b-9581-dead971c3a14 is started using port 40547 for RATIS
2022-05-04 03:14:48,492 [EndpointStateMachine task thread for /0.0.0.0:42071 - 0 ] INFO  ratis.XceiverServerRatis (XceiverServerRatis.java:getRealPort(502)) - XceiverServerRatis b8405861-e810-457b-9581-dead971c3a14 is started using port 40547 for RATIS_ADMIN
2022-05-04 03:14:48,492 [EndpointStateMachine task thread for /0.0.0.0:42071 - 0 ] INFO  ratis.XceiverServerRatis (XceiverServerRatis.java:getRealPort(502)) - XceiverServerRatis b8405861-e810-457b-9581-dead971c3a14 is started using port 40547 for RATIS_SERVER
2022-05-04 03:14:48,493 [org.apache.ratis.util.JvmPauseMonitor$$Lambda$565/1325392746@204166ae] INFO  util.JvmPauseMonitor (JvmPauseMonitor.java:run(103)) - JvmPauseMonitor-b8405861-e810-457b-9581-dead971c3a14: Started
2022-05-04 03:14:48,508 [EndpointStateMachine task thread for /0.0.0.0:42071 - 0 ] INFO  server.XceiverServerGrpc (XceiverServerGrpc.java:start(180)) - XceiverServerGrpc b8405861-e810-457b-9581-dead971c3a14 is started using port 39927
2022-05-04 03:14:48,826 [Listener at 127.0.0.1/33297] INFO  handler.ContextHandler (ContextHandler.java:doStart(915)) - Started o.e.j.w.WebAppContext@6ab2bfa{hddsDatanode,/,file:///tmp/jetty-0_0_0_0-42685-hdds-container-service-1_3_0-SNAPSHOT_jar-_-any-1670030746502734185/webapp/,AVAILABLE}{jar:file:/home/runner/.m2/repository/org/apache/ozone/hdds-container-service/1.3.0-SNAPSHOT/hdds-container-service-1.3.0-SNAPSHOT.jar!/webapps/hddsDatanode}
2022-05-04 03:14:48,832 [Listener at 127.0.0.1/33297] INFO  server.AbstractConnector (AbstractConnector.java:doStart(331)) - Started ServerConnector@6d65e098{HTTP/1.1, (http/1.1)}{0.0.0.0:42685}
2022-05-04 03:14:48,832 [Listener at 127.0.0.1/33297] INFO  server.Server (Server.java:doStart(415)) - Started @165073ms
2022-05-04 03:14:48,832 [Listener at 127.0.0.1/33297] WARN  impl.MetricsSystemImpl (MetricsSystemImpl.java:register(279)) - Sink prometheus already exists!
2022-05-04 03:14:48,833 [Listener at 127.0.0.1/33297] INFO  http.BaseHttpServer (BaseHttpServer.java:updateConnectorAddress(329)) - HTTP server of hddsDatanode listening at http://0.0.0.0:42685
2022-05-04 03:14:48,834 [Listener at 127.0.0.1/33297] INFO  impl.MetricsSystemImpl (MetricsSystemImpl.java:init(158)) - HddsDatanode metrics system started (again)
2022-05-04 03:14:48,846 [Datanode State Machine Daemon Thread] INFO  statemachine.DatanodeStateMachine (DatanodeStateMachine.java:lambda$startDaemon$0(472)) - Ozone container server started.
2022-05-04 03:14:48,862 [org.apache.hadoop.util.JvmPauseMonitor$Monitor@1e048272] INFO  util.JvmPauseMonitor (JvmPauseMonitor.java:run(188)) - Starting JVM pause monitor
2022-05-04 03:14:48,866 [Datanode State Machine Task Thread - 0] INFO  datanode.InitDatanodeState (InitDatanodeState.java:persistContainerDatanodeDetails(138)) - DatanodeDetails is persisted to /home/runner/work/ozone/ozone/hadoop-ozone/integration-test/target/test-dir/MiniOzoneClusterImpl-ffb4024d-fcb7-425a-91bb-293fa2ccb31b/datanode-3/meta/datanode.id
2022-05-04 03:14:48,870 [Listener at 127.0.0.1/33297] INFO  ozone.HddsDatanodeService (HddsDatanodeService.java:start(233)) - HddsDatanodeService host:fv-az270-73.tacnzluakwdehk1hpragurqkma.bx.internal.cloudapp.net ip:10.1.0.22
2022-05-04 03:14:48,924 [Listener at 127.0.0.1/33297] INFO  upgrade.AbstractLayoutVersionManager (AbstractLayoutVersionManager.java:init(79)) - Initializing Layout version manager with metadata layout = ERASURE_CODED_STORAGE_SUPPORT (version = 3), software layout = ERASURE_CODED_STORAGE_SUPPORT (version = 3)
2022-05-04 03:14:49,007 [Listener at 127.0.0.1/33297] INFO  reflections.Reflections (Reflections.java:scan(232)) - Reflections took 82 ms to scan 7 urls, producing 126 keys and 289 values 
2022-05-04 03:14:49,009 [Listener at 127.0.0.1/33297] INFO  statemachine.DatanodeStateMachine (DatanodeStateMachine.java:getEndPointTaskThreadPoolSize(224)) - Datanode State Machine Task Thread Pool size 2
2022-05-04 03:14:49,017 [Listener at 127.0.0.1/33297] INFO  volume.HddsVolume (HddsVolume.java:<init>(120)) - Creating HddsVolume: /home/runner/work/ozone/ozone/hadoop-ozone/integration-test/target/test-dir/MiniOzoneClusterImpl-ffb4024d-fcb7-425a-91bb-293fa2ccb31b/datanode-4/data-0/containers/hdds of storage type : DISK capacity : 9223372036854775807
2022-05-04 03:14:49,017 [Listener at 127.0.0.1/33297] INFO  volume.MutableVolumeSet (MutableVolumeSet.java:initializeVolumeSet(168)) - Added Volume : /home/runner/work/ozone/ozone/hadoop-ozone/integration-test/target/test-dir/MiniOzoneClusterImpl-ffb4024d-fcb7-425a-91bb-293fa2ccb31b/datanode-4/data-0/containers/hdds to VolumeSet
2022-05-04 03:14:49,017 [Listener at 127.0.0.1/33297] INFO  volume.ThrottledAsyncChecker (ThrottledAsyncChecker.java:schedule(141)) - Scheduling a check for /home/runner/work/ozone/ozone/hadoop-ozone/integration-test/target/test-dir/MiniOzoneClusterImpl-ffb4024d-fcb7-425a-91bb-293fa2ccb31b/datanode-4/data-0/containers/hdds
2022-05-04 03:14:49,027 [Listener at 127.0.0.1/33297] INFO  volume.StorageVolumeChecker (StorageVolumeChecker.java:checkAllVolumes(202)) - Scheduled health check for volume /home/runner/work/ozone/ozone/hadoop-ozone/integration-test/target/test-dir/MiniOzoneClusterImpl-ffb4024d-fcb7-425a-91bb-293fa2ccb31b/datanode-4/data-0/containers/hdds
2022-05-04 03:14:49,038 [Listener at 127.0.0.1/33297] INFO  volume.MutableVolumeSet (MutableVolumeSet.java:initializeVolumeSet(168)) - Added Volume : /home/runner/work/ozone/ozone/hadoop-ozone/integration-test/target/test-dir/MiniOzoneClusterImpl-ffb4024d-fcb7-425a-91bb-293fa2ccb31b/datanode-4/data/ratis to VolumeSet
2022-05-04 03:14:49,050 [Listener at 127.0.0.1/33297] INFO  volume.ThrottledAsyncChecker (ThrottledAsyncChecker.java:schedule(141)) - Scheduling a check for /home/runner/work/ozone/ozone/hadoop-ozone/integration-test/target/test-dir/MiniOzoneClusterImpl-ffb4024d-fcb7-425a-91bb-293fa2ccb31b/datanode-4/data/ratis
2022-05-04 03:14:49,050 [Listener at 127.0.0.1/33297] INFO  volume.StorageVolumeChecker (StorageVolumeChecker.java:checkAllVolumes(202)) - Scheduled health check for volume /home/runner/work/ozone/ozone/hadoop-ozone/integration-test/target/test-dir/MiniOzoneClusterImpl-ffb4024d-fcb7-425a-91bb-293fa2ccb31b/datanode-4/data/ratis
2022-05-04 03:14:49,062 [Thread-1216] INFO  ozoneimpl.ContainerReader (ContainerReader.java:readVolume(172)) - Finish verifying containers on volume /home/runner/work/ozone/ozone/hadoop-ozone/integration-test/target/test-dir/MiniOzoneClusterImpl-ffb4024d-fcb7-425a-91bb-293fa2ccb31b/datanode-4/data-0/containers/hdds
2022-05-04 03:14:49,063 [Listener at 127.0.0.1/33297] INFO  ozoneimpl.OzoneContainer (OzoneContainer.java:buildContainerSet(257)) - Build ContainerSet costs 0s
2022-05-04 03:14:49,064 [Listener at 127.0.0.1/33297] INFO  server.RaftServer (ConfUtils.java:logGet(44)) - raft.rpc.type = GRPC (default)
2022-05-04 03:14:49,065 [Listener at 127.0.0.1/33297] INFO  grpc.GrpcFactory (GrpcFactory.java:checkPooledByteBufAllocatorUseCacheForAllThreads(48)) - PERFORMANCE WARNING: useCacheForAllThreads is true that may cause Netty to create a lot garbage objects and, as a result, trigger GC.
	It is recommended to disable useCacheForAllThreads by setting -Dorg.apache.ratis.thirdparty.io.netty.allocator.useCacheForAllThreads=false in command line.
2022-05-04 03:14:49,065 [Listener at 127.0.0.1/33297] INFO  grpc.GrpcConfigKeys (ConfUtils.java:logGet(44)) - raft.grpc.admin.port = 0 (custom)
2022-05-04 03:14:49,065 [Listener at 127.0.0.1/33297] INFO  grpc.GrpcConfigKeys (ConfUtils.java:logGet(44)) - raft.grpc.client.port = 0 (custom)
2022-05-04 03:14:49,065 [Listener at 127.0.0.1/33297] INFO  grpc.GrpcConfigKeys (ConfUtils.java:logGet(44)) - raft.grpc.server.port = 0 (default)
2022-05-04 03:14:49,066 [Listener at 127.0.0.1/33297] INFO  server.GrpcService (ConfUtils.java:logGet(44)) - raft.grpc.message.size.max = 32MB (=33554432) (custom)
2022-05-04 03:14:49,066 [Listener at 127.0.0.1/33297] INFO  server.RaftServerConfigKeys (ConfUtils.java:logGet(44)) - raft.server.log.appender.buffer.byte-limit = 33554432 (custom)
2022-05-04 03:14:49,066 [Listener at 127.0.0.1/33297] INFO  server.GrpcService (ConfUtils.java:logGet(44)) - raft.grpc.flow.control.window = 5MB (=5242880) (custom)
2022-05-04 03:14:49,066 [Listener at 127.0.0.1/33297] INFO  server.RaftServerConfigKeys (ConfUtils.java:logGet(44)) - raft.server.rpc.request.timeout = 60s (custom)
2022-05-04 03:14:49,071 [Listener at 127.0.0.1/33297] INFO  impl.DataStreamServerImpl (ConfUtils.java:logGet(44)) - raft.datastream.type = DISABLED (default)
2022-05-04 03:14:49,071 [Listener at 127.0.0.1/33297] INFO  server.RaftServerConfigKeys (ConfUtils.java:logGet(44)) - raft.server.rpc.slowness.timeout = 300s (custom)
2022-05-04 03:14:49,071 [Listener at 127.0.0.1/33297] INFO  server.RaftServerConfigKeys (ConfUtils.java:logGet(44)) - raft.server.leaderelection.leader.step-down.wait-time = 10s (default)
2022-05-04 03:14:49,071 [Listener at 127.0.0.1/33297] INFO  server.RaftServerConfigKeys (ConfUtils.java:logGet(44)) - raft.server.storage.dir = [/home/runner/work/ozone/ozone/hadoop-ozone/integration-test/target/test-dir/MiniOzoneClusterImpl-ffb4024d-fcb7-425a-91bb-293fa2ccb31b/datanode-4/data/ratis] (custom)
2022-05-04 03:14:49,074 [Listener at 127.0.0.1/33297] INFO  server.XceiverServerGrpc (XceiverServerGrpc.java:<init>(132)) - GrpcServer channel type EpollServerSocketChannel
2022-05-04 03:14:49,081 [Listener at 127.0.0.1/33297] INFO  http.BaseHttpServer (BaseHttpServer.java:newHttpServer2BuilderForOzone(209)) - Starting Web-server for hddsDatanode at: http://0.0.0.0:0
2022-05-04 03:14:49,081 [Listener at 127.0.0.1/33297] INFO  http.BaseHttpServer (BaseHttpServer.java:<init>(107)) - Hadoop Security Enabled: false Ozone Security Enabled: false Ozone HTTP Security Enabled: false 
2022-05-04 03:14:49,082 [Listener at 127.0.0.1/33297] INFO  server.AuthenticationFilter (AuthenticationFilter.java:constructSecretProvider(240)) - Unable to initialize FileSignerSecretProvider, falling back to use random secrets.
2022-05-04 03:14:49,088 [Listener at 127.0.0.1/33297] WARN  http.HttpRequestLog (HttpRequestLog.java:getRequestLog(103)) - Jetty request log can only be enabled using Log4j
2022-05-04 03:14:49,089 [Listener at 127.0.0.1/33297] INFO  http.HttpServer2 (HttpServer2.java:addGlobalFilter(1030)) - Added global filter 'safety' (class=org.apache.hadoop.hdds.server.http.HttpServer2$QuotingInputFilter)
2022-05-04 03:14:49,089 [Listener at 127.0.0.1/33297] INFO  http.HttpServer2 (HttpServer2.java:addFilter(1006)) - Added filter static_user_filter (class=org.apache.hadoop.http.lib.StaticUserWebFilter$StaticUserFilter) to context hddsDatanode
2022-05-04 03:14:49,089 [Listener at 127.0.0.1/33297] INFO  http.HttpServer2 (HttpServer2.java:addFilter(1014)) - Added filter static_user_filter (class=org.apache.hadoop.http.lib.StaticUserWebFilter$StaticUserFilter) to context static
2022-05-04 03:14:49,089 [Listener at 127.0.0.1/33297] INFO  http.HttpServer2 (HttpServer2.java:addFilter(1014)) - Added filter static_user_filter (class=org.apache.hadoop.http.lib.StaticUserWebFilter$StaticUserFilter) to context logs
2022-05-04 03:14:49,090 [Listener at 127.0.0.1/33297] INFO  http.HttpServer2 (HttpServer2.java:bindListener(1249)) - Jetty bound to port 34127
2022-05-04 03:14:49,093 [Listener at 127.0.0.1/33297] INFO  server.Server (Server.java:doStart(375)) - jetty-9.4.43.v20210629; built: 2021-06-30T11:07:22.254Z; git: 526006ecfa3af7f1a27ef3a288e2bef7ea9dd7e8; jvm 1.8.0_322-b06
2022-05-04 03:14:49,172 [Listener at 127.0.0.1/33297] INFO  server.session (DefaultSessionIdManager.java:doStart(334)) - DefaultSessionIdManager workerName=node0
2022-05-04 03:14:49,172 [Listener at 127.0.0.1/33297] INFO  server.session (DefaultSessionIdManager.java:doStart(339)) - No SessionScavenger set, using defaults
2022-05-04 03:14:49,173 [Listener at 127.0.0.1/33297] INFO  server.session (HouseKeeper.java:startScavenging(132)) - node0 Scavenging every 660000ms
2022-05-04 03:14:49,175 [Listener at 127.0.0.1/33297] INFO  handler.ContextHandler (ContextHandler.java:doStart(915)) - Started o.e.j.s.ServletContextHandler@73cacff3{logs,/logs,file:///home/runner/work/ozone/ozone/hadoop-ozone/integration-test/target/log,AVAILABLE}
2022-05-04 03:14:49,175 [Listener at 127.0.0.1/33297] INFO  handler.ContextHandler (ContextHandler.java:doStart(915)) - Started o.e.j.s.ServletContextHandler@4cc394c0{static,/static,jar:file:/home/runner/.m2/repository/org/apache/ozone/hdds-container-service/1.3.0-SNAPSHOT/hdds-container-service-1.3.0-SNAPSHOT.jar!/webapps/static,AVAILABLE}
2022-05-04 03:14:49,287 [EndpointStateMachine task thread for /0.0.0.0:42071 - 0 ] INFO  ozoneimpl.OzoneContainer (OzoneContainer.java:start(335)) - Attempting to start container services.
2022-05-04 03:14:49,288 [EndpointStateMachine task thread for /0.0.0.0:42071 - 0 ] INFO  ozoneimpl.OzoneContainer (OzoneContainer.java:startContainerScrub(270)) - Background container scanner has been disabled.
2022-05-04 03:14:49,310 [EndpointStateMachine task thread for /0.0.0.0:42071 - 0 ] INFO  replication.ReplicationServer (ReplicationServer.java:start(111)) - ReplicationServer is started using port 43917
2022-05-04 03:14:49,315 [EndpointStateMachine task thread for /0.0.0.0:42071 - 0 ] INFO  ratis.XceiverServerRatis (XceiverServerRatis.java:start(481)) - Starting XceiverServerRatis 94eff94b-5675-4cb0-a39c-290792b903c4
2022-05-04 03:14:49,322 [EndpointStateMachine task thread for /0.0.0.0:42071 - 0 ] INFO  server.RaftServer (RaftServerProxy.java:lambda$start$5(374)) - 94eff94b-5675-4cb0-a39c-290792b903c4: start RPC server
2022-05-04 03:14:49,338 [EndpointStateMachine task thread for /0.0.0.0:42071 - 0 ] INFO  server.GrpcService (GrpcService.java:startImpl(253)) - 94eff94b-5675-4cb0-a39c-290792b903c4: GrpcService started, listening on 35275
2022-05-04 03:14:49,357 [EndpointStateMachine task thread for /0.0.0.0:42071 - 0 ] INFO  ratis.XceiverServerRatis (XceiverServerRatis.java:getRealPort(502)) - XceiverServerRatis 94eff94b-5675-4cb0-a39c-290792b903c4 is started using port 35275 for RATIS
2022-05-04 03:14:49,358 [EndpointStateMachine task thread for /0.0.0.0:42071 - 0 ] INFO  ratis.XceiverServerRatis (XceiverServerRatis.java:getRealPort(502)) - XceiverServerRatis 94eff94b-5675-4cb0-a39c-290792b903c4 is started using port 35275 for RATIS_ADMIN
2022-05-04 03:14:49,358 [EndpointStateMachine task thread for /0.0.0.0:42071 - 0 ] INFO  ratis.XceiverServerRatis (XceiverServerRatis.java:getRealPort(502)) - XceiverServerRatis 94eff94b-5675-4cb0-a39c-290792b903c4 is started using port 35275 for RATIS_SERVER
2022-05-04 03:14:49,358 [org.apache.ratis.util.JvmPauseMonitor$$Lambda$565/1325392746@32670119] INFO  util.JvmPauseMonitor (JvmPauseMonitor.java:run(103)) - JvmPauseMonitor-94eff94b-5675-4cb0-a39c-290792b903c4: Started
2022-05-04 03:14:49,363 [EndpointStateMachine task thread for /0.0.0.0:42071 - 0 ] INFO  server.XceiverServerGrpc (XceiverServerGrpc.java:start(180)) - XceiverServerGrpc 94eff94b-5675-4cb0-a39c-290792b903c4 is started using port 40937
2022-05-04 03:14:49,783 [Listener at 127.0.0.1/33297] INFO  handler.ContextHandler (ContextHandler.java:doStart(915)) - Started o.e.j.w.WebAppContext@7e0d4ba1{hddsDatanode,/,file:///tmp/jetty-0_0_0_0-34127-hdds-container-service-1_3_0-SNAPSHOT_jar-_-any-7676362588855802018/webapp/,AVAILABLE}{jar:file:/home/runner/.m2/repository/org/apache/ozone/hdds-container-service/1.3.0-SNAPSHOT/hdds-container-service-1.3.0-SNAPSHOT.jar!/webapps/hddsDatanode}
2022-05-04 03:14:49,795 [Listener at 127.0.0.1/33297] INFO  server.AbstractConnector (AbstractConnector.java:doStart(331)) - Started ServerConnector@af644de{HTTP/1.1, (http/1.1)}{0.0.0.0:34127}
2022-05-04 03:14:49,795 [Listener at 127.0.0.1/33297] INFO  server.Server (Server.java:doStart(415)) - Started @166035ms
2022-05-04 03:14:49,795 [Listener at 127.0.0.1/33297] WARN  impl.MetricsSystemImpl (MetricsSystemImpl.java:register(279)) - Sink prometheus already exists!
2022-05-04 03:14:49,797 [Listener at 127.0.0.1/33297] INFO  http.BaseHttpServer (BaseHttpServer.java:updateConnectorAddress(329)) - HTTP server of hddsDatanode listening at http://0.0.0.0:34127
2022-05-04 03:14:49,798 [Listener at 127.0.0.1/33297] INFO  ozone.MiniOzoneClusterImpl (MiniOzoneClusterImpl.java:lambda$waitForClusterToBeReady$0(221)) - Waiting for nodes to be ready. Got 0 of 5 DN Heartbeats.
2022-05-04 03:14:49,798 [Listener at 127.0.0.1/33297] INFO  ozone.MiniOzoneClusterImpl (MiniOzoneClusterImpl.java:lambda$waitForClusterToBeReady$0(224)) - Waiting for cluster to exit safe mode
2022-05-04 03:14:49,798 [Listener at 127.0.0.1/33297] INFO  ozone.MiniOzoneClusterImpl (MiniOzoneClusterImpl.java:lambda$waitForClusterToBeReady$0(226)) - SCM became leader
2022-05-04 03:14:49,810 [Datanode State Machine Daemon Thread] INFO  statemachine.DatanodeStateMachine (DatanodeStateMachine.java:lambda$startDaemon$0(472)) - Ozone container server started.
2022-05-04 03:14:49,879 [org.apache.hadoop.util.JvmPauseMonitor$Monitor@36f781ee] INFO  util.JvmPauseMonitor (JvmPauseMonitor.java:run(188)) - Starting JVM pause monitor
2022-05-04 03:14:49,904 [Datanode State Machine Task Thread - 0] INFO  datanode.InitDatanodeState (InitDatanodeState.java:persistContainerDatanodeDetails(138)) - DatanodeDetails is persisted to /home/runner/work/ozone/ozone/hadoop-ozone/integration-test/target/test-dir/MiniOzoneClusterImpl-ffb4024d-fcb7-425a-91bb-293fa2ccb31b/datanode-4/meta/datanode.id
2022-05-04 03:14:49,934 [EndpointStateMachine task thread for /0.0.0.0:42071 - 0 ] INFO  ozoneimpl.OzoneContainer (OzoneContainer.java:start(335)) - Attempting to start container services.
2022-05-04 03:14:49,934 [EndpointStateMachine task thread for /0.0.0.0:42071 - 0 ] INFO  ozoneimpl.OzoneContainer (OzoneContainer.java:startContainerScrub(270)) - Background container scanner has been disabled.
2022-05-04 03:14:49,935 [EndpointStateMachine task thread for /0.0.0.0:42071 - 0 ] INFO  replication.ReplicationServer (ReplicationServer.java:start(111)) - ReplicationServer is started using port 32977
2022-05-04 03:14:49,943 [EndpointStateMachine task thread for /0.0.0.0:42071 - 0 ] INFO  ratis.XceiverServerRatis (XceiverServerRatis.java:start(481)) - Starting XceiverServerRatis 47ce570f-7478-41dc-b1ba-c530780a94a3
2022-05-04 03:14:49,944 [EndpointStateMachine task thread for /0.0.0.0:42071 - 0 ] INFO  server.RaftServer (RaftServerProxy.java:lambda$start$5(374)) - 47ce570f-7478-41dc-b1ba-c530780a94a3: start RPC server
2022-05-04 03:14:49,945 [EndpointStateMachine task thread for /0.0.0.0:42071 - 0 ] INFO  server.GrpcService (GrpcService.java:startImpl(253)) - 47ce570f-7478-41dc-b1ba-c530780a94a3: GrpcService started, listening on 40881
2022-05-04 03:14:49,945 [EndpointStateMachine task thread for /0.0.0.0:42071 - 0 ] INFO  ratis.XceiverServerRatis (XceiverServerRatis.java:getRealPort(502)) - XceiverServerRatis 47ce570f-7478-41dc-b1ba-c530780a94a3 is started using port 40881 for RATIS
2022-05-04 03:14:49,945 [EndpointStateMachine task thread for /0.0.0.0:42071 - 0 ] INFO  ratis.XceiverServerRatis (XceiverServerRatis.java:getRealPort(502)) - XceiverServerRatis 47ce570f-7478-41dc-b1ba-c530780a94a3 is started using port 40881 for RATIS_ADMIN
2022-05-04 03:14:49,945 [EndpointStateMachine task thread for /0.0.0.0:42071 - 0 ] INFO  ratis.XceiverServerRatis (XceiverServerRatis.java:getRealPort(502)) - XceiverServerRatis 47ce570f-7478-41dc-b1ba-c530780a94a3 is started using port 40881 for RATIS_SERVER
2022-05-04 03:14:49,946 [org.apache.ratis.util.JvmPauseMonitor$$Lambda$565/1325392746@5ba35559] INFO  util.JvmPauseMonitor (JvmPauseMonitor.java:run(103)) - JvmPauseMonitor-47ce570f-7478-41dc-b1ba-c530780a94a3: Started
2022-05-04 03:14:49,946 [EndpointStateMachine task thread for /0.0.0.0:42071 - 0 ] INFO  server.XceiverServerGrpc (XceiverServerGrpc.java:start(180)) - XceiverServerGrpc 47ce570f-7478-41dc-b1ba-c530780a94a3 is started using port 37411
2022-05-04 03:14:50,281 [IPC Server handler 18 on default port 42071] INFO  net.NetworkTopologyImpl (NetworkTopologyImpl.java:add(112)) - Added a new node: /default-rack/b8405861-e810-457b-9581-dead971c3a14
2022-05-04 03:14:50,281 [IPC Server handler 18 on default port 42071] INFO  node.SCMNodeManager (SCMNodeManager.java:register(393)) - Registered Data node : b8405861-e810-457b-9581-dead971c3a14{ip: 10.1.0.22, host: fv-az270-73.tacnzluakwdehk1hpragurqkma.bx.internal.cloudapp.net, ports: [REPLICATION=36471, RATIS=40547, RATIS_ADMIN=40547, RATIS_SERVER=40547, STANDALONE=39927], networkLocation: /default-rack, certSerialId: null, persistedOpState: null, persistedOpStateExpiryEpochSec: 0}
2022-05-04 03:14:50,298 [EventQueue-NodeRegistrationContainerReportForDataNodeSafeModeRule] INFO  safemode.SCMSafeModeManager (DataNodeSafeModeRule.java:process(71)) - SCM in safe mode. 1 DataNodes registered, 3 required.
2022-05-04 03:14:50,304 [EventQueue-NodeRegistrationContainerReportForContainerSafeModeRule] INFO  safemode.SCMSafeModeManager (SCMSafeModeManager.java:validateSafeModeExitRules(204)) - ContainerSafeModeRule rule is successfully validated
2022-05-04 03:14:50,328 [EventQueue-NewNodeForNewNodeHandler] INFO  pipeline.BackgroundPipelineCreator (BackgroundPipelineCreator.java:notifyEventTriggered(270)) - trigger a one-shot run on RatisPipelineUtilsThread.
2022-05-04 03:14:50,329 [EventQueue-PipelineReportForOneReplicaPipelineSafeModeRule] INFO  safemode.SCMSafeModeManager (SCMSafeModeManager.java:validateSafeModeExitRules(204)) - AtleastOneDatanodeReportedRule rule is successfully validated
2022-05-04 03:14:50,334 [RatisPipelineUtilsThread - 0] INFO  pipeline.RatisPipelineProvider (RatisPipelineProvider.java:lambda$create$0(195)) - Sending CreatePipelineCommand for pipeline:PipelineID=02006357-289e-4ad8-9565-9807a9729e76 to datanode:b8405861-e810-457b-9581-dead971c3a14
2022-05-04 03:14:50,335 [RatisPipelineUtilsThread - 0] INFO  pipeline.PipelineStateManagerImpl (PipelineStateManagerImpl.java:addPipeline(101)) - Created pipeline Pipeline[ Id: 02006357-289e-4ad8-9565-9807a9729e76, Nodes: b8405861-e810-457b-9581-dead971c3a14{ip: 10.1.0.22, host: fv-az270-73.tacnzluakwdehk1hpragurqkma.bx.internal.cloudapp.net, ports: [REPLICATION=36471, RATIS=40547, RATIS_ADMIN=40547, RATIS_SERVER=40547, STANDALONE=39927], networkLocation: /default-rack, certSerialId: null, persistedOpState: IN_SERVICE, persistedOpStateExpiryEpochSec: 0}, ReplicationConfig: RATIS/ONE, State:ALLOCATED, leaderId:, CreationTimestamp2022-05-04T03:14:50.334Z[Etc/UTC]].
2022-05-04 03:14:50,802 [Listener at 127.0.0.1/33297] INFO  ozone.MiniOzoneClusterImpl (MiniOzoneClusterImpl.java:lambda$waitForClusterToBeReady$0(221)) - Waiting for nodes to be ready. Got 1 of 5 DN Heartbeats.
2022-05-04 03:14:50,803 [Listener at 127.0.0.1/33297] INFO  ozone.MiniOzoneClusterImpl (MiniOzoneClusterImpl.java:lambda$waitForClusterToBeReady$0(224)) - Waiting for cluster to exit safe mode
2022-05-04 03:14:50,803 [Listener at 127.0.0.1/33297] INFO  ozone.MiniOzoneClusterImpl (MiniOzoneClusterImpl.java:lambda$waitForClusterToBeReady$0(226)) - SCM became leader
2022-05-04 03:14:50,868 [EndpointStateMachine task thread for /0.0.0.0:42071 - 0 ] INFO  ozoneimpl.OzoneContainer (OzoneContainer.java:start(335)) - Attempting to start container services.
2022-05-04 03:14:50,868 [EndpointStateMachine task thread for /0.0.0.0:42071 - 0 ] INFO  ozoneimpl.OzoneContainer (OzoneContainer.java:startContainerScrub(270)) - Background container scanner has been disabled.
2022-05-04 03:14:50,869 [EndpointStateMachine task thread for /0.0.0.0:42071 - 0 ] INFO  replication.ReplicationServer (ReplicationServer.java:start(111)) - ReplicationServer is started using port 41273
2022-05-04 03:14:50,883 [EndpointStateMachine task thread for /0.0.0.0:42071 - 0 ] INFO  ratis.XceiverServerRatis (XceiverServerRatis.java:start(481)) - Starting XceiverServerRatis d1c741a3-95ba-43ba-a813-64349d05dc91
2022-05-04 03:14:50,883 [EndpointStateMachine task thread for /0.0.0.0:42071 - 0 ] INFO  server.RaftServer (RaftServerProxy.java:lambda$start$5(374)) - d1c741a3-95ba-43ba-a813-64349d05dc91: start RPC server
2022-05-04 03:14:50,884 [EndpointStateMachine task thread for /0.0.0.0:42071 - 0 ] INFO  server.GrpcService (GrpcService.java:startImpl(253)) - d1c741a3-95ba-43ba-a813-64349d05dc91: GrpcService started, listening on 42905
2022-05-04 03:14:50,884 [EndpointStateMachine task thread for /0.0.0.0:42071 - 0 ] INFO  ratis.XceiverServerRatis (XceiverServerRatis.java:getRealPort(502)) - XceiverServerRatis d1c741a3-95ba-43ba-a813-64349d05dc91 is started using port 42905 for RATIS
2022-05-04 03:14:50,884 [EndpointStateMachine task thread for /0.0.0.0:42071 - 0 ] INFO  ratis.XceiverServerRatis (XceiverServerRatis.java:getRealPort(502)) - XceiverServerRatis d1c741a3-95ba-43ba-a813-64349d05dc91 is started using port 42905 for RATIS_ADMIN
2022-05-04 03:14:50,884 [EndpointStateMachine task thread for /0.0.0.0:42071 - 0 ] INFO  ratis.XceiverServerRatis (XceiverServerRatis.java:getRealPort(502)) - XceiverServerRatis d1c741a3-95ba-43ba-a813-64349d05dc91 is started using port 42905 for RATIS_SERVER
2022-05-04 03:14:50,885 [org.apache.ratis.util.JvmPauseMonitor$$Lambda$565/1325392746@76bd0868] INFO  util.JvmPauseMonitor (JvmPauseMonitor.java:run(103)) - JvmPauseMonitor-d1c741a3-95ba-43ba-a813-64349d05dc91: Started
2022-05-04 03:14:50,885 [EndpointStateMachine task thread for /0.0.0.0:42071 - 0 ] INFO  server.XceiverServerGrpc (XceiverServerGrpc.java:start(180)) - XceiverServerGrpc d1c741a3-95ba-43ba-a813-64349d05dc91 is started using port 41897
2022-05-04 03:14:51,246 [IPC Server handler 18 on default port 42071] INFO  net.NetworkTopologyImpl (NetworkTopologyImpl.java:add(112)) - Added a new node: /default-rack/94eff94b-5675-4cb0-a39c-290792b903c4
2022-05-04 03:14:51,247 [IPC Server handler 18 on default port 42071] INFO  node.SCMNodeManager (SCMNodeManager.java:register(393)) - Registered Data node : 94eff94b-5675-4cb0-a39c-290792b903c4{ip: 10.1.0.22, host: fv-az270-73.tacnzluakwdehk1hpragurqkma.bx.internal.cloudapp.net, ports: [REPLICATION=43917, RATIS=35275, RATIS_ADMIN=35275, RATIS_SERVER=35275, STANDALONE=40937], networkLocation: /default-rack, certSerialId: null, persistedOpState: null, persistedOpStateExpiryEpochSec: 0}
2022-05-04 03:14:51,247 [EventQueue-NewNodeForNewNodeHandler] INFO  pipeline.BackgroundPipelineCreator (BackgroundPipelineCreator.java:notifyEventTriggered(270)) - trigger a one-shot run on RatisPipelineUtilsThread.
2022-05-04 03:14:51,251 [RatisPipelineUtilsThread - 0] INFO  pipeline.RatisPipelineProvider (RatisPipelineProvider.java:lambda$create$0(195)) - Sending CreatePipelineCommand for pipeline:PipelineID=4583670a-1ad2-4f29-82bb-f76310959e2c to datanode:94eff94b-5675-4cb0-a39c-290792b903c4
2022-05-04 03:14:51,252 [RatisPipelineUtilsThread - 0] INFO  pipeline.PipelineStateManagerImpl (PipelineStateManagerImpl.java:addPipeline(101)) - Created pipeline Pipeline[ Id: 4583670a-1ad2-4f29-82bb-f76310959e2c, Nodes: 94eff94b-5675-4cb0-a39c-290792b903c4{ip: 10.1.0.22, host: fv-az270-73.tacnzluakwdehk1hpragurqkma.bx.internal.cloudapp.net, ports: [REPLICATION=43917, RATIS=35275, RATIS_ADMIN=35275, RATIS_SERVER=35275, STANDALONE=40937], networkLocation: /default-rack, certSerialId: null, persistedOpState: IN_SERVICE, persistedOpStateExpiryEpochSec: 0}, ReplicationConfig: RATIS/ONE, State:ALLOCATED, leaderId:, CreationTimestamp2022-05-04T03:14:51.251Z[Etc/UTC]].
2022-05-04 03:14:51,254 [EventQueue-NodeRegistrationContainerReportForDataNodeSafeModeRule] INFO  safemode.SCMSafeModeManager (DataNodeSafeModeRule.java:process(71)) - SCM in safe mode. 2 DataNodes registered, 3 required.
2022-05-04 03:14:51,804 [Listener at 127.0.0.1/33297] INFO  ozone.MiniOzoneClusterImpl (MiniOzoneClusterImpl.java:lambda$waitForClusterToBeReady$0(221)) - Waiting for nodes to be ready. Got 2 of 5 DN Heartbeats.
2022-05-04 03:14:51,804 [Listener at 127.0.0.1/33297] INFO  ozone.MiniOzoneClusterImpl (MiniOzoneClusterImpl.java:lambda$waitForClusterToBeReady$0(224)) - Waiting for cluster to exit safe mode
2022-05-04 03:14:51,804 [Listener at 127.0.0.1/33297] INFO  ozone.MiniOzoneClusterImpl (MiniOzoneClusterImpl.java:lambda$waitForClusterToBeReady$0(226)) - SCM became leader
2022-05-04 03:14:51,885 [EndpointStateMachine task thread for /0.0.0.0:42071 - 0 ] INFO  ozoneimpl.OzoneContainer (OzoneContainer.java:start(335)) - Attempting to start container services.
2022-05-04 03:14:51,885 [EndpointStateMachine task thread for /0.0.0.0:42071 - 0 ] INFO  ozoneimpl.OzoneContainer (OzoneContainer.java:startContainerScrub(270)) - Background container scanner has been disabled.
2022-05-04 03:14:51,886 [EndpointStateMachine task thread for /0.0.0.0:42071 - 0 ] INFO  replication.ReplicationServer (ReplicationServer.java:start(111)) - ReplicationServer is started using port 46007
2022-05-04 03:14:51,891 [EndpointStateMachine task thread for /0.0.0.0:42071 - 0 ] INFO  ratis.XceiverServerRatis (XceiverServerRatis.java:start(481)) - Starting XceiverServerRatis 98143395-768c-4dea-963c-0497ad077c38
2022-05-04 03:14:51,902 [EndpointStateMachine task thread for /0.0.0.0:42071 - 0 ] INFO  server.RaftServer (RaftServerProxy.java:lambda$start$5(374)) - 98143395-768c-4dea-963c-0497ad077c38: start RPC server
2022-05-04 03:14:51,903 [EndpointStateMachine task thread for /0.0.0.0:42071 - 0 ] INFO  server.GrpcService (GrpcService.java:startImpl(253)) - 98143395-768c-4dea-963c-0497ad077c38: GrpcService started, listening on 35919
2022-05-04 03:14:51,909 [EndpointStateMachine task thread for /0.0.0.0:42071 - 0 ] INFO  ratis.XceiverServerRatis (XceiverServerRatis.java:getRealPort(502)) - XceiverServerRatis 98143395-768c-4dea-963c-0497ad077c38 is started using port 35919 for RATIS
2022-05-04 03:14:51,909 [EndpointStateMachine task thread for /0.0.0.0:42071 - 0 ] INFO  ratis.XceiverServerRatis (XceiverServerRatis.java:getRealPort(502)) - XceiverServerRatis 98143395-768c-4dea-963c-0497ad077c38 is started using port 35919 for RATIS_ADMIN
2022-05-04 03:14:51,909 [EndpointStateMachine task thread for /0.0.0.0:42071 - 0 ] INFO  ratis.XceiverServerRatis (XceiverServerRatis.java:getRealPort(502)) - XceiverServerRatis 98143395-768c-4dea-963c-0497ad077c38 is started using port 35919 for RATIS_SERVER
2022-05-04 03:14:51,914 [org.apache.ratis.util.JvmPauseMonitor$$Lambda$565/1325392746@1874d60c] INFO  util.JvmPauseMonitor (JvmPauseMonitor.java:run(103)) - JvmPauseMonitor-98143395-768c-4dea-963c-0497ad077c38: Started
2022-05-04 03:14:51,919 [EndpointStateMachine task thread for /0.0.0.0:42071 - 0 ] INFO  server.XceiverServerGrpc (XceiverServerGrpc.java:start(180)) - XceiverServerGrpc 98143395-768c-4dea-963c-0497ad077c38 is started using port 45007
2022-05-04 03:14:51,935 [IPC Server handler 17 on default port 42071] INFO  net.NetworkTopologyImpl (NetworkTopologyImpl.java:add(112)) - Added a new node: /default-rack/47ce570f-7478-41dc-b1ba-c530780a94a3
2022-05-04 03:14:51,935 [IPC Server handler 17 on default port 42071] INFO  node.SCMNodeManager (SCMNodeManager.java:register(393)) - Registered Data node : 47ce570f-7478-41dc-b1ba-c530780a94a3{ip: 10.1.0.22, host: fv-az270-73.tacnzluakwdehk1hpragurqkma.bx.internal.cloudapp.net, ports: [REPLICATION=32977, RATIS=40881, RATIS_ADMIN=40881, RATIS_SERVER=40881, STANDALONE=37411], networkLocation: /default-rack, certSerialId: null, persistedOpState: null, persistedOpStateExpiryEpochSec: 0}
2022-05-04 03:14:51,936 [EventQueue-NewNodeForNewNodeHandler] INFO  pipeline.BackgroundPipelineCreator (BackgroundPipelineCreator.java:notifyEventTriggered(270)) - trigger a one-shot run on RatisPipelineUtilsThread.
2022-05-04 03:14:51,936 [RatisPipelineUtilsThread - 0] INFO  pipeline.RatisPipelineProvider (RatisPipelineProvider.java:lambda$create$0(195)) - Sending CreatePipelineCommand for pipeline:PipelineID=13d04322-aee8-4567-b861-3233c63fdc2b to datanode:47ce570f-7478-41dc-b1ba-c530780a94a3
2022-05-04 03:14:51,938 [RatisPipelineUtilsThread - 0] INFO  pipeline.PipelineStateManagerImpl (PipelineStateManagerImpl.java:addPipeline(101)) - Created pipeline Pipeline[ Id: 13d04322-aee8-4567-b861-3233c63fdc2b, Nodes: 47ce570f-7478-41dc-b1ba-c530780a94a3{ip: 10.1.0.22, host: fv-az270-73.tacnzluakwdehk1hpragurqkma.bx.internal.cloudapp.net, ports: [REPLICATION=32977, RATIS=40881, RATIS_ADMIN=40881, RATIS_SERVER=40881, STANDALONE=37411], networkLocation: /default-rack, certSerialId: null, persistedOpState: IN_SERVICE, persistedOpStateExpiryEpochSec: 0}, ReplicationConfig: RATIS/ONE, State:ALLOCATED, leaderId:, CreationTimestamp2022-05-04T03:14:51.936Z[Etc/UTC]].
2022-05-04 03:14:51,938 [EventQueue-NodeRegistrationContainerReportForDataNodeSafeModeRule] INFO  safemode.SCMSafeModeManager (DataNodeSafeModeRule.java:process(71)) - SCM in safe mode. 3 DataNodes registered, 3 required.
2022-05-04 03:14:51,939 [EventQueue-NodeRegistrationContainerReportForDataNodeSafeModeRule] INFO  safemode.SCMSafeModeManager (SCMSafeModeManager.java:validateSafeModeExitRules(204)) - DataNodeSafeModeRule rule is successfully validated
2022-05-04 03:14:51,939 [EventQueue-NodeRegistrationContainerReportForDataNodeSafeModeRule] INFO  safemode.SCMSafeModeManager (SCMSafeModeManager.java:completePreCheck(233)) - All SCM safe mode pre check rules have passed
2022-05-04 03:14:51,939 [EventQueue-NodeRegistrationContainerReportForDataNodeSafeModeRule] WARN  events.EventQueue (EventQueue.java:fireEvent(194)) - No event handler registered for event TypedEvent{payloadType=SafeModeStatus, name='Safe mode status'}
2022-05-04 03:14:51,939 [EventQueue-NodeRegistrationContainerReportForDataNodeSafeModeRule] INFO  ha.SCMContext (SCMContext.java:updateSafeModeStatus(211)) - Update SafeModeStatus from SafeModeStatus{safeModeStatus=true, preCheckPassed=false} to SafeModeStatus{safeModeStatus=true, preCheckPassed=true}.
2022-05-04 03:14:51,939 [EventQueue-NodeRegistrationContainerReportForDataNodeSafeModeRule] INFO  pipeline.BackgroundPipelineCreator (BackgroundPipelineCreator.java:notifyEventTriggered(270)) - trigger a one-shot run on RatisPipelineUtilsThread.
2022-05-04 03:14:51,940 [RatisPipelineUtilsThread - 0] INFO  pipeline.RatisPipelineProvider (RatisPipelineProvider.java:lambda$create$0(195)) - Sending CreatePipelineCommand for pipeline:PipelineID=5e14bdb6-1af7-401c-aab5-2658be16d483 to datanode:b8405861-e810-457b-9581-dead971c3a14
2022-05-04 03:14:51,941 [RatisPipelineUtilsThread - 0] INFO  pipeline.RatisPipelineProvider (RatisPipelineProvider.java:lambda$create$0(195)) - Sending CreatePipelineCommand for pipeline:PipelineID=5e14bdb6-1af7-401c-aab5-2658be16d483 to datanode:94eff94b-5675-4cb0-a39c-290792b903c4
2022-05-04 03:14:51,945 [RatisPipelineUtilsThread - 0] INFO  pipeline.RatisPipelineProvider (RatisPipelineProvider.java:lambda$create$0(195)) - Sending CreatePipelineCommand for pipeline:PipelineID=5e14bdb6-1af7-401c-aab5-2658be16d483 to datanode:47ce570f-7478-41dc-b1ba-c530780a94a3
2022-05-04 03:14:51,946 [RatisPipelineUtilsThread - 0] INFO  pipeline.PipelineStateManagerImpl (PipelineStateManagerImpl.java:addPipeline(101)) - Created pipeline Pipeline[ Id: 5e14bdb6-1af7-401c-aab5-2658be16d483, Nodes: b8405861-e810-457b-9581-dead971c3a14{ip: 10.1.0.22, host: fv-az270-73.tacnzluakwdehk1hpragurqkma.bx.internal.cloudapp.net, ports: [REPLICATION=36471, RATIS=40547, RATIS_ADMIN=40547, RATIS_SERVER=40547, STANDALONE=39927], networkLocation: /default-rack, certSerialId: null, persistedOpState: IN_SERVICE, persistedOpStateExpiryEpochSec: 0}94eff94b-5675-4cb0-a39c-290792b903c4{ip: 10.1.0.22, host: fv-az270-73.tacnzluakwdehk1hpragurqkma.bx.internal.cloudapp.net, ports: [REPLICATION=43917, RATIS=35275, RATIS_ADMIN=35275, RATIS_SERVER=35275, STANDALONE=40937], networkLocation: /default-rack, certSerialId: null, persistedOpState: IN_SERVICE, persistedOpStateExpiryEpochSec: 0}47ce570f-7478-41dc-b1ba-c530780a94a3{ip: 10.1.0.22, host: fv-az270-73.tacnzluakwdehk1hpragurqkma.bx.internal.cloudapp.net, ports: [REPLICATION=32977, RATIS=40881, RATIS_ADMIN=40881, RATIS_SERVER=40881, STANDALONE=37411], networkLocation: /default-rack, certSerialId: null, persistedOpState: IN_SERVICE, persistedOpStateExpiryEpochSec: 0}, ReplicationConfig: RATIS/THREE, State:ALLOCATED, leaderId:, CreationTimestamp2022-05-04T03:14:51.940Z[Etc/UTC]].
2022-05-04 03:14:51,946 [RatisPipelineUtilsThread - 0] INFO  pipeline.RatisPipelineProvider (RatisPipelineProvider.java:lambda$create$0(195)) - Sending CreatePipelineCommand for pipeline:PipelineID=2dd32b67-cc0f-44e5-bc57-434a2f37988d to datanode:94eff94b-5675-4cb0-a39c-290792b903c4
2022-05-04 03:14:51,946 [RatisPipelineUtilsThread - 0] INFO  pipeline.RatisPipelineProvider (RatisPipelineProvider.java:lambda$create$0(195)) - Sending CreatePipelineCommand for pipeline:PipelineID=2dd32b67-cc0f-44e5-bc57-434a2f37988d to datanode:b8405861-e810-457b-9581-dead971c3a14
2022-05-04 03:14:51,946 [RatisPipelineUtilsThread - 0] INFO  pipeline.RatisPipelineProvider (RatisPipelineProvider.java:lambda$create$0(195)) - Sending CreatePipelineCommand for pipeline:PipelineID=2dd32b67-cc0f-44e5-bc57-434a2f37988d to datanode:47ce570f-7478-41dc-b1ba-c530780a94a3
2022-05-04 03:14:51,947 [RatisPipelineUtilsThread - 0] INFO  pipeline.PipelineStateManagerImpl (PipelineStateManagerImpl.java:addPipeline(101)) - Created pipeline Pipeline[ Id: 2dd32b67-cc0f-44e5-bc57-434a2f37988d, Nodes: 94eff94b-5675-4cb0-a39c-290792b903c4{ip: 10.1.0.22, host: fv-az270-73.tacnzluakwdehk1hpragurqkma.bx.internal.cloudapp.net, ports: [REPLICATION=43917, RATIS=35275, RATIS_ADMIN=35275, RATIS_SERVER=35275, STANDALONE=40937], networkLocation: /default-rack, certSerialId: null, persistedOpState: IN_SERVICE, persistedOpStateExpiryEpochSec: 0}b8405861-e810-457b-9581-dead971c3a14{ip: 10.1.0.22, host: fv-az270-73.tacnzluakwdehk1hpragurqkma.bx.internal.cloudapp.net, ports: [REPLICATION=36471, RATIS=40547, RATIS_ADMIN=40547, RATIS_SERVER=40547, STANDALONE=39927], networkLocation: /default-rack, certSerialId: null, persistedOpState: IN_SERVICE, persistedOpStateExpiryEpochSec: 0}47ce570f-7478-41dc-b1ba-c530780a94a3{ip: 10.1.0.22, host: fv-az270-73.tacnzluakwdehk1hpragurqkma.bx.internal.cloudapp.net, ports: [REPLICATION=32977, RATIS=40881, RATIS_ADMIN=40881, RATIS_SERVER=40881, STANDALONE=37411], networkLocation: /default-rack, certSerialId: null, persistedOpState: IN_SERVICE, persistedOpStateExpiryEpochSec: 0}, ReplicationConfig: RATIS/THREE, State:ALLOCATED, leaderId:, CreationTimestamp2022-05-04T03:14:51.946Z[Etc/UTC]].
2022-05-04 03:14:51,947 [RatisPipelineUtilsThread - 0] INFO  pipeline.PipelineManagerImpl (PipelineManagerImpl.java:recordMetricsForPipeline(687)) - Pipeline: PipelineID=2dd32b67-cc0f-44e5-bc57-434a2f37988d contains same datanodes as previous pipelines: PipelineID=5e14bdb6-1af7-401c-aab5-2658be16d483 nodeIds: 94eff94b-5675-4cb0-a39c-290792b903c4, b8405861-e810-457b-9581-dead971c3a14, 47ce570f-7478-41dc-b1ba-c530780a94a3
2022-05-04 03:14:52,804 [Listener at 127.0.0.1/33297] INFO  ozone.MiniOzoneClusterImpl (MiniOzoneClusterImpl.java:lambda$waitForClusterToBeReady$0(221)) - Waiting for nodes to be ready. Got 3 of 5 DN Heartbeats.
2022-05-04 03:14:52,805 [Listener at 127.0.0.1/33297] INFO  ozone.MiniOzoneClusterImpl (MiniOzoneClusterImpl.java:lambda$waitForClusterToBeReady$0(224)) - Waiting for cluster to exit safe mode
2022-05-04 03:14:52,805 [Listener at 127.0.0.1/33297] INFO  ozone.MiniOzoneClusterImpl (MiniOzoneClusterImpl.java:lambda$waitForClusterToBeReady$0(226)) - SCM became leader
2022-05-04 03:14:52,864 [IPC Server handler 19 on default port 42071] INFO  net.NetworkTopologyImpl (NetworkTopologyImpl.java:add(112)) - Added a new node: /default-rack/d1c741a3-95ba-43ba-a813-64349d05dc91
2022-05-04 03:14:52,865 [IPC Server handler 19 on default port 42071] INFO  node.SCMNodeManager (SCMNodeManager.java:register(393)) - Registered Data node : d1c741a3-95ba-43ba-a813-64349d05dc91{ip: 10.1.0.22, host: fv-az270-73.tacnzluakwdehk1hpragurqkma.bx.internal.cloudapp.net, ports: [REPLICATION=41273, RATIS=42905, RATIS_ADMIN=42905, RATIS_SERVER=42905, STANDALONE=41897], networkLocation: /default-rack, certSerialId: null, persistedOpState: null, persistedOpStateExpiryEpochSec: 0}
2022-05-04 03:14:52,865 [EventQueue-NewNodeForNewNodeHandler] INFO  pipeline.BackgroundPipelineCreator (BackgroundPipelineCreator.java:notifyEventTriggered(270)) - trigger a one-shot run on RatisPipelineUtilsThread.
2022-05-04 03:14:52,865 [RatisPipelineUtilsThread - 0] INFO  pipeline.RatisPipelineProvider (RatisPipelineProvider.java:lambda$create$0(195)) - Sending CreatePipelineCommand for pipeline:PipelineID=2e1d781c-89d9-4882-9f2a-990b8fd016e6 to datanode:d1c741a3-95ba-43ba-a813-64349d05dc91
2022-05-04 03:14:52,866 [RatisPipelineUtilsThread - 0] INFO  pipeline.PipelineStateManagerImpl (PipelineStateManagerImpl.java:addPipeline(101)) - Created pipeline Pipeline[ Id: 2e1d781c-89d9-4882-9f2a-990b8fd016e6, Nodes: d1c741a3-95ba-43ba-a813-64349d05dc91{ip: 10.1.0.22, host: fv-az270-73.tacnzluakwdehk1hpragurqkma.bx.internal.cloudapp.net, ports: [REPLICATION=41273, RATIS=42905, RATIS_ADMIN=42905, RATIS_SERVER=42905, STANDALONE=41897], networkLocation: /default-rack, certSerialId: null, persistedOpState: IN_SERVICE, persistedOpStateExpiryEpochSec: 0}, ReplicationConfig: RATIS/ONE, State:ALLOCATED, leaderId:, CreationTimestamp2022-05-04T03:14:52.865Z[Etc/UTC]].
2022-05-04 03:14:53,282 [Command processor thread] INFO  server.RaftServer (RaftServerProxy.java:addNew(95)) - b8405861-e810-457b-9581-dead971c3a14: addNew group-9807A9729E76:[b8405861-e810-457b-9581-dead971c3a14|rpc:10.1.0.22:40547|priority:1] returns group-9807A9729E76:java.util.concurrent.CompletableFuture@7ec53370[Not completed]
2022-05-04 03:14:53,289 [pool-494-thread-1] INFO  server.RaftServer$Division (RaftServerImpl.java:<init>(184)) - b8405861-e810-457b-9581-dead971c3a14: new RaftServerImpl for group-9807A9729E76:[b8405861-e810-457b-9581-dead971c3a14|rpc:10.1.0.22:40547|priority:1] with ContainerStateMachine:uninitialized
2022-05-04 03:14:53,299 [pool-494-thread-1] INFO  server.RaftServerConfigKeys (ConfUtils.java:logGet(44)) - raft.server.rpc.timeout.min = 5s (custom)
2022-05-04 03:14:53,299 [pool-494-thread-1] INFO  server.RaftServerConfigKeys (ConfUtils.java:logGet(44)) - raft.server.rpc.timeout.max = 5200ms (custom)
2022-05-04 03:14:53,299 [pool-494-thread-1] INFO  server.RaftServerConfigKeys (ConfUtils.java:logGet(44)) - raft.server.rpc.sleep.time = 25ms (default)
2022-05-04 03:14:53,299 [pool-494-thread-1] INFO  server.RaftServerConfigKeys (ConfUtils.java:logGet(44)) - raft.server.rpc.slowness.timeout = 300s (custom)
2022-05-04 03:14:53,299 [pool-494-thread-1] INFO  server.RaftServerConfigKeys (ConfUtils.java:logGet(44)) - raft.server.leaderelection.leader.step-down.wait-time = 10s (default)
2022-05-04 03:14:53,299 [pool-494-thread-1] INFO  server.RaftServerConfigKeys (ConfUtils.java:logGet(44)) - raft.server.sleep.deviation.threshold = 300ms (default)
2022-05-04 03:14:53,299 [pool-494-thread-1] INFO  server.RaftServerConfigKeys (ConfUtils.java:logGet(44)) - raft.server.log.appender.install.snapshot.enabled = false (custom)
2022-05-04 03:14:53,299 [pool-494-thread-1] INFO  server.RaftServer$Division (ServerState.java:<init>(105)) - b8405861-e810-457b-9581-dead971c3a14@group-9807A9729E76: ConfigurationManager, init=-1: [b8405861-e810-457b-9581-dead971c3a14|rpc:10.1.0.22:40547|priority:1], old=null, confs=<EMPTY_MAP>
2022-05-04 03:14:53,299 [pool-494-thread-1] INFO  server.RaftServerConfigKeys (ConfUtils.java:logGet(44)) - raft.server.storage.dir = [/home/runner/work/ozone/ozone/hadoop-ozone/integration-test/target/test-dir/MiniOzoneClusterImpl-ffb4024d-fcb7-425a-91bb-293fa2ccb31b/datanode-0/data/ratis] (custom)
2022-05-04 03:14:53,299 [pool-494-thread-1] INFO  server.RaftServerConfigKeys (ConfUtils.java:logGet(44)) - raft.server.log.corruption.policy = EXCEPTION (default)
2022-05-04 03:14:53,300 [pool-494-thread-1] INFO  server.RaftServerConfigKeys (ConfUtils.java:logGet(44)) - raft.server.storage.free-space.min = 0MB (=0) (default)
2022-05-04 03:14:53,302 [pool-494-thread-1] INFO  storage.RaftStorageDirectory (RaftStorageDirectoryImpl.java:analyzeStorage(135)) - The storage directory /home/runner/work/ozone/ozone/hadoop-ozone/integration-test/target/test-dir/MiniOzoneClusterImpl-ffb4024d-fcb7-425a-91bb-293fa2ccb31b/datanode-0/data/ratis/02006357-289e-4ad8-9565-9807a9729e76 does not exist. Creating ...
2022-05-04 03:14:53,322 [pool-494-thread-1] INFO  storage.RaftStorageDirectory (RaftStorageDirectoryImpl.java:tryLock(230)) - Lock on /home/runner/work/ozone/ozone/hadoop-ozone/integration-test/target/test-dir/MiniOzoneClusterImpl-ffb4024d-fcb7-425a-91bb-293fa2ccb31b/datanode-0/data/ratis/02006357-289e-4ad8-9565-9807a9729e76/in_use.lock acquired by nodename 29567@fv-az270-73
2022-05-04 03:14:53,324 [pool-494-thread-1] INFO  storage.RaftStorage (RaftStorageImpl.java:format(89)) - Storage directory /home/runner/work/ozone/ozone/hadoop-ozone/integration-test/target/test-dir/MiniOzoneClusterImpl-ffb4024d-fcb7-425a-91bb-293fa2ccb31b/datanode-0/data/ratis/02006357-289e-4ad8-9565-9807a9729e76 has been successfully formatted.
2022-05-04 03:14:53,349 [pool-494-thread-1] INFO  ratis.ContainerStateMachine (ContainerStateMachine.java:loadSnapshot(236)) - group-9807A9729E76: The snapshot info is null. Setting the last applied indexto:(t:0, i:~)
2022-05-04 03:14:53,350 [pool-494-thread-1] INFO  server.RaftServerConfigKeys (ConfUtils.java:logGet(44)) - raft.server.notification.no-leader.timeout = 300s (custom)
2022-05-04 03:14:53,350 [pool-494-thread-1] INFO  server.RaftServerConfigKeys (ConfUtils.java:logGet(44)) - raft.server.log.use.memory = false (default)
2022-05-04 03:14:53,350 [pool-494-thread-1] INFO  server.RaftServerConfigKeys (ConfUtils.java:logGet(44)) - raft.server.log.purge.gap = 1000000 (custom)
2022-05-04 03:14:53,350 [pool-494-thread-1] INFO  server.RaftServerConfigKeys (ConfUtils.java:logGet(44)) - raft.server.log.appender.buffer.byte-limit = 33554432 (custom)
2022-05-04 03:14:53,350 [pool-494-thread-1] INFO  server.RaftServerConfigKeys (ConfUtils.java:logGet(44)) - raft.server.log.segment.size.max = 1048576 (custom)
2022-05-04 03:14:53,364 [EventQueue-PipelineReportForPipelineReportHandler] INFO  pipeline.PipelineManagerImpl (PipelineManagerImpl.java:openPipeline(328)) - Pipeline Pipeline[ Id: 02006357-289e-4ad8-9565-9807a9729e76, Nodes: b8405861-e810-457b-9581-dead971c3a14{ip: 10.1.0.22, host: fv-az270-73.tacnzluakwdehk1hpragurqkma.bx.internal.cloudapp.net, ports: [REPLICATION=36471, RATIS=40547, RATIS_ADMIN=40547, RATIS_SERVER=40547, STANDALONE=39927], networkLocation: /default-rack, certSerialId: null, persistedOpState: IN_SERVICE, persistedOpStateExpiryEpochSec: 0}, ReplicationConfig: RATIS/ONE, State:ALLOCATED, leaderId:b8405861-e810-457b-9581-dead971c3a14, CreationTimestamp2022-05-04T03:14:50.334Z[Etc/UTC]] moved to OPEN state
2022-05-04 03:14:53,393 [EventQueue-OpenPipelineForHealthyPipelineSafeModeRule] INFO  safemode.SCMSafeModeManager (HealthyPipelineSafeModeRule.java:process(124)) - SCM in safe mode. Healthy pipelines reported count is 0, required healthy pipeline reported count is 1
2022-05-04 03:14:53,398 [pool-494-thread-1] INFO  server.RaftServerConfigKeys (ConfUtils.java:logGet(44)) - raft.server.log.segment.cache.num.max = 2 (custom)
2022-05-04 03:14:53,398 [pool-494-thread-1] INFO  server.RaftServerConfigKeys (ConfUtils.java:logGet(44)) - raft.server.log.segment.cache.size.max = 200MB (=209715200) (default)
2022-05-04 03:14:53,398 [pool-494-thread-1] INFO  segmented.SegmentedRaftLogWorker (SegmentedRaftLogWorker.java:<init>(182)) - new b8405861-e810-457b-9581-dead971c3a14@group-9807A9729E76-SegmentedRaftLogWorker for RaftStorageImpl:Storage Directory /home/runner/work/ozone/ozone/hadoop-ozone/integration-test/target/test-dir/MiniOzoneClusterImpl-ffb4024d-fcb7-425a-91bb-293fa2ccb31b/datanode-0/data/ratis/02006357-289e-4ad8-9565-9807a9729e76
2022-05-04 03:14:53,398 [pool-494-thread-1] INFO  server.RaftServerConfigKeys (ConfUtils.java:logGet(44)) - raft.server.log.queue.byte-limit = 4294967296 (custom)
2022-05-04 03:14:53,398 [pool-494-thread-1] INFO  server.RaftServerConfigKeys (ConfUtils.java:logGet(44)) - raft.server.log.queue.element-limit = 1024 (custom)
2022-05-04 03:14:53,398 [pool-494-thread-1] INFO  server.RaftServerConfigKeys (ConfUtils.java:logGet(44)) - raft.server.log.segment.size.max = 1048576 (custom)
2022-05-04 03:14:53,398 [pool-494-thread-1] INFO  server.RaftServerConfigKeys (ConfUtils.java:logGet(44)) - raft.server.log.preallocated.size = 16384 (custom)
2022-05-04 03:14:53,398 [pool-494-thread-1] INFO  server.RaftServerConfigKeys (ConfUtils.java:logGet(44)) - raft.server.log.force.sync.num = 128 (default)
2022-05-04 03:14:53,398 [pool-494-thread-1] INFO  server.RaftServerConfigKeys (ConfUtils.java:logGet(44)) - raft.server.log.statemachine.data.sync = true (default)
2022-05-04 03:14:53,398 [pool-494-thread-1] INFO  server.RaftServerConfigKeys (ConfUtils.java:logGet(44)) - raft.server.log.statemachine.data.sync.timeout = 10s (default)
2022-05-04 03:14:53,398 [pool-494-thread-1] INFO  server.RaftServerConfigKeys (ConfUtils.java:logGet(44)) - raft.server.log.statemachine.data.sync.timeout.retry = -1 (default)
2022-05-04 03:14:53,399 [pool-494-thread-1] INFO  server.RaftServerConfigKeys (ConfUtils.java:logGet(44)) - raft.server.log.write.buffer.size = 1048576 (custom)
2022-05-04 03:14:53,400 [pool-494-thread-1] INFO  server.RaftServerConfigKeys (ConfUtils.java:logGet(44)) - raft.server.log.statemachine.data.caching.enabled = true (custom)
2022-05-04 03:14:53,400 [pool-494-thread-1] INFO  segmented.SegmentedRaftLogWorker (SegmentedRaftLogWorker.java:lambda$new$0(133)) - b8405861-e810-457b-9581-dead971c3a14@group-9807A9729E76-SegmentedRaftLogWorker: flushIndex: setUnconditionally 0 -> -1
2022-05-04 03:14:53,400 [pool-494-thread-1] INFO  segmented.SegmentedRaftLogWorker (SegmentedRaftLogWorker.java:lambda$new$0(133)) - b8405861-e810-457b-9581-dead971c3a14@group-9807A9729E76-SegmentedRaftLogWorker: safeCacheEvictIndex: setUnconditionally 0 -> -1
2022-05-04 03:14:53,408 [pool-494-thread-1] INFO  server.RaftServerConfigKeys (ConfUtils.java:logGet(44)) - raft.server.snapshot.auto.trigger.enabled = true (custom)
2022-05-04 03:14:53,408 [pool-494-thread-1] INFO  server.RaftServerConfigKeys (ConfUtils.java:logGet(44)) - raft.server.snapshot.auto.trigger.threshold = 10000 (custom)
2022-05-04 03:14:53,408 [pool-494-thread-1] INFO  server.RaftServerConfigKeys (ConfUtils.java:logGet(44)) - raft.server.snapshot.retention.file.num = 5 (custom)
2022-05-04 03:14:53,408 [pool-494-thread-1] INFO  server.RaftServerConfigKeys (ConfUtils.java:logGet(44)) - raft.server.log.purge.upto.snapshot.index = false (default)
2022-05-04 03:14:53,408 [pool-494-thread-1] INFO  server.RaftServerConfigKeys (ConfUtils.java:logGet(44)) - raft.server.retrycache.expirytime = 600000ms (custom)
2022-05-04 03:14:53,408 [pool-494-thread-1] INFO  server.RaftServerConfigKeys (ConfUtils.java:logGet(44)) - raft.server.retrycache.statistics.expirytime = 100μs (default)
2022-05-04 03:14:53,413 [pool-494-thread-1] INFO  server.RaftServer$Division (RaftServerImpl.java:start(301)) - b8405861-e810-457b-9581-dead971c3a14@group-9807A9729E76: start as a follower, conf=-1: [b8405861-e810-457b-9581-dead971c3a14|rpc:10.1.0.22:40547|priority:1], old=null
2022-05-04 03:14:53,413 [pool-494-thread-1] INFO  server.RaftServer$Division (RaftServerImpl.java:setRole(290)) - b8405861-e810-457b-9581-dead971c3a14@group-9807A9729E76: changes role from      null to FOLLOWER at term 0 for startAsFollower
2022-05-04 03:14:53,413 [pool-494-thread-1] INFO  impl.RoleInfo (RoleInfo.java:updateAndGet(130)) - b8405861-e810-457b-9581-dead971c3a14: start b8405861-e810-457b-9581-dead971c3a14@group-9807A9729E76-FollowerState
2022-05-04 03:14:53,421 [pool-494-thread-1] INFO  util.JmxRegister (JmxRegister.java:tryRegister(44)) - Successfully registered JMX Bean with object name Ratis:service=RaftServer,group=group-9807A9729E76,id=b8405861-e810-457b-9581-dead971c3a14
2022-05-04 03:14:53,426 [Command processor thread] INFO  ratis.XceiverServerRatis (XceiverServerRatis.java:addGroup(765)) - Created group PipelineID=02006357-289e-4ad8-9565-9807a9729e76
2022-05-04 03:14:53,426 [Command processor thread] INFO  commandhandler.CreatePipelineCommandHandler (CreatePipelineCommandHandler.java:handle(113)) - Created Pipeline RATIS ONE PipelineID=02006357-289e-4ad8-9565-9807a9729e76.
2022-05-04 03:14:53,427 [Command processor thread] INFO  server.RaftServer (RaftServerProxy.java:addNew(95)) - b8405861-e810-457b-9581-dead971c3a14: addNew group-2658BE16D483:[47ce570f-7478-41dc-b1ba-c530780a94a3|rpc:10.1.0.22:40881|priority:1, b8405861-e810-457b-9581-dead971c3a14|rpc:10.1.0.22:40547|priority:0, 94eff94b-5675-4cb0-a39c-290792b903c4|rpc:10.1.0.22:35275|priority:0] returns group-2658BE16D483:java.util.concurrent.CompletableFuture@7afaa870[Not completed]
2022-05-04 03:14:53,496 [pool-494-thread-1] INFO  server.RaftServer$Division (RaftServerImpl.java:<init>(184)) - b8405861-e810-457b-9581-dead971c3a14: new RaftServerImpl for group-2658BE16D483:[47ce570f-7478-41dc-b1ba-c530780a94a3|rpc:10.1.0.22:40881|priority:1, b8405861-e810-457b-9581-dead971c3a14|rpc:10.1.0.22:40547|priority:0, 94eff94b-5675-4cb0-a39c-290792b903c4|rpc:10.1.0.22:35275|priority:0] with ContainerStateMachine:uninitialized
2022-05-04 03:14:53,496 [pool-494-thread-1] INFO  server.RaftServerConfigKeys (ConfUtils.java:logGet(44)) - raft.server.rpc.timeout.min = 5s (custom)
2022-05-04 03:14:53,496 [pool-494-thread-1] INFO  server.RaftServerConfigKeys (ConfUtils.java:logGet(44)) - raft.server.rpc.timeout.max = 5200ms (custom)
2022-05-04 03:14:53,496 [pool-494-thread-1] INFO  server.RaftServerConfigKeys (ConfUtils.java:logGet(44)) - raft.server.rpc.sleep.time = 25ms (default)
2022-05-04 03:14:53,496 [pool-494-thread-1] INFO  server.RaftServerConfigKeys (ConfUtils.java:logGet(44)) - raft.server.rpc.slowness.timeout = 300s (custom)
2022-05-04 03:14:53,496 [pool-494-thread-1] INFO  server.RaftServerConfigKeys (ConfUtils.java:logGet(44)) - raft.server.leaderelection.leader.step-down.wait-time = 10s (default)
2022-05-04 03:14:53,496 [pool-494-thread-1] INFO  server.RaftServerConfigKeys (ConfUtils.java:logGet(44)) - raft.server.sleep.deviation.threshold = 300ms (default)
2022-05-04 03:14:53,496 [pool-494-thread-1] INFO  server.RaftServerConfigKeys (ConfUtils.java:logGet(44)) - raft.server.log.appender.install.snapshot.enabled = false (custom)
2022-05-04 03:14:53,497 [pool-494-thread-1] INFO  server.RaftServer$Division (ServerState.java:<init>(105)) - b8405861-e810-457b-9581-dead971c3a14@group-2658BE16D483: ConfigurationManager, init=-1: [47ce570f-7478-41dc-b1ba-c530780a94a3|rpc:10.1.0.22:40881|priority:1, b8405861-e810-457b-9581-dead971c3a14|rpc:10.1.0.22:40547|priority:0, 94eff94b-5675-4cb0-a39c-290792b903c4|rpc:10.1.0.22:35275|priority:0], old=null, confs=<EMPTY_MAP>
2022-05-04 03:14:53,497 [pool-494-thread-1] INFO  server.RaftServerConfigKeys (ConfUtils.java:logGet(44)) - raft.server.storage.dir = [/home/runner/work/ozone/ozone/hadoop-ozone/integration-test/target/test-dir/MiniOzoneClusterImpl-ffb4024d-fcb7-425a-91bb-293fa2ccb31b/datanode-0/data/ratis] (custom)
2022-05-04 03:14:53,497 [pool-494-thread-1] INFO  server.RaftServerConfigKeys (ConfUtils.java:logGet(44)) - raft.server.log.corruption.policy = EXCEPTION (default)
2022-05-04 03:14:53,497 [pool-494-thread-1] INFO  server.RaftServerConfigKeys (ConfUtils.java:logGet(44)) - raft.server.storage.free-space.min = 0MB (=0) (default)
2022-05-04 03:14:53,497 [pool-494-thread-1] INFO  storage.RaftStorageDirectory (RaftStorageDirectoryImpl.java:analyzeStorage(135)) - The storage directory /home/runner/work/ozone/ozone/hadoop-ozone/integration-test/target/test-dir/MiniOzoneClusterImpl-ffb4024d-fcb7-425a-91bb-293fa2ccb31b/datanode-0/data/ratis/5e14bdb6-1af7-401c-aab5-2658be16d483 does not exist. Creating ...
2022-05-04 03:14:53,536 [pool-494-thread-1] INFO  storage.RaftStorageDirectory (RaftStorageDirectoryImpl.java:tryLock(230)) - Lock on /home/runner/work/ozone/ozone/hadoop-ozone/integration-test/target/test-dir/MiniOzoneClusterImpl-ffb4024d-fcb7-425a-91bb-293fa2ccb31b/datanode-0/data/ratis/5e14bdb6-1af7-401c-aab5-2658be16d483/in_use.lock acquired by nodename 29567@fv-az270-73
2022-05-04 03:14:53,538 [pool-494-thread-1] INFO  storage.RaftStorage (RaftStorageImpl.java:format(89)) - Storage directory /home/runner/work/ozone/ozone/hadoop-ozone/integration-test/target/test-dir/MiniOzoneClusterImpl-ffb4024d-fcb7-425a-91bb-293fa2ccb31b/datanode-0/data/ratis/5e14bdb6-1af7-401c-aab5-2658be16d483 has been successfully formatted.
2022-05-04 03:14:53,538 [pool-494-thread-1] INFO  ratis.ContainerStateMachine (ContainerStateMachine.java:loadSnapshot(236)) - group-2658BE16D483: The snapshot info is null. Setting the last applied indexto:(t:0, i:~)
2022-05-04 03:14:53,538 [pool-494-thread-1] INFO  server.RaftServerConfigKeys (ConfUtils.java:logGet(44)) - raft.server.notification.no-leader.timeout = 300s (custom)
2022-05-04 03:14:53,538 [pool-494-thread-1] INFO  server.RaftServerConfigKeys (ConfUtils.java:logGet(44)) - raft.server.log.use.memory = false (default)
2022-05-04 03:14:53,538 [pool-494-thread-1] INFO  server.RaftServerConfigKeys (ConfUtils.java:logGet(44)) - raft.server.log.purge.gap = 1000000 (custom)
2022-05-04 03:14:53,538 [pool-494-thread-1] INFO  server.RaftServerConfigKeys (ConfUtils.java:logGet(44)) - raft.server.log.appender.buffer.byte-limit = 33554432 (custom)
2022-05-04 03:14:53,539 [pool-494-thread-1] INFO  server.RaftServerConfigKeys (ConfUtils.java:logGet(44)) - raft.server.log.segment.size.max = 1048576 (custom)
2022-05-04 03:14:53,539 [pool-494-thread-1] INFO  server.RaftServerConfigKeys (ConfUtils.java:logGet(44)) - raft.server.log.segment.cache.num.max = 2 (custom)
2022-05-04 03:14:53,539 [pool-494-thread-1] INFO  server.RaftServerConfigKeys (ConfUtils.java:logGet(44)) - raft.server.log.segment.cache.size.max = 200MB (=209715200) (default)
2022-05-04 03:14:53,539 [pool-494-thread-1] INFO  segmented.SegmentedRaftLogWorker (SegmentedRaftLogWorker.java:<init>(182)) - new b8405861-e810-457b-9581-dead971c3a14@group-2658BE16D483-SegmentedRaftLogWorker for RaftStorageImpl:Storage Directory /home/runner/work/ozone/ozone/hadoop-ozone/integration-test/target/test-dir/MiniOzoneClusterImpl-ffb4024d-fcb7-425a-91bb-293fa2ccb31b/datanode-0/data/ratis/5e14bdb6-1af7-401c-aab5-2658be16d483
2022-05-04 03:14:53,539 [pool-494-thread-1] INFO  server.RaftServerConfigKeys (ConfUtils.java:logGet(44)) - raft.server.log.queue.byte-limit = 4294967296 (custom)
2022-05-04 03:14:53,539 [pool-494-thread-1] INFO  server.RaftServerConfigKeys (ConfUtils.java:logGet(44)) - raft.server.log.queue.element-limit = 1024 (custom)
2022-05-04 03:14:53,539 [pool-494-thread-1] INFO  server.RaftServerConfigKeys (ConfUtils.java:logGet(44)) - raft.server.log.segment.size.max = 1048576 (custom)
2022-05-04 03:14:53,540 [pool-494-thread-1] INFO  server.RaftServerConfigKeys (ConfUtils.java:logGet(44)) - raft.server.log.preallocated.size = 16384 (custom)
2022-05-04 03:14:53,540 [pool-494-thread-1] INFO  server.RaftServerConfigKeys (ConfUtils.java:logGet(44)) - raft.server.log.force.sync.num = 128 (default)
2022-05-04 03:14:53,540 [pool-494-thread-1] INFO  server.RaftServerConfigKeys (ConfUtils.java:logGet(44)) - raft.server.log.statemachine.data.sync = true (default)
2022-05-04 03:14:53,540 [pool-494-thread-1] INFO  server.RaftServerConfigKeys (ConfUtils.java:logGet(44)) - raft.server.log.statemachine.data.sync.timeout = 10s (default)
2022-05-04 03:14:53,540 [pool-494-thread-1] INFO  server.RaftServerConfigKeys (ConfUtils.java:logGet(44)) - raft.server.log.statemachine.data.sync.timeout.retry = -1 (default)
2022-05-04 03:14:53,541 [pool-494-thread-1] INFO  server.RaftServerConfigKeys (ConfUtils.java:logGet(44)) - raft.server.log.write.buffer.size = 1048576 (custom)
2022-05-04 03:14:53,541 [pool-494-thread-1] INFO  server.RaftServerConfigKeys (ConfUtils.java:logGet(44)) - raft.server.log.statemachine.data.caching.enabled = true (custom)
2022-05-04 03:14:53,541 [pool-494-thread-1] INFO  segmented.SegmentedRaftLogWorker (SegmentedRaftLogWorker.java:lambda$new$0(133)) - b8405861-e810-457b-9581-dead971c3a14@group-2658BE16D483-SegmentedRaftLogWorker: flushIndex: setUnconditionally 0 -> -1
2022-05-04 03:14:53,542 [pool-494-thread-1] INFO  segmented.SegmentedRaftLogWorker (SegmentedRaftLogWorker.java:lambda$new$0(133)) - b8405861-e810-457b-9581-dead971c3a14@group-2658BE16D483-SegmentedRaftLogWorker: safeCacheEvictIndex: setUnconditionally 0 -> -1
2022-05-04 03:14:53,571 [EventQueue-OpenPipelineForHealthyPipelineSafeModeRule] INFO  safemode.SCMSafeModeManager (HealthyPipelineSafeModeRule.java:process(124)) - SCM in safe mode. Healthy pipelines reported count is 0, required healthy pipeline reported count is 1
2022-05-04 03:14:53,571 [pool-494-thread-1] INFO  server.RaftServerConfigKeys (ConfUtils.java:logGet(44)) - raft.server.snapshot.auto.trigger.enabled = true (custom)
2022-05-04 03:14:53,571 [pool-494-thread-1] INFO  server.RaftServerConfigKeys (ConfUtils.java:logGet(44)) - raft.server.snapshot.auto.trigger.threshold = 10000 (custom)
2022-05-04 03:14:53,571 [pool-494-thread-1] INFO  server.RaftServerConfigKeys (ConfUtils.java:logGet(44)) - raft.server.snapshot.retention.file.num = 5 (custom)
2022-05-04 03:14:53,571 [pool-494-thread-1] INFO  server.RaftServerConfigKeys (ConfUtils.java:logGet(44)) - raft.server.log.purge.upto.snapshot.index = false (default)
2022-05-04 03:14:53,571 [pool-494-thread-1] INFO  server.RaftServerConfigKeys (ConfUtils.java:logGet(44)) - raft.server.retrycache.expirytime = 600000ms (custom)
2022-05-04 03:14:53,571 [pool-494-thread-1] INFO  server.RaftServerConfigKeys (ConfUtils.java:logGet(44)) - raft.server.retrycache.statistics.expirytime = 100μs (default)
2022-05-04 03:14:53,573 [pool-494-thread-1] INFO  server.RaftServer$Division (RaftServerImpl.java:start(301)) - b8405861-e810-457b-9581-dead971c3a14@group-2658BE16D483: start as a follower, conf=-1: [47ce570f-7478-41dc-b1ba-c530780a94a3|rpc:10.1.0.22:40881|priority:1, b8405861-e810-457b-9581-dead971c3a14|rpc:10.1.0.22:40547|priority:0, 94eff94b-5675-4cb0-a39c-290792b903c4|rpc:10.1.0.22:35275|priority:0], old=null
2022-05-04 03:14:53,573 [pool-494-thread-1] INFO  server.RaftServer$Division (RaftServerImpl.java:setRole(290)) - b8405861-e810-457b-9581-dead971c3a14@group-2658BE16D483: changes role from      null to FOLLOWER at term 0 for startAsFollower
2022-05-04 03:14:53,573 [pool-494-thread-1] INFO  impl.RoleInfo (RoleInfo.java:updateAndGet(130)) - b8405861-e810-457b-9581-dead971c3a14: start b8405861-e810-457b-9581-dead971c3a14@group-2658BE16D483-FollowerState
2022-05-04 03:14:53,581 [pool-494-thread-1] INFO  util.JmxRegister (JmxRegister.java:tryRegister(44)) - Successfully registered JMX Bean with object name Ratis:service=RaftServer,group=group-2658BE16D483,id=b8405861-e810-457b-9581-dead971c3a14
2022-05-04 03:14:53,582 [Command processor thread] INFO  ratis.XceiverServerRatis (XceiverServerRatis.java:addGroup(765)) - Created group PipelineID=5e14bdb6-1af7-401c-aab5-2658be16d483
2022-05-04 03:14:53,690 [grpc-default-executor-0] INFO  server.RaftServer (RaftServerProxy.java:addNew(95)) - 94eff94b-5675-4cb0-a39c-290792b903c4: addNew group-2658BE16D483:[47ce570f-7478-41dc-b1ba-c530780a94a3|rpc:10.1.0.22:40881|dataStream:|priority:1, b8405861-e810-457b-9581-dead971c3a14|rpc:10.1.0.22:40547|dataStream:|priority:0, 94eff94b-5675-4cb0-a39c-290792b903c4|rpc:10.1.0.22:35275|dataStream:|priority:0] returns group-2658BE16D483:java.util.concurrent.CompletableFuture@53c720e4[Not completed]
2022-05-04 03:14:53,700 [pool-515-thread-1] INFO  server.RaftServer$Division (RaftServerImpl.java:<init>(184)) - 94eff94b-5675-4cb0-a39c-290792b903c4: new RaftServerImpl for group-2658BE16D483:[47ce570f-7478-41dc-b1ba-c530780a94a3|rpc:10.1.0.22:40881|dataStream:|priority:1, b8405861-e810-457b-9581-dead971c3a14|rpc:10.1.0.22:40547|dataStream:|priority:0, 94eff94b-5675-4cb0-a39c-290792b903c4|rpc:10.1.0.22:35275|dataStream:|priority:0] with ContainerStateMachine:uninitialized
2022-05-04 03:14:53,744 [pool-515-thread-1] INFO  server.RaftServerConfigKeys (ConfUtils.java:logGet(44)) - raft.server.rpc.timeout.min = 5s (custom)
2022-05-04 03:14:53,744 [pool-515-thread-1] INFO  server.RaftServerConfigKeys (ConfUtils.java:logGet(44)) - raft.server.rpc.timeout.max = 5200ms (custom)
2022-05-04 03:14:53,744 [pool-515-thread-1] INFO  server.RaftServerConfigKeys (ConfUtils.java:logGet(44)) - raft.server.rpc.sleep.time = 25ms (default)
2022-05-04 03:14:53,744 [pool-515-thread-1] INFO  server.RaftServerConfigKeys (ConfUtils.java:logGet(44)) - raft.server.rpc.slowness.timeout = 300s (custom)
2022-05-04 03:14:53,744 [pool-515-thread-1] INFO  server.RaftServerConfigKeys (ConfUtils.java:logGet(44)) - raft.server.leaderelection.leader.step-down.wait-time = 10s (default)
2022-05-04 03:14:53,744 [pool-515-thread-1] INFO  server.RaftServerConfigKeys (ConfUtils.java:logGet(44)) - raft.server.sleep.deviation.threshold = 300ms (default)
2022-05-04 03:14:53,744 [pool-515-thread-1] INFO  server.RaftServerConfigKeys (ConfUtils.java:logGet(44)) - raft.server.log.appender.install.snapshot.enabled = false (custom)
2022-05-04 03:14:53,744 [pool-515-thread-1] INFO  server.RaftServer$Division (ServerState.java:<init>(105)) - 94eff94b-5675-4cb0-a39c-290792b903c4@group-2658BE16D483: ConfigurationManager, init=-1: [47ce570f-7478-41dc-b1ba-c530780a94a3|rpc:10.1.0.22:40881|dataStream:|priority:1, b8405861-e810-457b-9581-dead971c3a14|rpc:10.1.0.22:40547|dataStream:|priority:0, 94eff94b-5675-4cb0-a39c-290792b903c4|rpc:10.1.0.22:35275|dataStream:|priority:0], old=null, confs=<EMPTY_MAP>
2022-05-04 03:14:53,744 [pool-515-thread-1] INFO  server.RaftServerConfigKeys (ConfUtils.java:logGet(44)) - raft.server.storage.dir = [/home/runner/work/ozone/ozone/hadoop-ozone/integration-test/target/test-dir/MiniOzoneClusterImpl-ffb4024d-fcb7-425a-91bb-293fa2ccb31b/datanode-1/data/ratis] (custom)
2022-05-04 03:14:53,745 [pool-515-thread-1] INFO  server.RaftServerConfigKeys (ConfUtils.java:logGet(44)) - raft.server.log.corruption.policy = EXCEPTION (default)
2022-05-04 03:14:53,745 [pool-515-thread-1] INFO  server.RaftServerConfigKeys (ConfUtils.java:logGet(44)) - raft.server.storage.free-space.min = 0MB (=0) (default)
2022-05-04 03:14:53,745 [pool-515-thread-1] INFO  storage.RaftStorageDirectory (RaftStorageDirectoryImpl.java:analyzeStorage(135)) - The storage directory /home/runner/work/ozone/ozone/hadoop-ozone/integration-test/target/test-dir/MiniOzoneClusterImpl-ffb4024d-fcb7-425a-91bb-293fa2ccb31b/datanode-1/data/ratis/5e14bdb6-1af7-401c-aab5-2658be16d483 does not exist. Creating ...
2022-05-04 03:14:53,747 [pool-515-thread-1] INFO  storage.RaftStorageDirectory (RaftStorageDirectoryImpl.java:tryLock(230)) - Lock on /home/runner/work/ozone/ozone/hadoop-ozone/integration-test/target/test-dir/MiniOzoneClusterImpl-ffb4024d-fcb7-425a-91bb-293fa2ccb31b/datanode-1/data/ratis/5e14bdb6-1af7-401c-aab5-2658be16d483/in_use.lock acquired by nodename 29567@fv-az270-73
2022-05-04 03:14:53,750 [pool-515-thread-1] INFO  storage.RaftStorage (RaftStorageImpl.java:format(89)) - Storage directory /home/runner/work/ozone/ozone/hadoop-ozone/integration-test/target/test-dir/MiniOzoneClusterImpl-ffb4024d-fcb7-425a-91bb-293fa2ccb31b/datanode-1/data/ratis/5e14bdb6-1af7-401c-aab5-2658be16d483 has been successfully formatted.
2022-05-04 03:14:53,773 [pool-515-thread-1] INFO  ratis.ContainerStateMachine (ContainerStateMachine.java:loadSnapshot(236)) - group-2658BE16D483: The snapshot info is null. Setting the last applied indexto:(t:0, i:~)
2022-05-04 03:14:53,773 [pool-515-thread-1] INFO  server.RaftServerConfigKeys (ConfUtils.java:logGet(44)) - raft.server.notification.no-leader.timeout = 300s (custom)
2022-05-04 03:14:53,773 [pool-515-thread-1] INFO  server.RaftServerConfigKeys (ConfUtils.java:logGet(44)) - raft.server.log.use.memory = false (default)
2022-05-04 03:14:53,773 [pool-515-thread-1] INFO  server.RaftServerConfigKeys (ConfUtils.java:logGet(44)) - raft.server.log.purge.gap = 1000000 (custom)
2022-05-04 03:14:53,773 [pool-515-thread-1] INFO  server.RaftServerConfigKeys (ConfUtils.java:logGet(44)) - raft.server.log.appender.buffer.byte-limit = 33554432 (custom)
2022-05-04 03:14:53,774 [pool-515-thread-1] INFO  server.RaftServerConfigKeys (ConfUtils.java:logGet(44)) - raft.server.log.segment.size.max = 1048576 (custom)
2022-05-04 03:14:53,774 [pool-515-thread-1] INFO  server.RaftServerConfigKeys (ConfUtils.java:logGet(44)) - raft.server.log.segment.cache.num.max = 2 (custom)
2022-05-04 03:14:53,775 [pool-515-thread-1] INFO  server.RaftServerConfigKeys (ConfUtils.java:logGet(44)) - raft.server.log.segment.cache.size.max = 200MB (=209715200) (default)
2022-05-04 03:14:53,775 [pool-515-thread-1] INFO  segmented.SegmentedRaftLogWorker (SegmentedRaftLogWorker.java:<init>(182)) - new 94eff94b-5675-4cb0-a39c-290792b903c4@group-2658BE16D483-SegmentedRaftLogWorker for RaftStorageImpl:Storage Directory /home/runner/work/ozone/ozone/hadoop-ozone/integration-test/target/test-dir/MiniOzoneClusterImpl-ffb4024d-fcb7-425a-91bb-293fa2ccb31b/datanode-1/data/ratis/5e14bdb6-1af7-401c-aab5-2658be16d483
2022-05-04 03:14:53,775 [pool-515-thread-1] INFO  server.RaftServerConfigKeys (ConfUtils.java:logGet(44)) - raft.server.log.queue.byte-limit = 4294967296 (custom)
2022-05-04 03:14:53,775 [pool-515-thread-1] INFO  server.RaftServerConfigKeys (ConfUtils.java:logGet(44)) - raft.server.log.queue.element-limit = 1024 (custom)
2022-05-04 03:14:53,775 [pool-515-thread-1] INFO  server.RaftServerConfigKeys (ConfUtils.java:logGet(44)) - raft.server.log.segment.size.max = 1048576 (custom)
2022-05-04 03:14:53,775 [pool-515-thread-1] INFO  server.RaftServerConfigKeys (ConfUtils.java:logGet(44)) - raft.server.log.preallocated.size = 16384 (custom)
2022-05-04 03:14:53,775 [pool-515-thread-1] INFO  server.RaftServerConfigKeys (ConfUtils.java:logGet(44)) - raft.server.log.force.sync.num = 128 (default)
2022-05-04 03:14:53,775 [pool-515-thread-1] INFO  server.RaftServerConfigKeys (ConfUtils.java:logGet(44)) - raft.server.log.statemachine.data.sync = true (default)
2022-05-04 03:14:53,775 [pool-515-thread-1] INFO  server.RaftServerConfigKeys (ConfUtils.java:logGet(44)) - raft.server.log.statemachine.data.sync.timeout = 10s (default)
2022-05-04 03:14:53,775 [pool-515-thread-1] INFO  server.RaftServerConfigKeys (ConfUtils.java:logGet(44)) - raft.server.log.statemachine.data.sync.timeout.retry = -1 (default)
2022-05-04 03:14:53,776 [pool-515-thread-1] INFO  server.RaftServerConfigKeys (ConfUtils.java:logGet(44)) - raft.server.log.write.buffer.size = 1048576 (custom)
2022-05-04 03:14:53,777 [pool-515-thread-1] INFO  server.RaftServerConfigKeys (ConfUtils.java:logGet(44)) - raft.server.log.statemachine.data.caching.enabled = true (custom)
2022-05-04 03:14:53,777 [pool-515-thread-1] INFO  segmented.SegmentedRaftLogWorker (SegmentedRaftLogWorker.java:lambda$new$0(133)) - 94eff94b-5675-4cb0-a39c-290792b903c4@group-2658BE16D483-SegmentedRaftLogWorker: flushIndex: setUnconditionally 0 -> -1
2022-05-04 03:14:53,777 [pool-515-thread-1] INFO  segmented.SegmentedRaftLogWorker (SegmentedRaftLogWorker.java:lambda$new$0(133)) - 94eff94b-5675-4cb0-a39c-290792b903c4@group-2658BE16D483-SegmentedRaftLogWorker: safeCacheEvictIndex: setUnconditionally 0 -> -1
2022-05-04 03:14:53,793 [pool-515-thread-1] INFO  server.RaftServerConfigKeys (ConfUtils.java:logGet(44)) - raft.server.snapshot.auto.trigger.enabled = true (custom)
2022-05-04 03:14:53,793 [pool-515-thread-1] INFO  server.RaftServerConfigKeys (ConfUtils.java:logGet(44)) - raft.server.snapshot.auto.trigger.threshold = 10000 (custom)
2022-05-04 03:14:53,793 [pool-515-thread-1] INFO  server.RaftServerConfigKeys (ConfUtils.java:logGet(44)) - raft.server.snapshot.retention.file.num = 5 (custom)
2022-05-04 03:14:53,793 [pool-515-thread-1] INFO  server.RaftServerConfigKeys (ConfUtils.java:logGet(44)) - raft.server.log.purge.upto.snapshot.index = false (default)
2022-05-04 03:14:53,793 [pool-515-thread-1] INFO  server.RaftServerConfigKeys (ConfUtils.java:logGet(44)) - raft.server.retrycache.expirytime = 600000ms (custom)
2022-05-04 03:14:53,793 [pool-515-thread-1] INFO  server.RaftServerConfigKeys (ConfUtils.java:logGet(44)) - raft.server.retrycache.statistics.expirytime = 100μs (default)
2022-05-04 03:14:53,795 [pool-515-thread-1] INFO  server.RaftServer$Division (RaftServerImpl.java:start(301)) - 94eff94b-5675-4cb0-a39c-290792b903c4@group-2658BE16D483: start as a follower, conf=-1: [47ce570f-7478-41dc-b1ba-c530780a94a3|rpc:10.1.0.22:40881|dataStream:|priority:1, b8405861-e810-457b-9581-dead971c3a14|rpc:10.1.0.22:40547|dataStream:|priority:0, 94eff94b-5675-4cb0-a39c-290792b903c4|rpc:10.1.0.22:35275|dataStream:|priority:0], old=null
2022-05-04 03:14:53,795 [pool-515-thread-1] INFO  server.RaftServer$Division (RaftServerImpl.java:setRole(290)) - 94eff94b-5675-4cb0-a39c-290792b903c4@group-2658BE16D483: changes role from      null to FOLLOWER at term 0 for startAsFollower
2022-05-04 03:14:53,795 [pool-515-thread-1] INFO  impl.RoleInfo (RoleInfo.java:updateAndGet(130)) - 94eff94b-5675-4cb0-a39c-290792b903c4: start 94eff94b-5675-4cb0-a39c-290792b903c4@group-2658BE16D483-FollowerState
2022-05-04 03:14:53,805 [Listener at 127.0.0.1/33297] INFO  ozone.MiniOzoneClusterImpl (MiniOzoneClusterImpl.java:lambda$waitForClusterToBeReady$0(221)) - Waiting for nodes to be ready. Got 4 of 5 DN Heartbeats.
2022-05-04 03:14:53,805 [Listener at 127.0.0.1/33297] INFO  ozone.MiniOzoneClusterImpl (MiniOzoneClusterImpl.java:lambda$waitForClusterToBeReady$0(224)) - Waiting for cluster to exit safe mode
2022-05-04 03:14:53,805 [Listener at 127.0.0.1/33297] INFO  ozone.MiniOzoneClusterImpl (MiniOzoneClusterImpl.java:lambda$waitForClusterToBeReady$0(226)) - SCM became leader
2022-05-04 03:14:53,805 [pool-515-thread-1] INFO  util.JmxRegister (JmxRegister.java:tryRegister(44)) - Successfully registered JMX Bean with object name Ratis:service=RaftServer,group=group-2658BE16D483,id=94eff94b-5675-4cb0-a39c-290792b903c4
2022-05-04 03:14:53,882 [IPC Server handler 17 on default port 42071] INFO  net.NetworkTopologyImpl (NetworkTopologyImpl.java:add(112)) - Added a new node: /default-rack/98143395-768c-4dea-963c-0497ad077c38
2022-05-04 03:14:53,883 [IPC Server handler 17 on default port 42071] INFO  node.SCMNodeManager (SCMNodeManager.java:register(393)) - Registered Data node : 98143395-768c-4dea-963c-0497ad077c38{ip: 10.1.0.22, host: fv-az270-73.tacnzluakwdehk1hpragurqkma.bx.internal.cloudapp.net, ports: [REPLICATION=46007, RATIS=35919, RATIS_ADMIN=35919, RATIS_SERVER=35919, STANDALONE=45007], networkLocation: /default-rack, certSerialId: null, persistedOpState: null, persistedOpStateExpiryEpochSec: 0}
2022-05-04 03:14:53,883 [EventQueue-NewNodeForNewNodeHandler] INFO  pipeline.BackgroundPipelineCreator (BackgroundPipelineCreator.java:notifyEventTriggered(270)) - trigger a one-shot run on RatisPipelineUtilsThread.
2022-05-04 03:14:53,890 [RatisPipelineUtilsThread - 0] INFO  pipeline.RatisPipelineProvider (RatisPipelineProvider.java:lambda$create$0(195)) - Sending CreatePipelineCommand for pipeline:PipelineID=03b45492-ca60-4f66-8dac-5a3efde4e84d to datanode:98143395-768c-4dea-963c-0497ad077c38
2022-05-04 03:14:53,891 [RatisPipelineUtilsThread - 0] INFO  pipeline.PipelineStateManagerImpl (PipelineStateManagerImpl.java:addPipeline(101)) - Created pipeline Pipeline[ Id: 03b45492-ca60-4f66-8dac-5a3efde4e84d, Nodes: 98143395-768c-4dea-963c-0497ad077c38{ip: 10.1.0.22, host: fv-az270-73.tacnzluakwdehk1hpragurqkma.bx.internal.cloudapp.net, ports: [REPLICATION=46007, RATIS=35919, RATIS_ADMIN=35919, RATIS_SERVER=35919, STANDALONE=45007], networkLocation: /default-rack, certSerialId: null, persistedOpState: IN_SERVICE, persistedOpStateExpiryEpochSec: 0}, ReplicationConfig: RATIS/ONE, State:ALLOCATED, leaderId:, CreationTimestamp2022-05-04T03:14:53.890Z[Etc/UTC]].
2022-05-04 03:14:53,934 [grpc-default-executor-0] INFO  server.RaftServer (RaftServerProxy.java:addNew(95)) - 47ce570f-7478-41dc-b1ba-c530780a94a3: addNew group-2658BE16D483:[47ce570f-7478-41dc-b1ba-c530780a94a3|rpc:10.1.0.22:40881|dataStream:|priority:1, b8405861-e810-457b-9581-dead971c3a14|rpc:10.1.0.22:40547|dataStream:|priority:0, 94eff94b-5675-4cb0-a39c-290792b903c4|rpc:10.1.0.22:35275|dataStream:|priority:0] returns group-2658BE16D483:java.util.concurrent.CompletableFuture@356395d8[Not completed]
2022-05-04 03:14:53,935 [pool-536-thread-1] INFO  server.RaftServer$Division (RaftServerImpl.java:<init>(184)) - 47ce570f-7478-41dc-b1ba-c530780a94a3: new RaftServerImpl for group-2658BE16D483:[47ce570f-7478-41dc-b1ba-c530780a94a3|rpc:10.1.0.22:40881|dataStream:|priority:1, b8405861-e810-457b-9581-dead971c3a14|rpc:10.1.0.22:40547|dataStream:|priority:0, 94eff94b-5675-4cb0-a39c-290792b903c4|rpc:10.1.0.22:35275|dataStream:|priority:0] with ContainerStateMachine:uninitialized
2022-05-04 03:14:53,938 [pool-536-thread-1] INFO  server.RaftServerConfigKeys (ConfUtils.java:logGet(44)) - raft.server.rpc.timeout.min = 5s (custom)
2022-05-04 03:14:53,938 [pool-536-thread-1] INFO  server.RaftServerConfigKeys (ConfUtils.java:logGet(44)) - raft.server.rpc.timeout.max = 5200ms (custom)
2022-05-04 03:14:53,938 [pool-536-thread-1] INFO  server.RaftServerConfigKeys (ConfUtils.java:logGet(44)) - raft.server.rpc.sleep.time = 25ms (default)
2022-05-04 03:14:53,938 [pool-536-thread-1] INFO  server.RaftServerConfigKeys (ConfUtils.java:logGet(44)) - raft.server.rpc.slowness.timeout = 300s (custom)
2022-05-04 03:14:53,939 [pool-536-thread-1] INFO  server.RaftServerConfigKeys (ConfUtils.java:logGet(44)) - raft.server.leaderelection.leader.step-down.wait-time = 10s (default)
2022-05-04 03:14:53,939 [pool-536-thread-1] INFO  server.RaftServerConfigKeys (ConfUtils.java:logGet(44)) - raft.server.sleep.deviation.threshold = 300ms (default)
2022-05-04 03:14:53,939 [pool-536-thread-1] INFO  server.RaftServerConfigKeys (ConfUtils.java:logGet(44)) - raft.server.log.appender.install.snapshot.enabled = false (custom)
2022-05-04 03:14:53,939 [pool-536-thread-1] INFO  server.RaftServer$Division (ServerState.java:<init>(105)) - 47ce570f-7478-41dc-b1ba-c530780a94a3@group-2658BE16D483: ConfigurationManager, init=-1: [47ce570f-7478-41dc-b1ba-c530780a94a3|rpc:10.1.0.22:40881|dataStream:|priority:1, b8405861-e810-457b-9581-dead971c3a14|rpc:10.1.0.22:40547|dataStream:|priority:0, 94eff94b-5675-4cb0-a39c-290792b903c4|rpc:10.1.0.22:35275|dataStream:|priority:0], old=null, confs=<EMPTY_MAP>
2022-05-04 03:14:53,939 [pool-536-thread-1] INFO  server.RaftServerConfigKeys (ConfUtils.java:logGet(44)) - raft.server.storage.dir = [/home/runner/work/ozone/ozone/hadoop-ozone/integration-test/target/test-dir/MiniOzoneClusterImpl-ffb4024d-fcb7-425a-91bb-293fa2ccb31b/datanode-2/data/ratis] (custom)
2022-05-04 03:14:53,939 [pool-536-thread-1] INFO  server.RaftServerConfigKeys (ConfUtils.java:logGet(44)) - raft.server.log.corruption.policy = EXCEPTION (default)
2022-05-04 03:14:53,939 [pool-536-thread-1] INFO  server.RaftServerConfigKeys (ConfUtils.java:logGet(44)) - raft.server.storage.free-space.min = 0MB (=0) (default)
2022-05-04 03:14:53,939 [pool-536-thread-1] INFO  storage.RaftStorageDirectory (RaftStorageDirectoryImpl.java:analyzeStorage(135)) - The storage directory /home/runner/work/ozone/ozone/hadoop-ozone/integration-test/target/test-dir/MiniOzoneClusterImpl-ffb4024d-fcb7-425a-91bb-293fa2ccb31b/datanode-2/data/ratis/5e14bdb6-1af7-401c-aab5-2658be16d483 does not exist. Creating ...
2022-05-04 03:14:53,945 [pool-536-thread-1] INFO  storage.RaftStorageDirectory (RaftStorageDirectoryImpl.java:tryLock(230)) - Lock on /home/runner/work/ozone/ozone/hadoop-ozone/integration-test/target/test-dir/MiniOzoneClusterImpl-ffb4024d-fcb7-425a-91bb-293fa2ccb31b/datanode-2/data/ratis/5e14bdb6-1af7-401c-aab5-2658be16d483/in_use.lock acquired by nodename 29567@fv-az270-73
2022-05-04 03:14:53,948 [pool-536-thread-1] INFO  storage.RaftStorage (RaftStorageImpl.java:format(89)) - Storage directory /home/runner/work/ozone/ozone/hadoop-ozone/integration-test/target/test-dir/MiniOzoneClusterImpl-ffb4024d-fcb7-425a-91bb-293fa2ccb31b/datanode-2/data/ratis/5e14bdb6-1af7-401c-aab5-2658be16d483 has been successfully formatted.
2022-05-04 03:14:53,961 [pool-536-thread-1] INFO  ratis.ContainerStateMachine (ContainerStateMachine.java:loadSnapshot(236)) - group-2658BE16D483: The snapshot info is null. Setting the last applied indexto:(t:0, i:~)
2022-05-04 03:14:53,963 [pool-536-thread-1] INFO  server.RaftServerConfigKeys (ConfUtils.java:logGet(44)) - raft.server.notification.no-leader.timeout = 300s (custom)
2022-05-04 03:14:53,966 [pool-536-thread-1] INFO  server.RaftServerConfigKeys (ConfUtils.java:logGet(44)) - raft.server.log.use.memory = false (default)
2022-05-04 03:14:53,966 [pool-536-thread-1] INFO  server.RaftServerConfigKeys (ConfUtils.java:logGet(44)) - raft.server.log.purge.gap = 1000000 (custom)
2022-05-04 03:14:53,966 [pool-536-thread-1] INFO  server.RaftServerConfigKeys (ConfUtils.java:logGet(44)) - raft.server.log.appender.buffer.byte-limit = 33554432 (custom)
2022-05-04 03:14:53,967 [pool-536-thread-1] INFO  server.RaftServerConfigKeys (ConfUtils.java:logGet(44)) - raft.server.log.segment.size.max = 1048576 (custom)
2022-05-04 03:14:53,967 [pool-536-thread-1] INFO  server.RaftServerConfigKeys (ConfUtils.java:logGet(44)) - raft.server.log.segment.cache.num.max = 2 (custom)
2022-05-04 03:14:53,967 [pool-536-thread-1] INFO  server.RaftServerConfigKeys (ConfUtils.java:logGet(44)) - raft.server.log.segment.cache.size.max = 200MB (=209715200) (default)
2022-05-04 03:14:53,967 [pool-536-thread-1] INFO  segmented.SegmentedRaftLogWorker (SegmentedRaftLogWorker.java:<init>(182)) - new 47ce570f-7478-41dc-b1ba-c530780a94a3@group-2658BE16D483-SegmentedRaftLogWorker for RaftStorageImpl:Storage Directory /home/runner/work/ozone/ozone/hadoop-ozone/integration-test/target/test-dir/MiniOzoneClusterImpl-ffb4024d-fcb7-425a-91bb-293fa2ccb31b/datanode-2/data/ratis/5e14bdb6-1af7-401c-aab5-2658be16d483
2022-05-04 03:14:53,967 [pool-536-thread-1] INFO  server.RaftServerConfigKeys (ConfUtils.java:logGet(44)) - raft.server.log.queue.byte-limit = 4294967296 (custom)
2022-05-04 03:14:53,967 [pool-536-thread-1] INFO  server.RaftServerConfigKeys (ConfUtils.java:logGet(44)) - raft.server.log.queue.element-limit = 1024 (custom)
2022-05-04 03:14:53,968 [pool-536-thread-1] INFO  server.RaftServerConfigKeys (ConfUtils.java:logGet(44)) - raft.server.log.segment.size.max = 1048576 (custom)
2022-05-04 03:14:53,968 [pool-536-thread-1] INFO  server.RaftServerConfigKeys (ConfUtils.java:logGet(44)) - raft.server.log.preallocated.size = 16384 (custom)
2022-05-04 03:14:53,968 [pool-536-thread-1] INFO  server.RaftServerConfigKeys (ConfUtils.java:logGet(44)) - raft.server.log.force.sync.num = 128 (default)
2022-05-04 03:14:53,968 [pool-536-thread-1] INFO  server.RaftServerConfigKeys (ConfUtils.java:logGet(44)) - raft.server.log.statemachine.data.sync = true (default)
2022-05-04 03:14:53,968 [pool-536-thread-1] INFO  server.RaftServerConfigKeys (ConfUtils.java:logGet(44)) - raft.server.log.statemachine.data.sync.timeout = 10s (default)
2022-05-04 03:14:53,968 [pool-536-thread-1] INFO  server.RaftServerConfigKeys (ConfUtils.java:logGet(44)) - raft.server.log.statemachine.data.sync.timeout.retry = -1 (default)
2022-05-04 03:14:53,969 [pool-536-thread-1] INFO  server.RaftServerConfigKeys (ConfUtils.java:logGet(44)) - raft.server.log.write.buffer.size = 1048576 (custom)
2022-05-04 03:14:53,969 [pool-536-thread-1] INFO  server.RaftServerConfigKeys (ConfUtils.java:logGet(44)) - raft.server.log.statemachine.data.caching.enabled = true (custom)
2022-05-04 03:14:53,970 [pool-536-thread-1] INFO  segmented.SegmentedRaftLogWorker (SegmentedRaftLogWorker.java:lambda$new$0(133)) - 47ce570f-7478-41dc-b1ba-c530780a94a3@group-2658BE16D483-SegmentedRaftLogWorker: flushIndex: setUnconditionally 0 -> -1
2022-05-04 03:14:53,970 [pool-536-thread-1] INFO  segmented.SegmentedRaftLogWorker (SegmentedRaftLogWorker.java:lambda$new$0(133)) - 47ce570f-7478-41dc-b1ba-c530780a94a3@group-2658BE16D483-SegmentedRaftLogWorker: safeCacheEvictIndex: setUnconditionally 0 -> -1
2022-05-04 03:14:53,986 [pool-536-thread-1] INFO  server.RaftServerConfigKeys (ConfUtils.java:logGet(44)) - raft.server.snapshot.auto.trigger.enabled = true (custom)
2022-05-04 03:14:53,987 [pool-536-thread-1] INFO  server.RaftServerConfigKeys (ConfUtils.java:logGet(44)) - raft.server.snapshot.auto.trigger.threshold = 10000 (custom)
2022-05-04 03:14:53,987 [pool-536-thread-1] INFO  server.RaftServerConfigKeys (ConfUtils.java:logGet(44)) - raft.server.snapshot.retention.file.num = 5 (custom)
2022-05-04 03:14:53,987 [pool-536-thread-1] INFO  server.RaftServerConfigKeys (ConfUtils.java:logGet(44)) - raft.server.log.purge.upto.snapshot.index = false (default)
2022-05-04 03:14:53,987 [pool-536-thread-1] INFO  server.RaftServerConfigKeys (ConfUtils.java:logGet(44)) - raft.server.retrycache.expirytime = 600000ms (custom)
2022-05-04 03:14:53,987 [pool-536-thread-1] INFO  server.RaftServerConfigKeys (ConfUtils.java:logGet(44)) - raft.server.retrycache.statistics.expirytime = 100μs (default)
2022-05-04 03:14:53,991 [pool-536-thread-1] INFO  server.RaftServer$Division (RaftServerImpl.java:start(301)) - 47ce570f-7478-41dc-b1ba-c530780a94a3@group-2658BE16D483: start as a follower, conf=-1: [47ce570f-7478-41dc-b1ba-c530780a94a3|rpc:10.1.0.22:40881|dataStream:|priority:1, b8405861-e810-457b-9581-dead971c3a14|rpc:10.1.0.22:40547|dataStream:|priority:0, 94eff94b-5675-4cb0-a39c-290792b903c4|rpc:10.1.0.22:35275|dataStream:|priority:0], old=null
2022-05-04 03:14:53,991 [pool-536-thread-1] INFO  server.RaftServer$Division (RaftServerImpl.java:setRole(290)) - 47ce570f-7478-41dc-b1ba-c530780a94a3@group-2658BE16D483: changes role from      null to FOLLOWER at term 0 for startAsFollower
2022-05-04 03:14:53,991 [pool-536-thread-1] INFO  impl.RoleInfo (RoleInfo.java:updateAndGet(130)) - 47ce570f-7478-41dc-b1ba-c530780a94a3: start 47ce570f-7478-41dc-b1ba-c530780a94a3@group-2658BE16D483-FollowerState
2022-05-04 03:14:53,992 [pool-536-thread-1] INFO  util.JmxRegister (JmxRegister.java:tryRegister(44)) - Successfully registered JMX Bean with object name Ratis:service=RaftServer,group=group-2658BE16D483,id=47ce570f-7478-41dc-b1ba-c530780a94a3
2022-05-04 03:14:54,003 [Command processor thread] INFO  commandhandler.CreatePipelineCommandHandler (CreatePipelineCommandHandler.java:handle(113)) - Created Pipeline RATIS THREE PipelineID=5e14bdb6-1af7-401c-aab5-2658be16d483.
2022-05-04 03:14:54,004 [Command processor thread] INFO  server.RaftServer (RaftServerProxy.java:addNew(95)) - b8405861-e810-457b-9581-dead971c3a14: addNew group-434A2F37988D:[47ce570f-7478-41dc-b1ba-c530780a94a3|rpc:10.1.0.22:40881|priority:0, b8405861-e810-457b-9581-dead971c3a14|rpc:10.1.0.22:40547|priority:0, 94eff94b-5675-4cb0-a39c-290792b903c4|rpc:10.1.0.22:35275|priority:1] returns group-434A2F37988D:java.util.concurrent.CompletableFuture@5841df8[Not completed]
2022-05-04 03:14:54,004 [pool-494-thread-1] INFO  server.RaftServer$Division (RaftServerImpl.java:<init>(184)) - b8405861-e810-457b-9581-dead971c3a14: new RaftServerImpl for group-434A2F37988D:[47ce570f-7478-41dc-b1ba-c530780a94a3|rpc:10.1.0.22:40881|priority:0, b8405861-e810-457b-9581-dead971c3a14|rpc:10.1.0.22:40547|priority:0, 94eff94b-5675-4cb0-a39c-290792b903c4|rpc:10.1.0.22:35275|priority:1] with ContainerStateMachine:uninitialized
2022-05-04 03:14:54,005 [pool-494-thread-1] INFO  server.RaftServerConfigKeys (ConfUtils.java:logGet(44)) - raft.server.rpc.timeout.min = 5s (custom)
2022-05-04 03:14:54,005 [pool-494-thread-1] INFO  server.RaftServerConfigKeys (ConfUtils.java:logGet(44)) - raft.server.rpc.timeout.max = 5200ms (custom)
2022-05-04 03:14:54,005 [pool-494-thread-1] INFO  server.RaftServerConfigKeys (ConfUtils.java:logGet(44)) - raft.server.rpc.sleep.time = 25ms (default)
2022-05-04 03:14:54,005 [pool-494-thread-1] INFO  server.RaftServerConfigKeys (ConfUtils.java:logGet(44)) - raft.server.rpc.slowness.timeout = 300s (custom)
2022-05-04 03:14:54,005 [pool-494-thread-1] INFO  server.RaftServerConfigKeys (ConfUtils.java:logGet(44)) - raft.server.leaderelection.leader.step-down.wait-time = 10s (default)
2022-05-04 03:14:54,005 [pool-494-thread-1] INFO  server.RaftServerConfigKeys (ConfUtils.java:logGet(44)) - raft.server.sleep.deviation.threshold = 300ms (default)
2022-05-04 03:14:54,005 [pool-494-thread-1] INFO  server.RaftServerConfigKeys (ConfUtils.java:logGet(44)) - raft.server.log.appender.install.snapshot.enabled = false (custom)
2022-05-04 03:14:54,005 [pool-494-thread-1] INFO  server.RaftServer$Division (ServerState.java:<init>(105)) - b8405861-e810-457b-9581-dead971c3a14@group-434A2F37988D: ConfigurationManager, init=-1: [47ce570f-7478-41dc-b1ba-c530780a94a3|rpc:10.1.0.22:40881|priority:0, b8405861-e810-457b-9581-dead971c3a14|rpc:10.1.0.22:40547|priority:0, 94eff94b-5675-4cb0-a39c-290792b903c4|rpc:10.1.0.22:35275|priority:1], old=null, confs=<EMPTY_MAP>
2022-05-04 03:14:54,005 [pool-494-thread-1] INFO  server.RaftServerConfigKeys (ConfUtils.java:logGet(44)) - raft.server.storage.dir = [/home/runner/work/ozone/ozone/hadoop-ozone/integration-test/target/test-dir/MiniOzoneClusterImpl-ffb4024d-fcb7-425a-91bb-293fa2ccb31b/datanode-0/data/ratis] (custom)
2022-05-04 03:14:54,005 [pool-494-thread-1] INFO  server.RaftServerConfigKeys (ConfUtils.java:logGet(44)) - raft.server.log.corruption.policy = EXCEPTION (default)
2022-05-04 03:14:54,005 [pool-494-thread-1] INFO  server.RaftServerConfigKeys (ConfUtils.java:logGet(44)) - raft.server.storage.free-space.min = 0MB (=0) (default)
2022-05-04 03:14:54,005 [pool-494-thread-1] INFO  storage.RaftStorageDirectory (RaftStorageDirectoryImpl.java:analyzeStorage(135)) - The storage directory /home/runner/work/ozone/ozone/hadoop-ozone/integration-test/target/test-dir/MiniOzoneClusterImpl-ffb4024d-fcb7-425a-91bb-293fa2ccb31b/datanode-0/data/ratis/2dd32b67-cc0f-44e5-bc57-434a2f37988d does not exist. Creating ...
2022-05-04 03:14:54,011 [pool-494-thread-1] INFO  storage.RaftStorageDirectory (RaftStorageDirectoryImpl.java:tryLock(230)) - Lock on /home/runner/work/ozone/ozone/hadoop-ozone/integration-test/target/test-dir/MiniOzoneClusterImpl-ffb4024d-fcb7-425a-91bb-293fa2ccb31b/datanode-0/data/ratis/2dd32b67-cc0f-44e5-bc57-434a2f37988d/in_use.lock acquired by nodename 29567@fv-az270-73
2022-05-04 03:14:54,015 [pool-494-thread-1] INFO  storage.RaftStorage (RaftStorageImpl.java:format(89)) - Storage directory /home/runner/work/ozone/ozone/hadoop-ozone/integration-test/target/test-dir/MiniOzoneClusterImpl-ffb4024d-fcb7-425a-91bb-293fa2ccb31b/datanode-0/data/ratis/2dd32b67-cc0f-44e5-bc57-434a2f37988d has been successfully formatted.
2022-05-04 03:14:54,015 [pool-494-thread-1] INFO  ratis.ContainerStateMachine (ContainerStateMachine.java:loadSnapshot(236)) - group-434A2F37988D: The snapshot info is null. Setting the last applied indexto:(t:0, i:~)
2022-05-04 03:14:54,017 [EventQueue-OpenPipelineForHealthyPipelineSafeModeRule] INFO  safemode.SCMSafeModeManager (HealthyPipelineSafeModeRule.java:process(124)) - SCM in safe mode. Healthy pipelines reported count is 0, required healthy pipeline reported count is 1
2022-05-04 03:14:54,018 [pool-494-thread-1] INFO  server.RaftServerConfigKeys (ConfUtils.java:logGet(44)) - raft.server.notification.no-leader.timeout = 300s (custom)
2022-05-04 03:14:54,018 [pool-494-thread-1] INFO  server.RaftServerConfigKeys (ConfUtils.java:logGet(44)) - raft.server.log.use.memory = false (default)
2022-05-04 03:14:54,018 [pool-494-thread-1] INFO  server.RaftServerConfigKeys (ConfUtils.java:logGet(44)) - raft.server.log.purge.gap = 1000000 (custom)
2022-05-04 03:14:54,018 [pool-494-thread-1] INFO  server.RaftServerConfigKeys (ConfUtils.java:logGet(44)) - raft.server.log.appender.buffer.byte-limit = 33554432 (custom)
2022-05-04 03:14:54,018 [pool-494-thread-1] INFO  server.RaftServerConfigKeys (ConfUtils.java:logGet(44)) - raft.server.log.segment.size.max = 1048576 (custom)
2022-05-04 03:14:54,019 [pool-494-thread-1] INFO  server.RaftServerConfigKeys (ConfUtils.java:logGet(44)) - raft.server.log.segment.cache.num.max = 2 (custom)
2022-05-04 03:14:54,019 [pool-494-thread-1] INFO  server.RaftServerConfigKeys (ConfUtils.java:logGet(44)) - raft.server.log.segment.cache.size.max = 200MB (=209715200) (default)
2022-05-04 03:14:54,019 [pool-494-thread-1] INFO  segmented.SegmentedRaftLogWorker (SegmentedRaftLogWorker.java:<init>(182)) - new b8405861-e810-457b-9581-dead971c3a14@group-434A2F37988D-SegmentedRaftLogWorker for RaftStorageImpl:Storage Directory /home/runner/work/ozone/ozone/hadoop-ozone/integration-test/target/test-dir/MiniOzoneClusterImpl-ffb4024d-fcb7-425a-91bb-293fa2ccb31b/datanode-0/data/ratis/2dd32b67-cc0f-44e5-bc57-434a2f37988d
2022-05-04 03:14:54,019 [pool-494-thread-1] INFO  server.RaftServerConfigKeys (ConfUtils.java:logGet(44)) - raft.server.log.queue.byte-limit = 4294967296 (custom)
2022-05-04 03:14:54,019 [pool-494-thread-1] INFO  server.RaftServerConfigKeys (ConfUtils.java:logGet(44)) - raft.server.log.queue.element-limit = 1024 (custom)
2022-05-04 03:14:54,019 [pool-494-thread-1] INFO  server.RaftServerConfigKeys (ConfUtils.java:logGet(44)) - raft.server.log.segment.size.max = 1048576 (custom)
2022-05-04 03:14:54,019 [pool-494-thread-1] INFO  server.RaftServerConfigKeys (ConfUtils.java:logGet(44)) - raft.server.log.preallocated.size = 16384 (custom)
2022-05-04 03:14:54,019 [pool-494-thread-1] INFO  server.RaftServerConfigKeys (ConfUtils.java:logGet(44)) - raft.server.log.force.sync.num = 128 (default)
2022-05-04 03:14:54,019 [pool-494-thread-1] INFO  server.RaftServerConfigKeys (ConfUtils.java:logGet(44)) - raft.server.log.statemachine.data.sync = true (default)
2022-05-04 03:14:54,019 [pool-494-thread-1] INFO  server.RaftServerConfigKeys (ConfUtils.java:logGet(44)) - raft.server.log.statemachine.data.sync.timeout = 10s (default)
2022-05-04 03:14:54,019 [pool-494-thread-1] INFO  server.RaftServerConfigKeys (ConfUtils.java:logGet(44)) - raft.server.log.statemachine.data.sync.timeout.retry = -1 (default)
2022-05-04 03:14:54,020 [pool-494-thread-1] INFO  server.RaftServerConfigKeys (ConfUtils.java:logGet(44)) - raft.server.log.write.buffer.size = 1048576 (custom)
2022-05-04 03:14:54,021 [pool-494-thread-1] INFO  server.RaftServerConfigKeys (ConfUtils.java:logGet(44)) - raft.server.log.statemachine.data.caching.enabled = true (custom)
2022-05-04 03:14:54,021 [pool-494-thread-1] INFO  segmented.SegmentedRaftLogWorker (SegmentedRaftLogWorker.java:lambda$new$0(133)) - b8405861-e810-457b-9581-dead971c3a14@group-434A2F37988D-SegmentedRaftLogWorker: flushIndex: setUnconditionally 0 -> -1
2022-05-04 03:14:54,021 [pool-494-thread-1] INFO  segmented.SegmentedRaftLogWorker (SegmentedRaftLogWorker.java:lambda$new$0(133)) - b8405861-e810-457b-9581-dead971c3a14@group-434A2F37988D-SegmentedRaftLogWorker: safeCacheEvictIndex: setUnconditionally 0 -> -1
2022-05-04 03:14:54,032 [pool-494-thread-1] INFO  server.RaftServerConfigKeys (ConfUtils.java:logGet(44)) - raft.server.snapshot.auto.trigger.enabled = true (custom)
2022-05-04 03:14:54,032 [pool-494-thread-1] INFO  server.RaftServerConfigKeys (ConfUtils.java:logGet(44)) - raft.server.snapshot.auto.trigger.threshold = 10000 (custom)
2022-05-04 03:14:54,032 [pool-494-thread-1] INFO  server.RaftServerConfigKeys (ConfUtils.java:logGet(44)) - raft.server.snapshot.retention.file.num = 5 (custom)
2022-05-04 03:14:54,032 [pool-494-thread-1] INFO  server.RaftServerConfigKeys (ConfUtils.java:logGet(44)) - raft.server.log.purge.upto.snapshot.index = false (default)
2022-05-04 03:14:54,032 [pool-494-thread-1] INFO  server.RaftServerConfigKeys (ConfUtils.java:logGet(44)) - raft.server.retrycache.expirytime = 600000ms (custom)
2022-05-04 03:14:54,032 [pool-494-thread-1] INFO  server.RaftServerConfigKeys (ConfUtils.java:logGet(44)) - raft.server.retrycache.statistics.expirytime = 100μs (default)
2022-05-04 03:14:54,033 [pool-494-thread-1] INFO  server.RaftServer$Division (RaftServerImpl.java:start(301)) - b8405861-e810-457b-9581-dead971c3a14@group-434A2F37988D: start as a follower, conf=-1: [47ce570f-7478-41dc-b1ba-c530780a94a3|rpc:10.1.0.22:40881|priority:0, b8405861-e810-457b-9581-dead971c3a14|rpc:10.1.0.22:40547|priority:0, 94eff94b-5675-4cb0-a39c-290792b903c4|rpc:10.1.0.22:35275|priority:1], old=null
2022-05-04 03:14:54,033 [pool-494-thread-1] INFO  server.RaftServer$Division (RaftServerImpl.java:setRole(290)) - b8405861-e810-457b-9581-dead971c3a14@group-434A2F37988D: changes role from      null to FOLLOWER at term 0 for startAsFollower
2022-05-04 03:14:54,033 [pool-494-thread-1] INFO  impl.RoleInfo (RoleInfo.java:updateAndGet(130)) - b8405861-e810-457b-9581-dead971c3a14: start b8405861-e810-457b-9581-dead971c3a14@group-434A2F37988D-FollowerState
2022-05-04 03:14:54,051 [pool-494-thread-1] INFO  util.JmxRegister (JmxRegister.java:tryRegister(44)) - Successfully registered JMX Bean with object name Ratis:service=RaftServer,group=group-434A2F37988D,id=b8405861-e810-457b-9581-dead971c3a14
2022-05-04 03:14:54,052 [Command processor thread] INFO  ratis.XceiverServerRatis (XceiverServerRatis.java:addGroup(765)) - Created group PipelineID=2dd32b67-cc0f-44e5-bc57-434a2f37988d
2022-05-04 03:14:54,064 [grpc-default-executor-0] INFO  server.RaftServer (RaftServerProxy.java:addNew(95)) - 94eff94b-5675-4cb0-a39c-290792b903c4: addNew group-434A2F37988D:[47ce570f-7478-41dc-b1ba-c530780a94a3|rpc:10.1.0.22:40881|dataStream:|priority:0, b8405861-e810-457b-9581-dead971c3a14|rpc:10.1.0.22:40547|dataStream:|priority:0, 94eff94b-5675-4cb0-a39c-290792b903c4|rpc:10.1.0.22:35275|dataStream:|priority:1] returns group-434A2F37988D:java.util.concurrent.CompletableFuture@2422c93[Not completed]
2022-05-04 03:14:54,065 [pool-515-thread-1] INFO  server.RaftServer$Division (RaftServerImpl.java:<init>(184)) - 94eff94b-5675-4cb0-a39c-290792b903c4: new RaftServerImpl for group-434A2F37988D:[47ce570f-7478-41dc-b1ba-c530780a94a3|rpc:10.1.0.22:40881|dataStream:|priority:0, b8405861-e810-457b-9581-dead971c3a14|rpc:10.1.0.22:40547|dataStream:|priority:0, 94eff94b-5675-4cb0-a39c-290792b903c4|rpc:10.1.0.22:35275|dataStream:|priority:1] with ContainerStateMachine:uninitialized
2022-05-04 03:14:54,065 [pool-515-thread-1] INFO  server.RaftServerConfigKeys (ConfUtils.java:logGet(44)) - raft.server.rpc.timeout.min = 5s (custom)
2022-05-04 03:14:54,065 [pool-515-thread-1] INFO  server.RaftServerConfigKeys (ConfUtils.java:logGet(44)) - raft.server.rpc.timeout.max = 5200ms (custom)
2022-05-04 03:14:54,065 [pool-515-thread-1] INFO  server.RaftServerConfigKeys (ConfUtils.java:logGet(44)) - raft.server.rpc.sleep.time = 25ms (default)
2022-05-04 03:14:54,065 [pool-515-thread-1] INFO  server.RaftServerConfigKeys (ConfUtils.java:logGet(44)) - raft.server.rpc.slowness.timeout = 300s (custom)
2022-05-04 03:14:54,065 [pool-515-thread-1] INFO  server.RaftServerConfigKeys (ConfUtils.java:logGet(44)) - raft.server.leaderelection.leader.step-down.wait-time = 10s (default)
2022-05-04 03:14:54,065 [pool-515-thread-1] INFO  server.RaftServerConfigKeys (ConfUtils.java:logGet(44)) - raft.server.sleep.deviation.threshold = 300ms (default)
2022-05-04 03:14:54,065 [pool-515-thread-1] INFO  server.RaftServerConfigKeys (ConfUtils.java:logGet(44)) - raft.server.log.appender.install.snapshot.enabled = false (custom)
2022-05-04 03:14:54,066 [pool-515-thread-1] INFO  server.RaftServer$Division (ServerState.java:<init>(105)) - 94eff94b-5675-4cb0-a39c-290792b903c4@group-434A2F37988D: ConfigurationManager, init=-1: [47ce570f-7478-41dc-b1ba-c530780a94a3|rpc:10.1.0.22:40881|dataStream:|priority:0, b8405861-e810-457b-9581-dead971c3a14|rpc:10.1.0.22:40547|dataStream:|priority:0, 94eff94b-5675-4cb0-a39c-290792b903c4|rpc:10.1.0.22:35275|dataStream:|priority:1], old=null, confs=<EMPTY_MAP>
2022-05-04 03:14:54,066 [pool-515-thread-1] INFO  server.RaftServerConfigKeys (ConfUtils.java:logGet(44)) - raft.server.storage.dir = [/home/runner/work/ozone/ozone/hadoop-ozone/integration-test/target/test-dir/MiniOzoneClusterImpl-ffb4024d-fcb7-425a-91bb-293fa2ccb31b/datanode-1/data/ratis] (custom)
2022-05-04 03:14:54,066 [pool-515-thread-1] INFO  server.RaftServerConfigKeys (ConfUtils.java:logGet(44)) - raft.server.log.corruption.policy = EXCEPTION (default)
2022-05-04 03:14:54,066 [pool-515-thread-1] INFO  server.RaftServerConfigKeys (ConfUtils.java:logGet(44)) - raft.server.storage.free-space.min = 0MB (=0) (default)
2022-05-04 03:14:54,066 [pool-515-thread-1] INFO  storage.RaftStorageDirectory (RaftStorageDirectoryImpl.java:analyzeStorage(135)) - The storage directory /home/runner/work/ozone/ozone/hadoop-ozone/integration-test/target/test-dir/MiniOzoneClusterImpl-ffb4024d-fcb7-425a-91bb-293fa2ccb31b/datanode-1/data/ratis/2dd32b67-cc0f-44e5-bc57-434a2f37988d does not exist. Creating ...
2022-05-04 03:14:54,070 [pool-515-thread-1] INFO  storage.RaftStorageDirectory (RaftStorageDirectoryImpl.java:tryLock(230)) - Lock on /home/runner/work/ozone/ozone/hadoop-ozone/integration-test/target/test-dir/MiniOzoneClusterImpl-ffb4024d-fcb7-425a-91bb-293fa2ccb31b/datanode-1/data/ratis/2dd32b67-cc0f-44e5-bc57-434a2f37988d/in_use.lock acquired by nodename 29567@fv-az270-73
2022-05-04 03:14:54,077 [pool-515-thread-1] INFO  storage.RaftStorage (RaftStorageImpl.java:format(89)) - Storage directory /home/runner/work/ozone/ozone/hadoop-ozone/integration-test/target/test-dir/MiniOzoneClusterImpl-ffb4024d-fcb7-425a-91bb-293fa2ccb31b/datanode-1/data/ratis/2dd32b67-cc0f-44e5-bc57-434a2f37988d has been successfully formatted.
2022-05-04 03:14:54,078 [pool-515-thread-1] INFO  ratis.ContainerStateMachine (ContainerStateMachine.java:loadSnapshot(236)) - group-434A2F37988D: The snapshot info is null. Setting the last applied indexto:(t:0, i:~)
2022-05-04 03:14:54,078 [pool-515-thread-1] INFO  server.RaftServerConfigKeys (ConfUtils.java:logGet(44)) - raft.server.notification.no-leader.timeout = 300s (custom)
2022-05-04 03:14:54,078 [pool-515-thread-1] INFO  server.RaftServerConfigKeys (ConfUtils.java:logGet(44)) - raft.server.log.use.memory = false (default)
2022-05-04 03:14:54,078 [pool-515-thread-1] INFO  server.RaftServerConfigKeys (ConfUtils.java:logGet(44)) - raft.server.log.purge.gap = 1000000 (custom)
2022-05-04 03:14:54,078 [pool-515-thread-1] INFO  server.RaftServerConfigKeys (ConfUtils.java:logGet(44)) - raft.server.log.appender.buffer.byte-limit = 33554432 (custom)
2022-05-04 03:14:54,078 [pool-515-thread-1] INFO  server.RaftServerConfigKeys (ConfUtils.java:logGet(44)) - raft.server.log.segment.size.max = 1048576 (custom)
2022-05-04 03:14:54,097 [pool-515-thread-1] INFO  server.RaftServerConfigKeys (ConfUtils.java:logGet(44)) - raft.server.log.segment.cache.num.max = 2 (custom)
2022-05-04 03:14:54,097 [pool-515-thread-1] INFO  server.RaftServerConfigKeys (ConfUtils.java:logGet(44)) - raft.server.log.segment.cache.size.max = 200MB (=209715200) (default)
2022-05-04 03:14:54,097 [pool-515-thread-1] INFO  segmented.SegmentedRaftLogWorker (SegmentedRaftLogWorker.java:<init>(182)) - new 94eff94b-5675-4cb0-a39c-290792b903c4@group-434A2F37988D-SegmentedRaftLogWorker for RaftStorageImpl:Storage Directory /home/runner/work/ozone/ozone/hadoop-ozone/integration-test/target/test-dir/MiniOzoneClusterImpl-ffb4024d-fcb7-425a-91bb-293fa2ccb31b/datanode-1/data/ratis/2dd32b67-cc0f-44e5-bc57-434a2f37988d
2022-05-04 03:14:54,097 [pool-515-thread-1] INFO  server.RaftServerConfigKeys (ConfUtils.java:logGet(44)) - raft.server.log.queue.byte-limit = 4294967296 (custom)
2022-05-04 03:14:54,097 [pool-515-thread-1] INFO  server.RaftServerConfigKeys (ConfUtils.java:logGet(44)) - raft.server.log.queue.element-limit = 1024 (custom)
2022-05-04 03:14:54,100 [pool-515-thread-1] INFO  server.RaftServerConfigKeys (ConfUtils.java:logGet(44)) - raft.server.log.segment.size.max = 1048576 (custom)
2022-05-04 03:14:54,100 [pool-515-thread-1] INFO  server.RaftServerConfigKeys (ConfUtils.java:logGet(44)) - raft.server.log.preallocated.size = 16384 (custom)
2022-05-04 03:14:54,100 [pool-515-thread-1] INFO  server.RaftServerConfigKeys (ConfUtils.java:logGet(44)) - raft.server.log.force.sync.num = 128 (default)
2022-05-04 03:14:54,100 [pool-515-thread-1] INFO  server.RaftServerConfigKeys (ConfUtils.java:logGet(44)) - raft.server.log.statemachine.data.sync = true (default)
2022-05-04 03:14:54,100 [pool-515-thread-1] INFO  server.RaftServerConfigKeys (ConfUtils.java:logGet(44)) - raft.server.log.statemachine.data.sync.timeout = 10s (default)
2022-05-04 03:14:54,102 [pool-515-thread-1] INFO  server.RaftServerConfigKeys (ConfUtils.java:logGet(44)) - raft.server.log.statemachine.data.sync.timeout.retry = -1 (default)
2022-05-04 03:14:54,103 [pool-515-thread-1] INFO  server.RaftServerConfigKeys (ConfUtils.java:logGet(44)) - raft.server.log.write.buffer.size = 1048576 (custom)
2022-05-04 03:14:54,104 [pool-515-thread-1] INFO  server.RaftServerConfigKeys (ConfUtils.java:logGet(44)) - raft.server.log.statemachine.data.caching.enabled = true (custom)
2022-05-04 03:14:54,104 [pool-515-thread-1] INFO  segmented.SegmentedRaftLogWorker (SegmentedRaftLogWorker.java:lambda$new$0(133)) - 94eff94b-5675-4cb0-a39c-290792b903c4@group-434A2F37988D-SegmentedRaftLogWorker: flushIndex: setUnconditionally 0 -> -1
2022-05-04 03:14:54,104 [pool-515-thread-1] INFO  segmented.SegmentedRaftLogWorker (SegmentedRaftLogWorker.java:lambda$new$0(133)) - 94eff94b-5675-4cb0-a39c-290792b903c4@group-434A2F37988D-SegmentedRaftLogWorker: safeCacheEvictIndex: setUnconditionally 0 -> -1
2022-05-04 03:14:54,129 [pool-515-thread-1] INFO  server.RaftServerConfigKeys (ConfUtils.java:logGet(44)) - raft.server.snapshot.auto.trigger.enabled = true (custom)
2022-05-04 03:14:54,129 [pool-515-thread-1] INFO  server.RaftServerConfigKeys (ConfUtils.java:logGet(44)) - raft.server.snapshot.auto.trigger.threshold = 10000 (custom)
2022-05-04 03:14:54,129 [pool-515-thread-1] INFO  server.RaftServerConfigKeys (ConfUtils.java:logGet(44)) - raft.server.snapshot.retention.file.num = 5 (custom)
2022-05-04 03:14:54,129 [pool-515-thread-1] INFO  server.RaftServerConfigKeys (ConfUtils.java:logGet(44)) - raft.server.log.purge.upto.snapshot.index = false (default)
2022-05-04 03:14:54,129 [pool-515-thread-1] INFO  server.RaftServerConfigKeys (ConfUtils.java:logGet(44)) - raft.server.retrycache.expirytime = 600000ms (custom)
2022-05-04 03:14:54,129 [pool-515-thread-1] INFO  server.RaftServerConfigKeys (ConfUtils.java:logGet(44)) - raft.server.retrycache.statistics.expirytime = 100μs (default)
2022-05-04 03:14:54,131 [pool-515-thread-1] INFO  server.RaftServer$Division (RaftServerImpl.java:start(301)) - 94eff94b-5675-4cb0-a39c-290792b903c4@group-434A2F37988D: start as a follower, conf=-1: [47ce570f-7478-41dc-b1ba-c530780a94a3|rpc:10.1.0.22:40881|dataStream:|priority:0, b8405861-e810-457b-9581-dead971c3a14|rpc:10.1.0.22:40547|dataStream:|priority:0, 94eff94b-5675-4cb0-a39c-290792b903c4|rpc:10.1.0.22:35275|dataStream:|priority:1], old=null
2022-05-04 03:14:54,131 [pool-515-thread-1] INFO  server.RaftServer$Division (RaftServerImpl.java:setRole(290)) - 94eff94b-5675-4cb0-a39c-290792b903c4@group-434A2F37988D: changes role from      null to FOLLOWER at term 0 for startAsFollower
2022-05-04 03:14:54,131 [pool-515-thread-1] INFO  impl.RoleInfo (RoleInfo.java:updateAndGet(130)) - 94eff94b-5675-4cb0-a39c-290792b903c4: start 94eff94b-5675-4cb0-a39c-290792b903c4@group-434A2F37988D-FollowerState
2022-05-04 03:14:54,136 [pool-515-thread-1] INFO  util.JmxRegister (JmxRegister.java:tryRegister(44)) - Successfully registered JMX Bean with object name Ratis:service=RaftServer,group=group-434A2F37988D,id=94eff94b-5675-4cb0-a39c-290792b903c4
2022-05-04 03:14:54,224 [grpc-default-executor-0] INFO  server.RaftServer (RaftServerProxy.java:addNew(95)) - 47ce570f-7478-41dc-b1ba-c530780a94a3: addNew group-434A2F37988D:[47ce570f-7478-41dc-b1ba-c530780a94a3|rpc:10.1.0.22:40881|dataStream:|priority:0, b8405861-e810-457b-9581-dead971c3a14|rpc:10.1.0.22:40547|dataStream:|priority:0, 94eff94b-5675-4cb0-a39c-290792b903c4|rpc:10.1.0.22:35275|dataStream:|priority:1] returns group-434A2F37988D:java.util.concurrent.CompletableFuture@2b26a456[Not completed]
2022-05-04 03:14:54,225 [pool-536-thread-1] INFO  server.RaftServer$Division (RaftServerImpl.java:<init>(184)) - 47ce570f-7478-41dc-b1ba-c530780a94a3: new RaftServerImpl for group-434A2F37988D:[47ce570f-7478-41dc-b1ba-c530780a94a3|rpc:10.1.0.22:40881|dataStream:|priority:0, b8405861-e810-457b-9581-dead971c3a14|rpc:10.1.0.22:40547|dataStream:|priority:0, 94eff94b-5675-4cb0-a39c-290792b903c4|rpc:10.1.0.22:35275|dataStream:|priority:1] with ContainerStateMachine:uninitialized
2022-05-04 03:14:54,225 [pool-536-thread-1] INFO  server.RaftServerConfigKeys (ConfUtils.java:logGet(44)) - raft.server.rpc.timeout.min = 5s (custom)
2022-05-04 03:14:54,225 [pool-536-thread-1] INFO  server.RaftServerConfigKeys (ConfUtils.java:logGet(44)) - raft.server.rpc.timeout.max = 5200ms (custom)
2022-05-04 03:14:54,225 [pool-536-thread-1] INFO  server.RaftServerConfigKeys (ConfUtils.java:logGet(44)) - raft.server.rpc.sleep.time = 25ms (default)
2022-05-04 03:14:54,225 [pool-536-thread-1] INFO  server.RaftServerConfigKeys (ConfUtils.java:logGet(44)) - raft.server.rpc.slowness.timeout = 300s (custom)
2022-05-04 03:14:54,225 [pool-536-thread-1] INFO  server.RaftServerConfigKeys (ConfUtils.java:logGet(44)) - raft.server.leaderelection.leader.step-down.wait-time = 10s (default)
2022-05-04 03:14:54,225 [pool-536-thread-1] INFO  server.RaftServerConfigKeys (ConfUtils.java:logGet(44)) - raft.server.sleep.deviation.threshold = 300ms (default)
2022-05-04 03:14:54,225 [pool-536-thread-1] INFO  server.RaftServerConfigKeys (ConfUtils.java:logGet(44)) - raft.server.log.appender.install.snapshot.enabled = false (custom)
2022-05-04 03:14:54,225 [pool-536-thread-1] INFO  server.RaftServer$Division (ServerState.java:<init>(105)) - 47ce570f-7478-41dc-b1ba-c530780a94a3@group-434A2F37988D: ConfigurationManager, init=-1: [47ce570f-7478-41dc-b1ba-c530780a94a3|rpc:10.1.0.22:40881|dataStream:|priority:0, b8405861-e810-457b-9581-dead971c3a14|rpc:10.1.0.22:40547|dataStream:|priority:0, 94eff94b-5675-4cb0-a39c-290792b903c4|rpc:10.1.0.22:35275|dataStream:|priority:1], old=null, confs=<EMPTY_MAP>
2022-05-04 03:14:54,225 [pool-536-thread-1] INFO  server.RaftServerConfigKeys (ConfUtils.java:logGet(44)) - raft.server.storage.dir = [/home/runner/work/ozone/ozone/hadoop-ozone/integration-test/target/test-dir/MiniOzoneClusterImpl-ffb4024d-fcb7-425a-91bb-293fa2ccb31b/datanode-2/data/ratis] (custom)
2022-05-04 03:14:54,226 [pool-536-thread-1] INFO  server.RaftServerConfigKeys (ConfUtils.java:logGet(44)) - raft.server.log.corruption.policy = EXCEPTION (default)
2022-05-04 03:14:54,226 [pool-536-thread-1] INFO  server.RaftServerConfigKeys (ConfUtils.java:logGet(44)) - raft.server.storage.free-space.min = 0MB (=0) (default)
2022-05-04 03:14:54,226 [pool-536-thread-1] INFO  storage.RaftStorageDirectory (RaftStorageDirectoryImpl.java:analyzeStorage(135)) - The storage directory /home/runner/work/ozone/ozone/hadoop-ozone/integration-test/target/test-dir/MiniOzoneClusterImpl-ffb4024d-fcb7-425a-91bb-293fa2ccb31b/datanode-2/data/ratis/2dd32b67-cc0f-44e5-bc57-434a2f37988d does not exist. Creating ...
2022-05-04 03:14:54,227 [pool-536-thread-1] INFO  storage.RaftStorageDirectory (RaftStorageDirectoryImpl.java:tryLock(230)) - Lock on /home/runner/work/ozone/ozone/hadoop-ozone/integration-test/target/test-dir/MiniOzoneClusterImpl-ffb4024d-fcb7-425a-91bb-293fa2ccb31b/datanode-2/data/ratis/2dd32b67-cc0f-44e5-bc57-434a2f37988d/in_use.lock acquired by nodename 29567@fv-az270-73
2022-05-04 03:14:54,228 [pool-536-thread-1] INFO  storage.RaftStorage (RaftStorageImpl.java:format(89)) - Storage directory /home/runner/work/ozone/ozone/hadoop-ozone/integration-test/target/test-dir/MiniOzoneClusterImpl-ffb4024d-fcb7-425a-91bb-293fa2ccb31b/datanode-2/data/ratis/2dd32b67-cc0f-44e5-bc57-434a2f37988d has been successfully formatted.
2022-05-04 03:14:54,229 [pool-536-thread-1] INFO  ratis.ContainerStateMachine (ContainerStateMachine.java:loadSnapshot(236)) - group-434A2F37988D: The snapshot info is null. Setting the last applied indexto:(t:0, i:~)
2022-05-04 03:14:54,229 [pool-536-thread-1] INFO  server.RaftServerConfigKeys (ConfUtils.java:logGet(44)) - raft.server.notification.no-leader.timeout = 300s (custom)
2022-05-04 03:14:54,229 [pool-536-thread-1] INFO  server.RaftServerConfigKeys (ConfUtils.java:logGet(44)) - raft.server.log.use.memory = false (default)
2022-05-04 03:14:54,230 [pool-536-thread-1] INFO  server.RaftServerConfigKeys (ConfUtils.java:logGet(44)) - raft.server.log.purge.gap = 1000000 (custom)
2022-05-04 03:14:54,230 [pool-536-thread-1] INFO  server.RaftServerConfigKeys (ConfUtils.java:logGet(44)) - raft.server.log.appender.buffer.byte-limit = 33554432 (custom)
2022-05-04 03:14:54,230 [pool-536-thread-1] INFO  server.RaftServerConfigKeys (ConfUtils.java:logGet(44)) - raft.server.log.segment.size.max = 1048576 (custom)
2022-05-04 03:14:54,230 [pool-536-thread-1] INFO  server.RaftServerConfigKeys (ConfUtils.java:logGet(44)) - raft.server.log.segment.cache.num.max = 2 (custom)
2022-05-04 03:14:54,230 [pool-536-thread-1] INFO  server.RaftServerConfigKeys (ConfUtils.java:logGet(44)) - raft.server.log.segment.cache.size.max = 200MB (=209715200) (default)
2022-05-04 03:14:54,230 [pool-536-thread-1] INFO  segmented.SegmentedRaftLogWorker (SegmentedRaftLogWorker.java:<init>(182)) - new 47ce570f-7478-41dc-b1ba-c530780a94a3@group-434A2F37988D-SegmentedRaftLogWorker for RaftStorageImpl:Storage Directory /home/runner/work/ozone/ozone/hadoop-ozone/integration-test/target/test-dir/MiniOzoneClusterImpl-ffb4024d-fcb7-425a-91bb-293fa2ccb31b/datanode-2/data/ratis/2dd32b67-cc0f-44e5-bc57-434a2f37988d
2022-05-04 03:14:54,231 [pool-536-thread-1] INFO  server.RaftServerConfigKeys (ConfUtils.java:logGet(44)) - raft.server.log.queue.byte-limit = 4294967296 (custom)
2022-05-04 03:14:54,231 [pool-536-thread-1] INFO  server.RaftServerConfigKeys (ConfUtils.java:logGet(44)) - raft.server.log.queue.element-limit = 1024 (custom)
2022-05-04 03:14:54,231 [pool-536-thread-1] INFO  server.RaftServerConfigKeys (ConfUtils.java:logGet(44)) - raft.server.log.segment.size.max = 1048576 (custom)
2022-05-04 03:14:54,231 [pool-536-thread-1] INFO  server.RaftServerConfigKeys (ConfUtils.java:logGet(44)) - raft.server.log.preallocated.size = 16384 (custom)
2022-05-04 03:14:54,231 [pool-536-thread-1] INFO  server.RaftServerConfigKeys (ConfUtils.java:logGet(44)) - raft.server.log.force.sync.num = 128 (default)
2022-05-04 03:14:54,231 [pool-536-thread-1] INFO  server.RaftServerConfigKeys (ConfUtils.java:logGet(44)) - raft.server.log.statemachine.data.sync = true (default)
2022-05-04 03:14:54,231 [pool-536-thread-1] INFO  server.RaftServerConfigKeys (ConfUtils.java:logGet(44)) - raft.server.log.statemachine.data.sync.timeout = 10s (default)
2022-05-04 03:14:54,231 [pool-536-thread-1] INFO  server.RaftServerConfigKeys (ConfUtils.java:logGet(44)) - raft.server.log.statemachine.data.sync.timeout.retry = -1 (default)
2022-05-04 03:14:54,232 [pool-536-thread-1] INFO  server.RaftServerConfigKeys (ConfUtils.java:logGet(44)) - raft.server.log.write.buffer.size = 1048576 (custom)
2022-05-04 03:14:54,233 [pool-536-thread-1] INFO  server.RaftServerConfigKeys (ConfUtils.java:logGet(44)) - raft.server.log.statemachine.data.caching.enabled = true (custom)
2022-05-04 03:14:54,233 [pool-536-thread-1] INFO  segmented.SegmentedRaftLogWorker (SegmentedRaftLogWorker.java:lambda$new$0(133)) - 47ce570f-7478-41dc-b1ba-c530780a94a3@group-434A2F37988D-SegmentedRaftLogWorker: flushIndex: setUnconditionally 0 -> -1
2022-05-04 03:14:54,233 [pool-536-thread-1] INFO  segmented.SegmentedRaftLogWorker (SegmentedRaftLogWorker.java:lambda$new$0(133)) - 47ce570f-7478-41dc-b1ba-c530780a94a3@group-434A2F37988D-SegmentedRaftLogWorker: safeCacheEvictIndex: setUnconditionally 0 -> -1
2022-05-04 03:14:54,245 [Command processor thread] INFO  server.RaftServer (RaftServerProxy.java:addNew(95)) - 94eff94b-5675-4cb0-a39c-290792b903c4: addNew group-F76310959E2C:[94eff94b-5675-4cb0-a39c-290792b903c4|rpc:10.1.0.22:35275|priority:1] returns group-F76310959E2C:java.util.concurrent.CompletableFuture@e349250[Not completed]
2022-05-04 03:14:54,246 [pool-515-thread-1] INFO  server.RaftServer$Division (RaftServerImpl.java:<init>(184)) - 94eff94b-5675-4cb0-a39c-290792b903c4: new RaftServerImpl for group-F76310959E2C:[94eff94b-5675-4cb0-a39c-290792b903c4|rpc:10.1.0.22:35275|priority:1] with ContainerStateMachine:uninitialized
2022-05-04 03:14:54,246 [pool-515-thread-1] INFO  server.RaftServerConfigKeys (ConfUtils.java:logGet(44)) - raft.server.rpc.timeout.min = 5s (custom)
2022-05-04 03:14:54,246 [pool-515-thread-1] INFO  server.RaftServerConfigKeys (ConfUtils.java:logGet(44)) - raft.server.rpc.timeout.max = 5200ms (custom)
2022-05-04 03:14:54,246 [pool-515-thread-1] INFO  server.RaftServerConfigKeys (ConfUtils.java:logGet(44)) - raft.server.rpc.sleep.time = 25ms (default)
2022-05-04 03:14:54,246 [pool-515-thread-1] INFO  server.RaftServerConfigKeys (ConfUtils.java:logGet(44)) - raft.server.rpc.slowness.timeout = 300s (custom)
2022-05-04 03:14:54,246 [pool-515-thread-1] INFO  server.RaftServerConfigKeys (ConfUtils.java:logGet(44)) - raft.server.leaderelection.leader.step-down.wait-time = 10s (default)
2022-05-04 03:14:54,246 [pool-515-thread-1] INFO  server.RaftServerConfigKeys (ConfUtils.java:logGet(44)) - raft.server.sleep.deviation.threshold = 300ms (default)
2022-05-04 03:14:54,246 [pool-515-thread-1] INFO  server.RaftServerConfigKeys (ConfUtils.java:logGet(44)) - raft.server.log.appender.install.snapshot.enabled = false (custom)
2022-05-04 03:14:54,246 [pool-515-thread-1] INFO  server.RaftServer$Division (ServerState.java:<init>(105)) - 94eff94b-5675-4cb0-a39c-290792b903c4@group-F76310959E2C: ConfigurationManager, init=-1: [94eff94b-5675-4cb0-a39c-290792b903c4|rpc:10.1.0.22:35275|priority:1], old=null, confs=<EMPTY_MAP>
2022-05-04 03:14:54,247 [pool-515-thread-1] INFO  server.RaftServerConfigKeys (ConfUtils.java:logGet(44)) - raft.server.storage.dir = [/home/runner/work/ozone/ozone/hadoop-ozone/integration-test/target/test-dir/MiniOzoneClusterImpl-ffb4024d-fcb7-425a-91bb-293fa2ccb31b/datanode-1/data/ratis] (custom)
2022-05-04 03:14:54,247 [pool-515-thread-1] INFO  server.RaftServerConfigKeys (ConfUtils.java:logGet(44)) - raft.server.log.corruption.policy = EXCEPTION (default)
2022-05-04 03:14:54,247 [pool-515-thread-1] INFO  server.RaftServerConfigKeys (ConfUtils.java:logGet(44)) - raft.server.storage.free-space.min = 0MB (=0) (default)
2022-05-04 03:14:54,247 [pool-515-thread-1] INFO  storage.RaftStorageDirectory (RaftStorageDirectoryImpl.java:analyzeStorage(135)) - The storage directory /home/runner/work/ozone/ozone/hadoop-ozone/integration-test/target/test-dir/MiniOzoneClusterImpl-ffb4024d-fcb7-425a-91bb-293fa2ccb31b/datanode-1/data/ratis/4583670a-1ad2-4f29-82bb-f76310959e2c does not exist. Creating ...
2022-05-04 03:14:54,247 [pool-536-thread-1] INFO  server.RaftServerConfigKeys (ConfUtils.java:logGet(44)) - raft.server.snapshot.auto.trigger.enabled = true (custom)
2022-05-04 03:14:54,248 [pool-536-thread-1] INFO  server.RaftServerConfigKeys (ConfUtils.java:logGet(44)) - raft.server.snapshot.auto.trigger.threshold = 10000 (custom)
2022-05-04 03:14:54,248 [pool-536-thread-1] INFO  server.RaftServerConfigKeys (ConfUtils.java:logGet(44)) - raft.server.snapshot.retention.file.num = 5 (custom)
2022-05-04 03:14:54,248 [pool-536-thread-1] INFO  server.RaftServerConfigKeys (ConfUtils.java:logGet(44)) - raft.server.log.purge.upto.snapshot.index = false (default)
2022-05-04 03:14:54,248 [pool-536-thread-1] INFO  server.RaftServerConfigKeys (ConfUtils.java:logGet(44)) - raft.server.retrycache.expirytime = 600000ms (custom)
2022-05-04 03:14:54,248 [pool-536-thread-1] INFO  server.RaftServerConfigKeys (ConfUtils.java:logGet(44)) - raft.server.retrycache.statistics.expirytime = 100μs (default)
2022-05-04 03:14:54,248 [pool-515-thread-1] INFO  storage.RaftStorageDirectory (RaftStorageDirectoryImpl.java:tryLock(230)) - Lock on /home/runner/work/ozone/ozone/hadoop-ozone/integration-test/target/test-dir/MiniOzoneClusterImpl-ffb4024d-fcb7-425a-91bb-293fa2ccb31b/datanode-1/data/ratis/4583670a-1ad2-4f29-82bb-f76310959e2c/in_use.lock acquired by nodename 29567@fv-az270-73
2022-05-04 03:14:54,250 [pool-536-thread-1] INFO  server.RaftServer$Division (RaftServerImpl.java:start(301)) - 47ce570f-7478-41dc-b1ba-c530780a94a3@group-434A2F37988D: start as a follower, conf=-1: [47ce570f-7478-41dc-b1ba-c530780a94a3|rpc:10.1.0.22:40881|dataStream:|priority:0, b8405861-e810-457b-9581-dead971c3a14|rpc:10.1.0.22:40547|dataStream:|priority:0, 94eff94b-5675-4cb0-a39c-290792b903c4|rpc:10.1.0.22:35275|dataStream:|priority:1], old=null
2022-05-04 03:14:54,250 [pool-536-thread-1] INFO  server.RaftServer$Division (RaftServerImpl.java:setRole(290)) - 47ce570f-7478-41dc-b1ba-c530780a94a3@group-434A2F37988D: changes role from      null to FOLLOWER at term 0 for startAsFollower
2022-05-04 03:14:54,250 [pool-536-thread-1] INFO  impl.RoleInfo (RoleInfo.java:updateAndGet(130)) - 47ce570f-7478-41dc-b1ba-c530780a94a3: start 47ce570f-7478-41dc-b1ba-c530780a94a3@group-434A2F37988D-FollowerState
2022-05-04 03:14:54,250 [pool-536-thread-1] INFO  util.JmxRegister (JmxRegister.java:tryRegister(44)) - Successfully registered JMX Bean with object name Ratis:service=RaftServer,group=group-434A2F37988D,id=47ce570f-7478-41dc-b1ba-c530780a94a3
2022-05-04 03:14:54,250 [pool-515-thread-1] INFO  storage.RaftStorage (RaftStorageImpl.java:format(89)) - Storage directory /home/runner/work/ozone/ozone/hadoop-ozone/integration-test/target/test-dir/MiniOzoneClusterImpl-ffb4024d-fcb7-425a-91bb-293fa2ccb31b/datanode-1/data/ratis/4583670a-1ad2-4f29-82bb-f76310959e2c has been successfully formatted.
2022-05-04 03:14:54,262 [pool-515-thread-1] INFO  ratis.ContainerStateMachine (ContainerStateMachine.java:loadSnapshot(236)) - group-F76310959E2C: The snapshot info is null. Setting the last applied indexto:(t:0, i:~)
2022-05-04 03:14:54,262 [pool-515-thread-1] INFO  server.RaftServerConfigKeys (ConfUtils.java:logGet(44)) - raft.server.notification.no-leader.timeout = 300s (custom)
2022-05-04 03:14:54,262 [pool-515-thread-1] INFO  server.RaftServerConfigKeys (ConfUtils.java:logGet(44)) - raft.server.log.use.memory = false (default)
2022-05-04 03:14:54,262 [pool-515-thread-1] INFO  server.RaftServerConfigKeys (ConfUtils.java:logGet(44)) - raft.server.log.purge.gap = 1000000 (custom)
2022-05-04 03:14:54,262 [pool-515-thread-1] INFO  server.RaftServerConfigKeys (ConfUtils.java:logGet(44)) - raft.server.log.appender.buffer.byte-limit = 33554432 (custom)
2022-05-04 03:14:54,263 [pool-515-thread-1] INFO  server.RaftServerConfigKeys (ConfUtils.java:logGet(44)) - raft.server.log.segment.size.max = 1048576 (custom)
2022-05-04 03:14:54,263 [pool-515-thread-1] INFO  server.RaftServerConfigKeys (ConfUtils.java:logGet(44)) - raft.server.log.segment.cache.num.max = 2 (custom)
2022-05-04 03:14:54,263 [pool-515-thread-1] INFO  server.RaftServerConfigKeys (ConfUtils.java:logGet(44)) - raft.server.log.segment.cache.size.max = 200MB (=209715200) (default)
2022-05-04 03:14:54,263 [pool-515-thread-1] INFO  segmented.SegmentedRaftLogWorker (SegmentedRaftLogWorker.java:<init>(182)) - new 94eff94b-5675-4cb0-a39c-290792b903c4@group-F76310959E2C-SegmentedRaftLogWorker for RaftStorageImpl:Storage Directory /home/runner/work/ozone/ozone/hadoop-ozone/integration-test/target/test-dir/MiniOzoneClusterImpl-ffb4024d-fcb7-425a-91bb-293fa2ccb31b/datanode-1/data/ratis/4583670a-1ad2-4f29-82bb-f76310959e2c
2022-05-04 03:14:54,263 [pool-515-thread-1] INFO  server.RaftServerConfigKeys (ConfUtils.java:logGet(44)) - raft.server.log.queue.byte-limit = 4294967296 (custom)
2022-05-04 03:14:54,263 [pool-515-thread-1] INFO  server.RaftServerConfigKeys (ConfUtils.java:logGet(44)) - raft.server.log.queue.element-limit = 1024 (custom)
2022-05-04 03:14:54,263 [pool-515-thread-1] INFO  server.RaftServerConfigKeys (ConfUtils.java:logGet(44)) - raft.server.log.segment.size.max = 1048576 (custom)
2022-05-04 03:14:54,263 [pool-515-thread-1] INFO  server.RaftServerConfigKeys (ConfUtils.java:logGet(44)) - raft.server.log.preallocated.size = 16384 (custom)
2022-05-04 03:14:54,263 [pool-515-thread-1] INFO  server.RaftServerConfigKeys (ConfUtils.java:logGet(44)) - raft.server.log.force.sync.num = 128 (default)
2022-05-04 03:14:54,263 [pool-515-thread-1] INFO  server.RaftServerConfigKeys (ConfUtils.java:logGet(44)) - raft.server.log.statemachine.data.sync = true (default)
2022-05-04 03:14:54,264 [pool-515-thread-1] INFO  server.RaftServerConfigKeys (ConfUtils.java:logGet(44)) - raft.server.log.statemachine.data.sync.timeout = 10s (default)
2022-05-04 03:14:54,264 [pool-515-thread-1] INFO  server.RaftServerConfigKeys (ConfUtils.java:logGet(44)) - raft.server.log.statemachine.data.sync.timeout.retry = -1 (default)
2022-05-04 03:14:54,266 [pool-515-thread-1] INFO  server.RaftServerConfigKeys (ConfUtils.java:logGet(44)) - raft.server.log.write.buffer.size = 1048576 (custom)
2022-05-04 03:14:54,267 [pool-515-thread-1] INFO  server.RaftServerConfigKeys (ConfUtils.java:logGet(44)) - raft.server.log.statemachine.data.caching.enabled = true (custom)
2022-05-04 03:14:54,267 [pool-515-thread-1] INFO  segmented.SegmentedRaftLogWorker (SegmentedRaftLogWorker.java:lambda$new$0(133)) - 94eff94b-5675-4cb0-a39c-290792b903c4@group-F76310959E2C-SegmentedRaftLogWorker: flushIndex: setUnconditionally 0 -> -1
2022-05-04 03:14:54,267 [pool-515-thread-1] INFO  segmented.SegmentedRaftLogWorker (SegmentedRaftLogWorker.java:lambda$new$0(133)) - 94eff94b-5675-4cb0-a39c-290792b903c4@group-F76310959E2C-SegmentedRaftLogWorker: safeCacheEvictIndex: setUnconditionally 0 -> -1
2022-05-04 03:14:54,269 [EventQueue-PipelineReportForPipelineReportHandler] INFO  pipeline.PipelineManagerImpl (PipelineManagerImpl.java:openPipeline(328)) - Pipeline Pipeline[ Id: 4583670a-1ad2-4f29-82bb-f76310959e2c, Nodes: 94eff94b-5675-4cb0-a39c-290792b903c4{ip: 10.1.0.22, host: fv-az270-73.tacnzluakwdehk1hpragurqkma.bx.internal.cloudapp.net, ports: [REPLICATION=43917, RATIS=35275, RATIS_ADMIN=35275, RATIS_SERVER=35275, STANDALONE=40937], networkLocation: /default-rack, certSerialId: null, persistedOpState: IN_SERVICE, persistedOpStateExpiryEpochSec: 0}, ReplicationConfig: RATIS/ONE, State:ALLOCATED, leaderId:94eff94b-5675-4cb0-a39c-290792b903c4, CreationTimestamp2022-05-04T03:14:51.251Z[Etc/UTC]] moved to OPEN state
2022-05-04 03:14:54,269 [EventQueue-OpenPipelineForHealthyPipelineSafeModeRule] INFO  safemode.SCMSafeModeManager (HealthyPipelineSafeModeRule.java:process(124)) - SCM in safe mode. Healthy pipelines reported count is 0, required healthy pipeline reported count is 1
2022-05-04 03:14:54,296 [pool-515-thread-1] INFO  server.RaftServerConfigKeys (ConfUtils.java:logGet(44)) - raft.server.snapshot.auto.trigger.enabled = true (custom)
2022-05-04 03:14:54,296 [pool-515-thread-1] INFO  server.RaftServerConfigKeys (ConfUtils.java:logGet(44)) - raft.server.snapshot.auto.trigger.threshold = 10000 (custom)
2022-05-04 03:14:54,296 [pool-515-thread-1] INFO  server.RaftServerConfigKeys (ConfUtils.java:logGet(44)) - raft.server.snapshot.retention.file.num = 5 (custom)
2022-05-04 03:14:54,296 [pool-515-thread-1] INFO  server.RaftServerConfigKeys (ConfUtils.java:logGet(44)) - raft.server.log.purge.upto.snapshot.index = false (default)
2022-05-04 03:14:54,296 [pool-515-thread-1] INFO  server.RaftServerConfigKeys (ConfUtils.java:logGet(44)) - raft.server.retrycache.expirytime = 600000ms (custom)
2022-05-04 03:14:54,296 [pool-515-thread-1] INFO  server.RaftServerConfigKeys (ConfUtils.java:logGet(44)) - raft.server.retrycache.statistics.expirytime = 100μs (default)
2022-05-04 03:14:54,297 [pool-515-thread-1] INFO  server.RaftServer$Division (RaftServerImpl.java:start(301)) - 94eff94b-5675-4cb0-a39c-290792b903c4@group-F76310959E2C: start as a follower, conf=-1: [94eff94b-5675-4cb0-a39c-290792b903c4|rpc:10.1.0.22:35275|priority:1], old=null
2022-05-04 03:14:54,297 [pool-515-thread-1] INFO  server.RaftServer$Division (RaftServerImpl.java:setRole(290)) - 94eff94b-5675-4cb0-a39c-290792b903c4@group-F76310959E2C: changes role from      null to FOLLOWER at term 0 for startAsFollower
2022-05-04 03:14:54,297 [pool-515-thread-1] INFO  impl.RoleInfo (RoleInfo.java:updateAndGet(130)) - 94eff94b-5675-4cb0-a39c-290792b903c4: start 94eff94b-5675-4cb0-a39c-290792b903c4@group-F76310959E2C-FollowerState
2022-05-04 03:14:54,302 [pool-515-thread-1] INFO  util.JmxRegister (JmxRegister.java:tryRegister(44)) - Successfully registered JMX Bean with object name Ratis:service=RaftServer,group=group-F76310959E2C,id=94eff94b-5675-4cb0-a39c-290792b903c4
2022-05-04 03:14:54,313 [Command processor thread] INFO  ratis.XceiverServerRatis (XceiverServerRatis.java:addGroup(765)) - Created group PipelineID=4583670a-1ad2-4f29-82bb-f76310959e2c
2022-05-04 03:14:54,313 [Command processor thread] INFO  commandhandler.CreatePipelineCommandHandler (CreatePipelineCommandHandler.java:handle(113)) - Created Pipeline RATIS ONE PipelineID=4583670a-1ad2-4f29-82bb-f76310959e2c.
2022-05-04 03:14:54,318 [Command processor thread] INFO  commandhandler.CreatePipelineCommandHandler (CreatePipelineCommandHandler.java:handle(113)) - Created Pipeline RATIS THREE PipelineID=2dd32b67-cc0f-44e5-bc57-434a2f37988d.
2022-05-04 03:14:54,805 [Listener at 127.0.0.1/33297] INFO  ozone.MiniOzoneClusterImpl (MiniOzoneClusterImpl.java:lambda$waitForClusterToBeReady$0(221)) - Nodes are ready. Got 5 of 5 DN Heartbeats.
2022-05-04 03:14:54,806 [Listener at 127.0.0.1/33297] INFO  ozone.MiniOzoneClusterImpl (MiniOzoneClusterImpl.java:lambda$waitForClusterToBeReady$0(224)) - Waiting for cluster to exit safe mode
2022-05-04 03:14:54,806 [Listener at 127.0.0.1/33297] INFO  ozone.MiniOzoneClusterImpl (MiniOzoneClusterImpl.java:lambda$waitForClusterToBeReady$0(226)) - SCM became leader
2022-05-04 03:14:54,922 [Command processor thread] INFO  server.RaftServer (RaftServerProxy.java:addNew(95)) - 47ce570f-7478-41dc-b1ba-c530780a94a3: addNew group-3233C63FDC2B:[47ce570f-7478-41dc-b1ba-c530780a94a3|rpc:10.1.0.22:40881|priority:1] returns group-3233C63FDC2B:java.util.concurrent.CompletableFuture@5bf2be9b[Not completed]
2022-05-04 03:14:54,924 [pool-536-thread-1] INFO  server.RaftServer$Division (RaftServerImpl.java:<init>(184)) - 47ce570f-7478-41dc-b1ba-c530780a94a3: new RaftServerImpl for group-3233C63FDC2B:[47ce570f-7478-41dc-b1ba-c530780a94a3|rpc:10.1.0.22:40881|priority:1] with ContainerStateMachine:uninitialized
2022-05-04 03:14:54,924 [pool-536-thread-1] INFO  server.RaftServerConfigKeys (ConfUtils.java:logGet(44)) - raft.server.rpc.timeout.min = 5s (custom)
2022-05-04 03:14:54,924 [pool-536-thread-1] INFO  server.RaftServerConfigKeys (ConfUtils.java:logGet(44)) - raft.server.rpc.timeout.max = 5200ms (custom)
2022-05-04 03:14:54,924 [pool-536-thread-1] INFO  server.RaftServerConfigKeys (ConfUtils.java:logGet(44)) - raft.server.rpc.sleep.time = 25ms (default)
2022-05-04 03:14:54,924 [pool-536-thread-1] INFO  server.RaftServerConfigKeys (ConfUtils.java:logGet(44)) - raft.server.rpc.slowness.timeout = 300s (custom)
2022-05-04 03:14:54,924 [pool-536-thread-1] INFO  server.RaftServerConfigKeys (ConfUtils.java:logGet(44)) - raft.server.leaderelection.leader.step-down.wait-time = 10s (default)
2022-05-04 03:14:54,924 [pool-536-thread-1] INFO  server.RaftServerConfigKeys (ConfUtils.java:logGet(44)) - raft.server.sleep.deviation.threshold = 300ms (default)
2022-05-04 03:14:54,924 [pool-536-thread-1] INFO  server.RaftServerConfigKeys (ConfUtils.java:logGet(44)) - raft.server.log.appender.install.snapshot.enabled = false (custom)
2022-05-04 03:14:54,924 [pool-536-thread-1] INFO  server.RaftServer$Division (ServerState.java:<init>(105)) - 47ce570f-7478-41dc-b1ba-c530780a94a3@group-3233C63FDC2B: ConfigurationManager, init=-1: [47ce570f-7478-41dc-b1ba-c530780a94a3|rpc:10.1.0.22:40881|priority:1], old=null, confs=<EMPTY_MAP>
2022-05-04 03:14:54,925 [pool-536-thread-1] INFO  server.RaftServerConfigKeys (ConfUtils.java:logGet(44)) - raft.server.storage.dir = [/home/runner/work/ozone/ozone/hadoop-ozone/integration-test/target/test-dir/MiniOzoneClusterImpl-ffb4024d-fcb7-425a-91bb-293fa2ccb31b/datanode-2/data/ratis] (custom)
2022-05-04 03:14:54,925 [pool-536-thread-1] INFO  server.RaftServerConfigKeys (ConfUtils.java:logGet(44)) - raft.server.log.corruption.policy = EXCEPTION (default)
2022-05-04 03:14:54,925 [pool-536-thread-1] INFO  server.RaftServerConfigKeys (ConfUtils.java:logGet(44)) - raft.server.storage.free-space.min = 0MB (=0) (default)
2022-05-04 03:14:54,925 [pool-536-thread-1] INFO  storage.RaftStorageDirectory (RaftStorageDirectoryImpl.java:analyzeStorage(135)) - The storage directory /home/runner/work/ozone/ozone/hadoop-ozone/integration-test/target/test-dir/MiniOzoneClusterImpl-ffb4024d-fcb7-425a-91bb-293fa2ccb31b/datanode-2/data/ratis/13d04322-aee8-4567-b861-3233c63fdc2b does not exist. Creating ...
2022-05-04 03:14:54,928 [pool-536-thread-1] INFO  storage.RaftStorageDirectory (RaftStorageDirectoryImpl.java:tryLock(230)) - Lock on /home/runner/work/ozone/ozone/hadoop-ozone/integration-test/target/test-dir/MiniOzoneClusterImpl-ffb4024d-fcb7-425a-91bb-293fa2ccb31b/datanode-2/data/ratis/13d04322-aee8-4567-b861-3233c63fdc2b/in_use.lock acquired by nodename 29567@fv-az270-73
2022-05-04 03:14:54,938 [pool-536-thread-1] INFO  storage.RaftStorage (RaftStorageImpl.java:format(89)) - Storage directory /home/runner/work/ozone/ozone/hadoop-ozone/integration-test/target/test-dir/MiniOzoneClusterImpl-ffb4024d-fcb7-425a-91bb-293fa2ccb31b/datanode-2/data/ratis/13d04322-aee8-4567-b861-3233c63fdc2b has been successfully formatted.
2022-05-04 03:14:54,939 [pool-536-thread-1] INFO  ratis.ContainerStateMachine (ContainerStateMachine.java:loadSnapshot(236)) - group-3233C63FDC2B: The snapshot info is null. Setting the last applied indexto:(t:0, i:~)
2022-05-04 03:14:54,939 [pool-536-thread-1] INFO  server.RaftServerConfigKeys (ConfUtils.java:logGet(44)) - raft.server.notification.no-leader.timeout = 300s (custom)
2022-05-04 03:14:54,939 [pool-536-thread-1] INFO  server.RaftServerConfigKeys (ConfUtils.java:logGet(44)) - raft.server.log.use.memory = false (default)
2022-05-04 03:14:54,939 [pool-536-thread-1] INFO  server.RaftServerConfigKeys (ConfUtils.java:logGet(44)) - raft.server.log.purge.gap = 1000000 (custom)
2022-05-04 03:14:54,939 [pool-536-thread-1] INFO  server.RaftServerConfigKeys (ConfUtils.java:logGet(44)) - raft.server.log.appender.buffer.byte-limit = 33554432 (custom)
2022-05-04 03:14:54,939 [pool-536-thread-1] INFO  server.RaftServerConfigKeys (ConfUtils.java:logGet(44)) - raft.server.log.segment.size.max = 1048576 (custom)
2022-05-04 03:14:54,940 [EventQueue-PipelineReportForPipelineReportHandler] INFO  pipeline.PipelineManagerImpl (PipelineManagerImpl.java:openPipeline(328)) - Pipeline Pipeline[ Id: 13d04322-aee8-4567-b861-3233c63fdc2b, Nodes: 47ce570f-7478-41dc-b1ba-c530780a94a3{ip: 10.1.0.22, host: fv-az270-73.tacnzluakwdehk1hpragurqkma.bx.internal.cloudapp.net, ports: [REPLICATION=32977, RATIS=40881, RATIS_ADMIN=40881, RATIS_SERVER=40881, STANDALONE=37411], networkLocation: /default-rack, certSerialId: null, persistedOpState: IN_SERVICE, persistedOpStateExpiryEpochSec: 0}, ReplicationConfig: RATIS/ONE, State:ALLOCATED, leaderId:47ce570f-7478-41dc-b1ba-c530780a94a3, CreationTimestamp2022-05-04T03:14:51.936Z[Etc/UTC]] moved to OPEN state
2022-05-04 03:14:54,940 [EventQueue-OpenPipelineForHealthyPipelineSafeModeRule] INFO  safemode.SCMSafeModeManager (HealthyPipelineSafeModeRule.java:process(124)) - SCM in safe mode. Healthy pipelines reported count is 0, required healthy pipeline reported count is 1
2022-05-04 03:14:54,941 [pool-536-thread-1] INFO  server.RaftServerConfigKeys (ConfUtils.java:logGet(44)) - raft.server.log.segment.cache.num.max = 2 (custom)
2022-05-04 03:14:54,944 [pool-536-thread-1] INFO  server.RaftServerConfigKeys (ConfUtils.java:logGet(44)) - raft.server.log.segment.cache.size.max = 200MB (=209715200) (default)
2022-05-04 03:14:54,944 [pool-536-thread-1] INFO  segmented.SegmentedRaftLogWorker (SegmentedRaftLogWorker.java:<init>(182)) - new 47ce570f-7478-41dc-b1ba-c530780a94a3@group-3233C63FDC2B-SegmentedRaftLogWorker for RaftStorageImpl:Storage Directory /home/runner/work/ozone/ozone/hadoop-ozone/integration-test/target/test-dir/MiniOzoneClusterImpl-ffb4024d-fcb7-425a-91bb-293fa2ccb31b/datanode-2/data/ratis/13d04322-aee8-4567-b861-3233c63fdc2b
2022-05-04 03:14:54,944 [pool-536-thread-1] INFO  server.RaftServerConfigKeys (ConfUtils.java:logGet(44)) - raft.server.log.queue.byte-limit = 4294967296 (custom)
2022-05-04 03:14:54,944 [pool-536-thread-1] INFO  server.RaftServerConfigKeys (ConfUtils.java:logGet(44)) - raft.server.log.queue.element-limit = 1024 (custom)
2022-05-04 03:14:54,944 [pool-536-thread-1] INFO  server.RaftServerConfigKeys (ConfUtils.java:logGet(44)) - raft.server.log.segment.size.max = 1048576 (custom)
2022-05-04 03:14:54,944 [pool-536-thread-1] INFO  server.RaftServerConfigKeys (ConfUtils.java:logGet(44)) - raft.server.log.preallocated.size = 16384 (custom)
2022-05-04 03:14:54,944 [pool-536-thread-1] INFO  server.RaftServerConfigKeys (ConfUtils.java:logGet(44)) - raft.server.log.force.sync.num = 128 (default)
2022-05-04 03:14:54,944 [pool-536-thread-1] INFO  server.RaftServerConfigKeys (ConfUtils.java:logGet(44)) - raft.server.log.statemachine.data.sync = true (default)
2022-05-04 03:14:54,944 [pool-536-thread-1] INFO  server.RaftServerConfigKeys (ConfUtils.java:logGet(44)) - raft.server.log.statemachine.data.sync.timeout = 10s (default)
2022-05-04 03:14:54,944 [pool-536-thread-1] INFO  server.RaftServerConfigKeys (ConfUtils.java:logGet(44)) - raft.server.log.statemachine.data.sync.timeout.retry = -1 (default)
2022-05-04 03:14:54,946 [pool-536-thread-1] INFO  server.RaftServerConfigKeys (ConfUtils.java:logGet(44)) - raft.server.log.write.buffer.size = 1048576 (custom)
2022-05-04 03:14:54,947 [pool-536-thread-1] INFO  server.RaftServerConfigKeys (ConfUtils.java:logGet(44)) - raft.server.log.statemachine.data.caching.enabled = true (custom)
2022-05-04 03:14:54,947 [pool-536-thread-1] INFO  segmented.SegmentedRaftLogWorker (SegmentedRaftLogWorker.java:lambda$new$0(133)) - 47ce570f-7478-41dc-b1ba-c530780a94a3@group-3233C63FDC2B-SegmentedRaftLogWorker: flushIndex: setUnconditionally 0 -> -1
2022-05-04 03:14:54,947 [pool-536-thread-1] INFO  segmented.SegmentedRaftLogWorker (SegmentedRaftLogWorker.java:lambda$new$0(133)) - 47ce570f-7478-41dc-b1ba-c530780a94a3@group-3233C63FDC2B-SegmentedRaftLogWorker: safeCacheEvictIndex: setUnconditionally 0 -> -1
2022-05-04 03:14:54,949 [pool-536-thread-1] INFO  server.RaftServerConfigKeys (ConfUtils.java:logGet(44)) - raft.server.snapshot.auto.trigger.enabled = true (custom)
2022-05-04 03:14:54,950 [pool-536-thread-1] INFO  server.RaftServerConfigKeys (ConfUtils.java:logGet(44)) - raft.server.snapshot.auto.trigger.threshold = 10000 (custom)
2022-05-04 03:14:54,950 [pool-536-thread-1] INFO  server.RaftServerConfigKeys (ConfUtils.java:logGet(44)) - raft.server.snapshot.retention.file.num = 5 (custom)
2022-05-04 03:14:54,950 [pool-536-thread-1] INFO  server.RaftServerConfigKeys (ConfUtils.java:logGet(44)) - raft.server.log.purge.upto.snapshot.index = false (default)
2022-05-04 03:14:54,950 [pool-536-thread-1] INFO  server.RaftServerConfigKeys (ConfUtils.java:logGet(44)) - raft.server.retrycache.expirytime = 600000ms (custom)
2022-05-04 03:14:54,950 [pool-536-thread-1] INFO  server.RaftServerConfigKeys (ConfUtils.java:logGet(44)) - raft.server.retrycache.statistics.expirytime = 100μs (default)
2022-05-04 03:14:54,951 [pool-536-thread-1] INFO  server.RaftServer$Division (RaftServerImpl.java:start(301)) - 47ce570f-7478-41dc-b1ba-c530780a94a3@group-3233C63FDC2B: start as a follower, conf=-1: [47ce570f-7478-41dc-b1ba-c530780a94a3|rpc:10.1.0.22:40881|priority:1], old=null
2022-05-04 03:14:54,951 [pool-536-thread-1] INFO  server.RaftServer$Division (RaftServerImpl.java:setRole(290)) - 47ce570f-7478-41dc-b1ba-c530780a94a3@group-3233C63FDC2B: changes role from      null to FOLLOWER at term 0 for startAsFollower
2022-05-04 03:14:54,951 [pool-536-thread-1] INFO  impl.RoleInfo (RoleInfo.java:updateAndGet(130)) - 47ce570f-7478-41dc-b1ba-c530780a94a3: start 47ce570f-7478-41dc-b1ba-c530780a94a3@group-3233C63FDC2B-FollowerState
2022-05-04 03:14:54,961 [pool-536-thread-1] INFO  util.JmxRegister (JmxRegister.java:tryRegister(44)) - Successfully registered JMX Bean with object name Ratis:service=RaftServer,group=group-3233C63FDC2B,id=47ce570f-7478-41dc-b1ba-c530780a94a3
2022-05-04 03:14:54,963 [Command processor thread] INFO  ratis.XceiverServerRatis (XceiverServerRatis.java:addGroup(765)) - Created group PipelineID=13d04322-aee8-4567-b861-3233c63fdc2b
2022-05-04 03:14:54,963 [Command processor thread] INFO  commandhandler.CreatePipelineCommandHandler (CreatePipelineCommandHandler.java:handle(113)) - Created Pipeline RATIS ONE PipelineID=13d04322-aee8-4567-b861-3233c63fdc2b.
2022-05-04 03:14:55,816 [Listener at 127.0.0.1/33297] INFO  ozone.MiniOzoneClusterImpl (MiniOzoneClusterImpl.java:lambda$waitForClusterToBeReady$0(221)) - Nodes are ready. Got 5 of 5 DN Heartbeats.
2022-05-04 03:14:55,816 [Listener at 127.0.0.1/33297] INFO  ozone.MiniOzoneClusterImpl (MiniOzoneClusterImpl.java:lambda$waitForClusterToBeReady$0(224)) - Waiting for cluster to exit safe mode
2022-05-04 03:14:55,816 [Listener at 127.0.0.1/33297] INFO  ozone.MiniOzoneClusterImpl (MiniOzoneClusterImpl.java:lambda$waitForClusterToBeReady$0(226)) - SCM became leader
2022-05-04 03:14:55,865 [Command processor thread] INFO  server.RaftServer (RaftServerProxy.java:addNew(95)) - d1c741a3-95ba-43ba-a813-64349d05dc91: addNew group-990B8FD016E6:[d1c741a3-95ba-43ba-a813-64349d05dc91|rpc:10.1.0.22:42905|priority:1] returns group-990B8FD016E6:java.util.concurrent.CompletableFuture@7c11befd[Not completed]
2022-05-04 03:14:55,889 [pool-557-thread-1] INFO  server.RaftServer$Division (RaftServerImpl.java:<init>(184)) - d1c741a3-95ba-43ba-a813-64349d05dc91: new RaftServerImpl for group-990B8FD016E6:[d1c741a3-95ba-43ba-a813-64349d05dc91|rpc:10.1.0.22:42905|priority:1] with ContainerStateMachine:uninitialized
2022-05-04 03:14:55,891 [pool-557-thread-1] INFO  server.RaftServerConfigKeys (ConfUtils.java:logGet(44)) - raft.server.rpc.timeout.min = 5s (custom)
2022-05-04 03:14:55,891 [pool-557-thread-1] INFO  server.RaftServerConfigKeys (ConfUtils.java:logGet(44)) - raft.server.rpc.timeout.max = 5200ms (custom)
2022-05-04 03:14:55,891 [pool-557-thread-1] INFO  server.RaftServerConfigKeys (ConfUtils.java:logGet(44)) - raft.server.rpc.sleep.time = 25ms (default)
2022-05-04 03:14:55,891 [pool-557-thread-1] INFO  server.RaftServerConfigKeys (ConfUtils.java:logGet(44)) - raft.server.rpc.slowness.timeout = 300s (custom)
2022-05-04 03:14:55,891 [pool-557-thread-1] INFO  server.RaftServerConfigKeys (ConfUtils.java:logGet(44)) - raft.server.leaderelection.leader.step-down.wait-time = 10s (default)
2022-05-04 03:14:55,891 [pool-557-thread-1] INFO  server.RaftServerConfigKeys (ConfUtils.java:logGet(44)) - raft.server.sleep.deviation.threshold = 300ms (default)
2022-05-04 03:14:55,891 [pool-557-thread-1] INFO  server.RaftServerConfigKeys (ConfUtils.java:logGet(44)) - raft.server.log.appender.install.snapshot.enabled = false (custom)
2022-05-04 03:14:55,891 [pool-557-thread-1] INFO  server.RaftServer$Division (ServerState.java:<init>(105)) - d1c741a3-95ba-43ba-a813-64349d05dc91@group-990B8FD016E6: ConfigurationManager, init=-1: [d1c741a3-95ba-43ba-a813-64349d05dc91|rpc:10.1.0.22:42905|priority:1], old=null, confs=<EMPTY_MAP>
2022-05-04 03:14:55,891 [pool-557-thread-1] INFO  server.RaftServerConfigKeys (ConfUtils.java:logGet(44)) - raft.server.storage.dir = [/home/runner/work/ozone/ozone/hadoop-ozone/integration-test/target/test-dir/MiniOzoneClusterImpl-ffb4024d-fcb7-425a-91bb-293fa2ccb31b/datanode-3/data/ratis] (custom)
2022-05-04 03:14:55,891 [pool-557-thread-1] INFO  server.RaftServerConfigKeys (ConfUtils.java:logGet(44)) - raft.server.log.corruption.policy = EXCEPTION (default)
2022-05-04 03:14:55,891 [pool-557-thread-1] INFO  server.RaftServerConfigKeys (ConfUtils.java:logGet(44)) - raft.server.storage.free-space.min = 0MB (=0) (default)
2022-05-04 03:14:55,892 [pool-557-thread-1] INFO  storage.RaftStorageDirectory (RaftStorageDirectoryImpl.java:analyzeStorage(135)) - The storage directory /home/runner/work/ozone/ozone/hadoop-ozone/integration-test/target/test-dir/MiniOzoneClusterImpl-ffb4024d-fcb7-425a-91bb-293fa2ccb31b/datanode-3/data/ratis/2e1d781c-89d9-4882-9f2a-990b8fd016e6 does not exist. Creating ...
2022-05-04 03:14:55,893 [pool-557-thread-1] INFO  storage.RaftStorageDirectory (RaftStorageDirectoryImpl.java:tryLock(230)) - Lock on /home/runner/work/ozone/ozone/hadoop-ozone/integration-test/target/test-dir/MiniOzoneClusterImpl-ffb4024d-fcb7-425a-91bb-293fa2ccb31b/datanode-3/data/ratis/2e1d781c-89d9-4882-9f2a-990b8fd016e6/in_use.lock acquired by nodename 29567@fv-az270-73
2022-05-04 03:14:55,918 [pool-557-thread-1] INFO  storage.RaftStorage (RaftStorageImpl.java:format(89)) - Storage directory /home/runner/work/ozone/ozone/hadoop-ozone/integration-test/target/test-dir/MiniOzoneClusterImpl-ffb4024d-fcb7-425a-91bb-293fa2ccb31b/datanode-3/data/ratis/2e1d781c-89d9-4882-9f2a-990b8fd016e6 has been successfully formatted.
2022-05-04 03:14:55,929 [pool-557-thread-1] INFO  ratis.ContainerStateMachine (ContainerStateMachine.java:loadSnapshot(236)) - group-990B8FD016E6: The snapshot info is null. Setting the last applied indexto:(t:0, i:~)
2022-05-04 03:14:55,930 [pool-557-thread-1] INFO  server.RaftServerConfigKeys (ConfUtils.java:logGet(44)) - raft.server.notification.no-leader.timeout = 300s (custom)
2022-05-04 03:14:55,931 [pool-557-thread-1] INFO  server.RaftServerConfigKeys (ConfUtils.java:logGet(44)) - raft.server.log.use.memory = false (default)
2022-05-04 03:14:55,931 [EventQueue-PipelineReportForPipelineReportHandler] INFO  pipeline.PipelineManagerImpl (PipelineManagerImpl.java:openPipeline(328)) - Pipeline Pipeline[ Id: 2e1d781c-89d9-4882-9f2a-990b8fd016e6, Nodes: d1c741a3-95ba-43ba-a813-64349d05dc91{ip: 10.1.0.22, host: fv-az270-73.tacnzluakwdehk1hpragurqkma.bx.internal.cloudapp.net, ports: [REPLICATION=41273, RATIS=42905, RATIS_ADMIN=42905, RATIS_SERVER=42905, STANDALONE=41897], networkLocation: /default-rack, certSerialId: null, persistedOpState: IN_SERVICE, persistedOpStateExpiryEpochSec: 0}, ReplicationConfig: RATIS/ONE, State:ALLOCATED, leaderId:d1c741a3-95ba-43ba-a813-64349d05dc91, CreationTimestamp2022-05-04T03:14:52.865Z[Etc/UTC]] moved to OPEN state
2022-05-04 03:14:55,940 [pool-557-thread-1] INFO  server.RaftServerConfigKeys (ConfUtils.java:logGet(44)) - raft.server.log.purge.gap = 1000000 (custom)
2022-05-04 03:14:55,940 [pool-557-thread-1] INFO  server.RaftServerConfigKeys (ConfUtils.java:logGet(44)) - raft.server.log.appender.buffer.byte-limit = 33554432 (custom)
2022-05-04 03:14:55,940 [EventQueue-OpenPipelineForHealthyPipelineSafeModeRule] INFO  safemode.SCMSafeModeManager (HealthyPipelineSafeModeRule.java:process(124)) - SCM in safe mode. Healthy pipelines reported count is 0, required healthy pipeline reported count is 1
2022-05-04 03:14:55,940 [pool-557-thread-1] INFO  server.RaftServerConfigKeys (ConfUtils.java:logGet(44)) - raft.server.log.segment.size.max = 1048576 (custom)
2022-05-04 03:14:55,940 [pool-557-thread-1] INFO  server.RaftServerConfigKeys (ConfUtils.java:logGet(44)) - raft.server.log.segment.cache.num.max = 2 (custom)
2022-05-04 03:14:55,941 [pool-557-thread-1] INFO  server.RaftServerConfigKeys (ConfUtils.java:logGet(44)) - raft.server.log.segment.cache.size.max = 200MB (=209715200) (default)
2022-05-04 03:14:55,941 [pool-557-thread-1] INFO  segmented.SegmentedRaftLogWorker (SegmentedRaftLogWorker.java:<init>(182)) - new d1c741a3-95ba-43ba-a813-64349d05dc91@group-990B8FD016E6-SegmentedRaftLogWorker for RaftStorageImpl:Storage Directory /home/runner/work/ozone/ozone/hadoop-ozone/integration-test/target/test-dir/MiniOzoneClusterImpl-ffb4024d-fcb7-425a-91bb-293fa2ccb31b/datanode-3/data/ratis/2e1d781c-89d9-4882-9f2a-990b8fd016e6
2022-05-04 03:14:55,941 [pool-557-thread-1] INFO  server.RaftServerConfigKeys (ConfUtils.java:logGet(44)) - raft.server.log.queue.byte-limit = 4294967296 (custom)
2022-05-04 03:14:55,941 [pool-557-thread-1] INFO  server.RaftServerConfigKeys (ConfUtils.java:logGet(44)) - raft.server.log.queue.element-limit = 1024 (custom)
2022-05-04 03:14:55,941 [pool-557-thread-1] INFO  server.RaftServerConfigKeys (ConfUtils.java:logGet(44)) - raft.server.log.segment.size.max = 1048576 (custom)
2022-05-04 03:14:55,941 [pool-557-thread-1] INFO  server.RaftServerConfigKeys (ConfUtils.java:logGet(44)) - raft.server.log.preallocated.size = 16384 (custom)
2022-05-04 03:14:55,941 [pool-557-thread-1] INFO  server.RaftServerConfigKeys (ConfUtils.java:logGet(44)) - raft.server.log.force.sync.num = 128 (default)
2022-05-04 03:14:55,941 [pool-557-thread-1] INFO  server.RaftServerConfigKeys (ConfUtils.java:logGet(44)) - raft.server.log.statemachine.data.sync = true (default)
2022-05-04 03:14:55,941 [pool-557-thread-1] INFO  server.RaftServerConfigKeys (ConfUtils.java:logGet(44)) - raft.server.log.statemachine.data.sync.timeout = 10s (default)
2022-05-04 03:14:55,941 [pool-557-thread-1] INFO  server.RaftServerConfigKeys (ConfUtils.java:logGet(44)) - raft.server.log.statemachine.data.sync.timeout.retry = -1 (default)
2022-05-04 03:14:55,942 [pool-557-thread-1] INFO  server.RaftServerConfigKeys (ConfUtils.java:logGet(44)) - raft.server.log.write.buffer.size = 1048576 (custom)
2022-05-04 03:14:55,942 [pool-557-thread-1] INFO  server.RaftServerConfigKeys (ConfUtils.java:logGet(44)) - raft.server.log.statemachine.data.caching.enabled = true (custom)
2022-05-04 03:14:55,942 [pool-557-thread-1] INFO  segmented.SegmentedRaftLogWorker (SegmentedRaftLogWorker.java:lambda$new$0(133)) - d1c741a3-95ba-43ba-a813-64349d05dc91@group-990B8FD016E6-SegmentedRaftLogWorker: flushIndex: setUnconditionally 0 -> -1
2022-05-04 03:14:55,942 [pool-557-thread-1] INFO  segmented.SegmentedRaftLogWorker (SegmentedRaftLogWorker.java:lambda$new$0(133)) - d1c741a3-95ba-43ba-a813-64349d05dc91@group-990B8FD016E6-SegmentedRaftLogWorker: safeCacheEvictIndex: setUnconditionally 0 -> -1
2022-05-04 03:14:55,958 [pool-557-thread-1] INFO  server.RaftServerConfigKeys (ConfUtils.java:logGet(44)) - raft.server.snapshot.auto.trigger.enabled = true (custom)
2022-05-04 03:14:55,959 [pool-557-thread-1] INFO  server.RaftServerConfigKeys (ConfUtils.java:logGet(44)) - raft.server.snapshot.auto.trigger.threshold = 10000 (custom)
2022-05-04 03:14:55,959 [pool-557-thread-1] INFO  server.RaftServerConfigKeys (ConfUtils.java:logGet(44)) - raft.server.snapshot.retention.file.num = 5 (custom)
2022-05-04 03:14:55,959 [pool-557-thread-1] INFO  server.RaftServerConfigKeys (ConfUtils.java:logGet(44)) - raft.server.log.purge.upto.snapshot.index = false (default)
2022-05-04 03:14:55,959 [pool-557-thread-1] INFO  server.RaftServerConfigKeys (ConfUtils.java:logGet(44)) - raft.server.retrycache.expirytime = 600000ms (custom)
2022-05-04 03:14:55,959 [pool-557-thread-1] INFO  server.RaftServerConfigKeys (ConfUtils.java:logGet(44)) - raft.server.retrycache.statistics.expirytime = 100μs (default)
2022-05-04 03:14:55,960 [pool-557-thread-1] INFO  server.RaftServer$Division (RaftServerImpl.java:start(301)) - d1c741a3-95ba-43ba-a813-64349d05dc91@group-990B8FD016E6: start as a follower, conf=-1: [d1c741a3-95ba-43ba-a813-64349d05dc91|rpc:10.1.0.22:42905|priority:1], old=null
2022-05-04 03:14:55,960 [pool-557-thread-1] INFO  server.RaftServer$Division (RaftServerImpl.java:setRole(290)) - d1c741a3-95ba-43ba-a813-64349d05dc91@group-990B8FD016E6: changes role from      null to FOLLOWER at term 0 for startAsFollower
2022-05-04 03:14:55,960 [pool-557-thread-1] INFO  impl.RoleInfo (RoleInfo.java:updateAndGet(130)) - d1c741a3-95ba-43ba-a813-64349d05dc91: start d1c741a3-95ba-43ba-a813-64349d05dc91@group-990B8FD016E6-FollowerState
2022-05-04 03:14:55,979 [pool-557-thread-1] INFO  util.JmxRegister (JmxRegister.java:tryRegister(44)) - Successfully registered JMX Bean with object name Ratis:service=RaftServer,group=group-990B8FD016E6,id=d1c741a3-95ba-43ba-a813-64349d05dc91
2022-05-04 03:14:56,002 [Command processor thread] INFO  ratis.XceiverServerRatis (XceiverServerRatis.java:addGroup(765)) - Created group PipelineID=2e1d781c-89d9-4882-9f2a-990b8fd016e6
2022-05-04 03:14:56,002 [Command processor thread] INFO  commandhandler.CreatePipelineCommandHandler (CreatePipelineCommandHandler.java:handle(113)) - Created Pipeline RATIS ONE PipelineID=2e1d781c-89d9-4882-9f2a-990b8fd016e6.
2022-05-04 03:14:56,816 [Listener at 127.0.0.1/33297] INFO  ozone.MiniOzoneClusterImpl (MiniOzoneClusterImpl.java:lambda$waitForClusterToBeReady$0(221)) - Nodes are ready. Got 5 of 5 DN Heartbeats.
2022-05-04 03:14:56,817 [Listener at 127.0.0.1/33297] INFO  ozone.MiniOzoneClusterImpl (MiniOzoneClusterImpl.java:lambda$waitForClusterToBeReady$0(224)) - Waiting for cluster to exit safe mode
2022-05-04 03:14:56,817 [Listener at 127.0.0.1/33297] INFO  ozone.MiniOzoneClusterImpl (MiniOzoneClusterImpl.java:lambda$waitForClusterToBeReady$0(226)) - SCM became leader
2022-05-04 03:14:56,881 [Command processor thread] INFO  server.RaftServer (RaftServerProxy.java:addNew(95)) - 98143395-768c-4dea-963c-0497ad077c38: addNew group-5A3EFDE4E84D:[98143395-768c-4dea-963c-0497ad077c38|rpc:10.1.0.22:35919|priority:1] returns group-5A3EFDE4E84D:java.util.concurrent.CompletableFuture@4092f3d[Not completed]
2022-05-04 03:14:56,894 [pool-579-thread-1] INFO  server.RaftServer$Division (RaftServerImpl.java:<init>(184)) - 98143395-768c-4dea-963c-0497ad077c38: new RaftServerImpl for group-5A3EFDE4E84D:[98143395-768c-4dea-963c-0497ad077c38|rpc:10.1.0.22:35919|priority:1] with ContainerStateMachine:uninitialized
2022-05-04 03:14:56,901 [pool-579-thread-1] INFO  server.RaftServerConfigKeys (ConfUtils.java:logGet(44)) - raft.server.rpc.timeout.min = 5s (custom)
2022-05-04 03:14:56,901 [pool-579-thread-1] INFO  server.RaftServerConfigKeys (ConfUtils.java:logGet(44)) - raft.server.rpc.timeout.max = 5200ms (custom)
2022-05-04 03:14:56,901 [pool-579-thread-1] INFO  server.RaftServerConfigKeys (ConfUtils.java:logGet(44)) - raft.server.rpc.sleep.time = 25ms (default)
2022-05-04 03:14:56,901 [pool-579-thread-1] INFO  server.RaftServerConfigKeys (ConfUtils.java:logGet(44)) - raft.server.rpc.slowness.timeout = 300s (custom)
2022-05-04 03:14:56,901 [pool-579-thread-1] INFO  server.RaftServerConfigKeys (ConfUtils.java:logGet(44)) - raft.server.leaderelection.leader.step-down.wait-time = 10s (default)
2022-05-04 03:14:56,901 [pool-579-thread-1] INFO  server.RaftServerConfigKeys (ConfUtils.java:logGet(44)) - raft.server.sleep.deviation.threshold = 300ms (default)
2022-05-04 03:14:56,901 [pool-579-thread-1] INFO  server.RaftServerConfigKeys (ConfUtils.java:logGet(44)) - raft.server.log.appender.install.snapshot.enabled = false (custom)
2022-05-04 03:14:56,901 [pool-579-thread-1] INFO  server.RaftServer$Division (ServerState.java:<init>(105)) - 98143395-768c-4dea-963c-0497ad077c38@group-5A3EFDE4E84D: ConfigurationManager, init=-1: [98143395-768c-4dea-963c-0497ad077c38|rpc:10.1.0.22:35919|priority:1], old=null, confs=<EMPTY_MAP>
2022-05-04 03:14:56,901 [pool-579-thread-1] INFO  server.RaftServerConfigKeys (ConfUtils.java:logGet(44)) - raft.server.storage.dir = [/home/runner/work/ozone/ozone/hadoop-ozone/integration-test/target/test-dir/MiniOzoneClusterImpl-ffb4024d-fcb7-425a-91bb-293fa2ccb31b/datanode-4/data/ratis] (custom)
2022-05-04 03:14:56,901 [pool-579-thread-1] INFO  server.RaftServerConfigKeys (ConfUtils.java:logGet(44)) - raft.server.log.corruption.policy = EXCEPTION (default)
2022-05-04 03:14:56,902 [pool-579-thread-1] INFO  server.RaftServerConfigKeys (ConfUtils.java:logGet(44)) - raft.server.storage.free-space.min = 0MB (=0) (default)
2022-05-04 03:14:56,902 [pool-579-thread-1] INFO  storage.RaftStorageDirectory (RaftStorageDirectoryImpl.java:analyzeStorage(135)) - The storage directory /home/runner/work/ozone/ozone/hadoop-ozone/integration-test/target/test-dir/MiniOzoneClusterImpl-ffb4024d-fcb7-425a-91bb-293fa2ccb31b/datanode-4/data/ratis/03b45492-ca60-4f66-8dac-5a3efde4e84d does not exist. Creating ...
2022-05-04 03:14:56,905 [pool-579-thread-1] INFO  storage.RaftStorageDirectory (RaftStorageDirectoryImpl.java:tryLock(230)) - Lock on /home/runner/work/ozone/ozone/hadoop-ozone/integration-test/target/test-dir/MiniOzoneClusterImpl-ffb4024d-fcb7-425a-91bb-293fa2ccb31b/datanode-4/data/ratis/03b45492-ca60-4f66-8dac-5a3efde4e84d/in_use.lock acquired by nodename 29567@fv-az270-73
2022-05-04 03:14:56,907 [pool-579-thread-1] INFO  storage.RaftStorage (RaftStorageImpl.java:format(89)) - Storage directory /home/runner/work/ozone/ozone/hadoop-ozone/integration-test/target/test-dir/MiniOzoneClusterImpl-ffb4024d-fcb7-425a-91bb-293fa2ccb31b/datanode-4/data/ratis/03b45492-ca60-4f66-8dac-5a3efde4e84d has been successfully formatted.
2022-05-04 03:14:56,923 [EventQueue-PipelineReportForPipelineReportHandler] INFO  pipeline.PipelineManagerImpl (PipelineManagerImpl.java:openPipeline(328)) - Pipeline Pipeline[ Id: 03b45492-ca60-4f66-8dac-5a3efde4e84d, Nodes: 98143395-768c-4dea-963c-0497ad077c38{ip: 10.1.0.22, host: fv-az270-73.tacnzluakwdehk1hpragurqkma.bx.internal.cloudapp.net, ports: [REPLICATION=46007, RATIS=35919, RATIS_ADMIN=35919, RATIS_SERVER=35919, STANDALONE=45007], networkLocation: /default-rack, certSerialId: null, persistedOpState: IN_SERVICE, persistedOpStateExpiryEpochSec: 0}, ReplicationConfig: RATIS/ONE, State:ALLOCATED, leaderId:98143395-768c-4dea-963c-0497ad077c38, CreationTimestamp2022-05-04T03:14:53.890Z[Etc/UTC]] moved to OPEN state
2022-05-04 03:14:56,923 [EventQueue-OpenPipelineForHealthyPipelineSafeModeRule] INFO  safemode.SCMSafeModeManager (HealthyPipelineSafeModeRule.java:process(124)) - SCM in safe mode. Healthy pipelines reported count is 0, required healthy pipeline reported count is 1
2022-05-04 03:14:56,927 [pool-579-thread-1] INFO  ratis.ContainerStateMachine (ContainerStateMachine.java:loadSnapshot(236)) - group-5A3EFDE4E84D: The snapshot info is null. Setting the last applied indexto:(t:0, i:~)
2022-05-04 03:14:56,928 [pool-579-thread-1] INFO  server.RaftServerConfigKeys (ConfUtils.java:logGet(44)) - raft.server.notification.no-leader.timeout = 300s (custom)
2022-05-04 03:14:56,928 [pool-579-thread-1] INFO  server.RaftServerConfigKeys (ConfUtils.java:logGet(44)) - raft.server.log.use.memory = false (default)
2022-05-04 03:14:56,928 [pool-579-thread-1] INFO  server.RaftServerConfigKeys (ConfUtils.java:logGet(44)) - raft.server.log.purge.gap = 1000000 (custom)
2022-05-04 03:14:56,928 [pool-579-thread-1] INFO  server.RaftServerConfigKeys (ConfUtils.java:logGet(44)) - raft.server.log.appender.buffer.byte-limit = 33554432 (custom)
2022-05-04 03:14:56,928 [pool-579-thread-1] INFO  server.RaftServerConfigKeys (ConfUtils.java:logGet(44)) - raft.server.log.segment.size.max = 1048576 (custom)
2022-05-04 03:14:56,928 [pool-579-thread-1] INFO  server.RaftServerConfigKeys (ConfUtils.java:logGet(44)) - raft.server.log.segment.cache.num.max = 2 (custom)
2022-05-04 03:14:56,929 [pool-579-thread-1] INFO  server.RaftServerConfigKeys (ConfUtils.java:logGet(44)) - raft.server.log.segment.cache.size.max = 200MB (=209715200) (default)
2022-05-04 03:14:56,929 [pool-579-thread-1] INFO  segmented.SegmentedRaftLogWorker (SegmentedRaftLogWorker.java:<init>(182)) - new 98143395-768c-4dea-963c-0497ad077c38@group-5A3EFDE4E84D-SegmentedRaftLogWorker for RaftStorageImpl:Storage Directory /home/runner/work/ozone/ozone/hadoop-ozone/integration-test/target/test-dir/MiniOzoneClusterImpl-ffb4024d-fcb7-425a-91bb-293fa2ccb31b/datanode-4/data/ratis/03b45492-ca60-4f66-8dac-5a3efde4e84d
2022-05-04 03:14:56,929 [pool-579-thread-1] INFO  server.RaftServerConfigKeys (ConfUtils.java:logGet(44)) - raft.server.log.queue.byte-limit = 4294967296 (custom)
2022-05-04 03:14:56,929 [pool-579-thread-1] INFO  server.RaftServerConfigKeys (ConfUtils.java:logGet(44)) - raft.server.log.queue.element-limit = 1024 (custom)
2022-05-04 03:14:56,929 [pool-579-thread-1] INFO  server.RaftServerConfigKeys (ConfUtils.java:logGet(44)) - raft.server.log.segment.size.max = 1048576 (custom)
2022-05-04 03:14:56,929 [pool-579-thread-1] INFO  server.RaftServerConfigKeys (ConfUtils.java:logGet(44)) - raft.server.log.preallocated.size = 16384 (custom)
2022-05-04 03:14:56,929 [pool-579-thread-1] INFO  server.RaftServerConfigKeys (ConfUtils.java:logGet(44)) - raft.server.log.force.sync.num = 128 (default)
2022-05-04 03:14:56,929 [pool-579-thread-1] INFO  server.RaftServerConfigKeys (ConfUtils.java:logGet(44)) - raft.server.log.statemachine.data.sync = true (default)
2022-05-04 03:14:56,929 [pool-579-thread-1] INFO  server.RaftServerConfigKeys (ConfUtils.java:logGet(44)) - raft.server.log.statemachine.data.sync.timeout = 10s (default)
2022-05-04 03:14:56,929 [pool-579-thread-1] INFO  server.RaftServerConfigKeys (ConfUtils.java:logGet(44)) - raft.server.log.statemachine.data.sync.timeout.retry = -1 (default)
2022-05-04 03:14:56,931 [pool-579-thread-1] INFO  server.RaftServerConfigKeys (ConfUtils.java:logGet(44)) - raft.server.log.write.buffer.size = 1048576 (custom)
2022-05-04 03:14:56,932 [pool-579-thread-1] INFO  server.RaftServerConfigKeys (ConfUtils.java:logGet(44)) - raft.server.log.statemachine.data.caching.enabled = true (custom)
2022-05-04 03:14:56,932 [pool-579-thread-1] INFO  segmented.SegmentedRaftLogWorker (SegmentedRaftLogWorker.java:lambda$new$0(133)) - 98143395-768c-4dea-963c-0497ad077c38@group-5A3EFDE4E84D-SegmentedRaftLogWorker: flushIndex: setUnconditionally 0 -> -1
2022-05-04 03:14:56,932 [pool-579-thread-1] INFO  segmented.SegmentedRaftLogWorker (SegmentedRaftLogWorker.java:lambda$new$0(133)) - 98143395-768c-4dea-963c-0497ad077c38@group-5A3EFDE4E84D-SegmentedRaftLogWorker: safeCacheEvictIndex: setUnconditionally 0 -> -1
2022-05-04 03:14:56,933 [pool-579-thread-1] INFO  server.RaftServerConfigKeys (ConfUtils.java:logGet(44)) - raft.server.snapshot.auto.trigger.enabled = true (custom)
2022-05-04 03:14:56,933 [pool-579-thread-1] INFO  server.RaftServerConfigKeys (ConfUtils.java:logGet(44)) - raft.server.snapshot.auto.trigger.threshold = 10000 (custom)
2022-05-04 03:14:56,933 [pool-579-thread-1] INFO  server.RaftServerConfigKeys (ConfUtils.java:logGet(44)) - raft.server.snapshot.retention.file.num = 5 (custom)
2022-05-04 03:14:56,933 [pool-579-thread-1] INFO  server.RaftServerConfigKeys (ConfUtils.java:logGet(44)) - raft.server.log.purge.upto.snapshot.index = false (default)
2022-05-04 03:14:56,933 [pool-579-thread-1] INFO  server.RaftServerConfigKeys (ConfUtils.java:logGet(44)) - raft.server.retrycache.expirytime = 600000ms (custom)
2022-05-04 03:14:56,933 [pool-579-thread-1] INFO  server.RaftServerConfigKeys (ConfUtils.java:logGet(44)) - raft.server.retrycache.statistics.expirytime = 100μs (default)
2022-05-04 03:14:56,935 [pool-579-thread-1] INFO  server.RaftServer$Division (RaftServerImpl.java:start(301)) - 98143395-768c-4dea-963c-0497ad077c38@group-5A3EFDE4E84D: start as a follower, conf=-1: [98143395-768c-4dea-963c-0497ad077c38|rpc:10.1.0.22:35919|priority:1], old=null
2022-05-04 03:14:56,935 [pool-579-thread-1] INFO  server.RaftServer$Division (RaftServerImpl.java:setRole(290)) - 98143395-768c-4dea-963c-0497ad077c38@group-5A3EFDE4E84D: changes role from      null to FOLLOWER at term 0 for startAsFollower
2022-05-04 03:14:56,935 [pool-579-thread-1] INFO  impl.RoleInfo (RoleInfo.java:updateAndGet(130)) - 98143395-768c-4dea-963c-0497ad077c38: start 98143395-768c-4dea-963c-0497ad077c38@group-5A3EFDE4E84D-FollowerState
2022-05-04 03:14:56,935 [pool-579-thread-1] INFO  util.JmxRegister (JmxRegister.java:tryRegister(44)) - Successfully registered JMX Bean with object name Ratis:service=RaftServer,group=group-5A3EFDE4E84D,id=98143395-768c-4dea-963c-0497ad077c38
2022-05-04 03:14:56,936 [Command processor thread] INFO  ratis.XceiverServerRatis (XceiverServerRatis.java:addGroup(765)) - Created group PipelineID=03b45492-ca60-4f66-8dac-5a3efde4e84d
2022-05-04 03:14:56,936 [Command processor thread] INFO  commandhandler.CreatePipelineCommandHandler (CreatePipelineCommandHandler.java:handle(113)) - Created Pipeline RATIS ONE PipelineID=03b45492-ca60-4f66-8dac-5a3efde4e84d.
2022-05-04 03:14:57,817 [Listener at 127.0.0.1/33297] INFO  ozone.MiniOzoneClusterImpl (MiniOzoneClusterImpl.java:lambda$waitForClusterToBeReady$0(221)) - Nodes are ready. Got 5 of 5 DN Heartbeats.
2022-05-04 03:14:57,817 [Listener at 127.0.0.1/33297] INFO  ozone.MiniOzoneClusterImpl (MiniOzoneClusterImpl.java:lambda$waitForClusterToBeReady$0(224)) - Waiting for cluster to exit safe mode
2022-05-04 03:14:57,818 [Listener at 127.0.0.1/33297] INFO  ozone.MiniOzoneClusterImpl (MiniOzoneClusterImpl.java:lambda$waitForClusterToBeReady$0(226)) - SCM became leader
2022-05-04 03:14:58,487 [b8405861-e810-457b-9581-dead971c3a14@group-9807A9729E76-FollowerState] INFO  impl.FollowerState (FollowerState.java:run(134)) - b8405861-e810-457b-9581-dead971c3a14@group-9807A9729E76-FollowerState: change to CANDIDATE, lastRpcElapsedTime:5073949827ns, electionTimeout:5064ms
2022-05-04 03:14:58,488 [b8405861-e810-457b-9581-dead971c3a14@group-9807A9729E76-FollowerState] INFO  impl.RoleInfo (RoleInfo.java:shutdownFollowerState(108)) - b8405861-e810-457b-9581-dead971c3a14: shutdown b8405861-e810-457b-9581-dead971c3a14@group-9807A9729E76-FollowerState
2022-05-04 03:14:58,488 [b8405861-e810-457b-9581-dead971c3a14@group-9807A9729E76-FollowerState] INFO  server.RaftServer$Division (RaftServerImpl.java:setRole(290)) - b8405861-e810-457b-9581-dead971c3a14@group-9807A9729E76: changes role from  FOLLOWER to CANDIDATE at term 0 for changeToCandidate
2022-05-04 03:14:58,488 [b8405861-e810-457b-9581-dead971c3a14@group-9807A9729E76-FollowerState] INFO  server.RaftServerConfigKeys (ConfUtils.java:logGet(44)) - raft.server.leaderelection.pre-vote = false (custom)
2022-05-04 03:14:58,488 [b8405861-e810-457b-9581-dead971c3a14@group-9807A9729E76-FollowerState] INFO  impl.RoleInfo (RoleInfo.java:updateAndGet(130)) - b8405861-e810-457b-9581-dead971c3a14: start b8405861-e810-457b-9581-dead971c3a14@group-9807A9729E76-LeaderElection34
2022-05-04 03:14:58,518 [b8405861-e810-457b-9581-dead971c3a14@group-9807A9729E76-LeaderElection34] INFO  impl.LeaderElection (LeaderElection.java:askForVotes(306)) - b8405861-e810-457b-9581-dead971c3a14@group-9807A9729E76-LeaderElection34 ELECTION round 0: submit vote requests at term 1 for -1: [b8405861-e810-457b-9581-dead971c3a14|rpc:10.1.0.22:40547|priority:1], old=null
2022-05-04 03:14:58,518 [b8405861-e810-457b-9581-dead971c3a14@group-9807A9729E76-LeaderElection34] INFO  impl.LeaderElection (LeaderElection.java:askForVotes(308)) - b8405861-e810-457b-9581-dead971c3a14@group-9807A9729E76-LeaderElection34 ELECTION round 0: result PASSED (term=1)
2022-05-04 03:14:58,518 [b8405861-e810-457b-9581-dead971c3a14@group-9807A9729E76-LeaderElection34] INFO  impl.RoleInfo (RoleInfo.java:shutdownLeaderElection(121)) - b8405861-e810-457b-9581-dead971c3a14: shutdown b8405861-e810-457b-9581-dead971c3a14@group-9807A9729E76-LeaderElection34
2022-05-04 03:14:58,518 [b8405861-e810-457b-9581-dead971c3a14@group-9807A9729E76-LeaderElection34] INFO  server.RaftServer$Division (RaftServerImpl.java:setRole(290)) - b8405861-e810-457b-9581-dead971c3a14@group-9807A9729E76: changes role from CANDIDATE to LEADER at term 1 for changeToLeader
2022-05-04 03:14:58,518 [b8405861-e810-457b-9581-dead971c3a14@group-9807A9729E76-LeaderElection34] INFO  ratis.XceiverServerRatis (XceiverServerRatis.java:handleLeaderChangedNotification(863)) - Leader change notification received for group: group-9807A9729E76 with new leaderId: b8405861-e810-457b-9581-dead971c3a14
2022-05-04 03:14:58,519 [b8405861-e810-457b-9581-dead971c3a14@group-9807A9729E76-LeaderElection34] INFO  server.RaftServer$Division (ServerState.java:setLeader(285)) - b8405861-e810-457b-9581-dead971c3a14@group-9807A9729E76: change Leader from null to b8405861-e810-457b-9581-dead971c3a14 at term 1 for becomeLeader, leader elected after 5168ms
2022-05-04 03:14:58,519 [b8405861-e810-457b-9581-dead971c3a14@group-9807A9729E76-LeaderElection34] INFO  server.RaftServerConfigKeys (ConfUtils.java:logGet(44)) - raft.server.staging.catchup.gap = 1000 (default)
2022-05-04 03:14:58,520 [b8405861-e810-457b-9581-dead971c3a14@group-9807A9729E76-LeaderElection34] INFO  server.RaftServerConfigKeys (ConfUtils.java:logGet(44)) - raft.server.write.element-limit = 1024 (custom)
2022-05-04 03:14:58,520 [b8405861-e810-457b-9581-dead971c3a14@group-9807A9729E76-LeaderElection34] INFO  server.RaftServerConfigKeys (ConfUtils.java:logGet(44)) - raft.server.write.byte-limit = 1024 M (=1073741824) (custom)
2022-05-04 03:14:58,520 [b8405861-e810-457b-9581-dead971c3a14@group-9807A9729E76-LeaderElection34] INFO  server.RaftServerConfigKeys (ConfUtils.java:logGet(44)) - raft.server.watch.timeout = 180s (custom)
2022-05-04 03:14:58,520 [b8405861-e810-457b-9581-dead971c3a14@group-9807A9729E76-LeaderElection34] INFO  server.RaftServerConfigKeys (ConfUtils.java:logGet(44)) - raft.server.watch.timeout.denomination = 1s (default)
2022-05-04 03:14:58,520 [b8405861-e810-457b-9581-dead971c3a14@group-9807A9729E76-LeaderElection34] INFO  server.RaftServerConfigKeys (ConfUtils.java:logGet(44)) - raft.server.watch.element-limit = 65536 (default)
2022-05-04 03:14:58,520 [b8405861-e810-457b-9581-dead971c3a14@group-9807A9729E76-LeaderElection34] INFO  server.RaftServerConfigKeys (ConfUtils.java:logGet(44)) - raft.server.write.element-limit = 1024 (custom)
2022-05-04 03:14:58,520 [b8405861-e810-457b-9581-dead971c3a14@group-9807A9729E76-LeaderElection34] INFO  server.RaftServerConfigKeys (ConfUtils.java:logGet(44)) - raft.server.write.follower.gap.ratio.max = -1.0 (default)
2022-05-04 03:14:58,520 [b8405861-e810-457b-9581-dead971c3a14@group-9807A9729E76-LeaderElection34] INFO  impl.RoleInfo (RoleInfo.java:updateAndGet(130)) - b8405861-e810-457b-9581-dead971c3a14: start b8405861-e810-457b-9581-dead971c3a14@group-9807A9729E76-LeaderStateImpl
2022-05-04 03:14:58,521 [b8405861-e810-457b-9581-dead971c3a14@group-9807A9729E76-LeaderElection34] INFO  segmented.SegmentedRaftLogWorker (SegmentedRaftLogWorker.java:startLogSegment(394)) - b8405861-e810-457b-9581-dead971c3a14@group-9807A9729E76-SegmentedRaftLogWorker: Starting segment from index:0
2022-05-04 03:14:58,527 [b8405861-e810-457b-9581-dead971c3a14@group-9807A9729E76-LeaderElection34] INFO  server.RaftServer$Division (ServerState.java:setRaftConf(387)) - b8405861-e810-457b-9581-dead971c3a14@group-9807A9729E76: set configuration 0: [b8405861-e810-457b-9581-dead971c3a14|rpc:10.1.0.22:40547|dataStream:|priority:1], old=null
2022-05-04 03:14:58,536 [b8405861-e810-457b-9581-dead971c3a14@group-9807A9729E76-SegmentedRaftLogWorker] INFO  segmented.SegmentedRaftLogWorker (SegmentedRaftLogWorker.java:execute(601)) - b8405861-e810-457b-9581-dead971c3a14@group-9807A9729E76-SegmentedRaftLogWorker: created new log segment /home/runner/work/ozone/ozone/hadoop-ozone/integration-test/target/test-dir/MiniOzoneClusterImpl-ffb4024d-fcb7-425a-91bb-293fa2ccb31b/datanode-0/data/ratis/02006357-289e-4ad8-9565-9807a9729e76/current/log_inprogress_0
2022-05-04 03:14:58,537 [EventQueue-OpenPipelineForHealthyPipelineSafeModeRule] INFO  safemode.SCMSafeModeManager (HealthyPipelineSafeModeRule.java:process(124)) - SCM in safe mode. Healthy pipelines reported count is 0, required healthy pipeline reported count is 1
2022-05-04 03:14:58,645 [b8405861-e810-457b-9581-dead971c3a14@group-2658BE16D483-FollowerState] INFO  impl.FollowerState (FollowerState.java:run(134)) - b8405861-e810-457b-9581-dead971c3a14@group-2658BE16D483-FollowerState: change to CANDIDATE, lastRpcElapsedTime:5071819703ns, electionTimeout:5063ms
2022-05-04 03:14:58,645 [b8405861-e810-457b-9581-dead971c3a14@group-2658BE16D483-FollowerState] INFO  impl.RoleInfo (RoleInfo.java:shutdownFollowerState(108)) - b8405861-e810-457b-9581-dead971c3a14: shutdown b8405861-e810-457b-9581-dead971c3a14@group-2658BE16D483-FollowerState
2022-05-04 03:14:58,645 [b8405861-e810-457b-9581-dead971c3a14@group-2658BE16D483-FollowerState] INFO  server.RaftServer$Division (RaftServerImpl.java:setRole(290)) - b8405861-e810-457b-9581-dead971c3a14@group-2658BE16D483: changes role from  FOLLOWER to CANDIDATE at term 0 for changeToCandidate
2022-05-04 03:14:58,645 [b8405861-e810-457b-9581-dead971c3a14@group-2658BE16D483-FollowerState] INFO  server.RaftServerConfigKeys (ConfUtils.java:logGet(44)) - raft.server.leaderelection.pre-vote = false (custom)
2022-05-04 03:14:58,645 [b8405861-e810-457b-9581-dead971c3a14@group-2658BE16D483-FollowerState] INFO  impl.RoleInfo (RoleInfo.java:updateAndGet(130)) - b8405861-e810-457b-9581-dead971c3a14: start b8405861-e810-457b-9581-dead971c3a14@group-2658BE16D483-LeaderElection35
2022-05-04 03:14:58,676 [b8405861-e810-457b-9581-dead971c3a14@group-2658BE16D483-LeaderElection35] INFO  impl.LeaderElection (LeaderElection.java:askForVotes(306)) - b8405861-e810-457b-9581-dead971c3a14@group-2658BE16D483-LeaderElection35 ELECTION round 0: submit vote requests at term 1 for -1: [47ce570f-7478-41dc-b1ba-c530780a94a3|rpc:10.1.0.22:40881|priority:1, b8405861-e810-457b-9581-dead971c3a14|rpc:10.1.0.22:40547|priority:0, 94eff94b-5675-4cb0-a39c-290792b903c4|rpc:10.1.0.22:35275|priority:0], old=null
2022-05-04 03:14:58,742 [grpc-default-executor-0] INFO  server.RaftServer$Division (RaftServerImpl.java:requestVote(1046)) - 94eff94b-5675-4cb0-a39c-290792b903c4@group-2658BE16D483: receive requestVote(ELECTION, b8405861-e810-457b-9581-dead971c3a14, group-2658BE16D483, 1, (t:0, i:0))
2022-05-04 03:14:58,743 [grpc-default-executor-0] INFO  impl.VoteContext (VoteContext.java:log(48)) - 94eff94b-5675-4cb0-a39c-290792b903c4@group-2658BE16D483-FOLLOWER: accept ELECTION from b8405861-e810-457b-9581-dead971c3a14: our priority 0 <= candidate's priority 0
2022-05-04 03:14:58,743 [grpc-default-executor-0] INFO  server.RaftServer$Division (RaftServerImpl.java:setRole(290)) - 94eff94b-5675-4cb0-a39c-290792b903c4@group-2658BE16D483: changes role from  FOLLOWER to FOLLOWER at term 1 for candidate:b8405861-e810-457b-9581-dead971c3a14
2022-05-04 03:14:58,743 [grpc-default-executor-0] INFO  impl.RoleInfo (RoleInfo.java:shutdownFollowerState(108)) - 94eff94b-5675-4cb0-a39c-290792b903c4: shutdown 94eff94b-5675-4cb0-a39c-290792b903c4@group-2658BE16D483-FollowerState
2022-05-04 03:14:58,743 [grpc-default-executor-0] INFO  impl.RoleInfo (RoleInfo.java:updateAndGet(130)) - 94eff94b-5675-4cb0-a39c-290792b903c4: start 94eff94b-5675-4cb0-a39c-290792b903c4@group-2658BE16D483-FollowerState
2022-05-04 03:14:58,743 [94eff94b-5675-4cb0-a39c-290792b903c4@group-2658BE16D483-FollowerState] INFO  impl.FollowerState (FollowerState.java:run(143)) - 94eff94b-5675-4cb0-a39c-290792b903c4@group-2658BE16D483-FollowerState was interrupted: {}
java.lang.InterruptedException: sleep interrupted
	at java.lang.Thread.sleep(Native Method)
	at java.lang.Thread.sleep(Thread.java:342)
	at java.util.concurrent.TimeUnit.sleep(TimeUnit.java:386)
	at org.apache.ratis.util.TimeDuration.sleep(TimeDuration.java:324)
	at org.apache.ratis.util.TimeDuration.sleep(TimeDuration.java:309)
	at org.apache.ratis.server.impl.FollowerState.run(FollowerState.java:118)
2022-05-04 03:14:58,758 [grpc-default-executor-0] INFO  server.RaftServer$Division (RaftServerImpl.java:requestVote(1078)) - 94eff94b-5675-4cb0-a39c-290792b903c4@group-2658BE16D483 replies to ELECTION vote request: b8405861-e810-457b-9581-dead971c3a14<-94eff94b-5675-4cb0-a39c-290792b903c4#0:OK-t1. Peer's state: 94eff94b-5675-4cb0-a39c-290792b903c4@group-2658BE16D483:t1, leader=null, voted=b8405861-e810-457b-9581-dead971c3a14, raftlog=94eff94b-5675-4cb0-a39c-290792b903c4@group-2658BE16D483-SegmentedRaftLog:OPENED:c-1, conf=-1: [47ce570f-7478-41dc-b1ba-c530780a94a3|rpc:10.1.0.22:40881|dataStream:|priority:1, b8405861-e810-457b-9581-dead971c3a14|rpc:10.1.0.22:40547|dataStream:|priority:0, 94eff94b-5675-4cb0-a39c-290792b903c4|rpc:10.1.0.22:35275|dataStream:|priority:0], old=null
2022-05-04 03:14:58,806 [grpc-default-executor-1] INFO  server.RaftServer$Division (RaftServerImpl.java:requestVote(1046)) - 47ce570f-7478-41dc-b1ba-c530780a94a3@group-2658BE16D483: receive requestVote(ELECTION, b8405861-e810-457b-9581-dead971c3a14, group-2658BE16D483, 1, (t:0, i:0))
2022-05-04 03:14:58,806 [grpc-default-executor-1] INFO  impl.VoteContext (VoteContext.java:log(48)) - 47ce570f-7478-41dc-b1ba-c530780a94a3@group-2658BE16D483-FOLLOWER: reject ELECTION from b8405861-e810-457b-9581-dead971c3a14: our priority 1 > candidate's priority 0
2022-05-04 03:14:58,807 [grpc-default-executor-1] INFO  server.RaftServer$Division (RaftServerImpl.java:setRole(290)) - 47ce570f-7478-41dc-b1ba-c530780a94a3@group-2658BE16D483: changes role from  FOLLOWER to FOLLOWER at term 1 for candidate:b8405861-e810-457b-9581-dead971c3a14
2022-05-04 03:14:58,807 [grpc-default-executor-1] INFO  impl.RoleInfo (RoleInfo.java:shutdownFollowerState(108)) - 47ce570f-7478-41dc-b1ba-c530780a94a3: shutdown 47ce570f-7478-41dc-b1ba-c530780a94a3@group-2658BE16D483-FollowerState
2022-05-04 03:14:58,807 [47ce570f-7478-41dc-b1ba-c530780a94a3@group-2658BE16D483-FollowerState] INFO  impl.FollowerState (FollowerState.java:run(143)) - 47ce570f-7478-41dc-b1ba-c530780a94a3@group-2658BE16D483-FollowerState was interrupted: {}
java.lang.InterruptedException: sleep interrupted
	at java.lang.Thread.sleep(Native Method)
	at java.lang.Thread.sleep(Thread.java:342)
	at java.util.concurrent.TimeUnit.sleep(TimeUnit.java:386)
	at org.apache.ratis.util.TimeDuration.sleep(TimeDuration.java:324)
	at org.apache.ratis.util.TimeDuration.sleep(TimeDuration.java:309)
	at org.apache.ratis.server.impl.FollowerState.run(FollowerState.java:118)
2022-05-04 03:14:58,818 [Listener at 127.0.0.1/33297] INFO  ozone.MiniOzoneClusterImpl (MiniOzoneClusterImpl.java:lambda$waitForClusterToBeReady$0(221)) - Nodes are ready. Got 5 of 5 DN Heartbeats.
2022-05-04 03:14:58,818 [Listener at 127.0.0.1/33297] INFO  ozone.MiniOzoneClusterImpl (MiniOzoneClusterImpl.java:lambda$waitForClusterToBeReady$0(224)) - Waiting for cluster to exit safe mode
2022-05-04 03:14:58,818 [Listener at 127.0.0.1/33297] INFO  ozone.MiniOzoneClusterImpl (MiniOzoneClusterImpl.java:lambda$waitForClusterToBeReady$0(226)) - SCM became leader
2022-05-04 03:14:58,826 [grpc-default-executor-1] INFO  impl.RoleInfo (RoleInfo.java:updateAndGet(130)) - 47ce570f-7478-41dc-b1ba-c530780a94a3: start 47ce570f-7478-41dc-b1ba-c530780a94a3@group-2658BE16D483-FollowerState
2022-05-04 03:14:58,828 [grpc-default-executor-1] INFO  server.RaftServer$Division (RaftServerImpl.java:requestVote(1078)) - 47ce570f-7478-41dc-b1ba-c530780a94a3@group-2658BE16D483 replies to ELECTION vote request: b8405861-e810-457b-9581-dead971c3a14<-47ce570f-7478-41dc-b1ba-c530780a94a3#0:FAIL-t1. Peer's state: 47ce570f-7478-41dc-b1ba-c530780a94a3@group-2658BE16D483:t1, leader=null, voted=null, raftlog=47ce570f-7478-41dc-b1ba-c530780a94a3@group-2658BE16D483-SegmentedRaftLog:OPENED:c-1, conf=-1: [47ce570f-7478-41dc-b1ba-c530780a94a3|rpc:10.1.0.22:40881|dataStream:|priority:1, b8405861-e810-457b-9581-dead971c3a14|rpc:10.1.0.22:40547|dataStream:|priority:0, 94eff94b-5675-4cb0-a39c-290792b903c4|rpc:10.1.0.22:35275|dataStream:|priority:0], old=null
2022-05-04 03:14:58,844 [b8405861-e810-457b-9581-dead971c3a14@group-2658BE16D483-LeaderElection35] INFO  impl.LeaderElection (LeaderElection.java:logAndReturn(89)) - b8405861-e810-457b-9581-dead971c3a14@group-2658BE16D483-LeaderElection35: ELECTION REJECTED received 2 response(s) and 0 exception(s):
2022-05-04 03:14:58,844 [b8405861-e810-457b-9581-dead971c3a14@group-2658BE16D483-LeaderElection35] INFO  impl.LeaderElection (LeaderElection.java:logAndReturn(93)) -   Response 0: b8405861-e810-457b-9581-dead971c3a14<-47ce570f-7478-41dc-b1ba-c530780a94a3#0:FAIL-t1
2022-05-04 03:14:58,844 [b8405861-e810-457b-9581-dead971c3a14@group-2658BE16D483-LeaderElection35] INFO  impl.LeaderElection (LeaderElection.java:logAndReturn(93)) -   Response 1: b8405861-e810-457b-9581-dead971c3a14<-94eff94b-5675-4cb0-a39c-290792b903c4#0:OK-t1
2022-05-04 03:14:58,844 [b8405861-e810-457b-9581-dead971c3a14@group-2658BE16D483-LeaderElection35] INFO  impl.LeaderElection (LeaderElection.java:askForVotes(308)) - b8405861-e810-457b-9581-dead971c3a14@group-2658BE16D483-LeaderElection35 ELECTION round 0: result REJECTED
2022-05-04 03:14:58,844 [b8405861-e810-457b-9581-dead971c3a14@group-2658BE16D483-LeaderElection35] INFO  server.RaftServer$Division (RaftServerImpl.java:setRole(290)) - b8405861-e810-457b-9581-dead971c3a14@group-2658BE16D483: changes role from CANDIDATE to FOLLOWER at term 1 for REJECTED
2022-05-04 03:14:58,844 [b8405861-e810-457b-9581-dead971c3a14@group-2658BE16D483-LeaderElection35] INFO  impl.RoleInfo (RoleInfo.java:shutdownLeaderElection(121)) - b8405861-e810-457b-9581-dead971c3a14: shutdown b8405861-e810-457b-9581-dead971c3a14@group-2658BE16D483-LeaderElection35
2022-05-04 03:14:58,844 [b8405861-e810-457b-9581-dead971c3a14@group-2658BE16D483-LeaderElection35] INFO  impl.RoleInfo (RoleInfo.java:updateAndGet(130)) - b8405861-e810-457b-9581-dead971c3a14: start b8405861-e810-457b-9581-dead971c3a14@group-2658BE16D483-FollowerState
2022-05-04 03:14:59,220 [94eff94b-5675-4cb0-a39c-290792b903c4@group-434A2F37988D-FollowerState] INFO  impl.FollowerState (FollowerState.java:run(134)) - 94eff94b-5675-4cb0-a39c-290792b903c4@group-434A2F37988D-FollowerState: change to CANDIDATE, lastRpcElapsedTime:5088962666ns, electionTimeout:5081ms
2022-05-04 03:14:59,220 [94eff94b-5675-4cb0-a39c-290792b903c4@group-434A2F37988D-FollowerState] INFO  impl.RoleInfo (RoleInfo.java:shutdownFollowerState(108)) - 94eff94b-5675-4cb0-a39c-290792b903c4: shutdown 94eff94b-5675-4cb0-a39c-290792b903c4@group-434A2F37988D-FollowerState
2022-05-04 03:14:59,220 [94eff94b-5675-4cb0-a39c-290792b903c4@group-434A2F37988D-FollowerState] INFO  server.RaftServer$Division (RaftServerImpl.java:setRole(290)) - 94eff94b-5675-4cb0-a39c-290792b903c4@group-434A2F37988D: changes role from  FOLLOWER to CANDIDATE at term 0 for changeToCandidate
2022-05-04 03:14:59,220 [94eff94b-5675-4cb0-a39c-290792b903c4@group-434A2F37988D-FollowerState] INFO  server.RaftServerConfigKeys (ConfUtils.java:logGet(44)) - raft.server.leaderelection.pre-vote = false (custom)
2022-05-04 03:14:59,220 [94eff94b-5675-4cb0-a39c-290792b903c4@group-434A2F37988D-FollowerState] INFO  impl.RoleInfo (RoleInfo.java:updateAndGet(130)) - 94eff94b-5675-4cb0-a39c-290792b903c4: start 94eff94b-5675-4cb0-a39c-290792b903c4@group-434A2F37988D-LeaderElection36
2022-05-04 03:14:59,245 [b8405861-e810-457b-9581-dead971c3a14@group-434A2F37988D-FollowerState] INFO  impl.FollowerState (FollowerState.java:run(134)) - b8405861-e810-457b-9581-dead971c3a14@group-434A2F37988D-FollowerState: change to CANDIDATE, lastRpcElapsedTime:5211559596ns, electionTimeout:5193ms
2022-05-04 03:14:59,245 [b8405861-e810-457b-9581-dead971c3a14@group-434A2F37988D-FollowerState] INFO  impl.RoleInfo (RoleInfo.java:shutdownFollowerState(108)) - b8405861-e810-457b-9581-dead971c3a14: shutdown b8405861-e810-457b-9581-dead971c3a14@group-434A2F37988D-FollowerState
2022-05-04 03:14:59,245 [b8405861-e810-457b-9581-dead971c3a14@group-434A2F37988D-FollowerState] INFO  server.RaftServer$Division (RaftServerImpl.java:setRole(290)) - b8405861-e810-457b-9581-dead971c3a14@group-434A2F37988D: changes role from  FOLLOWER to CANDIDATE at term 0 for changeToCandidate
2022-05-04 03:14:59,245 [b8405861-e810-457b-9581-dead971c3a14@group-434A2F37988D-FollowerState] INFO  server.RaftServerConfigKeys (ConfUtils.java:logGet(44)) - raft.server.leaderelection.pre-vote = false (custom)
2022-05-04 03:14:59,246 [b8405861-e810-457b-9581-dead971c3a14@group-434A2F37988D-FollowerState] INFO  impl.RoleInfo (RoleInfo.java:updateAndGet(130)) - b8405861-e810-457b-9581-dead971c3a14: start b8405861-e810-457b-9581-dead971c3a14@group-434A2F37988D-LeaderElection37
2022-05-04 03:14:59,270 [94eff94b-5675-4cb0-a39c-290792b903c4@group-434A2F37988D-LeaderElection36] INFO  impl.LeaderElection (LeaderElection.java:askForVotes(306)) - 94eff94b-5675-4cb0-a39c-290792b903c4@group-434A2F37988D-LeaderElection36 ELECTION round 0: submit vote requests at term 1 for -1: [47ce570f-7478-41dc-b1ba-c530780a94a3|rpc:10.1.0.22:40881|dataStream:|priority:0, b8405861-e810-457b-9581-dead971c3a14|rpc:10.1.0.22:40547|dataStream:|priority:0, 94eff94b-5675-4cb0-a39c-290792b903c4|rpc:10.1.0.22:35275|dataStream:|priority:1], old=null
2022-05-04 03:14:59,314 [b8405861-e810-457b-9581-dead971c3a14@group-434A2F37988D-LeaderElection37] INFO  impl.LeaderElection (LeaderElection.java:askForVotes(306)) - b8405861-e810-457b-9581-dead971c3a14@group-434A2F37988D-LeaderElection37 ELECTION round 0: submit vote requests at term 1 for -1: [47ce570f-7478-41dc-b1ba-c530780a94a3|rpc:10.1.0.22:40881|priority:0, b8405861-e810-457b-9581-dead971c3a14|rpc:10.1.0.22:40547|priority:0, 94eff94b-5675-4cb0-a39c-290792b903c4|rpc:10.1.0.22:35275|priority:1], old=null
2022-05-04 03:14:59,350 [grpc-default-executor-1] INFO  server.RaftServer$Division (RaftServerImpl.java:requestVote(1046)) - 94eff94b-5675-4cb0-a39c-290792b903c4@group-434A2F37988D: receive requestVote(ELECTION, b8405861-e810-457b-9581-dead971c3a14, group-434A2F37988D, 1, (t:0, i:0))
2022-05-04 03:14:59,350 [grpc-default-executor-1] INFO  impl.VoteContext (VoteContext.java:log(48)) - 94eff94b-5675-4cb0-a39c-290792b903c4@group-434A2F37988D-CANDIDATE: reject ELECTION from b8405861-e810-457b-9581-dead971c3a14: already has voted for 94eff94b-5675-4cb0-a39c-290792b903c4 at current term 1
2022-05-04 03:14:59,350 [grpc-default-executor-1] INFO  server.RaftServer$Division (RaftServerImpl.java:requestVote(1078)) - 94eff94b-5675-4cb0-a39c-290792b903c4@group-434A2F37988D replies to ELECTION vote request: b8405861-e810-457b-9581-dead971c3a14<-94eff94b-5675-4cb0-a39c-290792b903c4#0:FAIL-t1. Peer's state: 94eff94b-5675-4cb0-a39c-290792b903c4@group-434A2F37988D:t1, leader=null, voted=94eff94b-5675-4cb0-a39c-290792b903c4, raftlog=94eff94b-5675-4cb0-a39c-290792b903c4@group-434A2F37988D-SegmentedRaftLog:OPENED:c-1, conf=-1: [47ce570f-7478-41dc-b1ba-c530780a94a3|rpc:10.1.0.22:40881|dataStream:|priority:0, b8405861-e810-457b-9581-dead971c3a14|rpc:10.1.0.22:40547|dataStream:|priority:0, 94eff94b-5675-4cb0-a39c-290792b903c4|rpc:10.1.0.22:35275|dataStream:|priority:1], old=null
2022-05-04 03:14:59,351 [grpc-default-executor-0] INFO  server.RaftServer$Division (RaftServerImpl.java:requestVote(1046)) - 47ce570f-7478-41dc-b1ba-c530780a94a3@group-434A2F37988D: receive requestVote(ELECTION, b8405861-e810-457b-9581-dead971c3a14, group-434A2F37988D, 1, (t:0, i:0))
2022-05-04 03:14:59,351 [grpc-default-executor-0] INFO  impl.VoteContext (VoteContext.java:log(48)) - 47ce570f-7478-41dc-b1ba-c530780a94a3@group-434A2F37988D-FOLLOWER: accept ELECTION from b8405861-e810-457b-9581-dead971c3a14: our priority 0 <= candidate's priority 0
2022-05-04 03:14:59,351 [grpc-default-executor-0] INFO  server.RaftServer$Division (RaftServerImpl.java:setRole(290)) - 47ce570f-7478-41dc-b1ba-c530780a94a3@group-434A2F37988D: changes role from  FOLLOWER to FOLLOWER at term 1 for candidate:b8405861-e810-457b-9581-dead971c3a14
2022-05-04 03:14:59,352 [grpc-default-executor-0] INFO  impl.RoleInfo (RoleInfo.java:shutdownFollowerState(108)) - 47ce570f-7478-41dc-b1ba-c530780a94a3: shutdown 47ce570f-7478-41dc-b1ba-c530780a94a3@group-434A2F37988D-FollowerState
2022-05-04 03:14:59,358 [b8405861-e810-457b-9581-dead971c3a14@group-434A2F37988D-LeaderElection37] INFO  impl.LeaderElection (LeaderElection.java:logAndReturn(89)) - b8405861-e810-457b-9581-dead971c3a14@group-434A2F37988D-LeaderElection37: ELECTION REJECTED received 1 response(s) and 0 exception(s):
2022-05-04 03:14:59,358 [b8405861-e810-457b-9581-dead971c3a14@group-434A2F37988D-LeaderElection37] INFO  impl.LeaderElection (LeaderElection.java:logAndReturn(93)) -   Response 0: b8405861-e810-457b-9581-dead971c3a14<-94eff94b-5675-4cb0-a39c-290792b903c4#0:FAIL-t1
2022-05-04 03:14:59,358 [b8405861-e810-457b-9581-dead971c3a14@group-434A2F37988D-LeaderElection37] INFO  impl.LeaderElection (LeaderElection.java:askForVotes(308)) - b8405861-e810-457b-9581-dead971c3a14@group-434A2F37988D-LeaderElection37 ELECTION round 0: result REJECTED
2022-05-04 03:14:59,358 [b8405861-e810-457b-9581-dead971c3a14@group-434A2F37988D-LeaderElection37] INFO  server.RaftServer$Division (RaftServerImpl.java:setRole(290)) - b8405861-e810-457b-9581-dead971c3a14@group-434A2F37988D: changes role from CANDIDATE to FOLLOWER at term 1 for REJECTED
2022-05-04 03:14:59,358 [b8405861-e810-457b-9581-dead971c3a14@group-434A2F37988D-LeaderElection37] INFO  impl.RoleInfo (RoleInfo.java:shutdownLeaderElection(121)) - b8405861-e810-457b-9581-dead971c3a14: shutdown b8405861-e810-457b-9581-dead971c3a14@group-434A2F37988D-LeaderElection37
2022-05-04 03:14:59,358 [b8405861-e810-457b-9581-dead971c3a14@group-434A2F37988D-LeaderElection37] INFO  impl.RoleInfo (RoleInfo.java:updateAndGet(130)) - b8405861-e810-457b-9581-dead971c3a14: start b8405861-e810-457b-9581-dead971c3a14@group-434A2F37988D-FollowerState
2022-05-04 03:14:59,360 [grpc-default-executor-0] INFO  impl.RoleInfo (RoleInfo.java:updateAndGet(130)) - 47ce570f-7478-41dc-b1ba-c530780a94a3: start 47ce570f-7478-41dc-b1ba-c530780a94a3@group-434A2F37988D-FollowerState
2022-05-04 03:14:59,360 [47ce570f-7478-41dc-b1ba-c530780a94a3@group-434A2F37988D-FollowerState] INFO  impl.FollowerState (FollowerState.java:run(143)) - 47ce570f-7478-41dc-b1ba-c530780a94a3@group-434A2F37988D-FollowerState was interrupted: {}
java.lang.InterruptedException: sleep interrupted
	at java.lang.Thread.sleep(Native Method)
	at java.lang.Thread.sleep(Thread.java:342)
	at java.util.concurrent.TimeUnit.sleep(TimeUnit.java:386)
	at org.apache.ratis.util.TimeDuration.sleep(TimeDuration.java:324)
	at org.apache.ratis.util.TimeDuration.sleep(TimeDuration.java:309)
	at org.apache.ratis.server.impl.FollowerState.run(FollowerState.java:118)
2022-05-04 03:14:59,375 [grpc-default-executor-1] INFO  server.RaftServer$Division (RaftServerImpl.java:requestVote(1046)) - 47ce570f-7478-41dc-b1ba-c530780a94a3@group-434A2F37988D: receive requestVote(ELECTION, 94eff94b-5675-4cb0-a39c-290792b903c4, group-434A2F37988D, 1, (t:0, i:0))
2022-05-04 03:14:59,376 [grpc-default-executor-2] INFO  server.RaftServer$Division (RaftServerImpl.java:requestVote(1046)) - b8405861-e810-457b-9581-dead971c3a14@group-434A2F37988D: receive requestVote(ELECTION, 94eff94b-5675-4cb0-a39c-290792b903c4, group-434A2F37988D, 1, (t:0, i:0))
2022-05-04 03:14:59,376 [grpc-default-executor-2] INFO  impl.VoteContext (VoteContext.java:log(48)) - b8405861-e810-457b-9581-dead971c3a14@group-434A2F37988D-FOLLOWER: reject ELECTION from 94eff94b-5675-4cb0-a39c-290792b903c4: already has voted for b8405861-e810-457b-9581-dead971c3a14 at current term 1
2022-05-04 03:14:59,376 [grpc-default-executor-2] INFO  server.RaftServer$Division (RaftServerImpl.java:requestVote(1078)) - b8405861-e810-457b-9581-dead971c3a14@group-434A2F37988D replies to ELECTION vote request: 94eff94b-5675-4cb0-a39c-290792b903c4<-b8405861-e810-457b-9581-dead971c3a14#0:FAIL-t1. Peer's state: b8405861-e810-457b-9581-dead971c3a14@group-434A2F37988D:t1, leader=null, voted=b8405861-e810-457b-9581-dead971c3a14, raftlog=b8405861-e810-457b-9581-dead971c3a14@group-434A2F37988D-SegmentedRaftLog:OPENED:c-1, conf=-1: [47ce570f-7478-41dc-b1ba-c530780a94a3|rpc:10.1.0.22:40881|priority:0, b8405861-e810-457b-9581-dead971c3a14|rpc:10.1.0.22:40547|priority:0, 94eff94b-5675-4cb0-a39c-290792b903c4|rpc:10.1.0.22:35275|priority:1], old=null
2022-05-04 03:14:59,391 [grpc-default-executor-0] INFO  server.RaftServer$Division (RaftServerImpl.java:requestVote(1078)) - 47ce570f-7478-41dc-b1ba-c530780a94a3@group-434A2F37988D replies to ELECTION vote request: b8405861-e810-457b-9581-dead971c3a14<-47ce570f-7478-41dc-b1ba-c530780a94a3#0:OK-t1. Peer's state: 47ce570f-7478-41dc-b1ba-c530780a94a3@group-434A2F37988D:t1, leader=null, voted=b8405861-e810-457b-9581-dead971c3a14, raftlog=47ce570f-7478-41dc-b1ba-c530780a94a3@group-434A2F37988D-SegmentedRaftLog:OPENED:c-1, conf=-1: [47ce570f-7478-41dc-b1ba-c530780a94a3|rpc:10.1.0.22:40881|dataStream:|priority:0, b8405861-e810-457b-9581-dead971c3a14|rpc:10.1.0.22:40547|dataStream:|priority:0, 94eff94b-5675-4cb0-a39c-290792b903c4|rpc:10.1.0.22:35275|dataStream:|priority:1], old=null
2022-05-04 03:14:59,399 [grpc-default-executor-1] INFO  impl.VoteContext (VoteContext.java:log(48)) - 47ce570f-7478-41dc-b1ba-c530780a94a3@group-434A2F37988D-FOLLOWER: reject ELECTION from 94eff94b-5675-4cb0-a39c-290792b903c4: already has voted for b8405861-e810-457b-9581-dead971c3a14 at current term 1
2022-05-04 03:14:59,399 [grpc-default-executor-1] INFO  server.RaftServer$Division (RaftServerImpl.java:requestVote(1078)) - 47ce570f-7478-41dc-b1ba-c530780a94a3@group-434A2F37988D replies to ELECTION vote request: 94eff94b-5675-4cb0-a39c-290792b903c4<-47ce570f-7478-41dc-b1ba-c530780a94a3#0:FAIL-t1. Peer's state: 47ce570f-7478-41dc-b1ba-c530780a94a3@group-434A2F37988D:t1, leader=null, voted=b8405861-e810-457b-9581-dead971c3a14, raftlog=47ce570f-7478-41dc-b1ba-c530780a94a3@group-434A2F37988D-SegmentedRaftLog:OPENED:c-1, conf=-1: [47ce570f-7478-41dc-b1ba-c530780a94a3|rpc:10.1.0.22:40881|dataStream:|priority:0, b8405861-e810-457b-9581-dead971c3a14|rpc:10.1.0.22:40547|dataStream:|priority:0, 94eff94b-5675-4cb0-a39c-290792b903c4|rpc:10.1.0.22:35275|dataStream:|priority:1], old=null
2022-05-04 03:14:59,427 [94eff94b-5675-4cb0-a39c-290792b903c4@group-434A2F37988D-LeaderElection36] INFO  impl.LeaderElection (LeaderElection.java:logAndReturn(89)) - 94eff94b-5675-4cb0-a39c-290792b903c4@group-434A2F37988D-LeaderElection36: ELECTION REJECTED received 2 response(s) and 0 exception(s):
2022-05-04 03:14:59,427 [94eff94b-5675-4cb0-a39c-290792b903c4@group-434A2F37988D-LeaderElection36] INFO  impl.LeaderElection (LeaderElection.java:logAndReturn(93)) -   Response 0: 94eff94b-5675-4cb0-a39c-290792b903c4<-47ce570f-7478-41dc-b1ba-c530780a94a3#0:FAIL-t1
2022-05-04 03:14:59,427 [94eff94b-5675-4cb0-a39c-290792b903c4@group-434A2F37988D-LeaderElection36] INFO  impl.LeaderElection (LeaderElection.java:logAndReturn(93)) -   Response 1: 94eff94b-5675-4cb0-a39c-290792b903c4<-b8405861-e810-457b-9581-dead971c3a14#0:FAIL-t1
2022-05-04 03:14:59,427 [94eff94b-5675-4cb0-a39c-290792b903c4@group-434A2F37988D-LeaderElection36] INFO  impl.LeaderElection (LeaderElection.java:askForVotes(308)) - 94eff94b-5675-4cb0-a39c-290792b903c4@group-434A2F37988D-LeaderElection36 ELECTION round 0: result REJECTED
2022-05-04 03:14:59,427 [94eff94b-5675-4cb0-a39c-290792b903c4@group-434A2F37988D-LeaderElection36] INFO  server.RaftServer$Division (RaftServerImpl.java:setRole(290)) - 94eff94b-5675-4cb0-a39c-290792b903c4@group-434A2F37988D: changes role from CANDIDATE to FOLLOWER at term 1 for REJECTED
2022-05-04 03:14:59,427 [94eff94b-5675-4cb0-a39c-290792b903c4@group-434A2F37988D-LeaderElection36] INFO  impl.RoleInfo (RoleInfo.java:shutdownLeaderElection(121)) - 94eff94b-5675-4cb0-a39c-290792b903c4: shutdown 94eff94b-5675-4cb0-a39c-290792b903c4@group-434A2F37988D-LeaderElection36
2022-05-04 03:14:59,427 [94eff94b-5675-4cb0-a39c-290792b903c4@group-434A2F37988D-LeaderElection36] INFO  impl.RoleInfo (RoleInfo.java:updateAndGet(130)) - 94eff94b-5675-4cb0-a39c-290792b903c4: start 94eff94b-5675-4cb0-a39c-290792b903c4@group-434A2F37988D-FollowerState
2022-05-04 03:14:59,451 [94eff94b-5675-4cb0-a39c-290792b903c4@group-F76310959E2C-FollowerState] INFO  impl.FollowerState (FollowerState.java:run(134)) - 94eff94b-5675-4cb0-a39c-290792b903c4@group-F76310959E2C-FollowerState: change to CANDIDATE, lastRpcElapsedTime:5153794712ns, electionTimeout:5143ms
2022-05-04 03:14:59,451 [94eff94b-5675-4cb0-a39c-290792b903c4@group-F76310959E2C-FollowerState] INFO  impl.RoleInfo (RoleInfo.java:shutdownFollowerState(108)) - 94eff94b-5675-4cb0-a39c-290792b903c4: shutdown 94eff94b-5675-4cb0-a39c-290792b903c4@group-F76310959E2C-FollowerState
2022-05-04 03:14:59,452 [94eff94b-5675-4cb0-a39c-290792b903c4@group-F76310959E2C-FollowerState] INFO  server.RaftServer$Division (RaftServerImpl.java:setRole(290)) - 94eff94b-5675-4cb0-a39c-290792b903c4@group-F76310959E2C: changes role from  FOLLOWER to CANDIDATE at term 0 for changeToCandidate
2022-05-04 03:14:59,452 [94eff94b-5675-4cb0-a39c-290792b903c4@group-F76310959E2C-FollowerState] INFO  server.RaftServerConfigKeys (ConfUtils.java:logGet(44)) - raft.server.leaderelection.pre-vote = false (custom)
2022-05-04 03:14:59,452 [94eff94b-5675-4cb0-a39c-290792b903c4@group-F76310959E2C-FollowerState] INFO  impl.RoleInfo (RoleInfo.java:updateAndGet(130)) - 94eff94b-5675-4cb0-a39c-290792b903c4: start 94eff94b-5675-4cb0-a39c-290792b903c4@group-F76310959E2C-LeaderElection38
2022-05-04 03:14:59,475 [94eff94b-5675-4cb0-a39c-290792b903c4@group-F76310959E2C-LeaderElection38] INFO  impl.LeaderElection (LeaderElection.java:askForVotes(306)) - 94eff94b-5675-4cb0-a39c-290792b903c4@group-F76310959E2C-LeaderElection38 ELECTION round 0: submit vote requests at term 1 for -1: [94eff94b-5675-4cb0-a39c-290792b903c4|rpc:10.1.0.22:35275|priority:1], old=null
2022-05-04 03:14:59,475 [94eff94b-5675-4cb0-a39c-290792b903c4@group-F76310959E2C-LeaderElection38] INFO  impl.LeaderElection (LeaderElection.java:askForVotes(308)) - 94eff94b-5675-4cb0-a39c-290792b903c4@group-F76310959E2C-LeaderElection38 ELECTION round 0: result PASSED (term=1)
2022-05-04 03:14:59,475 [94eff94b-5675-4cb0-a39c-290792b903c4@group-F76310959E2C-LeaderElection38] INFO  impl.RoleInfo (RoleInfo.java:shutdownLeaderElection(121)) - 94eff94b-5675-4cb0-a39c-290792b903c4: shutdown 94eff94b-5675-4cb0-a39c-290792b903c4@group-F76310959E2C-LeaderElection38
2022-05-04 03:14:59,475 [94eff94b-5675-4cb0-a39c-290792b903c4@group-F76310959E2C-LeaderElection38] INFO  server.RaftServer$Division (RaftServerImpl.java:setRole(290)) - 94eff94b-5675-4cb0-a39c-290792b903c4@group-F76310959E2C: changes role from CANDIDATE to LEADER at term 1 for changeToLeader
2022-05-04 03:14:59,475 [94eff94b-5675-4cb0-a39c-290792b903c4@group-F76310959E2C-LeaderElection38] INFO  ratis.XceiverServerRatis (XceiverServerRatis.java:handleLeaderChangedNotification(863)) - Leader change notification received for group: group-F76310959E2C with new leaderId: 94eff94b-5675-4cb0-a39c-290792b903c4
2022-05-04 03:14:59,475 [94eff94b-5675-4cb0-a39c-290792b903c4@group-F76310959E2C-LeaderElection38] INFO  server.RaftServer$Division (ServerState.java:setLeader(285)) - 94eff94b-5675-4cb0-a39c-290792b903c4@group-F76310959E2C: change Leader from null to 94eff94b-5675-4cb0-a39c-290792b903c4 at term 1 for becomeLeader, leader elected after 5212ms
2022-05-04 03:14:59,475 [94eff94b-5675-4cb0-a39c-290792b903c4@group-F76310959E2C-LeaderElection38] INFO  server.RaftServerConfigKeys (ConfUtils.java:logGet(44)) - raft.server.staging.catchup.gap = 1000 (default)
2022-05-04 03:14:59,476 [94eff94b-5675-4cb0-a39c-290792b903c4@group-F76310959E2C-LeaderElection38] INFO  server.RaftServerConfigKeys (ConfUtils.java:logGet(44)) - raft.server.write.element-limit = 1024 (custom)
2022-05-04 03:14:59,476 [94eff94b-5675-4cb0-a39c-290792b903c4@group-F76310959E2C-LeaderElection38] INFO  server.RaftServerConfigKeys (ConfUtils.java:logGet(44)) - raft.server.write.byte-limit = 1024 M (=1073741824) (custom)
2022-05-04 03:14:59,476 [94eff94b-5675-4cb0-a39c-290792b903c4@group-F76310959E2C-LeaderElection38] INFO  server.RaftServerConfigKeys (ConfUtils.java:logGet(44)) - raft.server.watch.timeout = 180s (custom)
2022-05-04 03:14:59,476 [94eff94b-5675-4cb0-a39c-290792b903c4@group-F76310959E2C-LeaderElection38] INFO  server.RaftServerConfigKeys (ConfUtils.java:logGet(44)) - raft.server.watch.timeout.denomination = 1s (default)
2022-05-04 03:14:59,476 [94eff94b-5675-4cb0-a39c-290792b903c4@group-F76310959E2C-LeaderElection38] INFO  server.RaftServerConfigKeys (ConfUtils.java:logGet(44)) - raft.server.watch.element-limit = 65536 (default)
2022-05-04 03:14:59,476 [94eff94b-5675-4cb0-a39c-290792b903c4@group-F76310959E2C-LeaderElection38] INFO  server.RaftServerConfigKeys (ConfUtils.java:logGet(44)) - raft.server.write.element-limit = 1024 (custom)
2022-05-04 03:14:59,476 [94eff94b-5675-4cb0-a39c-290792b903c4@group-F76310959E2C-LeaderElection38] INFO  server.RaftServerConfigKeys (ConfUtils.java:logGet(44)) - raft.server.write.follower.gap.ratio.max = -1.0 (default)
2022-05-04 03:14:59,476 [94eff94b-5675-4cb0-a39c-290792b903c4@group-F76310959E2C-LeaderElection38] INFO  impl.RoleInfo (RoleInfo.java:updateAndGet(130)) - 94eff94b-5675-4cb0-a39c-290792b903c4: start 94eff94b-5675-4cb0-a39c-290792b903c4@group-F76310959E2C-LeaderStateImpl
2022-05-04 03:14:59,477 [94eff94b-5675-4cb0-a39c-290792b903c4@group-F76310959E2C-LeaderElection38] INFO  segmented.SegmentedRaftLogWorker (SegmentedRaftLogWorker.java:startLogSegment(394)) - 94eff94b-5675-4cb0-a39c-290792b903c4@group-F76310959E2C-SegmentedRaftLogWorker: Starting segment from index:0
2022-05-04 03:14:59,478 [EventQueue-OpenPipelineForHealthyPipelineSafeModeRule] INFO  safemode.SCMSafeModeManager (HealthyPipelineSafeModeRule.java:process(124)) - SCM in safe mode. Healthy pipelines reported count is 0, required healthy pipeline reported count is 1
2022-05-04 03:14:59,480 [94eff94b-5675-4cb0-a39c-290792b903c4@group-F76310959E2C-SegmentedRaftLogWorker] INFO  segmented.SegmentedRaftLogWorker (SegmentedRaftLogWorker.java:execute(601)) - 94eff94b-5675-4cb0-a39c-290792b903c4@group-F76310959E2C-SegmentedRaftLogWorker: created new log segment /home/runner/work/ozone/ozone/hadoop-ozone/integration-test/target/test-dir/MiniOzoneClusterImpl-ffb4024d-fcb7-425a-91bb-293fa2ccb31b/datanode-1/data/ratis/4583670a-1ad2-4f29-82bb-f76310959e2c/current/log_inprogress_0
2022-05-04 03:14:59,495 [94eff94b-5675-4cb0-a39c-290792b903c4@group-F76310959E2C-LeaderElection38] INFO  server.RaftServer$Division (ServerState.java:setRaftConf(387)) - 94eff94b-5675-4cb0-a39c-290792b903c4@group-F76310959E2C: set configuration 0: [94eff94b-5675-4cb0-a39c-290792b903c4|rpc:10.1.0.22:35275|dataStream:|priority:1], old=null
2022-05-04 03:14:59,818 [Listener at 127.0.0.1/33297] INFO  ozone.MiniOzoneClusterImpl (MiniOzoneClusterImpl.java:lambda$waitForClusterToBeReady$0(221)) - Nodes are ready. Got 5 of 5 DN Heartbeats.
2022-05-04 03:14:59,819 [Listener at 127.0.0.1/33297] INFO  ozone.MiniOzoneClusterImpl (MiniOzoneClusterImpl.java:lambda$waitForClusterToBeReady$0(224)) - Waiting for cluster to exit safe mode
2022-05-04 03:14:59,819 [Listener at 127.0.0.1/33297] INFO  ozone.MiniOzoneClusterImpl (MiniOzoneClusterImpl.java:lambda$waitForClusterToBeReady$0(226)) - SCM became leader
2022-05-04 03:15:00,085 [47ce570f-7478-41dc-b1ba-c530780a94a3@group-3233C63FDC2B-FollowerState] INFO  impl.FollowerState (FollowerState.java:run(134)) - 47ce570f-7478-41dc-b1ba-c530780a94a3@group-3233C63FDC2B-FollowerState: change to CANDIDATE, lastRpcElapsedTime:5133920002ns, electionTimeout:5123ms
2022-05-04 03:15:00,085 [47ce570f-7478-41dc-b1ba-c530780a94a3@group-3233C63FDC2B-FollowerState] INFO  impl.RoleInfo (RoleInfo.java:shutdownFollowerState(108)) - 47ce570f-7478-41dc-b1ba-c530780a94a3: shutdown 47ce570f-7478-41dc-b1ba-c530780a94a3@group-3233C63FDC2B-FollowerState
2022-05-04 03:15:00,085 [47ce570f-7478-41dc-b1ba-c530780a94a3@group-3233C63FDC2B-FollowerState] INFO  server.RaftServer$Division (RaftServerImpl.java:setRole(290)) - 47ce570f-7478-41dc-b1ba-c530780a94a3@group-3233C63FDC2B: changes role from  FOLLOWER to CANDIDATE at term 0 for changeToCandidate
2022-05-04 03:15:00,086 [47ce570f-7478-41dc-b1ba-c530780a94a3@group-3233C63FDC2B-FollowerState] INFO  server.RaftServerConfigKeys (ConfUtils.java:logGet(44)) - raft.server.leaderelection.pre-vote = false (custom)
2022-05-04 03:15:00,086 [47ce570f-7478-41dc-b1ba-c530780a94a3@group-3233C63FDC2B-FollowerState] INFO  impl.RoleInfo (RoleInfo.java:updateAndGet(130)) - 47ce570f-7478-41dc-b1ba-c530780a94a3: start 47ce570f-7478-41dc-b1ba-c530780a94a3@group-3233C63FDC2B-LeaderElection39
2022-05-04 03:15:00,121 [47ce570f-7478-41dc-b1ba-c530780a94a3@group-3233C63FDC2B-LeaderElection39] INFO  impl.LeaderElection (LeaderElection.java:askForVotes(306)) - 47ce570f-7478-41dc-b1ba-c530780a94a3@group-3233C63FDC2B-LeaderElection39 ELECTION round 0: submit vote requests at term 1 for -1: [47ce570f-7478-41dc-b1ba-c530780a94a3|rpc:10.1.0.22:40881|priority:1], old=null
2022-05-04 03:15:00,121 [47ce570f-7478-41dc-b1ba-c530780a94a3@group-3233C63FDC2B-LeaderElection39] INFO  impl.LeaderElection (LeaderElection.java:askForVotes(308)) - 47ce570f-7478-41dc-b1ba-c530780a94a3@group-3233C63FDC2B-LeaderElection39 ELECTION round 0: result PASSED (term=1)
2022-05-04 03:15:00,121 [47ce570f-7478-41dc-b1ba-c530780a94a3@group-3233C63FDC2B-LeaderElection39] INFO  impl.RoleInfo (RoleInfo.java:shutdownLeaderElection(121)) - 47ce570f-7478-41dc-b1ba-c530780a94a3: shutdown 47ce570f-7478-41dc-b1ba-c530780a94a3@group-3233C63FDC2B-LeaderElection39
2022-05-04 03:15:00,121 [47ce570f-7478-41dc-b1ba-c530780a94a3@group-3233C63FDC2B-LeaderElection39] INFO  server.RaftServer$Division (RaftServerImpl.java:setRole(290)) - 47ce570f-7478-41dc-b1ba-c530780a94a3@group-3233C63FDC2B: changes role from CANDIDATE to LEADER at term 1 for changeToLeader
2022-05-04 03:15:00,121 [47ce570f-7478-41dc-b1ba-c530780a94a3@group-3233C63FDC2B-LeaderElection39] INFO  ratis.XceiverServerRatis (XceiverServerRatis.java:handleLeaderChangedNotification(863)) - Leader change notification received for group: group-3233C63FDC2B with new leaderId: 47ce570f-7478-41dc-b1ba-c530780a94a3
2022-05-04 03:15:00,121 [47ce570f-7478-41dc-b1ba-c530780a94a3@group-3233C63FDC2B-LeaderElection39] INFO  server.RaftServer$Division (ServerState.java:setLeader(285)) - 47ce570f-7478-41dc-b1ba-c530780a94a3@group-3233C63FDC2B: change Leader from null to 47ce570f-7478-41dc-b1ba-c530780a94a3 at term 1 for becomeLeader, leader elected after 5182ms
2022-05-04 03:15:00,121 [47ce570f-7478-41dc-b1ba-c530780a94a3@group-3233C63FDC2B-LeaderElection39] INFO  server.RaftServerConfigKeys (ConfUtils.java:logGet(44)) - raft.server.staging.catchup.gap = 1000 (default)
2022-05-04 03:15:00,122 [47ce570f-7478-41dc-b1ba-c530780a94a3@group-3233C63FDC2B-LeaderElection39] INFO  server.RaftServerConfigKeys (ConfUtils.java:logGet(44)) - raft.server.write.element-limit = 1024 (custom)
2022-05-04 03:15:00,122 [47ce570f-7478-41dc-b1ba-c530780a94a3@group-3233C63FDC2B-LeaderElection39] INFO  server.RaftServerConfigKeys (ConfUtils.java:logGet(44)) - raft.server.write.byte-limit = 1024 M (=1073741824) (custom)
2022-05-04 03:15:00,122 [47ce570f-7478-41dc-b1ba-c530780a94a3@group-3233C63FDC2B-LeaderElection39] INFO  server.RaftServerConfigKeys (ConfUtils.java:logGet(44)) - raft.server.watch.timeout = 180s (custom)
2022-05-04 03:15:00,122 [47ce570f-7478-41dc-b1ba-c530780a94a3@group-3233C63FDC2B-LeaderElection39] INFO  server.RaftServerConfigKeys (ConfUtils.java:logGet(44)) - raft.server.watch.timeout.denomination = 1s (default)
2022-05-04 03:15:00,122 [47ce570f-7478-41dc-b1ba-c530780a94a3@group-3233C63FDC2B-LeaderElection39] INFO  server.RaftServerConfigKeys (ConfUtils.java:logGet(44)) - raft.server.watch.element-limit = 65536 (default)
2022-05-04 03:15:00,123 [47ce570f-7478-41dc-b1ba-c530780a94a3@group-3233C63FDC2B-LeaderElection39] INFO  server.RaftServerConfigKeys (ConfUtils.java:logGet(44)) - raft.server.write.element-limit = 1024 (custom)
2022-05-04 03:15:00,123 [47ce570f-7478-41dc-b1ba-c530780a94a3@group-3233C63FDC2B-LeaderElection39] INFO  server.RaftServerConfigKeys (ConfUtils.java:logGet(44)) - raft.server.write.follower.gap.ratio.max = -1.0 (default)
2022-05-04 03:15:00,123 [47ce570f-7478-41dc-b1ba-c530780a94a3@group-3233C63FDC2B-LeaderElection39] INFO  impl.RoleInfo (RoleInfo.java:updateAndGet(130)) - 47ce570f-7478-41dc-b1ba-c530780a94a3: start 47ce570f-7478-41dc-b1ba-c530780a94a3@group-3233C63FDC2B-LeaderStateImpl
2022-05-04 03:15:00,123 [47ce570f-7478-41dc-b1ba-c530780a94a3@group-3233C63FDC2B-LeaderElection39] INFO  segmented.SegmentedRaftLogWorker (SegmentedRaftLogWorker.java:startLogSegment(394)) - 47ce570f-7478-41dc-b1ba-c530780a94a3@group-3233C63FDC2B-SegmentedRaftLogWorker: Starting segment from index:0
2022-05-04 03:15:00,123 [EventQueue-OpenPipelineForHealthyPipelineSafeModeRule] INFO  safemode.SCMSafeModeManager (HealthyPipelineSafeModeRule.java:process(124)) - SCM in safe mode. Healthy pipelines reported count is 0, required healthy pipeline reported count is 1
2022-05-04 03:15:00,129 [47ce570f-7478-41dc-b1ba-c530780a94a3@group-3233C63FDC2B-SegmentedRaftLogWorker] INFO  segmented.SegmentedRaftLogWorker (SegmentedRaftLogWorker.java:execute(601)) - 47ce570f-7478-41dc-b1ba-c530780a94a3@group-3233C63FDC2B-SegmentedRaftLogWorker: created new log segment /home/runner/work/ozone/ozone/hadoop-ozone/integration-test/target/test-dir/MiniOzoneClusterImpl-ffb4024d-fcb7-425a-91bb-293fa2ccb31b/datanode-2/data/ratis/13d04322-aee8-4567-b861-3233c63fdc2b/current/log_inprogress_0
2022-05-04 03:15:00,147 [47ce570f-7478-41dc-b1ba-c530780a94a3@group-3233C63FDC2B-LeaderElection39] INFO  server.RaftServer$Division (ServerState.java:setRaftConf(387)) - 47ce570f-7478-41dc-b1ba-c530780a94a3@group-3233C63FDC2B: set configuration 0: [47ce570f-7478-41dc-b1ba-c530780a94a3|rpc:10.1.0.22:40881|dataStream:|priority:1], old=null
2022-05-04 03:15:00,819 [Listener at 127.0.0.1/33297] INFO  ozone.MiniOzoneClusterImpl (MiniOzoneClusterImpl.java:lambda$waitForClusterToBeReady$0(221)) - Nodes are ready. Got 5 of 5 DN Heartbeats.
2022-05-04 03:15:00,819 [Listener at 127.0.0.1/33297] INFO  ozone.MiniOzoneClusterImpl (MiniOzoneClusterImpl.java:lambda$waitForClusterToBeReady$0(224)) - Waiting for cluster to exit safe mode
2022-05-04 03:15:00,819 [Listener at 127.0.0.1/33297] INFO  ozone.MiniOzoneClusterImpl (MiniOzoneClusterImpl.java:lambda$waitForClusterToBeReady$0(226)) - SCM became leader
2022-05-04 03:15:01,009 [d1c741a3-95ba-43ba-a813-64349d05dc91@group-990B8FD016E6-FollowerState] INFO  impl.FollowerState (FollowerState.java:run(134)) - d1c741a3-95ba-43ba-a813-64349d05dc91@group-990B8FD016E6-FollowerState: change to CANDIDATE, lastRpcElapsedTime:5048998833ns, electionTimeout:5027ms
2022-05-04 03:15:01,010 [d1c741a3-95ba-43ba-a813-64349d05dc91@group-990B8FD016E6-FollowerState] INFO  impl.RoleInfo (RoleInfo.java:shutdownFollowerState(108)) - d1c741a3-95ba-43ba-a813-64349d05dc91: shutdown d1c741a3-95ba-43ba-a813-64349d05dc91@group-990B8FD016E6-FollowerState
2022-05-04 03:15:01,010 [d1c741a3-95ba-43ba-a813-64349d05dc91@group-990B8FD016E6-FollowerState] INFO  server.RaftServer$Division (RaftServerImpl.java:setRole(290)) - d1c741a3-95ba-43ba-a813-64349d05dc91@group-990B8FD016E6: changes role from  FOLLOWER to CANDIDATE at term 0 for changeToCandidate
2022-05-04 03:15:01,010 [d1c741a3-95ba-43ba-a813-64349d05dc91@group-990B8FD016E6-FollowerState] INFO  server.RaftServerConfigKeys (ConfUtils.java:logGet(44)) - raft.server.leaderelection.pre-vote = false (custom)
2022-05-04 03:15:01,010 [d1c741a3-95ba-43ba-a813-64349d05dc91@group-990B8FD016E6-FollowerState] INFO  impl.RoleInfo (RoleInfo.java:updateAndGet(130)) - d1c741a3-95ba-43ba-a813-64349d05dc91: start d1c741a3-95ba-43ba-a813-64349d05dc91@group-990B8FD016E6-LeaderElection40
2022-05-04 03:15:01,031 [d1c741a3-95ba-43ba-a813-64349d05dc91@group-990B8FD016E6-LeaderElection40] INFO  impl.LeaderElection (LeaderElection.java:askForVotes(306)) - d1c741a3-95ba-43ba-a813-64349d05dc91@group-990B8FD016E6-LeaderElection40 ELECTION round 0: submit vote requests at term 1 for -1: [d1c741a3-95ba-43ba-a813-64349d05dc91|rpc:10.1.0.22:42905|priority:1], old=null
2022-05-04 03:15:01,032 [d1c741a3-95ba-43ba-a813-64349d05dc91@group-990B8FD016E6-LeaderElection40] INFO  impl.LeaderElection (LeaderElection.java:askForVotes(308)) - d1c741a3-95ba-43ba-a813-64349d05dc91@group-990B8FD016E6-LeaderElection40 ELECTION round 0: result PASSED (term=1)
2022-05-04 03:15:01,032 [d1c741a3-95ba-43ba-a813-64349d05dc91@group-990B8FD016E6-LeaderElection40] INFO  impl.RoleInfo (RoleInfo.java:shutdownLeaderElection(121)) - d1c741a3-95ba-43ba-a813-64349d05dc91: shutdown d1c741a3-95ba-43ba-a813-64349d05dc91@group-990B8FD016E6-LeaderElection40
2022-05-04 03:15:01,032 [d1c741a3-95ba-43ba-a813-64349d05dc91@group-990B8FD016E6-LeaderElection40] INFO  server.RaftServer$Division (RaftServerImpl.java:setRole(290)) - d1c741a3-95ba-43ba-a813-64349d05dc91@group-990B8FD016E6: changes role from CANDIDATE to LEADER at term 1 for changeToLeader
2022-05-04 03:15:01,032 [d1c741a3-95ba-43ba-a813-64349d05dc91@group-990B8FD016E6-LeaderElection40] INFO  ratis.XceiverServerRatis (XceiverServerRatis.java:handleLeaderChangedNotification(863)) - Leader change notification received for group: group-990B8FD016E6 with new leaderId: d1c741a3-95ba-43ba-a813-64349d05dc91
2022-05-04 03:15:01,032 [d1c741a3-95ba-43ba-a813-64349d05dc91@group-990B8FD016E6-LeaderElection40] INFO  server.RaftServer$Division (ServerState.java:setLeader(285)) - d1c741a3-95ba-43ba-a813-64349d05dc91@group-990B8FD016E6: change Leader from null to d1c741a3-95ba-43ba-a813-64349d05dc91 at term 1 for becomeLeader, leader elected after 5102ms
2022-05-04 03:15:01,032 [d1c741a3-95ba-43ba-a813-64349d05dc91@group-990B8FD016E6-LeaderElection40] INFO  server.RaftServerConfigKeys (ConfUtils.java:logGet(44)) - raft.server.staging.catchup.gap = 1000 (default)
2022-05-04 03:15:01,033 [d1c741a3-95ba-43ba-a813-64349d05dc91@group-990B8FD016E6-LeaderElection40] INFO  server.RaftServerConfigKeys (ConfUtils.java:logGet(44)) - raft.server.write.element-limit = 1024 (custom)
2022-05-04 03:15:01,033 [EventQueue-OpenPipelineForHealthyPipelineSafeModeRule] INFO  safemode.SCMSafeModeManager (HealthyPipelineSafeModeRule.java:process(124)) - SCM in safe mode. Healthy pipelines reported count is 0, required healthy pipeline reported count is 1
2022-05-04 03:15:01,037 [d1c741a3-95ba-43ba-a813-64349d05dc91@group-990B8FD016E6-LeaderElection40] INFO  server.RaftServerConfigKeys (ConfUtils.java:logGet(44)) - raft.server.write.byte-limit = 1024 M (=1073741824) (custom)
2022-05-04 03:15:01,037 [d1c741a3-95ba-43ba-a813-64349d05dc91@group-990B8FD016E6-LeaderElection40] INFO  server.RaftServerConfigKeys (ConfUtils.java:logGet(44)) - raft.server.watch.timeout = 180s (custom)
2022-05-04 03:15:01,037 [d1c741a3-95ba-43ba-a813-64349d05dc91@group-990B8FD016E6-LeaderElection40] INFO  server.RaftServerConfigKeys (ConfUtils.java:logGet(44)) - raft.server.watch.timeout.denomination = 1s (default)
2022-05-04 03:15:01,037 [d1c741a3-95ba-43ba-a813-64349d05dc91@group-990B8FD016E6-LeaderElection40] INFO  server.RaftServerConfigKeys (ConfUtils.java:logGet(44)) - raft.server.watch.element-limit = 65536 (default)
2022-05-04 03:15:01,037 [d1c741a3-95ba-43ba-a813-64349d05dc91@group-990B8FD016E6-LeaderElection40] INFO  server.RaftServerConfigKeys (ConfUtils.java:logGet(44)) - raft.server.write.element-limit = 1024 (custom)
2022-05-04 03:15:01,037 [d1c741a3-95ba-43ba-a813-64349d05dc91@group-990B8FD016E6-LeaderElection40] INFO  server.RaftServerConfigKeys (ConfUtils.java:logGet(44)) - raft.server.write.follower.gap.ratio.max = -1.0 (default)
2022-05-04 03:15:01,037 [d1c741a3-95ba-43ba-a813-64349d05dc91@group-990B8FD016E6-LeaderElection40] INFO  impl.RoleInfo (RoleInfo.java:updateAndGet(130)) - d1c741a3-95ba-43ba-a813-64349d05dc91: start d1c741a3-95ba-43ba-a813-64349d05dc91@group-990B8FD016E6-LeaderStateImpl
2022-05-04 03:15:01,038 [d1c741a3-95ba-43ba-a813-64349d05dc91@group-990B8FD016E6-LeaderElection40] INFO  segmented.SegmentedRaftLogWorker (SegmentedRaftLogWorker.java:startLogSegment(394)) - d1c741a3-95ba-43ba-a813-64349d05dc91@group-990B8FD016E6-SegmentedRaftLogWorker: Starting segment from index:0
2022-05-04 03:15:01,043 [d1c741a3-95ba-43ba-a813-64349d05dc91@group-990B8FD016E6-LeaderElection40] INFO  server.RaftServer$Division (ServerState.java:setRaftConf(387)) - d1c741a3-95ba-43ba-a813-64349d05dc91@group-990B8FD016E6: set configuration 0: [d1c741a3-95ba-43ba-a813-64349d05dc91|rpc:10.1.0.22:42905|dataStream:|priority:1], old=null
2022-05-04 03:15:01,054 [d1c741a3-95ba-43ba-a813-64349d05dc91@group-990B8FD016E6-SegmentedRaftLogWorker] INFO  segmented.SegmentedRaftLogWorker (SegmentedRaftLogWorker.java:execute(601)) - d1c741a3-95ba-43ba-a813-64349d05dc91@group-990B8FD016E6-SegmentedRaftLogWorker: created new log segment /home/runner/work/ozone/ozone/hadoop-ozone/integration-test/target/test-dir/MiniOzoneClusterImpl-ffb4024d-fcb7-425a-91bb-293fa2ccb31b/datanode-3/data/ratis/2e1d781c-89d9-4882-9f2a-990b8fd016e6/current/log_inprogress_0
2022-05-04 03:15:01,820 [Listener at 127.0.0.1/33297] INFO  ozone.MiniOzoneClusterImpl (MiniOzoneClusterImpl.java:lambda$waitForClusterToBeReady$0(221)) - Nodes are ready. Got 5 of 5 DN Heartbeats.
2022-05-04 03:15:01,820 [Listener at 127.0.0.1/33297] INFO  ozone.MiniOzoneClusterImpl (MiniOzoneClusterImpl.java:lambda$waitForClusterToBeReady$0(224)) - Waiting for cluster to exit safe mode
2022-05-04 03:15:01,820 [Listener at 127.0.0.1/33297] INFO  ozone.MiniOzoneClusterImpl (MiniOzoneClusterImpl.java:lambda$waitForClusterToBeReady$0(226)) - SCM became leader
2022-05-04 03:15:01,941 [98143395-768c-4dea-963c-0497ad077c38@group-5A3EFDE4E84D-FollowerState] INFO  impl.FollowerState (FollowerState.java:run(134)) - 98143395-768c-4dea-963c-0497ad077c38@group-5A3EFDE4E84D-FollowerState: change to CANDIDATE, lastRpcElapsedTime:5006220488ns, electionTimeout:5005ms
2022-05-04 03:15:01,941 [98143395-768c-4dea-963c-0497ad077c38@group-5A3EFDE4E84D-FollowerState] INFO  impl.RoleInfo (RoleInfo.java:shutdownFollowerState(108)) - 98143395-768c-4dea-963c-0497ad077c38: shutdown 98143395-768c-4dea-963c-0497ad077c38@group-5A3EFDE4E84D-FollowerState
2022-05-04 03:15:01,941 [98143395-768c-4dea-963c-0497ad077c38@group-5A3EFDE4E84D-FollowerState] INFO  server.RaftServer$Division (RaftServerImpl.java:setRole(290)) - 98143395-768c-4dea-963c-0497ad077c38@group-5A3EFDE4E84D: changes role from  FOLLOWER to CANDIDATE at term 0 for changeToCandidate
2022-05-04 03:15:01,942 [98143395-768c-4dea-963c-0497ad077c38@group-5A3EFDE4E84D-FollowerState] INFO  server.RaftServerConfigKeys (ConfUtils.java:logGet(44)) - raft.server.leaderelection.pre-vote = false (custom)
2022-05-04 03:15:01,942 [98143395-768c-4dea-963c-0497ad077c38@group-5A3EFDE4E84D-FollowerState] INFO  impl.RoleInfo (RoleInfo.java:updateAndGet(130)) - 98143395-768c-4dea-963c-0497ad077c38: start 98143395-768c-4dea-963c-0497ad077c38@group-5A3EFDE4E84D-LeaderElection41
2022-05-04 03:15:01,963 [98143395-768c-4dea-963c-0497ad077c38@group-5A3EFDE4E84D-LeaderElection41] INFO  impl.LeaderElection (LeaderElection.java:askForVotes(306)) - 98143395-768c-4dea-963c-0497ad077c38@group-5A3EFDE4E84D-LeaderElection41 ELECTION round 0: submit vote requests at term 1 for -1: [98143395-768c-4dea-963c-0497ad077c38|rpc:10.1.0.22:35919|priority:1], old=null
2022-05-04 03:15:01,964 [98143395-768c-4dea-963c-0497ad077c38@group-5A3EFDE4E84D-LeaderElection41] INFO  impl.LeaderElection (LeaderElection.java:askForVotes(308)) - 98143395-768c-4dea-963c-0497ad077c38@group-5A3EFDE4E84D-LeaderElection41 ELECTION round 0: result PASSED (term=1)
2022-05-04 03:15:01,964 [98143395-768c-4dea-963c-0497ad077c38@group-5A3EFDE4E84D-LeaderElection41] INFO  impl.RoleInfo (RoleInfo.java:shutdownLeaderElection(121)) - 98143395-768c-4dea-963c-0497ad077c38: shutdown 98143395-768c-4dea-963c-0497ad077c38@group-5A3EFDE4E84D-LeaderElection41
2022-05-04 03:15:01,964 [98143395-768c-4dea-963c-0497ad077c38@group-5A3EFDE4E84D-LeaderElection41] INFO  server.RaftServer$Division (RaftServerImpl.java:setRole(290)) - 98143395-768c-4dea-963c-0497ad077c38@group-5A3EFDE4E84D: changes role from CANDIDATE to LEADER at term 1 for changeToLeader
2022-05-04 03:15:01,964 [98143395-768c-4dea-963c-0497ad077c38@group-5A3EFDE4E84D-LeaderElection41] INFO  ratis.XceiverServerRatis (XceiverServerRatis.java:handleLeaderChangedNotification(863)) - Leader change notification received for group: group-5A3EFDE4E84D with new leaderId: 98143395-768c-4dea-963c-0497ad077c38
2022-05-04 03:15:01,964 [98143395-768c-4dea-963c-0497ad077c38@group-5A3EFDE4E84D-LeaderElection41] INFO  server.RaftServer$Division (ServerState.java:setLeader(285)) - 98143395-768c-4dea-963c-0497ad077c38@group-5A3EFDE4E84D: change Leader from null to 98143395-768c-4dea-963c-0497ad077c38 at term 1 for becomeLeader, leader elected after 5036ms
2022-05-04 03:15:01,964 [98143395-768c-4dea-963c-0497ad077c38@group-5A3EFDE4E84D-LeaderElection41] INFO  server.RaftServerConfigKeys (ConfUtils.java:logGet(44)) - raft.server.staging.catchup.gap = 1000 (default)
2022-05-04 03:15:01,964 [98143395-768c-4dea-963c-0497ad077c38@group-5A3EFDE4E84D-LeaderElection41] INFO  server.RaftServerConfigKeys (ConfUtils.java:logGet(44)) - raft.server.write.element-limit = 1024 (custom)
2022-05-04 03:15:01,964 [98143395-768c-4dea-963c-0497ad077c38@group-5A3EFDE4E84D-LeaderElection41] INFO  server.RaftServerConfigKeys (ConfUtils.java:logGet(44)) - raft.server.write.byte-limit = 1024 M (=1073741824) (custom)
2022-05-04 03:15:01,965 [98143395-768c-4dea-963c-0497ad077c38@group-5A3EFDE4E84D-LeaderElection41] INFO  server.RaftServerConfigKeys (ConfUtils.java:logGet(44)) - raft.server.watch.timeout = 180s (custom)
2022-05-04 03:15:01,965 [98143395-768c-4dea-963c-0497ad077c38@group-5A3EFDE4E84D-LeaderElection41] INFO  server.RaftServerConfigKeys (ConfUtils.java:logGet(44)) - raft.server.watch.timeout.denomination = 1s (default)
2022-05-04 03:15:01,965 [98143395-768c-4dea-963c-0497ad077c38@group-5A3EFDE4E84D-LeaderElection41] INFO  server.RaftServerConfigKeys (ConfUtils.java:logGet(44)) - raft.server.watch.element-limit = 65536 (default)
2022-05-04 03:15:01,971 [EventQueue-OpenPipelineForHealthyPipelineSafeModeRule] INFO  safemode.SCMSafeModeManager (HealthyPipelineSafeModeRule.java:process(124)) - SCM in safe mode. Healthy pipelines reported count is 0, required healthy pipeline reported count is 1
2022-05-04 03:15:01,971 [98143395-768c-4dea-963c-0497ad077c38@group-5A3EFDE4E84D-LeaderElection41] INFO  server.RaftServerConfigKeys (ConfUtils.java:logGet(44)) - raft.server.write.element-limit = 1024 (custom)
2022-05-04 03:15:01,971 [98143395-768c-4dea-963c-0497ad077c38@group-5A3EFDE4E84D-LeaderElection41] INFO  server.RaftServerConfigKeys (ConfUtils.java:logGet(44)) - raft.server.write.follower.gap.ratio.max = -1.0 (default)
2022-05-04 03:15:01,972 [98143395-768c-4dea-963c-0497ad077c38@group-5A3EFDE4E84D-LeaderElection41] INFO  impl.RoleInfo (RoleInfo.java:updateAndGet(130)) - 98143395-768c-4dea-963c-0497ad077c38: start 98143395-768c-4dea-963c-0497ad077c38@group-5A3EFDE4E84D-LeaderStateImpl
2022-05-04 03:15:01,972 [98143395-768c-4dea-963c-0497ad077c38@group-5A3EFDE4E84D-LeaderElection41] INFO  segmented.SegmentedRaftLogWorker (SegmentedRaftLogWorker.java:startLogSegment(394)) - 98143395-768c-4dea-963c-0497ad077c38@group-5A3EFDE4E84D-SegmentedRaftLogWorker: Starting segment from index:0
2022-05-04 03:15:01,975 [98143395-768c-4dea-963c-0497ad077c38@group-5A3EFDE4E84D-SegmentedRaftLogWorker] INFO  segmented.SegmentedRaftLogWorker (SegmentedRaftLogWorker.java:execute(601)) - 98143395-768c-4dea-963c-0497ad077c38@group-5A3EFDE4E84D-SegmentedRaftLogWorker: created new log segment /home/runner/work/ozone/ozone/hadoop-ozone/integration-test/target/test-dir/MiniOzoneClusterImpl-ffb4024d-fcb7-425a-91bb-293fa2ccb31b/datanode-4/data/ratis/03b45492-ca60-4f66-8dac-5a3efde4e84d/current/log_inprogress_0
2022-05-04 03:15:01,990 [98143395-768c-4dea-963c-0497ad077c38@group-5A3EFDE4E84D-LeaderElection41] INFO  server.RaftServer$Division (ServerState.java:setRaftConf(387)) - 98143395-768c-4dea-963c-0497ad077c38@group-5A3EFDE4E84D: set configuration 0: [98143395-768c-4dea-963c-0497ad077c38|rpc:10.1.0.22:35919|dataStream:|priority:1], old=null
2022-05-04 03:15:02,820 [Listener at 127.0.0.1/33297] INFO  ozone.MiniOzoneClusterImpl (MiniOzoneClusterImpl.java:lambda$waitForClusterToBeReady$0(221)) - Nodes are ready. Got 5 of 5 DN Heartbeats.
2022-05-04 03:15:02,821 [Listener at 127.0.0.1/33297] INFO  ozone.MiniOzoneClusterImpl (MiniOzoneClusterImpl.java:lambda$waitForClusterToBeReady$0(224)) - Waiting for cluster to exit safe mode
2022-05-04 03:15:02,821 [Listener at 127.0.0.1/33297] INFO  ozone.MiniOzoneClusterImpl (MiniOzoneClusterImpl.java:lambda$waitForClusterToBeReady$0(226)) - SCM became leader
2022-05-04 03:15:03,821 [Listener at 127.0.0.1/33297] INFO  ozone.MiniOzoneClusterImpl (MiniOzoneClusterImpl.java:lambda$waitForClusterToBeReady$0(221)) - Nodes are ready. Got 5 of 5 DN Heartbeats.
2022-05-04 03:15:03,821 [Listener at 127.0.0.1/33297] INFO  ozone.MiniOzoneClusterImpl (MiniOzoneClusterImpl.java:lambda$waitForClusterToBeReady$0(224)) - Waiting for cluster to exit safe mode
2022-05-04 03:15:03,821 [Listener at 127.0.0.1/33297] INFO  ozone.MiniOzoneClusterImpl (MiniOzoneClusterImpl.java:lambda$waitForClusterToBeReady$0(226)) - SCM became leader
2022-05-04 03:15:03,938 [47ce570f-7478-41dc-b1ba-c530780a94a3@group-2658BE16D483-FollowerState] INFO  impl.FollowerState (FollowerState.java:run(134)) - 47ce570f-7478-41dc-b1ba-c530780a94a3@group-2658BE16D483-FollowerState: change to CANDIDATE, lastRpcElapsedTime:5111607612ns, electionTimeout:5110ms
2022-05-04 03:15:03,938 [47ce570f-7478-41dc-b1ba-c530780a94a3@group-2658BE16D483-FollowerState] INFO  impl.RoleInfo (RoleInfo.java:shutdownFollowerState(108)) - 47ce570f-7478-41dc-b1ba-c530780a94a3: shutdown 47ce570f-7478-41dc-b1ba-c530780a94a3@group-2658BE16D483-FollowerState
2022-05-04 03:15:03,938 [47ce570f-7478-41dc-b1ba-c530780a94a3@group-2658BE16D483-FollowerState] INFO  server.RaftServer$Division (RaftServerImpl.java:setRole(290)) - 47ce570f-7478-41dc-b1ba-c530780a94a3@group-2658BE16D483: changes role from  FOLLOWER to CANDIDATE at term 1 for changeToCandidate
2022-05-04 03:15:03,938 [47ce570f-7478-41dc-b1ba-c530780a94a3@group-2658BE16D483-FollowerState] INFO  server.RaftServerConfigKeys (ConfUtils.java:logGet(44)) - raft.server.leaderelection.pre-vote = false (custom)
2022-05-04 03:15:03,938 [47ce570f-7478-41dc-b1ba-c530780a94a3@group-2658BE16D483-FollowerState] INFO  impl.RoleInfo (RoleInfo.java:updateAndGet(130)) - 47ce570f-7478-41dc-b1ba-c530780a94a3: start 47ce570f-7478-41dc-b1ba-c530780a94a3@group-2658BE16D483-LeaderElection42
2022-05-04 03:15:03,973 [47ce570f-7478-41dc-b1ba-c530780a94a3@group-2658BE16D483-LeaderElection42] INFO  impl.LeaderElection (LeaderElection.java:askForVotes(306)) - 47ce570f-7478-41dc-b1ba-c530780a94a3@group-2658BE16D483-LeaderElection42 ELECTION round 0: submit vote requests at term 2 for -1: [47ce570f-7478-41dc-b1ba-c530780a94a3|rpc:10.1.0.22:40881|dataStream:|priority:1, b8405861-e810-457b-9581-dead971c3a14|rpc:10.1.0.22:40547|dataStream:|priority:0, 94eff94b-5675-4cb0-a39c-290792b903c4|rpc:10.1.0.22:35275|dataStream:|priority:0], old=null
2022-05-04 03:15:03,984 [grpc-default-executor-1] INFO  server.RaftServer$Division (RaftServerImpl.java:requestVote(1046)) - b8405861-e810-457b-9581-dead971c3a14@group-2658BE16D483: receive requestVote(ELECTION, 47ce570f-7478-41dc-b1ba-c530780a94a3, group-2658BE16D483, 2, (t:0, i:0))
2022-05-04 03:15:03,984 [grpc-default-executor-1] INFO  impl.VoteContext (VoteContext.java:log(48)) - b8405861-e810-457b-9581-dead971c3a14@group-2658BE16D483-FOLLOWER: accept ELECTION from 47ce570f-7478-41dc-b1ba-c530780a94a3: our priority 0 <= candidate's priority 1
2022-05-04 03:15:03,984 [grpc-default-executor-1] INFO  server.RaftServer$Division (RaftServerImpl.java:setRole(290)) - b8405861-e810-457b-9581-dead971c3a14@group-2658BE16D483: changes role from  FOLLOWER to FOLLOWER at term 2 for candidate:47ce570f-7478-41dc-b1ba-c530780a94a3
2022-05-04 03:15:03,984 [grpc-default-executor-1] INFO  impl.RoleInfo (RoleInfo.java:shutdownFollowerState(108)) - b8405861-e810-457b-9581-dead971c3a14: shutdown b8405861-e810-457b-9581-dead971c3a14@group-2658BE16D483-FollowerState
2022-05-04 03:15:03,984 [grpc-default-executor-1] INFO  impl.RoleInfo (RoleInfo.java:updateAndGet(130)) - b8405861-e810-457b-9581-dead971c3a14: start b8405861-e810-457b-9581-dead971c3a14@group-2658BE16D483-FollowerState
2022-05-04 03:15:03,984 [b8405861-e810-457b-9581-dead971c3a14@group-2658BE16D483-FollowerState] INFO  impl.FollowerState (FollowerState.java:run(143)) - b8405861-e810-457b-9581-dead971c3a14@group-2658BE16D483-FollowerState was interrupted: {}
java.lang.InterruptedException: sleep interrupted
	at java.lang.Thread.sleep(Native Method)
	at java.lang.Thread.sleep(Thread.java:342)
	at java.util.concurrent.TimeUnit.sleep(TimeUnit.java:386)
	at org.apache.ratis.util.TimeDuration.sleep(TimeDuration.java:324)
	at org.apache.ratis.util.TimeDuration.sleep(TimeDuration.java:309)
	at org.apache.ratis.server.impl.FollowerState.run(FollowerState.java:118)
2022-05-04 03:15:04,004 [grpc-default-executor-0] INFO  server.RaftServer$Division (RaftServerImpl.java:requestVote(1046)) - 94eff94b-5675-4cb0-a39c-290792b903c4@group-2658BE16D483: receive requestVote(ELECTION, 47ce570f-7478-41dc-b1ba-c530780a94a3, group-2658BE16D483, 2, (t:0, i:0))
2022-05-04 03:15:04,004 [grpc-default-executor-0] INFO  impl.VoteContext (VoteContext.java:log(48)) - 94eff94b-5675-4cb0-a39c-290792b903c4@group-2658BE16D483-FOLLOWER: accept ELECTION from 47ce570f-7478-41dc-b1ba-c530780a94a3: our priority 0 <= candidate's priority 1
2022-05-04 03:15:04,005 [grpc-default-executor-0] INFO  server.RaftServer$Division (RaftServerImpl.java:setRole(290)) - 94eff94b-5675-4cb0-a39c-290792b903c4@group-2658BE16D483: changes role from  FOLLOWER to FOLLOWER at term 2 for candidate:47ce570f-7478-41dc-b1ba-c530780a94a3
2022-05-04 03:15:04,005 [grpc-default-executor-0] INFO  impl.RoleInfo (RoleInfo.java:shutdownFollowerState(108)) - 94eff94b-5675-4cb0-a39c-290792b903c4: shutdown 94eff94b-5675-4cb0-a39c-290792b903c4@group-2658BE16D483-FollowerState
2022-05-04 03:15:04,005 [grpc-default-executor-0] INFO  impl.RoleInfo (RoleInfo.java:updateAndGet(130)) - 94eff94b-5675-4cb0-a39c-290792b903c4: start 94eff94b-5675-4cb0-a39c-290792b903c4@group-2658BE16D483-FollowerState
2022-05-04 03:15:04,005 [94eff94b-5675-4cb0-a39c-290792b903c4@group-2658BE16D483-FollowerState] INFO  impl.FollowerState (FollowerState.java:run(143)) - 94eff94b-5675-4cb0-a39c-290792b903c4@group-2658BE16D483-FollowerState was interrupted: {}
java.lang.InterruptedException: sleep interrupted
	at java.lang.Thread.sleep(Native Method)
	at java.lang.Thread.sleep(Thread.java:342)
	at java.util.concurrent.TimeUnit.sleep(TimeUnit.java:386)
	at org.apache.ratis.util.TimeDuration.sleep(TimeDuration.java:324)
	at org.apache.ratis.util.TimeDuration.sleep(TimeDuration.java:309)
	at org.apache.ratis.server.impl.FollowerState.run(FollowerState.java:118)
2022-05-04 03:15:04,008 [grpc-default-executor-1] INFO  server.RaftServer$Division (RaftServerImpl.java:requestVote(1078)) - b8405861-e810-457b-9581-dead971c3a14@group-2658BE16D483 replies to ELECTION vote request: 47ce570f-7478-41dc-b1ba-c530780a94a3<-b8405861-e810-457b-9581-dead971c3a14#0:OK-t2. Peer's state: b8405861-e810-457b-9581-dead971c3a14@group-2658BE16D483:t2, leader=null, voted=47ce570f-7478-41dc-b1ba-c530780a94a3, raftlog=b8405861-e810-457b-9581-dead971c3a14@group-2658BE16D483-SegmentedRaftLog:OPENED:c-1, conf=-1: [47ce570f-7478-41dc-b1ba-c530780a94a3|rpc:10.1.0.22:40881|priority:1, b8405861-e810-457b-9581-dead971c3a14|rpc:10.1.0.22:40547|priority:0, 94eff94b-5675-4cb0-a39c-290792b903c4|rpc:10.1.0.22:35275|priority:0], old=null
2022-05-04 03:15:04,009 [47ce570f-7478-41dc-b1ba-c530780a94a3@group-2658BE16D483-LeaderElection42] INFO  impl.LeaderElection (LeaderElection.java:logAndReturn(89)) - 47ce570f-7478-41dc-b1ba-c530780a94a3@group-2658BE16D483-LeaderElection42: ELECTION PASSED received 1 response(s) and 0 exception(s):
2022-05-04 03:15:04,009 [47ce570f-7478-41dc-b1ba-c530780a94a3@group-2658BE16D483-LeaderElection42] INFO  impl.LeaderElection (LeaderElection.java:logAndReturn(93)) -   Response 0: 47ce570f-7478-41dc-b1ba-c530780a94a3<-b8405861-e810-457b-9581-dead971c3a14#0:OK-t2
2022-05-04 03:15:04,009 [47ce570f-7478-41dc-b1ba-c530780a94a3@group-2658BE16D483-LeaderElection42] INFO  impl.LeaderElection (LeaderElection.java:askForVotes(308)) - 47ce570f-7478-41dc-b1ba-c530780a94a3@group-2658BE16D483-LeaderElection42 ELECTION round 0: result PASSED
2022-05-04 03:15:04,009 [47ce570f-7478-41dc-b1ba-c530780a94a3@group-2658BE16D483-LeaderElection42] INFO  impl.RoleInfo (RoleInfo.java:shutdownLeaderElection(121)) - 47ce570f-7478-41dc-b1ba-c530780a94a3: shutdown 47ce570f-7478-41dc-b1ba-c530780a94a3@group-2658BE16D483-LeaderElection42
2022-05-04 03:15:04,009 [47ce570f-7478-41dc-b1ba-c530780a94a3@group-2658BE16D483-LeaderElection42] INFO  server.RaftServer$Division (RaftServerImpl.java:setRole(290)) - 47ce570f-7478-41dc-b1ba-c530780a94a3@group-2658BE16D483: changes role from CANDIDATE to LEADER at term 2 for changeToLeader
2022-05-04 03:15:04,009 [47ce570f-7478-41dc-b1ba-c530780a94a3@group-2658BE16D483-LeaderElection42] INFO  ratis.XceiverServerRatis (XceiverServerRatis.java:handleLeaderChangedNotification(863)) - Leader change notification received for group: group-2658BE16D483 with new leaderId: 47ce570f-7478-41dc-b1ba-c530780a94a3
2022-05-04 03:15:04,009 [47ce570f-7478-41dc-b1ba-c530780a94a3@group-2658BE16D483-LeaderElection42] INFO  server.RaftServer$Division (ServerState.java:setLeader(285)) - 47ce570f-7478-41dc-b1ba-c530780a94a3@group-2658BE16D483: change Leader from null to 47ce570f-7478-41dc-b1ba-c530780a94a3 at term 2 for becomeLeader, leader elected after 10046ms
2022-05-04 03:15:04,009 [47ce570f-7478-41dc-b1ba-c530780a94a3@group-2658BE16D483-LeaderElection42] INFO  server.RaftServerConfigKeys (ConfUtils.java:logGet(44)) - raft.server.staging.catchup.gap = 1000 (default)
2022-05-04 03:15:04,009 [47ce570f-7478-41dc-b1ba-c530780a94a3@group-2658BE16D483-LeaderElection42] INFO  server.RaftServerConfigKeys (ConfUtils.java:logGet(44)) - raft.server.write.element-limit = 1024 (custom)
2022-05-04 03:15:04,010 [47ce570f-7478-41dc-b1ba-c530780a94a3@group-2658BE16D483-LeaderElection42] INFO  server.RaftServerConfigKeys (ConfUtils.java:logGet(44)) - raft.server.write.byte-limit = 1024 M (=1073741824) (custom)
2022-05-04 03:15:04,010 [47ce570f-7478-41dc-b1ba-c530780a94a3@group-2658BE16D483-LeaderElection42] INFO  server.RaftServerConfigKeys (ConfUtils.java:logGet(44)) - raft.server.watch.timeout = 180s (custom)
2022-05-04 03:15:04,014 [EventQueue-PipelineReportForPipelineReportHandler] INFO  pipeline.PipelineManagerImpl (PipelineManagerImpl.java:openPipeline(328)) - Pipeline Pipeline[ Id: 5e14bdb6-1af7-401c-aab5-2658be16d483, Nodes: b8405861-e810-457b-9581-dead971c3a14{ip: 10.1.0.22, host: fv-az270-73.tacnzluakwdehk1hpragurqkma.bx.internal.cloudapp.net, ports: [REPLICATION=36471, RATIS=40547, RATIS_ADMIN=40547, RATIS_SERVER=40547, STANDALONE=39927], networkLocation: /default-rack, certSerialId: null, persistedOpState: IN_SERVICE, persistedOpStateExpiryEpochSec: 0}94eff94b-5675-4cb0-a39c-290792b903c4{ip: 10.1.0.22, host: fv-az270-73.tacnzluakwdehk1hpragurqkma.bx.internal.cloudapp.net, ports: [REPLICATION=43917, RATIS=35275, RATIS_ADMIN=35275, RATIS_SERVER=35275, STANDALONE=40937], networkLocation: /default-rack, certSerialId: null, persistedOpState: IN_SERVICE, persistedOpStateExpiryEpochSec: 0}47ce570f-7478-41dc-b1ba-c530780a94a3{ip: 10.1.0.22, host: fv-az270-73.tacnzluakwdehk1hpragurqkma.bx.internal.cloudapp.net, ports: [REPLICATION=32977, RATIS=40881, RATIS_ADMIN=40881, RATIS_SERVER=40881, STANDALONE=37411], networkLocation: /default-rack, certSerialId: null, persistedOpState: IN_SERVICE, persistedOpStateExpiryEpochSec: 0}, ReplicationConfig: RATIS/THREE, State:ALLOCATED, leaderId:47ce570f-7478-41dc-b1ba-c530780a94a3, CreationTimestamp2022-05-04T03:14:51.940Z[Etc/UTC]] moved to OPEN state
2022-05-04 03:15:04,015 [EventQueue-OpenPipelineForHealthyPipelineSafeModeRule] INFO  safemode.SCMSafeModeManager (HealthyPipelineSafeModeRule.java:process(124)) - SCM in safe mode. Healthy pipelines reported count is 1, required healthy pipeline reported count is 1
2022-05-04 03:15:04,015 [EventQueue-OpenPipelineForHealthyPipelineSafeModeRule] INFO  safemode.SCMSafeModeManager (SCMSafeModeManager.java:validateSafeModeExitRules(204)) - HealthyPipelineSafeModeRule rule is successfully validated
2022-05-04 03:15:04,015 [EventQueue-OpenPipelineForHealthyPipelineSafeModeRule] INFO  safemode.SCMSafeModeManager (SCMSafeModeManager.java:validateSafeModeExitRules(219)) - ScmSafeModeManager, all rules are successfully validated
2022-05-04 03:15:04,015 [EventQueue-OpenPipelineForHealthyPipelineSafeModeRule] INFO  safemode.SCMSafeModeManager (SCMSafeModeManager.java:exitSafeMode(248)) - SCM exiting safe mode.
2022-05-04 03:15:04,015 [EventQueue-OpenPipelineForHealthyPipelineSafeModeRule] WARN  events.EventQueue (EventQueue.java:fireEvent(194)) - No event handler registered for event TypedEvent{payloadType=SafeModeStatus, name='Safe mode status'}
2022-05-04 03:15:04,015 [EventQueue-OpenPipelineForHealthyPipelineSafeModeRule] INFO  ha.SCMContext (SCMContext.java:updateSafeModeStatus(211)) - Update SafeModeStatus from SafeModeStatus{safeModeStatus=true, preCheckPassed=true} to SafeModeStatus{safeModeStatus=false, preCheckPassed=true}.
2022-05-04 03:15:04,015 [EventQueue-OpenPipelineForHealthyPipelineSafeModeRule] INFO  pipeline.BackgroundPipelineCreator (BackgroundPipelineCreator.java:notifyStatusChanged(249)) - Service BackgroundPipelineCreator transitions to RUNNING.
2022-05-04 03:15:04,015 [EventQueue-OpenPipelineForHealthyPipelineSafeModeRule] INFO  pipeline.BackgroundPipelineScrubber (BackgroundPipelineScrubber.java:notifyStatusChanged(86)) - Service BackgroundPipelineScrubber transitions to RUNNING.
2022-05-04 03:15:04,015 [EventQueue-OpenPipelineForHealthyPipelineSafeModeRule] INFO  container.ReplicationManager (ReplicationManager.java:notifyStatusChanged(1815)) - Service ReplicationManager transitions to RUNNING.
2022-05-04 03:15:04,017 [47ce570f-7478-41dc-b1ba-c530780a94a3@group-2658BE16D483-LeaderElection42] INFO  server.RaftServerConfigKeys (ConfUtils.java:logGet(44)) - raft.server.watch.timeout.denomination = 1s (default)
2022-05-04 03:15:04,018 [grpc-default-executor-0] INFO  server.RaftServer$Division (RaftServerImpl.java:requestVote(1078)) - 94eff94b-5675-4cb0-a39c-290792b903c4@group-2658BE16D483 replies to ELECTION vote request: 47ce570f-7478-41dc-b1ba-c530780a94a3<-94eff94b-5675-4cb0-a39c-290792b903c4#0:OK-t2. Peer's state: 94eff94b-5675-4cb0-a39c-290792b903c4@group-2658BE16D483:t2, leader=null, voted=47ce570f-7478-41dc-b1ba-c530780a94a3, raftlog=94eff94b-5675-4cb0-a39c-290792b903c4@group-2658BE16D483-SegmentedRaftLog:OPENED:c-1, conf=-1: [47ce570f-7478-41dc-b1ba-c530780a94a3|rpc:10.1.0.22:40881|dataStream:|priority:1, b8405861-e810-457b-9581-dead971c3a14|rpc:10.1.0.22:40547|dataStream:|priority:0, 94eff94b-5675-4cb0-a39c-290792b903c4|rpc:10.1.0.22:35275|dataStream:|priority:0], old=null
2022-05-04 03:15:04,021 [47ce570f-7478-41dc-b1ba-c530780a94a3@group-2658BE16D483-LeaderElection42] INFO  server.RaftServerConfigKeys (ConfUtils.java:logGet(44)) - raft.server.watch.element-limit = 65536 (default)
2022-05-04 03:15:04,021 [47ce570f-7478-41dc-b1ba-c530780a94a3@group-2658BE16D483-LeaderElection42] INFO  server.RaftServerConfigKeys (ConfUtils.java:logGet(44)) - raft.server.write.element-limit = 1024 (custom)
2022-05-04 03:15:04,021 [47ce570f-7478-41dc-b1ba-c530780a94a3@group-2658BE16D483-LeaderElection42] INFO  server.RaftServerConfigKeys (ConfUtils.java:logGet(44)) - raft.server.write.follower.gap.ratio.max = -1.0 (default)
2022-05-04 03:15:04,021 [47ce570f-7478-41dc-b1ba-c530780a94a3@group-2658BE16D483-LeaderElection42] INFO  server.RaftServerConfigKeys (ConfUtils.java:logGet(44)) - raft.server.log.appender.snapshot.chunk.size.max = 16MB (=16777216) (default)
2022-05-04 03:15:04,021 [47ce570f-7478-41dc-b1ba-c530780a94a3@group-2658BE16D483-LeaderElection42] INFO  server.RaftServerConfigKeys (ConfUtils.java:logGet(44)) - raft.server.log.appender.buffer.byte-limit = 33554432 (custom)
2022-05-04 03:15:04,022 [47ce570f-7478-41dc-b1ba-c530780a94a3@group-2658BE16D483-LeaderElection42] INFO  server.RaftServerConfigKeys (ConfUtils.java:logGet(44)) - raft.server.log.appender.buffer.element-limit = 1 (custom)
2022-05-04 03:15:04,022 [47ce570f-7478-41dc-b1ba-c530780a94a3@group-2658BE16D483-LeaderElection42] INFO  grpc.GrpcConfigKeys (ConfUtils.java:logGet(44)) - raft.grpc.server.leader.outstanding.appends.max = 128 (default)
2022-05-04 03:15:04,022 [47ce570f-7478-41dc-b1ba-c530780a94a3@group-2658BE16D483-LeaderElection42] INFO  server.RaftServerConfigKeys (ConfUtils.java:logGet(44)) - raft.server.rpc.request.timeout = 60s (custom)
2022-05-04 03:15:04,022 [47ce570f-7478-41dc-b1ba-c530780a94a3@group-2658BE16D483-LeaderElection42] INFO  server.RaftServerConfigKeys (ConfUtils.java:logGet(44)) - raft.server.log.appender.install.snapshot.enabled = false (custom)
2022-05-04 03:15:04,023 [47ce570f-7478-41dc-b1ba-c530780a94a3@group-2658BE16D483-LeaderElection42] INFO  server.RaftServerConfigKeys (ConfUtils.java:logGet(44)) - raft.server.log.appender.snapshot.chunk.size.max = 16MB (=16777216) (default)
2022-05-04 03:15:04,023 [47ce570f-7478-41dc-b1ba-c530780a94a3@group-2658BE16D483-LeaderElection42] INFO  server.RaftServerConfigKeys (ConfUtils.java:logGet(44)) - raft.server.log.appender.buffer.byte-limit = 33554432 (custom)
2022-05-04 03:15:04,023 [47ce570f-7478-41dc-b1ba-c530780a94a3@group-2658BE16D483-LeaderElection42] INFO  server.RaftServerConfigKeys (ConfUtils.java:logGet(44)) - raft.server.log.appender.buffer.element-limit = 1 (custom)
2022-05-04 03:15:04,023 [47ce570f-7478-41dc-b1ba-c530780a94a3@group-2658BE16D483-LeaderElection42] INFO  grpc.GrpcConfigKeys (ConfUtils.java:logGet(44)) - raft.grpc.server.leader.outstanding.appends.max = 128 (default)
2022-05-04 03:15:04,023 [47ce570f-7478-41dc-b1ba-c530780a94a3@group-2658BE16D483-LeaderElection42] INFO  server.RaftServerConfigKeys (ConfUtils.java:logGet(44)) - raft.server.rpc.request.timeout = 60s (custom)
2022-05-04 03:15:04,023 [47ce570f-7478-41dc-b1ba-c530780a94a3@group-2658BE16D483-LeaderElection42] INFO  server.RaftServerConfigKeys (ConfUtils.java:logGet(44)) - raft.server.log.appender.install.snapshot.enabled = false (custom)
2022-05-04 03:15:04,024 [47ce570f-7478-41dc-b1ba-c530780a94a3@group-2658BE16D483-LeaderElection42] INFO  impl.RoleInfo (RoleInfo.java:updateAndGet(130)) - 47ce570f-7478-41dc-b1ba-c530780a94a3: start 47ce570f-7478-41dc-b1ba-c530780a94a3@group-2658BE16D483-LeaderStateImpl
2022-05-04 03:15:04,024 [47ce570f-7478-41dc-b1ba-c530780a94a3@group-2658BE16D483-LeaderElection42] INFO  segmented.SegmentedRaftLogWorker (SegmentedRaftLogWorker.java:startLogSegment(394)) - 47ce570f-7478-41dc-b1ba-c530780a94a3@group-2658BE16D483-SegmentedRaftLogWorker: Starting segment from index:0
2022-05-04 03:15:04,054 [grpc-default-executor-1] INFO  ratis.XceiverServerRatis (XceiverServerRatis.java:handleLeaderChangedNotification(863)) - Leader change notification received for group: group-2658BE16D483 with new leaderId: 47ce570f-7478-41dc-b1ba-c530780a94a3
2022-05-04 03:15:04,054 [grpc-default-executor-1] INFO  server.RaftServer$Division (ServerState.java:setLeader(285)) - 94eff94b-5675-4cb0-a39c-290792b903c4@group-2658BE16D483: change Leader from null to 47ce570f-7478-41dc-b1ba-c530780a94a3 at term 2 for appendEntries, leader elected after 10281ms
2022-05-04 03:15:04,059 [47ce570f-7478-41dc-b1ba-c530780a94a3@group-2658BE16D483-LeaderElection42] INFO  server.RaftServer$Division (ServerState.java:setRaftConf(387)) - 47ce570f-7478-41dc-b1ba-c530780a94a3@group-2658BE16D483: set configuration 0: [47ce570f-7478-41dc-b1ba-c530780a94a3|rpc:10.1.0.22:40881|dataStream:|priority:1, b8405861-e810-457b-9581-dead971c3a14|rpc:10.1.0.22:40547|dataStream:|priority:0, 94eff94b-5675-4cb0-a39c-290792b903c4|rpc:10.1.0.22:35275|dataStream:|priority:0], old=null
2022-05-04 03:15:04,077 [47ce570f-7478-41dc-b1ba-c530780a94a3@group-2658BE16D483-SegmentedRaftLogWorker] INFO  segmented.SegmentedRaftLogWorker (SegmentedRaftLogWorker.java:execute(601)) - 47ce570f-7478-41dc-b1ba-c530780a94a3@group-2658BE16D483-SegmentedRaftLogWorker: created new log segment /home/runner/work/ozone/ozone/hadoop-ozone/integration-test/target/test-dir/MiniOzoneClusterImpl-ffb4024d-fcb7-425a-91bb-293fa2ccb31b/datanode-2/data/ratis/5e14bdb6-1af7-401c-aab5-2658be16d483/current/log_inprogress_0
2022-05-04 03:15:04,084 [grpc-default-executor-1] INFO  server.RaftServer$Division (ServerState.java:setRaftConf(387)) - 94eff94b-5675-4cb0-a39c-290792b903c4@group-2658BE16D483: set configuration 0: [47ce570f-7478-41dc-b1ba-c530780a94a3|rpc:10.1.0.22:40881|dataStream:|priority:1, b8405861-e810-457b-9581-dead971c3a14|rpc:10.1.0.22:40547|dataStream:|priority:0, 94eff94b-5675-4cb0-a39c-290792b903c4|rpc:10.1.0.22:35275|dataStream:|priority:0], old=null
2022-05-04 03:15:04,084 [grpc-default-executor-1] INFO  segmented.SegmentedRaftLogWorker (SegmentedRaftLogWorker.java:startLogSegment(394)) - 94eff94b-5675-4cb0-a39c-290792b903c4@group-2658BE16D483-SegmentedRaftLogWorker: Starting segment from index:0
2022-05-04 03:15:04,086 [94eff94b-5675-4cb0-a39c-290792b903c4@group-2658BE16D483-SegmentedRaftLogWorker] INFO  segmented.SegmentedRaftLogWorker (SegmentedRaftLogWorker.java:execute(601)) - 94eff94b-5675-4cb0-a39c-290792b903c4@group-2658BE16D483-SegmentedRaftLogWorker: created new log segment /home/runner/work/ozone/ozone/hadoop-ozone/integration-test/target/test-dir/MiniOzoneClusterImpl-ffb4024d-fcb7-425a-91bb-293fa2ccb31b/datanode-1/data/ratis/5e14bdb6-1af7-401c-aab5-2658be16d483/current/log_inprogress_0
2022-05-04 03:15:04,103 [grpc-default-executor-0] INFO  ratis.XceiverServerRatis (XceiverServerRatis.java:handleLeaderChangedNotification(863)) - Leader change notification received for group: group-2658BE16D483 with new leaderId: 47ce570f-7478-41dc-b1ba-c530780a94a3
2022-05-04 03:15:04,103 [grpc-default-executor-0] INFO  server.RaftServer$Division (ServerState.java:setLeader(285)) - b8405861-e810-457b-9581-dead971c3a14@group-2658BE16D483: change Leader from null to 47ce570f-7478-41dc-b1ba-c530780a94a3 at term 2 for appendEntries, leader elected after 10564ms
2022-05-04 03:15:04,118 [grpc-default-executor-0] INFO  server.RaftServer$Division (ServerState.java:setRaftConf(387)) - b8405861-e810-457b-9581-dead971c3a14@group-2658BE16D483: set configuration 0: [47ce570f-7478-41dc-b1ba-c530780a94a3|rpc:10.1.0.22:40881|dataStream:|priority:1, b8405861-e810-457b-9581-dead971c3a14|rpc:10.1.0.22:40547|dataStream:|priority:0, 94eff94b-5675-4cb0-a39c-290792b903c4|rpc:10.1.0.22:35275|dataStream:|priority:0], old=null
2022-05-04 03:15:04,118 [grpc-default-executor-0] INFO  segmented.SegmentedRaftLogWorker (SegmentedRaftLogWorker.java:startLogSegment(394)) - b8405861-e810-457b-9581-dead971c3a14@group-2658BE16D483-SegmentedRaftLogWorker: Starting segment from index:0
2022-05-04 03:15:04,121 [b8405861-e810-457b-9581-dead971c3a14@group-2658BE16D483-SegmentedRaftLogWorker] INFO  segmented.SegmentedRaftLogWorker (SegmentedRaftLogWorker.java:execute(601)) - b8405861-e810-457b-9581-dead971c3a14@group-2658BE16D483-SegmentedRaftLogWorker: created new log segment /home/runner/work/ozone/ozone/hadoop-ozone/integration-test/target/test-dir/MiniOzoneClusterImpl-ffb4024d-fcb7-425a-91bb-293fa2ccb31b/datanode-0/data/ratis/5e14bdb6-1af7-401c-aab5-2658be16d483/current/log_inprogress_0
2022-05-04 03:15:04,456 [b8405861-e810-457b-9581-dead971c3a14@group-434A2F37988D-FollowerState] INFO  impl.FollowerState (FollowerState.java:run(134)) - b8405861-e810-457b-9581-dead971c3a14@group-434A2F37988D-FollowerState: change to CANDIDATE, lastRpcElapsedTime:5097375660ns, electionTimeout:5090ms
2022-05-04 03:15:04,456 [b8405861-e810-457b-9581-dead971c3a14@group-434A2F37988D-FollowerState] INFO  impl.RoleInfo (RoleInfo.java:shutdownFollowerState(108)) - b8405861-e810-457b-9581-dead971c3a14: shutdown b8405861-e810-457b-9581-dead971c3a14@group-434A2F37988D-FollowerState
2022-05-04 03:15:04,456 [b8405861-e810-457b-9581-dead971c3a14@group-434A2F37988D-FollowerState] INFO  server.RaftServer$Division (RaftServerImpl.java:setRole(290)) - b8405861-e810-457b-9581-dead971c3a14@group-434A2F37988D: changes role from  FOLLOWER to CANDIDATE at term 1 for changeToCandidate
2022-05-04 03:15:04,456 [b8405861-e810-457b-9581-dead971c3a14@group-434A2F37988D-FollowerState] INFO  server.RaftServerConfigKeys (ConfUtils.java:logGet(44)) - raft.server.leaderelection.pre-vote = false (custom)
2022-05-04 03:15:04,456 [b8405861-e810-457b-9581-dead971c3a14@group-434A2F37988D-FollowerState] INFO  impl.RoleInfo (RoleInfo.java:updateAndGet(130)) - b8405861-e810-457b-9581-dead971c3a14: start b8405861-e810-457b-9581-dead971c3a14@group-434A2F37988D-LeaderElection43
2022-05-04 03:15:04,478 [b8405861-e810-457b-9581-dead971c3a14@group-434A2F37988D-LeaderElection43] INFO  impl.LeaderElection (LeaderElection.java:askForVotes(306)) - b8405861-e810-457b-9581-dead971c3a14@group-434A2F37988D-LeaderElection43 ELECTION round 0: submit vote requests at term 2 for -1: [47ce570f-7478-41dc-b1ba-c530780a94a3|rpc:10.1.0.22:40881|priority:0, b8405861-e810-457b-9581-dead971c3a14|rpc:10.1.0.22:40547|priority:0, 94eff94b-5675-4cb0-a39c-290792b903c4|rpc:10.1.0.22:35275|priority:1], old=null
2022-05-04 03:15:04,494 [grpc-default-executor-0] INFO  server.RaftServer$Division (RaftServerImpl.java:requestVote(1046)) - 47ce570f-7478-41dc-b1ba-c530780a94a3@group-434A2F37988D: receive requestVote(ELECTION, b8405861-e810-457b-9581-dead971c3a14, group-434A2F37988D, 2, (t:0, i:0))
2022-05-04 03:15:04,494 [grpc-default-executor-0] INFO  impl.VoteContext (VoteContext.java:log(48)) - 47ce570f-7478-41dc-b1ba-c530780a94a3@group-434A2F37988D-FOLLOWER: accept ELECTION from b8405861-e810-457b-9581-dead971c3a14: our priority 0 <= candidate's priority 0
2022-05-04 03:15:04,494 [grpc-default-executor-0] INFO  server.RaftServer$Division (RaftServerImpl.java:setRole(290)) - 47ce570f-7478-41dc-b1ba-c530780a94a3@group-434A2F37988D: changes role from  FOLLOWER to FOLLOWER at term 2 for candidate:b8405861-e810-457b-9581-dead971c3a14
2022-05-04 03:15:04,494 [grpc-default-executor-0] INFO  impl.RoleInfo (RoleInfo.java:shutdownFollowerState(108)) - 47ce570f-7478-41dc-b1ba-c530780a94a3: shutdown 47ce570f-7478-41dc-b1ba-c530780a94a3@group-434A2F37988D-FollowerState
2022-05-04 03:15:04,494 [grpc-default-executor-0] INFO  impl.RoleInfo (RoleInfo.java:updateAndGet(130)) - 47ce570f-7478-41dc-b1ba-c530780a94a3: start 47ce570f-7478-41dc-b1ba-c530780a94a3@group-434A2F37988D-FollowerState
2022-05-04 03:15:04,495 [47ce570f-7478-41dc-b1ba-c530780a94a3@group-434A2F37988D-FollowerState] INFO  impl.FollowerState (FollowerState.java:run(143)) - 47ce570f-7478-41dc-b1ba-c530780a94a3@group-434A2F37988D-FollowerState was interrupted: {}
java.lang.InterruptedException: sleep interrupted
	at java.lang.Thread.sleep(Native Method)
	at java.lang.Thread.sleep(Thread.java:342)
	at java.util.concurrent.TimeUnit.sleep(TimeUnit.java:386)
	at org.apache.ratis.util.TimeDuration.sleep(TimeDuration.java:324)
	at org.apache.ratis.util.TimeDuration.sleep(TimeDuration.java:309)
	at org.apache.ratis.server.impl.FollowerState.run(FollowerState.java:118)
2022-05-04 03:15:04,508 [grpc-default-executor-0] INFO  server.RaftServer$Division (RaftServerImpl.java:requestVote(1078)) - 47ce570f-7478-41dc-b1ba-c530780a94a3@group-434A2F37988D replies to ELECTION vote request: b8405861-e810-457b-9581-dead971c3a14<-47ce570f-7478-41dc-b1ba-c530780a94a3#0:OK-t2. Peer's state: 47ce570f-7478-41dc-b1ba-c530780a94a3@group-434A2F37988D:t2, leader=null, voted=b8405861-e810-457b-9581-dead971c3a14, raftlog=47ce570f-7478-41dc-b1ba-c530780a94a3@group-434A2F37988D-SegmentedRaftLog:OPENED:c-1, conf=-1: [47ce570f-7478-41dc-b1ba-c530780a94a3|rpc:10.1.0.22:40881|dataStream:|priority:0, b8405861-e810-457b-9581-dead971c3a14|rpc:10.1.0.22:40547|dataStream:|priority:0, 94eff94b-5675-4cb0-a39c-290792b903c4|rpc:10.1.0.22:35275|dataStream:|priority:1], old=null
2022-05-04 03:15:04,534 [grpc-default-executor-0] INFO  server.RaftServer$Division (RaftServerImpl.java:requestVote(1046)) - 94eff94b-5675-4cb0-a39c-290792b903c4@group-434A2F37988D: receive requestVote(ELECTION, b8405861-e810-457b-9581-dead971c3a14, group-434A2F37988D, 2, (t:0, i:0))
2022-05-04 03:15:04,535 [grpc-default-executor-0] INFO  impl.VoteContext (VoteContext.java:log(48)) - 94eff94b-5675-4cb0-a39c-290792b903c4@group-434A2F37988D-FOLLOWER: reject ELECTION from b8405861-e810-457b-9581-dead971c3a14: our priority 1 > candidate's priority 0
2022-05-04 03:15:04,535 [grpc-default-executor-0] INFO  server.RaftServer$Division (RaftServerImpl.java:setRole(290)) - 94eff94b-5675-4cb0-a39c-290792b903c4@group-434A2F37988D: changes role from  FOLLOWER to FOLLOWER at term 2 for candidate:b8405861-e810-457b-9581-dead971c3a14
2022-05-04 03:15:04,535 [grpc-default-executor-0] INFO  impl.RoleInfo (RoleInfo.java:shutdownFollowerState(108)) - 94eff94b-5675-4cb0-a39c-290792b903c4: shutdown 94eff94b-5675-4cb0-a39c-290792b903c4@group-434A2F37988D-FollowerState
2022-05-04 03:15:04,535 [grpc-default-executor-0] INFO  impl.RoleInfo (RoleInfo.java:updateAndGet(130)) - 94eff94b-5675-4cb0-a39c-290792b903c4: start 94eff94b-5675-4cb0-a39c-290792b903c4@group-434A2F37988D-FollowerState
2022-05-04 03:15:04,535 [94eff94b-5675-4cb0-a39c-290792b903c4@group-434A2F37988D-FollowerState] INFO  impl.FollowerState (FollowerState.java:run(143)) - 94eff94b-5675-4cb0-a39c-290792b903c4@group-434A2F37988D-FollowerState was interrupted: {}
java.lang.InterruptedException: sleep interrupted
	at java.lang.Thread.sleep(Native Method)
	at java.lang.Thread.sleep(Thread.java:342)
	at java.util.concurrent.TimeUnit.sleep(TimeUnit.java:386)
	at org.apache.ratis.util.TimeDuration.sleep(TimeDuration.java:324)
	at org.apache.ratis.util.TimeDuration.sleep(TimeDuration.java:309)
	at org.apache.ratis.server.impl.FollowerState.run(FollowerState.java:118)
2022-05-04 03:15:04,545 [grpc-default-executor-0] INFO  server.RaftServer$Division (RaftServerImpl.java:requestVote(1078)) - 94eff94b-5675-4cb0-a39c-290792b903c4@group-434A2F37988D replies to ELECTION vote request: b8405861-e810-457b-9581-dead971c3a14<-94eff94b-5675-4cb0-a39c-290792b903c4#0:FAIL-t2. Peer's state: 94eff94b-5675-4cb0-a39c-290792b903c4@group-434A2F37988D:t2, leader=null, voted=null, raftlog=94eff94b-5675-4cb0-a39c-290792b903c4@group-434A2F37988D-SegmentedRaftLog:OPENED:c-1, conf=-1: [47ce570f-7478-41dc-b1ba-c530780a94a3|rpc:10.1.0.22:40881|dataStream:|priority:0, b8405861-e810-457b-9581-dead971c3a14|rpc:10.1.0.22:40547|dataStream:|priority:0, 94eff94b-5675-4cb0-a39c-290792b903c4|rpc:10.1.0.22:35275|dataStream:|priority:1], old=null
2022-05-04 03:15:04,547 [b8405861-e810-457b-9581-dead971c3a14@group-434A2F37988D-LeaderElection43] INFO  impl.LeaderElection (LeaderElection.java:logAndReturn(89)) - b8405861-e810-457b-9581-dead971c3a14@group-434A2F37988D-LeaderElection43: ELECTION REJECTED received 2 response(s) and 0 exception(s):
2022-05-04 03:15:04,547 [b8405861-e810-457b-9581-dead971c3a14@group-434A2F37988D-LeaderElection43] INFO  impl.LeaderElection (LeaderElection.java:logAndReturn(93)) -   Response 0: b8405861-e810-457b-9581-dead971c3a14<-47ce570f-7478-41dc-b1ba-c530780a94a3#0:OK-t2
2022-05-04 03:15:04,547 [b8405861-e810-457b-9581-dead971c3a14@group-434A2F37988D-LeaderElection43] INFO  impl.LeaderElection (LeaderElection.java:logAndReturn(93)) -   Response 1: b8405861-e810-457b-9581-dead971c3a14<-94eff94b-5675-4cb0-a39c-290792b903c4#0:FAIL-t2
2022-05-04 03:15:04,547 [b8405861-e810-457b-9581-dead971c3a14@group-434A2F37988D-LeaderElection43] INFO  impl.LeaderElection (LeaderElection.java:askForVotes(308)) - b8405861-e810-457b-9581-dead971c3a14@group-434A2F37988D-LeaderElection43 ELECTION round 0: result REJECTED
2022-05-04 03:15:04,547 [b8405861-e810-457b-9581-dead971c3a14@group-434A2F37988D-LeaderElection43] INFO  server.RaftServer$Division (RaftServerImpl.java:setRole(290)) - b8405861-e810-457b-9581-dead971c3a14@group-434A2F37988D: changes role from CANDIDATE to FOLLOWER at term 2 for REJECTED
2022-05-04 03:15:04,547 [b8405861-e810-457b-9581-dead971c3a14@group-434A2F37988D-LeaderElection43] INFO  impl.RoleInfo (RoleInfo.java:shutdownLeaderElection(121)) - b8405861-e810-457b-9581-dead971c3a14: shutdown b8405861-e810-457b-9581-dead971c3a14@group-434A2F37988D-LeaderElection43
2022-05-04 03:15:04,547 [b8405861-e810-457b-9581-dead971c3a14@group-434A2F37988D-LeaderElection43] INFO  impl.RoleInfo (RoleInfo.java:updateAndGet(130)) - b8405861-e810-457b-9581-dead971c3a14: start b8405861-e810-457b-9581-dead971c3a14@group-434A2F37988D-FollowerState
2022-05-04 03:15:04,822 [Listener at 127.0.0.1/33297] INFO  ozone.MiniOzoneClusterImpl (MiniOzoneClusterImpl.java:lambda$waitForClusterToBeReady$0(221)) - Nodes are ready. Got 5 of 5 DN Heartbeats.
2022-05-04 03:15:04,822 [Listener at 127.0.0.1/33297] INFO  ozone.MiniOzoneClusterImpl (MiniOzoneClusterImpl.java:lambda$waitForClusterToBeReady$0(224)) - Cluster exits safe mode
2022-05-04 03:15:04,822 [Listener at 127.0.0.1/33297] INFO  ozone.MiniOzoneClusterImpl (MiniOzoneClusterImpl.java:lambda$waitForClusterToBeReady$0(226)) - SCM became leader
2022-05-04 03:15:04,911 [Time-limited test] INFO  rpc.RpcClient (RpcClient.java:createVolume(448)) - Creating Volume: volume93872, with user09796 as owner and space quota set to -1 bytes, counts quota set to -1
2022-05-04 03:15:04,912 [IPC Server handler 2 on default port 33297] INFO  volume.OMVolumeCreateRequest (OMVolumeCreateRequest.java:validateAndUpdateCache(195)) - created volume:volume93872 for user:user09796
2022-05-04 03:15:04,917 [Time-limited test] INFO  rpc.RpcClient (RpcClient.java:createBucket(637)) - Creating Bucket: volume93872/bucket71898, with runner as owner and Versioning false and Storage Type set to DISK and Encryption set to false 
2022-05-04 03:15:04,953 [IPC Server handler 11 on default port 33297] INFO  bucket.OMBucketCreateRequest (OMBucketCreateRequest.java:validateAndUpdateCache(258)) - created bucket: bucket71898 of layout LEGACY in volume: volume93872
2022-05-04 03:15:05,005 [IPC Server handler 17 on default port 44687] INFO  ha.SequenceIdGenerator (SequenceIdGenerator.java:getNextId(127)) - Allocate a batch for containerId, change lastId from 0 to 1000.
2022-05-04 03:15:05,006 [IPC Server handler 17 on default port 44687] WARN  ha.SequenceIdGenerator (SequenceIdGenerator.java:allocateBatch(235)) - Failed to allocate a batch for localId, expected lastId is 0, actual lastId is 109611004723200000.
2022-05-04 03:15:05,006 [IPC Server handler 17 on default port 44687] INFO  ha.SequenceIdGenerator (SequenceIdGenerator.java:getNextId(127)) - Allocate a batch for localId, change lastId from 109611004723200000 to 109611004723201000.
03:15:05.042 [IPC Server handler 0 on default port 33297] ERROR OMAudit - user=runner | ip=127.0.0.1 | op=GET_FILE_STATUS {volume=volume93872, bucket=bucket71898, key=dir40/file1, dataSize=0, replicationConfig=null} | ret=FAILURE
org.apache.hadoop.ozone.om.exceptions.OMException: Unable to get file status: volume: volume93872 bucket: bucket71898 key: dir40/file1
	at org.apache.hadoop.ozone.om.KeyManagerImpl.getOzoneFileStatus(KeyManagerImpl.java:1280) ~[ozone-manager-1.3.0-SNAPSHOT.jar:?]
	at org.apache.hadoop.ozone.om.KeyManagerImpl.getFileStatus(KeyManagerImpl.java:1210) ~[ozone-manager-1.3.0-SNAPSHOT.jar:?]
	at org.apache.hadoop.ozone.om.OzoneManager.getFileStatus(OzoneManager.java:3067) ~[ozone-manager-1.3.0-SNAPSHOT.jar:?]
	at org.apache.hadoop.ozone.protocolPB.OzoneManagerRequestHandler.getOzoneFileStatus(OzoneManagerRequestHandler.java:670) ~[ozone-manager-1.3.0-SNAPSHOT.jar:?]
	at org.apache.hadoop.ozone.protocolPB.OzoneManagerRequestHandler.handleReadRequest(OzoneManagerRequestHandler.java:201) ~[ozone-manager-1.3.0-SNAPSHOT.jar:?]
	at org.apache.hadoop.ozone.protocolPB.OzoneManagerProtocolServerSideTranslatorPB.submitRequestDirectlyToOM(OzoneManagerProtocolServerSideTranslatorPB.java:271) ~[ozone-manager-1.3.0-SNAPSHOT.jar:?]
	at org.apache.hadoop.ozone.protocolPB.OzoneManagerProtocolServerSideTranslatorPB.processRequest(OzoneManagerProtocolServerSideTranslatorPB.java:195) ~[ozone-manager-1.3.0-SNAPSHOT.jar:?]
	at org.apache.hadoop.hdds.server.OzoneProtocolMessageDispatcher.processRequest(OzoneProtocolMessageDispatcher.java:87) [hdds-server-framework-1.3.0-SNAPSHOT.jar:?]
	at org.apache.hadoop.ozone.protocolPB.OzoneManagerProtocolServerSideTranslatorPB.submitRequest(OzoneManagerProtocolServerSideTranslatorPB.java:146) [ozone-manager-1.3.0-SNAPSHOT.jar:?]
	at org.apache.hadoop.ozone.protocol.proto.OzoneManagerProtocolProtos$OzoneManagerService$2.callBlockingMethod(OzoneManagerProtocolProtos.java) [ozone-interface-client-1.3.0-SNAPSHOT.jar:?]
	at org.apache.hadoop.ipc.ProtobufRpcEngine$Server.processCall(ProtobufRpcEngine.java:466) [hadoop-common-3.3.1.jar:?]
	at org.apache.hadoop.ipc.ProtobufRpcEngine2$Server$ProtoBufRpcInvoker.call(ProtobufRpcEngine2.java:574) [hadoop-common-3.3.1.jar:?]
	at org.apache.hadoop.ipc.ProtobufRpcEngine2$Server$ProtoBufRpcInvoker.call(ProtobufRpcEngine2.java:552) [hadoop-common-3.3.1.jar:?]
	at org.apache.hadoop.ipc.RPC$Server.call(RPC.java:1093) [hadoop-common-3.3.1.jar:?]
	at org.apache.hadoop.ipc.Server$RpcCall.run(Server.java:1035) [hadoop-common-3.3.1.jar:?]
	at org.apache.hadoop.ipc.Server$RpcCall.run(Server.java:963) [hadoop-common-3.3.1.jar:?]
	at java.security.AccessController.doPrivileged(Native Method) ~[?:1.8.0_322]
	at javax.security.auth.Subject.doAs(Subject.java:422) [?:1.8.0_322]
	at org.apache.hadoop.security.UserGroupInformation.doAs(UserGroupInformation.java:1878) [hadoop-common-3.3.1.jar:?]
	at org.apache.hadoop.ipc.Server$Handler.run(Server.java:2966) [hadoop-common-3.3.1.jar:?]
]]></system-out>
  </testcase>
  <testcase name="testRenameFile" classname="TestRootedOzoneFileSystem" time="0.236">
    <system-out><![CDATA[2022-05-04 03:15:29,903 [Listener at 127.0.0.1/33297] INFO  ozone.MiniOzoneClusterImpl (MiniOzoneClusterImpl.java:shutdown(456)) - Shutting down the Mini Ozone Cluster
2022-05-04 03:15:29,903 [Listener at 127.0.0.1/33297] INFO  ozone.MiniOzoneClusterImpl (MiniOzoneClusterImpl.java:stop(471)) - Stopping the Mini Ozone Cluster
2022-05-04 03:15:29,903 [Listener at 127.0.0.1/33297] INFO  ozone.MiniOzoneClusterImpl (MiniOzoneClusterImpl.java:stopOM(553)) - Stopping the OzoneManager
2022-05-04 03:15:29,903 [Listener at 127.0.0.1/33297] INFO  om.OzoneManager (OzoneManager.java:stop(1950)) - om1[localhost:0]: Stopping Ozone Manager
2022-05-04 03:15:29,903 [Listener at 127.0.0.1/33297] INFO  ipc.Server (Server.java:stop(3414)) - Stopping server on 33297
2022-05-04 03:15:29,919 [IPC Server listener on 0] INFO  ipc.Server (Server.java:run(1376)) - Stopping IPC Server listener on 0
2022-05-04 03:15:29,920 [IPC Server Responder] INFO  ipc.Server (Server.java:run(1512)) - Stopping IPC Server Responder
2022-05-04 03:15:29,948 [Listener at 127.0.0.1/33297] INFO  ratis.OzoneManagerDoubleBuffer (OzoneManagerDoubleBuffer.java:stop(465)) - Stopping OMDoubleBuffer flush thread
2022-05-04 03:15:29,948 [OMDoubleBufferFlushThread] INFO  ratis.OzoneManagerDoubleBuffer (OzoneManagerDoubleBuffer.java:flushTransactions(385)) - OMDoubleBuffer flush thread OMDoubleBufferFlushThread is interrupted and will exit.
2022-05-04 03:15:29,966 [Listener at 127.0.0.1/33297] INFO  utils.BackgroundService (BackgroundService.java:shutdown(132)) - Shutting down service KeyDeletingService
2022-05-04 03:15:29,966 [Listener at 127.0.0.1/33297] INFO  utils.BackgroundService (BackgroundService.java:shutdown(132)) - Shutting down service DirectoryDeletingService
2022-05-04 03:15:29,967 [Listener at 127.0.0.1/33297] INFO  handler.ContextHandler (ContextHandler.java:doStop(1153)) - Stopped o.e.j.w.WebAppContext@34ac6d65{ozoneManager,/,null,STOPPED}{file:/home/runner/work/ozone/ozone/hadoop-ozone/integration-test/target/test-classes/webapps/ozoneManager}
2022-05-04 03:15:29,970 [Listener at 127.0.0.1/33297] INFO  server.AbstractConnector (AbstractConnector.java:doStop(381)) - Stopped ServerConnector@780bc48d{HTTP/1.1, (http/1.1)}{0.0.0.0:0}
2022-05-04 03:15:29,970 [Listener at 127.0.0.1/33297] INFO  server.session (HouseKeeper.java:stopScavenging(149)) - node0 Stopped scavenging
2022-05-04 03:15:29,970 [Listener at 127.0.0.1/33297] INFO  handler.ContextHandler (ContextHandler.java:doStop(1153)) - Stopped o.e.j.s.ServletContextHandler@4d7648a5{static,/static,file:///home/runner/work/ozone/ozone/hadoop-ozone/integration-test/target/test-classes/webapps/static,STOPPED}
2022-05-04 03:15:29,970 [Listener at 127.0.0.1/33297] INFO  handler.ContextHandler (ContextHandler.java:doStop(1153)) - Stopped o.e.j.s.ServletContextHandler@106d2c92{logs,/logs,file:///home/runner/work/ozone/ozone/hadoop-ozone/integration-test/target/log,STOPPED}
2022-05-04 03:15:29,972 [Trash Emptier] ERROR om.TrashPolicyOzone (TrashPolicyOzone.java:run(251)) - Error attempting to shutdown
java.lang.InterruptedException
	at java.util.concurrent.locks.AbstractQueuedSynchronizer$ConditionObject.awaitNanos(AbstractQueuedSynchronizer.java:2067)
	at java.util.concurrent.ThreadPoolExecutor.awaitTermination(ThreadPoolExecutor.java:1475)
	at org.apache.hadoop.ozone.om.TrashPolicyOzone$Emptier.run(TrashPolicyOzone.java:249)
	at java.lang.Thread.run(Thread.java:750)
2022-05-04 03:15:29,972 [Trash Emptier] ERROR util.ExitUtils (ExitUtils.java:terminate(133)) - Terminating with exit status -1: Thread[Trash Emptier,5,main] has thrown an uncaught exception
java.lang.UnsupportedOperationException: fs.getUri() not implemented in TrashOzoneFileSystem
	at org.apache.hadoop.ozone.om.TrashOzoneFileSystem.getUri(TrashOzoneFileSystem.java:124)
	at org.apache.hadoop.fs.FileSystem.close(FileSystem.java:2592)
	at org.apache.hadoop.ozone.om.TrashPolicyOzone$Emptier.run(TrashPolicyOzone.java:243)
	at java.lang.Thread.run(Thread.java:750)
2022-05-04 03:15:29,975 [Listener at 127.0.0.1/33297] INFO  ozone.MiniOzoneClusterImpl (MiniOzoneClusterImpl.java:stopDatanodes(530)) - Stopping the HddsDatanodes
2022-05-04 03:15:34,980 [ForkJoinPool.commonPool-worker-0] INFO  ozoneimpl.OzoneContainer (OzoneContainer.java:stop(356)) - Attempting to stop container services.
2022-05-04 03:15:34,985 [ForkJoinPool.commonPool-worker-0] INFO  server.RaftServer (RaftServerProxy.java:lambda$close$6(391)) - 94eff94b-5675-4cb0-a39c-290792b903c4: close
2022-05-04 03:15:34,985 [ForkJoinPool.commonPool-worker-0] INFO  server.RaftServer$Division (RaftServerImpl.java:lambda$close$4(412)) - 94eff94b-5675-4cb0-a39c-290792b903c4@group-2658BE16D483: shutdown
2022-05-04 03:15:34,985 [ForkJoinPool.commonPool-worker-0] INFO  util.JmxRegister (JmxRegister.java:unregister(73)) - Successfully un-registered JMX Bean with object name Ratis:service=RaftServer,group=group-2658BE16D483,id=94eff94b-5675-4cb0-a39c-290792b903c4
2022-05-04 03:15:34,985 [ForkJoinPool.commonPool-worker-0] INFO  impl.RoleInfo (RoleInfo.java:shutdownFollowerState(108)) - 94eff94b-5675-4cb0-a39c-290792b903c4: shutdown 94eff94b-5675-4cb0-a39c-290792b903c4@group-2658BE16D483-FollowerState
2022-05-04 03:15:34,985 [ForkJoinPool.commonPool-worker-0] INFO  impl.StateMachineUpdater (StateMachineUpdater.java:stopAndJoin(149)) - 94eff94b-5675-4cb0-a39c-290792b903c4@group-2658BE16D483-StateMachineUpdater: set stopIndex = 27
2022-05-04 03:15:34,985 [94eff94b-5675-4cb0-a39c-290792b903c4@group-2658BE16D483-FollowerState] INFO  impl.FollowerState (FollowerState.java:run(143)) - 94eff94b-5675-4cb0-a39c-290792b903c4@group-2658BE16D483-FollowerState was interrupted: {}
java.lang.InterruptedException: sleep interrupted
	at java.lang.Thread.sleep(Native Method)
	at java.lang.Thread.sleep(Thread.java:342)
	at java.util.concurrent.TimeUnit.sleep(TimeUnit.java:386)
	at org.apache.ratis.util.TimeDuration.sleep(TimeDuration.java:324)
	at org.apache.ratis.util.TimeDuration.sleep(TimeDuration.java:309)
	at org.apache.ratis.server.impl.FollowerState.run(FollowerState.java:118)
2022-05-04 03:15:34,986 [94eff94b-5675-4cb0-a39c-290792b903c4@group-2658BE16D483-StateMachineUpdater] INFO  ratis.ContainerStateMachine (ContainerStateMachine.java:takeSnapshot(304)) - group-2658BE16D483: Taking a snapshot at:(t:2, i:27) file /home/runner/work/ozone/ozone/hadoop-ozone/integration-test/target/test-dir/MiniOzoneClusterImpl-ffb4024d-fcb7-425a-91bb-293fa2ccb31b/datanode-1/data/ratis/5e14bdb6-1af7-401c-aab5-2658be16d483/sm/snapshot.2_27
2022-05-04 03:15:34,989 [94eff94b-5675-4cb0-a39c-290792b903c4@group-2658BE16D483-StateMachineUpdater] INFO  ratis.ContainerStateMachine (ContainerStateMachine.java:takeSnapshot(315)) - group-2658BE16D483: Finished taking a snapshot at:(t:2, i:27) file:/home/runner/work/ozone/ozone/hadoop-ozone/integration-test/target/test-dir/MiniOzoneClusterImpl-ffb4024d-fcb7-425a-91bb-293fa2ccb31b/datanode-1/data/ratis/5e14bdb6-1af7-401c-aab5-2658be16d483/sm/snapshot.2_27 took: 3 ms
2022-05-04 03:15:34,989 [94eff94b-5675-4cb0-a39c-290792b903c4@group-2658BE16D483-StateMachineUpdater] INFO  impl.StateMachineUpdater (StateMachineUpdater.java:takeSnapshot(281)) - 94eff94b-5675-4cb0-a39c-290792b903c4@group-2658BE16D483-StateMachineUpdater: Took a snapshot at index 27
2022-05-04 03:15:34,989 [94eff94b-5675-4cb0-a39c-290792b903c4@group-2658BE16D483-StateMachineUpdater] INFO  impl.StateMachineUpdater (StateMachineUpdater.java:lambda$new$0(89)) - 94eff94b-5675-4cb0-a39c-290792b903c4@group-2658BE16D483-StateMachineUpdater: snapshotIndex: updateIncreasingly -1 -> 27
2022-05-04 03:15:34,990 [ForkJoinPool.commonPool-worker-0] INFO  server.RaftServer$Division (ServerState.java:close(419)) - 94eff94b-5675-4cb0-a39c-290792b903c4@group-2658BE16D483: closes. applyIndex: 27
2022-05-04 03:15:34,990 [94eff94b-5675-4cb0-a39c-290792b903c4@group-2658BE16D483-SegmentedRaftLogWorker] INFO  segmented.SegmentedRaftLogWorker (SegmentedRaftLogWorker.java:run(327)) - 94eff94b-5675-4cb0-a39c-290792b903c4@group-2658BE16D483-SegmentedRaftLogWorker was interrupted, exiting. There are 0 tasks remaining in the queue.
2022-05-04 03:15:34,993 [ForkJoinPool.commonPool-worker-0] INFO  segmented.SegmentedRaftLogWorker (SegmentedRaftLogWorker.java:close(237)) - 94eff94b-5675-4cb0-a39c-290792b903c4@group-2658BE16D483-SegmentedRaftLogWorker close()
2022-05-04 03:15:34,994 [ForkJoinPool.commonPool-worker-0] INFO  server.RaftServer$Division (RaftServerImpl.java:lambda$close$4(412)) - 94eff94b-5675-4cb0-a39c-290792b903c4@group-F76310959E2C: shutdown
2022-05-04 03:15:34,994 [ForkJoinPool.commonPool-worker-0] INFO  util.JmxRegister (JmxRegister.java:unregister(73)) - Successfully un-registered JMX Bean with object name Ratis:service=RaftServer,group=group-F76310959E2C,id=94eff94b-5675-4cb0-a39c-290792b903c4
2022-05-04 03:15:34,994 [ForkJoinPool.commonPool-worker-0] INFO  impl.RoleInfo (RoleInfo.java:shutdownLeaderState(91)) - 94eff94b-5675-4cb0-a39c-290792b903c4: shutdown 94eff94b-5675-4cb0-a39c-290792b903c4@group-F76310959E2C-LeaderStateImpl
2022-05-04 03:15:34,994 [ForkJoinPool.commonPool-worker-0] INFO  impl.PendingRequests (PendingRequests.java:sendNotLeaderResponses(282)) - 94eff94b-5675-4cb0-a39c-290792b903c4@group-F76310959E2C-PendingRequests: sendNotLeaderResponses
2022-05-04 03:15:34,995 [94eff94b-5675-4cb0-a39c-290792b903c4@group-F76310959E2C-StateMachineUpdater] INFO  ratis.ContainerStateMachine (ContainerStateMachine.java:takeSnapshot(304)) - group-F76310959E2C: Taking a snapshot at:(t:1, i:0) file /home/runner/work/ozone/ozone/hadoop-ozone/integration-test/target/test-dir/MiniOzoneClusterImpl-ffb4024d-fcb7-425a-91bb-293fa2ccb31b/datanode-1/data/ratis/4583670a-1ad2-4f29-82bb-f76310959e2c/sm/snapshot.1_0
2022-05-04 03:15:34,995 [ForkJoinPool.commonPool-worker-0] INFO  impl.StateMachineUpdater (StateMachineUpdater.java:stopAndJoin(149)) - 94eff94b-5675-4cb0-a39c-290792b903c4@group-F76310959E2C-StateMachineUpdater: set stopIndex = 0
2022-05-04 03:15:34,995 [Listener at 127.0.0.1/33297] INFO  ozoneimpl.OzoneContainer (OzoneContainer.java:stop(356)) - Attempting to stop container services.
2022-05-04 03:15:34,996 [94eff94b-5675-4cb0-a39c-290792b903c4@group-F76310959E2C-StateMachineUpdater] INFO  ratis.ContainerStateMachine (ContainerStateMachine.java:takeSnapshot(315)) - group-F76310959E2C: Finished taking a snapshot at:(t:1, i:0) file:/home/runner/work/ozone/ozone/hadoop-ozone/integration-test/target/test-dir/MiniOzoneClusterImpl-ffb4024d-fcb7-425a-91bb-293fa2ccb31b/datanode-1/data/ratis/4583670a-1ad2-4f29-82bb-f76310959e2c/sm/snapshot.1_0 took: 1 ms
2022-05-04 03:15:34,996 [94eff94b-5675-4cb0-a39c-290792b903c4@group-F76310959E2C-StateMachineUpdater] INFO  impl.StateMachineUpdater (StateMachineUpdater.java:takeSnapshot(281)) - 94eff94b-5675-4cb0-a39c-290792b903c4@group-F76310959E2C-StateMachineUpdater: Took a snapshot at index 0
2022-05-04 03:15:34,996 [94eff94b-5675-4cb0-a39c-290792b903c4@group-F76310959E2C-StateMachineUpdater] INFO  impl.StateMachineUpdater (StateMachineUpdater.java:lambda$new$0(89)) - 94eff94b-5675-4cb0-a39c-290792b903c4@group-F76310959E2C-StateMachineUpdater: snapshotIndex: updateIncreasingly -1 -> 0
2022-05-04 03:15:34,996 [Listener at 127.0.0.1/33297] INFO  server.RaftServer (RaftServerProxy.java:lambda$close$6(391)) - 47ce570f-7478-41dc-b1ba-c530780a94a3: close
2022-05-04 03:15:34,996 [Listener at 127.0.0.1/33297] INFO  server.RaftServer$Division (RaftServerImpl.java:lambda$close$4(412)) - 47ce570f-7478-41dc-b1ba-c530780a94a3@group-2658BE16D483: shutdown
2022-05-04 03:15:34,997 [Listener at 127.0.0.1/33297] INFO  util.JmxRegister (JmxRegister.java:unregister(73)) - Successfully un-registered JMX Bean with object name Ratis:service=RaftServer,group=group-2658BE16D483,id=47ce570f-7478-41dc-b1ba-c530780a94a3
2022-05-04 03:15:34,997 [Listener at 127.0.0.1/33297] INFO  impl.RoleInfo (RoleInfo.java:shutdownLeaderState(91)) - 47ce570f-7478-41dc-b1ba-c530780a94a3: shutdown 47ce570f-7478-41dc-b1ba-c530780a94a3@group-2658BE16D483-LeaderStateImpl
2022-05-04 03:15:34,997 [47ce570f-7478-41dc-b1ba-c530780a94a3@group-2658BE16D483->94eff94b-5675-4cb0-a39c-290792b903c4-GrpcLogAppender-LogAppenderDaemon] WARN  server.GrpcLogAppender (GrpcLogAppender.java:mayWait(177)) - 47ce570f-7478-41dc-b1ba-c530780a94a3@group-2658BE16D483->94eff94b-5675-4cb0-a39c-290792b903c4-GrpcLogAppender: Wait interrupted by java.lang.InterruptedException
2022-05-04 03:15:34,997 [47ce570f-7478-41dc-b1ba-c530780a94a3@group-2658BE16D483->b8405861-e810-457b-9581-dead971c3a14-GrpcLogAppender-LogAppenderDaemon] WARN  server.GrpcLogAppender (GrpcLogAppender.java:mayWait(177)) - 47ce570f-7478-41dc-b1ba-c530780a94a3@group-2658BE16D483->b8405861-e810-457b-9581-dead971c3a14-GrpcLogAppender: Wait interrupted by java.lang.InterruptedException
2022-05-04 03:15:34,998 [grpc-default-executor-3] INFO  server.GrpcServerProtocolService (GrpcServerProtocolService.java:onCompleted(140)) - 94eff94b-5675-4cb0-a39c-290792b903c4: Completed APPEND_ENTRIES, lastRequest: 47ce570f-7478-41dc-b1ba-c530780a94a3->94eff94b-5675-4cb0-a39c-290792b903c4#608-t2,previous=(t:2, i:26),leaderCommit=25,initializing? true,entries: size=1, first=(t:2, i:27), METADATAENTRY(c:25)
2022-05-04 03:15:34,998 [grpc-default-executor-1] INFO  server.GrpcServerProtocolService (GrpcServerProtocolService.java:onCompleted(140)) - b8405861-e810-457b-9581-dead971c3a14: Completed APPEND_ENTRIES, lastRequest: 47ce570f-7478-41dc-b1ba-c530780a94a3->b8405861-e810-457b-9581-dead971c3a14#479-t2,previous=(t:2, i:26),leaderCommit=25,initializing? true,entries: size=1, first=(t:2, i:27), METADATAENTRY(c:25)
2022-05-04 03:15:34,996 [ForkJoinPool.commonPool-worker-0] INFO  server.RaftServer$Division (ServerState.java:close(419)) - 94eff94b-5675-4cb0-a39c-290792b903c4@group-F76310959E2C: closes. applyIndex: 0
2022-05-04 03:15:35,000 [grpc-default-executor-3] INFO  server.GrpcLogAppender (GrpcLogAppender.java:onCompleted(346)) - 47ce570f-7478-41dc-b1ba-c530780a94a3@group-2658BE16D483->94eff94b-5675-4cb0-a39c-290792b903c4-AppendLogResponseHandler: follower responses appendEntries COMPLETED
2022-05-04 03:15:35,012 [grpc-default-executor-3] INFO  leader.FollowerInfo (FollowerInfoImpl.java:lambda$new$0(47)) - 47ce570f-7478-41dc-b1ba-c530780a94a3@group-2658BE16D483->94eff94b-5675-4cb0-a39c-290792b903c4: nextIndex: updateUnconditionally 28 -> 27
2022-05-04 03:15:35,000 [grpc-default-executor-1] INFO  server.GrpcLogAppender (GrpcLogAppender.java:onCompleted(346)) - 47ce570f-7478-41dc-b1ba-c530780a94a3@group-2658BE16D483->b8405861-e810-457b-9581-dead971c3a14-AppendLogResponseHandler: follower responses appendEntries COMPLETED
2022-05-04 03:15:34,997 [Listener at 127.0.0.1/33297] INFO  impl.PendingRequests (PendingRequests.java:sendNotLeaderResponses(282)) - 47ce570f-7478-41dc-b1ba-c530780a94a3@group-2658BE16D483-PendingRequests: sendNotLeaderResponses
2022-05-04 03:15:35,013 [94eff94b-5675-4cb0-a39c-290792b903c4@group-F76310959E2C-SegmentedRaftLogWorker] INFO  segmented.SegmentedRaftLogWorker (SegmentedRaftLogWorker.java:run(327)) - 94eff94b-5675-4cb0-a39c-290792b903c4@group-F76310959E2C-SegmentedRaftLogWorker was interrupted, exiting. There are 0 tasks remaining in the queue.
2022-05-04 03:15:35,013 [grpc-default-executor-1] INFO  leader.FollowerInfo (FollowerInfoImpl.java:lambda$new$0(47)) - 47ce570f-7478-41dc-b1ba-c530780a94a3@group-2658BE16D483->b8405861-e810-457b-9581-dead971c3a14: nextIndex: updateUnconditionally 28 -> 27
2022-05-04 03:15:35,014 [Listener at 127.0.0.1/33297] INFO  impl.StateMachineUpdater (StateMachineUpdater.java:stopAndJoin(149)) - 47ce570f-7478-41dc-b1ba-c530780a94a3@group-2658BE16D483-StateMachineUpdater: set stopIndex = 27
2022-05-04 03:15:35,014 [47ce570f-7478-41dc-b1ba-c530780a94a3@group-2658BE16D483-StateMachineUpdater] INFO  ratis.ContainerStateMachine (ContainerStateMachine.java:takeSnapshot(304)) - group-2658BE16D483: Taking a snapshot at:(t:2, i:27) file /home/runner/work/ozone/ozone/hadoop-ozone/integration-test/target/test-dir/MiniOzoneClusterImpl-ffb4024d-fcb7-425a-91bb-293fa2ccb31b/datanode-2/data/ratis/5e14bdb6-1af7-401c-aab5-2658be16d483/sm/snapshot.2_27
2022-05-04 03:15:35,015 [ForkJoinPool.commonPool-worker-0] INFO  segmented.SegmentedRaftLogWorker (SegmentedRaftLogWorker.java:close(237)) - 94eff94b-5675-4cb0-a39c-290792b903c4@group-F76310959E2C-SegmentedRaftLogWorker close()
2022-05-04 03:15:35,019 [ForkJoinPool.commonPool-worker-0] INFO  server.RaftServer$Division (RaftServerImpl.java:lambda$close$4(412)) - 94eff94b-5675-4cb0-a39c-290792b903c4@group-434A2F37988D: shutdown
2022-05-04 03:15:35,019 [ForkJoinPool.commonPool-worker-0] INFO  util.JmxRegister (JmxRegister.java:unregister(73)) - Successfully un-registered JMX Bean with object name Ratis:service=RaftServer,group=group-434A2F37988D,id=94eff94b-5675-4cb0-a39c-290792b903c4
2022-05-04 03:15:35,019 [ForkJoinPool.commonPool-worker-0] INFO  impl.RoleInfo (RoleInfo.java:shutdownLeaderState(91)) - 94eff94b-5675-4cb0-a39c-290792b903c4: shutdown 94eff94b-5675-4cb0-a39c-290792b903c4@group-434A2F37988D-LeaderStateImpl
2022-05-04 03:15:35,019 [ForkJoinPool.commonPool-worker-0] INFO  impl.PendingRequests (PendingRequests.java:sendNotLeaderResponses(282)) - 94eff94b-5675-4cb0-a39c-290792b903c4@group-434A2F37988D-PendingRequests: sendNotLeaderResponses
2022-05-04 03:15:35,020 [94eff94b-5675-4cb0-a39c-290792b903c4@group-434A2F37988D->b8405861-e810-457b-9581-dead971c3a14-GrpcLogAppender-LogAppenderDaemon] WARN  server.GrpcLogAppender (GrpcLogAppender.java:mayWait(177)) - 94eff94b-5675-4cb0-a39c-290792b903c4@group-434A2F37988D->b8405861-e810-457b-9581-dead971c3a14-GrpcLogAppender: Wait interrupted by java.lang.InterruptedException
2022-05-04 03:15:35,020 [94eff94b-5675-4cb0-a39c-290792b903c4@group-434A2F37988D->47ce570f-7478-41dc-b1ba-c530780a94a3-GrpcLogAppender-LogAppenderDaemon] WARN  server.GrpcLogAppender (GrpcLogAppender.java:mayWait(177)) - 94eff94b-5675-4cb0-a39c-290792b903c4@group-434A2F37988D->47ce570f-7478-41dc-b1ba-c530780a94a3-GrpcLogAppender: Wait interrupted by java.lang.InterruptedException
2022-05-04 03:15:35,021 [grpc-default-executor-1] INFO  server.GrpcServerProtocolService (GrpcServerProtocolService.java:onCompleted(140)) - b8405861-e810-457b-9581-dead971c3a14: Completed APPEND_ENTRIES, lastRequest: 94eff94b-5675-4cb0-a39c-290792b903c4->b8405861-e810-457b-9581-dead971c3a14#33-t3,previous=(t:3, i:3),leaderCommit=2,initializing? true,entries: size=1, first=(t:3, i:4), METADATAENTRY(c:2)
2022-05-04 03:15:35,021 [grpc-default-executor-3] INFO  server.GrpcServerProtocolService (GrpcServerProtocolService.java:onCompleted(140)) - 47ce570f-7478-41dc-b1ba-c530780a94a3: Completed APPEND_ENTRIES, lastRequest: 94eff94b-5675-4cb0-a39c-290792b903c4->47ce570f-7478-41dc-b1ba-c530780a94a3#13-t3,previous=(t:3, i:3),leaderCommit=2,initializing? true,entries: size=1, first=(t:3, i:4), METADATAENTRY(c:2)
2022-05-04 03:15:35,021 [grpc-default-executor-2] INFO  server.GrpcLogAppender (GrpcLogAppender.java:onCompleted(346)) - 94eff94b-5675-4cb0-a39c-290792b903c4@group-434A2F37988D->b8405861-e810-457b-9581-dead971c3a14-AppendLogResponseHandler: follower responses appendEntries COMPLETED
2022-05-04 03:15:35,021 [grpc-default-executor-2] INFO  leader.FollowerInfo (FollowerInfoImpl.java:lambda$new$0(47)) - 94eff94b-5675-4cb0-a39c-290792b903c4@group-434A2F37988D->b8405861-e810-457b-9581-dead971c3a14: nextIndex: updateUnconditionally 5 -> 4
2022-05-04 03:15:35,022 [grpc-default-executor-0] INFO  server.GrpcLogAppender (GrpcLogAppender.java:onCompleted(346)) - 94eff94b-5675-4cb0-a39c-290792b903c4@group-434A2F37988D->47ce570f-7478-41dc-b1ba-c530780a94a3-AppendLogResponseHandler: follower responses appendEntries COMPLETED
2022-05-04 03:15:35,022 [grpc-default-executor-0] INFO  leader.FollowerInfo (FollowerInfoImpl.java:lambda$new$0(47)) - 94eff94b-5675-4cb0-a39c-290792b903c4@group-434A2F37988D->47ce570f-7478-41dc-b1ba-c530780a94a3: nextIndex: updateUnconditionally 5 -> 4
2022-05-04 03:15:35,036 [47ce570f-7478-41dc-b1ba-c530780a94a3@group-2658BE16D483-StateMachineUpdater] INFO  ratis.ContainerStateMachine (ContainerStateMachine.java:takeSnapshot(315)) - group-2658BE16D483: Finished taking a snapshot at:(t:2, i:27) file:/home/runner/work/ozone/ozone/hadoop-ozone/integration-test/target/test-dir/MiniOzoneClusterImpl-ffb4024d-fcb7-425a-91bb-293fa2ccb31b/datanode-2/data/ratis/5e14bdb6-1af7-401c-aab5-2658be16d483/sm/snapshot.2_27 took: 22 ms
2022-05-04 03:15:35,036 [47ce570f-7478-41dc-b1ba-c530780a94a3@group-2658BE16D483-StateMachineUpdater] INFO  impl.StateMachineUpdater (StateMachineUpdater.java:takeSnapshot(281)) - 47ce570f-7478-41dc-b1ba-c530780a94a3@group-2658BE16D483-StateMachineUpdater: Took a snapshot at index 27
2022-05-04 03:15:35,036 [47ce570f-7478-41dc-b1ba-c530780a94a3@group-2658BE16D483-StateMachineUpdater] INFO  impl.StateMachineUpdater (StateMachineUpdater.java:lambda$new$0(89)) - 47ce570f-7478-41dc-b1ba-c530780a94a3@group-2658BE16D483-StateMachineUpdater: snapshotIndex: updateIncreasingly -1 -> 27
2022-05-04 03:15:35,037 [Listener at 127.0.0.1/33297] INFO  server.RaftServer$Division (ServerState.java:close(419)) - 47ce570f-7478-41dc-b1ba-c530780a94a3@group-2658BE16D483: closes. applyIndex: 27
2022-05-04 03:15:35,037 [47ce570f-7478-41dc-b1ba-c530780a94a3@group-2658BE16D483-SegmentedRaftLogWorker] INFO  segmented.SegmentedRaftLogWorker (SegmentedRaftLogWorker.java:run(327)) - 47ce570f-7478-41dc-b1ba-c530780a94a3@group-2658BE16D483-SegmentedRaftLogWorker was interrupted, exiting. There are 0 tasks remaining in the queue.
2022-05-04 03:15:35,040 [Listener at 127.0.0.1/33297] INFO  segmented.SegmentedRaftLogWorker (SegmentedRaftLogWorker.java:close(237)) - 47ce570f-7478-41dc-b1ba-c530780a94a3@group-2658BE16D483-SegmentedRaftLogWorker close()
2022-05-04 03:15:35,064 [ForkJoinPool.commonPool-worker-0] INFO  impl.StateMachineUpdater (StateMachineUpdater.java:stopAndJoin(149)) - 94eff94b-5675-4cb0-a39c-290792b903c4@group-434A2F37988D-StateMachineUpdater: set stopIndex = 4
2022-05-04 03:15:35,064 [Listener at 127.0.0.1/33297] INFO  server.RaftServer$Division (RaftServerImpl.java:lambda$close$4(412)) - 47ce570f-7478-41dc-b1ba-c530780a94a3@group-434A2F37988D: shutdown
2022-05-04 03:15:35,065 [Listener at 127.0.0.1/33297] INFO  util.JmxRegister (JmxRegister.java:unregister(73)) - Successfully un-registered JMX Bean with object name Ratis:service=RaftServer,group=group-434A2F37988D,id=47ce570f-7478-41dc-b1ba-c530780a94a3
2022-05-04 03:15:35,065 [Listener at 127.0.0.1/33297] INFO  impl.RoleInfo (RoleInfo.java:shutdownFollowerState(108)) - 47ce570f-7478-41dc-b1ba-c530780a94a3: shutdown 47ce570f-7478-41dc-b1ba-c530780a94a3@group-434A2F37988D-FollowerState
2022-05-04 03:15:35,065 [Listener at 127.0.0.1/33297] INFO  impl.StateMachineUpdater (StateMachineUpdater.java:stopAndJoin(149)) - 47ce570f-7478-41dc-b1ba-c530780a94a3@group-434A2F37988D-StateMachineUpdater: set stopIndex = 4
2022-05-04 03:15:35,065 [47ce570f-7478-41dc-b1ba-c530780a94a3@group-434A2F37988D-FollowerState] INFO  impl.FollowerState (FollowerState.java:run(143)) - 47ce570f-7478-41dc-b1ba-c530780a94a3@group-434A2F37988D-FollowerState was interrupted: {}
java.lang.InterruptedException: sleep interrupted
	at java.lang.Thread.sleep(Native Method)
	at java.lang.Thread.sleep(Thread.java:342)
	at java.util.concurrent.TimeUnit.sleep(TimeUnit.java:386)
	at org.apache.ratis.util.TimeDuration.sleep(TimeDuration.java:324)
	at org.apache.ratis.util.TimeDuration.sleep(TimeDuration.java:309)
	at org.apache.ratis.server.impl.FollowerState.run(FollowerState.java:118)
2022-05-04 03:15:35,065 [94eff94b-5675-4cb0-a39c-290792b903c4@group-434A2F37988D-StateMachineUpdater] INFO  ratis.ContainerStateMachine (ContainerStateMachine.java:takeSnapshot(304)) - group-434A2F37988D: Taking a snapshot at:(t:3, i:4) file /home/runner/work/ozone/ozone/hadoop-ozone/integration-test/target/test-dir/MiniOzoneClusterImpl-ffb4024d-fcb7-425a-91bb-293fa2ccb31b/datanode-1/data/ratis/2dd32b67-cc0f-44e5-bc57-434a2f37988d/sm/snapshot.3_4
2022-05-04 03:15:35,084 [47ce570f-7478-41dc-b1ba-c530780a94a3@group-434A2F37988D-StateMachineUpdater] INFO  ratis.ContainerStateMachine (ContainerStateMachine.java:takeSnapshot(304)) - group-434A2F37988D: Taking a snapshot at:(t:3, i:4) file /home/runner/work/ozone/ozone/hadoop-ozone/integration-test/target/test-dir/MiniOzoneClusterImpl-ffb4024d-fcb7-425a-91bb-293fa2ccb31b/datanode-2/data/ratis/2dd32b67-cc0f-44e5-bc57-434a2f37988d/sm/snapshot.3_4
2022-05-04 03:15:35,085 [47ce570f-7478-41dc-b1ba-c530780a94a3@group-434A2F37988D-StateMachineUpdater] INFO  ratis.ContainerStateMachine (ContainerStateMachine.java:takeSnapshot(315)) - group-434A2F37988D: Finished taking a snapshot at:(t:3, i:4) file:/home/runner/work/ozone/ozone/hadoop-ozone/integration-test/target/test-dir/MiniOzoneClusterImpl-ffb4024d-fcb7-425a-91bb-293fa2ccb31b/datanode-2/data/ratis/2dd32b67-cc0f-44e5-bc57-434a2f37988d/sm/snapshot.3_4 took: 1 ms
2022-05-04 03:15:35,086 [47ce570f-7478-41dc-b1ba-c530780a94a3@group-434A2F37988D-StateMachineUpdater] INFO  impl.StateMachineUpdater (StateMachineUpdater.java:takeSnapshot(281)) - 47ce570f-7478-41dc-b1ba-c530780a94a3@group-434A2F37988D-StateMachineUpdater: Took a snapshot at index 4
2022-05-04 03:15:35,086 [47ce570f-7478-41dc-b1ba-c530780a94a3@group-434A2F37988D-StateMachineUpdater] INFO  impl.StateMachineUpdater (StateMachineUpdater.java:lambda$new$0(89)) - 47ce570f-7478-41dc-b1ba-c530780a94a3@group-434A2F37988D-StateMachineUpdater: snapshotIndex: updateIncreasingly -1 -> 4
2022-05-04 03:15:35,086 [94eff94b-5675-4cb0-a39c-290792b903c4@group-434A2F37988D-StateMachineUpdater] INFO  ratis.ContainerStateMachine (ContainerStateMachine.java:takeSnapshot(315)) - group-434A2F37988D: Finished taking a snapshot at:(t:3, i:4) file:/home/runner/work/ozone/ozone/hadoop-ozone/integration-test/target/test-dir/MiniOzoneClusterImpl-ffb4024d-fcb7-425a-91bb-293fa2ccb31b/datanode-1/data/ratis/2dd32b67-cc0f-44e5-bc57-434a2f37988d/sm/snapshot.3_4 took: 21 ms
2022-05-04 03:15:35,087 [94eff94b-5675-4cb0-a39c-290792b903c4@group-434A2F37988D-StateMachineUpdater] INFO  impl.StateMachineUpdater (StateMachineUpdater.java:takeSnapshot(281)) - 94eff94b-5675-4cb0-a39c-290792b903c4@group-434A2F37988D-StateMachineUpdater: Took a snapshot at index 4
2022-05-04 03:15:35,087 [94eff94b-5675-4cb0-a39c-290792b903c4@group-434A2F37988D-StateMachineUpdater] INFO  impl.StateMachineUpdater (StateMachineUpdater.java:lambda$new$0(89)) - 94eff94b-5675-4cb0-a39c-290792b903c4@group-434A2F37988D-StateMachineUpdater: snapshotIndex: updateIncreasingly -1 -> 4
2022-05-04 03:15:35,087 [ForkJoinPool.commonPool-worker-0] INFO  server.RaftServer$Division (ServerState.java:close(419)) - 94eff94b-5675-4cb0-a39c-290792b903c4@group-434A2F37988D: closes. applyIndex: 4
2022-05-04 03:15:35,087 [94eff94b-5675-4cb0-a39c-290792b903c4@group-434A2F37988D-SegmentedRaftLogWorker] INFO  segmented.SegmentedRaftLogWorker (SegmentedRaftLogWorker.java:run(327)) - 94eff94b-5675-4cb0-a39c-290792b903c4@group-434A2F37988D-SegmentedRaftLogWorker was interrupted, exiting. There are 0 tasks remaining in the queue.
2022-05-04 03:15:35,088 [Listener at 127.0.0.1/33297] INFO  server.RaftServer$Division (ServerState.java:close(419)) - 47ce570f-7478-41dc-b1ba-c530780a94a3@group-434A2F37988D: closes. applyIndex: 4
2022-05-04 03:15:35,088 [47ce570f-7478-41dc-b1ba-c530780a94a3@group-434A2F37988D-SegmentedRaftLogWorker] INFO  segmented.SegmentedRaftLogWorker (SegmentedRaftLogWorker.java:run(327)) - 47ce570f-7478-41dc-b1ba-c530780a94a3@group-434A2F37988D-SegmentedRaftLogWorker was interrupted, exiting. There are 0 tasks remaining in the queue.
2022-05-04 03:15:35,127 [ForkJoinPool.commonPool-worker-0] INFO  segmented.SegmentedRaftLogWorker (SegmentedRaftLogWorker.java:close(237)) - 94eff94b-5675-4cb0-a39c-290792b903c4@group-434A2F37988D-SegmentedRaftLogWorker close()
2022-05-04 03:15:35,127 [Listener at 127.0.0.1/33297] INFO  segmented.SegmentedRaftLogWorker (SegmentedRaftLogWorker.java:close(237)) - 47ce570f-7478-41dc-b1ba-c530780a94a3@group-434A2F37988D-SegmentedRaftLogWorker close()
2022-05-04 03:15:35,129 [ForkJoinPool.commonPool-worker-0] INFO  server.GrpcService (GrpcService.java:closeImpl(262)) - 94eff94b-5675-4cb0-a39c-290792b903c4: shutdown server with port 35275 now
2022-05-04 03:15:35,129 [Listener at 127.0.0.1/33297] INFO  server.RaftServer$Division (RaftServerImpl.java:lambda$close$4(412)) - 47ce570f-7478-41dc-b1ba-c530780a94a3@group-3233C63FDC2B: shutdown
2022-05-04 03:15:35,129 [Listener at 127.0.0.1/33297] INFO  util.JmxRegister (JmxRegister.java:unregister(73)) - Successfully un-registered JMX Bean with object name Ratis:service=RaftServer,group=group-3233C63FDC2B,id=47ce570f-7478-41dc-b1ba-c530780a94a3
2022-05-04 03:15:35,129 [Listener at 127.0.0.1/33297] INFO  impl.RoleInfo (RoleInfo.java:shutdownLeaderState(91)) - 47ce570f-7478-41dc-b1ba-c530780a94a3: shutdown 47ce570f-7478-41dc-b1ba-c530780a94a3@group-3233C63FDC2B-LeaderStateImpl
2022-05-04 03:15:35,130 [Listener at 127.0.0.1/33297] INFO  impl.PendingRequests (PendingRequests.java:sendNotLeaderResponses(282)) - 47ce570f-7478-41dc-b1ba-c530780a94a3@group-3233C63FDC2B-PendingRequests: sendNotLeaderResponses
2022-05-04 03:15:35,131 [Listener at 127.0.0.1/33297] INFO  impl.StateMachineUpdater (StateMachineUpdater.java:stopAndJoin(149)) - 47ce570f-7478-41dc-b1ba-c530780a94a3@group-3233C63FDC2B-StateMachineUpdater: set stopIndex = 0
2022-05-04 03:15:35,131 [47ce570f-7478-41dc-b1ba-c530780a94a3@group-3233C63FDC2B-StateMachineUpdater] INFO  ratis.ContainerStateMachine (ContainerStateMachine.java:takeSnapshot(304)) - group-3233C63FDC2B: Taking a snapshot at:(t:1, i:0) file /home/runner/work/ozone/ozone/hadoop-ozone/integration-test/target/test-dir/MiniOzoneClusterImpl-ffb4024d-fcb7-425a-91bb-293fa2ccb31b/datanode-2/data/ratis/13d04322-aee8-4567-b861-3233c63fdc2b/sm/snapshot.1_0
2022-05-04 03:15:35,134 [47ce570f-7478-41dc-b1ba-c530780a94a3@group-3233C63FDC2B-StateMachineUpdater] INFO  ratis.ContainerStateMachine (ContainerStateMachine.java:takeSnapshot(315)) - group-3233C63FDC2B: Finished taking a snapshot at:(t:1, i:0) file:/home/runner/work/ozone/ozone/hadoop-ozone/integration-test/target/test-dir/MiniOzoneClusterImpl-ffb4024d-fcb7-425a-91bb-293fa2ccb31b/datanode-2/data/ratis/13d04322-aee8-4567-b861-3233c63fdc2b/sm/snapshot.1_0 took: 1 ms
2022-05-04 03:15:35,134 [47ce570f-7478-41dc-b1ba-c530780a94a3@group-3233C63FDC2B-StateMachineUpdater] INFO  impl.StateMachineUpdater (StateMachineUpdater.java:takeSnapshot(281)) - 47ce570f-7478-41dc-b1ba-c530780a94a3@group-3233C63FDC2B-StateMachineUpdater: Took a snapshot at index 0
2022-05-04 03:15:35,134 [47ce570f-7478-41dc-b1ba-c530780a94a3@group-3233C63FDC2B-StateMachineUpdater] INFO  impl.StateMachineUpdater (StateMachineUpdater.java:lambda$new$0(89)) - 47ce570f-7478-41dc-b1ba-c530780a94a3@group-3233C63FDC2B-StateMachineUpdater: snapshotIndex: updateIncreasingly -1 -> 0
2022-05-04 03:15:35,151 [Listener at 127.0.0.1/33297] INFO  server.RaftServer$Division (ServerState.java:close(419)) - 47ce570f-7478-41dc-b1ba-c530780a94a3@group-3233C63FDC2B: closes. applyIndex: 0
2022-05-04 03:15:35,152 [47ce570f-7478-41dc-b1ba-c530780a94a3@group-3233C63FDC2B-SegmentedRaftLogWorker] INFO  segmented.SegmentedRaftLogWorker (SegmentedRaftLogWorker.java:run(327)) - 47ce570f-7478-41dc-b1ba-c530780a94a3@group-3233C63FDC2B-SegmentedRaftLogWorker was interrupted, exiting. There are 0 tasks remaining in the queue.
2022-05-04 03:15:35,152 [Listener at 127.0.0.1/33297] INFO  segmented.SegmentedRaftLogWorker (SegmentedRaftLogWorker.java:close(237)) - 47ce570f-7478-41dc-b1ba-c530780a94a3@group-3233C63FDC2B-SegmentedRaftLogWorker close()
2022-05-04 03:15:35,160 [ForkJoinPool.commonPool-worker-0] INFO  server.GrpcService (GrpcService.java:closeImpl(271)) - 94eff94b-5675-4cb0-a39c-290792b903c4: shutdown server with port 35275 successfully
2022-05-04 03:15:35,160 [org.apache.ratis.util.JvmPauseMonitor$$Lambda$565/1325392746@32670119] INFO  util.JvmPauseMonitor (JvmPauseMonitor.java:run(109)) - JvmPauseMonitor-94eff94b-5675-4cb0-a39c-290792b903c4: Stopped
2022-05-04 03:15:35,175 [Listener at 127.0.0.1/33297] INFO  server.GrpcService (GrpcService.java:closeImpl(262)) - 47ce570f-7478-41dc-b1ba-c530780a94a3: shutdown server with port 40881 now
2022-05-04 03:15:35,186 [Listener at 127.0.0.1/33297] INFO  server.GrpcService (GrpcService.java:closeImpl(271)) - 47ce570f-7478-41dc-b1ba-c530780a94a3: shutdown server with port 40881 successfully
2022-05-04 03:15:35,186 [org.apache.ratis.util.JvmPauseMonitor$$Lambda$565/1325392746@5ba35559] INFO  util.JvmPauseMonitor (JvmPauseMonitor.java:run(109)) - JvmPauseMonitor-47ce570f-7478-41dc-b1ba-c530780a94a3: Stopped
2022-05-04 03:15:37,215 [Listener at 127.0.0.1/33297] INFO  utils.BackgroundService (BackgroundService.java:shutdown(132)) - Shutting down service BlockDeletingService
2022-05-04 03:15:37,217 [ForkJoinPool.commonPool-worker-0] INFO  utils.BackgroundService (BackgroundService.java:shutdown(132)) - Shutting down service BlockDeletingService
2022-05-04 03:15:40,233 [ForkJoinPool.commonPool-worker-0] INFO  statemachine.DatanodeStateMachine (DatanodeStateMachine.java:stopDaemon(560)) - Ozone container server stopped.
2022-05-04 03:15:40,236 [Listener at 127.0.0.1/33297] INFO  statemachine.DatanodeStateMachine (DatanodeStateMachine.java:stopDaemon(560)) - Ozone container server stopped.
2022-05-04 03:15:40,296 [Listener at 127.0.0.1/33297] INFO  handler.ContextHandler (ContextHandler.java:doStop(1153)) - Stopped o.e.j.w.WebAppContext@7c0a99ed{hddsDatanode,/,null,STOPPED}{jar:file:/home/runner/.m2/repository/org/apache/ozone/hdds-container-service/1.3.0-SNAPSHOT/hdds-container-service-1.3.0-SNAPSHOT.jar!/webapps/hddsDatanode}
2022-05-04 03:15:40,297 [Listener at 127.0.0.1/33297] INFO  server.AbstractConnector (AbstractConnector.java:doStop(381)) - Stopped ServerConnector@6c097c50{HTTP/1.1, (http/1.1)}{0.0.0.0:0}
2022-05-04 03:15:40,298 [Listener at 127.0.0.1/33297] INFO  server.session (HouseKeeper.java:stopScavenging(149)) - node0 Stopped scavenging
2022-05-04 03:15:40,298 [Listener at 127.0.0.1/33297] INFO  handler.ContextHandler (ContextHandler.java:doStop(1153)) - Stopped o.e.j.s.ServletContextHandler@61fd8c74{static,/static,jar:file:/home/runner/.m2/repository/org/apache/ozone/hdds-container-service/1.3.0-SNAPSHOT/hdds-container-service-1.3.0-SNAPSHOT.jar!/webapps/static,STOPPED}
2022-05-04 03:15:40,305 [Listener at 127.0.0.1/33297] INFO  handler.ContextHandler (ContextHandler.java:doStop(1153)) - Stopped o.e.j.s.ServletContextHandler@491dfd8e{logs,/logs,file:///home/runner/work/ozone/ozone/hadoop-ozone/integration-test/target/log,STOPPED}
2022-05-04 03:15:40,324 [ForkJoinPool.commonPool-worker-0] INFO  handler.ContextHandler (ContextHandler.java:doStop(1153)) - Stopped o.e.j.w.WebAppContext@28d8ac67{hddsDatanode,/,null,STOPPED}{jar:file:/home/runner/.m2/repository/org/apache/ozone/hdds-container-service/1.3.0-SNAPSHOT/hdds-container-service-1.3.0-SNAPSHOT.jar!/webapps/hddsDatanode}
2022-05-04 03:15:40,325 [ForkJoinPool.commonPool-worker-0] INFO  server.AbstractConnector (AbstractConnector.java:doStop(381)) - Stopped ServerConnector@1ba5b2a8{HTTP/1.1, (http/1.1)}{0.0.0.0:0}
2022-05-04 03:15:40,325 [ForkJoinPool.commonPool-worker-0] INFO  server.session (HouseKeeper.java:stopScavenging(149)) - node0 Stopped scavenging
2022-05-04 03:15:40,343 [ForkJoinPool.commonPool-worker-0] INFO  handler.ContextHandler (ContextHandler.java:doStop(1153)) - Stopped o.e.j.s.ServletContextHandler@5d0a60f1{static,/static,jar:file:/home/runner/.m2/repository/org/apache/ozone/hdds-container-service/1.3.0-SNAPSHOT/hdds-container-service-1.3.0-SNAPSHOT.jar!/webapps/static,STOPPED}
2022-05-04 03:15:40,353 [ForkJoinPool.commonPool-worker-0] INFO  handler.ContextHandler (ContextHandler.java:doStop(1153)) - Stopped o.e.j.s.ServletContextHandler@226dfffd{logs,/logs,file:///home/runner/work/ozone/ozone/hadoop-ozone/integration-test/target/log,STOPPED}
2022-05-04 03:15:40,388 [b8405861-e810-457b-9581-dead971c3a14@group-434A2F37988D-FollowerState] INFO  impl.FollowerState (FollowerState.java:run(134)) - b8405861-e810-457b-9581-dead971c3a14@group-434A2F37988D-FollowerState: change to CANDIDATE, lastRpcElapsedTime:7258830391ns, electionTimeout:5091ms
2022-05-04 03:15:40,388 [b8405861-e810-457b-9581-dead971c3a14@group-434A2F37988D-FollowerState] INFO  impl.RoleInfo (RoleInfo.java:shutdownFollowerState(108)) - b8405861-e810-457b-9581-dead971c3a14: shutdown b8405861-e810-457b-9581-dead971c3a14@group-434A2F37988D-FollowerState
2022-05-04 03:15:40,388 [b8405861-e810-457b-9581-dead971c3a14@group-434A2F37988D-FollowerState] INFO  server.RaftServer$Division (RaftServerImpl.java:setRole(290)) - b8405861-e810-457b-9581-dead971c3a14@group-434A2F37988D: changes role from  FOLLOWER to CANDIDATE at term 3 for changeToCandidate
2022-05-04 03:15:40,388 [b8405861-e810-457b-9581-dead971c3a14@group-434A2F37988D-FollowerState] INFO  server.RaftServerConfigKeys (ConfUtils.java:logGet(44)) - raft.server.leaderelection.pre-vote = false (custom)
2022-05-04 03:15:40,388 [b8405861-e810-457b-9581-dead971c3a14@group-434A2F37988D-FollowerState] INFO  impl.RoleInfo (RoleInfo.java:updateAndGet(130)) - b8405861-e810-457b-9581-dead971c3a14: start b8405861-e810-457b-9581-dead971c3a14@group-434A2F37988D-LeaderElection46
2022-05-04 03:15:40,400 [b8405861-e810-457b-9581-dead971c3a14@group-434A2F37988D-LeaderElection46] INFO  server.RaftServer$Division (ServerState.java:setLeader(285)) - b8405861-e810-457b-9581-dead971c3a14@group-434A2F37988D: change Leader from 94eff94b-5675-4cb0-a39c-290792b903c4 to null at term 3 for ELECTION
2022-05-04 03:15:40,406 [b8405861-e810-457b-9581-dead971c3a14@group-434A2F37988D-LeaderElection46] INFO  impl.LeaderElection (LeaderElection.java:askForVotes(306)) - b8405861-e810-457b-9581-dead971c3a14@group-434A2F37988D-LeaderElection46 ELECTION round 0: submit vote requests at term 4 for 0: [47ce570f-7478-41dc-b1ba-c530780a94a3|rpc:10.1.0.22:40881|dataStream:|priority:0, b8405861-e810-457b-9581-dead971c3a14|rpc:10.1.0.22:40547|dataStream:|priority:0, 94eff94b-5675-4cb0-a39c-290792b903c4|rpc:10.1.0.22:35275|dataStream:|priority:1], old=null
2022-05-04 03:15:40,408 [b8405861-e810-457b-9581-dead971c3a14@group-434A2F37988D-LeaderElection46] INFO  impl.LeaderElection (LogUtils.java:infoOrTrace(137)) - b8405861-e810-457b-9581-dead971c3a14@group-434A2F37988D-LeaderElection46 got exception when requesting votes: java.util.concurrent.ExecutionException: org.apache.ratis.thirdparty.io.grpc.StatusRuntimeException: UNAVAILABLE: io exception
2022-05-04 03:15:40,411 [b8405861-e810-457b-9581-dead971c3a14@group-434A2F37988D-LeaderElection46] INFO  impl.LeaderElection (LogUtils.java:infoOrTrace(137)) - b8405861-e810-457b-9581-dead971c3a14@group-434A2F37988D-LeaderElection46 got exception when requesting votes: java.util.concurrent.ExecutionException: org.apache.ratis.thirdparty.io.grpc.StatusRuntimeException: UNAVAILABLE: io exception
2022-05-04 03:15:40,411 [b8405861-e810-457b-9581-dead971c3a14@group-434A2F37988D-LeaderElection46] INFO  impl.LeaderElection (LeaderElection.java:logAndReturn(89)) - b8405861-e810-457b-9581-dead971c3a14@group-434A2F37988D-LeaderElection46: ELECTION REJECTED received 0 response(s) and 2 exception(s):
2022-05-04 03:15:40,411 [b8405861-e810-457b-9581-dead971c3a14@group-434A2F37988D-LeaderElection46] INFO  impl.LeaderElection (LogUtils.java:infoOrTrace(137)) -   Exception 0: java.util.concurrent.ExecutionException: org.apache.ratis.thirdparty.io.grpc.StatusRuntimeException: UNAVAILABLE: io exception
2022-05-04 03:15:40,411 [b8405861-e810-457b-9581-dead971c3a14@group-434A2F37988D-LeaderElection46] INFO  impl.LeaderElection (LogUtils.java:infoOrTrace(137)) -   Exception 1: java.util.concurrent.ExecutionException: org.apache.ratis.thirdparty.io.grpc.StatusRuntimeException: UNAVAILABLE: io exception
2022-05-04 03:15:40,411 [b8405861-e810-457b-9581-dead971c3a14@group-434A2F37988D-LeaderElection46] INFO  impl.LeaderElection (LeaderElection.java:askForVotes(308)) - b8405861-e810-457b-9581-dead971c3a14@group-434A2F37988D-LeaderElection46 ELECTION round 0: result REJECTED
2022-05-04 03:15:40,411 [b8405861-e810-457b-9581-dead971c3a14@group-434A2F37988D-LeaderElection46] INFO  server.RaftServer$Division (RaftServerImpl.java:setRole(290)) - b8405861-e810-457b-9581-dead971c3a14@group-434A2F37988D: changes role from CANDIDATE to FOLLOWER at term 4 for REJECTED
2022-05-04 03:15:40,411 [b8405861-e810-457b-9581-dead971c3a14@group-434A2F37988D-LeaderElection46] INFO  impl.RoleInfo (RoleInfo.java:shutdownLeaderElection(121)) - b8405861-e810-457b-9581-dead971c3a14: shutdown b8405861-e810-457b-9581-dead971c3a14@group-434A2F37988D-LeaderElection46
2022-05-04 03:15:40,411 [b8405861-e810-457b-9581-dead971c3a14@group-434A2F37988D-LeaderElection46] INFO  impl.RoleInfo (RoleInfo.java:updateAndGet(130)) - b8405861-e810-457b-9581-dead971c3a14: start b8405861-e810-457b-9581-dead971c3a14@group-434A2F37988D-FollowerState
2022-05-04 03:15:44,731 [b8405861-e810-457b-9581-dead971c3a14@group-2658BE16D483-FollowerState] INFO  impl.FollowerState (FollowerState.java:run(134)) - b8405861-e810-457b-9581-dead971c3a14@group-2658BE16D483-FollowerState: change to CANDIDATE, lastRpcElapsedTime:9931118063ns, electionTimeout:5081ms
2022-05-04 03:15:44,731 [b8405861-e810-457b-9581-dead971c3a14@group-2658BE16D483-FollowerState] INFO  impl.RoleInfo (RoleInfo.java:shutdownFollowerState(108)) - b8405861-e810-457b-9581-dead971c3a14: shutdown b8405861-e810-457b-9581-dead971c3a14@group-2658BE16D483-FollowerState
2022-05-04 03:15:44,731 [b8405861-e810-457b-9581-dead971c3a14@group-2658BE16D483-FollowerState] INFO  server.RaftServer$Division (RaftServerImpl.java:setRole(290)) - b8405861-e810-457b-9581-dead971c3a14@group-2658BE16D483: changes role from  FOLLOWER to CANDIDATE at term 2 for changeToCandidate
2022-05-04 03:15:44,732 [b8405861-e810-457b-9581-dead971c3a14@group-2658BE16D483-FollowerState] INFO  server.RaftServerConfigKeys (ConfUtils.java:logGet(44)) - raft.server.leaderelection.pre-vote = false (custom)
2022-05-04 03:15:44,732 [b8405861-e810-457b-9581-dead971c3a14@group-2658BE16D483-FollowerState] INFO  impl.RoleInfo (RoleInfo.java:updateAndGet(130)) - b8405861-e810-457b-9581-dead971c3a14: start b8405861-e810-457b-9581-dead971c3a14@group-2658BE16D483-LeaderElection47
2022-05-04 03:15:44,737 [b8405861-e810-457b-9581-dead971c3a14@group-2658BE16D483-LeaderElection47] INFO  server.RaftServer$Division (ServerState.java:setLeader(285)) - b8405861-e810-457b-9581-dead971c3a14@group-2658BE16D483: change Leader from 47ce570f-7478-41dc-b1ba-c530780a94a3 to null at term 2 for ELECTION
2022-05-04 03:15:44,744 [b8405861-e810-457b-9581-dead971c3a14@group-2658BE16D483-LeaderElection47] INFO  impl.LeaderElection (LeaderElection.java:askForVotes(306)) - b8405861-e810-457b-9581-dead971c3a14@group-2658BE16D483-LeaderElection47 ELECTION round 0: submit vote requests at term 3 for 0: [47ce570f-7478-41dc-b1ba-c530780a94a3|rpc:10.1.0.22:40881|dataStream:|priority:1, b8405861-e810-457b-9581-dead971c3a14|rpc:10.1.0.22:40547|dataStream:|priority:0, 94eff94b-5675-4cb0-a39c-290792b903c4|rpc:10.1.0.22:35275|dataStream:|priority:0], old=null
2022-05-04 03:15:44,749 [b8405861-e810-457b-9581-dead971c3a14@group-2658BE16D483-LeaderElection47] INFO  impl.LeaderElection (LogUtils.java:infoOrTrace(137)) - b8405861-e810-457b-9581-dead971c3a14@group-2658BE16D483-LeaderElection47 got exception when requesting votes: java.util.concurrent.ExecutionException: org.apache.ratis.thirdparty.io.grpc.StatusRuntimeException: UNAVAILABLE: io exception
2022-05-04 03:15:44,750 [b8405861-e810-457b-9581-dead971c3a14@group-2658BE16D483-LeaderElection47] INFO  impl.LeaderElection (LogUtils.java:infoOrTrace(137)) - b8405861-e810-457b-9581-dead971c3a14@group-2658BE16D483-LeaderElection47 got exception when requesting votes: java.util.concurrent.ExecutionException: org.apache.ratis.thirdparty.io.grpc.StatusRuntimeException: UNAVAILABLE: io exception
2022-05-04 03:15:44,750 [b8405861-e810-457b-9581-dead971c3a14@group-2658BE16D483-LeaderElection47] INFO  impl.LeaderElection (LeaderElection.java:logAndReturn(89)) - b8405861-e810-457b-9581-dead971c3a14@group-2658BE16D483-LeaderElection47: ELECTION REJECTED received 0 response(s) and 2 exception(s):
2022-05-04 03:15:44,750 [b8405861-e810-457b-9581-dead971c3a14@group-2658BE16D483-LeaderElection47] INFO  impl.LeaderElection (LogUtils.java:infoOrTrace(137)) -   Exception 0: java.util.concurrent.ExecutionException: org.apache.ratis.thirdparty.io.grpc.StatusRuntimeException: UNAVAILABLE: io exception
2022-05-04 03:15:44,750 [b8405861-e810-457b-9581-dead971c3a14@group-2658BE16D483-LeaderElection47] INFO  impl.LeaderElection (LogUtils.java:infoOrTrace(137)) -   Exception 1: java.util.concurrent.ExecutionException: org.apache.ratis.thirdparty.io.grpc.StatusRuntimeException: UNAVAILABLE: io exception
2022-05-04 03:15:44,750 [b8405861-e810-457b-9581-dead971c3a14@group-2658BE16D483-LeaderElection47] INFO  impl.LeaderElection (LeaderElection.java:askForVotes(308)) - b8405861-e810-457b-9581-dead971c3a14@group-2658BE16D483-LeaderElection47 ELECTION round 0: result REJECTED
2022-05-04 03:15:44,750 [b8405861-e810-457b-9581-dead971c3a14@group-2658BE16D483-LeaderElection47] INFO  server.RaftServer$Division (RaftServerImpl.java:setRole(290)) - b8405861-e810-457b-9581-dead971c3a14@group-2658BE16D483: changes role from CANDIDATE to FOLLOWER at term 3 for REJECTED
2022-05-04 03:15:44,750 [b8405861-e810-457b-9581-dead971c3a14@group-2658BE16D483-LeaderElection47] INFO  impl.RoleInfo (RoleInfo.java:shutdownLeaderElection(121)) - b8405861-e810-457b-9581-dead971c3a14: shutdown b8405861-e810-457b-9581-dead971c3a14@group-2658BE16D483-LeaderElection47
2022-05-04 03:15:44,750 [b8405861-e810-457b-9581-dead971c3a14@group-2658BE16D483-LeaderElection47] INFO  impl.RoleInfo (RoleInfo.java:updateAndGet(130)) - b8405861-e810-457b-9581-dead971c3a14: start b8405861-e810-457b-9581-dead971c3a14@group-2658BE16D483-FollowerState
2022-05-04 03:15:45,314 [Listener at 127.0.0.1/33297] INFO  ozoneimpl.OzoneContainer (OzoneContainer.java:stop(356)) - Attempting to stop container services.
2022-05-04 03:15:45,322 [Listener at 127.0.0.1/33297] INFO  server.RaftServer (RaftServerProxy.java:lambda$close$6(391)) - 98143395-768c-4dea-963c-0497ad077c38: close
2022-05-04 03:15:45,323 [Listener at 127.0.0.1/33297] INFO  server.RaftServer$Division (RaftServerImpl.java:lambda$close$4(412)) - 98143395-768c-4dea-963c-0497ad077c38@group-5A3EFDE4E84D: shutdown
2022-05-04 03:15:45,323 [Listener at 127.0.0.1/33297] INFO  util.JmxRegister (JmxRegister.java:unregister(73)) - Successfully un-registered JMX Bean with object name Ratis:service=RaftServer,group=group-5A3EFDE4E84D,id=98143395-768c-4dea-963c-0497ad077c38
2022-05-04 03:15:45,323 [Listener at 127.0.0.1/33297] INFO  impl.RoleInfo (RoleInfo.java:shutdownLeaderState(91)) - 98143395-768c-4dea-963c-0497ad077c38: shutdown 98143395-768c-4dea-963c-0497ad077c38@group-5A3EFDE4E84D-LeaderStateImpl
2022-05-04 03:15:45,323 [Listener at 127.0.0.1/33297] INFO  impl.PendingRequests (PendingRequests.java:sendNotLeaderResponses(282)) - 98143395-768c-4dea-963c-0497ad077c38@group-5A3EFDE4E84D-PendingRequests: sendNotLeaderResponses
2022-05-04 03:15:45,324 [Listener at 127.0.0.1/33297] INFO  impl.StateMachineUpdater (StateMachineUpdater.java:stopAndJoin(149)) - 98143395-768c-4dea-963c-0497ad077c38@group-5A3EFDE4E84D-StateMachineUpdater: set stopIndex = 0
2022-05-04 03:15:45,325 [98143395-768c-4dea-963c-0497ad077c38@group-5A3EFDE4E84D-StateMachineUpdater] INFO  ratis.ContainerStateMachine (ContainerStateMachine.java:takeSnapshot(304)) - group-5A3EFDE4E84D: Taking a snapshot at:(t:1, i:0) file /home/runner/work/ozone/ozone/hadoop-ozone/integration-test/target/test-dir/MiniOzoneClusterImpl-ffb4024d-fcb7-425a-91bb-293fa2ccb31b/datanode-4/data/ratis/03b45492-ca60-4f66-8dac-5a3efde4e84d/sm/snapshot.1_0
2022-05-04 03:15:45,326 [98143395-768c-4dea-963c-0497ad077c38@group-5A3EFDE4E84D-StateMachineUpdater] INFO  ratis.ContainerStateMachine (ContainerStateMachine.java:takeSnapshot(315)) - group-5A3EFDE4E84D: Finished taking a snapshot at:(t:1, i:0) file:/home/runner/work/ozone/ozone/hadoop-ozone/integration-test/target/test-dir/MiniOzoneClusterImpl-ffb4024d-fcb7-425a-91bb-293fa2ccb31b/datanode-4/data/ratis/03b45492-ca60-4f66-8dac-5a3efde4e84d/sm/snapshot.1_0 took: 2 ms
2022-05-04 03:15:45,326 [98143395-768c-4dea-963c-0497ad077c38@group-5A3EFDE4E84D-StateMachineUpdater] INFO  impl.StateMachineUpdater (StateMachineUpdater.java:takeSnapshot(281)) - 98143395-768c-4dea-963c-0497ad077c38@group-5A3EFDE4E84D-StateMachineUpdater: Took a snapshot at index 0
2022-05-04 03:15:45,326 [98143395-768c-4dea-963c-0497ad077c38@group-5A3EFDE4E84D-StateMachineUpdater] INFO  impl.StateMachineUpdater (StateMachineUpdater.java:lambda$new$0(89)) - 98143395-768c-4dea-963c-0497ad077c38@group-5A3EFDE4E84D-StateMachineUpdater: snapshotIndex: updateIncreasingly -1 -> 0
2022-05-04 03:15:45,327 [Listener at 127.0.0.1/33297] INFO  server.RaftServer$Division (ServerState.java:close(419)) - 98143395-768c-4dea-963c-0497ad077c38@group-5A3EFDE4E84D: closes. applyIndex: 0
2022-05-04 03:15:45,327 [98143395-768c-4dea-963c-0497ad077c38@group-5A3EFDE4E84D-SegmentedRaftLogWorker] INFO  segmented.SegmentedRaftLogWorker (SegmentedRaftLogWorker.java:run(327)) - 98143395-768c-4dea-963c-0497ad077c38@group-5A3EFDE4E84D-SegmentedRaftLogWorker was interrupted, exiting. There are 0 tasks remaining in the queue.
2022-05-04 03:15:45,327 [Listener at 127.0.0.1/33297] INFO  segmented.SegmentedRaftLogWorker (SegmentedRaftLogWorker.java:close(237)) - 98143395-768c-4dea-963c-0497ad077c38@group-5A3EFDE4E84D-SegmentedRaftLogWorker close()
2022-05-04 03:15:45,329 [Listener at 127.0.0.1/33297] INFO  server.GrpcService (GrpcService.java:closeImpl(262)) - 98143395-768c-4dea-963c-0497ad077c38: shutdown server with port 35919 now
2022-05-04 03:15:45,329 [Listener at 127.0.0.1/33297] INFO  server.GrpcService (GrpcService.java:closeImpl(271)) - 98143395-768c-4dea-963c-0497ad077c38: shutdown server with port 35919 successfully
2022-05-04 03:15:45,330 [org.apache.ratis.util.JvmPauseMonitor$$Lambda$565/1325392746@1874d60c] INFO  util.JvmPauseMonitor (JvmPauseMonitor.java:run(109)) - JvmPauseMonitor-98143395-768c-4dea-963c-0497ad077c38: Stopped
2022-05-04 03:15:45,355 [ForkJoinPool.commonPool-worker-0] INFO  ozoneimpl.OzoneContainer (OzoneContainer.java:stop(356)) - Attempting to stop container services.
2022-05-04 03:15:45,357 [ForkJoinPool.commonPool-worker-0] INFO  server.RaftServer (RaftServerProxy.java:lambda$close$6(391)) - b8405861-e810-457b-9581-dead971c3a14: close
2022-05-04 03:15:45,357 [ForkJoinPool.commonPool-worker-0] INFO  server.RaftServer$Division (RaftServerImpl.java:lambda$close$4(412)) - b8405861-e810-457b-9581-dead971c3a14@group-2658BE16D483: shutdown
2022-05-04 03:15:45,357 [ForkJoinPool.commonPool-worker-0] INFO  util.JmxRegister (JmxRegister.java:unregister(73)) - Successfully un-registered JMX Bean with object name Ratis:service=RaftServer,group=group-2658BE16D483,id=b8405861-e810-457b-9581-dead971c3a14
2022-05-04 03:15:45,357 [ForkJoinPool.commonPool-worker-0] INFO  impl.RoleInfo (RoleInfo.java:shutdownFollowerState(108)) - b8405861-e810-457b-9581-dead971c3a14: shutdown b8405861-e810-457b-9581-dead971c3a14@group-2658BE16D483-FollowerState
2022-05-04 03:15:45,357 [ForkJoinPool.commonPool-worker-0] INFO  impl.StateMachineUpdater (StateMachineUpdater.java:stopAndJoin(149)) - b8405861-e810-457b-9581-dead971c3a14@group-2658BE16D483-StateMachineUpdater: set stopIndex = 27
2022-05-04 03:15:45,358 [b8405861-e810-457b-9581-dead971c3a14@group-2658BE16D483-FollowerState] INFO  impl.FollowerState (FollowerState.java:run(143)) - b8405861-e810-457b-9581-dead971c3a14@group-2658BE16D483-FollowerState was interrupted: {}
java.lang.InterruptedException: sleep interrupted
	at java.lang.Thread.sleep(Native Method)
	at java.lang.Thread.sleep(Thread.java:342)
	at java.util.concurrent.TimeUnit.sleep(TimeUnit.java:386)
	at org.apache.ratis.util.TimeDuration.sleep(TimeDuration.java:324)
	at org.apache.ratis.util.TimeDuration.sleep(TimeDuration.java:309)
	at org.apache.ratis.server.impl.FollowerState.run(FollowerState.java:118)
2022-05-04 03:15:45,358 [b8405861-e810-457b-9581-dead971c3a14@group-2658BE16D483-StateMachineUpdater] INFO  ratis.ContainerStateMachine (ContainerStateMachine.java:takeSnapshot(304)) - group-2658BE16D483: Taking a snapshot at:(t:2, i:27) file /home/runner/work/ozone/ozone/hadoop-ozone/integration-test/target/test-dir/MiniOzoneClusterImpl-ffb4024d-fcb7-425a-91bb-293fa2ccb31b/datanode-0/data/ratis/5e14bdb6-1af7-401c-aab5-2658be16d483/sm/snapshot.2_27
2022-05-04 03:15:45,360 [b8405861-e810-457b-9581-dead971c3a14@group-2658BE16D483-StateMachineUpdater] INFO  ratis.ContainerStateMachine (ContainerStateMachine.java:takeSnapshot(315)) - group-2658BE16D483: Finished taking a snapshot at:(t:2, i:27) file:/home/runner/work/ozone/ozone/hadoop-ozone/integration-test/target/test-dir/MiniOzoneClusterImpl-ffb4024d-fcb7-425a-91bb-293fa2ccb31b/datanode-0/data/ratis/5e14bdb6-1af7-401c-aab5-2658be16d483/sm/snapshot.2_27 took: 2 ms
2022-05-04 03:15:45,360 [b8405861-e810-457b-9581-dead971c3a14@group-2658BE16D483-StateMachineUpdater] INFO  impl.StateMachineUpdater (StateMachineUpdater.java:takeSnapshot(281)) - b8405861-e810-457b-9581-dead971c3a14@group-2658BE16D483-StateMachineUpdater: Took a snapshot at index 27
2022-05-04 03:15:45,360 [b8405861-e810-457b-9581-dead971c3a14@group-2658BE16D483-StateMachineUpdater] INFO  impl.StateMachineUpdater (StateMachineUpdater.java:lambda$new$0(89)) - b8405861-e810-457b-9581-dead971c3a14@group-2658BE16D483-StateMachineUpdater: snapshotIndex: updateIncreasingly -1 -> 27
2022-05-04 03:15:45,362 [ForkJoinPool.commonPool-worker-0] INFO  server.RaftServer$Division (ServerState.java:close(419)) - b8405861-e810-457b-9581-dead971c3a14@group-2658BE16D483: closes. applyIndex: 27
2022-05-04 03:15:45,362 [b8405861-e810-457b-9581-dead971c3a14@group-2658BE16D483-SegmentedRaftLogWorker] INFO  segmented.SegmentedRaftLogWorker (SegmentedRaftLogWorker.java:run(327)) - b8405861-e810-457b-9581-dead971c3a14@group-2658BE16D483-SegmentedRaftLogWorker was interrupted, exiting. There are 0 tasks remaining in the queue.
2022-05-04 03:15:45,364 [ForkJoinPool.commonPool-worker-0] INFO  segmented.SegmentedRaftLogWorker (SegmentedRaftLogWorker.java:close(237)) - b8405861-e810-457b-9581-dead971c3a14@group-2658BE16D483-SegmentedRaftLogWorker close()
2022-05-04 03:15:45,364 [ForkJoinPool.commonPool-worker-0] INFO  server.RaftServer$Division (RaftServerImpl.java:lambda$close$4(412)) - b8405861-e810-457b-9581-dead971c3a14@group-9807A9729E76: shutdown
2022-05-04 03:15:45,365 [ForkJoinPool.commonPool-worker-0] INFO  util.JmxRegister (JmxRegister.java:unregister(73)) - Successfully un-registered JMX Bean with object name Ratis:service=RaftServer,group=group-9807A9729E76,id=b8405861-e810-457b-9581-dead971c3a14
2022-05-04 03:15:45,365 [ForkJoinPool.commonPool-worker-0] INFO  impl.RoleInfo (RoleInfo.java:shutdownLeaderState(91)) - b8405861-e810-457b-9581-dead971c3a14: shutdown b8405861-e810-457b-9581-dead971c3a14@group-9807A9729E76-LeaderStateImpl
2022-05-04 03:15:45,365 [ForkJoinPool.commonPool-worker-0] INFO  impl.PendingRequests (PendingRequests.java:sendNotLeaderResponses(282)) - b8405861-e810-457b-9581-dead971c3a14@group-9807A9729E76-PendingRequests: sendNotLeaderResponses
2022-05-04 03:15:45,379 [ForkJoinPool.commonPool-worker-0] INFO  impl.StateMachineUpdater (StateMachineUpdater.java:stopAndJoin(149)) - b8405861-e810-457b-9581-dead971c3a14@group-9807A9729E76-StateMachineUpdater: set stopIndex = 0
2022-05-04 03:15:45,380 [b8405861-e810-457b-9581-dead971c3a14@group-9807A9729E76-StateMachineUpdater] INFO  ratis.ContainerStateMachine (ContainerStateMachine.java:takeSnapshot(304)) - group-9807A9729E76: Taking a snapshot at:(t:1, i:0) file /home/runner/work/ozone/ozone/hadoop-ozone/integration-test/target/test-dir/MiniOzoneClusterImpl-ffb4024d-fcb7-425a-91bb-293fa2ccb31b/datanode-0/data/ratis/02006357-289e-4ad8-9565-9807a9729e76/sm/snapshot.1_0
2022-05-04 03:15:45,385 [b8405861-e810-457b-9581-dead971c3a14@group-9807A9729E76-StateMachineUpdater] INFO  ratis.ContainerStateMachine (ContainerStateMachine.java:takeSnapshot(315)) - group-9807A9729E76: Finished taking a snapshot at:(t:1, i:0) file:/home/runner/work/ozone/ozone/hadoop-ozone/integration-test/target/test-dir/MiniOzoneClusterImpl-ffb4024d-fcb7-425a-91bb-293fa2ccb31b/datanode-0/data/ratis/02006357-289e-4ad8-9565-9807a9729e76/sm/snapshot.1_0 took: 5 ms
2022-05-04 03:15:45,385 [b8405861-e810-457b-9581-dead971c3a14@group-9807A9729E76-StateMachineUpdater] INFO  impl.StateMachineUpdater (StateMachineUpdater.java:takeSnapshot(281)) - b8405861-e810-457b-9581-dead971c3a14@group-9807A9729E76-StateMachineUpdater: Took a snapshot at index 0
2022-05-04 03:15:45,385 [b8405861-e810-457b-9581-dead971c3a14@group-9807A9729E76-StateMachineUpdater] INFO  impl.StateMachineUpdater (StateMachineUpdater.java:lambda$new$0(89)) - b8405861-e810-457b-9581-dead971c3a14@group-9807A9729E76-StateMachineUpdater: snapshotIndex: updateIncreasingly -1 -> 0
2022-05-04 03:15:45,386 [ForkJoinPool.commonPool-worker-0] INFO  server.RaftServer$Division (ServerState.java:close(419)) - b8405861-e810-457b-9581-dead971c3a14@group-9807A9729E76: closes. applyIndex: 0
2022-05-04 03:15:45,386 [b8405861-e810-457b-9581-dead971c3a14@group-9807A9729E76-SegmentedRaftLogWorker] INFO  segmented.SegmentedRaftLogWorker (SegmentedRaftLogWorker.java:run(327)) - b8405861-e810-457b-9581-dead971c3a14@group-9807A9729E76-SegmentedRaftLogWorker was interrupted, exiting. There are 0 tasks remaining in the queue.
2022-05-04 03:15:45,386 [ForkJoinPool.commonPool-worker-0] INFO  segmented.SegmentedRaftLogWorker (SegmentedRaftLogWorker.java:close(237)) - b8405861-e810-457b-9581-dead971c3a14@group-9807A9729E76-SegmentedRaftLogWorker close()
2022-05-04 03:15:45,387 [ForkJoinPool.commonPool-worker-0] INFO  server.RaftServer$Division (RaftServerImpl.java:lambda$close$4(412)) - b8405861-e810-457b-9581-dead971c3a14@group-434A2F37988D: shutdown
2022-05-04 03:15:45,387 [ForkJoinPool.commonPool-worker-0] INFO  util.JmxRegister (JmxRegister.java:unregister(73)) - Successfully un-registered JMX Bean with object name Ratis:service=RaftServer,group=group-434A2F37988D,id=b8405861-e810-457b-9581-dead971c3a14
2022-05-04 03:15:45,387 [ForkJoinPool.commonPool-worker-0] INFO  impl.RoleInfo (RoleInfo.java:shutdownFollowerState(108)) - b8405861-e810-457b-9581-dead971c3a14: shutdown b8405861-e810-457b-9581-dead971c3a14@group-434A2F37988D-FollowerState
2022-05-04 03:15:45,387 [ForkJoinPool.commonPool-worker-0] INFO  impl.StateMachineUpdater (StateMachineUpdater.java:stopAndJoin(149)) - b8405861-e810-457b-9581-dead971c3a14@group-434A2F37988D-StateMachineUpdater: set stopIndex = 4
2022-05-04 03:15:45,387 [b8405861-e810-457b-9581-dead971c3a14@group-434A2F37988D-FollowerState] INFO  impl.FollowerState (FollowerState.java:run(143)) - b8405861-e810-457b-9581-dead971c3a14@group-434A2F37988D-FollowerState was interrupted: {}
java.lang.InterruptedException: sleep interrupted
	at java.lang.Thread.sleep(Native Method)
	at java.lang.Thread.sleep(Thread.java:342)
	at java.util.concurrent.TimeUnit.sleep(TimeUnit.java:386)
	at org.apache.ratis.util.TimeDuration.sleep(TimeDuration.java:324)
	at org.apache.ratis.util.TimeDuration.sleep(TimeDuration.java:309)
	at org.apache.ratis.server.impl.FollowerState.run(FollowerState.java:118)
2022-05-04 03:15:45,388 [b8405861-e810-457b-9581-dead971c3a14@group-434A2F37988D-StateMachineUpdater] INFO  ratis.ContainerStateMachine (ContainerStateMachine.java:takeSnapshot(304)) - group-434A2F37988D: Taking a snapshot at:(t:3, i:4) file /home/runner/work/ozone/ozone/hadoop-ozone/integration-test/target/test-dir/MiniOzoneClusterImpl-ffb4024d-fcb7-425a-91bb-293fa2ccb31b/datanode-0/data/ratis/2dd32b67-cc0f-44e5-bc57-434a2f37988d/sm/snapshot.3_4
2022-05-04 03:15:45,404 [b8405861-e810-457b-9581-dead971c3a14@group-434A2F37988D-StateMachineUpdater] INFO  ratis.ContainerStateMachine (ContainerStateMachine.java:takeSnapshot(315)) - group-434A2F37988D: Finished taking a snapshot at:(t:3, i:4) file:/home/runner/work/ozone/ozone/hadoop-ozone/integration-test/target/test-dir/MiniOzoneClusterImpl-ffb4024d-fcb7-425a-91bb-293fa2ccb31b/datanode-0/data/ratis/2dd32b67-cc0f-44e5-bc57-434a2f37988d/sm/snapshot.3_4 took: 16 ms
2022-05-04 03:15:45,404 [b8405861-e810-457b-9581-dead971c3a14@group-434A2F37988D-StateMachineUpdater] INFO  impl.StateMachineUpdater (StateMachineUpdater.java:takeSnapshot(281)) - b8405861-e810-457b-9581-dead971c3a14@group-434A2F37988D-StateMachineUpdater: Took a snapshot at index 4
2022-05-04 03:15:45,404 [b8405861-e810-457b-9581-dead971c3a14@group-434A2F37988D-StateMachineUpdater] INFO  impl.StateMachineUpdater (StateMachineUpdater.java:lambda$new$0(89)) - b8405861-e810-457b-9581-dead971c3a14@group-434A2F37988D-StateMachineUpdater: snapshotIndex: updateIncreasingly -1 -> 4
2022-05-04 03:15:45,405 [ForkJoinPool.commonPool-worker-0] INFO  server.RaftServer$Division (ServerState.java:close(419)) - b8405861-e810-457b-9581-dead971c3a14@group-434A2F37988D: closes. applyIndex: 4
2022-05-04 03:15:45,405 [b8405861-e810-457b-9581-dead971c3a14@group-434A2F37988D-SegmentedRaftLogWorker] INFO  segmented.SegmentedRaftLogWorker (SegmentedRaftLogWorker.java:run(327)) - b8405861-e810-457b-9581-dead971c3a14@group-434A2F37988D-SegmentedRaftLogWorker was interrupted, exiting. There are 0 tasks remaining in the queue.
2022-05-04 03:15:45,405 [ForkJoinPool.commonPool-worker-0] INFO  segmented.SegmentedRaftLogWorker (SegmentedRaftLogWorker.java:close(237)) - b8405861-e810-457b-9581-dead971c3a14@group-434A2F37988D-SegmentedRaftLogWorker close()
2022-05-04 03:15:45,406 [ForkJoinPool.commonPool-worker-0] INFO  server.GrpcService (GrpcService.java:closeImpl(262)) - b8405861-e810-457b-9581-dead971c3a14: shutdown server with port 40547 now
2022-05-04 03:15:45,426 [ForkJoinPool.commonPool-worker-0] INFO  server.GrpcService (GrpcService.java:closeImpl(271)) - b8405861-e810-457b-9581-dead971c3a14: shutdown server with port 40547 successfully
2022-05-04 03:15:45,427 [org.apache.ratis.util.JvmPauseMonitor$$Lambda$565/1325392746@204166ae] INFO  util.JvmPauseMonitor (JvmPauseMonitor.java:run(109)) - JvmPauseMonitor-b8405861-e810-457b-9581-dead971c3a14: Stopped
2022-05-04 03:15:47,339 [Listener at 127.0.0.1/33297] INFO  utils.BackgroundService (BackgroundService.java:shutdown(132)) - Shutting down service BlockDeletingService
2022-05-04 03:15:47,483 [ForkJoinPool.commonPool-worker-0] INFO  utils.BackgroundService (BackgroundService.java:shutdown(132)) - Shutting down service BlockDeletingService
2022-05-04 03:15:50,348 [Listener at 127.0.0.1/33297] INFO  statemachine.DatanodeStateMachine (DatanodeStateMachine.java:stopDaemon(560)) - Ozone container server stopped.
2022-05-04 03:15:50,388 [Listener at 127.0.0.1/33297] INFO  handler.ContextHandler (ContextHandler.java:doStop(1153)) - Stopped o.e.j.w.WebAppContext@7e0d4ba1{hddsDatanode,/,null,STOPPED}{jar:file:/home/runner/.m2/repository/org/apache/ozone/hdds-container-service/1.3.0-SNAPSHOT/hdds-container-service-1.3.0-SNAPSHOT.jar!/webapps/hddsDatanode}
2022-05-04 03:15:50,393 [Listener at 127.0.0.1/33297] INFO  server.AbstractConnector (AbstractConnector.java:doStop(381)) - Stopped ServerConnector@af644de{HTTP/1.1, (http/1.1)}{0.0.0.0:0}
2022-05-04 03:15:50,394 [Listener at 127.0.0.1/33297] INFO  server.session (HouseKeeper.java:stopScavenging(149)) - node0 Stopped scavenging
2022-05-04 03:15:50,394 [Listener at 127.0.0.1/33297] INFO  handler.ContextHandler (ContextHandler.java:doStop(1153)) - Stopped o.e.j.s.ServletContextHandler@4cc394c0{static,/static,jar:file:/home/runner/.m2/repository/org/apache/ozone/hdds-container-service/1.3.0-SNAPSHOT/hdds-container-service-1.3.0-SNAPSHOT.jar!/webapps/static,STOPPED}
2022-05-04 03:15:50,394 [Listener at 127.0.0.1/33297] INFO  handler.ContextHandler (ContextHandler.java:doStop(1153)) - Stopped o.e.j.s.ServletContextHandler@73cacff3{logs,/logs,file:///home/runner/work/ozone/ozone/hadoop-ozone/integration-test/target/log,STOPPED}
2022-05-04 03:15:50,494 [ForkJoinPool.commonPool-worker-0] INFO  statemachine.DatanodeStateMachine (DatanodeStateMachine.java:stopDaemon(560)) - Ozone container server stopped.
2022-05-04 03:15:50,563 [ForkJoinPool.commonPool-worker-0] INFO  handler.ContextHandler (ContextHandler.java:doStop(1153)) - Stopped o.e.j.w.WebAppContext@4f29208d{hddsDatanode,/,null,STOPPED}{jar:file:/home/runner/.m2/repository/org/apache/ozone/hdds-container-service/1.3.0-SNAPSHOT/hdds-container-service-1.3.0-SNAPSHOT.jar!/webapps/hddsDatanode}
2022-05-04 03:15:50,565 [ForkJoinPool.commonPool-worker-0] INFO  server.AbstractConnector (AbstractConnector.java:doStop(381)) - Stopped ServerConnector@60fe0da9{HTTP/1.1, (http/1.1)}{0.0.0.0:0}
2022-05-04 03:15:50,565 [ForkJoinPool.commonPool-worker-0] INFO  server.session (HouseKeeper.java:stopScavenging(149)) - node0 Stopped scavenging
2022-05-04 03:15:50,582 [ForkJoinPool.commonPool-worker-0] INFO  handler.ContextHandler (ContextHandler.java:doStop(1153)) - Stopped o.e.j.s.ServletContextHandler@67b36249{static,/static,jar:file:/home/runner/.m2/repository/org/apache/ozone/hdds-container-service/1.3.0-SNAPSHOT/hdds-container-service-1.3.0-SNAPSHOT.jar!/webapps/static,STOPPED}
2022-05-04 03:15:50,583 [ForkJoinPool.commonPool-worker-0] INFO  handler.ContextHandler (ContextHandler.java:doStop(1153)) - Stopped o.e.j.s.ServletContextHandler@5c38ce9a{logs,/logs,file:///home/runner/work/ozone/ozone/hadoop-ozone/integration-test/target/log,STOPPED}
2022-05-04 03:15:55,402 [Listener at 127.0.0.1/33297] INFO  ozoneimpl.OzoneContainer (OzoneContainer.java:stop(356)) - Attempting to stop container services.
2022-05-04 03:15:55,403 [Listener at 127.0.0.1/33297] INFO  server.RaftServer (RaftServerProxy.java:lambda$close$6(391)) - d1c741a3-95ba-43ba-a813-64349d05dc91: close
2022-05-04 03:15:55,403 [Listener at 127.0.0.1/33297] INFO  server.RaftServer$Division (RaftServerImpl.java:lambda$close$4(412)) - d1c741a3-95ba-43ba-a813-64349d05dc91@group-990B8FD016E6: shutdown
2022-05-04 03:15:55,403 [Listener at 127.0.0.1/33297] INFO  util.JmxRegister (JmxRegister.java:unregister(73)) - Successfully un-registered JMX Bean with object name Ratis:service=RaftServer,group=group-990B8FD016E6,id=d1c741a3-95ba-43ba-a813-64349d05dc91
2022-05-04 03:15:55,403 [Listener at 127.0.0.1/33297] INFO  impl.RoleInfo (RoleInfo.java:shutdownLeaderState(91)) - d1c741a3-95ba-43ba-a813-64349d05dc91: shutdown d1c741a3-95ba-43ba-a813-64349d05dc91@group-990B8FD016E6-LeaderStateImpl
2022-05-04 03:15:55,404 [Listener at 127.0.0.1/33297] INFO  impl.PendingRequests (PendingRequests.java:sendNotLeaderResponses(282)) - d1c741a3-95ba-43ba-a813-64349d05dc91@group-990B8FD016E6-PendingRequests: sendNotLeaderResponses
2022-05-04 03:15:55,413 [d1c741a3-95ba-43ba-a813-64349d05dc91@group-990B8FD016E6-StateMachineUpdater] INFO  ratis.ContainerStateMachine (ContainerStateMachine.java:takeSnapshot(304)) - group-990B8FD016E6: Taking a snapshot at:(t:1, i:0) file /home/runner/work/ozone/ozone/hadoop-ozone/integration-test/target/test-dir/MiniOzoneClusterImpl-ffb4024d-fcb7-425a-91bb-293fa2ccb31b/datanode-3/data/ratis/2e1d781c-89d9-4882-9f2a-990b8fd016e6/sm/snapshot.1_0
2022-05-04 03:15:55,413 [Listener at 127.0.0.1/33297] INFO  impl.StateMachineUpdater (StateMachineUpdater.java:stopAndJoin(149)) - d1c741a3-95ba-43ba-a813-64349d05dc91@group-990B8FD016E6-StateMachineUpdater: set stopIndex = 0
2022-05-04 03:15:55,422 [d1c741a3-95ba-43ba-a813-64349d05dc91@group-990B8FD016E6-StateMachineUpdater] INFO  ratis.ContainerStateMachine (ContainerStateMachine.java:takeSnapshot(315)) - group-990B8FD016E6: Finished taking a snapshot at:(t:1, i:0) file:/home/runner/work/ozone/ozone/hadoop-ozone/integration-test/target/test-dir/MiniOzoneClusterImpl-ffb4024d-fcb7-425a-91bb-293fa2ccb31b/datanode-3/data/ratis/2e1d781c-89d9-4882-9f2a-990b8fd016e6/sm/snapshot.1_0 took: 8 ms
2022-05-04 03:15:55,422 [d1c741a3-95ba-43ba-a813-64349d05dc91@group-990B8FD016E6-StateMachineUpdater] INFO  impl.StateMachineUpdater (StateMachineUpdater.java:takeSnapshot(281)) - d1c741a3-95ba-43ba-a813-64349d05dc91@group-990B8FD016E6-StateMachineUpdater: Took a snapshot at index 0
2022-05-04 03:15:55,422 [d1c741a3-95ba-43ba-a813-64349d05dc91@group-990B8FD016E6-StateMachineUpdater] INFO  impl.StateMachineUpdater (StateMachineUpdater.java:lambda$new$0(89)) - d1c741a3-95ba-43ba-a813-64349d05dc91@group-990B8FD016E6-StateMachineUpdater: snapshotIndex: updateIncreasingly -1 -> 0
2022-05-04 03:15:55,431 [Listener at 127.0.0.1/33297] INFO  server.RaftServer$Division (ServerState.java:close(419)) - d1c741a3-95ba-43ba-a813-64349d05dc91@group-990B8FD016E6: closes. applyIndex: 0
2022-05-04 03:15:55,432 [d1c741a3-95ba-43ba-a813-64349d05dc91@group-990B8FD016E6-SegmentedRaftLogWorker] INFO  segmented.SegmentedRaftLogWorker (SegmentedRaftLogWorker.java:run(327)) - d1c741a3-95ba-43ba-a813-64349d05dc91@group-990B8FD016E6-SegmentedRaftLogWorker was interrupted, exiting. There are 0 tasks remaining in the queue.
2022-05-04 03:15:55,433 [Listener at 127.0.0.1/33297] INFO  segmented.SegmentedRaftLogWorker (SegmentedRaftLogWorker.java:close(237)) - d1c741a3-95ba-43ba-a813-64349d05dc91@group-990B8FD016E6-SegmentedRaftLogWorker close()
2022-05-04 03:15:55,446 [Listener at 127.0.0.1/33297] INFO  server.GrpcService (GrpcService.java:closeImpl(262)) - d1c741a3-95ba-43ba-a813-64349d05dc91: shutdown server with port 42905 now
2022-05-04 03:15:55,453 [Listener at 127.0.0.1/33297] INFO  server.GrpcService (GrpcService.java:closeImpl(271)) - d1c741a3-95ba-43ba-a813-64349d05dc91: shutdown server with port 42905 successfully
2022-05-04 03:15:55,453 [org.apache.ratis.util.JvmPauseMonitor$$Lambda$565/1325392746@76bd0868] INFO  util.JvmPauseMonitor (JvmPauseMonitor.java:run(109)) - JvmPauseMonitor-d1c741a3-95ba-43ba-a813-64349d05dc91: Stopped
2022-05-04 03:15:57,482 [Listener at 127.0.0.1/33297] INFO  utils.BackgroundService (BackgroundService.java:shutdown(132)) - Shutting down service BlockDeletingService
2022-05-04 03:16:00,558 [Listener at 127.0.0.1/33297] INFO  statemachine.DatanodeStateMachine (DatanodeStateMachine.java:stopDaemon(560)) - Ozone container server stopped.
2022-05-04 03:16:00,570 [Listener at 127.0.0.1/33297] INFO  handler.ContextHandler (ContextHandler.java:doStop(1153)) - Stopped o.e.j.w.WebAppContext@6ab2bfa{hddsDatanode,/,null,STOPPED}{jar:file:/home/runner/.m2/repository/org/apache/ozone/hdds-container-service/1.3.0-SNAPSHOT/hdds-container-service-1.3.0-SNAPSHOT.jar!/webapps/hddsDatanode}
2022-05-04 03:16:00,582 [Listener at 127.0.0.1/33297] INFO  server.AbstractConnector (AbstractConnector.java:doStop(381)) - Stopped ServerConnector@6d65e098{HTTP/1.1, (http/1.1)}{0.0.0.0:0}
2022-05-04 03:16:00,596 [Listener at 127.0.0.1/33297] INFO  server.session (HouseKeeper.java:stopScavenging(149)) - node0 Stopped scavenging
2022-05-04 03:16:00,596 [Listener at 127.0.0.1/33297] INFO  handler.ContextHandler (ContextHandler.java:doStop(1153)) - Stopped o.e.j.s.ServletContextHandler@6ec2e728{static,/static,jar:file:/home/runner/.m2/repository/org/apache/ozone/hdds-container-service/1.3.0-SNAPSHOT/hdds-container-service-1.3.0-SNAPSHOT.jar!/webapps/static,STOPPED}
2022-05-04 03:16:00,596 [Listener at 127.0.0.1/33297] INFO  handler.ContextHandler (ContextHandler.java:doStop(1153)) - Stopped o.e.j.s.ServletContextHandler@63c51a61{logs,/logs,file:///home/runner/work/ozone/ozone/hadoop-ozone/integration-test/target/log,STOPPED}
2022-05-04 03:16:00,600 [Listener at 127.0.0.1/33297] INFO  ozone.MiniOzoneClusterImpl (MiniOzoneClusterImpl.java:stopSCM(545)) - Stopping the StorageContainerManager
2022-05-04 03:16:00,600 [Listener at 127.0.0.1/33297] INFO  server.StorageContainerManager (StorageContainerManager.java:stop(1420)) - Stopping Container Balancer service.
2022-05-04 03:16:00,600 [Listener at 127.0.0.1/33297] INFO  balancer.ContainerBalancer (ContainerBalancer.java:stopBalancer(923)) - Container Balancer is not running.
2022-05-04 03:16:00,600 [Listener at 127.0.0.1/33297] INFO  server.StorageContainerManager (StorageContainerManager.java:stop(1427)) - Stopping Replication Manager Service.
2022-05-04 03:16:00,600 [Listener at 127.0.0.1/33297] INFO  container.ReplicationManager (ReplicationManager.java:stop(357)) - Stopping Replication Monitor Thread.
2022-05-04 03:16:00,601 [Listener at 127.0.0.1/33297] INFO  server.StorageContainerManager (StorageContainerManager.java:stop(1434)) - Stopping the Datanode Admin Monitor.
2022-05-04 03:16:00,601 [Listener at 127.0.0.1/33297] INFO  server.StorageContainerManager (StorageContainerManager.java:stop(1441)) - Stopping Lease Manager of the command watchers
2022-05-04 03:16:00,601 [Listener at 127.0.0.1/33297] INFO  server.StorageContainerManager (StorageContainerManager.java:stop(1448)) - Stopping datanode service RPC server
2022-05-04 03:16:00,601 [Listener at 127.0.0.1/33297] INFO  server.SCMDatanodeProtocolServer (SCMDatanodeProtocolServer.java:stop(400)) - Stopping the RPC server for DataNodes
2022-05-04 03:16:00,601 [Listener at 127.0.0.1/33297] INFO  ipc.Server (Server.java:stop(3414)) - Stopping server on 42071
2022-05-04 03:16:00,603 [IPC Server listener on 0] INFO  ipc.Server (Server.java:run(1376)) - Stopping IPC Server listener on 0
2022-05-04 03:16:00,631 [IPC Server Responder] INFO  ipc.Server (Server.java:run(1512)) - Stopping IPC Server Responder
2022-05-04 03:16:00,635 [SCM Heartbeat Processing Thread - 0] WARN  node.NodeStateManager (NodeStateManager.java:scheduleNextHealthCheck(815)) - Current Thread is interrupted, shutting down HB processing thread for Node Manager.
2022-05-04 03:16:00,635 [Listener at 127.0.0.1/33297] INFO  server.StorageContainerManager (StorageContainerManager.java:stop(1456)) - Stopping block service RPC server
2022-05-04 03:16:00,635 [Listener at 127.0.0.1/33297] INFO  server.SCMBlockProtocolServer (SCMBlockProtocolServer.java:stop(160)) - Stopping the RPC server for Block Protocol
2022-05-04 03:16:00,636 [Listener at 127.0.0.1/33297] INFO  ipc.Server (Server.java:stop(3414)) - Stopping server on 44687
2022-05-04 03:16:00,648 [Listener at 127.0.0.1/33297] INFO  server.StorageContainerManager (StorageContainerManager.java:stop(1463)) - Stopping the StorageContainerLocationProtocol RPC server
2022-05-04 03:16:00,648 [Listener at 127.0.0.1/33297] INFO  server.SCMClientProtocolServer (SCMClientProtocolServer.java:stop(178)) - Stopping the RPC server for Client Protocol
2022-05-04 03:16:00,648 [Listener at 127.0.0.1/33297] INFO  ipc.Server (Server.java:stop(3414)) - Stopping server on 34103
2022-05-04 03:16:00,648 [IPC Server Responder] INFO  ipc.Server (Server.java:run(1512)) - Stopping IPC Server Responder
2022-05-04 03:16:00,650 [IPC Server listener on 0] INFO  ipc.Server (Server.java:run(1376)) - Stopping IPC Server listener on 0
2022-05-04 03:16:00,681 [IPC Server Responder] INFO  ipc.Server (Server.java:run(1512)) - Stopping IPC Server Responder
2022-05-04 03:16:00,681 [Listener at 127.0.0.1/33297] INFO  server.StorageContainerManager (StorageContainerManager.java:stop(1470)) - Stopping Storage Container Manager HTTP server.
2022-05-04 03:16:00,682 [Listener at 127.0.0.1/33297] INFO  handler.ContextHandler (ContextHandler.java:doStop(1153)) - Stopped o.e.j.w.WebAppContext@1ae721d6{scm,/,null,STOPPED}{file:/home/runner/work/ozone/ozone/hadoop-ozone/integration-test/target/test-classes/webapps/scm}
2022-05-04 03:16:00,683 [IPC Server listener on 0] INFO  ipc.Server (Server.java:run(1376)) - Stopping IPC Server listener on 0
2022-05-04 03:16:00,683 [Listener at 127.0.0.1/33297] INFO  server.AbstractConnector (AbstractConnector.java:doStop(381)) - Stopped ServerConnector@310332b3{HTTP/1.1, (http/1.1)}{0.0.0.0:0}
2022-05-04 03:16:00,683 [Listener at 127.0.0.1/33297] INFO  server.session (HouseKeeper.java:stopScavenging(149)) - node0 Stopped scavenging
2022-05-04 03:16:00,685 [Listener at 127.0.0.1/33297] INFO  handler.ContextHandler (ContextHandler.java:doStop(1153)) - Stopped o.e.j.s.ServletContextHandler@37af6911{static,/static,file:///home/runner/work/ozone/ozone/hadoop-ozone/integration-test/target/test-classes/webapps/static,STOPPED}
2022-05-04 03:16:00,685 [Listener at 127.0.0.1/33297] INFO  handler.ContextHandler (ContextHandler.java:doStop(1153)) - Stopped o.e.j.s.ServletContextHandler@535708fd{logs,/logs,file:///home/runner/work/ozone/ozone/hadoop-ozone/integration-test/target/log,STOPPED}
2022-05-04 03:16:00,718 [Listener at 127.0.0.1/33297] INFO  server.StorageContainerManager (StorageContainerManager.java:stop(1481)) - Stopping Block Manager Service.
2022-05-04 03:16:00,718 [Listener at 127.0.0.1/33297] INFO  utils.BackgroundService (BackgroundService.java:shutdown(132)) - Shutting down service SCMBlockDeletingService
2022-05-04 03:16:00,718 [Listener at 127.0.0.1/33297] INFO  utils.BackgroundService (BackgroundService.java:shutdown(132)) - Shutting down service SCMBlockDeletingService
2022-05-04 03:16:00,719 [Listener at 127.0.0.1/33297] INFO  server.StorageContainerManager (StorageContainerManager.java:stop(1508)) - Stopping SCM Event Queue.
2022-05-04 03:16:00,720 [Listener at 127.0.0.1/33297] INFO  server.StorageContainerManager (StorageContainerManager.java:stop(1519)) - Stopping SCM HA services.
2022-05-04 03:16:00,720 [Listener at 127.0.0.1/33297] INFO  pipeline.BackgroundPipelineCreator (BackgroundPipelineCreator.java:stop(148)) - Stopping RatisPipelineUtilsThread.
2022-05-04 03:16:00,720 [RatisPipelineUtilsThread - 0] WARN  pipeline.BackgroundPipelineCreator (BackgroundPipelineCreator.java:run(175)) - RatisPipelineUtilsThread is interrupted.
2022-05-04 03:16:00,720 [Listener at 127.0.0.1/33297] INFO  pipeline.BackgroundPipelineScrubber (BackgroundPipelineScrubber.java:stop(141)) - Stopping Pipeline Scrubber Service.
2022-05-04 03:16:00,721 [Listener at 127.0.0.1/33297] INFO  server.StorageContainerManager (StorageContainerManager.java:stop(1529)) - Stopping SCM MetadataStore.
2022-05-04 03:16:00,722 [Listener at 127.0.0.1/33297] INFO  impl.MetricsSystemImpl (MetricsSystemImpl.java:stop(210)) - Stopping HddsDatanode metrics system...
2022-05-04 03:16:00,722 [PipelineScrubberThread] WARN  pipeline.BackgroundPipelineScrubber (BackgroundPipelineScrubber.java:run(162)) - PipelineScrubberThread is interrupted, exit
2022-05-04 03:16:00,723 [prometheus] INFO  impl.MetricsSinkAdapter (MetricsSinkAdapter.java:publishMetricsFromQueue(141)) - prometheus thread interrupted.
2022-05-04 03:16:00,724 [Listener at 127.0.0.1/33297] INFO  impl.MetricsSystemImpl (MetricsSystemImpl.java:stop(216)) - HddsDatanode metrics system stopped.
2022-05-04 03:16:00,968 [Listener at 127.0.0.1/33297] WARN  server.ServerUtils (ServerUtils.java:getScmDbDir(148)) - ozone.scm.db.dirs is not configured. We recommend adding this setting. Falling back to ozone.metadata.dirs instead.
2022-05-04 03:16:00,980 [Listener at 127.0.0.1/33297] INFO  ha.SCMHANodeDetails (SCMHANodeDetails.java:loadSCMHAConfig(157)) - ServiceID for StorageContainerManager is null
2022-05-04 03:16:00,980 [Listener at 127.0.0.1/33297] INFO  ha.SCMHANodeDetails (SCMHANodeDetails.java:loadSCMHAConfig(162)) - ozone.scm.default.service.id is not defined, falling back to ozone.scm.service.ids to find serviceID for StorageContainerManager if it is HA enabled cluster
2022-05-04 03:16:00,980 [Listener at 127.0.0.1/33297] WARN  server.ServerUtils (ServerUtils.java:getScmDbDir(148)) - ozone.scm.db.dirs is not configured. We recommend adding this setting. Falling back to ozone.metadata.dirs instead.
2022-05-04 03:16:00,981 [Listener at 127.0.0.1/33297] INFO  upgrade.AbstractLayoutVersionManager (AbstractLayoutVersionManager.java:init(79)) - Initializing Layout version manager with metadata layout = ERASURE_CODED_STORAGE_SUPPORT (version = 3), software layout = ERASURE_CODED_STORAGE_SUPPORT (version = 3)
2022-05-04 03:16:01,060 [Listener at 127.0.0.1/33297] INFO  reflections.Reflections (Reflections.java:scan(232)) - Reflections took 78 ms to scan 7 urls, producing 126 keys and 289 values 
2022-05-04 03:16:01,068 [Listener at 127.0.0.1/33297] WARN  utils.HAUtils (HAUtils.java:getMetaDir(342)) - ozone.scm.db.dirs is not configured. We recommend adding this setting. Falling back to ozone.metadata.dirs instead.
2022-05-04 03:16:01,069 [Listener at 127.0.0.1/33297] WARN  db.DBStoreBuilder (DBStoreBuilder.java:applyDBDefinition(145)) - ozone.scm.db.dirs is not configured. We recommend adding this setting. Falling back to ozone.metadata.dirs instead.
2022-05-04 03:16:01,322 [Listener at 127.0.0.1/33297] INFO  net.NodeSchemaLoader (NodeSchemaLoader.java:loadSchemaFromFile(129)) - Loading schema from [jar:file:/home/runner/.m2/repository/org/apache/ozone/hdds-common/1.3.0-SNAPSHOT/hdds-common-1.3.0-SNAPSHOT.jar!/network-topology-default.xml]
2022-05-04 03:16:01,322 [Listener at 127.0.0.1/33297] INFO  net.NodeSchemaLoader (NodeSchemaLoader.java:loadSchema(176)) - Loading network topology layer schema file
2022-05-04 03:16:01,343 [Listener at 127.0.0.1/33297] INFO  ha.SequenceIdGenerator (SequenceIdGenerator.java:upgradeToSequenceId(347)) - upgrade localId to 109611004723200000
2022-05-04 03:16:01,343 [Listener at 127.0.0.1/33297] INFO  ha.SequenceIdGenerator (SequenceIdGenerator.java:upgradeToSequenceId(357)) - upgrade delTxnId to 0
2022-05-04 03:16:01,344 [Listener at 127.0.0.1/33297] INFO  ha.SequenceIdGenerator (SequenceIdGenerator.java:upgradeToSequenceId(371)) - upgrade containerId to 0
2022-05-04 03:16:01,344 [Listener at 127.0.0.1/33297] INFO  ha.SequenceIdGenerator (SequenceIdGenerator.java:<init>(218)) - Init the HA SequenceIdGenerator.
2022-05-04 03:16:01,344 [Listener at 127.0.0.1/33297] WARN  server.ServerUtils (ServerUtils.java:sanitizeUserArgs(73)) - ozone.scm.stale.node.interval value = 300000 is larger than max = 100000 based on the key value of ozone.scm.heartbeat.thread.interval, reset to the max value 100000.
2022-05-04 03:16:01,344 [Listener at 127.0.0.1/33297] WARN  server.ServerUtils (ServerUtils.java:sanitizeUserArgs(73)) - ozone.scm.stale.node.interval value = 300000 is larger than max = 100000 based on the key value of ozone.scm.heartbeat.thread.interval, reset to the max value 100000.
2022-05-04 03:16:01,347 [Listener at 127.0.0.1/33297] INFO  node.SCMNodeManager (SCMNodeManager.java:<init>(148)) - Entering startup safe mode.
2022-05-04 03:16:01,348 [Listener at 127.0.0.1/33297] INFO  algorithms.ContainerPlacementPolicyFactory (ContainerPlacementPolicyFactory.java:getPolicyInternal(86)) - Create container placement policy of type org.apache.hadoop.hdds.scm.container.placement.algorithms.SCMContainerPlacementRandom
2022-05-04 03:16:01,348 [Listener at 127.0.0.1/33297] INFO  pipeline.PipelineStateManagerImpl (PipelineStateManagerImpl.java:initialize(78)) - No pipeline exists in current db
2022-05-04 03:16:01,349 [Listener at 127.0.0.1/33297] INFO  algorithms.LeaderChoosePolicyFactory (LeaderChoosePolicyFactory.java:getPolicy(57)) - Create leader choose policy of type org.apache.hadoop.hdds.scm.pipeline.leader.choose.algorithms.MinLeaderCountChoosePolicy
2022-05-04 03:16:01,349 [Listener at 127.0.0.1/33297] INFO  algorithms.ContainerPlacementPolicyFactory (ContainerPlacementPolicyFactory.java:getPolicyInternal(86)) - Create container placement policy of type org.apache.hadoop.hdds.scm.container.placement.algorithms.SCMContainerPlacementRackScatter
2022-05-04 03:16:01,349 [Listener at 127.0.0.1/33297] INFO  pipeline.BackgroundPipelineCreator (BackgroundPipelineCreator.java:start(123)) - Starting RatisPipelineUtilsThread.
2022-05-04 03:16:01,349 [Listener at 127.0.0.1/33297] INFO  pipeline.BackgroundPipelineScrubber (BackgroundPipelineScrubber.java:start(124)) - Starting Pipeline Scrubber Service.
2022-05-04 03:16:01,350 [Listener at 127.0.0.1/33297] INFO  ha.SCMServiceManager (SCMServiceManager.java:register(42)) - Registering service BackgroundPipelineCreator.
2022-05-04 03:16:01,350 [Listener at 127.0.0.1/33297] INFO  ha.SCMServiceManager (SCMServiceManager.java:register(42)) - Registering service BackgroundPipelineScrubber.
2022-05-04 03:16:01,352 [Listener at 127.0.0.1/33297] INFO  algorithms.PipelineChoosePolicyFactory (PipelineChoosePolicyFactory.java:createPipelineChoosePolicyFromClass(73)) - Create pipeline choose policy of type org.apache.hadoop.hdds.scm.pipeline.choose.algorithms.RandomPipelineChoosePolicy
2022-05-04 03:16:01,353 [Listener at 127.0.0.1/33297] INFO  ha.SCMServiceManager (SCMServiceManager.java:register(42)) - Registering service SCMBlockDeletingService.
2022-05-04 03:16:01,353 [Listener at 127.0.0.1/33297] INFO  ha.SCMServiceManager (SCMServiceManager.java:register(42)) - Registering service ReplicationManager.
2022-05-04 03:16:01,353 [Listener at 127.0.0.1/33297] INFO  container.ReplicationManager (ReplicationManager.java:start(326)) - Starting Replication Monitor Thread.
2022-05-04 03:16:01,354 [Listener at 127.0.0.1/33297] INFO  safemode.ContainerSafeModeRule (ContainerSafeModeRule.java:<init>(89)) - containers with one replica threshold count 0
2022-05-04 03:16:01,358 [Listener at 127.0.0.1/33297] INFO  safemode.HealthyPipelineSafeModeRule (HealthyPipelineSafeModeRule.java:initializeRule(156)) - Total pipeline count is 0, healthy pipeline threshold count is 1
2022-05-04 03:16:01,360 [Listener at 127.0.0.1/33297] INFO  safemode.OneReplicaPipelineSafeModeRule (OneReplicaPipelineSafeModeRule.java:initializeRule(180)) - Total pipeline count is 0, pipeline's with at least one datanode reported threshold count is 0
2022-05-04 03:16:01,378 [Listener at 127.0.0.1/33297] INFO  ipc.CallQueueManager (CallQueueManager.java:<init>(90)) - Using callQueue: class java.util.concurrent.LinkedBlockingQueue, queueCapacity: 2000, scheduler: class org.apache.hadoop.ipc.DefaultRpcScheduler, ipcBackoff: false.
2022-05-04 03:16:01,398 [Socket Reader #1 for port 0] INFO  ipc.Server (Server.java:run(1265)) - Starting Socket Reader #1 for port 0
2022-05-04 03:16:01,411 [Listener at 0.0.0.0/41125] INFO  ipc.CallQueueManager (CallQueueManager.java:<init>(90)) - Using callQueue: class java.util.concurrent.LinkedBlockingQueue, queueCapacity: 2000, scheduler: class org.apache.hadoop.ipc.DefaultRpcScheduler, ipcBackoff: false.
2022-05-04 03:16:01,414 [Socket Reader #1 for port 0] INFO  ipc.Server (Server.java:run(1265)) - Starting Socket Reader #1 for port 0
2022-05-04 03:16:01,427 [Listener at 0.0.0.0/39281] INFO  ipc.CallQueueManager (CallQueueManager.java:<init>(90)) - Using callQueue: class java.util.concurrent.LinkedBlockingQueue, queueCapacity: 2000, scheduler: class org.apache.hadoop.ipc.DefaultRpcScheduler, ipcBackoff: false.
2022-05-04 03:16:01,434 [ReplicationMonitor] INFO  container.ReplicationManager (ReplicationManager.java:processAll(374)) - Replication Manager is not ready to run until 3000ms after safemode exit
2022-05-04 03:16:01,457 [Socket Reader #1 for port 0] INFO  ipc.Server (Server.java:run(1265)) - Starting Socket Reader #1 for port 0
2022-05-04 03:16:01,555 [Listener at 0.0.0.0/41659] INFO  server.StorageContainerManager (StorageContainerManager.java:<init>(391)) - 
Container Balancer status:
Key                            Value
Running                        false
Container Balancer Configuration values:
Key                                                Value
Threshold                                          10
Max Datanodes to Involve per Iteration(percent)    20
Max Size to Move per Iteration                     500GB
Max Size Entering Target per Iteration             26GB
Max Size Leaving Source per Iteration              26GB

2022-05-04 03:16:01,555 [Listener at 0.0.0.0/41659] WARN  events.EventQueue (EventQueue.java:fireEvent(194)) - No event handler registered for event TypedEvent{payloadType=SafeModeStatus, name='Safe mode status'}
2022-05-04 03:16:01,555 [Listener at 0.0.0.0/41659] INFO  ha.SCMContext (SCMContext.java:updateSafeModeStatus(211)) - Update SafeModeStatus from SafeModeStatus{safeModeStatus=true, preCheckPassed=false} to SafeModeStatus{safeModeStatus=true, preCheckPassed=false}.
2022-05-04 03:16:01,555 [Listener at 0.0.0.0/41659] INFO  server.StorageContainerManager (StorageContainerManager.java:start(1333)) - StorageContainerLocationProtocol RPC server is listening at /0.0.0.0:41659
2022-05-04 03:16:01,557 [Listener at 0.0.0.0/41659] WARN  impl.MetricsConfig (MetricsConfig.java:loadFirst(136)) - Cannot locate configuration: tried hadoop-metrics2-storagecontainermanager.properties,hadoop-metrics2.properties
2022-05-04 03:16:01,576 [Listener at 0.0.0.0/41659] INFO  impl.MetricsSystemImpl (MetricsSystemImpl.java:startTimer(378)) - Scheduled Metric snapshot period at 10 second(s).
2022-05-04 03:16:01,576 [Listener at 0.0.0.0/41659] INFO  impl.MetricsSystemImpl (MetricsSystemImpl.java:start(191)) - StorageContainerManager metrics system started
2022-05-04 03:16:01,656 [Listener at 0.0.0.0/41659] INFO  impl.MetricsSinkAdapter (MetricsSinkAdapter.java:start(204)) - Sink prometheus started
2022-05-04 03:16:01,657 [Listener at 0.0.0.0/41659] INFO  impl.MetricsSystemImpl (MetricsSystemImpl.java:registerSink(305)) - Registered sink prometheus
2022-05-04 03:16:01,744 [Listener at 0.0.0.0/41659] INFO  server.SCMClientProtocolServer (SCMClientProtocolServer.java:start(169)) - RPC server for Client  is listening at /0.0.0.0:41659
2022-05-04 03:16:01,745 [IPC Server Responder] INFO  ipc.Server (Server.java:run(1507)) - IPC Server Responder: starting
2022-05-04 03:16:01,777 [IPC Server listener on 0] INFO  ipc.Server (Server.java:run(1344)) - IPC Server listener on 0: starting
2022-05-04 03:16:01,823 [Listener at 0.0.0.0/41659] INFO  server.StorageContainerManager (StorageContainerManager.java:start(1348)) - ScmBlockLocationProtocol RPC server is listening at /0.0.0.0:39281
2022-05-04 03:16:01,823 [Listener at 0.0.0.0/41659] INFO  server.SCMBlockProtocolServer (SCMBlockProtocolServer.java:start(151)) - RPC server for Block Protocol is listening at /0.0.0.0:39281
2022-05-04 03:16:01,824 [IPC Server Responder] INFO  ipc.Server (Server.java:run(1507)) - IPC Server Responder: starting
2022-05-04 03:16:01,824 [IPC Server listener on 0] INFO  ipc.Server (Server.java:run(1344)) - IPC Server listener on 0: starting
2022-05-04 03:16:01,826 [Listener at 0.0.0.0/41659] INFO  server.SCMDatanodeProtocolServer (SCMDatanodeProtocolServer.java:start(183)) - ScmDatanodeProtocol RPC server for DataNodes is listening at /0.0.0.0:41125
2022-05-04 03:16:01,827 [IPC Server Responder] INFO  ipc.Server (Server.java:run(1507)) - IPC Server Responder: starting
2022-05-04 03:16:01,827 [IPC Server listener on 0] INFO  ipc.Server (Server.java:run(1344)) - IPC Server listener on 0: starting
2022-05-04 03:16:01,850 [Listener at 0.0.0.0/41659] INFO  http.BaseHttpServer (BaseHttpServer.java:newHttpServer2BuilderForOzone(209)) - Starting Web-server for scm at: http://0.0.0.0:0
2022-05-04 03:16:01,851 [Listener at 0.0.0.0/41659] INFO  http.BaseHttpServer (BaseHttpServer.java:<init>(107)) - Hadoop Security Enabled: false Ozone Security Enabled: false Ozone HTTP Security Enabled: false 
2022-05-04 03:16:01,852 [Listener at 0.0.0.0/41659] INFO  server.AuthenticationFilter (AuthenticationFilter.java:constructSecretProvider(240)) - Unable to initialize FileSignerSecretProvider, falling back to use random secrets.
2022-05-04 03:16:01,852 [org.apache.hadoop.util.JvmPauseMonitor$Monitor@4f50a274] INFO  util.JvmPauseMonitor (JvmPauseMonitor.java:run(188)) - Starting JVM pause monitor
2022-05-04 03:16:01,859 [Listener at 0.0.0.0/41659] WARN  http.HttpRequestLog (HttpRequestLog.java:getRequestLog(103)) - Jetty request log can only be enabled using Log4j
2022-05-04 03:16:01,860 [Listener at 0.0.0.0/41659] INFO  http.HttpServer2 (HttpServer2.java:addGlobalFilter(1030)) - Added global filter 'safety' (class=org.apache.hadoop.hdds.server.http.HttpServer2$QuotingInputFilter)
2022-05-04 03:16:01,861 [Listener at 0.0.0.0/41659] INFO  http.HttpServer2 (HttpServer2.java:addFilter(1006)) - Added filter static_user_filter (class=org.apache.hadoop.http.lib.StaticUserWebFilter$StaticUserFilter) to context scm
2022-05-04 03:16:01,861 [Listener at 0.0.0.0/41659] INFO  http.HttpServer2 (HttpServer2.java:addFilter(1014)) - Added filter static_user_filter (class=org.apache.hadoop.http.lib.StaticUserWebFilter$StaticUserFilter) to context static
2022-05-04 03:16:01,861 [Listener at 0.0.0.0/41659] INFO  http.HttpServer2 (HttpServer2.java:addFilter(1014)) - Added filter static_user_filter (class=org.apache.hadoop.http.lib.StaticUserWebFilter$StaticUserFilter) to context logs
2022-05-04 03:16:01,862 [Listener at 0.0.0.0/41659] INFO  http.HttpServer2 (HttpServer2.java:bindListener(1249)) - Jetty bound to port 37517
2022-05-04 03:16:01,862 [Listener at 0.0.0.0/41659] INFO  server.Server (Server.java:doStart(375)) - jetty-9.4.43.v20210629; built: 2021-06-30T11:07:22.254Z; git: 526006ecfa3af7f1a27ef3a288e2bef7ea9dd7e8; jvm 1.8.0_322-b06
2022-05-04 03:16:01,867 [Listener at 0.0.0.0/41659] INFO  server.session (DefaultSessionIdManager.java:doStart(334)) - DefaultSessionIdManager workerName=node0
2022-05-04 03:16:01,867 [Listener at 0.0.0.0/41659] INFO  server.session (DefaultSessionIdManager.java:doStart(339)) - No SessionScavenger set, using defaults
2022-05-04 03:16:01,868 [Listener at 0.0.0.0/41659] INFO  server.session (HouseKeeper.java:startScavenging(132)) - node0 Scavenging every 660000ms
2022-05-04 03:16:01,870 [Listener at 0.0.0.0/41659] INFO  handler.ContextHandler (ContextHandler.java:doStart(915)) - Started o.e.j.s.ServletContextHandler@1f711438{logs,/logs,file:///home/runner/work/ozone/ozone/hadoop-ozone/integration-test/target/log,AVAILABLE}
2022-05-04 03:16:01,870 [Listener at 0.0.0.0/41659] INFO  handler.ContextHandler (ContextHandler.java:doStart(915)) - Started o.e.j.s.ServletContextHandler@5371ba50{static,/static,file:///home/runner/work/ozone/ozone/hadoop-ozone/integration-test/target/test-classes/webapps/static,AVAILABLE}
2022-05-04 03:16:01,873 [Listener at 0.0.0.0/41659] INFO  handler.ContextHandler (ContextHandler.java:doStart(915)) - Started o.e.j.w.WebAppContext@2ee4eba0{scm,/,file:///home/runner/work/ozone/ozone/hadoop-ozone/integration-test/target/test-classes/webapps/scm/,AVAILABLE}{file:/home/runner/work/ozone/ozone/hadoop-ozone/integration-test/target/test-classes/webapps/scm}
2022-05-04 03:16:01,894 [Listener at 0.0.0.0/41659] INFO  server.AbstractConnector (AbstractConnector.java:doStart(331)) - Started ServerConnector@233f4b3a{HTTP/1.1, (http/1.1)}{0.0.0.0:37517}
2022-05-04 03:16:01,894 [Listener at 0.0.0.0/41659] INFO  server.Server (Server.java:doStart(415)) - Started @238135ms
2022-05-04 03:16:01,894 [Listener at 0.0.0.0/41659] WARN  impl.MetricsSystemImpl (MetricsSystemImpl.java:register(279)) - Sink prometheus already exists!
2022-05-04 03:16:01,895 [Listener at 0.0.0.0/41659] INFO  http.BaseHttpServer (BaseHttpServer.java:updateConnectorAddress(329)) - HTTP server of scm listening at http://0.0.0.0:37517
2022-05-04 03:16:01,895 [Listener at 0.0.0.0/41659] WARN  server.ServerUtils (ServerUtils.java:getDBPath(225)) - ozone.om.db.dirs is not configured. We recommend adding this setting. Falling back to ozone.metadata.dirs instead.
2022-05-04 03:16:01,902 [Listener at 0.0.0.0/41659] INFO  ha.OMHANodeDetails (OMHANodeDetails.java:loadOMHAConfig(112)) - ozone.om.internal.service.id is not defined, falling back to ozone.om.service.ids to find serviceID for OzoneManager if it is HA enabled cluster
2022-05-04 03:16:01,902 [Listener at 0.0.0.0/41659] INFO  ha.OMHANodeDetails (OMHANodeDetails.java:loadOMHAConfig(218)) - Configuration does not have ozone.om.address set. Falling back to the default OM address /127.0.0.1:0
2022-05-04 03:16:01,902 [Listener at 0.0.0.0/41659] INFO  ha.OMHANodeDetails (OMHANodeDetails.java:getOMNodeDetailsForNonHA(246)) - OM Service ID is not set. Setting it to the default ID: omServiceIdDefault
2022-05-04 03:16:01,903 [Listener at 0.0.0.0/41659] INFO  ha.OMHANodeDetails (OMHANodeDetails.java:getOMNodeDetailsForNonHA(253)) - OM Node ID is not set. Setting it to the default ID: om1
2022-05-04 03:16:01,903 [Listener at 0.0.0.0/41659] WARN  server.ServerUtils (ServerUtils.java:getDBPath(225)) - ozone.om.db.dirs is not configured. We recommend adding this setting. Falling back to ozone.metadata.dirs instead.
2022-05-04 03:16:01,903 [Listener at 0.0.0.0/41659] INFO  upgrade.AbstractLayoutVersionManager (AbstractLayoutVersionManager.java:init(79)) - Initializing Layout version manager with metadata layout = ERASURE_CODED_STORAGE_SUPPORT (version = 1), software layout = ERASURE_CODED_STORAGE_SUPPORT (version = 1)
2022-05-04 03:16:02,119 [Listener at 0.0.0.0/41659] INFO  reflections.Reflections (Reflections.java:scan(232)) - Reflections took 215 ms to scan 2 urls, producing 143 keys and 368 values [using 2 cores]
2022-05-04 03:16:02,119 [Listener at 0.0.0.0/41659] INFO  upgrade.OMLayoutVersionManager (OMLayoutVersionManager.java:lambda$0(115)) - Skipping Upgrade Action MockOmUpgradeAction since it has been finalized.
2022-05-04 03:16:02,120 [Listener at 0.0.0.0/41659] WARN  server.ServerUtils (ServerUtils.java:getDBPath(225)) - ozone.om.db.dirs is not configured. We recommend adding this setting. Falling back to ozone.metadata.dirs instead.
2022-05-04 03:16:02,155 [Listener at 0.0.0.0/41659] WARN  server.ServerUtils (ServerUtils.java:getDBPath(225)) - ozone.om.db.dirs is not configured. We recommend adding this setting. Falling back to ozone.metadata.dirs instead.
2022-05-04 03:16:02,155 [Listener at 0.0.0.0/41659] INFO  codec.OmKeyInfoCodec (OmKeyInfoCodec.java:<init>(49)) - OmKeyInfoCodec ignorePipeline = true
2022-05-04 03:16:02,156 [Listener at 0.0.0.0/41659] INFO  codec.RepeatedOmKeyInfoCodec (RepeatedOmKeyInfoCodec.java:<init>(41)) - RepeatedOmKeyInfoCodec ignorePipeline = true
2022-05-04 03:16:02,497 [Listener at 0.0.0.0/41659] INFO  om.OzoneManager (OzoneManager.java:addS3GVolumeToDB(3880)) - Created Volume s3v With Owner runner required for S3Gateway operations.
2022-05-04 03:16:02,497 [Listener at 0.0.0.0/41659] WARN  server.ServerUtils (ServerUtils.java:getDefaultRatisDirectory(237)) - Storage directory for Ratis is not configured. It is a good idea to map this to an SSD disk. Falling back to ozone.metadata.dirs
2022-05-04 03:16:02,498 [Listener at 0.0.0.0/41659] WARN  utils.OzoneManagerRatisUtils (OzoneManagerRatisUtils.java:getOMRatisSnapshotDirectory(395)) - ozone.om.ratis.snapshot.dir is not configured. Falling back to ozone.metadata.dirs config
2022-05-04 03:16:02,509 [Listener at 0.0.0.0/41659] WARN  server.ServerUtils (ServerUtils.java:getDefaultRatisDirectory(237)) - Storage directory for Ratis is not configured. It is a good idea to map this to an SSD disk. Falling back to ozone.metadata.dirs
2022-05-04 03:16:02,510 [Listener at 0.0.0.0/41659] INFO  ratis.OzoneManagerRatisServer (OzoneManagerRatisServer.java:<init>(159)) - Instantiating OM Ratis server with groupID: omServiceIdDefault and peers: localhost:9872
2022-05-04 03:16:02,511 [Listener at 0.0.0.0/41659] INFO  ratis.OzoneManagerStateMachine (OzoneManagerStateMachine.java:loadSnapshotInfoFromDB(627)) - LastAppliedIndex is set from TransactionInfo from OM DB as (t:0, i:~)
2022-05-04 03:16:02,511 [Listener at 0.0.0.0/41659] INFO  server.RaftServer (ConfUtils.java:logGet(44)) - raft.rpc.type = GRPC (default)
2022-05-04 03:16:02,511 [Listener at 0.0.0.0/41659] INFO  grpc.GrpcFactory (GrpcFactory.java:checkPooledByteBufAllocatorUseCacheForAllThreads(48)) - PERFORMANCE WARNING: useCacheForAllThreads is true that may cause Netty to create a lot garbage objects and, as a result, trigger GC.
	It is recommended to disable useCacheForAllThreads by setting -Dorg.apache.ratis.thirdparty.io.netty.allocator.useCacheForAllThreads=false in command line.
2022-05-04 03:16:02,511 [Listener at 0.0.0.0/41659] INFO  grpc.GrpcConfigKeys (ConfUtils.java:logGet(44)) - raft.grpc.admin.port = -1 (default)
2022-05-04 03:16:02,511 [Listener at 0.0.0.0/41659] INFO  grpc.GrpcConfigKeys (ConfUtils.java:logGet(44)) - raft.grpc.server.port = 9872 (custom)
2022-05-04 03:16:02,512 [Listener at 0.0.0.0/41659] INFO  grpc.GrpcConfigKeys (ConfUtils.java:logGet(44)) - raft.grpc.client.port = -1 (default)
2022-05-04 03:16:02,512 [Listener at 0.0.0.0/41659] INFO  grpc.GrpcConfigKeys (ConfUtils.java:logGet(44)) - raft.grpc.server.port = 9872 (custom)
2022-05-04 03:16:02,512 [Listener at 0.0.0.0/41659] INFO  grpc.GrpcConfigKeys (ConfUtils.java:logGet(44)) - raft.grpc.server.port = 9872 (custom)
2022-05-04 03:16:02,512 [Listener at 0.0.0.0/41659] INFO  server.GrpcService (ConfUtils.java:logGet(44)) - raft.grpc.message.size.max = 33554432 (custom)
2022-05-04 03:16:02,512 [Listener at 0.0.0.0/41659] INFO  server.RaftServerConfigKeys (ConfUtils.java:logGet(44)) - raft.server.log.appender.buffer.byte-limit = 33554432 (custom)
2022-05-04 03:16:02,512 [Listener at 0.0.0.0/41659] INFO  server.GrpcService (ConfUtils.java:logGet(44)) - raft.grpc.flow.control.window = 1MB (=1048576) (default)
2022-05-04 03:16:02,512 [Listener at 0.0.0.0/41659] INFO  server.RaftServerConfigKeys (ConfUtils.java:logGet(44)) - raft.server.rpc.request.timeout = 3000ms (default)
2022-05-04 03:16:02,515 [Listener at 0.0.0.0/41659] INFO  impl.DataStreamServerImpl (ConfUtils.java:logGet(44)) - raft.datastream.type = DISABLED (default)
2022-05-04 03:16:02,516 [Listener at 0.0.0.0/41659] INFO  server.RaftServerConfigKeys (ConfUtils.java:logGet(44)) - raft.server.rpc.slowness.timeout = 120s (custom)
2022-05-04 03:16:02,516 [Listener at 0.0.0.0/41659] INFO  server.RaftServerConfigKeys (ConfUtils.java:logGet(44)) - raft.server.leaderelection.leader.step-down.wait-time = 10s (default)
2022-05-04 03:16:02,516 [Listener at 0.0.0.0/41659] INFO  server.RaftServerConfigKeys (ConfUtils.java:logGet(44)) - raft.server.storage.dir = [/home/runner/work/ozone/ozone/hadoop-ozone/integration-test/target/test-dir/MiniOzoneClusterImpl-cc5aeae0-6f4d-475e-97ef-958bfb15a03d/ozone-meta/ratis] (custom)
2022-05-04 03:16:02,517 [Listener at 0.0.0.0/41659] INFO  server.RaftServer (RaftServerProxy.java:addNew(95)) - om1: addNew group-C5BA1605619E:[om1|rpc:localhost:9872|priority:0] returns group-C5BA1605619E:java.util.concurrent.CompletableFuture@87814f1[Not completed]
2022-05-04 03:16:02,518 [Listener at 0.0.0.0/41659] INFO  om.OzoneManager (OzoneManager.java:initializeRatisServer(1891)) - OzoneManager Ratis server initialized at port 9872
2022-05-04 03:16:02,519 [Listener at 0.0.0.0/41659] INFO  om.OzoneManager (OzoneManager.java:getRpcServer(1027)) - Creating RPC Server
2022-05-04 03:16:02,520 [pool-706-thread-1] INFO  server.RaftServer$Division (RaftServerImpl.java:<init>(184)) - om1: new RaftServerImpl for group-C5BA1605619E:[om1|rpc:localhost:9872|priority:0] with OzoneManagerStateMachine:uninitialized
2022-05-04 03:16:02,538 [pool-706-thread-1] INFO  server.RaftServerConfigKeys (ConfUtils.java:logGet(44)) - raft.server.rpc.timeout.min = 1s (custom)
2022-05-04 03:16:02,556 [pool-706-thread-1] INFO  server.RaftServerConfigKeys (ConfUtils.java:logGet(44)) - raft.server.rpc.timeout.max = 1200ms (custom)
2022-05-04 03:16:02,556 [pool-706-thread-1] INFO  server.RaftServerConfigKeys (ConfUtils.java:logGet(44)) - raft.server.rpc.sleep.time = 25ms (default)
2022-05-04 03:16:02,556 [pool-706-thread-1] INFO  server.RaftServerConfigKeys (ConfUtils.java:logGet(44)) - raft.server.rpc.slowness.timeout = 120s (custom)
2022-05-04 03:16:02,556 [pool-706-thread-1] INFO  server.RaftServerConfigKeys (ConfUtils.java:logGet(44)) - raft.server.leaderelection.leader.step-down.wait-time = 10s (default)
2022-05-04 03:16:02,556 [pool-706-thread-1] INFO  server.RaftServerConfigKeys (ConfUtils.java:logGet(44)) - raft.server.sleep.deviation.threshold = 300ms (default)
2022-05-04 03:16:02,556 [pool-706-thread-1] INFO  server.RaftServerConfigKeys (ConfUtils.java:logGet(44)) - raft.server.log.appender.install.snapshot.enabled = false (custom)
2022-05-04 03:16:02,556 [pool-706-thread-1] INFO  server.RaftServer$Division (ServerState.java:<init>(105)) - om1@group-C5BA1605619E: ConfigurationManager, init=-1: [om1|rpc:localhost:9872|priority:0], old=null, confs=<EMPTY_MAP>
2022-05-04 03:16:02,556 [pool-706-thread-1] INFO  server.RaftServerConfigKeys (ConfUtils.java:logGet(44)) - raft.server.storage.dir = [/home/runner/work/ozone/ozone/hadoop-ozone/integration-test/target/test-dir/MiniOzoneClusterImpl-cc5aeae0-6f4d-475e-97ef-958bfb15a03d/ozone-meta/ratis] (custom)
2022-05-04 03:16:02,557 [pool-706-thread-1] INFO  server.RaftServerConfigKeys (ConfUtils.java:logGet(44)) - raft.server.log.corruption.policy = EXCEPTION (default)
2022-05-04 03:16:02,557 [pool-706-thread-1] INFO  server.RaftServerConfigKeys (ConfUtils.java:logGet(44)) - raft.server.storage.free-space.min = 0MB (=0) (default)
2022-05-04 03:16:02,557 [pool-706-thread-1] INFO  storage.RaftStorageDirectory (RaftStorageDirectoryImpl.java:analyzeStorage(135)) - The storage directory /home/runner/work/ozone/ozone/hadoop-ozone/integration-test/target/test-dir/MiniOzoneClusterImpl-cc5aeae0-6f4d-475e-97ef-958bfb15a03d/ozone-meta/ratis/bf265839-605b-3f16-9796-c5ba1605619e does not exist. Creating ...
2022-05-04 03:16:02,560 [pool-706-thread-1] INFO  storage.RaftStorageDirectory (RaftStorageDirectoryImpl.java:tryLock(230)) - Lock on /home/runner/work/ozone/ozone/hadoop-ozone/integration-test/target/test-dir/MiniOzoneClusterImpl-cc5aeae0-6f4d-475e-97ef-958bfb15a03d/ozone-meta/ratis/bf265839-605b-3f16-9796-c5ba1605619e/in_use.lock acquired by nodename 29567@fv-az270-73
2022-05-04 03:16:02,583 [pool-706-thread-1] INFO  storage.RaftStorage (RaftStorageImpl.java:format(89)) - Storage directory /home/runner/work/ozone/ozone/hadoop-ozone/integration-test/target/test-dir/MiniOzoneClusterImpl-cc5aeae0-6f4d-475e-97ef-958bfb15a03d/ozone-meta/ratis/bf265839-605b-3f16-9796-c5ba1605619e has been successfully formatted.
2022-05-04 03:16:02,583 [pool-706-thread-1] INFO  server.RaftServerConfigKeys (ConfUtils.java:logGet(44)) - raft.server.notification.no-leader.timeout = 120s (custom)
2022-05-04 03:16:02,584 [pool-706-thread-1] INFO  server.RaftServerConfigKeys (ConfUtils.java:logGet(44)) - raft.server.log.use.memory = false (default)
2022-05-04 03:16:02,584 [pool-706-thread-1] INFO  server.RaftServerConfigKeys (ConfUtils.java:logGet(44)) - raft.server.log.purge.gap = 1000000 (custom)
2022-05-04 03:16:02,584 [pool-706-thread-1] INFO  server.RaftServerConfigKeys (ConfUtils.java:logGet(44)) - raft.server.log.appender.buffer.byte-limit = 33554432 (custom)
2022-05-04 03:16:02,586 [pool-706-thread-1] INFO  server.RaftServerConfigKeys (ConfUtils.java:logGet(44)) - raft.server.log.segment.size.max = 4194304 (custom)
2022-05-04 03:16:02,587 [pool-706-thread-1] INFO  server.RaftServerConfigKeys (ConfUtils.java:logGet(44)) - raft.server.log.segment.cache.num.max = 2 (custom)
2022-05-04 03:16:02,587 [pool-706-thread-1] INFO  server.RaftServerConfigKeys (ConfUtils.java:logGet(44)) - raft.server.log.segment.cache.size.max = 200MB (=209715200) (default)
2022-05-04 03:16:02,587 [pool-706-thread-1] INFO  segmented.SegmentedRaftLogWorker (SegmentedRaftLogWorker.java:<init>(182)) - new om1@group-C5BA1605619E-SegmentedRaftLogWorker for RaftStorageImpl:Storage Directory /home/runner/work/ozone/ozone/hadoop-ozone/integration-test/target/test-dir/MiniOzoneClusterImpl-cc5aeae0-6f4d-475e-97ef-958bfb15a03d/ozone-meta/ratis/bf265839-605b-3f16-9796-c5ba1605619e
2022-05-04 03:16:02,587 [pool-706-thread-1] INFO  server.RaftServerConfigKeys (ConfUtils.java:logGet(44)) - raft.server.log.queue.byte-limit = 64MB (=67108864) (default)
2022-05-04 03:16:02,587 [pool-706-thread-1] INFO  server.RaftServerConfigKeys (ConfUtils.java:logGet(44)) - raft.server.log.queue.element-limit = 4096 (default)
2022-05-04 03:16:02,587 [pool-706-thread-1] INFO  server.RaftServerConfigKeys (ConfUtils.java:logGet(44)) - raft.server.log.segment.size.max = 4194304 (custom)
2022-05-04 03:16:02,587 [pool-706-thread-1] INFO  server.RaftServerConfigKeys (ConfUtils.java:logGet(44)) - raft.server.log.preallocated.size = 4194304 (custom)
2022-05-04 03:16:02,587 [pool-706-thread-1] INFO  server.RaftServerConfigKeys (ConfUtils.java:logGet(44)) - raft.server.log.force.sync.num = 128 (default)
2022-05-04 03:16:02,587 [pool-706-thread-1] INFO  server.RaftServerConfigKeys (ConfUtils.java:logGet(44)) - raft.server.log.statemachine.data.sync = true (default)
2022-05-04 03:16:02,587 [pool-706-thread-1] INFO  server.RaftServerConfigKeys (ConfUtils.java:logGet(44)) - raft.server.log.statemachine.data.sync.timeout = 10s (default)
2022-05-04 03:16:02,587 [pool-706-thread-1] INFO  server.RaftServerConfigKeys (ConfUtils.java:logGet(44)) - raft.server.log.statemachine.data.sync.timeout.retry = -1 (default)
2022-05-04 03:16:02,600 [pool-706-thread-1] INFO  server.RaftServerConfigKeys (ConfUtils.java:logGet(44)) - raft.server.log.write.buffer.size = 64KB (=65536) (default)
2022-05-04 03:16:02,601 [pool-706-thread-1] INFO  server.RaftServerConfigKeys (ConfUtils.java:logGet(44)) - raft.server.log.statemachine.data.caching.enabled = false (default)
2022-05-04 03:16:02,601 [pool-706-thread-1] INFO  segmented.SegmentedRaftLogWorker (SegmentedRaftLogWorker.java:lambda$new$0(133)) - om1@group-C5BA1605619E-SegmentedRaftLogWorker: flushIndex: setUnconditionally 0 -> -1
2022-05-04 03:16:02,601 [pool-706-thread-1] INFO  segmented.SegmentedRaftLogWorker (SegmentedRaftLogWorker.java:lambda$new$0(133)) - om1@group-C5BA1605619E-SegmentedRaftLogWorker: safeCacheEvictIndex: setUnconditionally 0 -> -1
2022-05-04 03:16:02,634 [pool-706-thread-1] INFO  server.RaftServerConfigKeys (ConfUtils.java:logGet(44)) - raft.server.snapshot.auto.trigger.enabled = true (custom)
2022-05-04 03:16:02,635 [pool-706-thread-1] INFO  server.RaftServerConfigKeys (ConfUtils.java:logGet(44)) - raft.server.snapshot.auto.trigger.threshold = 400000 (default)
2022-05-04 03:16:02,635 [pool-706-thread-1] INFO  server.RaftServerConfigKeys (ConfUtils.java:logGet(44)) - raft.server.snapshot.retention.file.num = -1 (default)
2022-05-04 03:16:02,635 [pool-706-thread-1] INFO  server.RaftServerConfigKeys (ConfUtils.java:logGet(44)) - raft.server.log.purge.upto.snapshot.index = true (custom)
2022-05-04 03:16:02,635 [pool-706-thread-1] INFO  server.RaftServerConfigKeys (ConfUtils.java:logGet(44)) - raft.server.retrycache.expirytime = 300s (custom)
2022-05-04 03:16:02,635 [pool-706-thread-1] INFO  server.RaftServerConfigKeys (ConfUtils.java:logGet(44)) - raft.server.retrycache.statistics.expirytime = 100μs (default)
2022-05-04 03:16:03,764 [Listener at 0.0.0.0/41659] INFO  reflections.Reflections (Reflections.java:scan(232)) - Reflections took 1245 ms to scan 19 urls, producing 61 keys and 3647 values [using 2 cores]
2022-05-04 03:16:03,766 [Listener at 0.0.0.0/41659] INFO  ipc.CallQueueManager (CallQueueManager.java:<init>(90)) - Using callQueue: class java.util.concurrent.LinkedBlockingQueue, queueCapacity: 2000, scheduler: class org.apache.hadoop.ipc.DefaultRpcScheduler, ipcBackoff: false.
2022-05-04 03:16:03,799 [Socket Reader #1 for port 0] INFO  ipc.Server (Server.java:run(1265)) - Starting Socket Reader #1 for port 0
2022-05-04 03:16:03,866 [Listener at 127.0.0.1/37999] INFO  impl.MetricsSystemImpl (MetricsSystemImpl.java:init(158)) - OzoneManager metrics system started (again)
2022-05-04 03:16:03,880 [Listener at 127.0.0.1/37999] INFO  om.OzoneManager (OzoneManager.java:start(1395)) - OzoneManager RPC server is listening at localhost/127.0.0.1:37999
2022-05-04 03:16:03,880 [Listener at 127.0.0.1/37999] INFO  ratis.OzoneManagerRatisServer (OzoneManagerRatisServer.java:start(554)) - Starting OzoneManagerRatisServer om1 at port 9872
2022-05-04 03:16:03,880 [Listener at 127.0.0.1/37999] INFO  server.RaftServer$Division (RaftServerImpl.java:start(301)) - om1@group-C5BA1605619E: start as a follower, conf=-1: [om1|rpc:localhost:9872|priority:0], old=null
2022-05-04 03:16:03,880 [Listener at 127.0.0.1/37999] INFO  server.RaftServer$Division (RaftServerImpl.java:setRole(290)) - om1@group-C5BA1605619E: changes role from      null to FOLLOWER at term 0 for startAsFollower
2022-05-04 03:16:03,880 [Listener at 127.0.0.1/37999] INFO  impl.RoleInfo (RoleInfo.java:updateAndGet(130)) - om1: start om1@group-C5BA1605619E-FollowerState
2022-05-04 03:16:03,890 [Listener at 127.0.0.1/37999] INFO  util.JmxRegister (JmxRegister.java:tryRegister(44)) - Successfully registered JMX Bean with object name Ratis:service=RaftServer,group=group-C5BA1605619E,id=om1
2022-05-04 03:16:03,896 [Listener at 127.0.0.1/37999] INFO  server.RaftServer (RaftServerProxy.java:lambda$start$5(374)) - om1: start RPC server
2022-05-04 03:16:03,899 [Listener at 127.0.0.1/37999] INFO  server.GrpcService (GrpcService.java:startImpl(253)) - om1: GrpcService started, listening on 9872
2022-05-04 03:16:03,899 [Listener at 127.0.0.1/37999] INFO  om.OzoneManager (OzoneManager.java:start(1411)) - Version File has different layout version (1) than OM DB (null). That is expected if this OM has never been finalized to a newer layout version.
2022-05-04 03:16:03,900 [org.apache.ratis.util.JvmPauseMonitor$$Lambda$565/1325392746@6ca73ab2] INFO  util.JvmPauseMonitor (JvmPauseMonitor.java:run(103)) - JvmPauseMonitor-om1: Started
2022-05-04 03:16:03,904 [Listener at 127.0.0.1/37999] INFO  http.BaseHttpServer (BaseHttpServer.java:newHttpServer2BuilderForOzone(209)) - Starting Web-server for ozoneManager at: http://0.0.0.0:0
2022-05-04 03:16:03,904 [Listener at 127.0.0.1/37999] INFO  http.BaseHttpServer (BaseHttpServer.java:<init>(107)) - Hadoop Security Enabled: false Ozone Security Enabled: false Ozone HTTP Security Enabled: false 
2022-05-04 03:16:03,905 [Listener at 127.0.0.1/37999] INFO  server.AuthenticationFilter (AuthenticationFilter.java:constructSecretProvider(240)) - Unable to initialize FileSignerSecretProvider, falling back to use random secrets.
2022-05-04 03:16:03,905 [Listener at 127.0.0.1/37999] WARN  http.HttpRequestLog (HttpRequestLog.java:getRequestLog(103)) - Jetty request log can only be enabled using Log4j
2022-05-04 03:16:03,906 [Listener at 127.0.0.1/37999] INFO  http.HttpServer2 (HttpServer2.java:addGlobalFilter(1030)) - Added global filter 'safety' (class=org.apache.hadoop.hdds.server.http.HttpServer2$QuotingInputFilter)
2022-05-04 03:16:03,907 [Listener at 127.0.0.1/37999] INFO  http.HttpServer2 (HttpServer2.java:addFilter(1006)) - Added filter static_user_filter (class=org.apache.hadoop.http.lib.StaticUserWebFilter$StaticUserFilter) to context ozoneManager
2022-05-04 03:16:03,907 [Listener at 127.0.0.1/37999] INFO  http.HttpServer2 (HttpServer2.java:addFilter(1014)) - Added filter static_user_filter (class=org.apache.hadoop.http.lib.StaticUserWebFilter$StaticUserFilter) to context logs
2022-05-04 03:16:03,907 [Listener at 127.0.0.1/37999] INFO  http.HttpServer2 (HttpServer2.java:addFilter(1014)) - Added filter static_user_filter (class=org.apache.hadoop.http.lib.StaticUserWebFilter$StaticUserFilter) to context static
2022-05-04 03:16:03,907 [Listener at 127.0.0.1/37999] INFO  http.HttpServer2 (HttpServer2.java:bindListener(1249)) - Jetty bound to port 37879
2022-05-04 03:16:03,908 [Listener at 127.0.0.1/37999] INFO  server.Server (Server.java:doStart(375)) - jetty-9.4.43.v20210629; built: 2021-06-30T11:07:22.254Z; git: 526006ecfa3af7f1a27ef3a288e2bef7ea9dd7e8; jvm 1.8.0_322-b06
2022-05-04 03:16:03,916 [Listener at 127.0.0.1/37999] INFO  server.session (DefaultSessionIdManager.java:doStart(334)) - DefaultSessionIdManager workerName=node0
2022-05-04 03:16:03,916 [Listener at 127.0.0.1/37999] INFO  server.session (DefaultSessionIdManager.java:doStart(339)) - No SessionScavenger set, using defaults
2022-05-04 03:16:03,917 [Listener at 127.0.0.1/37999] INFO  server.session (HouseKeeper.java:startScavenging(132)) - node0 Scavenging every 600000ms
2022-05-04 03:16:03,917 [Listener at 127.0.0.1/37999] INFO  handler.ContextHandler (ContextHandler.java:doStart(915)) - Started o.e.j.s.ServletContextHandler@71c229b6{logs,/logs,file:///home/runner/work/ozone/ozone/hadoop-ozone/integration-test/target/log,AVAILABLE}
2022-05-04 03:16:03,918 [Listener at 127.0.0.1/37999] INFO  handler.ContextHandler (ContextHandler.java:doStart(915)) - Started o.e.j.s.ServletContextHandler@1968bd52{static,/static,file:///home/runner/work/ozone/ozone/hadoop-ozone/integration-test/target/test-classes/webapps/static,AVAILABLE}
2022-05-04 03:16:03,921 [Listener at 127.0.0.1/37999] INFO  handler.ContextHandler (ContextHandler.java:doStart(915)) - Started o.e.j.w.WebAppContext@62963fb0{ozoneManager,/,file:///home/runner/work/ozone/ozone/hadoop-ozone/integration-test/target/test-classes/webapps/ozoneManager/,AVAILABLE}{file:/home/runner/work/ozone/ozone/hadoop-ozone/integration-test/target/test-classes/webapps/ozoneManager}
2022-05-04 03:16:03,942 [Listener at 127.0.0.1/37999] INFO  server.AbstractConnector (AbstractConnector.java:doStart(331)) - Started ServerConnector@1af8946b{HTTP/1.1, (http/1.1)}{0.0.0.0:37879}
2022-05-04 03:16:03,942 [Listener at 127.0.0.1/37999] INFO  server.Server (Server.java:doStart(415)) - Started @240182ms
2022-05-04 03:16:03,942 [Listener at 127.0.0.1/37999] WARN  impl.MetricsSystemImpl (MetricsSystemImpl.java:register(279)) - Sink prometheus already exists!
2022-05-04 03:16:03,943 [Listener at 127.0.0.1/37999] INFO  http.BaseHttpServer (BaseHttpServer.java:updateConnectorAddress(329)) - HTTP server of ozoneManager listening at http://0.0.0.0:37879
2022-05-04 03:16:03,957 [IPC Server Responder] INFO  ipc.Server (Server.java:run(1507)) - IPC Server Responder: starting
2022-05-04 03:16:03,962 [IPC Server listener on 0] INFO  ipc.Server (Server.java:run(1344)) - IPC Server listener on 0: starting
2022-05-04 03:16:03,978 [Listener at 127.0.0.1/37999] INFO  om.TrashPolicyOzone (TrashPolicyOzone.java:<init>(178)) - Ozone Manager trash configuration: Deletion interval = 0 minutes, Emptier interval = 0 minutes.
2022-05-04 03:16:04,066 [org.apache.hadoop.util.JvmPauseMonitor$Monitor@71fbfa85] INFO  util.JvmPauseMonitor (JvmPauseMonitor.java:run(188)) - Starting JVM pause monitor
2022-05-04 03:16:04,099 [Listener at 127.0.0.1/37999] WARN  impl.MetricRegistriesImpl (MetricRegistriesImpl.java:addReporterRegistration(111)) - New reporters are added after registries were created. Some metrics will be missing from the reporter. Please add reporter before adding any new registry.
2022-05-04 03:16:04,099 [Listener at 127.0.0.1/37999] WARN  impl.MetricRegistriesImpl (MetricRegistriesImpl.java:addReporterRegistration(111)) - New reporters are added after registries were created. Some metrics will be missing from the reporter. Please add reporter before adding any new registry.
2022-05-04 03:16:04,099 [Listener at 127.0.0.1/37999] INFO  impl.MetricsSystemImpl (MetricsSystemImpl.java:init(158)) - HddsDatanode metrics system started (again)
2022-05-04 03:16:04,151 [Listener at 127.0.0.1/37999] INFO  ozone.HddsDatanodeService (HddsDatanodeService.java:start(233)) - HddsDatanodeService host:fv-az270-73.tacnzluakwdehk1hpragurqkma.bx.internal.cloudapp.net ip:10.1.0.22
2022-05-04 03:16:04,254 [Listener at 127.0.0.1/37999] INFO  upgrade.AbstractLayoutVersionManager (AbstractLayoutVersionManager.java:init(79)) - Initializing Layout version manager with metadata layout = ERASURE_CODED_STORAGE_SUPPORT (version = 3), software layout = ERASURE_CODED_STORAGE_SUPPORT (version = 3)
2022-05-04 03:16:04,401 [Listener at 127.0.0.1/37999] INFO  reflections.Reflections (Reflections.java:scan(232)) - Reflections took 141 ms to scan 7 urls, producing 126 keys and 289 values 
2022-05-04 03:16:04,416 [Listener at 127.0.0.1/37999] INFO  statemachine.DatanodeStateMachine (DatanodeStateMachine.java:getEndPointTaskThreadPoolSize(224)) - Datanode State Machine Task Thread Pool size 2
2022-05-04 03:16:04,417 [Listener at 127.0.0.1/37999] INFO  volume.HddsVolume (HddsVolume.java:<init>(120)) - Creating HddsVolume: /home/runner/work/ozone/ozone/hadoop-ozone/integration-test/target/test-dir/MiniOzoneClusterImpl-cc5aeae0-6f4d-475e-97ef-958bfb15a03d/datanode-0/data-0/containers/hdds of storage type : DISK capacity : 9223372036854775807
2022-05-04 03:16:04,417 [Listener at 127.0.0.1/37999] INFO  volume.MutableVolumeSet (MutableVolumeSet.java:initializeVolumeSet(168)) - Added Volume : /home/runner/work/ozone/ozone/hadoop-ozone/integration-test/target/test-dir/MiniOzoneClusterImpl-cc5aeae0-6f4d-475e-97ef-958bfb15a03d/datanode-0/data-0/containers/hdds to VolumeSet
2022-05-04 03:16:04,417 [Listener at 127.0.0.1/37999] INFO  volume.ThrottledAsyncChecker (ThrottledAsyncChecker.java:schedule(141)) - Scheduling a check for /home/runner/work/ozone/ozone/hadoop-ozone/integration-test/target/test-dir/MiniOzoneClusterImpl-cc5aeae0-6f4d-475e-97ef-958bfb15a03d/datanode-0/data-0/containers/hdds
2022-05-04 03:16:04,423 [Listener at 127.0.0.1/37999] INFO  volume.StorageVolumeChecker (StorageVolumeChecker.java:checkAllVolumes(202)) - Scheduled health check for volume /home/runner/work/ozone/ozone/hadoop-ozone/integration-test/target/test-dir/MiniOzoneClusterImpl-cc5aeae0-6f4d-475e-97ef-958bfb15a03d/datanode-0/data-0/containers/hdds
2022-05-04 03:16:04,437 [Listener at 127.0.0.1/37999] INFO  volume.MutableVolumeSet (MutableVolumeSet.java:initializeVolumeSet(168)) - Added Volume : /home/runner/work/ozone/ozone/hadoop-ozone/integration-test/target/test-dir/MiniOzoneClusterImpl-cc5aeae0-6f4d-475e-97ef-958bfb15a03d/datanode-0/data/ratis to VolumeSet
2022-05-04 03:16:04,437 [Listener at 127.0.0.1/37999] INFO  volume.ThrottledAsyncChecker (ThrottledAsyncChecker.java:schedule(141)) - Scheduling a check for /home/runner/work/ozone/ozone/hadoop-ozone/integration-test/target/test-dir/MiniOzoneClusterImpl-cc5aeae0-6f4d-475e-97ef-958bfb15a03d/datanode-0/data/ratis
2022-05-04 03:16:04,438 [Listener at 127.0.0.1/37999] INFO  volume.StorageVolumeChecker (StorageVolumeChecker.java:checkAllVolumes(202)) - Scheduled health check for volume /home/runner/work/ozone/ozone/hadoop-ozone/integration-test/target/test-dir/MiniOzoneClusterImpl-cc5aeae0-6f4d-475e-97ef-958bfb15a03d/datanode-0/data/ratis
2022-05-04 03:16:04,469 [Thread-1673] INFO  ozoneimpl.ContainerReader (ContainerReader.java:readVolume(172)) - Finish verifying containers on volume /home/runner/work/ozone/ozone/hadoop-ozone/integration-test/target/test-dir/MiniOzoneClusterImpl-cc5aeae0-6f4d-475e-97ef-958bfb15a03d/datanode-0/data-0/containers/hdds
2022-05-04 03:16:04,469 [Listener at 127.0.0.1/37999] INFO  ozoneimpl.OzoneContainer (OzoneContainer.java:buildContainerSet(257)) - Build ContainerSet costs 0s
2022-05-04 03:16:04,472 [Listener at 127.0.0.1/37999] INFO  server.RaftServer (ConfUtils.java:logGet(44)) - raft.rpc.type = GRPC (default)
2022-05-04 03:16:04,472 [Listener at 127.0.0.1/37999] INFO  grpc.GrpcFactory (GrpcFactory.java:checkPooledByteBufAllocatorUseCacheForAllThreads(48)) - PERFORMANCE WARNING: useCacheForAllThreads is true that may cause Netty to create a lot garbage objects and, as a result, trigger GC.
	It is recommended to disable useCacheForAllThreads by setting -Dorg.apache.ratis.thirdparty.io.netty.allocator.useCacheForAllThreads=false in command line.
2022-05-04 03:16:04,472 [Listener at 127.0.0.1/37999] INFO  grpc.GrpcConfigKeys (ConfUtils.java:logGet(44)) - raft.grpc.admin.port = 0 (custom)
2022-05-04 03:16:04,472 [Listener at 127.0.0.1/37999] INFO  grpc.GrpcConfigKeys (ConfUtils.java:logGet(44)) - raft.grpc.client.port = 0 (custom)
2022-05-04 03:16:04,473 [Listener at 127.0.0.1/37999] INFO  grpc.GrpcConfigKeys (ConfUtils.java:logGet(44)) - raft.grpc.server.port = 0 (default)
2022-05-04 03:16:04,473 [Listener at 127.0.0.1/37999] INFO  server.GrpcService (ConfUtils.java:logGet(44)) - raft.grpc.message.size.max = 32MB (=33554432) (custom)
2022-05-04 03:16:04,473 [Listener at 127.0.0.1/37999] INFO  server.RaftServerConfigKeys (ConfUtils.java:logGet(44)) - raft.server.log.appender.buffer.byte-limit = 33554432 (custom)
2022-05-04 03:16:04,473 [Listener at 127.0.0.1/37999] INFO  server.GrpcService (ConfUtils.java:logGet(44)) - raft.grpc.flow.control.window = 5MB (=5242880) (custom)
2022-05-04 03:16:04,473 [Listener at 127.0.0.1/37999] INFO  server.RaftServerConfigKeys (ConfUtils.java:logGet(44)) - raft.server.rpc.request.timeout = 60s (custom)
2022-05-04 03:16:04,483 [Listener at 127.0.0.1/37999] INFO  impl.DataStreamServerImpl (ConfUtils.java:logGet(44)) - raft.datastream.type = DISABLED (default)
2022-05-04 03:16:04,485 [Listener at 127.0.0.1/37999] INFO  server.RaftServerConfigKeys (ConfUtils.java:logGet(44)) - raft.server.rpc.slowness.timeout = 300s (custom)
2022-05-04 03:16:04,485 [Listener at 127.0.0.1/37999] INFO  server.RaftServerConfigKeys (ConfUtils.java:logGet(44)) - raft.server.leaderelection.leader.step-down.wait-time = 10s (default)
2022-05-04 03:16:04,485 [Listener at 127.0.0.1/37999] INFO  server.RaftServerConfigKeys (ConfUtils.java:logGet(44)) - raft.server.storage.dir = [/home/runner/work/ozone/ozone/hadoop-ozone/integration-test/target/test-dir/MiniOzoneClusterImpl-cc5aeae0-6f4d-475e-97ef-958bfb15a03d/datanode-0/data/ratis] (custom)
2022-05-04 03:16:04,498 [Listener at 127.0.0.1/37999] INFO  server.XceiverServerGrpc (XceiverServerGrpc.java:<init>(132)) - GrpcServer channel type EpollServerSocketChannel
2022-05-04 03:16:04,508 [Listener at 127.0.0.1/37999] INFO  http.BaseHttpServer (BaseHttpServer.java:newHttpServer2BuilderForOzone(209)) - Starting Web-server for hddsDatanode at: http://0.0.0.0:0
2022-05-04 03:16:04,508 [Listener at 127.0.0.1/37999] INFO  http.BaseHttpServer (BaseHttpServer.java:<init>(107)) - Hadoop Security Enabled: false Ozone Security Enabled: false Ozone HTTP Security Enabled: false 
2022-05-04 03:16:04,509 [Listener at 127.0.0.1/37999] INFO  server.AuthenticationFilter (AuthenticationFilter.java:constructSecretProvider(240)) - Unable to initialize FileSignerSecretProvider, falling back to use random secrets.
2022-05-04 03:16:04,510 [Listener at 127.0.0.1/37999] WARN  http.HttpRequestLog (HttpRequestLog.java:getRequestLog(103)) - Jetty request log can only be enabled using Log4j
2022-05-04 03:16:04,511 [Listener at 127.0.0.1/37999] INFO  http.HttpServer2 (HttpServer2.java:addGlobalFilter(1030)) - Added global filter 'safety' (class=org.apache.hadoop.hdds.server.http.HttpServer2$QuotingInputFilter)
2022-05-04 03:16:04,511 [Listener at 127.0.0.1/37999] INFO  http.HttpServer2 (HttpServer2.java:addFilter(1006)) - Added filter static_user_filter (class=org.apache.hadoop.http.lib.StaticUserWebFilter$StaticUserFilter) to context hddsDatanode
2022-05-04 03:16:04,511 [Listener at 127.0.0.1/37999] INFO  http.HttpServer2 (HttpServer2.java:addFilter(1014)) - Added filter static_user_filter (class=org.apache.hadoop.http.lib.StaticUserWebFilter$StaticUserFilter) to context logs
2022-05-04 03:16:04,512 [Listener at 127.0.0.1/37999] INFO  http.HttpServer2 (HttpServer2.java:addFilter(1014)) - Added filter static_user_filter (class=org.apache.hadoop.http.lib.StaticUserWebFilter$StaticUserFilter) to context static
2022-05-04 03:16:04,512 [Listener at 127.0.0.1/37999] INFO  http.HttpServer2 (HttpServer2.java:bindListener(1249)) - Jetty bound to port 45273
2022-05-04 03:16:04,512 [Listener at 127.0.0.1/37999] INFO  server.Server (Server.java:doStart(375)) - jetty-9.4.43.v20210629; built: 2021-06-30T11:07:22.254Z; git: 526006ecfa3af7f1a27ef3a288e2bef7ea9dd7e8; jvm 1.8.0_322-b06
2022-05-04 03:16:04,563 [Listener at 127.0.0.1/37999] INFO  server.session (DefaultSessionIdManager.java:doStart(334)) - DefaultSessionIdManager workerName=node0
2022-05-04 03:16:04,564 [Listener at 127.0.0.1/37999] INFO  server.session (DefaultSessionIdManager.java:doStart(339)) - No SessionScavenger set, using defaults
2022-05-04 03:16:04,564 [Listener at 127.0.0.1/37999] INFO  server.session (HouseKeeper.java:startScavenging(132)) - node0 Scavenging every 660000ms
2022-05-04 03:16:04,565 [Listener at 127.0.0.1/37999] INFO  handler.ContextHandler (ContextHandler.java:doStart(915)) - Started o.e.j.s.ServletContextHandler@63c6a639{logs,/logs,file:///home/runner/work/ozone/ozone/hadoop-ozone/integration-test/target/log,AVAILABLE}
2022-05-04 03:16:04,565 [Listener at 127.0.0.1/37999] INFO  handler.ContextHandler (ContextHandler.java:doStart(915)) - Started o.e.j.s.ServletContextHandler@7722f86d{static,/static,jar:file:/home/runner/.m2/repository/org/apache/ozone/hdds-container-service/1.3.0-SNAPSHOT/hdds-container-service-1.3.0-SNAPSHOT.jar!/webapps/static,AVAILABLE}
2022-05-04 03:16:04,934 [Listener at 127.0.0.1/37999] INFO  handler.ContextHandler (ContextHandler.java:doStart(915)) - Started o.e.j.w.WebAppContext@4dc4f05{hddsDatanode,/,file:///tmp/jetty-0_0_0_0-45273-hdds-container-service-1_3_0-SNAPSHOT_jar-_-any-2843432690085848948/webapp/,AVAILABLE}{jar:file:/home/runner/.m2/repository/org/apache/ozone/hdds-container-service/1.3.0-SNAPSHOT/hdds-container-service-1.3.0-SNAPSHOT.jar!/webapps/hddsDatanode}
2022-05-04 03:16:04,936 [Listener at 127.0.0.1/37999] INFO  server.AbstractConnector (AbstractConnector.java:doStart(331)) - Started ServerConnector@33117039{HTTP/1.1, (http/1.1)}{0.0.0.0:45273}
2022-05-04 03:16:04,937 [Listener at 127.0.0.1/37999] INFO  server.Server (Server.java:doStart(415)) - Started @241177ms
2022-05-04 03:16:04,937 [Listener at 127.0.0.1/37999] WARN  impl.MetricsSystemImpl (MetricsSystemImpl.java:register(279)) - Sink prometheus already exists!
2022-05-04 03:16:04,938 [Listener at 127.0.0.1/37999] INFO  http.BaseHttpServer (BaseHttpServer.java:updateConnectorAddress(329)) - HTTP server of hddsDatanode listening at http://0.0.0.0:45273
2022-05-04 03:16:04,940 [Listener at 127.0.0.1/37999] WARN  impl.MetricRegistriesImpl (MetricRegistriesImpl.java:addReporterRegistration(111)) - New reporters are added after registries were created. Some metrics will be missing from the reporter. Please add reporter before adding any new registry.
2022-05-04 03:16:04,940 [Listener at 127.0.0.1/37999] WARN  impl.MetricRegistriesImpl (MetricRegistriesImpl.java:addReporterRegistration(111)) - New reporters are added after registries were created. Some metrics will be missing from the reporter. Please add reporter before adding any new registry.
2022-05-04 03:16:04,940 [Listener at 127.0.0.1/37999] INFO  impl.MetricsSystemImpl (MetricsSystemImpl.java:init(158)) - HddsDatanode metrics system started (again)
2022-05-04 03:16:04,949 [Datanode State Machine Daemon Thread] INFO  statemachine.DatanodeStateMachine (DatanodeStateMachine.java:lambda$startDaemon$0(472)) - Ozone container server started.
2022-05-04 03:16:04,994 [org.apache.hadoop.util.JvmPauseMonitor$Monitor@14400357] INFO  util.JvmPauseMonitor (JvmPauseMonitor.java:run(188)) - Starting JVM pause monitor
2022-05-04 03:16:04,999 [om1@group-C5BA1605619E-FollowerState] INFO  impl.FollowerState (FollowerState.java:run(134)) - om1@group-C5BA1605619E-FollowerState: change to CANDIDATE, lastRpcElapsedTime:1118802287ns, electionTimeout:1108ms
2022-05-04 03:16:04,999 [om1@group-C5BA1605619E-FollowerState] INFO  impl.RoleInfo (RoleInfo.java:shutdownFollowerState(108)) - om1: shutdown om1@group-C5BA1605619E-FollowerState
2022-05-04 03:16:04,999 [om1@group-C5BA1605619E-FollowerState] INFO  server.RaftServer$Division (RaftServerImpl.java:setRole(290)) - om1@group-C5BA1605619E: changes role from  FOLLOWER to CANDIDATE at term 0 for changeToCandidate
2022-05-04 03:16:05,000 [om1@group-C5BA1605619E-FollowerState] INFO  server.RaftServerConfigKeys (ConfUtils.java:logGet(44)) - raft.server.leaderelection.pre-vote = false (custom)
2022-05-04 03:16:05,000 [om1@group-C5BA1605619E-FollowerState] INFO  impl.RoleInfo (RoleInfo.java:updateAndGet(130)) - om1: start om1@group-C5BA1605619E-LeaderElection48
2022-05-04 03:16:05,054 [Datanode State Machine Task Thread - 0] INFO  datanode.InitDatanodeState (InitDatanodeState.java:persistContainerDatanodeDetails(138)) - DatanodeDetails is persisted to /home/runner/work/ozone/ozone/hadoop-ozone/integration-test/target/test-dir/MiniOzoneClusterImpl-cc5aeae0-6f4d-475e-97ef-958bfb15a03d/datanode-0/meta/datanode.id
2022-05-04 03:16:05,063 [om1@group-C5BA1605619E-LeaderElection48] INFO  impl.LeaderElection (LeaderElection.java:askForVotes(306)) - om1@group-C5BA1605619E-LeaderElection48 ELECTION round 0: submit vote requests at term 1 for -1: [om1|rpc:localhost:9872|priority:0], old=null
2022-05-04 03:16:05,063 [om1@group-C5BA1605619E-LeaderElection48] INFO  impl.LeaderElection (LeaderElection.java:askForVotes(308)) - om1@group-C5BA1605619E-LeaderElection48 ELECTION round 0: result PASSED (term=1)
2022-05-04 03:16:05,063 [om1@group-C5BA1605619E-LeaderElection48] INFO  impl.RoleInfo (RoleInfo.java:shutdownLeaderElection(121)) - om1: shutdown om1@group-C5BA1605619E-LeaderElection48
2022-05-04 03:16:05,063 [om1@group-C5BA1605619E-LeaderElection48] INFO  server.RaftServer$Division (RaftServerImpl.java:setRole(290)) - om1@group-C5BA1605619E: changes role from CANDIDATE to LEADER at term 1 for changeToLeader
2022-05-04 03:16:05,063 [om1@group-C5BA1605619E-LeaderElection48] INFO  server.RaftServer$Division (ServerState.java:setLeader(285)) - om1@group-C5BA1605619E: change Leader from null to om1 at term 1 for becomeLeader, leader elected after 2479ms
2022-05-04 03:16:05,063 [om1@group-C5BA1605619E-LeaderElection48] INFO  server.RaftServerConfigKeys (ConfUtils.java:logGet(44)) - raft.server.staging.catchup.gap = 1000 (default)
2022-05-04 03:16:05,064 [om1@group-C5BA1605619E-LeaderElection48] INFO  server.RaftServerConfigKeys (ConfUtils.java:logGet(44)) - raft.server.write.element-limit = 4096 (default)
2022-05-04 03:16:05,064 [om1@group-C5BA1605619E-LeaderElection48] INFO  server.RaftServerConfigKeys (ConfUtils.java:logGet(44)) - raft.server.write.byte-limit = 64MB (=67108864) (default)
2022-05-04 03:16:05,064 [om1@group-C5BA1605619E-LeaderElection48] INFO  server.RaftServerConfigKeys (ConfUtils.java:logGet(44)) - raft.server.watch.timeout = 10s (default)
2022-05-04 03:16:05,064 [om1@group-C5BA1605619E-LeaderElection48] INFO  server.RaftServerConfigKeys (ConfUtils.java:logGet(44)) - raft.server.watch.timeout.denomination = 1s (default)
2022-05-04 03:16:05,064 [om1@group-C5BA1605619E-LeaderElection48] INFO  server.RaftServerConfigKeys (ConfUtils.java:logGet(44)) - raft.server.watch.element-limit = 65536 (default)
2022-05-04 03:16:05,064 [om1@group-C5BA1605619E-LeaderElection48] INFO  server.RaftServerConfigKeys (ConfUtils.java:logGet(44)) - raft.server.write.element-limit = 4096 (default)
2022-05-04 03:16:05,064 [om1@group-C5BA1605619E-LeaderElection48] INFO  server.RaftServerConfigKeys (ConfUtils.java:logGet(44)) - raft.server.write.follower.gap.ratio.max = -1.0 (default)
2022-05-04 03:16:05,065 [om1@group-C5BA1605619E-LeaderElection48] INFO  impl.RoleInfo (RoleInfo.java:updateAndGet(130)) - om1: start om1@group-C5BA1605619E-LeaderStateImpl
2022-05-04 03:16:05,065 [om1@group-C5BA1605619E-LeaderElection48] INFO  segmented.SegmentedRaftLogWorker (SegmentedRaftLogWorker.java:startLogSegment(394)) - om1@group-C5BA1605619E-SegmentedRaftLogWorker: Starting segment from index:0
2022-05-04 03:16:05,083 [om1@group-C5BA1605619E-SegmentedRaftLogWorker] INFO  segmented.SegmentedRaftLogWorker (SegmentedRaftLogWorker.java:execute(601)) - om1@group-C5BA1605619E-SegmentedRaftLogWorker: created new log segment /home/runner/work/ozone/ozone/hadoop-ozone/integration-test/target/test-dir/MiniOzoneClusterImpl-cc5aeae0-6f4d-475e-97ef-958bfb15a03d/ozone-meta/ratis/bf265839-605b-3f16-9796-c5ba1605619e/current/log_inprogress_0
2022-05-04 03:16:05,095 [om1@group-C5BA1605619E-LeaderElection48] INFO  server.RaftServer$Division (ServerState.java:setRaftConf(387)) - om1@group-C5BA1605619E: set configuration 0: [om1|rpc:localhost:9872|admin:|client:|dataStream:|priority:0], old=null
2022-05-04 03:16:05,096 [Listener at 127.0.0.1/37999] INFO  ozone.HddsDatanodeService (HddsDatanodeService.java:start(233)) - HddsDatanodeService host:fv-az270-73.tacnzluakwdehk1hpragurqkma.bx.internal.cloudapp.net ip:10.1.0.22
2022-05-04 03:16:05,111 [om1@group-C5BA1605619E-StateMachineUpdater] INFO  ratis.OzoneManagerStateMachine (OzoneManagerStateMachine.java:notifyConfigurationChanged(191)) - Received Configuration change notification from Ratis. New Peer list:
[id: "om1"
address: "localhost:9872"
]
2022-05-04 03:16:05,144 [Listener at 127.0.0.1/37999] INFO  upgrade.AbstractLayoutVersionManager (AbstractLayoutVersionManager.java:init(79)) - Initializing Layout version manager with metadata layout = ERASURE_CODED_STORAGE_SUPPORT (version = 3), software layout = ERASURE_CODED_STORAGE_SUPPORT (version = 3)
2022-05-04 03:16:05,233 [Listener at 127.0.0.1/37999] INFO  reflections.Reflections (Reflections.java:scan(232)) - Reflections took 87 ms to scan 7 urls, producing 126 keys and 289 values 
2022-05-04 03:16:05,235 [Listener at 127.0.0.1/37999] INFO  statemachine.DatanodeStateMachine (DatanodeStateMachine.java:getEndPointTaskThreadPoolSize(224)) - Datanode State Machine Task Thread Pool size 2
2022-05-04 03:16:05,238 [Listener at 127.0.0.1/37999] INFO  volume.HddsVolume (HddsVolume.java:<init>(120)) - Creating HddsVolume: /home/runner/work/ozone/ozone/hadoop-ozone/integration-test/target/test-dir/MiniOzoneClusterImpl-cc5aeae0-6f4d-475e-97ef-958bfb15a03d/datanode-1/data-0/containers/hdds of storage type : DISK capacity : 9223372036854775807
2022-05-04 03:16:05,241 [Listener at 127.0.0.1/37999] INFO  volume.MutableVolumeSet (MutableVolumeSet.java:initializeVolumeSet(168)) - Added Volume : /home/runner/work/ozone/ozone/hadoop-ozone/integration-test/target/test-dir/MiniOzoneClusterImpl-cc5aeae0-6f4d-475e-97ef-958bfb15a03d/datanode-1/data-0/containers/hdds to VolumeSet
2022-05-04 03:16:05,241 [Listener at 127.0.0.1/37999] INFO  volume.ThrottledAsyncChecker (ThrottledAsyncChecker.java:schedule(141)) - Scheduling a check for /home/runner/work/ozone/ozone/hadoop-ozone/integration-test/target/test-dir/MiniOzoneClusterImpl-cc5aeae0-6f4d-475e-97ef-958bfb15a03d/datanode-1/data-0/containers/hdds
2022-05-04 03:16:05,242 [Listener at 127.0.0.1/37999] INFO  volume.StorageVolumeChecker (StorageVolumeChecker.java:checkAllVolumes(202)) - Scheduled health check for volume /home/runner/work/ozone/ozone/hadoop-ozone/integration-test/target/test-dir/MiniOzoneClusterImpl-cc5aeae0-6f4d-475e-97ef-958bfb15a03d/datanode-1/data-0/containers/hdds
2022-05-04 03:16:05,264 [Listener at 127.0.0.1/37999] INFO  volume.MutableVolumeSet (MutableVolumeSet.java:initializeVolumeSet(168)) - Added Volume : /home/runner/work/ozone/ozone/hadoop-ozone/integration-test/target/test-dir/MiniOzoneClusterImpl-cc5aeae0-6f4d-475e-97ef-958bfb15a03d/datanode-1/data/ratis to VolumeSet
2022-05-04 03:16:05,265 [Listener at 127.0.0.1/37999] INFO  volume.ThrottledAsyncChecker (ThrottledAsyncChecker.java:schedule(141)) - Scheduling a check for /home/runner/work/ozone/ozone/hadoop-ozone/integration-test/target/test-dir/MiniOzoneClusterImpl-cc5aeae0-6f4d-475e-97ef-958bfb15a03d/datanode-1/data/ratis
2022-05-04 03:16:05,265 [Listener at 127.0.0.1/37999] INFO  volume.StorageVolumeChecker (StorageVolumeChecker.java:checkAllVolumes(202)) - Scheduled health check for volume /home/runner/work/ozone/ozone/hadoop-ozone/integration-test/target/test-dir/MiniOzoneClusterImpl-cc5aeae0-6f4d-475e-97ef-958bfb15a03d/datanode-1/data/ratis
2022-05-04 03:16:05,313 [Thread-1687] INFO  ozoneimpl.ContainerReader (ContainerReader.java:readVolume(172)) - Finish verifying containers on volume /home/runner/work/ozone/ozone/hadoop-ozone/integration-test/target/test-dir/MiniOzoneClusterImpl-cc5aeae0-6f4d-475e-97ef-958bfb15a03d/datanode-1/data-0/containers/hdds
2022-05-04 03:16:05,313 [Listener at 127.0.0.1/37999] INFO  ozoneimpl.OzoneContainer (OzoneContainer.java:buildContainerSet(257)) - Build ContainerSet costs 0s
2022-05-04 03:16:05,315 [Listener at 127.0.0.1/37999] INFO  server.RaftServer (ConfUtils.java:logGet(44)) - raft.rpc.type = GRPC (default)
2022-05-04 03:16:05,315 [Listener at 127.0.0.1/37999] INFO  grpc.GrpcFactory (GrpcFactory.java:checkPooledByteBufAllocatorUseCacheForAllThreads(48)) - PERFORMANCE WARNING: useCacheForAllThreads is true that may cause Netty to create a lot garbage objects and, as a result, trigger GC.
	It is recommended to disable useCacheForAllThreads by setting -Dorg.apache.ratis.thirdparty.io.netty.allocator.useCacheForAllThreads=false in command line.
2022-05-04 03:16:05,315 [Listener at 127.0.0.1/37999] INFO  grpc.GrpcConfigKeys (ConfUtils.java:logGet(44)) - raft.grpc.admin.port = 0 (custom)
2022-05-04 03:16:05,315 [Listener at 127.0.0.1/37999] INFO  grpc.GrpcConfigKeys (ConfUtils.java:logGet(44)) - raft.grpc.client.port = 0 (custom)
2022-05-04 03:16:05,315 [Listener at 127.0.0.1/37999] INFO  grpc.GrpcConfigKeys (ConfUtils.java:logGet(44)) - raft.grpc.server.port = 0 (default)
2022-05-04 03:16:05,315 [Listener at 127.0.0.1/37999] INFO  server.GrpcService (ConfUtils.java:logGet(44)) - raft.grpc.message.size.max = 32MB (=33554432) (custom)
2022-05-04 03:16:05,316 [Listener at 127.0.0.1/37999] INFO  server.RaftServerConfigKeys (ConfUtils.java:logGet(44)) - raft.server.log.appender.buffer.byte-limit = 33554432 (custom)
2022-05-04 03:16:05,316 [Listener at 127.0.0.1/37999] INFO  server.GrpcService (ConfUtils.java:logGet(44)) - raft.grpc.flow.control.window = 5MB (=5242880) (custom)
2022-05-04 03:16:05,316 [Listener at 127.0.0.1/37999] INFO  server.RaftServerConfigKeys (ConfUtils.java:logGet(44)) - raft.server.rpc.request.timeout = 60s (custom)
2022-05-04 03:16:05,317 [Listener at 127.0.0.1/37999] INFO  impl.DataStreamServerImpl (ConfUtils.java:logGet(44)) - raft.datastream.type = DISABLED (default)
2022-05-04 03:16:05,317 [Listener at 127.0.0.1/37999] INFO  server.RaftServerConfigKeys (ConfUtils.java:logGet(44)) - raft.server.rpc.slowness.timeout = 300s (custom)
2022-05-04 03:16:05,317 [Listener at 127.0.0.1/37999] INFO  server.RaftServerConfigKeys (ConfUtils.java:logGet(44)) - raft.server.leaderelection.leader.step-down.wait-time = 10s (default)
2022-05-04 03:16:05,318 [Listener at 127.0.0.1/37999] INFO  server.RaftServerConfigKeys (ConfUtils.java:logGet(44)) - raft.server.storage.dir = [/home/runner/work/ozone/ozone/hadoop-ozone/integration-test/target/test-dir/MiniOzoneClusterImpl-cc5aeae0-6f4d-475e-97ef-958bfb15a03d/datanode-1/data/ratis] (custom)
2022-05-04 03:16:05,324 [Listener at 127.0.0.1/37999] INFO  server.XceiverServerGrpc (XceiverServerGrpc.java:<init>(132)) - GrpcServer channel type EpollServerSocketChannel
2022-05-04 03:16:05,352 [Listener at 127.0.0.1/37999] INFO  http.BaseHttpServer (BaseHttpServer.java:newHttpServer2BuilderForOzone(209)) - Starting Web-server for hddsDatanode at: http://0.0.0.0:0
2022-05-04 03:16:05,352 [Listener at 127.0.0.1/37999] INFO  http.BaseHttpServer (BaseHttpServer.java:<init>(107)) - Hadoop Security Enabled: false Ozone Security Enabled: false Ozone HTTP Security Enabled: false 
2022-05-04 03:16:05,353 [Listener at 127.0.0.1/37999] INFO  server.AuthenticationFilter (AuthenticationFilter.java:constructSecretProvider(240)) - Unable to initialize FileSignerSecretProvider, falling back to use random secrets.
2022-05-04 03:16:05,374 [Listener at 127.0.0.1/37999] WARN  http.HttpRequestLog (HttpRequestLog.java:getRequestLog(103)) - Jetty request log can only be enabled using Log4j
2022-05-04 03:16:05,375 [Listener at 127.0.0.1/37999] INFO  http.HttpServer2 (HttpServer2.java:addGlobalFilter(1030)) - Added global filter 'safety' (class=org.apache.hadoop.hdds.server.http.HttpServer2$QuotingInputFilter)
2022-05-04 03:16:05,376 [Listener at 127.0.0.1/37999] INFO  http.HttpServer2 (HttpServer2.java:addFilter(1006)) - Added filter static_user_filter (class=org.apache.hadoop.http.lib.StaticUserWebFilter$StaticUserFilter) to context hddsDatanode
2022-05-04 03:16:05,376 [Listener at 127.0.0.1/37999] INFO  http.HttpServer2 (HttpServer2.java:addFilter(1014)) - Added filter static_user_filter (class=org.apache.hadoop.http.lib.StaticUserWebFilter$StaticUserFilter) to context static
2022-05-04 03:16:05,376 [Listener at 127.0.0.1/37999] INFO  http.HttpServer2 (HttpServer2.java:addFilter(1014)) - Added filter static_user_filter (class=org.apache.hadoop.http.lib.StaticUserWebFilter$StaticUserFilter) to context logs
2022-05-04 03:16:05,376 [Listener at 127.0.0.1/37999] INFO  http.HttpServer2 (HttpServer2.java:bindListener(1249)) - Jetty bound to port 39289
2022-05-04 03:16:05,377 [Listener at 127.0.0.1/37999] INFO  server.Server (Server.java:doStart(375)) - jetty-9.4.43.v20210629; built: 2021-06-30T11:07:22.254Z; git: 526006ecfa3af7f1a27ef3a288e2bef7ea9dd7e8; jvm 1.8.0_322-b06
2022-05-04 03:16:05,421 [Listener at 127.0.0.1/37999] INFO  server.session (DefaultSessionIdManager.java:doStart(334)) - DefaultSessionIdManager workerName=node0
2022-05-04 03:16:05,422 [Listener at 127.0.0.1/37999] INFO  server.session (DefaultSessionIdManager.java:doStart(339)) - No SessionScavenger set, using defaults
2022-05-04 03:16:05,422 [Listener at 127.0.0.1/37999] INFO  server.session (HouseKeeper.java:startScavenging(132)) - node0 Scavenging every 660000ms
2022-05-04 03:16:05,432 [Listener at 127.0.0.1/37999] INFO  handler.ContextHandler (ContextHandler.java:doStart(915)) - Started o.e.j.s.ServletContextHandler@47bd0384{logs,/logs,file:///home/runner/work/ozone/ozone/hadoop-ozone/integration-test/target/log,AVAILABLE}
2022-05-04 03:16:05,432 [Listener at 127.0.0.1/37999] INFO  handler.ContextHandler (ContextHandler.java:doStart(915)) - Started o.e.j.s.ServletContextHandler@30f97281{static,/static,jar:file:/home/runner/.m2/repository/org/apache/ozone/hdds-container-service/1.3.0-SNAPSHOT/hdds-container-service-1.3.0-SNAPSHOT.jar!/webapps/static,AVAILABLE}
2022-05-04 03:16:06,006 [Listener at 127.0.0.1/37999] INFO  handler.ContextHandler (ContextHandler.java:doStart(915)) - Started o.e.j.w.WebAppContext@553e7d5b{hddsDatanode,/,file:///tmp/jetty-0_0_0_0-39289-hdds-container-service-1_3_0-SNAPSHOT_jar-_-any-7622134320150500822/webapp/,AVAILABLE}{jar:file:/home/runner/.m2/repository/org/apache/ozone/hdds-container-service/1.3.0-SNAPSHOT/hdds-container-service-1.3.0-SNAPSHOT.jar!/webapps/hddsDatanode}
2022-05-04 03:16:06,023 [Listener at 127.0.0.1/37999] INFO  server.AbstractConnector (AbstractConnector.java:doStart(331)) - Started ServerConnector@526b052a{HTTP/1.1, (http/1.1)}{0.0.0.0:39289}
2022-05-04 03:16:06,023 [Listener at 127.0.0.1/37999] INFO  server.Server (Server.java:doStart(415)) - Started @242264ms
2022-05-04 03:16:06,023 [Listener at 127.0.0.1/37999] WARN  impl.MetricsSystemImpl (MetricsSystemImpl.java:register(279)) - Sink prometheus already exists!
2022-05-04 03:16:06,024 [Listener at 127.0.0.1/37999] INFO  http.BaseHttpServer (BaseHttpServer.java:updateConnectorAddress(329)) - HTTP server of hddsDatanode listening at http://0.0.0.0:39289
2022-05-04 03:16:06,025 [Listener at 127.0.0.1/37999] WARN  impl.MetricRegistriesImpl (MetricRegistriesImpl.java:addReporterRegistration(111)) - New reporters are added after registries were created. Some metrics will be missing from the reporter. Please add reporter before adding any new registry.
2022-05-04 03:16:06,025 [Listener at 127.0.0.1/37999] WARN  impl.MetricRegistriesImpl (MetricRegistriesImpl.java:addReporterRegistration(111)) - New reporters are added after registries were created. Some metrics will be missing from the reporter. Please add reporter before adding any new registry.
2022-05-04 03:16:06,025 [Listener at 127.0.0.1/37999] INFO  impl.MetricsSystemImpl (MetricsSystemImpl.java:init(158)) - HddsDatanode metrics system started (again)
2022-05-04 03:16:06,029 [Datanode State Machine Daemon Thread] INFO  statemachine.DatanodeStateMachine (DatanodeStateMachine.java:lambda$startDaemon$0(472)) - Ozone container server started.
2022-05-04 03:16:06,106 [org.apache.hadoop.util.JvmPauseMonitor$Monitor@29f65d71] INFO  util.JvmPauseMonitor (JvmPauseMonitor.java:run(188)) - Starting JVM pause monitor
2022-05-04 03:16:06,138 [Listener at 127.0.0.1/37999] INFO  ozone.HddsDatanodeService (HddsDatanodeService.java:start(233)) - HddsDatanodeService host:fv-az270-73.tacnzluakwdehk1hpragurqkma.bx.internal.cloudapp.net ip:10.1.0.22
2022-05-04 03:16:06,140 [Datanode State Machine Task Thread - 0] INFO  datanode.InitDatanodeState (InitDatanodeState.java:persistContainerDatanodeDetails(138)) - DatanodeDetails is persisted to /home/runner/work/ozone/ozone/hadoop-ozone/integration-test/target/test-dir/MiniOzoneClusterImpl-cc5aeae0-6f4d-475e-97ef-958bfb15a03d/datanode-1/meta/datanode.id
2022-05-04 03:16:06,185 [Listener at 127.0.0.1/37999] INFO  upgrade.AbstractLayoutVersionManager (AbstractLayoutVersionManager.java:init(79)) - Initializing Layout version manager with metadata layout = ERASURE_CODED_STORAGE_SUPPORT (version = 3), software layout = ERASURE_CODED_STORAGE_SUPPORT (version = 3)
2022-05-04 03:16:06,296 [Listener at 127.0.0.1/37999] INFO  reflections.Reflections (Reflections.java:scan(232)) - Reflections took 108 ms to scan 7 urls, producing 126 keys and 289 values 
2022-05-04 03:16:06,299 [Listener at 127.0.0.1/37999] INFO  statemachine.DatanodeStateMachine (DatanodeStateMachine.java:getEndPointTaskThreadPoolSize(224)) - Datanode State Machine Task Thread Pool size 2
2022-05-04 03:16:06,308 [Listener at 127.0.0.1/37999] INFO  volume.HddsVolume (HddsVolume.java:<init>(120)) - Creating HddsVolume: /home/runner/work/ozone/ozone/hadoop-ozone/integration-test/target/test-dir/MiniOzoneClusterImpl-cc5aeae0-6f4d-475e-97ef-958bfb15a03d/datanode-2/data-0/containers/hdds of storage type : DISK capacity : 9223372036854775807
2022-05-04 03:16:06,308 [Listener at 127.0.0.1/37999] INFO  volume.MutableVolumeSet (MutableVolumeSet.java:initializeVolumeSet(168)) - Added Volume : /home/runner/work/ozone/ozone/hadoop-ozone/integration-test/target/test-dir/MiniOzoneClusterImpl-cc5aeae0-6f4d-475e-97ef-958bfb15a03d/datanode-2/data-0/containers/hdds to VolumeSet
2022-05-04 03:16:06,308 [Listener at 127.0.0.1/37999] INFO  volume.ThrottledAsyncChecker (ThrottledAsyncChecker.java:schedule(141)) - Scheduling a check for /home/runner/work/ozone/ozone/hadoop-ozone/integration-test/target/test-dir/MiniOzoneClusterImpl-cc5aeae0-6f4d-475e-97ef-958bfb15a03d/datanode-2/data-0/containers/hdds
2022-05-04 03:16:06,309 [Listener at 127.0.0.1/37999] INFO  volume.StorageVolumeChecker (StorageVolumeChecker.java:checkAllVolumes(202)) - Scheduled health check for volume /home/runner/work/ozone/ozone/hadoop-ozone/integration-test/target/test-dir/MiniOzoneClusterImpl-cc5aeae0-6f4d-475e-97ef-958bfb15a03d/datanode-2/data-0/containers/hdds
2022-05-04 03:16:06,323 [Listener at 127.0.0.1/37999] INFO  volume.MutableVolumeSet (MutableVolumeSet.java:initializeVolumeSet(168)) - Added Volume : /home/runner/work/ozone/ozone/hadoop-ozone/integration-test/target/test-dir/MiniOzoneClusterImpl-cc5aeae0-6f4d-475e-97ef-958bfb15a03d/datanode-2/data/ratis to VolumeSet
2022-05-04 03:16:06,323 [Listener at 127.0.0.1/37999] INFO  volume.ThrottledAsyncChecker (ThrottledAsyncChecker.java:schedule(141)) - Scheduling a check for /home/runner/work/ozone/ozone/hadoop-ozone/integration-test/target/test-dir/MiniOzoneClusterImpl-cc5aeae0-6f4d-475e-97ef-958bfb15a03d/datanode-2/data/ratis
2022-05-04 03:16:06,323 [Listener at 127.0.0.1/37999] INFO  volume.StorageVolumeChecker (StorageVolumeChecker.java:checkAllVolumes(202)) - Scheduled health check for volume /home/runner/work/ozone/ozone/hadoop-ozone/integration-test/target/test-dir/MiniOzoneClusterImpl-cc5aeae0-6f4d-475e-97ef-958bfb15a03d/datanode-2/data/ratis
2022-05-04 03:16:06,359 [Thread-1699] INFO  ozoneimpl.ContainerReader (ContainerReader.java:readVolume(172)) - Finish verifying containers on volume /home/runner/work/ozone/ozone/hadoop-ozone/integration-test/target/test-dir/MiniOzoneClusterImpl-cc5aeae0-6f4d-475e-97ef-958bfb15a03d/datanode-2/data-0/containers/hdds
2022-05-04 03:16:06,359 [Listener at 127.0.0.1/37999] INFO  ozoneimpl.OzoneContainer (OzoneContainer.java:buildContainerSet(257)) - Build ContainerSet costs 0s
2022-05-04 03:16:06,361 [Listener at 127.0.0.1/37999] INFO  server.RaftServer (ConfUtils.java:logGet(44)) - raft.rpc.type = GRPC (default)
2022-05-04 03:16:06,361 [Listener at 127.0.0.1/37999] INFO  grpc.GrpcFactory (GrpcFactory.java:checkPooledByteBufAllocatorUseCacheForAllThreads(48)) - PERFORMANCE WARNING: useCacheForAllThreads is true that may cause Netty to create a lot garbage objects and, as a result, trigger GC.
	It is recommended to disable useCacheForAllThreads by setting -Dorg.apache.ratis.thirdparty.io.netty.allocator.useCacheForAllThreads=false in command line.
2022-05-04 03:16:06,361 [Listener at 127.0.0.1/37999] INFO  grpc.GrpcConfigKeys (ConfUtils.java:logGet(44)) - raft.grpc.admin.port = 0 (custom)
2022-05-04 03:16:06,361 [Listener at 127.0.0.1/37999] INFO  grpc.GrpcConfigKeys (ConfUtils.java:logGet(44)) - raft.grpc.client.port = 0 (custom)
2022-05-04 03:16:06,361 [Listener at 127.0.0.1/37999] INFO  grpc.GrpcConfigKeys (ConfUtils.java:logGet(44)) - raft.grpc.server.port = 0 (default)
2022-05-04 03:16:06,362 [Listener at 127.0.0.1/37999] INFO  server.GrpcService (ConfUtils.java:logGet(44)) - raft.grpc.message.size.max = 32MB (=33554432) (custom)
2022-05-04 03:16:06,362 [Listener at 127.0.0.1/37999] INFO  server.RaftServerConfigKeys (ConfUtils.java:logGet(44)) - raft.server.log.appender.buffer.byte-limit = 33554432 (custom)
2022-05-04 03:16:06,362 [Listener at 127.0.0.1/37999] INFO  server.GrpcService (ConfUtils.java:logGet(44)) - raft.grpc.flow.control.window = 5MB (=5242880) (custom)
2022-05-04 03:16:06,362 [Listener at 127.0.0.1/37999] INFO  server.RaftServerConfigKeys (ConfUtils.java:logGet(44)) - raft.server.rpc.request.timeout = 60s (custom)
2022-05-04 03:16:06,363 [Listener at 127.0.0.1/37999] INFO  impl.DataStreamServerImpl (ConfUtils.java:logGet(44)) - raft.datastream.type = DISABLED (default)
2022-05-04 03:16:06,363 [Listener at 127.0.0.1/37999] INFO  server.RaftServerConfigKeys (ConfUtils.java:logGet(44)) - raft.server.rpc.slowness.timeout = 300s (custom)
2022-05-04 03:16:06,364 [Listener at 127.0.0.1/37999] INFO  server.RaftServerConfigKeys (ConfUtils.java:logGet(44)) - raft.server.leaderelection.leader.step-down.wait-time = 10s (default)
2022-05-04 03:16:06,364 [Listener at 127.0.0.1/37999] INFO  server.RaftServerConfigKeys (ConfUtils.java:logGet(44)) - raft.server.storage.dir = [/home/runner/work/ozone/ozone/hadoop-ozone/integration-test/target/test-dir/MiniOzoneClusterImpl-cc5aeae0-6f4d-475e-97ef-958bfb15a03d/datanode-2/data/ratis] (custom)
2022-05-04 03:16:06,365 [Listener at 127.0.0.1/37999] INFO  server.XceiverServerGrpc (XceiverServerGrpc.java:<init>(132)) - GrpcServer channel type EpollServerSocketChannel
2022-05-04 03:16:06,367 [Listener at 127.0.0.1/37999] INFO  http.BaseHttpServer (BaseHttpServer.java:newHttpServer2BuilderForOzone(209)) - Starting Web-server for hddsDatanode at: http://0.0.0.0:0
2022-05-04 03:16:06,368 [Listener at 127.0.0.1/37999] INFO  http.BaseHttpServer (BaseHttpServer.java:<init>(107)) - Hadoop Security Enabled: false Ozone Security Enabled: false Ozone HTTP Security Enabled: false 
2022-05-04 03:16:06,378 [Listener at 127.0.0.1/37999] INFO  server.AuthenticationFilter (AuthenticationFilter.java:constructSecretProvider(240)) - Unable to initialize FileSignerSecretProvider, falling back to use random secrets.
2022-05-04 03:16:06,386 [Listener at 127.0.0.1/37999] WARN  http.HttpRequestLog (HttpRequestLog.java:getRequestLog(103)) - Jetty request log can only be enabled using Log4j
2022-05-04 03:16:06,387 [Listener at 127.0.0.1/37999] INFO  http.HttpServer2 (HttpServer2.java:addGlobalFilter(1030)) - Added global filter 'safety' (class=org.apache.hadoop.hdds.server.http.HttpServer2$QuotingInputFilter)
2022-05-04 03:16:06,388 [Listener at 127.0.0.1/37999] INFO  http.HttpServer2 (HttpServer2.java:addFilter(1006)) - Added filter static_user_filter (class=org.apache.hadoop.http.lib.StaticUserWebFilter$StaticUserFilter) to context hddsDatanode
2022-05-04 03:16:06,388 [Listener at 127.0.0.1/37999] INFO  http.HttpServer2 (HttpServer2.java:addFilter(1014)) - Added filter static_user_filter (class=org.apache.hadoop.http.lib.StaticUserWebFilter$StaticUserFilter) to context logs
2022-05-04 03:16:06,388 [Listener at 127.0.0.1/37999] INFO  http.HttpServer2 (HttpServer2.java:addFilter(1014)) - Added filter static_user_filter (class=org.apache.hadoop.http.lib.StaticUserWebFilter$StaticUserFilter) to context static
2022-05-04 03:16:06,393 [Listener at 127.0.0.1/37999] INFO  http.HttpServer2 (HttpServer2.java:bindListener(1249)) - Jetty bound to port 43745
2022-05-04 03:16:06,393 [Listener at 127.0.0.1/37999] INFO  server.Server (Server.java:doStart(375)) - jetty-9.4.43.v20210629; built: 2021-06-30T11:07:22.254Z; git: 526006ecfa3af7f1a27ef3a288e2bef7ea9dd7e8; jvm 1.8.0_322-b06
2022-05-04 03:16:06,398 [Listener at 127.0.0.1/37999] INFO  server.session (DefaultSessionIdManager.java:doStart(334)) - DefaultSessionIdManager workerName=node0
2022-05-04 03:16:06,398 [Listener at 127.0.0.1/37999] INFO  server.session (DefaultSessionIdManager.java:doStart(339)) - No SessionScavenger set, using defaults
2022-05-04 03:16:06,398 [Listener at 127.0.0.1/37999] INFO  server.session (HouseKeeper.java:startScavenging(132)) - node0 Scavenging every 660000ms
2022-05-04 03:16:06,399 [Listener at 127.0.0.1/37999] INFO  handler.ContextHandler (ContextHandler.java:doStart(915)) - Started o.e.j.s.ServletContextHandler@4d2f442e{logs,/logs,file:///home/runner/work/ozone/ozone/hadoop-ozone/integration-test/target/log,AVAILABLE}
2022-05-04 03:16:06,400 [Listener at 127.0.0.1/37999] INFO  handler.ContextHandler (ContextHandler.java:doStart(915)) - Started o.e.j.s.ServletContextHandler@719f35fe{static,/static,jar:file:/home/runner/.m2/repository/org/apache/ozone/hdds-container-service/1.3.0-SNAPSHOT/hdds-container-service-1.3.0-SNAPSHOT.jar!/webapps/static,AVAILABLE}
2022-05-04 03:16:06,781 [Listener at 127.0.0.1/37999] INFO  handler.ContextHandler (ContextHandler.java:doStart(915)) - Started o.e.j.w.WebAppContext@d22d7ba{hddsDatanode,/,file:///tmp/jetty-0_0_0_0-43745-hdds-container-service-1_3_0-SNAPSHOT_jar-_-any-4794416868754853262/webapp/,AVAILABLE}{jar:file:/home/runner/.m2/repository/org/apache/ozone/hdds-container-service/1.3.0-SNAPSHOT/hdds-container-service-1.3.0-SNAPSHOT.jar!/webapps/hddsDatanode}
2022-05-04 03:16:06,787 [Listener at 127.0.0.1/37999] INFO  server.AbstractConnector (AbstractConnector.java:doStart(331)) - Started ServerConnector@75af77d4{HTTP/1.1, (http/1.1)}{0.0.0.0:43745}
2022-05-04 03:16:06,787 [Listener at 127.0.0.1/37999] INFO  server.Server (Server.java:doStart(415)) - Started @243028ms
2022-05-04 03:16:06,787 [Listener at 127.0.0.1/37999] WARN  impl.MetricsSystemImpl (MetricsSystemImpl.java:register(279)) - Sink prometheus already exists!
2022-05-04 03:16:06,788 [Listener at 127.0.0.1/37999] INFO  http.BaseHttpServer (BaseHttpServer.java:updateConnectorAddress(329)) - HTTP server of hddsDatanode listening at http://0.0.0.0:43745
2022-05-04 03:16:06,789 [Listener at 127.0.0.1/37999] WARN  impl.MetricRegistriesImpl (MetricRegistriesImpl.java:addReporterRegistration(111)) - New reporters are added after registries were created. Some metrics will be missing from the reporter. Please add reporter before adding any new registry.
2022-05-04 03:16:06,789 [Listener at 127.0.0.1/37999] WARN  impl.MetricRegistriesImpl (MetricRegistriesImpl.java:addReporterRegistration(111)) - New reporters are added after registries were created. Some metrics will be missing from the reporter. Please add reporter before adding any new registry.
2022-05-04 03:16:06,789 [Listener at 127.0.0.1/37999] INFO  impl.MetricsSystemImpl (MetricsSystemImpl.java:init(158)) - HddsDatanode metrics system started (again)
2022-05-04 03:16:06,803 [Datanode State Machine Daemon Thread] INFO  statemachine.DatanodeStateMachine (DatanodeStateMachine.java:lambda$startDaemon$0(472)) - Ozone container server started.
2022-05-04 03:16:06,822 [Listener at 127.0.0.1/37999] INFO  ozone.HddsDatanodeService (HddsDatanodeService.java:start(233)) - HddsDatanodeService host:fv-az270-73.tacnzluakwdehk1hpragurqkma.bx.internal.cloudapp.net ip:10.1.0.22
2022-05-04 03:16:06,863 [org.apache.hadoop.util.JvmPauseMonitor$Monitor@12962a5a] INFO  util.JvmPauseMonitor (JvmPauseMonitor.java:run(188)) - Starting JVM pause monitor
2022-05-04 03:16:06,864 [Listener at 127.0.0.1/37999] INFO  upgrade.AbstractLayoutVersionManager (AbstractLayoutVersionManager.java:init(79)) - Initializing Layout version manager with metadata layout = ERASURE_CODED_STORAGE_SUPPORT (version = 3), software layout = ERASURE_CODED_STORAGE_SUPPORT (version = 3)
2022-05-04 03:16:06,874 [Datanode State Machine Task Thread - 0] INFO  datanode.InitDatanodeState (InitDatanodeState.java:persistContainerDatanodeDetails(138)) - DatanodeDetails is persisted to /home/runner/work/ozone/ozone/hadoop-ozone/integration-test/target/test-dir/MiniOzoneClusterImpl-cc5aeae0-6f4d-475e-97ef-958bfb15a03d/datanode-2/meta/datanode.id
2022-05-04 03:16:06,922 [Listener at 127.0.0.1/37999] INFO  reflections.Reflections (Reflections.java:scan(232)) - Reflections took 57 ms to scan 7 urls, producing 126 keys and 289 values 
2022-05-04 03:16:06,925 [Listener at 127.0.0.1/37999] INFO  statemachine.DatanodeStateMachine (DatanodeStateMachine.java:getEndPointTaskThreadPoolSize(224)) - Datanode State Machine Task Thread Pool size 2
2022-05-04 03:16:06,926 [Listener at 127.0.0.1/37999] INFO  volume.HddsVolume (HddsVolume.java:<init>(120)) - Creating HddsVolume: /home/runner/work/ozone/ozone/hadoop-ozone/integration-test/target/test-dir/MiniOzoneClusterImpl-cc5aeae0-6f4d-475e-97ef-958bfb15a03d/datanode-3/data-0/containers/hdds of storage type : DISK capacity : 9223372036854775807
2022-05-04 03:16:06,926 [Listener at 127.0.0.1/37999] INFO  volume.MutableVolumeSet (MutableVolumeSet.java:initializeVolumeSet(168)) - Added Volume : /home/runner/work/ozone/ozone/hadoop-ozone/integration-test/target/test-dir/MiniOzoneClusterImpl-cc5aeae0-6f4d-475e-97ef-958bfb15a03d/datanode-3/data-0/containers/hdds to VolumeSet
2022-05-04 03:16:06,926 [Listener at 127.0.0.1/37999] INFO  volume.ThrottledAsyncChecker (ThrottledAsyncChecker.java:schedule(141)) - Scheduling a check for /home/runner/work/ozone/ozone/hadoop-ozone/integration-test/target/test-dir/MiniOzoneClusterImpl-cc5aeae0-6f4d-475e-97ef-958bfb15a03d/datanode-3/data-0/containers/hdds
2022-05-04 03:16:06,946 [Listener at 127.0.0.1/37999] INFO  volume.StorageVolumeChecker (StorageVolumeChecker.java:checkAllVolumes(202)) - Scheduled health check for volume /home/runner/work/ozone/ozone/hadoop-ozone/integration-test/target/test-dir/MiniOzoneClusterImpl-cc5aeae0-6f4d-475e-97ef-958bfb15a03d/datanode-3/data-0/containers/hdds
2022-05-04 03:16:06,961 [Listener at 127.0.0.1/37999] INFO  volume.MutableVolumeSet (MutableVolumeSet.java:initializeVolumeSet(168)) - Added Volume : /home/runner/work/ozone/ozone/hadoop-ozone/integration-test/target/test-dir/MiniOzoneClusterImpl-cc5aeae0-6f4d-475e-97ef-958bfb15a03d/datanode-3/data/ratis to VolumeSet
2022-05-04 03:16:06,961 [Listener at 127.0.0.1/37999] INFO  volume.ThrottledAsyncChecker (ThrottledAsyncChecker.java:schedule(141)) - Scheduling a check for /home/runner/work/ozone/ozone/hadoop-ozone/integration-test/target/test-dir/MiniOzoneClusterImpl-cc5aeae0-6f4d-475e-97ef-958bfb15a03d/datanode-3/data/ratis
2022-05-04 03:16:06,961 [Listener at 127.0.0.1/37999] INFO  volume.StorageVolumeChecker (StorageVolumeChecker.java:checkAllVolumes(202)) - Scheduled health check for volume /home/runner/work/ozone/ozone/hadoop-ozone/integration-test/target/test-dir/MiniOzoneClusterImpl-cc5aeae0-6f4d-475e-97ef-958bfb15a03d/datanode-3/data/ratis
2022-05-04 03:16:06,985 [Thread-1711] INFO  ozoneimpl.ContainerReader (ContainerReader.java:readVolume(172)) - Finish verifying containers on volume /home/runner/work/ozone/ozone/hadoop-ozone/integration-test/target/test-dir/MiniOzoneClusterImpl-cc5aeae0-6f4d-475e-97ef-958bfb15a03d/datanode-3/data-0/containers/hdds
2022-05-04 03:16:06,986 [Listener at 127.0.0.1/37999] INFO  ozoneimpl.OzoneContainer (OzoneContainer.java:buildContainerSet(257)) - Build ContainerSet costs 0s
2022-05-04 03:16:06,987 [Listener at 127.0.0.1/37999] INFO  server.RaftServer (ConfUtils.java:logGet(44)) - raft.rpc.type = GRPC (default)
2022-05-04 03:16:06,988 [Listener at 127.0.0.1/37999] INFO  grpc.GrpcFactory (GrpcFactory.java:checkPooledByteBufAllocatorUseCacheForAllThreads(48)) - PERFORMANCE WARNING: useCacheForAllThreads is true that may cause Netty to create a lot garbage objects and, as a result, trigger GC.
	It is recommended to disable useCacheForAllThreads by setting -Dorg.apache.ratis.thirdparty.io.netty.allocator.useCacheForAllThreads=false in command line.
2022-05-04 03:16:06,988 [Listener at 127.0.0.1/37999] INFO  grpc.GrpcConfigKeys (ConfUtils.java:logGet(44)) - raft.grpc.admin.port = 0 (custom)
2022-05-04 03:16:06,988 [Listener at 127.0.0.1/37999] INFO  grpc.GrpcConfigKeys (ConfUtils.java:logGet(44)) - raft.grpc.client.port = 0 (custom)
2022-05-04 03:16:06,988 [Listener at 127.0.0.1/37999] INFO  grpc.GrpcConfigKeys (ConfUtils.java:logGet(44)) - raft.grpc.server.port = 0 (default)
2022-05-04 03:16:06,988 [Listener at 127.0.0.1/37999] INFO  server.GrpcService (ConfUtils.java:logGet(44)) - raft.grpc.message.size.max = 32MB (=33554432) (custom)
2022-05-04 03:16:06,988 [Listener at 127.0.0.1/37999] INFO  server.RaftServerConfigKeys (ConfUtils.java:logGet(44)) - raft.server.log.appender.buffer.byte-limit = 33554432 (custom)
2022-05-04 03:16:06,988 [Listener at 127.0.0.1/37999] INFO  server.GrpcService (ConfUtils.java:logGet(44)) - raft.grpc.flow.control.window = 5MB (=5242880) (custom)
2022-05-04 03:16:06,991 [Listener at 127.0.0.1/37999] INFO  server.RaftServerConfigKeys (ConfUtils.java:logGet(44)) - raft.server.rpc.request.timeout = 60s (custom)
2022-05-04 03:16:06,992 [Listener at 127.0.0.1/37999] INFO  impl.DataStreamServerImpl (ConfUtils.java:logGet(44)) - raft.datastream.type = DISABLED (default)
2022-05-04 03:16:06,992 [Listener at 127.0.0.1/37999] INFO  server.RaftServerConfigKeys (ConfUtils.java:logGet(44)) - raft.server.rpc.slowness.timeout = 300s (custom)
2022-05-04 03:16:06,992 [Listener at 127.0.0.1/37999] INFO  server.RaftServerConfigKeys (ConfUtils.java:logGet(44)) - raft.server.leaderelection.leader.step-down.wait-time = 10s (default)
2022-05-04 03:16:06,992 [Listener at 127.0.0.1/37999] INFO  server.RaftServerConfigKeys (ConfUtils.java:logGet(44)) - raft.server.storage.dir = [/home/runner/work/ozone/ozone/hadoop-ozone/integration-test/target/test-dir/MiniOzoneClusterImpl-cc5aeae0-6f4d-475e-97ef-958bfb15a03d/datanode-3/data/ratis] (custom)
2022-05-04 03:16:06,994 [Listener at 127.0.0.1/37999] INFO  server.XceiverServerGrpc (XceiverServerGrpc.java:<init>(132)) - GrpcServer channel type EpollServerSocketChannel
2022-05-04 03:16:07,013 [Listener at 127.0.0.1/37999] INFO  http.BaseHttpServer (BaseHttpServer.java:newHttpServer2BuilderForOzone(209)) - Starting Web-server for hddsDatanode at: http://0.0.0.0:0
2022-05-04 03:16:07,014 [Listener at 127.0.0.1/37999] INFO  http.BaseHttpServer (BaseHttpServer.java:<init>(107)) - Hadoop Security Enabled: false Ozone Security Enabled: false Ozone HTTP Security Enabled: false 
2022-05-04 03:16:07,015 [Listener at 127.0.0.1/37999] INFO  server.AuthenticationFilter (AuthenticationFilter.java:constructSecretProvider(240)) - Unable to initialize FileSignerSecretProvider, falling back to use random secrets.
2022-05-04 03:16:07,026 [Listener at 127.0.0.1/37999] WARN  http.HttpRequestLog (HttpRequestLog.java:getRequestLog(103)) - Jetty request log can only be enabled using Log4j
2022-05-04 03:16:07,027 [Listener at 127.0.0.1/37999] INFO  http.HttpServer2 (HttpServer2.java:addGlobalFilter(1030)) - Added global filter 'safety' (class=org.apache.hadoop.hdds.server.http.HttpServer2$QuotingInputFilter)
2022-05-04 03:16:07,028 [Listener at 127.0.0.1/37999] INFO  http.HttpServer2 (HttpServer2.java:addFilter(1006)) - Added filter static_user_filter (class=org.apache.hadoop.http.lib.StaticUserWebFilter$StaticUserFilter) to context hddsDatanode
2022-05-04 03:16:07,028 [Listener at 127.0.0.1/37999] INFO  http.HttpServer2 (HttpServer2.java:addFilter(1014)) - Added filter static_user_filter (class=org.apache.hadoop.http.lib.StaticUserWebFilter$StaticUserFilter) to context logs
2022-05-04 03:16:07,028 [Listener at 127.0.0.1/37999] INFO  http.HttpServer2 (HttpServer2.java:addFilter(1014)) - Added filter static_user_filter (class=org.apache.hadoop.http.lib.StaticUserWebFilter$StaticUserFilter) to context static
2022-05-04 03:16:07,029 [Listener at 127.0.0.1/37999] INFO  http.HttpServer2 (HttpServer2.java:bindListener(1249)) - Jetty bound to port 41363
2022-05-04 03:16:07,029 [Listener at 127.0.0.1/37999] INFO  server.Server (Server.java:doStart(375)) - jetty-9.4.43.v20210629; built: 2021-06-30T11:07:22.254Z; git: 526006ecfa3af7f1a27ef3a288e2bef7ea9dd7e8; jvm 1.8.0_322-b06
2022-05-04 03:16:07,046 [EndpointStateMachine task thread for /0.0.0.0:41125 - 0 ] INFO  ozoneimpl.OzoneContainer (OzoneContainer.java:start(335)) - Attempting to start container services.
2022-05-04 03:16:07,047 [EndpointStateMachine task thread for /0.0.0.0:41125 - 0 ] INFO  ozoneimpl.OzoneContainer (OzoneContainer.java:startContainerScrub(270)) - Background container scanner has been disabled.
2022-05-04 03:16:07,047 [EndpointStateMachine task thread for /0.0.0.0:41125 - 0 ] INFO  replication.ReplicationServer (ReplicationServer.java:start(111)) - ReplicationServer is started using port 36511
2022-05-04 03:16:07,067 [Listener at 127.0.0.1/37999] INFO  server.session (DefaultSessionIdManager.java:doStart(334)) - DefaultSessionIdManager workerName=node0
2022-05-04 03:16:07,067 [Listener at 127.0.0.1/37999] INFO  server.session (DefaultSessionIdManager.java:doStart(339)) - No SessionScavenger set, using defaults
2022-05-04 03:16:07,067 [Listener at 127.0.0.1/37999] INFO  server.session (HouseKeeper.java:startScavenging(132)) - node0 Scavenging every 600000ms
2022-05-04 03:16:07,068 [Listener at 127.0.0.1/37999] INFO  handler.ContextHandler (ContextHandler.java:doStart(915)) - Started o.e.j.s.ServletContextHandler@6c299dcd{logs,/logs,file:///home/runner/work/ozone/ozone/hadoop-ozone/integration-test/target/log,AVAILABLE}
2022-05-04 03:16:07,069 [Listener at 127.0.0.1/37999] INFO  handler.ContextHandler (ContextHandler.java:doStart(915)) - Started o.e.j.s.ServletContextHandler@22764f18{static,/static,jar:file:/home/runner/.m2/repository/org/apache/ozone/hdds-container-service/1.3.0-SNAPSHOT/hdds-container-service-1.3.0-SNAPSHOT.jar!/webapps/static,AVAILABLE}
2022-05-04 03:16:07,073 [EndpointStateMachine task thread for /0.0.0.0:41125 - 0 ] INFO  ratis.XceiverServerRatis (XceiverServerRatis.java:start(481)) - Starting XceiverServerRatis e0500e2c-224c-46df-a4cf-d9aa21623822
2022-05-04 03:16:07,082 [EndpointStateMachine task thread for /0.0.0.0:41125 - 0 ] INFO  server.RaftServer (RaftServerProxy.java:lambda$start$5(374)) - e0500e2c-224c-46df-a4cf-d9aa21623822: start RPC server
2022-05-04 03:16:07,087 [EndpointStateMachine task thread for /0.0.0.0:41125 - 0 ] INFO  server.GrpcService (GrpcService.java:startImpl(253)) - e0500e2c-224c-46df-a4cf-d9aa21623822: GrpcService started, listening on 41873
2022-05-04 03:16:07,092 [EndpointStateMachine task thread for /0.0.0.0:41125 - 0 ] INFO  ratis.XceiverServerRatis (XceiverServerRatis.java:getRealPort(502)) - XceiverServerRatis e0500e2c-224c-46df-a4cf-d9aa21623822 is started using port 41873 for RATIS
2022-05-04 03:16:07,092 [EndpointStateMachine task thread for /0.0.0.0:41125 - 0 ] INFO  ratis.XceiverServerRatis (XceiverServerRatis.java:getRealPort(502)) - XceiverServerRatis e0500e2c-224c-46df-a4cf-d9aa21623822 is started using port 41873 for RATIS_ADMIN
2022-05-04 03:16:07,092 [EndpointStateMachine task thread for /0.0.0.0:41125 - 0 ] INFO  ratis.XceiverServerRatis (XceiverServerRatis.java:getRealPort(502)) - XceiverServerRatis e0500e2c-224c-46df-a4cf-d9aa21623822 is started using port 41873 for RATIS_SERVER
2022-05-04 03:16:07,092 [org.apache.ratis.util.JvmPauseMonitor$$Lambda$565/1325392746@3595c412] INFO  util.JvmPauseMonitor (JvmPauseMonitor.java:run(103)) - JvmPauseMonitor-e0500e2c-224c-46df-a4cf-d9aa21623822: Started
2022-05-04 03:16:07,108 [EndpointStateMachine task thread for /0.0.0.0:41125 - 0 ] INFO  server.XceiverServerGrpc (XceiverServerGrpc.java:start(180)) - XceiverServerGrpc e0500e2c-224c-46df-a4cf-d9aa21623822 is started using port 43807
2022-05-04 03:16:07,513 [Listener at 127.0.0.1/37999] INFO  handler.ContextHandler (ContextHandler.java:doStart(915)) - Started o.e.j.w.WebAppContext@6e9fb099{hddsDatanode,/,file:///tmp/jetty-0_0_0_0-41363-hdds-container-service-1_3_0-SNAPSHOT_jar-_-any-5501110977111643004/webapp/,AVAILABLE}{jar:file:/home/runner/.m2/repository/org/apache/ozone/hdds-container-service/1.3.0-SNAPSHOT/hdds-container-service-1.3.0-SNAPSHOT.jar!/webapps/hddsDatanode}
2022-05-04 03:16:07,515 [Listener at 127.0.0.1/37999] INFO  server.AbstractConnector (AbstractConnector.java:doStart(331)) - Started ServerConnector@4fed6dd1{HTTP/1.1, (http/1.1)}{0.0.0.0:41363}
2022-05-04 03:16:07,516 [Listener at 127.0.0.1/37999] INFO  server.Server (Server.java:doStart(415)) - Started @243756ms
2022-05-04 03:16:07,516 [Listener at 127.0.0.1/37999] WARN  impl.MetricsSystemImpl (MetricsSystemImpl.java:register(279)) - Sink prometheus already exists!
2022-05-04 03:16:07,517 [Listener at 127.0.0.1/37999] INFO  http.BaseHttpServer (BaseHttpServer.java:updateConnectorAddress(329)) - HTTP server of hddsDatanode listening at http://0.0.0.0:41363
2022-05-04 03:16:07,526 [Listener at 127.0.0.1/37999] WARN  impl.MetricRegistriesImpl (MetricRegistriesImpl.java:addReporterRegistration(111)) - New reporters are added after registries were created. Some metrics will be missing from the reporter. Please add reporter before adding any new registry.
2022-05-04 03:16:07,526 [Listener at 127.0.0.1/37999] WARN  impl.MetricRegistriesImpl (MetricRegistriesImpl.java:addReporterRegistration(111)) - New reporters are added after registries were created. Some metrics will be missing from the reporter. Please add reporter before adding any new registry.
2022-05-04 03:16:07,527 [Listener at 127.0.0.1/37999] INFO  impl.MetricsSystemImpl (MetricsSystemImpl.java:init(158)) - HddsDatanode metrics system started (again)
2022-05-04 03:16:07,530 [Datanode State Machine Daemon Thread] INFO  statemachine.DatanodeStateMachine (DatanodeStateMachine.java:lambda$startDaemon$0(472)) - Ozone container server started.
2022-05-04 03:16:07,580 [org.apache.hadoop.util.JvmPauseMonitor$Monitor@23465258] INFO  util.JvmPauseMonitor (JvmPauseMonitor.java:run(188)) - Starting JVM pause monitor
2022-05-04 03:16:07,598 [Datanode State Machine Task Thread - 0] INFO  datanode.InitDatanodeState (InitDatanodeState.java:persistContainerDatanodeDetails(138)) - DatanodeDetails is persisted to /home/runner/work/ozone/ozone/hadoop-ozone/integration-test/target/test-dir/MiniOzoneClusterImpl-cc5aeae0-6f4d-475e-97ef-958bfb15a03d/datanode-3/meta/datanode.id
2022-05-04 03:16:07,615 [Listener at 127.0.0.1/37999] INFO  ozone.HddsDatanodeService (HddsDatanodeService.java:start(233)) - HddsDatanodeService host:fv-az270-73.tacnzluakwdehk1hpragurqkma.bx.internal.cloudapp.net ip:10.1.0.22
2022-05-04 03:16:07,739 [Listener at 127.0.0.1/37999] INFO  upgrade.AbstractLayoutVersionManager (AbstractLayoutVersionManager.java:init(79)) - Initializing Layout version manager with metadata layout = ERASURE_CODED_STORAGE_SUPPORT (version = 3), software layout = ERASURE_CODED_STORAGE_SUPPORT (version = 3)
2022-05-04 03:16:07,811 [Listener at 127.0.0.1/37999] INFO  reflections.Reflections (Reflections.java:scan(232)) - Reflections took 71 ms to scan 7 urls, producing 126 keys and 289 values 
2022-05-04 03:16:07,812 [Listener at 127.0.0.1/37999] INFO  statemachine.DatanodeStateMachine (DatanodeStateMachine.java:getEndPointTaskThreadPoolSize(224)) - Datanode State Machine Task Thread Pool size 2
2022-05-04 03:16:07,814 [Listener at 127.0.0.1/37999] INFO  volume.HddsVolume (HddsVolume.java:<init>(120)) - Creating HddsVolume: /home/runner/work/ozone/ozone/hadoop-ozone/integration-test/target/test-dir/MiniOzoneClusterImpl-cc5aeae0-6f4d-475e-97ef-958bfb15a03d/datanode-4/data-0/containers/hdds of storage type : DISK capacity : 9223372036854775807
2022-05-04 03:16:07,814 [Listener at 127.0.0.1/37999] INFO  volume.MutableVolumeSet (MutableVolumeSet.java:initializeVolumeSet(168)) - Added Volume : /home/runner/work/ozone/ozone/hadoop-ozone/integration-test/target/test-dir/MiniOzoneClusterImpl-cc5aeae0-6f4d-475e-97ef-958bfb15a03d/datanode-4/data-0/containers/hdds to VolumeSet
2022-05-04 03:16:07,814 [Listener at 127.0.0.1/37999] INFO  volume.ThrottledAsyncChecker (ThrottledAsyncChecker.java:schedule(141)) - Scheduling a check for /home/runner/work/ozone/ozone/hadoop-ozone/integration-test/target/test-dir/MiniOzoneClusterImpl-cc5aeae0-6f4d-475e-97ef-958bfb15a03d/datanode-4/data-0/containers/hdds
2022-05-04 03:16:07,823 [Listener at 127.0.0.1/37999] INFO  volume.StorageVolumeChecker (StorageVolumeChecker.java:checkAllVolumes(202)) - Scheduled health check for volume /home/runner/work/ozone/ozone/hadoop-ozone/integration-test/target/test-dir/MiniOzoneClusterImpl-cc5aeae0-6f4d-475e-97ef-958bfb15a03d/datanode-4/data-0/containers/hdds
2022-05-04 03:16:07,836 [Listener at 127.0.0.1/37999] INFO  volume.MutableVolumeSet (MutableVolumeSet.java:initializeVolumeSet(168)) - Added Volume : /home/runner/work/ozone/ozone/hadoop-ozone/integration-test/target/test-dir/MiniOzoneClusterImpl-cc5aeae0-6f4d-475e-97ef-958bfb15a03d/datanode-4/data/ratis to VolumeSet
2022-05-04 03:16:07,837 [Listener at 127.0.0.1/37999] INFO  volume.ThrottledAsyncChecker (ThrottledAsyncChecker.java:schedule(141)) - Scheduling a check for /home/runner/work/ozone/ozone/hadoop-ozone/integration-test/target/test-dir/MiniOzoneClusterImpl-cc5aeae0-6f4d-475e-97ef-958bfb15a03d/datanode-4/data/ratis
2022-05-04 03:16:07,837 [Listener at 127.0.0.1/37999] INFO  volume.StorageVolumeChecker (StorageVolumeChecker.java:checkAllVolumes(202)) - Scheduled health check for volume /home/runner/work/ozone/ozone/hadoop-ozone/integration-test/target/test-dir/MiniOzoneClusterImpl-cc5aeae0-6f4d-475e-97ef-958bfb15a03d/datanode-4/data/ratis
2022-05-04 03:16:07,887 [Thread-1727] INFO  ozoneimpl.ContainerReader (ContainerReader.java:readVolume(172)) - Finish verifying containers on volume /home/runner/work/ozone/ozone/hadoop-ozone/integration-test/target/test-dir/MiniOzoneClusterImpl-cc5aeae0-6f4d-475e-97ef-958bfb15a03d/datanode-4/data-0/containers/hdds
2022-05-04 03:16:07,887 [Listener at 127.0.0.1/37999] INFO  ozoneimpl.OzoneContainer (OzoneContainer.java:buildContainerSet(257)) - Build ContainerSet costs 0s
2022-05-04 03:16:07,889 [Listener at 127.0.0.1/37999] INFO  server.RaftServer (ConfUtils.java:logGet(44)) - raft.rpc.type = GRPC (default)
2022-05-04 03:16:07,889 [Listener at 127.0.0.1/37999] INFO  grpc.GrpcFactory (GrpcFactory.java:checkPooledByteBufAllocatorUseCacheForAllThreads(48)) - PERFORMANCE WARNING: useCacheForAllThreads is true that may cause Netty to create a lot garbage objects and, as a result, trigger GC.
	It is recommended to disable useCacheForAllThreads by setting -Dorg.apache.ratis.thirdparty.io.netty.allocator.useCacheForAllThreads=false in command line.
2022-05-04 03:16:07,890 [Listener at 127.0.0.1/37999] INFO  grpc.GrpcConfigKeys (ConfUtils.java:logGet(44)) - raft.grpc.admin.port = 0 (custom)
2022-05-04 03:16:07,890 [Listener at 127.0.0.1/37999] INFO  grpc.GrpcConfigKeys (ConfUtils.java:logGet(44)) - raft.grpc.client.port = 0 (custom)
2022-05-04 03:16:07,890 [Listener at 127.0.0.1/37999] INFO  grpc.GrpcConfigKeys (ConfUtils.java:logGet(44)) - raft.grpc.server.port = 0 (default)
2022-05-04 03:16:07,890 [Listener at 127.0.0.1/37999] INFO  server.GrpcService (ConfUtils.java:logGet(44)) - raft.grpc.message.size.max = 32MB (=33554432) (custom)
2022-05-04 03:16:07,890 [Listener at 127.0.0.1/37999] INFO  server.RaftServerConfigKeys (ConfUtils.java:logGet(44)) - raft.server.log.appender.buffer.byte-limit = 33554432 (custom)
2022-05-04 03:16:07,890 [Listener at 127.0.0.1/37999] INFO  server.GrpcService (ConfUtils.java:logGet(44)) - raft.grpc.flow.control.window = 5MB (=5242880) (custom)
2022-05-04 03:16:07,891 [Listener at 127.0.0.1/37999] INFO  server.RaftServerConfigKeys (ConfUtils.java:logGet(44)) - raft.server.rpc.request.timeout = 60s (custom)
2022-05-04 03:16:07,892 [Listener at 127.0.0.1/37999] INFO  impl.DataStreamServerImpl (ConfUtils.java:logGet(44)) - raft.datastream.type = DISABLED (default)
2022-05-04 03:16:07,892 [Listener at 127.0.0.1/37999] INFO  server.RaftServerConfigKeys (ConfUtils.java:logGet(44)) - raft.server.rpc.slowness.timeout = 300s (custom)
2022-05-04 03:16:07,892 [Listener at 127.0.0.1/37999] INFO  server.RaftServerConfigKeys (ConfUtils.java:logGet(44)) - raft.server.leaderelection.leader.step-down.wait-time = 10s (default)
2022-05-04 03:16:07,892 [Listener at 127.0.0.1/37999] INFO  server.RaftServerConfigKeys (ConfUtils.java:logGet(44)) - raft.server.storage.dir = [/home/runner/work/ozone/ozone/hadoop-ozone/integration-test/target/test-dir/MiniOzoneClusterImpl-cc5aeae0-6f4d-475e-97ef-958bfb15a03d/datanode-4/data/ratis] (custom)
2022-05-04 03:16:07,894 [Listener at 127.0.0.1/37999] INFO  server.XceiverServerGrpc (XceiverServerGrpc.java:<init>(132)) - GrpcServer channel type EpollServerSocketChannel
2022-05-04 03:16:07,896 [Listener at 127.0.0.1/37999] INFO  http.BaseHttpServer (BaseHttpServer.java:newHttpServer2BuilderForOzone(209)) - Starting Web-server for hddsDatanode at: http://0.0.0.0:0
2022-05-04 03:16:07,896 [Listener at 127.0.0.1/37999] INFO  http.BaseHttpServer (BaseHttpServer.java:<init>(107)) - Hadoop Security Enabled: false Ozone Security Enabled: false Ozone HTTP Security Enabled: false 
2022-05-04 03:16:07,897 [Listener at 127.0.0.1/37999] INFO  server.AuthenticationFilter (AuthenticationFilter.java:constructSecretProvider(240)) - Unable to initialize FileSignerSecretProvider, falling back to use random secrets.
2022-05-04 03:16:07,906 [Listener at 127.0.0.1/37999] WARN  http.HttpRequestLog (HttpRequestLog.java:getRequestLog(103)) - Jetty request log can only be enabled using Log4j
2022-05-04 03:16:07,907 [Listener at 127.0.0.1/37999] INFO  http.HttpServer2 (HttpServer2.java:addGlobalFilter(1030)) - Added global filter 'safety' (class=org.apache.hadoop.hdds.server.http.HttpServer2$QuotingInputFilter)
2022-05-04 03:16:07,907 [Listener at 127.0.0.1/37999] INFO  http.HttpServer2 (HttpServer2.java:addFilter(1006)) - Added filter static_user_filter (class=org.apache.hadoop.http.lib.StaticUserWebFilter$StaticUserFilter) to context hddsDatanode
2022-05-04 03:16:07,908 [Listener at 127.0.0.1/37999] INFO  http.HttpServer2 (HttpServer2.java:addFilter(1014)) - Added filter static_user_filter (class=org.apache.hadoop.http.lib.StaticUserWebFilter$StaticUserFilter) to context logs
2022-05-04 03:16:07,908 [Listener at 127.0.0.1/37999] INFO  http.HttpServer2 (HttpServer2.java:addFilter(1014)) - Added filter static_user_filter (class=org.apache.hadoop.http.lib.StaticUserWebFilter$StaticUserFilter) to context static
2022-05-04 03:16:07,920 [Listener at 127.0.0.1/37999] INFO  http.HttpServer2 (HttpServer2.java:bindListener(1249)) - Jetty bound to port 46667
2022-05-04 03:16:07,920 [Listener at 127.0.0.1/37999] INFO  server.Server (Server.java:doStart(375)) - jetty-9.4.43.v20210629; built: 2021-06-30T11:07:22.254Z; git: 526006ecfa3af7f1a27ef3a288e2bef7ea9dd7e8; jvm 1.8.0_322-b06
2022-05-04 03:16:07,925 [Listener at 127.0.0.1/37999] INFO  server.session (DefaultSessionIdManager.java:doStart(334)) - DefaultSessionIdManager workerName=node0
2022-05-04 03:16:07,925 [Listener at 127.0.0.1/37999] INFO  server.session (DefaultSessionIdManager.java:doStart(339)) - No SessionScavenger set, using defaults
2022-05-04 03:16:07,925 [Listener at 127.0.0.1/37999] INFO  server.session (HouseKeeper.java:startScavenging(132)) - node0 Scavenging every 600000ms
2022-05-04 03:16:07,928 [Listener at 127.0.0.1/37999] INFO  handler.ContextHandler (ContextHandler.java:doStart(915)) - Started o.e.j.s.ServletContextHandler@539b870c{logs,/logs,file:///home/runner/work/ozone/ozone/hadoop-ozone/integration-test/target/log,AVAILABLE}
2022-05-04 03:16:07,928 [Listener at 127.0.0.1/37999] INFO  handler.ContextHandler (ContextHandler.java:doStart(915)) - Started o.e.j.s.ServletContextHandler@64b5e60f{static,/static,jar:file:/home/runner/.m2/repository/org/apache/ozone/hdds-container-service/1.3.0-SNAPSHOT/hdds-container-service-1.3.0-SNAPSHOT.jar!/webapps/static,AVAILABLE}
2022-05-04 03:16:08,144 [EndpointStateMachine task thread for /0.0.0.0:41125 - 0 ] INFO  ozoneimpl.OzoneContainer (OzoneContainer.java:start(335)) - Attempting to start container services.
2022-05-04 03:16:08,145 [EndpointStateMachine task thread for /0.0.0.0:41125 - 0 ] INFO  ozoneimpl.OzoneContainer (OzoneContainer.java:startContainerScrub(270)) - Background container scanner has been disabled.
2022-05-04 03:16:08,150 [EndpointStateMachine task thread for /0.0.0.0:41125 - 0 ] INFO  replication.ReplicationServer (ReplicationServer.java:start(111)) - ReplicationServer is started using port 35965
2022-05-04 03:16:08,178 [EndpointStateMachine task thread for /0.0.0.0:41125 - 0 ] INFO  ratis.XceiverServerRatis (XceiverServerRatis.java:start(481)) - Starting XceiverServerRatis 023e6ea0-0ef1-4794-8f75-07cc698c5b0d
2022-05-04 03:16:08,184 [EndpointStateMachine task thread for /0.0.0.0:41125 - 0 ] INFO  server.RaftServer (RaftServerProxy.java:lambda$start$5(374)) - 023e6ea0-0ef1-4794-8f75-07cc698c5b0d: start RPC server
2022-05-04 03:16:08,185 [EndpointStateMachine task thread for /0.0.0.0:41125 - 0 ] INFO  server.GrpcService (GrpcService.java:startImpl(253)) - 023e6ea0-0ef1-4794-8f75-07cc698c5b0d: GrpcService started, listening on 42169
2022-05-04 03:16:08,185 [EndpointStateMachine task thread for /0.0.0.0:41125 - 0 ] INFO  ratis.XceiverServerRatis (XceiverServerRatis.java:getRealPort(502)) - XceiverServerRatis 023e6ea0-0ef1-4794-8f75-07cc698c5b0d is started using port 42169 for RATIS
2022-05-04 03:16:08,185 [EndpointStateMachine task thread for /0.0.0.0:41125 - 0 ] INFO  ratis.XceiverServerRatis (XceiverServerRatis.java:getRealPort(502)) - XceiverServerRatis 023e6ea0-0ef1-4794-8f75-07cc698c5b0d is started using port 42169 for RATIS_ADMIN
2022-05-04 03:16:08,186 [EndpointStateMachine task thread for /0.0.0.0:41125 - 0 ] INFO  ratis.XceiverServerRatis (XceiverServerRatis.java:getRealPort(502)) - XceiverServerRatis 023e6ea0-0ef1-4794-8f75-07cc698c5b0d is started using port 42169 for RATIS_SERVER
2022-05-04 03:16:08,186 [org.apache.ratis.util.JvmPauseMonitor$$Lambda$565/1325392746@6d71b0d2] INFO  util.JvmPauseMonitor (JvmPauseMonitor.java:run(103)) - JvmPauseMonitor-023e6ea0-0ef1-4794-8f75-07cc698c5b0d: Started
2022-05-04 03:16:08,186 [EndpointStateMachine task thread for /0.0.0.0:41125 - 0 ] INFO  server.XceiverServerGrpc (XceiverServerGrpc.java:start(180)) - XceiverServerGrpc 023e6ea0-0ef1-4794-8f75-07cc698c5b0d is started using port 46599
2022-05-04 03:16:08,305 [Listener at 127.0.0.1/37999] INFO  handler.ContextHandler (ContextHandler.java:doStart(915)) - Started o.e.j.w.WebAppContext@61c62318{hddsDatanode,/,file:///tmp/jetty-0_0_0_0-46667-hdds-container-service-1_3_0-SNAPSHOT_jar-_-any-7039871794976737531/webapp/,AVAILABLE}{jar:file:/home/runner/.m2/repository/org/apache/ozone/hdds-container-service/1.3.0-SNAPSHOT/hdds-container-service-1.3.0-SNAPSHOT.jar!/webapps/hddsDatanode}
2022-05-04 03:16:08,311 [Listener at 127.0.0.1/37999] INFO  server.AbstractConnector (AbstractConnector.java:doStart(331)) - Started ServerConnector@491987b0{HTTP/1.1, (http/1.1)}{0.0.0.0:46667}
2022-05-04 03:16:08,311 [Listener at 127.0.0.1/37999] INFO  server.Server (Server.java:doStart(415)) - Started @244552ms
2022-05-04 03:16:08,311 [Listener at 127.0.0.1/37999] WARN  impl.MetricsSystemImpl (MetricsSystemImpl.java:register(279)) - Sink prometheus already exists!
2022-05-04 03:16:08,314 [Listener at 127.0.0.1/37999] INFO  http.BaseHttpServer (BaseHttpServer.java:updateConnectorAddress(329)) - HTTP server of hddsDatanode listening at http://0.0.0.0:46667
2022-05-04 03:16:08,327 [Listener at 127.0.0.1/37999] INFO  ozone.MiniOzoneClusterImpl (MiniOzoneClusterImpl.java:lambda$waitForClusterToBeReady$0(221)) - Waiting for nodes to be ready. Got 0 of 5 DN Heartbeats.
2022-05-04 03:16:08,327 [Listener at 127.0.0.1/37999] INFO  ozone.MiniOzoneClusterImpl (MiniOzoneClusterImpl.java:lambda$waitForClusterToBeReady$0(224)) - Waiting for cluster to exit safe mode
2022-05-04 03:16:08,327 [Listener at 127.0.0.1/37999] INFO  ozone.MiniOzoneClusterImpl (MiniOzoneClusterImpl.java:lambda$waitForClusterToBeReady$0(226)) - SCM became leader
2022-05-04 03:16:08,342 [Datanode State Machine Daemon Thread] INFO  statemachine.DatanodeStateMachine (DatanodeStateMachine.java:lambda$startDaemon$0(472)) - Ozone container server started.
2022-05-04 03:16:08,398 [org.apache.hadoop.util.JvmPauseMonitor$Monitor@204d2452] INFO  util.JvmPauseMonitor (JvmPauseMonitor.java:run(188)) - Starting JVM pause monitor
2022-05-04 03:16:08,403 [Datanode State Machine Task Thread - 0] INFO  datanode.InitDatanodeState (InitDatanodeState.java:persistContainerDatanodeDetails(138)) - DatanodeDetails is persisted to /home/runner/work/ozone/ozone/hadoop-ozone/integration-test/target/test-dir/MiniOzoneClusterImpl-cc5aeae0-6f4d-475e-97ef-958bfb15a03d/datanode-4/meta/datanode.id
2022-05-04 03:16:08,884 [EndpointStateMachine task thread for /0.0.0.0:41125 - 0 ] INFO  ozoneimpl.OzoneContainer (OzoneContainer.java:start(335)) - Attempting to start container services.
2022-05-04 03:16:08,884 [EndpointStateMachine task thread for /0.0.0.0:41125 - 0 ] INFO  ozoneimpl.OzoneContainer (OzoneContainer.java:startContainerScrub(270)) - Background container scanner has been disabled.
2022-05-04 03:16:08,885 [EndpointStateMachine task thread for /0.0.0.0:41125 - 0 ] INFO  replication.ReplicationServer (ReplicationServer.java:start(111)) - ReplicationServer is started using port 39801
2022-05-04 03:16:08,886 [EndpointStateMachine task thread for /0.0.0.0:41125 - 0 ] INFO  ratis.XceiverServerRatis (XceiverServerRatis.java:start(481)) - Starting XceiverServerRatis fdc42406-f03d-49b8-be8d-aa07467fef04
2022-05-04 03:16:08,916 [EndpointStateMachine task thread for /0.0.0.0:41125 - 0 ] INFO  server.RaftServer (RaftServerProxy.java:lambda$start$5(374)) - fdc42406-f03d-49b8-be8d-aa07467fef04: start RPC server
2022-05-04 03:16:08,925 [EndpointStateMachine task thread for /0.0.0.0:41125 - 0 ] INFO  server.GrpcService (GrpcService.java:startImpl(253)) - fdc42406-f03d-49b8-be8d-aa07467fef04: GrpcService started, listening on 46357
2022-05-04 03:16:08,947 [EndpointStateMachine task thread for /0.0.0.0:41125 - 0 ] INFO  ratis.XceiverServerRatis (XceiverServerRatis.java:getRealPort(502)) - XceiverServerRatis fdc42406-f03d-49b8-be8d-aa07467fef04 is started using port 46357 for RATIS
2022-05-04 03:16:08,947 [EndpointStateMachine task thread for /0.0.0.0:41125 - 0 ] INFO  ratis.XceiverServerRatis (XceiverServerRatis.java:getRealPort(502)) - XceiverServerRatis fdc42406-f03d-49b8-be8d-aa07467fef04 is started using port 46357 for RATIS_ADMIN
2022-05-04 03:16:08,947 [EndpointStateMachine task thread for /0.0.0.0:41125 - 0 ] INFO  ratis.XceiverServerRatis (XceiverServerRatis.java:getRealPort(502)) - XceiverServerRatis fdc42406-f03d-49b8-be8d-aa07467fef04 is started using port 46357 for RATIS_SERVER
2022-05-04 03:16:08,957 [org.apache.ratis.util.JvmPauseMonitor$$Lambda$565/1325392746@ecdc45b] INFO  util.JvmPauseMonitor (JvmPauseMonitor.java:run(103)) - JvmPauseMonitor-fdc42406-f03d-49b8-be8d-aa07467fef04: Started
2022-05-04 03:16:08,995 [IPC Server handler 1 on default port 41125] INFO  net.NetworkTopologyImpl (NetworkTopologyImpl.java:add(112)) - Added a new node: /default-rack/e0500e2c-224c-46df-a4cf-d9aa21623822
2022-05-04 03:16:08,995 [IPC Server handler 1 on default port 41125] INFO  node.SCMNodeManager (SCMNodeManager.java:register(393)) - Registered Data node : e0500e2c-224c-46df-a4cf-d9aa21623822{ip: 10.1.0.22, host: fv-az270-73.tacnzluakwdehk1hpragurqkma.bx.internal.cloudapp.net, ports: [REPLICATION=36511, RATIS=41873, RATIS_ADMIN=41873, RATIS_SERVER=41873, STANDALONE=43807], networkLocation: /default-rack, certSerialId: null, persistedOpState: null, persistedOpStateExpiryEpochSec: 0}
2022-05-04 03:16:09,002 [EventQueue-NodeRegistrationContainerReportForDataNodeSafeModeRule] INFO  safemode.SCMSafeModeManager (DataNodeSafeModeRule.java:process(71)) - SCM in safe mode. 1 DataNodes registered, 3 required.
2022-05-04 03:16:09,006 [EventQueue-NodeRegistrationContainerReportForContainerSafeModeRule] INFO  safemode.SCMSafeModeManager (SCMSafeModeManager.java:validateSafeModeExitRules(204)) - ContainerSafeModeRule rule is successfully validated
2022-05-04 03:16:09,011 [EndpointStateMachine task thread for /0.0.0.0:41125 - 0 ] INFO  server.XceiverServerGrpc (XceiverServerGrpc.java:start(180)) - XceiverServerGrpc fdc42406-f03d-49b8-be8d-aa07467fef04 is started using port 35609
2022-05-04 03:16:09,032 [EventQueue-NewNodeForNewNodeHandler] INFO  pipeline.BackgroundPipelineCreator (BackgroundPipelineCreator.java:notifyEventTriggered(270)) - trigger a one-shot run on RatisPipelineUtilsThread.
2022-05-04 03:16:09,033 [RatisPipelineUtilsThread - 0] INFO  pipeline.RatisPipelineProvider (RatisPipelineProvider.java:lambda$create$0(195)) - Sending CreatePipelineCommand for pipeline:PipelineID=df0789d2-cc12-4792-9afe-c03c4de04b1a to datanode:e0500e2c-224c-46df-a4cf-d9aa21623822
2022-05-04 03:16:09,033 [EventQueue-PipelineReportForOneReplicaPipelineSafeModeRule] INFO  safemode.SCMSafeModeManager (SCMSafeModeManager.java:validateSafeModeExitRules(204)) - AtleastOneDatanodeReportedRule rule is successfully validated
2022-05-04 03:16:09,034 [RatisPipelineUtilsThread - 0] INFO  pipeline.PipelineStateManagerImpl (PipelineStateManagerImpl.java:addPipeline(101)) - Created pipeline Pipeline[ Id: df0789d2-cc12-4792-9afe-c03c4de04b1a, Nodes: e0500e2c-224c-46df-a4cf-d9aa21623822{ip: 10.1.0.22, host: fv-az270-73.tacnzluakwdehk1hpragurqkma.bx.internal.cloudapp.net, ports: [REPLICATION=36511, RATIS=41873, RATIS_ADMIN=41873, RATIS_SERVER=41873, STANDALONE=43807], networkLocation: /default-rack, certSerialId: null, persistedOpState: IN_SERVICE, persistedOpStateExpiryEpochSec: 0}, ReplicationConfig: RATIS/ONE, State:ALLOCATED, leaderId:, CreationTimestamp2022-05-04T03:16:09.033Z[Etc/UTC]].
2022-05-04 03:16:09,327 [Listener at 127.0.0.1/37999] INFO  ozone.MiniOzoneClusterImpl (MiniOzoneClusterImpl.java:lambda$waitForClusterToBeReady$0(221)) - Waiting for nodes to be ready. Got 1 of 5 DN Heartbeats.
2022-05-04 03:16:09,328 [Listener at 127.0.0.1/37999] INFO  ozone.MiniOzoneClusterImpl (MiniOzoneClusterImpl.java:lambda$waitForClusterToBeReady$0(224)) - Waiting for cluster to exit safe mode
2022-05-04 03:16:09,328 [Listener at 127.0.0.1/37999] INFO  ozone.MiniOzoneClusterImpl (MiniOzoneClusterImpl.java:lambda$waitForClusterToBeReady$0(226)) - SCM became leader
2022-05-04 03:16:09,585 [EndpointStateMachine task thread for /0.0.0.0:41125 - 0 ] INFO  ozoneimpl.OzoneContainer (OzoneContainer.java:start(335)) - Attempting to start container services.
2022-05-04 03:16:09,585 [EndpointStateMachine task thread for /0.0.0.0:41125 - 0 ] INFO  ozoneimpl.OzoneContainer (OzoneContainer.java:startContainerScrub(270)) - Background container scanner has been disabled.
2022-05-04 03:16:09,586 [EndpointStateMachine task thread for /0.0.0.0:41125 - 0 ] INFO  replication.ReplicationServer (ReplicationServer.java:start(111)) - ReplicationServer is started using port 45623
2022-05-04 03:16:09,608 [EndpointStateMachine task thread for /0.0.0.0:41125 - 0 ] INFO  ratis.XceiverServerRatis (XceiverServerRatis.java:start(481)) - Starting XceiverServerRatis a0b83c72-bcfb-411f-a16b-571d8bd3b520
2022-05-04 03:16:09,623 [EndpointStateMachine task thread for /0.0.0.0:41125 - 0 ] INFO  server.RaftServer (RaftServerProxy.java:lambda$start$5(374)) - a0b83c72-bcfb-411f-a16b-571d8bd3b520: start RPC server
2022-05-04 03:16:09,623 [EndpointStateMachine task thread for /0.0.0.0:41125 - 0 ] INFO  server.GrpcService (GrpcService.java:startImpl(253)) - a0b83c72-bcfb-411f-a16b-571d8bd3b520: GrpcService started, listening on 41023
2022-05-04 03:16:09,624 [EndpointStateMachine task thread for /0.0.0.0:41125 - 0 ] INFO  ratis.XceiverServerRatis (XceiverServerRatis.java:getRealPort(502)) - XceiverServerRatis a0b83c72-bcfb-411f-a16b-571d8bd3b520 is started using port 41023 for RATIS
2022-05-04 03:16:09,624 [EndpointStateMachine task thread for /0.0.0.0:41125 - 0 ] INFO  ratis.XceiverServerRatis (XceiverServerRatis.java:getRealPort(502)) - XceiverServerRatis a0b83c72-bcfb-411f-a16b-571d8bd3b520 is started using port 41023 for RATIS_ADMIN
2022-05-04 03:16:09,624 [EndpointStateMachine task thread for /0.0.0.0:41125 - 0 ] INFO  ratis.XceiverServerRatis (XceiverServerRatis.java:getRealPort(502)) - XceiverServerRatis a0b83c72-bcfb-411f-a16b-571d8bd3b520 is started using port 41023 for RATIS_SERVER
2022-05-04 03:16:09,626 [org.apache.ratis.util.JvmPauseMonitor$$Lambda$565/1325392746@3eae801b] INFO  util.JvmPauseMonitor (JvmPauseMonitor.java:run(103)) - JvmPauseMonitor-a0b83c72-bcfb-411f-a16b-571d8bd3b520: Started
2022-05-04 03:16:09,627 [EndpointStateMachine task thread for /0.0.0.0:41125 - 0 ] INFO  server.XceiverServerGrpc (XceiverServerGrpc.java:start(180)) - XceiverServerGrpc a0b83c72-bcfb-411f-a16b-571d8bd3b520 is started using port 38577
2022-05-04 03:16:10,110 [IPC Server handler 2 on default port 41125] INFO  net.NetworkTopologyImpl (NetworkTopologyImpl.java:add(112)) - Added a new node: /default-rack/023e6ea0-0ef1-4794-8f75-07cc698c5b0d
2022-05-04 03:16:10,111 [IPC Server handler 2 on default port 41125] INFO  node.SCMNodeManager (SCMNodeManager.java:register(393)) - Registered Data node : 023e6ea0-0ef1-4794-8f75-07cc698c5b0d{ip: 10.1.0.22, host: fv-az270-73.tacnzluakwdehk1hpragurqkma.bx.internal.cloudapp.net, ports: [REPLICATION=35965, RATIS=42169, RATIS_ADMIN=42169, RATIS_SERVER=42169, STANDALONE=46599], networkLocation: /default-rack, certSerialId: null, persistedOpState: null, persistedOpStateExpiryEpochSec: 0}
2022-05-04 03:16:10,111 [EventQueue-NewNodeForNewNodeHandler] INFO  pipeline.BackgroundPipelineCreator (BackgroundPipelineCreator.java:notifyEventTriggered(270)) - trigger a one-shot run on RatisPipelineUtilsThread.
2022-05-04 03:16:10,117 [RatisPipelineUtilsThread - 0] INFO  pipeline.RatisPipelineProvider (RatisPipelineProvider.java:lambda$create$0(195)) - Sending CreatePipelineCommand for pipeline:PipelineID=502bef81-b19c-4324-a965-67833fceb3d6 to datanode:023e6ea0-0ef1-4794-8f75-07cc698c5b0d
2022-05-04 03:16:10,118 [RatisPipelineUtilsThread - 0] INFO  pipeline.PipelineStateManagerImpl (PipelineStateManagerImpl.java:addPipeline(101)) - Created pipeline Pipeline[ Id: 502bef81-b19c-4324-a965-67833fceb3d6, Nodes: 023e6ea0-0ef1-4794-8f75-07cc698c5b0d{ip: 10.1.0.22, host: fv-az270-73.tacnzluakwdehk1hpragurqkma.bx.internal.cloudapp.net, ports: [REPLICATION=35965, RATIS=42169, RATIS_ADMIN=42169, RATIS_SERVER=42169, STANDALONE=46599], networkLocation: /default-rack, certSerialId: null, persistedOpState: IN_SERVICE, persistedOpStateExpiryEpochSec: 0}, ReplicationConfig: RATIS/ONE, State:ALLOCATED, leaderId:, CreationTimestamp2022-05-04T03:16:10.117Z[Etc/UTC]].
2022-05-04 03:16:10,118 [EventQueue-NodeRegistrationContainerReportForDataNodeSafeModeRule] INFO  safemode.SCMSafeModeManager (DataNodeSafeModeRule.java:process(71)) - SCM in safe mode. 2 DataNodes registered, 3 required.
2022-05-04 03:16:10,328 [Listener at 127.0.0.1/37999] INFO  ozone.MiniOzoneClusterImpl (MiniOzoneClusterImpl.java:lambda$waitForClusterToBeReady$0(221)) - Waiting for nodes to be ready. Got 2 of 5 DN Heartbeats.
2022-05-04 03:16:10,328 [Listener at 127.0.0.1/37999] INFO  ozone.MiniOzoneClusterImpl (MiniOzoneClusterImpl.java:lambda$waitForClusterToBeReady$0(224)) - Waiting for cluster to exit safe mode
2022-05-04 03:16:10,328 [Listener at 127.0.0.1/37999] INFO  ozone.MiniOzoneClusterImpl (MiniOzoneClusterImpl.java:lambda$waitForClusterToBeReady$0(226)) - SCM became leader
2022-05-04 03:16:10,396 [EndpointStateMachine task thread for /0.0.0.0:41125 - 0 ] INFO  ozoneimpl.OzoneContainer (OzoneContainer.java:start(335)) - Attempting to start container services.
2022-05-04 03:16:10,397 [EndpointStateMachine task thread for /0.0.0.0:41125 - 0 ] INFO  ozoneimpl.OzoneContainer (OzoneContainer.java:startContainerScrub(270)) - Background container scanner has been disabled.
2022-05-04 03:16:10,398 [EndpointStateMachine task thread for /0.0.0.0:41125 - 0 ] INFO  replication.ReplicationServer (ReplicationServer.java:start(111)) - ReplicationServer is started using port 40205
2022-05-04 03:16:10,413 [EndpointStateMachine task thread for /0.0.0.0:41125 - 0 ] INFO  ratis.XceiverServerRatis (XceiverServerRatis.java:start(481)) - Starting XceiverServerRatis caf96a51-3937-4eef-9499-ab2654641799
2022-05-04 03:16:10,441 [EndpointStateMachine task thread for /0.0.0.0:41125 - 0 ] INFO  server.RaftServer (RaftServerProxy.java:lambda$start$5(374)) - caf96a51-3937-4eef-9499-ab2654641799: start RPC server
2022-05-04 03:16:10,454 [EndpointStateMachine task thread for /0.0.0.0:41125 - 0 ] INFO  server.GrpcService (GrpcService.java:startImpl(253)) - caf96a51-3937-4eef-9499-ab2654641799: GrpcService started, listening on 39685
2022-05-04 03:16:10,479 [EndpointStateMachine task thread for /0.0.0.0:41125 - 0 ] INFO  ratis.XceiverServerRatis (XceiverServerRatis.java:getRealPort(502)) - XceiverServerRatis caf96a51-3937-4eef-9499-ab2654641799 is started using port 39685 for RATIS
2022-05-04 03:16:10,479 [EndpointStateMachine task thread for /0.0.0.0:41125 - 0 ] INFO  ratis.XceiverServerRatis (XceiverServerRatis.java:getRealPort(502)) - XceiverServerRatis caf96a51-3937-4eef-9499-ab2654641799 is started using port 39685 for RATIS_ADMIN
2022-05-04 03:16:10,479 [EndpointStateMachine task thread for /0.0.0.0:41125 - 0 ] INFO  ratis.XceiverServerRatis (XceiverServerRatis.java:getRealPort(502)) - XceiverServerRatis caf96a51-3937-4eef-9499-ab2654641799 is started using port 39685 for RATIS_SERVER
2022-05-04 03:16:10,479 [org.apache.ratis.util.JvmPauseMonitor$$Lambda$565/1325392746@3408db39] INFO  util.JvmPauseMonitor (JvmPauseMonitor.java:run(103)) - JvmPauseMonitor-caf96a51-3937-4eef-9499-ab2654641799: Started
2022-05-04 03:16:10,482 [EndpointStateMachine task thread for /0.0.0.0:41125 - 0 ] INFO  server.XceiverServerGrpc (XceiverServerGrpc.java:start(180)) - XceiverServerGrpc caf96a51-3937-4eef-9499-ab2654641799 is started using port 42769
2022-05-04 03:16:10,865 [IPC Server handler 0 on default port 41125] INFO  net.NetworkTopologyImpl (NetworkTopologyImpl.java:add(112)) - Added a new node: /default-rack/fdc42406-f03d-49b8-be8d-aa07467fef04
2022-05-04 03:16:10,865 [IPC Server handler 0 on default port 41125] INFO  node.SCMNodeManager (SCMNodeManager.java:register(393)) - Registered Data node : fdc42406-f03d-49b8-be8d-aa07467fef04{ip: 10.1.0.22, host: fv-az270-73.tacnzluakwdehk1hpragurqkma.bx.internal.cloudapp.net, ports: [REPLICATION=39801, RATIS=46357, RATIS_ADMIN=46357, RATIS_SERVER=46357, STANDALONE=35609], networkLocation: /default-rack, certSerialId: null, persistedOpState: null, persistedOpStateExpiryEpochSec: 0}
2022-05-04 03:16:10,866 [EventQueue-NewNodeForNewNodeHandler] INFO  pipeline.BackgroundPipelineCreator (BackgroundPipelineCreator.java:notifyEventTriggered(270)) - trigger a one-shot run on RatisPipelineUtilsThread.
2022-05-04 03:16:10,866 [EventQueue-NodeRegistrationContainerReportForDataNodeSafeModeRule] INFO  safemode.SCMSafeModeManager (DataNodeSafeModeRule.java:process(71)) - SCM in safe mode. 3 DataNodes registered, 3 required.
2022-05-04 03:16:10,866 [EventQueue-NodeRegistrationContainerReportForDataNodeSafeModeRule] INFO  safemode.SCMSafeModeManager (SCMSafeModeManager.java:validateSafeModeExitRules(204)) - DataNodeSafeModeRule rule is successfully validated
2022-05-04 03:16:10,866 [EventQueue-NodeRegistrationContainerReportForDataNodeSafeModeRule] INFO  safemode.SCMSafeModeManager (SCMSafeModeManager.java:completePreCheck(233)) - All SCM safe mode pre check rules have passed
2022-05-04 03:16:10,866 [EventQueue-NodeRegistrationContainerReportForDataNodeSafeModeRule] WARN  events.EventQueue (EventQueue.java:fireEvent(194)) - No event handler registered for event TypedEvent{payloadType=SafeModeStatus, name='Safe mode status'}
2022-05-04 03:16:10,866 [EventQueue-NodeRegistrationContainerReportForDataNodeSafeModeRule] INFO  ha.SCMContext (SCMContext.java:updateSafeModeStatus(211)) - Update SafeModeStatus from SafeModeStatus{safeModeStatus=true, preCheckPassed=false} to SafeModeStatus{safeModeStatus=true, preCheckPassed=true}.
2022-05-04 03:16:10,866 [EventQueue-NodeRegistrationContainerReportForDataNodeSafeModeRule] INFO  pipeline.BackgroundPipelineCreator (BackgroundPipelineCreator.java:notifyEventTriggered(270)) - trigger a one-shot run on RatisPipelineUtilsThread.
2022-05-04 03:16:10,867 [RatisPipelineUtilsThread - 0] INFO  pipeline.RatisPipelineProvider (RatisPipelineProvider.java:lambda$create$0(195)) - Sending CreatePipelineCommand for pipeline:PipelineID=68712df7-9eba-4dd8-b8b3-91c243c0887c to datanode:fdc42406-f03d-49b8-be8d-aa07467fef04
2022-05-04 03:16:10,867 [RatisPipelineUtilsThread - 0] INFO  pipeline.PipelineStateManagerImpl (PipelineStateManagerImpl.java:addPipeline(101)) - Created pipeline Pipeline[ Id: 68712df7-9eba-4dd8-b8b3-91c243c0887c, Nodes: fdc42406-f03d-49b8-be8d-aa07467fef04{ip: 10.1.0.22, host: fv-az270-73.tacnzluakwdehk1hpragurqkma.bx.internal.cloudapp.net, ports: [REPLICATION=39801, RATIS=46357, RATIS_ADMIN=46357, RATIS_SERVER=46357, STANDALONE=35609], networkLocation: /default-rack, certSerialId: null, persistedOpState: IN_SERVICE, persistedOpStateExpiryEpochSec: 0}, ReplicationConfig: RATIS/ONE, State:ALLOCATED, leaderId:, CreationTimestamp2022-05-04T03:16:10.867Z[Etc/UTC]].
2022-05-04 03:16:10,867 [RatisPipelineUtilsThread - 0] INFO  pipeline.RatisPipelineProvider (RatisPipelineProvider.java:lambda$create$0(195)) - Sending CreatePipelineCommand for pipeline:PipelineID=e8f2c910-ddc6-4ef1-b0c2-ccd661e93e1f to datanode:fdc42406-f03d-49b8-be8d-aa07467fef04
2022-05-04 03:16:10,868 [RatisPipelineUtilsThread - 0] INFO  pipeline.RatisPipelineProvider (RatisPipelineProvider.java:lambda$create$0(195)) - Sending CreatePipelineCommand for pipeline:PipelineID=e8f2c910-ddc6-4ef1-b0c2-ccd661e93e1f to datanode:e0500e2c-224c-46df-a4cf-d9aa21623822
2022-05-04 03:16:10,868 [RatisPipelineUtilsThread - 0] INFO  pipeline.RatisPipelineProvider (RatisPipelineProvider.java:lambda$create$0(195)) - Sending CreatePipelineCommand for pipeline:PipelineID=e8f2c910-ddc6-4ef1-b0c2-ccd661e93e1f to datanode:023e6ea0-0ef1-4794-8f75-07cc698c5b0d
2022-05-04 03:16:10,868 [RatisPipelineUtilsThread - 0] INFO  pipeline.PipelineStateManagerImpl (PipelineStateManagerImpl.java:addPipeline(101)) - Created pipeline Pipeline[ Id: e8f2c910-ddc6-4ef1-b0c2-ccd661e93e1f, Nodes: fdc42406-f03d-49b8-be8d-aa07467fef04{ip: 10.1.0.22, host: fv-az270-73.tacnzluakwdehk1hpragurqkma.bx.internal.cloudapp.net, ports: [REPLICATION=39801, RATIS=46357, RATIS_ADMIN=46357, RATIS_SERVER=46357, STANDALONE=35609], networkLocation: /default-rack, certSerialId: null, persistedOpState: IN_SERVICE, persistedOpStateExpiryEpochSec: 0}e0500e2c-224c-46df-a4cf-d9aa21623822{ip: 10.1.0.22, host: fv-az270-73.tacnzluakwdehk1hpragurqkma.bx.internal.cloudapp.net, ports: [REPLICATION=36511, RATIS=41873, RATIS_ADMIN=41873, RATIS_SERVER=41873, STANDALONE=43807], networkLocation: /default-rack, certSerialId: null, persistedOpState: IN_SERVICE, persistedOpStateExpiryEpochSec: 0}023e6ea0-0ef1-4794-8f75-07cc698c5b0d{ip: 10.1.0.22, host: fv-az270-73.tacnzluakwdehk1hpragurqkma.bx.internal.cloudapp.net, ports: [REPLICATION=35965, RATIS=42169, RATIS_ADMIN=42169, RATIS_SERVER=42169, STANDALONE=46599], networkLocation: /default-rack, certSerialId: null, persistedOpState: IN_SERVICE, persistedOpStateExpiryEpochSec: 0}, ReplicationConfig: RATIS/THREE, State:ALLOCATED, leaderId:, CreationTimestamp2022-05-04T03:16:10.867Z[Etc/UTC]].
2022-05-04 03:16:10,868 [RatisPipelineUtilsThread - 0] INFO  pipeline.RatisPipelineProvider (RatisPipelineProvider.java:lambda$create$0(195)) - Sending CreatePipelineCommand for pipeline:PipelineID=69df5d7f-2df9-4c9a-b455-bd3ab19c8cd0 to datanode:023e6ea0-0ef1-4794-8f75-07cc698c5b0d
2022-05-04 03:16:10,869 [RatisPipelineUtilsThread - 0] INFO  pipeline.RatisPipelineProvider (RatisPipelineProvider.java:lambda$create$0(195)) - Sending CreatePipelineCommand for pipeline:PipelineID=69df5d7f-2df9-4c9a-b455-bd3ab19c8cd0 to datanode:e0500e2c-224c-46df-a4cf-d9aa21623822
2022-05-04 03:16:10,869 [RatisPipelineUtilsThread - 0] INFO  pipeline.RatisPipelineProvider (RatisPipelineProvider.java:lambda$create$0(195)) - Sending CreatePipelineCommand for pipeline:PipelineID=69df5d7f-2df9-4c9a-b455-bd3ab19c8cd0 to datanode:fdc42406-f03d-49b8-be8d-aa07467fef04
2022-05-04 03:16:10,871 [RatisPipelineUtilsThread - 0] INFO  pipeline.PipelineStateManagerImpl (PipelineStateManagerImpl.java:addPipeline(101)) - Created pipeline Pipeline[ Id: 69df5d7f-2df9-4c9a-b455-bd3ab19c8cd0, Nodes: 023e6ea0-0ef1-4794-8f75-07cc698c5b0d{ip: 10.1.0.22, host: fv-az270-73.tacnzluakwdehk1hpragurqkma.bx.internal.cloudapp.net, ports: [REPLICATION=35965, RATIS=42169, RATIS_ADMIN=42169, RATIS_SERVER=42169, STANDALONE=46599], networkLocation: /default-rack, certSerialId: null, persistedOpState: IN_SERVICE, persistedOpStateExpiryEpochSec: 0}e0500e2c-224c-46df-a4cf-d9aa21623822{ip: 10.1.0.22, host: fv-az270-73.tacnzluakwdehk1hpragurqkma.bx.internal.cloudapp.net, ports: [REPLICATION=36511, RATIS=41873, RATIS_ADMIN=41873, RATIS_SERVER=41873, STANDALONE=43807], networkLocation: /default-rack, certSerialId: null, persistedOpState: IN_SERVICE, persistedOpStateExpiryEpochSec: 0}fdc42406-f03d-49b8-be8d-aa07467fef04{ip: 10.1.0.22, host: fv-az270-73.tacnzluakwdehk1hpragurqkma.bx.internal.cloudapp.net, ports: [REPLICATION=39801, RATIS=46357, RATIS_ADMIN=46357, RATIS_SERVER=46357, STANDALONE=35609], networkLocation: /default-rack, certSerialId: null, persistedOpState: IN_SERVICE, persistedOpStateExpiryEpochSec: 0}, ReplicationConfig: RATIS/THREE, State:ALLOCATED, leaderId:, CreationTimestamp2022-05-04T03:16:10.868Z[Etc/UTC]].
2022-05-04 03:16:10,871 [RatisPipelineUtilsThread - 0] INFO  pipeline.PipelineManagerImpl (PipelineManagerImpl.java:recordMetricsForPipeline(687)) - Pipeline: PipelineID=69df5d7f-2df9-4c9a-b455-bd3ab19c8cd0 contains same datanodes as previous pipelines: PipelineID=e8f2c910-ddc6-4ef1-b0c2-ccd661e93e1f nodeIds: 023e6ea0-0ef1-4794-8f75-07cc698c5b0d, e0500e2c-224c-46df-a4cf-d9aa21623822, fdc42406-f03d-49b8-be8d-aa07467fef04
2022-05-04 03:16:11,330 [Listener at 127.0.0.1/37999] INFO  ozone.MiniOzoneClusterImpl (MiniOzoneClusterImpl.java:lambda$waitForClusterToBeReady$0(221)) - Waiting for nodes to be ready. Got 3 of 5 DN Heartbeats.
2022-05-04 03:16:11,331 [Listener at 127.0.0.1/37999] INFO  ozone.MiniOzoneClusterImpl (MiniOzoneClusterImpl.java:lambda$waitForClusterToBeReady$0(224)) - Waiting for cluster to exit safe mode
2022-05-04 03:16:11,331 [Listener at 127.0.0.1/37999] INFO  ozone.MiniOzoneClusterImpl (MiniOzoneClusterImpl.java:lambda$waitForClusterToBeReady$0(226)) - SCM became leader
2022-05-04 03:16:11,582 [IPC Server handler 4 on default port 41125] INFO  net.NetworkTopologyImpl (NetworkTopologyImpl.java:add(112)) - Added a new node: /default-rack/a0b83c72-bcfb-411f-a16b-571d8bd3b520
2022-05-04 03:16:11,582 [IPC Server handler 4 on default port 41125] INFO  node.SCMNodeManager (SCMNodeManager.java:register(393)) - Registered Data node : a0b83c72-bcfb-411f-a16b-571d8bd3b520{ip: 10.1.0.22, host: fv-az270-73.tacnzluakwdehk1hpragurqkma.bx.internal.cloudapp.net, ports: [REPLICATION=45623, RATIS=41023, RATIS_ADMIN=41023, RATIS_SERVER=41023, STANDALONE=38577], networkLocation: /default-rack, certSerialId: null, persistedOpState: null, persistedOpStateExpiryEpochSec: 0}
2022-05-04 03:16:11,582 [EventQueue-NewNodeForNewNodeHandler] INFO  pipeline.BackgroundPipelineCreator (BackgroundPipelineCreator.java:notifyEventTriggered(270)) - trigger a one-shot run on RatisPipelineUtilsThread.
2022-05-04 03:16:11,583 [RatisPipelineUtilsThread - 0] INFO  pipeline.RatisPipelineProvider (RatisPipelineProvider.java:lambda$create$0(195)) - Sending CreatePipelineCommand for pipeline:PipelineID=ea9fd48c-23f9-4796-ba23-81bfdd13166d to datanode:a0b83c72-bcfb-411f-a16b-571d8bd3b520
2022-05-04 03:16:11,583 [RatisPipelineUtilsThread - 0] INFO  pipeline.PipelineStateManagerImpl (PipelineStateManagerImpl.java:addPipeline(101)) - Created pipeline Pipeline[ Id: ea9fd48c-23f9-4796-ba23-81bfdd13166d, Nodes: a0b83c72-bcfb-411f-a16b-571d8bd3b520{ip: 10.1.0.22, host: fv-az270-73.tacnzluakwdehk1hpragurqkma.bx.internal.cloudapp.net, ports: [REPLICATION=45623, RATIS=41023, RATIS_ADMIN=41023, RATIS_SERVER=41023, STANDALONE=38577], networkLocation: /default-rack, certSerialId: null, persistedOpState: IN_SERVICE, persistedOpStateExpiryEpochSec: 0}, ReplicationConfig: RATIS/ONE, State:ALLOCATED, leaderId:, CreationTimestamp2022-05-04T03:16:11.583Z[Etc/UTC]].
2022-05-04 03:16:11,998 [Command processor thread] INFO  server.RaftServer (RaftServerProxy.java:addNew(95)) - e0500e2c-224c-46df-a4cf-d9aa21623822: addNew group-C03C4DE04B1A:[e0500e2c-224c-46df-a4cf-d9aa21623822|rpc:10.1.0.22:41873|priority:1] returns group-C03C4DE04B1A:java.util.concurrent.CompletableFuture@75457584[Not completed]
2022-05-04 03:16:12,015 [pool-722-thread-1] INFO  server.RaftServer$Division (RaftServerImpl.java:<init>(184)) - e0500e2c-224c-46df-a4cf-d9aa21623822: new RaftServerImpl for group-C03C4DE04B1A:[e0500e2c-224c-46df-a4cf-d9aa21623822|rpc:10.1.0.22:41873|priority:1] with ContainerStateMachine:uninitialized
2022-05-04 03:16:12,016 [pool-722-thread-1] INFO  server.RaftServerConfigKeys (ConfUtils.java:logGet(44)) - raft.server.rpc.timeout.min = 5s (custom)
2022-05-04 03:16:12,016 [pool-722-thread-1] INFO  server.RaftServerConfigKeys (ConfUtils.java:logGet(44)) - raft.server.rpc.timeout.max = 5200ms (custom)
2022-05-04 03:16:12,016 [pool-722-thread-1] INFO  server.RaftServerConfigKeys (ConfUtils.java:logGet(44)) - raft.server.rpc.sleep.time = 25ms (default)
2022-05-04 03:16:12,016 [pool-722-thread-1] INFO  server.RaftServerConfigKeys (ConfUtils.java:logGet(44)) - raft.server.rpc.slowness.timeout = 300s (custom)
2022-05-04 03:16:12,016 [pool-722-thread-1] INFO  server.RaftServerConfigKeys (ConfUtils.java:logGet(44)) - raft.server.leaderelection.leader.step-down.wait-time = 10s (default)
2022-05-04 03:16:12,016 [pool-722-thread-1] INFO  server.RaftServerConfigKeys (ConfUtils.java:logGet(44)) - raft.server.sleep.deviation.threshold = 300ms (default)
2022-05-04 03:16:12,017 [pool-722-thread-1] INFO  server.RaftServerConfigKeys (ConfUtils.java:logGet(44)) - raft.server.log.appender.install.snapshot.enabled = false (custom)
2022-05-04 03:16:12,017 [pool-722-thread-1] INFO  server.RaftServer$Division (ServerState.java:<init>(105)) - e0500e2c-224c-46df-a4cf-d9aa21623822@group-C03C4DE04B1A: ConfigurationManager, init=-1: [e0500e2c-224c-46df-a4cf-d9aa21623822|rpc:10.1.0.22:41873|priority:1], old=null, confs=<EMPTY_MAP>
2022-05-04 03:16:12,017 [pool-722-thread-1] INFO  server.RaftServerConfigKeys (ConfUtils.java:logGet(44)) - raft.server.storage.dir = [/home/runner/work/ozone/ozone/hadoop-ozone/integration-test/target/test-dir/MiniOzoneClusterImpl-cc5aeae0-6f4d-475e-97ef-958bfb15a03d/datanode-0/data/ratis] (custom)
2022-05-04 03:16:12,017 [pool-722-thread-1] INFO  server.RaftServerConfigKeys (ConfUtils.java:logGet(44)) - raft.server.log.corruption.policy = EXCEPTION (default)
2022-05-04 03:16:12,017 [pool-722-thread-1] INFO  server.RaftServerConfigKeys (ConfUtils.java:logGet(44)) - raft.server.storage.free-space.min = 0MB (=0) (default)
2022-05-04 03:16:12,017 [pool-722-thread-1] INFO  storage.RaftStorageDirectory (RaftStorageDirectoryImpl.java:analyzeStorage(135)) - The storage directory /home/runner/work/ozone/ozone/hadoop-ozone/integration-test/target/test-dir/MiniOzoneClusterImpl-cc5aeae0-6f4d-475e-97ef-958bfb15a03d/datanode-0/data/ratis/df0789d2-cc12-4792-9afe-c03c4de04b1a does not exist. Creating ...
2022-05-04 03:16:12,019 [pool-722-thread-1] INFO  storage.RaftStorageDirectory (RaftStorageDirectoryImpl.java:tryLock(230)) - Lock on /home/runner/work/ozone/ozone/hadoop-ozone/integration-test/target/test-dir/MiniOzoneClusterImpl-cc5aeae0-6f4d-475e-97ef-958bfb15a03d/datanode-0/data/ratis/df0789d2-cc12-4792-9afe-c03c4de04b1a/in_use.lock acquired by nodename 29567@fv-az270-73
2022-05-04 03:16:12,021 [pool-722-thread-1] INFO  storage.RaftStorage (RaftStorageImpl.java:format(89)) - Storage directory /home/runner/work/ozone/ozone/hadoop-ozone/integration-test/target/test-dir/MiniOzoneClusterImpl-cc5aeae0-6f4d-475e-97ef-958bfb15a03d/datanode-0/data/ratis/df0789d2-cc12-4792-9afe-c03c4de04b1a has been successfully formatted.
2022-05-04 03:16:12,035 [pool-722-thread-1] INFO  ratis.ContainerStateMachine (ContainerStateMachine.java:loadSnapshot(236)) - group-C03C4DE04B1A: The snapshot info is null. Setting the last applied indexto:(t:0, i:~)
2022-05-04 03:16:12,035 [pool-722-thread-1] INFO  server.RaftServerConfigKeys (ConfUtils.java:logGet(44)) - raft.server.notification.no-leader.timeout = 300s (custom)
2022-05-04 03:16:12,035 [EventQueue-PipelineReportForPipelineReportHandler] INFO  pipeline.PipelineManagerImpl (PipelineManagerImpl.java:openPipeline(328)) - Pipeline Pipeline[ Id: df0789d2-cc12-4792-9afe-c03c4de04b1a, Nodes: e0500e2c-224c-46df-a4cf-d9aa21623822{ip: 10.1.0.22, host: fv-az270-73.tacnzluakwdehk1hpragurqkma.bx.internal.cloudapp.net, ports: [REPLICATION=36511, RATIS=41873, RATIS_ADMIN=41873, RATIS_SERVER=41873, STANDALONE=43807], networkLocation: /default-rack, certSerialId: null, persistedOpState: IN_SERVICE, persistedOpStateExpiryEpochSec: 0}, ReplicationConfig: RATIS/ONE, State:ALLOCATED, leaderId:e0500e2c-224c-46df-a4cf-d9aa21623822, CreationTimestamp2022-05-04T03:16:09.033Z[Etc/UTC]] moved to OPEN state
2022-05-04 03:16:12,035 [pool-722-thread-1] INFO  server.RaftServerConfigKeys (ConfUtils.java:logGet(44)) - raft.server.log.use.memory = false (default)
2022-05-04 03:16:12,061 [pool-722-thread-1] INFO  server.RaftServerConfigKeys (ConfUtils.java:logGet(44)) - raft.server.log.purge.gap = 1000000 (custom)
2022-05-04 03:16:12,061 [pool-722-thread-1] INFO  server.RaftServerConfigKeys (ConfUtils.java:logGet(44)) - raft.server.log.appender.buffer.byte-limit = 33554432 (custom)
2022-05-04 03:16:12,066 [pool-722-thread-1] INFO  server.RaftServerConfigKeys (ConfUtils.java:logGet(44)) - raft.server.log.segment.size.max = 1048576 (custom)
2022-05-04 03:16:12,067 [pool-722-thread-1] INFO  server.RaftServerConfigKeys (ConfUtils.java:logGet(44)) - raft.server.log.segment.cache.num.max = 2 (custom)
2022-05-04 03:16:12,067 [pool-722-thread-1] INFO  server.RaftServerConfigKeys (ConfUtils.java:logGet(44)) - raft.server.log.segment.cache.size.max = 200MB (=209715200) (default)
2022-05-04 03:16:12,067 [pool-722-thread-1] INFO  segmented.SegmentedRaftLogWorker (SegmentedRaftLogWorker.java:<init>(182)) - new e0500e2c-224c-46df-a4cf-d9aa21623822@group-C03C4DE04B1A-SegmentedRaftLogWorker for RaftStorageImpl:Storage Directory /home/runner/work/ozone/ozone/hadoop-ozone/integration-test/target/test-dir/MiniOzoneClusterImpl-cc5aeae0-6f4d-475e-97ef-958bfb15a03d/datanode-0/data/ratis/df0789d2-cc12-4792-9afe-c03c4de04b1a
2022-05-04 03:16:12,067 [pool-722-thread-1] INFO  server.RaftServerConfigKeys (ConfUtils.java:logGet(44)) - raft.server.log.queue.byte-limit = 4294967296 (custom)
2022-05-04 03:16:12,068 [pool-722-thread-1] INFO  server.RaftServerConfigKeys (ConfUtils.java:logGet(44)) - raft.server.log.queue.element-limit = 1024 (custom)
2022-05-04 03:16:12,068 [pool-722-thread-1] INFO  server.RaftServerConfigKeys (ConfUtils.java:logGet(44)) - raft.server.log.segment.size.max = 1048576 (custom)
2022-05-04 03:16:12,068 [pool-722-thread-1] INFO  server.RaftServerConfigKeys (ConfUtils.java:logGet(44)) - raft.server.log.preallocated.size = 16384 (custom)
2022-05-04 03:16:12,068 [pool-722-thread-1] INFO  server.RaftServerConfigKeys (ConfUtils.java:logGet(44)) - raft.server.log.force.sync.num = 128 (default)
2022-05-04 03:16:12,068 [pool-722-thread-1] INFO  server.RaftServerConfigKeys (ConfUtils.java:logGet(44)) - raft.server.log.statemachine.data.sync = true (default)
2022-05-04 03:16:12,068 [pool-722-thread-1] INFO  server.RaftServerConfigKeys (ConfUtils.java:logGet(44)) - raft.server.log.statemachine.data.sync.timeout = 10s (default)
2022-05-04 03:16:12,068 [pool-722-thread-1] INFO  server.RaftServerConfigKeys (ConfUtils.java:logGet(44)) - raft.server.log.statemachine.data.sync.timeout.retry = -1 (default)
2022-05-04 03:16:12,076 [EventQueue-OpenPipelineForHealthyPipelineSafeModeRule] INFO  safemode.SCMSafeModeManager (HealthyPipelineSafeModeRule.java:process(124)) - SCM in safe mode. Healthy pipelines reported count is 0, required healthy pipeline reported count is 1
2022-05-04 03:16:12,086 [pool-722-thread-1] INFO  server.RaftServerConfigKeys (ConfUtils.java:logGet(44)) - raft.server.log.write.buffer.size = 1048576 (custom)
2022-05-04 03:16:12,086 [pool-722-thread-1] INFO  server.RaftServerConfigKeys (ConfUtils.java:logGet(44)) - raft.server.log.statemachine.data.caching.enabled = true (custom)
2022-05-04 03:16:12,086 [pool-722-thread-1] INFO  segmented.SegmentedRaftLogWorker (SegmentedRaftLogWorker.java:lambda$new$0(133)) - e0500e2c-224c-46df-a4cf-d9aa21623822@group-C03C4DE04B1A-SegmentedRaftLogWorker: flushIndex: setUnconditionally 0 -> -1
2022-05-04 03:16:12,086 [pool-722-thread-1] INFO  segmented.SegmentedRaftLogWorker (SegmentedRaftLogWorker.java:lambda$new$0(133)) - e0500e2c-224c-46df-a4cf-d9aa21623822@group-C03C4DE04B1A-SegmentedRaftLogWorker: safeCacheEvictIndex: setUnconditionally 0 -> -1
2022-05-04 03:16:12,094 [pool-722-thread-1] INFO  server.RaftServerConfigKeys (ConfUtils.java:logGet(44)) - raft.server.snapshot.auto.trigger.enabled = true (custom)
2022-05-04 03:16:12,094 [pool-722-thread-1] INFO  server.RaftServerConfigKeys (ConfUtils.java:logGet(44)) - raft.server.snapshot.auto.trigger.threshold = 10000 (custom)
2022-05-04 03:16:12,094 [pool-722-thread-1] INFO  server.RaftServerConfigKeys (ConfUtils.java:logGet(44)) - raft.server.snapshot.retention.file.num = 5 (custom)
2022-05-04 03:16:12,094 [pool-722-thread-1] INFO  server.RaftServerConfigKeys (ConfUtils.java:logGet(44)) - raft.server.log.purge.upto.snapshot.index = false (default)
2022-05-04 03:16:12,094 [pool-722-thread-1] INFO  server.RaftServerConfigKeys (ConfUtils.java:logGet(44)) - raft.server.retrycache.expirytime = 600000ms (custom)
2022-05-04 03:16:12,094 [pool-722-thread-1] INFO  server.RaftServerConfigKeys (ConfUtils.java:logGet(44)) - raft.server.retrycache.statistics.expirytime = 100μs (default)
2022-05-04 03:16:12,095 [pool-722-thread-1] INFO  server.RaftServer$Division (RaftServerImpl.java:start(301)) - e0500e2c-224c-46df-a4cf-d9aa21623822@group-C03C4DE04B1A: start as a follower, conf=-1: [e0500e2c-224c-46df-a4cf-d9aa21623822|rpc:10.1.0.22:41873|priority:1], old=null
2022-05-04 03:16:12,095 [pool-722-thread-1] INFO  server.RaftServer$Division (RaftServerImpl.java:setRole(290)) - e0500e2c-224c-46df-a4cf-d9aa21623822@group-C03C4DE04B1A: changes role from      null to FOLLOWER at term 0 for startAsFollower
2022-05-04 03:16:12,095 [pool-722-thread-1] INFO  impl.RoleInfo (RoleInfo.java:updateAndGet(130)) - e0500e2c-224c-46df-a4cf-d9aa21623822: start e0500e2c-224c-46df-a4cf-d9aa21623822@group-C03C4DE04B1A-FollowerState
2022-05-04 03:16:12,100 [pool-722-thread-1] INFO  util.JmxRegister (JmxRegister.java:tryRegister(44)) - Successfully registered JMX Bean with object name Ratis:service=RaftServer,group=group-C03C4DE04B1A,id=e0500e2c-224c-46df-a4cf-d9aa21623822
2022-05-04 03:16:12,106 [Command processor thread] INFO  ratis.XceiverServerRatis (XceiverServerRatis.java:addGroup(765)) - Created group PipelineID=df0789d2-cc12-4792-9afe-c03c4de04b1a
2022-05-04 03:16:12,106 [Command processor thread] INFO  commandhandler.CreatePipelineCommandHandler (CreatePipelineCommandHandler.java:handle(113)) - Created Pipeline RATIS ONE PipelineID=df0789d2-cc12-4792-9afe-c03c4de04b1a.
2022-05-04 03:16:12,107 [Command processor thread] INFO  server.RaftServer (RaftServerProxy.java:addNew(95)) - e0500e2c-224c-46df-a4cf-d9aa21623822: addNew group-CCD661E93E1F:[023e6ea0-0ef1-4794-8f75-07cc698c5b0d|rpc:10.1.0.22:42169|priority:1, fdc42406-f03d-49b8-be8d-aa07467fef04|rpc:10.1.0.22:46357|priority:0, e0500e2c-224c-46df-a4cf-d9aa21623822|rpc:10.1.0.22:41873|priority:0] returns group-CCD661E93E1F:java.util.concurrent.CompletableFuture@717aeff4[Not completed]
2022-05-04 03:16:12,107 [pool-722-thread-1] INFO  server.RaftServer$Division (RaftServerImpl.java:<init>(184)) - e0500e2c-224c-46df-a4cf-d9aa21623822: new RaftServerImpl for group-CCD661E93E1F:[023e6ea0-0ef1-4794-8f75-07cc698c5b0d|rpc:10.1.0.22:42169|priority:1, fdc42406-f03d-49b8-be8d-aa07467fef04|rpc:10.1.0.22:46357|priority:0, e0500e2c-224c-46df-a4cf-d9aa21623822|rpc:10.1.0.22:41873|priority:0] with ContainerStateMachine:uninitialized
2022-05-04 03:16:12,108 [pool-722-thread-1] INFO  server.RaftServerConfigKeys (ConfUtils.java:logGet(44)) - raft.server.rpc.timeout.min = 5s (custom)
2022-05-04 03:16:12,108 [pool-722-thread-1] INFO  server.RaftServerConfigKeys (ConfUtils.java:logGet(44)) - raft.server.rpc.timeout.max = 5200ms (custom)
2022-05-04 03:16:12,108 [pool-722-thread-1] INFO  server.RaftServerConfigKeys (ConfUtils.java:logGet(44)) - raft.server.rpc.sleep.time = 25ms (default)
2022-05-04 03:16:12,108 [pool-722-thread-1] INFO  server.RaftServerConfigKeys (ConfUtils.java:logGet(44)) - raft.server.rpc.slowness.timeout = 300s (custom)
2022-05-04 03:16:12,108 [pool-722-thread-1] INFO  server.RaftServerConfigKeys (ConfUtils.java:logGet(44)) - raft.server.leaderelection.leader.step-down.wait-time = 10s (default)
2022-05-04 03:16:12,108 [pool-722-thread-1] INFO  server.RaftServerConfigKeys (ConfUtils.java:logGet(44)) - raft.server.sleep.deviation.threshold = 300ms (default)
2022-05-04 03:16:12,108 [pool-722-thread-1] INFO  server.RaftServerConfigKeys (ConfUtils.java:logGet(44)) - raft.server.log.appender.install.snapshot.enabled = false (custom)
2022-05-04 03:16:12,108 [pool-722-thread-1] INFO  server.RaftServer$Division (ServerState.java:<init>(105)) - e0500e2c-224c-46df-a4cf-d9aa21623822@group-CCD661E93E1F: ConfigurationManager, init=-1: [023e6ea0-0ef1-4794-8f75-07cc698c5b0d|rpc:10.1.0.22:42169|priority:1, fdc42406-f03d-49b8-be8d-aa07467fef04|rpc:10.1.0.22:46357|priority:0, e0500e2c-224c-46df-a4cf-d9aa21623822|rpc:10.1.0.22:41873|priority:0], old=null, confs=<EMPTY_MAP>
2022-05-04 03:16:12,108 [pool-722-thread-1] INFO  server.RaftServerConfigKeys (ConfUtils.java:logGet(44)) - raft.server.storage.dir = [/home/runner/work/ozone/ozone/hadoop-ozone/integration-test/target/test-dir/MiniOzoneClusterImpl-cc5aeae0-6f4d-475e-97ef-958bfb15a03d/datanode-0/data/ratis] (custom)
2022-05-04 03:16:12,108 [pool-722-thread-1] INFO  server.RaftServerConfigKeys (ConfUtils.java:logGet(44)) - raft.server.log.corruption.policy = EXCEPTION (default)
2022-05-04 03:16:12,108 [pool-722-thread-1] INFO  server.RaftServerConfigKeys (ConfUtils.java:logGet(44)) - raft.server.storage.free-space.min = 0MB (=0) (default)
2022-05-04 03:16:12,108 [pool-722-thread-1] INFO  storage.RaftStorageDirectory (RaftStorageDirectoryImpl.java:analyzeStorage(135)) - The storage directory /home/runner/work/ozone/ozone/hadoop-ozone/integration-test/target/test-dir/MiniOzoneClusterImpl-cc5aeae0-6f4d-475e-97ef-958bfb15a03d/datanode-0/data/ratis/e8f2c910-ddc6-4ef1-b0c2-ccd661e93e1f does not exist. Creating ...
2022-05-04 03:16:12,125 [pool-722-thread-1] INFO  storage.RaftStorageDirectory (RaftStorageDirectoryImpl.java:tryLock(230)) - Lock on /home/runner/work/ozone/ozone/hadoop-ozone/integration-test/target/test-dir/MiniOzoneClusterImpl-cc5aeae0-6f4d-475e-97ef-958bfb15a03d/datanode-0/data/ratis/e8f2c910-ddc6-4ef1-b0c2-ccd661e93e1f/in_use.lock acquired by nodename 29567@fv-az270-73
2022-05-04 03:16:12,127 [pool-722-thread-1] INFO  storage.RaftStorage (RaftStorageImpl.java:format(89)) - Storage directory /home/runner/work/ozone/ozone/hadoop-ozone/integration-test/target/test-dir/MiniOzoneClusterImpl-cc5aeae0-6f4d-475e-97ef-958bfb15a03d/datanode-0/data/ratis/e8f2c910-ddc6-4ef1-b0c2-ccd661e93e1f has been successfully formatted.
2022-05-04 03:16:12,128 [pool-722-thread-1] INFO  ratis.ContainerStateMachine (ContainerStateMachine.java:loadSnapshot(236)) - group-CCD661E93E1F: The snapshot info is null. Setting the last applied indexto:(t:0, i:~)
2022-05-04 03:16:12,128 [pool-722-thread-1] INFO  server.RaftServerConfigKeys (ConfUtils.java:logGet(44)) - raft.server.notification.no-leader.timeout = 300s (custom)
2022-05-04 03:16:12,128 [pool-722-thread-1] INFO  server.RaftServerConfigKeys (ConfUtils.java:logGet(44)) - raft.server.log.use.memory = false (default)
2022-05-04 03:16:12,128 [pool-722-thread-1] INFO  server.RaftServerConfigKeys (ConfUtils.java:logGet(44)) - raft.server.log.purge.gap = 1000000 (custom)
2022-05-04 03:16:12,128 [pool-722-thread-1] INFO  server.RaftServerConfigKeys (ConfUtils.java:logGet(44)) - raft.server.log.appender.buffer.byte-limit = 33554432 (custom)
2022-05-04 03:16:12,128 [pool-722-thread-1] INFO  server.RaftServerConfigKeys (ConfUtils.java:logGet(44)) - raft.server.log.segment.size.max = 1048576 (custom)
2022-05-04 03:16:12,129 [EventQueue-OpenPipelineForHealthyPipelineSafeModeRule] INFO  safemode.SCMSafeModeManager (HealthyPipelineSafeModeRule.java:process(124)) - SCM in safe mode. Healthy pipelines reported count is 0, required healthy pipeline reported count is 1
2022-05-04 03:16:12,129 [pool-722-thread-1] INFO  server.RaftServerConfigKeys (ConfUtils.java:logGet(44)) - raft.server.log.segment.cache.num.max = 2 (custom)
2022-05-04 03:16:12,129 [pool-722-thread-1] INFO  server.RaftServerConfigKeys (ConfUtils.java:logGet(44)) - raft.server.log.segment.cache.size.max = 200MB (=209715200) (default)
2022-05-04 03:16:12,129 [pool-722-thread-1] INFO  segmented.SegmentedRaftLogWorker (SegmentedRaftLogWorker.java:<init>(182)) - new e0500e2c-224c-46df-a4cf-d9aa21623822@group-CCD661E93E1F-SegmentedRaftLogWorker for RaftStorageImpl:Storage Directory /home/runner/work/ozone/ozone/hadoop-ozone/integration-test/target/test-dir/MiniOzoneClusterImpl-cc5aeae0-6f4d-475e-97ef-958bfb15a03d/datanode-0/data/ratis/e8f2c910-ddc6-4ef1-b0c2-ccd661e93e1f
2022-05-04 03:16:12,129 [pool-722-thread-1] INFO  server.RaftServerConfigKeys (ConfUtils.java:logGet(44)) - raft.server.log.queue.byte-limit = 4294967296 (custom)
2022-05-04 03:16:12,129 [pool-722-thread-1] INFO  server.RaftServerConfigKeys (ConfUtils.java:logGet(44)) - raft.server.log.queue.element-limit = 1024 (custom)
2022-05-04 03:16:12,129 [pool-722-thread-1] INFO  server.RaftServerConfigKeys (ConfUtils.java:logGet(44)) - raft.server.log.segment.size.max = 1048576 (custom)
2022-05-04 03:16:12,129 [pool-722-thread-1] INFO  server.RaftServerConfigKeys (ConfUtils.java:logGet(44)) - raft.server.log.preallocated.size = 16384 (custom)
2022-05-04 03:16:12,129 [pool-722-thread-1] INFO  server.RaftServerConfigKeys (ConfUtils.java:logGet(44)) - raft.server.log.force.sync.num = 128 (default)
2022-05-04 03:16:12,129 [pool-722-thread-1] INFO  server.RaftServerConfigKeys (ConfUtils.java:logGet(44)) - raft.server.log.statemachine.data.sync = true (default)
2022-05-04 03:16:12,129 [pool-722-thread-1] INFO  server.RaftServerConfigKeys (ConfUtils.java:logGet(44)) - raft.server.log.statemachine.data.sync.timeout = 10s (default)
2022-05-04 03:16:12,129 [pool-722-thread-1] INFO  server.RaftServerConfigKeys (ConfUtils.java:logGet(44)) - raft.server.log.statemachine.data.sync.timeout.retry = -1 (default)
2022-05-04 03:16:12,131 [pool-722-thread-1] INFO  server.RaftServerConfigKeys (ConfUtils.java:logGet(44)) - raft.server.log.write.buffer.size = 1048576 (custom)
2022-05-04 03:16:12,135 [pool-722-thread-1] INFO  server.RaftServerConfigKeys (ConfUtils.java:logGet(44)) - raft.server.log.statemachine.data.caching.enabled = true (custom)
2022-05-04 03:16:12,135 [pool-722-thread-1] INFO  segmented.SegmentedRaftLogWorker (SegmentedRaftLogWorker.java:lambda$new$0(133)) - e0500e2c-224c-46df-a4cf-d9aa21623822@group-CCD661E93E1F-SegmentedRaftLogWorker: flushIndex: setUnconditionally 0 -> -1
2022-05-04 03:16:12,135 [pool-722-thread-1] INFO  segmented.SegmentedRaftLogWorker (SegmentedRaftLogWorker.java:lambda$new$0(133)) - e0500e2c-224c-46df-a4cf-d9aa21623822@group-CCD661E93E1F-SegmentedRaftLogWorker: safeCacheEvictIndex: setUnconditionally 0 -> -1
2022-05-04 03:16:12,141 [pool-722-thread-1] INFO  server.RaftServerConfigKeys (ConfUtils.java:logGet(44)) - raft.server.snapshot.auto.trigger.enabled = true (custom)
2022-05-04 03:16:12,141 [pool-722-thread-1] INFO  server.RaftServerConfigKeys (ConfUtils.java:logGet(44)) - raft.server.snapshot.auto.trigger.threshold = 10000 (custom)
2022-05-04 03:16:12,141 [pool-722-thread-1] INFO  server.RaftServerConfigKeys (ConfUtils.java:logGet(44)) - raft.server.snapshot.retention.file.num = 5 (custom)
2022-05-04 03:16:12,141 [pool-722-thread-1] INFO  server.RaftServerConfigKeys (ConfUtils.java:logGet(44)) - raft.server.log.purge.upto.snapshot.index = false (default)
2022-05-04 03:16:12,141 [pool-722-thread-1] INFO  server.RaftServerConfigKeys (ConfUtils.java:logGet(44)) - raft.server.retrycache.expirytime = 600000ms (custom)
2022-05-04 03:16:12,141 [pool-722-thread-1] INFO  server.RaftServerConfigKeys (ConfUtils.java:logGet(44)) - raft.server.retrycache.statistics.expirytime = 100μs (default)
2022-05-04 03:16:12,155 [pool-722-thread-1] INFO  server.RaftServer$Division (RaftServerImpl.java:start(301)) - e0500e2c-224c-46df-a4cf-d9aa21623822@group-CCD661E93E1F: start as a follower, conf=-1: [023e6ea0-0ef1-4794-8f75-07cc698c5b0d|rpc:10.1.0.22:42169|priority:1, fdc42406-f03d-49b8-be8d-aa07467fef04|rpc:10.1.0.22:46357|priority:0, e0500e2c-224c-46df-a4cf-d9aa21623822|rpc:10.1.0.22:41873|priority:0], old=null
2022-05-04 03:16:12,155 [pool-722-thread-1] INFO  server.RaftServer$Division (RaftServerImpl.java:setRole(290)) - e0500e2c-224c-46df-a4cf-d9aa21623822@group-CCD661E93E1F: changes role from      null to FOLLOWER at term 0 for startAsFollower
2022-05-04 03:16:12,155 [pool-722-thread-1] INFO  impl.RoleInfo (RoleInfo.java:updateAndGet(130)) - e0500e2c-224c-46df-a4cf-d9aa21623822: start e0500e2c-224c-46df-a4cf-d9aa21623822@group-CCD661E93E1F-FollowerState
2022-05-04 03:16:12,169 [pool-722-thread-1] INFO  util.JmxRegister (JmxRegister.java:tryRegister(44)) - Successfully registered JMX Bean with object name Ratis:service=RaftServer,group=group-CCD661E93E1F,id=e0500e2c-224c-46df-a4cf-d9aa21623822
2022-05-04 03:16:12,180 [Command processor thread] INFO  ratis.XceiverServerRatis (XceiverServerRatis.java:addGroup(765)) - Created group PipelineID=e8f2c910-ddc6-4ef1-b0c2-ccd661e93e1f
2022-05-04 03:16:12,310 [grpc-default-executor-0] INFO  server.RaftServer (RaftServerProxy.java:addNew(95)) - fdc42406-f03d-49b8-be8d-aa07467fef04: addNew group-CCD661E93E1F:[023e6ea0-0ef1-4794-8f75-07cc698c5b0d|rpc:10.1.0.22:42169|dataStream:|priority:1, fdc42406-f03d-49b8-be8d-aa07467fef04|rpc:10.1.0.22:46357|dataStream:|priority:0, e0500e2c-224c-46df-a4cf-d9aa21623822|rpc:10.1.0.22:41873|dataStream:|priority:0] returns group-CCD661E93E1F:java.util.concurrent.CompletableFuture@625021ed[Not completed]
2022-05-04 03:16:12,315 [pool-764-thread-1] INFO  server.RaftServer$Division (RaftServerImpl.java:<init>(184)) - fdc42406-f03d-49b8-be8d-aa07467fef04: new RaftServerImpl for group-CCD661E93E1F:[023e6ea0-0ef1-4794-8f75-07cc698c5b0d|rpc:10.1.0.22:42169|dataStream:|priority:1, fdc42406-f03d-49b8-be8d-aa07467fef04|rpc:10.1.0.22:46357|dataStream:|priority:0, e0500e2c-224c-46df-a4cf-d9aa21623822|rpc:10.1.0.22:41873|dataStream:|priority:0] with ContainerStateMachine:uninitialized
2022-05-04 03:16:12,316 [pool-764-thread-1] INFO  server.RaftServerConfigKeys (ConfUtils.java:logGet(44)) - raft.server.rpc.timeout.min = 5s (custom)
2022-05-04 03:16:12,316 [pool-764-thread-1] INFO  server.RaftServerConfigKeys (ConfUtils.java:logGet(44)) - raft.server.rpc.timeout.max = 5200ms (custom)
2022-05-04 03:16:12,316 [pool-764-thread-1] INFO  server.RaftServerConfigKeys (ConfUtils.java:logGet(44)) - raft.server.rpc.sleep.time = 25ms (default)
2022-05-04 03:16:12,316 [pool-764-thread-1] INFO  server.RaftServerConfigKeys (ConfUtils.java:logGet(44)) - raft.server.rpc.slowness.timeout = 300s (custom)
2022-05-04 03:16:12,316 [pool-764-thread-1] INFO  server.RaftServerConfigKeys (ConfUtils.java:logGet(44)) - raft.server.leaderelection.leader.step-down.wait-time = 10s (default)
2022-05-04 03:16:12,316 [pool-764-thread-1] INFO  server.RaftServerConfigKeys (ConfUtils.java:logGet(44)) - raft.server.sleep.deviation.threshold = 300ms (default)
2022-05-04 03:16:12,316 [pool-764-thread-1] INFO  server.RaftServerConfigKeys (ConfUtils.java:logGet(44)) - raft.server.log.appender.install.snapshot.enabled = false (custom)
2022-05-04 03:16:12,316 [pool-764-thread-1] INFO  server.RaftServer$Division (ServerState.java:<init>(105)) - fdc42406-f03d-49b8-be8d-aa07467fef04@group-CCD661E93E1F: ConfigurationManager, init=-1: [023e6ea0-0ef1-4794-8f75-07cc698c5b0d|rpc:10.1.0.22:42169|dataStream:|priority:1, fdc42406-f03d-49b8-be8d-aa07467fef04|rpc:10.1.0.22:46357|dataStream:|priority:0, e0500e2c-224c-46df-a4cf-d9aa21623822|rpc:10.1.0.22:41873|dataStream:|priority:0], old=null, confs=<EMPTY_MAP>
2022-05-04 03:16:12,316 [pool-764-thread-1] INFO  server.RaftServerConfigKeys (ConfUtils.java:logGet(44)) - raft.server.storage.dir = [/home/runner/work/ozone/ozone/hadoop-ozone/integration-test/target/test-dir/MiniOzoneClusterImpl-cc5aeae0-6f4d-475e-97ef-958bfb15a03d/datanode-2/data/ratis] (custom)
2022-05-04 03:16:12,316 [pool-764-thread-1] INFO  server.RaftServerConfigKeys (ConfUtils.java:logGet(44)) - raft.server.log.corruption.policy = EXCEPTION (default)
2022-05-04 03:16:12,316 [pool-764-thread-1] INFO  server.RaftServerConfigKeys (ConfUtils.java:logGet(44)) - raft.server.storage.free-space.min = 0MB (=0) (default)
2022-05-04 03:16:12,316 [pool-764-thread-1] INFO  storage.RaftStorageDirectory (RaftStorageDirectoryImpl.java:analyzeStorage(135)) - The storage directory /home/runner/work/ozone/ozone/hadoop-ozone/integration-test/target/test-dir/MiniOzoneClusterImpl-cc5aeae0-6f4d-475e-97ef-958bfb15a03d/datanode-2/data/ratis/e8f2c910-ddc6-4ef1-b0c2-ccd661e93e1f does not exist. Creating ...
2022-05-04 03:16:12,327 [pool-764-thread-1] INFO  storage.RaftStorageDirectory (RaftStorageDirectoryImpl.java:tryLock(230)) - Lock on /home/runner/work/ozone/ozone/hadoop-ozone/integration-test/target/test-dir/MiniOzoneClusterImpl-cc5aeae0-6f4d-475e-97ef-958bfb15a03d/datanode-2/data/ratis/e8f2c910-ddc6-4ef1-b0c2-ccd661e93e1f/in_use.lock acquired by nodename 29567@fv-az270-73
2022-05-04 03:16:12,329 [pool-764-thread-1] INFO  storage.RaftStorage (RaftStorageImpl.java:format(89)) - Storage directory /home/runner/work/ozone/ozone/hadoop-ozone/integration-test/target/test-dir/MiniOzoneClusterImpl-cc5aeae0-6f4d-475e-97ef-958bfb15a03d/datanode-2/data/ratis/e8f2c910-ddc6-4ef1-b0c2-ccd661e93e1f has been successfully formatted.
2022-05-04 03:16:12,331 [Listener at 127.0.0.1/37999] INFO  ozone.MiniOzoneClusterImpl (MiniOzoneClusterImpl.java:lambda$waitForClusterToBeReady$0(221)) - Waiting for nodes to be ready. Got 4 of 5 DN Heartbeats.
2022-05-04 03:16:12,331 [Listener at 127.0.0.1/37999] INFO  ozone.MiniOzoneClusterImpl (MiniOzoneClusterImpl.java:lambda$waitForClusterToBeReady$0(224)) - Waiting for cluster to exit safe mode
2022-05-04 03:16:12,331 [Listener at 127.0.0.1/37999] INFO  ozone.MiniOzoneClusterImpl (MiniOzoneClusterImpl.java:lambda$waitForClusterToBeReady$0(226)) - SCM became leader
2022-05-04 03:16:12,358 [pool-764-thread-1] INFO  ratis.ContainerStateMachine (ContainerStateMachine.java:loadSnapshot(236)) - group-CCD661E93E1F: The snapshot info is null. Setting the last applied indexto:(t:0, i:~)
2022-05-04 03:16:12,367 [pool-764-thread-1] INFO  server.RaftServerConfigKeys (ConfUtils.java:logGet(44)) - raft.server.notification.no-leader.timeout = 300s (custom)
2022-05-04 03:16:12,367 [pool-764-thread-1] INFO  server.RaftServerConfigKeys (ConfUtils.java:logGet(44)) - raft.server.log.use.memory = false (default)
2022-05-04 03:16:12,367 [pool-764-thread-1] INFO  server.RaftServerConfigKeys (ConfUtils.java:logGet(44)) - raft.server.log.purge.gap = 1000000 (custom)
2022-05-04 03:16:12,367 [pool-764-thread-1] INFO  server.RaftServerConfigKeys (ConfUtils.java:logGet(44)) - raft.server.log.appender.buffer.byte-limit = 33554432 (custom)
2022-05-04 03:16:12,367 [pool-764-thread-1] INFO  server.RaftServerConfigKeys (ConfUtils.java:logGet(44)) - raft.server.log.segment.size.max = 1048576 (custom)
2022-05-04 03:16:12,368 [pool-764-thread-1] INFO  server.RaftServerConfigKeys (ConfUtils.java:logGet(44)) - raft.server.log.segment.cache.num.max = 2 (custom)
2022-05-04 03:16:12,368 [pool-764-thread-1] INFO  server.RaftServerConfigKeys (ConfUtils.java:logGet(44)) - raft.server.log.segment.cache.size.max = 200MB (=209715200) (default)
2022-05-04 03:16:12,368 [pool-764-thread-1] INFO  segmented.SegmentedRaftLogWorker (SegmentedRaftLogWorker.java:<init>(182)) - new fdc42406-f03d-49b8-be8d-aa07467fef04@group-CCD661E93E1F-SegmentedRaftLogWorker for RaftStorageImpl:Storage Directory /home/runner/work/ozone/ozone/hadoop-ozone/integration-test/target/test-dir/MiniOzoneClusterImpl-cc5aeae0-6f4d-475e-97ef-958bfb15a03d/datanode-2/data/ratis/e8f2c910-ddc6-4ef1-b0c2-ccd661e93e1f
2022-05-04 03:16:12,368 [pool-764-thread-1] INFO  server.RaftServerConfigKeys (ConfUtils.java:logGet(44)) - raft.server.log.queue.byte-limit = 4294967296 (custom)
2022-05-04 03:16:12,368 [pool-764-thread-1] INFO  server.RaftServerConfigKeys (ConfUtils.java:logGet(44)) - raft.server.log.queue.element-limit = 1024 (custom)
2022-05-04 03:16:12,368 [pool-764-thread-1] INFO  server.RaftServerConfigKeys (ConfUtils.java:logGet(44)) - raft.server.log.segment.size.max = 1048576 (custom)
2022-05-04 03:16:12,368 [pool-764-thread-1] INFO  server.RaftServerConfigKeys (ConfUtils.java:logGet(44)) - raft.server.log.preallocated.size = 16384 (custom)
2022-05-04 03:16:12,369 [pool-764-thread-1] INFO  server.RaftServerConfigKeys (ConfUtils.java:logGet(44)) - raft.server.log.force.sync.num = 128 (default)
2022-05-04 03:16:12,369 [pool-764-thread-1] INFO  server.RaftServerConfigKeys (ConfUtils.java:logGet(44)) - raft.server.log.statemachine.data.sync = true (default)
2022-05-04 03:16:12,369 [pool-764-thread-1] INFO  server.RaftServerConfigKeys (ConfUtils.java:logGet(44)) - raft.server.log.statemachine.data.sync.timeout = 10s (default)
2022-05-04 03:16:12,369 [pool-764-thread-1] INFO  server.RaftServerConfigKeys (ConfUtils.java:logGet(44)) - raft.server.log.statemachine.data.sync.timeout.retry = -1 (default)
2022-05-04 03:16:12,370 [pool-764-thread-1] INFO  server.RaftServerConfigKeys (ConfUtils.java:logGet(44)) - raft.server.log.write.buffer.size = 1048576 (custom)
2022-05-04 03:16:12,373 [pool-764-thread-1] INFO  server.RaftServerConfigKeys (ConfUtils.java:logGet(44)) - raft.server.log.statemachine.data.caching.enabled = true (custom)
2022-05-04 03:16:12,373 [pool-764-thread-1] INFO  segmented.SegmentedRaftLogWorker (SegmentedRaftLogWorker.java:lambda$new$0(133)) - fdc42406-f03d-49b8-be8d-aa07467fef04@group-CCD661E93E1F-SegmentedRaftLogWorker: flushIndex: setUnconditionally 0 -> -1
2022-05-04 03:16:12,373 [pool-764-thread-1] INFO  segmented.SegmentedRaftLogWorker (SegmentedRaftLogWorker.java:lambda$new$0(133)) - fdc42406-f03d-49b8-be8d-aa07467fef04@group-CCD661E93E1F-SegmentedRaftLogWorker: safeCacheEvictIndex: setUnconditionally 0 -> -1
2022-05-04 03:16:12,378 [pool-764-thread-1] INFO  server.RaftServerConfigKeys (ConfUtils.java:logGet(44)) - raft.server.snapshot.auto.trigger.enabled = true (custom)
2022-05-04 03:16:12,378 [pool-764-thread-1] INFO  server.RaftServerConfigKeys (ConfUtils.java:logGet(44)) - raft.server.snapshot.auto.trigger.threshold = 10000 (custom)
2022-05-04 03:16:12,378 [pool-764-thread-1] INFO  server.RaftServerConfigKeys (ConfUtils.java:logGet(44)) - raft.server.snapshot.retention.file.num = 5 (custom)
2022-05-04 03:16:12,378 [pool-764-thread-1] INFO  server.RaftServerConfigKeys (ConfUtils.java:logGet(44)) - raft.server.log.purge.upto.snapshot.index = false (default)
2022-05-04 03:16:12,378 [pool-764-thread-1] INFO  server.RaftServerConfigKeys (ConfUtils.java:logGet(44)) - raft.server.retrycache.expirytime = 600000ms (custom)
2022-05-04 03:16:12,378 [pool-764-thread-1] INFO  server.RaftServerConfigKeys (ConfUtils.java:logGet(44)) - raft.server.retrycache.statistics.expirytime = 100μs (default)
2022-05-04 03:16:12,382 [pool-764-thread-1] INFO  server.RaftServer$Division (RaftServerImpl.java:start(301)) - fdc42406-f03d-49b8-be8d-aa07467fef04@group-CCD661E93E1F: start as a follower, conf=-1: [023e6ea0-0ef1-4794-8f75-07cc698c5b0d|rpc:10.1.0.22:42169|dataStream:|priority:1, fdc42406-f03d-49b8-be8d-aa07467fef04|rpc:10.1.0.22:46357|dataStream:|priority:0, e0500e2c-224c-46df-a4cf-d9aa21623822|rpc:10.1.0.22:41873|dataStream:|priority:0], old=null
2022-05-04 03:16:12,382 [pool-764-thread-1] INFO  server.RaftServer$Division (RaftServerImpl.java:setRole(290)) - fdc42406-f03d-49b8-be8d-aa07467fef04@group-CCD661E93E1F: changes role from      null to FOLLOWER at term 0 for startAsFollower
2022-05-04 03:16:12,382 [pool-764-thread-1] INFO  impl.RoleInfo (RoleInfo.java:updateAndGet(130)) - fdc42406-f03d-49b8-be8d-aa07467fef04: start fdc42406-f03d-49b8-be8d-aa07467fef04@group-CCD661E93E1F-FollowerState
2022-05-04 03:16:12,391 [pool-764-thread-1] INFO  util.JmxRegister (JmxRegister.java:tryRegister(44)) - Successfully registered JMX Bean with object name Ratis:service=RaftServer,group=group-CCD661E93E1F,id=fdc42406-f03d-49b8-be8d-aa07467fef04
2022-05-04 03:16:12,396 [IPC Server handler 6 on default port 41125] INFO  net.NetworkTopologyImpl (NetworkTopologyImpl.java:add(112)) - Added a new node: /default-rack/caf96a51-3937-4eef-9499-ab2654641799
2022-05-04 03:16:12,396 [IPC Server handler 6 on default port 41125] INFO  node.SCMNodeManager (SCMNodeManager.java:register(393)) - Registered Data node : caf96a51-3937-4eef-9499-ab2654641799{ip: 10.1.0.22, host: fv-az270-73.tacnzluakwdehk1hpragurqkma.bx.internal.cloudapp.net, ports: [REPLICATION=40205, RATIS=39685, RATIS_ADMIN=39685, RATIS_SERVER=39685, STANDALONE=42769], networkLocation: /default-rack, certSerialId: null, persistedOpState: null, persistedOpStateExpiryEpochSec: 0}
2022-05-04 03:16:12,396 [EventQueue-NewNodeForNewNodeHandler] INFO  pipeline.BackgroundPipelineCreator (BackgroundPipelineCreator.java:notifyEventTriggered(270)) - trigger a one-shot run on RatisPipelineUtilsThread.
2022-05-04 03:16:12,414 [RatisPipelineUtilsThread - 0] INFO  pipeline.RatisPipelineProvider (RatisPipelineProvider.java:lambda$create$0(195)) - Sending CreatePipelineCommand for pipeline:PipelineID=2da107c3-baad-46ec-ab1c-cb6c8cca78b7 to datanode:caf96a51-3937-4eef-9499-ab2654641799
2022-05-04 03:16:12,415 [RatisPipelineUtilsThread - 0] INFO  pipeline.PipelineStateManagerImpl (PipelineStateManagerImpl.java:addPipeline(101)) - Created pipeline Pipeline[ Id: 2da107c3-baad-46ec-ab1c-cb6c8cca78b7, Nodes: caf96a51-3937-4eef-9499-ab2654641799{ip: 10.1.0.22, host: fv-az270-73.tacnzluakwdehk1hpragurqkma.bx.internal.cloudapp.net, ports: [REPLICATION=40205, RATIS=39685, RATIS_ADMIN=39685, RATIS_SERVER=39685, STANDALONE=42769], networkLocation: /default-rack, certSerialId: null, persistedOpState: IN_SERVICE, persistedOpStateExpiryEpochSec: 0}, ReplicationConfig: RATIS/ONE, State:ALLOCATED, leaderId:, CreationTimestamp2022-05-04T03:16:12.414Z[Etc/UTC]].
2022-05-04 03:16:12,454 [grpc-default-executor-0] INFO  server.RaftServer (RaftServerProxy.java:addNew(95)) - 023e6ea0-0ef1-4794-8f75-07cc698c5b0d: addNew group-CCD661E93E1F:[023e6ea0-0ef1-4794-8f75-07cc698c5b0d|rpc:10.1.0.22:42169|dataStream:|priority:1, fdc42406-f03d-49b8-be8d-aa07467fef04|rpc:10.1.0.22:46357|dataStream:|priority:0, e0500e2c-224c-46df-a4cf-d9aa21623822|rpc:10.1.0.22:41873|dataStream:|priority:0] returns group-CCD661E93E1F:java.util.concurrent.CompletableFuture@421a186e[Not completed]
2022-05-04 03:16:12,455 [pool-743-thread-1] INFO  server.RaftServer$Division (RaftServerImpl.java:<init>(184)) - 023e6ea0-0ef1-4794-8f75-07cc698c5b0d: new RaftServerImpl for group-CCD661E93E1F:[023e6ea0-0ef1-4794-8f75-07cc698c5b0d|rpc:10.1.0.22:42169|dataStream:|priority:1, fdc42406-f03d-49b8-be8d-aa07467fef04|rpc:10.1.0.22:46357|dataStream:|priority:0, e0500e2c-224c-46df-a4cf-d9aa21623822|rpc:10.1.0.22:41873|dataStream:|priority:0] with ContainerStateMachine:uninitialized
2022-05-04 03:16:12,485 [pool-743-thread-1] INFO  server.RaftServerConfigKeys (ConfUtils.java:logGet(44)) - raft.server.rpc.timeout.min = 5s (custom)
2022-05-04 03:16:12,485 [pool-743-thread-1] INFO  server.RaftServerConfigKeys (ConfUtils.java:logGet(44)) - raft.server.rpc.timeout.max = 5200ms (custom)
2022-05-04 03:16:12,485 [pool-743-thread-1] INFO  server.RaftServerConfigKeys (ConfUtils.java:logGet(44)) - raft.server.rpc.sleep.time = 25ms (default)
2022-05-04 03:16:12,485 [pool-743-thread-1] INFO  server.RaftServerConfigKeys (ConfUtils.java:logGet(44)) - raft.server.rpc.slowness.timeout = 300s (custom)
2022-05-04 03:16:12,485 [pool-743-thread-1] INFO  server.RaftServerConfigKeys (ConfUtils.java:logGet(44)) - raft.server.leaderelection.leader.step-down.wait-time = 10s (default)
2022-05-04 03:16:12,485 [pool-743-thread-1] INFO  server.RaftServerConfigKeys (ConfUtils.java:logGet(44)) - raft.server.sleep.deviation.threshold = 300ms (default)
2022-05-04 03:16:12,485 [pool-743-thread-1] INFO  server.RaftServerConfigKeys (ConfUtils.java:logGet(44)) - raft.server.log.appender.install.snapshot.enabled = false (custom)
2022-05-04 03:16:12,485 [pool-743-thread-1] INFO  server.RaftServer$Division (ServerState.java:<init>(105)) - 023e6ea0-0ef1-4794-8f75-07cc698c5b0d@group-CCD661E93E1F: ConfigurationManager, init=-1: [023e6ea0-0ef1-4794-8f75-07cc698c5b0d|rpc:10.1.0.22:42169|dataStream:|priority:1, fdc42406-f03d-49b8-be8d-aa07467fef04|rpc:10.1.0.22:46357|dataStream:|priority:0, e0500e2c-224c-46df-a4cf-d9aa21623822|rpc:10.1.0.22:41873|dataStream:|priority:0], old=null, confs=<EMPTY_MAP>
2022-05-04 03:16:12,486 [pool-743-thread-1] INFO  server.RaftServerConfigKeys (ConfUtils.java:logGet(44)) - raft.server.storage.dir = [/home/runner/work/ozone/ozone/hadoop-ozone/integration-test/target/test-dir/MiniOzoneClusterImpl-cc5aeae0-6f4d-475e-97ef-958bfb15a03d/datanode-1/data/ratis] (custom)
2022-05-04 03:16:12,486 [pool-743-thread-1] INFO  server.RaftServerConfigKeys (ConfUtils.java:logGet(44)) - raft.server.log.corruption.policy = EXCEPTION (default)
2022-05-04 03:16:12,486 [pool-743-thread-1] INFO  server.RaftServerConfigKeys (ConfUtils.java:logGet(44)) - raft.server.storage.free-space.min = 0MB (=0) (default)
2022-05-04 03:16:12,486 [pool-743-thread-1] INFO  storage.RaftStorageDirectory (RaftStorageDirectoryImpl.java:analyzeStorage(135)) - The storage directory /home/runner/work/ozone/ozone/hadoop-ozone/integration-test/target/test-dir/MiniOzoneClusterImpl-cc5aeae0-6f4d-475e-97ef-958bfb15a03d/datanode-1/data/ratis/e8f2c910-ddc6-4ef1-b0c2-ccd661e93e1f does not exist. Creating ...
2022-05-04 03:16:12,489 [pool-743-thread-1] INFO  storage.RaftStorageDirectory (RaftStorageDirectoryImpl.java:tryLock(230)) - Lock on /home/runner/work/ozone/ozone/hadoop-ozone/integration-test/target/test-dir/MiniOzoneClusterImpl-cc5aeae0-6f4d-475e-97ef-958bfb15a03d/datanode-1/data/ratis/e8f2c910-ddc6-4ef1-b0c2-ccd661e93e1f/in_use.lock acquired by nodename 29567@fv-az270-73
2022-05-04 03:16:12,490 [pool-743-thread-1] INFO  storage.RaftStorage (RaftStorageImpl.java:format(89)) - Storage directory /home/runner/work/ozone/ozone/hadoop-ozone/integration-test/target/test-dir/MiniOzoneClusterImpl-cc5aeae0-6f4d-475e-97ef-958bfb15a03d/datanode-1/data/ratis/e8f2c910-ddc6-4ef1-b0c2-ccd661e93e1f has been successfully formatted.
2022-05-04 03:16:12,491 [pool-743-thread-1] INFO  ratis.ContainerStateMachine (ContainerStateMachine.java:loadSnapshot(236)) - group-CCD661E93E1F: The snapshot info is null. Setting the last applied indexto:(t:0, i:~)
2022-05-04 03:16:12,492 [pool-743-thread-1] INFO  server.RaftServerConfigKeys (ConfUtils.java:logGet(44)) - raft.server.notification.no-leader.timeout = 300s (custom)
2022-05-04 03:16:12,492 [pool-743-thread-1] INFO  server.RaftServerConfigKeys (ConfUtils.java:logGet(44)) - raft.server.log.use.memory = false (default)
2022-05-04 03:16:12,492 [pool-743-thread-1] INFO  server.RaftServerConfigKeys (ConfUtils.java:logGet(44)) - raft.server.log.purge.gap = 1000000 (custom)
2022-05-04 03:16:12,492 [pool-743-thread-1] INFO  server.RaftServerConfigKeys (ConfUtils.java:logGet(44)) - raft.server.log.appender.buffer.byte-limit = 33554432 (custom)
2022-05-04 03:16:12,492 [pool-743-thread-1] INFO  server.RaftServerConfigKeys (ConfUtils.java:logGet(44)) - raft.server.log.segment.size.max = 1048576 (custom)
2022-05-04 03:16:12,493 [pool-743-thread-1] INFO  server.RaftServerConfigKeys (ConfUtils.java:logGet(44)) - raft.server.log.segment.cache.num.max = 2 (custom)
2022-05-04 03:16:12,493 [pool-743-thread-1] INFO  server.RaftServerConfigKeys (ConfUtils.java:logGet(44)) - raft.server.log.segment.cache.size.max = 200MB (=209715200) (default)
2022-05-04 03:16:12,493 [pool-743-thread-1] INFO  segmented.SegmentedRaftLogWorker (SegmentedRaftLogWorker.java:<init>(182)) - new 023e6ea0-0ef1-4794-8f75-07cc698c5b0d@group-CCD661E93E1F-SegmentedRaftLogWorker for RaftStorageImpl:Storage Directory /home/runner/work/ozone/ozone/hadoop-ozone/integration-test/target/test-dir/MiniOzoneClusterImpl-cc5aeae0-6f4d-475e-97ef-958bfb15a03d/datanode-1/data/ratis/e8f2c910-ddc6-4ef1-b0c2-ccd661e93e1f
2022-05-04 03:16:12,493 [pool-743-thread-1] INFO  server.RaftServerConfigKeys (ConfUtils.java:logGet(44)) - raft.server.log.queue.byte-limit = 4294967296 (custom)
2022-05-04 03:16:12,493 [pool-743-thread-1] INFO  server.RaftServerConfigKeys (ConfUtils.java:logGet(44)) - raft.server.log.queue.element-limit = 1024 (custom)
2022-05-04 03:16:12,493 [pool-743-thread-1] INFO  server.RaftServerConfigKeys (ConfUtils.java:logGet(44)) - raft.server.log.segment.size.max = 1048576 (custom)
2022-05-04 03:16:12,493 [pool-743-thread-1] INFO  server.RaftServerConfigKeys (ConfUtils.java:logGet(44)) - raft.server.log.preallocated.size = 16384 (custom)
2022-05-04 03:16:12,493 [pool-743-thread-1] INFO  server.RaftServerConfigKeys (ConfUtils.java:logGet(44)) - raft.server.log.force.sync.num = 128 (default)
2022-05-04 03:16:12,493 [pool-743-thread-1] INFO  server.RaftServerConfigKeys (ConfUtils.java:logGet(44)) - raft.server.log.statemachine.data.sync = true (default)
2022-05-04 03:16:12,493 [pool-743-thread-1] INFO  server.RaftServerConfigKeys (ConfUtils.java:logGet(44)) - raft.server.log.statemachine.data.sync.timeout = 10s (default)
2022-05-04 03:16:12,493 [pool-743-thread-1] INFO  server.RaftServerConfigKeys (ConfUtils.java:logGet(44)) - raft.server.log.statemachine.data.sync.timeout.retry = -1 (default)
2022-05-04 03:16:12,494 [pool-743-thread-1] INFO  server.RaftServerConfigKeys (ConfUtils.java:logGet(44)) - raft.server.log.write.buffer.size = 1048576 (custom)
2022-05-04 03:16:12,496 [pool-743-thread-1] INFO  server.RaftServerConfigKeys (ConfUtils.java:logGet(44)) - raft.server.log.statemachine.data.caching.enabled = true (custom)
2022-05-04 03:16:12,496 [pool-743-thread-1] INFO  segmented.SegmentedRaftLogWorker (SegmentedRaftLogWorker.java:lambda$new$0(133)) - 023e6ea0-0ef1-4794-8f75-07cc698c5b0d@group-CCD661E93E1F-SegmentedRaftLogWorker: flushIndex: setUnconditionally 0 -> -1
2022-05-04 03:16:12,496 [pool-743-thread-1] INFO  segmented.SegmentedRaftLogWorker (SegmentedRaftLogWorker.java:lambda$new$0(133)) - 023e6ea0-0ef1-4794-8f75-07cc698c5b0d@group-CCD661E93E1F-SegmentedRaftLogWorker: safeCacheEvictIndex: setUnconditionally 0 -> -1
2022-05-04 03:16:12,502 [pool-743-thread-1] INFO  server.RaftServerConfigKeys (ConfUtils.java:logGet(44)) - raft.server.snapshot.auto.trigger.enabled = true (custom)
2022-05-04 03:16:12,502 [pool-743-thread-1] INFO  server.RaftServerConfigKeys (ConfUtils.java:logGet(44)) - raft.server.snapshot.auto.trigger.threshold = 10000 (custom)
2022-05-04 03:16:12,502 [pool-743-thread-1] INFO  server.RaftServerConfigKeys (ConfUtils.java:logGet(44)) - raft.server.snapshot.retention.file.num = 5 (custom)
2022-05-04 03:16:12,502 [pool-743-thread-1] INFO  server.RaftServerConfigKeys (ConfUtils.java:logGet(44)) - raft.server.log.purge.upto.snapshot.index = false (default)
2022-05-04 03:16:12,502 [pool-743-thread-1] INFO  server.RaftServerConfigKeys (ConfUtils.java:logGet(44)) - raft.server.retrycache.expirytime = 600000ms (custom)
2022-05-04 03:16:12,502 [pool-743-thread-1] INFO  server.RaftServerConfigKeys (ConfUtils.java:logGet(44)) - raft.server.retrycache.statistics.expirytime = 100μs (default)
2022-05-04 03:16:12,504 [pool-743-thread-1] INFO  server.RaftServer$Division (RaftServerImpl.java:start(301)) - 023e6ea0-0ef1-4794-8f75-07cc698c5b0d@group-CCD661E93E1F: start as a follower, conf=-1: [023e6ea0-0ef1-4794-8f75-07cc698c5b0d|rpc:10.1.0.22:42169|dataStream:|priority:1, fdc42406-f03d-49b8-be8d-aa07467fef04|rpc:10.1.0.22:46357|dataStream:|priority:0, e0500e2c-224c-46df-a4cf-d9aa21623822|rpc:10.1.0.22:41873|dataStream:|priority:0], old=null
2022-05-04 03:16:12,504 [pool-743-thread-1] INFO  server.RaftServer$Division (RaftServerImpl.java:setRole(290)) - 023e6ea0-0ef1-4794-8f75-07cc698c5b0d@group-CCD661E93E1F: changes role from      null to FOLLOWER at term 0 for startAsFollower
2022-05-04 03:16:12,504 [pool-743-thread-1] INFO  impl.RoleInfo (RoleInfo.java:updateAndGet(130)) - 023e6ea0-0ef1-4794-8f75-07cc698c5b0d: start 023e6ea0-0ef1-4794-8f75-07cc698c5b0d@group-CCD661E93E1F-FollowerState
2022-05-04 03:16:12,522 [pool-743-thread-1] INFO  util.JmxRegister (JmxRegister.java:tryRegister(44)) - Successfully registered JMX Bean with object name Ratis:service=RaftServer,group=group-CCD661E93E1F,id=023e6ea0-0ef1-4794-8f75-07cc698c5b0d
2022-05-04 03:16:12,559 [Command processor thread] INFO  commandhandler.CreatePipelineCommandHandler (CreatePipelineCommandHandler.java:handle(113)) - Created Pipeline RATIS THREE PipelineID=e8f2c910-ddc6-4ef1-b0c2-ccd661e93e1f.
2022-05-04 03:16:12,559 [Command processor thread] INFO  server.RaftServer (RaftServerProxy.java:addNew(95)) - e0500e2c-224c-46df-a4cf-d9aa21623822: addNew group-BD3AB19C8CD0:[023e6ea0-0ef1-4794-8f75-07cc698c5b0d|rpc:10.1.0.22:42169|priority:0, fdc42406-f03d-49b8-be8d-aa07467fef04|rpc:10.1.0.22:46357|priority:1, e0500e2c-224c-46df-a4cf-d9aa21623822|rpc:10.1.0.22:41873|priority:0] returns group-BD3AB19C8CD0:java.util.concurrent.CompletableFuture@653f06ca[Not completed]
2022-05-04 03:16:12,560 [pool-722-thread-1] INFO  server.RaftServer$Division (RaftServerImpl.java:<init>(184)) - e0500e2c-224c-46df-a4cf-d9aa21623822: new RaftServerImpl for group-BD3AB19C8CD0:[023e6ea0-0ef1-4794-8f75-07cc698c5b0d|rpc:10.1.0.22:42169|priority:0, fdc42406-f03d-49b8-be8d-aa07467fef04|rpc:10.1.0.22:46357|priority:1, e0500e2c-224c-46df-a4cf-d9aa21623822|rpc:10.1.0.22:41873|priority:0] with ContainerStateMachine:uninitialized
2022-05-04 03:16:12,560 [pool-722-thread-1] INFO  server.RaftServerConfigKeys (ConfUtils.java:logGet(44)) - raft.server.rpc.timeout.min = 5s (custom)
2022-05-04 03:16:12,560 [pool-722-thread-1] INFO  server.RaftServerConfigKeys (ConfUtils.java:logGet(44)) - raft.server.rpc.timeout.max = 5200ms (custom)
2022-05-04 03:16:12,560 [pool-722-thread-1] INFO  server.RaftServerConfigKeys (ConfUtils.java:logGet(44)) - raft.server.rpc.sleep.time = 25ms (default)
2022-05-04 03:16:12,560 [pool-722-thread-1] INFO  server.RaftServerConfigKeys (ConfUtils.java:logGet(44)) - raft.server.rpc.slowness.timeout = 300s (custom)
2022-05-04 03:16:12,560 [pool-722-thread-1] INFO  server.RaftServerConfigKeys (ConfUtils.java:logGet(44)) - raft.server.leaderelection.leader.step-down.wait-time = 10s (default)
2022-05-04 03:16:12,560 [pool-722-thread-1] INFO  server.RaftServerConfigKeys (ConfUtils.java:logGet(44)) - raft.server.sleep.deviation.threshold = 300ms (default)
2022-05-04 03:16:12,560 [pool-722-thread-1] INFO  server.RaftServerConfigKeys (ConfUtils.java:logGet(44)) - raft.server.log.appender.install.snapshot.enabled = false (custom)
2022-05-04 03:16:12,560 [pool-722-thread-1] INFO  server.RaftServer$Division (ServerState.java:<init>(105)) - e0500e2c-224c-46df-a4cf-d9aa21623822@group-BD3AB19C8CD0: ConfigurationManager, init=-1: [023e6ea0-0ef1-4794-8f75-07cc698c5b0d|rpc:10.1.0.22:42169|priority:0, fdc42406-f03d-49b8-be8d-aa07467fef04|rpc:10.1.0.22:46357|priority:1, e0500e2c-224c-46df-a4cf-d9aa21623822|rpc:10.1.0.22:41873|priority:0], old=null, confs=<EMPTY_MAP>
2022-05-04 03:16:12,561 [pool-722-thread-1] INFO  server.RaftServerConfigKeys (ConfUtils.java:logGet(44)) - raft.server.storage.dir = [/home/runner/work/ozone/ozone/hadoop-ozone/integration-test/target/test-dir/MiniOzoneClusterImpl-cc5aeae0-6f4d-475e-97ef-958bfb15a03d/datanode-0/data/ratis] (custom)
2022-05-04 03:16:12,561 [pool-722-thread-1] INFO  server.RaftServerConfigKeys (ConfUtils.java:logGet(44)) - raft.server.log.corruption.policy = EXCEPTION (default)
2022-05-04 03:16:12,562 [pool-722-thread-1] INFO  server.RaftServerConfigKeys (ConfUtils.java:logGet(44)) - raft.server.storage.free-space.min = 0MB (=0) (default)
2022-05-04 03:16:12,562 [pool-722-thread-1] INFO  storage.RaftStorageDirectory (RaftStorageDirectoryImpl.java:analyzeStorage(135)) - The storage directory /home/runner/work/ozone/ozone/hadoop-ozone/integration-test/target/test-dir/MiniOzoneClusterImpl-cc5aeae0-6f4d-475e-97ef-958bfb15a03d/datanode-0/data/ratis/69df5d7f-2df9-4c9a-b455-bd3ab19c8cd0 does not exist. Creating ...
2022-05-04 03:16:12,569 [pool-722-thread-1] INFO  storage.RaftStorageDirectory (RaftStorageDirectoryImpl.java:tryLock(230)) - Lock on /home/runner/work/ozone/ozone/hadoop-ozone/integration-test/target/test-dir/MiniOzoneClusterImpl-cc5aeae0-6f4d-475e-97ef-958bfb15a03d/datanode-0/data/ratis/69df5d7f-2df9-4c9a-b455-bd3ab19c8cd0/in_use.lock acquired by nodename 29567@fv-az270-73
2022-05-04 03:16:12,577 [pool-722-thread-1] INFO  storage.RaftStorage (RaftStorageImpl.java:format(89)) - Storage directory /home/runner/work/ozone/ozone/hadoop-ozone/integration-test/target/test-dir/MiniOzoneClusterImpl-cc5aeae0-6f4d-475e-97ef-958bfb15a03d/datanode-0/data/ratis/69df5d7f-2df9-4c9a-b455-bd3ab19c8cd0 has been successfully formatted.
2022-05-04 03:16:12,581 [pool-722-thread-1] INFO  ratis.ContainerStateMachine (ContainerStateMachine.java:loadSnapshot(236)) - group-BD3AB19C8CD0: The snapshot info is null. Setting the last applied indexto:(t:0, i:~)
2022-05-04 03:16:12,581 [pool-722-thread-1] INFO  server.RaftServerConfigKeys (ConfUtils.java:logGet(44)) - raft.server.notification.no-leader.timeout = 300s (custom)
2022-05-04 03:16:12,581 [pool-722-thread-1] INFO  server.RaftServerConfigKeys (ConfUtils.java:logGet(44)) - raft.server.log.use.memory = false (default)
2022-05-04 03:16:12,581 [pool-722-thread-1] INFO  server.RaftServerConfigKeys (ConfUtils.java:logGet(44)) - raft.server.log.purge.gap = 1000000 (custom)
2022-05-04 03:16:12,581 [pool-722-thread-1] INFO  server.RaftServerConfigKeys (ConfUtils.java:logGet(44)) - raft.server.log.appender.buffer.byte-limit = 33554432 (custom)
2022-05-04 03:16:12,582 [pool-722-thread-1] INFO  server.RaftServerConfigKeys (ConfUtils.java:logGet(44)) - raft.server.log.segment.size.max = 1048576 (custom)
2022-05-04 03:16:12,582 [pool-722-thread-1] INFO  server.RaftServerConfigKeys (ConfUtils.java:logGet(44)) - raft.server.log.segment.cache.num.max = 2 (custom)
2022-05-04 03:16:12,582 [pool-722-thread-1] INFO  server.RaftServerConfigKeys (ConfUtils.java:logGet(44)) - raft.server.log.segment.cache.size.max = 200MB (=209715200) (default)
2022-05-04 03:16:12,582 [pool-722-thread-1] INFO  segmented.SegmentedRaftLogWorker (SegmentedRaftLogWorker.java:<init>(182)) - new e0500e2c-224c-46df-a4cf-d9aa21623822@group-BD3AB19C8CD0-SegmentedRaftLogWorker for RaftStorageImpl:Storage Directory /home/runner/work/ozone/ozone/hadoop-ozone/integration-test/target/test-dir/MiniOzoneClusterImpl-cc5aeae0-6f4d-475e-97ef-958bfb15a03d/datanode-0/data/ratis/69df5d7f-2df9-4c9a-b455-bd3ab19c8cd0
2022-05-04 03:16:12,582 [pool-722-thread-1] INFO  server.RaftServerConfigKeys (ConfUtils.java:logGet(44)) - raft.server.log.queue.byte-limit = 4294967296 (custom)
2022-05-04 03:16:12,582 [pool-722-thread-1] INFO  server.RaftServerConfigKeys (ConfUtils.java:logGet(44)) - raft.server.log.queue.element-limit = 1024 (custom)
2022-05-04 03:16:12,585 [pool-722-thread-1] INFO  server.RaftServerConfigKeys (ConfUtils.java:logGet(44)) - raft.server.log.segment.size.max = 1048576 (custom)
2022-05-04 03:16:12,585 [pool-722-thread-1] INFO  server.RaftServerConfigKeys (ConfUtils.java:logGet(44)) - raft.server.log.preallocated.size = 16384 (custom)
2022-05-04 03:16:12,585 [pool-722-thread-1] INFO  server.RaftServerConfigKeys (ConfUtils.java:logGet(44)) - raft.server.log.force.sync.num = 128 (default)
2022-05-04 03:16:12,585 [pool-722-thread-1] INFO  server.RaftServerConfigKeys (ConfUtils.java:logGet(44)) - raft.server.log.statemachine.data.sync = true (default)
2022-05-04 03:16:12,585 [pool-722-thread-1] INFO  server.RaftServerConfigKeys (ConfUtils.java:logGet(44)) - raft.server.log.statemachine.data.sync.timeout = 10s (default)
2022-05-04 03:16:12,585 [pool-722-thread-1] INFO  server.RaftServerConfigKeys (ConfUtils.java:logGet(44)) - raft.server.log.statemachine.data.sync.timeout.retry = -1 (default)
2022-05-04 03:16:12,587 [pool-722-thread-1] INFO  server.RaftServerConfigKeys (ConfUtils.java:logGet(44)) - raft.server.log.write.buffer.size = 1048576 (custom)
2022-05-04 03:16:12,587 [pool-722-thread-1] INFO  server.RaftServerConfigKeys (ConfUtils.java:logGet(44)) - raft.server.log.statemachine.data.caching.enabled = true (custom)
2022-05-04 03:16:12,587 [pool-722-thread-1] INFO  segmented.SegmentedRaftLogWorker (SegmentedRaftLogWorker.java:lambda$new$0(133)) - e0500e2c-224c-46df-a4cf-d9aa21623822@group-BD3AB19C8CD0-SegmentedRaftLogWorker: flushIndex: setUnconditionally 0 -> -1
2022-05-04 03:16:12,588 [pool-722-thread-1] INFO  segmented.SegmentedRaftLogWorker (SegmentedRaftLogWorker.java:lambda$new$0(133)) - e0500e2c-224c-46df-a4cf-d9aa21623822@group-BD3AB19C8CD0-SegmentedRaftLogWorker: safeCacheEvictIndex: setUnconditionally 0 -> -1
2022-05-04 03:16:12,597 [pool-722-thread-1] INFO  server.RaftServerConfigKeys (ConfUtils.java:logGet(44)) - raft.server.snapshot.auto.trigger.enabled = true (custom)
2022-05-04 03:16:12,597 [pool-722-thread-1] INFO  server.RaftServerConfigKeys (ConfUtils.java:logGet(44)) - raft.server.snapshot.auto.trigger.threshold = 10000 (custom)
2022-05-04 03:16:12,597 [pool-722-thread-1] INFO  server.RaftServerConfigKeys (ConfUtils.java:logGet(44)) - raft.server.snapshot.retention.file.num = 5 (custom)
2022-05-04 03:16:12,597 [pool-722-thread-1] INFO  server.RaftServerConfigKeys (ConfUtils.java:logGet(44)) - raft.server.log.purge.upto.snapshot.index = false (default)
2022-05-04 03:16:12,597 [pool-722-thread-1] INFO  server.RaftServerConfigKeys (ConfUtils.java:logGet(44)) - raft.server.retrycache.expirytime = 600000ms (custom)
2022-05-04 03:16:12,597 [pool-722-thread-1] INFO  server.RaftServerConfigKeys (ConfUtils.java:logGet(44)) - raft.server.retrycache.statistics.expirytime = 100μs (default)
2022-05-04 03:16:12,599 [pool-722-thread-1] INFO  server.RaftServer$Division (RaftServerImpl.java:start(301)) - e0500e2c-224c-46df-a4cf-d9aa21623822@group-BD3AB19C8CD0: start as a follower, conf=-1: [023e6ea0-0ef1-4794-8f75-07cc698c5b0d|rpc:10.1.0.22:42169|priority:0, fdc42406-f03d-49b8-be8d-aa07467fef04|rpc:10.1.0.22:46357|priority:1, e0500e2c-224c-46df-a4cf-d9aa21623822|rpc:10.1.0.22:41873|priority:0], old=null
2022-05-04 03:16:12,599 [pool-722-thread-1] INFO  server.RaftServer$Division (RaftServerImpl.java:setRole(290)) - e0500e2c-224c-46df-a4cf-d9aa21623822@group-BD3AB19C8CD0: changes role from      null to FOLLOWER at term 0 for startAsFollower
2022-05-04 03:16:12,599 [pool-722-thread-1] INFO  impl.RoleInfo (RoleInfo.java:updateAndGet(130)) - e0500e2c-224c-46df-a4cf-d9aa21623822: start e0500e2c-224c-46df-a4cf-d9aa21623822@group-BD3AB19C8CD0-FollowerState
2022-05-04 03:16:12,600 [pool-722-thread-1] INFO  util.JmxRegister (JmxRegister.java:tryRegister(44)) - Successfully registered JMX Bean with object name Ratis:service=RaftServer,group=group-BD3AB19C8CD0,id=e0500e2c-224c-46df-a4cf-d9aa21623822
2022-05-04 03:16:12,601 [Command processor thread] INFO  ratis.XceiverServerRatis (XceiverServerRatis.java:addGroup(765)) - Created group PipelineID=69df5d7f-2df9-4c9a-b455-bd3ab19c8cd0
2022-05-04 03:16:12,605 [EventQueue-OpenPipelineForHealthyPipelineSafeModeRule] INFO  safemode.SCMSafeModeManager (HealthyPipelineSafeModeRule.java:process(124)) - SCM in safe mode. Healthy pipelines reported count is 0, required healthy pipeline reported count is 1
2022-05-04 03:16:12,625 [grpc-default-executor-0] INFO  server.RaftServer (RaftServerProxy.java:addNew(95)) - 023e6ea0-0ef1-4794-8f75-07cc698c5b0d: addNew group-BD3AB19C8CD0:[023e6ea0-0ef1-4794-8f75-07cc698c5b0d|rpc:10.1.0.22:42169|dataStream:|priority:0, fdc42406-f03d-49b8-be8d-aa07467fef04|rpc:10.1.0.22:46357|dataStream:|priority:1, e0500e2c-224c-46df-a4cf-d9aa21623822|rpc:10.1.0.22:41873|dataStream:|priority:0] returns group-BD3AB19C8CD0:java.util.concurrent.CompletableFuture@28db82c2[Not completed]
2022-05-04 03:16:12,625 [pool-743-thread-1] INFO  server.RaftServer$Division (RaftServerImpl.java:<init>(184)) - 023e6ea0-0ef1-4794-8f75-07cc698c5b0d: new RaftServerImpl for group-BD3AB19C8CD0:[023e6ea0-0ef1-4794-8f75-07cc698c5b0d|rpc:10.1.0.22:42169|dataStream:|priority:0, fdc42406-f03d-49b8-be8d-aa07467fef04|rpc:10.1.0.22:46357|dataStream:|priority:1, e0500e2c-224c-46df-a4cf-d9aa21623822|rpc:10.1.0.22:41873|dataStream:|priority:0] with ContainerStateMachine:uninitialized
2022-05-04 03:16:12,625 [pool-743-thread-1] INFO  server.RaftServerConfigKeys (ConfUtils.java:logGet(44)) - raft.server.rpc.timeout.min = 5s (custom)
2022-05-04 03:16:12,625 [pool-743-thread-1] INFO  server.RaftServerConfigKeys (ConfUtils.java:logGet(44)) - raft.server.rpc.timeout.max = 5200ms (custom)
2022-05-04 03:16:12,626 [pool-743-thread-1] INFO  server.RaftServerConfigKeys (ConfUtils.java:logGet(44)) - raft.server.rpc.sleep.time = 25ms (default)
2022-05-04 03:16:12,626 [pool-743-thread-1] INFO  server.RaftServerConfigKeys (ConfUtils.java:logGet(44)) - raft.server.rpc.slowness.timeout = 300s (custom)
2022-05-04 03:16:12,626 [pool-743-thread-1] INFO  server.RaftServerConfigKeys (ConfUtils.java:logGet(44)) - raft.server.leaderelection.leader.step-down.wait-time = 10s (default)
2022-05-04 03:16:12,626 [pool-743-thread-1] INFO  server.RaftServerConfigKeys (ConfUtils.java:logGet(44)) - raft.server.sleep.deviation.threshold = 300ms (default)
2022-05-04 03:16:12,626 [pool-743-thread-1] INFO  server.RaftServerConfigKeys (ConfUtils.java:logGet(44)) - raft.server.log.appender.install.snapshot.enabled = false (custom)
2022-05-04 03:16:12,626 [pool-743-thread-1] INFO  server.RaftServer$Division (ServerState.java:<init>(105)) - 023e6ea0-0ef1-4794-8f75-07cc698c5b0d@group-BD3AB19C8CD0: ConfigurationManager, init=-1: [023e6ea0-0ef1-4794-8f75-07cc698c5b0d|rpc:10.1.0.22:42169|dataStream:|priority:0, fdc42406-f03d-49b8-be8d-aa07467fef04|rpc:10.1.0.22:46357|dataStream:|priority:1, e0500e2c-224c-46df-a4cf-d9aa21623822|rpc:10.1.0.22:41873|dataStream:|priority:0], old=null, confs=<EMPTY_MAP>
2022-05-04 03:16:12,626 [pool-743-thread-1] INFO  server.RaftServerConfigKeys (ConfUtils.java:logGet(44)) - raft.server.storage.dir = [/home/runner/work/ozone/ozone/hadoop-ozone/integration-test/target/test-dir/MiniOzoneClusterImpl-cc5aeae0-6f4d-475e-97ef-958bfb15a03d/datanode-1/data/ratis] (custom)
2022-05-04 03:16:12,626 [pool-743-thread-1] INFO  server.RaftServerConfigKeys (ConfUtils.java:logGet(44)) - raft.server.log.corruption.policy = EXCEPTION (default)
2022-05-04 03:16:12,626 [pool-743-thread-1] INFO  server.RaftServerConfigKeys (ConfUtils.java:logGet(44)) - raft.server.storage.free-space.min = 0MB (=0) (default)
2022-05-04 03:16:12,626 [pool-743-thread-1] INFO  storage.RaftStorageDirectory (RaftStorageDirectoryImpl.java:analyzeStorage(135)) - The storage directory /home/runner/work/ozone/ozone/hadoop-ozone/integration-test/target/test-dir/MiniOzoneClusterImpl-cc5aeae0-6f4d-475e-97ef-958bfb15a03d/datanode-1/data/ratis/69df5d7f-2df9-4c9a-b455-bd3ab19c8cd0 does not exist. Creating ...
2022-05-04 03:16:12,633 [pool-743-thread-1] INFO  storage.RaftStorageDirectory (RaftStorageDirectoryImpl.java:tryLock(230)) - Lock on /home/runner/work/ozone/ozone/hadoop-ozone/integration-test/target/test-dir/MiniOzoneClusterImpl-cc5aeae0-6f4d-475e-97ef-958bfb15a03d/datanode-1/data/ratis/69df5d7f-2df9-4c9a-b455-bd3ab19c8cd0/in_use.lock acquired by nodename 29567@fv-az270-73
2022-05-04 03:16:12,636 [pool-743-thread-1] INFO  storage.RaftStorage (RaftStorageImpl.java:format(89)) - Storage directory /home/runner/work/ozone/ozone/hadoop-ozone/integration-test/target/test-dir/MiniOzoneClusterImpl-cc5aeae0-6f4d-475e-97ef-958bfb15a03d/datanode-1/data/ratis/69df5d7f-2df9-4c9a-b455-bd3ab19c8cd0 has been successfully formatted.
2022-05-04 03:16:12,638 [pool-743-thread-1] INFO  ratis.ContainerStateMachine (ContainerStateMachine.java:loadSnapshot(236)) - group-BD3AB19C8CD0: The snapshot info is null. Setting the last applied indexto:(t:0, i:~)
2022-05-04 03:16:12,638 [pool-743-thread-1] INFO  server.RaftServerConfigKeys (ConfUtils.java:logGet(44)) - raft.server.notification.no-leader.timeout = 300s (custom)
2022-05-04 03:16:12,638 [pool-743-thread-1] INFO  server.RaftServerConfigKeys (ConfUtils.java:logGet(44)) - raft.server.log.use.memory = false (default)
2022-05-04 03:16:12,639 [pool-743-thread-1] INFO  server.RaftServerConfigKeys (ConfUtils.java:logGet(44)) - raft.server.log.purge.gap = 1000000 (custom)
2022-05-04 03:16:12,639 [pool-743-thread-1] INFO  server.RaftServerConfigKeys (ConfUtils.java:logGet(44)) - raft.server.log.appender.buffer.byte-limit = 33554432 (custom)
2022-05-04 03:16:12,639 [pool-743-thread-1] INFO  server.RaftServerConfigKeys (ConfUtils.java:logGet(44)) - raft.server.log.segment.size.max = 1048576 (custom)
2022-05-04 03:16:12,639 [pool-743-thread-1] INFO  server.RaftServerConfigKeys (ConfUtils.java:logGet(44)) - raft.server.log.segment.cache.num.max = 2 (custom)
2022-05-04 03:16:12,639 [pool-743-thread-1] INFO  server.RaftServerConfigKeys (ConfUtils.java:logGet(44)) - raft.server.log.segment.cache.size.max = 200MB (=209715200) (default)
2022-05-04 03:16:12,639 [pool-743-thread-1] INFO  segmented.SegmentedRaftLogWorker (SegmentedRaftLogWorker.java:<init>(182)) - new 023e6ea0-0ef1-4794-8f75-07cc698c5b0d@group-BD3AB19C8CD0-SegmentedRaftLogWorker for RaftStorageImpl:Storage Directory /home/runner/work/ozone/ozone/hadoop-ozone/integration-test/target/test-dir/MiniOzoneClusterImpl-cc5aeae0-6f4d-475e-97ef-958bfb15a03d/datanode-1/data/ratis/69df5d7f-2df9-4c9a-b455-bd3ab19c8cd0
2022-05-04 03:16:12,639 [pool-743-thread-1] INFO  server.RaftServerConfigKeys (ConfUtils.java:logGet(44)) - raft.server.log.queue.byte-limit = 4294967296 (custom)
2022-05-04 03:16:12,639 [pool-743-thread-1] INFO  server.RaftServerConfigKeys (ConfUtils.java:logGet(44)) - raft.server.log.queue.element-limit = 1024 (custom)
2022-05-04 03:16:12,639 [pool-743-thread-1] INFO  server.RaftServerConfigKeys (ConfUtils.java:logGet(44)) - raft.server.log.segment.size.max = 1048576 (custom)
2022-05-04 03:16:12,640 [pool-743-thread-1] INFO  server.RaftServerConfigKeys (ConfUtils.java:logGet(44)) - raft.server.log.preallocated.size = 16384 (custom)
2022-05-04 03:16:12,640 [pool-743-thread-1] INFO  server.RaftServerConfigKeys (ConfUtils.java:logGet(44)) - raft.server.log.force.sync.num = 128 (default)
2022-05-04 03:16:12,640 [pool-743-thread-1] INFO  server.RaftServerConfigKeys (ConfUtils.java:logGet(44)) - raft.server.log.statemachine.data.sync = true (default)
2022-05-04 03:16:12,640 [pool-743-thread-1] INFO  server.RaftServerConfigKeys (ConfUtils.java:logGet(44)) - raft.server.log.statemachine.data.sync.timeout = 10s (default)
2022-05-04 03:16:12,640 [pool-743-thread-1] INFO  server.RaftServerConfigKeys (ConfUtils.java:logGet(44)) - raft.server.log.statemachine.data.sync.timeout.retry = -1 (default)
2022-05-04 03:16:12,641 [pool-743-thread-1] INFO  server.RaftServerConfigKeys (ConfUtils.java:logGet(44)) - raft.server.log.write.buffer.size = 1048576 (custom)
2022-05-04 03:16:12,642 [pool-743-thread-1] INFO  server.RaftServerConfigKeys (ConfUtils.java:logGet(44)) - raft.server.log.statemachine.data.caching.enabled = true (custom)
2022-05-04 03:16:12,642 [pool-743-thread-1] INFO  segmented.SegmentedRaftLogWorker (SegmentedRaftLogWorker.java:lambda$new$0(133)) - 023e6ea0-0ef1-4794-8f75-07cc698c5b0d@group-BD3AB19C8CD0-SegmentedRaftLogWorker: flushIndex: setUnconditionally 0 -> -1
2022-05-04 03:16:12,642 [pool-743-thread-1] INFO  segmented.SegmentedRaftLogWorker (SegmentedRaftLogWorker.java:lambda$new$0(133)) - 023e6ea0-0ef1-4794-8f75-07cc698c5b0d@group-BD3AB19C8CD0-SegmentedRaftLogWorker: safeCacheEvictIndex: setUnconditionally 0 -> -1
2022-05-04 03:16:12,649 [pool-743-thread-1] INFO  server.RaftServerConfigKeys (ConfUtils.java:logGet(44)) - raft.server.snapshot.auto.trigger.enabled = true (custom)
2022-05-04 03:16:12,649 [pool-743-thread-1] INFO  server.RaftServerConfigKeys (ConfUtils.java:logGet(44)) - raft.server.snapshot.auto.trigger.threshold = 10000 (custom)
2022-05-04 03:16:12,649 [pool-743-thread-1] INFO  server.RaftServerConfigKeys (ConfUtils.java:logGet(44)) - raft.server.snapshot.retention.file.num = 5 (custom)
2022-05-04 03:16:12,649 [pool-743-thread-1] INFO  server.RaftServerConfigKeys (ConfUtils.java:logGet(44)) - raft.server.log.purge.upto.snapshot.index = false (default)
2022-05-04 03:16:12,649 [pool-743-thread-1] INFO  server.RaftServerConfigKeys (ConfUtils.java:logGet(44)) - raft.server.retrycache.expirytime = 600000ms (custom)
2022-05-04 03:16:12,650 [pool-743-thread-1] INFO  server.RaftServerConfigKeys (ConfUtils.java:logGet(44)) - raft.server.retrycache.statistics.expirytime = 100μs (default)
2022-05-04 03:16:12,651 [pool-743-thread-1] INFO  server.RaftServer$Division (RaftServerImpl.java:start(301)) - 023e6ea0-0ef1-4794-8f75-07cc698c5b0d@group-BD3AB19C8CD0: start as a follower, conf=-1: [023e6ea0-0ef1-4794-8f75-07cc698c5b0d|rpc:10.1.0.22:42169|dataStream:|priority:0, fdc42406-f03d-49b8-be8d-aa07467fef04|rpc:10.1.0.22:46357|dataStream:|priority:1, e0500e2c-224c-46df-a4cf-d9aa21623822|rpc:10.1.0.22:41873|dataStream:|priority:0], old=null
2022-05-04 03:16:12,651 [pool-743-thread-1] INFO  server.RaftServer$Division (RaftServerImpl.java:setRole(290)) - 023e6ea0-0ef1-4794-8f75-07cc698c5b0d@group-BD3AB19C8CD0: changes role from      null to FOLLOWER at term 0 for startAsFollower
2022-05-04 03:16:12,651 [pool-743-thread-1] INFO  impl.RoleInfo (RoleInfo.java:updateAndGet(130)) - 023e6ea0-0ef1-4794-8f75-07cc698c5b0d: start 023e6ea0-0ef1-4794-8f75-07cc698c5b0d@group-BD3AB19C8CD0-FollowerState
2022-05-04 03:16:12,672 [pool-743-thread-1] INFO  util.JmxRegister (JmxRegister.java:tryRegister(44)) - Successfully registered JMX Bean with object name Ratis:service=RaftServer,group=group-BD3AB19C8CD0,id=023e6ea0-0ef1-4794-8f75-07cc698c5b0d
2022-05-04 03:16:12,760 [grpc-default-executor-0] INFO  server.RaftServer (RaftServerProxy.java:addNew(95)) - fdc42406-f03d-49b8-be8d-aa07467fef04: addNew group-BD3AB19C8CD0:[023e6ea0-0ef1-4794-8f75-07cc698c5b0d|rpc:10.1.0.22:42169|dataStream:|priority:0, fdc42406-f03d-49b8-be8d-aa07467fef04|rpc:10.1.0.22:46357|dataStream:|priority:1, e0500e2c-224c-46df-a4cf-d9aa21623822|rpc:10.1.0.22:41873|dataStream:|priority:0] returns group-BD3AB19C8CD0:java.util.concurrent.CompletableFuture@65f6b8c5[Not completed]
2022-05-04 03:16:12,761 [pool-764-thread-1] INFO  server.RaftServer$Division (RaftServerImpl.java:<init>(184)) - fdc42406-f03d-49b8-be8d-aa07467fef04: new RaftServerImpl for group-BD3AB19C8CD0:[023e6ea0-0ef1-4794-8f75-07cc698c5b0d|rpc:10.1.0.22:42169|dataStream:|priority:0, fdc42406-f03d-49b8-be8d-aa07467fef04|rpc:10.1.0.22:46357|dataStream:|priority:1, e0500e2c-224c-46df-a4cf-d9aa21623822|rpc:10.1.0.22:41873|dataStream:|priority:0] with ContainerStateMachine:uninitialized
2022-05-04 03:16:12,761 [pool-764-thread-1] INFO  server.RaftServerConfigKeys (ConfUtils.java:logGet(44)) - raft.server.rpc.timeout.min = 5s (custom)
2022-05-04 03:16:12,761 [pool-764-thread-1] INFO  server.RaftServerConfigKeys (ConfUtils.java:logGet(44)) - raft.server.rpc.timeout.max = 5200ms (custom)
2022-05-04 03:16:12,761 [pool-764-thread-1] INFO  server.RaftServerConfigKeys (ConfUtils.java:logGet(44)) - raft.server.rpc.sleep.time = 25ms (default)
2022-05-04 03:16:12,761 [pool-764-thread-1] INFO  server.RaftServerConfigKeys (ConfUtils.java:logGet(44)) - raft.server.rpc.slowness.timeout = 300s (custom)
2022-05-04 03:16:12,761 [pool-764-thread-1] INFO  server.RaftServerConfigKeys (ConfUtils.java:logGet(44)) - raft.server.leaderelection.leader.step-down.wait-time = 10s (default)
2022-05-04 03:16:12,761 [pool-764-thread-1] INFO  server.RaftServerConfigKeys (ConfUtils.java:logGet(44)) - raft.server.sleep.deviation.threshold = 300ms (default)
2022-05-04 03:16:12,761 [pool-764-thread-1] INFO  server.RaftServerConfigKeys (ConfUtils.java:logGet(44)) - raft.server.log.appender.install.snapshot.enabled = false (custom)
2022-05-04 03:16:12,761 [pool-764-thread-1] INFO  server.RaftServer$Division (ServerState.java:<init>(105)) - fdc42406-f03d-49b8-be8d-aa07467fef04@group-BD3AB19C8CD0: ConfigurationManager, init=-1: [023e6ea0-0ef1-4794-8f75-07cc698c5b0d|rpc:10.1.0.22:42169|dataStream:|priority:0, fdc42406-f03d-49b8-be8d-aa07467fef04|rpc:10.1.0.22:46357|dataStream:|priority:1, e0500e2c-224c-46df-a4cf-d9aa21623822|rpc:10.1.0.22:41873|dataStream:|priority:0], old=null, confs=<EMPTY_MAP>
2022-05-04 03:16:12,761 [pool-764-thread-1] INFO  server.RaftServerConfigKeys (ConfUtils.java:logGet(44)) - raft.server.storage.dir = [/home/runner/work/ozone/ozone/hadoop-ozone/integration-test/target/test-dir/MiniOzoneClusterImpl-cc5aeae0-6f4d-475e-97ef-958bfb15a03d/datanode-2/data/ratis] (custom)
2022-05-04 03:16:12,762 [pool-764-thread-1] INFO  server.RaftServerConfigKeys (ConfUtils.java:logGet(44)) - raft.server.log.corruption.policy = EXCEPTION (default)
2022-05-04 03:16:12,762 [pool-764-thread-1] INFO  server.RaftServerConfigKeys (ConfUtils.java:logGet(44)) - raft.server.storage.free-space.min = 0MB (=0) (default)
2022-05-04 03:16:12,762 [pool-764-thread-1] INFO  storage.RaftStorageDirectory (RaftStorageDirectoryImpl.java:analyzeStorage(135)) - The storage directory /home/runner/work/ozone/ozone/hadoop-ozone/integration-test/target/test-dir/MiniOzoneClusterImpl-cc5aeae0-6f4d-475e-97ef-958bfb15a03d/datanode-2/data/ratis/69df5d7f-2df9-4c9a-b455-bd3ab19c8cd0 does not exist. Creating ...
2022-05-04 03:16:12,771 [pool-764-thread-1] INFO  storage.RaftStorageDirectory (RaftStorageDirectoryImpl.java:tryLock(230)) - Lock on /home/runner/work/ozone/ozone/hadoop-ozone/integration-test/target/test-dir/MiniOzoneClusterImpl-cc5aeae0-6f4d-475e-97ef-958bfb15a03d/datanode-2/data/ratis/69df5d7f-2df9-4c9a-b455-bd3ab19c8cd0/in_use.lock acquired by nodename 29567@fv-az270-73
2022-05-04 03:16:12,774 [pool-764-thread-1] INFO  storage.RaftStorage (RaftStorageImpl.java:format(89)) - Storage directory /home/runner/work/ozone/ozone/hadoop-ozone/integration-test/target/test-dir/MiniOzoneClusterImpl-cc5aeae0-6f4d-475e-97ef-958bfb15a03d/datanode-2/data/ratis/69df5d7f-2df9-4c9a-b455-bd3ab19c8cd0 has been successfully formatted.
2022-05-04 03:16:12,774 [pool-764-thread-1] INFO  ratis.ContainerStateMachine (ContainerStateMachine.java:loadSnapshot(236)) - group-BD3AB19C8CD0: The snapshot info is null. Setting the last applied indexto:(t:0, i:~)
2022-05-04 03:16:12,775 [pool-764-thread-1] INFO  server.RaftServerConfigKeys (ConfUtils.java:logGet(44)) - raft.server.notification.no-leader.timeout = 300s (custom)
2022-05-04 03:16:12,775 [pool-764-thread-1] INFO  server.RaftServerConfigKeys (ConfUtils.java:logGet(44)) - raft.server.log.use.memory = false (default)
2022-05-04 03:16:12,775 [pool-764-thread-1] INFO  server.RaftServerConfigKeys (ConfUtils.java:logGet(44)) - raft.server.log.purge.gap = 1000000 (custom)
2022-05-04 03:16:12,775 [pool-764-thread-1] INFO  server.RaftServerConfigKeys (ConfUtils.java:logGet(44)) - raft.server.log.appender.buffer.byte-limit = 33554432 (custom)
2022-05-04 03:16:12,775 [pool-764-thread-1] INFO  server.RaftServerConfigKeys (ConfUtils.java:logGet(44)) - raft.server.log.segment.size.max = 1048576 (custom)
2022-05-04 03:16:12,776 [pool-764-thread-1] INFO  server.RaftServerConfigKeys (ConfUtils.java:logGet(44)) - raft.server.log.segment.cache.num.max = 2 (custom)
2022-05-04 03:16:12,776 [pool-764-thread-1] INFO  server.RaftServerConfigKeys (ConfUtils.java:logGet(44)) - raft.server.log.segment.cache.size.max = 200MB (=209715200) (default)
2022-05-04 03:16:12,776 [pool-764-thread-1] INFO  segmented.SegmentedRaftLogWorker (SegmentedRaftLogWorker.java:<init>(182)) - new fdc42406-f03d-49b8-be8d-aa07467fef04@group-BD3AB19C8CD0-SegmentedRaftLogWorker for RaftStorageImpl:Storage Directory /home/runner/work/ozone/ozone/hadoop-ozone/integration-test/target/test-dir/MiniOzoneClusterImpl-cc5aeae0-6f4d-475e-97ef-958bfb15a03d/datanode-2/data/ratis/69df5d7f-2df9-4c9a-b455-bd3ab19c8cd0
2022-05-04 03:16:12,776 [pool-764-thread-1] INFO  server.RaftServerConfigKeys (ConfUtils.java:logGet(44)) - raft.server.log.queue.byte-limit = 4294967296 (custom)
2022-05-04 03:16:12,776 [pool-764-thread-1] INFO  server.RaftServerConfigKeys (ConfUtils.java:logGet(44)) - raft.server.log.queue.element-limit = 1024 (custom)
2022-05-04 03:16:12,776 [pool-764-thread-1] INFO  server.RaftServerConfigKeys (ConfUtils.java:logGet(44)) - raft.server.log.segment.size.max = 1048576 (custom)
2022-05-04 03:16:12,776 [pool-764-thread-1] INFO  server.RaftServerConfigKeys (ConfUtils.java:logGet(44)) - raft.server.log.preallocated.size = 16384 (custom)
2022-05-04 03:16:12,776 [pool-764-thread-1] INFO  server.RaftServerConfigKeys (ConfUtils.java:logGet(44)) - raft.server.log.force.sync.num = 128 (default)
2022-05-04 03:16:12,776 [pool-764-thread-1] INFO  server.RaftServerConfigKeys (ConfUtils.java:logGet(44)) - raft.server.log.statemachine.data.sync = true (default)
2022-05-04 03:16:12,776 [pool-764-thread-1] INFO  server.RaftServerConfigKeys (ConfUtils.java:logGet(44)) - raft.server.log.statemachine.data.sync.timeout = 10s (default)
2022-05-04 03:16:12,776 [pool-764-thread-1] INFO  server.RaftServerConfigKeys (ConfUtils.java:logGet(44)) - raft.server.log.statemachine.data.sync.timeout.retry = -1 (default)
2022-05-04 03:16:12,778 [pool-764-thread-1] INFO  server.RaftServerConfigKeys (ConfUtils.java:logGet(44)) - raft.server.log.write.buffer.size = 1048576 (custom)
2022-05-04 03:16:12,778 [pool-764-thread-1] INFO  server.RaftServerConfigKeys (ConfUtils.java:logGet(44)) - raft.server.log.statemachine.data.caching.enabled = true (custom)
2022-05-04 03:16:12,779 [pool-764-thread-1] INFO  segmented.SegmentedRaftLogWorker (SegmentedRaftLogWorker.java:lambda$new$0(133)) - fdc42406-f03d-49b8-be8d-aa07467fef04@group-BD3AB19C8CD0-SegmentedRaftLogWorker: flushIndex: setUnconditionally 0 -> -1
2022-05-04 03:16:12,779 [pool-764-thread-1] INFO  segmented.SegmentedRaftLogWorker (SegmentedRaftLogWorker.java:lambda$new$0(133)) - fdc42406-f03d-49b8-be8d-aa07467fef04@group-BD3AB19C8CD0-SegmentedRaftLogWorker: safeCacheEvictIndex: setUnconditionally 0 -> -1
2022-05-04 03:16:12,779 [pool-764-thread-1] INFO  server.RaftServerConfigKeys (ConfUtils.java:logGet(44)) - raft.server.snapshot.auto.trigger.enabled = true (custom)
2022-05-04 03:16:12,779 [pool-764-thread-1] INFO  server.RaftServerConfigKeys (ConfUtils.java:logGet(44)) - raft.server.snapshot.auto.trigger.threshold = 10000 (custom)
2022-05-04 03:16:12,779 [pool-764-thread-1] INFO  server.RaftServerConfigKeys (ConfUtils.java:logGet(44)) - raft.server.snapshot.retention.file.num = 5 (custom)
2022-05-04 03:16:12,779 [pool-764-thread-1] INFO  server.RaftServerConfigKeys (ConfUtils.java:logGet(44)) - raft.server.log.purge.upto.snapshot.index = false (default)
2022-05-04 03:16:12,779 [pool-764-thread-1] INFO  server.RaftServerConfigKeys (ConfUtils.java:logGet(44)) - raft.server.retrycache.expirytime = 600000ms (custom)
2022-05-04 03:16:12,779 [pool-764-thread-1] INFO  server.RaftServerConfigKeys (ConfUtils.java:logGet(44)) - raft.server.retrycache.statistics.expirytime = 100μs (default)
2022-05-04 03:16:12,781 [pool-764-thread-1] INFO  server.RaftServer$Division (RaftServerImpl.java:start(301)) - fdc42406-f03d-49b8-be8d-aa07467fef04@group-BD3AB19C8CD0: start as a follower, conf=-1: [023e6ea0-0ef1-4794-8f75-07cc698c5b0d|rpc:10.1.0.22:42169|dataStream:|priority:0, fdc42406-f03d-49b8-be8d-aa07467fef04|rpc:10.1.0.22:46357|dataStream:|priority:1, e0500e2c-224c-46df-a4cf-d9aa21623822|rpc:10.1.0.22:41873|dataStream:|priority:0], old=null
2022-05-04 03:16:12,781 [pool-764-thread-1] INFO  server.RaftServer$Division (RaftServerImpl.java:setRole(290)) - fdc42406-f03d-49b8-be8d-aa07467fef04@group-BD3AB19C8CD0: changes role from      null to FOLLOWER at term 0 for startAsFollower
2022-05-04 03:16:12,781 [pool-764-thread-1] INFO  impl.RoleInfo (RoleInfo.java:updateAndGet(130)) - fdc42406-f03d-49b8-be8d-aa07467fef04: start fdc42406-f03d-49b8-be8d-aa07467fef04@group-BD3AB19C8CD0-FollowerState
2022-05-04 03:16:12,784 [pool-764-thread-1] INFO  util.JmxRegister (JmxRegister.java:tryRegister(44)) - Successfully registered JMX Bean with object name Ratis:service=RaftServer,group=group-BD3AB19C8CD0,id=fdc42406-f03d-49b8-be8d-aa07467fef04
2022-05-04 03:16:12,808 [Command processor thread] INFO  commandhandler.CreatePipelineCommandHandler (CreatePipelineCommandHandler.java:handle(113)) - Created Pipeline RATIS THREE PipelineID=69df5d7f-2df9-4c9a-b455-bd3ab19c8cd0.
2022-05-04 03:16:13,109 [Command processor thread] INFO  server.RaftServer (RaftServerProxy.java:addNew(95)) - 023e6ea0-0ef1-4794-8f75-07cc698c5b0d: addNew group-67833FCEB3D6:[023e6ea0-0ef1-4794-8f75-07cc698c5b0d|rpc:10.1.0.22:42169|priority:1] returns group-67833FCEB3D6:java.util.concurrent.CompletableFuture@fe1ef5e[Not completed]
2022-05-04 03:16:13,110 [pool-743-thread-1] INFO  server.RaftServer$Division (RaftServerImpl.java:<init>(184)) - 023e6ea0-0ef1-4794-8f75-07cc698c5b0d: new RaftServerImpl for group-67833FCEB3D6:[023e6ea0-0ef1-4794-8f75-07cc698c5b0d|rpc:10.1.0.22:42169|priority:1] with ContainerStateMachine:uninitialized
2022-05-04 03:16:13,110 [pool-743-thread-1] INFO  server.RaftServerConfigKeys (ConfUtils.java:logGet(44)) - raft.server.rpc.timeout.min = 5s (custom)
2022-05-04 03:16:13,110 [pool-743-thread-1] INFO  server.RaftServerConfigKeys (ConfUtils.java:logGet(44)) - raft.server.rpc.timeout.max = 5200ms (custom)
2022-05-04 03:16:13,110 [pool-743-thread-1] INFO  server.RaftServerConfigKeys (ConfUtils.java:logGet(44)) - raft.server.rpc.sleep.time = 25ms (default)
2022-05-04 03:16:13,110 [pool-743-thread-1] INFO  server.RaftServerConfigKeys (ConfUtils.java:logGet(44)) - raft.server.rpc.slowness.timeout = 300s (custom)
2022-05-04 03:16:13,110 [pool-743-thread-1] INFO  server.RaftServerConfigKeys (ConfUtils.java:logGet(44)) - raft.server.leaderelection.leader.step-down.wait-time = 10s (default)
2022-05-04 03:16:13,110 [pool-743-thread-1] INFO  server.RaftServerConfigKeys (ConfUtils.java:logGet(44)) - raft.server.sleep.deviation.threshold = 300ms (default)
2022-05-04 03:16:13,111 [pool-743-thread-1] INFO  server.RaftServerConfigKeys (ConfUtils.java:logGet(44)) - raft.server.log.appender.install.snapshot.enabled = false (custom)
2022-05-04 03:16:13,111 [pool-743-thread-1] INFO  server.RaftServer$Division (ServerState.java:<init>(105)) - 023e6ea0-0ef1-4794-8f75-07cc698c5b0d@group-67833FCEB3D6: ConfigurationManager, init=-1: [023e6ea0-0ef1-4794-8f75-07cc698c5b0d|rpc:10.1.0.22:42169|priority:1], old=null, confs=<EMPTY_MAP>
2022-05-04 03:16:13,111 [pool-743-thread-1] INFO  server.RaftServerConfigKeys (ConfUtils.java:logGet(44)) - raft.server.storage.dir = [/home/runner/work/ozone/ozone/hadoop-ozone/integration-test/target/test-dir/MiniOzoneClusterImpl-cc5aeae0-6f4d-475e-97ef-958bfb15a03d/datanode-1/data/ratis] (custom)
2022-05-04 03:16:13,111 [pool-743-thread-1] INFO  server.RaftServerConfigKeys (ConfUtils.java:logGet(44)) - raft.server.log.corruption.policy = EXCEPTION (default)
2022-05-04 03:16:13,111 [pool-743-thread-1] INFO  server.RaftServerConfigKeys (ConfUtils.java:logGet(44)) - raft.server.storage.free-space.min = 0MB (=0) (default)
2022-05-04 03:16:13,111 [pool-743-thread-1] INFO  storage.RaftStorageDirectory (RaftStorageDirectoryImpl.java:analyzeStorage(135)) - The storage directory /home/runner/work/ozone/ozone/hadoop-ozone/integration-test/target/test-dir/MiniOzoneClusterImpl-cc5aeae0-6f4d-475e-97ef-958bfb15a03d/datanode-1/data/ratis/502bef81-b19c-4324-a965-67833fceb3d6 does not exist. Creating ...
2022-05-04 03:16:13,114 [pool-743-thread-1] INFO  storage.RaftStorageDirectory (RaftStorageDirectoryImpl.java:tryLock(230)) - Lock on /home/runner/work/ozone/ozone/hadoop-ozone/integration-test/target/test-dir/MiniOzoneClusterImpl-cc5aeae0-6f4d-475e-97ef-958bfb15a03d/datanode-1/data/ratis/502bef81-b19c-4324-a965-67833fceb3d6/in_use.lock acquired by nodename 29567@fv-az270-73
2022-05-04 03:16:13,116 [pool-743-thread-1] INFO  storage.RaftStorage (RaftStorageImpl.java:format(89)) - Storage directory /home/runner/work/ozone/ozone/hadoop-ozone/integration-test/target/test-dir/MiniOzoneClusterImpl-cc5aeae0-6f4d-475e-97ef-958bfb15a03d/datanode-1/data/ratis/502bef81-b19c-4324-a965-67833fceb3d6 has been successfully formatted.
2022-05-04 03:16:13,116 [pool-743-thread-1] INFO  ratis.ContainerStateMachine (ContainerStateMachine.java:loadSnapshot(236)) - group-67833FCEB3D6: The snapshot info is null. Setting the last applied indexto:(t:0, i:~)
2022-05-04 03:16:13,117 [EventQueue-PipelineReportForPipelineReportHandler] INFO  pipeline.PipelineManagerImpl (PipelineManagerImpl.java:openPipeline(328)) - Pipeline Pipeline[ Id: 502bef81-b19c-4324-a965-67833fceb3d6, Nodes: 023e6ea0-0ef1-4794-8f75-07cc698c5b0d{ip: 10.1.0.22, host: fv-az270-73.tacnzluakwdehk1hpragurqkma.bx.internal.cloudapp.net, ports: [REPLICATION=35965, RATIS=42169, RATIS_ADMIN=42169, RATIS_SERVER=42169, STANDALONE=46599], networkLocation: /default-rack, certSerialId: null, persistedOpState: IN_SERVICE, persistedOpStateExpiryEpochSec: 0}, ReplicationConfig: RATIS/ONE, State:ALLOCATED, leaderId:023e6ea0-0ef1-4794-8f75-07cc698c5b0d, CreationTimestamp2022-05-04T03:16:10.117Z[Etc/UTC]] moved to OPEN state
2022-05-04 03:16:13,118 [EventQueue-OpenPipelineForHealthyPipelineSafeModeRule] INFO  safemode.SCMSafeModeManager (HealthyPipelineSafeModeRule.java:process(124)) - SCM in safe mode. Healthy pipelines reported count is 0, required healthy pipeline reported count is 1
2022-05-04 03:16:13,119 [pool-743-thread-1] INFO  server.RaftServerConfigKeys (ConfUtils.java:logGet(44)) - raft.server.notification.no-leader.timeout = 300s (custom)
2022-05-04 03:16:13,119 [pool-743-thread-1] INFO  server.RaftServerConfigKeys (ConfUtils.java:logGet(44)) - raft.server.log.use.memory = false (default)
2022-05-04 03:16:13,119 [pool-743-thread-1] INFO  server.RaftServerConfigKeys (ConfUtils.java:logGet(44)) - raft.server.log.purge.gap = 1000000 (custom)
2022-05-04 03:16:13,119 [pool-743-thread-1] INFO  server.RaftServerConfigKeys (ConfUtils.java:logGet(44)) - raft.server.log.appender.buffer.byte-limit = 33554432 (custom)
2022-05-04 03:16:13,119 [pool-743-thread-1] INFO  server.RaftServerConfigKeys (ConfUtils.java:logGet(44)) - raft.server.log.segment.size.max = 1048576 (custom)
2022-05-04 03:16:13,119 [pool-743-thread-1] INFO  server.RaftServerConfigKeys (ConfUtils.java:logGet(44)) - raft.server.log.segment.cache.num.max = 2 (custom)
2022-05-04 03:16:13,120 [pool-743-thread-1] INFO  server.RaftServerConfigKeys (ConfUtils.java:logGet(44)) - raft.server.log.segment.cache.size.max = 200MB (=209715200) (default)
2022-05-04 03:16:13,120 [pool-743-thread-1] INFO  segmented.SegmentedRaftLogWorker (SegmentedRaftLogWorker.java:<init>(182)) - new 023e6ea0-0ef1-4794-8f75-07cc698c5b0d@group-67833FCEB3D6-SegmentedRaftLogWorker for RaftStorageImpl:Storage Directory /home/runner/work/ozone/ozone/hadoop-ozone/integration-test/target/test-dir/MiniOzoneClusterImpl-cc5aeae0-6f4d-475e-97ef-958bfb15a03d/datanode-1/data/ratis/502bef81-b19c-4324-a965-67833fceb3d6
2022-05-04 03:16:13,120 [pool-743-thread-1] INFO  server.RaftServerConfigKeys (ConfUtils.java:logGet(44)) - raft.server.log.queue.byte-limit = 4294967296 (custom)
2022-05-04 03:16:13,120 [pool-743-thread-1] INFO  server.RaftServerConfigKeys (ConfUtils.java:logGet(44)) - raft.server.log.queue.element-limit = 1024 (custom)
2022-05-04 03:16:13,120 [pool-743-thread-1] INFO  server.RaftServerConfigKeys (ConfUtils.java:logGet(44)) - raft.server.log.segment.size.max = 1048576 (custom)
2022-05-04 03:16:13,120 [pool-743-thread-1] INFO  server.RaftServerConfigKeys (ConfUtils.java:logGet(44)) - raft.server.log.preallocated.size = 16384 (custom)
2022-05-04 03:16:13,120 [pool-743-thread-1] INFO  server.RaftServerConfigKeys (ConfUtils.java:logGet(44)) - raft.server.log.force.sync.num = 128 (default)
2022-05-04 03:16:13,120 [pool-743-thread-1] INFO  server.RaftServerConfigKeys (ConfUtils.java:logGet(44)) - raft.server.log.statemachine.data.sync = true (default)
2022-05-04 03:16:13,120 [pool-743-thread-1] INFO  server.RaftServerConfigKeys (ConfUtils.java:logGet(44)) - raft.server.log.statemachine.data.sync.timeout = 10s (default)
2022-05-04 03:16:13,120 [pool-743-thread-1] INFO  server.RaftServerConfigKeys (ConfUtils.java:logGet(44)) - raft.server.log.statemachine.data.sync.timeout.retry = -1 (default)
2022-05-04 03:16:13,121 [pool-743-thread-1] INFO  server.RaftServerConfigKeys (ConfUtils.java:logGet(44)) - raft.server.log.write.buffer.size = 1048576 (custom)
2022-05-04 03:16:13,122 [pool-743-thread-1] INFO  server.RaftServerConfigKeys (ConfUtils.java:logGet(44)) - raft.server.log.statemachine.data.caching.enabled = true (custom)
2022-05-04 03:16:13,122 [pool-743-thread-1] INFO  segmented.SegmentedRaftLogWorker (SegmentedRaftLogWorker.java:lambda$new$0(133)) - 023e6ea0-0ef1-4794-8f75-07cc698c5b0d@group-67833FCEB3D6-SegmentedRaftLogWorker: flushIndex: setUnconditionally 0 -> -1
2022-05-04 03:16:13,122 [pool-743-thread-1] INFO  segmented.SegmentedRaftLogWorker (SegmentedRaftLogWorker.java:lambda$new$0(133)) - 023e6ea0-0ef1-4794-8f75-07cc698c5b0d@group-67833FCEB3D6-SegmentedRaftLogWorker: safeCacheEvictIndex: setUnconditionally 0 -> -1
2022-05-04 03:16:13,139 [pool-743-thread-1] INFO  server.RaftServerConfigKeys (ConfUtils.java:logGet(44)) - raft.server.snapshot.auto.trigger.enabled = true (custom)
2022-05-04 03:16:13,139 [pool-743-thread-1] INFO  server.RaftServerConfigKeys (ConfUtils.java:logGet(44)) - raft.server.snapshot.auto.trigger.threshold = 10000 (custom)
2022-05-04 03:16:13,139 [pool-743-thread-1] INFO  server.RaftServerConfigKeys (ConfUtils.java:logGet(44)) - raft.server.snapshot.retention.file.num = 5 (custom)
2022-05-04 03:16:13,139 [pool-743-thread-1] INFO  server.RaftServerConfigKeys (ConfUtils.java:logGet(44)) - raft.server.log.purge.upto.snapshot.index = false (default)
2022-05-04 03:16:13,139 [pool-743-thread-1] INFO  server.RaftServerConfigKeys (ConfUtils.java:logGet(44)) - raft.server.retrycache.expirytime = 600000ms (custom)
2022-05-04 03:16:13,139 [pool-743-thread-1] INFO  server.RaftServerConfigKeys (ConfUtils.java:logGet(44)) - raft.server.retrycache.statistics.expirytime = 100μs (default)
2022-05-04 03:16:13,141 [pool-743-thread-1] INFO  server.RaftServer$Division (RaftServerImpl.java:start(301)) - 023e6ea0-0ef1-4794-8f75-07cc698c5b0d@group-67833FCEB3D6: start as a follower, conf=-1: [023e6ea0-0ef1-4794-8f75-07cc698c5b0d|rpc:10.1.0.22:42169|priority:1], old=null
2022-05-04 03:16:13,141 [pool-743-thread-1] INFO  server.RaftServer$Division (RaftServerImpl.java:setRole(290)) - 023e6ea0-0ef1-4794-8f75-07cc698c5b0d@group-67833FCEB3D6: changes role from      null to FOLLOWER at term 0 for startAsFollower
2022-05-04 03:16:13,141 [pool-743-thread-1] INFO  impl.RoleInfo (RoleInfo.java:updateAndGet(130)) - 023e6ea0-0ef1-4794-8f75-07cc698c5b0d: start 023e6ea0-0ef1-4794-8f75-07cc698c5b0d@group-67833FCEB3D6-FollowerState
2022-05-04 03:16:13,187 [pool-743-thread-1] INFO  util.JmxRegister (JmxRegister.java:tryRegister(44)) - Successfully registered JMX Bean with object name Ratis:service=RaftServer,group=group-67833FCEB3D6,id=023e6ea0-0ef1-4794-8f75-07cc698c5b0d
2022-05-04 03:16:13,192 [Command processor thread] INFO  ratis.XceiverServerRatis (XceiverServerRatis.java:addGroup(765)) - Created group PipelineID=502bef81-b19c-4324-a965-67833fceb3d6
2022-05-04 03:16:13,192 [Command processor thread] INFO  commandhandler.CreatePipelineCommandHandler (CreatePipelineCommandHandler.java:handle(113)) - Created Pipeline RATIS ONE PipelineID=502bef81-b19c-4324-a965-67833fceb3d6.
2022-05-04 03:16:13,332 [Listener at 127.0.0.1/37999] INFO  ozone.MiniOzoneClusterImpl (MiniOzoneClusterImpl.java:lambda$waitForClusterToBeReady$0(221)) - Nodes are ready. Got 5 of 5 DN Heartbeats.
2022-05-04 03:16:13,332 [Listener at 127.0.0.1/37999] INFO  ozone.MiniOzoneClusterImpl (MiniOzoneClusterImpl.java:lambda$waitForClusterToBeReady$0(224)) - Waiting for cluster to exit safe mode
2022-05-04 03:16:13,332 [Listener at 127.0.0.1/37999] INFO  ozone.MiniOzoneClusterImpl (MiniOzoneClusterImpl.java:lambda$waitForClusterToBeReady$0(226)) - SCM became leader
2022-05-04 03:16:13,865 [Command processor thread] INFO  server.RaftServer (RaftServerProxy.java:addNew(95)) - fdc42406-f03d-49b8-be8d-aa07467fef04: addNew group-91C243C0887C:[fdc42406-f03d-49b8-be8d-aa07467fef04|rpc:10.1.0.22:46357|priority:1] returns group-91C243C0887C:java.util.concurrent.CompletableFuture@7ebc7952[Not completed]
2022-05-04 03:16:13,866 [pool-764-thread-1] INFO  server.RaftServer$Division (RaftServerImpl.java:<init>(184)) - fdc42406-f03d-49b8-be8d-aa07467fef04: new RaftServerImpl for group-91C243C0887C:[fdc42406-f03d-49b8-be8d-aa07467fef04|rpc:10.1.0.22:46357|priority:1] with ContainerStateMachine:uninitialized
2022-05-04 03:16:13,866 [pool-764-thread-1] INFO  server.RaftServerConfigKeys (ConfUtils.java:logGet(44)) - raft.server.rpc.timeout.min = 5s (custom)
2022-05-04 03:16:13,866 [pool-764-thread-1] INFO  server.RaftServerConfigKeys (ConfUtils.java:logGet(44)) - raft.server.rpc.timeout.max = 5200ms (custom)
2022-05-04 03:16:13,866 [pool-764-thread-1] INFO  server.RaftServerConfigKeys (ConfUtils.java:logGet(44)) - raft.server.rpc.sleep.time = 25ms (default)
2022-05-04 03:16:13,866 [pool-764-thread-1] INFO  server.RaftServerConfigKeys (ConfUtils.java:logGet(44)) - raft.server.rpc.slowness.timeout = 300s (custom)
2022-05-04 03:16:13,866 [pool-764-thread-1] INFO  server.RaftServerConfigKeys (ConfUtils.java:logGet(44)) - raft.server.leaderelection.leader.step-down.wait-time = 10s (default)
2022-05-04 03:16:13,866 [pool-764-thread-1] INFO  server.RaftServerConfigKeys (ConfUtils.java:logGet(44)) - raft.server.sleep.deviation.threshold = 300ms (default)
2022-05-04 03:16:13,866 [pool-764-thread-1] INFO  server.RaftServerConfigKeys (ConfUtils.java:logGet(44)) - raft.server.log.appender.install.snapshot.enabled = false (custom)
2022-05-04 03:16:13,866 [pool-764-thread-1] INFO  server.RaftServer$Division (ServerState.java:<init>(105)) - fdc42406-f03d-49b8-be8d-aa07467fef04@group-91C243C0887C: ConfigurationManager, init=-1: [fdc42406-f03d-49b8-be8d-aa07467fef04|rpc:10.1.0.22:46357|priority:1], old=null, confs=<EMPTY_MAP>
2022-05-04 03:16:13,866 [pool-764-thread-1] INFO  server.RaftServerConfigKeys (ConfUtils.java:logGet(44)) - raft.server.storage.dir = [/home/runner/work/ozone/ozone/hadoop-ozone/integration-test/target/test-dir/MiniOzoneClusterImpl-cc5aeae0-6f4d-475e-97ef-958bfb15a03d/datanode-2/data/ratis] (custom)
2022-05-04 03:16:13,867 [pool-764-thread-1] INFO  server.RaftServerConfigKeys (ConfUtils.java:logGet(44)) - raft.server.log.corruption.policy = EXCEPTION (default)
2022-05-04 03:16:13,867 [pool-764-thread-1] INFO  server.RaftServerConfigKeys (ConfUtils.java:logGet(44)) - raft.server.storage.free-space.min = 0MB (=0) (default)
2022-05-04 03:16:13,871 [pool-764-thread-1] INFO  storage.RaftStorageDirectory (RaftStorageDirectoryImpl.java:analyzeStorage(135)) - The storage directory /home/runner/work/ozone/ozone/hadoop-ozone/integration-test/target/test-dir/MiniOzoneClusterImpl-cc5aeae0-6f4d-475e-97ef-958bfb15a03d/datanode-2/data/ratis/68712df7-9eba-4dd8-b8b3-91c243c0887c does not exist. Creating ...
2022-05-04 03:16:13,879 [pool-764-thread-1] INFO  storage.RaftStorageDirectory (RaftStorageDirectoryImpl.java:tryLock(230)) - Lock on /home/runner/work/ozone/ozone/hadoop-ozone/integration-test/target/test-dir/MiniOzoneClusterImpl-cc5aeae0-6f4d-475e-97ef-958bfb15a03d/datanode-2/data/ratis/68712df7-9eba-4dd8-b8b3-91c243c0887c/in_use.lock acquired by nodename 29567@fv-az270-73
2022-05-04 03:16:13,882 [pool-764-thread-1] INFO  storage.RaftStorage (RaftStorageImpl.java:format(89)) - Storage directory /home/runner/work/ozone/ozone/hadoop-ozone/integration-test/target/test-dir/MiniOzoneClusterImpl-cc5aeae0-6f4d-475e-97ef-958bfb15a03d/datanode-2/data/ratis/68712df7-9eba-4dd8-b8b3-91c243c0887c has been successfully formatted.
2022-05-04 03:16:13,883 [pool-764-thread-1] INFO  ratis.ContainerStateMachine (ContainerStateMachine.java:loadSnapshot(236)) - group-91C243C0887C: The snapshot info is null. Setting the last applied indexto:(t:0, i:~)
2022-05-04 03:16:13,883 [pool-764-thread-1] INFO  server.RaftServerConfigKeys (ConfUtils.java:logGet(44)) - raft.server.notification.no-leader.timeout = 300s (custom)
2022-05-04 03:16:13,884 [pool-764-thread-1] INFO  server.RaftServerConfigKeys (ConfUtils.java:logGet(44)) - raft.server.log.use.memory = false (default)
2022-05-04 03:16:13,884 [pool-764-thread-1] INFO  server.RaftServerConfigKeys (ConfUtils.java:logGet(44)) - raft.server.log.purge.gap = 1000000 (custom)
2022-05-04 03:16:13,884 [pool-764-thread-1] INFO  server.RaftServerConfigKeys (ConfUtils.java:logGet(44)) - raft.server.log.appender.buffer.byte-limit = 33554432 (custom)
2022-05-04 03:16:13,884 [EventQueue-PipelineReportForPipelineReportHandler] INFO  pipeline.PipelineManagerImpl (PipelineManagerImpl.java:openPipeline(328)) - Pipeline Pipeline[ Id: 68712df7-9eba-4dd8-b8b3-91c243c0887c, Nodes: fdc42406-f03d-49b8-be8d-aa07467fef04{ip: 10.1.0.22, host: fv-az270-73.tacnzluakwdehk1hpragurqkma.bx.internal.cloudapp.net, ports: [REPLICATION=39801, RATIS=46357, RATIS_ADMIN=46357, RATIS_SERVER=46357, STANDALONE=35609], networkLocation: /default-rack, certSerialId: null, persistedOpState: IN_SERVICE, persistedOpStateExpiryEpochSec: 0}, ReplicationConfig: RATIS/ONE, State:ALLOCATED, leaderId:fdc42406-f03d-49b8-be8d-aa07467fef04, CreationTimestamp2022-05-04T03:16:10.867Z[Etc/UTC]] moved to OPEN state
2022-05-04 03:16:13,885 [EventQueue-OpenPipelineForHealthyPipelineSafeModeRule] INFO  safemode.SCMSafeModeManager (HealthyPipelineSafeModeRule.java:process(124)) - SCM in safe mode. Healthy pipelines reported count is 0, required healthy pipeline reported count is 1
2022-05-04 03:16:13,886 [pool-764-thread-1] INFO  server.RaftServerConfigKeys (ConfUtils.java:logGet(44)) - raft.server.log.segment.size.max = 1048576 (custom)
2022-05-04 03:16:13,886 [pool-764-thread-1] INFO  server.RaftServerConfigKeys (ConfUtils.java:logGet(44)) - raft.server.log.segment.cache.num.max = 2 (custom)
2022-05-04 03:16:13,887 [pool-764-thread-1] INFO  server.RaftServerConfigKeys (ConfUtils.java:logGet(44)) - raft.server.log.segment.cache.size.max = 200MB (=209715200) (default)
2022-05-04 03:16:13,887 [pool-764-thread-1] INFO  segmented.SegmentedRaftLogWorker (SegmentedRaftLogWorker.java:<init>(182)) - new fdc42406-f03d-49b8-be8d-aa07467fef04@group-91C243C0887C-SegmentedRaftLogWorker for RaftStorageImpl:Storage Directory /home/runner/work/ozone/ozone/hadoop-ozone/integration-test/target/test-dir/MiniOzoneClusterImpl-cc5aeae0-6f4d-475e-97ef-958bfb15a03d/datanode-2/data/ratis/68712df7-9eba-4dd8-b8b3-91c243c0887c
2022-05-04 03:16:13,887 [pool-764-thread-1] INFO  server.RaftServerConfigKeys (ConfUtils.java:logGet(44)) - raft.server.log.queue.byte-limit = 4294967296 (custom)
2022-05-04 03:16:13,887 [pool-764-thread-1] INFO  server.RaftServerConfigKeys (ConfUtils.java:logGet(44)) - raft.server.log.queue.element-limit = 1024 (custom)
2022-05-04 03:16:13,887 [pool-764-thread-1] INFO  server.RaftServerConfigKeys (ConfUtils.java:logGet(44)) - raft.server.log.segment.size.max = 1048576 (custom)
2022-05-04 03:16:13,887 [pool-764-thread-1] INFO  server.RaftServerConfigKeys (ConfUtils.java:logGet(44)) - raft.server.log.preallocated.size = 16384 (custom)
2022-05-04 03:16:13,887 [pool-764-thread-1] INFO  server.RaftServerConfigKeys (ConfUtils.java:logGet(44)) - raft.server.log.force.sync.num = 128 (default)
2022-05-04 03:16:13,887 [pool-764-thread-1] INFO  server.RaftServerConfigKeys (ConfUtils.java:logGet(44)) - raft.server.log.statemachine.data.sync = true (default)
2022-05-04 03:16:13,887 [pool-764-thread-1] INFO  server.RaftServerConfigKeys (ConfUtils.java:logGet(44)) - raft.server.log.statemachine.data.sync.timeout = 10s (default)
2022-05-04 03:16:13,887 [pool-764-thread-1] INFO  server.RaftServerConfigKeys (ConfUtils.java:logGet(44)) - raft.server.log.statemachine.data.sync.timeout.retry = -1 (default)
2022-05-04 03:16:13,888 [pool-764-thread-1] INFO  server.RaftServerConfigKeys (ConfUtils.java:logGet(44)) - raft.server.log.write.buffer.size = 1048576 (custom)
2022-05-04 03:16:13,900 [pool-764-thread-1] INFO  server.RaftServerConfigKeys (ConfUtils.java:logGet(44)) - raft.server.log.statemachine.data.caching.enabled = true (custom)
2022-05-04 03:16:13,901 [pool-764-thread-1] INFO  segmented.SegmentedRaftLogWorker (SegmentedRaftLogWorker.java:lambda$new$0(133)) - fdc42406-f03d-49b8-be8d-aa07467fef04@group-91C243C0887C-SegmentedRaftLogWorker: flushIndex: setUnconditionally 0 -> -1
2022-05-04 03:16:13,901 [pool-764-thread-1] INFO  segmented.SegmentedRaftLogWorker (SegmentedRaftLogWorker.java:lambda$new$0(133)) - fdc42406-f03d-49b8-be8d-aa07467fef04@group-91C243C0887C-SegmentedRaftLogWorker: safeCacheEvictIndex: setUnconditionally 0 -> -1
2022-05-04 03:16:13,905 [pool-764-thread-1] INFO  server.RaftServerConfigKeys (ConfUtils.java:logGet(44)) - raft.server.snapshot.auto.trigger.enabled = true (custom)
2022-05-04 03:16:13,905 [pool-764-thread-1] INFO  server.RaftServerConfigKeys (ConfUtils.java:logGet(44)) - raft.server.snapshot.auto.trigger.threshold = 10000 (custom)
2022-05-04 03:16:13,905 [pool-764-thread-1] INFO  server.RaftServerConfigKeys (ConfUtils.java:logGet(44)) - raft.server.snapshot.retention.file.num = 5 (custom)
2022-05-04 03:16:13,905 [pool-764-thread-1] INFO  server.RaftServerConfigKeys (ConfUtils.java:logGet(44)) - raft.server.log.purge.upto.snapshot.index = false (default)
2022-05-04 03:16:13,905 [pool-764-thread-1] INFO  server.RaftServerConfigKeys (ConfUtils.java:logGet(44)) - raft.server.retrycache.expirytime = 600000ms (custom)
2022-05-04 03:16:13,905 [pool-764-thread-1] INFO  server.RaftServerConfigKeys (ConfUtils.java:logGet(44)) - raft.server.retrycache.statistics.expirytime = 100μs (default)
2022-05-04 03:16:13,907 [pool-764-thread-1] INFO  server.RaftServer$Division (RaftServerImpl.java:start(301)) - fdc42406-f03d-49b8-be8d-aa07467fef04@group-91C243C0887C: start as a follower, conf=-1: [fdc42406-f03d-49b8-be8d-aa07467fef04|rpc:10.1.0.22:46357|priority:1], old=null
2022-05-04 03:16:13,907 [pool-764-thread-1] INFO  server.RaftServer$Division (RaftServerImpl.java:setRole(290)) - fdc42406-f03d-49b8-be8d-aa07467fef04@group-91C243C0887C: changes role from      null to FOLLOWER at term 0 for startAsFollower
2022-05-04 03:16:13,907 [pool-764-thread-1] INFO  impl.RoleInfo (RoleInfo.java:updateAndGet(130)) - fdc42406-f03d-49b8-be8d-aa07467fef04: start fdc42406-f03d-49b8-be8d-aa07467fef04@group-91C243C0887C-FollowerState
2022-05-04 03:16:13,911 [pool-764-thread-1] INFO  util.JmxRegister (JmxRegister.java:tryRegister(44)) - Successfully registered JMX Bean with object name Ratis:service=RaftServer,group=group-91C243C0887C,id=fdc42406-f03d-49b8-be8d-aa07467fef04
2022-05-04 03:16:13,919 [Command processor thread] INFO  ratis.XceiverServerRatis (XceiverServerRatis.java:addGroup(765)) - Created group PipelineID=68712df7-9eba-4dd8-b8b3-91c243c0887c
2022-05-04 03:16:13,919 [Command processor thread] INFO  commandhandler.CreatePipelineCommandHandler (CreatePipelineCommandHandler.java:handle(113)) - Created Pipeline RATIS ONE PipelineID=68712df7-9eba-4dd8-b8b3-91c243c0887c.
2022-05-04 03:16:14,332 [Listener at 127.0.0.1/37999] INFO  ozone.MiniOzoneClusterImpl (MiniOzoneClusterImpl.java:lambda$waitForClusterToBeReady$0(221)) - Nodes are ready. Got 5 of 5 DN Heartbeats.
2022-05-04 03:16:14,333 [Listener at 127.0.0.1/37999] INFO  ozone.MiniOzoneClusterImpl (MiniOzoneClusterImpl.java:lambda$waitForClusterToBeReady$0(224)) - Waiting for cluster to exit safe mode
2022-05-04 03:16:14,333 [Listener at 127.0.0.1/37999] INFO  ozone.MiniOzoneClusterImpl (MiniOzoneClusterImpl.java:lambda$waitForClusterToBeReady$0(226)) - SCM became leader
2022-05-04 03:16:14,582 [Command processor thread] INFO  server.RaftServer (RaftServerProxy.java:addNew(95)) - a0b83c72-bcfb-411f-a16b-571d8bd3b520: addNew group-81BFDD13166D:[a0b83c72-bcfb-411f-a16b-571d8bd3b520|rpc:10.1.0.22:41023|priority:1] returns group-81BFDD13166D:java.util.concurrent.CompletableFuture@16d2ec47[Not completed]
2022-05-04 03:16:14,597 [pool-785-thread-1] INFO  server.RaftServer$Division (RaftServerImpl.java:<init>(184)) - a0b83c72-bcfb-411f-a16b-571d8bd3b520: new RaftServerImpl for group-81BFDD13166D:[a0b83c72-bcfb-411f-a16b-571d8bd3b520|rpc:10.1.0.22:41023|priority:1] with ContainerStateMachine:uninitialized
2022-05-04 03:16:14,625 [pool-785-thread-1] INFO  server.RaftServerConfigKeys (ConfUtils.java:logGet(44)) - raft.server.rpc.timeout.min = 5s (custom)
2022-05-04 03:16:14,626 [pool-785-thread-1] INFO  server.RaftServerConfigKeys (ConfUtils.java:logGet(44)) - raft.server.rpc.timeout.max = 5200ms (custom)
2022-05-04 03:16:14,626 [pool-785-thread-1] INFO  server.RaftServerConfigKeys (ConfUtils.java:logGet(44)) - raft.server.rpc.sleep.time = 25ms (default)
2022-05-04 03:16:14,626 [pool-785-thread-1] INFO  server.RaftServerConfigKeys (ConfUtils.java:logGet(44)) - raft.server.rpc.slowness.timeout = 300s (custom)
2022-05-04 03:16:14,626 [pool-785-thread-1] INFO  server.RaftServerConfigKeys (ConfUtils.java:logGet(44)) - raft.server.leaderelection.leader.step-down.wait-time = 10s (default)
2022-05-04 03:16:14,626 [pool-785-thread-1] INFO  server.RaftServerConfigKeys (ConfUtils.java:logGet(44)) - raft.server.sleep.deviation.threshold = 300ms (default)
2022-05-04 03:16:14,626 [pool-785-thread-1] INFO  server.RaftServerConfigKeys (ConfUtils.java:logGet(44)) - raft.server.log.appender.install.snapshot.enabled = false (custom)
2022-05-04 03:16:14,626 [pool-785-thread-1] INFO  server.RaftServer$Division (ServerState.java:<init>(105)) - a0b83c72-bcfb-411f-a16b-571d8bd3b520@group-81BFDD13166D: ConfigurationManager, init=-1: [a0b83c72-bcfb-411f-a16b-571d8bd3b520|rpc:10.1.0.22:41023|priority:1], old=null, confs=<EMPTY_MAP>
2022-05-04 03:16:14,626 [pool-785-thread-1] INFO  server.RaftServerConfigKeys (ConfUtils.java:logGet(44)) - raft.server.storage.dir = [/home/runner/work/ozone/ozone/hadoop-ozone/integration-test/target/test-dir/MiniOzoneClusterImpl-cc5aeae0-6f4d-475e-97ef-958bfb15a03d/datanode-3/data/ratis] (custom)
2022-05-04 03:16:14,626 [pool-785-thread-1] INFO  server.RaftServerConfigKeys (ConfUtils.java:logGet(44)) - raft.server.log.corruption.policy = EXCEPTION (default)
2022-05-04 03:16:14,626 [pool-785-thread-1] INFO  server.RaftServerConfigKeys (ConfUtils.java:logGet(44)) - raft.server.storage.free-space.min = 0MB (=0) (default)
2022-05-04 03:16:14,626 [pool-785-thread-1] INFO  storage.RaftStorageDirectory (RaftStorageDirectoryImpl.java:analyzeStorage(135)) - The storage directory /home/runner/work/ozone/ozone/hadoop-ozone/integration-test/target/test-dir/MiniOzoneClusterImpl-cc5aeae0-6f4d-475e-97ef-958bfb15a03d/datanode-3/data/ratis/ea9fd48c-23f9-4796-ba23-81bfdd13166d does not exist. Creating ...
2022-05-04 03:16:14,628 [pool-785-thread-1] INFO  storage.RaftStorageDirectory (RaftStorageDirectoryImpl.java:tryLock(230)) - Lock on /home/runner/work/ozone/ozone/hadoop-ozone/integration-test/target/test-dir/MiniOzoneClusterImpl-cc5aeae0-6f4d-475e-97ef-958bfb15a03d/datanode-3/data/ratis/ea9fd48c-23f9-4796-ba23-81bfdd13166d/in_use.lock acquired by nodename 29567@fv-az270-73
2022-05-04 03:16:14,629 [pool-785-thread-1] INFO  storage.RaftStorage (RaftStorageImpl.java:format(89)) - Storage directory /home/runner/work/ozone/ozone/hadoop-ozone/integration-test/target/test-dir/MiniOzoneClusterImpl-cc5aeae0-6f4d-475e-97ef-958bfb15a03d/datanode-3/data/ratis/ea9fd48c-23f9-4796-ba23-81bfdd13166d has been successfully formatted.
2022-05-04 03:16:14,634 [pool-785-thread-1] INFO  ratis.ContainerStateMachine (ContainerStateMachine.java:loadSnapshot(236)) - group-81BFDD13166D: The snapshot info is null. Setting the last applied indexto:(t:0, i:~)
2022-05-04 03:16:14,634 [pool-785-thread-1] INFO  server.RaftServerConfigKeys (ConfUtils.java:logGet(44)) - raft.server.notification.no-leader.timeout = 300s (custom)
2022-05-04 03:16:14,634 [pool-785-thread-1] INFO  server.RaftServerConfigKeys (ConfUtils.java:logGet(44)) - raft.server.log.use.memory = false (default)
2022-05-04 03:16:14,634 [pool-785-thread-1] INFO  server.RaftServerConfigKeys (ConfUtils.java:logGet(44)) - raft.server.log.purge.gap = 1000000 (custom)
2022-05-04 03:16:14,634 [pool-785-thread-1] INFO  server.RaftServerConfigKeys (ConfUtils.java:logGet(44)) - raft.server.log.appender.buffer.byte-limit = 33554432 (custom)
2022-05-04 03:16:14,635 [pool-785-thread-1] INFO  server.RaftServerConfigKeys (ConfUtils.java:logGet(44)) - raft.server.log.segment.size.max = 1048576 (custom)
2022-05-04 03:16:14,635 [EventQueue-PipelineReportForPipelineReportHandler] INFO  pipeline.PipelineManagerImpl (PipelineManagerImpl.java:openPipeline(328)) - Pipeline Pipeline[ Id: ea9fd48c-23f9-4796-ba23-81bfdd13166d, Nodes: a0b83c72-bcfb-411f-a16b-571d8bd3b520{ip: 10.1.0.22, host: fv-az270-73.tacnzluakwdehk1hpragurqkma.bx.internal.cloudapp.net, ports: [REPLICATION=45623, RATIS=41023, RATIS_ADMIN=41023, RATIS_SERVER=41023, STANDALONE=38577], networkLocation: /default-rack, certSerialId: null, persistedOpState: IN_SERVICE, persistedOpStateExpiryEpochSec: 0}, ReplicationConfig: RATIS/ONE, State:ALLOCATED, leaderId:a0b83c72-bcfb-411f-a16b-571d8bd3b520, CreationTimestamp2022-05-04T03:16:11.583Z[Etc/UTC]] moved to OPEN state
2022-05-04 03:16:14,636 [pool-785-thread-1] INFO  server.RaftServerConfigKeys (ConfUtils.java:logGet(44)) - raft.server.log.segment.cache.num.max = 2 (custom)
2022-05-04 03:16:14,636 [pool-785-thread-1] INFO  server.RaftServerConfigKeys (ConfUtils.java:logGet(44)) - raft.server.log.segment.cache.size.max = 200MB (=209715200) (default)
2022-05-04 03:16:14,636 [EventQueue-OpenPipelineForHealthyPipelineSafeModeRule] INFO  safemode.SCMSafeModeManager (HealthyPipelineSafeModeRule.java:process(124)) - SCM in safe mode. Healthy pipelines reported count is 0, required healthy pipeline reported count is 1
2022-05-04 03:16:14,636 [pool-785-thread-1] INFO  segmented.SegmentedRaftLogWorker (SegmentedRaftLogWorker.java:<init>(182)) - new a0b83c72-bcfb-411f-a16b-571d8bd3b520@group-81BFDD13166D-SegmentedRaftLogWorker for RaftStorageImpl:Storage Directory /home/runner/work/ozone/ozone/hadoop-ozone/integration-test/target/test-dir/MiniOzoneClusterImpl-cc5aeae0-6f4d-475e-97ef-958bfb15a03d/datanode-3/data/ratis/ea9fd48c-23f9-4796-ba23-81bfdd13166d
2022-05-04 03:16:14,636 [pool-785-thread-1] INFO  server.RaftServerConfigKeys (ConfUtils.java:logGet(44)) - raft.server.log.queue.byte-limit = 4294967296 (custom)
2022-05-04 03:16:14,636 [pool-785-thread-1] INFO  server.RaftServerConfigKeys (ConfUtils.java:logGet(44)) - raft.server.log.queue.element-limit = 1024 (custom)
2022-05-04 03:16:14,636 [pool-785-thread-1] INFO  server.RaftServerConfigKeys (ConfUtils.java:logGet(44)) - raft.server.log.segment.size.max = 1048576 (custom)
2022-05-04 03:16:14,636 [pool-785-thread-1] INFO  server.RaftServerConfigKeys (ConfUtils.java:logGet(44)) - raft.server.log.preallocated.size = 16384 (custom)
2022-05-04 03:16:14,636 [pool-785-thread-1] INFO  server.RaftServerConfigKeys (ConfUtils.java:logGet(44)) - raft.server.log.force.sync.num = 128 (default)
2022-05-04 03:16:14,636 [pool-785-thread-1] INFO  server.RaftServerConfigKeys (ConfUtils.java:logGet(44)) - raft.server.log.statemachine.data.sync = true (default)
2022-05-04 03:16:14,636 [pool-785-thread-1] INFO  server.RaftServerConfigKeys (ConfUtils.java:logGet(44)) - raft.server.log.statemachine.data.sync.timeout = 10s (default)
2022-05-04 03:16:14,636 [pool-785-thread-1] INFO  server.RaftServerConfigKeys (ConfUtils.java:logGet(44)) - raft.server.log.statemachine.data.sync.timeout.retry = -1 (default)
2022-05-04 03:16:14,637 [pool-785-thread-1] INFO  server.RaftServerConfigKeys (ConfUtils.java:logGet(44)) - raft.server.log.write.buffer.size = 1048576 (custom)
2022-05-04 03:16:14,638 [pool-785-thread-1] INFO  server.RaftServerConfigKeys (ConfUtils.java:logGet(44)) - raft.server.log.statemachine.data.caching.enabled = true (custom)
2022-05-04 03:16:14,638 [pool-785-thread-1] INFO  segmented.SegmentedRaftLogWorker (SegmentedRaftLogWorker.java:lambda$new$0(133)) - a0b83c72-bcfb-411f-a16b-571d8bd3b520@group-81BFDD13166D-SegmentedRaftLogWorker: flushIndex: setUnconditionally 0 -> -1
2022-05-04 03:16:14,638 [pool-785-thread-1] INFO  segmented.SegmentedRaftLogWorker (SegmentedRaftLogWorker.java:lambda$new$0(133)) - a0b83c72-bcfb-411f-a16b-571d8bd3b520@group-81BFDD13166D-SegmentedRaftLogWorker: safeCacheEvictIndex: setUnconditionally 0 -> -1
2022-05-04 03:16:14,643 [pool-785-thread-1] INFO  server.RaftServerConfigKeys (ConfUtils.java:logGet(44)) - raft.server.snapshot.auto.trigger.enabled = true (custom)
2022-05-04 03:16:14,643 [pool-785-thread-1] INFO  server.RaftServerConfigKeys (ConfUtils.java:logGet(44)) - raft.server.snapshot.auto.trigger.threshold = 10000 (custom)
2022-05-04 03:16:14,643 [pool-785-thread-1] INFO  server.RaftServerConfigKeys (ConfUtils.java:logGet(44)) - raft.server.snapshot.retention.file.num = 5 (custom)
2022-05-04 03:16:14,643 [pool-785-thread-1] INFO  server.RaftServerConfigKeys (ConfUtils.java:logGet(44)) - raft.server.log.purge.upto.snapshot.index = false (default)
2022-05-04 03:16:14,643 [pool-785-thread-1] INFO  server.RaftServerConfigKeys (ConfUtils.java:logGet(44)) - raft.server.retrycache.expirytime = 600000ms (custom)
2022-05-04 03:16:14,643 [pool-785-thread-1] INFO  server.RaftServerConfigKeys (ConfUtils.java:logGet(44)) - raft.server.retrycache.statistics.expirytime = 100μs (default)
2022-05-04 03:16:14,645 [pool-785-thread-1] INFO  server.RaftServer$Division (RaftServerImpl.java:start(301)) - a0b83c72-bcfb-411f-a16b-571d8bd3b520@group-81BFDD13166D: start as a follower, conf=-1: [a0b83c72-bcfb-411f-a16b-571d8bd3b520|rpc:10.1.0.22:41023|priority:1], old=null
2022-05-04 03:16:14,645 [pool-785-thread-1] INFO  server.RaftServer$Division (RaftServerImpl.java:setRole(290)) - a0b83c72-bcfb-411f-a16b-571d8bd3b520@group-81BFDD13166D: changes role from      null to FOLLOWER at term 0 for startAsFollower
2022-05-04 03:16:14,645 [pool-785-thread-1] INFO  impl.RoleInfo (RoleInfo.java:updateAndGet(130)) - a0b83c72-bcfb-411f-a16b-571d8bd3b520: start a0b83c72-bcfb-411f-a16b-571d8bd3b520@group-81BFDD13166D-FollowerState
2022-05-04 03:16:14,650 [pool-785-thread-1] INFO  util.JmxRegister (JmxRegister.java:tryRegister(44)) - Successfully registered JMX Bean with object name Ratis:service=RaftServer,group=group-81BFDD13166D,id=a0b83c72-bcfb-411f-a16b-571d8bd3b520
2022-05-04 03:16:14,657 [Command processor thread] INFO  ratis.XceiverServerRatis (XceiverServerRatis.java:addGroup(765)) - Created group PipelineID=ea9fd48c-23f9-4796-ba23-81bfdd13166d
2022-05-04 03:16:14,657 [Command processor thread] INFO  commandhandler.CreatePipelineCommandHandler (CreatePipelineCommandHandler.java:handle(113)) - Created Pipeline RATIS ONE PipelineID=ea9fd48c-23f9-4796-ba23-81bfdd13166d.
2022-05-04 03:16:15,334 [Listener at 127.0.0.1/37999] INFO  ozone.MiniOzoneClusterImpl (MiniOzoneClusterImpl.java:lambda$waitForClusterToBeReady$0(221)) - Nodes are ready. Got 5 of 5 DN Heartbeats.
2022-05-04 03:16:15,334 [Listener at 127.0.0.1/37999] INFO  ozone.MiniOzoneClusterImpl (MiniOzoneClusterImpl.java:lambda$waitForClusterToBeReady$0(224)) - Waiting for cluster to exit safe mode
2022-05-04 03:16:15,334 [Listener at 127.0.0.1/37999] INFO  ozone.MiniOzoneClusterImpl (MiniOzoneClusterImpl.java:lambda$waitForClusterToBeReady$0(226)) - SCM became leader
2022-05-04 03:16:15,391 [Command processor thread] INFO  server.RaftServer (RaftServerProxy.java:addNew(95)) - caf96a51-3937-4eef-9499-ab2654641799: addNew group-CB6C8CCA78B7:[caf96a51-3937-4eef-9499-ab2654641799|rpc:10.1.0.22:39685|priority:1] returns group-CB6C8CCA78B7:java.util.concurrent.CompletableFuture@157ef9d2[Not completed]
2022-05-04 03:16:15,395 [pool-806-thread-1] INFO  server.RaftServer$Division (RaftServerImpl.java:<init>(184)) - caf96a51-3937-4eef-9499-ab2654641799: new RaftServerImpl for group-CB6C8CCA78B7:[caf96a51-3937-4eef-9499-ab2654641799|rpc:10.1.0.22:39685|priority:1] with ContainerStateMachine:uninitialized
2022-05-04 03:16:15,418 [pool-806-thread-1] INFO  server.RaftServerConfigKeys (ConfUtils.java:logGet(44)) - raft.server.rpc.timeout.min = 5s (custom)
2022-05-04 03:16:15,418 [pool-806-thread-1] INFO  server.RaftServerConfigKeys (ConfUtils.java:logGet(44)) - raft.server.rpc.timeout.max = 5200ms (custom)
2022-05-04 03:16:15,418 [pool-806-thread-1] INFO  server.RaftServerConfigKeys (ConfUtils.java:logGet(44)) - raft.server.rpc.sleep.time = 25ms (default)
2022-05-04 03:16:15,418 [pool-806-thread-1] INFO  server.RaftServerConfigKeys (ConfUtils.java:logGet(44)) - raft.server.rpc.slowness.timeout = 300s (custom)
2022-05-04 03:16:15,418 [pool-806-thread-1] INFO  server.RaftServerConfigKeys (ConfUtils.java:logGet(44)) - raft.server.leaderelection.leader.step-down.wait-time = 10s (default)
2022-05-04 03:16:15,418 [pool-806-thread-1] INFO  server.RaftServerConfigKeys (ConfUtils.java:logGet(44)) - raft.server.sleep.deviation.threshold = 300ms (default)
2022-05-04 03:16:15,418 [pool-806-thread-1] INFO  server.RaftServerConfigKeys (ConfUtils.java:logGet(44)) - raft.server.log.appender.install.snapshot.enabled = false (custom)
2022-05-04 03:16:15,418 [pool-806-thread-1] INFO  server.RaftServer$Division (ServerState.java:<init>(105)) - caf96a51-3937-4eef-9499-ab2654641799@group-CB6C8CCA78B7: ConfigurationManager, init=-1: [caf96a51-3937-4eef-9499-ab2654641799|rpc:10.1.0.22:39685|priority:1], old=null, confs=<EMPTY_MAP>
2022-05-04 03:16:15,419 [pool-806-thread-1] INFO  server.RaftServerConfigKeys (ConfUtils.java:logGet(44)) - raft.server.storage.dir = [/home/runner/work/ozone/ozone/hadoop-ozone/integration-test/target/test-dir/MiniOzoneClusterImpl-cc5aeae0-6f4d-475e-97ef-958bfb15a03d/datanode-4/data/ratis] (custom)
2022-05-04 03:16:15,419 [pool-806-thread-1] INFO  server.RaftServerConfigKeys (ConfUtils.java:logGet(44)) - raft.server.log.corruption.policy = EXCEPTION (default)
2022-05-04 03:16:15,419 [pool-806-thread-1] INFO  server.RaftServerConfigKeys (ConfUtils.java:logGet(44)) - raft.server.storage.free-space.min = 0MB (=0) (default)
2022-05-04 03:16:15,419 [pool-806-thread-1] INFO  storage.RaftStorageDirectory (RaftStorageDirectoryImpl.java:analyzeStorage(135)) - The storage directory /home/runner/work/ozone/ozone/hadoop-ozone/integration-test/target/test-dir/MiniOzoneClusterImpl-cc5aeae0-6f4d-475e-97ef-958bfb15a03d/datanode-4/data/ratis/2da107c3-baad-46ec-ab1c-cb6c8cca78b7 does not exist. Creating ...
2022-05-04 03:16:15,432 [pool-806-thread-1] INFO  storage.RaftStorageDirectory (RaftStorageDirectoryImpl.java:tryLock(230)) - Lock on /home/runner/work/ozone/ozone/hadoop-ozone/integration-test/target/test-dir/MiniOzoneClusterImpl-cc5aeae0-6f4d-475e-97ef-958bfb15a03d/datanode-4/data/ratis/2da107c3-baad-46ec-ab1c-cb6c8cca78b7/in_use.lock acquired by nodename 29567@fv-az270-73
2022-05-04 03:16:15,433 [pool-806-thread-1] INFO  storage.RaftStorage (RaftStorageImpl.java:format(89)) - Storage directory /home/runner/work/ozone/ozone/hadoop-ozone/integration-test/target/test-dir/MiniOzoneClusterImpl-cc5aeae0-6f4d-475e-97ef-958bfb15a03d/datanode-4/data/ratis/2da107c3-baad-46ec-ab1c-cb6c8cca78b7 has been successfully formatted.
2022-05-04 03:16:15,455 [pool-806-thread-1] INFO  ratis.ContainerStateMachine (ContainerStateMachine.java:loadSnapshot(236)) - group-CB6C8CCA78B7: The snapshot info is null. Setting the last applied indexto:(t:0, i:~)
2022-05-04 03:16:15,456 [pool-806-thread-1] INFO  server.RaftServerConfigKeys (ConfUtils.java:logGet(44)) - raft.server.notification.no-leader.timeout = 300s (custom)
2022-05-04 03:16:15,456 [pool-806-thread-1] INFO  server.RaftServerConfigKeys (ConfUtils.java:logGet(44)) - raft.server.log.use.memory = false (default)
2022-05-04 03:16:15,461 [EventQueue-PipelineReportForPipelineReportHandler] INFO  pipeline.PipelineManagerImpl (PipelineManagerImpl.java:openPipeline(328)) - Pipeline Pipeline[ Id: 2da107c3-baad-46ec-ab1c-cb6c8cca78b7, Nodes: caf96a51-3937-4eef-9499-ab2654641799{ip: 10.1.0.22, host: fv-az270-73.tacnzluakwdehk1hpragurqkma.bx.internal.cloudapp.net, ports: [REPLICATION=40205, RATIS=39685, RATIS_ADMIN=39685, RATIS_SERVER=39685, STANDALONE=42769], networkLocation: /default-rack, certSerialId: null, persistedOpState: IN_SERVICE, persistedOpStateExpiryEpochSec: 0}, ReplicationConfig: RATIS/ONE, State:ALLOCATED, leaderId:caf96a51-3937-4eef-9499-ab2654641799, CreationTimestamp2022-05-04T03:16:12.414Z[Etc/UTC]] moved to OPEN state
2022-05-04 03:16:15,462 [EventQueue-OpenPipelineForHealthyPipelineSafeModeRule] INFO  safemode.SCMSafeModeManager (HealthyPipelineSafeModeRule.java:process(124)) - SCM in safe mode. Healthy pipelines reported count is 0, required healthy pipeline reported count is 1
2022-05-04 03:16:15,474 [pool-806-thread-1] INFO  server.RaftServerConfigKeys (ConfUtils.java:logGet(44)) - raft.server.log.purge.gap = 1000000 (custom)
2022-05-04 03:16:15,474 [pool-806-thread-1] INFO  server.RaftServerConfigKeys (ConfUtils.java:logGet(44)) - raft.server.log.appender.buffer.byte-limit = 33554432 (custom)
2022-05-04 03:16:15,475 [pool-806-thread-1] INFO  server.RaftServerConfigKeys (ConfUtils.java:logGet(44)) - raft.server.log.segment.size.max = 1048576 (custom)
2022-05-04 03:16:15,475 [pool-806-thread-1] INFO  server.RaftServerConfigKeys (ConfUtils.java:logGet(44)) - raft.server.log.segment.cache.num.max = 2 (custom)
2022-05-04 03:16:15,475 [pool-806-thread-1] INFO  server.RaftServerConfigKeys (ConfUtils.java:logGet(44)) - raft.server.log.segment.cache.size.max = 200MB (=209715200) (default)
2022-05-04 03:16:15,476 [pool-806-thread-1] INFO  segmented.SegmentedRaftLogWorker (SegmentedRaftLogWorker.java:<init>(182)) - new caf96a51-3937-4eef-9499-ab2654641799@group-CB6C8CCA78B7-SegmentedRaftLogWorker for RaftStorageImpl:Storage Directory /home/runner/work/ozone/ozone/hadoop-ozone/integration-test/target/test-dir/MiniOzoneClusterImpl-cc5aeae0-6f4d-475e-97ef-958bfb15a03d/datanode-4/data/ratis/2da107c3-baad-46ec-ab1c-cb6c8cca78b7
2022-05-04 03:16:15,476 [pool-806-thread-1] INFO  server.RaftServerConfigKeys (ConfUtils.java:logGet(44)) - raft.server.log.queue.byte-limit = 4294967296 (custom)
2022-05-04 03:16:15,476 [pool-806-thread-1] INFO  server.RaftServerConfigKeys (ConfUtils.java:logGet(44)) - raft.server.log.queue.element-limit = 1024 (custom)
2022-05-04 03:16:15,476 [pool-806-thread-1] INFO  server.RaftServerConfigKeys (ConfUtils.java:logGet(44)) - raft.server.log.segment.size.max = 1048576 (custom)
2022-05-04 03:16:15,476 [pool-806-thread-1] INFO  server.RaftServerConfigKeys (ConfUtils.java:logGet(44)) - raft.server.log.preallocated.size = 16384 (custom)
2022-05-04 03:16:15,476 [pool-806-thread-1] INFO  server.RaftServerConfigKeys (ConfUtils.java:logGet(44)) - raft.server.log.force.sync.num = 128 (default)
2022-05-04 03:16:15,476 [pool-806-thread-1] INFO  server.RaftServerConfigKeys (ConfUtils.java:logGet(44)) - raft.server.log.statemachine.data.sync = true (default)
2022-05-04 03:16:15,476 [pool-806-thread-1] INFO  server.RaftServerConfigKeys (ConfUtils.java:logGet(44)) - raft.server.log.statemachine.data.sync.timeout = 10s (default)
2022-05-04 03:16:15,476 [pool-806-thread-1] INFO  server.RaftServerConfigKeys (ConfUtils.java:logGet(44)) - raft.server.log.statemachine.data.sync.timeout.retry = -1 (default)
2022-05-04 03:16:15,477 [pool-806-thread-1] INFO  server.RaftServerConfigKeys (ConfUtils.java:logGet(44)) - raft.server.log.write.buffer.size = 1048576 (custom)
2022-05-04 03:16:15,483 [pool-806-thread-1] INFO  server.RaftServerConfigKeys (ConfUtils.java:logGet(44)) - raft.server.log.statemachine.data.caching.enabled = true (custom)
2022-05-04 03:16:15,483 [pool-806-thread-1] INFO  segmented.SegmentedRaftLogWorker (SegmentedRaftLogWorker.java:lambda$new$0(133)) - caf96a51-3937-4eef-9499-ab2654641799@group-CB6C8CCA78B7-SegmentedRaftLogWorker: flushIndex: setUnconditionally 0 -> -1
2022-05-04 03:16:15,483 [pool-806-thread-1] INFO  segmented.SegmentedRaftLogWorker (SegmentedRaftLogWorker.java:lambda$new$0(133)) - caf96a51-3937-4eef-9499-ab2654641799@group-CB6C8CCA78B7-SegmentedRaftLogWorker: safeCacheEvictIndex: setUnconditionally 0 -> -1
2022-05-04 03:16:15,484 [pool-806-thread-1] INFO  server.RaftServerConfigKeys (ConfUtils.java:logGet(44)) - raft.server.snapshot.auto.trigger.enabled = true (custom)
2022-05-04 03:16:15,484 [pool-806-thread-1] INFO  server.RaftServerConfigKeys (ConfUtils.java:logGet(44)) - raft.server.snapshot.auto.trigger.threshold = 10000 (custom)
2022-05-04 03:16:15,484 [pool-806-thread-1] INFO  server.RaftServerConfigKeys (ConfUtils.java:logGet(44)) - raft.server.snapshot.retention.file.num = 5 (custom)
2022-05-04 03:16:15,484 [pool-806-thread-1] INFO  server.RaftServerConfigKeys (ConfUtils.java:logGet(44)) - raft.server.log.purge.upto.snapshot.index = false (default)
2022-05-04 03:16:15,484 [pool-806-thread-1] INFO  server.RaftServerConfigKeys (ConfUtils.java:logGet(44)) - raft.server.retrycache.expirytime = 600000ms (custom)
2022-05-04 03:16:15,484 [pool-806-thread-1] INFO  server.RaftServerConfigKeys (ConfUtils.java:logGet(44)) - raft.server.retrycache.statistics.expirytime = 100μs (default)
2022-05-04 03:16:15,490 [pool-806-thread-1] INFO  server.RaftServer$Division (RaftServerImpl.java:start(301)) - caf96a51-3937-4eef-9499-ab2654641799@group-CB6C8CCA78B7: start as a follower, conf=-1: [caf96a51-3937-4eef-9499-ab2654641799|rpc:10.1.0.22:39685|priority:1], old=null
2022-05-04 03:16:15,490 [pool-806-thread-1] INFO  server.RaftServer$Division (RaftServerImpl.java:setRole(290)) - caf96a51-3937-4eef-9499-ab2654641799@group-CB6C8CCA78B7: changes role from      null to FOLLOWER at term 0 for startAsFollower
2022-05-04 03:16:15,490 [pool-806-thread-1] INFO  impl.RoleInfo (RoleInfo.java:updateAndGet(130)) - caf96a51-3937-4eef-9499-ab2654641799: start caf96a51-3937-4eef-9499-ab2654641799@group-CB6C8CCA78B7-FollowerState
2022-05-04 03:16:15,491 [pool-806-thread-1] INFO  util.JmxRegister (JmxRegister.java:tryRegister(44)) - Successfully registered JMX Bean with object name Ratis:service=RaftServer,group=group-CB6C8CCA78B7,id=caf96a51-3937-4eef-9499-ab2654641799
2022-05-04 03:16:15,491 [Command processor thread] INFO  ratis.XceiverServerRatis (XceiverServerRatis.java:addGroup(765)) - Created group PipelineID=2da107c3-baad-46ec-ab1c-cb6c8cca78b7
2022-05-04 03:16:15,491 [Command processor thread] INFO  commandhandler.CreatePipelineCommandHandler (CreatePipelineCommandHandler.java:handle(113)) - Created Pipeline RATIS ONE PipelineID=2da107c3-baad-46ec-ab1c-cb6c8cca78b7.
2022-05-04 03:16:16,334 [Listener at 127.0.0.1/37999] INFO  ozone.MiniOzoneClusterImpl (MiniOzoneClusterImpl.java:lambda$waitForClusterToBeReady$0(221)) - Nodes are ready. Got 5 of 5 DN Heartbeats.
2022-05-04 03:16:16,335 [Listener at 127.0.0.1/37999] INFO  ozone.MiniOzoneClusterImpl (MiniOzoneClusterImpl.java:lambda$waitForClusterToBeReady$0(224)) - Waiting for cluster to exit safe mode
2022-05-04 03:16:16,335 [Listener at 127.0.0.1/37999] INFO  ozone.MiniOzoneClusterImpl (MiniOzoneClusterImpl.java:lambda$waitForClusterToBeReady$0(226)) - SCM became leader
2022-05-04 03:16:17,229 [e0500e2c-224c-46df-a4cf-d9aa21623822@group-CCD661E93E1F-FollowerState] INFO  impl.FollowerState (FollowerState.java:run(134)) - e0500e2c-224c-46df-a4cf-d9aa21623822@group-CCD661E93E1F-FollowerState: change to CANDIDATE, lastRpcElapsedTime:5073761669ns, electionTimeout:5059ms
2022-05-04 03:16:17,229 [e0500e2c-224c-46df-a4cf-d9aa21623822@group-CCD661E93E1F-FollowerState] INFO  impl.RoleInfo (RoleInfo.java:shutdownFollowerState(108)) - e0500e2c-224c-46df-a4cf-d9aa21623822: shutdown e0500e2c-224c-46df-a4cf-d9aa21623822@group-CCD661E93E1F-FollowerState
2022-05-04 03:16:17,230 [e0500e2c-224c-46df-a4cf-d9aa21623822@group-CCD661E93E1F-FollowerState] INFO  server.RaftServer$Division (RaftServerImpl.java:setRole(290)) - e0500e2c-224c-46df-a4cf-d9aa21623822@group-CCD661E93E1F: changes role from  FOLLOWER to CANDIDATE at term 0 for changeToCandidate
2022-05-04 03:16:17,230 [e0500e2c-224c-46df-a4cf-d9aa21623822@group-CCD661E93E1F-FollowerState] INFO  server.RaftServerConfigKeys (ConfUtils.java:logGet(44)) - raft.server.leaderelection.pre-vote = false (custom)
2022-05-04 03:16:17,230 [e0500e2c-224c-46df-a4cf-d9aa21623822@group-CCD661E93E1F-FollowerState] INFO  impl.RoleInfo (RoleInfo.java:updateAndGet(130)) - e0500e2c-224c-46df-a4cf-d9aa21623822: start e0500e2c-224c-46df-a4cf-d9aa21623822@group-CCD661E93E1F-LeaderElection49
2022-05-04 03:16:17,282 [e0500e2c-224c-46df-a4cf-d9aa21623822@group-CCD661E93E1F-LeaderElection49] INFO  impl.LeaderElection (LeaderElection.java:askForVotes(306)) - e0500e2c-224c-46df-a4cf-d9aa21623822@group-CCD661E93E1F-LeaderElection49 ELECTION round 0: submit vote requests at term 1 for -1: [023e6ea0-0ef1-4794-8f75-07cc698c5b0d|rpc:10.1.0.22:42169|priority:1, fdc42406-f03d-49b8-be8d-aa07467fef04|rpc:10.1.0.22:46357|priority:0, e0500e2c-224c-46df-a4cf-d9aa21623822|rpc:10.1.0.22:41873|priority:0], old=null
2022-05-04 03:16:17,290 [e0500e2c-224c-46df-a4cf-d9aa21623822@group-C03C4DE04B1A-FollowerState] INFO  impl.FollowerState (FollowerState.java:run(134)) - e0500e2c-224c-46df-a4cf-d9aa21623822@group-C03C4DE04B1A-FollowerState: change to CANDIDATE, lastRpcElapsedTime:5194801853ns, electionTimeout:5189ms
2022-05-04 03:16:17,291 [e0500e2c-224c-46df-a4cf-d9aa21623822@group-C03C4DE04B1A-FollowerState] INFO  impl.RoleInfo (RoleInfo.java:shutdownFollowerState(108)) - e0500e2c-224c-46df-a4cf-d9aa21623822: shutdown e0500e2c-224c-46df-a4cf-d9aa21623822@group-C03C4DE04B1A-FollowerState
2022-05-04 03:16:17,291 [e0500e2c-224c-46df-a4cf-d9aa21623822@group-C03C4DE04B1A-FollowerState] INFO  server.RaftServer$Division (RaftServerImpl.java:setRole(290)) - e0500e2c-224c-46df-a4cf-d9aa21623822@group-C03C4DE04B1A: changes role from  FOLLOWER to CANDIDATE at term 0 for changeToCandidate
2022-05-04 03:16:17,319 [grpc-default-executor-0] INFO  server.RaftServer$Division (RaftServerImpl.java:requestVote(1046)) - 023e6ea0-0ef1-4794-8f75-07cc698c5b0d@group-CCD661E93E1F: receive requestVote(ELECTION, e0500e2c-224c-46df-a4cf-d9aa21623822, group-CCD661E93E1F, 1, (t:0, i:0))
2022-05-04 03:16:17,319 [grpc-default-executor-0] INFO  impl.VoteContext (VoteContext.java:log(48)) - 023e6ea0-0ef1-4794-8f75-07cc698c5b0d@group-CCD661E93E1F-FOLLOWER: reject ELECTION from e0500e2c-224c-46df-a4cf-d9aa21623822: our priority 1 > candidate's priority 0
2022-05-04 03:16:17,319 [grpc-default-executor-0] INFO  server.RaftServer$Division (RaftServerImpl.java:setRole(290)) - 023e6ea0-0ef1-4794-8f75-07cc698c5b0d@group-CCD661E93E1F: changes role from  FOLLOWER to FOLLOWER at term 1 for candidate:e0500e2c-224c-46df-a4cf-d9aa21623822
2022-05-04 03:16:17,319 [grpc-default-executor-0] INFO  impl.RoleInfo (RoleInfo.java:shutdownFollowerState(108)) - 023e6ea0-0ef1-4794-8f75-07cc698c5b0d: shutdown 023e6ea0-0ef1-4794-8f75-07cc698c5b0d@group-CCD661E93E1F-FollowerState
2022-05-04 03:16:17,319 [grpc-default-executor-0] INFO  impl.RoleInfo (RoleInfo.java:updateAndGet(130)) - 023e6ea0-0ef1-4794-8f75-07cc698c5b0d: start 023e6ea0-0ef1-4794-8f75-07cc698c5b0d@group-CCD661E93E1F-FollowerState
2022-05-04 03:16:17,319 [023e6ea0-0ef1-4794-8f75-07cc698c5b0d@group-CCD661E93E1F-FollowerState] INFO  impl.FollowerState (FollowerState.java:run(143)) - 023e6ea0-0ef1-4794-8f75-07cc698c5b0d@group-CCD661E93E1F-FollowerState was interrupted: {}
java.lang.InterruptedException: sleep interrupted
	at java.lang.Thread.sleep(Native Method)
	at java.lang.Thread.sleep(Thread.java:342)
	at java.util.concurrent.TimeUnit.sleep(TimeUnit.java:386)
	at org.apache.ratis.util.TimeDuration.sleep(TimeDuration.java:324)
	at org.apache.ratis.util.TimeDuration.sleep(TimeDuration.java:309)
	at org.apache.ratis.server.impl.FollowerState.run(FollowerState.java:118)
2022-05-04 03:16:17,333 [grpc-default-executor-0] INFO  server.RaftServer$Division (RaftServerImpl.java:requestVote(1078)) - 023e6ea0-0ef1-4794-8f75-07cc698c5b0d@group-CCD661E93E1F replies to ELECTION vote request: e0500e2c-224c-46df-a4cf-d9aa21623822<-023e6ea0-0ef1-4794-8f75-07cc698c5b0d#0:FAIL-t1. Peer's state: 023e6ea0-0ef1-4794-8f75-07cc698c5b0d@group-CCD661E93E1F:t1, leader=null, voted=null, raftlog=023e6ea0-0ef1-4794-8f75-07cc698c5b0d@group-CCD661E93E1F-SegmentedRaftLog:OPENED:c-1, conf=-1: [023e6ea0-0ef1-4794-8f75-07cc698c5b0d|rpc:10.1.0.22:42169|dataStream:|priority:1, fdc42406-f03d-49b8-be8d-aa07467fef04|rpc:10.1.0.22:46357|dataStream:|priority:0, e0500e2c-224c-46df-a4cf-d9aa21623822|rpc:10.1.0.22:41873|dataStream:|priority:0], old=null
2022-05-04 03:16:17,335 [Listener at 127.0.0.1/37999] INFO  ozone.MiniOzoneClusterImpl (MiniOzoneClusterImpl.java:lambda$waitForClusterToBeReady$0(221)) - Nodes are ready. Got 5 of 5 DN Heartbeats.
2022-05-04 03:16:17,335 [Listener at 127.0.0.1/37999] INFO  ozone.MiniOzoneClusterImpl (MiniOzoneClusterImpl.java:lambda$waitForClusterToBeReady$0(224)) - Waiting for cluster to exit safe mode
2022-05-04 03:16:17,335 [Listener at 127.0.0.1/37999] INFO  ozone.MiniOzoneClusterImpl (MiniOzoneClusterImpl.java:lambda$waitForClusterToBeReady$0(226)) - SCM became leader
2022-05-04 03:16:17,341 [e0500e2c-224c-46df-a4cf-d9aa21623822@group-C03C4DE04B1A-FollowerState] INFO  server.RaftServerConfigKeys (ConfUtils.java:logGet(44)) - raft.server.leaderelection.pre-vote = false (custom)
2022-05-04 03:16:17,341 [e0500e2c-224c-46df-a4cf-d9aa21623822@group-C03C4DE04B1A-FollowerState] INFO  impl.RoleInfo (RoleInfo.java:updateAndGet(130)) - e0500e2c-224c-46df-a4cf-d9aa21623822: start e0500e2c-224c-46df-a4cf-d9aa21623822@group-C03C4DE04B1A-LeaderElection50
2022-05-04 03:16:17,356 [e0500e2c-224c-46df-a4cf-d9aa21623822@group-CCD661E93E1F-LeaderElection49] INFO  impl.LeaderElection (LeaderElection.java:logAndReturn(89)) - e0500e2c-224c-46df-a4cf-d9aa21623822@group-CCD661E93E1F-LeaderElection49: ELECTION REJECTED received 1 response(s) and 0 exception(s):
2022-05-04 03:16:17,356 [e0500e2c-224c-46df-a4cf-d9aa21623822@group-CCD661E93E1F-LeaderElection49] INFO  impl.LeaderElection (LeaderElection.java:logAndReturn(93)) -   Response 0: e0500e2c-224c-46df-a4cf-d9aa21623822<-023e6ea0-0ef1-4794-8f75-07cc698c5b0d#0:FAIL-t1
2022-05-04 03:16:17,383 [e0500e2c-224c-46df-a4cf-d9aa21623822@group-CCD661E93E1F-LeaderElection49] INFO  impl.LeaderElection (LeaderElection.java:askForVotes(308)) - e0500e2c-224c-46df-a4cf-d9aa21623822@group-CCD661E93E1F-LeaderElection49 ELECTION round 0: result REJECTED
2022-05-04 03:16:17,383 [e0500e2c-224c-46df-a4cf-d9aa21623822@group-CCD661E93E1F-LeaderElection49] INFO  server.RaftServer$Division (RaftServerImpl.java:setRole(290)) - e0500e2c-224c-46df-a4cf-d9aa21623822@group-CCD661E93E1F: changes role from CANDIDATE to FOLLOWER at term 1 for REJECTED
2022-05-04 03:16:17,383 [e0500e2c-224c-46df-a4cf-d9aa21623822@group-CCD661E93E1F-LeaderElection49] INFO  impl.RoleInfo (RoleInfo.java:shutdownLeaderElection(121)) - e0500e2c-224c-46df-a4cf-d9aa21623822: shutdown e0500e2c-224c-46df-a4cf-d9aa21623822@group-CCD661E93E1F-LeaderElection49
2022-05-04 03:16:17,383 [e0500e2c-224c-46df-a4cf-d9aa21623822@group-CCD661E93E1F-LeaderElection49] INFO  impl.RoleInfo (RoleInfo.java:updateAndGet(130)) - e0500e2c-224c-46df-a4cf-d9aa21623822: start e0500e2c-224c-46df-a4cf-d9aa21623822@group-CCD661E93E1F-FollowerState
2022-05-04 03:16:17,358 [grpc-default-executor-0] INFO  server.RaftServer$Division (RaftServerImpl.java:requestVote(1046)) - fdc42406-f03d-49b8-be8d-aa07467fef04@group-CCD661E93E1F: receive requestVote(ELECTION, e0500e2c-224c-46df-a4cf-d9aa21623822, group-CCD661E93E1F, 1, (t:0, i:0))
2022-05-04 03:16:17,383 [grpc-default-executor-0] INFO  impl.VoteContext (VoteContext.java:log(48)) - fdc42406-f03d-49b8-be8d-aa07467fef04@group-CCD661E93E1F-FOLLOWER: accept ELECTION from e0500e2c-224c-46df-a4cf-d9aa21623822: our priority 0 <= candidate's priority 0
2022-05-04 03:16:17,383 [grpc-default-executor-0] INFO  server.RaftServer$Division (RaftServerImpl.java:setRole(290)) - fdc42406-f03d-49b8-be8d-aa07467fef04@group-CCD661E93E1F: changes role from  FOLLOWER to FOLLOWER at term 1 for candidate:e0500e2c-224c-46df-a4cf-d9aa21623822
2022-05-04 03:16:17,383 [grpc-default-executor-0] INFO  impl.RoleInfo (RoleInfo.java:shutdownFollowerState(108)) - fdc42406-f03d-49b8-be8d-aa07467fef04: shutdown fdc42406-f03d-49b8-be8d-aa07467fef04@group-CCD661E93E1F-FollowerState
2022-05-04 03:16:17,384 [grpc-default-executor-0] INFO  impl.RoleInfo (RoleInfo.java:updateAndGet(130)) - fdc42406-f03d-49b8-be8d-aa07467fef04: start fdc42406-f03d-49b8-be8d-aa07467fef04@group-CCD661E93E1F-FollowerState
2022-05-04 03:16:17,384 [fdc42406-f03d-49b8-be8d-aa07467fef04@group-CCD661E93E1F-FollowerState] INFO  impl.FollowerState (FollowerState.java:run(143)) - fdc42406-f03d-49b8-be8d-aa07467fef04@group-CCD661E93E1F-FollowerState was interrupted: {}
java.lang.InterruptedException: sleep interrupted
	at java.lang.Thread.sleep(Native Method)
	at java.lang.Thread.sleep(Thread.java:342)
	at java.util.concurrent.TimeUnit.sleep(TimeUnit.java:386)
	at org.apache.ratis.util.TimeDuration.sleep(TimeDuration.java:324)
	at org.apache.ratis.util.TimeDuration.sleep(TimeDuration.java:309)
	at org.apache.ratis.server.impl.FollowerState.run(FollowerState.java:118)
2022-05-04 03:16:17,414 [grpc-default-executor-0] INFO  server.RaftServer$Division (RaftServerImpl.java:requestVote(1078)) - fdc42406-f03d-49b8-be8d-aa07467fef04@group-CCD661E93E1F replies to ELECTION vote request: e0500e2c-224c-46df-a4cf-d9aa21623822<-fdc42406-f03d-49b8-be8d-aa07467fef04#0:OK-t1. Peer's state: fdc42406-f03d-49b8-be8d-aa07467fef04@group-CCD661E93E1F:t1, leader=null, voted=e0500e2c-224c-46df-a4cf-d9aa21623822, raftlog=fdc42406-f03d-49b8-be8d-aa07467fef04@group-CCD661E93E1F-SegmentedRaftLog:OPENED:c-1, conf=-1: [023e6ea0-0ef1-4794-8f75-07cc698c5b0d|rpc:10.1.0.22:42169|dataStream:|priority:1, fdc42406-f03d-49b8-be8d-aa07467fef04|rpc:10.1.0.22:46357|dataStream:|priority:0, e0500e2c-224c-46df-a4cf-d9aa21623822|rpc:10.1.0.22:41873|dataStream:|priority:0], old=null
2022-05-04 03:16:17,416 [e0500e2c-224c-46df-a4cf-d9aa21623822@group-C03C4DE04B1A-LeaderElection50] INFO  impl.LeaderElection (LeaderElection.java:askForVotes(306)) - e0500e2c-224c-46df-a4cf-d9aa21623822@group-C03C4DE04B1A-LeaderElection50 ELECTION round 0: submit vote requests at term 1 for -1: [e0500e2c-224c-46df-a4cf-d9aa21623822|rpc:10.1.0.22:41873|priority:1], old=null
2022-05-04 03:16:17,416 [e0500e2c-224c-46df-a4cf-d9aa21623822@group-C03C4DE04B1A-LeaderElection50] INFO  impl.LeaderElection (LeaderElection.java:askForVotes(308)) - e0500e2c-224c-46df-a4cf-d9aa21623822@group-C03C4DE04B1A-LeaderElection50 ELECTION round 0: result PASSED (term=1)
2022-05-04 03:16:17,416 [e0500e2c-224c-46df-a4cf-d9aa21623822@group-C03C4DE04B1A-LeaderElection50] INFO  impl.RoleInfo (RoleInfo.java:shutdownLeaderElection(121)) - e0500e2c-224c-46df-a4cf-d9aa21623822: shutdown e0500e2c-224c-46df-a4cf-d9aa21623822@group-C03C4DE04B1A-LeaderElection50
2022-05-04 03:16:17,416 [e0500e2c-224c-46df-a4cf-d9aa21623822@group-C03C4DE04B1A-LeaderElection50] INFO  server.RaftServer$Division (RaftServerImpl.java:setRole(290)) - e0500e2c-224c-46df-a4cf-d9aa21623822@group-C03C4DE04B1A: changes role from CANDIDATE to LEADER at term 1 for changeToLeader
2022-05-04 03:16:17,416 [e0500e2c-224c-46df-a4cf-d9aa21623822@group-C03C4DE04B1A-LeaderElection50] INFO  ratis.XceiverServerRatis (XceiverServerRatis.java:handleLeaderChangedNotification(863)) - Leader change notification received for group: group-C03C4DE04B1A with new leaderId: e0500e2c-224c-46df-a4cf-d9aa21623822
2022-05-04 03:16:17,416 [e0500e2c-224c-46df-a4cf-d9aa21623822@group-C03C4DE04B1A-LeaderElection50] INFO  server.RaftServer$Division (ServerState.java:setLeader(285)) - e0500e2c-224c-46df-a4cf-d9aa21623822@group-C03C4DE04B1A: change Leader from null to e0500e2c-224c-46df-a4cf-d9aa21623822 at term 1 for becomeLeader, leader elected after 5380ms
2022-05-04 03:16:17,416 [e0500e2c-224c-46df-a4cf-d9aa21623822@group-C03C4DE04B1A-LeaderElection50] INFO  server.RaftServerConfigKeys (ConfUtils.java:logGet(44)) - raft.server.staging.catchup.gap = 1000 (default)
2022-05-04 03:16:17,416 [e0500e2c-224c-46df-a4cf-d9aa21623822@group-C03C4DE04B1A-LeaderElection50] INFO  server.RaftServerConfigKeys (ConfUtils.java:logGet(44)) - raft.server.write.element-limit = 1024 (custom)
2022-05-04 03:16:17,416 [e0500e2c-224c-46df-a4cf-d9aa21623822@group-C03C4DE04B1A-LeaderElection50] INFO  server.RaftServerConfigKeys (ConfUtils.java:logGet(44)) - raft.server.write.byte-limit = 1024 M (=1073741824) (custom)
2022-05-04 03:16:17,417 [e0500e2c-224c-46df-a4cf-d9aa21623822@group-C03C4DE04B1A-LeaderElection50] INFO  server.RaftServerConfigKeys (ConfUtils.java:logGet(44)) - raft.server.watch.timeout = 180s (custom)
2022-05-04 03:16:17,417 [e0500e2c-224c-46df-a4cf-d9aa21623822@group-C03C4DE04B1A-LeaderElection50] INFO  server.RaftServerConfigKeys (ConfUtils.java:logGet(44)) - raft.server.watch.timeout.denomination = 1s (default)
2022-05-04 03:16:17,417 [e0500e2c-224c-46df-a4cf-d9aa21623822@group-C03C4DE04B1A-LeaderElection50] INFO  server.RaftServerConfigKeys (ConfUtils.java:logGet(44)) - raft.server.watch.element-limit = 65536 (default)
2022-05-04 03:16:17,417 [e0500e2c-224c-46df-a4cf-d9aa21623822@group-C03C4DE04B1A-LeaderElection50] INFO  server.RaftServerConfigKeys (ConfUtils.java:logGet(44)) - raft.server.write.element-limit = 1024 (custom)
2022-05-04 03:16:17,417 [e0500e2c-224c-46df-a4cf-d9aa21623822@group-C03C4DE04B1A-LeaderElection50] INFO  server.RaftServerConfigKeys (ConfUtils.java:logGet(44)) - raft.server.write.follower.gap.ratio.max = -1.0 (default)
2022-05-04 03:16:17,417 [e0500e2c-224c-46df-a4cf-d9aa21623822@group-C03C4DE04B1A-LeaderElection50] INFO  impl.RoleInfo (RoleInfo.java:updateAndGet(130)) - e0500e2c-224c-46df-a4cf-d9aa21623822: start e0500e2c-224c-46df-a4cf-d9aa21623822@group-C03C4DE04B1A-LeaderStateImpl
2022-05-04 03:16:17,418 [e0500e2c-224c-46df-a4cf-d9aa21623822@group-C03C4DE04B1A-LeaderElection50] INFO  segmented.SegmentedRaftLogWorker (SegmentedRaftLogWorker.java:startLogSegment(394)) - e0500e2c-224c-46df-a4cf-d9aa21623822@group-C03C4DE04B1A-SegmentedRaftLogWorker: Starting segment from index:0
2022-05-04 03:16:17,432 [e0500e2c-224c-46df-a4cf-d9aa21623822@group-C03C4DE04B1A-SegmentedRaftLogWorker] INFO  segmented.SegmentedRaftLogWorker (SegmentedRaftLogWorker.java:execute(601)) - e0500e2c-224c-46df-a4cf-d9aa21623822@group-C03C4DE04B1A-SegmentedRaftLogWorker: created new log segment /home/runner/work/ozone/ozone/hadoop-ozone/integration-test/target/test-dir/MiniOzoneClusterImpl-cc5aeae0-6f4d-475e-97ef-958bfb15a03d/datanode-0/data/ratis/df0789d2-cc12-4792-9afe-c03c4de04b1a/current/log_inprogress_0
2022-05-04 03:16:17,477 [e0500e2c-224c-46df-a4cf-d9aa21623822@group-C03C4DE04B1A-LeaderElection50] INFO  server.RaftServer$Division (ServerState.java:setRaftConf(387)) - e0500e2c-224c-46df-a4cf-d9aa21623822@group-C03C4DE04B1A: set configuration 0: [e0500e2c-224c-46df-a4cf-d9aa21623822|rpc:10.1.0.22:41873|dataStream:|priority:1], old=null
2022-05-04 03:16:17,486 [EventQueue-OpenPipelineForHealthyPipelineSafeModeRule] INFO  safemode.SCMSafeModeManager (HealthyPipelineSafeModeRule.java:process(124)) - SCM in safe mode. Healthy pipelines reported count is 0, required healthy pipeline reported count is 1
2022-05-04 03:16:17,615 [e0500e2c-224c-46df-a4cf-d9aa21623822@group-BD3AB19C8CD0-FollowerState] INFO  impl.FollowerState (FollowerState.java:run(134)) - e0500e2c-224c-46df-a4cf-d9aa21623822@group-BD3AB19C8CD0-FollowerState: change to CANDIDATE, lastRpcElapsedTime:5016140398ns, electionTimeout:5015ms
2022-05-04 03:16:17,616 [e0500e2c-224c-46df-a4cf-d9aa21623822@group-BD3AB19C8CD0-FollowerState] INFO  impl.RoleInfo (RoleInfo.java:shutdownFollowerState(108)) - e0500e2c-224c-46df-a4cf-d9aa21623822: shutdown e0500e2c-224c-46df-a4cf-d9aa21623822@group-BD3AB19C8CD0-FollowerState
2022-05-04 03:16:17,616 [e0500e2c-224c-46df-a4cf-d9aa21623822@group-BD3AB19C8CD0-FollowerState] INFO  server.RaftServer$Division (RaftServerImpl.java:setRole(290)) - e0500e2c-224c-46df-a4cf-d9aa21623822@group-BD3AB19C8CD0: changes role from  FOLLOWER to CANDIDATE at term 0 for changeToCandidate
2022-05-04 03:16:17,616 [e0500e2c-224c-46df-a4cf-d9aa21623822@group-BD3AB19C8CD0-FollowerState] INFO  server.RaftServerConfigKeys (ConfUtils.java:logGet(44)) - raft.server.leaderelection.pre-vote = false (custom)
2022-05-04 03:16:17,616 [e0500e2c-224c-46df-a4cf-d9aa21623822@group-BD3AB19C8CD0-FollowerState] INFO  impl.RoleInfo (RoleInfo.java:updateAndGet(130)) - e0500e2c-224c-46df-a4cf-d9aa21623822: start e0500e2c-224c-46df-a4cf-d9aa21623822@group-BD3AB19C8CD0-LeaderElection51
2022-05-04 03:16:17,642 [e0500e2c-224c-46df-a4cf-d9aa21623822@group-BD3AB19C8CD0-LeaderElection51] INFO  impl.LeaderElection (LeaderElection.java:askForVotes(306)) - e0500e2c-224c-46df-a4cf-d9aa21623822@group-BD3AB19C8CD0-LeaderElection51 ELECTION round 0: submit vote requests at term 1 for -1: [023e6ea0-0ef1-4794-8f75-07cc698c5b0d|rpc:10.1.0.22:42169|priority:0, fdc42406-f03d-49b8-be8d-aa07467fef04|rpc:10.1.0.22:46357|priority:1, e0500e2c-224c-46df-a4cf-d9aa21623822|rpc:10.1.0.22:41873|priority:0], old=null
2022-05-04 03:16:17,664 [grpc-default-executor-0] INFO  server.RaftServer$Division (RaftServerImpl.java:requestVote(1046)) - 023e6ea0-0ef1-4794-8f75-07cc698c5b0d@group-BD3AB19C8CD0: receive requestVote(ELECTION, e0500e2c-224c-46df-a4cf-d9aa21623822, group-BD3AB19C8CD0, 1, (t:0, i:0))
2022-05-04 03:16:17,664 [grpc-default-executor-0] INFO  impl.VoteContext (VoteContext.java:log(48)) - 023e6ea0-0ef1-4794-8f75-07cc698c5b0d@group-BD3AB19C8CD0-FOLLOWER: accept ELECTION from e0500e2c-224c-46df-a4cf-d9aa21623822: our priority 0 <= candidate's priority 0
2022-05-04 03:16:17,664 [grpc-default-executor-0] INFO  server.RaftServer$Division (RaftServerImpl.java:setRole(290)) - 023e6ea0-0ef1-4794-8f75-07cc698c5b0d@group-BD3AB19C8CD0: changes role from  FOLLOWER to FOLLOWER at term 1 for candidate:e0500e2c-224c-46df-a4cf-d9aa21623822
2022-05-04 03:16:17,664 [grpc-default-executor-0] INFO  impl.RoleInfo (RoleInfo.java:shutdownFollowerState(108)) - 023e6ea0-0ef1-4794-8f75-07cc698c5b0d: shutdown 023e6ea0-0ef1-4794-8f75-07cc698c5b0d@group-BD3AB19C8CD0-FollowerState
2022-05-04 03:16:17,664 [grpc-default-executor-0] INFO  impl.RoleInfo (RoleInfo.java:updateAndGet(130)) - 023e6ea0-0ef1-4794-8f75-07cc698c5b0d: start 023e6ea0-0ef1-4794-8f75-07cc698c5b0d@group-BD3AB19C8CD0-FollowerState
2022-05-04 03:16:17,664 [023e6ea0-0ef1-4794-8f75-07cc698c5b0d@group-BD3AB19C8CD0-FollowerState] INFO  impl.FollowerState (FollowerState.java:run(143)) - 023e6ea0-0ef1-4794-8f75-07cc698c5b0d@group-BD3AB19C8CD0-FollowerState was interrupted: {}
java.lang.InterruptedException: sleep interrupted
	at java.lang.Thread.sleep(Native Method)
	at java.lang.Thread.sleep(Thread.java:342)
	at java.util.concurrent.TimeUnit.sleep(TimeUnit.java:386)
	at org.apache.ratis.util.TimeDuration.sleep(TimeDuration.java:324)
	at org.apache.ratis.util.TimeDuration.sleep(TimeDuration.java:309)
	at org.apache.ratis.server.impl.FollowerState.run(FollowerState.java:118)
2022-05-04 03:16:17,674 [grpc-default-executor-1] INFO  server.RaftServer$Division (RaftServerImpl.java:requestVote(1046)) - fdc42406-f03d-49b8-be8d-aa07467fef04@group-BD3AB19C8CD0: receive requestVote(ELECTION, e0500e2c-224c-46df-a4cf-d9aa21623822, group-BD3AB19C8CD0, 1, (t:0, i:0))
2022-05-04 03:16:17,698 [grpc-default-executor-1] INFO  impl.VoteContext (VoteContext.java:log(48)) - fdc42406-f03d-49b8-be8d-aa07467fef04@group-BD3AB19C8CD0-FOLLOWER: reject ELECTION from e0500e2c-224c-46df-a4cf-d9aa21623822: our priority 1 > candidate's priority 0
2022-05-04 03:16:17,698 [grpc-default-executor-1] INFO  server.RaftServer$Division (RaftServerImpl.java:setRole(290)) - fdc42406-f03d-49b8-be8d-aa07467fef04@group-BD3AB19C8CD0: changes role from  FOLLOWER to FOLLOWER at term 1 for candidate:e0500e2c-224c-46df-a4cf-d9aa21623822
2022-05-04 03:16:17,698 [grpc-default-executor-1] INFO  impl.RoleInfo (RoleInfo.java:shutdownFollowerState(108)) - fdc42406-f03d-49b8-be8d-aa07467fef04: shutdown fdc42406-f03d-49b8-be8d-aa07467fef04@group-BD3AB19C8CD0-FollowerState
2022-05-04 03:16:17,698 [grpc-default-executor-1] INFO  impl.RoleInfo (RoleInfo.java:updateAndGet(130)) - fdc42406-f03d-49b8-be8d-aa07467fef04: start fdc42406-f03d-49b8-be8d-aa07467fef04@group-BD3AB19C8CD0-FollowerState
2022-05-04 03:16:17,666 [grpc-default-executor-0] INFO  server.RaftServer$Division (RaftServerImpl.java:requestVote(1078)) - 023e6ea0-0ef1-4794-8f75-07cc698c5b0d@group-BD3AB19C8CD0 replies to ELECTION vote request: e0500e2c-224c-46df-a4cf-d9aa21623822<-023e6ea0-0ef1-4794-8f75-07cc698c5b0d#0:OK-t1. Peer's state: 023e6ea0-0ef1-4794-8f75-07cc698c5b0d@group-BD3AB19C8CD0:t1, leader=null, voted=e0500e2c-224c-46df-a4cf-d9aa21623822, raftlog=023e6ea0-0ef1-4794-8f75-07cc698c5b0d@group-BD3AB19C8CD0-SegmentedRaftLog:OPENED:c-1, conf=-1: [023e6ea0-0ef1-4794-8f75-07cc698c5b0d|rpc:10.1.0.22:42169|dataStream:|priority:0, fdc42406-f03d-49b8-be8d-aa07467fef04|rpc:10.1.0.22:46357|dataStream:|priority:1, e0500e2c-224c-46df-a4cf-d9aa21623822|rpc:10.1.0.22:41873|dataStream:|priority:0], old=null
2022-05-04 03:16:17,702 [fdc42406-f03d-49b8-be8d-aa07467fef04@group-BD3AB19C8CD0-FollowerState] INFO  impl.FollowerState (FollowerState.java:run(143)) - fdc42406-f03d-49b8-be8d-aa07467fef04@group-BD3AB19C8CD0-FollowerState was interrupted: {}
java.lang.InterruptedException: sleep interrupted
	at java.lang.Thread.sleep(Native Method)
	at java.lang.Thread.sleep(Thread.java:342)
	at java.util.concurrent.TimeUnit.sleep(TimeUnit.java:386)
	at org.apache.ratis.util.TimeDuration.sleep(TimeDuration.java:324)
	at org.apache.ratis.util.TimeDuration.sleep(TimeDuration.java:309)
	at org.apache.ratis.server.impl.FollowerState.run(FollowerState.java:118)
2022-05-04 03:16:17,706 [grpc-default-executor-1] INFO  server.RaftServer$Division (RaftServerImpl.java:requestVote(1078)) - fdc42406-f03d-49b8-be8d-aa07467fef04@group-BD3AB19C8CD0 replies to ELECTION vote request: e0500e2c-224c-46df-a4cf-d9aa21623822<-fdc42406-f03d-49b8-be8d-aa07467fef04#0:FAIL-t1. Peer's state: fdc42406-f03d-49b8-be8d-aa07467fef04@group-BD3AB19C8CD0:t1, leader=null, voted=null, raftlog=fdc42406-f03d-49b8-be8d-aa07467fef04@group-BD3AB19C8CD0-SegmentedRaftLog:OPENED:c-1, conf=-1: [023e6ea0-0ef1-4794-8f75-07cc698c5b0d|rpc:10.1.0.22:42169|dataStream:|priority:0, fdc42406-f03d-49b8-be8d-aa07467fef04|rpc:10.1.0.22:46357|dataStream:|priority:1, e0500e2c-224c-46df-a4cf-d9aa21623822|rpc:10.1.0.22:41873|dataStream:|priority:0], old=null
2022-05-04 03:16:17,719 [e0500e2c-224c-46df-a4cf-d9aa21623822@group-BD3AB19C8CD0-LeaderElection51] INFO  impl.LeaderElection (LeaderElection.java:logAndReturn(89)) - e0500e2c-224c-46df-a4cf-d9aa21623822@group-BD3AB19C8CD0-LeaderElection51: ELECTION REJECTED received 1 response(s) and 0 exception(s):
2022-05-04 03:16:17,719 [e0500e2c-224c-46df-a4cf-d9aa21623822@group-BD3AB19C8CD0-LeaderElection51] INFO  impl.LeaderElection (LeaderElection.java:logAndReturn(93)) -   Response 0: e0500e2c-224c-46df-a4cf-d9aa21623822<-fdc42406-f03d-49b8-be8d-aa07467fef04#0:FAIL-t1
2022-05-04 03:16:17,719 [e0500e2c-224c-46df-a4cf-d9aa21623822@group-BD3AB19C8CD0-LeaderElection51] INFO  impl.LeaderElection (LeaderElection.java:askForVotes(308)) - e0500e2c-224c-46df-a4cf-d9aa21623822@group-BD3AB19C8CD0-LeaderElection51 ELECTION round 0: result REJECTED
2022-05-04 03:16:17,719 [e0500e2c-224c-46df-a4cf-d9aa21623822@group-BD3AB19C8CD0-LeaderElection51] INFO  server.RaftServer$Division (RaftServerImpl.java:setRole(290)) - e0500e2c-224c-46df-a4cf-d9aa21623822@group-BD3AB19C8CD0: changes role from CANDIDATE to FOLLOWER at term 1 for REJECTED
2022-05-04 03:16:17,719 [e0500e2c-224c-46df-a4cf-d9aa21623822@group-BD3AB19C8CD0-LeaderElection51] INFO  impl.RoleInfo (RoleInfo.java:shutdownLeaderElection(121)) - e0500e2c-224c-46df-a4cf-d9aa21623822: shutdown e0500e2c-224c-46df-a4cf-d9aa21623822@group-BD3AB19C8CD0-LeaderElection51
2022-05-04 03:16:17,719 [e0500e2c-224c-46df-a4cf-d9aa21623822@group-BD3AB19C8CD0-LeaderElection51] INFO  impl.RoleInfo (RoleInfo.java:updateAndGet(130)) - e0500e2c-224c-46df-a4cf-d9aa21623822: start e0500e2c-224c-46df-a4cf-d9aa21623822@group-BD3AB19C8CD0-FollowerState
2022-05-04 03:16:18,198 [023e6ea0-0ef1-4794-8f75-07cc698c5b0d@group-67833FCEB3D6-FollowerState] INFO  impl.FollowerState (FollowerState.java:run(134)) - 023e6ea0-0ef1-4794-8f75-07cc698c5b0d@group-67833FCEB3D6-FollowerState: change to CANDIDATE, lastRpcElapsedTime:5057043091ns, electionTimeout:5029ms
2022-05-04 03:16:18,198 [023e6ea0-0ef1-4794-8f75-07cc698c5b0d@group-67833FCEB3D6-FollowerState] INFO  impl.RoleInfo (RoleInfo.java:shutdownFollowerState(108)) - 023e6ea0-0ef1-4794-8f75-07cc698c5b0d: shutdown 023e6ea0-0ef1-4794-8f75-07cc698c5b0d@group-67833FCEB3D6-FollowerState
2022-05-04 03:16:18,198 [023e6ea0-0ef1-4794-8f75-07cc698c5b0d@group-67833FCEB3D6-FollowerState] INFO  server.RaftServer$Division (RaftServerImpl.java:setRole(290)) - 023e6ea0-0ef1-4794-8f75-07cc698c5b0d@group-67833FCEB3D6: changes role from  FOLLOWER to CANDIDATE at term 0 for changeToCandidate
2022-05-04 03:16:18,199 [023e6ea0-0ef1-4794-8f75-07cc698c5b0d@group-67833FCEB3D6-FollowerState] INFO  server.RaftServerConfigKeys (ConfUtils.java:logGet(44)) - raft.server.leaderelection.pre-vote = false (custom)
2022-05-04 03:16:18,199 [023e6ea0-0ef1-4794-8f75-07cc698c5b0d@group-67833FCEB3D6-FollowerState] INFO  impl.RoleInfo (RoleInfo.java:updateAndGet(130)) - 023e6ea0-0ef1-4794-8f75-07cc698c5b0d: start 023e6ea0-0ef1-4794-8f75-07cc698c5b0d@group-67833FCEB3D6-LeaderElection52
2022-05-04 03:16:18,234 [023e6ea0-0ef1-4794-8f75-07cc698c5b0d@group-67833FCEB3D6-LeaderElection52] INFO  impl.LeaderElection (LeaderElection.java:askForVotes(306)) - 023e6ea0-0ef1-4794-8f75-07cc698c5b0d@group-67833FCEB3D6-LeaderElection52 ELECTION round 0: submit vote requests at term 1 for -1: [023e6ea0-0ef1-4794-8f75-07cc698c5b0d|rpc:10.1.0.22:42169|priority:1], old=null
2022-05-04 03:16:18,234 [023e6ea0-0ef1-4794-8f75-07cc698c5b0d@group-67833FCEB3D6-LeaderElection52] INFO  impl.LeaderElection (LeaderElection.java:askForVotes(308)) - 023e6ea0-0ef1-4794-8f75-07cc698c5b0d@group-67833FCEB3D6-LeaderElection52 ELECTION round 0: result PASSED (term=1)
2022-05-04 03:16:18,234 [023e6ea0-0ef1-4794-8f75-07cc698c5b0d@group-67833FCEB3D6-LeaderElection52] INFO  impl.RoleInfo (RoleInfo.java:shutdownLeaderElection(121)) - 023e6ea0-0ef1-4794-8f75-07cc698c5b0d: shutdown 023e6ea0-0ef1-4794-8f75-07cc698c5b0d@group-67833FCEB3D6-LeaderElection52
2022-05-04 03:16:18,234 [023e6ea0-0ef1-4794-8f75-07cc698c5b0d@group-67833FCEB3D6-LeaderElection52] INFO  server.RaftServer$Division (RaftServerImpl.java:setRole(290)) - 023e6ea0-0ef1-4794-8f75-07cc698c5b0d@group-67833FCEB3D6: changes role from CANDIDATE to LEADER at term 1 for changeToLeader
2022-05-04 03:16:18,234 [023e6ea0-0ef1-4794-8f75-07cc698c5b0d@group-67833FCEB3D6-LeaderElection52] INFO  ratis.XceiverServerRatis (XceiverServerRatis.java:handleLeaderChangedNotification(863)) - Leader change notification received for group: group-67833FCEB3D6 with new leaderId: 023e6ea0-0ef1-4794-8f75-07cc698c5b0d
2022-05-04 03:16:18,234 [023e6ea0-0ef1-4794-8f75-07cc698c5b0d@group-67833FCEB3D6-LeaderElection52] INFO  server.RaftServer$Division (ServerState.java:setLeader(285)) - 023e6ea0-0ef1-4794-8f75-07cc698c5b0d@group-67833FCEB3D6: change Leader from null to 023e6ea0-0ef1-4794-8f75-07cc698c5b0d at term 1 for becomeLeader, leader elected after 5115ms
2022-05-04 03:16:18,234 [023e6ea0-0ef1-4794-8f75-07cc698c5b0d@group-67833FCEB3D6-LeaderElection52] INFO  server.RaftServerConfigKeys (ConfUtils.java:logGet(44)) - raft.server.staging.catchup.gap = 1000 (default)
2022-05-04 03:16:18,238 [023e6ea0-0ef1-4794-8f75-07cc698c5b0d@group-67833FCEB3D6-LeaderElection52] INFO  server.RaftServerConfigKeys (ConfUtils.java:logGet(44)) - raft.server.write.element-limit = 1024 (custom)
2022-05-04 03:16:18,238 [023e6ea0-0ef1-4794-8f75-07cc698c5b0d@group-67833FCEB3D6-LeaderElection52] INFO  server.RaftServerConfigKeys (ConfUtils.java:logGet(44)) - raft.server.write.byte-limit = 1024 M (=1073741824) (custom)
2022-05-04 03:16:18,238 [023e6ea0-0ef1-4794-8f75-07cc698c5b0d@group-67833FCEB3D6-LeaderElection52] INFO  server.RaftServerConfigKeys (ConfUtils.java:logGet(44)) - raft.server.watch.timeout = 180s (custom)
2022-05-04 03:16:18,240 [EventQueue-OpenPipelineForHealthyPipelineSafeModeRule] INFO  safemode.SCMSafeModeManager (HealthyPipelineSafeModeRule.java:process(124)) - SCM in safe mode. Healthy pipelines reported count is 0, required healthy pipeline reported count is 1
2022-05-04 03:16:18,241 [023e6ea0-0ef1-4794-8f75-07cc698c5b0d@group-67833FCEB3D6-LeaderElection52] INFO  server.RaftServerConfigKeys (ConfUtils.java:logGet(44)) - raft.server.watch.timeout.denomination = 1s (default)
2022-05-04 03:16:18,241 [023e6ea0-0ef1-4794-8f75-07cc698c5b0d@group-67833FCEB3D6-LeaderElection52] INFO  server.RaftServerConfigKeys (ConfUtils.java:logGet(44)) - raft.server.watch.element-limit = 65536 (default)
2022-05-04 03:16:18,241 [023e6ea0-0ef1-4794-8f75-07cc698c5b0d@group-67833FCEB3D6-LeaderElection52] INFO  server.RaftServerConfigKeys (ConfUtils.java:logGet(44)) - raft.server.write.element-limit = 1024 (custom)
2022-05-04 03:16:18,241 [023e6ea0-0ef1-4794-8f75-07cc698c5b0d@group-67833FCEB3D6-LeaderElection52] INFO  server.RaftServerConfigKeys (ConfUtils.java:logGet(44)) - raft.server.write.follower.gap.ratio.max = -1.0 (default)
2022-05-04 03:16:18,241 [023e6ea0-0ef1-4794-8f75-07cc698c5b0d@group-67833FCEB3D6-LeaderElection52] INFO  impl.RoleInfo (RoleInfo.java:updateAndGet(130)) - 023e6ea0-0ef1-4794-8f75-07cc698c5b0d: start 023e6ea0-0ef1-4794-8f75-07cc698c5b0d@group-67833FCEB3D6-LeaderStateImpl
2022-05-04 03:16:18,241 [023e6ea0-0ef1-4794-8f75-07cc698c5b0d@group-67833FCEB3D6-LeaderElection52] INFO  segmented.SegmentedRaftLogWorker (SegmentedRaftLogWorker.java:startLogSegment(394)) - 023e6ea0-0ef1-4794-8f75-07cc698c5b0d@group-67833FCEB3D6-SegmentedRaftLogWorker: Starting segment from index:0
2022-05-04 03:16:18,262 [023e6ea0-0ef1-4794-8f75-07cc698c5b0d@group-67833FCEB3D6-LeaderElection52] INFO  server.RaftServer$Division (ServerState.java:setRaftConf(387)) - 023e6ea0-0ef1-4794-8f75-07cc698c5b0d@group-67833FCEB3D6: set configuration 0: [023e6ea0-0ef1-4794-8f75-07cc698c5b0d|rpc:10.1.0.22:42169|dataStream:|priority:1], old=null
2022-05-04 03:16:18,264 [023e6ea0-0ef1-4794-8f75-07cc698c5b0d@group-67833FCEB3D6-SegmentedRaftLogWorker] INFO  segmented.SegmentedRaftLogWorker (SegmentedRaftLogWorker.java:execute(601)) - 023e6ea0-0ef1-4794-8f75-07cc698c5b0d@group-67833FCEB3D6-SegmentedRaftLogWorker: created new log segment /home/runner/work/ozone/ozone/hadoop-ozone/integration-test/target/test-dir/MiniOzoneClusterImpl-cc5aeae0-6f4d-475e-97ef-958bfb15a03d/datanode-1/data/ratis/502bef81-b19c-4324-a965-67833fceb3d6/current/log_inprogress_0
2022-05-04 03:16:18,336 [Listener at 127.0.0.1/37999] INFO  ozone.MiniOzoneClusterImpl (MiniOzoneClusterImpl.java:lambda$waitForClusterToBeReady$0(221)) - Nodes are ready. Got 5 of 5 DN Heartbeats.
2022-05-04 03:16:18,336 [Listener at 127.0.0.1/37999] INFO  ozone.MiniOzoneClusterImpl (MiniOzoneClusterImpl.java:lambda$waitForClusterToBeReady$0(224)) - Waiting for cluster to exit safe mode
2022-05-04 03:16:18,336 [Listener at 127.0.0.1/37999] INFO  ozone.MiniOzoneClusterImpl (MiniOzoneClusterImpl.java:lambda$waitForClusterToBeReady$0(226)) - SCM became leader
2022-05-04 03:16:19,015 [fdc42406-f03d-49b8-be8d-aa07467fef04@group-91C243C0887C-FollowerState] INFO  impl.FollowerState (FollowerState.java:run(134)) - fdc42406-f03d-49b8-be8d-aa07467fef04@group-91C243C0887C-FollowerState: change to CANDIDATE, lastRpcElapsedTime:5108528083ns, electionTimeout:5104ms
2022-05-04 03:16:19,016 [fdc42406-f03d-49b8-be8d-aa07467fef04@group-91C243C0887C-FollowerState] INFO  impl.RoleInfo (RoleInfo.java:shutdownFollowerState(108)) - fdc42406-f03d-49b8-be8d-aa07467fef04: shutdown fdc42406-f03d-49b8-be8d-aa07467fef04@group-91C243C0887C-FollowerState
2022-05-04 03:16:19,016 [fdc42406-f03d-49b8-be8d-aa07467fef04@group-91C243C0887C-FollowerState] INFO  server.RaftServer$Division (RaftServerImpl.java:setRole(290)) - fdc42406-f03d-49b8-be8d-aa07467fef04@group-91C243C0887C: changes role from  FOLLOWER to CANDIDATE at term 0 for changeToCandidate
2022-05-04 03:16:19,016 [fdc42406-f03d-49b8-be8d-aa07467fef04@group-91C243C0887C-FollowerState] INFO  server.RaftServerConfigKeys (ConfUtils.java:logGet(44)) - raft.server.leaderelection.pre-vote = false (custom)
2022-05-04 03:16:19,016 [fdc42406-f03d-49b8-be8d-aa07467fef04@group-91C243C0887C-FollowerState] INFO  impl.RoleInfo (RoleInfo.java:updateAndGet(130)) - fdc42406-f03d-49b8-be8d-aa07467fef04: start fdc42406-f03d-49b8-be8d-aa07467fef04@group-91C243C0887C-LeaderElection53
2022-05-04 03:16:19,070 [fdc42406-f03d-49b8-be8d-aa07467fef04@group-91C243C0887C-LeaderElection53] INFO  impl.LeaderElection (LeaderElection.java:askForVotes(306)) - fdc42406-f03d-49b8-be8d-aa07467fef04@group-91C243C0887C-LeaderElection53 ELECTION round 0: submit vote requests at term 1 for -1: [fdc42406-f03d-49b8-be8d-aa07467fef04|rpc:10.1.0.22:46357|priority:1], old=null
2022-05-04 03:16:19,070 [fdc42406-f03d-49b8-be8d-aa07467fef04@group-91C243C0887C-LeaderElection53] INFO  impl.LeaderElection (LeaderElection.java:askForVotes(308)) - fdc42406-f03d-49b8-be8d-aa07467fef04@group-91C243C0887C-LeaderElection53 ELECTION round 0: result PASSED (term=1)
2022-05-04 03:16:19,070 [fdc42406-f03d-49b8-be8d-aa07467fef04@group-91C243C0887C-LeaderElection53] INFO  impl.RoleInfo (RoleInfo.java:shutdownLeaderElection(121)) - fdc42406-f03d-49b8-be8d-aa07467fef04: shutdown fdc42406-f03d-49b8-be8d-aa07467fef04@group-91C243C0887C-LeaderElection53
2022-05-04 03:16:19,070 [fdc42406-f03d-49b8-be8d-aa07467fef04@group-91C243C0887C-LeaderElection53] INFO  server.RaftServer$Division (RaftServerImpl.java:setRole(290)) - fdc42406-f03d-49b8-be8d-aa07467fef04@group-91C243C0887C: changes role from CANDIDATE to LEADER at term 1 for changeToLeader
2022-05-04 03:16:19,070 [fdc42406-f03d-49b8-be8d-aa07467fef04@group-91C243C0887C-LeaderElection53] INFO  ratis.XceiverServerRatis (XceiverServerRatis.java:handleLeaderChangedNotification(863)) - Leader change notification received for group: group-91C243C0887C with new leaderId: fdc42406-f03d-49b8-be8d-aa07467fef04
2022-05-04 03:16:19,071 [fdc42406-f03d-49b8-be8d-aa07467fef04@group-91C243C0887C-LeaderElection53] INFO  server.RaftServer$Division (ServerState.java:setLeader(285)) - fdc42406-f03d-49b8-be8d-aa07467fef04@group-91C243C0887C: change Leader from null to fdc42406-f03d-49b8-be8d-aa07467fef04 at term 1 for becomeLeader, leader elected after 5187ms
2022-05-04 03:16:19,071 [fdc42406-f03d-49b8-be8d-aa07467fef04@group-91C243C0887C-LeaderElection53] INFO  server.RaftServerConfigKeys (ConfUtils.java:logGet(44)) - raft.server.staging.catchup.gap = 1000 (default)
2022-05-04 03:16:19,071 [fdc42406-f03d-49b8-be8d-aa07467fef04@group-91C243C0887C-LeaderElection53] INFO  server.RaftServerConfigKeys (ConfUtils.java:logGet(44)) - raft.server.write.element-limit = 1024 (custom)
2022-05-04 03:16:19,073 [EventQueue-OpenPipelineForHealthyPipelineSafeModeRule] INFO  safemode.SCMSafeModeManager (HealthyPipelineSafeModeRule.java:process(124)) - SCM in safe mode. Healthy pipelines reported count is 0, required healthy pipeline reported count is 1
2022-05-04 03:16:19,073 [fdc42406-f03d-49b8-be8d-aa07467fef04@group-91C243C0887C-LeaderElection53] INFO  server.RaftServerConfigKeys (ConfUtils.java:logGet(44)) - raft.server.write.byte-limit = 1024 M (=1073741824) (custom)
2022-05-04 03:16:19,074 [fdc42406-f03d-49b8-be8d-aa07467fef04@group-91C243C0887C-LeaderElection53] INFO  server.RaftServerConfigKeys (ConfUtils.java:logGet(44)) - raft.server.watch.timeout = 180s (custom)
2022-05-04 03:16:19,074 [fdc42406-f03d-49b8-be8d-aa07467fef04@group-91C243C0887C-LeaderElection53] INFO  server.RaftServerConfigKeys (ConfUtils.java:logGet(44)) - raft.server.watch.timeout.denomination = 1s (default)
2022-05-04 03:16:19,074 [fdc42406-f03d-49b8-be8d-aa07467fef04@group-91C243C0887C-LeaderElection53] INFO  server.RaftServerConfigKeys (ConfUtils.java:logGet(44)) - raft.server.watch.element-limit = 65536 (default)
2022-05-04 03:16:19,074 [fdc42406-f03d-49b8-be8d-aa07467fef04@group-91C243C0887C-LeaderElection53] INFO  server.RaftServerConfigKeys (ConfUtils.java:logGet(44)) - raft.server.write.element-limit = 1024 (custom)
2022-05-04 03:16:19,074 [fdc42406-f03d-49b8-be8d-aa07467fef04@group-91C243C0887C-LeaderElection53] INFO  server.RaftServerConfigKeys (ConfUtils.java:logGet(44)) - raft.server.write.follower.gap.ratio.max = -1.0 (default)
2022-05-04 03:16:19,077 [fdc42406-f03d-49b8-be8d-aa07467fef04@group-91C243C0887C-LeaderElection53] INFO  impl.RoleInfo (RoleInfo.java:updateAndGet(130)) - fdc42406-f03d-49b8-be8d-aa07467fef04: start fdc42406-f03d-49b8-be8d-aa07467fef04@group-91C243C0887C-LeaderStateImpl
2022-05-04 03:16:19,077 [fdc42406-f03d-49b8-be8d-aa07467fef04@group-91C243C0887C-LeaderElection53] INFO  segmented.SegmentedRaftLogWorker (SegmentedRaftLogWorker.java:startLogSegment(394)) - fdc42406-f03d-49b8-be8d-aa07467fef04@group-91C243C0887C-SegmentedRaftLogWorker: Starting segment from index:0
2022-05-04 03:16:19,080 [fdc42406-f03d-49b8-be8d-aa07467fef04@group-91C243C0887C-SegmentedRaftLogWorker] INFO  segmented.SegmentedRaftLogWorker (SegmentedRaftLogWorker.java:execute(601)) - fdc42406-f03d-49b8-be8d-aa07467fef04@group-91C243C0887C-SegmentedRaftLogWorker: created new log segment /home/runner/work/ozone/ozone/hadoop-ozone/integration-test/target/test-dir/MiniOzoneClusterImpl-cc5aeae0-6f4d-475e-97ef-958bfb15a03d/datanode-2/data/ratis/68712df7-9eba-4dd8-b8b3-91c243c0887c/current/log_inprogress_0
2022-05-04 03:16:19,097 [fdc42406-f03d-49b8-be8d-aa07467fef04@group-91C243C0887C-LeaderElection53] INFO  server.RaftServer$Division (ServerState.java:setRaftConf(387)) - fdc42406-f03d-49b8-be8d-aa07467fef04@group-91C243C0887C: set configuration 0: [fdc42406-f03d-49b8-be8d-aa07467fef04|rpc:10.1.0.22:46357|dataStream:|priority:1], old=null
2022-05-04 03:16:19,337 [Listener at 127.0.0.1/37999] INFO  ozone.MiniOzoneClusterImpl (MiniOzoneClusterImpl.java:lambda$waitForClusterToBeReady$0(221)) - Nodes are ready. Got 5 of 5 DN Heartbeats.
2022-05-04 03:16:19,337 [Listener at 127.0.0.1/37999] INFO  ozone.MiniOzoneClusterImpl (MiniOzoneClusterImpl.java:lambda$waitForClusterToBeReady$0(224)) - Waiting for cluster to exit safe mode
2022-05-04 03:16:19,337 [Listener at 127.0.0.1/37999] INFO  ozone.MiniOzoneClusterImpl (MiniOzoneClusterImpl.java:lambda$waitForClusterToBeReady$0(226)) - SCM became leader
2022-05-04 03:16:19,688 [a0b83c72-bcfb-411f-a16b-571d8bd3b520@group-81BFDD13166D-FollowerState] INFO  impl.FollowerState (FollowerState.java:run(134)) - a0b83c72-bcfb-411f-a16b-571d8bd3b520@group-81BFDD13166D-FollowerState: change to CANDIDATE, lastRpcElapsedTime:5043387035ns, electionTimeout:5038ms
2022-05-04 03:16:19,689 [a0b83c72-bcfb-411f-a16b-571d8bd3b520@group-81BFDD13166D-FollowerState] INFO  impl.RoleInfo (RoleInfo.java:shutdownFollowerState(108)) - a0b83c72-bcfb-411f-a16b-571d8bd3b520: shutdown a0b83c72-bcfb-411f-a16b-571d8bd3b520@group-81BFDD13166D-FollowerState
2022-05-04 03:16:19,689 [a0b83c72-bcfb-411f-a16b-571d8bd3b520@group-81BFDD13166D-FollowerState] INFO  server.RaftServer$Division (RaftServerImpl.java:setRole(290)) - a0b83c72-bcfb-411f-a16b-571d8bd3b520@group-81BFDD13166D: changes role from  FOLLOWER to CANDIDATE at term 0 for changeToCandidate
2022-05-04 03:16:19,689 [a0b83c72-bcfb-411f-a16b-571d8bd3b520@group-81BFDD13166D-FollowerState] INFO  server.RaftServerConfigKeys (ConfUtils.java:logGet(44)) - raft.server.leaderelection.pre-vote = false (custom)
2022-05-04 03:16:19,689 [a0b83c72-bcfb-411f-a16b-571d8bd3b520@group-81BFDD13166D-FollowerState] INFO  impl.RoleInfo (RoleInfo.java:updateAndGet(130)) - a0b83c72-bcfb-411f-a16b-571d8bd3b520: start a0b83c72-bcfb-411f-a16b-571d8bd3b520@group-81BFDD13166D-LeaderElection54
2022-05-04 03:16:19,716 [a0b83c72-bcfb-411f-a16b-571d8bd3b520@group-81BFDD13166D-LeaderElection54] INFO  impl.LeaderElection (LeaderElection.java:askForVotes(306)) - a0b83c72-bcfb-411f-a16b-571d8bd3b520@group-81BFDD13166D-LeaderElection54 ELECTION round 0: submit vote requests at term 1 for -1: [a0b83c72-bcfb-411f-a16b-571d8bd3b520|rpc:10.1.0.22:41023|priority:1], old=null
2022-05-04 03:16:19,716 [a0b83c72-bcfb-411f-a16b-571d8bd3b520@group-81BFDD13166D-LeaderElection54] INFO  impl.LeaderElection (LeaderElection.java:askForVotes(308)) - a0b83c72-bcfb-411f-a16b-571d8bd3b520@group-81BFDD13166D-LeaderElection54 ELECTION round 0: result PASSED (term=1)
2022-05-04 03:16:19,716 [a0b83c72-bcfb-411f-a16b-571d8bd3b520@group-81BFDD13166D-LeaderElection54] INFO  impl.RoleInfo (RoleInfo.java:shutdownLeaderElection(121)) - a0b83c72-bcfb-411f-a16b-571d8bd3b520: shutdown a0b83c72-bcfb-411f-a16b-571d8bd3b520@group-81BFDD13166D-LeaderElection54
2022-05-04 03:16:19,716 [a0b83c72-bcfb-411f-a16b-571d8bd3b520@group-81BFDD13166D-LeaderElection54] INFO  server.RaftServer$Division (RaftServerImpl.java:setRole(290)) - a0b83c72-bcfb-411f-a16b-571d8bd3b520@group-81BFDD13166D: changes role from CANDIDATE to LEADER at term 1 for changeToLeader
2022-05-04 03:16:19,716 [a0b83c72-bcfb-411f-a16b-571d8bd3b520@group-81BFDD13166D-LeaderElection54] INFO  ratis.XceiverServerRatis (XceiverServerRatis.java:handleLeaderChangedNotification(863)) - Leader change notification received for group: group-81BFDD13166D with new leaderId: a0b83c72-bcfb-411f-a16b-571d8bd3b520
2022-05-04 03:16:19,721 [a0b83c72-bcfb-411f-a16b-571d8bd3b520@group-81BFDD13166D-LeaderElection54] INFO  server.RaftServer$Division (ServerState.java:setLeader(285)) - a0b83c72-bcfb-411f-a16b-571d8bd3b520@group-81BFDD13166D: change Leader from null to a0b83c72-bcfb-411f-a16b-571d8bd3b520 at term 1 for becomeLeader, leader elected after 5082ms
2022-05-04 03:16:19,721 [a0b83c72-bcfb-411f-a16b-571d8bd3b520@group-81BFDD13166D-LeaderElection54] INFO  server.RaftServerConfigKeys (ConfUtils.java:logGet(44)) - raft.server.staging.catchup.gap = 1000 (default)
2022-05-04 03:16:19,721 [a0b83c72-bcfb-411f-a16b-571d8bd3b520@group-81BFDD13166D-LeaderElection54] INFO  server.RaftServerConfigKeys (ConfUtils.java:logGet(44)) - raft.server.write.element-limit = 1024 (custom)
2022-05-04 03:16:19,721 [a0b83c72-bcfb-411f-a16b-571d8bd3b520@group-81BFDD13166D-LeaderElection54] INFO  server.RaftServerConfigKeys (ConfUtils.java:logGet(44)) - raft.server.write.byte-limit = 1024 M (=1073741824) (custom)
2022-05-04 03:16:19,721 [a0b83c72-bcfb-411f-a16b-571d8bd3b520@group-81BFDD13166D-LeaderElection54] INFO  server.RaftServerConfigKeys (ConfUtils.java:logGet(44)) - raft.server.watch.timeout = 180s (custom)
2022-05-04 03:16:19,721 [a0b83c72-bcfb-411f-a16b-571d8bd3b520@group-81BFDD13166D-LeaderElection54] INFO  server.RaftServerConfigKeys (ConfUtils.java:logGet(44)) - raft.server.watch.timeout.denomination = 1s (default)
2022-05-04 03:16:19,721 [a0b83c72-bcfb-411f-a16b-571d8bd3b520@group-81BFDD13166D-LeaderElection54] INFO  server.RaftServerConfigKeys (ConfUtils.java:logGet(44)) - raft.server.watch.element-limit = 65536 (default)
2022-05-04 03:16:19,722 [a0b83c72-bcfb-411f-a16b-571d8bd3b520@group-81BFDD13166D-LeaderElection54] INFO  server.RaftServerConfigKeys (ConfUtils.java:logGet(44)) - raft.server.write.element-limit = 1024 (custom)
2022-05-04 03:16:19,722 [a0b83c72-bcfb-411f-a16b-571d8bd3b520@group-81BFDD13166D-LeaderElection54] INFO  server.RaftServerConfigKeys (ConfUtils.java:logGet(44)) - raft.server.write.follower.gap.ratio.max = -1.0 (default)
2022-05-04 03:16:19,722 [a0b83c72-bcfb-411f-a16b-571d8bd3b520@group-81BFDD13166D-LeaderElection54] INFO  impl.RoleInfo (RoleInfo.java:updateAndGet(130)) - a0b83c72-bcfb-411f-a16b-571d8bd3b520: start a0b83c72-bcfb-411f-a16b-571d8bd3b520@group-81BFDD13166D-LeaderStateImpl
2022-05-04 03:16:19,722 [a0b83c72-bcfb-411f-a16b-571d8bd3b520@group-81BFDD13166D-LeaderElection54] INFO  segmented.SegmentedRaftLogWorker (SegmentedRaftLogWorker.java:startLogSegment(394)) - a0b83c72-bcfb-411f-a16b-571d8bd3b520@group-81BFDD13166D-SegmentedRaftLogWorker: Starting segment from index:0
2022-05-04 03:16:19,725 [a0b83c72-bcfb-411f-a16b-571d8bd3b520@group-81BFDD13166D-SegmentedRaftLogWorker] INFO  segmented.SegmentedRaftLogWorker (SegmentedRaftLogWorker.java:execute(601)) - a0b83c72-bcfb-411f-a16b-571d8bd3b520@group-81BFDD13166D-SegmentedRaftLogWorker: created new log segment /home/runner/work/ozone/ozone/hadoop-ozone/integration-test/target/test-dir/MiniOzoneClusterImpl-cc5aeae0-6f4d-475e-97ef-958bfb15a03d/datanode-3/data/ratis/ea9fd48c-23f9-4796-ba23-81bfdd13166d/current/log_inprogress_0
2022-05-04 03:16:19,747 [a0b83c72-bcfb-411f-a16b-571d8bd3b520@group-81BFDD13166D-LeaderElection54] INFO  server.RaftServer$Division (ServerState.java:setRaftConf(387)) - a0b83c72-bcfb-411f-a16b-571d8bd3b520@group-81BFDD13166D: set configuration 0: [a0b83c72-bcfb-411f-a16b-571d8bd3b520|rpc:10.1.0.22:41023|dataStream:|priority:1], old=null
2022-05-04 03:16:19,754 [EventQueue-OpenPipelineForHealthyPipelineSafeModeRule] INFO  safemode.SCMSafeModeManager (HealthyPipelineSafeModeRule.java:process(124)) - SCM in safe mode. Healthy pipelines reported count is 0, required healthy pipeline reported count is 1
2022-05-04 03:16:20,337 [Listener at 127.0.0.1/37999] INFO  ozone.MiniOzoneClusterImpl (MiniOzoneClusterImpl.java:lambda$waitForClusterToBeReady$0(221)) - Nodes are ready. Got 5 of 5 DN Heartbeats.
2022-05-04 03:16:20,337 [Listener at 127.0.0.1/37999] INFO  ozone.MiniOzoneClusterImpl (MiniOzoneClusterImpl.java:lambda$waitForClusterToBeReady$0(224)) - Waiting for cluster to exit safe mode
2022-05-04 03:16:20,338 [Listener at 127.0.0.1/37999] INFO  ozone.MiniOzoneClusterImpl (MiniOzoneClusterImpl.java:lambda$waitForClusterToBeReady$0(226)) - SCM became leader
2022-05-04 03:16:20,576 [caf96a51-3937-4eef-9499-ab2654641799@group-CB6C8CCA78B7-FollowerState] INFO  impl.FollowerState (FollowerState.java:run(134)) - caf96a51-3937-4eef-9499-ab2654641799@group-CB6C8CCA78B7-FollowerState: change to CANDIDATE, lastRpcElapsedTime:5085433734ns, electionTimeout:5084ms
2022-05-04 03:16:20,576 [caf96a51-3937-4eef-9499-ab2654641799@group-CB6C8CCA78B7-FollowerState] INFO  impl.RoleInfo (RoleInfo.java:shutdownFollowerState(108)) - caf96a51-3937-4eef-9499-ab2654641799: shutdown caf96a51-3937-4eef-9499-ab2654641799@group-CB6C8CCA78B7-FollowerState
2022-05-04 03:16:20,576 [caf96a51-3937-4eef-9499-ab2654641799@group-CB6C8CCA78B7-FollowerState] INFO  server.RaftServer$Division (RaftServerImpl.java:setRole(290)) - caf96a51-3937-4eef-9499-ab2654641799@group-CB6C8CCA78B7: changes role from  FOLLOWER to CANDIDATE at term 0 for changeToCandidate
2022-05-04 03:16:20,576 [caf96a51-3937-4eef-9499-ab2654641799@group-CB6C8CCA78B7-FollowerState] INFO  server.RaftServerConfigKeys (ConfUtils.java:logGet(44)) - raft.server.leaderelection.pre-vote = false (custom)
2022-05-04 03:16:20,576 [caf96a51-3937-4eef-9499-ab2654641799@group-CB6C8CCA78B7-FollowerState] INFO  impl.RoleInfo (RoleInfo.java:updateAndGet(130)) - caf96a51-3937-4eef-9499-ab2654641799: start caf96a51-3937-4eef-9499-ab2654641799@group-CB6C8CCA78B7-LeaderElection55
2022-05-04 03:16:20,613 [caf96a51-3937-4eef-9499-ab2654641799@group-CB6C8CCA78B7-LeaderElection55] INFO  impl.LeaderElection (LeaderElection.java:askForVotes(306)) - caf96a51-3937-4eef-9499-ab2654641799@group-CB6C8CCA78B7-LeaderElection55 ELECTION round 0: submit vote requests at term 1 for -1: [caf96a51-3937-4eef-9499-ab2654641799|rpc:10.1.0.22:39685|priority:1], old=null
2022-05-04 03:16:20,613 [caf96a51-3937-4eef-9499-ab2654641799@group-CB6C8CCA78B7-LeaderElection55] INFO  impl.LeaderElection (LeaderElection.java:askForVotes(308)) - caf96a51-3937-4eef-9499-ab2654641799@group-CB6C8CCA78B7-LeaderElection55 ELECTION round 0: result PASSED (term=1)
2022-05-04 03:16:20,613 [caf96a51-3937-4eef-9499-ab2654641799@group-CB6C8CCA78B7-LeaderElection55] INFO  impl.RoleInfo (RoleInfo.java:shutdownLeaderElection(121)) - caf96a51-3937-4eef-9499-ab2654641799: shutdown caf96a51-3937-4eef-9499-ab2654641799@group-CB6C8CCA78B7-LeaderElection55
2022-05-04 03:16:20,613 [caf96a51-3937-4eef-9499-ab2654641799@group-CB6C8CCA78B7-LeaderElection55] INFO  server.RaftServer$Division (RaftServerImpl.java:setRole(290)) - caf96a51-3937-4eef-9499-ab2654641799@group-CB6C8CCA78B7: changes role from CANDIDATE to LEADER at term 1 for changeToLeader
2022-05-04 03:16:20,613 [caf96a51-3937-4eef-9499-ab2654641799@group-CB6C8CCA78B7-LeaderElection55] INFO  ratis.XceiverServerRatis (XceiverServerRatis.java:handleLeaderChangedNotification(863)) - Leader change notification received for group: group-CB6C8CCA78B7 with new leaderId: caf96a51-3937-4eef-9499-ab2654641799
2022-05-04 03:16:20,613 [caf96a51-3937-4eef-9499-ab2654641799@group-CB6C8CCA78B7-LeaderElection55] INFO  server.RaftServer$Division (ServerState.java:setLeader(285)) - caf96a51-3937-4eef-9499-ab2654641799@group-CB6C8CCA78B7: change Leader from null to caf96a51-3937-4eef-9499-ab2654641799 at term 1 for becomeLeader, leader elected after 5157ms
2022-05-04 03:16:20,613 [caf96a51-3937-4eef-9499-ab2654641799@group-CB6C8CCA78B7-LeaderElection55] INFO  server.RaftServerConfigKeys (ConfUtils.java:logGet(44)) - raft.server.staging.catchup.gap = 1000 (default)
2022-05-04 03:16:20,614 [caf96a51-3937-4eef-9499-ab2654641799@group-CB6C8CCA78B7-LeaderElection55] INFO  server.RaftServerConfigKeys (ConfUtils.java:logGet(44)) - raft.server.write.element-limit = 1024 (custom)
2022-05-04 03:16:20,614 [caf96a51-3937-4eef-9499-ab2654641799@group-CB6C8CCA78B7-LeaderElection55] INFO  server.RaftServerConfigKeys (ConfUtils.java:logGet(44)) - raft.server.write.byte-limit = 1024 M (=1073741824) (custom)
2022-05-04 03:16:20,615 [caf96a51-3937-4eef-9499-ab2654641799@group-CB6C8CCA78B7-LeaderElection55] INFO  server.RaftServerConfigKeys (ConfUtils.java:logGet(44)) - raft.server.watch.timeout = 180s (custom)
2022-05-04 03:16:20,615 [caf96a51-3937-4eef-9499-ab2654641799@group-CB6C8CCA78B7-LeaderElection55] INFO  server.RaftServerConfigKeys (ConfUtils.java:logGet(44)) - raft.server.watch.timeout.denomination = 1s (default)
2022-05-04 03:16:20,615 [caf96a51-3937-4eef-9499-ab2654641799@group-CB6C8CCA78B7-LeaderElection55] INFO  server.RaftServerConfigKeys (ConfUtils.java:logGet(44)) - raft.server.watch.element-limit = 65536 (default)
2022-05-04 03:16:20,615 [EventQueue-OpenPipelineForHealthyPipelineSafeModeRule] INFO  safemode.SCMSafeModeManager (HealthyPipelineSafeModeRule.java:process(124)) - SCM in safe mode. Healthy pipelines reported count is 0, required healthy pipeline reported count is 1
2022-05-04 03:16:20,615 [caf96a51-3937-4eef-9499-ab2654641799@group-CB6C8CCA78B7-LeaderElection55] INFO  server.RaftServerConfigKeys (ConfUtils.java:logGet(44)) - raft.server.write.element-limit = 1024 (custom)
2022-05-04 03:16:20,617 [caf96a51-3937-4eef-9499-ab2654641799@group-CB6C8CCA78B7-LeaderElection55] INFO  server.RaftServerConfigKeys (ConfUtils.java:logGet(44)) - raft.server.write.follower.gap.ratio.max = -1.0 (default)
2022-05-04 03:16:20,617 [caf96a51-3937-4eef-9499-ab2654641799@group-CB6C8CCA78B7-LeaderElection55] INFO  impl.RoleInfo (RoleInfo.java:updateAndGet(130)) - caf96a51-3937-4eef-9499-ab2654641799: start caf96a51-3937-4eef-9499-ab2654641799@group-CB6C8CCA78B7-LeaderStateImpl
2022-05-04 03:16:20,617 [caf96a51-3937-4eef-9499-ab2654641799@group-CB6C8CCA78B7-LeaderElection55] INFO  segmented.SegmentedRaftLogWorker (SegmentedRaftLogWorker.java:startLogSegment(394)) - caf96a51-3937-4eef-9499-ab2654641799@group-CB6C8CCA78B7-SegmentedRaftLogWorker: Starting segment from index:0
2022-05-04 03:16:20,620 [caf96a51-3937-4eef-9499-ab2654641799@group-CB6C8CCA78B7-LeaderElection55] INFO  server.RaftServer$Division (ServerState.java:setRaftConf(387)) - caf96a51-3937-4eef-9499-ab2654641799@group-CB6C8CCA78B7: set configuration 0: [caf96a51-3937-4eef-9499-ab2654641799|rpc:10.1.0.22:39685|dataStream:|priority:1], old=null
2022-05-04 03:16:20,637 [caf96a51-3937-4eef-9499-ab2654641799@group-CB6C8CCA78B7-SegmentedRaftLogWorker] INFO  segmented.SegmentedRaftLogWorker (SegmentedRaftLogWorker.java:execute(601)) - caf96a51-3937-4eef-9499-ab2654641799@group-CB6C8CCA78B7-SegmentedRaftLogWorker: created new log segment /home/runner/work/ozone/ozone/hadoop-ozone/integration-test/target/test-dir/MiniOzoneClusterImpl-cc5aeae0-6f4d-475e-97ef-958bfb15a03d/datanode-4/data/ratis/2da107c3-baad-46ec-ab1c-cb6c8cca78b7/current/log_inprogress_0
2022-05-04 03:16:21,338 [Listener at 127.0.0.1/37999] INFO  ozone.MiniOzoneClusterImpl (MiniOzoneClusterImpl.java:lambda$waitForClusterToBeReady$0(221)) - Nodes are ready. Got 5 of 5 DN Heartbeats.
2022-05-04 03:16:21,338 [Listener at 127.0.0.1/37999] INFO  ozone.MiniOzoneClusterImpl (MiniOzoneClusterImpl.java:lambda$waitForClusterToBeReady$0(224)) - Waiting for cluster to exit safe mode
2022-05-04 03:16:21,338 [Listener at 127.0.0.1/37999] INFO  ozone.MiniOzoneClusterImpl (MiniOzoneClusterImpl.java:lambda$waitForClusterToBeReady$0(226)) - SCM became leader
2022-05-04 03:16:22,339 [Listener at 127.0.0.1/37999] INFO  ozone.MiniOzoneClusterImpl (MiniOzoneClusterImpl.java:lambda$waitForClusterToBeReady$0(221)) - Nodes are ready. Got 5 of 5 DN Heartbeats.
2022-05-04 03:16:22,339 [Listener at 127.0.0.1/37999] INFO  ozone.MiniOzoneClusterImpl (MiniOzoneClusterImpl.java:lambda$waitForClusterToBeReady$0(224)) - Waiting for cluster to exit safe mode
2022-05-04 03:16:22,339 [Listener at 127.0.0.1/37999] INFO  ozone.MiniOzoneClusterImpl (MiniOzoneClusterImpl.java:lambda$waitForClusterToBeReady$0(226)) - SCM became leader
2022-05-04 03:16:22,438 [023e6ea0-0ef1-4794-8f75-07cc698c5b0d@group-CCD661E93E1F-FollowerState] INFO  impl.FollowerState (FollowerState.java:run(134)) - 023e6ea0-0ef1-4794-8f75-07cc698c5b0d@group-CCD661E93E1F-FollowerState: change to CANDIDATE, lastRpcElapsedTime:5119114936ns, electionTimeout:5099ms
2022-05-04 03:16:22,439 [023e6ea0-0ef1-4794-8f75-07cc698c5b0d@group-CCD661E93E1F-FollowerState] INFO  impl.RoleInfo (RoleInfo.java:shutdownFollowerState(108)) - 023e6ea0-0ef1-4794-8f75-07cc698c5b0d: shutdown 023e6ea0-0ef1-4794-8f75-07cc698c5b0d@group-CCD661E93E1F-FollowerState
2022-05-04 03:16:22,439 [023e6ea0-0ef1-4794-8f75-07cc698c5b0d@group-CCD661E93E1F-FollowerState] INFO  server.RaftServer$Division (RaftServerImpl.java:setRole(290)) - 023e6ea0-0ef1-4794-8f75-07cc698c5b0d@group-CCD661E93E1F: changes role from  FOLLOWER to CANDIDATE at term 1 for changeToCandidate
2022-05-04 03:16:22,439 [023e6ea0-0ef1-4794-8f75-07cc698c5b0d@group-CCD661E93E1F-FollowerState] INFO  server.RaftServerConfigKeys (ConfUtils.java:logGet(44)) - raft.server.leaderelection.pre-vote = false (custom)
2022-05-04 03:16:22,439 [023e6ea0-0ef1-4794-8f75-07cc698c5b0d@group-CCD661E93E1F-FollowerState] INFO  impl.RoleInfo (RoleInfo.java:updateAndGet(130)) - 023e6ea0-0ef1-4794-8f75-07cc698c5b0d: start 023e6ea0-0ef1-4794-8f75-07cc698c5b0d@group-CCD661E93E1F-LeaderElection56
2022-05-04 03:16:22,472 [023e6ea0-0ef1-4794-8f75-07cc698c5b0d@group-CCD661E93E1F-LeaderElection56] INFO  impl.LeaderElection (LeaderElection.java:askForVotes(306)) - 023e6ea0-0ef1-4794-8f75-07cc698c5b0d@group-CCD661E93E1F-LeaderElection56 ELECTION round 0: submit vote requests at term 2 for -1: [023e6ea0-0ef1-4794-8f75-07cc698c5b0d|rpc:10.1.0.22:42169|dataStream:|priority:1, fdc42406-f03d-49b8-be8d-aa07467fef04|rpc:10.1.0.22:46357|dataStream:|priority:0, e0500e2c-224c-46df-a4cf-d9aa21623822|rpc:10.1.0.22:41873|dataStream:|priority:0], old=null
2022-05-04 03:16:22,481 [e0500e2c-224c-46df-a4cf-d9aa21623822@group-CCD661E93E1F-FollowerState] INFO  impl.FollowerState (FollowerState.java:run(134)) - e0500e2c-224c-46df-a4cf-d9aa21623822@group-CCD661E93E1F-FollowerState: change to CANDIDATE, lastRpcElapsedTime:5098011829ns, electionTimeout:5097ms
2022-05-04 03:16:22,481 [e0500e2c-224c-46df-a4cf-d9aa21623822@group-CCD661E93E1F-FollowerState] INFO  impl.RoleInfo (RoleInfo.java:shutdownFollowerState(108)) - e0500e2c-224c-46df-a4cf-d9aa21623822: shutdown e0500e2c-224c-46df-a4cf-d9aa21623822@group-CCD661E93E1F-FollowerState
2022-05-04 03:16:22,481 [e0500e2c-224c-46df-a4cf-d9aa21623822@group-CCD661E93E1F-FollowerState] INFO  server.RaftServer$Division (RaftServerImpl.java:setRole(290)) - e0500e2c-224c-46df-a4cf-d9aa21623822@group-CCD661E93E1F: changes role from  FOLLOWER to CANDIDATE at term 1 for changeToCandidate
2022-05-04 03:16:22,498 [e0500e2c-224c-46df-a4cf-d9aa21623822@group-CCD661E93E1F-FollowerState] INFO  server.RaftServerConfigKeys (ConfUtils.java:logGet(44)) - raft.server.leaderelection.pre-vote = false (custom)
2022-05-04 03:16:22,498 [e0500e2c-224c-46df-a4cf-d9aa21623822@group-CCD661E93E1F-FollowerState] INFO  impl.RoleInfo (RoleInfo.java:updateAndGet(130)) - e0500e2c-224c-46df-a4cf-d9aa21623822: start e0500e2c-224c-46df-a4cf-d9aa21623822@group-CCD661E93E1F-LeaderElection57
2022-05-04 03:16:22,536 [grpc-default-executor-1] INFO  server.RaftServer$Division (RaftServerImpl.java:requestVote(1046)) - fdc42406-f03d-49b8-be8d-aa07467fef04@group-CCD661E93E1F: receive requestVote(ELECTION, 023e6ea0-0ef1-4794-8f75-07cc698c5b0d, group-CCD661E93E1F, 2, (t:0, i:0))
2022-05-04 03:16:22,537 [grpc-default-executor-1] INFO  impl.VoteContext (VoteContext.java:log(48)) - fdc42406-f03d-49b8-be8d-aa07467fef04@group-CCD661E93E1F-FOLLOWER: accept ELECTION from 023e6ea0-0ef1-4794-8f75-07cc698c5b0d: our priority 0 <= candidate's priority 1
2022-05-04 03:16:22,537 [grpc-default-executor-1] INFO  server.RaftServer$Division (RaftServerImpl.java:setRole(290)) - fdc42406-f03d-49b8-be8d-aa07467fef04@group-CCD661E93E1F: changes role from  FOLLOWER to FOLLOWER at term 2 for candidate:023e6ea0-0ef1-4794-8f75-07cc698c5b0d
2022-05-04 03:16:22,537 [grpc-default-executor-1] INFO  impl.RoleInfo (RoleInfo.java:shutdownFollowerState(108)) - fdc42406-f03d-49b8-be8d-aa07467fef04: shutdown fdc42406-f03d-49b8-be8d-aa07467fef04@group-CCD661E93E1F-FollowerState
2022-05-04 03:16:22,537 [grpc-default-executor-1] INFO  impl.RoleInfo (RoleInfo.java:updateAndGet(130)) - fdc42406-f03d-49b8-be8d-aa07467fef04: start fdc42406-f03d-49b8-be8d-aa07467fef04@group-CCD661E93E1F-FollowerState
2022-05-04 03:16:22,537 [fdc42406-f03d-49b8-be8d-aa07467fef04@group-CCD661E93E1F-FollowerState] INFO  impl.FollowerState (FollowerState.java:run(143)) - fdc42406-f03d-49b8-be8d-aa07467fef04@group-CCD661E93E1F-FollowerState was interrupted: {}
java.lang.InterruptedException: sleep interrupted
	at java.lang.Thread.sleep(Native Method)
	at java.lang.Thread.sleep(Thread.java:342)
	at java.util.concurrent.TimeUnit.sleep(TimeUnit.java:386)
	at org.apache.ratis.util.TimeDuration.sleep(TimeDuration.java:324)
	at org.apache.ratis.util.TimeDuration.sleep(TimeDuration.java:309)
	at org.apache.ratis.server.impl.FollowerState.run(FollowerState.java:118)
2022-05-04 03:16:22,544 [e0500e2c-224c-46df-a4cf-d9aa21623822@group-CCD661E93E1F-LeaderElection57] INFO  impl.LeaderElection (LeaderElection.java:askForVotes(306)) - e0500e2c-224c-46df-a4cf-d9aa21623822@group-CCD661E93E1F-LeaderElection57 ELECTION round 0: submit vote requests at term 2 for -1: [023e6ea0-0ef1-4794-8f75-07cc698c5b0d|rpc:10.1.0.22:42169|priority:1, fdc42406-f03d-49b8-be8d-aa07467fef04|rpc:10.1.0.22:46357|priority:0, e0500e2c-224c-46df-a4cf-d9aa21623822|rpc:10.1.0.22:41873|priority:0], old=null
2022-05-04 03:16:22,544 [grpc-default-executor-1] INFO  server.RaftServer$Division (RaftServerImpl.java:requestVote(1078)) - fdc42406-f03d-49b8-be8d-aa07467fef04@group-CCD661E93E1F replies to ELECTION vote request: 023e6ea0-0ef1-4794-8f75-07cc698c5b0d<-fdc42406-f03d-49b8-be8d-aa07467fef04#0:OK-t2. Peer's state: fdc42406-f03d-49b8-be8d-aa07467fef04@group-CCD661E93E1F:t2, leader=null, voted=023e6ea0-0ef1-4794-8f75-07cc698c5b0d, raftlog=fdc42406-f03d-49b8-be8d-aa07467fef04@group-CCD661E93E1F-SegmentedRaftLog:OPENED:c-1, conf=-1: [023e6ea0-0ef1-4794-8f75-07cc698c5b0d|rpc:10.1.0.22:42169|dataStream:|priority:1, fdc42406-f03d-49b8-be8d-aa07467fef04|rpc:10.1.0.22:46357|dataStream:|priority:0, e0500e2c-224c-46df-a4cf-d9aa21623822|rpc:10.1.0.22:41873|dataStream:|priority:0], old=null
2022-05-04 03:16:22,569 [grpc-default-executor-1] INFO  server.RaftServer$Division (RaftServerImpl.java:requestVote(1046)) - fdc42406-f03d-49b8-be8d-aa07467fef04@group-CCD661E93E1F: receive requestVote(ELECTION, e0500e2c-224c-46df-a4cf-d9aa21623822, group-CCD661E93E1F, 2, (t:0, i:0))
2022-05-04 03:16:22,569 [grpc-default-executor-1] INFO  impl.VoteContext (VoteContext.java:log(48)) - fdc42406-f03d-49b8-be8d-aa07467fef04@group-CCD661E93E1F-FOLLOWER: reject ELECTION from e0500e2c-224c-46df-a4cf-d9aa21623822: already has voted for 023e6ea0-0ef1-4794-8f75-07cc698c5b0d at current term 2
2022-05-04 03:16:22,569 [grpc-default-executor-1] INFO  server.RaftServer$Division (RaftServerImpl.java:requestVote(1078)) - fdc42406-f03d-49b8-be8d-aa07467fef04@group-CCD661E93E1F replies to ELECTION vote request: e0500e2c-224c-46df-a4cf-d9aa21623822<-fdc42406-f03d-49b8-be8d-aa07467fef04#0:FAIL-t2. Peer's state: fdc42406-f03d-49b8-be8d-aa07467fef04@group-CCD661E93E1F:t2, leader=null, voted=023e6ea0-0ef1-4794-8f75-07cc698c5b0d, raftlog=fdc42406-f03d-49b8-be8d-aa07467fef04@group-CCD661E93E1F-SegmentedRaftLog:OPENED:c-1, conf=-1: [023e6ea0-0ef1-4794-8f75-07cc698c5b0d|rpc:10.1.0.22:42169|dataStream:|priority:1, fdc42406-f03d-49b8-be8d-aa07467fef04|rpc:10.1.0.22:46357|dataStream:|priority:0, e0500e2c-224c-46df-a4cf-d9aa21623822|rpc:10.1.0.22:41873|dataStream:|priority:0], old=null
2022-05-04 03:16:22,584 [023e6ea0-0ef1-4794-8f75-07cc698c5b0d@group-CCD661E93E1F-LeaderElection56] INFO  impl.LeaderElection (LeaderElection.java:logAndReturn(89)) - 023e6ea0-0ef1-4794-8f75-07cc698c5b0d@group-CCD661E93E1F-LeaderElection56: ELECTION PASSED received 1 response(s) and 0 exception(s):
2022-05-04 03:16:22,584 [023e6ea0-0ef1-4794-8f75-07cc698c5b0d@group-CCD661E93E1F-LeaderElection56] INFO  impl.LeaderElection (LeaderElection.java:logAndReturn(93)) -   Response 0: 023e6ea0-0ef1-4794-8f75-07cc698c5b0d<-fdc42406-f03d-49b8-be8d-aa07467fef04#0:OK-t2
2022-05-04 03:16:22,584 [023e6ea0-0ef1-4794-8f75-07cc698c5b0d@group-CCD661E93E1F-LeaderElection56] INFO  impl.LeaderElection (LeaderElection.java:askForVotes(308)) - 023e6ea0-0ef1-4794-8f75-07cc698c5b0d@group-CCD661E93E1F-LeaderElection56 ELECTION round 0: result PASSED
2022-05-04 03:16:22,584 [023e6ea0-0ef1-4794-8f75-07cc698c5b0d@group-CCD661E93E1F-LeaderElection56] INFO  impl.RoleInfo (RoleInfo.java:shutdownLeaderElection(121)) - 023e6ea0-0ef1-4794-8f75-07cc698c5b0d: shutdown 023e6ea0-0ef1-4794-8f75-07cc698c5b0d@group-CCD661E93E1F-LeaderElection56
2022-05-04 03:16:22,584 [023e6ea0-0ef1-4794-8f75-07cc698c5b0d@group-CCD661E93E1F-LeaderElection56] INFO  server.RaftServer$Division (RaftServerImpl.java:setRole(290)) - 023e6ea0-0ef1-4794-8f75-07cc698c5b0d@group-CCD661E93E1F: changes role from CANDIDATE to LEADER at term 2 for changeToLeader
2022-05-04 03:16:22,584 [023e6ea0-0ef1-4794-8f75-07cc698c5b0d@group-CCD661E93E1F-LeaderElection56] INFO  ratis.XceiverServerRatis (XceiverServerRatis.java:handleLeaderChangedNotification(863)) - Leader change notification received for group: group-CCD661E93E1F with new leaderId: 023e6ea0-0ef1-4794-8f75-07cc698c5b0d
2022-05-04 03:16:22,585 [023e6ea0-0ef1-4794-8f75-07cc698c5b0d@group-CCD661E93E1F-LeaderElection56] INFO  server.RaftServer$Division (ServerState.java:setLeader(285)) - 023e6ea0-0ef1-4794-8f75-07cc698c5b0d@group-CCD661E93E1F: change Leader from null to 023e6ea0-0ef1-4794-8f75-07cc698c5b0d at term 2 for becomeLeader, leader elected after 10092ms
2022-05-04 03:16:22,585 [023e6ea0-0ef1-4794-8f75-07cc698c5b0d@group-CCD661E93E1F-LeaderElection56] INFO  server.RaftServerConfigKeys (ConfUtils.java:logGet(44)) - raft.server.staging.catchup.gap = 1000 (default)
2022-05-04 03:16:22,585 [023e6ea0-0ef1-4794-8f75-07cc698c5b0d@group-CCD661E93E1F-LeaderElection56] INFO  server.RaftServerConfigKeys (ConfUtils.java:logGet(44)) - raft.server.write.element-limit = 1024 (custom)
2022-05-04 03:16:22,585 [023e6ea0-0ef1-4794-8f75-07cc698c5b0d@group-CCD661E93E1F-LeaderElection56] INFO  server.RaftServerConfigKeys (ConfUtils.java:logGet(44)) - raft.server.write.byte-limit = 1024 M (=1073741824) (custom)
2022-05-04 03:16:22,586 [023e6ea0-0ef1-4794-8f75-07cc698c5b0d@group-CCD661E93E1F-LeaderElection56] INFO  server.RaftServerConfigKeys (ConfUtils.java:logGet(44)) - raft.server.watch.timeout = 180s (custom)
2022-05-04 03:16:22,586 [023e6ea0-0ef1-4794-8f75-07cc698c5b0d@group-CCD661E93E1F-LeaderElection56] INFO  server.RaftServerConfigKeys (ConfUtils.java:logGet(44)) - raft.server.watch.timeout.denomination = 1s (default)
2022-05-04 03:16:22,586 [023e6ea0-0ef1-4794-8f75-07cc698c5b0d@group-CCD661E93E1F-LeaderElection56] INFO  server.RaftServerConfigKeys (ConfUtils.java:logGet(44)) - raft.server.watch.element-limit = 65536 (default)
2022-05-04 03:16:22,586 [023e6ea0-0ef1-4794-8f75-07cc698c5b0d@group-CCD661E93E1F-LeaderElection56] INFO  server.RaftServerConfigKeys (ConfUtils.java:logGet(44)) - raft.server.write.element-limit = 1024 (custom)
2022-05-04 03:16:22,587 [EventQueue-PipelineReportForPipelineReportHandler] INFO  pipeline.PipelineManagerImpl (PipelineManagerImpl.java:openPipeline(328)) - Pipeline Pipeline[ Id: e8f2c910-ddc6-4ef1-b0c2-ccd661e93e1f, Nodes: fdc42406-f03d-49b8-be8d-aa07467fef04{ip: 10.1.0.22, host: fv-az270-73.tacnzluakwdehk1hpragurqkma.bx.internal.cloudapp.net, ports: [REPLICATION=39801, RATIS=46357, RATIS_ADMIN=46357, RATIS_SERVER=46357, STANDALONE=35609], networkLocation: /default-rack, certSerialId: null, persistedOpState: IN_SERVICE, persistedOpStateExpiryEpochSec: 0}e0500e2c-224c-46df-a4cf-d9aa21623822{ip: 10.1.0.22, host: fv-az270-73.tacnzluakwdehk1hpragurqkma.bx.internal.cloudapp.net, ports: [REPLICATION=36511, RATIS=41873, RATIS_ADMIN=41873, RATIS_SERVER=41873, STANDALONE=43807], networkLocation: /default-rack, certSerialId: null, persistedOpState: IN_SERVICE, persistedOpStateExpiryEpochSec: 0}023e6ea0-0ef1-4794-8f75-07cc698c5b0d{ip: 10.1.0.22, host: fv-az270-73.tacnzluakwdehk1hpragurqkma.bx.internal.cloudapp.net, ports: [REPLICATION=35965, RATIS=42169, RATIS_ADMIN=42169, RATIS_SERVER=42169, STANDALONE=46599], networkLocation: /default-rack, certSerialId: null, persistedOpState: IN_SERVICE, persistedOpStateExpiryEpochSec: 0}, ReplicationConfig: RATIS/THREE, State:ALLOCATED, leaderId:023e6ea0-0ef1-4794-8f75-07cc698c5b0d, CreationTimestamp2022-05-04T03:16:10.867Z[Etc/UTC]] moved to OPEN state
2022-05-04 03:16:22,588 [EventQueue-OpenPipelineForHealthyPipelineSafeModeRule] INFO  safemode.SCMSafeModeManager (HealthyPipelineSafeModeRule.java:process(124)) - SCM in safe mode. Healthy pipelines reported count is 1, required healthy pipeline reported count is 1
2022-05-04 03:16:22,588 [EventQueue-OpenPipelineForHealthyPipelineSafeModeRule] INFO  safemode.SCMSafeModeManager (SCMSafeModeManager.java:validateSafeModeExitRules(204)) - HealthyPipelineSafeModeRule rule is successfully validated
2022-05-04 03:16:22,588 [EventQueue-OpenPipelineForHealthyPipelineSafeModeRule] INFO  safemode.SCMSafeModeManager (SCMSafeModeManager.java:validateSafeModeExitRules(219)) - ScmSafeModeManager, all rules are successfully validated
2022-05-04 03:16:22,588 [EventQueue-OpenPipelineForHealthyPipelineSafeModeRule] INFO  safemode.SCMSafeModeManager (SCMSafeModeManager.java:exitSafeMode(248)) - SCM exiting safe mode.
2022-05-04 03:16:22,588 [EventQueue-OpenPipelineForHealthyPipelineSafeModeRule] WARN  events.EventQueue (EventQueue.java:fireEvent(194)) - No event handler registered for event TypedEvent{payloadType=SafeModeStatus, name='Safe mode status'}
2022-05-04 03:16:22,588 [EventQueue-OpenPipelineForHealthyPipelineSafeModeRule] INFO  ha.SCMContext (SCMContext.java:updateSafeModeStatus(211)) - Update SafeModeStatus from SafeModeStatus{safeModeStatus=true, preCheckPassed=true} to SafeModeStatus{safeModeStatus=false, preCheckPassed=true}.
2022-05-04 03:16:22,588 [EventQueue-OpenPipelineForHealthyPipelineSafeModeRule] INFO  pipeline.BackgroundPipelineCreator (BackgroundPipelineCreator.java:notifyStatusChanged(249)) - Service BackgroundPipelineCreator transitions to RUNNING.
2022-05-04 03:16:22,588 [EventQueue-OpenPipelineForHealthyPipelineSafeModeRule] INFO  pipeline.BackgroundPipelineScrubber (BackgroundPipelineScrubber.java:notifyStatusChanged(86)) - Service BackgroundPipelineScrubber transitions to RUNNING.
2022-05-04 03:16:22,588 [EventQueue-OpenPipelineForHealthyPipelineSafeModeRule] INFO  container.ReplicationManager (ReplicationManager.java:notifyStatusChanged(1815)) - Service ReplicationManager transitions to RUNNING.
2022-05-04 03:16:22,591 [023e6ea0-0ef1-4794-8f75-07cc698c5b0d@group-CCD661E93E1F-LeaderElection56] INFO  server.RaftServerConfigKeys (ConfUtils.java:logGet(44)) - raft.server.write.follower.gap.ratio.max = -1.0 (default)
2022-05-04 03:16:22,591 [023e6ea0-0ef1-4794-8f75-07cc698c5b0d@group-CCD661E93E1F-LeaderElection56] INFO  server.RaftServerConfigKeys (ConfUtils.java:logGet(44)) - raft.server.log.appender.snapshot.chunk.size.max = 16MB (=16777216) (default)
2022-05-04 03:16:22,591 [023e6ea0-0ef1-4794-8f75-07cc698c5b0d@group-CCD661E93E1F-LeaderElection56] INFO  server.RaftServerConfigKeys (ConfUtils.java:logGet(44)) - raft.server.log.appender.buffer.byte-limit = 33554432 (custom)
2022-05-04 03:16:22,591 [023e6ea0-0ef1-4794-8f75-07cc698c5b0d@group-CCD661E93E1F-LeaderElection56] INFO  server.RaftServerConfigKeys (ConfUtils.java:logGet(44)) - raft.server.log.appender.buffer.element-limit = 1 (custom)
2022-05-04 03:16:22,591 [023e6ea0-0ef1-4794-8f75-07cc698c5b0d@group-CCD661E93E1F-LeaderElection56] INFO  grpc.GrpcConfigKeys (ConfUtils.java:logGet(44)) - raft.grpc.server.leader.outstanding.appends.max = 128 (default)
2022-05-04 03:16:22,591 [023e6ea0-0ef1-4794-8f75-07cc698c5b0d@group-CCD661E93E1F-LeaderElection56] INFO  server.RaftServerConfigKeys (ConfUtils.java:logGet(44)) - raft.server.rpc.request.timeout = 60s (custom)
2022-05-04 03:16:22,591 [023e6ea0-0ef1-4794-8f75-07cc698c5b0d@group-CCD661E93E1F-LeaderElection56] INFO  server.RaftServerConfigKeys (ConfUtils.java:logGet(44)) - raft.server.log.appender.install.snapshot.enabled = false (custom)
2022-05-04 03:16:22,593 [023e6ea0-0ef1-4794-8f75-07cc698c5b0d@group-CCD661E93E1F-LeaderElection56] INFO  server.RaftServerConfigKeys (ConfUtils.java:logGet(44)) - raft.server.log.appender.snapshot.chunk.size.max = 16MB (=16777216) (default)
2022-05-04 03:16:22,593 [023e6ea0-0ef1-4794-8f75-07cc698c5b0d@group-CCD661E93E1F-LeaderElection56] INFO  server.RaftServerConfigKeys (ConfUtils.java:logGet(44)) - raft.server.log.appender.buffer.byte-limit = 33554432 (custom)
2022-05-04 03:16:22,593 [023e6ea0-0ef1-4794-8f75-07cc698c5b0d@group-CCD661E93E1F-LeaderElection56] INFO  server.RaftServerConfigKeys (ConfUtils.java:logGet(44)) - raft.server.log.appender.buffer.element-limit = 1 (custom)
2022-05-04 03:16:22,593 [023e6ea0-0ef1-4794-8f75-07cc698c5b0d@group-CCD661E93E1F-LeaderElection56] INFO  grpc.GrpcConfigKeys (ConfUtils.java:logGet(44)) - raft.grpc.server.leader.outstanding.appends.max = 128 (default)
2022-05-04 03:16:22,593 [023e6ea0-0ef1-4794-8f75-07cc698c5b0d@group-CCD661E93E1F-LeaderElection56] INFO  server.RaftServerConfigKeys (ConfUtils.java:logGet(44)) - raft.server.rpc.request.timeout = 60s (custom)
2022-05-04 03:16:22,593 [023e6ea0-0ef1-4794-8f75-07cc698c5b0d@group-CCD661E93E1F-LeaderElection56] INFO  server.RaftServerConfigKeys (ConfUtils.java:logGet(44)) - raft.server.log.appender.install.snapshot.enabled = false (custom)
2022-05-04 03:16:22,600 [grpc-default-executor-0] INFO  server.RaftServer$Division (RaftServerImpl.java:requestVote(1046)) - e0500e2c-224c-46df-a4cf-d9aa21623822@group-CCD661E93E1F: receive requestVote(ELECTION, 023e6ea0-0ef1-4794-8f75-07cc698c5b0d, group-CCD661E93E1F, 2, (t:0, i:0))
2022-05-04 03:16:22,600 [grpc-default-executor-0] INFO  impl.VoteContext (VoteContext.java:log(48)) - e0500e2c-224c-46df-a4cf-d9aa21623822@group-CCD661E93E1F-CANDIDATE: reject ELECTION from 023e6ea0-0ef1-4794-8f75-07cc698c5b0d: already has voted for e0500e2c-224c-46df-a4cf-d9aa21623822 at current term 2
2022-05-04 03:16:22,600 [grpc-default-executor-0] INFO  server.RaftServer$Division (RaftServerImpl.java:requestVote(1078)) - e0500e2c-224c-46df-a4cf-d9aa21623822@group-CCD661E93E1F replies to ELECTION vote request: 023e6ea0-0ef1-4794-8f75-07cc698c5b0d<-e0500e2c-224c-46df-a4cf-d9aa21623822#0:FAIL-t2. Peer's state: e0500e2c-224c-46df-a4cf-d9aa21623822@group-CCD661E93E1F:t2, leader=null, voted=e0500e2c-224c-46df-a4cf-d9aa21623822, raftlog=e0500e2c-224c-46df-a4cf-d9aa21623822@group-CCD661E93E1F-SegmentedRaftLog:OPENED:c-1, conf=-1: [023e6ea0-0ef1-4794-8f75-07cc698c5b0d|rpc:10.1.0.22:42169|priority:1, fdc42406-f03d-49b8-be8d-aa07467fef04|rpc:10.1.0.22:46357|priority:0, e0500e2c-224c-46df-a4cf-d9aa21623822|rpc:10.1.0.22:41873|priority:0], old=null
2022-05-04 03:16:22,601 [grpc-default-executor-1] INFO  server.RaftServer$Division (RaftServerImpl.java:requestVote(1046)) - 023e6ea0-0ef1-4794-8f75-07cc698c5b0d@group-CCD661E93E1F: receive requestVote(ELECTION, e0500e2c-224c-46df-a4cf-d9aa21623822, group-CCD661E93E1F, 2, (t:0, i:0))
2022-05-04 03:16:22,622 [023e6ea0-0ef1-4794-8f75-07cc698c5b0d@group-CCD661E93E1F-LeaderElection56] INFO  impl.RoleInfo (RoleInfo.java:updateAndGet(130)) - 023e6ea0-0ef1-4794-8f75-07cc698c5b0d: start 023e6ea0-0ef1-4794-8f75-07cc698c5b0d@group-CCD661E93E1F-LeaderStateImpl
2022-05-04 03:16:22,623 [023e6ea0-0ef1-4794-8f75-07cc698c5b0d@group-CCD661E93E1F-LeaderElection56] INFO  segmented.SegmentedRaftLogWorker (SegmentedRaftLogWorker.java:startLogSegment(394)) - 023e6ea0-0ef1-4794-8f75-07cc698c5b0d@group-CCD661E93E1F-SegmentedRaftLogWorker: Starting segment from index:0
2022-05-04 03:16:22,625 [023e6ea0-0ef1-4794-8f75-07cc698c5b0d@group-CCD661E93E1F-SegmentedRaftLogWorker] INFO  segmented.SegmentedRaftLogWorker (SegmentedRaftLogWorker.java:execute(601)) - 023e6ea0-0ef1-4794-8f75-07cc698c5b0d@group-CCD661E93E1F-SegmentedRaftLogWorker: created new log segment /home/runner/work/ozone/ozone/hadoop-ozone/integration-test/target/test-dir/MiniOzoneClusterImpl-cc5aeae0-6f4d-475e-97ef-958bfb15a03d/datanode-1/data/ratis/e8f2c910-ddc6-4ef1-b0c2-ccd661e93e1f/current/log_inprogress_0
2022-05-04 03:16:22,723 [grpc-default-executor-2] INFO  server.RaftServer$Division (RaftServerImpl.java:setRole(290)) - e0500e2c-224c-46df-a4cf-d9aa21623822@group-CCD661E93E1F: changes role from CANDIDATE to FOLLOWER at term 2 for appendEntries
2022-05-04 03:16:22,724 [grpc-default-executor-2] INFO  impl.RoleInfo (RoleInfo.java:shutdownLeaderElection(121)) - e0500e2c-224c-46df-a4cf-d9aa21623822: shutdown e0500e2c-224c-46df-a4cf-d9aa21623822@group-CCD661E93E1F-LeaderElection57
2022-05-04 03:16:22,734 [023e6ea0-0ef1-4794-8f75-07cc698c5b0d@group-CCD661E93E1F-LeaderElection56] INFO  server.RaftServer$Division (ServerState.java:setRaftConf(387)) - 023e6ea0-0ef1-4794-8f75-07cc698c5b0d@group-CCD661E93E1F: set configuration 0: [023e6ea0-0ef1-4794-8f75-07cc698c5b0d|rpc:10.1.0.22:42169|dataStream:|priority:1, fdc42406-f03d-49b8-be8d-aa07467fef04|rpc:10.1.0.22:46357|dataStream:|priority:0, e0500e2c-224c-46df-a4cf-d9aa21623822|rpc:10.1.0.22:41873|dataStream:|priority:0], old=null
2022-05-04 03:16:22,734 [grpc-default-executor-1] INFO  impl.VoteContext (VoteContext.java:log(48)) - 023e6ea0-0ef1-4794-8f75-07cc698c5b0d@group-CCD661E93E1F-LEADER: reject ELECTION from e0500e2c-224c-46df-a4cf-d9aa21623822: already has voted for 023e6ea0-0ef1-4794-8f75-07cc698c5b0d at current term 2
2022-05-04 03:16:22,735 [grpc-default-executor-1] INFO  server.RaftServer$Division (RaftServerImpl.java:requestVote(1078)) - 023e6ea0-0ef1-4794-8f75-07cc698c5b0d@group-CCD661E93E1F replies to ELECTION vote request: e0500e2c-224c-46df-a4cf-d9aa21623822<-023e6ea0-0ef1-4794-8f75-07cc698c5b0d#0:FAIL-t2. Peer's state: 023e6ea0-0ef1-4794-8f75-07cc698c5b0d@group-CCD661E93E1F:t2, leader=023e6ea0-0ef1-4794-8f75-07cc698c5b0d, voted=023e6ea0-0ef1-4794-8f75-07cc698c5b0d, raftlog=023e6ea0-0ef1-4794-8f75-07cc698c5b0d@group-CCD661E93E1F-SegmentedRaftLog:OPENED:c0, conf=0: [023e6ea0-0ef1-4794-8f75-07cc698c5b0d|rpc:10.1.0.22:42169|dataStream:|priority:1, fdc42406-f03d-49b8-be8d-aa07467fef04|rpc:10.1.0.22:46357|dataStream:|priority:0, e0500e2c-224c-46df-a4cf-d9aa21623822|rpc:10.1.0.22:41873|dataStream:|priority:0], old=null
2022-05-04 03:16:22,761 [grpc-default-executor-2] INFO  impl.RoleInfo (RoleInfo.java:updateAndGet(130)) - e0500e2c-224c-46df-a4cf-d9aa21623822: start e0500e2c-224c-46df-a4cf-d9aa21623822@group-CCD661E93E1F-FollowerState
2022-05-04 03:16:22,761 [e0500e2c-224c-46df-a4cf-d9aa21623822@group-CCD661E93E1F-LeaderElection57] INFO  impl.LeaderElection (LeaderElection.java:logAndReturn(89)) - e0500e2c-224c-46df-a4cf-d9aa21623822@group-CCD661E93E1F-LeaderElection57: ELECTION REJECTED received 2 response(s) and 0 exception(s):
2022-05-04 03:16:22,761 [e0500e2c-224c-46df-a4cf-d9aa21623822@group-CCD661E93E1F-LeaderElection57] INFO  impl.LeaderElection (LeaderElection.java:logAndReturn(93)) -   Response 0: e0500e2c-224c-46df-a4cf-d9aa21623822<-023e6ea0-0ef1-4794-8f75-07cc698c5b0d#0:FAIL-t2
2022-05-04 03:16:22,761 [e0500e2c-224c-46df-a4cf-d9aa21623822@group-CCD661E93E1F-LeaderElection57] INFO  impl.LeaderElection (LeaderElection.java:logAndReturn(93)) -   Response 1: e0500e2c-224c-46df-a4cf-d9aa21623822<-fdc42406-f03d-49b8-be8d-aa07467fef04#0:FAIL-t2
2022-05-04 03:16:22,762 [grpc-default-executor-2] INFO  ratis.XceiverServerRatis (XceiverServerRatis.java:handleLeaderChangedNotification(863)) - Leader change notification received for group: group-CCD661E93E1F with new leaderId: 023e6ea0-0ef1-4794-8f75-07cc698c5b0d
2022-05-04 03:16:22,762 [grpc-default-executor-2] INFO  server.RaftServer$Division (ServerState.java:setLeader(285)) - e0500e2c-224c-46df-a4cf-d9aa21623822@group-CCD661E93E1F: change Leader from null to 023e6ea0-0ef1-4794-8f75-07cc698c5b0d at term 2 for appendEntries, leader elected after 10633ms
2022-05-04 03:16:22,791 [e0500e2c-224c-46df-a4cf-d9aa21623822@group-CCD661E93E1F-LeaderElection57] INFO  impl.LeaderElection (LeaderElection.java:askForVotes(308)) - e0500e2c-224c-46df-a4cf-d9aa21623822@group-CCD661E93E1F-LeaderElection57 ELECTION round 0: result REJECTED
2022-05-04 03:16:22,792 [grpc-default-executor-3] INFO  ratis.XceiverServerRatis (XceiverServerRatis.java:handleLeaderChangedNotification(863)) - Leader change notification received for group: group-CCD661E93E1F with new leaderId: 023e6ea0-0ef1-4794-8f75-07cc698c5b0d
2022-05-04 03:16:22,792 [grpc-default-executor-3] INFO  server.RaftServer$Division (ServerState.java:setLeader(285)) - fdc42406-f03d-49b8-be8d-aa07467fef04@group-CCD661E93E1F: change Leader from null to 023e6ea0-0ef1-4794-8f75-07cc698c5b0d at term 2 for appendEntries, leader elected after 10424ms
2022-05-04 03:16:22,794 [grpc-default-executor-3] INFO  server.RaftServer$Division (ServerState.java:setRaftConf(387)) - fdc42406-f03d-49b8-be8d-aa07467fef04@group-CCD661E93E1F: set configuration 0: [023e6ea0-0ef1-4794-8f75-07cc698c5b0d|rpc:10.1.0.22:42169|dataStream:|priority:1, fdc42406-f03d-49b8-be8d-aa07467fef04|rpc:10.1.0.22:46357|dataStream:|priority:0, e0500e2c-224c-46df-a4cf-d9aa21623822|rpc:10.1.0.22:41873|dataStream:|priority:0], old=null
2022-05-04 03:16:22,794 [grpc-default-executor-3] INFO  segmented.SegmentedRaftLogWorker (SegmentedRaftLogWorker.java:startLogSegment(394)) - fdc42406-f03d-49b8-be8d-aa07467fef04@group-CCD661E93E1F-SegmentedRaftLogWorker: Starting segment from index:0
2022-05-04 03:16:22,796 [fdc42406-f03d-49b8-be8d-aa07467fef04@group-CCD661E93E1F-SegmentedRaftLogWorker] INFO  segmented.SegmentedRaftLogWorker (SegmentedRaftLogWorker.java:execute(601)) - fdc42406-f03d-49b8-be8d-aa07467fef04@group-CCD661E93E1F-SegmentedRaftLogWorker: created new log segment /home/runner/work/ozone/ozone/hadoop-ozone/integration-test/target/test-dir/MiniOzoneClusterImpl-cc5aeae0-6f4d-475e-97ef-958bfb15a03d/datanode-2/data/ratis/e8f2c910-ddc6-4ef1-b0c2-ccd661e93e1f/current/log_inprogress_0
2022-05-04 03:16:22,848 [grpc-default-executor-3] INFO  server.RaftServer$Division (ServerState.java:setRaftConf(387)) - e0500e2c-224c-46df-a4cf-d9aa21623822@group-CCD661E93E1F: set configuration 0: [023e6ea0-0ef1-4794-8f75-07cc698c5b0d|rpc:10.1.0.22:42169|dataStream:|priority:1, fdc42406-f03d-49b8-be8d-aa07467fef04|rpc:10.1.0.22:46357|dataStream:|priority:0, e0500e2c-224c-46df-a4cf-d9aa21623822|rpc:10.1.0.22:41873|dataStream:|priority:0], old=null
2022-05-04 03:16:22,848 [grpc-default-executor-3] INFO  segmented.SegmentedRaftLogWorker (SegmentedRaftLogWorker.java:startLogSegment(394)) - e0500e2c-224c-46df-a4cf-d9aa21623822@group-CCD661E93E1F-SegmentedRaftLogWorker: Starting segment from index:0
2022-05-04 03:16:22,851 [e0500e2c-224c-46df-a4cf-d9aa21623822@group-CCD661E93E1F-SegmentedRaftLogWorker] INFO  segmented.SegmentedRaftLogWorker (SegmentedRaftLogWorker.java:execute(601)) - e0500e2c-224c-46df-a4cf-d9aa21623822@group-CCD661E93E1F-SegmentedRaftLogWorker: created new log segment /home/runner/work/ozone/ozone/hadoop-ozone/integration-test/target/test-dir/MiniOzoneClusterImpl-cc5aeae0-6f4d-475e-97ef-958bfb15a03d/datanode-0/data/ratis/e8f2c910-ddc6-4ef1-b0c2-ccd661e93e1f/current/log_inprogress_0
2022-05-04 03:16:22,854 [fdc42406-f03d-49b8-be8d-aa07467fef04@group-BD3AB19C8CD0-FollowerState] INFO  impl.FollowerState (FollowerState.java:run(134)) - fdc42406-f03d-49b8-be8d-aa07467fef04@group-BD3AB19C8CD0-FollowerState: change to CANDIDATE, lastRpcElapsedTime:5155253083ns, electionTimeout:5148ms
2022-05-04 03:16:22,854 [fdc42406-f03d-49b8-be8d-aa07467fef04@group-BD3AB19C8CD0-FollowerState] INFO  impl.RoleInfo (RoleInfo.java:shutdownFollowerState(108)) - fdc42406-f03d-49b8-be8d-aa07467fef04: shutdown fdc42406-f03d-49b8-be8d-aa07467fef04@group-BD3AB19C8CD0-FollowerState
2022-05-04 03:16:22,854 [fdc42406-f03d-49b8-be8d-aa07467fef04@group-BD3AB19C8CD0-FollowerState] INFO  server.RaftServer$Division (RaftServerImpl.java:setRole(290)) - fdc42406-f03d-49b8-be8d-aa07467fef04@group-BD3AB19C8CD0: changes role from  FOLLOWER to CANDIDATE at term 1 for changeToCandidate
2022-05-04 03:16:22,861 [fdc42406-f03d-49b8-be8d-aa07467fef04@group-BD3AB19C8CD0-FollowerState] INFO  server.RaftServerConfigKeys (ConfUtils.java:logGet(44)) - raft.server.leaderelection.pre-vote = false (custom)
2022-05-04 03:16:22,861 [fdc42406-f03d-49b8-be8d-aa07467fef04@group-BD3AB19C8CD0-FollowerState] INFO  impl.RoleInfo (RoleInfo.java:updateAndGet(130)) - fdc42406-f03d-49b8-be8d-aa07467fef04: start fdc42406-f03d-49b8-be8d-aa07467fef04@group-BD3AB19C8CD0-LeaderElection58
2022-05-04 03:16:22,889 [fdc42406-f03d-49b8-be8d-aa07467fef04@group-BD3AB19C8CD0-LeaderElection58] INFO  impl.LeaderElection (LeaderElection.java:askForVotes(306)) - fdc42406-f03d-49b8-be8d-aa07467fef04@group-BD3AB19C8CD0-LeaderElection58 ELECTION round 0: submit vote requests at term 2 for -1: [023e6ea0-0ef1-4794-8f75-07cc698c5b0d|rpc:10.1.0.22:42169|dataStream:|priority:0, fdc42406-f03d-49b8-be8d-aa07467fef04|rpc:10.1.0.22:46357|dataStream:|priority:1, e0500e2c-224c-46df-a4cf-d9aa21623822|rpc:10.1.0.22:41873|dataStream:|priority:0], old=null
2022-05-04 03:16:22,925 [grpc-default-executor-1] INFO  server.RaftServer$Division (RaftServerImpl.java:requestVote(1046)) - 023e6ea0-0ef1-4794-8f75-07cc698c5b0d@group-BD3AB19C8CD0: receive requestVote(ELECTION, fdc42406-f03d-49b8-be8d-aa07467fef04, group-BD3AB19C8CD0, 2, (t:0, i:0))
2022-05-04 03:16:22,927 [grpc-default-executor-1] INFO  impl.VoteContext (VoteContext.java:log(48)) - 023e6ea0-0ef1-4794-8f75-07cc698c5b0d@group-BD3AB19C8CD0-FOLLOWER: accept ELECTION from fdc42406-f03d-49b8-be8d-aa07467fef04: our priority 0 <= candidate's priority 1
2022-05-04 03:16:22,927 [grpc-default-executor-1] INFO  server.RaftServer$Division (RaftServerImpl.java:setRole(290)) - 023e6ea0-0ef1-4794-8f75-07cc698c5b0d@group-BD3AB19C8CD0: changes role from  FOLLOWER to FOLLOWER at term 2 for candidate:fdc42406-f03d-49b8-be8d-aa07467fef04
2022-05-04 03:16:22,927 [grpc-default-executor-1] INFO  impl.RoleInfo (RoleInfo.java:shutdownFollowerState(108)) - 023e6ea0-0ef1-4794-8f75-07cc698c5b0d: shutdown 023e6ea0-0ef1-4794-8f75-07cc698c5b0d@group-BD3AB19C8CD0-FollowerState
2022-05-04 03:16:22,927 [grpc-default-executor-1] INFO  impl.RoleInfo (RoleInfo.java:updateAndGet(130)) - 023e6ea0-0ef1-4794-8f75-07cc698c5b0d: start 023e6ea0-0ef1-4794-8f75-07cc698c5b0d@group-BD3AB19C8CD0-FollowerState
2022-05-04 03:16:22,927 [023e6ea0-0ef1-4794-8f75-07cc698c5b0d@group-BD3AB19C8CD0-FollowerState] INFO  impl.FollowerState (FollowerState.java:run(143)) - 023e6ea0-0ef1-4794-8f75-07cc698c5b0d@group-BD3AB19C8CD0-FollowerState was interrupted: {}
java.lang.InterruptedException: sleep interrupted
	at java.lang.Thread.sleep(Native Method)
	at java.lang.Thread.sleep(Thread.java:342)
	at java.util.concurrent.TimeUnit.sleep(TimeUnit.java:386)
	at org.apache.ratis.util.TimeDuration.sleep(TimeDuration.java:324)
	at org.apache.ratis.util.TimeDuration.sleep(TimeDuration.java:309)
	at org.apache.ratis.server.impl.FollowerState.run(FollowerState.java:118)
2022-05-04 03:16:22,931 [grpc-default-executor-1] INFO  server.RaftServer$Division (RaftServerImpl.java:requestVote(1078)) - 023e6ea0-0ef1-4794-8f75-07cc698c5b0d@group-BD3AB19C8CD0 replies to ELECTION vote request: fdc42406-f03d-49b8-be8d-aa07467fef04<-023e6ea0-0ef1-4794-8f75-07cc698c5b0d#0:OK-t2. Peer's state: 023e6ea0-0ef1-4794-8f75-07cc698c5b0d@group-BD3AB19C8CD0:t2, leader=null, voted=fdc42406-f03d-49b8-be8d-aa07467fef04, raftlog=023e6ea0-0ef1-4794-8f75-07cc698c5b0d@group-BD3AB19C8CD0-SegmentedRaftLog:OPENED:c-1, conf=-1: [023e6ea0-0ef1-4794-8f75-07cc698c5b0d|rpc:10.1.0.22:42169|dataStream:|priority:0, fdc42406-f03d-49b8-be8d-aa07467fef04|rpc:10.1.0.22:46357|dataStream:|priority:1, e0500e2c-224c-46df-a4cf-d9aa21623822|rpc:10.1.0.22:41873|dataStream:|priority:0], old=null
2022-05-04 03:16:22,939 [e0500e2c-224c-46df-a4cf-d9aa21623822@group-BD3AB19C8CD0-FollowerState] INFO  impl.FollowerState (FollowerState.java:run(134)) - e0500e2c-224c-46df-a4cf-d9aa21623822@group-BD3AB19C8CD0-FollowerState: change to CANDIDATE, lastRpcElapsedTime:5219966215ns, electionTimeout:5197ms
2022-05-04 03:16:22,939 [e0500e2c-224c-46df-a4cf-d9aa21623822@group-BD3AB19C8CD0-FollowerState] INFO  impl.RoleInfo (RoleInfo.java:shutdownFollowerState(108)) - e0500e2c-224c-46df-a4cf-d9aa21623822: shutdown e0500e2c-224c-46df-a4cf-d9aa21623822@group-BD3AB19C8CD0-FollowerState
2022-05-04 03:16:22,939 [e0500e2c-224c-46df-a4cf-d9aa21623822@group-BD3AB19C8CD0-FollowerState] INFO  server.RaftServer$Division (RaftServerImpl.java:setRole(290)) - e0500e2c-224c-46df-a4cf-d9aa21623822@group-BD3AB19C8CD0: changes role from  FOLLOWER to CANDIDATE at term 1 for changeToCandidate
2022-05-04 03:16:22,939 [e0500e2c-224c-46df-a4cf-d9aa21623822@group-BD3AB19C8CD0-FollowerState] INFO  server.RaftServerConfigKeys (ConfUtils.java:logGet(44)) - raft.server.leaderelection.pre-vote = false (custom)
2022-05-04 03:16:22,939 [e0500e2c-224c-46df-a4cf-d9aa21623822@group-BD3AB19C8CD0-FollowerState] INFO  impl.RoleInfo (RoleInfo.java:updateAndGet(130)) - e0500e2c-224c-46df-a4cf-d9aa21623822: start e0500e2c-224c-46df-a4cf-d9aa21623822@group-BD3AB19C8CD0-LeaderElection59
2022-05-04 03:16:22,973 [grpc-default-executor-1] INFO  server.RaftServer$Division (RaftServerImpl.java:requestVote(1046)) - e0500e2c-224c-46df-a4cf-d9aa21623822@group-BD3AB19C8CD0: receive requestVote(ELECTION, fdc42406-f03d-49b8-be8d-aa07467fef04, group-BD3AB19C8CD0, 2, (t:0, i:0))
2022-05-04 03:16:22,982 [fdc42406-f03d-49b8-be8d-aa07467fef04@group-BD3AB19C8CD0-LeaderElection58] INFO  impl.LeaderElection (LeaderElection.java:logAndReturn(89)) - fdc42406-f03d-49b8-be8d-aa07467fef04@group-BD3AB19C8CD0-LeaderElection58: ELECTION PASSED received 1 response(s) and 0 exception(s):
2022-05-04 03:16:22,982 [fdc42406-f03d-49b8-be8d-aa07467fef04@group-BD3AB19C8CD0-LeaderElection58] INFO  impl.LeaderElection (LeaderElection.java:logAndReturn(93)) -   Response 0: fdc42406-f03d-49b8-be8d-aa07467fef04<-023e6ea0-0ef1-4794-8f75-07cc698c5b0d#0:OK-t2
2022-05-04 03:16:22,982 [fdc42406-f03d-49b8-be8d-aa07467fef04@group-BD3AB19C8CD0-LeaderElection58] INFO  impl.LeaderElection (LeaderElection.java:askForVotes(308)) - fdc42406-f03d-49b8-be8d-aa07467fef04@group-BD3AB19C8CD0-LeaderElection58 ELECTION round 0: result PASSED
2022-05-04 03:16:22,982 [e0500e2c-224c-46df-a4cf-d9aa21623822@group-BD3AB19C8CD0-LeaderElection59] INFO  impl.LeaderElection (LeaderElection.java:askForVotes(306)) - e0500e2c-224c-46df-a4cf-d9aa21623822@group-BD3AB19C8CD0-LeaderElection59 ELECTION round 0: submit vote requests at term 2 for -1: [023e6ea0-0ef1-4794-8f75-07cc698c5b0d|rpc:10.1.0.22:42169|priority:0, fdc42406-f03d-49b8-be8d-aa07467fef04|rpc:10.1.0.22:46357|priority:1, e0500e2c-224c-46df-a4cf-d9aa21623822|rpc:10.1.0.22:41873|priority:0], old=null
2022-05-04 03:16:22,982 [grpc-default-executor-1] INFO  impl.VoteContext (VoteContext.java:log(48)) - e0500e2c-224c-46df-a4cf-d9aa21623822@group-BD3AB19C8CD0-CANDIDATE: reject ELECTION from fdc42406-f03d-49b8-be8d-aa07467fef04: already has voted for e0500e2c-224c-46df-a4cf-d9aa21623822 at current term 2
2022-05-04 03:16:22,982 [fdc42406-f03d-49b8-be8d-aa07467fef04@group-BD3AB19C8CD0-LeaderElection58] INFO  impl.RoleInfo (RoleInfo.java:shutdownLeaderElection(121)) - fdc42406-f03d-49b8-be8d-aa07467fef04: shutdown fdc42406-f03d-49b8-be8d-aa07467fef04@group-BD3AB19C8CD0-LeaderElection58
2022-05-04 03:16:22,982 [grpc-default-executor-1] INFO  server.RaftServer$Division (RaftServerImpl.java:requestVote(1078)) - e0500e2c-224c-46df-a4cf-d9aa21623822@group-BD3AB19C8CD0 replies to ELECTION vote request: fdc42406-f03d-49b8-be8d-aa07467fef04<-e0500e2c-224c-46df-a4cf-d9aa21623822#0:FAIL-t2. Peer's state: e0500e2c-224c-46df-a4cf-d9aa21623822@group-BD3AB19C8CD0:t2, leader=null, voted=e0500e2c-224c-46df-a4cf-d9aa21623822, raftlog=e0500e2c-224c-46df-a4cf-d9aa21623822@group-BD3AB19C8CD0-SegmentedRaftLog:OPENED:c-1, conf=-1: [023e6ea0-0ef1-4794-8f75-07cc698c5b0d|rpc:10.1.0.22:42169|priority:0, fdc42406-f03d-49b8-be8d-aa07467fef04|rpc:10.1.0.22:46357|priority:1, e0500e2c-224c-46df-a4cf-d9aa21623822|rpc:10.1.0.22:41873|priority:0], old=null
2022-05-04 03:16:22,982 [fdc42406-f03d-49b8-be8d-aa07467fef04@group-BD3AB19C8CD0-LeaderElection58] INFO  server.RaftServer$Division (RaftServerImpl.java:setRole(290)) - fdc42406-f03d-49b8-be8d-aa07467fef04@group-BD3AB19C8CD0: changes role from CANDIDATE to LEADER at term 2 for changeToLeader
2022-05-04 03:16:22,983 [fdc42406-f03d-49b8-be8d-aa07467fef04@group-BD3AB19C8CD0-LeaderElection58] INFO  ratis.XceiverServerRatis (XceiverServerRatis.java:handleLeaderChangedNotification(863)) - Leader change notification received for group: group-BD3AB19C8CD0 with new leaderId: fdc42406-f03d-49b8-be8d-aa07467fef04
2022-05-04 03:16:22,983 [fdc42406-f03d-49b8-be8d-aa07467fef04@group-BD3AB19C8CD0-LeaderElection58] INFO  server.RaftServer$Division (ServerState.java:setLeader(285)) - fdc42406-f03d-49b8-be8d-aa07467fef04@group-BD3AB19C8CD0: change Leader from null to fdc42406-f03d-49b8-be8d-aa07467fef04 at term 2 for becomeLeader, leader elected after 10207ms
2022-05-04 03:16:22,983 [fdc42406-f03d-49b8-be8d-aa07467fef04@group-BD3AB19C8CD0-LeaderElection58] INFO  server.RaftServerConfigKeys (ConfUtils.java:logGet(44)) - raft.server.staging.catchup.gap = 1000 (default)
2022-05-04 03:16:22,983 [fdc42406-f03d-49b8-be8d-aa07467fef04@group-BD3AB19C8CD0-LeaderElection58] INFO  server.RaftServerConfigKeys (ConfUtils.java:logGet(44)) - raft.server.write.element-limit = 1024 (custom)
2022-05-04 03:16:22,983 [fdc42406-f03d-49b8-be8d-aa07467fef04@group-BD3AB19C8CD0-LeaderElection58] INFO  server.RaftServerConfigKeys (ConfUtils.java:logGet(44)) - raft.server.write.byte-limit = 1024 M (=1073741824) (custom)
2022-05-04 03:16:22,983 [fdc42406-f03d-49b8-be8d-aa07467fef04@group-BD3AB19C8CD0-LeaderElection58] INFO  server.RaftServerConfigKeys (ConfUtils.java:logGet(44)) - raft.server.watch.timeout = 180s (custom)
2022-05-04 03:16:22,983 [fdc42406-f03d-49b8-be8d-aa07467fef04@group-BD3AB19C8CD0-LeaderElection58] INFO  server.RaftServerConfigKeys (ConfUtils.java:logGet(44)) - raft.server.watch.timeout.denomination = 1s (default)
2022-05-04 03:16:22,983 [fdc42406-f03d-49b8-be8d-aa07467fef04@group-BD3AB19C8CD0-LeaderElection58] INFO  server.RaftServerConfigKeys (ConfUtils.java:logGet(44)) - raft.server.watch.element-limit = 65536 (default)
2022-05-04 03:16:22,984 [fdc42406-f03d-49b8-be8d-aa07467fef04@group-BD3AB19C8CD0-LeaderElection58] INFO  server.RaftServerConfigKeys (ConfUtils.java:logGet(44)) - raft.server.write.element-limit = 1024 (custom)
2022-05-04 03:16:22,984 [fdc42406-f03d-49b8-be8d-aa07467fef04@group-BD3AB19C8CD0-LeaderElection58] INFO  server.RaftServerConfigKeys (ConfUtils.java:logGet(44)) - raft.server.write.follower.gap.ratio.max = -1.0 (default)
2022-05-04 03:16:22,984 [fdc42406-f03d-49b8-be8d-aa07467fef04@group-BD3AB19C8CD0-LeaderElection58] INFO  server.RaftServerConfigKeys (ConfUtils.java:logGet(44)) - raft.server.log.appender.snapshot.chunk.size.max = 16MB (=16777216) (default)
2022-05-04 03:16:22,984 [fdc42406-f03d-49b8-be8d-aa07467fef04@group-BD3AB19C8CD0-LeaderElection58] INFO  server.RaftServerConfigKeys (ConfUtils.java:logGet(44)) - raft.server.log.appender.buffer.byte-limit = 33554432 (custom)
2022-05-04 03:16:22,984 [fdc42406-f03d-49b8-be8d-aa07467fef04@group-BD3AB19C8CD0-LeaderElection58] INFO  server.RaftServerConfigKeys (ConfUtils.java:logGet(44)) - raft.server.log.appender.buffer.element-limit = 1 (custom)
2022-05-04 03:16:22,984 [fdc42406-f03d-49b8-be8d-aa07467fef04@group-BD3AB19C8CD0-LeaderElection58] INFO  grpc.GrpcConfigKeys (ConfUtils.java:logGet(44)) - raft.grpc.server.leader.outstanding.appends.max = 128 (default)
2022-05-04 03:16:22,984 [fdc42406-f03d-49b8-be8d-aa07467fef04@group-BD3AB19C8CD0-LeaderElection58] INFO  server.RaftServerConfigKeys (ConfUtils.java:logGet(44)) - raft.server.rpc.request.timeout = 60s (custom)
2022-05-04 03:16:22,984 [fdc42406-f03d-49b8-be8d-aa07467fef04@group-BD3AB19C8CD0-LeaderElection58] INFO  server.RaftServerConfigKeys (ConfUtils.java:logGet(44)) - raft.server.log.appender.install.snapshot.enabled = false (custom)
2022-05-04 03:16:22,985 [fdc42406-f03d-49b8-be8d-aa07467fef04@group-BD3AB19C8CD0-LeaderElection58] INFO  server.RaftServerConfigKeys (ConfUtils.java:logGet(44)) - raft.server.log.appender.snapshot.chunk.size.max = 16MB (=16777216) (default)
2022-05-04 03:16:22,985 [fdc42406-f03d-49b8-be8d-aa07467fef04@group-BD3AB19C8CD0-LeaderElection58] INFO  server.RaftServerConfigKeys (ConfUtils.java:logGet(44)) - raft.server.log.appender.buffer.byte-limit = 33554432 (custom)
2022-05-04 03:16:22,985 [fdc42406-f03d-49b8-be8d-aa07467fef04@group-BD3AB19C8CD0-LeaderElection58] INFO  server.RaftServerConfigKeys (ConfUtils.java:logGet(44)) - raft.server.log.appender.buffer.element-limit = 1 (custom)
2022-05-04 03:16:22,985 [fdc42406-f03d-49b8-be8d-aa07467fef04@group-BD3AB19C8CD0-LeaderElection58] INFO  grpc.GrpcConfigKeys (ConfUtils.java:logGet(44)) - raft.grpc.server.leader.outstanding.appends.max = 128 (default)
2022-05-04 03:16:22,986 [fdc42406-f03d-49b8-be8d-aa07467fef04@group-BD3AB19C8CD0-LeaderElection58] INFO  server.RaftServerConfigKeys (ConfUtils.java:logGet(44)) - raft.server.rpc.request.timeout = 60s (custom)
2022-05-04 03:16:22,986 [fdc42406-f03d-49b8-be8d-aa07467fef04@group-BD3AB19C8CD0-LeaderElection58] INFO  server.RaftServerConfigKeys (ConfUtils.java:logGet(44)) - raft.server.log.appender.install.snapshot.enabled = false (custom)
2022-05-04 03:16:22,987 [EventQueue-PipelineReportForPipelineReportHandler] INFO  pipeline.PipelineManagerImpl (PipelineManagerImpl.java:openPipeline(328)) - Pipeline Pipeline[ Id: 69df5d7f-2df9-4c9a-b455-bd3ab19c8cd0, Nodes: 023e6ea0-0ef1-4794-8f75-07cc698c5b0d{ip: 10.1.0.22, host: fv-az270-73.tacnzluakwdehk1hpragurqkma.bx.internal.cloudapp.net, ports: [REPLICATION=35965, RATIS=42169, RATIS_ADMIN=42169, RATIS_SERVER=42169, STANDALONE=46599], networkLocation: /default-rack, certSerialId: null, persistedOpState: IN_SERVICE, persistedOpStateExpiryEpochSec: 0}e0500e2c-224c-46df-a4cf-d9aa21623822{ip: 10.1.0.22, host: fv-az270-73.tacnzluakwdehk1hpragurqkma.bx.internal.cloudapp.net, ports: [REPLICATION=36511, RATIS=41873, RATIS_ADMIN=41873, RATIS_SERVER=41873, STANDALONE=43807], networkLocation: /default-rack, certSerialId: null, persistedOpState: IN_SERVICE, persistedOpStateExpiryEpochSec: 0}fdc42406-f03d-49b8-be8d-aa07467fef04{ip: 10.1.0.22, host: fv-az270-73.tacnzluakwdehk1hpragurqkma.bx.internal.cloudapp.net, ports: [REPLICATION=39801, RATIS=46357, RATIS_ADMIN=46357, RATIS_SERVER=46357, STANDALONE=35609], networkLocation: /default-rack, certSerialId: null, persistedOpState: IN_SERVICE, persistedOpStateExpiryEpochSec: 0}, ReplicationConfig: RATIS/THREE, State:ALLOCATED, leaderId:fdc42406-f03d-49b8-be8d-aa07467fef04, CreationTimestamp2022-05-04T03:16:10.868Z[Etc/UTC]] moved to OPEN state
2022-05-04 03:16:22,988 [fdc42406-f03d-49b8-be8d-aa07467fef04@group-BD3AB19C8CD0-LeaderElection58] INFO  impl.RoleInfo (RoleInfo.java:updateAndGet(130)) - fdc42406-f03d-49b8-be8d-aa07467fef04: start fdc42406-f03d-49b8-be8d-aa07467fef04@group-BD3AB19C8CD0-LeaderStateImpl
2022-05-04 03:16:22,989 [fdc42406-f03d-49b8-be8d-aa07467fef04@group-BD3AB19C8CD0-LeaderElection58] INFO  segmented.SegmentedRaftLogWorker (SegmentedRaftLogWorker.java:startLogSegment(394)) - fdc42406-f03d-49b8-be8d-aa07467fef04@group-BD3AB19C8CD0-SegmentedRaftLogWorker: Starting segment from index:0
2022-05-04 03:16:22,991 [fdc42406-f03d-49b8-be8d-aa07467fef04@group-BD3AB19C8CD0-SegmentedRaftLogWorker] INFO  segmented.SegmentedRaftLogWorker (SegmentedRaftLogWorker.java:execute(601)) - fdc42406-f03d-49b8-be8d-aa07467fef04@group-BD3AB19C8CD0-SegmentedRaftLogWorker: created new log segment /home/runner/work/ozone/ozone/hadoop-ozone/integration-test/target/test-dir/MiniOzoneClusterImpl-cc5aeae0-6f4d-475e-97ef-958bfb15a03d/datanode-2/data/ratis/69df5d7f-2df9-4c9a-b455-bd3ab19c8cd0/current/log_inprogress_0
2022-05-04 03:16:22,994 [grpc-default-executor-3] INFO  ratis.XceiverServerRatis (XceiverServerRatis.java:handleLeaderChangedNotification(863)) - Leader change notification received for group: group-BD3AB19C8CD0 with new leaderId: fdc42406-f03d-49b8-be8d-aa07467fef04
2022-05-04 03:16:22,995 [grpc-default-executor-3] INFO  server.RaftServer$Division (ServerState.java:setLeader(285)) - 023e6ea0-0ef1-4794-8f75-07cc698c5b0d@group-BD3AB19C8CD0: change Leader from null to fdc42406-f03d-49b8-be8d-aa07467fef04 at term 2 for appendEntries, leader elected after 10356ms
2022-05-04 03:16:23,011 [grpc-default-executor-3] INFO  server.RaftServer$Division (ServerState.java:setRaftConf(387)) - 023e6ea0-0ef1-4794-8f75-07cc698c5b0d@group-BD3AB19C8CD0: set configuration 0: [023e6ea0-0ef1-4794-8f75-07cc698c5b0d|rpc:10.1.0.22:42169|dataStream:|priority:0, fdc42406-f03d-49b8-be8d-aa07467fef04|rpc:10.1.0.22:46357|dataStream:|priority:1, e0500e2c-224c-46df-a4cf-d9aa21623822|rpc:10.1.0.22:41873|dataStream:|priority:0], old=null
2022-05-04 03:16:23,011 [grpc-default-executor-3] INFO  segmented.SegmentedRaftLogWorker (SegmentedRaftLogWorker.java:startLogSegment(394)) - 023e6ea0-0ef1-4794-8f75-07cc698c5b0d@group-BD3AB19C8CD0-SegmentedRaftLogWorker: Starting segment from index:0
2022-05-04 03:16:23,026 [fdc42406-f03d-49b8-be8d-aa07467fef04@group-BD3AB19C8CD0-LeaderElection58] INFO  server.RaftServer$Division (ServerState.java:setRaftConf(387)) - fdc42406-f03d-49b8-be8d-aa07467fef04@group-BD3AB19C8CD0: set configuration 0: [023e6ea0-0ef1-4794-8f75-07cc698c5b0d|rpc:10.1.0.22:42169|dataStream:|priority:0, fdc42406-f03d-49b8-be8d-aa07467fef04|rpc:10.1.0.22:46357|dataStream:|priority:1, e0500e2c-224c-46df-a4cf-d9aa21623822|rpc:10.1.0.22:41873|dataStream:|priority:0], old=null
2022-05-04 03:16:23,079 [grpc-default-executor-1] INFO  server.RaftServer$Division (RaftServerImpl.java:requestVote(1046)) - 023e6ea0-0ef1-4794-8f75-07cc698c5b0d@group-BD3AB19C8CD0: receive requestVote(ELECTION, e0500e2c-224c-46df-a4cf-d9aa21623822, group-BD3AB19C8CD0, 2, (t:0, i:0))
2022-05-04 03:16:23,079 [grpc-default-executor-2] INFO  server.RaftServer$Division (RaftServerImpl.java:requestVote(1046)) - fdc42406-f03d-49b8-be8d-aa07467fef04@group-BD3AB19C8CD0: receive requestVote(ELECTION, e0500e2c-224c-46df-a4cf-d9aa21623822, group-BD3AB19C8CD0, 2, (t:0, i:0))
2022-05-04 03:16:23,079 [grpc-default-executor-2] INFO  impl.VoteContext (VoteContext.java:log(48)) - fdc42406-f03d-49b8-be8d-aa07467fef04@group-BD3AB19C8CD0-LEADER: reject ELECTION from e0500e2c-224c-46df-a4cf-d9aa21623822: already has voted for fdc42406-f03d-49b8-be8d-aa07467fef04 at current term 2
2022-05-04 03:16:23,079 [grpc-default-executor-2] INFO  server.RaftServer$Division (RaftServerImpl.java:requestVote(1078)) - fdc42406-f03d-49b8-be8d-aa07467fef04@group-BD3AB19C8CD0 replies to ELECTION vote request: e0500e2c-224c-46df-a4cf-d9aa21623822<-fdc42406-f03d-49b8-be8d-aa07467fef04#0:FAIL-t2. Peer's state: fdc42406-f03d-49b8-be8d-aa07467fef04@group-BD3AB19C8CD0:t2, leader=fdc42406-f03d-49b8-be8d-aa07467fef04, voted=fdc42406-f03d-49b8-be8d-aa07467fef04, raftlog=fdc42406-f03d-49b8-be8d-aa07467fef04@group-BD3AB19C8CD0-SegmentedRaftLog:OPENED:c0, conf=0: [023e6ea0-0ef1-4794-8f75-07cc698c5b0d|rpc:10.1.0.22:42169|dataStream:|priority:0, fdc42406-f03d-49b8-be8d-aa07467fef04|rpc:10.1.0.22:46357|dataStream:|priority:1, e0500e2c-224c-46df-a4cf-d9aa21623822|rpc:10.1.0.22:41873|dataStream:|priority:0], old=null
2022-05-04 03:16:23,083 [e0500e2c-224c-46df-a4cf-d9aa21623822@group-BD3AB19C8CD0-LeaderElection59] INFO  impl.LeaderElection (LeaderElection.java:logAndReturn(89)) - e0500e2c-224c-46df-a4cf-d9aa21623822@group-BD3AB19C8CD0-LeaderElection59: ELECTION REJECTED received 1 response(s) and 0 exception(s):
2022-05-04 03:16:23,083 [e0500e2c-224c-46df-a4cf-d9aa21623822@group-BD3AB19C8CD0-LeaderElection59] INFO  impl.LeaderElection (LeaderElection.java:logAndReturn(93)) -   Response 0: e0500e2c-224c-46df-a4cf-d9aa21623822<-fdc42406-f03d-49b8-be8d-aa07467fef04#0:FAIL-t2
2022-05-04 03:16:23,083 [e0500e2c-224c-46df-a4cf-d9aa21623822@group-BD3AB19C8CD0-LeaderElection59] INFO  impl.LeaderElection (LeaderElection.java:askForVotes(308)) - e0500e2c-224c-46df-a4cf-d9aa21623822@group-BD3AB19C8CD0-LeaderElection59 ELECTION round 0: result REJECTED
2022-05-04 03:16:23,083 [e0500e2c-224c-46df-a4cf-d9aa21623822@group-BD3AB19C8CD0-LeaderElection59] INFO  server.RaftServer$Division (RaftServerImpl.java:setRole(290)) - e0500e2c-224c-46df-a4cf-d9aa21623822@group-BD3AB19C8CD0: changes role from CANDIDATE to FOLLOWER at term 2 for REJECTED
2022-05-04 03:16:23,083 [e0500e2c-224c-46df-a4cf-d9aa21623822@group-BD3AB19C8CD0-LeaderElection59] INFO  impl.RoleInfo (RoleInfo.java:shutdownLeaderElection(121)) - e0500e2c-224c-46df-a4cf-d9aa21623822: shutdown e0500e2c-224c-46df-a4cf-d9aa21623822@group-BD3AB19C8CD0-LeaderElection59
2022-05-04 03:16:23,083 [e0500e2c-224c-46df-a4cf-d9aa21623822@group-BD3AB19C8CD0-LeaderElection59] INFO  impl.RoleInfo (RoleInfo.java:updateAndGet(130)) - e0500e2c-224c-46df-a4cf-d9aa21623822: start e0500e2c-224c-46df-a4cf-d9aa21623822@group-BD3AB19C8CD0-FollowerState
2022-05-04 03:16:23,102 [grpc-default-executor-1] INFO  impl.VoteContext (VoteContext.java:log(48)) - 023e6ea0-0ef1-4794-8f75-07cc698c5b0d@group-BD3AB19C8CD0-FOLLOWER: reject ELECTION from e0500e2c-224c-46df-a4cf-d9aa21623822: already has voted for fdc42406-f03d-49b8-be8d-aa07467fef04 at current term 2
2022-05-04 03:16:23,102 [grpc-default-executor-1] INFO  server.RaftServer$Division (RaftServerImpl.java:requestVote(1078)) - 023e6ea0-0ef1-4794-8f75-07cc698c5b0d@group-BD3AB19C8CD0 replies to ELECTION vote request: e0500e2c-224c-46df-a4cf-d9aa21623822<-023e6ea0-0ef1-4794-8f75-07cc698c5b0d#0:FAIL-t2. Peer's state: 023e6ea0-0ef1-4794-8f75-07cc698c5b0d@group-BD3AB19C8CD0:t2, leader=fdc42406-f03d-49b8-be8d-aa07467fef04, voted=fdc42406-f03d-49b8-be8d-aa07467fef04, raftlog=023e6ea0-0ef1-4794-8f75-07cc698c5b0d@group-BD3AB19C8CD0-SegmentedRaftLog:OPENED:c-1, conf=0: [023e6ea0-0ef1-4794-8f75-07cc698c5b0d|rpc:10.1.0.22:42169|dataStream:|priority:0, fdc42406-f03d-49b8-be8d-aa07467fef04|rpc:10.1.0.22:46357|dataStream:|priority:1, e0500e2c-224c-46df-a4cf-d9aa21623822|rpc:10.1.0.22:41873|dataStream:|priority:0], old=null
2022-05-04 03:16:23,108 [grpc-default-executor-1] INFO  ratis.XceiverServerRatis (XceiverServerRatis.java:handleLeaderChangedNotification(863)) - Leader change notification received for group: group-BD3AB19C8CD0 with new leaderId: fdc42406-f03d-49b8-be8d-aa07467fef04
2022-05-04 03:16:23,108 [grpc-default-executor-1] INFO  server.RaftServer$Division (ServerState.java:setLeader(285)) - e0500e2c-224c-46df-a4cf-d9aa21623822@group-BD3AB19C8CD0: change Leader from null to fdc42406-f03d-49b8-be8d-aa07467fef04 at term 2 for appendEntries, leader elected after 10527ms
2022-05-04 03:16:23,112 [grpc-default-executor-1] INFO  server.RaftServer$Division (ServerState.java:setRaftConf(387)) - e0500e2c-224c-46df-a4cf-d9aa21623822@group-BD3AB19C8CD0: set configuration 0: [023e6ea0-0ef1-4794-8f75-07cc698c5b0d|rpc:10.1.0.22:42169|dataStream:|priority:0, fdc42406-f03d-49b8-be8d-aa07467fef04|rpc:10.1.0.22:46357|dataStream:|priority:1, e0500e2c-224c-46df-a4cf-d9aa21623822|rpc:10.1.0.22:41873|dataStream:|priority:0], old=null
2022-05-04 03:16:23,113 [023e6ea0-0ef1-4794-8f75-07cc698c5b0d@group-BD3AB19C8CD0-SegmentedRaftLogWorker] INFO  segmented.SegmentedRaftLogWorker (SegmentedRaftLogWorker.java:execute(601)) - 023e6ea0-0ef1-4794-8f75-07cc698c5b0d@group-BD3AB19C8CD0-SegmentedRaftLogWorker: created new log segment /home/runner/work/ozone/ozone/hadoop-ozone/integration-test/target/test-dir/MiniOzoneClusterImpl-cc5aeae0-6f4d-475e-97ef-958bfb15a03d/datanode-1/data/ratis/69df5d7f-2df9-4c9a-b455-bd3ab19c8cd0/current/log_inprogress_0
2022-05-04 03:16:23,113 [grpc-default-executor-1] INFO  segmented.SegmentedRaftLogWorker (SegmentedRaftLogWorker.java:startLogSegment(394)) - e0500e2c-224c-46df-a4cf-d9aa21623822@group-BD3AB19C8CD0-SegmentedRaftLogWorker: Starting segment from index:0
2022-05-04 03:16:23,144 [e0500e2c-224c-46df-a4cf-d9aa21623822@group-BD3AB19C8CD0-SegmentedRaftLogWorker] INFO  segmented.SegmentedRaftLogWorker (SegmentedRaftLogWorker.java:execute(601)) - e0500e2c-224c-46df-a4cf-d9aa21623822@group-BD3AB19C8CD0-SegmentedRaftLogWorker: created new log segment /home/runner/work/ozone/ozone/hadoop-ozone/integration-test/target/test-dir/MiniOzoneClusterImpl-cc5aeae0-6f4d-475e-97ef-958bfb15a03d/datanode-0/data/ratis/69df5d7f-2df9-4c9a-b455-bd3ab19c8cd0/current/log_inprogress_0
2022-05-04 03:16:23,340 [Listener at 127.0.0.1/37999] INFO  ozone.MiniOzoneClusterImpl (MiniOzoneClusterImpl.java:lambda$waitForClusterToBeReady$0(221)) - Nodes are ready. Got 5 of 5 DN Heartbeats.
2022-05-04 03:16:23,340 [Listener at 127.0.0.1/37999] INFO  ozone.MiniOzoneClusterImpl (MiniOzoneClusterImpl.java:lambda$waitForClusterToBeReady$0(224)) - Cluster exits safe mode
2022-05-04 03:16:23,340 [Listener at 127.0.0.1/37999] INFO  ozone.MiniOzoneClusterImpl (MiniOzoneClusterImpl.java:lambda$waitForClusterToBeReady$0(226)) - SCM became leader
2022-05-04 03:16:23,410 [Time-limited test] INFO  rpc.RpcClient (RpcClient.java:createVolume(448)) - Creating Volume: volume06220, with user28147 as owner and space quota set to -1 bytes, counts quota set to -1
2022-05-04 03:16:23,428 [OM StateMachine ApplyTransaction Thread - 0] INFO  volume.OMVolumeCreateRequest (OMVolumeCreateRequest.java:validateAndUpdateCache(195)) - created volume:volume06220 for user:user28147
2022-05-04 03:16:23,461 [Time-limited test] INFO  rpc.RpcClient (RpcClient.java:createBucket(637)) - Creating Bucket: volume06220/bucket33828, with runner as owner and Versioning false and Storage Type set to DISK and Encryption set to false 
2022-05-04 03:16:23,470 [OM StateMachine ApplyTransaction Thread - 0] INFO  bucket.OMBucketCreateRequest (OMBucketCreateRequest.java:validateAndUpdateCache(258)) - created bucket: bucket33828 of layout LEGACY in volume: volume06220
2022-05-04 03:16:23,534 [IPC Server handler 16 on default port 39281] INFO  ha.SequenceIdGenerator (SequenceIdGenerator.java:getNextId(127)) - Allocate a batch for containerId, change lastId from 0 to 1000.
2022-05-04 03:16:23,535 [IPC Server handler 16 on default port 39281] WARN  ha.SequenceIdGenerator (SequenceIdGenerator.java:allocateBatch(235)) - Failed to allocate a batch for localId, expected lastId is 0, actual lastId is 109611004723200000.
2022-05-04 03:16:23,535 [IPC Server handler 16 on default port 39281] INFO  ha.SequenceIdGenerator (SequenceIdGenerator.java:getNextId(127)) - Allocate a batch for localId, change lastId from 109611004723200000 to 109611004723201000.
03:16:23.567 [IPC Server handler 4 on default port 37999] ERROR OMAudit - user=runner | ip=127.0.0.1 | op=GET_FILE_STATUS {volume=volume06220, bucket=bucket33828, key=dir568/file1, dataSize=0, replicationConfig=null} | ret=FAILURE
org.apache.hadoop.ozone.om.exceptions.OMException: Unable to get file status: volume: volume06220 bucket: bucket33828 key: dir568/file1
	at org.apache.hadoop.ozone.om.KeyManagerImpl.getOzoneFileStatus(KeyManagerImpl.java:1280) ~[ozone-manager-1.3.0-SNAPSHOT.jar:?]
	at org.apache.hadoop.ozone.om.KeyManagerImpl.getFileStatus(KeyManagerImpl.java:1210) ~[ozone-manager-1.3.0-SNAPSHOT.jar:?]
	at org.apache.hadoop.ozone.om.OzoneManager.getFileStatus(OzoneManager.java:3067) ~[ozone-manager-1.3.0-SNAPSHOT.jar:?]
	at org.apache.hadoop.ozone.protocolPB.OzoneManagerRequestHandler.getOzoneFileStatus(OzoneManagerRequestHandler.java:670) ~[ozone-manager-1.3.0-SNAPSHOT.jar:?]
	at org.apache.hadoop.ozone.protocolPB.OzoneManagerRequestHandler.handleReadRequest(OzoneManagerRequestHandler.java:201) ~[ozone-manager-1.3.0-SNAPSHOT.jar:?]
	at org.apache.hadoop.ozone.protocolPB.OzoneManagerProtocolServerSideTranslatorPB.submitReadRequestToOM(OzoneManagerProtocolServerSideTranslatorPB.java:213) ~[ozone-manager-1.3.0-SNAPSHOT.jar:?]
	at org.apache.hadoop.ozone.protocolPB.OzoneManagerProtocolServerSideTranslatorPB.processRequest(OzoneManagerProtocolServerSideTranslatorPB.java:174) ~[ozone-manager-1.3.0-SNAPSHOT.jar:?]
	at org.apache.hadoop.hdds.server.OzoneProtocolMessageDispatcher.processRequest(OzoneProtocolMessageDispatcher.java:87) [hdds-server-framework-1.3.0-SNAPSHOT.jar:?]
	at org.apache.hadoop.ozone.protocolPB.OzoneManagerProtocolServerSideTranslatorPB.submitRequest(OzoneManagerProtocolServerSideTranslatorPB.java:146) [ozone-manager-1.3.0-SNAPSHOT.jar:?]
	at org.apache.hadoop.ozone.protocol.proto.OzoneManagerProtocolProtos$OzoneManagerService$2.callBlockingMethod(OzoneManagerProtocolProtos.java) [ozone-interface-client-1.3.0-SNAPSHOT.jar:?]
	at org.apache.hadoop.ipc.ProtobufRpcEngine$Server.processCall(ProtobufRpcEngine.java:466) [hadoop-common-3.3.1.jar:?]
	at org.apache.hadoop.ipc.ProtobufRpcEngine2$Server$ProtoBufRpcInvoker.call(ProtobufRpcEngine2.java:574) [hadoop-common-3.3.1.jar:?]
	at org.apache.hadoop.ipc.ProtobufRpcEngine2$Server$ProtoBufRpcInvoker.call(ProtobufRpcEngine2.java:552) [hadoop-common-3.3.1.jar:?]
	at org.apache.hadoop.ipc.RPC$Server.call(RPC.java:1093) [hadoop-common-3.3.1.jar:?]
	at org.apache.hadoop.ipc.Server$RpcCall.run(Server.java:1035) [hadoop-common-3.3.1.jar:?]
	at org.apache.hadoop.ipc.Server$RpcCall.run(Server.java:963) [hadoop-common-3.3.1.jar:?]
	at java.security.AccessController.doPrivileged(Native Method) ~[?:1.8.0_322]
	at javax.security.auth.Subject.doAs(Subject.java:422) [?:1.8.0_322]
	at org.apache.hadoop.security.UserGroupInformation.doAs(UserGroupInformation.java:1878) [hadoop-common-3.3.1.jar:?]
	at org.apache.hadoop.ipc.Server$Handler.run(Server.java:2966) [hadoop-common-3.3.1.jar:?]
]]></system-out>
  </testcase>
  <testcase name="testRenameFile" classname="TestRootedOzoneFileSystem" time="0.357">
    <system-out><![CDATA[2022-05-04 03:16:59,521 [Listener at 127.0.0.1/37999] INFO  ozone.MiniOzoneClusterImpl (MiniOzoneClusterImpl.java:shutdown(456)) - Shutting down the Mini Ozone Cluster
2022-05-04 03:16:59,521 [Listener at 127.0.0.1/37999] INFO  ozone.MiniOzoneClusterImpl (MiniOzoneClusterImpl.java:stop(471)) - Stopping the Mini Ozone Cluster
2022-05-04 03:16:59,521 [Listener at 127.0.0.1/37999] INFO  ozone.MiniOzoneClusterImpl (MiniOzoneClusterImpl.java:stopOM(553)) - Stopping the OzoneManager
2022-05-04 03:16:59,521 [Listener at 127.0.0.1/37999] INFO  om.OzoneManager (OzoneManager.java:stop(1950)) - om1[localhost:0]: Stopping Ozone Manager
2022-05-04 03:16:59,521 [Listener at 127.0.0.1/37999] INFO  ipc.Server (Server.java:stop(3414)) - Stopping server on 37999
2022-05-04 03:16:59,574 [IPC Server listener on 0] INFO  ipc.Server (Server.java:run(1376)) - Stopping IPC Server listener on 0
2022-05-04 03:16:59,576 [IPC Server Responder] INFO  ipc.Server (Server.java:run(1512)) - Stopping IPC Server Responder
2022-05-04 03:16:59,576 [Listener at 127.0.0.1/37999] INFO  server.RaftServer (RaftServerProxy.java:lambda$close$6(391)) - om1: close
2022-05-04 03:16:59,577 [Listener at 127.0.0.1/37999] INFO  server.RaftServer$Division (RaftServerImpl.java:lambda$close$4(412)) - om1@group-C5BA1605619E: shutdown
2022-05-04 03:16:59,577 [Listener at 127.0.0.1/37999] INFO  util.JmxRegister (JmxRegister.java:unregister(73)) - Successfully un-registered JMX Bean with object name Ratis:service=RaftServer,group=group-C5BA1605619E,id=om1
2022-05-04 03:16:59,577 [Listener at 127.0.0.1/37999] INFO  impl.RoleInfo (RoleInfo.java:shutdownLeaderState(91)) - om1: shutdown om1@group-C5BA1605619E-LeaderStateImpl
2022-05-04 03:16:59,577 [Listener at 127.0.0.1/37999] INFO  impl.PendingRequests (PendingRequests.java:sendNotLeaderResponses(282)) - om1@group-C5BA1605619E-PendingRequests: sendNotLeaderResponses
2022-05-04 03:16:59,612 [Listener at 127.0.0.1/37999] INFO  impl.StateMachineUpdater (StateMachineUpdater.java:stopAndJoin(149)) - om1@group-C5BA1605619E-StateMachineUpdater: set stopIndex = 6950
2022-05-04 03:16:59,612 [om1@group-C5BA1605619E-StateMachineUpdater] INFO  ratis.OzoneManagerStateMachine (OzoneManagerStateMachine.java:takeSnapshot(436)) - Current Snapshot Index (t:1, i:6950)
2022-05-04 03:16:59,612 [om1@group-C5BA1605619E-StateMachineUpdater] INFO  impl.StateMachineUpdater (StateMachineUpdater.java:takeSnapshot(281)) - om1@group-C5BA1605619E-StateMachineUpdater: Took a snapshot at index 6950
2022-05-04 03:16:59,612 [om1@group-C5BA1605619E-StateMachineUpdater] INFO  impl.StateMachineUpdater (StateMachineUpdater.java:lambda$new$0(89)) - om1@group-C5BA1605619E-StateMachineUpdater: snapshotIndex: updateIncreasingly -1 -> 6950
2022-05-04 03:16:59,612 [om1@group-C5BA1605619E-StateMachineUpdater] INFO  ratis.OzoneManagerStateMachine (OzoneManagerStateMachine.java:close(490)) - StateMachine has shutdown. Shutdown OzoneManager if not already shutdown.
2022-05-04 03:16:59,612 [om1@group-C5BA1605619E-StateMachineUpdater] INFO  ratis.OzoneManagerDoubleBuffer (OzoneManagerDoubleBuffer.java:stop(465)) - Stopping OMDoubleBuffer flush thread
2022-05-04 03:16:59,612 [OMDoubleBufferFlushThread] INFO  ratis.OzoneManagerDoubleBuffer (OzoneManagerDoubleBuffer.java:flushTransactions(385)) - OMDoubleBuffer flush thread OMDoubleBufferFlushThread is interrupted and will exit.
2022-05-04 03:16:59,655 [Listener at 127.0.0.1/37999] INFO  server.RaftServer$Division (ServerState.java:close(419)) - om1@group-C5BA1605619E: closes. applyIndex: 6950
2022-05-04 03:16:59,655 [om1@group-C5BA1605619E-SegmentedRaftLogWorker] INFO  segmented.SegmentedRaftLogWorker (SegmentedRaftLogWorker.java:run(327)) - om1@group-C5BA1605619E-SegmentedRaftLogWorker was interrupted, exiting. There are 0 tasks remaining in the queue.
2022-05-04 03:16:59,657 [Listener at 127.0.0.1/37999] INFO  segmented.SegmentedRaftLogWorker (SegmentedRaftLogWorker.java:close(237)) - om1@group-C5BA1605619E-SegmentedRaftLogWorker close()
2022-05-04 03:16:59,705 [Listener at 127.0.0.1/37999] INFO  server.GrpcService (GrpcService.java:closeImpl(262)) - om1: shutdown server with port 9872 now
2022-05-04 03:16:59,705 [Listener at 127.0.0.1/37999] INFO  server.GrpcService (GrpcService.java:closeImpl(271)) - om1: shutdown server with port 9872 successfully
2022-05-04 03:16:59,705 [org.apache.ratis.util.JvmPauseMonitor$$Lambda$565/1325392746@6ca73ab2] INFO  util.JvmPauseMonitor (JvmPauseMonitor.java:run(109)) - JvmPauseMonitor-om1: Stopped
2022-05-04 03:16:59,706 [Listener at 127.0.0.1/37999] INFO  ratis.OzoneManagerStateMachine (OzoneManagerStateMachine.java:close(490)) - StateMachine has shutdown. Shutdown OzoneManager if not already shutdown.
2022-05-04 03:16:59,706 [Listener at 127.0.0.1/37999] INFO  ratis.OzoneManagerDoubleBuffer (OzoneManagerDoubleBuffer.java:stop(477)) - OMDoubleBuffer flush thread is not running.
2022-05-04 03:16:59,706 [Listener at 127.0.0.1/37999] INFO  utils.BackgroundService (BackgroundService.java:shutdown(132)) - Shutting down service KeyDeletingService
2022-05-04 03:16:59,706 [Listener at 127.0.0.1/37999] INFO  utils.BackgroundService (BackgroundService.java:shutdown(132)) - Shutting down service DirectoryDeletingService
2022-05-04 03:16:59,707 [Listener at 127.0.0.1/37999] INFO  handler.ContextHandler (ContextHandler.java:doStop(1153)) - Stopped o.e.j.w.WebAppContext@62963fb0{ozoneManager,/,null,STOPPED}{file:/home/runner/work/ozone/ozone/hadoop-ozone/integration-test/target/test-classes/webapps/ozoneManager}
2022-05-04 03:16:59,708 [Listener at 127.0.0.1/37999] INFO  server.AbstractConnector (AbstractConnector.java:doStop(381)) - Stopped ServerConnector@1af8946b{HTTP/1.1, (http/1.1)}{0.0.0.0:0}
2022-05-04 03:16:59,708 [Listener at 127.0.0.1/37999] INFO  server.session (HouseKeeper.java:stopScavenging(149)) - node0 Stopped scavenging
2022-05-04 03:16:59,708 [Listener at 127.0.0.1/37999] INFO  handler.ContextHandler (ContextHandler.java:doStop(1153)) - Stopped o.e.j.s.ServletContextHandler@1968bd52{static,/static,file:///home/runner/work/ozone/ozone/hadoop-ozone/integration-test/target/test-classes/webapps/static,STOPPED}
2022-05-04 03:16:59,708 [Listener at 127.0.0.1/37999] INFO  handler.ContextHandler (ContextHandler.java:doStop(1153)) - Stopped o.e.j.s.ServletContextHandler@71c229b6{logs,/logs,file:///home/runner/work/ozone/ozone/hadoop-ozone/integration-test/target/log,STOPPED}
2022-05-04 03:16:59,714 [Trash Emptier] ERROR om.TrashPolicyOzone (TrashPolicyOzone.java:run(251)) - Error attempting to shutdown
java.lang.InterruptedException
	at java.util.concurrent.locks.AbstractQueuedSynchronizer$ConditionObject.awaitNanos(AbstractQueuedSynchronizer.java:2067)
	at java.util.concurrent.ThreadPoolExecutor.awaitTermination(ThreadPoolExecutor.java:1475)
	at org.apache.hadoop.ozone.om.TrashPolicyOzone$Emptier.run(TrashPolicyOzone.java:249)
	at java.lang.Thread.run(Thread.java:750)
2022-05-04 03:16:59,714 [Trash Emptier] ERROR util.ExitUtils (ExitUtils.java:terminate(133)) - Terminating with exit status -1: Thread[Trash Emptier,5,main] has thrown an uncaught exception
java.lang.UnsupportedOperationException: fs.getUri() not implemented in TrashOzoneFileSystem
	at org.apache.hadoop.ozone.om.TrashOzoneFileSystem.getUri(TrashOzoneFileSystem.java:124)
	at org.apache.hadoop.fs.FileSystem.close(FileSystem.java:2592)
	at org.apache.hadoop.ozone.om.TrashPolicyOzone$Emptier.run(TrashPolicyOzone.java:243)
	at java.lang.Thread.run(Thread.java:750)
2022-05-04 03:16:59,716 [Listener at 127.0.0.1/37999] INFO  ozone.MiniOzoneClusterImpl (MiniOzoneClusterImpl.java:stopDatanodes(530)) - Stopping the HddsDatanodes
2022-05-04 03:17:04,722 [ForkJoinPool.commonPool-worker-0] INFO  ozoneimpl.OzoneContainer (OzoneContainer.java:stop(356)) - Attempting to stop container services.
2022-05-04 03:17:04,723 [ForkJoinPool.commonPool-worker-0] INFO  server.RaftServer (RaftServerProxy.java:lambda$close$6(391)) - 023e6ea0-0ef1-4794-8f75-07cc698c5b0d: close
2022-05-04 03:17:04,723 [ForkJoinPool.commonPool-worker-0] INFO  server.RaftServer$Division (RaftServerImpl.java:lambda$close$4(412)) - 023e6ea0-0ef1-4794-8f75-07cc698c5b0d@group-BD3AB19C8CD0: shutdown
2022-05-04 03:17:04,723 [ForkJoinPool.commonPool-worker-0] INFO  util.JmxRegister (JmxRegister.java:unregister(73)) - Successfully un-registered JMX Bean with object name Ratis:service=RaftServer,group=group-BD3AB19C8CD0,id=023e6ea0-0ef1-4794-8f75-07cc698c5b0d
2022-05-04 03:17:04,723 [ForkJoinPool.commonPool-worker-0] INFO  impl.RoleInfo (RoleInfo.java:shutdownFollowerState(108)) - 023e6ea0-0ef1-4794-8f75-07cc698c5b0d: shutdown 023e6ea0-0ef1-4794-8f75-07cc698c5b0d@group-BD3AB19C8CD0-FollowerState
2022-05-04 03:17:04,723 [ForkJoinPool.commonPool-worker-0] INFO  impl.StateMachineUpdater (StateMachineUpdater.java:stopAndJoin(149)) - 023e6ea0-0ef1-4794-8f75-07cc698c5b0d@group-BD3AB19C8CD0-StateMachineUpdater: set stopIndex = 35
2022-05-04 03:17:04,723 [023e6ea0-0ef1-4794-8f75-07cc698c5b0d@group-BD3AB19C8CD0-FollowerState] INFO  impl.FollowerState (FollowerState.java:run(143)) - 023e6ea0-0ef1-4794-8f75-07cc698c5b0d@group-BD3AB19C8CD0-FollowerState was interrupted: {}
java.lang.InterruptedException: sleep interrupted
	at java.lang.Thread.sleep(Native Method)
	at java.lang.Thread.sleep(Thread.java:342)
	at java.util.concurrent.TimeUnit.sleep(TimeUnit.java:386)
	at org.apache.ratis.util.TimeDuration.sleep(TimeDuration.java:324)
	at org.apache.ratis.util.TimeDuration.sleep(TimeDuration.java:309)
	at org.apache.ratis.server.impl.FollowerState.run(FollowerState.java:118)
2022-05-04 03:17:04,743 [023e6ea0-0ef1-4794-8f75-07cc698c5b0d@group-BD3AB19C8CD0-StateMachineUpdater] INFO  ratis.ContainerStateMachine (ContainerStateMachine.java:takeSnapshot(304)) - group-BD3AB19C8CD0: Taking a snapshot at:(t:2, i:35) file /home/runner/work/ozone/ozone/hadoop-ozone/integration-test/target/test-dir/MiniOzoneClusterImpl-cc5aeae0-6f4d-475e-97ef-958bfb15a03d/datanode-1/data/ratis/69df5d7f-2df9-4c9a-b455-bd3ab19c8cd0/sm/snapshot.2_35
2022-05-04 03:17:04,744 [Listener at 127.0.0.1/37999] INFO  ozoneimpl.OzoneContainer (OzoneContainer.java:stop(356)) - Attempting to stop container services.
2022-05-04 03:17:04,746 [023e6ea0-0ef1-4794-8f75-07cc698c5b0d@group-BD3AB19C8CD0-StateMachineUpdater] INFO  ratis.ContainerStateMachine (ContainerStateMachine.java:takeSnapshot(315)) - group-BD3AB19C8CD0: Finished taking a snapshot at:(t:2, i:35) file:/home/runner/work/ozone/ozone/hadoop-ozone/integration-test/target/test-dir/MiniOzoneClusterImpl-cc5aeae0-6f4d-475e-97ef-958bfb15a03d/datanode-1/data/ratis/69df5d7f-2df9-4c9a-b455-bd3ab19c8cd0/sm/snapshot.2_35 took: 23 ms
2022-05-04 03:17:04,746 [023e6ea0-0ef1-4794-8f75-07cc698c5b0d@group-BD3AB19C8CD0-StateMachineUpdater] INFO  impl.StateMachineUpdater (StateMachineUpdater.java:takeSnapshot(281)) - 023e6ea0-0ef1-4794-8f75-07cc698c5b0d@group-BD3AB19C8CD0-StateMachineUpdater: Took a snapshot at index 35
2022-05-04 03:17:04,747 [023e6ea0-0ef1-4794-8f75-07cc698c5b0d@group-BD3AB19C8CD0-StateMachineUpdater] INFO  impl.StateMachineUpdater (StateMachineUpdater.java:lambda$new$0(89)) - 023e6ea0-0ef1-4794-8f75-07cc698c5b0d@group-BD3AB19C8CD0-StateMachineUpdater: snapshotIndex: updateIncreasingly -1 -> 35
2022-05-04 03:17:04,748 [ForkJoinPool.commonPool-worker-0] INFO  server.RaftServer$Division (ServerState.java:close(419)) - 023e6ea0-0ef1-4794-8f75-07cc698c5b0d@group-BD3AB19C8CD0: closes. applyIndex: 35
2022-05-04 03:17:04,748 [023e6ea0-0ef1-4794-8f75-07cc698c5b0d@group-BD3AB19C8CD0-SegmentedRaftLogWorker] INFO  segmented.SegmentedRaftLogWorker (SegmentedRaftLogWorker.java:run(327)) - 023e6ea0-0ef1-4794-8f75-07cc698c5b0d@group-BD3AB19C8CD0-SegmentedRaftLogWorker was interrupted, exiting. There are 0 tasks remaining in the queue.
2022-05-04 03:17:04,748 [ForkJoinPool.commonPool-worker-0] INFO  segmented.SegmentedRaftLogWorker (SegmentedRaftLogWorker.java:close(237)) - 023e6ea0-0ef1-4794-8f75-07cc698c5b0d@group-BD3AB19C8CD0-SegmentedRaftLogWorker close()
2022-05-04 03:17:04,749 [ForkJoinPool.commonPool-worker-0] INFO  server.RaftServer$Division (RaftServerImpl.java:lambda$close$4(412)) - 023e6ea0-0ef1-4794-8f75-07cc698c5b0d@group-CCD661E93E1F: shutdown
2022-05-04 03:17:04,749 [ForkJoinPool.commonPool-worker-0] INFO  util.JmxRegister (JmxRegister.java:unregister(73)) - Successfully un-registered JMX Bean with object name Ratis:service=RaftServer,group=group-CCD661E93E1F,id=023e6ea0-0ef1-4794-8f75-07cc698c5b0d
2022-05-04 03:17:04,750 [ForkJoinPool.commonPool-worker-0] INFO  impl.RoleInfo (RoleInfo.java:shutdownLeaderState(91)) - 023e6ea0-0ef1-4794-8f75-07cc698c5b0d: shutdown 023e6ea0-0ef1-4794-8f75-07cc698c5b0d@group-CCD661E93E1F-LeaderStateImpl
2022-05-04 03:17:04,750 [ForkJoinPool.commonPool-worker-0] INFO  impl.PendingRequests (PendingRequests.java:sendNotLeaderResponses(282)) - 023e6ea0-0ef1-4794-8f75-07cc698c5b0d@group-CCD661E93E1F-PendingRequests: sendNotLeaderResponses
2022-05-04 03:17:04,752 [ForkJoinPool.commonPool-worker-0] INFO  impl.StateMachineUpdater (StateMachineUpdater.java:stopAndJoin(149)) - 023e6ea0-0ef1-4794-8f75-07cc698c5b0d@group-CCD661E93E1F-StateMachineUpdater: set stopIndex = 14
2022-05-04 03:17:04,769 [023e6ea0-0ef1-4794-8f75-07cc698c5b0d@group-CCD661E93E1F->fdc42406-f03d-49b8-be8d-aa07467fef04-GrpcLogAppender-LogAppenderDaemon] WARN  server.GrpcLogAppender (GrpcLogAppender.java:mayWait(177)) - 023e6ea0-0ef1-4794-8f75-07cc698c5b0d@group-CCD661E93E1F->fdc42406-f03d-49b8-be8d-aa07467fef04-GrpcLogAppender: Wait interrupted by java.lang.InterruptedException
2022-05-04 03:17:04,770 [grpc-default-executor-3] INFO  server.GrpcServerProtocolService (GrpcServerProtocolService.java:onCompleted(140)) - fdc42406-f03d-49b8-be8d-aa07467fef04: Completed APPEND_ENTRIES, lastRequest: 023e6ea0-0ef1-4794-8f75-07cc698c5b0d->fdc42406-f03d-49b8-be8d-aa07467fef04#640-t2,previous=(t:2, i:13),leaderCommit=12,initializing? true,entries: size=1, first=(t:2, i:14), METADATAENTRY(c:12)
2022-05-04 03:17:04,772 [Listener at 127.0.0.1/37999] INFO  server.RaftServer (RaftServerProxy.java:lambda$close$6(391)) - fdc42406-f03d-49b8-be8d-aa07467fef04: close
2022-05-04 03:17:04,772 [Listener at 127.0.0.1/37999] INFO  server.RaftServer$Division (RaftServerImpl.java:lambda$close$4(412)) - fdc42406-f03d-49b8-be8d-aa07467fef04@group-BD3AB19C8CD0: shutdown
2022-05-04 03:17:04,772 [Listener at 127.0.0.1/37999] INFO  util.JmxRegister (JmxRegister.java:unregister(73)) - Successfully un-registered JMX Bean with object name Ratis:service=RaftServer,group=group-BD3AB19C8CD0,id=fdc42406-f03d-49b8-be8d-aa07467fef04
2022-05-04 03:17:04,772 [Listener at 127.0.0.1/37999] INFO  impl.RoleInfo (RoleInfo.java:shutdownLeaderState(91)) - fdc42406-f03d-49b8-be8d-aa07467fef04: shutdown fdc42406-f03d-49b8-be8d-aa07467fef04@group-BD3AB19C8CD0-LeaderStateImpl
2022-05-04 03:17:04,772 [Listener at 127.0.0.1/37999] INFO  impl.PendingRequests (PendingRequests.java:sendNotLeaderResponses(282)) - fdc42406-f03d-49b8-be8d-aa07467fef04@group-BD3AB19C8CD0-PendingRequests: sendNotLeaderResponses
2022-05-04 03:17:04,772 [fdc42406-f03d-49b8-be8d-aa07467fef04@group-BD3AB19C8CD0->023e6ea0-0ef1-4794-8f75-07cc698c5b0d-GrpcLogAppender-LogAppenderDaemon] WARN  server.GrpcLogAppender (GrpcLogAppender.java:mayWait(177)) - fdc42406-f03d-49b8-be8d-aa07467fef04@group-BD3AB19C8CD0->023e6ea0-0ef1-4794-8f75-07cc698c5b0d-GrpcLogAppender: Wait interrupted by java.lang.InterruptedException
2022-05-04 03:17:04,773 [fdc42406-f03d-49b8-be8d-aa07467fef04@group-BD3AB19C8CD0->e0500e2c-224c-46df-a4cf-d9aa21623822-GrpcLogAppender-LogAppenderDaemon] WARN  server.GrpcLogAppender (GrpcLogAppender.java:mayWait(177)) - fdc42406-f03d-49b8-be8d-aa07467fef04@group-BD3AB19C8CD0->e0500e2c-224c-46df-a4cf-d9aa21623822-GrpcLogAppender: Wait interrupted by java.lang.InterruptedException
2022-05-04 03:17:04,773 [023e6ea0-0ef1-4794-8f75-07cc698c5b0d@group-CCD661E93E1F-StateMachineUpdater] INFO  ratis.ContainerStateMachine (ContainerStateMachine.java:takeSnapshot(304)) - group-CCD661E93E1F: Taking a snapshot at:(t:2, i:14) file /home/runner/work/ozone/ozone/hadoop-ozone/integration-test/target/test-dir/MiniOzoneClusterImpl-cc5aeae0-6f4d-475e-97ef-958bfb15a03d/datanode-1/data/ratis/e8f2c910-ddc6-4ef1-b0c2-ccd661e93e1f/sm/snapshot.2_14
2022-05-04 03:17:04,773 [023e6ea0-0ef1-4794-8f75-07cc698c5b0d@group-CCD661E93E1F->e0500e2c-224c-46df-a4cf-d9aa21623822-GrpcLogAppender-LogAppenderDaemon] WARN  server.GrpcLogAppender (GrpcLogAppender.java:mayWait(177)) - 023e6ea0-0ef1-4794-8f75-07cc698c5b0d@group-CCD661E93E1F->e0500e2c-224c-46df-a4cf-d9aa21623822-GrpcLogAppender: Wait interrupted by java.lang.InterruptedException
2022-05-04 03:17:04,772 [grpc-default-executor-2] INFO  server.GrpcLogAppender (GrpcLogAppender.java:onCompleted(346)) - 023e6ea0-0ef1-4794-8f75-07cc698c5b0d@group-CCD661E93E1F->fdc42406-f03d-49b8-be8d-aa07467fef04-AppendLogResponseHandler: follower responses appendEntries COMPLETED
2022-05-04 03:17:04,774 [grpc-default-executor-0] INFO  server.GrpcServerProtocolService (GrpcServerProtocolService.java:onCompleted(140)) - e0500e2c-224c-46df-a4cf-d9aa21623822: Completed APPEND_ENTRIES, lastRequest: fdc42406-f03d-49b8-be8d-aa07467fef04->e0500e2c-224c-46df-a4cf-d9aa21623822#849-t2,previous=(t:2, i:34),leaderCommit=33,initializing? true,entries: size=1, first=(t:2, i:35), METADATAENTRY(c:33)
2022-05-04 03:17:04,777 [grpc-default-executor-2] INFO  leader.FollowerInfo (FollowerInfoImpl.java:lambda$new$0(47)) - 023e6ea0-0ef1-4794-8f75-07cc698c5b0d@group-CCD661E93E1F->fdc42406-f03d-49b8-be8d-aa07467fef04: nextIndex: updateUnconditionally 15 -> 14
2022-05-04 03:17:04,780 [Listener at 127.0.0.1/37999] INFO  impl.StateMachineUpdater (StateMachineUpdater.java:stopAndJoin(149)) - fdc42406-f03d-49b8-be8d-aa07467fef04@group-BD3AB19C8CD0-StateMachineUpdater: set stopIndex = 35
2022-05-04 03:17:04,782 [fdc42406-f03d-49b8-be8d-aa07467fef04@group-BD3AB19C8CD0-StateMachineUpdater] INFO  ratis.ContainerStateMachine (ContainerStateMachine.java:takeSnapshot(304)) - group-BD3AB19C8CD0: Taking a snapshot at:(t:2, i:35) file /home/runner/work/ozone/ozone/hadoop-ozone/integration-test/target/test-dir/MiniOzoneClusterImpl-cc5aeae0-6f4d-475e-97ef-958bfb15a03d/datanode-2/data/ratis/69df5d7f-2df9-4c9a-b455-bd3ab19c8cd0/sm/snapshot.2_35
2022-05-04 03:17:04,787 [fdc42406-f03d-49b8-be8d-aa07467fef04@group-BD3AB19C8CD0-StateMachineUpdater] INFO  ratis.ContainerStateMachine (ContainerStateMachine.java:takeSnapshot(315)) - group-BD3AB19C8CD0: Finished taking a snapshot at:(t:2, i:35) file:/home/runner/work/ozone/ozone/hadoop-ozone/integration-test/target/test-dir/MiniOzoneClusterImpl-cc5aeae0-6f4d-475e-97ef-958bfb15a03d/datanode-2/data/ratis/69df5d7f-2df9-4c9a-b455-bd3ab19c8cd0/sm/snapshot.2_35 took: 4 ms
2022-05-04 03:17:04,787 [fdc42406-f03d-49b8-be8d-aa07467fef04@group-BD3AB19C8CD0-StateMachineUpdater] INFO  impl.StateMachineUpdater (StateMachineUpdater.java:takeSnapshot(281)) - fdc42406-f03d-49b8-be8d-aa07467fef04@group-BD3AB19C8CD0-StateMachineUpdater: Took a snapshot at index 35
2022-05-04 03:17:04,787 [fdc42406-f03d-49b8-be8d-aa07467fef04@group-BD3AB19C8CD0-StateMachineUpdater] INFO  impl.StateMachineUpdater (StateMachineUpdater.java:lambda$new$0(89)) - fdc42406-f03d-49b8-be8d-aa07467fef04@group-BD3AB19C8CD0-StateMachineUpdater: snapshotIndex: updateIncreasingly -1 -> 35
2022-05-04 03:17:04,788 [Listener at 127.0.0.1/37999] INFO  server.RaftServer$Division (ServerState.java:close(419)) - fdc42406-f03d-49b8-be8d-aa07467fef04@group-BD3AB19C8CD0: closes. applyIndex: 35
2022-05-04 03:17:04,789 [fdc42406-f03d-49b8-be8d-aa07467fef04@group-BD3AB19C8CD0-SegmentedRaftLogWorker] INFO  segmented.SegmentedRaftLogWorker (SegmentedRaftLogWorker.java:run(327)) - fdc42406-f03d-49b8-be8d-aa07467fef04@group-BD3AB19C8CD0-SegmentedRaftLogWorker was interrupted, exiting. There are 0 tasks remaining in the queue.
2022-05-04 03:17:04,789 [Listener at 127.0.0.1/37999] INFO  segmented.SegmentedRaftLogWorker (SegmentedRaftLogWorker.java:close(237)) - fdc42406-f03d-49b8-be8d-aa07467fef04@group-BD3AB19C8CD0-SegmentedRaftLogWorker close()
2022-05-04 03:17:04,799 [023e6ea0-0ef1-4794-8f75-07cc698c5b0d@group-CCD661E93E1F-StateMachineUpdater] INFO  ratis.ContainerStateMachine (ContainerStateMachine.java:takeSnapshot(315)) - group-CCD661E93E1F: Finished taking a snapshot at:(t:2, i:14) file:/home/runner/work/ozone/ozone/hadoop-ozone/integration-test/target/test-dir/MiniOzoneClusterImpl-cc5aeae0-6f4d-475e-97ef-958bfb15a03d/datanode-1/data/ratis/e8f2c910-ddc6-4ef1-b0c2-ccd661e93e1f/sm/snapshot.2_14 took: 44 ms
2022-05-04 03:17:04,799 [023e6ea0-0ef1-4794-8f75-07cc698c5b0d@group-CCD661E93E1F-StateMachineUpdater] INFO  impl.StateMachineUpdater (StateMachineUpdater.java:takeSnapshot(281)) - 023e6ea0-0ef1-4794-8f75-07cc698c5b0d@group-CCD661E93E1F-StateMachineUpdater: Took a snapshot at index 14
2022-05-04 03:17:04,799 [023e6ea0-0ef1-4794-8f75-07cc698c5b0d@group-CCD661E93E1F-StateMachineUpdater] INFO  impl.StateMachineUpdater (StateMachineUpdater.java:lambda$new$0(89)) - 023e6ea0-0ef1-4794-8f75-07cc698c5b0d@group-CCD661E93E1F-StateMachineUpdater: snapshotIndex: updateIncreasingly -1 -> 14
2022-05-04 03:17:04,799 [ForkJoinPool.commonPool-worker-0] INFO  server.RaftServer$Division (ServerState.java:close(419)) - 023e6ea0-0ef1-4794-8f75-07cc698c5b0d@group-CCD661E93E1F: closes. applyIndex: 14
2022-05-04 03:17:04,800 [023e6ea0-0ef1-4794-8f75-07cc698c5b0d@group-CCD661E93E1F-SegmentedRaftLogWorker] INFO  segmented.SegmentedRaftLogWorker (SegmentedRaftLogWorker.java:run(327)) - 023e6ea0-0ef1-4794-8f75-07cc698c5b0d@group-CCD661E93E1F-SegmentedRaftLogWorker was interrupted, exiting. There are 0 tasks remaining in the queue.
2022-05-04 03:17:04,800 [ForkJoinPool.commonPool-worker-0] INFO  segmented.SegmentedRaftLogWorker (SegmentedRaftLogWorker.java:close(237)) - 023e6ea0-0ef1-4794-8f75-07cc698c5b0d@group-CCD661E93E1F-SegmentedRaftLogWorker close()
2022-05-04 03:17:04,802 [grpc-default-executor-0] INFO  server.GrpcServerProtocolService (GrpcServerProtocolService.java:onCompleted(140)) - 023e6ea0-0ef1-4794-8f75-07cc698c5b0d: Completed APPEND_ENTRIES, lastRequest: fdc42406-f03d-49b8-be8d-aa07467fef04->023e6ea0-0ef1-4794-8f75-07cc698c5b0d#966-t2,previous=(t:2, i:34),leaderCommit=33,initializing? true,entries: size=1, first=(t:2, i:35), METADATAENTRY(c:33)
2022-05-04 03:17:04,806 [grpc-default-executor-2] INFO  server.GrpcLogAppender (GrpcLogAppender.java:onCompleted(346)) - fdc42406-f03d-49b8-be8d-aa07467fef04@group-BD3AB19C8CD0->e0500e2c-224c-46df-a4cf-d9aa21623822-AppendLogResponseHandler: follower responses appendEntries COMPLETED
2022-05-04 03:17:04,806 [grpc-default-executor-2] INFO  leader.FollowerInfo (FollowerInfoImpl.java:lambda$new$0(47)) - fdc42406-f03d-49b8-be8d-aa07467fef04@group-BD3AB19C8CD0->e0500e2c-224c-46df-a4cf-d9aa21623822: nextIndex: updateUnconditionally 36 -> 35
2022-05-04 03:17:04,806 [grpc-default-executor-1] INFO  server.GrpcServerProtocolService (GrpcServerProtocolService.java:onCompleted(140)) - e0500e2c-224c-46df-a4cf-d9aa21623822: Completed APPEND_ENTRIES, lastRequest: 023e6ea0-0ef1-4794-8f75-07cc698c5b0d->e0500e2c-224c-46df-a4cf-d9aa21623822#638-t2,previous=(t:2, i:13),leaderCommit=12,initializing? true,entries: size=1, first=(t:2, i:14), METADATAENTRY(c:12)
2022-05-04 03:17:04,807 [grpc-default-executor-1] INFO  server.GrpcLogAppender (GrpcLogAppender.java:onCompleted(346)) - 023e6ea0-0ef1-4794-8f75-07cc698c5b0d@group-CCD661E93E1F->e0500e2c-224c-46df-a4cf-d9aa21623822-AppendLogResponseHandler: follower responses appendEntries COMPLETED
2022-05-04 03:17:04,807 [grpc-default-executor-0] INFO  server.GrpcLogAppender (GrpcLogAppender.java:onCompleted(346)) - fdc42406-f03d-49b8-be8d-aa07467fef04@group-BD3AB19C8CD0->023e6ea0-0ef1-4794-8f75-07cc698c5b0d-AppendLogResponseHandler: follower responses appendEntries COMPLETED
2022-05-04 03:17:04,807 [grpc-default-executor-0] INFO  leader.FollowerInfo (FollowerInfoImpl.java:lambda$new$0(47)) - fdc42406-f03d-49b8-be8d-aa07467fef04@group-BD3AB19C8CD0->023e6ea0-0ef1-4794-8f75-07cc698c5b0d: nextIndex: updateUnconditionally 36 -> 35
2022-05-04 03:17:04,807 [grpc-default-executor-1] INFO  leader.FollowerInfo (FollowerInfoImpl.java:lambda$new$0(47)) - 023e6ea0-0ef1-4794-8f75-07cc698c5b0d@group-CCD661E93E1F->e0500e2c-224c-46df-a4cf-d9aa21623822: nextIndex: updateUnconditionally 15 -> 14
2022-05-04 03:17:04,814 [Listener at 127.0.0.1/37999] INFO  server.RaftServer$Division (RaftServerImpl.java:lambda$close$4(412)) - fdc42406-f03d-49b8-be8d-aa07467fef04@group-CCD661E93E1F: shutdown
2022-05-04 03:17:04,815 [Listener at 127.0.0.1/37999] INFO  util.JmxRegister (JmxRegister.java:unregister(73)) - Successfully un-registered JMX Bean with object name Ratis:service=RaftServer,group=group-CCD661E93E1F,id=fdc42406-f03d-49b8-be8d-aa07467fef04
2022-05-04 03:17:04,815 [Listener at 127.0.0.1/37999] INFO  impl.RoleInfo (RoleInfo.java:shutdownFollowerState(108)) - fdc42406-f03d-49b8-be8d-aa07467fef04: shutdown fdc42406-f03d-49b8-be8d-aa07467fef04@group-CCD661E93E1F-FollowerState
2022-05-04 03:17:04,815 [Listener at 127.0.0.1/37999] INFO  impl.StateMachineUpdater (StateMachineUpdater.java:stopAndJoin(149)) - fdc42406-f03d-49b8-be8d-aa07467fef04@group-CCD661E93E1F-StateMachineUpdater: set stopIndex = 14
2022-05-04 03:17:04,815 [fdc42406-f03d-49b8-be8d-aa07467fef04@group-CCD661E93E1F-FollowerState] INFO  impl.FollowerState (FollowerState.java:run(143)) - fdc42406-f03d-49b8-be8d-aa07467fef04@group-CCD661E93E1F-FollowerState was interrupted: {}
java.lang.InterruptedException: sleep interrupted
	at java.lang.Thread.sleep(Native Method)
	at java.lang.Thread.sleep(Thread.java:342)
	at java.util.concurrent.TimeUnit.sleep(TimeUnit.java:386)
	at org.apache.ratis.util.TimeDuration.sleep(TimeDuration.java:324)
	at org.apache.ratis.util.TimeDuration.sleep(TimeDuration.java:309)
	at org.apache.ratis.server.impl.FollowerState.run(FollowerState.java:118)
2022-05-04 03:17:04,815 [fdc42406-f03d-49b8-be8d-aa07467fef04@group-CCD661E93E1F-StateMachineUpdater] INFO  ratis.ContainerStateMachine (ContainerStateMachine.java:takeSnapshot(304)) - group-CCD661E93E1F: Taking a snapshot at:(t:2, i:14) file /home/runner/work/ozone/ozone/hadoop-ozone/integration-test/target/test-dir/MiniOzoneClusterImpl-cc5aeae0-6f4d-475e-97ef-958bfb15a03d/datanode-2/data/ratis/e8f2c910-ddc6-4ef1-b0c2-ccd661e93e1f/sm/snapshot.2_14
2022-05-04 03:17:04,818 [ForkJoinPool.commonPool-worker-0] INFO  server.RaftServer$Division (RaftServerImpl.java:lambda$close$4(412)) - 023e6ea0-0ef1-4794-8f75-07cc698c5b0d@group-67833FCEB3D6: shutdown
2022-05-04 03:17:04,818 [ForkJoinPool.commonPool-worker-0] INFO  util.JmxRegister (JmxRegister.java:unregister(73)) - Successfully un-registered JMX Bean with object name Ratis:service=RaftServer,group=group-67833FCEB3D6,id=023e6ea0-0ef1-4794-8f75-07cc698c5b0d
2022-05-04 03:17:04,818 [ForkJoinPool.commonPool-worker-0] INFO  impl.RoleInfo (RoleInfo.java:shutdownLeaderState(91)) - 023e6ea0-0ef1-4794-8f75-07cc698c5b0d: shutdown 023e6ea0-0ef1-4794-8f75-07cc698c5b0d@group-67833FCEB3D6-LeaderStateImpl
2022-05-04 03:17:04,819 [ForkJoinPool.commonPool-worker-0] INFO  impl.PendingRequests (PendingRequests.java:sendNotLeaderResponses(282)) - 023e6ea0-0ef1-4794-8f75-07cc698c5b0d@group-67833FCEB3D6-PendingRequests: sendNotLeaderResponses
2022-05-04 03:17:04,820 [fdc42406-f03d-49b8-be8d-aa07467fef04@group-CCD661E93E1F-StateMachineUpdater] INFO  ratis.ContainerStateMachine (ContainerStateMachine.java:takeSnapshot(315)) - group-CCD661E93E1F: Finished taking a snapshot at:(t:2, i:14) file:/home/runner/work/ozone/ozone/hadoop-ozone/integration-test/target/test-dir/MiniOzoneClusterImpl-cc5aeae0-6f4d-475e-97ef-958bfb15a03d/datanode-2/data/ratis/e8f2c910-ddc6-4ef1-b0c2-ccd661e93e1f/sm/snapshot.2_14 took: 4 ms
2022-05-04 03:17:04,820 [fdc42406-f03d-49b8-be8d-aa07467fef04@group-CCD661E93E1F-StateMachineUpdater] INFO  impl.StateMachineUpdater (StateMachineUpdater.java:takeSnapshot(281)) - fdc42406-f03d-49b8-be8d-aa07467fef04@group-CCD661E93E1F-StateMachineUpdater: Took a snapshot at index 14
2022-05-04 03:17:04,820 [fdc42406-f03d-49b8-be8d-aa07467fef04@group-CCD661E93E1F-StateMachineUpdater] INFO  impl.StateMachineUpdater (StateMachineUpdater.java:lambda$new$0(89)) - fdc42406-f03d-49b8-be8d-aa07467fef04@group-CCD661E93E1F-StateMachineUpdater: snapshotIndex: updateIncreasingly -1 -> 14
2022-05-04 03:17:04,821 [Listener at 127.0.0.1/37999] INFO  server.RaftServer$Division (ServerState.java:close(419)) - fdc42406-f03d-49b8-be8d-aa07467fef04@group-CCD661E93E1F: closes. applyIndex: 14
2022-05-04 03:17:04,821 [fdc42406-f03d-49b8-be8d-aa07467fef04@group-CCD661E93E1F-SegmentedRaftLogWorker] INFO  segmented.SegmentedRaftLogWorker (SegmentedRaftLogWorker.java:run(327)) - fdc42406-f03d-49b8-be8d-aa07467fef04@group-CCD661E93E1F-SegmentedRaftLogWorker was interrupted, exiting. There are 0 tasks remaining in the queue.
2022-05-04 03:17:04,821 [Listener at 127.0.0.1/37999] INFO  segmented.SegmentedRaftLogWorker (SegmentedRaftLogWorker.java:close(237)) - fdc42406-f03d-49b8-be8d-aa07467fef04@group-CCD661E93E1F-SegmentedRaftLogWorker close()
2022-05-04 03:17:04,822 [ForkJoinPool.commonPool-worker-0] INFO  impl.StateMachineUpdater (StateMachineUpdater.java:stopAndJoin(149)) - 023e6ea0-0ef1-4794-8f75-07cc698c5b0d@group-67833FCEB3D6-StateMachineUpdater: set stopIndex = 0
2022-05-04 03:17:04,822 [023e6ea0-0ef1-4794-8f75-07cc698c5b0d@group-67833FCEB3D6-StateMachineUpdater] INFO  ratis.ContainerStateMachine (ContainerStateMachine.java:takeSnapshot(304)) - group-67833FCEB3D6: Taking a snapshot at:(t:1, i:0) file /home/runner/work/ozone/ozone/hadoop-ozone/integration-test/target/test-dir/MiniOzoneClusterImpl-cc5aeae0-6f4d-475e-97ef-958bfb15a03d/datanode-1/data/ratis/502bef81-b19c-4324-a965-67833fceb3d6/sm/snapshot.1_0
2022-05-04 03:17:04,824 [023e6ea0-0ef1-4794-8f75-07cc698c5b0d@group-67833FCEB3D6-StateMachineUpdater] INFO  ratis.ContainerStateMachine (ContainerStateMachine.java:takeSnapshot(315)) - group-67833FCEB3D6: Finished taking a snapshot at:(t:1, i:0) file:/home/runner/work/ozone/ozone/hadoop-ozone/integration-test/target/test-dir/MiniOzoneClusterImpl-cc5aeae0-6f4d-475e-97ef-958bfb15a03d/datanode-1/data/ratis/502bef81-b19c-4324-a965-67833fceb3d6/sm/snapshot.1_0 took: 1 ms
2022-05-04 03:17:04,824 [023e6ea0-0ef1-4794-8f75-07cc698c5b0d@group-67833FCEB3D6-StateMachineUpdater] INFO  impl.StateMachineUpdater (StateMachineUpdater.java:takeSnapshot(281)) - 023e6ea0-0ef1-4794-8f75-07cc698c5b0d@group-67833FCEB3D6-StateMachineUpdater: Took a snapshot at index 0
2022-05-04 03:17:04,824 [023e6ea0-0ef1-4794-8f75-07cc698c5b0d@group-67833FCEB3D6-StateMachineUpdater] INFO  impl.StateMachineUpdater (StateMachineUpdater.java:lambda$new$0(89)) - 023e6ea0-0ef1-4794-8f75-07cc698c5b0d@group-67833FCEB3D6-StateMachineUpdater: snapshotIndex: updateIncreasingly -1 -> 0
2022-05-04 03:17:04,824 [ForkJoinPool.commonPool-worker-0] INFO  server.RaftServer$Division (ServerState.java:close(419)) - 023e6ea0-0ef1-4794-8f75-07cc698c5b0d@group-67833FCEB3D6: closes. applyIndex: 0
2022-05-04 03:17:04,824 [023e6ea0-0ef1-4794-8f75-07cc698c5b0d@group-67833FCEB3D6-SegmentedRaftLogWorker] INFO  segmented.SegmentedRaftLogWorker (SegmentedRaftLogWorker.java:run(327)) - 023e6ea0-0ef1-4794-8f75-07cc698c5b0d@group-67833FCEB3D6-SegmentedRaftLogWorker was interrupted, exiting. There are 0 tasks remaining in the queue.
2022-05-04 03:17:04,833 [ForkJoinPool.commonPool-worker-0] INFO  segmented.SegmentedRaftLogWorker (SegmentedRaftLogWorker.java:close(237)) - 023e6ea0-0ef1-4794-8f75-07cc698c5b0d@group-67833FCEB3D6-SegmentedRaftLogWorker close()
2022-05-04 03:17:04,835 [Listener at 127.0.0.1/37999] INFO  server.RaftServer$Division (RaftServerImpl.java:lambda$close$4(412)) - fdc42406-f03d-49b8-be8d-aa07467fef04@group-91C243C0887C: shutdown
2022-05-04 03:17:04,835 [ForkJoinPool.commonPool-worker-0] INFO  server.GrpcService (GrpcService.java:closeImpl(262)) - 023e6ea0-0ef1-4794-8f75-07cc698c5b0d: shutdown server with port 42169 now
2022-05-04 03:17:04,836 [Listener at 127.0.0.1/37999] INFO  util.JmxRegister (JmxRegister.java:unregister(73)) - Successfully un-registered JMX Bean with object name Ratis:service=RaftServer,group=group-91C243C0887C,id=fdc42406-f03d-49b8-be8d-aa07467fef04
2022-05-04 03:17:04,836 [Listener at 127.0.0.1/37999] INFO  impl.RoleInfo (RoleInfo.java:shutdownLeaderState(91)) - fdc42406-f03d-49b8-be8d-aa07467fef04: shutdown fdc42406-f03d-49b8-be8d-aa07467fef04@group-91C243C0887C-LeaderStateImpl
2022-05-04 03:17:04,836 [Listener at 127.0.0.1/37999] INFO  impl.PendingRequests (PendingRequests.java:sendNotLeaderResponses(282)) - fdc42406-f03d-49b8-be8d-aa07467fef04@group-91C243C0887C-PendingRequests: sendNotLeaderResponses
2022-05-04 03:17:04,837 [Listener at 127.0.0.1/37999] INFO  impl.StateMachineUpdater (StateMachineUpdater.java:stopAndJoin(149)) - fdc42406-f03d-49b8-be8d-aa07467fef04@group-91C243C0887C-StateMachineUpdater: set stopIndex = 0
2022-05-04 03:17:04,837 [fdc42406-f03d-49b8-be8d-aa07467fef04@group-91C243C0887C-StateMachineUpdater] INFO  ratis.ContainerStateMachine (ContainerStateMachine.java:takeSnapshot(304)) - group-91C243C0887C: Taking a snapshot at:(t:1, i:0) file /home/runner/work/ozone/ozone/hadoop-ozone/integration-test/target/test-dir/MiniOzoneClusterImpl-cc5aeae0-6f4d-475e-97ef-958bfb15a03d/datanode-2/data/ratis/68712df7-9eba-4dd8-b8b3-91c243c0887c/sm/snapshot.1_0
2022-05-04 03:17:04,838 [fdc42406-f03d-49b8-be8d-aa07467fef04@group-91C243C0887C-StateMachineUpdater] INFO  ratis.ContainerStateMachine (ContainerStateMachine.java:takeSnapshot(315)) - group-91C243C0887C: Finished taking a snapshot at:(t:1, i:0) file:/home/runner/work/ozone/ozone/hadoop-ozone/integration-test/target/test-dir/MiniOzoneClusterImpl-cc5aeae0-6f4d-475e-97ef-958bfb15a03d/datanode-2/data/ratis/68712df7-9eba-4dd8-b8b3-91c243c0887c/sm/snapshot.1_0 took: 1 ms
2022-05-04 03:17:04,839 [fdc42406-f03d-49b8-be8d-aa07467fef04@group-91C243C0887C-StateMachineUpdater] INFO  impl.StateMachineUpdater (StateMachineUpdater.java:takeSnapshot(281)) - fdc42406-f03d-49b8-be8d-aa07467fef04@group-91C243C0887C-StateMachineUpdater: Took a snapshot at index 0
2022-05-04 03:17:04,839 [fdc42406-f03d-49b8-be8d-aa07467fef04@group-91C243C0887C-StateMachineUpdater] INFO  impl.StateMachineUpdater (StateMachineUpdater.java:lambda$new$0(89)) - fdc42406-f03d-49b8-be8d-aa07467fef04@group-91C243C0887C-StateMachineUpdater: snapshotIndex: updateIncreasingly -1 -> 0
2022-05-04 03:17:04,854 [Listener at 127.0.0.1/37999] INFO  server.RaftServer$Division (ServerState.java:close(419)) - fdc42406-f03d-49b8-be8d-aa07467fef04@group-91C243C0887C: closes. applyIndex: 0
2022-05-04 03:17:04,878 [fdc42406-f03d-49b8-be8d-aa07467fef04@group-91C243C0887C-SegmentedRaftLogWorker] INFO  segmented.SegmentedRaftLogWorker (SegmentedRaftLogWorker.java:run(327)) - fdc42406-f03d-49b8-be8d-aa07467fef04@group-91C243C0887C-SegmentedRaftLogWorker was interrupted, exiting. There are 0 tasks remaining in the queue.
2022-05-04 03:17:04,878 [Listener at 127.0.0.1/37999] INFO  segmented.SegmentedRaftLogWorker (SegmentedRaftLogWorker.java:close(237)) - fdc42406-f03d-49b8-be8d-aa07467fef04@group-91C243C0887C-SegmentedRaftLogWorker close()
2022-05-04 03:17:04,880 [Listener at 127.0.0.1/37999] INFO  server.GrpcService (GrpcService.java:closeImpl(262)) - fdc42406-f03d-49b8-be8d-aa07467fef04: shutdown server with port 46357 now
2022-05-04 03:17:04,896 [ForkJoinPool.commonPool-worker-0] INFO  server.GrpcService (GrpcService.java:closeImpl(271)) - 023e6ea0-0ef1-4794-8f75-07cc698c5b0d: shutdown server with port 42169 successfully
2022-05-04 03:17:04,894 [grpc-default-executor-1] WARN  client.GrpcClientProtocolService (LogUtils.java:warn(122)) - 1-UnorderedRequestStreamObserver1: onError: org.apache.ratis.thirdparty.io.grpc.StatusRuntimeException: CANCELLED: client cancelled
2022-05-04 03:17:04,896 [org.apache.ratis.util.JvmPauseMonitor$$Lambda$565/1325392746@6d71b0d2] INFO  util.JvmPauseMonitor (JvmPauseMonitor.java:run(109)) - JvmPauseMonitor-023e6ea0-0ef1-4794-8f75-07cc698c5b0d: Stopped
2022-05-04 03:17:04,922 [Listener at 127.0.0.1/37999] INFO  server.GrpcService (GrpcService.java:closeImpl(271)) - fdc42406-f03d-49b8-be8d-aa07467fef04: shutdown server with port 46357 successfully
2022-05-04 03:17:04,922 [org.apache.ratis.util.JvmPauseMonitor$$Lambda$565/1325392746@ecdc45b] INFO  util.JvmPauseMonitor (JvmPauseMonitor.java:run(109)) - JvmPauseMonitor-fdc42406-f03d-49b8-be8d-aa07467fef04: Stopped
2022-05-04 03:17:06,962 [Listener at 127.0.0.1/37999] INFO  utils.BackgroundService (BackgroundService.java:shutdown(132)) - Shutting down service BlockDeletingService
2022-05-04 03:17:06,964 [ForkJoinPool.commonPool-worker-0] INFO  utils.BackgroundService (BackgroundService.java:shutdown(132)) - Shutting down service BlockDeletingService
2022-05-04 03:17:09,190 [e0500e2c-224c-46df-a4cf-d9aa21623822@group-BD3AB19C8CD0-FollowerState] INFO  impl.FollowerState (FollowerState.java:run(134)) - e0500e2c-224c-46df-a4cf-d9aa21623822@group-BD3AB19C8CD0-FollowerState: change to CANDIDATE, lastRpcElapsedTime:6315189023ns, electionTimeout:5129ms
2022-05-04 03:17:09,190 [e0500e2c-224c-46df-a4cf-d9aa21623822@group-BD3AB19C8CD0-FollowerState] INFO  impl.RoleInfo (RoleInfo.java:shutdownFollowerState(108)) - e0500e2c-224c-46df-a4cf-d9aa21623822: shutdown e0500e2c-224c-46df-a4cf-d9aa21623822@group-BD3AB19C8CD0-FollowerState
2022-05-04 03:17:09,190 [e0500e2c-224c-46df-a4cf-d9aa21623822@group-BD3AB19C8CD0-FollowerState] INFO  server.RaftServer$Division (RaftServerImpl.java:setRole(290)) - e0500e2c-224c-46df-a4cf-d9aa21623822@group-BD3AB19C8CD0: changes role from  FOLLOWER to CANDIDATE at term 2 for changeToCandidate
2022-05-04 03:17:09,190 [e0500e2c-224c-46df-a4cf-d9aa21623822@group-BD3AB19C8CD0-FollowerState] INFO  server.RaftServerConfigKeys (ConfUtils.java:logGet(44)) - raft.server.leaderelection.pre-vote = false (custom)
2022-05-04 03:17:09,190 [e0500e2c-224c-46df-a4cf-d9aa21623822@group-BD3AB19C8CD0-FollowerState] INFO  impl.RoleInfo (RoleInfo.java:updateAndGet(130)) - e0500e2c-224c-46df-a4cf-d9aa21623822: start e0500e2c-224c-46df-a4cf-d9aa21623822@group-BD3AB19C8CD0-LeaderElection60
2022-05-04 03:17:09,222 [e0500e2c-224c-46df-a4cf-d9aa21623822@group-BD3AB19C8CD0-LeaderElection60] INFO  server.RaftServer$Division (ServerState.java:setLeader(285)) - e0500e2c-224c-46df-a4cf-d9aa21623822@group-BD3AB19C8CD0: change Leader from fdc42406-f03d-49b8-be8d-aa07467fef04 to null at term 2 for ELECTION
2022-05-04 03:17:09,249 [e0500e2c-224c-46df-a4cf-d9aa21623822@group-BD3AB19C8CD0-LeaderElection60] INFO  impl.LeaderElection (LeaderElection.java:askForVotes(306)) - e0500e2c-224c-46df-a4cf-d9aa21623822@group-BD3AB19C8CD0-LeaderElection60 ELECTION round 0: submit vote requests at term 3 for 0: [023e6ea0-0ef1-4794-8f75-07cc698c5b0d|rpc:10.1.0.22:42169|dataStream:|priority:0, fdc42406-f03d-49b8-be8d-aa07467fef04|rpc:10.1.0.22:46357|dataStream:|priority:1, e0500e2c-224c-46df-a4cf-d9aa21623822|rpc:10.1.0.22:41873|dataStream:|priority:0], old=null
2022-05-04 03:17:09,270 [e0500e2c-224c-46df-a4cf-d9aa21623822@group-BD3AB19C8CD0-LeaderElection60] INFO  impl.LeaderElection (LogUtils.java:infoOrTrace(137)) - e0500e2c-224c-46df-a4cf-d9aa21623822@group-BD3AB19C8CD0-LeaderElection60 got exception when requesting votes: java.util.concurrent.ExecutionException: org.apache.ratis.thirdparty.io.grpc.StatusRuntimeException: UNAVAILABLE: io exception
2022-05-04 03:17:09,272 [e0500e2c-224c-46df-a4cf-d9aa21623822@group-BD3AB19C8CD0-LeaderElection60] INFO  impl.LeaderElection (LogUtils.java:infoOrTrace(137)) - e0500e2c-224c-46df-a4cf-d9aa21623822@group-BD3AB19C8CD0-LeaderElection60 got exception when requesting votes: java.util.concurrent.ExecutionException: org.apache.ratis.thirdparty.io.grpc.StatusRuntimeException: UNAVAILABLE: io exception
2022-05-04 03:17:09,272 [e0500e2c-224c-46df-a4cf-d9aa21623822@group-BD3AB19C8CD0-LeaderElection60] INFO  impl.LeaderElection (LeaderElection.java:logAndReturn(89)) - e0500e2c-224c-46df-a4cf-d9aa21623822@group-BD3AB19C8CD0-LeaderElection60: ELECTION REJECTED received 0 response(s) and 2 exception(s):
2022-05-04 03:17:09,272 [e0500e2c-224c-46df-a4cf-d9aa21623822@group-BD3AB19C8CD0-LeaderElection60] INFO  impl.LeaderElection (LogUtils.java:infoOrTrace(137)) -   Exception 0: java.util.concurrent.ExecutionException: org.apache.ratis.thirdparty.io.grpc.StatusRuntimeException: UNAVAILABLE: io exception
2022-05-04 03:17:09,272 [e0500e2c-224c-46df-a4cf-d9aa21623822@group-BD3AB19C8CD0-LeaderElection60] INFO  impl.LeaderElection (LogUtils.java:infoOrTrace(137)) -   Exception 1: java.util.concurrent.ExecutionException: org.apache.ratis.thirdparty.io.grpc.StatusRuntimeException: UNAVAILABLE: io exception
2022-05-04 03:17:09,272 [e0500e2c-224c-46df-a4cf-d9aa21623822@group-BD3AB19C8CD0-LeaderElection60] INFO  impl.LeaderElection (LeaderElection.java:askForVotes(308)) - e0500e2c-224c-46df-a4cf-d9aa21623822@group-BD3AB19C8CD0-LeaderElection60 ELECTION round 0: result REJECTED
2022-05-04 03:17:09,273 [e0500e2c-224c-46df-a4cf-d9aa21623822@group-BD3AB19C8CD0-LeaderElection60] INFO  server.RaftServer$Division (RaftServerImpl.java:setRole(290)) - e0500e2c-224c-46df-a4cf-d9aa21623822@group-BD3AB19C8CD0: changes role from CANDIDATE to FOLLOWER at term 3 for REJECTED
2022-05-04 03:17:09,273 [e0500e2c-224c-46df-a4cf-d9aa21623822@group-BD3AB19C8CD0-LeaderElection60] INFO  impl.RoleInfo (RoleInfo.java:shutdownLeaderElection(121)) - e0500e2c-224c-46df-a4cf-d9aa21623822: shutdown e0500e2c-224c-46df-a4cf-d9aa21623822@group-BD3AB19C8CD0-LeaderElection60
2022-05-04 03:17:09,273 [e0500e2c-224c-46df-a4cf-d9aa21623822@group-BD3AB19C8CD0-LeaderElection60] INFO  impl.RoleInfo (RoleInfo.java:updateAndGet(130)) - e0500e2c-224c-46df-a4cf-d9aa21623822: start e0500e2c-224c-46df-a4cf-d9aa21623822@group-BD3AB19C8CD0-FollowerState
2022-05-04 03:17:09,983 [ForkJoinPool.commonPool-worker-0] INFO  statemachine.DatanodeStateMachine (DatanodeStateMachine.java:stopDaemon(560)) - Ozone container server stopped.
2022-05-04 03:17:10,020 [Listener at 127.0.0.1/37999] INFO  statemachine.DatanodeStateMachine (DatanodeStateMachine.java:stopDaemon(560)) - Ozone container server stopped.
2022-05-04 03:17:10,033 [ForkJoinPool.commonPool-worker-0] INFO  handler.ContextHandler (ContextHandler.java:doStop(1153)) - Stopped o.e.j.w.WebAppContext@553e7d5b{hddsDatanode,/,null,STOPPED}{jar:file:/home/runner/.m2/repository/org/apache/ozone/hdds-container-service/1.3.0-SNAPSHOT/hdds-container-service-1.3.0-SNAPSHOT.jar!/webapps/hddsDatanode}
2022-05-04 03:17:10,036 [ForkJoinPool.commonPool-worker-0] INFO  server.AbstractConnector (AbstractConnector.java:doStop(381)) - Stopped ServerConnector@526b052a{HTTP/1.1, (http/1.1)}{0.0.0.0:0}
2022-05-04 03:17:10,036 [ForkJoinPool.commonPool-worker-0] INFO  server.session (HouseKeeper.java:stopScavenging(149)) - node0 Stopped scavenging
2022-05-04 03:17:10,046 [ForkJoinPool.commonPool-worker-0] INFO  handler.ContextHandler (ContextHandler.java:doStop(1153)) - Stopped o.e.j.s.ServletContextHandler@30f97281{static,/static,jar:file:/home/runner/.m2/repository/org/apache/ozone/hdds-container-service/1.3.0-SNAPSHOT/hdds-container-service-1.3.0-SNAPSHOT.jar!/webapps/static,STOPPED}
2022-05-04 03:17:10,046 [ForkJoinPool.commonPool-worker-0] INFO  handler.ContextHandler (ContextHandler.java:doStop(1153)) - Stopped o.e.j.s.ServletContextHandler@47bd0384{logs,/logs,file:///home/runner/work/ozone/ozone/hadoop-ozone/integration-test/target/log,STOPPED}
2022-05-04 03:17:10,078 [Listener at 127.0.0.1/37999] INFO  handler.ContextHandler (ContextHandler.java:doStop(1153)) - Stopped o.e.j.w.WebAppContext@d22d7ba{hddsDatanode,/,null,STOPPED}{jar:file:/home/runner/.m2/repository/org/apache/ozone/hdds-container-service/1.3.0-SNAPSHOT/hdds-container-service-1.3.0-SNAPSHOT.jar!/webapps/hddsDatanode}
2022-05-04 03:17:10,079 [Listener at 127.0.0.1/37999] INFO  server.AbstractConnector (AbstractConnector.java:doStop(381)) - Stopped ServerConnector@75af77d4{HTTP/1.1, (http/1.1)}{0.0.0.0:0}
2022-05-04 03:17:10,079 [Listener at 127.0.0.1/37999] INFO  server.session (HouseKeeper.java:stopScavenging(149)) - node0 Stopped scavenging
2022-05-04 03:17:10,079 [Listener at 127.0.0.1/37999] INFO  handler.ContextHandler (ContextHandler.java:doStop(1153)) - Stopped o.e.j.s.ServletContextHandler@719f35fe{static,/static,jar:file:/home/runner/.m2/repository/org/apache/ozone/hdds-container-service/1.3.0-SNAPSHOT/hdds-container-service-1.3.0-SNAPSHOT.jar!/webapps/static,STOPPED}
2022-05-04 03:17:10,080 [Listener at 127.0.0.1/37999] INFO  handler.ContextHandler (ContextHandler.java:doStop(1153)) - Stopped o.e.j.s.ServletContextHandler@4d2f442e{logs,/logs,file:///home/runner/work/ozone/ozone/hadoop-ozone/integration-test/target/log,STOPPED}
2022-05-04 03:17:13,453 [e0500e2c-224c-46df-a4cf-d9aa21623822@group-CCD661E93E1F-FollowerState] INFO  impl.FollowerState (FollowerState.java:run(134)) - e0500e2c-224c-46df-a4cf-d9aa21623822@group-CCD661E93E1F-FollowerState: change to CANDIDATE, lastRpcElapsedTime:10049667588ns, electionTimeout:5171ms
2022-05-04 03:17:13,453 [e0500e2c-224c-46df-a4cf-d9aa21623822@group-CCD661E93E1F-FollowerState] INFO  impl.RoleInfo (RoleInfo.java:shutdownFollowerState(108)) - e0500e2c-224c-46df-a4cf-d9aa21623822: shutdown e0500e2c-224c-46df-a4cf-d9aa21623822@group-CCD661E93E1F-FollowerState
2022-05-04 03:17:13,453 [e0500e2c-224c-46df-a4cf-d9aa21623822@group-CCD661E93E1F-FollowerState] INFO  server.RaftServer$Division (RaftServerImpl.java:setRole(290)) - e0500e2c-224c-46df-a4cf-d9aa21623822@group-CCD661E93E1F: changes role from  FOLLOWER to CANDIDATE at term 2 for changeToCandidate
2022-05-04 03:17:13,454 [e0500e2c-224c-46df-a4cf-d9aa21623822@group-CCD661E93E1F-FollowerState] INFO  server.RaftServerConfigKeys (ConfUtils.java:logGet(44)) - raft.server.leaderelection.pre-vote = false (custom)
2022-05-04 03:17:13,454 [e0500e2c-224c-46df-a4cf-d9aa21623822@group-CCD661E93E1F-FollowerState] INFO  impl.RoleInfo (RoleInfo.java:updateAndGet(130)) - e0500e2c-224c-46df-a4cf-d9aa21623822: start e0500e2c-224c-46df-a4cf-d9aa21623822@group-CCD661E93E1F-LeaderElection61
2022-05-04 03:17:13,457 [e0500e2c-224c-46df-a4cf-d9aa21623822@group-CCD661E93E1F-LeaderElection61] INFO  server.RaftServer$Division (ServerState.java:setLeader(285)) - e0500e2c-224c-46df-a4cf-d9aa21623822@group-CCD661E93E1F: change Leader from 023e6ea0-0ef1-4794-8f75-07cc698c5b0d to null at term 2 for ELECTION
2022-05-04 03:17:13,464 [e0500e2c-224c-46df-a4cf-d9aa21623822@group-CCD661E93E1F-LeaderElection61] INFO  impl.LeaderElection (LeaderElection.java:askForVotes(306)) - e0500e2c-224c-46df-a4cf-d9aa21623822@group-CCD661E93E1F-LeaderElection61 ELECTION round 0: submit vote requests at term 3 for 0: [023e6ea0-0ef1-4794-8f75-07cc698c5b0d|rpc:10.1.0.22:42169|dataStream:|priority:1, fdc42406-f03d-49b8-be8d-aa07467fef04|rpc:10.1.0.22:46357|dataStream:|priority:0, e0500e2c-224c-46df-a4cf-d9aa21623822|rpc:10.1.0.22:41873|dataStream:|priority:0], old=null
2022-05-04 03:17:13,480 [e0500e2c-224c-46df-a4cf-d9aa21623822@group-CCD661E93E1F-LeaderElection61] INFO  impl.LeaderElection (LogUtils.java:infoOrTrace(137)) - e0500e2c-224c-46df-a4cf-d9aa21623822@group-CCD661E93E1F-LeaderElection61 got exception when requesting votes: java.util.concurrent.ExecutionException: org.apache.ratis.thirdparty.io.grpc.StatusRuntimeException: UNAVAILABLE: io exception
2022-05-04 03:17:13,481 [e0500e2c-224c-46df-a4cf-d9aa21623822@group-CCD661E93E1F-LeaderElection61] INFO  impl.LeaderElection (LogUtils.java:infoOrTrace(137)) - e0500e2c-224c-46df-a4cf-d9aa21623822@group-CCD661E93E1F-LeaderElection61 got exception when requesting votes: java.util.concurrent.ExecutionException: org.apache.ratis.thirdparty.io.grpc.StatusRuntimeException: UNAVAILABLE: io exception
2022-05-04 03:17:13,481 [e0500e2c-224c-46df-a4cf-d9aa21623822@group-CCD661E93E1F-LeaderElection61] INFO  impl.LeaderElection (LeaderElection.java:logAndReturn(89)) - e0500e2c-224c-46df-a4cf-d9aa21623822@group-CCD661E93E1F-LeaderElection61: ELECTION REJECTED received 0 response(s) and 2 exception(s):
2022-05-04 03:17:13,481 [e0500e2c-224c-46df-a4cf-d9aa21623822@group-CCD661E93E1F-LeaderElection61] INFO  impl.LeaderElection (LogUtils.java:infoOrTrace(137)) -   Exception 0: java.util.concurrent.ExecutionException: org.apache.ratis.thirdparty.io.grpc.StatusRuntimeException: UNAVAILABLE: io exception
2022-05-04 03:17:13,481 [e0500e2c-224c-46df-a4cf-d9aa21623822@group-CCD661E93E1F-LeaderElection61] INFO  impl.LeaderElection (LogUtils.java:infoOrTrace(137)) -   Exception 1: java.util.concurrent.ExecutionException: org.apache.ratis.thirdparty.io.grpc.StatusRuntimeException: UNAVAILABLE: io exception
2022-05-04 03:17:13,481 [e0500e2c-224c-46df-a4cf-d9aa21623822@group-CCD661E93E1F-LeaderElection61] INFO  impl.LeaderElection (LeaderElection.java:askForVotes(308)) - e0500e2c-224c-46df-a4cf-d9aa21623822@group-CCD661E93E1F-LeaderElection61 ELECTION round 0: result REJECTED
2022-05-04 03:17:13,481 [e0500e2c-224c-46df-a4cf-d9aa21623822@group-CCD661E93E1F-LeaderElection61] INFO  server.RaftServer$Division (RaftServerImpl.java:setRole(290)) - e0500e2c-224c-46df-a4cf-d9aa21623822@group-CCD661E93E1F: changes role from CANDIDATE to FOLLOWER at term 3 for REJECTED
2022-05-04 03:17:13,481 [e0500e2c-224c-46df-a4cf-d9aa21623822@group-CCD661E93E1F-LeaderElection61] INFO  impl.RoleInfo (RoleInfo.java:shutdownLeaderElection(121)) - e0500e2c-224c-46df-a4cf-d9aa21623822: shutdown e0500e2c-224c-46df-a4cf-d9aa21623822@group-CCD661E93E1F-LeaderElection61
2022-05-04 03:17:13,481 [e0500e2c-224c-46df-a4cf-d9aa21623822@group-CCD661E93E1F-LeaderElection61] INFO  impl.RoleInfo (RoleInfo.java:updateAndGet(130)) - e0500e2c-224c-46df-a4cf-d9aa21623822: start e0500e2c-224c-46df-a4cf-d9aa21623822@group-CCD661E93E1F-FollowerState
2022-05-04 03:17:14,372 [e0500e2c-224c-46df-a4cf-d9aa21623822@group-BD3AB19C8CD0-FollowerState] INFO  impl.FollowerState (FollowerState.java:run(134)) - e0500e2c-224c-46df-a4cf-d9aa21623822@group-BD3AB19C8CD0-FollowerState: change to CANDIDATE, lastRpcElapsedTime:5098977914ns, electionTimeout:5093ms
2022-05-04 03:17:14,372 [e0500e2c-224c-46df-a4cf-d9aa21623822@group-BD3AB19C8CD0-FollowerState] INFO  impl.RoleInfo (RoleInfo.java:shutdownFollowerState(108)) - e0500e2c-224c-46df-a4cf-d9aa21623822: shutdown e0500e2c-224c-46df-a4cf-d9aa21623822@group-BD3AB19C8CD0-FollowerState
2022-05-04 03:17:14,372 [e0500e2c-224c-46df-a4cf-d9aa21623822@group-BD3AB19C8CD0-FollowerState] INFO  server.RaftServer$Division (RaftServerImpl.java:setRole(290)) - e0500e2c-224c-46df-a4cf-d9aa21623822@group-BD3AB19C8CD0: changes role from  FOLLOWER to CANDIDATE at term 3 for changeToCandidate
2022-05-04 03:17:14,372 [e0500e2c-224c-46df-a4cf-d9aa21623822@group-BD3AB19C8CD0-FollowerState] INFO  server.RaftServerConfigKeys (ConfUtils.java:logGet(44)) - raft.server.leaderelection.pre-vote = false (custom)
2022-05-04 03:17:14,372 [e0500e2c-224c-46df-a4cf-d9aa21623822@group-BD3AB19C8CD0-FollowerState] INFO  impl.RoleInfo (RoleInfo.java:updateAndGet(130)) - e0500e2c-224c-46df-a4cf-d9aa21623822: start e0500e2c-224c-46df-a4cf-d9aa21623822@group-BD3AB19C8CD0-LeaderElection62
2022-05-04 03:17:14,384 [e0500e2c-224c-46df-a4cf-d9aa21623822@group-BD3AB19C8CD0-LeaderElection62] INFO  impl.LeaderElection (LeaderElection.java:askForVotes(306)) - e0500e2c-224c-46df-a4cf-d9aa21623822@group-BD3AB19C8CD0-LeaderElection62 ELECTION round 0: submit vote requests at term 4 for 0: [023e6ea0-0ef1-4794-8f75-07cc698c5b0d|rpc:10.1.0.22:42169|dataStream:|priority:0, fdc42406-f03d-49b8-be8d-aa07467fef04|rpc:10.1.0.22:46357|dataStream:|priority:1, e0500e2c-224c-46df-a4cf-d9aa21623822|rpc:10.1.0.22:41873|dataStream:|priority:0], old=null
2022-05-04 03:17:14,397 [e0500e2c-224c-46df-a4cf-d9aa21623822@group-BD3AB19C8CD0-LeaderElection62] INFO  impl.LeaderElection (LogUtils.java:infoOrTrace(137)) - e0500e2c-224c-46df-a4cf-d9aa21623822@group-BD3AB19C8CD0-LeaderElection62 got exception when requesting votes: java.util.concurrent.ExecutionException: org.apache.ratis.thirdparty.io.grpc.StatusRuntimeException: UNAVAILABLE: io exception
2022-05-04 03:17:14,398 [e0500e2c-224c-46df-a4cf-d9aa21623822@group-BD3AB19C8CD0-LeaderElection62] INFO  impl.LeaderElection (LogUtils.java:infoOrTrace(137)) - e0500e2c-224c-46df-a4cf-d9aa21623822@group-BD3AB19C8CD0-LeaderElection62 got exception when requesting votes: java.util.concurrent.ExecutionException: org.apache.ratis.thirdparty.io.grpc.StatusRuntimeException: UNAVAILABLE: io exception
2022-05-04 03:17:14,398 [e0500e2c-224c-46df-a4cf-d9aa21623822@group-BD3AB19C8CD0-LeaderElection62] INFO  impl.LeaderElection (LeaderElection.java:logAndReturn(89)) - e0500e2c-224c-46df-a4cf-d9aa21623822@group-BD3AB19C8CD0-LeaderElection62: ELECTION REJECTED received 0 response(s) and 2 exception(s):
2022-05-04 03:17:14,398 [e0500e2c-224c-46df-a4cf-d9aa21623822@group-BD3AB19C8CD0-LeaderElection62] INFO  impl.LeaderElection (LogUtils.java:infoOrTrace(137)) -   Exception 0: java.util.concurrent.ExecutionException: org.apache.ratis.thirdparty.io.grpc.StatusRuntimeException: UNAVAILABLE: io exception
2022-05-04 03:17:14,398 [e0500e2c-224c-46df-a4cf-d9aa21623822@group-BD3AB19C8CD0-LeaderElection62] INFO  impl.LeaderElection (LogUtils.java:infoOrTrace(137)) -   Exception 1: java.util.concurrent.ExecutionException: org.apache.ratis.thirdparty.io.grpc.StatusRuntimeException: UNAVAILABLE: io exception
2022-05-04 03:17:14,398 [e0500e2c-224c-46df-a4cf-d9aa21623822@group-BD3AB19C8CD0-LeaderElection62] INFO  impl.LeaderElection (LeaderElection.java:askForVotes(308)) - e0500e2c-224c-46df-a4cf-d9aa21623822@group-BD3AB19C8CD0-LeaderElection62 ELECTION round 0: result REJECTED
2022-05-04 03:17:14,398 [e0500e2c-224c-46df-a4cf-d9aa21623822@group-BD3AB19C8CD0-LeaderElection62] INFO  server.RaftServer$Division (RaftServerImpl.java:setRole(290)) - e0500e2c-224c-46df-a4cf-d9aa21623822@group-BD3AB19C8CD0: changes role from CANDIDATE to FOLLOWER at term 4 for REJECTED
2022-05-04 03:17:14,398 [e0500e2c-224c-46df-a4cf-d9aa21623822@group-BD3AB19C8CD0-LeaderElection62] INFO  impl.RoleInfo (RoleInfo.java:shutdownLeaderElection(121)) - e0500e2c-224c-46df-a4cf-d9aa21623822: shutdown e0500e2c-224c-46df-a4cf-d9aa21623822@group-BD3AB19C8CD0-LeaderElection62
2022-05-04 03:17:14,398 [e0500e2c-224c-46df-a4cf-d9aa21623822@group-BD3AB19C8CD0-LeaderElection62] INFO  impl.RoleInfo (RoleInfo.java:updateAndGet(130)) - e0500e2c-224c-46df-a4cf-d9aa21623822: start e0500e2c-224c-46df-a4cf-d9aa21623822@group-BD3AB19C8CD0-FollowerState
2022-05-04 03:17:15,063 [ForkJoinPool.commonPool-worker-0] INFO  ozoneimpl.OzoneContainer (OzoneContainer.java:stop(356)) - Attempting to stop container services.
2022-05-04 03:17:15,065 [ForkJoinPool.commonPool-worker-0] INFO  server.RaftServer (RaftServerProxy.java:lambda$close$6(391)) - e0500e2c-224c-46df-a4cf-d9aa21623822: close
2022-05-04 03:17:15,065 [ForkJoinPool.commonPool-worker-0] INFO  server.RaftServer$Division (RaftServerImpl.java:lambda$close$4(412)) - e0500e2c-224c-46df-a4cf-d9aa21623822@group-BD3AB19C8CD0: shutdown
2022-05-04 03:17:15,065 [ForkJoinPool.commonPool-worker-0] INFO  util.JmxRegister (JmxRegister.java:unregister(73)) - Successfully un-registered JMX Bean with object name Ratis:service=RaftServer,group=group-BD3AB19C8CD0,id=e0500e2c-224c-46df-a4cf-d9aa21623822
2022-05-04 03:17:15,065 [ForkJoinPool.commonPool-worker-0] INFO  impl.RoleInfo (RoleInfo.java:shutdownFollowerState(108)) - e0500e2c-224c-46df-a4cf-d9aa21623822: shutdown e0500e2c-224c-46df-a4cf-d9aa21623822@group-BD3AB19C8CD0-FollowerState
2022-05-04 03:17:15,065 [ForkJoinPool.commonPool-worker-0] INFO  impl.StateMachineUpdater (StateMachineUpdater.java:stopAndJoin(149)) - e0500e2c-224c-46df-a4cf-d9aa21623822@group-BD3AB19C8CD0-StateMachineUpdater: set stopIndex = 35
2022-05-04 03:17:15,065 [e0500e2c-224c-46df-a4cf-d9aa21623822@group-BD3AB19C8CD0-FollowerState] INFO  impl.FollowerState (FollowerState.java:run(143)) - e0500e2c-224c-46df-a4cf-d9aa21623822@group-BD3AB19C8CD0-FollowerState was interrupted: {}
java.lang.InterruptedException: sleep interrupted
	at java.lang.Thread.sleep(Native Method)
	at java.lang.Thread.sleep(Thread.java:342)
	at java.util.concurrent.TimeUnit.sleep(TimeUnit.java:386)
	at org.apache.ratis.util.TimeDuration.sleep(TimeDuration.java:324)
	at org.apache.ratis.util.TimeDuration.sleep(TimeDuration.java:309)
	at org.apache.ratis.server.impl.FollowerState.run(FollowerState.java:118)
2022-05-04 03:17:15,065 [e0500e2c-224c-46df-a4cf-d9aa21623822@group-BD3AB19C8CD0-StateMachineUpdater] INFO  ratis.ContainerStateMachine (ContainerStateMachine.java:takeSnapshot(304)) - group-BD3AB19C8CD0: Taking a snapshot at:(t:2, i:35) file /home/runner/work/ozone/ozone/hadoop-ozone/integration-test/target/test-dir/MiniOzoneClusterImpl-cc5aeae0-6f4d-475e-97ef-958bfb15a03d/datanode-0/data/ratis/69df5d7f-2df9-4c9a-b455-bd3ab19c8cd0/sm/snapshot.2_35
2022-05-04 03:17:15,080 [e0500e2c-224c-46df-a4cf-d9aa21623822@group-BD3AB19C8CD0-StateMachineUpdater] INFO  ratis.ContainerStateMachine (ContainerStateMachine.java:takeSnapshot(315)) - group-BD3AB19C8CD0: Finished taking a snapshot at:(t:2, i:35) file:/home/runner/work/ozone/ozone/hadoop-ozone/integration-test/target/test-dir/MiniOzoneClusterImpl-cc5aeae0-6f4d-475e-97ef-958bfb15a03d/datanode-0/data/ratis/69df5d7f-2df9-4c9a-b455-bd3ab19c8cd0/sm/snapshot.2_35 took: 15 ms
2022-05-04 03:17:15,080 [e0500e2c-224c-46df-a4cf-d9aa21623822@group-BD3AB19C8CD0-StateMachineUpdater] INFO  impl.StateMachineUpdater (StateMachineUpdater.java:takeSnapshot(281)) - e0500e2c-224c-46df-a4cf-d9aa21623822@group-BD3AB19C8CD0-StateMachineUpdater: Took a snapshot at index 35
2022-05-04 03:17:15,080 [e0500e2c-224c-46df-a4cf-d9aa21623822@group-BD3AB19C8CD0-StateMachineUpdater] INFO  impl.StateMachineUpdater (StateMachineUpdater.java:lambda$new$0(89)) - e0500e2c-224c-46df-a4cf-d9aa21623822@group-BD3AB19C8CD0-StateMachineUpdater: snapshotIndex: updateIncreasingly -1 -> 35
2022-05-04 03:17:15,082 [Listener at 127.0.0.1/37999] INFO  ozoneimpl.OzoneContainer (OzoneContainer.java:stop(356)) - Attempting to stop container services.
2022-05-04 03:17:15,082 [ForkJoinPool.commonPool-worker-0] INFO  server.RaftServer$Division (ServerState.java:close(419)) - e0500e2c-224c-46df-a4cf-d9aa21623822@group-BD3AB19C8CD0: closes. applyIndex: 35
2022-05-04 03:17:15,083 [e0500e2c-224c-46df-a4cf-d9aa21623822@group-BD3AB19C8CD0-SegmentedRaftLogWorker] INFO  segmented.SegmentedRaftLogWorker (SegmentedRaftLogWorker.java:run(327)) - e0500e2c-224c-46df-a4cf-d9aa21623822@group-BD3AB19C8CD0-SegmentedRaftLogWorker was interrupted, exiting. There are 0 tasks remaining in the queue.
2022-05-04 03:17:15,083 [Listener at 127.0.0.1/37999] INFO  server.RaftServer (RaftServerProxy.java:lambda$close$6(391)) - caf96a51-3937-4eef-9499-ab2654641799: close
2022-05-04 03:17:15,083 [Listener at 127.0.0.1/37999] INFO  server.RaftServer$Division (RaftServerImpl.java:lambda$close$4(412)) - caf96a51-3937-4eef-9499-ab2654641799@group-CB6C8CCA78B7: shutdown
2022-05-04 03:17:15,083 [Listener at 127.0.0.1/37999] INFO  util.JmxRegister (JmxRegister.java:unregister(73)) - Successfully un-registered JMX Bean with object name Ratis:service=RaftServer,group=group-CB6C8CCA78B7,id=caf96a51-3937-4eef-9499-ab2654641799
2022-05-04 03:17:15,083 [Listener at 127.0.0.1/37999] INFO  impl.RoleInfo (RoleInfo.java:shutdownLeaderState(91)) - caf96a51-3937-4eef-9499-ab2654641799: shutdown caf96a51-3937-4eef-9499-ab2654641799@group-CB6C8CCA78B7-LeaderStateImpl
2022-05-04 03:17:15,084 [Listener at 127.0.0.1/37999] INFO  impl.PendingRequests (PendingRequests.java:sendNotLeaderResponses(282)) - caf96a51-3937-4eef-9499-ab2654641799@group-CB6C8CCA78B7-PendingRequests: sendNotLeaderResponses
2022-05-04 03:17:15,085 [ForkJoinPool.commonPool-worker-0] INFO  segmented.SegmentedRaftLogWorker (SegmentedRaftLogWorker.java:close(237)) - e0500e2c-224c-46df-a4cf-d9aa21623822@group-BD3AB19C8CD0-SegmentedRaftLogWorker close()
2022-05-04 03:17:15,086 [ForkJoinPool.commonPool-worker-0] INFO  server.RaftServer$Division (RaftServerImpl.java:lambda$close$4(412)) - e0500e2c-224c-46df-a4cf-d9aa21623822@group-CCD661E93E1F: shutdown
2022-05-04 03:17:15,086 [ForkJoinPool.commonPool-worker-0] INFO  util.JmxRegister (JmxRegister.java:unregister(73)) - Successfully un-registered JMX Bean with object name Ratis:service=RaftServer,group=group-CCD661E93E1F,id=e0500e2c-224c-46df-a4cf-d9aa21623822
2022-05-04 03:17:15,086 [ForkJoinPool.commonPool-worker-0] INFO  impl.RoleInfo (RoleInfo.java:shutdownFollowerState(108)) - e0500e2c-224c-46df-a4cf-d9aa21623822: shutdown e0500e2c-224c-46df-a4cf-d9aa21623822@group-CCD661E93E1F-FollowerState
2022-05-04 03:17:15,087 [e0500e2c-224c-46df-a4cf-d9aa21623822@group-CCD661E93E1F-FollowerState] INFO  impl.FollowerState (FollowerState.java:run(143)) - e0500e2c-224c-46df-a4cf-d9aa21623822@group-CCD661E93E1F-FollowerState was interrupted: {}
java.lang.InterruptedException: sleep interrupted
	at java.lang.Thread.sleep(Native Method)
	at java.lang.Thread.sleep(Thread.java:342)
	at java.util.concurrent.TimeUnit.sleep(TimeUnit.java:386)
	at org.apache.ratis.util.TimeDuration.sleep(TimeDuration.java:324)
	at org.apache.ratis.util.TimeDuration.sleep(TimeDuration.java:309)
	at org.apache.ratis.server.impl.FollowerState.run(FollowerState.java:118)
2022-05-04 03:17:15,087 [e0500e2c-224c-46df-a4cf-d9aa21623822@group-CCD661E93E1F-StateMachineUpdater] INFO  ratis.ContainerStateMachine (ContainerStateMachine.java:takeSnapshot(304)) - group-CCD661E93E1F: Taking a snapshot at:(t:2, i:14) file /home/runner/work/ozone/ozone/hadoop-ozone/integration-test/target/test-dir/MiniOzoneClusterImpl-cc5aeae0-6f4d-475e-97ef-958bfb15a03d/datanode-0/data/ratis/e8f2c910-ddc6-4ef1-b0c2-ccd661e93e1f/sm/snapshot.2_14
2022-05-04 03:17:15,088 [e0500e2c-224c-46df-a4cf-d9aa21623822@group-CCD661E93E1F-StateMachineUpdater] INFO  ratis.ContainerStateMachine (ContainerStateMachine.java:takeSnapshot(315)) - group-CCD661E93E1F: Finished taking a snapshot at:(t:2, i:14) file:/home/runner/work/ozone/ozone/hadoop-ozone/integration-test/target/test-dir/MiniOzoneClusterImpl-cc5aeae0-6f4d-475e-97ef-958bfb15a03d/datanode-0/data/ratis/e8f2c910-ddc6-4ef1-b0c2-ccd661e93e1f/sm/snapshot.2_14 took: 1 ms
2022-05-04 03:17:15,088 [e0500e2c-224c-46df-a4cf-d9aa21623822@group-CCD661E93E1F-StateMachineUpdater] INFO  impl.StateMachineUpdater (StateMachineUpdater.java:takeSnapshot(281)) - e0500e2c-224c-46df-a4cf-d9aa21623822@group-CCD661E93E1F-StateMachineUpdater: Took a snapshot at index 14
2022-05-04 03:17:15,088 [e0500e2c-224c-46df-a4cf-d9aa21623822@group-CCD661E93E1F-StateMachineUpdater] INFO  impl.StateMachineUpdater (StateMachineUpdater.java:lambda$new$0(89)) - e0500e2c-224c-46df-a4cf-d9aa21623822@group-CCD661E93E1F-StateMachineUpdater: snapshotIndex: updateIncreasingly -1 -> 14
2022-05-04 03:17:15,100 [Listener at 127.0.0.1/37999] INFO  impl.StateMachineUpdater (StateMachineUpdater.java:stopAndJoin(149)) - caf96a51-3937-4eef-9499-ab2654641799@group-CB6C8CCA78B7-StateMachineUpdater: set stopIndex = 0
2022-05-04 03:17:15,102 [caf96a51-3937-4eef-9499-ab2654641799@group-CB6C8CCA78B7-StateMachineUpdater] INFO  ratis.ContainerStateMachine (ContainerStateMachine.java:takeSnapshot(304)) - group-CB6C8CCA78B7: Taking a snapshot at:(t:1, i:0) file /home/runner/work/ozone/ozone/hadoop-ozone/integration-test/target/test-dir/MiniOzoneClusterImpl-cc5aeae0-6f4d-475e-97ef-958bfb15a03d/datanode-4/data/ratis/2da107c3-baad-46ec-ab1c-cb6c8cca78b7/sm/snapshot.1_0
2022-05-04 03:17:15,103 [caf96a51-3937-4eef-9499-ab2654641799@group-CB6C8CCA78B7-StateMachineUpdater] INFO  ratis.ContainerStateMachine (ContainerStateMachine.java:takeSnapshot(315)) - group-CB6C8CCA78B7: Finished taking a snapshot at:(t:1, i:0) file:/home/runner/work/ozone/ozone/hadoop-ozone/integration-test/target/test-dir/MiniOzoneClusterImpl-cc5aeae0-6f4d-475e-97ef-958bfb15a03d/datanode-4/data/ratis/2da107c3-baad-46ec-ab1c-cb6c8cca78b7/sm/snapshot.1_0 took: 1 ms
2022-05-04 03:17:15,103 [caf96a51-3937-4eef-9499-ab2654641799@group-CB6C8CCA78B7-StateMachineUpdater] INFO  impl.StateMachineUpdater (StateMachineUpdater.java:takeSnapshot(281)) - caf96a51-3937-4eef-9499-ab2654641799@group-CB6C8CCA78B7-StateMachineUpdater: Took a snapshot at index 0
2022-05-04 03:17:15,103 [caf96a51-3937-4eef-9499-ab2654641799@group-CB6C8CCA78B7-StateMachineUpdater] INFO  impl.StateMachineUpdater (StateMachineUpdater.java:lambda$new$0(89)) - caf96a51-3937-4eef-9499-ab2654641799@group-CB6C8CCA78B7-StateMachineUpdater: snapshotIndex: updateIncreasingly -1 -> 0
2022-05-04 03:17:15,103 [Listener at 127.0.0.1/37999] INFO  server.RaftServer$Division (ServerState.java:close(419)) - caf96a51-3937-4eef-9499-ab2654641799@group-CB6C8CCA78B7: closes. applyIndex: 0
2022-05-04 03:17:15,104 [ForkJoinPool.commonPool-worker-0] INFO  impl.StateMachineUpdater (StateMachineUpdater.java:stopAndJoin(149)) - e0500e2c-224c-46df-a4cf-d9aa21623822@group-CCD661E93E1F-StateMachineUpdater: set stopIndex = 14
2022-05-04 03:17:15,104 [ForkJoinPool.commonPool-worker-0] INFO  server.RaftServer$Division (ServerState.java:close(419)) - e0500e2c-224c-46df-a4cf-d9aa21623822@group-CCD661E93E1F: closes. applyIndex: 14
2022-05-04 03:17:15,104 [caf96a51-3937-4eef-9499-ab2654641799@group-CB6C8CCA78B7-SegmentedRaftLogWorker] INFO  segmented.SegmentedRaftLogWorker (SegmentedRaftLogWorker.java:run(327)) - caf96a51-3937-4eef-9499-ab2654641799@group-CB6C8CCA78B7-SegmentedRaftLogWorker was interrupted, exiting. There are 0 tasks remaining in the queue.
2022-05-04 03:17:15,104 [Listener at 127.0.0.1/37999] INFO  segmented.SegmentedRaftLogWorker (SegmentedRaftLogWorker.java:close(237)) - caf96a51-3937-4eef-9499-ab2654641799@group-CB6C8CCA78B7-SegmentedRaftLogWorker close()
2022-05-04 03:17:15,108 [Listener at 127.0.0.1/37999] INFO  server.GrpcService (GrpcService.java:closeImpl(262)) - caf96a51-3937-4eef-9499-ab2654641799: shutdown server with port 39685 now
2022-05-04 03:17:15,108 [Listener at 127.0.0.1/37999] INFO  server.GrpcService (GrpcService.java:closeImpl(271)) - caf96a51-3937-4eef-9499-ab2654641799: shutdown server with port 39685 successfully
2022-05-04 03:17:15,108 [org.apache.ratis.util.JvmPauseMonitor$$Lambda$565/1325392746@3408db39] INFO  util.JvmPauseMonitor (JvmPauseMonitor.java:run(109)) - JvmPauseMonitor-caf96a51-3937-4eef-9499-ab2654641799: Stopped
2022-05-04 03:17:15,136 [e0500e2c-224c-46df-a4cf-d9aa21623822@group-CCD661E93E1F-SegmentedRaftLogWorker] INFO  segmented.SegmentedRaftLogWorker (SegmentedRaftLogWorker.java:run(327)) - e0500e2c-224c-46df-a4cf-d9aa21623822@group-CCD661E93E1F-SegmentedRaftLogWorker was interrupted, exiting. There are 0 tasks remaining in the queue.
2022-05-04 03:17:15,137 [ForkJoinPool.commonPool-worker-0] INFO  segmented.SegmentedRaftLogWorker (SegmentedRaftLogWorker.java:close(237)) - e0500e2c-224c-46df-a4cf-d9aa21623822@group-CCD661E93E1F-SegmentedRaftLogWorker close()
2022-05-04 03:17:15,137 [ForkJoinPool.commonPool-worker-0] INFO  server.RaftServer$Division (RaftServerImpl.java:lambda$close$4(412)) - e0500e2c-224c-46df-a4cf-d9aa21623822@group-C03C4DE04B1A: shutdown
2022-05-04 03:17:15,137 [ForkJoinPool.commonPool-worker-0] INFO  util.JmxRegister (JmxRegister.java:unregister(73)) - Successfully un-registered JMX Bean with object name Ratis:service=RaftServer,group=group-C03C4DE04B1A,id=e0500e2c-224c-46df-a4cf-d9aa21623822
2022-05-04 03:17:15,137 [ForkJoinPool.commonPool-worker-0] INFO  impl.RoleInfo (RoleInfo.java:shutdownLeaderState(91)) - e0500e2c-224c-46df-a4cf-d9aa21623822: shutdown e0500e2c-224c-46df-a4cf-d9aa21623822@group-C03C4DE04B1A-LeaderStateImpl
2022-05-04 03:17:15,138 [ForkJoinPool.commonPool-worker-0] INFO  impl.PendingRequests (PendingRequests.java:sendNotLeaderResponses(282)) - e0500e2c-224c-46df-a4cf-d9aa21623822@group-C03C4DE04B1A-PendingRequests: sendNotLeaderResponses
2022-05-04 03:17:15,138 [ForkJoinPool.commonPool-worker-0] INFO  impl.StateMachineUpdater (StateMachineUpdater.java:stopAndJoin(149)) - e0500e2c-224c-46df-a4cf-d9aa21623822@group-C03C4DE04B1A-StateMachineUpdater: set stopIndex = 0
2022-05-04 03:17:15,139 [e0500e2c-224c-46df-a4cf-d9aa21623822@group-C03C4DE04B1A-StateMachineUpdater] INFO  ratis.ContainerStateMachine (ContainerStateMachine.java:takeSnapshot(304)) - group-C03C4DE04B1A: Taking a snapshot at:(t:1, i:0) file /home/runner/work/ozone/ozone/hadoop-ozone/integration-test/target/test-dir/MiniOzoneClusterImpl-cc5aeae0-6f4d-475e-97ef-958bfb15a03d/datanode-0/data/ratis/df0789d2-cc12-4792-9afe-c03c4de04b1a/sm/snapshot.1_0
2022-05-04 03:17:15,140 [e0500e2c-224c-46df-a4cf-d9aa21623822@group-C03C4DE04B1A-StateMachineUpdater] INFO  ratis.ContainerStateMachine (ContainerStateMachine.java:takeSnapshot(315)) - group-C03C4DE04B1A: Finished taking a snapshot at:(t:1, i:0) file:/home/runner/work/ozone/ozone/hadoop-ozone/integration-test/target/test-dir/MiniOzoneClusterImpl-cc5aeae0-6f4d-475e-97ef-958bfb15a03d/datanode-0/data/ratis/df0789d2-cc12-4792-9afe-c03c4de04b1a/sm/snapshot.1_0 took: 1 ms
2022-05-04 03:17:15,140 [e0500e2c-224c-46df-a4cf-d9aa21623822@group-C03C4DE04B1A-StateMachineUpdater] INFO  impl.StateMachineUpdater (StateMachineUpdater.java:takeSnapshot(281)) - e0500e2c-224c-46df-a4cf-d9aa21623822@group-C03C4DE04B1A-StateMachineUpdater: Took a snapshot at index 0
2022-05-04 03:17:15,140 [e0500e2c-224c-46df-a4cf-d9aa21623822@group-C03C4DE04B1A-StateMachineUpdater] INFO  impl.StateMachineUpdater (StateMachineUpdater.java:lambda$new$0(89)) - e0500e2c-224c-46df-a4cf-d9aa21623822@group-C03C4DE04B1A-StateMachineUpdater: snapshotIndex: updateIncreasingly -1 -> 0
2022-05-04 03:17:15,140 [ForkJoinPool.commonPool-worker-0] INFO  server.RaftServer$Division (ServerState.java:close(419)) - e0500e2c-224c-46df-a4cf-d9aa21623822@group-C03C4DE04B1A: closes. applyIndex: 0
2022-05-04 03:17:15,140 [e0500e2c-224c-46df-a4cf-d9aa21623822@group-C03C4DE04B1A-SegmentedRaftLogWorker] INFO  segmented.SegmentedRaftLogWorker (SegmentedRaftLogWorker.java:run(327)) - e0500e2c-224c-46df-a4cf-d9aa21623822@group-C03C4DE04B1A-SegmentedRaftLogWorker was interrupted, exiting. There are 0 tasks remaining in the queue.
2022-05-04 03:17:15,141 [ForkJoinPool.commonPool-worker-0] INFO  segmented.SegmentedRaftLogWorker (SegmentedRaftLogWorker.java:close(237)) - e0500e2c-224c-46df-a4cf-d9aa21623822@group-C03C4DE04B1A-SegmentedRaftLogWorker close()
2022-05-04 03:17:15,141 [ForkJoinPool.commonPool-worker-0] INFO  server.GrpcService (GrpcService.java:closeImpl(262)) - e0500e2c-224c-46df-a4cf-d9aa21623822: shutdown server with port 41873 now
2022-05-04 03:17:15,158 [ForkJoinPool.commonPool-worker-0] INFO  server.GrpcService (GrpcService.java:closeImpl(271)) - e0500e2c-224c-46df-a4cf-d9aa21623822: shutdown server with port 41873 successfully
2022-05-04 03:17:15,159 [org.apache.ratis.util.JvmPauseMonitor$$Lambda$565/1325392746@3595c412] INFO  util.JvmPauseMonitor (JvmPauseMonitor.java:run(109)) - JvmPauseMonitor-e0500e2c-224c-46df-a4cf-d9aa21623822: Stopped
2022-05-04 03:17:17,138 [Listener at 127.0.0.1/37999] INFO  utils.BackgroundService (BackgroundService.java:shutdown(132)) - Shutting down service BlockDeletingService
2022-05-04 03:17:17,232 [ForkJoinPool.commonPool-worker-0] INFO  utils.BackgroundService (BackgroundService.java:shutdown(132)) - Shutting down service BlockDeletingService
2022-05-04 03:17:20,167 [Listener at 127.0.0.1/37999] INFO  statemachine.DatanodeStateMachine (DatanodeStateMachine.java:stopDaemon(560)) - Ozone container server stopped.
2022-05-04 03:17:20,177 [Listener at 127.0.0.1/37999] INFO  handler.ContextHandler (ContextHandler.java:doStop(1153)) - Stopped o.e.j.w.WebAppContext@61c62318{hddsDatanode,/,null,STOPPED}{jar:file:/home/runner/.m2/repository/org/apache/ozone/hdds-container-service/1.3.0-SNAPSHOT/hdds-container-service-1.3.0-SNAPSHOT.jar!/webapps/hddsDatanode}
2022-05-04 03:17:20,184 [Listener at 127.0.0.1/37999] INFO  server.AbstractConnector (AbstractConnector.java:doStop(381)) - Stopped ServerConnector@491987b0{HTTP/1.1, (http/1.1)}{0.0.0.0:0}
2022-05-04 03:17:20,184 [Listener at 127.0.0.1/37999] INFO  server.session (HouseKeeper.java:stopScavenging(149)) - node0 Stopped scavenging
2022-05-04 03:17:20,185 [Listener at 127.0.0.1/37999] INFO  handler.ContextHandler (ContextHandler.java:doStop(1153)) - Stopped o.e.j.s.ServletContextHandler@64b5e60f{static,/static,jar:file:/home/runner/.m2/repository/org/apache/ozone/hdds-container-service/1.3.0-SNAPSHOT/hdds-container-service-1.3.0-SNAPSHOT.jar!/webapps/static,STOPPED}
2022-05-04 03:17:20,186 [Listener at 127.0.0.1/37999] INFO  handler.ContextHandler (ContextHandler.java:doStop(1153)) - Stopped o.e.j.s.ServletContextHandler@539b870c{logs,/logs,file:///home/runner/work/ozone/ozone/hadoop-ozone/integration-test/target/log,STOPPED}
2022-05-04 03:17:20,249 [ForkJoinPool.commonPool-worker-0] INFO  statemachine.DatanodeStateMachine (DatanodeStateMachine.java:stopDaemon(560)) - Ozone container server stopped.
2022-05-04 03:17:20,282 [ForkJoinPool.commonPool-worker-0] INFO  handler.ContextHandler (ContextHandler.java:doStop(1153)) - Stopped o.e.j.w.WebAppContext@4dc4f05{hddsDatanode,/,null,STOPPED}{jar:file:/home/runner/.m2/repository/org/apache/ozone/hdds-container-service/1.3.0-SNAPSHOT/hdds-container-service-1.3.0-SNAPSHOT.jar!/webapps/hddsDatanode}
2022-05-04 03:17:20,293 [ForkJoinPool.commonPool-worker-0] INFO  server.AbstractConnector (AbstractConnector.java:doStop(381)) - Stopped ServerConnector@33117039{HTTP/1.1, (http/1.1)}{0.0.0.0:0}
2022-05-04 03:17:20,293 [ForkJoinPool.commonPool-worker-0] INFO  server.session (HouseKeeper.java:stopScavenging(149)) - node0 Stopped scavenging
2022-05-04 03:17:20,293 [ForkJoinPool.commonPool-worker-0] INFO  handler.ContextHandler (ContextHandler.java:doStop(1153)) - Stopped o.e.j.s.ServletContextHandler@7722f86d{static,/static,jar:file:/home/runner/.m2/repository/org/apache/ozone/hdds-container-service/1.3.0-SNAPSHOT/hdds-container-service-1.3.0-SNAPSHOT.jar!/webapps/static,STOPPED}
2022-05-04 03:17:20,293 [ForkJoinPool.commonPool-worker-0] INFO  handler.ContextHandler (ContextHandler.java:doStop(1153)) - Stopped o.e.j.s.ServletContextHandler@63c6a639{logs,/logs,file:///home/runner/work/ozone/ozone/hadoop-ozone/integration-test/target/log,STOPPED}
2022-05-04 03:17:25,200 [Listener at 127.0.0.1/37999] INFO  ozoneimpl.OzoneContainer (OzoneContainer.java:stop(356)) - Attempting to stop container services.
2022-05-04 03:17:25,203 [Listener at 127.0.0.1/37999] INFO  server.RaftServer (RaftServerProxy.java:lambda$close$6(391)) - a0b83c72-bcfb-411f-a16b-571d8bd3b520: close
2022-05-04 03:17:25,203 [Listener at 127.0.0.1/37999] INFO  server.RaftServer$Division (RaftServerImpl.java:lambda$close$4(412)) - a0b83c72-bcfb-411f-a16b-571d8bd3b520@group-81BFDD13166D: shutdown
2022-05-04 03:17:25,204 [Listener at 127.0.0.1/37999] INFO  util.JmxRegister (JmxRegister.java:unregister(73)) - Successfully un-registered JMX Bean with object name Ratis:service=RaftServer,group=group-81BFDD13166D,id=a0b83c72-bcfb-411f-a16b-571d8bd3b520
2022-05-04 03:17:25,204 [Listener at 127.0.0.1/37999] INFO  impl.RoleInfo (RoleInfo.java:shutdownLeaderState(91)) - a0b83c72-bcfb-411f-a16b-571d8bd3b520: shutdown a0b83c72-bcfb-411f-a16b-571d8bd3b520@group-81BFDD13166D-LeaderStateImpl
2022-05-04 03:17:25,204 [Listener at 127.0.0.1/37999] INFO  impl.PendingRequests (PendingRequests.java:sendNotLeaderResponses(282)) - a0b83c72-bcfb-411f-a16b-571d8bd3b520@group-81BFDD13166D-PendingRequests: sendNotLeaderResponses
2022-05-04 03:17:25,208 [a0b83c72-bcfb-411f-a16b-571d8bd3b520@group-81BFDD13166D-StateMachineUpdater] INFO  ratis.ContainerStateMachine (ContainerStateMachine.java:takeSnapshot(304)) - group-81BFDD13166D: Taking a snapshot at:(t:1, i:0) file /home/runner/work/ozone/ozone/hadoop-ozone/integration-test/target/test-dir/MiniOzoneClusterImpl-cc5aeae0-6f4d-475e-97ef-958bfb15a03d/datanode-3/data/ratis/ea9fd48c-23f9-4796-ba23-81bfdd13166d/sm/snapshot.1_0
2022-05-04 03:17:25,209 [Listener at 127.0.0.1/37999] INFO  impl.StateMachineUpdater (StateMachineUpdater.java:stopAndJoin(149)) - a0b83c72-bcfb-411f-a16b-571d8bd3b520@group-81BFDD13166D-StateMachineUpdater: set stopIndex = 0
2022-05-04 03:17:25,215 [a0b83c72-bcfb-411f-a16b-571d8bd3b520@group-81BFDD13166D-StateMachineUpdater] INFO  ratis.ContainerStateMachine (ContainerStateMachine.java:takeSnapshot(315)) - group-81BFDD13166D: Finished taking a snapshot at:(t:1, i:0) file:/home/runner/work/ozone/ozone/hadoop-ozone/integration-test/target/test-dir/MiniOzoneClusterImpl-cc5aeae0-6f4d-475e-97ef-958bfb15a03d/datanode-3/data/ratis/ea9fd48c-23f9-4796-ba23-81bfdd13166d/sm/snapshot.1_0 took: 8 ms
2022-05-04 03:17:25,216 [a0b83c72-bcfb-411f-a16b-571d8bd3b520@group-81BFDD13166D-StateMachineUpdater] INFO  impl.StateMachineUpdater (StateMachineUpdater.java:takeSnapshot(281)) - a0b83c72-bcfb-411f-a16b-571d8bd3b520@group-81BFDD13166D-StateMachineUpdater: Took a snapshot at index 0
2022-05-04 03:17:25,216 [a0b83c72-bcfb-411f-a16b-571d8bd3b520@group-81BFDD13166D-StateMachineUpdater] INFO  impl.StateMachineUpdater (StateMachineUpdater.java:lambda$new$0(89)) - a0b83c72-bcfb-411f-a16b-571d8bd3b520@group-81BFDD13166D-StateMachineUpdater: snapshotIndex: updateIncreasingly -1 -> 0
2022-05-04 03:17:25,216 [Listener at 127.0.0.1/37999] INFO  server.RaftServer$Division (ServerState.java:close(419)) - a0b83c72-bcfb-411f-a16b-571d8bd3b520@group-81BFDD13166D: closes. applyIndex: 0
2022-05-04 03:17:25,216 [a0b83c72-bcfb-411f-a16b-571d8bd3b520@group-81BFDD13166D-SegmentedRaftLogWorker] INFO  segmented.SegmentedRaftLogWorker (SegmentedRaftLogWorker.java:run(327)) - a0b83c72-bcfb-411f-a16b-571d8bd3b520@group-81BFDD13166D-SegmentedRaftLogWorker was interrupted, exiting. There are 0 tasks remaining in the queue.
2022-05-04 03:17:25,216 [Listener at 127.0.0.1/37999] INFO  segmented.SegmentedRaftLogWorker (SegmentedRaftLogWorker.java:close(237)) - a0b83c72-bcfb-411f-a16b-571d8bd3b520@group-81BFDD13166D-SegmentedRaftLogWorker close()
2022-05-04 03:17:25,217 [Listener at 127.0.0.1/37999] INFO  server.GrpcService (GrpcService.java:closeImpl(262)) - a0b83c72-bcfb-411f-a16b-571d8bd3b520: shutdown server with port 41023 now
2022-05-04 03:17:25,223 [Listener at 127.0.0.1/37999] INFO  server.GrpcService (GrpcService.java:closeImpl(271)) - a0b83c72-bcfb-411f-a16b-571d8bd3b520: shutdown server with port 41023 successfully
2022-05-04 03:17:25,224 [org.apache.ratis.util.JvmPauseMonitor$$Lambda$565/1325392746@3eae801b] INFO  util.JvmPauseMonitor (JvmPauseMonitor.java:run(109)) - JvmPauseMonitor-a0b83c72-bcfb-411f-a16b-571d8bd3b520: Stopped
2022-05-04 03:17:27,269 [Listener at 127.0.0.1/37999] INFO  utils.BackgroundService (BackgroundService.java:shutdown(132)) - Shutting down service BlockDeletingService
2022-05-04 03:17:30,313 [Listener at 127.0.0.1/37999] INFO  statemachine.DatanodeStateMachine (DatanodeStateMachine.java:stopDaemon(560)) - Ozone container server stopped.
2022-05-04 03:17:30,323 [Listener at 127.0.0.1/37999] INFO  handler.ContextHandler (ContextHandler.java:doStop(1153)) - Stopped o.e.j.w.WebAppContext@6e9fb099{hddsDatanode,/,null,STOPPED}{jar:file:/home/runner/.m2/repository/org/apache/ozone/hdds-container-service/1.3.0-SNAPSHOT/hdds-container-service-1.3.0-SNAPSHOT.jar!/webapps/hddsDatanode}
2022-05-04 03:17:30,323 [Listener at 127.0.0.1/37999] INFO  server.AbstractConnector (AbstractConnector.java:doStop(381)) - Stopped ServerConnector@4fed6dd1{HTTP/1.1, (http/1.1)}{0.0.0.0:0}
2022-05-04 03:17:30,337 [Listener at 127.0.0.1/37999] INFO  server.session (HouseKeeper.java:stopScavenging(149)) - node0 Stopped scavenging
2022-05-04 03:17:30,338 [Listener at 127.0.0.1/37999] INFO  handler.ContextHandler (ContextHandler.java:doStop(1153)) - Stopped o.e.j.s.ServletContextHandler@22764f18{static,/static,jar:file:/home/runner/.m2/repository/org/apache/ozone/hdds-container-service/1.3.0-SNAPSHOT/hdds-container-service-1.3.0-SNAPSHOT.jar!/webapps/static,STOPPED}
2022-05-04 03:17:30,338 [Listener at 127.0.0.1/37999] INFO  handler.ContextHandler (ContextHandler.java:doStop(1153)) - Stopped o.e.j.s.ServletContextHandler@6c299dcd{logs,/logs,file:///home/runner/work/ozone/ozone/hadoop-ozone/integration-test/target/log,STOPPED}
2022-05-04 03:17:30,351 [Listener at 127.0.0.1/37999] INFO  ozone.MiniOzoneClusterImpl (MiniOzoneClusterImpl.java:stopSCM(545)) - Stopping the StorageContainerManager
2022-05-04 03:17:30,351 [Listener at 127.0.0.1/37999] INFO  server.StorageContainerManager (StorageContainerManager.java:stop(1420)) - Stopping Container Balancer service.
2022-05-04 03:17:30,351 [Listener at 127.0.0.1/37999] INFO  balancer.ContainerBalancer (ContainerBalancer.java:stopBalancer(923)) - Container Balancer is not running.
2022-05-04 03:17:30,351 [Listener at 127.0.0.1/37999] INFO  server.StorageContainerManager (StorageContainerManager.java:stop(1427)) - Stopping Replication Manager Service.
2022-05-04 03:17:30,351 [Listener at 127.0.0.1/37999] INFO  container.ReplicationManager (ReplicationManager.java:stop(357)) - Stopping Replication Monitor Thread.
2022-05-04 03:17:30,351 [Listener at 127.0.0.1/37999] INFO  server.StorageContainerManager (StorageContainerManager.java:stop(1434)) - Stopping the Datanode Admin Monitor.
2022-05-04 03:17:30,352 [Listener at 127.0.0.1/37999] INFO  server.StorageContainerManager (StorageContainerManager.java:stop(1441)) - Stopping Lease Manager of the command watchers
2022-05-04 03:17:30,352 [Listener at 127.0.0.1/37999] INFO  server.StorageContainerManager (StorageContainerManager.java:stop(1448)) - Stopping datanode service RPC server
2022-05-04 03:17:30,352 [Listener at 127.0.0.1/37999] INFO  server.SCMDatanodeProtocolServer (SCMDatanodeProtocolServer.java:stop(400)) - Stopping the RPC server for DataNodes
2022-05-04 03:17:30,352 [Listener at 127.0.0.1/37999] INFO  ipc.Server (Server.java:stop(3414)) - Stopping server on 41125
2022-05-04 03:17:30,353 [IPC Server listener on 0] INFO  ipc.Server (Server.java:run(1376)) - Stopping IPC Server listener on 0
2022-05-04 03:17:30,354 [IPC Server Responder] INFO  ipc.Server (Server.java:run(1512)) - Stopping IPC Server Responder
2022-05-04 03:17:30,437 [SCM Heartbeat Processing Thread - 0] WARN  node.NodeStateManager (NodeStateManager.java:scheduleNextHealthCheck(815)) - Current Thread is interrupted, shutting down HB processing thread for Node Manager.
2022-05-04 03:17:30,437 [Listener at 127.0.0.1/37999] INFO  server.StorageContainerManager (StorageContainerManager.java:stop(1456)) - Stopping block service RPC server
2022-05-04 03:17:30,438 [Listener at 127.0.0.1/37999] INFO  server.SCMBlockProtocolServer (SCMBlockProtocolServer.java:stop(160)) - Stopping the RPC server for Block Protocol
2022-05-04 03:17:30,438 [Listener at 127.0.0.1/37999] INFO  ipc.Server (Server.java:stop(3414)) - Stopping server on 39281
2022-05-04 03:17:30,441 [IPC Server listener on 0] INFO  ipc.Server (Server.java:run(1376)) - Stopping IPC Server listener on 0
2022-05-04 03:17:30,470 [IPC Server Responder] INFO  ipc.Server (Server.java:run(1512)) - Stopping IPC Server Responder
2022-05-04 03:17:30,470 [Listener at 127.0.0.1/37999] INFO  server.StorageContainerManager (StorageContainerManager.java:stop(1463)) - Stopping the StorageContainerLocationProtocol RPC server
2022-05-04 03:17:30,470 [Listener at 127.0.0.1/37999] INFO  server.SCMClientProtocolServer (SCMClientProtocolServer.java:stop(178)) - Stopping the RPC server for Client Protocol
2022-05-04 03:17:30,470 [Listener at 127.0.0.1/37999] INFO  ipc.Server (Server.java:stop(3414)) - Stopping server on 41659
2022-05-04 03:17:30,476 [IPC Server Responder] INFO  ipc.Server (Server.java:run(1512)) - Stopping IPC Server Responder
2022-05-04 03:17:30,476 [Listener at 127.0.0.1/37999] INFO  server.StorageContainerManager (StorageContainerManager.java:stop(1470)) - Stopping Storage Container Manager HTTP server.
2022-05-04 03:17:30,477 [IPC Server listener on 0] INFO  ipc.Server (Server.java:run(1376)) - Stopping IPC Server listener on 0
2022-05-04 03:17:30,477 [Listener at 127.0.0.1/37999] INFO  handler.ContextHandler (ContextHandler.java:doStop(1153)) - Stopped o.e.j.w.WebAppContext@2ee4eba0{scm,/,null,STOPPED}{file:/home/runner/work/ozone/ozone/hadoop-ozone/integration-test/target/test-classes/webapps/scm}
2022-05-04 03:17:30,484 [Listener at 127.0.0.1/37999] INFO  server.AbstractConnector (AbstractConnector.java:doStop(381)) - Stopped ServerConnector@233f4b3a{HTTP/1.1, (http/1.1)}{0.0.0.0:0}
2022-05-04 03:17:30,487 [Listener at 127.0.0.1/37999] INFO  server.session (HouseKeeper.java:stopScavenging(149)) - node0 Stopped scavenging
2022-05-04 03:17:30,488 [Listener at 127.0.0.1/37999] INFO  handler.ContextHandler (ContextHandler.java:doStop(1153)) - Stopped o.e.j.s.ServletContextHandler@5371ba50{static,/static,file:///home/runner/work/ozone/ozone/hadoop-ozone/integration-test/target/test-classes/webapps/static,STOPPED}
2022-05-04 03:17:30,488 [Listener at 127.0.0.1/37999] INFO  handler.ContextHandler (ContextHandler.java:doStop(1153)) - Stopped o.e.j.s.ServletContextHandler@1f711438{logs,/logs,file:///home/runner/work/ozone/ozone/hadoop-ozone/integration-test/target/log,STOPPED}
2022-05-04 03:17:30,496 [Listener at 127.0.0.1/37999] INFO  server.StorageContainerManager (StorageContainerManager.java:stop(1481)) - Stopping Block Manager Service.
2022-05-04 03:17:30,496 [Listener at 127.0.0.1/37999] INFO  utils.BackgroundService (BackgroundService.java:shutdown(132)) - Shutting down service SCMBlockDeletingService
2022-05-04 03:17:30,496 [Listener at 127.0.0.1/37999] INFO  utils.BackgroundService (BackgroundService.java:shutdown(132)) - Shutting down service SCMBlockDeletingService
2022-05-04 03:17:30,496 [Listener at 127.0.0.1/37999] INFO  server.StorageContainerManager (StorageContainerManager.java:stop(1508)) - Stopping SCM Event Queue.
2022-05-04 03:17:30,507 [Listener at 127.0.0.1/37999] INFO  server.StorageContainerManager (StorageContainerManager.java:stop(1519)) - Stopping SCM HA services.
2022-05-04 03:17:30,507 [Listener at 127.0.0.1/37999] INFO  pipeline.BackgroundPipelineCreator (BackgroundPipelineCreator.java:stop(148)) - Stopping RatisPipelineUtilsThread.
2022-05-04 03:17:30,510 [RatisPipelineUtilsThread - 0] WARN  pipeline.BackgroundPipelineCreator (BackgroundPipelineCreator.java:run(175)) - RatisPipelineUtilsThread is interrupted.
2022-05-04 03:17:30,520 [PipelineScrubberThread] WARN  pipeline.BackgroundPipelineScrubber (BackgroundPipelineScrubber.java:run(162)) - PipelineScrubberThread is interrupted, exit
2022-05-04 03:17:30,520 [Listener at 127.0.0.1/37999] INFO  pipeline.BackgroundPipelineScrubber (BackgroundPipelineScrubber.java:stop(141)) - Stopping Pipeline Scrubber Service.
2022-05-04 03:17:30,520 [Listener at 127.0.0.1/37999] INFO  server.StorageContainerManager (StorageContainerManager.java:stop(1529)) - Stopping SCM MetadataStore.
2022-05-04 03:17:30,526 [Listener at 127.0.0.1/37999] INFO  impl.MetricsSystemImpl (MetricsSystemImpl.java:stop(210)) - Stopping HddsDatanode metrics system...
2022-05-04 03:17:30,573 [prometheus] INFO  impl.MetricsSinkAdapter (MetricsSinkAdapter.java:publishMetricsFromQueue(141)) - prometheus thread interrupted.
2022-05-04 03:17:30,574 [Listener at 127.0.0.1/37999] INFO  impl.MetricsSystemImpl (MetricsSystemImpl.java:stop(216)) - HddsDatanode metrics system stopped.
2022-05-04 03:17:30,904 [Listener at 127.0.0.1/37999] WARN  server.ServerUtils (ServerUtils.java:getScmDbDir(148)) - ozone.scm.db.dirs is not configured. We recommend adding this setting. Falling back to ozone.metadata.dirs instead.
2022-05-04 03:17:30,927 [Listener at 127.0.0.1/37999] INFO  ha.SCMHANodeDetails (SCMHANodeDetails.java:loadSCMHAConfig(157)) - ServiceID for StorageContainerManager is null
2022-05-04 03:17:30,927 [Listener at 127.0.0.1/37999] INFO  ha.SCMHANodeDetails (SCMHANodeDetails.java:loadSCMHAConfig(162)) - ozone.scm.default.service.id is not defined, falling back to ozone.scm.service.ids to find serviceID for StorageContainerManager if it is HA enabled cluster
2022-05-04 03:17:30,927 [Listener at 127.0.0.1/37999] WARN  server.ServerUtils (ServerUtils.java:getScmDbDir(148)) - ozone.scm.db.dirs is not configured. We recommend adding this setting. Falling back to ozone.metadata.dirs instead.
2022-05-04 03:17:30,928 [Listener at 127.0.0.1/37999] INFO  upgrade.AbstractLayoutVersionManager (AbstractLayoutVersionManager.java:init(79)) - Initializing Layout version manager with metadata layout = ERASURE_CODED_STORAGE_SUPPORT (version = 3), software layout = ERASURE_CODED_STORAGE_SUPPORT (version = 3)
2022-05-04 03:17:31,013 [Listener at 127.0.0.1/37999] INFO  reflections.Reflections (Reflections.java:scan(232)) - Reflections took 77 ms to scan 7 urls, producing 126 keys and 289 values 
2022-05-04 03:17:31,014 [Listener at 127.0.0.1/37999] WARN  utils.HAUtils (HAUtils.java:getMetaDir(342)) - ozone.scm.db.dirs is not configured. We recommend adding this setting. Falling back to ozone.metadata.dirs instead.
2022-05-04 03:17:31,015 [Listener at 127.0.0.1/37999] WARN  db.DBStoreBuilder (DBStoreBuilder.java:applyDBDefinition(145)) - ozone.scm.db.dirs is not configured. We recommend adding this setting. Falling back to ozone.metadata.dirs instead.
2022-05-04 03:17:31,303 [Listener at 127.0.0.1/37999] INFO  net.NodeSchemaLoader (NodeSchemaLoader.java:loadSchemaFromFile(129)) - Loading schema from [jar:file:/home/runner/.m2/repository/org/apache/ozone/hdds-common/1.3.0-SNAPSHOT/hdds-common-1.3.0-SNAPSHOT.jar!/network-topology-default.xml]
2022-05-04 03:17:31,304 [Listener at 127.0.0.1/37999] INFO  net.NodeSchemaLoader (NodeSchemaLoader.java:loadSchema(176)) - Loading network topology layer schema file
2022-05-04 03:17:31,319 [Listener at 127.0.0.1/37999] INFO  ha.SequenceIdGenerator (SequenceIdGenerator.java:upgradeToSequenceId(347)) - upgrade localId to 109611004723200000
2022-05-04 03:17:31,320 [Listener at 127.0.0.1/37999] INFO  ha.SequenceIdGenerator (SequenceIdGenerator.java:upgradeToSequenceId(357)) - upgrade delTxnId to 0
2022-05-04 03:17:31,320 [Listener at 127.0.0.1/37999] INFO  ha.SequenceIdGenerator (SequenceIdGenerator.java:upgradeToSequenceId(371)) - upgrade containerId to 0
2022-05-04 03:17:31,320 [Listener at 127.0.0.1/37999] INFO  ha.SequenceIdGenerator (SequenceIdGenerator.java:<init>(218)) - Init the HA SequenceIdGenerator.
2022-05-04 03:17:31,320 [Listener at 127.0.0.1/37999] WARN  server.ServerUtils (ServerUtils.java:sanitizeUserArgs(73)) - ozone.scm.stale.node.interval value = 300000 is larger than max = 100000 based on the key value of ozone.scm.heartbeat.thread.interval, reset to the max value 100000.
2022-05-04 03:17:31,320 [Listener at 127.0.0.1/37999] WARN  server.ServerUtils (ServerUtils.java:sanitizeUserArgs(73)) - ozone.scm.stale.node.interval value = 300000 is larger than max = 100000 based on the key value of ozone.scm.heartbeat.thread.interval, reset to the max value 100000.
2022-05-04 03:17:31,340 [Listener at 127.0.0.1/37999] INFO  node.SCMNodeManager (SCMNodeManager.java:<init>(148)) - Entering startup safe mode.
2022-05-04 03:17:31,341 [Listener at 127.0.0.1/37999] INFO  algorithms.ContainerPlacementPolicyFactory (ContainerPlacementPolicyFactory.java:getPolicyInternal(86)) - Create container placement policy of type org.apache.hadoop.hdds.scm.container.placement.algorithms.SCMContainerPlacementRandom
2022-05-04 03:17:31,341 [Listener at 127.0.0.1/37999] INFO  pipeline.PipelineStateManagerImpl (PipelineStateManagerImpl.java:initialize(78)) - No pipeline exists in current db
2022-05-04 03:17:31,341 [Listener at 127.0.0.1/37999] INFO  algorithms.LeaderChoosePolicyFactory (LeaderChoosePolicyFactory.java:getPolicy(57)) - Create leader choose policy of type org.apache.hadoop.hdds.scm.pipeline.leader.choose.algorithms.MinLeaderCountChoosePolicy
2022-05-04 03:17:31,341 [Listener at 127.0.0.1/37999] INFO  algorithms.ContainerPlacementPolicyFactory (ContainerPlacementPolicyFactory.java:getPolicyInternal(86)) - Create container placement policy of type org.apache.hadoop.hdds.scm.container.placement.algorithms.SCMContainerPlacementRackScatter
2022-05-04 03:17:31,341 [Listener at 127.0.0.1/37999] INFO  pipeline.BackgroundPipelineCreator (BackgroundPipelineCreator.java:start(123)) - Starting RatisPipelineUtilsThread.
2022-05-04 03:17:31,342 [Listener at 127.0.0.1/37999] INFO  pipeline.BackgroundPipelineScrubber (BackgroundPipelineScrubber.java:start(124)) - Starting Pipeline Scrubber Service.
2022-05-04 03:17:31,342 [Listener at 127.0.0.1/37999] INFO  ha.SCMServiceManager (SCMServiceManager.java:register(42)) - Registering service BackgroundPipelineCreator.
2022-05-04 03:17:31,342 [Listener at 127.0.0.1/37999] INFO  ha.SCMServiceManager (SCMServiceManager.java:register(42)) - Registering service BackgroundPipelineScrubber.
2022-05-04 03:17:31,343 [Listener at 127.0.0.1/37999] INFO  algorithms.PipelineChoosePolicyFactory (PipelineChoosePolicyFactory.java:createPipelineChoosePolicyFromClass(73)) - Create pipeline choose policy of type org.apache.hadoop.hdds.scm.pipeline.choose.algorithms.RandomPipelineChoosePolicy
2022-05-04 03:17:31,343 [Listener at 127.0.0.1/37999] INFO  ha.SCMServiceManager (SCMServiceManager.java:register(42)) - Registering service SCMBlockDeletingService.
2022-05-04 03:17:31,343 [Listener at 127.0.0.1/37999] INFO  ha.SCMServiceManager (SCMServiceManager.java:register(42)) - Registering service ReplicationManager.
2022-05-04 03:17:31,344 [Listener at 127.0.0.1/37999] INFO  container.ReplicationManager (ReplicationManager.java:start(326)) - Starting Replication Monitor Thread.
2022-05-04 03:17:31,346 [Listener at 127.0.0.1/37999] INFO  safemode.ContainerSafeModeRule (ContainerSafeModeRule.java:<init>(89)) - containers with one replica threshold count 0
2022-05-04 03:17:31,346 [Listener at 127.0.0.1/37999] INFO  safemode.HealthyPipelineSafeModeRule (HealthyPipelineSafeModeRule.java:initializeRule(156)) - Total pipeline count is 0, healthy pipeline threshold count is 1
2022-05-04 03:17:31,346 [Listener at 127.0.0.1/37999] INFO  safemode.OneReplicaPipelineSafeModeRule (OneReplicaPipelineSafeModeRule.java:initializeRule(180)) - Total pipeline count is 0, pipeline's with at least one datanode reported threshold count is 0
2022-05-04 03:17:31,349 [Listener at 127.0.0.1/37999] INFO  ipc.CallQueueManager (CallQueueManager.java:<init>(90)) - Using callQueue: class java.util.concurrent.LinkedBlockingQueue, queueCapacity: 2000, scheduler: class org.apache.hadoop.ipc.DefaultRpcScheduler, ipcBackoff: false.
2022-05-04 03:17:31,350 [Socket Reader #1 for port 0] INFO  ipc.Server (Server.java:run(1265)) - Starting Socket Reader #1 for port 0
2022-05-04 03:17:31,351 [Listener at 0.0.0.0/45051] INFO  ipc.CallQueueManager (CallQueueManager.java:<init>(90)) - Using callQueue: class java.util.concurrent.LinkedBlockingQueue, queueCapacity: 2000, scheduler: class org.apache.hadoop.ipc.DefaultRpcScheduler, ipcBackoff: false.
2022-05-04 03:17:31,360 [Socket Reader #1 for port 0] INFO  ipc.Server (Server.java:run(1265)) - Starting Socket Reader #1 for port 0
2022-05-04 03:17:31,367 [Listener at 0.0.0.0/42525] INFO  ipc.CallQueueManager (CallQueueManager.java:<init>(90)) - Using callQueue: class java.util.concurrent.LinkedBlockingQueue, queueCapacity: 2000, scheduler: class org.apache.hadoop.ipc.DefaultRpcScheduler, ipcBackoff: false.
2022-05-04 03:17:31,370 [Socket Reader #1 for port 0] INFO  ipc.Server (Server.java:run(1265)) - Starting Socket Reader #1 for port 0
2022-05-04 03:17:31,391 [ReplicationMonitor] INFO  container.ReplicationManager (ReplicationManager.java:processAll(374)) - Replication Manager is not ready to run until 3000ms after safemode exit
2022-05-04 03:17:31,455 [Listener at 0.0.0.0/37153] INFO  server.StorageContainerManager (StorageContainerManager.java:<init>(391)) - 
Container Balancer status:
Key                            Value
Running                        false
Container Balancer Configuration values:
Key                                                Value
Threshold                                          10
Max Datanodes to Involve per Iteration(percent)    20
Max Size to Move per Iteration                     500GB
Max Size Entering Target per Iteration             26GB
Max Size Leaving Source per Iteration              26GB

2022-05-04 03:17:31,455 [Listener at 0.0.0.0/37153] WARN  events.EventQueue (EventQueue.java:fireEvent(194)) - No event handler registered for event TypedEvent{payloadType=SafeModeStatus, name='Safe mode status'}
2022-05-04 03:17:31,467 [Listener at 0.0.0.0/37153] INFO  ha.SCMContext (SCMContext.java:updateSafeModeStatus(211)) - Update SafeModeStatus from SafeModeStatus{safeModeStatus=true, preCheckPassed=false} to SafeModeStatus{safeModeStatus=true, preCheckPassed=false}.
2022-05-04 03:17:31,467 [Listener at 0.0.0.0/37153] INFO  server.StorageContainerManager (StorageContainerManager.java:start(1333)) - StorageContainerLocationProtocol RPC server is listening at /0.0.0.0:37153
2022-05-04 03:17:31,470 [Listener at 0.0.0.0/37153] WARN  impl.MetricsConfig (MetricsConfig.java:loadFirst(136)) - Cannot locate configuration: tried hadoop-metrics2-storagecontainermanager.properties,hadoop-metrics2.properties
2022-05-04 03:17:31,474 [Listener at 0.0.0.0/37153] INFO  impl.MetricsSystemImpl (MetricsSystemImpl.java:startTimer(378)) - Scheduled Metric snapshot period at 10 second(s).
2022-05-04 03:17:31,475 [Listener at 0.0.0.0/37153] INFO  impl.MetricsSystemImpl (MetricsSystemImpl.java:start(191)) - StorageContainerManager metrics system started
2022-05-04 03:17:31,522 [Listener at 0.0.0.0/37153] INFO  impl.MetricsSinkAdapter (MetricsSinkAdapter.java:start(204)) - Sink prometheus started
2022-05-04 03:17:31,522 [Listener at 0.0.0.0/37153] INFO  impl.MetricsSystemImpl (MetricsSystemImpl.java:registerSink(305)) - Registered sink prometheus
2022-05-04 03:17:31,613 [Listener at 0.0.0.0/37153] INFO  server.SCMClientProtocolServer (SCMClientProtocolServer.java:start(169)) - RPC server for Client  is listening at /0.0.0.0:37153
2022-05-04 03:17:31,631 [IPC Server Responder] INFO  ipc.Server (Server.java:run(1507)) - IPC Server Responder: starting
2022-05-04 03:17:31,638 [IPC Server listener on 0] INFO  ipc.Server (Server.java:run(1344)) - IPC Server listener on 0: starting
2022-05-04 03:17:31,703 [Listener at 0.0.0.0/37153] INFO  server.StorageContainerManager (StorageContainerManager.java:start(1348)) - ScmBlockLocationProtocol RPC server is listening at /0.0.0.0:42525
2022-05-04 03:17:31,704 [Listener at 0.0.0.0/37153] INFO  server.SCMBlockProtocolServer (SCMBlockProtocolServer.java:start(151)) - RPC server for Block Protocol is listening at /0.0.0.0:42525
2022-05-04 03:17:31,704 [IPC Server Responder] INFO  ipc.Server (Server.java:run(1507)) - IPC Server Responder: starting
2022-05-04 03:17:31,705 [IPC Server listener on 0] INFO  ipc.Server (Server.java:run(1344)) - IPC Server listener on 0: starting
2022-05-04 03:17:31,715 [Listener at 0.0.0.0/37153] INFO  server.SCMDatanodeProtocolServer (SCMDatanodeProtocolServer.java:start(183)) - ScmDatanodeProtocol RPC server for DataNodes is listening at /0.0.0.0:45051
2022-05-04 03:17:31,718 [IPC Server Responder] INFO  ipc.Server (Server.java:run(1507)) - IPC Server Responder: starting
2022-05-04 03:17:31,719 [IPC Server listener on 0] INFO  ipc.Server (Server.java:run(1344)) - IPC Server listener on 0: starting
2022-05-04 03:17:31,755 [Listener at 0.0.0.0/37153] INFO  http.BaseHttpServer (BaseHttpServer.java:newHttpServer2BuilderForOzone(209)) - Starting Web-server for scm at: http://0.0.0.0:0
2022-05-04 03:17:31,756 [Listener at 0.0.0.0/37153] INFO  http.BaseHttpServer (BaseHttpServer.java:<init>(107)) - Hadoop Security Enabled: false Ozone Security Enabled: false Ozone HTTP Security Enabled: false 
2022-05-04 03:17:31,757 [Listener at 0.0.0.0/37153] INFO  server.AuthenticationFilter (AuthenticationFilter.java:constructSecretProvider(240)) - Unable to initialize FileSignerSecretProvider, falling back to use random secrets.
2022-05-04 03:17:31,757 [org.apache.hadoop.util.JvmPauseMonitor$Monitor@2f057b05] INFO  util.JvmPauseMonitor (JvmPauseMonitor.java:run(188)) - Starting JVM pause monitor
2022-05-04 03:17:31,797 [Listener at 0.0.0.0/37153] WARN  http.HttpRequestLog (HttpRequestLog.java:getRequestLog(103)) - Jetty request log can only be enabled using Log4j
2022-05-04 03:17:31,798 [Listener at 0.0.0.0/37153] INFO  http.HttpServer2 (HttpServer2.java:addGlobalFilter(1030)) - Added global filter 'safety' (class=org.apache.hadoop.hdds.server.http.HttpServer2$QuotingInputFilter)
2022-05-04 03:17:31,799 [Listener at 0.0.0.0/37153] INFO  http.HttpServer2 (HttpServer2.java:addFilter(1006)) - Added filter static_user_filter (class=org.apache.hadoop.http.lib.StaticUserWebFilter$StaticUserFilter) to context scm
2022-05-04 03:17:31,799 [Listener at 0.0.0.0/37153] INFO  http.HttpServer2 (HttpServer2.java:addFilter(1014)) - Added filter static_user_filter (class=org.apache.hadoop.http.lib.StaticUserWebFilter$StaticUserFilter) to context static
2022-05-04 03:17:31,799 [Listener at 0.0.0.0/37153] INFO  http.HttpServer2 (HttpServer2.java:addFilter(1014)) - Added filter static_user_filter (class=org.apache.hadoop.http.lib.StaticUserWebFilter$StaticUserFilter) to context logs
2022-05-04 03:17:31,800 [Listener at 0.0.0.0/37153] INFO  http.HttpServer2 (HttpServer2.java:bindListener(1249)) - Jetty bound to port 37001
2022-05-04 03:17:31,800 [Listener at 0.0.0.0/37153] INFO  server.Server (Server.java:doStart(375)) - jetty-9.4.43.v20210629; built: 2021-06-30T11:07:22.254Z; git: 526006ecfa3af7f1a27ef3a288e2bef7ea9dd7e8; jvm 1.8.0_322-b06
2022-05-04 03:17:31,804 [Listener at 0.0.0.0/37153] INFO  server.session (DefaultSessionIdManager.java:doStart(334)) - DefaultSessionIdManager workerName=node0
2022-05-04 03:17:31,804 [Listener at 0.0.0.0/37153] INFO  server.session (DefaultSessionIdManager.java:doStart(339)) - No SessionScavenger set, using defaults
2022-05-04 03:17:31,804 [Listener at 0.0.0.0/37153] INFO  server.session (HouseKeeper.java:startScavenging(132)) - node0 Scavenging every 660000ms
2022-05-04 03:17:31,808 [Listener at 0.0.0.0/37153] INFO  handler.ContextHandler (ContextHandler.java:doStart(915)) - Started o.e.j.s.ServletContextHandler@1d73d00a{logs,/logs,file:///home/runner/work/ozone/ozone/hadoop-ozone/integration-test/target/log,AVAILABLE}
2022-05-04 03:17:31,809 [Listener at 0.0.0.0/37153] INFO  handler.ContextHandler (ContextHandler.java:doStart(915)) - Started o.e.j.s.ServletContextHandler@4f1013e6{static,/static,file:///home/runner/work/ozone/ozone/hadoop-ozone/integration-test/target/test-classes/webapps/static,AVAILABLE}
2022-05-04 03:17:31,826 [Listener at 0.0.0.0/37153] INFO  handler.ContextHandler (ContextHandler.java:doStart(915)) - Started o.e.j.w.WebAppContext@1c00589d{scm,/,file:///home/runner/work/ozone/ozone/hadoop-ozone/integration-test/target/test-classes/webapps/scm/,AVAILABLE}{file:/home/runner/work/ozone/ozone/hadoop-ozone/integration-test/target/test-classes/webapps/scm}
2022-05-04 03:17:31,878 [Listener at 0.0.0.0/37153] INFO  server.AbstractConnector (AbstractConnector.java:doStart(331)) - Started ServerConnector@75050599{HTTP/1.1, (http/1.1)}{0.0.0.0:37001}
2022-05-04 03:17:31,879 [Listener at 0.0.0.0/37153] INFO  server.Server (Server.java:doStart(415)) - Started @328119ms
2022-05-04 03:17:31,879 [Listener at 0.0.0.0/37153] WARN  impl.MetricsSystemImpl (MetricsSystemImpl.java:register(279)) - Sink prometheus already exists!
2022-05-04 03:17:31,880 [Listener at 0.0.0.0/37153] INFO  http.BaseHttpServer (BaseHttpServer.java:updateConnectorAddress(329)) - HTTP server of scm listening at http://0.0.0.0:37001
2022-05-04 03:17:31,881 [Listener at 0.0.0.0/37153] WARN  server.ServerUtils (ServerUtils.java:getDBPath(225)) - ozone.om.db.dirs is not configured. We recommend adding this setting. Falling back to ozone.metadata.dirs instead.
2022-05-04 03:17:31,889 [Listener at 0.0.0.0/37153] INFO  ha.OMHANodeDetails (OMHANodeDetails.java:loadOMHAConfig(112)) - ozone.om.internal.service.id is not defined, falling back to ozone.om.service.ids to find serviceID for OzoneManager if it is HA enabled cluster
2022-05-04 03:17:31,889 [Listener at 0.0.0.0/37153] INFO  ha.OMHANodeDetails (OMHANodeDetails.java:loadOMHAConfig(218)) - Configuration does not have ozone.om.address set. Falling back to the default OM address /127.0.0.1:0
2022-05-04 03:17:31,889 [Listener at 0.0.0.0/37153] INFO  ha.OMHANodeDetails (OMHANodeDetails.java:getOMNodeDetailsForNonHA(246)) - OM Service ID is not set. Setting it to the default ID: omServiceIdDefault
2022-05-04 03:17:31,889 [Listener at 0.0.0.0/37153] INFO  ha.OMHANodeDetails (OMHANodeDetails.java:getOMNodeDetailsForNonHA(253)) - OM Node ID is not set. Setting it to the default ID: om1
2022-05-04 03:17:31,890 [Listener at 0.0.0.0/37153] WARN  server.ServerUtils (ServerUtils.java:getDBPath(225)) - ozone.om.db.dirs is not configured. We recommend adding this setting. Falling back to ozone.metadata.dirs instead.
2022-05-04 03:17:31,890 [Listener at 0.0.0.0/37153] INFO  upgrade.AbstractLayoutVersionManager (AbstractLayoutVersionManager.java:init(79)) - Initializing Layout version manager with metadata layout = ERASURE_CODED_STORAGE_SUPPORT (version = 1), software layout = ERASURE_CODED_STORAGE_SUPPORT (version = 1)
2022-05-04 03:17:32,098 [Listener at 0.0.0.0/37153] INFO  reflections.Reflections (Reflections.java:scan(232)) - Reflections took 206 ms to scan 2 urls, producing 143 keys and 368 values [using 2 cores]
2022-05-04 03:17:32,099 [Listener at 0.0.0.0/37153] INFO  upgrade.OMLayoutVersionManager (OMLayoutVersionManager.java:lambda$0(115)) - Skipping Upgrade Action MockOmUpgradeAction since it has been finalized.
2022-05-04 03:17:32,099 [Listener at 0.0.0.0/37153] WARN  server.ServerUtils (ServerUtils.java:getDBPath(225)) - ozone.om.db.dirs is not configured. We recommend adding this setting. Falling back to ozone.metadata.dirs instead.
2022-05-04 03:17:32,142 [Listener at 0.0.0.0/37153] WARN  server.ServerUtils (ServerUtils.java:getDBPath(225)) - ozone.om.db.dirs is not configured. We recommend adding this setting. Falling back to ozone.metadata.dirs instead.
2022-05-04 03:17:32,142 [Listener at 0.0.0.0/37153] INFO  codec.OmKeyInfoCodec (OmKeyInfoCodec.java:<init>(49)) - OmKeyInfoCodec ignorePipeline = true
2022-05-04 03:17:32,142 [Listener at 0.0.0.0/37153] INFO  codec.RepeatedOmKeyInfoCodec (RepeatedOmKeyInfoCodec.java:<init>(41)) - RepeatedOmKeyInfoCodec ignorePipeline = true
2022-05-04 03:17:32,674 [Listener at 0.0.0.0/37153] INFO  om.OzoneManager (OzoneManager.java:addS3GVolumeToDB(3880)) - Created Volume s3v With Owner runner required for S3Gateway operations.
2022-05-04 03:17:32,678 [Listener at 0.0.0.0/37153] INFO  om.OzoneManager (OzoneManager.java:getRpcServer(1027)) - Creating RPC Server
2022-05-04 03:17:33,643 [Listener at 0.0.0.0/37153] INFO  reflections.Reflections (Reflections.java:scan(232)) - Reflections took 964 ms to scan 19 urls, producing 61 keys and 3647 values [using 2 cores]
2022-05-04 03:17:33,644 [Listener at 0.0.0.0/37153] INFO  ipc.CallQueueManager (CallQueueManager.java:<init>(90)) - Using callQueue: class java.util.concurrent.LinkedBlockingQueue, queueCapacity: 2000, scheduler: class org.apache.hadoop.ipc.DefaultRpcScheduler, ipcBackoff: false.
2022-05-04 03:17:33,645 [Socket Reader #1 for port 0] INFO  ipc.Server (Server.java:run(1265)) - Starting Socket Reader #1 for port 0
2022-05-04 03:17:33,775 [Listener at 127.0.0.1/33661] INFO  impl.MetricsSystemImpl (MetricsSystemImpl.java:init(158)) - OzoneManager metrics system started (again)
2022-05-04 03:17:33,814 [Listener at 127.0.0.1/33661] INFO  om.OzoneManager (OzoneManager.java:start(1395)) - OzoneManager RPC server is listening at localhost/127.0.0.1:33661
2022-05-04 03:17:33,814 [Listener at 127.0.0.1/33661] INFO  om.OzoneManager (OzoneManager.java:start(1411)) - Version File has different layout version (1) than OM DB (null). That is expected if this OM has never been finalized to a newer layout version.
2022-05-04 03:17:33,818 [Listener at 127.0.0.1/33661] INFO  http.BaseHttpServer (BaseHttpServer.java:newHttpServer2BuilderForOzone(209)) - Starting Web-server for ozoneManager at: http://0.0.0.0:0
2022-05-04 03:17:33,818 [Listener at 127.0.0.1/33661] INFO  http.BaseHttpServer (BaseHttpServer.java:<init>(107)) - Hadoop Security Enabled: false Ozone Security Enabled: false Ozone HTTP Security Enabled: false 
2022-05-04 03:17:33,819 [Listener at 127.0.0.1/33661] INFO  server.AuthenticationFilter (AuthenticationFilter.java:constructSecretProvider(240)) - Unable to initialize FileSignerSecretProvider, falling back to use random secrets.
2022-05-04 03:17:33,822 [Listener at 127.0.0.1/33661] WARN  http.HttpRequestLog (HttpRequestLog.java:getRequestLog(103)) - Jetty request log can only be enabled using Log4j
2022-05-04 03:17:33,823 [Listener at 127.0.0.1/33661] INFO  http.HttpServer2 (HttpServer2.java:addGlobalFilter(1030)) - Added global filter 'safety' (class=org.apache.hadoop.hdds.server.http.HttpServer2$QuotingInputFilter)
2022-05-04 03:17:33,824 [Listener at 127.0.0.1/33661] INFO  http.HttpServer2 (HttpServer2.java:addFilter(1006)) - Added filter static_user_filter (class=org.apache.hadoop.http.lib.StaticUserWebFilter$StaticUserFilter) to context ozoneManager
2022-05-04 03:17:33,824 [Listener at 127.0.0.1/33661] INFO  http.HttpServer2 (HttpServer2.java:addFilter(1014)) - Added filter static_user_filter (class=org.apache.hadoop.http.lib.StaticUserWebFilter$StaticUserFilter) to context static
2022-05-04 03:17:33,824 [Listener at 127.0.0.1/33661] INFO  http.HttpServer2 (HttpServer2.java:addFilter(1014)) - Added filter static_user_filter (class=org.apache.hadoop.http.lib.StaticUserWebFilter$StaticUserFilter) to context logs
2022-05-04 03:17:33,825 [Listener at 127.0.0.1/33661] INFO  http.HttpServer2 (HttpServer2.java:bindListener(1249)) - Jetty bound to port 38327
2022-05-04 03:17:33,826 [Listener at 127.0.0.1/33661] INFO  server.Server (Server.java:doStart(375)) - jetty-9.4.43.v20210629; built: 2021-06-30T11:07:22.254Z; git: 526006ecfa3af7f1a27ef3a288e2bef7ea9dd7e8; jvm 1.8.0_322-b06
2022-05-04 03:17:33,859 [Listener at 127.0.0.1/33661] INFO  server.session (DefaultSessionIdManager.java:doStart(334)) - DefaultSessionIdManager workerName=node0
2022-05-04 03:17:33,859 [Listener at 127.0.0.1/33661] INFO  server.session (DefaultSessionIdManager.java:doStart(339)) - No SessionScavenger set, using defaults
2022-05-04 03:17:33,860 [Listener at 127.0.0.1/33661] INFO  server.session (HouseKeeper.java:startScavenging(132)) - node0 Scavenging every 660000ms
2022-05-04 03:17:33,861 [Listener at 127.0.0.1/33661] INFO  handler.ContextHandler (ContextHandler.java:doStart(915)) - Started o.e.j.s.ServletContextHandler@6474690{logs,/logs,file:///home/runner/work/ozone/ozone/hadoop-ozone/integration-test/target/log,AVAILABLE}
2022-05-04 03:17:33,861 [Listener at 127.0.0.1/33661] INFO  handler.ContextHandler (ContextHandler.java:doStart(915)) - Started o.e.j.s.ServletContextHandler@154f129f{static,/static,file:///home/runner/work/ozone/ozone/hadoop-ozone/integration-test/target/test-classes/webapps/static,AVAILABLE}
2022-05-04 03:17:33,864 [Listener at 127.0.0.1/33661] INFO  handler.ContextHandler (ContextHandler.java:doStart(915)) - Started o.e.j.w.WebAppContext@4b1a4be8{ozoneManager,/,file:///home/runner/work/ozone/ozone/hadoop-ozone/integration-test/target/test-classes/webapps/ozoneManager/,AVAILABLE}{file:/home/runner/work/ozone/ozone/hadoop-ozone/integration-test/target/test-classes/webapps/ozoneManager}
2022-05-04 03:17:33,922 [Listener at 127.0.0.1/33661] INFO  server.AbstractConnector (AbstractConnector.java:doStart(331)) - Started ServerConnector@36f724e5{HTTP/1.1, (http/1.1)}{0.0.0.0:38327}
2022-05-04 03:17:33,922 [Listener at 127.0.0.1/33661] INFO  server.Server (Server.java:doStart(415)) - Started @330162ms
2022-05-04 03:17:33,922 [Listener at 127.0.0.1/33661] WARN  impl.MetricsSystemImpl (MetricsSystemImpl.java:register(279)) - Sink prometheus already exists!
2022-05-04 03:17:33,923 [Listener at 127.0.0.1/33661] INFO  http.BaseHttpServer (BaseHttpServer.java:updateConnectorAddress(329)) - HTTP server of ozoneManager listening at http://0.0.0.0:38327
2022-05-04 03:17:33,925 [IPC Server Responder] INFO  ipc.Server (Server.java:run(1507)) - IPC Server Responder: starting
2022-05-04 03:17:33,930 [IPC Server listener on 0] INFO  ipc.Server (Server.java:run(1344)) - IPC Server listener on 0: starting
2022-05-04 03:17:33,937 [Listener at 127.0.0.1/33661] INFO  om.TrashPolicyOzone (TrashPolicyOzone.java:<init>(178)) - Ozone Manager trash configuration: Deletion interval = 0 minutes, Emptier interval = 0 minutes.
2022-05-04 03:17:33,986 [org.apache.hadoop.util.JvmPauseMonitor$Monitor@7d92b9a9] INFO  util.JvmPauseMonitor (JvmPauseMonitor.java:run(188)) - Starting JVM pause monitor
2022-05-04 03:17:34,029 [Listener at 127.0.0.1/33661] INFO  impl.MetricsSystemImpl (MetricsSystemImpl.java:init(158)) - HddsDatanode metrics system started (again)
2022-05-04 03:17:34,065 [Listener at 127.0.0.1/33661] INFO  ozone.HddsDatanodeService (HddsDatanodeService.java:start(233)) - HddsDatanodeService host:fv-az270-73.tacnzluakwdehk1hpragurqkma.bx.internal.cloudapp.net ip:10.1.0.22
2022-05-04 03:17:34,159 [Listener at 127.0.0.1/33661] INFO  upgrade.AbstractLayoutVersionManager (AbstractLayoutVersionManager.java:init(79)) - Initializing Layout version manager with metadata layout = ERASURE_CODED_STORAGE_SUPPORT (version = 3), software layout = ERASURE_CODED_STORAGE_SUPPORT (version = 3)
2022-05-04 03:17:34,353 [Listener at 127.0.0.1/33661] INFO  reflections.Reflections (Reflections.java:scan(232)) - Reflections took 192 ms to scan 7 urls, producing 126 keys and 289 values 
2022-05-04 03:17:34,367 [Listener at 127.0.0.1/33661] INFO  statemachine.DatanodeStateMachine (DatanodeStateMachine.java:getEndPointTaskThreadPoolSize(224)) - Datanode State Machine Task Thread Pool size 2
2022-05-04 03:17:34,379 [Listener at 127.0.0.1/33661] INFO  volume.HddsVolume (HddsVolume.java:<init>(120)) - Creating HddsVolume: /home/runner/work/ozone/ozone/hadoop-ozone/integration-test/target/test-dir/MiniOzoneClusterImpl-bb96fbd3-426a-4dd9-9d55-8297dc8cce15/datanode-0/data-0/containers/hdds of storage type : DISK capacity : 9223372036854775807
2022-05-04 03:17:34,379 [Listener at 127.0.0.1/33661] INFO  volume.MutableVolumeSet (MutableVolumeSet.java:initializeVolumeSet(168)) - Added Volume : /home/runner/work/ozone/ozone/hadoop-ozone/integration-test/target/test-dir/MiniOzoneClusterImpl-bb96fbd3-426a-4dd9-9d55-8297dc8cce15/datanode-0/data-0/containers/hdds to VolumeSet
2022-05-04 03:17:34,379 [Listener at 127.0.0.1/33661] INFO  volume.ThrottledAsyncChecker (ThrottledAsyncChecker.java:schedule(141)) - Scheduling a check for /home/runner/work/ozone/ozone/hadoop-ozone/integration-test/target/test-dir/MiniOzoneClusterImpl-bb96fbd3-426a-4dd9-9d55-8297dc8cce15/datanode-0/data-0/containers/hdds
2022-05-04 03:17:34,381 [Listener at 127.0.0.1/33661] INFO  volume.StorageVolumeChecker (StorageVolumeChecker.java:checkAllVolumes(202)) - Scheduled health check for volume /home/runner/work/ozone/ozone/hadoop-ozone/integration-test/target/test-dir/MiniOzoneClusterImpl-bb96fbd3-426a-4dd9-9d55-8297dc8cce15/datanode-0/data-0/containers/hdds
2022-05-04 03:17:34,399 [Listener at 127.0.0.1/33661] INFO  volume.MutableVolumeSet (MutableVolumeSet.java:initializeVolumeSet(168)) - Added Volume : /home/runner/work/ozone/ozone/hadoop-ozone/integration-test/target/test-dir/MiniOzoneClusterImpl-bb96fbd3-426a-4dd9-9d55-8297dc8cce15/datanode-0/data/ratis to VolumeSet
2022-05-04 03:17:34,399 [Listener at 127.0.0.1/33661] INFO  volume.ThrottledAsyncChecker (ThrottledAsyncChecker.java:schedule(141)) - Scheduling a check for /home/runner/work/ozone/ozone/hadoop-ozone/integration-test/target/test-dir/MiniOzoneClusterImpl-bb96fbd3-426a-4dd9-9d55-8297dc8cce15/datanode-0/data/ratis
2022-05-04 03:17:34,400 [Listener at 127.0.0.1/33661] INFO  volume.StorageVolumeChecker (StorageVolumeChecker.java:checkAllVolumes(202)) - Scheduled health check for volume /home/runner/work/ozone/ozone/hadoop-ozone/integration-test/target/test-dir/MiniOzoneClusterImpl-bb96fbd3-426a-4dd9-9d55-8297dc8cce15/datanode-0/data/ratis
2022-05-04 03:17:34,442 [Thread-2253] INFO  ozoneimpl.ContainerReader (ContainerReader.java:readVolume(172)) - Finish verifying containers on volume /home/runner/work/ozone/ozone/hadoop-ozone/integration-test/target/test-dir/MiniOzoneClusterImpl-bb96fbd3-426a-4dd9-9d55-8297dc8cce15/datanode-0/data-0/containers/hdds
2022-05-04 03:17:34,442 [Listener at 127.0.0.1/33661] INFO  ozoneimpl.OzoneContainer (OzoneContainer.java:buildContainerSet(257)) - Build ContainerSet costs 0s
2022-05-04 03:17:34,444 [Listener at 127.0.0.1/33661] INFO  server.RaftServer (ConfUtils.java:logGet(44)) - raft.rpc.type = GRPC (default)
2022-05-04 03:17:34,444 [Listener at 127.0.0.1/33661] INFO  grpc.GrpcFactory (GrpcFactory.java:checkPooledByteBufAllocatorUseCacheForAllThreads(48)) - PERFORMANCE WARNING: useCacheForAllThreads is true that may cause Netty to create a lot garbage objects and, as a result, trigger GC.
	It is recommended to disable useCacheForAllThreads by setting -Dorg.apache.ratis.thirdparty.io.netty.allocator.useCacheForAllThreads=false in command line.
2022-05-04 03:17:34,444 [Listener at 127.0.0.1/33661] INFO  grpc.GrpcConfigKeys (ConfUtils.java:logGet(44)) - raft.grpc.admin.port = 0 (custom)
2022-05-04 03:17:34,444 [Listener at 127.0.0.1/33661] INFO  grpc.GrpcConfigKeys (ConfUtils.java:logGet(44)) - raft.grpc.client.port = 0 (custom)
2022-05-04 03:17:34,444 [Listener at 127.0.0.1/33661] INFO  grpc.GrpcConfigKeys (ConfUtils.java:logGet(44)) - raft.grpc.server.port = 0 (default)
2022-05-04 03:17:34,445 [Listener at 127.0.0.1/33661] INFO  server.GrpcService (ConfUtils.java:logGet(44)) - raft.grpc.message.size.max = 32MB (=33554432) (custom)
2022-05-04 03:17:34,445 [Listener at 127.0.0.1/33661] INFO  server.RaftServerConfigKeys (ConfUtils.java:logGet(44)) - raft.server.log.appender.buffer.byte-limit = 33554432 (custom)
2022-05-04 03:17:34,445 [Listener at 127.0.0.1/33661] INFO  server.GrpcService (ConfUtils.java:logGet(44)) - raft.grpc.flow.control.window = 5MB (=5242880) (custom)
2022-05-04 03:17:34,445 [Listener at 127.0.0.1/33661] INFO  server.RaftServerConfigKeys (ConfUtils.java:logGet(44)) - raft.server.rpc.request.timeout = 60s (custom)
2022-05-04 03:17:34,449 [Listener at 127.0.0.1/33661] INFO  impl.DataStreamServerImpl (ConfUtils.java:logGet(44)) - raft.datastream.type = DISABLED (default)
2022-05-04 03:17:34,449 [Listener at 127.0.0.1/33661] INFO  server.RaftServerConfigKeys (ConfUtils.java:logGet(44)) - raft.server.rpc.slowness.timeout = 300s (custom)
2022-05-04 03:17:34,449 [Listener at 127.0.0.1/33661] INFO  server.RaftServerConfigKeys (ConfUtils.java:logGet(44)) - raft.server.leaderelection.leader.step-down.wait-time = 10s (default)
2022-05-04 03:17:34,449 [Listener at 127.0.0.1/33661] INFO  server.RaftServerConfigKeys (ConfUtils.java:logGet(44)) - raft.server.storage.dir = [/home/runner/work/ozone/ozone/hadoop-ozone/integration-test/target/test-dir/MiniOzoneClusterImpl-bb96fbd3-426a-4dd9-9d55-8297dc8cce15/datanode-0/data/ratis] (custom)
2022-05-04 03:17:34,460 [Listener at 127.0.0.1/33661] INFO  server.XceiverServerGrpc (XceiverServerGrpc.java:<init>(132)) - GrpcServer channel type EpollServerSocketChannel
2022-05-04 03:17:34,471 [Listener at 127.0.0.1/33661] INFO  http.BaseHttpServer (BaseHttpServer.java:newHttpServer2BuilderForOzone(209)) - Starting Web-server for hddsDatanode at: http://0.0.0.0:0
2022-05-04 03:17:34,471 [Listener at 127.0.0.1/33661] INFO  http.BaseHttpServer (BaseHttpServer.java:<init>(107)) - Hadoop Security Enabled: false Ozone Security Enabled: false Ozone HTTP Security Enabled: false 
2022-05-04 03:17:34,472 [Listener at 127.0.0.1/33661] INFO  server.AuthenticationFilter (AuthenticationFilter.java:constructSecretProvider(240)) - Unable to initialize FileSignerSecretProvider, falling back to use random secrets.
2022-05-04 03:17:34,477 [Listener at 127.0.0.1/33661] WARN  http.HttpRequestLog (HttpRequestLog.java:getRequestLog(103)) - Jetty request log can only be enabled using Log4j
2022-05-04 03:17:34,478 [Listener at 127.0.0.1/33661] INFO  http.HttpServer2 (HttpServer2.java:addGlobalFilter(1030)) - Added global filter 'safety' (class=org.apache.hadoop.hdds.server.http.HttpServer2$QuotingInputFilter)
2022-05-04 03:17:34,479 [Listener at 127.0.0.1/33661] INFO  http.HttpServer2 (HttpServer2.java:addFilter(1006)) - Added filter static_user_filter (class=org.apache.hadoop.http.lib.StaticUserWebFilter$StaticUserFilter) to context hddsDatanode
2022-05-04 03:17:34,479 [Listener at 127.0.0.1/33661] INFO  http.HttpServer2 (HttpServer2.java:addFilter(1014)) - Added filter static_user_filter (class=org.apache.hadoop.http.lib.StaticUserWebFilter$StaticUserFilter) to context logs
2022-05-04 03:17:34,479 [Listener at 127.0.0.1/33661] INFO  http.HttpServer2 (HttpServer2.java:addFilter(1014)) - Added filter static_user_filter (class=org.apache.hadoop.http.lib.StaticUserWebFilter$StaticUserFilter) to context static
2022-05-04 03:17:34,480 [Listener at 127.0.0.1/33661] INFO  http.HttpServer2 (HttpServer2.java:bindListener(1249)) - Jetty bound to port 35229
2022-05-04 03:17:34,480 [Listener at 127.0.0.1/33661] INFO  server.Server (Server.java:doStart(375)) - jetty-9.4.43.v20210629; built: 2021-06-30T11:07:22.254Z; git: 526006ecfa3af7f1a27ef3a288e2bef7ea9dd7e8; jvm 1.8.0_322-b06
2022-05-04 03:17:34,489 [Listener at 127.0.0.1/33661] INFO  server.session (DefaultSessionIdManager.java:doStart(334)) - DefaultSessionIdManager workerName=node0
2022-05-04 03:17:34,489 [Listener at 127.0.0.1/33661] INFO  server.session (DefaultSessionIdManager.java:doStart(339)) - No SessionScavenger set, using defaults
2022-05-04 03:17:34,490 [Listener at 127.0.0.1/33661] INFO  server.session (HouseKeeper.java:startScavenging(132)) - node0 Scavenging every 600000ms
2022-05-04 03:17:34,491 [Listener at 127.0.0.1/33661] INFO  handler.ContextHandler (ContextHandler.java:doStart(915)) - Started o.e.j.s.ServletContextHandler@6e06ffcf{logs,/logs,file:///home/runner/work/ozone/ozone/hadoop-ozone/integration-test/target/log,AVAILABLE}
2022-05-04 03:17:34,491 [Listener at 127.0.0.1/33661] INFO  handler.ContextHandler (ContextHandler.java:doStart(915)) - Started o.e.j.s.ServletContextHandler@11c0d919{static,/static,jar:file:/home/runner/.m2/repository/org/apache/ozone/hdds-container-service/1.3.0-SNAPSHOT/hdds-container-service-1.3.0-SNAPSHOT.jar!/webapps/static,AVAILABLE}
2022-05-04 03:17:34,868 [Listener at 127.0.0.1/33661] INFO  handler.ContextHandler (ContextHandler.java:doStart(915)) - Started o.e.j.w.WebAppContext@6377f330{hddsDatanode,/,file:///tmp/jetty-0_0_0_0-35229-hdds-container-service-1_3_0-SNAPSHOT_jar-_-any-4037182827275980267/webapp/,AVAILABLE}{jar:file:/home/runner/.m2/repository/org/apache/ozone/hdds-container-service/1.3.0-SNAPSHOT/hdds-container-service-1.3.0-SNAPSHOT.jar!/webapps/hddsDatanode}
2022-05-04 03:17:34,894 [Listener at 127.0.0.1/33661] INFO  server.AbstractConnector (AbstractConnector.java:doStart(331)) - Started ServerConnector@2dba51b4{HTTP/1.1, (http/1.1)}{0.0.0.0:35229}
2022-05-04 03:17:34,895 [Listener at 127.0.0.1/33661] INFO  server.Server (Server.java:doStart(415)) - Started @331135ms
2022-05-04 03:17:34,895 [Listener at 127.0.0.1/33661] WARN  impl.MetricsSystemImpl (MetricsSystemImpl.java:register(279)) - Sink prometheus already exists!
2022-05-04 03:17:34,896 [Listener at 127.0.0.1/33661] INFO  http.BaseHttpServer (BaseHttpServer.java:updateConnectorAddress(329)) - HTTP server of hddsDatanode listening at http://0.0.0.0:35229
2022-05-04 03:17:34,896 [Listener at 127.0.0.1/33661] INFO  impl.MetricsSystemImpl (MetricsSystemImpl.java:init(158)) - HddsDatanode metrics system started (again)
2022-05-04 03:17:34,918 [Datanode State Machine Daemon Thread] INFO  statemachine.DatanodeStateMachine (DatanodeStateMachine.java:lambda$startDaemon$0(472)) - Ozone container server started.
2022-05-04 03:17:34,930 [org.apache.hadoop.util.JvmPauseMonitor$Monitor@722d6138] INFO  util.JvmPauseMonitor (JvmPauseMonitor.java:run(188)) - Starting JVM pause monitor
2022-05-04 03:17:34,946 [Datanode State Machine Task Thread - 0] INFO  datanode.InitDatanodeState (InitDatanodeState.java:persistContainerDatanodeDetails(138)) - DatanodeDetails is persisted to /home/runner/work/ozone/ozone/hadoop-ozone/integration-test/target/test-dir/MiniOzoneClusterImpl-bb96fbd3-426a-4dd9-9d55-8297dc8cce15/datanode-0/meta/datanode.id
2022-05-04 03:17:34,964 [Listener at 127.0.0.1/33661] INFO  ozone.HddsDatanodeService (HddsDatanodeService.java:start(233)) - HddsDatanodeService host:fv-az270-73.tacnzluakwdehk1hpragurqkma.bx.internal.cloudapp.net ip:10.1.0.22
2022-05-04 03:17:35,045 [Listener at 127.0.0.1/33661] INFO  upgrade.AbstractLayoutVersionManager (AbstractLayoutVersionManager.java:init(79)) - Initializing Layout version manager with metadata layout = ERASURE_CODED_STORAGE_SUPPORT (version = 3), software layout = ERASURE_CODED_STORAGE_SUPPORT (version = 3)
2022-05-04 03:17:35,168 [Listener at 127.0.0.1/33661] INFO  reflections.Reflections (Reflections.java:scan(232)) - Reflections took 121 ms to scan 7 urls, producing 126 keys and 289 values 
2022-05-04 03:17:35,170 [Listener at 127.0.0.1/33661] INFO  statemachine.DatanodeStateMachine (DatanodeStateMachine.java:getEndPointTaskThreadPoolSize(224)) - Datanode State Machine Task Thread Pool size 2
2022-05-04 03:17:35,171 [Listener at 127.0.0.1/33661] INFO  volume.HddsVolume (HddsVolume.java:<init>(120)) - Creating HddsVolume: /home/runner/work/ozone/ozone/hadoop-ozone/integration-test/target/test-dir/MiniOzoneClusterImpl-bb96fbd3-426a-4dd9-9d55-8297dc8cce15/datanode-1/data-0/containers/hdds of storage type : DISK capacity : 9223372036854775807
2022-05-04 03:17:35,171 [Listener at 127.0.0.1/33661] INFO  volume.MutableVolumeSet (MutableVolumeSet.java:initializeVolumeSet(168)) - Added Volume : /home/runner/work/ozone/ozone/hadoop-ozone/integration-test/target/test-dir/MiniOzoneClusterImpl-bb96fbd3-426a-4dd9-9d55-8297dc8cce15/datanode-1/data-0/containers/hdds to VolumeSet
2022-05-04 03:17:35,171 [Listener at 127.0.0.1/33661] INFO  volume.ThrottledAsyncChecker (ThrottledAsyncChecker.java:schedule(141)) - Scheduling a check for /home/runner/work/ozone/ozone/hadoop-ozone/integration-test/target/test-dir/MiniOzoneClusterImpl-bb96fbd3-426a-4dd9-9d55-8297dc8cce15/datanode-1/data-0/containers/hdds
2022-05-04 03:17:35,172 [Listener at 127.0.0.1/33661] INFO  volume.StorageVolumeChecker (StorageVolumeChecker.java:checkAllVolumes(202)) - Scheduled health check for volume /home/runner/work/ozone/ozone/hadoop-ozone/integration-test/target/test-dir/MiniOzoneClusterImpl-bb96fbd3-426a-4dd9-9d55-8297dc8cce15/datanode-1/data-0/containers/hdds
2022-05-04 03:17:35,189 [Listener at 127.0.0.1/33661] INFO  volume.MutableVolumeSet (MutableVolumeSet.java:initializeVolumeSet(168)) - Added Volume : /home/runner/work/ozone/ozone/hadoop-ozone/integration-test/target/test-dir/MiniOzoneClusterImpl-bb96fbd3-426a-4dd9-9d55-8297dc8cce15/datanode-1/data/ratis to VolumeSet
2022-05-04 03:17:35,189 [Listener at 127.0.0.1/33661] INFO  volume.ThrottledAsyncChecker (ThrottledAsyncChecker.java:schedule(141)) - Scheduling a check for /home/runner/work/ozone/ozone/hadoop-ozone/integration-test/target/test-dir/MiniOzoneClusterImpl-bb96fbd3-426a-4dd9-9d55-8297dc8cce15/datanode-1/data/ratis
2022-05-04 03:17:35,189 [Listener at 127.0.0.1/33661] INFO  volume.StorageVolumeChecker (StorageVolumeChecker.java:checkAllVolumes(202)) - Scheduled health check for volume /home/runner/work/ozone/ozone/hadoop-ozone/integration-test/target/test-dir/MiniOzoneClusterImpl-bb96fbd3-426a-4dd9-9d55-8297dc8cce15/datanode-1/data/ratis
2022-05-04 03:17:35,212 [Thread-2265] INFO  ozoneimpl.ContainerReader (ContainerReader.java:readVolume(172)) - Finish verifying containers on volume /home/runner/work/ozone/ozone/hadoop-ozone/integration-test/target/test-dir/MiniOzoneClusterImpl-bb96fbd3-426a-4dd9-9d55-8297dc8cce15/datanode-1/data-0/containers/hdds
2022-05-04 03:17:35,212 [Listener at 127.0.0.1/33661] INFO  ozoneimpl.OzoneContainer (OzoneContainer.java:buildContainerSet(257)) - Build ContainerSet costs 0s
2022-05-04 03:17:35,215 [Listener at 127.0.0.1/33661] INFO  server.RaftServer (ConfUtils.java:logGet(44)) - raft.rpc.type = GRPC (default)
2022-05-04 03:17:35,215 [Listener at 127.0.0.1/33661] INFO  grpc.GrpcFactory (GrpcFactory.java:checkPooledByteBufAllocatorUseCacheForAllThreads(48)) - PERFORMANCE WARNING: useCacheForAllThreads is true that may cause Netty to create a lot garbage objects and, as a result, trigger GC.
	It is recommended to disable useCacheForAllThreads by setting -Dorg.apache.ratis.thirdparty.io.netty.allocator.useCacheForAllThreads=false in command line.
2022-05-04 03:17:35,215 [Listener at 127.0.0.1/33661] INFO  grpc.GrpcConfigKeys (ConfUtils.java:logGet(44)) - raft.grpc.admin.port = 0 (custom)
2022-05-04 03:17:35,215 [Listener at 127.0.0.1/33661] INFO  grpc.GrpcConfigKeys (ConfUtils.java:logGet(44)) - raft.grpc.client.port = 0 (custom)
2022-05-04 03:17:35,215 [Listener at 127.0.0.1/33661] INFO  grpc.GrpcConfigKeys (ConfUtils.java:logGet(44)) - raft.grpc.server.port = 0 (default)
2022-05-04 03:17:35,215 [Listener at 127.0.0.1/33661] INFO  server.GrpcService (ConfUtils.java:logGet(44)) - raft.grpc.message.size.max = 32MB (=33554432) (custom)
2022-05-04 03:17:35,216 [Listener at 127.0.0.1/33661] INFO  server.RaftServerConfigKeys (ConfUtils.java:logGet(44)) - raft.server.log.appender.buffer.byte-limit = 33554432 (custom)
2022-05-04 03:17:35,216 [Listener at 127.0.0.1/33661] INFO  server.GrpcService (ConfUtils.java:logGet(44)) - raft.grpc.flow.control.window = 5MB (=5242880) (custom)
2022-05-04 03:17:35,216 [Listener at 127.0.0.1/33661] INFO  server.RaftServerConfigKeys (ConfUtils.java:logGet(44)) - raft.server.rpc.request.timeout = 60s (custom)
2022-05-04 03:17:35,217 [Listener at 127.0.0.1/33661] INFO  impl.DataStreamServerImpl (ConfUtils.java:logGet(44)) - raft.datastream.type = DISABLED (default)
2022-05-04 03:17:35,217 [Listener at 127.0.0.1/33661] INFO  server.RaftServerConfigKeys (ConfUtils.java:logGet(44)) - raft.server.rpc.slowness.timeout = 300s (custom)
2022-05-04 03:17:35,217 [Listener at 127.0.0.1/33661] INFO  server.RaftServerConfigKeys (ConfUtils.java:logGet(44)) - raft.server.leaderelection.leader.step-down.wait-time = 10s (default)
2022-05-04 03:17:35,217 [Listener at 127.0.0.1/33661] INFO  server.RaftServerConfigKeys (ConfUtils.java:logGet(44)) - raft.server.storage.dir = [/home/runner/work/ozone/ozone/hadoop-ozone/integration-test/target/test-dir/MiniOzoneClusterImpl-bb96fbd3-426a-4dd9-9d55-8297dc8cce15/datanode-1/data/ratis] (custom)
2022-05-04 03:17:35,222 [Listener at 127.0.0.1/33661] INFO  server.XceiverServerGrpc (XceiverServerGrpc.java:<init>(132)) - GrpcServer channel type EpollServerSocketChannel
2022-05-04 03:17:35,233 [Listener at 127.0.0.1/33661] INFO  http.BaseHttpServer (BaseHttpServer.java:newHttpServer2BuilderForOzone(209)) - Starting Web-server for hddsDatanode at: http://0.0.0.0:0
2022-05-04 03:17:35,233 [Listener at 127.0.0.1/33661] INFO  http.BaseHttpServer (BaseHttpServer.java:<init>(107)) - Hadoop Security Enabled: false Ozone Security Enabled: false Ozone HTTP Security Enabled: false 
2022-05-04 03:17:35,234 [Listener at 127.0.0.1/33661] INFO  server.AuthenticationFilter (AuthenticationFilter.java:constructSecretProvider(240)) - Unable to initialize FileSignerSecretProvider, falling back to use random secrets.
2022-05-04 03:17:35,246 [Listener at 127.0.0.1/33661] WARN  http.HttpRequestLog (HttpRequestLog.java:getRequestLog(103)) - Jetty request log can only be enabled using Log4j
2022-05-04 03:17:35,247 [Listener at 127.0.0.1/33661] INFO  http.HttpServer2 (HttpServer2.java:addGlobalFilter(1030)) - Added global filter 'safety' (class=org.apache.hadoop.hdds.server.http.HttpServer2$QuotingInputFilter)
2022-05-04 03:17:35,247 [Listener at 127.0.0.1/33661] INFO  http.HttpServer2 (HttpServer2.java:addFilter(1006)) - Added filter static_user_filter (class=org.apache.hadoop.http.lib.StaticUserWebFilter$StaticUserFilter) to context hddsDatanode
2022-05-04 03:17:35,247 [Listener at 127.0.0.1/33661] INFO  http.HttpServer2 (HttpServer2.java:addFilter(1014)) - Added filter static_user_filter (class=org.apache.hadoop.http.lib.StaticUserWebFilter$StaticUserFilter) to context logs
2022-05-04 03:17:35,247 [Listener at 127.0.0.1/33661] INFO  http.HttpServer2 (HttpServer2.java:addFilter(1014)) - Added filter static_user_filter (class=org.apache.hadoop.http.lib.StaticUserWebFilter$StaticUserFilter) to context static
2022-05-04 03:17:35,248 [Listener at 127.0.0.1/33661] INFO  http.HttpServer2 (HttpServer2.java:bindListener(1249)) - Jetty bound to port 37811
2022-05-04 03:17:35,248 [Listener at 127.0.0.1/33661] INFO  server.Server (Server.java:doStart(375)) - jetty-9.4.43.v20210629; built: 2021-06-30T11:07:22.254Z; git: 526006ecfa3af7f1a27ef3a288e2bef7ea9dd7e8; jvm 1.8.0_322-b06
2022-05-04 03:17:35,286 [Listener at 127.0.0.1/33661] INFO  server.session (DefaultSessionIdManager.java:doStart(334)) - DefaultSessionIdManager workerName=node0
2022-05-04 03:17:35,286 [Listener at 127.0.0.1/33661] INFO  server.session (DefaultSessionIdManager.java:doStart(339)) - No SessionScavenger set, using defaults
2022-05-04 03:17:35,286 [Listener at 127.0.0.1/33661] INFO  server.session (HouseKeeper.java:startScavenging(132)) - node0 Scavenging every 660000ms
2022-05-04 03:17:35,287 [Listener at 127.0.0.1/33661] INFO  handler.ContextHandler (ContextHandler.java:doStart(915)) - Started o.e.j.s.ServletContextHandler@35e99149{logs,/logs,file:///home/runner/work/ozone/ozone/hadoop-ozone/integration-test/target/log,AVAILABLE}
2022-05-04 03:17:35,287 [Listener at 127.0.0.1/33661] INFO  handler.ContextHandler (ContextHandler.java:doStart(915)) - Started o.e.j.s.ServletContextHandler@4851089e{static,/static,jar:file:/home/runner/.m2/repository/org/apache/ozone/hdds-container-service/1.3.0-SNAPSHOT/hdds-container-service-1.3.0-SNAPSHOT.jar!/webapps/static,AVAILABLE}
2022-05-04 03:17:35,656 [Listener at 127.0.0.1/33661] INFO  handler.ContextHandler (ContextHandler.java:doStart(915)) - Started o.e.j.w.WebAppContext@696fc630{hddsDatanode,/,file:///tmp/jetty-0_0_0_0-37811-hdds-container-service-1_3_0-SNAPSHOT_jar-_-any-95649874793767347/webapp/,AVAILABLE}{jar:file:/home/runner/.m2/repository/org/apache/ozone/hdds-container-service/1.3.0-SNAPSHOT/hdds-container-service-1.3.0-SNAPSHOT.jar!/webapps/hddsDatanode}
2022-05-04 03:17:35,658 [Listener at 127.0.0.1/33661] INFO  server.AbstractConnector (AbstractConnector.java:doStart(331)) - Started ServerConnector@3ed800fe{HTTP/1.1, (http/1.1)}{0.0.0.0:37811}
2022-05-04 03:17:35,658 [Listener at 127.0.0.1/33661] INFO  server.Server (Server.java:doStart(415)) - Started @331899ms
2022-05-04 03:17:35,658 [Listener at 127.0.0.1/33661] WARN  impl.MetricsSystemImpl (MetricsSystemImpl.java:register(279)) - Sink prometheus already exists!
2022-05-04 03:17:35,659 [Listener at 127.0.0.1/33661] INFO  http.BaseHttpServer (BaseHttpServer.java:updateConnectorAddress(329)) - HTTP server of hddsDatanode listening at http://0.0.0.0:37811
2022-05-04 03:17:35,660 [Listener at 127.0.0.1/33661] INFO  impl.MetricsSystemImpl (MetricsSystemImpl.java:init(158)) - HddsDatanode metrics system started (again)
2022-05-04 03:17:35,666 [Datanode State Machine Daemon Thread] INFO  statemachine.DatanodeStateMachine (DatanodeStateMachine.java:lambda$startDaemon$0(472)) - Ozone container server started.
2022-05-04 03:17:35,721 [Listener at 127.0.0.1/33661] INFO  ozone.HddsDatanodeService (HddsDatanodeService.java:start(233)) - HddsDatanodeService host:fv-az270-73.tacnzluakwdehk1hpragurqkma.bx.internal.cloudapp.net ip:10.1.0.22
2022-05-04 03:17:35,764 [org.apache.hadoop.util.JvmPauseMonitor$Monitor@62620580] INFO  util.JvmPauseMonitor (JvmPauseMonitor.java:run(188)) - Starting JVM pause monitor
2022-05-04 03:17:35,783 [Datanode State Machine Task Thread - 0] INFO  datanode.InitDatanodeState (InitDatanodeState.java:persistContainerDatanodeDetails(138)) - DatanodeDetails is persisted to /home/runner/work/ozone/ozone/hadoop-ozone/integration-test/target/test-dir/MiniOzoneClusterImpl-bb96fbd3-426a-4dd9-9d55-8297dc8cce15/datanode-1/meta/datanode.id
2022-05-04 03:17:35,792 [Listener at 127.0.0.1/33661] INFO  upgrade.AbstractLayoutVersionManager (AbstractLayoutVersionManager.java:init(79)) - Initializing Layout version manager with metadata layout = ERASURE_CODED_STORAGE_SUPPORT (version = 3), software layout = ERASURE_CODED_STORAGE_SUPPORT (version = 3)
2022-05-04 03:17:35,860 [Listener at 127.0.0.1/33661] INFO  reflections.Reflections (Reflections.java:scan(232)) - Reflections took 66 ms to scan 7 urls, producing 126 keys and 289 values 
2022-05-04 03:17:35,861 [Listener at 127.0.0.1/33661] INFO  statemachine.DatanodeStateMachine (DatanodeStateMachine.java:getEndPointTaskThreadPoolSize(224)) - Datanode State Machine Task Thread Pool size 2
2022-05-04 03:17:35,863 [Listener at 127.0.0.1/33661] INFO  volume.HddsVolume (HddsVolume.java:<init>(120)) - Creating HddsVolume: /home/runner/work/ozone/ozone/hadoop-ozone/integration-test/target/test-dir/MiniOzoneClusterImpl-bb96fbd3-426a-4dd9-9d55-8297dc8cce15/datanode-2/data-0/containers/hdds of storage type : DISK capacity : 9223372036854775807
2022-05-04 03:17:35,863 [Listener at 127.0.0.1/33661] INFO  volume.MutableVolumeSet (MutableVolumeSet.java:initializeVolumeSet(168)) - Added Volume : /home/runner/work/ozone/ozone/hadoop-ozone/integration-test/target/test-dir/MiniOzoneClusterImpl-bb96fbd3-426a-4dd9-9d55-8297dc8cce15/datanode-2/data-0/containers/hdds to VolumeSet
2022-05-04 03:17:35,863 [Listener at 127.0.0.1/33661] INFO  volume.ThrottledAsyncChecker (ThrottledAsyncChecker.java:schedule(141)) - Scheduling a check for /home/runner/work/ozone/ozone/hadoop-ozone/integration-test/target/test-dir/MiniOzoneClusterImpl-bb96fbd3-426a-4dd9-9d55-8297dc8cce15/datanode-2/data-0/containers/hdds
2022-05-04 03:17:35,864 [Listener at 127.0.0.1/33661] INFO  volume.StorageVolumeChecker (StorageVolumeChecker.java:checkAllVolumes(202)) - Scheduled health check for volume /home/runner/work/ozone/ozone/hadoop-ozone/integration-test/target/test-dir/MiniOzoneClusterImpl-bb96fbd3-426a-4dd9-9d55-8297dc8cce15/datanode-2/data-0/containers/hdds
2022-05-04 03:17:35,888 [Listener at 127.0.0.1/33661] INFO  volume.MutableVolumeSet (MutableVolumeSet.java:initializeVolumeSet(168)) - Added Volume : /home/runner/work/ozone/ozone/hadoop-ozone/integration-test/target/test-dir/MiniOzoneClusterImpl-bb96fbd3-426a-4dd9-9d55-8297dc8cce15/datanode-2/data/ratis to VolumeSet
2022-05-04 03:17:35,889 [Listener at 127.0.0.1/33661] INFO  volume.ThrottledAsyncChecker (ThrottledAsyncChecker.java:schedule(141)) - Scheduling a check for /home/runner/work/ozone/ozone/hadoop-ozone/integration-test/target/test-dir/MiniOzoneClusterImpl-bb96fbd3-426a-4dd9-9d55-8297dc8cce15/datanode-2/data/ratis
2022-05-04 03:17:35,890 [Listener at 127.0.0.1/33661] INFO  volume.StorageVolumeChecker (StorageVolumeChecker.java:checkAllVolumes(202)) - Scheduled health check for volume /home/runner/work/ozone/ozone/hadoop-ozone/integration-test/target/test-dir/MiniOzoneClusterImpl-bb96fbd3-426a-4dd9-9d55-8297dc8cce15/datanode-2/data/ratis
2022-05-04 03:17:35,914 [Thread-2277] INFO  ozoneimpl.ContainerReader (ContainerReader.java:readVolume(172)) - Finish verifying containers on volume /home/runner/work/ozone/ozone/hadoop-ozone/integration-test/target/test-dir/MiniOzoneClusterImpl-bb96fbd3-426a-4dd9-9d55-8297dc8cce15/datanode-2/data-0/containers/hdds
2022-05-04 03:17:35,914 [Listener at 127.0.0.1/33661] INFO  ozoneimpl.OzoneContainer (OzoneContainer.java:buildContainerSet(257)) - Build ContainerSet costs 0s
2022-05-04 03:17:35,916 [Listener at 127.0.0.1/33661] INFO  server.RaftServer (ConfUtils.java:logGet(44)) - raft.rpc.type = GRPC (default)
2022-05-04 03:17:35,916 [Listener at 127.0.0.1/33661] INFO  grpc.GrpcFactory (GrpcFactory.java:checkPooledByteBufAllocatorUseCacheForAllThreads(48)) - PERFORMANCE WARNING: useCacheForAllThreads is true that may cause Netty to create a lot garbage objects and, as a result, trigger GC.
	It is recommended to disable useCacheForAllThreads by setting -Dorg.apache.ratis.thirdparty.io.netty.allocator.useCacheForAllThreads=false in command line.
2022-05-04 03:17:35,916 [Listener at 127.0.0.1/33661] INFO  grpc.GrpcConfigKeys (ConfUtils.java:logGet(44)) - raft.grpc.admin.port = 0 (custom)
2022-05-04 03:17:35,917 [Listener at 127.0.0.1/33661] INFO  grpc.GrpcConfigKeys (ConfUtils.java:logGet(44)) - raft.grpc.client.port = 0 (custom)
2022-05-04 03:17:35,917 [Listener at 127.0.0.1/33661] INFO  grpc.GrpcConfigKeys (ConfUtils.java:logGet(44)) - raft.grpc.server.port = 0 (default)
2022-05-04 03:17:35,917 [Listener at 127.0.0.1/33661] INFO  server.GrpcService (ConfUtils.java:logGet(44)) - raft.grpc.message.size.max = 32MB (=33554432) (custom)
2022-05-04 03:17:35,917 [Listener at 127.0.0.1/33661] INFO  server.RaftServerConfigKeys (ConfUtils.java:logGet(44)) - raft.server.log.appender.buffer.byte-limit = 33554432 (custom)
2022-05-04 03:17:35,917 [Listener at 127.0.0.1/33661] INFO  server.GrpcService (ConfUtils.java:logGet(44)) - raft.grpc.flow.control.window = 5MB (=5242880) (custom)
2022-05-04 03:17:35,917 [Listener at 127.0.0.1/33661] INFO  server.RaftServerConfigKeys (ConfUtils.java:logGet(44)) - raft.server.rpc.request.timeout = 60s (custom)
2022-05-04 03:17:35,919 [Listener at 127.0.0.1/33661] INFO  impl.DataStreamServerImpl (ConfUtils.java:logGet(44)) - raft.datastream.type = DISABLED (default)
2022-05-04 03:17:35,919 [Listener at 127.0.0.1/33661] INFO  server.RaftServerConfigKeys (ConfUtils.java:logGet(44)) - raft.server.rpc.slowness.timeout = 300s (custom)
2022-05-04 03:17:35,919 [Listener at 127.0.0.1/33661] INFO  server.RaftServerConfigKeys (ConfUtils.java:logGet(44)) - raft.server.leaderelection.leader.step-down.wait-time = 10s (default)
2022-05-04 03:17:35,919 [Listener at 127.0.0.1/33661] INFO  server.RaftServerConfigKeys (ConfUtils.java:logGet(44)) - raft.server.storage.dir = [/home/runner/work/ozone/ozone/hadoop-ozone/integration-test/target/test-dir/MiniOzoneClusterImpl-bb96fbd3-426a-4dd9-9d55-8297dc8cce15/datanode-2/data/ratis] (custom)
2022-05-04 03:17:35,921 [Listener at 127.0.0.1/33661] INFO  server.XceiverServerGrpc (XceiverServerGrpc.java:<init>(132)) - GrpcServer channel type EpollServerSocketChannel
2022-05-04 03:17:35,926 [Listener at 127.0.0.1/33661] INFO  http.BaseHttpServer (BaseHttpServer.java:newHttpServer2BuilderForOzone(209)) - Starting Web-server for hddsDatanode at: http://0.0.0.0:0
2022-05-04 03:17:35,927 [Listener at 127.0.0.1/33661] INFO  http.BaseHttpServer (BaseHttpServer.java:<init>(107)) - Hadoop Security Enabled: false Ozone Security Enabled: false Ozone HTTP Security Enabled: false 
2022-05-04 03:17:35,928 [Listener at 127.0.0.1/33661] INFO  server.AuthenticationFilter (AuthenticationFilter.java:constructSecretProvider(240)) - Unable to initialize FileSignerSecretProvider, falling back to use random secrets.
2022-05-04 03:17:35,930 [Listener at 127.0.0.1/33661] WARN  http.HttpRequestLog (HttpRequestLog.java:getRequestLog(103)) - Jetty request log can only be enabled using Log4j
2022-05-04 03:17:35,931 [Listener at 127.0.0.1/33661] INFO  http.HttpServer2 (HttpServer2.java:addGlobalFilter(1030)) - Added global filter 'safety' (class=org.apache.hadoop.hdds.server.http.HttpServer2$QuotingInputFilter)
2022-05-04 03:17:35,932 [Listener at 127.0.0.1/33661] INFO  http.HttpServer2 (HttpServer2.java:addFilter(1006)) - Added filter static_user_filter (class=org.apache.hadoop.http.lib.StaticUserWebFilter$StaticUserFilter) to context hddsDatanode
2022-05-04 03:17:35,932 [Listener at 127.0.0.1/33661] INFO  http.HttpServer2 (HttpServer2.java:addFilter(1014)) - Added filter static_user_filter (class=org.apache.hadoop.http.lib.StaticUserWebFilter$StaticUserFilter) to context static
2022-05-04 03:17:35,932 [Listener at 127.0.0.1/33661] INFO  http.HttpServer2 (HttpServer2.java:addFilter(1014)) - Added filter static_user_filter (class=org.apache.hadoop.http.lib.StaticUserWebFilter$StaticUserFilter) to context logs
2022-05-04 03:17:35,932 [Listener at 127.0.0.1/33661] INFO  http.HttpServer2 (HttpServer2.java:bindListener(1249)) - Jetty bound to port 37311
2022-05-04 03:17:35,932 [Listener at 127.0.0.1/33661] INFO  server.Server (Server.java:doStart(375)) - jetty-9.4.43.v20210629; built: 2021-06-30T11:07:22.254Z; git: 526006ecfa3af7f1a27ef3a288e2bef7ea9dd7e8; jvm 1.8.0_322-b06
2022-05-04 03:17:35,946 [Listener at 127.0.0.1/33661] INFO  server.session (DefaultSessionIdManager.java:doStart(334)) - DefaultSessionIdManager workerName=node0
2022-05-04 03:17:35,947 [Listener at 127.0.0.1/33661] INFO  server.session (DefaultSessionIdManager.java:doStart(339)) - No SessionScavenger set, using defaults
2022-05-04 03:17:35,947 [Listener at 127.0.0.1/33661] INFO  server.session (HouseKeeper.java:startScavenging(132)) - node0 Scavenging every 600000ms
2022-05-04 03:17:35,948 [Listener at 127.0.0.1/33661] INFO  handler.ContextHandler (ContextHandler.java:doStart(915)) - Started o.e.j.s.ServletContextHandler@6c73f6aa{logs,/logs,file:///home/runner/work/ozone/ozone/hadoop-ozone/integration-test/target/log,AVAILABLE}
2022-05-04 03:17:35,948 [Listener at 127.0.0.1/33661] INFO  handler.ContextHandler (ContextHandler.java:doStart(915)) - Started o.e.j.s.ServletContextHandler@5aa547e{static,/static,jar:file:/home/runner/.m2/repository/org/apache/ozone/hdds-container-service/1.3.0-SNAPSHOT/hdds-container-service-1.3.0-SNAPSHOT.jar!/webapps/static,AVAILABLE}
2022-05-04 03:17:36,319 [Listener at 127.0.0.1/33661] INFO  handler.ContextHandler (ContextHandler.java:doStart(915)) - Started o.e.j.w.WebAppContext@116dea76{hddsDatanode,/,file:///tmp/jetty-0_0_0_0-37311-hdds-container-service-1_3_0-SNAPSHOT_jar-_-any-620438289267625376/webapp/,AVAILABLE}{jar:file:/home/runner/.m2/repository/org/apache/ozone/hdds-container-service/1.3.0-SNAPSHOT/hdds-container-service-1.3.0-SNAPSHOT.jar!/webapps/hddsDatanode}
2022-05-04 03:17:36,348 [Listener at 127.0.0.1/33661] INFO  server.AbstractConnector (AbstractConnector.java:doStart(331)) - Started ServerConnector@3a5537e6{HTTP/1.1, (http/1.1)}{0.0.0.0:37311}
2022-05-04 03:17:36,348 [Listener at 127.0.0.1/33661] INFO  server.Server (Server.java:doStart(415)) - Started @332589ms
2022-05-04 03:17:36,348 [Listener at 127.0.0.1/33661] WARN  impl.MetricsSystemImpl (MetricsSystemImpl.java:register(279)) - Sink prometheus already exists!
2022-05-04 03:17:36,349 [Listener at 127.0.0.1/33661] INFO  http.BaseHttpServer (BaseHttpServer.java:updateConnectorAddress(329)) - HTTP server of hddsDatanode listening at http://0.0.0.0:37311
2022-05-04 03:17:36,356 [Listener at 127.0.0.1/33661] INFO  impl.MetricsSystemImpl (MetricsSystemImpl.java:init(158)) - HddsDatanode metrics system started (again)
2022-05-04 03:17:36,358 [Datanode State Machine Daemon Thread] INFO  statemachine.DatanodeStateMachine (DatanodeStateMachine.java:lambda$startDaemon$0(472)) - Ozone container server started.
2022-05-04 03:17:36,421 [Listener at 127.0.0.1/33661] INFO  ozone.HddsDatanodeService (HddsDatanodeService.java:start(233)) - HddsDatanodeService host:fv-az270-73.tacnzluakwdehk1hpragurqkma.bx.internal.cloudapp.net ip:10.1.0.22
2022-05-04 03:17:36,422 [org.apache.hadoop.util.JvmPauseMonitor$Monitor@38e644c2] INFO  util.JvmPauseMonitor (JvmPauseMonitor.java:run(188)) - Starting JVM pause monitor
2022-05-04 03:17:36,432 [Datanode State Machine Task Thread - 0] INFO  datanode.InitDatanodeState (InitDatanodeState.java:persistContainerDatanodeDetails(138)) - DatanodeDetails is persisted to /home/runner/work/ozone/ozone/hadoop-ozone/integration-test/target/test-dir/MiniOzoneClusterImpl-bb96fbd3-426a-4dd9-9d55-8297dc8cce15/datanode-2/meta/datanode.id
2022-05-04 03:17:36,512 [Listener at 127.0.0.1/33661] INFO  upgrade.AbstractLayoutVersionManager (AbstractLayoutVersionManager.java:init(79)) - Initializing Layout version manager with metadata layout = ERASURE_CODED_STORAGE_SUPPORT (version = 3), software layout = ERASURE_CODED_STORAGE_SUPPORT (version = 3)
2022-05-04 03:17:36,613 [Listener at 127.0.0.1/33661] INFO  reflections.Reflections (Reflections.java:scan(232)) - Reflections took 100 ms to scan 7 urls, producing 126 keys and 289 values 
2022-05-04 03:17:36,616 [Listener at 127.0.0.1/33661] INFO  statemachine.DatanodeStateMachine (DatanodeStateMachine.java:getEndPointTaskThreadPoolSize(224)) - Datanode State Machine Task Thread Pool size 2
2022-05-04 03:17:36,618 [Listener at 127.0.0.1/33661] INFO  volume.HddsVolume (HddsVolume.java:<init>(120)) - Creating HddsVolume: /home/runner/work/ozone/ozone/hadoop-ozone/integration-test/target/test-dir/MiniOzoneClusterImpl-bb96fbd3-426a-4dd9-9d55-8297dc8cce15/datanode-3/data-0/containers/hdds of storage type : DISK capacity : 9223372036854775807
2022-05-04 03:17:36,618 [Listener at 127.0.0.1/33661] INFO  volume.MutableVolumeSet (MutableVolumeSet.java:initializeVolumeSet(168)) - Added Volume : /home/runner/work/ozone/ozone/hadoop-ozone/integration-test/target/test-dir/MiniOzoneClusterImpl-bb96fbd3-426a-4dd9-9d55-8297dc8cce15/datanode-3/data-0/containers/hdds to VolumeSet
2022-05-04 03:17:36,618 [Listener at 127.0.0.1/33661] INFO  volume.ThrottledAsyncChecker (ThrottledAsyncChecker.java:schedule(141)) - Scheduling a check for /home/runner/work/ozone/ozone/hadoop-ozone/integration-test/target/test-dir/MiniOzoneClusterImpl-bb96fbd3-426a-4dd9-9d55-8297dc8cce15/datanode-3/data-0/containers/hdds
2022-05-04 03:17:36,655 [Listener at 127.0.0.1/33661] INFO  volume.StorageVolumeChecker (StorageVolumeChecker.java:checkAllVolumes(202)) - Scheduled health check for volume /home/runner/work/ozone/ozone/hadoop-ozone/integration-test/target/test-dir/MiniOzoneClusterImpl-bb96fbd3-426a-4dd9-9d55-8297dc8cce15/datanode-3/data-0/containers/hdds
2022-05-04 03:17:36,686 [Listener at 127.0.0.1/33661] INFO  volume.MutableVolumeSet (MutableVolumeSet.java:initializeVolumeSet(168)) - Added Volume : /home/runner/work/ozone/ozone/hadoop-ozone/integration-test/target/test-dir/MiniOzoneClusterImpl-bb96fbd3-426a-4dd9-9d55-8297dc8cce15/datanode-3/data/ratis to VolumeSet
2022-05-04 03:17:36,686 [Listener at 127.0.0.1/33661] INFO  volume.ThrottledAsyncChecker (ThrottledAsyncChecker.java:schedule(141)) - Scheduling a check for /home/runner/work/ozone/ozone/hadoop-ozone/integration-test/target/test-dir/MiniOzoneClusterImpl-bb96fbd3-426a-4dd9-9d55-8297dc8cce15/datanode-3/data/ratis
2022-05-04 03:17:36,694 [Listener at 127.0.0.1/33661] INFO  volume.StorageVolumeChecker (StorageVolumeChecker.java:checkAllVolumes(202)) - Scheduled health check for volume /home/runner/work/ozone/ozone/hadoop-ozone/integration-test/target/test-dir/MiniOzoneClusterImpl-bb96fbd3-426a-4dd9-9d55-8297dc8cce15/datanode-3/data/ratis
2022-05-04 03:17:36,739 [Thread-2289] INFO  ozoneimpl.ContainerReader (ContainerReader.java:readVolume(172)) - Finish verifying containers on volume /home/runner/work/ozone/ozone/hadoop-ozone/integration-test/target/test-dir/MiniOzoneClusterImpl-bb96fbd3-426a-4dd9-9d55-8297dc8cce15/datanode-3/data-0/containers/hdds
2022-05-04 03:17:36,739 [Listener at 127.0.0.1/33661] INFO  ozoneimpl.OzoneContainer (OzoneContainer.java:buildContainerSet(257)) - Build ContainerSet costs 0s
2022-05-04 03:17:36,742 [Listener at 127.0.0.1/33661] INFO  server.RaftServer (ConfUtils.java:logGet(44)) - raft.rpc.type = GRPC (default)
2022-05-04 03:17:36,742 [Listener at 127.0.0.1/33661] INFO  grpc.GrpcFactory (GrpcFactory.java:checkPooledByteBufAllocatorUseCacheForAllThreads(48)) - PERFORMANCE WARNING: useCacheForAllThreads is true that may cause Netty to create a lot garbage objects and, as a result, trigger GC.
	It is recommended to disable useCacheForAllThreads by setting -Dorg.apache.ratis.thirdparty.io.netty.allocator.useCacheForAllThreads=false in command line.
2022-05-04 03:17:36,742 [Listener at 127.0.0.1/33661] INFO  grpc.GrpcConfigKeys (ConfUtils.java:logGet(44)) - raft.grpc.admin.port = 0 (custom)
2022-05-04 03:17:36,742 [Listener at 127.0.0.1/33661] INFO  grpc.GrpcConfigKeys (ConfUtils.java:logGet(44)) - raft.grpc.client.port = 0 (custom)
2022-05-04 03:17:36,742 [Listener at 127.0.0.1/33661] INFO  grpc.GrpcConfigKeys (ConfUtils.java:logGet(44)) - raft.grpc.server.port = 0 (default)
2022-05-04 03:17:36,742 [Listener at 127.0.0.1/33661] INFO  server.GrpcService (ConfUtils.java:logGet(44)) - raft.grpc.message.size.max = 32MB (=33554432) (custom)
2022-05-04 03:17:36,742 [Listener at 127.0.0.1/33661] INFO  server.RaftServerConfigKeys (ConfUtils.java:logGet(44)) - raft.server.log.appender.buffer.byte-limit = 33554432 (custom)
2022-05-04 03:17:36,743 [Listener at 127.0.0.1/33661] INFO  server.GrpcService (ConfUtils.java:logGet(44)) - raft.grpc.flow.control.window = 5MB (=5242880) (custom)
2022-05-04 03:17:36,743 [Listener at 127.0.0.1/33661] INFO  server.RaftServerConfigKeys (ConfUtils.java:logGet(44)) - raft.server.rpc.request.timeout = 60s (custom)
2022-05-04 03:17:36,744 [Listener at 127.0.0.1/33661] INFO  impl.DataStreamServerImpl (ConfUtils.java:logGet(44)) - raft.datastream.type = DISABLED (default)
2022-05-04 03:17:36,744 [Listener at 127.0.0.1/33661] INFO  server.RaftServerConfigKeys (ConfUtils.java:logGet(44)) - raft.server.rpc.slowness.timeout = 300s (custom)
2022-05-04 03:17:36,744 [Listener at 127.0.0.1/33661] INFO  server.RaftServerConfigKeys (ConfUtils.java:logGet(44)) - raft.server.leaderelection.leader.step-down.wait-time = 10s (default)
2022-05-04 03:17:36,744 [Listener at 127.0.0.1/33661] INFO  server.RaftServerConfigKeys (ConfUtils.java:logGet(44)) - raft.server.storage.dir = [/home/runner/work/ozone/ozone/hadoop-ozone/integration-test/target/test-dir/MiniOzoneClusterImpl-bb96fbd3-426a-4dd9-9d55-8297dc8cce15/datanode-3/data/ratis] (custom)
2022-05-04 03:17:36,746 [Listener at 127.0.0.1/33661] INFO  server.XceiverServerGrpc (XceiverServerGrpc.java:<init>(132)) - GrpcServer channel type EpollServerSocketChannel
2022-05-04 03:17:36,761 [Listener at 127.0.0.1/33661] INFO  http.BaseHttpServer (BaseHttpServer.java:newHttpServer2BuilderForOzone(209)) - Starting Web-server for hddsDatanode at: http://0.0.0.0:0
2022-05-04 03:17:36,761 [Listener at 127.0.0.1/33661] INFO  http.BaseHttpServer (BaseHttpServer.java:<init>(107)) - Hadoop Security Enabled: false Ozone Security Enabled: false Ozone HTTP Security Enabled: false 
2022-05-04 03:17:36,762 [Listener at 127.0.0.1/33661] INFO  server.AuthenticationFilter (AuthenticationFilter.java:constructSecretProvider(240)) - Unable to initialize FileSignerSecretProvider, falling back to use random secrets.
2022-05-04 03:17:36,772 [Listener at 127.0.0.1/33661] WARN  http.HttpRequestLog (HttpRequestLog.java:getRequestLog(103)) - Jetty request log can only be enabled using Log4j
2022-05-04 03:17:36,779 [Listener at 127.0.0.1/33661] INFO  http.HttpServer2 (HttpServer2.java:addGlobalFilter(1030)) - Added global filter 'safety' (class=org.apache.hadoop.hdds.server.http.HttpServer2$QuotingInputFilter)
2022-05-04 03:17:36,780 [Listener at 127.0.0.1/33661] INFO  http.HttpServer2 (HttpServer2.java:addFilter(1006)) - Added filter static_user_filter (class=org.apache.hadoop.http.lib.StaticUserWebFilter$StaticUserFilter) to context hddsDatanode
2022-05-04 03:17:36,780 [Listener at 127.0.0.1/33661] INFO  http.HttpServer2 (HttpServer2.java:addFilter(1014)) - Added filter static_user_filter (class=org.apache.hadoop.http.lib.StaticUserWebFilter$StaticUserFilter) to context static
2022-05-04 03:17:36,780 [Listener at 127.0.0.1/33661] INFO  http.HttpServer2 (HttpServer2.java:addFilter(1014)) - Added filter static_user_filter (class=org.apache.hadoop.http.lib.StaticUserWebFilter$StaticUserFilter) to context logs
2022-05-04 03:17:36,781 [Listener at 127.0.0.1/33661] INFO  http.HttpServer2 (HttpServer2.java:bindListener(1249)) - Jetty bound to port 35813
2022-05-04 03:17:36,781 [Listener at 127.0.0.1/33661] INFO  server.Server (Server.java:doStart(375)) - jetty-9.4.43.v20210629; built: 2021-06-30T11:07:22.254Z; git: 526006ecfa3af7f1a27ef3a288e2bef7ea9dd7e8; jvm 1.8.0_322-b06
2022-05-04 03:17:36,782 [Listener at 127.0.0.1/33661] INFO  server.session (DefaultSessionIdManager.java:doStart(334)) - DefaultSessionIdManager workerName=node0
2022-05-04 03:17:36,783 [Listener at 127.0.0.1/33661] INFO  server.session (DefaultSessionIdManager.java:doStart(339)) - No SessionScavenger set, using defaults
2022-05-04 03:17:36,783 [Listener at 127.0.0.1/33661] INFO  server.session (HouseKeeper.java:startScavenging(132)) - node0 Scavenging every 600000ms
2022-05-04 03:17:36,784 [Listener at 127.0.0.1/33661] INFO  handler.ContextHandler (ContextHandler.java:doStart(915)) - Started o.e.j.s.ServletContextHandler@5892dadb{logs,/logs,file:///home/runner/work/ozone/ozone/hadoop-ozone/integration-test/target/log,AVAILABLE}
2022-05-04 03:17:36,784 [Listener at 127.0.0.1/33661] INFO  handler.ContextHandler (ContextHandler.java:doStart(915)) - Started o.e.j.s.ServletContextHandler@c188d1e{static,/static,jar:file:/home/runner/.m2/repository/org/apache/ozone/hdds-container-service/1.3.0-SNAPSHOT/hdds-container-service-1.3.0-SNAPSHOT.jar!/webapps/static,AVAILABLE}
2022-05-04 03:17:37,060 [EndpointStateMachine task thread for /0.0.0.0:45051 - 0 ] INFO  ozoneimpl.OzoneContainer (OzoneContainer.java:start(335)) - Attempting to start container services.
2022-05-04 03:17:37,060 [EndpointStateMachine task thread for /0.0.0.0:45051 - 0 ] INFO  ozoneimpl.OzoneContainer (OzoneContainer.java:startContainerScrub(270)) - Background container scanner has been disabled.
2022-05-04 03:17:37,114 [EndpointStateMachine task thread for /0.0.0.0:45051 - 0 ] INFO  replication.ReplicationServer (ReplicationServer.java:start(111)) - ReplicationServer is started using port 44421
2022-05-04 03:17:37,129 [EndpointStateMachine task thread for /0.0.0.0:45051 - 0 ] INFO  ratis.XceiverServerRatis (XceiverServerRatis.java:start(481)) - Starting XceiverServerRatis a4d0b5f9-3282-4cc2-85b1-5a1b13720eaf
2022-05-04 03:17:37,138 [EndpointStateMachine task thread for /0.0.0.0:45051 - 0 ] INFO  server.RaftServer (RaftServerProxy.java:lambda$start$5(374)) - a4d0b5f9-3282-4cc2-85b1-5a1b13720eaf: start RPC server
2022-05-04 03:17:37,141 [EndpointStateMachine task thread for /0.0.0.0:45051 - 0 ] INFO  server.GrpcService (GrpcService.java:startImpl(253)) - a4d0b5f9-3282-4cc2-85b1-5a1b13720eaf: GrpcService started, listening on 43989
2022-05-04 03:17:37,147 [EndpointStateMachine task thread for /0.0.0.0:45051 - 0 ] INFO  ratis.XceiverServerRatis (XceiverServerRatis.java:getRealPort(502)) - XceiverServerRatis a4d0b5f9-3282-4cc2-85b1-5a1b13720eaf is started using port 43989 for RATIS
2022-05-04 03:17:37,148 [EndpointStateMachine task thread for /0.0.0.0:45051 - 0 ] INFO  ratis.XceiverServerRatis (XceiverServerRatis.java:getRealPort(502)) - XceiverServerRatis a4d0b5f9-3282-4cc2-85b1-5a1b13720eaf is started using port 43989 for RATIS_ADMIN
2022-05-04 03:17:37,148 [EndpointStateMachine task thread for /0.0.0.0:45051 - 0 ] INFO  ratis.XceiverServerRatis (XceiverServerRatis.java:getRealPort(502)) - XceiverServerRatis a4d0b5f9-3282-4cc2-85b1-5a1b13720eaf is started using port 43989 for RATIS_SERVER
2022-05-04 03:17:37,148 [org.apache.ratis.util.JvmPauseMonitor$$Lambda$565/1325392746@69804af] INFO  util.JvmPauseMonitor (JvmPauseMonitor.java:run(103)) - JvmPauseMonitor-a4d0b5f9-3282-4cc2-85b1-5a1b13720eaf: Started
2022-05-04 03:17:37,162 [EndpointStateMachine task thread for /0.0.0.0:45051 - 0 ] INFO  server.XceiverServerGrpc (XceiverServerGrpc.java:start(180)) - XceiverServerGrpc a4d0b5f9-3282-4cc2-85b1-5a1b13720eaf is started using port 36309
2022-05-04 03:17:37,425 [Listener at 127.0.0.1/33661] INFO  handler.ContextHandler (ContextHandler.java:doStart(915)) - Started o.e.j.w.WebAppContext@71cdc44c{hddsDatanode,/,file:///tmp/jetty-0_0_0_0-35813-hdds-container-service-1_3_0-SNAPSHOT_jar-_-any-7577077186367196304/webapp/,AVAILABLE}{jar:file:/home/runner/.m2/repository/org/apache/ozone/hdds-container-service/1.3.0-SNAPSHOT/hdds-container-service-1.3.0-SNAPSHOT.jar!/webapps/hddsDatanode}
2022-05-04 03:17:37,428 [Listener at 127.0.0.1/33661] INFO  server.AbstractConnector (AbstractConnector.java:doStart(331)) - Started ServerConnector@465ac6ab{HTTP/1.1, (http/1.1)}{0.0.0.0:35813}
2022-05-04 03:17:37,428 [Listener at 127.0.0.1/33661] INFO  server.Server (Server.java:doStart(415)) - Started @333669ms
2022-05-04 03:17:37,428 [Listener at 127.0.0.1/33661] WARN  impl.MetricsSystemImpl (MetricsSystemImpl.java:register(279)) - Sink prometheus already exists!
2022-05-04 03:17:37,429 [Listener at 127.0.0.1/33661] INFO  http.BaseHttpServer (BaseHttpServer.java:updateConnectorAddress(329)) - HTTP server of hddsDatanode listening at http://0.0.0.0:35813
2022-05-04 03:17:37,430 [Listener at 127.0.0.1/33661] INFO  impl.MetricsSystemImpl (MetricsSystemImpl.java:init(158)) - HddsDatanode metrics system started (again)
2022-05-04 03:17:37,446 [Listener at 127.0.0.1/33661] INFO  ozone.HddsDatanodeService (HddsDatanodeService.java:start(233)) - HddsDatanodeService host:fv-az270-73.tacnzluakwdehk1hpragurqkma.bx.internal.cloudapp.net ip:10.1.0.22
2022-05-04 03:17:37,448 [Datanode State Machine Daemon Thread] INFO  statemachine.DatanodeStateMachine (DatanodeStateMachine.java:lambda$startDaemon$0(472)) - Ozone container server started.
2022-05-04 03:17:37,510 [org.apache.hadoop.util.JvmPauseMonitor$Monitor@379f8e43] INFO  util.JvmPauseMonitor (JvmPauseMonitor.java:run(188)) - Starting JVM pause monitor
2022-05-04 03:17:37,529 [Datanode State Machine Task Thread - 0] INFO  datanode.InitDatanodeState (InitDatanodeState.java:persistContainerDatanodeDetails(138)) - DatanodeDetails is persisted to /home/runner/work/ozone/ozone/hadoop-ozone/integration-test/target/test-dir/MiniOzoneClusterImpl-bb96fbd3-426a-4dd9-9d55-8297dc8cce15/datanode-3/meta/datanode.id
2022-05-04 03:17:37,619 [Listener at 127.0.0.1/33661] INFO  upgrade.AbstractLayoutVersionManager (AbstractLayoutVersionManager.java:init(79)) - Initializing Layout version manager with metadata layout = ERASURE_CODED_STORAGE_SUPPORT (version = 3), software layout = ERASURE_CODED_STORAGE_SUPPORT (version = 3)
2022-05-04 03:17:37,679 [Listener at 127.0.0.1/33661] INFO  reflections.Reflections (Reflections.java:scan(232)) - Reflections took 59 ms to scan 7 urls, producing 126 keys and 289 values 
2022-05-04 03:17:37,680 [Listener at 127.0.0.1/33661] INFO  statemachine.DatanodeStateMachine (DatanodeStateMachine.java:getEndPointTaskThreadPoolSize(224)) - Datanode State Machine Task Thread Pool size 2
2022-05-04 03:17:37,683 [Listener at 127.0.0.1/33661] INFO  volume.HddsVolume (HddsVolume.java:<init>(120)) - Creating HddsVolume: /home/runner/work/ozone/ozone/hadoop-ozone/integration-test/target/test-dir/MiniOzoneClusterImpl-bb96fbd3-426a-4dd9-9d55-8297dc8cce15/datanode-4/data-0/containers/hdds of storage type : DISK capacity : 9223372036854775807
2022-05-04 03:17:37,683 [Listener at 127.0.0.1/33661] INFO  volume.MutableVolumeSet (MutableVolumeSet.java:initializeVolumeSet(168)) - Added Volume : /home/runner/work/ozone/ozone/hadoop-ozone/integration-test/target/test-dir/MiniOzoneClusterImpl-bb96fbd3-426a-4dd9-9d55-8297dc8cce15/datanode-4/data-0/containers/hdds to VolumeSet
2022-05-04 03:17:37,683 [Listener at 127.0.0.1/33661] INFO  volume.ThrottledAsyncChecker (ThrottledAsyncChecker.java:schedule(141)) - Scheduling a check for /home/runner/work/ozone/ozone/hadoop-ozone/integration-test/target/test-dir/MiniOzoneClusterImpl-bb96fbd3-426a-4dd9-9d55-8297dc8cce15/datanode-4/data-0/containers/hdds
2022-05-04 03:17:37,688 [Listener at 127.0.0.1/33661] INFO  volume.StorageVolumeChecker (StorageVolumeChecker.java:checkAllVolumes(202)) - Scheduled health check for volume /home/runner/work/ozone/ozone/hadoop-ozone/integration-test/target/test-dir/MiniOzoneClusterImpl-bb96fbd3-426a-4dd9-9d55-8297dc8cce15/datanode-4/data-0/containers/hdds
2022-05-04 03:17:37,702 [Listener at 127.0.0.1/33661] INFO  volume.MutableVolumeSet (MutableVolumeSet.java:initializeVolumeSet(168)) - Added Volume : /home/runner/work/ozone/ozone/hadoop-ozone/integration-test/target/test-dir/MiniOzoneClusterImpl-bb96fbd3-426a-4dd9-9d55-8297dc8cce15/datanode-4/data/ratis to VolumeSet
2022-05-04 03:17:37,702 [Listener at 127.0.0.1/33661] INFO  volume.ThrottledAsyncChecker (ThrottledAsyncChecker.java:schedule(141)) - Scheduling a check for /home/runner/work/ozone/ozone/hadoop-ozone/integration-test/target/test-dir/MiniOzoneClusterImpl-bb96fbd3-426a-4dd9-9d55-8297dc8cce15/datanode-4/data/ratis
2022-05-04 03:17:37,702 [Listener at 127.0.0.1/33661] INFO  volume.StorageVolumeChecker (StorageVolumeChecker.java:checkAllVolumes(202)) - Scheduled health check for volume /home/runner/work/ozone/ozone/hadoop-ozone/integration-test/target/test-dir/MiniOzoneClusterImpl-bb96fbd3-426a-4dd9-9d55-8297dc8cce15/datanode-4/data/ratis
2022-05-04 03:17:37,730 [Thread-2305] INFO  ozoneimpl.ContainerReader (ContainerReader.java:readVolume(172)) - Finish verifying containers on volume /home/runner/work/ozone/ozone/hadoop-ozone/integration-test/target/test-dir/MiniOzoneClusterImpl-bb96fbd3-426a-4dd9-9d55-8297dc8cce15/datanode-4/data-0/containers/hdds
2022-05-04 03:17:37,730 [Listener at 127.0.0.1/33661] INFO  ozoneimpl.OzoneContainer (OzoneContainer.java:buildContainerSet(257)) - Build ContainerSet costs 0s
2022-05-04 03:17:37,732 [Listener at 127.0.0.1/33661] INFO  server.RaftServer (ConfUtils.java:logGet(44)) - raft.rpc.type = GRPC (default)
2022-05-04 03:17:37,732 [Listener at 127.0.0.1/33661] INFO  grpc.GrpcFactory (GrpcFactory.java:checkPooledByteBufAllocatorUseCacheForAllThreads(48)) - PERFORMANCE WARNING: useCacheForAllThreads is true that may cause Netty to create a lot garbage objects and, as a result, trigger GC.
	It is recommended to disable useCacheForAllThreads by setting -Dorg.apache.ratis.thirdparty.io.netty.allocator.useCacheForAllThreads=false in command line.
2022-05-04 03:17:37,732 [Listener at 127.0.0.1/33661] INFO  grpc.GrpcConfigKeys (ConfUtils.java:logGet(44)) - raft.grpc.admin.port = 0 (custom)
2022-05-04 03:17:37,742 [Listener at 127.0.0.1/33661] INFO  grpc.GrpcConfigKeys (ConfUtils.java:logGet(44)) - raft.grpc.client.port = 0 (custom)
2022-05-04 03:17:37,743 [Listener at 127.0.0.1/33661] INFO  grpc.GrpcConfigKeys (ConfUtils.java:logGet(44)) - raft.grpc.server.port = 0 (default)
2022-05-04 03:17:37,743 [Listener at 127.0.0.1/33661] INFO  server.GrpcService (ConfUtils.java:logGet(44)) - raft.grpc.message.size.max = 32MB (=33554432) (custom)
2022-05-04 03:17:37,743 [Listener at 127.0.0.1/33661] INFO  server.RaftServerConfigKeys (ConfUtils.java:logGet(44)) - raft.server.log.appender.buffer.byte-limit = 33554432 (custom)
2022-05-04 03:17:37,743 [Listener at 127.0.0.1/33661] INFO  server.GrpcService (ConfUtils.java:logGet(44)) - raft.grpc.flow.control.window = 5MB (=5242880) (custom)
2022-05-04 03:17:37,743 [Listener at 127.0.0.1/33661] INFO  server.RaftServerConfigKeys (ConfUtils.java:logGet(44)) - raft.server.rpc.request.timeout = 60s (custom)
2022-05-04 03:17:37,745 [Listener at 127.0.0.1/33661] INFO  impl.DataStreamServerImpl (ConfUtils.java:logGet(44)) - raft.datastream.type = DISABLED (default)
2022-05-04 03:17:37,745 [Listener at 127.0.0.1/33661] INFO  server.RaftServerConfigKeys (ConfUtils.java:logGet(44)) - raft.server.rpc.slowness.timeout = 300s (custom)
2022-05-04 03:17:37,745 [Listener at 127.0.0.1/33661] INFO  server.RaftServerConfigKeys (ConfUtils.java:logGet(44)) - raft.server.leaderelection.leader.step-down.wait-time = 10s (default)
2022-05-04 03:17:37,745 [Listener at 127.0.0.1/33661] INFO  server.RaftServerConfigKeys (ConfUtils.java:logGet(44)) - raft.server.storage.dir = [/home/runner/work/ozone/ozone/hadoop-ozone/integration-test/target/test-dir/MiniOzoneClusterImpl-bb96fbd3-426a-4dd9-9d55-8297dc8cce15/datanode-4/data/ratis] (custom)
2022-05-04 03:17:37,751 [Listener at 127.0.0.1/33661] INFO  server.XceiverServerGrpc (XceiverServerGrpc.java:<init>(132)) - GrpcServer channel type EpollServerSocketChannel
2022-05-04 03:17:37,773 [Listener at 127.0.0.1/33661] INFO  http.BaseHttpServer (BaseHttpServer.java:newHttpServer2BuilderForOzone(209)) - Starting Web-server for hddsDatanode at: http://0.0.0.0:0
2022-05-04 03:17:37,773 [Listener at 127.0.0.1/33661] INFO  http.BaseHttpServer (BaseHttpServer.java:<init>(107)) - Hadoop Security Enabled: false Ozone Security Enabled: false Ozone HTTP Security Enabled: false 
2022-05-04 03:17:37,774 [Listener at 127.0.0.1/33661] INFO  server.AuthenticationFilter (AuthenticationFilter.java:constructSecretProvider(240)) - Unable to initialize FileSignerSecretProvider, falling back to use random secrets.
2022-05-04 03:17:37,786 [Listener at 127.0.0.1/33661] WARN  http.HttpRequestLog (HttpRequestLog.java:getRequestLog(103)) - Jetty request log can only be enabled using Log4j
2022-05-04 03:17:37,787 [Listener at 127.0.0.1/33661] INFO  http.HttpServer2 (HttpServer2.java:addGlobalFilter(1030)) - Added global filter 'safety' (class=org.apache.hadoop.hdds.server.http.HttpServer2$QuotingInputFilter)
2022-05-04 03:17:37,787 [Listener at 127.0.0.1/33661] INFO  http.HttpServer2 (HttpServer2.java:addFilter(1006)) - Added filter static_user_filter (class=org.apache.hadoop.http.lib.StaticUserWebFilter$StaticUserFilter) to context hddsDatanode
2022-05-04 03:17:37,787 [Listener at 127.0.0.1/33661] INFO  http.HttpServer2 (HttpServer2.java:addFilter(1014)) - Added filter static_user_filter (class=org.apache.hadoop.http.lib.StaticUserWebFilter$StaticUserFilter) to context logs
2022-05-04 03:17:37,787 [Listener at 127.0.0.1/33661] INFO  http.HttpServer2 (HttpServer2.java:addFilter(1014)) - Added filter static_user_filter (class=org.apache.hadoop.http.lib.StaticUserWebFilter$StaticUserFilter) to context static
2022-05-04 03:17:37,788 [Listener at 127.0.0.1/33661] INFO  http.HttpServer2 (HttpServer2.java:bindListener(1249)) - Jetty bound to port 45449
2022-05-04 03:17:37,788 [Listener at 127.0.0.1/33661] INFO  server.Server (Server.java:doStart(375)) - jetty-9.4.43.v20210629; built: 2021-06-30T11:07:22.254Z; git: 526006ecfa3af7f1a27ef3a288e2bef7ea9dd7e8; jvm 1.8.0_322-b06
2022-05-04 03:17:37,794 [EndpointStateMachine task thread for /0.0.0.0:45051 - 0 ] INFO  ozoneimpl.OzoneContainer (OzoneContainer.java:start(335)) - Attempting to start container services.
2022-05-04 03:17:37,794 [EndpointStateMachine task thread for /0.0.0.0:45051 - 0 ] INFO  ozoneimpl.OzoneContainer (OzoneContainer.java:startContainerScrub(270)) - Background container scanner has been disabled.
2022-05-04 03:17:37,794 [EndpointStateMachine task thread for /0.0.0.0:45051 - 0 ] INFO  replication.ReplicationServer (ReplicationServer.java:start(111)) - ReplicationServer is started using port 36803
2022-05-04 03:17:37,801 [Listener at 127.0.0.1/33661] INFO  server.session (DefaultSessionIdManager.java:doStart(334)) - DefaultSessionIdManager workerName=node0
2022-05-04 03:17:37,801 [Listener at 127.0.0.1/33661] INFO  server.session (DefaultSessionIdManager.java:doStart(339)) - No SessionScavenger set, using defaults
2022-05-04 03:17:37,801 [Listener at 127.0.0.1/33661] INFO  server.session (HouseKeeper.java:startScavenging(132)) - node0 Scavenging every 600000ms
2022-05-04 03:17:37,813 [EndpointStateMachine task thread for /0.0.0.0:45051 - 0 ] INFO  ratis.XceiverServerRatis (XceiverServerRatis.java:start(481)) - Starting XceiverServerRatis cd15dffe-0bdf-4ded-a416-2706c1d3a8c9
2022-05-04 03:17:37,831 [EndpointStateMachine task thread for /0.0.0.0:45051 - 0 ] INFO  server.RaftServer (RaftServerProxy.java:lambda$start$5(374)) - cd15dffe-0bdf-4ded-a416-2706c1d3a8c9: start RPC server
2022-05-04 03:17:37,832 [EndpointStateMachine task thread for /0.0.0.0:45051 - 0 ] INFO  server.GrpcService (GrpcService.java:startImpl(253)) - cd15dffe-0bdf-4ded-a416-2706c1d3a8c9: GrpcService started, listening on 40121
2022-05-04 03:17:37,833 [EndpointStateMachine task thread for /0.0.0.0:45051 - 0 ] INFO  ratis.XceiverServerRatis (XceiverServerRatis.java:getRealPort(502)) - XceiverServerRatis cd15dffe-0bdf-4ded-a416-2706c1d3a8c9 is started using port 40121 for RATIS
2022-05-04 03:17:37,833 [EndpointStateMachine task thread for /0.0.0.0:45051 - 0 ] INFO  ratis.XceiverServerRatis (XceiverServerRatis.java:getRealPort(502)) - XceiverServerRatis cd15dffe-0bdf-4ded-a416-2706c1d3a8c9 is started using port 40121 for RATIS_ADMIN
2022-05-04 03:17:37,833 [EndpointStateMachine task thread for /0.0.0.0:45051 - 0 ] INFO  ratis.XceiverServerRatis (XceiverServerRatis.java:getRealPort(502)) - XceiverServerRatis cd15dffe-0bdf-4ded-a416-2706c1d3a8c9 is started using port 40121 for RATIS_SERVER
2022-05-04 03:17:37,833 [org.apache.ratis.util.JvmPauseMonitor$$Lambda$565/1325392746@348cb41] INFO  util.JvmPauseMonitor (JvmPauseMonitor.java:run(103)) - JvmPauseMonitor-cd15dffe-0bdf-4ded-a416-2706c1d3a8c9: Started
2022-05-04 03:17:37,833 [EndpointStateMachine task thread for /0.0.0.0:45051 - 0 ] INFO  server.XceiverServerGrpc (XceiverServerGrpc.java:start(180)) - XceiverServerGrpc cd15dffe-0bdf-4ded-a416-2706c1d3a8c9 is started using port 36805
2022-05-04 03:17:37,844 [Listener at 127.0.0.1/33661] INFO  handler.ContextHandler (ContextHandler.java:doStart(915)) - Started o.e.j.s.ServletContextHandler@e628ccb{logs,/logs,file:///home/runner/work/ozone/ozone/hadoop-ozone/integration-test/target/log,AVAILABLE}
2022-05-04 03:17:37,844 [Listener at 127.0.0.1/33661] INFO  handler.ContextHandler (ContextHandler.java:doStart(915)) - Started o.e.j.s.ServletContextHandler@10a0e07b{static,/static,jar:file:/home/runner/.m2/repository/org/apache/ozone/hdds-container-service/1.3.0-SNAPSHOT/hdds-container-service-1.3.0-SNAPSHOT.jar!/webapps/static,AVAILABLE}
2022-05-04 03:17:38,169 [Listener at 127.0.0.1/33661] INFO  handler.ContextHandler (ContextHandler.java:doStart(915)) - Started o.e.j.w.WebAppContext@7ae22900{hddsDatanode,/,file:///tmp/jetty-0_0_0_0-45449-hdds-container-service-1_3_0-SNAPSHOT_jar-_-any-3468521236639058887/webapp/,AVAILABLE}{jar:file:/home/runner/.m2/repository/org/apache/ozone/hdds-container-service/1.3.0-SNAPSHOT/hdds-container-service-1.3.0-SNAPSHOT.jar!/webapps/hddsDatanode}
2022-05-04 03:17:38,174 [Listener at 127.0.0.1/33661] INFO  server.AbstractConnector (AbstractConnector.java:doStart(331)) - Started ServerConnector@3cbe3580{HTTP/1.1, (http/1.1)}{0.0.0.0:45449}
2022-05-04 03:17:38,174 [Listener at 127.0.0.1/33661] INFO  server.Server (Server.java:doStart(415)) - Started @334414ms
2022-05-04 03:17:38,174 [Listener at 127.0.0.1/33661] WARN  impl.MetricsSystemImpl (MetricsSystemImpl.java:register(279)) - Sink prometheus already exists!
2022-05-04 03:17:38,175 [Listener at 127.0.0.1/33661] INFO  http.BaseHttpServer (BaseHttpServer.java:updateConnectorAddress(329)) - HTTP server of hddsDatanode listening at http://0.0.0.0:45449
2022-05-04 03:17:38,180 [Listener at 127.0.0.1/33661] INFO  ozone.MiniOzoneClusterImpl (MiniOzoneClusterImpl.java:lambda$waitForClusterToBeReady$0(221)) - Waiting for nodes to be ready. Got 0 of 5 DN Heartbeats.
2022-05-04 03:17:38,180 [Listener at 127.0.0.1/33661] INFO  ozone.MiniOzoneClusterImpl (MiniOzoneClusterImpl.java:lambda$waitForClusterToBeReady$0(224)) - Waiting for cluster to exit safe mode
2022-05-04 03:17:38,180 [Listener at 127.0.0.1/33661] INFO  ozone.MiniOzoneClusterImpl (MiniOzoneClusterImpl.java:lambda$waitForClusterToBeReady$0(226)) - SCM became leader
2022-05-04 03:17:38,180 [Datanode State Machine Daemon Thread] INFO  statemachine.DatanodeStateMachine (DatanodeStateMachine.java:lambda$startDaemon$0(472)) - Ozone container server started.
2022-05-04 03:17:38,246 [org.apache.hadoop.util.JvmPauseMonitor$Monitor@6e108dd2] INFO  util.JvmPauseMonitor (JvmPauseMonitor.java:run(188)) - Starting JVM pause monitor
2022-05-04 03:17:38,251 [Datanode State Machine Task Thread - 0] INFO  datanode.InitDatanodeState (InitDatanodeState.java:persistContainerDatanodeDetails(138)) - DatanodeDetails is persisted to /home/runner/work/ozone/ozone/hadoop-ozone/integration-test/target/test-dir/MiniOzoneClusterImpl-bb96fbd3-426a-4dd9-9d55-8297dc8cce15/datanode-4/meta/datanode.id
2022-05-04 03:17:38,438 [EndpointStateMachine task thread for /0.0.0.0:45051 - 0 ] INFO  ozoneimpl.OzoneContainer (OzoneContainer.java:start(335)) - Attempting to start container services.
2022-05-04 03:17:38,438 [EndpointStateMachine task thread for /0.0.0.0:45051 - 0 ] INFO  ozoneimpl.OzoneContainer (OzoneContainer.java:startContainerScrub(270)) - Background container scanner has been disabled.
2022-05-04 03:17:38,439 [EndpointStateMachine task thread for /0.0.0.0:45051 - 0 ] INFO  replication.ReplicationServer (ReplicationServer.java:start(111)) - ReplicationServer is started using port 36899
2022-05-04 03:17:38,474 [EndpointStateMachine task thread for /0.0.0.0:45051 - 0 ] INFO  ratis.XceiverServerRatis (XceiverServerRatis.java:start(481)) - Starting XceiverServerRatis ddb2790c-8d68-49f8-bd13-2d0c1144ba02
2022-05-04 03:17:38,485 [EndpointStateMachine task thread for /0.0.0.0:45051 - 0 ] INFO  server.RaftServer (RaftServerProxy.java:lambda$start$5(374)) - ddb2790c-8d68-49f8-bd13-2d0c1144ba02: start RPC server
2022-05-04 03:17:38,485 [EndpointStateMachine task thread for /0.0.0.0:45051 - 0 ] INFO  server.GrpcService (GrpcService.java:startImpl(253)) - ddb2790c-8d68-49f8-bd13-2d0c1144ba02: GrpcService started, listening on 35569
2022-05-04 03:17:38,491 [EndpointStateMachine task thread for /0.0.0.0:45051 - 0 ] INFO  ratis.XceiverServerRatis (XceiverServerRatis.java:getRealPort(502)) - XceiverServerRatis ddb2790c-8d68-49f8-bd13-2d0c1144ba02 is started using port 35569 for RATIS
2022-05-04 03:17:38,491 [EndpointStateMachine task thread for /0.0.0.0:45051 - 0 ] INFO  ratis.XceiverServerRatis (XceiverServerRatis.java:getRealPort(502)) - XceiverServerRatis ddb2790c-8d68-49f8-bd13-2d0c1144ba02 is started using port 35569 for RATIS_ADMIN
2022-05-04 03:17:38,491 [EndpointStateMachine task thread for /0.0.0.0:45051 - 0 ] INFO  ratis.XceiverServerRatis (XceiverServerRatis.java:getRealPort(502)) - XceiverServerRatis ddb2790c-8d68-49f8-bd13-2d0c1144ba02 is started using port 35569 for RATIS_SERVER
2022-05-04 03:17:38,491 [org.apache.ratis.util.JvmPauseMonitor$$Lambda$565/1325392746@4e8aedaf] INFO  util.JvmPauseMonitor (JvmPauseMonitor.java:run(103)) - JvmPauseMonitor-ddb2790c-8d68-49f8-bd13-2d0c1144ba02: Started
2022-05-04 03:17:38,495 [EndpointStateMachine task thread for /0.0.0.0:45051 - 0 ] INFO  server.XceiverServerGrpc (XceiverServerGrpc.java:start(180)) - XceiverServerGrpc ddb2790c-8d68-49f8-bd13-2d0c1144ba02 is started using port 41659
2022-05-04 03:17:38,931 [IPC Server handler 11 on default port 45051] INFO  net.NetworkTopologyImpl (NetworkTopologyImpl.java:add(112)) - Added a new node: /default-rack/a4d0b5f9-3282-4cc2-85b1-5a1b13720eaf
2022-05-04 03:17:38,931 [IPC Server handler 11 on default port 45051] INFO  node.SCMNodeManager (SCMNodeManager.java:register(393)) - Registered Data node : a4d0b5f9-3282-4cc2-85b1-5a1b13720eaf{ip: 10.1.0.22, host: fv-az270-73.tacnzluakwdehk1hpragurqkma.bx.internal.cloudapp.net, ports: [REPLICATION=44421, RATIS=43989, RATIS_ADMIN=43989, RATIS_SERVER=43989, STANDALONE=36309], networkLocation: /default-rack, certSerialId: null, persistedOpState: null, persistedOpStateExpiryEpochSec: 0}
2022-05-04 03:17:38,942 [EventQueue-NodeRegistrationContainerReportForContainerSafeModeRule] INFO  safemode.SCMSafeModeManager (SCMSafeModeManager.java:validateSafeModeExitRules(204)) - ContainerSafeModeRule rule is successfully validated
2022-05-04 03:17:38,943 [EventQueue-NodeRegistrationContainerReportForDataNodeSafeModeRule] INFO  safemode.SCMSafeModeManager (DataNodeSafeModeRule.java:process(71)) - SCM in safe mode. 1 DataNodes registered, 3 required.
2022-05-04 03:17:38,970 [EventQueue-PipelineReportForOneReplicaPipelineSafeModeRule] INFO  safemode.SCMSafeModeManager (SCMSafeModeManager.java:validateSafeModeExitRules(204)) - AtleastOneDatanodeReportedRule rule is successfully validated
2022-05-04 03:17:38,970 [EventQueue-NewNodeForNewNodeHandler] INFO  pipeline.BackgroundPipelineCreator (BackgroundPipelineCreator.java:notifyEventTriggered(270)) - trigger a one-shot run on RatisPipelineUtilsThread.
2022-05-04 03:17:38,974 [RatisPipelineUtilsThread - 0] INFO  pipeline.RatisPipelineProvider (RatisPipelineProvider.java:lambda$create$0(195)) - Sending CreatePipelineCommand for pipeline:PipelineID=52f21aac-eb6a-4ae3-a2de-1e14c51d1bf1 to datanode:a4d0b5f9-3282-4cc2-85b1-5a1b13720eaf
2022-05-04 03:17:38,995 [RatisPipelineUtilsThread - 0] INFO  pipeline.PipelineStateManagerImpl (PipelineStateManagerImpl.java:addPipeline(101)) - Created pipeline Pipeline[ Id: 52f21aac-eb6a-4ae3-a2de-1e14c51d1bf1, Nodes: a4d0b5f9-3282-4cc2-85b1-5a1b13720eaf{ip: 10.1.0.22, host: fv-az270-73.tacnzluakwdehk1hpragurqkma.bx.internal.cloudapp.net, ports: [REPLICATION=44421, RATIS=43989, RATIS_ADMIN=43989, RATIS_SERVER=43989, STANDALONE=36309], networkLocation: /default-rack, certSerialId: null, persistedOpState: IN_SERVICE, persistedOpStateExpiryEpochSec: 0}, ReplicationConfig: RATIS/ONE, State:ALLOCATED, leaderId:, CreationTimestamp2022-05-04T03:17:38.973Z[Etc/UTC]].
2022-05-04 03:17:39,180 [Listener at 127.0.0.1/33661] INFO  ozone.MiniOzoneClusterImpl (MiniOzoneClusterImpl.java:lambda$waitForClusterToBeReady$0(221)) - Waiting for nodes to be ready. Got 1 of 5 DN Heartbeats.
2022-05-04 03:17:39,181 [Listener at 127.0.0.1/33661] INFO  ozone.MiniOzoneClusterImpl (MiniOzoneClusterImpl.java:lambda$waitForClusterToBeReady$0(224)) - Waiting for cluster to exit safe mode
2022-05-04 03:17:39,181 [Listener at 127.0.0.1/33661] INFO  ozone.MiniOzoneClusterImpl (MiniOzoneClusterImpl.java:lambda$waitForClusterToBeReady$0(226)) - SCM became leader
2022-05-04 03:17:39,532 [EndpointStateMachine task thread for /0.0.0.0:45051 - 0 ] INFO  ozoneimpl.OzoneContainer (OzoneContainer.java:start(335)) - Attempting to start container services.
2022-05-04 03:17:39,532 [EndpointStateMachine task thread for /0.0.0.0:45051 - 0 ] INFO  ozoneimpl.OzoneContainer (OzoneContainer.java:startContainerScrub(270)) - Background container scanner has been disabled.
2022-05-04 03:17:39,533 [EndpointStateMachine task thread for /0.0.0.0:45051 - 0 ] INFO  replication.ReplicationServer (ReplicationServer.java:start(111)) - ReplicationServer is started using port 44153
2022-05-04 03:17:39,559 [EndpointStateMachine task thread for /0.0.0.0:45051 - 0 ] INFO  ratis.XceiverServerRatis (XceiverServerRatis.java:start(481)) - Starting XceiverServerRatis f25b635b-b6f8-420f-998e-fbfb8716aa93
2022-05-04 03:17:39,577 [EndpointStateMachine task thread for /0.0.0.0:45051 - 0 ] INFO  server.RaftServer (RaftServerProxy.java:lambda$start$5(374)) - f25b635b-b6f8-420f-998e-fbfb8716aa93: start RPC server
2022-05-04 03:17:39,583 [EndpointStateMachine task thread for /0.0.0.0:45051 - 0 ] INFO  server.GrpcService (GrpcService.java:startImpl(253)) - f25b635b-b6f8-420f-998e-fbfb8716aa93: GrpcService started, listening on 43499
2022-05-04 03:17:39,595 [EndpointStateMachine task thread for /0.0.0.0:45051 - 0 ] INFO  ratis.XceiverServerRatis (XceiverServerRatis.java:getRealPort(502)) - XceiverServerRatis f25b635b-b6f8-420f-998e-fbfb8716aa93 is started using port 43499 for RATIS
2022-05-04 03:17:39,595 [EndpointStateMachine task thread for /0.0.0.0:45051 - 0 ] INFO  ratis.XceiverServerRatis (XceiverServerRatis.java:getRealPort(502)) - XceiverServerRatis f25b635b-b6f8-420f-998e-fbfb8716aa93 is started using port 43499 for RATIS_ADMIN
2022-05-04 03:17:39,595 [EndpointStateMachine task thread for /0.0.0.0:45051 - 0 ] INFO  ratis.XceiverServerRatis (XceiverServerRatis.java:getRealPort(502)) - XceiverServerRatis f25b635b-b6f8-420f-998e-fbfb8716aa93 is started using port 43499 for RATIS_SERVER
2022-05-04 03:17:39,596 [org.apache.ratis.util.JvmPauseMonitor$$Lambda$565/1325392746@3c98ccd4] INFO  util.JvmPauseMonitor (JvmPauseMonitor.java:run(103)) - JvmPauseMonitor-f25b635b-b6f8-420f-998e-fbfb8716aa93: Started
2022-05-04 03:17:39,604 [EndpointStateMachine task thread for /0.0.0.0:45051 - 0 ] INFO  server.XceiverServerGrpc (XceiverServerGrpc.java:start(180)) - XceiverServerGrpc f25b635b-b6f8-420f-998e-fbfb8716aa93 is started using port 44355
2022-05-04 03:17:39,763 [IPC Server handler 0 on default port 45051] INFO  net.NetworkTopologyImpl (NetworkTopologyImpl.java:add(112)) - Added a new node: /default-rack/cd15dffe-0bdf-4ded-a416-2706c1d3a8c9
2022-05-04 03:17:39,763 [IPC Server handler 0 on default port 45051] INFO  node.SCMNodeManager (SCMNodeManager.java:register(393)) - Registered Data node : cd15dffe-0bdf-4ded-a416-2706c1d3a8c9{ip: 10.1.0.22, host: fv-az270-73.tacnzluakwdehk1hpragurqkma.bx.internal.cloudapp.net, ports: [REPLICATION=36803, RATIS=40121, RATIS_ADMIN=40121, RATIS_SERVER=40121, STANDALONE=36805], networkLocation: /default-rack, certSerialId: null, persistedOpState: null, persistedOpStateExpiryEpochSec: 0}
2022-05-04 03:17:39,763 [EventQueue-NewNodeForNewNodeHandler] INFO  pipeline.BackgroundPipelineCreator (BackgroundPipelineCreator.java:notifyEventTriggered(270)) - trigger a one-shot run on RatisPipelineUtilsThread.
2022-05-04 03:17:39,767 [EventQueue-NodeRegistrationContainerReportForDataNodeSafeModeRule] INFO  safemode.SCMSafeModeManager (DataNodeSafeModeRule.java:process(71)) - SCM in safe mode. 2 DataNodes registered, 3 required.
2022-05-04 03:17:39,768 [RatisPipelineUtilsThread - 0] INFO  pipeline.RatisPipelineProvider (RatisPipelineProvider.java:lambda$create$0(195)) - Sending CreatePipelineCommand for pipeline:PipelineID=f526faad-92c1-4bb5-9fa8-c8235a97f910 to datanode:cd15dffe-0bdf-4ded-a416-2706c1d3a8c9
2022-05-04 03:17:39,768 [RatisPipelineUtilsThread - 0] INFO  pipeline.PipelineStateManagerImpl (PipelineStateManagerImpl.java:addPipeline(101)) - Created pipeline Pipeline[ Id: f526faad-92c1-4bb5-9fa8-c8235a97f910, Nodes: cd15dffe-0bdf-4ded-a416-2706c1d3a8c9{ip: 10.1.0.22, host: fv-az270-73.tacnzluakwdehk1hpragurqkma.bx.internal.cloudapp.net, ports: [REPLICATION=36803, RATIS=40121, RATIS_ADMIN=40121, RATIS_SERVER=40121, STANDALONE=36805], networkLocation: /default-rack, certSerialId: null, persistedOpState: IN_SERVICE, persistedOpStateExpiryEpochSec: 0}, ReplicationConfig: RATIS/ONE, State:ALLOCATED, leaderId:, CreationTimestamp2022-05-04T03:17:39.768Z[Etc/UTC]].
2022-05-04 03:17:40,181 [Listener at 127.0.0.1/33661] INFO  ozone.MiniOzoneClusterImpl (MiniOzoneClusterImpl.java:lambda$waitForClusterToBeReady$0(221)) - Waiting for nodes to be ready. Got 2 of 5 DN Heartbeats.
2022-05-04 03:17:40,181 [Listener at 127.0.0.1/33661] INFO  ozone.MiniOzoneClusterImpl (MiniOzoneClusterImpl.java:lambda$waitForClusterToBeReady$0(224)) - Waiting for cluster to exit safe mode
2022-05-04 03:17:40,181 [Listener at 127.0.0.1/33661] INFO  ozone.MiniOzoneClusterImpl (MiniOzoneClusterImpl.java:lambda$waitForClusterToBeReady$0(226)) - SCM became leader
2022-05-04 03:17:40,278 [EndpointStateMachine task thread for /0.0.0.0:45051 - 0 ] INFO  ozoneimpl.OzoneContainer (OzoneContainer.java:start(335)) - Attempting to start container services.
2022-05-04 03:17:40,279 [EndpointStateMachine task thread for /0.0.0.0:45051 - 0 ] INFO  ozoneimpl.OzoneContainer (OzoneContainer.java:startContainerScrub(270)) - Background container scanner has been disabled.
2022-05-04 03:17:40,285 [EndpointStateMachine task thread for /0.0.0.0:45051 - 0 ] INFO  replication.ReplicationServer (ReplicationServer.java:start(111)) - ReplicationServer is started using port 36465
2022-05-04 03:17:40,317 [EndpointStateMachine task thread for /0.0.0.0:45051 - 0 ] INFO  ratis.XceiverServerRatis (XceiverServerRatis.java:start(481)) - Starting XceiverServerRatis 2019c0d5-291f-4376-b04f-04da087b6ced
2022-05-04 03:17:40,323 [EndpointStateMachine task thread for /0.0.0.0:45051 - 0 ] INFO  server.RaftServer (RaftServerProxy.java:lambda$start$5(374)) - 2019c0d5-291f-4376-b04f-04da087b6ced: start RPC server
2022-05-04 03:17:40,324 [EndpointStateMachine task thread for /0.0.0.0:45051 - 0 ] INFO  server.GrpcService (GrpcService.java:startImpl(253)) - 2019c0d5-291f-4376-b04f-04da087b6ced: GrpcService started, listening on 39105
2022-05-04 03:17:40,325 [EndpointStateMachine task thread for /0.0.0.0:45051 - 0 ] INFO  ratis.XceiverServerRatis (XceiverServerRatis.java:getRealPort(502)) - XceiverServerRatis 2019c0d5-291f-4376-b04f-04da087b6ced is started using port 39105 for RATIS
2022-05-04 03:17:40,325 [EndpointStateMachine task thread for /0.0.0.0:45051 - 0 ] INFO  ratis.XceiverServerRatis (XceiverServerRatis.java:getRealPort(502)) - XceiverServerRatis 2019c0d5-291f-4376-b04f-04da087b6ced is started using port 39105 for RATIS_ADMIN
2022-05-04 03:17:40,325 [EndpointStateMachine task thread for /0.0.0.0:45051 - 0 ] INFO  ratis.XceiverServerRatis (XceiverServerRatis.java:getRealPort(502)) - XceiverServerRatis 2019c0d5-291f-4376-b04f-04da087b6ced is started using port 39105 for RATIS_SERVER
2022-05-04 03:17:40,325 [org.apache.ratis.util.JvmPauseMonitor$$Lambda$565/1325392746@10ed683e] INFO  util.JvmPauseMonitor (JvmPauseMonitor.java:run(103)) - JvmPauseMonitor-2019c0d5-291f-4376-b04f-04da087b6ced: Started
2022-05-04 03:17:40,326 [EndpointStateMachine task thread for /0.0.0.0:45051 - 0 ] INFO  server.XceiverServerGrpc (XceiverServerGrpc.java:start(180)) - XceiverServerGrpc 2019c0d5-291f-4376-b04f-04da087b6ced is started using port 46229
2022-05-04 03:17:40,424 [IPC Server handler 2 on default port 45051] INFO  net.NetworkTopologyImpl (NetworkTopologyImpl.java:add(112)) - Added a new node: /default-rack/ddb2790c-8d68-49f8-bd13-2d0c1144ba02
2022-05-04 03:17:40,424 [IPC Server handler 2 on default port 45051] INFO  node.SCMNodeManager (SCMNodeManager.java:register(393)) - Registered Data node : ddb2790c-8d68-49f8-bd13-2d0c1144ba02{ip: 10.1.0.22, host: fv-az270-73.tacnzluakwdehk1hpragurqkma.bx.internal.cloudapp.net, ports: [REPLICATION=36899, RATIS=35569, RATIS_ADMIN=35569, RATIS_SERVER=35569, STANDALONE=41659], networkLocation: /default-rack, certSerialId: null, persistedOpState: null, persistedOpStateExpiryEpochSec: 0}
2022-05-04 03:17:40,425 [EventQueue-NewNodeForNewNodeHandler] INFO  pipeline.BackgroundPipelineCreator (BackgroundPipelineCreator.java:notifyEventTriggered(270)) - trigger a one-shot run on RatisPipelineUtilsThread.
2022-05-04 03:17:40,425 [EventQueue-NodeRegistrationContainerReportForDataNodeSafeModeRule] INFO  safemode.SCMSafeModeManager (DataNodeSafeModeRule.java:process(71)) - SCM in safe mode. 3 DataNodes registered, 3 required.
2022-05-04 03:17:40,425 [EventQueue-NodeRegistrationContainerReportForDataNodeSafeModeRule] INFO  safemode.SCMSafeModeManager (SCMSafeModeManager.java:validateSafeModeExitRules(204)) - DataNodeSafeModeRule rule is successfully validated
2022-05-04 03:17:40,425 [EventQueue-NodeRegistrationContainerReportForDataNodeSafeModeRule] INFO  safemode.SCMSafeModeManager (SCMSafeModeManager.java:completePreCheck(233)) - All SCM safe mode pre check rules have passed
2022-05-04 03:17:40,425 [EventQueue-NodeRegistrationContainerReportForDataNodeSafeModeRule] WARN  events.EventQueue (EventQueue.java:fireEvent(194)) - No event handler registered for event TypedEvent{payloadType=SafeModeStatus, name='Safe mode status'}
2022-05-04 03:17:40,425 [EventQueue-NodeRegistrationContainerReportForDataNodeSafeModeRule] INFO  ha.SCMContext (SCMContext.java:updateSafeModeStatus(211)) - Update SafeModeStatus from SafeModeStatus{safeModeStatus=true, preCheckPassed=false} to SafeModeStatus{safeModeStatus=true, preCheckPassed=true}.
2022-05-04 03:17:40,425 [EventQueue-NodeRegistrationContainerReportForDataNodeSafeModeRule] INFO  pipeline.BackgroundPipelineCreator (BackgroundPipelineCreator.java:notifyEventTriggered(270)) - trigger a one-shot run on RatisPipelineUtilsThread.
2022-05-04 03:17:40,425 [RatisPipelineUtilsThread - 0] INFO  pipeline.RatisPipelineProvider (RatisPipelineProvider.java:lambda$create$0(195)) - Sending CreatePipelineCommand for pipeline:PipelineID=123b9c67-cd0c-4e97-a4d4-e8777197ffdb to datanode:ddb2790c-8d68-49f8-bd13-2d0c1144ba02
2022-05-04 03:17:40,426 [RatisPipelineUtilsThread - 0] INFO  pipeline.PipelineStateManagerImpl (PipelineStateManagerImpl.java:addPipeline(101)) - Created pipeline Pipeline[ Id: 123b9c67-cd0c-4e97-a4d4-e8777197ffdb, Nodes: ddb2790c-8d68-49f8-bd13-2d0c1144ba02{ip: 10.1.0.22, host: fv-az270-73.tacnzluakwdehk1hpragurqkma.bx.internal.cloudapp.net, ports: [REPLICATION=36899, RATIS=35569, RATIS_ADMIN=35569, RATIS_SERVER=35569, STANDALONE=41659], networkLocation: /default-rack, certSerialId: null, persistedOpState: IN_SERVICE, persistedOpStateExpiryEpochSec: 0}, ReplicationConfig: RATIS/ONE, State:ALLOCATED, leaderId:, CreationTimestamp2022-05-04T03:17:40.425Z[Etc/UTC]].
2022-05-04 03:17:40,426 [RatisPipelineUtilsThread - 0] INFO  pipeline.RatisPipelineProvider (RatisPipelineProvider.java:lambda$create$0(195)) - Sending CreatePipelineCommand for pipeline:PipelineID=85edcf45-c963-4745-af73-7e785ca2a080 to datanode:a4d0b5f9-3282-4cc2-85b1-5a1b13720eaf
2022-05-04 03:17:40,426 [RatisPipelineUtilsThread - 0] INFO  pipeline.RatisPipelineProvider (RatisPipelineProvider.java:lambda$create$0(195)) - Sending CreatePipelineCommand for pipeline:PipelineID=85edcf45-c963-4745-af73-7e785ca2a080 to datanode:cd15dffe-0bdf-4ded-a416-2706c1d3a8c9
2022-05-04 03:17:40,426 [RatisPipelineUtilsThread - 0] INFO  pipeline.RatisPipelineProvider (RatisPipelineProvider.java:lambda$create$0(195)) - Sending CreatePipelineCommand for pipeline:PipelineID=85edcf45-c963-4745-af73-7e785ca2a080 to datanode:ddb2790c-8d68-49f8-bd13-2d0c1144ba02
2022-05-04 03:17:40,427 [RatisPipelineUtilsThread - 0] INFO  pipeline.PipelineStateManagerImpl (PipelineStateManagerImpl.java:addPipeline(101)) - Created pipeline Pipeline[ Id: 85edcf45-c963-4745-af73-7e785ca2a080, Nodes: a4d0b5f9-3282-4cc2-85b1-5a1b13720eaf{ip: 10.1.0.22, host: fv-az270-73.tacnzluakwdehk1hpragurqkma.bx.internal.cloudapp.net, ports: [REPLICATION=44421, RATIS=43989, RATIS_ADMIN=43989, RATIS_SERVER=43989, STANDALONE=36309], networkLocation: /default-rack, certSerialId: null, persistedOpState: IN_SERVICE, persistedOpStateExpiryEpochSec: 0}cd15dffe-0bdf-4ded-a416-2706c1d3a8c9{ip: 10.1.0.22, host: fv-az270-73.tacnzluakwdehk1hpragurqkma.bx.internal.cloudapp.net, ports: [REPLICATION=36803, RATIS=40121, RATIS_ADMIN=40121, RATIS_SERVER=40121, STANDALONE=36805], networkLocation: /default-rack, certSerialId: null, persistedOpState: IN_SERVICE, persistedOpStateExpiryEpochSec: 0}ddb2790c-8d68-49f8-bd13-2d0c1144ba02{ip: 10.1.0.22, host: fv-az270-73.tacnzluakwdehk1hpragurqkma.bx.internal.cloudapp.net, ports: [REPLICATION=36899, RATIS=35569, RATIS_ADMIN=35569, RATIS_SERVER=35569, STANDALONE=41659], networkLocation: /default-rack, certSerialId: null, persistedOpState: IN_SERVICE, persistedOpStateExpiryEpochSec: 0}, ReplicationConfig: RATIS/THREE, State:ALLOCATED, leaderId:, CreationTimestamp2022-05-04T03:17:40.426Z[Etc/UTC]].
2022-05-04 03:17:40,428 [RatisPipelineUtilsThread - 0] INFO  pipeline.RatisPipelineProvider (RatisPipelineProvider.java:lambda$create$0(195)) - Sending CreatePipelineCommand for pipeline:PipelineID=88769725-f3f3-4ab2-a603-9ba82786b54c to datanode:cd15dffe-0bdf-4ded-a416-2706c1d3a8c9
2022-05-04 03:17:40,428 [RatisPipelineUtilsThread - 0] INFO  pipeline.RatisPipelineProvider (RatisPipelineProvider.java:lambda$create$0(195)) - Sending CreatePipelineCommand for pipeline:PipelineID=88769725-f3f3-4ab2-a603-9ba82786b54c to datanode:a4d0b5f9-3282-4cc2-85b1-5a1b13720eaf
2022-05-04 03:17:40,428 [RatisPipelineUtilsThread - 0] INFO  pipeline.RatisPipelineProvider (RatisPipelineProvider.java:lambda$create$0(195)) - Sending CreatePipelineCommand for pipeline:PipelineID=88769725-f3f3-4ab2-a603-9ba82786b54c to datanode:ddb2790c-8d68-49f8-bd13-2d0c1144ba02
2022-05-04 03:17:40,428 [RatisPipelineUtilsThread - 0] INFO  pipeline.PipelineStateManagerImpl (PipelineStateManagerImpl.java:addPipeline(101)) - Created pipeline Pipeline[ Id: 88769725-f3f3-4ab2-a603-9ba82786b54c, Nodes: cd15dffe-0bdf-4ded-a416-2706c1d3a8c9{ip: 10.1.0.22, host: fv-az270-73.tacnzluakwdehk1hpragurqkma.bx.internal.cloudapp.net, ports: [REPLICATION=36803, RATIS=40121, RATIS_ADMIN=40121, RATIS_SERVER=40121, STANDALONE=36805], networkLocation: /default-rack, certSerialId: null, persistedOpState: IN_SERVICE, persistedOpStateExpiryEpochSec: 0}a4d0b5f9-3282-4cc2-85b1-5a1b13720eaf{ip: 10.1.0.22, host: fv-az270-73.tacnzluakwdehk1hpragurqkma.bx.internal.cloudapp.net, ports: [REPLICATION=44421, RATIS=43989, RATIS_ADMIN=43989, RATIS_SERVER=43989, STANDALONE=36309], networkLocation: /default-rack, certSerialId: null, persistedOpState: IN_SERVICE, persistedOpStateExpiryEpochSec: 0}ddb2790c-8d68-49f8-bd13-2d0c1144ba02{ip: 10.1.0.22, host: fv-az270-73.tacnzluakwdehk1hpragurqkma.bx.internal.cloudapp.net, ports: [REPLICATION=36899, RATIS=35569, RATIS_ADMIN=35569, RATIS_SERVER=35569, STANDALONE=41659], networkLocation: /default-rack, certSerialId: null, persistedOpState: IN_SERVICE, persistedOpStateExpiryEpochSec: 0}, ReplicationConfig: RATIS/THREE, State:ALLOCATED, leaderId:, CreationTimestamp2022-05-04T03:17:40.427Z[Etc/UTC]].
2022-05-04 03:17:40,428 [RatisPipelineUtilsThread - 0] INFO  pipeline.PipelineManagerImpl (PipelineManagerImpl.java:recordMetricsForPipeline(687)) - Pipeline: PipelineID=88769725-f3f3-4ab2-a603-9ba82786b54c contains same datanodes as previous pipelines: PipelineID=85edcf45-c963-4745-af73-7e785ca2a080 nodeIds: cd15dffe-0bdf-4ded-a416-2706c1d3a8c9, a4d0b5f9-3282-4cc2-85b1-5a1b13720eaf, ddb2790c-8d68-49f8-bd13-2d0c1144ba02
2022-05-04 03:17:41,182 [Listener at 127.0.0.1/33661] INFO  ozone.MiniOzoneClusterImpl (MiniOzoneClusterImpl.java:lambda$waitForClusterToBeReady$0(221)) - Waiting for nodes to be ready. Got 3 of 5 DN Heartbeats.
2022-05-04 03:17:41,182 [Listener at 127.0.0.1/33661] INFO  ozone.MiniOzoneClusterImpl (MiniOzoneClusterImpl.java:lambda$waitForClusterToBeReady$0(224)) - Waiting for cluster to exit safe mode
2022-05-04 03:17:41,182 [Listener at 127.0.0.1/33661] INFO  ozone.MiniOzoneClusterImpl (MiniOzoneClusterImpl.java:lambda$waitForClusterToBeReady$0(226)) - SCM became leader
2022-05-04 03:17:41,516 [IPC Server handler 9 on default port 45051] INFO  net.NetworkTopologyImpl (NetworkTopologyImpl.java:add(112)) - Added a new node: /default-rack/f25b635b-b6f8-420f-998e-fbfb8716aa93
2022-05-04 03:17:41,516 [IPC Server handler 9 on default port 45051] INFO  node.SCMNodeManager (SCMNodeManager.java:register(393)) - Registered Data node : f25b635b-b6f8-420f-998e-fbfb8716aa93{ip: 10.1.0.22, host: fv-az270-73.tacnzluakwdehk1hpragurqkma.bx.internal.cloudapp.net, ports: [REPLICATION=44153, RATIS=43499, RATIS_ADMIN=43499, RATIS_SERVER=43499, STANDALONE=44355], networkLocation: /default-rack, certSerialId: null, persistedOpState: null, persistedOpStateExpiryEpochSec: 0}
2022-05-04 03:17:41,517 [EventQueue-NewNodeForNewNodeHandler] INFO  pipeline.BackgroundPipelineCreator (BackgroundPipelineCreator.java:notifyEventTriggered(270)) - trigger a one-shot run on RatisPipelineUtilsThread.
2022-05-04 03:17:41,517 [RatisPipelineUtilsThread - 0] INFO  pipeline.RatisPipelineProvider (RatisPipelineProvider.java:lambda$create$0(195)) - Sending CreatePipelineCommand for pipeline:PipelineID=9cf2fe7c-f57e-46b5-8692-bb190e38bb15 to datanode:f25b635b-b6f8-420f-998e-fbfb8716aa93
2022-05-04 03:17:41,518 [RatisPipelineUtilsThread - 0] INFO  pipeline.PipelineStateManagerImpl (PipelineStateManagerImpl.java:addPipeline(101)) - Created pipeline Pipeline[ Id: 9cf2fe7c-f57e-46b5-8692-bb190e38bb15, Nodes: f25b635b-b6f8-420f-998e-fbfb8716aa93{ip: 10.1.0.22, host: fv-az270-73.tacnzluakwdehk1hpragurqkma.bx.internal.cloudapp.net, ports: [REPLICATION=44153, RATIS=43499, RATIS_ADMIN=43499, RATIS_SERVER=43499, STANDALONE=44355], networkLocation: /default-rack, certSerialId: null, persistedOpState: IN_SERVICE, persistedOpStateExpiryEpochSec: 0}, ReplicationConfig: RATIS/ONE, State:ALLOCATED, leaderId:, CreationTimestamp2022-05-04T03:17:41.517Z[Etc/UTC]].
2022-05-04 03:17:41,934 [Command processor thread] INFO  server.RaftServer (RaftServerProxy.java:addNew(95)) - a4d0b5f9-3282-4cc2-85b1-5a1b13720eaf: addNew group-1E14C51D1BF1:[a4d0b5f9-3282-4cc2-85b1-5a1b13720eaf|rpc:10.1.0.22:43989|priority:1] returns group-1E14C51D1BF1:java.util.concurrent.CompletableFuture@3719964f[Not completed]
2022-05-04 03:17:41,937 [pool-962-thread-1] INFO  server.RaftServer$Division (RaftServerImpl.java:<init>(184)) - a4d0b5f9-3282-4cc2-85b1-5a1b13720eaf: new RaftServerImpl for group-1E14C51D1BF1:[a4d0b5f9-3282-4cc2-85b1-5a1b13720eaf|rpc:10.1.0.22:43989|priority:1] with ContainerStateMachine:uninitialized
2022-05-04 03:17:41,938 [pool-962-thread-1] INFO  server.RaftServerConfigKeys (ConfUtils.java:logGet(44)) - raft.server.rpc.timeout.min = 5s (custom)
2022-05-04 03:17:41,938 [pool-962-thread-1] INFO  server.RaftServerConfigKeys (ConfUtils.java:logGet(44)) - raft.server.rpc.timeout.max = 5200ms (custom)
2022-05-04 03:17:41,938 [pool-962-thread-1] INFO  server.RaftServerConfigKeys (ConfUtils.java:logGet(44)) - raft.server.rpc.sleep.time = 25ms (default)
2022-05-04 03:17:41,938 [pool-962-thread-1] INFO  server.RaftServerConfigKeys (ConfUtils.java:logGet(44)) - raft.server.rpc.slowness.timeout = 300s (custom)
2022-05-04 03:17:41,938 [pool-962-thread-1] INFO  server.RaftServerConfigKeys (ConfUtils.java:logGet(44)) - raft.server.leaderelection.leader.step-down.wait-time = 10s (default)
2022-05-04 03:17:41,938 [pool-962-thread-1] INFO  server.RaftServerConfigKeys (ConfUtils.java:logGet(44)) - raft.server.sleep.deviation.threshold = 300ms (default)
2022-05-04 03:17:41,938 [pool-962-thread-1] INFO  server.RaftServerConfigKeys (ConfUtils.java:logGet(44)) - raft.server.log.appender.install.snapshot.enabled = false (custom)
2022-05-04 03:17:41,939 [pool-962-thread-1] INFO  server.RaftServer$Division (ServerState.java:<init>(105)) - a4d0b5f9-3282-4cc2-85b1-5a1b13720eaf@group-1E14C51D1BF1: ConfigurationManager, init=-1: [a4d0b5f9-3282-4cc2-85b1-5a1b13720eaf|rpc:10.1.0.22:43989|priority:1], old=null, confs=<EMPTY_MAP>
2022-05-04 03:17:41,939 [pool-962-thread-1] INFO  server.RaftServerConfigKeys (ConfUtils.java:logGet(44)) - raft.server.storage.dir = [/home/runner/work/ozone/ozone/hadoop-ozone/integration-test/target/test-dir/MiniOzoneClusterImpl-bb96fbd3-426a-4dd9-9d55-8297dc8cce15/datanode-0/data/ratis] (custom)
2022-05-04 03:17:41,939 [pool-962-thread-1] INFO  server.RaftServerConfigKeys (ConfUtils.java:logGet(44)) - raft.server.log.corruption.policy = EXCEPTION (default)
2022-05-04 03:17:41,939 [pool-962-thread-1] INFO  server.RaftServerConfigKeys (ConfUtils.java:logGet(44)) - raft.server.storage.free-space.min = 0MB (=0) (default)
2022-05-04 03:17:41,939 [pool-962-thread-1] INFO  storage.RaftStorageDirectory (RaftStorageDirectoryImpl.java:analyzeStorage(135)) - The storage directory /home/runner/work/ozone/ozone/hadoop-ozone/integration-test/target/test-dir/MiniOzoneClusterImpl-bb96fbd3-426a-4dd9-9d55-8297dc8cce15/datanode-0/data/ratis/52f21aac-eb6a-4ae3-a2de-1e14c51d1bf1 does not exist. Creating ...
2022-05-04 03:17:41,957 [pool-962-thread-1] INFO  storage.RaftStorageDirectory (RaftStorageDirectoryImpl.java:tryLock(230)) - Lock on /home/runner/work/ozone/ozone/hadoop-ozone/integration-test/target/test-dir/MiniOzoneClusterImpl-bb96fbd3-426a-4dd9-9d55-8297dc8cce15/datanode-0/data/ratis/52f21aac-eb6a-4ae3-a2de-1e14c51d1bf1/in_use.lock acquired by nodename 29567@fv-az270-73
2022-05-04 03:17:41,959 [pool-962-thread-1] INFO  storage.RaftStorage (RaftStorageImpl.java:format(89)) - Storage directory /home/runner/work/ozone/ozone/hadoop-ozone/integration-test/target/test-dir/MiniOzoneClusterImpl-bb96fbd3-426a-4dd9-9d55-8297dc8cce15/datanode-0/data/ratis/52f21aac-eb6a-4ae3-a2de-1e14c51d1bf1 has been successfully formatted.
2022-05-04 03:17:42,004 [pool-962-thread-1] INFO  ratis.ContainerStateMachine (ContainerStateMachine.java:loadSnapshot(236)) - group-1E14C51D1BF1: The snapshot info is null. Setting the last applied indexto:(t:0, i:~)
2022-05-04 03:17:42,004 [pool-962-thread-1] INFO  server.RaftServerConfigKeys (ConfUtils.java:logGet(44)) - raft.server.notification.no-leader.timeout = 300s (custom)
2022-05-04 03:17:42,004 [pool-962-thread-1] INFO  server.RaftServerConfigKeys (ConfUtils.java:logGet(44)) - raft.server.log.use.memory = false (default)
2022-05-04 03:17:42,004 [pool-962-thread-1] INFO  server.RaftServerConfigKeys (ConfUtils.java:logGet(44)) - raft.server.log.purge.gap = 1000000 (custom)
2022-05-04 03:17:42,004 [pool-962-thread-1] INFO  server.RaftServerConfigKeys (ConfUtils.java:logGet(44)) - raft.server.log.appender.buffer.byte-limit = 33554432 (custom)
2022-05-04 03:17:42,004 [pool-962-thread-1] INFO  server.RaftServerConfigKeys (ConfUtils.java:logGet(44)) - raft.server.log.segment.size.max = 1048576 (custom)
2022-05-04 03:17:42,005 [EventQueue-PipelineReportForPipelineReportHandler] INFO  pipeline.PipelineManagerImpl (PipelineManagerImpl.java:openPipeline(328)) - Pipeline Pipeline[ Id: 52f21aac-eb6a-4ae3-a2de-1e14c51d1bf1, Nodes: a4d0b5f9-3282-4cc2-85b1-5a1b13720eaf{ip: 10.1.0.22, host: fv-az270-73.tacnzluakwdehk1hpragurqkma.bx.internal.cloudapp.net, ports: [REPLICATION=44421, RATIS=43989, RATIS_ADMIN=43989, RATIS_SERVER=43989, STANDALONE=36309], networkLocation: /default-rack, certSerialId: null, persistedOpState: IN_SERVICE, persistedOpStateExpiryEpochSec: 0}, ReplicationConfig: RATIS/ONE, State:ALLOCATED, leaderId:a4d0b5f9-3282-4cc2-85b1-5a1b13720eaf, CreationTimestamp2022-05-04T03:17:38.973Z[Etc/UTC]] moved to OPEN state
2022-05-04 03:17:42,005 [pool-962-thread-1] INFO  server.RaftServerConfigKeys (ConfUtils.java:logGet(44)) - raft.server.log.segment.cache.num.max = 2 (custom)
2022-05-04 03:17:42,023 [pool-962-thread-1] INFO  server.RaftServerConfigKeys (ConfUtils.java:logGet(44)) - raft.server.log.segment.cache.size.max = 200MB (=209715200) (default)
2022-05-04 03:17:42,023 [pool-962-thread-1] INFO  segmented.SegmentedRaftLogWorker (SegmentedRaftLogWorker.java:<init>(182)) - new a4d0b5f9-3282-4cc2-85b1-5a1b13720eaf@group-1E14C51D1BF1-SegmentedRaftLogWorker for RaftStorageImpl:Storage Directory /home/runner/work/ozone/ozone/hadoop-ozone/integration-test/target/test-dir/MiniOzoneClusterImpl-bb96fbd3-426a-4dd9-9d55-8297dc8cce15/datanode-0/data/ratis/52f21aac-eb6a-4ae3-a2de-1e14c51d1bf1
2022-05-04 03:17:42,023 [pool-962-thread-1] INFO  server.RaftServerConfigKeys (ConfUtils.java:logGet(44)) - raft.server.log.queue.byte-limit = 4294967296 (custom)
2022-05-04 03:17:42,023 [pool-962-thread-1] INFO  server.RaftServerConfigKeys (ConfUtils.java:logGet(44)) - raft.server.log.queue.element-limit = 1024 (custom)
2022-05-04 03:17:42,023 [pool-962-thread-1] INFO  server.RaftServerConfigKeys (ConfUtils.java:logGet(44)) - raft.server.log.segment.size.max = 1048576 (custom)
2022-05-04 03:17:42,024 [pool-962-thread-1] INFO  server.RaftServerConfigKeys (ConfUtils.java:logGet(44)) - raft.server.log.preallocated.size = 16384 (custom)
2022-05-04 03:17:42,024 [pool-962-thread-1] INFO  server.RaftServerConfigKeys (ConfUtils.java:logGet(44)) - raft.server.log.force.sync.num = 128 (default)
2022-05-04 03:17:42,024 [pool-962-thread-1] INFO  server.RaftServerConfigKeys (ConfUtils.java:logGet(44)) - raft.server.log.statemachine.data.sync = true (default)
2022-05-04 03:17:42,024 [pool-962-thread-1] INFO  server.RaftServerConfigKeys (ConfUtils.java:logGet(44)) - raft.server.log.statemachine.data.sync.timeout = 10s (default)
2022-05-04 03:17:42,024 [pool-962-thread-1] INFO  server.RaftServerConfigKeys (ConfUtils.java:logGet(44)) - raft.server.log.statemachine.data.sync.timeout.retry = -1 (default)
2022-05-04 03:17:42,025 [pool-962-thread-1] INFO  server.RaftServerConfigKeys (ConfUtils.java:logGet(44)) - raft.server.log.write.buffer.size = 1048576 (custom)
2022-05-04 03:17:42,025 [pool-962-thread-1] INFO  server.RaftServerConfigKeys (ConfUtils.java:logGet(44)) - raft.server.log.statemachine.data.caching.enabled = true (custom)
2022-05-04 03:17:42,026 [pool-962-thread-1] INFO  segmented.SegmentedRaftLogWorker (SegmentedRaftLogWorker.java:lambda$new$0(133)) - a4d0b5f9-3282-4cc2-85b1-5a1b13720eaf@group-1E14C51D1BF1-SegmentedRaftLogWorker: flushIndex: setUnconditionally 0 -> -1
2022-05-04 03:17:42,026 [pool-962-thread-1] INFO  segmented.SegmentedRaftLogWorker (SegmentedRaftLogWorker.java:lambda$new$0(133)) - a4d0b5f9-3282-4cc2-85b1-5a1b13720eaf@group-1E14C51D1BF1-SegmentedRaftLogWorker: safeCacheEvictIndex: setUnconditionally 0 -> -1
2022-05-04 03:17:42,042 [pool-962-thread-1] INFO  server.RaftServerConfigKeys (ConfUtils.java:logGet(44)) - raft.server.snapshot.auto.trigger.enabled = true (custom)
2022-05-04 03:17:42,043 [pool-962-thread-1] INFO  server.RaftServerConfigKeys (ConfUtils.java:logGet(44)) - raft.server.snapshot.auto.trigger.threshold = 10000 (custom)
2022-05-04 03:17:42,043 [pool-962-thread-1] INFO  server.RaftServerConfigKeys (ConfUtils.java:logGet(44)) - raft.server.snapshot.retention.file.num = 5 (custom)
2022-05-04 03:17:42,043 [pool-962-thread-1] INFO  server.RaftServerConfigKeys (ConfUtils.java:logGet(44)) - raft.server.log.purge.upto.snapshot.index = false (default)
2022-05-04 03:17:42,043 [pool-962-thread-1] INFO  server.RaftServerConfigKeys (ConfUtils.java:logGet(44)) - raft.server.retrycache.expirytime = 600000ms (custom)
2022-05-04 03:17:42,043 [pool-962-thread-1] INFO  server.RaftServerConfigKeys (ConfUtils.java:logGet(44)) - raft.server.retrycache.statistics.expirytime = 100μs (default)
2022-05-04 03:17:42,045 [pool-962-thread-1] INFO  server.RaftServer$Division (RaftServerImpl.java:start(301)) - a4d0b5f9-3282-4cc2-85b1-5a1b13720eaf@group-1E14C51D1BF1: start as a follower, conf=-1: [a4d0b5f9-3282-4cc2-85b1-5a1b13720eaf|rpc:10.1.0.22:43989|priority:1], old=null
2022-05-04 03:17:42,045 [pool-962-thread-1] INFO  server.RaftServer$Division (RaftServerImpl.java:setRole(290)) - a4d0b5f9-3282-4cc2-85b1-5a1b13720eaf@group-1E14C51D1BF1: changes role from      null to FOLLOWER at term 0 for startAsFollower
2022-05-04 03:17:42,045 [pool-962-thread-1] INFO  impl.RoleInfo (RoleInfo.java:updateAndGet(130)) - a4d0b5f9-3282-4cc2-85b1-5a1b13720eaf: start a4d0b5f9-3282-4cc2-85b1-5a1b13720eaf@group-1E14C51D1BF1-FollowerState
2022-05-04 03:17:42,051 [pool-962-thread-1] INFO  util.JmxRegister (JmxRegister.java:tryRegister(44)) - Successfully registered JMX Bean with object name Ratis:service=RaftServer,group=group-1E14C51D1BF1,id=a4d0b5f9-3282-4cc2-85b1-5a1b13720eaf
2022-05-04 03:17:42,070 [Command processor thread] INFO  ratis.XceiverServerRatis (XceiverServerRatis.java:addGroup(765)) - Created group PipelineID=52f21aac-eb6a-4ae3-a2de-1e14c51d1bf1
2022-05-04 03:17:42,071 [Command processor thread] INFO  commandhandler.CreatePipelineCommandHandler (CreatePipelineCommandHandler.java:handle(113)) - Created Pipeline RATIS ONE PipelineID=52f21aac-eb6a-4ae3-a2de-1e14c51d1bf1.
2022-05-04 03:17:42,071 [Command processor thread] INFO  server.RaftServer (RaftServerProxy.java:addNew(95)) - a4d0b5f9-3282-4cc2-85b1-5a1b13720eaf: addNew group-7E785CA2A080:[a4d0b5f9-3282-4cc2-85b1-5a1b13720eaf|rpc:10.1.0.22:43989|priority:0, ddb2790c-8d68-49f8-bd13-2d0c1144ba02|rpc:10.1.0.22:35569|priority:0, cd15dffe-0bdf-4ded-a416-2706c1d3a8c9|rpc:10.1.0.22:40121|priority:1] returns group-7E785CA2A080:java.util.concurrent.CompletableFuture@33261474[Not completed]
2022-05-04 03:17:42,071 [EventQueue-OpenPipelineForHealthyPipelineSafeModeRule] INFO  safemode.SCMSafeModeManager (HealthyPipelineSafeModeRule.java:process(124)) - SCM in safe mode. Healthy pipelines reported count is 0, required healthy pipeline reported count is 1
2022-05-04 03:17:42,072 [pool-962-thread-1] INFO  server.RaftServer$Division (RaftServerImpl.java:<init>(184)) - a4d0b5f9-3282-4cc2-85b1-5a1b13720eaf: new RaftServerImpl for group-7E785CA2A080:[a4d0b5f9-3282-4cc2-85b1-5a1b13720eaf|rpc:10.1.0.22:43989|priority:0, ddb2790c-8d68-49f8-bd13-2d0c1144ba02|rpc:10.1.0.22:35569|priority:0, cd15dffe-0bdf-4ded-a416-2706c1d3a8c9|rpc:10.1.0.22:40121|priority:1] with ContainerStateMachine:uninitialized
2022-05-04 03:17:42,072 [pool-962-thread-1] INFO  server.RaftServerConfigKeys (ConfUtils.java:logGet(44)) - raft.server.rpc.timeout.min = 5s (custom)
2022-05-04 03:17:42,072 [pool-962-thread-1] INFO  server.RaftServerConfigKeys (ConfUtils.java:logGet(44)) - raft.server.rpc.timeout.max = 5200ms (custom)
2022-05-04 03:17:42,072 [pool-962-thread-1] INFO  server.RaftServerConfigKeys (ConfUtils.java:logGet(44)) - raft.server.rpc.sleep.time = 25ms (default)
2022-05-04 03:17:42,072 [pool-962-thread-1] INFO  server.RaftServerConfigKeys (ConfUtils.java:logGet(44)) - raft.server.rpc.slowness.timeout = 300s (custom)
2022-05-04 03:17:42,072 [pool-962-thread-1] INFO  server.RaftServerConfigKeys (ConfUtils.java:logGet(44)) - raft.server.leaderelection.leader.step-down.wait-time = 10s (default)
2022-05-04 03:17:42,072 [pool-962-thread-1] INFO  server.RaftServerConfigKeys (ConfUtils.java:logGet(44)) - raft.server.sleep.deviation.threshold = 300ms (default)
2022-05-04 03:17:42,072 [pool-962-thread-1] INFO  server.RaftServerConfigKeys (ConfUtils.java:logGet(44)) - raft.server.log.appender.install.snapshot.enabled = false (custom)
2022-05-04 03:17:42,072 [pool-962-thread-1] INFO  server.RaftServer$Division (ServerState.java:<init>(105)) - a4d0b5f9-3282-4cc2-85b1-5a1b13720eaf@group-7E785CA2A080: ConfigurationManager, init=-1: [a4d0b5f9-3282-4cc2-85b1-5a1b13720eaf|rpc:10.1.0.22:43989|priority:0, ddb2790c-8d68-49f8-bd13-2d0c1144ba02|rpc:10.1.0.22:35569|priority:0, cd15dffe-0bdf-4ded-a416-2706c1d3a8c9|rpc:10.1.0.22:40121|priority:1], old=null, confs=<EMPTY_MAP>
2022-05-04 03:17:42,072 [pool-962-thread-1] INFO  server.RaftServerConfigKeys (ConfUtils.java:logGet(44)) - raft.server.storage.dir = [/home/runner/work/ozone/ozone/hadoop-ozone/integration-test/target/test-dir/MiniOzoneClusterImpl-bb96fbd3-426a-4dd9-9d55-8297dc8cce15/datanode-0/data/ratis] (custom)
2022-05-04 03:17:42,072 [pool-962-thread-1] INFO  server.RaftServerConfigKeys (ConfUtils.java:logGet(44)) - raft.server.log.corruption.policy = EXCEPTION (default)
2022-05-04 03:17:42,072 [pool-962-thread-1] INFO  server.RaftServerConfigKeys (ConfUtils.java:logGet(44)) - raft.server.storage.free-space.min = 0MB (=0) (default)
2022-05-04 03:17:42,073 [pool-962-thread-1] INFO  storage.RaftStorageDirectory (RaftStorageDirectoryImpl.java:analyzeStorage(135)) - The storage directory /home/runner/work/ozone/ozone/hadoop-ozone/integration-test/target/test-dir/MiniOzoneClusterImpl-bb96fbd3-426a-4dd9-9d55-8297dc8cce15/datanode-0/data/ratis/85edcf45-c963-4745-af73-7e785ca2a080 does not exist. Creating ...
2022-05-04 03:17:42,088 [pool-962-thread-1] INFO  storage.RaftStorageDirectory (RaftStorageDirectoryImpl.java:tryLock(230)) - Lock on /home/runner/work/ozone/ozone/hadoop-ozone/integration-test/target/test-dir/MiniOzoneClusterImpl-bb96fbd3-426a-4dd9-9d55-8297dc8cce15/datanode-0/data/ratis/85edcf45-c963-4745-af73-7e785ca2a080/in_use.lock acquired by nodename 29567@fv-az270-73
2022-05-04 03:17:42,089 [pool-962-thread-1] INFO  storage.RaftStorage (RaftStorageImpl.java:format(89)) - Storage directory /home/runner/work/ozone/ozone/hadoop-ozone/integration-test/target/test-dir/MiniOzoneClusterImpl-bb96fbd3-426a-4dd9-9d55-8297dc8cce15/datanode-0/data/ratis/85edcf45-c963-4745-af73-7e785ca2a080 has been successfully formatted.
2022-05-04 03:17:42,092 [EventQueue-OpenPipelineForHealthyPipelineSafeModeRule] INFO  safemode.SCMSafeModeManager (HealthyPipelineSafeModeRule.java:process(124)) - SCM in safe mode. Healthy pipelines reported count is 0, required healthy pipeline reported count is 1
2022-05-04 03:17:42,092 [pool-962-thread-1] INFO  ratis.ContainerStateMachine (ContainerStateMachine.java:loadSnapshot(236)) - group-7E785CA2A080: The snapshot info is null. Setting the last applied indexto:(t:0, i:~)
2022-05-04 03:17:42,092 [pool-962-thread-1] INFO  server.RaftServerConfigKeys (ConfUtils.java:logGet(44)) - raft.server.notification.no-leader.timeout = 300s (custom)
2022-05-04 03:17:42,092 [pool-962-thread-1] INFO  server.RaftServerConfigKeys (ConfUtils.java:logGet(44)) - raft.server.log.use.memory = false (default)
2022-05-04 03:17:42,092 [pool-962-thread-1] INFO  server.RaftServerConfigKeys (ConfUtils.java:logGet(44)) - raft.server.log.purge.gap = 1000000 (custom)
2022-05-04 03:17:42,092 [pool-962-thread-1] INFO  server.RaftServerConfigKeys (ConfUtils.java:logGet(44)) - raft.server.log.appender.buffer.byte-limit = 33554432 (custom)
2022-05-04 03:17:42,093 [pool-962-thread-1] INFO  server.RaftServerConfigKeys (ConfUtils.java:logGet(44)) - raft.server.log.segment.size.max = 1048576 (custom)
2022-05-04 03:17:42,093 [pool-962-thread-1] INFO  server.RaftServerConfigKeys (ConfUtils.java:logGet(44)) - raft.server.log.segment.cache.num.max = 2 (custom)
2022-05-04 03:17:42,093 [pool-962-thread-1] INFO  server.RaftServerConfigKeys (ConfUtils.java:logGet(44)) - raft.server.log.segment.cache.size.max = 200MB (=209715200) (default)
2022-05-04 03:17:42,093 [pool-962-thread-1] INFO  segmented.SegmentedRaftLogWorker (SegmentedRaftLogWorker.java:<init>(182)) - new a4d0b5f9-3282-4cc2-85b1-5a1b13720eaf@group-7E785CA2A080-SegmentedRaftLogWorker for RaftStorageImpl:Storage Directory /home/runner/work/ozone/ozone/hadoop-ozone/integration-test/target/test-dir/MiniOzoneClusterImpl-bb96fbd3-426a-4dd9-9d55-8297dc8cce15/datanode-0/data/ratis/85edcf45-c963-4745-af73-7e785ca2a080
2022-05-04 03:17:42,093 [pool-962-thread-1] INFO  server.RaftServerConfigKeys (ConfUtils.java:logGet(44)) - raft.server.log.queue.byte-limit = 4294967296 (custom)
2022-05-04 03:17:42,093 [pool-962-thread-1] INFO  server.RaftServerConfigKeys (ConfUtils.java:logGet(44)) - raft.server.log.queue.element-limit = 1024 (custom)
2022-05-04 03:17:42,093 [pool-962-thread-1] INFO  server.RaftServerConfigKeys (ConfUtils.java:logGet(44)) - raft.server.log.segment.size.max = 1048576 (custom)
2022-05-04 03:17:42,093 [pool-962-thread-1] INFO  server.RaftServerConfigKeys (ConfUtils.java:logGet(44)) - raft.server.log.preallocated.size = 16384 (custom)
2022-05-04 03:17:42,094 [pool-962-thread-1] INFO  server.RaftServerConfigKeys (ConfUtils.java:logGet(44)) - raft.server.log.force.sync.num = 128 (default)
2022-05-04 03:17:42,094 [pool-962-thread-1] INFO  server.RaftServerConfigKeys (ConfUtils.java:logGet(44)) - raft.server.log.statemachine.data.sync = true (default)
2022-05-04 03:17:42,094 [pool-962-thread-1] INFO  server.RaftServerConfigKeys (ConfUtils.java:logGet(44)) - raft.server.log.statemachine.data.sync.timeout = 10s (default)
2022-05-04 03:17:42,094 [pool-962-thread-1] INFO  server.RaftServerConfigKeys (ConfUtils.java:logGet(44)) - raft.server.log.statemachine.data.sync.timeout.retry = -1 (default)
2022-05-04 03:17:42,096 [pool-962-thread-1] INFO  server.RaftServerConfigKeys (ConfUtils.java:logGet(44)) - raft.server.log.write.buffer.size = 1048576 (custom)
2022-05-04 03:17:42,097 [pool-962-thread-1] INFO  server.RaftServerConfigKeys (ConfUtils.java:logGet(44)) - raft.server.log.statemachine.data.caching.enabled = true (custom)
2022-05-04 03:17:42,097 [pool-962-thread-1] INFO  segmented.SegmentedRaftLogWorker (SegmentedRaftLogWorker.java:lambda$new$0(133)) - a4d0b5f9-3282-4cc2-85b1-5a1b13720eaf@group-7E785CA2A080-SegmentedRaftLogWorker: flushIndex: setUnconditionally 0 -> -1
2022-05-04 03:17:42,097 [pool-962-thread-1] INFO  segmented.SegmentedRaftLogWorker (SegmentedRaftLogWorker.java:lambda$new$0(133)) - a4d0b5f9-3282-4cc2-85b1-5a1b13720eaf@group-7E785CA2A080-SegmentedRaftLogWorker: safeCacheEvictIndex: setUnconditionally 0 -> -1
2022-05-04 03:17:42,097 [pool-962-thread-1] INFO  server.RaftServerConfigKeys (ConfUtils.java:logGet(44)) - raft.server.snapshot.auto.trigger.enabled = true (custom)
2022-05-04 03:17:42,097 [pool-962-thread-1] INFO  server.RaftServerConfigKeys (ConfUtils.java:logGet(44)) - raft.server.snapshot.auto.trigger.threshold = 10000 (custom)
2022-05-04 03:17:42,097 [pool-962-thread-1] INFO  server.RaftServerConfigKeys (ConfUtils.java:logGet(44)) - raft.server.snapshot.retention.file.num = 5 (custom)
2022-05-04 03:17:42,097 [pool-962-thread-1] INFO  server.RaftServerConfigKeys (ConfUtils.java:logGet(44)) - raft.server.log.purge.upto.snapshot.index = false (default)
2022-05-04 03:17:42,097 [pool-962-thread-1] INFO  server.RaftServerConfigKeys (ConfUtils.java:logGet(44)) - raft.server.retrycache.expirytime = 600000ms (custom)
2022-05-04 03:17:42,097 [pool-962-thread-1] INFO  server.RaftServerConfigKeys (ConfUtils.java:logGet(44)) - raft.server.retrycache.statistics.expirytime = 100μs (default)
2022-05-04 03:17:42,105 [pool-962-thread-1] INFO  server.RaftServer$Division (RaftServerImpl.java:start(301)) - a4d0b5f9-3282-4cc2-85b1-5a1b13720eaf@group-7E785CA2A080: start as a follower, conf=-1: [a4d0b5f9-3282-4cc2-85b1-5a1b13720eaf|rpc:10.1.0.22:43989|priority:0, ddb2790c-8d68-49f8-bd13-2d0c1144ba02|rpc:10.1.0.22:35569|priority:0, cd15dffe-0bdf-4ded-a416-2706c1d3a8c9|rpc:10.1.0.22:40121|priority:1], old=null
2022-05-04 03:17:42,105 [pool-962-thread-1] INFO  server.RaftServer$Division (RaftServerImpl.java:setRole(290)) - a4d0b5f9-3282-4cc2-85b1-5a1b13720eaf@group-7E785CA2A080: changes role from      null to FOLLOWER at term 0 for startAsFollower
2022-05-04 03:17:42,106 [pool-962-thread-1] INFO  impl.RoleInfo (RoleInfo.java:updateAndGet(130)) - a4d0b5f9-3282-4cc2-85b1-5a1b13720eaf: start a4d0b5f9-3282-4cc2-85b1-5a1b13720eaf@group-7E785CA2A080-FollowerState
2022-05-04 03:17:42,116 [pool-962-thread-1] INFO  util.JmxRegister (JmxRegister.java:tryRegister(44)) - Successfully registered JMX Bean with object name Ratis:service=RaftServer,group=group-7E785CA2A080,id=a4d0b5f9-3282-4cc2-85b1-5a1b13720eaf
2022-05-04 03:17:42,122 [Command processor thread] INFO  ratis.XceiverServerRatis (XceiverServerRatis.java:addGroup(765)) - Created group PipelineID=85edcf45-c963-4745-af73-7e785ca2a080
2022-05-04 03:17:42,152 [grpc-default-executor-0] INFO  server.RaftServer (RaftServerProxy.java:addNew(95)) - cd15dffe-0bdf-4ded-a416-2706c1d3a8c9: addNew group-7E785CA2A080:[a4d0b5f9-3282-4cc2-85b1-5a1b13720eaf|rpc:10.1.0.22:43989|dataStream:|priority:0, ddb2790c-8d68-49f8-bd13-2d0c1144ba02|rpc:10.1.0.22:35569|dataStream:|priority:0, cd15dffe-0bdf-4ded-a416-2706c1d3a8c9|rpc:10.1.0.22:40121|dataStream:|priority:1] returns group-7E785CA2A080:java.util.concurrent.CompletableFuture@67ba31bf[Not completed]
2022-05-04 03:17:42,153 [pool-983-thread-1] INFO  server.RaftServer$Division (RaftServerImpl.java:<init>(184)) - cd15dffe-0bdf-4ded-a416-2706c1d3a8c9: new RaftServerImpl for group-7E785CA2A080:[a4d0b5f9-3282-4cc2-85b1-5a1b13720eaf|rpc:10.1.0.22:43989|dataStream:|priority:0, ddb2790c-8d68-49f8-bd13-2d0c1144ba02|rpc:10.1.0.22:35569|dataStream:|priority:0, cd15dffe-0bdf-4ded-a416-2706c1d3a8c9|rpc:10.1.0.22:40121|dataStream:|priority:1] with ContainerStateMachine:uninitialized
2022-05-04 03:17:42,176 [pool-983-thread-1] INFO  server.RaftServerConfigKeys (ConfUtils.java:logGet(44)) - raft.server.rpc.timeout.min = 5s (custom)
2022-05-04 03:17:42,176 [pool-983-thread-1] INFO  server.RaftServerConfigKeys (ConfUtils.java:logGet(44)) - raft.server.rpc.timeout.max = 5200ms (custom)
2022-05-04 03:17:42,177 [pool-983-thread-1] INFO  server.RaftServerConfigKeys (ConfUtils.java:logGet(44)) - raft.server.rpc.sleep.time = 25ms (default)
2022-05-04 03:17:42,177 [pool-983-thread-1] INFO  server.RaftServerConfigKeys (ConfUtils.java:logGet(44)) - raft.server.rpc.slowness.timeout = 300s (custom)
2022-05-04 03:17:42,177 [pool-983-thread-1] INFO  server.RaftServerConfigKeys (ConfUtils.java:logGet(44)) - raft.server.leaderelection.leader.step-down.wait-time = 10s (default)
2022-05-04 03:17:42,177 [pool-983-thread-1] INFO  server.RaftServerConfigKeys (ConfUtils.java:logGet(44)) - raft.server.sleep.deviation.threshold = 300ms (default)
2022-05-04 03:17:42,177 [pool-983-thread-1] INFO  server.RaftServerConfigKeys (ConfUtils.java:logGet(44)) - raft.server.log.appender.install.snapshot.enabled = false (custom)
2022-05-04 03:17:42,177 [pool-983-thread-1] INFO  server.RaftServer$Division (ServerState.java:<init>(105)) - cd15dffe-0bdf-4ded-a416-2706c1d3a8c9@group-7E785CA2A080: ConfigurationManager, init=-1: [a4d0b5f9-3282-4cc2-85b1-5a1b13720eaf|rpc:10.1.0.22:43989|dataStream:|priority:0, ddb2790c-8d68-49f8-bd13-2d0c1144ba02|rpc:10.1.0.22:35569|dataStream:|priority:0, cd15dffe-0bdf-4ded-a416-2706c1d3a8c9|rpc:10.1.0.22:40121|dataStream:|priority:1], old=null, confs=<EMPTY_MAP>
2022-05-04 03:17:42,177 [pool-983-thread-1] INFO  server.RaftServerConfigKeys (ConfUtils.java:logGet(44)) - raft.server.storage.dir = [/home/runner/work/ozone/ozone/hadoop-ozone/integration-test/target/test-dir/MiniOzoneClusterImpl-bb96fbd3-426a-4dd9-9d55-8297dc8cce15/datanode-1/data/ratis] (custom)
2022-05-04 03:17:42,177 [pool-983-thread-1] INFO  server.RaftServerConfigKeys (ConfUtils.java:logGet(44)) - raft.server.log.corruption.policy = EXCEPTION (default)
2022-05-04 03:17:42,177 [pool-983-thread-1] INFO  server.RaftServerConfigKeys (ConfUtils.java:logGet(44)) - raft.server.storage.free-space.min = 0MB (=0) (default)
2022-05-04 03:17:42,177 [pool-983-thread-1] INFO  storage.RaftStorageDirectory (RaftStorageDirectoryImpl.java:analyzeStorage(135)) - The storage directory /home/runner/work/ozone/ozone/hadoop-ozone/integration-test/target/test-dir/MiniOzoneClusterImpl-bb96fbd3-426a-4dd9-9d55-8297dc8cce15/datanode-1/data/ratis/85edcf45-c963-4745-af73-7e785ca2a080 does not exist. Creating ...
2022-05-04 03:17:42,179 [pool-983-thread-1] INFO  storage.RaftStorageDirectory (RaftStorageDirectoryImpl.java:tryLock(230)) - Lock on /home/runner/work/ozone/ozone/hadoop-ozone/integration-test/target/test-dir/MiniOzoneClusterImpl-bb96fbd3-426a-4dd9-9d55-8297dc8cce15/datanode-1/data/ratis/85edcf45-c963-4745-af73-7e785ca2a080/in_use.lock acquired by nodename 29567@fv-az270-73
2022-05-04 03:17:42,180 [pool-983-thread-1] INFO  storage.RaftStorage (RaftStorageImpl.java:format(89)) - Storage directory /home/runner/work/ozone/ozone/hadoop-ozone/integration-test/target/test-dir/MiniOzoneClusterImpl-bb96fbd3-426a-4dd9-9d55-8297dc8cce15/datanode-1/data/ratis/85edcf45-c963-4745-af73-7e785ca2a080 has been successfully formatted.
2022-05-04 03:17:42,184 [Listener at 127.0.0.1/33661] INFO  ozone.MiniOzoneClusterImpl (MiniOzoneClusterImpl.java:lambda$waitForClusterToBeReady$0(221)) - Waiting for nodes to be ready. Got 4 of 5 DN Heartbeats.
2022-05-04 03:17:42,184 [Listener at 127.0.0.1/33661] INFO  ozone.MiniOzoneClusterImpl (MiniOzoneClusterImpl.java:lambda$waitForClusterToBeReady$0(224)) - Waiting for cluster to exit safe mode
2022-05-04 03:17:42,184 [Listener at 127.0.0.1/33661] INFO  ozone.MiniOzoneClusterImpl (MiniOzoneClusterImpl.java:lambda$waitForClusterToBeReady$0(226)) - SCM became leader
2022-05-04 03:17:42,201 [pool-983-thread-1] INFO  ratis.ContainerStateMachine (ContainerStateMachine.java:loadSnapshot(236)) - group-7E785CA2A080: The snapshot info is null. Setting the last applied indexto:(t:0, i:~)
2022-05-04 03:17:42,201 [pool-983-thread-1] INFO  server.RaftServerConfigKeys (ConfUtils.java:logGet(44)) - raft.server.notification.no-leader.timeout = 300s (custom)
2022-05-04 03:17:42,201 [pool-983-thread-1] INFO  server.RaftServerConfigKeys (ConfUtils.java:logGet(44)) - raft.server.log.use.memory = false (default)
2022-05-04 03:17:42,201 [pool-983-thread-1] INFO  server.RaftServerConfigKeys (ConfUtils.java:logGet(44)) - raft.server.log.purge.gap = 1000000 (custom)
2022-05-04 03:17:42,201 [pool-983-thread-1] INFO  server.RaftServerConfigKeys (ConfUtils.java:logGet(44)) - raft.server.log.appender.buffer.byte-limit = 33554432 (custom)
2022-05-04 03:17:42,202 [pool-983-thread-1] INFO  server.RaftServerConfigKeys (ConfUtils.java:logGet(44)) - raft.server.log.segment.size.max = 1048576 (custom)
2022-05-04 03:17:42,203 [pool-983-thread-1] INFO  server.RaftServerConfigKeys (ConfUtils.java:logGet(44)) - raft.server.log.segment.cache.num.max = 2 (custom)
2022-05-04 03:17:42,203 [pool-983-thread-1] INFO  server.RaftServerConfigKeys (ConfUtils.java:logGet(44)) - raft.server.log.segment.cache.size.max = 200MB (=209715200) (default)
2022-05-04 03:17:42,203 [pool-983-thread-1] INFO  segmented.SegmentedRaftLogWorker (SegmentedRaftLogWorker.java:<init>(182)) - new cd15dffe-0bdf-4ded-a416-2706c1d3a8c9@group-7E785CA2A080-SegmentedRaftLogWorker for RaftStorageImpl:Storage Directory /home/runner/work/ozone/ozone/hadoop-ozone/integration-test/target/test-dir/MiniOzoneClusterImpl-bb96fbd3-426a-4dd9-9d55-8297dc8cce15/datanode-1/data/ratis/85edcf45-c963-4745-af73-7e785ca2a080
2022-05-04 03:17:42,203 [pool-983-thread-1] INFO  server.RaftServerConfigKeys (ConfUtils.java:logGet(44)) - raft.server.log.queue.byte-limit = 4294967296 (custom)
2022-05-04 03:17:42,203 [pool-983-thread-1] INFO  server.RaftServerConfigKeys (ConfUtils.java:logGet(44)) - raft.server.log.queue.element-limit = 1024 (custom)
2022-05-04 03:17:42,203 [pool-983-thread-1] INFO  server.RaftServerConfigKeys (ConfUtils.java:logGet(44)) - raft.server.log.segment.size.max = 1048576 (custom)
2022-05-04 03:17:42,203 [pool-983-thread-1] INFO  server.RaftServerConfigKeys (ConfUtils.java:logGet(44)) - raft.server.log.preallocated.size = 16384 (custom)
2022-05-04 03:17:42,204 [pool-983-thread-1] INFO  server.RaftServerConfigKeys (ConfUtils.java:logGet(44)) - raft.server.log.force.sync.num = 128 (default)
2022-05-04 03:17:42,204 [pool-983-thread-1] INFO  server.RaftServerConfigKeys (ConfUtils.java:logGet(44)) - raft.server.log.statemachine.data.sync = true (default)
2022-05-04 03:17:42,204 [pool-983-thread-1] INFO  server.RaftServerConfigKeys (ConfUtils.java:logGet(44)) - raft.server.log.statemachine.data.sync.timeout = 10s (default)
2022-05-04 03:17:42,204 [pool-983-thread-1] INFO  server.RaftServerConfigKeys (ConfUtils.java:logGet(44)) - raft.server.log.statemachine.data.sync.timeout.retry = -1 (default)
2022-05-04 03:17:42,205 [pool-983-thread-1] INFO  server.RaftServerConfigKeys (ConfUtils.java:logGet(44)) - raft.server.log.write.buffer.size = 1048576 (custom)
2022-05-04 03:17:42,205 [pool-983-thread-1] INFO  server.RaftServerConfigKeys (ConfUtils.java:logGet(44)) - raft.server.log.statemachine.data.caching.enabled = true (custom)
2022-05-04 03:17:42,206 [pool-983-thread-1] INFO  segmented.SegmentedRaftLogWorker (SegmentedRaftLogWorker.java:lambda$new$0(133)) - cd15dffe-0bdf-4ded-a416-2706c1d3a8c9@group-7E785CA2A080-SegmentedRaftLogWorker: flushIndex: setUnconditionally 0 -> -1
2022-05-04 03:17:42,206 [pool-983-thread-1] INFO  segmented.SegmentedRaftLogWorker (SegmentedRaftLogWorker.java:lambda$new$0(133)) - cd15dffe-0bdf-4ded-a416-2706c1d3a8c9@group-7E785CA2A080-SegmentedRaftLogWorker: safeCacheEvictIndex: setUnconditionally 0 -> -1
2022-05-04 03:17:42,212 [pool-983-thread-1] INFO  server.RaftServerConfigKeys (ConfUtils.java:logGet(44)) - raft.server.snapshot.auto.trigger.enabled = true (custom)
2022-05-04 03:17:42,212 [pool-983-thread-1] INFO  server.RaftServerConfigKeys (ConfUtils.java:logGet(44)) - raft.server.snapshot.auto.trigger.threshold = 10000 (custom)
2022-05-04 03:17:42,213 [pool-983-thread-1] INFO  server.RaftServerConfigKeys (ConfUtils.java:logGet(44)) - raft.server.snapshot.retention.file.num = 5 (custom)
2022-05-04 03:17:42,213 [pool-983-thread-1] INFO  server.RaftServerConfigKeys (ConfUtils.java:logGet(44)) - raft.server.log.purge.upto.snapshot.index = false (default)
2022-05-04 03:17:42,213 [pool-983-thread-1] INFO  server.RaftServerConfigKeys (ConfUtils.java:logGet(44)) - raft.server.retrycache.expirytime = 600000ms (custom)
2022-05-04 03:17:42,213 [pool-983-thread-1] INFO  server.RaftServerConfigKeys (ConfUtils.java:logGet(44)) - raft.server.retrycache.statistics.expirytime = 100μs (default)
2022-05-04 03:17:42,217 [pool-983-thread-1] INFO  server.RaftServer$Division (RaftServerImpl.java:start(301)) - cd15dffe-0bdf-4ded-a416-2706c1d3a8c9@group-7E785CA2A080: start as a follower, conf=-1: [a4d0b5f9-3282-4cc2-85b1-5a1b13720eaf|rpc:10.1.0.22:43989|dataStream:|priority:0, ddb2790c-8d68-49f8-bd13-2d0c1144ba02|rpc:10.1.0.22:35569|dataStream:|priority:0, cd15dffe-0bdf-4ded-a416-2706c1d3a8c9|rpc:10.1.0.22:40121|dataStream:|priority:1], old=null
2022-05-04 03:17:42,217 [pool-983-thread-1] INFO  server.RaftServer$Division (RaftServerImpl.java:setRole(290)) - cd15dffe-0bdf-4ded-a416-2706c1d3a8c9@group-7E785CA2A080: changes role from      null to FOLLOWER at term 0 for startAsFollower
2022-05-04 03:17:42,217 [pool-983-thread-1] INFO  impl.RoleInfo (RoleInfo.java:updateAndGet(130)) - cd15dffe-0bdf-4ded-a416-2706c1d3a8c9: start cd15dffe-0bdf-4ded-a416-2706c1d3a8c9@group-7E785CA2A080-FollowerState
2022-05-04 03:17:42,217 [pool-983-thread-1] INFO  util.JmxRegister (JmxRegister.java:tryRegister(44)) - Successfully registered JMX Bean with object name Ratis:service=RaftServer,group=group-7E785CA2A080,id=cd15dffe-0bdf-4ded-a416-2706c1d3a8c9
2022-05-04 03:17:42,249 [IPC Server handler 5 on default port 45051] INFO  net.NetworkTopologyImpl (NetworkTopologyImpl.java:add(112)) - Added a new node: /default-rack/2019c0d5-291f-4376-b04f-04da087b6ced
2022-05-04 03:17:42,249 [IPC Server handler 5 on default port 45051] INFO  node.SCMNodeManager (SCMNodeManager.java:register(393)) - Registered Data node : 2019c0d5-291f-4376-b04f-04da087b6ced{ip: 10.1.0.22, host: fv-az270-73.tacnzluakwdehk1hpragurqkma.bx.internal.cloudapp.net, ports: [REPLICATION=36465, RATIS=39105, RATIS_ADMIN=39105, RATIS_SERVER=39105, STANDALONE=46229], networkLocation: /default-rack, certSerialId: null, persistedOpState: null, persistedOpStateExpiryEpochSec: 0}
2022-05-04 03:17:42,250 [EventQueue-NewNodeForNewNodeHandler] INFO  pipeline.BackgroundPipelineCreator (BackgroundPipelineCreator.java:notifyEventTriggered(270)) - trigger a one-shot run on RatisPipelineUtilsThread.
2022-05-04 03:17:42,251 [RatisPipelineUtilsThread - 0] INFO  pipeline.RatisPipelineProvider (RatisPipelineProvider.java:lambda$create$0(195)) - Sending CreatePipelineCommand for pipeline:PipelineID=fd71fe4a-598f-46fa-bb92-aed00b837d44 to datanode:2019c0d5-291f-4376-b04f-04da087b6ced
2022-05-04 03:17:42,251 [RatisPipelineUtilsThread - 0] INFO  pipeline.PipelineStateManagerImpl (PipelineStateManagerImpl.java:addPipeline(101)) - Created pipeline Pipeline[ Id: fd71fe4a-598f-46fa-bb92-aed00b837d44, Nodes: 2019c0d5-291f-4376-b04f-04da087b6ced{ip: 10.1.0.22, host: fv-az270-73.tacnzluakwdehk1hpragurqkma.bx.internal.cloudapp.net, ports: [REPLICATION=36465, RATIS=39105, RATIS_ADMIN=39105, RATIS_SERVER=39105, STANDALONE=46229], networkLocation: /default-rack, certSerialId: null, persistedOpState: IN_SERVICE, persistedOpStateExpiryEpochSec: 0}, ReplicationConfig: RATIS/ONE, State:ALLOCATED, leaderId:, CreationTimestamp2022-05-04T03:17:42.250Z[Etc/UTC]].
2022-05-04 03:17:42,337 [grpc-default-executor-0] INFO  server.RaftServer (RaftServerProxy.java:addNew(95)) - ddb2790c-8d68-49f8-bd13-2d0c1144ba02: addNew group-7E785CA2A080:[a4d0b5f9-3282-4cc2-85b1-5a1b13720eaf|rpc:10.1.0.22:43989|dataStream:|priority:0, ddb2790c-8d68-49f8-bd13-2d0c1144ba02|rpc:10.1.0.22:35569|dataStream:|priority:0, cd15dffe-0bdf-4ded-a416-2706c1d3a8c9|rpc:10.1.0.22:40121|dataStream:|priority:1] returns group-7E785CA2A080:java.util.concurrent.CompletableFuture@3a61ac26[Not completed]
2022-05-04 03:17:42,351 [pool-1004-thread-1] INFO  server.RaftServer$Division (RaftServerImpl.java:<init>(184)) - ddb2790c-8d68-49f8-bd13-2d0c1144ba02: new RaftServerImpl for group-7E785CA2A080:[a4d0b5f9-3282-4cc2-85b1-5a1b13720eaf|rpc:10.1.0.22:43989|dataStream:|priority:0, ddb2790c-8d68-49f8-bd13-2d0c1144ba02|rpc:10.1.0.22:35569|dataStream:|priority:0, cd15dffe-0bdf-4ded-a416-2706c1d3a8c9|rpc:10.1.0.22:40121|dataStream:|priority:1] with ContainerStateMachine:uninitialized
2022-05-04 03:17:42,387 [pool-1004-thread-1] INFO  server.RaftServerConfigKeys (ConfUtils.java:logGet(44)) - raft.server.rpc.timeout.min = 5s (custom)
2022-05-04 03:17:42,387 [pool-1004-thread-1] INFO  server.RaftServerConfigKeys (ConfUtils.java:logGet(44)) - raft.server.rpc.timeout.max = 5200ms (custom)
2022-05-04 03:17:42,387 [pool-1004-thread-1] INFO  server.RaftServerConfigKeys (ConfUtils.java:logGet(44)) - raft.server.rpc.sleep.time = 25ms (default)
2022-05-04 03:17:42,387 [pool-1004-thread-1] INFO  server.RaftServerConfigKeys (ConfUtils.java:logGet(44)) - raft.server.rpc.slowness.timeout = 300s (custom)
2022-05-04 03:17:42,387 [pool-1004-thread-1] INFO  server.RaftServerConfigKeys (ConfUtils.java:logGet(44)) - raft.server.leaderelection.leader.step-down.wait-time = 10s (default)
2022-05-04 03:17:42,387 [pool-1004-thread-1] INFO  server.RaftServerConfigKeys (ConfUtils.java:logGet(44)) - raft.server.sleep.deviation.threshold = 300ms (default)
2022-05-04 03:17:42,388 [pool-1004-thread-1] INFO  server.RaftServerConfigKeys (ConfUtils.java:logGet(44)) - raft.server.log.appender.install.snapshot.enabled = false (custom)
2022-05-04 03:17:42,388 [pool-1004-thread-1] INFO  server.RaftServer$Division (ServerState.java:<init>(105)) - ddb2790c-8d68-49f8-bd13-2d0c1144ba02@group-7E785CA2A080: ConfigurationManager, init=-1: [a4d0b5f9-3282-4cc2-85b1-5a1b13720eaf|rpc:10.1.0.22:43989|dataStream:|priority:0, ddb2790c-8d68-49f8-bd13-2d0c1144ba02|rpc:10.1.0.22:35569|dataStream:|priority:0, cd15dffe-0bdf-4ded-a416-2706c1d3a8c9|rpc:10.1.0.22:40121|dataStream:|priority:1], old=null, confs=<EMPTY_MAP>
2022-05-04 03:17:42,388 [pool-1004-thread-1] INFO  server.RaftServerConfigKeys (ConfUtils.java:logGet(44)) - raft.server.storage.dir = [/home/runner/work/ozone/ozone/hadoop-ozone/integration-test/target/test-dir/MiniOzoneClusterImpl-bb96fbd3-426a-4dd9-9d55-8297dc8cce15/datanode-2/data/ratis] (custom)
2022-05-04 03:17:42,388 [pool-1004-thread-1] INFO  server.RaftServerConfigKeys (ConfUtils.java:logGet(44)) - raft.server.log.corruption.policy = EXCEPTION (default)
2022-05-04 03:17:42,388 [pool-1004-thread-1] INFO  server.RaftServerConfigKeys (ConfUtils.java:logGet(44)) - raft.server.storage.free-space.min = 0MB (=0) (default)
2022-05-04 03:17:42,388 [pool-1004-thread-1] INFO  storage.RaftStorageDirectory (RaftStorageDirectoryImpl.java:analyzeStorage(135)) - The storage directory /home/runner/work/ozone/ozone/hadoop-ozone/integration-test/target/test-dir/MiniOzoneClusterImpl-bb96fbd3-426a-4dd9-9d55-8297dc8cce15/datanode-2/data/ratis/85edcf45-c963-4745-af73-7e785ca2a080 does not exist. Creating ...
2022-05-04 03:17:42,389 [pool-1004-thread-1] INFO  storage.RaftStorageDirectory (RaftStorageDirectoryImpl.java:tryLock(230)) - Lock on /home/runner/work/ozone/ozone/hadoop-ozone/integration-test/target/test-dir/MiniOzoneClusterImpl-bb96fbd3-426a-4dd9-9d55-8297dc8cce15/datanode-2/data/ratis/85edcf45-c963-4745-af73-7e785ca2a080/in_use.lock acquired by nodename 29567@fv-az270-73
2022-05-04 03:17:42,391 [pool-1004-thread-1] INFO  storage.RaftStorage (RaftStorageImpl.java:format(89)) - Storage directory /home/runner/work/ozone/ozone/hadoop-ozone/integration-test/target/test-dir/MiniOzoneClusterImpl-bb96fbd3-426a-4dd9-9d55-8297dc8cce15/datanode-2/data/ratis/85edcf45-c963-4745-af73-7e785ca2a080 has been successfully formatted.
2022-05-04 03:17:42,427 [pool-1004-thread-1] INFO  ratis.ContainerStateMachine (ContainerStateMachine.java:loadSnapshot(236)) - group-7E785CA2A080: The snapshot info is null. Setting the last applied indexto:(t:0, i:~)
2022-05-04 03:17:42,428 [pool-1004-thread-1] INFO  server.RaftServerConfigKeys (ConfUtils.java:logGet(44)) - raft.server.notification.no-leader.timeout = 300s (custom)
2022-05-04 03:17:42,428 [pool-1004-thread-1] INFO  server.RaftServerConfigKeys (ConfUtils.java:logGet(44)) - raft.server.log.use.memory = false (default)
2022-05-04 03:17:42,428 [pool-1004-thread-1] INFO  server.RaftServerConfigKeys (ConfUtils.java:logGet(44)) - raft.server.log.purge.gap = 1000000 (custom)
2022-05-04 03:17:42,428 [pool-1004-thread-1] INFO  server.RaftServerConfigKeys (ConfUtils.java:logGet(44)) - raft.server.log.appender.buffer.byte-limit = 33554432 (custom)
2022-05-04 03:17:42,428 [pool-1004-thread-1] INFO  server.RaftServerConfigKeys (ConfUtils.java:logGet(44)) - raft.server.log.segment.size.max = 1048576 (custom)
2022-05-04 03:17:42,429 [pool-1004-thread-1] INFO  server.RaftServerConfigKeys (ConfUtils.java:logGet(44)) - raft.server.log.segment.cache.num.max = 2 (custom)
2022-05-04 03:17:42,429 [pool-1004-thread-1] INFO  server.RaftServerConfigKeys (ConfUtils.java:logGet(44)) - raft.server.log.segment.cache.size.max = 200MB (=209715200) (default)
2022-05-04 03:17:42,429 [pool-1004-thread-1] INFO  segmented.SegmentedRaftLogWorker (SegmentedRaftLogWorker.java:<init>(182)) - new ddb2790c-8d68-49f8-bd13-2d0c1144ba02@group-7E785CA2A080-SegmentedRaftLogWorker for RaftStorageImpl:Storage Directory /home/runner/work/ozone/ozone/hadoop-ozone/integration-test/target/test-dir/MiniOzoneClusterImpl-bb96fbd3-426a-4dd9-9d55-8297dc8cce15/datanode-2/data/ratis/85edcf45-c963-4745-af73-7e785ca2a080
2022-05-04 03:17:42,429 [pool-1004-thread-1] INFO  server.RaftServerConfigKeys (ConfUtils.java:logGet(44)) - raft.server.log.queue.byte-limit = 4294967296 (custom)
2022-05-04 03:17:42,429 [pool-1004-thread-1] INFO  server.RaftServerConfigKeys (ConfUtils.java:logGet(44)) - raft.server.log.queue.element-limit = 1024 (custom)
2022-05-04 03:17:42,429 [pool-1004-thread-1] INFO  server.RaftServerConfigKeys (ConfUtils.java:logGet(44)) - raft.server.log.segment.size.max = 1048576 (custom)
2022-05-04 03:17:42,429 [pool-1004-thread-1] INFO  server.RaftServerConfigKeys (ConfUtils.java:logGet(44)) - raft.server.log.preallocated.size = 16384 (custom)
2022-05-04 03:17:42,429 [pool-1004-thread-1] INFO  server.RaftServerConfigKeys (ConfUtils.java:logGet(44)) - raft.server.log.force.sync.num = 128 (default)
2022-05-04 03:17:42,429 [pool-1004-thread-1] INFO  server.RaftServerConfigKeys (ConfUtils.java:logGet(44)) - raft.server.log.statemachine.data.sync = true (default)
2022-05-04 03:17:42,429 [pool-1004-thread-1] INFO  server.RaftServerConfigKeys (ConfUtils.java:logGet(44)) - raft.server.log.statemachine.data.sync.timeout = 10s (default)
2022-05-04 03:17:42,430 [pool-1004-thread-1] INFO  server.RaftServerConfigKeys (ConfUtils.java:logGet(44)) - raft.server.log.statemachine.data.sync.timeout.retry = -1 (default)
2022-05-04 03:17:42,432 [pool-1004-thread-1] INFO  server.RaftServerConfigKeys (ConfUtils.java:logGet(44)) - raft.server.log.write.buffer.size = 1048576 (custom)
2022-05-04 03:17:42,433 [pool-1004-thread-1] INFO  server.RaftServerConfigKeys (ConfUtils.java:logGet(44)) - raft.server.log.statemachine.data.caching.enabled = true (custom)
2022-05-04 03:17:42,433 [pool-1004-thread-1] INFO  segmented.SegmentedRaftLogWorker (SegmentedRaftLogWorker.java:lambda$new$0(133)) - ddb2790c-8d68-49f8-bd13-2d0c1144ba02@group-7E785CA2A080-SegmentedRaftLogWorker: flushIndex: setUnconditionally 0 -> -1
2022-05-04 03:17:42,433 [pool-1004-thread-1] INFO  segmented.SegmentedRaftLogWorker (SegmentedRaftLogWorker.java:lambda$new$0(133)) - ddb2790c-8d68-49f8-bd13-2d0c1144ba02@group-7E785CA2A080-SegmentedRaftLogWorker: safeCacheEvictIndex: setUnconditionally 0 -> -1
2022-05-04 03:17:42,443 [pool-1004-thread-1] INFO  server.RaftServerConfigKeys (ConfUtils.java:logGet(44)) - raft.server.snapshot.auto.trigger.enabled = true (custom)
2022-05-04 03:17:42,443 [pool-1004-thread-1] INFO  server.RaftServerConfigKeys (ConfUtils.java:logGet(44)) - raft.server.snapshot.auto.trigger.threshold = 10000 (custom)
2022-05-04 03:17:42,443 [pool-1004-thread-1] INFO  server.RaftServerConfigKeys (ConfUtils.java:logGet(44)) - raft.server.snapshot.retention.file.num = 5 (custom)
2022-05-04 03:17:42,443 [pool-1004-thread-1] INFO  server.RaftServerConfigKeys (ConfUtils.java:logGet(44)) - raft.server.log.purge.upto.snapshot.index = false (default)
2022-05-04 03:17:42,443 [pool-1004-thread-1] INFO  server.RaftServerConfigKeys (ConfUtils.java:logGet(44)) - raft.server.retrycache.expirytime = 600000ms (custom)
2022-05-04 03:17:42,443 [pool-1004-thread-1] INFO  server.RaftServerConfigKeys (ConfUtils.java:logGet(44)) - raft.server.retrycache.statistics.expirytime = 100μs (default)
2022-05-04 03:17:42,447 [pool-1004-thread-1] INFO  server.RaftServer$Division (RaftServerImpl.java:start(301)) - ddb2790c-8d68-49f8-bd13-2d0c1144ba02@group-7E785CA2A080: start as a follower, conf=-1: [a4d0b5f9-3282-4cc2-85b1-5a1b13720eaf|rpc:10.1.0.22:43989|dataStream:|priority:0, ddb2790c-8d68-49f8-bd13-2d0c1144ba02|rpc:10.1.0.22:35569|dataStream:|priority:0, cd15dffe-0bdf-4ded-a416-2706c1d3a8c9|rpc:10.1.0.22:40121|dataStream:|priority:1], old=null
2022-05-04 03:17:42,448 [pool-1004-thread-1] INFO  server.RaftServer$Division (RaftServerImpl.java:setRole(290)) - ddb2790c-8d68-49f8-bd13-2d0c1144ba02@group-7E785CA2A080: changes role from      null to FOLLOWER at term 0 for startAsFollower
2022-05-04 03:17:42,448 [pool-1004-thread-1] INFO  impl.RoleInfo (RoleInfo.java:updateAndGet(130)) - ddb2790c-8d68-49f8-bd13-2d0c1144ba02: start ddb2790c-8d68-49f8-bd13-2d0c1144ba02@group-7E785CA2A080-FollowerState
2022-05-04 03:17:42,455 [pool-1004-thread-1] INFO  util.JmxRegister (JmxRegister.java:tryRegister(44)) - Successfully registered JMX Bean with object name Ratis:service=RaftServer,group=group-7E785CA2A080,id=ddb2790c-8d68-49f8-bd13-2d0c1144ba02
2022-05-04 03:17:42,471 [Command processor thread] INFO  commandhandler.CreatePipelineCommandHandler (CreatePipelineCommandHandler.java:handle(113)) - Created Pipeline RATIS THREE PipelineID=85edcf45-c963-4745-af73-7e785ca2a080.
2022-05-04 03:17:42,471 [Command processor thread] INFO  server.RaftServer (RaftServerProxy.java:addNew(95)) - a4d0b5f9-3282-4cc2-85b1-5a1b13720eaf: addNew group-9BA82786B54C:[a4d0b5f9-3282-4cc2-85b1-5a1b13720eaf|rpc:10.1.0.22:43989|priority:0, ddb2790c-8d68-49f8-bd13-2d0c1144ba02|rpc:10.1.0.22:35569|priority:1, cd15dffe-0bdf-4ded-a416-2706c1d3a8c9|rpc:10.1.0.22:40121|priority:0] returns group-9BA82786B54C:java.util.concurrent.CompletableFuture@629c5de9[Not completed]
2022-05-04 03:17:42,472 [pool-962-thread-1] INFO  server.RaftServer$Division (RaftServerImpl.java:<init>(184)) - a4d0b5f9-3282-4cc2-85b1-5a1b13720eaf: new RaftServerImpl for group-9BA82786B54C:[a4d0b5f9-3282-4cc2-85b1-5a1b13720eaf|rpc:10.1.0.22:43989|priority:0, ddb2790c-8d68-49f8-bd13-2d0c1144ba02|rpc:10.1.0.22:35569|priority:1, cd15dffe-0bdf-4ded-a416-2706c1d3a8c9|rpc:10.1.0.22:40121|priority:0] with ContainerStateMachine:uninitialized
2022-05-04 03:17:42,472 [pool-962-thread-1] INFO  server.RaftServerConfigKeys (ConfUtils.java:logGet(44)) - raft.server.rpc.timeout.min = 5s (custom)
2022-05-04 03:17:42,472 [pool-962-thread-1] INFO  server.RaftServerConfigKeys (ConfUtils.java:logGet(44)) - raft.server.rpc.timeout.max = 5200ms (custom)
2022-05-04 03:17:42,472 [pool-962-thread-1] INFO  server.RaftServerConfigKeys (ConfUtils.java:logGet(44)) - raft.server.rpc.sleep.time = 25ms (default)
2022-05-04 03:17:42,472 [pool-962-thread-1] INFO  server.RaftServerConfigKeys (ConfUtils.java:logGet(44)) - raft.server.rpc.slowness.timeout = 300s (custom)
2022-05-04 03:17:42,472 [pool-962-thread-1] INFO  server.RaftServerConfigKeys (ConfUtils.java:logGet(44)) - raft.server.leaderelection.leader.step-down.wait-time = 10s (default)
2022-05-04 03:17:42,472 [pool-962-thread-1] INFO  server.RaftServerConfigKeys (ConfUtils.java:logGet(44)) - raft.server.sleep.deviation.threshold = 300ms (default)
2022-05-04 03:17:42,472 [pool-962-thread-1] INFO  server.RaftServerConfigKeys (ConfUtils.java:logGet(44)) - raft.server.log.appender.install.snapshot.enabled = false (custom)
2022-05-04 03:17:42,472 [pool-962-thread-1] INFO  server.RaftServer$Division (ServerState.java:<init>(105)) - a4d0b5f9-3282-4cc2-85b1-5a1b13720eaf@group-9BA82786B54C: ConfigurationManager, init=-1: [a4d0b5f9-3282-4cc2-85b1-5a1b13720eaf|rpc:10.1.0.22:43989|priority:0, ddb2790c-8d68-49f8-bd13-2d0c1144ba02|rpc:10.1.0.22:35569|priority:1, cd15dffe-0bdf-4ded-a416-2706c1d3a8c9|rpc:10.1.0.22:40121|priority:0], old=null, confs=<EMPTY_MAP>
2022-05-04 03:17:42,472 [pool-962-thread-1] INFO  server.RaftServerConfigKeys (ConfUtils.java:logGet(44)) - raft.server.storage.dir = [/home/runner/work/ozone/ozone/hadoop-ozone/integration-test/target/test-dir/MiniOzoneClusterImpl-bb96fbd3-426a-4dd9-9d55-8297dc8cce15/datanode-0/data/ratis] (custom)
2022-05-04 03:17:42,473 [pool-962-thread-1] INFO  server.RaftServerConfigKeys (ConfUtils.java:logGet(44)) - raft.server.log.corruption.policy = EXCEPTION (default)
2022-05-04 03:17:42,473 [pool-962-thread-1] INFO  server.RaftServerConfigKeys (ConfUtils.java:logGet(44)) - raft.server.storage.free-space.min = 0MB (=0) (default)
2022-05-04 03:17:42,473 [pool-962-thread-1] INFO  storage.RaftStorageDirectory (RaftStorageDirectoryImpl.java:analyzeStorage(135)) - The storage directory /home/runner/work/ozone/ozone/hadoop-ozone/integration-test/target/test-dir/MiniOzoneClusterImpl-bb96fbd3-426a-4dd9-9d55-8297dc8cce15/datanode-0/data/ratis/88769725-f3f3-4ab2-a603-9ba82786b54c does not exist. Creating ...
2022-05-04 03:17:42,475 [pool-962-thread-1] INFO  storage.RaftStorageDirectory (RaftStorageDirectoryImpl.java:tryLock(230)) - Lock on /home/runner/work/ozone/ozone/hadoop-ozone/integration-test/target/test-dir/MiniOzoneClusterImpl-bb96fbd3-426a-4dd9-9d55-8297dc8cce15/datanode-0/data/ratis/88769725-f3f3-4ab2-a603-9ba82786b54c/in_use.lock acquired by nodename 29567@fv-az270-73
2022-05-04 03:17:42,483 [pool-962-thread-1] INFO  storage.RaftStorage (RaftStorageImpl.java:format(89)) - Storage directory /home/runner/work/ozone/ozone/hadoop-ozone/integration-test/target/test-dir/MiniOzoneClusterImpl-bb96fbd3-426a-4dd9-9d55-8297dc8cce15/datanode-0/data/ratis/88769725-f3f3-4ab2-a603-9ba82786b54c has been successfully formatted.
2022-05-04 03:17:42,484 [pool-962-thread-1] INFO  ratis.ContainerStateMachine (ContainerStateMachine.java:loadSnapshot(236)) - group-9BA82786B54C: The snapshot info is null. Setting the last applied indexto:(t:0, i:~)
2022-05-04 03:17:42,496 [pool-962-thread-1] INFO  server.RaftServerConfigKeys (ConfUtils.java:logGet(44)) - raft.server.notification.no-leader.timeout = 300s (custom)
2022-05-04 03:17:42,496 [pool-962-thread-1] INFO  server.RaftServerConfigKeys (ConfUtils.java:logGet(44)) - raft.server.log.use.memory = false (default)
2022-05-04 03:17:42,496 [pool-962-thread-1] INFO  server.RaftServerConfigKeys (ConfUtils.java:logGet(44)) - raft.server.log.purge.gap = 1000000 (custom)
2022-05-04 03:17:42,496 [pool-962-thread-1] INFO  server.RaftServerConfigKeys (ConfUtils.java:logGet(44)) - raft.server.log.appender.buffer.byte-limit = 33554432 (custom)
2022-05-04 03:17:42,497 [pool-962-thread-1] INFO  server.RaftServerConfigKeys (ConfUtils.java:logGet(44)) - raft.server.log.segment.size.max = 1048576 (custom)
2022-05-04 03:17:42,497 [pool-962-thread-1] INFO  server.RaftServerConfigKeys (ConfUtils.java:logGet(44)) - raft.server.log.segment.cache.num.max = 2 (custom)
2022-05-04 03:17:42,497 [pool-962-thread-1] INFO  server.RaftServerConfigKeys (ConfUtils.java:logGet(44)) - raft.server.log.segment.cache.size.max = 200MB (=209715200) (default)
2022-05-04 03:17:42,497 [pool-962-thread-1] INFO  segmented.SegmentedRaftLogWorker (SegmentedRaftLogWorker.java:<init>(182)) - new a4d0b5f9-3282-4cc2-85b1-5a1b13720eaf@group-9BA82786B54C-SegmentedRaftLogWorker for RaftStorageImpl:Storage Directory /home/runner/work/ozone/ozone/hadoop-ozone/integration-test/target/test-dir/MiniOzoneClusterImpl-bb96fbd3-426a-4dd9-9d55-8297dc8cce15/datanode-0/data/ratis/88769725-f3f3-4ab2-a603-9ba82786b54c
2022-05-04 03:17:42,497 [pool-962-thread-1] INFO  server.RaftServerConfigKeys (ConfUtils.java:logGet(44)) - raft.server.log.queue.byte-limit = 4294967296 (custom)
2022-05-04 03:17:42,497 [pool-962-thread-1] INFO  server.RaftServerConfigKeys (ConfUtils.java:logGet(44)) - raft.server.log.queue.element-limit = 1024 (custom)
2022-05-04 03:17:42,497 [pool-962-thread-1] INFO  server.RaftServerConfigKeys (ConfUtils.java:logGet(44)) - raft.server.log.segment.size.max = 1048576 (custom)
2022-05-04 03:17:42,497 [pool-962-thread-1] INFO  server.RaftServerConfigKeys (ConfUtils.java:logGet(44)) - raft.server.log.preallocated.size = 16384 (custom)
2022-05-04 03:17:42,498 [pool-962-thread-1] INFO  server.RaftServerConfigKeys (ConfUtils.java:logGet(44)) - raft.server.log.force.sync.num = 128 (default)
2022-05-04 03:17:42,498 [pool-962-thread-1] INFO  server.RaftServerConfigKeys (ConfUtils.java:logGet(44)) - raft.server.log.statemachine.data.sync = true (default)
2022-05-04 03:17:42,498 [pool-962-thread-1] INFO  server.RaftServerConfigKeys (ConfUtils.java:logGet(44)) - raft.server.log.statemachine.data.sync.timeout = 10s (default)
2022-05-04 03:17:42,498 [pool-962-thread-1] INFO  server.RaftServerConfigKeys (ConfUtils.java:logGet(44)) - raft.server.log.statemachine.data.sync.timeout.retry = -1 (default)
2022-05-04 03:17:42,499 [pool-962-thread-1] INFO  server.RaftServerConfigKeys (ConfUtils.java:logGet(44)) - raft.server.log.write.buffer.size = 1048576 (custom)
2022-05-04 03:17:42,499 [pool-962-thread-1] INFO  server.RaftServerConfigKeys (ConfUtils.java:logGet(44)) - raft.server.log.statemachine.data.caching.enabled = true (custom)
2022-05-04 03:17:42,499 [pool-962-thread-1] INFO  segmented.SegmentedRaftLogWorker (SegmentedRaftLogWorker.java:lambda$new$0(133)) - a4d0b5f9-3282-4cc2-85b1-5a1b13720eaf@group-9BA82786B54C-SegmentedRaftLogWorker: flushIndex: setUnconditionally 0 -> -1
2022-05-04 03:17:42,499 [pool-962-thread-1] INFO  segmented.SegmentedRaftLogWorker (SegmentedRaftLogWorker.java:lambda$new$0(133)) - a4d0b5f9-3282-4cc2-85b1-5a1b13720eaf@group-9BA82786B54C-SegmentedRaftLogWorker: safeCacheEvictIndex: setUnconditionally 0 -> -1
2022-05-04 03:17:42,500 [pool-962-thread-1] INFO  server.RaftServerConfigKeys (ConfUtils.java:logGet(44)) - raft.server.snapshot.auto.trigger.enabled = true (custom)
2022-05-04 03:17:42,500 [pool-962-thread-1] INFO  server.RaftServerConfigKeys (ConfUtils.java:logGet(44)) - raft.server.snapshot.auto.trigger.threshold = 10000 (custom)
2022-05-04 03:17:42,500 [pool-962-thread-1] INFO  server.RaftServerConfigKeys (ConfUtils.java:logGet(44)) - raft.server.snapshot.retention.file.num = 5 (custom)
2022-05-04 03:17:42,500 [pool-962-thread-1] INFO  server.RaftServerConfigKeys (ConfUtils.java:logGet(44)) - raft.server.log.purge.upto.snapshot.index = false (default)
2022-05-04 03:17:42,500 [pool-962-thread-1] INFO  server.RaftServerConfigKeys (ConfUtils.java:logGet(44)) - raft.server.retrycache.expirytime = 600000ms (custom)
2022-05-04 03:17:42,500 [pool-962-thread-1] INFO  server.RaftServerConfigKeys (ConfUtils.java:logGet(44)) - raft.server.retrycache.statistics.expirytime = 100μs (default)
2022-05-04 03:17:42,502 [pool-962-thread-1] INFO  server.RaftServer$Division (RaftServerImpl.java:start(301)) - a4d0b5f9-3282-4cc2-85b1-5a1b13720eaf@group-9BA82786B54C: start as a follower, conf=-1: [a4d0b5f9-3282-4cc2-85b1-5a1b13720eaf|rpc:10.1.0.22:43989|priority:0, ddb2790c-8d68-49f8-bd13-2d0c1144ba02|rpc:10.1.0.22:35569|priority:1, cd15dffe-0bdf-4ded-a416-2706c1d3a8c9|rpc:10.1.0.22:40121|priority:0], old=null
2022-05-04 03:17:42,502 [pool-962-thread-1] INFO  server.RaftServer$Division (RaftServerImpl.java:setRole(290)) - a4d0b5f9-3282-4cc2-85b1-5a1b13720eaf@group-9BA82786B54C: changes role from      null to FOLLOWER at term 0 for startAsFollower
2022-05-04 03:17:42,502 [pool-962-thread-1] INFO  impl.RoleInfo (RoleInfo.java:updateAndGet(130)) - a4d0b5f9-3282-4cc2-85b1-5a1b13720eaf: start a4d0b5f9-3282-4cc2-85b1-5a1b13720eaf@group-9BA82786B54C-FollowerState
2022-05-04 03:17:42,506 [pool-962-thread-1] INFO  util.JmxRegister (JmxRegister.java:tryRegister(44)) - Successfully registered JMX Bean with object name Ratis:service=RaftServer,group=group-9BA82786B54C,id=a4d0b5f9-3282-4cc2-85b1-5a1b13720eaf
2022-05-04 03:17:42,507 [Command processor thread] INFO  ratis.XceiverServerRatis (XceiverServerRatis.java:addGroup(765)) - Created group PipelineID=88769725-f3f3-4ab2-a603-9ba82786b54c
2022-05-04 03:17:42,514 [EventQueue-OpenPipelineForHealthyPipelineSafeModeRule] INFO  safemode.SCMSafeModeManager (HealthyPipelineSafeModeRule.java:process(124)) - SCM in safe mode. Healthy pipelines reported count is 0, required healthy pipeline reported count is 1
2022-05-04 03:17:42,553 [grpc-default-executor-0] INFO  server.RaftServer (RaftServerProxy.java:addNew(95)) - cd15dffe-0bdf-4ded-a416-2706c1d3a8c9: addNew group-9BA82786B54C:[a4d0b5f9-3282-4cc2-85b1-5a1b13720eaf|rpc:10.1.0.22:43989|dataStream:|priority:0, ddb2790c-8d68-49f8-bd13-2d0c1144ba02|rpc:10.1.0.22:35569|dataStream:|priority:1, cd15dffe-0bdf-4ded-a416-2706c1d3a8c9|rpc:10.1.0.22:40121|dataStream:|priority:0] returns group-9BA82786B54C:java.util.concurrent.CompletableFuture@260f76f9[Not completed]
2022-05-04 03:17:42,554 [pool-983-thread-1] INFO  server.RaftServer$Division (RaftServerImpl.java:<init>(184)) - cd15dffe-0bdf-4ded-a416-2706c1d3a8c9: new RaftServerImpl for group-9BA82786B54C:[a4d0b5f9-3282-4cc2-85b1-5a1b13720eaf|rpc:10.1.0.22:43989|dataStream:|priority:0, ddb2790c-8d68-49f8-bd13-2d0c1144ba02|rpc:10.1.0.22:35569|dataStream:|priority:1, cd15dffe-0bdf-4ded-a416-2706c1d3a8c9|rpc:10.1.0.22:40121|dataStream:|priority:0] with ContainerStateMachine:uninitialized
2022-05-04 03:17:42,554 [pool-983-thread-1] INFO  server.RaftServerConfigKeys (ConfUtils.java:logGet(44)) - raft.server.rpc.timeout.min = 5s (custom)
2022-05-04 03:17:42,554 [pool-983-thread-1] INFO  server.RaftServerConfigKeys (ConfUtils.java:logGet(44)) - raft.server.rpc.timeout.max = 5200ms (custom)
2022-05-04 03:17:42,554 [pool-983-thread-1] INFO  server.RaftServerConfigKeys (ConfUtils.java:logGet(44)) - raft.server.rpc.sleep.time = 25ms (default)
2022-05-04 03:17:42,554 [pool-983-thread-1] INFO  server.RaftServerConfigKeys (ConfUtils.java:logGet(44)) - raft.server.rpc.slowness.timeout = 300s (custom)
2022-05-04 03:17:42,554 [pool-983-thread-1] INFO  server.RaftServerConfigKeys (ConfUtils.java:logGet(44)) - raft.server.leaderelection.leader.step-down.wait-time = 10s (default)
2022-05-04 03:17:42,554 [pool-983-thread-1] INFO  server.RaftServerConfigKeys (ConfUtils.java:logGet(44)) - raft.server.sleep.deviation.threshold = 300ms (default)
2022-05-04 03:17:42,554 [pool-983-thread-1] INFO  server.RaftServerConfigKeys (ConfUtils.java:logGet(44)) - raft.server.log.appender.install.snapshot.enabled = false (custom)
2022-05-04 03:17:42,554 [pool-983-thread-1] INFO  server.RaftServer$Division (ServerState.java:<init>(105)) - cd15dffe-0bdf-4ded-a416-2706c1d3a8c9@group-9BA82786B54C: ConfigurationManager, init=-1: [a4d0b5f9-3282-4cc2-85b1-5a1b13720eaf|rpc:10.1.0.22:43989|dataStream:|priority:0, ddb2790c-8d68-49f8-bd13-2d0c1144ba02|rpc:10.1.0.22:35569|dataStream:|priority:1, cd15dffe-0bdf-4ded-a416-2706c1d3a8c9|rpc:10.1.0.22:40121|dataStream:|priority:0], old=null, confs=<EMPTY_MAP>
2022-05-04 03:17:42,554 [pool-983-thread-1] INFO  server.RaftServerConfigKeys (ConfUtils.java:logGet(44)) - raft.server.storage.dir = [/home/runner/work/ozone/ozone/hadoop-ozone/integration-test/target/test-dir/MiniOzoneClusterImpl-bb96fbd3-426a-4dd9-9d55-8297dc8cce15/datanode-1/data/ratis] (custom)
2022-05-04 03:17:42,554 [pool-983-thread-1] INFO  server.RaftServerConfigKeys (ConfUtils.java:logGet(44)) - raft.server.log.corruption.policy = EXCEPTION (default)
2022-05-04 03:17:42,555 [pool-983-thread-1] INFO  server.RaftServerConfigKeys (ConfUtils.java:logGet(44)) - raft.server.storage.free-space.min = 0MB (=0) (default)
2022-05-04 03:17:42,555 [pool-983-thread-1] INFO  storage.RaftStorageDirectory (RaftStorageDirectoryImpl.java:analyzeStorage(135)) - The storage directory /home/runner/work/ozone/ozone/hadoop-ozone/integration-test/target/test-dir/MiniOzoneClusterImpl-bb96fbd3-426a-4dd9-9d55-8297dc8cce15/datanode-1/data/ratis/88769725-f3f3-4ab2-a603-9ba82786b54c does not exist. Creating ...
2022-05-04 03:17:42,557 [pool-983-thread-1] INFO  storage.RaftStorageDirectory (RaftStorageDirectoryImpl.java:tryLock(230)) - Lock on /home/runner/work/ozone/ozone/hadoop-ozone/integration-test/target/test-dir/MiniOzoneClusterImpl-bb96fbd3-426a-4dd9-9d55-8297dc8cce15/datanode-1/data/ratis/88769725-f3f3-4ab2-a603-9ba82786b54c/in_use.lock acquired by nodename 29567@fv-az270-73
2022-05-04 03:17:42,563 [pool-983-thread-1] INFO  storage.RaftStorage (RaftStorageImpl.java:format(89)) - Storage directory /home/runner/work/ozone/ozone/hadoop-ozone/integration-test/target/test-dir/MiniOzoneClusterImpl-bb96fbd3-426a-4dd9-9d55-8297dc8cce15/datanode-1/data/ratis/88769725-f3f3-4ab2-a603-9ba82786b54c has been successfully formatted.
2022-05-04 03:17:42,563 [pool-983-thread-1] INFO  ratis.ContainerStateMachine (ContainerStateMachine.java:loadSnapshot(236)) - group-9BA82786B54C: The snapshot info is null. Setting the last applied indexto:(t:0, i:~)
2022-05-04 03:17:42,563 [pool-983-thread-1] INFO  server.RaftServerConfigKeys (ConfUtils.java:logGet(44)) - raft.server.notification.no-leader.timeout = 300s (custom)
2022-05-04 03:17:42,563 [pool-983-thread-1] INFO  server.RaftServerConfigKeys (ConfUtils.java:logGet(44)) - raft.server.log.use.memory = false (default)
2022-05-04 03:17:42,563 [pool-983-thread-1] INFO  server.RaftServerConfigKeys (ConfUtils.java:logGet(44)) - raft.server.log.purge.gap = 1000000 (custom)
2022-05-04 03:17:42,563 [pool-983-thread-1] INFO  server.RaftServerConfigKeys (ConfUtils.java:logGet(44)) - raft.server.log.appender.buffer.byte-limit = 33554432 (custom)
2022-05-04 03:17:42,564 [pool-983-thread-1] INFO  server.RaftServerConfigKeys (ConfUtils.java:logGet(44)) - raft.server.log.segment.size.max = 1048576 (custom)
2022-05-04 03:17:42,565 [pool-983-thread-1] INFO  server.RaftServerConfigKeys (ConfUtils.java:logGet(44)) - raft.server.log.segment.cache.num.max = 2 (custom)
2022-05-04 03:17:42,565 [pool-983-thread-1] INFO  server.RaftServerConfigKeys (ConfUtils.java:logGet(44)) - raft.server.log.segment.cache.size.max = 200MB (=209715200) (default)
2022-05-04 03:17:42,565 [pool-983-thread-1] INFO  segmented.SegmentedRaftLogWorker (SegmentedRaftLogWorker.java:<init>(182)) - new cd15dffe-0bdf-4ded-a416-2706c1d3a8c9@group-9BA82786B54C-SegmentedRaftLogWorker for RaftStorageImpl:Storage Directory /home/runner/work/ozone/ozone/hadoop-ozone/integration-test/target/test-dir/MiniOzoneClusterImpl-bb96fbd3-426a-4dd9-9d55-8297dc8cce15/datanode-1/data/ratis/88769725-f3f3-4ab2-a603-9ba82786b54c
2022-05-04 03:17:42,565 [pool-983-thread-1] INFO  server.RaftServerConfigKeys (ConfUtils.java:logGet(44)) - raft.server.log.queue.byte-limit = 4294967296 (custom)
2022-05-04 03:17:42,565 [pool-983-thread-1] INFO  server.RaftServerConfigKeys (ConfUtils.java:logGet(44)) - raft.server.log.queue.element-limit = 1024 (custom)
2022-05-04 03:17:42,565 [pool-983-thread-1] INFO  server.RaftServerConfigKeys (ConfUtils.java:logGet(44)) - raft.server.log.segment.size.max = 1048576 (custom)
2022-05-04 03:17:42,565 [pool-983-thread-1] INFO  server.RaftServerConfigKeys (ConfUtils.java:logGet(44)) - raft.server.log.preallocated.size = 16384 (custom)
2022-05-04 03:17:42,565 [pool-983-thread-1] INFO  server.RaftServerConfigKeys (ConfUtils.java:logGet(44)) - raft.server.log.force.sync.num = 128 (default)
2022-05-04 03:17:42,565 [pool-983-thread-1] INFO  server.RaftServerConfigKeys (ConfUtils.java:logGet(44)) - raft.server.log.statemachine.data.sync = true (default)
2022-05-04 03:17:42,565 [pool-983-thread-1] INFO  server.RaftServerConfigKeys (ConfUtils.java:logGet(44)) - raft.server.log.statemachine.data.sync.timeout = 10s (default)
2022-05-04 03:17:42,565 [pool-983-thread-1] INFO  server.RaftServerConfigKeys (ConfUtils.java:logGet(44)) - raft.server.log.statemachine.data.sync.timeout.retry = -1 (default)
2022-05-04 03:17:42,581 [pool-983-thread-1] INFO  server.RaftServerConfigKeys (ConfUtils.java:logGet(44)) - raft.server.log.write.buffer.size = 1048576 (custom)
2022-05-04 03:17:42,582 [pool-983-thread-1] INFO  server.RaftServerConfigKeys (ConfUtils.java:logGet(44)) - raft.server.log.statemachine.data.caching.enabled = true (custom)
2022-05-04 03:17:42,582 [pool-983-thread-1] INFO  segmented.SegmentedRaftLogWorker (SegmentedRaftLogWorker.java:lambda$new$0(133)) - cd15dffe-0bdf-4ded-a416-2706c1d3a8c9@group-9BA82786B54C-SegmentedRaftLogWorker: flushIndex: setUnconditionally 0 -> -1
2022-05-04 03:17:42,582 [pool-983-thread-1] INFO  segmented.SegmentedRaftLogWorker (SegmentedRaftLogWorker.java:lambda$new$0(133)) - cd15dffe-0bdf-4ded-a416-2706c1d3a8c9@group-9BA82786B54C-SegmentedRaftLogWorker: safeCacheEvictIndex: setUnconditionally 0 -> -1
2022-05-04 03:17:42,588 [pool-983-thread-1] INFO  server.RaftServerConfigKeys (ConfUtils.java:logGet(44)) - raft.server.snapshot.auto.trigger.enabled = true (custom)
2022-05-04 03:17:42,588 [pool-983-thread-1] INFO  server.RaftServerConfigKeys (ConfUtils.java:logGet(44)) - raft.server.snapshot.auto.trigger.threshold = 10000 (custom)
2022-05-04 03:17:42,589 [pool-983-thread-1] INFO  server.RaftServerConfigKeys (ConfUtils.java:logGet(44)) - raft.server.snapshot.retention.file.num = 5 (custom)
2022-05-04 03:17:42,589 [pool-983-thread-1] INFO  server.RaftServerConfigKeys (ConfUtils.java:logGet(44)) - raft.server.log.purge.upto.snapshot.index = false (default)
2022-05-04 03:17:42,589 [pool-983-thread-1] INFO  server.RaftServerConfigKeys (ConfUtils.java:logGet(44)) - raft.server.retrycache.expirytime = 600000ms (custom)
2022-05-04 03:17:42,589 [pool-983-thread-1] INFO  server.RaftServerConfigKeys (ConfUtils.java:logGet(44)) - raft.server.retrycache.statistics.expirytime = 100μs (default)
2022-05-04 03:17:42,590 [pool-983-thread-1] INFO  server.RaftServer$Division (RaftServerImpl.java:start(301)) - cd15dffe-0bdf-4ded-a416-2706c1d3a8c9@group-9BA82786B54C: start as a follower, conf=-1: [a4d0b5f9-3282-4cc2-85b1-5a1b13720eaf|rpc:10.1.0.22:43989|dataStream:|priority:0, ddb2790c-8d68-49f8-bd13-2d0c1144ba02|rpc:10.1.0.22:35569|dataStream:|priority:1, cd15dffe-0bdf-4ded-a416-2706c1d3a8c9|rpc:10.1.0.22:40121|dataStream:|priority:0], old=null
2022-05-04 03:17:42,590 [pool-983-thread-1] INFO  server.RaftServer$Division (RaftServerImpl.java:setRole(290)) - cd15dffe-0bdf-4ded-a416-2706c1d3a8c9@group-9BA82786B54C: changes role from      null to FOLLOWER at term 0 for startAsFollower
2022-05-04 03:17:42,590 [pool-983-thread-1] INFO  impl.RoleInfo (RoleInfo.java:updateAndGet(130)) - cd15dffe-0bdf-4ded-a416-2706c1d3a8c9: start cd15dffe-0bdf-4ded-a416-2706c1d3a8c9@group-9BA82786B54C-FollowerState
2022-05-04 03:17:42,598 [pool-983-thread-1] INFO  util.JmxRegister (JmxRegister.java:tryRegister(44)) - Successfully registered JMX Bean with object name Ratis:service=RaftServer,group=group-9BA82786B54C,id=cd15dffe-0bdf-4ded-a416-2706c1d3a8c9
2022-05-04 03:17:42,703 [grpc-default-executor-0] INFO  server.RaftServer (RaftServerProxy.java:addNew(95)) - ddb2790c-8d68-49f8-bd13-2d0c1144ba02: addNew group-9BA82786B54C:[a4d0b5f9-3282-4cc2-85b1-5a1b13720eaf|rpc:10.1.0.22:43989|dataStream:|priority:0, ddb2790c-8d68-49f8-bd13-2d0c1144ba02|rpc:10.1.0.22:35569|dataStream:|priority:1, cd15dffe-0bdf-4ded-a416-2706c1d3a8c9|rpc:10.1.0.22:40121|dataStream:|priority:0] returns group-9BA82786B54C:java.util.concurrent.CompletableFuture@24cc84aa[Not completed]
2022-05-04 03:17:42,703 [pool-1004-thread-1] INFO  server.RaftServer$Division (RaftServerImpl.java:<init>(184)) - ddb2790c-8d68-49f8-bd13-2d0c1144ba02: new RaftServerImpl for group-9BA82786B54C:[a4d0b5f9-3282-4cc2-85b1-5a1b13720eaf|rpc:10.1.0.22:43989|dataStream:|priority:0, ddb2790c-8d68-49f8-bd13-2d0c1144ba02|rpc:10.1.0.22:35569|dataStream:|priority:1, cd15dffe-0bdf-4ded-a416-2706c1d3a8c9|rpc:10.1.0.22:40121|dataStream:|priority:0] with ContainerStateMachine:uninitialized
2022-05-04 03:17:42,704 [pool-1004-thread-1] INFO  server.RaftServerConfigKeys (ConfUtils.java:logGet(44)) - raft.server.rpc.timeout.min = 5s (custom)
2022-05-04 03:17:42,704 [pool-1004-thread-1] INFO  server.RaftServerConfigKeys (ConfUtils.java:logGet(44)) - raft.server.rpc.timeout.max = 5200ms (custom)
2022-05-04 03:17:42,704 [pool-1004-thread-1] INFO  server.RaftServerConfigKeys (ConfUtils.java:logGet(44)) - raft.server.rpc.sleep.time = 25ms (default)
2022-05-04 03:17:42,704 [pool-1004-thread-1] INFO  server.RaftServerConfigKeys (ConfUtils.java:logGet(44)) - raft.server.rpc.slowness.timeout = 300s (custom)
2022-05-04 03:17:42,704 [pool-1004-thread-1] INFO  server.RaftServerConfigKeys (ConfUtils.java:logGet(44)) - raft.server.leaderelection.leader.step-down.wait-time = 10s (default)
2022-05-04 03:17:42,704 [pool-1004-thread-1] INFO  server.RaftServerConfigKeys (ConfUtils.java:logGet(44)) - raft.server.sleep.deviation.threshold = 300ms (default)
2022-05-04 03:17:42,704 [pool-1004-thread-1] INFO  server.RaftServerConfigKeys (ConfUtils.java:logGet(44)) - raft.server.log.appender.install.snapshot.enabled = false (custom)
2022-05-04 03:17:42,704 [pool-1004-thread-1] INFO  server.RaftServer$Division (ServerState.java:<init>(105)) - ddb2790c-8d68-49f8-bd13-2d0c1144ba02@group-9BA82786B54C: ConfigurationManager, init=-1: [a4d0b5f9-3282-4cc2-85b1-5a1b13720eaf|rpc:10.1.0.22:43989|dataStream:|priority:0, ddb2790c-8d68-49f8-bd13-2d0c1144ba02|rpc:10.1.0.22:35569|dataStream:|priority:1, cd15dffe-0bdf-4ded-a416-2706c1d3a8c9|rpc:10.1.0.22:40121|dataStream:|priority:0], old=null, confs=<EMPTY_MAP>
2022-05-04 03:17:42,704 [pool-1004-thread-1] INFO  server.RaftServerConfigKeys (ConfUtils.java:logGet(44)) - raft.server.storage.dir = [/home/runner/work/ozone/ozone/hadoop-ozone/integration-test/target/test-dir/MiniOzoneClusterImpl-bb96fbd3-426a-4dd9-9d55-8297dc8cce15/datanode-2/data/ratis] (custom)
2022-05-04 03:17:42,704 [pool-1004-thread-1] INFO  server.RaftServerConfigKeys (ConfUtils.java:logGet(44)) - raft.server.log.corruption.policy = EXCEPTION (default)
2022-05-04 03:17:42,704 [pool-1004-thread-1] INFO  server.RaftServerConfigKeys (ConfUtils.java:logGet(44)) - raft.server.storage.free-space.min = 0MB (=0) (default)
2022-05-04 03:17:42,704 [pool-1004-thread-1] INFO  storage.RaftStorageDirectory (RaftStorageDirectoryImpl.java:analyzeStorage(135)) - The storage directory /home/runner/work/ozone/ozone/hadoop-ozone/integration-test/target/test-dir/MiniOzoneClusterImpl-bb96fbd3-426a-4dd9-9d55-8297dc8cce15/datanode-2/data/ratis/88769725-f3f3-4ab2-a603-9ba82786b54c does not exist. Creating ...
2022-05-04 03:17:42,706 [pool-1004-thread-1] INFO  storage.RaftStorageDirectory (RaftStorageDirectoryImpl.java:tryLock(230)) - Lock on /home/runner/work/ozone/ozone/hadoop-ozone/integration-test/target/test-dir/MiniOzoneClusterImpl-bb96fbd3-426a-4dd9-9d55-8297dc8cce15/datanode-2/data/ratis/88769725-f3f3-4ab2-a603-9ba82786b54c/in_use.lock acquired by nodename 29567@fv-az270-73
2022-05-04 03:17:42,707 [pool-1004-thread-1] INFO  storage.RaftStorage (RaftStorageImpl.java:format(89)) - Storage directory /home/runner/work/ozone/ozone/hadoop-ozone/integration-test/target/test-dir/MiniOzoneClusterImpl-bb96fbd3-426a-4dd9-9d55-8297dc8cce15/datanode-2/data/ratis/88769725-f3f3-4ab2-a603-9ba82786b54c has been successfully formatted.
2022-05-04 03:17:42,708 [pool-1004-thread-1] INFO  ratis.ContainerStateMachine (ContainerStateMachine.java:loadSnapshot(236)) - group-9BA82786B54C: The snapshot info is null. Setting the last applied indexto:(t:0, i:~)
2022-05-04 03:17:42,708 [pool-1004-thread-1] INFO  server.RaftServerConfigKeys (ConfUtils.java:logGet(44)) - raft.server.notification.no-leader.timeout = 300s (custom)
2022-05-04 03:17:42,708 [pool-1004-thread-1] INFO  server.RaftServerConfigKeys (ConfUtils.java:logGet(44)) - raft.server.log.use.memory = false (default)
2022-05-04 03:17:42,708 [pool-1004-thread-1] INFO  server.RaftServerConfigKeys (ConfUtils.java:logGet(44)) - raft.server.log.purge.gap = 1000000 (custom)
2022-05-04 03:17:42,708 [pool-1004-thread-1] INFO  server.RaftServerConfigKeys (ConfUtils.java:logGet(44)) - raft.server.log.appender.buffer.byte-limit = 33554432 (custom)
2022-05-04 03:17:42,709 [pool-1004-thread-1] INFO  server.RaftServerConfigKeys (ConfUtils.java:logGet(44)) - raft.server.log.segment.size.max = 1048576 (custom)
2022-05-04 03:17:42,710 [pool-1004-thread-1] INFO  server.RaftServerConfigKeys (ConfUtils.java:logGet(44)) - raft.server.log.segment.cache.num.max = 2 (custom)
2022-05-04 03:17:42,710 [pool-1004-thread-1] INFO  server.RaftServerConfigKeys (ConfUtils.java:logGet(44)) - raft.server.log.segment.cache.size.max = 200MB (=209715200) (default)
2022-05-04 03:17:42,710 [pool-1004-thread-1] INFO  segmented.SegmentedRaftLogWorker (SegmentedRaftLogWorker.java:<init>(182)) - new ddb2790c-8d68-49f8-bd13-2d0c1144ba02@group-9BA82786B54C-SegmentedRaftLogWorker for RaftStorageImpl:Storage Directory /home/runner/work/ozone/ozone/hadoop-ozone/integration-test/target/test-dir/MiniOzoneClusterImpl-bb96fbd3-426a-4dd9-9d55-8297dc8cce15/datanode-2/data/ratis/88769725-f3f3-4ab2-a603-9ba82786b54c
2022-05-04 03:17:42,711 [pool-1004-thread-1] INFO  server.RaftServerConfigKeys (ConfUtils.java:logGet(44)) - raft.server.log.queue.byte-limit = 4294967296 (custom)
2022-05-04 03:17:42,711 [pool-1004-thread-1] INFO  server.RaftServerConfigKeys (ConfUtils.java:logGet(44)) - raft.server.log.queue.element-limit = 1024 (custom)
2022-05-04 03:17:42,711 [pool-1004-thread-1] INFO  server.RaftServerConfigKeys (ConfUtils.java:logGet(44)) - raft.server.log.segment.size.max = 1048576 (custom)
2022-05-04 03:17:42,712 [pool-1004-thread-1] INFO  server.RaftServerConfigKeys (ConfUtils.java:logGet(44)) - raft.server.log.preallocated.size = 16384 (custom)
2022-05-04 03:17:42,712 [pool-1004-thread-1] INFO  server.RaftServerConfigKeys (ConfUtils.java:logGet(44)) - raft.server.log.force.sync.num = 128 (default)
2022-05-04 03:17:42,712 [pool-1004-thread-1] INFO  server.RaftServerConfigKeys (ConfUtils.java:logGet(44)) - raft.server.log.statemachine.data.sync = true (default)
2022-05-04 03:17:42,712 [pool-1004-thread-1] INFO  server.RaftServerConfigKeys (ConfUtils.java:logGet(44)) - raft.server.log.statemachine.data.sync.timeout = 10s (default)
2022-05-04 03:17:42,712 [pool-1004-thread-1] INFO  server.RaftServerConfigKeys (ConfUtils.java:logGet(44)) - raft.server.log.statemachine.data.sync.timeout.retry = -1 (default)
2022-05-04 03:17:42,713 [pool-1004-thread-1] INFO  server.RaftServerConfigKeys (ConfUtils.java:logGet(44)) - raft.server.log.write.buffer.size = 1048576 (custom)
2022-05-04 03:17:42,714 [pool-1004-thread-1] INFO  server.RaftServerConfigKeys (ConfUtils.java:logGet(44)) - raft.server.log.statemachine.data.caching.enabled = true (custom)
2022-05-04 03:17:42,726 [pool-1004-thread-1] INFO  segmented.SegmentedRaftLogWorker (SegmentedRaftLogWorker.java:lambda$new$0(133)) - ddb2790c-8d68-49f8-bd13-2d0c1144ba02@group-9BA82786B54C-SegmentedRaftLogWorker: flushIndex: setUnconditionally 0 -> -1
2022-05-04 03:17:42,726 [pool-1004-thread-1] INFO  segmented.SegmentedRaftLogWorker (SegmentedRaftLogWorker.java:lambda$new$0(133)) - ddb2790c-8d68-49f8-bd13-2d0c1144ba02@group-9BA82786B54C-SegmentedRaftLogWorker: safeCacheEvictIndex: setUnconditionally 0 -> -1
2022-05-04 03:17:42,734 [pool-1004-thread-1] INFO  server.RaftServerConfigKeys (ConfUtils.java:logGet(44)) - raft.server.snapshot.auto.trigger.enabled = true (custom)
2022-05-04 03:17:42,734 [pool-1004-thread-1] INFO  server.RaftServerConfigKeys (ConfUtils.java:logGet(44)) - raft.server.snapshot.auto.trigger.threshold = 10000 (custom)
2022-05-04 03:17:42,734 [pool-1004-thread-1] INFO  server.RaftServerConfigKeys (ConfUtils.java:logGet(44)) - raft.server.snapshot.retention.file.num = 5 (custom)
2022-05-04 03:17:42,734 [pool-1004-thread-1] INFO  server.RaftServerConfigKeys (ConfUtils.java:logGet(44)) - raft.server.log.purge.upto.snapshot.index = false (default)
2022-05-04 03:17:42,735 [pool-1004-thread-1] INFO  server.RaftServerConfigKeys (ConfUtils.java:logGet(44)) - raft.server.retrycache.expirytime = 600000ms (custom)
2022-05-04 03:17:42,735 [pool-1004-thread-1] INFO  server.RaftServerConfigKeys (ConfUtils.java:logGet(44)) - raft.server.retrycache.statistics.expirytime = 100μs (default)
2022-05-04 03:17:42,736 [pool-1004-thread-1] INFO  server.RaftServer$Division (RaftServerImpl.java:start(301)) - ddb2790c-8d68-49f8-bd13-2d0c1144ba02@group-9BA82786B54C: start as a follower, conf=-1: [a4d0b5f9-3282-4cc2-85b1-5a1b13720eaf|rpc:10.1.0.22:43989|dataStream:|priority:0, ddb2790c-8d68-49f8-bd13-2d0c1144ba02|rpc:10.1.0.22:35569|dataStream:|priority:1, cd15dffe-0bdf-4ded-a416-2706c1d3a8c9|rpc:10.1.0.22:40121|dataStream:|priority:0], old=null
2022-05-04 03:17:42,736 [pool-1004-thread-1] INFO  server.RaftServer$Division (RaftServerImpl.java:setRole(290)) - ddb2790c-8d68-49f8-bd13-2d0c1144ba02@group-9BA82786B54C: changes role from      null to FOLLOWER at term 0 for startAsFollower
2022-05-04 03:17:42,736 [pool-1004-thread-1] INFO  impl.RoleInfo (RoleInfo.java:updateAndGet(130)) - ddb2790c-8d68-49f8-bd13-2d0c1144ba02: start ddb2790c-8d68-49f8-bd13-2d0c1144ba02@group-9BA82786B54C-FollowerState
2022-05-04 03:17:42,737 [pool-1004-thread-1] INFO  util.JmxRegister (JmxRegister.java:tryRegister(44)) - Successfully registered JMX Bean with object name Ratis:service=RaftServer,group=group-9BA82786B54C,id=ddb2790c-8d68-49f8-bd13-2d0c1144ba02
2022-05-04 03:17:42,743 [Command processor thread] INFO  commandhandler.CreatePipelineCommandHandler (CreatePipelineCommandHandler.java:handle(113)) - Created Pipeline RATIS THREE PipelineID=88769725-f3f3-4ab2-a603-9ba82786b54c.
2022-05-04 03:17:42,761 [Command processor thread] INFO  server.RaftServer (RaftServerProxy.java:addNew(95)) - cd15dffe-0bdf-4ded-a416-2706c1d3a8c9: addNew group-C8235A97F910:[cd15dffe-0bdf-4ded-a416-2706c1d3a8c9|rpc:10.1.0.22:40121|priority:1] returns group-C8235A97F910:java.util.concurrent.CompletableFuture@7dda3e3f[Not completed]
2022-05-04 03:17:42,761 [pool-983-thread-1] INFO  server.RaftServer$Division (RaftServerImpl.java:<init>(184)) - cd15dffe-0bdf-4ded-a416-2706c1d3a8c9: new RaftServerImpl for group-C8235A97F910:[cd15dffe-0bdf-4ded-a416-2706c1d3a8c9|rpc:10.1.0.22:40121|priority:1] with ContainerStateMachine:uninitialized
2022-05-04 03:17:42,762 [pool-983-thread-1] INFO  server.RaftServerConfigKeys (ConfUtils.java:logGet(44)) - raft.server.rpc.timeout.min = 5s (custom)
2022-05-04 03:17:42,762 [pool-983-thread-1] INFO  server.RaftServerConfigKeys (ConfUtils.java:logGet(44)) - raft.server.rpc.timeout.max = 5200ms (custom)
2022-05-04 03:17:42,762 [pool-983-thread-1] INFO  server.RaftServerConfigKeys (ConfUtils.java:logGet(44)) - raft.server.rpc.sleep.time = 25ms (default)
2022-05-04 03:17:42,762 [pool-983-thread-1] INFO  server.RaftServerConfigKeys (ConfUtils.java:logGet(44)) - raft.server.rpc.slowness.timeout = 300s (custom)
2022-05-04 03:17:42,762 [pool-983-thread-1] INFO  server.RaftServerConfigKeys (ConfUtils.java:logGet(44)) - raft.server.leaderelection.leader.step-down.wait-time = 10s (default)
2022-05-04 03:17:42,762 [pool-983-thread-1] INFO  server.RaftServerConfigKeys (ConfUtils.java:logGet(44)) - raft.server.sleep.deviation.threshold = 300ms (default)
2022-05-04 03:17:42,762 [pool-983-thread-1] INFO  server.RaftServerConfigKeys (ConfUtils.java:logGet(44)) - raft.server.log.appender.install.snapshot.enabled = false (custom)
2022-05-04 03:17:42,762 [pool-983-thread-1] INFO  server.RaftServer$Division (ServerState.java:<init>(105)) - cd15dffe-0bdf-4ded-a416-2706c1d3a8c9@group-C8235A97F910: ConfigurationManager, init=-1: [cd15dffe-0bdf-4ded-a416-2706c1d3a8c9|rpc:10.1.0.22:40121|priority:1], old=null, confs=<EMPTY_MAP>
2022-05-04 03:17:42,762 [pool-983-thread-1] INFO  server.RaftServerConfigKeys (ConfUtils.java:logGet(44)) - raft.server.storage.dir = [/home/runner/work/ozone/ozone/hadoop-ozone/integration-test/target/test-dir/MiniOzoneClusterImpl-bb96fbd3-426a-4dd9-9d55-8297dc8cce15/datanode-1/data/ratis] (custom)
2022-05-04 03:17:42,762 [pool-983-thread-1] INFO  server.RaftServerConfigKeys (ConfUtils.java:logGet(44)) - raft.server.log.corruption.policy = EXCEPTION (default)
2022-05-04 03:17:42,762 [pool-983-thread-1] INFO  server.RaftServerConfigKeys (ConfUtils.java:logGet(44)) - raft.server.storage.free-space.min = 0MB (=0) (default)
2022-05-04 03:17:42,762 [pool-983-thread-1] INFO  storage.RaftStorageDirectory (RaftStorageDirectoryImpl.java:analyzeStorage(135)) - The storage directory /home/runner/work/ozone/ozone/hadoop-ozone/integration-test/target/test-dir/MiniOzoneClusterImpl-bb96fbd3-426a-4dd9-9d55-8297dc8cce15/datanode-1/data/ratis/f526faad-92c1-4bb5-9fa8-c8235a97f910 does not exist. Creating ...
2022-05-04 03:17:42,764 [pool-983-thread-1] INFO  storage.RaftStorageDirectory (RaftStorageDirectoryImpl.java:tryLock(230)) - Lock on /home/runner/work/ozone/ozone/hadoop-ozone/integration-test/target/test-dir/MiniOzoneClusterImpl-bb96fbd3-426a-4dd9-9d55-8297dc8cce15/datanode-1/data/ratis/f526faad-92c1-4bb5-9fa8-c8235a97f910/in_use.lock acquired by nodename 29567@fv-az270-73
2022-05-04 03:17:42,773 [pool-983-thread-1] INFO  storage.RaftStorage (RaftStorageImpl.java:format(89)) - Storage directory /home/runner/work/ozone/ozone/hadoop-ozone/integration-test/target/test-dir/MiniOzoneClusterImpl-bb96fbd3-426a-4dd9-9d55-8297dc8cce15/datanode-1/data/ratis/f526faad-92c1-4bb5-9fa8-c8235a97f910 has been successfully formatted.
2022-05-04 03:17:42,774 [pool-983-thread-1] INFO  ratis.ContainerStateMachine (ContainerStateMachine.java:loadSnapshot(236)) - group-C8235A97F910: The snapshot info is null. Setting the last applied indexto:(t:0, i:~)
2022-05-04 03:17:42,774 [pool-983-thread-1] INFO  server.RaftServerConfigKeys (ConfUtils.java:logGet(44)) - raft.server.notification.no-leader.timeout = 300s (custom)
2022-05-04 03:17:42,774 [pool-983-thread-1] INFO  server.RaftServerConfigKeys (ConfUtils.java:logGet(44)) - raft.server.log.use.memory = false (default)
2022-05-04 03:17:42,775 [EventQueue-PipelineReportForPipelineReportHandler] INFO  pipeline.PipelineManagerImpl (PipelineManagerImpl.java:openPipeline(328)) - Pipeline Pipeline[ Id: f526faad-92c1-4bb5-9fa8-c8235a97f910, Nodes: cd15dffe-0bdf-4ded-a416-2706c1d3a8c9{ip: 10.1.0.22, host: fv-az270-73.tacnzluakwdehk1hpragurqkma.bx.internal.cloudapp.net, ports: [REPLICATION=36803, RATIS=40121, RATIS_ADMIN=40121, RATIS_SERVER=40121, STANDALONE=36805], networkLocation: /default-rack, certSerialId: null, persistedOpState: IN_SERVICE, persistedOpStateExpiryEpochSec: 0}, ReplicationConfig: RATIS/ONE, State:ALLOCATED, leaderId:cd15dffe-0bdf-4ded-a416-2706c1d3a8c9, CreationTimestamp2022-05-04T03:17:39.768Z[Etc/UTC]] moved to OPEN state
2022-05-04 03:17:42,775 [EventQueue-OpenPipelineForHealthyPipelineSafeModeRule] INFO  safemode.SCMSafeModeManager (HealthyPipelineSafeModeRule.java:process(124)) - SCM in safe mode. Healthy pipelines reported count is 0, required healthy pipeline reported count is 1
2022-05-04 03:17:42,778 [pool-983-thread-1] INFO  server.RaftServerConfigKeys (ConfUtils.java:logGet(44)) - raft.server.log.purge.gap = 1000000 (custom)
2022-05-04 03:17:42,778 [pool-983-thread-1] INFO  server.RaftServerConfigKeys (ConfUtils.java:logGet(44)) - raft.server.log.appender.buffer.byte-limit = 33554432 (custom)
2022-05-04 03:17:42,778 [pool-983-thread-1] INFO  server.RaftServerConfigKeys (ConfUtils.java:logGet(44)) - raft.server.log.segment.size.max = 1048576 (custom)
2022-05-04 03:17:42,779 [pool-983-thread-1] INFO  server.RaftServerConfigKeys (ConfUtils.java:logGet(44)) - raft.server.log.segment.cache.num.max = 2 (custom)
2022-05-04 03:17:42,779 [pool-983-thread-1] INFO  server.RaftServerConfigKeys (ConfUtils.java:logGet(44)) - raft.server.log.segment.cache.size.max = 200MB (=209715200) (default)
2022-05-04 03:17:42,779 [pool-983-thread-1] INFO  segmented.SegmentedRaftLogWorker (SegmentedRaftLogWorker.java:<init>(182)) - new cd15dffe-0bdf-4ded-a416-2706c1d3a8c9@group-C8235A97F910-SegmentedRaftLogWorker for RaftStorageImpl:Storage Directory /home/runner/work/ozone/ozone/hadoop-ozone/integration-test/target/test-dir/MiniOzoneClusterImpl-bb96fbd3-426a-4dd9-9d55-8297dc8cce15/datanode-1/data/ratis/f526faad-92c1-4bb5-9fa8-c8235a97f910
2022-05-04 03:17:42,779 [pool-983-thread-1] INFO  server.RaftServerConfigKeys (ConfUtils.java:logGet(44)) - raft.server.log.queue.byte-limit = 4294967296 (custom)
2022-05-04 03:17:42,779 [pool-983-thread-1] INFO  server.RaftServerConfigKeys (ConfUtils.java:logGet(44)) - raft.server.log.queue.element-limit = 1024 (custom)
2022-05-04 03:17:42,779 [pool-983-thread-1] INFO  server.RaftServerConfigKeys (ConfUtils.java:logGet(44)) - raft.server.log.segment.size.max = 1048576 (custom)
2022-05-04 03:17:42,779 [pool-983-thread-1] INFO  server.RaftServerConfigKeys (ConfUtils.java:logGet(44)) - raft.server.log.preallocated.size = 16384 (custom)
2022-05-04 03:17:42,779 [pool-983-thread-1] INFO  server.RaftServerConfigKeys (ConfUtils.java:logGet(44)) - raft.server.log.force.sync.num = 128 (default)
2022-05-04 03:17:42,779 [pool-983-thread-1] INFO  server.RaftServerConfigKeys (ConfUtils.java:logGet(44)) - raft.server.log.statemachine.data.sync = true (default)
2022-05-04 03:17:42,779 [pool-983-thread-1] INFO  server.RaftServerConfigKeys (ConfUtils.java:logGet(44)) - raft.server.log.statemachine.data.sync.timeout = 10s (default)
2022-05-04 03:17:42,780 [pool-983-thread-1] INFO  server.RaftServerConfigKeys (ConfUtils.java:logGet(44)) - raft.server.log.statemachine.data.sync.timeout.retry = -1 (default)
2022-05-04 03:17:42,781 [pool-983-thread-1] INFO  server.RaftServerConfigKeys (ConfUtils.java:logGet(44)) - raft.server.log.write.buffer.size = 1048576 (custom)
2022-05-04 03:17:42,781 [pool-983-thread-1] INFO  server.RaftServerConfigKeys (ConfUtils.java:logGet(44)) - raft.server.log.statemachine.data.caching.enabled = true (custom)
2022-05-04 03:17:42,782 [pool-983-thread-1] INFO  segmented.SegmentedRaftLogWorker (SegmentedRaftLogWorker.java:lambda$new$0(133)) - cd15dffe-0bdf-4ded-a416-2706c1d3a8c9@group-C8235A97F910-SegmentedRaftLogWorker: flushIndex: setUnconditionally 0 -> -1
2022-05-04 03:17:42,782 [pool-983-thread-1] INFO  segmented.SegmentedRaftLogWorker (SegmentedRaftLogWorker.java:lambda$new$0(133)) - cd15dffe-0bdf-4ded-a416-2706c1d3a8c9@group-C8235A97F910-SegmentedRaftLogWorker: safeCacheEvictIndex: setUnconditionally 0 -> -1
2022-05-04 03:17:42,789 [pool-983-thread-1] INFO  server.RaftServerConfigKeys (ConfUtils.java:logGet(44)) - raft.server.snapshot.auto.trigger.enabled = true (custom)
2022-05-04 03:17:42,789 [pool-983-thread-1] INFO  server.RaftServerConfigKeys (ConfUtils.java:logGet(44)) - raft.server.snapshot.auto.trigger.threshold = 10000 (custom)
2022-05-04 03:17:42,789 [pool-983-thread-1] INFO  server.RaftServerConfigKeys (ConfUtils.java:logGet(44)) - raft.server.snapshot.retention.file.num = 5 (custom)
2022-05-04 03:17:42,789 [pool-983-thread-1] INFO  server.RaftServerConfigKeys (ConfUtils.java:logGet(44)) - raft.server.log.purge.upto.snapshot.index = false (default)
2022-05-04 03:17:42,790 [pool-983-thread-1] INFO  server.RaftServerConfigKeys (ConfUtils.java:logGet(44)) - raft.server.retrycache.expirytime = 600000ms (custom)
2022-05-04 03:17:42,790 [pool-983-thread-1] INFO  server.RaftServerConfigKeys (ConfUtils.java:logGet(44)) - raft.server.retrycache.statistics.expirytime = 100μs (default)
2022-05-04 03:17:42,791 [pool-983-thread-1] INFO  server.RaftServer$Division (RaftServerImpl.java:start(301)) - cd15dffe-0bdf-4ded-a416-2706c1d3a8c9@group-C8235A97F910: start as a follower, conf=-1: [cd15dffe-0bdf-4ded-a416-2706c1d3a8c9|rpc:10.1.0.22:40121|priority:1], old=null
2022-05-04 03:17:42,791 [pool-983-thread-1] INFO  server.RaftServer$Division (RaftServerImpl.java:setRole(290)) - cd15dffe-0bdf-4ded-a416-2706c1d3a8c9@group-C8235A97F910: changes role from      null to FOLLOWER at term 0 for startAsFollower
2022-05-04 03:17:42,792 [pool-983-thread-1] INFO  impl.RoleInfo (RoleInfo.java:updateAndGet(130)) - cd15dffe-0bdf-4ded-a416-2706c1d3a8c9: start cd15dffe-0bdf-4ded-a416-2706c1d3a8c9@group-C8235A97F910-FollowerState
2022-05-04 03:17:42,792 [pool-983-thread-1] INFO  util.JmxRegister (JmxRegister.java:tryRegister(44)) - Successfully registered JMX Bean with object name Ratis:service=RaftServer,group=group-C8235A97F910,id=cd15dffe-0bdf-4ded-a416-2706c1d3a8c9
2022-05-04 03:17:42,793 [Command processor thread] INFO  ratis.XceiverServerRatis (XceiverServerRatis.java:addGroup(765)) - Created group PipelineID=f526faad-92c1-4bb5-9fa8-c8235a97f910
2022-05-04 03:17:42,793 [Command processor thread] INFO  commandhandler.CreatePipelineCommandHandler (CreatePipelineCommandHandler.java:handle(113)) - Created Pipeline RATIS ONE PipelineID=f526faad-92c1-4bb5-9fa8-c8235a97f910.
2022-05-04 03:17:43,184 [Listener at 127.0.0.1/33661] INFO  ozone.MiniOzoneClusterImpl (MiniOzoneClusterImpl.java:lambda$waitForClusterToBeReady$0(221)) - Nodes are ready. Got 5 of 5 DN Heartbeats.
2022-05-04 03:17:43,185 [Listener at 127.0.0.1/33661] INFO  ozone.MiniOzoneClusterImpl (MiniOzoneClusterImpl.java:lambda$waitForClusterToBeReady$0(224)) - Waiting for cluster to exit safe mode
2022-05-04 03:17:43,185 [Listener at 127.0.0.1/33661] INFO  ozone.MiniOzoneClusterImpl (MiniOzoneClusterImpl.java:lambda$waitForClusterToBeReady$0(226)) - SCM became leader
2022-05-04 03:17:43,423 [Command processor thread] INFO  server.RaftServer (RaftServerProxy.java:addNew(95)) - ddb2790c-8d68-49f8-bd13-2d0c1144ba02: addNew group-E8777197FFDB:[ddb2790c-8d68-49f8-bd13-2d0c1144ba02|rpc:10.1.0.22:35569|priority:1] returns group-E8777197FFDB:java.util.concurrent.CompletableFuture@2a7b514b[Not completed]
2022-05-04 03:17:43,424 [pool-1004-thread-1] INFO  server.RaftServer$Division (RaftServerImpl.java:<init>(184)) - ddb2790c-8d68-49f8-bd13-2d0c1144ba02: new RaftServerImpl for group-E8777197FFDB:[ddb2790c-8d68-49f8-bd13-2d0c1144ba02|rpc:10.1.0.22:35569|priority:1] with ContainerStateMachine:uninitialized
2022-05-04 03:17:43,424 [pool-1004-thread-1] INFO  server.RaftServerConfigKeys (ConfUtils.java:logGet(44)) - raft.server.rpc.timeout.min = 5s (custom)
2022-05-04 03:17:43,424 [pool-1004-thread-1] INFO  server.RaftServerConfigKeys (ConfUtils.java:logGet(44)) - raft.server.rpc.timeout.max = 5200ms (custom)
2022-05-04 03:17:43,424 [pool-1004-thread-1] INFO  server.RaftServerConfigKeys (ConfUtils.java:logGet(44)) - raft.server.rpc.sleep.time = 25ms (default)
2022-05-04 03:17:43,424 [pool-1004-thread-1] INFO  server.RaftServerConfigKeys (ConfUtils.java:logGet(44)) - raft.server.rpc.slowness.timeout = 300s (custom)
2022-05-04 03:17:43,424 [pool-1004-thread-1] INFO  server.RaftServerConfigKeys (ConfUtils.java:logGet(44)) - raft.server.leaderelection.leader.step-down.wait-time = 10s (default)
2022-05-04 03:17:43,424 [pool-1004-thread-1] INFO  server.RaftServerConfigKeys (ConfUtils.java:logGet(44)) - raft.server.sleep.deviation.threshold = 300ms (default)
2022-05-04 03:17:43,424 [pool-1004-thread-1] INFO  server.RaftServerConfigKeys (ConfUtils.java:logGet(44)) - raft.server.log.appender.install.snapshot.enabled = false (custom)
2022-05-04 03:17:43,424 [pool-1004-thread-1] INFO  server.RaftServer$Division (ServerState.java:<init>(105)) - ddb2790c-8d68-49f8-bd13-2d0c1144ba02@group-E8777197FFDB: ConfigurationManager, init=-1: [ddb2790c-8d68-49f8-bd13-2d0c1144ba02|rpc:10.1.0.22:35569|priority:1], old=null, confs=<EMPTY_MAP>
2022-05-04 03:17:43,425 [pool-1004-thread-1] INFO  server.RaftServerConfigKeys (ConfUtils.java:logGet(44)) - raft.server.storage.dir = [/home/runner/work/ozone/ozone/hadoop-ozone/integration-test/target/test-dir/MiniOzoneClusterImpl-bb96fbd3-426a-4dd9-9d55-8297dc8cce15/datanode-2/data/ratis] (custom)
2022-05-04 03:17:43,425 [pool-1004-thread-1] INFO  server.RaftServerConfigKeys (ConfUtils.java:logGet(44)) - raft.server.log.corruption.policy = EXCEPTION (default)
2022-05-04 03:17:43,425 [pool-1004-thread-1] INFO  server.RaftServerConfigKeys (ConfUtils.java:logGet(44)) - raft.server.storage.free-space.min = 0MB (=0) (default)
2022-05-04 03:17:43,425 [pool-1004-thread-1] INFO  storage.RaftStorageDirectory (RaftStorageDirectoryImpl.java:analyzeStorage(135)) - The storage directory /home/runner/work/ozone/ozone/hadoop-ozone/integration-test/target/test-dir/MiniOzoneClusterImpl-bb96fbd3-426a-4dd9-9d55-8297dc8cce15/datanode-2/data/ratis/123b9c67-cd0c-4e97-a4d4-e8777197ffdb does not exist. Creating ...
2022-05-04 03:17:43,429 [pool-1004-thread-1] INFO  storage.RaftStorageDirectory (RaftStorageDirectoryImpl.java:tryLock(230)) - Lock on /home/runner/work/ozone/ozone/hadoop-ozone/integration-test/target/test-dir/MiniOzoneClusterImpl-bb96fbd3-426a-4dd9-9d55-8297dc8cce15/datanode-2/data/ratis/123b9c67-cd0c-4e97-a4d4-e8777197ffdb/in_use.lock acquired by nodename 29567@fv-az270-73
2022-05-04 03:17:43,430 [pool-1004-thread-1] INFO  storage.RaftStorage (RaftStorageImpl.java:format(89)) - Storage directory /home/runner/work/ozone/ozone/hadoop-ozone/integration-test/target/test-dir/MiniOzoneClusterImpl-bb96fbd3-426a-4dd9-9d55-8297dc8cce15/datanode-2/data/ratis/123b9c67-cd0c-4e97-a4d4-e8777197ffdb has been successfully formatted.
2022-05-04 03:17:43,431 [pool-1004-thread-1] INFO  ratis.ContainerStateMachine (ContainerStateMachine.java:loadSnapshot(236)) - group-E8777197FFDB: The snapshot info is null. Setting the last applied indexto:(t:0, i:~)
2022-05-04 03:17:43,431 [pool-1004-thread-1] INFO  server.RaftServerConfigKeys (ConfUtils.java:logGet(44)) - raft.server.notification.no-leader.timeout = 300s (custom)
2022-05-04 03:17:43,431 [pool-1004-thread-1] INFO  server.RaftServerConfigKeys (ConfUtils.java:logGet(44)) - raft.server.log.use.memory = false (default)
2022-05-04 03:17:43,432 [pool-1004-thread-1] INFO  server.RaftServerConfigKeys (ConfUtils.java:logGet(44)) - raft.server.log.purge.gap = 1000000 (custom)
2022-05-04 03:17:43,432 [pool-1004-thread-1] INFO  server.RaftServerConfigKeys (ConfUtils.java:logGet(44)) - raft.server.log.appender.buffer.byte-limit = 33554432 (custom)
2022-05-04 03:17:43,432 [pool-1004-thread-1] INFO  server.RaftServerConfigKeys (ConfUtils.java:logGet(44)) - raft.server.log.segment.size.max = 1048576 (custom)
2022-05-04 03:17:43,432 [pool-1004-thread-1] INFO  server.RaftServerConfigKeys (ConfUtils.java:logGet(44)) - raft.server.log.segment.cache.num.max = 2 (custom)
2022-05-04 03:17:43,433 [pool-1004-thread-1] INFO  server.RaftServerConfigKeys (ConfUtils.java:logGet(44)) - raft.server.log.segment.cache.size.max = 200MB (=209715200) (default)
2022-05-04 03:17:43,433 [pool-1004-thread-1] INFO  segmented.SegmentedRaftLogWorker (SegmentedRaftLogWorker.java:<init>(182)) - new ddb2790c-8d68-49f8-bd13-2d0c1144ba02@group-E8777197FFDB-SegmentedRaftLogWorker for RaftStorageImpl:Storage Directory /home/runner/work/ozone/ozone/hadoop-ozone/integration-test/target/test-dir/MiniOzoneClusterImpl-bb96fbd3-426a-4dd9-9d55-8297dc8cce15/datanode-2/data/ratis/123b9c67-cd0c-4e97-a4d4-e8777197ffdb
2022-05-04 03:17:43,433 [pool-1004-thread-1] INFO  server.RaftServerConfigKeys (ConfUtils.java:logGet(44)) - raft.server.log.queue.byte-limit = 4294967296 (custom)
2022-05-04 03:17:43,433 [pool-1004-thread-1] INFO  server.RaftServerConfigKeys (ConfUtils.java:logGet(44)) - raft.server.log.queue.element-limit = 1024 (custom)
2022-05-04 03:17:43,433 [pool-1004-thread-1] INFO  server.RaftServerConfigKeys (ConfUtils.java:logGet(44)) - raft.server.log.segment.size.max = 1048576 (custom)
2022-05-04 03:17:43,433 [pool-1004-thread-1] INFO  server.RaftServerConfigKeys (ConfUtils.java:logGet(44)) - raft.server.log.preallocated.size = 16384 (custom)
2022-05-04 03:17:43,433 [pool-1004-thread-1] INFO  server.RaftServerConfigKeys (ConfUtils.java:logGet(44)) - raft.server.log.force.sync.num = 128 (default)
2022-05-04 03:17:43,433 [pool-1004-thread-1] INFO  server.RaftServerConfigKeys (ConfUtils.java:logGet(44)) - raft.server.log.statemachine.data.sync = true (default)
2022-05-04 03:17:43,433 [pool-1004-thread-1] INFO  server.RaftServerConfigKeys (ConfUtils.java:logGet(44)) - raft.server.log.statemachine.data.sync.timeout = 10s (default)
2022-05-04 03:17:43,433 [pool-1004-thread-1] INFO  server.RaftServerConfigKeys (ConfUtils.java:logGet(44)) - raft.server.log.statemachine.data.sync.timeout.retry = -1 (default)
2022-05-04 03:17:43,434 [pool-1004-thread-1] INFO  server.RaftServerConfigKeys (ConfUtils.java:logGet(44)) - raft.server.log.write.buffer.size = 1048576 (custom)
2022-05-04 03:17:43,435 [EventQueue-PipelineReportForPipelineReportHandler] INFO  pipeline.PipelineManagerImpl (PipelineManagerImpl.java:openPipeline(328)) - Pipeline Pipeline[ Id: 123b9c67-cd0c-4e97-a4d4-e8777197ffdb, Nodes: ddb2790c-8d68-49f8-bd13-2d0c1144ba02{ip: 10.1.0.22, host: fv-az270-73.tacnzluakwdehk1hpragurqkma.bx.internal.cloudapp.net, ports: [REPLICATION=36899, RATIS=35569, RATIS_ADMIN=35569, RATIS_SERVER=35569, STANDALONE=41659], networkLocation: /default-rack, certSerialId: null, persistedOpState: IN_SERVICE, persistedOpStateExpiryEpochSec: 0}, ReplicationConfig: RATIS/ONE, State:ALLOCATED, leaderId:ddb2790c-8d68-49f8-bd13-2d0c1144ba02, CreationTimestamp2022-05-04T03:17:40.425Z[Etc/UTC]] moved to OPEN state
2022-05-04 03:17:43,435 [EventQueue-OpenPipelineForHealthyPipelineSafeModeRule] INFO  safemode.SCMSafeModeManager (HealthyPipelineSafeModeRule.java:process(124)) - SCM in safe mode. Healthy pipelines reported count is 0, required healthy pipeline reported count is 1
2022-05-04 03:17:43,435 [pool-1004-thread-1] INFO  server.RaftServerConfigKeys (ConfUtils.java:logGet(44)) - raft.server.log.statemachine.data.caching.enabled = true (custom)
2022-05-04 03:17:43,435 [pool-1004-thread-1] INFO  segmented.SegmentedRaftLogWorker (SegmentedRaftLogWorker.java:lambda$new$0(133)) - ddb2790c-8d68-49f8-bd13-2d0c1144ba02@group-E8777197FFDB-SegmentedRaftLogWorker: flushIndex: setUnconditionally 0 -> -1
2022-05-04 03:17:43,436 [pool-1004-thread-1] INFO  segmented.SegmentedRaftLogWorker (SegmentedRaftLogWorker.java:lambda$new$0(133)) - ddb2790c-8d68-49f8-bd13-2d0c1144ba02@group-E8777197FFDB-SegmentedRaftLogWorker: safeCacheEvictIndex: setUnconditionally 0 -> -1
2022-05-04 03:17:43,436 [pool-1004-thread-1] INFO  server.RaftServerConfigKeys (ConfUtils.java:logGet(44)) - raft.server.snapshot.auto.trigger.enabled = true (custom)
2022-05-04 03:17:43,436 [pool-1004-thread-1] INFO  server.RaftServerConfigKeys (ConfUtils.java:logGet(44)) - raft.server.snapshot.auto.trigger.threshold = 10000 (custom)
2022-05-04 03:17:43,436 [pool-1004-thread-1] INFO  server.RaftServerConfigKeys (ConfUtils.java:logGet(44)) - raft.server.snapshot.retention.file.num = 5 (custom)
2022-05-04 03:17:43,436 [pool-1004-thread-1] INFO  server.RaftServerConfigKeys (ConfUtils.java:logGet(44)) - raft.server.log.purge.upto.snapshot.index = false (default)
2022-05-04 03:17:43,436 [pool-1004-thread-1] INFO  server.RaftServerConfigKeys (ConfUtils.java:logGet(44)) - raft.server.retrycache.expirytime = 600000ms (custom)
2022-05-04 03:17:43,436 [pool-1004-thread-1] INFO  server.RaftServerConfigKeys (ConfUtils.java:logGet(44)) - raft.server.retrycache.statistics.expirytime = 100μs (default)
2022-05-04 03:17:43,438 [pool-1004-thread-1] INFO  server.RaftServer$Division (RaftServerImpl.java:start(301)) - ddb2790c-8d68-49f8-bd13-2d0c1144ba02@group-E8777197FFDB: start as a follower, conf=-1: [ddb2790c-8d68-49f8-bd13-2d0c1144ba02|rpc:10.1.0.22:35569|priority:1], old=null
2022-05-04 03:17:43,438 [pool-1004-thread-1] INFO  server.RaftServer$Division (RaftServerImpl.java:setRole(290)) - ddb2790c-8d68-49f8-bd13-2d0c1144ba02@group-E8777197FFDB: changes role from      null to FOLLOWER at term 0 for startAsFollower
2022-05-04 03:17:43,438 [pool-1004-thread-1] INFO  impl.RoleInfo (RoleInfo.java:updateAndGet(130)) - ddb2790c-8d68-49f8-bd13-2d0c1144ba02: start ddb2790c-8d68-49f8-bd13-2d0c1144ba02@group-E8777197FFDB-FollowerState
2022-05-04 03:17:43,438 [pool-1004-thread-1] INFO  util.JmxRegister (JmxRegister.java:tryRegister(44)) - Successfully registered JMX Bean with object name Ratis:service=RaftServer,group=group-E8777197FFDB,id=ddb2790c-8d68-49f8-bd13-2d0c1144ba02
2022-05-04 03:17:43,439 [Command processor thread] INFO  ratis.XceiverServerRatis (XceiverServerRatis.java:addGroup(765)) - Created group PipelineID=123b9c67-cd0c-4e97-a4d4-e8777197ffdb
2022-05-04 03:17:43,439 [Command processor thread] INFO  commandhandler.CreatePipelineCommandHandler (CreatePipelineCommandHandler.java:handle(113)) - Created Pipeline RATIS ONE PipelineID=123b9c67-cd0c-4e97-a4d4-e8777197ffdb.
2022-05-04 03:17:44,185 [Listener at 127.0.0.1/33661] INFO  ozone.MiniOzoneClusterImpl (MiniOzoneClusterImpl.java:lambda$waitForClusterToBeReady$0(221)) - Nodes are ready. Got 5 of 5 DN Heartbeats.
2022-05-04 03:17:44,185 [Listener at 127.0.0.1/33661] INFO  ozone.MiniOzoneClusterImpl (MiniOzoneClusterImpl.java:lambda$waitForClusterToBeReady$0(224)) - Waiting for cluster to exit safe mode
2022-05-04 03:17:44,185 [Listener at 127.0.0.1/33661] INFO  ozone.MiniOzoneClusterImpl (MiniOzoneClusterImpl.java:lambda$waitForClusterToBeReady$0(226)) - SCM became leader
2022-05-04 03:17:44,512 [Command processor thread] INFO  server.RaftServer (RaftServerProxy.java:addNew(95)) - f25b635b-b6f8-420f-998e-fbfb8716aa93: addNew group-BB190E38BB15:[f25b635b-b6f8-420f-998e-fbfb8716aa93|rpc:10.1.0.22:43499|priority:1] returns group-BB190E38BB15:java.util.concurrent.CompletableFuture@42daec98[Not completed]
2022-05-04 03:17:44,513 [pool-1025-thread-1] INFO  server.RaftServer$Division (RaftServerImpl.java:<init>(184)) - f25b635b-b6f8-420f-998e-fbfb8716aa93: new RaftServerImpl for group-BB190E38BB15:[f25b635b-b6f8-420f-998e-fbfb8716aa93|rpc:10.1.0.22:43499|priority:1] with ContainerStateMachine:uninitialized
2022-05-04 03:17:44,545 [pool-1025-thread-1] INFO  server.RaftServerConfigKeys (ConfUtils.java:logGet(44)) - raft.server.rpc.timeout.min = 5s (custom)
2022-05-04 03:17:44,545 [pool-1025-thread-1] INFO  server.RaftServerConfigKeys (ConfUtils.java:logGet(44)) - raft.server.rpc.timeout.max = 5200ms (custom)
2022-05-04 03:17:44,545 [pool-1025-thread-1] INFO  server.RaftServerConfigKeys (ConfUtils.java:logGet(44)) - raft.server.rpc.sleep.time = 25ms (default)
2022-05-04 03:17:44,545 [pool-1025-thread-1] INFO  server.RaftServerConfigKeys (ConfUtils.java:logGet(44)) - raft.server.rpc.slowness.timeout = 300s (custom)
2022-05-04 03:17:44,545 [pool-1025-thread-1] INFO  server.RaftServerConfigKeys (ConfUtils.java:logGet(44)) - raft.server.leaderelection.leader.step-down.wait-time = 10s (default)
2022-05-04 03:17:44,545 [pool-1025-thread-1] INFO  server.RaftServerConfigKeys (ConfUtils.java:logGet(44)) - raft.server.sleep.deviation.threshold = 300ms (default)
2022-05-04 03:17:44,545 [pool-1025-thread-1] INFO  server.RaftServerConfigKeys (ConfUtils.java:logGet(44)) - raft.server.log.appender.install.snapshot.enabled = false (custom)
2022-05-04 03:17:44,545 [pool-1025-thread-1] INFO  server.RaftServer$Division (ServerState.java:<init>(105)) - f25b635b-b6f8-420f-998e-fbfb8716aa93@group-BB190E38BB15: ConfigurationManager, init=-1: [f25b635b-b6f8-420f-998e-fbfb8716aa93|rpc:10.1.0.22:43499|priority:1], old=null, confs=<EMPTY_MAP>
2022-05-04 03:17:44,545 [pool-1025-thread-1] INFO  server.RaftServerConfigKeys (ConfUtils.java:logGet(44)) - raft.server.storage.dir = [/home/runner/work/ozone/ozone/hadoop-ozone/integration-test/target/test-dir/MiniOzoneClusterImpl-bb96fbd3-426a-4dd9-9d55-8297dc8cce15/datanode-3/data/ratis] (custom)
2022-05-04 03:17:44,545 [pool-1025-thread-1] INFO  server.RaftServerConfigKeys (ConfUtils.java:logGet(44)) - raft.server.log.corruption.policy = EXCEPTION (default)
2022-05-04 03:17:44,545 [pool-1025-thread-1] INFO  server.RaftServerConfigKeys (ConfUtils.java:logGet(44)) - raft.server.storage.free-space.min = 0MB (=0) (default)
2022-05-04 03:17:44,546 [pool-1025-thread-1] INFO  storage.RaftStorageDirectory (RaftStorageDirectoryImpl.java:analyzeStorage(135)) - The storage directory /home/runner/work/ozone/ozone/hadoop-ozone/integration-test/target/test-dir/MiniOzoneClusterImpl-bb96fbd3-426a-4dd9-9d55-8297dc8cce15/datanode-3/data/ratis/9cf2fe7c-f57e-46b5-8692-bb190e38bb15 does not exist. Creating ...
2022-05-04 03:17:44,547 [pool-1025-thread-1] INFO  storage.RaftStorageDirectory (RaftStorageDirectoryImpl.java:tryLock(230)) - Lock on /home/runner/work/ozone/ozone/hadoop-ozone/integration-test/target/test-dir/MiniOzoneClusterImpl-bb96fbd3-426a-4dd9-9d55-8297dc8cce15/datanode-3/data/ratis/9cf2fe7c-f57e-46b5-8692-bb190e38bb15/in_use.lock acquired by nodename 29567@fv-az270-73
2022-05-04 03:17:44,550 [pool-1025-thread-1] INFO  storage.RaftStorage (RaftStorageImpl.java:format(89)) - Storage directory /home/runner/work/ozone/ozone/hadoop-ozone/integration-test/target/test-dir/MiniOzoneClusterImpl-bb96fbd3-426a-4dd9-9d55-8297dc8cce15/datanode-3/data/ratis/9cf2fe7c-f57e-46b5-8692-bb190e38bb15 has been successfully formatted.
2022-05-04 03:17:44,570 [pool-1025-thread-1] INFO  ratis.ContainerStateMachine (ContainerStateMachine.java:loadSnapshot(236)) - group-BB190E38BB15: The snapshot info is null. Setting the last applied indexto:(t:0, i:~)
2022-05-04 03:17:44,570 [pool-1025-thread-1] INFO  server.RaftServerConfigKeys (ConfUtils.java:logGet(44)) - raft.server.notification.no-leader.timeout = 300s (custom)
2022-05-04 03:17:44,570 [pool-1025-thread-1] INFO  server.RaftServerConfigKeys (ConfUtils.java:logGet(44)) - raft.server.log.use.memory = false (default)
2022-05-04 03:17:44,570 [pool-1025-thread-1] INFO  server.RaftServerConfigKeys (ConfUtils.java:logGet(44)) - raft.server.log.purge.gap = 1000000 (custom)
2022-05-04 03:17:44,570 [pool-1025-thread-1] INFO  server.RaftServerConfigKeys (ConfUtils.java:logGet(44)) - raft.server.log.appender.buffer.byte-limit = 33554432 (custom)
2022-05-04 03:17:44,570 [pool-1025-thread-1] INFO  server.RaftServerConfigKeys (ConfUtils.java:logGet(44)) - raft.server.log.segment.size.max = 1048576 (custom)
2022-05-04 03:17:44,571 [pool-1025-thread-1] INFO  server.RaftServerConfigKeys (ConfUtils.java:logGet(44)) - raft.server.log.segment.cache.num.max = 2 (custom)
2022-05-04 03:17:44,571 [pool-1025-thread-1] INFO  server.RaftServerConfigKeys (ConfUtils.java:logGet(44)) - raft.server.log.segment.cache.size.max = 200MB (=209715200) (default)
2022-05-04 03:17:44,571 [pool-1025-thread-1] INFO  segmented.SegmentedRaftLogWorker (SegmentedRaftLogWorker.java:<init>(182)) - new f25b635b-b6f8-420f-998e-fbfb8716aa93@group-BB190E38BB15-SegmentedRaftLogWorker for RaftStorageImpl:Storage Directory /home/runner/work/ozone/ozone/hadoop-ozone/integration-test/target/test-dir/MiniOzoneClusterImpl-bb96fbd3-426a-4dd9-9d55-8297dc8cce15/datanode-3/data/ratis/9cf2fe7c-f57e-46b5-8692-bb190e38bb15
2022-05-04 03:17:44,571 [pool-1025-thread-1] INFO  server.RaftServerConfigKeys (ConfUtils.java:logGet(44)) - raft.server.log.queue.byte-limit = 4294967296 (custom)
2022-05-04 03:17:44,571 [pool-1025-thread-1] INFO  server.RaftServerConfigKeys (ConfUtils.java:logGet(44)) - raft.server.log.queue.element-limit = 1024 (custom)
2022-05-04 03:17:44,571 [pool-1025-thread-1] INFO  server.RaftServerConfigKeys (ConfUtils.java:logGet(44)) - raft.server.log.segment.size.max = 1048576 (custom)
2022-05-04 03:17:44,571 [pool-1025-thread-1] INFO  server.RaftServerConfigKeys (ConfUtils.java:logGet(44)) - raft.server.log.preallocated.size = 16384 (custom)
2022-05-04 03:17:44,571 [pool-1025-thread-1] INFO  server.RaftServerConfigKeys (ConfUtils.java:logGet(44)) - raft.server.log.force.sync.num = 128 (default)
2022-05-04 03:17:44,571 [pool-1025-thread-1] INFO  server.RaftServerConfigKeys (ConfUtils.java:logGet(44)) - raft.server.log.statemachine.data.sync = true (default)
2022-05-04 03:17:44,571 [pool-1025-thread-1] INFO  server.RaftServerConfigKeys (ConfUtils.java:logGet(44)) - raft.server.log.statemachine.data.sync.timeout = 10s (default)
2022-05-04 03:17:44,571 [pool-1025-thread-1] INFO  server.RaftServerConfigKeys (ConfUtils.java:logGet(44)) - raft.server.log.statemachine.data.sync.timeout.retry = -1 (default)
2022-05-04 03:17:44,573 [pool-1025-thread-1] INFO  server.RaftServerConfigKeys (ConfUtils.java:logGet(44)) - raft.server.log.write.buffer.size = 1048576 (custom)
2022-05-04 03:17:44,573 [pool-1025-thread-1] INFO  server.RaftServerConfigKeys (ConfUtils.java:logGet(44)) - raft.server.log.statemachine.data.caching.enabled = true (custom)
2022-05-04 03:17:44,573 [pool-1025-thread-1] INFO  segmented.SegmentedRaftLogWorker (SegmentedRaftLogWorker.java:lambda$new$0(133)) - f25b635b-b6f8-420f-998e-fbfb8716aa93@group-BB190E38BB15-SegmentedRaftLogWorker: flushIndex: setUnconditionally 0 -> -1
2022-05-04 03:17:44,574 [pool-1025-thread-1] INFO  segmented.SegmentedRaftLogWorker (SegmentedRaftLogWorker.java:lambda$new$0(133)) - f25b635b-b6f8-420f-998e-fbfb8716aa93@group-BB190E38BB15-SegmentedRaftLogWorker: safeCacheEvictIndex: setUnconditionally 0 -> -1
2022-05-04 03:17:44,574 [EventQueue-PipelineReportForPipelineReportHandler] INFO  pipeline.PipelineManagerImpl (PipelineManagerImpl.java:openPipeline(328)) - Pipeline Pipeline[ Id: 9cf2fe7c-f57e-46b5-8692-bb190e38bb15, Nodes: f25b635b-b6f8-420f-998e-fbfb8716aa93{ip: 10.1.0.22, host: fv-az270-73.tacnzluakwdehk1hpragurqkma.bx.internal.cloudapp.net, ports: [REPLICATION=44153, RATIS=43499, RATIS_ADMIN=43499, RATIS_SERVER=43499, STANDALONE=44355], networkLocation: /default-rack, certSerialId: null, persistedOpState: IN_SERVICE, persistedOpStateExpiryEpochSec: 0}, ReplicationConfig: RATIS/ONE, State:ALLOCATED, leaderId:f25b635b-b6f8-420f-998e-fbfb8716aa93, CreationTimestamp2022-05-04T03:17:41.517Z[Etc/UTC]] moved to OPEN state
2022-05-04 03:17:44,575 [EventQueue-OpenPipelineForHealthyPipelineSafeModeRule] INFO  safemode.SCMSafeModeManager (HealthyPipelineSafeModeRule.java:process(124)) - SCM in safe mode. Healthy pipelines reported count is 0, required healthy pipeline reported count is 1
2022-05-04 03:17:44,599 [pool-1025-thread-1] INFO  server.RaftServerConfigKeys (ConfUtils.java:logGet(44)) - raft.server.snapshot.auto.trigger.enabled = true (custom)
2022-05-04 03:17:44,599 [pool-1025-thread-1] INFO  server.RaftServerConfigKeys (ConfUtils.java:logGet(44)) - raft.server.snapshot.auto.trigger.threshold = 10000 (custom)
2022-05-04 03:17:44,599 [pool-1025-thread-1] INFO  server.RaftServerConfigKeys (ConfUtils.java:logGet(44)) - raft.server.snapshot.retention.file.num = 5 (custom)
2022-05-04 03:17:44,599 [pool-1025-thread-1] INFO  server.RaftServerConfigKeys (ConfUtils.java:logGet(44)) - raft.server.log.purge.upto.snapshot.index = false (default)
2022-05-04 03:17:44,599 [pool-1025-thread-1] INFO  server.RaftServerConfigKeys (ConfUtils.java:logGet(44)) - raft.server.retrycache.expirytime = 600000ms (custom)
2022-05-04 03:17:44,599 [pool-1025-thread-1] INFO  server.RaftServerConfigKeys (ConfUtils.java:logGet(44)) - raft.server.retrycache.statistics.expirytime = 100μs (default)
2022-05-04 03:17:44,601 [pool-1025-thread-1] INFO  server.RaftServer$Division (RaftServerImpl.java:start(301)) - f25b635b-b6f8-420f-998e-fbfb8716aa93@group-BB190E38BB15: start as a follower, conf=-1: [f25b635b-b6f8-420f-998e-fbfb8716aa93|rpc:10.1.0.22:43499|priority:1], old=null
2022-05-04 03:17:44,601 [pool-1025-thread-1] INFO  server.RaftServer$Division (RaftServerImpl.java:setRole(290)) - f25b635b-b6f8-420f-998e-fbfb8716aa93@group-BB190E38BB15: changes role from      null to FOLLOWER at term 0 for startAsFollower
2022-05-04 03:17:44,601 [pool-1025-thread-1] INFO  impl.RoleInfo (RoleInfo.java:updateAndGet(130)) - f25b635b-b6f8-420f-998e-fbfb8716aa93: start f25b635b-b6f8-420f-998e-fbfb8716aa93@group-BB190E38BB15-FollowerState
2022-05-04 03:17:44,602 [pool-1025-thread-1] INFO  util.JmxRegister (JmxRegister.java:tryRegister(44)) - Successfully registered JMX Bean with object name Ratis:service=RaftServer,group=group-BB190E38BB15,id=f25b635b-b6f8-420f-998e-fbfb8716aa93
2022-05-04 03:17:44,602 [Command processor thread] INFO  ratis.XceiverServerRatis (XceiverServerRatis.java:addGroup(765)) - Created group PipelineID=9cf2fe7c-f57e-46b5-8692-bb190e38bb15
2022-05-04 03:17:44,602 [Command processor thread] INFO  commandhandler.CreatePipelineCommandHandler (CreatePipelineCommandHandler.java:handle(113)) - Created Pipeline RATIS ONE PipelineID=9cf2fe7c-f57e-46b5-8692-bb190e38bb15.
2022-05-04 03:17:45,186 [Listener at 127.0.0.1/33661] INFO  ozone.MiniOzoneClusterImpl (MiniOzoneClusterImpl.java:lambda$waitForClusterToBeReady$0(221)) - Nodes are ready. Got 5 of 5 DN Heartbeats.
2022-05-04 03:17:45,186 [Listener at 127.0.0.1/33661] INFO  ozone.MiniOzoneClusterImpl (MiniOzoneClusterImpl.java:lambda$waitForClusterToBeReady$0(224)) - Waiting for cluster to exit safe mode
2022-05-04 03:17:45,186 [Listener at 127.0.0.1/33661] INFO  ozone.MiniOzoneClusterImpl (MiniOzoneClusterImpl.java:lambda$waitForClusterToBeReady$0(226)) - SCM became leader
2022-05-04 03:17:45,249 [Command processor thread] INFO  server.RaftServer (RaftServerProxy.java:addNew(95)) - 2019c0d5-291f-4376-b04f-04da087b6ced: addNew group-AED00B837D44:[2019c0d5-291f-4376-b04f-04da087b6ced|rpc:10.1.0.22:39105|priority:1] returns group-AED00B837D44:java.util.concurrent.CompletableFuture@47c3bcef[Not completed]
2022-05-04 03:17:45,255 [pool-1047-thread-1] INFO  server.RaftServer$Division (RaftServerImpl.java:<init>(184)) - 2019c0d5-291f-4376-b04f-04da087b6ced: new RaftServerImpl for group-AED00B837D44:[2019c0d5-291f-4376-b04f-04da087b6ced|rpc:10.1.0.22:39105|priority:1] with ContainerStateMachine:uninitialized
2022-05-04 03:17:45,278 [pool-1047-thread-1] INFO  server.RaftServerConfigKeys (ConfUtils.java:logGet(44)) - raft.server.rpc.timeout.min = 5s (custom)
2022-05-04 03:17:45,278 [pool-1047-thread-1] INFO  server.RaftServerConfigKeys (ConfUtils.java:logGet(44)) - raft.server.rpc.timeout.max = 5200ms (custom)
2022-05-04 03:17:45,278 [pool-1047-thread-1] INFO  server.RaftServerConfigKeys (ConfUtils.java:logGet(44)) - raft.server.rpc.sleep.time = 25ms (default)
2022-05-04 03:17:45,278 [pool-1047-thread-1] INFO  server.RaftServerConfigKeys (ConfUtils.java:logGet(44)) - raft.server.rpc.slowness.timeout = 300s (custom)
2022-05-04 03:17:45,278 [pool-1047-thread-1] INFO  server.RaftServerConfigKeys (ConfUtils.java:logGet(44)) - raft.server.leaderelection.leader.step-down.wait-time = 10s (default)
2022-05-04 03:17:45,278 [pool-1047-thread-1] INFO  server.RaftServerConfigKeys (ConfUtils.java:logGet(44)) - raft.server.sleep.deviation.threshold = 300ms (default)
2022-05-04 03:17:45,278 [pool-1047-thread-1] INFO  server.RaftServerConfigKeys (ConfUtils.java:logGet(44)) - raft.server.log.appender.install.snapshot.enabled = false (custom)
2022-05-04 03:17:45,278 [pool-1047-thread-1] INFO  server.RaftServer$Division (ServerState.java:<init>(105)) - 2019c0d5-291f-4376-b04f-04da087b6ced@group-AED00B837D44: ConfigurationManager, init=-1: [2019c0d5-291f-4376-b04f-04da087b6ced|rpc:10.1.0.22:39105|priority:1], old=null, confs=<EMPTY_MAP>
2022-05-04 03:17:45,278 [pool-1047-thread-1] INFO  server.RaftServerConfigKeys (ConfUtils.java:logGet(44)) - raft.server.storage.dir = [/home/runner/work/ozone/ozone/hadoop-ozone/integration-test/target/test-dir/MiniOzoneClusterImpl-bb96fbd3-426a-4dd9-9d55-8297dc8cce15/datanode-4/data/ratis] (custom)
2022-05-04 03:17:45,279 [pool-1047-thread-1] INFO  server.RaftServerConfigKeys (ConfUtils.java:logGet(44)) - raft.server.log.corruption.policy = EXCEPTION (default)
2022-05-04 03:17:45,279 [pool-1047-thread-1] INFO  server.RaftServerConfigKeys (ConfUtils.java:logGet(44)) - raft.server.storage.free-space.min = 0MB (=0) (default)
2022-05-04 03:17:45,279 [pool-1047-thread-1] INFO  storage.RaftStorageDirectory (RaftStorageDirectoryImpl.java:analyzeStorage(135)) - The storage directory /home/runner/work/ozone/ozone/hadoop-ozone/integration-test/target/test-dir/MiniOzoneClusterImpl-bb96fbd3-426a-4dd9-9d55-8297dc8cce15/datanode-4/data/ratis/fd71fe4a-598f-46fa-bb92-aed00b837d44 does not exist. Creating ...
2022-05-04 03:17:45,287 [pool-1047-thread-1] INFO  storage.RaftStorageDirectory (RaftStorageDirectoryImpl.java:tryLock(230)) - Lock on /home/runner/work/ozone/ozone/hadoop-ozone/integration-test/target/test-dir/MiniOzoneClusterImpl-bb96fbd3-426a-4dd9-9d55-8297dc8cce15/datanode-4/data/ratis/fd71fe4a-598f-46fa-bb92-aed00b837d44/in_use.lock acquired by nodename 29567@fv-az270-73
2022-05-04 03:17:45,302 [pool-1047-thread-1] INFO  storage.RaftStorage (RaftStorageImpl.java:format(89)) - Storage directory /home/runner/work/ozone/ozone/hadoop-ozone/integration-test/target/test-dir/MiniOzoneClusterImpl-bb96fbd3-426a-4dd9-9d55-8297dc8cce15/datanode-4/data/ratis/fd71fe4a-598f-46fa-bb92-aed00b837d44 has been successfully formatted.
2022-05-04 03:17:45,304 [pool-1047-thread-1] INFO  ratis.ContainerStateMachine (ContainerStateMachine.java:loadSnapshot(236)) - group-AED00B837D44: The snapshot info is null. Setting the last applied indexto:(t:0, i:~)
2022-05-04 03:17:45,304 [pool-1047-thread-1] INFO  server.RaftServerConfigKeys (ConfUtils.java:logGet(44)) - raft.server.notification.no-leader.timeout = 300s (custom)
2022-05-04 03:17:45,305 [pool-1047-thread-1] INFO  server.RaftServerConfigKeys (ConfUtils.java:logGet(44)) - raft.server.log.use.memory = false (default)
2022-05-04 03:17:45,305 [pool-1047-thread-1] INFO  server.RaftServerConfigKeys (ConfUtils.java:logGet(44)) - raft.server.log.purge.gap = 1000000 (custom)
2022-05-04 03:17:45,305 [pool-1047-thread-1] INFO  server.RaftServerConfigKeys (ConfUtils.java:logGet(44)) - raft.server.log.appender.buffer.byte-limit = 33554432 (custom)
2022-05-04 03:17:45,305 [pool-1047-thread-1] INFO  server.RaftServerConfigKeys (ConfUtils.java:logGet(44)) - raft.server.log.segment.size.max = 1048576 (custom)
2022-05-04 03:17:45,305 [pool-1047-thread-1] INFO  server.RaftServerConfigKeys (ConfUtils.java:logGet(44)) - raft.server.log.segment.cache.num.max = 2 (custom)
2022-05-04 03:17:45,305 [pool-1047-thread-1] INFO  server.RaftServerConfigKeys (ConfUtils.java:logGet(44)) - raft.server.log.segment.cache.size.max = 200MB (=209715200) (default)
2022-05-04 03:17:45,306 [pool-1047-thread-1] INFO  segmented.SegmentedRaftLogWorker (SegmentedRaftLogWorker.java:<init>(182)) - new 2019c0d5-291f-4376-b04f-04da087b6ced@group-AED00B837D44-SegmentedRaftLogWorker for RaftStorageImpl:Storage Directory /home/runner/work/ozone/ozone/hadoop-ozone/integration-test/target/test-dir/MiniOzoneClusterImpl-bb96fbd3-426a-4dd9-9d55-8297dc8cce15/datanode-4/data/ratis/fd71fe4a-598f-46fa-bb92-aed00b837d44
2022-05-04 03:17:45,306 [pool-1047-thread-1] INFO  server.RaftServerConfigKeys (ConfUtils.java:logGet(44)) - raft.server.log.queue.byte-limit = 4294967296 (custom)
2022-05-04 03:17:45,306 [pool-1047-thread-1] INFO  server.RaftServerConfigKeys (ConfUtils.java:logGet(44)) - raft.server.log.queue.element-limit = 1024 (custom)
2022-05-04 03:17:45,306 [pool-1047-thread-1] INFO  server.RaftServerConfigKeys (ConfUtils.java:logGet(44)) - raft.server.log.segment.size.max = 1048576 (custom)
2022-05-04 03:17:45,306 [pool-1047-thread-1] INFO  server.RaftServerConfigKeys (ConfUtils.java:logGet(44)) - raft.server.log.preallocated.size = 16384 (custom)
2022-05-04 03:17:45,306 [pool-1047-thread-1] INFO  server.RaftServerConfigKeys (ConfUtils.java:logGet(44)) - raft.server.log.force.sync.num = 128 (default)
2022-05-04 03:17:45,306 [pool-1047-thread-1] INFO  server.RaftServerConfigKeys (ConfUtils.java:logGet(44)) - raft.server.log.statemachine.data.sync = true (default)
2022-05-04 03:17:45,306 [pool-1047-thread-1] INFO  server.RaftServerConfigKeys (ConfUtils.java:logGet(44)) - raft.server.log.statemachine.data.sync.timeout = 10s (default)
2022-05-04 03:17:45,306 [pool-1047-thread-1] INFO  server.RaftServerConfigKeys (ConfUtils.java:logGet(44)) - raft.server.log.statemachine.data.sync.timeout.retry = -1 (default)
2022-05-04 03:17:45,309 [EventQueue-PipelineReportForPipelineReportHandler] INFO  pipeline.PipelineManagerImpl (PipelineManagerImpl.java:openPipeline(328)) - Pipeline Pipeline[ Id: fd71fe4a-598f-46fa-bb92-aed00b837d44, Nodes: 2019c0d5-291f-4376-b04f-04da087b6ced{ip: 10.1.0.22, host: fv-az270-73.tacnzluakwdehk1hpragurqkma.bx.internal.cloudapp.net, ports: [REPLICATION=36465, RATIS=39105, RATIS_ADMIN=39105, RATIS_SERVER=39105, STANDALONE=46229], networkLocation: /default-rack, certSerialId: null, persistedOpState: IN_SERVICE, persistedOpStateExpiryEpochSec: 0}, ReplicationConfig: RATIS/ONE, State:ALLOCATED, leaderId:2019c0d5-291f-4376-b04f-04da087b6ced, CreationTimestamp2022-05-04T03:17:42.250Z[Etc/UTC]] moved to OPEN state
2022-05-04 03:17:45,309 [EventQueue-OpenPipelineForHealthyPipelineSafeModeRule] INFO  safemode.SCMSafeModeManager (HealthyPipelineSafeModeRule.java:process(124)) - SCM in safe mode. Healthy pipelines reported count is 0, required healthy pipeline reported count is 1
2022-05-04 03:17:45,311 [pool-1047-thread-1] INFO  server.RaftServerConfigKeys (ConfUtils.java:logGet(44)) - raft.server.log.write.buffer.size = 1048576 (custom)
2022-05-04 03:17:45,312 [pool-1047-thread-1] INFO  server.RaftServerConfigKeys (ConfUtils.java:logGet(44)) - raft.server.log.statemachine.data.caching.enabled = true (custom)
2022-05-04 03:17:45,312 [pool-1047-thread-1] INFO  segmented.SegmentedRaftLogWorker (SegmentedRaftLogWorker.java:lambda$new$0(133)) - 2019c0d5-291f-4376-b04f-04da087b6ced@group-AED00B837D44-SegmentedRaftLogWorker: flushIndex: setUnconditionally 0 -> -1
2022-05-04 03:17:45,312 [pool-1047-thread-1] INFO  segmented.SegmentedRaftLogWorker (SegmentedRaftLogWorker.java:lambda$new$0(133)) - 2019c0d5-291f-4376-b04f-04da087b6ced@group-AED00B837D44-SegmentedRaftLogWorker: safeCacheEvictIndex: setUnconditionally 0 -> -1
2022-05-04 03:17:45,313 [pool-1047-thread-1] INFO  server.RaftServerConfigKeys (ConfUtils.java:logGet(44)) - raft.server.snapshot.auto.trigger.enabled = true (custom)
2022-05-04 03:17:45,313 [pool-1047-thread-1] INFO  server.RaftServerConfigKeys (ConfUtils.java:logGet(44)) - raft.server.snapshot.auto.trigger.threshold = 10000 (custom)
2022-05-04 03:17:45,313 [pool-1047-thread-1] INFO  server.RaftServerConfigKeys (ConfUtils.java:logGet(44)) - raft.server.snapshot.retention.file.num = 5 (custom)
2022-05-04 03:17:45,313 [pool-1047-thread-1] INFO  server.RaftServerConfigKeys (ConfUtils.java:logGet(44)) - raft.server.log.purge.upto.snapshot.index = false (default)
2022-05-04 03:17:45,313 [pool-1047-thread-1] INFO  server.RaftServerConfigKeys (ConfUtils.java:logGet(44)) - raft.server.retrycache.expirytime = 600000ms (custom)
2022-05-04 03:17:45,313 [pool-1047-thread-1] INFO  server.RaftServerConfigKeys (ConfUtils.java:logGet(44)) - raft.server.retrycache.statistics.expirytime = 100μs (default)
2022-05-04 03:17:45,314 [pool-1047-thread-1] INFO  server.RaftServer$Division (RaftServerImpl.java:start(301)) - 2019c0d5-291f-4376-b04f-04da087b6ced@group-AED00B837D44: start as a follower, conf=-1: [2019c0d5-291f-4376-b04f-04da087b6ced|rpc:10.1.0.22:39105|priority:1], old=null
2022-05-04 03:17:45,314 [pool-1047-thread-1] INFO  server.RaftServer$Division (RaftServerImpl.java:setRole(290)) - 2019c0d5-291f-4376-b04f-04da087b6ced@group-AED00B837D44: changes role from      null to FOLLOWER at term 0 for startAsFollower
2022-05-04 03:17:45,314 [pool-1047-thread-1] INFO  impl.RoleInfo (RoleInfo.java:updateAndGet(130)) - 2019c0d5-291f-4376-b04f-04da087b6ced: start 2019c0d5-291f-4376-b04f-04da087b6ced@group-AED00B837D44-FollowerState
2022-05-04 03:17:45,330 [pool-1047-thread-1] INFO  util.JmxRegister (JmxRegister.java:tryRegister(44)) - Successfully registered JMX Bean with object name Ratis:service=RaftServer,group=group-AED00B837D44,id=2019c0d5-291f-4376-b04f-04da087b6ced
2022-05-04 03:17:45,336 [Command processor thread] INFO  ratis.XceiverServerRatis (XceiverServerRatis.java:addGroup(765)) - Created group PipelineID=fd71fe4a-598f-46fa-bb92-aed00b837d44
2022-05-04 03:17:45,336 [Command processor thread] INFO  commandhandler.CreatePipelineCommandHandler (CreatePipelineCommandHandler.java:handle(113)) - Created Pipeline RATIS ONE PipelineID=fd71fe4a-598f-46fa-bb92-aed00b837d44.
2022-05-04 03:17:46,186 [Listener at 127.0.0.1/33661] INFO  ozone.MiniOzoneClusterImpl (MiniOzoneClusterImpl.java:lambda$waitForClusterToBeReady$0(221)) - Nodes are ready. Got 5 of 5 DN Heartbeats.
2022-05-04 03:17:46,187 [Listener at 127.0.0.1/33661] INFO  ozone.MiniOzoneClusterImpl (MiniOzoneClusterImpl.java:lambda$waitForClusterToBeReady$0(224)) - Waiting for cluster to exit safe mode
2022-05-04 03:17:46,187 [Listener at 127.0.0.1/33661] INFO  ozone.MiniOzoneClusterImpl (MiniOzoneClusterImpl.java:lambda$waitForClusterToBeReady$0(226)) - SCM became leader
2022-05-04 03:17:47,074 [a4d0b5f9-3282-4cc2-85b1-5a1b13720eaf@group-1E14C51D1BF1-FollowerState] INFO  impl.FollowerState (FollowerState.java:run(134)) - a4d0b5f9-3282-4cc2-85b1-5a1b13720eaf@group-1E14C51D1BF1-FollowerState: change to CANDIDATE, lastRpcElapsedTime:5029200726ns, electionTimeout:5022ms
2022-05-04 03:17:47,074 [a4d0b5f9-3282-4cc2-85b1-5a1b13720eaf@group-1E14C51D1BF1-FollowerState] INFO  impl.RoleInfo (RoleInfo.java:shutdownFollowerState(108)) - a4d0b5f9-3282-4cc2-85b1-5a1b13720eaf: shutdown a4d0b5f9-3282-4cc2-85b1-5a1b13720eaf@group-1E14C51D1BF1-FollowerState
2022-05-04 03:17:47,074 [a4d0b5f9-3282-4cc2-85b1-5a1b13720eaf@group-1E14C51D1BF1-FollowerState] INFO  server.RaftServer$Division (RaftServerImpl.java:setRole(290)) - a4d0b5f9-3282-4cc2-85b1-5a1b13720eaf@group-1E14C51D1BF1: changes role from  FOLLOWER to CANDIDATE at term 0 for changeToCandidate
2022-05-04 03:17:47,075 [a4d0b5f9-3282-4cc2-85b1-5a1b13720eaf@group-1E14C51D1BF1-FollowerState] INFO  server.RaftServerConfigKeys (ConfUtils.java:logGet(44)) - raft.server.leaderelection.pre-vote = false (custom)
2022-05-04 03:17:47,075 [a4d0b5f9-3282-4cc2-85b1-5a1b13720eaf@group-1E14C51D1BF1-FollowerState] INFO  impl.RoleInfo (RoleInfo.java:updateAndGet(130)) - a4d0b5f9-3282-4cc2-85b1-5a1b13720eaf: start a4d0b5f9-3282-4cc2-85b1-5a1b13720eaf@group-1E14C51D1BF1-LeaderElection63
2022-05-04 03:17:47,088 [a4d0b5f9-3282-4cc2-85b1-5a1b13720eaf@group-1E14C51D1BF1-LeaderElection63] INFO  impl.LeaderElection (LeaderElection.java:askForVotes(306)) - a4d0b5f9-3282-4cc2-85b1-5a1b13720eaf@group-1E14C51D1BF1-LeaderElection63 ELECTION round 0: submit vote requests at term 1 for -1: [a4d0b5f9-3282-4cc2-85b1-5a1b13720eaf|rpc:10.1.0.22:43989|priority:1], old=null
2022-05-04 03:17:47,088 [a4d0b5f9-3282-4cc2-85b1-5a1b13720eaf@group-1E14C51D1BF1-LeaderElection63] INFO  impl.LeaderElection (LeaderElection.java:askForVotes(308)) - a4d0b5f9-3282-4cc2-85b1-5a1b13720eaf@group-1E14C51D1BF1-LeaderElection63 ELECTION round 0: result PASSED (term=1)
2022-05-04 03:17:47,088 [a4d0b5f9-3282-4cc2-85b1-5a1b13720eaf@group-1E14C51D1BF1-LeaderElection63] INFO  impl.RoleInfo (RoleInfo.java:shutdownLeaderElection(121)) - a4d0b5f9-3282-4cc2-85b1-5a1b13720eaf: shutdown a4d0b5f9-3282-4cc2-85b1-5a1b13720eaf@group-1E14C51D1BF1-LeaderElection63
2022-05-04 03:17:47,088 [a4d0b5f9-3282-4cc2-85b1-5a1b13720eaf@group-1E14C51D1BF1-LeaderElection63] INFO  server.RaftServer$Division (RaftServerImpl.java:setRole(290)) - a4d0b5f9-3282-4cc2-85b1-5a1b13720eaf@group-1E14C51D1BF1: changes role from CANDIDATE to LEADER at term 1 for changeToLeader
2022-05-04 03:17:47,088 [a4d0b5f9-3282-4cc2-85b1-5a1b13720eaf@group-1E14C51D1BF1-LeaderElection63] INFO  ratis.XceiverServerRatis (XceiverServerRatis.java:handleLeaderChangedNotification(863)) - Leader change notification received for group: group-1E14C51D1BF1 with new leaderId: a4d0b5f9-3282-4cc2-85b1-5a1b13720eaf
2022-05-04 03:17:47,089 [a4d0b5f9-3282-4cc2-85b1-5a1b13720eaf@group-1E14C51D1BF1-LeaderElection63] INFO  server.RaftServer$Division (ServerState.java:setLeader(285)) - a4d0b5f9-3282-4cc2-85b1-5a1b13720eaf@group-1E14C51D1BF1: change Leader from null to a4d0b5f9-3282-4cc2-85b1-5a1b13720eaf at term 1 for becomeLeader, leader elected after 5084ms
2022-05-04 03:17:47,089 [a4d0b5f9-3282-4cc2-85b1-5a1b13720eaf@group-1E14C51D1BF1-LeaderElection63] INFO  server.RaftServerConfigKeys (ConfUtils.java:logGet(44)) - raft.server.staging.catchup.gap = 1000 (default)
2022-05-04 03:17:47,090 [a4d0b5f9-3282-4cc2-85b1-5a1b13720eaf@group-1E14C51D1BF1-LeaderElection63] INFO  server.RaftServerConfigKeys (ConfUtils.java:logGet(44)) - raft.server.write.element-limit = 1024 (custom)
2022-05-04 03:17:47,090 [a4d0b5f9-3282-4cc2-85b1-5a1b13720eaf@group-1E14C51D1BF1-LeaderElection63] INFO  server.RaftServerConfigKeys (ConfUtils.java:logGet(44)) - raft.server.write.byte-limit = 1024 M (=1073741824) (custom)
2022-05-04 03:17:47,091 [EventQueue-OpenPipelineForHealthyPipelineSafeModeRule] INFO  safemode.SCMSafeModeManager (HealthyPipelineSafeModeRule.java:process(124)) - SCM in safe mode. Healthy pipelines reported count is 0, required healthy pipeline reported count is 1
2022-05-04 03:17:47,092 [a4d0b5f9-3282-4cc2-85b1-5a1b13720eaf@group-1E14C51D1BF1-LeaderElection63] INFO  server.RaftServerConfigKeys (ConfUtils.java:logGet(44)) - raft.server.watch.timeout = 180s (custom)
2022-05-04 03:17:47,092 [a4d0b5f9-3282-4cc2-85b1-5a1b13720eaf@group-1E14C51D1BF1-LeaderElection63] INFO  server.RaftServerConfigKeys (ConfUtils.java:logGet(44)) - raft.server.watch.timeout.denomination = 1s (default)
2022-05-04 03:17:47,092 [a4d0b5f9-3282-4cc2-85b1-5a1b13720eaf@group-1E14C51D1BF1-LeaderElection63] INFO  server.RaftServerConfigKeys (ConfUtils.java:logGet(44)) - raft.server.watch.element-limit = 65536 (default)
2022-05-04 03:17:47,093 [a4d0b5f9-3282-4cc2-85b1-5a1b13720eaf@group-1E14C51D1BF1-LeaderElection63] INFO  server.RaftServerConfigKeys (ConfUtils.java:logGet(44)) - raft.server.write.element-limit = 1024 (custom)
2022-05-04 03:17:47,093 [a4d0b5f9-3282-4cc2-85b1-5a1b13720eaf@group-1E14C51D1BF1-LeaderElection63] INFO  server.RaftServerConfigKeys (ConfUtils.java:logGet(44)) - raft.server.write.follower.gap.ratio.max = -1.0 (default)
2022-05-04 03:17:47,093 [a4d0b5f9-3282-4cc2-85b1-5a1b13720eaf@group-1E14C51D1BF1-LeaderElection63] INFO  impl.RoleInfo (RoleInfo.java:updateAndGet(130)) - a4d0b5f9-3282-4cc2-85b1-5a1b13720eaf: start a4d0b5f9-3282-4cc2-85b1-5a1b13720eaf@group-1E14C51D1BF1-LeaderStateImpl
2022-05-04 03:17:47,093 [a4d0b5f9-3282-4cc2-85b1-5a1b13720eaf@group-1E14C51D1BF1-LeaderElection63] INFO  segmented.SegmentedRaftLogWorker (SegmentedRaftLogWorker.java:startLogSegment(394)) - a4d0b5f9-3282-4cc2-85b1-5a1b13720eaf@group-1E14C51D1BF1-SegmentedRaftLogWorker: Starting segment from index:0
2022-05-04 03:17:47,099 [a4d0b5f9-3282-4cc2-85b1-5a1b13720eaf@group-1E14C51D1BF1-LeaderElection63] INFO  server.RaftServer$Division (ServerState.java:setRaftConf(387)) - a4d0b5f9-3282-4cc2-85b1-5a1b13720eaf@group-1E14C51D1BF1: set configuration 0: [a4d0b5f9-3282-4cc2-85b1-5a1b13720eaf|rpc:10.1.0.22:43989|dataStream:|priority:1], old=null
2022-05-04 03:17:47,115 [a4d0b5f9-3282-4cc2-85b1-5a1b13720eaf@group-1E14C51D1BF1-SegmentedRaftLogWorker] INFO  segmented.SegmentedRaftLogWorker (SegmentedRaftLogWorker.java:execute(601)) - a4d0b5f9-3282-4cc2-85b1-5a1b13720eaf@group-1E14C51D1BF1-SegmentedRaftLogWorker: created new log segment /home/runner/work/ozone/ozone/hadoop-ozone/integration-test/target/test-dir/MiniOzoneClusterImpl-bb96fbd3-426a-4dd9-9d55-8297dc8cce15/datanode-0/data/ratis/52f21aac-eb6a-4ae3-a2de-1e14c51d1bf1/current/log_inprogress_0
2022-05-04 03:17:47,142 [a4d0b5f9-3282-4cc2-85b1-5a1b13720eaf@group-7E785CA2A080-FollowerState] INFO  impl.FollowerState (FollowerState.java:run(134)) - a4d0b5f9-3282-4cc2-85b1-5a1b13720eaf@group-7E785CA2A080-FollowerState: change to CANDIDATE, lastRpcElapsedTime:5036600597ns, electionTimeout:5024ms
2022-05-04 03:17:47,142 [a4d0b5f9-3282-4cc2-85b1-5a1b13720eaf@group-7E785CA2A080-FollowerState] INFO  impl.RoleInfo (RoleInfo.java:shutdownFollowerState(108)) - a4d0b5f9-3282-4cc2-85b1-5a1b13720eaf: shutdown a4d0b5f9-3282-4cc2-85b1-5a1b13720eaf@group-7E785CA2A080-FollowerState
2022-05-04 03:17:47,143 [a4d0b5f9-3282-4cc2-85b1-5a1b13720eaf@group-7E785CA2A080-FollowerState] INFO  server.RaftServer$Division (RaftServerImpl.java:setRole(290)) - a4d0b5f9-3282-4cc2-85b1-5a1b13720eaf@group-7E785CA2A080: changes role from  FOLLOWER to CANDIDATE at term 0 for changeToCandidate
2022-05-04 03:17:47,143 [a4d0b5f9-3282-4cc2-85b1-5a1b13720eaf@group-7E785CA2A080-FollowerState] INFO  server.RaftServerConfigKeys (ConfUtils.java:logGet(44)) - raft.server.leaderelection.pre-vote = false (custom)
2022-05-04 03:17:47,143 [a4d0b5f9-3282-4cc2-85b1-5a1b13720eaf@group-7E785CA2A080-FollowerState] INFO  impl.RoleInfo (RoleInfo.java:updateAndGet(130)) - a4d0b5f9-3282-4cc2-85b1-5a1b13720eaf: start a4d0b5f9-3282-4cc2-85b1-5a1b13720eaf@group-7E785CA2A080-LeaderElection64
2022-05-04 03:17:47,182 [a4d0b5f9-3282-4cc2-85b1-5a1b13720eaf@group-7E785CA2A080-LeaderElection64] INFO  impl.LeaderElection (LeaderElection.java:askForVotes(306)) - a4d0b5f9-3282-4cc2-85b1-5a1b13720eaf@group-7E785CA2A080-LeaderElection64 ELECTION round 0: submit vote requests at term 1 for -1: [a4d0b5f9-3282-4cc2-85b1-5a1b13720eaf|rpc:10.1.0.22:43989|priority:0, ddb2790c-8d68-49f8-bd13-2d0c1144ba02|rpc:10.1.0.22:35569|priority:0, cd15dffe-0bdf-4ded-a416-2706c1d3a8c9|rpc:10.1.0.22:40121|priority:1], old=null
2022-05-04 03:17:47,187 [Listener at 127.0.0.1/33661] INFO  ozone.MiniOzoneClusterImpl (MiniOzoneClusterImpl.java:lambda$waitForClusterToBeReady$0(221)) - Nodes are ready. Got 5 of 5 DN Heartbeats.
2022-05-04 03:17:47,187 [Listener at 127.0.0.1/33661] INFO  ozone.MiniOzoneClusterImpl (MiniOzoneClusterImpl.java:lambda$waitForClusterToBeReady$0(224)) - Waiting for cluster to exit safe mode
2022-05-04 03:17:47,188 [Listener at 127.0.0.1/33661] INFO  ozone.MiniOzoneClusterImpl (MiniOzoneClusterImpl.java:lambda$waitForClusterToBeReady$0(226)) - SCM became leader
2022-05-04 03:17:47,218 [cd15dffe-0bdf-4ded-a416-2706c1d3a8c9@group-7E785CA2A080-FollowerState] INFO  impl.FollowerState (FollowerState.java:run(134)) - cd15dffe-0bdf-4ded-a416-2706c1d3a8c9@group-7E785CA2A080-FollowerState: change to CANDIDATE, lastRpcElapsedTime:5001347459ns, electionTimeout:5000ms
2022-05-04 03:17:47,219 [cd15dffe-0bdf-4ded-a416-2706c1d3a8c9@group-7E785CA2A080-FollowerState] INFO  impl.RoleInfo (RoleInfo.java:shutdownFollowerState(108)) - cd15dffe-0bdf-4ded-a416-2706c1d3a8c9: shutdown cd15dffe-0bdf-4ded-a416-2706c1d3a8c9@group-7E785CA2A080-FollowerState
2022-05-04 03:17:47,219 [cd15dffe-0bdf-4ded-a416-2706c1d3a8c9@group-7E785CA2A080-FollowerState] INFO  server.RaftServer$Division (RaftServerImpl.java:setRole(290)) - cd15dffe-0bdf-4ded-a416-2706c1d3a8c9@group-7E785CA2A080: changes role from  FOLLOWER to CANDIDATE at term 0 for changeToCandidate
2022-05-04 03:17:47,219 [cd15dffe-0bdf-4ded-a416-2706c1d3a8c9@group-7E785CA2A080-FollowerState] INFO  server.RaftServerConfigKeys (ConfUtils.java:logGet(44)) - raft.server.leaderelection.pre-vote = false (custom)
2022-05-04 03:17:47,219 [cd15dffe-0bdf-4ded-a416-2706c1d3a8c9@group-7E785CA2A080-FollowerState] INFO  impl.RoleInfo (RoleInfo.java:updateAndGet(130)) - cd15dffe-0bdf-4ded-a416-2706c1d3a8c9: start cd15dffe-0bdf-4ded-a416-2706c1d3a8c9@group-7E785CA2A080-LeaderElection65
2022-05-04 03:17:47,268 [grpc-default-executor-0] INFO  server.RaftServer$Division (RaftServerImpl.java:requestVote(1046)) - cd15dffe-0bdf-4ded-a416-2706c1d3a8c9@group-7E785CA2A080: receive requestVote(ELECTION, a4d0b5f9-3282-4cc2-85b1-5a1b13720eaf, group-7E785CA2A080, 1, (t:0, i:0))
2022-05-04 03:17:47,272 [grpc-default-executor-0] INFO  impl.VoteContext (VoteContext.java:log(48)) - cd15dffe-0bdf-4ded-a416-2706c1d3a8c9@group-7E785CA2A080-CANDIDATE: reject ELECTION from a4d0b5f9-3282-4cc2-85b1-5a1b13720eaf: already has voted for cd15dffe-0bdf-4ded-a416-2706c1d3a8c9 at current term 1
2022-05-04 03:17:47,272 [grpc-default-executor-0] INFO  server.RaftServer$Division (RaftServerImpl.java:requestVote(1078)) - cd15dffe-0bdf-4ded-a416-2706c1d3a8c9@group-7E785CA2A080 replies to ELECTION vote request: a4d0b5f9-3282-4cc2-85b1-5a1b13720eaf<-cd15dffe-0bdf-4ded-a416-2706c1d3a8c9#0:FAIL-t1. Peer's state: cd15dffe-0bdf-4ded-a416-2706c1d3a8c9@group-7E785CA2A080:t1, leader=null, voted=cd15dffe-0bdf-4ded-a416-2706c1d3a8c9, raftlog=cd15dffe-0bdf-4ded-a416-2706c1d3a8c9@group-7E785CA2A080-SegmentedRaftLog:OPENED:c-1, conf=-1: [a4d0b5f9-3282-4cc2-85b1-5a1b13720eaf|rpc:10.1.0.22:43989|dataStream:|priority:0, ddb2790c-8d68-49f8-bd13-2d0c1144ba02|rpc:10.1.0.22:35569|dataStream:|priority:0, cd15dffe-0bdf-4ded-a416-2706c1d3a8c9|rpc:10.1.0.22:40121|dataStream:|priority:1], old=null
2022-05-04 03:17:47,273 [cd15dffe-0bdf-4ded-a416-2706c1d3a8c9@group-7E785CA2A080-LeaderElection65] INFO  impl.LeaderElection (LeaderElection.java:askForVotes(306)) - cd15dffe-0bdf-4ded-a416-2706c1d3a8c9@group-7E785CA2A080-LeaderElection65 ELECTION round 0: submit vote requests at term 1 for -1: [a4d0b5f9-3282-4cc2-85b1-5a1b13720eaf|rpc:10.1.0.22:43989|dataStream:|priority:0, ddb2790c-8d68-49f8-bd13-2d0c1144ba02|rpc:10.1.0.22:35569|dataStream:|priority:0, cd15dffe-0bdf-4ded-a416-2706c1d3a8c9|rpc:10.1.0.22:40121|dataStream:|priority:1], old=null
2022-05-04 03:17:47,274 [a4d0b5f9-3282-4cc2-85b1-5a1b13720eaf@group-7E785CA2A080-LeaderElection64] INFO  impl.LeaderElection (LeaderElection.java:logAndReturn(89)) - a4d0b5f9-3282-4cc2-85b1-5a1b13720eaf@group-7E785CA2A080-LeaderElection64: ELECTION REJECTED received 1 response(s) and 0 exception(s):
2022-05-04 03:17:47,274 [a4d0b5f9-3282-4cc2-85b1-5a1b13720eaf@group-7E785CA2A080-LeaderElection64] INFO  impl.LeaderElection (LeaderElection.java:logAndReturn(93)) -   Response 0: a4d0b5f9-3282-4cc2-85b1-5a1b13720eaf<-cd15dffe-0bdf-4ded-a416-2706c1d3a8c9#0:FAIL-t1
2022-05-04 03:17:47,304 [a4d0b5f9-3282-4cc2-85b1-5a1b13720eaf@group-7E785CA2A080-LeaderElection64] INFO  impl.LeaderElection (LeaderElection.java:askForVotes(308)) - a4d0b5f9-3282-4cc2-85b1-5a1b13720eaf@group-7E785CA2A080-LeaderElection64 ELECTION round 0: result REJECTED
2022-05-04 03:17:47,304 [a4d0b5f9-3282-4cc2-85b1-5a1b13720eaf@group-7E785CA2A080-LeaderElection64] INFO  server.RaftServer$Division (RaftServerImpl.java:setRole(290)) - a4d0b5f9-3282-4cc2-85b1-5a1b13720eaf@group-7E785CA2A080: changes role from CANDIDATE to FOLLOWER at term 1 for REJECTED
2022-05-04 03:17:47,304 [a4d0b5f9-3282-4cc2-85b1-5a1b13720eaf@group-7E785CA2A080-LeaderElection64] INFO  impl.RoleInfo (RoleInfo.java:shutdownLeaderElection(121)) - a4d0b5f9-3282-4cc2-85b1-5a1b13720eaf: shutdown a4d0b5f9-3282-4cc2-85b1-5a1b13720eaf@group-7E785CA2A080-LeaderElection64
2022-05-04 03:17:47,304 [a4d0b5f9-3282-4cc2-85b1-5a1b13720eaf@group-7E785CA2A080-LeaderElection64] INFO  impl.RoleInfo (RoleInfo.java:updateAndGet(130)) - a4d0b5f9-3282-4cc2-85b1-5a1b13720eaf: start a4d0b5f9-3282-4cc2-85b1-5a1b13720eaf@group-7E785CA2A080-FollowerState
2022-05-04 03:17:47,305 [grpc-default-executor-1] INFO  server.RaftServer$Division (RaftServerImpl.java:requestVote(1046)) - ddb2790c-8d68-49f8-bd13-2d0c1144ba02@group-7E785CA2A080: receive requestVote(ELECTION, a4d0b5f9-3282-4cc2-85b1-5a1b13720eaf, group-7E785CA2A080, 1, (t:0, i:0))
2022-05-04 03:17:47,305 [grpc-default-executor-1] INFO  impl.VoteContext (VoteContext.java:log(48)) - ddb2790c-8d68-49f8-bd13-2d0c1144ba02@group-7E785CA2A080-FOLLOWER: accept ELECTION from a4d0b5f9-3282-4cc2-85b1-5a1b13720eaf: our priority 0 <= candidate's priority 0
2022-05-04 03:17:47,305 [grpc-default-executor-1] INFO  server.RaftServer$Division (RaftServerImpl.java:setRole(290)) - ddb2790c-8d68-49f8-bd13-2d0c1144ba02@group-7E785CA2A080: changes role from  FOLLOWER to FOLLOWER at term 1 for candidate:a4d0b5f9-3282-4cc2-85b1-5a1b13720eaf
2022-05-04 03:17:47,305 [grpc-default-executor-1] INFO  impl.RoleInfo (RoleInfo.java:shutdownFollowerState(108)) - ddb2790c-8d68-49f8-bd13-2d0c1144ba02: shutdown ddb2790c-8d68-49f8-bd13-2d0c1144ba02@group-7E785CA2A080-FollowerState
2022-05-04 03:17:47,325 [grpc-default-executor-1] INFO  impl.RoleInfo (RoleInfo.java:updateAndGet(130)) - ddb2790c-8d68-49f8-bd13-2d0c1144ba02: start ddb2790c-8d68-49f8-bd13-2d0c1144ba02@group-7E785CA2A080-FollowerState
2022-05-04 03:17:47,326 [ddb2790c-8d68-49f8-bd13-2d0c1144ba02@group-7E785CA2A080-FollowerState] INFO  impl.FollowerState (FollowerState.java:run(143)) - ddb2790c-8d68-49f8-bd13-2d0c1144ba02@group-7E785CA2A080-FollowerState was interrupted: {}
java.lang.InterruptedException: sleep interrupted
	at java.lang.Thread.sleep(Native Method)
	at java.lang.Thread.sleep(Thread.java:342)
	at java.util.concurrent.TimeUnit.sleep(TimeUnit.java:386)
	at org.apache.ratis.util.TimeDuration.sleep(TimeDuration.java:324)
	at org.apache.ratis.util.TimeDuration.sleep(TimeDuration.java:309)
	at org.apache.ratis.server.impl.FollowerState.run(FollowerState.java:118)
2022-05-04 03:17:47,355 [grpc-default-executor-0] INFO  server.RaftServer$Division (RaftServerImpl.java:requestVote(1046)) - a4d0b5f9-3282-4cc2-85b1-5a1b13720eaf@group-7E785CA2A080: receive requestVote(ELECTION, cd15dffe-0bdf-4ded-a416-2706c1d3a8c9, group-7E785CA2A080, 1, (t:0, i:0))
2022-05-04 03:17:47,355 [grpc-default-executor-0] INFO  impl.VoteContext (VoteContext.java:log(48)) - a4d0b5f9-3282-4cc2-85b1-5a1b13720eaf@group-7E785CA2A080-FOLLOWER: reject ELECTION from cd15dffe-0bdf-4ded-a416-2706c1d3a8c9: already has voted for a4d0b5f9-3282-4cc2-85b1-5a1b13720eaf at current term 1
2022-05-04 03:17:47,355 [grpc-default-executor-0] INFO  server.RaftServer$Division (RaftServerImpl.java:requestVote(1078)) - a4d0b5f9-3282-4cc2-85b1-5a1b13720eaf@group-7E785CA2A080 replies to ELECTION vote request: cd15dffe-0bdf-4ded-a416-2706c1d3a8c9<-a4d0b5f9-3282-4cc2-85b1-5a1b13720eaf#0:FAIL-t1. Peer's state: a4d0b5f9-3282-4cc2-85b1-5a1b13720eaf@group-7E785CA2A080:t1, leader=null, voted=a4d0b5f9-3282-4cc2-85b1-5a1b13720eaf, raftlog=a4d0b5f9-3282-4cc2-85b1-5a1b13720eaf@group-7E785CA2A080-SegmentedRaftLog:OPENED:c-1, conf=-1: [a4d0b5f9-3282-4cc2-85b1-5a1b13720eaf|rpc:10.1.0.22:43989|priority:0, ddb2790c-8d68-49f8-bd13-2d0c1144ba02|rpc:10.1.0.22:35569|priority:0, cd15dffe-0bdf-4ded-a416-2706c1d3a8c9|rpc:10.1.0.22:40121|priority:1], old=null
2022-05-04 03:17:47,398 [grpc-default-executor-1] INFO  server.RaftServer$Division (RaftServerImpl.java:requestVote(1078)) - ddb2790c-8d68-49f8-bd13-2d0c1144ba02@group-7E785CA2A080 replies to ELECTION vote request: a4d0b5f9-3282-4cc2-85b1-5a1b13720eaf<-ddb2790c-8d68-49f8-bd13-2d0c1144ba02#0:OK-t1. Peer's state: ddb2790c-8d68-49f8-bd13-2d0c1144ba02@group-7E785CA2A080:t1, leader=null, voted=a4d0b5f9-3282-4cc2-85b1-5a1b13720eaf, raftlog=ddb2790c-8d68-49f8-bd13-2d0c1144ba02@group-7E785CA2A080-SegmentedRaftLog:OPENED:c-1, conf=-1: [a4d0b5f9-3282-4cc2-85b1-5a1b13720eaf|rpc:10.1.0.22:43989|dataStream:|priority:0, ddb2790c-8d68-49f8-bd13-2d0c1144ba02|rpc:10.1.0.22:35569|dataStream:|priority:0, cd15dffe-0bdf-4ded-a416-2706c1d3a8c9|rpc:10.1.0.22:40121|dataStream:|priority:1], old=null
2022-05-04 03:17:47,401 [grpc-default-executor-0] INFO  server.RaftServer$Division (RaftServerImpl.java:requestVote(1046)) - ddb2790c-8d68-49f8-bd13-2d0c1144ba02@group-7E785CA2A080: receive requestVote(ELECTION, cd15dffe-0bdf-4ded-a416-2706c1d3a8c9, group-7E785CA2A080, 1, (t:0, i:0))
2022-05-04 03:17:47,403 [grpc-default-executor-0] INFO  impl.VoteContext (VoteContext.java:log(48)) - ddb2790c-8d68-49f8-bd13-2d0c1144ba02@group-7E785CA2A080-FOLLOWER: reject ELECTION from cd15dffe-0bdf-4ded-a416-2706c1d3a8c9: already has voted for a4d0b5f9-3282-4cc2-85b1-5a1b13720eaf at current term 1
2022-05-04 03:17:47,403 [grpc-default-executor-0] INFO  server.RaftServer$Division (RaftServerImpl.java:requestVote(1078)) - ddb2790c-8d68-49f8-bd13-2d0c1144ba02@group-7E785CA2A080 replies to ELECTION vote request: cd15dffe-0bdf-4ded-a416-2706c1d3a8c9<-ddb2790c-8d68-49f8-bd13-2d0c1144ba02#0:FAIL-t1. Peer's state: ddb2790c-8d68-49f8-bd13-2d0c1144ba02@group-7E785CA2A080:t1, leader=null, voted=a4d0b5f9-3282-4cc2-85b1-5a1b13720eaf, raftlog=ddb2790c-8d68-49f8-bd13-2d0c1144ba02@group-7E785CA2A080-SegmentedRaftLog:OPENED:c-1, conf=-1: [a4d0b5f9-3282-4cc2-85b1-5a1b13720eaf|rpc:10.1.0.22:43989|dataStream:|priority:0, ddb2790c-8d68-49f8-bd13-2d0c1144ba02|rpc:10.1.0.22:35569|dataStream:|priority:0, cd15dffe-0bdf-4ded-a416-2706c1d3a8c9|rpc:10.1.0.22:40121|dataStream:|priority:1], old=null
2022-05-04 03:17:47,428 [cd15dffe-0bdf-4ded-a416-2706c1d3a8c9@group-7E785CA2A080-LeaderElection65] INFO  impl.LeaderElection (LeaderElection.java:logAndReturn(89)) - cd15dffe-0bdf-4ded-a416-2706c1d3a8c9@group-7E785CA2A080-LeaderElection65: ELECTION REJECTED received 2 response(s) and 0 exception(s):
2022-05-04 03:17:47,428 [cd15dffe-0bdf-4ded-a416-2706c1d3a8c9@group-7E785CA2A080-LeaderElection65] INFO  impl.LeaderElection (LeaderElection.java:logAndReturn(93)) -   Response 0: cd15dffe-0bdf-4ded-a416-2706c1d3a8c9<-a4d0b5f9-3282-4cc2-85b1-5a1b13720eaf#0:FAIL-t1
2022-05-04 03:17:47,428 [cd15dffe-0bdf-4ded-a416-2706c1d3a8c9@group-7E785CA2A080-LeaderElection65] INFO  impl.LeaderElection (LeaderElection.java:logAndReturn(93)) -   Response 1: cd15dffe-0bdf-4ded-a416-2706c1d3a8c9<-ddb2790c-8d68-49f8-bd13-2d0c1144ba02#0:FAIL-t1
2022-05-04 03:17:47,428 [cd15dffe-0bdf-4ded-a416-2706c1d3a8c9@group-7E785CA2A080-LeaderElection65] INFO  impl.LeaderElection (LeaderElection.java:askForVotes(308)) - cd15dffe-0bdf-4ded-a416-2706c1d3a8c9@group-7E785CA2A080-LeaderElection65 ELECTION round 0: result REJECTED
2022-05-04 03:17:47,428 [cd15dffe-0bdf-4ded-a416-2706c1d3a8c9@group-7E785CA2A080-LeaderElection65] INFO  server.RaftServer$Division (RaftServerImpl.java:setRole(290)) - cd15dffe-0bdf-4ded-a416-2706c1d3a8c9@group-7E785CA2A080: changes role from CANDIDATE to FOLLOWER at term 1 for REJECTED
2022-05-04 03:17:47,428 [cd15dffe-0bdf-4ded-a416-2706c1d3a8c9@group-7E785CA2A080-LeaderElection65] INFO  impl.RoleInfo (RoleInfo.java:shutdownLeaderElection(121)) - cd15dffe-0bdf-4ded-a416-2706c1d3a8c9: shutdown cd15dffe-0bdf-4ded-a416-2706c1d3a8c9@group-7E785CA2A080-LeaderElection65
2022-05-04 03:17:47,428 [cd15dffe-0bdf-4ded-a416-2706c1d3a8c9@group-7E785CA2A080-LeaderElection65] INFO  impl.RoleInfo (RoleInfo.java:updateAndGet(130)) - cd15dffe-0bdf-4ded-a416-2706c1d3a8c9: start cd15dffe-0bdf-4ded-a416-2706c1d3a8c9@group-7E785CA2A080-FollowerState
2022-05-04 03:17:47,536 [a4d0b5f9-3282-4cc2-85b1-5a1b13720eaf@group-9BA82786B54C-FollowerState] INFO  impl.FollowerState (FollowerState.java:run(134)) - a4d0b5f9-3282-4cc2-85b1-5a1b13720eaf@group-9BA82786B54C-FollowerState: change to CANDIDATE, lastRpcElapsedTime:5033826966ns, electionTimeout:5029ms
2022-05-04 03:17:47,536 [a4d0b5f9-3282-4cc2-85b1-5a1b13720eaf@group-9BA82786B54C-FollowerState] INFO  impl.RoleInfo (RoleInfo.java:shutdownFollowerState(108)) - a4d0b5f9-3282-4cc2-85b1-5a1b13720eaf: shutdown a4d0b5f9-3282-4cc2-85b1-5a1b13720eaf@group-9BA82786B54C-FollowerState
2022-05-04 03:17:47,536 [a4d0b5f9-3282-4cc2-85b1-5a1b13720eaf@group-9BA82786B54C-FollowerState] INFO  server.RaftServer$Division (RaftServerImpl.java:setRole(290)) - a4d0b5f9-3282-4cc2-85b1-5a1b13720eaf@group-9BA82786B54C: changes role from  FOLLOWER to CANDIDATE at term 0 for changeToCandidate
2022-05-04 03:17:47,536 [a4d0b5f9-3282-4cc2-85b1-5a1b13720eaf@group-9BA82786B54C-FollowerState] INFO  server.RaftServerConfigKeys (ConfUtils.java:logGet(44)) - raft.server.leaderelection.pre-vote = false (custom)
2022-05-04 03:17:47,536 [a4d0b5f9-3282-4cc2-85b1-5a1b13720eaf@group-9BA82786B54C-FollowerState] INFO  impl.RoleInfo (RoleInfo.java:updateAndGet(130)) - a4d0b5f9-3282-4cc2-85b1-5a1b13720eaf: start a4d0b5f9-3282-4cc2-85b1-5a1b13720eaf@group-9BA82786B54C-LeaderElection66
2022-05-04 03:17:47,556 [a4d0b5f9-3282-4cc2-85b1-5a1b13720eaf@group-9BA82786B54C-LeaderElection66] INFO  impl.LeaderElection (LeaderElection.java:askForVotes(306)) - a4d0b5f9-3282-4cc2-85b1-5a1b13720eaf@group-9BA82786B54C-LeaderElection66 ELECTION round 0: submit vote requests at term 1 for -1: [a4d0b5f9-3282-4cc2-85b1-5a1b13720eaf|rpc:10.1.0.22:43989|priority:0, ddb2790c-8d68-49f8-bd13-2d0c1144ba02|rpc:10.1.0.22:35569|priority:1, cd15dffe-0bdf-4ded-a416-2706c1d3a8c9|rpc:10.1.0.22:40121|priority:0], old=null
2022-05-04 03:17:47,577 [grpc-default-executor-0] INFO  server.RaftServer$Division (RaftServerImpl.java:requestVote(1046)) - ddb2790c-8d68-49f8-bd13-2d0c1144ba02@group-9BA82786B54C: receive requestVote(ELECTION, a4d0b5f9-3282-4cc2-85b1-5a1b13720eaf, group-9BA82786B54C, 1, (t:0, i:0))
2022-05-04 03:17:47,577 [grpc-default-executor-0] INFO  impl.VoteContext (VoteContext.java:log(48)) - ddb2790c-8d68-49f8-bd13-2d0c1144ba02@group-9BA82786B54C-FOLLOWER: reject ELECTION from a4d0b5f9-3282-4cc2-85b1-5a1b13720eaf: our priority 1 > candidate's priority 0
2022-05-04 03:17:47,577 [grpc-default-executor-0] INFO  server.RaftServer$Division (RaftServerImpl.java:setRole(290)) - ddb2790c-8d68-49f8-bd13-2d0c1144ba02@group-9BA82786B54C: changes role from  FOLLOWER to FOLLOWER at term 1 for candidate:a4d0b5f9-3282-4cc2-85b1-5a1b13720eaf
2022-05-04 03:17:47,577 [grpc-default-executor-0] INFO  impl.RoleInfo (RoleInfo.java:shutdownFollowerState(108)) - ddb2790c-8d68-49f8-bd13-2d0c1144ba02: shutdown ddb2790c-8d68-49f8-bd13-2d0c1144ba02@group-9BA82786B54C-FollowerState
2022-05-04 03:17:47,577 [grpc-default-executor-0] INFO  impl.RoleInfo (RoleInfo.java:updateAndGet(130)) - ddb2790c-8d68-49f8-bd13-2d0c1144ba02: start ddb2790c-8d68-49f8-bd13-2d0c1144ba02@group-9BA82786B54C-FollowerState
2022-05-04 03:17:47,578 [ddb2790c-8d68-49f8-bd13-2d0c1144ba02@group-9BA82786B54C-FollowerState] INFO  impl.FollowerState (FollowerState.java:run(143)) - ddb2790c-8d68-49f8-bd13-2d0c1144ba02@group-9BA82786B54C-FollowerState was interrupted: {}
java.lang.InterruptedException: sleep interrupted
	at java.lang.Thread.sleep(Native Method)
	at java.lang.Thread.sleep(Thread.java:342)
	at java.util.concurrent.TimeUnit.sleep(TimeUnit.java:386)
	at org.apache.ratis.util.TimeDuration.sleep(TimeDuration.java:324)
	at org.apache.ratis.util.TimeDuration.sleep(TimeDuration.java:309)
	at org.apache.ratis.server.impl.FollowerState.run(FollowerState.java:118)
2022-05-04 03:17:47,579 [grpc-default-executor-0] INFO  server.RaftServer$Division (RaftServerImpl.java:requestVote(1078)) - ddb2790c-8d68-49f8-bd13-2d0c1144ba02@group-9BA82786B54C replies to ELECTION vote request: a4d0b5f9-3282-4cc2-85b1-5a1b13720eaf<-ddb2790c-8d68-49f8-bd13-2d0c1144ba02#0:FAIL-t1. Peer's state: ddb2790c-8d68-49f8-bd13-2d0c1144ba02@group-9BA82786B54C:t1, leader=null, voted=null, raftlog=ddb2790c-8d68-49f8-bd13-2d0c1144ba02@group-9BA82786B54C-SegmentedRaftLog:OPENED:c-1, conf=-1: [a4d0b5f9-3282-4cc2-85b1-5a1b13720eaf|rpc:10.1.0.22:43989|dataStream:|priority:0, ddb2790c-8d68-49f8-bd13-2d0c1144ba02|rpc:10.1.0.22:35569|dataStream:|priority:1, cd15dffe-0bdf-4ded-a416-2706c1d3a8c9|rpc:10.1.0.22:40121|dataStream:|priority:0], old=null
2022-05-04 03:17:47,580 [a4d0b5f9-3282-4cc2-85b1-5a1b13720eaf@group-9BA82786B54C-LeaderElection66] INFO  impl.LeaderElection (LeaderElection.java:logAndReturn(89)) - a4d0b5f9-3282-4cc2-85b1-5a1b13720eaf@group-9BA82786B54C-LeaderElection66: ELECTION REJECTED received 1 response(s) and 0 exception(s):
2022-05-04 03:17:47,580 [a4d0b5f9-3282-4cc2-85b1-5a1b13720eaf@group-9BA82786B54C-LeaderElection66] INFO  impl.LeaderElection (LeaderElection.java:logAndReturn(93)) -   Response 0: a4d0b5f9-3282-4cc2-85b1-5a1b13720eaf<-ddb2790c-8d68-49f8-bd13-2d0c1144ba02#0:FAIL-t1
2022-05-04 03:17:47,581 [a4d0b5f9-3282-4cc2-85b1-5a1b13720eaf@group-9BA82786B54C-LeaderElection66] INFO  impl.LeaderElection (LeaderElection.java:askForVotes(308)) - a4d0b5f9-3282-4cc2-85b1-5a1b13720eaf@group-9BA82786B54C-LeaderElection66 ELECTION round 0: result REJECTED
2022-05-04 03:17:47,581 [a4d0b5f9-3282-4cc2-85b1-5a1b13720eaf@group-9BA82786B54C-LeaderElection66] INFO  server.RaftServer$Division (RaftServerImpl.java:setRole(290)) - a4d0b5f9-3282-4cc2-85b1-5a1b13720eaf@group-9BA82786B54C: changes role from CANDIDATE to FOLLOWER at term 1 for REJECTED
2022-05-04 03:17:47,581 [a4d0b5f9-3282-4cc2-85b1-5a1b13720eaf@group-9BA82786B54C-LeaderElection66] INFO  impl.RoleInfo (RoleInfo.java:shutdownLeaderElection(121)) - a4d0b5f9-3282-4cc2-85b1-5a1b13720eaf: shutdown a4d0b5f9-3282-4cc2-85b1-5a1b13720eaf@group-9BA82786B54C-LeaderElection66
2022-05-04 03:17:47,581 [a4d0b5f9-3282-4cc2-85b1-5a1b13720eaf@group-9BA82786B54C-LeaderElection66] INFO  impl.RoleInfo (RoleInfo.java:updateAndGet(130)) - a4d0b5f9-3282-4cc2-85b1-5a1b13720eaf: start a4d0b5f9-3282-4cc2-85b1-5a1b13720eaf@group-9BA82786B54C-FollowerState
2022-05-04 03:17:47,622 [grpc-default-executor-0] INFO  server.RaftServer$Division (RaftServerImpl.java:requestVote(1046)) - cd15dffe-0bdf-4ded-a416-2706c1d3a8c9@group-9BA82786B54C: receive requestVote(ELECTION, a4d0b5f9-3282-4cc2-85b1-5a1b13720eaf, group-9BA82786B54C, 1, (t:0, i:0))
2022-05-04 03:17:47,622 [grpc-default-executor-0] INFO  impl.VoteContext (VoteContext.java:log(48)) - cd15dffe-0bdf-4ded-a416-2706c1d3a8c9@group-9BA82786B54C-FOLLOWER: accept ELECTION from a4d0b5f9-3282-4cc2-85b1-5a1b13720eaf: our priority 0 <= candidate's priority 0
2022-05-04 03:17:47,622 [grpc-default-executor-0] INFO  server.RaftServer$Division (RaftServerImpl.java:setRole(290)) - cd15dffe-0bdf-4ded-a416-2706c1d3a8c9@group-9BA82786B54C: changes role from  FOLLOWER to FOLLOWER at term 1 for candidate:a4d0b5f9-3282-4cc2-85b1-5a1b13720eaf
2022-05-04 03:17:47,622 [grpc-default-executor-0] INFO  impl.RoleInfo (RoleInfo.java:shutdownFollowerState(108)) - cd15dffe-0bdf-4ded-a416-2706c1d3a8c9: shutdown cd15dffe-0bdf-4ded-a416-2706c1d3a8c9@group-9BA82786B54C-FollowerState
2022-05-04 03:17:47,622 [grpc-default-executor-0] INFO  impl.RoleInfo (RoleInfo.java:updateAndGet(130)) - cd15dffe-0bdf-4ded-a416-2706c1d3a8c9: start cd15dffe-0bdf-4ded-a416-2706c1d3a8c9@group-9BA82786B54C-FollowerState
2022-05-04 03:17:47,622 [cd15dffe-0bdf-4ded-a416-2706c1d3a8c9@group-9BA82786B54C-FollowerState] INFO  impl.FollowerState (FollowerState.java:run(143)) - cd15dffe-0bdf-4ded-a416-2706c1d3a8c9@group-9BA82786B54C-FollowerState was interrupted: {}
java.lang.InterruptedException: sleep interrupted
	at java.lang.Thread.sleep(Native Method)
	at java.lang.Thread.sleep(Thread.java:342)
	at java.util.concurrent.TimeUnit.sleep(TimeUnit.java:386)
	at org.apache.ratis.util.TimeDuration.sleep(TimeDuration.java:324)
	at org.apache.ratis.util.TimeDuration.sleep(TimeDuration.java:309)
	at org.apache.ratis.server.impl.FollowerState.run(FollowerState.java:118)
2022-05-04 03:17:47,630 [grpc-default-executor-0] INFO  server.RaftServer$Division (RaftServerImpl.java:requestVote(1078)) - cd15dffe-0bdf-4ded-a416-2706c1d3a8c9@group-9BA82786B54C replies to ELECTION vote request: a4d0b5f9-3282-4cc2-85b1-5a1b13720eaf<-cd15dffe-0bdf-4ded-a416-2706c1d3a8c9#0:OK-t1. Peer's state: cd15dffe-0bdf-4ded-a416-2706c1d3a8c9@group-9BA82786B54C:t1, leader=null, voted=a4d0b5f9-3282-4cc2-85b1-5a1b13720eaf, raftlog=cd15dffe-0bdf-4ded-a416-2706c1d3a8c9@group-9BA82786B54C-SegmentedRaftLog:OPENED:c-1, conf=-1: [a4d0b5f9-3282-4cc2-85b1-5a1b13720eaf|rpc:10.1.0.22:43989|dataStream:|priority:0, ddb2790c-8d68-49f8-bd13-2d0c1144ba02|rpc:10.1.0.22:35569|dataStream:|priority:1, cd15dffe-0bdf-4ded-a416-2706c1d3a8c9|rpc:10.1.0.22:40121|dataStream:|priority:0], old=null
2022-05-04 03:17:47,983 [cd15dffe-0bdf-4ded-a416-2706c1d3a8c9@group-C8235A97F910-FollowerState] INFO  impl.FollowerState (FollowerState.java:run(134)) - cd15dffe-0bdf-4ded-a416-2706c1d3a8c9@group-C8235A97F910-FollowerState: change to CANDIDATE, lastRpcElapsedTime:5191618967ns, electionTimeout:5190ms
2022-05-04 03:17:47,984 [cd15dffe-0bdf-4ded-a416-2706c1d3a8c9@group-C8235A97F910-FollowerState] INFO  impl.RoleInfo (RoleInfo.java:shutdownFollowerState(108)) - cd15dffe-0bdf-4ded-a416-2706c1d3a8c9: shutdown cd15dffe-0bdf-4ded-a416-2706c1d3a8c9@group-C8235A97F910-FollowerState
2022-05-04 03:17:47,984 [cd15dffe-0bdf-4ded-a416-2706c1d3a8c9@group-C8235A97F910-FollowerState] INFO  server.RaftServer$Division (RaftServerImpl.java:setRole(290)) - cd15dffe-0bdf-4ded-a416-2706c1d3a8c9@group-C8235A97F910: changes role from  FOLLOWER to CANDIDATE at term 0 for changeToCandidate
2022-05-04 03:17:47,984 [cd15dffe-0bdf-4ded-a416-2706c1d3a8c9@group-C8235A97F910-FollowerState] INFO  server.RaftServerConfigKeys (ConfUtils.java:logGet(44)) - raft.server.leaderelection.pre-vote = false (custom)
2022-05-04 03:17:47,984 [cd15dffe-0bdf-4ded-a416-2706c1d3a8c9@group-C8235A97F910-FollowerState] INFO  impl.RoleInfo (RoleInfo.java:updateAndGet(130)) - cd15dffe-0bdf-4ded-a416-2706c1d3a8c9: start cd15dffe-0bdf-4ded-a416-2706c1d3a8c9@group-C8235A97F910-LeaderElection67
2022-05-04 03:17:48,026 [cd15dffe-0bdf-4ded-a416-2706c1d3a8c9@group-C8235A97F910-LeaderElection67] INFO  impl.LeaderElection (LeaderElection.java:askForVotes(306)) - cd15dffe-0bdf-4ded-a416-2706c1d3a8c9@group-C8235A97F910-LeaderElection67 ELECTION round 0: submit vote requests at term 1 for -1: [cd15dffe-0bdf-4ded-a416-2706c1d3a8c9|rpc:10.1.0.22:40121|priority:1], old=null
2022-05-04 03:17:48,026 [cd15dffe-0bdf-4ded-a416-2706c1d3a8c9@group-C8235A97F910-LeaderElection67] INFO  impl.LeaderElection (LeaderElection.java:askForVotes(308)) - cd15dffe-0bdf-4ded-a416-2706c1d3a8c9@group-C8235A97F910-LeaderElection67 ELECTION round 0: result PASSED (term=1)
2022-05-04 03:17:48,026 [cd15dffe-0bdf-4ded-a416-2706c1d3a8c9@group-C8235A97F910-LeaderElection67] INFO  impl.RoleInfo (RoleInfo.java:shutdownLeaderElection(121)) - cd15dffe-0bdf-4ded-a416-2706c1d3a8c9: shutdown cd15dffe-0bdf-4ded-a416-2706c1d3a8c9@group-C8235A97F910-LeaderElection67
2022-05-04 03:17:48,026 [cd15dffe-0bdf-4ded-a416-2706c1d3a8c9@group-C8235A97F910-LeaderElection67] INFO  server.RaftServer$Division (RaftServerImpl.java:setRole(290)) - cd15dffe-0bdf-4ded-a416-2706c1d3a8c9@group-C8235A97F910: changes role from CANDIDATE to LEADER at term 1 for changeToLeader
2022-05-04 03:17:48,026 [cd15dffe-0bdf-4ded-a416-2706c1d3a8c9@group-C8235A97F910-LeaderElection67] INFO  ratis.XceiverServerRatis (XceiverServerRatis.java:handleLeaderChangedNotification(863)) - Leader change notification received for group: group-C8235A97F910 with new leaderId: cd15dffe-0bdf-4ded-a416-2706c1d3a8c9
2022-05-04 03:17:48,027 [cd15dffe-0bdf-4ded-a416-2706c1d3a8c9@group-C8235A97F910-LeaderElection67] INFO  server.RaftServer$Division (ServerState.java:setLeader(285)) - cd15dffe-0bdf-4ded-a416-2706c1d3a8c9@group-C8235A97F910: change Leader from null to cd15dffe-0bdf-4ded-a416-2706c1d3a8c9 at term 1 for becomeLeader, leader elected after 5252ms
2022-05-04 03:17:48,027 [cd15dffe-0bdf-4ded-a416-2706c1d3a8c9@group-C8235A97F910-LeaderElection67] INFO  server.RaftServerConfigKeys (ConfUtils.java:logGet(44)) - raft.server.staging.catchup.gap = 1000 (default)
2022-05-04 03:17:48,027 [cd15dffe-0bdf-4ded-a416-2706c1d3a8c9@group-C8235A97F910-LeaderElection67] INFO  server.RaftServerConfigKeys (ConfUtils.java:logGet(44)) - raft.server.write.element-limit = 1024 (custom)
2022-05-04 03:17:48,027 [cd15dffe-0bdf-4ded-a416-2706c1d3a8c9@group-C8235A97F910-LeaderElection67] INFO  server.RaftServerConfigKeys (ConfUtils.java:logGet(44)) - raft.server.write.byte-limit = 1024 M (=1073741824) (custom)
2022-05-04 03:17:48,027 [cd15dffe-0bdf-4ded-a416-2706c1d3a8c9@group-C8235A97F910-LeaderElection67] INFO  server.RaftServerConfigKeys (ConfUtils.java:logGet(44)) - raft.server.watch.timeout = 180s (custom)
2022-05-04 03:17:48,027 [cd15dffe-0bdf-4ded-a416-2706c1d3a8c9@group-C8235A97F910-LeaderElection67] INFO  server.RaftServerConfigKeys (ConfUtils.java:logGet(44)) - raft.server.watch.timeout.denomination = 1s (default)
2022-05-04 03:17:48,027 [cd15dffe-0bdf-4ded-a416-2706c1d3a8c9@group-C8235A97F910-LeaderElection67] INFO  server.RaftServerConfigKeys (ConfUtils.java:logGet(44)) - raft.server.watch.element-limit = 65536 (default)
2022-05-04 03:17:48,027 [cd15dffe-0bdf-4ded-a416-2706c1d3a8c9@group-C8235A97F910-LeaderElection67] INFO  server.RaftServerConfigKeys (ConfUtils.java:logGet(44)) - raft.server.write.element-limit = 1024 (custom)
2022-05-04 03:17:48,028 [cd15dffe-0bdf-4ded-a416-2706c1d3a8c9@group-C8235A97F910-LeaderElection67] INFO  server.RaftServerConfigKeys (ConfUtils.java:logGet(44)) - raft.server.write.follower.gap.ratio.max = -1.0 (default)
2022-05-04 03:17:48,028 [cd15dffe-0bdf-4ded-a416-2706c1d3a8c9@group-C8235A97F910-LeaderElection67] INFO  impl.RoleInfo (RoleInfo.java:updateAndGet(130)) - cd15dffe-0bdf-4ded-a416-2706c1d3a8c9: start cd15dffe-0bdf-4ded-a416-2706c1d3a8c9@group-C8235A97F910-LeaderStateImpl
2022-05-04 03:17:48,028 [cd15dffe-0bdf-4ded-a416-2706c1d3a8c9@group-C8235A97F910-LeaderElection67] INFO  segmented.SegmentedRaftLogWorker (SegmentedRaftLogWorker.java:startLogSegment(394)) - cd15dffe-0bdf-4ded-a416-2706c1d3a8c9@group-C8235A97F910-SegmentedRaftLogWorker: Starting segment from index:0
2022-05-04 03:17:48,030 [EventQueue-OpenPipelineForHealthyPipelineSafeModeRule] INFO  safemode.SCMSafeModeManager (HealthyPipelineSafeModeRule.java:process(124)) - SCM in safe mode. Healthy pipelines reported count is 0, required healthy pipeline reported count is 1
2022-05-04 03:17:48,032 [cd15dffe-0bdf-4ded-a416-2706c1d3a8c9@group-C8235A97F910-SegmentedRaftLogWorker] INFO  segmented.SegmentedRaftLogWorker (SegmentedRaftLogWorker.java:execute(601)) - cd15dffe-0bdf-4ded-a416-2706c1d3a8c9@group-C8235A97F910-SegmentedRaftLogWorker: created new log segment /home/runner/work/ozone/ozone/hadoop-ozone/integration-test/target/test-dir/MiniOzoneClusterImpl-bb96fbd3-426a-4dd9-9d55-8297dc8cce15/datanode-1/data/ratis/f526faad-92c1-4bb5-9fa8-c8235a97f910/current/log_inprogress_0
2022-05-04 03:17:48,043 [cd15dffe-0bdf-4ded-a416-2706c1d3a8c9@group-C8235A97F910-LeaderElection67] INFO  server.RaftServer$Division (ServerState.java:setRaftConf(387)) - cd15dffe-0bdf-4ded-a416-2706c1d3a8c9@group-C8235A97F910: set configuration 0: [cd15dffe-0bdf-4ded-a416-2706c1d3a8c9|rpc:10.1.0.22:40121|dataStream:|priority:1], old=null
2022-05-04 03:17:48,188 [Listener at 127.0.0.1/33661] INFO  ozone.MiniOzoneClusterImpl (MiniOzoneClusterImpl.java:lambda$waitForClusterToBeReady$0(221)) - Nodes are ready. Got 5 of 5 DN Heartbeats.
2022-05-04 03:17:48,188 [Listener at 127.0.0.1/33661] INFO  ozone.MiniOzoneClusterImpl (MiniOzoneClusterImpl.java:lambda$waitForClusterToBeReady$0(224)) - Waiting for cluster to exit safe mode
2022-05-04 03:17:48,188 [Listener at 127.0.0.1/33661] INFO  ozone.MiniOzoneClusterImpl (MiniOzoneClusterImpl.java:lambda$waitForClusterToBeReady$0(226)) - SCM became leader
2022-05-04 03:17:48,497 [ddb2790c-8d68-49f8-bd13-2d0c1144ba02@group-E8777197FFDB-FollowerState] INFO  impl.FollowerState (FollowerState.java:run(134)) - ddb2790c-8d68-49f8-bd13-2d0c1144ba02@group-E8777197FFDB-FollowerState: change to CANDIDATE, lastRpcElapsedTime:5059257196ns, electionTimeout:5058ms
2022-05-04 03:17:48,498 [ddb2790c-8d68-49f8-bd13-2d0c1144ba02@group-E8777197FFDB-FollowerState] INFO  impl.RoleInfo (RoleInfo.java:shutdownFollowerState(108)) - ddb2790c-8d68-49f8-bd13-2d0c1144ba02: shutdown ddb2790c-8d68-49f8-bd13-2d0c1144ba02@group-E8777197FFDB-FollowerState
2022-05-04 03:17:48,498 [ddb2790c-8d68-49f8-bd13-2d0c1144ba02@group-E8777197FFDB-FollowerState] INFO  server.RaftServer$Division (RaftServerImpl.java:setRole(290)) - ddb2790c-8d68-49f8-bd13-2d0c1144ba02@group-E8777197FFDB: changes role from  FOLLOWER to CANDIDATE at term 0 for changeToCandidate
2022-05-04 03:17:48,498 [ddb2790c-8d68-49f8-bd13-2d0c1144ba02@group-E8777197FFDB-FollowerState] INFO  server.RaftServerConfigKeys (ConfUtils.java:logGet(44)) - raft.server.leaderelection.pre-vote = false (custom)
2022-05-04 03:17:48,498 [ddb2790c-8d68-49f8-bd13-2d0c1144ba02@group-E8777197FFDB-FollowerState] INFO  impl.RoleInfo (RoleInfo.java:updateAndGet(130)) - ddb2790c-8d68-49f8-bd13-2d0c1144ba02: start ddb2790c-8d68-49f8-bd13-2d0c1144ba02@group-E8777197FFDB-LeaderElection68
2022-05-04 03:17:48,507 [ddb2790c-8d68-49f8-bd13-2d0c1144ba02@group-E8777197FFDB-LeaderElection68] INFO  impl.LeaderElection (LeaderElection.java:askForVotes(306)) - ddb2790c-8d68-49f8-bd13-2d0c1144ba02@group-E8777197FFDB-LeaderElection68 ELECTION round 0: submit vote requests at term 1 for -1: [ddb2790c-8d68-49f8-bd13-2d0c1144ba02|rpc:10.1.0.22:35569|priority:1], old=null
2022-05-04 03:17:48,507 [ddb2790c-8d68-49f8-bd13-2d0c1144ba02@group-E8777197FFDB-LeaderElection68] INFO  impl.LeaderElection (LeaderElection.java:askForVotes(308)) - ddb2790c-8d68-49f8-bd13-2d0c1144ba02@group-E8777197FFDB-LeaderElection68 ELECTION round 0: result PASSED (term=1)
2022-05-04 03:17:48,507 [ddb2790c-8d68-49f8-bd13-2d0c1144ba02@group-E8777197FFDB-LeaderElection68] INFO  impl.RoleInfo (RoleInfo.java:shutdownLeaderElection(121)) - ddb2790c-8d68-49f8-bd13-2d0c1144ba02: shutdown ddb2790c-8d68-49f8-bd13-2d0c1144ba02@group-E8777197FFDB-LeaderElection68
2022-05-04 03:17:48,507 [ddb2790c-8d68-49f8-bd13-2d0c1144ba02@group-E8777197FFDB-LeaderElection68] INFO  server.RaftServer$Division (RaftServerImpl.java:setRole(290)) - ddb2790c-8d68-49f8-bd13-2d0c1144ba02@group-E8777197FFDB: changes role from CANDIDATE to LEADER at term 1 for changeToLeader
2022-05-04 03:17:48,507 [ddb2790c-8d68-49f8-bd13-2d0c1144ba02@group-E8777197FFDB-LeaderElection68] INFO  ratis.XceiverServerRatis (XceiverServerRatis.java:handleLeaderChangedNotification(863)) - Leader change notification received for group: group-E8777197FFDB with new leaderId: ddb2790c-8d68-49f8-bd13-2d0c1144ba02
2022-05-04 03:17:48,508 [ddb2790c-8d68-49f8-bd13-2d0c1144ba02@group-E8777197FFDB-LeaderElection68] INFO  server.RaftServer$Division (ServerState.java:setLeader(285)) - ddb2790c-8d68-49f8-bd13-2d0c1144ba02@group-E8777197FFDB: change Leader from null to ddb2790c-8d68-49f8-bd13-2d0c1144ba02 at term 1 for becomeLeader, leader elected after 5075ms
2022-05-04 03:17:48,508 [ddb2790c-8d68-49f8-bd13-2d0c1144ba02@group-E8777197FFDB-LeaderElection68] INFO  server.RaftServerConfigKeys (ConfUtils.java:logGet(44)) - raft.server.staging.catchup.gap = 1000 (default)
2022-05-04 03:17:48,508 [ddb2790c-8d68-49f8-bd13-2d0c1144ba02@group-E8777197FFDB-LeaderElection68] INFO  server.RaftServerConfigKeys (ConfUtils.java:logGet(44)) - raft.server.write.element-limit = 1024 (custom)
2022-05-04 03:17:48,508 [ddb2790c-8d68-49f8-bd13-2d0c1144ba02@group-E8777197FFDB-LeaderElection68] INFO  server.RaftServerConfigKeys (ConfUtils.java:logGet(44)) - raft.server.write.byte-limit = 1024 M (=1073741824) (custom)
2022-05-04 03:17:48,509 [EventQueue-OpenPipelineForHealthyPipelineSafeModeRule] INFO  safemode.SCMSafeModeManager (HealthyPipelineSafeModeRule.java:process(124)) - SCM in safe mode. Healthy pipelines reported count is 0, required healthy pipeline reported count is 1
2022-05-04 03:17:48,509 [ddb2790c-8d68-49f8-bd13-2d0c1144ba02@group-E8777197FFDB-LeaderElection68] INFO  server.RaftServerConfigKeys (ConfUtils.java:logGet(44)) - raft.server.watch.timeout = 180s (custom)
2022-05-04 03:17:48,509 [ddb2790c-8d68-49f8-bd13-2d0c1144ba02@group-E8777197FFDB-LeaderElection68] INFO  server.RaftServerConfigKeys (ConfUtils.java:logGet(44)) - raft.server.watch.timeout.denomination = 1s (default)
2022-05-04 03:17:48,509 [ddb2790c-8d68-49f8-bd13-2d0c1144ba02@group-E8777197FFDB-LeaderElection68] INFO  server.RaftServerConfigKeys (ConfUtils.java:logGet(44)) - raft.server.watch.element-limit = 65536 (default)
2022-05-04 03:17:48,509 [ddb2790c-8d68-49f8-bd13-2d0c1144ba02@group-E8777197FFDB-LeaderElection68] INFO  server.RaftServerConfigKeys (ConfUtils.java:logGet(44)) - raft.server.write.element-limit = 1024 (custom)
2022-05-04 03:17:48,509 [ddb2790c-8d68-49f8-bd13-2d0c1144ba02@group-E8777197FFDB-LeaderElection68] INFO  server.RaftServerConfigKeys (ConfUtils.java:logGet(44)) - raft.server.write.follower.gap.ratio.max = -1.0 (default)
2022-05-04 03:17:48,509 [ddb2790c-8d68-49f8-bd13-2d0c1144ba02@group-E8777197FFDB-LeaderElection68] INFO  impl.RoleInfo (RoleInfo.java:updateAndGet(130)) - ddb2790c-8d68-49f8-bd13-2d0c1144ba02: start ddb2790c-8d68-49f8-bd13-2d0c1144ba02@group-E8777197FFDB-LeaderStateImpl
2022-05-04 03:17:48,510 [ddb2790c-8d68-49f8-bd13-2d0c1144ba02@group-E8777197FFDB-LeaderElection68] INFO  segmented.SegmentedRaftLogWorker (SegmentedRaftLogWorker.java:startLogSegment(394)) - ddb2790c-8d68-49f8-bd13-2d0c1144ba02@group-E8777197FFDB-SegmentedRaftLogWorker: Starting segment from index:0
2022-05-04 03:17:48,512 [ddb2790c-8d68-49f8-bd13-2d0c1144ba02@group-E8777197FFDB-SegmentedRaftLogWorker] INFO  segmented.SegmentedRaftLogWorker (SegmentedRaftLogWorker.java:execute(601)) - ddb2790c-8d68-49f8-bd13-2d0c1144ba02@group-E8777197FFDB-SegmentedRaftLogWorker: created new log segment /home/runner/work/ozone/ozone/hadoop-ozone/integration-test/target/test-dir/MiniOzoneClusterImpl-bb96fbd3-426a-4dd9-9d55-8297dc8cce15/datanode-2/data/ratis/123b9c67-cd0c-4e97-a4d4-e8777197ffdb/current/log_inprogress_0
2022-05-04 03:17:48,531 [ddb2790c-8d68-49f8-bd13-2d0c1144ba02@group-E8777197FFDB-LeaderElection68] INFO  server.RaftServer$Division (ServerState.java:setRaftConf(387)) - ddb2790c-8d68-49f8-bd13-2d0c1144ba02@group-E8777197FFDB: set configuration 0: [ddb2790c-8d68-49f8-bd13-2d0c1144ba02|rpc:10.1.0.22:35569|dataStream:|priority:1], old=null
2022-05-04 03:17:49,190 [Listener at 127.0.0.1/33661] INFO  ozone.MiniOzoneClusterImpl (MiniOzoneClusterImpl.java:lambda$waitForClusterToBeReady$0(221)) - Nodes are ready. Got 5 of 5 DN Heartbeats.
2022-05-04 03:17:49,190 [Listener at 127.0.0.1/33661] INFO  ozone.MiniOzoneClusterImpl (MiniOzoneClusterImpl.java:lambda$waitForClusterToBeReady$0(224)) - Waiting for cluster to exit safe mode
2022-05-04 03:17:49,190 [Listener at 127.0.0.1/33661] INFO  ozone.MiniOzoneClusterImpl (MiniOzoneClusterImpl.java:lambda$waitForClusterToBeReady$0(226)) - SCM became leader
2022-05-04 03:17:49,761 [f25b635b-b6f8-420f-998e-fbfb8716aa93@group-BB190E38BB15-FollowerState] INFO  impl.FollowerState (FollowerState.java:run(134)) - f25b635b-b6f8-420f-998e-fbfb8716aa93@group-BB190E38BB15-FollowerState: change to CANDIDATE, lastRpcElapsedTime:5160159744ns, electionTimeout:5159ms
2022-05-04 03:17:49,762 [f25b635b-b6f8-420f-998e-fbfb8716aa93@group-BB190E38BB15-FollowerState] INFO  impl.RoleInfo (RoleInfo.java:shutdownFollowerState(108)) - f25b635b-b6f8-420f-998e-fbfb8716aa93: shutdown f25b635b-b6f8-420f-998e-fbfb8716aa93@group-BB190E38BB15-FollowerState
2022-05-04 03:17:49,762 [f25b635b-b6f8-420f-998e-fbfb8716aa93@group-BB190E38BB15-FollowerState] INFO  server.RaftServer$Division (RaftServerImpl.java:setRole(290)) - f25b635b-b6f8-420f-998e-fbfb8716aa93@group-BB190E38BB15: changes role from  FOLLOWER to CANDIDATE at term 0 for changeToCandidate
2022-05-04 03:17:49,762 [f25b635b-b6f8-420f-998e-fbfb8716aa93@group-BB190E38BB15-FollowerState] INFO  server.RaftServerConfigKeys (ConfUtils.java:logGet(44)) - raft.server.leaderelection.pre-vote = false (custom)
2022-05-04 03:17:49,762 [f25b635b-b6f8-420f-998e-fbfb8716aa93@group-BB190E38BB15-FollowerState] INFO  impl.RoleInfo (RoleInfo.java:updateAndGet(130)) - f25b635b-b6f8-420f-998e-fbfb8716aa93: start f25b635b-b6f8-420f-998e-fbfb8716aa93@group-BB190E38BB15-LeaderElection69
2022-05-04 03:17:49,825 [f25b635b-b6f8-420f-998e-fbfb8716aa93@group-BB190E38BB15-LeaderElection69] INFO  impl.LeaderElection (LeaderElection.java:askForVotes(306)) - f25b635b-b6f8-420f-998e-fbfb8716aa93@group-BB190E38BB15-LeaderElection69 ELECTION round 0: submit vote requests at term 1 for -1: [f25b635b-b6f8-420f-998e-fbfb8716aa93|rpc:10.1.0.22:43499|priority:1], old=null
2022-05-04 03:17:49,825 [f25b635b-b6f8-420f-998e-fbfb8716aa93@group-BB190E38BB15-LeaderElection69] INFO  impl.LeaderElection (LeaderElection.java:askForVotes(308)) - f25b635b-b6f8-420f-998e-fbfb8716aa93@group-BB190E38BB15-LeaderElection69 ELECTION round 0: result PASSED (term=1)
2022-05-04 03:17:49,825 [f25b635b-b6f8-420f-998e-fbfb8716aa93@group-BB190E38BB15-LeaderElection69] INFO  impl.RoleInfo (RoleInfo.java:shutdownLeaderElection(121)) - f25b635b-b6f8-420f-998e-fbfb8716aa93: shutdown f25b635b-b6f8-420f-998e-fbfb8716aa93@group-BB190E38BB15-LeaderElection69
2022-05-04 03:17:49,825 [f25b635b-b6f8-420f-998e-fbfb8716aa93@group-BB190E38BB15-LeaderElection69] INFO  server.RaftServer$Division (RaftServerImpl.java:setRole(290)) - f25b635b-b6f8-420f-998e-fbfb8716aa93@group-BB190E38BB15: changes role from CANDIDATE to LEADER at term 1 for changeToLeader
2022-05-04 03:17:49,826 [f25b635b-b6f8-420f-998e-fbfb8716aa93@group-BB190E38BB15-LeaderElection69] INFO  ratis.XceiverServerRatis (XceiverServerRatis.java:handleLeaderChangedNotification(863)) - Leader change notification received for group: group-BB190E38BB15 with new leaderId: f25b635b-b6f8-420f-998e-fbfb8716aa93
2022-05-04 03:17:49,826 [f25b635b-b6f8-420f-998e-fbfb8716aa93@group-BB190E38BB15-LeaderElection69] INFO  server.RaftServer$Division (ServerState.java:setLeader(285)) - f25b635b-b6f8-420f-998e-fbfb8716aa93@group-BB190E38BB15: change Leader from null to f25b635b-b6f8-420f-998e-fbfb8716aa93 at term 1 for becomeLeader, leader elected after 5255ms
2022-05-04 03:17:49,826 [f25b635b-b6f8-420f-998e-fbfb8716aa93@group-BB190E38BB15-LeaderElection69] INFO  server.RaftServerConfigKeys (ConfUtils.java:logGet(44)) - raft.server.staging.catchup.gap = 1000 (default)
2022-05-04 03:17:49,827 [EventQueue-OpenPipelineForHealthyPipelineSafeModeRule] INFO  safemode.SCMSafeModeManager (HealthyPipelineSafeModeRule.java:process(124)) - SCM in safe mode. Healthy pipelines reported count is 0, required healthy pipeline reported count is 1
2022-05-04 03:17:49,827 [f25b635b-b6f8-420f-998e-fbfb8716aa93@group-BB190E38BB15-LeaderElection69] INFO  server.RaftServerConfigKeys (ConfUtils.java:logGet(44)) - raft.server.write.element-limit = 1024 (custom)
2022-05-04 03:17:49,827 [f25b635b-b6f8-420f-998e-fbfb8716aa93@group-BB190E38BB15-LeaderElection69] INFO  server.RaftServerConfigKeys (ConfUtils.java:logGet(44)) - raft.server.write.byte-limit = 1024 M (=1073741824) (custom)
2022-05-04 03:17:49,827 [f25b635b-b6f8-420f-998e-fbfb8716aa93@group-BB190E38BB15-LeaderElection69] INFO  server.RaftServerConfigKeys (ConfUtils.java:logGet(44)) - raft.server.watch.timeout = 180s (custom)
2022-05-04 03:17:49,827 [f25b635b-b6f8-420f-998e-fbfb8716aa93@group-BB190E38BB15-LeaderElection69] INFO  server.RaftServerConfigKeys (ConfUtils.java:logGet(44)) - raft.server.watch.timeout.denomination = 1s (default)
2022-05-04 03:17:49,827 [f25b635b-b6f8-420f-998e-fbfb8716aa93@group-BB190E38BB15-LeaderElection69] INFO  server.RaftServerConfigKeys (ConfUtils.java:logGet(44)) - raft.server.watch.element-limit = 65536 (default)
2022-05-04 03:17:49,827 [f25b635b-b6f8-420f-998e-fbfb8716aa93@group-BB190E38BB15-LeaderElection69] INFO  server.RaftServerConfigKeys (ConfUtils.java:logGet(44)) - raft.server.write.element-limit = 1024 (custom)
2022-05-04 03:17:49,828 [f25b635b-b6f8-420f-998e-fbfb8716aa93@group-BB190E38BB15-LeaderElection69] INFO  server.RaftServerConfigKeys (ConfUtils.java:logGet(44)) - raft.server.write.follower.gap.ratio.max = -1.0 (default)
2022-05-04 03:17:49,829 [f25b635b-b6f8-420f-998e-fbfb8716aa93@group-BB190E38BB15-LeaderElection69] INFO  impl.RoleInfo (RoleInfo.java:updateAndGet(130)) - f25b635b-b6f8-420f-998e-fbfb8716aa93: start f25b635b-b6f8-420f-998e-fbfb8716aa93@group-BB190E38BB15-LeaderStateImpl
2022-05-04 03:17:49,830 [f25b635b-b6f8-420f-998e-fbfb8716aa93@group-BB190E38BB15-LeaderElection69] INFO  segmented.SegmentedRaftLogWorker (SegmentedRaftLogWorker.java:startLogSegment(394)) - f25b635b-b6f8-420f-998e-fbfb8716aa93@group-BB190E38BB15-SegmentedRaftLogWorker: Starting segment from index:0
2022-05-04 03:17:49,834 [f25b635b-b6f8-420f-998e-fbfb8716aa93@group-BB190E38BB15-SegmentedRaftLogWorker] INFO  segmented.SegmentedRaftLogWorker (SegmentedRaftLogWorker.java:execute(601)) - f25b635b-b6f8-420f-998e-fbfb8716aa93@group-BB190E38BB15-SegmentedRaftLogWorker: created new log segment /home/runner/work/ozone/ozone/hadoop-ozone/integration-test/target/test-dir/MiniOzoneClusterImpl-bb96fbd3-426a-4dd9-9d55-8297dc8cce15/datanode-3/data/ratis/9cf2fe7c-f57e-46b5-8692-bb190e38bb15/current/log_inprogress_0
2022-05-04 03:17:49,915 [f25b635b-b6f8-420f-998e-fbfb8716aa93@group-BB190E38BB15-LeaderElection69] INFO  server.RaftServer$Division (ServerState.java:setRaftConf(387)) - f25b635b-b6f8-420f-998e-fbfb8716aa93@group-BB190E38BB15: set configuration 0: [f25b635b-b6f8-420f-998e-fbfb8716aa93|rpc:10.1.0.22:43499|dataStream:|priority:1], old=null
2022-05-04 03:17:50,190 [Listener at 127.0.0.1/33661] INFO  ozone.MiniOzoneClusterImpl (MiniOzoneClusterImpl.java:lambda$waitForClusterToBeReady$0(221)) - Nodes are ready. Got 5 of 5 DN Heartbeats.
2022-05-04 03:17:50,191 [Listener at 127.0.0.1/33661] INFO  ozone.MiniOzoneClusterImpl (MiniOzoneClusterImpl.java:lambda$waitForClusterToBeReady$0(224)) - Waiting for cluster to exit safe mode
2022-05-04 03:17:50,191 [Listener at 127.0.0.1/33661] INFO  ozone.MiniOzoneClusterImpl (MiniOzoneClusterImpl.java:lambda$waitForClusterToBeReady$0(226)) - SCM became leader
2022-05-04 03:17:50,520 [2019c0d5-291f-4376-b04f-04da087b6ced@group-AED00B837D44-FollowerState] INFO  impl.FollowerState (FollowerState.java:run(134)) - 2019c0d5-291f-4376-b04f-04da087b6ced@group-AED00B837D44-FollowerState: change to CANDIDATE, lastRpcElapsedTime:5205145965ns, electionTimeout:5164ms
2022-05-04 03:17:50,520 [2019c0d5-291f-4376-b04f-04da087b6ced@group-AED00B837D44-FollowerState] INFO  impl.RoleInfo (RoleInfo.java:shutdownFollowerState(108)) - 2019c0d5-291f-4376-b04f-04da087b6ced: shutdown 2019c0d5-291f-4376-b04f-04da087b6ced@group-AED00B837D44-FollowerState
2022-05-04 03:17:50,520 [2019c0d5-291f-4376-b04f-04da087b6ced@group-AED00B837D44-FollowerState] INFO  server.RaftServer$Division (RaftServerImpl.java:setRole(290)) - 2019c0d5-291f-4376-b04f-04da087b6ced@group-AED00B837D44: changes role from  FOLLOWER to CANDIDATE at term 0 for changeToCandidate
2022-05-04 03:17:50,520 [2019c0d5-291f-4376-b04f-04da087b6ced@group-AED00B837D44-FollowerState] INFO  server.RaftServerConfigKeys (ConfUtils.java:logGet(44)) - raft.server.leaderelection.pre-vote = false (custom)
2022-05-04 03:17:50,520 [2019c0d5-291f-4376-b04f-04da087b6ced@group-AED00B837D44-FollowerState] INFO  impl.RoleInfo (RoleInfo.java:updateAndGet(130)) - 2019c0d5-291f-4376-b04f-04da087b6ced: start 2019c0d5-291f-4376-b04f-04da087b6ced@group-AED00B837D44-LeaderElection70
2022-05-04 03:17:50,575 [2019c0d5-291f-4376-b04f-04da087b6ced@group-AED00B837D44-LeaderElection70] INFO  impl.LeaderElection (LeaderElection.java:askForVotes(306)) - 2019c0d5-291f-4376-b04f-04da087b6ced@group-AED00B837D44-LeaderElection70 ELECTION round 0: submit vote requests at term 1 for -1: [2019c0d5-291f-4376-b04f-04da087b6ced|rpc:10.1.0.22:39105|priority:1], old=null
2022-05-04 03:17:50,575 [2019c0d5-291f-4376-b04f-04da087b6ced@group-AED00B837D44-LeaderElection70] INFO  impl.LeaderElection (LeaderElection.java:askForVotes(308)) - 2019c0d5-291f-4376-b04f-04da087b6ced@group-AED00B837D44-LeaderElection70 ELECTION round 0: result PASSED (term=1)
2022-05-04 03:17:50,575 [2019c0d5-291f-4376-b04f-04da087b6ced@group-AED00B837D44-LeaderElection70] INFO  impl.RoleInfo (RoleInfo.java:shutdownLeaderElection(121)) - 2019c0d5-291f-4376-b04f-04da087b6ced: shutdown 2019c0d5-291f-4376-b04f-04da087b6ced@group-AED00B837D44-LeaderElection70
2022-05-04 03:17:50,575 [2019c0d5-291f-4376-b04f-04da087b6ced@group-AED00B837D44-LeaderElection70] INFO  server.RaftServer$Division (RaftServerImpl.java:setRole(290)) - 2019c0d5-291f-4376-b04f-04da087b6ced@group-AED00B837D44: changes role from CANDIDATE to LEADER at term 1 for changeToLeader
2022-05-04 03:17:50,575 [2019c0d5-291f-4376-b04f-04da087b6ced@group-AED00B837D44-LeaderElection70] INFO  ratis.XceiverServerRatis (XceiverServerRatis.java:handleLeaderChangedNotification(863)) - Leader change notification received for group: group-AED00B837D44 with new leaderId: 2019c0d5-291f-4376-b04f-04da087b6ced
2022-05-04 03:17:50,575 [2019c0d5-291f-4376-b04f-04da087b6ced@group-AED00B837D44-LeaderElection70] INFO  server.RaftServer$Division (ServerState.java:setLeader(285)) - 2019c0d5-291f-4376-b04f-04da087b6ced@group-AED00B837D44: change Leader from null to 2019c0d5-291f-4376-b04f-04da087b6ced at term 1 for becomeLeader, leader elected after 5270ms
2022-05-04 03:17:50,575 [2019c0d5-291f-4376-b04f-04da087b6ced@group-AED00B837D44-LeaderElection70] INFO  server.RaftServerConfigKeys (ConfUtils.java:logGet(44)) - raft.server.staging.catchup.gap = 1000 (default)
2022-05-04 03:17:50,575 [2019c0d5-291f-4376-b04f-04da087b6ced@group-AED00B837D44-LeaderElection70] INFO  server.RaftServerConfigKeys (ConfUtils.java:logGet(44)) - raft.server.write.element-limit = 1024 (custom)
2022-05-04 03:17:50,575 [2019c0d5-291f-4376-b04f-04da087b6ced@group-AED00B837D44-LeaderElection70] INFO  server.RaftServerConfigKeys (ConfUtils.java:logGet(44)) - raft.server.write.byte-limit = 1024 M (=1073741824) (custom)
2022-05-04 03:17:50,576 [2019c0d5-291f-4376-b04f-04da087b6ced@group-AED00B837D44-LeaderElection70] INFO  server.RaftServerConfigKeys (ConfUtils.java:logGet(44)) - raft.server.watch.timeout = 180s (custom)
2022-05-04 03:17:50,576 [2019c0d5-291f-4376-b04f-04da087b6ced@group-AED00B837D44-LeaderElection70] INFO  server.RaftServerConfigKeys (ConfUtils.java:logGet(44)) - raft.server.watch.timeout.denomination = 1s (default)
2022-05-04 03:17:50,577 [EventQueue-OpenPipelineForHealthyPipelineSafeModeRule] INFO  safemode.SCMSafeModeManager (HealthyPipelineSafeModeRule.java:process(124)) - SCM in safe mode. Healthy pipelines reported count is 0, required healthy pipeline reported count is 1
2022-05-04 03:17:50,582 [2019c0d5-291f-4376-b04f-04da087b6ced@group-AED00B837D44-LeaderElection70] INFO  server.RaftServerConfigKeys (ConfUtils.java:logGet(44)) - raft.server.watch.element-limit = 65536 (default)
2022-05-04 03:17:50,582 [2019c0d5-291f-4376-b04f-04da087b6ced@group-AED00B837D44-LeaderElection70] INFO  server.RaftServerConfigKeys (ConfUtils.java:logGet(44)) - raft.server.write.element-limit = 1024 (custom)
2022-05-04 03:17:50,582 [2019c0d5-291f-4376-b04f-04da087b6ced@group-AED00B837D44-LeaderElection70] INFO  server.RaftServerConfigKeys (ConfUtils.java:logGet(44)) - raft.server.write.follower.gap.ratio.max = -1.0 (default)
2022-05-04 03:17:50,583 [2019c0d5-291f-4376-b04f-04da087b6ced@group-AED00B837D44-LeaderElection70] INFO  impl.RoleInfo (RoleInfo.java:updateAndGet(130)) - 2019c0d5-291f-4376-b04f-04da087b6ced: start 2019c0d5-291f-4376-b04f-04da087b6ced@group-AED00B837D44-LeaderStateImpl
2022-05-04 03:17:50,583 [2019c0d5-291f-4376-b04f-04da087b6ced@group-AED00B837D44-LeaderElection70] INFO  segmented.SegmentedRaftLogWorker (SegmentedRaftLogWorker.java:startLogSegment(394)) - 2019c0d5-291f-4376-b04f-04da087b6ced@group-AED00B837D44-SegmentedRaftLogWorker: Starting segment from index:0
2022-05-04 03:17:50,588 [2019c0d5-291f-4376-b04f-04da087b6ced@group-AED00B837D44-SegmentedRaftLogWorker] INFO  segmented.SegmentedRaftLogWorker (SegmentedRaftLogWorker.java:execute(601)) - 2019c0d5-291f-4376-b04f-04da087b6ced@group-AED00B837D44-SegmentedRaftLogWorker: created new log segment /home/runner/work/ozone/ozone/hadoop-ozone/integration-test/target/test-dir/MiniOzoneClusterImpl-bb96fbd3-426a-4dd9-9d55-8297dc8cce15/datanode-4/data/ratis/fd71fe4a-598f-46fa-bb92-aed00b837d44/current/log_inprogress_0
2022-05-04 03:17:50,591 [2019c0d5-291f-4376-b04f-04da087b6ced@group-AED00B837D44-LeaderElection70] INFO  server.RaftServer$Division (ServerState.java:setRaftConf(387)) - 2019c0d5-291f-4376-b04f-04da087b6ced@group-AED00B837D44: set configuration 0: [2019c0d5-291f-4376-b04f-04da087b6ced|rpc:10.1.0.22:39105|dataStream:|priority:1], old=null
2022-05-04 03:17:51,191 [Listener at 127.0.0.1/33661] INFO  ozone.MiniOzoneClusterImpl (MiniOzoneClusterImpl.java:lambda$waitForClusterToBeReady$0(221)) - Nodes are ready. Got 5 of 5 DN Heartbeats.
2022-05-04 03:17:51,191 [Listener at 127.0.0.1/33661] INFO  ozone.MiniOzoneClusterImpl (MiniOzoneClusterImpl.java:lambda$waitForClusterToBeReady$0(224)) - Waiting for cluster to exit safe mode
2022-05-04 03:17:51,191 [Listener at 127.0.0.1/33661] INFO  ozone.MiniOzoneClusterImpl (MiniOzoneClusterImpl.java:lambda$waitForClusterToBeReady$0(226)) - SCM became leader
2022-05-04 03:17:52,192 [Listener at 127.0.0.1/33661] INFO  ozone.MiniOzoneClusterImpl (MiniOzoneClusterImpl.java:lambda$waitForClusterToBeReady$0(221)) - Nodes are ready. Got 5 of 5 DN Heartbeats.
2022-05-04 03:17:52,192 [Listener at 127.0.0.1/33661] INFO  ozone.MiniOzoneClusterImpl (MiniOzoneClusterImpl.java:lambda$waitForClusterToBeReady$0(224)) - Waiting for cluster to exit safe mode
2022-05-04 03:17:52,192 [Listener at 127.0.0.1/33661] INFO  ozone.MiniOzoneClusterImpl (MiniOzoneClusterImpl.java:lambda$waitForClusterToBeReady$0(226)) - SCM became leader
2022-05-04 03:17:52,419 [a4d0b5f9-3282-4cc2-85b1-5a1b13720eaf@group-7E785CA2A080-FollowerState] INFO  impl.FollowerState (FollowerState.java:run(134)) - a4d0b5f9-3282-4cc2-85b1-5a1b13720eaf@group-7E785CA2A080-FollowerState: change to CANDIDATE, lastRpcElapsedTime:5114892179ns, electionTimeout:5112ms
2022-05-04 03:17:52,420 [a4d0b5f9-3282-4cc2-85b1-5a1b13720eaf@group-7E785CA2A080-FollowerState] INFO  impl.RoleInfo (RoleInfo.java:shutdownFollowerState(108)) - a4d0b5f9-3282-4cc2-85b1-5a1b13720eaf: shutdown a4d0b5f9-3282-4cc2-85b1-5a1b13720eaf@group-7E785CA2A080-FollowerState
2022-05-04 03:17:52,420 [a4d0b5f9-3282-4cc2-85b1-5a1b13720eaf@group-7E785CA2A080-FollowerState] INFO  server.RaftServer$Division (RaftServerImpl.java:setRole(290)) - a4d0b5f9-3282-4cc2-85b1-5a1b13720eaf@group-7E785CA2A080: changes role from  FOLLOWER to CANDIDATE at term 1 for changeToCandidate
2022-05-04 03:17:52,420 [a4d0b5f9-3282-4cc2-85b1-5a1b13720eaf@group-7E785CA2A080-FollowerState] INFO  server.RaftServerConfigKeys (ConfUtils.java:logGet(44)) - raft.server.leaderelection.pre-vote = false (custom)
2022-05-04 03:17:52,420 [a4d0b5f9-3282-4cc2-85b1-5a1b13720eaf@group-7E785CA2A080-FollowerState] INFO  impl.RoleInfo (RoleInfo.java:updateAndGet(130)) - a4d0b5f9-3282-4cc2-85b1-5a1b13720eaf: start a4d0b5f9-3282-4cc2-85b1-5a1b13720eaf@group-7E785CA2A080-LeaderElection71
2022-05-04 03:17:52,429 [a4d0b5f9-3282-4cc2-85b1-5a1b13720eaf@group-7E785CA2A080-LeaderElection71] INFO  impl.LeaderElection (LeaderElection.java:askForVotes(306)) - a4d0b5f9-3282-4cc2-85b1-5a1b13720eaf@group-7E785CA2A080-LeaderElection71 ELECTION round 0: submit vote requests at term 2 for -1: [a4d0b5f9-3282-4cc2-85b1-5a1b13720eaf|rpc:10.1.0.22:43989|priority:0, ddb2790c-8d68-49f8-bd13-2d0c1144ba02|rpc:10.1.0.22:35569|priority:0, cd15dffe-0bdf-4ded-a416-2706c1d3a8c9|rpc:10.1.0.22:40121|priority:1], old=null
2022-05-04 03:17:52,454 [ddb2790c-8d68-49f8-bd13-2d0c1144ba02@group-7E785CA2A080-FollowerState] INFO  impl.FollowerState (FollowerState.java:run(134)) - ddb2790c-8d68-49f8-bd13-2d0c1144ba02@group-7E785CA2A080-FollowerState: change to CANDIDATE, lastRpcElapsedTime:5055288810ns, electionTimeout:5054ms
2022-05-04 03:17:52,454 [ddb2790c-8d68-49f8-bd13-2d0c1144ba02@group-7E785CA2A080-FollowerState] INFO  impl.RoleInfo (RoleInfo.java:shutdownFollowerState(108)) - ddb2790c-8d68-49f8-bd13-2d0c1144ba02: shutdown ddb2790c-8d68-49f8-bd13-2d0c1144ba02@group-7E785CA2A080-FollowerState
2022-05-04 03:17:52,454 [ddb2790c-8d68-49f8-bd13-2d0c1144ba02@group-7E785CA2A080-FollowerState] INFO  server.RaftServer$Division (RaftServerImpl.java:setRole(290)) - ddb2790c-8d68-49f8-bd13-2d0c1144ba02@group-7E785CA2A080: changes role from  FOLLOWER to CANDIDATE at term 1 for changeToCandidate
2022-05-04 03:17:52,454 [ddb2790c-8d68-49f8-bd13-2d0c1144ba02@group-7E785CA2A080-FollowerState] INFO  server.RaftServerConfigKeys (ConfUtils.java:logGet(44)) - raft.server.leaderelection.pre-vote = false (custom)
2022-05-04 03:17:52,454 [ddb2790c-8d68-49f8-bd13-2d0c1144ba02@group-7E785CA2A080-FollowerState] INFO  impl.RoleInfo (RoleInfo.java:updateAndGet(130)) - ddb2790c-8d68-49f8-bd13-2d0c1144ba02: start ddb2790c-8d68-49f8-bd13-2d0c1144ba02@group-7E785CA2A080-LeaderElection72
2022-05-04 03:17:52,477 [grpc-default-executor-0] INFO  server.RaftServer$Division (RaftServerImpl.java:requestVote(1046)) - ddb2790c-8d68-49f8-bd13-2d0c1144ba02@group-7E785CA2A080: receive requestVote(ELECTION, a4d0b5f9-3282-4cc2-85b1-5a1b13720eaf, group-7E785CA2A080, 2, (t:0, i:0))
2022-05-04 03:17:52,477 [grpc-default-executor-1] INFO  server.RaftServer$Division (RaftServerImpl.java:requestVote(1046)) - cd15dffe-0bdf-4ded-a416-2706c1d3a8c9@group-7E785CA2A080: receive requestVote(ELECTION, a4d0b5f9-3282-4cc2-85b1-5a1b13720eaf, group-7E785CA2A080, 2, (t:0, i:0))
2022-05-04 03:17:52,477 [grpc-default-executor-1] INFO  impl.VoteContext (VoteContext.java:log(48)) - cd15dffe-0bdf-4ded-a416-2706c1d3a8c9@group-7E785CA2A080-FOLLOWER: reject ELECTION from a4d0b5f9-3282-4cc2-85b1-5a1b13720eaf: our priority 1 > candidate's priority 0
2022-05-04 03:17:52,477 [grpc-default-executor-1] INFO  server.RaftServer$Division (RaftServerImpl.java:setRole(290)) - cd15dffe-0bdf-4ded-a416-2706c1d3a8c9@group-7E785CA2A080: changes role from  FOLLOWER to FOLLOWER at term 2 for candidate:a4d0b5f9-3282-4cc2-85b1-5a1b13720eaf
2022-05-04 03:17:52,478 [grpc-default-executor-1] INFO  impl.RoleInfo (RoleInfo.java:shutdownFollowerState(108)) - cd15dffe-0bdf-4ded-a416-2706c1d3a8c9: shutdown cd15dffe-0bdf-4ded-a416-2706c1d3a8c9@group-7E785CA2A080-FollowerState
2022-05-04 03:17:52,478 [grpc-default-executor-1] INFO  impl.RoleInfo (RoleInfo.java:updateAndGet(130)) - cd15dffe-0bdf-4ded-a416-2706c1d3a8c9: start cd15dffe-0bdf-4ded-a416-2706c1d3a8c9@group-7E785CA2A080-FollowerState
2022-05-04 03:17:52,478 [cd15dffe-0bdf-4ded-a416-2706c1d3a8c9@group-7E785CA2A080-FollowerState] INFO  impl.FollowerState (FollowerState.java:run(143)) - cd15dffe-0bdf-4ded-a416-2706c1d3a8c9@group-7E785CA2A080-FollowerState was interrupted: {}
java.lang.InterruptedException: sleep interrupted
	at java.lang.Thread.sleep(Native Method)
	at java.lang.Thread.sleep(Thread.java:342)
	at java.util.concurrent.TimeUnit.sleep(TimeUnit.java:386)
	at org.apache.ratis.util.TimeDuration.sleep(TimeDuration.java:324)
	at org.apache.ratis.util.TimeDuration.sleep(TimeDuration.java:309)
	at org.apache.ratis.server.impl.FollowerState.run(FollowerState.java:118)
2022-05-04 03:17:52,482 [grpc-default-executor-0] INFO  impl.VoteContext (VoteContext.java:log(48)) - ddb2790c-8d68-49f8-bd13-2d0c1144ba02@group-7E785CA2A080-CANDIDATE: reject ELECTION from a4d0b5f9-3282-4cc2-85b1-5a1b13720eaf: already has voted for ddb2790c-8d68-49f8-bd13-2d0c1144ba02 at current term 2
2022-05-04 03:17:52,482 [grpc-default-executor-0] INFO  server.RaftServer$Division (RaftServerImpl.java:requestVote(1078)) - ddb2790c-8d68-49f8-bd13-2d0c1144ba02@group-7E785CA2A080 replies to ELECTION vote request: a4d0b5f9-3282-4cc2-85b1-5a1b13720eaf<-ddb2790c-8d68-49f8-bd13-2d0c1144ba02#0:FAIL-t2. Peer's state: ddb2790c-8d68-49f8-bd13-2d0c1144ba02@group-7E785CA2A080:t2, leader=null, voted=ddb2790c-8d68-49f8-bd13-2d0c1144ba02, raftlog=ddb2790c-8d68-49f8-bd13-2d0c1144ba02@group-7E785CA2A080-SegmentedRaftLog:OPENED:c-1, conf=-1: [a4d0b5f9-3282-4cc2-85b1-5a1b13720eaf|rpc:10.1.0.22:43989|dataStream:|priority:0, ddb2790c-8d68-49f8-bd13-2d0c1144ba02|rpc:10.1.0.22:35569|dataStream:|priority:0, cd15dffe-0bdf-4ded-a416-2706c1d3a8c9|rpc:10.1.0.22:40121|dataStream:|priority:1], old=null
2022-05-04 03:17:52,483 [ddb2790c-8d68-49f8-bd13-2d0c1144ba02@group-7E785CA2A080-LeaderElection72] INFO  impl.LeaderElection (LeaderElection.java:askForVotes(306)) - ddb2790c-8d68-49f8-bd13-2d0c1144ba02@group-7E785CA2A080-LeaderElection72 ELECTION round 0: submit vote requests at term 2 for -1: [a4d0b5f9-3282-4cc2-85b1-5a1b13720eaf|rpc:10.1.0.22:43989|dataStream:|priority:0, ddb2790c-8d68-49f8-bd13-2d0c1144ba02|rpc:10.1.0.22:35569|dataStream:|priority:0, cd15dffe-0bdf-4ded-a416-2706c1d3a8c9|rpc:10.1.0.22:40121|dataStream:|priority:1], old=null
2022-05-04 03:17:52,485 [grpc-default-executor-1] INFO  server.RaftServer$Division (RaftServerImpl.java:requestVote(1078)) - cd15dffe-0bdf-4ded-a416-2706c1d3a8c9@group-7E785CA2A080 replies to ELECTION vote request: a4d0b5f9-3282-4cc2-85b1-5a1b13720eaf<-cd15dffe-0bdf-4ded-a416-2706c1d3a8c9#0:FAIL-t2. Peer's state: cd15dffe-0bdf-4ded-a416-2706c1d3a8c9@group-7E785CA2A080:t2, leader=null, voted=null, raftlog=cd15dffe-0bdf-4ded-a416-2706c1d3a8c9@group-7E785CA2A080-SegmentedRaftLog:OPENED:c-1, conf=-1: [a4d0b5f9-3282-4cc2-85b1-5a1b13720eaf|rpc:10.1.0.22:43989|dataStream:|priority:0, ddb2790c-8d68-49f8-bd13-2d0c1144ba02|rpc:10.1.0.22:35569|dataStream:|priority:0, cd15dffe-0bdf-4ded-a416-2706c1d3a8c9|rpc:10.1.0.22:40121|dataStream:|priority:1], old=null
2022-05-04 03:17:52,522 [a4d0b5f9-3282-4cc2-85b1-5a1b13720eaf@group-7E785CA2A080-LeaderElection71] INFO  impl.LeaderElection (LeaderElection.java:logAndReturn(89)) - a4d0b5f9-3282-4cc2-85b1-5a1b13720eaf@group-7E785CA2A080-LeaderElection71: ELECTION REJECTED received 2 response(s) and 0 exception(s):
2022-05-04 03:17:52,522 [a4d0b5f9-3282-4cc2-85b1-5a1b13720eaf@group-7E785CA2A080-LeaderElection71] INFO  impl.LeaderElection (LeaderElection.java:logAndReturn(93)) -   Response 0: a4d0b5f9-3282-4cc2-85b1-5a1b13720eaf<-ddb2790c-8d68-49f8-bd13-2d0c1144ba02#0:FAIL-t2
2022-05-04 03:17:52,522 [a4d0b5f9-3282-4cc2-85b1-5a1b13720eaf@group-7E785CA2A080-LeaderElection71] INFO  impl.LeaderElection (LeaderElection.java:logAndReturn(93)) -   Response 1: a4d0b5f9-3282-4cc2-85b1-5a1b13720eaf<-cd15dffe-0bdf-4ded-a416-2706c1d3a8c9#0:FAIL-t2
2022-05-04 03:17:52,522 [a4d0b5f9-3282-4cc2-85b1-5a1b13720eaf@group-7E785CA2A080-LeaderElection71] INFO  impl.LeaderElection (LeaderElection.java:askForVotes(308)) - a4d0b5f9-3282-4cc2-85b1-5a1b13720eaf@group-7E785CA2A080-LeaderElection71 ELECTION round 0: result REJECTED
2022-05-04 03:17:52,531 [a4d0b5f9-3282-4cc2-85b1-5a1b13720eaf@group-7E785CA2A080-LeaderElection71] INFO  server.RaftServer$Division (RaftServerImpl.java:setRole(290)) - a4d0b5f9-3282-4cc2-85b1-5a1b13720eaf@group-7E785CA2A080: changes role from CANDIDATE to FOLLOWER at term 2 for REJECTED
2022-05-04 03:17:52,532 [a4d0b5f9-3282-4cc2-85b1-5a1b13720eaf@group-7E785CA2A080-LeaderElection71] INFO  impl.RoleInfo (RoleInfo.java:shutdownLeaderElection(121)) - a4d0b5f9-3282-4cc2-85b1-5a1b13720eaf: shutdown a4d0b5f9-3282-4cc2-85b1-5a1b13720eaf@group-7E785CA2A080-LeaderElection71
2022-05-04 03:17:52,532 [a4d0b5f9-3282-4cc2-85b1-5a1b13720eaf@group-7E785CA2A080-LeaderElection71] INFO  impl.RoleInfo (RoleInfo.java:updateAndGet(130)) - a4d0b5f9-3282-4cc2-85b1-5a1b13720eaf: start a4d0b5f9-3282-4cc2-85b1-5a1b13720eaf@group-7E785CA2A080-FollowerState
2022-05-04 03:17:52,592 [grpc-default-executor-1] INFO  server.RaftServer$Division (RaftServerImpl.java:requestVote(1046)) - a4d0b5f9-3282-4cc2-85b1-5a1b13720eaf@group-7E785CA2A080: receive requestVote(ELECTION, ddb2790c-8d68-49f8-bd13-2d0c1144ba02, group-7E785CA2A080, 2, (t:0, i:0))
2022-05-04 03:17:52,593 [grpc-default-executor-1] INFO  impl.VoteContext (VoteContext.java:log(48)) - a4d0b5f9-3282-4cc2-85b1-5a1b13720eaf@group-7E785CA2A080-FOLLOWER: reject ELECTION from ddb2790c-8d68-49f8-bd13-2d0c1144ba02: already has voted for a4d0b5f9-3282-4cc2-85b1-5a1b13720eaf at current term 2
2022-05-04 03:17:52,593 [grpc-default-executor-1] INFO  server.RaftServer$Division (RaftServerImpl.java:requestVote(1078)) - a4d0b5f9-3282-4cc2-85b1-5a1b13720eaf@group-7E785CA2A080 replies to ELECTION vote request: ddb2790c-8d68-49f8-bd13-2d0c1144ba02<-a4d0b5f9-3282-4cc2-85b1-5a1b13720eaf#0:FAIL-t2. Peer's state: a4d0b5f9-3282-4cc2-85b1-5a1b13720eaf@group-7E785CA2A080:t2, leader=null, voted=a4d0b5f9-3282-4cc2-85b1-5a1b13720eaf, raftlog=a4d0b5f9-3282-4cc2-85b1-5a1b13720eaf@group-7E785CA2A080-SegmentedRaftLog:OPENED:c-1, conf=-1: [a4d0b5f9-3282-4cc2-85b1-5a1b13720eaf|rpc:10.1.0.22:43989|priority:0, ddb2790c-8d68-49f8-bd13-2d0c1144ba02|rpc:10.1.0.22:35569|priority:0, cd15dffe-0bdf-4ded-a416-2706c1d3a8c9|rpc:10.1.0.22:40121|priority:1], old=null
2022-05-04 03:17:52,628 [grpc-default-executor-1] INFO  server.RaftServer$Division (RaftServerImpl.java:requestVote(1046)) - cd15dffe-0bdf-4ded-a416-2706c1d3a8c9@group-7E785CA2A080: receive requestVote(ELECTION, ddb2790c-8d68-49f8-bd13-2d0c1144ba02, group-7E785CA2A080, 2, (t:0, i:0))
2022-05-04 03:17:52,629 [grpc-default-executor-1] INFO  impl.VoteContext (VoteContext.java:log(48)) - cd15dffe-0bdf-4ded-a416-2706c1d3a8c9@group-7E785CA2A080-FOLLOWER: reject ELECTION from ddb2790c-8d68-49f8-bd13-2d0c1144ba02: our priority 1 > candidate's priority 0
2022-05-04 03:17:52,629 [grpc-default-executor-1] INFO  server.RaftServer$Division (RaftServerImpl.java:setRole(290)) - cd15dffe-0bdf-4ded-a416-2706c1d3a8c9@group-7E785CA2A080: changes role from  FOLLOWER to FOLLOWER at term 2 for candidate:ddb2790c-8d68-49f8-bd13-2d0c1144ba02
2022-05-04 03:17:52,629 [grpc-default-executor-1] INFO  impl.RoleInfo (RoleInfo.java:shutdownFollowerState(108)) - cd15dffe-0bdf-4ded-a416-2706c1d3a8c9: shutdown cd15dffe-0bdf-4ded-a416-2706c1d3a8c9@group-7E785CA2A080-FollowerState
2022-05-04 03:17:52,629 [grpc-default-executor-1] INFO  impl.RoleInfo (RoleInfo.java:updateAndGet(130)) - cd15dffe-0bdf-4ded-a416-2706c1d3a8c9: start cd15dffe-0bdf-4ded-a416-2706c1d3a8c9@group-7E785CA2A080-FollowerState
2022-05-04 03:17:52,629 [cd15dffe-0bdf-4ded-a416-2706c1d3a8c9@group-7E785CA2A080-FollowerState] INFO  impl.FollowerState (FollowerState.java:run(143)) - cd15dffe-0bdf-4ded-a416-2706c1d3a8c9@group-7E785CA2A080-FollowerState was interrupted: {}
java.lang.InterruptedException: sleep interrupted
	at java.lang.Thread.sleep(Native Method)
	at java.lang.Thread.sleep(Thread.java:342)
	at java.util.concurrent.TimeUnit.sleep(TimeUnit.java:386)
	at org.apache.ratis.util.TimeDuration.sleep(TimeDuration.java:324)
	at org.apache.ratis.util.TimeDuration.sleep(TimeDuration.java:309)
	at org.apache.ratis.server.impl.FollowerState.run(FollowerState.java:118)
2022-05-04 03:17:52,635 [grpc-default-executor-1] INFO  server.RaftServer$Division (RaftServerImpl.java:requestVote(1078)) - cd15dffe-0bdf-4ded-a416-2706c1d3a8c9@group-7E785CA2A080 replies to ELECTION vote request: ddb2790c-8d68-49f8-bd13-2d0c1144ba02<-cd15dffe-0bdf-4ded-a416-2706c1d3a8c9#0:FAIL-t2. Peer's state: cd15dffe-0bdf-4ded-a416-2706c1d3a8c9@group-7E785CA2A080:t2, leader=null, voted=null, raftlog=cd15dffe-0bdf-4ded-a416-2706c1d3a8c9@group-7E785CA2A080-SegmentedRaftLog:OPENED:c-1, conf=-1: [a4d0b5f9-3282-4cc2-85b1-5a1b13720eaf|rpc:10.1.0.22:43989|dataStream:|priority:0, ddb2790c-8d68-49f8-bd13-2d0c1144ba02|rpc:10.1.0.22:35569|dataStream:|priority:0, cd15dffe-0bdf-4ded-a416-2706c1d3a8c9|rpc:10.1.0.22:40121|dataStream:|priority:1], old=null
2022-05-04 03:17:52,663 [ddb2790c-8d68-49f8-bd13-2d0c1144ba02@group-7E785CA2A080-LeaderElection72] INFO  impl.LeaderElection (LeaderElection.java:logAndReturn(89)) - ddb2790c-8d68-49f8-bd13-2d0c1144ba02@group-7E785CA2A080-LeaderElection72: ELECTION REJECTED received 2 response(s) and 0 exception(s):
2022-05-04 03:17:52,663 [ddb2790c-8d68-49f8-bd13-2d0c1144ba02@group-7E785CA2A080-LeaderElection72] INFO  impl.LeaderElection (LeaderElection.java:logAndReturn(93)) -   Response 0: ddb2790c-8d68-49f8-bd13-2d0c1144ba02<-a4d0b5f9-3282-4cc2-85b1-5a1b13720eaf#0:FAIL-t2
2022-05-04 03:17:52,663 [ddb2790c-8d68-49f8-bd13-2d0c1144ba02@group-7E785CA2A080-LeaderElection72] INFO  impl.LeaderElection (LeaderElection.java:logAndReturn(93)) -   Response 1: ddb2790c-8d68-49f8-bd13-2d0c1144ba02<-cd15dffe-0bdf-4ded-a416-2706c1d3a8c9#0:FAIL-t2
2022-05-04 03:17:52,663 [ddb2790c-8d68-49f8-bd13-2d0c1144ba02@group-7E785CA2A080-LeaderElection72] INFO  impl.LeaderElection (LeaderElection.java:askForVotes(308)) - ddb2790c-8d68-49f8-bd13-2d0c1144ba02@group-7E785CA2A080-LeaderElection72 ELECTION round 0: result REJECTED
2022-05-04 03:17:52,663 [ddb2790c-8d68-49f8-bd13-2d0c1144ba02@group-7E785CA2A080-LeaderElection72] INFO  server.RaftServer$Division (RaftServerImpl.java:setRole(290)) - ddb2790c-8d68-49f8-bd13-2d0c1144ba02@group-7E785CA2A080: changes role from CANDIDATE to FOLLOWER at term 2 for REJECTED
2022-05-04 03:17:52,663 [ddb2790c-8d68-49f8-bd13-2d0c1144ba02@group-7E785CA2A080-LeaderElection72] INFO  impl.RoleInfo (RoleInfo.java:shutdownLeaderElection(121)) - ddb2790c-8d68-49f8-bd13-2d0c1144ba02: shutdown ddb2790c-8d68-49f8-bd13-2d0c1144ba02@group-7E785CA2A080-LeaderElection72
2022-05-04 03:17:52,663 [ddb2790c-8d68-49f8-bd13-2d0c1144ba02@group-7E785CA2A080-LeaderElection72] INFO  impl.RoleInfo (RoleInfo.java:updateAndGet(130)) - ddb2790c-8d68-49f8-bd13-2d0c1144ba02: start ddb2790c-8d68-49f8-bd13-2d0c1144ba02@group-7E785CA2A080-FollowerState
2022-05-04 03:17:52,748 [a4d0b5f9-3282-4cc2-85b1-5a1b13720eaf@group-9BA82786B54C-FollowerState] INFO  impl.FollowerState (FollowerState.java:run(134)) - a4d0b5f9-3282-4cc2-85b1-5a1b13720eaf@group-9BA82786B54C-FollowerState: change to CANDIDATE, lastRpcElapsedTime:5167454776ns, electionTimeout:5166ms
2022-05-04 03:17:52,748 [a4d0b5f9-3282-4cc2-85b1-5a1b13720eaf@group-9BA82786B54C-FollowerState] INFO  impl.RoleInfo (RoleInfo.java:shutdownFollowerState(108)) - a4d0b5f9-3282-4cc2-85b1-5a1b13720eaf: shutdown a4d0b5f9-3282-4cc2-85b1-5a1b13720eaf@group-9BA82786B54C-FollowerState
2022-05-04 03:17:52,748 [a4d0b5f9-3282-4cc2-85b1-5a1b13720eaf@group-9BA82786B54C-FollowerState] INFO  server.RaftServer$Division (RaftServerImpl.java:setRole(290)) - a4d0b5f9-3282-4cc2-85b1-5a1b13720eaf@group-9BA82786B54C: changes role from  FOLLOWER to CANDIDATE at term 1 for changeToCandidate
2022-05-04 03:17:52,749 [a4d0b5f9-3282-4cc2-85b1-5a1b13720eaf@group-9BA82786B54C-FollowerState] INFO  server.RaftServerConfigKeys (ConfUtils.java:logGet(44)) - raft.server.leaderelection.pre-vote = false (custom)
2022-05-04 03:17:52,749 [a4d0b5f9-3282-4cc2-85b1-5a1b13720eaf@group-9BA82786B54C-FollowerState] INFO  impl.RoleInfo (RoleInfo.java:updateAndGet(130)) - a4d0b5f9-3282-4cc2-85b1-5a1b13720eaf: start a4d0b5f9-3282-4cc2-85b1-5a1b13720eaf@group-9BA82786B54C-LeaderElection73
2022-05-04 03:17:52,762 [a4d0b5f9-3282-4cc2-85b1-5a1b13720eaf@group-9BA82786B54C-LeaderElection73] INFO  impl.LeaderElection (LeaderElection.java:askForVotes(306)) - a4d0b5f9-3282-4cc2-85b1-5a1b13720eaf@group-9BA82786B54C-LeaderElection73 ELECTION round 0: submit vote requests at term 2 for -1: [a4d0b5f9-3282-4cc2-85b1-5a1b13720eaf|rpc:10.1.0.22:43989|priority:0, ddb2790c-8d68-49f8-bd13-2d0c1144ba02|rpc:10.1.0.22:35569|priority:1, cd15dffe-0bdf-4ded-a416-2706c1d3a8c9|rpc:10.1.0.22:40121|priority:0], old=null
2022-05-04 03:17:52,780 [ddb2790c-8d68-49f8-bd13-2d0c1144ba02@group-9BA82786B54C-FollowerState] INFO  impl.FollowerState (FollowerState.java:run(134)) - ddb2790c-8d68-49f8-bd13-2d0c1144ba02@group-9BA82786B54C-FollowerState: change to CANDIDATE, lastRpcElapsedTime:5202230708ns, electionTimeout:5191ms
2022-05-04 03:17:52,780 [ddb2790c-8d68-49f8-bd13-2d0c1144ba02@group-9BA82786B54C-FollowerState] INFO  impl.RoleInfo (RoleInfo.java:shutdownFollowerState(108)) - ddb2790c-8d68-49f8-bd13-2d0c1144ba02: shutdown ddb2790c-8d68-49f8-bd13-2d0c1144ba02@group-9BA82786B54C-FollowerState
2022-05-04 03:17:52,780 [ddb2790c-8d68-49f8-bd13-2d0c1144ba02@group-9BA82786B54C-FollowerState] INFO  server.RaftServer$Division (RaftServerImpl.java:setRole(290)) - ddb2790c-8d68-49f8-bd13-2d0c1144ba02@group-9BA82786B54C: changes role from  FOLLOWER to CANDIDATE at term 1 for changeToCandidate
2022-05-04 03:17:52,780 [ddb2790c-8d68-49f8-bd13-2d0c1144ba02@group-9BA82786B54C-FollowerState] INFO  server.RaftServerConfigKeys (ConfUtils.java:logGet(44)) - raft.server.leaderelection.pre-vote = false (custom)
2022-05-04 03:17:52,780 [ddb2790c-8d68-49f8-bd13-2d0c1144ba02@group-9BA82786B54C-FollowerState] INFO  impl.RoleInfo (RoleInfo.java:updateAndGet(130)) - ddb2790c-8d68-49f8-bd13-2d0c1144ba02: start ddb2790c-8d68-49f8-bd13-2d0c1144ba02@group-9BA82786B54C-LeaderElection74
2022-05-04 03:17:52,780 [grpc-default-executor-1] INFO  server.RaftServer$Division (RaftServerImpl.java:requestVote(1046)) - ddb2790c-8d68-49f8-bd13-2d0c1144ba02@group-9BA82786B54C: receive requestVote(ELECTION, a4d0b5f9-3282-4cc2-85b1-5a1b13720eaf, group-9BA82786B54C, 2, (t:0, i:0))
2022-05-04 03:17:52,784 [grpc-default-executor-1] INFO  impl.VoteContext (VoteContext.java:log(48)) - ddb2790c-8d68-49f8-bd13-2d0c1144ba02@group-9BA82786B54C-CANDIDATE: reject ELECTION from a4d0b5f9-3282-4cc2-85b1-5a1b13720eaf: our priority 1 > candidate's priority 0
2022-05-04 03:17:52,784 [grpc-default-executor-1] INFO  server.RaftServer$Division (RaftServerImpl.java:setRole(290)) - ddb2790c-8d68-49f8-bd13-2d0c1144ba02@group-9BA82786B54C: changes role from CANDIDATE to FOLLOWER at term 2 for candidate:a4d0b5f9-3282-4cc2-85b1-5a1b13720eaf
2022-05-04 03:17:52,784 [grpc-default-executor-1] INFO  impl.RoleInfo (RoleInfo.java:shutdownLeaderElection(121)) - ddb2790c-8d68-49f8-bd13-2d0c1144ba02: shutdown ddb2790c-8d68-49f8-bd13-2d0c1144ba02@group-9BA82786B54C-LeaderElection74
2022-05-04 03:17:52,784 [grpc-default-executor-1] INFO  impl.RoleInfo (RoleInfo.java:updateAndGet(130)) - ddb2790c-8d68-49f8-bd13-2d0c1144ba02: start ddb2790c-8d68-49f8-bd13-2d0c1144ba02@group-9BA82786B54C-FollowerState
2022-05-04 03:17:52,784 [ddb2790c-8d68-49f8-bd13-2d0c1144ba02@group-9BA82786B54C-LeaderElection74] INFO  impl.LeaderElection (LeaderElection.java:run(230)) - ddb2790c-8d68-49f8-bd13-2d0c1144ba02@group-9BA82786B54C-LeaderElection74: skip running since this is already CLOSING
2022-05-04 03:17:52,803 [grpc-default-executor-1] INFO  server.RaftServer$Division (RaftServerImpl.java:requestVote(1078)) - ddb2790c-8d68-49f8-bd13-2d0c1144ba02@group-9BA82786B54C replies to ELECTION vote request: a4d0b5f9-3282-4cc2-85b1-5a1b13720eaf<-ddb2790c-8d68-49f8-bd13-2d0c1144ba02#0:FAIL-t2. Peer's state: ddb2790c-8d68-49f8-bd13-2d0c1144ba02@group-9BA82786B54C:t2, leader=null, voted=null, raftlog=ddb2790c-8d68-49f8-bd13-2d0c1144ba02@group-9BA82786B54C-SegmentedRaftLog:OPENED:c-1, conf=-1: [a4d0b5f9-3282-4cc2-85b1-5a1b13720eaf|rpc:10.1.0.22:43989|dataStream:|priority:0, ddb2790c-8d68-49f8-bd13-2d0c1144ba02|rpc:10.1.0.22:35569|dataStream:|priority:1, cd15dffe-0bdf-4ded-a416-2706c1d3a8c9|rpc:10.1.0.22:40121|dataStream:|priority:0], old=null
2022-05-04 03:17:52,816 [a4d0b5f9-3282-4cc2-85b1-5a1b13720eaf@group-9BA82786B54C-LeaderElection73] INFO  impl.LeaderElection (LeaderElection.java:logAndReturn(89)) - a4d0b5f9-3282-4cc2-85b1-5a1b13720eaf@group-9BA82786B54C-LeaderElection73: ELECTION REJECTED received 1 response(s) and 0 exception(s):
2022-05-04 03:17:52,817 [a4d0b5f9-3282-4cc2-85b1-5a1b13720eaf@group-9BA82786B54C-LeaderElection73] INFO  impl.LeaderElection (LeaderElection.java:logAndReturn(93)) -   Response 0: a4d0b5f9-3282-4cc2-85b1-5a1b13720eaf<-ddb2790c-8d68-49f8-bd13-2d0c1144ba02#0:FAIL-t2
2022-05-04 03:17:52,817 [a4d0b5f9-3282-4cc2-85b1-5a1b13720eaf@group-9BA82786B54C-LeaderElection73] INFO  impl.LeaderElection (LeaderElection.java:askForVotes(308)) - a4d0b5f9-3282-4cc2-85b1-5a1b13720eaf@group-9BA82786B54C-LeaderElection73 ELECTION round 0: result REJECTED
2022-05-04 03:17:52,817 [a4d0b5f9-3282-4cc2-85b1-5a1b13720eaf@group-9BA82786B54C-LeaderElection73] INFO  server.RaftServer$Division (RaftServerImpl.java:setRole(290)) - a4d0b5f9-3282-4cc2-85b1-5a1b13720eaf@group-9BA82786B54C: changes role from CANDIDATE to FOLLOWER at term 2 for REJECTED
2022-05-04 03:17:52,817 [a4d0b5f9-3282-4cc2-85b1-5a1b13720eaf@group-9BA82786B54C-LeaderElection73] INFO  impl.RoleInfo (RoleInfo.java:shutdownLeaderElection(121)) - a4d0b5f9-3282-4cc2-85b1-5a1b13720eaf: shutdown a4d0b5f9-3282-4cc2-85b1-5a1b13720eaf@group-9BA82786B54C-LeaderElection73
2022-05-04 03:17:52,817 [a4d0b5f9-3282-4cc2-85b1-5a1b13720eaf@group-9BA82786B54C-LeaderElection73] INFO  impl.RoleInfo (RoleInfo.java:updateAndGet(130)) - a4d0b5f9-3282-4cc2-85b1-5a1b13720eaf: start a4d0b5f9-3282-4cc2-85b1-5a1b13720eaf@group-9BA82786B54C-FollowerState
2022-05-04 03:17:52,831 [cd15dffe-0bdf-4ded-a416-2706c1d3a8c9@group-9BA82786B54C-FollowerState] INFO  impl.FollowerState (FollowerState.java:run(134)) - cd15dffe-0bdf-4ded-a416-2706c1d3a8c9@group-9BA82786B54C-FollowerState: change to CANDIDATE, lastRpcElapsedTime:5201516601ns, electionTimeout:5131ms
2022-05-04 03:17:52,832 [cd15dffe-0bdf-4ded-a416-2706c1d3a8c9@group-9BA82786B54C-FollowerState] INFO  impl.RoleInfo (RoleInfo.java:shutdownFollowerState(108)) - cd15dffe-0bdf-4ded-a416-2706c1d3a8c9: shutdown cd15dffe-0bdf-4ded-a416-2706c1d3a8c9@group-9BA82786B54C-FollowerState
2022-05-04 03:17:52,832 [cd15dffe-0bdf-4ded-a416-2706c1d3a8c9@group-9BA82786B54C-FollowerState] INFO  server.RaftServer$Division (RaftServerImpl.java:setRole(290)) - cd15dffe-0bdf-4ded-a416-2706c1d3a8c9@group-9BA82786B54C: changes role from  FOLLOWER to CANDIDATE at term 1 for changeToCandidate
2022-05-04 03:17:52,832 [cd15dffe-0bdf-4ded-a416-2706c1d3a8c9@group-9BA82786B54C-FollowerState] INFO  server.RaftServerConfigKeys (ConfUtils.java:logGet(44)) - raft.server.leaderelection.pre-vote = false (custom)
2022-05-04 03:17:52,832 [cd15dffe-0bdf-4ded-a416-2706c1d3a8c9@group-9BA82786B54C-FollowerState] INFO  impl.RoleInfo (RoleInfo.java:updateAndGet(130)) - cd15dffe-0bdf-4ded-a416-2706c1d3a8c9: start cd15dffe-0bdf-4ded-a416-2706c1d3a8c9@group-9BA82786B54C-LeaderElection75
2022-05-04 03:17:52,844 [cd15dffe-0bdf-4ded-a416-2706c1d3a8c9@group-9BA82786B54C-LeaderElection75] INFO  impl.LeaderElection (LeaderElection.java:askForVotes(306)) - cd15dffe-0bdf-4ded-a416-2706c1d3a8c9@group-9BA82786B54C-LeaderElection75 ELECTION round 0: submit vote requests at term 2 for -1: [a4d0b5f9-3282-4cc2-85b1-5a1b13720eaf|rpc:10.1.0.22:43989|dataStream:|priority:0, ddb2790c-8d68-49f8-bd13-2d0c1144ba02|rpc:10.1.0.22:35569|dataStream:|priority:1, cd15dffe-0bdf-4ded-a416-2706c1d3a8c9|rpc:10.1.0.22:40121|dataStream:|priority:0], old=null
2022-05-04 03:17:52,872 [grpc-default-executor-0] INFO  server.RaftServer$Division (RaftServerImpl.java:requestVote(1046)) - a4d0b5f9-3282-4cc2-85b1-5a1b13720eaf@group-9BA82786B54C: receive requestVote(ELECTION, cd15dffe-0bdf-4ded-a416-2706c1d3a8c9, group-9BA82786B54C, 2, (t:0, i:0))
2022-05-04 03:17:52,872 [grpc-default-executor-0] INFO  impl.VoteContext (VoteContext.java:log(48)) - a4d0b5f9-3282-4cc2-85b1-5a1b13720eaf@group-9BA82786B54C-FOLLOWER: reject ELECTION from cd15dffe-0bdf-4ded-a416-2706c1d3a8c9: already has voted for a4d0b5f9-3282-4cc2-85b1-5a1b13720eaf at current term 2
2022-05-04 03:17:52,872 [grpc-default-executor-0] INFO  server.RaftServer$Division (RaftServerImpl.java:requestVote(1078)) - a4d0b5f9-3282-4cc2-85b1-5a1b13720eaf@group-9BA82786B54C replies to ELECTION vote request: cd15dffe-0bdf-4ded-a416-2706c1d3a8c9<-a4d0b5f9-3282-4cc2-85b1-5a1b13720eaf#0:FAIL-t2. Peer's state: a4d0b5f9-3282-4cc2-85b1-5a1b13720eaf@group-9BA82786B54C:t2, leader=null, voted=a4d0b5f9-3282-4cc2-85b1-5a1b13720eaf, raftlog=a4d0b5f9-3282-4cc2-85b1-5a1b13720eaf@group-9BA82786B54C-SegmentedRaftLog:OPENED:c-1, conf=-1: [a4d0b5f9-3282-4cc2-85b1-5a1b13720eaf|rpc:10.1.0.22:43989|priority:0, ddb2790c-8d68-49f8-bd13-2d0c1144ba02|rpc:10.1.0.22:35569|priority:1, cd15dffe-0bdf-4ded-a416-2706c1d3a8c9|rpc:10.1.0.22:40121|priority:0], old=null
2022-05-04 03:17:52,873 [grpc-default-executor-2] INFO  server.RaftServer$Division (RaftServerImpl.java:requestVote(1046)) - ddb2790c-8d68-49f8-bd13-2d0c1144ba02@group-9BA82786B54C: receive requestVote(ELECTION, cd15dffe-0bdf-4ded-a416-2706c1d3a8c9, group-9BA82786B54C, 2, (t:0, i:0))
2022-05-04 03:17:52,873 [grpc-default-executor-2] INFO  impl.VoteContext (VoteContext.java:log(48)) - ddb2790c-8d68-49f8-bd13-2d0c1144ba02@group-9BA82786B54C-FOLLOWER: reject ELECTION from cd15dffe-0bdf-4ded-a416-2706c1d3a8c9: our priority 1 > candidate's priority 0
2022-05-04 03:17:52,873 [grpc-default-executor-2] INFO  server.RaftServer$Division (RaftServerImpl.java:setRole(290)) - ddb2790c-8d68-49f8-bd13-2d0c1144ba02@group-9BA82786B54C: changes role from  FOLLOWER to FOLLOWER at term 2 for candidate:cd15dffe-0bdf-4ded-a416-2706c1d3a8c9
2022-05-04 03:17:52,873 [grpc-default-executor-2] INFO  impl.RoleInfo (RoleInfo.java:shutdownFollowerState(108)) - ddb2790c-8d68-49f8-bd13-2d0c1144ba02: shutdown ddb2790c-8d68-49f8-bd13-2d0c1144ba02@group-9BA82786B54C-FollowerState
2022-05-04 03:17:52,873 [grpc-default-executor-2] INFO  impl.RoleInfo (RoleInfo.java:updateAndGet(130)) - ddb2790c-8d68-49f8-bd13-2d0c1144ba02: start ddb2790c-8d68-49f8-bd13-2d0c1144ba02@group-9BA82786B54C-FollowerState
2022-05-04 03:17:52,873 [ddb2790c-8d68-49f8-bd13-2d0c1144ba02@group-9BA82786B54C-FollowerState] INFO  impl.FollowerState (FollowerState.java:run(143)) - ddb2790c-8d68-49f8-bd13-2d0c1144ba02@group-9BA82786B54C-FollowerState was interrupted: {}
java.lang.InterruptedException: sleep interrupted
	at java.lang.Thread.sleep(Native Method)
	at java.lang.Thread.sleep(Thread.java:342)
	at java.util.concurrent.TimeUnit.sleep(TimeUnit.java:386)
	at org.apache.ratis.util.TimeDuration.sleep(TimeDuration.java:324)
	at org.apache.ratis.util.TimeDuration.sleep(TimeDuration.java:309)
	at org.apache.ratis.server.impl.FollowerState.run(FollowerState.java:118)
2022-05-04 03:17:52,874 [grpc-default-executor-2] INFO  server.RaftServer$Division (RaftServerImpl.java:requestVote(1078)) - ddb2790c-8d68-49f8-bd13-2d0c1144ba02@group-9BA82786B54C replies to ELECTION vote request: cd15dffe-0bdf-4ded-a416-2706c1d3a8c9<-ddb2790c-8d68-49f8-bd13-2d0c1144ba02#0:FAIL-t2. Peer's state: ddb2790c-8d68-49f8-bd13-2d0c1144ba02@group-9BA82786B54C:t2, leader=null, voted=null, raftlog=ddb2790c-8d68-49f8-bd13-2d0c1144ba02@group-9BA82786B54C-SegmentedRaftLog:OPENED:c-1, conf=-1: [a4d0b5f9-3282-4cc2-85b1-5a1b13720eaf|rpc:10.1.0.22:43989|dataStream:|priority:0, ddb2790c-8d68-49f8-bd13-2d0c1144ba02|rpc:10.1.0.22:35569|dataStream:|priority:1, cd15dffe-0bdf-4ded-a416-2706c1d3a8c9|rpc:10.1.0.22:40121|dataStream:|priority:0], old=null
2022-05-04 03:17:52,886 [grpc-default-executor-2] INFO  server.RaftServer$Division (RaftServerImpl.java:requestVote(1046)) - cd15dffe-0bdf-4ded-a416-2706c1d3a8c9@group-9BA82786B54C: receive requestVote(ELECTION, a4d0b5f9-3282-4cc2-85b1-5a1b13720eaf, group-9BA82786B54C, 2, (t:0, i:0))
2022-05-04 03:17:52,886 [grpc-default-executor-2] INFO  impl.VoteContext (VoteContext.java:log(48)) - cd15dffe-0bdf-4ded-a416-2706c1d3a8c9@group-9BA82786B54C-CANDIDATE: reject ELECTION from a4d0b5f9-3282-4cc2-85b1-5a1b13720eaf: already has voted for cd15dffe-0bdf-4ded-a416-2706c1d3a8c9 at current term 2
2022-05-04 03:17:52,886 [cd15dffe-0bdf-4ded-a416-2706c1d3a8c9@group-9BA82786B54C-LeaderElection75] INFO  impl.LeaderElection (LeaderElection.java:logAndReturn(89)) - cd15dffe-0bdf-4ded-a416-2706c1d3a8c9@group-9BA82786B54C-LeaderElection75: ELECTION REJECTED received 2 response(s) and 0 exception(s):
2022-05-04 03:17:52,886 [grpc-default-executor-2] INFO  server.RaftServer$Division (RaftServerImpl.java:requestVote(1078)) - cd15dffe-0bdf-4ded-a416-2706c1d3a8c9@group-9BA82786B54C replies to ELECTION vote request: a4d0b5f9-3282-4cc2-85b1-5a1b13720eaf<-cd15dffe-0bdf-4ded-a416-2706c1d3a8c9#0:FAIL-t2. Peer's state: cd15dffe-0bdf-4ded-a416-2706c1d3a8c9@group-9BA82786B54C:t2, leader=null, voted=cd15dffe-0bdf-4ded-a416-2706c1d3a8c9, raftlog=cd15dffe-0bdf-4ded-a416-2706c1d3a8c9@group-9BA82786B54C-SegmentedRaftLog:OPENED:c-1, conf=-1: [a4d0b5f9-3282-4cc2-85b1-5a1b13720eaf|rpc:10.1.0.22:43989|dataStream:|priority:0, ddb2790c-8d68-49f8-bd13-2d0c1144ba02|rpc:10.1.0.22:35569|dataStream:|priority:1, cd15dffe-0bdf-4ded-a416-2706c1d3a8c9|rpc:10.1.0.22:40121|dataStream:|priority:0], old=null
2022-05-04 03:17:52,886 [cd15dffe-0bdf-4ded-a416-2706c1d3a8c9@group-9BA82786B54C-LeaderElection75] INFO  impl.LeaderElection (LeaderElection.java:logAndReturn(93)) -   Response 0: cd15dffe-0bdf-4ded-a416-2706c1d3a8c9<-a4d0b5f9-3282-4cc2-85b1-5a1b13720eaf#0:FAIL-t2
2022-05-04 03:17:52,887 [cd15dffe-0bdf-4ded-a416-2706c1d3a8c9@group-9BA82786B54C-LeaderElection75] INFO  impl.LeaderElection (LeaderElection.java:logAndReturn(93)) -   Response 1: cd15dffe-0bdf-4ded-a416-2706c1d3a8c9<-ddb2790c-8d68-49f8-bd13-2d0c1144ba02#0:FAIL-t2
2022-05-04 03:17:52,887 [cd15dffe-0bdf-4ded-a416-2706c1d3a8c9@group-9BA82786B54C-LeaderElection75] INFO  impl.LeaderElection (LeaderElection.java:askForVotes(308)) - cd15dffe-0bdf-4ded-a416-2706c1d3a8c9@group-9BA82786B54C-LeaderElection75 ELECTION round 0: result REJECTED
2022-05-04 03:17:52,887 [cd15dffe-0bdf-4ded-a416-2706c1d3a8c9@group-9BA82786B54C-LeaderElection75] INFO  server.RaftServer$Division (RaftServerImpl.java:setRole(290)) - cd15dffe-0bdf-4ded-a416-2706c1d3a8c9@group-9BA82786B54C: changes role from CANDIDATE to FOLLOWER at term 2 for REJECTED
2022-05-04 03:17:52,887 [cd15dffe-0bdf-4ded-a416-2706c1d3a8c9@group-9BA82786B54C-LeaderElection75] INFO  impl.RoleInfo (RoleInfo.java:shutdownLeaderElection(121)) - cd15dffe-0bdf-4ded-a416-2706c1d3a8c9: shutdown cd15dffe-0bdf-4ded-a416-2706c1d3a8c9@group-9BA82786B54C-LeaderElection75
2022-05-04 03:17:52,914 [cd15dffe-0bdf-4ded-a416-2706c1d3a8c9@group-9BA82786B54C-LeaderElection75] INFO  impl.RoleInfo (RoleInfo.java:updateAndGet(130)) - cd15dffe-0bdf-4ded-a416-2706c1d3a8c9: start cd15dffe-0bdf-4ded-a416-2706c1d3a8c9@group-9BA82786B54C-FollowerState
2022-05-04 03:17:53,193 [Listener at 127.0.0.1/33661] INFO  ozone.MiniOzoneClusterImpl (MiniOzoneClusterImpl.java:lambda$waitForClusterToBeReady$0(221)) - Nodes are ready. Got 5 of 5 DN Heartbeats.
2022-05-04 03:17:53,193 [Listener at 127.0.0.1/33661] INFO  ozone.MiniOzoneClusterImpl (MiniOzoneClusterImpl.java:lambda$waitForClusterToBeReady$0(224)) - Waiting for cluster to exit safe mode
2022-05-04 03:17:53,193 [Listener at 127.0.0.1/33661] INFO  ozone.MiniOzoneClusterImpl (MiniOzoneClusterImpl.java:lambda$waitForClusterToBeReady$0(226)) - SCM became leader
2022-05-04 03:17:54,193 [Listener at 127.0.0.1/33661] INFO  ozone.MiniOzoneClusterImpl (MiniOzoneClusterImpl.java:lambda$waitForClusterToBeReady$0(221)) - Nodes are ready. Got 5 of 5 DN Heartbeats.
2022-05-04 03:17:54,194 [Listener at 127.0.0.1/33661] INFO  ozone.MiniOzoneClusterImpl (MiniOzoneClusterImpl.java:lambda$waitForClusterToBeReady$0(224)) - Waiting for cluster to exit safe mode
2022-05-04 03:17:54,194 [Listener at 127.0.0.1/33661] INFO  ozone.MiniOzoneClusterImpl (MiniOzoneClusterImpl.java:lambda$waitForClusterToBeReady$0(226)) - SCM became leader
2022-05-04 03:17:55,194 [Listener at 127.0.0.1/33661] INFO  ozone.MiniOzoneClusterImpl (MiniOzoneClusterImpl.java:lambda$waitForClusterToBeReady$0(221)) - Nodes are ready. Got 5 of 5 DN Heartbeats.
2022-05-04 03:17:55,194 [Listener at 127.0.0.1/33661] INFO  ozone.MiniOzoneClusterImpl (MiniOzoneClusterImpl.java:lambda$waitForClusterToBeReady$0(224)) - Waiting for cluster to exit safe mode
2022-05-04 03:17:55,194 [Listener at 127.0.0.1/33661] INFO  ozone.MiniOzoneClusterImpl (MiniOzoneClusterImpl.java:lambda$waitForClusterToBeReady$0(226)) - SCM became leader
2022-05-04 03:17:56,195 [Listener at 127.0.0.1/33661] INFO  ozone.MiniOzoneClusterImpl (MiniOzoneClusterImpl.java:lambda$waitForClusterToBeReady$0(221)) - Nodes are ready. Got 5 of 5 DN Heartbeats.
2022-05-04 03:17:56,195 [Listener at 127.0.0.1/33661] INFO  ozone.MiniOzoneClusterImpl (MiniOzoneClusterImpl.java:lambda$waitForClusterToBeReady$0(224)) - Waiting for cluster to exit safe mode
2022-05-04 03:17:56,195 [Listener at 127.0.0.1/33661] INFO  ozone.MiniOzoneClusterImpl (MiniOzoneClusterImpl.java:lambda$waitForClusterToBeReady$0(226)) - SCM became leader
2022-05-04 03:17:57,196 [Listener at 127.0.0.1/33661] INFO  ozone.MiniOzoneClusterImpl (MiniOzoneClusterImpl.java:lambda$waitForClusterToBeReady$0(221)) - Nodes are ready. Got 5 of 5 DN Heartbeats.
2022-05-04 03:17:57,196 [Listener at 127.0.0.1/33661] INFO  ozone.MiniOzoneClusterImpl (MiniOzoneClusterImpl.java:lambda$waitForClusterToBeReady$0(224)) - Waiting for cluster to exit safe mode
2022-05-04 03:17:57,196 [Listener at 127.0.0.1/33661] INFO  ozone.MiniOzoneClusterImpl (MiniOzoneClusterImpl.java:lambda$waitForClusterToBeReady$0(226)) - SCM became leader
2022-05-04 03:17:57,670 [cd15dffe-0bdf-4ded-a416-2706c1d3a8c9@group-7E785CA2A080-FollowerState] INFO  impl.FollowerState (FollowerState.java:run(134)) - cd15dffe-0bdf-4ded-a416-2706c1d3a8c9@group-7E785CA2A080-FollowerState: change to CANDIDATE, lastRpcElapsedTime:5041216013ns, electionTimeout:5028ms
2022-05-04 03:17:57,670 [cd15dffe-0bdf-4ded-a416-2706c1d3a8c9@group-7E785CA2A080-FollowerState] INFO  impl.RoleInfo (RoleInfo.java:shutdownFollowerState(108)) - cd15dffe-0bdf-4ded-a416-2706c1d3a8c9: shutdown cd15dffe-0bdf-4ded-a416-2706c1d3a8c9@group-7E785CA2A080-FollowerState
2022-05-04 03:17:57,670 [cd15dffe-0bdf-4ded-a416-2706c1d3a8c9@group-7E785CA2A080-FollowerState] INFO  server.RaftServer$Division (RaftServerImpl.java:setRole(290)) - cd15dffe-0bdf-4ded-a416-2706c1d3a8c9@group-7E785CA2A080: changes role from  FOLLOWER to CANDIDATE at term 2 for changeToCandidate
2022-05-04 03:17:57,671 [cd15dffe-0bdf-4ded-a416-2706c1d3a8c9@group-7E785CA2A080-FollowerState] INFO  server.RaftServerConfigKeys (ConfUtils.java:logGet(44)) - raft.server.leaderelection.pre-vote = false (custom)
2022-05-04 03:17:57,671 [cd15dffe-0bdf-4ded-a416-2706c1d3a8c9@group-7E785CA2A080-FollowerState] INFO  impl.RoleInfo (RoleInfo.java:updateAndGet(130)) - cd15dffe-0bdf-4ded-a416-2706c1d3a8c9: start cd15dffe-0bdf-4ded-a416-2706c1d3a8c9@group-7E785CA2A080-LeaderElection76
2022-05-04 03:17:57,677 [a4d0b5f9-3282-4cc2-85b1-5a1b13720eaf@group-7E785CA2A080-FollowerState] INFO  impl.FollowerState (FollowerState.java:run(134)) - a4d0b5f9-3282-4cc2-85b1-5a1b13720eaf@group-7E785CA2A080-FollowerState: change to CANDIDATE, lastRpcElapsedTime:5144869301ns, electionTimeout:5133ms
2022-05-04 03:17:57,677 [a4d0b5f9-3282-4cc2-85b1-5a1b13720eaf@group-7E785CA2A080-FollowerState] INFO  impl.RoleInfo (RoleInfo.java:shutdownFollowerState(108)) - a4d0b5f9-3282-4cc2-85b1-5a1b13720eaf: shutdown a4d0b5f9-3282-4cc2-85b1-5a1b13720eaf@group-7E785CA2A080-FollowerState
2022-05-04 03:17:57,677 [a4d0b5f9-3282-4cc2-85b1-5a1b13720eaf@group-7E785CA2A080-FollowerState] INFO  server.RaftServer$Division (RaftServerImpl.java:setRole(290)) - a4d0b5f9-3282-4cc2-85b1-5a1b13720eaf@group-7E785CA2A080: changes role from  FOLLOWER to CANDIDATE at term 2 for changeToCandidate
2022-05-04 03:17:57,677 [a4d0b5f9-3282-4cc2-85b1-5a1b13720eaf@group-7E785CA2A080-FollowerState] INFO  server.RaftServerConfigKeys (ConfUtils.java:logGet(44)) - raft.server.leaderelection.pre-vote = false (custom)
2022-05-04 03:17:57,677 [a4d0b5f9-3282-4cc2-85b1-5a1b13720eaf@group-7E785CA2A080-FollowerState] INFO  impl.RoleInfo (RoleInfo.java:updateAndGet(130)) - a4d0b5f9-3282-4cc2-85b1-5a1b13720eaf: start a4d0b5f9-3282-4cc2-85b1-5a1b13720eaf@group-7E785CA2A080-LeaderElection77
2022-05-04 03:17:57,688 [a4d0b5f9-3282-4cc2-85b1-5a1b13720eaf@group-7E785CA2A080-LeaderElection77] INFO  impl.LeaderElection (LeaderElection.java:askForVotes(306)) - a4d0b5f9-3282-4cc2-85b1-5a1b13720eaf@group-7E785CA2A080-LeaderElection77 ELECTION round 0: submit vote requests at term 3 for -1: [a4d0b5f9-3282-4cc2-85b1-5a1b13720eaf|rpc:10.1.0.22:43989|priority:0, ddb2790c-8d68-49f8-bd13-2d0c1144ba02|rpc:10.1.0.22:35569|priority:0, cd15dffe-0bdf-4ded-a416-2706c1d3a8c9|rpc:10.1.0.22:40121|priority:1], old=null
2022-05-04 03:17:57,691 [cd15dffe-0bdf-4ded-a416-2706c1d3a8c9@group-7E785CA2A080-LeaderElection76] INFO  impl.LeaderElection (LeaderElection.java:askForVotes(306)) - cd15dffe-0bdf-4ded-a416-2706c1d3a8c9@group-7E785CA2A080-LeaderElection76 ELECTION round 0: submit vote requests at term 3 for -1: [a4d0b5f9-3282-4cc2-85b1-5a1b13720eaf|rpc:10.1.0.22:43989|dataStream:|priority:0, ddb2790c-8d68-49f8-bd13-2d0c1144ba02|rpc:10.1.0.22:35569|dataStream:|priority:0, cd15dffe-0bdf-4ded-a416-2706c1d3a8c9|rpc:10.1.0.22:40121|dataStream:|priority:1], old=null
2022-05-04 03:17:57,735 [grpc-default-executor-2] INFO  server.RaftServer$Division (RaftServerImpl.java:requestVote(1046)) - ddb2790c-8d68-49f8-bd13-2d0c1144ba02@group-7E785CA2A080: receive requestVote(ELECTION, a4d0b5f9-3282-4cc2-85b1-5a1b13720eaf, group-7E785CA2A080, 3, (t:0, i:0))
2022-05-04 03:17:57,735 [grpc-default-executor-2] INFO  impl.VoteContext (VoteContext.java:log(48)) - ddb2790c-8d68-49f8-bd13-2d0c1144ba02@group-7E785CA2A080-FOLLOWER: accept ELECTION from a4d0b5f9-3282-4cc2-85b1-5a1b13720eaf: our priority 0 <= candidate's priority 0
2022-05-04 03:17:57,735 [grpc-default-executor-2] INFO  server.RaftServer$Division (RaftServerImpl.java:setRole(290)) - ddb2790c-8d68-49f8-bd13-2d0c1144ba02@group-7E785CA2A080: changes role from  FOLLOWER to FOLLOWER at term 3 for candidate:a4d0b5f9-3282-4cc2-85b1-5a1b13720eaf
2022-05-04 03:17:57,735 [grpc-default-executor-2] INFO  impl.RoleInfo (RoleInfo.java:shutdownFollowerState(108)) - ddb2790c-8d68-49f8-bd13-2d0c1144ba02: shutdown ddb2790c-8d68-49f8-bd13-2d0c1144ba02@group-7E785CA2A080-FollowerState
2022-05-04 03:17:57,756 [grpc-default-executor-1] INFO  server.RaftServer$Division (RaftServerImpl.java:requestVote(1046)) - cd15dffe-0bdf-4ded-a416-2706c1d3a8c9@group-7E785CA2A080: receive requestVote(ELECTION, a4d0b5f9-3282-4cc2-85b1-5a1b13720eaf, group-7E785CA2A080, 3, (t:0, i:0))
2022-05-04 03:17:57,756 [grpc-default-executor-1] INFO  impl.VoteContext (VoteContext.java:log(48)) - cd15dffe-0bdf-4ded-a416-2706c1d3a8c9@group-7E785CA2A080-CANDIDATE: reject ELECTION from a4d0b5f9-3282-4cc2-85b1-5a1b13720eaf: already has voted for cd15dffe-0bdf-4ded-a416-2706c1d3a8c9 at current term 3
2022-05-04 03:17:57,757 [grpc-default-executor-1] INFO  server.RaftServer$Division (RaftServerImpl.java:requestVote(1078)) - cd15dffe-0bdf-4ded-a416-2706c1d3a8c9@group-7E785CA2A080 replies to ELECTION vote request: a4d0b5f9-3282-4cc2-85b1-5a1b13720eaf<-cd15dffe-0bdf-4ded-a416-2706c1d3a8c9#0:FAIL-t3. Peer's state: cd15dffe-0bdf-4ded-a416-2706c1d3a8c9@group-7E785CA2A080:t3, leader=null, voted=cd15dffe-0bdf-4ded-a416-2706c1d3a8c9, raftlog=cd15dffe-0bdf-4ded-a416-2706c1d3a8c9@group-7E785CA2A080-SegmentedRaftLog:OPENED:c-1, conf=-1: [a4d0b5f9-3282-4cc2-85b1-5a1b13720eaf|rpc:10.1.0.22:43989|dataStream:|priority:0, ddb2790c-8d68-49f8-bd13-2d0c1144ba02|rpc:10.1.0.22:35569|dataStream:|priority:0, cd15dffe-0bdf-4ded-a416-2706c1d3a8c9|rpc:10.1.0.22:40121|dataStream:|priority:1], old=null
2022-05-04 03:17:57,757 [a4d0b5f9-3282-4cc2-85b1-5a1b13720eaf@group-7E785CA2A080-LeaderElection77] INFO  impl.LeaderElection (LeaderElection.java:logAndReturn(89)) - a4d0b5f9-3282-4cc2-85b1-5a1b13720eaf@group-7E785CA2A080-LeaderElection77: ELECTION REJECTED received 1 response(s) and 0 exception(s):
2022-05-04 03:17:57,758 [a4d0b5f9-3282-4cc2-85b1-5a1b13720eaf@group-7E785CA2A080-LeaderElection77] INFO  impl.LeaderElection (LeaderElection.java:logAndReturn(93)) -   Response 0: a4d0b5f9-3282-4cc2-85b1-5a1b13720eaf<-cd15dffe-0bdf-4ded-a416-2706c1d3a8c9#0:FAIL-t3
2022-05-04 03:17:57,758 [a4d0b5f9-3282-4cc2-85b1-5a1b13720eaf@group-7E785CA2A080-LeaderElection77] INFO  impl.LeaderElection (LeaderElection.java:askForVotes(308)) - a4d0b5f9-3282-4cc2-85b1-5a1b13720eaf@group-7E785CA2A080-LeaderElection77 ELECTION round 0: result REJECTED
2022-05-04 03:17:57,758 [a4d0b5f9-3282-4cc2-85b1-5a1b13720eaf@group-7E785CA2A080-LeaderElection77] INFO  server.RaftServer$Division (RaftServerImpl.java:setRole(290)) - a4d0b5f9-3282-4cc2-85b1-5a1b13720eaf@group-7E785CA2A080: changes role from CANDIDATE to FOLLOWER at term 3 for REJECTED
2022-05-04 03:17:57,758 [a4d0b5f9-3282-4cc2-85b1-5a1b13720eaf@group-7E785CA2A080-LeaderElection77] INFO  impl.RoleInfo (RoleInfo.java:shutdownLeaderElection(121)) - a4d0b5f9-3282-4cc2-85b1-5a1b13720eaf: shutdown a4d0b5f9-3282-4cc2-85b1-5a1b13720eaf@group-7E785CA2A080-LeaderElection77
2022-05-04 03:17:57,758 [a4d0b5f9-3282-4cc2-85b1-5a1b13720eaf@group-7E785CA2A080-LeaderElection77] INFO  impl.RoleInfo (RoleInfo.java:updateAndGet(130)) - a4d0b5f9-3282-4cc2-85b1-5a1b13720eaf: start a4d0b5f9-3282-4cc2-85b1-5a1b13720eaf@group-7E785CA2A080-FollowerState
2022-05-04 03:17:57,758 [ddb2790c-8d68-49f8-bd13-2d0c1144ba02@group-7E785CA2A080-FollowerState] INFO  impl.FollowerState (FollowerState.java:run(127)) - ddb2790c-8d68-49f8-bd13-2d0c1144ba02@group-7E785CA2A080-FollowerState: Stopping now (isRunning? false, isFollower? true)
2022-05-04 03:17:57,786 [grpc-default-executor-2] INFO  impl.RoleInfo (RoleInfo.java:updateAndGet(130)) - ddb2790c-8d68-49f8-bd13-2d0c1144ba02: start ddb2790c-8d68-49f8-bd13-2d0c1144ba02@group-7E785CA2A080-FollowerState
2022-05-04 03:17:57,786 [grpc-default-executor-1] INFO  server.RaftServer$Division (RaftServerImpl.java:requestVote(1046)) - a4d0b5f9-3282-4cc2-85b1-5a1b13720eaf@group-7E785CA2A080: receive requestVote(ELECTION, cd15dffe-0bdf-4ded-a416-2706c1d3a8c9, group-7E785CA2A080, 3, (t:0, i:0))
2022-05-04 03:17:57,786 [grpc-default-executor-1] INFO  impl.VoteContext (VoteContext.java:log(48)) - a4d0b5f9-3282-4cc2-85b1-5a1b13720eaf@group-7E785CA2A080-FOLLOWER: reject ELECTION from cd15dffe-0bdf-4ded-a416-2706c1d3a8c9: already has voted for a4d0b5f9-3282-4cc2-85b1-5a1b13720eaf at current term 3
2022-05-04 03:17:57,786 [grpc-default-executor-1] INFO  server.RaftServer$Division (RaftServerImpl.java:requestVote(1078)) - a4d0b5f9-3282-4cc2-85b1-5a1b13720eaf@group-7E785CA2A080 replies to ELECTION vote request: cd15dffe-0bdf-4ded-a416-2706c1d3a8c9<-a4d0b5f9-3282-4cc2-85b1-5a1b13720eaf#0:FAIL-t3. Peer's state: a4d0b5f9-3282-4cc2-85b1-5a1b13720eaf@group-7E785CA2A080:t3, leader=null, voted=a4d0b5f9-3282-4cc2-85b1-5a1b13720eaf, raftlog=a4d0b5f9-3282-4cc2-85b1-5a1b13720eaf@group-7E785CA2A080-SegmentedRaftLog:OPENED:c-1, conf=-1: [a4d0b5f9-3282-4cc2-85b1-5a1b13720eaf|rpc:10.1.0.22:43989|priority:0, ddb2790c-8d68-49f8-bd13-2d0c1144ba02|rpc:10.1.0.22:35569|priority:0, cd15dffe-0bdf-4ded-a416-2706c1d3a8c9|rpc:10.1.0.22:40121|priority:1], old=null
2022-05-04 03:17:57,794 [grpc-default-executor-2] INFO  server.RaftServer$Division (RaftServerImpl.java:requestVote(1078)) - ddb2790c-8d68-49f8-bd13-2d0c1144ba02@group-7E785CA2A080 replies to ELECTION vote request: a4d0b5f9-3282-4cc2-85b1-5a1b13720eaf<-ddb2790c-8d68-49f8-bd13-2d0c1144ba02#0:OK-t3. Peer's state: ddb2790c-8d68-49f8-bd13-2d0c1144ba02@group-7E785CA2A080:t3, leader=null, voted=a4d0b5f9-3282-4cc2-85b1-5a1b13720eaf, raftlog=ddb2790c-8d68-49f8-bd13-2d0c1144ba02@group-7E785CA2A080-SegmentedRaftLog:OPENED:c-1, conf=-1: [a4d0b5f9-3282-4cc2-85b1-5a1b13720eaf|rpc:10.1.0.22:43989|dataStream:|priority:0, ddb2790c-8d68-49f8-bd13-2d0c1144ba02|rpc:10.1.0.22:35569|dataStream:|priority:0, cd15dffe-0bdf-4ded-a416-2706c1d3a8c9|rpc:10.1.0.22:40121|dataStream:|priority:1], old=null
2022-05-04 03:17:57,820 [grpc-default-executor-2] INFO  server.RaftServer$Division (RaftServerImpl.java:requestVote(1046)) - ddb2790c-8d68-49f8-bd13-2d0c1144ba02@group-7E785CA2A080: receive requestVote(ELECTION, cd15dffe-0bdf-4ded-a416-2706c1d3a8c9, group-7E785CA2A080, 3, (t:0, i:0))
2022-05-04 03:17:57,820 [grpc-default-executor-2] INFO  impl.VoteContext (VoteContext.java:log(48)) - ddb2790c-8d68-49f8-bd13-2d0c1144ba02@group-7E785CA2A080-FOLLOWER: reject ELECTION from cd15dffe-0bdf-4ded-a416-2706c1d3a8c9: already has voted for a4d0b5f9-3282-4cc2-85b1-5a1b13720eaf at current term 3
2022-05-04 03:17:57,820 [grpc-default-executor-2] INFO  server.RaftServer$Division (RaftServerImpl.java:requestVote(1078)) - ddb2790c-8d68-49f8-bd13-2d0c1144ba02@group-7E785CA2A080 replies to ELECTION vote request: cd15dffe-0bdf-4ded-a416-2706c1d3a8c9<-ddb2790c-8d68-49f8-bd13-2d0c1144ba02#0:FAIL-t3. Peer's state: ddb2790c-8d68-49f8-bd13-2d0c1144ba02@group-7E785CA2A080:t3, leader=null, voted=a4d0b5f9-3282-4cc2-85b1-5a1b13720eaf, raftlog=ddb2790c-8d68-49f8-bd13-2d0c1144ba02@group-7E785CA2A080-SegmentedRaftLog:OPENED:c-1, conf=-1: [a4d0b5f9-3282-4cc2-85b1-5a1b13720eaf|rpc:10.1.0.22:43989|dataStream:|priority:0, ddb2790c-8d68-49f8-bd13-2d0c1144ba02|rpc:10.1.0.22:35569|dataStream:|priority:0, cd15dffe-0bdf-4ded-a416-2706c1d3a8c9|rpc:10.1.0.22:40121|dataStream:|priority:1], old=null
2022-05-04 03:17:57,855 [cd15dffe-0bdf-4ded-a416-2706c1d3a8c9@group-7E785CA2A080-LeaderElection76] INFO  impl.LeaderElection (LeaderElection.java:logAndReturn(89)) - cd15dffe-0bdf-4ded-a416-2706c1d3a8c9@group-7E785CA2A080-LeaderElection76: ELECTION REJECTED received 2 response(s) and 0 exception(s):
2022-05-04 03:17:57,855 [cd15dffe-0bdf-4ded-a416-2706c1d3a8c9@group-7E785CA2A080-LeaderElection76] INFO  impl.LeaderElection (LeaderElection.java:logAndReturn(93)) -   Response 0: cd15dffe-0bdf-4ded-a416-2706c1d3a8c9<-a4d0b5f9-3282-4cc2-85b1-5a1b13720eaf#0:FAIL-t3
2022-05-04 03:17:57,855 [cd15dffe-0bdf-4ded-a416-2706c1d3a8c9@group-7E785CA2A080-LeaderElection76] INFO  impl.LeaderElection (LeaderElection.java:logAndReturn(93)) -   Response 1: cd15dffe-0bdf-4ded-a416-2706c1d3a8c9<-ddb2790c-8d68-49f8-bd13-2d0c1144ba02#0:FAIL-t3
2022-05-04 03:17:57,855 [cd15dffe-0bdf-4ded-a416-2706c1d3a8c9@group-7E785CA2A080-LeaderElection76] INFO  impl.LeaderElection (LeaderElection.java:askForVotes(308)) - cd15dffe-0bdf-4ded-a416-2706c1d3a8c9@group-7E785CA2A080-LeaderElection76 ELECTION round 0: result REJECTED
2022-05-04 03:17:57,855 [cd15dffe-0bdf-4ded-a416-2706c1d3a8c9@group-7E785CA2A080-LeaderElection76] INFO  server.RaftServer$Division (RaftServerImpl.java:setRole(290)) - cd15dffe-0bdf-4ded-a416-2706c1d3a8c9@group-7E785CA2A080: changes role from CANDIDATE to FOLLOWER at term 3 for REJECTED
2022-05-04 03:17:57,855 [cd15dffe-0bdf-4ded-a416-2706c1d3a8c9@group-7E785CA2A080-LeaderElection76] INFO  impl.RoleInfo (RoleInfo.java:shutdownLeaderElection(121)) - cd15dffe-0bdf-4ded-a416-2706c1d3a8c9: shutdown cd15dffe-0bdf-4ded-a416-2706c1d3a8c9@group-7E785CA2A080-LeaderElection76
2022-05-04 03:17:57,855 [cd15dffe-0bdf-4ded-a416-2706c1d3a8c9@group-7E785CA2A080-LeaderElection76] INFO  impl.RoleInfo (RoleInfo.java:updateAndGet(130)) - cd15dffe-0bdf-4ded-a416-2706c1d3a8c9: start cd15dffe-0bdf-4ded-a416-2706c1d3a8c9@group-7E785CA2A080-FollowerState
2022-05-04 03:17:57,895 [ddb2790c-8d68-49f8-bd13-2d0c1144ba02@group-9BA82786B54C-FollowerState] INFO  impl.FollowerState (FollowerState.java:run(134)) - ddb2790c-8d68-49f8-bd13-2d0c1144ba02@group-9BA82786B54C-FollowerState: change to CANDIDATE, lastRpcElapsedTime:5022558132ns, electionTimeout:5021ms
2022-05-04 03:17:57,896 [ddb2790c-8d68-49f8-bd13-2d0c1144ba02@group-9BA82786B54C-FollowerState] INFO  impl.RoleInfo (RoleInfo.java:shutdownFollowerState(108)) - ddb2790c-8d68-49f8-bd13-2d0c1144ba02: shutdown ddb2790c-8d68-49f8-bd13-2d0c1144ba02@group-9BA82786B54C-FollowerState
2022-05-04 03:17:57,896 [ddb2790c-8d68-49f8-bd13-2d0c1144ba02@group-9BA82786B54C-FollowerState] INFO  server.RaftServer$Division (RaftServerImpl.java:setRole(290)) - ddb2790c-8d68-49f8-bd13-2d0c1144ba02@group-9BA82786B54C: changes role from  FOLLOWER to CANDIDATE at term 2 for changeToCandidate
2022-05-04 03:17:57,896 [ddb2790c-8d68-49f8-bd13-2d0c1144ba02@group-9BA82786B54C-FollowerState] INFO  server.RaftServerConfigKeys (ConfUtils.java:logGet(44)) - raft.server.leaderelection.pre-vote = false (custom)
2022-05-04 03:17:57,896 [ddb2790c-8d68-49f8-bd13-2d0c1144ba02@group-9BA82786B54C-FollowerState] INFO  impl.RoleInfo (RoleInfo.java:updateAndGet(130)) - ddb2790c-8d68-49f8-bd13-2d0c1144ba02: start ddb2790c-8d68-49f8-bd13-2d0c1144ba02@group-9BA82786B54C-LeaderElection78
2022-05-04 03:17:57,927 [ddb2790c-8d68-49f8-bd13-2d0c1144ba02@group-9BA82786B54C-LeaderElection78] INFO  impl.LeaderElection (LeaderElection.java:askForVotes(306)) - ddb2790c-8d68-49f8-bd13-2d0c1144ba02@group-9BA82786B54C-LeaderElection78 ELECTION round 0: submit vote requests at term 3 for -1: [a4d0b5f9-3282-4cc2-85b1-5a1b13720eaf|rpc:10.1.0.22:43989|dataStream:|priority:0, ddb2790c-8d68-49f8-bd13-2d0c1144ba02|rpc:10.1.0.22:35569|dataStream:|priority:1, cd15dffe-0bdf-4ded-a416-2706c1d3a8c9|rpc:10.1.0.22:40121|dataStream:|priority:0], old=null
2022-05-04 03:17:57,970 [grpc-default-executor-2] INFO  server.RaftServer$Division (RaftServerImpl.java:requestVote(1046)) - a4d0b5f9-3282-4cc2-85b1-5a1b13720eaf@group-9BA82786B54C: receive requestVote(ELECTION, ddb2790c-8d68-49f8-bd13-2d0c1144ba02, group-9BA82786B54C, 3, (t:0, i:0))
2022-05-04 03:17:57,970 [grpc-default-executor-2] INFO  impl.VoteContext (VoteContext.java:log(48)) - a4d0b5f9-3282-4cc2-85b1-5a1b13720eaf@group-9BA82786B54C-FOLLOWER: accept ELECTION from ddb2790c-8d68-49f8-bd13-2d0c1144ba02: our priority 0 <= candidate's priority 1
2022-05-04 03:17:57,970 [grpc-default-executor-2] INFO  server.RaftServer$Division (RaftServerImpl.java:setRole(290)) - a4d0b5f9-3282-4cc2-85b1-5a1b13720eaf@group-9BA82786B54C: changes role from  FOLLOWER to FOLLOWER at term 3 for candidate:ddb2790c-8d68-49f8-bd13-2d0c1144ba02
2022-05-04 03:17:57,970 [grpc-default-executor-2] INFO  impl.RoleInfo (RoleInfo.java:shutdownFollowerState(108)) - a4d0b5f9-3282-4cc2-85b1-5a1b13720eaf: shutdown a4d0b5f9-3282-4cc2-85b1-5a1b13720eaf@group-9BA82786B54C-FollowerState
2022-05-04 03:17:57,970 [grpc-default-executor-2] INFO  impl.RoleInfo (RoleInfo.java:updateAndGet(130)) - a4d0b5f9-3282-4cc2-85b1-5a1b13720eaf: start a4d0b5f9-3282-4cc2-85b1-5a1b13720eaf@group-9BA82786B54C-FollowerState
2022-05-04 03:17:57,971 [a4d0b5f9-3282-4cc2-85b1-5a1b13720eaf@group-9BA82786B54C-FollowerState] INFO  impl.FollowerState (FollowerState.java:run(143)) - a4d0b5f9-3282-4cc2-85b1-5a1b13720eaf@group-9BA82786B54C-FollowerState was interrupted: {}
java.lang.InterruptedException: sleep interrupted
	at java.lang.Thread.sleep(Native Method)
	at java.lang.Thread.sleep(Thread.java:342)
	at java.util.concurrent.TimeUnit.sleep(TimeUnit.java:386)
	at org.apache.ratis.util.TimeDuration.sleep(TimeDuration.java:324)
	at org.apache.ratis.util.TimeDuration.sleep(TimeDuration.java:309)
	at org.apache.ratis.server.impl.FollowerState.run(FollowerState.java:118)
2022-05-04 03:17:58,006 [grpc-default-executor-1] INFO  server.RaftServer$Division (RaftServerImpl.java:requestVote(1046)) - cd15dffe-0bdf-4ded-a416-2706c1d3a8c9@group-9BA82786B54C: receive requestVote(ELECTION, ddb2790c-8d68-49f8-bd13-2d0c1144ba02, group-9BA82786B54C, 3, (t:0, i:0))
2022-05-04 03:17:58,006 [grpc-default-executor-1] INFO  impl.VoteContext (VoteContext.java:log(48)) - cd15dffe-0bdf-4ded-a416-2706c1d3a8c9@group-9BA82786B54C-FOLLOWER: accept ELECTION from ddb2790c-8d68-49f8-bd13-2d0c1144ba02: our priority 0 <= candidate's priority 1
2022-05-04 03:17:58,006 [grpc-default-executor-1] INFO  server.RaftServer$Division (RaftServerImpl.java:setRole(290)) - cd15dffe-0bdf-4ded-a416-2706c1d3a8c9@group-9BA82786B54C: changes role from  FOLLOWER to FOLLOWER at term 3 for candidate:ddb2790c-8d68-49f8-bd13-2d0c1144ba02
2022-05-04 03:17:58,006 [grpc-default-executor-1] INFO  impl.RoleInfo (RoleInfo.java:shutdownFollowerState(108)) - cd15dffe-0bdf-4ded-a416-2706c1d3a8c9: shutdown cd15dffe-0bdf-4ded-a416-2706c1d3a8c9@group-9BA82786B54C-FollowerState
2022-05-04 03:17:58,006 [grpc-default-executor-1] INFO  impl.RoleInfo (RoleInfo.java:updateAndGet(130)) - cd15dffe-0bdf-4ded-a416-2706c1d3a8c9: start cd15dffe-0bdf-4ded-a416-2706c1d3a8c9@group-9BA82786B54C-FollowerState
2022-05-04 03:17:58,006 [cd15dffe-0bdf-4ded-a416-2706c1d3a8c9@group-9BA82786B54C-FollowerState] INFO  impl.FollowerState (FollowerState.java:run(143)) - cd15dffe-0bdf-4ded-a416-2706c1d3a8c9@group-9BA82786B54C-FollowerState was interrupted: {}
java.lang.InterruptedException: sleep interrupted
	at java.lang.Thread.sleep(Native Method)
	at java.lang.Thread.sleep(Thread.java:342)
	at java.util.concurrent.TimeUnit.sleep(TimeUnit.java:386)
	at org.apache.ratis.util.TimeDuration.sleep(TimeDuration.java:324)
	at org.apache.ratis.util.TimeDuration.sleep(TimeDuration.java:309)
	at org.apache.ratis.server.impl.FollowerState.run(FollowerState.java:118)
2022-05-04 03:17:58,014 [grpc-default-executor-1] INFO  server.RaftServer$Division (RaftServerImpl.java:requestVote(1078)) - cd15dffe-0bdf-4ded-a416-2706c1d3a8c9@group-9BA82786B54C replies to ELECTION vote request: ddb2790c-8d68-49f8-bd13-2d0c1144ba02<-cd15dffe-0bdf-4ded-a416-2706c1d3a8c9#0:OK-t3. Peer's state: cd15dffe-0bdf-4ded-a416-2706c1d3a8c9@group-9BA82786B54C:t3, leader=null, voted=ddb2790c-8d68-49f8-bd13-2d0c1144ba02, raftlog=cd15dffe-0bdf-4ded-a416-2706c1d3a8c9@group-9BA82786B54C-SegmentedRaftLog:OPENED:c-1, conf=-1: [a4d0b5f9-3282-4cc2-85b1-5a1b13720eaf|rpc:10.1.0.22:43989|dataStream:|priority:0, ddb2790c-8d68-49f8-bd13-2d0c1144ba02|rpc:10.1.0.22:35569|dataStream:|priority:1, cd15dffe-0bdf-4ded-a416-2706c1d3a8c9|rpc:10.1.0.22:40121|dataStream:|priority:0], old=null
2022-05-04 03:17:58,018 [ddb2790c-8d68-49f8-bd13-2d0c1144ba02@group-9BA82786B54C-LeaderElection78] INFO  impl.LeaderElection (LeaderElection.java:logAndReturn(89)) - ddb2790c-8d68-49f8-bd13-2d0c1144ba02@group-9BA82786B54C-LeaderElection78: ELECTION PASSED received 1 response(s) and 0 exception(s):
2022-05-04 03:17:58,018 [ddb2790c-8d68-49f8-bd13-2d0c1144ba02@group-9BA82786B54C-LeaderElection78] INFO  impl.LeaderElection (LeaderElection.java:logAndReturn(93)) -   Response 0: ddb2790c-8d68-49f8-bd13-2d0c1144ba02<-cd15dffe-0bdf-4ded-a416-2706c1d3a8c9#0:OK-t3
2022-05-04 03:17:58,018 [ddb2790c-8d68-49f8-bd13-2d0c1144ba02@group-9BA82786B54C-LeaderElection78] INFO  impl.LeaderElection (LeaderElection.java:askForVotes(308)) - ddb2790c-8d68-49f8-bd13-2d0c1144ba02@group-9BA82786B54C-LeaderElection78 ELECTION round 0: result PASSED
2022-05-04 03:17:58,018 [ddb2790c-8d68-49f8-bd13-2d0c1144ba02@group-9BA82786B54C-LeaderElection78] INFO  impl.RoleInfo (RoleInfo.java:shutdownLeaderElection(121)) - ddb2790c-8d68-49f8-bd13-2d0c1144ba02: shutdown ddb2790c-8d68-49f8-bd13-2d0c1144ba02@group-9BA82786B54C-LeaderElection78
2022-05-04 03:17:58,018 [ddb2790c-8d68-49f8-bd13-2d0c1144ba02@group-9BA82786B54C-LeaderElection78] INFO  server.RaftServer$Division (RaftServerImpl.java:setRole(290)) - ddb2790c-8d68-49f8-bd13-2d0c1144ba02@group-9BA82786B54C: changes role from CANDIDATE to LEADER at term 3 for changeToLeader
2022-05-04 03:17:58,018 [ddb2790c-8d68-49f8-bd13-2d0c1144ba02@group-9BA82786B54C-LeaderElection78] INFO  ratis.XceiverServerRatis (XceiverServerRatis.java:handleLeaderChangedNotification(863)) - Leader change notification received for group: group-9BA82786B54C with new leaderId: ddb2790c-8d68-49f8-bd13-2d0c1144ba02
2022-05-04 03:17:58,019 [ddb2790c-8d68-49f8-bd13-2d0c1144ba02@group-9BA82786B54C-LeaderElection78] INFO  server.RaftServer$Division (ServerState.java:setLeader(285)) - ddb2790c-8d68-49f8-bd13-2d0c1144ba02@group-9BA82786B54C: change Leader from null to ddb2790c-8d68-49f8-bd13-2d0c1144ba02 at term 3 for becomeLeader, leader elected after 15310ms
2022-05-04 03:17:58,019 [ddb2790c-8d68-49f8-bd13-2d0c1144ba02@group-9BA82786B54C-LeaderElection78] INFO  server.RaftServerConfigKeys (ConfUtils.java:logGet(44)) - raft.server.staging.catchup.gap = 1000 (default)
2022-05-04 03:17:58,019 [ddb2790c-8d68-49f8-bd13-2d0c1144ba02@group-9BA82786B54C-LeaderElection78] INFO  server.RaftServerConfigKeys (ConfUtils.java:logGet(44)) - raft.server.write.element-limit = 1024 (custom)
2022-05-04 03:17:58,019 [ddb2790c-8d68-49f8-bd13-2d0c1144ba02@group-9BA82786B54C-LeaderElection78] INFO  server.RaftServerConfigKeys (ConfUtils.java:logGet(44)) - raft.server.write.byte-limit = 1024 M (=1073741824) (custom)
2022-05-04 03:17:58,019 [ddb2790c-8d68-49f8-bd13-2d0c1144ba02@group-9BA82786B54C-LeaderElection78] INFO  server.RaftServerConfigKeys (ConfUtils.java:logGet(44)) - raft.server.watch.timeout = 180s (custom)
2022-05-04 03:17:58,019 [ddb2790c-8d68-49f8-bd13-2d0c1144ba02@group-9BA82786B54C-LeaderElection78] INFO  server.RaftServerConfigKeys (ConfUtils.java:logGet(44)) - raft.server.watch.timeout.denomination = 1s (default)
2022-05-04 03:17:58,020 [ddb2790c-8d68-49f8-bd13-2d0c1144ba02@group-9BA82786B54C-LeaderElection78] INFO  server.RaftServerConfigKeys (ConfUtils.java:logGet(44)) - raft.server.watch.element-limit = 65536 (default)
2022-05-04 03:17:58,020 [ddb2790c-8d68-49f8-bd13-2d0c1144ba02@group-9BA82786B54C-LeaderElection78] INFO  server.RaftServerConfigKeys (ConfUtils.java:logGet(44)) - raft.server.write.element-limit = 1024 (custom)
2022-05-04 03:17:58,020 [ddb2790c-8d68-49f8-bd13-2d0c1144ba02@group-9BA82786B54C-LeaderElection78] INFO  server.RaftServerConfigKeys (ConfUtils.java:logGet(44)) - raft.server.write.follower.gap.ratio.max = -1.0 (default)
2022-05-04 03:17:58,020 [ddb2790c-8d68-49f8-bd13-2d0c1144ba02@group-9BA82786B54C-LeaderElection78] INFO  server.RaftServerConfigKeys (ConfUtils.java:logGet(44)) - raft.server.log.appender.snapshot.chunk.size.max = 16MB (=16777216) (default)
2022-05-04 03:17:58,020 [ddb2790c-8d68-49f8-bd13-2d0c1144ba02@group-9BA82786B54C-LeaderElection78] INFO  server.RaftServerConfigKeys (ConfUtils.java:logGet(44)) - raft.server.log.appender.buffer.byte-limit = 33554432 (custom)
2022-05-04 03:17:58,020 [ddb2790c-8d68-49f8-bd13-2d0c1144ba02@group-9BA82786B54C-LeaderElection78] INFO  server.RaftServerConfigKeys (ConfUtils.java:logGet(44)) - raft.server.log.appender.buffer.element-limit = 1 (custom)
2022-05-04 03:17:58,020 [ddb2790c-8d68-49f8-bd13-2d0c1144ba02@group-9BA82786B54C-LeaderElection78] INFO  grpc.GrpcConfigKeys (ConfUtils.java:logGet(44)) - raft.grpc.server.leader.outstanding.appends.max = 128 (default)
2022-05-04 03:17:58,020 [ddb2790c-8d68-49f8-bd13-2d0c1144ba02@group-9BA82786B54C-LeaderElection78] INFO  server.RaftServerConfigKeys (ConfUtils.java:logGet(44)) - raft.server.rpc.request.timeout = 60s (custom)
2022-05-04 03:17:58,020 [ddb2790c-8d68-49f8-bd13-2d0c1144ba02@group-9BA82786B54C-LeaderElection78] INFO  server.RaftServerConfigKeys (ConfUtils.java:logGet(44)) - raft.server.log.appender.install.snapshot.enabled = false (custom)
2022-05-04 03:17:58,021 [ddb2790c-8d68-49f8-bd13-2d0c1144ba02@group-9BA82786B54C-LeaderElection78] INFO  server.RaftServerConfigKeys (ConfUtils.java:logGet(44)) - raft.server.log.appender.snapshot.chunk.size.max = 16MB (=16777216) (default)
2022-05-04 03:17:58,021 [ddb2790c-8d68-49f8-bd13-2d0c1144ba02@group-9BA82786B54C-LeaderElection78] INFO  server.RaftServerConfigKeys (ConfUtils.java:logGet(44)) - raft.server.log.appender.buffer.byte-limit = 33554432 (custom)
2022-05-04 03:17:58,021 [ddb2790c-8d68-49f8-bd13-2d0c1144ba02@group-9BA82786B54C-LeaderElection78] INFO  server.RaftServerConfigKeys (ConfUtils.java:logGet(44)) - raft.server.log.appender.buffer.element-limit = 1 (custom)
2022-05-04 03:17:58,021 [ddb2790c-8d68-49f8-bd13-2d0c1144ba02@group-9BA82786B54C-LeaderElection78] INFO  grpc.GrpcConfigKeys (ConfUtils.java:logGet(44)) - raft.grpc.server.leader.outstanding.appends.max = 128 (default)
2022-05-04 03:17:58,022 [ddb2790c-8d68-49f8-bd13-2d0c1144ba02@group-9BA82786B54C-LeaderElection78] INFO  server.RaftServerConfigKeys (ConfUtils.java:logGet(44)) - raft.server.rpc.request.timeout = 60s (custom)
2022-05-04 03:17:58,022 [ddb2790c-8d68-49f8-bd13-2d0c1144ba02@group-9BA82786B54C-LeaderElection78] INFO  server.RaftServerConfigKeys (ConfUtils.java:logGet(44)) - raft.server.log.appender.install.snapshot.enabled = false (custom)
2022-05-04 03:17:58,024 [EventQueue-PipelineReportForPipelineReportHandler] INFO  pipeline.PipelineManagerImpl (PipelineManagerImpl.java:openPipeline(328)) - Pipeline Pipeline[ Id: 88769725-f3f3-4ab2-a603-9ba82786b54c, Nodes: cd15dffe-0bdf-4ded-a416-2706c1d3a8c9{ip: 10.1.0.22, host: fv-az270-73.tacnzluakwdehk1hpragurqkma.bx.internal.cloudapp.net, ports: [REPLICATION=36803, RATIS=40121, RATIS_ADMIN=40121, RATIS_SERVER=40121, STANDALONE=36805], networkLocation: /default-rack, certSerialId: null, persistedOpState: IN_SERVICE, persistedOpStateExpiryEpochSec: 0}a4d0b5f9-3282-4cc2-85b1-5a1b13720eaf{ip: 10.1.0.22, host: fv-az270-73.tacnzluakwdehk1hpragurqkma.bx.internal.cloudapp.net, ports: [REPLICATION=44421, RATIS=43989, RATIS_ADMIN=43989, RATIS_SERVER=43989, STANDALONE=36309], networkLocation: /default-rack, certSerialId: null, persistedOpState: IN_SERVICE, persistedOpStateExpiryEpochSec: 0}ddb2790c-8d68-49f8-bd13-2d0c1144ba02{ip: 10.1.0.22, host: fv-az270-73.tacnzluakwdehk1hpragurqkma.bx.internal.cloudapp.net, ports: [REPLICATION=36899, RATIS=35569, RATIS_ADMIN=35569, RATIS_SERVER=35569, STANDALONE=41659], networkLocation: /default-rack, certSerialId: null, persistedOpState: IN_SERVICE, persistedOpStateExpiryEpochSec: 0}, ReplicationConfig: RATIS/THREE, State:ALLOCATED, leaderId:ddb2790c-8d68-49f8-bd13-2d0c1144ba02, CreationTimestamp2022-05-04T03:17:40.427Z[Etc/UTC]] moved to OPEN state
2022-05-04 03:17:58,025 [EventQueue-OpenPipelineForHealthyPipelineSafeModeRule] INFO  safemode.SCMSafeModeManager (HealthyPipelineSafeModeRule.java:process(124)) - SCM in safe mode. Healthy pipelines reported count is 1, required healthy pipeline reported count is 1
2022-05-04 03:17:58,025 [EventQueue-OpenPipelineForHealthyPipelineSafeModeRule] INFO  safemode.SCMSafeModeManager (SCMSafeModeManager.java:validateSafeModeExitRules(204)) - HealthyPipelineSafeModeRule rule is successfully validated
2022-05-04 03:17:58,025 [EventQueue-OpenPipelineForHealthyPipelineSafeModeRule] INFO  safemode.SCMSafeModeManager (SCMSafeModeManager.java:validateSafeModeExitRules(219)) - ScmSafeModeManager, all rules are successfully validated
2022-05-04 03:17:58,025 [EventQueue-OpenPipelineForHealthyPipelineSafeModeRule] INFO  safemode.SCMSafeModeManager (SCMSafeModeManager.java:exitSafeMode(248)) - SCM exiting safe mode.
2022-05-04 03:17:58,025 [EventQueue-OpenPipelineForHealthyPipelineSafeModeRule] WARN  events.EventQueue (EventQueue.java:fireEvent(194)) - No event handler registered for event TypedEvent{payloadType=SafeModeStatus, name='Safe mode status'}
2022-05-04 03:17:58,025 [EventQueue-OpenPipelineForHealthyPipelineSafeModeRule] INFO  ha.SCMContext (SCMContext.java:updateSafeModeStatus(211)) - Update SafeModeStatus from SafeModeStatus{safeModeStatus=true, preCheckPassed=true} to SafeModeStatus{safeModeStatus=false, preCheckPassed=true}.
2022-05-04 03:17:58,025 [EventQueue-OpenPipelineForHealthyPipelineSafeModeRule] INFO  pipeline.BackgroundPipelineCreator (BackgroundPipelineCreator.java:notifyStatusChanged(249)) - Service BackgroundPipelineCreator transitions to RUNNING.
2022-05-04 03:17:58,031 [EventQueue-OpenPipelineForHealthyPipelineSafeModeRule] INFO  pipeline.BackgroundPipelineScrubber (BackgroundPipelineScrubber.java:notifyStatusChanged(86)) - Service BackgroundPipelineScrubber transitions to RUNNING.
2022-05-04 03:17:58,031 [EventQueue-OpenPipelineForHealthyPipelineSafeModeRule] INFO  container.ReplicationManager (ReplicationManager.java:notifyStatusChanged(1815)) - Service ReplicationManager transitions to RUNNING.
2022-05-04 03:17:58,032 [grpc-default-executor-2] INFO  server.RaftServer$Division (RaftServerImpl.java:requestVote(1078)) - a4d0b5f9-3282-4cc2-85b1-5a1b13720eaf@group-9BA82786B54C replies to ELECTION vote request: ddb2790c-8d68-49f8-bd13-2d0c1144ba02<-a4d0b5f9-3282-4cc2-85b1-5a1b13720eaf#0:OK-t3. Peer's state: a4d0b5f9-3282-4cc2-85b1-5a1b13720eaf@group-9BA82786B54C:t3, leader=null, voted=ddb2790c-8d68-49f8-bd13-2d0c1144ba02, raftlog=a4d0b5f9-3282-4cc2-85b1-5a1b13720eaf@group-9BA82786B54C-SegmentedRaftLog:OPENED:c-1, conf=-1: [a4d0b5f9-3282-4cc2-85b1-5a1b13720eaf|rpc:10.1.0.22:43989|priority:0, ddb2790c-8d68-49f8-bd13-2d0c1144ba02|rpc:10.1.0.22:35569|priority:1, cd15dffe-0bdf-4ded-a416-2706c1d3a8c9|rpc:10.1.0.22:40121|priority:0], old=null
2022-05-04 03:17:58,081 [ddb2790c-8d68-49f8-bd13-2d0c1144ba02@group-9BA82786B54C-LeaderElection78] INFO  impl.RoleInfo (RoleInfo.java:updateAndGet(130)) - ddb2790c-8d68-49f8-bd13-2d0c1144ba02: start ddb2790c-8d68-49f8-bd13-2d0c1144ba02@group-9BA82786B54C-LeaderStateImpl
2022-05-04 03:17:58,082 [ddb2790c-8d68-49f8-bd13-2d0c1144ba02@group-9BA82786B54C-LeaderElection78] INFO  segmented.SegmentedRaftLogWorker (SegmentedRaftLogWorker.java:startLogSegment(394)) - ddb2790c-8d68-49f8-bd13-2d0c1144ba02@group-9BA82786B54C-SegmentedRaftLogWorker: Starting segment from index:0
2022-05-04 03:17:58,087 [ddb2790c-8d68-49f8-bd13-2d0c1144ba02@group-9BA82786B54C-SegmentedRaftLogWorker] INFO  segmented.SegmentedRaftLogWorker (SegmentedRaftLogWorker.java:execute(601)) - ddb2790c-8d68-49f8-bd13-2d0c1144ba02@group-9BA82786B54C-SegmentedRaftLogWorker: created new log segment /home/runner/work/ozone/ozone/hadoop-ozone/integration-test/target/test-dir/MiniOzoneClusterImpl-bb96fbd3-426a-4dd9-9d55-8297dc8cce15/datanode-2/data/ratis/88769725-f3f3-4ab2-a603-9ba82786b54c/current/log_inprogress_0
2022-05-04 03:17:58,094 [grpc-default-executor-1] INFO  ratis.XceiverServerRatis (XceiverServerRatis.java:handleLeaderChangedNotification(863)) - Leader change notification received for group: group-9BA82786B54C with new leaderId: ddb2790c-8d68-49f8-bd13-2d0c1144ba02
2022-05-04 03:17:58,094 [grpc-default-executor-1] INFO  server.RaftServer$Division (ServerState.java:setLeader(285)) - cd15dffe-0bdf-4ded-a416-2706c1d3a8c9@group-9BA82786B54C: change Leader from null to ddb2790c-8d68-49f8-bd13-2d0c1144ba02 at term 3 for appendEntries, leader elected after 15530ms
2022-05-04 03:17:58,099 [ddb2790c-8d68-49f8-bd13-2d0c1144ba02@group-9BA82786B54C-LeaderElection78] INFO  server.RaftServer$Division (ServerState.java:setRaftConf(387)) - ddb2790c-8d68-49f8-bd13-2d0c1144ba02@group-9BA82786B54C: set configuration 0: [a4d0b5f9-3282-4cc2-85b1-5a1b13720eaf|rpc:10.1.0.22:43989|dataStream:|priority:0, ddb2790c-8d68-49f8-bd13-2d0c1144ba02|rpc:10.1.0.22:35569|dataStream:|priority:1, cd15dffe-0bdf-4ded-a416-2706c1d3a8c9|rpc:10.1.0.22:40121|dataStream:|priority:0], old=null
2022-05-04 03:17:58,149 [grpc-default-executor-1] INFO  ratis.XceiverServerRatis (XceiverServerRatis.java:handleLeaderChangedNotification(863)) - Leader change notification received for group: group-9BA82786B54C with new leaderId: ddb2790c-8d68-49f8-bd13-2d0c1144ba02
2022-05-04 03:17:58,149 [grpc-default-executor-1] INFO  server.RaftServer$Division (ServerState.java:setLeader(285)) - a4d0b5f9-3282-4cc2-85b1-5a1b13720eaf@group-9BA82786B54C: change Leader from null to ddb2790c-8d68-49f8-bd13-2d0c1144ba02 at term 3 for appendEntries, leader elected after 15652ms
2022-05-04 03:17:58,161 [grpc-default-executor-2] INFO  server.RaftServer$Division (ServerState.java:setRaftConf(387)) - cd15dffe-0bdf-4ded-a416-2706c1d3a8c9@group-9BA82786B54C: set configuration 0: [a4d0b5f9-3282-4cc2-85b1-5a1b13720eaf|rpc:10.1.0.22:43989|dataStream:|priority:0, ddb2790c-8d68-49f8-bd13-2d0c1144ba02|rpc:10.1.0.22:35569|dataStream:|priority:1, cd15dffe-0bdf-4ded-a416-2706c1d3a8c9|rpc:10.1.0.22:40121|dataStream:|priority:0], old=null
2022-05-04 03:17:58,161 [grpc-default-executor-2] INFO  segmented.SegmentedRaftLogWorker (SegmentedRaftLogWorker.java:startLogSegment(394)) - cd15dffe-0bdf-4ded-a416-2706c1d3a8c9@group-9BA82786B54C-SegmentedRaftLogWorker: Starting segment from index:0
2022-05-04 03:17:58,164 [cd15dffe-0bdf-4ded-a416-2706c1d3a8c9@group-9BA82786B54C-SegmentedRaftLogWorker] INFO  segmented.SegmentedRaftLogWorker (SegmentedRaftLogWorker.java:execute(601)) - cd15dffe-0bdf-4ded-a416-2706c1d3a8c9@group-9BA82786B54C-SegmentedRaftLogWorker: created new log segment /home/runner/work/ozone/ozone/hadoop-ozone/integration-test/target/test-dir/MiniOzoneClusterImpl-bb96fbd3-426a-4dd9-9d55-8297dc8cce15/datanode-1/data/ratis/88769725-f3f3-4ab2-a603-9ba82786b54c/current/log_inprogress_0
2022-05-04 03:17:58,196 [Listener at 127.0.0.1/33661] INFO  ozone.MiniOzoneClusterImpl (MiniOzoneClusterImpl.java:lambda$waitForClusterToBeReady$0(221)) - Nodes are ready. Got 5 of 5 DN Heartbeats.
2022-05-04 03:17:58,197 [Listener at 127.0.0.1/33661] INFO  ozone.MiniOzoneClusterImpl (MiniOzoneClusterImpl.java:lambda$waitForClusterToBeReady$0(224)) - Cluster exits safe mode
2022-05-04 03:17:58,197 [Listener at 127.0.0.1/33661] INFO  ozone.MiniOzoneClusterImpl (MiniOzoneClusterImpl.java:lambda$waitForClusterToBeReady$0(226)) - SCM became leader
2022-05-04 03:17:58,197 [grpc-default-executor-2] INFO  server.RaftServer$Division (ServerState.java:setRaftConf(387)) - a4d0b5f9-3282-4cc2-85b1-5a1b13720eaf@group-9BA82786B54C: set configuration 0: [a4d0b5f9-3282-4cc2-85b1-5a1b13720eaf|rpc:10.1.0.22:43989|dataStream:|priority:0, ddb2790c-8d68-49f8-bd13-2d0c1144ba02|rpc:10.1.0.22:35569|dataStream:|priority:1, cd15dffe-0bdf-4ded-a416-2706c1d3a8c9|rpc:10.1.0.22:40121|dataStream:|priority:0], old=null
2022-05-04 03:17:58,198 [grpc-default-executor-2] INFO  segmented.SegmentedRaftLogWorker (SegmentedRaftLogWorker.java:startLogSegment(394)) - a4d0b5f9-3282-4cc2-85b1-5a1b13720eaf@group-9BA82786B54C-SegmentedRaftLogWorker: Starting segment from index:0
2022-05-04 03:17:58,246 [a4d0b5f9-3282-4cc2-85b1-5a1b13720eaf@group-9BA82786B54C-SegmentedRaftLogWorker] INFO  segmented.SegmentedRaftLogWorker (SegmentedRaftLogWorker.java:execute(601)) - a4d0b5f9-3282-4cc2-85b1-5a1b13720eaf@group-9BA82786B54C-SegmentedRaftLogWorker: created new log segment /home/runner/work/ozone/ozone/hadoop-ozone/integration-test/target/test-dir/MiniOzoneClusterImpl-bb96fbd3-426a-4dd9-9d55-8297dc8cce15/datanode-0/data/ratis/88769725-f3f3-4ab2-a603-9ba82786b54c/current/log_inprogress_0
2022-05-04 03:17:58,388 [Time-limited test] INFO  rpc.RpcClient (RpcClient.java:createVolume(448)) - Creating Volume: volume57067, with user69649 as owner and space quota set to -1 bytes, counts quota set to -1
2022-05-04 03:17:58,389 [IPC Server handler 5 on default port 33661] INFO  volume.OMVolumeCreateRequest (OMVolumeCreateRequest.java:validateAndUpdateCache(195)) - created volume:volume57067 for user:user69649
2022-05-04 03:17:58,431 [Time-limited test] INFO  rpc.RpcClient (RpcClient.java:createBucket(637)) - Creating Bucket: volume57067/bucket33742, with runner as owner and Versioning false and Storage Type set to DISK and Encryption set to false 
2022-05-04 03:17:58,446 [IPC Server handler 8 on default port 33661] INFO  bucket.OMBucketCreateRequest (OMBucketCreateRequest.java:validateAndUpdateCache(258)) - created bucket: bucket33742 of layout LEGACY in volume: volume57067
2022-05-04 03:17:58,481 [IPC Server handler 7 on default port 42525] INFO  ha.SequenceIdGenerator (SequenceIdGenerator.java:getNextId(127)) - Allocate a batch for containerId, change lastId from 0 to 1000.
2022-05-04 03:17:58,481 [IPC Server handler 7 on default port 42525] WARN  ha.SequenceIdGenerator (SequenceIdGenerator.java:allocateBatch(235)) - Failed to allocate a batch for localId, expected lastId is 0, actual lastId is 109611004723200000.
2022-05-04 03:17:58,481 [IPC Server handler 7 on default port 42525] INFO  ha.SequenceIdGenerator (SequenceIdGenerator.java:getNextId(127)) - Allocate a batch for localId, change lastId from 109611004723200000 to 109611004723201000.
03:17:58.563 [IPC Server handler 16 on default port 33661] ERROR OMAudit - user=runner | ip=127.0.0.1 | op=GET_FILE_STATUS {volume=volume57067, bucket=bucket33742, key=dir468/file1, dataSize=0, replicationConfig=null} | ret=FAILURE
org.apache.hadoop.ozone.om.exceptions.OMException: Unable to get file status: volume: volume57067 bucket: bucket33742 key: dir468/file1
	at org.apache.hadoop.ozone.om.KeyManagerImpl.getOzoneFileStatus(KeyManagerImpl.java:1280) ~[ozone-manager-1.3.0-SNAPSHOT.jar:?]
	at org.apache.hadoop.ozone.om.KeyManagerImpl.getFileStatus(KeyManagerImpl.java:1210) ~[ozone-manager-1.3.0-SNAPSHOT.jar:?]
	at org.apache.hadoop.ozone.om.OzoneManager.getFileStatus(OzoneManager.java:3067) ~[ozone-manager-1.3.0-SNAPSHOT.jar:?]
	at org.apache.hadoop.ozone.protocolPB.OzoneManagerRequestHandler.getOzoneFileStatus(OzoneManagerRequestHandler.java:670) ~[ozone-manager-1.3.0-SNAPSHOT.jar:?]
	at org.apache.hadoop.ozone.protocolPB.OzoneManagerRequestHandler.handleReadRequest(OzoneManagerRequestHandler.java:201) ~[ozone-manager-1.3.0-SNAPSHOT.jar:?]
	at org.apache.hadoop.ozone.protocolPB.OzoneManagerProtocolServerSideTranslatorPB.submitRequestDirectlyToOM(OzoneManagerProtocolServerSideTranslatorPB.java:271) ~[ozone-manager-1.3.0-SNAPSHOT.jar:?]
	at org.apache.hadoop.ozone.protocolPB.OzoneManagerProtocolServerSideTranslatorPB.processRequest(OzoneManagerProtocolServerSideTranslatorPB.java:195) ~[ozone-manager-1.3.0-SNAPSHOT.jar:?]
	at org.apache.hadoop.hdds.server.OzoneProtocolMessageDispatcher.processRequest(OzoneProtocolMessageDispatcher.java:87) [hdds-server-framework-1.3.0-SNAPSHOT.jar:?]
	at org.apache.hadoop.ozone.protocolPB.OzoneManagerProtocolServerSideTranslatorPB.submitRequest(OzoneManagerProtocolServerSideTranslatorPB.java:146) [ozone-manager-1.3.0-SNAPSHOT.jar:?]
	at org.apache.hadoop.ozone.protocol.proto.OzoneManagerProtocolProtos$OzoneManagerService$2.callBlockingMethod(OzoneManagerProtocolProtos.java) [ozone-interface-client-1.3.0-SNAPSHOT.jar:?]
	at org.apache.hadoop.ipc.ProtobufRpcEngine$Server.processCall(ProtobufRpcEngine.java:466) [hadoop-common-3.3.1.jar:?]
	at org.apache.hadoop.ipc.ProtobufRpcEngine2$Server$ProtoBufRpcInvoker.call(ProtobufRpcEngine2.java:574) [hadoop-common-3.3.1.jar:?]
	at org.apache.hadoop.ipc.ProtobufRpcEngine2$Server$ProtoBufRpcInvoker.call(ProtobufRpcEngine2.java:552) [hadoop-common-3.3.1.jar:?]
	at org.apache.hadoop.ipc.RPC$Server.call(RPC.java:1093) [hadoop-common-3.3.1.jar:?]
	at org.apache.hadoop.ipc.Server$RpcCall.run(Server.java:1035) [hadoop-common-3.3.1.jar:?]
	at org.apache.hadoop.ipc.Server$RpcCall.run(Server.java:963) [hadoop-common-3.3.1.jar:?]
	at java.security.AccessController.doPrivileged(Native Method) ~[?:1.8.0_322]
	at javax.security.auth.Subject.doAs(Subject.java:422) [?:1.8.0_322]
	at org.apache.hadoop.security.UserGroupInformation.doAs(UserGroupInformation.java:1878) [hadoop-common-3.3.1.jar:?]
	at org.apache.hadoop.ipc.Server$Handler.run(Server.java:2966) [hadoop-common-3.3.1.jar:?]
]]></system-out>
  </testcase>
  <testcase name="testListStatusRootAndVolumeRecursive" classname="TestRootedOzoneFileSystem" time="1.517">
    <system-out><![CDATA[2022-05-04 03:12:28,682 [Time-limited test] INFO  rpc.RpcClient (RpcClient.java:createVolume(448)) - Creating Volume: volume81568, with user58691 as owner and space quota set to -1 bytes, counts quota set to -1
2022-05-04 03:12:28,687 [OM StateMachine ApplyTransaction Thread - 0] INFO  volume.OMVolumeCreateRequest (OMVolumeCreateRequest.java:validateAndUpdateCache(195)) - created volume:volume81568 for user:user58691
2022-05-04 03:12:28,691 [Time-limited test] INFO  rpc.RpcClient (RpcClient.java:createBucket(637)) - Creating Bucket: volume81568/bucket05011, with runner as owner and Versioning false and Storage Type set to DISK and Encryption set to false 
2022-05-04 03:12:28,697 [OM StateMachine ApplyTransaction Thread - 0] INFO  bucket.OMBucketCreateRequest (OMBucketCreateRequest.java:validateAndUpdateCache(258)) - created bucket: bucket05011 of layout LEGACY in volume: volume81568
2022-05-04 03:12:28,713 [Time-limited test] INFO  rpc.RpcClient (RpcClient.java:createVolume(448)) - Creating Volume: volume-15323, with runner as owner and space quota set to -1 bytes, counts quota set to -1
2022-05-04 03:12:28,717 [OM StateMachine ApplyTransaction Thread - 0] INFO  volume.OMVolumeCreateRequest (OMVolumeCreateRequest.java:validateAndUpdateCache(195)) - created volume:volume-15323 for user:runner
2022-05-04 03:12:28,721 [Time-limited test] INFO  rpc.RpcClient (RpcClient.java:createBucket(637)) - Creating Bucket: volume-15323/bucket-46359, with runner as owner and Versioning false and Storage Type set to DISK and Encryption set to false 
2022-05-04 03:12:28,725 [OM StateMachine ApplyTransaction Thread - 0] INFO  bucket.OMBucketCreateRequest (OMBucketCreateRequest.java:validateAndUpdateCache(258)) - created bucket: bucket-46359 of layout LEGACY in volume: volume-15323
2022-05-04 03:12:28,806 [Time-limited test] INFO  impl.MetricsSystemImpl (MetricsSystemImpl.java:init(158)) - XceiverClientMetrics metrics system started (again)
2022-05-04 03:12:29,333 [Time-limited test] INFO  rpc.RpcClient (RpcClient.java:createVolume(448)) - Creating Volume: volume-78764, with runner as owner and space quota set to -1 bytes, counts quota set to -1
2022-05-04 03:12:29,337 [OM StateMachine ApplyTransaction Thread - 0] INFO  volume.OMVolumeCreateRequest (OMVolumeCreateRequest.java:validateAndUpdateCache(195)) - created volume:volume-78764 for user:runner
2022-05-04 03:12:29,342 [Time-limited test] INFO  rpc.RpcClient (RpcClient.java:createBucket(637)) - Creating Bucket: volume-78764/bucket-16892, with runner as owner and Versioning false and Storage Type set to DISK and Encryption set to false 
2022-05-04 03:12:29,346 [OM StateMachine ApplyTransaction Thread - 0] INFO  bucket.OMBucketCreateRequest (OMBucketCreateRequest.java:validateAndUpdateCache(258)) - created bucket: bucket-16892 of layout LEGACY in volume: volume-78764
]]></system-out>
  </testcase>
  <testcase name="testListStatusRootAndVolumeRecursive" classname="TestRootedOzoneFileSystem" time="0.994">
    <system-out><![CDATA[2022-05-04 03:13:50,756 [Time-limited test] INFO  rpc.RpcClient (RpcClient.java:createVolume(448)) - Creating Volume: volume53256, with user19425 as owner and space quota set to -1 bytes, counts quota set to -1
2022-05-04 03:13:50,762 [OM StateMachine ApplyTransaction Thread - 0] INFO  volume.OMVolumeCreateRequest (OMVolumeCreateRequest.java:validateAndUpdateCache(195)) - created volume:volume53256 for user:user19425
2022-05-04 03:13:50,764 [Time-limited test] INFO  rpc.RpcClient (RpcClient.java:createBucket(637)) - Creating Bucket: volume53256/bucket50705, with runner as owner and Versioning false and Storage Type set to DISK and Encryption set to false 
2022-05-04 03:13:50,765 [OM StateMachine ApplyTransaction Thread - 0] INFO  bucket.OMBucketCreateRequest (OMBucketCreateRequest.java:validateAndUpdateCache(258)) - created bucket: bucket50705 of layout LEGACY in volume: volume53256
03:13:50.772 [IPC Server handler 11 on default port 46813] ERROR OMAudit - user=runner | ip=127.0.0.1 | op=READ_BUCKET {volume=volume-17364, bucket=bucket-00009} | ret=FAILURE
org.apache.hadoop.ozone.om.exceptions.OMException: Volume not found when getting bucket info
	at org.apache.hadoop.ozone.om.BucketManagerImpl.getBucketInfo(BucketManagerImpl.java:127) ~[ozone-manager-1.3.0-SNAPSHOT.jar:?]
	at org.apache.hadoop.ozone.om.OzoneManager.getBucketInfo(OzoneManager.java:2686) ~[ozone-manager-1.3.0-SNAPSHOT.jar:?]
	at org.apache.hadoop.ozone.protocolPB.OzoneManagerRequestHandler.infoBucket(OzoneManagerRequestHandler.java:382) ~[ozone-manager-1.3.0-SNAPSHOT.jar:?]
	at org.apache.hadoop.ozone.protocolPB.OzoneManagerRequestHandler.handleReadRequest(OzoneManagerRequestHandler.java:156) ~[ozone-manager-1.3.0-SNAPSHOT.jar:?]
	at org.apache.hadoop.ozone.protocolPB.OzoneManagerProtocolServerSideTranslatorPB.submitReadRequestToOM(OzoneManagerProtocolServerSideTranslatorPB.java:213) ~[ozone-manager-1.3.0-SNAPSHOT.jar:?]
	at org.apache.hadoop.ozone.protocolPB.OzoneManagerProtocolServerSideTranslatorPB.processRequest(OzoneManagerProtocolServerSideTranslatorPB.java:174) ~[ozone-manager-1.3.0-SNAPSHOT.jar:?]
	at org.apache.hadoop.hdds.server.OzoneProtocolMessageDispatcher.processRequest(OzoneProtocolMessageDispatcher.java:87) [hdds-server-framework-1.3.0-SNAPSHOT.jar:?]
	at org.apache.hadoop.ozone.protocolPB.OzoneManagerProtocolServerSideTranslatorPB.submitRequest(OzoneManagerProtocolServerSideTranslatorPB.java:146) [ozone-manager-1.3.0-SNAPSHOT.jar:?]
	at org.apache.hadoop.ozone.protocol.proto.OzoneManagerProtocolProtos$OzoneManagerService$2.callBlockingMethod(OzoneManagerProtocolProtos.java) [ozone-interface-client-1.3.0-SNAPSHOT.jar:?]
	at org.apache.hadoop.ipc.ProtobufRpcEngine$Server.processCall(ProtobufRpcEngine.java:466) [hadoop-common-3.3.1.jar:?]
	at org.apache.hadoop.ipc.ProtobufRpcEngine2$Server$ProtoBufRpcInvoker.call(ProtobufRpcEngine2.java:574) [hadoop-common-3.3.1.jar:?]
	at org.apache.hadoop.ipc.ProtobufRpcEngine2$Server$ProtoBufRpcInvoker.call(ProtobufRpcEngine2.java:552) [hadoop-common-3.3.1.jar:?]
	at org.apache.hadoop.ipc.RPC$Server.call(RPC.java:1093) [hadoop-common-3.3.1.jar:?]
	at org.apache.hadoop.ipc.Server$RpcCall.run(Server.java:1035) [hadoop-common-3.3.1.jar:?]
	at org.apache.hadoop.ipc.Server$RpcCall.run(Server.java:963) [hadoop-common-3.3.1.jar:?]
	at java.security.AccessController.doPrivileged(Native Method) ~[?:1.8.0_322]
	at javax.security.auth.Subject.doAs(Subject.java:422) [?:1.8.0_322]
	at org.apache.hadoop.security.UserGroupInformation.doAs(UserGroupInformation.java:1878) [hadoop-common-3.3.1.jar:?]
	at org.apache.hadoop.ipc.Server$Handler.run(Server.java:2966) [hadoop-common-3.3.1.jar:?]
2022-05-04 03:13:50,772 [Time-limited test] INFO  rpc.RpcClient (RpcClient.java:createVolume(448)) - Creating Volume: volume-17364, with runner as owner and space quota set to -1 bytes, counts quota set to -1
2022-05-04 03:13:50,774 [OM StateMachine ApplyTransaction Thread - 0] INFO  volume.OMVolumeCreateRequest (OMVolumeCreateRequest.java:validateAndUpdateCache(195)) - created volume:volume-17364 for user:runner
2022-05-04 03:13:50,776 [Time-limited test] INFO  rpc.RpcClient (RpcClient.java:createBucket(637)) - Creating Bucket: volume-17364/bucket-00009, with runner as owner and Versioning false and Storage Type set to DISK and Encryption set to false 
2022-05-04 03:13:50,779 [OM StateMachine ApplyTransaction Thread - 0] INFO  bucket.OMBucketCreateRequest (OMBucketCreateRequest.java:validateAndUpdateCache(258)) - created bucket: bucket-00009 of layout LEGACY in volume: volume-17364
03:13:51.167 [IPC Server handler 1 on default port 46813] ERROR OMAudit - user=runner | ip=127.0.0.1 | op=READ_BUCKET {volume=volume-68892, bucket=bucket-28483} | ret=FAILURE
org.apache.hadoop.ozone.om.exceptions.OMException: Volume not found when getting bucket info
	at org.apache.hadoop.ozone.om.BucketManagerImpl.getBucketInfo(BucketManagerImpl.java:127) ~[ozone-manager-1.3.0-SNAPSHOT.jar:?]
	at org.apache.hadoop.ozone.om.OzoneManager.getBucketInfo(OzoneManager.java:2686) ~[ozone-manager-1.3.0-SNAPSHOT.jar:?]
	at org.apache.hadoop.ozone.protocolPB.OzoneManagerRequestHandler.infoBucket(OzoneManagerRequestHandler.java:382) ~[ozone-manager-1.3.0-SNAPSHOT.jar:?]
	at org.apache.hadoop.ozone.protocolPB.OzoneManagerRequestHandler.handleReadRequest(OzoneManagerRequestHandler.java:156) ~[ozone-manager-1.3.0-SNAPSHOT.jar:?]
	at org.apache.hadoop.ozone.protocolPB.OzoneManagerProtocolServerSideTranslatorPB.submitReadRequestToOM(OzoneManagerProtocolServerSideTranslatorPB.java:213) ~[ozone-manager-1.3.0-SNAPSHOT.jar:?]
	at org.apache.hadoop.ozone.protocolPB.OzoneManagerProtocolServerSideTranslatorPB.processRequest(OzoneManagerProtocolServerSideTranslatorPB.java:174) ~[ozone-manager-1.3.0-SNAPSHOT.jar:?]
	at org.apache.hadoop.hdds.server.OzoneProtocolMessageDispatcher.processRequest(OzoneProtocolMessageDispatcher.java:87) [hdds-server-framework-1.3.0-SNAPSHOT.jar:?]
	at org.apache.hadoop.ozone.protocolPB.OzoneManagerProtocolServerSideTranslatorPB.submitRequest(OzoneManagerProtocolServerSideTranslatorPB.java:146) [ozone-manager-1.3.0-SNAPSHOT.jar:?]
	at org.apache.hadoop.ozone.protocol.proto.OzoneManagerProtocolProtos$OzoneManagerService$2.callBlockingMethod(OzoneManagerProtocolProtos.java) [ozone-interface-client-1.3.0-SNAPSHOT.jar:?]
	at org.apache.hadoop.ipc.ProtobufRpcEngine$Server.processCall(ProtobufRpcEngine.java:466) [hadoop-common-3.3.1.jar:?]
	at org.apache.hadoop.ipc.ProtobufRpcEngine2$Server$ProtoBufRpcInvoker.call(ProtobufRpcEngine2.java:574) [hadoop-common-3.3.1.jar:?]
	at org.apache.hadoop.ipc.ProtobufRpcEngine2$Server$ProtoBufRpcInvoker.call(ProtobufRpcEngine2.java:552) [hadoop-common-3.3.1.jar:?]
	at org.apache.hadoop.ipc.RPC$Server.call(RPC.java:1093) [hadoop-common-3.3.1.jar:?]
	at org.apache.hadoop.ipc.Server$RpcCall.run(Server.java:1035) [hadoop-common-3.3.1.jar:?]
	at org.apache.hadoop.ipc.Server$RpcCall.run(Server.java:963) [hadoop-common-3.3.1.jar:?]
	at java.security.AccessController.doPrivileged(Native Method) ~[?:1.8.0_322]
	at javax.security.auth.Subject.doAs(Subject.java:422) [?:1.8.0_322]
	at org.apache.hadoop.security.UserGroupInformation.doAs(UserGroupInformation.java:1878) [hadoop-common-3.3.1.jar:?]
	at org.apache.hadoop.ipc.Server$Handler.run(Server.java:2966) [hadoop-common-3.3.1.jar:?]
2022-05-04 03:13:51,167 [Time-limited test] INFO  rpc.RpcClient (RpcClient.java:createVolume(448)) - Creating Volume: volume-68892, with runner as owner and space quota set to -1 bytes, counts quota set to -1
2022-05-04 03:13:51,175 [OM StateMachine ApplyTransaction Thread - 0] INFO  volume.OMVolumeCreateRequest (OMVolumeCreateRequest.java:validateAndUpdateCache(195)) - created volume:volume-68892 for user:runner
2022-05-04 03:13:51,177 [Time-limited test] INFO  rpc.RpcClient (RpcClient.java:createBucket(637)) - Creating Bucket: volume-68892/bucket-28483, with runner as owner and Versioning false and Storage Type set to DISK and Encryption set to false 
2022-05-04 03:13:51,178 [OM StateMachine ApplyTransaction Thread - 0] INFO  bucket.OMBucketCreateRequest (OMBucketCreateRequest.java:validateAndUpdateCache(258)) - created bucket: bucket-28483 of layout LEGACY in volume: volume-68892
]]></system-out>
  </testcase>
  <testcase name="testListStatusRootAndVolumeRecursive" classname="TestRootedOzoneFileSystem" time="1.104">
    <system-out><![CDATA[2022-05-04 03:15:05,131 [Time-limited test] INFO  rpc.RpcClient (RpcClient.java:createVolume(448)) - Creating Volume: volume53072, with user14926 as owner and space quota set to -1 bytes, counts quota set to -1
2022-05-04 03:15:05,132 [IPC Server handler 9 on default port 33297] INFO  volume.OMVolumeCreateRequest (OMVolumeCreateRequest.java:validateAndUpdateCache(195)) - created volume:volume53072 for user:user14926
2022-05-04 03:15:05,135 [Time-limited test] INFO  rpc.RpcClient (RpcClient.java:createBucket(637)) - Creating Bucket: volume53072/bucket02268, with runner as owner and Versioning false and Storage Type set to DISK and Encryption set to false 
2022-05-04 03:15:05,135 [IPC Server handler 6 on default port 33297] INFO  bucket.OMBucketCreateRequest (OMBucketCreateRequest.java:validateAndUpdateCache(258)) - created bucket: bucket02268 of layout LEGACY in volume: volume53072
03:15:05.144 [IPC Server handler 11 on default port 33297] ERROR OMAudit - user=runner | ip=127.0.0.1 | op=READ_BUCKET {volume=volume-50213, bucket=bucket-49437} | ret=FAILURE
org.apache.hadoop.ozone.om.exceptions.OMException: Volume not found when getting bucket info
	at org.apache.hadoop.ozone.om.BucketManagerImpl.getBucketInfo(BucketManagerImpl.java:127) ~[ozone-manager-1.3.0-SNAPSHOT.jar:?]
	at org.apache.hadoop.ozone.om.OzoneManager.getBucketInfo(OzoneManager.java:2686) ~[ozone-manager-1.3.0-SNAPSHOT.jar:?]
	at org.apache.hadoop.ozone.protocolPB.OzoneManagerRequestHandler.infoBucket(OzoneManagerRequestHandler.java:382) ~[ozone-manager-1.3.0-SNAPSHOT.jar:?]
	at org.apache.hadoop.ozone.protocolPB.OzoneManagerRequestHandler.handleReadRequest(OzoneManagerRequestHandler.java:156) ~[ozone-manager-1.3.0-SNAPSHOT.jar:?]
	at org.apache.hadoop.ozone.protocolPB.OzoneManagerProtocolServerSideTranslatorPB.submitRequestDirectlyToOM(OzoneManagerProtocolServerSideTranslatorPB.java:271) ~[ozone-manager-1.3.0-SNAPSHOT.jar:?]
	at org.apache.hadoop.ozone.protocolPB.OzoneManagerProtocolServerSideTranslatorPB.processRequest(OzoneManagerProtocolServerSideTranslatorPB.java:195) ~[ozone-manager-1.3.0-SNAPSHOT.jar:?]
	at org.apache.hadoop.hdds.server.OzoneProtocolMessageDispatcher.processRequest(OzoneProtocolMessageDispatcher.java:87) [hdds-server-framework-1.3.0-SNAPSHOT.jar:?]
	at org.apache.hadoop.ozone.protocolPB.OzoneManagerProtocolServerSideTranslatorPB.submitRequest(OzoneManagerProtocolServerSideTranslatorPB.java:146) [ozone-manager-1.3.0-SNAPSHOT.jar:?]
	at org.apache.hadoop.ozone.protocol.proto.OzoneManagerProtocolProtos$OzoneManagerService$2.callBlockingMethod(OzoneManagerProtocolProtos.java) [ozone-interface-client-1.3.0-SNAPSHOT.jar:?]
	at org.apache.hadoop.ipc.ProtobufRpcEngine$Server.processCall(ProtobufRpcEngine.java:466) [hadoop-common-3.3.1.jar:?]
	at org.apache.hadoop.ipc.ProtobufRpcEngine2$Server$ProtoBufRpcInvoker.call(ProtobufRpcEngine2.java:574) [hadoop-common-3.3.1.jar:?]
	at org.apache.hadoop.ipc.ProtobufRpcEngine2$Server$ProtoBufRpcInvoker.call(ProtobufRpcEngine2.java:552) [hadoop-common-3.3.1.jar:?]
	at org.apache.hadoop.ipc.RPC$Server.call(RPC.java:1093) [hadoop-common-3.3.1.jar:?]
	at org.apache.hadoop.ipc.Server$RpcCall.run(Server.java:1035) [hadoop-common-3.3.1.jar:?]
	at org.apache.hadoop.ipc.Server$RpcCall.run(Server.java:963) [hadoop-common-3.3.1.jar:?]
	at java.security.AccessController.doPrivileged(Native Method) ~[?:1.8.0_322]
	at javax.security.auth.Subject.doAs(Subject.java:422) [?:1.8.0_322]
	at org.apache.hadoop.security.UserGroupInformation.doAs(UserGroupInformation.java:1878) [hadoop-common-3.3.1.jar:?]
	at org.apache.hadoop.ipc.Server$Handler.run(Server.java:2966) [hadoop-common-3.3.1.jar:?]
2022-05-04 03:15:05,146 [Time-limited test] INFO  rpc.RpcClient (RpcClient.java:createVolume(448)) - Creating Volume: volume-50213, with runner as owner and space quota set to -1 bytes, counts quota set to -1
2022-05-04 03:15:05,148 [IPC Server handler 3 on default port 33297] INFO  volume.OMVolumeCreateRequest (OMVolumeCreateRequest.java:validateAndUpdateCache(195)) - created volume:volume-50213 for user:runner
2022-05-04 03:15:05,149 [Time-limited test] INFO  rpc.RpcClient (RpcClient.java:createBucket(637)) - Creating Bucket: volume-50213/bucket-49437, with runner as owner and Versioning false and Storage Type set to DISK and Encryption set to false 
2022-05-04 03:15:05,149 [IPC Server handler 15 on default port 33297] INFO  bucket.OMBucketCreateRequest (OMBucketCreateRequest.java:validateAndUpdateCache(258)) - created bucket: bucket-49437 of layout LEGACY in volume: volume-50213
03:15:05.609 [IPC Server handler 1 on default port 33297] ERROR OMAudit - user=runner | ip=127.0.0.1 | op=READ_BUCKET {volume=volume-02480, bucket=bucket-27137} | ret=FAILURE
org.apache.hadoop.ozone.om.exceptions.OMException: Volume not found when getting bucket info
	at org.apache.hadoop.ozone.om.BucketManagerImpl.getBucketInfo(BucketManagerImpl.java:127) ~[ozone-manager-1.3.0-SNAPSHOT.jar:?]
	at org.apache.hadoop.ozone.om.OzoneManager.getBucketInfo(OzoneManager.java:2686) ~[ozone-manager-1.3.0-SNAPSHOT.jar:?]
	at org.apache.hadoop.ozone.protocolPB.OzoneManagerRequestHandler.infoBucket(OzoneManagerRequestHandler.java:382) ~[ozone-manager-1.3.0-SNAPSHOT.jar:?]
	at org.apache.hadoop.ozone.protocolPB.OzoneManagerRequestHandler.handleReadRequest(OzoneManagerRequestHandler.java:156) ~[ozone-manager-1.3.0-SNAPSHOT.jar:?]
	at org.apache.hadoop.ozone.protocolPB.OzoneManagerProtocolServerSideTranslatorPB.submitRequestDirectlyToOM(OzoneManagerProtocolServerSideTranslatorPB.java:271) ~[ozone-manager-1.3.0-SNAPSHOT.jar:?]
	at org.apache.hadoop.ozone.protocolPB.OzoneManagerProtocolServerSideTranslatorPB.processRequest(OzoneManagerProtocolServerSideTranslatorPB.java:195) ~[ozone-manager-1.3.0-SNAPSHOT.jar:?]
	at org.apache.hadoop.hdds.server.OzoneProtocolMessageDispatcher.processRequest(OzoneProtocolMessageDispatcher.java:87) [hdds-server-framework-1.3.0-SNAPSHOT.jar:?]
	at org.apache.hadoop.ozone.protocolPB.OzoneManagerProtocolServerSideTranslatorPB.submitRequest(OzoneManagerProtocolServerSideTranslatorPB.java:146) [ozone-manager-1.3.0-SNAPSHOT.jar:?]
	at org.apache.hadoop.ozone.protocol.proto.OzoneManagerProtocolProtos$OzoneManagerService$2.callBlockingMethod(OzoneManagerProtocolProtos.java) [ozone-interface-client-1.3.0-SNAPSHOT.jar:?]
	at org.apache.hadoop.ipc.ProtobufRpcEngine$Server.processCall(ProtobufRpcEngine.java:466) [hadoop-common-3.3.1.jar:?]
	at org.apache.hadoop.ipc.ProtobufRpcEngine2$Server$ProtoBufRpcInvoker.call(ProtobufRpcEngine2.java:574) [hadoop-common-3.3.1.jar:?]
	at org.apache.hadoop.ipc.ProtobufRpcEngine2$Server$ProtoBufRpcInvoker.call(ProtobufRpcEngine2.java:552) [hadoop-common-3.3.1.jar:?]
	at org.apache.hadoop.ipc.RPC$Server.call(RPC.java:1093) [hadoop-common-3.3.1.jar:?]
	at org.apache.hadoop.ipc.Server$RpcCall.run(Server.java:1035) [hadoop-common-3.3.1.jar:?]
	at org.apache.hadoop.ipc.Server$RpcCall.run(Server.java:963) [hadoop-common-3.3.1.jar:?]
	at java.security.AccessController.doPrivileged(Native Method) ~[?:1.8.0_322]
	at javax.security.auth.Subject.doAs(Subject.java:422) [?:1.8.0_322]
	at org.apache.hadoop.security.UserGroupInformation.doAs(UserGroupInformation.java:1878) [hadoop-common-3.3.1.jar:?]
	at org.apache.hadoop.ipc.Server$Handler.run(Server.java:2966) [hadoop-common-3.3.1.jar:?]
2022-05-04 03:15:05,610 [Time-limited test] INFO  rpc.RpcClient (RpcClient.java:createVolume(448)) - Creating Volume: volume-02480, with runner as owner and space quota set to -1 bytes, counts quota set to -1
2022-05-04 03:15:05,611 [IPC Server handler 9 on default port 33297] INFO  volume.OMVolumeCreateRequest (OMVolumeCreateRequest.java:validateAndUpdateCache(195)) - created volume:volume-02480 for user:runner
2022-05-04 03:15:05,611 [Time-limited test] INFO  rpc.RpcClient (RpcClient.java:createBucket(637)) - Creating Bucket: volume-02480/bucket-27137, with runner as owner and Versioning false and Storage Type set to DISK and Encryption set to false 
2022-05-04 03:15:05,612 [IPC Server handler 6 on default port 33297] INFO  bucket.OMBucketCreateRequest (OMBucketCreateRequest.java:validateAndUpdateCache(258)) - created bucket: bucket-27137 of layout LEGACY in volume: volume-02480
]]></system-out>
  </testcase>
  <testcase name="testListStatusRootAndVolumeRecursive" classname="TestRootedOzoneFileSystem" time="1.24">
    <system-out><![CDATA[2022-05-04 03:16:23,635 [Time-limited test] INFO  rpc.RpcClient (RpcClient.java:createVolume(448)) - Creating Volume: volume42842, with user14711 as owner and space quota set to -1 bytes, counts quota set to -1
2022-05-04 03:16:23,645 [OM StateMachine ApplyTransaction Thread - 0] INFO  volume.OMVolumeCreateRequest (OMVolumeCreateRequest.java:validateAndUpdateCache(195)) - created volume:volume42842 for user:user14711
2022-05-04 03:16:23,648 [Time-limited test] INFO  rpc.RpcClient (RpcClient.java:createBucket(637)) - Creating Bucket: volume42842/bucket22090, with runner as owner and Versioning false and Storage Type set to DISK and Encryption set to false 
2022-05-04 03:16:23,649 [OM StateMachine ApplyTransaction Thread - 0] INFO  bucket.OMBucketCreateRequest (OMBucketCreateRequest.java:validateAndUpdateCache(258)) - created bucket: bucket22090 of layout LEGACY in volume: volume42842
03:16:23.652 [IPC Server handler 8 on default port 37999] ERROR OMAudit - user=runner | ip=127.0.0.1 | op=READ_BUCKET {volume=volume-14924, bucket=bucket-74386} | ret=FAILURE
org.apache.hadoop.ozone.om.exceptions.OMException: Volume not found when getting bucket info
	at org.apache.hadoop.ozone.om.BucketManagerImpl.getBucketInfo(BucketManagerImpl.java:127) ~[ozone-manager-1.3.0-SNAPSHOT.jar:?]
	at org.apache.hadoop.ozone.om.OzoneManager.getBucketInfo(OzoneManager.java:2686) ~[ozone-manager-1.3.0-SNAPSHOT.jar:?]
	at org.apache.hadoop.ozone.protocolPB.OzoneManagerRequestHandler.infoBucket(OzoneManagerRequestHandler.java:382) ~[ozone-manager-1.3.0-SNAPSHOT.jar:?]
	at org.apache.hadoop.ozone.protocolPB.OzoneManagerRequestHandler.handleReadRequest(OzoneManagerRequestHandler.java:156) ~[ozone-manager-1.3.0-SNAPSHOT.jar:?]
	at org.apache.hadoop.ozone.protocolPB.OzoneManagerProtocolServerSideTranslatorPB.submitReadRequestToOM(OzoneManagerProtocolServerSideTranslatorPB.java:213) ~[ozone-manager-1.3.0-SNAPSHOT.jar:?]
	at org.apache.hadoop.ozone.protocolPB.OzoneManagerProtocolServerSideTranslatorPB.processRequest(OzoneManagerProtocolServerSideTranslatorPB.java:174) ~[ozone-manager-1.3.0-SNAPSHOT.jar:?]
	at org.apache.hadoop.hdds.server.OzoneProtocolMessageDispatcher.processRequest(OzoneProtocolMessageDispatcher.java:87) [hdds-server-framework-1.3.0-SNAPSHOT.jar:?]
	at org.apache.hadoop.ozone.protocolPB.OzoneManagerProtocolServerSideTranslatorPB.submitRequest(OzoneManagerProtocolServerSideTranslatorPB.java:146) [ozone-manager-1.3.0-SNAPSHOT.jar:?]
	at org.apache.hadoop.ozone.protocol.proto.OzoneManagerProtocolProtos$OzoneManagerService$2.callBlockingMethod(OzoneManagerProtocolProtos.java) [ozone-interface-client-1.3.0-SNAPSHOT.jar:?]
	at org.apache.hadoop.ipc.ProtobufRpcEngine$Server.processCall(ProtobufRpcEngine.java:466) [hadoop-common-3.3.1.jar:?]
	at org.apache.hadoop.ipc.ProtobufRpcEngine2$Server$ProtoBufRpcInvoker.call(ProtobufRpcEngine2.java:574) [hadoop-common-3.3.1.jar:?]
	at org.apache.hadoop.ipc.ProtobufRpcEngine2$Server$ProtoBufRpcInvoker.call(ProtobufRpcEngine2.java:552) [hadoop-common-3.3.1.jar:?]
	at org.apache.hadoop.ipc.RPC$Server.call(RPC.java:1093) [hadoop-common-3.3.1.jar:?]
	at org.apache.hadoop.ipc.Server$RpcCall.run(Server.java:1035) [hadoop-common-3.3.1.jar:?]
	at org.apache.hadoop.ipc.Server$RpcCall.run(Server.java:963) [hadoop-common-3.3.1.jar:?]
	at java.security.AccessController.doPrivileged(Native Method) ~[?:1.8.0_322]
	at javax.security.auth.Subject.doAs(Subject.java:422) [?:1.8.0_322]
	at org.apache.hadoop.security.UserGroupInformation.doAs(UserGroupInformation.java:1878) [hadoop-common-3.3.1.jar:?]
	at org.apache.hadoop.ipc.Server$Handler.run(Server.java:2966) [hadoop-common-3.3.1.jar:?]
2022-05-04 03:16:23,660 [Time-limited test] INFO  rpc.RpcClient (RpcClient.java:createVolume(448)) - Creating Volume: volume-14924, with runner as owner and space quota set to -1 bytes, counts quota set to -1
2022-05-04 03:16:23,666 [OM StateMachine ApplyTransaction Thread - 0] INFO  volume.OMVolumeCreateRequest (OMVolumeCreateRequest.java:validateAndUpdateCache(195)) - created volume:volume-14924 for user:runner
2022-05-04 03:16:23,667 [Time-limited test] INFO  rpc.RpcClient (RpcClient.java:createBucket(637)) - Creating Bucket: volume-14924/bucket-74386, with runner as owner and Versioning false and Storage Type set to DISK and Encryption set to false 
2022-05-04 03:16:23,670 [OM StateMachine ApplyTransaction Thread - 0] INFO  bucket.OMBucketCreateRequest (OMBucketCreateRequest.java:validateAndUpdateCache(258)) - created bucket: bucket-74386 of layout LEGACY in volume: volume-14924
03:16:24.136 [IPC Server handler 5 on default port 37999] ERROR OMAudit - user=runner | ip=127.0.0.1 | op=READ_BUCKET {volume=volume-04960, bucket=bucket-78795} | ret=FAILURE
org.apache.hadoop.ozone.om.exceptions.OMException: Volume not found when getting bucket info
	at org.apache.hadoop.ozone.om.BucketManagerImpl.getBucketInfo(BucketManagerImpl.java:127) ~[ozone-manager-1.3.0-SNAPSHOT.jar:?]
	at org.apache.hadoop.ozone.om.OzoneManager.getBucketInfo(OzoneManager.java:2686) ~[ozone-manager-1.3.0-SNAPSHOT.jar:?]
	at org.apache.hadoop.ozone.protocolPB.OzoneManagerRequestHandler.infoBucket(OzoneManagerRequestHandler.java:382) ~[ozone-manager-1.3.0-SNAPSHOT.jar:?]
	at org.apache.hadoop.ozone.protocolPB.OzoneManagerRequestHandler.handleReadRequest(OzoneManagerRequestHandler.java:156) ~[ozone-manager-1.3.0-SNAPSHOT.jar:?]
	at org.apache.hadoop.ozone.protocolPB.OzoneManagerProtocolServerSideTranslatorPB.submitReadRequestToOM(OzoneManagerProtocolServerSideTranslatorPB.java:213) ~[ozone-manager-1.3.0-SNAPSHOT.jar:?]
	at org.apache.hadoop.ozone.protocolPB.OzoneManagerProtocolServerSideTranslatorPB.processRequest(OzoneManagerProtocolServerSideTranslatorPB.java:174) ~[ozone-manager-1.3.0-SNAPSHOT.jar:?]
	at org.apache.hadoop.hdds.server.OzoneProtocolMessageDispatcher.processRequest(OzoneProtocolMessageDispatcher.java:87) [hdds-server-framework-1.3.0-SNAPSHOT.jar:?]
	at org.apache.hadoop.ozone.protocolPB.OzoneManagerProtocolServerSideTranslatorPB.submitRequest(OzoneManagerProtocolServerSideTranslatorPB.java:146) [ozone-manager-1.3.0-SNAPSHOT.jar:?]
	at org.apache.hadoop.ozone.protocol.proto.OzoneManagerProtocolProtos$OzoneManagerService$2.callBlockingMethod(OzoneManagerProtocolProtos.java) [ozone-interface-client-1.3.0-SNAPSHOT.jar:?]
	at org.apache.hadoop.ipc.ProtobufRpcEngine$Server.processCall(ProtobufRpcEngine.java:466) [hadoop-common-3.3.1.jar:?]
	at org.apache.hadoop.ipc.ProtobufRpcEngine2$Server$ProtoBufRpcInvoker.call(ProtobufRpcEngine2.java:574) [hadoop-common-3.3.1.jar:?]
	at org.apache.hadoop.ipc.ProtobufRpcEngine2$Server$ProtoBufRpcInvoker.call(ProtobufRpcEngine2.java:552) [hadoop-common-3.3.1.jar:?]
	at org.apache.hadoop.ipc.RPC$Server.call(RPC.java:1093) [hadoop-common-3.3.1.jar:?]
	at org.apache.hadoop.ipc.Server$RpcCall.run(Server.java:1035) [hadoop-common-3.3.1.jar:?]
	at org.apache.hadoop.ipc.Server$RpcCall.run(Server.java:963) [hadoop-common-3.3.1.jar:?]
	at java.security.AccessController.doPrivileged(Native Method) ~[?:1.8.0_322]
	at javax.security.auth.Subject.doAs(Subject.java:422) [?:1.8.0_322]
	at org.apache.hadoop.security.UserGroupInformation.doAs(UserGroupInformation.java:1878) [hadoop-common-3.3.1.jar:?]
	at org.apache.hadoop.ipc.Server$Handler.run(Server.java:2966) [hadoop-common-3.3.1.jar:?]
2022-05-04 03:16:24,138 [Time-limited test] INFO  rpc.RpcClient (RpcClient.java:createVolume(448)) - Creating Volume: volume-04960, with runner as owner and space quota set to -1 bytes, counts quota set to -1
2022-05-04 03:16:24,142 [OM StateMachine ApplyTransaction Thread - 0] INFO  volume.OMVolumeCreateRequest (OMVolumeCreateRequest.java:validateAndUpdateCache(195)) - created volume:volume-04960 for user:runner
2022-05-04 03:16:24,143 [Time-limited test] INFO  rpc.RpcClient (RpcClient.java:createBucket(637)) - Creating Bucket: volume-04960/bucket-78795, with runner as owner and Versioning false and Storage Type set to DISK and Encryption set to false 
2022-05-04 03:16:24,145 [OM StateMachine ApplyTransaction Thread - 0] INFO  bucket.OMBucketCreateRequest (OMBucketCreateRequest.java:validateAndUpdateCache(258)) - created bucket: bucket-78795 of layout LEGACY in volume: volume-04960
]]></system-out>
  </testcase>
  <testcase name="testListStatusRootAndVolumeRecursive" classname="TestRootedOzoneFileSystem" time="1.407">
    <system-out><![CDATA[2022-05-04 03:17:58,653 [Time-limited test] INFO  rpc.RpcClient (RpcClient.java:createVolume(448)) - Creating Volume: volume91861, with user88940 as owner and space quota set to -1 bytes, counts quota set to -1
2022-05-04 03:17:58,658 [IPC Server handler 11 on default port 33661] INFO  volume.OMVolumeCreateRequest (OMVolumeCreateRequest.java:validateAndUpdateCache(195)) - created volume:volume91861 for user:user88940
2022-05-04 03:17:58,659 [Time-limited test] INFO  rpc.RpcClient (RpcClient.java:createBucket(637)) - Creating Bucket: volume91861/bucket82720, with runner as owner and Versioning false and Storage Type set to DISK and Encryption set to false 
2022-05-04 03:17:58,660 [IPC Server handler 4 on default port 33661] INFO  bucket.OMBucketCreateRequest (OMBucketCreateRequest.java:validateAndUpdateCache(258)) - created bucket: bucket82720 of layout LEGACY in volume: volume91861
03:17:58.667 [IPC Server handler 8 on default port 33661] ERROR OMAudit - user=runner | ip=127.0.0.1 | op=READ_BUCKET {volume=volume-61647, bucket=bucket-63511} | ret=FAILURE
org.apache.hadoop.ozone.om.exceptions.OMException: Volume not found when getting bucket info
	at org.apache.hadoop.ozone.om.BucketManagerImpl.getBucketInfo(BucketManagerImpl.java:127) ~[ozone-manager-1.3.0-SNAPSHOT.jar:?]
	at org.apache.hadoop.ozone.om.OzoneManager.getBucketInfo(OzoneManager.java:2686) ~[ozone-manager-1.3.0-SNAPSHOT.jar:?]
	at org.apache.hadoop.ozone.protocolPB.OzoneManagerRequestHandler.infoBucket(OzoneManagerRequestHandler.java:382) ~[ozone-manager-1.3.0-SNAPSHOT.jar:?]
	at org.apache.hadoop.ozone.protocolPB.OzoneManagerRequestHandler.handleReadRequest(OzoneManagerRequestHandler.java:156) ~[ozone-manager-1.3.0-SNAPSHOT.jar:?]
	at org.apache.hadoop.ozone.protocolPB.OzoneManagerProtocolServerSideTranslatorPB.submitRequestDirectlyToOM(OzoneManagerProtocolServerSideTranslatorPB.java:271) ~[ozone-manager-1.3.0-SNAPSHOT.jar:?]
	at org.apache.hadoop.ozone.protocolPB.OzoneManagerProtocolServerSideTranslatorPB.processRequest(OzoneManagerProtocolServerSideTranslatorPB.java:195) ~[ozone-manager-1.3.0-SNAPSHOT.jar:?]
	at org.apache.hadoop.hdds.server.OzoneProtocolMessageDispatcher.processRequest(OzoneProtocolMessageDispatcher.java:87) [hdds-server-framework-1.3.0-SNAPSHOT.jar:?]
	at org.apache.hadoop.ozone.protocolPB.OzoneManagerProtocolServerSideTranslatorPB.submitRequest(OzoneManagerProtocolServerSideTranslatorPB.java:146) [ozone-manager-1.3.0-SNAPSHOT.jar:?]
	at org.apache.hadoop.ozone.protocol.proto.OzoneManagerProtocolProtos$OzoneManagerService$2.callBlockingMethod(OzoneManagerProtocolProtos.java) [ozone-interface-client-1.3.0-SNAPSHOT.jar:?]
	at org.apache.hadoop.ipc.ProtobufRpcEngine$Server.processCall(ProtobufRpcEngine.java:466) [hadoop-common-3.3.1.jar:?]
	at org.apache.hadoop.ipc.ProtobufRpcEngine2$Server$ProtoBufRpcInvoker.call(ProtobufRpcEngine2.java:574) [hadoop-common-3.3.1.jar:?]
	at org.apache.hadoop.ipc.ProtobufRpcEngine2$Server$ProtoBufRpcInvoker.call(ProtobufRpcEngine2.java:552) [hadoop-common-3.3.1.jar:?]
	at org.apache.hadoop.ipc.RPC$Server.call(RPC.java:1093) [hadoop-common-3.3.1.jar:?]
	at org.apache.hadoop.ipc.Server$RpcCall.run(Server.java:1035) [hadoop-common-3.3.1.jar:?]
	at org.apache.hadoop.ipc.Server$RpcCall.run(Server.java:963) [hadoop-common-3.3.1.jar:?]
	at java.security.AccessController.doPrivileged(Native Method) ~[?:1.8.0_322]
	at javax.security.auth.Subject.doAs(Subject.java:422) [?:1.8.0_322]
	at org.apache.hadoop.security.UserGroupInformation.doAs(UserGroupInformation.java:1878) [hadoop-common-3.3.1.jar:?]
	at org.apache.hadoop.ipc.Server$Handler.run(Server.java:2966) [hadoop-common-3.3.1.jar:?]
2022-05-04 03:17:58,667 [Time-limited test] INFO  rpc.RpcClient (RpcClient.java:createVolume(448)) - Creating Volume: volume-61647, with runner as owner and space quota set to -1 bytes, counts quota set to -1
2022-05-04 03:17:58,668 [IPC Server handler 9 on default port 33661] INFO  volume.OMVolumeCreateRequest (OMVolumeCreateRequest.java:validateAndUpdateCache(195)) - created volume:volume-61647 for user:runner
2022-05-04 03:17:58,669 [Time-limited test] INFO  rpc.RpcClient (RpcClient.java:createBucket(637)) - Creating Bucket: volume-61647/bucket-63511, with runner as owner and Versioning false and Storage Type set to DISK and Encryption set to false 
2022-05-04 03:17:58,669 [IPC Server handler 17 on default port 33661] INFO  bucket.OMBucketCreateRequest (OMBucketCreateRequest.java:validateAndUpdateCache(258)) - created bucket: bucket-63511 of layout LEGACY in volume: volume-61647
03:17:59.301 [IPC Server handler 15 on default port 33661] ERROR OMAudit - user=runner | ip=127.0.0.1 | op=READ_BUCKET {volume=volume-74423, bucket=bucket-65145} | ret=FAILURE
org.apache.hadoop.ozone.om.exceptions.OMException: Volume not found when getting bucket info
	at org.apache.hadoop.ozone.om.BucketManagerImpl.getBucketInfo(BucketManagerImpl.java:127) ~[ozone-manager-1.3.0-SNAPSHOT.jar:?]
	at org.apache.hadoop.ozone.om.OzoneManager.getBucketInfo(OzoneManager.java:2686) ~[ozone-manager-1.3.0-SNAPSHOT.jar:?]
	at org.apache.hadoop.ozone.protocolPB.OzoneManagerRequestHandler.infoBucket(OzoneManagerRequestHandler.java:382) ~[ozone-manager-1.3.0-SNAPSHOT.jar:?]
	at org.apache.hadoop.ozone.protocolPB.OzoneManagerRequestHandler.handleReadRequest(OzoneManagerRequestHandler.java:156) ~[ozone-manager-1.3.0-SNAPSHOT.jar:?]
	at org.apache.hadoop.ozone.protocolPB.OzoneManagerProtocolServerSideTranslatorPB.submitRequestDirectlyToOM(OzoneManagerProtocolServerSideTranslatorPB.java:271) ~[ozone-manager-1.3.0-SNAPSHOT.jar:?]
	at org.apache.hadoop.ozone.protocolPB.OzoneManagerProtocolServerSideTranslatorPB.processRequest(OzoneManagerProtocolServerSideTranslatorPB.java:195) ~[ozone-manager-1.3.0-SNAPSHOT.jar:?]
	at org.apache.hadoop.hdds.server.OzoneProtocolMessageDispatcher.processRequest(OzoneProtocolMessageDispatcher.java:87) [hdds-server-framework-1.3.0-SNAPSHOT.jar:?]
	at org.apache.hadoop.ozone.protocolPB.OzoneManagerProtocolServerSideTranslatorPB.submitRequest(OzoneManagerProtocolServerSideTranslatorPB.java:146) [ozone-manager-1.3.0-SNAPSHOT.jar:?]
	at org.apache.hadoop.ozone.protocol.proto.OzoneManagerProtocolProtos$OzoneManagerService$2.callBlockingMethod(OzoneManagerProtocolProtos.java) [ozone-interface-client-1.3.0-SNAPSHOT.jar:?]
	at org.apache.hadoop.ipc.ProtobufRpcEngine$Server.processCall(ProtobufRpcEngine.java:466) [hadoop-common-3.3.1.jar:?]
	at org.apache.hadoop.ipc.ProtobufRpcEngine2$Server$ProtoBufRpcInvoker.call(ProtobufRpcEngine2.java:574) [hadoop-common-3.3.1.jar:?]
	at org.apache.hadoop.ipc.ProtobufRpcEngine2$Server$ProtoBufRpcInvoker.call(ProtobufRpcEngine2.java:552) [hadoop-common-3.3.1.jar:?]
	at org.apache.hadoop.ipc.RPC$Server.call(RPC.java:1093) [hadoop-common-3.3.1.jar:?]
	at org.apache.hadoop.ipc.Server$RpcCall.run(Server.java:1035) [hadoop-common-3.3.1.jar:?]
	at org.apache.hadoop.ipc.Server$RpcCall.run(Server.java:963) [hadoop-common-3.3.1.jar:?]
	at java.security.AccessController.doPrivileged(Native Method) ~[?:1.8.0_322]
	at javax.security.auth.Subject.doAs(Subject.java:422) [?:1.8.0_322]
	at org.apache.hadoop.security.UserGroupInformation.doAs(UserGroupInformation.java:1878) [hadoop-common-3.3.1.jar:?]
	at org.apache.hadoop.ipc.Server$Handler.run(Server.java:2966) [hadoop-common-3.3.1.jar:?]
2022-05-04 03:17:59,301 [Time-limited test] INFO  rpc.RpcClient (RpcClient.java:createVolume(448)) - Creating Volume: volume-74423, with runner as owner and space quota set to -1 bytes, counts quota set to -1
2022-05-04 03:17:59,302 [IPC Server handler 11 on default port 33661] INFO  volume.OMVolumeCreateRequest (OMVolumeCreateRequest.java:validateAndUpdateCache(195)) - created volume:volume-74423 for user:runner
2022-05-04 03:17:59,303 [Time-limited test] INFO  rpc.RpcClient (RpcClient.java:createBucket(637)) - Creating Bucket: volume-74423/bucket-65145, with runner as owner and Versioning false and Storage Type set to DISK and Encryption set to false 
2022-05-04 03:17:59,303 [IPC Server handler 4 on default port 33661] INFO  bucket.OMBucketCreateRequest (OMBucketCreateRequest.java:validateAndUpdateCache(258)) - created bucket: bucket-65145 of layout LEGACY in volume: volume-74423
]]></system-out>
  </testcase>
  <testcase name="testTempMount" classname="TestRootedOzoneFileSystem" time="0.23">
    <system-out><![CDATA[2022-05-04 03:12:30,156 [Time-limited test] INFO  rpc.RpcClient (RpcClient.java:createVolume(448)) - Creating Volume: volume93632, with user48897 as owner and space quota set to -1 bytes, counts quota set to -1
2022-05-04 03:12:30,161 [OM StateMachine ApplyTransaction Thread - 0] INFO  volume.OMVolumeCreateRequest (OMVolumeCreateRequest.java:validateAndUpdateCache(195)) - created volume:volume93632 for user:user48897
2022-05-04 03:12:30,169 [Time-limited test] INFO  rpc.RpcClient (RpcClient.java:createBucket(637)) - Creating Bucket: volume93632/bucket00825, with runner as owner and Versioning false and Storage Type set to DISK and Encryption set to false 
2022-05-04 03:12:30,173 [OM StateMachine ApplyTransaction Thread - 0] INFO  bucket.OMBucketCreateRequest (OMBucketCreateRequest.java:validateAndUpdateCache(258)) - created bucket: bucket00825 of layout LEGACY in volume: volume93632
2022-05-04 03:12:30,176 [Time-limited test] INFO  rpc.RpcClient (RpcClient.java:createVolume(448)) - Creating Volume: tmp, with runner as owner and space quota set to 9223372036854775807 bytes, counts quota set to 1000
2022-05-04 03:12:30,180 [OM StateMachine ApplyTransaction Thread - 0] INFO  volume.OMVolumeCreateRequest (OMVolumeCreateRequest.java:validateAndUpdateCache(195)) - created volume:tmp for user:runner
2022-05-04 03:12:30,187 [Time-limited test] INFO  rpc.RpcClient (RpcClient.java:createBucket(637)) - Creating Bucket: tmp/4bad0b8dd3074cd43f641c2ac22a3571, with runner as owner and Versioning false and Storage Type set to DISK and Encryption set to false 
2022-05-04 03:12:30,192 [OM StateMachine ApplyTransaction Thread - 0] INFO  bucket.OMBucketCreateRequest (OMBucketCreateRequest.java:validateAndUpdateCache(258)) - created bucket: 4bad0b8dd3074cd43f641c2ac22a3571 of layout LEGACY in volume: tmp
]]></system-out>
  </testcase>
  <testcase name="testTempMount" classname="TestRootedOzoneFileSystem" time="0.363">
    <system-out><![CDATA[2022-05-04 03:13:51,758 [Time-limited test] INFO  rpc.RpcClient (RpcClient.java:createVolume(448)) - Creating Volume: volume62853, with user23176 as owner and space quota set to -1 bytes, counts quota set to -1
2022-05-04 03:13:51,761 [OM StateMachine ApplyTransaction Thread - 0] INFO  volume.OMVolumeCreateRequest (OMVolumeCreateRequest.java:validateAndUpdateCache(195)) - created volume:volume62853 for user:user23176
2022-05-04 03:13:51,762 [Time-limited test] INFO  rpc.RpcClient (RpcClient.java:createBucket(637)) - Creating Bucket: volume62853/bucket43214, with runner as owner and Versioning false and Storage Type set to DISK and Encryption set to false 
2022-05-04 03:13:51,763 [OM StateMachine ApplyTransaction Thread - 0] INFO  bucket.OMBucketCreateRequest (OMBucketCreateRequest.java:validateAndUpdateCache(258)) - created bucket: bucket43214 of layout LEGACY in volume: volume62853
2022-05-04 03:13:51,765 [Time-limited test] INFO  rpc.RpcClient (RpcClient.java:createVolume(448)) - Creating Volume: tmp, with runner as owner and space quota set to 9223372036854775807 bytes, counts quota set to 1000
2022-05-04 03:13:51,767 [OM StateMachine ApplyTransaction Thread - 0] INFO  volume.OMVolumeCreateRequest (OMVolumeCreateRequest.java:validateAndUpdateCache(195)) - created volume:tmp for user:runner
03:13:51.769 [IPC Server handler 17 on default port 46813] ERROR OMAudit - user=runner | ip=127.0.0.1 | op=READ_BUCKET {volume=tmp, bucket=4bad0b8dd3074cd43f641c2ac22a3571} | ret=FAILURE
org.apache.hadoop.ozone.om.exceptions.OMException: Bucket not found
	at org.apache.hadoop.ozone.om.BucketManagerImpl.getBucketInfo(BucketManagerImpl.java:131) ~[ozone-manager-1.3.0-SNAPSHOT.jar:?]
	at org.apache.hadoop.ozone.om.OzoneManager.getBucketInfo(OzoneManager.java:2686) ~[ozone-manager-1.3.0-SNAPSHOT.jar:?]
	at org.apache.hadoop.ozone.protocolPB.OzoneManagerRequestHandler.infoBucket(OzoneManagerRequestHandler.java:382) ~[ozone-manager-1.3.0-SNAPSHOT.jar:?]
	at org.apache.hadoop.ozone.protocolPB.OzoneManagerRequestHandler.handleReadRequest(OzoneManagerRequestHandler.java:156) ~[ozone-manager-1.3.0-SNAPSHOT.jar:?]
	at org.apache.hadoop.ozone.protocolPB.OzoneManagerProtocolServerSideTranslatorPB.submitReadRequestToOM(OzoneManagerProtocolServerSideTranslatorPB.java:213) ~[ozone-manager-1.3.0-SNAPSHOT.jar:?]
	at org.apache.hadoop.ozone.protocolPB.OzoneManagerProtocolServerSideTranslatorPB.processRequest(OzoneManagerProtocolServerSideTranslatorPB.java:174) ~[ozone-manager-1.3.0-SNAPSHOT.jar:?]
	at org.apache.hadoop.hdds.server.OzoneProtocolMessageDispatcher.processRequest(OzoneProtocolMessageDispatcher.java:87) [hdds-server-framework-1.3.0-SNAPSHOT.jar:?]
	at org.apache.hadoop.ozone.protocolPB.OzoneManagerProtocolServerSideTranslatorPB.submitRequest(OzoneManagerProtocolServerSideTranslatorPB.java:146) [ozone-manager-1.3.0-SNAPSHOT.jar:?]
	at org.apache.hadoop.ozone.protocol.proto.OzoneManagerProtocolProtos$OzoneManagerService$2.callBlockingMethod(OzoneManagerProtocolProtos.java) [ozone-interface-client-1.3.0-SNAPSHOT.jar:?]
	at org.apache.hadoop.ipc.ProtobufRpcEngine$Server.processCall(ProtobufRpcEngine.java:466) [hadoop-common-3.3.1.jar:?]
	at org.apache.hadoop.ipc.ProtobufRpcEngine2$Server$ProtoBufRpcInvoker.call(ProtobufRpcEngine2.java:574) [hadoop-common-3.3.1.jar:?]
	at org.apache.hadoop.ipc.ProtobufRpcEngine2$Server$ProtoBufRpcInvoker.call(ProtobufRpcEngine2.java:552) [hadoop-common-3.3.1.jar:?]
	at org.apache.hadoop.ipc.RPC$Server.call(RPC.java:1093) [hadoop-common-3.3.1.jar:?]
	at org.apache.hadoop.ipc.Server$RpcCall.run(Server.java:1035) [hadoop-common-3.3.1.jar:?]
	at org.apache.hadoop.ipc.Server$RpcCall.run(Server.java:963) [hadoop-common-3.3.1.jar:?]
	at java.security.AccessController.doPrivileged(Native Method) ~[?:1.8.0_322]
	at javax.security.auth.Subject.doAs(Subject.java:422) [?:1.8.0_322]
	at org.apache.hadoop.security.UserGroupInformation.doAs(UserGroupInformation.java:1878) [hadoop-common-3.3.1.jar:?]
	at org.apache.hadoop.ipc.Server$Handler.run(Server.java:2966) [hadoop-common-3.3.1.jar:?]
03:13:51.770 [IPC Server handler 13 on default port 46813] ERROR OMAudit - user=runner | ip=127.0.0.1 | op=READ_BUCKET {volume=tmp, bucket=4bad0b8dd3074cd43f641c2ac22a3571} | ret=FAILURE
org.apache.hadoop.ozone.om.exceptions.OMException: Bucket not found
	at org.apache.hadoop.ozone.om.BucketManagerImpl.getBucketInfo(BucketManagerImpl.java:131) ~[ozone-manager-1.3.0-SNAPSHOT.jar:?]
	at org.apache.hadoop.ozone.om.OzoneManager.getBucketInfo(OzoneManager.java:2686) ~[ozone-manager-1.3.0-SNAPSHOT.jar:?]
	at org.apache.hadoop.ozone.protocolPB.OzoneManagerRequestHandler.infoBucket(OzoneManagerRequestHandler.java:382) ~[ozone-manager-1.3.0-SNAPSHOT.jar:?]
	at org.apache.hadoop.ozone.protocolPB.OzoneManagerRequestHandler.handleReadRequest(OzoneManagerRequestHandler.java:156) ~[ozone-manager-1.3.0-SNAPSHOT.jar:?]
	at org.apache.hadoop.ozone.protocolPB.OzoneManagerProtocolServerSideTranslatorPB.submitReadRequestToOM(OzoneManagerProtocolServerSideTranslatorPB.java:213) ~[ozone-manager-1.3.0-SNAPSHOT.jar:?]
	at org.apache.hadoop.ozone.protocolPB.OzoneManagerProtocolServerSideTranslatorPB.processRequest(OzoneManagerProtocolServerSideTranslatorPB.java:174) ~[ozone-manager-1.3.0-SNAPSHOT.jar:?]
	at org.apache.hadoop.hdds.server.OzoneProtocolMessageDispatcher.processRequest(OzoneProtocolMessageDispatcher.java:87) [hdds-server-framework-1.3.0-SNAPSHOT.jar:?]
	at org.apache.hadoop.ozone.protocolPB.OzoneManagerProtocolServerSideTranslatorPB.submitRequest(OzoneManagerProtocolServerSideTranslatorPB.java:146) [ozone-manager-1.3.0-SNAPSHOT.jar:?]
	at org.apache.hadoop.ozone.protocol.proto.OzoneManagerProtocolProtos$OzoneManagerService$2.callBlockingMethod(OzoneManagerProtocolProtos.java) [ozone-interface-client-1.3.0-SNAPSHOT.jar:?]
	at org.apache.hadoop.ipc.ProtobufRpcEngine$Server.processCall(ProtobufRpcEngine.java:466) [hadoop-common-3.3.1.jar:?]
	at org.apache.hadoop.ipc.ProtobufRpcEngine2$Server$ProtoBufRpcInvoker.call(ProtobufRpcEngine2.java:574) [hadoop-common-3.3.1.jar:?]
	at org.apache.hadoop.ipc.ProtobufRpcEngine2$Server$ProtoBufRpcInvoker.call(ProtobufRpcEngine2.java:552) [hadoop-common-3.3.1.jar:?]
	at org.apache.hadoop.ipc.RPC$Server.call(RPC.java:1093) [hadoop-common-3.3.1.jar:?]
	at org.apache.hadoop.ipc.Server$RpcCall.run(Server.java:1035) [hadoop-common-3.3.1.jar:?]
	at org.apache.hadoop.ipc.Server$RpcCall.run(Server.java:963) [hadoop-common-3.3.1.jar:?]
	at java.security.AccessController.doPrivileged(Native Method) ~[?:1.8.0_322]
	at javax.security.auth.Subject.doAs(Subject.java:422) [?:1.8.0_322]
	at org.apache.hadoop.security.UserGroupInformation.doAs(UserGroupInformation.java:1878) [hadoop-common-3.3.1.jar:?]
	at org.apache.hadoop.ipc.Server$Handler.run(Server.java:2966) [hadoop-common-3.3.1.jar:?]
2022-05-04 03:13:51,771 [Time-limited test] INFO  rpc.RpcClient (RpcClient.java:createBucket(637)) - Creating Bucket: tmp/4bad0b8dd3074cd43f641c2ac22a3571, with runner as owner and Versioning false and Storage Type set to DISK and Encryption set to false 
2022-05-04 03:13:51,772 [OM StateMachine ApplyTransaction Thread - 0] INFO  bucket.OMBucketCreateRequest (OMBucketCreateRequest.java:validateAndUpdateCache(258)) - created bucket: 4bad0b8dd3074cd43f641c2ac22a3571 of layout LEGACY in volume: tmp
]]></system-out>
  </testcase>
  <testcase name="testTempMount" classname="TestRootedOzoneFileSystem" time="0.5">
    <system-out><![CDATA[2022-05-04 03:15:06,292 [Time-limited test] INFO  rpc.RpcClient (RpcClient.java:createVolume(448)) - Creating Volume: volume05455, with user42732 as owner and space quota set to -1 bytes, counts quota set to -1
2022-05-04 03:15:06,293 [IPC Server handler 19 on default port 33297] INFO  volume.OMVolumeCreateRequest (OMVolumeCreateRequest.java:validateAndUpdateCache(195)) - created volume:volume05455 for user:user42732
2022-05-04 03:15:06,294 [Time-limited test] INFO  rpc.RpcClient (RpcClient.java:createBucket(637)) - Creating Bucket: volume05455/bucket26443, with runner as owner and Versioning false and Storage Type set to DISK and Encryption set to false 
2022-05-04 03:15:06,295 [IPC Server handler 12 on default port 33297] INFO  bucket.OMBucketCreateRequest (OMBucketCreateRequest.java:validateAndUpdateCache(258)) - created bucket: bucket26443 of layout LEGACY in volume: volume05455
2022-05-04 03:15:06,296 [Time-limited test] INFO  rpc.RpcClient (RpcClient.java:createVolume(448)) - Creating Volume: tmp, with runner as owner and space quota set to 9223372036854775807 bytes, counts quota set to 1000
2022-05-04 03:15:06,296 [IPC Server handler 4 on default port 33297] INFO  volume.OMVolumeCreateRequest (OMVolumeCreateRequest.java:validateAndUpdateCache(195)) - created volume:tmp for user:runner
03:15:06.298 [IPC Server handler 5 on default port 33297] ERROR OMAudit - user=runner | ip=127.0.0.1 | op=READ_BUCKET {volume=tmp, bucket=4bad0b8dd3074cd43f641c2ac22a3571} | ret=FAILURE
org.apache.hadoop.ozone.om.exceptions.OMException: Bucket not found
	at org.apache.hadoop.ozone.om.BucketManagerImpl.getBucketInfo(BucketManagerImpl.java:131) ~[ozone-manager-1.3.0-SNAPSHOT.jar:?]
	at org.apache.hadoop.ozone.om.OzoneManager.getBucketInfo(OzoneManager.java:2686) ~[ozone-manager-1.3.0-SNAPSHOT.jar:?]
	at org.apache.hadoop.ozone.protocolPB.OzoneManagerRequestHandler.infoBucket(OzoneManagerRequestHandler.java:382) ~[ozone-manager-1.3.0-SNAPSHOT.jar:?]
	at org.apache.hadoop.ozone.protocolPB.OzoneManagerRequestHandler.handleReadRequest(OzoneManagerRequestHandler.java:156) ~[ozone-manager-1.3.0-SNAPSHOT.jar:?]
	at org.apache.hadoop.ozone.protocolPB.OzoneManagerProtocolServerSideTranslatorPB.submitRequestDirectlyToOM(OzoneManagerProtocolServerSideTranslatorPB.java:271) ~[ozone-manager-1.3.0-SNAPSHOT.jar:?]
	at org.apache.hadoop.ozone.protocolPB.OzoneManagerProtocolServerSideTranslatorPB.processRequest(OzoneManagerProtocolServerSideTranslatorPB.java:195) ~[ozone-manager-1.3.0-SNAPSHOT.jar:?]
	at org.apache.hadoop.hdds.server.OzoneProtocolMessageDispatcher.processRequest(OzoneProtocolMessageDispatcher.java:87) [hdds-server-framework-1.3.0-SNAPSHOT.jar:?]
	at org.apache.hadoop.ozone.protocolPB.OzoneManagerProtocolServerSideTranslatorPB.submitRequest(OzoneManagerProtocolServerSideTranslatorPB.java:146) [ozone-manager-1.3.0-SNAPSHOT.jar:?]
	at org.apache.hadoop.ozone.protocol.proto.OzoneManagerProtocolProtos$OzoneManagerService$2.callBlockingMethod(OzoneManagerProtocolProtos.java) [ozone-interface-client-1.3.0-SNAPSHOT.jar:?]
	at org.apache.hadoop.ipc.ProtobufRpcEngine$Server.processCall(ProtobufRpcEngine.java:466) [hadoop-common-3.3.1.jar:?]
	at org.apache.hadoop.ipc.ProtobufRpcEngine2$Server$ProtoBufRpcInvoker.call(ProtobufRpcEngine2.java:574) [hadoop-common-3.3.1.jar:?]
	at org.apache.hadoop.ipc.ProtobufRpcEngine2$Server$ProtoBufRpcInvoker.call(ProtobufRpcEngine2.java:552) [hadoop-common-3.3.1.jar:?]
	at org.apache.hadoop.ipc.RPC$Server.call(RPC.java:1093) [hadoop-common-3.3.1.jar:?]
	at org.apache.hadoop.ipc.Server$RpcCall.run(Server.java:1035) [hadoop-common-3.3.1.jar:?]
	at org.apache.hadoop.ipc.Server$RpcCall.run(Server.java:963) [hadoop-common-3.3.1.jar:?]
	at java.security.AccessController.doPrivileged(Native Method) ~[?:1.8.0_322]
	at javax.security.auth.Subject.doAs(Subject.java:422) [?:1.8.0_322]
	at org.apache.hadoop.security.UserGroupInformation.doAs(UserGroupInformation.java:1878) [hadoop-common-3.3.1.jar:?]
	at org.apache.hadoop.ipc.Server$Handler.run(Server.java:2966) [hadoop-common-3.3.1.jar:?]
03:15:06.299 [IPC Server handler 0 on default port 33297] ERROR OMAudit - user=runner | ip=127.0.0.1 | op=READ_BUCKET {volume=tmp, bucket=4bad0b8dd3074cd43f641c2ac22a3571} | ret=FAILURE
org.apache.hadoop.ozone.om.exceptions.OMException: Bucket not found
	at org.apache.hadoop.ozone.om.BucketManagerImpl.getBucketInfo(BucketManagerImpl.java:131) ~[ozone-manager-1.3.0-SNAPSHOT.jar:?]
	at org.apache.hadoop.ozone.om.OzoneManager.getBucketInfo(OzoneManager.java:2686) ~[ozone-manager-1.3.0-SNAPSHOT.jar:?]
	at org.apache.hadoop.ozone.protocolPB.OzoneManagerRequestHandler.infoBucket(OzoneManagerRequestHandler.java:382) ~[ozone-manager-1.3.0-SNAPSHOT.jar:?]
	at org.apache.hadoop.ozone.protocolPB.OzoneManagerRequestHandler.handleReadRequest(OzoneManagerRequestHandler.java:156) ~[ozone-manager-1.3.0-SNAPSHOT.jar:?]
	at org.apache.hadoop.ozone.protocolPB.OzoneManagerProtocolServerSideTranslatorPB.submitRequestDirectlyToOM(OzoneManagerProtocolServerSideTranslatorPB.java:271) ~[ozone-manager-1.3.0-SNAPSHOT.jar:?]
	at org.apache.hadoop.ozone.protocolPB.OzoneManagerProtocolServerSideTranslatorPB.processRequest(OzoneManagerProtocolServerSideTranslatorPB.java:195) ~[ozone-manager-1.3.0-SNAPSHOT.jar:?]
	at org.apache.hadoop.hdds.server.OzoneProtocolMessageDispatcher.processRequest(OzoneProtocolMessageDispatcher.java:87) [hdds-server-framework-1.3.0-SNAPSHOT.jar:?]
	at org.apache.hadoop.ozone.protocolPB.OzoneManagerProtocolServerSideTranslatorPB.submitRequest(OzoneManagerProtocolServerSideTranslatorPB.java:146) [ozone-manager-1.3.0-SNAPSHOT.jar:?]
	at org.apache.hadoop.ozone.protocol.proto.OzoneManagerProtocolProtos$OzoneManagerService$2.callBlockingMethod(OzoneManagerProtocolProtos.java) [ozone-interface-client-1.3.0-SNAPSHOT.jar:?]
	at org.apache.hadoop.ipc.ProtobufRpcEngine$Server.processCall(ProtobufRpcEngine.java:466) [hadoop-common-3.3.1.jar:?]
	at org.apache.hadoop.ipc.ProtobufRpcEngine2$Server$ProtoBufRpcInvoker.call(ProtobufRpcEngine2.java:574) [hadoop-common-3.3.1.jar:?]
	at org.apache.hadoop.ipc.ProtobufRpcEngine2$Server$ProtoBufRpcInvoker.call(ProtobufRpcEngine2.java:552) [hadoop-common-3.3.1.jar:?]
	at org.apache.hadoop.ipc.RPC$Server.call(RPC.java:1093) [hadoop-common-3.3.1.jar:?]
	at org.apache.hadoop.ipc.Server$RpcCall.run(Server.java:1035) [hadoop-common-3.3.1.jar:?]
	at org.apache.hadoop.ipc.Server$RpcCall.run(Server.java:963) [hadoop-common-3.3.1.jar:?]
	at java.security.AccessController.doPrivileged(Native Method) ~[?:1.8.0_322]
	at javax.security.auth.Subject.doAs(Subject.java:422) [?:1.8.0_322]
	at org.apache.hadoop.security.UserGroupInformation.doAs(UserGroupInformation.java:1878) [hadoop-common-3.3.1.jar:?]
	at org.apache.hadoop.ipc.Server$Handler.run(Server.java:2966) [hadoop-common-3.3.1.jar:?]
2022-05-04 03:15:06,299 [Time-limited test] INFO  rpc.RpcClient (RpcClient.java:createBucket(637)) - Creating Bucket: tmp/4bad0b8dd3074cd43f641c2ac22a3571, with runner as owner and Versioning false and Storage Type set to DISK and Encryption set to false 
2022-05-04 03:15:06,300 [IPC Server handler 8 on default port 33297] INFO  bucket.OMBucketCreateRequest (OMBucketCreateRequest.java:validateAndUpdateCache(258)) - created bucket: 4bad0b8dd3074cd43f641c2ac22a3571 of layout LEGACY in volume: tmp
]]></system-out>
  </testcase>
  <testcase name="testTempMount" classname="TestRootedOzoneFileSystem" time="0.574">
    <system-out><![CDATA[2022-05-04 03:16:24,921 [Time-limited test] INFO  rpc.RpcClient (RpcClient.java:createVolume(448)) - Creating Volume: volume80918, with user05096 as owner and space quota set to -1 bytes, counts quota set to -1
2022-05-04 03:16:24,926 [OM StateMachine ApplyTransaction Thread - 0] INFO  volume.OMVolumeCreateRequest (OMVolumeCreateRequest.java:validateAndUpdateCache(195)) - created volume:volume80918 for user:user05096
2022-05-04 03:16:24,927 [Time-limited test] INFO  rpc.RpcClient (RpcClient.java:createBucket(637)) - Creating Bucket: volume80918/bucket65740, with runner as owner and Versioning false and Storage Type set to DISK and Encryption set to false 
2022-05-04 03:16:24,935 [OM StateMachine ApplyTransaction Thread - 0] INFO  bucket.OMBucketCreateRequest (OMBucketCreateRequest.java:validateAndUpdateCache(258)) - created bucket: bucket65740 of layout LEGACY in volume: volume80918
2022-05-04 03:16:24,936 [Time-limited test] INFO  rpc.RpcClient (RpcClient.java:createVolume(448)) - Creating Volume: tmp, with runner as owner and space quota set to 9223372036854775807 bytes, counts quota set to 1000
2022-05-04 03:16:24,938 [OM StateMachine ApplyTransaction Thread - 0] INFO  volume.OMVolumeCreateRequest (OMVolumeCreateRequest.java:validateAndUpdateCache(195)) - created volume:tmp for user:runner
03:16:24.942 [IPC Server handler 18 on default port 37999] ERROR OMAudit - user=runner | ip=127.0.0.1 | op=READ_BUCKET {volume=tmp, bucket=4bad0b8dd3074cd43f641c2ac22a3571} | ret=FAILURE
org.apache.hadoop.ozone.om.exceptions.OMException: Bucket not found
	at org.apache.hadoop.ozone.om.BucketManagerImpl.getBucketInfo(BucketManagerImpl.java:131) ~[ozone-manager-1.3.0-SNAPSHOT.jar:?]
	at org.apache.hadoop.ozone.om.OzoneManager.getBucketInfo(OzoneManager.java:2686) ~[ozone-manager-1.3.0-SNAPSHOT.jar:?]
	at org.apache.hadoop.ozone.protocolPB.OzoneManagerRequestHandler.infoBucket(OzoneManagerRequestHandler.java:382) ~[ozone-manager-1.3.0-SNAPSHOT.jar:?]
	at org.apache.hadoop.ozone.protocolPB.OzoneManagerRequestHandler.handleReadRequest(OzoneManagerRequestHandler.java:156) ~[ozone-manager-1.3.0-SNAPSHOT.jar:?]
	at org.apache.hadoop.ozone.protocolPB.OzoneManagerProtocolServerSideTranslatorPB.submitReadRequestToOM(OzoneManagerProtocolServerSideTranslatorPB.java:213) ~[ozone-manager-1.3.0-SNAPSHOT.jar:?]
	at org.apache.hadoop.ozone.protocolPB.OzoneManagerProtocolServerSideTranslatorPB.processRequest(OzoneManagerProtocolServerSideTranslatorPB.java:174) ~[ozone-manager-1.3.0-SNAPSHOT.jar:?]
	at org.apache.hadoop.hdds.server.OzoneProtocolMessageDispatcher.processRequest(OzoneProtocolMessageDispatcher.java:87) [hdds-server-framework-1.3.0-SNAPSHOT.jar:?]
	at org.apache.hadoop.ozone.protocolPB.OzoneManagerProtocolServerSideTranslatorPB.submitRequest(OzoneManagerProtocolServerSideTranslatorPB.java:146) [ozone-manager-1.3.0-SNAPSHOT.jar:?]
	at org.apache.hadoop.ozone.protocol.proto.OzoneManagerProtocolProtos$OzoneManagerService$2.callBlockingMethod(OzoneManagerProtocolProtos.java) [ozone-interface-client-1.3.0-SNAPSHOT.jar:?]
	at org.apache.hadoop.ipc.ProtobufRpcEngine$Server.processCall(ProtobufRpcEngine.java:466) [hadoop-common-3.3.1.jar:?]
	at org.apache.hadoop.ipc.ProtobufRpcEngine2$Server$ProtoBufRpcInvoker.call(ProtobufRpcEngine2.java:574) [hadoop-common-3.3.1.jar:?]
	at org.apache.hadoop.ipc.ProtobufRpcEngine2$Server$ProtoBufRpcInvoker.call(ProtobufRpcEngine2.java:552) [hadoop-common-3.3.1.jar:?]
	at org.apache.hadoop.ipc.RPC$Server.call(RPC.java:1093) [hadoop-common-3.3.1.jar:?]
	at org.apache.hadoop.ipc.Server$RpcCall.run(Server.java:1035) [hadoop-common-3.3.1.jar:?]
	at org.apache.hadoop.ipc.Server$RpcCall.run(Server.java:963) [hadoop-common-3.3.1.jar:?]
	at java.security.AccessController.doPrivileged(Native Method) ~[?:1.8.0_322]
	at javax.security.auth.Subject.doAs(Subject.java:422) [?:1.8.0_322]
	at org.apache.hadoop.security.UserGroupInformation.doAs(UserGroupInformation.java:1878) [hadoop-common-3.3.1.jar:?]
	at org.apache.hadoop.ipc.Server$Handler.run(Server.java:2966) [hadoop-common-3.3.1.jar:?]
03:16:24.943 [IPC Server handler 4 on default port 37999] ERROR OMAudit - user=runner | ip=127.0.0.1 | op=READ_BUCKET {volume=tmp, bucket=4bad0b8dd3074cd43f641c2ac22a3571} | ret=FAILURE
org.apache.hadoop.ozone.om.exceptions.OMException: Bucket not found
	at org.apache.hadoop.ozone.om.BucketManagerImpl.getBucketInfo(BucketManagerImpl.java:131) ~[ozone-manager-1.3.0-SNAPSHOT.jar:?]
	at org.apache.hadoop.ozone.om.OzoneManager.getBucketInfo(OzoneManager.java:2686) ~[ozone-manager-1.3.0-SNAPSHOT.jar:?]
	at org.apache.hadoop.ozone.protocolPB.OzoneManagerRequestHandler.infoBucket(OzoneManagerRequestHandler.java:382) ~[ozone-manager-1.3.0-SNAPSHOT.jar:?]
	at org.apache.hadoop.ozone.protocolPB.OzoneManagerRequestHandler.handleReadRequest(OzoneManagerRequestHandler.java:156) ~[ozone-manager-1.3.0-SNAPSHOT.jar:?]
	at org.apache.hadoop.ozone.protocolPB.OzoneManagerProtocolServerSideTranslatorPB.submitReadRequestToOM(OzoneManagerProtocolServerSideTranslatorPB.java:213) ~[ozone-manager-1.3.0-SNAPSHOT.jar:?]
	at org.apache.hadoop.ozone.protocolPB.OzoneManagerProtocolServerSideTranslatorPB.processRequest(OzoneManagerProtocolServerSideTranslatorPB.java:174) ~[ozone-manager-1.3.0-SNAPSHOT.jar:?]
	at org.apache.hadoop.hdds.server.OzoneProtocolMessageDispatcher.processRequest(OzoneProtocolMessageDispatcher.java:87) [hdds-server-framework-1.3.0-SNAPSHOT.jar:?]
	at org.apache.hadoop.ozone.protocolPB.OzoneManagerProtocolServerSideTranslatorPB.submitRequest(OzoneManagerProtocolServerSideTranslatorPB.java:146) [ozone-manager-1.3.0-SNAPSHOT.jar:?]
	at org.apache.hadoop.ozone.protocol.proto.OzoneManagerProtocolProtos$OzoneManagerService$2.callBlockingMethod(OzoneManagerProtocolProtos.java) [ozone-interface-client-1.3.0-SNAPSHOT.jar:?]
	at org.apache.hadoop.ipc.ProtobufRpcEngine$Server.processCall(ProtobufRpcEngine.java:466) [hadoop-common-3.3.1.jar:?]
	at org.apache.hadoop.ipc.ProtobufRpcEngine2$Server$ProtoBufRpcInvoker.call(ProtobufRpcEngine2.java:574) [hadoop-common-3.3.1.jar:?]
	at org.apache.hadoop.ipc.ProtobufRpcEngine2$Server$ProtoBufRpcInvoker.call(ProtobufRpcEngine2.java:552) [hadoop-common-3.3.1.jar:?]
	at org.apache.hadoop.ipc.RPC$Server.call(RPC.java:1093) [hadoop-common-3.3.1.jar:?]
	at org.apache.hadoop.ipc.Server$RpcCall.run(Server.java:1035) [hadoop-common-3.3.1.jar:?]
	at org.apache.hadoop.ipc.Server$RpcCall.run(Server.java:963) [hadoop-common-3.3.1.jar:?]
	at java.security.AccessController.doPrivileged(Native Method) ~[?:1.8.0_322]
	at javax.security.auth.Subject.doAs(Subject.java:422) [?:1.8.0_322]
	at org.apache.hadoop.security.UserGroupInformation.doAs(UserGroupInformation.java:1878) [hadoop-common-3.3.1.jar:?]
	at org.apache.hadoop.ipc.Server$Handler.run(Server.java:2966) [hadoop-common-3.3.1.jar:?]
2022-05-04 03:16:24,943 [Time-limited test] INFO  rpc.RpcClient (RpcClient.java:createBucket(637)) - Creating Bucket: tmp/4bad0b8dd3074cd43f641c2ac22a3571, with runner as owner and Versioning false and Storage Type set to DISK and Encryption set to false 
2022-05-04 03:16:24,945 [OM StateMachine ApplyTransaction Thread - 0] INFO  bucket.OMBucketCreateRequest (OMBucketCreateRequest.java:validateAndUpdateCache(258)) - created bucket: 4bad0b8dd3074cd43f641c2ac22a3571 of layout LEGACY in volume: tmp
]]></system-out>
  </testcase>
  <testcase name="testTempMount" classname="TestRootedOzoneFileSystem" time="0.408">
    <system-out><![CDATA[2022-05-04 03:18:00,056 [Time-limited test] INFO  rpc.RpcClient (RpcClient.java:createVolume(448)) - Creating Volume: volume31714, with user69808 as owner and space quota set to -1 bytes, counts quota set to -1
2022-05-04 03:18:00,057 [IPC Server handler 1 on default port 33661] INFO  volume.OMVolumeCreateRequest (OMVolumeCreateRequest.java:validateAndUpdateCache(195)) - created volume:volume31714 for user:user69808
2022-05-04 03:18:00,061 [Time-limited test] INFO  rpc.RpcClient (RpcClient.java:createBucket(637)) - Creating Bucket: volume31714/bucket21598, with runner as owner and Versioning false and Storage Type set to DISK and Encryption set to false 
2022-05-04 03:18:00,069 [IPC Server handler 19 on default port 33661] INFO  bucket.OMBucketCreateRequest (OMBucketCreateRequest.java:validateAndUpdateCache(258)) - created bucket: bucket21598 of layout LEGACY in volume: volume31714
2022-05-04 03:18:00,072 [Time-limited test] INFO  rpc.RpcClient (RpcClient.java:createVolume(448)) - Creating Volume: tmp, with runner as owner and space quota set to 9223372036854775807 bytes, counts quota set to 1000
2022-05-04 03:18:00,073 [IPC Server handler 15 on default port 33661] INFO  volume.OMVolumeCreateRequest (OMVolumeCreateRequest.java:validateAndUpdateCache(195)) - created volume:tmp for user:runner
03:18:00.074 [IPC Server handler 6 on default port 33661] ERROR OMAudit - user=runner | ip=127.0.0.1 | op=READ_BUCKET {volume=tmp, bucket=4bad0b8dd3074cd43f641c2ac22a3571} | ret=FAILURE
org.apache.hadoop.ozone.om.exceptions.OMException: Bucket not found
	at org.apache.hadoop.ozone.om.BucketManagerImpl.getBucketInfo(BucketManagerImpl.java:131) ~[ozone-manager-1.3.0-SNAPSHOT.jar:?]
	at org.apache.hadoop.ozone.om.OzoneManager.getBucketInfo(OzoneManager.java:2686) ~[ozone-manager-1.3.0-SNAPSHOT.jar:?]
	at org.apache.hadoop.ozone.protocolPB.OzoneManagerRequestHandler.infoBucket(OzoneManagerRequestHandler.java:382) ~[ozone-manager-1.3.0-SNAPSHOT.jar:?]
	at org.apache.hadoop.ozone.protocolPB.OzoneManagerRequestHandler.handleReadRequest(OzoneManagerRequestHandler.java:156) ~[ozone-manager-1.3.0-SNAPSHOT.jar:?]
	at org.apache.hadoop.ozone.protocolPB.OzoneManagerProtocolServerSideTranslatorPB.submitRequestDirectlyToOM(OzoneManagerProtocolServerSideTranslatorPB.java:271) ~[ozone-manager-1.3.0-SNAPSHOT.jar:?]
	at org.apache.hadoop.ozone.protocolPB.OzoneManagerProtocolServerSideTranslatorPB.processRequest(OzoneManagerProtocolServerSideTranslatorPB.java:195) ~[ozone-manager-1.3.0-SNAPSHOT.jar:?]
	at org.apache.hadoop.hdds.server.OzoneProtocolMessageDispatcher.processRequest(OzoneProtocolMessageDispatcher.java:87) [hdds-server-framework-1.3.0-SNAPSHOT.jar:?]
	at org.apache.hadoop.ozone.protocolPB.OzoneManagerProtocolServerSideTranslatorPB.submitRequest(OzoneManagerProtocolServerSideTranslatorPB.java:146) [ozone-manager-1.3.0-SNAPSHOT.jar:?]
	at org.apache.hadoop.ozone.protocol.proto.OzoneManagerProtocolProtos$OzoneManagerService$2.callBlockingMethod(OzoneManagerProtocolProtos.java) [ozone-interface-client-1.3.0-SNAPSHOT.jar:?]
	at org.apache.hadoop.ipc.ProtobufRpcEngine$Server.processCall(ProtobufRpcEngine.java:466) [hadoop-common-3.3.1.jar:?]
	at org.apache.hadoop.ipc.ProtobufRpcEngine2$Server$ProtoBufRpcInvoker.call(ProtobufRpcEngine2.java:574) [hadoop-common-3.3.1.jar:?]
	at org.apache.hadoop.ipc.ProtobufRpcEngine2$Server$ProtoBufRpcInvoker.call(ProtobufRpcEngine2.java:552) [hadoop-common-3.3.1.jar:?]
	at org.apache.hadoop.ipc.RPC$Server.call(RPC.java:1093) [hadoop-common-3.3.1.jar:?]
	at org.apache.hadoop.ipc.Server$RpcCall.run(Server.java:1035) [hadoop-common-3.3.1.jar:?]
	at org.apache.hadoop.ipc.Server$RpcCall.run(Server.java:963) [hadoop-common-3.3.1.jar:?]
	at java.security.AccessController.doPrivileged(Native Method) ~[?:1.8.0_322]
	at javax.security.auth.Subject.doAs(Subject.java:422) [?:1.8.0_322]
	at org.apache.hadoop.security.UserGroupInformation.doAs(UserGroupInformation.java:1878) [hadoop-common-3.3.1.jar:?]
	at org.apache.hadoop.ipc.Server$Handler.run(Server.java:2966) [hadoop-common-3.3.1.jar:?]
03:18:00.076 [IPC Server handler 4 on default port 33661] ERROR OMAudit - user=runner | ip=127.0.0.1 | op=READ_BUCKET {volume=tmp, bucket=4bad0b8dd3074cd43f641c2ac22a3571} | ret=FAILURE
org.apache.hadoop.ozone.om.exceptions.OMException: Bucket not found
	at org.apache.hadoop.ozone.om.BucketManagerImpl.getBucketInfo(BucketManagerImpl.java:131) ~[ozone-manager-1.3.0-SNAPSHOT.jar:?]
	at org.apache.hadoop.ozone.om.OzoneManager.getBucketInfo(OzoneManager.java:2686) ~[ozone-manager-1.3.0-SNAPSHOT.jar:?]
	at org.apache.hadoop.ozone.protocolPB.OzoneManagerRequestHandler.infoBucket(OzoneManagerRequestHandler.java:382) ~[ozone-manager-1.3.0-SNAPSHOT.jar:?]
	at org.apache.hadoop.ozone.protocolPB.OzoneManagerRequestHandler.handleReadRequest(OzoneManagerRequestHandler.java:156) ~[ozone-manager-1.3.0-SNAPSHOT.jar:?]
	at org.apache.hadoop.ozone.protocolPB.OzoneManagerProtocolServerSideTranslatorPB.submitRequestDirectlyToOM(OzoneManagerProtocolServerSideTranslatorPB.java:271) ~[ozone-manager-1.3.0-SNAPSHOT.jar:?]
	at org.apache.hadoop.ozone.protocolPB.OzoneManagerProtocolServerSideTranslatorPB.processRequest(OzoneManagerProtocolServerSideTranslatorPB.java:195) ~[ozone-manager-1.3.0-SNAPSHOT.jar:?]
	at org.apache.hadoop.hdds.server.OzoneProtocolMessageDispatcher.processRequest(OzoneProtocolMessageDispatcher.java:87) [hdds-server-framework-1.3.0-SNAPSHOT.jar:?]
	at org.apache.hadoop.ozone.protocolPB.OzoneManagerProtocolServerSideTranslatorPB.submitRequest(OzoneManagerProtocolServerSideTranslatorPB.java:146) [ozone-manager-1.3.0-SNAPSHOT.jar:?]
	at org.apache.hadoop.ozone.protocol.proto.OzoneManagerProtocolProtos$OzoneManagerService$2.callBlockingMethod(OzoneManagerProtocolProtos.java) [ozone-interface-client-1.3.0-SNAPSHOT.jar:?]
	at org.apache.hadoop.ipc.ProtobufRpcEngine$Server.processCall(ProtobufRpcEngine.java:466) [hadoop-common-3.3.1.jar:?]
	at org.apache.hadoop.ipc.ProtobufRpcEngine2$Server$ProtoBufRpcInvoker.call(ProtobufRpcEngine2.java:574) [hadoop-common-3.3.1.jar:?]
	at org.apache.hadoop.ipc.ProtobufRpcEngine2$Server$ProtoBufRpcInvoker.call(ProtobufRpcEngine2.java:552) [hadoop-common-3.3.1.jar:?]
	at org.apache.hadoop.ipc.RPC$Server.call(RPC.java:1093) [hadoop-common-3.3.1.jar:?]
	at org.apache.hadoop.ipc.Server$RpcCall.run(Server.java:1035) [hadoop-common-3.3.1.jar:?]
	at org.apache.hadoop.ipc.Server$RpcCall.run(Server.java:963) [hadoop-common-3.3.1.jar:?]
	at java.security.AccessController.doPrivileged(Native Method) ~[?:1.8.0_322]
	at javax.security.auth.Subject.doAs(Subject.java:422) [?:1.8.0_322]
	at org.apache.hadoop.security.UserGroupInformation.doAs(UserGroupInformation.java:1878) [hadoop-common-3.3.1.jar:?]
	at org.apache.hadoop.ipc.Server$Handler.run(Server.java:2966) [hadoop-common-3.3.1.jar:?]
2022-05-04 03:18:00,077 [Time-limited test] INFO  rpc.RpcClient (RpcClient.java:createBucket(637)) - Creating Bucket: tmp/4bad0b8dd3074cd43f641c2ac22a3571, with runner as owner and Versioning false and Storage Type set to DISK and Encryption set to false 
2022-05-04 03:18:00,077 [IPC Server handler 7 on default port 33661] INFO  bucket.OMBucketCreateRequest (OMBucketCreateRequest.java:validateAndUpdateCache(258)) - created bucket: 4bad0b8dd3074cd43f641c2ac22a3571 of layout LEGACY in volume: tmp
]]></system-out>
  </testcase>
  <testcase name="testListStatusRootAndVolumeNonRecursive" classname="TestRootedOzoneFileSystem" time="0.451">
    <system-out><![CDATA[2022-05-04 03:12:30,385 [Time-limited test] INFO  rpc.RpcClient (RpcClient.java:createVolume(448)) - Creating Volume: volume89735, with user60778 as owner and space quota set to -1 bytes, counts quota set to -1
2022-05-04 03:12:30,389 [OM StateMachine ApplyTransaction Thread - 0] INFO  volume.OMVolumeCreateRequest (OMVolumeCreateRequest.java:validateAndUpdateCache(195)) - created volume:volume89735 for user:user60778
2022-05-04 03:12:30,392 [Time-limited test] INFO  rpc.RpcClient (RpcClient.java:createBucket(637)) - Creating Bucket: volume89735/bucket57977, with runner as owner and Versioning false and Storage Type set to DISK and Encryption set to false 
2022-05-04 03:12:30,395 [OM StateMachine ApplyTransaction Thread - 0] INFO  bucket.OMBucketCreateRequest (OMBucketCreateRequest.java:validateAndUpdateCache(258)) - created bucket: bucket57977 of layout LEGACY in volume: volume89735
2022-05-04 03:12:30,408 [Time-limited test] INFO  rpc.RpcClient (RpcClient.java:createVolume(448)) - Creating Volume: volume-31039, with runner as owner and space quota set to -1 bytes, counts quota set to -1
2022-05-04 03:12:30,412 [OM StateMachine ApplyTransaction Thread - 0] INFO  volume.OMVolumeCreateRequest (OMVolumeCreateRequest.java:validateAndUpdateCache(195)) - created volume:volume-31039 for user:runner
2022-05-04 03:12:30,415 [Time-limited test] INFO  rpc.RpcClient (RpcClient.java:createBucket(637)) - Creating Bucket: volume-31039/bucket-41719, with runner as owner and Versioning false and Storage Type set to DISK and Encryption set to false 
2022-05-04 03:12:30,418 [OM StateMachine ApplyTransaction Thread - 0] INFO  bucket.OMBucketCreateRequest (OMBucketCreateRequest.java:validateAndUpdateCache(258)) - created bucket: bucket-41719 of layout LEGACY in volume: volume-31039
2022-05-04 03:12:30,543 [Time-limited test] INFO  rpc.RpcClient (RpcClient.java:createVolume(448)) - Creating Volume: volume-57185, with runner as owner and space quota set to -1 bytes, counts quota set to -1
2022-05-04 03:12:30,546 [OM StateMachine ApplyTransaction Thread - 0] INFO  volume.OMVolumeCreateRequest (OMVolumeCreateRequest.java:validateAndUpdateCache(195)) - created volume:volume-57185 for user:runner
2022-05-04 03:12:30,548 [Time-limited test] INFO  rpc.RpcClient (RpcClient.java:createBucket(637)) - Creating Bucket: volume-57185/bucket-06282, with runner as owner and Versioning false and Storage Type set to DISK and Encryption set to false 
2022-05-04 03:12:30,551 [OM StateMachine ApplyTransaction Thread - 0] INFO  bucket.OMBucketCreateRequest (OMBucketCreateRequest.java:validateAndUpdateCache(258)) - created bucket: bucket-06282 of layout LEGACY in volume: volume-57185
]]></system-out>
  </testcase>
  <testcase name="testListStatusRootAndVolumeNonRecursive" classname="TestRootedOzoneFileSystem" time="0.555">
    <system-out><![CDATA[2022-05-04 03:13:52,137 [Time-limited test] INFO  rpc.RpcClient (RpcClient.java:createVolume(448)) - Creating Volume: volume98904, with user40070 as owner and space quota set to -1 bytes, counts quota set to -1
2022-05-04 03:13:52,142 [OM StateMachine ApplyTransaction Thread - 0] INFO  volume.OMVolumeCreateRequest (OMVolumeCreateRequest.java:validateAndUpdateCache(195)) - created volume:volume98904 for user:user40070
2022-05-04 03:13:52,144 [Time-limited test] INFO  rpc.RpcClient (RpcClient.java:createBucket(637)) - Creating Bucket: volume98904/bucket66545, with runner as owner and Versioning false and Storage Type set to DISK and Encryption set to false 
2022-05-04 03:13:52,146 [OM StateMachine ApplyTransaction Thread - 0] INFO  bucket.OMBucketCreateRequest (OMBucketCreateRequest.java:validateAndUpdateCache(258)) - created bucket: bucket66545 of layout LEGACY in volume: volume98904
03:13:52.147 [IPC Server handler 11 on default port 46813] ERROR OMAudit - user=runner | ip=127.0.0.1 | op=READ_BUCKET {volume=volume-32463, bucket=bucket-20287} | ret=FAILURE
org.apache.hadoop.ozone.om.exceptions.OMException: Volume not found when getting bucket info
	at org.apache.hadoop.ozone.om.BucketManagerImpl.getBucketInfo(BucketManagerImpl.java:127) ~[ozone-manager-1.3.0-SNAPSHOT.jar:?]
	at org.apache.hadoop.ozone.om.OzoneManager.getBucketInfo(OzoneManager.java:2686) ~[ozone-manager-1.3.0-SNAPSHOT.jar:?]
	at org.apache.hadoop.ozone.protocolPB.OzoneManagerRequestHandler.infoBucket(OzoneManagerRequestHandler.java:382) ~[ozone-manager-1.3.0-SNAPSHOT.jar:?]
	at org.apache.hadoop.ozone.protocolPB.OzoneManagerRequestHandler.handleReadRequest(OzoneManagerRequestHandler.java:156) ~[ozone-manager-1.3.0-SNAPSHOT.jar:?]
	at org.apache.hadoop.ozone.protocolPB.OzoneManagerProtocolServerSideTranslatorPB.submitReadRequestToOM(OzoneManagerProtocolServerSideTranslatorPB.java:213) ~[ozone-manager-1.3.0-SNAPSHOT.jar:?]
	at org.apache.hadoop.ozone.protocolPB.OzoneManagerProtocolServerSideTranslatorPB.processRequest(OzoneManagerProtocolServerSideTranslatorPB.java:174) ~[ozone-manager-1.3.0-SNAPSHOT.jar:?]
	at org.apache.hadoop.hdds.server.OzoneProtocolMessageDispatcher.processRequest(OzoneProtocolMessageDispatcher.java:87) [hdds-server-framework-1.3.0-SNAPSHOT.jar:?]
	at org.apache.hadoop.ozone.protocolPB.OzoneManagerProtocolServerSideTranslatorPB.submitRequest(OzoneManagerProtocolServerSideTranslatorPB.java:146) [ozone-manager-1.3.0-SNAPSHOT.jar:?]
	at org.apache.hadoop.ozone.protocol.proto.OzoneManagerProtocolProtos$OzoneManagerService$2.callBlockingMethod(OzoneManagerProtocolProtos.java) [ozone-interface-client-1.3.0-SNAPSHOT.jar:?]
	at org.apache.hadoop.ipc.ProtobufRpcEngine$Server.processCall(ProtobufRpcEngine.java:466) [hadoop-common-3.3.1.jar:?]
	at org.apache.hadoop.ipc.ProtobufRpcEngine2$Server$ProtoBufRpcInvoker.call(ProtobufRpcEngine2.java:574) [hadoop-common-3.3.1.jar:?]
	at org.apache.hadoop.ipc.ProtobufRpcEngine2$Server$ProtoBufRpcInvoker.call(ProtobufRpcEngine2.java:552) [hadoop-common-3.3.1.jar:?]
	at org.apache.hadoop.ipc.RPC$Server.call(RPC.java:1093) [hadoop-common-3.3.1.jar:?]
	at org.apache.hadoop.ipc.Server$RpcCall.run(Server.java:1035) [hadoop-common-3.3.1.jar:?]
	at org.apache.hadoop.ipc.Server$RpcCall.run(Server.java:963) [hadoop-common-3.3.1.jar:?]
	at java.security.AccessController.doPrivileged(Native Method) ~[?:1.8.0_322]
	at javax.security.auth.Subject.doAs(Subject.java:422) [?:1.8.0_322]
	at org.apache.hadoop.security.UserGroupInformation.doAs(UserGroupInformation.java:1878) [hadoop-common-3.3.1.jar:?]
	at org.apache.hadoop.ipc.Server$Handler.run(Server.java:2966) [hadoop-common-3.3.1.jar:?]
2022-05-04 03:13:52,148 [Time-limited test] INFO  rpc.RpcClient (RpcClient.java:createVolume(448)) - Creating Volume: volume-32463, with runner as owner and space quota set to -1 bytes, counts quota set to -1
2022-05-04 03:13:52,150 [OM StateMachine ApplyTransaction Thread - 0] INFO  volume.OMVolumeCreateRequest (OMVolumeCreateRequest.java:validateAndUpdateCache(195)) - created volume:volume-32463 for user:runner
2022-05-04 03:13:52,151 [Time-limited test] INFO  rpc.RpcClient (RpcClient.java:createBucket(637)) - Creating Bucket: volume-32463/bucket-20287, with runner as owner and Versioning false and Storage Type set to DISK and Encryption set to false 
2022-05-04 03:13:52,152 [OM StateMachine ApplyTransaction Thread - 0] INFO  bucket.OMBucketCreateRequest (OMBucketCreateRequest.java:validateAndUpdateCache(258)) - created bucket: bucket-20287 of layout LEGACY in volume: volume-32463
03:13:52.330 [IPC Server handler 1 on default port 46813] ERROR OMAudit - user=runner | ip=127.0.0.1 | op=READ_BUCKET {volume=volume-59169, bucket=bucket-14818} | ret=FAILURE
org.apache.hadoop.ozone.om.exceptions.OMException: Volume not found when getting bucket info
	at org.apache.hadoop.ozone.om.BucketManagerImpl.getBucketInfo(BucketManagerImpl.java:127) ~[ozone-manager-1.3.0-SNAPSHOT.jar:?]
	at org.apache.hadoop.ozone.om.OzoneManager.getBucketInfo(OzoneManager.java:2686) ~[ozone-manager-1.3.0-SNAPSHOT.jar:?]
	at org.apache.hadoop.ozone.protocolPB.OzoneManagerRequestHandler.infoBucket(OzoneManagerRequestHandler.java:382) ~[ozone-manager-1.3.0-SNAPSHOT.jar:?]
	at org.apache.hadoop.ozone.protocolPB.OzoneManagerRequestHandler.handleReadRequest(OzoneManagerRequestHandler.java:156) ~[ozone-manager-1.3.0-SNAPSHOT.jar:?]
	at org.apache.hadoop.ozone.protocolPB.OzoneManagerProtocolServerSideTranslatorPB.submitReadRequestToOM(OzoneManagerProtocolServerSideTranslatorPB.java:213) ~[ozone-manager-1.3.0-SNAPSHOT.jar:?]
	at org.apache.hadoop.ozone.protocolPB.OzoneManagerProtocolServerSideTranslatorPB.processRequest(OzoneManagerProtocolServerSideTranslatorPB.java:174) ~[ozone-manager-1.3.0-SNAPSHOT.jar:?]
	at org.apache.hadoop.hdds.server.OzoneProtocolMessageDispatcher.processRequest(OzoneProtocolMessageDispatcher.java:87) [hdds-server-framework-1.3.0-SNAPSHOT.jar:?]
	at org.apache.hadoop.ozone.protocolPB.OzoneManagerProtocolServerSideTranslatorPB.submitRequest(OzoneManagerProtocolServerSideTranslatorPB.java:146) [ozone-manager-1.3.0-SNAPSHOT.jar:?]
	at org.apache.hadoop.ozone.protocol.proto.OzoneManagerProtocolProtos$OzoneManagerService$2.callBlockingMethod(OzoneManagerProtocolProtos.java) [ozone-interface-client-1.3.0-SNAPSHOT.jar:?]
	at org.apache.hadoop.ipc.ProtobufRpcEngine$Server.processCall(ProtobufRpcEngine.java:466) [hadoop-common-3.3.1.jar:?]
	at org.apache.hadoop.ipc.ProtobufRpcEngine2$Server$ProtoBufRpcInvoker.call(ProtobufRpcEngine2.java:574) [hadoop-common-3.3.1.jar:?]
	at org.apache.hadoop.ipc.ProtobufRpcEngine2$Server$ProtoBufRpcInvoker.call(ProtobufRpcEngine2.java:552) [hadoop-common-3.3.1.jar:?]
	at org.apache.hadoop.ipc.RPC$Server.call(RPC.java:1093) [hadoop-common-3.3.1.jar:?]
	at org.apache.hadoop.ipc.Server$RpcCall.run(Server.java:1035) [hadoop-common-3.3.1.jar:?]
	at org.apache.hadoop.ipc.Server$RpcCall.run(Server.java:963) [hadoop-common-3.3.1.jar:?]
	at java.security.AccessController.doPrivileged(Native Method) ~[?:1.8.0_322]
	at javax.security.auth.Subject.doAs(Subject.java:422) [?:1.8.0_322]
	at org.apache.hadoop.security.UserGroupInformation.doAs(UserGroupInformation.java:1878) [hadoop-common-3.3.1.jar:?]
	at org.apache.hadoop.ipc.Server$Handler.run(Server.java:2966) [hadoop-common-3.3.1.jar:?]
2022-05-04 03:13:52,331 [Time-limited test] INFO  rpc.RpcClient (RpcClient.java:createVolume(448)) - Creating Volume: volume-59169, with runner as owner and space quota set to -1 bytes, counts quota set to -1
2022-05-04 03:13:52,335 [OM StateMachine ApplyTransaction Thread - 0] INFO  volume.OMVolumeCreateRequest (OMVolumeCreateRequest.java:validateAndUpdateCache(195)) - created volume:volume-59169 for user:runner
2022-05-04 03:13:52,336 [Time-limited test] INFO  rpc.RpcClient (RpcClient.java:createBucket(637)) - Creating Bucket: volume-59169/bucket-14818, with runner as owner and Versioning false and Storage Type set to DISK and Encryption set to false 
2022-05-04 03:13:52,337 [OM StateMachine ApplyTransaction Thread - 0] INFO  bucket.OMBucketCreateRequest (OMBucketCreateRequest.java:validateAndUpdateCache(258)) - created bucket: bucket-14818 of layout LEGACY in volume: volume-59169
]]></system-out>
  </testcase>
  <testcase name="testListStatusRootAndVolumeNonRecursive" classname="TestRootedOzoneFileSystem" time="0.87">
    <system-out><![CDATA[2022-05-04 03:15:06,812 [Time-limited test] INFO  rpc.RpcClient (RpcClient.java:createVolume(448)) - Creating Volume: volume01782, with user04626 as owner and space quota set to -1 bytes, counts quota set to -1
2022-05-04 03:15:06,814 [IPC Server handler 9 on default port 33297] INFO  volume.OMVolumeCreateRequest (OMVolumeCreateRequest.java:validateAndUpdateCache(195)) - created volume:volume01782 for user:user04626
2022-05-04 03:15:06,815 [Time-limited test] INFO  rpc.RpcClient (RpcClient.java:createBucket(637)) - Creating Bucket: volume01782/bucket71061, with runner as owner and Versioning false and Storage Type set to DISK and Encryption set to false 
2022-05-04 03:15:06,822 [IPC Server handler 6 on default port 33297] INFO  bucket.OMBucketCreateRequest (OMBucketCreateRequest.java:validateAndUpdateCache(258)) - created bucket: bucket71061 of layout LEGACY in volume: volume01782
03:15:06.833 [IPC Server handler 11 on default port 33297] ERROR OMAudit - user=runner | ip=127.0.0.1 | op=READ_BUCKET {volume=volume-63300, bucket=bucket-45293} | ret=FAILURE
org.apache.hadoop.ozone.om.exceptions.OMException: Volume not found when getting bucket info
	at org.apache.hadoop.ozone.om.BucketManagerImpl.getBucketInfo(BucketManagerImpl.java:127) ~[ozone-manager-1.3.0-SNAPSHOT.jar:?]
	at org.apache.hadoop.ozone.om.OzoneManager.getBucketInfo(OzoneManager.java:2686) ~[ozone-manager-1.3.0-SNAPSHOT.jar:?]
	at org.apache.hadoop.ozone.protocolPB.OzoneManagerRequestHandler.infoBucket(OzoneManagerRequestHandler.java:382) ~[ozone-manager-1.3.0-SNAPSHOT.jar:?]
	at org.apache.hadoop.ozone.protocolPB.OzoneManagerRequestHandler.handleReadRequest(OzoneManagerRequestHandler.java:156) ~[ozone-manager-1.3.0-SNAPSHOT.jar:?]
	at org.apache.hadoop.ozone.protocolPB.OzoneManagerProtocolServerSideTranslatorPB.submitRequestDirectlyToOM(OzoneManagerProtocolServerSideTranslatorPB.java:271) ~[ozone-manager-1.3.0-SNAPSHOT.jar:?]
	at org.apache.hadoop.ozone.protocolPB.OzoneManagerProtocolServerSideTranslatorPB.processRequest(OzoneManagerProtocolServerSideTranslatorPB.java:195) ~[ozone-manager-1.3.0-SNAPSHOT.jar:?]
	at org.apache.hadoop.hdds.server.OzoneProtocolMessageDispatcher.processRequest(OzoneProtocolMessageDispatcher.java:87) [hdds-server-framework-1.3.0-SNAPSHOT.jar:?]
	at org.apache.hadoop.ozone.protocolPB.OzoneManagerProtocolServerSideTranslatorPB.submitRequest(OzoneManagerProtocolServerSideTranslatorPB.java:146) [ozone-manager-1.3.0-SNAPSHOT.jar:?]
	at org.apache.hadoop.ozone.protocol.proto.OzoneManagerProtocolProtos$OzoneManagerService$2.callBlockingMethod(OzoneManagerProtocolProtos.java) [ozone-interface-client-1.3.0-SNAPSHOT.jar:?]
	at org.apache.hadoop.ipc.ProtobufRpcEngine$Server.processCall(ProtobufRpcEngine.java:466) [hadoop-common-3.3.1.jar:?]
	at org.apache.hadoop.ipc.ProtobufRpcEngine2$Server$ProtoBufRpcInvoker.call(ProtobufRpcEngine2.java:574) [hadoop-common-3.3.1.jar:?]
	at org.apache.hadoop.ipc.ProtobufRpcEngine2$Server$ProtoBufRpcInvoker.call(ProtobufRpcEngine2.java:552) [hadoop-common-3.3.1.jar:?]
	at org.apache.hadoop.ipc.RPC$Server.call(RPC.java:1093) [hadoop-common-3.3.1.jar:?]
	at org.apache.hadoop.ipc.Server$RpcCall.run(Server.java:1035) [hadoop-common-3.3.1.jar:?]
	at org.apache.hadoop.ipc.Server$RpcCall.run(Server.java:963) [hadoop-common-3.3.1.jar:?]
	at java.security.AccessController.doPrivileged(Native Method) ~[?:1.8.0_322]
	at javax.security.auth.Subject.doAs(Subject.java:422) [?:1.8.0_322]
	at org.apache.hadoop.security.UserGroupInformation.doAs(UserGroupInformation.java:1878) [hadoop-common-3.3.1.jar:?]
	at org.apache.hadoop.ipc.Server$Handler.run(Server.java:2966) [hadoop-common-3.3.1.jar:?]
2022-05-04 03:15:06,834 [Time-limited test] INFO  rpc.RpcClient (RpcClient.java:createVolume(448)) - Creating Volume: volume-63300, with runner as owner and space quota set to -1 bytes, counts quota set to -1
2022-05-04 03:15:06,834 [IPC Server handler 3 on default port 33297] INFO  volume.OMVolumeCreateRequest (OMVolumeCreateRequest.java:validateAndUpdateCache(195)) - created volume:volume-63300 for user:runner
2022-05-04 03:15:06,838 [Time-limited test] INFO  rpc.RpcClient (RpcClient.java:createBucket(637)) - Creating Bucket: volume-63300/bucket-45293, with runner as owner and Versioning false and Storage Type set to DISK and Encryption set to false 
2022-05-04 03:15:06,839 [IPC Server handler 15 on default port 33297] INFO  bucket.OMBucketCreateRequest (OMBucketCreateRequest.java:validateAndUpdateCache(258)) - created bucket: bucket-45293 of layout LEGACY in volume: volume-63300
03:15:07.204 [IPC Server handler 1 on default port 33297] ERROR OMAudit - user=runner | ip=127.0.0.1 | op=READ_BUCKET {volume=volume-24355, bucket=bucket-08957} | ret=FAILURE
org.apache.hadoop.ozone.om.exceptions.OMException: Volume not found when getting bucket info
	at org.apache.hadoop.ozone.om.BucketManagerImpl.getBucketInfo(BucketManagerImpl.java:127) ~[ozone-manager-1.3.0-SNAPSHOT.jar:?]
	at org.apache.hadoop.ozone.om.OzoneManager.getBucketInfo(OzoneManager.java:2686) ~[ozone-manager-1.3.0-SNAPSHOT.jar:?]
	at org.apache.hadoop.ozone.protocolPB.OzoneManagerRequestHandler.infoBucket(OzoneManagerRequestHandler.java:382) ~[ozone-manager-1.3.0-SNAPSHOT.jar:?]
	at org.apache.hadoop.ozone.protocolPB.OzoneManagerRequestHandler.handleReadRequest(OzoneManagerRequestHandler.java:156) ~[ozone-manager-1.3.0-SNAPSHOT.jar:?]
	at org.apache.hadoop.ozone.protocolPB.OzoneManagerProtocolServerSideTranslatorPB.submitRequestDirectlyToOM(OzoneManagerProtocolServerSideTranslatorPB.java:271) ~[ozone-manager-1.3.0-SNAPSHOT.jar:?]
	at org.apache.hadoop.ozone.protocolPB.OzoneManagerProtocolServerSideTranslatorPB.processRequest(OzoneManagerProtocolServerSideTranslatorPB.java:195) ~[ozone-manager-1.3.0-SNAPSHOT.jar:?]
	at org.apache.hadoop.hdds.server.OzoneProtocolMessageDispatcher.processRequest(OzoneProtocolMessageDispatcher.java:87) [hdds-server-framework-1.3.0-SNAPSHOT.jar:?]
	at org.apache.hadoop.ozone.protocolPB.OzoneManagerProtocolServerSideTranslatorPB.submitRequest(OzoneManagerProtocolServerSideTranslatorPB.java:146) [ozone-manager-1.3.0-SNAPSHOT.jar:?]
	at org.apache.hadoop.ozone.protocol.proto.OzoneManagerProtocolProtos$OzoneManagerService$2.callBlockingMethod(OzoneManagerProtocolProtos.java) [ozone-interface-client-1.3.0-SNAPSHOT.jar:?]
	at org.apache.hadoop.ipc.ProtobufRpcEngine$Server.processCall(ProtobufRpcEngine.java:466) [hadoop-common-3.3.1.jar:?]
	at org.apache.hadoop.ipc.ProtobufRpcEngine2$Server$ProtoBufRpcInvoker.call(ProtobufRpcEngine2.java:574) [hadoop-common-3.3.1.jar:?]
	at org.apache.hadoop.ipc.ProtobufRpcEngine2$Server$ProtoBufRpcInvoker.call(ProtobufRpcEngine2.java:552) [hadoop-common-3.3.1.jar:?]
	at org.apache.hadoop.ipc.RPC$Server.call(RPC.java:1093) [hadoop-common-3.3.1.jar:?]
	at org.apache.hadoop.ipc.Server$RpcCall.run(Server.java:1035) [hadoop-common-3.3.1.jar:?]
	at org.apache.hadoop.ipc.Server$RpcCall.run(Server.java:963) [hadoop-common-3.3.1.jar:?]
	at java.security.AccessController.doPrivileged(Native Method) ~[?:1.8.0_322]
	at javax.security.auth.Subject.doAs(Subject.java:422) [?:1.8.0_322]
	at org.apache.hadoop.security.UserGroupInformation.doAs(UserGroupInformation.java:1878) [hadoop-common-3.3.1.jar:?]
	at org.apache.hadoop.ipc.Server$Handler.run(Server.java:2966) [hadoop-common-3.3.1.jar:?]
2022-05-04 03:15:07,205 [Time-limited test] INFO  rpc.RpcClient (RpcClient.java:createVolume(448)) - Creating Volume: volume-24355, with runner as owner and space quota set to -1 bytes, counts quota set to -1
2022-05-04 03:15:07,206 [IPC Server handler 9 on default port 33297] INFO  volume.OMVolumeCreateRequest (OMVolumeCreateRequest.java:validateAndUpdateCache(195)) - created volume:volume-24355 for user:runner
2022-05-04 03:15:07,207 [Time-limited test] INFO  rpc.RpcClient (RpcClient.java:createBucket(637)) - Creating Bucket: volume-24355/bucket-08957, with runner as owner and Versioning false and Storage Type set to DISK and Encryption set to false 
2022-05-04 03:15:07,208 [IPC Server handler 6 on default port 33297] INFO  bucket.OMBucketCreateRequest (OMBucketCreateRequest.java:validateAndUpdateCache(258)) - created bucket: bucket-08957 of layout LEGACY in volume: volume-24355
]]></system-out>
  </testcase>
  <testcase name="testListStatusRootAndVolumeNonRecursive" classname="TestRootedOzoneFileSystem" time="0.785">
    <system-out><![CDATA[2022-05-04 03:16:25,541 [Time-limited test] INFO  rpc.RpcClient (RpcClient.java:createVolume(448)) - Creating Volume: volume93714, with user58333 as owner and space quota set to -1 bytes, counts quota set to -1
2022-05-04 03:16:25,546 [OM StateMachine ApplyTransaction Thread - 0] INFO  volume.OMVolumeCreateRequest (OMVolumeCreateRequest.java:validateAndUpdateCache(195)) - created volume:volume93714 for user:user58333
2022-05-04 03:16:25,551 [Time-limited test] INFO  rpc.RpcClient (RpcClient.java:createBucket(637)) - Creating Bucket: volume93714/bucket16227, with runner as owner and Versioning false and Storage Type set to DISK and Encryption set to false 
2022-05-04 03:16:25,555 [OM StateMachine ApplyTransaction Thread - 0] INFO  bucket.OMBucketCreateRequest (OMBucketCreateRequest.java:validateAndUpdateCache(258)) - created bucket: bucket16227 of layout LEGACY in volume: volume93714
03:16:25.559 [IPC Server handler 8 on default port 37999] ERROR OMAudit - user=runner | ip=127.0.0.1 | op=READ_BUCKET {volume=volume-52550, bucket=bucket-60404} | ret=FAILURE
org.apache.hadoop.ozone.om.exceptions.OMException: Volume not found when getting bucket info
	at org.apache.hadoop.ozone.om.BucketManagerImpl.getBucketInfo(BucketManagerImpl.java:127) ~[ozone-manager-1.3.0-SNAPSHOT.jar:?]
	at org.apache.hadoop.ozone.om.OzoneManager.getBucketInfo(OzoneManager.java:2686) ~[ozone-manager-1.3.0-SNAPSHOT.jar:?]
	at org.apache.hadoop.ozone.protocolPB.OzoneManagerRequestHandler.infoBucket(OzoneManagerRequestHandler.java:382) ~[ozone-manager-1.3.0-SNAPSHOT.jar:?]
	at org.apache.hadoop.ozone.protocolPB.OzoneManagerRequestHandler.handleReadRequest(OzoneManagerRequestHandler.java:156) ~[ozone-manager-1.3.0-SNAPSHOT.jar:?]
	at org.apache.hadoop.ozone.protocolPB.OzoneManagerProtocolServerSideTranslatorPB.submitReadRequestToOM(OzoneManagerProtocolServerSideTranslatorPB.java:213) ~[ozone-manager-1.3.0-SNAPSHOT.jar:?]
	at org.apache.hadoop.ozone.protocolPB.OzoneManagerProtocolServerSideTranslatorPB.processRequest(OzoneManagerProtocolServerSideTranslatorPB.java:174) ~[ozone-manager-1.3.0-SNAPSHOT.jar:?]
	at org.apache.hadoop.hdds.server.OzoneProtocolMessageDispatcher.processRequest(OzoneProtocolMessageDispatcher.java:87) [hdds-server-framework-1.3.0-SNAPSHOT.jar:?]
	at org.apache.hadoop.ozone.protocolPB.OzoneManagerProtocolServerSideTranslatorPB.submitRequest(OzoneManagerProtocolServerSideTranslatorPB.java:146) [ozone-manager-1.3.0-SNAPSHOT.jar:?]
	at org.apache.hadoop.ozone.protocol.proto.OzoneManagerProtocolProtos$OzoneManagerService$2.callBlockingMethod(OzoneManagerProtocolProtos.java) [ozone-interface-client-1.3.0-SNAPSHOT.jar:?]
	at org.apache.hadoop.ipc.ProtobufRpcEngine$Server.processCall(ProtobufRpcEngine.java:466) [hadoop-common-3.3.1.jar:?]
	at org.apache.hadoop.ipc.ProtobufRpcEngine2$Server$ProtoBufRpcInvoker.call(ProtobufRpcEngine2.java:574) [hadoop-common-3.3.1.jar:?]
	at org.apache.hadoop.ipc.ProtobufRpcEngine2$Server$ProtoBufRpcInvoker.call(ProtobufRpcEngine2.java:552) [hadoop-common-3.3.1.jar:?]
	at org.apache.hadoop.ipc.RPC$Server.call(RPC.java:1093) [hadoop-common-3.3.1.jar:?]
	at org.apache.hadoop.ipc.Server$RpcCall.run(Server.java:1035) [hadoop-common-3.3.1.jar:?]
	at org.apache.hadoop.ipc.Server$RpcCall.run(Server.java:963) [hadoop-common-3.3.1.jar:?]
	at java.security.AccessController.doPrivileged(Native Method) ~[?:1.8.0_322]
	at javax.security.auth.Subject.doAs(Subject.java:422) [?:1.8.0_322]
	at org.apache.hadoop.security.UserGroupInformation.doAs(UserGroupInformation.java:1878) [hadoop-common-3.3.1.jar:?]
	at org.apache.hadoop.ipc.Server$Handler.run(Server.java:2966) [hadoop-common-3.3.1.jar:?]
2022-05-04 03:16:25,559 [Time-limited test] INFO  rpc.RpcClient (RpcClient.java:createVolume(448)) - Creating Volume: volume-52550, with runner as owner and space quota set to -1 bytes, counts quota set to -1
2022-05-04 03:16:25,561 [OM StateMachine ApplyTransaction Thread - 0] INFO  volume.OMVolumeCreateRequest (OMVolumeCreateRequest.java:validateAndUpdateCache(195)) - created volume:volume-52550 for user:runner
2022-05-04 03:16:25,561 [Time-limited test] INFO  rpc.RpcClient (RpcClient.java:createBucket(637)) - Creating Bucket: volume-52550/bucket-60404, with runner as owner and Versioning false and Storage Type set to DISK and Encryption set to false 
2022-05-04 03:16:25,565 [OM StateMachine ApplyTransaction Thread - 0] INFO  bucket.OMBucketCreateRequest (OMBucketCreateRequest.java:validateAndUpdateCache(258)) - created bucket: bucket-60404 of layout LEGACY in volume: volume-52550
03:16:25.847 [IPC Server handler 5 on default port 37999] ERROR OMAudit - user=runner | ip=127.0.0.1 | op=READ_BUCKET {volume=volume-90783, bucket=bucket-57591} | ret=FAILURE
org.apache.hadoop.ozone.om.exceptions.OMException: Volume not found when getting bucket info
	at org.apache.hadoop.ozone.om.BucketManagerImpl.getBucketInfo(BucketManagerImpl.java:127) ~[ozone-manager-1.3.0-SNAPSHOT.jar:?]
	at org.apache.hadoop.ozone.om.OzoneManager.getBucketInfo(OzoneManager.java:2686) ~[ozone-manager-1.3.0-SNAPSHOT.jar:?]
	at org.apache.hadoop.ozone.protocolPB.OzoneManagerRequestHandler.infoBucket(OzoneManagerRequestHandler.java:382) ~[ozone-manager-1.3.0-SNAPSHOT.jar:?]
	at org.apache.hadoop.ozone.protocolPB.OzoneManagerRequestHandler.handleReadRequest(OzoneManagerRequestHandler.java:156) ~[ozone-manager-1.3.0-SNAPSHOT.jar:?]
	at org.apache.hadoop.ozone.protocolPB.OzoneManagerProtocolServerSideTranslatorPB.submitReadRequestToOM(OzoneManagerProtocolServerSideTranslatorPB.java:213) ~[ozone-manager-1.3.0-SNAPSHOT.jar:?]
	at org.apache.hadoop.ozone.protocolPB.OzoneManagerProtocolServerSideTranslatorPB.processRequest(OzoneManagerProtocolServerSideTranslatorPB.java:174) ~[ozone-manager-1.3.0-SNAPSHOT.jar:?]
	at org.apache.hadoop.hdds.server.OzoneProtocolMessageDispatcher.processRequest(OzoneProtocolMessageDispatcher.java:87) [hdds-server-framework-1.3.0-SNAPSHOT.jar:?]
	at org.apache.hadoop.ozone.protocolPB.OzoneManagerProtocolServerSideTranslatorPB.submitRequest(OzoneManagerProtocolServerSideTranslatorPB.java:146) [ozone-manager-1.3.0-SNAPSHOT.jar:?]
	at org.apache.hadoop.ozone.protocol.proto.OzoneManagerProtocolProtos$OzoneManagerService$2.callBlockingMethod(OzoneManagerProtocolProtos.java) [ozone-interface-client-1.3.0-SNAPSHOT.jar:?]
	at org.apache.hadoop.ipc.ProtobufRpcEngine$Server.processCall(ProtobufRpcEngine.java:466) [hadoop-common-3.3.1.jar:?]
	at org.apache.hadoop.ipc.ProtobufRpcEngine2$Server$ProtoBufRpcInvoker.call(ProtobufRpcEngine2.java:574) [hadoop-common-3.3.1.jar:?]
	at org.apache.hadoop.ipc.ProtobufRpcEngine2$Server$ProtoBufRpcInvoker.call(ProtobufRpcEngine2.java:552) [hadoop-common-3.3.1.jar:?]
	at org.apache.hadoop.ipc.RPC$Server.call(RPC.java:1093) [hadoop-common-3.3.1.jar:?]
	at org.apache.hadoop.ipc.Server$RpcCall.run(Server.java:1035) [hadoop-common-3.3.1.jar:?]
	at org.apache.hadoop.ipc.Server$RpcCall.run(Server.java:963) [hadoop-common-3.3.1.jar:?]
	at java.security.AccessController.doPrivileged(Native Method) ~[?:1.8.0_322]
	at javax.security.auth.Subject.doAs(Subject.java:422) [?:1.8.0_322]
	at org.apache.hadoop.security.UserGroupInformation.doAs(UserGroupInformation.java:1878) [hadoop-common-3.3.1.jar:?]
	at org.apache.hadoop.ipc.Server$Handler.run(Server.java:2966) [hadoop-common-3.3.1.jar:?]
2022-05-04 03:16:25,848 [Time-limited test] INFO  rpc.RpcClient (RpcClient.java:createVolume(448)) - Creating Volume: volume-90783, with runner as owner and space quota set to -1 bytes, counts quota set to -1
2022-05-04 03:16:25,854 [OM StateMachine ApplyTransaction Thread - 0] INFO  volume.OMVolumeCreateRequest (OMVolumeCreateRequest.java:validateAndUpdateCache(195)) - created volume:volume-90783 for user:runner
2022-05-04 03:16:25,855 [Time-limited test] INFO  rpc.RpcClient (RpcClient.java:createBucket(637)) - Creating Bucket: volume-90783/bucket-57591, with runner as owner and Versioning false and Storage Type set to DISK and Encryption set to false 
2022-05-04 03:16:25,856 [OM StateMachine ApplyTransaction Thread - 0] INFO  bucket.OMBucketCreateRequest (OMBucketCreateRequest.java:validateAndUpdateCache(258)) - created bucket: bucket-57591 of layout LEGACY in volume: volume-90783
]]></system-out>
  </testcase>
  <testcase name="testListStatusRootAndVolumeNonRecursive" classname="TestRootedOzoneFileSystem" time="0.714">
    <system-out><![CDATA[2022-05-04 03:18:00,522 [Time-limited test] INFO  rpc.RpcClient (RpcClient.java:createVolume(448)) - Creating Volume: volume32449, with user41383 as owner and space quota set to -1 bytes, counts quota set to -1
2022-05-04 03:18:00,523 [IPC Server handler 10 on default port 33661] INFO  volume.OMVolumeCreateRequest (OMVolumeCreateRequest.java:validateAndUpdateCache(195)) - created volume:volume32449 for user:user41383
2022-05-04 03:18:00,526 [Time-limited test] INFO  rpc.RpcClient (RpcClient.java:createBucket(637)) - Creating Bucket: volume32449/bucket40780, with runner as owner and Versioning false and Storage Type set to DISK and Encryption set to false 
2022-05-04 03:18:00,527 [IPC Server handler 16 on default port 33661] INFO  bucket.OMBucketCreateRequest (OMBucketCreateRequest.java:validateAndUpdateCache(258)) - created bucket: bucket40780 of layout LEGACY in volume: volume32449
03:18:00.529 [IPC Server handler 12 on default port 33661] ERROR OMAudit - user=runner | ip=127.0.0.1 | op=READ_BUCKET {volume=volume-62085, bucket=bucket-93628} | ret=FAILURE
org.apache.hadoop.ozone.om.exceptions.OMException: Volume not found when getting bucket info
	at org.apache.hadoop.ozone.om.BucketManagerImpl.getBucketInfo(BucketManagerImpl.java:127) ~[ozone-manager-1.3.0-SNAPSHOT.jar:?]
	at org.apache.hadoop.ozone.om.OzoneManager.getBucketInfo(OzoneManager.java:2686) ~[ozone-manager-1.3.0-SNAPSHOT.jar:?]
	at org.apache.hadoop.ozone.protocolPB.OzoneManagerRequestHandler.infoBucket(OzoneManagerRequestHandler.java:382) ~[ozone-manager-1.3.0-SNAPSHOT.jar:?]
	at org.apache.hadoop.ozone.protocolPB.OzoneManagerRequestHandler.handleReadRequest(OzoneManagerRequestHandler.java:156) ~[ozone-manager-1.3.0-SNAPSHOT.jar:?]
	at org.apache.hadoop.ozone.protocolPB.OzoneManagerProtocolServerSideTranslatorPB.submitRequestDirectlyToOM(OzoneManagerProtocolServerSideTranslatorPB.java:271) ~[ozone-manager-1.3.0-SNAPSHOT.jar:?]
	at org.apache.hadoop.ozone.protocolPB.OzoneManagerProtocolServerSideTranslatorPB.processRequest(OzoneManagerProtocolServerSideTranslatorPB.java:195) ~[ozone-manager-1.3.0-SNAPSHOT.jar:?]
	at org.apache.hadoop.hdds.server.OzoneProtocolMessageDispatcher.processRequest(OzoneProtocolMessageDispatcher.java:87) [hdds-server-framework-1.3.0-SNAPSHOT.jar:?]
	at org.apache.hadoop.ozone.protocolPB.OzoneManagerProtocolServerSideTranslatorPB.submitRequest(OzoneManagerProtocolServerSideTranslatorPB.java:146) [ozone-manager-1.3.0-SNAPSHOT.jar:?]
	at org.apache.hadoop.ozone.protocol.proto.OzoneManagerProtocolProtos$OzoneManagerService$2.callBlockingMethod(OzoneManagerProtocolProtos.java) [ozone-interface-client-1.3.0-SNAPSHOT.jar:?]
	at org.apache.hadoop.ipc.ProtobufRpcEngine$Server.processCall(ProtobufRpcEngine.java:466) [hadoop-common-3.3.1.jar:?]
	at org.apache.hadoop.ipc.ProtobufRpcEngine2$Server$ProtoBufRpcInvoker.call(ProtobufRpcEngine2.java:574) [hadoop-common-3.3.1.jar:?]
	at org.apache.hadoop.ipc.ProtobufRpcEngine2$Server$ProtoBufRpcInvoker.call(ProtobufRpcEngine2.java:552) [hadoop-common-3.3.1.jar:?]
	at org.apache.hadoop.ipc.RPC$Server.call(RPC.java:1093) [hadoop-common-3.3.1.jar:?]
	at org.apache.hadoop.ipc.Server$RpcCall.run(Server.java:1035) [hadoop-common-3.3.1.jar:?]
	at org.apache.hadoop.ipc.Server$RpcCall.run(Server.java:963) [hadoop-common-3.3.1.jar:?]
	at java.security.AccessController.doPrivileged(Native Method) ~[?:1.8.0_322]
	at javax.security.auth.Subject.doAs(Subject.java:422) [?:1.8.0_322]
	at org.apache.hadoop.security.UserGroupInformation.doAs(UserGroupInformation.java:1878) [hadoop-common-3.3.1.jar:?]
	at org.apache.hadoop.ipc.Server$Handler.run(Server.java:2966) [hadoop-common-3.3.1.jar:?]
2022-05-04 03:18:00,529 [Time-limited test] INFO  rpc.RpcClient (RpcClient.java:createVolume(448)) - Creating Volume: volume-62085, with runner as owner and space quota set to -1 bytes, counts quota set to -1
2022-05-04 03:18:00,530 [IPC Server handler 2 on default port 33661] INFO  volume.OMVolumeCreateRequest (OMVolumeCreateRequest.java:validateAndUpdateCache(195)) - created volume:volume-62085 for user:runner
2022-05-04 03:18:00,532 [Time-limited test] INFO  rpc.RpcClient (RpcClient.java:createBucket(637)) - Creating Bucket: volume-62085/bucket-93628, with runner as owner and Versioning false and Storage Type set to DISK and Encryption set to false 
2022-05-04 03:18:00,532 [IPC Server handler 18 on default port 33661] INFO  bucket.OMBucketCreateRequest (OMBucketCreateRequest.java:validateAndUpdateCache(258)) - created bucket: bucket-93628 of layout LEGACY in volume: volume-62085
03:18:00.796 [IPC Server handler 9 on default port 33661] ERROR OMAudit - user=runner | ip=127.0.0.1 | op=READ_BUCKET {volume=volume-70753, bucket=bucket-91995} | ret=FAILURE
org.apache.hadoop.ozone.om.exceptions.OMException: Volume not found when getting bucket info
	at org.apache.hadoop.ozone.om.BucketManagerImpl.getBucketInfo(BucketManagerImpl.java:127) ~[ozone-manager-1.3.0-SNAPSHOT.jar:?]
	at org.apache.hadoop.ozone.om.OzoneManager.getBucketInfo(OzoneManager.java:2686) ~[ozone-manager-1.3.0-SNAPSHOT.jar:?]
	at org.apache.hadoop.ozone.protocolPB.OzoneManagerRequestHandler.infoBucket(OzoneManagerRequestHandler.java:382) ~[ozone-manager-1.3.0-SNAPSHOT.jar:?]
	at org.apache.hadoop.ozone.protocolPB.OzoneManagerRequestHandler.handleReadRequest(OzoneManagerRequestHandler.java:156) ~[ozone-manager-1.3.0-SNAPSHOT.jar:?]
	at org.apache.hadoop.ozone.protocolPB.OzoneManagerProtocolServerSideTranslatorPB.submitRequestDirectlyToOM(OzoneManagerProtocolServerSideTranslatorPB.java:271) ~[ozone-manager-1.3.0-SNAPSHOT.jar:?]
	at org.apache.hadoop.ozone.protocolPB.OzoneManagerProtocolServerSideTranslatorPB.processRequest(OzoneManagerProtocolServerSideTranslatorPB.java:195) ~[ozone-manager-1.3.0-SNAPSHOT.jar:?]
	at org.apache.hadoop.hdds.server.OzoneProtocolMessageDispatcher.processRequest(OzoneProtocolMessageDispatcher.java:87) [hdds-server-framework-1.3.0-SNAPSHOT.jar:?]
	at org.apache.hadoop.ozone.protocolPB.OzoneManagerProtocolServerSideTranslatorPB.submitRequest(OzoneManagerProtocolServerSideTranslatorPB.java:146) [ozone-manager-1.3.0-SNAPSHOT.jar:?]
	at org.apache.hadoop.ozone.protocol.proto.OzoneManagerProtocolProtos$OzoneManagerService$2.callBlockingMethod(OzoneManagerProtocolProtos.java) [ozone-interface-client-1.3.0-SNAPSHOT.jar:?]
	at org.apache.hadoop.ipc.ProtobufRpcEngine$Server.processCall(ProtobufRpcEngine.java:466) [hadoop-common-3.3.1.jar:?]
	at org.apache.hadoop.ipc.ProtobufRpcEngine2$Server$ProtoBufRpcInvoker.call(ProtobufRpcEngine2.java:574) [hadoop-common-3.3.1.jar:?]
	at org.apache.hadoop.ipc.ProtobufRpcEngine2$Server$ProtoBufRpcInvoker.call(ProtobufRpcEngine2.java:552) [hadoop-common-3.3.1.jar:?]
	at org.apache.hadoop.ipc.RPC$Server.call(RPC.java:1093) [hadoop-common-3.3.1.jar:?]
	at org.apache.hadoop.ipc.Server$RpcCall.run(Server.java:1035) [hadoop-common-3.3.1.jar:?]
	at org.apache.hadoop.ipc.Server$RpcCall.run(Server.java:963) [hadoop-common-3.3.1.jar:?]
	at java.security.AccessController.doPrivileged(Native Method) ~[?:1.8.0_322]
	at javax.security.auth.Subject.doAs(Subject.java:422) [?:1.8.0_322]
	at org.apache.hadoop.security.UserGroupInformation.doAs(UserGroupInformation.java:1878) [hadoop-common-3.3.1.jar:?]
	at org.apache.hadoop.ipc.Server$Handler.run(Server.java:2966) [hadoop-common-3.3.1.jar:?]
2022-05-04 03:18:00,797 [Time-limited test] INFO  rpc.RpcClient (RpcClient.java:createVolume(448)) - Creating Volume: volume-70753, with runner as owner and space quota set to -1 bytes, counts quota set to -1
2022-05-04 03:18:00,798 [IPC Server handler 10 on default port 33661] INFO  volume.OMVolumeCreateRequest (OMVolumeCreateRequest.java:validateAndUpdateCache(195)) - created volume:volume-70753 for user:runner
2022-05-04 03:18:00,801 [Time-limited test] INFO  rpc.RpcClient (RpcClient.java:createBucket(637)) - Creating Bucket: volume-70753/bucket-91995, with runner as owner and Versioning false and Storage Type set to DISK and Encryption set to false 
2022-05-04 03:18:00,801 [IPC Server handler 16 on default port 33661] INFO  bucket.OMBucketCreateRequest (OMBucketCreateRequest.java:validateAndUpdateCache(258)) - created bucket: bucket-91995 of layout LEGACY in volume: volume-70753
]]></system-out>
  </testcase>
  <testcase name="testDeleteVolumeAndBucket" classname="TestRootedOzoneFileSystem" time="0.133">
    <system-out><![CDATA[2022-05-04 03:12:30,848 [Time-limited test] INFO  rpc.RpcClient (RpcClient.java:createVolume(448)) - Creating Volume: volume01556, with user03389 as owner and space quota set to -1 bytes, counts quota set to -1
2022-05-04 03:12:30,852 [OM StateMachine ApplyTransaction Thread - 0] INFO  volume.OMVolumeCreateRequest (OMVolumeCreateRequest.java:validateAndUpdateCache(195)) - created volume:volume01556 for user:user03389
2022-05-04 03:12:30,856 [Time-limited test] INFO  rpc.RpcClient (RpcClient.java:createBucket(637)) - Creating Bucket: volume01556/bucket47041, with runner as owner and Versioning false and Storage Type set to DISK and Encryption set to false 
2022-05-04 03:12:30,861 [OM StateMachine ApplyTransaction Thread - 0] INFO  bucket.OMBucketCreateRequest (OMBucketCreateRequest.java:validateAndUpdateCache(258)) - created bucket: bucket47041 of layout LEGACY in volume: volume01556
2022-05-04 03:12:30,869 [Time-limited test] INFO  rpc.RpcClient (RpcClient.java:createVolume(448)) - Creating Volume: volume-86782, with runner as owner and space quota set to -1 bytes, counts quota set to -1
2022-05-04 03:12:30,872 [OM StateMachine ApplyTransaction Thread - 0] INFO  volume.OMVolumeCreateRequest (OMVolumeCreateRequest.java:validateAndUpdateCache(195)) - created volume:volume-86782 for user:runner
2022-05-04 03:12:30,876 [Time-limited test] INFO  rpc.RpcClient (RpcClient.java:createBucket(637)) - Creating Bucket: volume-86782/bucket2, with runner as owner and Versioning false and Storage Type set to DISK and Encryption set to false 
2022-05-04 03:12:30,881 [OM StateMachine ApplyTransaction Thread - 0] INFO  bucket.OMBucketCreateRequest (OMBucketCreateRequest.java:validateAndUpdateCache(258)) - created bucket: bucket2 of layout LEGACY in volume: volume-86782
03:12:30.891 [OM StateMachine ApplyTransaction Thread - 0] ERROR OMAudit - user=runner | ip=127.0.0.1 | op=DELETE_VOLUME {volume=volume-86782} | ret=FAILURE
org.apache.hadoop.ozone.om.exceptions.OMException: null
	at org.apache.hadoop.ozone.om.request.volume.OMVolumeDeleteRequest.validateAndUpdateCache(OMVolumeDeleteRequest.java:112) ~[ozone-manager-1.3.0-SNAPSHOT.jar:?]
	at org.apache.hadoop.ozone.protocolPB.OzoneManagerRequestHandler.handleWriteRequest(OzoneManagerRequestHandler.java:254) ~[ozone-manager-1.3.0-SNAPSHOT.jar:?]
	at org.apache.hadoop.ozone.om.ratis.OzoneManagerStateMachine.runCommand(OzoneManagerStateMachine.java:524) ~[ozone-manager-1.3.0-SNAPSHOT.jar:?]
	at org.apache.hadoop.ozone.om.ratis.OzoneManagerStateMachine.lambda$1(OzoneManagerStateMachine.java:319) ~[ozone-manager-1.3.0-SNAPSHOT.jar:?]
	at java.util.concurrent.CompletableFuture$AsyncSupply.run(CompletableFuture.java:1604) [?:1.8.0_322]
	at java.util.concurrent.ThreadPoolExecutor.runWorker(ThreadPoolExecutor.java:1149) [?:1.8.0_322]
	at java.util.concurrent.ThreadPoolExecutor$Worker.run(ThreadPoolExecutor.java:624) [?:1.8.0_322]
	at java.lang.Thread.run(Thread.java:750) [?:1.8.0_322]
2022-05-04 03:12:30,891 [OM StateMachine ApplyTransaction Thread - 0] ERROR volume.OMVolumeDeleteRequest (OMVolumeDeleteRequest.java:validateAndUpdateCache(160)) - Volume deletion failed for user:runner volume:volume-86782
VOLUME_NOT_EMPTY org.apache.hadoop.ozone.om.exceptions.OMException
	at org.apache.hadoop.ozone.om.request.volume.OMVolumeDeleteRequest.validateAndUpdateCache(OMVolumeDeleteRequest.java:112)
	at org.apache.hadoop.ozone.protocolPB.OzoneManagerRequestHandler.handleWriteRequest(OzoneManagerRequestHandler.java:254)
	at org.apache.hadoop.ozone.om.ratis.OzoneManagerStateMachine.runCommand(OzoneManagerStateMachine.java:524)
	at org.apache.hadoop.ozone.om.ratis.OzoneManagerStateMachine.lambda$1(OzoneManagerStateMachine.java:319)
	at java.util.concurrent.CompletableFuture$AsyncSupply.run(CompletableFuture.java:1604)
	at java.util.concurrent.ThreadPoolExecutor.runWorker(ThreadPoolExecutor.java:1149)
	at java.util.concurrent.ThreadPoolExecutor$Worker.run(ThreadPoolExecutor.java:624)
	at java.lang.Thread.run(Thread.java:750)
]]></system-out>
  </testcase>
  <testcase name="testDeleteVolumeAndBucket" classname="TestRootedOzoneFileSystem" time="0.14">
    <system-out><![CDATA[2022-05-04 03:13:52,677 [Time-limited test] INFO  rpc.RpcClient (RpcClient.java:createVolume(448)) - Creating Volume: volume06712, with user29561 as owner and space quota set to -1 bytes, counts quota set to -1
2022-05-04 03:13:52,679 [OM StateMachine ApplyTransaction Thread - 0] INFO  volume.OMVolumeCreateRequest (OMVolumeCreateRequest.java:validateAndUpdateCache(195)) - created volume:volume06712 for user:user29561
2022-05-04 03:13:52,681 [Time-limited test] INFO  rpc.RpcClient (RpcClient.java:createBucket(637)) - Creating Bucket: volume06712/bucket11714, with runner as owner and Versioning false and Storage Type set to DISK and Encryption set to false 
2022-05-04 03:13:52,682 [OM StateMachine ApplyTransaction Thread - 0] INFO  bucket.OMBucketCreateRequest (OMBucketCreateRequest.java:validateAndUpdateCache(258)) - created bucket: bucket11714 of layout LEGACY in volume: volume06712
03:13:52.684 [IPC Server handler 17 on default port 46813] ERROR OMAudit - user=runner | ip=127.0.0.1 | op=READ_BUCKET {volume=volume-89656, bucket=bucket2} | ret=FAILURE
org.apache.hadoop.ozone.om.exceptions.OMException: Volume not found when getting bucket info
	at org.apache.hadoop.ozone.om.BucketManagerImpl.getBucketInfo(BucketManagerImpl.java:127) ~[ozone-manager-1.3.0-SNAPSHOT.jar:?]
	at org.apache.hadoop.ozone.om.OzoneManager.getBucketInfo(OzoneManager.java:2686) ~[ozone-manager-1.3.0-SNAPSHOT.jar:?]
	at org.apache.hadoop.ozone.protocolPB.OzoneManagerRequestHandler.infoBucket(OzoneManagerRequestHandler.java:382) ~[ozone-manager-1.3.0-SNAPSHOT.jar:?]
	at org.apache.hadoop.ozone.protocolPB.OzoneManagerRequestHandler.handleReadRequest(OzoneManagerRequestHandler.java:156) ~[ozone-manager-1.3.0-SNAPSHOT.jar:?]
	at org.apache.hadoop.ozone.protocolPB.OzoneManagerProtocolServerSideTranslatorPB.submitReadRequestToOM(OzoneManagerProtocolServerSideTranslatorPB.java:213) ~[ozone-manager-1.3.0-SNAPSHOT.jar:?]
	at org.apache.hadoop.ozone.protocolPB.OzoneManagerProtocolServerSideTranslatorPB.processRequest(OzoneManagerProtocolServerSideTranslatorPB.java:174) ~[ozone-manager-1.3.0-SNAPSHOT.jar:?]
	at org.apache.hadoop.hdds.server.OzoneProtocolMessageDispatcher.processRequest(OzoneProtocolMessageDispatcher.java:87) [hdds-server-framework-1.3.0-SNAPSHOT.jar:?]
	at org.apache.hadoop.ozone.protocolPB.OzoneManagerProtocolServerSideTranslatorPB.submitRequest(OzoneManagerProtocolServerSideTranslatorPB.java:146) [ozone-manager-1.3.0-SNAPSHOT.jar:?]
	at org.apache.hadoop.ozone.protocol.proto.OzoneManagerProtocolProtos$OzoneManagerService$2.callBlockingMethod(OzoneManagerProtocolProtos.java) [ozone-interface-client-1.3.0-SNAPSHOT.jar:?]
	at org.apache.hadoop.ipc.ProtobufRpcEngine$Server.processCall(ProtobufRpcEngine.java:466) [hadoop-common-3.3.1.jar:?]
	at org.apache.hadoop.ipc.ProtobufRpcEngine2$Server$ProtoBufRpcInvoker.call(ProtobufRpcEngine2.java:574) [hadoop-common-3.3.1.jar:?]
	at org.apache.hadoop.ipc.ProtobufRpcEngine2$Server$ProtoBufRpcInvoker.call(ProtobufRpcEngine2.java:552) [hadoop-common-3.3.1.jar:?]
	at org.apache.hadoop.ipc.RPC$Server.call(RPC.java:1093) [hadoop-common-3.3.1.jar:?]
	at org.apache.hadoop.ipc.Server$RpcCall.run(Server.java:1035) [hadoop-common-3.3.1.jar:?]
	at org.apache.hadoop.ipc.Server$RpcCall.run(Server.java:963) [hadoop-common-3.3.1.jar:?]
	at java.security.AccessController.doPrivileged(Native Method) ~[?:1.8.0_322]
	at javax.security.auth.Subject.doAs(Subject.java:422) [?:1.8.0_322]
	at org.apache.hadoop.security.UserGroupInformation.doAs(UserGroupInformation.java:1878) [hadoop-common-3.3.1.jar:?]
	at org.apache.hadoop.ipc.Server$Handler.run(Server.java:2966) [hadoop-common-3.3.1.jar:?]
2022-05-04 03:13:52,685 [Time-limited test] INFO  rpc.RpcClient (RpcClient.java:createVolume(448)) - Creating Volume: volume-89656, with runner as owner and space quota set to -1 bytes, counts quota set to -1
2022-05-04 03:13:52,690 [OM StateMachine ApplyTransaction Thread - 0] INFO  volume.OMVolumeCreateRequest (OMVolumeCreateRequest.java:validateAndUpdateCache(195)) - created volume:volume-89656 for user:runner
2022-05-04 03:13:52,692 [Time-limited test] INFO  rpc.RpcClient (RpcClient.java:createBucket(637)) - Creating Bucket: volume-89656/bucket2, with runner as owner and Versioning false and Storage Type set to DISK and Encryption set to false 
2022-05-04 03:13:52,694 [OM StateMachine ApplyTransaction Thread - 0] INFO  bucket.OMBucketCreateRequest (OMBucketCreateRequest.java:validateAndUpdateCache(258)) - created bucket: bucket2 of layout LEGACY in volume: volume-89656
03:13:52.698 [OM StateMachine ApplyTransaction Thread - 0] ERROR OMAudit - user=runner | ip=127.0.0.1 | op=DELETE_VOLUME {volume=volume-89656} | ret=FAILURE
org.apache.hadoop.ozone.om.exceptions.OMException: null
	at org.apache.hadoop.ozone.om.request.volume.OMVolumeDeleteRequest.validateAndUpdateCache(OMVolumeDeleteRequest.java:112) ~[ozone-manager-1.3.0-SNAPSHOT.jar:?]
	at org.apache.hadoop.ozone.protocolPB.OzoneManagerRequestHandler.handleWriteRequest(OzoneManagerRequestHandler.java:254) ~[ozone-manager-1.3.0-SNAPSHOT.jar:?]
	at org.apache.hadoop.ozone.om.ratis.OzoneManagerStateMachine.runCommand(OzoneManagerStateMachine.java:524) ~[ozone-manager-1.3.0-SNAPSHOT.jar:?]
	at org.apache.hadoop.ozone.om.ratis.OzoneManagerStateMachine.lambda$1(OzoneManagerStateMachine.java:319) ~[ozone-manager-1.3.0-SNAPSHOT.jar:?]
	at java.util.concurrent.CompletableFuture$AsyncSupply.run(CompletableFuture.java:1604) [?:1.8.0_322]
	at java.util.concurrent.ThreadPoolExecutor.runWorker(ThreadPoolExecutor.java:1149) [?:1.8.0_322]
	at java.util.concurrent.ThreadPoolExecutor$Worker.run(ThreadPoolExecutor.java:624) [?:1.8.0_322]
	at java.lang.Thread.run(Thread.java:750) [?:1.8.0_322]
2022-05-04 03:13:52,698 [OM StateMachine ApplyTransaction Thread - 0] ERROR volume.OMVolumeDeleteRequest (OMVolumeDeleteRequest.java:validateAndUpdateCache(160)) - Volume deletion failed for user:runner volume:volume-89656
VOLUME_NOT_EMPTY org.apache.hadoop.ozone.om.exceptions.OMException
	at org.apache.hadoop.ozone.om.request.volume.OMVolumeDeleteRequest.validateAndUpdateCache(OMVolumeDeleteRequest.java:112)
	at org.apache.hadoop.ozone.protocolPB.OzoneManagerRequestHandler.handleWriteRequest(OzoneManagerRequestHandler.java:254)
	at org.apache.hadoop.ozone.om.ratis.OzoneManagerStateMachine.runCommand(OzoneManagerStateMachine.java:524)
	at org.apache.hadoop.ozone.om.ratis.OzoneManagerStateMachine.lambda$1(OzoneManagerStateMachine.java:319)
	at java.util.concurrent.CompletableFuture$AsyncSupply.run(CompletableFuture.java:1604)
	at java.util.concurrent.ThreadPoolExecutor.runWorker(ThreadPoolExecutor.java:1149)
	at java.util.concurrent.ThreadPoolExecutor$Worker.run(ThreadPoolExecutor.java:624)
	at java.lang.Thread.run(Thread.java:750)
03:13:52.713 [IPC Server handler 1 on default port 46813] ERROR OMAudit - user=runner | ip=127.0.0.1 | op=READ_VOLUME {volume=volume-89656} | ret=FAILURE
org.apache.hadoop.ozone.om.exceptions.OMException: Volume volume-89656 is not found
	at org.apache.hadoop.ozone.om.VolumeManagerImpl.getVolumeInfo(VolumeManagerImpl.java:74) ~[ozone-manager-1.3.0-SNAPSHOT.jar:?]
	at org.apache.hadoop.ozone.om.OzoneManager.getVolumeInfo(OzoneManager.java:2510) ~[ozone-manager-1.3.0-SNAPSHOT.jar:?]
	at org.apache.hadoop.ozone.protocolPB.OzoneManagerRequestHandler.infoVolume(OzoneManagerRequestHandler.java:351) ~[ozone-manager-1.3.0-SNAPSHOT.jar:?]
	at org.apache.hadoop.ozone.protocolPB.OzoneManagerRequestHandler.handleReadRequest(OzoneManagerRequestHandler.java:146) ~[ozone-manager-1.3.0-SNAPSHOT.jar:?]
	at org.apache.hadoop.ozone.protocolPB.OzoneManagerProtocolServerSideTranslatorPB.submitReadRequestToOM(OzoneManagerProtocolServerSideTranslatorPB.java:213) ~[ozone-manager-1.3.0-SNAPSHOT.jar:?]
	at org.apache.hadoop.ozone.protocolPB.OzoneManagerProtocolServerSideTranslatorPB.processRequest(OzoneManagerProtocolServerSideTranslatorPB.java:174) ~[ozone-manager-1.3.0-SNAPSHOT.jar:?]
	at org.apache.hadoop.hdds.server.OzoneProtocolMessageDispatcher.processRequest(OzoneProtocolMessageDispatcher.java:87) [hdds-server-framework-1.3.0-SNAPSHOT.jar:?]
	at org.apache.hadoop.ozone.protocolPB.OzoneManagerProtocolServerSideTranslatorPB.submitRequest(OzoneManagerProtocolServerSideTranslatorPB.java:146) [ozone-manager-1.3.0-SNAPSHOT.jar:?]
	at org.apache.hadoop.ozone.protocol.proto.OzoneManagerProtocolProtos$OzoneManagerService$2.callBlockingMethod(OzoneManagerProtocolProtos.java) [ozone-interface-client-1.3.0-SNAPSHOT.jar:?]
	at org.apache.hadoop.ipc.ProtobufRpcEngine$Server.processCall(ProtobufRpcEngine.java:466) [hadoop-common-3.3.1.jar:?]
	at org.apache.hadoop.ipc.ProtobufRpcEngine2$Server$ProtoBufRpcInvoker.call(ProtobufRpcEngine2.java:574) [hadoop-common-3.3.1.jar:?]
	at org.apache.hadoop.ipc.ProtobufRpcEngine2$Server$ProtoBufRpcInvoker.call(ProtobufRpcEngine2.java:552) [hadoop-common-3.3.1.jar:?]
	at org.apache.hadoop.ipc.RPC$Server.call(RPC.java:1093) [hadoop-common-3.3.1.jar:?]
	at org.apache.hadoop.ipc.Server$RpcCall.run(Server.java:1035) [hadoop-common-3.3.1.jar:?]
	at org.apache.hadoop.ipc.Server$RpcCall.run(Server.java:963) [hadoop-common-3.3.1.jar:?]
	at java.security.AccessController.doPrivileged(Native Method) ~[?:1.8.0_322]
	at javax.security.auth.Subject.doAs(Subject.java:422) [?:1.8.0_322]
	at org.apache.hadoop.security.UserGroupInformation.doAs(UserGroupInformation.java:1878) [hadoop-common-3.3.1.jar:?]
	at org.apache.hadoop.ipc.Server$Handler.run(Server.java:2966) [hadoop-common-3.3.1.jar:?]
]]></system-out>
  </testcase>
  <testcase name="testDeleteVolumeAndBucket" classname="TestRootedOzoneFileSystem" time="0.153">
    <system-out><![CDATA[2022-05-04 03:15:07,627 [Time-limited test] INFO  rpc.RpcClient (RpcClient.java:createVolume(448)) - Creating Volume: volume46038, with user94299 as owner and space quota set to -1 bytes, counts quota set to -1
2022-05-04 03:15:07,627 [IPC Server handler 14 on default port 33297] INFO  volume.OMVolumeCreateRequest (OMVolumeCreateRequest.java:validateAndUpdateCache(195)) - created volume:volume46038 for user:user94299
2022-05-04 03:15:07,628 [Time-limited test] INFO  rpc.RpcClient (RpcClient.java:createBucket(637)) - Creating Bucket: volume46038/bucket56555, with runner as owner and Versioning false and Storage Type set to DISK and Encryption set to false 
2022-05-04 03:15:07,629 [IPC Server handler 17 on default port 33297] INFO  bucket.OMBucketCreateRequest (OMBucketCreateRequest.java:validateAndUpdateCache(258)) - created bucket: bucket56555 of layout LEGACY in volume: volume46038
03:15:07.657 [IPC Server handler 5 on default port 33297] ERROR OMAudit - user=runner | ip=127.0.0.1 | op=READ_BUCKET {volume=volume-72451, bucket=bucket2} | ret=FAILURE
org.apache.hadoop.ozone.om.exceptions.OMException: Volume not found when getting bucket info
	at org.apache.hadoop.ozone.om.BucketManagerImpl.getBucketInfo(BucketManagerImpl.java:127) ~[ozone-manager-1.3.0-SNAPSHOT.jar:?]
	at org.apache.hadoop.ozone.om.OzoneManager.getBucketInfo(OzoneManager.java:2686) ~[ozone-manager-1.3.0-SNAPSHOT.jar:?]
	at org.apache.hadoop.ozone.protocolPB.OzoneManagerRequestHandler.infoBucket(OzoneManagerRequestHandler.java:382) ~[ozone-manager-1.3.0-SNAPSHOT.jar:?]
	at org.apache.hadoop.ozone.protocolPB.OzoneManagerRequestHandler.handleReadRequest(OzoneManagerRequestHandler.java:156) ~[ozone-manager-1.3.0-SNAPSHOT.jar:?]
	at org.apache.hadoop.ozone.protocolPB.OzoneManagerProtocolServerSideTranslatorPB.submitRequestDirectlyToOM(OzoneManagerProtocolServerSideTranslatorPB.java:271) ~[ozone-manager-1.3.0-SNAPSHOT.jar:?]
	at org.apache.hadoop.ozone.protocolPB.OzoneManagerProtocolServerSideTranslatorPB.processRequest(OzoneManagerProtocolServerSideTranslatorPB.java:195) ~[ozone-manager-1.3.0-SNAPSHOT.jar:?]
	at org.apache.hadoop.hdds.server.OzoneProtocolMessageDispatcher.processRequest(OzoneProtocolMessageDispatcher.java:87) [hdds-server-framework-1.3.0-SNAPSHOT.jar:?]
	at org.apache.hadoop.ozone.protocolPB.OzoneManagerProtocolServerSideTranslatorPB.submitRequest(OzoneManagerProtocolServerSideTranslatorPB.java:146) [ozone-manager-1.3.0-SNAPSHOT.jar:?]
	at org.apache.hadoop.ozone.protocol.proto.OzoneManagerProtocolProtos$OzoneManagerService$2.callBlockingMethod(OzoneManagerProtocolProtos.java) [ozone-interface-client-1.3.0-SNAPSHOT.jar:?]
	at org.apache.hadoop.ipc.ProtobufRpcEngine$Server.processCall(ProtobufRpcEngine.java:466) [hadoop-common-3.3.1.jar:?]
	at org.apache.hadoop.ipc.ProtobufRpcEngine2$Server$ProtoBufRpcInvoker.call(ProtobufRpcEngine2.java:574) [hadoop-common-3.3.1.jar:?]
	at org.apache.hadoop.ipc.ProtobufRpcEngine2$Server$ProtoBufRpcInvoker.call(ProtobufRpcEngine2.java:552) [hadoop-common-3.3.1.jar:?]
	at org.apache.hadoop.ipc.RPC$Server.call(RPC.java:1093) [hadoop-common-3.3.1.jar:?]
	at org.apache.hadoop.ipc.Server$RpcCall.run(Server.java:1035) [hadoop-common-3.3.1.jar:?]
	at org.apache.hadoop.ipc.Server$RpcCall.run(Server.java:963) [hadoop-common-3.3.1.jar:?]
	at java.security.AccessController.doPrivileged(Native Method) ~[?:1.8.0_322]
	at javax.security.auth.Subject.doAs(Subject.java:422) [?:1.8.0_322]
	at org.apache.hadoop.security.UserGroupInformation.doAs(UserGroupInformation.java:1878) [hadoop-common-3.3.1.jar:?]
	at org.apache.hadoop.ipc.Server$Handler.run(Server.java:2966) [hadoop-common-3.3.1.jar:?]
2022-05-04 03:15:07,658 [Time-limited test] INFO  rpc.RpcClient (RpcClient.java:createVolume(448)) - Creating Volume: volume-72451, with runner as owner and space quota set to -1 bytes, counts quota set to -1
2022-05-04 03:15:07,659 [IPC Server handler 0 on default port 33297] INFO  volume.OMVolumeCreateRequest (OMVolumeCreateRequest.java:validateAndUpdateCache(195)) - created volume:volume-72451 for user:runner
2022-05-04 03:15:07,661 [Time-limited test] INFO  rpc.RpcClient (RpcClient.java:createBucket(637)) - Creating Bucket: volume-72451/bucket2, with runner as owner and Versioning false and Storage Type set to DISK and Encryption set to false 
2022-05-04 03:15:07,661 [IPC Server handler 8 on default port 33297] INFO  bucket.OMBucketCreateRequest (OMBucketCreateRequest.java:validateAndUpdateCache(258)) - created bucket: bucket2 of layout LEGACY in volume: volume-72451
03:15:07.665 [IPC Server handler 2 on default port 33297] ERROR OMAudit - user=runner | ip=127.0.0.1 | op=DELETE_VOLUME {volume=volume-72451} | ret=FAILURE
org.apache.hadoop.ozone.om.exceptions.OMException: null
	at org.apache.hadoop.ozone.om.request.volume.OMVolumeDeleteRequest.validateAndUpdateCache(OMVolumeDeleteRequest.java:112) ~[ozone-manager-1.3.0-SNAPSHOT.jar:?]
	at org.apache.hadoop.ozone.protocolPB.OzoneManagerRequestHandler.handleWriteRequest(OzoneManagerRequestHandler.java:254) ~[ozone-manager-1.3.0-SNAPSHOT.jar:?]
	at org.apache.hadoop.ozone.protocolPB.OzoneManagerProtocolServerSideTranslatorPB.submitRequestDirectlyToOM(OzoneManagerProtocolServerSideTranslatorPB.java:280) ~[ozone-manager-1.3.0-SNAPSHOT.jar:?]
	at org.apache.hadoop.ozone.protocolPB.OzoneManagerProtocolServerSideTranslatorPB.processRequest(OzoneManagerProtocolServerSideTranslatorPB.java:195) ~[ozone-manager-1.3.0-SNAPSHOT.jar:?]
	at org.apache.hadoop.hdds.server.OzoneProtocolMessageDispatcher.processRequest(OzoneProtocolMessageDispatcher.java:87) [hdds-server-framework-1.3.0-SNAPSHOT.jar:?]
	at org.apache.hadoop.ozone.protocolPB.OzoneManagerProtocolServerSideTranslatorPB.submitRequest(OzoneManagerProtocolServerSideTranslatorPB.java:146) [ozone-manager-1.3.0-SNAPSHOT.jar:?]
	at org.apache.hadoop.ozone.protocol.proto.OzoneManagerProtocolProtos$OzoneManagerService$2.callBlockingMethod(OzoneManagerProtocolProtos.java) [ozone-interface-client-1.3.0-SNAPSHOT.jar:?]
	at org.apache.hadoop.ipc.ProtobufRpcEngine$Server.processCall(ProtobufRpcEngine.java:466) [hadoop-common-3.3.1.jar:?]
	at org.apache.hadoop.ipc.ProtobufRpcEngine2$Server$ProtoBufRpcInvoker.call(ProtobufRpcEngine2.java:574) [hadoop-common-3.3.1.jar:?]
	at org.apache.hadoop.ipc.ProtobufRpcEngine2$Server$ProtoBufRpcInvoker.call(ProtobufRpcEngine2.java:552) [hadoop-common-3.3.1.jar:?]
	at org.apache.hadoop.ipc.RPC$Server.call(RPC.java:1093) [hadoop-common-3.3.1.jar:?]
	at org.apache.hadoop.ipc.Server$RpcCall.run(Server.java:1035) [hadoop-common-3.3.1.jar:?]
	at org.apache.hadoop.ipc.Server$RpcCall.run(Server.java:963) [hadoop-common-3.3.1.jar:?]
	at java.security.AccessController.doPrivileged(Native Method) ~[?:1.8.0_322]
	at javax.security.auth.Subject.doAs(Subject.java:422) [?:1.8.0_322]
	at org.apache.hadoop.security.UserGroupInformation.doAs(UserGroupInformation.java:1878) [hadoop-common-3.3.1.jar:?]
	at org.apache.hadoop.ipc.Server$Handler.run(Server.java:2966) [hadoop-common-3.3.1.jar:?]
2022-05-04 03:15:07,665 [IPC Server handler 2 on default port 33297] ERROR volume.OMVolumeDeleteRequest (OMVolumeDeleteRequest.java:validateAndUpdateCache(160)) - Volume deletion failed for user:runner volume:volume-72451
VOLUME_NOT_EMPTY org.apache.hadoop.ozone.om.exceptions.OMException
	at org.apache.hadoop.ozone.om.request.volume.OMVolumeDeleteRequest.validateAndUpdateCache(OMVolumeDeleteRequest.java:112)
	at org.apache.hadoop.ozone.protocolPB.OzoneManagerRequestHandler.handleWriteRequest(OzoneManagerRequestHandler.java:254)
	at org.apache.hadoop.ozone.protocolPB.OzoneManagerProtocolServerSideTranslatorPB.submitRequestDirectlyToOM(OzoneManagerProtocolServerSideTranslatorPB.java:280)
	at org.apache.hadoop.ozone.protocolPB.OzoneManagerProtocolServerSideTranslatorPB.processRequest(OzoneManagerProtocolServerSideTranslatorPB.java:195)
	at org.apache.hadoop.hdds.server.OzoneProtocolMessageDispatcher.processRequest(OzoneProtocolMessageDispatcher.java:87)
	at org.apache.hadoop.ozone.protocolPB.OzoneManagerProtocolServerSideTranslatorPB.submitRequest(OzoneManagerProtocolServerSideTranslatorPB.java:146)
	at org.apache.hadoop.ozone.protocol.proto.OzoneManagerProtocolProtos$OzoneManagerService$2.callBlockingMethod(OzoneManagerProtocolProtos.java)
	at org.apache.hadoop.ipc.ProtobufRpcEngine$Server.processCall(ProtobufRpcEngine.java:466)
	at org.apache.hadoop.ipc.ProtobufRpcEngine2$Server$ProtoBufRpcInvoker.call(ProtobufRpcEngine2.java:574)
	at org.apache.hadoop.ipc.ProtobufRpcEngine2$Server$ProtoBufRpcInvoker.call(ProtobufRpcEngine2.java:552)
	at org.apache.hadoop.ipc.RPC$Server.call(RPC.java:1093)
	at org.apache.hadoop.ipc.Server$RpcCall.run(Server.java:1035)
	at org.apache.hadoop.ipc.Server$RpcCall.run(Server.java:963)
	at java.security.AccessController.doPrivileged(Native Method)
	at javax.security.auth.Subject.doAs(Subject.java:422)
	at org.apache.hadoop.security.UserGroupInformation.doAs(UserGroupInformation.java:1878)
	at org.apache.hadoop.ipc.Server$Handler.run(Server.java:2966)
03:15:07.677 [IPC Server handler 1 on default port 33297] ERROR OMAudit - user=runner | ip=127.0.0.1 | op=READ_VOLUME {volume=volume-72451} | ret=FAILURE
org.apache.hadoop.ozone.om.exceptions.OMException: Volume volume-72451 is not found
	at org.apache.hadoop.ozone.om.VolumeManagerImpl.getVolumeInfo(VolumeManagerImpl.java:74) ~[ozone-manager-1.3.0-SNAPSHOT.jar:?]
	at org.apache.hadoop.ozone.om.OzoneManager.getVolumeInfo(OzoneManager.java:2510) ~[ozone-manager-1.3.0-SNAPSHOT.jar:?]
	at org.apache.hadoop.ozone.protocolPB.OzoneManagerRequestHandler.infoVolume(OzoneManagerRequestHandler.java:351) ~[ozone-manager-1.3.0-SNAPSHOT.jar:?]
	at org.apache.hadoop.ozone.protocolPB.OzoneManagerRequestHandler.handleReadRequest(OzoneManagerRequestHandler.java:146) ~[ozone-manager-1.3.0-SNAPSHOT.jar:?]
	at org.apache.hadoop.ozone.protocolPB.OzoneManagerProtocolServerSideTranslatorPB.submitRequestDirectlyToOM(OzoneManagerProtocolServerSideTranslatorPB.java:271) ~[ozone-manager-1.3.0-SNAPSHOT.jar:?]
	at org.apache.hadoop.ozone.protocolPB.OzoneManagerProtocolServerSideTranslatorPB.processRequest(OzoneManagerProtocolServerSideTranslatorPB.java:195) ~[ozone-manager-1.3.0-SNAPSHOT.jar:?]
	at org.apache.hadoop.hdds.server.OzoneProtocolMessageDispatcher.processRequest(OzoneProtocolMessageDispatcher.java:87) [hdds-server-framework-1.3.0-SNAPSHOT.jar:?]
	at org.apache.hadoop.ozone.protocolPB.OzoneManagerProtocolServerSideTranslatorPB.submitRequest(OzoneManagerProtocolServerSideTranslatorPB.java:146) [ozone-manager-1.3.0-SNAPSHOT.jar:?]
	at org.apache.hadoop.ozone.protocol.proto.OzoneManagerProtocolProtos$OzoneManagerService$2.callBlockingMethod(OzoneManagerProtocolProtos.java) [ozone-interface-client-1.3.0-SNAPSHOT.jar:?]
	at org.apache.hadoop.ipc.ProtobufRpcEngine$Server.processCall(ProtobufRpcEngine.java:466) [hadoop-common-3.3.1.jar:?]
	at org.apache.hadoop.ipc.ProtobufRpcEngine2$Server$ProtoBufRpcInvoker.call(ProtobufRpcEngine2.java:574) [hadoop-common-3.3.1.jar:?]
	at org.apache.hadoop.ipc.ProtobufRpcEngine2$Server$ProtoBufRpcInvoker.call(ProtobufRpcEngine2.java:552) [hadoop-common-3.3.1.jar:?]
	at org.apache.hadoop.ipc.RPC$Server.call(RPC.java:1093) [hadoop-common-3.3.1.jar:?]
	at org.apache.hadoop.ipc.Server$RpcCall.run(Server.java:1035) [hadoop-common-3.3.1.jar:?]
	at org.apache.hadoop.ipc.Server$RpcCall.run(Server.java:963) [hadoop-common-3.3.1.jar:?]
	at java.security.AccessController.doPrivileged(Native Method) ~[?:1.8.0_322]
	at javax.security.auth.Subject.doAs(Subject.java:422) [?:1.8.0_322]
	at org.apache.hadoop.security.UserGroupInformation.doAs(UserGroupInformation.java:1878) [hadoop-common-3.3.1.jar:?]
	at org.apache.hadoop.ipc.Server$Handler.run(Server.java:2966) [hadoop-common-3.3.1.jar:?]
]]></system-out>
  </testcase>
  <testcase name="testDeleteVolumeAndBucket" classname="TestRootedOzoneFileSystem" time="0.155">
    <system-out><![CDATA[2022-05-04 03:16:26,279 [Time-limited test] INFO  rpc.RpcClient (RpcClient.java:createVolume(448)) - Creating Volume: volume91991, with user58458 as owner and space quota set to -1 bytes, counts quota set to -1
2022-05-04 03:16:26,291 [OM StateMachine ApplyTransaction Thread - 0] INFO  volume.OMVolumeCreateRequest (OMVolumeCreateRequest.java:validateAndUpdateCache(195)) - created volume:volume91991 for user:user58458
2022-05-04 03:16:26,292 [Time-limited test] INFO  rpc.RpcClient (RpcClient.java:createBucket(637)) - Creating Bucket: volume91991/bucket82264, with runner as owner and Versioning false and Storage Type set to DISK and Encryption set to false 
2022-05-04 03:16:26,294 [OM StateMachine ApplyTransaction Thread - 0] INFO  bucket.OMBucketCreateRequest (OMBucketCreateRequest.java:validateAndUpdateCache(258)) - created bucket: bucket82264 of layout LEGACY in volume: volume91991
03:16:26.296 [IPC Server handler 18 on default port 37999] ERROR OMAudit - user=runner | ip=127.0.0.1 | op=READ_BUCKET {volume=volume-96972, bucket=bucket2} | ret=FAILURE
org.apache.hadoop.ozone.om.exceptions.OMException: Volume not found when getting bucket info
	at org.apache.hadoop.ozone.om.BucketManagerImpl.getBucketInfo(BucketManagerImpl.java:127) ~[ozone-manager-1.3.0-SNAPSHOT.jar:?]
	at org.apache.hadoop.ozone.om.OzoneManager.getBucketInfo(OzoneManager.java:2686) ~[ozone-manager-1.3.0-SNAPSHOT.jar:?]
	at org.apache.hadoop.ozone.protocolPB.OzoneManagerRequestHandler.infoBucket(OzoneManagerRequestHandler.java:382) ~[ozone-manager-1.3.0-SNAPSHOT.jar:?]
	at org.apache.hadoop.ozone.protocolPB.OzoneManagerRequestHandler.handleReadRequest(OzoneManagerRequestHandler.java:156) ~[ozone-manager-1.3.0-SNAPSHOT.jar:?]
	at org.apache.hadoop.ozone.protocolPB.OzoneManagerProtocolServerSideTranslatorPB.submitReadRequestToOM(OzoneManagerProtocolServerSideTranslatorPB.java:213) ~[ozone-manager-1.3.0-SNAPSHOT.jar:?]
	at org.apache.hadoop.ozone.protocolPB.OzoneManagerProtocolServerSideTranslatorPB.processRequest(OzoneManagerProtocolServerSideTranslatorPB.java:174) ~[ozone-manager-1.3.0-SNAPSHOT.jar:?]
	at org.apache.hadoop.hdds.server.OzoneProtocolMessageDispatcher.processRequest(OzoneProtocolMessageDispatcher.java:87) [hdds-server-framework-1.3.0-SNAPSHOT.jar:?]
	at org.apache.hadoop.ozone.protocolPB.OzoneManagerProtocolServerSideTranslatorPB.submitRequest(OzoneManagerProtocolServerSideTranslatorPB.java:146) [ozone-manager-1.3.0-SNAPSHOT.jar:?]
	at org.apache.hadoop.ozone.protocol.proto.OzoneManagerProtocolProtos$OzoneManagerService$2.callBlockingMethod(OzoneManagerProtocolProtos.java) [ozone-interface-client-1.3.0-SNAPSHOT.jar:?]
	at org.apache.hadoop.ipc.ProtobufRpcEngine$Server.processCall(ProtobufRpcEngine.java:466) [hadoop-common-3.3.1.jar:?]
	at org.apache.hadoop.ipc.ProtobufRpcEngine2$Server$ProtoBufRpcInvoker.call(ProtobufRpcEngine2.java:574) [hadoop-common-3.3.1.jar:?]
	at org.apache.hadoop.ipc.ProtobufRpcEngine2$Server$ProtoBufRpcInvoker.call(ProtobufRpcEngine2.java:552) [hadoop-common-3.3.1.jar:?]
	at org.apache.hadoop.ipc.RPC$Server.call(RPC.java:1093) [hadoop-common-3.3.1.jar:?]
	at org.apache.hadoop.ipc.Server$RpcCall.run(Server.java:1035) [hadoop-common-3.3.1.jar:?]
	at org.apache.hadoop.ipc.Server$RpcCall.run(Server.java:963) [hadoop-common-3.3.1.jar:?]
	at java.security.AccessController.doPrivileged(Native Method) ~[?:1.8.0_322]
	at javax.security.auth.Subject.doAs(Subject.java:422) [?:1.8.0_322]
	at org.apache.hadoop.security.UserGroupInformation.doAs(UserGroupInformation.java:1878) [hadoop-common-3.3.1.jar:?]
	at org.apache.hadoop.ipc.Server$Handler.run(Server.java:2966) [hadoop-common-3.3.1.jar:?]
2022-05-04 03:16:26,296 [Time-limited test] INFO  rpc.RpcClient (RpcClient.java:createVolume(448)) - Creating Volume: volume-96972, with runner as owner and space quota set to -1 bytes, counts quota set to -1
2022-05-04 03:16:26,298 [OM StateMachine ApplyTransaction Thread - 0] INFO  volume.OMVolumeCreateRequest (OMVolumeCreateRequest.java:validateAndUpdateCache(195)) - created volume:volume-96972 for user:runner
2022-05-04 03:16:26,304 [Time-limited test] INFO  rpc.RpcClient (RpcClient.java:createBucket(637)) - Creating Bucket: volume-96972/bucket2, with runner as owner and Versioning false and Storage Type set to DISK and Encryption set to false 
2022-05-04 03:16:26,305 [OM StateMachine ApplyTransaction Thread - 0] INFO  bucket.OMBucketCreateRequest (OMBucketCreateRequest.java:validateAndUpdateCache(258)) - created bucket: bucket2 of layout LEGACY in volume: volume-96972
03:16:26.309 [OM StateMachine ApplyTransaction Thread - 0] ERROR OMAudit - user=runner | ip=127.0.0.1 | op=DELETE_VOLUME {volume=volume-96972} | ret=FAILURE
org.apache.hadoop.ozone.om.exceptions.OMException: null
	at org.apache.hadoop.ozone.om.request.volume.OMVolumeDeleteRequest.validateAndUpdateCache(OMVolumeDeleteRequest.java:112) ~[ozone-manager-1.3.0-SNAPSHOT.jar:?]
	at org.apache.hadoop.ozone.protocolPB.OzoneManagerRequestHandler.handleWriteRequest(OzoneManagerRequestHandler.java:254) ~[ozone-manager-1.3.0-SNAPSHOT.jar:?]
	at org.apache.hadoop.ozone.om.ratis.OzoneManagerStateMachine.runCommand(OzoneManagerStateMachine.java:524) ~[ozone-manager-1.3.0-SNAPSHOT.jar:?]
	at org.apache.hadoop.ozone.om.ratis.OzoneManagerStateMachine.lambda$1(OzoneManagerStateMachine.java:319) ~[ozone-manager-1.3.0-SNAPSHOT.jar:?]
	at java.util.concurrent.CompletableFuture$AsyncSupply.run(CompletableFuture.java:1604) [?:1.8.0_322]
	at java.util.concurrent.ThreadPoolExecutor.runWorker(ThreadPoolExecutor.java:1149) [?:1.8.0_322]
	at java.util.concurrent.ThreadPoolExecutor$Worker.run(ThreadPoolExecutor.java:624) [?:1.8.0_322]
	at java.lang.Thread.run(Thread.java:750) [?:1.8.0_322]
2022-05-04 03:16:26,309 [OM StateMachine ApplyTransaction Thread - 0] ERROR volume.OMVolumeDeleteRequest (OMVolumeDeleteRequest.java:validateAndUpdateCache(160)) - Volume deletion failed for user:runner volume:volume-96972
VOLUME_NOT_EMPTY org.apache.hadoop.ozone.om.exceptions.OMException
	at org.apache.hadoop.ozone.om.request.volume.OMVolumeDeleteRequest.validateAndUpdateCache(OMVolumeDeleteRequest.java:112)
	at org.apache.hadoop.ozone.protocolPB.OzoneManagerRequestHandler.handleWriteRequest(OzoneManagerRequestHandler.java:254)
	at org.apache.hadoop.ozone.om.ratis.OzoneManagerStateMachine.runCommand(OzoneManagerStateMachine.java:524)
	at org.apache.hadoop.ozone.om.ratis.OzoneManagerStateMachine.lambda$1(OzoneManagerStateMachine.java:319)
	at java.util.concurrent.CompletableFuture$AsyncSupply.run(CompletableFuture.java:1604)
	at java.util.concurrent.ThreadPoolExecutor.runWorker(ThreadPoolExecutor.java:1149)
	at java.util.concurrent.ThreadPoolExecutor$Worker.run(ThreadPoolExecutor.java:624)
	at java.lang.Thread.run(Thread.java:750)
03:16:26.325 [IPC Server handler 5 on default port 37999] ERROR OMAudit - user=runner | ip=127.0.0.1 | op=READ_VOLUME {volume=volume-96972} | ret=FAILURE
org.apache.hadoop.ozone.om.exceptions.OMException: Volume volume-96972 is not found
	at org.apache.hadoop.ozone.om.VolumeManagerImpl.getVolumeInfo(VolumeManagerImpl.java:74) ~[ozone-manager-1.3.0-SNAPSHOT.jar:?]
	at org.apache.hadoop.ozone.om.OzoneManager.getVolumeInfo(OzoneManager.java:2510) ~[ozone-manager-1.3.0-SNAPSHOT.jar:?]
	at org.apache.hadoop.ozone.protocolPB.OzoneManagerRequestHandler.infoVolume(OzoneManagerRequestHandler.java:351) ~[ozone-manager-1.3.0-SNAPSHOT.jar:?]
	at org.apache.hadoop.ozone.protocolPB.OzoneManagerRequestHandler.handleReadRequest(OzoneManagerRequestHandler.java:146) ~[ozone-manager-1.3.0-SNAPSHOT.jar:?]
	at org.apache.hadoop.ozone.protocolPB.OzoneManagerProtocolServerSideTranslatorPB.submitReadRequestToOM(OzoneManagerProtocolServerSideTranslatorPB.java:213) ~[ozone-manager-1.3.0-SNAPSHOT.jar:?]
	at org.apache.hadoop.ozone.protocolPB.OzoneManagerProtocolServerSideTranslatorPB.processRequest(OzoneManagerProtocolServerSideTranslatorPB.java:174) ~[ozone-manager-1.3.0-SNAPSHOT.jar:?]
	at org.apache.hadoop.hdds.server.OzoneProtocolMessageDispatcher.processRequest(OzoneProtocolMessageDispatcher.java:87) [hdds-server-framework-1.3.0-SNAPSHOT.jar:?]
	at org.apache.hadoop.ozone.protocolPB.OzoneManagerProtocolServerSideTranslatorPB.submitRequest(OzoneManagerProtocolServerSideTranslatorPB.java:146) [ozone-manager-1.3.0-SNAPSHOT.jar:?]
	at org.apache.hadoop.ozone.protocol.proto.OzoneManagerProtocolProtos$OzoneManagerService$2.callBlockingMethod(OzoneManagerProtocolProtos.java) [ozone-interface-client-1.3.0-SNAPSHOT.jar:?]
	at org.apache.hadoop.ipc.ProtobufRpcEngine$Server.processCall(ProtobufRpcEngine.java:466) [hadoop-common-3.3.1.jar:?]
	at org.apache.hadoop.ipc.ProtobufRpcEngine2$Server$ProtoBufRpcInvoker.call(ProtobufRpcEngine2.java:574) [hadoop-common-3.3.1.jar:?]
	at org.apache.hadoop.ipc.ProtobufRpcEngine2$Server$ProtoBufRpcInvoker.call(ProtobufRpcEngine2.java:552) [hadoop-common-3.3.1.jar:?]
	at org.apache.hadoop.ipc.RPC$Server.call(RPC.java:1093) [hadoop-common-3.3.1.jar:?]
	at org.apache.hadoop.ipc.Server$RpcCall.run(Server.java:1035) [hadoop-common-3.3.1.jar:?]
	at org.apache.hadoop.ipc.Server$RpcCall.run(Server.java:963) [hadoop-common-3.3.1.jar:?]
	at java.security.AccessController.doPrivileged(Native Method) ~[?:1.8.0_322]
	at javax.security.auth.Subject.doAs(Subject.java:422) [?:1.8.0_322]
	at org.apache.hadoop.security.UserGroupInformation.doAs(UserGroupInformation.java:1878) [hadoop-common-3.3.1.jar:?]
	at org.apache.hadoop.ipc.Server$Handler.run(Server.java:2966) [hadoop-common-3.3.1.jar:?]
]]></system-out>
  </testcase>
  <testcase name="testDeleteVolumeAndBucket" classname="TestRootedOzoneFileSystem" time="0.121">
    <system-out><![CDATA[2022-05-04 03:18:01,198 [Time-limited test] INFO  rpc.RpcClient (RpcClient.java:createVolume(448)) - Creating Volume: volume70894, with user65652 as owner and space quota set to -1 bytes, counts quota set to -1
2022-05-04 03:18:01,199 [IPC Server handler 19 on default port 33661] INFO  volume.OMVolumeCreateRequest (OMVolumeCreateRequest.java:validateAndUpdateCache(195)) - created volume:volume70894 for user:user65652
2022-05-04 03:18:01,203 [Time-limited test] INFO  rpc.RpcClient (RpcClient.java:createBucket(637)) - Creating Bucket: volume70894/bucket32262, with runner as owner and Versioning false and Storage Type set to DISK and Encryption set to false 
2022-05-04 03:18:01,204 [IPC Server handler 15 on default port 33661] INFO  bucket.OMBucketCreateRequest (OMBucketCreateRequest.java:validateAndUpdateCache(258)) - created bucket: bucket32262 of layout LEGACY in volume: volume70894
03:18:01.213 [IPC Server handler 4 on default port 33661] ERROR OMAudit - user=runner | ip=127.0.0.1 | op=READ_BUCKET {volume=volume-00794, bucket=bucket2} | ret=FAILURE
org.apache.hadoop.ozone.om.exceptions.OMException: Volume not found when getting bucket info
	at org.apache.hadoop.ozone.om.BucketManagerImpl.getBucketInfo(BucketManagerImpl.java:127) ~[ozone-manager-1.3.0-SNAPSHOT.jar:?]
	at org.apache.hadoop.ozone.om.OzoneManager.getBucketInfo(OzoneManager.java:2686) ~[ozone-manager-1.3.0-SNAPSHOT.jar:?]
	at org.apache.hadoop.ozone.protocolPB.OzoneManagerRequestHandler.infoBucket(OzoneManagerRequestHandler.java:382) ~[ozone-manager-1.3.0-SNAPSHOT.jar:?]
	at org.apache.hadoop.ozone.protocolPB.OzoneManagerRequestHandler.handleReadRequest(OzoneManagerRequestHandler.java:156) ~[ozone-manager-1.3.0-SNAPSHOT.jar:?]
	at org.apache.hadoop.ozone.protocolPB.OzoneManagerProtocolServerSideTranslatorPB.submitRequestDirectlyToOM(OzoneManagerProtocolServerSideTranslatorPB.java:271) ~[ozone-manager-1.3.0-SNAPSHOT.jar:?]
	at org.apache.hadoop.ozone.protocolPB.OzoneManagerProtocolServerSideTranslatorPB.processRequest(OzoneManagerProtocolServerSideTranslatorPB.java:195) ~[ozone-manager-1.3.0-SNAPSHOT.jar:?]
	at org.apache.hadoop.hdds.server.OzoneProtocolMessageDispatcher.processRequest(OzoneProtocolMessageDispatcher.java:87) [hdds-server-framework-1.3.0-SNAPSHOT.jar:?]
	at org.apache.hadoop.ozone.protocolPB.OzoneManagerProtocolServerSideTranslatorPB.submitRequest(OzoneManagerProtocolServerSideTranslatorPB.java:146) [ozone-manager-1.3.0-SNAPSHOT.jar:?]
	at org.apache.hadoop.ozone.protocol.proto.OzoneManagerProtocolProtos$OzoneManagerService$2.callBlockingMethod(OzoneManagerProtocolProtos.java) [ozone-interface-client-1.3.0-SNAPSHOT.jar:?]
	at org.apache.hadoop.ipc.ProtobufRpcEngine$Server.processCall(ProtobufRpcEngine.java:466) [hadoop-common-3.3.1.jar:?]
	at org.apache.hadoop.ipc.ProtobufRpcEngine2$Server$ProtoBufRpcInvoker.call(ProtobufRpcEngine2.java:574) [hadoop-common-3.3.1.jar:?]
	at org.apache.hadoop.ipc.ProtobufRpcEngine2$Server$ProtoBufRpcInvoker.call(ProtobufRpcEngine2.java:552) [hadoop-common-3.3.1.jar:?]
	at org.apache.hadoop.ipc.RPC$Server.call(RPC.java:1093) [hadoop-common-3.3.1.jar:?]
	at org.apache.hadoop.ipc.Server$RpcCall.run(Server.java:1035) [hadoop-common-3.3.1.jar:?]
	at org.apache.hadoop.ipc.Server$RpcCall.run(Server.java:963) [hadoop-common-3.3.1.jar:?]
	at java.security.AccessController.doPrivileged(Native Method) ~[?:1.8.0_322]
	at javax.security.auth.Subject.doAs(Subject.java:422) [?:1.8.0_322]
	at org.apache.hadoop.security.UserGroupInformation.doAs(UserGroupInformation.java:1878) [hadoop-common-3.3.1.jar:?]
	at org.apache.hadoop.ipc.Server$Handler.run(Server.java:2966) [hadoop-common-3.3.1.jar:?]
2022-05-04 03:18:01,214 [Time-limited test] INFO  rpc.RpcClient (RpcClient.java:createVolume(448)) - Creating Volume: volume-00794, with runner as owner and space quota set to -1 bytes, counts quota set to -1
2022-05-04 03:18:01,214 [IPC Server handler 5 on default port 33661] INFO  volume.OMVolumeCreateRequest (OMVolumeCreateRequest.java:validateAndUpdateCache(195)) - created volume:volume-00794 for user:runner
2022-05-04 03:18:01,215 [Time-limited test] INFO  rpc.RpcClient (RpcClient.java:createBucket(637)) - Creating Bucket: volume-00794/bucket2, with runner as owner and Versioning false and Storage Type set to DISK and Encryption set to false 
2022-05-04 03:18:01,215 [IPC Server handler 8 on default port 33661] INFO  bucket.OMBucketCreateRequest (OMBucketCreateRequest.java:validateAndUpdateCache(258)) - created bucket: bucket2 of layout LEGACY in volume: volume-00794
03:18:01.225 [IPC Server handler 13 on default port 33661] ERROR OMAudit - user=runner | ip=127.0.0.1 | op=DELETE_VOLUME {volume=volume-00794} | ret=FAILURE
org.apache.hadoop.ozone.om.exceptions.OMException: null
	at org.apache.hadoop.ozone.om.request.volume.OMVolumeDeleteRequest.validateAndUpdateCache(OMVolumeDeleteRequest.java:112) ~[ozone-manager-1.3.0-SNAPSHOT.jar:?]
	at org.apache.hadoop.ozone.protocolPB.OzoneManagerRequestHandler.handleWriteRequest(OzoneManagerRequestHandler.java:254) ~[ozone-manager-1.3.0-SNAPSHOT.jar:?]
	at org.apache.hadoop.ozone.protocolPB.OzoneManagerProtocolServerSideTranslatorPB.submitRequestDirectlyToOM(OzoneManagerProtocolServerSideTranslatorPB.java:280) ~[ozone-manager-1.3.0-SNAPSHOT.jar:?]
	at org.apache.hadoop.ozone.protocolPB.OzoneManagerProtocolServerSideTranslatorPB.processRequest(OzoneManagerProtocolServerSideTranslatorPB.java:195) ~[ozone-manager-1.3.0-SNAPSHOT.jar:?]
	at org.apache.hadoop.hdds.server.OzoneProtocolMessageDispatcher.processRequest(OzoneProtocolMessageDispatcher.java:87) [hdds-server-framework-1.3.0-SNAPSHOT.jar:?]
	at org.apache.hadoop.ozone.protocolPB.OzoneManagerProtocolServerSideTranslatorPB.submitRequest(OzoneManagerProtocolServerSideTranslatorPB.java:146) [ozone-manager-1.3.0-SNAPSHOT.jar:?]
	at org.apache.hadoop.ozone.protocol.proto.OzoneManagerProtocolProtos$OzoneManagerService$2.callBlockingMethod(OzoneManagerProtocolProtos.java) [ozone-interface-client-1.3.0-SNAPSHOT.jar:?]
	at org.apache.hadoop.ipc.ProtobufRpcEngine$Server.processCall(ProtobufRpcEngine.java:466) [hadoop-common-3.3.1.jar:?]
	at org.apache.hadoop.ipc.ProtobufRpcEngine2$Server$ProtoBufRpcInvoker.call(ProtobufRpcEngine2.java:574) [hadoop-common-3.3.1.jar:?]
	at org.apache.hadoop.ipc.ProtobufRpcEngine2$Server$ProtoBufRpcInvoker.call(ProtobufRpcEngine2.java:552) [hadoop-common-3.3.1.jar:?]
	at org.apache.hadoop.ipc.RPC$Server.call(RPC.java:1093) [hadoop-common-3.3.1.jar:?]
	at org.apache.hadoop.ipc.Server$RpcCall.run(Server.java:1035) [hadoop-common-3.3.1.jar:?]
	at org.apache.hadoop.ipc.Server$RpcCall.run(Server.java:963) [hadoop-common-3.3.1.jar:?]
	at java.security.AccessController.doPrivileged(Native Method) ~[?:1.8.0_322]
	at javax.security.auth.Subject.doAs(Subject.java:422) [?:1.8.0_322]
	at org.apache.hadoop.security.UserGroupInformation.doAs(UserGroupInformation.java:1878) [hadoop-common-3.3.1.jar:?]
	at org.apache.hadoop.ipc.Server$Handler.run(Server.java:2966) [hadoop-common-3.3.1.jar:?]
2022-05-04 03:18:01,226 [IPC Server handler 13 on default port 33661] ERROR volume.OMVolumeDeleteRequest (OMVolumeDeleteRequest.java:validateAndUpdateCache(160)) - Volume deletion failed for user:runner volume:volume-00794
VOLUME_NOT_EMPTY org.apache.hadoop.ozone.om.exceptions.OMException
	at org.apache.hadoop.ozone.om.request.volume.OMVolumeDeleteRequest.validateAndUpdateCache(OMVolumeDeleteRequest.java:112)
	at org.apache.hadoop.ozone.protocolPB.OzoneManagerRequestHandler.handleWriteRequest(OzoneManagerRequestHandler.java:254)
	at org.apache.hadoop.ozone.protocolPB.OzoneManagerProtocolServerSideTranslatorPB.submitRequestDirectlyToOM(OzoneManagerProtocolServerSideTranslatorPB.java:280)
	at org.apache.hadoop.ozone.protocolPB.OzoneManagerProtocolServerSideTranslatorPB.processRequest(OzoneManagerProtocolServerSideTranslatorPB.java:195)
	at org.apache.hadoop.hdds.server.OzoneProtocolMessageDispatcher.processRequest(OzoneProtocolMessageDispatcher.java:87)
	at org.apache.hadoop.ozone.protocolPB.OzoneManagerProtocolServerSideTranslatorPB.submitRequest(OzoneManagerProtocolServerSideTranslatorPB.java:146)
	at org.apache.hadoop.ozone.protocol.proto.OzoneManagerProtocolProtos$OzoneManagerService$2.callBlockingMethod(OzoneManagerProtocolProtos.java)
	at org.apache.hadoop.ipc.ProtobufRpcEngine$Server.processCall(ProtobufRpcEngine.java:466)
	at org.apache.hadoop.ipc.ProtobufRpcEngine2$Server$ProtoBufRpcInvoker.call(ProtobufRpcEngine2.java:574)
	at org.apache.hadoop.ipc.ProtobufRpcEngine2$Server$ProtoBufRpcInvoker.call(ProtobufRpcEngine2.java:552)
	at org.apache.hadoop.ipc.RPC$Server.call(RPC.java:1093)
	at org.apache.hadoop.ipc.Server$RpcCall.run(Server.java:1035)
	at org.apache.hadoop.ipc.Server$RpcCall.run(Server.java:963)
	at java.security.AccessController.doPrivileged(Native Method)
	at javax.security.auth.Subject.doAs(Subject.java:422)
	at org.apache.hadoop.security.UserGroupInformation.doAs(UserGroupInformation.java:1878)
	at org.apache.hadoop.ipc.Server$Handler.run(Server.java:2966)
03:18:01.238 [IPC Server handler 9 on default port 33661] ERROR OMAudit - user=runner | ip=127.0.0.1 | op=READ_VOLUME {volume=volume-00794} | ret=FAILURE
org.apache.hadoop.ozone.om.exceptions.OMException: Volume volume-00794 is not found
	at org.apache.hadoop.ozone.om.VolumeManagerImpl.getVolumeInfo(VolumeManagerImpl.java:74) ~[ozone-manager-1.3.0-SNAPSHOT.jar:?]
	at org.apache.hadoop.ozone.om.OzoneManager.getVolumeInfo(OzoneManager.java:2510) ~[ozone-manager-1.3.0-SNAPSHOT.jar:?]
	at org.apache.hadoop.ozone.protocolPB.OzoneManagerRequestHandler.infoVolume(OzoneManagerRequestHandler.java:351) ~[ozone-manager-1.3.0-SNAPSHOT.jar:?]
	at org.apache.hadoop.ozone.protocolPB.OzoneManagerRequestHandler.handleReadRequest(OzoneManagerRequestHandler.java:146) ~[ozone-manager-1.3.0-SNAPSHOT.jar:?]
	at org.apache.hadoop.ozone.protocolPB.OzoneManagerProtocolServerSideTranslatorPB.submitRequestDirectlyToOM(OzoneManagerProtocolServerSideTranslatorPB.java:271) ~[ozone-manager-1.3.0-SNAPSHOT.jar:?]
	at org.apache.hadoop.ozone.protocolPB.OzoneManagerProtocolServerSideTranslatorPB.processRequest(OzoneManagerProtocolServerSideTranslatorPB.java:195) ~[ozone-manager-1.3.0-SNAPSHOT.jar:?]
	at org.apache.hadoop.hdds.server.OzoneProtocolMessageDispatcher.processRequest(OzoneProtocolMessageDispatcher.java:87) [hdds-server-framework-1.3.0-SNAPSHOT.jar:?]
	at org.apache.hadoop.ozone.protocolPB.OzoneManagerProtocolServerSideTranslatorPB.submitRequest(OzoneManagerProtocolServerSideTranslatorPB.java:146) [ozone-manager-1.3.0-SNAPSHOT.jar:?]
	at org.apache.hadoop.ozone.protocol.proto.OzoneManagerProtocolProtos$OzoneManagerService$2.callBlockingMethod(OzoneManagerProtocolProtos.java) [ozone-interface-client-1.3.0-SNAPSHOT.jar:?]
	at org.apache.hadoop.ipc.ProtobufRpcEngine$Server.processCall(ProtobufRpcEngine.java:466) [hadoop-common-3.3.1.jar:?]
	at org.apache.hadoop.ipc.ProtobufRpcEngine2$Server$ProtoBufRpcInvoker.call(ProtobufRpcEngine2.java:574) [hadoop-common-3.3.1.jar:?]
	at org.apache.hadoop.ipc.ProtobufRpcEngine2$Server$ProtoBufRpcInvoker.call(ProtobufRpcEngine2.java:552) [hadoop-common-3.3.1.jar:?]
	at org.apache.hadoop.ipc.RPC$Server.call(RPC.java:1093) [hadoop-common-3.3.1.jar:?]
	at org.apache.hadoop.ipc.Server$RpcCall.run(Server.java:1035) [hadoop-common-3.3.1.jar:?]
	at org.apache.hadoop.ipc.Server$RpcCall.run(Server.java:963) [hadoop-common-3.3.1.jar:?]
	at java.security.AccessController.doPrivileged(Native Method) ~[?:1.8.0_322]
	at javax.security.auth.Subject.doAs(Subject.java:422) [?:1.8.0_322]
	at org.apache.hadoop.security.UserGroupInformation.doAs(UserGroupInformation.java:1878) [hadoop-common-3.3.1.jar:?]
	at org.apache.hadoop.ipc.Server$Handler.run(Server.java:2966) [hadoop-common-3.3.1.jar:?]
]]></system-out>
  </testcase>
  <testcase name="testRenameDirToItsOwnSubDir" classname="TestRootedOzoneFileSystem" time="0.146">
    <system-out><![CDATA[2022-05-04 03:12:30,968 [e24c98b1-b028-4277-b303-73506c407d4f@group-8C5B1516469D-FollowerState] INFO  impl.FollowerState (FollowerState.java:run(134)) - e24c98b1-b028-4277-b303-73506c407d4f@group-8C5B1516469D-FollowerState: change to CANDIDATE, lastRpcElapsedTime:5012441318ns, electionTimeout:5010ms
2022-05-04 03:12:30,969 [e24c98b1-b028-4277-b303-73506c407d4f@group-8C5B1516469D-FollowerState] INFO  impl.RoleInfo (RoleInfo.java:shutdownFollowerState(108)) - e24c98b1-b028-4277-b303-73506c407d4f: shutdown e24c98b1-b028-4277-b303-73506c407d4f@group-8C5B1516469D-FollowerState
2022-05-04 03:12:30,969 [e24c98b1-b028-4277-b303-73506c407d4f@group-8C5B1516469D-FollowerState] INFO  server.RaftServer$Division (RaftServerImpl.java:setRole(290)) - e24c98b1-b028-4277-b303-73506c407d4f@group-8C5B1516469D: changes role from  FOLLOWER to CANDIDATE at term 1 for changeToCandidate
2022-05-04 03:12:30,969 [e24c98b1-b028-4277-b303-73506c407d4f@group-8C5B1516469D-FollowerState] INFO  server.RaftServerConfigKeys (ConfUtils.java:logGet(44)) - raft.server.leaderelection.pre-vote = false (custom)
2022-05-04 03:12:30,969 [e24c98b1-b028-4277-b303-73506c407d4f@group-8C5B1516469D-FollowerState] INFO  impl.RoleInfo (RoleInfo.java:updateAndGet(130)) - e24c98b1-b028-4277-b303-73506c407d4f: start e24c98b1-b028-4277-b303-73506c407d4f@group-8C5B1516469D-LeaderElection9
2022-05-04 03:12:30,986 [e24c98b1-b028-4277-b303-73506c407d4f@group-8C5B1516469D-LeaderElection9] INFO  impl.LeaderElection (LeaderElection.java:askForVotes(306)) - e24c98b1-b028-4277-b303-73506c407d4f@group-8C5B1516469D-LeaderElection9 ELECTION round 0: submit vote requests at term 2 for -1: [b9a08944-19c1-40d4-9246-1b7a50d62b45|rpc:10.1.0.22:41135|priority:0, 4b39aedb-a905-4bcc-a0b6-39bcb2a8de85|rpc:10.1.0.22:36309|priority:1, e24c98b1-b028-4277-b303-73506c407d4f|rpc:10.1.0.22:45653|priority:0], old=null
2022-05-04 03:12:30,987 [Time-limited test] INFO  rpc.RpcClient (RpcClient.java:createVolume(448)) - Creating Volume: volume35464, with user73426 as owner and space quota set to -1 bytes, counts quota set to -1
2022-05-04 03:12:30,990 [OM StateMachine ApplyTransaction Thread - 0] INFO  volume.OMVolumeCreateRequest (OMVolumeCreateRequest.java:validateAndUpdateCache(195)) - created volume:volume35464 for user:user73426
2022-05-04 03:12:31,002 [Time-limited test] INFO  rpc.RpcClient (RpcClient.java:createBucket(637)) - Creating Bucket: volume35464/bucket24827, with runner as owner and Versioning false and Storage Type set to DISK and Encryption set to false 
2022-05-04 03:12:31,006 [OM StateMachine ApplyTransaction Thread - 0] INFO  bucket.OMBucketCreateRequest (OMBucketCreateRequest.java:validateAndUpdateCache(258)) - created bucket: bucket24827 of layout LEGACY in volume: volume35464
2022-05-04 03:12:31,012 [grpc-default-executor-1] INFO  server.RaftServer$Division (RaftServerImpl.java:requestVote(1046)) - b9a08944-19c1-40d4-9246-1b7a50d62b45@group-8C5B1516469D: receive requestVote(ELECTION, e24c98b1-b028-4277-b303-73506c407d4f, group-8C5B1516469D, 2, (t:0, i:0))
2022-05-04 03:12:31,012 [grpc-default-executor-1] INFO  impl.VoteContext (VoteContext.java:log(48)) - b9a08944-19c1-40d4-9246-1b7a50d62b45@group-8C5B1516469D-FOLLOWER: accept ELECTION from e24c98b1-b028-4277-b303-73506c407d4f: our priority 0 <= candidate's priority 0
2022-05-04 03:12:31,012 [grpc-default-executor-1] INFO  server.RaftServer$Division (RaftServerImpl.java:setRole(290)) - b9a08944-19c1-40d4-9246-1b7a50d62b45@group-8C5B1516469D: changes role from  FOLLOWER to FOLLOWER at term 2 for candidate:e24c98b1-b028-4277-b303-73506c407d4f
2022-05-04 03:12:31,012 [grpc-default-executor-1] INFO  impl.RoleInfo (RoleInfo.java:shutdownFollowerState(108)) - b9a08944-19c1-40d4-9246-1b7a50d62b45: shutdown b9a08944-19c1-40d4-9246-1b7a50d62b45@group-8C5B1516469D-FollowerState
2022-05-04 03:12:31,012 [grpc-default-executor-1] INFO  impl.RoleInfo (RoleInfo.java:updateAndGet(130)) - b9a08944-19c1-40d4-9246-1b7a50d62b45: start b9a08944-19c1-40d4-9246-1b7a50d62b45@group-8C5B1516469D-FollowerState
2022-05-04 03:12:31,012 [b9a08944-19c1-40d4-9246-1b7a50d62b45@group-8C5B1516469D-FollowerState] INFO  impl.FollowerState (FollowerState.java:run(143)) - b9a08944-19c1-40d4-9246-1b7a50d62b45@group-8C5B1516469D-FollowerState was interrupted: {}
java.lang.InterruptedException: sleep interrupted
	at java.lang.Thread.sleep(Native Method)
	at java.lang.Thread.sleep(Thread.java:342)
	at java.util.concurrent.TimeUnit.sleep(TimeUnit.java:386)
	at org.apache.ratis.util.TimeDuration.sleep(TimeDuration.java:324)
	at org.apache.ratis.util.TimeDuration.sleep(TimeDuration.java:309)
	at org.apache.ratis.server.impl.FollowerState.run(FollowerState.java:118)
2022-05-04 03:12:31,020 [grpc-default-executor-1] INFO  server.RaftServer$Division (RaftServerImpl.java:requestVote(1078)) - b9a08944-19c1-40d4-9246-1b7a50d62b45@group-8C5B1516469D replies to ELECTION vote request: e24c98b1-b028-4277-b303-73506c407d4f<-b9a08944-19c1-40d4-9246-1b7a50d62b45#0:OK-t2. Peer's state: b9a08944-19c1-40d4-9246-1b7a50d62b45@group-8C5B1516469D:t2, leader=null, voted=e24c98b1-b028-4277-b303-73506c407d4f, raftlog=b9a08944-19c1-40d4-9246-1b7a50d62b45@group-8C5B1516469D-SegmentedRaftLog:OPENED:c-1, conf=-1: [b9a08944-19c1-40d4-9246-1b7a50d62b45|rpc:10.1.0.22:41135|priority:0, 4b39aedb-a905-4bcc-a0b6-39bcb2a8de85|rpc:10.1.0.22:36309|priority:1, e24c98b1-b028-4277-b303-73506c407d4f|rpc:10.1.0.22:45653|priority:0], old=null
2022-05-04 03:12:31,030 [Time-limited test] INFO  ozone.TestRootedOzoneFileSystem (TestRootedOzoneFileSystem.java:testRenameDirToItsOwnSubDir(1563)) - Created dir1 /volume35464/bucket24827/root/dir1/sub_dir1
2022-05-04 03:12:31,031 [Time-limited test] INFO  ozone.TestRootedOzoneFileSystem (TestRootedOzoneFileSystem.java:testRenameDirToItsOwnSubDir(1566)) - Rename op-> source:/volume35464/bucket24827/root to destin:/volume35464/bucket24827/root/dir1/sub_dir1
2022-05-04 03:12:31,032 [4b39aedb-a905-4bcc-a0b6-39bcb2a8de85@group-8C5B1516469D-FollowerState] INFO  impl.FollowerState (FollowerState.java:run(134)) - 4b39aedb-a905-4bcc-a0b6-39bcb2a8de85@group-8C5B1516469D-FollowerState: change to CANDIDATE, lastRpcElapsedTime:5077593808ns, electionTimeout:5049ms
2022-05-04 03:12:31,033 [4b39aedb-a905-4bcc-a0b6-39bcb2a8de85@group-8C5B1516469D-FollowerState] INFO  impl.RoleInfo (RoleInfo.java:shutdownFollowerState(108)) - 4b39aedb-a905-4bcc-a0b6-39bcb2a8de85: shutdown 4b39aedb-a905-4bcc-a0b6-39bcb2a8de85@group-8C5B1516469D-FollowerState
2022-05-04 03:12:31,033 [4b39aedb-a905-4bcc-a0b6-39bcb2a8de85@group-8C5B1516469D-FollowerState] INFO  server.RaftServer$Division (RaftServerImpl.java:setRole(290)) - 4b39aedb-a905-4bcc-a0b6-39bcb2a8de85@group-8C5B1516469D: changes role from  FOLLOWER to CANDIDATE at term 1 for changeToCandidate
2022-05-04 03:12:31,033 [4b39aedb-a905-4bcc-a0b6-39bcb2a8de85@group-8C5B1516469D-FollowerState] INFO  server.RaftServerConfigKeys (ConfUtils.java:logGet(44)) - raft.server.leaderelection.pre-vote = false (custom)
2022-05-04 03:12:31,033 [4b39aedb-a905-4bcc-a0b6-39bcb2a8de85@group-8C5B1516469D-FollowerState] INFO  impl.RoleInfo (RoleInfo.java:updateAndGet(130)) - 4b39aedb-a905-4bcc-a0b6-39bcb2a8de85: start 4b39aedb-a905-4bcc-a0b6-39bcb2a8de85@group-8C5B1516469D-LeaderElection10
2022-05-04 03:12:31,037 [grpc-default-executor-1] INFO  server.RaftServer$Division (RaftServerImpl.java:requestVote(1046)) - 4b39aedb-a905-4bcc-a0b6-39bcb2a8de85@group-8C5B1516469D: receive requestVote(ELECTION, e24c98b1-b028-4277-b303-73506c407d4f, group-8C5B1516469D, 2, (t:0, i:0))
2022-05-04 03:12:31,037 [grpc-default-executor-1] INFO  impl.VoteContext (VoteContext.java:log(48)) - 4b39aedb-a905-4bcc-a0b6-39bcb2a8de85@group-8C5B1516469D-CANDIDATE: reject ELECTION from e24c98b1-b028-4277-b303-73506c407d4f: our priority 1 > candidate's priority 0
2022-05-04 03:12:31,037 [grpc-default-executor-1] INFO  server.RaftServer$Division (RaftServerImpl.java:setRole(290)) - 4b39aedb-a905-4bcc-a0b6-39bcb2a8de85@group-8C5B1516469D: changes role from CANDIDATE to FOLLOWER at term 2 for candidate:e24c98b1-b028-4277-b303-73506c407d4f
2022-05-04 03:12:31,037 [grpc-default-executor-1] INFO  impl.RoleInfo (RoleInfo.java:shutdownLeaderElection(121)) - 4b39aedb-a905-4bcc-a0b6-39bcb2a8de85: shutdown 4b39aedb-a905-4bcc-a0b6-39bcb2a8de85@group-8C5B1516469D-LeaderElection10
2022-05-04 03:12:31,037 [grpc-default-executor-1] INFO  impl.RoleInfo (RoleInfo.java:updateAndGet(130)) - 4b39aedb-a905-4bcc-a0b6-39bcb2a8de85: start 4b39aedb-a905-4bcc-a0b6-39bcb2a8de85@group-8C5B1516469D-FollowerState
2022-05-04 03:12:31,038 [4b39aedb-a905-4bcc-a0b6-39bcb2a8de85@group-8C5B1516469D-LeaderElection10] INFO  impl.LeaderElection (LeaderElection.java:run(230)) - 4b39aedb-a905-4bcc-a0b6-39bcb2a8de85@group-8C5B1516469D-LeaderElection10: skip running since this is already CLOSING
2022-05-04 03:12:31,044 [grpc-default-executor-1] INFO  server.RaftServer$Division (RaftServerImpl.java:requestVote(1078)) - 4b39aedb-a905-4bcc-a0b6-39bcb2a8de85@group-8C5B1516469D replies to ELECTION vote request: e24c98b1-b028-4277-b303-73506c407d4f<-4b39aedb-a905-4bcc-a0b6-39bcb2a8de85#0:FAIL-t2. Peer's state: 4b39aedb-a905-4bcc-a0b6-39bcb2a8de85@group-8C5B1516469D:t2, leader=null, voted=null, raftlog=4b39aedb-a905-4bcc-a0b6-39bcb2a8de85@group-8C5B1516469D-SegmentedRaftLog:OPENED:c-1, conf=-1: [b9a08944-19c1-40d4-9246-1b7a50d62b45|rpc:10.1.0.22:41135|priority:0, 4b39aedb-a905-4bcc-a0b6-39bcb2a8de85|rpc:10.1.0.22:36309|priority:1, e24c98b1-b028-4277-b303-73506c407d4f|rpc:10.1.0.22:45653|priority:0], old=null
2022-05-04 03:12:31,048 [e24c98b1-b028-4277-b303-73506c407d4f@group-8C5B1516469D-LeaderElection9] INFO  impl.LeaderElection (LeaderElection.java:logAndReturn(89)) - e24c98b1-b028-4277-b303-73506c407d4f@group-8C5B1516469D-LeaderElection9: ELECTION REJECTED received 2 response(s) and 0 exception(s):
2022-05-04 03:12:31,048 [e24c98b1-b028-4277-b303-73506c407d4f@group-8C5B1516469D-LeaderElection9] INFO  impl.LeaderElection (LeaderElection.java:logAndReturn(93)) -   Response 0: e24c98b1-b028-4277-b303-73506c407d4f<-b9a08944-19c1-40d4-9246-1b7a50d62b45#0:OK-t2
2022-05-04 03:12:31,048 [e24c98b1-b028-4277-b303-73506c407d4f@group-8C5B1516469D-LeaderElection9] INFO  impl.LeaderElection (LeaderElection.java:logAndReturn(93)) -   Response 1: e24c98b1-b028-4277-b303-73506c407d4f<-4b39aedb-a905-4bcc-a0b6-39bcb2a8de85#0:FAIL-t2
2022-05-04 03:12:31,048 [e24c98b1-b028-4277-b303-73506c407d4f@group-8C5B1516469D-LeaderElection9] INFO  impl.LeaderElection (LeaderElection.java:askForVotes(308)) - e24c98b1-b028-4277-b303-73506c407d4f@group-8C5B1516469D-LeaderElection9 ELECTION round 0: result REJECTED
2022-05-04 03:12:31,048 [e24c98b1-b028-4277-b303-73506c407d4f@group-8C5B1516469D-LeaderElection9] INFO  server.RaftServer$Division (RaftServerImpl.java:setRole(290)) - e24c98b1-b028-4277-b303-73506c407d4f@group-8C5B1516469D: changes role from CANDIDATE to FOLLOWER at term 2 for REJECTED
2022-05-04 03:12:31,048 [e24c98b1-b028-4277-b303-73506c407d4f@group-8C5B1516469D-LeaderElection9] INFO  impl.RoleInfo (RoleInfo.java:shutdownLeaderElection(121)) - e24c98b1-b028-4277-b303-73506c407d4f: shutdown e24c98b1-b028-4277-b303-73506c407d4f@group-8C5B1516469D-LeaderElection9
2022-05-04 03:12:31,049 [e24c98b1-b028-4277-b303-73506c407d4f@group-8C5B1516469D-LeaderElection9] INFO  impl.RoleInfo (RoleInfo.java:updateAndGet(130)) - e24c98b1-b028-4277-b303-73506c407d4f: start e24c98b1-b028-4277-b303-73506c407d4f@group-8C5B1516469D-FollowerState
]]></system-out>
  </testcase>
  <testcase name="testRenameDirToItsOwnSubDir" classname="TestRootedOzoneFileSystem" time="0.105">
    <system-out><![CDATA[2022-05-04 03:13:52,800 [Time-limited test] INFO  rpc.RpcClient (RpcClient.java:createVolume(448)) - Creating Volume: volume78382, with user14339 as owner and space quota set to -1 bytes, counts quota set to -1
2022-05-04 03:13:52,802 [OM StateMachine ApplyTransaction Thread - 0] INFO  volume.OMVolumeCreateRequest (OMVolumeCreateRequest.java:validateAndUpdateCache(195)) - created volume:volume78382 for user:user14339
2022-05-04 03:13:52,803 [Time-limited test] INFO  rpc.RpcClient (RpcClient.java:createBucket(637)) - Creating Bucket: volume78382/bucket45235, with runner as owner and Versioning false and Storage Type set to DISK and Encryption set to false 
2022-05-04 03:13:52,808 [OM StateMachine ApplyTransaction Thread - 0] INFO  bucket.OMBucketCreateRequest (OMBucketCreateRequest.java:validateAndUpdateCache(258)) - created bucket: bucket45235 of layout LEGACY in volume: volume78382
2022-05-04 03:13:52,811 [Time-limited test] INFO  ozone.TestRootedOzoneFileSystem (TestRootedOzoneFileSystem.java:testRenameDirToItsOwnSubDir(1563)) - Created dir1 /volume78382/bucket45235/root/dir1/sub_dir1
2022-05-04 03:13:52,811 [Time-limited test] INFO  ozone.TestRootedOzoneFileSystem (TestRootedOzoneFileSystem.java:testRenameDirToItsOwnSubDir(1566)) - Rename op-> source:/volume78382/bucket45235/root to destin:/volume78382/bucket45235/root/dir1/sub_dir1
]]></system-out>
  </testcase>
  <testcase name="testRenameDirToItsOwnSubDir" classname="TestRootedOzoneFileSystem" time="0.093">
    <system-out><![CDATA[2022-05-04 03:15:07,754 [Time-limited test] INFO  rpc.RpcClient (RpcClient.java:createVolume(448)) - Creating Volume: volume84508, with user25324 as owner and space quota set to -1 bytes, counts quota set to -1
2022-05-04 03:15:07,755 [IPC Server handler 13 on default port 33297] INFO  volume.OMVolumeCreateRequest (OMVolumeCreateRequest.java:validateAndUpdateCache(195)) - created volume:volume84508 for user:user25324
2022-05-04 03:15:07,756 [Time-limited test] INFO  rpc.RpcClient (RpcClient.java:createBucket(637)) - Creating Bucket: volume84508/bucket40104, with runner as owner and Versioning false and Storage Type set to DISK and Encryption set to false 
2022-05-04 03:15:07,756 [IPC Server handler 1 on default port 33297] INFO  bucket.OMBucketCreateRequest (OMBucketCreateRequest.java:validateAndUpdateCache(258)) - created bucket: bucket40104 of layout LEGACY in volume: volume84508
2022-05-04 03:15:07,759 [Time-limited test] INFO  ozone.TestRootedOzoneFileSystem (TestRootedOzoneFileSystem.java:testRenameDirToItsOwnSubDir(1563)) - Created dir1 /volume84508/bucket40104/root/dir1/sub_dir1
2022-05-04 03:15:07,759 [Time-limited test] INFO  ozone.TestRootedOzoneFileSystem (TestRootedOzoneFileSystem.java:testRenameDirToItsOwnSubDir(1566)) - Rename op-> source:/volume84508/bucket40104/root to destin:/volume84508/bucket40104/root/dir1/sub_dir1
]]></system-out>
  </testcase>
  <testcase name="testRenameDirToItsOwnSubDir" classname="TestRootedOzoneFileSystem" time="0.133">
    <system-out><![CDATA[2022-05-04 03:16:26,423 [Time-limited test] INFO  rpc.RpcClient (RpcClient.java:createVolume(448)) - Creating Volume: volume58273, with user86796 as owner and space quota set to -1 bytes, counts quota set to -1
2022-05-04 03:16:26,433 [OM StateMachine ApplyTransaction Thread - 0] INFO  volume.OMVolumeCreateRequest (OMVolumeCreateRequest.java:validateAndUpdateCache(195)) - created volume:volume58273 for user:user86796
2022-05-04 03:16:26,434 [Time-limited test] INFO  rpc.RpcClient (RpcClient.java:createBucket(637)) - Creating Bucket: volume58273/bucket45726, with runner as owner and Versioning false and Storage Type set to DISK and Encryption set to false 
2022-05-04 03:16:26,436 [OM StateMachine ApplyTransaction Thread - 0] INFO  bucket.OMBucketCreateRequest (OMBucketCreateRequest.java:validateAndUpdateCache(258)) - created bucket: bucket45726 of layout LEGACY in volume: volume58273
2022-05-04 03:16:26,457 [Time-limited test] INFO  ozone.TestRootedOzoneFileSystem (TestRootedOzoneFileSystem.java:testRenameDirToItsOwnSubDir(1563)) - Created dir1 /volume58273/bucket45726/root/dir1/sub_dir1
2022-05-04 03:16:26,458 [Time-limited test] INFO  ozone.TestRootedOzoneFileSystem (TestRootedOzoneFileSystem.java:testRenameDirToItsOwnSubDir(1566)) - Rename op-> source:/volume58273/bucket45726/root to destin:/volume58273/bucket45726/root/dir1/sub_dir1
]]></system-out>
  </testcase>
  <testcase name="testRenameDirToItsOwnSubDir" classname="TestRootedOzoneFileSystem" time="0.156">
    <system-out><![CDATA[2022-05-04 03:18:01,353 [Time-limited test] INFO  rpc.RpcClient (RpcClient.java:createVolume(448)) - Creating Volume: volume23301, with user95211 as owner and space quota set to -1 bytes, counts quota set to -1
2022-05-04 03:18:01,355 [IPC Server handler 7 on default port 33661] INFO  volume.OMVolumeCreateRequest (OMVolumeCreateRequest.java:validateAndUpdateCache(195)) - created volume:volume23301 for user:user95211
2022-05-04 03:18:01,360 [Time-limited test] INFO  rpc.RpcClient (RpcClient.java:createBucket(637)) - Creating Bucket: volume23301/bucket34927, with runner as owner and Versioning false and Storage Type set to DISK and Encryption set to false 
2022-05-04 03:18:01,362 [IPC Server handler 9 on default port 33661] INFO  bucket.OMBucketCreateRequest (OMBucketCreateRequest.java:validateAndUpdateCache(258)) - created bucket: bucket34927 of layout LEGACY in volume: volume23301
2022-05-04 03:18:01,393 [Time-limited test] INFO  ozone.TestRootedOzoneFileSystem (TestRootedOzoneFileSystem.java:testRenameDirToItsOwnSubDir(1563)) - Created dir1 /volume23301/bucket34927/root/dir1/sub_dir1
2022-05-04 03:18:01,393 [Time-limited test] INFO  ozone.TestRootedOzoneFileSystem (TestRootedOzoneFileSystem.java:testRenameDirToItsOwnSubDir(1566)) - Rename op-> source:/volume23301/bucket34927/root to destin:/volume23301/bucket34927/root/dir1/sub_dir1
]]></system-out>
  </testcase>
  <testcase name="testOzoneFsServiceLoader" classname="TestRootedOzoneFileSystem" time="0.083">
    <system-out><![CDATA[2022-05-04 03:12:31,113 [Time-limited test] INFO  rpc.RpcClient (RpcClient.java:createVolume(448)) - Creating Volume: volume34986, with user47877 as owner and space quota set to -1 bytes, counts quota set to -1
2022-05-04 03:12:31,118 [OM StateMachine ApplyTransaction Thread - 0] INFO  volume.OMVolumeCreateRequest (OMVolumeCreateRequest.java:validateAndUpdateCache(195)) - created volume:volume34986 for user:user47877
2022-05-04 03:12:31,122 [Time-limited test] INFO  rpc.RpcClient (RpcClient.java:createBucket(637)) - Creating Bucket: volume34986/bucket00424, with runner as owner and Versioning false and Storage Type set to DISK and Encryption set to false 
2022-05-04 03:12:31,125 [OM StateMachine ApplyTransaction Thread - 0] INFO  bucket.OMBucketCreateRequest (OMBucketCreateRequest.java:validateAndUpdateCache(258)) - created bucket: bucket00424 of layout LEGACY in volume: volume34986
]]></system-out>
  </testcase>
  <testcase name="testOzoneFsServiceLoader" classname="TestRootedOzoneFileSystem" time="0.187">
    <system-out><![CDATA[2022-05-04 03:13:52,936 [Time-limited test] INFO  rpc.RpcClient (RpcClient.java:createVolume(448)) - Creating Volume: volume47086, with user92208 as owner and space quota set to -1 bytes, counts quota set to -1
2022-05-04 03:13:52,939 [OM StateMachine ApplyTransaction Thread - 0] INFO  volume.OMVolumeCreateRequest (OMVolumeCreateRequest.java:validateAndUpdateCache(195)) - created volume:volume47086 for user:user92208
2022-05-04 03:13:52,940 [Time-limited test] INFO  rpc.RpcClient (RpcClient.java:createBucket(637)) - Creating Bucket: volume47086/bucket10384, with runner as owner and Versioning false and Storage Type set to DISK and Encryption set to false 
2022-05-04 03:13:52,941 [OM StateMachine ApplyTransaction Thread - 0] INFO  bucket.OMBucketCreateRequest (OMBucketCreateRequest.java:validateAndUpdateCache(258)) - created bucket: bucket10384 of layout LEGACY in volume: volume47086
]]></system-out>
  </testcase>
  <testcase name="testOzoneFsServiceLoader" classname="TestRootedOzoneFileSystem" time="0.146">
    <system-out><![CDATA[2022-05-04 03:15:07,862 [Time-limited test] INFO  rpc.RpcClient (RpcClient.java:createVolume(448)) - Creating Volume: volume71055, with user62139 as owner and space quota set to -1 bytes, counts quota set to -1
2022-05-04 03:15:07,863 [IPC Server handler 4 on default port 33297] INFO  volume.OMVolumeCreateRequest (OMVolumeCreateRequest.java:validateAndUpdateCache(195)) - created volume:volume71055 for user:user62139
2022-05-04 03:15:07,868 [Time-limited test] INFO  rpc.RpcClient (RpcClient.java:createBucket(637)) - Creating Bucket: volume71055/bucket35802, with runner as owner and Versioning false and Storage Type set to DISK and Encryption set to false 
2022-05-04 03:15:07,871 [IPC Server handler 5 on default port 33297] INFO  bucket.OMBucketCreateRequest (OMBucketCreateRequest.java:validateAndUpdateCache(258)) - created bucket: bucket35802 of layout LEGACY in volume: volume71055
]]></system-out>
  </testcase>
  <testcase name="testOzoneFsServiceLoader" classname="TestRootedOzoneFileSystem" time="0.182">
    <system-out><![CDATA[2022-05-04 03:16:26,528 [Time-limited test] INFO  rpc.RpcClient (RpcClient.java:createVolume(448)) - Creating Volume: volume45438, with user81374 as owner and space quota set to -1 bytes, counts quota set to -1
2022-05-04 03:16:26,531 [OM StateMachine ApplyTransaction Thread - 0] INFO  volume.OMVolumeCreateRequest (OMVolumeCreateRequest.java:validateAndUpdateCache(195)) - created volume:volume45438 for user:user81374
2022-05-04 03:16:26,533 [Time-limited test] INFO  rpc.RpcClient (RpcClient.java:createBucket(637)) - Creating Bucket: volume45438/bucket18320, with runner as owner and Versioning false and Storage Type set to DISK and Encryption set to false 
2022-05-04 03:16:26,534 [OM StateMachine ApplyTransaction Thread - 0] INFO  bucket.OMBucketCreateRequest (OMBucketCreateRequest.java:validateAndUpdateCache(258)) - created bucket: bucket18320 of layout LEGACY in volume: volume45438
]]></system-out>
  </testcase>
  <testcase name="testOzoneFsServiceLoader" classname="TestRootedOzoneFileSystem" time="0.168">
    <system-out><![CDATA[2022-05-04 03:18:01,467 [Time-limited test] INFO  rpc.RpcClient (RpcClient.java:createVolume(448)) - Creating Volume: volume61051, with user79474 as owner and space quota set to -1 bytes, counts quota set to -1
2022-05-04 03:18:01,471 [IPC Server handler 11 on default port 33661] INFO  volume.OMVolumeCreateRequest (OMVolumeCreateRequest.java:validateAndUpdateCache(195)) - created volume:volume61051 for user:user79474
2022-05-04 03:18:01,485 [Time-limited test] INFO  rpc.RpcClient (RpcClient.java:createBucket(637)) - Creating Bucket: volume61051/bucket90751, with runner as owner and Versioning false and Storage Type set to DISK and Encryption set to false 
2022-05-04 03:18:01,485 [IPC Server handler 4 on default port 33661] INFO  bucket.OMBucketCreateRequest (OMBucketCreateRequest.java:validateAndUpdateCache(258)) - created bucket: bucket90751 of layout LEGACY in volume: volume61051
]]></system-out>
  </testcase>
  <testcase name="testBucketDefaultsShouldNotBeInheritedToFileForNonEC" classname="TestRootedOzoneFileSystem" time="0.213">
    <system-out><![CDATA[2022-05-04 03:12:31,208 [Time-limited test] INFO  rpc.RpcClient (RpcClient.java:createVolume(448)) - Creating Volume: volume54338, with user36345 as owner and space quota set to -1 bytes, counts quota set to -1
2022-05-04 03:12:31,218 [OM StateMachine ApplyTransaction Thread - 0] INFO  volume.OMVolumeCreateRequest (OMVolumeCreateRequest.java:validateAndUpdateCache(195)) - created volume:volume54338 for user:user36345
2022-05-04 03:12:31,224 [Time-limited test] INFO  rpc.RpcClient (RpcClient.java:createBucket(637)) - Creating Bucket: volume54338/bucket25022, with runner as owner and Versioning false and Storage Type set to DISK and Encryption set to false 
2022-05-04 03:12:31,226 [OM StateMachine ApplyTransaction Thread - 0] INFO  bucket.OMBucketCreateRequest (OMBucketCreateRequest.java:validateAndUpdateCache(258)) - created bucket: bucket25022 of layout LEGACY in volume: volume54338
2022-05-04 03:12:31,256 [Time-limited test] INFO  rpc.RpcClient (RpcClient.java:createVolume(448)) - Creating Volume: 77e50db8-8a9b-4368-a984-44c4a2b55305, with user92822 as owner and space quota set to -1 bytes, counts quota set to -1
2022-05-04 03:12:31,261 [OM StateMachine ApplyTransaction Thread - 0] INFO  volume.OMVolumeCreateRequest (OMVolumeCreateRequest.java:validateAndUpdateCache(195)) - created volume:77e50db8-8a9b-4368-a984-44c4a2b55305 for user:user92822
2022-05-04 03:12:31,264 [Time-limited test] INFO  rpc.RpcClient (RpcClient.java:createBucket(637)) - Creating Bucket: 77e50db8-8a9b-4368-a984-44c4a2b55305/43565a3a-411d-4760-badc-20b2a5f50f3e, with runner as owner and Versioning false and Storage Type set to DISK and Encryption set to false 
2022-05-04 03:12:31,273 [OM StateMachine ApplyTransaction Thread - 0] INFO  bucket.OMBucketCreateRequest (OMBucketCreateRequest.java:validateAndUpdateCache(258)) - created bucket: 43565a3a-411d-4760-badc-20b2a5f50f3e of layout LEGACY in volume: 77e50db8-8a9b-4368-a984-44c4a2b55305
]]></system-out>
  </testcase>
  <testcase name="testBucketDefaultsShouldNotBeInheritedToFileForNonEC" classname="TestRootedOzoneFileSystem" time="0.339">
    <system-out><![CDATA[2022-05-04 03:13:53,091 [Time-limited test] INFO  rpc.RpcClient (RpcClient.java:createVolume(448)) - Creating Volume: volume04707, with user93959 as owner and space quota set to -1 bytes, counts quota set to -1
2022-05-04 03:13:53,094 [OM StateMachine ApplyTransaction Thread - 0] INFO  volume.OMVolumeCreateRequest (OMVolumeCreateRequest.java:validateAndUpdateCache(195)) - created volume:volume04707 for user:user93959
2022-05-04 03:13:53,096 [Time-limited test] INFO  rpc.RpcClient (RpcClient.java:createBucket(637)) - Creating Bucket: volume04707/bucket36283, with runner as owner and Versioning false and Storage Type set to DISK and Encryption set to false 
2022-05-04 03:13:53,097 [OM StateMachine ApplyTransaction Thread - 0] INFO  bucket.OMBucketCreateRequest (OMBucketCreateRequest.java:validateAndUpdateCache(258)) - created bucket: bucket36283 of layout LEGACY in volume: volume04707
2022-05-04 03:13:53,154 [Time-limited test] INFO  rpc.RpcClient (RpcClient.java:createVolume(448)) - Creating Volume: e3a03ea3-c67c-4d2c-8b2f-2f0825a41ede, with user56614 as owner and space quota set to -1 bytes, counts quota set to -1
2022-05-04 03:13:53,157 [OM StateMachine ApplyTransaction Thread - 0] INFO  volume.OMVolumeCreateRequest (OMVolumeCreateRequest.java:validateAndUpdateCache(195)) - created volume:e3a03ea3-c67c-4d2c-8b2f-2f0825a41ede for user:user56614
2022-05-04 03:13:53,160 [Time-limited test] INFO  rpc.RpcClient (RpcClient.java:createBucket(637)) - Creating Bucket: e3a03ea3-c67c-4d2c-8b2f-2f0825a41ede/e618ce12-85cf-4cc8-a698-70e1c0a8ab1c, with runner as owner and Versioning false and Storage Type set to DISK and Encryption set to false 
2022-05-04 03:13:53,161 [OM StateMachine ApplyTransaction Thread - 0] INFO  bucket.OMBucketCreateRequest (OMBucketCreateRequest.java:validateAndUpdateCache(258)) - created bucket: e618ce12-85cf-4cc8-a698-70e1c0a8ab1c of layout LEGACY in volume: e3a03ea3-c67c-4d2c-8b2f-2f0825a41ede
]]></system-out>
  </testcase>
  <testcase name="testBucketDefaultsShouldNotBeInheritedToFileForNonEC" classname="TestRootedOzoneFileSystem" time="0.311">
    <system-out><![CDATA[2022-05-04 03:15:07,994 [Time-limited test] INFO  rpc.RpcClient (RpcClient.java:createVolume(448)) - Creating Volume: volume87132, with user04520 as owner and space quota set to -1 bytes, counts quota set to -1
2022-05-04 03:15:07,997 [IPC Server handler 7 on default port 33297] INFO  volume.OMVolumeCreateRequest (OMVolumeCreateRequest.java:validateAndUpdateCache(195)) - created volume:volume87132 for user:user04520
2022-05-04 03:15:07,999 [Time-limited test] INFO  rpc.RpcClient (RpcClient.java:createBucket(637)) - Creating Bucket: volume87132/bucket53157, with runner as owner and Versioning false and Storage Type set to DISK and Encryption set to false 
2022-05-04 03:15:07,999 [IPC Server handler 0 on default port 33297] INFO  bucket.OMBucketCreateRequest (OMBucketCreateRequest.java:validateAndUpdateCache(258)) - created bucket: bucket53157 of layout LEGACY in volume: volume87132
2022-05-04 03:15:08,050 [Time-limited test] INFO  rpc.RpcClient (RpcClient.java:createVolume(448)) - Creating Volume: b7d992d7-8b6f-4d03-80b8-c48c6b4e2484, with user55806 as owner and space quota set to -1 bytes, counts quota set to -1
2022-05-04 03:15:08,052 [IPC Server handler 1 on default port 33297] INFO  volume.OMVolumeCreateRequest (OMVolumeCreateRequest.java:validateAndUpdateCache(195)) - created volume:b7d992d7-8b6f-4d03-80b8-c48c6b4e2484 for user:user55806
2022-05-04 03:15:08,054 [Time-limited test] INFO  rpc.RpcClient (RpcClient.java:createBucket(637)) - Creating Bucket: b7d992d7-8b6f-4d03-80b8-c48c6b4e2484/49d482f7-40c1-411a-b3bc-bbc017e4db39, with runner as owner and Versioning false and Storage Type set to DISK and Encryption set to false 
2022-05-04 03:15:08,054 [IPC Server handler 16 on default port 33297] INFO  bucket.OMBucketCreateRequest (OMBucketCreateRequest.java:validateAndUpdateCache(258)) - created bucket: 49d482f7-40c1-411a-b3bc-bbc017e4db39 of layout LEGACY in volume: b7d992d7-8b6f-4d03-80b8-c48c6b4e2484
]]></system-out>
  </testcase>
  <testcase name="testBucketDefaultsShouldNotBeInheritedToFileForNonEC" classname="TestRootedOzoneFileSystem" time="0.399">
    <system-out><![CDATA[2022-05-04 03:16:26,732 [Time-limited test] INFO  rpc.RpcClient (RpcClient.java:createVolume(448)) - Creating Volume: volume46172, with user78761 as owner and space quota set to -1 bytes, counts quota set to -1
2022-05-04 03:16:26,740 [OM StateMachine ApplyTransaction Thread - 0] INFO  volume.OMVolumeCreateRequest (OMVolumeCreateRequest.java:validateAndUpdateCache(195)) - created volume:volume46172 for user:user78761
2022-05-04 03:16:26,745 [Time-limited test] INFO  rpc.RpcClient (RpcClient.java:createBucket(637)) - Creating Bucket: volume46172/bucket05859, with runner as owner and Versioning false and Storage Type set to DISK and Encryption set to false 
2022-05-04 03:16:26,746 [OM StateMachine ApplyTransaction Thread - 0] INFO  bucket.OMBucketCreateRequest (OMBucketCreateRequest.java:validateAndUpdateCache(258)) - created bucket: bucket05859 of layout LEGACY in volume: volume46172
2022-05-04 03:16:26,795 [Time-limited test] INFO  rpc.RpcClient (RpcClient.java:createVolume(448)) - Creating Volume: 12ab40d5-dc17-4f8f-a2f8-7b6ada6f833d, with user90047 as owner and space quota set to -1 bytes, counts quota set to -1
2022-05-04 03:16:26,798 [OM StateMachine ApplyTransaction Thread - 0] INFO  volume.OMVolumeCreateRequest (OMVolumeCreateRequest.java:validateAndUpdateCache(195)) - created volume:12ab40d5-dc17-4f8f-a2f8-7b6ada6f833d for user:user90047
2022-05-04 03:16:26,799 [Time-limited test] INFO  rpc.RpcClient (RpcClient.java:createBucket(637)) - Creating Bucket: 12ab40d5-dc17-4f8f-a2f8-7b6ada6f833d/fc07c1fd-934f-4e27-a285-13e4efa0d8a3, with runner as owner and Versioning false and Storage Type set to DISK and Encryption set to false 
2022-05-04 03:16:26,801 [OM StateMachine ApplyTransaction Thread - 0] INFO  bucket.OMBucketCreateRequest (OMBucketCreateRequest.java:validateAndUpdateCache(258)) - created bucket: fc07c1fd-934f-4e27-a285-13e4efa0d8a3 of layout LEGACY in volume: 12ab40d5-dc17-4f8f-a2f8-7b6ada6f833d
]]></system-out>
  </testcase>
  <testcase name="testBucketDefaultsShouldNotBeInheritedToFileForNonEC" classname="TestRootedOzoneFileSystem" time="0.476">
    <system-out><![CDATA[2022-05-04 03:18:01,678 [Time-limited test] INFO  rpc.RpcClient (RpcClient.java:createVolume(448)) - Creating Volume: volume42981, with user55771 as owner and space quota set to -1 bytes, counts quota set to -1
2022-05-04 03:18:01,683 [IPC Server handler 6 on default port 33661] INFO  volume.OMVolumeCreateRequest (OMVolumeCreateRequest.java:validateAndUpdateCache(195)) - created volume:volume42981 for user:user55771
2022-05-04 03:18:01,688 [Time-limited test] INFO  rpc.RpcClient (RpcClient.java:createBucket(637)) - Creating Bucket: volume42981/bucket09611, with runner as owner and Versioning false and Storage Type set to DISK and Encryption set to false 
2022-05-04 03:18:01,688 [IPC Server handler 5 on default port 33661] INFO  bucket.OMBucketCreateRequest (OMBucketCreateRequest.java:validateAndUpdateCache(258)) - created bucket: bucket09611 of layout LEGACY in volume: volume42981
2022-05-04 03:18:01,813 [Time-limited test] INFO  rpc.RpcClient (RpcClient.java:createVolume(448)) - Creating Volume: 32e09f52-1673-4d2e-b480-efffd96958a6, with user59321 as owner and space quota set to -1 bytes, counts quota set to -1
2022-05-04 03:18:01,815 [IPC Server handler 9 on default port 33661] INFO  volume.OMVolumeCreateRequest (OMVolumeCreateRequest.java:validateAndUpdateCache(195)) - created volume:32e09f52-1673-4d2e-b480-efffd96958a6 for user:user59321
2022-05-04 03:18:01,826 [Time-limited test] INFO  rpc.RpcClient (RpcClient.java:createBucket(637)) - Creating Bucket: 32e09f52-1673-4d2e-b480-efffd96958a6/0746b6c4-3bbb-4b6a-a877-4dd084fd7222, with runner as owner and Versioning false and Storage Type set to DISK and Encryption set to false 
2022-05-04 03:18:01,827 [IPC Server handler 10 on default port 33661] INFO  bucket.OMBucketCreateRequest (OMBucketCreateRequest.java:validateAndUpdateCache(258)) - created bucket: 0746b6c4-3bbb-4b6a-a877-4dd084fd7222 of layout LEGACY in volume: 32e09f52-1673-4d2e-b480-efffd96958a6
]]></system-out>
  </testcase>
  <testcase name="testTrash" classname="TestRootedOzoneFileSystem" time="0">
    <skipped/>
  </testcase>
  <testcase name="testTrash" classname="TestRootedOzoneFileSystem" time="0">
    <skipped/>
  </testcase>
  <testcase name="testTrash" classname="TestRootedOzoneFileSystem" time="0">
    <skipped/>
  </testcase>
  <testcase name="testTrash" classname="TestRootedOzoneFileSystem" time="0">
    <skipped/>
  </testcase>
  <testcase name="testTrash" classname="TestRootedOzoneFileSystem" time="0">
    <skipped/>
  </testcase>
  <testcase name="testRenameDestinationParentDoesntExist" classname="TestRootedOzoneFileSystem" time="0.14">
    <system-out><![CDATA[2022-05-04 03:12:31,430 [Time-limited test] INFO  rpc.RpcClient (RpcClient.java:createVolume(448)) - Creating Volume: volume59581, with user15767 as owner and space quota set to -1 bytes, counts quota set to -1
2022-05-04 03:12:31,435 [OM StateMachine ApplyTransaction Thread - 0] INFO  volume.OMVolumeCreateRequest (OMVolumeCreateRequest.java:validateAndUpdateCache(195)) - created volume:volume59581 for user:user15767
2022-05-04 03:12:31,437 [Time-limited test] INFO  rpc.RpcClient (RpcClient.java:createBucket(637)) - Creating Bucket: volume59581/bucket33935, with runner as owner and Versioning false and Storage Type set to DISK and Encryption set to false 
2022-05-04 03:12:31,440 [OM StateMachine ApplyTransaction Thread - 0] INFO  bucket.OMBucketCreateRequest (OMBucketCreateRequest.java:validateAndUpdateCache(258)) - created bucket: bucket33935 of layout LEGACY in volume: volume59581
03:12:31.455 [IPC Server handler 10 on default port 39393] ERROR OMAudit - user=runner | ip=127.0.0.1 | op=GET_FILE_STATUS {volume=volume59581, bucket=bucket33935, key=root_dir/b/c, dataSize=0, replicationConfig=null} | ret=FAILURE
org.apache.hadoop.ozone.om.exceptions.OMException: Unable to get file status: volume: volume59581 bucket: bucket33935 key: root_dir/b/c
	at org.apache.hadoop.ozone.om.KeyManagerImpl.getOzoneFileStatus(KeyManagerImpl.java:1280) ~[ozone-manager-1.3.0-SNAPSHOT.jar:?]
	at org.apache.hadoop.ozone.om.KeyManagerImpl.getFileStatus(KeyManagerImpl.java:1210) ~[ozone-manager-1.3.0-SNAPSHOT.jar:?]
	at org.apache.hadoop.ozone.om.OzoneManager.getFileStatus(OzoneManager.java:3067) ~[ozone-manager-1.3.0-SNAPSHOT.jar:?]
	at org.apache.hadoop.ozone.protocolPB.OzoneManagerRequestHandler.getOzoneFileStatus(OzoneManagerRequestHandler.java:670) ~[ozone-manager-1.3.0-SNAPSHOT.jar:?]
	at org.apache.hadoop.ozone.protocolPB.OzoneManagerRequestHandler.handleReadRequest(OzoneManagerRequestHandler.java:201) ~[ozone-manager-1.3.0-SNAPSHOT.jar:?]
	at org.apache.hadoop.ozone.protocolPB.OzoneManagerProtocolServerSideTranslatorPB.submitReadRequestToOM(OzoneManagerProtocolServerSideTranslatorPB.java:213) ~[ozone-manager-1.3.0-SNAPSHOT.jar:?]
	at org.apache.hadoop.ozone.protocolPB.OzoneManagerProtocolServerSideTranslatorPB.processRequest(OzoneManagerProtocolServerSideTranslatorPB.java:174) ~[ozone-manager-1.3.0-SNAPSHOT.jar:?]
	at org.apache.hadoop.hdds.server.OzoneProtocolMessageDispatcher.processRequest(OzoneProtocolMessageDispatcher.java:87) [hdds-server-framework-1.3.0-SNAPSHOT.jar:?]
	at org.apache.hadoop.ozone.protocolPB.OzoneManagerProtocolServerSideTranslatorPB.submitRequest(OzoneManagerProtocolServerSideTranslatorPB.java:146) [ozone-manager-1.3.0-SNAPSHOT.jar:?]
	at org.apache.hadoop.ozone.protocol.proto.OzoneManagerProtocolProtos$OzoneManagerService$2.callBlockingMethod(OzoneManagerProtocolProtos.java) [ozone-interface-client-1.3.0-SNAPSHOT.jar:?]
	at org.apache.hadoop.ipc.ProtobufRpcEngine$Server.processCall(ProtobufRpcEngine.java:466) [hadoop-common-3.3.1.jar:?]
	at org.apache.hadoop.ipc.ProtobufRpcEngine2$Server$ProtoBufRpcInvoker.call(ProtobufRpcEngine2.java:574) [hadoop-common-3.3.1.jar:?]
	at org.apache.hadoop.ipc.ProtobufRpcEngine2$Server$ProtoBufRpcInvoker.call(ProtobufRpcEngine2.java:552) [hadoop-common-3.3.1.jar:?]
	at org.apache.hadoop.ipc.RPC$Server.call(RPC.java:1093) [hadoop-common-3.3.1.jar:?]
	at org.apache.hadoop.ipc.Server$RpcCall.run(Server.java:1035) [hadoop-common-3.3.1.jar:?]
	at org.apache.hadoop.ipc.Server$RpcCall.run(Server.java:963) [hadoop-common-3.3.1.jar:?]
	at java.security.AccessController.doPrivileged(Native Method) ~[?:1.8.0_322]
	at javax.security.auth.Subject.doAs(Subject.java:422) [?:1.8.0_322]
	at org.apache.hadoop.security.UserGroupInformation.doAs(UserGroupInformation.java:1878) [hadoop-common-3.3.1.jar:?]
	at org.apache.hadoop.ipc.Server$Handler.run(Server.java:2966) [hadoop-common-3.3.1.jar:?]
03:12:31.458 [IPC Server handler 7 on default port 39393] ERROR OMAudit - user=runner | ip=127.0.0.1 | op=GET_FILE_STATUS {volume=volume59581, bucket=bucket33935, key=root_dir/b, dataSize=0, replicationConfig=null} | ret=FAILURE
org.apache.hadoop.ozone.om.exceptions.OMException: Unable to get file status: volume: volume59581 bucket: bucket33935 key: root_dir/b
	at org.apache.hadoop.ozone.om.KeyManagerImpl.getOzoneFileStatus(KeyManagerImpl.java:1280) ~[ozone-manager-1.3.0-SNAPSHOT.jar:?]
	at org.apache.hadoop.ozone.om.KeyManagerImpl.getFileStatus(KeyManagerImpl.java:1210) ~[ozone-manager-1.3.0-SNAPSHOT.jar:?]
	at org.apache.hadoop.ozone.om.OzoneManager.getFileStatus(OzoneManager.java:3067) ~[ozone-manager-1.3.0-SNAPSHOT.jar:?]
	at org.apache.hadoop.ozone.protocolPB.OzoneManagerRequestHandler.getOzoneFileStatus(OzoneManagerRequestHandler.java:670) ~[ozone-manager-1.3.0-SNAPSHOT.jar:?]
	at org.apache.hadoop.ozone.protocolPB.OzoneManagerRequestHandler.handleReadRequest(OzoneManagerRequestHandler.java:201) ~[ozone-manager-1.3.0-SNAPSHOT.jar:?]
	at org.apache.hadoop.ozone.protocolPB.OzoneManagerProtocolServerSideTranslatorPB.submitReadRequestToOM(OzoneManagerProtocolServerSideTranslatorPB.java:213) ~[ozone-manager-1.3.0-SNAPSHOT.jar:?]
	at org.apache.hadoop.ozone.protocolPB.OzoneManagerProtocolServerSideTranslatorPB.processRequest(OzoneManagerProtocolServerSideTranslatorPB.java:174) ~[ozone-manager-1.3.0-SNAPSHOT.jar:?]
	at org.apache.hadoop.hdds.server.OzoneProtocolMessageDispatcher.processRequest(OzoneProtocolMessageDispatcher.java:87) [hdds-server-framework-1.3.0-SNAPSHOT.jar:?]
	at org.apache.hadoop.ozone.protocolPB.OzoneManagerProtocolServerSideTranslatorPB.submitRequest(OzoneManagerProtocolServerSideTranslatorPB.java:146) [ozone-manager-1.3.0-SNAPSHOT.jar:?]
	at org.apache.hadoop.ozone.protocol.proto.OzoneManagerProtocolProtos$OzoneManagerService$2.callBlockingMethod(OzoneManagerProtocolProtos.java) [ozone-interface-client-1.3.0-SNAPSHOT.jar:?]
	at org.apache.hadoop.ipc.ProtobufRpcEngine$Server.processCall(ProtobufRpcEngine.java:466) [hadoop-common-3.3.1.jar:?]
	at org.apache.hadoop.ipc.ProtobufRpcEngine2$Server$ProtoBufRpcInvoker.call(ProtobufRpcEngine2.java:574) [hadoop-common-3.3.1.jar:?]
	at org.apache.hadoop.ipc.ProtobufRpcEngine2$Server$ProtoBufRpcInvoker.call(ProtobufRpcEngine2.java:552) [hadoop-common-3.3.1.jar:?]
	at org.apache.hadoop.ipc.RPC$Server.call(RPC.java:1093) [hadoop-common-3.3.1.jar:?]
	at org.apache.hadoop.ipc.Server$RpcCall.run(Server.java:1035) [hadoop-common-3.3.1.jar:?]
	at org.apache.hadoop.ipc.Server$RpcCall.run(Server.java:963) [hadoop-common-3.3.1.jar:?]
	at java.security.AccessController.doPrivileged(Native Method) ~[?:1.8.0_322]
	at javax.security.auth.Subject.doAs(Subject.java:422) [?:1.8.0_322]
	at org.apache.hadoop.security.UserGroupInformation.doAs(UserGroupInformation.java:1878) [hadoop-common-3.3.1.jar:?]
	at org.apache.hadoop.ipc.Server$Handler.run(Server.java:2966) [hadoop-common-3.3.1.jar:?]
03:12:31.478 [IPC Server handler 19 on default port 39393] ERROR OMAudit - user=runner | ip=127.0.0.1 | op=GET_FILE_STATUS {volume=volume59581, bucket=bucket33935, key=root_dir/file1/c, dataSize=0, replicationConfig=null} | ret=FAILURE
org.apache.hadoop.ozone.om.exceptions.OMException: Unable to get file status: volume: volume59581 bucket: bucket33935 key: root_dir/file1/c
	at org.apache.hadoop.ozone.om.KeyManagerImpl.getOzoneFileStatus(KeyManagerImpl.java:1280) ~[ozone-manager-1.3.0-SNAPSHOT.jar:?]
	at org.apache.hadoop.ozone.om.KeyManagerImpl.getFileStatus(KeyManagerImpl.java:1210) ~[ozone-manager-1.3.0-SNAPSHOT.jar:?]
	at org.apache.hadoop.ozone.om.OzoneManager.getFileStatus(OzoneManager.java:3067) ~[ozone-manager-1.3.0-SNAPSHOT.jar:?]
	at org.apache.hadoop.ozone.protocolPB.OzoneManagerRequestHandler.getOzoneFileStatus(OzoneManagerRequestHandler.java:670) ~[ozone-manager-1.3.0-SNAPSHOT.jar:?]
	at org.apache.hadoop.ozone.protocolPB.OzoneManagerRequestHandler.handleReadRequest(OzoneManagerRequestHandler.java:201) ~[ozone-manager-1.3.0-SNAPSHOT.jar:?]
	at org.apache.hadoop.ozone.protocolPB.OzoneManagerProtocolServerSideTranslatorPB.submitReadRequestToOM(OzoneManagerProtocolServerSideTranslatorPB.java:213) ~[ozone-manager-1.3.0-SNAPSHOT.jar:?]
	at org.apache.hadoop.ozone.protocolPB.OzoneManagerProtocolServerSideTranslatorPB.processRequest(OzoneManagerProtocolServerSideTranslatorPB.java:174) ~[ozone-manager-1.3.0-SNAPSHOT.jar:?]
	at org.apache.hadoop.hdds.server.OzoneProtocolMessageDispatcher.processRequest(OzoneProtocolMessageDispatcher.java:87) [hdds-server-framework-1.3.0-SNAPSHOT.jar:?]
	at org.apache.hadoop.ozone.protocolPB.OzoneManagerProtocolServerSideTranslatorPB.submitRequest(OzoneManagerProtocolServerSideTranslatorPB.java:146) [ozone-manager-1.3.0-SNAPSHOT.jar:?]
	at org.apache.hadoop.ozone.protocol.proto.OzoneManagerProtocolProtos$OzoneManagerService$2.callBlockingMethod(OzoneManagerProtocolProtos.java) [ozone-interface-client-1.3.0-SNAPSHOT.jar:?]
	at org.apache.hadoop.ipc.ProtobufRpcEngine$Server.processCall(ProtobufRpcEngine.java:466) [hadoop-common-3.3.1.jar:?]
	at org.apache.hadoop.ipc.ProtobufRpcEngine2$Server$ProtoBufRpcInvoker.call(ProtobufRpcEngine2.java:574) [hadoop-common-3.3.1.jar:?]
	at org.apache.hadoop.ipc.ProtobufRpcEngine2$Server$ProtoBufRpcInvoker.call(ProtobufRpcEngine2.java:552) [hadoop-common-3.3.1.jar:?]
	at org.apache.hadoop.ipc.RPC$Server.call(RPC.java:1093) [hadoop-common-3.3.1.jar:?]
	at org.apache.hadoop.ipc.Server$RpcCall.run(Server.java:1035) [hadoop-common-3.3.1.jar:?]
	at org.apache.hadoop.ipc.Server$RpcCall.run(Server.java:963) [hadoop-common-3.3.1.jar:?]
	at java.security.AccessController.doPrivileged(Native Method) ~[?:1.8.0_322]
	at javax.security.auth.Subject.doAs(Subject.java:422) [?:1.8.0_322]
	at org.apache.hadoop.security.UserGroupInformation.doAs(UserGroupInformation.java:1878) [hadoop-common-3.3.1.jar:?]
	at org.apache.hadoop.ipc.Server$Handler.run(Server.java:2966) [hadoop-common-3.3.1.jar:?]
]]></system-out>
  </testcase>
  <testcase name="testRenameDestinationParentDoesntExist" classname="TestRootedOzoneFileSystem" time="0.12">
    <system-out><![CDATA[2022-05-04 03:13:53,439 [Time-limited test] INFO  rpc.RpcClient (RpcClient.java:createVolume(448)) - Creating Volume: volume32753, with user55657 as owner and space quota set to -1 bytes, counts quota set to -1
2022-05-04 03:13:53,442 [OM StateMachine ApplyTransaction Thread - 0] INFO  volume.OMVolumeCreateRequest (OMVolumeCreateRequest.java:validateAndUpdateCache(195)) - created volume:volume32753 for user:user55657
2022-05-04 03:13:53,443 [Time-limited test] INFO  rpc.RpcClient (RpcClient.java:createBucket(637)) - Creating Bucket: volume32753/bucket54014, with runner as owner and Versioning false and Storage Type set to DISK and Encryption set to false 
2022-05-04 03:13:53,444 [OM StateMachine ApplyTransaction Thread - 0] INFO  bucket.OMBucketCreateRequest (OMBucketCreateRequest.java:validateAndUpdateCache(258)) - created bucket: bucket54014 of layout LEGACY in volume: volume32753
03:13:53.449 [IPC Server handler 17 on default port 46813] ERROR OMAudit - user=runner | ip=127.0.0.1 | op=GET_FILE_STATUS {volume=volume32753, bucket=bucket54014, key=root_dir/b/c, dataSize=0, replicationConfig=null} | ret=FAILURE
org.apache.hadoop.ozone.om.exceptions.OMException: Unable to get file status: volume: volume32753 bucket: bucket54014 key: root_dir/b/c
	at org.apache.hadoop.ozone.om.KeyManagerImpl.getOzoneFileStatus(KeyManagerImpl.java:1280) ~[ozone-manager-1.3.0-SNAPSHOT.jar:?]
	at org.apache.hadoop.ozone.om.KeyManagerImpl.getFileStatus(KeyManagerImpl.java:1210) ~[ozone-manager-1.3.0-SNAPSHOT.jar:?]
	at org.apache.hadoop.ozone.om.OzoneManager.getFileStatus(OzoneManager.java:3067) ~[ozone-manager-1.3.0-SNAPSHOT.jar:?]
	at org.apache.hadoop.ozone.protocolPB.OzoneManagerRequestHandler.getOzoneFileStatus(OzoneManagerRequestHandler.java:670) ~[ozone-manager-1.3.0-SNAPSHOT.jar:?]
	at org.apache.hadoop.ozone.protocolPB.OzoneManagerRequestHandler.handleReadRequest(OzoneManagerRequestHandler.java:201) ~[ozone-manager-1.3.0-SNAPSHOT.jar:?]
	at org.apache.hadoop.ozone.protocolPB.OzoneManagerProtocolServerSideTranslatorPB.submitReadRequestToOM(OzoneManagerProtocolServerSideTranslatorPB.java:213) ~[ozone-manager-1.3.0-SNAPSHOT.jar:?]
	at org.apache.hadoop.ozone.protocolPB.OzoneManagerProtocolServerSideTranslatorPB.processRequest(OzoneManagerProtocolServerSideTranslatorPB.java:174) ~[ozone-manager-1.3.0-SNAPSHOT.jar:?]
	at org.apache.hadoop.hdds.server.OzoneProtocolMessageDispatcher.processRequest(OzoneProtocolMessageDispatcher.java:87) [hdds-server-framework-1.3.0-SNAPSHOT.jar:?]
	at org.apache.hadoop.ozone.protocolPB.OzoneManagerProtocolServerSideTranslatorPB.submitRequest(OzoneManagerProtocolServerSideTranslatorPB.java:146) [ozone-manager-1.3.0-SNAPSHOT.jar:?]
	at org.apache.hadoop.ozone.protocol.proto.OzoneManagerProtocolProtos$OzoneManagerService$2.callBlockingMethod(OzoneManagerProtocolProtos.java) [ozone-interface-client-1.3.0-SNAPSHOT.jar:?]
	at org.apache.hadoop.ipc.ProtobufRpcEngine$Server.processCall(ProtobufRpcEngine.java:466) [hadoop-common-3.3.1.jar:?]
	at org.apache.hadoop.ipc.ProtobufRpcEngine2$Server$ProtoBufRpcInvoker.call(ProtobufRpcEngine2.java:574) [hadoop-common-3.3.1.jar:?]
	at org.apache.hadoop.ipc.ProtobufRpcEngine2$Server$ProtoBufRpcInvoker.call(ProtobufRpcEngine2.java:552) [hadoop-common-3.3.1.jar:?]
	at org.apache.hadoop.ipc.RPC$Server.call(RPC.java:1093) [hadoop-common-3.3.1.jar:?]
	at org.apache.hadoop.ipc.Server$RpcCall.run(Server.java:1035) [hadoop-common-3.3.1.jar:?]
	at org.apache.hadoop.ipc.Server$RpcCall.run(Server.java:963) [hadoop-common-3.3.1.jar:?]
	at java.security.AccessController.doPrivileged(Native Method) ~[?:1.8.0_322]
	at javax.security.auth.Subject.doAs(Subject.java:422) [?:1.8.0_322]
	at org.apache.hadoop.security.UserGroupInformation.doAs(UserGroupInformation.java:1878) [hadoop-common-3.3.1.jar:?]
	at org.apache.hadoop.ipc.Server$Handler.run(Server.java:2966) [hadoop-common-3.3.1.jar:?]
03:13:53.450 [IPC Server handler 10 on default port 46813] ERROR OMAudit - user=runner | ip=127.0.0.1 | op=GET_FILE_STATUS {volume=volume32753, bucket=bucket54014, key=root_dir/b, dataSize=0, replicationConfig=null} | ret=FAILURE
org.apache.hadoop.ozone.om.exceptions.OMException: Unable to get file status: volume: volume32753 bucket: bucket54014 key: root_dir/b
	at org.apache.hadoop.ozone.om.KeyManagerImpl.getOzoneFileStatus(KeyManagerImpl.java:1280) ~[ozone-manager-1.3.0-SNAPSHOT.jar:?]
	at org.apache.hadoop.ozone.om.KeyManagerImpl.getFileStatus(KeyManagerImpl.java:1210) ~[ozone-manager-1.3.0-SNAPSHOT.jar:?]
	at org.apache.hadoop.ozone.om.OzoneManager.getFileStatus(OzoneManager.java:3067) ~[ozone-manager-1.3.0-SNAPSHOT.jar:?]
	at org.apache.hadoop.ozone.protocolPB.OzoneManagerRequestHandler.getOzoneFileStatus(OzoneManagerRequestHandler.java:670) ~[ozone-manager-1.3.0-SNAPSHOT.jar:?]
	at org.apache.hadoop.ozone.protocolPB.OzoneManagerRequestHandler.handleReadRequest(OzoneManagerRequestHandler.java:201) ~[ozone-manager-1.3.0-SNAPSHOT.jar:?]
	at org.apache.hadoop.ozone.protocolPB.OzoneManagerProtocolServerSideTranslatorPB.submitReadRequestToOM(OzoneManagerProtocolServerSideTranslatorPB.java:213) ~[ozone-manager-1.3.0-SNAPSHOT.jar:?]
	at org.apache.hadoop.ozone.protocolPB.OzoneManagerProtocolServerSideTranslatorPB.processRequest(OzoneManagerProtocolServerSideTranslatorPB.java:174) ~[ozone-manager-1.3.0-SNAPSHOT.jar:?]
	at org.apache.hadoop.hdds.server.OzoneProtocolMessageDispatcher.processRequest(OzoneProtocolMessageDispatcher.java:87) [hdds-server-framework-1.3.0-SNAPSHOT.jar:?]
	at org.apache.hadoop.ozone.protocolPB.OzoneManagerProtocolServerSideTranslatorPB.submitRequest(OzoneManagerProtocolServerSideTranslatorPB.java:146) [ozone-manager-1.3.0-SNAPSHOT.jar:?]
	at org.apache.hadoop.ozone.protocol.proto.OzoneManagerProtocolProtos$OzoneManagerService$2.callBlockingMethod(OzoneManagerProtocolProtos.java) [ozone-interface-client-1.3.0-SNAPSHOT.jar:?]
	at org.apache.hadoop.ipc.ProtobufRpcEngine$Server.processCall(ProtobufRpcEngine.java:466) [hadoop-common-3.3.1.jar:?]
	at org.apache.hadoop.ipc.ProtobufRpcEngine2$Server$ProtoBufRpcInvoker.call(ProtobufRpcEngine2.java:574) [hadoop-common-3.3.1.jar:?]
	at org.apache.hadoop.ipc.ProtobufRpcEngine2$Server$ProtoBufRpcInvoker.call(ProtobufRpcEngine2.java:552) [hadoop-common-3.3.1.jar:?]
	at org.apache.hadoop.ipc.RPC$Server.call(RPC.java:1093) [hadoop-common-3.3.1.jar:?]
	at org.apache.hadoop.ipc.Server$RpcCall.run(Server.java:1035) [hadoop-common-3.3.1.jar:?]
	at org.apache.hadoop.ipc.Server$RpcCall.run(Server.java:963) [hadoop-common-3.3.1.jar:?]
	at java.security.AccessController.doPrivileged(Native Method) ~[?:1.8.0_322]
	at javax.security.auth.Subject.doAs(Subject.java:422) [?:1.8.0_322]
	at org.apache.hadoop.security.UserGroupInformation.doAs(UserGroupInformation.java:1878) [hadoop-common-3.3.1.jar:?]
	at org.apache.hadoop.ipc.Server$Handler.run(Server.java:2966) [hadoop-common-3.3.1.jar:?]
03:13:53.467 [IPC Server handler 11 on default port 46813] ERROR OMAudit - user=runner | ip=127.0.0.1 | op=GET_FILE_STATUS {volume=volume32753, bucket=bucket54014, key=root_dir/file1/c, dataSize=0, replicationConfig=null} | ret=FAILURE
org.apache.hadoop.ozone.om.exceptions.OMException: Unable to get file status: volume: volume32753 bucket: bucket54014 key: root_dir/file1/c
	at org.apache.hadoop.ozone.om.KeyManagerImpl.getOzoneFileStatus(KeyManagerImpl.java:1280) ~[ozone-manager-1.3.0-SNAPSHOT.jar:?]
	at org.apache.hadoop.ozone.om.KeyManagerImpl.getFileStatus(KeyManagerImpl.java:1210) ~[ozone-manager-1.3.0-SNAPSHOT.jar:?]
	at org.apache.hadoop.ozone.om.OzoneManager.getFileStatus(OzoneManager.java:3067) ~[ozone-manager-1.3.0-SNAPSHOT.jar:?]
	at org.apache.hadoop.ozone.protocolPB.OzoneManagerRequestHandler.getOzoneFileStatus(OzoneManagerRequestHandler.java:670) ~[ozone-manager-1.3.0-SNAPSHOT.jar:?]
	at org.apache.hadoop.ozone.protocolPB.OzoneManagerRequestHandler.handleReadRequest(OzoneManagerRequestHandler.java:201) ~[ozone-manager-1.3.0-SNAPSHOT.jar:?]
	at org.apache.hadoop.ozone.protocolPB.OzoneManagerProtocolServerSideTranslatorPB.submitReadRequestToOM(OzoneManagerProtocolServerSideTranslatorPB.java:213) ~[ozone-manager-1.3.0-SNAPSHOT.jar:?]
	at org.apache.hadoop.ozone.protocolPB.OzoneManagerProtocolServerSideTranslatorPB.processRequest(OzoneManagerProtocolServerSideTranslatorPB.java:174) ~[ozone-manager-1.3.0-SNAPSHOT.jar:?]
	at org.apache.hadoop.hdds.server.OzoneProtocolMessageDispatcher.processRequest(OzoneProtocolMessageDispatcher.java:87) [hdds-server-framework-1.3.0-SNAPSHOT.jar:?]
	at org.apache.hadoop.ozone.protocolPB.OzoneManagerProtocolServerSideTranslatorPB.submitRequest(OzoneManagerProtocolServerSideTranslatorPB.java:146) [ozone-manager-1.3.0-SNAPSHOT.jar:?]
	at org.apache.hadoop.ozone.protocol.proto.OzoneManagerProtocolProtos$OzoneManagerService$2.callBlockingMethod(OzoneManagerProtocolProtos.java) [ozone-interface-client-1.3.0-SNAPSHOT.jar:?]
	at org.apache.hadoop.ipc.ProtobufRpcEngine$Server.processCall(ProtobufRpcEngine.java:466) [hadoop-common-3.3.1.jar:?]
	at org.apache.hadoop.ipc.ProtobufRpcEngine2$Server$ProtoBufRpcInvoker.call(ProtobufRpcEngine2.java:574) [hadoop-common-3.3.1.jar:?]
	at org.apache.hadoop.ipc.ProtobufRpcEngine2$Server$ProtoBufRpcInvoker.call(ProtobufRpcEngine2.java:552) [hadoop-common-3.3.1.jar:?]
	at org.apache.hadoop.ipc.RPC$Server.call(RPC.java:1093) [hadoop-common-3.3.1.jar:?]
	at org.apache.hadoop.ipc.Server$RpcCall.run(Server.java:1035) [hadoop-common-3.3.1.jar:?]
	at org.apache.hadoop.ipc.Server$RpcCall.run(Server.java:963) [hadoop-common-3.3.1.jar:?]
	at java.security.AccessController.doPrivileged(Native Method) ~[?:1.8.0_322]
	at javax.security.auth.Subject.doAs(Subject.java:422) [?:1.8.0_322]
	at org.apache.hadoop.security.UserGroupInformation.doAs(UserGroupInformation.java:1878) [hadoop-common-3.3.1.jar:?]
	at org.apache.hadoop.ipc.Server$Handler.run(Server.java:2966) [hadoop-common-3.3.1.jar:?]
]]></system-out>
  </testcase>
  <testcase name="testRenameDestinationParentDoesntExist" classname="TestRootedOzoneFileSystem" time="0.104">
    <system-out><![CDATA[2022-05-04 03:15:08,287 [Time-limited test] INFO  rpc.RpcClient (RpcClient.java:createVolume(448)) - Creating Volume: volume52652, with user61448 as owner and space quota set to -1 bytes, counts quota set to -1
2022-05-04 03:15:08,288 [IPC Server handler 11 on default port 33297] INFO  volume.OMVolumeCreateRequest (OMVolumeCreateRequest.java:validateAndUpdateCache(195)) - created volume:volume52652 for user:user61448
2022-05-04 03:15:08,301 [Time-limited test] INFO  rpc.RpcClient (RpcClient.java:createBucket(637)) - Creating Bucket: volume52652/bucket91449, with runner as owner and Versioning false and Storage Type set to DISK and Encryption set to false 
2022-05-04 03:15:08,304 [IPC Server handler 18 on default port 33297] INFO  bucket.OMBucketCreateRequest (OMBucketCreateRequest.java:validateAndUpdateCache(258)) - created bucket: bucket91449 of layout LEGACY in volume: volume52652
03:15:08.324 [IPC Server handler 5 on default port 33297] ERROR OMAudit - user=runner | ip=127.0.0.1 | op=GET_FILE_STATUS {volume=volume52652, bucket=bucket91449, key=root_dir/b/c, dataSize=0, replicationConfig=null} | ret=FAILURE
org.apache.hadoop.ozone.om.exceptions.OMException: Unable to get file status: volume: volume52652 bucket: bucket91449 key: root_dir/b/c
	at org.apache.hadoop.ozone.om.KeyManagerImpl.getOzoneFileStatus(KeyManagerImpl.java:1280) ~[ozone-manager-1.3.0-SNAPSHOT.jar:?]
	at org.apache.hadoop.ozone.om.KeyManagerImpl.getFileStatus(KeyManagerImpl.java:1210) ~[ozone-manager-1.3.0-SNAPSHOT.jar:?]
	at org.apache.hadoop.ozone.om.OzoneManager.getFileStatus(OzoneManager.java:3067) ~[ozone-manager-1.3.0-SNAPSHOT.jar:?]
	at org.apache.hadoop.ozone.protocolPB.OzoneManagerRequestHandler.getOzoneFileStatus(OzoneManagerRequestHandler.java:670) ~[ozone-manager-1.3.0-SNAPSHOT.jar:?]
	at org.apache.hadoop.ozone.protocolPB.OzoneManagerRequestHandler.handleReadRequest(OzoneManagerRequestHandler.java:201) ~[ozone-manager-1.3.0-SNAPSHOT.jar:?]
	at org.apache.hadoop.ozone.protocolPB.OzoneManagerProtocolServerSideTranslatorPB.submitRequestDirectlyToOM(OzoneManagerProtocolServerSideTranslatorPB.java:271) ~[ozone-manager-1.3.0-SNAPSHOT.jar:?]
	at org.apache.hadoop.ozone.protocolPB.OzoneManagerProtocolServerSideTranslatorPB.processRequest(OzoneManagerProtocolServerSideTranslatorPB.java:195) ~[ozone-manager-1.3.0-SNAPSHOT.jar:?]
	at org.apache.hadoop.hdds.server.OzoneProtocolMessageDispatcher.processRequest(OzoneProtocolMessageDispatcher.java:87) [hdds-server-framework-1.3.0-SNAPSHOT.jar:?]
	at org.apache.hadoop.ozone.protocolPB.OzoneManagerProtocolServerSideTranslatorPB.submitRequest(OzoneManagerProtocolServerSideTranslatorPB.java:146) [ozone-manager-1.3.0-SNAPSHOT.jar:?]
	at org.apache.hadoop.ozone.protocol.proto.OzoneManagerProtocolProtos$OzoneManagerService$2.callBlockingMethod(OzoneManagerProtocolProtos.java) [ozone-interface-client-1.3.0-SNAPSHOT.jar:?]
	at org.apache.hadoop.ipc.ProtobufRpcEngine$Server.processCall(ProtobufRpcEngine.java:466) [hadoop-common-3.3.1.jar:?]
	at org.apache.hadoop.ipc.ProtobufRpcEngine2$Server$ProtoBufRpcInvoker.call(ProtobufRpcEngine2.java:574) [hadoop-common-3.3.1.jar:?]
	at org.apache.hadoop.ipc.ProtobufRpcEngine2$Server$ProtoBufRpcInvoker.call(ProtobufRpcEngine2.java:552) [hadoop-common-3.3.1.jar:?]
	at org.apache.hadoop.ipc.RPC$Server.call(RPC.java:1093) [hadoop-common-3.3.1.jar:?]
	at org.apache.hadoop.ipc.Server$RpcCall.run(Server.java:1035) [hadoop-common-3.3.1.jar:?]
	at org.apache.hadoop.ipc.Server$RpcCall.run(Server.java:963) [hadoop-common-3.3.1.jar:?]
	at java.security.AccessController.doPrivileged(Native Method) ~[?:1.8.0_322]
	at javax.security.auth.Subject.doAs(Subject.java:422) [?:1.8.0_322]
	at org.apache.hadoop.security.UserGroupInformation.doAs(UserGroupInformation.java:1878) [hadoop-common-3.3.1.jar:?]
	at org.apache.hadoop.ipc.Server$Handler.run(Server.java:2966) [hadoop-common-3.3.1.jar:?]
03:15:08.325 [IPC Server handler 13 on default port 33297] ERROR OMAudit - user=runner | ip=127.0.0.1 | op=GET_FILE_STATUS {volume=volume52652, bucket=bucket91449, key=root_dir/b, dataSize=0, replicationConfig=null} | ret=FAILURE
org.apache.hadoop.ozone.om.exceptions.OMException: Unable to get file status: volume: volume52652 bucket: bucket91449 key: root_dir/b
	at org.apache.hadoop.ozone.om.KeyManagerImpl.getOzoneFileStatus(KeyManagerImpl.java:1280) ~[ozone-manager-1.3.0-SNAPSHOT.jar:?]
	at org.apache.hadoop.ozone.om.KeyManagerImpl.getFileStatus(KeyManagerImpl.java:1210) ~[ozone-manager-1.3.0-SNAPSHOT.jar:?]
	at org.apache.hadoop.ozone.om.OzoneManager.getFileStatus(OzoneManager.java:3067) ~[ozone-manager-1.3.0-SNAPSHOT.jar:?]
	at org.apache.hadoop.ozone.protocolPB.OzoneManagerRequestHandler.getOzoneFileStatus(OzoneManagerRequestHandler.java:670) ~[ozone-manager-1.3.0-SNAPSHOT.jar:?]
	at org.apache.hadoop.ozone.protocolPB.OzoneManagerRequestHandler.handleReadRequest(OzoneManagerRequestHandler.java:201) ~[ozone-manager-1.3.0-SNAPSHOT.jar:?]
	at org.apache.hadoop.ozone.protocolPB.OzoneManagerProtocolServerSideTranslatorPB.submitRequestDirectlyToOM(OzoneManagerProtocolServerSideTranslatorPB.java:271) ~[ozone-manager-1.3.0-SNAPSHOT.jar:?]
	at org.apache.hadoop.ozone.protocolPB.OzoneManagerProtocolServerSideTranslatorPB.processRequest(OzoneManagerProtocolServerSideTranslatorPB.java:195) ~[ozone-manager-1.3.0-SNAPSHOT.jar:?]
	at org.apache.hadoop.hdds.server.OzoneProtocolMessageDispatcher.processRequest(OzoneProtocolMessageDispatcher.java:87) [hdds-server-framework-1.3.0-SNAPSHOT.jar:?]
	at org.apache.hadoop.ozone.protocolPB.OzoneManagerProtocolServerSideTranslatorPB.submitRequest(OzoneManagerProtocolServerSideTranslatorPB.java:146) [ozone-manager-1.3.0-SNAPSHOT.jar:?]
	at org.apache.hadoop.ozone.protocol.proto.OzoneManagerProtocolProtos$OzoneManagerService$2.callBlockingMethod(OzoneManagerProtocolProtos.java) [ozone-interface-client-1.3.0-SNAPSHOT.jar:?]
	at org.apache.hadoop.ipc.ProtobufRpcEngine$Server.processCall(ProtobufRpcEngine.java:466) [hadoop-common-3.3.1.jar:?]
	at org.apache.hadoop.ipc.ProtobufRpcEngine2$Server$ProtoBufRpcInvoker.call(ProtobufRpcEngine2.java:574) [hadoop-common-3.3.1.jar:?]
	at org.apache.hadoop.ipc.ProtobufRpcEngine2$Server$ProtoBufRpcInvoker.call(ProtobufRpcEngine2.java:552) [hadoop-common-3.3.1.jar:?]
	at org.apache.hadoop.ipc.RPC$Server.call(RPC.java:1093) [hadoop-common-3.3.1.jar:?]
	at org.apache.hadoop.ipc.Server$RpcCall.run(Server.java:1035) [hadoop-common-3.3.1.jar:?]
	at org.apache.hadoop.ipc.Server$RpcCall.run(Server.java:963) [hadoop-common-3.3.1.jar:?]
	at java.security.AccessController.doPrivileged(Native Method) ~[?:1.8.0_322]
	at javax.security.auth.Subject.doAs(Subject.java:422) [?:1.8.0_322]
	at org.apache.hadoop.security.UserGroupInformation.doAs(UserGroupInformation.java:1878) [hadoop-common-3.3.1.jar:?]
	at org.apache.hadoop.ipc.Server$Handler.run(Server.java:2966) [hadoop-common-3.3.1.jar:?]
03:15:08.332 [IPC Server handler 11 on default port 33297] ERROR OMAudit - user=runner | ip=127.0.0.1 | op=GET_FILE_STATUS {volume=volume52652, bucket=bucket91449, key=root_dir/file1/c, dataSize=0, replicationConfig=null} | ret=FAILURE
org.apache.hadoop.ozone.om.exceptions.OMException: Unable to get file status: volume: volume52652 bucket: bucket91449 key: root_dir/file1/c
	at org.apache.hadoop.ozone.om.KeyManagerImpl.getOzoneFileStatus(KeyManagerImpl.java:1280) ~[ozone-manager-1.3.0-SNAPSHOT.jar:?]
	at org.apache.hadoop.ozone.om.KeyManagerImpl.getFileStatus(KeyManagerImpl.java:1210) ~[ozone-manager-1.3.0-SNAPSHOT.jar:?]
	at org.apache.hadoop.ozone.om.OzoneManager.getFileStatus(OzoneManager.java:3067) ~[ozone-manager-1.3.0-SNAPSHOT.jar:?]
	at org.apache.hadoop.ozone.protocolPB.OzoneManagerRequestHandler.getOzoneFileStatus(OzoneManagerRequestHandler.java:670) ~[ozone-manager-1.3.0-SNAPSHOT.jar:?]
	at org.apache.hadoop.ozone.protocolPB.OzoneManagerRequestHandler.handleReadRequest(OzoneManagerRequestHandler.java:201) ~[ozone-manager-1.3.0-SNAPSHOT.jar:?]
	at org.apache.hadoop.ozone.protocolPB.OzoneManagerProtocolServerSideTranslatorPB.submitRequestDirectlyToOM(OzoneManagerProtocolServerSideTranslatorPB.java:271) ~[ozone-manager-1.3.0-SNAPSHOT.jar:?]
	at org.apache.hadoop.ozone.protocolPB.OzoneManagerProtocolServerSideTranslatorPB.processRequest(OzoneManagerProtocolServerSideTranslatorPB.java:195) ~[ozone-manager-1.3.0-SNAPSHOT.jar:?]
	at org.apache.hadoop.hdds.server.OzoneProtocolMessageDispatcher.processRequest(OzoneProtocolMessageDispatcher.java:87) [hdds-server-framework-1.3.0-SNAPSHOT.jar:?]
	at org.apache.hadoop.ozone.protocolPB.OzoneManagerProtocolServerSideTranslatorPB.submitRequest(OzoneManagerProtocolServerSideTranslatorPB.java:146) [ozone-manager-1.3.0-SNAPSHOT.jar:?]
	at org.apache.hadoop.ozone.protocol.proto.OzoneManagerProtocolProtos$OzoneManagerService$2.callBlockingMethod(OzoneManagerProtocolProtos.java) [ozone-interface-client-1.3.0-SNAPSHOT.jar:?]
	at org.apache.hadoop.ipc.ProtobufRpcEngine$Server.processCall(ProtobufRpcEngine.java:466) [hadoop-common-3.3.1.jar:?]
	at org.apache.hadoop.ipc.ProtobufRpcEngine2$Server$ProtoBufRpcInvoker.call(ProtobufRpcEngine2.java:574) [hadoop-common-3.3.1.jar:?]
	at org.apache.hadoop.ipc.ProtobufRpcEngine2$Server$ProtoBufRpcInvoker.call(ProtobufRpcEngine2.java:552) [hadoop-common-3.3.1.jar:?]
	at org.apache.hadoop.ipc.RPC$Server.call(RPC.java:1093) [hadoop-common-3.3.1.jar:?]
	at org.apache.hadoop.ipc.Server$RpcCall.run(Server.java:1035) [hadoop-common-3.3.1.jar:?]
	at org.apache.hadoop.ipc.Server$RpcCall.run(Server.java:963) [hadoop-common-3.3.1.jar:?]
	at java.security.AccessController.doPrivileged(Native Method) ~[?:1.8.0_322]
	at javax.security.auth.Subject.doAs(Subject.java:422) [?:1.8.0_322]
	at org.apache.hadoop.security.UserGroupInformation.doAs(UserGroupInformation.java:1878) [hadoop-common-3.3.1.jar:?]
	at org.apache.hadoop.ipc.Server$Handler.run(Server.java:2966) [hadoop-common-3.3.1.jar:?]
]]></system-out>
  </testcase>
  <testcase name="testRenameDestinationParentDoesntExist" classname="TestRootedOzoneFileSystem" time="0.158">
    <system-out><![CDATA[2022-05-04 03:16:27,157 [Time-limited test] INFO  rpc.RpcClient (RpcClient.java:createVolume(448)) - Creating Volume: volume17804, with user55928 as owner and space quota set to -1 bytes, counts quota set to -1
2022-05-04 03:16:27,160 [OM StateMachine ApplyTransaction Thread - 0] INFO  volume.OMVolumeCreateRequest (OMVolumeCreateRequest.java:validateAndUpdateCache(195)) - created volume:volume17804 for user:user55928
2022-05-04 03:16:27,172 [Time-limited test] INFO  rpc.RpcClient (RpcClient.java:createBucket(637)) - Creating Bucket: volume17804/bucket49121, with runner as owner and Versioning false and Storage Type set to DISK and Encryption set to false 
2022-05-04 03:16:27,173 [OM StateMachine ApplyTransaction Thread - 0] INFO  bucket.OMBucketCreateRequest (OMBucketCreateRequest.java:validateAndUpdateCache(258)) - created bucket: bucket49121 of layout LEGACY in volume: volume17804
03:16:27.179 [IPC Server handler 18 on default port 37999] ERROR OMAudit - user=runner | ip=127.0.0.1 | op=GET_FILE_STATUS {volume=volume17804, bucket=bucket49121, key=root_dir/b/c, dataSize=0, replicationConfig=null} | ret=FAILURE
org.apache.hadoop.ozone.om.exceptions.OMException: Unable to get file status: volume: volume17804 bucket: bucket49121 key: root_dir/b/c
	at org.apache.hadoop.ozone.om.KeyManagerImpl.getOzoneFileStatus(KeyManagerImpl.java:1280) ~[ozone-manager-1.3.0-SNAPSHOT.jar:?]
	at org.apache.hadoop.ozone.om.KeyManagerImpl.getFileStatus(KeyManagerImpl.java:1210) ~[ozone-manager-1.3.0-SNAPSHOT.jar:?]
	at org.apache.hadoop.ozone.om.OzoneManager.getFileStatus(OzoneManager.java:3067) ~[ozone-manager-1.3.0-SNAPSHOT.jar:?]
	at org.apache.hadoop.ozone.protocolPB.OzoneManagerRequestHandler.getOzoneFileStatus(OzoneManagerRequestHandler.java:670) ~[ozone-manager-1.3.0-SNAPSHOT.jar:?]
	at org.apache.hadoop.ozone.protocolPB.OzoneManagerRequestHandler.handleReadRequest(OzoneManagerRequestHandler.java:201) ~[ozone-manager-1.3.0-SNAPSHOT.jar:?]
	at org.apache.hadoop.ozone.protocolPB.OzoneManagerProtocolServerSideTranslatorPB.submitReadRequestToOM(OzoneManagerProtocolServerSideTranslatorPB.java:213) ~[ozone-manager-1.3.0-SNAPSHOT.jar:?]
	at org.apache.hadoop.ozone.protocolPB.OzoneManagerProtocolServerSideTranslatorPB.processRequest(OzoneManagerProtocolServerSideTranslatorPB.java:174) ~[ozone-manager-1.3.0-SNAPSHOT.jar:?]
	at org.apache.hadoop.hdds.server.OzoneProtocolMessageDispatcher.processRequest(OzoneProtocolMessageDispatcher.java:87) [hdds-server-framework-1.3.0-SNAPSHOT.jar:?]
	at org.apache.hadoop.ozone.protocolPB.OzoneManagerProtocolServerSideTranslatorPB.submitRequest(OzoneManagerProtocolServerSideTranslatorPB.java:146) [ozone-manager-1.3.0-SNAPSHOT.jar:?]
	at org.apache.hadoop.ozone.protocol.proto.OzoneManagerProtocolProtos$OzoneManagerService$2.callBlockingMethod(OzoneManagerProtocolProtos.java) [ozone-interface-client-1.3.0-SNAPSHOT.jar:?]
	at org.apache.hadoop.ipc.ProtobufRpcEngine$Server.processCall(ProtobufRpcEngine.java:466) [hadoop-common-3.3.1.jar:?]
	at org.apache.hadoop.ipc.ProtobufRpcEngine2$Server$ProtoBufRpcInvoker.call(ProtobufRpcEngine2.java:574) [hadoop-common-3.3.1.jar:?]
	at org.apache.hadoop.ipc.ProtobufRpcEngine2$Server$ProtoBufRpcInvoker.call(ProtobufRpcEngine2.java:552) [hadoop-common-3.3.1.jar:?]
	at org.apache.hadoop.ipc.RPC$Server.call(RPC.java:1093) [hadoop-common-3.3.1.jar:?]
	at org.apache.hadoop.ipc.Server$RpcCall.run(Server.java:1035) [hadoop-common-3.3.1.jar:?]
	at org.apache.hadoop.ipc.Server$RpcCall.run(Server.java:963) [hadoop-common-3.3.1.jar:?]
	at java.security.AccessController.doPrivileged(Native Method) ~[?:1.8.0_322]
	at javax.security.auth.Subject.doAs(Subject.java:422) [?:1.8.0_322]
	at org.apache.hadoop.security.UserGroupInformation.doAs(UserGroupInformation.java:1878) [hadoop-common-3.3.1.jar:?]
	at org.apache.hadoop.ipc.Server$Handler.run(Server.java:2966) [hadoop-common-3.3.1.jar:?]
03:16:27.180 [IPC Server handler 0 on default port 37999] ERROR OMAudit - user=runner | ip=127.0.0.1 | op=GET_FILE_STATUS {volume=volume17804, bucket=bucket49121, key=root_dir/b, dataSize=0, replicationConfig=null} | ret=FAILURE
org.apache.hadoop.ozone.om.exceptions.OMException: Unable to get file status: volume: volume17804 bucket: bucket49121 key: root_dir/b
	at org.apache.hadoop.ozone.om.KeyManagerImpl.getOzoneFileStatus(KeyManagerImpl.java:1280) ~[ozone-manager-1.3.0-SNAPSHOT.jar:?]
	at org.apache.hadoop.ozone.om.KeyManagerImpl.getFileStatus(KeyManagerImpl.java:1210) ~[ozone-manager-1.3.0-SNAPSHOT.jar:?]
	at org.apache.hadoop.ozone.om.OzoneManager.getFileStatus(OzoneManager.java:3067) ~[ozone-manager-1.3.0-SNAPSHOT.jar:?]
	at org.apache.hadoop.ozone.protocolPB.OzoneManagerRequestHandler.getOzoneFileStatus(OzoneManagerRequestHandler.java:670) ~[ozone-manager-1.3.0-SNAPSHOT.jar:?]
	at org.apache.hadoop.ozone.protocolPB.OzoneManagerRequestHandler.handleReadRequest(OzoneManagerRequestHandler.java:201) ~[ozone-manager-1.3.0-SNAPSHOT.jar:?]
	at org.apache.hadoop.ozone.protocolPB.OzoneManagerProtocolServerSideTranslatorPB.submitReadRequestToOM(OzoneManagerProtocolServerSideTranslatorPB.java:213) ~[ozone-manager-1.3.0-SNAPSHOT.jar:?]
	at org.apache.hadoop.ozone.protocolPB.OzoneManagerProtocolServerSideTranslatorPB.processRequest(OzoneManagerProtocolServerSideTranslatorPB.java:174) ~[ozone-manager-1.3.0-SNAPSHOT.jar:?]
	at org.apache.hadoop.hdds.server.OzoneProtocolMessageDispatcher.processRequest(OzoneProtocolMessageDispatcher.java:87) [hdds-server-framework-1.3.0-SNAPSHOT.jar:?]
	at org.apache.hadoop.ozone.protocolPB.OzoneManagerProtocolServerSideTranslatorPB.submitRequest(OzoneManagerProtocolServerSideTranslatorPB.java:146) [ozone-manager-1.3.0-SNAPSHOT.jar:?]
	at org.apache.hadoop.ozone.protocol.proto.OzoneManagerProtocolProtos$OzoneManagerService$2.callBlockingMethod(OzoneManagerProtocolProtos.java) [ozone-interface-client-1.3.0-SNAPSHOT.jar:?]
	at org.apache.hadoop.ipc.ProtobufRpcEngine$Server.processCall(ProtobufRpcEngine.java:466) [hadoop-common-3.3.1.jar:?]
	at org.apache.hadoop.ipc.ProtobufRpcEngine2$Server$ProtoBufRpcInvoker.call(ProtobufRpcEngine2.java:574) [hadoop-common-3.3.1.jar:?]
	at org.apache.hadoop.ipc.ProtobufRpcEngine2$Server$ProtoBufRpcInvoker.call(ProtobufRpcEngine2.java:552) [hadoop-common-3.3.1.jar:?]
	at org.apache.hadoop.ipc.RPC$Server.call(RPC.java:1093) [hadoop-common-3.3.1.jar:?]
	at org.apache.hadoop.ipc.Server$RpcCall.run(Server.java:1035) [hadoop-common-3.3.1.jar:?]
	at org.apache.hadoop.ipc.Server$RpcCall.run(Server.java:963) [hadoop-common-3.3.1.jar:?]
	at java.security.AccessController.doPrivileged(Native Method) ~[?:1.8.0_322]
	at javax.security.auth.Subject.doAs(Subject.java:422) [?:1.8.0_322]
	at org.apache.hadoop.security.UserGroupInformation.doAs(UserGroupInformation.java:1878) [hadoop-common-3.3.1.jar:?]
	at org.apache.hadoop.ipc.Server$Handler.run(Server.java:2966) [hadoop-common-3.3.1.jar:?]
03:16:27.190 [IPC Server handler 8 on default port 37999] ERROR OMAudit - user=runner | ip=127.0.0.1 | op=GET_FILE_STATUS {volume=volume17804, bucket=bucket49121, key=root_dir/file1/c, dataSize=0, replicationConfig=null} | ret=FAILURE
org.apache.hadoop.ozone.om.exceptions.OMException: Unable to get file status: volume: volume17804 bucket: bucket49121 key: root_dir/file1/c
	at org.apache.hadoop.ozone.om.KeyManagerImpl.getOzoneFileStatus(KeyManagerImpl.java:1280) ~[ozone-manager-1.3.0-SNAPSHOT.jar:?]
	at org.apache.hadoop.ozone.om.KeyManagerImpl.getFileStatus(KeyManagerImpl.java:1210) ~[ozone-manager-1.3.0-SNAPSHOT.jar:?]
	at org.apache.hadoop.ozone.om.OzoneManager.getFileStatus(OzoneManager.java:3067) ~[ozone-manager-1.3.0-SNAPSHOT.jar:?]
	at org.apache.hadoop.ozone.protocolPB.OzoneManagerRequestHandler.getOzoneFileStatus(OzoneManagerRequestHandler.java:670) ~[ozone-manager-1.3.0-SNAPSHOT.jar:?]
	at org.apache.hadoop.ozone.protocolPB.OzoneManagerRequestHandler.handleReadRequest(OzoneManagerRequestHandler.java:201) ~[ozone-manager-1.3.0-SNAPSHOT.jar:?]
	at org.apache.hadoop.ozone.protocolPB.OzoneManagerProtocolServerSideTranslatorPB.submitReadRequestToOM(OzoneManagerProtocolServerSideTranslatorPB.java:213) ~[ozone-manager-1.3.0-SNAPSHOT.jar:?]
	at org.apache.hadoop.ozone.protocolPB.OzoneManagerProtocolServerSideTranslatorPB.processRequest(OzoneManagerProtocolServerSideTranslatorPB.java:174) ~[ozone-manager-1.3.0-SNAPSHOT.jar:?]
	at org.apache.hadoop.hdds.server.OzoneProtocolMessageDispatcher.processRequest(OzoneProtocolMessageDispatcher.java:87) [hdds-server-framework-1.3.0-SNAPSHOT.jar:?]
	at org.apache.hadoop.ozone.protocolPB.OzoneManagerProtocolServerSideTranslatorPB.submitRequest(OzoneManagerProtocolServerSideTranslatorPB.java:146) [ozone-manager-1.3.0-SNAPSHOT.jar:?]
	at org.apache.hadoop.ozone.protocol.proto.OzoneManagerProtocolProtos$OzoneManagerService$2.callBlockingMethod(OzoneManagerProtocolProtos.java) [ozone-interface-client-1.3.0-SNAPSHOT.jar:?]
	at org.apache.hadoop.ipc.ProtobufRpcEngine$Server.processCall(ProtobufRpcEngine.java:466) [hadoop-common-3.3.1.jar:?]
	at org.apache.hadoop.ipc.ProtobufRpcEngine2$Server$ProtoBufRpcInvoker.call(ProtobufRpcEngine2.java:574) [hadoop-common-3.3.1.jar:?]
	at org.apache.hadoop.ipc.ProtobufRpcEngine2$Server$ProtoBufRpcInvoker.call(ProtobufRpcEngine2.java:552) [hadoop-common-3.3.1.jar:?]
	at org.apache.hadoop.ipc.RPC$Server.call(RPC.java:1093) [hadoop-common-3.3.1.jar:?]
	at org.apache.hadoop.ipc.Server$RpcCall.run(Server.java:1035) [hadoop-common-3.3.1.jar:?]
	at org.apache.hadoop.ipc.Server$RpcCall.run(Server.java:963) [hadoop-common-3.3.1.jar:?]
	at java.security.AccessController.doPrivileged(Native Method) ~[?:1.8.0_322]
	at javax.security.auth.Subject.doAs(Subject.java:422) [?:1.8.0_322]
	at org.apache.hadoop.security.UserGroupInformation.doAs(UserGroupInformation.java:1878) [hadoop-common-3.3.1.jar:?]
	at org.apache.hadoop.ipc.Server$Handler.run(Server.java:2966) [hadoop-common-3.3.1.jar:?]
]]></system-out>
  </testcase>
  <testcase name="testRenameDestinationParentDoesntExist" classname="TestRootedOzoneFileSystem" time="0.12">
    <system-out><![CDATA[2022-05-04 03:18:02,135 [Time-limited test] INFO  rpc.RpcClient (RpcClient.java:createVolume(448)) - Creating Volume: volume48225, with user61515 as owner and space quota set to -1 bytes, counts quota set to -1
2022-05-04 03:18:02,136 [IPC Server handler 12 on default port 33661] INFO  volume.OMVolumeCreateRequest (OMVolumeCreateRequest.java:validateAndUpdateCache(195)) - created volume:volume48225 for user:user61515
2022-05-04 03:18:02,142 [Time-limited test] INFO  rpc.RpcClient (RpcClient.java:createBucket(637)) - Creating Bucket: volume48225/bucket57925, with runner as owner and Versioning false and Storage Type set to DISK and Encryption set to false 
2022-05-04 03:18:02,142 [IPC Server handler 3 on default port 33661] INFO  bucket.OMBucketCreateRequest (OMBucketCreateRequest.java:validateAndUpdateCache(258)) - created bucket: bucket57925 of layout LEGACY in volume: volume48225
03:18:02.147 [IPC Server handler 4 on default port 33661] ERROR OMAudit - user=runner | ip=127.0.0.1 | op=GET_FILE_STATUS {volume=volume48225, bucket=bucket57925, key=root_dir/b/c, dataSize=0, replicationConfig=null} | ret=FAILURE
org.apache.hadoop.ozone.om.exceptions.OMException: Unable to get file status: volume: volume48225 bucket: bucket57925 key: root_dir/b/c
	at org.apache.hadoop.ozone.om.KeyManagerImpl.getOzoneFileStatus(KeyManagerImpl.java:1280) ~[ozone-manager-1.3.0-SNAPSHOT.jar:?]
	at org.apache.hadoop.ozone.om.KeyManagerImpl.getFileStatus(KeyManagerImpl.java:1210) ~[ozone-manager-1.3.0-SNAPSHOT.jar:?]
	at org.apache.hadoop.ozone.om.OzoneManager.getFileStatus(OzoneManager.java:3067) ~[ozone-manager-1.3.0-SNAPSHOT.jar:?]
	at org.apache.hadoop.ozone.protocolPB.OzoneManagerRequestHandler.getOzoneFileStatus(OzoneManagerRequestHandler.java:670) ~[ozone-manager-1.3.0-SNAPSHOT.jar:?]
	at org.apache.hadoop.ozone.protocolPB.OzoneManagerRequestHandler.handleReadRequest(OzoneManagerRequestHandler.java:201) ~[ozone-manager-1.3.0-SNAPSHOT.jar:?]
	at org.apache.hadoop.ozone.protocolPB.OzoneManagerProtocolServerSideTranslatorPB.submitRequestDirectlyToOM(OzoneManagerProtocolServerSideTranslatorPB.java:271) ~[ozone-manager-1.3.0-SNAPSHOT.jar:?]
	at org.apache.hadoop.ozone.protocolPB.OzoneManagerProtocolServerSideTranslatorPB.processRequest(OzoneManagerProtocolServerSideTranslatorPB.java:195) ~[ozone-manager-1.3.0-SNAPSHOT.jar:?]
	at org.apache.hadoop.hdds.server.OzoneProtocolMessageDispatcher.processRequest(OzoneProtocolMessageDispatcher.java:87) [hdds-server-framework-1.3.0-SNAPSHOT.jar:?]
	at org.apache.hadoop.ozone.protocolPB.OzoneManagerProtocolServerSideTranslatorPB.submitRequest(OzoneManagerProtocolServerSideTranslatorPB.java:146) [ozone-manager-1.3.0-SNAPSHOT.jar:?]
	at org.apache.hadoop.ozone.protocol.proto.OzoneManagerProtocolProtos$OzoneManagerService$2.callBlockingMethod(OzoneManagerProtocolProtos.java) [ozone-interface-client-1.3.0-SNAPSHOT.jar:?]
	at org.apache.hadoop.ipc.ProtobufRpcEngine$Server.processCall(ProtobufRpcEngine.java:466) [hadoop-common-3.3.1.jar:?]
	at org.apache.hadoop.ipc.ProtobufRpcEngine2$Server$ProtoBufRpcInvoker.call(ProtobufRpcEngine2.java:574) [hadoop-common-3.3.1.jar:?]
	at org.apache.hadoop.ipc.ProtobufRpcEngine2$Server$ProtoBufRpcInvoker.call(ProtobufRpcEngine2.java:552) [hadoop-common-3.3.1.jar:?]
	at org.apache.hadoop.ipc.RPC$Server.call(RPC.java:1093) [hadoop-common-3.3.1.jar:?]
	at org.apache.hadoop.ipc.Server$RpcCall.run(Server.java:1035) [hadoop-common-3.3.1.jar:?]
	at org.apache.hadoop.ipc.Server$RpcCall.run(Server.java:963) [hadoop-common-3.3.1.jar:?]
	at java.security.AccessController.doPrivileged(Native Method) ~[?:1.8.0_322]
	at javax.security.auth.Subject.doAs(Subject.java:422) [?:1.8.0_322]
	at org.apache.hadoop.security.UserGroupInformation.doAs(UserGroupInformation.java:1878) [hadoop-common-3.3.1.jar:?]
	at org.apache.hadoop.ipc.Server$Handler.run(Server.java:2966) [hadoop-common-3.3.1.jar:?]
03:18:02.148 [IPC Server handler 7 on default port 33661] ERROR OMAudit - user=runner | ip=127.0.0.1 | op=GET_FILE_STATUS {volume=volume48225, bucket=bucket57925, key=root_dir/b, dataSize=0, replicationConfig=null} | ret=FAILURE
org.apache.hadoop.ozone.om.exceptions.OMException: Unable to get file status: volume: volume48225 bucket: bucket57925 key: root_dir/b
	at org.apache.hadoop.ozone.om.KeyManagerImpl.getOzoneFileStatus(KeyManagerImpl.java:1280) ~[ozone-manager-1.3.0-SNAPSHOT.jar:?]
	at org.apache.hadoop.ozone.om.KeyManagerImpl.getFileStatus(KeyManagerImpl.java:1210) ~[ozone-manager-1.3.0-SNAPSHOT.jar:?]
	at org.apache.hadoop.ozone.om.OzoneManager.getFileStatus(OzoneManager.java:3067) ~[ozone-manager-1.3.0-SNAPSHOT.jar:?]
	at org.apache.hadoop.ozone.protocolPB.OzoneManagerRequestHandler.getOzoneFileStatus(OzoneManagerRequestHandler.java:670) ~[ozone-manager-1.3.0-SNAPSHOT.jar:?]
	at org.apache.hadoop.ozone.protocolPB.OzoneManagerRequestHandler.handleReadRequest(OzoneManagerRequestHandler.java:201) ~[ozone-manager-1.3.0-SNAPSHOT.jar:?]
	at org.apache.hadoop.ozone.protocolPB.OzoneManagerProtocolServerSideTranslatorPB.submitRequestDirectlyToOM(OzoneManagerProtocolServerSideTranslatorPB.java:271) ~[ozone-manager-1.3.0-SNAPSHOT.jar:?]
	at org.apache.hadoop.ozone.protocolPB.OzoneManagerProtocolServerSideTranslatorPB.processRequest(OzoneManagerProtocolServerSideTranslatorPB.java:195) ~[ozone-manager-1.3.0-SNAPSHOT.jar:?]
	at org.apache.hadoop.hdds.server.OzoneProtocolMessageDispatcher.processRequest(OzoneProtocolMessageDispatcher.java:87) [hdds-server-framework-1.3.0-SNAPSHOT.jar:?]
	at org.apache.hadoop.ozone.protocolPB.OzoneManagerProtocolServerSideTranslatorPB.submitRequest(OzoneManagerProtocolServerSideTranslatorPB.java:146) [ozone-manager-1.3.0-SNAPSHOT.jar:?]
	at org.apache.hadoop.ozone.protocol.proto.OzoneManagerProtocolProtos$OzoneManagerService$2.callBlockingMethod(OzoneManagerProtocolProtos.java) [ozone-interface-client-1.3.0-SNAPSHOT.jar:?]
	at org.apache.hadoop.ipc.ProtobufRpcEngine$Server.processCall(ProtobufRpcEngine.java:466) [hadoop-common-3.3.1.jar:?]
	at org.apache.hadoop.ipc.ProtobufRpcEngine2$Server$ProtoBufRpcInvoker.call(ProtobufRpcEngine2.java:574) [hadoop-common-3.3.1.jar:?]
	at org.apache.hadoop.ipc.ProtobufRpcEngine2$Server$ProtoBufRpcInvoker.call(ProtobufRpcEngine2.java:552) [hadoop-common-3.3.1.jar:?]
	at org.apache.hadoop.ipc.RPC$Server.call(RPC.java:1093) [hadoop-common-3.3.1.jar:?]
	at org.apache.hadoop.ipc.Server$RpcCall.run(Server.java:1035) [hadoop-common-3.3.1.jar:?]
	at org.apache.hadoop.ipc.Server$RpcCall.run(Server.java:963) [hadoop-common-3.3.1.jar:?]
	at java.security.AccessController.doPrivileged(Native Method) ~[?:1.8.0_322]
	at javax.security.auth.Subject.doAs(Subject.java:422) [?:1.8.0_322]
	at org.apache.hadoop.security.UserGroupInformation.doAs(UserGroupInformation.java:1878) [hadoop-common-3.3.1.jar:?]
	at org.apache.hadoop.ipc.Server$Handler.run(Server.java:2966) [hadoop-common-3.3.1.jar:?]
03:18:02.166 [IPC Server handler 12 on default port 33661] ERROR OMAudit - user=runner | ip=127.0.0.1 | op=GET_FILE_STATUS {volume=volume48225, bucket=bucket57925, key=root_dir/file1/c, dataSize=0, replicationConfig=null} | ret=FAILURE
org.apache.hadoop.ozone.om.exceptions.OMException: Unable to get file status: volume: volume48225 bucket: bucket57925 key: root_dir/file1/c
	at org.apache.hadoop.ozone.om.KeyManagerImpl.getOzoneFileStatus(KeyManagerImpl.java:1280) ~[ozone-manager-1.3.0-SNAPSHOT.jar:?]
	at org.apache.hadoop.ozone.om.KeyManagerImpl.getFileStatus(KeyManagerImpl.java:1210) ~[ozone-manager-1.3.0-SNAPSHOT.jar:?]
	at org.apache.hadoop.ozone.om.OzoneManager.getFileStatus(OzoneManager.java:3067) ~[ozone-manager-1.3.0-SNAPSHOT.jar:?]
	at org.apache.hadoop.ozone.protocolPB.OzoneManagerRequestHandler.getOzoneFileStatus(OzoneManagerRequestHandler.java:670) ~[ozone-manager-1.3.0-SNAPSHOT.jar:?]
	at org.apache.hadoop.ozone.protocolPB.OzoneManagerRequestHandler.handleReadRequest(OzoneManagerRequestHandler.java:201) ~[ozone-manager-1.3.0-SNAPSHOT.jar:?]
	at org.apache.hadoop.ozone.protocolPB.OzoneManagerProtocolServerSideTranslatorPB.submitRequestDirectlyToOM(OzoneManagerProtocolServerSideTranslatorPB.java:271) ~[ozone-manager-1.3.0-SNAPSHOT.jar:?]
	at org.apache.hadoop.ozone.protocolPB.OzoneManagerProtocolServerSideTranslatorPB.processRequest(OzoneManagerProtocolServerSideTranslatorPB.java:195) ~[ozone-manager-1.3.0-SNAPSHOT.jar:?]
	at org.apache.hadoop.hdds.server.OzoneProtocolMessageDispatcher.processRequest(OzoneProtocolMessageDispatcher.java:87) [hdds-server-framework-1.3.0-SNAPSHOT.jar:?]
	at org.apache.hadoop.ozone.protocolPB.OzoneManagerProtocolServerSideTranslatorPB.submitRequest(OzoneManagerProtocolServerSideTranslatorPB.java:146) [ozone-manager-1.3.0-SNAPSHOT.jar:?]
	at org.apache.hadoop.ozone.protocol.proto.OzoneManagerProtocolProtos$OzoneManagerService$2.callBlockingMethod(OzoneManagerProtocolProtos.java) [ozone-interface-client-1.3.0-SNAPSHOT.jar:?]
	at org.apache.hadoop.ipc.ProtobufRpcEngine$Server.processCall(ProtobufRpcEngine.java:466) [hadoop-common-3.3.1.jar:?]
	at org.apache.hadoop.ipc.ProtobufRpcEngine2$Server$ProtoBufRpcInvoker.call(ProtobufRpcEngine2.java:574) [hadoop-common-3.3.1.jar:?]
	at org.apache.hadoop.ipc.ProtobufRpcEngine2$Server$ProtoBufRpcInvoker.call(ProtobufRpcEngine2.java:552) [hadoop-common-3.3.1.jar:?]
	at org.apache.hadoop.ipc.RPC$Server.call(RPC.java:1093) [hadoop-common-3.3.1.jar:?]
	at org.apache.hadoop.ipc.Server$RpcCall.run(Server.java:1035) [hadoop-common-3.3.1.jar:?]
	at org.apache.hadoop.ipc.Server$RpcCall.run(Server.java:963) [hadoop-common-3.3.1.jar:?]
	at java.security.AccessController.doPrivileged(Native Method) ~[?:1.8.0_322]
	at javax.security.auth.Subject.doAs(Subject.java:422) [?:1.8.0_322]
	at org.apache.hadoop.security.UserGroupInformation.doAs(UserGroupInformation.java:1878) [hadoop-common-3.3.1.jar:?]
	at org.apache.hadoop.ipc.Server$Handler.run(Server.java:2966) [hadoop-common-3.3.1.jar:?]
]]></system-out>
  </testcase>
  <testcase name="testGetFileStatusRoot" classname="TestRootedOzoneFileSystem" time="0.068">
    <system-out><![CDATA[2022-05-04 03:12:31,560 [Time-limited test] INFO  rpc.RpcClient (RpcClient.java:createVolume(448)) - Creating Volume: volume29872, with user91092 as owner and space quota set to -1 bytes, counts quota set to -1
2022-05-04 03:12:31,566 [OM StateMachine ApplyTransaction Thread - 0] INFO  volume.OMVolumeCreateRequest (OMVolumeCreateRequest.java:validateAndUpdateCache(195)) - created volume:volume29872 for user:user91092
2022-05-04 03:12:31,569 [Time-limited test] INFO  rpc.RpcClient (RpcClient.java:createBucket(637)) - Creating Bucket: volume29872/bucket89660, with runner as owner and Versioning false and Storage Type set to DISK and Encryption set to false 
2022-05-04 03:12:31,572 [OM StateMachine ApplyTransaction Thread - 0] INFO  bucket.OMBucketCreateRequest (OMBucketCreateRequest.java:validateAndUpdateCache(258)) - created bucket: bucket89660 of layout LEGACY in volume: volume29872
]]></system-out>
  </testcase>
  <testcase name="testGetFileStatusRoot" classname="TestRootedOzoneFileSystem" time="0.069">
    <system-out><![CDATA[2022-05-04 03:13:53,532 [Time-limited test] INFO  rpc.RpcClient (RpcClient.java:createVolume(448)) - Creating Volume: volume33895, with user07307 as owner and space quota set to -1 bytes, counts quota set to -1
2022-05-04 03:13:53,534 [OM StateMachine ApplyTransaction Thread - 0] INFO  volume.OMVolumeCreateRequest (OMVolumeCreateRequest.java:validateAndUpdateCache(195)) - created volume:volume33895 for user:user07307
2022-05-04 03:13:53,535 [Time-limited test] INFO  rpc.RpcClient (RpcClient.java:createBucket(637)) - Creating Bucket: volume33895/bucket94849, with runner as owner and Versioning false and Storage Type set to DISK and Encryption set to false 
2022-05-04 03:13:53,537 [OM StateMachine ApplyTransaction Thread - 0] INFO  bucket.OMBucketCreateRequest (OMBucketCreateRequest.java:validateAndUpdateCache(258)) - created bucket: bucket94849 of layout LEGACY in volume: volume33895
]]></system-out>
  </testcase>
  <testcase name="testGetFileStatusRoot" classname="TestRootedOzoneFileSystem" time="0.082">
    <system-out><![CDATA[2022-05-04 03:15:08,400 [Time-limited test] INFO  rpc.RpcClient (RpcClient.java:createVolume(448)) - Creating Volume: volume96069, with user22561 as owner and space quota set to -1 bytes, counts quota set to -1
2022-05-04 03:15:08,403 [IPC Server handler 18 on default port 33297] INFO  volume.OMVolumeCreateRequest (OMVolumeCreateRequest.java:validateAndUpdateCache(195)) - created volume:volume96069 for user:user22561
2022-05-04 03:15:08,408 [Time-limited test] INFO  rpc.RpcClient (RpcClient.java:createBucket(637)) - Creating Bucket: volume96069/bucket31991, with runner as owner and Versioning false and Storage Type set to DISK and Encryption set to false 
2022-05-04 03:15:08,409 [IPC Server handler 19 on default port 33297] INFO  bucket.OMBucketCreateRequest (OMBucketCreateRequest.java:validateAndUpdateCache(258)) - created bucket: bucket31991 of layout LEGACY in volume: volume96069
]]></system-out>
  </testcase>
  <testcase name="testGetFileStatusRoot" classname="TestRootedOzoneFileSystem" time="0.137">
    <system-out><![CDATA[2022-05-04 03:16:27,294 [Time-limited test] INFO  rpc.RpcClient (RpcClient.java:createVolume(448)) - Creating Volume: volume51473, with user86528 as owner and space quota set to -1 bytes, counts quota set to -1
2022-05-04 03:16:27,298 [OM StateMachine ApplyTransaction Thread - 0] INFO  volume.OMVolumeCreateRequest (OMVolumeCreateRequest.java:validateAndUpdateCache(195)) - created volume:volume51473 for user:user86528
2022-05-04 03:16:27,300 [Time-limited test] INFO  rpc.RpcClient (RpcClient.java:createBucket(637)) - Creating Bucket: volume51473/bucket54862, with runner as owner and Versioning false and Storage Type set to DISK and Encryption set to false 
2022-05-04 03:16:27,304 [OM StateMachine ApplyTransaction Thread - 0] INFO  bucket.OMBucketCreateRequest (OMBucketCreateRequest.java:validateAndUpdateCache(258)) - created bucket: bucket54862 of layout LEGACY in volume: volume51473
]]></system-out>
  </testcase>
  <testcase name="testGetFileStatusRoot" classname="TestRootedOzoneFileSystem" time="0.109">
    <system-out><![CDATA[2022-05-04 03:18:02,256 [Time-limited test] INFO  rpc.RpcClient (RpcClient.java:createVolume(448)) - Creating Volume: volume74936, with user93388 as owner and space quota set to -1 bytes, counts quota set to -1
2022-05-04 03:18:02,256 [IPC Server handler 3 on default port 33661] INFO  volume.OMVolumeCreateRequest (OMVolumeCreateRequest.java:validateAndUpdateCache(195)) - created volume:volume74936 for user:user93388
2022-05-04 03:18:02,258 [Time-limited test] INFO  rpc.RpcClient (RpcClient.java:createBucket(637)) - Creating Bucket: volume74936/bucket26709, with runner as owner and Versioning false and Storage Type set to DISK and Encryption set to false 
2022-05-04 03:18:02,259 [IPC Server handler 1 on default port 33661] INFO  bucket.OMBucketCreateRequest (OMBucketCreateRequest.java:validateAndUpdateCache(258)) - created bucket: bucket26709 of layout LEGACY in volume: volume74936
]]></system-out>
  </testcase>
  <testcase name="testCreateWithInvalidPaths" classname="TestRootedOzoneFileSystem" time="0.079">
    <system-out><![CDATA[2022-05-04 03:12:31,628 [Time-limited test] INFO  rpc.RpcClient (RpcClient.java:createVolume(448)) - Creating Volume: volume99265, with user44448 as owner and space quota set to -1 bytes, counts quota set to -1
2022-05-04 03:12:31,634 [OM StateMachine ApplyTransaction Thread - 0] INFO  volume.OMVolumeCreateRequest (OMVolumeCreateRequest.java:validateAndUpdateCache(195)) - created volume:volume99265 for user:user44448
2022-05-04 03:12:31,637 [Time-limited test] INFO  rpc.RpcClient (RpcClient.java:createBucket(637)) - Creating Bucket: volume99265/bucket33346, with runner as owner and Versioning false and Storage Type set to DISK and Encryption set to false 
2022-05-04 03:12:31,640 [OM StateMachine ApplyTransaction Thread - 0] INFO  bucket.OMBucketCreateRequest (OMBucketCreateRequest.java:validateAndUpdateCache(258)) - created bucket: bucket33346 of layout LEGACY in volume: volume99265
]]></system-out>
  </testcase>
  <testcase name="testCreateWithInvalidPaths" classname="TestRootedOzoneFileSystem" time="0.071">
    <system-out><![CDATA[2022-05-04 03:13:53,600 [Time-limited test] INFO  rpc.RpcClient (RpcClient.java:createVolume(448)) - Creating Volume: volume32175, with user81574 as owner and space quota set to -1 bytes, counts quota set to -1
2022-05-04 03:13:53,603 [OM StateMachine ApplyTransaction Thread - 0] INFO  volume.OMVolumeCreateRequest (OMVolumeCreateRequest.java:validateAndUpdateCache(195)) - created volume:volume32175 for user:user81574
2022-05-04 03:13:53,604 [Time-limited test] INFO  rpc.RpcClient (RpcClient.java:createBucket(637)) - Creating Bucket: volume32175/bucket59766, with runner as owner and Versioning false and Storage Type set to DISK and Encryption set to false 
2022-05-04 03:13:53,605 [OM StateMachine ApplyTransaction Thread - 0] INFO  bucket.OMBucketCreateRequest (OMBucketCreateRequest.java:validateAndUpdateCache(258)) - created bucket: bucket59766 of layout LEGACY in volume: volume32175
]]></system-out>
  </testcase>
  <testcase name="testCreateWithInvalidPaths" classname="TestRootedOzoneFileSystem" time="0.108">
    <system-out><![CDATA[2022-05-04 03:15:08,504 [Time-limited test] INFO  rpc.RpcClient (RpcClient.java:createVolume(448)) - Creating Volume: volume10622, with user44775 as owner and space quota set to -1 bytes, counts quota set to -1
2022-05-04 03:15:08,507 [IPC Server handler 15 on default port 33297] INFO  volume.OMVolumeCreateRequest (OMVolumeCreateRequest.java:validateAndUpdateCache(195)) - created volume:volume10622 for user:user44775
2022-05-04 03:15:08,516 [Time-limited test] INFO  rpc.RpcClient (RpcClient.java:createBucket(637)) - Creating Bucket: volume10622/bucket11742, with runner as owner and Versioning false and Storage Type set to DISK and Encryption set to false 
2022-05-04 03:15:08,518 [IPC Server handler 14 on default port 33297] INFO  bucket.OMBucketCreateRequest (OMBucketCreateRequest.java:validateAndUpdateCache(258)) - created bucket: bucket11742 of layout LEGACY in volume: volume10622
]]></system-out>
  </testcase>
  <testcase name="testCreateWithInvalidPaths" classname="TestRootedOzoneFileSystem" time="0.077">
    <system-out><![CDATA[2022-05-04 03:16:27,413 [Time-limited test] INFO  rpc.RpcClient (RpcClient.java:createVolume(448)) - Creating Volume: volume56960, with user74011 as owner and space quota set to -1 bytes, counts quota set to -1
2022-05-04 03:16:27,418 [OM StateMachine ApplyTransaction Thread - 0] INFO  volume.OMVolumeCreateRequest (OMVolumeCreateRequest.java:validateAndUpdateCache(195)) - created volume:volume56960 for user:user74011
2022-05-04 03:16:27,419 [Time-limited test] INFO  rpc.RpcClient (RpcClient.java:createBucket(637)) - Creating Bucket: volume56960/bucket44481, with runner as owner and Versioning false and Storage Type set to DISK and Encryption set to false 
2022-05-04 03:16:27,420 [OM StateMachine ApplyTransaction Thread - 0] INFO  bucket.OMBucketCreateRequest (OMBucketCreateRequest.java:validateAndUpdateCache(258)) - created bucket: bucket44481 of layout LEGACY in volume: volume56960
]]></system-out>
  </testcase>
  <testcase name="testCreateWithInvalidPaths" classname="TestRootedOzoneFileSystem" time="0.078">
    <system-out><![CDATA[2022-05-04 03:18:02,343 [Time-limited test] INFO  rpc.RpcClient (RpcClient.java:createVolume(448)) - Creating Volume: volume93354, with user54923 as owner and space quota set to -1 bytes, counts quota set to -1
2022-05-04 03:18:02,347 [IPC Server handler 18 on default port 33661] INFO  volume.OMVolumeCreateRequest (OMVolumeCreateRequest.java:validateAndUpdateCache(195)) - created volume:volume93354 for user:user54923
2022-05-04 03:18:02,348 [Time-limited test] INFO  rpc.RpcClient (RpcClient.java:createBucket(637)) - Creating Bucket: volume93354/bucket56439, with runner as owner and Versioning false and Storage Type set to DISK and Encryption set to false 
2022-05-04 03:18:02,349 [IPC Server handler 19 on default port 33661] INFO  bucket.OMBucketCreateRequest (OMBucketCreateRequest.java:validateAndUpdateCache(258)) - created bucket: bucket56439 of layout LEGACY in volume: volume93354
]]></system-out>
  </testcase>
  <testcase name="testDeleteEmptyVolume" classname="TestRootedOzoneFileSystem" time="0.084">
    <system-out><![CDATA[2022-05-04 03:12:31,706 [Time-limited test] INFO  rpc.RpcClient (RpcClient.java:createVolume(448)) - Creating Volume: volume60570, with user77487 as owner and space quota set to -1 bytes, counts quota set to -1
2022-05-04 03:12:31,711 [OM StateMachine ApplyTransaction Thread - 0] INFO  volume.OMVolumeCreateRequest (OMVolumeCreateRequest.java:validateAndUpdateCache(195)) - created volume:volume60570 for user:user77487
2022-05-04 03:12:31,714 [Time-limited test] INFO  rpc.RpcClient (RpcClient.java:createBucket(637)) - Creating Bucket: volume60570/bucket10885, with runner as owner and Versioning false and Storage Type set to DISK and Encryption set to false 
2022-05-04 03:12:31,717 [OM StateMachine ApplyTransaction Thread - 0] INFO  bucket.OMBucketCreateRequest (OMBucketCreateRequest.java:validateAndUpdateCache(258)) - created bucket: bucket10885 of layout LEGACY in volume: volume60570
2022-05-04 03:12:31,721 [Time-limited test] INFO  rpc.RpcClient (RpcClient.java:createVolume(448)) - Creating Volume: volume-94103, with runner as owner and space quota set to -1 bytes, counts quota set to -1
2022-05-04 03:12:31,723 [OM StateMachine ApplyTransaction Thread - 0] INFO  volume.OMVolumeCreateRequest (OMVolumeCreateRequest.java:validateAndUpdateCache(195)) - created volume:volume-94103 for user:runner
]]></system-out>
  </testcase>
  <testcase name="testDeleteEmptyVolume" classname="TestRootedOzoneFileSystem" time="0.067">
    <system-out><![CDATA[2022-05-04 03:13:53,660 [Time-limited test] INFO  rpc.RpcClient (RpcClient.java:createVolume(448)) - Creating Volume: volume64061, with user95678 as owner and space quota set to -1 bytes, counts quota set to -1
2022-05-04 03:13:53,661 [OM StateMachine ApplyTransaction Thread - 0] INFO  volume.OMVolumeCreateRequest (OMVolumeCreateRequest.java:validateAndUpdateCache(195)) - created volume:volume64061 for user:user95678
2022-05-04 03:13:53,662 [Time-limited test] INFO  rpc.RpcClient (RpcClient.java:createBucket(637)) - Creating Bucket: volume64061/bucket13912, with runner as owner and Versioning false and Storage Type set to DISK and Encryption set to false 
2022-05-04 03:13:53,664 [OM StateMachine ApplyTransaction Thread - 0] INFO  bucket.OMBucketCreateRequest (OMBucketCreateRequest.java:validateAndUpdateCache(258)) - created bucket: bucket13912 of layout LEGACY in volume: volume64061
2022-05-04 03:13:53,667 [Time-limited test] INFO  rpc.RpcClient (RpcClient.java:createVolume(448)) - Creating Volume: volume-16383, with runner as owner and space quota set to -1 bytes, counts quota set to -1
2022-05-04 03:13:53,669 [OM StateMachine ApplyTransaction Thread - 0] INFO  volume.OMVolumeCreateRequest (OMVolumeCreateRequest.java:validateAndUpdateCache(195)) - created volume:volume-16383 for user:runner
03:13:53.672 [IPC Server handler 19 on default port 46813] ERROR OMAudit - user=runner | ip=127.0.0.1 | op=READ_VOLUME {volume=volume-16383} | ret=FAILURE
org.apache.hadoop.ozone.om.exceptions.OMException: Volume volume-16383 is not found
	at org.apache.hadoop.ozone.om.VolumeManagerImpl.getVolumeInfo(VolumeManagerImpl.java:74) ~[ozone-manager-1.3.0-SNAPSHOT.jar:?]
	at org.apache.hadoop.ozone.om.OzoneManager.getVolumeInfo(OzoneManager.java:2510) ~[ozone-manager-1.3.0-SNAPSHOT.jar:?]
	at org.apache.hadoop.ozone.protocolPB.OzoneManagerRequestHandler.infoVolume(OzoneManagerRequestHandler.java:351) ~[ozone-manager-1.3.0-SNAPSHOT.jar:?]
	at org.apache.hadoop.ozone.protocolPB.OzoneManagerRequestHandler.handleReadRequest(OzoneManagerRequestHandler.java:146) ~[ozone-manager-1.3.0-SNAPSHOT.jar:?]
	at org.apache.hadoop.ozone.protocolPB.OzoneManagerProtocolServerSideTranslatorPB.submitReadRequestToOM(OzoneManagerProtocolServerSideTranslatorPB.java:213) ~[ozone-manager-1.3.0-SNAPSHOT.jar:?]
	at org.apache.hadoop.ozone.protocolPB.OzoneManagerProtocolServerSideTranslatorPB.processRequest(OzoneManagerProtocolServerSideTranslatorPB.java:174) ~[ozone-manager-1.3.0-SNAPSHOT.jar:?]
	at org.apache.hadoop.hdds.server.OzoneProtocolMessageDispatcher.processRequest(OzoneProtocolMessageDispatcher.java:87) [hdds-server-framework-1.3.0-SNAPSHOT.jar:?]
	at org.apache.hadoop.ozone.protocolPB.OzoneManagerProtocolServerSideTranslatorPB.submitRequest(OzoneManagerProtocolServerSideTranslatorPB.java:146) [ozone-manager-1.3.0-SNAPSHOT.jar:?]
	at org.apache.hadoop.ozone.protocol.proto.OzoneManagerProtocolProtos$OzoneManagerService$2.callBlockingMethod(OzoneManagerProtocolProtos.java) [ozone-interface-client-1.3.0-SNAPSHOT.jar:?]
	at org.apache.hadoop.ipc.ProtobufRpcEngine$Server.processCall(ProtobufRpcEngine.java:466) [hadoop-common-3.3.1.jar:?]
	at org.apache.hadoop.ipc.ProtobufRpcEngine2$Server$ProtoBufRpcInvoker.call(ProtobufRpcEngine2.java:574) [hadoop-common-3.3.1.jar:?]
	at org.apache.hadoop.ipc.ProtobufRpcEngine2$Server$ProtoBufRpcInvoker.call(ProtobufRpcEngine2.java:552) [hadoop-common-3.3.1.jar:?]
	at org.apache.hadoop.ipc.RPC$Server.call(RPC.java:1093) [hadoop-common-3.3.1.jar:?]
	at org.apache.hadoop.ipc.Server$RpcCall.run(Server.java:1035) [hadoop-common-3.3.1.jar:?]
	at org.apache.hadoop.ipc.Server$RpcCall.run(Server.java:963) [hadoop-common-3.3.1.jar:?]
	at java.security.AccessController.doPrivileged(Native Method) ~[?:1.8.0_322]
	at javax.security.auth.Subject.doAs(Subject.java:422) [?:1.8.0_322]
	at org.apache.hadoop.security.UserGroupInformation.doAs(UserGroupInformation.java:1878) [hadoop-common-3.3.1.jar:?]
	at org.apache.hadoop.ipc.Server$Handler.run(Server.java:2966) [hadoop-common-3.3.1.jar:?]
]]></system-out>
  </testcase>
  <testcase name="testDeleteEmptyVolume" classname="TestRootedOzoneFileSystem" time="0.097">
    <system-out><![CDATA[2022-05-04 03:15:08,599 [Time-limited test] INFO  rpc.RpcClient (RpcClient.java:createVolume(448)) - Creating Volume: volume89395, with user94508 as owner and space quota set to -1 bytes, counts quota set to -1
2022-05-04 03:15:08,600 [IPC Server handler 19 on default port 33297] INFO  volume.OMVolumeCreateRequest (OMVolumeCreateRequest.java:validateAndUpdateCache(195)) - created volume:volume89395 for user:user94508
2022-05-04 03:15:08,602 [Time-limited test] INFO  rpc.RpcClient (RpcClient.java:createBucket(637)) - Creating Bucket: volume89395/bucket48566, with runner as owner and Versioning false and Storage Type set to DISK and Encryption set to false 
2022-05-04 03:15:08,603 [IPC Server handler 12 on default port 33297] INFO  bucket.OMBucketCreateRequest (OMBucketCreateRequest.java:validateAndUpdateCache(258)) - created bucket: bucket48566 of layout LEGACY in volume: volume89395
2022-05-04 03:15:08,605 [Time-limited test] INFO  rpc.RpcClient (RpcClient.java:createVolume(448)) - Creating Volume: volume-66558, with runner as owner and space quota set to -1 bytes, counts quota set to -1
2022-05-04 03:15:08,605 [IPC Server handler 7 on default port 33297] INFO  volume.OMVolumeCreateRequest (OMVolumeCreateRequest.java:validateAndUpdateCache(195)) - created volume:volume-66558 for user:runner
03:15:08.608 [IPC Server handler 8 on default port 33297] ERROR OMAudit - user=runner | ip=127.0.0.1 | op=READ_VOLUME {volume=volume-66558} | ret=FAILURE
org.apache.hadoop.ozone.om.exceptions.OMException: Volume volume-66558 is not found
	at org.apache.hadoop.ozone.om.VolumeManagerImpl.getVolumeInfo(VolumeManagerImpl.java:74) ~[ozone-manager-1.3.0-SNAPSHOT.jar:?]
	at org.apache.hadoop.ozone.om.OzoneManager.getVolumeInfo(OzoneManager.java:2510) ~[ozone-manager-1.3.0-SNAPSHOT.jar:?]
	at org.apache.hadoop.ozone.protocolPB.OzoneManagerRequestHandler.infoVolume(OzoneManagerRequestHandler.java:351) ~[ozone-manager-1.3.0-SNAPSHOT.jar:?]
	at org.apache.hadoop.ozone.protocolPB.OzoneManagerRequestHandler.handleReadRequest(OzoneManagerRequestHandler.java:146) ~[ozone-manager-1.3.0-SNAPSHOT.jar:?]
	at org.apache.hadoop.ozone.protocolPB.OzoneManagerProtocolServerSideTranslatorPB.submitRequestDirectlyToOM(OzoneManagerProtocolServerSideTranslatorPB.java:271) ~[ozone-manager-1.3.0-SNAPSHOT.jar:?]
	at org.apache.hadoop.ozone.protocolPB.OzoneManagerProtocolServerSideTranslatorPB.processRequest(OzoneManagerProtocolServerSideTranslatorPB.java:195) ~[ozone-manager-1.3.0-SNAPSHOT.jar:?]
	at org.apache.hadoop.hdds.server.OzoneProtocolMessageDispatcher.processRequest(OzoneProtocolMessageDispatcher.java:87) [hdds-server-framework-1.3.0-SNAPSHOT.jar:?]
	at org.apache.hadoop.ozone.protocolPB.OzoneManagerProtocolServerSideTranslatorPB.submitRequest(OzoneManagerProtocolServerSideTranslatorPB.java:146) [ozone-manager-1.3.0-SNAPSHOT.jar:?]
	at org.apache.hadoop.ozone.protocol.proto.OzoneManagerProtocolProtos$OzoneManagerService$2.callBlockingMethod(OzoneManagerProtocolProtos.java) [ozone-interface-client-1.3.0-SNAPSHOT.jar:?]
	at org.apache.hadoop.ipc.ProtobufRpcEngine$Server.processCall(ProtobufRpcEngine.java:466) [hadoop-common-3.3.1.jar:?]
	at org.apache.hadoop.ipc.ProtobufRpcEngine2$Server$ProtoBufRpcInvoker.call(ProtobufRpcEngine2.java:574) [hadoop-common-3.3.1.jar:?]
	at org.apache.hadoop.ipc.ProtobufRpcEngine2$Server$ProtoBufRpcInvoker.call(ProtobufRpcEngine2.java:552) [hadoop-common-3.3.1.jar:?]
	at org.apache.hadoop.ipc.RPC$Server.call(RPC.java:1093) [hadoop-common-3.3.1.jar:?]
	at org.apache.hadoop.ipc.Server$RpcCall.run(Server.java:1035) [hadoop-common-3.3.1.jar:?]
	at org.apache.hadoop.ipc.Server$RpcCall.run(Server.java:963) [hadoop-common-3.3.1.jar:?]
	at java.security.AccessController.doPrivileged(Native Method) ~[?:1.8.0_322]
	at javax.security.auth.Subject.doAs(Subject.java:422) [?:1.8.0_322]
	at org.apache.hadoop.security.UserGroupInformation.doAs(UserGroupInformation.java:1878) [hadoop-common-3.3.1.jar:?]
	at org.apache.hadoop.ipc.Server$Handler.run(Server.java:2966) [hadoop-common-3.3.1.jar:?]
]]></system-out>
  </testcase>
  <testcase name="testDeleteEmptyVolume" classname="TestRootedOzoneFileSystem" time="0.103">
    <system-out><![CDATA[2022-05-04 03:16:27,494 [Time-limited test] INFO  rpc.RpcClient (RpcClient.java:createVolume(448)) - Creating Volume: volume59054, with user86466 as owner and space quota set to -1 bytes, counts quota set to -1
2022-05-04 03:16:27,499 [OM StateMachine ApplyTransaction Thread - 0] INFO  volume.OMVolumeCreateRequest (OMVolumeCreateRequest.java:validateAndUpdateCache(195)) - created volume:volume59054 for user:user86466
2022-05-04 03:16:27,501 [Time-limited test] INFO  rpc.RpcClient (RpcClient.java:createBucket(637)) - Creating Bucket: volume59054/bucket17672, with runner as owner and Versioning false and Storage Type set to DISK and Encryption set to false 
2022-05-04 03:16:27,514 [OM StateMachine ApplyTransaction Thread - 0] INFO  bucket.OMBucketCreateRequest (OMBucketCreateRequest.java:validateAndUpdateCache(258)) - created bucket: bucket17672 of layout LEGACY in volume: volume59054
2022-05-04 03:16:27,518 [Time-limited test] INFO  rpc.RpcClient (RpcClient.java:createVolume(448)) - Creating Volume: volume-45346, with runner as owner and space quota set to -1 bytes, counts quota set to -1
2022-05-04 03:16:27,519 [OM StateMachine ApplyTransaction Thread - 0] INFO  volume.OMVolumeCreateRequest (OMVolumeCreateRequest.java:validateAndUpdateCache(195)) - created volume:volume-45346 for user:runner
03:16:27.522 [IPC Server handler 1 on default port 37999] ERROR OMAudit - user=runner | ip=127.0.0.1 | op=READ_VOLUME {volume=volume-45346} | ret=FAILURE
org.apache.hadoop.ozone.om.exceptions.OMException: Volume volume-45346 is not found
	at org.apache.hadoop.ozone.om.VolumeManagerImpl.getVolumeInfo(VolumeManagerImpl.java:74) ~[ozone-manager-1.3.0-SNAPSHOT.jar:?]
	at org.apache.hadoop.ozone.om.OzoneManager.getVolumeInfo(OzoneManager.java:2510) ~[ozone-manager-1.3.0-SNAPSHOT.jar:?]
	at org.apache.hadoop.ozone.protocolPB.OzoneManagerRequestHandler.infoVolume(OzoneManagerRequestHandler.java:351) ~[ozone-manager-1.3.0-SNAPSHOT.jar:?]
	at org.apache.hadoop.ozone.protocolPB.OzoneManagerRequestHandler.handleReadRequest(OzoneManagerRequestHandler.java:146) ~[ozone-manager-1.3.0-SNAPSHOT.jar:?]
	at org.apache.hadoop.ozone.protocolPB.OzoneManagerProtocolServerSideTranslatorPB.submitReadRequestToOM(OzoneManagerProtocolServerSideTranslatorPB.java:213) ~[ozone-manager-1.3.0-SNAPSHOT.jar:?]
	at org.apache.hadoop.ozone.protocolPB.OzoneManagerProtocolServerSideTranslatorPB.processRequest(OzoneManagerProtocolServerSideTranslatorPB.java:174) ~[ozone-manager-1.3.0-SNAPSHOT.jar:?]
	at org.apache.hadoop.hdds.server.OzoneProtocolMessageDispatcher.processRequest(OzoneProtocolMessageDispatcher.java:87) [hdds-server-framework-1.3.0-SNAPSHOT.jar:?]
	at org.apache.hadoop.ozone.protocolPB.OzoneManagerProtocolServerSideTranslatorPB.submitRequest(OzoneManagerProtocolServerSideTranslatorPB.java:146) [ozone-manager-1.3.0-SNAPSHOT.jar:?]
	at org.apache.hadoop.ozone.protocol.proto.OzoneManagerProtocolProtos$OzoneManagerService$2.callBlockingMethod(OzoneManagerProtocolProtos.java) [ozone-interface-client-1.3.0-SNAPSHOT.jar:?]
	at org.apache.hadoop.ipc.ProtobufRpcEngine$Server.processCall(ProtobufRpcEngine.java:466) [hadoop-common-3.3.1.jar:?]
	at org.apache.hadoop.ipc.ProtobufRpcEngine2$Server$ProtoBufRpcInvoker.call(ProtobufRpcEngine2.java:574) [hadoop-common-3.3.1.jar:?]
	at org.apache.hadoop.ipc.ProtobufRpcEngine2$Server$ProtoBufRpcInvoker.call(ProtobufRpcEngine2.java:552) [hadoop-common-3.3.1.jar:?]
	at org.apache.hadoop.ipc.RPC$Server.call(RPC.java:1093) [hadoop-common-3.3.1.jar:?]
	at org.apache.hadoop.ipc.Server$RpcCall.run(Server.java:1035) [hadoop-common-3.3.1.jar:?]
	at org.apache.hadoop.ipc.Server$RpcCall.run(Server.java:963) [hadoop-common-3.3.1.jar:?]
	at java.security.AccessController.doPrivileged(Native Method) ~[?:1.8.0_322]
	at javax.security.auth.Subject.doAs(Subject.java:422) [?:1.8.0_322]
	at org.apache.hadoop.security.UserGroupInformation.doAs(UserGroupInformation.java:1878) [hadoop-common-3.3.1.jar:?]
	at org.apache.hadoop.ipc.Server$Handler.run(Server.java:2966) [hadoop-common-3.3.1.jar:?]
]]></system-out>
  </testcase>
  <testcase name="testDeleteEmptyVolume" classname="TestRootedOzoneFileSystem" time="0.129">
    <system-out><![CDATA[2022-05-04 03:18:02,454 [Time-limited test] INFO  rpc.RpcClient (RpcClient.java:createVolume(448)) - Creating Volume: volume32891, with user85462 as owner and space quota set to -1 bytes, counts quota set to -1
2022-05-04 03:18:02,458 [IPC Server handler 1 on default port 33661] INFO  volume.OMVolumeCreateRequest (OMVolumeCreateRequest.java:validateAndUpdateCache(195)) - created volume:volume32891 for user:user85462
2022-05-04 03:18:02,462 [Time-limited test] INFO  rpc.RpcClient (RpcClient.java:createBucket(637)) - Creating Bucket: volume32891/bucket94565, with runner as owner and Versioning false and Storage Type set to DISK and Encryption set to false 
2022-05-04 03:18:02,462 [IPC Server handler 0 on default port 33661] INFO  bucket.OMBucketCreateRequest (OMBucketCreateRequest.java:validateAndUpdateCache(258)) - created bucket: bucket94565 of layout LEGACY in volume: volume32891
2022-05-04 03:18:02,467 [Time-limited test] INFO  rpc.RpcClient (RpcClient.java:createVolume(448)) - Creating Volume: volume-48797, with runner as owner and space quota set to -1 bytes, counts quota set to -1
2022-05-04 03:18:02,470 [IPC Server handler 6 on default port 33661] INFO  volume.OMVolumeCreateRequest (OMVolumeCreateRequest.java:validateAndUpdateCache(195)) - created volume:volume-48797 for user:runner
03:18:02.476 [IPC Server handler 8 on default port 33661] ERROR OMAudit - user=runner | ip=127.0.0.1 | op=READ_VOLUME {volume=volume-48797} | ret=FAILURE
org.apache.hadoop.ozone.om.exceptions.OMException: Volume volume-48797 is not found
	at org.apache.hadoop.ozone.om.VolumeManagerImpl.getVolumeInfo(VolumeManagerImpl.java:74) ~[ozone-manager-1.3.0-SNAPSHOT.jar:?]
	at org.apache.hadoop.ozone.om.OzoneManager.getVolumeInfo(OzoneManager.java:2510) ~[ozone-manager-1.3.0-SNAPSHOT.jar:?]
	at org.apache.hadoop.ozone.protocolPB.OzoneManagerRequestHandler.infoVolume(OzoneManagerRequestHandler.java:351) ~[ozone-manager-1.3.0-SNAPSHOT.jar:?]
	at org.apache.hadoop.ozone.protocolPB.OzoneManagerRequestHandler.handleReadRequest(OzoneManagerRequestHandler.java:146) ~[ozone-manager-1.3.0-SNAPSHOT.jar:?]
	at org.apache.hadoop.ozone.protocolPB.OzoneManagerProtocolServerSideTranslatorPB.submitRequestDirectlyToOM(OzoneManagerProtocolServerSideTranslatorPB.java:271) ~[ozone-manager-1.3.0-SNAPSHOT.jar:?]
	at org.apache.hadoop.ozone.protocolPB.OzoneManagerProtocolServerSideTranslatorPB.processRequest(OzoneManagerProtocolServerSideTranslatorPB.java:195) ~[ozone-manager-1.3.0-SNAPSHOT.jar:?]
	at org.apache.hadoop.hdds.server.OzoneProtocolMessageDispatcher.processRequest(OzoneProtocolMessageDispatcher.java:87) [hdds-server-framework-1.3.0-SNAPSHOT.jar:?]
	at org.apache.hadoop.ozone.protocolPB.OzoneManagerProtocolServerSideTranslatorPB.submitRequest(OzoneManagerProtocolServerSideTranslatorPB.java:146) [ozone-manager-1.3.0-SNAPSHOT.jar:?]
	at org.apache.hadoop.ozone.protocol.proto.OzoneManagerProtocolProtos$OzoneManagerService$2.callBlockingMethod(OzoneManagerProtocolProtos.java) [ozone-interface-client-1.3.0-SNAPSHOT.jar:?]
	at org.apache.hadoop.ipc.ProtobufRpcEngine$Server.processCall(ProtobufRpcEngine.java:466) [hadoop-common-3.3.1.jar:?]
	at org.apache.hadoop.ipc.ProtobufRpcEngine2$Server$ProtoBufRpcInvoker.call(ProtobufRpcEngine2.java:574) [hadoop-common-3.3.1.jar:?]
	at org.apache.hadoop.ipc.ProtobufRpcEngine2$Server$ProtoBufRpcInvoker.call(ProtobufRpcEngine2.java:552) [hadoop-common-3.3.1.jar:?]
	at org.apache.hadoop.ipc.RPC$Server.call(RPC.java:1093) [hadoop-common-3.3.1.jar:?]
	at org.apache.hadoop.ipc.Server$RpcCall.run(Server.java:1035) [hadoop-common-3.3.1.jar:?]
	at org.apache.hadoop.ipc.Server$RpcCall.run(Server.java:963) [hadoop-common-3.3.1.jar:?]
	at java.security.AccessController.doPrivileged(Native Method) ~[?:1.8.0_322]
	at javax.security.auth.Subject.doAs(Subject.java:422) [?:1.8.0_322]
	at org.apache.hadoop.security.UserGroupInformation.doAs(UserGroupInformation.java:1878) [hadoop-common-3.3.1.jar:?]
	at org.apache.hadoop.ipc.Server$Handler.run(Server.java:2966) [hadoop-common-3.3.1.jar:?]
]]></system-out>
  </testcase>
  <testcase name="testListStatusRootAndVolumeContinuation" classname="TestRootedOzoneFileSystem" time="0">
    <skipped type="org.junit.AssumptionViolatedException"><![CDATA[org.junit.AssumptionViolatedException: FS Path is enabled. Skipping this test as it is not tuned for FS Path yet
	at org.junit.Assume.assumeTrue(Assume.java:68)
	at org.apache.hadoop.fs.ozone.TestRootedOzoneFileSystem.testListStatusRootAndVolumeContinuation(TestRootedOzoneFileSystem.java:910)
	at sun.reflect.NativeMethodAccessorImpl.invoke0(Native Method)
	at sun.reflect.NativeMethodAccessorImpl.invoke(NativeMethodAccessorImpl.java:62)
	at sun.reflect.DelegatingMethodAccessorImpl.invoke(DelegatingMethodAccessorImpl.java:43)
	at java.lang.reflect.Method.invoke(Method.java:498)
	at org.junit.runners.model.FrameworkMethod$1.runReflectiveCall(FrameworkMethod.java:59)
	at org.junit.internal.runners.model.ReflectiveCallable.run(ReflectiveCallable.java:12)
	at org.junit.runners.model.FrameworkMethod.invokeExplosively(FrameworkMethod.java:56)
	at org.junit.internal.runners.statements.InvokeMethod.evaluate(InvokeMethod.java:17)
	at org.junit.internal.runners.statements.RunBefores.evaluate(RunBefores.java:26)
	at org.junit.internal.runners.statements.RunAfters.evaluate(RunAfters.java:27)
	at org.junit.internal.runners.statements.FailOnTimeout$CallableStatement.call(FailOnTimeout.java:288)
	at org.junit.internal.runners.statements.FailOnTimeout$CallableStatement.call(FailOnTimeout.java:282)
	at java.util.concurrent.FutureTask.run(FutureTask.java:266)
	at java.lang.Thread.run(Thread.java:750)
]]></skipped>
    <system-out><![CDATA[2022-05-04 03:12:31,795 [Time-limited test] INFO  rpc.RpcClient (RpcClient.java:createVolume(448)) - Creating Volume: volume01660, with user96333 as owner and space quota set to -1 bytes, counts quota set to -1
2022-05-04 03:12:31,799 [OM StateMachine ApplyTransaction Thread - 0] INFO  volume.OMVolumeCreateRequest (OMVolumeCreateRequest.java:validateAndUpdateCache(195)) - created volume:volume01660 for user:user96333
2022-05-04 03:12:31,802 [Time-limited test] INFO  rpc.RpcClient (RpcClient.java:createBucket(637)) - Creating Bucket: volume01660/bucket19179, with runner as owner and Versioning false and Storage Type set to DISK and Encryption set to false 
2022-05-04 03:12:31,806 [OM StateMachine ApplyTransaction Thread - 0] INFO  bucket.OMBucketCreateRequest (OMBucketCreateRequest.java:validateAndUpdateCache(258)) - created bucket: bucket19179 of layout LEGACY in volume: volume01660
]]></system-out>
  </testcase>
  <testcase name="testListStatusRootAndVolumeContinuation" classname="TestRootedOzoneFileSystem" time="0">
    <skipped type="org.junit.AssumptionViolatedException"><![CDATA[org.junit.AssumptionViolatedException: FS Path is enabled. Skipping this test as it is not tuned for FS Path yet
	at org.junit.Assume.assumeTrue(Assume.java:68)
	at org.apache.hadoop.fs.ozone.TestRootedOzoneFileSystem.testListStatusRootAndVolumeContinuation(TestRootedOzoneFileSystem.java:910)
	at sun.reflect.NativeMethodAccessorImpl.invoke0(Native Method)
	at sun.reflect.NativeMethodAccessorImpl.invoke(NativeMethodAccessorImpl.java:62)
	at sun.reflect.DelegatingMethodAccessorImpl.invoke(DelegatingMethodAccessorImpl.java:43)
	at java.lang.reflect.Method.invoke(Method.java:498)
	at org.junit.runners.model.FrameworkMethod$1.runReflectiveCall(FrameworkMethod.java:59)
	at org.junit.internal.runners.model.ReflectiveCallable.run(ReflectiveCallable.java:12)
	at org.junit.runners.model.FrameworkMethod.invokeExplosively(FrameworkMethod.java:56)
	at org.junit.internal.runners.statements.InvokeMethod.evaluate(InvokeMethod.java:17)
	at org.junit.internal.runners.statements.RunBefores.evaluate(RunBefores.java:26)
	at org.junit.internal.runners.statements.RunAfters.evaluate(RunAfters.java:27)
	at org.junit.internal.runners.statements.FailOnTimeout$CallableStatement.call(FailOnTimeout.java:288)
	at org.junit.internal.runners.statements.FailOnTimeout$CallableStatement.call(FailOnTimeout.java:282)
	at java.util.concurrent.FutureTask.run(FutureTask.java:266)
	at java.lang.Thread.run(Thread.java:750)
]]></skipped>
    <system-out><![CDATA[2022-05-04 03:13:53,737 [Time-limited test] INFO  rpc.RpcClient (RpcClient.java:createVolume(448)) - Creating Volume: volume14398, with user04359 as owner and space quota set to -1 bytes, counts quota set to -1
2022-05-04 03:13:53,739 [OM StateMachine ApplyTransaction Thread - 0] INFO  volume.OMVolumeCreateRequest (OMVolumeCreateRequest.java:validateAndUpdateCache(195)) - created volume:volume14398 for user:user04359
2022-05-04 03:13:53,743 [Time-limited test] INFO  rpc.RpcClient (RpcClient.java:createBucket(637)) - Creating Bucket: volume14398/bucket86791, with runner as owner and Versioning false and Storage Type set to DISK and Encryption set to false 
2022-05-04 03:13:53,747 [OM StateMachine ApplyTransaction Thread - 0] INFO  bucket.OMBucketCreateRequest (OMBucketCreateRequest.java:validateAndUpdateCache(258)) - created bucket: bucket86791 of layout LEGACY in volume: volume14398
]]></system-out>
  </testcase>
  <testcase name="testListStatusRootAndVolumeContinuation" classname="TestRootedOzoneFileSystem" time="0">
    <skipped type="org.junit.AssumptionViolatedException"><![CDATA[org.junit.AssumptionViolatedException: FS Path is enabled. Skipping this test as it is not tuned for FS Path yet
	at org.junit.Assume.assumeTrue(Assume.java:68)
	at org.apache.hadoop.fs.ozone.TestRootedOzoneFileSystem.testListStatusRootAndVolumeContinuation(TestRootedOzoneFileSystem.java:910)
	at sun.reflect.NativeMethodAccessorImpl.invoke0(Native Method)
	at sun.reflect.NativeMethodAccessorImpl.invoke(NativeMethodAccessorImpl.java:62)
	at sun.reflect.DelegatingMethodAccessorImpl.invoke(DelegatingMethodAccessorImpl.java:43)
	at java.lang.reflect.Method.invoke(Method.java:498)
	at org.junit.runners.model.FrameworkMethod$1.runReflectiveCall(FrameworkMethod.java:59)
	at org.junit.internal.runners.model.ReflectiveCallable.run(ReflectiveCallable.java:12)
	at org.junit.runners.model.FrameworkMethod.invokeExplosively(FrameworkMethod.java:56)
	at org.junit.internal.runners.statements.InvokeMethod.evaluate(InvokeMethod.java:17)
	at org.junit.internal.runners.statements.RunBefores.evaluate(RunBefores.java:26)
	at org.junit.internal.runners.statements.RunAfters.evaluate(RunAfters.java:27)
	at org.junit.internal.runners.statements.FailOnTimeout$CallableStatement.call(FailOnTimeout.java:288)
	at org.junit.internal.runners.statements.FailOnTimeout$CallableStatement.call(FailOnTimeout.java:282)
	at java.util.concurrent.FutureTask.run(FutureTask.java:266)
	at java.lang.Thread.run(Thread.java:750)
]]></skipped>
    <system-out><![CDATA[2022-05-04 03:15:08,696 [Time-limited test] INFO  rpc.RpcClient (RpcClient.java:createVolume(448)) - Creating Volume: volume96676, with user41614 as owner and space quota set to -1 bytes, counts quota set to -1
2022-05-04 03:15:08,702 [IPC Server handler 0 on default port 33297] INFO  volume.OMVolumeCreateRequest (OMVolumeCreateRequest.java:validateAndUpdateCache(195)) - created volume:volume96676 for user:user41614
2022-05-04 03:15:08,704 [Time-limited test] INFO  rpc.RpcClient (RpcClient.java:createBucket(637)) - Creating Bucket: volume96676/bucket66530, with runner as owner and Versioning false and Storage Type set to DISK and Encryption set to false 
2022-05-04 03:15:08,704 [IPC Server handler 8 on default port 33297] INFO  bucket.OMBucketCreateRequest (OMBucketCreateRequest.java:validateAndUpdateCache(258)) - created bucket: bucket66530 of layout LEGACY in volume: volume96676
]]></system-out>
  </testcase>
  <testcase name="testListStatusRootAndVolumeContinuation" classname="TestRootedOzoneFileSystem" time="4.125">
    <system-out><![CDATA[2022-05-04 03:16:27,604 [Time-limited test] INFO  rpc.RpcClient (RpcClient.java:createVolume(448)) - Creating Volume: volume22106, with user93637 as owner and space quota set to -1 bytes, counts quota set to -1
2022-05-04 03:16:27,610 [OM StateMachine ApplyTransaction Thread - 0] INFO  volume.OMVolumeCreateRequest (OMVolumeCreateRequest.java:validateAndUpdateCache(195)) - created volume:volume22106 for user:user93637
2022-05-04 03:16:27,613 [Time-limited test] INFO  rpc.RpcClient (RpcClient.java:createBucket(637)) - Creating Bucket: volume22106/bucket71203, with runner as owner and Versioning false and Storage Type set to DISK and Encryption set to false 
2022-05-04 03:16:27,615 [OM StateMachine ApplyTransaction Thread - 0] INFO  bucket.OMBucketCreateRequest (OMBucketCreateRequest.java:validateAndUpdateCache(258)) - created bucket: bucket71203 of layout LEGACY in volume: volume22106
03:16:27.618 [IPC Server handler 15 on default port 37999] ERROR OMAudit - user=runner | ip=127.0.0.1 | op=READ_BUCKET {volume=volume-10495, bucket=bucket-17269} | ret=FAILURE
org.apache.hadoop.ozone.om.exceptions.OMException: Volume not found when getting bucket info
	at org.apache.hadoop.ozone.om.BucketManagerImpl.getBucketInfo(BucketManagerImpl.java:127) ~[ozone-manager-1.3.0-SNAPSHOT.jar:?]
	at org.apache.hadoop.ozone.om.OzoneManager.getBucketInfo(OzoneManager.java:2686) ~[ozone-manager-1.3.0-SNAPSHOT.jar:?]
	at org.apache.hadoop.ozone.protocolPB.OzoneManagerRequestHandler.infoBucket(OzoneManagerRequestHandler.java:382) ~[ozone-manager-1.3.0-SNAPSHOT.jar:?]
	at org.apache.hadoop.ozone.protocolPB.OzoneManagerRequestHandler.handleReadRequest(OzoneManagerRequestHandler.java:156) ~[ozone-manager-1.3.0-SNAPSHOT.jar:?]
	at org.apache.hadoop.ozone.protocolPB.OzoneManagerProtocolServerSideTranslatorPB.submitReadRequestToOM(OzoneManagerProtocolServerSideTranslatorPB.java:213) ~[ozone-manager-1.3.0-SNAPSHOT.jar:?]
	at org.apache.hadoop.ozone.protocolPB.OzoneManagerProtocolServerSideTranslatorPB.processRequest(OzoneManagerProtocolServerSideTranslatorPB.java:174) ~[ozone-manager-1.3.0-SNAPSHOT.jar:?]
	at org.apache.hadoop.hdds.server.OzoneProtocolMessageDispatcher.processRequest(OzoneProtocolMessageDispatcher.java:87) [hdds-server-framework-1.3.0-SNAPSHOT.jar:?]
	at org.apache.hadoop.ozone.protocolPB.OzoneManagerProtocolServerSideTranslatorPB.submitRequest(OzoneManagerProtocolServerSideTranslatorPB.java:146) [ozone-manager-1.3.0-SNAPSHOT.jar:?]
	at org.apache.hadoop.ozone.protocol.proto.OzoneManagerProtocolProtos$OzoneManagerService$2.callBlockingMethod(OzoneManagerProtocolProtos.java) [ozone-interface-client-1.3.0-SNAPSHOT.jar:?]
	at org.apache.hadoop.ipc.ProtobufRpcEngine$Server.processCall(ProtobufRpcEngine.java:466) [hadoop-common-3.3.1.jar:?]
	at org.apache.hadoop.ipc.ProtobufRpcEngine2$Server$ProtoBufRpcInvoker.call(ProtobufRpcEngine2.java:574) [hadoop-common-3.3.1.jar:?]
	at org.apache.hadoop.ipc.ProtobufRpcEngine2$Server$ProtoBufRpcInvoker.call(ProtobufRpcEngine2.java:552) [hadoop-common-3.3.1.jar:?]
	at org.apache.hadoop.ipc.RPC$Server.call(RPC.java:1093) [hadoop-common-3.3.1.jar:?]
	at org.apache.hadoop.ipc.Server$RpcCall.run(Server.java:1035) [hadoop-common-3.3.1.jar:?]
	at org.apache.hadoop.ipc.Server$RpcCall.run(Server.java:963) [hadoop-common-3.3.1.jar:?]
	at java.security.AccessController.doPrivileged(Native Method) ~[?:1.8.0_322]
	at javax.security.auth.Subject.doAs(Subject.java:422) [?:1.8.0_322]
	at org.apache.hadoop.security.UserGroupInformation.doAs(UserGroupInformation.java:1878) [hadoop-common-3.3.1.jar:?]
	at org.apache.hadoop.ipc.Server$Handler.run(Server.java:2966) [hadoop-common-3.3.1.jar:?]
2022-05-04 03:16:27,619 [Time-limited test] INFO  rpc.RpcClient (RpcClient.java:createVolume(448)) - Creating Volume: volume-10495, with runner as owner and space quota set to -1 bytes, counts quota set to -1
2022-05-04 03:16:27,620 [OM StateMachine ApplyTransaction Thread - 0] INFO  volume.OMVolumeCreateRequest (OMVolumeCreateRequest.java:validateAndUpdateCache(195)) - created volume:volume-10495 for user:runner
2022-05-04 03:16:27,622 [Time-limited test] INFO  rpc.RpcClient (RpcClient.java:createBucket(637)) - Creating Bucket: volume-10495/bucket-17269, with runner as owner and Versioning false and Storage Type set to DISK and Encryption set to false 
2022-05-04 03:16:27,623 [OM StateMachine ApplyTransaction Thread - 0] INFO  bucket.OMBucketCreateRequest (OMBucketCreateRequest.java:validateAndUpdateCache(258)) - created bucket: bucket-17269 of layout LEGACY in volume: volume-10495
03:16:27.807 [IPC Server handler 18 on default port 37999] ERROR OMAudit - user=runner | ip=127.0.0.1 | op=READ_BUCKET {volume=volume-35508, bucket=bucket-20594} | ret=FAILURE
org.apache.hadoop.ozone.om.exceptions.OMException: Volume not found when getting bucket info
	at org.apache.hadoop.ozone.om.BucketManagerImpl.getBucketInfo(BucketManagerImpl.java:127) ~[ozone-manager-1.3.0-SNAPSHOT.jar:?]
	at org.apache.hadoop.ozone.om.OzoneManager.getBucketInfo(OzoneManager.java:2686) ~[ozone-manager-1.3.0-SNAPSHOT.jar:?]
	at org.apache.hadoop.ozone.protocolPB.OzoneManagerRequestHandler.infoBucket(OzoneManagerRequestHandler.java:382) ~[ozone-manager-1.3.0-SNAPSHOT.jar:?]
	at org.apache.hadoop.ozone.protocolPB.OzoneManagerRequestHandler.handleReadRequest(OzoneManagerRequestHandler.java:156) ~[ozone-manager-1.3.0-SNAPSHOT.jar:?]
	at org.apache.hadoop.ozone.protocolPB.OzoneManagerProtocolServerSideTranslatorPB.submitReadRequestToOM(OzoneManagerProtocolServerSideTranslatorPB.java:213) ~[ozone-manager-1.3.0-SNAPSHOT.jar:?]
	at org.apache.hadoop.ozone.protocolPB.OzoneManagerProtocolServerSideTranslatorPB.processRequest(OzoneManagerProtocolServerSideTranslatorPB.java:174) ~[ozone-manager-1.3.0-SNAPSHOT.jar:?]
	at org.apache.hadoop.hdds.server.OzoneProtocolMessageDispatcher.processRequest(OzoneProtocolMessageDispatcher.java:87) [hdds-server-framework-1.3.0-SNAPSHOT.jar:?]
	at org.apache.hadoop.ozone.protocolPB.OzoneManagerProtocolServerSideTranslatorPB.submitRequest(OzoneManagerProtocolServerSideTranslatorPB.java:146) [ozone-manager-1.3.0-SNAPSHOT.jar:?]
	at org.apache.hadoop.ozone.protocol.proto.OzoneManagerProtocolProtos$OzoneManagerService$2.callBlockingMethod(OzoneManagerProtocolProtos.java) [ozone-interface-client-1.3.0-SNAPSHOT.jar:?]
	at org.apache.hadoop.ipc.ProtobufRpcEngine$Server.processCall(ProtobufRpcEngine.java:466) [hadoop-common-3.3.1.jar:?]
	at org.apache.hadoop.ipc.ProtobufRpcEngine2$Server$ProtoBufRpcInvoker.call(ProtobufRpcEngine2.java:574) [hadoop-common-3.3.1.jar:?]
	at org.apache.hadoop.ipc.ProtobufRpcEngine2$Server$ProtoBufRpcInvoker.call(ProtobufRpcEngine2.java:552) [hadoop-common-3.3.1.jar:?]
	at org.apache.hadoop.ipc.RPC$Server.call(RPC.java:1093) [hadoop-common-3.3.1.jar:?]
	at org.apache.hadoop.ipc.Server$RpcCall.run(Server.java:1035) [hadoop-common-3.3.1.jar:?]
	at org.apache.hadoop.ipc.Server$RpcCall.run(Server.java:963) [hadoop-common-3.3.1.jar:?]
	at java.security.AccessController.doPrivileged(Native Method) ~[?:1.8.0_322]
	at javax.security.auth.Subject.doAs(Subject.java:422) [?:1.8.0_322]
	at org.apache.hadoop.security.UserGroupInformation.doAs(UserGroupInformation.java:1878) [hadoop-common-3.3.1.jar:?]
	at org.apache.hadoop.ipc.Server$Handler.run(Server.java:2966) [hadoop-common-3.3.1.jar:?]
2022-05-04 03:16:27,807 [Time-limited test] INFO  rpc.RpcClient (RpcClient.java:createVolume(448)) - Creating Volume: volume-35508, with runner as owner and space quota set to -1 bytes, counts quota set to -1
2022-05-04 03:16:27,811 [OM StateMachine ApplyTransaction Thread - 0] INFO  volume.OMVolumeCreateRequest (OMVolumeCreateRequest.java:validateAndUpdateCache(195)) - created volume:volume-35508 for user:runner
2022-05-04 03:16:27,812 [Time-limited test] INFO  rpc.RpcClient (RpcClient.java:createBucket(637)) - Creating Bucket: volume-35508/bucket-20594, with runner as owner and Versioning false and Storage Type set to DISK and Encryption set to false 
2022-05-04 03:16:27,813 [OM StateMachine ApplyTransaction Thread - 0] INFO  bucket.OMBucketCreateRequest (OMBucketCreateRequest.java:validateAndUpdateCache(258)) - created bucket: bucket-20594 of layout LEGACY in volume: volume-35508
03:16:28.222 [IPC Server handler 10 on default port 37999] ERROR OMAudit - user=runner | ip=127.0.0.1 | op=READ_BUCKET {volume=volume-44067, bucket=bucket-00061} | ret=FAILURE
org.apache.hadoop.ozone.om.exceptions.OMException: Volume not found when getting bucket info
	at org.apache.hadoop.ozone.om.BucketManagerImpl.getBucketInfo(BucketManagerImpl.java:127) ~[ozone-manager-1.3.0-SNAPSHOT.jar:?]
	at org.apache.hadoop.ozone.om.OzoneManager.getBucketInfo(OzoneManager.java:2686) ~[ozone-manager-1.3.0-SNAPSHOT.jar:?]
	at org.apache.hadoop.ozone.protocolPB.OzoneManagerRequestHandler.infoBucket(OzoneManagerRequestHandler.java:382) ~[ozone-manager-1.3.0-SNAPSHOT.jar:?]
	at org.apache.hadoop.ozone.protocolPB.OzoneManagerRequestHandler.handleReadRequest(OzoneManagerRequestHandler.java:156) ~[ozone-manager-1.3.0-SNAPSHOT.jar:?]
	at org.apache.hadoop.ozone.protocolPB.OzoneManagerProtocolServerSideTranslatorPB.submitReadRequestToOM(OzoneManagerProtocolServerSideTranslatorPB.java:213) ~[ozone-manager-1.3.0-SNAPSHOT.jar:?]
	at org.apache.hadoop.ozone.protocolPB.OzoneManagerProtocolServerSideTranslatorPB.processRequest(OzoneManagerProtocolServerSideTranslatorPB.java:174) ~[ozone-manager-1.3.0-SNAPSHOT.jar:?]
	at org.apache.hadoop.hdds.server.OzoneProtocolMessageDispatcher.processRequest(OzoneProtocolMessageDispatcher.java:87) [hdds-server-framework-1.3.0-SNAPSHOT.jar:?]
	at org.apache.hadoop.ozone.protocolPB.OzoneManagerProtocolServerSideTranslatorPB.submitRequest(OzoneManagerProtocolServerSideTranslatorPB.java:146) [ozone-manager-1.3.0-SNAPSHOT.jar:?]
	at org.apache.hadoop.ozone.protocol.proto.OzoneManagerProtocolProtos$OzoneManagerService$2.callBlockingMethod(OzoneManagerProtocolProtos.java) [ozone-interface-client-1.3.0-SNAPSHOT.jar:?]
	at org.apache.hadoop.ipc.ProtobufRpcEngine$Server.processCall(ProtobufRpcEngine.java:466) [hadoop-common-3.3.1.jar:?]
	at org.apache.hadoop.ipc.ProtobufRpcEngine2$Server$ProtoBufRpcInvoker.call(ProtobufRpcEngine2.java:574) [hadoop-common-3.3.1.jar:?]
	at org.apache.hadoop.ipc.ProtobufRpcEngine2$Server$ProtoBufRpcInvoker.call(ProtobufRpcEngine2.java:552) [hadoop-common-3.3.1.jar:?]
	at org.apache.hadoop.ipc.RPC$Server.call(RPC.java:1093) [hadoop-common-3.3.1.jar:?]
	at org.apache.hadoop.ipc.Server$RpcCall.run(Server.java:1035) [hadoop-common-3.3.1.jar:?]
	at org.apache.hadoop.ipc.Server$RpcCall.run(Server.java:963) [hadoop-common-3.3.1.jar:?]
	at java.security.AccessController.doPrivileged(Native Method) ~[?:1.8.0_322]
	at javax.security.auth.Subject.doAs(Subject.java:422) [?:1.8.0_322]
	at org.apache.hadoop.security.UserGroupInformation.doAs(UserGroupInformation.java:1878) [hadoop-common-3.3.1.jar:?]
	at org.apache.hadoop.ipc.Server$Handler.run(Server.java:2966) [hadoop-common-3.3.1.jar:?]
2022-05-04 03:16:28,223 [Time-limited test] INFO  rpc.RpcClient (RpcClient.java:createVolume(448)) - Creating Volume: volume-44067, with runner as owner and space quota set to -1 bytes, counts quota set to -1
2022-05-04 03:16:28,225 [OM StateMachine ApplyTransaction Thread - 0] INFO  volume.OMVolumeCreateRequest (OMVolumeCreateRequest.java:validateAndUpdateCache(195)) - created volume:volume-44067 for user:runner
2022-05-04 03:16:28,230 [Time-limited test] INFO  rpc.RpcClient (RpcClient.java:createBucket(637)) - Creating Bucket: volume-44067/bucket-00061, with runner as owner and Versioning false and Storage Type set to DISK and Encryption set to false 
2022-05-04 03:16:28,233 [OM StateMachine ApplyTransaction Thread - 0] INFO  bucket.OMBucketCreateRequest (OMBucketCreateRequest.java:validateAndUpdateCache(258)) - created bucket: bucket-00061 of layout LEGACY in volume: volume-44067
03:16:30.935 [IPC Server handler 10 on default port 37999] ERROR OMAudit - user=runner | ip=127.0.0.1 | op=READ_BUCKET {volume=volume-66742, bucket=bucket-01742} | ret=FAILURE
org.apache.hadoop.ozone.om.exceptions.OMException: Volume not found when getting bucket info
	at org.apache.hadoop.ozone.om.BucketManagerImpl.getBucketInfo(BucketManagerImpl.java:127) ~[ozone-manager-1.3.0-SNAPSHOT.jar:?]
	at org.apache.hadoop.ozone.om.OzoneManager.getBucketInfo(OzoneManager.java:2686) ~[ozone-manager-1.3.0-SNAPSHOT.jar:?]
	at org.apache.hadoop.ozone.protocolPB.OzoneManagerRequestHandler.infoBucket(OzoneManagerRequestHandler.java:382) ~[ozone-manager-1.3.0-SNAPSHOT.jar:?]
	at org.apache.hadoop.ozone.protocolPB.OzoneManagerRequestHandler.handleReadRequest(OzoneManagerRequestHandler.java:156) ~[ozone-manager-1.3.0-SNAPSHOT.jar:?]
	at org.apache.hadoop.ozone.protocolPB.OzoneManagerProtocolServerSideTranslatorPB.submitReadRequestToOM(OzoneManagerProtocolServerSideTranslatorPB.java:213) ~[ozone-manager-1.3.0-SNAPSHOT.jar:?]
	at org.apache.hadoop.ozone.protocolPB.OzoneManagerProtocolServerSideTranslatorPB.processRequest(OzoneManagerProtocolServerSideTranslatorPB.java:174) ~[ozone-manager-1.3.0-SNAPSHOT.jar:?]
	at org.apache.hadoop.hdds.server.OzoneProtocolMessageDispatcher.processRequest(OzoneProtocolMessageDispatcher.java:87) [hdds-server-framework-1.3.0-SNAPSHOT.jar:?]
	at org.apache.hadoop.ozone.protocolPB.OzoneManagerProtocolServerSideTranslatorPB.submitRequest(OzoneManagerProtocolServerSideTranslatorPB.java:146) [ozone-manager-1.3.0-SNAPSHOT.jar:?]
	at org.apache.hadoop.ozone.protocol.proto.OzoneManagerProtocolProtos$OzoneManagerService$2.callBlockingMethod(OzoneManagerProtocolProtos.java) [ozone-interface-client-1.3.0-SNAPSHOT.jar:?]
	at org.apache.hadoop.ipc.ProtobufRpcEngine$Server.processCall(ProtobufRpcEngine.java:466) [hadoop-common-3.3.1.jar:?]
	at org.apache.hadoop.ipc.ProtobufRpcEngine2$Server$ProtoBufRpcInvoker.call(ProtobufRpcEngine2.java:574) [hadoop-common-3.3.1.jar:?]
	at org.apache.hadoop.ipc.ProtobufRpcEngine2$Server$ProtoBufRpcInvoker.call(ProtobufRpcEngine2.java:552) [hadoop-common-3.3.1.jar:?]
	at org.apache.hadoop.ipc.RPC$Server.call(RPC.java:1093) [hadoop-common-3.3.1.jar:?]
	at org.apache.hadoop.ipc.Server$RpcCall.run(Server.java:1035) [hadoop-common-3.3.1.jar:?]
	at org.apache.hadoop.ipc.Server$RpcCall.run(Server.java:963) [hadoop-common-3.3.1.jar:?]
	at java.security.AccessController.doPrivileged(Native Method) ~[?:1.8.0_322]
	at javax.security.auth.Subject.doAs(Subject.java:422) [?:1.8.0_322]
	at org.apache.hadoop.security.UserGroupInformation.doAs(UserGroupInformation.java:1878) [hadoop-common-3.3.1.jar:?]
	at org.apache.hadoop.ipc.Server$Handler.run(Server.java:2966) [hadoop-common-3.3.1.jar:?]
2022-05-04 03:16:30,936 [Time-limited test] INFO  rpc.RpcClient (RpcClient.java:createVolume(448)) - Creating Volume: volume-66742, with runner as owner and space quota set to -1 bytes, counts quota set to -1
2022-05-04 03:16:30,938 [OM StateMachine ApplyTransaction Thread - 0] INFO  volume.OMVolumeCreateRequest (OMVolumeCreateRequest.java:validateAndUpdateCache(195)) - created volume:volume-66742 for user:runner
2022-05-04 03:16:30,939 [Time-limited test] INFO  rpc.RpcClient (RpcClient.java:createBucket(637)) - Creating Bucket: volume-66742/bucket-01742, with runner as owner and Versioning false and Storage Type set to DISK and Encryption set to false 
2022-05-04 03:16:30,940 [OM StateMachine ApplyTransaction Thread - 0] INFO  bucket.OMBucketCreateRequest (OMBucketCreateRequest.java:validateAndUpdateCache(258)) - created bucket: bucket-01742 of layout LEGACY in volume: volume-66742
03:16:31.209 [IPC Server handler 6 on default port 37999] ERROR OMAudit - user=runner | ip=127.0.0.1 | op=READ_BUCKET {volume=volume-58455, bucket=bucket-63657} | ret=FAILURE
org.apache.hadoop.ozone.om.exceptions.OMException: Volume not found when getting bucket info
	at org.apache.hadoop.ozone.om.BucketManagerImpl.getBucketInfo(BucketManagerImpl.java:127) ~[ozone-manager-1.3.0-SNAPSHOT.jar:?]
	at org.apache.hadoop.ozone.om.OzoneManager.getBucketInfo(OzoneManager.java:2686) ~[ozone-manager-1.3.0-SNAPSHOT.jar:?]
	at org.apache.hadoop.ozone.protocolPB.OzoneManagerRequestHandler.infoBucket(OzoneManagerRequestHandler.java:382) ~[ozone-manager-1.3.0-SNAPSHOT.jar:?]
	at org.apache.hadoop.ozone.protocolPB.OzoneManagerRequestHandler.handleReadRequest(OzoneManagerRequestHandler.java:156) ~[ozone-manager-1.3.0-SNAPSHOT.jar:?]
	at org.apache.hadoop.ozone.protocolPB.OzoneManagerProtocolServerSideTranslatorPB.submitReadRequestToOM(OzoneManagerProtocolServerSideTranslatorPB.java:213) ~[ozone-manager-1.3.0-SNAPSHOT.jar:?]
	at org.apache.hadoop.ozone.protocolPB.OzoneManagerProtocolServerSideTranslatorPB.processRequest(OzoneManagerProtocolServerSideTranslatorPB.java:174) ~[ozone-manager-1.3.0-SNAPSHOT.jar:?]
	at org.apache.hadoop.hdds.server.OzoneProtocolMessageDispatcher.processRequest(OzoneProtocolMessageDispatcher.java:87) [hdds-server-framework-1.3.0-SNAPSHOT.jar:?]
	at org.apache.hadoop.ozone.protocolPB.OzoneManagerProtocolServerSideTranslatorPB.submitRequest(OzoneManagerProtocolServerSideTranslatorPB.java:146) [ozone-manager-1.3.0-SNAPSHOT.jar:?]
	at org.apache.hadoop.ozone.protocol.proto.OzoneManagerProtocolProtos$OzoneManagerService$2.callBlockingMethod(OzoneManagerProtocolProtos.java) [ozone-interface-client-1.3.0-SNAPSHOT.jar:?]
	at org.apache.hadoop.ipc.ProtobufRpcEngine$Server.processCall(ProtobufRpcEngine.java:466) [hadoop-common-3.3.1.jar:?]
	at org.apache.hadoop.ipc.ProtobufRpcEngine2$Server$ProtoBufRpcInvoker.call(ProtobufRpcEngine2.java:574) [hadoop-common-3.3.1.jar:?]
	at org.apache.hadoop.ipc.ProtobufRpcEngine2$Server$ProtoBufRpcInvoker.call(ProtobufRpcEngine2.java:552) [hadoop-common-3.3.1.jar:?]
	at org.apache.hadoop.ipc.RPC$Server.call(RPC.java:1093) [hadoop-common-3.3.1.jar:?]
	at org.apache.hadoop.ipc.Server$RpcCall.run(Server.java:1035) [hadoop-common-3.3.1.jar:?]
	at org.apache.hadoop.ipc.Server$RpcCall.run(Server.java:963) [hadoop-common-3.3.1.jar:?]
	at java.security.AccessController.doPrivileged(Native Method) ~[?:1.8.0_322]
	at javax.security.auth.Subject.doAs(Subject.java:422) [?:1.8.0_322]
	at org.apache.hadoop.security.UserGroupInformation.doAs(UserGroupInformation.java:1878) [hadoop-common-3.3.1.jar:?]
	at org.apache.hadoop.ipc.Server$Handler.run(Server.java:2966) [hadoop-common-3.3.1.jar:?]
2022-05-04 03:16:31,210 [Time-limited test] INFO  rpc.RpcClient (RpcClient.java:createVolume(448)) - Creating Volume: volume-58455, with runner as owner and space quota set to -1 bytes, counts quota set to -1
2022-05-04 03:16:31,214 [OM StateMachine ApplyTransaction Thread - 0] INFO  volume.OMVolumeCreateRequest (OMVolumeCreateRequest.java:validateAndUpdateCache(195)) - created volume:volume-58455 for user:runner
2022-05-04 03:16:31,226 [Time-limited test] INFO  rpc.RpcClient (RpcClient.java:createBucket(637)) - Creating Bucket: volume-58455/bucket-63657, with runner as owner and Versioning false and Storage Type set to DISK and Encryption set to false 
2022-05-04 03:16:31,227 [OM StateMachine ApplyTransaction Thread - 0] INFO  bucket.OMBucketCreateRequest (OMBucketCreateRequest.java:validateAndUpdateCache(258)) - created bucket: bucket-63657 of layout LEGACY in volume: volume-58455
]]></system-out>
  </testcase>
  <testcase name="testListStatusRootAndVolumeContinuation" classname="TestRootedOzoneFileSystem" time="1.579">
    <system-out><![CDATA[2022-05-04 03:18:02,614 [Time-limited test] INFO  rpc.RpcClient (RpcClient.java:createVolume(448)) - Creating Volume: volume08469, with user47893 as owner and space quota set to -1 bytes, counts quota set to -1
2022-05-04 03:18:02,614 [IPC Server handler 5 on default port 33661] INFO  volume.OMVolumeCreateRequest (OMVolumeCreateRequest.java:validateAndUpdateCache(195)) - created volume:volume08469 for user:user47893
2022-05-04 03:18:02,616 [Time-limited test] INFO  rpc.RpcClient (RpcClient.java:createBucket(637)) - Creating Bucket: volume08469/bucket17153, with runner as owner and Versioning false and Storage Type set to DISK and Encryption set to false 
2022-05-04 03:18:02,616 [IPC Server handler 8 on default port 33661] INFO  bucket.OMBucketCreateRequest (OMBucketCreateRequest.java:validateAndUpdateCache(258)) - created bucket: bucket17153 of layout LEGACY in volume: volume08469
03:18:02.628 [IPC Server handler 10 on default port 33661] ERROR OMAudit - user=runner | ip=127.0.0.1 | op=READ_BUCKET {volume=volume-53224, bucket=bucket-63089} | ret=FAILURE
org.apache.hadoop.ozone.om.exceptions.OMException: Volume not found when getting bucket info
	at org.apache.hadoop.ozone.om.BucketManagerImpl.getBucketInfo(BucketManagerImpl.java:127) ~[ozone-manager-1.3.0-SNAPSHOT.jar:?]
	at org.apache.hadoop.ozone.om.OzoneManager.getBucketInfo(OzoneManager.java:2686) ~[ozone-manager-1.3.0-SNAPSHOT.jar:?]
	at org.apache.hadoop.ozone.protocolPB.OzoneManagerRequestHandler.infoBucket(OzoneManagerRequestHandler.java:382) ~[ozone-manager-1.3.0-SNAPSHOT.jar:?]
	at org.apache.hadoop.ozone.protocolPB.OzoneManagerRequestHandler.handleReadRequest(OzoneManagerRequestHandler.java:156) ~[ozone-manager-1.3.0-SNAPSHOT.jar:?]
	at org.apache.hadoop.ozone.protocolPB.OzoneManagerProtocolServerSideTranslatorPB.submitRequestDirectlyToOM(OzoneManagerProtocolServerSideTranslatorPB.java:271) ~[ozone-manager-1.3.0-SNAPSHOT.jar:?]
	at org.apache.hadoop.ozone.protocolPB.OzoneManagerProtocolServerSideTranslatorPB.processRequest(OzoneManagerProtocolServerSideTranslatorPB.java:195) ~[ozone-manager-1.3.0-SNAPSHOT.jar:?]
	at org.apache.hadoop.hdds.server.OzoneProtocolMessageDispatcher.processRequest(OzoneProtocolMessageDispatcher.java:87) [hdds-server-framework-1.3.0-SNAPSHOT.jar:?]
	at org.apache.hadoop.ozone.protocolPB.OzoneManagerProtocolServerSideTranslatorPB.submitRequest(OzoneManagerProtocolServerSideTranslatorPB.java:146) [ozone-manager-1.3.0-SNAPSHOT.jar:?]
	at org.apache.hadoop.ozone.protocol.proto.OzoneManagerProtocolProtos$OzoneManagerService$2.callBlockingMethod(OzoneManagerProtocolProtos.java) [ozone-interface-client-1.3.0-SNAPSHOT.jar:?]
	at org.apache.hadoop.ipc.ProtobufRpcEngine$Server.processCall(ProtobufRpcEngine.java:466) [hadoop-common-3.3.1.jar:?]
	at org.apache.hadoop.ipc.ProtobufRpcEngine2$Server$ProtoBufRpcInvoker.call(ProtobufRpcEngine2.java:574) [hadoop-common-3.3.1.jar:?]
	at org.apache.hadoop.ipc.ProtobufRpcEngine2$Server$ProtoBufRpcInvoker.call(ProtobufRpcEngine2.java:552) [hadoop-common-3.3.1.jar:?]
	at org.apache.hadoop.ipc.RPC$Server.call(RPC.java:1093) [hadoop-common-3.3.1.jar:?]
	at org.apache.hadoop.ipc.Server$RpcCall.run(Server.java:1035) [hadoop-common-3.3.1.jar:?]
	at org.apache.hadoop.ipc.Server$RpcCall.run(Server.java:963) [hadoop-common-3.3.1.jar:?]
	at java.security.AccessController.doPrivileged(Native Method) ~[?:1.8.0_322]
	at javax.security.auth.Subject.doAs(Subject.java:422) [?:1.8.0_322]
	at org.apache.hadoop.security.UserGroupInformation.doAs(UserGroupInformation.java:1878) [hadoop-common-3.3.1.jar:?]
	at org.apache.hadoop.ipc.Server$Handler.run(Server.java:2966) [hadoop-common-3.3.1.jar:?]
2022-05-04 03:18:02,628 [Time-limited test] INFO  rpc.RpcClient (RpcClient.java:createVolume(448)) - Creating Volume: volume-53224, with runner as owner and space quota set to -1 bytes, counts quota set to -1
2022-05-04 03:18:02,630 [IPC Server handler 16 on default port 33661] INFO  volume.OMVolumeCreateRequest (OMVolumeCreateRequest.java:validateAndUpdateCache(195)) - created volume:volume-53224 for user:runner
2022-05-04 03:18:02,637 [Time-limited test] INFO  rpc.RpcClient (RpcClient.java:createBucket(637)) - Creating Bucket: volume-53224/bucket-63089, with runner as owner and Versioning false and Storage Type set to DISK and Encryption set to false 
2022-05-04 03:18:02,639 [IPC Server handler 14 on default port 33661] INFO  bucket.OMBucketCreateRequest (OMBucketCreateRequest.java:validateAndUpdateCache(258)) - created bucket: bucket-63089 of layout LEGACY in volume: volume-53224
03:18:02.821 [IPC Server handler 4 on default port 33661] ERROR OMAudit - user=runner | ip=127.0.0.1 | op=READ_BUCKET {volume=volume-91327, bucket=bucket-22115} | ret=FAILURE
org.apache.hadoop.ozone.om.exceptions.OMException: Volume not found when getting bucket info
	at org.apache.hadoop.ozone.om.BucketManagerImpl.getBucketInfo(BucketManagerImpl.java:127) ~[ozone-manager-1.3.0-SNAPSHOT.jar:?]
	at org.apache.hadoop.ozone.om.OzoneManager.getBucketInfo(OzoneManager.java:2686) ~[ozone-manager-1.3.0-SNAPSHOT.jar:?]
	at org.apache.hadoop.ozone.protocolPB.OzoneManagerRequestHandler.infoBucket(OzoneManagerRequestHandler.java:382) ~[ozone-manager-1.3.0-SNAPSHOT.jar:?]
	at org.apache.hadoop.ozone.protocolPB.OzoneManagerRequestHandler.handleReadRequest(OzoneManagerRequestHandler.java:156) ~[ozone-manager-1.3.0-SNAPSHOT.jar:?]
	at org.apache.hadoop.ozone.protocolPB.OzoneManagerProtocolServerSideTranslatorPB.submitRequestDirectlyToOM(OzoneManagerProtocolServerSideTranslatorPB.java:271) ~[ozone-manager-1.3.0-SNAPSHOT.jar:?]
	at org.apache.hadoop.ozone.protocolPB.OzoneManagerProtocolServerSideTranslatorPB.processRequest(OzoneManagerProtocolServerSideTranslatorPB.java:195) ~[ozone-manager-1.3.0-SNAPSHOT.jar:?]
	at org.apache.hadoop.hdds.server.OzoneProtocolMessageDispatcher.processRequest(OzoneProtocolMessageDispatcher.java:87) [hdds-server-framework-1.3.0-SNAPSHOT.jar:?]
	at org.apache.hadoop.ozone.protocolPB.OzoneManagerProtocolServerSideTranslatorPB.submitRequest(OzoneManagerProtocolServerSideTranslatorPB.java:146) [ozone-manager-1.3.0-SNAPSHOT.jar:?]
	at org.apache.hadoop.ozone.protocol.proto.OzoneManagerProtocolProtos$OzoneManagerService$2.callBlockingMethod(OzoneManagerProtocolProtos.java) [ozone-interface-client-1.3.0-SNAPSHOT.jar:?]
	at org.apache.hadoop.ipc.ProtobufRpcEngine$Server.processCall(ProtobufRpcEngine.java:466) [hadoop-common-3.3.1.jar:?]
	at org.apache.hadoop.ipc.ProtobufRpcEngine2$Server$ProtoBufRpcInvoker.call(ProtobufRpcEngine2.java:574) [hadoop-common-3.3.1.jar:?]
	at org.apache.hadoop.ipc.ProtobufRpcEngine2$Server$ProtoBufRpcInvoker.call(ProtobufRpcEngine2.java:552) [hadoop-common-3.3.1.jar:?]
	at org.apache.hadoop.ipc.RPC$Server.call(RPC.java:1093) [hadoop-common-3.3.1.jar:?]
	at org.apache.hadoop.ipc.Server$RpcCall.run(Server.java:1035) [hadoop-common-3.3.1.jar:?]
	at org.apache.hadoop.ipc.Server$RpcCall.run(Server.java:963) [hadoop-common-3.3.1.jar:?]
	at java.security.AccessController.doPrivileged(Native Method) ~[?:1.8.0_322]
	at javax.security.auth.Subject.doAs(Subject.java:422) [?:1.8.0_322]
	at org.apache.hadoop.security.UserGroupInformation.doAs(UserGroupInformation.java:1878) [hadoop-common-3.3.1.jar:?]
	at org.apache.hadoop.ipc.Server$Handler.run(Server.java:2966) [hadoop-common-3.3.1.jar:?]
2022-05-04 03:18:02,821 [Time-limited test] INFO  rpc.RpcClient (RpcClient.java:createVolume(448)) - Creating Volume: volume-91327, with runner as owner and space quota set to -1 bytes, counts quota set to -1
2022-05-04 03:18:02,826 [IPC Server handler 5 on default port 33661] INFO  volume.OMVolumeCreateRequest (OMVolumeCreateRequest.java:validateAndUpdateCache(195)) - created volume:volume-91327 for user:runner
2022-05-04 03:18:02,827 [Time-limited test] INFO  rpc.RpcClient (RpcClient.java:createBucket(637)) - Creating Bucket: volume-91327/bucket-22115, with runner as owner and Versioning false and Storage Type set to DISK and Encryption set to false 
2022-05-04 03:18:02,828 [IPC Server handler 8 on default port 33661] INFO  bucket.OMBucketCreateRequest (OMBucketCreateRequest.java:validateAndUpdateCache(258)) - created bucket: bucket-22115 of layout LEGACY in volume: volume-91327
2022-05-04 03:18:02,891 [a4d0b5f9-3282-4cc2-85b1-5a1b13720eaf@group-7E785CA2A080-FollowerState] INFO  impl.FollowerState (FollowerState.java:run(134)) - a4d0b5f9-3282-4cc2-85b1-5a1b13720eaf@group-7E785CA2A080-FollowerState: change to CANDIDATE, lastRpcElapsedTime:5132924022ns, electionTimeout:5132ms
2022-05-04 03:18:02,891 [a4d0b5f9-3282-4cc2-85b1-5a1b13720eaf@group-7E785CA2A080-FollowerState] INFO  impl.RoleInfo (RoleInfo.java:shutdownFollowerState(108)) - a4d0b5f9-3282-4cc2-85b1-5a1b13720eaf: shutdown a4d0b5f9-3282-4cc2-85b1-5a1b13720eaf@group-7E785CA2A080-FollowerState
2022-05-04 03:18:02,891 [a4d0b5f9-3282-4cc2-85b1-5a1b13720eaf@group-7E785CA2A080-FollowerState] INFO  server.RaftServer$Division (RaftServerImpl.java:setRole(290)) - a4d0b5f9-3282-4cc2-85b1-5a1b13720eaf@group-7E785CA2A080: changes role from  FOLLOWER to CANDIDATE at term 3 for changeToCandidate
2022-05-04 03:18:02,891 [a4d0b5f9-3282-4cc2-85b1-5a1b13720eaf@group-7E785CA2A080-FollowerState] INFO  server.RaftServerConfigKeys (ConfUtils.java:logGet(44)) - raft.server.leaderelection.pre-vote = false (custom)
2022-05-04 03:18:02,891 [a4d0b5f9-3282-4cc2-85b1-5a1b13720eaf@group-7E785CA2A080-FollowerState] INFO  impl.RoleInfo (RoleInfo.java:updateAndGet(130)) - a4d0b5f9-3282-4cc2-85b1-5a1b13720eaf: start a4d0b5f9-3282-4cc2-85b1-5a1b13720eaf@group-7E785CA2A080-LeaderElection79
2022-05-04 03:18:02,941 [cd15dffe-0bdf-4ded-a416-2706c1d3a8c9@group-7E785CA2A080-FollowerState] INFO  impl.FollowerState (FollowerState.java:run(134)) - cd15dffe-0bdf-4ded-a416-2706c1d3a8c9@group-7E785CA2A080-FollowerState: change to CANDIDATE, lastRpcElapsedTime:5085657972ns, electionTimeout:5079ms
2022-05-04 03:18:02,941 [cd15dffe-0bdf-4ded-a416-2706c1d3a8c9@group-7E785CA2A080-FollowerState] INFO  impl.RoleInfo (RoleInfo.java:shutdownFollowerState(108)) - cd15dffe-0bdf-4ded-a416-2706c1d3a8c9: shutdown cd15dffe-0bdf-4ded-a416-2706c1d3a8c9@group-7E785CA2A080-FollowerState
2022-05-04 03:18:02,941 [cd15dffe-0bdf-4ded-a416-2706c1d3a8c9@group-7E785CA2A080-FollowerState] INFO  server.RaftServer$Division (RaftServerImpl.java:setRole(290)) - cd15dffe-0bdf-4ded-a416-2706c1d3a8c9@group-7E785CA2A080: changes role from  FOLLOWER to CANDIDATE at term 3 for changeToCandidate
2022-05-04 03:18:02,947 [a4d0b5f9-3282-4cc2-85b1-5a1b13720eaf@group-7E785CA2A080-LeaderElection79] INFO  impl.LeaderElection (LeaderElection.java:askForVotes(306)) - a4d0b5f9-3282-4cc2-85b1-5a1b13720eaf@group-7E785CA2A080-LeaderElection79 ELECTION round 0: submit vote requests at term 4 for -1: [a4d0b5f9-3282-4cc2-85b1-5a1b13720eaf|rpc:10.1.0.22:43989|priority:0, ddb2790c-8d68-49f8-bd13-2d0c1144ba02|rpc:10.1.0.22:35569|priority:0, cd15dffe-0bdf-4ded-a416-2706c1d3a8c9|rpc:10.1.0.22:40121|priority:1], old=null
2022-05-04 03:18:02,961 [cd15dffe-0bdf-4ded-a416-2706c1d3a8c9@group-7E785CA2A080-FollowerState] INFO  server.RaftServerConfigKeys (ConfUtils.java:logGet(44)) - raft.server.leaderelection.pre-vote = false (custom)
2022-05-04 03:18:02,961 [cd15dffe-0bdf-4ded-a416-2706c1d3a8c9@group-7E785CA2A080-FollowerState] INFO  impl.RoleInfo (RoleInfo.java:updateAndGet(130)) - cd15dffe-0bdf-4ded-a416-2706c1d3a8c9: start cd15dffe-0bdf-4ded-a416-2706c1d3a8c9@group-7E785CA2A080-LeaderElection80
2022-05-04 03:18:03,036 [cd15dffe-0bdf-4ded-a416-2706c1d3a8c9@group-7E785CA2A080-LeaderElection80] INFO  impl.LeaderElection (LeaderElection.java:askForVotes(306)) - cd15dffe-0bdf-4ded-a416-2706c1d3a8c9@group-7E785CA2A080-LeaderElection80 ELECTION round 0: submit vote requests at term 4 for -1: [a4d0b5f9-3282-4cc2-85b1-5a1b13720eaf|rpc:10.1.0.22:43989|dataStream:|priority:0, ddb2790c-8d68-49f8-bd13-2d0c1144ba02|rpc:10.1.0.22:35569|dataStream:|priority:0, cd15dffe-0bdf-4ded-a416-2706c1d3a8c9|rpc:10.1.0.22:40121|dataStream:|priority:1], old=null
2022-05-04 03:18:03,052 [grpc-default-executor-1] INFO  server.RaftServer$Division (RaftServerImpl.java:requestVote(1046)) - ddb2790c-8d68-49f8-bd13-2d0c1144ba02@group-7E785CA2A080: receive requestVote(ELECTION, a4d0b5f9-3282-4cc2-85b1-5a1b13720eaf, group-7E785CA2A080, 4, (t:0, i:0))
2022-05-04 03:18:03,052 [grpc-default-executor-1] INFO  impl.VoteContext (VoteContext.java:log(48)) - ddb2790c-8d68-49f8-bd13-2d0c1144ba02@group-7E785CA2A080-FOLLOWER: accept ELECTION from a4d0b5f9-3282-4cc2-85b1-5a1b13720eaf: our priority 0 <= candidate's priority 0
2022-05-04 03:18:03,052 [grpc-default-executor-1] INFO  server.RaftServer$Division (RaftServerImpl.java:setRole(290)) - ddb2790c-8d68-49f8-bd13-2d0c1144ba02@group-7E785CA2A080: changes role from  FOLLOWER to FOLLOWER at term 4 for candidate:a4d0b5f9-3282-4cc2-85b1-5a1b13720eaf
2022-05-04 03:18:03,053 [grpc-default-executor-1] INFO  impl.RoleInfo (RoleInfo.java:shutdownFollowerState(108)) - ddb2790c-8d68-49f8-bd13-2d0c1144ba02: shutdown ddb2790c-8d68-49f8-bd13-2d0c1144ba02@group-7E785CA2A080-FollowerState
2022-05-04 03:18:03,053 [grpc-default-executor-0] INFO  server.RaftServer$Division (RaftServerImpl.java:requestVote(1046)) - cd15dffe-0bdf-4ded-a416-2706c1d3a8c9@group-7E785CA2A080: receive requestVote(ELECTION, a4d0b5f9-3282-4cc2-85b1-5a1b13720eaf, group-7E785CA2A080, 4, (t:0, i:0))
2022-05-04 03:18:03,053 [grpc-default-executor-0] INFO  impl.VoteContext (VoteContext.java:log(48)) - cd15dffe-0bdf-4ded-a416-2706c1d3a8c9@group-7E785CA2A080-CANDIDATE: reject ELECTION from a4d0b5f9-3282-4cc2-85b1-5a1b13720eaf: already has voted for cd15dffe-0bdf-4ded-a416-2706c1d3a8c9 at current term 4
2022-05-04 03:18:03,053 [grpc-default-executor-0] INFO  server.RaftServer$Division (RaftServerImpl.java:requestVote(1078)) - cd15dffe-0bdf-4ded-a416-2706c1d3a8c9@group-7E785CA2A080 replies to ELECTION vote request: a4d0b5f9-3282-4cc2-85b1-5a1b13720eaf<-cd15dffe-0bdf-4ded-a416-2706c1d3a8c9#0:FAIL-t4. Peer's state: cd15dffe-0bdf-4ded-a416-2706c1d3a8c9@group-7E785CA2A080:t4, leader=null, voted=cd15dffe-0bdf-4ded-a416-2706c1d3a8c9, raftlog=cd15dffe-0bdf-4ded-a416-2706c1d3a8c9@group-7E785CA2A080-SegmentedRaftLog:OPENED:c-1, conf=-1: [a4d0b5f9-3282-4cc2-85b1-5a1b13720eaf|rpc:10.1.0.22:43989|dataStream:|priority:0, ddb2790c-8d68-49f8-bd13-2d0c1144ba02|rpc:10.1.0.22:35569|dataStream:|priority:0, cd15dffe-0bdf-4ded-a416-2706c1d3a8c9|rpc:10.1.0.22:40121|dataStream:|priority:1], old=null
2022-05-04 03:18:03,056 [grpc-default-executor-1] INFO  impl.RoleInfo (RoleInfo.java:updateAndGet(130)) - ddb2790c-8d68-49f8-bd13-2d0c1144ba02: start ddb2790c-8d68-49f8-bd13-2d0c1144ba02@group-7E785CA2A080-FollowerState
2022-05-04 03:18:03,059 [ddb2790c-8d68-49f8-bd13-2d0c1144ba02@group-7E785CA2A080-FollowerState] INFO  impl.FollowerState (FollowerState.java:run(143)) - ddb2790c-8d68-49f8-bd13-2d0c1144ba02@group-7E785CA2A080-FollowerState was interrupted: {}
java.lang.InterruptedException: sleep interrupted
	at java.lang.Thread.sleep(Native Method)
	at java.lang.Thread.sleep(Thread.java:342)
	at java.util.concurrent.TimeUnit.sleep(TimeUnit.java:386)
	at org.apache.ratis.util.TimeDuration.sleep(TimeDuration.java:324)
	at org.apache.ratis.util.TimeDuration.sleep(TimeDuration.java:309)
	at org.apache.ratis.server.impl.FollowerState.run(FollowerState.java:118)
2022-05-04 03:18:03,059 [a4d0b5f9-3282-4cc2-85b1-5a1b13720eaf@group-7E785CA2A080-LeaderElection79] INFO  impl.LeaderElection (LeaderElection.java:logAndReturn(89)) - a4d0b5f9-3282-4cc2-85b1-5a1b13720eaf@group-7E785CA2A080-LeaderElection79: ELECTION REJECTED received 1 response(s) and 0 exception(s):
2022-05-04 03:18:03,059 [a4d0b5f9-3282-4cc2-85b1-5a1b13720eaf@group-7E785CA2A080-LeaderElection79] INFO  impl.LeaderElection (LeaderElection.java:logAndReturn(93)) -   Response 0: a4d0b5f9-3282-4cc2-85b1-5a1b13720eaf<-cd15dffe-0bdf-4ded-a416-2706c1d3a8c9#0:FAIL-t4
2022-05-04 03:18:03,059 [a4d0b5f9-3282-4cc2-85b1-5a1b13720eaf@group-7E785CA2A080-LeaderElection79] INFO  impl.LeaderElection (LeaderElection.java:askForVotes(308)) - a4d0b5f9-3282-4cc2-85b1-5a1b13720eaf@group-7E785CA2A080-LeaderElection79 ELECTION round 0: result REJECTED
2022-05-04 03:18:03,059 [a4d0b5f9-3282-4cc2-85b1-5a1b13720eaf@group-7E785CA2A080-LeaderElection79] INFO  server.RaftServer$Division (RaftServerImpl.java:setRole(290)) - a4d0b5f9-3282-4cc2-85b1-5a1b13720eaf@group-7E785CA2A080: changes role from CANDIDATE to FOLLOWER at term 4 for REJECTED
2022-05-04 03:18:03,059 [a4d0b5f9-3282-4cc2-85b1-5a1b13720eaf@group-7E785CA2A080-LeaderElection79] INFO  impl.RoleInfo (RoleInfo.java:shutdownLeaderElection(121)) - a4d0b5f9-3282-4cc2-85b1-5a1b13720eaf: shutdown a4d0b5f9-3282-4cc2-85b1-5a1b13720eaf@group-7E785CA2A080-LeaderElection79
2022-05-04 03:18:03,059 [a4d0b5f9-3282-4cc2-85b1-5a1b13720eaf@group-7E785CA2A080-LeaderElection79] INFO  impl.RoleInfo (RoleInfo.java:updateAndGet(130)) - a4d0b5f9-3282-4cc2-85b1-5a1b13720eaf: start a4d0b5f9-3282-4cc2-85b1-5a1b13720eaf@group-7E785CA2A080-FollowerState
03:18:03.063 [IPC Server handler 1 on default port 33661] ERROR OMAudit - user=runner | ip=127.0.0.1 | op=READ_BUCKET {volume=volume-94930, bucket=bucket-93323} | ret=FAILURE
org.apache.hadoop.ozone.om.exceptions.OMException: Volume not found when getting bucket info
	at org.apache.hadoop.ozone.om.BucketManagerImpl.getBucketInfo(BucketManagerImpl.java:127) ~[ozone-manager-1.3.0-SNAPSHOT.jar:?]
	at org.apache.hadoop.ozone.om.OzoneManager.getBucketInfo(OzoneManager.java:2686) ~[ozone-manager-1.3.0-SNAPSHOT.jar:?]
	at org.apache.hadoop.ozone.protocolPB.OzoneManagerRequestHandler.infoBucket(OzoneManagerRequestHandler.java:382) ~[ozone-manager-1.3.0-SNAPSHOT.jar:?]
	at org.apache.hadoop.ozone.protocolPB.OzoneManagerRequestHandler.handleReadRequest(OzoneManagerRequestHandler.java:156) ~[ozone-manager-1.3.0-SNAPSHOT.jar:?]
	at org.apache.hadoop.ozone.protocolPB.OzoneManagerProtocolServerSideTranslatorPB.submitRequestDirectlyToOM(OzoneManagerProtocolServerSideTranslatorPB.java:271) ~[ozone-manager-1.3.0-SNAPSHOT.jar:?]
	at org.apache.hadoop.ozone.protocolPB.OzoneManagerProtocolServerSideTranslatorPB.processRequest(OzoneManagerProtocolServerSideTranslatorPB.java:195) ~[ozone-manager-1.3.0-SNAPSHOT.jar:?]
	at org.apache.hadoop.hdds.server.OzoneProtocolMessageDispatcher.processRequest(OzoneProtocolMessageDispatcher.java:87) [hdds-server-framework-1.3.0-SNAPSHOT.jar:?]
	at org.apache.hadoop.ozone.protocolPB.OzoneManagerProtocolServerSideTranslatorPB.submitRequest(OzoneManagerProtocolServerSideTranslatorPB.java:146) [ozone-manager-1.3.0-SNAPSHOT.jar:?]
	at org.apache.hadoop.ozone.protocol.proto.OzoneManagerProtocolProtos$OzoneManagerService$2.callBlockingMethod(OzoneManagerProtocolProtos.java) [ozone-interface-client-1.3.0-SNAPSHOT.jar:?]
	at org.apache.hadoop.ipc.ProtobufRpcEngine$Server.processCall(ProtobufRpcEngine.java:466) [hadoop-common-3.3.1.jar:?]
	at org.apache.hadoop.ipc.ProtobufRpcEngine2$Server$ProtoBufRpcInvoker.call(ProtobufRpcEngine2.java:574) [hadoop-common-3.3.1.jar:?]
	at org.apache.hadoop.ipc.ProtobufRpcEngine2$Server$ProtoBufRpcInvoker.call(ProtobufRpcEngine2.java:552) [hadoop-common-3.3.1.jar:?]
	at org.apache.hadoop.ipc.RPC$Server.call(RPC.java:1093) [hadoop-common-3.3.1.jar:?]
	at org.apache.hadoop.ipc.Server$RpcCall.run(Server.java:1035) [hadoop-common-3.3.1.jar:?]
	at org.apache.hadoop.ipc.Server$RpcCall.run(Server.java:963) [hadoop-common-3.3.1.jar:?]
	at java.security.AccessController.doPrivileged(Native Method) ~[?:1.8.0_322]
	at javax.security.auth.Subject.doAs(Subject.java:422) [?:1.8.0_322]
	at org.apache.hadoop.security.UserGroupInformation.doAs(UserGroupInformation.java:1878) [hadoop-common-3.3.1.jar:?]
	at org.apache.hadoop.ipc.Server$Handler.run(Server.java:2966) [hadoop-common-3.3.1.jar:?]
2022-05-04 03:18:03,070 [Time-limited test] INFO  rpc.RpcClient (RpcClient.java:createVolume(448)) - Creating Volume: volume-94930, with runner as owner and space quota set to -1 bytes, counts quota set to -1
2022-05-04 03:18:03,071 [IPC Server handler 19 on default port 33661] INFO  volume.OMVolumeCreateRequest (OMVolumeCreateRequest.java:validateAndUpdateCache(195)) - created volume:volume-94930 for user:runner
2022-05-04 03:18:03,072 [grpc-default-executor-1] INFO  server.RaftServer$Division (RaftServerImpl.java:requestVote(1078)) - ddb2790c-8d68-49f8-bd13-2d0c1144ba02@group-7E785CA2A080 replies to ELECTION vote request: a4d0b5f9-3282-4cc2-85b1-5a1b13720eaf<-ddb2790c-8d68-49f8-bd13-2d0c1144ba02#0:OK-t4. Peer's state: ddb2790c-8d68-49f8-bd13-2d0c1144ba02@group-7E785CA2A080:t4, leader=null, voted=a4d0b5f9-3282-4cc2-85b1-5a1b13720eaf, raftlog=ddb2790c-8d68-49f8-bd13-2d0c1144ba02@group-7E785CA2A080-SegmentedRaftLog:OPENED:c-1, conf=-1: [a4d0b5f9-3282-4cc2-85b1-5a1b13720eaf|rpc:10.1.0.22:43989|dataStream:|priority:0, ddb2790c-8d68-49f8-bd13-2d0c1144ba02|rpc:10.1.0.22:35569|dataStream:|priority:0, cd15dffe-0bdf-4ded-a416-2706c1d3a8c9|rpc:10.1.0.22:40121|dataStream:|priority:1], old=null
2022-05-04 03:18:03,074 [Time-limited test] INFO  rpc.RpcClient (RpcClient.java:createBucket(637)) - Creating Bucket: volume-94930/bucket-93323, with runner as owner and Versioning false and Storage Type set to DISK and Encryption set to false 
2022-05-04 03:18:03,075 [IPC Server handler 15 on default port 33661] INFO  bucket.OMBucketCreateRequest (OMBucketCreateRequest.java:validateAndUpdateCache(258)) - created bucket: bucket-93323 of layout LEGACY in volume: volume-94930
2022-05-04 03:18:03,126 [grpc-default-executor-0] INFO  server.RaftServer$Division (RaftServerImpl.java:requestVote(1046)) - a4d0b5f9-3282-4cc2-85b1-5a1b13720eaf@group-7E785CA2A080: receive requestVote(ELECTION, cd15dffe-0bdf-4ded-a416-2706c1d3a8c9, group-7E785CA2A080, 4, (t:0, i:0))
2022-05-04 03:18:03,126 [grpc-default-executor-0] INFO  impl.VoteContext (VoteContext.java:log(48)) - a4d0b5f9-3282-4cc2-85b1-5a1b13720eaf@group-7E785CA2A080-FOLLOWER: reject ELECTION from cd15dffe-0bdf-4ded-a416-2706c1d3a8c9: already has voted for a4d0b5f9-3282-4cc2-85b1-5a1b13720eaf at current term 4
2022-05-04 03:18:03,126 [grpc-default-executor-0] INFO  server.RaftServer$Division (RaftServerImpl.java:requestVote(1078)) - a4d0b5f9-3282-4cc2-85b1-5a1b13720eaf@group-7E785CA2A080 replies to ELECTION vote request: cd15dffe-0bdf-4ded-a416-2706c1d3a8c9<-a4d0b5f9-3282-4cc2-85b1-5a1b13720eaf#0:FAIL-t4. Peer's state: a4d0b5f9-3282-4cc2-85b1-5a1b13720eaf@group-7E785CA2A080:t4, leader=null, voted=a4d0b5f9-3282-4cc2-85b1-5a1b13720eaf, raftlog=a4d0b5f9-3282-4cc2-85b1-5a1b13720eaf@group-7E785CA2A080-SegmentedRaftLog:OPENED:c-1, conf=-1: [a4d0b5f9-3282-4cc2-85b1-5a1b13720eaf|rpc:10.1.0.22:43989|priority:0, ddb2790c-8d68-49f8-bd13-2d0c1144ba02|rpc:10.1.0.22:35569|priority:0, cd15dffe-0bdf-4ded-a416-2706c1d3a8c9|rpc:10.1.0.22:40121|priority:1], old=null
2022-05-04 03:18:03,126 [grpc-default-executor-2] INFO  server.RaftServer$Division (RaftServerImpl.java:requestVote(1046)) - ddb2790c-8d68-49f8-bd13-2d0c1144ba02@group-7E785CA2A080: receive requestVote(ELECTION, cd15dffe-0bdf-4ded-a416-2706c1d3a8c9, group-7E785CA2A080, 4, (t:0, i:0))
2022-05-04 03:18:03,126 [grpc-default-executor-2] INFO  impl.VoteContext (VoteContext.java:log(48)) - ddb2790c-8d68-49f8-bd13-2d0c1144ba02@group-7E785CA2A080-FOLLOWER: reject ELECTION from cd15dffe-0bdf-4ded-a416-2706c1d3a8c9: already has voted for a4d0b5f9-3282-4cc2-85b1-5a1b13720eaf at current term 4
2022-05-04 03:18:03,126 [grpc-default-executor-2] INFO  server.RaftServer$Division (RaftServerImpl.java:requestVote(1078)) - ddb2790c-8d68-49f8-bd13-2d0c1144ba02@group-7E785CA2A080 replies to ELECTION vote request: cd15dffe-0bdf-4ded-a416-2706c1d3a8c9<-ddb2790c-8d68-49f8-bd13-2d0c1144ba02#0:FAIL-t4. Peer's state: ddb2790c-8d68-49f8-bd13-2d0c1144ba02@group-7E785CA2A080:t4, leader=null, voted=a4d0b5f9-3282-4cc2-85b1-5a1b13720eaf, raftlog=ddb2790c-8d68-49f8-bd13-2d0c1144ba02@group-7E785CA2A080-SegmentedRaftLog:OPENED:c-1, conf=-1: [a4d0b5f9-3282-4cc2-85b1-5a1b13720eaf|rpc:10.1.0.22:43989|dataStream:|priority:0, ddb2790c-8d68-49f8-bd13-2d0c1144ba02|rpc:10.1.0.22:35569|dataStream:|priority:0, cd15dffe-0bdf-4ded-a416-2706c1d3a8c9|rpc:10.1.0.22:40121|dataStream:|priority:1], old=null
2022-05-04 03:18:03,135 [cd15dffe-0bdf-4ded-a416-2706c1d3a8c9@group-7E785CA2A080-LeaderElection80] INFO  impl.LeaderElection (LeaderElection.java:logAndReturn(89)) - cd15dffe-0bdf-4ded-a416-2706c1d3a8c9@group-7E785CA2A080-LeaderElection80: ELECTION REJECTED received 2 response(s) and 0 exception(s):
2022-05-04 03:18:03,135 [cd15dffe-0bdf-4ded-a416-2706c1d3a8c9@group-7E785CA2A080-LeaderElection80] INFO  impl.LeaderElection (LeaderElection.java:logAndReturn(93)) -   Response 0: cd15dffe-0bdf-4ded-a416-2706c1d3a8c9<-a4d0b5f9-3282-4cc2-85b1-5a1b13720eaf#0:FAIL-t4
2022-05-04 03:18:03,135 [cd15dffe-0bdf-4ded-a416-2706c1d3a8c9@group-7E785CA2A080-LeaderElection80] INFO  impl.LeaderElection (LeaderElection.java:logAndReturn(93)) -   Response 1: cd15dffe-0bdf-4ded-a416-2706c1d3a8c9<-ddb2790c-8d68-49f8-bd13-2d0c1144ba02#0:FAIL-t4
2022-05-04 03:18:03,135 [cd15dffe-0bdf-4ded-a416-2706c1d3a8c9@group-7E785CA2A080-LeaderElection80] INFO  impl.LeaderElection (LeaderElection.java:askForVotes(308)) - cd15dffe-0bdf-4ded-a416-2706c1d3a8c9@group-7E785CA2A080-LeaderElection80 ELECTION round 0: result REJECTED
2022-05-04 03:18:03,135 [cd15dffe-0bdf-4ded-a416-2706c1d3a8c9@group-7E785CA2A080-LeaderElection80] INFO  server.RaftServer$Division (RaftServerImpl.java:setRole(290)) - cd15dffe-0bdf-4ded-a416-2706c1d3a8c9@group-7E785CA2A080: changes role from CANDIDATE to FOLLOWER at term 4 for REJECTED
2022-05-04 03:18:03,135 [cd15dffe-0bdf-4ded-a416-2706c1d3a8c9@group-7E785CA2A080-LeaderElection80] INFO  impl.RoleInfo (RoleInfo.java:shutdownLeaderElection(121)) - cd15dffe-0bdf-4ded-a416-2706c1d3a8c9: shutdown cd15dffe-0bdf-4ded-a416-2706c1d3a8c9@group-7E785CA2A080-LeaderElection80
2022-05-04 03:18:03,136 [cd15dffe-0bdf-4ded-a416-2706c1d3a8c9@group-7E785CA2A080-LeaderElection80] INFO  impl.RoleInfo (RoleInfo.java:updateAndGet(130)) - cd15dffe-0bdf-4ded-a416-2706c1d3a8c9: start cd15dffe-0bdf-4ded-a416-2706c1d3a8c9@group-7E785CA2A080-FollowerState
03:18:03.395 [IPC Server handler 13 on default port 33661] ERROR OMAudit - user=runner | ip=127.0.0.1 | op=READ_BUCKET {volume=volume-50215, bucket=bucket-53556} | ret=FAILURE
org.apache.hadoop.ozone.om.exceptions.OMException: Volume not found when getting bucket info
	at org.apache.hadoop.ozone.om.BucketManagerImpl.getBucketInfo(BucketManagerImpl.java:127) ~[ozone-manager-1.3.0-SNAPSHOT.jar:?]
	at org.apache.hadoop.ozone.om.OzoneManager.getBucketInfo(OzoneManager.java:2686) ~[ozone-manager-1.3.0-SNAPSHOT.jar:?]
	at org.apache.hadoop.ozone.protocolPB.OzoneManagerRequestHandler.infoBucket(OzoneManagerRequestHandler.java:382) ~[ozone-manager-1.3.0-SNAPSHOT.jar:?]
	at org.apache.hadoop.ozone.protocolPB.OzoneManagerRequestHandler.handleReadRequest(OzoneManagerRequestHandler.java:156) ~[ozone-manager-1.3.0-SNAPSHOT.jar:?]
	at org.apache.hadoop.ozone.protocolPB.OzoneManagerProtocolServerSideTranslatorPB.submitRequestDirectlyToOM(OzoneManagerProtocolServerSideTranslatorPB.java:271) ~[ozone-manager-1.3.0-SNAPSHOT.jar:?]
	at org.apache.hadoop.ozone.protocolPB.OzoneManagerProtocolServerSideTranslatorPB.processRequest(OzoneManagerProtocolServerSideTranslatorPB.java:195) ~[ozone-manager-1.3.0-SNAPSHOT.jar:?]
	at org.apache.hadoop.hdds.server.OzoneProtocolMessageDispatcher.processRequest(OzoneProtocolMessageDispatcher.java:87) [hdds-server-framework-1.3.0-SNAPSHOT.jar:?]
	at org.apache.hadoop.ozone.protocolPB.OzoneManagerProtocolServerSideTranslatorPB.submitRequest(OzoneManagerProtocolServerSideTranslatorPB.java:146) [ozone-manager-1.3.0-SNAPSHOT.jar:?]
	at org.apache.hadoop.ozone.protocol.proto.OzoneManagerProtocolProtos$OzoneManagerService$2.callBlockingMethod(OzoneManagerProtocolProtos.java) [ozone-interface-client-1.3.0-SNAPSHOT.jar:?]
	at org.apache.hadoop.ipc.ProtobufRpcEngine$Server.processCall(ProtobufRpcEngine.java:466) [hadoop-common-3.3.1.jar:?]
	at org.apache.hadoop.ipc.ProtobufRpcEngine2$Server$ProtoBufRpcInvoker.call(ProtobufRpcEngine2.java:574) [hadoop-common-3.3.1.jar:?]
	at org.apache.hadoop.ipc.ProtobufRpcEngine2$Server$ProtoBufRpcInvoker.call(ProtobufRpcEngine2.java:552) [hadoop-common-3.3.1.jar:?]
	at org.apache.hadoop.ipc.RPC$Server.call(RPC.java:1093) [hadoop-common-3.3.1.jar:?]
	at org.apache.hadoop.ipc.Server$RpcCall.run(Server.java:1035) [hadoop-common-3.3.1.jar:?]
	at org.apache.hadoop.ipc.Server$RpcCall.run(Server.java:963) [hadoop-common-3.3.1.jar:?]
	at java.security.AccessController.doPrivileged(Native Method) ~[?:1.8.0_322]
	at javax.security.auth.Subject.doAs(Subject.java:422) [?:1.8.0_322]
	at org.apache.hadoop.security.UserGroupInformation.doAs(UserGroupInformation.java:1878) [hadoop-common-3.3.1.jar:?]
	at org.apache.hadoop.ipc.Server$Handler.run(Server.java:2966) [hadoop-common-3.3.1.jar:?]
2022-05-04 03:18:03,395 [Time-limited test] INFO  rpc.RpcClient (RpcClient.java:createVolume(448)) - Creating Volume: volume-50215, with runner as owner and space quota set to -1 bytes, counts quota set to -1
2022-05-04 03:18:03,396 [IPC Server handler 14 on default port 33661] INFO  volume.OMVolumeCreateRequest (OMVolumeCreateRequest.java:validateAndUpdateCache(195)) - created volume:volume-50215 for user:runner
2022-05-04 03:18:03,397 [Time-limited test] INFO  rpc.RpcClient (RpcClient.java:createBucket(637)) - Creating Bucket: volume-50215/bucket-53556, with runner as owner and Versioning false and Storage Type set to DISK and Encryption set to false 
2022-05-04 03:18:03,398 [IPC Server handler 2 on default port 33661] INFO  bucket.OMBucketCreateRequest (OMBucketCreateRequest.java:validateAndUpdateCache(258)) - created bucket: bucket-53556 of layout LEGACY in volume: volume-50215
03:18:03.569 [IPC Server handler 7 on default port 33661] ERROR OMAudit - user=runner | ip=127.0.0.1 | op=READ_BUCKET {volume=volume-25711, bucket=bucket-26543} | ret=FAILURE
org.apache.hadoop.ozone.om.exceptions.OMException: Volume not found when getting bucket info
	at org.apache.hadoop.ozone.om.BucketManagerImpl.getBucketInfo(BucketManagerImpl.java:127) ~[ozone-manager-1.3.0-SNAPSHOT.jar:?]
	at org.apache.hadoop.ozone.om.OzoneManager.getBucketInfo(OzoneManager.java:2686) ~[ozone-manager-1.3.0-SNAPSHOT.jar:?]
	at org.apache.hadoop.ozone.protocolPB.OzoneManagerRequestHandler.infoBucket(OzoneManagerRequestHandler.java:382) ~[ozone-manager-1.3.0-SNAPSHOT.jar:?]
	at org.apache.hadoop.ozone.protocolPB.OzoneManagerRequestHandler.handleReadRequest(OzoneManagerRequestHandler.java:156) ~[ozone-manager-1.3.0-SNAPSHOT.jar:?]
	at org.apache.hadoop.ozone.protocolPB.OzoneManagerProtocolServerSideTranslatorPB.submitRequestDirectlyToOM(OzoneManagerProtocolServerSideTranslatorPB.java:271) ~[ozone-manager-1.3.0-SNAPSHOT.jar:?]
	at org.apache.hadoop.ozone.protocolPB.OzoneManagerProtocolServerSideTranslatorPB.processRequest(OzoneManagerProtocolServerSideTranslatorPB.java:195) ~[ozone-manager-1.3.0-SNAPSHOT.jar:?]
	at org.apache.hadoop.hdds.server.OzoneProtocolMessageDispatcher.processRequest(OzoneProtocolMessageDispatcher.java:87) [hdds-server-framework-1.3.0-SNAPSHOT.jar:?]
	at org.apache.hadoop.ozone.protocolPB.OzoneManagerProtocolServerSideTranslatorPB.submitRequest(OzoneManagerProtocolServerSideTranslatorPB.java:146) [ozone-manager-1.3.0-SNAPSHOT.jar:?]
	at org.apache.hadoop.ozone.protocol.proto.OzoneManagerProtocolProtos$OzoneManagerService$2.callBlockingMethod(OzoneManagerProtocolProtos.java) [ozone-interface-client-1.3.0-SNAPSHOT.jar:?]
	at org.apache.hadoop.ipc.ProtobufRpcEngine$Server.processCall(ProtobufRpcEngine.java:466) [hadoop-common-3.3.1.jar:?]
	at org.apache.hadoop.ipc.ProtobufRpcEngine2$Server$ProtoBufRpcInvoker.call(ProtobufRpcEngine2.java:574) [hadoop-common-3.3.1.jar:?]
	at org.apache.hadoop.ipc.ProtobufRpcEngine2$Server$ProtoBufRpcInvoker.call(ProtobufRpcEngine2.java:552) [hadoop-common-3.3.1.jar:?]
	at org.apache.hadoop.ipc.RPC$Server.call(RPC.java:1093) [hadoop-common-3.3.1.jar:?]
	at org.apache.hadoop.ipc.Server$RpcCall.run(Server.java:1035) [hadoop-common-3.3.1.jar:?]
	at org.apache.hadoop.ipc.Server$RpcCall.run(Server.java:963) [hadoop-common-3.3.1.jar:?]
	at java.security.AccessController.doPrivileged(Native Method) ~[?:1.8.0_322]
	at javax.security.auth.Subject.doAs(Subject.java:422) [?:1.8.0_322]
	at org.apache.hadoop.security.UserGroupInformation.doAs(UserGroupInformation.java:1878) [hadoop-common-3.3.1.jar:?]
	at org.apache.hadoop.ipc.Server$Handler.run(Server.java:2966) [hadoop-common-3.3.1.jar:?]
2022-05-04 03:18:03,570 [Time-limited test] INFO  rpc.RpcClient (RpcClient.java:createVolume(448)) - Creating Volume: volume-25711, with runner as owner and space quota set to -1 bytes, counts quota set to -1
2022-05-04 03:18:03,570 [IPC Server handler 8 on default port 33661] INFO  volume.OMVolumeCreateRequest (OMVolumeCreateRequest.java:validateAndUpdateCache(195)) - created volume:volume-25711 for user:runner
2022-05-04 03:18:03,571 [Time-limited test] INFO  rpc.RpcClient (RpcClient.java:createBucket(637)) - Creating Bucket: volume-25711/bucket-26543, with runner as owner and Versioning false and Storage Type set to DISK and Encryption set to false 
2022-05-04 03:18:03,572 [IPC Server handler 17 on default port 33661] INFO  bucket.OMBucketCreateRequest (OMBucketCreateRequest.java:validateAndUpdateCache(258)) - created bucket: bucket-26543 of layout LEGACY in volume: volume-25711
]]></system-out>
  </testcase>
  <testcase name="testDeleteVolumeBucketAndKey" classname="TestRootedOzoneFileSystem" time="0.18">
    <system-out><![CDATA[2022-05-04 03:12:31,876 [Time-limited test] INFO  rpc.RpcClient (RpcClient.java:createVolume(448)) - Creating Volume: volume77819, with user38235 as owner and space quota set to -1 bytes, counts quota set to -1
2022-05-04 03:12:31,880 [OM StateMachine ApplyTransaction Thread - 0] INFO  volume.OMVolumeCreateRequest (OMVolumeCreateRequest.java:validateAndUpdateCache(195)) - created volume:volume77819 for user:user38235
2022-05-04 03:12:31,885 [Time-limited test] INFO  rpc.RpcClient (RpcClient.java:createBucket(637)) - Creating Bucket: volume77819/bucket74672, with runner as owner and Versioning false and Storage Type set to DISK and Encryption set to false 
2022-05-04 03:12:31,891 [OM StateMachine ApplyTransaction Thread - 0] INFO  bucket.OMBucketCreateRequest (OMBucketCreateRequest.java:validateAndUpdateCache(258)) - created bucket: bucket74672 of layout LEGACY in volume: volume77819
2022-05-04 03:12:31,895 [Time-limited test] INFO  rpc.RpcClient (RpcClient.java:createVolume(448)) - Creating Volume: volume-86997, with runner as owner and space quota set to -1 bytes, counts quota set to -1
2022-05-04 03:12:31,897 [OM StateMachine ApplyTransaction Thread - 0] INFO  volume.OMVolumeCreateRequest (OMVolumeCreateRequest.java:validateAndUpdateCache(195)) - created volume:volume-86997 for user:runner
2022-05-04 03:12:31,899 [Time-limited test] INFO  rpc.RpcClient (RpcClient.java:createBucket(637)) - Creating Bucket: volume-86997/bucket3, with runner as owner and Versioning false and Storage Type set to DISK and Encryption set to false 
2022-05-04 03:12:31,903 [OM StateMachine ApplyTransaction Thread - 0] INFO  bucket.OMBucketCreateRequest (OMBucketCreateRequest.java:validateAndUpdateCache(258)) - created bucket: bucket3 of layout LEGACY in volume: volume-86997
03:12:31.913 [OM StateMachine ApplyTransaction Thread - 0] ERROR OMAudit - user=runner | ip=127.0.0.1 | op=DELETE_VOLUME {volume=volume-86997} | ret=FAILURE
org.apache.hadoop.ozone.om.exceptions.OMException: null
	at org.apache.hadoop.ozone.om.request.volume.OMVolumeDeleteRequest.validateAndUpdateCache(OMVolumeDeleteRequest.java:112) ~[ozone-manager-1.3.0-SNAPSHOT.jar:?]
	at org.apache.hadoop.ozone.protocolPB.OzoneManagerRequestHandler.handleWriteRequest(OzoneManagerRequestHandler.java:254) ~[ozone-manager-1.3.0-SNAPSHOT.jar:?]
	at org.apache.hadoop.ozone.om.ratis.OzoneManagerStateMachine.runCommand(OzoneManagerStateMachine.java:524) ~[ozone-manager-1.3.0-SNAPSHOT.jar:?]
	at org.apache.hadoop.ozone.om.ratis.OzoneManagerStateMachine.lambda$1(OzoneManagerStateMachine.java:319) ~[ozone-manager-1.3.0-SNAPSHOT.jar:?]
	at java.util.concurrent.CompletableFuture$AsyncSupply.run(CompletableFuture.java:1604) [?:1.8.0_322]
	at java.util.concurrent.ThreadPoolExecutor.runWorker(ThreadPoolExecutor.java:1149) [?:1.8.0_322]
	at java.util.concurrent.ThreadPoolExecutor$Worker.run(ThreadPoolExecutor.java:624) [?:1.8.0_322]
	at java.lang.Thread.run(Thread.java:750) [?:1.8.0_322]
2022-05-04 03:12:31,914 [OM StateMachine ApplyTransaction Thread - 0] ERROR volume.OMVolumeDeleteRequest (OMVolumeDeleteRequest.java:validateAndUpdateCache(160)) - Volume deletion failed for user:runner volume:volume-86997
VOLUME_NOT_EMPTY org.apache.hadoop.ozone.om.exceptions.OMException
	at org.apache.hadoop.ozone.om.request.volume.OMVolumeDeleteRequest.validateAndUpdateCache(OMVolumeDeleteRequest.java:112)
	at org.apache.hadoop.ozone.protocolPB.OzoneManagerRequestHandler.handleWriteRequest(OzoneManagerRequestHandler.java:254)
	at org.apache.hadoop.ozone.om.ratis.OzoneManagerStateMachine.runCommand(OzoneManagerStateMachine.java:524)
	at org.apache.hadoop.ozone.om.ratis.OzoneManagerStateMachine.lambda$1(OzoneManagerStateMachine.java:319)
	at java.util.concurrent.CompletableFuture$AsyncSupply.run(CompletableFuture.java:1604)
	at java.util.concurrent.ThreadPoolExecutor.runWorker(ThreadPoolExecutor.java:1149)
	at java.util.concurrent.ThreadPoolExecutor$Worker.run(ThreadPoolExecutor.java:624)
	at java.lang.Thread.run(Thread.java:750)
2022-05-04 03:12:31,967 [Time-limited test] INFO  rpc.RpcClient (RpcClient.java:createVolume(448)) - Creating Volume: volume-86997, with runner as owner and space quota set to -1 bytes, counts quota set to -1
2022-05-04 03:12:31,970 [OM StateMachine ApplyTransaction Thread - 0] INFO  volume.OMVolumeCreateRequest (OMVolumeCreateRequest.java:validateAndUpdateCache(195)) - created volume:volume-86997 for user:runner
2022-05-04 03:12:31,971 [Time-limited test] INFO  rpc.RpcClient (RpcClient.java:createBucket(637)) - Creating Bucket: volume-86997/bucket3, with runner as owner and Versioning false and Storage Type set to DISK and Encryption set to false 
2022-05-04 03:12:31,974 [OM StateMachine ApplyTransaction Thread - 0] INFO  bucket.OMBucketCreateRequest (OMBucketCreateRequest.java:validateAndUpdateCache(258)) - created bucket: bucket3 of layout LEGACY in volume: volume-86997
]]></system-out>
  </testcase>
  <testcase name="testDeleteVolumeBucketAndKey" classname="TestRootedOzoneFileSystem" time="0.172">
    <system-out><![CDATA[2022-05-04 03:13:53,874 [Time-limited test] INFO  rpc.RpcClient (RpcClient.java:createVolume(448)) - Creating Volume: volume73833, with user70712 as owner and space quota set to -1 bytes, counts quota set to -1
2022-05-04 03:13:53,876 [OM StateMachine ApplyTransaction Thread - 0] INFO  volume.OMVolumeCreateRequest (OMVolumeCreateRequest.java:validateAndUpdateCache(195)) - created volume:volume73833 for user:user70712
2022-05-04 03:13:53,877 [Time-limited test] INFO  rpc.RpcClient (RpcClient.java:createBucket(637)) - Creating Bucket: volume73833/bucket84605, with runner as owner and Versioning false and Storage Type set to DISK and Encryption set to false 
2022-05-04 03:13:53,879 [OM StateMachine ApplyTransaction Thread - 0] INFO  bucket.OMBucketCreateRequest (OMBucketCreateRequest.java:validateAndUpdateCache(258)) - created bucket: bucket84605 of layout LEGACY in volume: volume73833
03:13:53.881 [IPC Server handler 4 on default port 46813] ERROR OMAudit - user=runner | ip=127.0.0.1 | op=READ_BUCKET {volume=volume-27178, bucket=bucket3} | ret=FAILURE
org.apache.hadoop.ozone.om.exceptions.OMException: Volume not found when getting bucket info
	at org.apache.hadoop.ozone.om.BucketManagerImpl.getBucketInfo(BucketManagerImpl.java:127) ~[ozone-manager-1.3.0-SNAPSHOT.jar:?]
	at org.apache.hadoop.ozone.om.OzoneManager.getBucketInfo(OzoneManager.java:2686) ~[ozone-manager-1.3.0-SNAPSHOT.jar:?]
	at org.apache.hadoop.ozone.protocolPB.OzoneManagerRequestHandler.infoBucket(OzoneManagerRequestHandler.java:382) ~[ozone-manager-1.3.0-SNAPSHOT.jar:?]
	at org.apache.hadoop.ozone.protocolPB.OzoneManagerRequestHandler.handleReadRequest(OzoneManagerRequestHandler.java:156) ~[ozone-manager-1.3.0-SNAPSHOT.jar:?]
	at org.apache.hadoop.ozone.protocolPB.OzoneManagerProtocolServerSideTranslatorPB.submitReadRequestToOM(OzoneManagerProtocolServerSideTranslatorPB.java:213) ~[ozone-manager-1.3.0-SNAPSHOT.jar:?]
	at org.apache.hadoop.ozone.protocolPB.OzoneManagerProtocolServerSideTranslatorPB.processRequest(OzoneManagerProtocolServerSideTranslatorPB.java:174) ~[ozone-manager-1.3.0-SNAPSHOT.jar:?]
	at org.apache.hadoop.hdds.server.OzoneProtocolMessageDispatcher.processRequest(OzoneProtocolMessageDispatcher.java:87) [hdds-server-framework-1.3.0-SNAPSHOT.jar:?]
	at org.apache.hadoop.ozone.protocolPB.OzoneManagerProtocolServerSideTranslatorPB.submitRequest(OzoneManagerProtocolServerSideTranslatorPB.java:146) [ozone-manager-1.3.0-SNAPSHOT.jar:?]
	at org.apache.hadoop.ozone.protocol.proto.OzoneManagerProtocolProtos$OzoneManagerService$2.callBlockingMethod(OzoneManagerProtocolProtos.java) [ozone-interface-client-1.3.0-SNAPSHOT.jar:?]
	at org.apache.hadoop.ipc.ProtobufRpcEngine$Server.processCall(ProtobufRpcEngine.java:466) [hadoop-common-3.3.1.jar:?]
	at org.apache.hadoop.ipc.ProtobufRpcEngine2$Server$ProtoBufRpcInvoker.call(ProtobufRpcEngine2.java:574) [hadoop-common-3.3.1.jar:?]
	at org.apache.hadoop.ipc.ProtobufRpcEngine2$Server$ProtoBufRpcInvoker.call(ProtobufRpcEngine2.java:552) [hadoop-common-3.3.1.jar:?]
	at org.apache.hadoop.ipc.RPC$Server.call(RPC.java:1093) [hadoop-common-3.3.1.jar:?]
	at org.apache.hadoop.ipc.Server$RpcCall.run(Server.java:1035) [hadoop-common-3.3.1.jar:?]
	at org.apache.hadoop.ipc.Server$RpcCall.run(Server.java:963) [hadoop-common-3.3.1.jar:?]
	at java.security.AccessController.doPrivileged(Native Method) ~[?:1.8.0_322]
	at javax.security.auth.Subject.doAs(Subject.java:422) [?:1.8.0_322]
	at org.apache.hadoop.security.UserGroupInformation.doAs(UserGroupInformation.java:1878) [hadoop-common-3.3.1.jar:?]
	at org.apache.hadoop.ipc.Server$Handler.run(Server.java:2966) [hadoop-common-3.3.1.jar:?]
2022-05-04 03:13:53,882 [Time-limited test] INFO  rpc.RpcClient (RpcClient.java:createVolume(448)) - Creating Volume: volume-27178, with runner as owner and space quota set to -1 bytes, counts quota set to -1
2022-05-04 03:13:53,883 [OM StateMachine ApplyTransaction Thread - 0] INFO  volume.OMVolumeCreateRequest (OMVolumeCreateRequest.java:validateAndUpdateCache(195)) - created volume:volume-27178 for user:runner
2022-05-04 03:13:53,885 [Time-limited test] INFO  rpc.RpcClient (RpcClient.java:createBucket(637)) - Creating Bucket: volume-27178/bucket3, with runner as owner and Versioning false and Storage Type set to DISK and Encryption set to false 
2022-05-04 03:13:53,887 [OM StateMachine ApplyTransaction Thread - 0] INFO  bucket.OMBucketCreateRequest (OMBucketCreateRequest.java:validateAndUpdateCache(258)) - created bucket: bucket3 of layout LEGACY in volume: volume-27178
03:13:53.890 [OM StateMachine ApplyTransaction Thread - 0] ERROR OMAudit - user=runner | ip=127.0.0.1 | op=DELETE_VOLUME {volume=volume-27178} | ret=FAILURE
org.apache.hadoop.ozone.om.exceptions.OMException: null
	at org.apache.hadoop.ozone.om.request.volume.OMVolumeDeleteRequest.validateAndUpdateCache(OMVolumeDeleteRequest.java:112) ~[ozone-manager-1.3.0-SNAPSHOT.jar:?]
	at org.apache.hadoop.ozone.protocolPB.OzoneManagerRequestHandler.handleWriteRequest(OzoneManagerRequestHandler.java:254) ~[ozone-manager-1.3.0-SNAPSHOT.jar:?]
	at org.apache.hadoop.ozone.om.ratis.OzoneManagerStateMachine.runCommand(OzoneManagerStateMachine.java:524) ~[ozone-manager-1.3.0-SNAPSHOT.jar:?]
	at org.apache.hadoop.ozone.om.ratis.OzoneManagerStateMachine.lambda$1(OzoneManagerStateMachine.java:319) ~[ozone-manager-1.3.0-SNAPSHOT.jar:?]
	at java.util.concurrent.CompletableFuture$AsyncSupply.run(CompletableFuture.java:1604) [?:1.8.0_322]
	at java.util.concurrent.ThreadPoolExecutor.runWorker(ThreadPoolExecutor.java:1149) [?:1.8.0_322]
	at java.util.concurrent.ThreadPoolExecutor$Worker.run(ThreadPoolExecutor.java:624) [?:1.8.0_322]
	at java.lang.Thread.run(Thread.java:750) [?:1.8.0_322]
2022-05-04 03:13:53,890 [OM StateMachine ApplyTransaction Thread - 0] ERROR volume.OMVolumeDeleteRequest (OMVolumeDeleteRequest.java:validateAndUpdateCache(160)) - Volume deletion failed for user:runner volume:volume-27178
VOLUME_NOT_EMPTY org.apache.hadoop.ozone.om.exceptions.OMException
	at org.apache.hadoop.ozone.om.request.volume.OMVolumeDeleteRequest.validateAndUpdateCache(OMVolumeDeleteRequest.java:112)
	at org.apache.hadoop.ozone.protocolPB.OzoneManagerRequestHandler.handleWriteRequest(OzoneManagerRequestHandler.java:254)
	at org.apache.hadoop.ozone.om.ratis.OzoneManagerStateMachine.runCommand(OzoneManagerStateMachine.java:524)
	at org.apache.hadoop.ozone.om.ratis.OzoneManagerStateMachine.lambda$1(OzoneManagerStateMachine.java:319)
	at java.util.concurrent.CompletableFuture$AsyncSupply.run(CompletableFuture.java:1604)
	at java.util.concurrent.ThreadPoolExecutor.runWorker(ThreadPoolExecutor.java:1149)
	at java.util.concurrent.ThreadPoolExecutor$Worker.run(ThreadPoolExecutor.java:624)
	at java.lang.Thread.run(Thread.java:750)
03:13:53.915 [IPC Server handler 12 on default port 46813] ERROR OMAudit - user=runner | ip=127.0.0.1 | op=READ_VOLUME {volume=volume-27178} | ret=FAILURE
org.apache.hadoop.ozone.om.exceptions.OMException: Volume volume-27178 is not found
	at org.apache.hadoop.ozone.om.VolumeManagerImpl.getVolumeInfo(VolumeManagerImpl.java:74) ~[ozone-manager-1.3.0-SNAPSHOT.jar:?]
	at org.apache.hadoop.ozone.om.OzoneManager.getVolumeInfo(OzoneManager.java:2510) ~[ozone-manager-1.3.0-SNAPSHOT.jar:?]
	at org.apache.hadoop.ozone.protocolPB.OzoneManagerRequestHandler.infoVolume(OzoneManagerRequestHandler.java:351) ~[ozone-manager-1.3.0-SNAPSHOT.jar:?]
	at org.apache.hadoop.ozone.protocolPB.OzoneManagerRequestHandler.handleReadRequest(OzoneManagerRequestHandler.java:146) ~[ozone-manager-1.3.0-SNAPSHOT.jar:?]
	at org.apache.hadoop.ozone.protocolPB.OzoneManagerProtocolServerSideTranslatorPB.submitReadRequestToOM(OzoneManagerProtocolServerSideTranslatorPB.java:213) ~[ozone-manager-1.3.0-SNAPSHOT.jar:?]
	at org.apache.hadoop.ozone.protocolPB.OzoneManagerProtocolServerSideTranslatorPB.processRequest(OzoneManagerProtocolServerSideTranslatorPB.java:174) ~[ozone-manager-1.3.0-SNAPSHOT.jar:?]
	at org.apache.hadoop.hdds.server.OzoneProtocolMessageDispatcher.processRequest(OzoneProtocolMessageDispatcher.java:87) [hdds-server-framework-1.3.0-SNAPSHOT.jar:?]
	at org.apache.hadoop.ozone.protocolPB.OzoneManagerProtocolServerSideTranslatorPB.submitRequest(OzoneManagerProtocolServerSideTranslatorPB.java:146) [ozone-manager-1.3.0-SNAPSHOT.jar:?]
	at org.apache.hadoop.ozone.protocol.proto.OzoneManagerProtocolProtos$OzoneManagerService$2.callBlockingMethod(OzoneManagerProtocolProtos.java) [ozone-interface-client-1.3.0-SNAPSHOT.jar:?]
	at org.apache.hadoop.ipc.ProtobufRpcEngine$Server.processCall(ProtobufRpcEngine.java:466) [hadoop-common-3.3.1.jar:?]
	at org.apache.hadoop.ipc.ProtobufRpcEngine2$Server$ProtoBufRpcInvoker.call(ProtobufRpcEngine2.java:574) [hadoop-common-3.3.1.jar:?]
	at org.apache.hadoop.ipc.ProtobufRpcEngine2$Server$ProtoBufRpcInvoker.call(ProtobufRpcEngine2.java:552) [hadoop-common-3.3.1.jar:?]
	at org.apache.hadoop.ipc.RPC$Server.call(RPC.java:1093) [hadoop-common-3.3.1.jar:?]
	at org.apache.hadoop.ipc.Server$RpcCall.run(Server.java:1035) [hadoop-common-3.3.1.jar:?]
	at org.apache.hadoop.ipc.Server$RpcCall.run(Server.java:963) [hadoop-common-3.3.1.jar:?]
	at java.security.AccessController.doPrivileged(Native Method) ~[?:1.8.0_322]
	at javax.security.auth.Subject.doAs(Subject.java:422) [?:1.8.0_322]
	at org.apache.hadoop.security.UserGroupInformation.doAs(UserGroupInformation.java:1878) [hadoop-common-3.3.1.jar:?]
	at org.apache.hadoop.ipc.Server$Handler.run(Server.java:2966) [hadoop-common-3.3.1.jar:?]
03:13:53.916 [IPC Server handler 14 on default port 46813] ERROR OMAudit - user=runner | ip=127.0.0.1 | op=READ_BUCKET {volume=volume-27178, bucket=bucket3} | ret=FAILURE
org.apache.hadoop.ozone.om.exceptions.OMException: Volume not found when getting bucket info
	at org.apache.hadoop.ozone.om.BucketManagerImpl.getBucketInfo(BucketManagerImpl.java:127) ~[ozone-manager-1.3.0-SNAPSHOT.jar:?]
	at org.apache.hadoop.ozone.om.OzoneManager.getBucketInfo(OzoneManager.java:2686) ~[ozone-manager-1.3.0-SNAPSHOT.jar:?]
	at org.apache.hadoop.ozone.protocolPB.OzoneManagerRequestHandler.infoBucket(OzoneManagerRequestHandler.java:382) ~[ozone-manager-1.3.0-SNAPSHOT.jar:?]
	at org.apache.hadoop.ozone.protocolPB.OzoneManagerRequestHandler.handleReadRequest(OzoneManagerRequestHandler.java:156) ~[ozone-manager-1.3.0-SNAPSHOT.jar:?]
	at org.apache.hadoop.ozone.protocolPB.OzoneManagerProtocolServerSideTranslatorPB.submitReadRequestToOM(OzoneManagerProtocolServerSideTranslatorPB.java:213) ~[ozone-manager-1.3.0-SNAPSHOT.jar:?]
	at org.apache.hadoop.ozone.protocolPB.OzoneManagerProtocolServerSideTranslatorPB.processRequest(OzoneManagerProtocolServerSideTranslatorPB.java:174) ~[ozone-manager-1.3.0-SNAPSHOT.jar:?]
	at org.apache.hadoop.hdds.server.OzoneProtocolMessageDispatcher.processRequest(OzoneProtocolMessageDispatcher.java:87) [hdds-server-framework-1.3.0-SNAPSHOT.jar:?]
	at org.apache.hadoop.ozone.protocolPB.OzoneManagerProtocolServerSideTranslatorPB.submitRequest(OzoneManagerProtocolServerSideTranslatorPB.java:146) [ozone-manager-1.3.0-SNAPSHOT.jar:?]
	at org.apache.hadoop.ozone.protocol.proto.OzoneManagerProtocolProtos$OzoneManagerService$2.callBlockingMethod(OzoneManagerProtocolProtos.java) [ozone-interface-client-1.3.0-SNAPSHOT.jar:?]
	at org.apache.hadoop.ipc.ProtobufRpcEngine$Server.processCall(ProtobufRpcEngine.java:466) [hadoop-common-3.3.1.jar:?]
	at org.apache.hadoop.ipc.ProtobufRpcEngine2$Server$ProtoBufRpcInvoker.call(ProtobufRpcEngine2.java:574) [hadoop-common-3.3.1.jar:?]
	at org.apache.hadoop.ipc.ProtobufRpcEngine2$Server$ProtoBufRpcInvoker.call(ProtobufRpcEngine2.java:552) [hadoop-common-3.3.1.jar:?]
	at org.apache.hadoop.ipc.RPC$Server.call(RPC.java:1093) [hadoop-common-3.3.1.jar:?]
	at org.apache.hadoop.ipc.Server$RpcCall.run(Server.java:1035) [hadoop-common-3.3.1.jar:?]
	at org.apache.hadoop.ipc.Server$RpcCall.run(Server.java:963) [hadoop-common-3.3.1.jar:?]
	at java.security.AccessController.doPrivileged(Native Method) ~[?:1.8.0_322]
	at javax.security.auth.Subject.doAs(Subject.java:422) [?:1.8.0_322]
	at org.apache.hadoop.security.UserGroupInformation.doAs(UserGroupInformation.java:1878) [hadoop-common-3.3.1.jar:?]
	at org.apache.hadoop.ipc.Server$Handler.run(Server.java:2966) [hadoop-common-3.3.1.jar:?]
2022-05-04 03:13:53,917 [Time-limited test] INFO  rpc.RpcClient (RpcClient.java:createVolume(448)) - Creating Volume: volume-27178, with runner as owner and space quota set to -1 bytes, counts quota set to -1
2022-05-04 03:13:53,922 [OM StateMachine ApplyTransaction Thread - 0] INFO  volume.OMVolumeCreateRequest (OMVolumeCreateRequest.java:validateAndUpdateCache(195)) - created volume:volume-27178 for user:runner
2022-05-04 03:13:53,923 [Time-limited test] INFO  rpc.RpcClient (RpcClient.java:createBucket(637)) - Creating Bucket: volume-27178/bucket3, with runner as owner and Versioning false and Storage Type set to DISK and Encryption set to false 
2022-05-04 03:13:53,924 [OM StateMachine ApplyTransaction Thread - 0] INFO  bucket.OMBucketCreateRequest (OMBucketCreateRequest.java:validateAndUpdateCache(258)) - created bucket: bucket3 of layout LEGACY in volume: volume-27178
03:13:53.941 [IPC Server handler 18 on default port 46813] ERROR OMAudit - user=runner | ip=127.0.0.1 | op=READ_VOLUME {volume=volume-27178} | ret=FAILURE
org.apache.hadoop.ozone.om.exceptions.OMException: Volume volume-27178 is not found
	at org.apache.hadoop.ozone.om.VolumeManagerImpl.getVolumeInfo(VolumeManagerImpl.java:74) ~[ozone-manager-1.3.0-SNAPSHOT.jar:?]
	at org.apache.hadoop.ozone.om.OzoneManager.getVolumeInfo(OzoneManager.java:2510) ~[ozone-manager-1.3.0-SNAPSHOT.jar:?]
	at org.apache.hadoop.ozone.protocolPB.OzoneManagerRequestHandler.infoVolume(OzoneManagerRequestHandler.java:351) ~[ozone-manager-1.3.0-SNAPSHOT.jar:?]
	at org.apache.hadoop.ozone.protocolPB.OzoneManagerRequestHandler.handleReadRequest(OzoneManagerRequestHandler.java:146) ~[ozone-manager-1.3.0-SNAPSHOT.jar:?]
	at org.apache.hadoop.ozone.protocolPB.OzoneManagerProtocolServerSideTranslatorPB.submitReadRequestToOM(OzoneManagerProtocolServerSideTranslatorPB.java:213) ~[ozone-manager-1.3.0-SNAPSHOT.jar:?]
	at org.apache.hadoop.ozone.protocolPB.OzoneManagerProtocolServerSideTranslatorPB.processRequest(OzoneManagerProtocolServerSideTranslatorPB.java:174) ~[ozone-manager-1.3.0-SNAPSHOT.jar:?]
	at org.apache.hadoop.hdds.server.OzoneProtocolMessageDispatcher.processRequest(OzoneProtocolMessageDispatcher.java:87) [hdds-server-framework-1.3.0-SNAPSHOT.jar:?]
	at org.apache.hadoop.ozone.protocolPB.OzoneManagerProtocolServerSideTranslatorPB.submitRequest(OzoneManagerProtocolServerSideTranslatorPB.java:146) [ozone-manager-1.3.0-SNAPSHOT.jar:?]
	at org.apache.hadoop.ozone.protocol.proto.OzoneManagerProtocolProtos$OzoneManagerService$2.callBlockingMethod(OzoneManagerProtocolProtos.java) [ozone-interface-client-1.3.0-SNAPSHOT.jar:?]
	at org.apache.hadoop.ipc.ProtobufRpcEngine$Server.processCall(ProtobufRpcEngine.java:466) [hadoop-common-3.3.1.jar:?]
	at org.apache.hadoop.ipc.ProtobufRpcEngine2$Server$ProtoBufRpcInvoker.call(ProtobufRpcEngine2.java:574) [hadoop-common-3.3.1.jar:?]
	at org.apache.hadoop.ipc.ProtobufRpcEngine2$Server$ProtoBufRpcInvoker.call(ProtobufRpcEngine2.java:552) [hadoop-common-3.3.1.jar:?]
	at org.apache.hadoop.ipc.RPC$Server.call(RPC.java:1093) [hadoop-common-3.3.1.jar:?]
	at org.apache.hadoop.ipc.Server$RpcCall.run(Server.java:1035) [hadoop-common-3.3.1.jar:?]
	at org.apache.hadoop.ipc.Server$RpcCall.run(Server.java:963) [hadoop-common-3.3.1.jar:?]
	at java.security.AccessController.doPrivileged(Native Method) ~[?:1.8.0_322]
	at javax.security.auth.Subject.doAs(Subject.java:422) [?:1.8.0_322]
	at org.apache.hadoop.security.UserGroupInformation.doAs(UserGroupInformation.java:1878) [hadoop-common-3.3.1.jar:?]
	at org.apache.hadoop.ipc.Server$Handler.run(Server.java:2966) [hadoop-common-3.3.1.jar:?]
]]></system-out>
  </testcase>
  <testcase name="testDeleteVolumeBucketAndKey" classname="TestRootedOzoneFileSystem" time="0.135">
    <system-out><![CDATA[2022-05-04 03:15:08,771 [Time-limited test] INFO  rpc.RpcClient (RpcClient.java:createVolume(448)) - Creating Volume: volume49058, with user75050 as owner and space quota set to -1 bytes, counts quota set to -1
2022-05-04 03:15:08,772 [IPC Server handler 13 on default port 33297] INFO  volume.OMVolumeCreateRequest (OMVolumeCreateRequest.java:validateAndUpdateCache(195)) - created volume:volume49058 for user:user75050
2022-05-04 03:15:08,774 [Time-limited test] INFO  rpc.RpcClient (RpcClient.java:createBucket(637)) - Creating Bucket: volume49058/bucket38070, with runner as owner and Versioning false and Storage Type set to DISK and Encryption set to false 
2022-05-04 03:15:08,777 [IPC Server handler 1 on default port 33297] INFO  bucket.OMBucketCreateRequest (OMBucketCreateRequest.java:validateAndUpdateCache(258)) - created bucket: bucket38070 of layout LEGACY in volume: volume49058
03:15:08.778 [IPC Server handler 6 on default port 33297] ERROR OMAudit - user=runner | ip=127.0.0.1 | op=READ_BUCKET {volume=volume-39777, bucket=bucket3} | ret=FAILURE
org.apache.hadoop.ozone.om.exceptions.OMException: Volume not found when getting bucket info
	at org.apache.hadoop.ozone.om.BucketManagerImpl.getBucketInfo(BucketManagerImpl.java:127) ~[ozone-manager-1.3.0-SNAPSHOT.jar:?]
	at org.apache.hadoop.ozone.om.OzoneManager.getBucketInfo(OzoneManager.java:2686) ~[ozone-manager-1.3.0-SNAPSHOT.jar:?]
	at org.apache.hadoop.ozone.protocolPB.OzoneManagerRequestHandler.infoBucket(OzoneManagerRequestHandler.java:382) ~[ozone-manager-1.3.0-SNAPSHOT.jar:?]
	at org.apache.hadoop.ozone.protocolPB.OzoneManagerRequestHandler.handleReadRequest(OzoneManagerRequestHandler.java:156) ~[ozone-manager-1.3.0-SNAPSHOT.jar:?]
	at org.apache.hadoop.ozone.protocolPB.OzoneManagerProtocolServerSideTranslatorPB.submitRequestDirectlyToOM(OzoneManagerProtocolServerSideTranslatorPB.java:271) ~[ozone-manager-1.3.0-SNAPSHOT.jar:?]
	at org.apache.hadoop.ozone.protocolPB.OzoneManagerProtocolServerSideTranslatorPB.processRequest(OzoneManagerProtocolServerSideTranslatorPB.java:195) ~[ozone-manager-1.3.0-SNAPSHOT.jar:?]
	at org.apache.hadoop.hdds.server.OzoneProtocolMessageDispatcher.processRequest(OzoneProtocolMessageDispatcher.java:87) [hdds-server-framework-1.3.0-SNAPSHOT.jar:?]
	at org.apache.hadoop.ozone.protocolPB.OzoneManagerProtocolServerSideTranslatorPB.submitRequest(OzoneManagerProtocolServerSideTranslatorPB.java:146) [ozone-manager-1.3.0-SNAPSHOT.jar:?]
	at org.apache.hadoop.ozone.protocol.proto.OzoneManagerProtocolProtos$OzoneManagerService$2.callBlockingMethod(OzoneManagerProtocolProtos.java) [ozone-interface-client-1.3.0-SNAPSHOT.jar:?]
	at org.apache.hadoop.ipc.ProtobufRpcEngine$Server.processCall(ProtobufRpcEngine.java:466) [hadoop-common-3.3.1.jar:?]
	at org.apache.hadoop.ipc.ProtobufRpcEngine2$Server$ProtoBufRpcInvoker.call(ProtobufRpcEngine2.java:574) [hadoop-common-3.3.1.jar:?]
	at org.apache.hadoop.ipc.ProtobufRpcEngine2$Server$ProtoBufRpcInvoker.call(ProtobufRpcEngine2.java:552) [hadoop-common-3.3.1.jar:?]
	at org.apache.hadoop.ipc.RPC$Server.call(RPC.java:1093) [hadoop-common-3.3.1.jar:?]
	at org.apache.hadoop.ipc.Server$RpcCall.run(Server.java:1035) [hadoop-common-3.3.1.jar:?]
	at org.apache.hadoop.ipc.Server$RpcCall.run(Server.java:963) [hadoop-common-3.3.1.jar:?]
	at java.security.AccessController.doPrivileged(Native Method) ~[?:1.8.0_322]
	at javax.security.auth.Subject.doAs(Subject.java:422) [?:1.8.0_322]
	at org.apache.hadoop.security.UserGroupInformation.doAs(UserGroupInformation.java:1878) [hadoop-common-3.3.1.jar:?]
	at org.apache.hadoop.ipc.Server$Handler.run(Server.java:2966) [hadoop-common-3.3.1.jar:?]
2022-05-04 03:15:08,779 [Time-limited test] INFO  rpc.RpcClient (RpcClient.java:createVolume(448)) - Creating Volume: volume-39777, with runner as owner and space quota set to -1 bytes, counts quota set to -1
2022-05-04 03:15:08,779 [IPC Server handler 2 on default port 33297] INFO  volume.OMVolumeCreateRequest (OMVolumeCreateRequest.java:validateAndUpdateCache(195)) - created volume:volume-39777 for user:runner
2022-05-04 03:15:08,780 [Time-limited test] INFO  rpc.RpcClient (RpcClient.java:createBucket(637)) - Creating Bucket: volume-39777/bucket3, with runner as owner and Versioning false and Storage Type set to DISK and Encryption set to false 
2022-05-04 03:15:08,780 [IPC Server handler 11 on default port 33297] INFO  bucket.OMBucketCreateRequest (OMBucketCreateRequest.java:validateAndUpdateCache(258)) - created bucket: bucket3 of layout LEGACY in volume: volume-39777
03:15:08.787 [IPC Server handler 19 on default port 33297] ERROR OMAudit - user=runner | ip=127.0.0.1 | op=DELETE_VOLUME {volume=volume-39777} | ret=FAILURE
org.apache.hadoop.ozone.om.exceptions.OMException: null
	at org.apache.hadoop.ozone.om.request.volume.OMVolumeDeleteRequest.validateAndUpdateCache(OMVolumeDeleteRequest.java:112) ~[ozone-manager-1.3.0-SNAPSHOT.jar:?]
	at org.apache.hadoop.ozone.protocolPB.OzoneManagerRequestHandler.handleWriteRequest(OzoneManagerRequestHandler.java:254) ~[ozone-manager-1.3.0-SNAPSHOT.jar:?]
	at org.apache.hadoop.ozone.protocolPB.OzoneManagerProtocolServerSideTranslatorPB.submitRequestDirectlyToOM(OzoneManagerProtocolServerSideTranslatorPB.java:280) ~[ozone-manager-1.3.0-SNAPSHOT.jar:?]
	at org.apache.hadoop.ozone.protocolPB.OzoneManagerProtocolServerSideTranslatorPB.processRequest(OzoneManagerProtocolServerSideTranslatorPB.java:195) ~[ozone-manager-1.3.0-SNAPSHOT.jar:?]
	at org.apache.hadoop.hdds.server.OzoneProtocolMessageDispatcher.processRequest(OzoneProtocolMessageDispatcher.java:87) [hdds-server-framework-1.3.0-SNAPSHOT.jar:?]
	at org.apache.hadoop.ozone.protocolPB.OzoneManagerProtocolServerSideTranslatorPB.submitRequest(OzoneManagerProtocolServerSideTranslatorPB.java:146) [ozone-manager-1.3.0-SNAPSHOT.jar:?]
	at org.apache.hadoop.ozone.protocol.proto.OzoneManagerProtocolProtos$OzoneManagerService$2.callBlockingMethod(OzoneManagerProtocolProtos.java) [ozone-interface-client-1.3.0-SNAPSHOT.jar:?]
	at org.apache.hadoop.ipc.ProtobufRpcEngine$Server.processCall(ProtobufRpcEngine.java:466) [hadoop-common-3.3.1.jar:?]
	at org.apache.hadoop.ipc.ProtobufRpcEngine2$Server$ProtoBufRpcInvoker.call(ProtobufRpcEngine2.java:574) [hadoop-common-3.3.1.jar:?]
	at org.apache.hadoop.ipc.ProtobufRpcEngine2$Server$ProtoBufRpcInvoker.call(ProtobufRpcEngine2.java:552) [hadoop-common-3.3.1.jar:?]
	at org.apache.hadoop.ipc.RPC$Server.call(RPC.java:1093) [hadoop-common-3.3.1.jar:?]
	at org.apache.hadoop.ipc.Server$RpcCall.run(Server.java:1035) [hadoop-common-3.3.1.jar:?]
	at org.apache.hadoop.ipc.Server$RpcCall.run(Server.java:963) [hadoop-common-3.3.1.jar:?]
	at java.security.AccessController.doPrivileged(Native Method) ~[?:1.8.0_322]
	at javax.security.auth.Subject.doAs(Subject.java:422) [?:1.8.0_322]
	at org.apache.hadoop.security.UserGroupInformation.doAs(UserGroupInformation.java:1878) [hadoop-common-3.3.1.jar:?]
	at org.apache.hadoop.ipc.Server$Handler.run(Server.java:2966) [hadoop-common-3.3.1.jar:?]
2022-05-04 03:15:08,787 [IPC Server handler 19 on default port 33297] ERROR volume.OMVolumeDeleteRequest (OMVolumeDeleteRequest.java:validateAndUpdateCache(160)) - Volume deletion failed for user:runner volume:volume-39777
VOLUME_NOT_EMPTY org.apache.hadoop.ozone.om.exceptions.OMException
	at org.apache.hadoop.ozone.om.request.volume.OMVolumeDeleteRequest.validateAndUpdateCache(OMVolumeDeleteRequest.java:112)
	at org.apache.hadoop.ozone.protocolPB.OzoneManagerRequestHandler.handleWriteRequest(OzoneManagerRequestHandler.java:254)
	at org.apache.hadoop.ozone.protocolPB.OzoneManagerProtocolServerSideTranslatorPB.submitRequestDirectlyToOM(OzoneManagerProtocolServerSideTranslatorPB.java:280)
	at org.apache.hadoop.ozone.protocolPB.OzoneManagerProtocolServerSideTranslatorPB.processRequest(OzoneManagerProtocolServerSideTranslatorPB.java:195)
	at org.apache.hadoop.hdds.server.OzoneProtocolMessageDispatcher.processRequest(OzoneProtocolMessageDispatcher.java:87)
	at org.apache.hadoop.ozone.protocolPB.OzoneManagerProtocolServerSideTranslatorPB.submitRequest(OzoneManagerProtocolServerSideTranslatorPB.java:146)
	at org.apache.hadoop.ozone.protocol.proto.OzoneManagerProtocolProtos$OzoneManagerService$2.callBlockingMethod(OzoneManagerProtocolProtos.java)
	at org.apache.hadoop.ipc.ProtobufRpcEngine$Server.processCall(ProtobufRpcEngine.java:466)
	at org.apache.hadoop.ipc.ProtobufRpcEngine2$Server$ProtoBufRpcInvoker.call(ProtobufRpcEngine2.java:574)
	at org.apache.hadoop.ipc.ProtobufRpcEngine2$Server$ProtoBufRpcInvoker.call(ProtobufRpcEngine2.java:552)
	at org.apache.hadoop.ipc.RPC$Server.call(RPC.java:1093)
	at org.apache.hadoop.ipc.Server$RpcCall.run(Server.java:1035)
	at org.apache.hadoop.ipc.Server$RpcCall.run(Server.java:963)
	at java.security.AccessController.doPrivileged(Native Method)
	at javax.security.auth.Subject.doAs(Subject.java:422)
	at org.apache.hadoop.security.UserGroupInformation.doAs(UserGroupInformation.java:1878)
	at org.apache.hadoop.ipc.Server$Handler.run(Server.java:2966)
03:15:08.822 [IPC Server handler 19 on default port 33297] ERROR OMAudit - user=runner | ip=127.0.0.1 | op=READ_VOLUME {volume=volume-39777} | ret=FAILURE
org.apache.hadoop.ozone.om.exceptions.OMException: Volume volume-39777 is not found
	at org.apache.hadoop.ozone.om.VolumeManagerImpl.getVolumeInfo(VolumeManagerImpl.java:74) ~[ozone-manager-1.3.0-SNAPSHOT.jar:?]
	at org.apache.hadoop.ozone.om.OzoneManager.getVolumeInfo(OzoneManager.java:2510) ~[ozone-manager-1.3.0-SNAPSHOT.jar:?]
	at org.apache.hadoop.ozone.protocolPB.OzoneManagerRequestHandler.infoVolume(OzoneManagerRequestHandler.java:351) ~[ozone-manager-1.3.0-SNAPSHOT.jar:?]
	at org.apache.hadoop.ozone.protocolPB.OzoneManagerRequestHandler.handleReadRequest(OzoneManagerRequestHandler.java:146) ~[ozone-manager-1.3.0-SNAPSHOT.jar:?]
	at org.apache.hadoop.ozone.protocolPB.OzoneManagerProtocolServerSideTranslatorPB.submitRequestDirectlyToOM(OzoneManagerProtocolServerSideTranslatorPB.java:271) ~[ozone-manager-1.3.0-SNAPSHOT.jar:?]
	at org.apache.hadoop.ozone.protocolPB.OzoneManagerProtocolServerSideTranslatorPB.processRequest(OzoneManagerProtocolServerSideTranslatorPB.java:195) ~[ozone-manager-1.3.0-SNAPSHOT.jar:?]
	at org.apache.hadoop.hdds.server.OzoneProtocolMessageDispatcher.processRequest(OzoneProtocolMessageDispatcher.java:87) [hdds-server-framework-1.3.0-SNAPSHOT.jar:?]
	at org.apache.hadoop.ozone.protocolPB.OzoneManagerProtocolServerSideTranslatorPB.submitRequest(OzoneManagerProtocolServerSideTranslatorPB.java:146) [ozone-manager-1.3.0-SNAPSHOT.jar:?]
	at org.apache.hadoop.ozone.protocol.proto.OzoneManagerProtocolProtos$OzoneManagerService$2.callBlockingMethod(OzoneManagerProtocolProtos.java) [ozone-interface-client-1.3.0-SNAPSHOT.jar:?]
	at org.apache.hadoop.ipc.ProtobufRpcEngine$Server.processCall(ProtobufRpcEngine.java:466) [hadoop-common-3.3.1.jar:?]
	at org.apache.hadoop.ipc.ProtobufRpcEngine2$Server$ProtoBufRpcInvoker.call(ProtobufRpcEngine2.java:574) [hadoop-common-3.3.1.jar:?]
	at org.apache.hadoop.ipc.ProtobufRpcEngine2$Server$ProtoBufRpcInvoker.call(ProtobufRpcEngine2.java:552) [hadoop-common-3.3.1.jar:?]
	at org.apache.hadoop.ipc.RPC$Server.call(RPC.java:1093) [hadoop-common-3.3.1.jar:?]
	at org.apache.hadoop.ipc.Server$RpcCall.run(Server.java:1035) [hadoop-common-3.3.1.jar:?]
	at org.apache.hadoop.ipc.Server$RpcCall.run(Server.java:963) [hadoop-common-3.3.1.jar:?]
	at java.security.AccessController.doPrivileged(Native Method) ~[?:1.8.0_322]
	at javax.security.auth.Subject.doAs(Subject.java:422) [?:1.8.0_322]
	at org.apache.hadoop.security.UserGroupInformation.doAs(UserGroupInformation.java:1878) [hadoop-common-3.3.1.jar:?]
	at org.apache.hadoop.ipc.Server$Handler.run(Server.java:2966) [hadoop-common-3.3.1.jar:?]
03:15:08.823 [IPC Server handler 14 on default port 33297] ERROR OMAudit - user=runner | ip=127.0.0.1 | op=READ_BUCKET {volume=volume-39777, bucket=bucket3} | ret=FAILURE
org.apache.hadoop.ozone.om.exceptions.OMException: Volume not found when getting bucket info
	at org.apache.hadoop.ozone.om.BucketManagerImpl.getBucketInfo(BucketManagerImpl.java:127) ~[ozone-manager-1.3.0-SNAPSHOT.jar:?]
	at org.apache.hadoop.ozone.om.OzoneManager.getBucketInfo(OzoneManager.java:2686) ~[ozone-manager-1.3.0-SNAPSHOT.jar:?]
	at org.apache.hadoop.ozone.protocolPB.OzoneManagerRequestHandler.infoBucket(OzoneManagerRequestHandler.java:382) ~[ozone-manager-1.3.0-SNAPSHOT.jar:?]
	at org.apache.hadoop.ozone.protocolPB.OzoneManagerRequestHandler.handleReadRequest(OzoneManagerRequestHandler.java:156) ~[ozone-manager-1.3.0-SNAPSHOT.jar:?]
	at org.apache.hadoop.ozone.protocolPB.OzoneManagerProtocolServerSideTranslatorPB.submitRequestDirectlyToOM(OzoneManagerProtocolServerSideTranslatorPB.java:271) ~[ozone-manager-1.3.0-SNAPSHOT.jar:?]
	at org.apache.hadoop.ozone.protocolPB.OzoneManagerProtocolServerSideTranslatorPB.processRequest(OzoneManagerProtocolServerSideTranslatorPB.java:195) ~[ozone-manager-1.3.0-SNAPSHOT.jar:?]
	at org.apache.hadoop.hdds.server.OzoneProtocolMessageDispatcher.processRequest(OzoneProtocolMessageDispatcher.java:87) [hdds-server-framework-1.3.0-SNAPSHOT.jar:?]
	at org.apache.hadoop.ozone.protocolPB.OzoneManagerProtocolServerSideTranslatorPB.submitRequest(OzoneManagerProtocolServerSideTranslatorPB.java:146) [ozone-manager-1.3.0-SNAPSHOT.jar:?]
	at org.apache.hadoop.ozone.protocol.proto.OzoneManagerProtocolProtos$OzoneManagerService$2.callBlockingMethod(OzoneManagerProtocolProtos.java) [ozone-interface-client-1.3.0-SNAPSHOT.jar:?]
	at org.apache.hadoop.ipc.ProtobufRpcEngine$Server.processCall(ProtobufRpcEngine.java:466) [hadoop-common-3.3.1.jar:?]
	at org.apache.hadoop.ipc.ProtobufRpcEngine2$Server$ProtoBufRpcInvoker.call(ProtobufRpcEngine2.java:574) [hadoop-common-3.3.1.jar:?]
	at org.apache.hadoop.ipc.ProtobufRpcEngine2$Server$ProtoBufRpcInvoker.call(ProtobufRpcEngine2.java:552) [hadoop-common-3.3.1.jar:?]
	at org.apache.hadoop.ipc.RPC$Server.call(RPC.java:1093) [hadoop-common-3.3.1.jar:?]
	at org.apache.hadoop.ipc.Server$RpcCall.run(Server.java:1035) [hadoop-common-3.3.1.jar:?]
	at org.apache.hadoop.ipc.Server$RpcCall.run(Server.java:963) [hadoop-common-3.3.1.jar:?]
	at java.security.AccessController.doPrivileged(Native Method) ~[?:1.8.0_322]
	at javax.security.auth.Subject.doAs(Subject.java:422) [?:1.8.0_322]
	at org.apache.hadoop.security.UserGroupInformation.doAs(UserGroupInformation.java:1878) [hadoop-common-3.3.1.jar:?]
	at org.apache.hadoop.ipc.Server$Handler.run(Server.java:2966) [hadoop-common-3.3.1.jar:?]
2022-05-04 03:15:08,823 [Time-limited test] INFO  rpc.RpcClient (RpcClient.java:createVolume(448)) - Creating Volume: volume-39777, with runner as owner and space quota set to -1 bytes, counts quota set to -1
2022-05-04 03:15:08,826 [IPC Server handler 12 on default port 33297] INFO  volume.OMVolumeCreateRequest (OMVolumeCreateRequest.java:validateAndUpdateCache(195)) - created volume:volume-39777 for user:runner
2022-05-04 03:15:08,827 [Time-limited test] INFO  rpc.RpcClient (RpcClient.java:createBucket(637)) - Creating Bucket: volume-39777/bucket3, with runner as owner and Versioning false and Storage Type set to DISK and Encryption set to false 
2022-05-04 03:15:08,827 [IPC Server handler 4 on default port 33297] INFO  bucket.OMBucketCreateRequest (OMBucketCreateRequest.java:validateAndUpdateCache(258)) - created bucket: bucket3 of layout LEGACY in volume: volume-39777
03:15:08.844 [IPC Server handler 7 on default port 33297] ERROR OMAudit - user=runner | ip=127.0.0.1 | op=READ_VOLUME {volume=volume-39777} | ret=FAILURE
org.apache.hadoop.ozone.om.exceptions.OMException: Volume volume-39777 is not found
	at org.apache.hadoop.ozone.om.VolumeManagerImpl.getVolumeInfo(VolumeManagerImpl.java:74) ~[ozone-manager-1.3.0-SNAPSHOT.jar:?]
	at org.apache.hadoop.ozone.om.OzoneManager.getVolumeInfo(OzoneManager.java:2510) ~[ozone-manager-1.3.0-SNAPSHOT.jar:?]
	at org.apache.hadoop.ozone.protocolPB.OzoneManagerRequestHandler.infoVolume(OzoneManagerRequestHandler.java:351) ~[ozone-manager-1.3.0-SNAPSHOT.jar:?]
	at org.apache.hadoop.ozone.protocolPB.OzoneManagerRequestHandler.handleReadRequest(OzoneManagerRequestHandler.java:146) ~[ozone-manager-1.3.0-SNAPSHOT.jar:?]
	at org.apache.hadoop.ozone.protocolPB.OzoneManagerProtocolServerSideTranslatorPB.submitRequestDirectlyToOM(OzoneManagerProtocolServerSideTranslatorPB.java:271) ~[ozone-manager-1.3.0-SNAPSHOT.jar:?]
	at org.apache.hadoop.ozone.protocolPB.OzoneManagerProtocolServerSideTranslatorPB.processRequest(OzoneManagerProtocolServerSideTranslatorPB.java:195) ~[ozone-manager-1.3.0-SNAPSHOT.jar:?]
	at org.apache.hadoop.hdds.server.OzoneProtocolMessageDispatcher.processRequest(OzoneProtocolMessageDispatcher.java:87) [hdds-server-framework-1.3.0-SNAPSHOT.jar:?]
	at org.apache.hadoop.ozone.protocolPB.OzoneManagerProtocolServerSideTranslatorPB.submitRequest(OzoneManagerProtocolServerSideTranslatorPB.java:146) [ozone-manager-1.3.0-SNAPSHOT.jar:?]
	at org.apache.hadoop.ozone.protocol.proto.OzoneManagerProtocolProtos$OzoneManagerService$2.callBlockingMethod(OzoneManagerProtocolProtos.java) [ozone-interface-client-1.3.0-SNAPSHOT.jar:?]
	at org.apache.hadoop.ipc.ProtobufRpcEngine$Server.processCall(ProtobufRpcEngine.java:466) [hadoop-common-3.3.1.jar:?]
	at org.apache.hadoop.ipc.ProtobufRpcEngine2$Server$ProtoBufRpcInvoker.call(ProtobufRpcEngine2.java:574) [hadoop-common-3.3.1.jar:?]
	at org.apache.hadoop.ipc.ProtobufRpcEngine2$Server$ProtoBufRpcInvoker.call(ProtobufRpcEngine2.java:552) [hadoop-common-3.3.1.jar:?]
	at org.apache.hadoop.ipc.RPC$Server.call(RPC.java:1093) [hadoop-common-3.3.1.jar:?]
	at org.apache.hadoop.ipc.Server$RpcCall.run(Server.java:1035) [hadoop-common-3.3.1.jar:?]
	at org.apache.hadoop.ipc.Server$RpcCall.run(Server.java:963) [hadoop-common-3.3.1.jar:?]
	at java.security.AccessController.doPrivileged(Native Method) ~[?:1.8.0_322]
	at javax.security.auth.Subject.doAs(Subject.java:422) [?:1.8.0_322]
	at org.apache.hadoop.security.UserGroupInformation.doAs(UserGroupInformation.java:1878) [hadoop-common-3.3.1.jar:?]
	at org.apache.hadoop.ipc.Server$Handler.run(Server.java:2966) [hadoop-common-3.3.1.jar:?]
]]></system-out>
  </testcase>
  <testcase name="testDeleteVolumeBucketAndKey" classname="TestRootedOzoneFileSystem" time="0.308">
    <system-out><![CDATA[2022-05-04 03:16:31,855 [Time-limited test] INFO  rpc.RpcClient (RpcClient.java:createVolume(448)) - Creating Volume: volume68953, with user54457 as owner and space quota set to -1 bytes, counts quota set to -1
2022-05-04 03:16:31,858 [OM StateMachine ApplyTransaction Thread - 0] INFO  volume.OMVolumeCreateRequest (OMVolumeCreateRequest.java:validateAndUpdateCache(195)) - created volume:volume68953 for user:user54457
2022-05-04 03:16:31,860 [Time-limited test] INFO  rpc.RpcClient (RpcClient.java:createBucket(637)) - Creating Bucket: volume68953/bucket75619, with runner as owner and Versioning false and Storage Type set to DISK and Encryption set to false 
2022-05-04 03:16:31,861 [OM StateMachine ApplyTransaction Thread - 0] INFO  bucket.OMBucketCreateRequest (OMBucketCreateRequest.java:validateAndUpdateCache(258)) - created bucket: bucket75619 of layout LEGACY in volume: volume68953
03:16:31.867 [IPC Server handler 5 on default port 37999] ERROR OMAudit - user=runner | ip=127.0.0.1 | op=READ_BUCKET {volume=volume-13960, bucket=bucket3} | ret=FAILURE
org.apache.hadoop.ozone.om.exceptions.OMException: Volume not found when getting bucket info
	at org.apache.hadoop.ozone.om.BucketManagerImpl.getBucketInfo(BucketManagerImpl.java:127) ~[ozone-manager-1.3.0-SNAPSHOT.jar:?]
	at org.apache.hadoop.ozone.om.OzoneManager.getBucketInfo(OzoneManager.java:2686) ~[ozone-manager-1.3.0-SNAPSHOT.jar:?]
	at org.apache.hadoop.ozone.protocolPB.OzoneManagerRequestHandler.infoBucket(OzoneManagerRequestHandler.java:382) ~[ozone-manager-1.3.0-SNAPSHOT.jar:?]
	at org.apache.hadoop.ozone.protocolPB.OzoneManagerRequestHandler.handleReadRequest(OzoneManagerRequestHandler.java:156) ~[ozone-manager-1.3.0-SNAPSHOT.jar:?]
	at org.apache.hadoop.ozone.protocolPB.OzoneManagerProtocolServerSideTranslatorPB.submitReadRequestToOM(OzoneManagerProtocolServerSideTranslatorPB.java:213) ~[ozone-manager-1.3.0-SNAPSHOT.jar:?]
	at org.apache.hadoop.ozone.protocolPB.OzoneManagerProtocolServerSideTranslatorPB.processRequest(OzoneManagerProtocolServerSideTranslatorPB.java:174) ~[ozone-manager-1.3.0-SNAPSHOT.jar:?]
	at org.apache.hadoop.hdds.server.OzoneProtocolMessageDispatcher.processRequest(OzoneProtocolMessageDispatcher.java:87) [hdds-server-framework-1.3.0-SNAPSHOT.jar:?]
	at org.apache.hadoop.ozone.protocolPB.OzoneManagerProtocolServerSideTranslatorPB.submitRequest(OzoneManagerProtocolServerSideTranslatorPB.java:146) [ozone-manager-1.3.0-SNAPSHOT.jar:?]
	at org.apache.hadoop.ozone.protocol.proto.OzoneManagerProtocolProtos$OzoneManagerService$2.callBlockingMethod(OzoneManagerProtocolProtos.java) [ozone-interface-client-1.3.0-SNAPSHOT.jar:?]
	at org.apache.hadoop.ipc.ProtobufRpcEngine$Server.processCall(ProtobufRpcEngine.java:466) [hadoop-common-3.3.1.jar:?]
	at org.apache.hadoop.ipc.ProtobufRpcEngine2$Server$ProtoBufRpcInvoker.call(ProtobufRpcEngine2.java:574) [hadoop-common-3.3.1.jar:?]
	at org.apache.hadoop.ipc.ProtobufRpcEngine2$Server$ProtoBufRpcInvoker.call(ProtobufRpcEngine2.java:552) [hadoop-common-3.3.1.jar:?]
	at org.apache.hadoop.ipc.RPC$Server.call(RPC.java:1093) [hadoop-common-3.3.1.jar:?]
	at org.apache.hadoop.ipc.Server$RpcCall.run(Server.java:1035) [hadoop-common-3.3.1.jar:?]
	at org.apache.hadoop.ipc.Server$RpcCall.run(Server.java:963) [hadoop-common-3.3.1.jar:?]
	at java.security.AccessController.doPrivileged(Native Method) ~[?:1.8.0_322]
	at javax.security.auth.Subject.doAs(Subject.java:422) [?:1.8.0_322]
	at org.apache.hadoop.security.UserGroupInformation.doAs(UserGroupInformation.java:1878) [hadoop-common-3.3.1.jar:?]
	at org.apache.hadoop.ipc.Server$Handler.run(Server.java:2966) [hadoop-common-3.3.1.jar:?]
2022-05-04 03:16:31,867 [Time-limited test] INFO  rpc.RpcClient (RpcClient.java:createVolume(448)) - Creating Volume: volume-13960, with runner as owner and space quota set to -1 bytes, counts quota set to -1
2022-05-04 03:16:31,870 [OM StateMachine ApplyTransaction Thread - 0] INFO  volume.OMVolumeCreateRequest (OMVolumeCreateRequest.java:validateAndUpdateCache(195)) - created volume:volume-13960 for user:runner
2022-05-04 03:16:31,876 [Time-limited test] INFO  rpc.RpcClient (RpcClient.java:createBucket(637)) - Creating Bucket: volume-13960/bucket3, with runner as owner and Versioning false and Storage Type set to DISK and Encryption set to false 
2022-05-04 03:16:31,879 [OM StateMachine ApplyTransaction Thread - 0] INFO  bucket.OMBucketCreateRequest (OMBucketCreateRequest.java:validateAndUpdateCache(258)) - created bucket: bucket3 of layout LEGACY in volume: volume-13960
03:16:31.883 [OM StateMachine ApplyTransaction Thread - 0] ERROR OMAudit - user=runner | ip=127.0.0.1 | op=DELETE_VOLUME {volume=volume-13960} | ret=FAILURE
org.apache.hadoop.ozone.om.exceptions.OMException: null
	at org.apache.hadoop.ozone.om.request.volume.OMVolumeDeleteRequest.validateAndUpdateCache(OMVolumeDeleteRequest.java:112) ~[ozone-manager-1.3.0-SNAPSHOT.jar:?]
	at org.apache.hadoop.ozone.protocolPB.OzoneManagerRequestHandler.handleWriteRequest(OzoneManagerRequestHandler.java:254) ~[ozone-manager-1.3.0-SNAPSHOT.jar:?]
	at org.apache.hadoop.ozone.om.ratis.OzoneManagerStateMachine.runCommand(OzoneManagerStateMachine.java:524) ~[ozone-manager-1.3.0-SNAPSHOT.jar:?]
	at org.apache.hadoop.ozone.om.ratis.OzoneManagerStateMachine.lambda$1(OzoneManagerStateMachine.java:319) ~[ozone-manager-1.3.0-SNAPSHOT.jar:?]
	at java.util.concurrent.CompletableFuture$AsyncSupply.run(CompletableFuture.java:1604) [?:1.8.0_322]
	at java.util.concurrent.ThreadPoolExecutor.runWorker(ThreadPoolExecutor.java:1149) [?:1.8.0_322]
	at java.util.concurrent.ThreadPoolExecutor$Worker.run(ThreadPoolExecutor.java:624) [?:1.8.0_322]
	at java.lang.Thread.run(Thread.java:750) [?:1.8.0_322]
2022-05-04 03:16:31,883 [OM StateMachine ApplyTransaction Thread - 0] ERROR volume.OMVolumeDeleteRequest (OMVolumeDeleteRequest.java:validateAndUpdateCache(160)) - Volume deletion failed for user:runner volume:volume-13960
VOLUME_NOT_EMPTY org.apache.hadoop.ozone.om.exceptions.OMException
	at org.apache.hadoop.ozone.om.request.volume.OMVolumeDeleteRequest.validateAndUpdateCache(OMVolumeDeleteRequest.java:112)
	at org.apache.hadoop.ozone.protocolPB.OzoneManagerRequestHandler.handleWriteRequest(OzoneManagerRequestHandler.java:254)
	at org.apache.hadoop.ozone.om.ratis.OzoneManagerStateMachine.runCommand(OzoneManagerStateMachine.java:524)
	at org.apache.hadoop.ozone.om.ratis.OzoneManagerStateMachine.lambda$1(OzoneManagerStateMachine.java:319)
	at java.util.concurrent.CompletableFuture$AsyncSupply.run(CompletableFuture.java:1604)
	at java.util.concurrent.ThreadPoolExecutor.runWorker(ThreadPoolExecutor.java:1149)
	at java.util.concurrent.ThreadPoolExecutor$Worker.run(ThreadPoolExecutor.java:624)
	at java.lang.Thread.run(Thread.java:750)
03:16:31.927 [IPC Server handler 7 on default port 37999] ERROR OMAudit - user=runner | ip=127.0.0.1 | op=READ_VOLUME {volume=volume-13960} | ret=FAILURE
org.apache.hadoop.ozone.om.exceptions.OMException: Volume volume-13960 is not found
	at org.apache.hadoop.ozone.om.VolumeManagerImpl.getVolumeInfo(VolumeManagerImpl.java:74) ~[ozone-manager-1.3.0-SNAPSHOT.jar:?]
	at org.apache.hadoop.ozone.om.OzoneManager.getVolumeInfo(OzoneManager.java:2510) ~[ozone-manager-1.3.0-SNAPSHOT.jar:?]
	at org.apache.hadoop.ozone.protocolPB.OzoneManagerRequestHandler.infoVolume(OzoneManagerRequestHandler.java:351) ~[ozone-manager-1.3.0-SNAPSHOT.jar:?]
	at org.apache.hadoop.ozone.protocolPB.OzoneManagerRequestHandler.handleReadRequest(OzoneManagerRequestHandler.java:146) ~[ozone-manager-1.3.0-SNAPSHOT.jar:?]
	at org.apache.hadoop.ozone.protocolPB.OzoneManagerProtocolServerSideTranslatorPB.submitReadRequestToOM(OzoneManagerProtocolServerSideTranslatorPB.java:213) ~[ozone-manager-1.3.0-SNAPSHOT.jar:?]
	at org.apache.hadoop.ozone.protocolPB.OzoneManagerProtocolServerSideTranslatorPB.processRequest(OzoneManagerProtocolServerSideTranslatorPB.java:174) ~[ozone-manager-1.3.0-SNAPSHOT.jar:?]
	at org.apache.hadoop.hdds.server.OzoneProtocolMessageDispatcher.processRequest(OzoneProtocolMessageDispatcher.java:87) [hdds-server-framework-1.3.0-SNAPSHOT.jar:?]
	at org.apache.hadoop.ozone.protocolPB.OzoneManagerProtocolServerSideTranslatorPB.submitRequest(OzoneManagerProtocolServerSideTranslatorPB.java:146) [ozone-manager-1.3.0-SNAPSHOT.jar:?]
	at org.apache.hadoop.ozone.protocol.proto.OzoneManagerProtocolProtos$OzoneManagerService$2.callBlockingMethod(OzoneManagerProtocolProtos.java) [ozone-interface-client-1.3.0-SNAPSHOT.jar:?]
	at org.apache.hadoop.ipc.ProtobufRpcEngine$Server.processCall(ProtobufRpcEngine.java:466) [hadoop-common-3.3.1.jar:?]
	at org.apache.hadoop.ipc.ProtobufRpcEngine2$Server$ProtoBufRpcInvoker.call(ProtobufRpcEngine2.java:574) [hadoop-common-3.3.1.jar:?]
	at org.apache.hadoop.ipc.ProtobufRpcEngine2$Server$ProtoBufRpcInvoker.call(ProtobufRpcEngine2.java:552) [hadoop-common-3.3.1.jar:?]
	at org.apache.hadoop.ipc.RPC$Server.call(RPC.java:1093) [hadoop-common-3.3.1.jar:?]
	at org.apache.hadoop.ipc.Server$RpcCall.run(Server.java:1035) [hadoop-common-3.3.1.jar:?]
	at org.apache.hadoop.ipc.Server$RpcCall.run(Server.java:963) [hadoop-common-3.3.1.jar:?]
	at java.security.AccessController.doPrivileged(Native Method) ~[?:1.8.0_322]
	at javax.security.auth.Subject.doAs(Subject.java:422) [?:1.8.0_322]
	at org.apache.hadoop.security.UserGroupInformation.doAs(UserGroupInformation.java:1878) [hadoop-common-3.3.1.jar:?]
	at org.apache.hadoop.ipc.Server$Handler.run(Server.java:2966) [hadoop-common-3.3.1.jar:?]
03:16:31.929 [IPC Server handler 12 on default port 37999] ERROR OMAudit - user=runner | ip=127.0.0.1 | op=READ_BUCKET {volume=volume-13960, bucket=bucket3} | ret=FAILURE
org.apache.hadoop.ozone.om.exceptions.OMException: Volume not found when getting bucket info
	at org.apache.hadoop.ozone.om.BucketManagerImpl.getBucketInfo(BucketManagerImpl.java:127) ~[ozone-manager-1.3.0-SNAPSHOT.jar:?]
	at org.apache.hadoop.ozone.om.OzoneManager.getBucketInfo(OzoneManager.java:2686) ~[ozone-manager-1.3.0-SNAPSHOT.jar:?]
	at org.apache.hadoop.ozone.protocolPB.OzoneManagerRequestHandler.infoBucket(OzoneManagerRequestHandler.java:382) ~[ozone-manager-1.3.0-SNAPSHOT.jar:?]
	at org.apache.hadoop.ozone.protocolPB.OzoneManagerRequestHandler.handleReadRequest(OzoneManagerRequestHandler.java:156) ~[ozone-manager-1.3.0-SNAPSHOT.jar:?]
	at org.apache.hadoop.ozone.protocolPB.OzoneManagerProtocolServerSideTranslatorPB.submitReadRequestToOM(OzoneManagerProtocolServerSideTranslatorPB.java:213) ~[ozone-manager-1.3.0-SNAPSHOT.jar:?]
	at org.apache.hadoop.ozone.protocolPB.OzoneManagerProtocolServerSideTranslatorPB.processRequest(OzoneManagerProtocolServerSideTranslatorPB.java:174) ~[ozone-manager-1.3.0-SNAPSHOT.jar:?]
	at org.apache.hadoop.hdds.server.OzoneProtocolMessageDispatcher.processRequest(OzoneProtocolMessageDispatcher.java:87) [hdds-server-framework-1.3.0-SNAPSHOT.jar:?]
	at org.apache.hadoop.ozone.protocolPB.OzoneManagerProtocolServerSideTranslatorPB.submitRequest(OzoneManagerProtocolServerSideTranslatorPB.java:146) [ozone-manager-1.3.0-SNAPSHOT.jar:?]
	at org.apache.hadoop.ozone.protocol.proto.OzoneManagerProtocolProtos$OzoneManagerService$2.callBlockingMethod(OzoneManagerProtocolProtos.java) [ozone-interface-client-1.3.0-SNAPSHOT.jar:?]
	at org.apache.hadoop.ipc.ProtobufRpcEngine$Server.processCall(ProtobufRpcEngine.java:466) [hadoop-common-3.3.1.jar:?]
	at org.apache.hadoop.ipc.ProtobufRpcEngine2$Server$ProtoBufRpcInvoker.call(ProtobufRpcEngine2.java:574) [hadoop-common-3.3.1.jar:?]
	at org.apache.hadoop.ipc.ProtobufRpcEngine2$Server$ProtoBufRpcInvoker.call(ProtobufRpcEngine2.java:552) [hadoop-common-3.3.1.jar:?]
	at org.apache.hadoop.ipc.RPC$Server.call(RPC.java:1093) [hadoop-common-3.3.1.jar:?]
	at org.apache.hadoop.ipc.Server$RpcCall.run(Server.java:1035) [hadoop-common-3.3.1.jar:?]
	at org.apache.hadoop.ipc.Server$RpcCall.run(Server.java:963) [hadoop-common-3.3.1.jar:?]
	at java.security.AccessController.doPrivileged(Native Method) ~[?:1.8.0_322]
	at javax.security.auth.Subject.doAs(Subject.java:422) [?:1.8.0_322]
	at org.apache.hadoop.security.UserGroupInformation.doAs(UserGroupInformation.java:1878) [hadoop-common-3.3.1.jar:?]
	at org.apache.hadoop.ipc.Server$Handler.run(Server.java:2966) [hadoop-common-3.3.1.jar:?]
2022-05-04 03:16:31,930 [Time-limited test] INFO  rpc.RpcClient (RpcClient.java:createVolume(448)) - Creating Volume: volume-13960, with runner as owner and space quota set to -1 bytes, counts quota set to -1
2022-05-04 03:16:31,931 [OM StateMachine ApplyTransaction Thread - 0] INFO  volume.OMVolumeCreateRequest (OMVolumeCreateRequest.java:validateAndUpdateCache(195)) - created volume:volume-13960 for user:runner
2022-05-04 03:16:31,933 [Time-limited test] INFO  rpc.RpcClient (RpcClient.java:createBucket(637)) - Creating Bucket: volume-13960/bucket3, with runner as owner and Versioning false and Storage Type set to DISK and Encryption set to false 
2022-05-04 03:16:31,937 [OM StateMachine ApplyTransaction Thread - 0] INFO  bucket.OMBucketCreateRequest (OMBucketCreateRequest.java:validateAndUpdateCache(258)) - created bucket: bucket3 of layout LEGACY in volume: volume-13960
03:16:31.958 [IPC Server handler 2 on default port 37999] ERROR OMAudit - user=runner | ip=127.0.0.1 | op=READ_VOLUME {volume=volume-13960} | ret=FAILURE
org.apache.hadoop.ozone.om.exceptions.OMException: Volume volume-13960 is not found
	at org.apache.hadoop.ozone.om.VolumeManagerImpl.getVolumeInfo(VolumeManagerImpl.java:74) ~[ozone-manager-1.3.0-SNAPSHOT.jar:?]
	at org.apache.hadoop.ozone.om.OzoneManager.getVolumeInfo(OzoneManager.java:2510) ~[ozone-manager-1.3.0-SNAPSHOT.jar:?]
	at org.apache.hadoop.ozone.protocolPB.OzoneManagerRequestHandler.infoVolume(OzoneManagerRequestHandler.java:351) ~[ozone-manager-1.3.0-SNAPSHOT.jar:?]
	at org.apache.hadoop.ozone.protocolPB.OzoneManagerRequestHandler.handleReadRequest(OzoneManagerRequestHandler.java:146) ~[ozone-manager-1.3.0-SNAPSHOT.jar:?]
	at org.apache.hadoop.ozone.protocolPB.OzoneManagerProtocolServerSideTranslatorPB.submitReadRequestToOM(OzoneManagerProtocolServerSideTranslatorPB.java:213) ~[ozone-manager-1.3.0-SNAPSHOT.jar:?]
	at org.apache.hadoop.ozone.protocolPB.OzoneManagerProtocolServerSideTranslatorPB.processRequest(OzoneManagerProtocolServerSideTranslatorPB.java:174) ~[ozone-manager-1.3.0-SNAPSHOT.jar:?]
	at org.apache.hadoop.hdds.server.OzoneProtocolMessageDispatcher.processRequest(OzoneProtocolMessageDispatcher.java:87) [hdds-server-framework-1.3.0-SNAPSHOT.jar:?]
	at org.apache.hadoop.ozone.protocolPB.OzoneManagerProtocolServerSideTranslatorPB.submitRequest(OzoneManagerProtocolServerSideTranslatorPB.java:146) [ozone-manager-1.3.0-SNAPSHOT.jar:?]
	at org.apache.hadoop.ozone.protocol.proto.OzoneManagerProtocolProtos$OzoneManagerService$2.callBlockingMethod(OzoneManagerProtocolProtos.java) [ozone-interface-client-1.3.0-SNAPSHOT.jar:?]
	at org.apache.hadoop.ipc.ProtobufRpcEngine$Server.processCall(ProtobufRpcEngine.java:466) [hadoop-common-3.3.1.jar:?]
	at org.apache.hadoop.ipc.ProtobufRpcEngine2$Server$ProtoBufRpcInvoker.call(ProtobufRpcEngine2.java:574) [hadoop-common-3.3.1.jar:?]
	at org.apache.hadoop.ipc.ProtobufRpcEngine2$Server$ProtoBufRpcInvoker.call(ProtobufRpcEngine2.java:552) [hadoop-common-3.3.1.jar:?]
	at org.apache.hadoop.ipc.RPC$Server.call(RPC.java:1093) [hadoop-common-3.3.1.jar:?]
	at org.apache.hadoop.ipc.Server$RpcCall.run(Server.java:1035) [hadoop-common-3.3.1.jar:?]
	at org.apache.hadoop.ipc.Server$RpcCall.run(Server.java:963) [hadoop-common-3.3.1.jar:?]
	at java.security.AccessController.doPrivileged(Native Method) ~[?:1.8.0_322]
	at javax.security.auth.Subject.doAs(Subject.java:422) [?:1.8.0_322]
	at org.apache.hadoop.security.UserGroupInformation.doAs(UserGroupInformation.java:1878) [hadoop-common-3.3.1.jar:?]
	at org.apache.hadoop.ipc.Server$Handler.run(Server.java:2966) [hadoop-common-3.3.1.jar:?]
]]></system-out>
  </testcase>
  <testcase name="testDeleteVolumeBucketAndKey" classname="TestRootedOzoneFileSystem" time="0.205">
    <system-out><![CDATA[2022-05-04 03:18:04,183 [Time-limited test] INFO  rpc.RpcClient (RpcClient.java:createVolume(448)) - Creating Volume: volume28486, with user95959 as owner and space quota set to -1 bytes, counts quota set to -1
2022-05-04 03:18:04,187 [IPC Server handler 18 on default port 33661] INFO  volume.OMVolumeCreateRequest (OMVolumeCreateRequest.java:validateAndUpdateCache(195)) - created volume:volume28486 for user:user95959
2022-05-04 03:18:04,196 [Time-limited test] INFO  rpc.RpcClient (RpcClient.java:createBucket(637)) - Creating Bucket: volume28486/bucket16719, with runner as owner and Versioning false and Storage Type set to DISK and Encryption set to false 
2022-05-04 03:18:04,197 [IPC Server handler 19 on default port 33661] INFO  bucket.OMBucketCreateRequest (OMBucketCreateRequest.java:validateAndUpdateCache(258)) - created bucket: bucket16719 of layout LEGACY in volume: volume28486
03:18:04.204 [IPC Server handler 11 on default port 33661] ERROR OMAudit - user=runner | ip=127.0.0.1 | op=READ_BUCKET {volume=volume-61021, bucket=bucket3} | ret=FAILURE
org.apache.hadoop.ozone.om.exceptions.OMException: Volume not found when getting bucket info
	at org.apache.hadoop.ozone.om.BucketManagerImpl.getBucketInfo(BucketManagerImpl.java:127) ~[ozone-manager-1.3.0-SNAPSHOT.jar:?]
	at org.apache.hadoop.ozone.om.OzoneManager.getBucketInfo(OzoneManager.java:2686) ~[ozone-manager-1.3.0-SNAPSHOT.jar:?]
	at org.apache.hadoop.ozone.protocolPB.OzoneManagerRequestHandler.infoBucket(OzoneManagerRequestHandler.java:382) ~[ozone-manager-1.3.0-SNAPSHOT.jar:?]
	at org.apache.hadoop.ozone.protocolPB.OzoneManagerRequestHandler.handleReadRequest(OzoneManagerRequestHandler.java:156) ~[ozone-manager-1.3.0-SNAPSHOT.jar:?]
	at org.apache.hadoop.ozone.protocolPB.OzoneManagerProtocolServerSideTranslatorPB.submitRequestDirectlyToOM(OzoneManagerProtocolServerSideTranslatorPB.java:271) ~[ozone-manager-1.3.0-SNAPSHOT.jar:?]
	at org.apache.hadoop.ozone.protocolPB.OzoneManagerProtocolServerSideTranslatorPB.processRequest(OzoneManagerProtocolServerSideTranslatorPB.java:195) ~[ozone-manager-1.3.0-SNAPSHOT.jar:?]
	at org.apache.hadoop.hdds.server.OzoneProtocolMessageDispatcher.processRequest(OzoneProtocolMessageDispatcher.java:87) [hdds-server-framework-1.3.0-SNAPSHOT.jar:?]
	at org.apache.hadoop.ozone.protocolPB.OzoneManagerProtocolServerSideTranslatorPB.submitRequest(OzoneManagerProtocolServerSideTranslatorPB.java:146) [ozone-manager-1.3.0-SNAPSHOT.jar:?]
	at org.apache.hadoop.ozone.protocol.proto.OzoneManagerProtocolProtos$OzoneManagerService$2.callBlockingMethod(OzoneManagerProtocolProtos.java) [ozone-interface-client-1.3.0-SNAPSHOT.jar:?]
	at org.apache.hadoop.ipc.ProtobufRpcEngine$Server.processCall(ProtobufRpcEngine.java:466) [hadoop-common-3.3.1.jar:?]
	at org.apache.hadoop.ipc.ProtobufRpcEngine2$Server$ProtoBufRpcInvoker.call(ProtobufRpcEngine2.java:574) [hadoop-common-3.3.1.jar:?]
	at org.apache.hadoop.ipc.ProtobufRpcEngine2$Server$ProtoBufRpcInvoker.call(ProtobufRpcEngine2.java:552) [hadoop-common-3.3.1.jar:?]
	at org.apache.hadoop.ipc.RPC$Server.call(RPC.java:1093) [hadoop-common-3.3.1.jar:?]
	at org.apache.hadoop.ipc.Server$RpcCall.run(Server.java:1035) [hadoop-common-3.3.1.jar:?]
	at org.apache.hadoop.ipc.Server$RpcCall.run(Server.java:963) [hadoop-common-3.3.1.jar:?]
	at java.security.AccessController.doPrivileged(Native Method) ~[?:1.8.0_322]
	at javax.security.auth.Subject.doAs(Subject.java:422) [?:1.8.0_322]
	at org.apache.hadoop.security.UserGroupInformation.doAs(UserGroupInformation.java:1878) [hadoop-common-3.3.1.jar:?]
	at org.apache.hadoop.ipc.Server$Handler.run(Server.java:2966) [hadoop-common-3.3.1.jar:?]
2022-05-04 03:18:04,205 [Time-limited test] INFO  rpc.RpcClient (RpcClient.java:createVolume(448)) - Creating Volume: volume-61021, with runner as owner and space quota set to -1 bytes, counts quota set to -1
2022-05-04 03:18:04,210 [IPC Server handler 6 on default port 33661] INFO  volume.OMVolumeCreateRequest (OMVolumeCreateRequest.java:validateAndUpdateCache(195)) - created volume:volume-61021 for user:runner
2022-05-04 03:18:04,211 [Time-limited test] INFO  rpc.RpcClient (RpcClient.java:createBucket(637)) - Creating Bucket: volume-61021/bucket3, with runner as owner and Versioning false and Storage Type set to DISK and Encryption set to false 
2022-05-04 03:18:04,212 [IPC Server handler 5 on default port 33661] INFO  bucket.OMBucketCreateRequest (OMBucketCreateRequest.java:validateAndUpdateCache(258)) - created bucket: bucket3 of layout LEGACY in volume: volume-61021
03:18:04.214 [IPC Server handler 17 on default port 33661] ERROR OMAudit - user=runner | ip=127.0.0.1 | op=DELETE_VOLUME {volume=volume-61021} | ret=FAILURE
org.apache.hadoop.ozone.om.exceptions.OMException: null
	at org.apache.hadoop.ozone.om.request.volume.OMVolumeDeleteRequest.validateAndUpdateCache(OMVolumeDeleteRequest.java:112) ~[ozone-manager-1.3.0-SNAPSHOT.jar:?]
	at org.apache.hadoop.ozone.protocolPB.OzoneManagerRequestHandler.handleWriteRequest(OzoneManagerRequestHandler.java:254) ~[ozone-manager-1.3.0-SNAPSHOT.jar:?]
	at org.apache.hadoop.ozone.protocolPB.OzoneManagerProtocolServerSideTranslatorPB.submitRequestDirectlyToOM(OzoneManagerProtocolServerSideTranslatorPB.java:280) ~[ozone-manager-1.3.0-SNAPSHOT.jar:?]
	at org.apache.hadoop.ozone.protocolPB.OzoneManagerProtocolServerSideTranslatorPB.processRequest(OzoneManagerProtocolServerSideTranslatorPB.java:195) ~[ozone-manager-1.3.0-SNAPSHOT.jar:?]
	at org.apache.hadoop.hdds.server.OzoneProtocolMessageDispatcher.processRequest(OzoneProtocolMessageDispatcher.java:87) [hdds-server-framework-1.3.0-SNAPSHOT.jar:?]
	at org.apache.hadoop.ozone.protocolPB.OzoneManagerProtocolServerSideTranslatorPB.submitRequest(OzoneManagerProtocolServerSideTranslatorPB.java:146) [ozone-manager-1.3.0-SNAPSHOT.jar:?]
	at org.apache.hadoop.ozone.protocol.proto.OzoneManagerProtocolProtos$OzoneManagerService$2.callBlockingMethod(OzoneManagerProtocolProtos.java) [ozone-interface-client-1.3.0-SNAPSHOT.jar:?]
	at org.apache.hadoop.ipc.ProtobufRpcEngine$Server.processCall(ProtobufRpcEngine.java:466) [hadoop-common-3.3.1.jar:?]
	at org.apache.hadoop.ipc.ProtobufRpcEngine2$Server$ProtoBufRpcInvoker.call(ProtobufRpcEngine2.java:574) [hadoop-common-3.3.1.jar:?]
	at org.apache.hadoop.ipc.ProtobufRpcEngine2$Server$ProtoBufRpcInvoker.call(ProtobufRpcEngine2.java:552) [hadoop-common-3.3.1.jar:?]
	at org.apache.hadoop.ipc.RPC$Server.call(RPC.java:1093) [hadoop-common-3.3.1.jar:?]
	at org.apache.hadoop.ipc.Server$RpcCall.run(Server.java:1035) [hadoop-common-3.3.1.jar:?]
	at org.apache.hadoop.ipc.Server$RpcCall.run(Server.java:963) [hadoop-common-3.3.1.jar:?]
	at java.security.AccessController.doPrivileged(Native Method) ~[?:1.8.0_322]
	at javax.security.auth.Subject.doAs(Subject.java:422) [?:1.8.0_322]
	at org.apache.hadoop.security.UserGroupInformation.doAs(UserGroupInformation.java:1878) [hadoop-common-3.3.1.jar:?]
	at org.apache.hadoop.ipc.Server$Handler.run(Server.java:2966) [hadoop-common-3.3.1.jar:?]
2022-05-04 03:18:04,214 [IPC Server handler 17 on default port 33661] ERROR volume.OMVolumeDeleteRequest (OMVolumeDeleteRequest.java:validateAndUpdateCache(160)) - Volume deletion failed for user:runner volume:volume-61021
VOLUME_NOT_EMPTY org.apache.hadoop.ozone.om.exceptions.OMException
	at org.apache.hadoop.ozone.om.request.volume.OMVolumeDeleteRequest.validateAndUpdateCache(OMVolumeDeleteRequest.java:112)
	at org.apache.hadoop.ozone.protocolPB.OzoneManagerRequestHandler.handleWriteRequest(OzoneManagerRequestHandler.java:254)
	at org.apache.hadoop.ozone.protocolPB.OzoneManagerProtocolServerSideTranslatorPB.submitRequestDirectlyToOM(OzoneManagerProtocolServerSideTranslatorPB.java:280)
	at org.apache.hadoop.ozone.protocolPB.OzoneManagerProtocolServerSideTranslatorPB.processRequest(OzoneManagerProtocolServerSideTranslatorPB.java:195)
	at org.apache.hadoop.hdds.server.OzoneProtocolMessageDispatcher.processRequest(OzoneProtocolMessageDispatcher.java:87)
	at org.apache.hadoop.ozone.protocolPB.OzoneManagerProtocolServerSideTranslatorPB.submitRequest(OzoneManagerProtocolServerSideTranslatorPB.java:146)
	at org.apache.hadoop.ozone.protocol.proto.OzoneManagerProtocolProtos$OzoneManagerService$2.callBlockingMethod(OzoneManagerProtocolProtos.java)
	at org.apache.hadoop.ipc.ProtobufRpcEngine$Server.processCall(ProtobufRpcEngine.java:466)
	at org.apache.hadoop.ipc.ProtobufRpcEngine2$Server$ProtoBufRpcInvoker.call(ProtobufRpcEngine2.java:574)
	at org.apache.hadoop.ipc.ProtobufRpcEngine2$Server$ProtoBufRpcInvoker.call(ProtobufRpcEngine2.java:552)
	at org.apache.hadoop.ipc.RPC$Server.call(RPC.java:1093)
	at org.apache.hadoop.ipc.Server$RpcCall.run(Server.java:1035)
	at org.apache.hadoop.ipc.Server$RpcCall.run(Server.java:963)
	at java.security.AccessController.doPrivileged(Native Method)
	at javax.security.auth.Subject.doAs(Subject.java:422)
	at org.apache.hadoop.security.UserGroupInformation.doAs(UserGroupInformation.java:1878)
	at org.apache.hadoop.ipc.Server$Handler.run(Server.java:2966)
03:18:04.242 [IPC Server handler 17 on default port 33661] ERROR OMAudit - user=runner | ip=127.0.0.1 | op=READ_VOLUME {volume=volume-61021} | ret=FAILURE
org.apache.hadoop.ozone.om.exceptions.OMException: Volume volume-61021 is not found
	at org.apache.hadoop.ozone.om.VolumeManagerImpl.getVolumeInfo(VolumeManagerImpl.java:74) ~[ozone-manager-1.3.0-SNAPSHOT.jar:?]
	at org.apache.hadoop.ozone.om.OzoneManager.getVolumeInfo(OzoneManager.java:2510) ~[ozone-manager-1.3.0-SNAPSHOT.jar:?]
	at org.apache.hadoop.ozone.protocolPB.OzoneManagerRequestHandler.infoVolume(OzoneManagerRequestHandler.java:351) ~[ozone-manager-1.3.0-SNAPSHOT.jar:?]
	at org.apache.hadoop.ozone.protocolPB.OzoneManagerRequestHandler.handleReadRequest(OzoneManagerRequestHandler.java:146) ~[ozone-manager-1.3.0-SNAPSHOT.jar:?]
	at org.apache.hadoop.ozone.protocolPB.OzoneManagerProtocolServerSideTranslatorPB.submitRequestDirectlyToOM(OzoneManagerProtocolServerSideTranslatorPB.java:271) ~[ozone-manager-1.3.0-SNAPSHOT.jar:?]
	at org.apache.hadoop.ozone.protocolPB.OzoneManagerProtocolServerSideTranslatorPB.processRequest(OzoneManagerProtocolServerSideTranslatorPB.java:195) ~[ozone-manager-1.3.0-SNAPSHOT.jar:?]
	at org.apache.hadoop.hdds.server.OzoneProtocolMessageDispatcher.processRequest(OzoneProtocolMessageDispatcher.java:87) [hdds-server-framework-1.3.0-SNAPSHOT.jar:?]
	at org.apache.hadoop.ozone.protocolPB.OzoneManagerProtocolServerSideTranslatorPB.submitRequest(OzoneManagerProtocolServerSideTranslatorPB.java:146) [ozone-manager-1.3.0-SNAPSHOT.jar:?]
	at org.apache.hadoop.ozone.protocol.proto.OzoneManagerProtocolProtos$OzoneManagerService$2.callBlockingMethod(OzoneManagerProtocolProtos.java) [ozone-interface-client-1.3.0-SNAPSHOT.jar:?]
	at org.apache.hadoop.ipc.ProtobufRpcEngine$Server.processCall(ProtobufRpcEngine.java:466) [hadoop-common-3.3.1.jar:?]
	at org.apache.hadoop.ipc.ProtobufRpcEngine2$Server$ProtoBufRpcInvoker.call(ProtobufRpcEngine2.java:574) [hadoop-common-3.3.1.jar:?]
	at org.apache.hadoop.ipc.ProtobufRpcEngine2$Server$ProtoBufRpcInvoker.call(ProtobufRpcEngine2.java:552) [hadoop-common-3.3.1.jar:?]
	at org.apache.hadoop.ipc.RPC$Server.call(RPC.java:1093) [hadoop-common-3.3.1.jar:?]
	at org.apache.hadoop.ipc.Server$RpcCall.run(Server.java:1035) [hadoop-common-3.3.1.jar:?]
	at org.apache.hadoop.ipc.Server$RpcCall.run(Server.java:963) [hadoop-common-3.3.1.jar:?]
	at java.security.AccessController.doPrivileged(Native Method) ~[?:1.8.0_322]
	at javax.security.auth.Subject.doAs(Subject.java:422) [?:1.8.0_322]
	at org.apache.hadoop.security.UserGroupInformation.doAs(UserGroupInformation.java:1878) [hadoop-common-3.3.1.jar:?]
	at org.apache.hadoop.ipc.Server$Handler.run(Server.java:2966) [hadoop-common-3.3.1.jar:?]
03:18:04.243 [IPC Server handler 10 on default port 33661] ERROR OMAudit - user=runner | ip=127.0.0.1 | op=READ_BUCKET {volume=volume-61021, bucket=bucket3} | ret=FAILURE
org.apache.hadoop.ozone.om.exceptions.OMException: Volume not found when getting bucket info
	at org.apache.hadoop.ozone.om.BucketManagerImpl.getBucketInfo(BucketManagerImpl.java:127) ~[ozone-manager-1.3.0-SNAPSHOT.jar:?]
	at org.apache.hadoop.ozone.om.OzoneManager.getBucketInfo(OzoneManager.java:2686) ~[ozone-manager-1.3.0-SNAPSHOT.jar:?]
	at org.apache.hadoop.ozone.protocolPB.OzoneManagerRequestHandler.infoBucket(OzoneManagerRequestHandler.java:382) ~[ozone-manager-1.3.0-SNAPSHOT.jar:?]
	at org.apache.hadoop.ozone.protocolPB.OzoneManagerRequestHandler.handleReadRequest(OzoneManagerRequestHandler.java:156) ~[ozone-manager-1.3.0-SNAPSHOT.jar:?]
	at org.apache.hadoop.ozone.protocolPB.OzoneManagerProtocolServerSideTranslatorPB.submitRequestDirectlyToOM(OzoneManagerProtocolServerSideTranslatorPB.java:271) ~[ozone-manager-1.3.0-SNAPSHOT.jar:?]
	at org.apache.hadoop.ozone.protocolPB.OzoneManagerProtocolServerSideTranslatorPB.processRequest(OzoneManagerProtocolServerSideTranslatorPB.java:195) ~[ozone-manager-1.3.0-SNAPSHOT.jar:?]
	at org.apache.hadoop.hdds.server.OzoneProtocolMessageDispatcher.processRequest(OzoneProtocolMessageDispatcher.java:87) [hdds-server-framework-1.3.0-SNAPSHOT.jar:?]
	at org.apache.hadoop.ozone.protocolPB.OzoneManagerProtocolServerSideTranslatorPB.submitRequest(OzoneManagerProtocolServerSideTranslatorPB.java:146) [ozone-manager-1.3.0-SNAPSHOT.jar:?]
	at org.apache.hadoop.ozone.protocol.proto.OzoneManagerProtocolProtos$OzoneManagerService$2.callBlockingMethod(OzoneManagerProtocolProtos.java) [ozone-interface-client-1.3.0-SNAPSHOT.jar:?]
	at org.apache.hadoop.ipc.ProtobufRpcEngine$Server.processCall(ProtobufRpcEngine.java:466) [hadoop-common-3.3.1.jar:?]
	at org.apache.hadoop.ipc.ProtobufRpcEngine2$Server$ProtoBufRpcInvoker.call(ProtobufRpcEngine2.java:574) [hadoop-common-3.3.1.jar:?]
	at org.apache.hadoop.ipc.ProtobufRpcEngine2$Server$ProtoBufRpcInvoker.call(ProtobufRpcEngine2.java:552) [hadoop-common-3.3.1.jar:?]
	at org.apache.hadoop.ipc.RPC$Server.call(RPC.java:1093) [hadoop-common-3.3.1.jar:?]
	at org.apache.hadoop.ipc.Server$RpcCall.run(Server.java:1035) [hadoop-common-3.3.1.jar:?]
	at org.apache.hadoop.ipc.Server$RpcCall.run(Server.java:963) [hadoop-common-3.3.1.jar:?]
	at java.security.AccessController.doPrivileged(Native Method) ~[?:1.8.0_322]
	at javax.security.auth.Subject.doAs(Subject.java:422) [?:1.8.0_322]
	at org.apache.hadoop.security.UserGroupInformation.doAs(UserGroupInformation.java:1878) [hadoop-common-3.3.1.jar:?]
	at org.apache.hadoop.ipc.Server$Handler.run(Server.java:2966) [hadoop-common-3.3.1.jar:?]
2022-05-04 03:18:04,243 [Time-limited test] INFO  rpc.RpcClient (RpcClient.java:createVolume(448)) - Creating Volume: volume-61021, with runner as owner and space quota set to -1 bytes, counts quota set to -1
2022-05-04 03:18:04,244 [IPC Server handler 16 on default port 33661] INFO  volume.OMVolumeCreateRequest (OMVolumeCreateRequest.java:validateAndUpdateCache(195)) - created volume:volume-61021 for user:runner
2022-05-04 03:18:04,245 [Time-limited test] INFO  rpc.RpcClient (RpcClient.java:createBucket(637)) - Creating Bucket: volume-61021/bucket3, with runner as owner and Versioning false and Storage Type set to DISK and Encryption set to false 
2022-05-04 03:18:04,247 [IPC Server handler 14 on default port 33661] INFO  bucket.OMBucketCreateRequest (OMBucketCreateRequest.java:validateAndUpdateCache(258)) - created bucket: bucket3 of layout LEGACY in volume: volume-61021
03:18:04.262 [IPC Server handler 12 on default port 33661] ERROR OMAudit - user=runner | ip=127.0.0.1 | op=READ_VOLUME {volume=volume-61021} | ret=FAILURE
org.apache.hadoop.ozone.om.exceptions.OMException: Volume volume-61021 is not found
	at org.apache.hadoop.ozone.om.VolumeManagerImpl.getVolumeInfo(VolumeManagerImpl.java:74) ~[ozone-manager-1.3.0-SNAPSHOT.jar:?]
	at org.apache.hadoop.ozone.om.OzoneManager.getVolumeInfo(OzoneManager.java:2510) ~[ozone-manager-1.3.0-SNAPSHOT.jar:?]
	at org.apache.hadoop.ozone.protocolPB.OzoneManagerRequestHandler.infoVolume(OzoneManagerRequestHandler.java:351) ~[ozone-manager-1.3.0-SNAPSHOT.jar:?]
	at org.apache.hadoop.ozone.protocolPB.OzoneManagerRequestHandler.handleReadRequest(OzoneManagerRequestHandler.java:146) ~[ozone-manager-1.3.0-SNAPSHOT.jar:?]
	at org.apache.hadoop.ozone.protocolPB.OzoneManagerProtocolServerSideTranslatorPB.submitRequestDirectlyToOM(OzoneManagerProtocolServerSideTranslatorPB.java:271) ~[ozone-manager-1.3.0-SNAPSHOT.jar:?]
	at org.apache.hadoop.ozone.protocolPB.OzoneManagerProtocolServerSideTranslatorPB.processRequest(OzoneManagerProtocolServerSideTranslatorPB.java:195) ~[ozone-manager-1.3.0-SNAPSHOT.jar:?]
	at org.apache.hadoop.hdds.server.OzoneProtocolMessageDispatcher.processRequest(OzoneProtocolMessageDispatcher.java:87) [hdds-server-framework-1.3.0-SNAPSHOT.jar:?]
	at org.apache.hadoop.ozone.protocolPB.OzoneManagerProtocolServerSideTranslatorPB.submitRequest(OzoneManagerProtocolServerSideTranslatorPB.java:146) [ozone-manager-1.3.0-SNAPSHOT.jar:?]
	at org.apache.hadoop.ozone.protocol.proto.OzoneManagerProtocolProtos$OzoneManagerService$2.callBlockingMethod(OzoneManagerProtocolProtos.java) [ozone-interface-client-1.3.0-SNAPSHOT.jar:?]
	at org.apache.hadoop.ipc.ProtobufRpcEngine$Server.processCall(ProtobufRpcEngine.java:466) [hadoop-common-3.3.1.jar:?]
	at org.apache.hadoop.ipc.ProtobufRpcEngine2$Server$ProtoBufRpcInvoker.call(ProtobufRpcEngine2.java:574) [hadoop-common-3.3.1.jar:?]
	at org.apache.hadoop.ipc.ProtobufRpcEngine2$Server$ProtoBufRpcInvoker.call(ProtobufRpcEngine2.java:552) [hadoop-common-3.3.1.jar:?]
	at org.apache.hadoop.ipc.RPC$Server.call(RPC.java:1093) [hadoop-common-3.3.1.jar:?]
	at org.apache.hadoop.ipc.Server$RpcCall.run(Server.java:1035) [hadoop-common-3.3.1.jar:?]
	at org.apache.hadoop.ipc.Server$RpcCall.run(Server.java:963) [hadoop-common-3.3.1.jar:?]
	at java.security.AccessController.doPrivileged(Native Method) ~[?:1.8.0_322]
	at javax.security.auth.Subject.doAs(Subject.java:422) [?:1.8.0_322]
	at org.apache.hadoop.security.UserGroupInformation.doAs(UserGroupInformation.java:1878) [hadoop-common-3.3.1.jar:?]
	at org.apache.hadoop.ipc.Server$Handler.run(Server.java:2966) [hadoop-common-3.3.1.jar:?]
]]></system-out>
  </testcase>
  <testcase name="testRenameToParentDir" classname="TestRootedOzoneFileSystem" time="0.158">
    <system-out><![CDATA[2022-05-04 03:12:32,057 [Time-limited test] INFO  rpc.RpcClient (RpcClient.java:createVolume(448)) - Creating Volume: volume52901, with user55298 as owner and space quota set to -1 bytes, counts quota set to -1
2022-05-04 03:12:32,063 [OM StateMachine ApplyTransaction Thread - 0] INFO  volume.OMVolumeCreateRequest (OMVolumeCreateRequest.java:validateAndUpdateCache(195)) - created volume:volume52901 for user:user55298
2022-05-04 03:12:32,066 [Time-limited test] INFO  rpc.RpcClient (RpcClient.java:createBucket(637)) - Creating Bucket: volume52901/bucket97082, with runner as owner and Versioning false and Storage Type set to DISK and Encryption set to false 
2022-05-04 03:12:32,069 [OM StateMachine ApplyTransaction Thread - 0] INFO  bucket.OMBucketCreateRequest (OMBucketCreateRequest.java:validateAndUpdateCache(258)) - created bucket: bucket97082 of layout LEGACY in volume: volume52901
03:12:32.099 [IPC Server handler 5 on default port 39393] ERROR OMAudit - user=runner | ip=127.0.0.1 | op=LIST_STATUS {volume=volume52901, bucket=bucket97082, key=root_dir/dir2, dataSize=0, replicationConfig=null} | ret=FAILURE
org.apache.hadoop.ozone.om.exceptions.OMException: Unable to get file status: volume: volume52901 bucket: bucket97082 key: root_dir/dir2
	at org.apache.hadoop.ozone.om.KeyManagerImpl.getOzoneFileStatus(KeyManagerImpl.java:1280) ~[ozone-manager-1.3.0-SNAPSHOT.jar:?]
	at org.apache.hadoop.ozone.om.KeyManagerImpl.getFileStatus(KeyManagerImpl.java:1210) ~[ozone-manager-1.3.0-SNAPSHOT.jar:?]
	at org.apache.hadoop.ozone.om.KeyManagerImpl.listStatus(KeyManagerImpl.java:1513) ~[ozone-manager-1.3.0-SNAPSHOT.jar:?]
	at org.apache.hadoop.ozone.om.OzoneManager.listStatus(OzoneManager.java:3138) ~[ozone-manager-1.3.0-SNAPSHOT.jar:?]
	at org.apache.hadoop.ozone.protocolPB.OzoneManagerRequestHandler.listStatus(OzoneManagerRequestHandler.java:760) ~[ozone-manager-1.3.0-SNAPSHOT.jar:?]
	at org.apache.hadoop.ozone.protocolPB.OzoneManagerRequestHandler.handleReadRequest(OzoneManagerRequestHandler.java:212) ~[ozone-manager-1.3.0-SNAPSHOT.jar:?]
	at org.apache.hadoop.ozone.protocolPB.OzoneManagerProtocolServerSideTranslatorPB.submitReadRequestToOM(OzoneManagerProtocolServerSideTranslatorPB.java:213) ~[ozone-manager-1.3.0-SNAPSHOT.jar:?]
	at org.apache.hadoop.ozone.protocolPB.OzoneManagerProtocolServerSideTranslatorPB.processRequest(OzoneManagerProtocolServerSideTranslatorPB.java:174) ~[ozone-manager-1.3.0-SNAPSHOT.jar:?]
	at org.apache.hadoop.hdds.server.OzoneProtocolMessageDispatcher.processRequest(OzoneProtocolMessageDispatcher.java:87) [hdds-server-framework-1.3.0-SNAPSHOT.jar:?]
	at org.apache.hadoop.ozone.protocolPB.OzoneManagerProtocolServerSideTranslatorPB.submitRequest(OzoneManagerProtocolServerSideTranslatorPB.java:146) [ozone-manager-1.3.0-SNAPSHOT.jar:?]
	at org.apache.hadoop.ozone.protocol.proto.OzoneManagerProtocolProtos$OzoneManagerService$2.callBlockingMethod(OzoneManagerProtocolProtos.java) [ozone-interface-client-1.3.0-SNAPSHOT.jar:?]
	at org.apache.hadoop.ipc.ProtobufRpcEngine$Server.processCall(ProtobufRpcEngine.java:466) [hadoop-common-3.3.1.jar:?]
	at org.apache.hadoop.ipc.ProtobufRpcEngine2$Server$ProtoBufRpcInvoker.call(ProtobufRpcEngine2.java:574) [hadoop-common-3.3.1.jar:?]
	at org.apache.hadoop.ipc.ProtobufRpcEngine2$Server$ProtoBufRpcInvoker.call(ProtobufRpcEngine2.java:552) [hadoop-common-3.3.1.jar:?]
	at org.apache.hadoop.ipc.RPC$Server.call(RPC.java:1093) [hadoop-common-3.3.1.jar:?]
	at org.apache.hadoop.ipc.Server$RpcCall.run(Server.java:1035) [hadoop-common-3.3.1.jar:?]
	at org.apache.hadoop.ipc.Server$RpcCall.run(Server.java:963) [hadoop-common-3.3.1.jar:?]
	at java.security.AccessController.doPrivileged(Native Method) ~[?:1.8.0_322]
	at javax.security.auth.Subject.doAs(Subject.java:422) [?:1.8.0_322]
	at org.apache.hadoop.security.UserGroupInformation.doAs(UserGroupInformation.java:1878) [hadoop-common-3.3.1.jar:?]
	at org.apache.hadoop.ipc.Server$Handler.run(Server.java:2966) [hadoop-common-3.3.1.jar:?]
03:12:32.126 [IPC Server handler 19 on default port 39393] ERROR OMAudit - user=runner | ip=127.0.0.1 | op=LIST_STATUS {volume=volume52901, bucket=bucket97082, key=root_dir/file2, dataSize=0, replicationConfig=null} | ret=FAILURE
org.apache.hadoop.ozone.om.exceptions.OMException: Unable to get file status: volume: volume52901 bucket: bucket97082 key: root_dir/file2
	at org.apache.hadoop.ozone.om.KeyManagerImpl.getOzoneFileStatus(KeyManagerImpl.java:1280) ~[ozone-manager-1.3.0-SNAPSHOT.jar:?]
	at org.apache.hadoop.ozone.om.KeyManagerImpl.getFileStatus(KeyManagerImpl.java:1210) ~[ozone-manager-1.3.0-SNAPSHOT.jar:?]
	at org.apache.hadoop.ozone.om.KeyManagerImpl.listStatus(KeyManagerImpl.java:1513) ~[ozone-manager-1.3.0-SNAPSHOT.jar:?]
	at org.apache.hadoop.ozone.om.OzoneManager.listStatus(OzoneManager.java:3138) ~[ozone-manager-1.3.0-SNAPSHOT.jar:?]
	at org.apache.hadoop.ozone.protocolPB.OzoneManagerRequestHandler.listStatus(OzoneManagerRequestHandler.java:760) ~[ozone-manager-1.3.0-SNAPSHOT.jar:?]
	at org.apache.hadoop.ozone.protocolPB.OzoneManagerRequestHandler.handleReadRequest(OzoneManagerRequestHandler.java:212) ~[ozone-manager-1.3.0-SNAPSHOT.jar:?]
	at org.apache.hadoop.ozone.protocolPB.OzoneManagerProtocolServerSideTranslatorPB.submitReadRequestToOM(OzoneManagerProtocolServerSideTranslatorPB.java:213) ~[ozone-manager-1.3.0-SNAPSHOT.jar:?]
	at org.apache.hadoop.ozone.protocolPB.OzoneManagerProtocolServerSideTranslatorPB.processRequest(OzoneManagerProtocolServerSideTranslatorPB.java:174) ~[ozone-manager-1.3.0-SNAPSHOT.jar:?]
	at org.apache.hadoop.hdds.server.OzoneProtocolMessageDispatcher.processRequest(OzoneProtocolMessageDispatcher.java:87) [hdds-server-framework-1.3.0-SNAPSHOT.jar:?]
	at org.apache.hadoop.ozone.protocolPB.OzoneManagerProtocolServerSideTranslatorPB.submitRequest(OzoneManagerProtocolServerSideTranslatorPB.java:146) [ozone-manager-1.3.0-SNAPSHOT.jar:?]
	at org.apache.hadoop.ozone.protocol.proto.OzoneManagerProtocolProtos$OzoneManagerService$2.callBlockingMethod(OzoneManagerProtocolProtos.java) [ozone-interface-client-1.3.0-SNAPSHOT.jar:?]
	at org.apache.hadoop.ipc.ProtobufRpcEngine$Server.processCall(ProtobufRpcEngine.java:466) [hadoop-common-3.3.1.jar:?]
	at org.apache.hadoop.ipc.ProtobufRpcEngine2$Server$ProtoBufRpcInvoker.call(ProtobufRpcEngine2.java:574) [hadoop-common-3.3.1.jar:?]
	at org.apache.hadoop.ipc.ProtobufRpcEngine2$Server$ProtoBufRpcInvoker.call(ProtobufRpcEngine2.java:552) [hadoop-common-3.3.1.jar:?]
	at org.apache.hadoop.ipc.RPC$Server.call(RPC.java:1093) [hadoop-common-3.3.1.jar:?]
	at org.apache.hadoop.ipc.Server$RpcCall.run(Server.java:1035) [hadoop-common-3.3.1.jar:?]
	at org.apache.hadoop.ipc.Server$RpcCall.run(Server.java:963) [hadoop-common-3.3.1.jar:?]
	at java.security.AccessController.doPrivileged(Native Method) ~[?:1.8.0_322]
	at javax.security.auth.Subject.doAs(Subject.java:422) [?:1.8.0_322]
	at org.apache.hadoop.security.UserGroupInformation.doAs(UserGroupInformation.java:1878) [hadoop-common-3.3.1.jar:?]
	at org.apache.hadoop.ipc.Server$Handler.run(Server.java:2966) [hadoop-common-3.3.1.jar:?]
03:12:32.144 [IPC Server handler 7 on default port 39393] ERROR OMAudit - user=runner | ip=127.0.0.1 | op=GET_FILE_STATUS {volume=volume52901, bucket=bucket97082, key=root_dir/dir1/file2, dataSize=0, replicationConfig=null} | ret=FAILURE
org.apache.hadoop.ozone.om.exceptions.OMException: Unable to get file status: volume: volume52901 bucket: bucket97082 key: root_dir/dir1/file2
	at org.apache.hadoop.ozone.om.KeyManagerImpl.getOzoneFileStatus(KeyManagerImpl.java:1280) ~[ozone-manager-1.3.0-SNAPSHOT.jar:?]
	at org.apache.hadoop.ozone.om.KeyManagerImpl.getFileStatus(KeyManagerImpl.java:1210) ~[ozone-manager-1.3.0-SNAPSHOT.jar:?]
	at org.apache.hadoop.ozone.om.OzoneManager.getFileStatus(OzoneManager.java:3067) ~[ozone-manager-1.3.0-SNAPSHOT.jar:?]
	at org.apache.hadoop.ozone.protocolPB.OzoneManagerRequestHandler.getOzoneFileStatus(OzoneManagerRequestHandler.java:670) ~[ozone-manager-1.3.0-SNAPSHOT.jar:?]
	at org.apache.hadoop.ozone.protocolPB.OzoneManagerRequestHandler.handleReadRequest(OzoneManagerRequestHandler.java:201) ~[ozone-manager-1.3.0-SNAPSHOT.jar:?]
	at org.apache.hadoop.ozone.protocolPB.OzoneManagerProtocolServerSideTranslatorPB.submitReadRequestToOM(OzoneManagerProtocolServerSideTranslatorPB.java:213) ~[ozone-manager-1.3.0-SNAPSHOT.jar:?]
	at org.apache.hadoop.ozone.protocolPB.OzoneManagerProtocolServerSideTranslatorPB.processRequest(OzoneManagerProtocolServerSideTranslatorPB.java:174) ~[ozone-manager-1.3.0-SNAPSHOT.jar:?]
	at org.apache.hadoop.hdds.server.OzoneProtocolMessageDispatcher.processRequest(OzoneProtocolMessageDispatcher.java:87) [hdds-server-framework-1.3.0-SNAPSHOT.jar:?]
	at org.apache.hadoop.ozone.protocolPB.OzoneManagerProtocolServerSideTranslatorPB.submitRequest(OzoneManagerProtocolServerSideTranslatorPB.java:146) [ozone-manager-1.3.0-SNAPSHOT.jar:?]
	at org.apache.hadoop.ozone.protocol.proto.OzoneManagerProtocolProtos$OzoneManagerService$2.callBlockingMethod(OzoneManagerProtocolProtos.java) [ozone-interface-client-1.3.0-SNAPSHOT.jar:?]
	at org.apache.hadoop.ipc.ProtobufRpcEngine$Server.processCall(ProtobufRpcEngine.java:466) [hadoop-common-3.3.1.jar:?]
	at org.apache.hadoop.ipc.ProtobufRpcEngine2$Server$ProtoBufRpcInvoker.call(ProtobufRpcEngine2.java:574) [hadoop-common-3.3.1.jar:?]
	at org.apache.hadoop.ipc.ProtobufRpcEngine2$Server$ProtoBufRpcInvoker.call(ProtobufRpcEngine2.java:552) [hadoop-common-3.3.1.jar:?]
	at org.apache.hadoop.ipc.RPC$Server.call(RPC.java:1093) [hadoop-common-3.3.1.jar:?]
	at org.apache.hadoop.ipc.Server$RpcCall.run(Server.java:1035) [hadoop-common-3.3.1.jar:?]
	at org.apache.hadoop.ipc.Server$RpcCall.run(Server.java:963) [hadoop-common-3.3.1.jar:?]
	at java.security.AccessController.doPrivileged(Native Method) ~[?:1.8.0_322]
	at javax.security.auth.Subject.doAs(Subject.java:422) [?:1.8.0_322]
	at org.apache.hadoop.security.UserGroupInformation.doAs(UserGroupInformation.java:1878) [hadoop-common-3.3.1.jar:?]
	at org.apache.hadoop.ipc.Server$Handler.run(Server.java:2966) [hadoop-common-3.3.1.jar:?]
2022-05-04 03:12:32,145 [Time-limited test] WARN  ozone.BasicRootedOzoneFileSystem (BasicRootedOzoneFileSystem.java:delete(572)) - delete: Path does not exist: /volume52901/bucket97082/root_dir/dir1/file2
03:12:32.147 [IPC Server handler 13 on default port 39393] ERROR OMAudit - user=runner | ip=127.0.0.1 | op=GET_FILE_STATUS {volume=volume52901, bucket=bucket97082, key=root_dir/dir1/dir2, dataSize=0, replicationConfig=null} | ret=FAILURE
org.apache.hadoop.ozone.om.exceptions.OMException: Unable to get file status: volume: volume52901 bucket: bucket97082 key: root_dir/dir1/dir2
	at org.apache.hadoop.ozone.om.KeyManagerImpl.getOzoneFileStatus(KeyManagerImpl.java:1280) ~[ozone-manager-1.3.0-SNAPSHOT.jar:?]
	at org.apache.hadoop.ozone.om.KeyManagerImpl.getFileStatus(KeyManagerImpl.java:1210) ~[ozone-manager-1.3.0-SNAPSHOT.jar:?]
	at org.apache.hadoop.ozone.om.OzoneManager.getFileStatus(OzoneManager.java:3067) ~[ozone-manager-1.3.0-SNAPSHOT.jar:?]
	at org.apache.hadoop.ozone.protocolPB.OzoneManagerRequestHandler.getOzoneFileStatus(OzoneManagerRequestHandler.java:670) ~[ozone-manager-1.3.0-SNAPSHOT.jar:?]
	at org.apache.hadoop.ozone.protocolPB.OzoneManagerRequestHandler.handleReadRequest(OzoneManagerRequestHandler.java:201) ~[ozone-manager-1.3.0-SNAPSHOT.jar:?]
	at org.apache.hadoop.ozone.protocolPB.OzoneManagerProtocolServerSideTranslatorPB.submitReadRequestToOM(OzoneManagerProtocolServerSideTranslatorPB.java:213) ~[ozone-manager-1.3.0-SNAPSHOT.jar:?]
	at org.apache.hadoop.ozone.protocolPB.OzoneManagerProtocolServerSideTranslatorPB.processRequest(OzoneManagerProtocolServerSideTranslatorPB.java:174) ~[ozone-manager-1.3.0-SNAPSHOT.jar:?]
	at org.apache.hadoop.hdds.server.OzoneProtocolMessageDispatcher.processRequest(OzoneProtocolMessageDispatcher.java:87) [hdds-server-framework-1.3.0-SNAPSHOT.jar:?]
	at org.apache.hadoop.ozone.protocolPB.OzoneManagerProtocolServerSideTranslatorPB.submitRequest(OzoneManagerProtocolServerSideTranslatorPB.java:146) [ozone-manager-1.3.0-SNAPSHOT.jar:?]
	at org.apache.hadoop.ozone.protocol.proto.OzoneManagerProtocolProtos$OzoneManagerService$2.callBlockingMethod(OzoneManagerProtocolProtos.java) [ozone-interface-client-1.3.0-SNAPSHOT.jar:?]
	at org.apache.hadoop.ipc.ProtobufRpcEngine$Server.processCall(ProtobufRpcEngine.java:466) [hadoop-common-3.3.1.jar:?]
	at org.apache.hadoop.ipc.ProtobufRpcEngine2$Server$ProtoBufRpcInvoker.call(ProtobufRpcEngine2.java:574) [hadoop-common-3.3.1.jar:?]
	at org.apache.hadoop.ipc.ProtobufRpcEngine2$Server$ProtoBufRpcInvoker.call(ProtobufRpcEngine2.java:552) [hadoop-common-3.3.1.jar:?]
	at org.apache.hadoop.ipc.RPC$Server.call(RPC.java:1093) [hadoop-common-3.3.1.jar:?]
	at org.apache.hadoop.ipc.Server$RpcCall.run(Server.java:1035) [hadoop-common-3.3.1.jar:?]
	at org.apache.hadoop.ipc.Server$RpcCall.run(Server.java:963) [hadoop-common-3.3.1.jar:?]
	at java.security.AccessController.doPrivileged(Native Method) ~[?:1.8.0_322]
	at javax.security.auth.Subject.doAs(Subject.java:422) [?:1.8.0_322]
	at org.apache.hadoop.security.UserGroupInformation.doAs(UserGroupInformation.java:1878) [hadoop-common-3.3.1.jar:?]
	at org.apache.hadoop.ipc.Server$Handler.run(Server.java:2966) [hadoop-common-3.3.1.jar:?]
2022-05-04 03:12:32,148 [Time-limited test] WARN  ozone.BasicRootedOzoneFileSystem (BasicRootedOzoneFileSystem.java:delete(572)) - delete: Path does not exist: /volume52901/bucket97082/root_dir/dir1/dir2
]]></system-out>
  </testcase>
  <testcase name="testRenameToParentDir" classname="TestRootedOzoneFileSystem" time="0.167">
    <system-out><![CDATA[2022-05-04 03:13:54,028 [Time-limited test] INFO  rpc.RpcClient (RpcClient.java:createVolume(448)) - Creating Volume: volume17610, with user55160 as owner and space quota set to -1 bytes, counts quota set to -1
2022-05-04 03:13:54,031 [OM StateMachine ApplyTransaction Thread - 0] INFO  volume.OMVolumeCreateRequest (OMVolumeCreateRequest.java:validateAndUpdateCache(195)) - created volume:volume17610 for user:user55160
2022-05-04 03:13:54,032 [Time-limited test] INFO  rpc.RpcClient (RpcClient.java:createBucket(637)) - Creating Bucket: volume17610/bucket01739, with runner as owner and Versioning false and Storage Type set to DISK and Encryption set to false 
2022-05-04 03:13:54,040 [OM StateMachine ApplyTransaction Thread - 0] INFO  bucket.OMBucketCreateRequest (OMBucketCreateRequest.java:validateAndUpdateCache(258)) - created bucket: bucket01739 of layout LEGACY in volume: volume17610
03:13:54.070 [IPC Server handler 8 on default port 46813] ERROR OMAudit - user=runner | ip=127.0.0.1 | op=LIST_STATUS {volume=volume17610, bucket=bucket01739, key=root_dir/dir2, dataSize=0, replicationConfig=null} | ret=FAILURE
org.apache.hadoop.ozone.om.exceptions.OMException: Unable to get file status: volume: volume17610 bucket: bucket01739 key: root_dir/dir2
	at org.apache.hadoop.ozone.om.KeyManagerImpl.getOzoneFileStatus(KeyManagerImpl.java:1280) ~[ozone-manager-1.3.0-SNAPSHOT.jar:?]
	at org.apache.hadoop.ozone.om.KeyManagerImpl.getFileStatus(KeyManagerImpl.java:1210) ~[ozone-manager-1.3.0-SNAPSHOT.jar:?]
	at org.apache.hadoop.ozone.om.KeyManagerImpl.listStatus(KeyManagerImpl.java:1513) ~[ozone-manager-1.3.0-SNAPSHOT.jar:?]
	at org.apache.hadoop.ozone.om.OzoneManager.listStatus(OzoneManager.java:3138) ~[ozone-manager-1.3.0-SNAPSHOT.jar:?]
	at org.apache.hadoop.ozone.protocolPB.OzoneManagerRequestHandler.listStatus(OzoneManagerRequestHandler.java:760) ~[ozone-manager-1.3.0-SNAPSHOT.jar:?]
	at org.apache.hadoop.ozone.protocolPB.OzoneManagerRequestHandler.handleReadRequest(OzoneManagerRequestHandler.java:212) ~[ozone-manager-1.3.0-SNAPSHOT.jar:?]
	at org.apache.hadoop.ozone.protocolPB.OzoneManagerProtocolServerSideTranslatorPB.submitReadRequestToOM(OzoneManagerProtocolServerSideTranslatorPB.java:213) ~[ozone-manager-1.3.0-SNAPSHOT.jar:?]
	at org.apache.hadoop.ozone.protocolPB.OzoneManagerProtocolServerSideTranslatorPB.processRequest(OzoneManagerProtocolServerSideTranslatorPB.java:174) ~[ozone-manager-1.3.0-SNAPSHOT.jar:?]
	at org.apache.hadoop.hdds.server.OzoneProtocolMessageDispatcher.processRequest(OzoneProtocolMessageDispatcher.java:87) [hdds-server-framework-1.3.0-SNAPSHOT.jar:?]
	at org.apache.hadoop.ozone.protocolPB.OzoneManagerProtocolServerSideTranslatorPB.submitRequest(OzoneManagerProtocolServerSideTranslatorPB.java:146) [ozone-manager-1.3.0-SNAPSHOT.jar:?]
	at org.apache.hadoop.ozone.protocol.proto.OzoneManagerProtocolProtos$OzoneManagerService$2.callBlockingMethod(OzoneManagerProtocolProtos.java) [ozone-interface-client-1.3.0-SNAPSHOT.jar:?]
	at org.apache.hadoop.ipc.ProtobufRpcEngine$Server.processCall(ProtobufRpcEngine.java:466) [hadoop-common-3.3.1.jar:?]
	at org.apache.hadoop.ipc.ProtobufRpcEngine2$Server$ProtoBufRpcInvoker.call(ProtobufRpcEngine2.java:574) [hadoop-common-3.3.1.jar:?]
	at org.apache.hadoop.ipc.ProtobufRpcEngine2$Server$ProtoBufRpcInvoker.call(ProtobufRpcEngine2.java:552) [hadoop-common-3.3.1.jar:?]
	at org.apache.hadoop.ipc.RPC$Server.call(RPC.java:1093) [hadoop-common-3.3.1.jar:?]
	at org.apache.hadoop.ipc.Server$RpcCall.run(Server.java:1035) [hadoop-common-3.3.1.jar:?]
	at org.apache.hadoop.ipc.Server$RpcCall.run(Server.java:963) [hadoop-common-3.3.1.jar:?]
	at java.security.AccessController.doPrivileged(Native Method) ~[?:1.8.0_322]
	at javax.security.auth.Subject.doAs(Subject.java:422) [?:1.8.0_322]
	at org.apache.hadoop.security.UserGroupInformation.doAs(UserGroupInformation.java:1878) [hadoop-common-3.3.1.jar:?]
	at org.apache.hadoop.ipc.Server$Handler.run(Server.java:2966) [hadoop-common-3.3.1.jar:?]
03:13:54.080 [IPC Server handler 11 on default port 46813] ERROR OMAudit - user=runner | ip=127.0.0.1 | op=LIST_STATUS {volume=volume17610, bucket=bucket01739, key=root_dir/file2, dataSize=0, replicationConfig=null} | ret=FAILURE
org.apache.hadoop.ozone.om.exceptions.OMException: Unable to get file status: volume: volume17610 bucket: bucket01739 key: root_dir/file2
	at org.apache.hadoop.ozone.om.KeyManagerImpl.getOzoneFileStatus(KeyManagerImpl.java:1280) ~[ozone-manager-1.3.0-SNAPSHOT.jar:?]
	at org.apache.hadoop.ozone.om.KeyManagerImpl.getFileStatus(KeyManagerImpl.java:1210) ~[ozone-manager-1.3.0-SNAPSHOT.jar:?]
	at org.apache.hadoop.ozone.om.KeyManagerImpl.listStatus(KeyManagerImpl.java:1513) ~[ozone-manager-1.3.0-SNAPSHOT.jar:?]
	at org.apache.hadoop.ozone.om.OzoneManager.listStatus(OzoneManager.java:3138) ~[ozone-manager-1.3.0-SNAPSHOT.jar:?]
	at org.apache.hadoop.ozone.protocolPB.OzoneManagerRequestHandler.listStatus(OzoneManagerRequestHandler.java:760) ~[ozone-manager-1.3.0-SNAPSHOT.jar:?]
	at org.apache.hadoop.ozone.protocolPB.OzoneManagerRequestHandler.handleReadRequest(OzoneManagerRequestHandler.java:212) ~[ozone-manager-1.3.0-SNAPSHOT.jar:?]
	at org.apache.hadoop.ozone.protocolPB.OzoneManagerProtocolServerSideTranslatorPB.submitReadRequestToOM(OzoneManagerProtocolServerSideTranslatorPB.java:213) ~[ozone-manager-1.3.0-SNAPSHOT.jar:?]
	at org.apache.hadoop.ozone.protocolPB.OzoneManagerProtocolServerSideTranslatorPB.processRequest(OzoneManagerProtocolServerSideTranslatorPB.java:174) ~[ozone-manager-1.3.0-SNAPSHOT.jar:?]
	at org.apache.hadoop.hdds.server.OzoneProtocolMessageDispatcher.processRequest(OzoneProtocolMessageDispatcher.java:87) [hdds-server-framework-1.3.0-SNAPSHOT.jar:?]
	at org.apache.hadoop.ozone.protocolPB.OzoneManagerProtocolServerSideTranslatorPB.submitRequest(OzoneManagerProtocolServerSideTranslatorPB.java:146) [ozone-manager-1.3.0-SNAPSHOT.jar:?]
	at org.apache.hadoop.ozone.protocol.proto.OzoneManagerProtocolProtos$OzoneManagerService$2.callBlockingMethod(OzoneManagerProtocolProtos.java) [ozone-interface-client-1.3.0-SNAPSHOT.jar:?]
	at org.apache.hadoop.ipc.ProtobufRpcEngine$Server.processCall(ProtobufRpcEngine.java:466) [hadoop-common-3.3.1.jar:?]
	at org.apache.hadoop.ipc.ProtobufRpcEngine2$Server$ProtoBufRpcInvoker.call(ProtobufRpcEngine2.java:574) [hadoop-common-3.3.1.jar:?]
	at org.apache.hadoop.ipc.ProtobufRpcEngine2$Server$ProtoBufRpcInvoker.call(ProtobufRpcEngine2.java:552) [hadoop-common-3.3.1.jar:?]
	at org.apache.hadoop.ipc.RPC$Server.call(RPC.java:1093) [hadoop-common-3.3.1.jar:?]
	at org.apache.hadoop.ipc.Server$RpcCall.run(Server.java:1035) [hadoop-common-3.3.1.jar:?]
	at org.apache.hadoop.ipc.Server$RpcCall.run(Server.java:963) [hadoop-common-3.3.1.jar:?]
	at java.security.AccessController.doPrivileged(Native Method) ~[?:1.8.0_322]
	at javax.security.auth.Subject.doAs(Subject.java:422) [?:1.8.0_322]
	at org.apache.hadoop.security.UserGroupInformation.doAs(UserGroupInformation.java:1878) [hadoop-common-3.3.1.jar:?]
	at org.apache.hadoop.ipc.Server$Handler.run(Server.java:2966) [hadoop-common-3.3.1.jar:?]
03:13:54.093 [IPC Server handler 10 on default port 46813] ERROR OMAudit - user=runner | ip=127.0.0.1 | op=GET_FILE_STATUS {volume=volume17610, bucket=bucket01739, key=root_dir/dir1/file2, dataSize=0, replicationConfig=null} | ret=FAILURE
org.apache.hadoop.ozone.om.exceptions.OMException: Unable to get file status: volume: volume17610 bucket: bucket01739 key: root_dir/dir1/file2
	at org.apache.hadoop.ozone.om.KeyManagerImpl.getOzoneFileStatus(KeyManagerImpl.java:1280) ~[ozone-manager-1.3.0-SNAPSHOT.jar:?]
	at org.apache.hadoop.ozone.om.KeyManagerImpl.getFileStatus(KeyManagerImpl.java:1210) ~[ozone-manager-1.3.0-SNAPSHOT.jar:?]
	at org.apache.hadoop.ozone.om.OzoneManager.getFileStatus(OzoneManager.java:3067) ~[ozone-manager-1.3.0-SNAPSHOT.jar:?]
	at org.apache.hadoop.ozone.protocolPB.OzoneManagerRequestHandler.getOzoneFileStatus(OzoneManagerRequestHandler.java:670) ~[ozone-manager-1.3.0-SNAPSHOT.jar:?]
	at org.apache.hadoop.ozone.protocolPB.OzoneManagerRequestHandler.handleReadRequest(OzoneManagerRequestHandler.java:201) ~[ozone-manager-1.3.0-SNAPSHOT.jar:?]
	at org.apache.hadoop.ozone.protocolPB.OzoneManagerProtocolServerSideTranslatorPB.submitReadRequestToOM(OzoneManagerProtocolServerSideTranslatorPB.java:213) ~[ozone-manager-1.3.0-SNAPSHOT.jar:?]
	at org.apache.hadoop.ozone.protocolPB.OzoneManagerProtocolServerSideTranslatorPB.processRequest(OzoneManagerProtocolServerSideTranslatorPB.java:174) ~[ozone-manager-1.3.0-SNAPSHOT.jar:?]
	at org.apache.hadoop.hdds.server.OzoneProtocolMessageDispatcher.processRequest(OzoneProtocolMessageDispatcher.java:87) [hdds-server-framework-1.3.0-SNAPSHOT.jar:?]
	at org.apache.hadoop.ozone.protocolPB.OzoneManagerProtocolServerSideTranslatorPB.submitRequest(OzoneManagerProtocolServerSideTranslatorPB.java:146) [ozone-manager-1.3.0-SNAPSHOT.jar:?]
	at org.apache.hadoop.ozone.protocol.proto.OzoneManagerProtocolProtos$OzoneManagerService$2.callBlockingMethod(OzoneManagerProtocolProtos.java) [ozone-interface-client-1.3.0-SNAPSHOT.jar:?]
	at org.apache.hadoop.ipc.ProtobufRpcEngine$Server.processCall(ProtobufRpcEngine.java:466) [hadoop-common-3.3.1.jar:?]
	at org.apache.hadoop.ipc.ProtobufRpcEngine2$Server$ProtoBufRpcInvoker.call(ProtobufRpcEngine2.java:574) [hadoop-common-3.3.1.jar:?]
	at org.apache.hadoop.ipc.ProtobufRpcEngine2$Server$ProtoBufRpcInvoker.call(ProtobufRpcEngine2.java:552) [hadoop-common-3.3.1.jar:?]
	at org.apache.hadoop.ipc.RPC$Server.call(RPC.java:1093) [hadoop-common-3.3.1.jar:?]
	at org.apache.hadoop.ipc.Server$RpcCall.run(Server.java:1035) [hadoop-common-3.3.1.jar:?]
	at org.apache.hadoop.ipc.Server$RpcCall.run(Server.java:963) [hadoop-common-3.3.1.jar:?]
	at java.security.AccessController.doPrivileged(Native Method) ~[?:1.8.0_322]
	at javax.security.auth.Subject.doAs(Subject.java:422) [?:1.8.0_322]
	at org.apache.hadoop.security.UserGroupInformation.doAs(UserGroupInformation.java:1878) [hadoop-common-3.3.1.jar:?]
	at org.apache.hadoop.ipc.Server$Handler.run(Server.java:2966) [hadoop-common-3.3.1.jar:?]
2022-05-04 03:13:54,093 [Time-limited test] WARN  ozone.BasicRootedOzoneFileSystem (BasicRootedOzoneFileSystem.java:delete(572)) - delete: Path does not exist: /volume17610/bucket01739/root_dir/dir1/file2
03:13:54.095 [IPC Server handler 1 on default port 46813] ERROR OMAudit - user=runner | ip=127.0.0.1 | op=GET_FILE_STATUS {volume=volume17610, bucket=bucket01739, key=root_dir/dir1/dir2, dataSize=0, replicationConfig=null} | ret=FAILURE
org.apache.hadoop.ozone.om.exceptions.OMException: Unable to get file status: volume: volume17610 bucket: bucket01739 key: root_dir/dir1/dir2
	at org.apache.hadoop.ozone.om.KeyManagerImpl.getOzoneFileStatus(KeyManagerImpl.java:1280) ~[ozone-manager-1.3.0-SNAPSHOT.jar:?]
	at org.apache.hadoop.ozone.om.KeyManagerImpl.getFileStatus(KeyManagerImpl.java:1210) ~[ozone-manager-1.3.0-SNAPSHOT.jar:?]
	at org.apache.hadoop.ozone.om.OzoneManager.getFileStatus(OzoneManager.java:3067) ~[ozone-manager-1.3.0-SNAPSHOT.jar:?]
	at org.apache.hadoop.ozone.protocolPB.OzoneManagerRequestHandler.getOzoneFileStatus(OzoneManagerRequestHandler.java:670) ~[ozone-manager-1.3.0-SNAPSHOT.jar:?]
	at org.apache.hadoop.ozone.protocolPB.OzoneManagerRequestHandler.handleReadRequest(OzoneManagerRequestHandler.java:201) ~[ozone-manager-1.3.0-SNAPSHOT.jar:?]
	at org.apache.hadoop.ozone.protocolPB.OzoneManagerProtocolServerSideTranslatorPB.submitReadRequestToOM(OzoneManagerProtocolServerSideTranslatorPB.java:213) ~[ozone-manager-1.3.0-SNAPSHOT.jar:?]
	at org.apache.hadoop.ozone.protocolPB.OzoneManagerProtocolServerSideTranslatorPB.processRequest(OzoneManagerProtocolServerSideTranslatorPB.java:174) ~[ozone-manager-1.3.0-SNAPSHOT.jar:?]
	at org.apache.hadoop.hdds.server.OzoneProtocolMessageDispatcher.processRequest(OzoneProtocolMessageDispatcher.java:87) [hdds-server-framework-1.3.0-SNAPSHOT.jar:?]
	at org.apache.hadoop.ozone.protocolPB.OzoneManagerProtocolServerSideTranslatorPB.submitRequest(OzoneManagerProtocolServerSideTranslatorPB.java:146) [ozone-manager-1.3.0-SNAPSHOT.jar:?]
	at org.apache.hadoop.ozone.protocol.proto.OzoneManagerProtocolProtos$OzoneManagerService$2.callBlockingMethod(OzoneManagerProtocolProtos.java) [ozone-interface-client-1.3.0-SNAPSHOT.jar:?]
	at org.apache.hadoop.ipc.ProtobufRpcEngine$Server.processCall(ProtobufRpcEngine.java:466) [hadoop-common-3.3.1.jar:?]
	at org.apache.hadoop.ipc.ProtobufRpcEngine2$Server$ProtoBufRpcInvoker.call(ProtobufRpcEngine2.java:574) [hadoop-common-3.3.1.jar:?]
	at org.apache.hadoop.ipc.ProtobufRpcEngine2$Server$ProtoBufRpcInvoker.call(ProtobufRpcEngine2.java:552) [hadoop-common-3.3.1.jar:?]
	at org.apache.hadoop.ipc.RPC$Server.call(RPC.java:1093) [hadoop-common-3.3.1.jar:?]
	at org.apache.hadoop.ipc.Server$RpcCall.run(Server.java:1035) [hadoop-common-3.3.1.jar:?]
	at org.apache.hadoop.ipc.Server$RpcCall.run(Server.java:963) [hadoop-common-3.3.1.jar:?]
	at java.security.AccessController.doPrivileged(Native Method) ~[?:1.8.0_322]
	at javax.security.auth.Subject.doAs(Subject.java:422) [?:1.8.0_322]
	at org.apache.hadoop.security.UserGroupInformation.doAs(UserGroupInformation.java:1878) [hadoop-common-3.3.1.jar:?]
	at org.apache.hadoop.ipc.Server$Handler.run(Server.java:2966) [hadoop-common-3.3.1.jar:?]
2022-05-04 03:13:54,095 [Time-limited test] WARN  ozone.BasicRootedOzoneFileSystem (BasicRootedOzoneFileSystem.java:delete(572)) - delete: Path does not exist: /volume17610/bucket01739/root_dir/dir1/dir2
]]></system-out>
  </testcase>
  <testcase name="testRenameToParentDir" classname="TestRootedOzoneFileSystem" time="0.161">
    <system-out><![CDATA[2022-05-04 03:15:08,973 [Time-limited test] INFO  rpc.RpcClient (RpcClient.java:createVolume(448)) - Creating Volume: volume37809, with user94640 as owner and space quota set to -1 bytes, counts quota set to -1
2022-05-04 03:15:08,974 [IPC Server handler 17 on default port 33297] INFO  volume.OMVolumeCreateRequest (OMVolumeCreateRequest.java:validateAndUpdateCache(195)) - created volume:volume37809 for user:user94640
2022-05-04 03:15:08,977 [Time-limited test] INFO  rpc.RpcClient (RpcClient.java:createBucket(637)) - Creating Bucket: volume37809/bucket03338, with runner as owner and Versioning false and Storage Type set to DISK and Encryption set to false 
2022-05-04 03:15:08,979 [IPC Server handler 7 on default port 33297] INFO  bucket.OMBucketCreateRequest (OMBucketCreateRequest.java:validateAndUpdateCache(258)) - created bucket: bucket03338 of layout LEGACY in volume: volume37809
03:15:08.993 [IPC Server handler 18 on default port 33297] ERROR OMAudit - user=runner | ip=127.0.0.1 | op=LIST_STATUS {volume=volume37809, bucket=bucket03338, key=root_dir/dir2, dataSize=0, replicationConfig=null} | ret=FAILURE
org.apache.hadoop.ozone.om.exceptions.OMException: Unable to get file status: volume: volume37809 bucket: bucket03338 key: root_dir/dir2
	at org.apache.hadoop.ozone.om.KeyManagerImpl.getOzoneFileStatus(KeyManagerImpl.java:1280) ~[ozone-manager-1.3.0-SNAPSHOT.jar:?]
	at org.apache.hadoop.ozone.om.KeyManagerImpl.getFileStatus(KeyManagerImpl.java:1210) ~[ozone-manager-1.3.0-SNAPSHOT.jar:?]
	at org.apache.hadoop.ozone.om.KeyManagerImpl.listStatus(KeyManagerImpl.java:1513) ~[ozone-manager-1.3.0-SNAPSHOT.jar:?]
	at org.apache.hadoop.ozone.om.OzoneManager.listStatus(OzoneManager.java:3138) ~[ozone-manager-1.3.0-SNAPSHOT.jar:?]
	at org.apache.hadoop.ozone.protocolPB.OzoneManagerRequestHandler.listStatus(OzoneManagerRequestHandler.java:760) ~[ozone-manager-1.3.0-SNAPSHOT.jar:?]
	at org.apache.hadoop.ozone.protocolPB.OzoneManagerRequestHandler.handleReadRequest(OzoneManagerRequestHandler.java:212) ~[ozone-manager-1.3.0-SNAPSHOT.jar:?]
	at org.apache.hadoop.ozone.protocolPB.OzoneManagerProtocolServerSideTranslatorPB.submitRequestDirectlyToOM(OzoneManagerProtocolServerSideTranslatorPB.java:271) ~[ozone-manager-1.3.0-SNAPSHOT.jar:?]
	at org.apache.hadoop.ozone.protocolPB.OzoneManagerProtocolServerSideTranslatorPB.processRequest(OzoneManagerProtocolServerSideTranslatorPB.java:195) ~[ozone-manager-1.3.0-SNAPSHOT.jar:?]
	at org.apache.hadoop.hdds.server.OzoneProtocolMessageDispatcher.processRequest(OzoneProtocolMessageDispatcher.java:87) [hdds-server-framework-1.3.0-SNAPSHOT.jar:?]
	at org.apache.hadoop.ozone.protocolPB.OzoneManagerProtocolServerSideTranslatorPB.submitRequest(OzoneManagerProtocolServerSideTranslatorPB.java:146) [ozone-manager-1.3.0-SNAPSHOT.jar:?]
	at org.apache.hadoop.ozone.protocol.proto.OzoneManagerProtocolProtos$OzoneManagerService$2.callBlockingMethod(OzoneManagerProtocolProtos.java) [ozone-interface-client-1.3.0-SNAPSHOT.jar:?]
	at org.apache.hadoop.ipc.ProtobufRpcEngine$Server.processCall(ProtobufRpcEngine.java:466) [hadoop-common-3.3.1.jar:?]
	at org.apache.hadoop.ipc.ProtobufRpcEngine2$Server$ProtoBufRpcInvoker.call(ProtobufRpcEngine2.java:574) [hadoop-common-3.3.1.jar:?]
	at org.apache.hadoop.ipc.ProtobufRpcEngine2$Server$ProtoBufRpcInvoker.call(ProtobufRpcEngine2.java:552) [hadoop-common-3.3.1.jar:?]
	at org.apache.hadoop.ipc.RPC$Server.call(RPC.java:1093) [hadoop-common-3.3.1.jar:?]
	at org.apache.hadoop.ipc.Server$RpcCall.run(Server.java:1035) [hadoop-common-3.3.1.jar:?]
	at org.apache.hadoop.ipc.Server$RpcCall.run(Server.java:963) [hadoop-common-3.3.1.jar:?]
	at java.security.AccessController.doPrivileged(Native Method) ~[?:1.8.0_322]
	at javax.security.auth.Subject.doAs(Subject.java:422) [?:1.8.0_322]
	at org.apache.hadoop.security.UserGroupInformation.doAs(UserGroupInformation.java:1878) [hadoop-common-3.3.1.jar:?]
	at org.apache.hadoop.ipc.Server$Handler.run(Server.java:2966) [hadoop-common-3.3.1.jar:?]
03:15:09.002 [IPC Server handler 11 on default port 33297] ERROR OMAudit - user=runner | ip=127.0.0.1 | op=LIST_STATUS {volume=volume37809, bucket=bucket03338, key=root_dir/file2, dataSize=0, replicationConfig=null} | ret=FAILURE
org.apache.hadoop.ozone.om.exceptions.OMException: Unable to get file status: volume: volume37809 bucket: bucket03338 key: root_dir/file2
	at org.apache.hadoop.ozone.om.KeyManagerImpl.getOzoneFileStatus(KeyManagerImpl.java:1280) ~[ozone-manager-1.3.0-SNAPSHOT.jar:?]
	at org.apache.hadoop.ozone.om.KeyManagerImpl.getFileStatus(KeyManagerImpl.java:1210) ~[ozone-manager-1.3.0-SNAPSHOT.jar:?]
	at org.apache.hadoop.ozone.om.KeyManagerImpl.listStatus(KeyManagerImpl.java:1513) ~[ozone-manager-1.3.0-SNAPSHOT.jar:?]
	at org.apache.hadoop.ozone.om.OzoneManager.listStatus(OzoneManager.java:3138) ~[ozone-manager-1.3.0-SNAPSHOT.jar:?]
	at org.apache.hadoop.ozone.protocolPB.OzoneManagerRequestHandler.listStatus(OzoneManagerRequestHandler.java:760) ~[ozone-manager-1.3.0-SNAPSHOT.jar:?]
	at org.apache.hadoop.ozone.protocolPB.OzoneManagerRequestHandler.handleReadRequest(OzoneManagerRequestHandler.java:212) ~[ozone-manager-1.3.0-SNAPSHOT.jar:?]
	at org.apache.hadoop.ozone.protocolPB.OzoneManagerProtocolServerSideTranslatorPB.submitRequestDirectlyToOM(OzoneManagerProtocolServerSideTranslatorPB.java:271) ~[ozone-manager-1.3.0-SNAPSHOT.jar:?]
	at org.apache.hadoop.ozone.protocolPB.OzoneManagerProtocolServerSideTranslatorPB.processRequest(OzoneManagerProtocolServerSideTranslatorPB.java:195) ~[ozone-manager-1.3.0-SNAPSHOT.jar:?]
	at org.apache.hadoop.hdds.server.OzoneProtocolMessageDispatcher.processRequest(OzoneProtocolMessageDispatcher.java:87) [hdds-server-framework-1.3.0-SNAPSHOT.jar:?]
	at org.apache.hadoop.ozone.protocolPB.OzoneManagerProtocolServerSideTranslatorPB.submitRequest(OzoneManagerProtocolServerSideTranslatorPB.java:146) [ozone-manager-1.3.0-SNAPSHOT.jar:?]
	at org.apache.hadoop.ozone.protocol.proto.OzoneManagerProtocolProtos$OzoneManagerService$2.callBlockingMethod(OzoneManagerProtocolProtos.java) [ozone-interface-client-1.3.0-SNAPSHOT.jar:?]
	at org.apache.hadoop.ipc.ProtobufRpcEngine$Server.processCall(ProtobufRpcEngine.java:466) [hadoop-common-3.3.1.jar:?]
	at org.apache.hadoop.ipc.ProtobufRpcEngine2$Server$ProtoBufRpcInvoker.call(ProtobufRpcEngine2.java:574) [hadoop-common-3.3.1.jar:?]
	at org.apache.hadoop.ipc.ProtobufRpcEngine2$Server$ProtoBufRpcInvoker.call(ProtobufRpcEngine2.java:552) [hadoop-common-3.3.1.jar:?]
	at org.apache.hadoop.ipc.RPC$Server.call(RPC.java:1093) [hadoop-common-3.3.1.jar:?]
	at org.apache.hadoop.ipc.Server$RpcCall.run(Server.java:1035) [hadoop-common-3.3.1.jar:?]
	at org.apache.hadoop.ipc.Server$RpcCall.run(Server.java:963) [hadoop-common-3.3.1.jar:?]
	at java.security.AccessController.doPrivileged(Native Method) ~[?:1.8.0_322]
	at javax.security.auth.Subject.doAs(Subject.java:422) [?:1.8.0_322]
	at org.apache.hadoop.security.UserGroupInformation.doAs(UserGroupInformation.java:1878) [hadoop-common-3.3.1.jar:?]
	at org.apache.hadoop.ipc.Server$Handler.run(Server.java:2966) [hadoop-common-3.3.1.jar:?]
03:15:09.007 [IPC Server handler 13 on default port 33297] ERROR OMAudit - user=runner | ip=127.0.0.1 | op=GET_FILE_STATUS {volume=volume37809, bucket=bucket03338, key=root_dir/dir1/file2, dataSize=0, replicationConfig=null} | ret=FAILURE
org.apache.hadoop.ozone.om.exceptions.OMException: Unable to get file status: volume: volume37809 bucket: bucket03338 key: root_dir/dir1/file2
	at org.apache.hadoop.ozone.om.KeyManagerImpl.getOzoneFileStatus(KeyManagerImpl.java:1280) ~[ozone-manager-1.3.0-SNAPSHOT.jar:?]
	at org.apache.hadoop.ozone.om.KeyManagerImpl.getFileStatus(KeyManagerImpl.java:1210) ~[ozone-manager-1.3.0-SNAPSHOT.jar:?]
	at org.apache.hadoop.ozone.om.OzoneManager.getFileStatus(OzoneManager.java:3067) ~[ozone-manager-1.3.0-SNAPSHOT.jar:?]
	at org.apache.hadoop.ozone.protocolPB.OzoneManagerRequestHandler.getOzoneFileStatus(OzoneManagerRequestHandler.java:670) ~[ozone-manager-1.3.0-SNAPSHOT.jar:?]
	at org.apache.hadoop.ozone.protocolPB.OzoneManagerRequestHandler.handleReadRequest(OzoneManagerRequestHandler.java:201) ~[ozone-manager-1.3.0-SNAPSHOT.jar:?]
	at org.apache.hadoop.ozone.protocolPB.OzoneManagerProtocolServerSideTranslatorPB.submitRequestDirectlyToOM(OzoneManagerProtocolServerSideTranslatorPB.java:271) ~[ozone-manager-1.3.0-SNAPSHOT.jar:?]
	at org.apache.hadoop.ozone.protocolPB.OzoneManagerProtocolServerSideTranslatorPB.processRequest(OzoneManagerProtocolServerSideTranslatorPB.java:195) ~[ozone-manager-1.3.0-SNAPSHOT.jar:?]
	at org.apache.hadoop.hdds.server.OzoneProtocolMessageDispatcher.processRequest(OzoneProtocolMessageDispatcher.java:87) [hdds-server-framework-1.3.0-SNAPSHOT.jar:?]
	at org.apache.hadoop.ozone.protocolPB.OzoneManagerProtocolServerSideTranslatorPB.submitRequest(OzoneManagerProtocolServerSideTranslatorPB.java:146) [ozone-manager-1.3.0-SNAPSHOT.jar:?]
	at org.apache.hadoop.ozone.protocol.proto.OzoneManagerProtocolProtos$OzoneManagerService$2.callBlockingMethod(OzoneManagerProtocolProtos.java) [ozone-interface-client-1.3.0-SNAPSHOT.jar:?]
	at org.apache.hadoop.ipc.ProtobufRpcEngine$Server.processCall(ProtobufRpcEngine.java:466) [hadoop-common-3.3.1.jar:?]
	at org.apache.hadoop.ipc.ProtobufRpcEngine2$Server$ProtoBufRpcInvoker.call(ProtobufRpcEngine2.java:574) [hadoop-common-3.3.1.jar:?]
	at org.apache.hadoop.ipc.ProtobufRpcEngine2$Server$ProtoBufRpcInvoker.call(ProtobufRpcEngine2.java:552) [hadoop-common-3.3.1.jar:?]
	at org.apache.hadoop.ipc.RPC$Server.call(RPC.java:1093) [hadoop-common-3.3.1.jar:?]
	at org.apache.hadoop.ipc.Server$RpcCall.run(Server.java:1035) [hadoop-common-3.3.1.jar:?]
	at org.apache.hadoop.ipc.Server$RpcCall.run(Server.java:963) [hadoop-common-3.3.1.jar:?]
	at java.security.AccessController.doPrivileged(Native Method) ~[?:1.8.0_322]
	at javax.security.auth.Subject.doAs(Subject.java:422) [?:1.8.0_322]
	at org.apache.hadoop.security.UserGroupInformation.doAs(UserGroupInformation.java:1878) [hadoop-common-3.3.1.jar:?]
	at org.apache.hadoop.ipc.Server$Handler.run(Server.java:2966) [hadoop-common-3.3.1.jar:?]
2022-05-04 03:15:09,007 [Time-limited test] WARN  ozone.BasicRootedOzoneFileSystem (BasicRootedOzoneFileSystem.java:delete(572)) - delete: Path does not exist: /volume37809/bucket03338/root_dir/dir1/file2
03:15:09.008 [IPC Server handler 1 on default port 33297] ERROR OMAudit - user=runner | ip=127.0.0.1 | op=GET_FILE_STATUS {volume=volume37809, bucket=bucket03338, key=root_dir/dir1/dir2, dataSize=0, replicationConfig=null} | ret=FAILURE
org.apache.hadoop.ozone.om.exceptions.OMException: Unable to get file status: volume: volume37809 bucket: bucket03338 key: root_dir/dir1/dir2
	at org.apache.hadoop.ozone.om.KeyManagerImpl.getOzoneFileStatus(KeyManagerImpl.java:1280) ~[ozone-manager-1.3.0-SNAPSHOT.jar:?]
	at org.apache.hadoop.ozone.om.KeyManagerImpl.getFileStatus(KeyManagerImpl.java:1210) ~[ozone-manager-1.3.0-SNAPSHOT.jar:?]
	at org.apache.hadoop.ozone.om.OzoneManager.getFileStatus(OzoneManager.java:3067) ~[ozone-manager-1.3.0-SNAPSHOT.jar:?]
	at org.apache.hadoop.ozone.protocolPB.OzoneManagerRequestHandler.getOzoneFileStatus(OzoneManagerRequestHandler.java:670) ~[ozone-manager-1.3.0-SNAPSHOT.jar:?]
	at org.apache.hadoop.ozone.protocolPB.OzoneManagerRequestHandler.handleReadRequest(OzoneManagerRequestHandler.java:201) ~[ozone-manager-1.3.0-SNAPSHOT.jar:?]
	at org.apache.hadoop.ozone.protocolPB.OzoneManagerProtocolServerSideTranslatorPB.submitRequestDirectlyToOM(OzoneManagerProtocolServerSideTranslatorPB.java:271) ~[ozone-manager-1.3.0-SNAPSHOT.jar:?]
	at org.apache.hadoop.ozone.protocolPB.OzoneManagerProtocolServerSideTranslatorPB.processRequest(OzoneManagerProtocolServerSideTranslatorPB.java:195) ~[ozone-manager-1.3.0-SNAPSHOT.jar:?]
	at org.apache.hadoop.hdds.server.OzoneProtocolMessageDispatcher.processRequest(OzoneProtocolMessageDispatcher.java:87) [hdds-server-framework-1.3.0-SNAPSHOT.jar:?]
	at org.apache.hadoop.ozone.protocolPB.OzoneManagerProtocolServerSideTranslatorPB.submitRequest(OzoneManagerProtocolServerSideTranslatorPB.java:146) [ozone-manager-1.3.0-SNAPSHOT.jar:?]
	at org.apache.hadoop.ozone.protocol.proto.OzoneManagerProtocolProtos$OzoneManagerService$2.callBlockingMethod(OzoneManagerProtocolProtos.java) [ozone-interface-client-1.3.0-SNAPSHOT.jar:?]
	at org.apache.hadoop.ipc.ProtobufRpcEngine$Server.processCall(ProtobufRpcEngine.java:466) [hadoop-common-3.3.1.jar:?]
	at org.apache.hadoop.ipc.ProtobufRpcEngine2$Server$ProtoBufRpcInvoker.call(ProtobufRpcEngine2.java:574) [hadoop-common-3.3.1.jar:?]
	at org.apache.hadoop.ipc.ProtobufRpcEngine2$Server$ProtoBufRpcInvoker.call(ProtobufRpcEngine2.java:552) [hadoop-common-3.3.1.jar:?]
	at org.apache.hadoop.ipc.RPC$Server.call(RPC.java:1093) [hadoop-common-3.3.1.jar:?]
	at org.apache.hadoop.ipc.Server$RpcCall.run(Server.java:1035) [hadoop-common-3.3.1.jar:?]
	at org.apache.hadoop.ipc.Server$RpcCall.run(Server.java:963) [hadoop-common-3.3.1.jar:?]
	at java.security.AccessController.doPrivileged(Native Method) ~[?:1.8.0_322]
	at javax.security.auth.Subject.doAs(Subject.java:422) [?:1.8.0_322]
	at org.apache.hadoop.security.UserGroupInformation.doAs(UserGroupInformation.java:1878) [hadoop-common-3.3.1.jar:?]
	at org.apache.hadoop.ipc.Server$Handler.run(Server.java:2966) [hadoop-common-3.3.1.jar:?]
2022-05-04 03:15:09,009 [Time-limited test] WARN  ozone.BasicRootedOzoneFileSystem (BasicRootedOzoneFileSystem.java:delete(572)) - delete: Path does not exist: /volume37809/bucket03338/root_dir/dir1/dir2
]]></system-out>
  </testcase>
  <testcase name="testRenameToParentDir" classname="TestRootedOzoneFileSystem" time="0.188">
    <system-out><![CDATA[2022-05-04 03:16:32,072 [Time-limited test] INFO  rpc.RpcClient (RpcClient.java:createVolume(448)) - Creating Volume: volume06995, with user45115 as owner and space quota set to -1 bytes, counts quota set to -1
2022-05-04 03:16:32,075 [OM StateMachine ApplyTransaction Thread - 0] INFO  volume.OMVolumeCreateRequest (OMVolumeCreateRequest.java:validateAndUpdateCache(195)) - created volume:volume06995 for user:user45115
2022-05-04 03:16:32,076 [Time-limited test] INFO  rpc.RpcClient (RpcClient.java:createBucket(637)) - Creating Bucket: volume06995/bucket67445, with runner as owner and Versioning false and Storage Type set to DISK and Encryption set to false 
2022-05-04 03:16:32,077 [OM StateMachine ApplyTransaction Thread - 0] INFO  bucket.OMBucketCreateRequest (OMBucketCreateRequest.java:validateAndUpdateCache(258)) - created bucket: bucket67445 of layout LEGACY in volume: volume06995
03:16:32.097 [IPC Server handler 8 on default port 37999] ERROR OMAudit - user=runner | ip=127.0.0.1 | op=LIST_STATUS {volume=volume06995, bucket=bucket67445, key=root_dir/dir2, dataSize=0, replicationConfig=null} | ret=FAILURE
org.apache.hadoop.ozone.om.exceptions.OMException: Unable to get file status: volume: volume06995 bucket: bucket67445 key: root_dir/dir2
	at org.apache.hadoop.ozone.om.KeyManagerImpl.getOzoneFileStatus(KeyManagerImpl.java:1280) ~[ozone-manager-1.3.0-SNAPSHOT.jar:?]
	at org.apache.hadoop.ozone.om.KeyManagerImpl.getFileStatus(KeyManagerImpl.java:1210) ~[ozone-manager-1.3.0-SNAPSHOT.jar:?]
	at org.apache.hadoop.ozone.om.KeyManagerImpl.listStatus(KeyManagerImpl.java:1513) ~[ozone-manager-1.3.0-SNAPSHOT.jar:?]
	at org.apache.hadoop.ozone.om.OzoneManager.listStatus(OzoneManager.java:3138) ~[ozone-manager-1.3.0-SNAPSHOT.jar:?]
	at org.apache.hadoop.ozone.protocolPB.OzoneManagerRequestHandler.listStatus(OzoneManagerRequestHandler.java:760) ~[ozone-manager-1.3.0-SNAPSHOT.jar:?]
	at org.apache.hadoop.ozone.protocolPB.OzoneManagerRequestHandler.handleReadRequest(OzoneManagerRequestHandler.java:212) ~[ozone-manager-1.3.0-SNAPSHOT.jar:?]
	at org.apache.hadoop.ozone.protocolPB.OzoneManagerProtocolServerSideTranslatorPB.submitReadRequestToOM(OzoneManagerProtocolServerSideTranslatorPB.java:213) ~[ozone-manager-1.3.0-SNAPSHOT.jar:?]
	at org.apache.hadoop.ozone.protocolPB.OzoneManagerProtocolServerSideTranslatorPB.processRequest(OzoneManagerProtocolServerSideTranslatorPB.java:174) ~[ozone-manager-1.3.0-SNAPSHOT.jar:?]
	at org.apache.hadoop.hdds.server.OzoneProtocolMessageDispatcher.processRequest(OzoneProtocolMessageDispatcher.java:87) [hdds-server-framework-1.3.0-SNAPSHOT.jar:?]
	at org.apache.hadoop.ozone.protocolPB.OzoneManagerProtocolServerSideTranslatorPB.submitRequest(OzoneManagerProtocolServerSideTranslatorPB.java:146) [ozone-manager-1.3.0-SNAPSHOT.jar:?]
	at org.apache.hadoop.ozone.protocol.proto.OzoneManagerProtocolProtos$OzoneManagerService$2.callBlockingMethod(OzoneManagerProtocolProtos.java) [ozone-interface-client-1.3.0-SNAPSHOT.jar:?]
	at org.apache.hadoop.ipc.ProtobufRpcEngine$Server.processCall(ProtobufRpcEngine.java:466) [hadoop-common-3.3.1.jar:?]
	at org.apache.hadoop.ipc.ProtobufRpcEngine2$Server$ProtoBufRpcInvoker.call(ProtobufRpcEngine2.java:574) [hadoop-common-3.3.1.jar:?]
	at org.apache.hadoop.ipc.ProtobufRpcEngine2$Server$ProtoBufRpcInvoker.call(ProtobufRpcEngine2.java:552) [hadoop-common-3.3.1.jar:?]
	at org.apache.hadoop.ipc.RPC$Server.call(RPC.java:1093) [hadoop-common-3.3.1.jar:?]
	at org.apache.hadoop.ipc.Server$RpcCall.run(Server.java:1035) [hadoop-common-3.3.1.jar:?]
	at org.apache.hadoop.ipc.Server$RpcCall.run(Server.java:963) [hadoop-common-3.3.1.jar:?]
	at java.security.AccessController.doPrivileged(Native Method) ~[?:1.8.0_322]
	at javax.security.auth.Subject.doAs(Subject.java:422) [?:1.8.0_322]
	at org.apache.hadoop.security.UserGroupInformation.doAs(UserGroupInformation.java:1878) [hadoop-common-3.3.1.jar:?]
	at org.apache.hadoop.ipc.Server$Handler.run(Server.java:2966) [hadoop-common-3.3.1.jar:?]
03:16:32.111 [IPC Server handler 3 on default port 37999] ERROR OMAudit - user=runner | ip=127.0.0.1 | op=LIST_STATUS {volume=volume06995, bucket=bucket67445, key=root_dir/file2, dataSize=0, replicationConfig=null} | ret=FAILURE
org.apache.hadoop.ozone.om.exceptions.OMException: Unable to get file status: volume: volume06995 bucket: bucket67445 key: root_dir/file2
	at org.apache.hadoop.ozone.om.KeyManagerImpl.getOzoneFileStatus(KeyManagerImpl.java:1280) ~[ozone-manager-1.3.0-SNAPSHOT.jar:?]
	at org.apache.hadoop.ozone.om.KeyManagerImpl.getFileStatus(KeyManagerImpl.java:1210) ~[ozone-manager-1.3.0-SNAPSHOT.jar:?]
	at org.apache.hadoop.ozone.om.KeyManagerImpl.listStatus(KeyManagerImpl.java:1513) ~[ozone-manager-1.3.0-SNAPSHOT.jar:?]
	at org.apache.hadoop.ozone.om.OzoneManager.listStatus(OzoneManager.java:3138) ~[ozone-manager-1.3.0-SNAPSHOT.jar:?]
	at org.apache.hadoop.ozone.protocolPB.OzoneManagerRequestHandler.listStatus(OzoneManagerRequestHandler.java:760) ~[ozone-manager-1.3.0-SNAPSHOT.jar:?]
	at org.apache.hadoop.ozone.protocolPB.OzoneManagerRequestHandler.handleReadRequest(OzoneManagerRequestHandler.java:212) ~[ozone-manager-1.3.0-SNAPSHOT.jar:?]
	at org.apache.hadoop.ozone.protocolPB.OzoneManagerProtocolServerSideTranslatorPB.submitReadRequestToOM(OzoneManagerProtocolServerSideTranslatorPB.java:213) ~[ozone-manager-1.3.0-SNAPSHOT.jar:?]
	at org.apache.hadoop.ozone.protocolPB.OzoneManagerProtocolServerSideTranslatorPB.processRequest(OzoneManagerProtocolServerSideTranslatorPB.java:174) ~[ozone-manager-1.3.0-SNAPSHOT.jar:?]
	at org.apache.hadoop.hdds.server.OzoneProtocolMessageDispatcher.processRequest(OzoneProtocolMessageDispatcher.java:87) [hdds-server-framework-1.3.0-SNAPSHOT.jar:?]
	at org.apache.hadoop.ozone.protocolPB.OzoneManagerProtocolServerSideTranslatorPB.submitRequest(OzoneManagerProtocolServerSideTranslatorPB.java:146) [ozone-manager-1.3.0-SNAPSHOT.jar:?]
	at org.apache.hadoop.ozone.protocol.proto.OzoneManagerProtocolProtos$OzoneManagerService$2.callBlockingMethod(OzoneManagerProtocolProtos.java) [ozone-interface-client-1.3.0-SNAPSHOT.jar:?]
	at org.apache.hadoop.ipc.ProtobufRpcEngine$Server.processCall(ProtobufRpcEngine.java:466) [hadoop-common-3.3.1.jar:?]
	at org.apache.hadoop.ipc.ProtobufRpcEngine2$Server$ProtoBufRpcInvoker.call(ProtobufRpcEngine2.java:574) [hadoop-common-3.3.1.jar:?]
	at org.apache.hadoop.ipc.ProtobufRpcEngine2$Server$ProtoBufRpcInvoker.call(ProtobufRpcEngine2.java:552) [hadoop-common-3.3.1.jar:?]
	at org.apache.hadoop.ipc.RPC$Server.call(RPC.java:1093) [hadoop-common-3.3.1.jar:?]
	at org.apache.hadoop.ipc.Server$RpcCall.run(Server.java:1035) [hadoop-common-3.3.1.jar:?]
	at org.apache.hadoop.ipc.Server$RpcCall.run(Server.java:963) [hadoop-common-3.3.1.jar:?]
	at java.security.AccessController.doPrivileged(Native Method) ~[?:1.8.0_322]
	at javax.security.auth.Subject.doAs(Subject.java:422) [?:1.8.0_322]
	at org.apache.hadoop.security.UserGroupInformation.doAs(UserGroupInformation.java:1878) [hadoop-common-3.3.1.jar:?]
	at org.apache.hadoop.ipc.Server$Handler.run(Server.java:2966) [hadoop-common-3.3.1.jar:?]
03:16:32.139 [IPC Server handler 18 on default port 37999] ERROR OMAudit - user=runner | ip=127.0.0.1 | op=GET_FILE_STATUS {volume=volume06995, bucket=bucket67445, key=root_dir/dir1/file2, dataSize=0, replicationConfig=null} | ret=FAILURE
org.apache.hadoop.ozone.om.exceptions.OMException: Unable to get file status: volume: volume06995 bucket: bucket67445 key: root_dir/dir1/file2
	at org.apache.hadoop.ozone.om.KeyManagerImpl.getOzoneFileStatus(KeyManagerImpl.java:1280) ~[ozone-manager-1.3.0-SNAPSHOT.jar:?]
	at org.apache.hadoop.ozone.om.KeyManagerImpl.getFileStatus(KeyManagerImpl.java:1210) ~[ozone-manager-1.3.0-SNAPSHOT.jar:?]
	at org.apache.hadoop.ozone.om.OzoneManager.getFileStatus(OzoneManager.java:3067) ~[ozone-manager-1.3.0-SNAPSHOT.jar:?]
	at org.apache.hadoop.ozone.protocolPB.OzoneManagerRequestHandler.getOzoneFileStatus(OzoneManagerRequestHandler.java:670) ~[ozone-manager-1.3.0-SNAPSHOT.jar:?]
	at org.apache.hadoop.ozone.protocolPB.OzoneManagerRequestHandler.handleReadRequest(OzoneManagerRequestHandler.java:201) ~[ozone-manager-1.3.0-SNAPSHOT.jar:?]
	at org.apache.hadoop.ozone.protocolPB.OzoneManagerProtocolServerSideTranslatorPB.submitReadRequestToOM(OzoneManagerProtocolServerSideTranslatorPB.java:213) ~[ozone-manager-1.3.0-SNAPSHOT.jar:?]
	at org.apache.hadoop.ozone.protocolPB.OzoneManagerProtocolServerSideTranslatorPB.processRequest(OzoneManagerProtocolServerSideTranslatorPB.java:174) ~[ozone-manager-1.3.0-SNAPSHOT.jar:?]
	at org.apache.hadoop.hdds.server.OzoneProtocolMessageDispatcher.processRequest(OzoneProtocolMessageDispatcher.java:87) [hdds-server-framework-1.3.0-SNAPSHOT.jar:?]
	at org.apache.hadoop.ozone.protocolPB.OzoneManagerProtocolServerSideTranslatorPB.submitRequest(OzoneManagerProtocolServerSideTranslatorPB.java:146) [ozone-manager-1.3.0-SNAPSHOT.jar:?]
	at org.apache.hadoop.ozone.protocol.proto.OzoneManagerProtocolProtos$OzoneManagerService$2.callBlockingMethod(OzoneManagerProtocolProtos.java) [ozone-interface-client-1.3.0-SNAPSHOT.jar:?]
	at org.apache.hadoop.ipc.ProtobufRpcEngine$Server.processCall(ProtobufRpcEngine.java:466) [hadoop-common-3.3.1.jar:?]
	at org.apache.hadoop.ipc.ProtobufRpcEngine2$Server$ProtoBufRpcInvoker.call(ProtobufRpcEngine2.java:574) [hadoop-common-3.3.1.jar:?]
	at org.apache.hadoop.ipc.ProtobufRpcEngine2$Server$ProtoBufRpcInvoker.call(ProtobufRpcEngine2.java:552) [hadoop-common-3.3.1.jar:?]
	at org.apache.hadoop.ipc.RPC$Server.call(RPC.java:1093) [hadoop-common-3.3.1.jar:?]
	at org.apache.hadoop.ipc.Server$RpcCall.run(Server.java:1035) [hadoop-common-3.3.1.jar:?]
	at org.apache.hadoop.ipc.Server$RpcCall.run(Server.java:963) [hadoop-common-3.3.1.jar:?]
	at java.security.AccessController.doPrivileged(Native Method) ~[?:1.8.0_322]
	at javax.security.auth.Subject.doAs(Subject.java:422) [?:1.8.0_322]
	at org.apache.hadoop.security.UserGroupInformation.doAs(UserGroupInformation.java:1878) [hadoop-common-3.3.1.jar:?]
	at org.apache.hadoop.ipc.Server$Handler.run(Server.java:2966) [hadoop-common-3.3.1.jar:?]
2022-05-04 03:16:32,140 [Time-limited test] WARN  ozone.BasicRootedOzoneFileSystem (BasicRootedOzoneFileSystem.java:delete(572)) - delete: Path does not exist: /volume06995/bucket67445/root_dir/dir1/file2
03:16:32.141 [IPC Server handler 4 on default port 37999] ERROR OMAudit - user=runner | ip=127.0.0.1 | op=GET_FILE_STATUS {volume=volume06995, bucket=bucket67445, key=root_dir/dir1/dir2, dataSize=0, replicationConfig=null} | ret=FAILURE
org.apache.hadoop.ozone.om.exceptions.OMException: Unable to get file status: volume: volume06995 bucket: bucket67445 key: root_dir/dir1/dir2
	at org.apache.hadoop.ozone.om.KeyManagerImpl.getOzoneFileStatus(KeyManagerImpl.java:1280) ~[ozone-manager-1.3.0-SNAPSHOT.jar:?]
	at org.apache.hadoop.ozone.om.KeyManagerImpl.getFileStatus(KeyManagerImpl.java:1210) ~[ozone-manager-1.3.0-SNAPSHOT.jar:?]
	at org.apache.hadoop.ozone.om.OzoneManager.getFileStatus(OzoneManager.java:3067) ~[ozone-manager-1.3.0-SNAPSHOT.jar:?]
	at org.apache.hadoop.ozone.protocolPB.OzoneManagerRequestHandler.getOzoneFileStatus(OzoneManagerRequestHandler.java:670) ~[ozone-manager-1.3.0-SNAPSHOT.jar:?]
	at org.apache.hadoop.ozone.protocolPB.OzoneManagerRequestHandler.handleReadRequest(OzoneManagerRequestHandler.java:201) ~[ozone-manager-1.3.0-SNAPSHOT.jar:?]
	at org.apache.hadoop.ozone.protocolPB.OzoneManagerProtocolServerSideTranslatorPB.submitReadRequestToOM(OzoneManagerProtocolServerSideTranslatorPB.java:213) ~[ozone-manager-1.3.0-SNAPSHOT.jar:?]
	at org.apache.hadoop.ozone.protocolPB.OzoneManagerProtocolServerSideTranslatorPB.processRequest(OzoneManagerProtocolServerSideTranslatorPB.java:174) ~[ozone-manager-1.3.0-SNAPSHOT.jar:?]
	at org.apache.hadoop.hdds.server.OzoneProtocolMessageDispatcher.processRequest(OzoneProtocolMessageDispatcher.java:87) [hdds-server-framework-1.3.0-SNAPSHOT.jar:?]
	at org.apache.hadoop.ozone.protocolPB.OzoneManagerProtocolServerSideTranslatorPB.submitRequest(OzoneManagerProtocolServerSideTranslatorPB.java:146) [ozone-manager-1.3.0-SNAPSHOT.jar:?]
	at org.apache.hadoop.ozone.protocol.proto.OzoneManagerProtocolProtos$OzoneManagerService$2.callBlockingMethod(OzoneManagerProtocolProtos.java) [ozone-interface-client-1.3.0-SNAPSHOT.jar:?]
	at org.apache.hadoop.ipc.ProtobufRpcEngine$Server.processCall(ProtobufRpcEngine.java:466) [hadoop-common-3.3.1.jar:?]
	at org.apache.hadoop.ipc.ProtobufRpcEngine2$Server$ProtoBufRpcInvoker.call(ProtobufRpcEngine2.java:574) [hadoop-common-3.3.1.jar:?]
	at org.apache.hadoop.ipc.ProtobufRpcEngine2$Server$ProtoBufRpcInvoker.call(ProtobufRpcEngine2.java:552) [hadoop-common-3.3.1.jar:?]
	at org.apache.hadoop.ipc.RPC$Server.call(RPC.java:1093) [hadoop-common-3.3.1.jar:?]
	at org.apache.hadoop.ipc.Server$RpcCall.run(Server.java:1035) [hadoop-common-3.3.1.jar:?]
	at org.apache.hadoop.ipc.Server$RpcCall.run(Server.java:963) [hadoop-common-3.3.1.jar:?]
	at java.security.AccessController.doPrivileged(Native Method) ~[?:1.8.0_322]
	at javax.security.auth.Subject.doAs(Subject.java:422) [?:1.8.0_322]
	at org.apache.hadoop.security.UserGroupInformation.doAs(UserGroupInformation.java:1878) [hadoop-common-3.3.1.jar:?]
	at org.apache.hadoop.ipc.Server$Handler.run(Server.java:2966) [hadoop-common-3.3.1.jar:?]
2022-05-04 03:16:32,141 [Time-limited test] WARN  ozone.BasicRootedOzoneFileSystem (BasicRootedOzoneFileSystem.java:delete(572)) - delete: Path does not exist: /volume06995/bucket67445/root_dir/dir1/dir2
]]></system-out>
  </testcase>
  <testcase name="testRenameToParentDir" classname="TestRootedOzoneFileSystem" time="0.134">
    <system-out><![CDATA[2022-05-04 03:18:04,323 [Time-limited test] INFO  rpc.RpcClient (RpcClient.java:createVolume(448)) - Creating Volume: volume88857, with user20658 as owner and space quota set to -1 bytes, counts quota set to -1
2022-05-04 03:18:04,324 [IPC Server handler 13 on default port 33661] INFO  volume.OMVolumeCreateRequest (OMVolumeCreateRequest.java:validateAndUpdateCache(195)) - created volume:volume88857 for user:user20658
2022-05-04 03:18:04,335 [Time-limited test] INFO  rpc.RpcClient (RpcClient.java:createBucket(637)) - Creating Bucket: volume88857/bucket61765, with runner as owner and Versioning false and Storage Type set to DISK and Encryption set to false 
2022-05-04 03:18:04,335 [IPC Server handler 12 on default port 33661] INFO  bucket.OMBucketCreateRequest (OMBucketCreateRequest.java:validateAndUpdateCache(258)) - created bucket: bucket61765 of layout LEGACY in volume: volume88857
03:18:04.348 [IPC Server handler 8 on default port 33661] ERROR OMAudit - user=runner | ip=127.0.0.1 | op=LIST_STATUS {volume=volume88857, bucket=bucket61765, key=root_dir/dir2, dataSize=0, replicationConfig=null} | ret=FAILURE
org.apache.hadoop.ozone.om.exceptions.OMException: Unable to get file status: volume: volume88857 bucket: bucket61765 key: root_dir/dir2
	at org.apache.hadoop.ozone.om.KeyManagerImpl.getOzoneFileStatus(KeyManagerImpl.java:1280) ~[ozone-manager-1.3.0-SNAPSHOT.jar:?]
	at org.apache.hadoop.ozone.om.KeyManagerImpl.getFileStatus(KeyManagerImpl.java:1210) ~[ozone-manager-1.3.0-SNAPSHOT.jar:?]
	at org.apache.hadoop.ozone.om.KeyManagerImpl.listStatus(KeyManagerImpl.java:1513) ~[ozone-manager-1.3.0-SNAPSHOT.jar:?]
	at org.apache.hadoop.ozone.om.OzoneManager.listStatus(OzoneManager.java:3138) ~[ozone-manager-1.3.0-SNAPSHOT.jar:?]
	at org.apache.hadoop.ozone.protocolPB.OzoneManagerRequestHandler.listStatus(OzoneManagerRequestHandler.java:760) ~[ozone-manager-1.3.0-SNAPSHOT.jar:?]
	at org.apache.hadoop.ozone.protocolPB.OzoneManagerRequestHandler.handleReadRequest(OzoneManagerRequestHandler.java:212) ~[ozone-manager-1.3.0-SNAPSHOT.jar:?]
	at org.apache.hadoop.ozone.protocolPB.OzoneManagerProtocolServerSideTranslatorPB.submitRequestDirectlyToOM(OzoneManagerProtocolServerSideTranslatorPB.java:271) ~[ozone-manager-1.3.0-SNAPSHOT.jar:?]
	at org.apache.hadoop.ozone.protocolPB.OzoneManagerProtocolServerSideTranslatorPB.processRequest(OzoneManagerProtocolServerSideTranslatorPB.java:195) ~[ozone-manager-1.3.0-SNAPSHOT.jar:?]
	at org.apache.hadoop.hdds.server.OzoneProtocolMessageDispatcher.processRequest(OzoneProtocolMessageDispatcher.java:87) [hdds-server-framework-1.3.0-SNAPSHOT.jar:?]
	at org.apache.hadoop.ozone.protocolPB.OzoneManagerProtocolServerSideTranslatorPB.submitRequest(OzoneManagerProtocolServerSideTranslatorPB.java:146) [ozone-manager-1.3.0-SNAPSHOT.jar:?]
	at org.apache.hadoop.ozone.protocol.proto.OzoneManagerProtocolProtos$OzoneManagerService$2.callBlockingMethod(OzoneManagerProtocolProtos.java) [ozone-interface-client-1.3.0-SNAPSHOT.jar:?]
	at org.apache.hadoop.ipc.ProtobufRpcEngine$Server.processCall(ProtobufRpcEngine.java:466) [hadoop-common-3.3.1.jar:?]
	at org.apache.hadoop.ipc.ProtobufRpcEngine2$Server$ProtoBufRpcInvoker.call(ProtobufRpcEngine2.java:574) [hadoop-common-3.3.1.jar:?]
	at org.apache.hadoop.ipc.ProtobufRpcEngine2$Server$ProtoBufRpcInvoker.call(ProtobufRpcEngine2.java:552) [hadoop-common-3.3.1.jar:?]
	at org.apache.hadoop.ipc.RPC$Server.call(RPC.java:1093) [hadoop-common-3.3.1.jar:?]
	at org.apache.hadoop.ipc.Server$RpcCall.run(Server.java:1035) [hadoop-common-3.3.1.jar:?]
	at org.apache.hadoop.ipc.Server$RpcCall.run(Server.java:963) [hadoop-common-3.3.1.jar:?]
	at java.security.AccessController.doPrivileged(Native Method) ~[?:1.8.0_322]
	at javax.security.auth.Subject.doAs(Subject.java:422) [?:1.8.0_322]
	at org.apache.hadoop.security.UserGroupInformation.doAs(UserGroupInformation.java:1878) [hadoop-common-3.3.1.jar:?]
	at org.apache.hadoop.ipc.Server$Handler.run(Server.java:2966) [hadoop-common-3.3.1.jar:?]
03:18:04.363 [IPC Server handler 5 on default port 33661] ERROR OMAudit - user=runner | ip=127.0.0.1 | op=LIST_STATUS {volume=volume88857, bucket=bucket61765, key=root_dir/file2, dataSize=0, replicationConfig=null} | ret=FAILURE
org.apache.hadoop.ozone.om.exceptions.OMException: Unable to get file status: volume: volume88857 bucket: bucket61765 key: root_dir/file2
	at org.apache.hadoop.ozone.om.KeyManagerImpl.getOzoneFileStatus(KeyManagerImpl.java:1280) ~[ozone-manager-1.3.0-SNAPSHOT.jar:?]
	at org.apache.hadoop.ozone.om.KeyManagerImpl.getFileStatus(KeyManagerImpl.java:1210) ~[ozone-manager-1.3.0-SNAPSHOT.jar:?]
	at org.apache.hadoop.ozone.om.KeyManagerImpl.listStatus(KeyManagerImpl.java:1513) ~[ozone-manager-1.3.0-SNAPSHOT.jar:?]
	at org.apache.hadoop.ozone.om.OzoneManager.listStatus(OzoneManager.java:3138) ~[ozone-manager-1.3.0-SNAPSHOT.jar:?]
	at org.apache.hadoop.ozone.protocolPB.OzoneManagerRequestHandler.listStatus(OzoneManagerRequestHandler.java:760) ~[ozone-manager-1.3.0-SNAPSHOT.jar:?]
	at org.apache.hadoop.ozone.protocolPB.OzoneManagerRequestHandler.handleReadRequest(OzoneManagerRequestHandler.java:212) ~[ozone-manager-1.3.0-SNAPSHOT.jar:?]
	at org.apache.hadoop.ozone.protocolPB.OzoneManagerProtocolServerSideTranslatorPB.submitRequestDirectlyToOM(OzoneManagerProtocolServerSideTranslatorPB.java:271) ~[ozone-manager-1.3.0-SNAPSHOT.jar:?]
	at org.apache.hadoop.ozone.protocolPB.OzoneManagerProtocolServerSideTranslatorPB.processRequest(OzoneManagerProtocolServerSideTranslatorPB.java:195) ~[ozone-manager-1.3.0-SNAPSHOT.jar:?]
	at org.apache.hadoop.hdds.server.OzoneProtocolMessageDispatcher.processRequest(OzoneProtocolMessageDispatcher.java:87) [hdds-server-framework-1.3.0-SNAPSHOT.jar:?]
	at org.apache.hadoop.ozone.protocolPB.OzoneManagerProtocolServerSideTranslatorPB.submitRequest(OzoneManagerProtocolServerSideTranslatorPB.java:146) [ozone-manager-1.3.0-SNAPSHOT.jar:?]
	at org.apache.hadoop.ozone.protocol.proto.OzoneManagerProtocolProtos$OzoneManagerService$2.callBlockingMethod(OzoneManagerProtocolProtos.java) [ozone-interface-client-1.3.0-SNAPSHOT.jar:?]
	at org.apache.hadoop.ipc.ProtobufRpcEngine$Server.processCall(ProtobufRpcEngine.java:466) [hadoop-common-3.3.1.jar:?]
	at org.apache.hadoop.ipc.ProtobufRpcEngine2$Server$ProtoBufRpcInvoker.call(ProtobufRpcEngine2.java:574) [hadoop-common-3.3.1.jar:?]
	at org.apache.hadoop.ipc.ProtobufRpcEngine2$Server$ProtoBufRpcInvoker.call(ProtobufRpcEngine2.java:552) [hadoop-common-3.3.1.jar:?]
	at org.apache.hadoop.ipc.RPC$Server.call(RPC.java:1093) [hadoop-common-3.3.1.jar:?]
	at org.apache.hadoop.ipc.Server$RpcCall.run(Server.java:1035) [hadoop-common-3.3.1.jar:?]
	at org.apache.hadoop.ipc.Server$RpcCall.run(Server.java:963) [hadoop-common-3.3.1.jar:?]
	at java.security.AccessController.doPrivileged(Native Method) ~[?:1.8.0_322]
	at javax.security.auth.Subject.doAs(Subject.java:422) [?:1.8.0_322]
	at org.apache.hadoop.security.UserGroupInformation.doAs(UserGroupInformation.java:1878) [hadoop-common-3.3.1.jar:?]
	at org.apache.hadoop.ipc.Server$Handler.run(Server.java:2966) [hadoop-common-3.3.1.jar:?]
03:18:04.377 [IPC Server handler 18 on default port 33661] ERROR OMAudit - user=runner | ip=127.0.0.1 | op=GET_FILE_STATUS {volume=volume88857, bucket=bucket61765, key=root_dir/dir1/file2, dataSize=0, replicationConfig=null} | ret=FAILURE
org.apache.hadoop.ozone.om.exceptions.OMException: Unable to get file status: volume: volume88857 bucket: bucket61765 key: root_dir/dir1/file2
	at org.apache.hadoop.ozone.om.KeyManagerImpl.getOzoneFileStatus(KeyManagerImpl.java:1280) ~[ozone-manager-1.3.0-SNAPSHOT.jar:?]
	at org.apache.hadoop.ozone.om.KeyManagerImpl.getFileStatus(KeyManagerImpl.java:1210) ~[ozone-manager-1.3.0-SNAPSHOT.jar:?]
	at org.apache.hadoop.ozone.om.OzoneManager.getFileStatus(OzoneManager.java:3067) ~[ozone-manager-1.3.0-SNAPSHOT.jar:?]
	at org.apache.hadoop.ozone.protocolPB.OzoneManagerRequestHandler.getOzoneFileStatus(OzoneManagerRequestHandler.java:670) ~[ozone-manager-1.3.0-SNAPSHOT.jar:?]
	at org.apache.hadoop.ozone.protocolPB.OzoneManagerRequestHandler.handleReadRequest(OzoneManagerRequestHandler.java:201) ~[ozone-manager-1.3.0-SNAPSHOT.jar:?]
	at org.apache.hadoop.ozone.protocolPB.OzoneManagerProtocolServerSideTranslatorPB.submitRequestDirectlyToOM(OzoneManagerProtocolServerSideTranslatorPB.java:271) ~[ozone-manager-1.3.0-SNAPSHOT.jar:?]
	at org.apache.hadoop.ozone.protocolPB.OzoneManagerProtocolServerSideTranslatorPB.processRequest(OzoneManagerProtocolServerSideTranslatorPB.java:195) ~[ozone-manager-1.3.0-SNAPSHOT.jar:?]
	at org.apache.hadoop.hdds.server.OzoneProtocolMessageDispatcher.processRequest(OzoneProtocolMessageDispatcher.java:87) [hdds-server-framework-1.3.0-SNAPSHOT.jar:?]
	at org.apache.hadoop.ozone.protocolPB.OzoneManagerProtocolServerSideTranslatorPB.submitRequest(OzoneManagerProtocolServerSideTranslatorPB.java:146) [ozone-manager-1.3.0-SNAPSHOT.jar:?]
	at org.apache.hadoop.ozone.protocol.proto.OzoneManagerProtocolProtos$OzoneManagerService$2.callBlockingMethod(OzoneManagerProtocolProtos.java) [ozone-interface-client-1.3.0-SNAPSHOT.jar:?]
	at org.apache.hadoop.ipc.ProtobufRpcEngine$Server.processCall(ProtobufRpcEngine.java:466) [hadoop-common-3.3.1.jar:?]
	at org.apache.hadoop.ipc.ProtobufRpcEngine2$Server$ProtoBufRpcInvoker.call(ProtobufRpcEngine2.java:574) [hadoop-common-3.3.1.jar:?]
	at org.apache.hadoop.ipc.ProtobufRpcEngine2$Server$ProtoBufRpcInvoker.call(ProtobufRpcEngine2.java:552) [hadoop-common-3.3.1.jar:?]
	at org.apache.hadoop.ipc.RPC$Server.call(RPC.java:1093) [hadoop-common-3.3.1.jar:?]
	at org.apache.hadoop.ipc.Server$RpcCall.run(Server.java:1035) [hadoop-common-3.3.1.jar:?]
	at org.apache.hadoop.ipc.Server$RpcCall.run(Server.java:963) [hadoop-common-3.3.1.jar:?]
	at java.security.AccessController.doPrivileged(Native Method) ~[?:1.8.0_322]
	at javax.security.auth.Subject.doAs(Subject.java:422) [?:1.8.0_322]
	at org.apache.hadoop.security.UserGroupInformation.doAs(UserGroupInformation.java:1878) [hadoop-common-3.3.1.jar:?]
	at org.apache.hadoop.ipc.Server$Handler.run(Server.java:2966) [hadoop-common-3.3.1.jar:?]
2022-05-04 03:18:04,378 [Time-limited test] WARN  ozone.BasicRootedOzoneFileSystem (BasicRootedOzoneFileSystem.java:delete(572)) - delete: Path does not exist: /volume88857/bucket61765/root_dir/dir1/file2
03:18:04.379 [IPC Server handler 19 on default port 33661] ERROR OMAudit - user=runner | ip=127.0.0.1 | op=GET_FILE_STATUS {volume=volume88857, bucket=bucket61765, key=root_dir/dir1/dir2, dataSize=0, replicationConfig=null} | ret=FAILURE
org.apache.hadoop.ozone.om.exceptions.OMException: Unable to get file status: volume: volume88857 bucket: bucket61765 key: root_dir/dir1/dir2
	at org.apache.hadoop.ozone.om.KeyManagerImpl.getOzoneFileStatus(KeyManagerImpl.java:1280) ~[ozone-manager-1.3.0-SNAPSHOT.jar:?]
	at org.apache.hadoop.ozone.om.KeyManagerImpl.getFileStatus(KeyManagerImpl.java:1210) ~[ozone-manager-1.3.0-SNAPSHOT.jar:?]
	at org.apache.hadoop.ozone.om.OzoneManager.getFileStatus(OzoneManager.java:3067) ~[ozone-manager-1.3.0-SNAPSHOT.jar:?]
	at org.apache.hadoop.ozone.protocolPB.OzoneManagerRequestHandler.getOzoneFileStatus(OzoneManagerRequestHandler.java:670) ~[ozone-manager-1.3.0-SNAPSHOT.jar:?]
	at org.apache.hadoop.ozone.protocolPB.OzoneManagerRequestHandler.handleReadRequest(OzoneManagerRequestHandler.java:201) ~[ozone-manager-1.3.0-SNAPSHOT.jar:?]
	at org.apache.hadoop.ozone.protocolPB.OzoneManagerProtocolServerSideTranslatorPB.submitRequestDirectlyToOM(OzoneManagerProtocolServerSideTranslatorPB.java:271) ~[ozone-manager-1.3.0-SNAPSHOT.jar:?]
	at org.apache.hadoop.ozone.protocolPB.OzoneManagerProtocolServerSideTranslatorPB.processRequest(OzoneManagerProtocolServerSideTranslatorPB.java:195) ~[ozone-manager-1.3.0-SNAPSHOT.jar:?]
	at org.apache.hadoop.hdds.server.OzoneProtocolMessageDispatcher.processRequest(OzoneProtocolMessageDispatcher.java:87) [hdds-server-framework-1.3.0-SNAPSHOT.jar:?]
	at org.apache.hadoop.ozone.protocolPB.OzoneManagerProtocolServerSideTranslatorPB.submitRequest(OzoneManagerProtocolServerSideTranslatorPB.java:146) [ozone-manager-1.3.0-SNAPSHOT.jar:?]
	at org.apache.hadoop.ozone.protocol.proto.OzoneManagerProtocolProtos$OzoneManagerService$2.callBlockingMethod(OzoneManagerProtocolProtos.java) [ozone-interface-client-1.3.0-SNAPSHOT.jar:?]
	at org.apache.hadoop.ipc.ProtobufRpcEngine$Server.processCall(ProtobufRpcEngine.java:466) [hadoop-common-3.3.1.jar:?]
	at org.apache.hadoop.ipc.ProtobufRpcEngine2$Server$ProtoBufRpcInvoker.call(ProtobufRpcEngine2.java:574) [hadoop-common-3.3.1.jar:?]
	at org.apache.hadoop.ipc.ProtobufRpcEngine2$Server$ProtoBufRpcInvoker.call(ProtobufRpcEngine2.java:552) [hadoop-common-3.3.1.jar:?]
	at org.apache.hadoop.ipc.RPC$Server.call(RPC.java:1093) [hadoop-common-3.3.1.jar:?]
	at org.apache.hadoop.ipc.Server$RpcCall.run(Server.java:1035) [hadoop-common-3.3.1.jar:?]
	at org.apache.hadoop.ipc.Server$RpcCall.run(Server.java:963) [hadoop-common-3.3.1.jar:?]
	at java.security.AccessController.doPrivileged(Native Method) ~[?:1.8.0_322]
	at javax.security.auth.Subject.doAs(Subject.java:422) [?:1.8.0_322]
	at org.apache.hadoop.security.UserGroupInformation.doAs(UserGroupInformation.java:1878) [hadoop-common-3.3.1.jar:?]
	at org.apache.hadoop.ipc.Server$Handler.run(Server.java:2966) [hadoop-common-3.3.1.jar:?]
2022-05-04 03:18:04,379 [Time-limited test] WARN  ozone.BasicRootedOzoneFileSystem (BasicRootedOzoneFileSystem.java:delete(572)) - delete: Path does not exist: /volume88857/bucket61765/root_dir/dir1/dir2
]]></system-out>
  </testcase>
  <testcase name="testMkdirNonExistentVolumeBucket" classname="TestRootedOzoneFileSystem" time="0.101">
    <system-out><![CDATA[2022-05-04 03:12:32,224 [Time-limited test] INFO  rpc.RpcClient (RpcClient.java:createVolume(448)) - Creating Volume: volume00232, with user76249 as owner and space quota set to -1 bytes, counts quota set to -1
2022-05-04 03:12:32,232 [OM StateMachine ApplyTransaction Thread - 0] INFO  volume.OMVolumeCreateRequest (OMVolumeCreateRequest.java:validateAndUpdateCache(195)) - created volume:volume00232 for user:user76249
2022-05-04 03:12:32,235 [Time-limited test] INFO  rpc.RpcClient (RpcClient.java:createBucket(637)) - Creating Bucket: volume00232/bucket07627, with runner as owner and Versioning false and Storage Type set to DISK and Encryption set to false 
2022-05-04 03:12:32,238 [OM StateMachine ApplyTransaction Thread - 0] INFO  bucket.OMBucketCreateRequest (OMBucketCreateRequest.java:validateAndUpdateCache(258)) - created bucket: bucket07627 of layout LEGACY in volume: volume00232
2022-05-04 03:12:32,243 [Time-limited test] INFO  rpc.RpcClient (RpcClient.java:createVolume(448)) - Creating Volume: volume-59854, with runner as owner and space quota set to -1 bytes, counts quota set to -1
2022-05-04 03:12:32,246 [OM StateMachine ApplyTransaction Thread - 0] INFO  volume.OMVolumeCreateRequest (OMVolumeCreateRequest.java:validateAndUpdateCache(195)) - created volume:volume-59854 for user:runner
2022-05-04 03:12:32,248 [Time-limited test] INFO  rpc.RpcClient (RpcClient.java:createBucket(637)) - Creating Bucket: volume-59854/bucket-57665, with runner as owner and Versioning false and Storage Type set to DISK and Encryption set to false 
2022-05-04 03:12:32,250 [OM StateMachine ApplyTransaction Thread - 0] INFO  bucket.OMBucketCreateRequest (OMBucketCreateRequest.java:validateAndUpdateCache(258)) - created bucket: bucket-57665 of layout LEGACY in volume: volume-59854
]]></system-out>
  </testcase>
  <testcase name="testMkdirNonExistentVolumeBucket" classname="TestRootedOzoneFileSystem" time="0.152">
    <system-out><![CDATA[2022-05-04 03:13:54,227 [Time-limited test] INFO  rpc.RpcClient (RpcClient.java:createVolume(448)) - Creating Volume: volume81808, with user03678 as owner and space quota set to -1 bytes, counts quota set to -1
2022-05-04 03:13:54,234 [OM StateMachine ApplyTransaction Thread - 0] INFO  volume.OMVolumeCreateRequest (OMVolumeCreateRequest.java:validateAndUpdateCache(195)) - created volume:volume81808 for user:user03678
2022-05-04 03:13:54,241 [Time-limited test] INFO  rpc.RpcClient (RpcClient.java:createBucket(637)) - Creating Bucket: volume81808/bucket15669, with runner as owner and Versioning false and Storage Type set to DISK and Encryption set to false 
2022-05-04 03:13:54,246 [OM StateMachine ApplyTransaction Thread - 0] INFO  bucket.OMBucketCreateRequest (OMBucketCreateRequest.java:validateAndUpdateCache(258)) - created bucket: bucket15669 of layout LEGACY in volume: volume81808
03:13:54.248 [IPC Server handler 18 on default port 46813] ERROR OMAudit - user=runner | ip=127.0.0.1 | op=READ_BUCKET {volume=volume-39241, bucket=bucket-26648} | ret=FAILURE
org.apache.hadoop.ozone.om.exceptions.OMException: Volume not found when getting bucket info
	at org.apache.hadoop.ozone.om.BucketManagerImpl.getBucketInfo(BucketManagerImpl.java:127) ~[ozone-manager-1.3.0-SNAPSHOT.jar:?]
	at org.apache.hadoop.ozone.om.OzoneManager.getBucketInfo(OzoneManager.java:2686) ~[ozone-manager-1.3.0-SNAPSHOT.jar:?]
	at org.apache.hadoop.ozone.protocolPB.OzoneManagerRequestHandler.infoBucket(OzoneManagerRequestHandler.java:382) ~[ozone-manager-1.3.0-SNAPSHOT.jar:?]
	at org.apache.hadoop.ozone.protocolPB.OzoneManagerRequestHandler.handleReadRequest(OzoneManagerRequestHandler.java:156) ~[ozone-manager-1.3.0-SNAPSHOT.jar:?]
	at org.apache.hadoop.ozone.protocolPB.OzoneManagerProtocolServerSideTranslatorPB.submitReadRequestToOM(OzoneManagerProtocolServerSideTranslatorPB.java:213) ~[ozone-manager-1.3.0-SNAPSHOT.jar:?]
	at org.apache.hadoop.ozone.protocolPB.OzoneManagerProtocolServerSideTranslatorPB.processRequest(OzoneManagerProtocolServerSideTranslatorPB.java:174) ~[ozone-manager-1.3.0-SNAPSHOT.jar:?]
	at org.apache.hadoop.hdds.server.OzoneProtocolMessageDispatcher.processRequest(OzoneProtocolMessageDispatcher.java:87) [hdds-server-framework-1.3.0-SNAPSHOT.jar:?]
	at org.apache.hadoop.ozone.protocolPB.OzoneManagerProtocolServerSideTranslatorPB.submitRequest(OzoneManagerProtocolServerSideTranslatorPB.java:146) [ozone-manager-1.3.0-SNAPSHOT.jar:?]
	at org.apache.hadoop.ozone.protocol.proto.OzoneManagerProtocolProtos$OzoneManagerService$2.callBlockingMethod(OzoneManagerProtocolProtos.java) [ozone-interface-client-1.3.0-SNAPSHOT.jar:?]
	at org.apache.hadoop.ipc.ProtobufRpcEngine$Server.processCall(ProtobufRpcEngine.java:466) [hadoop-common-3.3.1.jar:?]
	at org.apache.hadoop.ipc.ProtobufRpcEngine2$Server$ProtoBufRpcInvoker.call(ProtobufRpcEngine2.java:574) [hadoop-common-3.3.1.jar:?]
	at org.apache.hadoop.ipc.ProtobufRpcEngine2$Server$ProtoBufRpcInvoker.call(ProtobufRpcEngine2.java:552) [hadoop-common-3.3.1.jar:?]
	at org.apache.hadoop.ipc.RPC$Server.call(RPC.java:1093) [hadoop-common-3.3.1.jar:?]
	at org.apache.hadoop.ipc.Server$RpcCall.run(Server.java:1035) [hadoop-common-3.3.1.jar:?]
	at org.apache.hadoop.ipc.Server$RpcCall.run(Server.java:963) [hadoop-common-3.3.1.jar:?]
	at java.security.AccessController.doPrivileged(Native Method) ~[?:1.8.0_322]
	at javax.security.auth.Subject.doAs(Subject.java:422) [?:1.8.0_322]
	at org.apache.hadoop.security.UserGroupInformation.doAs(UserGroupInformation.java:1878) [hadoop-common-3.3.1.jar:?]
	at org.apache.hadoop.ipc.Server$Handler.run(Server.java:2966) [hadoop-common-3.3.1.jar:?]
2022-05-04 03:13:54,249 [Time-limited test] INFO  rpc.RpcClient (RpcClient.java:createVolume(448)) - Creating Volume: volume-39241, with runner as owner and space quota set to -1 bytes, counts quota set to -1
2022-05-04 03:13:54,251 [OM StateMachine ApplyTransaction Thread - 0] INFO  volume.OMVolumeCreateRequest (OMVolumeCreateRequest.java:validateAndUpdateCache(195)) - created volume:volume-39241 for user:runner
2022-05-04 03:13:54,253 [Time-limited test] INFO  rpc.RpcClient (RpcClient.java:createBucket(637)) - Creating Bucket: volume-39241/bucket-26648, with runner as owner and Versioning false and Storage Type set to DISK and Encryption set to false 
2022-05-04 03:13:54,254 [OM StateMachine ApplyTransaction Thread - 0] INFO  bucket.OMBucketCreateRequest (OMBucketCreateRequest.java:validateAndUpdateCache(258)) - created bucket: bucket-26648 of layout LEGACY in volume: volume-39241
]]></system-out>
  </testcase>
  <testcase name="testMkdirNonExistentVolumeBucket" classname="TestRootedOzoneFileSystem" time="0.093">
    <system-out><![CDATA[2022-05-04 03:15:09,083 [Time-limited test] INFO  rpc.RpcClient (RpcClient.java:createVolume(448)) - Creating Volume: volume04615, with user79973 as owner and space quota set to -1 bytes, counts quota set to -1
2022-05-04 03:15:09,084 [IPC Server handler 19 on default port 33297] INFO  volume.OMVolumeCreateRequest (OMVolumeCreateRequest.java:validateAndUpdateCache(195)) - created volume:volume04615 for user:user79973
2022-05-04 03:15:09,085 [Time-limited test] INFO  rpc.RpcClient (RpcClient.java:createBucket(637)) - Creating Bucket: volume04615/bucket83148, with runner as owner and Versioning false and Storage Type set to DISK and Encryption set to false 
2022-05-04 03:15:09,086 [IPC Server handler 12 on default port 33297] INFO  bucket.OMBucketCreateRequest (OMBucketCreateRequest.java:validateAndUpdateCache(258)) - created bucket: bucket83148 of layout LEGACY in volume: volume04615
03:15:09.090 [IPC Server handler 7 on default port 33297] ERROR OMAudit - user=runner | ip=127.0.0.1 | op=READ_BUCKET {volume=volume-14672, bucket=bucket-51401} | ret=FAILURE
org.apache.hadoop.ozone.om.exceptions.OMException: Volume not found when getting bucket info
	at org.apache.hadoop.ozone.om.BucketManagerImpl.getBucketInfo(BucketManagerImpl.java:127) ~[ozone-manager-1.3.0-SNAPSHOT.jar:?]
	at org.apache.hadoop.ozone.om.OzoneManager.getBucketInfo(OzoneManager.java:2686) ~[ozone-manager-1.3.0-SNAPSHOT.jar:?]
	at org.apache.hadoop.ozone.protocolPB.OzoneManagerRequestHandler.infoBucket(OzoneManagerRequestHandler.java:382) ~[ozone-manager-1.3.0-SNAPSHOT.jar:?]
	at org.apache.hadoop.ozone.protocolPB.OzoneManagerRequestHandler.handleReadRequest(OzoneManagerRequestHandler.java:156) ~[ozone-manager-1.3.0-SNAPSHOT.jar:?]
	at org.apache.hadoop.ozone.protocolPB.OzoneManagerProtocolServerSideTranslatorPB.submitRequestDirectlyToOM(OzoneManagerProtocolServerSideTranslatorPB.java:271) ~[ozone-manager-1.3.0-SNAPSHOT.jar:?]
	at org.apache.hadoop.ozone.protocolPB.OzoneManagerProtocolServerSideTranslatorPB.processRequest(OzoneManagerProtocolServerSideTranslatorPB.java:195) ~[ozone-manager-1.3.0-SNAPSHOT.jar:?]
	at org.apache.hadoop.hdds.server.OzoneProtocolMessageDispatcher.processRequest(OzoneProtocolMessageDispatcher.java:87) [hdds-server-framework-1.3.0-SNAPSHOT.jar:?]
	at org.apache.hadoop.ozone.protocolPB.OzoneManagerProtocolServerSideTranslatorPB.submitRequest(OzoneManagerProtocolServerSideTranslatorPB.java:146) [ozone-manager-1.3.0-SNAPSHOT.jar:?]
	at org.apache.hadoop.ozone.protocol.proto.OzoneManagerProtocolProtos$OzoneManagerService$2.callBlockingMethod(OzoneManagerProtocolProtos.java) [ozone-interface-client-1.3.0-SNAPSHOT.jar:?]
	at org.apache.hadoop.ipc.ProtobufRpcEngine$Server.processCall(ProtobufRpcEngine.java:466) [hadoop-common-3.3.1.jar:?]
	at org.apache.hadoop.ipc.ProtobufRpcEngine2$Server$ProtoBufRpcInvoker.call(ProtobufRpcEngine2.java:574) [hadoop-common-3.3.1.jar:?]
	at org.apache.hadoop.ipc.ProtobufRpcEngine2$Server$ProtoBufRpcInvoker.call(ProtobufRpcEngine2.java:552) [hadoop-common-3.3.1.jar:?]
	at org.apache.hadoop.ipc.RPC$Server.call(RPC.java:1093) [hadoop-common-3.3.1.jar:?]
	at org.apache.hadoop.ipc.Server$RpcCall.run(Server.java:1035) [hadoop-common-3.3.1.jar:?]
	at org.apache.hadoop.ipc.Server$RpcCall.run(Server.java:963) [hadoop-common-3.3.1.jar:?]
	at java.security.AccessController.doPrivileged(Native Method) ~[?:1.8.0_322]
	at javax.security.auth.Subject.doAs(Subject.java:422) [?:1.8.0_322]
	at org.apache.hadoop.security.UserGroupInformation.doAs(UserGroupInformation.java:1878) [hadoop-common-3.3.1.jar:?]
	at org.apache.hadoop.ipc.Server$Handler.run(Server.java:2966) [hadoop-common-3.3.1.jar:?]
2022-05-04 03:15:09,091 [Time-limited test] INFO  rpc.RpcClient (RpcClient.java:createVolume(448)) - Creating Volume: volume-14672, with runner as owner and space quota set to -1 bytes, counts quota set to -1
2022-05-04 03:15:09,091 [IPC Server handler 5 on default port 33297] INFO  volume.OMVolumeCreateRequest (OMVolumeCreateRequest.java:validateAndUpdateCache(195)) - created volume:volume-14672 for user:runner
2022-05-04 03:15:09,095 [Time-limited test] INFO  rpc.RpcClient (RpcClient.java:createBucket(637)) - Creating Bucket: volume-14672/bucket-51401, with runner as owner and Versioning false and Storage Type set to DISK and Encryption set to false 
2022-05-04 03:15:09,095 [IPC Server handler 13 on default port 33297] INFO  bucket.OMBucketCreateRequest (OMBucketCreateRequest.java:validateAndUpdateCache(258)) - created bucket: bucket-51401 of layout LEGACY in volume: volume-14672
]]></system-out>
  </testcase>
  <testcase name="testMkdirNonExistentVolumeBucket" classname="TestRootedOzoneFileSystem" time="0.096">
    <system-out><![CDATA[2022-05-04 03:16:32,200 [Time-limited test] INFO  rpc.RpcClient (RpcClient.java:createVolume(448)) - Creating Volume: volume61272, with user47315 as owner and space quota set to -1 bytes, counts quota set to -1
2022-05-04 03:16:32,204 [OM StateMachine ApplyTransaction Thread - 0] INFO  volume.OMVolumeCreateRequest (OMVolumeCreateRequest.java:validateAndUpdateCache(195)) - created volume:volume61272 for user:user47315
2022-05-04 03:16:32,221 [Time-limited test] INFO  rpc.RpcClient (RpcClient.java:createBucket(637)) - Creating Bucket: volume61272/bucket47587, with runner as owner and Versioning false and Storage Type set to DISK and Encryption set to false 
2022-05-04 03:16:32,222 [OM StateMachine ApplyTransaction Thread - 0] INFO  bucket.OMBucketCreateRequest (OMBucketCreateRequest.java:validateAndUpdateCache(258)) - created bucket: bucket47587 of layout LEGACY in volume: volume61272
03:16:32.231 [IPC Server handler 2 on default port 37999] ERROR OMAudit - user=runner | ip=127.0.0.1 | op=READ_BUCKET {volume=volume-35253, bucket=bucket-65699} | ret=FAILURE
org.apache.hadoop.ozone.om.exceptions.OMException: Volume not found when getting bucket info
	at org.apache.hadoop.ozone.om.BucketManagerImpl.getBucketInfo(BucketManagerImpl.java:127) ~[ozone-manager-1.3.0-SNAPSHOT.jar:?]
	at org.apache.hadoop.ozone.om.OzoneManager.getBucketInfo(OzoneManager.java:2686) ~[ozone-manager-1.3.0-SNAPSHOT.jar:?]
	at org.apache.hadoop.ozone.protocolPB.OzoneManagerRequestHandler.infoBucket(OzoneManagerRequestHandler.java:382) ~[ozone-manager-1.3.0-SNAPSHOT.jar:?]
	at org.apache.hadoop.ozone.protocolPB.OzoneManagerRequestHandler.handleReadRequest(OzoneManagerRequestHandler.java:156) ~[ozone-manager-1.3.0-SNAPSHOT.jar:?]
	at org.apache.hadoop.ozone.protocolPB.OzoneManagerProtocolServerSideTranslatorPB.submitReadRequestToOM(OzoneManagerProtocolServerSideTranslatorPB.java:213) ~[ozone-manager-1.3.0-SNAPSHOT.jar:?]
	at org.apache.hadoop.ozone.protocolPB.OzoneManagerProtocolServerSideTranslatorPB.processRequest(OzoneManagerProtocolServerSideTranslatorPB.java:174) ~[ozone-manager-1.3.0-SNAPSHOT.jar:?]
	at org.apache.hadoop.hdds.server.OzoneProtocolMessageDispatcher.processRequest(OzoneProtocolMessageDispatcher.java:87) [hdds-server-framework-1.3.0-SNAPSHOT.jar:?]
	at org.apache.hadoop.ozone.protocolPB.OzoneManagerProtocolServerSideTranslatorPB.submitRequest(OzoneManagerProtocolServerSideTranslatorPB.java:146) [ozone-manager-1.3.0-SNAPSHOT.jar:?]
	at org.apache.hadoop.ozone.protocol.proto.OzoneManagerProtocolProtos$OzoneManagerService$2.callBlockingMethod(OzoneManagerProtocolProtos.java) [ozone-interface-client-1.3.0-SNAPSHOT.jar:?]
	at org.apache.hadoop.ipc.ProtobufRpcEngine$Server.processCall(ProtobufRpcEngine.java:466) [hadoop-common-3.3.1.jar:?]
	at org.apache.hadoop.ipc.ProtobufRpcEngine2$Server$ProtoBufRpcInvoker.call(ProtobufRpcEngine2.java:574) [hadoop-common-3.3.1.jar:?]
	at org.apache.hadoop.ipc.ProtobufRpcEngine2$Server$ProtoBufRpcInvoker.call(ProtobufRpcEngine2.java:552) [hadoop-common-3.3.1.jar:?]
	at org.apache.hadoop.ipc.RPC$Server.call(RPC.java:1093) [hadoop-common-3.3.1.jar:?]
	at org.apache.hadoop.ipc.Server$RpcCall.run(Server.java:1035) [hadoop-common-3.3.1.jar:?]
	at org.apache.hadoop.ipc.Server$RpcCall.run(Server.java:963) [hadoop-common-3.3.1.jar:?]
	at java.security.AccessController.doPrivileged(Native Method) ~[?:1.8.0_322]
	at javax.security.auth.Subject.doAs(Subject.java:422) [?:1.8.0_322]
	at org.apache.hadoop.security.UserGroupInformation.doAs(UserGroupInformation.java:1878) [hadoop-common-3.3.1.jar:?]
	at org.apache.hadoop.ipc.Server$Handler.run(Server.java:2966) [hadoop-common-3.3.1.jar:?]
2022-05-04 03:16:32,231 [Time-limited test] INFO  rpc.RpcClient (RpcClient.java:createVolume(448)) - Creating Volume: volume-35253, with runner as owner and space quota set to -1 bytes, counts quota set to -1
2022-05-04 03:16:32,232 [OM StateMachine ApplyTransaction Thread - 0] INFO  volume.OMVolumeCreateRequest (OMVolumeCreateRequest.java:validateAndUpdateCache(195)) - created volume:volume-35253 for user:runner
2022-05-04 03:16:32,234 [Time-limited test] INFO  rpc.RpcClient (RpcClient.java:createBucket(637)) - Creating Bucket: volume-35253/bucket-65699, with runner as owner and Versioning false and Storage Type set to DISK and Encryption set to false 
2022-05-04 03:16:32,238 [OM StateMachine ApplyTransaction Thread - 0] INFO  bucket.OMBucketCreateRequest (OMBucketCreateRequest.java:validateAndUpdateCache(258)) - created bucket: bucket-65699 of layout LEGACY in volume: volume-35253
]]></system-out>
  </testcase>
  <testcase name="testMkdirNonExistentVolumeBucket" classname="TestRootedOzoneFileSystem" time="0.099">
    <system-out><![CDATA[2022-05-04 03:18:04,466 [Time-limited test] INFO  rpc.RpcClient (RpcClient.java:createVolume(448)) - Creating Volume: volume09804, with user08960 as owner and space quota set to -1 bytes, counts quota set to -1
2022-05-04 03:18:04,466 [IPC Server handler 17 on default port 33661] INFO  volume.OMVolumeCreateRequest (OMVolumeCreateRequest.java:validateAndUpdateCache(195)) - created volume:volume09804 for user:user08960
2022-05-04 03:18:04,470 [Time-limited test] INFO  rpc.RpcClient (RpcClient.java:createBucket(637)) - Creating Bucket: volume09804/bucket14547, with runner as owner and Versioning false and Storage Type set to DISK and Encryption set to false 
2022-05-04 03:18:04,472 [IPC Server handler 16 on default port 33661] INFO  bucket.OMBucketCreateRequest (OMBucketCreateRequest.java:validateAndUpdateCache(258)) - created bucket: bucket14547 of layout LEGACY in volume: volume09804
03:18:04.474 [IPC Server handler 12 on default port 33661] ERROR OMAudit - user=runner | ip=127.0.0.1 | op=READ_BUCKET {volume=volume-43215, bucket=bucket-63224} | ret=FAILURE
org.apache.hadoop.ozone.om.exceptions.OMException: Volume not found when getting bucket info
	at org.apache.hadoop.ozone.om.BucketManagerImpl.getBucketInfo(BucketManagerImpl.java:127) ~[ozone-manager-1.3.0-SNAPSHOT.jar:?]
	at org.apache.hadoop.ozone.om.OzoneManager.getBucketInfo(OzoneManager.java:2686) ~[ozone-manager-1.3.0-SNAPSHOT.jar:?]
	at org.apache.hadoop.ozone.protocolPB.OzoneManagerRequestHandler.infoBucket(OzoneManagerRequestHandler.java:382) ~[ozone-manager-1.3.0-SNAPSHOT.jar:?]
	at org.apache.hadoop.ozone.protocolPB.OzoneManagerRequestHandler.handleReadRequest(OzoneManagerRequestHandler.java:156) ~[ozone-manager-1.3.0-SNAPSHOT.jar:?]
	at org.apache.hadoop.ozone.protocolPB.OzoneManagerProtocolServerSideTranslatorPB.submitRequestDirectlyToOM(OzoneManagerProtocolServerSideTranslatorPB.java:271) ~[ozone-manager-1.3.0-SNAPSHOT.jar:?]
	at org.apache.hadoop.ozone.protocolPB.OzoneManagerProtocolServerSideTranslatorPB.processRequest(OzoneManagerProtocolServerSideTranslatorPB.java:195) ~[ozone-manager-1.3.0-SNAPSHOT.jar:?]
	at org.apache.hadoop.hdds.server.OzoneProtocolMessageDispatcher.processRequest(OzoneProtocolMessageDispatcher.java:87) [hdds-server-framework-1.3.0-SNAPSHOT.jar:?]
	at org.apache.hadoop.ozone.protocolPB.OzoneManagerProtocolServerSideTranslatorPB.submitRequest(OzoneManagerProtocolServerSideTranslatorPB.java:146) [ozone-manager-1.3.0-SNAPSHOT.jar:?]
	at org.apache.hadoop.ozone.protocol.proto.OzoneManagerProtocolProtos$OzoneManagerService$2.callBlockingMethod(OzoneManagerProtocolProtos.java) [ozone-interface-client-1.3.0-SNAPSHOT.jar:?]
	at org.apache.hadoop.ipc.ProtobufRpcEngine$Server.processCall(ProtobufRpcEngine.java:466) [hadoop-common-3.3.1.jar:?]
	at org.apache.hadoop.ipc.ProtobufRpcEngine2$Server$ProtoBufRpcInvoker.call(ProtobufRpcEngine2.java:574) [hadoop-common-3.3.1.jar:?]
	at org.apache.hadoop.ipc.ProtobufRpcEngine2$Server$ProtoBufRpcInvoker.call(ProtobufRpcEngine2.java:552) [hadoop-common-3.3.1.jar:?]
	at org.apache.hadoop.ipc.RPC$Server.call(RPC.java:1093) [hadoop-common-3.3.1.jar:?]
	at org.apache.hadoop.ipc.Server$RpcCall.run(Server.java:1035) [hadoop-common-3.3.1.jar:?]
	at org.apache.hadoop.ipc.Server$RpcCall.run(Server.java:963) [hadoop-common-3.3.1.jar:?]
	at java.security.AccessController.doPrivileged(Native Method) ~[?:1.8.0_322]
	at javax.security.auth.Subject.doAs(Subject.java:422) [?:1.8.0_322]
	at org.apache.hadoop.security.UserGroupInformation.doAs(UserGroupInformation.java:1878) [hadoop-common-3.3.1.jar:?]
	at org.apache.hadoop.ipc.Server$Handler.run(Server.java:2966) [hadoop-common-3.3.1.jar:?]
2022-05-04 03:18:04,475 [Time-limited test] INFO  rpc.RpcClient (RpcClient.java:createVolume(448)) - Creating Volume: volume-43215, with runner as owner and space quota set to -1 bytes, counts quota set to -1
2022-05-04 03:18:04,477 [IPC Server handler 2 on default port 33661] INFO  volume.OMVolumeCreateRequest (OMVolumeCreateRequest.java:validateAndUpdateCache(195)) - created volume:volume-43215 for user:runner
2022-05-04 03:18:04,480 [Time-limited test] INFO  rpc.RpcClient (RpcClient.java:createBucket(637)) - Creating Bucket: volume-43215/bucket-63224, with runner as owner and Versioning false and Storage Type set to DISK and Encryption set to false 
2022-05-04 03:18:04,480 [IPC Server handler 18 on default port 33661] INFO  bucket.OMBucketCreateRequest (OMBucketCreateRequest.java:validateAndUpdateCache(258)) - created bucket: bucket-63224 of layout LEGACY in volume: volume-43215
]]></system-out>
  </testcase>
  <testcase name="testFailToDeleteRoot" classname="TestRootedOzoneFileSystem" time="0.061">
    <system-out><![CDATA[2022-05-04 03:12:32,312 [Time-limited test] INFO  rpc.RpcClient (RpcClient.java:createVolume(448)) - Creating Volume: volume54548, with user06881 as owner and space quota set to -1 bytes, counts quota set to -1
2022-05-04 03:12:32,317 [OM StateMachine ApplyTransaction Thread - 0] INFO  volume.OMVolumeCreateRequest (OMVolumeCreateRequest.java:validateAndUpdateCache(195)) - created volume:volume54548 for user:user06881
2022-05-04 03:12:32,320 [Time-limited test] INFO  rpc.RpcClient (RpcClient.java:createBucket(637)) - Creating Bucket: volume54548/bucket22624, with runner as owner and Versioning false and Storage Type set to DISK and Encryption set to false 
2022-05-04 03:12:32,323 [OM StateMachine ApplyTransaction Thread - 0] INFO  bucket.OMBucketCreateRequest (OMBucketCreateRequest.java:validateAndUpdateCache(258)) - created bucket: bucket22624 of layout LEGACY in volume: volume54548
2022-05-04 03:12:32,325 [Time-limited test] WARN  ozone.BasicRootedOzoneFileSystem (BasicRootedOzoneFileSystem.java:delete(591)) - delete: OFS does not support rm root. To wipe the cluster, please re-init OM instead.
2022-05-04 03:12:32,325 [Time-limited test] WARN  ozone.BasicRootedOzoneFileSystem (BasicRootedOzoneFileSystem.java:delete(591)) - delete: OFS does not support rm root. To wipe the cluster, please re-init OM instead.
]]></system-out>
  </testcase>
  <testcase name="testFailToDeleteRoot" classname="TestRootedOzoneFileSystem" time="0.126">
    <system-out><![CDATA[2022-05-04 03:13:54,360 [Time-limited test] INFO  rpc.RpcClient (RpcClient.java:createVolume(448)) - Creating Volume: volume18347, with user55562 as owner and space quota set to -1 bytes, counts quota set to -1
2022-05-04 03:13:54,363 [OM StateMachine ApplyTransaction Thread - 0] INFO  volume.OMVolumeCreateRequest (OMVolumeCreateRequest.java:validateAndUpdateCache(195)) - created volume:volume18347 for user:user55562
2022-05-04 03:13:54,367 [Time-limited test] INFO  rpc.RpcClient (RpcClient.java:createBucket(637)) - Creating Bucket: volume18347/bucket66989, with runner as owner and Versioning false and Storage Type set to DISK and Encryption set to false 
2022-05-04 03:13:54,385 [OM StateMachine ApplyTransaction Thread - 0] INFO  bucket.OMBucketCreateRequest (OMBucketCreateRequest.java:validateAndUpdateCache(258)) - created bucket: bucket66989 of layout LEGACY in volume: volume18347
2022-05-04 03:13:54,386 [Time-limited test] WARN  ozone.BasicRootedOzoneFileSystem (BasicRootedOzoneFileSystem.java:delete(591)) - delete: OFS does not support rm root. To wipe the cluster, please re-init OM instead.
2022-05-04 03:13:54,387 [Time-limited test] WARN  ozone.BasicRootedOzoneFileSystem (BasicRootedOzoneFileSystem.java:delete(591)) - delete: OFS does not support rm root. To wipe the cluster, please re-init OM instead.
]]></system-out>
  </testcase>
  <testcase name="testFailToDeleteRoot" classname="TestRootedOzoneFileSystem" time="0.085">
    <system-out><![CDATA[2022-05-04 03:15:09,177 [Time-limited test] INFO  rpc.RpcClient (RpcClient.java:createVolume(448)) - Creating Volume: volume54087, with user06952 as owner and space quota set to -1 bytes, counts quota set to -1
2022-05-04 03:15:09,178 [IPC Server handler 9 on default port 33297] INFO  volume.OMVolumeCreateRequest (OMVolumeCreateRequest.java:validateAndUpdateCache(195)) - created volume:volume54087 for user:user06952
2022-05-04 03:15:09,183 [Time-limited test] INFO  rpc.RpcClient (RpcClient.java:createBucket(637)) - Creating Bucket: volume54087/bucket23438, with runner as owner and Versioning false and Storage Type set to DISK and Encryption set to false 
2022-05-04 03:15:09,184 [IPC Server handler 6 on default port 33297] INFO  bucket.OMBucketCreateRequest (OMBucketCreateRequest.java:validateAndUpdateCache(258)) - created bucket: bucket23438 of layout LEGACY in volume: volume54087
2022-05-04 03:15:09,192 [Time-limited test] WARN  ozone.BasicRootedOzoneFileSystem (BasicRootedOzoneFileSystem.java:delete(591)) - delete: OFS does not support rm root. To wipe the cluster, please re-init OM instead.
2022-05-04 03:15:09,192 [Time-limited test] WARN  ozone.BasicRootedOzoneFileSystem (BasicRootedOzoneFileSystem.java:delete(591)) - delete: OFS does not support rm root. To wipe the cluster, please re-init OM instead.
]]></system-out>
  </testcase>
  <testcase name="testFailToDeleteRoot" classname="TestRootedOzoneFileSystem" time="0.181">
    <system-out><![CDATA[2022-05-04 03:16:32,409 [Time-limited test] INFO  rpc.RpcClient (RpcClient.java:createVolume(448)) - Creating Volume: volume78229, with user50559 as owner and space quota set to -1 bytes, counts quota set to -1
2022-05-04 03:16:32,424 [OM StateMachine ApplyTransaction Thread - 0] INFO  volume.OMVolumeCreateRequest (OMVolumeCreateRequest.java:validateAndUpdateCache(195)) - created volume:volume78229 for user:user50559
2022-05-04 03:16:32,425 [Time-limited test] INFO  rpc.RpcClient (RpcClient.java:createBucket(637)) - Creating Bucket: volume78229/bucket82270, with runner as owner and Versioning false and Storage Type set to DISK and Encryption set to false 
2022-05-04 03:16:32,426 [OM StateMachine ApplyTransaction Thread - 0] INFO  bucket.OMBucketCreateRequest (OMBucketCreateRequest.java:validateAndUpdateCache(258)) - created bucket: bucket82270 of layout LEGACY in volume: volume78229
2022-05-04 03:16:32,427 [Time-limited test] WARN  ozone.BasicRootedOzoneFileSystem (BasicRootedOzoneFileSystem.java:delete(591)) - delete: OFS does not support rm root. To wipe the cluster, please re-init OM instead.
2022-05-04 03:16:32,427 [Time-limited test] WARN  ozone.BasicRootedOzoneFileSystem (BasicRootedOzoneFileSystem.java:delete(591)) - delete: OFS does not support rm root. To wipe the cluster, please re-init OM instead.
]]></system-out>
  </testcase>
  <testcase name="testFailToDeleteRoot" classname="TestRootedOzoneFileSystem" time="0.09">
    <system-out><![CDATA[2022-05-04 03:18:04,575 [Time-limited test] INFO  rpc.RpcClient (RpcClient.java:createVolume(448)) - Creating Volume: volume38667, with user42450 as owner and space quota set to -1 bytes, counts quota set to -1
2022-05-04 03:18:04,576 [IPC Server handler 0 on default port 33661] INFO  volume.OMVolumeCreateRequest (OMVolumeCreateRequest.java:validateAndUpdateCache(195)) - created volume:volume38667 for user:user42450
2022-05-04 03:18:04,578 [Time-limited test] INFO  rpc.RpcClient (RpcClient.java:createBucket(637)) - Creating Bucket: volume38667/bucket90015, with runner as owner and Versioning false and Storage Type set to DISK and Encryption set to false 
2022-05-04 03:18:04,580 [IPC Server handler 11 on default port 33661] INFO  bucket.OMBucketCreateRequest (OMBucketCreateRequest.java:validateAndUpdateCache(258)) - created bucket: bucket90015 of layout LEGACY in volume: volume38667
2022-05-04 03:18:04,585 [Time-limited test] WARN  ozone.BasicRootedOzoneFileSystem (BasicRootedOzoneFileSystem.java:delete(591)) - delete: OFS does not support rm root. To wipe the cluster, please re-init OM instead.
2022-05-04 03:18:04,585 [Time-limited test] WARN  ozone.BasicRootedOzoneFileSystem (BasicRootedOzoneFileSystem.java:delete(591)) - delete: OFS does not support rm root. To wipe the cluster, please re-init OM instead.
]]></system-out>
  </testcase>
  <testcase name="testListStatusOnSubDirs" classname="TestRootedOzoneFileSystem" time="0.146">
    <system-out><![CDATA[2022-05-04 03:12:32,389 [Time-limited test] INFO  rpc.RpcClient (RpcClient.java:createVolume(448)) - Creating Volume: volume17907, with user71060 as owner and space quota set to -1 bytes, counts quota set to -1
2022-05-04 03:12:32,392 [OM StateMachine ApplyTransaction Thread - 0] INFO  volume.OMVolumeCreateRequest (OMVolumeCreateRequest.java:validateAndUpdateCache(195)) - created volume:volume17907 for user:user71060
2022-05-04 03:12:32,395 [Time-limited test] INFO  rpc.RpcClient (RpcClient.java:createBucket(637)) - Creating Bucket: volume17907/bucket22306, with runner as owner and Versioning false and Storage Type set to DISK and Encryption set to false 
2022-05-04 03:12:32,398 [OM StateMachine ApplyTransaction Thread - 0] INFO  bucket.OMBucketCreateRequest (OMBucketCreateRequest.java:validateAndUpdateCache(258)) - created bucket: bucket22306 of layout LEGACY in volume: volume17907
]]></system-out>
  </testcase>
  <testcase name="testListStatusOnSubDirs" classname="TestRootedOzoneFileSystem" time="0.139">
    <system-out><![CDATA[2022-05-04 03:13:54,483 [Time-limited test] INFO  rpc.RpcClient (RpcClient.java:createVolume(448)) - Creating Volume: volume18483, with user11153 as owner and space quota set to -1 bytes, counts quota set to -1
2022-05-04 03:13:54,485 [OM StateMachine ApplyTransaction Thread - 0] INFO  volume.OMVolumeCreateRequest (OMVolumeCreateRequest.java:validateAndUpdateCache(195)) - created volume:volume18483 for user:user11153
2022-05-04 03:13:54,491 [Time-limited test] INFO  rpc.RpcClient (RpcClient.java:createBucket(637)) - Creating Bucket: volume18483/bucket43192, with runner as owner and Versioning false and Storage Type set to DISK and Encryption set to false 
2022-05-04 03:13:54,494 [OM StateMachine ApplyTransaction Thread - 0] INFO  bucket.OMBucketCreateRequest (OMBucketCreateRequest.java:validateAndUpdateCache(258)) - created bucket: bucket43192 of layout LEGACY in volume: volume18483
]]></system-out>
  </testcase>
  <testcase name="testListStatusOnSubDirs" classname="TestRootedOzoneFileSystem" time="0.189">
    <system-out><![CDATA[2022-05-04 03:15:09,318 [Time-limited test] INFO  rpc.RpcClient (RpcClient.java:createVolume(448)) - Creating Volume: volume58837, with user36405 as owner and space quota set to -1 bytes, counts quota set to -1
2022-05-04 03:15:09,323 [IPC Server handler 16 on default port 33297] INFO  volume.OMVolumeCreateRequest (OMVolumeCreateRequest.java:validateAndUpdateCache(195)) - created volume:volume58837 for user:user36405
2022-05-04 03:15:09,327 [Time-limited test] INFO  rpc.RpcClient (RpcClient.java:createBucket(637)) - Creating Bucket: volume58837/bucket88854, with runner as owner and Versioning false and Storage Type set to DISK and Encryption set to false 
2022-05-04 03:15:09,330 [IPC Server handler 2 on default port 33297] INFO  bucket.OMBucketCreateRequest (OMBucketCreateRequest.java:validateAndUpdateCache(258)) - created bucket: bucket88854 of layout LEGACY in volume: volume58837
]]></system-out>
  </testcase>
  <testcase name="testListStatusOnSubDirs" classname="TestRootedOzoneFileSystem" time="0.173">
    <system-out><![CDATA[2022-05-04 03:16:32,539 [Time-limited test] INFO  rpc.RpcClient (RpcClient.java:createVolume(448)) - Creating Volume: volume67607, with user45443 as owner and space quota set to -1 bytes, counts quota set to -1
2022-05-04 03:16:32,544 [OM StateMachine ApplyTransaction Thread - 0] INFO  volume.OMVolumeCreateRequest (OMVolumeCreateRequest.java:validateAndUpdateCache(195)) - created volume:volume67607 for user:user45443
2022-05-04 03:16:32,547 [Time-limited test] INFO  rpc.RpcClient (RpcClient.java:createBucket(637)) - Creating Bucket: volume67607/bucket06739, with runner as owner and Versioning false and Storage Type set to DISK and Encryption set to false 
2022-05-04 03:16:32,550 [OM StateMachine ApplyTransaction Thread - 0] INFO  bucket.OMBucketCreateRequest (OMBucketCreateRequest.java:validateAndUpdateCache(258)) - created bucket: bucket06739 of layout LEGACY in volume: volume67607
]]></system-out>
  </testcase>
  <testcase name="testListStatusOnSubDirs" classname="TestRootedOzoneFileSystem" time="0.18">
    <system-out><![CDATA[2022-05-04 03:18:04,724 [Time-limited test] INFO  rpc.RpcClient (RpcClient.java:createVolume(448)) - Creating Volume: volume08454, with user28819 as owner and space quota set to -1 bytes, counts quota set to -1
2022-05-04 03:18:04,727 [IPC Server handler 15 on default port 33661] INFO  volume.OMVolumeCreateRequest (OMVolumeCreateRequest.java:validateAndUpdateCache(195)) - created volume:volume08454 for user:user28819
2022-05-04 03:18:04,731 [Time-limited test] INFO  rpc.RpcClient (RpcClient.java:createBucket(637)) - Creating Bucket: volume08454/bucket93426, with runner as owner and Versioning false and Storage Type set to DISK and Encryption set to false 
2022-05-04 03:18:04,731 [IPC Server handler 6 on default port 33661] INFO  bucket.OMBucketCreateRequest (OMBucketCreateRequest.java:validateAndUpdateCache(258)) - created bucket: bucket93426 of layout LEGACY in volume: volume08454
]]></system-out>
  </testcase>
  <testcase name="testListStatus" classname="TestRootedOzoneFileSystem" time="0.153">
    <system-out><![CDATA[2022-05-04 03:12:32,534 [Time-limited test] INFO  rpc.RpcClient (RpcClient.java:createVolume(448)) - Creating Volume: volume50012, with user70296 as owner and space quota set to -1 bytes, counts quota set to -1
2022-05-04 03:12:32,537 [OM StateMachine ApplyTransaction Thread - 0] INFO  volume.OMVolumeCreateRequest (OMVolumeCreateRequest.java:validateAndUpdateCache(195)) - created volume:volume50012 for user:user70296
2022-05-04 03:12:32,540 [Time-limited test] INFO  rpc.RpcClient (RpcClient.java:createBucket(637)) - Creating Bucket: volume50012/bucket87138, with runner as owner and Versioning false and Storage Type set to DISK and Encryption set to false 
2022-05-04 03:12:32,542 [OM StateMachine ApplyTransaction Thread - 0] INFO  bucket.OMBucketCreateRequest (OMBucketCreateRequest.java:validateAndUpdateCache(258)) - created bucket: bucket87138 of layout LEGACY in volume: volume50012
]]></system-out>
  </testcase>
  <testcase name="testListStatus" classname="TestRootedOzoneFileSystem" time="0.177">
    <system-out><![CDATA[2022-05-04 03:13:54,653 [Time-limited test] INFO  rpc.RpcClient (RpcClient.java:createVolume(448)) - Creating Volume: volume65331, with user32012 as owner and space quota set to -1 bytes, counts quota set to -1
2022-05-04 03:13:54,655 [OM StateMachine ApplyTransaction Thread - 0] INFO  volume.OMVolumeCreateRequest (OMVolumeCreateRequest.java:validateAndUpdateCache(195)) - created volume:volume65331 for user:user32012
2022-05-04 03:13:54,656 [Time-limited test] INFO  rpc.RpcClient (RpcClient.java:createBucket(637)) - Creating Bucket: volume65331/bucket59736, with runner as owner and Versioning false and Storage Type set to DISK and Encryption set to false 
2022-05-04 03:13:54,658 [OM StateMachine ApplyTransaction Thread - 0] INFO  bucket.OMBucketCreateRequest (OMBucketCreateRequest.java:validateAndUpdateCache(258)) - created bucket: bucket59736 of layout LEGACY in volume: volume65331
]]></system-out>
  </testcase>
  <testcase name="testListStatus" classname="TestRootedOzoneFileSystem" time="0.254">
    <system-out><![CDATA[2022-05-04 03:15:09,561 [Time-limited test] INFO  rpc.RpcClient (RpcClient.java:createVolume(448)) - Creating Volume: volume02105, with user17248 as owner and space quota set to -1 bytes, counts quota set to -1
2022-05-04 03:15:09,562 [IPC Server handler 13 on default port 33297] INFO  volume.OMVolumeCreateRequest (OMVolumeCreateRequest.java:validateAndUpdateCache(195)) - created volume:volume02105 for user:user17248
2022-05-04 03:15:09,575 [Time-limited test] INFO  rpc.RpcClient (RpcClient.java:createBucket(637)) - Creating Bucket: volume02105/bucket44529, with runner as owner and Versioning false and Storage Type set to DISK and Encryption set to false 
2022-05-04 03:15:09,577 [IPC Server handler 1 on default port 33297] INFO  bucket.OMBucketCreateRequest (OMBucketCreateRequest.java:validateAndUpdateCache(258)) - created bucket: bucket44529 of layout LEGACY in volume: volume02105
2022-05-04 03:15:09,577 [94eff94b-5675-4cb0-a39c-290792b903c4@group-434A2F37988D-FollowerState] INFO  impl.FollowerState (FollowerState.java:run(134)) - 94eff94b-5675-4cb0-a39c-290792b903c4@group-434A2F37988D-FollowerState: change to CANDIDATE, lastRpcElapsedTime:5042532524ns, electionTimeout:5033ms
2022-05-04 03:15:09,577 [94eff94b-5675-4cb0-a39c-290792b903c4@group-434A2F37988D-FollowerState] INFO  impl.RoleInfo (RoleInfo.java:shutdownFollowerState(108)) - 94eff94b-5675-4cb0-a39c-290792b903c4: shutdown 94eff94b-5675-4cb0-a39c-290792b903c4@group-434A2F37988D-FollowerState
2022-05-04 03:15:09,577 [94eff94b-5675-4cb0-a39c-290792b903c4@group-434A2F37988D-FollowerState] INFO  server.RaftServer$Division (RaftServerImpl.java:setRole(290)) - 94eff94b-5675-4cb0-a39c-290792b903c4@group-434A2F37988D: changes role from  FOLLOWER to CANDIDATE at term 2 for changeToCandidate
2022-05-04 03:15:09,578 [94eff94b-5675-4cb0-a39c-290792b903c4@group-434A2F37988D-FollowerState] INFO  server.RaftServerConfigKeys (ConfUtils.java:logGet(44)) - raft.server.leaderelection.pre-vote = false (custom)
2022-05-04 03:15:09,578 [94eff94b-5675-4cb0-a39c-290792b903c4@group-434A2F37988D-FollowerState] INFO  impl.RoleInfo (RoleInfo.java:updateAndGet(130)) - 94eff94b-5675-4cb0-a39c-290792b903c4: start 94eff94b-5675-4cb0-a39c-290792b903c4@group-434A2F37988D-LeaderElection44
]]></system-out>
  </testcase>
  <testcase name="testListStatus" classname="TestRootedOzoneFileSystem" time="0.222">
    <system-out><![CDATA[2022-05-04 03:16:32,706 [Time-limited test] INFO  rpc.RpcClient (RpcClient.java:createVolume(448)) - Creating Volume: volume23726, with user85922 as owner and space quota set to -1 bytes, counts quota set to -1
2022-05-04 03:16:32,708 [OM StateMachine ApplyTransaction Thread - 0] INFO  volume.OMVolumeCreateRequest (OMVolumeCreateRequest.java:validateAndUpdateCache(195)) - created volume:volume23726 for user:user85922
2022-05-04 03:16:32,716 [Time-limited test] INFO  rpc.RpcClient (RpcClient.java:createBucket(637)) - Creating Bucket: volume23726/bucket36441, with runner as owner and Versioning false and Storage Type set to DISK and Encryption set to false 
2022-05-04 03:16:32,718 [OM StateMachine ApplyTransaction Thread - 0] INFO  bucket.OMBucketCreateRequest (OMBucketCreateRequest.java:validateAndUpdateCache(258)) - created bucket: bucket36441 of layout LEGACY in volume: volume23726
]]></system-out>
  </testcase>
  <testcase name="testListStatus" classname="TestRootedOzoneFileSystem" time="0.237">
    <system-out><![CDATA[2022-05-04 03:18:04,892 [Time-limited test] INFO  rpc.RpcClient (RpcClient.java:createVolume(448)) - Creating Volume: volume14911, with user84819 as owner and space quota set to -1 bytes, counts quota set to -1
2022-05-04 03:18:04,893 [IPC Server handler 18 on default port 33661] INFO  volume.OMVolumeCreateRequest (OMVolumeCreateRequest.java:validateAndUpdateCache(195)) - created volume:volume14911 for user:user84819
2022-05-04 03:18:04,898 [Time-limited test] INFO  rpc.RpcClient (RpcClient.java:createBucket(637)) - Creating Bucket: volume14911/bucket47215, with runner as owner and Versioning false and Storage Type set to DISK and Encryption set to false 
2022-05-04 03:18:04,899 [IPC Server handler 19 on default port 33661] INFO  bucket.OMBucketCreateRequest (OMBucketCreateRequest.java:validateAndUpdateCache(258)) - created bucket: bucket47215 of layout LEGACY in volume: volume14911
]]></system-out>
  </testcase>
  <testcase name="testGetTrashRoots" classname="TestRootedOzoneFileSystem" time="0.934">
    <system-out><![CDATA[2022-05-04 03:12:32,673 [Time-limited test] INFO  rpc.RpcClient (RpcClient.java:createVolume(448)) - Creating Volume: volume98965, with user53447 as owner and space quota set to -1 bytes, counts quota set to -1
2022-05-04 03:12:32,678 [OM StateMachine ApplyTransaction Thread - 0] INFO  volume.OMVolumeCreateRequest (OMVolumeCreateRequest.java:validateAndUpdateCache(195)) - created volume:volume98965 for user:user53447
2022-05-04 03:12:32,681 [Time-limited test] INFO  rpc.RpcClient (RpcClient.java:createBucket(637)) - Creating Bucket: volume98965/bucket58729, with runner as owner and Versioning false and Storage Type set to DISK and Encryption set to false 
2022-05-04 03:12:32,684 [OM StateMachine ApplyTransaction Thread - 0] INFO  bucket.OMBucketCreateRequest (OMBucketCreateRequest.java:validateAndUpdateCache(258)) - created bucket: bucket58729 of layout LEGACY in volume: volume98965
03:12:32.700 [IPC Server handler 17 on default port 39393] ERROR OMAudit - user=runner | ip=127.0.0.1 | op=GET_FILE_STATUS {volume=77e50db8-8a9b-4368-a984-44c4a2b55305, bucket=43565a3a-411d-4760-badc-20b2a5f50f3e, key=.Trash/runner, dataSize=0, replicationConfig=null} | ret=FAILURE
org.apache.hadoop.ozone.om.exceptions.OMException: Unable to get file status: volume: 77e50db8-8a9b-4368-a984-44c4a2b55305 bucket: 43565a3a-411d-4760-badc-20b2a5f50f3e key: .Trash/runner
	at org.apache.hadoop.ozone.om.KeyManagerImpl.getOzoneFileStatus(KeyManagerImpl.java:1280) ~[ozone-manager-1.3.0-SNAPSHOT.jar:?]
	at org.apache.hadoop.ozone.om.KeyManagerImpl.getFileStatus(KeyManagerImpl.java:1210) ~[ozone-manager-1.3.0-SNAPSHOT.jar:?]
	at org.apache.hadoop.ozone.om.OzoneManager.getFileStatus(OzoneManager.java:3067) ~[ozone-manager-1.3.0-SNAPSHOT.jar:?]
	at org.apache.hadoop.ozone.protocolPB.OzoneManagerRequestHandler.getOzoneFileStatus(OzoneManagerRequestHandler.java:670) ~[ozone-manager-1.3.0-SNAPSHOT.jar:?]
	at org.apache.hadoop.ozone.protocolPB.OzoneManagerRequestHandler.handleReadRequest(OzoneManagerRequestHandler.java:201) ~[ozone-manager-1.3.0-SNAPSHOT.jar:?]
	at org.apache.hadoop.ozone.protocolPB.OzoneManagerProtocolServerSideTranslatorPB.submitReadRequestToOM(OzoneManagerProtocolServerSideTranslatorPB.java:213) ~[ozone-manager-1.3.0-SNAPSHOT.jar:?]
	at org.apache.hadoop.ozone.protocolPB.OzoneManagerProtocolServerSideTranslatorPB.processRequest(OzoneManagerProtocolServerSideTranslatorPB.java:174) ~[ozone-manager-1.3.0-SNAPSHOT.jar:?]
	at org.apache.hadoop.hdds.server.OzoneProtocolMessageDispatcher.processRequest(OzoneProtocolMessageDispatcher.java:87) [hdds-server-framework-1.3.0-SNAPSHOT.jar:?]
	at org.apache.hadoop.ozone.protocolPB.OzoneManagerProtocolServerSideTranslatorPB.submitRequest(OzoneManagerProtocolServerSideTranslatorPB.java:146) [ozone-manager-1.3.0-SNAPSHOT.jar:?]
	at org.apache.hadoop.ozone.protocol.proto.OzoneManagerProtocolProtos$OzoneManagerService$2.callBlockingMethod(OzoneManagerProtocolProtos.java) [ozone-interface-client-1.3.0-SNAPSHOT.jar:?]
	at org.apache.hadoop.ipc.ProtobufRpcEngine$Server.processCall(ProtobufRpcEngine.java:466) [hadoop-common-3.3.1.jar:?]
	at org.apache.hadoop.ipc.ProtobufRpcEngine2$Server$ProtoBufRpcInvoker.call(ProtobufRpcEngine2.java:574) [hadoop-common-3.3.1.jar:?]
	at org.apache.hadoop.ipc.ProtobufRpcEngine2$Server$ProtoBufRpcInvoker.call(ProtobufRpcEngine2.java:552) [hadoop-common-3.3.1.jar:?]
	at org.apache.hadoop.ipc.RPC$Server.call(RPC.java:1093) [hadoop-common-3.3.1.jar:?]
	at org.apache.hadoop.ipc.Server$RpcCall.run(Server.java:1035) [hadoop-common-3.3.1.jar:?]
	at org.apache.hadoop.ipc.Server$RpcCall.run(Server.java:963) [hadoop-common-3.3.1.jar:?]
	at java.security.AccessController.doPrivileged(Native Method) ~[?:1.8.0_322]
	at javax.security.auth.Subject.doAs(Subject.java:422) [?:1.8.0_322]
	at org.apache.hadoop.security.UserGroupInformation.doAs(UserGroupInformation.java:1878) [hadoop-common-3.3.1.jar:?]
	at org.apache.hadoop.ipc.Server$Handler.run(Server.java:2966) [hadoop-common-3.3.1.jar:?]
03:12:32.705 [IPC Server handler 19 on default port 39393] ERROR OMAudit - user=runner | ip=127.0.0.1 | op=GET_FILE_STATUS {volume=volume98965, bucket=bucket58729, key=.Trash/runner, dataSize=0, replicationConfig=null} | ret=FAILURE
org.apache.hadoop.ozone.om.exceptions.OMException: Unable to get file status: volume: volume98965 bucket: bucket58729 key: .Trash/runner
	at org.apache.hadoop.ozone.om.KeyManagerImpl.getOzoneFileStatus(KeyManagerImpl.java:1280) ~[ozone-manager-1.3.0-SNAPSHOT.jar:?]
	at org.apache.hadoop.ozone.om.KeyManagerImpl.getFileStatus(KeyManagerImpl.java:1210) ~[ozone-manager-1.3.0-SNAPSHOT.jar:?]
	at org.apache.hadoop.ozone.om.OzoneManager.getFileStatus(OzoneManager.java:3067) ~[ozone-manager-1.3.0-SNAPSHOT.jar:?]
	at org.apache.hadoop.ozone.protocolPB.OzoneManagerRequestHandler.getOzoneFileStatus(OzoneManagerRequestHandler.java:670) ~[ozone-manager-1.3.0-SNAPSHOT.jar:?]
	at org.apache.hadoop.ozone.protocolPB.OzoneManagerRequestHandler.handleReadRequest(OzoneManagerRequestHandler.java:201) ~[ozone-manager-1.3.0-SNAPSHOT.jar:?]
	at org.apache.hadoop.ozone.protocolPB.OzoneManagerProtocolServerSideTranslatorPB.submitReadRequestToOM(OzoneManagerProtocolServerSideTranslatorPB.java:213) ~[ozone-manager-1.3.0-SNAPSHOT.jar:?]
	at org.apache.hadoop.ozone.protocolPB.OzoneManagerProtocolServerSideTranslatorPB.processRequest(OzoneManagerProtocolServerSideTranslatorPB.java:174) ~[ozone-manager-1.3.0-SNAPSHOT.jar:?]
	at org.apache.hadoop.hdds.server.OzoneProtocolMessageDispatcher.processRequest(OzoneProtocolMessageDispatcher.java:87) [hdds-server-framework-1.3.0-SNAPSHOT.jar:?]
	at org.apache.hadoop.ozone.protocolPB.OzoneManagerProtocolServerSideTranslatorPB.submitRequest(OzoneManagerProtocolServerSideTranslatorPB.java:146) [ozone-manager-1.3.0-SNAPSHOT.jar:?]
	at org.apache.hadoop.ozone.protocol.proto.OzoneManagerProtocolProtos$OzoneManagerService$2.callBlockingMethod(OzoneManagerProtocolProtos.java) [ozone-interface-client-1.3.0-SNAPSHOT.jar:?]
	at org.apache.hadoop.ipc.ProtobufRpcEngine$Server.processCall(ProtobufRpcEngine.java:466) [hadoop-common-3.3.1.jar:?]
	at org.apache.hadoop.ipc.ProtobufRpcEngine2$Server$ProtoBufRpcInvoker.call(ProtobufRpcEngine2.java:574) [hadoop-common-3.3.1.jar:?]
	at org.apache.hadoop.ipc.ProtobufRpcEngine2$Server$ProtoBufRpcInvoker.call(ProtobufRpcEngine2.java:552) [hadoop-common-3.3.1.jar:?]
	at org.apache.hadoop.ipc.RPC$Server.call(RPC.java:1093) [hadoop-common-3.3.1.jar:?]
	at org.apache.hadoop.ipc.Server$RpcCall.run(Server.java:1035) [hadoop-common-3.3.1.jar:?]
	at org.apache.hadoop.ipc.Server$RpcCall.run(Server.java:963) [hadoop-common-3.3.1.jar:?]
	at java.security.AccessController.doPrivileged(Native Method) ~[?:1.8.0_322]
	at javax.security.auth.Subject.doAs(Subject.java:422) [?:1.8.0_322]
	at org.apache.hadoop.security.UserGroupInformation.doAs(UserGroupInformation.java:1878) [hadoop-common-3.3.1.jar:?]
	at org.apache.hadoop.ipc.Server$Handler.run(Server.java:2966) [hadoop-common-3.3.1.jar:?]
03:12:32.711 [IPC Server handler 0 on default port 39393] ERROR OMAudit - user=runner | ip=127.0.0.1 | op=GET_FILE_STATUS {volume=77e50db8-8a9b-4368-a984-44c4a2b55305, bucket=43565a3a-411d-4760-badc-20b2a5f50f3e, key=.Trash, dataSize=0, replicationConfig=null} | ret=FAILURE
org.apache.hadoop.ozone.om.exceptions.OMException: Unable to get file status: volume: 77e50db8-8a9b-4368-a984-44c4a2b55305 bucket: 43565a3a-411d-4760-badc-20b2a5f50f3e key: .Trash
	at org.apache.hadoop.ozone.om.KeyManagerImpl.getOzoneFileStatus(KeyManagerImpl.java:1280) ~[ozone-manager-1.3.0-SNAPSHOT.jar:?]
	at org.apache.hadoop.ozone.om.KeyManagerImpl.getFileStatus(KeyManagerImpl.java:1210) ~[ozone-manager-1.3.0-SNAPSHOT.jar:?]
	at org.apache.hadoop.ozone.om.OzoneManager.getFileStatus(OzoneManager.java:3067) ~[ozone-manager-1.3.0-SNAPSHOT.jar:?]
	at org.apache.hadoop.ozone.protocolPB.OzoneManagerRequestHandler.getOzoneFileStatus(OzoneManagerRequestHandler.java:670) ~[ozone-manager-1.3.0-SNAPSHOT.jar:?]
	at org.apache.hadoop.ozone.protocolPB.OzoneManagerRequestHandler.handleReadRequest(OzoneManagerRequestHandler.java:201) ~[ozone-manager-1.3.0-SNAPSHOT.jar:?]
	at org.apache.hadoop.ozone.protocolPB.OzoneManagerProtocolServerSideTranslatorPB.submitReadRequestToOM(OzoneManagerProtocolServerSideTranslatorPB.java:213) ~[ozone-manager-1.3.0-SNAPSHOT.jar:?]
	at org.apache.hadoop.ozone.protocolPB.OzoneManagerProtocolServerSideTranslatorPB.processRequest(OzoneManagerProtocolServerSideTranslatorPB.java:174) ~[ozone-manager-1.3.0-SNAPSHOT.jar:?]
	at org.apache.hadoop.hdds.server.OzoneProtocolMessageDispatcher.processRequest(OzoneProtocolMessageDispatcher.java:87) [hdds-server-framework-1.3.0-SNAPSHOT.jar:?]
	at org.apache.hadoop.ozone.protocolPB.OzoneManagerProtocolServerSideTranslatorPB.submitRequest(OzoneManagerProtocolServerSideTranslatorPB.java:146) [ozone-manager-1.3.0-SNAPSHOT.jar:?]
	at org.apache.hadoop.ozone.protocol.proto.OzoneManagerProtocolProtos$OzoneManagerService$2.callBlockingMethod(OzoneManagerProtocolProtos.java) [ozone-interface-client-1.3.0-SNAPSHOT.jar:?]
	at org.apache.hadoop.ipc.ProtobufRpcEngine$Server.processCall(ProtobufRpcEngine.java:466) [hadoop-common-3.3.1.jar:?]
	at org.apache.hadoop.ipc.ProtobufRpcEngine2$Server$ProtoBufRpcInvoker.call(ProtobufRpcEngine2.java:574) [hadoop-common-3.3.1.jar:?]
	at org.apache.hadoop.ipc.ProtobufRpcEngine2$Server$ProtoBufRpcInvoker.call(ProtobufRpcEngine2.java:552) [hadoop-common-3.3.1.jar:?]
	at org.apache.hadoop.ipc.RPC$Server.call(RPC.java:1093) [hadoop-common-3.3.1.jar:?]
	at org.apache.hadoop.ipc.Server$RpcCall.run(Server.java:1035) [hadoop-common-3.3.1.jar:?]
	at org.apache.hadoop.ipc.Server$RpcCall.run(Server.java:963) [hadoop-common-3.3.1.jar:?]
	at java.security.AccessController.doPrivileged(Native Method) ~[?:1.8.0_322]
	at javax.security.auth.Subject.doAs(Subject.java:422) [?:1.8.0_322]
	at org.apache.hadoop.security.UserGroupInformation.doAs(UserGroupInformation.java:1878) [hadoop-common-3.3.1.jar:?]
	at org.apache.hadoop.ipc.Server$Handler.run(Server.java:2966) [hadoop-common-3.3.1.jar:?]
03:12:32.716 [IPC Server handler 8 on default port 39393] ERROR OMAudit - user=runner | ip=127.0.0.1 | op=GET_FILE_STATUS {volume=volume98965, bucket=bucket58729, key=.Trash, dataSize=0, replicationConfig=null} | ret=FAILURE
org.apache.hadoop.ozone.om.exceptions.OMException: Unable to get file status: volume: volume98965 bucket: bucket58729 key: .Trash
	at org.apache.hadoop.ozone.om.KeyManagerImpl.getOzoneFileStatus(KeyManagerImpl.java:1280) ~[ozone-manager-1.3.0-SNAPSHOT.jar:?]
	at org.apache.hadoop.ozone.om.KeyManagerImpl.getFileStatus(KeyManagerImpl.java:1210) ~[ozone-manager-1.3.0-SNAPSHOT.jar:?]
	at org.apache.hadoop.ozone.om.OzoneManager.getFileStatus(OzoneManager.java:3067) ~[ozone-manager-1.3.0-SNAPSHOT.jar:?]
	at org.apache.hadoop.ozone.protocolPB.OzoneManagerRequestHandler.getOzoneFileStatus(OzoneManagerRequestHandler.java:670) ~[ozone-manager-1.3.0-SNAPSHOT.jar:?]
	at org.apache.hadoop.ozone.protocolPB.OzoneManagerRequestHandler.handleReadRequest(OzoneManagerRequestHandler.java:201) ~[ozone-manager-1.3.0-SNAPSHOT.jar:?]
	at org.apache.hadoop.ozone.protocolPB.OzoneManagerProtocolServerSideTranslatorPB.submitReadRequestToOM(OzoneManagerProtocolServerSideTranslatorPB.java:213) ~[ozone-manager-1.3.0-SNAPSHOT.jar:?]
	at org.apache.hadoop.ozone.protocolPB.OzoneManagerProtocolServerSideTranslatorPB.processRequest(OzoneManagerProtocolServerSideTranslatorPB.java:174) ~[ozone-manager-1.3.0-SNAPSHOT.jar:?]
	at org.apache.hadoop.hdds.server.OzoneProtocolMessageDispatcher.processRequest(OzoneProtocolMessageDispatcher.java:87) [hdds-server-framework-1.3.0-SNAPSHOT.jar:?]
	at org.apache.hadoop.ozone.protocolPB.OzoneManagerProtocolServerSideTranslatorPB.submitRequest(OzoneManagerProtocolServerSideTranslatorPB.java:146) [ozone-manager-1.3.0-SNAPSHOT.jar:?]
	at org.apache.hadoop.ozone.protocol.proto.OzoneManagerProtocolProtos$OzoneManagerService$2.callBlockingMethod(OzoneManagerProtocolProtos.java) [ozone-interface-client-1.3.0-SNAPSHOT.jar:?]
	at org.apache.hadoop.ipc.ProtobufRpcEngine$Server.processCall(ProtobufRpcEngine.java:466) [hadoop-common-3.3.1.jar:?]
	at org.apache.hadoop.ipc.ProtobufRpcEngine2$Server$ProtoBufRpcInvoker.call(ProtobufRpcEngine2.java:574) [hadoop-common-3.3.1.jar:?]
	at org.apache.hadoop.ipc.ProtobufRpcEngine2$Server$ProtoBufRpcInvoker.call(ProtobufRpcEngine2.java:552) [hadoop-common-3.3.1.jar:?]
	at org.apache.hadoop.ipc.RPC$Server.call(RPC.java:1093) [hadoop-common-3.3.1.jar:?]
	at org.apache.hadoop.ipc.Server$RpcCall.run(Server.java:1035) [hadoop-common-3.3.1.jar:?]
	at org.apache.hadoop.ipc.Server$RpcCall.run(Server.java:963) [hadoop-common-3.3.1.jar:?]
	at java.security.AccessController.doPrivileged(Native Method) ~[?:1.8.0_322]
	at javax.security.auth.Subject.doAs(Subject.java:422) [?:1.8.0_322]
	at org.apache.hadoop.security.UserGroupInformation.doAs(UserGroupInformation.java:1878) [hadoop-common-3.3.1.jar:?]
	at org.apache.hadoop.ipc.Server$Handler.run(Server.java:2966) [hadoop-common-3.3.1.jar:?]
03:12:32.744 [IPC Server handler 18 on default port 39393] ERROR OMAudit - user=runner | ip=127.0.0.1 | op=GET_FILE_STATUS {volume=77e50db8-8a9b-4368-a984-44c4a2b55305, bucket=43565a3a-411d-4760-badc-20b2a5f50f3e, key=.Trash/runner, dataSize=0, replicationConfig=null} | ret=FAILURE
org.apache.hadoop.ozone.om.exceptions.OMException: Unable to get file status: volume: 77e50db8-8a9b-4368-a984-44c4a2b55305 bucket: 43565a3a-411d-4760-badc-20b2a5f50f3e key: .Trash/runner
	at org.apache.hadoop.ozone.om.KeyManagerImpl.getOzoneFileStatus(KeyManagerImpl.java:1280) ~[ozone-manager-1.3.0-SNAPSHOT.jar:?]
	at org.apache.hadoop.ozone.om.KeyManagerImpl.getFileStatus(KeyManagerImpl.java:1210) ~[ozone-manager-1.3.0-SNAPSHOT.jar:?]
	at org.apache.hadoop.ozone.om.OzoneManager.getFileStatus(OzoneManager.java:3067) ~[ozone-manager-1.3.0-SNAPSHOT.jar:?]
	at org.apache.hadoop.ozone.protocolPB.OzoneManagerRequestHandler.getOzoneFileStatus(OzoneManagerRequestHandler.java:670) ~[ozone-manager-1.3.0-SNAPSHOT.jar:?]
	at org.apache.hadoop.ozone.protocolPB.OzoneManagerRequestHandler.handleReadRequest(OzoneManagerRequestHandler.java:201) ~[ozone-manager-1.3.0-SNAPSHOT.jar:?]
	at org.apache.hadoop.ozone.protocolPB.OzoneManagerProtocolServerSideTranslatorPB.submitReadRequestToOM(OzoneManagerProtocolServerSideTranslatorPB.java:213) ~[ozone-manager-1.3.0-SNAPSHOT.jar:?]
	at org.apache.hadoop.ozone.protocolPB.OzoneManagerProtocolServerSideTranslatorPB.processRequest(OzoneManagerProtocolServerSideTranslatorPB.java:174) ~[ozone-manager-1.3.0-SNAPSHOT.jar:?]
	at org.apache.hadoop.hdds.server.OzoneProtocolMessageDispatcher.processRequest(OzoneProtocolMessageDispatcher.java:87) [hdds-server-framework-1.3.0-SNAPSHOT.jar:?]
	at org.apache.hadoop.ozone.protocolPB.OzoneManagerProtocolServerSideTranslatorPB.submitRequest(OzoneManagerProtocolServerSideTranslatorPB.java:146) [ozone-manager-1.3.0-SNAPSHOT.jar:?]
	at org.apache.hadoop.ozone.protocol.proto.OzoneManagerProtocolProtos$OzoneManagerService$2.callBlockingMethod(OzoneManagerProtocolProtos.java) [ozone-interface-client-1.3.0-SNAPSHOT.jar:?]
	at org.apache.hadoop.ipc.ProtobufRpcEngine$Server.processCall(ProtobufRpcEngine.java:466) [hadoop-common-3.3.1.jar:?]
	at org.apache.hadoop.ipc.ProtobufRpcEngine2$Server$ProtoBufRpcInvoker.call(ProtobufRpcEngine2.java:574) [hadoop-common-3.3.1.jar:?]
	at org.apache.hadoop.ipc.ProtobufRpcEngine2$Server$ProtoBufRpcInvoker.call(ProtobufRpcEngine2.java:552) [hadoop-common-3.3.1.jar:?]
	at org.apache.hadoop.ipc.RPC$Server.call(RPC.java:1093) [hadoop-common-3.3.1.jar:?]
	at org.apache.hadoop.ipc.Server$RpcCall.run(Server.java:1035) [hadoop-common-3.3.1.jar:?]
	at org.apache.hadoop.ipc.Server$RpcCall.run(Server.java:963) [hadoop-common-3.3.1.jar:?]
	at java.security.AccessController.doPrivileged(Native Method) ~[?:1.8.0_322]
	at javax.security.auth.Subject.doAs(Subject.java:422) [?:1.8.0_322]
	at org.apache.hadoop.security.UserGroupInformation.doAs(UserGroupInformation.java:1878) [hadoop-common-3.3.1.jar:?]
	at org.apache.hadoop.ipc.Server$Handler.run(Server.java:2966) [hadoop-common-3.3.1.jar:?]
03:12:32.763 [IPC Server handler 13 on default port 39393] ERROR OMAudit - user=runner | ip=127.0.0.1 | op=GET_FILE_STATUS {volume=77e50db8-8a9b-4368-a984-44c4a2b55305, bucket=43565a3a-411d-4760-badc-20b2a5f50f3e, key=.Trash, dataSize=0, replicationConfig=null} | ret=FAILURE
org.apache.hadoop.ozone.om.exceptions.OMException: Unable to get file status: volume: 77e50db8-8a9b-4368-a984-44c4a2b55305 bucket: 43565a3a-411d-4760-badc-20b2a5f50f3e key: .Trash
	at org.apache.hadoop.ozone.om.KeyManagerImpl.getOzoneFileStatus(KeyManagerImpl.java:1280) ~[ozone-manager-1.3.0-SNAPSHOT.jar:?]
	at org.apache.hadoop.ozone.om.KeyManagerImpl.getFileStatus(KeyManagerImpl.java:1210) ~[ozone-manager-1.3.0-SNAPSHOT.jar:?]
	at org.apache.hadoop.ozone.om.OzoneManager.getFileStatus(OzoneManager.java:3067) ~[ozone-manager-1.3.0-SNAPSHOT.jar:?]
	at org.apache.hadoop.ozone.protocolPB.OzoneManagerRequestHandler.getOzoneFileStatus(OzoneManagerRequestHandler.java:670) ~[ozone-manager-1.3.0-SNAPSHOT.jar:?]
	at org.apache.hadoop.ozone.protocolPB.OzoneManagerRequestHandler.handleReadRequest(OzoneManagerRequestHandler.java:201) ~[ozone-manager-1.3.0-SNAPSHOT.jar:?]
	at org.apache.hadoop.ozone.protocolPB.OzoneManagerProtocolServerSideTranslatorPB.submitReadRequestToOM(OzoneManagerProtocolServerSideTranslatorPB.java:213) ~[ozone-manager-1.3.0-SNAPSHOT.jar:?]
	at org.apache.hadoop.ozone.protocolPB.OzoneManagerProtocolServerSideTranslatorPB.processRequest(OzoneManagerProtocolServerSideTranslatorPB.java:174) ~[ozone-manager-1.3.0-SNAPSHOT.jar:?]
	at org.apache.hadoop.hdds.server.OzoneProtocolMessageDispatcher.processRequest(OzoneProtocolMessageDispatcher.java:87) [hdds-server-framework-1.3.0-SNAPSHOT.jar:?]
	at org.apache.hadoop.ozone.protocolPB.OzoneManagerProtocolServerSideTranslatorPB.submitRequest(OzoneManagerProtocolServerSideTranslatorPB.java:146) [ozone-manager-1.3.0-SNAPSHOT.jar:?]
	at org.apache.hadoop.ozone.protocol.proto.OzoneManagerProtocolProtos$OzoneManagerService$2.callBlockingMethod(OzoneManagerProtocolProtos.java) [ozone-interface-client-1.3.0-SNAPSHOT.jar:?]
	at org.apache.hadoop.ipc.ProtobufRpcEngine$Server.processCall(ProtobufRpcEngine.java:466) [hadoop-common-3.3.1.jar:?]
	at org.apache.hadoop.ipc.ProtobufRpcEngine2$Server$ProtoBufRpcInvoker.call(ProtobufRpcEngine2.java:574) [hadoop-common-3.3.1.jar:?]
	at org.apache.hadoop.ipc.ProtobufRpcEngine2$Server$ProtoBufRpcInvoker.call(ProtobufRpcEngine2.java:552) [hadoop-common-3.3.1.jar:?]
	at org.apache.hadoop.ipc.RPC$Server.call(RPC.java:1093) [hadoop-common-3.3.1.jar:?]
	at org.apache.hadoop.ipc.Server$RpcCall.run(Server.java:1035) [hadoop-common-3.3.1.jar:?]
	at org.apache.hadoop.ipc.Server$RpcCall.run(Server.java:963) [hadoop-common-3.3.1.jar:?]
	at java.security.AccessController.doPrivileged(Native Method) ~[?:1.8.0_322]
	at javax.security.auth.Subject.doAs(Subject.java:422) [?:1.8.0_322]
	at org.apache.hadoop.security.UserGroupInformation.doAs(UserGroupInformation.java:1878) [hadoop-common-3.3.1.jar:?]
	at org.apache.hadoop.ipc.Server$Handler.run(Server.java:2966) [hadoop-common-3.3.1.jar:?]
03:12:32.785 [IPC Server handler 8 on default port 39393] ERROR OMAudit - user=runner | ip=127.0.0.1 | op=GET_FILE_STATUS {volume=77e50db8-8a9b-4368-a984-44c4a2b55305, bucket=43565a3a-411d-4760-badc-20b2a5f50f3e, key=.Trash/runner, dataSize=0, replicationConfig=null} | ret=FAILURE
org.apache.hadoop.ozone.om.exceptions.OMException: Unable to get file status: volume: 77e50db8-8a9b-4368-a984-44c4a2b55305 bucket: 43565a3a-411d-4760-badc-20b2a5f50f3e key: .Trash/runner
	at org.apache.hadoop.ozone.om.KeyManagerImpl.getOzoneFileStatus(KeyManagerImpl.java:1280) ~[ozone-manager-1.3.0-SNAPSHOT.jar:?]
	at org.apache.hadoop.ozone.om.KeyManagerImpl.getFileStatus(KeyManagerImpl.java:1210) ~[ozone-manager-1.3.0-SNAPSHOT.jar:?]
	at org.apache.hadoop.ozone.om.OzoneManager.getFileStatus(OzoneManager.java:3067) ~[ozone-manager-1.3.0-SNAPSHOT.jar:?]
	at org.apache.hadoop.ozone.protocolPB.OzoneManagerRequestHandler.getOzoneFileStatus(OzoneManagerRequestHandler.java:670) ~[ozone-manager-1.3.0-SNAPSHOT.jar:?]
	at org.apache.hadoop.ozone.protocolPB.OzoneManagerRequestHandler.handleReadRequest(OzoneManagerRequestHandler.java:201) ~[ozone-manager-1.3.0-SNAPSHOT.jar:?]
	at org.apache.hadoop.ozone.protocolPB.OzoneManagerProtocolServerSideTranslatorPB.submitReadRequestToOM(OzoneManagerProtocolServerSideTranslatorPB.java:213) ~[ozone-manager-1.3.0-SNAPSHOT.jar:?]
	at org.apache.hadoop.ozone.protocolPB.OzoneManagerProtocolServerSideTranslatorPB.processRequest(OzoneManagerProtocolServerSideTranslatorPB.java:174) ~[ozone-manager-1.3.0-SNAPSHOT.jar:?]
	at org.apache.hadoop.hdds.server.OzoneProtocolMessageDispatcher.processRequest(OzoneProtocolMessageDispatcher.java:87) [hdds-server-framework-1.3.0-SNAPSHOT.jar:?]
	at org.apache.hadoop.ozone.protocolPB.OzoneManagerProtocolServerSideTranslatorPB.submitRequest(OzoneManagerProtocolServerSideTranslatorPB.java:146) [ozone-manager-1.3.0-SNAPSHOT.jar:?]
	at org.apache.hadoop.ozone.protocol.proto.OzoneManagerProtocolProtos$OzoneManagerService$2.callBlockingMethod(OzoneManagerProtocolProtos.java) [ozone-interface-client-1.3.0-SNAPSHOT.jar:?]
	at org.apache.hadoop.ipc.ProtobufRpcEngine$Server.processCall(ProtobufRpcEngine.java:466) [hadoop-common-3.3.1.jar:?]
	at org.apache.hadoop.ipc.ProtobufRpcEngine2$Server$ProtoBufRpcInvoker.call(ProtobufRpcEngine2.java:574) [hadoop-common-3.3.1.jar:?]
	at org.apache.hadoop.ipc.ProtobufRpcEngine2$Server$ProtoBufRpcInvoker.call(ProtobufRpcEngine2.java:552) [hadoop-common-3.3.1.jar:?]
	at org.apache.hadoop.ipc.RPC$Server.call(RPC.java:1093) [hadoop-common-3.3.1.jar:?]
	at org.apache.hadoop.ipc.Server$RpcCall.run(Server.java:1035) [hadoop-common-3.3.1.jar:?]
	at org.apache.hadoop.ipc.Server$RpcCall.run(Server.java:963) [hadoop-common-3.3.1.jar:?]
	at java.security.AccessController.doPrivileged(Native Method) ~[?:1.8.0_322]
	at javax.security.auth.Subject.doAs(Subject.java:422) [?:1.8.0_322]
	at org.apache.hadoop.security.UserGroupInformation.doAs(UserGroupInformation.java:1878) [hadoop-common-3.3.1.jar:?]
	at org.apache.hadoop.ipc.Server$Handler.run(Server.java:2966) [hadoop-common-3.3.1.jar:?]
03:12:32.801 [IPC Server handler 0 on default port 39393] ERROR OMAudit - user=runner | ip=127.0.0.1 | op=GET_FILE_STATUS {volume=77e50db8-8a9b-4368-a984-44c4a2b55305, bucket=43565a3a-411d-4760-badc-20b2a5f50f3e, key=.Trash, dataSize=0, replicationConfig=null} | ret=FAILURE
org.apache.hadoop.ozone.om.exceptions.OMException: Unable to get file status: volume: 77e50db8-8a9b-4368-a984-44c4a2b55305 bucket: 43565a3a-411d-4760-badc-20b2a5f50f3e key: .Trash
	at org.apache.hadoop.ozone.om.KeyManagerImpl.getOzoneFileStatus(KeyManagerImpl.java:1280) ~[ozone-manager-1.3.0-SNAPSHOT.jar:?]
	at org.apache.hadoop.ozone.om.KeyManagerImpl.getFileStatus(KeyManagerImpl.java:1210) ~[ozone-manager-1.3.0-SNAPSHOT.jar:?]
	at org.apache.hadoop.ozone.om.OzoneManager.getFileStatus(OzoneManager.java:3067) ~[ozone-manager-1.3.0-SNAPSHOT.jar:?]
	at org.apache.hadoop.ozone.protocolPB.OzoneManagerRequestHandler.getOzoneFileStatus(OzoneManagerRequestHandler.java:670) ~[ozone-manager-1.3.0-SNAPSHOT.jar:?]
	at org.apache.hadoop.ozone.protocolPB.OzoneManagerRequestHandler.handleReadRequest(OzoneManagerRequestHandler.java:201) ~[ozone-manager-1.3.0-SNAPSHOT.jar:?]
	at org.apache.hadoop.ozone.protocolPB.OzoneManagerProtocolServerSideTranslatorPB.submitReadRequestToOM(OzoneManagerProtocolServerSideTranslatorPB.java:213) ~[ozone-manager-1.3.0-SNAPSHOT.jar:?]
	at org.apache.hadoop.ozone.protocolPB.OzoneManagerProtocolServerSideTranslatorPB.processRequest(OzoneManagerProtocolServerSideTranslatorPB.java:174) ~[ozone-manager-1.3.0-SNAPSHOT.jar:?]
	at org.apache.hadoop.hdds.server.OzoneProtocolMessageDispatcher.processRequest(OzoneProtocolMessageDispatcher.java:87) [hdds-server-framework-1.3.0-SNAPSHOT.jar:?]
	at org.apache.hadoop.ozone.protocolPB.OzoneManagerProtocolServerSideTranslatorPB.submitRequest(OzoneManagerProtocolServerSideTranslatorPB.java:146) [ozone-manager-1.3.0-SNAPSHOT.jar:?]
	at org.apache.hadoop.ozone.protocol.proto.OzoneManagerProtocolProtos$OzoneManagerService$2.callBlockingMethod(OzoneManagerProtocolProtos.java) [ozone-interface-client-1.3.0-SNAPSHOT.jar:?]
	at org.apache.hadoop.ipc.ProtobufRpcEngine$Server.processCall(ProtobufRpcEngine.java:466) [hadoop-common-3.3.1.jar:?]
	at org.apache.hadoop.ipc.ProtobufRpcEngine2$Server$ProtoBufRpcInvoker.call(ProtobufRpcEngine2.java:574) [hadoop-common-3.3.1.jar:?]
	at org.apache.hadoop.ipc.ProtobufRpcEngine2$Server$ProtoBufRpcInvoker.call(ProtobufRpcEngine2.java:552) [hadoop-common-3.3.1.jar:?]
	at org.apache.hadoop.ipc.RPC$Server.call(RPC.java:1093) [hadoop-common-3.3.1.jar:?]
	at org.apache.hadoop.ipc.Server$RpcCall.run(Server.java:1035) [hadoop-common-3.3.1.jar:?]
	at org.apache.hadoop.ipc.Server$RpcCall.run(Server.java:963) [hadoop-common-3.3.1.jar:?]
	at java.security.AccessController.doPrivileged(Native Method) ~[?:1.8.0_322]
	at javax.security.auth.Subject.doAs(Subject.java:422) [?:1.8.0_322]
	at org.apache.hadoop.security.UserGroupInformation.doAs(UserGroupInformation.java:1878) [hadoop-common-3.3.1.jar:?]
	at org.apache.hadoop.ipc.Server$Handler.run(Server.java:2966) [hadoop-common-3.3.1.jar:?]
2022-05-04 03:12:32,826 [Time-limited test] INFO  rpc.RpcClient (RpcClient.java:createBucket(637)) - Creating Bucket: volume98965/trashroottest2, with runner as owner and Versioning false and Storage Type set to DISK and Encryption set to false 
2022-05-04 03:12:32,833 [OM StateMachine ApplyTransaction Thread - 0] INFO  bucket.OMBucketCreateRequest (OMBucketCreateRequest.java:validateAndUpdateCache(258)) - created bucket: trashroottest2 of layout LEGACY in volume: volume98965
03:12:32.915 [IPC Server handler 6 on default port 39393] ERROR OMAudit - user=runner | ip=127.0.0.1 | op=GET_FILE_STATUS {volume=77e50db8-8a9b-4368-a984-44c4a2b55305, bucket=43565a3a-411d-4760-badc-20b2a5f50f3e, key=.Trash/runner, dataSize=0, replicationConfig=null} | ret=FAILURE
org.apache.hadoop.ozone.om.exceptions.OMException: Unable to get file status: volume: 77e50db8-8a9b-4368-a984-44c4a2b55305 bucket: 43565a3a-411d-4760-badc-20b2a5f50f3e key: .Trash/runner
	at org.apache.hadoop.ozone.om.KeyManagerImpl.getOzoneFileStatus(KeyManagerImpl.java:1280) ~[ozone-manager-1.3.0-SNAPSHOT.jar:?]
	at org.apache.hadoop.ozone.om.KeyManagerImpl.getFileStatus(KeyManagerImpl.java:1210) ~[ozone-manager-1.3.0-SNAPSHOT.jar:?]
	at org.apache.hadoop.ozone.om.OzoneManager.getFileStatus(OzoneManager.java:3067) ~[ozone-manager-1.3.0-SNAPSHOT.jar:?]
	at org.apache.hadoop.ozone.protocolPB.OzoneManagerRequestHandler.getOzoneFileStatus(OzoneManagerRequestHandler.java:670) ~[ozone-manager-1.3.0-SNAPSHOT.jar:?]
	at org.apache.hadoop.ozone.protocolPB.OzoneManagerRequestHandler.handleReadRequest(OzoneManagerRequestHandler.java:201) ~[ozone-manager-1.3.0-SNAPSHOT.jar:?]
	at org.apache.hadoop.ozone.protocolPB.OzoneManagerProtocolServerSideTranslatorPB.submitReadRequestToOM(OzoneManagerProtocolServerSideTranslatorPB.java:213) ~[ozone-manager-1.3.0-SNAPSHOT.jar:?]
	at org.apache.hadoop.ozone.protocolPB.OzoneManagerProtocolServerSideTranslatorPB.processRequest(OzoneManagerProtocolServerSideTranslatorPB.java:174) ~[ozone-manager-1.3.0-SNAPSHOT.jar:?]
	at org.apache.hadoop.hdds.server.OzoneProtocolMessageDispatcher.processRequest(OzoneProtocolMessageDispatcher.java:87) [hdds-server-framework-1.3.0-SNAPSHOT.jar:?]
	at org.apache.hadoop.ozone.protocolPB.OzoneManagerProtocolServerSideTranslatorPB.submitRequest(OzoneManagerProtocolServerSideTranslatorPB.java:146) [ozone-manager-1.3.0-SNAPSHOT.jar:?]
	at org.apache.hadoop.ozone.protocol.proto.OzoneManagerProtocolProtos$OzoneManagerService$2.callBlockingMethod(OzoneManagerProtocolProtos.java) [ozone-interface-client-1.3.0-SNAPSHOT.jar:?]
	at org.apache.hadoop.ipc.ProtobufRpcEngine$Server.processCall(ProtobufRpcEngine.java:466) [hadoop-common-3.3.1.jar:?]
	at org.apache.hadoop.ipc.ProtobufRpcEngine2$Server$ProtoBufRpcInvoker.call(ProtobufRpcEngine2.java:574) [hadoop-common-3.3.1.jar:?]
	at org.apache.hadoop.ipc.ProtobufRpcEngine2$Server$ProtoBufRpcInvoker.call(ProtobufRpcEngine2.java:552) [hadoop-common-3.3.1.jar:?]
	at org.apache.hadoop.ipc.RPC$Server.call(RPC.java:1093) [hadoop-common-3.3.1.jar:?]
	at org.apache.hadoop.ipc.Server$RpcCall.run(Server.java:1035) [hadoop-common-3.3.1.jar:?]
	at org.apache.hadoop.ipc.Server$RpcCall.run(Server.java:963) [hadoop-common-3.3.1.jar:?]
	at java.security.AccessController.doPrivileged(Native Method) ~[?:1.8.0_322]
	at javax.security.auth.Subject.doAs(Subject.java:422) [?:1.8.0_322]
	at org.apache.hadoop.security.UserGroupInformation.doAs(UserGroupInformation.java:1878) [hadoop-common-3.3.1.jar:?]
	at org.apache.hadoop.ipc.Server$Handler.run(Server.java:2966) [hadoop-common-3.3.1.jar:?]
03:12:32.944 [IPC Server handler 0 on default port 39393] ERROR OMAudit - user=runner | ip=127.0.0.1 | op=GET_FILE_STATUS {volume=77e50db8-8a9b-4368-a984-44c4a2b55305, bucket=43565a3a-411d-4760-badc-20b2a5f50f3e, key=.Trash, dataSize=0, replicationConfig=null} | ret=FAILURE
org.apache.hadoop.ozone.om.exceptions.OMException: Unable to get file status: volume: 77e50db8-8a9b-4368-a984-44c4a2b55305 bucket: 43565a3a-411d-4760-badc-20b2a5f50f3e key: .Trash
	at org.apache.hadoop.ozone.om.KeyManagerImpl.getOzoneFileStatus(KeyManagerImpl.java:1280) ~[ozone-manager-1.3.0-SNAPSHOT.jar:?]
	at org.apache.hadoop.ozone.om.KeyManagerImpl.getFileStatus(KeyManagerImpl.java:1210) ~[ozone-manager-1.3.0-SNAPSHOT.jar:?]
	at org.apache.hadoop.ozone.om.OzoneManager.getFileStatus(OzoneManager.java:3067) ~[ozone-manager-1.3.0-SNAPSHOT.jar:?]
	at org.apache.hadoop.ozone.protocolPB.OzoneManagerRequestHandler.getOzoneFileStatus(OzoneManagerRequestHandler.java:670) ~[ozone-manager-1.3.0-SNAPSHOT.jar:?]
	at org.apache.hadoop.ozone.protocolPB.OzoneManagerRequestHandler.handleReadRequest(OzoneManagerRequestHandler.java:201) ~[ozone-manager-1.3.0-SNAPSHOT.jar:?]
	at org.apache.hadoop.ozone.protocolPB.OzoneManagerProtocolServerSideTranslatorPB.submitReadRequestToOM(OzoneManagerProtocolServerSideTranslatorPB.java:213) ~[ozone-manager-1.3.0-SNAPSHOT.jar:?]
	at org.apache.hadoop.ozone.protocolPB.OzoneManagerProtocolServerSideTranslatorPB.processRequest(OzoneManagerProtocolServerSideTranslatorPB.java:174) ~[ozone-manager-1.3.0-SNAPSHOT.jar:?]
	at org.apache.hadoop.hdds.server.OzoneProtocolMessageDispatcher.processRequest(OzoneProtocolMessageDispatcher.java:87) [hdds-server-framework-1.3.0-SNAPSHOT.jar:?]
	at org.apache.hadoop.ozone.protocolPB.OzoneManagerProtocolServerSideTranslatorPB.submitRequest(OzoneManagerProtocolServerSideTranslatorPB.java:146) [ozone-manager-1.3.0-SNAPSHOT.jar:?]
	at org.apache.hadoop.ozone.protocol.proto.OzoneManagerProtocolProtos$OzoneManagerService$2.callBlockingMethod(OzoneManagerProtocolProtos.java) [ozone-interface-client-1.3.0-SNAPSHOT.jar:?]
	at org.apache.hadoop.ipc.ProtobufRpcEngine$Server.processCall(ProtobufRpcEngine.java:466) [hadoop-common-3.3.1.jar:?]
	at org.apache.hadoop.ipc.ProtobufRpcEngine2$Server$ProtoBufRpcInvoker.call(ProtobufRpcEngine2.java:574) [hadoop-common-3.3.1.jar:?]
	at org.apache.hadoop.ipc.ProtobufRpcEngine2$Server$ProtoBufRpcInvoker.call(ProtobufRpcEngine2.java:552) [hadoop-common-3.3.1.jar:?]
	at org.apache.hadoop.ipc.RPC$Server.call(RPC.java:1093) [hadoop-common-3.3.1.jar:?]
	at org.apache.hadoop.ipc.Server$RpcCall.run(Server.java:1035) [hadoop-common-3.3.1.jar:?]
	at org.apache.hadoop.ipc.Server$RpcCall.run(Server.java:963) [hadoop-common-3.3.1.jar:?]
	at java.security.AccessController.doPrivileged(Native Method) ~[?:1.8.0_322]
	at javax.security.auth.Subject.doAs(Subject.java:422) [?:1.8.0_322]
	at org.apache.hadoop.security.UserGroupInformation.doAs(UserGroupInformation.java:1878) [hadoop-common-3.3.1.jar:?]
	at org.apache.hadoop.ipc.Server$Handler.run(Server.java:2966) [hadoop-common-3.3.1.jar:?]
03:12:33.006 [IPC Server handler 14 on default port 39393] ERROR OMAudit - user=runner | ip=127.0.0.1 | op=GET_FILE_STATUS {volume=77e50db8-8a9b-4368-a984-44c4a2b55305, bucket=43565a3a-411d-4760-badc-20b2a5f50f3e, key=.Trash/runner, dataSize=0, replicationConfig=null} | ret=FAILURE
org.apache.hadoop.ozone.om.exceptions.OMException: Unable to get file status: volume: 77e50db8-8a9b-4368-a984-44c4a2b55305 bucket: 43565a3a-411d-4760-badc-20b2a5f50f3e key: .Trash/runner
	at org.apache.hadoop.ozone.om.KeyManagerImpl.getOzoneFileStatus(KeyManagerImpl.java:1280) ~[ozone-manager-1.3.0-SNAPSHOT.jar:?]
	at org.apache.hadoop.ozone.om.KeyManagerImpl.getFileStatus(KeyManagerImpl.java:1210) ~[ozone-manager-1.3.0-SNAPSHOT.jar:?]
	at org.apache.hadoop.ozone.om.OzoneManager.getFileStatus(OzoneManager.java:3067) ~[ozone-manager-1.3.0-SNAPSHOT.jar:?]
	at org.apache.hadoop.ozone.protocolPB.OzoneManagerRequestHandler.getOzoneFileStatus(OzoneManagerRequestHandler.java:670) ~[ozone-manager-1.3.0-SNAPSHOT.jar:?]
	at org.apache.hadoop.ozone.protocolPB.OzoneManagerRequestHandler.handleReadRequest(OzoneManagerRequestHandler.java:201) ~[ozone-manager-1.3.0-SNAPSHOT.jar:?]
	at org.apache.hadoop.ozone.protocolPB.OzoneManagerProtocolServerSideTranslatorPB.submitReadRequestToOM(OzoneManagerProtocolServerSideTranslatorPB.java:213) ~[ozone-manager-1.3.0-SNAPSHOT.jar:?]
	at org.apache.hadoop.ozone.protocolPB.OzoneManagerProtocolServerSideTranslatorPB.processRequest(OzoneManagerProtocolServerSideTranslatorPB.java:174) ~[ozone-manager-1.3.0-SNAPSHOT.jar:?]
	at org.apache.hadoop.hdds.server.OzoneProtocolMessageDispatcher.processRequest(OzoneProtocolMessageDispatcher.java:87) [hdds-server-framework-1.3.0-SNAPSHOT.jar:?]
	at org.apache.hadoop.ozone.protocolPB.OzoneManagerProtocolServerSideTranslatorPB.submitRequest(OzoneManagerProtocolServerSideTranslatorPB.java:146) [ozone-manager-1.3.0-SNAPSHOT.jar:?]
	at org.apache.hadoop.ozone.protocol.proto.OzoneManagerProtocolProtos$OzoneManagerService$2.callBlockingMethod(OzoneManagerProtocolProtos.java) [ozone-interface-client-1.3.0-SNAPSHOT.jar:?]
	at org.apache.hadoop.ipc.ProtobufRpcEngine$Server.processCall(ProtobufRpcEngine.java:466) [hadoop-common-3.3.1.jar:?]
	at org.apache.hadoop.ipc.ProtobufRpcEngine2$Server$ProtoBufRpcInvoker.call(ProtobufRpcEngine2.java:574) [hadoop-common-3.3.1.jar:?]
	at org.apache.hadoop.ipc.ProtobufRpcEngine2$Server$ProtoBufRpcInvoker.call(ProtobufRpcEngine2.java:552) [hadoop-common-3.3.1.jar:?]
	at org.apache.hadoop.ipc.RPC$Server.call(RPC.java:1093) [hadoop-common-3.3.1.jar:?]
	at org.apache.hadoop.ipc.Server$RpcCall.run(Server.java:1035) [hadoop-common-3.3.1.jar:?]
	at org.apache.hadoop.ipc.Server$RpcCall.run(Server.java:963) [hadoop-common-3.3.1.jar:?]
	at java.security.AccessController.doPrivileged(Native Method) ~[?:1.8.0_322]
	at javax.security.auth.Subject.doAs(Subject.java:422) [?:1.8.0_322]
	at org.apache.hadoop.security.UserGroupInformation.doAs(UserGroupInformation.java:1878) [hadoop-common-3.3.1.jar:?]
	at org.apache.hadoop.ipc.Server$Handler.run(Server.java:2966) [hadoop-common-3.3.1.jar:?]
03:12:33.027 [IPC Server handler 16 on default port 39393] ERROR OMAudit - user=runner | ip=127.0.0.1 | op=GET_FILE_STATUS {volume=77e50db8-8a9b-4368-a984-44c4a2b55305, bucket=43565a3a-411d-4760-badc-20b2a5f50f3e, key=.Trash, dataSize=0, replicationConfig=null} | ret=FAILURE
org.apache.hadoop.ozone.om.exceptions.OMException: Unable to get file status: volume: 77e50db8-8a9b-4368-a984-44c4a2b55305 bucket: 43565a3a-411d-4760-badc-20b2a5f50f3e key: .Trash
	at org.apache.hadoop.ozone.om.KeyManagerImpl.getOzoneFileStatus(KeyManagerImpl.java:1280) ~[ozone-manager-1.3.0-SNAPSHOT.jar:?]
	at org.apache.hadoop.ozone.om.KeyManagerImpl.getFileStatus(KeyManagerImpl.java:1210) ~[ozone-manager-1.3.0-SNAPSHOT.jar:?]
	at org.apache.hadoop.ozone.om.OzoneManager.getFileStatus(OzoneManager.java:3067) ~[ozone-manager-1.3.0-SNAPSHOT.jar:?]
	at org.apache.hadoop.ozone.protocolPB.OzoneManagerRequestHandler.getOzoneFileStatus(OzoneManagerRequestHandler.java:670) ~[ozone-manager-1.3.0-SNAPSHOT.jar:?]
	at org.apache.hadoop.ozone.protocolPB.OzoneManagerRequestHandler.handleReadRequest(OzoneManagerRequestHandler.java:201) ~[ozone-manager-1.3.0-SNAPSHOT.jar:?]
	at org.apache.hadoop.ozone.protocolPB.OzoneManagerProtocolServerSideTranslatorPB.submitReadRequestToOM(OzoneManagerProtocolServerSideTranslatorPB.java:213) ~[ozone-manager-1.3.0-SNAPSHOT.jar:?]
	at org.apache.hadoop.ozone.protocolPB.OzoneManagerProtocolServerSideTranslatorPB.processRequest(OzoneManagerProtocolServerSideTranslatorPB.java:174) ~[ozone-manager-1.3.0-SNAPSHOT.jar:?]
	at org.apache.hadoop.hdds.server.OzoneProtocolMessageDispatcher.processRequest(OzoneProtocolMessageDispatcher.java:87) [hdds-server-framework-1.3.0-SNAPSHOT.jar:?]
	at org.apache.hadoop.ozone.protocolPB.OzoneManagerProtocolServerSideTranslatorPB.submitRequest(OzoneManagerProtocolServerSideTranslatorPB.java:146) [ozone-manager-1.3.0-SNAPSHOT.jar:?]
	at org.apache.hadoop.ozone.protocol.proto.OzoneManagerProtocolProtos$OzoneManagerService$2.callBlockingMethod(OzoneManagerProtocolProtos.java) [ozone-interface-client-1.3.0-SNAPSHOT.jar:?]
	at org.apache.hadoop.ipc.ProtobufRpcEngine$Server.processCall(ProtobufRpcEngine.java:466) [hadoop-common-3.3.1.jar:?]
	at org.apache.hadoop.ipc.ProtobufRpcEngine2$Server$ProtoBufRpcInvoker.call(ProtobufRpcEngine2.java:574) [hadoop-common-3.3.1.jar:?]
	at org.apache.hadoop.ipc.ProtobufRpcEngine2$Server$ProtoBufRpcInvoker.call(ProtobufRpcEngine2.java:552) [hadoop-common-3.3.1.jar:?]
	at org.apache.hadoop.ipc.RPC$Server.call(RPC.java:1093) [hadoop-common-3.3.1.jar:?]
	at org.apache.hadoop.ipc.Server$RpcCall.run(Server.java:1035) [hadoop-common-3.3.1.jar:?]
	at org.apache.hadoop.ipc.Server$RpcCall.run(Server.java:963) [hadoop-common-3.3.1.jar:?]
	at java.security.AccessController.doPrivileged(Native Method) ~[?:1.8.0_322]
	at javax.security.auth.Subject.doAs(Subject.java:422) [?:1.8.0_322]
	at org.apache.hadoop.security.UserGroupInformation.doAs(UserGroupInformation.java:1878) [hadoop-common-3.3.1.jar:?]
	at org.apache.hadoop.ipc.Server$Handler.run(Server.java:2966) [hadoop-common-3.3.1.jar:?]
2022-05-04 03:12:33,088 [Time-limited test] INFO  rpc.RpcClient (RpcClient.java:createVolume(448)) - Creating Volume: volume77434, with user84567 as owner and space quota set to -1 bytes, counts quota set to -1
2022-05-04 03:12:33,093 [OM StateMachine ApplyTransaction Thread - 0] INFO  volume.OMVolumeCreateRequest (OMVolumeCreateRequest.java:validateAndUpdateCache(195)) - created volume:volume77434 for user:user84567
2022-05-04 03:12:33,095 [Time-limited test] INFO  rpc.RpcClient (RpcClient.java:createBucket(637)) - Creating Bucket: volume77434/bucket02225, with runner as owner and Versioning false and Storage Type set to DISK and Encryption set to false 
2022-05-04 03:12:33,097 [OM StateMachine ApplyTransaction Thread - 0] INFO  bucket.OMBucketCreateRequest (OMBucketCreateRequest.java:validateAndUpdateCache(258)) - created bucket: bucket02225 of layout LEGACY in volume: volume77434
03:12:33.111 [IPC Server handler 10 on default port 39393] ERROR OMAudit - user=runner | ip=127.0.0.1 | op=GET_FILE_STATUS {volume=77e50db8-8a9b-4368-a984-44c4a2b55305, bucket=43565a3a-411d-4760-badc-20b2a5f50f3e, key=.Trash/runner, dataSize=0, replicationConfig=null} | ret=FAILURE
org.apache.hadoop.ozone.om.exceptions.OMException: Unable to get file status: volume: 77e50db8-8a9b-4368-a984-44c4a2b55305 bucket: 43565a3a-411d-4760-badc-20b2a5f50f3e key: .Trash/runner
	at org.apache.hadoop.ozone.om.KeyManagerImpl.getOzoneFileStatus(KeyManagerImpl.java:1280) ~[ozone-manager-1.3.0-SNAPSHOT.jar:?]
	at org.apache.hadoop.ozone.om.KeyManagerImpl.getFileStatus(KeyManagerImpl.java:1210) ~[ozone-manager-1.3.0-SNAPSHOT.jar:?]
	at org.apache.hadoop.ozone.om.OzoneManager.getFileStatus(OzoneManager.java:3067) ~[ozone-manager-1.3.0-SNAPSHOT.jar:?]
	at org.apache.hadoop.ozone.protocolPB.OzoneManagerRequestHandler.getOzoneFileStatus(OzoneManagerRequestHandler.java:670) ~[ozone-manager-1.3.0-SNAPSHOT.jar:?]
	at org.apache.hadoop.ozone.protocolPB.OzoneManagerRequestHandler.handleReadRequest(OzoneManagerRequestHandler.java:201) ~[ozone-manager-1.3.0-SNAPSHOT.jar:?]
	at org.apache.hadoop.ozone.protocolPB.OzoneManagerProtocolServerSideTranslatorPB.submitReadRequestToOM(OzoneManagerProtocolServerSideTranslatorPB.java:213) ~[ozone-manager-1.3.0-SNAPSHOT.jar:?]
	at org.apache.hadoop.ozone.protocolPB.OzoneManagerProtocolServerSideTranslatorPB.processRequest(OzoneManagerProtocolServerSideTranslatorPB.java:174) ~[ozone-manager-1.3.0-SNAPSHOT.jar:?]
	at org.apache.hadoop.hdds.server.OzoneProtocolMessageDispatcher.processRequest(OzoneProtocolMessageDispatcher.java:87) [hdds-server-framework-1.3.0-SNAPSHOT.jar:?]
	at org.apache.hadoop.ozone.protocolPB.OzoneManagerProtocolServerSideTranslatorPB.submitRequest(OzoneManagerProtocolServerSideTranslatorPB.java:146) [ozone-manager-1.3.0-SNAPSHOT.jar:?]
	at org.apache.hadoop.ozone.protocol.proto.OzoneManagerProtocolProtos$OzoneManagerService$2.callBlockingMethod(OzoneManagerProtocolProtos.java) [ozone-interface-client-1.3.0-SNAPSHOT.jar:?]
	at org.apache.hadoop.ipc.ProtobufRpcEngine$Server.processCall(ProtobufRpcEngine.java:466) [hadoop-common-3.3.1.jar:?]
	at org.apache.hadoop.ipc.ProtobufRpcEngine2$Server$ProtoBufRpcInvoker.call(ProtobufRpcEngine2.java:574) [hadoop-common-3.3.1.jar:?]
	at org.apache.hadoop.ipc.ProtobufRpcEngine2$Server$ProtoBufRpcInvoker.call(ProtobufRpcEngine2.java:552) [hadoop-common-3.3.1.jar:?]
	at org.apache.hadoop.ipc.RPC$Server.call(RPC.java:1093) [hadoop-common-3.3.1.jar:?]
	at org.apache.hadoop.ipc.Server$RpcCall.run(Server.java:1035) [hadoop-common-3.3.1.jar:?]
	at org.apache.hadoop.ipc.Server$RpcCall.run(Server.java:963) [hadoop-common-3.3.1.jar:?]
	at java.security.AccessController.doPrivileged(Native Method) ~[?:1.8.0_322]
	at javax.security.auth.Subject.doAs(Subject.java:422) [?:1.8.0_322]
	at org.apache.hadoop.security.UserGroupInformation.doAs(UserGroupInformation.java:1878) [hadoop-common-3.3.1.jar:?]
	at org.apache.hadoop.ipc.Server$Handler.run(Server.java:2966) [hadoop-common-3.3.1.jar:?]
03:12:33.154 [IPC Server handler 18 on default port 39393] ERROR OMAudit - user=runner | ip=127.0.0.1 | op=GET_FILE_STATUS {volume=77e50db8-8a9b-4368-a984-44c4a2b55305, bucket=43565a3a-411d-4760-badc-20b2a5f50f3e, key=.Trash, dataSize=0, replicationConfig=null} | ret=FAILURE
org.apache.hadoop.ozone.om.exceptions.OMException: Unable to get file status: volume: 77e50db8-8a9b-4368-a984-44c4a2b55305 bucket: 43565a3a-411d-4760-badc-20b2a5f50f3e key: .Trash
	at org.apache.hadoop.ozone.om.KeyManagerImpl.getOzoneFileStatus(KeyManagerImpl.java:1280) ~[ozone-manager-1.3.0-SNAPSHOT.jar:?]
	at org.apache.hadoop.ozone.om.KeyManagerImpl.getFileStatus(KeyManagerImpl.java:1210) ~[ozone-manager-1.3.0-SNAPSHOT.jar:?]
	at org.apache.hadoop.ozone.om.OzoneManager.getFileStatus(OzoneManager.java:3067) ~[ozone-manager-1.3.0-SNAPSHOT.jar:?]
	at org.apache.hadoop.ozone.protocolPB.OzoneManagerRequestHandler.getOzoneFileStatus(OzoneManagerRequestHandler.java:670) ~[ozone-manager-1.3.0-SNAPSHOT.jar:?]
	at org.apache.hadoop.ozone.protocolPB.OzoneManagerRequestHandler.handleReadRequest(OzoneManagerRequestHandler.java:201) ~[ozone-manager-1.3.0-SNAPSHOT.jar:?]
	at org.apache.hadoop.ozone.protocolPB.OzoneManagerProtocolServerSideTranslatorPB.submitReadRequestToOM(OzoneManagerProtocolServerSideTranslatorPB.java:213) ~[ozone-manager-1.3.0-SNAPSHOT.jar:?]
	at org.apache.hadoop.ozone.protocolPB.OzoneManagerProtocolServerSideTranslatorPB.processRequest(OzoneManagerProtocolServerSideTranslatorPB.java:174) ~[ozone-manager-1.3.0-SNAPSHOT.jar:?]
	at org.apache.hadoop.hdds.server.OzoneProtocolMessageDispatcher.processRequest(OzoneProtocolMessageDispatcher.java:87) [hdds-server-framework-1.3.0-SNAPSHOT.jar:?]
	at org.apache.hadoop.ozone.protocolPB.OzoneManagerProtocolServerSideTranslatorPB.submitRequest(OzoneManagerProtocolServerSideTranslatorPB.java:146) [ozone-manager-1.3.0-SNAPSHOT.jar:?]
	at org.apache.hadoop.ozone.protocol.proto.OzoneManagerProtocolProtos$OzoneManagerService$2.callBlockingMethod(OzoneManagerProtocolProtos.java) [ozone-interface-client-1.3.0-SNAPSHOT.jar:?]
	at org.apache.hadoop.ipc.ProtobufRpcEngine$Server.processCall(ProtobufRpcEngine.java:466) [hadoop-common-3.3.1.jar:?]
	at org.apache.hadoop.ipc.ProtobufRpcEngine2$Server$ProtoBufRpcInvoker.call(ProtobufRpcEngine2.java:574) [hadoop-common-3.3.1.jar:?]
	at org.apache.hadoop.ipc.ProtobufRpcEngine2$Server$ProtoBufRpcInvoker.call(ProtobufRpcEngine2.java:552) [hadoop-common-3.3.1.jar:?]
	at org.apache.hadoop.ipc.RPC$Server.call(RPC.java:1093) [hadoop-common-3.3.1.jar:?]
	at org.apache.hadoop.ipc.Server$RpcCall.run(Server.java:1035) [hadoop-common-3.3.1.jar:?]
	at org.apache.hadoop.ipc.Server$RpcCall.run(Server.java:963) [hadoop-common-3.3.1.jar:?]
	at java.security.AccessController.doPrivileged(Native Method) ~[?:1.8.0_322]
	at javax.security.auth.Subject.doAs(Subject.java:422) [?:1.8.0_322]
	at org.apache.hadoop.security.UserGroupInformation.doAs(UserGroupInformation.java:1878) [hadoop-common-3.3.1.jar:?]
	at org.apache.hadoop.ipc.Server$Handler.run(Server.java:2966) [hadoop-common-3.3.1.jar:?]
03:12:33.196 [IPC Server handler 7 on default port 39393] ERROR OMAudit - user=runner | ip=127.0.0.1 | op=GET_FILE_STATUS {volume=77e50db8-8a9b-4368-a984-44c4a2b55305, bucket=43565a3a-411d-4760-badc-20b2a5f50f3e, key=.Trash/runner, dataSize=0, replicationConfig=null} | ret=FAILURE
org.apache.hadoop.ozone.om.exceptions.OMException: Unable to get file status: volume: 77e50db8-8a9b-4368-a984-44c4a2b55305 bucket: 43565a3a-411d-4760-badc-20b2a5f50f3e key: .Trash/runner
	at org.apache.hadoop.ozone.om.KeyManagerImpl.getOzoneFileStatus(KeyManagerImpl.java:1280) ~[ozone-manager-1.3.0-SNAPSHOT.jar:?]
	at org.apache.hadoop.ozone.om.KeyManagerImpl.getFileStatus(KeyManagerImpl.java:1210) ~[ozone-manager-1.3.0-SNAPSHOT.jar:?]
	at org.apache.hadoop.ozone.om.OzoneManager.getFileStatus(OzoneManager.java:3067) ~[ozone-manager-1.3.0-SNAPSHOT.jar:?]
	at org.apache.hadoop.ozone.protocolPB.OzoneManagerRequestHandler.getOzoneFileStatus(OzoneManagerRequestHandler.java:670) ~[ozone-manager-1.3.0-SNAPSHOT.jar:?]
	at org.apache.hadoop.ozone.protocolPB.OzoneManagerRequestHandler.handleReadRequest(OzoneManagerRequestHandler.java:201) ~[ozone-manager-1.3.0-SNAPSHOT.jar:?]
	at org.apache.hadoop.ozone.protocolPB.OzoneManagerProtocolServerSideTranslatorPB.submitReadRequestToOM(OzoneManagerProtocolServerSideTranslatorPB.java:213) ~[ozone-manager-1.3.0-SNAPSHOT.jar:?]
	at org.apache.hadoop.ozone.protocolPB.OzoneManagerProtocolServerSideTranslatorPB.processRequest(OzoneManagerProtocolServerSideTranslatorPB.java:174) ~[ozone-manager-1.3.0-SNAPSHOT.jar:?]
	at org.apache.hadoop.hdds.server.OzoneProtocolMessageDispatcher.processRequest(OzoneProtocolMessageDispatcher.java:87) [hdds-server-framework-1.3.0-SNAPSHOT.jar:?]
	at org.apache.hadoop.ozone.protocolPB.OzoneManagerProtocolServerSideTranslatorPB.submitRequest(OzoneManagerProtocolServerSideTranslatorPB.java:146) [ozone-manager-1.3.0-SNAPSHOT.jar:?]
	at org.apache.hadoop.ozone.protocol.proto.OzoneManagerProtocolProtos$OzoneManagerService$2.callBlockingMethod(OzoneManagerProtocolProtos.java) [ozone-interface-client-1.3.0-SNAPSHOT.jar:?]
	at org.apache.hadoop.ipc.ProtobufRpcEngine$Server.processCall(ProtobufRpcEngine.java:466) [hadoop-common-3.3.1.jar:?]
	at org.apache.hadoop.ipc.ProtobufRpcEngine2$Server$ProtoBufRpcInvoker.call(ProtobufRpcEngine2.java:574) [hadoop-common-3.3.1.jar:?]
	at org.apache.hadoop.ipc.ProtobufRpcEngine2$Server$ProtoBufRpcInvoker.call(ProtobufRpcEngine2.java:552) [hadoop-common-3.3.1.jar:?]
	at org.apache.hadoop.ipc.RPC$Server.call(RPC.java:1093) [hadoop-common-3.3.1.jar:?]
	at org.apache.hadoop.ipc.Server$RpcCall.run(Server.java:1035) [hadoop-common-3.3.1.jar:?]
	at org.apache.hadoop.ipc.Server$RpcCall.run(Server.java:963) [hadoop-common-3.3.1.jar:?]
	at java.security.AccessController.doPrivileged(Native Method) ~[?:1.8.0_322]
	at javax.security.auth.Subject.doAs(Subject.java:422) [?:1.8.0_322]
	at org.apache.hadoop.security.UserGroupInformation.doAs(UserGroupInformation.java:1878) [hadoop-common-3.3.1.jar:?]
	at org.apache.hadoop.ipc.Server$Handler.run(Server.java:2966) [hadoop-common-3.3.1.jar:?]
03:12:33.235 [IPC Server handler 1 on default port 39393] ERROR OMAudit - user=runner | ip=127.0.0.1 | op=GET_FILE_STATUS {volume=77e50db8-8a9b-4368-a984-44c4a2b55305, bucket=43565a3a-411d-4760-badc-20b2a5f50f3e, key=.Trash, dataSize=0, replicationConfig=null} | ret=FAILURE
org.apache.hadoop.ozone.om.exceptions.OMException: Unable to get file status: volume: 77e50db8-8a9b-4368-a984-44c4a2b55305 bucket: 43565a3a-411d-4760-badc-20b2a5f50f3e key: .Trash
	at org.apache.hadoop.ozone.om.KeyManagerImpl.getOzoneFileStatus(KeyManagerImpl.java:1280) ~[ozone-manager-1.3.0-SNAPSHOT.jar:?]
	at org.apache.hadoop.ozone.om.KeyManagerImpl.getFileStatus(KeyManagerImpl.java:1210) ~[ozone-manager-1.3.0-SNAPSHOT.jar:?]
	at org.apache.hadoop.ozone.om.OzoneManager.getFileStatus(OzoneManager.java:3067) ~[ozone-manager-1.3.0-SNAPSHOT.jar:?]
	at org.apache.hadoop.ozone.protocolPB.OzoneManagerRequestHandler.getOzoneFileStatus(OzoneManagerRequestHandler.java:670) ~[ozone-manager-1.3.0-SNAPSHOT.jar:?]
	at org.apache.hadoop.ozone.protocolPB.OzoneManagerRequestHandler.handleReadRequest(OzoneManagerRequestHandler.java:201) ~[ozone-manager-1.3.0-SNAPSHOT.jar:?]
	at org.apache.hadoop.ozone.protocolPB.OzoneManagerProtocolServerSideTranslatorPB.submitReadRequestToOM(OzoneManagerProtocolServerSideTranslatorPB.java:213) ~[ozone-manager-1.3.0-SNAPSHOT.jar:?]
	at org.apache.hadoop.ozone.protocolPB.OzoneManagerProtocolServerSideTranslatorPB.processRequest(OzoneManagerProtocolServerSideTranslatorPB.java:174) ~[ozone-manager-1.3.0-SNAPSHOT.jar:?]
	at org.apache.hadoop.hdds.server.OzoneProtocolMessageDispatcher.processRequest(OzoneProtocolMessageDispatcher.java:87) [hdds-server-framework-1.3.0-SNAPSHOT.jar:?]
	at org.apache.hadoop.ozone.protocolPB.OzoneManagerProtocolServerSideTranslatorPB.submitRequest(OzoneManagerProtocolServerSideTranslatorPB.java:146) [ozone-manager-1.3.0-SNAPSHOT.jar:?]
	at org.apache.hadoop.ozone.protocol.proto.OzoneManagerProtocolProtos$OzoneManagerService$2.callBlockingMethod(OzoneManagerProtocolProtos.java) [ozone-interface-client-1.3.0-SNAPSHOT.jar:?]
	at org.apache.hadoop.ipc.ProtobufRpcEngine$Server.processCall(ProtobufRpcEngine.java:466) [hadoop-common-3.3.1.jar:?]
	at org.apache.hadoop.ipc.ProtobufRpcEngine2$Server$ProtoBufRpcInvoker.call(ProtobufRpcEngine2.java:574) [hadoop-common-3.3.1.jar:?]
	at org.apache.hadoop.ipc.ProtobufRpcEngine2$Server$ProtoBufRpcInvoker.call(ProtobufRpcEngine2.java:552) [hadoop-common-3.3.1.jar:?]
	at org.apache.hadoop.ipc.RPC$Server.call(RPC.java:1093) [hadoop-common-3.3.1.jar:?]
	at org.apache.hadoop.ipc.Server$RpcCall.run(Server.java:1035) [hadoop-common-3.3.1.jar:?]
	at org.apache.hadoop.ipc.Server$RpcCall.run(Server.java:963) [hadoop-common-3.3.1.jar:?]
	at java.security.AccessController.doPrivileged(Native Method) ~[?:1.8.0_322]
	at javax.security.auth.Subject.doAs(Subject.java:422) [?:1.8.0_322]
	at org.apache.hadoop.security.UserGroupInformation.doAs(UserGroupInformation.java:1878) [hadoop-common-3.3.1.jar:?]
	at org.apache.hadoop.ipc.Server$Handler.run(Server.java:2966) [hadoop-common-3.3.1.jar:?]
03:12:33.297 [IPC Server handler 0 on default port 39393] ERROR OMAudit - user=runner | ip=127.0.0.1 | op=GET_FILE_STATUS {volume=77e50db8-8a9b-4368-a984-44c4a2b55305, bucket=43565a3a-411d-4760-badc-20b2a5f50f3e, key=.Trash/runner, dataSize=0, replicationConfig=null} | ret=FAILURE
org.apache.hadoop.ozone.om.exceptions.OMException: Unable to get file status: volume: 77e50db8-8a9b-4368-a984-44c4a2b55305 bucket: 43565a3a-411d-4760-badc-20b2a5f50f3e key: .Trash/runner
	at org.apache.hadoop.ozone.om.KeyManagerImpl.getOzoneFileStatus(KeyManagerImpl.java:1280) ~[ozone-manager-1.3.0-SNAPSHOT.jar:?]
	at org.apache.hadoop.ozone.om.KeyManagerImpl.getFileStatus(KeyManagerImpl.java:1210) ~[ozone-manager-1.3.0-SNAPSHOT.jar:?]
	at org.apache.hadoop.ozone.om.OzoneManager.getFileStatus(OzoneManager.java:3067) ~[ozone-manager-1.3.0-SNAPSHOT.jar:?]
	at org.apache.hadoop.ozone.protocolPB.OzoneManagerRequestHandler.getOzoneFileStatus(OzoneManagerRequestHandler.java:670) ~[ozone-manager-1.3.0-SNAPSHOT.jar:?]
	at org.apache.hadoop.ozone.protocolPB.OzoneManagerRequestHandler.handleReadRequest(OzoneManagerRequestHandler.java:201) ~[ozone-manager-1.3.0-SNAPSHOT.jar:?]
	at org.apache.hadoop.ozone.protocolPB.OzoneManagerProtocolServerSideTranslatorPB.submitReadRequestToOM(OzoneManagerProtocolServerSideTranslatorPB.java:213) ~[ozone-manager-1.3.0-SNAPSHOT.jar:?]
	at org.apache.hadoop.ozone.protocolPB.OzoneManagerProtocolServerSideTranslatorPB.processRequest(OzoneManagerProtocolServerSideTranslatorPB.java:174) ~[ozone-manager-1.3.0-SNAPSHOT.jar:?]
	at org.apache.hadoop.hdds.server.OzoneProtocolMessageDispatcher.processRequest(OzoneProtocolMessageDispatcher.java:87) [hdds-server-framework-1.3.0-SNAPSHOT.jar:?]
	at org.apache.hadoop.ozone.protocolPB.OzoneManagerProtocolServerSideTranslatorPB.submitRequest(OzoneManagerProtocolServerSideTranslatorPB.java:146) [ozone-manager-1.3.0-SNAPSHOT.jar:?]
	at org.apache.hadoop.ozone.protocol.proto.OzoneManagerProtocolProtos$OzoneManagerService$2.callBlockingMethod(OzoneManagerProtocolProtos.java) [ozone-interface-client-1.3.0-SNAPSHOT.jar:?]
	at org.apache.hadoop.ipc.ProtobufRpcEngine$Server.processCall(ProtobufRpcEngine.java:466) [hadoop-common-3.3.1.jar:?]
	at org.apache.hadoop.ipc.ProtobufRpcEngine2$Server$ProtoBufRpcInvoker.call(ProtobufRpcEngine2.java:574) [hadoop-common-3.3.1.jar:?]
	at org.apache.hadoop.ipc.ProtobufRpcEngine2$Server$ProtoBufRpcInvoker.call(ProtobufRpcEngine2.java:552) [hadoop-common-3.3.1.jar:?]
	at org.apache.hadoop.ipc.RPC$Server.call(RPC.java:1093) [hadoop-common-3.3.1.jar:?]
	at org.apache.hadoop.ipc.Server$RpcCall.run(Server.java:1035) [hadoop-common-3.3.1.jar:?]
	at org.apache.hadoop.ipc.Server$RpcCall.run(Server.java:963) [hadoop-common-3.3.1.jar:?]
	at java.security.AccessController.doPrivileged(Native Method) ~[?:1.8.0_322]
	at javax.security.auth.Subject.doAs(Subject.java:422) [?:1.8.0_322]
	at org.apache.hadoop.security.UserGroupInformation.doAs(UserGroupInformation.java:1878) [hadoop-common-3.3.1.jar:?]
	at org.apache.hadoop.ipc.Server$Handler.run(Server.java:2966) [hadoop-common-3.3.1.jar:?]
03:12:33.305 [IPC Server handler 8 on default port 39393] ERROR OMAudit - user=runner | ip=127.0.0.1 | op=GET_FILE_STATUS {volume=volume77434, bucket=bucket02225, key=.Trash/runner, dataSize=0, replicationConfig=null} | ret=FAILURE
org.apache.hadoop.ozone.om.exceptions.OMException: Unable to get file status: volume: volume77434 bucket: bucket02225 key: .Trash/runner
	at org.apache.hadoop.ozone.om.KeyManagerImpl.getOzoneFileStatus(KeyManagerImpl.java:1280) ~[ozone-manager-1.3.0-SNAPSHOT.jar:?]
	at org.apache.hadoop.ozone.om.KeyManagerImpl.getFileStatus(KeyManagerImpl.java:1210) ~[ozone-manager-1.3.0-SNAPSHOT.jar:?]
	at org.apache.hadoop.ozone.om.OzoneManager.getFileStatus(OzoneManager.java:3067) ~[ozone-manager-1.3.0-SNAPSHOT.jar:?]
	at org.apache.hadoop.ozone.protocolPB.OzoneManagerRequestHandler.getOzoneFileStatus(OzoneManagerRequestHandler.java:670) ~[ozone-manager-1.3.0-SNAPSHOT.jar:?]
	at org.apache.hadoop.ozone.protocolPB.OzoneManagerRequestHandler.handleReadRequest(OzoneManagerRequestHandler.java:201) ~[ozone-manager-1.3.0-SNAPSHOT.jar:?]
	at org.apache.hadoop.ozone.protocolPB.OzoneManagerProtocolServerSideTranslatorPB.submitReadRequestToOM(OzoneManagerProtocolServerSideTranslatorPB.java:213) ~[ozone-manager-1.3.0-SNAPSHOT.jar:?]
	at org.apache.hadoop.ozone.protocolPB.OzoneManagerProtocolServerSideTranslatorPB.processRequest(OzoneManagerProtocolServerSideTranslatorPB.java:174) ~[ozone-manager-1.3.0-SNAPSHOT.jar:?]
	at org.apache.hadoop.hdds.server.OzoneProtocolMessageDispatcher.processRequest(OzoneProtocolMessageDispatcher.java:87) [hdds-server-framework-1.3.0-SNAPSHOT.jar:?]
	at org.apache.hadoop.ozone.protocolPB.OzoneManagerProtocolServerSideTranslatorPB.submitRequest(OzoneManagerProtocolServerSideTranslatorPB.java:146) [ozone-manager-1.3.0-SNAPSHOT.jar:?]
	at org.apache.hadoop.ozone.protocol.proto.OzoneManagerProtocolProtos$OzoneManagerService$2.callBlockingMethod(OzoneManagerProtocolProtos.java) [ozone-interface-client-1.3.0-SNAPSHOT.jar:?]
	at org.apache.hadoop.ipc.ProtobufRpcEngine$Server.processCall(ProtobufRpcEngine.java:466) [hadoop-common-3.3.1.jar:?]
	at org.apache.hadoop.ipc.ProtobufRpcEngine2$Server$ProtoBufRpcInvoker.call(ProtobufRpcEngine2.java:574) [hadoop-common-3.3.1.jar:?]
	at org.apache.hadoop.ipc.ProtobufRpcEngine2$Server$ProtoBufRpcInvoker.call(ProtobufRpcEngine2.java:552) [hadoop-common-3.3.1.jar:?]
	at org.apache.hadoop.ipc.RPC$Server.call(RPC.java:1093) [hadoop-common-3.3.1.jar:?]
	at org.apache.hadoop.ipc.Server$RpcCall.run(Server.java:1035) [hadoop-common-3.3.1.jar:?]
	at org.apache.hadoop.ipc.Server$RpcCall.run(Server.java:963) [hadoop-common-3.3.1.jar:?]
	at java.security.AccessController.doPrivileged(Native Method) ~[?:1.8.0_322]
	at javax.security.auth.Subject.doAs(Subject.java:422) [?:1.8.0_322]
	at org.apache.hadoop.security.UserGroupInformation.doAs(UserGroupInformation.java:1878) [hadoop-common-3.3.1.jar:?]
	at org.apache.hadoop.ipc.Server$Handler.run(Server.java:2966) [hadoop-common-3.3.1.jar:?]
03:12:33.328 [IPC Server handler 8 on default port 39393] ERROR OMAudit - user=runner | ip=127.0.0.1 | op=GET_FILE_STATUS {volume=77e50db8-8a9b-4368-a984-44c4a2b55305, bucket=43565a3a-411d-4760-badc-20b2a5f50f3e, key=.Trash, dataSize=0, replicationConfig=null} | ret=FAILURE
org.apache.hadoop.ozone.om.exceptions.OMException: Unable to get file status: volume: 77e50db8-8a9b-4368-a984-44c4a2b55305 bucket: 43565a3a-411d-4760-badc-20b2a5f50f3e key: .Trash
	at org.apache.hadoop.ozone.om.KeyManagerImpl.getOzoneFileStatus(KeyManagerImpl.java:1280) ~[ozone-manager-1.3.0-SNAPSHOT.jar:?]
	at org.apache.hadoop.ozone.om.KeyManagerImpl.getFileStatus(KeyManagerImpl.java:1210) ~[ozone-manager-1.3.0-SNAPSHOT.jar:?]
	at org.apache.hadoop.ozone.om.OzoneManager.getFileStatus(OzoneManager.java:3067) ~[ozone-manager-1.3.0-SNAPSHOT.jar:?]
	at org.apache.hadoop.ozone.protocolPB.OzoneManagerRequestHandler.getOzoneFileStatus(OzoneManagerRequestHandler.java:670) ~[ozone-manager-1.3.0-SNAPSHOT.jar:?]
	at org.apache.hadoop.ozone.protocolPB.OzoneManagerRequestHandler.handleReadRequest(OzoneManagerRequestHandler.java:201) ~[ozone-manager-1.3.0-SNAPSHOT.jar:?]
	at org.apache.hadoop.ozone.protocolPB.OzoneManagerProtocolServerSideTranslatorPB.submitReadRequestToOM(OzoneManagerProtocolServerSideTranslatorPB.java:213) ~[ozone-manager-1.3.0-SNAPSHOT.jar:?]
	at org.apache.hadoop.ozone.protocolPB.OzoneManagerProtocolServerSideTranslatorPB.processRequest(OzoneManagerProtocolServerSideTranslatorPB.java:174) ~[ozone-manager-1.3.0-SNAPSHOT.jar:?]
	at org.apache.hadoop.hdds.server.OzoneProtocolMessageDispatcher.processRequest(OzoneProtocolMessageDispatcher.java:87) [hdds-server-framework-1.3.0-SNAPSHOT.jar:?]
	at org.apache.hadoop.ozone.protocolPB.OzoneManagerProtocolServerSideTranslatorPB.submitRequest(OzoneManagerProtocolServerSideTranslatorPB.java:146) [ozone-manager-1.3.0-SNAPSHOT.jar:?]
	at org.apache.hadoop.ozone.protocol.proto.OzoneManagerProtocolProtos$OzoneManagerService$2.callBlockingMethod(OzoneManagerProtocolProtos.java) [ozone-interface-client-1.3.0-SNAPSHOT.jar:?]
	at org.apache.hadoop.ipc.ProtobufRpcEngine$Server.processCall(ProtobufRpcEngine.java:466) [hadoop-common-3.3.1.jar:?]
	at org.apache.hadoop.ipc.ProtobufRpcEngine2$Server$ProtoBufRpcInvoker.call(ProtobufRpcEngine2.java:574) [hadoop-common-3.3.1.jar:?]
	at org.apache.hadoop.ipc.ProtobufRpcEngine2$Server$ProtoBufRpcInvoker.call(ProtobufRpcEngine2.java:552) [hadoop-common-3.3.1.jar:?]
	at org.apache.hadoop.ipc.RPC$Server.call(RPC.java:1093) [hadoop-common-3.3.1.jar:?]
	at org.apache.hadoop.ipc.Server$RpcCall.run(Server.java:1035) [hadoop-common-3.3.1.jar:?]
	at org.apache.hadoop.ipc.Server$RpcCall.run(Server.java:963) [hadoop-common-3.3.1.jar:?]
	at java.security.AccessController.doPrivileged(Native Method) ~[?:1.8.0_322]
	at javax.security.auth.Subject.doAs(Subject.java:422) [?:1.8.0_322]
	at org.apache.hadoop.security.UserGroupInformation.doAs(UserGroupInformation.java:1878) [hadoop-common-3.3.1.jar:?]
	at org.apache.hadoop.ipc.Server$Handler.run(Server.java:2966) [hadoop-common-3.3.1.jar:?]
03:12:33.333 [IPC Server handler 15 on default port 39393] ERROR OMAudit - user=runner | ip=127.0.0.1 | op=GET_FILE_STATUS {volume=volume77434, bucket=bucket02225, key=.Trash, dataSize=0, replicationConfig=null} | ret=FAILURE
org.apache.hadoop.ozone.om.exceptions.OMException: Unable to get file status: volume: volume77434 bucket: bucket02225 key: .Trash
	at org.apache.hadoop.ozone.om.KeyManagerImpl.getOzoneFileStatus(KeyManagerImpl.java:1280) ~[ozone-manager-1.3.0-SNAPSHOT.jar:?]
	at org.apache.hadoop.ozone.om.KeyManagerImpl.getFileStatus(KeyManagerImpl.java:1210) ~[ozone-manager-1.3.0-SNAPSHOT.jar:?]
	at org.apache.hadoop.ozone.om.OzoneManager.getFileStatus(OzoneManager.java:3067) ~[ozone-manager-1.3.0-SNAPSHOT.jar:?]
	at org.apache.hadoop.ozone.protocolPB.OzoneManagerRequestHandler.getOzoneFileStatus(OzoneManagerRequestHandler.java:670) ~[ozone-manager-1.3.0-SNAPSHOT.jar:?]
	at org.apache.hadoop.ozone.protocolPB.OzoneManagerRequestHandler.handleReadRequest(OzoneManagerRequestHandler.java:201) ~[ozone-manager-1.3.0-SNAPSHOT.jar:?]
	at org.apache.hadoop.ozone.protocolPB.OzoneManagerProtocolServerSideTranslatorPB.submitReadRequestToOM(OzoneManagerProtocolServerSideTranslatorPB.java:213) ~[ozone-manager-1.3.0-SNAPSHOT.jar:?]
	at org.apache.hadoop.ozone.protocolPB.OzoneManagerProtocolServerSideTranslatorPB.processRequest(OzoneManagerProtocolServerSideTranslatorPB.java:174) ~[ozone-manager-1.3.0-SNAPSHOT.jar:?]
	at org.apache.hadoop.hdds.server.OzoneProtocolMessageDispatcher.processRequest(OzoneProtocolMessageDispatcher.java:87) [hdds-server-framework-1.3.0-SNAPSHOT.jar:?]
	at org.apache.hadoop.ozone.protocolPB.OzoneManagerProtocolServerSideTranslatorPB.submitRequest(OzoneManagerProtocolServerSideTranslatorPB.java:146) [ozone-manager-1.3.0-SNAPSHOT.jar:?]
	at org.apache.hadoop.ozone.protocol.proto.OzoneManagerProtocolProtos$OzoneManagerService$2.callBlockingMethod(OzoneManagerProtocolProtos.java) [ozone-interface-client-1.3.0-SNAPSHOT.jar:?]
	at org.apache.hadoop.ipc.ProtobufRpcEngine$Server.processCall(ProtobufRpcEngine.java:466) [hadoop-common-3.3.1.jar:?]
	at org.apache.hadoop.ipc.ProtobufRpcEngine2$Server$ProtoBufRpcInvoker.call(ProtobufRpcEngine2.java:574) [hadoop-common-3.3.1.jar:?]
	at org.apache.hadoop.ipc.ProtobufRpcEngine2$Server$ProtoBufRpcInvoker.call(ProtobufRpcEngine2.java:552) [hadoop-common-3.3.1.jar:?]
	at org.apache.hadoop.ipc.RPC$Server.call(RPC.java:1093) [hadoop-common-3.3.1.jar:?]
	at org.apache.hadoop.ipc.Server$RpcCall.run(Server.java:1035) [hadoop-common-3.3.1.jar:?]
	at org.apache.hadoop.ipc.Server$RpcCall.run(Server.java:963) [hadoop-common-3.3.1.jar:?]
	at java.security.AccessController.doPrivileged(Native Method) ~[?:1.8.0_322]
	at javax.security.auth.Subject.doAs(Subject.java:422) [?:1.8.0_322]
	at org.apache.hadoop.security.UserGroupInformation.doAs(UserGroupInformation.java:1878) [hadoop-common-3.3.1.jar:?]
	at org.apache.hadoop.ipc.Server$Handler.run(Server.java:2966) [hadoop-common-3.3.1.jar:?]
03:12:33.383 [IPC Server handler 10 on default port 39393] ERROR OMAudit - user=runner | ip=127.0.0.1 | op=GET_FILE_STATUS {volume=77e50db8-8a9b-4368-a984-44c4a2b55305, bucket=43565a3a-411d-4760-badc-20b2a5f50f3e, key=.Trash/runner, dataSize=0, replicationConfig=null} | ret=FAILURE
org.apache.hadoop.ozone.om.exceptions.OMException: Unable to get file status: volume: 77e50db8-8a9b-4368-a984-44c4a2b55305 bucket: 43565a3a-411d-4760-badc-20b2a5f50f3e key: .Trash/runner
	at org.apache.hadoop.ozone.om.KeyManagerImpl.getOzoneFileStatus(KeyManagerImpl.java:1280) ~[ozone-manager-1.3.0-SNAPSHOT.jar:?]
	at org.apache.hadoop.ozone.om.KeyManagerImpl.getFileStatus(KeyManagerImpl.java:1210) ~[ozone-manager-1.3.0-SNAPSHOT.jar:?]
	at org.apache.hadoop.ozone.om.OzoneManager.getFileStatus(OzoneManager.java:3067) ~[ozone-manager-1.3.0-SNAPSHOT.jar:?]
	at org.apache.hadoop.ozone.protocolPB.OzoneManagerRequestHandler.getOzoneFileStatus(OzoneManagerRequestHandler.java:670) ~[ozone-manager-1.3.0-SNAPSHOT.jar:?]
	at org.apache.hadoop.ozone.protocolPB.OzoneManagerRequestHandler.handleReadRequest(OzoneManagerRequestHandler.java:201) ~[ozone-manager-1.3.0-SNAPSHOT.jar:?]
	at org.apache.hadoop.ozone.protocolPB.OzoneManagerProtocolServerSideTranslatorPB.submitReadRequestToOM(OzoneManagerProtocolServerSideTranslatorPB.java:213) ~[ozone-manager-1.3.0-SNAPSHOT.jar:?]
	at org.apache.hadoop.ozone.protocolPB.OzoneManagerProtocolServerSideTranslatorPB.processRequest(OzoneManagerProtocolServerSideTranslatorPB.java:174) ~[ozone-manager-1.3.0-SNAPSHOT.jar:?]
	at org.apache.hadoop.hdds.server.OzoneProtocolMessageDispatcher.processRequest(OzoneProtocolMessageDispatcher.java:87) [hdds-server-framework-1.3.0-SNAPSHOT.jar:?]
	at org.apache.hadoop.ozone.protocolPB.OzoneManagerProtocolServerSideTranslatorPB.submitRequest(OzoneManagerProtocolServerSideTranslatorPB.java:146) [ozone-manager-1.3.0-SNAPSHOT.jar:?]
	at org.apache.hadoop.ozone.protocol.proto.OzoneManagerProtocolProtos$OzoneManagerService$2.callBlockingMethod(OzoneManagerProtocolProtos.java) [ozone-interface-client-1.3.0-SNAPSHOT.jar:?]
	at org.apache.hadoop.ipc.ProtobufRpcEngine$Server.processCall(ProtobufRpcEngine.java:466) [hadoop-common-3.3.1.jar:?]
	at org.apache.hadoop.ipc.ProtobufRpcEngine2$Server$ProtoBufRpcInvoker.call(ProtobufRpcEngine2.java:574) [hadoop-common-3.3.1.jar:?]
	at org.apache.hadoop.ipc.ProtobufRpcEngine2$Server$ProtoBufRpcInvoker.call(ProtobufRpcEngine2.java:552) [hadoop-common-3.3.1.jar:?]
	at org.apache.hadoop.ipc.RPC$Server.call(RPC.java:1093) [hadoop-common-3.3.1.jar:?]
	at org.apache.hadoop.ipc.Server$RpcCall.run(Server.java:1035) [hadoop-common-3.3.1.jar:?]
	at org.apache.hadoop.ipc.Server$RpcCall.run(Server.java:963) [hadoop-common-3.3.1.jar:?]
	at java.security.AccessController.doPrivileged(Native Method) ~[?:1.8.0_322]
	at javax.security.auth.Subject.doAs(Subject.java:422) [?:1.8.0_322]
	at org.apache.hadoop.security.UserGroupInformation.doAs(UserGroupInformation.java:1878) [hadoop-common-3.3.1.jar:?]
	at org.apache.hadoop.ipc.Server$Handler.run(Server.java:2966) [hadoop-common-3.3.1.jar:?]
03:12:33.387 [IPC Server handler 17 on default port 39393] ERROR OMAudit - user=runner | ip=127.0.0.1 | op=GET_FILE_STATUS {volume=volume77434, bucket=bucket02225, key=.Trash/runner, dataSize=0, replicationConfig=null} | ret=FAILURE
org.apache.hadoop.ozone.om.exceptions.OMException: Unable to get file status: volume: volume77434 bucket: bucket02225 key: .Trash/runner
	at org.apache.hadoop.ozone.om.KeyManagerImpl.getOzoneFileStatus(KeyManagerImpl.java:1280) ~[ozone-manager-1.3.0-SNAPSHOT.jar:?]
	at org.apache.hadoop.ozone.om.KeyManagerImpl.getFileStatus(KeyManagerImpl.java:1210) ~[ozone-manager-1.3.0-SNAPSHOT.jar:?]
	at org.apache.hadoop.ozone.om.OzoneManager.getFileStatus(OzoneManager.java:3067) ~[ozone-manager-1.3.0-SNAPSHOT.jar:?]
	at org.apache.hadoop.ozone.protocolPB.OzoneManagerRequestHandler.getOzoneFileStatus(OzoneManagerRequestHandler.java:670) ~[ozone-manager-1.3.0-SNAPSHOT.jar:?]
	at org.apache.hadoop.ozone.protocolPB.OzoneManagerRequestHandler.handleReadRequest(OzoneManagerRequestHandler.java:201) ~[ozone-manager-1.3.0-SNAPSHOT.jar:?]
	at org.apache.hadoop.ozone.protocolPB.OzoneManagerProtocolServerSideTranslatorPB.submitReadRequestToOM(OzoneManagerProtocolServerSideTranslatorPB.java:213) ~[ozone-manager-1.3.0-SNAPSHOT.jar:?]
	at org.apache.hadoop.ozone.protocolPB.OzoneManagerProtocolServerSideTranslatorPB.processRequest(OzoneManagerProtocolServerSideTranslatorPB.java:174) ~[ozone-manager-1.3.0-SNAPSHOT.jar:?]
	at org.apache.hadoop.hdds.server.OzoneProtocolMessageDispatcher.processRequest(OzoneProtocolMessageDispatcher.java:87) [hdds-server-framework-1.3.0-SNAPSHOT.jar:?]
	at org.apache.hadoop.ozone.protocolPB.OzoneManagerProtocolServerSideTranslatorPB.submitRequest(OzoneManagerProtocolServerSideTranslatorPB.java:146) [ozone-manager-1.3.0-SNAPSHOT.jar:?]
	at org.apache.hadoop.ozone.protocol.proto.OzoneManagerProtocolProtos$OzoneManagerService$2.callBlockingMethod(OzoneManagerProtocolProtos.java) [ozone-interface-client-1.3.0-SNAPSHOT.jar:?]
	at org.apache.hadoop.ipc.ProtobufRpcEngine$Server.processCall(ProtobufRpcEngine.java:466) [hadoop-common-3.3.1.jar:?]
	at org.apache.hadoop.ipc.ProtobufRpcEngine2$Server$ProtoBufRpcInvoker.call(ProtobufRpcEngine2.java:574) [hadoop-common-3.3.1.jar:?]
	at org.apache.hadoop.ipc.ProtobufRpcEngine2$Server$ProtoBufRpcInvoker.call(ProtobufRpcEngine2.java:552) [hadoop-common-3.3.1.jar:?]
	at org.apache.hadoop.ipc.RPC$Server.call(RPC.java:1093) [hadoop-common-3.3.1.jar:?]
	at org.apache.hadoop.ipc.Server$RpcCall.run(Server.java:1035) [hadoop-common-3.3.1.jar:?]
	at org.apache.hadoop.ipc.Server$RpcCall.run(Server.java:963) [hadoop-common-3.3.1.jar:?]
	at java.security.AccessController.doPrivileged(Native Method) ~[?:1.8.0_322]
	at javax.security.auth.Subject.doAs(Subject.java:422) [?:1.8.0_322]
	at org.apache.hadoop.security.UserGroupInformation.doAs(UserGroupInformation.java:1878) [hadoop-common-3.3.1.jar:?]
	at org.apache.hadoop.ipc.Server$Handler.run(Server.java:2966) [hadoop-common-3.3.1.jar:?]
03:12:33.395 [IPC Server handler 3 on default port 39393] ERROR OMAudit - user=runner | ip=127.0.0.1 | op=GET_FILE_STATUS {volume=volume98965, bucket=trashroottest2, key=.Trash/runner, dataSize=0, replicationConfig=null} | ret=FAILURE
org.apache.hadoop.ozone.om.exceptions.OMException: Unable to get file status: volume: volume98965 bucket: trashroottest2 key: .Trash/runner
	at org.apache.hadoop.ozone.om.KeyManagerImpl.getOzoneFileStatus(KeyManagerImpl.java:1280) ~[ozone-manager-1.3.0-SNAPSHOT.jar:?]
	at org.apache.hadoop.ozone.om.KeyManagerImpl.getFileStatus(KeyManagerImpl.java:1210) ~[ozone-manager-1.3.0-SNAPSHOT.jar:?]
	at org.apache.hadoop.ozone.om.OzoneManager.getFileStatus(OzoneManager.java:3067) ~[ozone-manager-1.3.0-SNAPSHOT.jar:?]
	at org.apache.hadoop.ozone.protocolPB.OzoneManagerRequestHandler.getOzoneFileStatus(OzoneManagerRequestHandler.java:670) ~[ozone-manager-1.3.0-SNAPSHOT.jar:?]
	at org.apache.hadoop.ozone.protocolPB.OzoneManagerRequestHandler.handleReadRequest(OzoneManagerRequestHandler.java:201) ~[ozone-manager-1.3.0-SNAPSHOT.jar:?]
	at org.apache.hadoop.ozone.protocolPB.OzoneManagerProtocolServerSideTranslatorPB.submitReadRequestToOM(OzoneManagerProtocolServerSideTranslatorPB.java:213) ~[ozone-manager-1.3.0-SNAPSHOT.jar:?]
	at org.apache.hadoop.ozone.protocolPB.OzoneManagerProtocolServerSideTranslatorPB.processRequest(OzoneManagerProtocolServerSideTranslatorPB.java:174) ~[ozone-manager-1.3.0-SNAPSHOT.jar:?]
	at org.apache.hadoop.hdds.server.OzoneProtocolMessageDispatcher.processRequest(OzoneProtocolMessageDispatcher.java:87) [hdds-server-framework-1.3.0-SNAPSHOT.jar:?]
	at org.apache.hadoop.ozone.protocolPB.OzoneManagerProtocolServerSideTranslatorPB.submitRequest(OzoneManagerProtocolServerSideTranslatorPB.java:146) [ozone-manager-1.3.0-SNAPSHOT.jar:?]
	at org.apache.hadoop.ozone.protocol.proto.OzoneManagerProtocolProtos$OzoneManagerService$2.callBlockingMethod(OzoneManagerProtocolProtos.java) [ozone-interface-client-1.3.0-SNAPSHOT.jar:?]
	at org.apache.hadoop.ipc.ProtobufRpcEngine$Server.processCall(ProtobufRpcEngine.java:466) [hadoop-common-3.3.1.jar:?]
	at org.apache.hadoop.ipc.ProtobufRpcEngine2$Server$ProtoBufRpcInvoker.call(ProtobufRpcEngine2.java:574) [hadoop-common-3.3.1.jar:?]
	at org.apache.hadoop.ipc.ProtobufRpcEngine2$Server$ProtoBufRpcInvoker.call(ProtobufRpcEngine2.java:552) [hadoop-common-3.3.1.jar:?]
	at org.apache.hadoop.ipc.RPC$Server.call(RPC.java:1093) [hadoop-common-3.3.1.jar:?]
	at org.apache.hadoop.ipc.Server$RpcCall.run(Server.java:1035) [hadoop-common-3.3.1.jar:?]
	at org.apache.hadoop.ipc.Server$RpcCall.run(Server.java:963) [hadoop-common-3.3.1.jar:?]
	at java.security.AccessController.doPrivileged(Native Method) ~[?:1.8.0_322]
	at javax.security.auth.Subject.doAs(Subject.java:422) [?:1.8.0_322]
	at org.apache.hadoop.security.UserGroupInformation.doAs(UserGroupInformation.java:1878) [hadoop-common-3.3.1.jar:?]
	at org.apache.hadoop.ipc.Server$Handler.run(Server.java:2966) [hadoop-common-3.3.1.jar:?]
03:12:33.400 [IPC Server handler 8 on default port 39393] ERROR OMAudit - user=runner | ip=127.0.0.1 | op=GET_FILE_STATUS {volume=77e50db8-8a9b-4368-a984-44c4a2b55305, bucket=43565a3a-411d-4760-badc-20b2a5f50f3e, key=.Trash, dataSize=0, replicationConfig=null} | ret=FAILURE
org.apache.hadoop.ozone.om.exceptions.OMException: Unable to get file status: volume: 77e50db8-8a9b-4368-a984-44c4a2b55305 bucket: 43565a3a-411d-4760-badc-20b2a5f50f3e key: .Trash
	at org.apache.hadoop.ozone.om.KeyManagerImpl.getOzoneFileStatus(KeyManagerImpl.java:1280) ~[ozone-manager-1.3.0-SNAPSHOT.jar:?]
	at org.apache.hadoop.ozone.om.KeyManagerImpl.getFileStatus(KeyManagerImpl.java:1210) ~[ozone-manager-1.3.0-SNAPSHOT.jar:?]
	at org.apache.hadoop.ozone.om.OzoneManager.getFileStatus(OzoneManager.java:3067) ~[ozone-manager-1.3.0-SNAPSHOT.jar:?]
	at org.apache.hadoop.ozone.protocolPB.OzoneManagerRequestHandler.getOzoneFileStatus(OzoneManagerRequestHandler.java:670) ~[ozone-manager-1.3.0-SNAPSHOT.jar:?]
	at org.apache.hadoop.ozone.protocolPB.OzoneManagerRequestHandler.handleReadRequest(OzoneManagerRequestHandler.java:201) ~[ozone-manager-1.3.0-SNAPSHOT.jar:?]
	at org.apache.hadoop.ozone.protocolPB.OzoneManagerProtocolServerSideTranslatorPB.submitReadRequestToOM(OzoneManagerProtocolServerSideTranslatorPB.java:213) ~[ozone-manager-1.3.0-SNAPSHOT.jar:?]
	at org.apache.hadoop.ozone.protocolPB.OzoneManagerProtocolServerSideTranslatorPB.processRequest(OzoneManagerProtocolServerSideTranslatorPB.java:174) ~[ozone-manager-1.3.0-SNAPSHOT.jar:?]
	at org.apache.hadoop.hdds.server.OzoneProtocolMessageDispatcher.processRequest(OzoneProtocolMessageDispatcher.java:87) [hdds-server-framework-1.3.0-SNAPSHOT.jar:?]
	at org.apache.hadoop.ozone.protocolPB.OzoneManagerProtocolServerSideTranslatorPB.submitRequest(OzoneManagerProtocolServerSideTranslatorPB.java:146) [ozone-manager-1.3.0-SNAPSHOT.jar:?]
	at org.apache.hadoop.ozone.protocol.proto.OzoneManagerProtocolProtos$OzoneManagerService$2.callBlockingMethod(OzoneManagerProtocolProtos.java) [ozone-interface-client-1.3.0-SNAPSHOT.jar:?]
	at org.apache.hadoop.ipc.ProtobufRpcEngine$Server.processCall(ProtobufRpcEngine.java:466) [hadoop-common-3.3.1.jar:?]
	at org.apache.hadoop.ipc.ProtobufRpcEngine2$Server$ProtoBufRpcInvoker.call(ProtobufRpcEngine2.java:574) [hadoop-common-3.3.1.jar:?]
	at org.apache.hadoop.ipc.ProtobufRpcEngine2$Server$ProtoBufRpcInvoker.call(ProtobufRpcEngine2.java:552) [hadoop-common-3.3.1.jar:?]
	at org.apache.hadoop.ipc.RPC$Server.call(RPC.java:1093) [hadoop-common-3.3.1.jar:?]
	at org.apache.hadoop.ipc.Server$RpcCall.run(Server.java:1035) [hadoop-common-3.3.1.jar:?]
	at org.apache.hadoop.ipc.Server$RpcCall.run(Server.java:963) [hadoop-common-3.3.1.jar:?]
	at java.security.AccessController.doPrivileged(Native Method) ~[?:1.8.0_322]
	at javax.security.auth.Subject.doAs(Subject.java:422) [?:1.8.0_322]
	at org.apache.hadoop.security.UserGroupInformation.doAs(UserGroupInformation.java:1878) [hadoop-common-3.3.1.jar:?]
	at org.apache.hadoop.ipc.Server$Handler.run(Server.java:2966) [hadoop-common-3.3.1.jar:?]
03:12:33.404 [IPC Server handler 15 on default port 39393] ERROR OMAudit - user=runner | ip=127.0.0.1 | op=GET_FILE_STATUS {volume=volume77434, bucket=bucket02225, key=.Trash, dataSize=0, replicationConfig=null} | ret=FAILURE
org.apache.hadoop.ozone.om.exceptions.OMException: Unable to get file status: volume: volume77434 bucket: bucket02225 key: .Trash
	at org.apache.hadoop.ozone.om.KeyManagerImpl.getOzoneFileStatus(KeyManagerImpl.java:1280) ~[ozone-manager-1.3.0-SNAPSHOT.jar:?]
	at org.apache.hadoop.ozone.om.KeyManagerImpl.getFileStatus(KeyManagerImpl.java:1210) ~[ozone-manager-1.3.0-SNAPSHOT.jar:?]
	at org.apache.hadoop.ozone.om.OzoneManager.getFileStatus(OzoneManager.java:3067) ~[ozone-manager-1.3.0-SNAPSHOT.jar:?]
	at org.apache.hadoop.ozone.protocolPB.OzoneManagerRequestHandler.getOzoneFileStatus(OzoneManagerRequestHandler.java:670) ~[ozone-manager-1.3.0-SNAPSHOT.jar:?]
	at org.apache.hadoop.ozone.protocolPB.OzoneManagerRequestHandler.handleReadRequest(OzoneManagerRequestHandler.java:201) ~[ozone-manager-1.3.0-SNAPSHOT.jar:?]
	at org.apache.hadoop.ozone.protocolPB.OzoneManagerProtocolServerSideTranslatorPB.submitReadRequestToOM(OzoneManagerProtocolServerSideTranslatorPB.java:213) ~[ozone-manager-1.3.0-SNAPSHOT.jar:?]
	at org.apache.hadoop.ozone.protocolPB.OzoneManagerProtocolServerSideTranslatorPB.processRequest(OzoneManagerProtocolServerSideTranslatorPB.java:174) ~[ozone-manager-1.3.0-SNAPSHOT.jar:?]
	at org.apache.hadoop.hdds.server.OzoneProtocolMessageDispatcher.processRequest(OzoneProtocolMessageDispatcher.java:87) [hdds-server-framework-1.3.0-SNAPSHOT.jar:?]
	at org.apache.hadoop.ozone.protocolPB.OzoneManagerProtocolServerSideTranslatorPB.submitRequest(OzoneManagerProtocolServerSideTranslatorPB.java:146) [ozone-manager-1.3.0-SNAPSHOT.jar:?]
	at org.apache.hadoop.ozone.protocol.proto.OzoneManagerProtocolProtos$OzoneManagerService$2.callBlockingMethod(OzoneManagerProtocolProtos.java) [ozone-interface-client-1.3.0-SNAPSHOT.jar:?]
	at org.apache.hadoop.ipc.ProtobufRpcEngine$Server.processCall(ProtobufRpcEngine.java:466) [hadoop-common-3.3.1.jar:?]
	at org.apache.hadoop.ipc.ProtobufRpcEngine2$Server$ProtoBufRpcInvoker.call(ProtobufRpcEngine2.java:574) [hadoop-common-3.3.1.jar:?]
	at org.apache.hadoop.ipc.ProtobufRpcEngine2$Server$ProtoBufRpcInvoker.call(ProtobufRpcEngine2.java:552) [hadoop-common-3.3.1.jar:?]
	at org.apache.hadoop.ipc.RPC$Server.call(RPC.java:1093) [hadoop-common-3.3.1.jar:?]
	at org.apache.hadoop.ipc.Server$RpcCall.run(Server.java:1035) [hadoop-common-3.3.1.jar:?]
	at org.apache.hadoop.ipc.Server$RpcCall.run(Server.java:963) [hadoop-common-3.3.1.jar:?]
	at java.security.AccessController.doPrivileged(Native Method) ~[?:1.8.0_322]
	at javax.security.auth.Subject.doAs(Subject.java:422) [?:1.8.0_322]
	at org.apache.hadoop.security.UserGroupInformation.doAs(UserGroupInformation.java:1878) [hadoop-common-3.3.1.jar:?]
	at org.apache.hadoop.ipc.Server$Handler.run(Server.java:2966) [hadoop-common-3.3.1.jar:?]
03:12:33.417 [IPC Server handler 9 on default port 39393] ERROR OMAudit - user=runner | ip=127.0.0.1 | op=GET_FILE_STATUS {volume=volume98965, bucket=trashroottest2, key=.Trash, dataSize=0, replicationConfig=null} | ret=FAILURE
org.apache.hadoop.ozone.om.exceptions.OMException: Unable to get file status: volume: volume98965 bucket: trashroottest2 key: .Trash
	at org.apache.hadoop.ozone.om.KeyManagerImpl.getOzoneFileStatus(KeyManagerImpl.java:1280) ~[ozone-manager-1.3.0-SNAPSHOT.jar:?]
	at org.apache.hadoop.ozone.om.KeyManagerImpl.getFileStatus(KeyManagerImpl.java:1210) ~[ozone-manager-1.3.0-SNAPSHOT.jar:?]
	at org.apache.hadoop.ozone.om.OzoneManager.getFileStatus(OzoneManager.java:3067) ~[ozone-manager-1.3.0-SNAPSHOT.jar:?]
	at org.apache.hadoop.ozone.protocolPB.OzoneManagerRequestHandler.getOzoneFileStatus(OzoneManagerRequestHandler.java:670) ~[ozone-manager-1.3.0-SNAPSHOT.jar:?]
	at org.apache.hadoop.ozone.protocolPB.OzoneManagerRequestHandler.handleReadRequest(OzoneManagerRequestHandler.java:201) ~[ozone-manager-1.3.0-SNAPSHOT.jar:?]
	at org.apache.hadoop.ozone.protocolPB.OzoneManagerProtocolServerSideTranslatorPB.submitReadRequestToOM(OzoneManagerProtocolServerSideTranslatorPB.java:213) ~[ozone-manager-1.3.0-SNAPSHOT.jar:?]
	at org.apache.hadoop.ozone.protocolPB.OzoneManagerProtocolServerSideTranslatorPB.processRequest(OzoneManagerProtocolServerSideTranslatorPB.java:174) ~[ozone-manager-1.3.0-SNAPSHOT.jar:?]
	at org.apache.hadoop.hdds.server.OzoneProtocolMessageDispatcher.processRequest(OzoneProtocolMessageDispatcher.java:87) [hdds-server-framework-1.3.0-SNAPSHOT.jar:?]
	at org.apache.hadoop.ozone.protocolPB.OzoneManagerProtocolServerSideTranslatorPB.submitRequest(OzoneManagerProtocolServerSideTranslatorPB.java:146) [ozone-manager-1.3.0-SNAPSHOT.jar:?]
	at org.apache.hadoop.ozone.protocol.proto.OzoneManagerProtocolProtos$OzoneManagerService$2.callBlockingMethod(OzoneManagerProtocolProtos.java) [ozone-interface-client-1.3.0-SNAPSHOT.jar:?]
	at org.apache.hadoop.ipc.ProtobufRpcEngine$Server.processCall(ProtobufRpcEngine.java:466) [hadoop-common-3.3.1.jar:?]
	at org.apache.hadoop.ipc.ProtobufRpcEngine2$Server$ProtoBufRpcInvoker.call(ProtobufRpcEngine2.java:574) [hadoop-common-3.3.1.jar:?]
	at org.apache.hadoop.ipc.ProtobufRpcEngine2$Server$ProtoBufRpcInvoker.call(ProtobufRpcEngine2.java:552) [hadoop-common-3.3.1.jar:?]
	at org.apache.hadoop.ipc.RPC$Server.call(RPC.java:1093) [hadoop-common-3.3.1.jar:?]
	at org.apache.hadoop.ipc.Server$RpcCall.run(Server.java:1035) [hadoop-common-3.3.1.jar:?]
	at org.apache.hadoop.ipc.Server$RpcCall.run(Server.java:963) [hadoop-common-3.3.1.jar:?]
	at java.security.AccessController.doPrivileged(Native Method) ~[?:1.8.0_322]
	at javax.security.auth.Subject.doAs(Subject.java:422) [?:1.8.0_322]
	at org.apache.hadoop.security.UserGroupInformation.doAs(UserGroupInformation.java:1878) [hadoop-common-3.3.1.jar:?]
	at org.apache.hadoop.ipc.Server$Handler.run(Server.java:2966) [hadoop-common-3.3.1.jar:?]
03:12:33.441 [IPC Server handler 0 on default port 39393] ERROR OMAudit - user=runner | ip=127.0.0.1 | op=GET_FILE_STATUS {volume=77e50db8-8a9b-4368-a984-44c4a2b55305, bucket=43565a3a-411d-4760-badc-20b2a5f50f3e, key=.Trash/runner, dataSize=0, replicationConfig=null} | ret=FAILURE
org.apache.hadoop.ozone.om.exceptions.OMException: Unable to get file status: volume: 77e50db8-8a9b-4368-a984-44c4a2b55305 bucket: 43565a3a-411d-4760-badc-20b2a5f50f3e key: .Trash/runner
	at org.apache.hadoop.ozone.om.KeyManagerImpl.getOzoneFileStatus(KeyManagerImpl.java:1280) ~[ozone-manager-1.3.0-SNAPSHOT.jar:?]
	at org.apache.hadoop.ozone.om.KeyManagerImpl.getFileStatus(KeyManagerImpl.java:1210) ~[ozone-manager-1.3.0-SNAPSHOT.jar:?]
	at org.apache.hadoop.ozone.om.OzoneManager.getFileStatus(OzoneManager.java:3067) ~[ozone-manager-1.3.0-SNAPSHOT.jar:?]
	at org.apache.hadoop.ozone.protocolPB.OzoneManagerRequestHandler.getOzoneFileStatus(OzoneManagerRequestHandler.java:670) ~[ozone-manager-1.3.0-SNAPSHOT.jar:?]
	at org.apache.hadoop.ozone.protocolPB.OzoneManagerRequestHandler.handleReadRequest(OzoneManagerRequestHandler.java:201) ~[ozone-manager-1.3.0-SNAPSHOT.jar:?]
	at org.apache.hadoop.ozone.protocolPB.OzoneManagerProtocolServerSideTranslatorPB.submitReadRequestToOM(OzoneManagerProtocolServerSideTranslatorPB.java:213) ~[ozone-manager-1.3.0-SNAPSHOT.jar:?]
	at org.apache.hadoop.ozone.protocolPB.OzoneManagerProtocolServerSideTranslatorPB.processRequest(OzoneManagerProtocolServerSideTranslatorPB.java:174) ~[ozone-manager-1.3.0-SNAPSHOT.jar:?]
	at org.apache.hadoop.hdds.server.OzoneProtocolMessageDispatcher.processRequest(OzoneProtocolMessageDispatcher.java:87) [hdds-server-framework-1.3.0-SNAPSHOT.jar:?]
	at org.apache.hadoop.ozone.protocolPB.OzoneManagerProtocolServerSideTranslatorPB.submitRequest(OzoneManagerProtocolServerSideTranslatorPB.java:146) [ozone-manager-1.3.0-SNAPSHOT.jar:?]
	at org.apache.hadoop.ozone.protocol.proto.OzoneManagerProtocolProtos$OzoneManagerService$2.callBlockingMethod(OzoneManagerProtocolProtos.java) [ozone-interface-client-1.3.0-SNAPSHOT.jar:?]
	at org.apache.hadoop.ipc.ProtobufRpcEngine$Server.processCall(ProtobufRpcEngine.java:466) [hadoop-common-3.3.1.jar:?]
	at org.apache.hadoop.ipc.ProtobufRpcEngine2$Server$ProtoBufRpcInvoker.call(ProtobufRpcEngine2.java:574) [hadoop-common-3.3.1.jar:?]
	at org.apache.hadoop.ipc.ProtobufRpcEngine2$Server$ProtoBufRpcInvoker.call(ProtobufRpcEngine2.java:552) [hadoop-common-3.3.1.jar:?]
	at org.apache.hadoop.ipc.RPC$Server.call(RPC.java:1093) [hadoop-common-3.3.1.jar:?]
	at org.apache.hadoop.ipc.Server$RpcCall.run(Server.java:1035) [hadoop-common-3.3.1.jar:?]
	at org.apache.hadoop.ipc.Server$RpcCall.run(Server.java:963) [hadoop-common-3.3.1.jar:?]
	at java.security.AccessController.doPrivileged(Native Method) ~[?:1.8.0_322]
	at javax.security.auth.Subject.doAs(Subject.java:422) [?:1.8.0_322]
	at org.apache.hadoop.security.UserGroupInformation.doAs(UserGroupInformation.java:1878) [hadoop-common-3.3.1.jar:?]
	at org.apache.hadoop.ipc.Server$Handler.run(Server.java:2966) [hadoop-common-3.3.1.jar:?]
03:12:33.445 [IPC Server handler 8 on default port 39393] ERROR OMAudit - user=runner | ip=127.0.0.1 | op=GET_FILE_STATUS {volume=volume77434, bucket=bucket02225, key=.Trash/runner, dataSize=0, replicationConfig=null} | ret=FAILURE
org.apache.hadoop.ozone.om.exceptions.OMException: Unable to get file status: volume: volume77434 bucket: bucket02225 key: .Trash/runner
	at org.apache.hadoop.ozone.om.KeyManagerImpl.getOzoneFileStatus(KeyManagerImpl.java:1280) ~[ozone-manager-1.3.0-SNAPSHOT.jar:?]
	at org.apache.hadoop.ozone.om.KeyManagerImpl.getFileStatus(KeyManagerImpl.java:1210) ~[ozone-manager-1.3.0-SNAPSHOT.jar:?]
	at org.apache.hadoop.ozone.om.OzoneManager.getFileStatus(OzoneManager.java:3067) ~[ozone-manager-1.3.0-SNAPSHOT.jar:?]
	at org.apache.hadoop.ozone.protocolPB.OzoneManagerRequestHandler.getOzoneFileStatus(OzoneManagerRequestHandler.java:670) ~[ozone-manager-1.3.0-SNAPSHOT.jar:?]
	at org.apache.hadoop.ozone.protocolPB.OzoneManagerRequestHandler.handleReadRequest(OzoneManagerRequestHandler.java:201) ~[ozone-manager-1.3.0-SNAPSHOT.jar:?]
	at org.apache.hadoop.ozone.protocolPB.OzoneManagerProtocolServerSideTranslatorPB.submitReadRequestToOM(OzoneManagerProtocolServerSideTranslatorPB.java:213) ~[ozone-manager-1.3.0-SNAPSHOT.jar:?]
	at org.apache.hadoop.ozone.protocolPB.OzoneManagerProtocolServerSideTranslatorPB.processRequest(OzoneManagerProtocolServerSideTranslatorPB.java:174) ~[ozone-manager-1.3.0-SNAPSHOT.jar:?]
	at org.apache.hadoop.hdds.server.OzoneProtocolMessageDispatcher.processRequest(OzoneProtocolMessageDispatcher.java:87) [hdds-server-framework-1.3.0-SNAPSHOT.jar:?]
	at org.apache.hadoop.ozone.protocolPB.OzoneManagerProtocolServerSideTranslatorPB.submitRequest(OzoneManagerProtocolServerSideTranslatorPB.java:146) [ozone-manager-1.3.0-SNAPSHOT.jar:?]
	at org.apache.hadoop.ozone.protocol.proto.OzoneManagerProtocolProtos$OzoneManagerService$2.callBlockingMethod(OzoneManagerProtocolProtos.java) [ozone-interface-client-1.3.0-SNAPSHOT.jar:?]
	at org.apache.hadoop.ipc.ProtobufRpcEngine$Server.processCall(ProtobufRpcEngine.java:466) [hadoop-common-3.3.1.jar:?]
	at org.apache.hadoop.ipc.ProtobufRpcEngine2$Server$ProtoBufRpcInvoker.call(ProtobufRpcEngine2.java:574) [hadoop-common-3.3.1.jar:?]
	at org.apache.hadoop.ipc.ProtobufRpcEngine2$Server$ProtoBufRpcInvoker.call(ProtobufRpcEngine2.java:552) [hadoop-common-3.3.1.jar:?]
	at org.apache.hadoop.ipc.RPC$Server.call(RPC.java:1093) [hadoop-common-3.3.1.jar:?]
	at org.apache.hadoop.ipc.Server$RpcCall.run(Server.java:1035) [hadoop-common-3.3.1.jar:?]
	at org.apache.hadoop.ipc.Server$RpcCall.run(Server.java:963) [hadoop-common-3.3.1.jar:?]
	at java.security.AccessController.doPrivileged(Native Method) ~[?:1.8.0_322]
	at javax.security.auth.Subject.doAs(Subject.java:422) [?:1.8.0_322]
	at org.apache.hadoop.security.UserGroupInformation.doAs(UserGroupInformation.java:1878) [hadoop-common-3.3.1.jar:?]
	at org.apache.hadoop.ipc.Server$Handler.run(Server.java:2966) [hadoop-common-3.3.1.jar:?]
03:12:33.460 [IPC Server handler 1 on default port 39393] ERROR OMAudit - user=runner | ip=127.0.0.1 | op=GET_FILE_STATUS {volume=volume98965, bucket=trashroottest2, key=.Trash/runner, dataSize=0, replicationConfig=null} | ret=FAILURE
org.apache.hadoop.ozone.om.exceptions.OMException: Unable to get file status: volume: volume98965 bucket: trashroottest2 key: .Trash/runner
	at org.apache.hadoop.ozone.om.KeyManagerImpl.getOzoneFileStatus(KeyManagerImpl.java:1280) ~[ozone-manager-1.3.0-SNAPSHOT.jar:?]
	at org.apache.hadoop.ozone.om.KeyManagerImpl.getFileStatus(KeyManagerImpl.java:1210) ~[ozone-manager-1.3.0-SNAPSHOT.jar:?]
	at org.apache.hadoop.ozone.om.OzoneManager.getFileStatus(OzoneManager.java:3067) ~[ozone-manager-1.3.0-SNAPSHOT.jar:?]
	at org.apache.hadoop.ozone.protocolPB.OzoneManagerRequestHandler.getOzoneFileStatus(OzoneManagerRequestHandler.java:670) ~[ozone-manager-1.3.0-SNAPSHOT.jar:?]
	at org.apache.hadoop.ozone.protocolPB.OzoneManagerRequestHandler.handleReadRequest(OzoneManagerRequestHandler.java:201) ~[ozone-manager-1.3.0-SNAPSHOT.jar:?]
	at org.apache.hadoop.ozone.protocolPB.OzoneManagerProtocolServerSideTranslatorPB.submitReadRequestToOM(OzoneManagerProtocolServerSideTranslatorPB.java:213) ~[ozone-manager-1.3.0-SNAPSHOT.jar:?]
	at org.apache.hadoop.ozone.protocolPB.OzoneManagerProtocolServerSideTranslatorPB.processRequest(OzoneManagerProtocolServerSideTranslatorPB.java:174) ~[ozone-manager-1.3.0-SNAPSHOT.jar:?]
	at org.apache.hadoop.hdds.server.OzoneProtocolMessageDispatcher.processRequest(OzoneProtocolMessageDispatcher.java:87) [hdds-server-framework-1.3.0-SNAPSHOT.jar:?]
	at org.apache.hadoop.ozone.protocolPB.OzoneManagerProtocolServerSideTranslatorPB.submitRequest(OzoneManagerProtocolServerSideTranslatorPB.java:146) [ozone-manager-1.3.0-SNAPSHOT.jar:?]
	at org.apache.hadoop.ozone.protocol.proto.OzoneManagerProtocolProtos$OzoneManagerService$2.callBlockingMethod(OzoneManagerProtocolProtos.java) [ozone-interface-client-1.3.0-SNAPSHOT.jar:?]
	at org.apache.hadoop.ipc.ProtobufRpcEngine$Server.processCall(ProtobufRpcEngine.java:466) [hadoop-common-3.3.1.jar:?]
	at org.apache.hadoop.ipc.ProtobufRpcEngine2$Server$ProtoBufRpcInvoker.call(ProtobufRpcEngine2.java:574) [hadoop-common-3.3.1.jar:?]
	at org.apache.hadoop.ipc.ProtobufRpcEngine2$Server$ProtoBufRpcInvoker.call(ProtobufRpcEngine2.java:552) [hadoop-common-3.3.1.jar:?]
	at org.apache.hadoop.ipc.RPC$Server.call(RPC.java:1093) [hadoop-common-3.3.1.jar:?]
	at org.apache.hadoop.ipc.Server$RpcCall.run(Server.java:1035) [hadoop-common-3.3.1.jar:?]
	at org.apache.hadoop.ipc.Server$RpcCall.run(Server.java:963) [hadoop-common-3.3.1.jar:?]
	at java.security.AccessController.doPrivileged(Native Method) ~[?:1.8.0_322]
	at javax.security.auth.Subject.doAs(Subject.java:422) [?:1.8.0_322]
	at org.apache.hadoop.security.UserGroupInformation.doAs(UserGroupInformation.java:1878) [hadoop-common-3.3.1.jar:?]
	at org.apache.hadoop.ipc.Server$Handler.run(Server.java:2966) [hadoop-common-3.3.1.jar:?]
03:12:33.470 [IPC Server handler 6 on default port 39393] ERROR OMAudit - user=runner | ip=127.0.0.1 | op=GET_FILE_STATUS {volume=77e50db8-8a9b-4368-a984-44c4a2b55305, bucket=43565a3a-411d-4760-badc-20b2a5f50f3e, key=.Trash, dataSize=0, replicationConfig=null} | ret=FAILURE
org.apache.hadoop.ozone.om.exceptions.OMException: Unable to get file status: volume: 77e50db8-8a9b-4368-a984-44c4a2b55305 bucket: 43565a3a-411d-4760-badc-20b2a5f50f3e key: .Trash
	at org.apache.hadoop.ozone.om.KeyManagerImpl.getOzoneFileStatus(KeyManagerImpl.java:1280) ~[ozone-manager-1.3.0-SNAPSHOT.jar:?]
	at org.apache.hadoop.ozone.om.KeyManagerImpl.getFileStatus(KeyManagerImpl.java:1210) ~[ozone-manager-1.3.0-SNAPSHOT.jar:?]
	at org.apache.hadoop.ozone.om.OzoneManager.getFileStatus(OzoneManager.java:3067) ~[ozone-manager-1.3.0-SNAPSHOT.jar:?]
	at org.apache.hadoop.ozone.protocolPB.OzoneManagerRequestHandler.getOzoneFileStatus(OzoneManagerRequestHandler.java:670) ~[ozone-manager-1.3.0-SNAPSHOT.jar:?]
	at org.apache.hadoop.ozone.protocolPB.OzoneManagerRequestHandler.handleReadRequest(OzoneManagerRequestHandler.java:201) ~[ozone-manager-1.3.0-SNAPSHOT.jar:?]
	at org.apache.hadoop.ozone.protocolPB.OzoneManagerProtocolServerSideTranslatorPB.submitReadRequestToOM(OzoneManagerProtocolServerSideTranslatorPB.java:213) ~[ozone-manager-1.3.0-SNAPSHOT.jar:?]
	at org.apache.hadoop.ozone.protocolPB.OzoneManagerProtocolServerSideTranslatorPB.processRequest(OzoneManagerProtocolServerSideTranslatorPB.java:174) ~[ozone-manager-1.3.0-SNAPSHOT.jar:?]
	at org.apache.hadoop.hdds.server.OzoneProtocolMessageDispatcher.processRequest(OzoneProtocolMessageDispatcher.java:87) [hdds-server-framework-1.3.0-SNAPSHOT.jar:?]
	at org.apache.hadoop.ozone.protocolPB.OzoneManagerProtocolServerSideTranslatorPB.submitRequest(OzoneManagerProtocolServerSideTranslatorPB.java:146) [ozone-manager-1.3.0-SNAPSHOT.jar:?]
	at org.apache.hadoop.ozone.protocol.proto.OzoneManagerProtocolProtos$OzoneManagerService$2.callBlockingMethod(OzoneManagerProtocolProtos.java) [ozone-interface-client-1.3.0-SNAPSHOT.jar:?]
	at org.apache.hadoop.ipc.ProtobufRpcEngine$Server.processCall(ProtobufRpcEngine.java:466) [hadoop-common-3.3.1.jar:?]
	at org.apache.hadoop.ipc.ProtobufRpcEngine2$Server$ProtoBufRpcInvoker.call(ProtobufRpcEngine2.java:574) [hadoop-common-3.3.1.jar:?]
	at org.apache.hadoop.ipc.ProtobufRpcEngine2$Server$ProtoBufRpcInvoker.call(ProtobufRpcEngine2.java:552) [hadoop-common-3.3.1.jar:?]
	at org.apache.hadoop.ipc.RPC$Server.call(RPC.java:1093) [hadoop-common-3.3.1.jar:?]
	at org.apache.hadoop.ipc.Server$RpcCall.run(Server.java:1035) [hadoop-common-3.3.1.jar:?]
	at org.apache.hadoop.ipc.Server$RpcCall.run(Server.java:963) [hadoop-common-3.3.1.jar:?]
	at java.security.AccessController.doPrivileged(Native Method) ~[?:1.8.0_322]
	at javax.security.auth.Subject.doAs(Subject.java:422) [?:1.8.0_322]
	at org.apache.hadoop.security.UserGroupInformation.doAs(UserGroupInformation.java:1878) [hadoop-common-3.3.1.jar:?]
	at org.apache.hadoop.ipc.Server$Handler.run(Server.java:2966) [hadoop-common-3.3.1.jar:?]
03:12:33.476 [IPC Server handler 7 on default port 39393] ERROR OMAudit - user=runner | ip=127.0.0.1 | op=GET_FILE_STATUS {volume=volume77434, bucket=bucket02225, key=.Trash, dataSize=0, replicationConfig=null} | ret=FAILURE
org.apache.hadoop.ozone.om.exceptions.OMException: Unable to get file status: volume: volume77434 bucket: bucket02225 key: .Trash
	at org.apache.hadoop.ozone.om.KeyManagerImpl.getOzoneFileStatus(KeyManagerImpl.java:1280) ~[ozone-manager-1.3.0-SNAPSHOT.jar:?]
	at org.apache.hadoop.ozone.om.KeyManagerImpl.getFileStatus(KeyManagerImpl.java:1210) ~[ozone-manager-1.3.0-SNAPSHOT.jar:?]
	at org.apache.hadoop.ozone.om.OzoneManager.getFileStatus(OzoneManager.java:3067) ~[ozone-manager-1.3.0-SNAPSHOT.jar:?]
	at org.apache.hadoop.ozone.protocolPB.OzoneManagerRequestHandler.getOzoneFileStatus(OzoneManagerRequestHandler.java:670) ~[ozone-manager-1.3.0-SNAPSHOT.jar:?]
	at org.apache.hadoop.ozone.protocolPB.OzoneManagerRequestHandler.handleReadRequest(OzoneManagerRequestHandler.java:201) ~[ozone-manager-1.3.0-SNAPSHOT.jar:?]
	at org.apache.hadoop.ozone.protocolPB.OzoneManagerProtocolServerSideTranslatorPB.submitReadRequestToOM(OzoneManagerProtocolServerSideTranslatorPB.java:213) ~[ozone-manager-1.3.0-SNAPSHOT.jar:?]
	at org.apache.hadoop.ozone.protocolPB.OzoneManagerProtocolServerSideTranslatorPB.processRequest(OzoneManagerProtocolServerSideTranslatorPB.java:174) ~[ozone-manager-1.3.0-SNAPSHOT.jar:?]
	at org.apache.hadoop.hdds.server.OzoneProtocolMessageDispatcher.processRequest(OzoneProtocolMessageDispatcher.java:87) [hdds-server-framework-1.3.0-SNAPSHOT.jar:?]
	at org.apache.hadoop.ozone.protocolPB.OzoneManagerProtocolServerSideTranslatorPB.submitRequest(OzoneManagerProtocolServerSideTranslatorPB.java:146) [ozone-manager-1.3.0-SNAPSHOT.jar:?]
	at org.apache.hadoop.ozone.protocol.proto.OzoneManagerProtocolProtos$OzoneManagerService$2.callBlockingMethod(OzoneManagerProtocolProtos.java) [ozone-interface-client-1.3.0-SNAPSHOT.jar:?]
	at org.apache.hadoop.ipc.ProtobufRpcEngine$Server.processCall(ProtobufRpcEngine.java:466) [hadoop-common-3.3.1.jar:?]
	at org.apache.hadoop.ipc.ProtobufRpcEngine2$Server$ProtoBufRpcInvoker.call(ProtobufRpcEngine2.java:574) [hadoop-common-3.3.1.jar:?]
	at org.apache.hadoop.ipc.ProtobufRpcEngine2$Server$ProtoBufRpcInvoker.call(ProtobufRpcEngine2.java:552) [hadoop-common-3.3.1.jar:?]
	at org.apache.hadoop.ipc.RPC$Server.call(RPC.java:1093) [hadoop-common-3.3.1.jar:?]
	at org.apache.hadoop.ipc.Server$RpcCall.run(Server.java:1035) [hadoop-common-3.3.1.jar:?]
	at org.apache.hadoop.ipc.Server$RpcCall.run(Server.java:963) [hadoop-common-3.3.1.jar:?]
	at java.security.AccessController.doPrivileged(Native Method) ~[?:1.8.0_322]
	at javax.security.auth.Subject.doAs(Subject.java:422) [?:1.8.0_322]
	at org.apache.hadoop.security.UserGroupInformation.doAs(UserGroupInformation.java:1878) [hadoop-common-3.3.1.jar:?]
	at org.apache.hadoop.ipc.Server$Handler.run(Server.java:2966) [hadoop-common-3.3.1.jar:?]
03:12:33.487 [IPC Server handler 5 on default port 39393] ERROR OMAudit - user=runner | ip=127.0.0.1 | op=GET_FILE_STATUS {volume=volume98965, bucket=trashroottest2, key=.Trash, dataSize=0, replicationConfig=null} | ret=FAILURE
org.apache.hadoop.ozone.om.exceptions.OMException: Unable to get file status: volume: volume98965 bucket: trashroottest2 key: .Trash
	at org.apache.hadoop.ozone.om.KeyManagerImpl.getOzoneFileStatus(KeyManagerImpl.java:1280) ~[ozone-manager-1.3.0-SNAPSHOT.jar:?]
	at org.apache.hadoop.ozone.om.KeyManagerImpl.getFileStatus(KeyManagerImpl.java:1210) ~[ozone-manager-1.3.0-SNAPSHOT.jar:?]
	at org.apache.hadoop.ozone.om.OzoneManager.getFileStatus(OzoneManager.java:3067) ~[ozone-manager-1.3.0-SNAPSHOT.jar:?]
	at org.apache.hadoop.ozone.protocolPB.OzoneManagerRequestHandler.getOzoneFileStatus(OzoneManagerRequestHandler.java:670) ~[ozone-manager-1.3.0-SNAPSHOT.jar:?]
	at org.apache.hadoop.ozone.protocolPB.OzoneManagerRequestHandler.handleReadRequest(OzoneManagerRequestHandler.java:201) ~[ozone-manager-1.3.0-SNAPSHOT.jar:?]
	at org.apache.hadoop.ozone.protocolPB.OzoneManagerProtocolServerSideTranslatorPB.submitReadRequestToOM(OzoneManagerProtocolServerSideTranslatorPB.java:213) ~[ozone-manager-1.3.0-SNAPSHOT.jar:?]
	at org.apache.hadoop.ozone.protocolPB.OzoneManagerProtocolServerSideTranslatorPB.processRequest(OzoneManagerProtocolServerSideTranslatorPB.java:174) ~[ozone-manager-1.3.0-SNAPSHOT.jar:?]
	at org.apache.hadoop.hdds.server.OzoneProtocolMessageDispatcher.processRequest(OzoneProtocolMessageDispatcher.java:87) [hdds-server-framework-1.3.0-SNAPSHOT.jar:?]
	at org.apache.hadoop.ozone.protocolPB.OzoneManagerProtocolServerSideTranslatorPB.submitRequest(OzoneManagerProtocolServerSideTranslatorPB.java:146) [ozone-manager-1.3.0-SNAPSHOT.jar:?]
	at org.apache.hadoop.ozone.protocol.proto.OzoneManagerProtocolProtos$OzoneManagerService$2.callBlockingMethod(OzoneManagerProtocolProtos.java) [ozone-interface-client-1.3.0-SNAPSHOT.jar:?]
	at org.apache.hadoop.ipc.ProtobufRpcEngine$Server.processCall(ProtobufRpcEngine.java:466) [hadoop-common-3.3.1.jar:?]
	at org.apache.hadoop.ipc.ProtobufRpcEngine2$Server$ProtoBufRpcInvoker.call(ProtobufRpcEngine2.java:574) [hadoop-common-3.3.1.jar:?]
	at org.apache.hadoop.ipc.ProtobufRpcEngine2$Server$ProtoBufRpcInvoker.call(ProtobufRpcEngine2.java:552) [hadoop-common-3.3.1.jar:?]
	at org.apache.hadoop.ipc.RPC$Server.call(RPC.java:1093) [hadoop-common-3.3.1.jar:?]
	at org.apache.hadoop.ipc.Server$RpcCall.run(Server.java:1035) [hadoop-common-3.3.1.jar:?]
	at org.apache.hadoop.ipc.Server$RpcCall.run(Server.java:963) [hadoop-common-3.3.1.jar:?]
	at java.security.AccessController.doPrivileged(Native Method) ~[?:1.8.0_322]
	at javax.security.auth.Subject.doAs(Subject.java:422) [?:1.8.0_322]
	at org.apache.hadoop.security.UserGroupInformation.doAs(UserGroupInformation.java:1878) [hadoop-common-3.3.1.jar:?]
	at org.apache.hadoop.ipc.Server$Handler.run(Server.java:2966) [hadoop-common-3.3.1.jar:?]
03:12:33.517 [IPC Server handler 2 on default port 39393] ERROR OMAudit - user=runner | ip=127.0.0.1 | op=GET_FILE_STATUS {volume=77e50db8-8a9b-4368-a984-44c4a2b55305, bucket=43565a3a-411d-4760-badc-20b2a5f50f3e, key=.Trash/runner, dataSize=0, replicationConfig=null} | ret=FAILURE
org.apache.hadoop.ozone.om.exceptions.OMException: Unable to get file status: volume: 77e50db8-8a9b-4368-a984-44c4a2b55305 bucket: 43565a3a-411d-4760-badc-20b2a5f50f3e key: .Trash/runner
	at org.apache.hadoop.ozone.om.KeyManagerImpl.getOzoneFileStatus(KeyManagerImpl.java:1280) ~[ozone-manager-1.3.0-SNAPSHOT.jar:?]
	at org.apache.hadoop.ozone.om.KeyManagerImpl.getFileStatus(KeyManagerImpl.java:1210) ~[ozone-manager-1.3.0-SNAPSHOT.jar:?]
	at org.apache.hadoop.ozone.om.OzoneManager.getFileStatus(OzoneManager.java:3067) ~[ozone-manager-1.3.0-SNAPSHOT.jar:?]
	at org.apache.hadoop.ozone.protocolPB.OzoneManagerRequestHandler.getOzoneFileStatus(OzoneManagerRequestHandler.java:670) ~[ozone-manager-1.3.0-SNAPSHOT.jar:?]
	at org.apache.hadoop.ozone.protocolPB.OzoneManagerRequestHandler.handleReadRequest(OzoneManagerRequestHandler.java:201) ~[ozone-manager-1.3.0-SNAPSHOT.jar:?]
	at org.apache.hadoop.ozone.protocolPB.OzoneManagerProtocolServerSideTranslatorPB.submitReadRequestToOM(OzoneManagerProtocolServerSideTranslatorPB.java:213) ~[ozone-manager-1.3.0-SNAPSHOT.jar:?]
	at org.apache.hadoop.ozone.protocolPB.OzoneManagerProtocolServerSideTranslatorPB.processRequest(OzoneManagerProtocolServerSideTranslatorPB.java:174) ~[ozone-manager-1.3.0-SNAPSHOT.jar:?]
	at org.apache.hadoop.hdds.server.OzoneProtocolMessageDispatcher.processRequest(OzoneProtocolMessageDispatcher.java:87) [hdds-server-framework-1.3.0-SNAPSHOT.jar:?]
	at org.apache.hadoop.ozone.protocolPB.OzoneManagerProtocolServerSideTranslatorPB.submitRequest(OzoneManagerProtocolServerSideTranslatorPB.java:146) [ozone-manager-1.3.0-SNAPSHOT.jar:?]
	at org.apache.hadoop.ozone.protocol.proto.OzoneManagerProtocolProtos$OzoneManagerService$2.callBlockingMethod(OzoneManagerProtocolProtos.java) [ozone-interface-client-1.3.0-SNAPSHOT.jar:?]
	at org.apache.hadoop.ipc.ProtobufRpcEngine$Server.processCall(ProtobufRpcEngine.java:466) [hadoop-common-3.3.1.jar:?]
	at org.apache.hadoop.ipc.ProtobufRpcEngine2$Server$ProtoBufRpcInvoker.call(ProtobufRpcEngine2.java:574) [hadoop-common-3.3.1.jar:?]
	at org.apache.hadoop.ipc.ProtobufRpcEngine2$Server$ProtoBufRpcInvoker.call(ProtobufRpcEngine2.java:552) [hadoop-common-3.3.1.jar:?]
	at org.apache.hadoop.ipc.RPC$Server.call(RPC.java:1093) [hadoop-common-3.3.1.jar:?]
	at org.apache.hadoop.ipc.Server$RpcCall.run(Server.java:1035) [hadoop-common-3.3.1.jar:?]
	at org.apache.hadoop.ipc.Server$RpcCall.run(Server.java:963) [hadoop-common-3.3.1.jar:?]
	at java.security.AccessController.doPrivileged(Native Method) ~[?:1.8.0_322]
	at javax.security.auth.Subject.doAs(Subject.java:422) [?:1.8.0_322]
	at org.apache.hadoop.security.UserGroupInformation.doAs(UserGroupInformation.java:1878) [hadoop-common-3.3.1.jar:?]
	at org.apache.hadoop.ipc.Server$Handler.run(Server.java:2966) [hadoop-common-3.3.1.jar:?]
03:12:33.521 [IPC Server handler 9 on default port 39393] ERROR OMAudit - user=runner | ip=127.0.0.1 | op=GET_FILE_STATUS {volume=volume98965, bucket=bucket58729, key=.Trash/runner, dataSize=0, replicationConfig=null} | ret=FAILURE
org.apache.hadoop.ozone.om.exceptions.OMException: Unable to get file status: volume: volume98965 bucket: bucket58729 key: .Trash/runner
	at org.apache.hadoop.ozone.om.KeyManagerImpl.getOzoneFileStatus(KeyManagerImpl.java:1280) ~[ozone-manager-1.3.0-SNAPSHOT.jar:?]
	at org.apache.hadoop.ozone.om.KeyManagerImpl.getFileStatus(KeyManagerImpl.java:1210) ~[ozone-manager-1.3.0-SNAPSHOT.jar:?]
	at org.apache.hadoop.ozone.om.OzoneManager.getFileStatus(OzoneManager.java:3067) ~[ozone-manager-1.3.0-SNAPSHOT.jar:?]
	at org.apache.hadoop.ozone.protocolPB.OzoneManagerRequestHandler.getOzoneFileStatus(OzoneManagerRequestHandler.java:670) ~[ozone-manager-1.3.0-SNAPSHOT.jar:?]
	at org.apache.hadoop.ozone.protocolPB.OzoneManagerRequestHandler.handleReadRequest(OzoneManagerRequestHandler.java:201) ~[ozone-manager-1.3.0-SNAPSHOT.jar:?]
	at org.apache.hadoop.ozone.protocolPB.OzoneManagerProtocolServerSideTranslatorPB.submitReadRequestToOM(OzoneManagerProtocolServerSideTranslatorPB.java:213) ~[ozone-manager-1.3.0-SNAPSHOT.jar:?]
	at org.apache.hadoop.ozone.protocolPB.OzoneManagerProtocolServerSideTranslatorPB.processRequest(OzoneManagerProtocolServerSideTranslatorPB.java:174) ~[ozone-manager-1.3.0-SNAPSHOT.jar:?]
	at org.apache.hadoop.hdds.server.OzoneProtocolMessageDispatcher.processRequest(OzoneProtocolMessageDispatcher.java:87) [hdds-server-framework-1.3.0-SNAPSHOT.jar:?]
	at org.apache.hadoop.ozone.protocolPB.OzoneManagerProtocolServerSideTranslatorPB.submitRequest(OzoneManagerProtocolServerSideTranslatorPB.java:146) [ozone-manager-1.3.0-SNAPSHOT.jar:?]
	at org.apache.hadoop.ozone.protocol.proto.OzoneManagerProtocolProtos$OzoneManagerService$2.callBlockingMethod(OzoneManagerProtocolProtos.java) [ozone-interface-client-1.3.0-SNAPSHOT.jar:?]
	at org.apache.hadoop.ipc.ProtobufRpcEngine$Server.processCall(ProtobufRpcEngine.java:466) [hadoop-common-3.3.1.jar:?]
	at org.apache.hadoop.ipc.ProtobufRpcEngine2$Server$ProtoBufRpcInvoker.call(ProtobufRpcEngine2.java:574) [hadoop-common-3.3.1.jar:?]
	at org.apache.hadoop.ipc.ProtobufRpcEngine2$Server$ProtoBufRpcInvoker.call(ProtobufRpcEngine2.java:552) [hadoop-common-3.3.1.jar:?]
	at org.apache.hadoop.ipc.RPC$Server.call(RPC.java:1093) [hadoop-common-3.3.1.jar:?]
	at org.apache.hadoop.ipc.Server$RpcCall.run(Server.java:1035) [hadoop-common-3.3.1.jar:?]
	at org.apache.hadoop.ipc.Server$RpcCall.run(Server.java:963) [hadoop-common-3.3.1.jar:?]
	at java.security.AccessController.doPrivileged(Native Method) ~[?:1.8.0_322]
	at javax.security.auth.Subject.doAs(Subject.java:422) [?:1.8.0_322]
	at org.apache.hadoop.security.UserGroupInformation.doAs(UserGroupInformation.java:1878) [hadoop-common-3.3.1.jar:?]
	at org.apache.hadoop.ipc.Server$Handler.run(Server.java:2966) [hadoop-common-3.3.1.jar:?]
03:12:33.528 [IPC Server handler 13 on default port 39393] ERROR OMAudit - user=runner | ip=127.0.0.1 | op=GET_FILE_STATUS {volume=77e50db8-8a9b-4368-a984-44c4a2b55305, bucket=43565a3a-411d-4760-badc-20b2a5f50f3e, key=.Trash, dataSize=0, replicationConfig=null} | ret=FAILURE
org.apache.hadoop.ozone.om.exceptions.OMException: Unable to get file status: volume: 77e50db8-8a9b-4368-a984-44c4a2b55305 bucket: 43565a3a-411d-4760-badc-20b2a5f50f3e key: .Trash
	at org.apache.hadoop.ozone.om.KeyManagerImpl.getOzoneFileStatus(KeyManagerImpl.java:1280) ~[ozone-manager-1.3.0-SNAPSHOT.jar:?]
	at org.apache.hadoop.ozone.om.KeyManagerImpl.getFileStatus(KeyManagerImpl.java:1210) ~[ozone-manager-1.3.0-SNAPSHOT.jar:?]
	at org.apache.hadoop.ozone.om.OzoneManager.getFileStatus(OzoneManager.java:3067) ~[ozone-manager-1.3.0-SNAPSHOT.jar:?]
	at org.apache.hadoop.ozone.protocolPB.OzoneManagerRequestHandler.getOzoneFileStatus(OzoneManagerRequestHandler.java:670) ~[ozone-manager-1.3.0-SNAPSHOT.jar:?]
	at org.apache.hadoop.ozone.protocolPB.OzoneManagerRequestHandler.handleReadRequest(OzoneManagerRequestHandler.java:201) ~[ozone-manager-1.3.0-SNAPSHOT.jar:?]
	at org.apache.hadoop.ozone.protocolPB.OzoneManagerProtocolServerSideTranslatorPB.submitReadRequestToOM(OzoneManagerProtocolServerSideTranslatorPB.java:213) ~[ozone-manager-1.3.0-SNAPSHOT.jar:?]
	at org.apache.hadoop.ozone.protocolPB.OzoneManagerProtocolServerSideTranslatorPB.processRequest(OzoneManagerProtocolServerSideTranslatorPB.java:174) ~[ozone-manager-1.3.0-SNAPSHOT.jar:?]
	at org.apache.hadoop.hdds.server.OzoneProtocolMessageDispatcher.processRequest(OzoneProtocolMessageDispatcher.java:87) [hdds-server-framework-1.3.0-SNAPSHOT.jar:?]
	at org.apache.hadoop.ozone.protocolPB.OzoneManagerProtocolServerSideTranslatorPB.submitRequest(OzoneManagerProtocolServerSideTranslatorPB.java:146) [ozone-manager-1.3.0-SNAPSHOT.jar:?]
	at org.apache.hadoop.ozone.protocol.proto.OzoneManagerProtocolProtos$OzoneManagerService$2.callBlockingMethod(OzoneManagerProtocolProtos.java) [ozone-interface-client-1.3.0-SNAPSHOT.jar:?]
	at org.apache.hadoop.ipc.ProtobufRpcEngine$Server.processCall(ProtobufRpcEngine.java:466) [hadoop-common-3.3.1.jar:?]
	at org.apache.hadoop.ipc.ProtobufRpcEngine2$Server$ProtoBufRpcInvoker.call(ProtobufRpcEngine2.java:574) [hadoop-common-3.3.1.jar:?]
	at org.apache.hadoop.ipc.ProtobufRpcEngine2$Server$ProtoBufRpcInvoker.call(ProtobufRpcEngine2.java:552) [hadoop-common-3.3.1.jar:?]
	at org.apache.hadoop.ipc.RPC$Server.call(RPC.java:1093) [hadoop-common-3.3.1.jar:?]
	at org.apache.hadoop.ipc.Server$RpcCall.run(Server.java:1035) [hadoop-common-3.3.1.jar:?]
	at org.apache.hadoop.ipc.Server$RpcCall.run(Server.java:963) [hadoop-common-3.3.1.jar:?]
	at java.security.AccessController.doPrivileged(Native Method) ~[?:1.8.0_322]
	at javax.security.auth.Subject.doAs(Subject.java:422) [?:1.8.0_322]
	at org.apache.hadoop.security.UserGroupInformation.doAs(UserGroupInformation.java:1878) [hadoop-common-3.3.1.jar:?]
	at org.apache.hadoop.ipc.Server$Handler.run(Server.java:2966) [hadoop-common-3.3.1.jar:?]
]]></system-out>
  </testcase>
  <testcase name="testGetTrashRoots" classname="TestRootedOzoneFileSystem" time="0.771">
    <system-out><![CDATA[2022-05-04 03:13:54,786 [Time-limited test] INFO  rpc.RpcClient (RpcClient.java:createVolume(448)) - Creating Volume: volume62326, with user39761 as owner and space quota set to -1 bytes, counts quota set to -1
2022-05-04 03:13:54,792 [OM StateMachine ApplyTransaction Thread - 0] INFO  volume.OMVolumeCreateRequest (OMVolumeCreateRequest.java:validateAndUpdateCache(195)) - created volume:volume62326 for user:user39761
2022-05-04 03:13:54,815 [Time-limited test] INFO  rpc.RpcClient (RpcClient.java:createBucket(637)) - Creating Bucket: volume62326/bucket22002, with runner as owner and Versioning false and Storage Type set to DISK and Encryption set to false 
2022-05-04 03:13:54,827 [OM StateMachine ApplyTransaction Thread - 0] INFO  bucket.OMBucketCreateRequest (OMBucketCreateRequest.java:validateAndUpdateCache(258)) - created bucket: bucket22002 of layout LEGACY in volume: volume62326
03:13:54.838 [IPC Server handler 3 on default port 46813] ERROR OMAudit - user=runner | ip=127.0.0.1 | op=GET_FILE_STATUS {volume=volume62326, bucket=bucket22002, key=.Trash/runner, dataSize=0, replicationConfig=null} | ret=FAILURE
org.apache.hadoop.ozone.om.exceptions.OMException: Unable to get file status: volume: volume62326 bucket: bucket22002 key: .Trash/runner
	at org.apache.hadoop.ozone.om.KeyManagerImpl.getOzoneFileStatus(KeyManagerImpl.java:1280) ~[ozone-manager-1.3.0-SNAPSHOT.jar:?]
	at org.apache.hadoop.ozone.om.KeyManagerImpl.getFileStatus(KeyManagerImpl.java:1210) ~[ozone-manager-1.3.0-SNAPSHOT.jar:?]
	at org.apache.hadoop.ozone.om.OzoneManager.getFileStatus(OzoneManager.java:3067) ~[ozone-manager-1.3.0-SNAPSHOT.jar:?]
	at org.apache.hadoop.ozone.protocolPB.OzoneManagerRequestHandler.getOzoneFileStatus(OzoneManagerRequestHandler.java:670) ~[ozone-manager-1.3.0-SNAPSHOT.jar:?]
	at org.apache.hadoop.ozone.protocolPB.OzoneManagerRequestHandler.handleReadRequest(OzoneManagerRequestHandler.java:201) ~[ozone-manager-1.3.0-SNAPSHOT.jar:?]
	at org.apache.hadoop.ozone.protocolPB.OzoneManagerProtocolServerSideTranslatorPB.submitReadRequestToOM(OzoneManagerProtocolServerSideTranslatorPB.java:213) ~[ozone-manager-1.3.0-SNAPSHOT.jar:?]
	at org.apache.hadoop.ozone.protocolPB.OzoneManagerProtocolServerSideTranslatorPB.processRequest(OzoneManagerProtocolServerSideTranslatorPB.java:174) ~[ozone-manager-1.3.0-SNAPSHOT.jar:?]
	at org.apache.hadoop.hdds.server.OzoneProtocolMessageDispatcher.processRequest(OzoneProtocolMessageDispatcher.java:87) [hdds-server-framework-1.3.0-SNAPSHOT.jar:?]
	at org.apache.hadoop.ozone.protocolPB.OzoneManagerProtocolServerSideTranslatorPB.submitRequest(OzoneManagerProtocolServerSideTranslatorPB.java:146) [ozone-manager-1.3.0-SNAPSHOT.jar:?]
	at org.apache.hadoop.ozone.protocol.proto.OzoneManagerProtocolProtos$OzoneManagerService$2.callBlockingMethod(OzoneManagerProtocolProtos.java) [ozone-interface-client-1.3.0-SNAPSHOT.jar:?]
	at org.apache.hadoop.ipc.ProtobufRpcEngine$Server.processCall(ProtobufRpcEngine.java:466) [hadoop-common-3.3.1.jar:?]
	at org.apache.hadoop.ipc.ProtobufRpcEngine2$Server$ProtoBufRpcInvoker.call(ProtobufRpcEngine2.java:574) [hadoop-common-3.3.1.jar:?]
	at org.apache.hadoop.ipc.ProtobufRpcEngine2$Server$ProtoBufRpcInvoker.call(ProtobufRpcEngine2.java:552) [hadoop-common-3.3.1.jar:?]
	at org.apache.hadoop.ipc.RPC$Server.call(RPC.java:1093) [hadoop-common-3.3.1.jar:?]
	at org.apache.hadoop.ipc.Server$RpcCall.run(Server.java:1035) [hadoop-common-3.3.1.jar:?]
	at org.apache.hadoop.ipc.Server$RpcCall.run(Server.java:963) [hadoop-common-3.3.1.jar:?]
	at java.security.AccessController.doPrivileged(Native Method) ~[?:1.8.0_322]
	at javax.security.auth.Subject.doAs(Subject.java:422) [?:1.8.0_322]
	at org.apache.hadoop.security.UserGroupInformation.doAs(UserGroupInformation.java:1878) [hadoop-common-3.3.1.jar:?]
	at org.apache.hadoop.ipc.Server$Handler.run(Server.java:2966) [hadoop-common-3.3.1.jar:?]
03:13:54.841 [IPC Server handler 8 on default port 46813] ERROR OMAudit - user=runner | ip=127.0.0.1 | op=GET_FILE_STATUS {volume=e3a03ea3-c67c-4d2c-8b2f-2f0825a41ede, bucket=e618ce12-85cf-4cc8-a698-70e1c0a8ab1c, key=.Trash, dataSize=0, replicationConfig=null} | ret=FAILURE
org.apache.hadoop.ozone.om.exceptions.OMException: Unable to get file status: volume: e3a03ea3-c67c-4d2c-8b2f-2f0825a41ede bucket: e618ce12-85cf-4cc8-a698-70e1c0a8ab1c key: .Trash
	at org.apache.hadoop.ozone.om.KeyManagerImpl.getOzoneFileStatus(KeyManagerImpl.java:1280) ~[ozone-manager-1.3.0-SNAPSHOT.jar:?]
	at org.apache.hadoop.ozone.om.KeyManagerImpl.getFileStatus(KeyManagerImpl.java:1210) ~[ozone-manager-1.3.0-SNAPSHOT.jar:?]
	at org.apache.hadoop.ozone.om.OzoneManager.getFileStatus(OzoneManager.java:3067) ~[ozone-manager-1.3.0-SNAPSHOT.jar:?]
	at org.apache.hadoop.ozone.protocolPB.OzoneManagerRequestHandler.getOzoneFileStatus(OzoneManagerRequestHandler.java:670) ~[ozone-manager-1.3.0-SNAPSHOT.jar:?]
	at org.apache.hadoop.ozone.protocolPB.OzoneManagerRequestHandler.handleReadRequest(OzoneManagerRequestHandler.java:201) ~[ozone-manager-1.3.0-SNAPSHOT.jar:?]
	at org.apache.hadoop.ozone.protocolPB.OzoneManagerProtocolServerSideTranslatorPB.submitReadRequestToOM(OzoneManagerProtocolServerSideTranslatorPB.java:213) ~[ozone-manager-1.3.0-SNAPSHOT.jar:?]
	at org.apache.hadoop.ozone.protocolPB.OzoneManagerProtocolServerSideTranslatorPB.processRequest(OzoneManagerProtocolServerSideTranslatorPB.java:174) ~[ozone-manager-1.3.0-SNAPSHOT.jar:?]
	at org.apache.hadoop.hdds.server.OzoneProtocolMessageDispatcher.processRequest(OzoneProtocolMessageDispatcher.java:87) [hdds-server-framework-1.3.0-SNAPSHOT.jar:?]
	at org.apache.hadoop.ozone.protocolPB.OzoneManagerProtocolServerSideTranslatorPB.submitRequest(OzoneManagerProtocolServerSideTranslatorPB.java:146) [ozone-manager-1.3.0-SNAPSHOT.jar:?]
	at org.apache.hadoop.ozone.protocol.proto.OzoneManagerProtocolProtos$OzoneManagerService$2.callBlockingMethod(OzoneManagerProtocolProtos.java) [ozone-interface-client-1.3.0-SNAPSHOT.jar:?]
	at org.apache.hadoop.ipc.ProtobufRpcEngine$Server.processCall(ProtobufRpcEngine.java:466) [hadoop-common-3.3.1.jar:?]
	at org.apache.hadoop.ipc.ProtobufRpcEngine2$Server$ProtoBufRpcInvoker.call(ProtobufRpcEngine2.java:574) [hadoop-common-3.3.1.jar:?]
	at org.apache.hadoop.ipc.ProtobufRpcEngine2$Server$ProtoBufRpcInvoker.call(ProtobufRpcEngine2.java:552) [hadoop-common-3.3.1.jar:?]
	at org.apache.hadoop.ipc.RPC$Server.call(RPC.java:1093) [hadoop-common-3.3.1.jar:?]
	at org.apache.hadoop.ipc.Server$RpcCall.run(Server.java:1035) [hadoop-common-3.3.1.jar:?]
	at org.apache.hadoop.ipc.Server$RpcCall.run(Server.java:963) [hadoop-common-3.3.1.jar:?]
	at java.security.AccessController.doPrivileged(Native Method) ~[?:1.8.0_322]
	at javax.security.auth.Subject.doAs(Subject.java:422) [?:1.8.0_322]
	at org.apache.hadoop.security.UserGroupInformation.doAs(UserGroupInformation.java:1878) [hadoop-common-3.3.1.jar:?]
	at org.apache.hadoop.ipc.Server$Handler.run(Server.java:2966) [hadoop-common-3.3.1.jar:?]
03:13:54.847 [IPC Server handler 16 on default port 46813] ERROR OMAudit - user=runner | ip=127.0.0.1 | op=GET_FILE_STATUS {volume=volume62326, bucket=bucket22002, key=.Trash, dataSize=0, replicationConfig=null} | ret=FAILURE
org.apache.hadoop.ozone.om.exceptions.OMException: Unable to get file status: volume: volume62326 bucket: bucket22002 key: .Trash
	at org.apache.hadoop.ozone.om.KeyManagerImpl.getOzoneFileStatus(KeyManagerImpl.java:1280) ~[ozone-manager-1.3.0-SNAPSHOT.jar:?]
	at org.apache.hadoop.ozone.om.KeyManagerImpl.getFileStatus(KeyManagerImpl.java:1210) ~[ozone-manager-1.3.0-SNAPSHOT.jar:?]
	at org.apache.hadoop.ozone.om.OzoneManager.getFileStatus(OzoneManager.java:3067) ~[ozone-manager-1.3.0-SNAPSHOT.jar:?]
	at org.apache.hadoop.ozone.protocolPB.OzoneManagerRequestHandler.getOzoneFileStatus(OzoneManagerRequestHandler.java:670) ~[ozone-manager-1.3.0-SNAPSHOT.jar:?]
	at org.apache.hadoop.ozone.protocolPB.OzoneManagerRequestHandler.handleReadRequest(OzoneManagerRequestHandler.java:201) ~[ozone-manager-1.3.0-SNAPSHOT.jar:?]
	at org.apache.hadoop.ozone.protocolPB.OzoneManagerProtocolServerSideTranslatorPB.submitReadRequestToOM(OzoneManagerProtocolServerSideTranslatorPB.java:213) ~[ozone-manager-1.3.0-SNAPSHOT.jar:?]
	at org.apache.hadoop.ozone.protocolPB.OzoneManagerProtocolServerSideTranslatorPB.processRequest(OzoneManagerProtocolServerSideTranslatorPB.java:174) ~[ozone-manager-1.3.0-SNAPSHOT.jar:?]
	at org.apache.hadoop.hdds.server.OzoneProtocolMessageDispatcher.processRequest(OzoneProtocolMessageDispatcher.java:87) [hdds-server-framework-1.3.0-SNAPSHOT.jar:?]
	at org.apache.hadoop.ozone.protocolPB.OzoneManagerProtocolServerSideTranslatorPB.submitRequest(OzoneManagerProtocolServerSideTranslatorPB.java:146) [ozone-manager-1.3.0-SNAPSHOT.jar:?]
	at org.apache.hadoop.ozone.protocol.proto.OzoneManagerProtocolProtos$OzoneManagerService$2.callBlockingMethod(OzoneManagerProtocolProtos.java) [ozone-interface-client-1.3.0-SNAPSHOT.jar:?]
	at org.apache.hadoop.ipc.ProtobufRpcEngine$Server.processCall(ProtobufRpcEngine.java:466) [hadoop-common-3.3.1.jar:?]
	at org.apache.hadoop.ipc.ProtobufRpcEngine2$Server$ProtoBufRpcInvoker.call(ProtobufRpcEngine2.java:574) [hadoop-common-3.3.1.jar:?]
	at org.apache.hadoop.ipc.ProtobufRpcEngine2$Server$ProtoBufRpcInvoker.call(ProtobufRpcEngine2.java:552) [hadoop-common-3.3.1.jar:?]
	at org.apache.hadoop.ipc.RPC$Server.call(RPC.java:1093) [hadoop-common-3.3.1.jar:?]
	at org.apache.hadoop.ipc.Server$RpcCall.run(Server.java:1035) [hadoop-common-3.3.1.jar:?]
	at org.apache.hadoop.ipc.Server$RpcCall.run(Server.java:963) [hadoop-common-3.3.1.jar:?]
	at java.security.AccessController.doPrivileged(Native Method) ~[?:1.8.0_322]
	at javax.security.auth.Subject.doAs(Subject.java:422) [?:1.8.0_322]
	at org.apache.hadoop.security.UserGroupInformation.doAs(UserGroupInformation.java:1878) [hadoop-common-3.3.1.jar:?]
	at org.apache.hadoop.ipc.Server$Handler.run(Server.java:2966) [hadoop-common-3.3.1.jar:?]
03:13:54.858 [IPC Server handler 15 on default port 46813] ERROR OMAudit - user=runner | ip=127.0.0.1 | op=GET_FILE_STATUS {volume=e3a03ea3-c67c-4d2c-8b2f-2f0825a41ede, bucket=e618ce12-85cf-4cc8-a698-70e1c0a8ab1c, key=.Trash, dataSize=0, replicationConfig=null} | ret=FAILURE
org.apache.hadoop.ozone.om.exceptions.OMException: Unable to get file status: volume: e3a03ea3-c67c-4d2c-8b2f-2f0825a41ede bucket: e618ce12-85cf-4cc8-a698-70e1c0a8ab1c key: .Trash
	at org.apache.hadoop.ozone.om.KeyManagerImpl.getOzoneFileStatus(KeyManagerImpl.java:1280) ~[ozone-manager-1.3.0-SNAPSHOT.jar:?]
	at org.apache.hadoop.ozone.om.KeyManagerImpl.getFileStatus(KeyManagerImpl.java:1210) ~[ozone-manager-1.3.0-SNAPSHOT.jar:?]
	at org.apache.hadoop.ozone.om.OzoneManager.getFileStatus(OzoneManager.java:3067) ~[ozone-manager-1.3.0-SNAPSHOT.jar:?]
	at org.apache.hadoop.ozone.protocolPB.OzoneManagerRequestHandler.getOzoneFileStatus(OzoneManagerRequestHandler.java:670) ~[ozone-manager-1.3.0-SNAPSHOT.jar:?]
	at org.apache.hadoop.ozone.protocolPB.OzoneManagerRequestHandler.handleReadRequest(OzoneManagerRequestHandler.java:201) ~[ozone-manager-1.3.0-SNAPSHOT.jar:?]
	at org.apache.hadoop.ozone.protocolPB.OzoneManagerProtocolServerSideTranslatorPB.submitReadRequestToOM(OzoneManagerProtocolServerSideTranslatorPB.java:213) ~[ozone-manager-1.3.0-SNAPSHOT.jar:?]
	at org.apache.hadoop.ozone.protocolPB.OzoneManagerProtocolServerSideTranslatorPB.processRequest(OzoneManagerProtocolServerSideTranslatorPB.java:174) ~[ozone-manager-1.3.0-SNAPSHOT.jar:?]
	at org.apache.hadoop.hdds.server.OzoneProtocolMessageDispatcher.processRequest(OzoneProtocolMessageDispatcher.java:87) [hdds-server-framework-1.3.0-SNAPSHOT.jar:?]
	at org.apache.hadoop.ozone.protocolPB.OzoneManagerProtocolServerSideTranslatorPB.submitRequest(OzoneManagerProtocolServerSideTranslatorPB.java:146) [ozone-manager-1.3.0-SNAPSHOT.jar:?]
	at org.apache.hadoop.ozone.protocol.proto.OzoneManagerProtocolProtos$OzoneManagerService$2.callBlockingMethod(OzoneManagerProtocolProtos.java) [ozone-interface-client-1.3.0-SNAPSHOT.jar:?]
	at org.apache.hadoop.ipc.ProtobufRpcEngine$Server.processCall(ProtobufRpcEngine.java:466) [hadoop-common-3.3.1.jar:?]
	at org.apache.hadoop.ipc.ProtobufRpcEngine2$Server$ProtoBufRpcInvoker.call(ProtobufRpcEngine2.java:574) [hadoop-common-3.3.1.jar:?]
	at org.apache.hadoop.ipc.ProtobufRpcEngine2$Server$ProtoBufRpcInvoker.call(ProtobufRpcEngine2.java:552) [hadoop-common-3.3.1.jar:?]
	at org.apache.hadoop.ipc.RPC$Server.call(RPC.java:1093) [hadoop-common-3.3.1.jar:?]
	at org.apache.hadoop.ipc.Server$RpcCall.run(Server.java:1035) [hadoop-common-3.3.1.jar:?]
	at org.apache.hadoop.ipc.Server$RpcCall.run(Server.java:963) [hadoop-common-3.3.1.jar:?]
	at java.security.AccessController.doPrivileged(Native Method) ~[?:1.8.0_322]
	at javax.security.auth.Subject.doAs(Subject.java:422) [?:1.8.0_322]
	at org.apache.hadoop.security.UserGroupInformation.doAs(UserGroupInformation.java:1878) [hadoop-common-3.3.1.jar:?]
	at org.apache.hadoop.ipc.Server$Handler.run(Server.java:2966) [hadoop-common-3.3.1.jar:?]
03:13:54.874 [IPC Server handler 1 on default port 46813] ERROR OMAudit - user=runner | ip=127.0.0.1 | op=GET_FILE_STATUS {volume=e3a03ea3-c67c-4d2c-8b2f-2f0825a41ede, bucket=e618ce12-85cf-4cc8-a698-70e1c0a8ab1c, key=.Trash, dataSize=0, replicationConfig=null} | ret=FAILURE
org.apache.hadoop.ozone.om.exceptions.OMException: Unable to get file status: volume: e3a03ea3-c67c-4d2c-8b2f-2f0825a41ede bucket: e618ce12-85cf-4cc8-a698-70e1c0a8ab1c key: .Trash
	at org.apache.hadoop.ozone.om.KeyManagerImpl.getOzoneFileStatus(KeyManagerImpl.java:1280) ~[ozone-manager-1.3.0-SNAPSHOT.jar:?]
	at org.apache.hadoop.ozone.om.KeyManagerImpl.getFileStatus(KeyManagerImpl.java:1210) ~[ozone-manager-1.3.0-SNAPSHOT.jar:?]
	at org.apache.hadoop.ozone.om.OzoneManager.getFileStatus(OzoneManager.java:3067) ~[ozone-manager-1.3.0-SNAPSHOT.jar:?]
	at org.apache.hadoop.ozone.protocolPB.OzoneManagerRequestHandler.getOzoneFileStatus(OzoneManagerRequestHandler.java:670) ~[ozone-manager-1.3.0-SNAPSHOT.jar:?]
	at org.apache.hadoop.ozone.protocolPB.OzoneManagerRequestHandler.handleReadRequest(OzoneManagerRequestHandler.java:201) ~[ozone-manager-1.3.0-SNAPSHOT.jar:?]
	at org.apache.hadoop.ozone.protocolPB.OzoneManagerProtocolServerSideTranslatorPB.submitReadRequestToOM(OzoneManagerProtocolServerSideTranslatorPB.java:213) ~[ozone-manager-1.3.0-SNAPSHOT.jar:?]
	at org.apache.hadoop.ozone.protocolPB.OzoneManagerProtocolServerSideTranslatorPB.processRequest(OzoneManagerProtocolServerSideTranslatorPB.java:174) ~[ozone-manager-1.3.0-SNAPSHOT.jar:?]
	at org.apache.hadoop.hdds.server.OzoneProtocolMessageDispatcher.processRequest(OzoneProtocolMessageDispatcher.java:87) [hdds-server-framework-1.3.0-SNAPSHOT.jar:?]
	at org.apache.hadoop.ozone.protocolPB.OzoneManagerProtocolServerSideTranslatorPB.submitRequest(OzoneManagerProtocolServerSideTranslatorPB.java:146) [ozone-manager-1.3.0-SNAPSHOT.jar:?]
	at org.apache.hadoop.ozone.protocol.proto.OzoneManagerProtocolProtos$OzoneManagerService$2.callBlockingMethod(OzoneManagerProtocolProtos.java) [ozone-interface-client-1.3.0-SNAPSHOT.jar:?]
	at org.apache.hadoop.ipc.ProtobufRpcEngine$Server.processCall(ProtobufRpcEngine.java:466) [hadoop-common-3.3.1.jar:?]
	at org.apache.hadoop.ipc.ProtobufRpcEngine2$Server$ProtoBufRpcInvoker.call(ProtobufRpcEngine2.java:574) [hadoop-common-3.3.1.jar:?]
	at org.apache.hadoop.ipc.ProtobufRpcEngine2$Server$ProtoBufRpcInvoker.call(ProtobufRpcEngine2.java:552) [hadoop-common-3.3.1.jar:?]
	at org.apache.hadoop.ipc.RPC$Server.call(RPC.java:1093) [hadoop-common-3.3.1.jar:?]
	at org.apache.hadoop.ipc.Server$RpcCall.run(Server.java:1035) [hadoop-common-3.3.1.jar:?]
	at org.apache.hadoop.ipc.Server$RpcCall.run(Server.java:963) [hadoop-common-3.3.1.jar:?]
	at java.security.AccessController.doPrivileged(Native Method) ~[?:1.8.0_322]
	at javax.security.auth.Subject.doAs(Subject.java:422) [?:1.8.0_322]
	at org.apache.hadoop.security.UserGroupInformation.doAs(UserGroupInformation.java:1878) [hadoop-common-3.3.1.jar:?]
	at org.apache.hadoop.ipc.Server$Handler.run(Server.java:2966) [hadoop-common-3.3.1.jar:?]
2022-05-04 03:13:54,881 [Time-limited test] INFO  rpc.RpcClient (RpcClient.java:createBucket(637)) - Creating Bucket: volume62326/trashroottest2, with runner as owner and Versioning false and Storage Type set to DISK and Encryption set to false 
2022-05-04 03:13:54,883 [OM StateMachine ApplyTransaction Thread - 0] INFO  bucket.OMBucketCreateRequest (OMBucketCreateRequest.java:validateAndUpdateCache(258)) - created bucket: trashroottest2 of layout LEGACY in volume: volume62326
03:13:55.046 [IPC Server handler 17 on default port 46813] ERROR OMAudit - user=runner | ip=127.0.0.1 | op=GET_FILE_STATUS {volume=e3a03ea3-c67c-4d2c-8b2f-2f0825a41ede, bucket=e618ce12-85cf-4cc8-a698-70e1c0a8ab1c, key=.Trash, dataSize=0, replicationConfig=null} | ret=FAILURE
org.apache.hadoop.ozone.om.exceptions.OMException: Unable to get file status: volume: e3a03ea3-c67c-4d2c-8b2f-2f0825a41ede bucket: e618ce12-85cf-4cc8-a698-70e1c0a8ab1c key: .Trash
	at org.apache.hadoop.ozone.om.KeyManagerImpl.getOzoneFileStatus(KeyManagerImpl.java:1280) ~[ozone-manager-1.3.0-SNAPSHOT.jar:?]
	at org.apache.hadoop.ozone.om.KeyManagerImpl.getFileStatus(KeyManagerImpl.java:1210) ~[ozone-manager-1.3.0-SNAPSHOT.jar:?]
	at org.apache.hadoop.ozone.om.OzoneManager.getFileStatus(OzoneManager.java:3067) ~[ozone-manager-1.3.0-SNAPSHOT.jar:?]
	at org.apache.hadoop.ozone.protocolPB.OzoneManagerRequestHandler.getOzoneFileStatus(OzoneManagerRequestHandler.java:670) ~[ozone-manager-1.3.0-SNAPSHOT.jar:?]
	at org.apache.hadoop.ozone.protocolPB.OzoneManagerRequestHandler.handleReadRequest(OzoneManagerRequestHandler.java:201) ~[ozone-manager-1.3.0-SNAPSHOT.jar:?]
	at org.apache.hadoop.ozone.protocolPB.OzoneManagerProtocolServerSideTranslatorPB.submitReadRequestToOM(OzoneManagerProtocolServerSideTranslatorPB.java:213) ~[ozone-manager-1.3.0-SNAPSHOT.jar:?]
	at org.apache.hadoop.ozone.protocolPB.OzoneManagerProtocolServerSideTranslatorPB.processRequest(OzoneManagerProtocolServerSideTranslatorPB.java:174) ~[ozone-manager-1.3.0-SNAPSHOT.jar:?]
	at org.apache.hadoop.hdds.server.OzoneProtocolMessageDispatcher.processRequest(OzoneProtocolMessageDispatcher.java:87) [hdds-server-framework-1.3.0-SNAPSHOT.jar:?]
	at org.apache.hadoop.ozone.protocolPB.OzoneManagerProtocolServerSideTranslatorPB.submitRequest(OzoneManagerProtocolServerSideTranslatorPB.java:146) [ozone-manager-1.3.0-SNAPSHOT.jar:?]
	at org.apache.hadoop.ozone.protocol.proto.OzoneManagerProtocolProtos$OzoneManagerService$2.callBlockingMethod(OzoneManagerProtocolProtos.java) [ozone-interface-client-1.3.0-SNAPSHOT.jar:?]
	at org.apache.hadoop.ipc.ProtobufRpcEngine$Server.processCall(ProtobufRpcEngine.java:466) [hadoop-common-3.3.1.jar:?]
	at org.apache.hadoop.ipc.ProtobufRpcEngine2$Server$ProtoBufRpcInvoker.call(ProtobufRpcEngine2.java:574) [hadoop-common-3.3.1.jar:?]
	at org.apache.hadoop.ipc.ProtobufRpcEngine2$Server$ProtoBufRpcInvoker.call(ProtobufRpcEngine2.java:552) [hadoop-common-3.3.1.jar:?]
	at org.apache.hadoop.ipc.RPC$Server.call(RPC.java:1093) [hadoop-common-3.3.1.jar:?]
	at org.apache.hadoop.ipc.Server$RpcCall.run(Server.java:1035) [hadoop-common-3.3.1.jar:?]
	at org.apache.hadoop.ipc.Server$RpcCall.run(Server.java:963) [hadoop-common-3.3.1.jar:?]
	at java.security.AccessController.doPrivileged(Native Method) ~[?:1.8.0_322]
	at javax.security.auth.Subject.doAs(Subject.java:422) [?:1.8.0_322]
	at org.apache.hadoop.security.UserGroupInformation.doAs(UserGroupInformation.java:1878) [hadoop-common-3.3.1.jar:?]
	at org.apache.hadoop.ipc.Server$Handler.run(Server.java:2966) [hadoop-common-3.3.1.jar:?]
03:13:55.087 [IPC Server handler 5 on default port 46813] ERROR OMAudit - user=runner | ip=127.0.0.1 | op=GET_FILE_STATUS {volume=e3a03ea3-c67c-4d2c-8b2f-2f0825a41ede, bucket=e618ce12-85cf-4cc8-a698-70e1c0a8ab1c, key=.Trash, dataSize=0, replicationConfig=null} | ret=FAILURE
org.apache.hadoop.ozone.om.exceptions.OMException: Unable to get file status: volume: e3a03ea3-c67c-4d2c-8b2f-2f0825a41ede bucket: e618ce12-85cf-4cc8-a698-70e1c0a8ab1c key: .Trash
	at org.apache.hadoop.ozone.om.KeyManagerImpl.getOzoneFileStatus(KeyManagerImpl.java:1280) ~[ozone-manager-1.3.0-SNAPSHOT.jar:?]
	at org.apache.hadoop.ozone.om.KeyManagerImpl.getFileStatus(KeyManagerImpl.java:1210) ~[ozone-manager-1.3.0-SNAPSHOT.jar:?]
	at org.apache.hadoop.ozone.om.OzoneManager.getFileStatus(OzoneManager.java:3067) ~[ozone-manager-1.3.0-SNAPSHOT.jar:?]
	at org.apache.hadoop.ozone.protocolPB.OzoneManagerRequestHandler.getOzoneFileStatus(OzoneManagerRequestHandler.java:670) ~[ozone-manager-1.3.0-SNAPSHOT.jar:?]
	at org.apache.hadoop.ozone.protocolPB.OzoneManagerRequestHandler.handleReadRequest(OzoneManagerRequestHandler.java:201) ~[ozone-manager-1.3.0-SNAPSHOT.jar:?]
	at org.apache.hadoop.ozone.protocolPB.OzoneManagerProtocolServerSideTranslatorPB.submitReadRequestToOM(OzoneManagerProtocolServerSideTranslatorPB.java:213) ~[ozone-manager-1.3.0-SNAPSHOT.jar:?]
	at org.apache.hadoop.ozone.protocolPB.OzoneManagerProtocolServerSideTranslatorPB.processRequest(OzoneManagerProtocolServerSideTranslatorPB.java:174) ~[ozone-manager-1.3.0-SNAPSHOT.jar:?]
	at org.apache.hadoop.hdds.server.OzoneProtocolMessageDispatcher.processRequest(OzoneProtocolMessageDispatcher.java:87) [hdds-server-framework-1.3.0-SNAPSHOT.jar:?]
	at org.apache.hadoop.ozone.protocolPB.OzoneManagerProtocolServerSideTranslatorPB.submitRequest(OzoneManagerProtocolServerSideTranslatorPB.java:146) [ozone-manager-1.3.0-SNAPSHOT.jar:?]
	at org.apache.hadoop.ozone.protocol.proto.OzoneManagerProtocolProtos$OzoneManagerService$2.callBlockingMethod(OzoneManagerProtocolProtos.java) [ozone-interface-client-1.3.0-SNAPSHOT.jar:?]
	at org.apache.hadoop.ipc.ProtobufRpcEngine$Server.processCall(ProtobufRpcEngine.java:466) [hadoop-common-3.3.1.jar:?]
	at org.apache.hadoop.ipc.ProtobufRpcEngine2$Server$ProtoBufRpcInvoker.call(ProtobufRpcEngine2.java:574) [hadoop-common-3.3.1.jar:?]
	at org.apache.hadoop.ipc.ProtobufRpcEngine2$Server$ProtoBufRpcInvoker.call(ProtobufRpcEngine2.java:552) [hadoop-common-3.3.1.jar:?]
	at org.apache.hadoop.ipc.RPC$Server.call(RPC.java:1093) [hadoop-common-3.3.1.jar:?]
	at org.apache.hadoop.ipc.Server$RpcCall.run(Server.java:1035) [hadoop-common-3.3.1.jar:?]
	at org.apache.hadoop.ipc.Server$RpcCall.run(Server.java:963) [hadoop-common-3.3.1.jar:?]
	at java.security.AccessController.doPrivileged(Native Method) ~[?:1.8.0_322]
	at javax.security.auth.Subject.doAs(Subject.java:422) [?:1.8.0_322]
	at org.apache.hadoop.security.UserGroupInformation.doAs(UserGroupInformation.java:1878) [hadoop-common-3.3.1.jar:?]
	at org.apache.hadoop.ipc.Server$Handler.run(Server.java:2966) [hadoop-common-3.3.1.jar:?]
2022-05-04 03:13:55,190 [Time-limited test] INFO  rpc.RpcClient (RpcClient.java:createVolume(448)) - Creating Volume: volume53633, with user32874 as owner and space quota set to -1 bytes, counts quota set to -1
2022-05-04 03:13:55,193 [OM StateMachine ApplyTransaction Thread - 0] INFO  volume.OMVolumeCreateRequest (OMVolumeCreateRequest.java:validateAndUpdateCache(195)) - created volume:volume53633 for user:user32874
2022-05-04 03:13:55,194 [Time-limited test] INFO  rpc.RpcClient (RpcClient.java:createBucket(637)) - Creating Bucket: volume53633/bucket18999, with runner as owner and Versioning false and Storage Type set to DISK and Encryption set to false 
2022-05-04 03:13:55,198 [OM StateMachine ApplyTransaction Thread - 0] INFO  bucket.OMBucketCreateRequest (OMBucketCreateRequest.java:validateAndUpdateCache(258)) - created bucket: bucket18999 of layout LEGACY in volume: volume53633
2022-05-04 03:13:55,225 [36a35a51-0c22-4b27-95e9-15250fb09d2f@group-CCCC3F4E889C-FollowerState] INFO  impl.FollowerState (FollowerState.java:run(134)) - 36a35a51-0c22-4b27-95e9-15250fb09d2f@group-CCCC3F4E889C-FollowerState: change to CANDIDATE, lastRpcElapsedTime:5051220553ns, electionTimeout:5048ms
2022-05-04 03:13:55,225 [36a35a51-0c22-4b27-95e9-15250fb09d2f@group-CCCC3F4E889C-FollowerState] INFO  impl.RoleInfo (RoleInfo.java:shutdownFollowerState(108)) - 36a35a51-0c22-4b27-95e9-15250fb09d2f: shutdown 36a35a51-0c22-4b27-95e9-15250fb09d2f@group-CCCC3F4E889C-FollowerState
2022-05-04 03:13:55,225 [36a35a51-0c22-4b27-95e9-15250fb09d2f@group-CCCC3F4E889C-FollowerState] INFO  server.RaftServer$Division (RaftServerImpl.java:setRole(290)) - 36a35a51-0c22-4b27-95e9-15250fb09d2f@group-CCCC3F4E889C: changes role from  FOLLOWER to CANDIDATE at term 3 for changeToCandidate
2022-05-04 03:13:55,225 [36a35a51-0c22-4b27-95e9-15250fb09d2f@group-CCCC3F4E889C-FollowerState] INFO  server.RaftServerConfigKeys (ConfUtils.java:logGet(44)) - raft.server.leaderelection.pre-vote = false (custom)
2022-05-04 03:13:55,225 [36a35a51-0c22-4b27-95e9-15250fb09d2f@group-CCCC3F4E889C-FollowerState] INFO  impl.RoleInfo (RoleInfo.java:updateAndGet(130)) - 36a35a51-0c22-4b27-95e9-15250fb09d2f: start 36a35a51-0c22-4b27-95e9-15250fb09d2f@group-CCCC3F4E889C-LeaderElection30
03:13:55.232 [IPC Server handler 0 on default port 46813] ERROR OMAudit - user=runner | ip=127.0.0.1 | op=GET_FILE_STATUS {volume=e3a03ea3-c67c-4d2c-8b2f-2f0825a41ede, bucket=e618ce12-85cf-4cc8-a698-70e1c0a8ab1c, key=.Trash, dataSize=0, replicationConfig=null} | ret=FAILURE
org.apache.hadoop.ozone.om.exceptions.OMException: Unable to get file status: volume: e3a03ea3-c67c-4d2c-8b2f-2f0825a41ede bucket: e618ce12-85cf-4cc8-a698-70e1c0a8ab1c key: .Trash
	at org.apache.hadoop.ozone.om.KeyManagerImpl.getOzoneFileStatus(KeyManagerImpl.java:1280) ~[ozone-manager-1.3.0-SNAPSHOT.jar:?]
	at org.apache.hadoop.ozone.om.KeyManagerImpl.getFileStatus(KeyManagerImpl.java:1210) ~[ozone-manager-1.3.0-SNAPSHOT.jar:?]
	at org.apache.hadoop.ozone.om.OzoneManager.getFileStatus(OzoneManager.java:3067) ~[ozone-manager-1.3.0-SNAPSHOT.jar:?]
	at org.apache.hadoop.ozone.protocolPB.OzoneManagerRequestHandler.getOzoneFileStatus(OzoneManagerRequestHandler.java:670) ~[ozone-manager-1.3.0-SNAPSHOT.jar:?]
	at org.apache.hadoop.ozone.protocolPB.OzoneManagerRequestHandler.handleReadRequest(OzoneManagerRequestHandler.java:201) ~[ozone-manager-1.3.0-SNAPSHOT.jar:?]
	at org.apache.hadoop.ozone.protocolPB.OzoneManagerProtocolServerSideTranslatorPB.submitReadRequestToOM(OzoneManagerProtocolServerSideTranslatorPB.java:213) ~[ozone-manager-1.3.0-SNAPSHOT.jar:?]
	at org.apache.hadoop.ozone.protocolPB.OzoneManagerProtocolServerSideTranslatorPB.processRequest(OzoneManagerProtocolServerSideTranslatorPB.java:174) ~[ozone-manager-1.3.0-SNAPSHOT.jar:?]
	at org.apache.hadoop.hdds.server.OzoneProtocolMessageDispatcher.processRequest(OzoneProtocolMessageDispatcher.java:87) [hdds-server-framework-1.3.0-SNAPSHOT.jar:?]
	at org.apache.hadoop.ozone.protocolPB.OzoneManagerProtocolServerSideTranslatorPB.submitRequest(OzoneManagerProtocolServerSideTranslatorPB.java:146) [ozone-manager-1.3.0-SNAPSHOT.jar:?]
	at org.apache.hadoop.ozone.protocol.proto.OzoneManagerProtocolProtos$OzoneManagerService$2.callBlockingMethod(OzoneManagerProtocolProtos.java) [ozone-interface-client-1.3.0-SNAPSHOT.jar:?]
	at org.apache.hadoop.ipc.ProtobufRpcEngine$Server.processCall(ProtobufRpcEngine.java:466) [hadoop-common-3.3.1.jar:?]
	at org.apache.hadoop.ipc.ProtobufRpcEngine2$Server$ProtoBufRpcInvoker.call(ProtobufRpcEngine2.java:574) [hadoop-common-3.3.1.jar:?]
	at org.apache.hadoop.ipc.ProtobufRpcEngine2$Server$ProtoBufRpcInvoker.call(ProtobufRpcEngine2.java:552) [hadoop-common-3.3.1.jar:?]
	at org.apache.hadoop.ipc.RPC$Server.call(RPC.java:1093) [hadoop-common-3.3.1.jar:?]
	at org.apache.hadoop.ipc.Server$RpcCall.run(Server.java:1035) [hadoop-common-3.3.1.jar:?]
	at org.apache.hadoop.ipc.Server$RpcCall.run(Server.java:963) [hadoop-common-3.3.1.jar:?]
	at java.security.AccessController.doPrivileged(Native Method) ~[?:1.8.0_322]
	at javax.security.auth.Subject.doAs(Subject.java:422) [?:1.8.0_322]
	at org.apache.hadoop.security.UserGroupInformation.doAs(UserGroupInformation.java:1878) [hadoop-common-3.3.1.jar:?]
	at org.apache.hadoop.ipc.Server$Handler.run(Server.java:2966) [hadoop-common-3.3.1.jar:?]
2022-05-04 03:13:55,263 [36a35a51-0c22-4b27-95e9-15250fb09d2f@group-CCCC3F4E889C-LeaderElection30] INFO  impl.LeaderElection (LeaderElection.java:askForVotes(306)) - 36a35a51-0c22-4b27-95e9-15250fb09d2f@group-CCCC3F4E889C-LeaderElection30 ELECTION round 0: submit vote requests at term 4 for -1: [50786c60-577d-4d1d-b3bc-3dc2ae741836|rpc:10.1.0.22:42585|dataStream:|priority:1, 36a35a51-0c22-4b27-95e9-15250fb09d2f|rpc:10.1.0.22:41095|dataStream:|priority:0, 3d91fce6-fc2e-4974-9eab-0da46cd4cdf8|rpc:10.1.0.22:40237|dataStream:|priority:0], old=null
03:13:55.281 [IPC Server handler 19 on default port 46813] ERROR OMAudit - user=runner | ip=127.0.0.1 | op=GET_FILE_STATUS {volume=e3a03ea3-c67c-4d2c-8b2f-2f0825a41ede, bucket=e618ce12-85cf-4cc8-a698-70e1c0a8ab1c, key=.Trash, dataSize=0, replicationConfig=null} | ret=FAILURE
org.apache.hadoop.ozone.om.exceptions.OMException: Unable to get file status: volume: e3a03ea3-c67c-4d2c-8b2f-2f0825a41ede bucket: e618ce12-85cf-4cc8-a698-70e1c0a8ab1c key: .Trash
	at org.apache.hadoop.ozone.om.KeyManagerImpl.getOzoneFileStatus(KeyManagerImpl.java:1280) ~[ozone-manager-1.3.0-SNAPSHOT.jar:?]
	at org.apache.hadoop.ozone.om.KeyManagerImpl.getFileStatus(KeyManagerImpl.java:1210) ~[ozone-manager-1.3.0-SNAPSHOT.jar:?]
	at org.apache.hadoop.ozone.om.OzoneManager.getFileStatus(OzoneManager.java:3067) ~[ozone-manager-1.3.0-SNAPSHOT.jar:?]
	at org.apache.hadoop.ozone.protocolPB.OzoneManagerRequestHandler.getOzoneFileStatus(OzoneManagerRequestHandler.java:670) ~[ozone-manager-1.3.0-SNAPSHOT.jar:?]
	at org.apache.hadoop.ozone.protocolPB.OzoneManagerRequestHandler.handleReadRequest(OzoneManagerRequestHandler.java:201) ~[ozone-manager-1.3.0-SNAPSHOT.jar:?]
	at org.apache.hadoop.ozone.protocolPB.OzoneManagerProtocolServerSideTranslatorPB.submitReadRequestToOM(OzoneManagerProtocolServerSideTranslatorPB.java:213) ~[ozone-manager-1.3.0-SNAPSHOT.jar:?]
	at org.apache.hadoop.ozone.protocolPB.OzoneManagerProtocolServerSideTranslatorPB.processRequest(OzoneManagerProtocolServerSideTranslatorPB.java:174) ~[ozone-manager-1.3.0-SNAPSHOT.jar:?]
	at org.apache.hadoop.hdds.server.OzoneProtocolMessageDispatcher.processRequest(OzoneProtocolMessageDispatcher.java:87) [hdds-server-framework-1.3.0-SNAPSHOT.jar:?]
	at org.apache.hadoop.ozone.protocolPB.OzoneManagerProtocolServerSideTranslatorPB.submitRequest(OzoneManagerProtocolServerSideTranslatorPB.java:146) [ozone-manager-1.3.0-SNAPSHOT.jar:?]
	at org.apache.hadoop.ozone.protocol.proto.OzoneManagerProtocolProtos$OzoneManagerService$2.callBlockingMethod(OzoneManagerProtocolProtos.java) [ozone-interface-client-1.3.0-SNAPSHOT.jar:?]
	at org.apache.hadoop.ipc.ProtobufRpcEngine$Server.processCall(ProtobufRpcEngine.java:466) [hadoop-common-3.3.1.jar:?]
	at org.apache.hadoop.ipc.ProtobufRpcEngine2$Server$ProtoBufRpcInvoker.call(ProtobufRpcEngine2.java:574) [hadoop-common-3.3.1.jar:?]
	at org.apache.hadoop.ipc.ProtobufRpcEngine2$Server$ProtoBufRpcInvoker.call(ProtobufRpcEngine2.java:552) [hadoop-common-3.3.1.jar:?]
	at org.apache.hadoop.ipc.RPC$Server.call(RPC.java:1093) [hadoop-common-3.3.1.jar:?]
	at org.apache.hadoop.ipc.Server$RpcCall.run(Server.java:1035) [hadoop-common-3.3.1.jar:?]
	at org.apache.hadoop.ipc.Server$RpcCall.run(Server.java:963) [hadoop-common-3.3.1.jar:?]
	at java.security.AccessController.doPrivileged(Native Method) ~[?:1.8.0_322]
	at javax.security.auth.Subject.doAs(Subject.java:422) [?:1.8.0_322]
	at org.apache.hadoop.security.UserGroupInformation.doAs(UserGroupInformation.java:1878) [hadoop-common-3.3.1.jar:?]
	at org.apache.hadoop.ipc.Server$Handler.run(Server.java:2966) [hadoop-common-3.3.1.jar:?]
2022-05-04 03:13:55,320 [grpc-default-executor-1] INFO  server.RaftServer$Division (RaftServerImpl.java:requestVote(1046)) - 50786c60-577d-4d1d-b3bc-3dc2ae741836@group-CCCC3F4E889C: receive requestVote(ELECTION, 36a35a51-0c22-4b27-95e9-15250fb09d2f, group-CCCC3F4E889C, 4, (t:0, i:0))
2022-05-04 03:13:55,321 [grpc-default-executor-1] INFO  impl.VoteContext (VoteContext.java:log(48)) - 50786c60-577d-4d1d-b3bc-3dc2ae741836@group-CCCC3F4E889C-FOLLOWER: reject ELECTION from 36a35a51-0c22-4b27-95e9-15250fb09d2f: our priority 1 > candidate's priority 0
2022-05-04 03:13:55,321 [grpc-default-executor-1] INFO  server.RaftServer$Division (RaftServerImpl.java:setRole(290)) - 50786c60-577d-4d1d-b3bc-3dc2ae741836@group-CCCC3F4E889C: changes role from  FOLLOWER to FOLLOWER at term 4 for candidate:36a35a51-0c22-4b27-95e9-15250fb09d2f
2022-05-04 03:13:55,321 [grpc-default-executor-1] INFO  impl.RoleInfo (RoleInfo.java:shutdownFollowerState(108)) - 50786c60-577d-4d1d-b3bc-3dc2ae741836: shutdown 50786c60-577d-4d1d-b3bc-3dc2ae741836@group-CCCC3F4E889C-FollowerState
2022-05-04 03:13:55,321 [grpc-default-executor-1] INFO  impl.RoleInfo (RoleInfo.java:updateAndGet(130)) - 50786c60-577d-4d1d-b3bc-3dc2ae741836: start 50786c60-577d-4d1d-b3bc-3dc2ae741836@group-CCCC3F4E889C-FollowerState
2022-05-04 03:13:55,321 [50786c60-577d-4d1d-b3bc-3dc2ae741836@group-CCCC3F4E889C-FollowerState] INFO  impl.FollowerState (FollowerState.java:run(143)) - 50786c60-577d-4d1d-b3bc-3dc2ae741836@group-CCCC3F4E889C-FollowerState was interrupted: {}
java.lang.InterruptedException: sleep interrupted
	at java.lang.Thread.sleep(Native Method)
	at java.lang.Thread.sleep(Thread.java:342)
	at java.util.concurrent.TimeUnit.sleep(TimeUnit.java:386)
	at org.apache.ratis.util.TimeDuration.sleep(TimeDuration.java:324)
	at org.apache.ratis.util.TimeDuration.sleep(TimeDuration.java:309)
	at org.apache.ratis.server.impl.FollowerState.run(FollowerState.java:118)
2022-05-04 03:13:55,325 [grpc-default-executor-1] INFO  server.RaftServer$Division (RaftServerImpl.java:requestVote(1078)) - 50786c60-577d-4d1d-b3bc-3dc2ae741836@group-CCCC3F4E889C replies to ELECTION vote request: 36a35a51-0c22-4b27-95e9-15250fb09d2f<-50786c60-577d-4d1d-b3bc-3dc2ae741836#0:FAIL-t4. Peer's state: 50786c60-577d-4d1d-b3bc-3dc2ae741836@group-CCCC3F4E889C:t4, leader=null, voted=null, raftlog=50786c60-577d-4d1d-b3bc-3dc2ae741836@group-CCCC3F4E889C-SegmentedRaftLog:OPENED:c-1, conf=-1: [50786c60-577d-4d1d-b3bc-3dc2ae741836|rpc:10.1.0.22:42585|dataStream:|priority:1, 36a35a51-0c22-4b27-95e9-15250fb09d2f|rpc:10.1.0.22:41095|dataStream:|priority:0, 3d91fce6-fc2e-4974-9eab-0da46cd4cdf8|rpc:10.1.0.22:40237|dataStream:|priority:0], old=null
2022-05-04 03:13:55,330 [36a35a51-0c22-4b27-95e9-15250fb09d2f@group-CCCC3F4E889C-LeaderElection30] INFO  impl.LeaderElection (LeaderElection.java:logAndReturn(89)) - 36a35a51-0c22-4b27-95e9-15250fb09d2f@group-CCCC3F4E889C-LeaderElection30: ELECTION REJECTED received 1 response(s) and 0 exception(s):
2022-05-04 03:13:55,330 [36a35a51-0c22-4b27-95e9-15250fb09d2f@group-CCCC3F4E889C-LeaderElection30] INFO  impl.LeaderElection (LeaderElection.java:logAndReturn(93)) -   Response 0: 36a35a51-0c22-4b27-95e9-15250fb09d2f<-50786c60-577d-4d1d-b3bc-3dc2ae741836#0:FAIL-t4
2022-05-04 03:13:55,330 [36a35a51-0c22-4b27-95e9-15250fb09d2f@group-CCCC3F4E889C-LeaderElection30] INFO  impl.LeaderElection (LeaderElection.java:askForVotes(308)) - 36a35a51-0c22-4b27-95e9-15250fb09d2f@group-CCCC3F4E889C-LeaderElection30 ELECTION round 0: result REJECTED
2022-05-04 03:13:55,330 [36a35a51-0c22-4b27-95e9-15250fb09d2f@group-CCCC3F4E889C-LeaderElection30] INFO  server.RaftServer$Division (RaftServerImpl.java:setRole(290)) - 36a35a51-0c22-4b27-95e9-15250fb09d2f@group-CCCC3F4E889C: changes role from CANDIDATE to FOLLOWER at term 4 for REJECTED
2022-05-04 03:13:55,330 [36a35a51-0c22-4b27-95e9-15250fb09d2f@group-CCCC3F4E889C-LeaderElection30] INFO  impl.RoleInfo (RoleInfo.java:shutdownLeaderElection(121)) - 36a35a51-0c22-4b27-95e9-15250fb09d2f: shutdown 36a35a51-0c22-4b27-95e9-15250fb09d2f@group-CCCC3F4E889C-LeaderElection30
2022-05-04 03:13:55,330 [36a35a51-0c22-4b27-95e9-15250fb09d2f@group-CCCC3F4E889C-LeaderElection30] INFO  impl.RoleInfo (RoleInfo.java:updateAndGet(130)) - 36a35a51-0c22-4b27-95e9-15250fb09d2f: start 36a35a51-0c22-4b27-95e9-15250fb09d2f@group-CCCC3F4E889C-FollowerState
03:13:55.338 [IPC Server handler 5 on default port 46813] ERROR OMAudit - user=runner | ip=127.0.0.1 | op=GET_FILE_STATUS {volume=volume53633, bucket=bucket18999, key=.Trash/runner, dataSize=0, replicationConfig=null} | ret=FAILURE
org.apache.hadoop.ozone.om.exceptions.OMException: Unable to get file status: volume: volume53633 bucket: bucket18999 key: .Trash/runner
	at org.apache.hadoop.ozone.om.KeyManagerImpl.getOzoneFileStatus(KeyManagerImpl.java:1280) ~[ozone-manager-1.3.0-SNAPSHOT.jar:?]
	at org.apache.hadoop.ozone.om.KeyManagerImpl.getFileStatus(KeyManagerImpl.java:1210) ~[ozone-manager-1.3.0-SNAPSHOT.jar:?]
	at org.apache.hadoop.ozone.om.OzoneManager.getFileStatus(OzoneManager.java:3067) ~[ozone-manager-1.3.0-SNAPSHOT.jar:?]
	at org.apache.hadoop.ozone.protocolPB.OzoneManagerRequestHandler.getOzoneFileStatus(OzoneManagerRequestHandler.java:670) ~[ozone-manager-1.3.0-SNAPSHOT.jar:?]
	at org.apache.hadoop.ozone.protocolPB.OzoneManagerRequestHandler.handleReadRequest(OzoneManagerRequestHandler.java:201) ~[ozone-manager-1.3.0-SNAPSHOT.jar:?]
	at org.apache.hadoop.ozone.protocolPB.OzoneManagerProtocolServerSideTranslatorPB.submitReadRequestToOM(OzoneManagerProtocolServerSideTranslatorPB.java:213) ~[ozone-manager-1.3.0-SNAPSHOT.jar:?]
	at org.apache.hadoop.ozone.protocolPB.OzoneManagerProtocolServerSideTranslatorPB.processRequest(OzoneManagerProtocolServerSideTranslatorPB.java:174) ~[ozone-manager-1.3.0-SNAPSHOT.jar:?]
	at org.apache.hadoop.hdds.server.OzoneProtocolMessageDispatcher.processRequest(OzoneProtocolMessageDispatcher.java:87) [hdds-server-framework-1.3.0-SNAPSHOT.jar:?]
	at org.apache.hadoop.ozone.protocolPB.OzoneManagerProtocolServerSideTranslatorPB.submitRequest(OzoneManagerProtocolServerSideTranslatorPB.java:146) [ozone-manager-1.3.0-SNAPSHOT.jar:?]
	at org.apache.hadoop.ozone.protocol.proto.OzoneManagerProtocolProtos$OzoneManagerService$2.callBlockingMethod(OzoneManagerProtocolProtos.java) [ozone-interface-client-1.3.0-SNAPSHOT.jar:?]
	at org.apache.hadoop.ipc.ProtobufRpcEngine$Server.processCall(ProtobufRpcEngine.java:466) [hadoop-common-3.3.1.jar:?]
	at org.apache.hadoop.ipc.ProtobufRpcEngine2$Server$ProtoBufRpcInvoker.call(ProtobufRpcEngine2.java:574) [hadoop-common-3.3.1.jar:?]
	at org.apache.hadoop.ipc.ProtobufRpcEngine2$Server$ProtoBufRpcInvoker.call(ProtobufRpcEngine2.java:552) [hadoop-common-3.3.1.jar:?]
	at org.apache.hadoop.ipc.RPC$Server.call(RPC.java:1093) [hadoop-common-3.3.1.jar:?]
	at org.apache.hadoop.ipc.Server$RpcCall.run(Server.java:1035) [hadoop-common-3.3.1.jar:?]
	at org.apache.hadoop.ipc.Server$RpcCall.run(Server.java:963) [hadoop-common-3.3.1.jar:?]
	at java.security.AccessController.doPrivileged(Native Method) ~[?:1.8.0_322]
	at javax.security.auth.Subject.doAs(Subject.java:422) [?:1.8.0_322]
	at org.apache.hadoop.security.UserGroupInformation.doAs(UserGroupInformation.java:1878) [hadoop-common-3.3.1.jar:?]
	at org.apache.hadoop.ipc.Server$Handler.run(Server.java:2966) [hadoop-common-3.3.1.jar:?]
03:13:55.351 [IPC Server handler 2 on default port 46813] ERROR OMAudit - user=runner | ip=127.0.0.1 | op=GET_FILE_STATUS {volume=e3a03ea3-c67c-4d2c-8b2f-2f0825a41ede, bucket=e618ce12-85cf-4cc8-a698-70e1c0a8ab1c, key=.Trash, dataSize=0, replicationConfig=null} | ret=FAILURE
org.apache.hadoop.ozone.om.exceptions.OMException: Unable to get file status: volume: e3a03ea3-c67c-4d2c-8b2f-2f0825a41ede bucket: e618ce12-85cf-4cc8-a698-70e1c0a8ab1c key: .Trash
	at org.apache.hadoop.ozone.om.KeyManagerImpl.getOzoneFileStatus(KeyManagerImpl.java:1280) ~[ozone-manager-1.3.0-SNAPSHOT.jar:?]
	at org.apache.hadoop.ozone.om.KeyManagerImpl.getFileStatus(KeyManagerImpl.java:1210) ~[ozone-manager-1.3.0-SNAPSHOT.jar:?]
	at org.apache.hadoop.ozone.om.OzoneManager.getFileStatus(OzoneManager.java:3067) ~[ozone-manager-1.3.0-SNAPSHOT.jar:?]
	at org.apache.hadoop.ozone.protocolPB.OzoneManagerRequestHandler.getOzoneFileStatus(OzoneManagerRequestHandler.java:670) ~[ozone-manager-1.3.0-SNAPSHOT.jar:?]
	at org.apache.hadoop.ozone.protocolPB.OzoneManagerRequestHandler.handleReadRequest(OzoneManagerRequestHandler.java:201) ~[ozone-manager-1.3.0-SNAPSHOT.jar:?]
	at org.apache.hadoop.ozone.protocolPB.OzoneManagerProtocolServerSideTranslatorPB.submitReadRequestToOM(OzoneManagerProtocolServerSideTranslatorPB.java:213) ~[ozone-manager-1.3.0-SNAPSHOT.jar:?]
	at org.apache.hadoop.ozone.protocolPB.OzoneManagerProtocolServerSideTranslatorPB.processRequest(OzoneManagerProtocolServerSideTranslatorPB.java:174) ~[ozone-manager-1.3.0-SNAPSHOT.jar:?]
	at org.apache.hadoop.hdds.server.OzoneProtocolMessageDispatcher.processRequest(OzoneProtocolMessageDispatcher.java:87) [hdds-server-framework-1.3.0-SNAPSHOT.jar:?]
	at org.apache.hadoop.ozone.protocolPB.OzoneManagerProtocolServerSideTranslatorPB.submitRequest(OzoneManagerProtocolServerSideTranslatorPB.java:146) [ozone-manager-1.3.0-SNAPSHOT.jar:?]
	at org.apache.hadoop.ozone.protocol.proto.OzoneManagerProtocolProtos$OzoneManagerService$2.callBlockingMethod(OzoneManagerProtocolProtos.java) [ozone-interface-client-1.3.0-SNAPSHOT.jar:?]
	at org.apache.hadoop.ipc.ProtobufRpcEngine$Server.processCall(ProtobufRpcEngine.java:466) [hadoop-common-3.3.1.jar:?]
	at org.apache.hadoop.ipc.ProtobufRpcEngine2$Server$ProtoBufRpcInvoker.call(ProtobufRpcEngine2.java:574) [hadoop-common-3.3.1.jar:?]
	at org.apache.hadoop.ipc.ProtobufRpcEngine2$Server$ProtoBufRpcInvoker.call(ProtobufRpcEngine2.java:552) [hadoop-common-3.3.1.jar:?]
	at org.apache.hadoop.ipc.RPC$Server.call(RPC.java:1093) [hadoop-common-3.3.1.jar:?]
	at org.apache.hadoop.ipc.Server$RpcCall.run(Server.java:1035) [hadoop-common-3.3.1.jar:?]
	at org.apache.hadoop.ipc.Server$RpcCall.run(Server.java:963) [hadoop-common-3.3.1.jar:?]
	at java.security.AccessController.doPrivileged(Native Method) ~[?:1.8.0_322]
	at javax.security.auth.Subject.doAs(Subject.java:422) [?:1.8.0_322]
	at org.apache.hadoop.security.UserGroupInformation.doAs(UserGroupInformation.java:1878) [hadoop-common-3.3.1.jar:?]
	at org.apache.hadoop.ipc.Server$Handler.run(Server.java:2966) [hadoop-common-3.3.1.jar:?]
03:13:55.353 [IPC Server handler 12 on default port 46813] ERROR OMAudit - user=runner | ip=127.0.0.1 | op=GET_FILE_STATUS {volume=volume53633, bucket=bucket18999, key=.Trash, dataSize=0, replicationConfig=null} | ret=FAILURE
org.apache.hadoop.ozone.om.exceptions.OMException: Unable to get file status: volume: volume53633 bucket: bucket18999 key: .Trash
	at org.apache.hadoop.ozone.om.KeyManagerImpl.getOzoneFileStatus(KeyManagerImpl.java:1280) ~[ozone-manager-1.3.0-SNAPSHOT.jar:?]
	at org.apache.hadoop.ozone.om.KeyManagerImpl.getFileStatus(KeyManagerImpl.java:1210) ~[ozone-manager-1.3.0-SNAPSHOT.jar:?]
	at org.apache.hadoop.ozone.om.OzoneManager.getFileStatus(OzoneManager.java:3067) ~[ozone-manager-1.3.0-SNAPSHOT.jar:?]
	at org.apache.hadoop.ozone.protocolPB.OzoneManagerRequestHandler.getOzoneFileStatus(OzoneManagerRequestHandler.java:670) ~[ozone-manager-1.3.0-SNAPSHOT.jar:?]
	at org.apache.hadoop.ozone.protocolPB.OzoneManagerRequestHandler.handleReadRequest(OzoneManagerRequestHandler.java:201) ~[ozone-manager-1.3.0-SNAPSHOT.jar:?]
	at org.apache.hadoop.ozone.protocolPB.OzoneManagerProtocolServerSideTranslatorPB.submitReadRequestToOM(OzoneManagerProtocolServerSideTranslatorPB.java:213) ~[ozone-manager-1.3.0-SNAPSHOT.jar:?]
	at org.apache.hadoop.ozone.protocolPB.OzoneManagerProtocolServerSideTranslatorPB.processRequest(OzoneManagerProtocolServerSideTranslatorPB.java:174) ~[ozone-manager-1.3.0-SNAPSHOT.jar:?]
	at org.apache.hadoop.hdds.server.OzoneProtocolMessageDispatcher.processRequest(OzoneProtocolMessageDispatcher.java:87) [hdds-server-framework-1.3.0-SNAPSHOT.jar:?]
	at org.apache.hadoop.ozone.protocolPB.OzoneManagerProtocolServerSideTranslatorPB.submitRequest(OzoneManagerProtocolServerSideTranslatorPB.java:146) [ozone-manager-1.3.0-SNAPSHOT.jar:?]
	at org.apache.hadoop.ozone.protocol.proto.OzoneManagerProtocolProtos$OzoneManagerService$2.callBlockingMethod(OzoneManagerProtocolProtos.java) [ozone-interface-client-1.3.0-SNAPSHOT.jar:?]
	at org.apache.hadoop.ipc.ProtobufRpcEngine$Server.processCall(ProtobufRpcEngine.java:466) [hadoop-common-3.3.1.jar:?]
	at org.apache.hadoop.ipc.ProtobufRpcEngine2$Server$ProtoBufRpcInvoker.call(ProtobufRpcEngine2.java:574) [hadoop-common-3.3.1.jar:?]
	at org.apache.hadoop.ipc.ProtobufRpcEngine2$Server$ProtoBufRpcInvoker.call(ProtobufRpcEngine2.java:552) [hadoop-common-3.3.1.jar:?]
	at org.apache.hadoop.ipc.RPC$Server.call(RPC.java:1093) [hadoop-common-3.3.1.jar:?]
	at org.apache.hadoop.ipc.Server$RpcCall.run(Server.java:1035) [hadoop-common-3.3.1.jar:?]
	at org.apache.hadoop.ipc.Server$RpcCall.run(Server.java:963) [hadoop-common-3.3.1.jar:?]
	at java.security.AccessController.doPrivileged(Native Method) ~[?:1.8.0_322]
	at javax.security.auth.Subject.doAs(Subject.java:422) [?:1.8.0_322]
	at org.apache.hadoop.security.UserGroupInformation.doAs(UserGroupInformation.java:1878) [hadoop-common-3.3.1.jar:?]
	at org.apache.hadoop.ipc.Server$Handler.run(Server.java:2966) [hadoop-common-3.3.1.jar:?]
2022-05-04 03:13:55,358 [grpc-default-executor-2] INFO  server.RaftServer$Division (RaftServerImpl.java:requestVote(1046)) - 3d91fce6-fc2e-4974-9eab-0da46cd4cdf8@group-CCCC3F4E889C: receive requestVote(ELECTION, 36a35a51-0c22-4b27-95e9-15250fb09d2f, group-CCCC3F4E889C, 4, (t:0, i:0))
2022-05-04 03:13:55,358 [grpc-default-executor-2] INFO  impl.VoteContext (VoteContext.java:log(48)) - 3d91fce6-fc2e-4974-9eab-0da46cd4cdf8@group-CCCC3F4E889C-FOLLOWER: accept ELECTION from 36a35a51-0c22-4b27-95e9-15250fb09d2f: our priority 0 <= candidate's priority 0
2022-05-04 03:13:55,358 [grpc-default-executor-2] INFO  server.RaftServer$Division (RaftServerImpl.java:setRole(290)) - 3d91fce6-fc2e-4974-9eab-0da46cd4cdf8@group-CCCC3F4E889C: changes role from  FOLLOWER to FOLLOWER at term 4 for candidate:36a35a51-0c22-4b27-95e9-15250fb09d2f
2022-05-04 03:13:55,358 [grpc-default-executor-2] INFO  impl.RoleInfo (RoleInfo.java:shutdownFollowerState(108)) - 3d91fce6-fc2e-4974-9eab-0da46cd4cdf8: shutdown 3d91fce6-fc2e-4974-9eab-0da46cd4cdf8@group-CCCC3F4E889C-FollowerState
2022-05-04 03:13:55,358 [grpc-default-executor-2] INFO  impl.RoleInfo (RoleInfo.java:updateAndGet(130)) - 3d91fce6-fc2e-4974-9eab-0da46cd4cdf8: start 3d91fce6-fc2e-4974-9eab-0da46cd4cdf8@group-CCCC3F4E889C-FollowerState
2022-05-04 03:13:55,358 [3d91fce6-fc2e-4974-9eab-0da46cd4cdf8@group-CCCC3F4E889C-FollowerState] INFO  impl.FollowerState (FollowerState.java:run(143)) - 3d91fce6-fc2e-4974-9eab-0da46cd4cdf8@group-CCCC3F4E889C-FollowerState was interrupted: {}
java.lang.InterruptedException: sleep interrupted
	at java.lang.Thread.sleep(Native Method)
	at java.lang.Thread.sleep(Thread.java:342)
	at java.util.concurrent.TimeUnit.sleep(TimeUnit.java:386)
	at org.apache.ratis.util.TimeDuration.sleep(TimeDuration.java:324)
	at org.apache.ratis.util.TimeDuration.sleep(TimeDuration.java:309)
	at org.apache.ratis.server.impl.FollowerState.run(FollowerState.java:118)
2022-05-04 03:13:55,362 [grpc-default-executor-2] INFO  server.RaftServer$Division (RaftServerImpl.java:requestVote(1078)) - 3d91fce6-fc2e-4974-9eab-0da46cd4cdf8@group-CCCC3F4E889C replies to ELECTION vote request: 36a35a51-0c22-4b27-95e9-15250fb09d2f<-3d91fce6-fc2e-4974-9eab-0da46cd4cdf8#0:OK-t4. Peer's state: 3d91fce6-fc2e-4974-9eab-0da46cd4cdf8@group-CCCC3F4E889C:t4, leader=null, voted=36a35a51-0c22-4b27-95e9-15250fb09d2f, raftlog=3d91fce6-fc2e-4974-9eab-0da46cd4cdf8@group-CCCC3F4E889C-SegmentedRaftLog:OPENED:c-1, conf=-1: [50786c60-577d-4d1d-b3bc-3dc2ae741836|rpc:10.1.0.22:42585|priority:1, 36a35a51-0c22-4b27-95e9-15250fb09d2f|rpc:10.1.0.22:41095|priority:0, 3d91fce6-fc2e-4974-9eab-0da46cd4cdf8|rpc:10.1.0.22:40237|priority:0], old=null
03:13:55.381 [IPC Server handler 5 on default port 46813] ERROR OMAudit - user=runner | ip=127.0.0.1 | op=GET_FILE_STATUS {volume=volume53633, bucket=bucket18999, key=.Trash/runner, dataSize=0, replicationConfig=null} | ret=FAILURE
org.apache.hadoop.ozone.om.exceptions.OMException: Unable to get file status: volume: volume53633 bucket: bucket18999 key: .Trash/runner
	at org.apache.hadoop.ozone.om.KeyManagerImpl.getOzoneFileStatus(KeyManagerImpl.java:1280) ~[ozone-manager-1.3.0-SNAPSHOT.jar:?]
	at org.apache.hadoop.ozone.om.KeyManagerImpl.getFileStatus(KeyManagerImpl.java:1210) ~[ozone-manager-1.3.0-SNAPSHOT.jar:?]
	at org.apache.hadoop.ozone.om.OzoneManager.getFileStatus(OzoneManager.java:3067) ~[ozone-manager-1.3.0-SNAPSHOT.jar:?]
	at org.apache.hadoop.ozone.protocolPB.OzoneManagerRequestHandler.getOzoneFileStatus(OzoneManagerRequestHandler.java:670) ~[ozone-manager-1.3.0-SNAPSHOT.jar:?]
	at org.apache.hadoop.ozone.protocolPB.OzoneManagerRequestHandler.handleReadRequest(OzoneManagerRequestHandler.java:201) ~[ozone-manager-1.3.0-SNAPSHOT.jar:?]
	at org.apache.hadoop.ozone.protocolPB.OzoneManagerProtocolServerSideTranslatorPB.submitReadRequestToOM(OzoneManagerProtocolServerSideTranslatorPB.java:213) ~[ozone-manager-1.3.0-SNAPSHOT.jar:?]
	at org.apache.hadoop.ozone.protocolPB.OzoneManagerProtocolServerSideTranslatorPB.processRequest(OzoneManagerProtocolServerSideTranslatorPB.java:174) ~[ozone-manager-1.3.0-SNAPSHOT.jar:?]
	at org.apache.hadoop.hdds.server.OzoneProtocolMessageDispatcher.processRequest(OzoneProtocolMessageDispatcher.java:87) [hdds-server-framework-1.3.0-SNAPSHOT.jar:?]
	at org.apache.hadoop.ozone.protocolPB.OzoneManagerProtocolServerSideTranslatorPB.submitRequest(OzoneManagerProtocolServerSideTranslatorPB.java:146) [ozone-manager-1.3.0-SNAPSHOT.jar:?]
	at org.apache.hadoop.ozone.protocol.proto.OzoneManagerProtocolProtos$OzoneManagerService$2.callBlockingMethod(OzoneManagerProtocolProtos.java) [ozone-interface-client-1.3.0-SNAPSHOT.jar:?]
	at org.apache.hadoop.ipc.ProtobufRpcEngine$Server.processCall(ProtobufRpcEngine.java:466) [hadoop-common-3.3.1.jar:?]
	at org.apache.hadoop.ipc.ProtobufRpcEngine2$Server$ProtoBufRpcInvoker.call(ProtobufRpcEngine2.java:574) [hadoop-common-3.3.1.jar:?]
	at org.apache.hadoop.ipc.ProtobufRpcEngine2$Server$ProtoBufRpcInvoker.call(ProtobufRpcEngine2.java:552) [hadoop-common-3.3.1.jar:?]
	at org.apache.hadoop.ipc.RPC$Server.call(RPC.java:1093) [hadoop-common-3.3.1.jar:?]
	at org.apache.hadoop.ipc.Server$RpcCall.run(Server.java:1035) [hadoop-common-3.3.1.jar:?]
	at org.apache.hadoop.ipc.Server$RpcCall.run(Server.java:963) [hadoop-common-3.3.1.jar:?]
	at java.security.AccessController.doPrivileged(Native Method) ~[?:1.8.0_322]
	at javax.security.auth.Subject.doAs(Subject.java:422) [?:1.8.0_322]
	at org.apache.hadoop.security.UserGroupInformation.doAs(UserGroupInformation.java:1878) [hadoop-common-3.3.1.jar:?]
	at org.apache.hadoop.ipc.Server$Handler.run(Server.java:2966) [hadoop-common-3.3.1.jar:?]
03:13:55.385 [IPC Server handler 18 on default port 46813] ERROR OMAudit - user=runner | ip=127.0.0.1 | op=GET_FILE_STATUS {volume=volume62326, bucket=trashroottest2, key=.Trash/runner, dataSize=0, replicationConfig=null} | ret=FAILURE
org.apache.hadoop.ozone.om.exceptions.OMException: Unable to get file status: volume: volume62326 bucket: trashroottest2 key: .Trash/runner
	at org.apache.hadoop.ozone.om.KeyManagerImpl.getOzoneFileStatus(KeyManagerImpl.java:1280) ~[ozone-manager-1.3.0-SNAPSHOT.jar:?]
	at org.apache.hadoop.ozone.om.KeyManagerImpl.getFileStatus(KeyManagerImpl.java:1210) ~[ozone-manager-1.3.0-SNAPSHOT.jar:?]
	at org.apache.hadoop.ozone.om.OzoneManager.getFileStatus(OzoneManager.java:3067) ~[ozone-manager-1.3.0-SNAPSHOT.jar:?]
	at org.apache.hadoop.ozone.protocolPB.OzoneManagerRequestHandler.getOzoneFileStatus(OzoneManagerRequestHandler.java:670) ~[ozone-manager-1.3.0-SNAPSHOT.jar:?]
	at org.apache.hadoop.ozone.protocolPB.OzoneManagerRequestHandler.handleReadRequest(OzoneManagerRequestHandler.java:201) ~[ozone-manager-1.3.0-SNAPSHOT.jar:?]
	at org.apache.hadoop.ozone.protocolPB.OzoneManagerProtocolServerSideTranslatorPB.submitReadRequestToOM(OzoneManagerProtocolServerSideTranslatorPB.java:213) ~[ozone-manager-1.3.0-SNAPSHOT.jar:?]
	at org.apache.hadoop.ozone.protocolPB.OzoneManagerProtocolServerSideTranslatorPB.processRequest(OzoneManagerProtocolServerSideTranslatorPB.java:174) ~[ozone-manager-1.3.0-SNAPSHOT.jar:?]
	at org.apache.hadoop.hdds.server.OzoneProtocolMessageDispatcher.processRequest(OzoneProtocolMessageDispatcher.java:87) [hdds-server-framework-1.3.0-SNAPSHOT.jar:?]
	at org.apache.hadoop.ozone.protocolPB.OzoneManagerProtocolServerSideTranslatorPB.submitRequest(OzoneManagerProtocolServerSideTranslatorPB.java:146) [ozone-manager-1.3.0-SNAPSHOT.jar:?]
	at org.apache.hadoop.ozone.protocol.proto.OzoneManagerProtocolProtos$OzoneManagerService$2.callBlockingMethod(OzoneManagerProtocolProtos.java) [ozone-interface-client-1.3.0-SNAPSHOT.jar:?]
	at org.apache.hadoop.ipc.ProtobufRpcEngine$Server.processCall(ProtobufRpcEngine.java:466) [hadoop-common-3.3.1.jar:?]
	at org.apache.hadoop.ipc.ProtobufRpcEngine2$Server$ProtoBufRpcInvoker.call(ProtobufRpcEngine2.java:574) [hadoop-common-3.3.1.jar:?]
	at org.apache.hadoop.ipc.ProtobufRpcEngine2$Server$ProtoBufRpcInvoker.call(ProtobufRpcEngine2.java:552) [hadoop-common-3.3.1.jar:?]
	at org.apache.hadoop.ipc.RPC$Server.call(RPC.java:1093) [hadoop-common-3.3.1.jar:?]
	at org.apache.hadoop.ipc.Server$RpcCall.run(Server.java:1035) [hadoop-common-3.3.1.jar:?]
	at org.apache.hadoop.ipc.Server$RpcCall.run(Server.java:963) [hadoop-common-3.3.1.jar:?]
	at java.security.AccessController.doPrivileged(Native Method) ~[?:1.8.0_322]
	at javax.security.auth.Subject.doAs(Subject.java:422) [?:1.8.0_322]
	at org.apache.hadoop.security.UserGroupInformation.doAs(UserGroupInformation.java:1878) [hadoop-common-3.3.1.jar:?]
	at org.apache.hadoop.ipc.Server$Handler.run(Server.java:2966) [hadoop-common-3.3.1.jar:?]
03:13:55.392 [IPC Server handler 0 on default port 46813] ERROR OMAudit - user=runner | ip=127.0.0.1 | op=GET_FILE_STATUS {volume=e3a03ea3-c67c-4d2c-8b2f-2f0825a41ede, bucket=e618ce12-85cf-4cc8-a698-70e1c0a8ab1c, key=.Trash, dataSize=0, replicationConfig=null} | ret=FAILURE
org.apache.hadoop.ozone.om.exceptions.OMException: Unable to get file status: volume: e3a03ea3-c67c-4d2c-8b2f-2f0825a41ede bucket: e618ce12-85cf-4cc8-a698-70e1c0a8ab1c key: .Trash
	at org.apache.hadoop.ozone.om.KeyManagerImpl.getOzoneFileStatus(KeyManagerImpl.java:1280) ~[ozone-manager-1.3.0-SNAPSHOT.jar:?]
	at org.apache.hadoop.ozone.om.KeyManagerImpl.getFileStatus(KeyManagerImpl.java:1210) ~[ozone-manager-1.3.0-SNAPSHOT.jar:?]
	at org.apache.hadoop.ozone.om.OzoneManager.getFileStatus(OzoneManager.java:3067) ~[ozone-manager-1.3.0-SNAPSHOT.jar:?]
	at org.apache.hadoop.ozone.protocolPB.OzoneManagerRequestHandler.getOzoneFileStatus(OzoneManagerRequestHandler.java:670) ~[ozone-manager-1.3.0-SNAPSHOT.jar:?]
	at org.apache.hadoop.ozone.protocolPB.OzoneManagerRequestHandler.handleReadRequest(OzoneManagerRequestHandler.java:201) ~[ozone-manager-1.3.0-SNAPSHOT.jar:?]
	at org.apache.hadoop.ozone.protocolPB.OzoneManagerProtocolServerSideTranslatorPB.submitReadRequestToOM(OzoneManagerProtocolServerSideTranslatorPB.java:213) ~[ozone-manager-1.3.0-SNAPSHOT.jar:?]
	at org.apache.hadoop.ozone.protocolPB.OzoneManagerProtocolServerSideTranslatorPB.processRequest(OzoneManagerProtocolServerSideTranslatorPB.java:174) ~[ozone-manager-1.3.0-SNAPSHOT.jar:?]
	at org.apache.hadoop.hdds.server.OzoneProtocolMessageDispatcher.processRequest(OzoneProtocolMessageDispatcher.java:87) [hdds-server-framework-1.3.0-SNAPSHOT.jar:?]
	at org.apache.hadoop.ozone.protocolPB.OzoneManagerProtocolServerSideTranslatorPB.submitRequest(OzoneManagerProtocolServerSideTranslatorPB.java:146) [ozone-manager-1.3.0-SNAPSHOT.jar:?]
	at org.apache.hadoop.ozone.protocol.proto.OzoneManagerProtocolProtos$OzoneManagerService$2.callBlockingMethod(OzoneManagerProtocolProtos.java) [ozone-interface-client-1.3.0-SNAPSHOT.jar:?]
	at org.apache.hadoop.ipc.ProtobufRpcEngine$Server.processCall(ProtobufRpcEngine.java:466) [hadoop-common-3.3.1.jar:?]
	at org.apache.hadoop.ipc.ProtobufRpcEngine2$Server$ProtoBufRpcInvoker.call(ProtobufRpcEngine2.java:574) [hadoop-common-3.3.1.jar:?]
	at org.apache.hadoop.ipc.ProtobufRpcEngine2$Server$ProtoBufRpcInvoker.call(ProtobufRpcEngine2.java:552) [hadoop-common-3.3.1.jar:?]
	at org.apache.hadoop.ipc.RPC$Server.call(RPC.java:1093) [hadoop-common-3.3.1.jar:?]
	at org.apache.hadoop.ipc.Server$RpcCall.run(Server.java:1035) [hadoop-common-3.3.1.jar:?]
	at org.apache.hadoop.ipc.Server$RpcCall.run(Server.java:963) [hadoop-common-3.3.1.jar:?]
	at java.security.AccessController.doPrivileged(Native Method) ~[?:1.8.0_322]
	at javax.security.auth.Subject.doAs(Subject.java:422) [?:1.8.0_322]
	at org.apache.hadoop.security.UserGroupInformation.doAs(UserGroupInformation.java:1878) [hadoop-common-3.3.1.jar:?]
	at org.apache.hadoop.ipc.Server$Handler.run(Server.java:2966) [hadoop-common-3.3.1.jar:?]
03:13:55.401 [IPC Server handler 11 on default port 46813] ERROR OMAudit - user=runner | ip=127.0.0.1 | op=GET_FILE_STATUS {volume=volume53633, bucket=bucket18999, key=.Trash, dataSize=0, replicationConfig=null} | ret=FAILURE
org.apache.hadoop.ozone.om.exceptions.OMException: Unable to get file status: volume: volume53633 bucket: bucket18999 key: .Trash
	at org.apache.hadoop.ozone.om.KeyManagerImpl.getOzoneFileStatus(KeyManagerImpl.java:1280) ~[ozone-manager-1.3.0-SNAPSHOT.jar:?]
	at org.apache.hadoop.ozone.om.KeyManagerImpl.getFileStatus(KeyManagerImpl.java:1210) ~[ozone-manager-1.3.0-SNAPSHOT.jar:?]
	at org.apache.hadoop.ozone.om.OzoneManager.getFileStatus(OzoneManager.java:3067) ~[ozone-manager-1.3.0-SNAPSHOT.jar:?]
	at org.apache.hadoop.ozone.protocolPB.OzoneManagerRequestHandler.getOzoneFileStatus(OzoneManagerRequestHandler.java:670) ~[ozone-manager-1.3.0-SNAPSHOT.jar:?]
	at org.apache.hadoop.ozone.protocolPB.OzoneManagerRequestHandler.handleReadRequest(OzoneManagerRequestHandler.java:201) ~[ozone-manager-1.3.0-SNAPSHOT.jar:?]
	at org.apache.hadoop.ozone.protocolPB.OzoneManagerProtocolServerSideTranslatorPB.submitReadRequestToOM(OzoneManagerProtocolServerSideTranslatorPB.java:213) ~[ozone-manager-1.3.0-SNAPSHOT.jar:?]
	at org.apache.hadoop.ozone.protocolPB.OzoneManagerProtocolServerSideTranslatorPB.processRequest(OzoneManagerProtocolServerSideTranslatorPB.java:174) ~[ozone-manager-1.3.0-SNAPSHOT.jar:?]
	at org.apache.hadoop.hdds.server.OzoneProtocolMessageDispatcher.processRequest(OzoneProtocolMessageDispatcher.java:87) [hdds-server-framework-1.3.0-SNAPSHOT.jar:?]
	at org.apache.hadoop.ozone.protocolPB.OzoneManagerProtocolServerSideTranslatorPB.submitRequest(OzoneManagerProtocolServerSideTranslatorPB.java:146) [ozone-manager-1.3.0-SNAPSHOT.jar:?]
	at org.apache.hadoop.ozone.protocol.proto.OzoneManagerProtocolProtos$OzoneManagerService$2.callBlockingMethod(OzoneManagerProtocolProtos.java) [ozone-interface-client-1.3.0-SNAPSHOT.jar:?]
	at org.apache.hadoop.ipc.ProtobufRpcEngine$Server.processCall(ProtobufRpcEngine.java:466) [hadoop-common-3.3.1.jar:?]
	at org.apache.hadoop.ipc.ProtobufRpcEngine2$Server$ProtoBufRpcInvoker.call(ProtobufRpcEngine2.java:574) [hadoop-common-3.3.1.jar:?]
	at org.apache.hadoop.ipc.ProtobufRpcEngine2$Server$ProtoBufRpcInvoker.call(ProtobufRpcEngine2.java:552) [hadoop-common-3.3.1.jar:?]
	at org.apache.hadoop.ipc.RPC$Server.call(RPC.java:1093) [hadoop-common-3.3.1.jar:?]
	at org.apache.hadoop.ipc.Server$RpcCall.run(Server.java:1035) [hadoop-common-3.3.1.jar:?]
	at org.apache.hadoop.ipc.Server$RpcCall.run(Server.java:963) [hadoop-common-3.3.1.jar:?]
	at java.security.AccessController.doPrivileged(Native Method) ~[?:1.8.0_322]
	at javax.security.auth.Subject.doAs(Subject.java:422) [?:1.8.0_322]
	at org.apache.hadoop.security.UserGroupInformation.doAs(UserGroupInformation.java:1878) [hadoop-common-3.3.1.jar:?]
	at org.apache.hadoop.ipc.Server$Handler.run(Server.java:2966) [hadoop-common-3.3.1.jar:?]
03:13:55.406 [IPC Server handler 10 on default port 46813] ERROR OMAudit - user=runner | ip=127.0.0.1 | op=GET_FILE_STATUS {volume=volume62326, bucket=trashroottest2, key=.Trash, dataSize=0, replicationConfig=null} | ret=FAILURE
org.apache.hadoop.ozone.om.exceptions.OMException: Unable to get file status: volume: volume62326 bucket: trashroottest2 key: .Trash
	at org.apache.hadoop.ozone.om.KeyManagerImpl.getOzoneFileStatus(KeyManagerImpl.java:1280) ~[ozone-manager-1.3.0-SNAPSHOT.jar:?]
	at org.apache.hadoop.ozone.om.KeyManagerImpl.getFileStatus(KeyManagerImpl.java:1210) ~[ozone-manager-1.3.0-SNAPSHOT.jar:?]
	at org.apache.hadoop.ozone.om.OzoneManager.getFileStatus(OzoneManager.java:3067) ~[ozone-manager-1.3.0-SNAPSHOT.jar:?]
	at org.apache.hadoop.ozone.protocolPB.OzoneManagerRequestHandler.getOzoneFileStatus(OzoneManagerRequestHandler.java:670) ~[ozone-manager-1.3.0-SNAPSHOT.jar:?]
	at org.apache.hadoop.ozone.protocolPB.OzoneManagerRequestHandler.handleReadRequest(OzoneManagerRequestHandler.java:201) ~[ozone-manager-1.3.0-SNAPSHOT.jar:?]
	at org.apache.hadoop.ozone.protocolPB.OzoneManagerProtocolServerSideTranslatorPB.submitReadRequestToOM(OzoneManagerProtocolServerSideTranslatorPB.java:213) ~[ozone-manager-1.3.0-SNAPSHOT.jar:?]
	at org.apache.hadoop.ozone.protocolPB.OzoneManagerProtocolServerSideTranslatorPB.processRequest(OzoneManagerProtocolServerSideTranslatorPB.java:174) ~[ozone-manager-1.3.0-SNAPSHOT.jar:?]
	at org.apache.hadoop.hdds.server.OzoneProtocolMessageDispatcher.processRequest(OzoneProtocolMessageDispatcher.java:87) [hdds-server-framework-1.3.0-SNAPSHOT.jar:?]
	at org.apache.hadoop.ozone.protocolPB.OzoneManagerProtocolServerSideTranslatorPB.submitRequest(OzoneManagerProtocolServerSideTranslatorPB.java:146) [ozone-manager-1.3.0-SNAPSHOT.jar:?]
	at org.apache.hadoop.ozone.protocol.proto.OzoneManagerProtocolProtos$OzoneManagerService$2.callBlockingMethod(OzoneManagerProtocolProtos.java) [ozone-interface-client-1.3.0-SNAPSHOT.jar:?]
	at org.apache.hadoop.ipc.ProtobufRpcEngine$Server.processCall(ProtobufRpcEngine.java:466) [hadoop-common-3.3.1.jar:?]
	at org.apache.hadoop.ipc.ProtobufRpcEngine2$Server$ProtoBufRpcInvoker.call(ProtobufRpcEngine2.java:574) [hadoop-common-3.3.1.jar:?]
	at org.apache.hadoop.ipc.ProtobufRpcEngine2$Server$ProtoBufRpcInvoker.call(ProtobufRpcEngine2.java:552) [hadoop-common-3.3.1.jar:?]
	at org.apache.hadoop.ipc.RPC$Server.call(RPC.java:1093) [hadoop-common-3.3.1.jar:?]
	at org.apache.hadoop.ipc.Server$RpcCall.run(Server.java:1035) [hadoop-common-3.3.1.jar:?]
	at org.apache.hadoop.ipc.Server$RpcCall.run(Server.java:963) [hadoop-common-3.3.1.jar:?]
	at java.security.AccessController.doPrivileged(Native Method) ~[?:1.8.0_322]
	at javax.security.auth.Subject.doAs(Subject.java:422) [?:1.8.0_322]
	at org.apache.hadoop.security.UserGroupInformation.doAs(UserGroupInformation.java:1878) [hadoop-common-3.3.1.jar:?]
	at org.apache.hadoop.ipc.Server$Handler.run(Server.java:2966) [hadoop-common-3.3.1.jar:?]
03:13:55.421 [IPC Server handler 17 on default port 46813] ERROR OMAudit - user=runner | ip=127.0.0.1 | op=GET_FILE_STATUS {volume=volume53633, bucket=bucket18999, key=.Trash/runner, dataSize=0, replicationConfig=null} | ret=FAILURE
org.apache.hadoop.ozone.om.exceptions.OMException: Unable to get file status: volume: volume53633 bucket: bucket18999 key: .Trash/runner
	at org.apache.hadoop.ozone.om.KeyManagerImpl.getOzoneFileStatus(KeyManagerImpl.java:1280) ~[ozone-manager-1.3.0-SNAPSHOT.jar:?]
	at org.apache.hadoop.ozone.om.KeyManagerImpl.getFileStatus(KeyManagerImpl.java:1210) ~[ozone-manager-1.3.0-SNAPSHOT.jar:?]
	at org.apache.hadoop.ozone.om.OzoneManager.getFileStatus(OzoneManager.java:3067) ~[ozone-manager-1.3.0-SNAPSHOT.jar:?]
	at org.apache.hadoop.ozone.protocolPB.OzoneManagerRequestHandler.getOzoneFileStatus(OzoneManagerRequestHandler.java:670) ~[ozone-manager-1.3.0-SNAPSHOT.jar:?]
	at org.apache.hadoop.ozone.protocolPB.OzoneManagerRequestHandler.handleReadRequest(OzoneManagerRequestHandler.java:201) ~[ozone-manager-1.3.0-SNAPSHOT.jar:?]
	at org.apache.hadoop.ozone.protocolPB.OzoneManagerProtocolServerSideTranslatorPB.submitReadRequestToOM(OzoneManagerProtocolServerSideTranslatorPB.java:213) ~[ozone-manager-1.3.0-SNAPSHOT.jar:?]
	at org.apache.hadoop.ozone.protocolPB.OzoneManagerProtocolServerSideTranslatorPB.processRequest(OzoneManagerProtocolServerSideTranslatorPB.java:174) ~[ozone-manager-1.3.0-SNAPSHOT.jar:?]
	at org.apache.hadoop.hdds.server.OzoneProtocolMessageDispatcher.processRequest(OzoneProtocolMessageDispatcher.java:87) [hdds-server-framework-1.3.0-SNAPSHOT.jar:?]
	at org.apache.hadoop.ozone.protocolPB.OzoneManagerProtocolServerSideTranslatorPB.submitRequest(OzoneManagerProtocolServerSideTranslatorPB.java:146) [ozone-manager-1.3.0-SNAPSHOT.jar:?]
	at org.apache.hadoop.ozone.protocol.proto.OzoneManagerProtocolProtos$OzoneManagerService$2.callBlockingMethod(OzoneManagerProtocolProtos.java) [ozone-interface-client-1.3.0-SNAPSHOT.jar:?]
	at org.apache.hadoop.ipc.ProtobufRpcEngine$Server.processCall(ProtobufRpcEngine.java:466) [hadoop-common-3.3.1.jar:?]
	at org.apache.hadoop.ipc.ProtobufRpcEngine2$Server$ProtoBufRpcInvoker.call(ProtobufRpcEngine2.java:574) [hadoop-common-3.3.1.jar:?]
	at org.apache.hadoop.ipc.ProtobufRpcEngine2$Server$ProtoBufRpcInvoker.call(ProtobufRpcEngine2.java:552) [hadoop-common-3.3.1.jar:?]
	at org.apache.hadoop.ipc.RPC$Server.call(RPC.java:1093) [hadoop-common-3.3.1.jar:?]
	at org.apache.hadoop.ipc.Server$RpcCall.run(Server.java:1035) [hadoop-common-3.3.1.jar:?]
	at org.apache.hadoop.ipc.Server$RpcCall.run(Server.java:963) [hadoop-common-3.3.1.jar:?]
	at java.security.AccessController.doPrivileged(Native Method) ~[?:1.8.0_322]
	at javax.security.auth.Subject.doAs(Subject.java:422) [?:1.8.0_322]
	at org.apache.hadoop.security.UserGroupInformation.doAs(UserGroupInformation.java:1878) [hadoop-common-3.3.1.jar:?]
	at org.apache.hadoop.ipc.Server$Handler.run(Server.java:2966) [hadoop-common-3.3.1.jar:?]
03:13:55.430 [IPC Server handler 9 on default port 46813] ERROR OMAudit - user=runner | ip=127.0.0.1 | op=GET_FILE_STATUS {volume=volume62326, bucket=trashroottest2, key=.Trash/runner, dataSize=0, replicationConfig=null} | ret=FAILURE
org.apache.hadoop.ozone.om.exceptions.OMException: Unable to get file status: volume: volume62326 bucket: trashroottest2 key: .Trash/runner
	at org.apache.hadoop.ozone.om.KeyManagerImpl.getOzoneFileStatus(KeyManagerImpl.java:1280) ~[ozone-manager-1.3.0-SNAPSHOT.jar:?]
	at org.apache.hadoop.ozone.om.KeyManagerImpl.getFileStatus(KeyManagerImpl.java:1210) ~[ozone-manager-1.3.0-SNAPSHOT.jar:?]
	at org.apache.hadoop.ozone.om.OzoneManager.getFileStatus(OzoneManager.java:3067) ~[ozone-manager-1.3.0-SNAPSHOT.jar:?]
	at org.apache.hadoop.ozone.protocolPB.OzoneManagerRequestHandler.getOzoneFileStatus(OzoneManagerRequestHandler.java:670) ~[ozone-manager-1.3.0-SNAPSHOT.jar:?]
	at org.apache.hadoop.ozone.protocolPB.OzoneManagerRequestHandler.handleReadRequest(OzoneManagerRequestHandler.java:201) ~[ozone-manager-1.3.0-SNAPSHOT.jar:?]
	at org.apache.hadoop.ozone.protocolPB.OzoneManagerProtocolServerSideTranslatorPB.submitReadRequestToOM(OzoneManagerProtocolServerSideTranslatorPB.java:213) ~[ozone-manager-1.3.0-SNAPSHOT.jar:?]
	at org.apache.hadoop.ozone.protocolPB.OzoneManagerProtocolServerSideTranslatorPB.processRequest(OzoneManagerProtocolServerSideTranslatorPB.java:174) ~[ozone-manager-1.3.0-SNAPSHOT.jar:?]
	at org.apache.hadoop.hdds.server.OzoneProtocolMessageDispatcher.processRequest(OzoneProtocolMessageDispatcher.java:87) [hdds-server-framework-1.3.0-SNAPSHOT.jar:?]
	at org.apache.hadoop.ozone.protocolPB.OzoneManagerProtocolServerSideTranslatorPB.submitRequest(OzoneManagerProtocolServerSideTranslatorPB.java:146) [ozone-manager-1.3.0-SNAPSHOT.jar:?]
	at org.apache.hadoop.ozone.protocol.proto.OzoneManagerProtocolProtos$OzoneManagerService$2.callBlockingMethod(OzoneManagerProtocolProtos.java) [ozone-interface-client-1.3.0-SNAPSHOT.jar:?]
	at org.apache.hadoop.ipc.ProtobufRpcEngine$Server.processCall(ProtobufRpcEngine.java:466) [hadoop-common-3.3.1.jar:?]
	at org.apache.hadoop.ipc.ProtobufRpcEngine2$Server$ProtoBufRpcInvoker.call(ProtobufRpcEngine2.java:574) [hadoop-common-3.3.1.jar:?]
	at org.apache.hadoop.ipc.ProtobufRpcEngine2$Server$ProtoBufRpcInvoker.call(ProtobufRpcEngine2.java:552) [hadoop-common-3.3.1.jar:?]
	at org.apache.hadoop.ipc.RPC$Server.call(RPC.java:1093) [hadoop-common-3.3.1.jar:?]
	at org.apache.hadoop.ipc.Server$RpcCall.run(Server.java:1035) [hadoop-common-3.3.1.jar:?]
	at org.apache.hadoop.ipc.Server$RpcCall.run(Server.java:963) [hadoop-common-3.3.1.jar:?]
	at java.security.AccessController.doPrivileged(Native Method) ~[?:1.8.0_322]
	at javax.security.auth.Subject.doAs(Subject.java:422) [?:1.8.0_322]
	at org.apache.hadoop.security.UserGroupInformation.doAs(UserGroupInformation.java:1878) [hadoop-common-3.3.1.jar:?]
	at org.apache.hadoop.ipc.Server$Handler.run(Server.java:2966) [hadoop-common-3.3.1.jar:?]
03:13:55.434 [IPC Server handler 16 on default port 46813] ERROR OMAudit - user=runner | ip=127.0.0.1 | op=GET_FILE_STATUS {volume=e3a03ea3-c67c-4d2c-8b2f-2f0825a41ede, bucket=e618ce12-85cf-4cc8-a698-70e1c0a8ab1c, key=.Trash, dataSize=0, replicationConfig=null} | ret=FAILURE
org.apache.hadoop.ozone.om.exceptions.OMException: Unable to get file status: volume: e3a03ea3-c67c-4d2c-8b2f-2f0825a41ede bucket: e618ce12-85cf-4cc8-a698-70e1c0a8ab1c key: .Trash
	at org.apache.hadoop.ozone.om.KeyManagerImpl.getOzoneFileStatus(KeyManagerImpl.java:1280) ~[ozone-manager-1.3.0-SNAPSHOT.jar:?]
	at org.apache.hadoop.ozone.om.KeyManagerImpl.getFileStatus(KeyManagerImpl.java:1210) ~[ozone-manager-1.3.0-SNAPSHOT.jar:?]
	at org.apache.hadoop.ozone.om.OzoneManager.getFileStatus(OzoneManager.java:3067) ~[ozone-manager-1.3.0-SNAPSHOT.jar:?]
	at org.apache.hadoop.ozone.protocolPB.OzoneManagerRequestHandler.getOzoneFileStatus(OzoneManagerRequestHandler.java:670) ~[ozone-manager-1.3.0-SNAPSHOT.jar:?]
	at org.apache.hadoop.ozone.protocolPB.OzoneManagerRequestHandler.handleReadRequest(OzoneManagerRequestHandler.java:201) ~[ozone-manager-1.3.0-SNAPSHOT.jar:?]
	at org.apache.hadoop.ozone.protocolPB.OzoneManagerProtocolServerSideTranslatorPB.submitReadRequestToOM(OzoneManagerProtocolServerSideTranslatorPB.java:213) ~[ozone-manager-1.3.0-SNAPSHOT.jar:?]
	at org.apache.hadoop.ozone.protocolPB.OzoneManagerProtocolServerSideTranslatorPB.processRequest(OzoneManagerProtocolServerSideTranslatorPB.java:174) ~[ozone-manager-1.3.0-SNAPSHOT.jar:?]
	at org.apache.hadoop.hdds.server.OzoneProtocolMessageDispatcher.processRequest(OzoneProtocolMessageDispatcher.java:87) [hdds-server-framework-1.3.0-SNAPSHOT.jar:?]
	at org.apache.hadoop.ozone.protocolPB.OzoneManagerProtocolServerSideTranslatorPB.submitRequest(OzoneManagerProtocolServerSideTranslatorPB.java:146) [ozone-manager-1.3.0-SNAPSHOT.jar:?]
	at org.apache.hadoop.ozone.protocol.proto.OzoneManagerProtocolProtos$OzoneManagerService$2.callBlockingMethod(OzoneManagerProtocolProtos.java) [ozone-interface-client-1.3.0-SNAPSHOT.jar:?]
	at org.apache.hadoop.ipc.ProtobufRpcEngine$Server.processCall(ProtobufRpcEngine.java:466) [hadoop-common-3.3.1.jar:?]
	at org.apache.hadoop.ipc.ProtobufRpcEngine2$Server$ProtoBufRpcInvoker.call(ProtobufRpcEngine2.java:574) [hadoop-common-3.3.1.jar:?]
	at org.apache.hadoop.ipc.ProtobufRpcEngine2$Server$ProtoBufRpcInvoker.call(ProtobufRpcEngine2.java:552) [hadoop-common-3.3.1.jar:?]
	at org.apache.hadoop.ipc.RPC$Server.call(RPC.java:1093) [hadoop-common-3.3.1.jar:?]
	at org.apache.hadoop.ipc.Server$RpcCall.run(Server.java:1035) [hadoop-common-3.3.1.jar:?]
	at org.apache.hadoop.ipc.Server$RpcCall.run(Server.java:963) [hadoop-common-3.3.1.jar:?]
	at java.security.AccessController.doPrivileged(Native Method) ~[?:1.8.0_322]
	at javax.security.auth.Subject.doAs(Subject.java:422) [?:1.8.0_322]
	at org.apache.hadoop.security.UserGroupInformation.doAs(UserGroupInformation.java:1878) [hadoop-common-3.3.1.jar:?]
	at org.apache.hadoop.ipc.Server$Handler.run(Server.java:2966) [hadoop-common-3.3.1.jar:?]
03:13:55.436 [IPC Server handler 10 on default port 46813] ERROR OMAudit - user=runner | ip=127.0.0.1 | op=GET_FILE_STATUS {volume=volume53633, bucket=bucket18999, key=.Trash, dataSize=0, replicationConfig=null} | ret=FAILURE
org.apache.hadoop.ozone.om.exceptions.OMException: Unable to get file status: volume: volume53633 bucket: bucket18999 key: .Trash
	at org.apache.hadoop.ozone.om.KeyManagerImpl.getOzoneFileStatus(KeyManagerImpl.java:1280) ~[ozone-manager-1.3.0-SNAPSHOT.jar:?]
	at org.apache.hadoop.ozone.om.KeyManagerImpl.getFileStatus(KeyManagerImpl.java:1210) ~[ozone-manager-1.3.0-SNAPSHOT.jar:?]
	at org.apache.hadoop.ozone.om.OzoneManager.getFileStatus(OzoneManager.java:3067) ~[ozone-manager-1.3.0-SNAPSHOT.jar:?]
	at org.apache.hadoop.ozone.protocolPB.OzoneManagerRequestHandler.getOzoneFileStatus(OzoneManagerRequestHandler.java:670) ~[ozone-manager-1.3.0-SNAPSHOT.jar:?]
	at org.apache.hadoop.ozone.protocolPB.OzoneManagerRequestHandler.handleReadRequest(OzoneManagerRequestHandler.java:201) ~[ozone-manager-1.3.0-SNAPSHOT.jar:?]
	at org.apache.hadoop.ozone.protocolPB.OzoneManagerProtocolServerSideTranslatorPB.submitReadRequestToOM(OzoneManagerProtocolServerSideTranslatorPB.java:213) ~[ozone-manager-1.3.0-SNAPSHOT.jar:?]
	at org.apache.hadoop.ozone.protocolPB.OzoneManagerProtocolServerSideTranslatorPB.processRequest(OzoneManagerProtocolServerSideTranslatorPB.java:174) ~[ozone-manager-1.3.0-SNAPSHOT.jar:?]
	at org.apache.hadoop.hdds.server.OzoneProtocolMessageDispatcher.processRequest(OzoneProtocolMessageDispatcher.java:87) [hdds-server-framework-1.3.0-SNAPSHOT.jar:?]
	at org.apache.hadoop.ozone.protocolPB.OzoneManagerProtocolServerSideTranslatorPB.submitRequest(OzoneManagerProtocolServerSideTranslatorPB.java:146) [ozone-manager-1.3.0-SNAPSHOT.jar:?]
	at org.apache.hadoop.ozone.protocol.proto.OzoneManagerProtocolProtos$OzoneManagerService$2.callBlockingMethod(OzoneManagerProtocolProtos.java) [ozone-interface-client-1.3.0-SNAPSHOT.jar:?]
	at org.apache.hadoop.ipc.ProtobufRpcEngine$Server.processCall(ProtobufRpcEngine.java:466) [hadoop-common-3.3.1.jar:?]
	at org.apache.hadoop.ipc.ProtobufRpcEngine2$Server$ProtoBufRpcInvoker.call(ProtobufRpcEngine2.java:574) [hadoop-common-3.3.1.jar:?]
	at org.apache.hadoop.ipc.ProtobufRpcEngine2$Server$ProtoBufRpcInvoker.call(ProtobufRpcEngine2.java:552) [hadoop-common-3.3.1.jar:?]
	at org.apache.hadoop.ipc.RPC$Server.call(RPC.java:1093) [hadoop-common-3.3.1.jar:?]
	at org.apache.hadoop.ipc.Server$RpcCall.run(Server.java:1035) [hadoop-common-3.3.1.jar:?]
	at org.apache.hadoop.ipc.Server$RpcCall.run(Server.java:963) [hadoop-common-3.3.1.jar:?]
	at java.security.AccessController.doPrivileged(Native Method) ~[?:1.8.0_322]
	at javax.security.auth.Subject.doAs(Subject.java:422) [?:1.8.0_322]
	at org.apache.hadoop.security.UserGroupInformation.doAs(UserGroupInformation.java:1878) [hadoop-common-3.3.1.jar:?]
	at org.apache.hadoop.ipc.Server$Handler.run(Server.java:2966) [hadoop-common-3.3.1.jar:?]
03:13:55.441 [IPC Server handler 8 on default port 46813] ERROR OMAudit - user=runner | ip=127.0.0.1 | op=GET_FILE_STATUS {volume=volume62326, bucket=trashroottest2, key=.Trash, dataSize=0, replicationConfig=null} | ret=FAILURE
org.apache.hadoop.ozone.om.exceptions.OMException: Unable to get file status: volume: volume62326 bucket: trashroottest2 key: .Trash
	at org.apache.hadoop.ozone.om.KeyManagerImpl.getOzoneFileStatus(KeyManagerImpl.java:1280) ~[ozone-manager-1.3.0-SNAPSHOT.jar:?]
	at org.apache.hadoop.ozone.om.KeyManagerImpl.getFileStatus(KeyManagerImpl.java:1210) ~[ozone-manager-1.3.0-SNAPSHOT.jar:?]
	at org.apache.hadoop.ozone.om.OzoneManager.getFileStatus(OzoneManager.java:3067) ~[ozone-manager-1.3.0-SNAPSHOT.jar:?]
	at org.apache.hadoop.ozone.protocolPB.OzoneManagerRequestHandler.getOzoneFileStatus(OzoneManagerRequestHandler.java:670) ~[ozone-manager-1.3.0-SNAPSHOT.jar:?]
	at org.apache.hadoop.ozone.protocolPB.OzoneManagerRequestHandler.handleReadRequest(OzoneManagerRequestHandler.java:201) ~[ozone-manager-1.3.0-SNAPSHOT.jar:?]
	at org.apache.hadoop.ozone.protocolPB.OzoneManagerProtocolServerSideTranslatorPB.submitReadRequestToOM(OzoneManagerProtocolServerSideTranslatorPB.java:213) ~[ozone-manager-1.3.0-SNAPSHOT.jar:?]
	at org.apache.hadoop.ozone.protocolPB.OzoneManagerProtocolServerSideTranslatorPB.processRequest(OzoneManagerProtocolServerSideTranslatorPB.java:174) ~[ozone-manager-1.3.0-SNAPSHOT.jar:?]
	at org.apache.hadoop.hdds.server.OzoneProtocolMessageDispatcher.processRequest(OzoneProtocolMessageDispatcher.java:87) [hdds-server-framework-1.3.0-SNAPSHOT.jar:?]
	at org.apache.hadoop.ozone.protocolPB.OzoneManagerProtocolServerSideTranslatorPB.submitRequest(OzoneManagerProtocolServerSideTranslatorPB.java:146) [ozone-manager-1.3.0-SNAPSHOT.jar:?]
	at org.apache.hadoop.ozone.protocol.proto.OzoneManagerProtocolProtos$OzoneManagerService$2.callBlockingMethod(OzoneManagerProtocolProtos.java) [ozone-interface-client-1.3.0-SNAPSHOT.jar:?]
	at org.apache.hadoop.ipc.ProtobufRpcEngine$Server.processCall(ProtobufRpcEngine.java:466) [hadoop-common-3.3.1.jar:?]
	at org.apache.hadoop.ipc.ProtobufRpcEngine2$Server$ProtoBufRpcInvoker.call(ProtobufRpcEngine2.java:574) [hadoop-common-3.3.1.jar:?]
	at org.apache.hadoop.ipc.ProtobufRpcEngine2$Server$ProtoBufRpcInvoker.call(ProtobufRpcEngine2.java:552) [hadoop-common-3.3.1.jar:?]
	at org.apache.hadoop.ipc.RPC$Server.call(RPC.java:1093) [hadoop-common-3.3.1.jar:?]
	at org.apache.hadoop.ipc.Server$RpcCall.run(Server.java:1035) [hadoop-common-3.3.1.jar:?]
	at org.apache.hadoop.ipc.Server$RpcCall.run(Server.java:963) [hadoop-common-3.3.1.jar:?]
	at java.security.AccessController.doPrivileged(Native Method) ~[?:1.8.0_322]
	at javax.security.auth.Subject.doAs(Subject.java:422) [?:1.8.0_322]
	at org.apache.hadoop.security.UserGroupInformation.doAs(UserGroupInformation.java:1878) [hadoop-common-3.3.1.jar:?]
	at org.apache.hadoop.ipc.Server$Handler.run(Server.java:2966) [hadoop-common-3.3.1.jar:?]
03:13:55.456 [IPC Server handler 12 on default port 46813] ERROR OMAudit - user=runner | ip=127.0.0.1 | op=GET_FILE_STATUS {volume=volume62326, bucket=bucket22002, key=.Trash/runner, dataSize=0, replicationConfig=null} | ret=FAILURE
org.apache.hadoop.ozone.om.exceptions.OMException: Unable to get file status: volume: volume62326 bucket: bucket22002 key: .Trash/runner
	at org.apache.hadoop.ozone.om.KeyManagerImpl.getOzoneFileStatus(KeyManagerImpl.java:1280) ~[ozone-manager-1.3.0-SNAPSHOT.jar:?]
	at org.apache.hadoop.ozone.om.KeyManagerImpl.getFileStatus(KeyManagerImpl.java:1210) ~[ozone-manager-1.3.0-SNAPSHOT.jar:?]
	at org.apache.hadoop.ozone.om.OzoneManager.getFileStatus(OzoneManager.java:3067) ~[ozone-manager-1.3.0-SNAPSHOT.jar:?]
	at org.apache.hadoop.ozone.protocolPB.OzoneManagerRequestHandler.getOzoneFileStatus(OzoneManagerRequestHandler.java:670) ~[ozone-manager-1.3.0-SNAPSHOT.jar:?]
	at org.apache.hadoop.ozone.protocolPB.OzoneManagerRequestHandler.handleReadRequest(OzoneManagerRequestHandler.java:201) ~[ozone-manager-1.3.0-SNAPSHOT.jar:?]
	at org.apache.hadoop.ozone.protocolPB.OzoneManagerProtocolServerSideTranslatorPB.submitReadRequestToOM(OzoneManagerProtocolServerSideTranslatorPB.java:213) ~[ozone-manager-1.3.0-SNAPSHOT.jar:?]
	at org.apache.hadoop.ozone.protocolPB.OzoneManagerProtocolServerSideTranslatorPB.processRequest(OzoneManagerProtocolServerSideTranslatorPB.java:174) ~[ozone-manager-1.3.0-SNAPSHOT.jar:?]
	at org.apache.hadoop.hdds.server.OzoneProtocolMessageDispatcher.processRequest(OzoneProtocolMessageDispatcher.java:87) [hdds-server-framework-1.3.0-SNAPSHOT.jar:?]
	at org.apache.hadoop.ozone.protocolPB.OzoneManagerProtocolServerSideTranslatorPB.submitRequest(OzoneManagerProtocolServerSideTranslatorPB.java:146) [ozone-manager-1.3.0-SNAPSHOT.jar:?]
	at org.apache.hadoop.ozone.protocol.proto.OzoneManagerProtocolProtos$OzoneManagerService$2.callBlockingMethod(OzoneManagerProtocolProtos.java) [ozone-interface-client-1.3.0-SNAPSHOT.jar:?]
	at org.apache.hadoop.ipc.ProtobufRpcEngine$Server.processCall(ProtobufRpcEngine.java:466) [hadoop-common-3.3.1.jar:?]
	at org.apache.hadoop.ipc.ProtobufRpcEngine2$Server$ProtoBufRpcInvoker.call(ProtobufRpcEngine2.java:574) [hadoop-common-3.3.1.jar:?]
	at org.apache.hadoop.ipc.ProtobufRpcEngine2$Server$ProtoBufRpcInvoker.call(ProtobufRpcEngine2.java:552) [hadoop-common-3.3.1.jar:?]
	at org.apache.hadoop.ipc.RPC$Server.call(RPC.java:1093) [hadoop-common-3.3.1.jar:?]
	at org.apache.hadoop.ipc.Server$RpcCall.run(Server.java:1035) [hadoop-common-3.3.1.jar:?]
	at org.apache.hadoop.ipc.Server$RpcCall.run(Server.java:963) [hadoop-common-3.3.1.jar:?]
	at java.security.AccessController.doPrivileged(Native Method) ~[?:1.8.0_322]
	at javax.security.auth.Subject.doAs(Subject.java:422) [?:1.8.0_322]
	at org.apache.hadoop.security.UserGroupInformation.doAs(UserGroupInformation.java:1878) [hadoop-common-3.3.1.jar:?]
	at org.apache.hadoop.ipc.Server$Handler.run(Server.java:2966) [hadoop-common-3.3.1.jar:?]
03:13:55.459 [IPC Server handler 17 on default port 46813] ERROR OMAudit - user=runner | ip=127.0.0.1 | op=GET_FILE_STATUS {volume=e3a03ea3-c67c-4d2c-8b2f-2f0825a41ede, bucket=e618ce12-85cf-4cc8-a698-70e1c0a8ab1c, key=.Trash, dataSize=0, replicationConfig=null} | ret=FAILURE
org.apache.hadoop.ozone.om.exceptions.OMException: Unable to get file status: volume: e3a03ea3-c67c-4d2c-8b2f-2f0825a41ede bucket: e618ce12-85cf-4cc8-a698-70e1c0a8ab1c key: .Trash
	at org.apache.hadoop.ozone.om.KeyManagerImpl.getOzoneFileStatus(KeyManagerImpl.java:1280) ~[ozone-manager-1.3.0-SNAPSHOT.jar:?]
	at org.apache.hadoop.ozone.om.KeyManagerImpl.getFileStatus(KeyManagerImpl.java:1210) ~[ozone-manager-1.3.0-SNAPSHOT.jar:?]
	at org.apache.hadoop.ozone.om.OzoneManager.getFileStatus(OzoneManager.java:3067) ~[ozone-manager-1.3.0-SNAPSHOT.jar:?]
	at org.apache.hadoop.ozone.protocolPB.OzoneManagerRequestHandler.getOzoneFileStatus(OzoneManagerRequestHandler.java:670) ~[ozone-manager-1.3.0-SNAPSHOT.jar:?]
	at org.apache.hadoop.ozone.protocolPB.OzoneManagerRequestHandler.handleReadRequest(OzoneManagerRequestHandler.java:201) ~[ozone-manager-1.3.0-SNAPSHOT.jar:?]
	at org.apache.hadoop.ozone.protocolPB.OzoneManagerProtocolServerSideTranslatorPB.submitReadRequestToOM(OzoneManagerProtocolServerSideTranslatorPB.java:213) ~[ozone-manager-1.3.0-SNAPSHOT.jar:?]
	at org.apache.hadoop.ozone.protocolPB.OzoneManagerProtocolServerSideTranslatorPB.processRequest(OzoneManagerProtocolServerSideTranslatorPB.java:174) ~[ozone-manager-1.3.0-SNAPSHOT.jar:?]
	at org.apache.hadoop.hdds.server.OzoneProtocolMessageDispatcher.processRequest(OzoneProtocolMessageDispatcher.java:87) [hdds-server-framework-1.3.0-SNAPSHOT.jar:?]
	at org.apache.hadoop.ozone.protocolPB.OzoneManagerProtocolServerSideTranslatorPB.submitRequest(OzoneManagerProtocolServerSideTranslatorPB.java:146) [ozone-manager-1.3.0-SNAPSHOT.jar:?]
	at org.apache.hadoop.ozone.protocol.proto.OzoneManagerProtocolProtos$OzoneManagerService$2.callBlockingMethod(OzoneManagerProtocolProtos.java) [ozone-interface-client-1.3.0-SNAPSHOT.jar:?]
	at org.apache.hadoop.ipc.ProtobufRpcEngine$Server.processCall(ProtobufRpcEngine.java:466) [hadoop-common-3.3.1.jar:?]
	at org.apache.hadoop.ipc.ProtobufRpcEngine2$Server$ProtoBufRpcInvoker.call(ProtobufRpcEngine2.java:574) [hadoop-common-3.3.1.jar:?]
	at org.apache.hadoop.ipc.ProtobufRpcEngine2$Server$ProtoBufRpcInvoker.call(ProtobufRpcEngine2.java:552) [hadoop-common-3.3.1.jar:?]
	at org.apache.hadoop.ipc.RPC$Server.call(RPC.java:1093) [hadoop-common-3.3.1.jar:?]
	at org.apache.hadoop.ipc.Server$RpcCall.run(Server.java:1035) [hadoop-common-3.3.1.jar:?]
	at org.apache.hadoop.ipc.Server$RpcCall.run(Server.java:963) [hadoop-common-3.3.1.jar:?]
	at java.security.AccessController.doPrivileged(Native Method) ~[?:1.8.0_322]
	at javax.security.auth.Subject.doAs(Subject.java:422) [?:1.8.0_322]
	at org.apache.hadoop.security.UserGroupInformation.doAs(UserGroupInformation.java:1878) [hadoop-common-3.3.1.jar:?]
	at org.apache.hadoop.ipc.Server$Handler.run(Server.java:2966) [hadoop-common-3.3.1.jar:?]
]]></system-out>
  </testcase>
  <testcase name="testGetTrashRoots" classname="TestRootedOzoneFileSystem" time="1.383">
    <system-out><![CDATA[2022-05-04 03:15:09,679 [94eff94b-5675-4cb0-a39c-290792b903c4@group-434A2F37988D-LeaderElection44] INFO  impl.LeaderElection (LeaderElection.java:askForVotes(306)) - 94eff94b-5675-4cb0-a39c-290792b903c4@group-434A2F37988D-LeaderElection44 ELECTION round 0: submit vote requests at term 3 for -1: [47ce570f-7478-41dc-b1ba-c530780a94a3|rpc:10.1.0.22:40881|dataStream:|priority:0, b8405861-e810-457b-9581-dead971c3a14|rpc:10.1.0.22:40547|dataStream:|priority:0, 94eff94b-5675-4cb0-a39c-290792b903c4|rpc:10.1.0.22:35275|dataStream:|priority:1], old=null
2022-05-04 03:15:09,710 [b8405861-e810-457b-9581-dead971c3a14@group-434A2F37988D-FollowerState] INFO  impl.FollowerState (FollowerState.java:run(134)) - b8405861-e810-457b-9581-dead971c3a14@group-434A2F37988D-FollowerState: change to CANDIDATE, lastRpcElapsedTime:5162712224ns, electionTimeout:5144ms
2022-05-04 03:15:09,710 [b8405861-e810-457b-9581-dead971c3a14@group-434A2F37988D-FollowerState] INFO  impl.RoleInfo (RoleInfo.java:shutdownFollowerState(108)) - b8405861-e810-457b-9581-dead971c3a14: shutdown b8405861-e810-457b-9581-dead971c3a14@group-434A2F37988D-FollowerState
2022-05-04 03:15:09,710 [b8405861-e810-457b-9581-dead971c3a14@group-434A2F37988D-FollowerState] INFO  server.RaftServer$Division (RaftServerImpl.java:setRole(290)) - b8405861-e810-457b-9581-dead971c3a14@group-434A2F37988D: changes role from  FOLLOWER to CANDIDATE at term 2 for changeToCandidate
2022-05-04 03:15:09,710 [b8405861-e810-457b-9581-dead971c3a14@group-434A2F37988D-FollowerState] INFO  server.RaftServerConfigKeys (ConfUtils.java:logGet(44)) - raft.server.leaderelection.pre-vote = false (custom)
2022-05-04 03:15:09,710 [b8405861-e810-457b-9581-dead971c3a14@group-434A2F37988D-FollowerState] INFO  impl.RoleInfo (RoleInfo.java:updateAndGet(130)) - b8405861-e810-457b-9581-dead971c3a14: start b8405861-e810-457b-9581-dead971c3a14@group-434A2F37988D-LeaderElection45
2022-05-04 03:15:09,736 [grpc-default-executor-0] INFO  server.RaftServer$Division (RaftServerImpl.java:requestVote(1046)) - 47ce570f-7478-41dc-b1ba-c530780a94a3@group-434A2F37988D: receive requestVote(ELECTION, 94eff94b-5675-4cb0-a39c-290792b903c4, group-434A2F37988D, 3, (t:0, i:0))
2022-05-04 03:15:09,736 [grpc-default-executor-0] INFO  impl.VoteContext (VoteContext.java:log(48)) - 47ce570f-7478-41dc-b1ba-c530780a94a3@group-434A2F37988D-FOLLOWER: accept ELECTION from 94eff94b-5675-4cb0-a39c-290792b903c4: our priority 0 <= candidate's priority 1
2022-05-04 03:15:09,736 [grpc-default-executor-0] INFO  server.RaftServer$Division (RaftServerImpl.java:setRole(290)) - 47ce570f-7478-41dc-b1ba-c530780a94a3@group-434A2F37988D: changes role from  FOLLOWER to FOLLOWER at term 3 for candidate:94eff94b-5675-4cb0-a39c-290792b903c4
2022-05-04 03:15:09,736 [grpc-default-executor-0] INFO  impl.RoleInfo (RoleInfo.java:shutdownFollowerState(108)) - 47ce570f-7478-41dc-b1ba-c530780a94a3: shutdown 47ce570f-7478-41dc-b1ba-c530780a94a3@group-434A2F37988D-FollowerState
2022-05-04 03:15:09,751 [b8405861-e810-457b-9581-dead971c3a14@group-434A2F37988D-LeaderElection45] INFO  impl.LeaderElection (LeaderElection.java:askForVotes(306)) - b8405861-e810-457b-9581-dead971c3a14@group-434A2F37988D-LeaderElection45 ELECTION round 0: submit vote requests at term 3 for -1: [47ce570f-7478-41dc-b1ba-c530780a94a3|rpc:10.1.0.22:40881|priority:0, b8405861-e810-457b-9581-dead971c3a14|rpc:10.1.0.22:40547|priority:0, 94eff94b-5675-4cb0-a39c-290792b903c4|rpc:10.1.0.22:35275|priority:1], old=null
2022-05-04 03:15:09,769 [47ce570f-7478-41dc-b1ba-c530780a94a3@group-434A2F37988D-FollowerState] INFO  impl.FollowerState (FollowerState.java:run(143)) - 47ce570f-7478-41dc-b1ba-c530780a94a3@group-434A2F37988D-FollowerState was interrupted: {}
java.lang.InterruptedException: sleep interrupted
	at java.lang.Thread.sleep(Native Method)
	at java.lang.Thread.sleep(Thread.java:342)
	at java.util.concurrent.TimeUnit.sleep(TimeUnit.java:386)
	at org.apache.ratis.util.TimeDuration.sleep(TimeDuration.java:324)
	at org.apache.ratis.util.TimeDuration.sleep(TimeDuration.java:309)
	at org.apache.ratis.server.impl.FollowerState.run(FollowerState.java:118)
2022-05-04 03:15:09,769 [grpc-default-executor-0] INFO  impl.RoleInfo (RoleInfo.java:updateAndGet(130)) - 47ce570f-7478-41dc-b1ba-c530780a94a3: start 47ce570f-7478-41dc-b1ba-c530780a94a3@group-434A2F37988D-FollowerState
2022-05-04 03:15:09,769 [grpc-default-executor-1] INFO  server.RaftServer$Division (RaftServerImpl.java:requestVote(1046)) - b8405861-e810-457b-9581-dead971c3a14@group-434A2F37988D: receive requestVote(ELECTION, 94eff94b-5675-4cb0-a39c-290792b903c4, group-434A2F37988D, 3, (t:0, i:0))
2022-05-04 03:15:09,769 [grpc-default-executor-1] INFO  impl.VoteContext (VoteContext.java:log(48)) - b8405861-e810-457b-9581-dead971c3a14@group-434A2F37988D-CANDIDATE: reject ELECTION from 94eff94b-5675-4cb0-a39c-290792b903c4: already has voted for b8405861-e810-457b-9581-dead971c3a14 at current term 3
2022-05-04 03:15:09,770 [grpc-default-executor-1] INFO  server.RaftServer$Division (RaftServerImpl.java:requestVote(1078)) - b8405861-e810-457b-9581-dead971c3a14@group-434A2F37988D replies to ELECTION vote request: 94eff94b-5675-4cb0-a39c-290792b903c4<-b8405861-e810-457b-9581-dead971c3a14#0:FAIL-t3. Peer's state: b8405861-e810-457b-9581-dead971c3a14@group-434A2F37988D:t3, leader=null, voted=b8405861-e810-457b-9581-dead971c3a14, raftlog=b8405861-e810-457b-9581-dead971c3a14@group-434A2F37988D-SegmentedRaftLog:OPENED:c-1, conf=-1: [47ce570f-7478-41dc-b1ba-c530780a94a3|rpc:10.1.0.22:40881|priority:0, b8405861-e810-457b-9581-dead971c3a14|rpc:10.1.0.22:40547|priority:0, 94eff94b-5675-4cb0-a39c-290792b903c4|rpc:10.1.0.22:35275|priority:1], old=null
2022-05-04 03:15:09,770 [grpc-default-executor-2] INFO  server.RaftServer$Division (RaftServerImpl.java:requestVote(1046)) - 47ce570f-7478-41dc-b1ba-c530780a94a3@group-434A2F37988D: receive requestVote(ELECTION, b8405861-e810-457b-9581-dead971c3a14, group-434A2F37988D, 3, (t:0, i:0))
2022-05-04 03:15:09,776 [grpc-default-executor-0] INFO  server.RaftServer$Division (RaftServerImpl.java:requestVote(1078)) - 47ce570f-7478-41dc-b1ba-c530780a94a3@group-434A2F37988D replies to ELECTION vote request: 94eff94b-5675-4cb0-a39c-290792b903c4<-47ce570f-7478-41dc-b1ba-c530780a94a3#0:OK-t3. Peer's state: 47ce570f-7478-41dc-b1ba-c530780a94a3@group-434A2F37988D:t3, leader=null, voted=94eff94b-5675-4cb0-a39c-290792b903c4, raftlog=47ce570f-7478-41dc-b1ba-c530780a94a3@group-434A2F37988D-SegmentedRaftLog:OPENED:c-1, conf=-1: [47ce570f-7478-41dc-b1ba-c530780a94a3|rpc:10.1.0.22:40881|dataStream:|priority:0, b8405861-e810-457b-9581-dead971c3a14|rpc:10.1.0.22:40547|dataStream:|priority:0, 94eff94b-5675-4cb0-a39c-290792b903c4|rpc:10.1.0.22:35275|dataStream:|priority:1], old=null
2022-05-04 03:15:09,776 [grpc-default-executor-2] INFO  impl.VoteContext (VoteContext.java:log(48)) - 47ce570f-7478-41dc-b1ba-c530780a94a3@group-434A2F37988D-FOLLOWER: reject ELECTION from b8405861-e810-457b-9581-dead971c3a14: already has voted for 94eff94b-5675-4cb0-a39c-290792b903c4 at current term 3
2022-05-04 03:15:09,776 [grpc-default-executor-2] INFO  server.RaftServer$Division (RaftServerImpl.java:requestVote(1078)) - 47ce570f-7478-41dc-b1ba-c530780a94a3@group-434A2F37988D replies to ELECTION vote request: b8405861-e810-457b-9581-dead971c3a14<-47ce570f-7478-41dc-b1ba-c530780a94a3#0:FAIL-t3. Peer's state: 47ce570f-7478-41dc-b1ba-c530780a94a3@group-434A2F37988D:t3, leader=null, voted=94eff94b-5675-4cb0-a39c-290792b903c4, raftlog=47ce570f-7478-41dc-b1ba-c530780a94a3@group-434A2F37988D-SegmentedRaftLog:OPENED:c-1, conf=-1: [47ce570f-7478-41dc-b1ba-c530780a94a3|rpc:10.1.0.22:40881|dataStream:|priority:0, b8405861-e810-457b-9581-dead971c3a14|rpc:10.1.0.22:40547|dataStream:|priority:0, 94eff94b-5675-4cb0-a39c-290792b903c4|rpc:10.1.0.22:35275|dataStream:|priority:1], old=null
2022-05-04 03:15:09,792 [94eff94b-5675-4cb0-a39c-290792b903c4@group-434A2F37988D-LeaderElection44] INFO  impl.LeaderElection (LeaderElection.java:logAndReturn(89)) - 94eff94b-5675-4cb0-a39c-290792b903c4@group-434A2F37988D-LeaderElection44: ELECTION PASSED received 2 response(s) and 0 exception(s):
2022-05-04 03:15:09,792 [94eff94b-5675-4cb0-a39c-290792b903c4@group-434A2F37988D-LeaderElection44] INFO  impl.LeaderElection (LeaderElection.java:logAndReturn(93)) -   Response 0: 94eff94b-5675-4cb0-a39c-290792b903c4<-47ce570f-7478-41dc-b1ba-c530780a94a3#0:OK-t3
2022-05-04 03:15:09,792 [94eff94b-5675-4cb0-a39c-290792b903c4@group-434A2F37988D-LeaderElection44] INFO  impl.LeaderElection (LeaderElection.java:logAndReturn(93)) -   Response 1: 94eff94b-5675-4cb0-a39c-290792b903c4<-b8405861-e810-457b-9581-dead971c3a14#0:FAIL-t3
2022-05-04 03:15:09,793 [94eff94b-5675-4cb0-a39c-290792b903c4@group-434A2F37988D-LeaderElection44] INFO  impl.LeaderElection (LeaderElection.java:askForVotes(308)) - 94eff94b-5675-4cb0-a39c-290792b903c4@group-434A2F37988D-LeaderElection44 ELECTION round 0: result PASSED
2022-05-04 03:15:09,793 [94eff94b-5675-4cb0-a39c-290792b903c4@group-434A2F37988D-LeaderElection44] INFO  impl.RoleInfo (RoleInfo.java:shutdownLeaderElection(121)) - 94eff94b-5675-4cb0-a39c-290792b903c4: shutdown 94eff94b-5675-4cb0-a39c-290792b903c4@group-434A2F37988D-LeaderElection44
2022-05-04 03:15:09,793 [94eff94b-5675-4cb0-a39c-290792b903c4@group-434A2F37988D-LeaderElection44] INFO  server.RaftServer$Division (RaftServerImpl.java:setRole(290)) - 94eff94b-5675-4cb0-a39c-290792b903c4@group-434A2F37988D: changes role from CANDIDATE to LEADER at term 3 for changeToLeader
2022-05-04 03:15:09,793 [94eff94b-5675-4cb0-a39c-290792b903c4@group-434A2F37988D-LeaderElection44] INFO  ratis.XceiverServerRatis (XceiverServerRatis.java:handleLeaderChangedNotification(863)) - Leader change notification received for group: group-434A2F37988D with new leaderId: 94eff94b-5675-4cb0-a39c-290792b903c4
2022-05-04 03:15:09,793 [94eff94b-5675-4cb0-a39c-290792b903c4@group-434A2F37988D-LeaderElection44] INFO  server.RaftServer$Division (ServerState.java:setLeader(285)) - 94eff94b-5675-4cb0-a39c-290792b903c4@group-434A2F37988D: change Leader from null to 94eff94b-5675-4cb0-a39c-290792b903c4 at term 3 for becomeLeader, leader elected after 15714ms
2022-05-04 03:15:09,793 [94eff94b-5675-4cb0-a39c-290792b903c4@group-434A2F37988D-LeaderElection44] INFO  server.RaftServerConfigKeys (ConfUtils.java:logGet(44)) - raft.server.staging.catchup.gap = 1000 (default)
2022-05-04 03:15:09,793 [94eff94b-5675-4cb0-a39c-290792b903c4@group-434A2F37988D-LeaderElection44] INFO  server.RaftServerConfigKeys (ConfUtils.java:logGet(44)) - raft.server.write.element-limit = 1024 (custom)
2022-05-04 03:15:09,793 [94eff94b-5675-4cb0-a39c-290792b903c4@group-434A2F37988D-LeaderElection44] INFO  server.RaftServerConfigKeys (ConfUtils.java:logGet(44)) - raft.server.write.byte-limit = 1024 M (=1073741824) (custom)
2022-05-04 03:15:09,794 [94eff94b-5675-4cb0-a39c-290792b903c4@group-434A2F37988D-LeaderElection44] INFO  server.RaftServerConfigKeys (ConfUtils.java:logGet(44)) - raft.server.watch.timeout = 180s (custom)
2022-05-04 03:15:09,794 [94eff94b-5675-4cb0-a39c-290792b903c4@group-434A2F37988D-LeaderElection44] INFO  server.RaftServerConfigKeys (ConfUtils.java:logGet(44)) - raft.server.watch.timeout.denomination = 1s (default)
2022-05-04 03:15:09,794 [94eff94b-5675-4cb0-a39c-290792b903c4@group-434A2F37988D-LeaderElection44] INFO  server.RaftServerConfigKeys (ConfUtils.java:logGet(44)) - raft.server.watch.element-limit = 65536 (default)
2022-05-04 03:15:09,794 [94eff94b-5675-4cb0-a39c-290792b903c4@group-434A2F37988D-LeaderElection44] INFO  server.RaftServerConfigKeys (ConfUtils.java:logGet(44)) - raft.server.write.element-limit = 1024 (custom)
2022-05-04 03:15:09,794 [94eff94b-5675-4cb0-a39c-290792b903c4@group-434A2F37988D-LeaderElection44] INFO  server.RaftServerConfigKeys (ConfUtils.java:logGet(44)) - raft.server.write.follower.gap.ratio.max = -1.0 (default)
2022-05-04 03:15:09,794 [EventQueue-PipelineReportForPipelineReportHandler] INFO  pipeline.PipelineManagerImpl (PipelineManagerImpl.java:openPipeline(328)) - Pipeline Pipeline[ Id: 2dd32b67-cc0f-44e5-bc57-434a2f37988d, Nodes: 94eff94b-5675-4cb0-a39c-290792b903c4{ip: 10.1.0.22, host: fv-az270-73.tacnzluakwdehk1hpragurqkma.bx.internal.cloudapp.net, ports: [REPLICATION=43917, RATIS=35275, RATIS_ADMIN=35275, RATIS_SERVER=35275, STANDALONE=40937], networkLocation: /default-rack, certSerialId: null, persistedOpState: IN_SERVICE, persistedOpStateExpiryEpochSec: 0}b8405861-e810-457b-9581-dead971c3a14{ip: 10.1.0.22, host: fv-az270-73.tacnzluakwdehk1hpragurqkma.bx.internal.cloudapp.net, ports: [REPLICATION=36471, RATIS=40547, RATIS_ADMIN=40547, RATIS_SERVER=40547, STANDALONE=39927], networkLocation: /default-rack, certSerialId: null, persistedOpState: IN_SERVICE, persistedOpStateExpiryEpochSec: 0}47ce570f-7478-41dc-b1ba-c530780a94a3{ip: 10.1.0.22, host: fv-az270-73.tacnzluakwdehk1hpragurqkma.bx.internal.cloudapp.net, ports: [REPLICATION=32977, RATIS=40881, RATIS_ADMIN=40881, RATIS_SERVER=40881, STANDALONE=37411], networkLocation: /default-rack, certSerialId: null, persistedOpState: IN_SERVICE, persistedOpStateExpiryEpochSec: 0}, ReplicationConfig: RATIS/THREE, State:ALLOCATED, leaderId:94eff94b-5675-4cb0-a39c-290792b903c4, CreationTimestamp2022-05-04T03:14:51.946Z[Etc/UTC]] moved to OPEN state
2022-05-04 03:15:09,794 [94eff94b-5675-4cb0-a39c-290792b903c4@group-434A2F37988D-LeaderElection44] INFO  server.RaftServerConfigKeys (ConfUtils.java:logGet(44)) - raft.server.log.appender.snapshot.chunk.size.max = 16MB (=16777216) (default)
2022-05-04 03:15:09,794 [94eff94b-5675-4cb0-a39c-290792b903c4@group-434A2F37988D-LeaderElection44] INFO  server.RaftServerConfigKeys (ConfUtils.java:logGet(44)) - raft.server.log.appender.buffer.byte-limit = 33554432 (custom)
2022-05-04 03:15:09,795 [94eff94b-5675-4cb0-a39c-290792b903c4@group-434A2F37988D-LeaderElection44] INFO  server.RaftServerConfigKeys (ConfUtils.java:logGet(44)) - raft.server.log.appender.buffer.element-limit = 1 (custom)
2022-05-04 03:15:09,795 [94eff94b-5675-4cb0-a39c-290792b903c4@group-434A2F37988D-LeaderElection44] INFO  grpc.GrpcConfigKeys (ConfUtils.java:logGet(44)) - raft.grpc.server.leader.outstanding.appends.max = 128 (default)
2022-05-04 03:15:09,795 [94eff94b-5675-4cb0-a39c-290792b903c4@group-434A2F37988D-LeaderElection44] INFO  server.RaftServerConfigKeys (ConfUtils.java:logGet(44)) - raft.server.rpc.request.timeout = 60s (custom)
2022-05-04 03:15:09,795 [94eff94b-5675-4cb0-a39c-290792b903c4@group-434A2F37988D-LeaderElection44] INFO  server.RaftServerConfigKeys (ConfUtils.java:logGet(44)) - raft.server.log.appender.install.snapshot.enabled = false (custom)
2022-05-04 03:15:09,796 [grpc-default-executor-2] INFO  server.RaftServer$Division (RaftServerImpl.java:requestVote(1046)) - 94eff94b-5675-4cb0-a39c-290792b903c4@group-434A2F37988D: receive requestVote(ELECTION, b8405861-e810-457b-9581-dead971c3a14, group-434A2F37988D, 3, (t:0, i:0))
2022-05-04 03:15:09,816 [Time-limited test] INFO  rpc.RpcClient (RpcClient.java:createVolume(448)) - Creating Volume: volume07254, with user14604 as owner and space quota set to -1 bytes, counts quota set to -1
2022-05-04 03:15:09,817 [IPC Server handler 12 on default port 33297] INFO  volume.OMVolumeCreateRequest (OMVolumeCreateRequest.java:validateAndUpdateCache(195)) - created volume:volume07254 for user:user14604
2022-05-04 03:15:09,818 [Time-limited test] INFO  rpc.RpcClient (RpcClient.java:createBucket(637)) - Creating Bucket: volume07254/bucket29926, with runner as owner and Versioning false and Storage Type set to DISK and Encryption set to false 
2022-05-04 03:15:09,819 [IPC Server handler 4 on default port 33297] INFO  bucket.OMBucketCreateRequest (OMBucketCreateRequest.java:validateAndUpdateCache(258)) - created bucket: bucket29926 of layout LEGACY in volume: volume07254
03:15:09.828 [IPC Server handler 16 on default port 33297] ERROR OMAudit - user=runner | ip=127.0.0.1 | op=GET_FILE_STATUS {volume=volume07254, bucket=bucket29926, key=.Trash/runner, dataSize=0, replicationConfig=null} | ret=FAILURE
org.apache.hadoop.ozone.om.exceptions.OMException: Unable to get file status: volume: volume07254 bucket: bucket29926 key: .Trash/runner
	at org.apache.hadoop.ozone.om.KeyManagerImpl.getOzoneFileStatus(KeyManagerImpl.java:1280) ~[ozone-manager-1.3.0-SNAPSHOT.jar:?]
	at org.apache.hadoop.ozone.om.KeyManagerImpl.getFileStatus(KeyManagerImpl.java:1210) ~[ozone-manager-1.3.0-SNAPSHOT.jar:?]
	at org.apache.hadoop.ozone.om.OzoneManager.getFileStatus(OzoneManager.java:3067) ~[ozone-manager-1.3.0-SNAPSHOT.jar:?]
	at org.apache.hadoop.ozone.protocolPB.OzoneManagerRequestHandler.getOzoneFileStatus(OzoneManagerRequestHandler.java:670) ~[ozone-manager-1.3.0-SNAPSHOT.jar:?]
	at org.apache.hadoop.ozone.protocolPB.OzoneManagerRequestHandler.handleReadRequest(OzoneManagerRequestHandler.java:201) ~[ozone-manager-1.3.0-SNAPSHOT.jar:?]
	at org.apache.hadoop.ozone.protocolPB.OzoneManagerProtocolServerSideTranslatorPB.submitRequestDirectlyToOM(OzoneManagerProtocolServerSideTranslatorPB.java:271) ~[ozone-manager-1.3.0-SNAPSHOT.jar:?]
	at org.apache.hadoop.ozone.protocolPB.OzoneManagerProtocolServerSideTranslatorPB.processRequest(OzoneManagerProtocolServerSideTranslatorPB.java:195) ~[ozone-manager-1.3.0-SNAPSHOT.jar:?]
	at org.apache.hadoop.hdds.server.OzoneProtocolMessageDispatcher.processRequest(OzoneProtocolMessageDispatcher.java:87) [hdds-server-framework-1.3.0-SNAPSHOT.jar:?]
	at org.apache.hadoop.ozone.protocolPB.OzoneManagerProtocolServerSideTranslatorPB.submitRequest(OzoneManagerProtocolServerSideTranslatorPB.java:146) [ozone-manager-1.3.0-SNAPSHOT.jar:?]
	at org.apache.hadoop.ozone.protocol.proto.OzoneManagerProtocolProtos$OzoneManagerService$2.callBlockingMethod(OzoneManagerProtocolProtos.java) [ozone-interface-client-1.3.0-SNAPSHOT.jar:?]
	at org.apache.hadoop.ipc.ProtobufRpcEngine$Server.processCall(ProtobufRpcEngine.java:466) [hadoop-common-3.3.1.jar:?]
	at org.apache.hadoop.ipc.ProtobufRpcEngine2$Server$ProtoBufRpcInvoker.call(ProtobufRpcEngine2.java:574) [hadoop-common-3.3.1.jar:?]
	at org.apache.hadoop.ipc.ProtobufRpcEngine2$Server$ProtoBufRpcInvoker.call(ProtobufRpcEngine2.java:552) [hadoop-common-3.3.1.jar:?]
	at org.apache.hadoop.ipc.RPC$Server.call(RPC.java:1093) [hadoop-common-3.3.1.jar:?]
	at org.apache.hadoop.ipc.Server$RpcCall.run(Server.java:1035) [hadoop-common-3.3.1.jar:?]
	at org.apache.hadoop.ipc.Server$RpcCall.run(Server.java:963) [hadoop-common-3.3.1.jar:?]
	at java.security.AccessController.doPrivileged(Native Method) ~[?:1.8.0_322]
	at javax.security.auth.Subject.doAs(Subject.java:422) [?:1.8.0_322]
	at org.apache.hadoop.security.UserGroupInformation.doAs(UserGroupInformation.java:1878) [hadoop-common-3.3.1.jar:?]
	at org.apache.hadoop.ipc.Server$Handler.run(Server.java:2966) [hadoop-common-3.3.1.jar:?]
03:15:09.831 [IPC Server handler 18 on default port 33297] ERROR OMAudit - user=runner | ip=127.0.0.1 | op=GET_FILE_STATUS {volume=b7d992d7-8b6f-4d03-80b8-c48c6b4e2484, bucket=49d482f7-40c1-411a-b3bc-bbc017e4db39, key=.Trash, dataSize=0, replicationConfig=null} | ret=FAILURE
org.apache.hadoop.ozone.om.exceptions.OMException: Unable to get file status: volume: b7d992d7-8b6f-4d03-80b8-c48c6b4e2484 bucket: 49d482f7-40c1-411a-b3bc-bbc017e4db39 key: .Trash
	at org.apache.hadoop.ozone.om.KeyManagerImpl.getOzoneFileStatus(KeyManagerImpl.java:1280) ~[ozone-manager-1.3.0-SNAPSHOT.jar:?]
	at org.apache.hadoop.ozone.om.KeyManagerImpl.getFileStatus(KeyManagerImpl.java:1210) ~[ozone-manager-1.3.0-SNAPSHOT.jar:?]
	at org.apache.hadoop.ozone.om.OzoneManager.getFileStatus(OzoneManager.java:3067) ~[ozone-manager-1.3.0-SNAPSHOT.jar:?]
	at org.apache.hadoop.ozone.protocolPB.OzoneManagerRequestHandler.getOzoneFileStatus(OzoneManagerRequestHandler.java:670) ~[ozone-manager-1.3.0-SNAPSHOT.jar:?]
	at org.apache.hadoop.ozone.protocolPB.OzoneManagerRequestHandler.handleReadRequest(OzoneManagerRequestHandler.java:201) ~[ozone-manager-1.3.0-SNAPSHOT.jar:?]
	at org.apache.hadoop.ozone.protocolPB.OzoneManagerProtocolServerSideTranslatorPB.submitRequestDirectlyToOM(OzoneManagerProtocolServerSideTranslatorPB.java:271) ~[ozone-manager-1.3.0-SNAPSHOT.jar:?]
	at org.apache.hadoop.ozone.protocolPB.OzoneManagerProtocolServerSideTranslatorPB.processRequest(OzoneManagerProtocolServerSideTranslatorPB.java:195) ~[ozone-manager-1.3.0-SNAPSHOT.jar:?]
	at org.apache.hadoop.hdds.server.OzoneProtocolMessageDispatcher.processRequest(OzoneProtocolMessageDispatcher.java:87) [hdds-server-framework-1.3.0-SNAPSHOT.jar:?]
	at org.apache.hadoop.ozone.protocolPB.OzoneManagerProtocolServerSideTranslatorPB.submitRequest(OzoneManagerProtocolServerSideTranslatorPB.java:146) [ozone-manager-1.3.0-SNAPSHOT.jar:?]
	at org.apache.hadoop.ozone.protocol.proto.OzoneManagerProtocolProtos$OzoneManagerService$2.callBlockingMethod(OzoneManagerProtocolProtos.java) [ozone-interface-client-1.3.0-SNAPSHOT.jar:?]
	at org.apache.hadoop.ipc.ProtobufRpcEngine$Server.processCall(ProtobufRpcEngine.java:466) [hadoop-common-3.3.1.jar:?]
	at org.apache.hadoop.ipc.ProtobufRpcEngine2$Server$ProtoBufRpcInvoker.call(ProtobufRpcEngine2.java:574) [hadoop-common-3.3.1.jar:?]
	at org.apache.hadoop.ipc.ProtobufRpcEngine2$Server$ProtoBufRpcInvoker.call(ProtobufRpcEngine2.java:552) [hadoop-common-3.3.1.jar:?]
	at org.apache.hadoop.ipc.RPC$Server.call(RPC.java:1093) [hadoop-common-3.3.1.jar:?]
	at org.apache.hadoop.ipc.Server$RpcCall.run(Server.java:1035) [hadoop-common-3.3.1.jar:?]
	at org.apache.hadoop.ipc.Server$RpcCall.run(Server.java:963) [hadoop-common-3.3.1.jar:?]
	at java.security.AccessController.doPrivileged(Native Method) ~[?:1.8.0_322]
	at javax.security.auth.Subject.doAs(Subject.java:422) [?:1.8.0_322]
	at org.apache.hadoop.security.UserGroupInformation.doAs(UserGroupInformation.java:1878) [hadoop-common-3.3.1.jar:?]
	at org.apache.hadoop.ipc.Server$Handler.run(Server.java:2966) [hadoop-common-3.3.1.jar:?]
03:15:09.834 [IPC Server handler 17 on default port 33297] ERROR OMAudit - user=runner | ip=127.0.0.1 | op=GET_FILE_STATUS {volume=volume07254, bucket=bucket29926, key=.Trash, dataSize=0, replicationConfig=null} | ret=FAILURE
org.apache.hadoop.ozone.om.exceptions.OMException: Unable to get file status: volume: volume07254 bucket: bucket29926 key: .Trash
	at org.apache.hadoop.ozone.om.KeyManagerImpl.getOzoneFileStatus(KeyManagerImpl.java:1280) ~[ozone-manager-1.3.0-SNAPSHOT.jar:?]
	at org.apache.hadoop.ozone.om.KeyManagerImpl.getFileStatus(KeyManagerImpl.java:1210) ~[ozone-manager-1.3.0-SNAPSHOT.jar:?]
	at org.apache.hadoop.ozone.om.OzoneManager.getFileStatus(OzoneManager.java:3067) ~[ozone-manager-1.3.0-SNAPSHOT.jar:?]
	at org.apache.hadoop.ozone.protocolPB.OzoneManagerRequestHandler.getOzoneFileStatus(OzoneManagerRequestHandler.java:670) ~[ozone-manager-1.3.0-SNAPSHOT.jar:?]
	at org.apache.hadoop.ozone.protocolPB.OzoneManagerRequestHandler.handleReadRequest(OzoneManagerRequestHandler.java:201) ~[ozone-manager-1.3.0-SNAPSHOT.jar:?]
	at org.apache.hadoop.ozone.protocolPB.OzoneManagerProtocolServerSideTranslatorPB.submitRequestDirectlyToOM(OzoneManagerProtocolServerSideTranslatorPB.java:271) ~[ozone-manager-1.3.0-SNAPSHOT.jar:?]
	at org.apache.hadoop.ozone.protocolPB.OzoneManagerProtocolServerSideTranslatorPB.processRequest(OzoneManagerProtocolServerSideTranslatorPB.java:195) ~[ozone-manager-1.3.0-SNAPSHOT.jar:?]
	at org.apache.hadoop.hdds.server.OzoneProtocolMessageDispatcher.processRequest(OzoneProtocolMessageDispatcher.java:87) [hdds-server-framework-1.3.0-SNAPSHOT.jar:?]
	at org.apache.hadoop.ozone.protocolPB.OzoneManagerProtocolServerSideTranslatorPB.submitRequest(OzoneManagerProtocolServerSideTranslatorPB.java:146) [ozone-manager-1.3.0-SNAPSHOT.jar:?]
	at org.apache.hadoop.ozone.protocol.proto.OzoneManagerProtocolProtos$OzoneManagerService$2.callBlockingMethod(OzoneManagerProtocolProtos.java) [ozone-interface-client-1.3.0-SNAPSHOT.jar:?]
	at org.apache.hadoop.ipc.ProtobufRpcEngine$Server.processCall(ProtobufRpcEngine.java:466) [hadoop-common-3.3.1.jar:?]
	at org.apache.hadoop.ipc.ProtobufRpcEngine2$Server$ProtoBufRpcInvoker.call(ProtobufRpcEngine2.java:574) [hadoop-common-3.3.1.jar:?]
	at org.apache.hadoop.ipc.ProtobufRpcEngine2$Server$ProtoBufRpcInvoker.call(ProtobufRpcEngine2.java:552) [hadoop-common-3.3.1.jar:?]
	at org.apache.hadoop.ipc.RPC$Server.call(RPC.java:1093) [hadoop-common-3.3.1.jar:?]
	at org.apache.hadoop.ipc.Server$RpcCall.run(Server.java:1035) [hadoop-common-3.3.1.jar:?]
	at org.apache.hadoop.ipc.Server$RpcCall.run(Server.java:963) [hadoop-common-3.3.1.jar:?]
	at java.security.AccessController.doPrivileged(Native Method) ~[?:1.8.0_322]
	at javax.security.auth.Subject.doAs(Subject.java:422) [?:1.8.0_322]
	at org.apache.hadoop.security.UserGroupInformation.doAs(UserGroupInformation.java:1878) [hadoop-common-3.3.1.jar:?]
	at org.apache.hadoop.ipc.Server$Handler.run(Server.java:2966) [hadoop-common-3.3.1.jar:?]
2022-05-04 03:15:09,841 [94eff94b-5675-4cb0-a39c-290792b903c4@group-434A2F37988D-LeaderElection44] INFO  server.RaftServerConfigKeys (ConfUtils.java:logGet(44)) - raft.server.log.appender.snapshot.chunk.size.max = 16MB (=16777216) (default)
2022-05-04 03:15:09,841 [94eff94b-5675-4cb0-a39c-290792b903c4@group-434A2F37988D-LeaderElection44] INFO  server.RaftServerConfigKeys (ConfUtils.java:logGet(44)) - raft.server.log.appender.buffer.byte-limit = 33554432 (custom)
2022-05-04 03:15:09,841 [94eff94b-5675-4cb0-a39c-290792b903c4@group-434A2F37988D-LeaderElection44] INFO  server.RaftServerConfigKeys (ConfUtils.java:logGet(44)) - raft.server.log.appender.buffer.element-limit = 1 (custom)
2022-05-04 03:15:09,841 [94eff94b-5675-4cb0-a39c-290792b903c4@group-434A2F37988D-LeaderElection44] INFO  grpc.GrpcConfigKeys (ConfUtils.java:logGet(44)) - raft.grpc.server.leader.outstanding.appends.max = 128 (default)
2022-05-04 03:15:09,841 [94eff94b-5675-4cb0-a39c-290792b903c4@group-434A2F37988D-LeaderElection44] INFO  server.RaftServerConfigKeys (ConfUtils.java:logGet(44)) - raft.server.rpc.request.timeout = 60s (custom)
2022-05-04 03:15:09,841 [94eff94b-5675-4cb0-a39c-290792b903c4@group-434A2F37988D-LeaderElection44] INFO  server.RaftServerConfigKeys (ConfUtils.java:logGet(44)) - raft.server.log.appender.install.snapshot.enabled = false (custom)
2022-05-04 03:15:09,842 [94eff94b-5675-4cb0-a39c-290792b903c4@group-434A2F37988D-LeaderElection44] INFO  impl.RoleInfo (RoleInfo.java:updateAndGet(130)) - 94eff94b-5675-4cb0-a39c-290792b903c4: start 94eff94b-5675-4cb0-a39c-290792b903c4@group-434A2F37988D-LeaderStateImpl
2022-05-04 03:15:09,842 [94eff94b-5675-4cb0-a39c-290792b903c4@group-434A2F37988D-LeaderElection44] INFO  segmented.SegmentedRaftLogWorker (SegmentedRaftLogWorker.java:startLogSegment(394)) - 94eff94b-5675-4cb0-a39c-290792b903c4@group-434A2F37988D-SegmentedRaftLogWorker: Starting segment from index:0
2022-05-04 03:15:09,845 [94eff94b-5675-4cb0-a39c-290792b903c4@group-434A2F37988D-SegmentedRaftLogWorker] INFO  segmented.SegmentedRaftLogWorker (SegmentedRaftLogWorker.java:execute(601)) - 94eff94b-5675-4cb0-a39c-290792b903c4@group-434A2F37988D-SegmentedRaftLogWorker: created new log segment /home/runner/work/ozone/ozone/hadoop-ozone/integration-test/target/test-dir/MiniOzoneClusterImpl-ffb4024d-fcb7-425a-91bb-293fa2ccb31b/datanode-1/data/ratis/2dd32b67-cc0f-44e5-bc57-434a2f37988d/current/log_inprogress_0
03:15:09.854 [IPC Server handler 12 on default port 33297] ERROR OMAudit - user=runner | ip=127.0.0.1 | op=GET_FILE_STATUS {volume=b7d992d7-8b6f-4d03-80b8-c48c6b4e2484, bucket=49d482f7-40c1-411a-b3bc-bbc017e4db39, key=.Trash, dataSize=0, replicationConfig=null} | ret=FAILURE
org.apache.hadoop.ozone.om.exceptions.OMException: Unable to get file status: volume: b7d992d7-8b6f-4d03-80b8-c48c6b4e2484 bucket: 49d482f7-40c1-411a-b3bc-bbc017e4db39 key: .Trash
	at org.apache.hadoop.ozone.om.KeyManagerImpl.getOzoneFileStatus(KeyManagerImpl.java:1280) ~[ozone-manager-1.3.0-SNAPSHOT.jar:?]
	at org.apache.hadoop.ozone.om.KeyManagerImpl.getFileStatus(KeyManagerImpl.java:1210) ~[ozone-manager-1.3.0-SNAPSHOT.jar:?]
	at org.apache.hadoop.ozone.om.OzoneManager.getFileStatus(OzoneManager.java:3067) ~[ozone-manager-1.3.0-SNAPSHOT.jar:?]
	at org.apache.hadoop.ozone.protocolPB.OzoneManagerRequestHandler.getOzoneFileStatus(OzoneManagerRequestHandler.java:670) ~[ozone-manager-1.3.0-SNAPSHOT.jar:?]
	at org.apache.hadoop.ozone.protocolPB.OzoneManagerRequestHandler.handleReadRequest(OzoneManagerRequestHandler.java:201) ~[ozone-manager-1.3.0-SNAPSHOT.jar:?]
	at org.apache.hadoop.ozone.protocolPB.OzoneManagerProtocolServerSideTranslatorPB.submitRequestDirectlyToOM(OzoneManagerProtocolServerSideTranslatorPB.java:271) ~[ozone-manager-1.3.0-SNAPSHOT.jar:?]
	at org.apache.hadoop.ozone.protocolPB.OzoneManagerProtocolServerSideTranslatorPB.processRequest(OzoneManagerProtocolServerSideTranslatorPB.java:195) ~[ozone-manager-1.3.0-SNAPSHOT.jar:?]
	at org.apache.hadoop.hdds.server.OzoneProtocolMessageDispatcher.processRequest(OzoneProtocolMessageDispatcher.java:87) [hdds-server-framework-1.3.0-SNAPSHOT.jar:?]
	at org.apache.hadoop.ozone.protocolPB.OzoneManagerProtocolServerSideTranslatorPB.submitRequest(OzoneManagerProtocolServerSideTranslatorPB.java:146) [ozone-manager-1.3.0-SNAPSHOT.jar:?]
	at org.apache.hadoop.ozone.protocol.proto.OzoneManagerProtocolProtos$OzoneManagerService$2.callBlockingMethod(OzoneManagerProtocolProtos.java) [ozone-interface-client-1.3.0-SNAPSHOT.jar:?]
	at org.apache.hadoop.ipc.ProtobufRpcEngine$Server.processCall(ProtobufRpcEngine.java:466) [hadoop-common-3.3.1.jar:?]
	at org.apache.hadoop.ipc.ProtobufRpcEngine2$Server$ProtoBufRpcInvoker.call(ProtobufRpcEngine2.java:574) [hadoop-common-3.3.1.jar:?]
	at org.apache.hadoop.ipc.ProtobufRpcEngine2$Server$ProtoBufRpcInvoker.call(ProtobufRpcEngine2.java:552) [hadoop-common-3.3.1.jar:?]
	at org.apache.hadoop.ipc.RPC$Server.call(RPC.java:1093) [hadoop-common-3.3.1.jar:?]
	at org.apache.hadoop.ipc.Server$RpcCall.run(Server.java:1035) [hadoop-common-3.3.1.jar:?]
	at org.apache.hadoop.ipc.Server$RpcCall.run(Server.java:963) [hadoop-common-3.3.1.jar:?]
	at java.security.AccessController.doPrivileged(Native Method) ~[?:1.8.0_322]
	at javax.security.auth.Subject.doAs(Subject.java:422) [?:1.8.0_322]
	at org.apache.hadoop.security.UserGroupInformation.doAs(UserGroupInformation.java:1878) [hadoop-common-3.3.1.jar:?]
	at org.apache.hadoop.ipc.Server$Handler.run(Server.java:2966) [hadoop-common-3.3.1.jar:?]
2022-05-04 03:15:09,871 [94eff94b-5675-4cb0-a39c-290792b903c4@group-434A2F37988D-LeaderElection44] INFO  server.RaftServer$Division (ServerState.java:setRaftConf(387)) - 94eff94b-5675-4cb0-a39c-290792b903c4@group-434A2F37988D: set configuration 0: [47ce570f-7478-41dc-b1ba-c530780a94a3|rpc:10.1.0.22:40881|dataStream:|priority:0, b8405861-e810-457b-9581-dead971c3a14|rpc:10.1.0.22:40547|dataStream:|priority:0, 94eff94b-5675-4cb0-a39c-290792b903c4|rpc:10.1.0.22:35275|dataStream:|priority:1], old=null
2022-05-04 03:15:09,871 [grpc-default-executor-2] INFO  impl.VoteContext (VoteContext.java:log(48)) - 94eff94b-5675-4cb0-a39c-290792b903c4@group-434A2F37988D-LEADER: reject ELECTION from b8405861-e810-457b-9581-dead971c3a14: already has voted for 94eff94b-5675-4cb0-a39c-290792b903c4 at current term 3
2022-05-04 03:15:09,871 [grpc-default-executor-2] INFO  server.RaftServer$Division (RaftServerImpl.java:requestVote(1078)) - 94eff94b-5675-4cb0-a39c-290792b903c4@group-434A2F37988D replies to ELECTION vote request: b8405861-e810-457b-9581-dead971c3a14<-94eff94b-5675-4cb0-a39c-290792b903c4#0:FAIL-t3. Peer's state: 94eff94b-5675-4cb0-a39c-290792b903c4@group-434A2F37988D:t3, leader=94eff94b-5675-4cb0-a39c-290792b903c4, voted=94eff94b-5675-4cb0-a39c-290792b903c4, raftlog=94eff94b-5675-4cb0-a39c-290792b903c4@group-434A2F37988D-SegmentedRaftLog:OPENED:c-1, conf=0: [47ce570f-7478-41dc-b1ba-c530780a94a3|rpc:10.1.0.22:40881|dataStream:|priority:0, b8405861-e810-457b-9581-dead971c3a14|rpc:10.1.0.22:40547|dataStream:|priority:0, 94eff94b-5675-4cb0-a39c-290792b903c4|rpc:10.1.0.22:35275|dataStream:|priority:1], old=null
2022-05-04 03:15:09,872 [b8405861-e810-457b-9581-dead971c3a14@group-434A2F37988D-LeaderElection45] INFO  impl.LeaderElection (LeaderElection.java:logAndReturn(89)) - b8405861-e810-457b-9581-dead971c3a14@group-434A2F37988D-LeaderElection45: ELECTION REJECTED received 2 response(s) and 0 exception(s):
2022-05-04 03:15:09,872 [b8405861-e810-457b-9581-dead971c3a14@group-434A2F37988D-LeaderElection45] INFO  impl.LeaderElection (LeaderElection.java:logAndReturn(93)) -   Response 0: b8405861-e810-457b-9581-dead971c3a14<-47ce570f-7478-41dc-b1ba-c530780a94a3#0:FAIL-t3
2022-05-04 03:15:09,872 [b8405861-e810-457b-9581-dead971c3a14@group-434A2F37988D-LeaderElection45] INFO  impl.LeaderElection (LeaderElection.java:logAndReturn(93)) -   Response 1: b8405861-e810-457b-9581-dead971c3a14<-94eff94b-5675-4cb0-a39c-290792b903c4#0:FAIL-t3
2022-05-04 03:15:09,872 [b8405861-e810-457b-9581-dead971c3a14@group-434A2F37988D-LeaderElection45] INFO  impl.LeaderElection (LeaderElection.java:askForVotes(308)) - b8405861-e810-457b-9581-dead971c3a14@group-434A2F37988D-LeaderElection45 ELECTION round 0: result REJECTED
2022-05-04 03:15:09,872 [b8405861-e810-457b-9581-dead971c3a14@group-434A2F37988D-LeaderElection45] INFO  server.RaftServer$Division (RaftServerImpl.java:setRole(290)) - b8405861-e810-457b-9581-dead971c3a14@group-434A2F37988D: changes role from CANDIDATE to FOLLOWER at term 3 for REJECTED
2022-05-04 03:15:09,873 [b8405861-e810-457b-9581-dead971c3a14@group-434A2F37988D-LeaderElection45] INFO  impl.RoleInfo (RoleInfo.java:shutdownLeaderElection(121)) - b8405861-e810-457b-9581-dead971c3a14: shutdown b8405861-e810-457b-9581-dead971c3a14@group-434A2F37988D-LeaderElection45
2022-05-04 03:15:09,873 [b8405861-e810-457b-9581-dead971c3a14@group-434A2F37988D-LeaderElection45] INFO  impl.RoleInfo (RoleInfo.java:updateAndGet(130)) - b8405861-e810-457b-9581-dead971c3a14: start b8405861-e810-457b-9581-dead971c3a14@group-434A2F37988D-FollowerState
2022-05-04 03:15:09,878 [grpc-default-executor-1] INFO  ratis.XceiverServerRatis (XceiverServerRatis.java:handleLeaderChangedNotification(863)) - Leader change notification received for group: group-434A2F37988D with new leaderId: 94eff94b-5675-4cb0-a39c-290792b903c4
2022-05-04 03:15:09,878 [grpc-default-executor-1] INFO  server.RaftServer$Division (ServerState.java:setLeader(285)) - b8405861-e810-457b-9581-dead971c3a14@group-434A2F37988D: change Leader from null to 94eff94b-5675-4cb0-a39c-290792b903c4 at term 3 for appendEntries, leader elected after 15860ms
2022-05-04 03:15:09,902 [grpc-default-executor-1] INFO  server.RaftServer$Division (ServerState.java:setRaftConf(387)) - b8405861-e810-457b-9581-dead971c3a14@group-434A2F37988D: set configuration 0: [47ce570f-7478-41dc-b1ba-c530780a94a3|rpc:10.1.0.22:40881|dataStream:|priority:0, b8405861-e810-457b-9581-dead971c3a14|rpc:10.1.0.22:40547|dataStream:|priority:0, 94eff94b-5675-4cb0-a39c-290792b903c4|rpc:10.1.0.22:35275|dataStream:|priority:1], old=null
2022-05-04 03:15:09,902 [grpc-default-executor-1] INFO  segmented.SegmentedRaftLogWorker (SegmentedRaftLogWorker.java:startLogSegment(394)) - b8405861-e810-457b-9581-dead971c3a14@group-434A2F37988D-SegmentedRaftLogWorker: Starting segment from index:0
2022-05-04 03:15:09,905 [b8405861-e810-457b-9581-dead971c3a14@group-434A2F37988D-SegmentedRaftLogWorker] INFO  segmented.SegmentedRaftLogWorker (SegmentedRaftLogWorker.java:execute(601)) - b8405861-e810-457b-9581-dead971c3a14@group-434A2F37988D-SegmentedRaftLogWorker: created new log segment /home/runner/work/ozone/ozone/hadoop-ozone/integration-test/target/test-dir/MiniOzoneClusterImpl-ffb4024d-fcb7-425a-91bb-293fa2ccb31b/datanode-0/data/ratis/2dd32b67-cc0f-44e5-bc57-434a2f37988d/current/log_inprogress_0
03:15:09.914 [IPC Server handler 1 on default port 33297] ERROR OMAudit - user=runner | ip=127.0.0.1 | op=GET_FILE_STATUS {volume=b7d992d7-8b6f-4d03-80b8-c48c6b4e2484, bucket=49d482f7-40c1-411a-b3bc-bbc017e4db39, key=.Trash, dataSize=0, replicationConfig=null} | ret=FAILURE
org.apache.hadoop.ozone.om.exceptions.OMException: Unable to get file status: volume: b7d992d7-8b6f-4d03-80b8-c48c6b4e2484 bucket: 49d482f7-40c1-411a-b3bc-bbc017e4db39 key: .Trash
	at org.apache.hadoop.ozone.om.KeyManagerImpl.getOzoneFileStatus(KeyManagerImpl.java:1280) ~[ozone-manager-1.3.0-SNAPSHOT.jar:?]
	at org.apache.hadoop.ozone.om.KeyManagerImpl.getFileStatus(KeyManagerImpl.java:1210) ~[ozone-manager-1.3.0-SNAPSHOT.jar:?]
	at org.apache.hadoop.ozone.om.OzoneManager.getFileStatus(OzoneManager.java:3067) ~[ozone-manager-1.3.0-SNAPSHOT.jar:?]
	at org.apache.hadoop.ozone.protocolPB.OzoneManagerRequestHandler.getOzoneFileStatus(OzoneManagerRequestHandler.java:670) ~[ozone-manager-1.3.0-SNAPSHOT.jar:?]
	at org.apache.hadoop.ozone.protocolPB.OzoneManagerRequestHandler.handleReadRequest(OzoneManagerRequestHandler.java:201) ~[ozone-manager-1.3.0-SNAPSHOT.jar:?]
	at org.apache.hadoop.ozone.protocolPB.OzoneManagerProtocolServerSideTranslatorPB.submitRequestDirectlyToOM(OzoneManagerProtocolServerSideTranslatorPB.java:271) ~[ozone-manager-1.3.0-SNAPSHOT.jar:?]
	at org.apache.hadoop.ozone.protocolPB.OzoneManagerProtocolServerSideTranslatorPB.processRequest(OzoneManagerProtocolServerSideTranslatorPB.java:195) ~[ozone-manager-1.3.0-SNAPSHOT.jar:?]
	at org.apache.hadoop.hdds.server.OzoneProtocolMessageDispatcher.processRequest(OzoneProtocolMessageDispatcher.java:87) [hdds-server-framework-1.3.0-SNAPSHOT.jar:?]
	at org.apache.hadoop.ozone.protocolPB.OzoneManagerProtocolServerSideTranslatorPB.submitRequest(OzoneManagerProtocolServerSideTranslatorPB.java:146) [ozone-manager-1.3.0-SNAPSHOT.jar:?]
	at org.apache.hadoop.ozone.protocol.proto.OzoneManagerProtocolProtos$OzoneManagerService$2.callBlockingMethod(OzoneManagerProtocolProtos.java) [ozone-interface-client-1.3.0-SNAPSHOT.jar:?]
	at org.apache.hadoop.ipc.ProtobufRpcEngine$Server.processCall(ProtobufRpcEngine.java:466) [hadoop-common-3.3.1.jar:?]
	at org.apache.hadoop.ipc.ProtobufRpcEngine2$Server$ProtoBufRpcInvoker.call(ProtobufRpcEngine2.java:574) [hadoop-common-3.3.1.jar:?]
	at org.apache.hadoop.ipc.ProtobufRpcEngine2$Server$ProtoBufRpcInvoker.call(ProtobufRpcEngine2.java:552) [hadoop-common-3.3.1.jar:?]
	at org.apache.hadoop.ipc.RPC$Server.call(RPC.java:1093) [hadoop-common-3.3.1.jar:?]
	at org.apache.hadoop.ipc.Server$RpcCall.run(Server.java:1035) [hadoop-common-3.3.1.jar:?]
	at org.apache.hadoop.ipc.Server$RpcCall.run(Server.java:963) [hadoop-common-3.3.1.jar:?]
	at java.security.AccessController.doPrivileged(Native Method) ~[?:1.8.0_322]
	at javax.security.auth.Subject.doAs(Subject.java:422) [?:1.8.0_322]
	at org.apache.hadoop.security.UserGroupInformation.doAs(UserGroupInformation.java:1878) [hadoop-common-3.3.1.jar:?]
	at org.apache.hadoop.ipc.Server$Handler.run(Server.java:2966) [hadoop-common-3.3.1.jar:?]
2022-05-04 03:15:09,924 [Time-limited test] INFO  rpc.RpcClient (RpcClient.java:createBucket(637)) - Creating Bucket: volume07254/trashroottest2, with runner as owner and Versioning false and Storage Type set to DISK and Encryption set to false 
2022-05-04 03:15:09,937 [IPC Server handler 4 on default port 33297] INFO  bucket.OMBucketCreateRequest (OMBucketCreateRequest.java:validateAndUpdateCache(258)) - created bucket: trashroottest2 of layout LEGACY in volume: volume07254
2022-05-04 03:15:09,968 [grpc-default-executor-1] INFO  ratis.XceiverServerRatis (XceiverServerRatis.java:handleLeaderChangedNotification(863)) - Leader change notification received for group: group-434A2F37988D with new leaderId: 94eff94b-5675-4cb0-a39c-290792b903c4
2022-05-04 03:15:09,968 [grpc-default-executor-1] INFO  server.RaftServer$Division (ServerState.java:setLeader(285)) - 47ce570f-7478-41dc-b1ba-c530780a94a3@group-434A2F37988D: change Leader from null to 94eff94b-5675-4cb0-a39c-290792b903c4 at term 3 for appendEntries, leader elected after 15738ms
2022-05-04 03:15:10,002 [grpc-default-executor-1] INFO  server.RaftServer$Division (ServerState.java:setRaftConf(387)) - 47ce570f-7478-41dc-b1ba-c530780a94a3@group-434A2F37988D: set configuration 0: [47ce570f-7478-41dc-b1ba-c530780a94a3|rpc:10.1.0.22:40881|dataStream:|priority:0, b8405861-e810-457b-9581-dead971c3a14|rpc:10.1.0.22:40547|dataStream:|priority:0, 94eff94b-5675-4cb0-a39c-290792b903c4|rpc:10.1.0.22:35275|dataStream:|priority:1], old=null
2022-05-04 03:15:10,002 [grpc-default-executor-1] INFO  segmented.SegmentedRaftLogWorker (SegmentedRaftLogWorker.java:startLogSegment(394)) - 47ce570f-7478-41dc-b1ba-c530780a94a3@group-434A2F37988D-SegmentedRaftLogWorker: Starting segment from index:0
2022-05-04 03:15:10,005 [47ce570f-7478-41dc-b1ba-c530780a94a3@group-434A2F37988D-SegmentedRaftLogWorker] INFO  segmented.SegmentedRaftLogWorker (SegmentedRaftLogWorker.java:execute(601)) - 47ce570f-7478-41dc-b1ba-c530780a94a3@group-434A2F37988D-SegmentedRaftLogWorker: created new log segment /home/runner/work/ozone/ozone/hadoop-ozone/integration-test/target/test-dir/MiniOzoneClusterImpl-ffb4024d-fcb7-425a-91bb-293fa2ccb31b/datanode-2/data/ratis/2dd32b67-cc0f-44e5-bc57-434a2f37988d/current/log_inprogress_0
03:15:10.556 [IPC Server handler 5 on default port 33297] ERROR OMAudit - user=runner | ip=127.0.0.1 | op=GET_FILE_STATUS {volume=b7d992d7-8b6f-4d03-80b8-c48c6b4e2484, bucket=49d482f7-40c1-411a-b3bc-bbc017e4db39, key=.Trash, dataSize=0, replicationConfig=null} | ret=FAILURE
org.apache.hadoop.ozone.om.exceptions.OMException: Unable to get file status: volume: b7d992d7-8b6f-4d03-80b8-c48c6b4e2484 bucket: 49d482f7-40c1-411a-b3bc-bbc017e4db39 key: .Trash
	at org.apache.hadoop.ozone.om.KeyManagerImpl.getOzoneFileStatus(KeyManagerImpl.java:1280) ~[ozone-manager-1.3.0-SNAPSHOT.jar:?]
	at org.apache.hadoop.ozone.om.KeyManagerImpl.getFileStatus(KeyManagerImpl.java:1210) ~[ozone-manager-1.3.0-SNAPSHOT.jar:?]
	at org.apache.hadoop.ozone.om.OzoneManager.getFileStatus(OzoneManager.java:3067) ~[ozone-manager-1.3.0-SNAPSHOT.jar:?]
	at org.apache.hadoop.ozone.protocolPB.OzoneManagerRequestHandler.getOzoneFileStatus(OzoneManagerRequestHandler.java:670) ~[ozone-manager-1.3.0-SNAPSHOT.jar:?]
	at org.apache.hadoop.ozone.protocolPB.OzoneManagerRequestHandler.handleReadRequest(OzoneManagerRequestHandler.java:201) ~[ozone-manager-1.3.0-SNAPSHOT.jar:?]
	at org.apache.hadoop.ozone.protocolPB.OzoneManagerProtocolServerSideTranslatorPB.submitRequestDirectlyToOM(OzoneManagerProtocolServerSideTranslatorPB.java:271) ~[ozone-manager-1.3.0-SNAPSHOT.jar:?]
	at org.apache.hadoop.ozone.protocolPB.OzoneManagerProtocolServerSideTranslatorPB.processRequest(OzoneManagerProtocolServerSideTranslatorPB.java:195) ~[ozone-manager-1.3.0-SNAPSHOT.jar:?]
	at org.apache.hadoop.hdds.server.OzoneProtocolMessageDispatcher.processRequest(OzoneProtocolMessageDispatcher.java:87) [hdds-server-framework-1.3.0-SNAPSHOT.jar:?]
	at org.apache.hadoop.ozone.protocolPB.OzoneManagerProtocolServerSideTranslatorPB.submitRequest(OzoneManagerProtocolServerSideTranslatorPB.java:146) [ozone-manager-1.3.0-SNAPSHOT.jar:?]
	at org.apache.hadoop.ozone.protocol.proto.OzoneManagerProtocolProtos$OzoneManagerService$2.callBlockingMethod(OzoneManagerProtocolProtos.java) [ozone-interface-client-1.3.0-SNAPSHOT.jar:?]
	at org.apache.hadoop.ipc.ProtobufRpcEngine$Server.processCall(ProtobufRpcEngine.java:466) [hadoop-common-3.3.1.jar:?]
	at org.apache.hadoop.ipc.ProtobufRpcEngine2$Server$ProtoBufRpcInvoker.call(ProtobufRpcEngine2.java:574) [hadoop-common-3.3.1.jar:?]
	at org.apache.hadoop.ipc.ProtobufRpcEngine2$Server$ProtoBufRpcInvoker.call(ProtobufRpcEngine2.java:552) [hadoop-common-3.3.1.jar:?]
	at org.apache.hadoop.ipc.RPC$Server.call(RPC.java:1093) [hadoop-common-3.3.1.jar:?]
	at org.apache.hadoop.ipc.Server$RpcCall.run(Server.java:1035) [hadoop-common-3.3.1.jar:?]
	at org.apache.hadoop.ipc.Server$RpcCall.run(Server.java:963) [hadoop-common-3.3.1.jar:?]
	at java.security.AccessController.doPrivileged(Native Method) ~[?:1.8.0_322]
	at javax.security.auth.Subject.doAs(Subject.java:422) [?:1.8.0_322]
	at org.apache.hadoop.security.UserGroupInformation.doAs(UserGroupInformation.java:1878) [hadoop-common-3.3.1.jar:?]
	at org.apache.hadoop.ipc.Server$Handler.run(Server.java:2966) [hadoop-common-3.3.1.jar:?]
03:15:10.595 [IPC Server handler 2 on default port 33297] ERROR OMAudit - user=runner | ip=127.0.0.1 | op=GET_FILE_STATUS {volume=b7d992d7-8b6f-4d03-80b8-c48c6b4e2484, bucket=49d482f7-40c1-411a-b3bc-bbc017e4db39, key=.Trash, dataSize=0, replicationConfig=null} | ret=FAILURE
org.apache.hadoop.ozone.om.exceptions.OMException: Unable to get file status: volume: b7d992d7-8b6f-4d03-80b8-c48c6b4e2484 bucket: 49d482f7-40c1-411a-b3bc-bbc017e4db39 key: .Trash
	at org.apache.hadoop.ozone.om.KeyManagerImpl.getOzoneFileStatus(KeyManagerImpl.java:1280) ~[ozone-manager-1.3.0-SNAPSHOT.jar:?]
	at org.apache.hadoop.ozone.om.KeyManagerImpl.getFileStatus(KeyManagerImpl.java:1210) ~[ozone-manager-1.3.0-SNAPSHOT.jar:?]
	at org.apache.hadoop.ozone.om.OzoneManager.getFileStatus(OzoneManager.java:3067) ~[ozone-manager-1.3.0-SNAPSHOT.jar:?]
	at org.apache.hadoop.ozone.protocolPB.OzoneManagerRequestHandler.getOzoneFileStatus(OzoneManagerRequestHandler.java:670) ~[ozone-manager-1.3.0-SNAPSHOT.jar:?]
	at org.apache.hadoop.ozone.protocolPB.OzoneManagerRequestHandler.handleReadRequest(OzoneManagerRequestHandler.java:201) ~[ozone-manager-1.3.0-SNAPSHOT.jar:?]
	at org.apache.hadoop.ozone.protocolPB.OzoneManagerProtocolServerSideTranslatorPB.submitRequestDirectlyToOM(OzoneManagerProtocolServerSideTranslatorPB.java:271) ~[ozone-manager-1.3.0-SNAPSHOT.jar:?]
	at org.apache.hadoop.ozone.protocolPB.OzoneManagerProtocolServerSideTranslatorPB.processRequest(OzoneManagerProtocolServerSideTranslatorPB.java:195) ~[ozone-manager-1.3.0-SNAPSHOT.jar:?]
	at org.apache.hadoop.hdds.server.OzoneProtocolMessageDispatcher.processRequest(OzoneProtocolMessageDispatcher.java:87) [hdds-server-framework-1.3.0-SNAPSHOT.jar:?]
	at org.apache.hadoop.ozone.protocolPB.OzoneManagerProtocolServerSideTranslatorPB.submitRequest(OzoneManagerProtocolServerSideTranslatorPB.java:146) [ozone-manager-1.3.0-SNAPSHOT.jar:?]
	at org.apache.hadoop.ozone.protocol.proto.OzoneManagerProtocolProtos$OzoneManagerService$2.callBlockingMethod(OzoneManagerProtocolProtos.java) [ozone-interface-client-1.3.0-SNAPSHOT.jar:?]
	at org.apache.hadoop.ipc.ProtobufRpcEngine$Server.processCall(ProtobufRpcEngine.java:466) [hadoop-common-3.3.1.jar:?]
	at org.apache.hadoop.ipc.ProtobufRpcEngine2$Server$ProtoBufRpcInvoker.call(ProtobufRpcEngine2.java:574) [hadoop-common-3.3.1.jar:?]
	at org.apache.hadoop.ipc.ProtobufRpcEngine2$Server$ProtoBufRpcInvoker.call(ProtobufRpcEngine2.java:552) [hadoop-common-3.3.1.jar:?]
	at org.apache.hadoop.ipc.RPC$Server.call(RPC.java:1093) [hadoop-common-3.3.1.jar:?]
	at org.apache.hadoop.ipc.Server$RpcCall.run(Server.java:1035) [hadoop-common-3.3.1.jar:?]
	at org.apache.hadoop.ipc.Server$RpcCall.run(Server.java:963) [hadoop-common-3.3.1.jar:?]
	at java.security.AccessController.doPrivileged(Native Method) ~[?:1.8.0_322]
	at javax.security.auth.Subject.doAs(Subject.java:422) [?:1.8.0_322]
	at org.apache.hadoop.security.UserGroupInformation.doAs(UserGroupInformation.java:1878) [hadoop-common-3.3.1.jar:?]
	at org.apache.hadoop.ipc.Server$Handler.run(Server.java:2966) [hadoop-common-3.3.1.jar:?]
2022-05-04 03:15:10,735 [Time-limited test] INFO  rpc.RpcClient (RpcClient.java:createVolume(448)) - Creating Volume: volume51102, with user19945 as owner and space quota set to -1 bytes, counts quota set to -1
2022-05-04 03:15:10,736 [IPC Server handler 10 on default port 33297] INFO  volume.OMVolumeCreateRequest (OMVolumeCreateRequest.java:validateAndUpdateCache(195)) - created volume:volume51102 for user:user19945
2022-05-04 03:15:10,737 [Time-limited test] INFO  rpc.RpcClient (RpcClient.java:createBucket(637)) - Creating Bucket: volume51102/bucket33260, with runner as owner and Versioning false and Storage Type set to DISK and Encryption set to false 
2022-05-04 03:15:10,738 [IPC Server handler 3 on default port 33297] INFO  bucket.OMBucketCreateRequest (OMBucketCreateRequest.java:validateAndUpdateCache(258)) - created bucket: bucket33260 of layout LEGACY in volume: volume51102
03:15:10.763 [IPC Server handler 9 on default port 33297] ERROR OMAudit - user=runner | ip=127.0.0.1 | op=GET_FILE_STATUS {volume=b7d992d7-8b6f-4d03-80b8-c48c6b4e2484, bucket=49d482f7-40c1-411a-b3bc-bbc017e4db39, key=.Trash, dataSize=0, replicationConfig=null} | ret=FAILURE
org.apache.hadoop.ozone.om.exceptions.OMException: Unable to get file status: volume: b7d992d7-8b6f-4d03-80b8-c48c6b4e2484 bucket: 49d482f7-40c1-411a-b3bc-bbc017e4db39 key: .Trash
	at org.apache.hadoop.ozone.om.KeyManagerImpl.getOzoneFileStatus(KeyManagerImpl.java:1280) ~[ozone-manager-1.3.0-SNAPSHOT.jar:?]
	at org.apache.hadoop.ozone.om.KeyManagerImpl.getFileStatus(KeyManagerImpl.java:1210) ~[ozone-manager-1.3.0-SNAPSHOT.jar:?]
	at org.apache.hadoop.ozone.om.OzoneManager.getFileStatus(OzoneManager.java:3067) ~[ozone-manager-1.3.0-SNAPSHOT.jar:?]
	at org.apache.hadoop.ozone.protocolPB.OzoneManagerRequestHandler.getOzoneFileStatus(OzoneManagerRequestHandler.java:670) ~[ozone-manager-1.3.0-SNAPSHOT.jar:?]
	at org.apache.hadoop.ozone.protocolPB.OzoneManagerRequestHandler.handleReadRequest(OzoneManagerRequestHandler.java:201) ~[ozone-manager-1.3.0-SNAPSHOT.jar:?]
	at org.apache.hadoop.ozone.protocolPB.OzoneManagerProtocolServerSideTranslatorPB.submitRequestDirectlyToOM(OzoneManagerProtocolServerSideTranslatorPB.java:271) ~[ozone-manager-1.3.0-SNAPSHOT.jar:?]
	at org.apache.hadoop.ozone.protocolPB.OzoneManagerProtocolServerSideTranslatorPB.processRequest(OzoneManagerProtocolServerSideTranslatorPB.java:195) ~[ozone-manager-1.3.0-SNAPSHOT.jar:?]
	at org.apache.hadoop.hdds.server.OzoneProtocolMessageDispatcher.processRequest(OzoneProtocolMessageDispatcher.java:87) [hdds-server-framework-1.3.0-SNAPSHOT.jar:?]
	at org.apache.hadoop.ozone.protocolPB.OzoneManagerProtocolServerSideTranslatorPB.submitRequest(OzoneManagerProtocolServerSideTranslatorPB.java:146) [ozone-manager-1.3.0-SNAPSHOT.jar:?]
	at org.apache.hadoop.ozone.protocol.proto.OzoneManagerProtocolProtos$OzoneManagerService$2.callBlockingMethod(OzoneManagerProtocolProtos.java) [ozone-interface-client-1.3.0-SNAPSHOT.jar:?]
	at org.apache.hadoop.ipc.ProtobufRpcEngine$Server.processCall(ProtobufRpcEngine.java:466) [hadoop-common-3.3.1.jar:?]
	at org.apache.hadoop.ipc.ProtobufRpcEngine2$Server$ProtoBufRpcInvoker.call(ProtobufRpcEngine2.java:574) [hadoop-common-3.3.1.jar:?]
	at org.apache.hadoop.ipc.ProtobufRpcEngine2$Server$ProtoBufRpcInvoker.call(ProtobufRpcEngine2.java:552) [hadoop-common-3.3.1.jar:?]
	at org.apache.hadoop.ipc.RPC$Server.call(RPC.java:1093) [hadoop-common-3.3.1.jar:?]
	at org.apache.hadoop.ipc.Server$RpcCall.run(Server.java:1035) [hadoop-common-3.3.1.jar:?]
	at org.apache.hadoop.ipc.Server$RpcCall.run(Server.java:963) [hadoop-common-3.3.1.jar:?]
	at java.security.AccessController.doPrivileged(Native Method) ~[?:1.8.0_322]
	at javax.security.auth.Subject.doAs(Subject.java:422) [?:1.8.0_322]
	at org.apache.hadoop.security.UserGroupInformation.doAs(UserGroupInformation.java:1878) [hadoop-common-3.3.1.jar:?]
	at org.apache.hadoop.ipc.Server$Handler.run(Server.java:2966) [hadoop-common-3.3.1.jar:?]
03:15:10.814 [IPC Server handler 8 on default port 33297] ERROR OMAudit - user=runner | ip=127.0.0.1 | op=GET_FILE_STATUS {volume=b7d992d7-8b6f-4d03-80b8-c48c6b4e2484, bucket=49d482f7-40c1-411a-b3bc-bbc017e4db39, key=.Trash, dataSize=0, replicationConfig=null} | ret=FAILURE
org.apache.hadoop.ozone.om.exceptions.OMException: Unable to get file status: volume: b7d992d7-8b6f-4d03-80b8-c48c6b4e2484 bucket: 49d482f7-40c1-411a-b3bc-bbc017e4db39 key: .Trash
	at org.apache.hadoop.ozone.om.KeyManagerImpl.getOzoneFileStatus(KeyManagerImpl.java:1280) ~[ozone-manager-1.3.0-SNAPSHOT.jar:?]
	at org.apache.hadoop.ozone.om.KeyManagerImpl.getFileStatus(KeyManagerImpl.java:1210) ~[ozone-manager-1.3.0-SNAPSHOT.jar:?]
	at org.apache.hadoop.ozone.om.OzoneManager.getFileStatus(OzoneManager.java:3067) ~[ozone-manager-1.3.0-SNAPSHOT.jar:?]
	at org.apache.hadoop.ozone.protocolPB.OzoneManagerRequestHandler.getOzoneFileStatus(OzoneManagerRequestHandler.java:670) ~[ozone-manager-1.3.0-SNAPSHOT.jar:?]
	at org.apache.hadoop.ozone.protocolPB.OzoneManagerRequestHandler.handleReadRequest(OzoneManagerRequestHandler.java:201) ~[ozone-manager-1.3.0-SNAPSHOT.jar:?]
	at org.apache.hadoop.ozone.protocolPB.OzoneManagerProtocolServerSideTranslatorPB.submitRequestDirectlyToOM(OzoneManagerProtocolServerSideTranslatorPB.java:271) ~[ozone-manager-1.3.0-SNAPSHOT.jar:?]
	at org.apache.hadoop.ozone.protocolPB.OzoneManagerProtocolServerSideTranslatorPB.processRequest(OzoneManagerProtocolServerSideTranslatorPB.java:195) ~[ozone-manager-1.3.0-SNAPSHOT.jar:?]
	at org.apache.hadoop.hdds.server.OzoneProtocolMessageDispatcher.processRequest(OzoneProtocolMessageDispatcher.java:87) [hdds-server-framework-1.3.0-SNAPSHOT.jar:?]
	at org.apache.hadoop.ozone.protocolPB.OzoneManagerProtocolServerSideTranslatorPB.submitRequest(OzoneManagerProtocolServerSideTranslatorPB.java:146) [ozone-manager-1.3.0-SNAPSHOT.jar:?]
	at org.apache.hadoop.ozone.protocol.proto.OzoneManagerProtocolProtos$OzoneManagerService$2.callBlockingMethod(OzoneManagerProtocolProtos.java) [ozone-interface-client-1.3.0-SNAPSHOT.jar:?]
	at org.apache.hadoop.ipc.ProtobufRpcEngine$Server.processCall(ProtobufRpcEngine.java:466) [hadoop-common-3.3.1.jar:?]
	at org.apache.hadoop.ipc.ProtobufRpcEngine2$Server$ProtoBufRpcInvoker.call(ProtobufRpcEngine2.java:574) [hadoop-common-3.3.1.jar:?]
	at org.apache.hadoop.ipc.ProtobufRpcEngine2$Server$ProtoBufRpcInvoker.call(ProtobufRpcEngine2.java:552) [hadoop-common-3.3.1.jar:?]
	at org.apache.hadoop.ipc.RPC$Server.call(RPC.java:1093) [hadoop-common-3.3.1.jar:?]
	at org.apache.hadoop.ipc.Server$RpcCall.run(Server.java:1035) [hadoop-common-3.3.1.jar:?]
	at org.apache.hadoop.ipc.Server$RpcCall.run(Server.java:963) [hadoop-common-3.3.1.jar:?]
	at java.security.AccessController.doPrivileged(Native Method) ~[?:1.8.0_322]
	at javax.security.auth.Subject.doAs(Subject.java:422) [?:1.8.0_322]
	at org.apache.hadoop.security.UserGroupInformation.doAs(UserGroupInformation.java:1878) [hadoop-common-3.3.1.jar:?]
	at org.apache.hadoop.ipc.Server$Handler.run(Server.java:2966) [hadoop-common-3.3.1.jar:?]
03:15:10.849 [IPC Server handler 2 on default port 33297] ERROR OMAudit - user=runner | ip=127.0.0.1 | op=GET_FILE_STATUS {volume=volume51102, bucket=bucket33260, key=.Trash/runner, dataSize=0, replicationConfig=null} | ret=FAILURE
org.apache.hadoop.ozone.om.exceptions.OMException: Unable to get file status: volume: volume51102 bucket: bucket33260 key: .Trash/runner
	at org.apache.hadoop.ozone.om.KeyManagerImpl.getOzoneFileStatus(KeyManagerImpl.java:1280) ~[ozone-manager-1.3.0-SNAPSHOT.jar:?]
	at org.apache.hadoop.ozone.om.KeyManagerImpl.getFileStatus(KeyManagerImpl.java:1210) ~[ozone-manager-1.3.0-SNAPSHOT.jar:?]
	at org.apache.hadoop.ozone.om.OzoneManager.getFileStatus(OzoneManager.java:3067) ~[ozone-manager-1.3.0-SNAPSHOT.jar:?]
	at org.apache.hadoop.ozone.protocolPB.OzoneManagerRequestHandler.getOzoneFileStatus(OzoneManagerRequestHandler.java:670) ~[ozone-manager-1.3.0-SNAPSHOT.jar:?]
	at org.apache.hadoop.ozone.protocolPB.OzoneManagerRequestHandler.handleReadRequest(OzoneManagerRequestHandler.java:201) ~[ozone-manager-1.3.0-SNAPSHOT.jar:?]
	at org.apache.hadoop.ozone.protocolPB.OzoneManagerProtocolServerSideTranslatorPB.submitRequestDirectlyToOM(OzoneManagerProtocolServerSideTranslatorPB.java:271) ~[ozone-manager-1.3.0-SNAPSHOT.jar:?]
	at org.apache.hadoop.ozone.protocolPB.OzoneManagerProtocolServerSideTranslatorPB.processRequest(OzoneManagerProtocolServerSideTranslatorPB.java:195) ~[ozone-manager-1.3.0-SNAPSHOT.jar:?]
	at org.apache.hadoop.hdds.server.OzoneProtocolMessageDispatcher.processRequest(OzoneProtocolMessageDispatcher.java:87) [hdds-server-framework-1.3.0-SNAPSHOT.jar:?]
	at org.apache.hadoop.ozone.protocolPB.OzoneManagerProtocolServerSideTranslatorPB.submitRequest(OzoneManagerProtocolServerSideTranslatorPB.java:146) [ozone-manager-1.3.0-SNAPSHOT.jar:?]
	at org.apache.hadoop.ozone.protocol.proto.OzoneManagerProtocolProtos$OzoneManagerService$2.callBlockingMethod(OzoneManagerProtocolProtos.java) [ozone-interface-client-1.3.0-SNAPSHOT.jar:?]
	at org.apache.hadoop.ipc.ProtobufRpcEngine$Server.processCall(ProtobufRpcEngine.java:466) [hadoop-common-3.3.1.jar:?]
	at org.apache.hadoop.ipc.ProtobufRpcEngine2$Server$ProtoBufRpcInvoker.call(ProtobufRpcEngine2.java:574) [hadoop-common-3.3.1.jar:?]
	at org.apache.hadoop.ipc.ProtobufRpcEngine2$Server$ProtoBufRpcInvoker.call(ProtobufRpcEngine2.java:552) [hadoop-common-3.3.1.jar:?]
	at org.apache.hadoop.ipc.RPC$Server.call(RPC.java:1093) [hadoop-common-3.3.1.jar:?]
	at org.apache.hadoop.ipc.Server$RpcCall.run(Server.java:1035) [hadoop-common-3.3.1.jar:?]
	at org.apache.hadoop.ipc.Server$RpcCall.run(Server.java:963) [hadoop-common-3.3.1.jar:?]
	at java.security.AccessController.doPrivileged(Native Method) ~[?:1.8.0_322]
	at javax.security.auth.Subject.doAs(Subject.java:422) [?:1.8.0_322]
	at org.apache.hadoop.security.UserGroupInformation.doAs(UserGroupInformation.java:1878) [hadoop-common-3.3.1.jar:?]
	at org.apache.hadoop.ipc.Server$Handler.run(Server.java:2966) [hadoop-common-3.3.1.jar:?]
03:15:10.873 [IPC Server handler 10 on default port 33297] ERROR OMAudit - user=runner | ip=127.0.0.1 | op=GET_FILE_STATUS {volume=b7d992d7-8b6f-4d03-80b8-c48c6b4e2484, bucket=49d482f7-40c1-411a-b3bc-bbc017e4db39, key=.Trash, dataSize=0, replicationConfig=null} | ret=FAILURE
org.apache.hadoop.ozone.om.exceptions.OMException: Unable to get file status: volume: b7d992d7-8b6f-4d03-80b8-c48c6b4e2484 bucket: 49d482f7-40c1-411a-b3bc-bbc017e4db39 key: .Trash
	at org.apache.hadoop.ozone.om.KeyManagerImpl.getOzoneFileStatus(KeyManagerImpl.java:1280) ~[ozone-manager-1.3.0-SNAPSHOT.jar:?]
	at org.apache.hadoop.ozone.om.KeyManagerImpl.getFileStatus(KeyManagerImpl.java:1210) ~[ozone-manager-1.3.0-SNAPSHOT.jar:?]
	at org.apache.hadoop.ozone.om.OzoneManager.getFileStatus(OzoneManager.java:3067) ~[ozone-manager-1.3.0-SNAPSHOT.jar:?]
	at org.apache.hadoop.ozone.protocolPB.OzoneManagerRequestHandler.getOzoneFileStatus(OzoneManagerRequestHandler.java:670) ~[ozone-manager-1.3.0-SNAPSHOT.jar:?]
	at org.apache.hadoop.ozone.protocolPB.OzoneManagerRequestHandler.handleReadRequest(OzoneManagerRequestHandler.java:201) ~[ozone-manager-1.3.0-SNAPSHOT.jar:?]
	at org.apache.hadoop.ozone.protocolPB.OzoneManagerProtocolServerSideTranslatorPB.submitRequestDirectlyToOM(OzoneManagerProtocolServerSideTranslatorPB.java:271) ~[ozone-manager-1.3.0-SNAPSHOT.jar:?]
	at org.apache.hadoop.ozone.protocolPB.OzoneManagerProtocolServerSideTranslatorPB.processRequest(OzoneManagerProtocolServerSideTranslatorPB.java:195) ~[ozone-manager-1.3.0-SNAPSHOT.jar:?]
	at org.apache.hadoop.hdds.server.OzoneProtocolMessageDispatcher.processRequest(OzoneProtocolMessageDispatcher.java:87) [hdds-server-framework-1.3.0-SNAPSHOT.jar:?]
	at org.apache.hadoop.ozone.protocolPB.OzoneManagerProtocolServerSideTranslatorPB.submitRequest(OzoneManagerProtocolServerSideTranslatorPB.java:146) [ozone-manager-1.3.0-SNAPSHOT.jar:?]
	at org.apache.hadoop.ozone.protocol.proto.OzoneManagerProtocolProtos$OzoneManagerService$2.callBlockingMethod(OzoneManagerProtocolProtos.java) [ozone-interface-client-1.3.0-SNAPSHOT.jar:?]
	at org.apache.hadoop.ipc.ProtobufRpcEngine$Server.processCall(ProtobufRpcEngine.java:466) [hadoop-common-3.3.1.jar:?]
	at org.apache.hadoop.ipc.ProtobufRpcEngine2$Server$ProtoBufRpcInvoker.call(ProtobufRpcEngine2.java:574) [hadoop-common-3.3.1.jar:?]
	at org.apache.hadoop.ipc.ProtobufRpcEngine2$Server$ProtoBufRpcInvoker.call(ProtobufRpcEngine2.java:552) [hadoop-common-3.3.1.jar:?]
	at org.apache.hadoop.ipc.RPC$Server.call(RPC.java:1093) [hadoop-common-3.3.1.jar:?]
	at org.apache.hadoop.ipc.Server$RpcCall.run(Server.java:1035) [hadoop-common-3.3.1.jar:?]
	at org.apache.hadoop.ipc.Server$RpcCall.run(Server.java:963) [hadoop-common-3.3.1.jar:?]
	at java.security.AccessController.doPrivileged(Native Method) ~[?:1.8.0_322]
	at javax.security.auth.Subject.doAs(Subject.java:422) [?:1.8.0_322]
	at org.apache.hadoop.security.UserGroupInformation.doAs(UserGroupInformation.java:1878) [hadoop-common-3.3.1.jar:?]
	at org.apache.hadoop.ipc.Server$Handler.run(Server.java:2966) [hadoop-common-3.3.1.jar:?]
03:15:10.890 [IPC Server handler 11 on default port 33297] ERROR OMAudit - user=runner | ip=127.0.0.1 | op=GET_FILE_STATUS {volume=volume51102, bucket=bucket33260, key=.Trash, dataSize=0, replicationConfig=null} | ret=FAILURE
org.apache.hadoop.ozone.om.exceptions.OMException: Unable to get file status: volume: volume51102 bucket: bucket33260 key: .Trash
	at org.apache.hadoop.ozone.om.KeyManagerImpl.getOzoneFileStatus(KeyManagerImpl.java:1280) ~[ozone-manager-1.3.0-SNAPSHOT.jar:?]
	at org.apache.hadoop.ozone.om.KeyManagerImpl.getFileStatus(KeyManagerImpl.java:1210) ~[ozone-manager-1.3.0-SNAPSHOT.jar:?]
	at org.apache.hadoop.ozone.om.OzoneManager.getFileStatus(OzoneManager.java:3067) ~[ozone-manager-1.3.0-SNAPSHOT.jar:?]
	at org.apache.hadoop.ozone.protocolPB.OzoneManagerRequestHandler.getOzoneFileStatus(OzoneManagerRequestHandler.java:670) ~[ozone-manager-1.3.0-SNAPSHOT.jar:?]
	at org.apache.hadoop.ozone.protocolPB.OzoneManagerRequestHandler.handleReadRequest(OzoneManagerRequestHandler.java:201) ~[ozone-manager-1.3.0-SNAPSHOT.jar:?]
	at org.apache.hadoop.ozone.protocolPB.OzoneManagerProtocolServerSideTranslatorPB.submitRequestDirectlyToOM(OzoneManagerProtocolServerSideTranslatorPB.java:271) ~[ozone-manager-1.3.0-SNAPSHOT.jar:?]
	at org.apache.hadoop.ozone.protocolPB.OzoneManagerProtocolServerSideTranslatorPB.processRequest(OzoneManagerProtocolServerSideTranslatorPB.java:195) ~[ozone-manager-1.3.0-SNAPSHOT.jar:?]
	at org.apache.hadoop.hdds.server.OzoneProtocolMessageDispatcher.processRequest(OzoneProtocolMessageDispatcher.java:87) [hdds-server-framework-1.3.0-SNAPSHOT.jar:?]
	at org.apache.hadoop.ozone.protocolPB.OzoneManagerProtocolServerSideTranslatorPB.submitRequest(OzoneManagerProtocolServerSideTranslatorPB.java:146) [ozone-manager-1.3.0-SNAPSHOT.jar:?]
	at org.apache.hadoop.ozone.protocol.proto.OzoneManagerProtocolProtos$OzoneManagerService$2.callBlockingMethod(OzoneManagerProtocolProtos.java) [ozone-interface-client-1.3.0-SNAPSHOT.jar:?]
	at org.apache.hadoop.ipc.ProtobufRpcEngine$Server.processCall(ProtobufRpcEngine.java:466) [hadoop-common-3.3.1.jar:?]
	at org.apache.hadoop.ipc.ProtobufRpcEngine2$Server$ProtoBufRpcInvoker.call(ProtobufRpcEngine2.java:574) [hadoop-common-3.3.1.jar:?]
	at org.apache.hadoop.ipc.ProtobufRpcEngine2$Server$ProtoBufRpcInvoker.call(ProtobufRpcEngine2.java:552) [hadoop-common-3.3.1.jar:?]
	at org.apache.hadoop.ipc.RPC$Server.call(RPC.java:1093) [hadoop-common-3.3.1.jar:?]
	at org.apache.hadoop.ipc.Server$RpcCall.run(Server.java:1035) [hadoop-common-3.3.1.jar:?]
	at org.apache.hadoop.ipc.Server$RpcCall.run(Server.java:963) [hadoop-common-3.3.1.jar:?]
	at java.security.AccessController.doPrivileged(Native Method) ~[?:1.8.0_322]
	at javax.security.auth.Subject.doAs(Subject.java:422) [?:1.8.0_322]
	at org.apache.hadoop.security.UserGroupInformation.doAs(UserGroupInformation.java:1878) [hadoop-common-3.3.1.jar:?]
	at org.apache.hadoop.ipc.Server$Handler.run(Server.java:2966) [hadoop-common-3.3.1.jar:?]
03:15:10.904 [IPC Server handler 2 on default port 33297] ERROR OMAudit - user=runner | ip=127.0.0.1 | op=GET_FILE_STATUS {volume=volume51102, bucket=bucket33260, key=.Trash/runner, dataSize=0, replicationConfig=null} | ret=FAILURE
org.apache.hadoop.ozone.om.exceptions.OMException: Unable to get file status: volume: volume51102 bucket: bucket33260 key: .Trash/runner
	at org.apache.hadoop.ozone.om.KeyManagerImpl.getOzoneFileStatus(KeyManagerImpl.java:1280) ~[ozone-manager-1.3.0-SNAPSHOT.jar:?]
	at org.apache.hadoop.ozone.om.KeyManagerImpl.getFileStatus(KeyManagerImpl.java:1210) ~[ozone-manager-1.3.0-SNAPSHOT.jar:?]
	at org.apache.hadoop.ozone.om.OzoneManager.getFileStatus(OzoneManager.java:3067) ~[ozone-manager-1.3.0-SNAPSHOT.jar:?]
	at org.apache.hadoop.ozone.protocolPB.OzoneManagerRequestHandler.getOzoneFileStatus(OzoneManagerRequestHandler.java:670) ~[ozone-manager-1.3.0-SNAPSHOT.jar:?]
	at org.apache.hadoop.ozone.protocolPB.OzoneManagerRequestHandler.handleReadRequest(OzoneManagerRequestHandler.java:201) ~[ozone-manager-1.3.0-SNAPSHOT.jar:?]
	at org.apache.hadoop.ozone.protocolPB.OzoneManagerProtocolServerSideTranslatorPB.submitRequestDirectlyToOM(OzoneManagerProtocolServerSideTranslatorPB.java:271) ~[ozone-manager-1.3.0-SNAPSHOT.jar:?]
	at org.apache.hadoop.ozone.protocolPB.OzoneManagerProtocolServerSideTranslatorPB.processRequest(OzoneManagerProtocolServerSideTranslatorPB.java:195) ~[ozone-manager-1.3.0-SNAPSHOT.jar:?]
	at org.apache.hadoop.hdds.server.OzoneProtocolMessageDispatcher.processRequest(OzoneProtocolMessageDispatcher.java:87) [hdds-server-framework-1.3.0-SNAPSHOT.jar:?]
	at org.apache.hadoop.ozone.protocolPB.OzoneManagerProtocolServerSideTranslatorPB.submitRequest(OzoneManagerProtocolServerSideTranslatorPB.java:146) [ozone-manager-1.3.0-SNAPSHOT.jar:?]
	at org.apache.hadoop.ozone.protocol.proto.OzoneManagerProtocolProtos$OzoneManagerService$2.callBlockingMethod(OzoneManagerProtocolProtos.java) [ozone-interface-client-1.3.0-SNAPSHOT.jar:?]
	at org.apache.hadoop.ipc.ProtobufRpcEngine$Server.processCall(ProtobufRpcEngine.java:466) [hadoop-common-3.3.1.jar:?]
	at org.apache.hadoop.ipc.ProtobufRpcEngine2$Server$ProtoBufRpcInvoker.call(ProtobufRpcEngine2.java:574) [hadoop-common-3.3.1.jar:?]
	at org.apache.hadoop.ipc.ProtobufRpcEngine2$Server$ProtoBufRpcInvoker.call(ProtobufRpcEngine2.java:552) [hadoop-common-3.3.1.jar:?]
	at org.apache.hadoop.ipc.RPC$Server.call(RPC.java:1093) [hadoop-common-3.3.1.jar:?]
	at org.apache.hadoop.ipc.Server$RpcCall.run(Server.java:1035) [hadoop-common-3.3.1.jar:?]
	at org.apache.hadoop.ipc.Server$RpcCall.run(Server.java:963) [hadoop-common-3.3.1.jar:?]
	at java.security.AccessController.doPrivileged(Native Method) ~[?:1.8.0_322]
	at javax.security.auth.Subject.doAs(Subject.java:422) [?:1.8.0_322]
	at org.apache.hadoop.security.UserGroupInformation.doAs(UserGroupInformation.java:1878) [hadoop-common-3.3.1.jar:?]
	at org.apache.hadoop.ipc.Server$Handler.run(Server.java:2966) [hadoop-common-3.3.1.jar:?]
03:15:10.912 [IPC Server handler 7 on default port 33297] ERROR OMAudit - user=runner | ip=127.0.0.1 | op=GET_FILE_STATUS {volume=volume07254, bucket=trashroottest2, key=.Trash/runner, dataSize=0, replicationConfig=null} | ret=FAILURE
org.apache.hadoop.ozone.om.exceptions.OMException: Unable to get file status: volume: volume07254 bucket: trashroottest2 key: .Trash/runner
	at org.apache.hadoop.ozone.om.KeyManagerImpl.getOzoneFileStatus(KeyManagerImpl.java:1280) ~[ozone-manager-1.3.0-SNAPSHOT.jar:?]
	at org.apache.hadoop.ozone.om.KeyManagerImpl.getFileStatus(KeyManagerImpl.java:1210) ~[ozone-manager-1.3.0-SNAPSHOT.jar:?]
	at org.apache.hadoop.ozone.om.OzoneManager.getFileStatus(OzoneManager.java:3067) ~[ozone-manager-1.3.0-SNAPSHOT.jar:?]
	at org.apache.hadoop.ozone.protocolPB.OzoneManagerRequestHandler.getOzoneFileStatus(OzoneManagerRequestHandler.java:670) ~[ozone-manager-1.3.0-SNAPSHOT.jar:?]
	at org.apache.hadoop.ozone.protocolPB.OzoneManagerRequestHandler.handleReadRequest(OzoneManagerRequestHandler.java:201) ~[ozone-manager-1.3.0-SNAPSHOT.jar:?]
	at org.apache.hadoop.ozone.protocolPB.OzoneManagerProtocolServerSideTranslatorPB.submitRequestDirectlyToOM(OzoneManagerProtocolServerSideTranslatorPB.java:271) ~[ozone-manager-1.3.0-SNAPSHOT.jar:?]
	at org.apache.hadoop.ozone.protocolPB.OzoneManagerProtocolServerSideTranslatorPB.processRequest(OzoneManagerProtocolServerSideTranslatorPB.java:195) ~[ozone-manager-1.3.0-SNAPSHOT.jar:?]
	at org.apache.hadoop.hdds.server.OzoneProtocolMessageDispatcher.processRequest(OzoneProtocolMessageDispatcher.java:87) [hdds-server-framework-1.3.0-SNAPSHOT.jar:?]
	at org.apache.hadoop.ozone.protocolPB.OzoneManagerProtocolServerSideTranslatorPB.submitRequest(OzoneManagerProtocolServerSideTranslatorPB.java:146) [ozone-manager-1.3.0-SNAPSHOT.jar:?]
	at org.apache.hadoop.ozone.protocol.proto.OzoneManagerProtocolProtos$OzoneManagerService$2.callBlockingMethod(OzoneManagerProtocolProtos.java) [ozone-interface-client-1.3.0-SNAPSHOT.jar:?]
	at org.apache.hadoop.ipc.ProtobufRpcEngine$Server.processCall(ProtobufRpcEngine.java:466) [hadoop-common-3.3.1.jar:?]
	at org.apache.hadoop.ipc.ProtobufRpcEngine2$Server$ProtoBufRpcInvoker.call(ProtobufRpcEngine2.java:574) [hadoop-common-3.3.1.jar:?]
	at org.apache.hadoop.ipc.ProtobufRpcEngine2$Server$ProtoBufRpcInvoker.call(ProtobufRpcEngine2.java:552) [hadoop-common-3.3.1.jar:?]
	at org.apache.hadoop.ipc.RPC$Server.call(RPC.java:1093) [hadoop-common-3.3.1.jar:?]
	at org.apache.hadoop.ipc.Server$RpcCall.run(Server.java:1035) [hadoop-common-3.3.1.jar:?]
	at org.apache.hadoop.ipc.Server$RpcCall.run(Server.java:963) [hadoop-common-3.3.1.jar:?]
	at java.security.AccessController.doPrivileged(Native Method) ~[?:1.8.0_322]
	at javax.security.auth.Subject.doAs(Subject.java:422) [?:1.8.0_322]
	at org.apache.hadoop.security.UserGroupInformation.doAs(UserGroupInformation.java:1878) [hadoop-common-3.3.1.jar:?]
	at org.apache.hadoop.ipc.Server$Handler.run(Server.java:2966) [hadoop-common-3.3.1.jar:?]
03:15:10.918 [IPC Server handler 9 on default port 33297] ERROR OMAudit - user=runner | ip=127.0.0.1 | op=GET_FILE_STATUS {volume=b7d992d7-8b6f-4d03-80b8-c48c6b4e2484, bucket=49d482f7-40c1-411a-b3bc-bbc017e4db39, key=.Trash, dataSize=0, replicationConfig=null} | ret=FAILURE
org.apache.hadoop.ozone.om.exceptions.OMException: Unable to get file status: volume: b7d992d7-8b6f-4d03-80b8-c48c6b4e2484 bucket: 49d482f7-40c1-411a-b3bc-bbc017e4db39 key: .Trash
	at org.apache.hadoop.ozone.om.KeyManagerImpl.getOzoneFileStatus(KeyManagerImpl.java:1280) ~[ozone-manager-1.3.0-SNAPSHOT.jar:?]
	at org.apache.hadoop.ozone.om.KeyManagerImpl.getFileStatus(KeyManagerImpl.java:1210) ~[ozone-manager-1.3.0-SNAPSHOT.jar:?]
	at org.apache.hadoop.ozone.om.OzoneManager.getFileStatus(OzoneManager.java:3067) ~[ozone-manager-1.3.0-SNAPSHOT.jar:?]
	at org.apache.hadoop.ozone.protocolPB.OzoneManagerRequestHandler.getOzoneFileStatus(OzoneManagerRequestHandler.java:670) ~[ozone-manager-1.3.0-SNAPSHOT.jar:?]
	at org.apache.hadoop.ozone.protocolPB.OzoneManagerRequestHandler.handleReadRequest(OzoneManagerRequestHandler.java:201) ~[ozone-manager-1.3.0-SNAPSHOT.jar:?]
	at org.apache.hadoop.ozone.protocolPB.OzoneManagerProtocolServerSideTranslatorPB.submitRequestDirectlyToOM(OzoneManagerProtocolServerSideTranslatorPB.java:271) ~[ozone-manager-1.3.0-SNAPSHOT.jar:?]
	at org.apache.hadoop.ozone.protocolPB.OzoneManagerProtocolServerSideTranslatorPB.processRequest(OzoneManagerProtocolServerSideTranslatorPB.java:195) ~[ozone-manager-1.3.0-SNAPSHOT.jar:?]
	at org.apache.hadoop.hdds.server.OzoneProtocolMessageDispatcher.processRequest(OzoneProtocolMessageDispatcher.java:87) [hdds-server-framework-1.3.0-SNAPSHOT.jar:?]
	at org.apache.hadoop.ozone.protocolPB.OzoneManagerProtocolServerSideTranslatorPB.submitRequest(OzoneManagerProtocolServerSideTranslatorPB.java:146) [ozone-manager-1.3.0-SNAPSHOT.jar:?]
	at org.apache.hadoop.ozone.protocol.proto.OzoneManagerProtocolProtos$OzoneManagerService$2.callBlockingMethod(OzoneManagerProtocolProtos.java) [ozone-interface-client-1.3.0-SNAPSHOT.jar:?]
	at org.apache.hadoop.ipc.ProtobufRpcEngine$Server.processCall(ProtobufRpcEngine.java:466) [hadoop-common-3.3.1.jar:?]
	at org.apache.hadoop.ipc.ProtobufRpcEngine2$Server$ProtoBufRpcInvoker.call(ProtobufRpcEngine2.java:574) [hadoop-common-3.3.1.jar:?]
	at org.apache.hadoop.ipc.ProtobufRpcEngine2$Server$ProtoBufRpcInvoker.call(ProtobufRpcEngine2.java:552) [hadoop-common-3.3.1.jar:?]
	at org.apache.hadoop.ipc.RPC$Server.call(RPC.java:1093) [hadoop-common-3.3.1.jar:?]
	at org.apache.hadoop.ipc.Server$RpcCall.run(Server.java:1035) [hadoop-common-3.3.1.jar:?]
	at org.apache.hadoop.ipc.Server$RpcCall.run(Server.java:963) [hadoop-common-3.3.1.jar:?]
	at java.security.AccessController.doPrivileged(Native Method) ~[?:1.8.0_322]
	at javax.security.auth.Subject.doAs(Subject.java:422) [?:1.8.0_322]
	at org.apache.hadoop.security.UserGroupInformation.doAs(UserGroupInformation.java:1878) [hadoop-common-3.3.1.jar:?]
	at org.apache.hadoop.ipc.Server$Handler.run(Server.java:2966) [hadoop-common-3.3.1.jar:?]
03:15:10.930 [IPC Server handler 4 on default port 33297] ERROR OMAudit - user=runner | ip=127.0.0.1 | op=GET_FILE_STATUS {volume=volume07254, bucket=trashroottest2, key=.Trash, dataSize=0, replicationConfig=null} | ret=FAILURE
org.apache.hadoop.ozone.om.exceptions.OMException: Unable to get file status: volume: volume07254 bucket: trashroottest2 key: .Trash
	at org.apache.hadoop.ozone.om.KeyManagerImpl.getOzoneFileStatus(KeyManagerImpl.java:1280) ~[ozone-manager-1.3.0-SNAPSHOT.jar:?]
	at org.apache.hadoop.ozone.om.KeyManagerImpl.getFileStatus(KeyManagerImpl.java:1210) ~[ozone-manager-1.3.0-SNAPSHOT.jar:?]
	at org.apache.hadoop.ozone.om.OzoneManager.getFileStatus(OzoneManager.java:3067) ~[ozone-manager-1.3.0-SNAPSHOT.jar:?]
	at org.apache.hadoop.ozone.protocolPB.OzoneManagerRequestHandler.getOzoneFileStatus(OzoneManagerRequestHandler.java:670) ~[ozone-manager-1.3.0-SNAPSHOT.jar:?]
	at org.apache.hadoop.ozone.protocolPB.OzoneManagerRequestHandler.handleReadRequest(OzoneManagerRequestHandler.java:201) ~[ozone-manager-1.3.0-SNAPSHOT.jar:?]
	at org.apache.hadoop.ozone.protocolPB.OzoneManagerProtocolServerSideTranslatorPB.submitRequestDirectlyToOM(OzoneManagerProtocolServerSideTranslatorPB.java:271) ~[ozone-manager-1.3.0-SNAPSHOT.jar:?]
	at org.apache.hadoop.ozone.protocolPB.OzoneManagerProtocolServerSideTranslatorPB.processRequest(OzoneManagerProtocolServerSideTranslatorPB.java:195) ~[ozone-manager-1.3.0-SNAPSHOT.jar:?]
	at org.apache.hadoop.hdds.server.OzoneProtocolMessageDispatcher.processRequest(OzoneProtocolMessageDispatcher.java:87) [hdds-server-framework-1.3.0-SNAPSHOT.jar:?]
	at org.apache.hadoop.ozone.protocolPB.OzoneManagerProtocolServerSideTranslatorPB.submitRequest(OzoneManagerProtocolServerSideTranslatorPB.java:146) [ozone-manager-1.3.0-SNAPSHOT.jar:?]
	at org.apache.hadoop.ozone.protocol.proto.OzoneManagerProtocolProtos$OzoneManagerService$2.callBlockingMethod(OzoneManagerProtocolProtos.java) [ozone-interface-client-1.3.0-SNAPSHOT.jar:?]
	at org.apache.hadoop.ipc.ProtobufRpcEngine$Server.processCall(ProtobufRpcEngine.java:466) [hadoop-common-3.3.1.jar:?]
	at org.apache.hadoop.ipc.ProtobufRpcEngine2$Server$ProtoBufRpcInvoker.call(ProtobufRpcEngine2.java:574) [hadoop-common-3.3.1.jar:?]
	at org.apache.hadoop.ipc.ProtobufRpcEngine2$Server$ProtoBufRpcInvoker.call(ProtobufRpcEngine2.java:552) [hadoop-common-3.3.1.jar:?]
	at org.apache.hadoop.ipc.RPC$Server.call(RPC.java:1093) [hadoop-common-3.3.1.jar:?]
	at org.apache.hadoop.ipc.Server$RpcCall.run(Server.java:1035) [hadoop-common-3.3.1.jar:?]
	at org.apache.hadoop.ipc.Server$RpcCall.run(Server.java:963) [hadoop-common-3.3.1.jar:?]
	at java.security.AccessController.doPrivileged(Native Method) ~[?:1.8.0_322]
	at javax.security.auth.Subject.doAs(Subject.java:422) [?:1.8.0_322]
	at org.apache.hadoop.security.UserGroupInformation.doAs(UserGroupInformation.java:1878) [hadoop-common-3.3.1.jar:?]
	at org.apache.hadoop.ipc.Server$Handler.run(Server.java:2966) [hadoop-common-3.3.1.jar:?]
03:15:10.932 [IPC Server handler 13 on default port 33297] ERROR OMAudit - user=runner | ip=127.0.0.1 | op=GET_FILE_STATUS {volume=volume51102, bucket=bucket33260, key=.Trash, dataSize=0, replicationConfig=null} | ret=FAILURE
org.apache.hadoop.ozone.om.exceptions.OMException: Unable to get file status: volume: volume51102 bucket: bucket33260 key: .Trash
	at org.apache.hadoop.ozone.om.KeyManagerImpl.getOzoneFileStatus(KeyManagerImpl.java:1280) ~[ozone-manager-1.3.0-SNAPSHOT.jar:?]
	at org.apache.hadoop.ozone.om.KeyManagerImpl.getFileStatus(KeyManagerImpl.java:1210) ~[ozone-manager-1.3.0-SNAPSHOT.jar:?]
	at org.apache.hadoop.ozone.om.OzoneManager.getFileStatus(OzoneManager.java:3067) ~[ozone-manager-1.3.0-SNAPSHOT.jar:?]
	at org.apache.hadoop.ozone.protocolPB.OzoneManagerRequestHandler.getOzoneFileStatus(OzoneManagerRequestHandler.java:670) ~[ozone-manager-1.3.0-SNAPSHOT.jar:?]
	at org.apache.hadoop.ozone.protocolPB.OzoneManagerRequestHandler.handleReadRequest(OzoneManagerRequestHandler.java:201) ~[ozone-manager-1.3.0-SNAPSHOT.jar:?]
	at org.apache.hadoop.ozone.protocolPB.OzoneManagerProtocolServerSideTranslatorPB.submitRequestDirectlyToOM(OzoneManagerProtocolServerSideTranslatorPB.java:271) ~[ozone-manager-1.3.0-SNAPSHOT.jar:?]
	at org.apache.hadoop.ozone.protocolPB.OzoneManagerProtocolServerSideTranslatorPB.processRequest(OzoneManagerProtocolServerSideTranslatorPB.java:195) ~[ozone-manager-1.3.0-SNAPSHOT.jar:?]
	at org.apache.hadoop.hdds.server.OzoneProtocolMessageDispatcher.processRequest(OzoneProtocolMessageDispatcher.java:87) [hdds-server-framework-1.3.0-SNAPSHOT.jar:?]
	at org.apache.hadoop.ozone.protocolPB.OzoneManagerProtocolServerSideTranslatorPB.submitRequest(OzoneManagerProtocolServerSideTranslatorPB.java:146) [ozone-manager-1.3.0-SNAPSHOT.jar:?]
	at org.apache.hadoop.ozone.protocol.proto.OzoneManagerProtocolProtos$OzoneManagerService$2.callBlockingMethod(OzoneManagerProtocolProtos.java) [ozone-interface-client-1.3.0-SNAPSHOT.jar:?]
	at org.apache.hadoop.ipc.ProtobufRpcEngine$Server.processCall(ProtobufRpcEngine.java:466) [hadoop-common-3.3.1.jar:?]
	at org.apache.hadoop.ipc.ProtobufRpcEngine2$Server$ProtoBufRpcInvoker.call(ProtobufRpcEngine2.java:574) [hadoop-common-3.3.1.jar:?]
	at org.apache.hadoop.ipc.ProtobufRpcEngine2$Server$ProtoBufRpcInvoker.call(ProtobufRpcEngine2.java:552) [hadoop-common-3.3.1.jar:?]
	at org.apache.hadoop.ipc.RPC$Server.call(RPC.java:1093) [hadoop-common-3.3.1.jar:?]
	at org.apache.hadoop.ipc.Server$RpcCall.run(Server.java:1035) [hadoop-common-3.3.1.jar:?]
	at org.apache.hadoop.ipc.Server$RpcCall.run(Server.java:963) [hadoop-common-3.3.1.jar:?]
	at java.security.AccessController.doPrivileged(Native Method) ~[?:1.8.0_322]
	at javax.security.auth.Subject.doAs(Subject.java:422) [?:1.8.0_322]
	at org.apache.hadoop.security.UserGroupInformation.doAs(UserGroupInformation.java:1878) [hadoop-common-3.3.1.jar:?]
	at org.apache.hadoop.ipc.Server$Handler.run(Server.java:2966) [hadoop-common-3.3.1.jar:?]
03:15:10.941 [IPC Server handler 5 on default port 33297] ERROR OMAudit - user=runner | ip=127.0.0.1 | op=GET_FILE_STATUS {volume=volume51102, bucket=bucket33260, key=.Trash/runner, dataSize=0, replicationConfig=null} | ret=FAILURE
org.apache.hadoop.ozone.om.exceptions.OMException: Unable to get file status: volume: volume51102 bucket: bucket33260 key: .Trash/runner
	at org.apache.hadoop.ozone.om.KeyManagerImpl.getOzoneFileStatus(KeyManagerImpl.java:1280) ~[ozone-manager-1.3.0-SNAPSHOT.jar:?]
	at org.apache.hadoop.ozone.om.KeyManagerImpl.getFileStatus(KeyManagerImpl.java:1210) ~[ozone-manager-1.3.0-SNAPSHOT.jar:?]
	at org.apache.hadoop.ozone.om.OzoneManager.getFileStatus(OzoneManager.java:3067) ~[ozone-manager-1.3.0-SNAPSHOT.jar:?]
	at org.apache.hadoop.ozone.protocolPB.OzoneManagerRequestHandler.getOzoneFileStatus(OzoneManagerRequestHandler.java:670) ~[ozone-manager-1.3.0-SNAPSHOT.jar:?]
	at org.apache.hadoop.ozone.protocolPB.OzoneManagerRequestHandler.handleReadRequest(OzoneManagerRequestHandler.java:201) ~[ozone-manager-1.3.0-SNAPSHOT.jar:?]
	at org.apache.hadoop.ozone.protocolPB.OzoneManagerProtocolServerSideTranslatorPB.submitRequestDirectlyToOM(OzoneManagerProtocolServerSideTranslatorPB.java:271) ~[ozone-manager-1.3.0-SNAPSHOT.jar:?]
	at org.apache.hadoop.ozone.protocolPB.OzoneManagerProtocolServerSideTranslatorPB.processRequest(OzoneManagerProtocolServerSideTranslatorPB.java:195) ~[ozone-manager-1.3.0-SNAPSHOT.jar:?]
	at org.apache.hadoop.hdds.server.OzoneProtocolMessageDispatcher.processRequest(OzoneProtocolMessageDispatcher.java:87) [hdds-server-framework-1.3.0-SNAPSHOT.jar:?]
	at org.apache.hadoop.ozone.protocolPB.OzoneManagerProtocolServerSideTranslatorPB.submitRequest(OzoneManagerProtocolServerSideTranslatorPB.java:146) [ozone-manager-1.3.0-SNAPSHOT.jar:?]
	at org.apache.hadoop.ozone.protocol.proto.OzoneManagerProtocolProtos$OzoneManagerService$2.callBlockingMethod(OzoneManagerProtocolProtos.java) [ozone-interface-client-1.3.0-SNAPSHOT.jar:?]
	at org.apache.hadoop.ipc.ProtobufRpcEngine$Server.processCall(ProtobufRpcEngine.java:466) [hadoop-common-3.3.1.jar:?]
	at org.apache.hadoop.ipc.ProtobufRpcEngine2$Server$ProtoBufRpcInvoker.call(ProtobufRpcEngine2.java:574) [hadoop-common-3.3.1.jar:?]
	at org.apache.hadoop.ipc.ProtobufRpcEngine2$Server$ProtoBufRpcInvoker.call(ProtobufRpcEngine2.java:552) [hadoop-common-3.3.1.jar:?]
	at org.apache.hadoop.ipc.RPC$Server.call(RPC.java:1093) [hadoop-common-3.3.1.jar:?]
	at org.apache.hadoop.ipc.Server$RpcCall.run(Server.java:1035) [hadoop-common-3.3.1.jar:?]
	at org.apache.hadoop.ipc.Server$RpcCall.run(Server.java:963) [hadoop-common-3.3.1.jar:?]
	at java.security.AccessController.doPrivileged(Native Method) ~[?:1.8.0_322]
	at javax.security.auth.Subject.doAs(Subject.java:422) [?:1.8.0_322]
	at org.apache.hadoop.security.UserGroupInformation.doAs(UserGroupInformation.java:1878) [hadoop-common-3.3.1.jar:?]
	at org.apache.hadoop.ipc.Server$Handler.run(Server.java:2966) [hadoop-common-3.3.1.jar:?]
03:15:10.962 [IPC Server handler 3 on default port 33297] ERROR OMAudit - user=runner | ip=127.0.0.1 | op=GET_FILE_STATUS {volume=volume07254, bucket=trashroottest2, key=.Trash/runner, dataSize=0, replicationConfig=null} | ret=FAILURE
org.apache.hadoop.ozone.om.exceptions.OMException: Unable to get file status: volume: volume07254 bucket: trashroottest2 key: .Trash/runner
	at org.apache.hadoop.ozone.om.KeyManagerImpl.getOzoneFileStatus(KeyManagerImpl.java:1280) ~[ozone-manager-1.3.0-SNAPSHOT.jar:?]
	at org.apache.hadoop.ozone.om.KeyManagerImpl.getFileStatus(KeyManagerImpl.java:1210) ~[ozone-manager-1.3.0-SNAPSHOT.jar:?]
	at org.apache.hadoop.ozone.om.OzoneManager.getFileStatus(OzoneManager.java:3067) ~[ozone-manager-1.3.0-SNAPSHOT.jar:?]
	at org.apache.hadoop.ozone.protocolPB.OzoneManagerRequestHandler.getOzoneFileStatus(OzoneManagerRequestHandler.java:670) ~[ozone-manager-1.3.0-SNAPSHOT.jar:?]
	at org.apache.hadoop.ozone.protocolPB.OzoneManagerRequestHandler.handleReadRequest(OzoneManagerRequestHandler.java:201) ~[ozone-manager-1.3.0-SNAPSHOT.jar:?]
	at org.apache.hadoop.ozone.protocolPB.OzoneManagerProtocolServerSideTranslatorPB.submitRequestDirectlyToOM(OzoneManagerProtocolServerSideTranslatorPB.java:271) ~[ozone-manager-1.3.0-SNAPSHOT.jar:?]
	at org.apache.hadoop.ozone.protocolPB.OzoneManagerProtocolServerSideTranslatorPB.processRequest(OzoneManagerProtocolServerSideTranslatorPB.java:195) ~[ozone-manager-1.3.0-SNAPSHOT.jar:?]
	at org.apache.hadoop.hdds.server.OzoneProtocolMessageDispatcher.processRequest(OzoneProtocolMessageDispatcher.java:87) [hdds-server-framework-1.3.0-SNAPSHOT.jar:?]
	at org.apache.hadoop.ozone.protocolPB.OzoneManagerProtocolServerSideTranslatorPB.submitRequest(OzoneManagerProtocolServerSideTranslatorPB.java:146) [ozone-manager-1.3.0-SNAPSHOT.jar:?]
	at org.apache.hadoop.ozone.protocol.proto.OzoneManagerProtocolProtos$OzoneManagerService$2.callBlockingMethod(OzoneManagerProtocolProtos.java) [ozone-interface-client-1.3.0-SNAPSHOT.jar:?]
	at org.apache.hadoop.ipc.ProtobufRpcEngine$Server.processCall(ProtobufRpcEngine.java:466) [hadoop-common-3.3.1.jar:?]
	at org.apache.hadoop.ipc.ProtobufRpcEngine2$Server$ProtoBufRpcInvoker.call(ProtobufRpcEngine2.java:574) [hadoop-common-3.3.1.jar:?]
	at org.apache.hadoop.ipc.ProtobufRpcEngine2$Server$ProtoBufRpcInvoker.call(ProtobufRpcEngine2.java:552) [hadoop-common-3.3.1.jar:?]
	at org.apache.hadoop.ipc.RPC$Server.call(RPC.java:1093) [hadoop-common-3.3.1.jar:?]
	at org.apache.hadoop.ipc.Server$RpcCall.run(Server.java:1035) [hadoop-common-3.3.1.jar:?]
	at org.apache.hadoop.ipc.Server$RpcCall.run(Server.java:963) [hadoop-common-3.3.1.jar:?]
	at java.security.AccessController.doPrivileged(Native Method) ~[?:1.8.0_322]
	at javax.security.auth.Subject.doAs(Subject.java:422) [?:1.8.0_322]
	at org.apache.hadoop.security.UserGroupInformation.doAs(UserGroupInformation.java:1878) [hadoop-common-3.3.1.jar:?]
	at org.apache.hadoop.ipc.Server$Handler.run(Server.java:2966) [hadoop-common-3.3.1.jar:?]
03:15:10.971 [IPC Server handler 17 on default port 33297] ERROR OMAudit - user=runner | ip=127.0.0.1 | op=GET_FILE_STATUS {volume=b7d992d7-8b6f-4d03-80b8-c48c6b4e2484, bucket=49d482f7-40c1-411a-b3bc-bbc017e4db39, key=.Trash, dataSize=0, replicationConfig=null} | ret=FAILURE
org.apache.hadoop.ozone.om.exceptions.OMException: Unable to get file status: volume: b7d992d7-8b6f-4d03-80b8-c48c6b4e2484 bucket: 49d482f7-40c1-411a-b3bc-bbc017e4db39 key: .Trash
	at org.apache.hadoop.ozone.om.KeyManagerImpl.getOzoneFileStatus(KeyManagerImpl.java:1280) ~[ozone-manager-1.3.0-SNAPSHOT.jar:?]
	at org.apache.hadoop.ozone.om.KeyManagerImpl.getFileStatus(KeyManagerImpl.java:1210) ~[ozone-manager-1.3.0-SNAPSHOT.jar:?]
	at org.apache.hadoop.ozone.om.OzoneManager.getFileStatus(OzoneManager.java:3067) ~[ozone-manager-1.3.0-SNAPSHOT.jar:?]
	at org.apache.hadoop.ozone.protocolPB.OzoneManagerRequestHandler.getOzoneFileStatus(OzoneManagerRequestHandler.java:670) ~[ozone-manager-1.3.0-SNAPSHOT.jar:?]
	at org.apache.hadoop.ozone.protocolPB.OzoneManagerRequestHandler.handleReadRequest(OzoneManagerRequestHandler.java:201) ~[ozone-manager-1.3.0-SNAPSHOT.jar:?]
	at org.apache.hadoop.ozone.protocolPB.OzoneManagerProtocolServerSideTranslatorPB.submitRequestDirectlyToOM(OzoneManagerProtocolServerSideTranslatorPB.java:271) ~[ozone-manager-1.3.0-SNAPSHOT.jar:?]
	at org.apache.hadoop.ozone.protocolPB.OzoneManagerProtocolServerSideTranslatorPB.processRequest(OzoneManagerProtocolServerSideTranslatorPB.java:195) ~[ozone-manager-1.3.0-SNAPSHOT.jar:?]
	at org.apache.hadoop.hdds.server.OzoneProtocolMessageDispatcher.processRequest(OzoneProtocolMessageDispatcher.java:87) [hdds-server-framework-1.3.0-SNAPSHOT.jar:?]
	at org.apache.hadoop.ozone.protocolPB.OzoneManagerProtocolServerSideTranslatorPB.submitRequest(OzoneManagerProtocolServerSideTranslatorPB.java:146) [ozone-manager-1.3.0-SNAPSHOT.jar:?]
	at org.apache.hadoop.ozone.protocol.proto.OzoneManagerProtocolProtos$OzoneManagerService$2.callBlockingMethod(OzoneManagerProtocolProtos.java) [ozone-interface-client-1.3.0-SNAPSHOT.jar:?]
	at org.apache.hadoop.ipc.ProtobufRpcEngine$Server.processCall(ProtobufRpcEngine.java:466) [hadoop-common-3.3.1.jar:?]
	at org.apache.hadoop.ipc.ProtobufRpcEngine2$Server$ProtoBufRpcInvoker.call(ProtobufRpcEngine2.java:574) [hadoop-common-3.3.1.jar:?]
	at org.apache.hadoop.ipc.ProtobufRpcEngine2$Server$ProtoBufRpcInvoker.call(ProtobufRpcEngine2.java:552) [hadoop-common-3.3.1.jar:?]
	at org.apache.hadoop.ipc.RPC$Server.call(RPC.java:1093) [hadoop-common-3.3.1.jar:?]
	at org.apache.hadoop.ipc.Server$RpcCall.run(Server.java:1035) [hadoop-common-3.3.1.jar:?]
	at org.apache.hadoop.ipc.Server$RpcCall.run(Server.java:963) [hadoop-common-3.3.1.jar:?]
	at java.security.AccessController.doPrivileged(Native Method) ~[?:1.8.0_322]
	at javax.security.auth.Subject.doAs(Subject.java:422) [?:1.8.0_322]
	at org.apache.hadoop.security.UserGroupInformation.doAs(UserGroupInformation.java:1878) [hadoop-common-3.3.1.jar:?]
	at org.apache.hadoop.ipc.Server$Handler.run(Server.java:2966) [hadoop-common-3.3.1.jar:?]
03:15:10.978 [IPC Server handler 2 on default port 33297] ERROR OMAudit - user=runner | ip=127.0.0.1 | op=GET_FILE_STATUS {volume=volume07254, bucket=trashroottest2, key=.Trash, dataSize=0, replicationConfig=null} | ret=FAILURE
org.apache.hadoop.ozone.om.exceptions.OMException: Unable to get file status: volume: volume07254 bucket: trashroottest2 key: .Trash
	at org.apache.hadoop.ozone.om.KeyManagerImpl.getOzoneFileStatus(KeyManagerImpl.java:1280) ~[ozone-manager-1.3.0-SNAPSHOT.jar:?]
	at org.apache.hadoop.ozone.om.KeyManagerImpl.getFileStatus(KeyManagerImpl.java:1210) ~[ozone-manager-1.3.0-SNAPSHOT.jar:?]
	at org.apache.hadoop.ozone.om.OzoneManager.getFileStatus(OzoneManager.java:3067) ~[ozone-manager-1.3.0-SNAPSHOT.jar:?]
	at org.apache.hadoop.ozone.protocolPB.OzoneManagerRequestHandler.getOzoneFileStatus(OzoneManagerRequestHandler.java:670) ~[ozone-manager-1.3.0-SNAPSHOT.jar:?]
	at org.apache.hadoop.ozone.protocolPB.OzoneManagerRequestHandler.handleReadRequest(OzoneManagerRequestHandler.java:201) ~[ozone-manager-1.3.0-SNAPSHOT.jar:?]
	at org.apache.hadoop.ozone.protocolPB.OzoneManagerProtocolServerSideTranslatorPB.submitRequestDirectlyToOM(OzoneManagerProtocolServerSideTranslatorPB.java:271) ~[ozone-manager-1.3.0-SNAPSHOT.jar:?]
	at org.apache.hadoop.ozone.protocolPB.OzoneManagerProtocolServerSideTranslatorPB.processRequest(OzoneManagerProtocolServerSideTranslatorPB.java:195) ~[ozone-manager-1.3.0-SNAPSHOT.jar:?]
	at org.apache.hadoop.hdds.server.OzoneProtocolMessageDispatcher.processRequest(OzoneProtocolMessageDispatcher.java:87) [hdds-server-framework-1.3.0-SNAPSHOT.jar:?]
	at org.apache.hadoop.ozone.protocolPB.OzoneManagerProtocolServerSideTranslatorPB.submitRequest(OzoneManagerProtocolServerSideTranslatorPB.java:146) [ozone-manager-1.3.0-SNAPSHOT.jar:?]
	at org.apache.hadoop.ozone.protocol.proto.OzoneManagerProtocolProtos$OzoneManagerService$2.callBlockingMethod(OzoneManagerProtocolProtos.java) [ozone-interface-client-1.3.0-SNAPSHOT.jar:?]
	at org.apache.hadoop.ipc.ProtobufRpcEngine$Server.processCall(ProtobufRpcEngine.java:466) [hadoop-common-3.3.1.jar:?]
	at org.apache.hadoop.ipc.ProtobufRpcEngine2$Server$ProtoBufRpcInvoker.call(ProtobufRpcEngine2.java:574) [hadoop-common-3.3.1.jar:?]
	at org.apache.hadoop.ipc.ProtobufRpcEngine2$Server$ProtoBufRpcInvoker.call(ProtobufRpcEngine2.java:552) [hadoop-common-3.3.1.jar:?]
	at org.apache.hadoop.ipc.RPC$Server.call(RPC.java:1093) [hadoop-common-3.3.1.jar:?]
	at org.apache.hadoop.ipc.Server$RpcCall.run(Server.java:1035) [hadoop-common-3.3.1.jar:?]
	at org.apache.hadoop.ipc.Server$RpcCall.run(Server.java:963) [hadoop-common-3.3.1.jar:?]
	at java.security.AccessController.doPrivileged(Native Method) ~[?:1.8.0_322]
	at javax.security.auth.Subject.doAs(Subject.java:422) [?:1.8.0_322]
	at org.apache.hadoop.security.UserGroupInformation.doAs(UserGroupInformation.java:1878) [hadoop-common-3.3.1.jar:?]
	at org.apache.hadoop.ipc.Server$Handler.run(Server.java:2966) [hadoop-common-3.3.1.jar:?]
03:15:10.980 [IPC Server handler 18 on default port 33297] ERROR OMAudit - user=runner | ip=127.0.0.1 | op=GET_FILE_STATUS {volume=volume51102, bucket=bucket33260, key=.Trash, dataSize=0, replicationConfig=null} | ret=FAILURE
org.apache.hadoop.ozone.om.exceptions.OMException: Unable to get file status: volume: volume51102 bucket: bucket33260 key: .Trash
	at org.apache.hadoop.ozone.om.KeyManagerImpl.getOzoneFileStatus(KeyManagerImpl.java:1280) ~[ozone-manager-1.3.0-SNAPSHOT.jar:?]
	at org.apache.hadoop.ozone.om.KeyManagerImpl.getFileStatus(KeyManagerImpl.java:1210) ~[ozone-manager-1.3.0-SNAPSHOT.jar:?]
	at org.apache.hadoop.ozone.om.OzoneManager.getFileStatus(OzoneManager.java:3067) ~[ozone-manager-1.3.0-SNAPSHOT.jar:?]
	at org.apache.hadoop.ozone.protocolPB.OzoneManagerRequestHandler.getOzoneFileStatus(OzoneManagerRequestHandler.java:670) ~[ozone-manager-1.3.0-SNAPSHOT.jar:?]
	at org.apache.hadoop.ozone.protocolPB.OzoneManagerRequestHandler.handleReadRequest(OzoneManagerRequestHandler.java:201) ~[ozone-manager-1.3.0-SNAPSHOT.jar:?]
	at org.apache.hadoop.ozone.protocolPB.OzoneManagerProtocolServerSideTranslatorPB.submitRequestDirectlyToOM(OzoneManagerProtocolServerSideTranslatorPB.java:271) ~[ozone-manager-1.3.0-SNAPSHOT.jar:?]
	at org.apache.hadoop.ozone.protocolPB.OzoneManagerProtocolServerSideTranslatorPB.processRequest(OzoneManagerProtocolServerSideTranslatorPB.java:195) ~[ozone-manager-1.3.0-SNAPSHOT.jar:?]
	at org.apache.hadoop.hdds.server.OzoneProtocolMessageDispatcher.processRequest(OzoneProtocolMessageDispatcher.java:87) [hdds-server-framework-1.3.0-SNAPSHOT.jar:?]
	at org.apache.hadoop.ozone.protocolPB.OzoneManagerProtocolServerSideTranslatorPB.submitRequest(OzoneManagerProtocolServerSideTranslatorPB.java:146) [ozone-manager-1.3.0-SNAPSHOT.jar:?]
	at org.apache.hadoop.ozone.protocol.proto.OzoneManagerProtocolProtos$OzoneManagerService$2.callBlockingMethod(OzoneManagerProtocolProtos.java) [ozone-interface-client-1.3.0-SNAPSHOT.jar:?]
	at org.apache.hadoop.ipc.ProtobufRpcEngine$Server.processCall(ProtobufRpcEngine.java:466) [hadoop-common-3.3.1.jar:?]
	at org.apache.hadoop.ipc.ProtobufRpcEngine2$Server$ProtoBufRpcInvoker.call(ProtobufRpcEngine2.java:574) [hadoop-common-3.3.1.jar:?]
	at org.apache.hadoop.ipc.ProtobufRpcEngine2$Server$ProtoBufRpcInvoker.call(ProtobufRpcEngine2.java:552) [hadoop-common-3.3.1.jar:?]
	at org.apache.hadoop.ipc.RPC$Server.call(RPC.java:1093) [hadoop-common-3.3.1.jar:?]
	at org.apache.hadoop.ipc.Server$RpcCall.run(Server.java:1035) [hadoop-common-3.3.1.jar:?]
	at org.apache.hadoop.ipc.Server$RpcCall.run(Server.java:963) [hadoop-common-3.3.1.jar:?]
	at java.security.AccessController.doPrivileged(Native Method) ~[?:1.8.0_322]
	at javax.security.auth.Subject.doAs(Subject.java:422) [?:1.8.0_322]
	at org.apache.hadoop.security.UserGroupInformation.doAs(UserGroupInformation.java:1878) [hadoop-common-3.3.1.jar:?]
	at org.apache.hadoop.ipc.Server$Handler.run(Server.java:2966) [hadoop-common-3.3.1.jar:?]
03:15:10.997 [IPC Server handler 19 on default port 33297] ERROR OMAudit - user=runner | ip=127.0.0.1 | op=GET_FILE_STATUS {volume=volume07254, bucket=bucket29926, key=.Trash/runner, dataSize=0, replicationConfig=null} | ret=FAILURE
org.apache.hadoop.ozone.om.exceptions.OMException: Unable to get file status: volume: volume07254 bucket: bucket29926 key: .Trash/runner
	at org.apache.hadoop.ozone.om.KeyManagerImpl.getOzoneFileStatus(KeyManagerImpl.java:1280) ~[ozone-manager-1.3.0-SNAPSHOT.jar:?]
	at org.apache.hadoop.ozone.om.KeyManagerImpl.getFileStatus(KeyManagerImpl.java:1210) ~[ozone-manager-1.3.0-SNAPSHOT.jar:?]
	at org.apache.hadoop.ozone.om.OzoneManager.getFileStatus(OzoneManager.java:3067) ~[ozone-manager-1.3.0-SNAPSHOT.jar:?]
	at org.apache.hadoop.ozone.protocolPB.OzoneManagerRequestHandler.getOzoneFileStatus(OzoneManagerRequestHandler.java:670) ~[ozone-manager-1.3.0-SNAPSHOT.jar:?]
	at org.apache.hadoop.ozone.protocolPB.OzoneManagerRequestHandler.handleReadRequest(OzoneManagerRequestHandler.java:201) ~[ozone-manager-1.3.0-SNAPSHOT.jar:?]
	at org.apache.hadoop.ozone.protocolPB.OzoneManagerProtocolServerSideTranslatorPB.submitRequestDirectlyToOM(OzoneManagerProtocolServerSideTranslatorPB.java:271) ~[ozone-manager-1.3.0-SNAPSHOT.jar:?]
	at org.apache.hadoop.ozone.protocolPB.OzoneManagerProtocolServerSideTranslatorPB.processRequest(OzoneManagerProtocolServerSideTranslatorPB.java:195) ~[ozone-manager-1.3.0-SNAPSHOT.jar:?]
	at org.apache.hadoop.hdds.server.OzoneProtocolMessageDispatcher.processRequest(OzoneProtocolMessageDispatcher.java:87) [hdds-server-framework-1.3.0-SNAPSHOT.jar:?]
	at org.apache.hadoop.ozone.protocolPB.OzoneManagerProtocolServerSideTranslatorPB.submitRequest(OzoneManagerProtocolServerSideTranslatorPB.java:146) [ozone-manager-1.3.0-SNAPSHOT.jar:?]
	at org.apache.hadoop.ozone.protocol.proto.OzoneManagerProtocolProtos$OzoneManagerService$2.callBlockingMethod(OzoneManagerProtocolProtos.java) [ozone-interface-client-1.3.0-SNAPSHOT.jar:?]
	at org.apache.hadoop.ipc.ProtobufRpcEngine$Server.processCall(ProtobufRpcEngine.java:466) [hadoop-common-3.3.1.jar:?]
	at org.apache.hadoop.ipc.ProtobufRpcEngine2$Server$ProtoBufRpcInvoker.call(ProtobufRpcEngine2.java:574) [hadoop-common-3.3.1.jar:?]
	at org.apache.hadoop.ipc.ProtobufRpcEngine2$Server$ProtoBufRpcInvoker.call(ProtobufRpcEngine2.java:552) [hadoop-common-3.3.1.jar:?]
	at org.apache.hadoop.ipc.RPC$Server.call(RPC.java:1093) [hadoop-common-3.3.1.jar:?]
	at org.apache.hadoop.ipc.Server$RpcCall.run(Server.java:1035) [hadoop-common-3.3.1.jar:?]
	at org.apache.hadoop.ipc.Server$RpcCall.run(Server.java:963) [hadoop-common-3.3.1.jar:?]
	at java.security.AccessController.doPrivileged(Native Method) ~[?:1.8.0_322]
	at javax.security.auth.Subject.doAs(Subject.java:422) [?:1.8.0_322]
	at org.apache.hadoop.security.UserGroupInformation.doAs(UserGroupInformation.java:1878) [hadoop-common-3.3.1.jar:?]
	at org.apache.hadoop.ipc.Server$Handler.run(Server.java:2966) [hadoop-common-3.3.1.jar:?]
03:15:10.999 [IPC Server handler 5 on default port 33297] ERROR OMAudit - user=runner | ip=127.0.0.1 | op=GET_FILE_STATUS {volume=b7d992d7-8b6f-4d03-80b8-c48c6b4e2484, bucket=49d482f7-40c1-411a-b3bc-bbc017e4db39, key=.Trash, dataSize=0, replicationConfig=null} | ret=FAILURE
org.apache.hadoop.ozone.om.exceptions.OMException: Unable to get file status: volume: b7d992d7-8b6f-4d03-80b8-c48c6b4e2484 bucket: 49d482f7-40c1-411a-b3bc-bbc017e4db39 key: .Trash
	at org.apache.hadoop.ozone.om.KeyManagerImpl.getOzoneFileStatus(KeyManagerImpl.java:1280) ~[ozone-manager-1.3.0-SNAPSHOT.jar:?]
	at org.apache.hadoop.ozone.om.KeyManagerImpl.getFileStatus(KeyManagerImpl.java:1210) ~[ozone-manager-1.3.0-SNAPSHOT.jar:?]
	at org.apache.hadoop.ozone.om.OzoneManager.getFileStatus(OzoneManager.java:3067) ~[ozone-manager-1.3.0-SNAPSHOT.jar:?]
	at org.apache.hadoop.ozone.protocolPB.OzoneManagerRequestHandler.getOzoneFileStatus(OzoneManagerRequestHandler.java:670) ~[ozone-manager-1.3.0-SNAPSHOT.jar:?]
	at org.apache.hadoop.ozone.protocolPB.OzoneManagerRequestHandler.handleReadRequest(OzoneManagerRequestHandler.java:201) ~[ozone-manager-1.3.0-SNAPSHOT.jar:?]
	at org.apache.hadoop.ozone.protocolPB.OzoneManagerProtocolServerSideTranslatorPB.submitRequestDirectlyToOM(OzoneManagerProtocolServerSideTranslatorPB.java:271) ~[ozone-manager-1.3.0-SNAPSHOT.jar:?]
	at org.apache.hadoop.ozone.protocolPB.OzoneManagerProtocolServerSideTranslatorPB.processRequest(OzoneManagerProtocolServerSideTranslatorPB.java:195) ~[ozone-manager-1.3.0-SNAPSHOT.jar:?]
	at org.apache.hadoop.hdds.server.OzoneProtocolMessageDispatcher.processRequest(OzoneProtocolMessageDispatcher.java:87) [hdds-server-framework-1.3.0-SNAPSHOT.jar:?]
	at org.apache.hadoop.ozone.protocolPB.OzoneManagerProtocolServerSideTranslatorPB.submitRequest(OzoneManagerProtocolServerSideTranslatorPB.java:146) [ozone-manager-1.3.0-SNAPSHOT.jar:?]
	at org.apache.hadoop.ozone.protocol.proto.OzoneManagerProtocolProtos$OzoneManagerService$2.callBlockingMethod(OzoneManagerProtocolProtos.java) [ozone-interface-client-1.3.0-SNAPSHOT.jar:?]
	at org.apache.hadoop.ipc.ProtobufRpcEngine$Server.processCall(ProtobufRpcEngine.java:466) [hadoop-common-3.3.1.jar:?]
	at org.apache.hadoop.ipc.ProtobufRpcEngine2$Server$ProtoBufRpcInvoker.call(ProtobufRpcEngine2.java:574) [hadoop-common-3.3.1.jar:?]
	at org.apache.hadoop.ipc.ProtobufRpcEngine2$Server$ProtoBufRpcInvoker.call(ProtobufRpcEngine2.java:552) [hadoop-common-3.3.1.jar:?]
	at org.apache.hadoop.ipc.RPC$Server.call(RPC.java:1093) [hadoop-common-3.3.1.jar:?]
	at org.apache.hadoop.ipc.Server$RpcCall.run(Server.java:1035) [hadoop-common-3.3.1.jar:?]
	at org.apache.hadoop.ipc.Server$RpcCall.run(Server.java:963) [hadoop-common-3.3.1.jar:?]
	at java.security.AccessController.doPrivileged(Native Method) ~[?:1.8.0_322]
	at javax.security.auth.Subject.doAs(Subject.java:422) [?:1.8.0_322]
	at org.apache.hadoop.security.UserGroupInformation.doAs(UserGroupInformation.java:1878) [hadoop-common-3.3.1.jar:?]
	at org.apache.hadoop.ipc.Server$Handler.run(Server.java:2966) [hadoop-common-3.3.1.jar:?]
]]></system-out>
  </testcase>
  <testcase name="testGetTrashRoots" classname="TestRootedOzoneFileSystem" time="1.114">
    <system-out><![CDATA[2022-05-04 03:16:32,934 [Time-limited test] INFO  rpc.RpcClient (RpcClient.java:createVolume(448)) - Creating Volume: volume59259, with user23639 as owner and space quota set to -1 bytes, counts quota set to -1
2022-05-04 03:16:32,938 [OM StateMachine ApplyTransaction Thread - 0] INFO  volume.OMVolumeCreateRequest (OMVolumeCreateRequest.java:validateAndUpdateCache(195)) - created volume:volume59259 for user:user23639
2022-05-04 03:16:32,939 [Time-limited test] INFO  rpc.RpcClient (RpcClient.java:createBucket(637)) - Creating Bucket: volume59259/bucket14266, with runner as owner and Versioning false and Storage Type set to DISK and Encryption set to false 
2022-05-04 03:16:32,943 [OM StateMachine ApplyTransaction Thread - 0] INFO  bucket.OMBucketCreateRequest (OMBucketCreateRequest.java:validateAndUpdateCache(258)) - created bucket: bucket14266 of layout LEGACY in volume: volume59259
03:16:32.949 [IPC Server handler 1 on default port 37999] ERROR OMAudit - user=runner | ip=127.0.0.1 | op=GET_FILE_STATUS {volume=volume59259, bucket=bucket14266, key=.Trash/runner, dataSize=0, replicationConfig=null} | ret=FAILURE
org.apache.hadoop.ozone.om.exceptions.OMException: Unable to get file status: volume: volume59259 bucket: bucket14266 key: .Trash/runner
	at org.apache.hadoop.ozone.om.KeyManagerImpl.getOzoneFileStatus(KeyManagerImpl.java:1280) ~[ozone-manager-1.3.0-SNAPSHOT.jar:?]
	at org.apache.hadoop.ozone.om.KeyManagerImpl.getFileStatus(KeyManagerImpl.java:1210) ~[ozone-manager-1.3.0-SNAPSHOT.jar:?]
	at org.apache.hadoop.ozone.om.OzoneManager.getFileStatus(OzoneManager.java:3067) ~[ozone-manager-1.3.0-SNAPSHOT.jar:?]
	at org.apache.hadoop.ozone.protocolPB.OzoneManagerRequestHandler.getOzoneFileStatus(OzoneManagerRequestHandler.java:670) ~[ozone-manager-1.3.0-SNAPSHOT.jar:?]
	at org.apache.hadoop.ozone.protocolPB.OzoneManagerRequestHandler.handleReadRequest(OzoneManagerRequestHandler.java:201) ~[ozone-manager-1.3.0-SNAPSHOT.jar:?]
	at org.apache.hadoop.ozone.protocolPB.OzoneManagerProtocolServerSideTranslatorPB.submitReadRequestToOM(OzoneManagerProtocolServerSideTranslatorPB.java:213) ~[ozone-manager-1.3.0-SNAPSHOT.jar:?]
	at org.apache.hadoop.ozone.protocolPB.OzoneManagerProtocolServerSideTranslatorPB.processRequest(OzoneManagerProtocolServerSideTranslatorPB.java:174) ~[ozone-manager-1.3.0-SNAPSHOT.jar:?]
	at org.apache.hadoop.hdds.server.OzoneProtocolMessageDispatcher.processRequest(OzoneProtocolMessageDispatcher.java:87) [hdds-server-framework-1.3.0-SNAPSHOT.jar:?]
	at org.apache.hadoop.ozone.protocolPB.OzoneManagerProtocolServerSideTranslatorPB.submitRequest(OzoneManagerProtocolServerSideTranslatorPB.java:146) [ozone-manager-1.3.0-SNAPSHOT.jar:?]
	at org.apache.hadoop.ozone.protocol.proto.OzoneManagerProtocolProtos$OzoneManagerService$2.callBlockingMethod(OzoneManagerProtocolProtos.java) [ozone-interface-client-1.3.0-SNAPSHOT.jar:?]
	at org.apache.hadoop.ipc.ProtobufRpcEngine$Server.processCall(ProtobufRpcEngine.java:466) [hadoop-common-3.3.1.jar:?]
	at org.apache.hadoop.ipc.ProtobufRpcEngine2$Server$ProtoBufRpcInvoker.call(ProtobufRpcEngine2.java:574) [hadoop-common-3.3.1.jar:?]
	at org.apache.hadoop.ipc.ProtobufRpcEngine2$Server$ProtoBufRpcInvoker.call(ProtobufRpcEngine2.java:552) [hadoop-common-3.3.1.jar:?]
	at org.apache.hadoop.ipc.RPC$Server.call(RPC.java:1093) [hadoop-common-3.3.1.jar:?]
	at org.apache.hadoop.ipc.Server$RpcCall.run(Server.java:1035) [hadoop-common-3.3.1.jar:?]
	at org.apache.hadoop.ipc.Server$RpcCall.run(Server.java:963) [hadoop-common-3.3.1.jar:?]
	at java.security.AccessController.doPrivileged(Native Method) ~[?:1.8.0_322]
	at javax.security.auth.Subject.doAs(Subject.java:422) [?:1.8.0_322]
	at org.apache.hadoop.security.UserGroupInformation.doAs(UserGroupInformation.java:1878) [hadoop-common-3.3.1.jar:?]
	at org.apache.hadoop.ipc.Server$Handler.run(Server.java:2966) [hadoop-common-3.3.1.jar:?]
03:16:32.988 [IPC Server handler 8 on default port 37999] ERROR OMAudit - user=runner | ip=127.0.0.1 | op=GET_FILE_STATUS {volume=12ab40d5-dc17-4f8f-a2f8-7b6ada6f833d, bucket=fc07c1fd-934f-4e27-a285-13e4efa0d8a3, key=.Trash, dataSize=0, replicationConfig=null} | ret=FAILURE
org.apache.hadoop.ozone.om.exceptions.OMException: Unable to get file status: volume: 12ab40d5-dc17-4f8f-a2f8-7b6ada6f833d bucket: fc07c1fd-934f-4e27-a285-13e4efa0d8a3 key: .Trash
	at org.apache.hadoop.ozone.om.KeyManagerImpl.getOzoneFileStatus(KeyManagerImpl.java:1280) ~[ozone-manager-1.3.0-SNAPSHOT.jar:?]
	at org.apache.hadoop.ozone.om.KeyManagerImpl.getFileStatus(KeyManagerImpl.java:1210) ~[ozone-manager-1.3.0-SNAPSHOT.jar:?]
	at org.apache.hadoop.ozone.om.OzoneManager.getFileStatus(OzoneManager.java:3067) ~[ozone-manager-1.3.0-SNAPSHOT.jar:?]
	at org.apache.hadoop.ozone.protocolPB.OzoneManagerRequestHandler.getOzoneFileStatus(OzoneManagerRequestHandler.java:670) ~[ozone-manager-1.3.0-SNAPSHOT.jar:?]
	at org.apache.hadoop.ozone.protocolPB.OzoneManagerRequestHandler.handleReadRequest(OzoneManagerRequestHandler.java:201) ~[ozone-manager-1.3.0-SNAPSHOT.jar:?]
	at org.apache.hadoop.ozone.protocolPB.OzoneManagerProtocolServerSideTranslatorPB.submitReadRequestToOM(OzoneManagerProtocolServerSideTranslatorPB.java:213) ~[ozone-manager-1.3.0-SNAPSHOT.jar:?]
	at org.apache.hadoop.ozone.protocolPB.OzoneManagerProtocolServerSideTranslatorPB.processRequest(OzoneManagerProtocolServerSideTranslatorPB.java:174) ~[ozone-manager-1.3.0-SNAPSHOT.jar:?]
	at org.apache.hadoop.hdds.server.OzoneProtocolMessageDispatcher.processRequest(OzoneProtocolMessageDispatcher.java:87) [hdds-server-framework-1.3.0-SNAPSHOT.jar:?]
	at org.apache.hadoop.ozone.protocolPB.OzoneManagerProtocolServerSideTranslatorPB.submitRequest(OzoneManagerProtocolServerSideTranslatorPB.java:146) [ozone-manager-1.3.0-SNAPSHOT.jar:?]
	at org.apache.hadoop.ozone.protocol.proto.OzoneManagerProtocolProtos$OzoneManagerService$2.callBlockingMethod(OzoneManagerProtocolProtos.java) [ozone-interface-client-1.3.0-SNAPSHOT.jar:?]
	at org.apache.hadoop.ipc.ProtobufRpcEngine$Server.processCall(ProtobufRpcEngine.java:466) [hadoop-common-3.3.1.jar:?]
	at org.apache.hadoop.ipc.ProtobufRpcEngine2$Server$ProtoBufRpcInvoker.call(ProtobufRpcEngine2.java:574) [hadoop-common-3.3.1.jar:?]
	at org.apache.hadoop.ipc.ProtobufRpcEngine2$Server$ProtoBufRpcInvoker.call(ProtobufRpcEngine2.java:552) [hadoop-common-3.3.1.jar:?]
	at org.apache.hadoop.ipc.RPC$Server.call(RPC.java:1093) [hadoop-common-3.3.1.jar:?]
	at org.apache.hadoop.ipc.Server$RpcCall.run(Server.java:1035) [hadoop-common-3.3.1.jar:?]
	at org.apache.hadoop.ipc.Server$RpcCall.run(Server.java:963) [hadoop-common-3.3.1.jar:?]
	at java.security.AccessController.doPrivileged(Native Method) ~[?:1.8.0_322]
	at javax.security.auth.Subject.doAs(Subject.java:422) [?:1.8.0_322]
	at org.apache.hadoop.security.UserGroupInformation.doAs(UserGroupInformation.java:1878) [hadoop-common-3.3.1.jar:?]
	at org.apache.hadoop.ipc.Server$Handler.run(Server.java:2966) [hadoop-common-3.3.1.jar:?]
03:16:32.991 [IPC Server handler 10 on default port 37999] ERROR OMAudit - user=runner | ip=127.0.0.1 | op=GET_FILE_STATUS {volume=volume59259, bucket=bucket14266, key=.Trash, dataSize=0, replicationConfig=null} | ret=FAILURE
org.apache.hadoop.ozone.om.exceptions.OMException: Unable to get file status: volume: volume59259 bucket: bucket14266 key: .Trash
	at org.apache.hadoop.ozone.om.KeyManagerImpl.getOzoneFileStatus(KeyManagerImpl.java:1280) ~[ozone-manager-1.3.0-SNAPSHOT.jar:?]
	at org.apache.hadoop.ozone.om.KeyManagerImpl.getFileStatus(KeyManagerImpl.java:1210) ~[ozone-manager-1.3.0-SNAPSHOT.jar:?]
	at org.apache.hadoop.ozone.om.OzoneManager.getFileStatus(OzoneManager.java:3067) ~[ozone-manager-1.3.0-SNAPSHOT.jar:?]
	at org.apache.hadoop.ozone.protocolPB.OzoneManagerRequestHandler.getOzoneFileStatus(OzoneManagerRequestHandler.java:670) ~[ozone-manager-1.3.0-SNAPSHOT.jar:?]
	at org.apache.hadoop.ozone.protocolPB.OzoneManagerRequestHandler.handleReadRequest(OzoneManagerRequestHandler.java:201) ~[ozone-manager-1.3.0-SNAPSHOT.jar:?]
	at org.apache.hadoop.ozone.protocolPB.OzoneManagerProtocolServerSideTranslatorPB.submitReadRequestToOM(OzoneManagerProtocolServerSideTranslatorPB.java:213) ~[ozone-manager-1.3.0-SNAPSHOT.jar:?]
	at org.apache.hadoop.ozone.protocolPB.OzoneManagerProtocolServerSideTranslatorPB.processRequest(OzoneManagerProtocolServerSideTranslatorPB.java:174) ~[ozone-manager-1.3.0-SNAPSHOT.jar:?]
	at org.apache.hadoop.hdds.server.OzoneProtocolMessageDispatcher.processRequest(OzoneProtocolMessageDispatcher.java:87) [hdds-server-framework-1.3.0-SNAPSHOT.jar:?]
	at org.apache.hadoop.ozone.protocolPB.OzoneManagerProtocolServerSideTranslatorPB.submitRequest(OzoneManagerProtocolServerSideTranslatorPB.java:146) [ozone-manager-1.3.0-SNAPSHOT.jar:?]
	at org.apache.hadoop.ozone.protocol.proto.OzoneManagerProtocolProtos$OzoneManagerService$2.callBlockingMethod(OzoneManagerProtocolProtos.java) [ozone-interface-client-1.3.0-SNAPSHOT.jar:?]
	at org.apache.hadoop.ipc.ProtobufRpcEngine$Server.processCall(ProtobufRpcEngine.java:466) [hadoop-common-3.3.1.jar:?]
	at org.apache.hadoop.ipc.ProtobufRpcEngine2$Server$ProtoBufRpcInvoker.call(ProtobufRpcEngine2.java:574) [hadoop-common-3.3.1.jar:?]
	at org.apache.hadoop.ipc.ProtobufRpcEngine2$Server$ProtoBufRpcInvoker.call(ProtobufRpcEngine2.java:552) [hadoop-common-3.3.1.jar:?]
	at org.apache.hadoop.ipc.RPC$Server.call(RPC.java:1093) [hadoop-common-3.3.1.jar:?]
	at org.apache.hadoop.ipc.Server$RpcCall.run(Server.java:1035) [hadoop-common-3.3.1.jar:?]
	at org.apache.hadoop.ipc.Server$RpcCall.run(Server.java:963) [hadoop-common-3.3.1.jar:?]
	at java.security.AccessController.doPrivileged(Native Method) ~[?:1.8.0_322]
	at javax.security.auth.Subject.doAs(Subject.java:422) [?:1.8.0_322]
	at org.apache.hadoop.security.UserGroupInformation.doAs(UserGroupInformation.java:1878) [hadoop-common-3.3.1.jar:?]
	at org.apache.hadoop.ipc.Server$Handler.run(Server.java:2966) [hadoop-common-3.3.1.jar:?]
03:16:33.013 [IPC Server handler 13 on default port 37999] ERROR OMAudit - user=runner | ip=127.0.0.1 | op=GET_FILE_STATUS {volume=12ab40d5-dc17-4f8f-a2f8-7b6ada6f833d, bucket=fc07c1fd-934f-4e27-a285-13e4efa0d8a3, key=.Trash, dataSize=0, replicationConfig=null} | ret=FAILURE
org.apache.hadoop.ozone.om.exceptions.OMException: Unable to get file status: volume: 12ab40d5-dc17-4f8f-a2f8-7b6ada6f833d bucket: fc07c1fd-934f-4e27-a285-13e4efa0d8a3 key: .Trash
	at org.apache.hadoop.ozone.om.KeyManagerImpl.getOzoneFileStatus(KeyManagerImpl.java:1280) ~[ozone-manager-1.3.0-SNAPSHOT.jar:?]
	at org.apache.hadoop.ozone.om.KeyManagerImpl.getFileStatus(KeyManagerImpl.java:1210) ~[ozone-manager-1.3.0-SNAPSHOT.jar:?]
	at org.apache.hadoop.ozone.om.OzoneManager.getFileStatus(OzoneManager.java:3067) ~[ozone-manager-1.3.0-SNAPSHOT.jar:?]
	at org.apache.hadoop.ozone.protocolPB.OzoneManagerRequestHandler.getOzoneFileStatus(OzoneManagerRequestHandler.java:670) ~[ozone-manager-1.3.0-SNAPSHOT.jar:?]
	at org.apache.hadoop.ozone.protocolPB.OzoneManagerRequestHandler.handleReadRequest(OzoneManagerRequestHandler.java:201) ~[ozone-manager-1.3.0-SNAPSHOT.jar:?]
	at org.apache.hadoop.ozone.protocolPB.OzoneManagerProtocolServerSideTranslatorPB.submitReadRequestToOM(OzoneManagerProtocolServerSideTranslatorPB.java:213) ~[ozone-manager-1.3.0-SNAPSHOT.jar:?]
	at org.apache.hadoop.ozone.protocolPB.OzoneManagerProtocolServerSideTranslatorPB.processRequest(OzoneManagerProtocolServerSideTranslatorPB.java:174) ~[ozone-manager-1.3.0-SNAPSHOT.jar:?]
	at org.apache.hadoop.hdds.server.OzoneProtocolMessageDispatcher.processRequest(OzoneProtocolMessageDispatcher.java:87) [hdds-server-framework-1.3.0-SNAPSHOT.jar:?]
	at org.apache.hadoop.ozone.protocolPB.OzoneManagerProtocolServerSideTranslatorPB.submitRequest(OzoneManagerProtocolServerSideTranslatorPB.java:146) [ozone-manager-1.3.0-SNAPSHOT.jar:?]
	at org.apache.hadoop.ozone.protocol.proto.OzoneManagerProtocolProtos$OzoneManagerService$2.callBlockingMethod(OzoneManagerProtocolProtos.java) [ozone-interface-client-1.3.0-SNAPSHOT.jar:?]
	at org.apache.hadoop.ipc.ProtobufRpcEngine$Server.processCall(ProtobufRpcEngine.java:466) [hadoop-common-3.3.1.jar:?]
	at org.apache.hadoop.ipc.ProtobufRpcEngine2$Server$ProtoBufRpcInvoker.call(ProtobufRpcEngine2.java:574) [hadoop-common-3.3.1.jar:?]
	at org.apache.hadoop.ipc.ProtobufRpcEngine2$Server$ProtoBufRpcInvoker.call(ProtobufRpcEngine2.java:552) [hadoop-common-3.3.1.jar:?]
	at org.apache.hadoop.ipc.RPC$Server.call(RPC.java:1093) [hadoop-common-3.3.1.jar:?]
	at org.apache.hadoop.ipc.Server$RpcCall.run(Server.java:1035) [hadoop-common-3.3.1.jar:?]
	at org.apache.hadoop.ipc.Server$RpcCall.run(Server.java:963) [hadoop-common-3.3.1.jar:?]
	at java.security.AccessController.doPrivileged(Native Method) ~[?:1.8.0_322]
	at javax.security.auth.Subject.doAs(Subject.java:422) [?:1.8.0_322]
	at org.apache.hadoop.security.UserGroupInformation.doAs(UserGroupInformation.java:1878) [hadoop-common-3.3.1.jar:?]
	at org.apache.hadoop.ipc.Server$Handler.run(Server.java:2966) [hadoop-common-3.3.1.jar:?]
03:16:33.039 [IPC Server handler 4 on default port 37999] ERROR OMAudit - user=runner | ip=127.0.0.1 | op=GET_FILE_STATUS {volume=12ab40d5-dc17-4f8f-a2f8-7b6ada6f833d, bucket=fc07c1fd-934f-4e27-a285-13e4efa0d8a3, key=.Trash, dataSize=0, replicationConfig=null} | ret=FAILURE
org.apache.hadoop.ozone.om.exceptions.OMException: Unable to get file status: volume: 12ab40d5-dc17-4f8f-a2f8-7b6ada6f833d bucket: fc07c1fd-934f-4e27-a285-13e4efa0d8a3 key: .Trash
	at org.apache.hadoop.ozone.om.KeyManagerImpl.getOzoneFileStatus(KeyManagerImpl.java:1280) ~[ozone-manager-1.3.0-SNAPSHOT.jar:?]
	at org.apache.hadoop.ozone.om.KeyManagerImpl.getFileStatus(KeyManagerImpl.java:1210) ~[ozone-manager-1.3.0-SNAPSHOT.jar:?]
	at org.apache.hadoop.ozone.om.OzoneManager.getFileStatus(OzoneManager.java:3067) ~[ozone-manager-1.3.0-SNAPSHOT.jar:?]
	at org.apache.hadoop.ozone.protocolPB.OzoneManagerRequestHandler.getOzoneFileStatus(OzoneManagerRequestHandler.java:670) ~[ozone-manager-1.3.0-SNAPSHOT.jar:?]
	at org.apache.hadoop.ozone.protocolPB.OzoneManagerRequestHandler.handleReadRequest(OzoneManagerRequestHandler.java:201) ~[ozone-manager-1.3.0-SNAPSHOT.jar:?]
	at org.apache.hadoop.ozone.protocolPB.OzoneManagerProtocolServerSideTranslatorPB.submitReadRequestToOM(OzoneManagerProtocolServerSideTranslatorPB.java:213) ~[ozone-manager-1.3.0-SNAPSHOT.jar:?]
	at org.apache.hadoop.ozone.protocolPB.OzoneManagerProtocolServerSideTranslatorPB.processRequest(OzoneManagerProtocolServerSideTranslatorPB.java:174) ~[ozone-manager-1.3.0-SNAPSHOT.jar:?]
	at org.apache.hadoop.hdds.server.OzoneProtocolMessageDispatcher.processRequest(OzoneProtocolMessageDispatcher.java:87) [hdds-server-framework-1.3.0-SNAPSHOT.jar:?]
	at org.apache.hadoop.ozone.protocolPB.OzoneManagerProtocolServerSideTranslatorPB.submitRequest(OzoneManagerProtocolServerSideTranslatorPB.java:146) [ozone-manager-1.3.0-SNAPSHOT.jar:?]
	at org.apache.hadoop.ozone.protocol.proto.OzoneManagerProtocolProtos$OzoneManagerService$2.callBlockingMethod(OzoneManagerProtocolProtos.java) [ozone-interface-client-1.3.0-SNAPSHOT.jar:?]
	at org.apache.hadoop.ipc.ProtobufRpcEngine$Server.processCall(ProtobufRpcEngine.java:466) [hadoop-common-3.3.1.jar:?]
	at org.apache.hadoop.ipc.ProtobufRpcEngine2$Server$ProtoBufRpcInvoker.call(ProtobufRpcEngine2.java:574) [hadoop-common-3.3.1.jar:?]
	at org.apache.hadoop.ipc.ProtobufRpcEngine2$Server$ProtoBufRpcInvoker.call(ProtobufRpcEngine2.java:552) [hadoop-common-3.3.1.jar:?]
	at org.apache.hadoop.ipc.RPC$Server.call(RPC.java:1093) [hadoop-common-3.3.1.jar:?]
	at org.apache.hadoop.ipc.Server$RpcCall.run(Server.java:1035) [hadoop-common-3.3.1.jar:?]
	at org.apache.hadoop.ipc.Server$RpcCall.run(Server.java:963) [hadoop-common-3.3.1.jar:?]
	at java.security.AccessController.doPrivileged(Native Method) ~[?:1.8.0_322]
	at javax.security.auth.Subject.doAs(Subject.java:422) [?:1.8.0_322]
	at org.apache.hadoop.security.UserGroupInformation.doAs(UserGroupInformation.java:1878) [hadoop-common-3.3.1.jar:?]
	at org.apache.hadoop.ipc.Server$Handler.run(Server.java:2966) [hadoop-common-3.3.1.jar:?]
2022-05-04 03:16:33,044 [Time-limited test] INFO  rpc.RpcClient (RpcClient.java:createBucket(637)) - Creating Bucket: volume59259/trashroottest2, with runner as owner and Versioning false and Storage Type set to DISK and Encryption set to false 
2022-05-04 03:16:33,045 [OM StateMachine ApplyTransaction Thread - 0] INFO  bucket.OMBucketCreateRequest (OMBucketCreateRequest.java:validateAndUpdateCache(258)) - created bucket: trashroottest2 of layout LEGACY in volume: volume59259
03:16:33.396 [IPC Server handler 16 on default port 37999] ERROR OMAudit - user=runner | ip=127.0.0.1 | op=GET_FILE_STATUS {volume=12ab40d5-dc17-4f8f-a2f8-7b6ada6f833d, bucket=fc07c1fd-934f-4e27-a285-13e4efa0d8a3, key=.Trash, dataSize=0, replicationConfig=null} | ret=FAILURE
org.apache.hadoop.ozone.om.exceptions.OMException: Unable to get file status: volume: 12ab40d5-dc17-4f8f-a2f8-7b6ada6f833d bucket: fc07c1fd-934f-4e27-a285-13e4efa0d8a3 key: .Trash
	at org.apache.hadoop.ozone.om.KeyManagerImpl.getOzoneFileStatus(KeyManagerImpl.java:1280) ~[ozone-manager-1.3.0-SNAPSHOT.jar:?]
	at org.apache.hadoop.ozone.om.KeyManagerImpl.getFileStatus(KeyManagerImpl.java:1210) ~[ozone-manager-1.3.0-SNAPSHOT.jar:?]
	at org.apache.hadoop.ozone.om.OzoneManager.getFileStatus(OzoneManager.java:3067) ~[ozone-manager-1.3.0-SNAPSHOT.jar:?]
	at org.apache.hadoop.ozone.protocolPB.OzoneManagerRequestHandler.getOzoneFileStatus(OzoneManagerRequestHandler.java:670) ~[ozone-manager-1.3.0-SNAPSHOT.jar:?]
	at org.apache.hadoop.ozone.protocolPB.OzoneManagerRequestHandler.handleReadRequest(OzoneManagerRequestHandler.java:201) ~[ozone-manager-1.3.0-SNAPSHOT.jar:?]
	at org.apache.hadoop.ozone.protocolPB.OzoneManagerProtocolServerSideTranslatorPB.submitReadRequestToOM(OzoneManagerProtocolServerSideTranslatorPB.java:213) ~[ozone-manager-1.3.0-SNAPSHOT.jar:?]
	at org.apache.hadoop.ozone.protocolPB.OzoneManagerProtocolServerSideTranslatorPB.processRequest(OzoneManagerProtocolServerSideTranslatorPB.java:174) ~[ozone-manager-1.3.0-SNAPSHOT.jar:?]
	at org.apache.hadoop.hdds.server.OzoneProtocolMessageDispatcher.processRequest(OzoneProtocolMessageDispatcher.java:87) [hdds-server-framework-1.3.0-SNAPSHOT.jar:?]
	at org.apache.hadoop.ozone.protocolPB.OzoneManagerProtocolServerSideTranslatorPB.submitRequest(OzoneManagerProtocolServerSideTranslatorPB.java:146) [ozone-manager-1.3.0-SNAPSHOT.jar:?]
	at org.apache.hadoop.ozone.protocol.proto.OzoneManagerProtocolProtos$OzoneManagerService$2.callBlockingMethod(OzoneManagerProtocolProtos.java) [ozone-interface-client-1.3.0-SNAPSHOT.jar:?]
	at org.apache.hadoop.ipc.ProtobufRpcEngine$Server.processCall(ProtobufRpcEngine.java:466) [hadoop-common-3.3.1.jar:?]
	at org.apache.hadoop.ipc.ProtobufRpcEngine2$Server$ProtoBufRpcInvoker.call(ProtobufRpcEngine2.java:574) [hadoop-common-3.3.1.jar:?]
	at org.apache.hadoop.ipc.ProtobufRpcEngine2$Server$ProtoBufRpcInvoker.call(ProtobufRpcEngine2.java:552) [hadoop-common-3.3.1.jar:?]
	at org.apache.hadoop.ipc.RPC$Server.call(RPC.java:1093) [hadoop-common-3.3.1.jar:?]
	at org.apache.hadoop.ipc.Server$RpcCall.run(Server.java:1035) [hadoop-common-3.3.1.jar:?]
	at org.apache.hadoop.ipc.Server$RpcCall.run(Server.java:963) [hadoop-common-3.3.1.jar:?]
	at java.security.AccessController.doPrivileged(Native Method) ~[?:1.8.0_322]
	at javax.security.auth.Subject.doAs(Subject.java:422) [?:1.8.0_322]
	at org.apache.hadoop.security.UserGroupInformation.doAs(UserGroupInformation.java:1878) [hadoop-common-3.3.1.jar:?]
	at org.apache.hadoop.ipc.Server$Handler.run(Server.java:2966) [hadoop-common-3.3.1.jar:?]
03:16:33.437 [IPC Server handler 14 on default port 37999] ERROR OMAudit - user=runner | ip=127.0.0.1 | op=GET_FILE_STATUS {volume=12ab40d5-dc17-4f8f-a2f8-7b6ada6f833d, bucket=fc07c1fd-934f-4e27-a285-13e4efa0d8a3, key=.Trash, dataSize=0, replicationConfig=null} | ret=FAILURE
org.apache.hadoop.ozone.om.exceptions.OMException: Unable to get file status: volume: 12ab40d5-dc17-4f8f-a2f8-7b6ada6f833d bucket: fc07c1fd-934f-4e27-a285-13e4efa0d8a3 key: .Trash
	at org.apache.hadoop.ozone.om.KeyManagerImpl.getOzoneFileStatus(KeyManagerImpl.java:1280) ~[ozone-manager-1.3.0-SNAPSHOT.jar:?]
	at org.apache.hadoop.ozone.om.KeyManagerImpl.getFileStatus(KeyManagerImpl.java:1210) ~[ozone-manager-1.3.0-SNAPSHOT.jar:?]
	at org.apache.hadoop.ozone.om.OzoneManager.getFileStatus(OzoneManager.java:3067) ~[ozone-manager-1.3.0-SNAPSHOT.jar:?]
	at org.apache.hadoop.ozone.protocolPB.OzoneManagerRequestHandler.getOzoneFileStatus(OzoneManagerRequestHandler.java:670) ~[ozone-manager-1.3.0-SNAPSHOT.jar:?]
	at org.apache.hadoop.ozone.protocolPB.OzoneManagerRequestHandler.handleReadRequest(OzoneManagerRequestHandler.java:201) ~[ozone-manager-1.3.0-SNAPSHOT.jar:?]
	at org.apache.hadoop.ozone.protocolPB.OzoneManagerProtocolServerSideTranslatorPB.submitReadRequestToOM(OzoneManagerProtocolServerSideTranslatorPB.java:213) ~[ozone-manager-1.3.0-SNAPSHOT.jar:?]
	at org.apache.hadoop.ozone.protocolPB.OzoneManagerProtocolServerSideTranslatorPB.processRequest(OzoneManagerProtocolServerSideTranslatorPB.java:174) ~[ozone-manager-1.3.0-SNAPSHOT.jar:?]
	at org.apache.hadoop.hdds.server.OzoneProtocolMessageDispatcher.processRequest(OzoneProtocolMessageDispatcher.java:87) [hdds-server-framework-1.3.0-SNAPSHOT.jar:?]
	at org.apache.hadoop.ozone.protocolPB.OzoneManagerProtocolServerSideTranslatorPB.submitRequest(OzoneManagerProtocolServerSideTranslatorPB.java:146) [ozone-manager-1.3.0-SNAPSHOT.jar:?]
	at org.apache.hadoop.ozone.protocol.proto.OzoneManagerProtocolProtos$OzoneManagerService$2.callBlockingMethod(OzoneManagerProtocolProtos.java) [ozone-interface-client-1.3.0-SNAPSHOT.jar:?]
	at org.apache.hadoop.ipc.ProtobufRpcEngine$Server.processCall(ProtobufRpcEngine.java:466) [hadoop-common-3.3.1.jar:?]
	at org.apache.hadoop.ipc.ProtobufRpcEngine2$Server$ProtoBufRpcInvoker.call(ProtobufRpcEngine2.java:574) [hadoop-common-3.3.1.jar:?]
	at org.apache.hadoop.ipc.ProtobufRpcEngine2$Server$ProtoBufRpcInvoker.call(ProtobufRpcEngine2.java:552) [hadoop-common-3.3.1.jar:?]
	at org.apache.hadoop.ipc.RPC$Server.call(RPC.java:1093) [hadoop-common-3.3.1.jar:?]
	at org.apache.hadoop.ipc.Server$RpcCall.run(Server.java:1035) [hadoop-common-3.3.1.jar:?]
	at org.apache.hadoop.ipc.Server$RpcCall.run(Server.java:963) [hadoop-common-3.3.1.jar:?]
	at java.security.AccessController.doPrivileged(Native Method) ~[?:1.8.0_322]
	at javax.security.auth.Subject.doAs(Subject.java:422) [?:1.8.0_322]
	at org.apache.hadoop.security.UserGroupInformation.doAs(UserGroupInformation.java:1878) [hadoop-common-3.3.1.jar:?]
	at org.apache.hadoop.ipc.Server$Handler.run(Server.java:2966) [hadoop-common-3.3.1.jar:?]
2022-05-04 03:16:33,515 [Time-limited test] INFO  rpc.RpcClient (RpcClient.java:createVolume(448)) - Creating Volume: volume59199, with user29954 as owner and space quota set to -1 bytes, counts quota set to -1
2022-05-04 03:16:33,522 [OM StateMachine ApplyTransaction Thread - 0] INFO  volume.OMVolumeCreateRequest (OMVolumeCreateRequest.java:validateAndUpdateCache(195)) - created volume:volume59199 for user:user29954
2022-05-04 03:16:33,523 [Time-limited test] INFO  rpc.RpcClient (RpcClient.java:createBucket(637)) - Creating Bucket: volume59199/bucket34041, with runner as owner and Versioning false and Storage Type set to DISK and Encryption set to false 
2022-05-04 03:16:33,530 [OM StateMachine ApplyTransaction Thread - 0] INFO  bucket.OMBucketCreateRequest (OMBucketCreateRequest.java:validateAndUpdateCache(258)) - created bucket: bucket34041 of layout LEGACY in volume: volume59199
03:16:33.561 [IPC Server handler 0 on default port 37999] ERROR OMAudit - user=runner | ip=127.0.0.1 | op=GET_FILE_STATUS {volume=12ab40d5-dc17-4f8f-a2f8-7b6ada6f833d, bucket=fc07c1fd-934f-4e27-a285-13e4efa0d8a3, key=.Trash, dataSize=0, replicationConfig=null} | ret=FAILURE
org.apache.hadoop.ozone.om.exceptions.OMException: Unable to get file status: volume: 12ab40d5-dc17-4f8f-a2f8-7b6ada6f833d bucket: fc07c1fd-934f-4e27-a285-13e4efa0d8a3 key: .Trash
	at org.apache.hadoop.ozone.om.KeyManagerImpl.getOzoneFileStatus(KeyManagerImpl.java:1280) ~[ozone-manager-1.3.0-SNAPSHOT.jar:?]
	at org.apache.hadoop.ozone.om.KeyManagerImpl.getFileStatus(KeyManagerImpl.java:1210) ~[ozone-manager-1.3.0-SNAPSHOT.jar:?]
	at org.apache.hadoop.ozone.om.OzoneManager.getFileStatus(OzoneManager.java:3067) ~[ozone-manager-1.3.0-SNAPSHOT.jar:?]
	at org.apache.hadoop.ozone.protocolPB.OzoneManagerRequestHandler.getOzoneFileStatus(OzoneManagerRequestHandler.java:670) ~[ozone-manager-1.3.0-SNAPSHOT.jar:?]
	at org.apache.hadoop.ozone.protocolPB.OzoneManagerRequestHandler.handleReadRequest(OzoneManagerRequestHandler.java:201) ~[ozone-manager-1.3.0-SNAPSHOT.jar:?]
	at org.apache.hadoop.ozone.protocolPB.OzoneManagerProtocolServerSideTranslatorPB.submitReadRequestToOM(OzoneManagerProtocolServerSideTranslatorPB.java:213) ~[ozone-manager-1.3.0-SNAPSHOT.jar:?]
	at org.apache.hadoop.ozone.protocolPB.OzoneManagerProtocolServerSideTranslatorPB.processRequest(OzoneManagerProtocolServerSideTranslatorPB.java:174) ~[ozone-manager-1.3.0-SNAPSHOT.jar:?]
	at org.apache.hadoop.hdds.server.OzoneProtocolMessageDispatcher.processRequest(OzoneProtocolMessageDispatcher.java:87) [hdds-server-framework-1.3.0-SNAPSHOT.jar:?]
	at org.apache.hadoop.ozone.protocolPB.OzoneManagerProtocolServerSideTranslatorPB.submitRequest(OzoneManagerProtocolServerSideTranslatorPB.java:146) [ozone-manager-1.3.0-SNAPSHOT.jar:?]
	at org.apache.hadoop.ozone.protocol.proto.OzoneManagerProtocolProtos$OzoneManagerService$2.callBlockingMethod(OzoneManagerProtocolProtos.java) [ozone-interface-client-1.3.0-SNAPSHOT.jar:?]
	at org.apache.hadoop.ipc.ProtobufRpcEngine$Server.processCall(ProtobufRpcEngine.java:466) [hadoop-common-3.3.1.jar:?]
	at org.apache.hadoop.ipc.ProtobufRpcEngine2$Server$ProtoBufRpcInvoker.call(ProtobufRpcEngine2.java:574) [hadoop-common-3.3.1.jar:?]
	at org.apache.hadoop.ipc.ProtobufRpcEngine2$Server$ProtoBufRpcInvoker.call(ProtobufRpcEngine2.java:552) [hadoop-common-3.3.1.jar:?]
	at org.apache.hadoop.ipc.RPC$Server.call(RPC.java:1093) [hadoop-common-3.3.1.jar:?]
	at org.apache.hadoop.ipc.Server$RpcCall.run(Server.java:1035) [hadoop-common-3.3.1.jar:?]
	at org.apache.hadoop.ipc.Server$RpcCall.run(Server.java:963) [hadoop-common-3.3.1.jar:?]
	at java.security.AccessController.doPrivileged(Native Method) ~[?:1.8.0_322]
	at javax.security.auth.Subject.doAs(Subject.java:422) [?:1.8.0_322]
	at org.apache.hadoop.security.UserGroupInformation.doAs(UserGroupInformation.java:1878) [hadoop-common-3.3.1.jar:?]
	at org.apache.hadoop.ipc.Server$Handler.run(Server.java:2966) [hadoop-common-3.3.1.jar:?]
03:16:33.616 [IPC Server handler 17 on default port 37999] ERROR OMAudit - user=runner | ip=127.0.0.1 | op=GET_FILE_STATUS {volume=12ab40d5-dc17-4f8f-a2f8-7b6ada6f833d, bucket=fc07c1fd-934f-4e27-a285-13e4efa0d8a3, key=.Trash, dataSize=0, replicationConfig=null} | ret=FAILURE
org.apache.hadoop.ozone.om.exceptions.OMException: Unable to get file status: volume: 12ab40d5-dc17-4f8f-a2f8-7b6ada6f833d bucket: fc07c1fd-934f-4e27-a285-13e4efa0d8a3 key: .Trash
	at org.apache.hadoop.ozone.om.KeyManagerImpl.getOzoneFileStatus(KeyManagerImpl.java:1280) ~[ozone-manager-1.3.0-SNAPSHOT.jar:?]
	at org.apache.hadoop.ozone.om.KeyManagerImpl.getFileStatus(KeyManagerImpl.java:1210) ~[ozone-manager-1.3.0-SNAPSHOT.jar:?]
	at org.apache.hadoop.ozone.om.OzoneManager.getFileStatus(OzoneManager.java:3067) ~[ozone-manager-1.3.0-SNAPSHOT.jar:?]
	at org.apache.hadoop.ozone.protocolPB.OzoneManagerRequestHandler.getOzoneFileStatus(OzoneManagerRequestHandler.java:670) ~[ozone-manager-1.3.0-SNAPSHOT.jar:?]
	at org.apache.hadoop.ozone.protocolPB.OzoneManagerRequestHandler.handleReadRequest(OzoneManagerRequestHandler.java:201) ~[ozone-manager-1.3.0-SNAPSHOT.jar:?]
	at org.apache.hadoop.ozone.protocolPB.OzoneManagerProtocolServerSideTranslatorPB.submitReadRequestToOM(OzoneManagerProtocolServerSideTranslatorPB.java:213) ~[ozone-manager-1.3.0-SNAPSHOT.jar:?]
	at org.apache.hadoop.ozone.protocolPB.OzoneManagerProtocolServerSideTranslatorPB.processRequest(OzoneManagerProtocolServerSideTranslatorPB.java:174) ~[ozone-manager-1.3.0-SNAPSHOT.jar:?]
	at org.apache.hadoop.hdds.server.OzoneProtocolMessageDispatcher.processRequest(OzoneProtocolMessageDispatcher.java:87) [hdds-server-framework-1.3.0-SNAPSHOT.jar:?]
	at org.apache.hadoop.ozone.protocolPB.OzoneManagerProtocolServerSideTranslatorPB.submitRequest(OzoneManagerProtocolServerSideTranslatorPB.java:146) [ozone-manager-1.3.0-SNAPSHOT.jar:?]
	at org.apache.hadoop.ozone.protocol.proto.OzoneManagerProtocolProtos$OzoneManagerService$2.callBlockingMethod(OzoneManagerProtocolProtos.java) [ozone-interface-client-1.3.0-SNAPSHOT.jar:?]
	at org.apache.hadoop.ipc.ProtobufRpcEngine$Server.processCall(ProtobufRpcEngine.java:466) [hadoop-common-3.3.1.jar:?]
	at org.apache.hadoop.ipc.ProtobufRpcEngine2$Server$ProtoBufRpcInvoker.call(ProtobufRpcEngine2.java:574) [hadoop-common-3.3.1.jar:?]
	at org.apache.hadoop.ipc.ProtobufRpcEngine2$Server$ProtoBufRpcInvoker.call(ProtobufRpcEngine2.java:552) [hadoop-common-3.3.1.jar:?]
	at org.apache.hadoop.ipc.RPC$Server.call(RPC.java:1093) [hadoop-common-3.3.1.jar:?]
	at org.apache.hadoop.ipc.Server$RpcCall.run(Server.java:1035) [hadoop-common-3.3.1.jar:?]
	at org.apache.hadoop.ipc.Server$RpcCall.run(Server.java:963) [hadoop-common-3.3.1.jar:?]
	at java.security.AccessController.doPrivileged(Native Method) ~[?:1.8.0_322]
	at javax.security.auth.Subject.doAs(Subject.java:422) [?:1.8.0_322]
	at org.apache.hadoop.security.UserGroupInformation.doAs(UserGroupInformation.java:1878) [hadoop-common-3.3.1.jar:?]
	at org.apache.hadoop.ipc.Server$Handler.run(Server.java:2966) [hadoop-common-3.3.1.jar:?]
03:16:33.655 [IPC Server handler 14 on default port 37999] ERROR OMAudit - user=runner | ip=127.0.0.1 | op=GET_FILE_STATUS {volume=volume59199, bucket=bucket34041, key=.Trash/runner, dataSize=0, replicationConfig=null} | ret=FAILURE
org.apache.hadoop.ozone.om.exceptions.OMException: Unable to get file status: volume: volume59199 bucket: bucket34041 key: .Trash/runner
	at org.apache.hadoop.ozone.om.KeyManagerImpl.getOzoneFileStatus(KeyManagerImpl.java:1280) ~[ozone-manager-1.3.0-SNAPSHOT.jar:?]
	at org.apache.hadoop.ozone.om.KeyManagerImpl.getFileStatus(KeyManagerImpl.java:1210) ~[ozone-manager-1.3.0-SNAPSHOT.jar:?]
	at org.apache.hadoop.ozone.om.OzoneManager.getFileStatus(OzoneManager.java:3067) ~[ozone-manager-1.3.0-SNAPSHOT.jar:?]
	at org.apache.hadoop.ozone.protocolPB.OzoneManagerRequestHandler.getOzoneFileStatus(OzoneManagerRequestHandler.java:670) ~[ozone-manager-1.3.0-SNAPSHOT.jar:?]
	at org.apache.hadoop.ozone.protocolPB.OzoneManagerRequestHandler.handleReadRequest(OzoneManagerRequestHandler.java:201) ~[ozone-manager-1.3.0-SNAPSHOT.jar:?]
	at org.apache.hadoop.ozone.protocolPB.OzoneManagerProtocolServerSideTranslatorPB.submitReadRequestToOM(OzoneManagerProtocolServerSideTranslatorPB.java:213) ~[ozone-manager-1.3.0-SNAPSHOT.jar:?]
	at org.apache.hadoop.ozone.protocolPB.OzoneManagerProtocolServerSideTranslatorPB.processRequest(OzoneManagerProtocolServerSideTranslatorPB.java:174) ~[ozone-manager-1.3.0-SNAPSHOT.jar:?]
	at org.apache.hadoop.hdds.server.OzoneProtocolMessageDispatcher.processRequest(OzoneProtocolMessageDispatcher.java:87) [hdds-server-framework-1.3.0-SNAPSHOT.jar:?]
	at org.apache.hadoop.ozone.protocolPB.OzoneManagerProtocolServerSideTranslatorPB.submitRequest(OzoneManagerProtocolServerSideTranslatorPB.java:146) [ozone-manager-1.3.0-SNAPSHOT.jar:?]
	at org.apache.hadoop.ozone.protocol.proto.OzoneManagerProtocolProtos$OzoneManagerService$2.callBlockingMethod(OzoneManagerProtocolProtos.java) [ozone-interface-client-1.3.0-SNAPSHOT.jar:?]
	at org.apache.hadoop.ipc.ProtobufRpcEngine$Server.processCall(ProtobufRpcEngine.java:466) [hadoop-common-3.3.1.jar:?]
	at org.apache.hadoop.ipc.ProtobufRpcEngine2$Server$ProtoBufRpcInvoker.call(ProtobufRpcEngine2.java:574) [hadoop-common-3.3.1.jar:?]
	at org.apache.hadoop.ipc.ProtobufRpcEngine2$Server$ProtoBufRpcInvoker.call(ProtobufRpcEngine2.java:552) [hadoop-common-3.3.1.jar:?]
	at org.apache.hadoop.ipc.RPC$Server.call(RPC.java:1093) [hadoop-common-3.3.1.jar:?]
	at org.apache.hadoop.ipc.Server$RpcCall.run(Server.java:1035) [hadoop-common-3.3.1.jar:?]
	at org.apache.hadoop.ipc.Server$RpcCall.run(Server.java:963) [hadoop-common-3.3.1.jar:?]
	at java.security.AccessController.doPrivileged(Native Method) ~[?:1.8.0_322]
	at javax.security.auth.Subject.doAs(Subject.java:422) [?:1.8.0_322]
	at org.apache.hadoop.security.UserGroupInformation.doAs(UserGroupInformation.java:1878) [hadoop-common-3.3.1.jar:?]
	at org.apache.hadoop.ipc.Server$Handler.run(Server.java:2966) [hadoop-common-3.3.1.jar:?]
03:16:33.698 [IPC Server handler 15 on default port 37999] ERROR OMAudit - user=runner | ip=127.0.0.1 | op=GET_FILE_STATUS {volume=12ab40d5-dc17-4f8f-a2f8-7b6ada6f833d, bucket=fc07c1fd-934f-4e27-a285-13e4efa0d8a3, key=.Trash, dataSize=0, replicationConfig=null} | ret=FAILURE
org.apache.hadoop.ozone.om.exceptions.OMException: Unable to get file status: volume: 12ab40d5-dc17-4f8f-a2f8-7b6ada6f833d bucket: fc07c1fd-934f-4e27-a285-13e4efa0d8a3 key: .Trash
	at org.apache.hadoop.ozone.om.KeyManagerImpl.getOzoneFileStatus(KeyManagerImpl.java:1280) ~[ozone-manager-1.3.0-SNAPSHOT.jar:?]
	at org.apache.hadoop.ozone.om.KeyManagerImpl.getFileStatus(KeyManagerImpl.java:1210) ~[ozone-manager-1.3.0-SNAPSHOT.jar:?]
	at org.apache.hadoop.ozone.om.OzoneManager.getFileStatus(OzoneManager.java:3067) ~[ozone-manager-1.3.0-SNAPSHOT.jar:?]
	at org.apache.hadoop.ozone.protocolPB.OzoneManagerRequestHandler.getOzoneFileStatus(OzoneManagerRequestHandler.java:670) ~[ozone-manager-1.3.0-SNAPSHOT.jar:?]
	at org.apache.hadoop.ozone.protocolPB.OzoneManagerRequestHandler.handleReadRequest(OzoneManagerRequestHandler.java:201) ~[ozone-manager-1.3.0-SNAPSHOT.jar:?]
	at org.apache.hadoop.ozone.protocolPB.OzoneManagerProtocolServerSideTranslatorPB.submitReadRequestToOM(OzoneManagerProtocolServerSideTranslatorPB.java:213) ~[ozone-manager-1.3.0-SNAPSHOT.jar:?]
	at org.apache.hadoop.ozone.protocolPB.OzoneManagerProtocolServerSideTranslatorPB.processRequest(OzoneManagerProtocolServerSideTranslatorPB.java:174) ~[ozone-manager-1.3.0-SNAPSHOT.jar:?]
	at org.apache.hadoop.hdds.server.OzoneProtocolMessageDispatcher.processRequest(OzoneProtocolMessageDispatcher.java:87) [hdds-server-framework-1.3.0-SNAPSHOT.jar:?]
	at org.apache.hadoop.ozone.protocolPB.OzoneManagerProtocolServerSideTranslatorPB.submitRequest(OzoneManagerProtocolServerSideTranslatorPB.java:146) [ozone-manager-1.3.0-SNAPSHOT.jar:?]
	at org.apache.hadoop.ozone.protocol.proto.OzoneManagerProtocolProtos$OzoneManagerService$2.callBlockingMethod(OzoneManagerProtocolProtos.java) [ozone-interface-client-1.3.0-SNAPSHOT.jar:?]
	at org.apache.hadoop.ipc.ProtobufRpcEngine$Server.processCall(ProtobufRpcEngine.java:466) [hadoop-common-3.3.1.jar:?]
	at org.apache.hadoop.ipc.ProtobufRpcEngine2$Server$ProtoBufRpcInvoker.call(ProtobufRpcEngine2.java:574) [hadoop-common-3.3.1.jar:?]
	at org.apache.hadoop.ipc.ProtobufRpcEngine2$Server$ProtoBufRpcInvoker.call(ProtobufRpcEngine2.java:552) [hadoop-common-3.3.1.jar:?]
	at org.apache.hadoop.ipc.RPC$Server.call(RPC.java:1093) [hadoop-common-3.3.1.jar:?]
	at org.apache.hadoop.ipc.Server$RpcCall.run(Server.java:1035) [hadoop-common-3.3.1.jar:?]
	at org.apache.hadoop.ipc.Server$RpcCall.run(Server.java:963) [hadoop-common-3.3.1.jar:?]
	at java.security.AccessController.doPrivileged(Native Method) ~[?:1.8.0_322]
	at javax.security.auth.Subject.doAs(Subject.java:422) [?:1.8.0_322]
	at org.apache.hadoop.security.UserGroupInformation.doAs(UserGroupInformation.java:1878) [hadoop-common-3.3.1.jar:?]
	at org.apache.hadoop.ipc.Server$Handler.run(Server.java:2966) [hadoop-common-3.3.1.jar:?]
03:16:33.702 [IPC Server handler 7 on default port 37999] ERROR OMAudit - user=runner | ip=127.0.0.1 | op=GET_FILE_STATUS {volume=volume59199, bucket=bucket34041, key=.Trash, dataSize=0, replicationConfig=null} | ret=FAILURE
org.apache.hadoop.ozone.om.exceptions.OMException: Unable to get file status: volume: volume59199 bucket: bucket34041 key: .Trash
	at org.apache.hadoop.ozone.om.KeyManagerImpl.getOzoneFileStatus(KeyManagerImpl.java:1280) ~[ozone-manager-1.3.0-SNAPSHOT.jar:?]
	at org.apache.hadoop.ozone.om.KeyManagerImpl.getFileStatus(KeyManagerImpl.java:1210) ~[ozone-manager-1.3.0-SNAPSHOT.jar:?]
	at org.apache.hadoop.ozone.om.OzoneManager.getFileStatus(OzoneManager.java:3067) ~[ozone-manager-1.3.0-SNAPSHOT.jar:?]
	at org.apache.hadoop.ozone.protocolPB.OzoneManagerRequestHandler.getOzoneFileStatus(OzoneManagerRequestHandler.java:670) ~[ozone-manager-1.3.0-SNAPSHOT.jar:?]
	at org.apache.hadoop.ozone.protocolPB.OzoneManagerRequestHandler.handleReadRequest(OzoneManagerRequestHandler.java:201) ~[ozone-manager-1.3.0-SNAPSHOT.jar:?]
	at org.apache.hadoop.ozone.protocolPB.OzoneManagerProtocolServerSideTranslatorPB.submitReadRequestToOM(OzoneManagerProtocolServerSideTranslatorPB.java:213) ~[ozone-manager-1.3.0-SNAPSHOT.jar:?]
	at org.apache.hadoop.ozone.protocolPB.OzoneManagerProtocolServerSideTranslatorPB.processRequest(OzoneManagerProtocolServerSideTranslatorPB.java:174) ~[ozone-manager-1.3.0-SNAPSHOT.jar:?]
	at org.apache.hadoop.hdds.server.OzoneProtocolMessageDispatcher.processRequest(OzoneProtocolMessageDispatcher.java:87) [hdds-server-framework-1.3.0-SNAPSHOT.jar:?]
	at org.apache.hadoop.ozone.protocolPB.OzoneManagerProtocolServerSideTranslatorPB.submitRequest(OzoneManagerProtocolServerSideTranslatorPB.java:146) [ozone-manager-1.3.0-SNAPSHOT.jar:?]
	at org.apache.hadoop.ozone.protocol.proto.OzoneManagerProtocolProtos$OzoneManagerService$2.callBlockingMethod(OzoneManagerProtocolProtos.java) [ozone-interface-client-1.3.0-SNAPSHOT.jar:?]
	at org.apache.hadoop.ipc.ProtobufRpcEngine$Server.processCall(ProtobufRpcEngine.java:466) [hadoop-common-3.3.1.jar:?]
	at org.apache.hadoop.ipc.ProtobufRpcEngine2$Server$ProtoBufRpcInvoker.call(ProtobufRpcEngine2.java:574) [hadoop-common-3.3.1.jar:?]
	at org.apache.hadoop.ipc.ProtobufRpcEngine2$Server$ProtoBufRpcInvoker.call(ProtobufRpcEngine2.java:552) [hadoop-common-3.3.1.jar:?]
	at org.apache.hadoop.ipc.RPC$Server.call(RPC.java:1093) [hadoop-common-3.3.1.jar:?]
	at org.apache.hadoop.ipc.Server$RpcCall.run(Server.java:1035) [hadoop-common-3.3.1.jar:?]
	at org.apache.hadoop.ipc.Server$RpcCall.run(Server.java:963) [hadoop-common-3.3.1.jar:?]
	at java.security.AccessController.doPrivileged(Native Method) ~[?:1.8.0_322]
	at javax.security.auth.Subject.doAs(Subject.java:422) [?:1.8.0_322]
	at org.apache.hadoop.security.UserGroupInformation.doAs(UserGroupInformation.java:1878) [hadoop-common-3.3.1.jar:?]
	at org.apache.hadoop.ipc.Server$Handler.run(Server.java:2966) [hadoop-common-3.3.1.jar:?]
03:16:33.732 [IPC Server handler 14 on default port 37999] ERROR OMAudit - user=runner | ip=127.0.0.1 | op=GET_FILE_STATUS {volume=volume59199, bucket=bucket34041, key=.Trash/runner, dataSize=0, replicationConfig=null} | ret=FAILURE
org.apache.hadoop.ozone.om.exceptions.OMException: Unable to get file status: volume: volume59199 bucket: bucket34041 key: .Trash/runner
	at org.apache.hadoop.ozone.om.KeyManagerImpl.getOzoneFileStatus(KeyManagerImpl.java:1280) ~[ozone-manager-1.3.0-SNAPSHOT.jar:?]
	at org.apache.hadoop.ozone.om.KeyManagerImpl.getFileStatus(KeyManagerImpl.java:1210) ~[ozone-manager-1.3.0-SNAPSHOT.jar:?]
	at org.apache.hadoop.ozone.om.OzoneManager.getFileStatus(OzoneManager.java:3067) ~[ozone-manager-1.3.0-SNAPSHOT.jar:?]
	at org.apache.hadoop.ozone.protocolPB.OzoneManagerRequestHandler.getOzoneFileStatus(OzoneManagerRequestHandler.java:670) ~[ozone-manager-1.3.0-SNAPSHOT.jar:?]
	at org.apache.hadoop.ozone.protocolPB.OzoneManagerRequestHandler.handleReadRequest(OzoneManagerRequestHandler.java:201) ~[ozone-manager-1.3.0-SNAPSHOT.jar:?]
	at org.apache.hadoop.ozone.protocolPB.OzoneManagerProtocolServerSideTranslatorPB.submitReadRequestToOM(OzoneManagerProtocolServerSideTranslatorPB.java:213) ~[ozone-manager-1.3.0-SNAPSHOT.jar:?]
	at org.apache.hadoop.ozone.protocolPB.OzoneManagerProtocolServerSideTranslatorPB.processRequest(OzoneManagerProtocolServerSideTranslatorPB.java:174) ~[ozone-manager-1.3.0-SNAPSHOT.jar:?]
	at org.apache.hadoop.hdds.server.OzoneProtocolMessageDispatcher.processRequest(OzoneProtocolMessageDispatcher.java:87) [hdds-server-framework-1.3.0-SNAPSHOT.jar:?]
	at org.apache.hadoop.ozone.protocolPB.OzoneManagerProtocolServerSideTranslatorPB.submitRequest(OzoneManagerProtocolServerSideTranslatorPB.java:146) [ozone-manager-1.3.0-SNAPSHOT.jar:?]
	at org.apache.hadoop.ozone.protocol.proto.OzoneManagerProtocolProtos$OzoneManagerService$2.callBlockingMethod(OzoneManagerProtocolProtos.java) [ozone-interface-client-1.3.0-SNAPSHOT.jar:?]
	at org.apache.hadoop.ipc.ProtobufRpcEngine$Server.processCall(ProtobufRpcEngine.java:466) [hadoop-common-3.3.1.jar:?]
	at org.apache.hadoop.ipc.ProtobufRpcEngine2$Server$ProtoBufRpcInvoker.call(ProtobufRpcEngine2.java:574) [hadoop-common-3.3.1.jar:?]
	at org.apache.hadoop.ipc.ProtobufRpcEngine2$Server$ProtoBufRpcInvoker.call(ProtobufRpcEngine2.java:552) [hadoop-common-3.3.1.jar:?]
	at org.apache.hadoop.ipc.RPC$Server.call(RPC.java:1093) [hadoop-common-3.3.1.jar:?]
	at org.apache.hadoop.ipc.Server$RpcCall.run(Server.java:1035) [hadoop-common-3.3.1.jar:?]
	at org.apache.hadoop.ipc.Server$RpcCall.run(Server.java:963) [hadoop-common-3.3.1.jar:?]
	at java.security.AccessController.doPrivileged(Native Method) ~[?:1.8.0_322]
	at javax.security.auth.Subject.doAs(Subject.java:422) [?:1.8.0_322]
	at org.apache.hadoop.security.UserGroupInformation.doAs(UserGroupInformation.java:1878) [hadoop-common-3.3.1.jar:?]
	at org.apache.hadoop.ipc.Server$Handler.run(Server.java:2966) [hadoop-common-3.3.1.jar:?]
03:16:33.748 [IPC Server handler 16 on default port 37999] ERROR OMAudit - user=runner | ip=127.0.0.1 | op=GET_FILE_STATUS {volume=volume59259, bucket=trashroottest2, key=.Trash/runner, dataSize=0, replicationConfig=null} | ret=FAILURE
org.apache.hadoop.ozone.om.exceptions.OMException: Unable to get file status: volume: volume59259 bucket: trashroottest2 key: .Trash/runner
	at org.apache.hadoop.ozone.om.KeyManagerImpl.getOzoneFileStatus(KeyManagerImpl.java:1280) ~[ozone-manager-1.3.0-SNAPSHOT.jar:?]
	at org.apache.hadoop.ozone.om.KeyManagerImpl.getFileStatus(KeyManagerImpl.java:1210) ~[ozone-manager-1.3.0-SNAPSHOT.jar:?]
	at org.apache.hadoop.ozone.om.OzoneManager.getFileStatus(OzoneManager.java:3067) ~[ozone-manager-1.3.0-SNAPSHOT.jar:?]
	at org.apache.hadoop.ozone.protocolPB.OzoneManagerRequestHandler.getOzoneFileStatus(OzoneManagerRequestHandler.java:670) ~[ozone-manager-1.3.0-SNAPSHOT.jar:?]
	at org.apache.hadoop.ozone.protocolPB.OzoneManagerRequestHandler.handleReadRequest(OzoneManagerRequestHandler.java:201) ~[ozone-manager-1.3.0-SNAPSHOT.jar:?]
	at org.apache.hadoop.ozone.protocolPB.OzoneManagerProtocolServerSideTranslatorPB.submitReadRequestToOM(OzoneManagerProtocolServerSideTranslatorPB.java:213) ~[ozone-manager-1.3.0-SNAPSHOT.jar:?]
	at org.apache.hadoop.ozone.protocolPB.OzoneManagerProtocolServerSideTranslatorPB.processRequest(OzoneManagerProtocolServerSideTranslatorPB.java:174) ~[ozone-manager-1.3.0-SNAPSHOT.jar:?]
	at org.apache.hadoop.hdds.server.OzoneProtocolMessageDispatcher.processRequest(OzoneProtocolMessageDispatcher.java:87) [hdds-server-framework-1.3.0-SNAPSHOT.jar:?]
	at org.apache.hadoop.ozone.protocolPB.OzoneManagerProtocolServerSideTranslatorPB.submitRequest(OzoneManagerProtocolServerSideTranslatorPB.java:146) [ozone-manager-1.3.0-SNAPSHOT.jar:?]
	at org.apache.hadoop.ozone.protocol.proto.OzoneManagerProtocolProtos$OzoneManagerService$2.callBlockingMethod(OzoneManagerProtocolProtos.java) [ozone-interface-client-1.3.0-SNAPSHOT.jar:?]
	at org.apache.hadoop.ipc.ProtobufRpcEngine$Server.processCall(ProtobufRpcEngine.java:466) [hadoop-common-3.3.1.jar:?]
	at org.apache.hadoop.ipc.ProtobufRpcEngine2$Server$ProtoBufRpcInvoker.call(ProtobufRpcEngine2.java:574) [hadoop-common-3.3.1.jar:?]
	at org.apache.hadoop.ipc.ProtobufRpcEngine2$Server$ProtoBufRpcInvoker.call(ProtobufRpcEngine2.java:552) [hadoop-common-3.3.1.jar:?]
	at org.apache.hadoop.ipc.RPC$Server.call(RPC.java:1093) [hadoop-common-3.3.1.jar:?]
	at org.apache.hadoop.ipc.Server$RpcCall.run(Server.java:1035) [hadoop-common-3.3.1.jar:?]
	at org.apache.hadoop.ipc.Server$RpcCall.run(Server.java:963) [hadoop-common-3.3.1.jar:?]
	at java.security.AccessController.doPrivileged(Native Method) ~[?:1.8.0_322]
	at javax.security.auth.Subject.doAs(Subject.java:422) [?:1.8.0_322]
	at org.apache.hadoop.security.UserGroupInformation.doAs(UserGroupInformation.java:1878) [hadoop-common-3.3.1.jar:?]
	at org.apache.hadoop.ipc.Server$Handler.run(Server.java:2966) [hadoop-common-3.3.1.jar:?]
03:16:33.753 [IPC Server handler 0 on default port 37999] ERROR OMAudit - user=runner | ip=127.0.0.1 | op=GET_FILE_STATUS {volume=12ab40d5-dc17-4f8f-a2f8-7b6ada6f833d, bucket=fc07c1fd-934f-4e27-a285-13e4efa0d8a3, key=.Trash, dataSize=0, replicationConfig=null} | ret=FAILURE
org.apache.hadoop.ozone.om.exceptions.OMException: Unable to get file status: volume: 12ab40d5-dc17-4f8f-a2f8-7b6ada6f833d bucket: fc07c1fd-934f-4e27-a285-13e4efa0d8a3 key: .Trash
	at org.apache.hadoop.ozone.om.KeyManagerImpl.getOzoneFileStatus(KeyManagerImpl.java:1280) ~[ozone-manager-1.3.0-SNAPSHOT.jar:?]
	at org.apache.hadoop.ozone.om.KeyManagerImpl.getFileStatus(KeyManagerImpl.java:1210) ~[ozone-manager-1.3.0-SNAPSHOT.jar:?]
	at org.apache.hadoop.ozone.om.OzoneManager.getFileStatus(OzoneManager.java:3067) ~[ozone-manager-1.3.0-SNAPSHOT.jar:?]
	at org.apache.hadoop.ozone.protocolPB.OzoneManagerRequestHandler.getOzoneFileStatus(OzoneManagerRequestHandler.java:670) ~[ozone-manager-1.3.0-SNAPSHOT.jar:?]
	at org.apache.hadoop.ozone.protocolPB.OzoneManagerRequestHandler.handleReadRequest(OzoneManagerRequestHandler.java:201) ~[ozone-manager-1.3.0-SNAPSHOT.jar:?]
	at org.apache.hadoop.ozone.protocolPB.OzoneManagerProtocolServerSideTranslatorPB.submitReadRequestToOM(OzoneManagerProtocolServerSideTranslatorPB.java:213) ~[ozone-manager-1.3.0-SNAPSHOT.jar:?]
	at org.apache.hadoop.ozone.protocolPB.OzoneManagerProtocolServerSideTranslatorPB.processRequest(OzoneManagerProtocolServerSideTranslatorPB.java:174) ~[ozone-manager-1.3.0-SNAPSHOT.jar:?]
	at org.apache.hadoop.hdds.server.OzoneProtocolMessageDispatcher.processRequest(OzoneProtocolMessageDispatcher.java:87) [hdds-server-framework-1.3.0-SNAPSHOT.jar:?]
	at org.apache.hadoop.ozone.protocolPB.OzoneManagerProtocolServerSideTranslatorPB.submitRequest(OzoneManagerProtocolServerSideTranslatorPB.java:146) [ozone-manager-1.3.0-SNAPSHOT.jar:?]
	at org.apache.hadoop.ozone.protocol.proto.OzoneManagerProtocolProtos$OzoneManagerService$2.callBlockingMethod(OzoneManagerProtocolProtos.java) [ozone-interface-client-1.3.0-SNAPSHOT.jar:?]
	at org.apache.hadoop.ipc.ProtobufRpcEngine$Server.processCall(ProtobufRpcEngine.java:466) [hadoop-common-3.3.1.jar:?]
	at org.apache.hadoop.ipc.ProtobufRpcEngine2$Server$ProtoBufRpcInvoker.call(ProtobufRpcEngine2.java:574) [hadoop-common-3.3.1.jar:?]
	at org.apache.hadoop.ipc.ProtobufRpcEngine2$Server$ProtoBufRpcInvoker.call(ProtobufRpcEngine2.java:552) [hadoop-common-3.3.1.jar:?]
	at org.apache.hadoop.ipc.RPC$Server.call(RPC.java:1093) [hadoop-common-3.3.1.jar:?]
	at org.apache.hadoop.ipc.Server$RpcCall.run(Server.java:1035) [hadoop-common-3.3.1.jar:?]
	at org.apache.hadoop.ipc.Server$RpcCall.run(Server.java:963) [hadoop-common-3.3.1.jar:?]
	at java.security.AccessController.doPrivileged(Native Method) ~[?:1.8.0_322]
	at javax.security.auth.Subject.doAs(Subject.java:422) [?:1.8.0_322]
	at org.apache.hadoop.security.UserGroupInformation.doAs(UserGroupInformation.java:1878) [hadoop-common-3.3.1.jar:?]
	at org.apache.hadoop.ipc.Server$Handler.run(Server.java:2966) [hadoop-common-3.3.1.jar:?]
03:16:33.757 [IPC Server handler 3 on default port 37999] ERROR OMAudit - user=runner | ip=127.0.0.1 | op=GET_FILE_STATUS {volume=volume59199, bucket=bucket34041, key=.Trash, dataSize=0, replicationConfig=null} | ret=FAILURE
org.apache.hadoop.ozone.om.exceptions.OMException: Unable to get file status: volume: volume59199 bucket: bucket34041 key: .Trash
	at org.apache.hadoop.ozone.om.KeyManagerImpl.getOzoneFileStatus(KeyManagerImpl.java:1280) ~[ozone-manager-1.3.0-SNAPSHOT.jar:?]
	at org.apache.hadoop.ozone.om.KeyManagerImpl.getFileStatus(KeyManagerImpl.java:1210) ~[ozone-manager-1.3.0-SNAPSHOT.jar:?]
	at org.apache.hadoop.ozone.om.OzoneManager.getFileStatus(OzoneManager.java:3067) ~[ozone-manager-1.3.0-SNAPSHOT.jar:?]
	at org.apache.hadoop.ozone.protocolPB.OzoneManagerRequestHandler.getOzoneFileStatus(OzoneManagerRequestHandler.java:670) ~[ozone-manager-1.3.0-SNAPSHOT.jar:?]
	at org.apache.hadoop.ozone.protocolPB.OzoneManagerRequestHandler.handleReadRequest(OzoneManagerRequestHandler.java:201) ~[ozone-manager-1.3.0-SNAPSHOT.jar:?]
	at org.apache.hadoop.ozone.protocolPB.OzoneManagerProtocolServerSideTranslatorPB.submitReadRequestToOM(OzoneManagerProtocolServerSideTranslatorPB.java:213) ~[ozone-manager-1.3.0-SNAPSHOT.jar:?]
	at org.apache.hadoop.ozone.protocolPB.OzoneManagerProtocolServerSideTranslatorPB.processRequest(OzoneManagerProtocolServerSideTranslatorPB.java:174) ~[ozone-manager-1.3.0-SNAPSHOT.jar:?]
	at org.apache.hadoop.hdds.server.OzoneProtocolMessageDispatcher.processRequest(OzoneProtocolMessageDispatcher.java:87) [hdds-server-framework-1.3.0-SNAPSHOT.jar:?]
	at org.apache.hadoop.ozone.protocolPB.OzoneManagerProtocolServerSideTranslatorPB.submitRequest(OzoneManagerProtocolServerSideTranslatorPB.java:146) [ozone-manager-1.3.0-SNAPSHOT.jar:?]
	at org.apache.hadoop.ozone.protocol.proto.OzoneManagerProtocolProtos$OzoneManagerService$2.callBlockingMethod(OzoneManagerProtocolProtos.java) [ozone-interface-client-1.3.0-SNAPSHOT.jar:?]
	at org.apache.hadoop.ipc.ProtobufRpcEngine$Server.processCall(ProtobufRpcEngine.java:466) [hadoop-common-3.3.1.jar:?]
	at org.apache.hadoop.ipc.ProtobufRpcEngine2$Server$ProtoBufRpcInvoker.call(ProtobufRpcEngine2.java:574) [hadoop-common-3.3.1.jar:?]
	at org.apache.hadoop.ipc.ProtobufRpcEngine2$Server$ProtoBufRpcInvoker.call(ProtobufRpcEngine2.java:552) [hadoop-common-3.3.1.jar:?]
	at org.apache.hadoop.ipc.RPC$Server.call(RPC.java:1093) [hadoop-common-3.3.1.jar:?]
	at org.apache.hadoop.ipc.Server$RpcCall.run(Server.java:1035) [hadoop-common-3.3.1.jar:?]
	at org.apache.hadoop.ipc.Server$RpcCall.run(Server.java:963) [hadoop-common-3.3.1.jar:?]
	at java.security.AccessController.doPrivileged(Native Method) ~[?:1.8.0_322]
	at javax.security.auth.Subject.doAs(Subject.java:422) [?:1.8.0_322]
	at org.apache.hadoop.security.UserGroupInformation.doAs(UserGroupInformation.java:1878) [hadoop-common-3.3.1.jar:?]
	at org.apache.hadoop.ipc.Server$Handler.run(Server.java:2966) [hadoop-common-3.3.1.jar:?]
03:16:33.784 [IPC Server handler 18 on default port 37999] ERROR OMAudit - user=runner | ip=127.0.0.1 | op=GET_FILE_STATUS {volume=volume59259, bucket=trashroottest2, key=.Trash, dataSize=0, replicationConfig=null} | ret=FAILURE
org.apache.hadoop.ozone.om.exceptions.OMException: Unable to get file status: volume: volume59259 bucket: trashroottest2 key: .Trash
	at org.apache.hadoop.ozone.om.KeyManagerImpl.getOzoneFileStatus(KeyManagerImpl.java:1280) ~[ozone-manager-1.3.0-SNAPSHOT.jar:?]
	at org.apache.hadoop.ozone.om.KeyManagerImpl.getFileStatus(KeyManagerImpl.java:1210) ~[ozone-manager-1.3.0-SNAPSHOT.jar:?]
	at org.apache.hadoop.ozone.om.OzoneManager.getFileStatus(OzoneManager.java:3067) ~[ozone-manager-1.3.0-SNAPSHOT.jar:?]
	at org.apache.hadoop.ozone.protocolPB.OzoneManagerRequestHandler.getOzoneFileStatus(OzoneManagerRequestHandler.java:670) ~[ozone-manager-1.3.0-SNAPSHOT.jar:?]
	at org.apache.hadoop.ozone.protocolPB.OzoneManagerRequestHandler.handleReadRequest(OzoneManagerRequestHandler.java:201) ~[ozone-manager-1.3.0-SNAPSHOT.jar:?]
	at org.apache.hadoop.ozone.protocolPB.OzoneManagerProtocolServerSideTranslatorPB.submitReadRequestToOM(OzoneManagerProtocolServerSideTranslatorPB.java:213) ~[ozone-manager-1.3.0-SNAPSHOT.jar:?]
	at org.apache.hadoop.ozone.protocolPB.OzoneManagerProtocolServerSideTranslatorPB.processRequest(OzoneManagerProtocolServerSideTranslatorPB.java:174) ~[ozone-manager-1.3.0-SNAPSHOT.jar:?]
	at org.apache.hadoop.hdds.server.OzoneProtocolMessageDispatcher.processRequest(OzoneProtocolMessageDispatcher.java:87) [hdds-server-framework-1.3.0-SNAPSHOT.jar:?]
	at org.apache.hadoop.ozone.protocolPB.OzoneManagerProtocolServerSideTranslatorPB.submitRequest(OzoneManagerProtocolServerSideTranslatorPB.java:146) [ozone-manager-1.3.0-SNAPSHOT.jar:?]
	at org.apache.hadoop.ozone.protocol.proto.OzoneManagerProtocolProtos$OzoneManagerService$2.callBlockingMethod(OzoneManagerProtocolProtos.java) [ozone-interface-client-1.3.0-SNAPSHOT.jar:?]
	at org.apache.hadoop.ipc.ProtobufRpcEngine$Server.processCall(ProtobufRpcEngine.java:466) [hadoop-common-3.3.1.jar:?]
	at org.apache.hadoop.ipc.ProtobufRpcEngine2$Server$ProtoBufRpcInvoker.call(ProtobufRpcEngine2.java:574) [hadoop-common-3.3.1.jar:?]
	at org.apache.hadoop.ipc.ProtobufRpcEngine2$Server$ProtoBufRpcInvoker.call(ProtobufRpcEngine2.java:552) [hadoop-common-3.3.1.jar:?]
	at org.apache.hadoop.ipc.RPC$Server.call(RPC.java:1093) [hadoop-common-3.3.1.jar:?]
	at org.apache.hadoop.ipc.Server$RpcCall.run(Server.java:1035) [hadoop-common-3.3.1.jar:?]
	at org.apache.hadoop.ipc.Server$RpcCall.run(Server.java:963) [hadoop-common-3.3.1.jar:?]
	at java.security.AccessController.doPrivileged(Native Method) ~[?:1.8.0_322]
	at javax.security.auth.Subject.doAs(Subject.java:422) [?:1.8.0_322]
	at org.apache.hadoop.security.UserGroupInformation.doAs(UserGroupInformation.java:1878) [hadoop-common-3.3.1.jar:?]
	at org.apache.hadoop.ipc.Server$Handler.run(Server.java:2966) [hadoop-common-3.3.1.jar:?]
03:16:33.817 [IPC Server handler 2 on default port 37999] ERROR OMAudit - user=runner | ip=127.0.0.1 | op=GET_FILE_STATUS {volume=volume59199, bucket=bucket34041, key=.Trash/runner, dataSize=0, replicationConfig=null} | ret=FAILURE
org.apache.hadoop.ozone.om.exceptions.OMException: Unable to get file status: volume: volume59199 bucket: bucket34041 key: .Trash/runner
	at org.apache.hadoop.ozone.om.KeyManagerImpl.getOzoneFileStatus(KeyManagerImpl.java:1280) ~[ozone-manager-1.3.0-SNAPSHOT.jar:?]
	at org.apache.hadoop.ozone.om.KeyManagerImpl.getFileStatus(KeyManagerImpl.java:1210) ~[ozone-manager-1.3.0-SNAPSHOT.jar:?]
	at org.apache.hadoop.ozone.om.OzoneManager.getFileStatus(OzoneManager.java:3067) ~[ozone-manager-1.3.0-SNAPSHOT.jar:?]
	at org.apache.hadoop.ozone.protocolPB.OzoneManagerRequestHandler.getOzoneFileStatus(OzoneManagerRequestHandler.java:670) ~[ozone-manager-1.3.0-SNAPSHOT.jar:?]
	at org.apache.hadoop.ozone.protocolPB.OzoneManagerRequestHandler.handleReadRequest(OzoneManagerRequestHandler.java:201) ~[ozone-manager-1.3.0-SNAPSHOT.jar:?]
	at org.apache.hadoop.ozone.protocolPB.OzoneManagerProtocolServerSideTranslatorPB.submitReadRequestToOM(OzoneManagerProtocolServerSideTranslatorPB.java:213) ~[ozone-manager-1.3.0-SNAPSHOT.jar:?]
	at org.apache.hadoop.ozone.protocolPB.OzoneManagerProtocolServerSideTranslatorPB.processRequest(OzoneManagerProtocolServerSideTranslatorPB.java:174) ~[ozone-manager-1.3.0-SNAPSHOT.jar:?]
	at org.apache.hadoop.hdds.server.OzoneProtocolMessageDispatcher.processRequest(OzoneProtocolMessageDispatcher.java:87) [hdds-server-framework-1.3.0-SNAPSHOT.jar:?]
	at org.apache.hadoop.ozone.protocolPB.OzoneManagerProtocolServerSideTranslatorPB.submitRequest(OzoneManagerProtocolServerSideTranslatorPB.java:146) [ozone-manager-1.3.0-SNAPSHOT.jar:?]
	at org.apache.hadoop.ozone.protocol.proto.OzoneManagerProtocolProtos$OzoneManagerService$2.callBlockingMethod(OzoneManagerProtocolProtos.java) [ozone-interface-client-1.3.0-SNAPSHOT.jar:?]
	at org.apache.hadoop.ipc.ProtobufRpcEngine$Server.processCall(ProtobufRpcEngine.java:466) [hadoop-common-3.3.1.jar:?]
	at org.apache.hadoop.ipc.ProtobufRpcEngine2$Server$ProtoBufRpcInvoker.call(ProtobufRpcEngine2.java:574) [hadoop-common-3.3.1.jar:?]
	at org.apache.hadoop.ipc.ProtobufRpcEngine2$Server$ProtoBufRpcInvoker.call(ProtobufRpcEngine2.java:552) [hadoop-common-3.3.1.jar:?]
	at org.apache.hadoop.ipc.RPC$Server.call(RPC.java:1093) [hadoop-common-3.3.1.jar:?]
	at org.apache.hadoop.ipc.Server$RpcCall.run(Server.java:1035) [hadoop-common-3.3.1.jar:?]
	at org.apache.hadoop.ipc.Server$RpcCall.run(Server.java:963) [hadoop-common-3.3.1.jar:?]
	at java.security.AccessController.doPrivileged(Native Method) ~[?:1.8.0_322]
	at javax.security.auth.Subject.doAs(Subject.java:422) [?:1.8.0_322]
	at org.apache.hadoop.security.UserGroupInformation.doAs(UserGroupInformation.java:1878) [hadoop-common-3.3.1.jar:?]
	at org.apache.hadoop.ipc.Server$Handler.run(Server.java:2966) [hadoop-common-3.3.1.jar:?]
03:16:33.836 [IPC Server handler 6 on default port 37999] ERROR OMAudit - user=runner | ip=127.0.0.1 | op=GET_FILE_STATUS {volume=volume59259, bucket=trashroottest2, key=.Trash/runner, dataSize=0, replicationConfig=null} | ret=FAILURE
org.apache.hadoop.ozone.om.exceptions.OMException: Unable to get file status: volume: volume59259 bucket: trashroottest2 key: .Trash/runner
	at org.apache.hadoop.ozone.om.KeyManagerImpl.getOzoneFileStatus(KeyManagerImpl.java:1280) ~[ozone-manager-1.3.0-SNAPSHOT.jar:?]
	at org.apache.hadoop.ozone.om.KeyManagerImpl.getFileStatus(KeyManagerImpl.java:1210) ~[ozone-manager-1.3.0-SNAPSHOT.jar:?]
	at org.apache.hadoop.ozone.om.OzoneManager.getFileStatus(OzoneManager.java:3067) ~[ozone-manager-1.3.0-SNAPSHOT.jar:?]
	at org.apache.hadoop.ozone.protocolPB.OzoneManagerRequestHandler.getOzoneFileStatus(OzoneManagerRequestHandler.java:670) ~[ozone-manager-1.3.0-SNAPSHOT.jar:?]
	at org.apache.hadoop.ozone.protocolPB.OzoneManagerRequestHandler.handleReadRequest(OzoneManagerRequestHandler.java:201) ~[ozone-manager-1.3.0-SNAPSHOT.jar:?]
	at org.apache.hadoop.ozone.protocolPB.OzoneManagerProtocolServerSideTranslatorPB.submitReadRequestToOM(OzoneManagerProtocolServerSideTranslatorPB.java:213) ~[ozone-manager-1.3.0-SNAPSHOT.jar:?]
	at org.apache.hadoop.ozone.protocolPB.OzoneManagerProtocolServerSideTranslatorPB.processRequest(OzoneManagerProtocolServerSideTranslatorPB.java:174) ~[ozone-manager-1.3.0-SNAPSHOT.jar:?]
	at org.apache.hadoop.hdds.server.OzoneProtocolMessageDispatcher.processRequest(OzoneProtocolMessageDispatcher.java:87) [hdds-server-framework-1.3.0-SNAPSHOT.jar:?]
	at org.apache.hadoop.ozone.protocolPB.OzoneManagerProtocolServerSideTranslatorPB.submitRequest(OzoneManagerProtocolServerSideTranslatorPB.java:146) [ozone-manager-1.3.0-SNAPSHOT.jar:?]
	at org.apache.hadoop.ozone.protocol.proto.OzoneManagerProtocolProtos$OzoneManagerService$2.callBlockingMethod(OzoneManagerProtocolProtos.java) [ozone-interface-client-1.3.0-SNAPSHOT.jar:?]
	at org.apache.hadoop.ipc.ProtobufRpcEngine$Server.processCall(ProtobufRpcEngine.java:466) [hadoop-common-3.3.1.jar:?]
	at org.apache.hadoop.ipc.ProtobufRpcEngine2$Server$ProtoBufRpcInvoker.call(ProtobufRpcEngine2.java:574) [hadoop-common-3.3.1.jar:?]
	at org.apache.hadoop.ipc.ProtobufRpcEngine2$Server$ProtoBufRpcInvoker.call(ProtobufRpcEngine2.java:552) [hadoop-common-3.3.1.jar:?]
	at org.apache.hadoop.ipc.RPC$Server.call(RPC.java:1093) [hadoop-common-3.3.1.jar:?]
	at org.apache.hadoop.ipc.Server$RpcCall.run(Server.java:1035) [hadoop-common-3.3.1.jar:?]
	at org.apache.hadoop.ipc.Server$RpcCall.run(Server.java:963) [hadoop-common-3.3.1.jar:?]
	at java.security.AccessController.doPrivileged(Native Method) ~[?:1.8.0_322]
	at javax.security.auth.Subject.doAs(Subject.java:422) [?:1.8.0_322]
	at org.apache.hadoop.security.UserGroupInformation.doAs(UserGroupInformation.java:1878) [hadoop-common-3.3.1.jar:?]
	at org.apache.hadoop.ipc.Server$Handler.run(Server.java:2966) [hadoop-common-3.3.1.jar:?]
03:16:33.880 [IPC Server handler 10 on default port 37999] ERROR OMAudit - user=runner | ip=127.0.0.1 | op=GET_FILE_STATUS {volume=12ab40d5-dc17-4f8f-a2f8-7b6ada6f833d, bucket=fc07c1fd-934f-4e27-a285-13e4efa0d8a3, key=.Trash, dataSize=0, replicationConfig=null} | ret=FAILURE
org.apache.hadoop.ozone.om.exceptions.OMException: Unable to get file status: volume: 12ab40d5-dc17-4f8f-a2f8-7b6ada6f833d bucket: fc07c1fd-934f-4e27-a285-13e4efa0d8a3 key: .Trash
	at org.apache.hadoop.ozone.om.KeyManagerImpl.getOzoneFileStatus(KeyManagerImpl.java:1280) ~[ozone-manager-1.3.0-SNAPSHOT.jar:?]
	at org.apache.hadoop.ozone.om.KeyManagerImpl.getFileStatus(KeyManagerImpl.java:1210) ~[ozone-manager-1.3.0-SNAPSHOT.jar:?]
	at org.apache.hadoop.ozone.om.OzoneManager.getFileStatus(OzoneManager.java:3067) ~[ozone-manager-1.3.0-SNAPSHOT.jar:?]
	at org.apache.hadoop.ozone.protocolPB.OzoneManagerRequestHandler.getOzoneFileStatus(OzoneManagerRequestHandler.java:670) ~[ozone-manager-1.3.0-SNAPSHOT.jar:?]
	at org.apache.hadoop.ozone.protocolPB.OzoneManagerRequestHandler.handleReadRequest(OzoneManagerRequestHandler.java:201) ~[ozone-manager-1.3.0-SNAPSHOT.jar:?]
	at org.apache.hadoop.ozone.protocolPB.OzoneManagerProtocolServerSideTranslatorPB.submitReadRequestToOM(OzoneManagerProtocolServerSideTranslatorPB.java:213) ~[ozone-manager-1.3.0-SNAPSHOT.jar:?]
	at org.apache.hadoop.ozone.protocolPB.OzoneManagerProtocolServerSideTranslatorPB.processRequest(OzoneManagerProtocolServerSideTranslatorPB.java:174) ~[ozone-manager-1.3.0-SNAPSHOT.jar:?]
	at org.apache.hadoop.hdds.server.OzoneProtocolMessageDispatcher.processRequest(OzoneProtocolMessageDispatcher.java:87) [hdds-server-framework-1.3.0-SNAPSHOT.jar:?]
	at org.apache.hadoop.ozone.protocolPB.OzoneManagerProtocolServerSideTranslatorPB.submitRequest(OzoneManagerProtocolServerSideTranslatorPB.java:146) [ozone-manager-1.3.0-SNAPSHOT.jar:?]
	at org.apache.hadoop.ozone.protocol.proto.OzoneManagerProtocolProtos$OzoneManagerService$2.callBlockingMethod(OzoneManagerProtocolProtos.java) [ozone-interface-client-1.3.0-SNAPSHOT.jar:?]
	at org.apache.hadoop.ipc.ProtobufRpcEngine$Server.processCall(ProtobufRpcEngine.java:466) [hadoop-common-3.3.1.jar:?]
	at org.apache.hadoop.ipc.ProtobufRpcEngine2$Server$ProtoBufRpcInvoker.call(ProtobufRpcEngine2.java:574) [hadoop-common-3.3.1.jar:?]
	at org.apache.hadoop.ipc.ProtobufRpcEngine2$Server$ProtoBufRpcInvoker.call(ProtobufRpcEngine2.java:552) [hadoop-common-3.3.1.jar:?]
	at org.apache.hadoop.ipc.RPC$Server.call(RPC.java:1093) [hadoop-common-3.3.1.jar:?]
	at org.apache.hadoop.ipc.Server$RpcCall.run(Server.java:1035) [hadoop-common-3.3.1.jar:?]
	at org.apache.hadoop.ipc.Server$RpcCall.run(Server.java:963) [hadoop-common-3.3.1.jar:?]
	at java.security.AccessController.doPrivileged(Native Method) ~[?:1.8.0_322]
	at javax.security.auth.Subject.doAs(Subject.java:422) [?:1.8.0_322]
	at org.apache.hadoop.security.UserGroupInformation.doAs(UserGroupInformation.java:1878) [hadoop-common-3.3.1.jar:?]
	at org.apache.hadoop.ipc.Server$Handler.run(Server.java:2966) [hadoop-common-3.3.1.jar:?]
03:16:33.882 [IPC Server handler 18 on default port 37999] ERROR OMAudit - user=runner | ip=127.0.0.1 | op=GET_FILE_STATUS {volume=volume59199, bucket=bucket34041, key=.Trash, dataSize=0, replicationConfig=null} | ret=FAILURE
org.apache.hadoop.ozone.om.exceptions.OMException: Unable to get file status: volume: volume59199 bucket: bucket34041 key: .Trash
	at org.apache.hadoop.ozone.om.KeyManagerImpl.getOzoneFileStatus(KeyManagerImpl.java:1280) ~[ozone-manager-1.3.0-SNAPSHOT.jar:?]
	at org.apache.hadoop.ozone.om.KeyManagerImpl.getFileStatus(KeyManagerImpl.java:1210) ~[ozone-manager-1.3.0-SNAPSHOT.jar:?]
	at org.apache.hadoop.ozone.om.OzoneManager.getFileStatus(OzoneManager.java:3067) ~[ozone-manager-1.3.0-SNAPSHOT.jar:?]
	at org.apache.hadoop.ozone.protocolPB.OzoneManagerRequestHandler.getOzoneFileStatus(OzoneManagerRequestHandler.java:670) ~[ozone-manager-1.3.0-SNAPSHOT.jar:?]
	at org.apache.hadoop.ozone.protocolPB.OzoneManagerRequestHandler.handleReadRequest(OzoneManagerRequestHandler.java:201) ~[ozone-manager-1.3.0-SNAPSHOT.jar:?]
	at org.apache.hadoop.ozone.protocolPB.OzoneManagerProtocolServerSideTranslatorPB.submitReadRequestToOM(OzoneManagerProtocolServerSideTranslatorPB.java:213) ~[ozone-manager-1.3.0-SNAPSHOT.jar:?]
	at org.apache.hadoop.ozone.protocolPB.OzoneManagerProtocolServerSideTranslatorPB.processRequest(OzoneManagerProtocolServerSideTranslatorPB.java:174) ~[ozone-manager-1.3.0-SNAPSHOT.jar:?]
	at org.apache.hadoop.hdds.server.OzoneProtocolMessageDispatcher.processRequest(OzoneProtocolMessageDispatcher.java:87) [hdds-server-framework-1.3.0-SNAPSHOT.jar:?]
	at org.apache.hadoop.ozone.protocolPB.OzoneManagerProtocolServerSideTranslatorPB.submitRequest(OzoneManagerProtocolServerSideTranslatorPB.java:146) [ozone-manager-1.3.0-SNAPSHOT.jar:?]
	at org.apache.hadoop.ozone.protocol.proto.OzoneManagerProtocolProtos$OzoneManagerService$2.callBlockingMethod(OzoneManagerProtocolProtos.java) [ozone-interface-client-1.3.0-SNAPSHOT.jar:?]
	at org.apache.hadoop.ipc.ProtobufRpcEngine$Server.processCall(ProtobufRpcEngine.java:466) [hadoop-common-3.3.1.jar:?]
	at org.apache.hadoop.ipc.ProtobufRpcEngine2$Server$ProtoBufRpcInvoker.call(ProtobufRpcEngine2.java:574) [hadoop-common-3.3.1.jar:?]
	at org.apache.hadoop.ipc.ProtobufRpcEngine2$Server$ProtoBufRpcInvoker.call(ProtobufRpcEngine2.java:552) [hadoop-common-3.3.1.jar:?]
	at org.apache.hadoop.ipc.RPC$Server.call(RPC.java:1093) [hadoop-common-3.3.1.jar:?]
	at org.apache.hadoop.ipc.Server$RpcCall.run(Server.java:1035) [hadoop-common-3.3.1.jar:?]
	at org.apache.hadoop.ipc.Server$RpcCall.run(Server.java:963) [hadoop-common-3.3.1.jar:?]
	at java.security.AccessController.doPrivileged(Native Method) ~[?:1.8.0_322]
	at javax.security.auth.Subject.doAs(Subject.java:422) [?:1.8.0_322]
	at org.apache.hadoop.security.UserGroupInformation.doAs(UserGroupInformation.java:1878) [hadoop-common-3.3.1.jar:?]
	at org.apache.hadoop.ipc.Server$Handler.run(Server.java:2966) [hadoop-common-3.3.1.jar:?]
03:16:33.892 [IPC Server handler 8 on default port 37999] ERROR OMAudit - user=runner | ip=127.0.0.1 | op=GET_FILE_STATUS {volume=volume59259, bucket=trashroottest2, key=.Trash, dataSize=0, replicationConfig=null} | ret=FAILURE
org.apache.hadoop.ozone.om.exceptions.OMException: Unable to get file status: volume: volume59259 bucket: trashroottest2 key: .Trash
	at org.apache.hadoop.ozone.om.KeyManagerImpl.getOzoneFileStatus(KeyManagerImpl.java:1280) ~[ozone-manager-1.3.0-SNAPSHOT.jar:?]
	at org.apache.hadoop.ozone.om.KeyManagerImpl.getFileStatus(KeyManagerImpl.java:1210) ~[ozone-manager-1.3.0-SNAPSHOT.jar:?]
	at org.apache.hadoop.ozone.om.OzoneManager.getFileStatus(OzoneManager.java:3067) ~[ozone-manager-1.3.0-SNAPSHOT.jar:?]
	at org.apache.hadoop.ozone.protocolPB.OzoneManagerRequestHandler.getOzoneFileStatus(OzoneManagerRequestHandler.java:670) ~[ozone-manager-1.3.0-SNAPSHOT.jar:?]
	at org.apache.hadoop.ozone.protocolPB.OzoneManagerRequestHandler.handleReadRequest(OzoneManagerRequestHandler.java:201) ~[ozone-manager-1.3.0-SNAPSHOT.jar:?]
	at org.apache.hadoop.ozone.protocolPB.OzoneManagerProtocolServerSideTranslatorPB.submitReadRequestToOM(OzoneManagerProtocolServerSideTranslatorPB.java:213) ~[ozone-manager-1.3.0-SNAPSHOT.jar:?]
	at org.apache.hadoop.ozone.protocolPB.OzoneManagerProtocolServerSideTranslatorPB.processRequest(OzoneManagerProtocolServerSideTranslatorPB.java:174) ~[ozone-manager-1.3.0-SNAPSHOT.jar:?]
	at org.apache.hadoop.hdds.server.OzoneProtocolMessageDispatcher.processRequest(OzoneProtocolMessageDispatcher.java:87) [hdds-server-framework-1.3.0-SNAPSHOT.jar:?]
	at org.apache.hadoop.ozone.protocolPB.OzoneManagerProtocolServerSideTranslatorPB.submitRequest(OzoneManagerProtocolServerSideTranslatorPB.java:146) [ozone-manager-1.3.0-SNAPSHOT.jar:?]
	at org.apache.hadoop.ozone.protocol.proto.OzoneManagerProtocolProtos$OzoneManagerService$2.callBlockingMethod(OzoneManagerProtocolProtos.java) [ozone-interface-client-1.3.0-SNAPSHOT.jar:?]
	at org.apache.hadoop.ipc.ProtobufRpcEngine$Server.processCall(ProtobufRpcEngine.java:466) [hadoop-common-3.3.1.jar:?]
	at org.apache.hadoop.ipc.ProtobufRpcEngine2$Server$ProtoBufRpcInvoker.call(ProtobufRpcEngine2.java:574) [hadoop-common-3.3.1.jar:?]
	at org.apache.hadoop.ipc.ProtobufRpcEngine2$Server$ProtoBufRpcInvoker.call(ProtobufRpcEngine2.java:552) [hadoop-common-3.3.1.jar:?]
	at org.apache.hadoop.ipc.RPC$Server.call(RPC.java:1093) [hadoop-common-3.3.1.jar:?]
	at org.apache.hadoop.ipc.Server$RpcCall.run(Server.java:1035) [hadoop-common-3.3.1.jar:?]
	at org.apache.hadoop.ipc.Server$RpcCall.run(Server.java:963) [hadoop-common-3.3.1.jar:?]
	at java.security.AccessController.doPrivileged(Native Method) ~[?:1.8.0_322]
	at javax.security.auth.Subject.doAs(Subject.java:422) [?:1.8.0_322]
	at org.apache.hadoop.security.UserGroupInformation.doAs(UserGroupInformation.java:1878) [hadoop-common-3.3.1.jar:?]
	at org.apache.hadoop.ipc.Server$Handler.run(Server.java:2966) [hadoop-common-3.3.1.jar:?]
03:16:33.909 [IPC Server handler 7 on default port 37999] ERROR OMAudit - user=runner | ip=127.0.0.1 | op=GET_FILE_STATUS {volume=volume59259, bucket=bucket14266, key=.Trash/runner, dataSize=0, replicationConfig=null} | ret=FAILURE
org.apache.hadoop.ozone.om.exceptions.OMException: Unable to get file status: volume: volume59259 bucket: bucket14266 key: .Trash/runner
	at org.apache.hadoop.ozone.om.KeyManagerImpl.getOzoneFileStatus(KeyManagerImpl.java:1280) ~[ozone-manager-1.3.0-SNAPSHOT.jar:?]
	at org.apache.hadoop.ozone.om.KeyManagerImpl.getFileStatus(KeyManagerImpl.java:1210) ~[ozone-manager-1.3.0-SNAPSHOT.jar:?]
	at org.apache.hadoop.ozone.om.OzoneManager.getFileStatus(OzoneManager.java:3067) ~[ozone-manager-1.3.0-SNAPSHOT.jar:?]
	at org.apache.hadoop.ozone.protocolPB.OzoneManagerRequestHandler.getOzoneFileStatus(OzoneManagerRequestHandler.java:670) ~[ozone-manager-1.3.0-SNAPSHOT.jar:?]
	at org.apache.hadoop.ozone.protocolPB.OzoneManagerRequestHandler.handleReadRequest(OzoneManagerRequestHandler.java:201) ~[ozone-manager-1.3.0-SNAPSHOT.jar:?]
	at org.apache.hadoop.ozone.protocolPB.OzoneManagerProtocolServerSideTranslatorPB.submitReadRequestToOM(OzoneManagerProtocolServerSideTranslatorPB.java:213) ~[ozone-manager-1.3.0-SNAPSHOT.jar:?]
	at org.apache.hadoop.ozone.protocolPB.OzoneManagerProtocolServerSideTranslatorPB.processRequest(OzoneManagerProtocolServerSideTranslatorPB.java:174) ~[ozone-manager-1.3.0-SNAPSHOT.jar:?]
	at org.apache.hadoop.hdds.server.OzoneProtocolMessageDispatcher.processRequest(OzoneProtocolMessageDispatcher.java:87) [hdds-server-framework-1.3.0-SNAPSHOT.jar:?]
	at org.apache.hadoop.ozone.protocolPB.OzoneManagerProtocolServerSideTranslatorPB.submitRequest(OzoneManagerProtocolServerSideTranslatorPB.java:146) [ozone-manager-1.3.0-SNAPSHOT.jar:?]
	at org.apache.hadoop.ozone.protocol.proto.OzoneManagerProtocolProtos$OzoneManagerService$2.callBlockingMethod(OzoneManagerProtocolProtos.java) [ozone-interface-client-1.3.0-SNAPSHOT.jar:?]
	at org.apache.hadoop.ipc.ProtobufRpcEngine$Server.processCall(ProtobufRpcEngine.java:466) [hadoop-common-3.3.1.jar:?]
	at org.apache.hadoop.ipc.ProtobufRpcEngine2$Server$ProtoBufRpcInvoker.call(ProtobufRpcEngine2.java:574) [hadoop-common-3.3.1.jar:?]
	at org.apache.hadoop.ipc.ProtobufRpcEngine2$Server$ProtoBufRpcInvoker.call(ProtobufRpcEngine2.java:552) [hadoop-common-3.3.1.jar:?]
	at org.apache.hadoop.ipc.RPC$Server.call(RPC.java:1093) [hadoop-common-3.3.1.jar:?]
	at org.apache.hadoop.ipc.Server$RpcCall.run(Server.java:1035) [hadoop-common-3.3.1.jar:?]
	at org.apache.hadoop.ipc.Server$RpcCall.run(Server.java:963) [hadoop-common-3.3.1.jar:?]
	at java.security.AccessController.doPrivileged(Native Method) ~[?:1.8.0_322]
	at javax.security.auth.Subject.doAs(Subject.java:422) [?:1.8.0_322]
	at org.apache.hadoop.security.UserGroupInformation.doAs(UserGroupInformation.java:1878) [hadoop-common-3.3.1.jar:?]
	at org.apache.hadoop.ipc.Server$Handler.run(Server.java:2966) [hadoop-common-3.3.1.jar:?]
03:16:33.915 [IPC Server handler 2 on default port 37999] ERROR OMAudit - user=runner | ip=127.0.0.1 | op=GET_FILE_STATUS {volume=12ab40d5-dc17-4f8f-a2f8-7b6ada6f833d, bucket=fc07c1fd-934f-4e27-a285-13e4efa0d8a3, key=.Trash, dataSize=0, replicationConfig=null} | ret=FAILURE
org.apache.hadoop.ozone.om.exceptions.OMException: Unable to get file status: volume: 12ab40d5-dc17-4f8f-a2f8-7b6ada6f833d bucket: fc07c1fd-934f-4e27-a285-13e4efa0d8a3 key: .Trash
	at org.apache.hadoop.ozone.om.KeyManagerImpl.getOzoneFileStatus(KeyManagerImpl.java:1280) ~[ozone-manager-1.3.0-SNAPSHOT.jar:?]
	at org.apache.hadoop.ozone.om.KeyManagerImpl.getFileStatus(KeyManagerImpl.java:1210) ~[ozone-manager-1.3.0-SNAPSHOT.jar:?]
	at org.apache.hadoop.ozone.om.OzoneManager.getFileStatus(OzoneManager.java:3067) ~[ozone-manager-1.3.0-SNAPSHOT.jar:?]
	at org.apache.hadoop.ozone.protocolPB.OzoneManagerRequestHandler.getOzoneFileStatus(OzoneManagerRequestHandler.java:670) ~[ozone-manager-1.3.0-SNAPSHOT.jar:?]
	at org.apache.hadoop.ozone.protocolPB.OzoneManagerRequestHandler.handleReadRequest(OzoneManagerRequestHandler.java:201) ~[ozone-manager-1.3.0-SNAPSHOT.jar:?]
	at org.apache.hadoop.ozone.protocolPB.OzoneManagerProtocolServerSideTranslatorPB.submitReadRequestToOM(OzoneManagerProtocolServerSideTranslatorPB.java:213) ~[ozone-manager-1.3.0-SNAPSHOT.jar:?]
	at org.apache.hadoop.ozone.protocolPB.OzoneManagerProtocolServerSideTranslatorPB.processRequest(OzoneManagerProtocolServerSideTranslatorPB.java:174) ~[ozone-manager-1.3.0-SNAPSHOT.jar:?]
	at org.apache.hadoop.hdds.server.OzoneProtocolMessageDispatcher.processRequest(OzoneProtocolMessageDispatcher.java:87) [hdds-server-framework-1.3.0-SNAPSHOT.jar:?]
	at org.apache.hadoop.ozone.protocolPB.OzoneManagerProtocolServerSideTranslatorPB.submitRequest(OzoneManagerProtocolServerSideTranslatorPB.java:146) [ozone-manager-1.3.0-SNAPSHOT.jar:?]
	at org.apache.hadoop.ozone.protocol.proto.OzoneManagerProtocolProtos$OzoneManagerService$2.callBlockingMethod(OzoneManagerProtocolProtos.java) [ozone-interface-client-1.3.0-SNAPSHOT.jar:?]
	at org.apache.hadoop.ipc.ProtobufRpcEngine$Server.processCall(ProtobufRpcEngine.java:466) [hadoop-common-3.3.1.jar:?]
	at org.apache.hadoop.ipc.ProtobufRpcEngine2$Server$ProtoBufRpcInvoker.call(ProtobufRpcEngine2.java:574) [hadoop-common-3.3.1.jar:?]
	at org.apache.hadoop.ipc.ProtobufRpcEngine2$Server$ProtoBufRpcInvoker.call(ProtobufRpcEngine2.java:552) [hadoop-common-3.3.1.jar:?]
	at org.apache.hadoop.ipc.RPC$Server.call(RPC.java:1093) [hadoop-common-3.3.1.jar:?]
	at org.apache.hadoop.ipc.Server$RpcCall.run(Server.java:1035) [hadoop-common-3.3.1.jar:?]
	at org.apache.hadoop.ipc.Server$RpcCall.run(Server.java:963) [hadoop-common-3.3.1.jar:?]
	at java.security.AccessController.doPrivileged(Native Method) ~[?:1.8.0_322]
	at javax.security.auth.Subject.doAs(Subject.java:422) [?:1.8.0_322]
	at org.apache.hadoop.security.UserGroupInformation.doAs(UserGroupInformation.java:1878) [hadoop-common-3.3.1.jar:?]
	at org.apache.hadoop.ipc.Server$Handler.run(Server.java:2966) [hadoop-common-3.3.1.jar:?]
]]></system-out>
  </testcase>
  <testcase name="testGetTrashRoots" classname="TestRootedOzoneFileSystem" time="1.181">
    <system-out><![CDATA[2022-05-04 03:18:05,073 [Time-limited test] INFO  rpc.RpcClient (RpcClient.java:createVolume(448)) - Creating Volume: volume90610, with user76410 as owner and space quota set to -1 bytes, counts quota set to -1
2022-05-04 03:18:05,074 [IPC Server handler 16 on default port 33661] INFO  volume.OMVolumeCreateRequest (OMVolumeCreateRequest.java:validateAndUpdateCache(195)) - created volume:volume90610 for user:user76410
2022-05-04 03:18:05,079 [Time-limited test] INFO  rpc.RpcClient (RpcClient.java:createBucket(637)) - Creating Bucket: volume90610/bucket24034, with runner as owner and Versioning false and Storage Type set to DISK and Encryption set to false 
2022-05-04 03:18:05,079 [IPC Server handler 14 on default port 33661] INFO  bucket.OMBucketCreateRequest (OMBucketCreateRequest.java:validateAndUpdateCache(258)) - created bucket: bucket24034 of layout LEGACY in volume: volume90610
03:18:05.109 [IPC Server handler 0 on default port 33661] ERROR OMAudit - user=runner | ip=127.0.0.1 | op=GET_FILE_STATUS {volume=volume90610, bucket=bucket24034, key=.Trash/runner, dataSize=0, replicationConfig=null} | ret=FAILURE
org.apache.hadoop.ozone.om.exceptions.OMException: Unable to get file status: volume: volume90610 bucket: bucket24034 key: .Trash/runner
	at org.apache.hadoop.ozone.om.KeyManagerImpl.getOzoneFileStatus(KeyManagerImpl.java:1280) ~[ozone-manager-1.3.0-SNAPSHOT.jar:?]
	at org.apache.hadoop.ozone.om.KeyManagerImpl.getFileStatus(KeyManagerImpl.java:1210) ~[ozone-manager-1.3.0-SNAPSHOT.jar:?]
	at org.apache.hadoop.ozone.om.OzoneManager.getFileStatus(OzoneManager.java:3067) ~[ozone-manager-1.3.0-SNAPSHOT.jar:?]
	at org.apache.hadoop.ozone.protocolPB.OzoneManagerRequestHandler.getOzoneFileStatus(OzoneManagerRequestHandler.java:670) ~[ozone-manager-1.3.0-SNAPSHOT.jar:?]
	at org.apache.hadoop.ozone.protocolPB.OzoneManagerRequestHandler.handleReadRequest(OzoneManagerRequestHandler.java:201) ~[ozone-manager-1.3.0-SNAPSHOT.jar:?]
	at org.apache.hadoop.ozone.protocolPB.OzoneManagerProtocolServerSideTranslatorPB.submitRequestDirectlyToOM(OzoneManagerProtocolServerSideTranslatorPB.java:271) ~[ozone-manager-1.3.0-SNAPSHOT.jar:?]
	at org.apache.hadoop.ozone.protocolPB.OzoneManagerProtocolServerSideTranslatorPB.processRequest(OzoneManagerProtocolServerSideTranslatorPB.java:195) ~[ozone-manager-1.3.0-SNAPSHOT.jar:?]
	at org.apache.hadoop.hdds.server.OzoneProtocolMessageDispatcher.processRequest(OzoneProtocolMessageDispatcher.java:87) [hdds-server-framework-1.3.0-SNAPSHOT.jar:?]
	at org.apache.hadoop.ozone.protocolPB.OzoneManagerProtocolServerSideTranslatorPB.submitRequest(OzoneManagerProtocolServerSideTranslatorPB.java:146) [ozone-manager-1.3.0-SNAPSHOT.jar:?]
	at org.apache.hadoop.ozone.protocol.proto.OzoneManagerProtocolProtos$OzoneManagerService$2.callBlockingMethod(OzoneManagerProtocolProtos.java) [ozone-interface-client-1.3.0-SNAPSHOT.jar:?]
	at org.apache.hadoop.ipc.ProtobufRpcEngine$Server.processCall(ProtobufRpcEngine.java:466) [hadoop-common-3.3.1.jar:?]
	at org.apache.hadoop.ipc.ProtobufRpcEngine2$Server$ProtoBufRpcInvoker.call(ProtobufRpcEngine2.java:574) [hadoop-common-3.3.1.jar:?]
	at org.apache.hadoop.ipc.ProtobufRpcEngine2$Server$ProtoBufRpcInvoker.call(ProtobufRpcEngine2.java:552) [hadoop-common-3.3.1.jar:?]
	at org.apache.hadoop.ipc.RPC$Server.call(RPC.java:1093) [hadoop-common-3.3.1.jar:?]
	at org.apache.hadoop.ipc.Server$RpcCall.run(Server.java:1035) [hadoop-common-3.3.1.jar:?]
	at org.apache.hadoop.ipc.Server$RpcCall.run(Server.java:963) [hadoop-common-3.3.1.jar:?]
	at java.security.AccessController.doPrivileged(Native Method) ~[?:1.8.0_322]
	at javax.security.auth.Subject.doAs(Subject.java:422) [?:1.8.0_322]
	at org.apache.hadoop.security.UserGroupInformation.doAs(UserGroupInformation.java:1878) [hadoop-common-3.3.1.jar:?]
	at org.apache.hadoop.ipc.Server$Handler.run(Server.java:2966) [hadoop-common-3.3.1.jar:?]
03:18:05.113 [IPC Server handler 8 on default port 33661] ERROR OMAudit - user=runner | ip=127.0.0.1 | op=GET_FILE_STATUS {volume=32e09f52-1673-4d2e-b480-efffd96958a6, bucket=0746b6c4-3bbb-4b6a-a877-4dd084fd7222, key=.Trash, dataSize=0, replicationConfig=null} | ret=FAILURE
org.apache.hadoop.ozone.om.exceptions.OMException: Unable to get file status: volume: 32e09f52-1673-4d2e-b480-efffd96958a6 bucket: 0746b6c4-3bbb-4b6a-a877-4dd084fd7222 key: .Trash
	at org.apache.hadoop.ozone.om.KeyManagerImpl.getOzoneFileStatus(KeyManagerImpl.java:1280) ~[ozone-manager-1.3.0-SNAPSHOT.jar:?]
	at org.apache.hadoop.ozone.om.KeyManagerImpl.getFileStatus(KeyManagerImpl.java:1210) ~[ozone-manager-1.3.0-SNAPSHOT.jar:?]
	at org.apache.hadoop.ozone.om.OzoneManager.getFileStatus(OzoneManager.java:3067) ~[ozone-manager-1.3.0-SNAPSHOT.jar:?]
	at org.apache.hadoop.ozone.protocolPB.OzoneManagerRequestHandler.getOzoneFileStatus(OzoneManagerRequestHandler.java:670) ~[ozone-manager-1.3.0-SNAPSHOT.jar:?]
	at org.apache.hadoop.ozone.protocolPB.OzoneManagerRequestHandler.handleReadRequest(OzoneManagerRequestHandler.java:201) ~[ozone-manager-1.3.0-SNAPSHOT.jar:?]
	at org.apache.hadoop.ozone.protocolPB.OzoneManagerProtocolServerSideTranslatorPB.submitRequestDirectlyToOM(OzoneManagerProtocolServerSideTranslatorPB.java:271) ~[ozone-manager-1.3.0-SNAPSHOT.jar:?]
	at org.apache.hadoop.ozone.protocolPB.OzoneManagerProtocolServerSideTranslatorPB.processRequest(OzoneManagerProtocolServerSideTranslatorPB.java:195) ~[ozone-manager-1.3.0-SNAPSHOT.jar:?]
	at org.apache.hadoop.hdds.server.OzoneProtocolMessageDispatcher.processRequest(OzoneProtocolMessageDispatcher.java:87) [hdds-server-framework-1.3.0-SNAPSHOT.jar:?]
	at org.apache.hadoop.ozone.protocolPB.OzoneManagerProtocolServerSideTranslatorPB.submitRequest(OzoneManagerProtocolServerSideTranslatorPB.java:146) [ozone-manager-1.3.0-SNAPSHOT.jar:?]
	at org.apache.hadoop.ozone.protocol.proto.OzoneManagerProtocolProtos$OzoneManagerService$2.callBlockingMethod(OzoneManagerProtocolProtos.java) [ozone-interface-client-1.3.0-SNAPSHOT.jar:?]
	at org.apache.hadoop.ipc.ProtobufRpcEngine$Server.processCall(ProtobufRpcEngine.java:466) [hadoop-common-3.3.1.jar:?]
	at org.apache.hadoop.ipc.ProtobufRpcEngine2$Server$ProtoBufRpcInvoker.call(ProtobufRpcEngine2.java:574) [hadoop-common-3.3.1.jar:?]
	at org.apache.hadoop.ipc.ProtobufRpcEngine2$Server$ProtoBufRpcInvoker.call(ProtobufRpcEngine2.java:552) [hadoop-common-3.3.1.jar:?]
	at org.apache.hadoop.ipc.RPC$Server.call(RPC.java:1093) [hadoop-common-3.3.1.jar:?]
	at org.apache.hadoop.ipc.Server$RpcCall.run(Server.java:1035) [hadoop-common-3.3.1.jar:?]
	at org.apache.hadoop.ipc.Server$RpcCall.run(Server.java:963) [hadoop-common-3.3.1.jar:?]
	at java.security.AccessController.doPrivileged(Native Method) ~[?:1.8.0_322]
	at javax.security.auth.Subject.doAs(Subject.java:422) [?:1.8.0_322]
	at org.apache.hadoop.security.UserGroupInformation.doAs(UserGroupInformation.java:1878) [hadoop-common-3.3.1.jar:?]
	at org.apache.hadoop.ipc.Server$Handler.run(Server.java:2966) [hadoop-common-3.3.1.jar:?]
03:18:05.126 [IPC Server handler 13 on default port 33661] ERROR OMAudit - user=runner | ip=127.0.0.1 | op=GET_FILE_STATUS {volume=volume90610, bucket=bucket24034, key=.Trash, dataSize=0, replicationConfig=null} | ret=FAILURE
org.apache.hadoop.ozone.om.exceptions.OMException: Unable to get file status: volume: volume90610 bucket: bucket24034 key: .Trash
	at org.apache.hadoop.ozone.om.KeyManagerImpl.getOzoneFileStatus(KeyManagerImpl.java:1280) ~[ozone-manager-1.3.0-SNAPSHOT.jar:?]
	at org.apache.hadoop.ozone.om.KeyManagerImpl.getFileStatus(KeyManagerImpl.java:1210) ~[ozone-manager-1.3.0-SNAPSHOT.jar:?]
	at org.apache.hadoop.ozone.om.OzoneManager.getFileStatus(OzoneManager.java:3067) ~[ozone-manager-1.3.0-SNAPSHOT.jar:?]
	at org.apache.hadoop.ozone.protocolPB.OzoneManagerRequestHandler.getOzoneFileStatus(OzoneManagerRequestHandler.java:670) ~[ozone-manager-1.3.0-SNAPSHOT.jar:?]
	at org.apache.hadoop.ozone.protocolPB.OzoneManagerRequestHandler.handleReadRequest(OzoneManagerRequestHandler.java:201) ~[ozone-manager-1.3.0-SNAPSHOT.jar:?]
	at org.apache.hadoop.ozone.protocolPB.OzoneManagerProtocolServerSideTranslatorPB.submitRequestDirectlyToOM(OzoneManagerProtocolServerSideTranslatorPB.java:271) ~[ozone-manager-1.3.0-SNAPSHOT.jar:?]
	at org.apache.hadoop.ozone.protocolPB.OzoneManagerProtocolServerSideTranslatorPB.processRequest(OzoneManagerProtocolServerSideTranslatorPB.java:195) ~[ozone-manager-1.3.0-SNAPSHOT.jar:?]
	at org.apache.hadoop.hdds.server.OzoneProtocolMessageDispatcher.processRequest(OzoneProtocolMessageDispatcher.java:87) [hdds-server-framework-1.3.0-SNAPSHOT.jar:?]
	at org.apache.hadoop.ozone.protocolPB.OzoneManagerProtocolServerSideTranslatorPB.submitRequest(OzoneManagerProtocolServerSideTranslatorPB.java:146) [ozone-manager-1.3.0-SNAPSHOT.jar:?]
	at org.apache.hadoop.ozone.protocol.proto.OzoneManagerProtocolProtos$OzoneManagerService$2.callBlockingMethod(OzoneManagerProtocolProtos.java) [ozone-interface-client-1.3.0-SNAPSHOT.jar:?]
	at org.apache.hadoop.ipc.ProtobufRpcEngine$Server.processCall(ProtobufRpcEngine.java:466) [hadoop-common-3.3.1.jar:?]
	at org.apache.hadoop.ipc.ProtobufRpcEngine2$Server$ProtoBufRpcInvoker.call(ProtobufRpcEngine2.java:574) [hadoop-common-3.3.1.jar:?]
	at org.apache.hadoop.ipc.ProtobufRpcEngine2$Server$ProtoBufRpcInvoker.call(ProtobufRpcEngine2.java:552) [hadoop-common-3.3.1.jar:?]
	at org.apache.hadoop.ipc.RPC$Server.call(RPC.java:1093) [hadoop-common-3.3.1.jar:?]
	at org.apache.hadoop.ipc.Server$RpcCall.run(Server.java:1035) [hadoop-common-3.3.1.jar:?]
	at org.apache.hadoop.ipc.Server$RpcCall.run(Server.java:963) [hadoop-common-3.3.1.jar:?]
	at java.security.AccessController.doPrivileged(Native Method) ~[?:1.8.0_322]
	at javax.security.auth.Subject.doAs(Subject.java:422) [?:1.8.0_322]
	at org.apache.hadoop.security.UserGroupInformation.doAs(UserGroupInformation.java:1878) [hadoop-common-3.3.1.jar:?]
	at org.apache.hadoop.ipc.Server$Handler.run(Server.java:2966) [hadoop-common-3.3.1.jar:?]
03:18:05.167 [IPC Server handler 16 on default port 33661] ERROR OMAudit - user=runner | ip=127.0.0.1 | op=GET_FILE_STATUS {volume=32e09f52-1673-4d2e-b480-efffd96958a6, bucket=0746b6c4-3bbb-4b6a-a877-4dd084fd7222, key=.Trash, dataSize=0, replicationConfig=null} | ret=FAILURE
org.apache.hadoop.ozone.om.exceptions.OMException: Unable to get file status: volume: 32e09f52-1673-4d2e-b480-efffd96958a6 bucket: 0746b6c4-3bbb-4b6a-a877-4dd084fd7222 key: .Trash
	at org.apache.hadoop.ozone.om.KeyManagerImpl.getOzoneFileStatus(KeyManagerImpl.java:1280) ~[ozone-manager-1.3.0-SNAPSHOT.jar:?]
	at org.apache.hadoop.ozone.om.KeyManagerImpl.getFileStatus(KeyManagerImpl.java:1210) ~[ozone-manager-1.3.0-SNAPSHOT.jar:?]
	at org.apache.hadoop.ozone.om.OzoneManager.getFileStatus(OzoneManager.java:3067) ~[ozone-manager-1.3.0-SNAPSHOT.jar:?]
	at org.apache.hadoop.ozone.protocolPB.OzoneManagerRequestHandler.getOzoneFileStatus(OzoneManagerRequestHandler.java:670) ~[ozone-manager-1.3.0-SNAPSHOT.jar:?]
	at org.apache.hadoop.ozone.protocolPB.OzoneManagerRequestHandler.handleReadRequest(OzoneManagerRequestHandler.java:201) ~[ozone-manager-1.3.0-SNAPSHOT.jar:?]
	at org.apache.hadoop.ozone.protocolPB.OzoneManagerProtocolServerSideTranslatorPB.submitRequestDirectlyToOM(OzoneManagerProtocolServerSideTranslatorPB.java:271) ~[ozone-manager-1.3.0-SNAPSHOT.jar:?]
	at org.apache.hadoop.ozone.protocolPB.OzoneManagerProtocolServerSideTranslatorPB.processRequest(OzoneManagerProtocolServerSideTranslatorPB.java:195) ~[ozone-manager-1.3.0-SNAPSHOT.jar:?]
	at org.apache.hadoop.hdds.server.OzoneProtocolMessageDispatcher.processRequest(OzoneProtocolMessageDispatcher.java:87) [hdds-server-framework-1.3.0-SNAPSHOT.jar:?]
	at org.apache.hadoop.ozone.protocolPB.OzoneManagerProtocolServerSideTranslatorPB.submitRequest(OzoneManagerProtocolServerSideTranslatorPB.java:146) [ozone-manager-1.3.0-SNAPSHOT.jar:?]
	at org.apache.hadoop.ozone.protocol.proto.OzoneManagerProtocolProtos$OzoneManagerService$2.callBlockingMethod(OzoneManagerProtocolProtos.java) [ozone-interface-client-1.3.0-SNAPSHOT.jar:?]
	at org.apache.hadoop.ipc.ProtobufRpcEngine$Server.processCall(ProtobufRpcEngine.java:466) [hadoop-common-3.3.1.jar:?]
	at org.apache.hadoop.ipc.ProtobufRpcEngine2$Server$ProtoBufRpcInvoker.call(ProtobufRpcEngine2.java:574) [hadoop-common-3.3.1.jar:?]
	at org.apache.hadoop.ipc.ProtobufRpcEngine2$Server$ProtoBufRpcInvoker.call(ProtobufRpcEngine2.java:552) [hadoop-common-3.3.1.jar:?]
	at org.apache.hadoop.ipc.RPC$Server.call(RPC.java:1093) [hadoop-common-3.3.1.jar:?]
	at org.apache.hadoop.ipc.Server$RpcCall.run(Server.java:1035) [hadoop-common-3.3.1.jar:?]
	at org.apache.hadoop.ipc.Server$RpcCall.run(Server.java:963) [hadoop-common-3.3.1.jar:?]
	at java.security.AccessController.doPrivileged(Native Method) ~[?:1.8.0_322]
	at javax.security.auth.Subject.doAs(Subject.java:422) [?:1.8.0_322]
	at org.apache.hadoop.security.UserGroupInformation.doAs(UserGroupInformation.java:1878) [hadoop-common-3.3.1.jar:?]
	at org.apache.hadoop.ipc.Server$Handler.run(Server.java:2966) [hadoop-common-3.3.1.jar:?]
03:18:05.208 [IPC Server handler 19 on default port 33661] ERROR OMAudit - user=runner | ip=127.0.0.1 | op=GET_FILE_STATUS {volume=32e09f52-1673-4d2e-b480-efffd96958a6, bucket=0746b6c4-3bbb-4b6a-a877-4dd084fd7222, key=.Trash, dataSize=0, replicationConfig=null} | ret=FAILURE
org.apache.hadoop.ozone.om.exceptions.OMException: Unable to get file status: volume: 32e09f52-1673-4d2e-b480-efffd96958a6 bucket: 0746b6c4-3bbb-4b6a-a877-4dd084fd7222 key: .Trash
	at org.apache.hadoop.ozone.om.KeyManagerImpl.getOzoneFileStatus(KeyManagerImpl.java:1280) ~[ozone-manager-1.3.0-SNAPSHOT.jar:?]
	at org.apache.hadoop.ozone.om.KeyManagerImpl.getFileStatus(KeyManagerImpl.java:1210) ~[ozone-manager-1.3.0-SNAPSHOT.jar:?]
	at org.apache.hadoop.ozone.om.OzoneManager.getFileStatus(OzoneManager.java:3067) ~[ozone-manager-1.3.0-SNAPSHOT.jar:?]
	at org.apache.hadoop.ozone.protocolPB.OzoneManagerRequestHandler.getOzoneFileStatus(OzoneManagerRequestHandler.java:670) ~[ozone-manager-1.3.0-SNAPSHOT.jar:?]
	at org.apache.hadoop.ozone.protocolPB.OzoneManagerRequestHandler.handleReadRequest(OzoneManagerRequestHandler.java:201) ~[ozone-manager-1.3.0-SNAPSHOT.jar:?]
	at org.apache.hadoop.ozone.protocolPB.OzoneManagerProtocolServerSideTranslatorPB.submitRequestDirectlyToOM(OzoneManagerProtocolServerSideTranslatorPB.java:271) ~[ozone-manager-1.3.0-SNAPSHOT.jar:?]
	at org.apache.hadoop.ozone.protocolPB.OzoneManagerProtocolServerSideTranslatorPB.processRequest(OzoneManagerProtocolServerSideTranslatorPB.java:195) ~[ozone-manager-1.3.0-SNAPSHOT.jar:?]
	at org.apache.hadoop.hdds.server.OzoneProtocolMessageDispatcher.processRequest(OzoneProtocolMessageDispatcher.java:87) [hdds-server-framework-1.3.0-SNAPSHOT.jar:?]
	at org.apache.hadoop.ozone.protocolPB.OzoneManagerProtocolServerSideTranslatorPB.submitRequest(OzoneManagerProtocolServerSideTranslatorPB.java:146) [ozone-manager-1.3.0-SNAPSHOT.jar:?]
	at org.apache.hadoop.ozone.protocol.proto.OzoneManagerProtocolProtos$OzoneManagerService$2.callBlockingMethod(OzoneManagerProtocolProtos.java) [ozone-interface-client-1.3.0-SNAPSHOT.jar:?]
	at org.apache.hadoop.ipc.ProtobufRpcEngine$Server.processCall(ProtobufRpcEngine.java:466) [hadoop-common-3.3.1.jar:?]
	at org.apache.hadoop.ipc.ProtobufRpcEngine2$Server$ProtoBufRpcInvoker.call(ProtobufRpcEngine2.java:574) [hadoop-common-3.3.1.jar:?]
	at org.apache.hadoop.ipc.ProtobufRpcEngine2$Server$ProtoBufRpcInvoker.call(ProtobufRpcEngine2.java:552) [hadoop-common-3.3.1.jar:?]
	at org.apache.hadoop.ipc.RPC$Server.call(RPC.java:1093) [hadoop-common-3.3.1.jar:?]
	at org.apache.hadoop.ipc.Server$RpcCall.run(Server.java:1035) [hadoop-common-3.3.1.jar:?]
	at org.apache.hadoop.ipc.Server$RpcCall.run(Server.java:963) [hadoop-common-3.3.1.jar:?]
	at java.security.AccessController.doPrivileged(Native Method) ~[?:1.8.0_322]
	at javax.security.auth.Subject.doAs(Subject.java:422) [?:1.8.0_322]
	at org.apache.hadoop.security.UserGroupInformation.doAs(UserGroupInformation.java:1878) [hadoop-common-3.3.1.jar:?]
	at org.apache.hadoop.ipc.Server$Handler.run(Server.java:2966) [hadoop-common-3.3.1.jar:?]
2022-05-04 03:18:05,230 [Time-limited test] INFO  rpc.RpcClient (RpcClient.java:createBucket(637)) - Creating Bucket: volume90610/trashroottest2, with runner as owner and Versioning false and Storage Type set to DISK and Encryption set to false 
2022-05-04 03:18:05,232 [IPC Server handler 14 on default port 33661] INFO  bucket.OMBucketCreateRequest (OMBucketCreateRequest.java:validateAndUpdateCache(258)) - created bucket: trashroottest2 of layout LEGACY in volume: volume90610
03:18:05.634 [IPC Server handler 2 on default port 33661] ERROR OMAudit - user=runner | ip=127.0.0.1 | op=GET_FILE_STATUS {volume=32e09f52-1673-4d2e-b480-efffd96958a6, bucket=0746b6c4-3bbb-4b6a-a877-4dd084fd7222, key=.Trash, dataSize=0, replicationConfig=null} | ret=FAILURE
org.apache.hadoop.ozone.om.exceptions.OMException: Unable to get file status: volume: 32e09f52-1673-4d2e-b480-efffd96958a6 bucket: 0746b6c4-3bbb-4b6a-a877-4dd084fd7222 key: .Trash
	at org.apache.hadoop.ozone.om.KeyManagerImpl.getOzoneFileStatus(KeyManagerImpl.java:1280) ~[ozone-manager-1.3.0-SNAPSHOT.jar:?]
	at org.apache.hadoop.ozone.om.KeyManagerImpl.getFileStatus(KeyManagerImpl.java:1210) ~[ozone-manager-1.3.0-SNAPSHOT.jar:?]
	at org.apache.hadoop.ozone.om.OzoneManager.getFileStatus(OzoneManager.java:3067) ~[ozone-manager-1.3.0-SNAPSHOT.jar:?]
	at org.apache.hadoop.ozone.protocolPB.OzoneManagerRequestHandler.getOzoneFileStatus(OzoneManagerRequestHandler.java:670) ~[ozone-manager-1.3.0-SNAPSHOT.jar:?]
	at org.apache.hadoop.ozone.protocolPB.OzoneManagerRequestHandler.handleReadRequest(OzoneManagerRequestHandler.java:201) ~[ozone-manager-1.3.0-SNAPSHOT.jar:?]
	at org.apache.hadoop.ozone.protocolPB.OzoneManagerProtocolServerSideTranslatorPB.submitRequestDirectlyToOM(OzoneManagerProtocolServerSideTranslatorPB.java:271) ~[ozone-manager-1.3.0-SNAPSHOT.jar:?]
	at org.apache.hadoop.ozone.protocolPB.OzoneManagerProtocolServerSideTranslatorPB.processRequest(OzoneManagerProtocolServerSideTranslatorPB.java:195) ~[ozone-manager-1.3.0-SNAPSHOT.jar:?]
	at org.apache.hadoop.hdds.server.OzoneProtocolMessageDispatcher.processRequest(OzoneProtocolMessageDispatcher.java:87) [hdds-server-framework-1.3.0-SNAPSHOT.jar:?]
	at org.apache.hadoop.ozone.protocolPB.OzoneManagerProtocolServerSideTranslatorPB.submitRequest(OzoneManagerProtocolServerSideTranslatorPB.java:146) [ozone-manager-1.3.0-SNAPSHOT.jar:?]
	at org.apache.hadoop.ozone.protocol.proto.OzoneManagerProtocolProtos$OzoneManagerService$2.callBlockingMethod(OzoneManagerProtocolProtos.java) [ozone-interface-client-1.3.0-SNAPSHOT.jar:?]
	at org.apache.hadoop.ipc.ProtobufRpcEngine$Server.processCall(ProtobufRpcEngine.java:466) [hadoop-common-3.3.1.jar:?]
	at org.apache.hadoop.ipc.ProtobufRpcEngine2$Server$ProtoBufRpcInvoker.call(ProtobufRpcEngine2.java:574) [hadoop-common-3.3.1.jar:?]
	at org.apache.hadoop.ipc.ProtobufRpcEngine2$Server$ProtoBufRpcInvoker.call(ProtobufRpcEngine2.java:552) [hadoop-common-3.3.1.jar:?]
	at org.apache.hadoop.ipc.RPC$Server.call(RPC.java:1093) [hadoop-common-3.3.1.jar:?]
	at org.apache.hadoop.ipc.Server$RpcCall.run(Server.java:1035) [hadoop-common-3.3.1.jar:?]
	at org.apache.hadoop.ipc.Server$RpcCall.run(Server.java:963) [hadoop-common-3.3.1.jar:?]
	at java.security.AccessController.doPrivileged(Native Method) ~[?:1.8.0_322]
	at javax.security.auth.Subject.doAs(Subject.java:422) [?:1.8.0_322]
	at org.apache.hadoop.security.UserGroupInformation.doAs(UserGroupInformation.java:1878) [hadoop-common-3.3.1.jar:?]
	at org.apache.hadoop.ipc.Server$Handler.run(Server.java:2966) [hadoop-common-3.3.1.jar:?]
03:18:05.701 [IPC Server handler 6 on default port 33661] ERROR OMAudit - user=runner | ip=127.0.0.1 | op=GET_FILE_STATUS {volume=32e09f52-1673-4d2e-b480-efffd96958a6, bucket=0746b6c4-3bbb-4b6a-a877-4dd084fd7222, key=.Trash, dataSize=0, replicationConfig=null} | ret=FAILURE
org.apache.hadoop.ozone.om.exceptions.OMException: Unable to get file status: volume: 32e09f52-1673-4d2e-b480-efffd96958a6 bucket: 0746b6c4-3bbb-4b6a-a877-4dd084fd7222 key: .Trash
	at org.apache.hadoop.ozone.om.KeyManagerImpl.getOzoneFileStatus(KeyManagerImpl.java:1280) ~[ozone-manager-1.3.0-SNAPSHOT.jar:?]
	at org.apache.hadoop.ozone.om.KeyManagerImpl.getFileStatus(KeyManagerImpl.java:1210) ~[ozone-manager-1.3.0-SNAPSHOT.jar:?]
	at org.apache.hadoop.ozone.om.OzoneManager.getFileStatus(OzoneManager.java:3067) ~[ozone-manager-1.3.0-SNAPSHOT.jar:?]
	at org.apache.hadoop.ozone.protocolPB.OzoneManagerRequestHandler.getOzoneFileStatus(OzoneManagerRequestHandler.java:670) ~[ozone-manager-1.3.0-SNAPSHOT.jar:?]
	at org.apache.hadoop.ozone.protocolPB.OzoneManagerRequestHandler.handleReadRequest(OzoneManagerRequestHandler.java:201) ~[ozone-manager-1.3.0-SNAPSHOT.jar:?]
	at org.apache.hadoop.ozone.protocolPB.OzoneManagerProtocolServerSideTranslatorPB.submitRequestDirectlyToOM(OzoneManagerProtocolServerSideTranslatorPB.java:271) ~[ozone-manager-1.3.0-SNAPSHOT.jar:?]
	at org.apache.hadoop.ozone.protocolPB.OzoneManagerProtocolServerSideTranslatorPB.processRequest(OzoneManagerProtocolServerSideTranslatorPB.java:195) ~[ozone-manager-1.3.0-SNAPSHOT.jar:?]
	at org.apache.hadoop.hdds.server.OzoneProtocolMessageDispatcher.processRequest(OzoneProtocolMessageDispatcher.java:87) [hdds-server-framework-1.3.0-SNAPSHOT.jar:?]
	at org.apache.hadoop.ozone.protocolPB.OzoneManagerProtocolServerSideTranslatorPB.submitRequest(OzoneManagerProtocolServerSideTranslatorPB.java:146) [ozone-manager-1.3.0-SNAPSHOT.jar:?]
	at org.apache.hadoop.ozone.protocol.proto.OzoneManagerProtocolProtos$OzoneManagerService$2.callBlockingMethod(OzoneManagerProtocolProtos.java) [ozone-interface-client-1.3.0-SNAPSHOT.jar:?]
	at org.apache.hadoop.ipc.ProtobufRpcEngine$Server.processCall(ProtobufRpcEngine.java:466) [hadoop-common-3.3.1.jar:?]
	at org.apache.hadoop.ipc.ProtobufRpcEngine2$Server$ProtoBufRpcInvoker.call(ProtobufRpcEngine2.java:574) [hadoop-common-3.3.1.jar:?]
	at org.apache.hadoop.ipc.ProtobufRpcEngine2$Server$ProtoBufRpcInvoker.call(ProtobufRpcEngine2.java:552) [hadoop-common-3.3.1.jar:?]
	at org.apache.hadoop.ipc.RPC$Server.call(RPC.java:1093) [hadoop-common-3.3.1.jar:?]
	at org.apache.hadoop.ipc.Server$RpcCall.run(Server.java:1035) [hadoop-common-3.3.1.jar:?]
	at org.apache.hadoop.ipc.Server$RpcCall.run(Server.java:963) [hadoop-common-3.3.1.jar:?]
	at java.security.AccessController.doPrivileged(Native Method) ~[?:1.8.0_322]
	at javax.security.auth.Subject.doAs(Subject.java:422) [?:1.8.0_322]
	at org.apache.hadoop.security.UserGroupInformation.doAs(UserGroupInformation.java:1878) [hadoop-common-3.3.1.jar:?]
	at org.apache.hadoop.ipc.Server$Handler.run(Server.java:2966) [hadoop-common-3.3.1.jar:?]
2022-05-04 03:18:05,773 [Time-limited test] INFO  rpc.RpcClient (RpcClient.java:createVolume(448)) - Creating Volume: volume13816, with user28058 as owner and space quota set to -1 bytes, counts quota set to -1
2022-05-04 03:18:05,774 [IPC Server handler 4 on default port 33661] INFO  volume.OMVolumeCreateRequest (OMVolumeCreateRequest.java:validateAndUpdateCache(195)) - created volume:volume13816 for user:user28058
2022-05-04 03:18:05,781 [Time-limited test] INFO  rpc.RpcClient (RpcClient.java:createBucket(637)) - Creating Bucket: volume13816/bucket02286, with runner as owner and Versioning false and Storage Type set to DISK and Encryption set to false 
2022-05-04 03:18:05,782 [IPC Server handler 7 on default port 33661] INFO  bucket.OMBucketCreateRequest (OMBucketCreateRequest.java:validateAndUpdateCache(258)) - created bucket: bucket02286 of layout LEGACY in volume: volume13816
03:18:05.826 [IPC Server handler 0 on default port 33661] ERROR OMAudit - user=runner | ip=127.0.0.1 | op=GET_FILE_STATUS {volume=32e09f52-1673-4d2e-b480-efffd96958a6, bucket=0746b6c4-3bbb-4b6a-a877-4dd084fd7222, key=.Trash, dataSize=0, replicationConfig=null} | ret=FAILURE
org.apache.hadoop.ozone.om.exceptions.OMException: Unable to get file status: volume: 32e09f52-1673-4d2e-b480-efffd96958a6 bucket: 0746b6c4-3bbb-4b6a-a877-4dd084fd7222 key: .Trash
	at org.apache.hadoop.ozone.om.KeyManagerImpl.getOzoneFileStatus(KeyManagerImpl.java:1280) ~[ozone-manager-1.3.0-SNAPSHOT.jar:?]
	at org.apache.hadoop.ozone.om.KeyManagerImpl.getFileStatus(KeyManagerImpl.java:1210) ~[ozone-manager-1.3.0-SNAPSHOT.jar:?]
	at org.apache.hadoop.ozone.om.OzoneManager.getFileStatus(OzoneManager.java:3067) ~[ozone-manager-1.3.0-SNAPSHOT.jar:?]
	at org.apache.hadoop.ozone.protocolPB.OzoneManagerRequestHandler.getOzoneFileStatus(OzoneManagerRequestHandler.java:670) ~[ozone-manager-1.3.0-SNAPSHOT.jar:?]
	at org.apache.hadoop.ozone.protocolPB.OzoneManagerRequestHandler.handleReadRequest(OzoneManagerRequestHandler.java:201) ~[ozone-manager-1.3.0-SNAPSHOT.jar:?]
	at org.apache.hadoop.ozone.protocolPB.OzoneManagerProtocolServerSideTranslatorPB.submitRequestDirectlyToOM(OzoneManagerProtocolServerSideTranslatorPB.java:271) ~[ozone-manager-1.3.0-SNAPSHOT.jar:?]
	at org.apache.hadoop.ozone.protocolPB.OzoneManagerProtocolServerSideTranslatorPB.processRequest(OzoneManagerProtocolServerSideTranslatorPB.java:195) ~[ozone-manager-1.3.0-SNAPSHOT.jar:?]
	at org.apache.hadoop.hdds.server.OzoneProtocolMessageDispatcher.processRequest(OzoneProtocolMessageDispatcher.java:87) [hdds-server-framework-1.3.0-SNAPSHOT.jar:?]
	at org.apache.hadoop.ozone.protocolPB.OzoneManagerProtocolServerSideTranslatorPB.submitRequest(OzoneManagerProtocolServerSideTranslatorPB.java:146) [ozone-manager-1.3.0-SNAPSHOT.jar:?]
	at org.apache.hadoop.ozone.protocol.proto.OzoneManagerProtocolProtos$OzoneManagerService$2.callBlockingMethod(OzoneManagerProtocolProtos.java) [ozone-interface-client-1.3.0-SNAPSHOT.jar:?]
	at org.apache.hadoop.ipc.ProtobufRpcEngine$Server.processCall(ProtobufRpcEngine.java:466) [hadoop-common-3.3.1.jar:?]
	at org.apache.hadoop.ipc.ProtobufRpcEngine2$Server$ProtoBufRpcInvoker.call(ProtobufRpcEngine2.java:574) [hadoop-common-3.3.1.jar:?]
	at org.apache.hadoop.ipc.ProtobufRpcEngine2$Server$ProtoBufRpcInvoker.call(ProtobufRpcEngine2.java:552) [hadoop-common-3.3.1.jar:?]
	at org.apache.hadoop.ipc.RPC$Server.call(RPC.java:1093) [hadoop-common-3.3.1.jar:?]
	at org.apache.hadoop.ipc.Server$RpcCall.run(Server.java:1035) [hadoop-common-3.3.1.jar:?]
	at org.apache.hadoop.ipc.Server$RpcCall.run(Server.java:963) [hadoop-common-3.3.1.jar:?]
	at java.security.AccessController.doPrivileged(Native Method) ~[?:1.8.0_322]
	at javax.security.auth.Subject.doAs(Subject.java:422) [?:1.8.0_322]
	at org.apache.hadoop.security.UserGroupInformation.doAs(UserGroupInformation.java:1878) [hadoop-common-3.3.1.jar:?]
	at org.apache.hadoop.ipc.Server$Handler.run(Server.java:2966) [hadoop-common-3.3.1.jar:?]
03:18:05.893 [IPC Server handler 1 on default port 33661] ERROR OMAudit - user=runner | ip=127.0.0.1 | op=GET_FILE_STATUS {volume=32e09f52-1673-4d2e-b480-efffd96958a6, bucket=0746b6c4-3bbb-4b6a-a877-4dd084fd7222, key=.Trash, dataSize=0, replicationConfig=null} | ret=FAILURE
org.apache.hadoop.ozone.om.exceptions.OMException: Unable to get file status: volume: 32e09f52-1673-4d2e-b480-efffd96958a6 bucket: 0746b6c4-3bbb-4b6a-a877-4dd084fd7222 key: .Trash
	at org.apache.hadoop.ozone.om.KeyManagerImpl.getOzoneFileStatus(KeyManagerImpl.java:1280) ~[ozone-manager-1.3.0-SNAPSHOT.jar:?]
	at org.apache.hadoop.ozone.om.KeyManagerImpl.getFileStatus(KeyManagerImpl.java:1210) ~[ozone-manager-1.3.0-SNAPSHOT.jar:?]
	at org.apache.hadoop.ozone.om.OzoneManager.getFileStatus(OzoneManager.java:3067) ~[ozone-manager-1.3.0-SNAPSHOT.jar:?]
	at org.apache.hadoop.ozone.protocolPB.OzoneManagerRequestHandler.getOzoneFileStatus(OzoneManagerRequestHandler.java:670) ~[ozone-manager-1.3.0-SNAPSHOT.jar:?]
	at org.apache.hadoop.ozone.protocolPB.OzoneManagerRequestHandler.handleReadRequest(OzoneManagerRequestHandler.java:201) ~[ozone-manager-1.3.0-SNAPSHOT.jar:?]
	at org.apache.hadoop.ozone.protocolPB.OzoneManagerProtocolServerSideTranslatorPB.submitRequestDirectlyToOM(OzoneManagerProtocolServerSideTranslatorPB.java:271) ~[ozone-manager-1.3.0-SNAPSHOT.jar:?]
	at org.apache.hadoop.ozone.protocolPB.OzoneManagerProtocolServerSideTranslatorPB.processRequest(OzoneManagerProtocolServerSideTranslatorPB.java:195) ~[ozone-manager-1.3.0-SNAPSHOT.jar:?]
	at org.apache.hadoop.hdds.server.OzoneProtocolMessageDispatcher.processRequest(OzoneProtocolMessageDispatcher.java:87) [hdds-server-framework-1.3.0-SNAPSHOT.jar:?]
	at org.apache.hadoop.ozone.protocolPB.OzoneManagerProtocolServerSideTranslatorPB.submitRequest(OzoneManagerProtocolServerSideTranslatorPB.java:146) [ozone-manager-1.3.0-SNAPSHOT.jar:?]
	at org.apache.hadoop.ozone.protocol.proto.OzoneManagerProtocolProtos$OzoneManagerService$2.callBlockingMethod(OzoneManagerProtocolProtos.java) [ozone-interface-client-1.3.0-SNAPSHOT.jar:?]
	at org.apache.hadoop.ipc.ProtobufRpcEngine$Server.processCall(ProtobufRpcEngine.java:466) [hadoop-common-3.3.1.jar:?]
	at org.apache.hadoop.ipc.ProtobufRpcEngine2$Server$ProtoBufRpcInvoker.call(ProtobufRpcEngine2.java:574) [hadoop-common-3.3.1.jar:?]
	at org.apache.hadoop.ipc.ProtobufRpcEngine2$Server$ProtoBufRpcInvoker.call(ProtobufRpcEngine2.java:552) [hadoop-common-3.3.1.jar:?]
	at org.apache.hadoop.ipc.RPC$Server.call(RPC.java:1093) [hadoop-common-3.3.1.jar:?]
	at org.apache.hadoop.ipc.Server$RpcCall.run(Server.java:1035) [hadoop-common-3.3.1.jar:?]
	at org.apache.hadoop.ipc.Server$RpcCall.run(Server.java:963) [hadoop-common-3.3.1.jar:?]
	at java.security.AccessController.doPrivileged(Native Method) ~[?:1.8.0_322]
	at javax.security.auth.Subject.doAs(Subject.java:422) [?:1.8.0_322]
	at org.apache.hadoop.security.UserGroupInformation.doAs(UserGroupInformation.java:1878) [hadoop-common-3.3.1.jar:?]
	at org.apache.hadoop.ipc.Server$Handler.run(Server.java:2966) [hadoop-common-3.3.1.jar:?]
03:18:05.946 [IPC Server handler 1 on default port 33661] ERROR OMAudit - user=runner | ip=127.0.0.1 | op=GET_FILE_STATUS {volume=volume13816, bucket=bucket02286, key=.Trash/runner, dataSize=0, replicationConfig=null} | ret=FAILURE
org.apache.hadoop.ozone.om.exceptions.OMException: Unable to get file status: volume: volume13816 bucket: bucket02286 key: .Trash/runner
	at org.apache.hadoop.ozone.om.KeyManagerImpl.getOzoneFileStatus(KeyManagerImpl.java:1280) ~[ozone-manager-1.3.0-SNAPSHOT.jar:?]
	at org.apache.hadoop.ozone.om.KeyManagerImpl.getFileStatus(KeyManagerImpl.java:1210) ~[ozone-manager-1.3.0-SNAPSHOT.jar:?]
	at org.apache.hadoop.ozone.om.OzoneManager.getFileStatus(OzoneManager.java:3067) ~[ozone-manager-1.3.0-SNAPSHOT.jar:?]
	at org.apache.hadoop.ozone.protocolPB.OzoneManagerRequestHandler.getOzoneFileStatus(OzoneManagerRequestHandler.java:670) ~[ozone-manager-1.3.0-SNAPSHOT.jar:?]
	at org.apache.hadoop.ozone.protocolPB.OzoneManagerRequestHandler.handleReadRequest(OzoneManagerRequestHandler.java:201) ~[ozone-manager-1.3.0-SNAPSHOT.jar:?]
	at org.apache.hadoop.ozone.protocolPB.OzoneManagerProtocolServerSideTranslatorPB.submitRequestDirectlyToOM(OzoneManagerProtocolServerSideTranslatorPB.java:271) ~[ozone-manager-1.3.0-SNAPSHOT.jar:?]
	at org.apache.hadoop.ozone.protocolPB.OzoneManagerProtocolServerSideTranslatorPB.processRequest(OzoneManagerProtocolServerSideTranslatorPB.java:195) ~[ozone-manager-1.3.0-SNAPSHOT.jar:?]
	at org.apache.hadoop.hdds.server.OzoneProtocolMessageDispatcher.processRequest(OzoneProtocolMessageDispatcher.java:87) [hdds-server-framework-1.3.0-SNAPSHOT.jar:?]
	at org.apache.hadoop.ozone.protocolPB.OzoneManagerProtocolServerSideTranslatorPB.submitRequest(OzoneManagerProtocolServerSideTranslatorPB.java:146) [ozone-manager-1.3.0-SNAPSHOT.jar:?]
	at org.apache.hadoop.ozone.protocol.proto.OzoneManagerProtocolProtos$OzoneManagerService$2.callBlockingMethod(OzoneManagerProtocolProtos.java) [ozone-interface-client-1.3.0-SNAPSHOT.jar:?]
	at org.apache.hadoop.ipc.ProtobufRpcEngine$Server.processCall(ProtobufRpcEngine.java:466) [hadoop-common-3.3.1.jar:?]
	at org.apache.hadoop.ipc.ProtobufRpcEngine2$Server$ProtoBufRpcInvoker.call(ProtobufRpcEngine2.java:574) [hadoop-common-3.3.1.jar:?]
	at org.apache.hadoop.ipc.ProtobufRpcEngine2$Server$ProtoBufRpcInvoker.call(ProtobufRpcEngine2.java:552) [hadoop-common-3.3.1.jar:?]
	at org.apache.hadoop.ipc.RPC$Server.call(RPC.java:1093) [hadoop-common-3.3.1.jar:?]
	at org.apache.hadoop.ipc.Server$RpcCall.run(Server.java:1035) [hadoop-common-3.3.1.jar:?]
	at org.apache.hadoop.ipc.Server$RpcCall.run(Server.java:963) [hadoop-common-3.3.1.jar:?]
	at java.security.AccessController.doPrivileged(Native Method) ~[?:1.8.0_322]
	at javax.security.auth.Subject.doAs(Subject.java:422) [?:1.8.0_322]
	at org.apache.hadoop.security.UserGroupInformation.doAs(UserGroupInformation.java:1878) [hadoop-common-3.3.1.jar:?]
	at org.apache.hadoop.ipc.Server$Handler.run(Server.java:2966) [hadoop-common-3.3.1.jar:?]
03:18:05.949 [IPC Server handler 4 on default port 33661] ERROR OMAudit - user=runner | ip=127.0.0.1 | op=GET_FILE_STATUS {volume=32e09f52-1673-4d2e-b480-efffd96958a6, bucket=0746b6c4-3bbb-4b6a-a877-4dd084fd7222, key=.Trash, dataSize=0, replicationConfig=null} | ret=FAILURE
org.apache.hadoop.ozone.om.exceptions.OMException: Unable to get file status: volume: 32e09f52-1673-4d2e-b480-efffd96958a6 bucket: 0746b6c4-3bbb-4b6a-a877-4dd084fd7222 key: .Trash
	at org.apache.hadoop.ozone.om.KeyManagerImpl.getOzoneFileStatus(KeyManagerImpl.java:1280) ~[ozone-manager-1.3.0-SNAPSHOT.jar:?]
	at org.apache.hadoop.ozone.om.KeyManagerImpl.getFileStatus(KeyManagerImpl.java:1210) ~[ozone-manager-1.3.0-SNAPSHOT.jar:?]
	at org.apache.hadoop.ozone.om.OzoneManager.getFileStatus(OzoneManager.java:3067) ~[ozone-manager-1.3.0-SNAPSHOT.jar:?]
	at org.apache.hadoop.ozone.protocolPB.OzoneManagerRequestHandler.getOzoneFileStatus(OzoneManagerRequestHandler.java:670) ~[ozone-manager-1.3.0-SNAPSHOT.jar:?]
	at org.apache.hadoop.ozone.protocolPB.OzoneManagerRequestHandler.handleReadRequest(OzoneManagerRequestHandler.java:201) ~[ozone-manager-1.3.0-SNAPSHOT.jar:?]
	at org.apache.hadoop.ozone.protocolPB.OzoneManagerProtocolServerSideTranslatorPB.submitRequestDirectlyToOM(OzoneManagerProtocolServerSideTranslatorPB.java:271) ~[ozone-manager-1.3.0-SNAPSHOT.jar:?]
	at org.apache.hadoop.ozone.protocolPB.OzoneManagerProtocolServerSideTranslatorPB.processRequest(OzoneManagerProtocolServerSideTranslatorPB.java:195) ~[ozone-manager-1.3.0-SNAPSHOT.jar:?]
	at org.apache.hadoop.hdds.server.OzoneProtocolMessageDispatcher.processRequest(OzoneProtocolMessageDispatcher.java:87) [hdds-server-framework-1.3.0-SNAPSHOT.jar:?]
	at org.apache.hadoop.ozone.protocolPB.OzoneManagerProtocolServerSideTranslatorPB.submitRequest(OzoneManagerProtocolServerSideTranslatorPB.java:146) [ozone-manager-1.3.0-SNAPSHOT.jar:?]
	at org.apache.hadoop.ozone.protocol.proto.OzoneManagerProtocolProtos$OzoneManagerService$2.callBlockingMethod(OzoneManagerProtocolProtos.java) [ozone-interface-client-1.3.0-SNAPSHOT.jar:?]
	at org.apache.hadoop.ipc.ProtobufRpcEngine$Server.processCall(ProtobufRpcEngine.java:466) [hadoop-common-3.3.1.jar:?]
	at org.apache.hadoop.ipc.ProtobufRpcEngine2$Server$ProtoBufRpcInvoker.call(ProtobufRpcEngine2.java:574) [hadoop-common-3.3.1.jar:?]
	at org.apache.hadoop.ipc.ProtobufRpcEngine2$Server$ProtoBufRpcInvoker.call(ProtobufRpcEngine2.java:552) [hadoop-common-3.3.1.jar:?]
	at org.apache.hadoop.ipc.RPC$Server.call(RPC.java:1093) [hadoop-common-3.3.1.jar:?]
	at org.apache.hadoop.ipc.Server$RpcCall.run(Server.java:1035) [hadoop-common-3.3.1.jar:?]
	at org.apache.hadoop.ipc.Server$RpcCall.run(Server.java:963) [hadoop-common-3.3.1.jar:?]
	at java.security.AccessController.doPrivileged(Native Method) ~[?:1.8.0_322]
	at javax.security.auth.Subject.doAs(Subject.java:422) [?:1.8.0_322]
	at org.apache.hadoop.security.UserGroupInformation.doAs(UserGroupInformation.java:1878) [hadoop-common-3.3.1.jar:?]
	at org.apache.hadoop.ipc.Server$Handler.run(Server.java:2966) [hadoop-common-3.3.1.jar:?]
03:18:05.951 [IPC Server handler 17 on default port 33661] ERROR OMAudit - user=runner | ip=127.0.0.1 | op=GET_FILE_STATUS {volume=volume13816, bucket=bucket02286, key=.Trash, dataSize=0, replicationConfig=null} | ret=FAILURE
org.apache.hadoop.ozone.om.exceptions.OMException: Unable to get file status: volume: volume13816 bucket: bucket02286 key: .Trash
	at org.apache.hadoop.ozone.om.KeyManagerImpl.getOzoneFileStatus(KeyManagerImpl.java:1280) ~[ozone-manager-1.3.0-SNAPSHOT.jar:?]
	at org.apache.hadoop.ozone.om.KeyManagerImpl.getFileStatus(KeyManagerImpl.java:1210) ~[ozone-manager-1.3.0-SNAPSHOT.jar:?]
	at org.apache.hadoop.ozone.om.OzoneManager.getFileStatus(OzoneManager.java:3067) ~[ozone-manager-1.3.0-SNAPSHOT.jar:?]
	at org.apache.hadoop.ozone.protocolPB.OzoneManagerRequestHandler.getOzoneFileStatus(OzoneManagerRequestHandler.java:670) ~[ozone-manager-1.3.0-SNAPSHOT.jar:?]
	at org.apache.hadoop.ozone.protocolPB.OzoneManagerRequestHandler.handleReadRequest(OzoneManagerRequestHandler.java:201) ~[ozone-manager-1.3.0-SNAPSHOT.jar:?]
	at org.apache.hadoop.ozone.protocolPB.OzoneManagerProtocolServerSideTranslatorPB.submitRequestDirectlyToOM(OzoneManagerProtocolServerSideTranslatorPB.java:271) ~[ozone-manager-1.3.0-SNAPSHOT.jar:?]
	at org.apache.hadoop.ozone.protocolPB.OzoneManagerProtocolServerSideTranslatorPB.processRequest(OzoneManagerProtocolServerSideTranslatorPB.java:195) ~[ozone-manager-1.3.0-SNAPSHOT.jar:?]
	at org.apache.hadoop.hdds.server.OzoneProtocolMessageDispatcher.processRequest(OzoneProtocolMessageDispatcher.java:87) [hdds-server-framework-1.3.0-SNAPSHOT.jar:?]
	at org.apache.hadoop.ozone.protocolPB.OzoneManagerProtocolServerSideTranslatorPB.submitRequest(OzoneManagerProtocolServerSideTranslatorPB.java:146) [ozone-manager-1.3.0-SNAPSHOT.jar:?]
	at org.apache.hadoop.ozone.protocol.proto.OzoneManagerProtocolProtos$OzoneManagerService$2.callBlockingMethod(OzoneManagerProtocolProtos.java) [ozone-interface-client-1.3.0-SNAPSHOT.jar:?]
	at org.apache.hadoop.ipc.ProtobufRpcEngine$Server.processCall(ProtobufRpcEngine.java:466) [hadoop-common-3.3.1.jar:?]
	at org.apache.hadoop.ipc.ProtobufRpcEngine2$Server$ProtoBufRpcInvoker.call(ProtobufRpcEngine2.java:574) [hadoop-common-3.3.1.jar:?]
	at org.apache.hadoop.ipc.ProtobufRpcEngine2$Server$ProtoBufRpcInvoker.call(ProtobufRpcEngine2.java:552) [hadoop-common-3.3.1.jar:?]
	at org.apache.hadoop.ipc.RPC$Server.call(RPC.java:1093) [hadoop-common-3.3.1.jar:?]
	at org.apache.hadoop.ipc.Server$RpcCall.run(Server.java:1035) [hadoop-common-3.3.1.jar:?]
	at org.apache.hadoop.ipc.Server$RpcCall.run(Server.java:963) [hadoop-common-3.3.1.jar:?]
	at java.security.AccessController.doPrivileged(Native Method) ~[?:1.8.0_322]
	at javax.security.auth.Subject.doAs(Subject.java:422) [?:1.8.0_322]
	at org.apache.hadoop.security.UserGroupInformation.doAs(UserGroupInformation.java:1878) [hadoop-common-3.3.1.jar:?]
	at org.apache.hadoop.ipc.Server$Handler.run(Server.java:2966) [hadoop-common-3.3.1.jar:?]
03:18:05.996 [IPC Server handler 17 on default port 33661] ERROR OMAudit - user=runner | ip=127.0.0.1 | op=GET_FILE_STATUS {volume=volume90610, bucket=trashroottest2, key=.Trash/runner, dataSize=0, replicationConfig=null} | ret=FAILURE
org.apache.hadoop.ozone.om.exceptions.OMException: Unable to get file status: volume: volume90610 bucket: trashroottest2 key: .Trash/runner
	at org.apache.hadoop.ozone.om.KeyManagerImpl.getOzoneFileStatus(KeyManagerImpl.java:1280) ~[ozone-manager-1.3.0-SNAPSHOT.jar:?]
	at org.apache.hadoop.ozone.om.KeyManagerImpl.getFileStatus(KeyManagerImpl.java:1210) ~[ozone-manager-1.3.0-SNAPSHOT.jar:?]
	at org.apache.hadoop.ozone.om.OzoneManager.getFileStatus(OzoneManager.java:3067) ~[ozone-manager-1.3.0-SNAPSHOT.jar:?]
	at org.apache.hadoop.ozone.protocolPB.OzoneManagerRequestHandler.getOzoneFileStatus(OzoneManagerRequestHandler.java:670) ~[ozone-manager-1.3.0-SNAPSHOT.jar:?]
	at org.apache.hadoop.ozone.protocolPB.OzoneManagerRequestHandler.handleReadRequest(OzoneManagerRequestHandler.java:201) ~[ozone-manager-1.3.0-SNAPSHOT.jar:?]
	at org.apache.hadoop.ozone.protocolPB.OzoneManagerProtocolServerSideTranslatorPB.submitRequestDirectlyToOM(OzoneManagerProtocolServerSideTranslatorPB.java:271) ~[ozone-manager-1.3.0-SNAPSHOT.jar:?]
	at org.apache.hadoop.ozone.protocolPB.OzoneManagerProtocolServerSideTranslatorPB.processRequest(OzoneManagerProtocolServerSideTranslatorPB.java:195) ~[ozone-manager-1.3.0-SNAPSHOT.jar:?]
	at org.apache.hadoop.hdds.server.OzoneProtocolMessageDispatcher.processRequest(OzoneProtocolMessageDispatcher.java:87) [hdds-server-framework-1.3.0-SNAPSHOT.jar:?]
	at org.apache.hadoop.ozone.protocolPB.OzoneManagerProtocolServerSideTranslatorPB.submitRequest(OzoneManagerProtocolServerSideTranslatorPB.java:146) [ozone-manager-1.3.0-SNAPSHOT.jar:?]
	at org.apache.hadoop.ozone.protocol.proto.OzoneManagerProtocolProtos$OzoneManagerService$2.callBlockingMethod(OzoneManagerProtocolProtos.java) [ozone-interface-client-1.3.0-SNAPSHOT.jar:?]
	at org.apache.hadoop.ipc.ProtobufRpcEngine$Server.processCall(ProtobufRpcEngine.java:466) [hadoop-common-3.3.1.jar:?]
	at org.apache.hadoop.ipc.ProtobufRpcEngine2$Server$ProtoBufRpcInvoker.call(ProtobufRpcEngine2.java:574) [hadoop-common-3.3.1.jar:?]
	at org.apache.hadoop.ipc.ProtobufRpcEngine2$Server$ProtoBufRpcInvoker.call(ProtobufRpcEngine2.java:552) [hadoop-common-3.3.1.jar:?]
	at org.apache.hadoop.ipc.RPC$Server.call(RPC.java:1093) [hadoop-common-3.3.1.jar:?]
	at org.apache.hadoop.ipc.Server$RpcCall.run(Server.java:1035) [hadoop-common-3.3.1.jar:?]
	at org.apache.hadoop.ipc.Server$RpcCall.run(Server.java:963) [hadoop-common-3.3.1.jar:?]
	at java.security.AccessController.doPrivileged(Native Method) ~[?:1.8.0_322]
	at javax.security.auth.Subject.doAs(Subject.java:422) [?:1.8.0_322]
	at org.apache.hadoop.security.UserGroupInformation.doAs(UserGroupInformation.java:1878) [hadoop-common-3.3.1.jar:?]
	at org.apache.hadoop.ipc.Server$Handler.run(Server.java:2966) [hadoop-common-3.3.1.jar:?]
03:18:06.006 [IPC Server handler 12 on default port 33661] ERROR OMAudit - user=runner | ip=127.0.0.1 | op=GET_FILE_STATUS {volume=volume13816, bucket=bucket02286, key=.Trash/runner, dataSize=0, replicationConfig=null} | ret=FAILURE
org.apache.hadoop.ozone.om.exceptions.OMException: Unable to get file status: volume: volume13816 bucket: bucket02286 key: .Trash/runner
	at org.apache.hadoop.ozone.om.KeyManagerImpl.getOzoneFileStatus(KeyManagerImpl.java:1280) ~[ozone-manager-1.3.0-SNAPSHOT.jar:?]
	at org.apache.hadoop.ozone.om.KeyManagerImpl.getFileStatus(KeyManagerImpl.java:1210) ~[ozone-manager-1.3.0-SNAPSHOT.jar:?]
	at org.apache.hadoop.ozone.om.OzoneManager.getFileStatus(OzoneManager.java:3067) ~[ozone-manager-1.3.0-SNAPSHOT.jar:?]
	at org.apache.hadoop.ozone.protocolPB.OzoneManagerRequestHandler.getOzoneFileStatus(OzoneManagerRequestHandler.java:670) ~[ozone-manager-1.3.0-SNAPSHOT.jar:?]
	at org.apache.hadoop.ozone.protocolPB.OzoneManagerRequestHandler.handleReadRequest(OzoneManagerRequestHandler.java:201) ~[ozone-manager-1.3.0-SNAPSHOT.jar:?]
	at org.apache.hadoop.ozone.protocolPB.OzoneManagerProtocolServerSideTranslatorPB.submitRequestDirectlyToOM(OzoneManagerProtocolServerSideTranslatorPB.java:271) ~[ozone-manager-1.3.0-SNAPSHOT.jar:?]
	at org.apache.hadoop.ozone.protocolPB.OzoneManagerProtocolServerSideTranslatorPB.processRequest(OzoneManagerProtocolServerSideTranslatorPB.java:195) ~[ozone-manager-1.3.0-SNAPSHOT.jar:?]
	at org.apache.hadoop.hdds.server.OzoneProtocolMessageDispatcher.processRequest(OzoneProtocolMessageDispatcher.java:87) [hdds-server-framework-1.3.0-SNAPSHOT.jar:?]
	at org.apache.hadoop.ozone.protocolPB.OzoneManagerProtocolServerSideTranslatorPB.submitRequest(OzoneManagerProtocolServerSideTranslatorPB.java:146) [ozone-manager-1.3.0-SNAPSHOT.jar:?]
	at org.apache.hadoop.ozone.protocol.proto.OzoneManagerProtocolProtos$OzoneManagerService$2.callBlockingMethod(OzoneManagerProtocolProtos.java) [ozone-interface-client-1.3.0-SNAPSHOT.jar:?]
	at org.apache.hadoop.ipc.ProtobufRpcEngine$Server.processCall(ProtobufRpcEngine.java:466) [hadoop-common-3.3.1.jar:?]
	at org.apache.hadoop.ipc.ProtobufRpcEngine2$Server$ProtoBufRpcInvoker.call(ProtobufRpcEngine2.java:574) [hadoop-common-3.3.1.jar:?]
	at org.apache.hadoop.ipc.ProtobufRpcEngine2$Server$ProtoBufRpcInvoker.call(ProtobufRpcEngine2.java:552) [hadoop-common-3.3.1.jar:?]
	at org.apache.hadoop.ipc.RPC$Server.call(RPC.java:1093) [hadoop-common-3.3.1.jar:?]
	at org.apache.hadoop.ipc.Server$RpcCall.run(Server.java:1035) [hadoop-common-3.3.1.jar:?]
	at org.apache.hadoop.ipc.Server$RpcCall.run(Server.java:963) [hadoop-common-3.3.1.jar:?]
	at java.security.AccessController.doPrivileged(Native Method) ~[?:1.8.0_322]
	at javax.security.auth.Subject.doAs(Subject.java:422) [?:1.8.0_322]
	at org.apache.hadoop.security.UserGroupInformation.doAs(UserGroupInformation.java:1878) [hadoop-common-3.3.1.jar:?]
	at org.apache.hadoop.ipc.Server$Handler.run(Server.java:2966) [hadoop-common-3.3.1.jar:?]
03:18:06.009 [IPC Server handler 0 on default port 33661] ERROR OMAudit - user=runner | ip=127.0.0.1 | op=GET_FILE_STATUS {volume=32e09f52-1673-4d2e-b480-efffd96958a6, bucket=0746b6c4-3bbb-4b6a-a877-4dd084fd7222, key=.Trash, dataSize=0, replicationConfig=null} | ret=FAILURE
org.apache.hadoop.ozone.om.exceptions.OMException: Unable to get file status: volume: 32e09f52-1673-4d2e-b480-efffd96958a6 bucket: 0746b6c4-3bbb-4b6a-a877-4dd084fd7222 key: .Trash
	at org.apache.hadoop.ozone.om.KeyManagerImpl.getOzoneFileStatus(KeyManagerImpl.java:1280) ~[ozone-manager-1.3.0-SNAPSHOT.jar:?]
	at org.apache.hadoop.ozone.om.KeyManagerImpl.getFileStatus(KeyManagerImpl.java:1210) ~[ozone-manager-1.3.0-SNAPSHOT.jar:?]
	at org.apache.hadoop.ozone.om.OzoneManager.getFileStatus(OzoneManager.java:3067) ~[ozone-manager-1.3.0-SNAPSHOT.jar:?]
	at org.apache.hadoop.ozone.protocolPB.OzoneManagerRequestHandler.getOzoneFileStatus(OzoneManagerRequestHandler.java:670) ~[ozone-manager-1.3.0-SNAPSHOT.jar:?]
	at org.apache.hadoop.ozone.protocolPB.OzoneManagerRequestHandler.handleReadRequest(OzoneManagerRequestHandler.java:201) ~[ozone-manager-1.3.0-SNAPSHOT.jar:?]
	at org.apache.hadoop.ozone.protocolPB.OzoneManagerProtocolServerSideTranslatorPB.submitRequestDirectlyToOM(OzoneManagerProtocolServerSideTranslatorPB.java:271) ~[ozone-manager-1.3.0-SNAPSHOT.jar:?]
	at org.apache.hadoop.ozone.protocolPB.OzoneManagerProtocolServerSideTranslatorPB.processRequest(OzoneManagerProtocolServerSideTranslatorPB.java:195) ~[ozone-manager-1.3.0-SNAPSHOT.jar:?]
	at org.apache.hadoop.hdds.server.OzoneProtocolMessageDispatcher.processRequest(OzoneProtocolMessageDispatcher.java:87) [hdds-server-framework-1.3.0-SNAPSHOT.jar:?]
	at org.apache.hadoop.ozone.protocolPB.OzoneManagerProtocolServerSideTranslatorPB.submitRequest(OzoneManagerProtocolServerSideTranslatorPB.java:146) [ozone-manager-1.3.0-SNAPSHOT.jar:?]
	at org.apache.hadoop.ozone.protocol.proto.OzoneManagerProtocolProtos$OzoneManagerService$2.callBlockingMethod(OzoneManagerProtocolProtos.java) [ozone-interface-client-1.3.0-SNAPSHOT.jar:?]
	at org.apache.hadoop.ipc.ProtobufRpcEngine$Server.processCall(ProtobufRpcEngine.java:466) [hadoop-common-3.3.1.jar:?]
	at org.apache.hadoop.ipc.ProtobufRpcEngine2$Server$ProtoBufRpcInvoker.call(ProtobufRpcEngine2.java:574) [hadoop-common-3.3.1.jar:?]
	at org.apache.hadoop.ipc.ProtobufRpcEngine2$Server$ProtoBufRpcInvoker.call(ProtobufRpcEngine2.java:552) [hadoop-common-3.3.1.jar:?]
	at org.apache.hadoop.ipc.RPC$Server.call(RPC.java:1093) [hadoop-common-3.3.1.jar:?]
	at org.apache.hadoop.ipc.Server$RpcCall.run(Server.java:1035) [hadoop-common-3.3.1.jar:?]
	at org.apache.hadoop.ipc.Server$RpcCall.run(Server.java:963) [hadoop-common-3.3.1.jar:?]
	at java.security.AccessController.doPrivileged(Native Method) ~[?:1.8.0_322]
	at javax.security.auth.Subject.doAs(Subject.java:422) [?:1.8.0_322]
	at org.apache.hadoop.security.UserGroupInformation.doAs(UserGroupInformation.java:1878) [hadoop-common-3.3.1.jar:?]
	at org.apache.hadoop.ipc.Server$Handler.run(Server.java:2966) [hadoop-common-3.3.1.jar:?]
03:18:06.022 [IPC Server handler 5 on default port 33661] ERROR OMAudit - user=runner | ip=127.0.0.1 | op=GET_FILE_STATUS {volume=volume13816, bucket=bucket02286, key=.Trash, dataSize=0, replicationConfig=null} | ret=FAILURE
org.apache.hadoop.ozone.om.exceptions.OMException: Unable to get file status: volume: volume13816 bucket: bucket02286 key: .Trash
	at org.apache.hadoop.ozone.om.KeyManagerImpl.getOzoneFileStatus(KeyManagerImpl.java:1280) ~[ozone-manager-1.3.0-SNAPSHOT.jar:?]
	at org.apache.hadoop.ozone.om.KeyManagerImpl.getFileStatus(KeyManagerImpl.java:1210) ~[ozone-manager-1.3.0-SNAPSHOT.jar:?]
	at org.apache.hadoop.ozone.om.OzoneManager.getFileStatus(OzoneManager.java:3067) ~[ozone-manager-1.3.0-SNAPSHOT.jar:?]
	at org.apache.hadoop.ozone.protocolPB.OzoneManagerRequestHandler.getOzoneFileStatus(OzoneManagerRequestHandler.java:670) ~[ozone-manager-1.3.0-SNAPSHOT.jar:?]
	at org.apache.hadoop.ozone.protocolPB.OzoneManagerRequestHandler.handleReadRequest(OzoneManagerRequestHandler.java:201) ~[ozone-manager-1.3.0-SNAPSHOT.jar:?]
	at org.apache.hadoop.ozone.protocolPB.OzoneManagerProtocolServerSideTranslatorPB.submitRequestDirectlyToOM(OzoneManagerProtocolServerSideTranslatorPB.java:271) ~[ozone-manager-1.3.0-SNAPSHOT.jar:?]
	at org.apache.hadoop.ozone.protocolPB.OzoneManagerProtocolServerSideTranslatorPB.processRequest(OzoneManagerProtocolServerSideTranslatorPB.java:195) ~[ozone-manager-1.3.0-SNAPSHOT.jar:?]
	at org.apache.hadoop.hdds.server.OzoneProtocolMessageDispatcher.processRequest(OzoneProtocolMessageDispatcher.java:87) [hdds-server-framework-1.3.0-SNAPSHOT.jar:?]
	at org.apache.hadoop.ozone.protocolPB.OzoneManagerProtocolServerSideTranslatorPB.submitRequest(OzoneManagerProtocolServerSideTranslatorPB.java:146) [ozone-manager-1.3.0-SNAPSHOT.jar:?]
	at org.apache.hadoop.ozone.protocol.proto.OzoneManagerProtocolProtos$OzoneManagerService$2.callBlockingMethod(OzoneManagerProtocolProtos.java) [ozone-interface-client-1.3.0-SNAPSHOT.jar:?]
	at org.apache.hadoop.ipc.ProtobufRpcEngine$Server.processCall(ProtobufRpcEngine.java:466) [hadoop-common-3.3.1.jar:?]
	at org.apache.hadoop.ipc.ProtobufRpcEngine2$Server$ProtoBufRpcInvoker.call(ProtobufRpcEngine2.java:574) [hadoop-common-3.3.1.jar:?]
	at org.apache.hadoop.ipc.ProtobufRpcEngine2$Server$ProtoBufRpcInvoker.call(ProtobufRpcEngine2.java:552) [hadoop-common-3.3.1.jar:?]
	at org.apache.hadoop.ipc.RPC$Server.call(RPC.java:1093) [hadoop-common-3.3.1.jar:?]
	at org.apache.hadoop.ipc.Server$RpcCall.run(Server.java:1035) [hadoop-common-3.3.1.jar:?]
	at org.apache.hadoop.ipc.Server$RpcCall.run(Server.java:963) [hadoop-common-3.3.1.jar:?]
	at java.security.AccessController.doPrivileged(Native Method) ~[?:1.8.0_322]
	at javax.security.auth.Subject.doAs(Subject.java:422) [?:1.8.0_322]
	at org.apache.hadoop.security.UserGroupInformation.doAs(UserGroupInformation.java:1878) [hadoop-common-3.3.1.jar:?]
	at org.apache.hadoop.ipc.Server$Handler.run(Server.java:2966) [hadoop-common-3.3.1.jar:?]
03:18:06.053 [IPC Server handler 18 on default port 33661] ERROR OMAudit - user=runner | ip=127.0.0.1 | op=GET_FILE_STATUS {volume=volume90610, bucket=trashroottest2, key=.Trash, dataSize=0, replicationConfig=null} | ret=FAILURE
org.apache.hadoop.ozone.om.exceptions.OMException: Unable to get file status: volume: volume90610 bucket: trashroottest2 key: .Trash
	at org.apache.hadoop.ozone.om.KeyManagerImpl.getOzoneFileStatus(KeyManagerImpl.java:1280) ~[ozone-manager-1.3.0-SNAPSHOT.jar:?]
	at org.apache.hadoop.ozone.om.KeyManagerImpl.getFileStatus(KeyManagerImpl.java:1210) ~[ozone-manager-1.3.0-SNAPSHOT.jar:?]
	at org.apache.hadoop.ozone.om.OzoneManager.getFileStatus(OzoneManager.java:3067) ~[ozone-manager-1.3.0-SNAPSHOT.jar:?]
	at org.apache.hadoop.ozone.protocolPB.OzoneManagerRequestHandler.getOzoneFileStatus(OzoneManagerRequestHandler.java:670) ~[ozone-manager-1.3.0-SNAPSHOT.jar:?]
	at org.apache.hadoop.ozone.protocolPB.OzoneManagerRequestHandler.handleReadRequest(OzoneManagerRequestHandler.java:201) ~[ozone-manager-1.3.0-SNAPSHOT.jar:?]
	at org.apache.hadoop.ozone.protocolPB.OzoneManagerProtocolServerSideTranslatorPB.submitRequestDirectlyToOM(OzoneManagerProtocolServerSideTranslatorPB.java:271) ~[ozone-manager-1.3.0-SNAPSHOT.jar:?]
	at org.apache.hadoop.ozone.protocolPB.OzoneManagerProtocolServerSideTranslatorPB.processRequest(OzoneManagerProtocolServerSideTranslatorPB.java:195) ~[ozone-manager-1.3.0-SNAPSHOT.jar:?]
	at org.apache.hadoop.hdds.server.OzoneProtocolMessageDispatcher.processRequest(OzoneProtocolMessageDispatcher.java:87) [hdds-server-framework-1.3.0-SNAPSHOT.jar:?]
	at org.apache.hadoop.ozone.protocolPB.OzoneManagerProtocolServerSideTranslatorPB.submitRequest(OzoneManagerProtocolServerSideTranslatorPB.java:146) [ozone-manager-1.3.0-SNAPSHOT.jar:?]
	at org.apache.hadoop.ozone.protocol.proto.OzoneManagerProtocolProtos$OzoneManagerService$2.callBlockingMethod(OzoneManagerProtocolProtos.java) [ozone-interface-client-1.3.0-SNAPSHOT.jar:?]
	at org.apache.hadoop.ipc.ProtobufRpcEngine$Server.processCall(ProtobufRpcEngine.java:466) [hadoop-common-3.3.1.jar:?]
	at org.apache.hadoop.ipc.ProtobufRpcEngine2$Server$ProtoBufRpcInvoker.call(ProtobufRpcEngine2.java:574) [hadoop-common-3.3.1.jar:?]
	at org.apache.hadoop.ipc.ProtobufRpcEngine2$Server$ProtoBufRpcInvoker.call(ProtobufRpcEngine2.java:552) [hadoop-common-3.3.1.jar:?]
	at org.apache.hadoop.ipc.RPC$Server.call(RPC.java:1093) [hadoop-common-3.3.1.jar:?]
	at org.apache.hadoop.ipc.Server$RpcCall.run(Server.java:1035) [hadoop-common-3.3.1.jar:?]
	at org.apache.hadoop.ipc.Server$RpcCall.run(Server.java:963) [hadoop-common-3.3.1.jar:?]
	at java.security.AccessController.doPrivileged(Native Method) ~[?:1.8.0_322]
	at javax.security.auth.Subject.doAs(Subject.java:422) [?:1.8.0_322]
	at org.apache.hadoop.security.UserGroupInformation.doAs(UserGroupInformation.java:1878) [hadoop-common-3.3.1.jar:?]
	at org.apache.hadoop.ipc.Server$Handler.run(Server.java:2966) [hadoop-common-3.3.1.jar:?]
03:18:06.083 [IPC Server handler 15 on default port 33661] ERROR OMAudit - user=runner | ip=127.0.0.1 | op=GET_FILE_STATUS {volume=volume90610, bucket=trashroottest2, key=.Trash/runner, dataSize=0, replicationConfig=null} | ret=FAILURE
org.apache.hadoop.ozone.om.exceptions.OMException: Unable to get file status: volume: volume90610 bucket: trashroottest2 key: .Trash/runner
	at org.apache.hadoop.ozone.om.KeyManagerImpl.getOzoneFileStatus(KeyManagerImpl.java:1280) ~[ozone-manager-1.3.0-SNAPSHOT.jar:?]
	at org.apache.hadoop.ozone.om.KeyManagerImpl.getFileStatus(KeyManagerImpl.java:1210) ~[ozone-manager-1.3.0-SNAPSHOT.jar:?]
	at org.apache.hadoop.ozone.om.OzoneManager.getFileStatus(OzoneManager.java:3067) ~[ozone-manager-1.3.0-SNAPSHOT.jar:?]
	at org.apache.hadoop.ozone.protocolPB.OzoneManagerRequestHandler.getOzoneFileStatus(OzoneManagerRequestHandler.java:670) ~[ozone-manager-1.3.0-SNAPSHOT.jar:?]
	at org.apache.hadoop.ozone.protocolPB.OzoneManagerRequestHandler.handleReadRequest(OzoneManagerRequestHandler.java:201) ~[ozone-manager-1.3.0-SNAPSHOT.jar:?]
	at org.apache.hadoop.ozone.protocolPB.OzoneManagerProtocolServerSideTranslatorPB.submitRequestDirectlyToOM(OzoneManagerProtocolServerSideTranslatorPB.java:271) ~[ozone-manager-1.3.0-SNAPSHOT.jar:?]
	at org.apache.hadoop.ozone.protocolPB.OzoneManagerProtocolServerSideTranslatorPB.processRequest(OzoneManagerProtocolServerSideTranslatorPB.java:195) ~[ozone-manager-1.3.0-SNAPSHOT.jar:?]
	at org.apache.hadoop.hdds.server.OzoneProtocolMessageDispatcher.processRequest(OzoneProtocolMessageDispatcher.java:87) [hdds-server-framework-1.3.0-SNAPSHOT.jar:?]
	at org.apache.hadoop.ozone.protocolPB.OzoneManagerProtocolServerSideTranslatorPB.submitRequest(OzoneManagerProtocolServerSideTranslatorPB.java:146) [ozone-manager-1.3.0-SNAPSHOT.jar:?]
	at org.apache.hadoop.ozone.protocol.proto.OzoneManagerProtocolProtos$OzoneManagerService$2.callBlockingMethod(OzoneManagerProtocolProtos.java) [ozone-interface-client-1.3.0-SNAPSHOT.jar:?]
	at org.apache.hadoop.ipc.ProtobufRpcEngine$Server.processCall(ProtobufRpcEngine.java:466) [hadoop-common-3.3.1.jar:?]
	at org.apache.hadoop.ipc.ProtobufRpcEngine2$Server$ProtoBufRpcInvoker.call(ProtobufRpcEngine2.java:574) [hadoop-common-3.3.1.jar:?]
	at org.apache.hadoop.ipc.ProtobufRpcEngine2$Server$ProtoBufRpcInvoker.call(ProtobufRpcEngine2.java:552) [hadoop-common-3.3.1.jar:?]
	at org.apache.hadoop.ipc.RPC$Server.call(RPC.java:1093) [hadoop-common-3.3.1.jar:?]
	at org.apache.hadoop.ipc.Server$RpcCall.run(Server.java:1035) [hadoop-common-3.3.1.jar:?]
	at org.apache.hadoop.ipc.Server$RpcCall.run(Server.java:963) [hadoop-common-3.3.1.jar:?]
	at java.security.AccessController.doPrivileged(Native Method) ~[?:1.8.0_322]
	at javax.security.auth.Subject.doAs(Subject.java:422) [?:1.8.0_322]
	at org.apache.hadoop.security.UserGroupInformation.doAs(UserGroupInformation.java:1878) [hadoop-common-3.3.1.jar:?]
	at org.apache.hadoop.ipc.Server$Handler.run(Server.java:2966) [hadoop-common-3.3.1.jar:?]
03:18:06.089 [IPC Server handler 7 on default port 33661] ERROR OMAudit - user=runner | ip=127.0.0.1 | op=GET_FILE_STATUS {volume=volume13816, bucket=bucket02286, key=.Trash/runner, dataSize=0, replicationConfig=null} | ret=FAILURE
org.apache.hadoop.ozone.om.exceptions.OMException: Unable to get file status: volume: volume13816 bucket: bucket02286 key: .Trash/runner
	at org.apache.hadoop.ozone.om.KeyManagerImpl.getOzoneFileStatus(KeyManagerImpl.java:1280) ~[ozone-manager-1.3.0-SNAPSHOT.jar:?]
	at org.apache.hadoop.ozone.om.KeyManagerImpl.getFileStatus(KeyManagerImpl.java:1210) ~[ozone-manager-1.3.0-SNAPSHOT.jar:?]
	at org.apache.hadoop.ozone.om.OzoneManager.getFileStatus(OzoneManager.java:3067) ~[ozone-manager-1.3.0-SNAPSHOT.jar:?]
	at org.apache.hadoop.ozone.protocolPB.OzoneManagerRequestHandler.getOzoneFileStatus(OzoneManagerRequestHandler.java:670) ~[ozone-manager-1.3.0-SNAPSHOT.jar:?]
	at org.apache.hadoop.ozone.protocolPB.OzoneManagerRequestHandler.handleReadRequest(OzoneManagerRequestHandler.java:201) ~[ozone-manager-1.3.0-SNAPSHOT.jar:?]
	at org.apache.hadoop.ozone.protocolPB.OzoneManagerProtocolServerSideTranslatorPB.submitRequestDirectlyToOM(OzoneManagerProtocolServerSideTranslatorPB.java:271) ~[ozone-manager-1.3.0-SNAPSHOT.jar:?]
	at org.apache.hadoop.ozone.protocolPB.OzoneManagerProtocolServerSideTranslatorPB.processRequest(OzoneManagerProtocolServerSideTranslatorPB.java:195) ~[ozone-manager-1.3.0-SNAPSHOT.jar:?]
	at org.apache.hadoop.hdds.server.OzoneProtocolMessageDispatcher.processRequest(OzoneProtocolMessageDispatcher.java:87) [hdds-server-framework-1.3.0-SNAPSHOT.jar:?]
	at org.apache.hadoop.ozone.protocolPB.OzoneManagerProtocolServerSideTranslatorPB.submitRequest(OzoneManagerProtocolServerSideTranslatorPB.java:146) [ozone-manager-1.3.0-SNAPSHOT.jar:?]
	at org.apache.hadoop.ozone.protocol.proto.OzoneManagerProtocolProtos$OzoneManagerService$2.callBlockingMethod(OzoneManagerProtocolProtos.java) [ozone-interface-client-1.3.0-SNAPSHOT.jar:?]
	at org.apache.hadoop.ipc.ProtobufRpcEngine$Server.processCall(ProtobufRpcEngine.java:466) [hadoop-common-3.3.1.jar:?]
	at org.apache.hadoop.ipc.ProtobufRpcEngine2$Server$ProtoBufRpcInvoker.call(ProtobufRpcEngine2.java:574) [hadoop-common-3.3.1.jar:?]
	at org.apache.hadoop.ipc.ProtobufRpcEngine2$Server$ProtoBufRpcInvoker.call(ProtobufRpcEngine2.java:552) [hadoop-common-3.3.1.jar:?]
	at org.apache.hadoop.ipc.RPC$Server.call(RPC.java:1093) [hadoop-common-3.3.1.jar:?]
	at org.apache.hadoop.ipc.Server$RpcCall.run(Server.java:1035) [hadoop-common-3.3.1.jar:?]
	at org.apache.hadoop.ipc.Server$RpcCall.run(Server.java:963) [hadoop-common-3.3.1.jar:?]
	at java.security.AccessController.doPrivileged(Native Method) ~[?:1.8.0_322]
	at javax.security.auth.Subject.doAs(Subject.java:422) [?:1.8.0_322]
	at org.apache.hadoop.security.UserGroupInformation.doAs(UserGroupInformation.java:1878) [hadoop-common-3.3.1.jar:?]
	at org.apache.hadoop.ipc.Server$Handler.run(Server.java:2966) [hadoop-common-3.3.1.jar:?]
03:18:06.092 [IPC Server handler 13 on default port 33661] ERROR OMAudit - user=runner | ip=127.0.0.1 | op=GET_FILE_STATUS {volume=32e09f52-1673-4d2e-b480-efffd96958a6, bucket=0746b6c4-3bbb-4b6a-a877-4dd084fd7222, key=.Trash, dataSize=0, replicationConfig=null} | ret=FAILURE
org.apache.hadoop.ozone.om.exceptions.OMException: Unable to get file status: volume: 32e09f52-1673-4d2e-b480-efffd96958a6 bucket: 0746b6c4-3bbb-4b6a-a877-4dd084fd7222 key: .Trash
	at org.apache.hadoop.ozone.om.KeyManagerImpl.getOzoneFileStatus(KeyManagerImpl.java:1280) ~[ozone-manager-1.3.0-SNAPSHOT.jar:?]
	at org.apache.hadoop.ozone.om.KeyManagerImpl.getFileStatus(KeyManagerImpl.java:1210) ~[ozone-manager-1.3.0-SNAPSHOT.jar:?]
	at org.apache.hadoop.ozone.om.OzoneManager.getFileStatus(OzoneManager.java:3067) ~[ozone-manager-1.3.0-SNAPSHOT.jar:?]
	at org.apache.hadoop.ozone.protocolPB.OzoneManagerRequestHandler.getOzoneFileStatus(OzoneManagerRequestHandler.java:670) ~[ozone-manager-1.3.0-SNAPSHOT.jar:?]
	at org.apache.hadoop.ozone.protocolPB.OzoneManagerRequestHandler.handleReadRequest(OzoneManagerRequestHandler.java:201) ~[ozone-manager-1.3.0-SNAPSHOT.jar:?]
	at org.apache.hadoop.ozone.protocolPB.OzoneManagerProtocolServerSideTranslatorPB.submitRequestDirectlyToOM(OzoneManagerProtocolServerSideTranslatorPB.java:271) ~[ozone-manager-1.3.0-SNAPSHOT.jar:?]
	at org.apache.hadoop.ozone.protocolPB.OzoneManagerProtocolServerSideTranslatorPB.processRequest(OzoneManagerProtocolServerSideTranslatorPB.java:195) ~[ozone-manager-1.3.0-SNAPSHOT.jar:?]
	at org.apache.hadoop.hdds.server.OzoneProtocolMessageDispatcher.processRequest(OzoneProtocolMessageDispatcher.java:87) [hdds-server-framework-1.3.0-SNAPSHOT.jar:?]
	at org.apache.hadoop.ozone.protocolPB.OzoneManagerProtocolServerSideTranslatorPB.submitRequest(OzoneManagerProtocolServerSideTranslatorPB.java:146) [ozone-manager-1.3.0-SNAPSHOT.jar:?]
	at org.apache.hadoop.ozone.protocol.proto.OzoneManagerProtocolProtos$OzoneManagerService$2.callBlockingMethod(OzoneManagerProtocolProtos.java) [ozone-interface-client-1.3.0-SNAPSHOT.jar:?]
	at org.apache.hadoop.ipc.ProtobufRpcEngine$Server.processCall(ProtobufRpcEngine.java:466) [hadoop-common-3.3.1.jar:?]
	at org.apache.hadoop.ipc.ProtobufRpcEngine2$Server$ProtoBufRpcInvoker.call(ProtobufRpcEngine2.java:574) [hadoop-common-3.3.1.jar:?]
	at org.apache.hadoop.ipc.ProtobufRpcEngine2$Server$ProtoBufRpcInvoker.call(ProtobufRpcEngine2.java:552) [hadoop-common-3.3.1.jar:?]
	at org.apache.hadoop.ipc.RPC$Server.call(RPC.java:1093) [hadoop-common-3.3.1.jar:?]
	at org.apache.hadoop.ipc.Server$RpcCall.run(Server.java:1035) [hadoop-common-3.3.1.jar:?]
	at org.apache.hadoop.ipc.Server$RpcCall.run(Server.java:963) [hadoop-common-3.3.1.jar:?]
	at java.security.AccessController.doPrivileged(Native Method) ~[?:1.8.0_322]
	at javax.security.auth.Subject.doAs(Subject.java:422) [?:1.8.0_322]
	at org.apache.hadoop.security.UserGroupInformation.doAs(UserGroupInformation.java:1878) [hadoop-common-3.3.1.jar:?]
	at org.apache.hadoop.ipc.Server$Handler.run(Server.java:2966) [hadoop-common-3.3.1.jar:?]
03:18:06.096 [IPC Server handler 18 on default port 33661] ERROR OMAudit - user=runner | ip=127.0.0.1 | op=GET_FILE_STATUS {volume=volume13816, bucket=bucket02286, key=.Trash, dataSize=0, replicationConfig=null} | ret=FAILURE
org.apache.hadoop.ozone.om.exceptions.OMException: Unable to get file status: volume: volume13816 bucket: bucket02286 key: .Trash
	at org.apache.hadoop.ozone.om.KeyManagerImpl.getOzoneFileStatus(KeyManagerImpl.java:1280) ~[ozone-manager-1.3.0-SNAPSHOT.jar:?]
	at org.apache.hadoop.ozone.om.KeyManagerImpl.getFileStatus(KeyManagerImpl.java:1210) ~[ozone-manager-1.3.0-SNAPSHOT.jar:?]
	at org.apache.hadoop.ozone.om.OzoneManager.getFileStatus(OzoneManager.java:3067) ~[ozone-manager-1.3.0-SNAPSHOT.jar:?]
	at org.apache.hadoop.ozone.protocolPB.OzoneManagerRequestHandler.getOzoneFileStatus(OzoneManagerRequestHandler.java:670) ~[ozone-manager-1.3.0-SNAPSHOT.jar:?]
	at org.apache.hadoop.ozone.protocolPB.OzoneManagerRequestHandler.handleReadRequest(OzoneManagerRequestHandler.java:201) ~[ozone-manager-1.3.0-SNAPSHOT.jar:?]
	at org.apache.hadoop.ozone.protocolPB.OzoneManagerProtocolServerSideTranslatorPB.submitRequestDirectlyToOM(OzoneManagerProtocolServerSideTranslatorPB.java:271) ~[ozone-manager-1.3.0-SNAPSHOT.jar:?]
	at org.apache.hadoop.ozone.protocolPB.OzoneManagerProtocolServerSideTranslatorPB.processRequest(OzoneManagerProtocolServerSideTranslatorPB.java:195) ~[ozone-manager-1.3.0-SNAPSHOT.jar:?]
	at org.apache.hadoop.hdds.server.OzoneProtocolMessageDispatcher.processRequest(OzoneProtocolMessageDispatcher.java:87) [hdds-server-framework-1.3.0-SNAPSHOT.jar:?]
	at org.apache.hadoop.ozone.protocolPB.OzoneManagerProtocolServerSideTranslatorPB.submitRequest(OzoneManagerProtocolServerSideTranslatorPB.java:146) [ozone-manager-1.3.0-SNAPSHOT.jar:?]
	at org.apache.hadoop.ozone.protocol.proto.OzoneManagerProtocolProtos$OzoneManagerService$2.callBlockingMethod(OzoneManagerProtocolProtos.java) [ozone-interface-client-1.3.0-SNAPSHOT.jar:?]
	at org.apache.hadoop.ipc.ProtobufRpcEngine$Server.processCall(ProtobufRpcEngine.java:466) [hadoop-common-3.3.1.jar:?]
	at org.apache.hadoop.ipc.ProtobufRpcEngine2$Server$ProtoBufRpcInvoker.call(ProtobufRpcEngine2.java:574) [hadoop-common-3.3.1.jar:?]
	at org.apache.hadoop.ipc.ProtobufRpcEngine2$Server$ProtoBufRpcInvoker.call(ProtobufRpcEngine2.java:552) [hadoop-common-3.3.1.jar:?]
	at org.apache.hadoop.ipc.RPC$Server.call(RPC.java:1093) [hadoop-common-3.3.1.jar:?]
	at org.apache.hadoop.ipc.Server$RpcCall.run(Server.java:1035) [hadoop-common-3.3.1.jar:?]
	at org.apache.hadoop.ipc.Server$RpcCall.run(Server.java:963) [hadoop-common-3.3.1.jar:?]
	at java.security.AccessController.doPrivileged(Native Method) ~[?:1.8.0_322]
	at javax.security.auth.Subject.doAs(Subject.java:422) [?:1.8.0_322]
	at org.apache.hadoop.security.UserGroupInformation.doAs(UserGroupInformation.java:1878) [hadoop-common-3.3.1.jar:?]
	at org.apache.hadoop.ipc.Server$Handler.run(Server.java:2966) [hadoop-common-3.3.1.jar:?]
03:18:06.122 [IPC Server handler 8 on default port 33661] ERROR OMAudit - user=runner | ip=127.0.0.1 | op=GET_FILE_STATUS {volume=volume90610, bucket=trashroottest2, key=.Trash, dataSize=0, replicationConfig=null} | ret=FAILURE
org.apache.hadoop.ozone.om.exceptions.OMException: Unable to get file status: volume: volume90610 bucket: trashroottest2 key: .Trash
	at org.apache.hadoop.ozone.om.KeyManagerImpl.getOzoneFileStatus(KeyManagerImpl.java:1280) ~[ozone-manager-1.3.0-SNAPSHOT.jar:?]
	at org.apache.hadoop.ozone.om.KeyManagerImpl.getFileStatus(KeyManagerImpl.java:1210) ~[ozone-manager-1.3.0-SNAPSHOT.jar:?]
	at org.apache.hadoop.ozone.om.OzoneManager.getFileStatus(OzoneManager.java:3067) ~[ozone-manager-1.3.0-SNAPSHOT.jar:?]
	at org.apache.hadoop.ozone.protocolPB.OzoneManagerRequestHandler.getOzoneFileStatus(OzoneManagerRequestHandler.java:670) ~[ozone-manager-1.3.0-SNAPSHOT.jar:?]
	at org.apache.hadoop.ozone.protocolPB.OzoneManagerRequestHandler.handleReadRequest(OzoneManagerRequestHandler.java:201) ~[ozone-manager-1.3.0-SNAPSHOT.jar:?]
	at org.apache.hadoop.ozone.protocolPB.OzoneManagerProtocolServerSideTranslatorPB.submitRequestDirectlyToOM(OzoneManagerProtocolServerSideTranslatorPB.java:271) ~[ozone-manager-1.3.0-SNAPSHOT.jar:?]
	at org.apache.hadoop.ozone.protocolPB.OzoneManagerProtocolServerSideTranslatorPB.processRequest(OzoneManagerProtocolServerSideTranslatorPB.java:195) ~[ozone-manager-1.3.0-SNAPSHOT.jar:?]
	at org.apache.hadoop.hdds.server.OzoneProtocolMessageDispatcher.processRequest(OzoneProtocolMessageDispatcher.java:87) [hdds-server-framework-1.3.0-SNAPSHOT.jar:?]
	at org.apache.hadoop.ozone.protocolPB.OzoneManagerProtocolServerSideTranslatorPB.submitRequest(OzoneManagerProtocolServerSideTranslatorPB.java:146) [ozone-manager-1.3.0-SNAPSHOT.jar:?]
	at org.apache.hadoop.ozone.protocol.proto.OzoneManagerProtocolProtos$OzoneManagerService$2.callBlockingMethod(OzoneManagerProtocolProtos.java) [ozone-interface-client-1.3.0-SNAPSHOT.jar:?]
	at org.apache.hadoop.ipc.ProtobufRpcEngine$Server.processCall(ProtobufRpcEngine.java:466) [hadoop-common-3.3.1.jar:?]
	at org.apache.hadoop.ipc.ProtobufRpcEngine2$Server$ProtoBufRpcInvoker.call(ProtobufRpcEngine2.java:574) [hadoop-common-3.3.1.jar:?]
	at org.apache.hadoop.ipc.ProtobufRpcEngine2$Server$ProtoBufRpcInvoker.call(ProtobufRpcEngine2.java:552) [hadoop-common-3.3.1.jar:?]
	at org.apache.hadoop.ipc.RPC$Server.call(RPC.java:1093) [hadoop-common-3.3.1.jar:?]
	at org.apache.hadoop.ipc.Server$RpcCall.run(Server.java:1035) [hadoop-common-3.3.1.jar:?]
	at org.apache.hadoop.ipc.Server$RpcCall.run(Server.java:963) [hadoop-common-3.3.1.jar:?]
	at java.security.AccessController.doPrivileged(Native Method) ~[?:1.8.0_322]
	at javax.security.auth.Subject.doAs(Subject.java:422) [?:1.8.0_322]
	at org.apache.hadoop.security.UserGroupInformation.doAs(UserGroupInformation.java:1878) [hadoop-common-3.3.1.jar:?]
	at org.apache.hadoop.ipc.Server$Handler.run(Server.java:2966) [hadoop-common-3.3.1.jar:?]
03:18:06.132 [IPC Server handler 9 on default port 33661] ERROR OMAudit - user=runner | ip=127.0.0.1 | op=GET_FILE_STATUS {volume=volume90610, bucket=bucket24034, key=.Trash/runner, dataSize=0, replicationConfig=null} | ret=FAILURE
org.apache.hadoop.ozone.om.exceptions.OMException: Unable to get file status: volume: volume90610 bucket: bucket24034 key: .Trash/runner
	at org.apache.hadoop.ozone.om.KeyManagerImpl.getOzoneFileStatus(KeyManagerImpl.java:1280) ~[ozone-manager-1.3.0-SNAPSHOT.jar:?]
	at org.apache.hadoop.ozone.om.KeyManagerImpl.getFileStatus(KeyManagerImpl.java:1210) ~[ozone-manager-1.3.0-SNAPSHOT.jar:?]
	at org.apache.hadoop.ozone.om.OzoneManager.getFileStatus(OzoneManager.java:3067) ~[ozone-manager-1.3.0-SNAPSHOT.jar:?]
	at org.apache.hadoop.ozone.protocolPB.OzoneManagerRequestHandler.getOzoneFileStatus(OzoneManagerRequestHandler.java:670) ~[ozone-manager-1.3.0-SNAPSHOT.jar:?]
	at org.apache.hadoop.ozone.protocolPB.OzoneManagerRequestHandler.handleReadRequest(OzoneManagerRequestHandler.java:201) ~[ozone-manager-1.3.0-SNAPSHOT.jar:?]
	at org.apache.hadoop.ozone.protocolPB.OzoneManagerProtocolServerSideTranslatorPB.submitRequestDirectlyToOM(OzoneManagerProtocolServerSideTranslatorPB.java:271) ~[ozone-manager-1.3.0-SNAPSHOT.jar:?]
	at org.apache.hadoop.ozone.protocolPB.OzoneManagerProtocolServerSideTranslatorPB.processRequest(OzoneManagerProtocolServerSideTranslatorPB.java:195) ~[ozone-manager-1.3.0-SNAPSHOT.jar:?]
	at org.apache.hadoop.hdds.server.OzoneProtocolMessageDispatcher.processRequest(OzoneProtocolMessageDispatcher.java:87) [hdds-server-framework-1.3.0-SNAPSHOT.jar:?]
	at org.apache.hadoop.ozone.protocolPB.OzoneManagerProtocolServerSideTranslatorPB.submitRequest(OzoneManagerProtocolServerSideTranslatorPB.java:146) [ozone-manager-1.3.0-SNAPSHOT.jar:?]
	at org.apache.hadoop.ozone.protocol.proto.OzoneManagerProtocolProtos$OzoneManagerService$2.callBlockingMethod(OzoneManagerProtocolProtos.java) [ozone-interface-client-1.3.0-SNAPSHOT.jar:?]
	at org.apache.hadoop.ipc.ProtobufRpcEngine$Server.processCall(ProtobufRpcEngine.java:466) [hadoop-common-3.3.1.jar:?]
	at org.apache.hadoop.ipc.ProtobufRpcEngine2$Server$ProtoBufRpcInvoker.call(ProtobufRpcEngine2.java:574) [hadoop-common-3.3.1.jar:?]
	at org.apache.hadoop.ipc.ProtobufRpcEngine2$Server$ProtoBufRpcInvoker.call(ProtobufRpcEngine2.java:552) [hadoop-common-3.3.1.jar:?]
	at org.apache.hadoop.ipc.RPC$Server.call(RPC.java:1093) [hadoop-common-3.3.1.jar:?]
	at org.apache.hadoop.ipc.Server$RpcCall.run(Server.java:1035) [hadoop-common-3.3.1.jar:?]
	at org.apache.hadoop.ipc.Server$RpcCall.run(Server.java:963) [hadoop-common-3.3.1.jar:?]
	at java.security.AccessController.doPrivileged(Native Method) ~[?:1.8.0_322]
	at javax.security.auth.Subject.doAs(Subject.java:422) [?:1.8.0_322]
	at org.apache.hadoop.security.UserGroupInformation.doAs(UserGroupInformation.java:1878) [hadoop-common-3.3.1.jar:?]
	at org.apache.hadoop.ipc.Server$Handler.run(Server.java:2966) [hadoop-common-3.3.1.jar:?]
03:18:06.152 [IPC Server handler 2 on default port 33661] ERROR OMAudit - user=runner | ip=127.0.0.1 | op=GET_FILE_STATUS {volume=32e09f52-1673-4d2e-b480-efffd96958a6, bucket=0746b6c4-3bbb-4b6a-a877-4dd084fd7222, key=.Trash, dataSize=0, replicationConfig=null} | ret=FAILURE
org.apache.hadoop.ozone.om.exceptions.OMException: Unable to get file status: volume: 32e09f52-1673-4d2e-b480-efffd96958a6 bucket: 0746b6c4-3bbb-4b6a-a877-4dd084fd7222 key: .Trash
	at org.apache.hadoop.ozone.om.KeyManagerImpl.getOzoneFileStatus(KeyManagerImpl.java:1280) ~[ozone-manager-1.3.0-SNAPSHOT.jar:?]
	at org.apache.hadoop.ozone.om.KeyManagerImpl.getFileStatus(KeyManagerImpl.java:1210) ~[ozone-manager-1.3.0-SNAPSHOT.jar:?]
	at org.apache.hadoop.ozone.om.OzoneManager.getFileStatus(OzoneManager.java:3067) ~[ozone-manager-1.3.0-SNAPSHOT.jar:?]
	at org.apache.hadoop.ozone.protocolPB.OzoneManagerRequestHandler.getOzoneFileStatus(OzoneManagerRequestHandler.java:670) ~[ozone-manager-1.3.0-SNAPSHOT.jar:?]
	at org.apache.hadoop.ozone.protocolPB.OzoneManagerRequestHandler.handleReadRequest(OzoneManagerRequestHandler.java:201) ~[ozone-manager-1.3.0-SNAPSHOT.jar:?]
	at org.apache.hadoop.ozone.protocolPB.OzoneManagerProtocolServerSideTranslatorPB.submitRequestDirectlyToOM(OzoneManagerProtocolServerSideTranslatorPB.java:271) ~[ozone-manager-1.3.0-SNAPSHOT.jar:?]
	at org.apache.hadoop.ozone.protocolPB.OzoneManagerProtocolServerSideTranslatorPB.processRequest(OzoneManagerProtocolServerSideTranslatorPB.java:195) ~[ozone-manager-1.3.0-SNAPSHOT.jar:?]
	at org.apache.hadoop.hdds.server.OzoneProtocolMessageDispatcher.processRequest(OzoneProtocolMessageDispatcher.java:87) [hdds-server-framework-1.3.0-SNAPSHOT.jar:?]
	at org.apache.hadoop.ozone.protocolPB.OzoneManagerProtocolServerSideTranslatorPB.submitRequest(OzoneManagerProtocolServerSideTranslatorPB.java:146) [ozone-manager-1.3.0-SNAPSHOT.jar:?]
	at org.apache.hadoop.ozone.protocol.proto.OzoneManagerProtocolProtos$OzoneManagerService$2.callBlockingMethod(OzoneManagerProtocolProtos.java) [ozone-interface-client-1.3.0-SNAPSHOT.jar:?]
	at org.apache.hadoop.ipc.ProtobufRpcEngine$Server.processCall(ProtobufRpcEngine.java:466) [hadoop-common-3.3.1.jar:?]
	at org.apache.hadoop.ipc.ProtobufRpcEngine2$Server$ProtoBufRpcInvoker.call(ProtobufRpcEngine2.java:574) [hadoop-common-3.3.1.jar:?]
	at org.apache.hadoop.ipc.ProtobufRpcEngine2$Server$ProtoBufRpcInvoker.call(ProtobufRpcEngine2.java:552) [hadoop-common-3.3.1.jar:?]
	at org.apache.hadoop.ipc.RPC$Server.call(RPC.java:1093) [hadoop-common-3.3.1.jar:?]
	at org.apache.hadoop.ipc.Server$RpcCall.run(Server.java:1035) [hadoop-common-3.3.1.jar:?]
	at org.apache.hadoop.ipc.Server$RpcCall.run(Server.java:963) [hadoop-common-3.3.1.jar:?]
	at java.security.AccessController.doPrivileged(Native Method) ~[?:1.8.0_322]
	at javax.security.auth.Subject.doAs(Subject.java:422) [?:1.8.0_322]
	at org.apache.hadoop.security.UserGroupInformation.doAs(UserGroupInformation.java:1878) [hadoop-common-3.3.1.jar:?]
	at org.apache.hadoop.ipc.Server$Handler.run(Server.java:2966) [hadoop-common-3.3.1.jar:?]
]]></system-out>
  </testcase>
  <testcase name="testCreateDoesNotAddParentDirKeys" classname="TestRootedOzoneFileSystem" time="0.141">
    <system-out><![CDATA[2022-05-04 03:12:33,617 [Time-limited test] INFO  rpc.RpcClient (RpcClient.java:createVolume(448)) - Creating Volume: volume62563, with user44601 as owner and space quota set to -1 bytes, counts quota set to -1
2022-05-04 03:12:33,623 [OM StateMachine ApplyTransaction Thread - 0] INFO  volume.OMVolumeCreateRequest (OMVolumeCreateRequest.java:validateAndUpdateCache(195)) - created volume:volume62563 for user:user44601
2022-05-04 03:12:33,625 [Time-limited test] INFO  rpc.RpcClient (RpcClient.java:createBucket(637)) - Creating Bucket: volume62563/bucket40419, with runner as owner and Versioning false and Storage Type set to DISK and Encryption set to false 
2022-05-04 03:12:33,628 [OM StateMachine ApplyTransaction Thread - 0] INFO  bucket.OMBucketCreateRequest (OMBucketCreateRequest.java:validateAndUpdateCache(258)) - created bucket: bucket40419 of layout LEGACY in volume: volume62563
03:12:33.675 [IPC Server handler 9 on default port 39393] ERROR OMAudit - user=runner | ip=127.0.0.1 | op=READ_KEY {volume=volume62563, bucket=bucket40419, key=testCreateDoesNotAddParentDirKeys/parent/, dataSize=0, replicationConfig=null} | ret=FAILURE
org.apache.hadoop.ozone.om.exceptions.OMException: Key:testCreateDoesNotAddParentDirKeys/parent not found
	at org.apache.hadoop.ozone.om.KeyManagerImpl.lookupKey(KeyManagerImpl.java:374) ~[ozone-manager-1.3.0-SNAPSHOT.jar:?]
	at org.apache.hadoop.ozone.om.OzoneManager.lookupKey(OzoneManager.java:2725) ~[ozone-manager-1.3.0-SNAPSHOT.jar:?]
	at org.apache.hadoop.ozone.protocolPB.OzoneManagerRequestHandler.lookupKey(OzoneManagerRequestHandler.java:402) ~[ozone-manager-1.3.0-SNAPSHOT.jar:?]
	at org.apache.hadoop.ozone.protocolPB.OzoneManagerRequestHandler.handleReadRequest(OzoneManagerRequestHandler.java:166) ~[ozone-manager-1.3.0-SNAPSHOT.jar:?]
	at org.apache.hadoop.ozone.protocolPB.OzoneManagerProtocolServerSideTranslatorPB.submitReadRequestToOM(OzoneManagerProtocolServerSideTranslatorPB.java:213) ~[ozone-manager-1.3.0-SNAPSHOT.jar:?]
	at org.apache.hadoop.ozone.protocolPB.OzoneManagerProtocolServerSideTranslatorPB.processRequest(OzoneManagerProtocolServerSideTranslatorPB.java:174) ~[ozone-manager-1.3.0-SNAPSHOT.jar:?]
	at org.apache.hadoop.hdds.server.OzoneProtocolMessageDispatcher.processRequest(OzoneProtocolMessageDispatcher.java:87) [hdds-server-framework-1.3.0-SNAPSHOT.jar:?]
	at org.apache.hadoop.ozone.protocolPB.OzoneManagerProtocolServerSideTranslatorPB.submitRequest(OzoneManagerProtocolServerSideTranslatorPB.java:146) [ozone-manager-1.3.0-SNAPSHOT.jar:?]
	at org.apache.hadoop.ozone.protocol.proto.OzoneManagerProtocolProtos$OzoneManagerService$2.callBlockingMethod(OzoneManagerProtocolProtos.java) [ozone-interface-client-1.3.0-SNAPSHOT.jar:?]
	at org.apache.hadoop.ipc.ProtobufRpcEngine$Server.processCall(ProtobufRpcEngine.java:466) [hadoop-common-3.3.1.jar:?]
	at org.apache.hadoop.ipc.ProtobufRpcEngine2$Server$ProtoBufRpcInvoker.call(ProtobufRpcEngine2.java:574) [hadoop-common-3.3.1.jar:?]
	at org.apache.hadoop.ipc.ProtobufRpcEngine2$Server$ProtoBufRpcInvoker.call(ProtobufRpcEngine2.java:552) [hadoop-common-3.3.1.jar:?]
	at org.apache.hadoop.ipc.RPC$Server.call(RPC.java:1093) [hadoop-common-3.3.1.jar:?]
	at org.apache.hadoop.ipc.Server$RpcCall.run(Server.java:1035) [hadoop-common-3.3.1.jar:?]
	at org.apache.hadoop.ipc.Server$RpcCall.run(Server.java:963) [hadoop-common-3.3.1.jar:?]
	at java.security.AccessController.doPrivileged(Native Method) ~[?:1.8.0_322]
	at javax.security.auth.Subject.doAs(Subject.java:422) [?:1.8.0_322]
	at org.apache.hadoop.security.UserGroupInformation.doAs(UserGroupInformation.java:1878) [hadoop-common-3.3.1.jar:?]
	at org.apache.hadoop.ipc.Server$Handler.run(Server.java:2966) [hadoop-common-3.3.1.jar:?]
]]></system-out>
  </testcase>
  <testcase name="testCreateDoesNotAddParentDirKeys" classname="TestRootedOzoneFileSystem" time="0.116">
    <system-out><![CDATA[2022-05-04 03:13:55,535 [Time-limited test] INFO  rpc.RpcClient (RpcClient.java:createVolume(448)) - Creating Volume: volume45072, with user63248 as owner and space quota set to -1 bytes, counts quota set to -1
2022-05-04 03:13:55,537 [OM StateMachine ApplyTransaction Thread - 0] INFO  volume.OMVolumeCreateRequest (OMVolumeCreateRequest.java:validateAndUpdateCache(195)) - created volume:volume45072 for user:user63248
2022-05-04 03:13:55,538 [Time-limited test] INFO  rpc.RpcClient (RpcClient.java:createBucket(637)) - Creating Bucket: volume45072/bucket53383, with runner as owner and Versioning false and Storage Type set to DISK and Encryption set to false 
2022-05-04 03:13:55,540 [OM StateMachine ApplyTransaction Thread - 0] INFO  bucket.OMBucketCreateRequest (OMBucketCreateRequest.java:validateAndUpdateCache(258)) - created bucket: bucket53383 of layout LEGACY in volume: volume45072
03:13:55.578 [IPC Server handler 12 on default port 46813] ERROR OMAudit - user=runner | ip=127.0.0.1 | op=READ_KEY {volume=volume45072, bucket=bucket53383, key=testCreateDoesNotAddParentDirKeys/parent/, dataSize=0, replicationConfig=null} | ret=FAILURE
org.apache.hadoop.ozone.om.exceptions.OMException: Key:testCreateDoesNotAddParentDirKeys/parent not found
	at org.apache.hadoop.ozone.om.KeyManagerImpl.lookupKey(KeyManagerImpl.java:374) ~[ozone-manager-1.3.0-SNAPSHOT.jar:?]
	at org.apache.hadoop.ozone.om.OzoneManager.lookupKey(OzoneManager.java:2725) ~[ozone-manager-1.3.0-SNAPSHOT.jar:?]
	at org.apache.hadoop.ozone.protocolPB.OzoneManagerRequestHandler.lookupKey(OzoneManagerRequestHandler.java:402) ~[ozone-manager-1.3.0-SNAPSHOT.jar:?]
	at org.apache.hadoop.ozone.protocolPB.OzoneManagerRequestHandler.handleReadRequest(OzoneManagerRequestHandler.java:166) ~[ozone-manager-1.3.0-SNAPSHOT.jar:?]
	at org.apache.hadoop.ozone.protocolPB.OzoneManagerProtocolServerSideTranslatorPB.submitReadRequestToOM(OzoneManagerProtocolServerSideTranslatorPB.java:213) ~[ozone-manager-1.3.0-SNAPSHOT.jar:?]
	at org.apache.hadoop.ozone.protocolPB.OzoneManagerProtocolServerSideTranslatorPB.processRequest(OzoneManagerProtocolServerSideTranslatorPB.java:174) ~[ozone-manager-1.3.0-SNAPSHOT.jar:?]
	at org.apache.hadoop.hdds.server.OzoneProtocolMessageDispatcher.processRequest(OzoneProtocolMessageDispatcher.java:87) [hdds-server-framework-1.3.0-SNAPSHOT.jar:?]
	at org.apache.hadoop.ozone.protocolPB.OzoneManagerProtocolServerSideTranslatorPB.submitRequest(OzoneManagerProtocolServerSideTranslatorPB.java:146) [ozone-manager-1.3.0-SNAPSHOT.jar:?]
	at org.apache.hadoop.ozone.protocol.proto.OzoneManagerProtocolProtos$OzoneManagerService$2.callBlockingMethod(OzoneManagerProtocolProtos.java) [ozone-interface-client-1.3.0-SNAPSHOT.jar:?]
	at org.apache.hadoop.ipc.ProtobufRpcEngine$Server.processCall(ProtobufRpcEngine.java:466) [hadoop-common-3.3.1.jar:?]
	at org.apache.hadoop.ipc.ProtobufRpcEngine2$Server$ProtoBufRpcInvoker.call(ProtobufRpcEngine2.java:574) [hadoop-common-3.3.1.jar:?]
	at org.apache.hadoop.ipc.ProtobufRpcEngine2$Server$ProtoBufRpcInvoker.call(ProtobufRpcEngine2.java:552) [hadoop-common-3.3.1.jar:?]
	at org.apache.hadoop.ipc.RPC$Server.call(RPC.java:1093) [hadoop-common-3.3.1.jar:?]
	at org.apache.hadoop.ipc.Server$RpcCall.run(Server.java:1035) [hadoop-common-3.3.1.jar:?]
	at org.apache.hadoop.ipc.Server$RpcCall.run(Server.java:963) [hadoop-common-3.3.1.jar:?]
	at java.security.AccessController.doPrivileged(Native Method) ~[?:1.8.0_322]
	at javax.security.auth.Subject.doAs(Subject.java:422) [?:1.8.0_322]
	at org.apache.hadoop.security.UserGroupInformation.doAs(UserGroupInformation.java:1878) [hadoop-common-3.3.1.jar:?]
	at org.apache.hadoop.ipc.Server$Handler.run(Server.java:2966) [hadoop-common-3.3.1.jar:?]
]]></system-out>
  </testcase>
  <testcase name="testCreateDoesNotAddParentDirKeys" classname="TestRootedOzoneFileSystem" time="0.177">
    <system-out><![CDATA[2022-05-04 03:15:11,099 [Time-limited test] INFO  rpc.RpcClient (RpcClient.java:createVolume(448)) - Creating Volume: volume02289, with user75876 as owner and space quota set to -1 bytes, counts quota set to -1
2022-05-04 03:15:11,100 [IPC Server handler 5 on default port 33297] INFO  volume.OMVolumeCreateRequest (OMVolumeCreateRequest.java:validateAndUpdateCache(195)) - created volume:volume02289 for user:user75876
2022-05-04 03:15:11,101 [Time-limited test] INFO  rpc.RpcClient (RpcClient.java:createBucket(637)) - Creating Bucket: volume02289/bucket47392, with runner as owner and Versioning false and Storage Type set to DISK and Encryption set to false 
2022-05-04 03:15:11,101 [IPC Server handler 13 on default port 33297] INFO  bucket.OMBucketCreateRequest (OMBucketCreateRequest.java:validateAndUpdateCache(258)) - created bucket: bucket47392 of layout LEGACY in volume: volume02289
03:15:11.175 [IPC Server handler 19 on default port 33297] ERROR OMAudit - user=runner | ip=127.0.0.1 | op=READ_KEY {volume=volume02289, bucket=bucket47392, key=testCreateDoesNotAddParentDirKeys/parent/, dataSize=0, replicationConfig=null} | ret=FAILURE
org.apache.hadoop.ozone.om.exceptions.OMException: Key:testCreateDoesNotAddParentDirKeys/parent not found
	at org.apache.hadoop.ozone.om.KeyManagerImpl.lookupKey(KeyManagerImpl.java:374) ~[ozone-manager-1.3.0-SNAPSHOT.jar:?]
	at org.apache.hadoop.ozone.om.OzoneManager.lookupKey(OzoneManager.java:2725) ~[ozone-manager-1.3.0-SNAPSHOT.jar:?]
	at org.apache.hadoop.ozone.protocolPB.OzoneManagerRequestHandler.lookupKey(OzoneManagerRequestHandler.java:402) ~[ozone-manager-1.3.0-SNAPSHOT.jar:?]
	at org.apache.hadoop.ozone.protocolPB.OzoneManagerRequestHandler.handleReadRequest(OzoneManagerRequestHandler.java:166) ~[ozone-manager-1.3.0-SNAPSHOT.jar:?]
	at org.apache.hadoop.ozone.protocolPB.OzoneManagerProtocolServerSideTranslatorPB.submitRequestDirectlyToOM(OzoneManagerProtocolServerSideTranslatorPB.java:271) ~[ozone-manager-1.3.0-SNAPSHOT.jar:?]
	at org.apache.hadoop.ozone.protocolPB.OzoneManagerProtocolServerSideTranslatorPB.processRequest(OzoneManagerProtocolServerSideTranslatorPB.java:195) ~[ozone-manager-1.3.0-SNAPSHOT.jar:?]
	at org.apache.hadoop.hdds.server.OzoneProtocolMessageDispatcher.processRequest(OzoneProtocolMessageDispatcher.java:87) [hdds-server-framework-1.3.0-SNAPSHOT.jar:?]
	at org.apache.hadoop.ozone.protocolPB.OzoneManagerProtocolServerSideTranslatorPB.submitRequest(OzoneManagerProtocolServerSideTranslatorPB.java:146) [ozone-manager-1.3.0-SNAPSHOT.jar:?]
	at org.apache.hadoop.ozone.protocol.proto.OzoneManagerProtocolProtos$OzoneManagerService$2.callBlockingMethod(OzoneManagerProtocolProtos.java) [ozone-interface-client-1.3.0-SNAPSHOT.jar:?]
	at org.apache.hadoop.ipc.ProtobufRpcEngine$Server.processCall(ProtobufRpcEngine.java:466) [hadoop-common-3.3.1.jar:?]
	at org.apache.hadoop.ipc.ProtobufRpcEngine2$Server$ProtoBufRpcInvoker.call(ProtobufRpcEngine2.java:574) [hadoop-common-3.3.1.jar:?]
	at org.apache.hadoop.ipc.ProtobufRpcEngine2$Server$ProtoBufRpcInvoker.call(ProtobufRpcEngine2.java:552) [hadoop-common-3.3.1.jar:?]
	at org.apache.hadoop.ipc.RPC$Server.call(RPC.java:1093) [hadoop-common-3.3.1.jar:?]
	at org.apache.hadoop.ipc.Server$RpcCall.run(Server.java:1035) [hadoop-common-3.3.1.jar:?]
	at org.apache.hadoop.ipc.Server$RpcCall.run(Server.java:963) [hadoop-common-3.3.1.jar:?]
	at java.security.AccessController.doPrivileged(Native Method) ~[?:1.8.0_322]
	at javax.security.auth.Subject.doAs(Subject.java:422) [?:1.8.0_322]
	at org.apache.hadoop.security.UserGroupInformation.doAs(UserGroupInformation.java:1878) [hadoop-common-3.3.1.jar:?]
	at org.apache.hadoop.ipc.Server$Handler.run(Server.java:2966) [hadoop-common-3.3.1.jar:?]
]]></system-out>
  </testcase>
  <testcase name="testCreateDoesNotAddParentDirKeys" classname="TestRootedOzoneFileSystem" time="0.178">
    <system-out><![CDATA[2022-05-04 03:16:34,030 [Time-limited test] INFO  rpc.RpcClient (RpcClient.java:createVolume(448)) - Creating Volume: volume02429, with user33261 as owner and space quota set to -1 bytes, counts quota set to -1
2022-05-04 03:16:34,035 [OM StateMachine ApplyTransaction Thread - 0] INFO  volume.OMVolumeCreateRequest (OMVolumeCreateRequest.java:validateAndUpdateCache(195)) - created volume:volume02429 for user:user33261
2022-05-04 03:16:34,038 [Time-limited test] INFO  rpc.RpcClient (RpcClient.java:createBucket(637)) - Creating Bucket: volume02429/bucket61334, with runner as owner and Versioning false and Storage Type set to DISK and Encryption set to false 
2022-05-04 03:16:34,039 [OM StateMachine ApplyTransaction Thread - 0] INFO  bucket.OMBucketCreateRequest (OMBucketCreateRequest.java:validateAndUpdateCache(258)) - created bucket: bucket61334 of layout LEGACY in volume: volume02429
]]></system-out>
  </testcase>
  <testcase name="testCreateDoesNotAddParentDirKeys" classname="TestRootedOzoneFileSystem" time="0.207">
    <system-out><![CDATA[2022-05-04 03:18:06,322 [Time-limited test] INFO  rpc.RpcClient (RpcClient.java:createVolume(448)) - Creating Volume: volume61212, with user55996 as owner and space quota set to -1 bytes, counts quota set to -1
2022-05-04 03:18:06,323 [IPC Server handler 2 on default port 33661] INFO  volume.OMVolumeCreateRequest (OMVolumeCreateRequest.java:validateAndUpdateCache(195)) - created volume:volume61212 for user:user55996
2022-05-04 03:18:06,325 [Time-limited test] INFO  rpc.RpcClient (RpcClient.java:createBucket(637)) - Creating Bucket: volume61212/bucket27175, with runner as owner and Versioning false and Storage Type set to DISK and Encryption set to false 
2022-05-04 03:18:06,325 [IPC Server handler 18 on default port 33661] INFO  bucket.OMBucketCreateRequest (OMBucketCreateRequest.java:validateAndUpdateCache(258)) - created bucket: bucket27175 of layout LEGACY in volume: volume61212
]]></system-out>
  </testcase>
  <testcase name="testMkdirNonExistentVolume" classname="TestRootedOzoneFileSystem" time="0.087">
    <system-out><![CDATA[2022-05-04 03:12:33,766 [Time-limited test] INFO  rpc.RpcClient (RpcClient.java:createVolume(448)) - Creating Volume: volume25471, with user07344 as owner and space quota set to -1 bytes, counts quota set to -1
2022-05-04 03:12:33,773 [OM StateMachine ApplyTransaction Thread - 0] INFO  volume.OMVolumeCreateRequest (OMVolumeCreateRequest.java:validateAndUpdateCache(195)) - created volume:volume25471 for user:user07344
2022-05-04 03:12:33,776 [Time-limited test] INFO  rpc.RpcClient (RpcClient.java:createBucket(637)) - Creating Bucket: volume25471/bucket08418, with runner as owner and Versioning false and Storage Type set to DISK and Encryption set to false 
2022-05-04 03:12:33,779 [OM StateMachine ApplyTransaction Thread - 0] INFO  bucket.OMBucketCreateRequest (OMBucketCreateRequest.java:validateAndUpdateCache(258)) - created bucket: bucket08418 of layout LEGACY in volume: volume25471
2022-05-04 03:12:33,784 [Time-limited test] INFO  rpc.RpcClient (RpcClient.java:createVolume(448)) - Creating Volume: volume-57505, with runner as owner and space quota set to -1 bytes, counts quota set to -1
2022-05-04 03:12:33,786 [OM StateMachine ApplyTransaction Thread - 0] INFO  volume.OMVolumeCreateRequest (OMVolumeCreateRequest.java:validateAndUpdateCache(195)) - created volume:volume-57505 for user:runner
]]></system-out>
  </testcase>
  <testcase name="testMkdirNonExistentVolume" classname="TestRootedOzoneFileSystem" time="0.066">
    <system-out><![CDATA[2022-05-04 03:13:55,639 [Time-limited test] INFO  rpc.RpcClient (RpcClient.java:createVolume(448)) - Creating Volume: volume30697, with user94514 as owner and space quota set to -1 bytes, counts quota set to -1
2022-05-04 03:13:55,645 [OM StateMachine ApplyTransaction Thread - 0] INFO  volume.OMVolumeCreateRequest (OMVolumeCreateRequest.java:validateAndUpdateCache(195)) - created volume:volume30697 for user:user94514
2022-05-04 03:13:55,646 [Time-limited test] INFO  rpc.RpcClient (RpcClient.java:createBucket(637)) - Creating Bucket: volume30697/bucket86816, with runner as owner and Versioning false and Storage Type set to DISK and Encryption set to false 
2022-05-04 03:13:55,648 [OM StateMachine ApplyTransaction Thread - 0] INFO  bucket.OMBucketCreateRequest (OMBucketCreateRequest.java:validateAndUpdateCache(258)) - created bucket: bucket86816 of layout LEGACY in volume: volume30697
2022-05-04 03:13:55,649 [Time-limited test] INFO  rpc.RpcClient (RpcClient.java:createVolume(448)) - Creating Volume: volume-03956, with runner as owner and space quota set to -1 bytes, counts quota set to -1
2022-05-04 03:13:55,654 [OM StateMachine ApplyTransaction Thread - 0] INFO  volume.OMVolumeCreateRequest (OMVolumeCreateRequest.java:validateAndUpdateCache(195)) - created volume:volume-03956 for user:runner
]]></system-out>
  </testcase>
  <testcase name="testMkdirNonExistentVolume" classname="TestRootedOzoneFileSystem" time="0.101">
    <system-out><![CDATA[2022-05-04 03:15:11,275 [Time-limited test] INFO  rpc.RpcClient (RpcClient.java:createVolume(448)) - Creating Volume: volume18428, with user17795 as owner and space quota set to -1 bytes, counts quota set to -1
2022-05-04 03:15:11,279 [IPC Server handler 2 on default port 33297] INFO  volume.OMVolumeCreateRequest (OMVolumeCreateRequest.java:validateAndUpdateCache(195)) - created volume:volume18428 for user:user17795
2022-05-04 03:15:11,292 [Time-limited test] INFO  rpc.RpcClient (RpcClient.java:createBucket(637)) - Creating Bucket: volume18428/bucket17445, with runner as owner and Versioning false and Storage Type set to DISK and Encryption set to false 
2022-05-04 03:15:11,293 [IPC Server handler 11 on default port 33297] INFO  bucket.OMBucketCreateRequest (OMBucketCreateRequest.java:validateAndUpdateCache(258)) - created bucket: bucket17445 of layout LEGACY in volume: volume18428
2022-05-04 03:15:11,294 [Time-limited test] INFO  rpc.RpcClient (RpcClient.java:createVolume(448)) - Creating Volume: volume-04454, with runner as owner and space quota set to -1 bytes, counts quota set to -1
2022-05-04 03:15:11,295 [IPC Server handler 15 on default port 33297] INFO  volume.OMVolumeCreateRequest (OMVolumeCreateRequest.java:validateAndUpdateCache(195)) - created volume:volume-04454 for user:runner
]]></system-out>
  </testcase>
  <testcase name="testMkdirNonExistentVolume" classname="TestRootedOzoneFileSystem" time="0.125">
    <system-out><![CDATA[2022-05-04 03:16:34,227 [Time-limited test] INFO  rpc.RpcClient (RpcClient.java:createVolume(448)) - Creating Volume: volume40111, with user41259 as owner and space quota set to -1 bytes, counts quota set to -1
2022-05-04 03:16:34,229 [OM StateMachine ApplyTransaction Thread - 0] INFO  volume.OMVolumeCreateRequest (OMVolumeCreateRequest.java:validateAndUpdateCache(195)) - created volume:volume40111 for user:user41259
2022-05-04 03:16:34,230 [Time-limited test] INFO  rpc.RpcClient (RpcClient.java:createBucket(637)) - Creating Bucket: volume40111/bucket06981, with runner as owner and Versioning false and Storage Type set to DISK and Encryption set to false 
2022-05-04 03:16:34,232 [OM StateMachine ApplyTransaction Thread - 0] INFO  bucket.OMBucketCreateRequest (OMBucketCreateRequest.java:validateAndUpdateCache(258)) - created bucket: bucket06981 of layout LEGACY in volume: volume40111
2022-05-04 03:16:34,234 [Time-limited test] INFO  rpc.RpcClient (RpcClient.java:createVolume(448)) - Creating Volume: volume-29233, with runner as owner and space quota set to -1 bytes, counts quota set to -1
2022-05-04 03:16:34,236 [OM StateMachine ApplyTransaction Thread - 0] INFO  volume.OMVolumeCreateRequest (OMVolumeCreateRequest.java:validateAndUpdateCache(195)) - created volume:volume-29233 for user:runner
]]></system-out>
  </testcase>
  <testcase name="testMkdirNonExistentVolume" classname="TestRootedOzoneFileSystem" time="0.094">
    <system-out><![CDATA[2022-05-04 03:18:06,486 [Time-limited test] INFO  rpc.RpcClient (RpcClient.java:createVolume(448)) - Creating Volume: volume65741, with user41057 as owner and space quota set to -1 bytes, counts quota set to -1
2022-05-04 03:18:06,487 [IPC Server handler 6 on default port 33661] INFO  volume.OMVolumeCreateRequest (OMVolumeCreateRequest.java:validateAndUpdateCache(195)) - created volume:volume65741 for user:user41057
2022-05-04 03:18:06,491 [Time-limited test] INFO  rpc.RpcClient (RpcClient.java:createBucket(637)) - Creating Bucket: volume65741/bucket45948, with runner as owner and Versioning false and Storage Type set to DISK and Encryption set to false 
2022-05-04 03:18:06,491 [IPC Server handler 5 on default port 33661] INFO  bucket.OMBucketCreateRequest (OMBucketCreateRequest.java:validateAndUpdateCache(258)) - created bucket: bucket45948 of layout LEGACY in volume: volume65741
2022-05-04 03:18:06,492 [Time-limited test] INFO  rpc.RpcClient (RpcClient.java:createVolume(448)) - Creating Volume: volume-68162, with runner as owner and space quota set to -1 bytes, counts quota set to -1
2022-05-04 03:18:06,493 [IPC Server handler 9 on default port 33661] INFO  volume.OMVolumeCreateRequest (OMVolumeCreateRequest.java:validateAndUpdateCache(195)) - created volume:volume-68162 for user:runner
]]></system-out>
  </testcase>
  <testcase name="testDeleteCreatesFakeParentDir" classname="TestRootedOzoneFileSystem" time="0">
    <skipped type="org.junit.AssumptionViolatedException"><![CDATA[org.junit.AssumptionViolatedException: FS Path is enabled. Skipping this test as it is not tuned for FS Path yet
	at org.junit.Assume.assumeTrue(Assume.java:68)
	at org.apache.hadoop.fs.ozone.TestRootedOzoneFileSystem.testDeleteCreatesFakeParentDir(TestRootedOzoneFileSystem.java:316)
	at sun.reflect.NativeMethodAccessorImpl.invoke0(Native Method)
	at sun.reflect.NativeMethodAccessorImpl.invoke(NativeMethodAccessorImpl.java:62)
	at sun.reflect.DelegatingMethodAccessorImpl.invoke(DelegatingMethodAccessorImpl.java:43)
	at java.lang.reflect.Method.invoke(Method.java:498)
	at org.junit.runners.model.FrameworkMethod$1.runReflectiveCall(FrameworkMethod.java:59)
	at org.junit.internal.runners.model.ReflectiveCallable.run(ReflectiveCallable.java:12)
	at org.junit.runners.model.FrameworkMethod.invokeExplosively(FrameworkMethod.java:56)
	at org.junit.internal.runners.statements.InvokeMethod.evaluate(InvokeMethod.java:17)
	at org.junit.internal.runners.statements.RunBefores.evaluate(RunBefores.java:26)
	at org.junit.internal.runners.statements.RunAfters.evaluate(RunAfters.java:27)
	at org.junit.internal.runners.statements.FailOnTimeout$CallableStatement.call(FailOnTimeout.java:288)
	at org.junit.internal.runners.statements.FailOnTimeout$CallableStatement.call(FailOnTimeout.java:282)
	at java.util.concurrent.FutureTask.run(FutureTask.java:266)
	at java.lang.Thread.run(Thread.java:750)
]]></skipped>
    <system-out><![CDATA[2022-05-04 03:12:33,842 [Time-limited test] INFO  rpc.RpcClient (RpcClient.java:createVolume(448)) - Creating Volume: volume73817, with user47837 as owner and space quota set to -1 bytes, counts quota set to -1
2022-05-04 03:12:33,849 [OM StateMachine ApplyTransaction Thread - 0] INFO  volume.OMVolumeCreateRequest (OMVolumeCreateRequest.java:validateAndUpdateCache(195)) - created volume:volume73817 for user:user47837
2022-05-04 03:12:33,852 [Time-limited test] INFO  rpc.RpcClient (RpcClient.java:createBucket(637)) - Creating Bucket: volume73817/bucket27433, with runner as owner and Versioning false and Storage Type set to DISK and Encryption set to false 
2022-05-04 03:12:33,855 [OM StateMachine ApplyTransaction Thread - 0] INFO  bucket.OMBucketCreateRequest (OMBucketCreateRequest.java:validateAndUpdateCache(258)) - created bucket: bucket27433 of layout LEGACY in volume: volume73817
]]></system-out>
  </testcase>
  <testcase name="testDeleteCreatesFakeParentDir" classname="TestRootedOzoneFileSystem" time="0">
    <skipped type="org.junit.AssumptionViolatedException"><![CDATA[org.junit.AssumptionViolatedException: FS Path is enabled. Skipping this test as it is not tuned for FS Path yet
	at org.junit.Assume.assumeTrue(Assume.java:68)
	at org.apache.hadoop.fs.ozone.TestRootedOzoneFileSystem.testDeleteCreatesFakeParentDir(TestRootedOzoneFileSystem.java:316)
	at sun.reflect.NativeMethodAccessorImpl.invoke0(Native Method)
	at sun.reflect.NativeMethodAccessorImpl.invoke(NativeMethodAccessorImpl.java:62)
	at sun.reflect.DelegatingMethodAccessorImpl.invoke(DelegatingMethodAccessorImpl.java:43)
	at java.lang.reflect.Method.invoke(Method.java:498)
	at org.junit.runners.model.FrameworkMethod$1.runReflectiveCall(FrameworkMethod.java:59)
	at org.junit.internal.runners.model.ReflectiveCallable.run(ReflectiveCallable.java:12)
	at org.junit.runners.model.FrameworkMethod.invokeExplosively(FrameworkMethod.java:56)
	at org.junit.internal.runners.statements.InvokeMethod.evaluate(InvokeMethod.java:17)
	at org.junit.internal.runners.statements.RunBefores.evaluate(RunBefores.java:26)
	at org.junit.internal.runners.statements.RunAfters.evaluate(RunAfters.java:27)
	at org.junit.internal.runners.statements.FailOnTimeout$CallableStatement.call(FailOnTimeout.java:288)
	at org.junit.internal.runners.statements.FailOnTimeout$CallableStatement.call(FailOnTimeout.java:282)
	at java.util.concurrent.FutureTask.run(FutureTask.java:266)
	at java.lang.Thread.run(Thread.java:750)
]]></skipped>
    <system-out><![CDATA[2022-05-04 03:13:55,729 [Time-limited test] INFO  rpc.RpcClient (RpcClient.java:createVolume(448)) - Creating Volume: volume90223, with user41471 as owner and space quota set to -1 bytes, counts quota set to -1
2022-05-04 03:13:55,732 [OM StateMachine ApplyTransaction Thread - 0] INFO  volume.OMVolumeCreateRequest (OMVolumeCreateRequest.java:validateAndUpdateCache(195)) - created volume:volume90223 for user:user41471
2022-05-04 03:13:55,733 [Time-limited test] INFO  rpc.RpcClient (RpcClient.java:createBucket(637)) - Creating Bucket: volume90223/bucket37476, with runner as owner and Versioning false and Storage Type set to DISK and Encryption set to false 
2022-05-04 03:13:55,735 [OM StateMachine ApplyTransaction Thread - 0] INFO  bucket.OMBucketCreateRequest (OMBucketCreateRequest.java:validateAndUpdateCache(258)) - created bucket: bucket37476 of layout LEGACY in volume: volume90223
]]></system-out>
  </testcase>
  <testcase name="testDeleteCreatesFakeParentDir" classname="TestRootedOzoneFileSystem" time="0">
    <skipped type="org.junit.AssumptionViolatedException"><![CDATA[org.junit.AssumptionViolatedException: FS Path is enabled. Skipping this test as it is not tuned for FS Path yet
	at org.junit.Assume.assumeTrue(Assume.java:68)
	at org.apache.hadoop.fs.ozone.TestRootedOzoneFileSystem.testDeleteCreatesFakeParentDir(TestRootedOzoneFileSystem.java:316)
	at sun.reflect.NativeMethodAccessorImpl.invoke0(Native Method)
	at sun.reflect.NativeMethodAccessorImpl.invoke(NativeMethodAccessorImpl.java:62)
	at sun.reflect.DelegatingMethodAccessorImpl.invoke(DelegatingMethodAccessorImpl.java:43)
	at java.lang.reflect.Method.invoke(Method.java:498)
	at org.junit.runners.model.FrameworkMethod$1.runReflectiveCall(FrameworkMethod.java:59)
	at org.junit.internal.runners.model.ReflectiveCallable.run(ReflectiveCallable.java:12)
	at org.junit.runners.model.FrameworkMethod.invokeExplosively(FrameworkMethod.java:56)
	at org.junit.internal.runners.statements.InvokeMethod.evaluate(InvokeMethod.java:17)
	at org.junit.internal.runners.statements.RunBefores.evaluate(RunBefores.java:26)
	at org.junit.internal.runners.statements.RunAfters.evaluate(RunAfters.java:27)
	at org.junit.internal.runners.statements.FailOnTimeout$CallableStatement.call(FailOnTimeout.java:288)
	at org.junit.internal.runners.statements.FailOnTimeout$CallableStatement.call(FailOnTimeout.java:282)
	at java.util.concurrent.FutureTask.run(FutureTask.java:266)
	at java.lang.Thread.run(Thread.java:750)
]]></skipped>
    <system-out><![CDATA[2022-05-04 03:15:11,423 [Time-limited test] INFO  rpc.RpcClient (RpcClient.java:createVolume(448)) - Creating Volume: volume20931, with user10631 as owner and space quota set to -1 bytes, counts quota set to -1
2022-05-04 03:15:11,424 [IPC Server handler 15 on default port 33297] INFO  volume.OMVolumeCreateRequest (OMVolumeCreateRequest.java:validateAndUpdateCache(195)) - created volume:volume20931 for user:user10631
2022-05-04 03:15:11,427 [Time-limited test] INFO  rpc.RpcClient (RpcClient.java:createBucket(637)) - Creating Bucket: volume20931/bucket17659, with runner as owner and Versioning false and Storage Type set to DISK and Encryption set to false 
2022-05-04 03:15:11,428 [IPC Server handler 14 on default port 33297] INFO  bucket.OMBucketCreateRequest (OMBucketCreateRequest.java:validateAndUpdateCache(258)) - created bucket: bucket17659 of layout LEGACY in volume: volume20931
]]></system-out>
  </testcase>
  <testcase name="testDeleteCreatesFakeParentDir" classname="TestRootedOzoneFileSystem" time="0.123">
    <system-out><![CDATA[2022-05-04 03:16:34,279 [Time-limited test] INFO  rpc.RpcClient (RpcClient.java:createVolume(448)) - Creating Volume: volume81367, with user20665 as owner and space quota set to -1 bytes, counts quota set to -1
2022-05-04 03:16:34,284 [OM StateMachine ApplyTransaction Thread - 0] INFO  volume.OMVolumeCreateRequest (OMVolumeCreateRequest.java:validateAndUpdateCache(195)) - created volume:volume81367 for user:user20665
2022-05-04 03:16:34,285 [Time-limited test] INFO  rpc.RpcClient (RpcClient.java:createBucket(637)) - Creating Bucket: volume81367/bucket13474, with runner as owner and Versioning false and Storage Type set to DISK and Encryption set to false 
2022-05-04 03:16:34,288 [OM StateMachine ApplyTransaction Thread - 0] INFO  bucket.OMBucketCreateRequest (OMBucketCreateRequest.java:validateAndUpdateCache(258)) - created bucket: bucket13474 of layout LEGACY in volume: volume81367
]]></system-out>
  </testcase>
  <testcase name="testDeleteCreatesFakeParentDir" classname="TestRootedOzoneFileSystem" time="0.178">
    <system-out><![CDATA[2022-05-04 03:18:06,610 [Time-limited test] INFO  rpc.RpcClient (RpcClient.java:createVolume(448)) - Creating Volume: volume72786, with user69195 as owner and space quota set to -1 bytes, counts quota set to -1
2022-05-04 03:18:06,611 [IPC Server handler 9 on default port 33661] INFO  volume.OMVolumeCreateRequest (OMVolumeCreateRequest.java:validateAndUpdateCache(195)) - created volume:volume72786 for user:user69195
2022-05-04 03:18:06,611 [Time-limited test] INFO  rpc.RpcClient (RpcClient.java:createBucket(637)) - Creating Bucket: volume72786/bucket85190, with runner as owner and Versioning false and Storage Type set to DISK and Encryption set to false 
2022-05-04 03:18:06,612 [IPC Server handler 10 on default port 33661] INFO  bucket.OMBucketCreateRequest (OMBucketCreateRequest.java:validateAndUpdateCache(258)) - created bucket: bucket85190 of layout LEGACY in volume: volume72786
]]></system-out>
  </testcase>
  <testcase name="testNonExplicitlyCreatedPathExistsAfterItsLeafsWereRemoved" classname="TestRootedOzoneFileSystem" time="0.134">
    <system-out><![CDATA[2022-05-04 03:12:33,914 [Time-limited test] INFO  rpc.RpcClient (RpcClient.java:createVolume(448)) - Creating Volume: volume80028, with user28888 as owner and space quota set to -1 bytes, counts quota set to -1
2022-05-04 03:12:33,919 [OM StateMachine ApplyTransaction Thread - 0] INFO  volume.OMVolumeCreateRequest (OMVolumeCreateRequest.java:validateAndUpdateCache(195)) - created volume:volume80028 for user:user28888
2022-05-04 03:12:33,923 [Time-limited test] INFO  rpc.RpcClient (RpcClient.java:createBucket(637)) - Creating Bucket: volume80028/bucket23512, with runner as owner and Versioning false and Storage Type set to DISK and Encryption set to false 
2022-05-04 03:12:33,925 [OM StateMachine ApplyTransaction Thread - 0] INFO  bucket.OMBucketCreateRequest (OMBucketCreateRequest.java:validateAndUpdateCache(258)) - created bucket: bucket23512 of layout LEGACY in volume: volume80028
03:12:33.944 [IPC Server handler 5 on default port 39393] ERROR OMAudit - user=runner | ip=127.0.0.1 | op=GET_FILE_STATUS {volume=volume80028, bucket=bucket23512, key=target/leaf, dataSize=0, replicationConfig=null} | ret=FAILURE
org.apache.hadoop.ozone.om.exceptions.OMException: Unable to get file status: volume: volume80028 bucket: bucket23512 key: target/leaf
	at org.apache.hadoop.ozone.om.KeyManagerImpl.getOzoneFileStatus(KeyManagerImpl.java:1280) ~[ozone-manager-1.3.0-SNAPSHOT.jar:?]
	at org.apache.hadoop.ozone.om.KeyManagerImpl.getFileStatus(KeyManagerImpl.java:1210) ~[ozone-manager-1.3.0-SNAPSHOT.jar:?]
	at org.apache.hadoop.ozone.om.OzoneManager.getFileStatus(OzoneManager.java:3067) ~[ozone-manager-1.3.0-SNAPSHOT.jar:?]
	at org.apache.hadoop.ozone.protocolPB.OzoneManagerRequestHandler.getOzoneFileStatus(OzoneManagerRequestHandler.java:670) ~[ozone-manager-1.3.0-SNAPSHOT.jar:?]
	at org.apache.hadoop.ozone.protocolPB.OzoneManagerRequestHandler.handleReadRequest(OzoneManagerRequestHandler.java:201) ~[ozone-manager-1.3.0-SNAPSHOT.jar:?]
	at org.apache.hadoop.ozone.protocolPB.OzoneManagerProtocolServerSideTranslatorPB.submitReadRequestToOM(OzoneManagerProtocolServerSideTranslatorPB.java:213) ~[ozone-manager-1.3.0-SNAPSHOT.jar:?]
	at org.apache.hadoop.ozone.protocolPB.OzoneManagerProtocolServerSideTranslatorPB.processRequest(OzoneManagerProtocolServerSideTranslatorPB.java:174) ~[ozone-manager-1.3.0-SNAPSHOT.jar:?]
	at org.apache.hadoop.hdds.server.OzoneProtocolMessageDispatcher.processRequest(OzoneProtocolMessageDispatcher.java:87) [hdds-server-framework-1.3.0-SNAPSHOT.jar:?]
	at org.apache.hadoop.ozone.protocolPB.OzoneManagerProtocolServerSideTranslatorPB.submitRequest(OzoneManagerProtocolServerSideTranslatorPB.java:146) [ozone-manager-1.3.0-SNAPSHOT.jar:?]
	at org.apache.hadoop.ozone.protocol.proto.OzoneManagerProtocolProtos$OzoneManagerService$2.callBlockingMethod(OzoneManagerProtocolProtos.java) [ozone-interface-client-1.3.0-SNAPSHOT.jar:?]
	at org.apache.hadoop.ipc.ProtobufRpcEngine$Server.processCall(ProtobufRpcEngine.java:466) [hadoop-common-3.3.1.jar:?]
	at org.apache.hadoop.ipc.ProtobufRpcEngine2$Server$ProtoBufRpcInvoker.call(ProtobufRpcEngine2.java:574) [hadoop-common-3.3.1.jar:?]
	at org.apache.hadoop.ipc.ProtobufRpcEngine2$Server$ProtoBufRpcInvoker.call(ProtobufRpcEngine2.java:552) [hadoop-common-3.3.1.jar:?]
	at org.apache.hadoop.ipc.RPC$Server.call(RPC.java:1093) [hadoop-common-3.3.1.jar:?]
	at org.apache.hadoop.ipc.Server$RpcCall.run(Server.java:1035) [hadoop-common-3.3.1.jar:?]
	at org.apache.hadoop.ipc.Server$RpcCall.run(Server.java:963) [hadoop-common-3.3.1.jar:?]
	at java.security.AccessController.doPrivileged(Native Method) ~[?:1.8.0_322]
	at javax.security.auth.Subject.doAs(Subject.java:422) [?:1.8.0_322]
	at org.apache.hadoop.security.UserGroupInformation.doAs(UserGroupInformation.java:1878) [hadoop-common-3.3.1.jar:?]
	at org.apache.hadoop.ipc.Server$Handler.run(Server.java:2966) [hadoop-common-3.3.1.jar:?]
]]></system-out>
  </testcase>
  <testcase name="testNonExplicitlyCreatedPathExistsAfterItsLeafsWereRemoved" classname="TestRootedOzoneFileSystem" time="0.112">
    <system-out><![CDATA[2022-05-04 03:13:55,799 [Time-limited test] INFO  rpc.RpcClient (RpcClient.java:createVolume(448)) - Creating Volume: volume51590, with user15838 as owner and space quota set to -1 bytes, counts quota set to -1
2022-05-04 03:13:55,801 [OM StateMachine ApplyTransaction Thread - 0] INFO  volume.OMVolumeCreateRequest (OMVolumeCreateRequest.java:validateAndUpdateCache(195)) - created volume:volume51590 for user:user15838
2022-05-04 03:13:55,804 [Time-limited test] INFO  rpc.RpcClient (RpcClient.java:createBucket(637)) - Creating Bucket: volume51590/bucket42066, with runner as owner and Versioning false and Storage Type set to DISK and Encryption set to false 
2022-05-04 03:13:55,810 [OM StateMachine ApplyTransaction Thread - 0] INFO  bucket.OMBucketCreateRequest (OMBucketCreateRequest.java:validateAndUpdateCache(258)) - created bucket: bucket42066 of layout LEGACY in volume: volume51590
03:13:55.820 [IPC Server handler 5 on default port 46813] ERROR OMAudit - user=runner | ip=127.0.0.1 | op=GET_FILE_STATUS {volume=volume51590, bucket=bucket42066, key=target/leaf, dataSize=0, replicationConfig=null} | ret=FAILURE
org.apache.hadoop.ozone.om.exceptions.OMException: Unable to get file status: volume: volume51590 bucket: bucket42066 key: target/leaf
	at org.apache.hadoop.ozone.om.KeyManagerImpl.getOzoneFileStatus(KeyManagerImpl.java:1280) ~[ozone-manager-1.3.0-SNAPSHOT.jar:?]
	at org.apache.hadoop.ozone.om.KeyManagerImpl.getFileStatus(KeyManagerImpl.java:1210) ~[ozone-manager-1.3.0-SNAPSHOT.jar:?]
	at org.apache.hadoop.ozone.om.OzoneManager.getFileStatus(OzoneManager.java:3067) ~[ozone-manager-1.3.0-SNAPSHOT.jar:?]
	at org.apache.hadoop.ozone.protocolPB.OzoneManagerRequestHandler.getOzoneFileStatus(OzoneManagerRequestHandler.java:670) ~[ozone-manager-1.3.0-SNAPSHOT.jar:?]
	at org.apache.hadoop.ozone.protocolPB.OzoneManagerRequestHandler.handleReadRequest(OzoneManagerRequestHandler.java:201) ~[ozone-manager-1.3.0-SNAPSHOT.jar:?]
	at org.apache.hadoop.ozone.protocolPB.OzoneManagerProtocolServerSideTranslatorPB.submitReadRequestToOM(OzoneManagerProtocolServerSideTranslatorPB.java:213) ~[ozone-manager-1.3.0-SNAPSHOT.jar:?]
	at org.apache.hadoop.ozone.protocolPB.OzoneManagerProtocolServerSideTranslatorPB.processRequest(OzoneManagerProtocolServerSideTranslatorPB.java:174) ~[ozone-manager-1.3.0-SNAPSHOT.jar:?]
	at org.apache.hadoop.hdds.server.OzoneProtocolMessageDispatcher.processRequest(OzoneProtocolMessageDispatcher.java:87) [hdds-server-framework-1.3.0-SNAPSHOT.jar:?]
	at org.apache.hadoop.ozone.protocolPB.OzoneManagerProtocolServerSideTranslatorPB.submitRequest(OzoneManagerProtocolServerSideTranslatorPB.java:146) [ozone-manager-1.3.0-SNAPSHOT.jar:?]
	at org.apache.hadoop.ozone.protocol.proto.OzoneManagerProtocolProtos$OzoneManagerService$2.callBlockingMethod(OzoneManagerProtocolProtos.java) [ozone-interface-client-1.3.0-SNAPSHOT.jar:?]
	at org.apache.hadoop.ipc.ProtobufRpcEngine$Server.processCall(ProtobufRpcEngine.java:466) [hadoop-common-3.3.1.jar:?]
	at org.apache.hadoop.ipc.ProtobufRpcEngine2$Server$ProtoBufRpcInvoker.call(ProtobufRpcEngine2.java:574) [hadoop-common-3.3.1.jar:?]
	at org.apache.hadoop.ipc.ProtobufRpcEngine2$Server$ProtoBufRpcInvoker.call(ProtobufRpcEngine2.java:552) [hadoop-common-3.3.1.jar:?]
	at org.apache.hadoop.ipc.RPC$Server.call(RPC.java:1093) [hadoop-common-3.3.1.jar:?]
	at org.apache.hadoop.ipc.Server$RpcCall.run(Server.java:1035) [hadoop-common-3.3.1.jar:?]
	at org.apache.hadoop.ipc.Server$RpcCall.run(Server.java:963) [hadoop-common-3.3.1.jar:?]
	at java.security.AccessController.doPrivileged(Native Method) ~[?:1.8.0_322]
	at javax.security.auth.Subject.doAs(Subject.java:422) [?:1.8.0_322]
	at org.apache.hadoop.security.UserGroupInformation.doAs(UserGroupInformation.java:1878) [hadoop-common-3.3.1.jar:?]
	at org.apache.hadoop.ipc.Server$Handler.run(Server.java:2966) [hadoop-common-3.3.1.jar:?]
]]></system-out>
  </testcase>
  <testcase name="testNonExplicitlyCreatedPathExistsAfterItsLeafsWereRemoved" classname="TestRootedOzoneFileSystem" time="0.187">
    <system-out><![CDATA[2022-05-04 03:15:11,568 [Time-limited test] INFO  rpc.RpcClient (RpcClient.java:createVolume(448)) - Creating Volume: volume24563, with user49147 as owner and space quota set to -1 bytes, counts quota set to -1
2022-05-04 03:15:11,569 [IPC Server handler 19 on default port 33297] INFO  volume.OMVolumeCreateRequest (OMVolumeCreateRequest.java:validateAndUpdateCache(195)) - created volume:volume24563 for user:user49147
2022-05-04 03:15:11,571 [Time-limited test] INFO  rpc.RpcClient (RpcClient.java:createBucket(637)) - Creating Bucket: volume24563/bucket93859, with runner as owner and Versioning false and Storage Type set to DISK and Encryption set to false 
2022-05-04 03:15:11,574 [IPC Server handler 12 on default port 33297] INFO  bucket.OMBucketCreateRequest (OMBucketCreateRequest.java:validateAndUpdateCache(258)) - created bucket: bucket93859 of layout LEGACY in volume: volume24563
03:15:11.583 [IPC Server handler 2 on default port 33297] ERROR OMAudit - user=runner | ip=127.0.0.1 | op=GET_FILE_STATUS {volume=volume24563, bucket=bucket93859, key=target/leaf, dataSize=0, replicationConfig=null} | ret=FAILURE
org.apache.hadoop.ozone.om.exceptions.OMException: Unable to get file status: volume: volume24563 bucket: bucket93859 key: target/leaf
	at org.apache.hadoop.ozone.om.KeyManagerImpl.getOzoneFileStatus(KeyManagerImpl.java:1280) ~[ozone-manager-1.3.0-SNAPSHOT.jar:?]
	at org.apache.hadoop.ozone.om.KeyManagerImpl.getFileStatus(KeyManagerImpl.java:1210) ~[ozone-manager-1.3.0-SNAPSHOT.jar:?]
	at org.apache.hadoop.ozone.om.OzoneManager.getFileStatus(OzoneManager.java:3067) ~[ozone-manager-1.3.0-SNAPSHOT.jar:?]
	at org.apache.hadoop.ozone.protocolPB.OzoneManagerRequestHandler.getOzoneFileStatus(OzoneManagerRequestHandler.java:670) ~[ozone-manager-1.3.0-SNAPSHOT.jar:?]
	at org.apache.hadoop.ozone.protocolPB.OzoneManagerRequestHandler.handleReadRequest(OzoneManagerRequestHandler.java:201) ~[ozone-manager-1.3.0-SNAPSHOT.jar:?]
	at org.apache.hadoop.ozone.protocolPB.OzoneManagerProtocolServerSideTranslatorPB.submitRequestDirectlyToOM(OzoneManagerProtocolServerSideTranslatorPB.java:271) ~[ozone-manager-1.3.0-SNAPSHOT.jar:?]
	at org.apache.hadoop.ozone.protocolPB.OzoneManagerProtocolServerSideTranslatorPB.processRequest(OzoneManagerProtocolServerSideTranslatorPB.java:195) ~[ozone-manager-1.3.0-SNAPSHOT.jar:?]
	at org.apache.hadoop.hdds.server.OzoneProtocolMessageDispatcher.processRequest(OzoneProtocolMessageDispatcher.java:87) [hdds-server-framework-1.3.0-SNAPSHOT.jar:?]
	at org.apache.hadoop.ozone.protocolPB.OzoneManagerProtocolServerSideTranslatorPB.submitRequest(OzoneManagerProtocolServerSideTranslatorPB.java:146) [ozone-manager-1.3.0-SNAPSHOT.jar:?]
	at org.apache.hadoop.ozone.protocol.proto.OzoneManagerProtocolProtos$OzoneManagerService$2.callBlockingMethod(OzoneManagerProtocolProtos.java) [ozone-interface-client-1.3.0-SNAPSHOT.jar:?]
	at org.apache.hadoop.ipc.ProtobufRpcEngine$Server.processCall(ProtobufRpcEngine.java:466) [hadoop-common-3.3.1.jar:?]
	at org.apache.hadoop.ipc.ProtobufRpcEngine2$Server$ProtoBufRpcInvoker.call(ProtobufRpcEngine2.java:574) [hadoop-common-3.3.1.jar:?]
	at org.apache.hadoop.ipc.ProtobufRpcEngine2$Server$ProtoBufRpcInvoker.call(ProtobufRpcEngine2.java:552) [hadoop-common-3.3.1.jar:?]
	at org.apache.hadoop.ipc.RPC$Server.call(RPC.java:1093) [hadoop-common-3.3.1.jar:?]
	at org.apache.hadoop.ipc.Server$RpcCall.run(Server.java:1035) [hadoop-common-3.3.1.jar:?]
	at org.apache.hadoop.ipc.Server$RpcCall.run(Server.java:963) [hadoop-common-3.3.1.jar:?]
	at java.security.AccessController.doPrivileged(Native Method) ~[?:1.8.0_322]
	at javax.security.auth.Subject.doAs(Subject.java:422) [?:1.8.0_322]
	at org.apache.hadoop.security.UserGroupInformation.doAs(UserGroupInformation.java:1878) [hadoop-common-3.3.1.jar:?]
	at org.apache.hadoop.ipc.Server$Handler.run(Server.java:2966) [hadoop-common-3.3.1.jar:?]
]]></system-out>
  </testcase>
  <testcase name="testNonExplicitlyCreatedPathExistsAfterItsLeafsWereRemoved" classname="TestRootedOzoneFileSystem" time="0.203">
    <system-out><![CDATA[2022-05-04 03:16:34,465 [Time-limited test] INFO  rpc.RpcClient (RpcClient.java:createVolume(448)) - Creating Volume: volume14134, with user77024 as owner and space quota set to -1 bytes, counts quota set to -1
2022-05-04 03:16:34,490 [OM StateMachine ApplyTransaction Thread - 0] INFO  volume.OMVolumeCreateRequest (OMVolumeCreateRequest.java:validateAndUpdateCache(195)) - created volume:volume14134 for user:user77024
2022-05-04 03:16:34,496 [Time-limited test] INFO  rpc.RpcClient (RpcClient.java:createBucket(637)) - Creating Bucket: volume14134/bucket00143, with runner as owner and Versioning false and Storage Type set to DISK and Encryption set to false 
2022-05-04 03:16:34,498 [OM StateMachine ApplyTransaction Thread - 0] INFO  bucket.OMBucketCreateRequest (OMBucketCreateRequest.java:validateAndUpdateCache(258)) - created bucket: bucket00143 of layout LEGACY in volume: volume14134
03:16:34.508 [IPC Server handler 10 on default port 37999] ERROR OMAudit - user=runner | ip=127.0.0.1 | op=GET_FILE_STATUS {volume=volume14134, bucket=bucket00143, key=target/leaf, dataSize=0, replicationConfig=null} | ret=FAILURE
org.apache.hadoop.ozone.om.exceptions.OMException: Unable to get file status: volume: volume14134 bucket: bucket00143 key: target/leaf
	at org.apache.hadoop.ozone.om.KeyManagerImpl.getOzoneFileStatus(KeyManagerImpl.java:1280) ~[ozone-manager-1.3.0-SNAPSHOT.jar:?]
	at org.apache.hadoop.ozone.om.KeyManagerImpl.getFileStatus(KeyManagerImpl.java:1210) ~[ozone-manager-1.3.0-SNAPSHOT.jar:?]
	at org.apache.hadoop.ozone.om.OzoneManager.getFileStatus(OzoneManager.java:3067) ~[ozone-manager-1.3.0-SNAPSHOT.jar:?]
	at org.apache.hadoop.ozone.protocolPB.OzoneManagerRequestHandler.getOzoneFileStatus(OzoneManagerRequestHandler.java:670) ~[ozone-manager-1.3.0-SNAPSHOT.jar:?]
	at org.apache.hadoop.ozone.protocolPB.OzoneManagerRequestHandler.handleReadRequest(OzoneManagerRequestHandler.java:201) ~[ozone-manager-1.3.0-SNAPSHOT.jar:?]
	at org.apache.hadoop.ozone.protocolPB.OzoneManagerProtocolServerSideTranslatorPB.submitReadRequestToOM(OzoneManagerProtocolServerSideTranslatorPB.java:213) ~[ozone-manager-1.3.0-SNAPSHOT.jar:?]
	at org.apache.hadoop.ozone.protocolPB.OzoneManagerProtocolServerSideTranslatorPB.processRequest(OzoneManagerProtocolServerSideTranslatorPB.java:174) ~[ozone-manager-1.3.0-SNAPSHOT.jar:?]
	at org.apache.hadoop.hdds.server.OzoneProtocolMessageDispatcher.processRequest(OzoneProtocolMessageDispatcher.java:87) [hdds-server-framework-1.3.0-SNAPSHOT.jar:?]
	at org.apache.hadoop.ozone.protocolPB.OzoneManagerProtocolServerSideTranslatorPB.submitRequest(OzoneManagerProtocolServerSideTranslatorPB.java:146) [ozone-manager-1.3.0-SNAPSHOT.jar:?]
	at org.apache.hadoop.ozone.protocol.proto.OzoneManagerProtocolProtos$OzoneManagerService$2.callBlockingMethod(OzoneManagerProtocolProtos.java) [ozone-interface-client-1.3.0-SNAPSHOT.jar:?]
	at org.apache.hadoop.ipc.ProtobufRpcEngine$Server.processCall(ProtobufRpcEngine.java:466) [hadoop-common-3.3.1.jar:?]
	at org.apache.hadoop.ipc.ProtobufRpcEngine2$Server$ProtoBufRpcInvoker.call(ProtobufRpcEngine2.java:574) [hadoop-common-3.3.1.jar:?]
	at org.apache.hadoop.ipc.ProtobufRpcEngine2$Server$ProtoBufRpcInvoker.call(ProtobufRpcEngine2.java:552) [hadoop-common-3.3.1.jar:?]
	at org.apache.hadoop.ipc.RPC$Server.call(RPC.java:1093) [hadoop-common-3.3.1.jar:?]
	at org.apache.hadoop.ipc.Server$RpcCall.run(Server.java:1035) [hadoop-common-3.3.1.jar:?]
	at org.apache.hadoop.ipc.Server$RpcCall.run(Server.java:963) [hadoop-common-3.3.1.jar:?]
	at java.security.AccessController.doPrivileged(Native Method) ~[?:1.8.0_322]
	at javax.security.auth.Subject.doAs(Subject.java:422) [?:1.8.0_322]
	at org.apache.hadoop.security.UserGroupInformation.doAs(UserGroupInformation.java:1878) [hadoop-common-3.3.1.jar:?]
	at org.apache.hadoop.ipc.Server$Handler.run(Server.java:2966) [hadoop-common-3.3.1.jar:?]
]]></system-out>
  </testcase>
  <testcase name="testNonExplicitlyCreatedPathExistsAfterItsLeafsWereRemoved" classname="TestRootedOzoneFileSystem" time="0.139">
    <system-out><![CDATA[2022-05-04 03:18:06,728 [Time-limited test] INFO  rpc.RpcClient (RpcClient.java:createVolume(448)) - Creating Volume: volume28481, with user55334 as owner and space quota set to -1 bytes, counts quota set to -1
2022-05-04 03:18:06,729 [IPC Server handler 1 on default port 33661] INFO  volume.OMVolumeCreateRequest (OMVolumeCreateRequest.java:validateAndUpdateCache(195)) - created volume:volume28481 for user:user55334
2022-05-04 03:18:06,730 [Time-limited test] INFO  rpc.RpcClient (RpcClient.java:createBucket(637)) - Creating Bucket: volume28481/bucket00129, with runner as owner and Versioning false and Storage Type set to DISK and Encryption set to false 
2022-05-04 03:18:06,732 [IPC Server handler 0 on default port 33661] INFO  bucket.OMBucketCreateRequest (OMBucketCreateRequest.java:validateAndUpdateCache(258)) - created bucket: bucket00129 of layout LEGACY in volume: volume28481
03:18:06.754 [IPC Server handler 13 on default port 33661] ERROR OMAudit - user=runner | ip=127.0.0.1 | op=GET_FILE_STATUS {volume=volume28481, bucket=bucket00129, key=target/leaf, dataSize=0, replicationConfig=null} | ret=FAILURE
org.apache.hadoop.ozone.om.exceptions.OMException: Unable to get file status: volume: volume28481 bucket: bucket00129 key: target/leaf
	at org.apache.hadoop.ozone.om.KeyManagerImpl.getOzoneFileStatus(KeyManagerImpl.java:1280) ~[ozone-manager-1.3.0-SNAPSHOT.jar:?]
	at org.apache.hadoop.ozone.om.KeyManagerImpl.getFileStatus(KeyManagerImpl.java:1210) ~[ozone-manager-1.3.0-SNAPSHOT.jar:?]
	at org.apache.hadoop.ozone.om.OzoneManager.getFileStatus(OzoneManager.java:3067) ~[ozone-manager-1.3.0-SNAPSHOT.jar:?]
	at org.apache.hadoop.ozone.protocolPB.OzoneManagerRequestHandler.getOzoneFileStatus(OzoneManagerRequestHandler.java:670) ~[ozone-manager-1.3.0-SNAPSHOT.jar:?]
	at org.apache.hadoop.ozone.protocolPB.OzoneManagerRequestHandler.handleReadRequest(OzoneManagerRequestHandler.java:201) ~[ozone-manager-1.3.0-SNAPSHOT.jar:?]
	at org.apache.hadoop.ozone.protocolPB.OzoneManagerProtocolServerSideTranslatorPB.submitRequestDirectlyToOM(OzoneManagerProtocolServerSideTranslatorPB.java:271) ~[ozone-manager-1.3.0-SNAPSHOT.jar:?]
	at org.apache.hadoop.ozone.protocolPB.OzoneManagerProtocolServerSideTranslatorPB.processRequest(OzoneManagerProtocolServerSideTranslatorPB.java:195) ~[ozone-manager-1.3.0-SNAPSHOT.jar:?]
	at org.apache.hadoop.hdds.server.OzoneProtocolMessageDispatcher.processRequest(OzoneProtocolMessageDispatcher.java:87) [hdds-server-framework-1.3.0-SNAPSHOT.jar:?]
	at org.apache.hadoop.ozone.protocolPB.OzoneManagerProtocolServerSideTranslatorPB.submitRequest(OzoneManagerProtocolServerSideTranslatorPB.java:146) [ozone-manager-1.3.0-SNAPSHOT.jar:?]
	at org.apache.hadoop.ozone.protocol.proto.OzoneManagerProtocolProtos$OzoneManagerService$2.callBlockingMethod(OzoneManagerProtocolProtos.java) [ozone-interface-client-1.3.0-SNAPSHOT.jar:?]
	at org.apache.hadoop.ipc.ProtobufRpcEngine$Server.processCall(ProtobufRpcEngine.java:466) [hadoop-common-3.3.1.jar:?]
	at org.apache.hadoop.ipc.ProtobufRpcEngine2$Server$ProtoBufRpcInvoker.call(ProtobufRpcEngine2.java:574) [hadoop-common-3.3.1.jar:?]
	at org.apache.hadoop.ipc.ProtobufRpcEngine2$Server$ProtoBufRpcInvoker.call(ProtobufRpcEngine2.java:552) [hadoop-common-3.3.1.jar:?]
	at org.apache.hadoop.ipc.RPC$Server.call(RPC.java:1093) [hadoop-common-3.3.1.jar:?]
	at org.apache.hadoop.ipc.Server$RpcCall.run(Server.java:1035) [hadoop-common-3.3.1.jar:?]
	at org.apache.hadoop.ipc.Server$RpcCall.run(Server.java:963) [hadoop-common-3.3.1.jar:?]
	at java.security.AccessController.doPrivileged(Native Method) ~[?:1.8.0_322]
	at javax.security.auth.Subject.doAs(Subject.java:422) [?:1.8.0_322]
	at org.apache.hadoop.security.UserGroupInformation.doAs(UserGroupInformation.java:1878) [hadoop-common-3.3.1.jar:?]
	at org.apache.hadoop.ipc.Server$Handler.run(Server.java:2966) [hadoop-common-3.3.1.jar:?]
]]></system-out>
  </testcase>
  <testcase name="testFileDelete" classname="TestRootedOzoneFileSystem" time="0.322">
    <system-out><![CDATA[2022-05-04 03:12:34,063 [Time-limited test] INFO  rpc.RpcClient (RpcClient.java:createVolume(448)) - Creating Volume: volume48467, with user63909 as owner and space quota set to -1 bytes, counts quota set to -1
2022-05-04 03:12:34,067 [OM StateMachine ApplyTransaction Thread - 0] INFO  volume.OMVolumeCreateRequest (OMVolumeCreateRequest.java:validateAndUpdateCache(195)) - created volume:volume48467 for user:user63909
2022-05-04 03:12:34,071 [Time-limited test] INFO  rpc.RpcClient (RpcClient.java:createBucket(637)) - Creating Bucket: volume48467/bucket81754, with runner as owner and Versioning false and Storage Type set to DISK and Encryption set to false 
2022-05-04 03:12:34,073 [OM StateMachine ApplyTransaction Thread - 0] INFO  bucket.OMBucketCreateRequest (OMBucketCreateRequest.java:validateAndUpdateCache(258)) - created bucket: bucket81754 of layout LEGACY in volume: volume48467
03:12:34.290 [IPC Server handler 12 on default port 39393] ERROR OMAudit - user=runner | ip=127.0.0.1 | op=GET_FILE_STATUS {volume=volume48467, bucket=bucket81754, key=testBatchDelete, dataSize=0, replicationConfig=null} | ret=FAILURE
org.apache.hadoop.ozone.om.exceptions.OMException: Unable to get file status: volume: volume48467 bucket: bucket81754 key: testBatchDelete
	at org.apache.hadoop.ozone.om.KeyManagerImpl.getOzoneFileStatus(KeyManagerImpl.java:1280) ~[ozone-manager-1.3.0-SNAPSHOT.jar:?]
	at org.apache.hadoop.ozone.om.KeyManagerImpl.getFileStatus(KeyManagerImpl.java:1210) ~[ozone-manager-1.3.0-SNAPSHOT.jar:?]
	at org.apache.hadoop.ozone.om.OzoneManager.getFileStatus(OzoneManager.java:3067) ~[ozone-manager-1.3.0-SNAPSHOT.jar:?]
	at org.apache.hadoop.ozone.protocolPB.OzoneManagerRequestHandler.getOzoneFileStatus(OzoneManagerRequestHandler.java:670) ~[ozone-manager-1.3.0-SNAPSHOT.jar:?]
	at org.apache.hadoop.ozone.protocolPB.OzoneManagerRequestHandler.handleReadRequest(OzoneManagerRequestHandler.java:201) ~[ozone-manager-1.3.0-SNAPSHOT.jar:?]
	at org.apache.hadoop.ozone.protocolPB.OzoneManagerProtocolServerSideTranslatorPB.submitReadRequestToOM(OzoneManagerProtocolServerSideTranslatorPB.java:213) ~[ozone-manager-1.3.0-SNAPSHOT.jar:?]
	at org.apache.hadoop.ozone.protocolPB.OzoneManagerProtocolServerSideTranslatorPB.processRequest(OzoneManagerProtocolServerSideTranslatorPB.java:174) ~[ozone-manager-1.3.0-SNAPSHOT.jar:?]
	at org.apache.hadoop.hdds.server.OzoneProtocolMessageDispatcher.processRequest(OzoneProtocolMessageDispatcher.java:87) [hdds-server-framework-1.3.0-SNAPSHOT.jar:?]
	at org.apache.hadoop.ozone.protocolPB.OzoneManagerProtocolServerSideTranslatorPB.submitRequest(OzoneManagerProtocolServerSideTranslatorPB.java:146) [ozone-manager-1.3.0-SNAPSHOT.jar:?]
	at org.apache.hadoop.ozone.protocol.proto.OzoneManagerProtocolProtos$OzoneManagerService$2.callBlockingMethod(OzoneManagerProtocolProtos.java) [ozone-interface-client-1.3.0-SNAPSHOT.jar:?]
	at org.apache.hadoop.ipc.ProtobufRpcEngine$Server.processCall(ProtobufRpcEngine.java:466) [hadoop-common-3.3.1.jar:?]
	at org.apache.hadoop.ipc.ProtobufRpcEngine2$Server$ProtoBufRpcInvoker.call(ProtobufRpcEngine2.java:574) [hadoop-common-3.3.1.jar:?]
	at org.apache.hadoop.ipc.ProtobufRpcEngine2$Server$ProtoBufRpcInvoker.call(ProtobufRpcEngine2.java:552) [hadoop-common-3.3.1.jar:?]
	at org.apache.hadoop.ipc.RPC$Server.call(RPC.java:1093) [hadoop-common-3.3.1.jar:?]
	at org.apache.hadoop.ipc.Server$RpcCall.run(Server.java:1035) [hadoop-common-3.3.1.jar:?]
	at org.apache.hadoop.ipc.Server$RpcCall.run(Server.java:963) [hadoop-common-3.3.1.jar:?]
	at java.security.AccessController.doPrivileged(Native Method) ~[?:1.8.0_322]
	at javax.security.auth.Subject.doAs(Subject.java:422) [?:1.8.0_322]
	at org.apache.hadoop.security.UserGroupInformation.doAs(UserGroupInformation.java:1878) [hadoop-common-3.3.1.jar:?]
	at org.apache.hadoop.ipc.Server$Handler.run(Server.java:2966) [hadoop-common-3.3.1.jar:?]
03:12:34.292 [IPC Server handler 17 on default port 39393] ERROR OMAudit - user=runner | ip=127.0.0.1 | op=GET_FILE_STATUS {volume=volume48467, bucket=bucket81754, key=testBatchDelete/parent/child0, dataSize=0, replicationConfig=null} | ret=FAILURE
org.apache.hadoop.ozone.om.exceptions.OMException: Unable to get file status: volume: volume48467 bucket: bucket81754 key: testBatchDelete/parent/child0
	at org.apache.hadoop.ozone.om.KeyManagerImpl.getOzoneFileStatus(KeyManagerImpl.java:1280) ~[ozone-manager-1.3.0-SNAPSHOT.jar:?]
	at org.apache.hadoop.ozone.om.KeyManagerImpl.getFileStatus(KeyManagerImpl.java:1210) ~[ozone-manager-1.3.0-SNAPSHOT.jar:?]
	at org.apache.hadoop.ozone.om.OzoneManager.getFileStatus(OzoneManager.java:3067) ~[ozone-manager-1.3.0-SNAPSHOT.jar:?]
	at org.apache.hadoop.ozone.protocolPB.OzoneManagerRequestHandler.getOzoneFileStatus(OzoneManagerRequestHandler.java:670) ~[ozone-manager-1.3.0-SNAPSHOT.jar:?]
	at org.apache.hadoop.ozone.protocolPB.OzoneManagerRequestHandler.handleReadRequest(OzoneManagerRequestHandler.java:201) ~[ozone-manager-1.3.0-SNAPSHOT.jar:?]
	at org.apache.hadoop.ozone.protocolPB.OzoneManagerProtocolServerSideTranslatorPB.submitReadRequestToOM(OzoneManagerProtocolServerSideTranslatorPB.java:213) ~[ozone-manager-1.3.0-SNAPSHOT.jar:?]
	at org.apache.hadoop.ozone.protocolPB.OzoneManagerProtocolServerSideTranslatorPB.processRequest(OzoneManagerProtocolServerSideTranslatorPB.java:174) ~[ozone-manager-1.3.0-SNAPSHOT.jar:?]
	at org.apache.hadoop.hdds.server.OzoneProtocolMessageDispatcher.processRequest(OzoneProtocolMessageDispatcher.java:87) [hdds-server-framework-1.3.0-SNAPSHOT.jar:?]
	at org.apache.hadoop.ozone.protocolPB.OzoneManagerProtocolServerSideTranslatorPB.submitRequest(OzoneManagerProtocolServerSideTranslatorPB.java:146) [ozone-manager-1.3.0-SNAPSHOT.jar:?]
	at org.apache.hadoop.ozone.protocol.proto.OzoneManagerProtocolProtos$OzoneManagerService$2.callBlockingMethod(OzoneManagerProtocolProtos.java) [ozone-interface-client-1.3.0-SNAPSHOT.jar:?]
	at org.apache.hadoop.ipc.ProtobufRpcEngine$Server.processCall(ProtobufRpcEngine.java:466) [hadoop-common-3.3.1.jar:?]
	at org.apache.hadoop.ipc.ProtobufRpcEngine2$Server$ProtoBufRpcInvoker.call(ProtobufRpcEngine2.java:574) [hadoop-common-3.3.1.jar:?]
	at org.apache.hadoop.ipc.ProtobufRpcEngine2$Server$ProtoBufRpcInvoker.call(ProtobufRpcEngine2.java:552) [hadoop-common-3.3.1.jar:?]
	at org.apache.hadoop.ipc.RPC$Server.call(RPC.java:1093) [hadoop-common-3.3.1.jar:?]
	at org.apache.hadoop.ipc.Server$RpcCall.run(Server.java:1035) [hadoop-common-3.3.1.jar:?]
	at org.apache.hadoop.ipc.Server$RpcCall.run(Server.java:963) [hadoop-common-3.3.1.jar:?]
	at java.security.AccessController.doPrivileged(Native Method) ~[?:1.8.0_322]
	at javax.security.auth.Subject.doAs(Subject.java:422) [?:1.8.0_322]
	at org.apache.hadoop.security.UserGroupInformation.doAs(UserGroupInformation.java:1878) [hadoop-common-3.3.1.jar:?]
	at org.apache.hadoop.ipc.Server$Handler.run(Server.java:2966) [hadoop-common-3.3.1.jar:?]
03:12:34.295 [IPC Server handler 14 on default port 39393] ERROR OMAudit - user=runner | ip=127.0.0.1 | op=GET_FILE_STATUS {volume=volume48467, bucket=bucket81754, key=testBatchDelete/parent/childFolder/child0, dataSize=0, replicationConfig=null} | ret=FAILURE
org.apache.hadoop.ozone.om.exceptions.OMException: Unable to get file status: volume: volume48467 bucket: bucket81754 key: testBatchDelete/parent/childFolder/child0
	at org.apache.hadoop.ozone.om.KeyManagerImpl.getOzoneFileStatus(KeyManagerImpl.java:1280) ~[ozone-manager-1.3.0-SNAPSHOT.jar:?]
	at org.apache.hadoop.ozone.om.KeyManagerImpl.getFileStatus(KeyManagerImpl.java:1210) ~[ozone-manager-1.3.0-SNAPSHOT.jar:?]
	at org.apache.hadoop.ozone.om.OzoneManager.getFileStatus(OzoneManager.java:3067) ~[ozone-manager-1.3.0-SNAPSHOT.jar:?]
	at org.apache.hadoop.ozone.protocolPB.OzoneManagerRequestHandler.getOzoneFileStatus(OzoneManagerRequestHandler.java:670) ~[ozone-manager-1.3.0-SNAPSHOT.jar:?]
	at org.apache.hadoop.ozone.protocolPB.OzoneManagerRequestHandler.handleReadRequest(OzoneManagerRequestHandler.java:201) ~[ozone-manager-1.3.0-SNAPSHOT.jar:?]
	at org.apache.hadoop.ozone.protocolPB.OzoneManagerProtocolServerSideTranslatorPB.submitReadRequestToOM(OzoneManagerProtocolServerSideTranslatorPB.java:213) ~[ozone-manager-1.3.0-SNAPSHOT.jar:?]
	at org.apache.hadoop.ozone.protocolPB.OzoneManagerProtocolServerSideTranslatorPB.processRequest(OzoneManagerProtocolServerSideTranslatorPB.java:174) ~[ozone-manager-1.3.0-SNAPSHOT.jar:?]
	at org.apache.hadoop.hdds.server.OzoneProtocolMessageDispatcher.processRequest(OzoneProtocolMessageDispatcher.java:87) [hdds-server-framework-1.3.0-SNAPSHOT.jar:?]
	at org.apache.hadoop.ozone.protocolPB.OzoneManagerProtocolServerSideTranslatorPB.submitRequest(OzoneManagerProtocolServerSideTranslatorPB.java:146) [ozone-manager-1.3.0-SNAPSHOT.jar:?]
	at org.apache.hadoop.ozone.protocol.proto.OzoneManagerProtocolProtos$OzoneManagerService$2.callBlockingMethod(OzoneManagerProtocolProtos.java) [ozone-interface-client-1.3.0-SNAPSHOT.jar:?]
	at org.apache.hadoop.ipc.ProtobufRpcEngine$Server.processCall(ProtobufRpcEngine.java:466) [hadoop-common-3.3.1.jar:?]
	at org.apache.hadoop.ipc.ProtobufRpcEngine2$Server$ProtoBufRpcInvoker.call(ProtobufRpcEngine2.java:574) [hadoop-common-3.3.1.jar:?]
	at org.apache.hadoop.ipc.ProtobufRpcEngine2$Server$ProtoBufRpcInvoker.call(ProtobufRpcEngine2.java:552) [hadoop-common-3.3.1.jar:?]
	at org.apache.hadoop.ipc.RPC$Server.call(RPC.java:1093) [hadoop-common-3.3.1.jar:?]
	at org.apache.hadoop.ipc.Server$RpcCall.run(Server.java:1035) [hadoop-common-3.3.1.jar:?]
	at org.apache.hadoop.ipc.Server$RpcCall.run(Server.java:963) [hadoop-common-3.3.1.jar:?]
	at java.security.AccessController.doPrivileged(Native Method) ~[?:1.8.0_322]
	at javax.security.auth.Subject.doAs(Subject.java:422) [?:1.8.0_322]
	at org.apache.hadoop.security.UserGroupInformation.doAs(UserGroupInformation.java:1878) [hadoop-common-3.3.1.jar:?]
	at org.apache.hadoop.ipc.Server$Handler.run(Server.java:2966) [hadoop-common-3.3.1.jar:?]
03:12:34.297 [IPC Server handler 18 on default port 39393] ERROR OMAudit - user=runner | ip=127.0.0.1 | op=GET_FILE_STATUS {volume=volume48467, bucket=bucket81754, key=testBatchDelete/parent/child1, dataSize=0, replicationConfig=null} | ret=FAILURE
org.apache.hadoop.ozone.om.exceptions.OMException: Unable to get file status: volume: volume48467 bucket: bucket81754 key: testBatchDelete/parent/child1
	at org.apache.hadoop.ozone.om.KeyManagerImpl.getOzoneFileStatus(KeyManagerImpl.java:1280) ~[ozone-manager-1.3.0-SNAPSHOT.jar:?]
	at org.apache.hadoop.ozone.om.KeyManagerImpl.getFileStatus(KeyManagerImpl.java:1210) ~[ozone-manager-1.3.0-SNAPSHOT.jar:?]
	at org.apache.hadoop.ozone.om.OzoneManager.getFileStatus(OzoneManager.java:3067) ~[ozone-manager-1.3.0-SNAPSHOT.jar:?]
	at org.apache.hadoop.ozone.protocolPB.OzoneManagerRequestHandler.getOzoneFileStatus(OzoneManagerRequestHandler.java:670) ~[ozone-manager-1.3.0-SNAPSHOT.jar:?]
	at org.apache.hadoop.ozone.protocolPB.OzoneManagerRequestHandler.handleReadRequest(OzoneManagerRequestHandler.java:201) ~[ozone-manager-1.3.0-SNAPSHOT.jar:?]
	at org.apache.hadoop.ozone.protocolPB.OzoneManagerProtocolServerSideTranslatorPB.submitReadRequestToOM(OzoneManagerProtocolServerSideTranslatorPB.java:213) ~[ozone-manager-1.3.0-SNAPSHOT.jar:?]
	at org.apache.hadoop.ozone.protocolPB.OzoneManagerProtocolServerSideTranslatorPB.processRequest(OzoneManagerProtocolServerSideTranslatorPB.java:174) ~[ozone-manager-1.3.0-SNAPSHOT.jar:?]
	at org.apache.hadoop.hdds.server.OzoneProtocolMessageDispatcher.processRequest(OzoneProtocolMessageDispatcher.java:87) [hdds-server-framework-1.3.0-SNAPSHOT.jar:?]
	at org.apache.hadoop.ozone.protocolPB.OzoneManagerProtocolServerSideTranslatorPB.submitRequest(OzoneManagerProtocolServerSideTranslatorPB.java:146) [ozone-manager-1.3.0-SNAPSHOT.jar:?]
	at org.apache.hadoop.ozone.protocol.proto.OzoneManagerProtocolProtos$OzoneManagerService$2.callBlockingMethod(OzoneManagerProtocolProtos.java) [ozone-interface-client-1.3.0-SNAPSHOT.jar:?]
	at org.apache.hadoop.ipc.ProtobufRpcEngine$Server.processCall(ProtobufRpcEngine.java:466) [hadoop-common-3.3.1.jar:?]
	at org.apache.hadoop.ipc.ProtobufRpcEngine2$Server$ProtoBufRpcInvoker.call(ProtobufRpcEngine2.java:574) [hadoop-common-3.3.1.jar:?]
	at org.apache.hadoop.ipc.ProtobufRpcEngine2$Server$ProtoBufRpcInvoker.call(ProtobufRpcEngine2.java:552) [hadoop-common-3.3.1.jar:?]
	at org.apache.hadoop.ipc.RPC$Server.call(RPC.java:1093) [hadoop-common-3.3.1.jar:?]
	at org.apache.hadoop.ipc.Server$RpcCall.run(Server.java:1035) [hadoop-common-3.3.1.jar:?]
	at org.apache.hadoop.ipc.Server$RpcCall.run(Server.java:963) [hadoop-common-3.3.1.jar:?]
	at java.security.AccessController.doPrivileged(Native Method) ~[?:1.8.0_322]
	at javax.security.auth.Subject.doAs(Subject.java:422) [?:1.8.0_322]
	at org.apache.hadoop.security.UserGroupInformation.doAs(UserGroupInformation.java:1878) [hadoop-common-3.3.1.jar:?]
	at org.apache.hadoop.ipc.Server$Handler.run(Server.java:2966) [hadoop-common-3.3.1.jar:?]
03:12:34.299 [IPC Server handler 1 on default port 39393] ERROR OMAudit - user=runner | ip=127.0.0.1 | op=GET_FILE_STATUS {volume=volume48467, bucket=bucket81754, key=testBatchDelete/parent/childFolder/child1, dataSize=0, replicationConfig=null} | ret=FAILURE
org.apache.hadoop.ozone.om.exceptions.OMException: Unable to get file status: volume: volume48467 bucket: bucket81754 key: testBatchDelete/parent/childFolder/child1
	at org.apache.hadoop.ozone.om.KeyManagerImpl.getOzoneFileStatus(KeyManagerImpl.java:1280) ~[ozone-manager-1.3.0-SNAPSHOT.jar:?]
	at org.apache.hadoop.ozone.om.KeyManagerImpl.getFileStatus(KeyManagerImpl.java:1210) ~[ozone-manager-1.3.0-SNAPSHOT.jar:?]
	at org.apache.hadoop.ozone.om.OzoneManager.getFileStatus(OzoneManager.java:3067) ~[ozone-manager-1.3.0-SNAPSHOT.jar:?]
	at org.apache.hadoop.ozone.protocolPB.OzoneManagerRequestHandler.getOzoneFileStatus(OzoneManagerRequestHandler.java:670) ~[ozone-manager-1.3.0-SNAPSHOT.jar:?]
	at org.apache.hadoop.ozone.protocolPB.OzoneManagerRequestHandler.handleReadRequest(OzoneManagerRequestHandler.java:201) ~[ozone-manager-1.3.0-SNAPSHOT.jar:?]
	at org.apache.hadoop.ozone.protocolPB.OzoneManagerProtocolServerSideTranslatorPB.submitReadRequestToOM(OzoneManagerProtocolServerSideTranslatorPB.java:213) ~[ozone-manager-1.3.0-SNAPSHOT.jar:?]
	at org.apache.hadoop.ozone.protocolPB.OzoneManagerProtocolServerSideTranslatorPB.processRequest(OzoneManagerProtocolServerSideTranslatorPB.java:174) ~[ozone-manager-1.3.0-SNAPSHOT.jar:?]
	at org.apache.hadoop.hdds.server.OzoneProtocolMessageDispatcher.processRequest(OzoneProtocolMessageDispatcher.java:87) [hdds-server-framework-1.3.0-SNAPSHOT.jar:?]
	at org.apache.hadoop.ozone.protocolPB.OzoneManagerProtocolServerSideTranslatorPB.submitRequest(OzoneManagerProtocolServerSideTranslatorPB.java:146) [ozone-manager-1.3.0-SNAPSHOT.jar:?]
	at org.apache.hadoop.ozone.protocol.proto.OzoneManagerProtocolProtos$OzoneManagerService$2.callBlockingMethod(OzoneManagerProtocolProtos.java) [ozone-interface-client-1.3.0-SNAPSHOT.jar:?]
	at org.apache.hadoop.ipc.ProtobufRpcEngine$Server.processCall(ProtobufRpcEngine.java:466) [hadoop-common-3.3.1.jar:?]
	at org.apache.hadoop.ipc.ProtobufRpcEngine2$Server$ProtoBufRpcInvoker.call(ProtobufRpcEngine2.java:574) [hadoop-common-3.3.1.jar:?]
	at org.apache.hadoop.ipc.ProtobufRpcEngine2$Server$ProtoBufRpcInvoker.call(ProtobufRpcEngine2.java:552) [hadoop-common-3.3.1.jar:?]
	at org.apache.hadoop.ipc.RPC$Server.call(RPC.java:1093) [hadoop-common-3.3.1.jar:?]
	at org.apache.hadoop.ipc.Server$RpcCall.run(Server.java:1035) [hadoop-common-3.3.1.jar:?]
	at org.apache.hadoop.ipc.Server$RpcCall.run(Server.java:963) [hadoop-common-3.3.1.jar:?]
	at java.security.AccessController.doPrivileged(Native Method) ~[?:1.8.0_322]
	at javax.security.auth.Subject.doAs(Subject.java:422) [?:1.8.0_322]
	at org.apache.hadoop.security.UserGroupInformation.doAs(UserGroupInformation.java:1878) [hadoop-common-3.3.1.jar:?]
	at org.apache.hadoop.ipc.Server$Handler.run(Server.java:2966) [hadoop-common-3.3.1.jar:?]
03:12:34.301 [IPC Server handler 2 on default port 39393] ERROR OMAudit - user=runner | ip=127.0.0.1 | op=GET_FILE_STATUS {volume=volume48467, bucket=bucket81754, key=testBatchDelete/parent/child2, dataSize=0, replicationConfig=null} | ret=FAILURE
org.apache.hadoop.ozone.om.exceptions.OMException: Unable to get file status: volume: volume48467 bucket: bucket81754 key: testBatchDelete/parent/child2
	at org.apache.hadoop.ozone.om.KeyManagerImpl.getOzoneFileStatus(KeyManagerImpl.java:1280) ~[ozone-manager-1.3.0-SNAPSHOT.jar:?]
	at org.apache.hadoop.ozone.om.KeyManagerImpl.getFileStatus(KeyManagerImpl.java:1210) ~[ozone-manager-1.3.0-SNAPSHOT.jar:?]
	at org.apache.hadoop.ozone.om.OzoneManager.getFileStatus(OzoneManager.java:3067) ~[ozone-manager-1.3.0-SNAPSHOT.jar:?]
	at org.apache.hadoop.ozone.protocolPB.OzoneManagerRequestHandler.getOzoneFileStatus(OzoneManagerRequestHandler.java:670) ~[ozone-manager-1.3.0-SNAPSHOT.jar:?]
	at org.apache.hadoop.ozone.protocolPB.OzoneManagerRequestHandler.handleReadRequest(OzoneManagerRequestHandler.java:201) ~[ozone-manager-1.3.0-SNAPSHOT.jar:?]
	at org.apache.hadoop.ozone.protocolPB.OzoneManagerProtocolServerSideTranslatorPB.submitReadRequestToOM(OzoneManagerProtocolServerSideTranslatorPB.java:213) ~[ozone-manager-1.3.0-SNAPSHOT.jar:?]
	at org.apache.hadoop.ozone.protocolPB.OzoneManagerProtocolServerSideTranslatorPB.processRequest(OzoneManagerProtocolServerSideTranslatorPB.java:174) ~[ozone-manager-1.3.0-SNAPSHOT.jar:?]
	at org.apache.hadoop.hdds.server.OzoneProtocolMessageDispatcher.processRequest(OzoneProtocolMessageDispatcher.java:87) [hdds-server-framework-1.3.0-SNAPSHOT.jar:?]
	at org.apache.hadoop.ozone.protocolPB.OzoneManagerProtocolServerSideTranslatorPB.submitRequest(OzoneManagerProtocolServerSideTranslatorPB.java:146) [ozone-manager-1.3.0-SNAPSHOT.jar:?]
	at org.apache.hadoop.ozone.protocol.proto.OzoneManagerProtocolProtos$OzoneManagerService$2.callBlockingMethod(OzoneManagerProtocolProtos.java) [ozone-interface-client-1.3.0-SNAPSHOT.jar:?]
	at org.apache.hadoop.ipc.ProtobufRpcEngine$Server.processCall(ProtobufRpcEngine.java:466) [hadoop-common-3.3.1.jar:?]
	at org.apache.hadoop.ipc.ProtobufRpcEngine2$Server$ProtoBufRpcInvoker.call(ProtobufRpcEngine2.java:574) [hadoop-common-3.3.1.jar:?]
	at org.apache.hadoop.ipc.ProtobufRpcEngine2$Server$ProtoBufRpcInvoker.call(ProtobufRpcEngine2.java:552) [hadoop-common-3.3.1.jar:?]
	at org.apache.hadoop.ipc.RPC$Server.call(RPC.java:1093) [hadoop-common-3.3.1.jar:?]
	at org.apache.hadoop.ipc.Server$RpcCall.run(Server.java:1035) [hadoop-common-3.3.1.jar:?]
	at org.apache.hadoop.ipc.Server$RpcCall.run(Server.java:963) [hadoop-common-3.3.1.jar:?]
	at java.security.AccessController.doPrivileged(Native Method) ~[?:1.8.0_322]
	at javax.security.auth.Subject.doAs(Subject.java:422) [?:1.8.0_322]
	at org.apache.hadoop.security.UserGroupInformation.doAs(UserGroupInformation.java:1878) [hadoop-common-3.3.1.jar:?]
	at org.apache.hadoop.ipc.Server$Handler.run(Server.java:2966) [hadoop-common-3.3.1.jar:?]
03:12:34.303 [IPC Server handler 3 on default port 39393] ERROR OMAudit - user=runner | ip=127.0.0.1 | op=GET_FILE_STATUS {volume=volume48467, bucket=bucket81754, key=testBatchDelete/parent/childFolder/child2, dataSize=0, replicationConfig=null} | ret=FAILURE
org.apache.hadoop.ozone.om.exceptions.OMException: Unable to get file status: volume: volume48467 bucket: bucket81754 key: testBatchDelete/parent/childFolder/child2
	at org.apache.hadoop.ozone.om.KeyManagerImpl.getOzoneFileStatus(KeyManagerImpl.java:1280) ~[ozone-manager-1.3.0-SNAPSHOT.jar:?]
	at org.apache.hadoop.ozone.om.KeyManagerImpl.getFileStatus(KeyManagerImpl.java:1210) ~[ozone-manager-1.3.0-SNAPSHOT.jar:?]
	at org.apache.hadoop.ozone.om.OzoneManager.getFileStatus(OzoneManager.java:3067) ~[ozone-manager-1.3.0-SNAPSHOT.jar:?]
	at org.apache.hadoop.ozone.protocolPB.OzoneManagerRequestHandler.getOzoneFileStatus(OzoneManagerRequestHandler.java:670) ~[ozone-manager-1.3.0-SNAPSHOT.jar:?]
	at org.apache.hadoop.ozone.protocolPB.OzoneManagerRequestHandler.handleReadRequest(OzoneManagerRequestHandler.java:201) ~[ozone-manager-1.3.0-SNAPSHOT.jar:?]
	at org.apache.hadoop.ozone.protocolPB.OzoneManagerProtocolServerSideTranslatorPB.submitReadRequestToOM(OzoneManagerProtocolServerSideTranslatorPB.java:213) ~[ozone-manager-1.3.0-SNAPSHOT.jar:?]
	at org.apache.hadoop.ozone.protocolPB.OzoneManagerProtocolServerSideTranslatorPB.processRequest(OzoneManagerProtocolServerSideTranslatorPB.java:174) ~[ozone-manager-1.3.0-SNAPSHOT.jar:?]
	at org.apache.hadoop.hdds.server.OzoneProtocolMessageDispatcher.processRequest(OzoneProtocolMessageDispatcher.java:87) [hdds-server-framework-1.3.0-SNAPSHOT.jar:?]
	at org.apache.hadoop.ozone.protocolPB.OzoneManagerProtocolServerSideTranslatorPB.submitRequest(OzoneManagerProtocolServerSideTranslatorPB.java:146) [ozone-manager-1.3.0-SNAPSHOT.jar:?]
	at org.apache.hadoop.ozone.protocol.proto.OzoneManagerProtocolProtos$OzoneManagerService$2.callBlockingMethod(OzoneManagerProtocolProtos.java) [ozone-interface-client-1.3.0-SNAPSHOT.jar:?]
	at org.apache.hadoop.ipc.ProtobufRpcEngine$Server.processCall(ProtobufRpcEngine.java:466) [hadoop-common-3.3.1.jar:?]
	at org.apache.hadoop.ipc.ProtobufRpcEngine2$Server$ProtoBufRpcInvoker.call(ProtobufRpcEngine2.java:574) [hadoop-common-3.3.1.jar:?]
	at org.apache.hadoop.ipc.ProtobufRpcEngine2$Server$ProtoBufRpcInvoker.call(ProtobufRpcEngine2.java:552) [hadoop-common-3.3.1.jar:?]
	at org.apache.hadoop.ipc.RPC$Server.call(RPC.java:1093) [hadoop-common-3.3.1.jar:?]
	at org.apache.hadoop.ipc.Server$RpcCall.run(Server.java:1035) [hadoop-common-3.3.1.jar:?]
	at org.apache.hadoop.ipc.Server$RpcCall.run(Server.java:963) [hadoop-common-3.3.1.jar:?]
	at java.security.AccessController.doPrivileged(Native Method) ~[?:1.8.0_322]
	at javax.security.auth.Subject.doAs(Subject.java:422) [?:1.8.0_322]
	at org.apache.hadoop.security.UserGroupInformation.doAs(UserGroupInformation.java:1878) [hadoop-common-3.3.1.jar:?]
	at org.apache.hadoop.ipc.Server$Handler.run(Server.java:2966) [hadoop-common-3.3.1.jar:?]
03:12:34.304 [IPC Server handler 6 on default port 39393] ERROR OMAudit - user=runner | ip=127.0.0.1 | op=GET_FILE_STATUS {volume=volume48467, bucket=bucket81754, key=testBatchDelete/parent/child3, dataSize=0, replicationConfig=null} | ret=FAILURE
org.apache.hadoop.ozone.om.exceptions.OMException: Unable to get file status: volume: volume48467 bucket: bucket81754 key: testBatchDelete/parent/child3
	at org.apache.hadoop.ozone.om.KeyManagerImpl.getOzoneFileStatus(KeyManagerImpl.java:1280) ~[ozone-manager-1.3.0-SNAPSHOT.jar:?]
	at org.apache.hadoop.ozone.om.KeyManagerImpl.getFileStatus(KeyManagerImpl.java:1210) ~[ozone-manager-1.3.0-SNAPSHOT.jar:?]
	at org.apache.hadoop.ozone.om.OzoneManager.getFileStatus(OzoneManager.java:3067) ~[ozone-manager-1.3.0-SNAPSHOT.jar:?]
	at org.apache.hadoop.ozone.protocolPB.OzoneManagerRequestHandler.getOzoneFileStatus(OzoneManagerRequestHandler.java:670) ~[ozone-manager-1.3.0-SNAPSHOT.jar:?]
	at org.apache.hadoop.ozone.protocolPB.OzoneManagerRequestHandler.handleReadRequest(OzoneManagerRequestHandler.java:201) ~[ozone-manager-1.3.0-SNAPSHOT.jar:?]
	at org.apache.hadoop.ozone.protocolPB.OzoneManagerProtocolServerSideTranslatorPB.submitReadRequestToOM(OzoneManagerProtocolServerSideTranslatorPB.java:213) ~[ozone-manager-1.3.0-SNAPSHOT.jar:?]
	at org.apache.hadoop.ozone.protocolPB.OzoneManagerProtocolServerSideTranslatorPB.processRequest(OzoneManagerProtocolServerSideTranslatorPB.java:174) ~[ozone-manager-1.3.0-SNAPSHOT.jar:?]
	at org.apache.hadoop.hdds.server.OzoneProtocolMessageDispatcher.processRequest(OzoneProtocolMessageDispatcher.java:87) [hdds-server-framework-1.3.0-SNAPSHOT.jar:?]
	at org.apache.hadoop.ozone.protocolPB.OzoneManagerProtocolServerSideTranslatorPB.submitRequest(OzoneManagerProtocolServerSideTranslatorPB.java:146) [ozone-manager-1.3.0-SNAPSHOT.jar:?]
	at org.apache.hadoop.ozone.protocol.proto.OzoneManagerProtocolProtos$OzoneManagerService$2.callBlockingMethod(OzoneManagerProtocolProtos.java) [ozone-interface-client-1.3.0-SNAPSHOT.jar:?]
	at org.apache.hadoop.ipc.ProtobufRpcEngine$Server.processCall(ProtobufRpcEngine.java:466) [hadoop-common-3.3.1.jar:?]
	at org.apache.hadoop.ipc.ProtobufRpcEngine2$Server$ProtoBufRpcInvoker.call(ProtobufRpcEngine2.java:574) [hadoop-common-3.3.1.jar:?]
	at org.apache.hadoop.ipc.ProtobufRpcEngine2$Server$ProtoBufRpcInvoker.call(ProtobufRpcEngine2.java:552) [hadoop-common-3.3.1.jar:?]
	at org.apache.hadoop.ipc.RPC$Server.call(RPC.java:1093) [hadoop-common-3.3.1.jar:?]
	at org.apache.hadoop.ipc.Server$RpcCall.run(Server.java:1035) [hadoop-common-3.3.1.jar:?]
	at org.apache.hadoop.ipc.Server$RpcCall.run(Server.java:963) [hadoop-common-3.3.1.jar:?]
	at java.security.AccessController.doPrivileged(Native Method) ~[?:1.8.0_322]
	at javax.security.auth.Subject.doAs(Subject.java:422) [?:1.8.0_322]
	at org.apache.hadoop.security.UserGroupInformation.doAs(UserGroupInformation.java:1878) [hadoop-common-3.3.1.jar:?]
	at org.apache.hadoop.ipc.Server$Handler.run(Server.java:2966) [hadoop-common-3.3.1.jar:?]
03:12:34.306 [IPC Server handler 11 on default port 39393] ERROR OMAudit - user=runner | ip=127.0.0.1 | op=GET_FILE_STATUS {volume=volume48467, bucket=bucket81754, key=testBatchDelete/parent/childFolder/child3, dataSize=0, replicationConfig=null} | ret=FAILURE
org.apache.hadoop.ozone.om.exceptions.OMException: Unable to get file status: volume: volume48467 bucket: bucket81754 key: testBatchDelete/parent/childFolder/child3
	at org.apache.hadoop.ozone.om.KeyManagerImpl.getOzoneFileStatus(KeyManagerImpl.java:1280) ~[ozone-manager-1.3.0-SNAPSHOT.jar:?]
	at org.apache.hadoop.ozone.om.KeyManagerImpl.getFileStatus(KeyManagerImpl.java:1210) ~[ozone-manager-1.3.0-SNAPSHOT.jar:?]
	at org.apache.hadoop.ozone.om.OzoneManager.getFileStatus(OzoneManager.java:3067) ~[ozone-manager-1.3.0-SNAPSHOT.jar:?]
	at org.apache.hadoop.ozone.protocolPB.OzoneManagerRequestHandler.getOzoneFileStatus(OzoneManagerRequestHandler.java:670) ~[ozone-manager-1.3.0-SNAPSHOT.jar:?]
	at org.apache.hadoop.ozone.protocolPB.OzoneManagerRequestHandler.handleReadRequest(OzoneManagerRequestHandler.java:201) ~[ozone-manager-1.3.0-SNAPSHOT.jar:?]
	at org.apache.hadoop.ozone.protocolPB.OzoneManagerProtocolServerSideTranslatorPB.submitReadRequestToOM(OzoneManagerProtocolServerSideTranslatorPB.java:213) ~[ozone-manager-1.3.0-SNAPSHOT.jar:?]
	at org.apache.hadoop.ozone.protocolPB.OzoneManagerProtocolServerSideTranslatorPB.processRequest(OzoneManagerProtocolServerSideTranslatorPB.java:174) ~[ozone-manager-1.3.0-SNAPSHOT.jar:?]
	at org.apache.hadoop.hdds.server.OzoneProtocolMessageDispatcher.processRequest(OzoneProtocolMessageDispatcher.java:87) [hdds-server-framework-1.3.0-SNAPSHOT.jar:?]
	at org.apache.hadoop.ozone.protocolPB.OzoneManagerProtocolServerSideTranslatorPB.submitRequest(OzoneManagerProtocolServerSideTranslatorPB.java:146) [ozone-manager-1.3.0-SNAPSHOT.jar:?]
	at org.apache.hadoop.ozone.protocol.proto.OzoneManagerProtocolProtos$OzoneManagerService$2.callBlockingMethod(OzoneManagerProtocolProtos.java) [ozone-interface-client-1.3.0-SNAPSHOT.jar:?]
	at org.apache.hadoop.ipc.ProtobufRpcEngine$Server.processCall(ProtobufRpcEngine.java:466) [hadoop-common-3.3.1.jar:?]
	at org.apache.hadoop.ipc.ProtobufRpcEngine2$Server$ProtoBufRpcInvoker.call(ProtobufRpcEngine2.java:574) [hadoop-common-3.3.1.jar:?]
	at org.apache.hadoop.ipc.ProtobufRpcEngine2$Server$ProtoBufRpcInvoker.call(ProtobufRpcEngine2.java:552) [hadoop-common-3.3.1.jar:?]
	at org.apache.hadoop.ipc.RPC$Server.call(RPC.java:1093) [hadoop-common-3.3.1.jar:?]
	at org.apache.hadoop.ipc.Server$RpcCall.run(Server.java:1035) [hadoop-common-3.3.1.jar:?]
	at org.apache.hadoop.ipc.Server$RpcCall.run(Server.java:963) [hadoop-common-3.3.1.jar:?]
	at java.security.AccessController.doPrivileged(Native Method) ~[?:1.8.0_322]
	at javax.security.auth.Subject.doAs(Subject.java:422) [?:1.8.0_322]
	at org.apache.hadoop.security.UserGroupInformation.doAs(UserGroupInformation.java:1878) [hadoop-common-3.3.1.jar:?]
	at org.apache.hadoop.ipc.Server$Handler.run(Server.java:2966) [hadoop-common-3.3.1.jar:?]
03:12:34.308 [IPC Server handler 8 on default port 39393] ERROR OMAudit - user=runner | ip=127.0.0.1 | op=GET_FILE_STATUS {volume=volume48467, bucket=bucket81754, key=testBatchDelete/parent/child4, dataSize=0, replicationConfig=null} | ret=FAILURE
org.apache.hadoop.ozone.om.exceptions.OMException: Unable to get file status: volume: volume48467 bucket: bucket81754 key: testBatchDelete/parent/child4
	at org.apache.hadoop.ozone.om.KeyManagerImpl.getOzoneFileStatus(KeyManagerImpl.java:1280) ~[ozone-manager-1.3.0-SNAPSHOT.jar:?]
	at org.apache.hadoop.ozone.om.KeyManagerImpl.getFileStatus(KeyManagerImpl.java:1210) ~[ozone-manager-1.3.0-SNAPSHOT.jar:?]
	at org.apache.hadoop.ozone.om.OzoneManager.getFileStatus(OzoneManager.java:3067) ~[ozone-manager-1.3.0-SNAPSHOT.jar:?]
	at org.apache.hadoop.ozone.protocolPB.OzoneManagerRequestHandler.getOzoneFileStatus(OzoneManagerRequestHandler.java:670) ~[ozone-manager-1.3.0-SNAPSHOT.jar:?]
	at org.apache.hadoop.ozone.protocolPB.OzoneManagerRequestHandler.handleReadRequest(OzoneManagerRequestHandler.java:201) ~[ozone-manager-1.3.0-SNAPSHOT.jar:?]
	at org.apache.hadoop.ozone.protocolPB.OzoneManagerProtocolServerSideTranslatorPB.submitReadRequestToOM(OzoneManagerProtocolServerSideTranslatorPB.java:213) ~[ozone-manager-1.3.0-SNAPSHOT.jar:?]
	at org.apache.hadoop.ozone.protocolPB.OzoneManagerProtocolServerSideTranslatorPB.processRequest(OzoneManagerProtocolServerSideTranslatorPB.java:174) ~[ozone-manager-1.3.0-SNAPSHOT.jar:?]
	at org.apache.hadoop.hdds.server.OzoneProtocolMessageDispatcher.processRequest(OzoneProtocolMessageDispatcher.java:87) [hdds-server-framework-1.3.0-SNAPSHOT.jar:?]
	at org.apache.hadoop.ozone.protocolPB.OzoneManagerProtocolServerSideTranslatorPB.submitRequest(OzoneManagerProtocolServerSideTranslatorPB.java:146) [ozone-manager-1.3.0-SNAPSHOT.jar:?]
	at org.apache.hadoop.ozone.protocol.proto.OzoneManagerProtocolProtos$OzoneManagerService$2.callBlockingMethod(OzoneManagerProtocolProtos.java) [ozone-interface-client-1.3.0-SNAPSHOT.jar:?]
	at org.apache.hadoop.ipc.ProtobufRpcEngine$Server.processCall(ProtobufRpcEngine.java:466) [hadoop-common-3.3.1.jar:?]
	at org.apache.hadoop.ipc.ProtobufRpcEngine2$Server$ProtoBufRpcInvoker.call(ProtobufRpcEngine2.java:574) [hadoop-common-3.3.1.jar:?]
	at org.apache.hadoop.ipc.ProtobufRpcEngine2$Server$ProtoBufRpcInvoker.call(ProtobufRpcEngine2.java:552) [hadoop-common-3.3.1.jar:?]
	at org.apache.hadoop.ipc.RPC$Server.call(RPC.java:1093) [hadoop-common-3.3.1.jar:?]
	at org.apache.hadoop.ipc.Server$RpcCall.run(Server.java:1035) [hadoop-common-3.3.1.jar:?]
	at org.apache.hadoop.ipc.Server$RpcCall.run(Server.java:963) [hadoop-common-3.3.1.jar:?]
	at java.security.AccessController.doPrivileged(Native Method) ~[?:1.8.0_322]
	at javax.security.auth.Subject.doAs(Subject.java:422) [?:1.8.0_322]
	at org.apache.hadoop.security.UserGroupInformation.doAs(UserGroupInformation.java:1878) [hadoop-common-3.3.1.jar:?]
	at org.apache.hadoop.ipc.Server$Handler.run(Server.java:2966) [hadoop-common-3.3.1.jar:?]
03:12:34.310 [IPC Server handler 12 on default port 39393] ERROR OMAudit - user=runner | ip=127.0.0.1 | op=GET_FILE_STATUS {volume=volume48467, bucket=bucket81754, key=testBatchDelete/parent/childFolder/child4, dataSize=0, replicationConfig=null} | ret=FAILURE
org.apache.hadoop.ozone.om.exceptions.OMException: Unable to get file status: volume: volume48467 bucket: bucket81754 key: testBatchDelete/parent/childFolder/child4
	at org.apache.hadoop.ozone.om.KeyManagerImpl.getOzoneFileStatus(KeyManagerImpl.java:1280) ~[ozone-manager-1.3.0-SNAPSHOT.jar:?]
	at org.apache.hadoop.ozone.om.KeyManagerImpl.getFileStatus(KeyManagerImpl.java:1210) ~[ozone-manager-1.3.0-SNAPSHOT.jar:?]
	at org.apache.hadoop.ozone.om.OzoneManager.getFileStatus(OzoneManager.java:3067) ~[ozone-manager-1.3.0-SNAPSHOT.jar:?]
	at org.apache.hadoop.ozone.protocolPB.OzoneManagerRequestHandler.getOzoneFileStatus(OzoneManagerRequestHandler.java:670) ~[ozone-manager-1.3.0-SNAPSHOT.jar:?]
	at org.apache.hadoop.ozone.protocolPB.OzoneManagerRequestHandler.handleReadRequest(OzoneManagerRequestHandler.java:201) ~[ozone-manager-1.3.0-SNAPSHOT.jar:?]
	at org.apache.hadoop.ozone.protocolPB.OzoneManagerProtocolServerSideTranslatorPB.submitReadRequestToOM(OzoneManagerProtocolServerSideTranslatorPB.java:213) ~[ozone-manager-1.3.0-SNAPSHOT.jar:?]
	at org.apache.hadoop.ozone.protocolPB.OzoneManagerProtocolServerSideTranslatorPB.processRequest(OzoneManagerProtocolServerSideTranslatorPB.java:174) ~[ozone-manager-1.3.0-SNAPSHOT.jar:?]
	at org.apache.hadoop.hdds.server.OzoneProtocolMessageDispatcher.processRequest(OzoneProtocolMessageDispatcher.java:87) [hdds-server-framework-1.3.0-SNAPSHOT.jar:?]
	at org.apache.hadoop.ozone.protocolPB.OzoneManagerProtocolServerSideTranslatorPB.submitRequest(OzoneManagerProtocolServerSideTranslatorPB.java:146) [ozone-manager-1.3.0-SNAPSHOT.jar:?]
	at org.apache.hadoop.ozone.protocol.proto.OzoneManagerProtocolProtos$OzoneManagerService$2.callBlockingMethod(OzoneManagerProtocolProtos.java) [ozone-interface-client-1.3.0-SNAPSHOT.jar:?]
	at org.apache.hadoop.ipc.ProtobufRpcEngine$Server.processCall(ProtobufRpcEngine.java:466) [hadoop-common-3.3.1.jar:?]
	at org.apache.hadoop.ipc.ProtobufRpcEngine2$Server$ProtoBufRpcInvoker.call(ProtobufRpcEngine2.java:574) [hadoop-common-3.3.1.jar:?]
	at org.apache.hadoop.ipc.ProtobufRpcEngine2$Server$ProtoBufRpcInvoker.call(ProtobufRpcEngine2.java:552) [hadoop-common-3.3.1.jar:?]
	at org.apache.hadoop.ipc.RPC$Server.call(RPC.java:1093) [hadoop-common-3.3.1.jar:?]
	at org.apache.hadoop.ipc.Server$RpcCall.run(Server.java:1035) [hadoop-common-3.3.1.jar:?]
	at org.apache.hadoop.ipc.Server$RpcCall.run(Server.java:963) [hadoop-common-3.3.1.jar:?]
	at java.security.AccessController.doPrivileged(Native Method) ~[?:1.8.0_322]
	at javax.security.auth.Subject.doAs(Subject.java:422) [?:1.8.0_322]
	at org.apache.hadoop.security.UserGroupInformation.doAs(UserGroupInformation.java:1878) [hadoop-common-3.3.1.jar:?]
	at org.apache.hadoop.ipc.Server$Handler.run(Server.java:2966) [hadoop-common-3.3.1.jar:?]
03:12:34.312 [IPC Server handler 17 on default port 39393] ERROR OMAudit - user=runner | ip=127.0.0.1 | op=GET_FILE_STATUS {volume=volume48467, bucket=bucket81754, key=testBatchDelete/parent/child5, dataSize=0, replicationConfig=null} | ret=FAILURE
org.apache.hadoop.ozone.om.exceptions.OMException: Unable to get file status: volume: volume48467 bucket: bucket81754 key: testBatchDelete/parent/child5
	at org.apache.hadoop.ozone.om.KeyManagerImpl.getOzoneFileStatus(KeyManagerImpl.java:1280) ~[ozone-manager-1.3.0-SNAPSHOT.jar:?]
	at org.apache.hadoop.ozone.om.KeyManagerImpl.getFileStatus(KeyManagerImpl.java:1210) ~[ozone-manager-1.3.0-SNAPSHOT.jar:?]
	at org.apache.hadoop.ozone.om.OzoneManager.getFileStatus(OzoneManager.java:3067) ~[ozone-manager-1.3.0-SNAPSHOT.jar:?]
	at org.apache.hadoop.ozone.protocolPB.OzoneManagerRequestHandler.getOzoneFileStatus(OzoneManagerRequestHandler.java:670) ~[ozone-manager-1.3.0-SNAPSHOT.jar:?]
	at org.apache.hadoop.ozone.protocolPB.OzoneManagerRequestHandler.handleReadRequest(OzoneManagerRequestHandler.java:201) ~[ozone-manager-1.3.0-SNAPSHOT.jar:?]
	at org.apache.hadoop.ozone.protocolPB.OzoneManagerProtocolServerSideTranslatorPB.submitReadRequestToOM(OzoneManagerProtocolServerSideTranslatorPB.java:213) ~[ozone-manager-1.3.0-SNAPSHOT.jar:?]
	at org.apache.hadoop.ozone.protocolPB.OzoneManagerProtocolServerSideTranslatorPB.processRequest(OzoneManagerProtocolServerSideTranslatorPB.java:174) ~[ozone-manager-1.3.0-SNAPSHOT.jar:?]
	at org.apache.hadoop.hdds.server.OzoneProtocolMessageDispatcher.processRequest(OzoneProtocolMessageDispatcher.java:87) [hdds-server-framework-1.3.0-SNAPSHOT.jar:?]
	at org.apache.hadoop.ozone.protocolPB.OzoneManagerProtocolServerSideTranslatorPB.submitRequest(OzoneManagerProtocolServerSideTranslatorPB.java:146) [ozone-manager-1.3.0-SNAPSHOT.jar:?]
	at org.apache.hadoop.ozone.protocol.proto.OzoneManagerProtocolProtos$OzoneManagerService$2.callBlockingMethod(OzoneManagerProtocolProtos.java) [ozone-interface-client-1.3.0-SNAPSHOT.jar:?]
	at org.apache.hadoop.ipc.ProtobufRpcEngine$Server.processCall(ProtobufRpcEngine.java:466) [hadoop-common-3.3.1.jar:?]
	at org.apache.hadoop.ipc.ProtobufRpcEngine2$Server$ProtoBufRpcInvoker.call(ProtobufRpcEngine2.java:574) [hadoop-common-3.3.1.jar:?]
	at org.apache.hadoop.ipc.ProtobufRpcEngine2$Server$ProtoBufRpcInvoker.call(ProtobufRpcEngine2.java:552) [hadoop-common-3.3.1.jar:?]
	at org.apache.hadoop.ipc.RPC$Server.call(RPC.java:1093) [hadoop-common-3.3.1.jar:?]
	at org.apache.hadoop.ipc.Server$RpcCall.run(Server.java:1035) [hadoop-common-3.3.1.jar:?]
	at org.apache.hadoop.ipc.Server$RpcCall.run(Server.java:963) [hadoop-common-3.3.1.jar:?]
	at java.security.AccessController.doPrivileged(Native Method) ~[?:1.8.0_322]
	at javax.security.auth.Subject.doAs(Subject.java:422) [?:1.8.0_322]
	at org.apache.hadoop.security.UserGroupInformation.doAs(UserGroupInformation.java:1878) [hadoop-common-3.3.1.jar:?]
	at org.apache.hadoop.ipc.Server$Handler.run(Server.java:2966) [hadoop-common-3.3.1.jar:?]
03:12:34.314 [IPC Server handler 14 on default port 39393] ERROR OMAudit - user=runner | ip=127.0.0.1 | op=GET_FILE_STATUS {volume=volume48467, bucket=bucket81754, key=testBatchDelete/parent/childFolder/child5, dataSize=0, replicationConfig=null} | ret=FAILURE
org.apache.hadoop.ozone.om.exceptions.OMException: Unable to get file status: volume: volume48467 bucket: bucket81754 key: testBatchDelete/parent/childFolder/child5
	at org.apache.hadoop.ozone.om.KeyManagerImpl.getOzoneFileStatus(KeyManagerImpl.java:1280) ~[ozone-manager-1.3.0-SNAPSHOT.jar:?]
	at org.apache.hadoop.ozone.om.KeyManagerImpl.getFileStatus(KeyManagerImpl.java:1210) ~[ozone-manager-1.3.0-SNAPSHOT.jar:?]
	at org.apache.hadoop.ozone.om.OzoneManager.getFileStatus(OzoneManager.java:3067) ~[ozone-manager-1.3.0-SNAPSHOT.jar:?]
	at org.apache.hadoop.ozone.protocolPB.OzoneManagerRequestHandler.getOzoneFileStatus(OzoneManagerRequestHandler.java:670) ~[ozone-manager-1.3.0-SNAPSHOT.jar:?]
	at org.apache.hadoop.ozone.protocolPB.OzoneManagerRequestHandler.handleReadRequest(OzoneManagerRequestHandler.java:201) ~[ozone-manager-1.3.0-SNAPSHOT.jar:?]
	at org.apache.hadoop.ozone.protocolPB.OzoneManagerProtocolServerSideTranslatorPB.submitReadRequestToOM(OzoneManagerProtocolServerSideTranslatorPB.java:213) ~[ozone-manager-1.3.0-SNAPSHOT.jar:?]
	at org.apache.hadoop.ozone.protocolPB.OzoneManagerProtocolServerSideTranslatorPB.processRequest(OzoneManagerProtocolServerSideTranslatorPB.java:174) ~[ozone-manager-1.3.0-SNAPSHOT.jar:?]
	at org.apache.hadoop.hdds.server.OzoneProtocolMessageDispatcher.processRequest(OzoneProtocolMessageDispatcher.java:87) [hdds-server-framework-1.3.0-SNAPSHOT.jar:?]
	at org.apache.hadoop.ozone.protocolPB.OzoneManagerProtocolServerSideTranslatorPB.submitRequest(OzoneManagerProtocolServerSideTranslatorPB.java:146) [ozone-manager-1.3.0-SNAPSHOT.jar:?]
	at org.apache.hadoop.ozone.protocol.proto.OzoneManagerProtocolProtos$OzoneManagerService$2.callBlockingMethod(OzoneManagerProtocolProtos.java) [ozone-interface-client-1.3.0-SNAPSHOT.jar:?]
	at org.apache.hadoop.ipc.ProtobufRpcEngine$Server.processCall(ProtobufRpcEngine.java:466) [hadoop-common-3.3.1.jar:?]
	at org.apache.hadoop.ipc.ProtobufRpcEngine2$Server$ProtoBufRpcInvoker.call(ProtobufRpcEngine2.java:574) [hadoop-common-3.3.1.jar:?]
	at org.apache.hadoop.ipc.ProtobufRpcEngine2$Server$ProtoBufRpcInvoker.call(ProtobufRpcEngine2.java:552) [hadoop-common-3.3.1.jar:?]
	at org.apache.hadoop.ipc.RPC$Server.call(RPC.java:1093) [hadoop-common-3.3.1.jar:?]
	at org.apache.hadoop.ipc.Server$RpcCall.run(Server.java:1035) [hadoop-common-3.3.1.jar:?]
	at org.apache.hadoop.ipc.Server$RpcCall.run(Server.java:963) [hadoop-common-3.3.1.jar:?]
	at java.security.AccessController.doPrivileged(Native Method) ~[?:1.8.0_322]
	at javax.security.auth.Subject.doAs(Subject.java:422) [?:1.8.0_322]
	at org.apache.hadoop.security.UserGroupInformation.doAs(UserGroupInformation.java:1878) [hadoop-common-3.3.1.jar:?]
	at org.apache.hadoop.ipc.Server$Handler.run(Server.java:2966) [hadoop-common-3.3.1.jar:?]
03:12:34.316 [IPC Server handler 18 on default port 39393] ERROR OMAudit - user=runner | ip=127.0.0.1 | op=GET_FILE_STATUS {volume=volume48467, bucket=bucket81754, key=testBatchDelete/parent/child6, dataSize=0, replicationConfig=null} | ret=FAILURE
org.apache.hadoop.ozone.om.exceptions.OMException: Unable to get file status: volume: volume48467 bucket: bucket81754 key: testBatchDelete/parent/child6
	at org.apache.hadoop.ozone.om.KeyManagerImpl.getOzoneFileStatus(KeyManagerImpl.java:1280) ~[ozone-manager-1.3.0-SNAPSHOT.jar:?]
	at org.apache.hadoop.ozone.om.KeyManagerImpl.getFileStatus(KeyManagerImpl.java:1210) ~[ozone-manager-1.3.0-SNAPSHOT.jar:?]
	at org.apache.hadoop.ozone.om.OzoneManager.getFileStatus(OzoneManager.java:3067) ~[ozone-manager-1.3.0-SNAPSHOT.jar:?]
	at org.apache.hadoop.ozone.protocolPB.OzoneManagerRequestHandler.getOzoneFileStatus(OzoneManagerRequestHandler.java:670) ~[ozone-manager-1.3.0-SNAPSHOT.jar:?]
	at org.apache.hadoop.ozone.protocolPB.OzoneManagerRequestHandler.handleReadRequest(OzoneManagerRequestHandler.java:201) ~[ozone-manager-1.3.0-SNAPSHOT.jar:?]
	at org.apache.hadoop.ozone.protocolPB.OzoneManagerProtocolServerSideTranslatorPB.submitReadRequestToOM(OzoneManagerProtocolServerSideTranslatorPB.java:213) ~[ozone-manager-1.3.0-SNAPSHOT.jar:?]
	at org.apache.hadoop.ozone.protocolPB.OzoneManagerProtocolServerSideTranslatorPB.processRequest(OzoneManagerProtocolServerSideTranslatorPB.java:174) ~[ozone-manager-1.3.0-SNAPSHOT.jar:?]
	at org.apache.hadoop.hdds.server.OzoneProtocolMessageDispatcher.processRequest(OzoneProtocolMessageDispatcher.java:87) [hdds-server-framework-1.3.0-SNAPSHOT.jar:?]
	at org.apache.hadoop.ozone.protocolPB.OzoneManagerProtocolServerSideTranslatorPB.submitRequest(OzoneManagerProtocolServerSideTranslatorPB.java:146) [ozone-manager-1.3.0-SNAPSHOT.jar:?]
	at org.apache.hadoop.ozone.protocol.proto.OzoneManagerProtocolProtos$OzoneManagerService$2.callBlockingMethod(OzoneManagerProtocolProtos.java) [ozone-interface-client-1.3.0-SNAPSHOT.jar:?]
	at org.apache.hadoop.ipc.ProtobufRpcEngine$Server.processCall(ProtobufRpcEngine.java:466) [hadoop-common-3.3.1.jar:?]
	at org.apache.hadoop.ipc.ProtobufRpcEngine2$Server$ProtoBufRpcInvoker.call(ProtobufRpcEngine2.java:574) [hadoop-common-3.3.1.jar:?]
	at org.apache.hadoop.ipc.ProtobufRpcEngine2$Server$ProtoBufRpcInvoker.call(ProtobufRpcEngine2.java:552) [hadoop-common-3.3.1.jar:?]
	at org.apache.hadoop.ipc.RPC$Server.call(RPC.java:1093) [hadoop-common-3.3.1.jar:?]
	at org.apache.hadoop.ipc.Server$RpcCall.run(Server.java:1035) [hadoop-common-3.3.1.jar:?]
	at org.apache.hadoop.ipc.Server$RpcCall.run(Server.java:963) [hadoop-common-3.3.1.jar:?]
	at java.security.AccessController.doPrivileged(Native Method) ~[?:1.8.0_322]
	at javax.security.auth.Subject.doAs(Subject.java:422) [?:1.8.0_322]
	at org.apache.hadoop.security.UserGroupInformation.doAs(UserGroupInformation.java:1878) [hadoop-common-3.3.1.jar:?]
	at org.apache.hadoop.ipc.Server$Handler.run(Server.java:2966) [hadoop-common-3.3.1.jar:?]
03:12:34.318 [IPC Server handler 1 on default port 39393] ERROR OMAudit - user=runner | ip=127.0.0.1 | op=GET_FILE_STATUS {volume=volume48467, bucket=bucket81754, key=testBatchDelete/parent/childFolder/child6, dataSize=0, replicationConfig=null} | ret=FAILURE
org.apache.hadoop.ozone.om.exceptions.OMException: Unable to get file status: volume: volume48467 bucket: bucket81754 key: testBatchDelete/parent/childFolder/child6
	at org.apache.hadoop.ozone.om.KeyManagerImpl.getOzoneFileStatus(KeyManagerImpl.java:1280) ~[ozone-manager-1.3.0-SNAPSHOT.jar:?]
	at org.apache.hadoop.ozone.om.KeyManagerImpl.getFileStatus(KeyManagerImpl.java:1210) ~[ozone-manager-1.3.0-SNAPSHOT.jar:?]
	at org.apache.hadoop.ozone.om.OzoneManager.getFileStatus(OzoneManager.java:3067) ~[ozone-manager-1.3.0-SNAPSHOT.jar:?]
	at org.apache.hadoop.ozone.protocolPB.OzoneManagerRequestHandler.getOzoneFileStatus(OzoneManagerRequestHandler.java:670) ~[ozone-manager-1.3.0-SNAPSHOT.jar:?]
	at org.apache.hadoop.ozone.protocolPB.OzoneManagerRequestHandler.handleReadRequest(OzoneManagerRequestHandler.java:201) ~[ozone-manager-1.3.0-SNAPSHOT.jar:?]
	at org.apache.hadoop.ozone.protocolPB.OzoneManagerProtocolServerSideTranslatorPB.submitReadRequestToOM(OzoneManagerProtocolServerSideTranslatorPB.java:213) ~[ozone-manager-1.3.0-SNAPSHOT.jar:?]
	at org.apache.hadoop.ozone.protocolPB.OzoneManagerProtocolServerSideTranslatorPB.processRequest(OzoneManagerProtocolServerSideTranslatorPB.java:174) ~[ozone-manager-1.3.0-SNAPSHOT.jar:?]
	at org.apache.hadoop.hdds.server.OzoneProtocolMessageDispatcher.processRequest(OzoneProtocolMessageDispatcher.java:87) [hdds-server-framework-1.3.0-SNAPSHOT.jar:?]
	at org.apache.hadoop.ozone.protocolPB.OzoneManagerProtocolServerSideTranslatorPB.submitRequest(OzoneManagerProtocolServerSideTranslatorPB.java:146) [ozone-manager-1.3.0-SNAPSHOT.jar:?]
	at org.apache.hadoop.ozone.protocol.proto.OzoneManagerProtocolProtos$OzoneManagerService$2.callBlockingMethod(OzoneManagerProtocolProtos.java) [ozone-interface-client-1.3.0-SNAPSHOT.jar:?]
	at org.apache.hadoop.ipc.ProtobufRpcEngine$Server.processCall(ProtobufRpcEngine.java:466) [hadoop-common-3.3.1.jar:?]
	at org.apache.hadoop.ipc.ProtobufRpcEngine2$Server$ProtoBufRpcInvoker.call(ProtobufRpcEngine2.java:574) [hadoop-common-3.3.1.jar:?]
	at org.apache.hadoop.ipc.ProtobufRpcEngine2$Server$ProtoBufRpcInvoker.call(ProtobufRpcEngine2.java:552) [hadoop-common-3.3.1.jar:?]
	at org.apache.hadoop.ipc.RPC$Server.call(RPC.java:1093) [hadoop-common-3.3.1.jar:?]
	at org.apache.hadoop.ipc.Server$RpcCall.run(Server.java:1035) [hadoop-common-3.3.1.jar:?]
	at org.apache.hadoop.ipc.Server$RpcCall.run(Server.java:963) [hadoop-common-3.3.1.jar:?]
	at java.security.AccessController.doPrivileged(Native Method) ~[?:1.8.0_322]
	at javax.security.auth.Subject.doAs(Subject.java:422) [?:1.8.0_322]
	at org.apache.hadoop.security.UserGroupInformation.doAs(UserGroupInformation.java:1878) [hadoop-common-3.3.1.jar:?]
	at org.apache.hadoop.ipc.Server$Handler.run(Server.java:2966) [hadoop-common-3.3.1.jar:?]
03:12:34.320 [IPC Server handler 2 on default port 39393] ERROR OMAudit - user=runner | ip=127.0.0.1 | op=GET_FILE_STATUS {volume=volume48467, bucket=bucket81754, key=testBatchDelete/parent/child7, dataSize=0, replicationConfig=null} | ret=FAILURE
org.apache.hadoop.ozone.om.exceptions.OMException: Unable to get file status: volume: volume48467 bucket: bucket81754 key: testBatchDelete/parent/child7
	at org.apache.hadoop.ozone.om.KeyManagerImpl.getOzoneFileStatus(KeyManagerImpl.java:1280) ~[ozone-manager-1.3.0-SNAPSHOT.jar:?]
	at org.apache.hadoop.ozone.om.KeyManagerImpl.getFileStatus(KeyManagerImpl.java:1210) ~[ozone-manager-1.3.0-SNAPSHOT.jar:?]
	at org.apache.hadoop.ozone.om.OzoneManager.getFileStatus(OzoneManager.java:3067) ~[ozone-manager-1.3.0-SNAPSHOT.jar:?]
	at org.apache.hadoop.ozone.protocolPB.OzoneManagerRequestHandler.getOzoneFileStatus(OzoneManagerRequestHandler.java:670) ~[ozone-manager-1.3.0-SNAPSHOT.jar:?]
	at org.apache.hadoop.ozone.protocolPB.OzoneManagerRequestHandler.handleReadRequest(OzoneManagerRequestHandler.java:201) ~[ozone-manager-1.3.0-SNAPSHOT.jar:?]
	at org.apache.hadoop.ozone.protocolPB.OzoneManagerProtocolServerSideTranslatorPB.submitReadRequestToOM(OzoneManagerProtocolServerSideTranslatorPB.java:213) ~[ozone-manager-1.3.0-SNAPSHOT.jar:?]
	at org.apache.hadoop.ozone.protocolPB.OzoneManagerProtocolServerSideTranslatorPB.processRequest(OzoneManagerProtocolServerSideTranslatorPB.java:174) ~[ozone-manager-1.3.0-SNAPSHOT.jar:?]
	at org.apache.hadoop.hdds.server.OzoneProtocolMessageDispatcher.processRequest(OzoneProtocolMessageDispatcher.java:87) [hdds-server-framework-1.3.0-SNAPSHOT.jar:?]
	at org.apache.hadoop.ozone.protocolPB.OzoneManagerProtocolServerSideTranslatorPB.submitRequest(OzoneManagerProtocolServerSideTranslatorPB.java:146) [ozone-manager-1.3.0-SNAPSHOT.jar:?]
	at org.apache.hadoop.ozone.protocol.proto.OzoneManagerProtocolProtos$OzoneManagerService$2.callBlockingMethod(OzoneManagerProtocolProtos.java) [ozone-interface-client-1.3.0-SNAPSHOT.jar:?]
	at org.apache.hadoop.ipc.ProtobufRpcEngine$Server.processCall(ProtobufRpcEngine.java:466) [hadoop-common-3.3.1.jar:?]
	at org.apache.hadoop.ipc.ProtobufRpcEngine2$Server$ProtoBufRpcInvoker.call(ProtobufRpcEngine2.java:574) [hadoop-common-3.3.1.jar:?]
	at org.apache.hadoop.ipc.ProtobufRpcEngine2$Server$ProtoBufRpcInvoker.call(ProtobufRpcEngine2.java:552) [hadoop-common-3.3.1.jar:?]
	at org.apache.hadoop.ipc.RPC$Server.call(RPC.java:1093) [hadoop-common-3.3.1.jar:?]
	at org.apache.hadoop.ipc.Server$RpcCall.run(Server.java:1035) [hadoop-common-3.3.1.jar:?]
	at org.apache.hadoop.ipc.Server$RpcCall.run(Server.java:963) [hadoop-common-3.3.1.jar:?]
	at java.security.AccessController.doPrivileged(Native Method) ~[?:1.8.0_322]
	at javax.security.auth.Subject.doAs(Subject.java:422) [?:1.8.0_322]
	at org.apache.hadoop.security.UserGroupInformation.doAs(UserGroupInformation.java:1878) [hadoop-common-3.3.1.jar:?]
	at org.apache.hadoop.ipc.Server$Handler.run(Server.java:2966) [hadoop-common-3.3.1.jar:?]
03:12:34.323 [IPC Server handler 3 on default port 39393] ERROR OMAudit - user=runner | ip=127.0.0.1 | op=GET_FILE_STATUS {volume=volume48467, bucket=bucket81754, key=testBatchDelete/parent/childFolder/child7, dataSize=0, replicationConfig=null} | ret=FAILURE
org.apache.hadoop.ozone.om.exceptions.OMException: Unable to get file status: volume: volume48467 bucket: bucket81754 key: testBatchDelete/parent/childFolder/child7
	at org.apache.hadoop.ozone.om.KeyManagerImpl.getOzoneFileStatus(KeyManagerImpl.java:1280) ~[ozone-manager-1.3.0-SNAPSHOT.jar:?]
	at org.apache.hadoop.ozone.om.KeyManagerImpl.getFileStatus(KeyManagerImpl.java:1210) ~[ozone-manager-1.3.0-SNAPSHOT.jar:?]
	at org.apache.hadoop.ozone.om.OzoneManager.getFileStatus(OzoneManager.java:3067) ~[ozone-manager-1.3.0-SNAPSHOT.jar:?]
	at org.apache.hadoop.ozone.protocolPB.OzoneManagerRequestHandler.getOzoneFileStatus(OzoneManagerRequestHandler.java:670) ~[ozone-manager-1.3.0-SNAPSHOT.jar:?]
	at org.apache.hadoop.ozone.protocolPB.OzoneManagerRequestHandler.handleReadRequest(OzoneManagerRequestHandler.java:201) ~[ozone-manager-1.3.0-SNAPSHOT.jar:?]
	at org.apache.hadoop.ozone.protocolPB.OzoneManagerProtocolServerSideTranslatorPB.submitReadRequestToOM(OzoneManagerProtocolServerSideTranslatorPB.java:213) ~[ozone-manager-1.3.0-SNAPSHOT.jar:?]
	at org.apache.hadoop.ozone.protocolPB.OzoneManagerProtocolServerSideTranslatorPB.processRequest(OzoneManagerProtocolServerSideTranslatorPB.java:174) ~[ozone-manager-1.3.0-SNAPSHOT.jar:?]
	at org.apache.hadoop.hdds.server.OzoneProtocolMessageDispatcher.processRequest(OzoneProtocolMessageDispatcher.java:87) [hdds-server-framework-1.3.0-SNAPSHOT.jar:?]
	at org.apache.hadoop.ozone.protocolPB.OzoneManagerProtocolServerSideTranslatorPB.submitRequest(OzoneManagerProtocolServerSideTranslatorPB.java:146) [ozone-manager-1.3.0-SNAPSHOT.jar:?]
	at org.apache.hadoop.ozone.protocol.proto.OzoneManagerProtocolProtos$OzoneManagerService$2.callBlockingMethod(OzoneManagerProtocolProtos.java) [ozone-interface-client-1.3.0-SNAPSHOT.jar:?]
	at org.apache.hadoop.ipc.ProtobufRpcEngine$Server.processCall(ProtobufRpcEngine.java:466) [hadoop-common-3.3.1.jar:?]
	at org.apache.hadoop.ipc.ProtobufRpcEngine2$Server$ProtoBufRpcInvoker.call(ProtobufRpcEngine2.java:574) [hadoop-common-3.3.1.jar:?]
	at org.apache.hadoop.ipc.ProtobufRpcEngine2$Server$ProtoBufRpcInvoker.call(ProtobufRpcEngine2.java:552) [hadoop-common-3.3.1.jar:?]
	at org.apache.hadoop.ipc.RPC$Server.call(RPC.java:1093) [hadoop-common-3.3.1.jar:?]
	at org.apache.hadoop.ipc.Server$RpcCall.run(Server.java:1035) [hadoop-common-3.3.1.jar:?]
	at org.apache.hadoop.ipc.Server$RpcCall.run(Server.java:963) [hadoop-common-3.3.1.jar:?]
	at java.security.AccessController.doPrivileged(Native Method) ~[?:1.8.0_322]
	at javax.security.auth.Subject.doAs(Subject.java:422) [?:1.8.0_322]
	at org.apache.hadoop.security.UserGroupInformation.doAs(UserGroupInformation.java:1878) [hadoop-common-3.3.1.jar:?]
	at org.apache.hadoop.ipc.Server$Handler.run(Server.java:2966) [hadoop-common-3.3.1.jar:?]
03:12:34.325 [IPC Server handler 6 on default port 39393] ERROR OMAudit - user=runner | ip=127.0.0.1 | op=GET_FILE_STATUS {volume=volume48467, bucket=bucket81754, key=testBatchDelete/parent, dataSize=0, replicationConfig=null} | ret=FAILURE
org.apache.hadoop.ozone.om.exceptions.OMException: Unable to get file status: volume: volume48467 bucket: bucket81754 key: testBatchDelete/parent
	at org.apache.hadoop.ozone.om.KeyManagerImpl.getOzoneFileStatus(KeyManagerImpl.java:1280) ~[ozone-manager-1.3.0-SNAPSHOT.jar:?]
	at org.apache.hadoop.ozone.om.KeyManagerImpl.getFileStatus(KeyManagerImpl.java:1210) ~[ozone-manager-1.3.0-SNAPSHOT.jar:?]
	at org.apache.hadoop.ozone.om.OzoneManager.getFileStatus(OzoneManager.java:3067) ~[ozone-manager-1.3.0-SNAPSHOT.jar:?]
	at org.apache.hadoop.ozone.protocolPB.OzoneManagerRequestHandler.getOzoneFileStatus(OzoneManagerRequestHandler.java:670) ~[ozone-manager-1.3.0-SNAPSHOT.jar:?]
	at org.apache.hadoop.ozone.protocolPB.OzoneManagerRequestHandler.handleReadRequest(OzoneManagerRequestHandler.java:201) ~[ozone-manager-1.3.0-SNAPSHOT.jar:?]
	at org.apache.hadoop.ozone.protocolPB.OzoneManagerProtocolServerSideTranslatorPB.submitReadRequestToOM(OzoneManagerProtocolServerSideTranslatorPB.java:213) ~[ozone-manager-1.3.0-SNAPSHOT.jar:?]
	at org.apache.hadoop.ozone.protocolPB.OzoneManagerProtocolServerSideTranslatorPB.processRequest(OzoneManagerProtocolServerSideTranslatorPB.java:174) ~[ozone-manager-1.3.0-SNAPSHOT.jar:?]
	at org.apache.hadoop.hdds.server.OzoneProtocolMessageDispatcher.processRequest(OzoneProtocolMessageDispatcher.java:87) [hdds-server-framework-1.3.0-SNAPSHOT.jar:?]
	at org.apache.hadoop.ozone.protocolPB.OzoneManagerProtocolServerSideTranslatorPB.submitRequest(OzoneManagerProtocolServerSideTranslatorPB.java:146) [ozone-manager-1.3.0-SNAPSHOT.jar:?]
	at org.apache.hadoop.ozone.protocol.proto.OzoneManagerProtocolProtos$OzoneManagerService$2.callBlockingMethod(OzoneManagerProtocolProtos.java) [ozone-interface-client-1.3.0-SNAPSHOT.jar:?]
	at org.apache.hadoop.ipc.ProtobufRpcEngine$Server.processCall(ProtobufRpcEngine.java:466) [hadoop-common-3.3.1.jar:?]
	at org.apache.hadoop.ipc.ProtobufRpcEngine2$Server$ProtoBufRpcInvoker.call(ProtobufRpcEngine2.java:574) [hadoop-common-3.3.1.jar:?]
	at org.apache.hadoop.ipc.ProtobufRpcEngine2$Server$ProtoBufRpcInvoker.call(ProtobufRpcEngine2.java:552) [hadoop-common-3.3.1.jar:?]
	at org.apache.hadoop.ipc.RPC$Server.call(RPC.java:1093) [hadoop-common-3.3.1.jar:?]
	at org.apache.hadoop.ipc.Server$RpcCall.run(Server.java:1035) [hadoop-common-3.3.1.jar:?]
	at org.apache.hadoop.ipc.Server$RpcCall.run(Server.java:963) [hadoop-common-3.3.1.jar:?]
	at java.security.AccessController.doPrivileged(Native Method) ~[?:1.8.0_322]
	at javax.security.auth.Subject.doAs(Subject.java:422) [?:1.8.0_322]
	at org.apache.hadoop.security.UserGroupInformation.doAs(UserGroupInformation.java:1878) [hadoop-common-3.3.1.jar:?]
	at org.apache.hadoop.ipc.Server$Handler.run(Server.java:2966) [hadoop-common-3.3.1.jar:?]
2022-05-04 03:12:34,326 [Time-limited test] WARN  ozone.BasicRootedOzoneFileSystem (BasicRootedOzoneFileSystem.java:delete(572)) - delete: Path does not exist: /volume48467/bucket81754/testBatchDelete/parent
]]></system-out>
  </testcase>
  <testcase name="testFileDelete" classname="TestRootedOzoneFileSystem" time="0.254">
    <system-out><![CDATA[2022-05-04 03:13:55,934 [Time-limited test] INFO  rpc.RpcClient (RpcClient.java:createVolume(448)) - Creating Volume: volume70653, with user65074 as owner and space quota set to -1 bytes, counts quota set to -1
2022-05-04 03:13:55,942 [OM StateMachine ApplyTransaction Thread - 0] INFO  volume.OMVolumeCreateRequest (OMVolumeCreateRequest.java:validateAndUpdateCache(195)) - created volume:volume70653 for user:user65074
2022-05-04 03:13:55,946 [Time-limited test] INFO  rpc.RpcClient (RpcClient.java:createBucket(637)) - Creating Bucket: volume70653/bucket24060, with runner as owner and Versioning false and Storage Type set to DISK and Encryption set to false 
2022-05-04 03:13:55,947 [OM StateMachine ApplyTransaction Thread - 0] INFO  bucket.OMBucketCreateRequest (OMBucketCreateRequest.java:validateAndUpdateCache(258)) - created bucket: bucket24060 of layout LEGACY in volume: volume70653
03:13:56.082 [IPC Server handler 18 on default port 46813] ERROR OMAudit - user=runner | ip=127.0.0.1 | op=GET_FILE_STATUS {volume=volume70653, bucket=bucket24060, key=testBatchDelete, dataSize=0, replicationConfig=null} | ret=FAILURE
org.apache.hadoop.ozone.om.exceptions.OMException: Unable to get file status: volume: volume70653 bucket: bucket24060 key: testBatchDelete
	at org.apache.hadoop.ozone.om.KeyManagerImpl.getOzoneFileStatus(KeyManagerImpl.java:1280) ~[ozone-manager-1.3.0-SNAPSHOT.jar:?]
	at org.apache.hadoop.ozone.om.KeyManagerImpl.getFileStatus(KeyManagerImpl.java:1210) ~[ozone-manager-1.3.0-SNAPSHOT.jar:?]
	at org.apache.hadoop.ozone.om.OzoneManager.getFileStatus(OzoneManager.java:3067) ~[ozone-manager-1.3.0-SNAPSHOT.jar:?]
	at org.apache.hadoop.ozone.protocolPB.OzoneManagerRequestHandler.getOzoneFileStatus(OzoneManagerRequestHandler.java:670) ~[ozone-manager-1.3.0-SNAPSHOT.jar:?]
	at org.apache.hadoop.ozone.protocolPB.OzoneManagerRequestHandler.handleReadRequest(OzoneManagerRequestHandler.java:201) ~[ozone-manager-1.3.0-SNAPSHOT.jar:?]
	at org.apache.hadoop.ozone.protocolPB.OzoneManagerProtocolServerSideTranslatorPB.submitReadRequestToOM(OzoneManagerProtocolServerSideTranslatorPB.java:213) ~[ozone-manager-1.3.0-SNAPSHOT.jar:?]
	at org.apache.hadoop.ozone.protocolPB.OzoneManagerProtocolServerSideTranslatorPB.processRequest(OzoneManagerProtocolServerSideTranslatorPB.java:174) ~[ozone-manager-1.3.0-SNAPSHOT.jar:?]
	at org.apache.hadoop.hdds.server.OzoneProtocolMessageDispatcher.processRequest(OzoneProtocolMessageDispatcher.java:87) [hdds-server-framework-1.3.0-SNAPSHOT.jar:?]
	at org.apache.hadoop.ozone.protocolPB.OzoneManagerProtocolServerSideTranslatorPB.submitRequest(OzoneManagerProtocolServerSideTranslatorPB.java:146) [ozone-manager-1.3.0-SNAPSHOT.jar:?]
	at org.apache.hadoop.ozone.protocol.proto.OzoneManagerProtocolProtos$OzoneManagerService$2.callBlockingMethod(OzoneManagerProtocolProtos.java) [ozone-interface-client-1.3.0-SNAPSHOT.jar:?]
	at org.apache.hadoop.ipc.ProtobufRpcEngine$Server.processCall(ProtobufRpcEngine.java:466) [hadoop-common-3.3.1.jar:?]
	at org.apache.hadoop.ipc.ProtobufRpcEngine2$Server$ProtoBufRpcInvoker.call(ProtobufRpcEngine2.java:574) [hadoop-common-3.3.1.jar:?]
	at org.apache.hadoop.ipc.ProtobufRpcEngine2$Server$ProtoBufRpcInvoker.call(ProtobufRpcEngine2.java:552) [hadoop-common-3.3.1.jar:?]
	at org.apache.hadoop.ipc.RPC$Server.call(RPC.java:1093) [hadoop-common-3.3.1.jar:?]
	at org.apache.hadoop.ipc.Server$RpcCall.run(Server.java:1035) [hadoop-common-3.3.1.jar:?]
	at org.apache.hadoop.ipc.Server$RpcCall.run(Server.java:963) [hadoop-common-3.3.1.jar:?]
	at java.security.AccessController.doPrivileged(Native Method) ~[?:1.8.0_322]
	at javax.security.auth.Subject.doAs(Subject.java:422) [?:1.8.0_322]
	at org.apache.hadoop.security.UserGroupInformation.doAs(UserGroupInformation.java:1878) [hadoop-common-3.3.1.jar:?]
	at org.apache.hadoop.ipc.Server$Handler.run(Server.java:2966) [hadoop-common-3.3.1.jar:?]
03:13:56.083 [IPC Server handler 13 on default port 46813] ERROR OMAudit - user=runner | ip=127.0.0.1 | op=GET_FILE_STATUS {volume=volume70653, bucket=bucket24060, key=testBatchDelete/parent/child0, dataSize=0, replicationConfig=null} | ret=FAILURE
org.apache.hadoop.ozone.om.exceptions.OMException: Unable to get file status: volume: volume70653 bucket: bucket24060 key: testBatchDelete/parent/child0
	at org.apache.hadoop.ozone.om.KeyManagerImpl.getOzoneFileStatus(KeyManagerImpl.java:1280) ~[ozone-manager-1.3.0-SNAPSHOT.jar:?]
	at org.apache.hadoop.ozone.om.KeyManagerImpl.getFileStatus(KeyManagerImpl.java:1210) ~[ozone-manager-1.3.0-SNAPSHOT.jar:?]
	at org.apache.hadoop.ozone.om.OzoneManager.getFileStatus(OzoneManager.java:3067) ~[ozone-manager-1.3.0-SNAPSHOT.jar:?]
	at org.apache.hadoop.ozone.protocolPB.OzoneManagerRequestHandler.getOzoneFileStatus(OzoneManagerRequestHandler.java:670) ~[ozone-manager-1.3.0-SNAPSHOT.jar:?]
	at org.apache.hadoop.ozone.protocolPB.OzoneManagerRequestHandler.handleReadRequest(OzoneManagerRequestHandler.java:201) ~[ozone-manager-1.3.0-SNAPSHOT.jar:?]
	at org.apache.hadoop.ozone.protocolPB.OzoneManagerProtocolServerSideTranslatorPB.submitReadRequestToOM(OzoneManagerProtocolServerSideTranslatorPB.java:213) ~[ozone-manager-1.3.0-SNAPSHOT.jar:?]
	at org.apache.hadoop.ozone.protocolPB.OzoneManagerProtocolServerSideTranslatorPB.processRequest(OzoneManagerProtocolServerSideTranslatorPB.java:174) ~[ozone-manager-1.3.0-SNAPSHOT.jar:?]
	at org.apache.hadoop.hdds.server.OzoneProtocolMessageDispatcher.processRequest(OzoneProtocolMessageDispatcher.java:87) [hdds-server-framework-1.3.0-SNAPSHOT.jar:?]
	at org.apache.hadoop.ozone.protocolPB.OzoneManagerProtocolServerSideTranslatorPB.submitRequest(OzoneManagerProtocolServerSideTranslatorPB.java:146) [ozone-manager-1.3.0-SNAPSHOT.jar:?]
	at org.apache.hadoop.ozone.protocol.proto.OzoneManagerProtocolProtos$OzoneManagerService$2.callBlockingMethod(OzoneManagerProtocolProtos.java) [ozone-interface-client-1.3.0-SNAPSHOT.jar:?]
	at org.apache.hadoop.ipc.ProtobufRpcEngine$Server.processCall(ProtobufRpcEngine.java:466) [hadoop-common-3.3.1.jar:?]
	at org.apache.hadoop.ipc.ProtobufRpcEngine2$Server$ProtoBufRpcInvoker.call(ProtobufRpcEngine2.java:574) [hadoop-common-3.3.1.jar:?]
	at org.apache.hadoop.ipc.ProtobufRpcEngine2$Server$ProtoBufRpcInvoker.call(ProtobufRpcEngine2.java:552) [hadoop-common-3.3.1.jar:?]
	at org.apache.hadoop.ipc.RPC$Server.call(RPC.java:1093) [hadoop-common-3.3.1.jar:?]
	at org.apache.hadoop.ipc.Server$RpcCall.run(Server.java:1035) [hadoop-common-3.3.1.jar:?]
	at org.apache.hadoop.ipc.Server$RpcCall.run(Server.java:963) [hadoop-common-3.3.1.jar:?]
	at java.security.AccessController.doPrivileged(Native Method) ~[?:1.8.0_322]
	at javax.security.auth.Subject.doAs(Subject.java:422) [?:1.8.0_322]
	at org.apache.hadoop.security.UserGroupInformation.doAs(UserGroupInformation.java:1878) [hadoop-common-3.3.1.jar:?]
	at org.apache.hadoop.ipc.Server$Handler.run(Server.java:2966) [hadoop-common-3.3.1.jar:?]
03:13:56.084 [IPC Server handler 19 on default port 46813] ERROR OMAudit - user=runner | ip=127.0.0.1 | op=GET_FILE_STATUS {volume=volume70653, bucket=bucket24060, key=testBatchDelete/parent/childFolder/child0, dataSize=0, replicationConfig=null} | ret=FAILURE
org.apache.hadoop.ozone.om.exceptions.OMException: Unable to get file status: volume: volume70653 bucket: bucket24060 key: testBatchDelete/parent/childFolder/child0
	at org.apache.hadoop.ozone.om.KeyManagerImpl.getOzoneFileStatus(KeyManagerImpl.java:1280) ~[ozone-manager-1.3.0-SNAPSHOT.jar:?]
	at org.apache.hadoop.ozone.om.KeyManagerImpl.getFileStatus(KeyManagerImpl.java:1210) ~[ozone-manager-1.3.0-SNAPSHOT.jar:?]
	at org.apache.hadoop.ozone.om.OzoneManager.getFileStatus(OzoneManager.java:3067) ~[ozone-manager-1.3.0-SNAPSHOT.jar:?]
	at org.apache.hadoop.ozone.protocolPB.OzoneManagerRequestHandler.getOzoneFileStatus(OzoneManagerRequestHandler.java:670) ~[ozone-manager-1.3.0-SNAPSHOT.jar:?]
	at org.apache.hadoop.ozone.protocolPB.OzoneManagerRequestHandler.handleReadRequest(OzoneManagerRequestHandler.java:201) ~[ozone-manager-1.3.0-SNAPSHOT.jar:?]
	at org.apache.hadoop.ozone.protocolPB.OzoneManagerProtocolServerSideTranslatorPB.submitReadRequestToOM(OzoneManagerProtocolServerSideTranslatorPB.java:213) ~[ozone-manager-1.3.0-SNAPSHOT.jar:?]
	at org.apache.hadoop.ozone.protocolPB.OzoneManagerProtocolServerSideTranslatorPB.processRequest(OzoneManagerProtocolServerSideTranslatorPB.java:174) ~[ozone-manager-1.3.0-SNAPSHOT.jar:?]
	at org.apache.hadoop.hdds.server.OzoneProtocolMessageDispatcher.processRequest(OzoneProtocolMessageDispatcher.java:87) [hdds-server-framework-1.3.0-SNAPSHOT.jar:?]
	at org.apache.hadoop.ozone.protocolPB.OzoneManagerProtocolServerSideTranslatorPB.submitRequest(OzoneManagerProtocolServerSideTranslatorPB.java:146) [ozone-manager-1.3.0-SNAPSHOT.jar:?]
	at org.apache.hadoop.ozone.protocol.proto.OzoneManagerProtocolProtos$OzoneManagerService$2.callBlockingMethod(OzoneManagerProtocolProtos.java) [ozone-interface-client-1.3.0-SNAPSHOT.jar:?]
	at org.apache.hadoop.ipc.ProtobufRpcEngine$Server.processCall(ProtobufRpcEngine.java:466) [hadoop-common-3.3.1.jar:?]
	at org.apache.hadoop.ipc.ProtobufRpcEngine2$Server$ProtoBufRpcInvoker.call(ProtobufRpcEngine2.java:574) [hadoop-common-3.3.1.jar:?]
	at org.apache.hadoop.ipc.ProtobufRpcEngine2$Server$ProtoBufRpcInvoker.call(ProtobufRpcEngine2.java:552) [hadoop-common-3.3.1.jar:?]
	at org.apache.hadoop.ipc.RPC$Server.call(RPC.java:1093) [hadoop-common-3.3.1.jar:?]
	at org.apache.hadoop.ipc.Server$RpcCall.run(Server.java:1035) [hadoop-common-3.3.1.jar:?]
	at org.apache.hadoop.ipc.Server$RpcCall.run(Server.java:963) [hadoop-common-3.3.1.jar:?]
	at java.security.AccessController.doPrivileged(Native Method) ~[?:1.8.0_322]
	at javax.security.auth.Subject.doAs(Subject.java:422) [?:1.8.0_322]
	at org.apache.hadoop.security.UserGroupInformation.doAs(UserGroupInformation.java:1878) [hadoop-common-3.3.1.jar:?]
	at org.apache.hadoop.ipc.Server$Handler.run(Server.java:2966) [hadoop-common-3.3.1.jar:?]
03:13:56.085 [IPC Server handler 0 on default port 46813] ERROR OMAudit - user=runner | ip=127.0.0.1 | op=GET_FILE_STATUS {volume=volume70653, bucket=bucket24060, key=testBatchDelete/parent/child1, dataSize=0, replicationConfig=null} | ret=FAILURE
org.apache.hadoop.ozone.om.exceptions.OMException: Unable to get file status: volume: volume70653 bucket: bucket24060 key: testBatchDelete/parent/child1
	at org.apache.hadoop.ozone.om.KeyManagerImpl.getOzoneFileStatus(KeyManagerImpl.java:1280) ~[ozone-manager-1.3.0-SNAPSHOT.jar:?]
	at org.apache.hadoop.ozone.om.KeyManagerImpl.getFileStatus(KeyManagerImpl.java:1210) ~[ozone-manager-1.3.0-SNAPSHOT.jar:?]
	at org.apache.hadoop.ozone.om.OzoneManager.getFileStatus(OzoneManager.java:3067) ~[ozone-manager-1.3.0-SNAPSHOT.jar:?]
	at org.apache.hadoop.ozone.protocolPB.OzoneManagerRequestHandler.getOzoneFileStatus(OzoneManagerRequestHandler.java:670) ~[ozone-manager-1.3.0-SNAPSHOT.jar:?]
	at org.apache.hadoop.ozone.protocolPB.OzoneManagerRequestHandler.handleReadRequest(OzoneManagerRequestHandler.java:201) ~[ozone-manager-1.3.0-SNAPSHOT.jar:?]
	at org.apache.hadoop.ozone.protocolPB.OzoneManagerProtocolServerSideTranslatorPB.submitReadRequestToOM(OzoneManagerProtocolServerSideTranslatorPB.java:213) ~[ozone-manager-1.3.0-SNAPSHOT.jar:?]
	at org.apache.hadoop.ozone.protocolPB.OzoneManagerProtocolServerSideTranslatorPB.processRequest(OzoneManagerProtocolServerSideTranslatorPB.java:174) ~[ozone-manager-1.3.0-SNAPSHOT.jar:?]
	at org.apache.hadoop.hdds.server.OzoneProtocolMessageDispatcher.processRequest(OzoneProtocolMessageDispatcher.java:87) [hdds-server-framework-1.3.0-SNAPSHOT.jar:?]
	at org.apache.hadoop.ozone.protocolPB.OzoneManagerProtocolServerSideTranslatorPB.submitRequest(OzoneManagerProtocolServerSideTranslatorPB.java:146) [ozone-manager-1.3.0-SNAPSHOT.jar:?]
	at org.apache.hadoop.ozone.protocol.proto.OzoneManagerProtocolProtos$OzoneManagerService$2.callBlockingMethod(OzoneManagerProtocolProtos.java) [ozone-interface-client-1.3.0-SNAPSHOT.jar:?]
	at org.apache.hadoop.ipc.ProtobufRpcEngine$Server.processCall(ProtobufRpcEngine.java:466) [hadoop-common-3.3.1.jar:?]
	at org.apache.hadoop.ipc.ProtobufRpcEngine2$Server$ProtoBufRpcInvoker.call(ProtobufRpcEngine2.java:574) [hadoop-common-3.3.1.jar:?]
	at org.apache.hadoop.ipc.ProtobufRpcEngine2$Server$ProtoBufRpcInvoker.call(ProtobufRpcEngine2.java:552) [hadoop-common-3.3.1.jar:?]
	at org.apache.hadoop.ipc.RPC$Server.call(RPC.java:1093) [hadoop-common-3.3.1.jar:?]
	at org.apache.hadoop.ipc.Server$RpcCall.run(Server.java:1035) [hadoop-common-3.3.1.jar:?]
	at org.apache.hadoop.ipc.Server$RpcCall.run(Server.java:963) [hadoop-common-3.3.1.jar:?]
	at java.security.AccessController.doPrivileged(Native Method) ~[?:1.8.0_322]
	at javax.security.auth.Subject.doAs(Subject.java:422) [?:1.8.0_322]
	at org.apache.hadoop.security.UserGroupInformation.doAs(UserGroupInformation.java:1878) [hadoop-common-3.3.1.jar:?]
	at org.apache.hadoop.ipc.Server$Handler.run(Server.java:2966) [hadoop-common-3.3.1.jar:?]
03:13:56.087 [IPC Server handler 4 on default port 46813] ERROR OMAudit - user=runner | ip=127.0.0.1 | op=GET_FILE_STATUS {volume=volume70653, bucket=bucket24060, key=testBatchDelete/parent/childFolder/child1, dataSize=0, replicationConfig=null} | ret=FAILURE
org.apache.hadoop.ozone.om.exceptions.OMException: Unable to get file status: volume: volume70653 bucket: bucket24060 key: testBatchDelete/parent/childFolder/child1
	at org.apache.hadoop.ozone.om.KeyManagerImpl.getOzoneFileStatus(KeyManagerImpl.java:1280) ~[ozone-manager-1.3.0-SNAPSHOT.jar:?]
	at org.apache.hadoop.ozone.om.KeyManagerImpl.getFileStatus(KeyManagerImpl.java:1210) ~[ozone-manager-1.3.0-SNAPSHOT.jar:?]
	at org.apache.hadoop.ozone.om.OzoneManager.getFileStatus(OzoneManager.java:3067) ~[ozone-manager-1.3.0-SNAPSHOT.jar:?]
	at org.apache.hadoop.ozone.protocolPB.OzoneManagerRequestHandler.getOzoneFileStatus(OzoneManagerRequestHandler.java:670) ~[ozone-manager-1.3.0-SNAPSHOT.jar:?]
	at org.apache.hadoop.ozone.protocolPB.OzoneManagerRequestHandler.handleReadRequest(OzoneManagerRequestHandler.java:201) ~[ozone-manager-1.3.0-SNAPSHOT.jar:?]
	at org.apache.hadoop.ozone.protocolPB.OzoneManagerProtocolServerSideTranslatorPB.submitReadRequestToOM(OzoneManagerProtocolServerSideTranslatorPB.java:213) ~[ozone-manager-1.3.0-SNAPSHOT.jar:?]
	at org.apache.hadoop.ozone.protocolPB.OzoneManagerProtocolServerSideTranslatorPB.processRequest(OzoneManagerProtocolServerSideTranslatorPB.java:174) ~[ozone-manager-1.3.0-SNAPSHOT.jar:?]
	at org.apache.hadoop.hdds.server.OzoneProtocolMessageDispatcher.processRequest(OzoneProtocolMessageDispatcher.java:87) [hdds-server-framework-1.3.0-SNAPSHOT.jar:?]
	at org.apache.hadoop.ozone.protocolPB.OzoneManagerProtocolServerSideTranslatorPB.submitRequest(OzoneManagerProtocolServerSideTranslatorPB.java:146) [ozone-manager-1.3.0-SNAPSHOT.jar:?]
	at org.apache.hadoop.ozone.protocol.proto.OzoneManagerProtocolProtos$OzoneManagerService$2.callBlockingMethod(OzoneManagerProtocolProtos.java) [ozone-interface-client-1.3.0-SNAPSHOT.jar:?]
	at org.apache.hadoop.ipc.ProtobufRpcEngine$Server.processCall(ProtobufRpcEngine.java:466) [hadoop-common-3.3.1.jar:?]
	at org.apache.hadoop.ipc.ProtobufRpcEngine2$Server$ProtoBufRpcInvoker.call(ProtobufRpcEngine2.java:574) [hadoop-common-3.3.1.jar:?]
	at org.apache.hadoop.ipc.ProtobufRpcEngine2$Server$ProtoBufRpcInvoker.call(ProtobufRpcEngine2.java:552) [hadoop-common-3.3.1.jar:?]
	at org.apache.hadoop.ipc.RPC$Server.call(RPC.java:1093) [hadoop-common-3.3.1.jar:?]
	at org.apache.hadoop.ipc.Server$RpcCall.run(Server.java:1035) [hadoop-common-3.3.1.jar:?]
	at org.apache.hadoop.ipc.Server$RpcCall.run(Server.java:963) [hadoop-common-3.3.1.jar:?]
	at java.security.AccessController.doPrivileged(Native Method) ~[?:1.8.0_322]
	at javax.security.auth.Subject.doAs(Subject.java:422) [?:1.8.0_322]
	at org.apache.hadoop.security.UserGroupInformation.doAs(UserGroupInformation.java:1878) [hadoop-common-3.3.1.jar:?]
	at org.apache.hadoop.ipc.Server$Handler.run(Server.java:2966) [hadoop-common-3.3.1.jar:?]
03:13:56.088 [IPC Server handler 2 on default port 46813] ERROR OMAudit - user=runner | ip=127.0.0.1 | op=GET_FILE_STATUS {volume=volume70653, bucket=bucket24060, key=testBatchDelete/parent/child2, dataSize=0, replicationConfig=null} | ret=FAILURE
org.apache.hadoop.ozone.om.exceptions.OMException: Unable to get file status: volume: volume70653 bucket: bucket24060 key: testBatchDelete/parent/child2
	at org.apache.hadoop.ozone.om.KeyManagerImpl.getOzoneFileStatus(KeyManagerImpl.java:1280) ~[ozone-manager-1.3.0-SNAPSHOT.jar:?]
	at org.apache.hadoop.ozone.om.KeyManagerImpl.getFileStatus(KeyManagerImpl.java:1210) ~[ozone-manager-1.3.0-SNAPSHOT.jar:?]
	at org.apache.hadoop.ozone.om.OzoneManager.getFileStatus(OzoneManager.java:3067) ~[ozone-manager-1.3.0-SNAPSHOT.jar:?]
	at org.apache.hadoop.ozone.protocolPB.OzoneManagerRequestHandler.getOzoneFileStatus(OzoneManagerRequestHandler.java:670) ~[ozone-manager-1.3.0-SNAPSHOT.jar:?]
	at org.apache.hadoop.ozone.protocolPB.OzoneManagerRequestHandler.handleReadRequest(OzoneManagerRequestHandler.java:201) ~[ozone-manager-1.3.0-SNAPSHOT.jar:?]
	at org.apache.hadoop.ozone.protocolPB.OzoneManagerProtocolServerSideTranslatorPB.submitReadRequestToOM(OzoneManagerProtocolServerSideTranslatorPB.java:213) ~[ozone-manager-1.3.0-SNAPSHOT.jar:?]
	at org.apache.hadoop.ozone.protocolPB.OzoneManagerProtocolServerSideTranslatorPB.processRequest(OzoneManagerProtocolServerSideTranslatorPB.java:174) ~[ozone-manager-1.3.0-SNAPSHOT.jar:?]
	at org.apache.hadoop.hdds.server.OzoneProtocolMessageDispatcher.processRequest(OzoneProtocolMessageDispatcher.java:87) [hdds-server-framework-1.3.0-SNAPSHOT.jar:?]
	at org.apache.hadoop.ozone.protocolPB.OzoneManagerProtocolServerSideTranslatorPB.submitRequest(OzoneManagerProtocolServerSideTranslatorPB.java:146) [ozone-manager-1.3.0-SNAPSHOT.jar:?]
	at org.apache.hadoop.ozone.protocol.proto.OzoneManagerProtocolProtos$OzoneManagerService$2.callBlockingMethod(OzoneManagerProtocolProtos.java) [ozone-interface-client-1.3.0-SNAPSHOT.jar:?]
	at org.apache.hadoop.ipc.ProtobufRpcEngine$Server.processCall(ProtobufRpcEngine.java:466) [hadoop-common-3.3.1.jar:?]
	at org.apache.hadoop.ipc.ProtobufRpcEngine2$Server$ProtoBufRpcInvoker.call(ProtobufRpcEngine2.java:574) [hadoop-common-3.3.1.jar:?]
	at org.apache.hadoop.ipc.ProtobufRpcEngine2$Server$ProtoBufRpcInvoker.call(ProtobufRpcEngine2.java:552) [hadoop-common-3.3.1.jar:?]
	at org.apache.hadoop.ipc.RPC$Server.call(RPC.java:1093) [hadoop-common-3.3.1.jar:?]
	at org.apache.hadoop.ipc.Server$RpcCall.run(Server.java:1035) [hadoop-common-3.3.1.jar:?]
	at org.apache.hadoop.ipc.Server$RpcCall.run(Server.java:963) [hadoop-common-3.3.1.jar:?]
	at java.security.AccessController.doPrivileged(Native Method) ~[?:1.8.0_322]
	at javax.security.auth.Subject.doAs(Subject.java:422) [?:1.8.0_322]
	at org.apache.hadoop.security.UserGroupInformation.doAs(UserGroupInformation.java:1878) [hadoop-common-3.3.1.jar:?]
	at org.apache.hadoop.ipc.Server$Handler.run(Server.java:2966) [hadoop-common-3.3.1.jar:?]
03:13:56.089 [IPC Server handler 9 on default port 46813] ERROR OMAudit - user=runner | ip=127.0.0.1 | op=GET_FILE_STATUS {volume=volume70653, bucket=bucket24060, key=testBatchDelete/parent/childFolder/child2, dataSize=0, replicationConfig=null} | ret=FAILURE
org.apache.hadoop.ozone.om.exceptions.OMException: Unable to get file status: volume: volume70653 bucket: bucket24060 key: testBatchDelete/parent/childFolder/child2
	at org.apache.hadoop.ozone.om.KeyManagerImpl.getOzoneFileStatus(KeyManagerImpl.java:1280) ~[ozone-manager-1.3.0-SNAPSHOT.jar:?]
	at org.apache.hadoop.ozone.om.KeyManagerImpl.getFileStatus(KeyManagerImpl.java:1210) ~[ozone-manager-1.3.0-SNAPSHOT.jar:?]
	at org.apache.hadoop.ozone.om.OzoneManager.getFileStatus(OzoneManager.java:3067) ~[ozone-manager-1.3.0-SNAPSHOT.jar:?]
	at org.apache.hadoop.ozone.protocolPB.OzoneManagerRequestHandler.getOzoneFileStatus(OzoneManagerRequestHandler.java:670) ~[ozone-manager-1.3.0-SNAPSHOT.jar:?]
	at org.apache.hadoop.ozone.protocolPB.OzoneManagerRequestHandler.handleReadRequest(OzoneManagerRequestHandler.java:201) ~[ozone-manager-1.3.0-SNAPSHOT.jar:?]
	at org.apache.hadoop.ozone.protocolPB.OzoneManagerProtocolServerSideTranslatorPB.submitReadRequestToOM(OzoneManagerProtocolServerSideTranslatorPB.java:213) ~[ozone-manager-1.3.0-SNAPSHOT.jar:?]
	at org.apache.hadoop.ozone.protocolPB.OzoneManagerProtocolServerSideTranslatorPB.processRequest(OzoneManagerProtocolServerSideTranslatorPB.java:174) ~[ozone-manager-1.3.0-SNAPSHOT.jar:?]
	at org.apache.hadoop.hdds.server.OzoneProtocolMessageDispatcher.processRequest(OzoneProtocolMessageDispatcher.java:87) [hdds-server-framework-1.3.0-SNAPSHOT.jar:?]
	at org.apache.hadoop.ozone.protocolPB.OzoneManagerProtocolServerSideTranslatorPB.submitRequest(OzoneManagerProtocolServerSideTranslatorPB.java:146) [ozone-manager-1.3.0-SNAPSHOT.jar:?]
	at org.apache.hadoop.ozone.protocol.proto.OzoneManagerProtocolProtos$OzoneManagerService$2.callBlockingMethod(OzoneManagerProtocolProtos.java) [ozone-interface-client-1.3.0-SNAPSHOT.jar:?]
	at org.apache.hadoop.ipc.ProtobufRpcEngine$Server.processCall(ProtobufRpcEngine.java:466) [hadoop-common-3.3.1.jar:?]
	at org.apache.hadoop.ipc.ProtobufRpcEngine2$Server$ProtoBufRpcInvoker.call(ProtobufRpcEngine2.java:574) [hadoop-common-3.3.1.jar:?]
	at org.apache.hadoop.ipc.ProtobufRpcEngine2$Server$ProtoBufRpcInvoker.call(ProtobufRpcEngine2.java:552) [hadoop-common-3.3.1.jar:?]
	at org.apache.hadoop.ipc.RPC$Server.call(RPC.java:1093) [hadoop-common-3.3.1.jar:?]
	at org.apache.hadoop.ipc.Server$RpcCall.run(Server.java:1035) [hadoop-common-3.3.1.jar:?]
	at org.apache.hadoop.ipc.Server$RpcCall.run(Server.java:963) [hadoop-common-3.3.1.jar:?]
	at java.security.AccessController.doPrivileged(Native Method) ~[?:1.8.0_322]
	at javax.security.auth.Subject.doAs(Subject.java:422) [?:1.8.0_322]
	at org.apache.hadoop.security.UserGroupInformation.doAs(UserGroupInformation.java:1878) [hadoop-common-3.3.1.jar:?]
	at org.apache.hadoop.ipc.Server$Handler.run(Server.java:2966) [hadoop-common-3.3.1.jar:?]
03:13:56.090 [IPC Server handler 7 on default port 46813] ERROR OMAudit - user=runner | ip=127.0.0.1 | op=GET_FILE_STATUS {volume=volume70653, bucket=bucket24060, key=testBatchDelete/parent/child3, dataSize=0, replicationConfig=null} | ret=FAILURE
org.apache.hadoop.ozone.om.exceptions.OMException: Unable to get file status: volume: volume70653 bucket: bucket24060 key: testBatchDelete/parent/child3
	at org.apache.hadoop.ozone.om.KeyManagerImpl.getOzoneFileStatus(KeyManagerImpl.java:1280) ~[ozone-manager-1.3.0-SNAPSHOT.jar:?]
	at org.apache.hadoop.ozone.om.KeyManagerImpl.getFileStatus(KeyManagerImpl.java:1210) ~[ozone-manager-1.3.0-SNAPSHOT.jar:?]
	at org.apache.hadoop.ozone.om.OzoneManager.getFileStatus(OzoneManager.java:3067) ~[ozone-manager-1.3.0-SNAPSHOT.jar:?]
	at org.apache.hadoop.ozone.protocolPB.OzoneManagerRequestHandler.getOzoneFileStatus(OzoneManagerRequestHandler.java:670) ~[ozone-manager-1.3.0-SNAPSHOT.jar:?]
	at org.apache.hadoop.ozone.protocolPB.OzoneManagerRequestHandler.handleReadRequest(OzoneManagerRequestHandler.java:201) ~[ozone-manager-1.3.0-SNAPSHOT.jar:?]
	at org.apache.hadoop.ozone.protocolPB.OzoneManagerProtocolServerSideTranslatorPB.submitReadRequestToOM(OzoneManagerProtocolServerSideTranslatorPB.java:213) ~[ozone-manager-1.3.0-SNAPSHOT.jar:?]
	at org.apache.hadoop.ozone.protocolPB.OzoneManagerProtocolServerSideTranslatorPB.processRequest(OzoneManagerProtocolServerSideTranslatorPB.java:174) ~[ozone-manager-1.3.0-SNAPSHOT.jar:?]
	at org.apache.hadoop.hdds.server.OzoneProtocolMessageDispatcher.processRequest(OzoneProtocolMessageDispatcher.java:87) [hdds-server-framework-1.3.0-SNAPSHOT.jar:?]
	at org.apache.hadoop.ozone.protocolPB.OzoneManagerProtocolServerSideTranslatorPB.submitRequest(OzoneManagerProtocolServerSideTranslatorPB.java:146) [ozone-manager-1.3.0-SNAPSHOT.jar:?]
	at org.apache.hadoop.ozone.protocol.proto.OzoneManagerProtocolProtos$OzoneManagerService$2.callBlockingMethod(OzoneManagerProtocolProtos.java) [ozone-interface-client-1.3.0-SNAPSHOT.jar:?]
	at org.apache.hadoop.ipc.ProtobufRpcEngine$Server.processCall(ProtobufRpcEngine.java:466) [hadoop-common-3.3.1.jar:?]
	at org.apache.hadoop.ipc.ProtobufRpcEngine2$Server$ProtoBufRpcInvoker.call(ProtobufRpcEngine2.java:574) [hadoop-common-3.3.1.jar:?]
	at org.apache.hadoop.ipc.ProtobufRpcEngine2$Server$ProtoBufRpcInvoker.call(ProtobufRpcEngine2.java:552) [hadoop-common-3.3.1.jar:?]
	at org.apache.hadoop.ipc.RPC$Server.call(RPC.java:1093) [hadoop-common-3.3.1.jar:?]
	at org.apache.hadoop.ipc.Server$RpcCall.run(Server.java:1035) [hadoop-common-3.3.1.jar:?]
	at org.apache.hadoop.ipc.Server$RpcCall.run(Server.java:963) [hadoop-common-3.3.1.jar:?]
	at java.security.AccessController.doPrivileged(Native Method) ~[?:1.8.0_322]
	at javax.security.auth.Subject.doAs(Subject.java:422) [?:1.8.0_322]
	at org.apache.hadoop.security.UserGroupInformation.doAs(UserGroupInformation.java:1878) [hadoop-common-3.3.1.jar:?]
	at org.apache.hadoop.ipc.Server$Handler.run(Server.java:2966) [hadoop-common-3.3.1.jar:?]
03:13:56.092 [IPC Server handler 14 on default port 46813] ERROR OMAudit - user=runner | ip=127.0.0.1 | op=GET_FILE_STATUS {volume=volume70653, bucket=bucket24060, key=testBatchDelete/parent/childFolder/child3, dataSize=0, replicationConfig=null} | ret=FAILURE
org.apache.hadoop.ozone.om.exceptions.OMException: Unable to get file status: volume: volume70653 bucket: bucket24060 key: testBatchDelete/parent/childFolder/child3
	at org.apache.hadoop.ozone.om.KeyManagerImpl.getOzoneFileStatus(KeyManagerImpl.java:1280) ~[ozone-manager-1.3.0-SNAPSHOT.jar:?]
	at org.apache.hadoop.ozone.om.KeyManagerImpl.getFileStatus(KeyManagerImpl.java:1210) ~[ozone-manager-1.3.0-SNAPSHOT.jar:?]
	at org.apache.hadoop.ozone.om.OzoneManager.getFileStatus(OzoneManager.java:3067) ~[ozone-manager-1.3.0-SNAPSHOT.jar:?]
	at org.apache.hadoop.ozone.protocolPB.OzoneManagerRequestHandler.getOzoneFileStatus(OzoneManagerRequestHandler.java:670) ~[ozone-manager-1.3.0-SNAPSHOT.jar:?]
	at org.apache.hadoop.ozone.protocolPB.OzoneManagerRequestHandler.handleReadRequest(OzoneManagerRequestHandler.java:201) ~[ozone-manager-1.3.0-SNAPSHOT.jar:?]
	at org.apache.hadoop.ozone.protocolPB.OzoneManagerProtocolServerSideTranslatorPB.submitReadRequestToOM(OzoneManagerProtocolServerSideTranslatorPB.java:213) ~[ozone-manager-1.3.0-SNAPSHOT.jar:?]
	at org.apache.hadoop.ozone.protocolPB.OzoneManagerProtocolServerSideTranslatorPB.processRequest(OzoneManagerProtocolServerSideTranslatorPB.java:174) ~[ozone-manager-1.3.0-SNAPSHOT.jar:?]
	at org.apache.hadoop.hdds.server.OzoneProtocolMessageDispatcher.processRequest(OzoneProtocolMessageDispatcher.java:87) [hdds-server-framework-1.3.0-SNAPSHOT.jar:?]
	at org.apache.hadoop.ozone.protocolPB.OzoneManagerProtocolServerSideTranslatorPB.submitRequest(OzoneManagerProtocolServerSideTranslatorPB.java:146) [ozone-manager-1.3.0-SNAPSHOT.jar:?]
	at org.apache.hadoop.ozone.protocol.proto.OzoneManagerProtocolProtos$OzoneManagerService$2.callBlockingMethod(OzoneManagerProtocolProtos.java) [ozone-interface-client-1.3.0-SNAPSHOT.jar:?]
	at org.apache.hadoop.ipc.ProtobufRpcEngine$Server.processCall(ProtobufRpcEngine.java:466) [hadoop-common-3.3.1.jar:?]
	at org.apache.hadoop.ipc.ProtobufRpcEngine2$Server$ProtoBufRpcInvoker.call(ProtobufRpcEngine2.java:574) [hadoop-common-3.3.1.jar:?]
	at org.apache.hadoop.ipc.ProtobufRpcEngine2$Server$ProtoBufRpcInvoker.call(ProtobufRpcEngine2.java:552) [hadoop-common-3.3.1.jar:?]
	at org.apache.hadoop.ipc.RPC$Server.call(RPC.java:1093) [hadoop-common-3.3.1.jar:?]
	at org.apache.hadoop.ipc.Server$RpcCall.run(Server.java:1035) [hadoop-common-3.3.1.jar:?]
	at org.apache.hadoop.ipc.Server$RpcCall.run(Server.java:963) [hadoop-common-3.3.1.jar:?]
	at java.security.AccessController.doPrivileged(Native Method) ~[?:1.8.0_322]
	at javax.security.auth.Subject.doAs(Subject.java:422) [?:1.8.0_322]
	at org.apache.hadoop.security.UserGroupInformation.doAs(UserGroupInformation.java:1878) [hadoop-common-3.3.1.jar:?]
	at org.apache.hadoop.ipc.Server$Handler.run(Server.java:2966) [hadoop-common-3.3.1.jar:?]
03:13:56.093 [IPC Server handler 16 on default port 46813] ERROR OMAudit - user=runner | ip=127.0.0.1 | op=GET_FILE_STATUS {volume=volume70653, bucket=bucket24060, key=testBatchDelete/parent/child4, dataSize=0, replicationConfig=null} | ret=FAILURE
org.apache.hadoop.ozone.om.exceptions.OMException: Unable to get file status: volume: volume70653 bucket: bucket24060 key: testBatchDelete/parent/child4
	at org.apache.hadoop.ozone.om.KeyManagerImpl.getOzoneFileStatus(KeyManagerImpl.java:1280) ~[ozone-manager-1.3.0-SNAPSHOT.jar:?]
	at org.apache.hadoop.ozone.om.KeyManagerImpl.getFileStatus(KeyManagerImpl.java:1210) ~[ozone-manager-1.3.0-SNAPSHOT.jar:?]
	at org.apache.hadoop.ozone.om.OzoneManager.getFileStatus(OzoneManager.java:3067) ~[ozone-manager-1.3.0-SNAPSHOT.jar:?]
	at org.apache.hadoop.ozone.protocolPB.OzoneManagerRequestHandler.getOzoneFileStatus(OzoneManagerRequestHandler.java:670) ~[ozone-manager-1.3.0-SNAPSHOT.jar:?]
	at org.apache.hadoop.ozone.protocolPB.OzoneManagerRequestHandler.handleReadRequest(OzoneManagerRequestHandler.java:201) ~[ozone-manager-1.3.0-SNAPSHOT.jar:?]
	at org.apache.hadoop.ozone.protocolPB.OzoneManagerProtocolServerSideTranslatorPB.submitReadRequestToOM(OzoneManagerProtocolServerSideTranslatorPB.java:213) ~[ozone-manager-1.3.0-SNAPSHOT.jar:?]
	at org.apache.hadoop.ozone.protocolPB.OzoneManagerProtocolServerSideTranslatorPB.processRequest(OzoneManagerProtocolServerSideTranslatorPB.java:174) ~[ozone-manager-1.3.0-SNAPSHOT.jar:?]
	at org.apache.hadoop.hdds.server.OzoneProtocolMessageDispatcher.processRequest(OzoneProtocolMessageDispatcher.java:87) [hdds-server-framework-1.3.0-SNAPSHOT.jar:?]
	at org.apache.hadoop.ozone.protocolPB.OzoneManagerProtocolServerSideTranslatorPB.submitRequest(OzoneManagerProtocolServerSideTranslatorPB.java:146) [ozone-manager-1.3.0-SNAPSHOT.jar:?]
	at org.apache.hadoop.ozone.protocol.proto.OzoneManagerProtocolProtos$OzoneManagerService$2.callBlockingMethod(OzoneManagerProtocolProtos.java) [ozone-interface-client-1.3.0-SNAPSHOT.jar:?]
	at org.apache.hadoop.ipc.ProtobufRpcEngine$Server.processCall(ProtobufRpcEngine.java:466) [hadoop-common-3.3.1.jar:?]
	at org.apache.hadoop.ipc.ProtobufRpcEngine2$Server$ProtoBufRpcInvoker.call(ProtobufRpcEngine2.java:574) [hadoop-common-3.3.1.jar:?]
	at org.apache.hadoop.ipc.ProtobufRpcEngine2$Server$ProtoBufRpcInvoker.call(ProtobufRpcEngine2.java:552) [hadoop-common-3.3.1.jar:?]
	at org.apache.hadoop.ipc.RPC$Server.call(RPC.java:1093) [hadoop-common-3.3.1.jar:?]
	at org.apache.hadoop.ipc.Server$RpcCall.run(Server.java:1035) [hadoop-common-3.3.1.jar:?]
	at org.apache.hadoop.ipc.Server$RpcCall.run(Server.java:963) [hadoop-common-3.3.1.jar:?]
	at java.security.AccessController.doPrivileged(Native Method) ~[?:1.8.0_322]
	at javax.security.auth.Subject.doAs(Subject.java:422) [?:1.8.0_322]
	at org.apache.hadoop.security.UserGroupInformation.doAs(UserGroupInformation.java:1878) [hadoop-common-3.3.1.jar:?]
	at org.apache.hadoop.ipc.Server$Handler.run(Server.java:2966) [hadoop-common-3.3.1.jar:?]
03:13:56.095 [IPC Server handler 18 on default port 46813] ERROR OMAudit - user=runner | ip=127.0.0.1 | op=GET_FILE_STATUS {volume=volume70653, bucket=bucket24060, key=testBatchDelete/parent/childFolder/child4, dataSize=0, replicationConfig=null} | ret=FAILURE
org.apache.hadoop.ozone.om.exceptions.OMException: Unable to get file status: volume: volume70653 bucket: bucket24060 key: testBatchDelete/parent/childFolder/child4
	at org.apache.hadoop.ozone.om.KeyManagerImpl.getOzoneFileStatus(KeyManagerImpl.java:1280) ~[ozone-manager-1.3.0-SNAPSHOT.jar:?]
	at org.apache.hadoop.ozone.om.KeyManagerImpl.getFileStatus(KeyManagerImpl.java:1210) ~[ozone-manager-1.3.0-SNAPSHOT.jar:?]
	at org.apache.hadoop.ozone.om.OzoneManager.getFileStatus(OzoneManager.java:3067) ~[ozone-manager-1.3.0-SNAPSHOT.jar:?]
	at org.apache.hadoop.ozone.protocolPB.OzoneManagerRequestHandler.getOzoneFileStatus(OzoneManagerRequestHandler.java:670) ~[ozone-manager-1.3.0-SNAPSHOT.jar:?]
	at org.apache.hadoop.ozone.protocolPB.OzoneManagerRequestHandler.handleReadRequest(OzoneManagerRequestHandler.java:201) ~[ozone-manager-1.3.0-SNAPSHOT.jar:?]
	at org.apache.hadoop.ozone.protocolPB.OzoneManagerProtocolServerSideTranslatorPB.submitReadRequestToOM(OzoneManagerProtocolServerSideTranslatorPB.java:213) ~[ozone-manager-1.3.0-SNAPSHOT.jar:?]
	at org.apache.hadoop.ozone.protocolPB.OzoneManagerProtocolServerSideTranslatorPB.processRequest(OzoneManagerProtocolServerSideTranslatorPB.java:174) ~[ozone-manager-1.3.0-SNAPSHOT.jar:?]
	at org.apache.hadoop.hdds.server.OzoneProtocolMessageDispatcher.processRequest(OzoneProtocolMessageDispatcher.java:87) [hdds-server-framework-1.3.0-SNAPSHOT.jar:?]
	at org.apache.hadoop.ozone.protocolPB.OzoneManagerProtocolServerSideTranslatorPB.submitRequest(OzoneManagerProtocolServerSideTranslatorPB.java:146) [ozone-manager-1.3.0-SNAPSHOT.jar:?]
	at org.apache.hadoop.ozone.protocol.proto.OzoneManagerProtocolProtos$OzoneManagerService$2.callBlockingMethod(OzoneManagerProtocolProtos.java) [ozone-interface-client-1.3.0-SNAPSHOT.jar:?]
	at org.apache.hadoop.ipc.ProtobufRpcEngine$Server.processCall(ProtobufRpcEngine.java:466) [hadoop-common-3.3.1.jar:?]
	at org.apache.hadoop.ipc.ProtobufRpcEngine2$Server$ProtoBufRpcInvoker.call(ProtobufRpcEngine2.java:574) [hadoop-common-3.3.1.jar:?]
	at org.apache.hadoop.ipc.ProtobufRpcEngine2$Server$ProtoBufRpcInvoker.call(ProtobufRpcEngine2.java:552) [hadoop-common-3.3.1.jar:?]
	at org.apache.hadoop.ipc.RPC$Server.call(RPC.java:1093) [hadoop-common-3.3.1.jar:?]
	at org.apache.hadoop.ipc.Server$RpcCall.run(Server.java:1035) [hadoop-common-3.3.1.jar:?]
	at org.apache.hadoop.ipc.Server$RpcCall.run(Server.java:963) [hadoop-common-3.3.1.jar:?]
	at java.security.AccessController.doPrivileged(Native Method) ~[?:1.8.0_322]
	at javax.security.auth.Subject.doAs(Subject.java:422) [?:1.8.0_322]
	at org.apache.hadoop.security.UserGroupInformation.doAs(UserGroupInformation.java:1878) [hadoop-common-3.3.1.jar:?]
	at org.apache.hadoop.ipc.Server$Handler.run(Server.java:2966) [hadoop-common-3.3.1.jar:?]
03:13:56.097 [IPC Server handler 13 on default port 46813] ERROR OMAudit - user=runner | ip=127.0.0.1 | op=GET_FILE_STATUS {volume=volume70653, bucket=bucket24060, key=testBatchDelete/parent/child5, dataSize=0, replicationConfig=null} | ret=FAILURE
org.apache.hadoop.ozone.om.exceptions.OMException: Unable to get file status: volume: volume70653 bucket: bucket24060 key: testBatchDelete/parent/child5
	at org.apache.hadoop.ozone.om.KeyManagerImpl.getOzoneFileStatus(KeyManagerImpl.java:1280) ~[ozone-manager-1.3.0-SNAPSHOT.jar:?]
	at org.apache.hadoop.ozone.om.KeyManagerImpl.getFileStatus(KeyManagerImpl.java:1210) ~[ozone-manager-1.3.0-SNAPSHOT.jar:?]
	at org.apache.hadoop.ozone.om.OzoneManager.getFileStatus(OzoneManager.java:3067) ~[ozone-manager-1.3.0-SNAPSHOT.jar:?]
	at org.apache.hadoop.ozone.protocolPB.OzoneManagerRequestHandler.getOzoneFileStatus(OzoneManagerRequestHandler.java:670) ~[ozone-manager-1.3.0-SNAPSHOT.jar:?]
	at org.apache.hadoop.ozone.protocolPB.OzoneManagerRequestHandler.handleReadRequest(OzoneManagerRequestHandler.java:201) ~[ozone-manager-1.3.0-SNAPSHOT.jar:?]
	at org.apache.hadoop.ozone.protocolPB.OzoneManagerProtocolServerSideTranslatorPB.submitReadRequestToOM(OzoneManagerProtocolServerSideTranslatorPB.java:213) ~[ozone-manager-1.3.0-SNAPSHOT.jar:?]
	at org.apache.hadoop.ozone.protocolPB.OzoneManagerProtocolServerSideTranslatorPB.processRequest(OzoneManagerProtocolServerSideTranslatorPB.java:174) ~[ozone-manager-1.3.0-SNAPSHOT.jar:?]
	at org.apache.hadoop.hdds.server.OzoneProtocolMessageDispatcher.processRequest(OzoneProtocolMessageDispatcher.java:87) [hdds-server-framework-1.3.0-SNAPSHOT.jar:?]
	at org.apache.hadoop.ozone.protocolPB.OzoneManagerProtocolServerSideTranslatorPB.submitRequest(OzoneManagerProtocolServerSideTranslatorPB.java:146) [ozone-manager-1.3.0-SNAPSHOT.jar:?]
	at org.apache.hadoop.ozone.protocol.proto.OzoneManagerProtocolProtos$OzoneManagerService$2.callBlockingMethod(OzoneManagerProtocolProtos.java) [ozone-interface-client-1.3.0-SNAPSHOT.jar:?]
	at org.apache.hadoop.ipc.ProtobufRpcEngine$Server.processCall(ProtobufRpcEngine.java:466) [hadoop-common-3.3.1.jar:?]
	at org.apache.hadoop.ipc.ProtobufRpcEngine2$Server$ProtoBufRpcInvoker.call(ProtobufRpcEngine2.java:574) [hadoop-common-3.3.1.jar:?]
	at org.apache.hadoop.ipc.ProtobufRpcEngine2$Server$ProtoBufRpcInvoker.call(ProtobufRpcEngine2.java:552) [hadoop-common-3.3.1.jar:?]
	at org.apache.hadoop.ipc.RPC$Server.call(RPC.java:1093) [hadoop-common-3.3.1.jar:?]
	at org.apache.hadoop.ipc.Server$RpcCall.run(Server.java:1035) [hadoop-common-3.3.1.jar:?]
	at org.apache.hadoop.ipc.Server$RpcCall.run(Server.java:963) [hadoop-common-3.3.1.jar:?]
	at java.security.AccessController.doPrivileged(Native Method) ~[?:1.8.0_322]
	at javax.security.auth.Subject.doAs(Subject.java:422) [?:1.8.0_322]
	at org.apache.hadoop.security.UserGroupInformation.doAs(UserGroupInformation.java:1878) [hadoop-common-3.3.1.jar:?]
	at org.apache.hadoop.ipc.Server$Handler.run(Server.java:2966) [hadoop-common-3.3.1.jar:?]
03:13:56.098 [IPC Server handler 19 on default port 46813] ERROR OMAudit - user=runner | ip=127.0.0.1 | op=GET_FILE_STATUS {volume=volume70653, bucket=bucket24060, key=testBatchDelete/parent/childFolder/child5, dataSize=0, replicationConfig=null} | ret=FAILURE
org.apache.hadoop.ozone.om.exceptions.OMException: Unable to get file status: volume: volume70653 bucket: bucket24060 key: testBatchDelete/parent/childFolder/child5
	at org.apache.hadoop.ozone.om.KeyManagerImpl.getOzoneFileStatus(KeyManagerImpl.java:1280) ~[ozone-manager-1.3.0-SNAPSHOT.jar:?]
	at org.apache.hadoop.ozone.om.KeyManagerImpl.getFileStatus(KeyManagerImpl.java:1210) ~[ozone-manager-1.3.0-SNAPSHOT.jar:?]
	at org.apache.hadoop.ozone.om.OzoneManager.getFileStatus(OzoneManager.java:3067) ~[ozone-manager-1.3.0-SNAPSHOT.jar:?]
	at org.apache.hadoop.ozone.protocolPB.OzoneManagerRequestHandler.getOzoneFileStatus(OzoneManagerRequestHandler.java:670) ~[ozone-manager-1.3.0-SNAPSHOT.jar:?]
	at org.apache.hadoop.ozone.protocolPB.OzoneManagerRequestHandler.handleReadRequest(OzoneManagerRequestHandler.java:201) ~[ozone-manager-1.3.0-SNAPSHOT.jar:?]
	at org.apache.hadoop.ozone.protocolPB.OzoneManagerProtocolServerSideTranslatorPB.submitReadRequestToOM(OzoneManagerProtocolServerSideTranslatorPB.java:213) ~[ozone-manager-1.3.0-SNAPSHOT.jar:?]
	at org.apache.hadoop.ozone.protocolPB.OzoneManagerProtocolServerSideTranslatorPB.processRequest(OzoneManagerProtocolServerSideTranslatorPB.java:174) ~[ozone-manager-1.3.0-SNAPSHOT.jar:?]
	at org.apache.hadoop.hdds.server.OzoneProtocolMessageDispatcher.processRequest(OzoneProtocolMessageDispatcher.java:87) [hdds-server-framework-1.3.0-SNAPSHOT.jar:?]
	at org.apache.hadoop.ozone.protocolPB.OzoneManagerProtocolServerSideTranslatorPB.submitRequest(OzoneManagerProtocolServerSideTranslatorPB.java:146) [ozone-manager-1.3.0-SNAPSHOT.jar:?]
	at org.apache.hadoop.ozone.protocol.proto.OzoneManagerProtocolProtos$OzoneManagerService$2.callBlockingMethod(OzoneManagerProtocolProtos.java) [ozone-interface-client-1.3.0-SNAPSHOT.jar:?]
	at org.apache.hadoop.ipc.ProtobufRpcEngine$Server.processCall(ProtobufRpcEngine.java:466) [hadoop-common-3.3.1.jar:?]
	at org.apache.hadoop.ipc.ProtobufRpcEngine2$Server$ProtoBufRpcInvoker.call(ProtobufRpcEngine2.java:574) [hadoop-common-3.3.1.jar:?]
	at org.apache.hadoop.ipc.ProtobufRpcEngine2$Server$ProtoBufRpcInvoker.call(ProtobufRpcEngine2.java:552) [hadoop-common-3.3.1.jar:?]
	at org.apache.hadoop.ipc.RPC$Server.call(RPC.java:1093) [hadoop-common-3.3.1.jar:?]
	at org.apache.hadoop.ipc.Server$RpcCall.run(Server.java:1035) [hadoop-common-3.3.1.jar:?]
	at org.apache.hadoop.ipc.Server$RpcCall.run(Server.java:963) [hadoop-common-3.3.1.jar:?]
	at java.security.AccessController.doPrivileged(Native Method) ~[?:1.8.0_322]
	at javax.security.auth.Subject.doAs(Subject.java:422) [?:1.8.0_322]
	at org.apache.hadoop.security.UserGroupInformation.doAs(UserGroupInformation.java:1878) [hadoop-common-3.3.1.jar:?]
	at org.apache.hadoop.ipc.Server$Handler.run(Server.java:2966) [hadoop-common-3.3.1.jar:?]
03:13:56.099 [IPC Server handler 0 on default port 46813] ERROR OMAudit - user=runner | ip=127.0.0.1 | op=GET_FILE_STATUS {volume=volume70653, bucket=bucket24060, key=testBatchDelete/parent/child6, dataSize=0, replicationConfig=null} | ret=FAILURE
org.apache.hadoop.ozone.om.exceptions.OMException: Unable to get file status: volume: volume70653 bucket: bucket24060 key: testBatchDelete/parent/child6
	at org.apache.hadoop.ozone.om.KeyManagerImpl.getOzoneFileStatus(KeyManagerImpl.java:1280) ~[ozone-manager-1.3.0-SNAPSHOT.jar:?]
	at org.apache.hadoop.ozone.om.KeyManagerImpl.getFileStatus(KeyManagerImpl.java:1210) ~[ozone-manager-1.3.0-SNAPSHOT.jar:?]
	at org.apache.hadoop.ozone.om.OzoneManager.getFileStatus(OzoneManager.java:3067) ~[ozone-manager-1.3.0-SNAPSHOT.jar:?]
	at org.apache.hadoop.ozone.protocolPB.OzoneManagerRequestHandler.getOzoneFileStatus(OzoneManagerRequestHandler.java:670) ~[ozone-manager-1.3.0-SNAPSHOT.jar:?]
	at org.apache.hadoop.ozone.protocolPB.OzoneManagerRequestHandler.handleReadRequest(OzoneManagerRequestHandler.java:201) ~[ozone-manager-1.3.0-SNAPSHOT.jar:?]
	at org.apache.hadoop.ozone.protocolPB.OzoneManagerProtocolServerSideTranslatorPB.submitReadRequestToOM(OzoneManagerProtocolServerSideTranslatorPB.java:213) ~[ozone-manager-1.3.0-SNAPSHOT.jar:?]
	at org.apache.hadoop.ozone.protocolPB.OzoneManagerProtocolServerSideTranslatorPB.processRequest(OzoneManagerProtocolServerSideTranslatorPB.java:174) ~[ozone-manager-1.3.0-SNAPSHOT.jar:?]
	at org.apache.hadoop.hdds.server.OzoneProtocolMessageDispatcher.processRequest(OzoneProtocolMessageDispatcher.java:87) [hdds-server-framework-1.3.0-SNAPSHOT.jar:?]
	at org.apache.hadoop.ozone.protocolPB.OzoneManagerProtocolServerSideTranslatorPB.submitRequest(OzoneManagerProtocolServerSideTranslatorPB.java:146) [ozone-manager-1.3.0-SNAPSHOT.jar:?]
	at org.apache.hadoop.ozone.protocol.proto.OzoneManagerProtocolProtos$OzoneManagerService$2.callBlockingMethod(OzoneManagerProtocolProtos.java) [ozone-interface-client-1.3.0-SNAPSHOT.jar:?]
	at org.apache.hadoop.ipc.ProtobufRpcEngine$Server.processCall(ProtobufRpcEngine.java:466) [hadoop-common-3.3.1.jar:?]
	at org.apache.hadoop.ipc.ProtobufRpcEngine2$Server$ProtoBufRpcInvoker.call(ProtobufRpcEngine2.java:574) [hadoop-common-3.3.1.jar:?]
	at org.apache.hadoop.ipc.ProtobufRpcEngine2$Server$ProtoBufRpcInvoker.call(ProtobufRpcEngine2.java:552) [hadoop-common-3.3.1.jar:?]
	at org.apache.hadoop.ipc.RPC$Server.call(RPC.java:1093) [hadoop-common-3.3.1.jar:?]
	at org.apache.hadoop.ipc.Server$RpcCall.run(Server.java:1035) [hadoop-common-3.3.1.jar:?]
	at org.apache.hadoop.ipc.Server$RpcCall.run(Server.java:963) [hadoop-common-3.3.1.jar:?]
	at java.security.AccessController.doPrivileged(Native Method) ~[?:1.8.0_322]
	at javax.security.auth.Subject.doAs(Subject.java:422) [?:1.8.0_322]
	at org.apache.hadoop.security.UserGroupInformation.doAs(UserGroupInformation.java:1878) [hadoop-common-3.3.1.jar:?]
	at org.apache.hadoop.ipc.Server$Handler.run(Server.java:2966) [hadoop-common-3.3.1.jar:?]
03:13:56.100 [IPC Server handler 4 on default port 46813] ERROR OMAudit - user=runner | ip=127.0.0.1 | op=GET_FILE_STATUS {volume=volume70653, bucket=bucket24060, key=testBatchDelete/parent/childFolder/child6, dataSize=0, replicationConfig=null} | ret=FAILURE
org.apache.hadoop.ozone.om.exceptions.OMException: Unable to get file status: volume: volume70653 bucket: bucket24060 key: testBatchDelete/parent/childFolder/child6
	at org.apache.hadoop.ozone.om.KeyManagerImpl.getOzoneFileStatus(KeyManagerImpl.java:1280) ~[ozone-manager-1.3.0-SNAPSHOT.jar:?]
	at org.apache.hadoop.ozone.om.KeyManagerImpl.getFileStatus(KeyManagerImpl.java:1210) ~[ozone-manager-1.3.0-SNAPSHOT.jar:?]
	at org.apache.hadoop.ozone.om.OzoneManager.getFileStatus(OzoneManager.java:3067) ~[ozone-manager-1.3.0-SNAPSHOT.jar:?]
	at org.apache.hadoop.ozone.protocolPB.OzoneManagerRequestHandler.getOzoneFileStatus(OzoneManagerRequestHandler.java:670) ~[ozone-manager-1.3.0-SNAPSHOT.jar:?]
	at org.apache.hadoop.ozone.protocolPB.OzoneManagerRequestHandler.handleReadRequest(OzoneManagerRequestHandler.java:201) ~[ozone-manager-1.3.0-SNAPSHOT.jar:?]
	at org.apache.hadoop.ozone.protocolPB.OzoneManagerProtocolServerSideTranslatorPB.submitReadRequestToOM(OzoneManagerProtocolServerSideTranslatorPB.java:213) ~[ozone-manager-1.3.0-SNAPSHOT.jar:?]
	at org.apache.hadoop.ozone.protocolPB.OzoneManagerProtocolServerSideTranslatorPB.processRequest(OzoneManagerProtocolServerSideTranslatorPB.java:174) ~[ozone-manager-1.3.0-SNAPSHOT.jar:?]
	at org.apache.hadoop.hdds.server.OzoneProtocolMessageDispatcher.processRequest(OzoneProtocolMessageDispatcher.java:87) [hdds-server-framework-1.3.0-SNAPSHOT.jar:?]
	at org.apache.hadoop.ozone.protocolPB.OzoneManagerProtocolServerSideTranslatorPB.submitRequest(OzoneManagerProtocolServerSideTranslatorPB.java:146) [ozone-manager-1.3.0-SNAPSHOT.jar:?]
	at org.apache.hadoop.ozone.protocol.proto.OzoneManagerProtocolProtos$OzoneManagerService$2.callBlockingMethod(OzoneManagerProtocolProtos.java) [ozone-interface-client-1.3.0-SNAPSHOT.jar:?]
	at org.apache.hadoop.ipc.ProtobufRpcEngine$Server.processCall(ProtobufRpcEngine.java:466) [hadoop-common-3.3.1.jar:?]
	at org.apache.hadoop.ipc.ProtobufRpcEngine2$Server$ProtoBufRpcInvoker.call(ProtobufRpcEngine2.java:574) [hadoop-common-3.3.1.jar:?]
	at org.apache.hadoop.ipc.ProtobufRpcEngine2$Server$ProtoBufRpcInvoker.call(ProtobufRpcEngine2.java:552) [hadoop-common-3.3.1.jar:?]
	at org.apache.hadoop.ipc.RPC$Server.call(RPC.java:1093) [hadoop-common-3.3.1.jar:?]
	at org.apache.hadoop.ipc.Server$RpcCall.run(Server.java:1035) [hadoop-common-3.3.1.jar:?]
	at org.apache.hadoop.ipc.Server$RpcCall.run(Server.java:963) [hadoop-common-3.3.1.jar:?]
	at java.security.AccessController.doPrivileged(Native Method) ~[?:1.8.0_322]
	at javax.security.auth.Subject.doAs(Subject.java:422) [?:1.8.0_322]
	at org.apache.hadoop.security.UserGroupInformation.doAs(UserGroupInformation.java:1878) [hadoop-common-3.3.1.jar:?]
	at org.apache.hadoop.ipc.Server$Handler.run(Server.java:2966) [hadoop-common-3.3.1.jar:?]
03:13:56.103 [IPC Server handler 2 on default port 46813] ERROR OMAudit - user=runner | ip=127.0.0.1 | op=GET_FILE_STATUS {volume=volume70653, bucket=bucket24060, key=testBatchDelete/parent/child7, dataSize=0, replicationConfig=null} | ret=FAILURE
org.apache.hadoop.ozone.om.exceptions.OMException: Unable to get file status: volume: volume70653 bucket: bucket24060 key: testBatchDelete/parent/child7
	at org.apache.hadoop.ozone.om.KeyManagerImpl.getOzoneFileStatus(KeyManagerImpl.java:1280) ~[ozone-manager-1.3.0-SNAPSHOT.jar:?]
	at org.apache.hadoop.ozone.om.KeyManagerImpl.getFileStatus(KeyManagerImpl.java:1210) ~[ozone-manager-1.3.0-SNAPSHOT.jar:?]
	at org.apache.hadoop.ozone.om.OzoneManager.getFileStatus(OzoneManager.java:3067) ~[ozone-manager-1.3.0-SNAPSHOT.jar:?]
	at org.apache.hadoop.ozone.protocolPB.OzoneManagerRequestHandler.getOzoneFileStatus(OzoneManagerRequestHandler.java:670) ~[ozone-manager-1.3.0-SNAPSHOT.jar:?]
	at org.apache.hadoop.ozone.protocolPB.OzoneManagerRequestHandler.handleReadRequest(OzoneManagerRequestHandler.java:201) ~[ozone-manager-1.3.0-SNAPSHOT.jar:?]
	at org.apache.hadoop.ozone.protocolPB.OzoneManagerProtocolServerSideTranslatorPB.submitReadRequestToOM(OzoneManagerProtocolServerSideTranslatorPB.java:213) ~[ozone-manager-1.3.0-SNAPSHOT.jar:?]
	at org.apache.hadoop.ozone.protocolPB.OzoneManagerProtocolServerSideTranslatorPB.processRequest(OzoneManagerProtocolServerSideTranslatorPB.java:174) ~[ozone-manager-1.3.0-SNAPSHOT.jar:?]
	at org.apache.hadoop.hdds.server.OzoneProtocolMessageDispatcher.processRequest(OzoneProtocolMessageDispatcher.java:87) [hdds-server-framework-1.3.0-SNAPSHOT.jar:?]
	at org.apache.hadoop.ozone.protocolPB.OzoneManagerProtocolServerSideTranslatorPB.submitRequest(OzoneManagerProtocolServerSideTranslatorPB.java:146) [ozone-manager-1.3.0-SNAPSHOT.jar:?]
	at org.apache.hadoop.ozone.protocol.proto.OzoneManagerProtocolProtos$OzoneManagerService$2.callBlockingMethod(OzoneManagerProtocolProtos.java) [ozone-interface-client-1.3.0-SNAPSHOT.jar:?]
	at org.apache.hadoop.ipc.ProtobufRpcEngine$Server.processCall(ProtobufRpcEngine.java:466) [hadoop-common-3.3.1.jar:?]
	at org.apache.hadoop.ipc.ProtobufRpcEngine2$Server$ProtoBufRpcInvoker.call(ProtobufRpcEngine2.java:574) [hadoop-common-3.3.1.jar:?]
	at org.apache.hadoop.ipc.ProtobufRpcEngine2$Server$ProtoBufRpcInvoker.call(ProtobufRpcEngine2.java:552) [hadoop-common-3.3.1.jar:?]
	at org.apache.hadoop.ipc.RPC$Server.call(RPC.java:1093) [hadoop-common-3.3.1.jar:?]
	at org.apache.hadoop.ipc.Server$RpcCall.run(Server.java:1035) [hadoop-common-3.3.1.jar:?]
	at org.apache.hadoop.ipc.Server$RpcCall.run(Server.java:963) [hadoop-common-3.3.1.jar:?]
	at java.security.AccessController.doPrivileged(Native Method) ~[?:1.8.0_322]
	at javax.security.auth.Subject.doAs(Subject.java:422) [?:1.8.0_322]
	at org.apache.hadoop.security.UserGroupInformation.doAs(UserGroupInformation.java:1878) [hadoop-common-3.3.1.jar:?]
	at org.apache.hadoop.ipc.Server$Handler.run(Server.java:2966) [hadoop-common-3.3.1.jar:?]
03:13:56.105 [IPC Server handler 9 on default port 46813] ERROR OMAudit - user=runner | ip=127.0.0.1 | op=GET_FILE_STATUS {volume=volume70653, bucket=bucket24060, key=testBatchDelete/parent/childFolder/child7, dataSize=0, replicationConfig=null} | ret=FAILURE
org.apache.hadoop.ozone.om.exceptions.OMException: Unable to get file status: volume: volume70653 bucket: bucket24060 key: testBatchDelete/parent/childFolder/child7
	at org.apache.hadoop.ozone.om.KeyManagerImpl.getOzoneFileStatus(KeyManagerImpl.java:1280) ~[ozone-manager-1.3.0-SNAPSHOT.jar:?]
	at org.apache.hadoop.ozone.om.KeyManagerImpl.getFileStatus(KeyManagerImpl.java:1210) ~[ozone-manager-1.3.0-SNAPSHOT.jar:?]
	at org.apache.hadoop.ozone.om.OzoneManager.getFileStatus(OzoneManager.java:3067) ~[ozone-manager-1.3.0-SNAPSHOT.jar:?]
	at org.apache.hadoop.ozone.protocolPB.OzoneManagerRequestHandler.getOzoneFileStatus(OzoneManagerRequestHandler.java:670) ~[ozone-manager-1.3.0-SNAPSHOT.jar:?]
	at org.apache.hadoop.ozone.protocolPB.OzoneManagerRequestHandler.handleReadRequest(OzoneManagerRequestHandler.java:201) ~[ozone-manager-1.3.0-SNAPSHOT.jar:?]
	at org.apache.hadoop.ozone.protocolPB.OzoneManagerProtocolServerSideTranslatorPB.submitReadRequestToOM(OzoneManagerProtocolServerSideTranslatorPB.java:213) ~[ozone-manager-1.3.0-SNAPSHOT.jar:?]
	at org.apache.hadoop.ozone.protocolPB.OzoneManagerProtocolServerSideTranslatorPB.processRequest(OzoneManagerProtocolServerSideTranslatorPB.java:174) ~[ozone-manager-1.3.0-SNAPSHOT.jar:?]
	at org.apache.hadoop.hdds.server.OzoneProtocolMessageDispatcher.processRequest(OzoneProtocolMessageDispatcher.java:87) [hdds-server-framework-1.3.0-SNAPSHOT.jar:?]
	at org.apache.hadoop.ozone.protocolPB.OzoneManagerProtocolServerSideTranslatorPB.submitRequest(OzoneManagerProtocolServerSideTranslatorPB.java:146) [ozone-manager-1.3.0-SNAPSHOT.jar:?]
	at org.apache.hadoop.ozone.protocol.proto.OzoneManagerProtocolProtos$OzoneManagerService$2.callBlockingMethod(OzoneManagerProtocolProtos.java) [ozone-interface-client-1.3.0-SNAPSHOT.jar:?]
	at org.apache.hadoop.ipc.ProtobufRpcEngine$Server.processCall(ProtobufRpcEngine.java:466) [hadoop-common-3.3.1.jar:?]
	at org.apache.hadoop.ipc.ProtobufRpcEngine2$Server$ProtoBufRpcInvoker.call(ProtobufRpcEngine2.java:574) [hadoop-common-3.3.1.jar:?]
	at org.apache.hadoop.ipc.ProtobufRpcEngine2$Server$ProtoBufRpcInvoker.call(ProtobufRpcEngine2.java:552) [hadoop-common-3.3.1.jar:?]
	at org.apache.hadoop.ipc.RPC$Server.call(RPC.java:1093) [hadoop-common-3.3.1.jar:?]
	at org.apache.hadoop.ipc.Server$RpcCall.run(Server.java:1035) [hadoop-common-3.3.1.jar:?]
	at org.apache.hadoop.ipc.Server$RpcCall.run(Server.java:963) [hadoop-common-3.3.1.jar:?]
	at java.security.AccessController.doPrivileged(Native Method) ~[?:1.8.0_322]
	at javax.security.auth.Subject.doAs(Subject.java:422) [?:1.8.0_322]
	at org.apache.hadoop.security.UserGroupInformation.doAs(UserGroupInformation.java:1878) [hadoop-common-3.3.1.jar:?]
	at org.apache.hadoop.ipc.Server$Handler.run(Server.java:2966) [hadoop-common-3.3.1.jar:?]
03:13:56.107 [IPC Server handler 7 on default port 46813] ERROR OMAudit - user=runner | ip=127.0.0.1 | op=GET_FILE_STATUS {volume=volume70653, bucket=bucket24060, key=testBatchDelete/parent, dataSize=0, replicationConfig=null} | ret=FAILURE
org.apache.hadoop.ozone.om.exceptions.OMException: Unable to get file status: volume: volume70653 bucket: bucket24060 key: testBatchDelete/parent
	at org.apache.hadoop.ozone.om.KeyManagerImpl.getOzoneFileStatus(KeyManagerImpl.java:1280) ~[ozone-manager-1.3.0-SNAPSHOT.jar:?]
	at org.apache.hadoop.ozone.om.KeyManagerImpl.getFileStatus(KeyManagerImpl.java:1210) ~[ozone-manager-1.3.0-SNAPSHOT.jar:?]
	at org.apache.hadoop.ozone.om.OzoneManager.getFileStatus(OzoneManager.java:3067) ~[ozone-manager-1.3.0-SNAPSHOT.jar:?]
	at org.apache.hadoop.ozone.protocolPB.OzoneManagerRequestHandler.getOzoneFileStatus(OzoneManagerRequestHandler.java:670) ~[ozone-manager-1.3.0-SNAPSHOT.jar:?]
	at org.apache.hadoop.ozone.protocolPB.OzoneManagerRequestHandler.handleReadRequest(OzoneManagerRequestHandler.java:201) ~[ozone-manager-1.3.0-SNAPSHOT.jar:?]
	at org.apache.hadoop.ozone.protocolPB.OzoneManagerProtocolServerSideTranslatorPB.submitReadRequestToOM(OzoneManagerProtocolServerSideTranslatorPB.java:213) ~[ozone-manager-1.3.0-SNAPSHOT.jar:?]
	at org.apache.hadoop.ozone.protocolPB.OzoneManagerProtocolServerSideTranslatorPB.processRequest(OzoneManagerProtocolServerSideTranslatorPB.java:174) ~[ozone-manager-1.3.0-SNAPSHOT.jar:?]
	at org.apache.hadoop.hdds.server.OzoneProtocolMessageDispatcher.processRequest(OzoneProtocolMessageDispatcher.java:87) [hdds-server-framework-1.3.0-SNAPSHOT.jar:?]
	at org.apache.hadoop.ozone.protocolPB.OzoneManagerProtocolServerSideTranslatorPB.submitRequest(OzoneManagerProtocolServerSideTranslatorPB.java:146) [ozone-manager-1.3.0-SNAPSHOT.jar:?]
	at org.apache.hadoop.ozone.protocol.proto.OzoneManagerProtocolProtos$OzoneManagerService$2.callBlockingMethod(OzoneManagerProtocolProtos.java) [ozone-interface-client-1.3.0-SNAPSHOT.jar:?]
	at org.apache.hadoop.ipc.ProtobufRpcEngine$Server.processCall(ProtobufRpcEngine.java:466) [hadoop-common-3.3.1.jar:?]
	at org.apache.hadoop.ipc.ProtobufRpcEngine2$Server$ProtoBufRpcInvoker.call(ProtobufRpcEngine2.java:574) [hadoop-common-3.3.1.jar:?]
	at org.apache.hadoop.ipc.ProtobufRpcEngine2$Server$ProtoBufRpcInvoker.call(ProtobufRpcEngine2.java:552) [hadoop-common-3.3.1.jar:?]
	at org.apache.hadoop.ipc.RPC$Server.call(RPC.java:1093) [hadoop-common-3.3.1.jar:?]
	at org.apache.hadoop.ipc.Server$RpcCall.run(Server.java:1035) [hadoop-common-3.3.1.jar:?]
	at org.apache.hadoop.ipc.Server$RpcCall.run(Server.java:963) [hadoop-common-3.3.1.jar:?]
	at java.security.AccessController.doPrivileged(Native Method) ~[?:1.8.0_322]
	at javax.security.auth.Subject.doAs(Subject.java:422) [?:1.8.0_322]
	at org.apache.hadoop.security.UserGroupInformation.doAs(UserGroupInformation.java:1878) [hadoop-common-3.3.1.jar:?]
	at org.apache.hadoop.ipc.Server$Handler.run(Server.java:2966) [hadoop-common-3.3.1.jar:?]
2022-05-04 03:13:56,107 [Time-limited test] WARN  ozone.BasicRootedOzoneFileSystem (BasicRootedOzoneFileSystem.java:delete(572)) - delete: Path does not exist: /volume70653/bucket24060/testBatchDelete/parent
]]></system-out>
  </testcase>
  <testcase name="testFileDelete" classname="TestRootedOzoneFileSystem" time="0.274">
    <system-out><![CDATA[2022-05-04 03:15:11,737 [Time-limited test] INFO  rpc.RpcClient (RpcClient.java:createVolume(448)) - Creating Volume: volume44219, with user21037 as owner and space quota set to -1 bytes, counts quota set to -1
2022-05-04 03:15:11,739 [IPC Server handler 9 on default port 33297] INFO  volume.OMVolumeCreateRequest (OMVolumeCreateRequest.java:validateAndUpdateCache(195)) - created volume:volume44219 for user:user21037
2022-05-04 03:15:11,743 [Time-limited test] INFO  rpc.RpcClient (RpcClient.java:createBucket(637)) - Creating Bucket: volume44219/bucket24464, with runner as owner and Versioning false and Storage Type set to DISK and Encryption set to false 
2022-05-04 03:15:11,744 [IPC Server handler 6 on default port 33297] INFO  bucket.OMBucketCreateRequest (OMBucketCreateRequest.java:validateAndUpdateCache(258)) - created bucket: bucket24464 of layout LEGACY in volume: volume44219
03:15:11.867 [IPC Server handler 7 on default port 33297] ERROR OMAudit - user=runner | ip=127.0.0.1 | op=GET_FILE_STATUS {volume=volume44219, bucket=bucket24464, key=testBatchDelete, dataSize=0, replicationConfig=null} | ret=FAILURE
org.apache.hadoop.ozone.om.exceptions.OMException: Unable to get file status: volume: volume44219 bucket: bucket24464 key: testBatchDelete
	at org.apache.hadoop.ozone.om.KeyManagerImpl.getOzoneFileStatus(KeyManagerImpl.java:1280) ~[ozone-manager-1.3.0-SNAPSHOT.jar:?]
	at org.apache.hadoop.ozone.om.KeyManagerImpl.getFileStatus(KeyManagerImpl.java:1210) ~[ozone-manager-1.3.0-SNAPSHOT.jar:?]
	at org.apache.hadoop.ozone.om.OzoneManager.getFileStatus(OzoneManager.java:3067) ~[ozone-manager-1.3.0-SNAPSHOT.jar:?]
	at org.apache.hadoop.ozone.protocolPB.OzoneManagerRequestHandler.getOzoneFileStatus(OzoneManagerRequestHandler.java:670) ~[ozone-manager-1.3.0-SNAPSHOT.jar:?]
	at org.apache.hadoop.ozone.protocolPB.OzoneManagerRequestHandler.handleReadRequest(OzoneManagerRequestHandler.java:201) ~[ozone-manager-1.3.0-SNAPSHOT.jar:?]
	at org.apache.hadoop.ozone.protocolPB.OzoneManagerProtocolServerSideTranslatorPB.submitRequestDirectlyToOM(OzoneManagerProtocolServerSideTranslatorPB.java:271) ~[ozone-manager-1.3.0-SNAPSHOT.jar:?]
	at org.apache.hadoop.ozone.protocolPB.OzoneManagerProtocolServerSideTranslatorPB.processRequest(OzoneManagerProtocolServerSideTranslatorPB.java:195) ~[ozone-manager-1.3.0-SNAPSHOT.jar:?]
	at org.apache.hadoop.hdds.server.OzoneProtocolMessageDispatcher.processRequest(OzoneProtocolMessageDispatcher.java:87) [hdds-server-framework-1.3.0-SNAPSHOT.jar:?]
	at org.apache.hadoop.ozone.protocolPB.OzoneManagerProtocolServerSideTranslatorPB.submitRequest(OzoneManagerProtocolServerSideTranslatorPB.java:146) [ozone-manager-1.3.0-SNAPSHOT.jar:?]
	at org.apache.hadoop.ozone.protocol.proto.OzoneManagerProtocolProtos$OzoneManagerService$2.callBlockingMethod(OzoneManagerProtocolProtos.java) [ozone-interface-client-1.3.0-SNAPSHOT.jar:?]
	at org.apache.hadoop.ipc.ProtobufRpcEngine$Server.processCall(ProtobufRpcEngine.java:466) [hadoop-common-3.3.1.jar:?]
	at org.apache.hadoop.ipc.ProtobufRpcEngine2$Server$ProtoBufRpcInvoker.call(ProtobufRpcEngine2.java:574) [hadoop-common-3.3.1.jar:?]
	at org.apache.hadoop.ipc.ProtobufRpcEngine2$Server$ProtoBufRpcInvoker.call(ProtobufRpcEngine2.java:552) [hadoop-common-3.3.1.jar:?]
	at org.apache.hadoop.ipc.RPC$Server.call(RPC.java:1093) [hadoop-common-3.3.1.jar:?]
	at org.apache.hadoop.ipc.Server$RpcCall.run(Server.java:1035) [hadoop-common-3.3.1.jar:?]
	at org.apache.hadoop.ipc.Server$RpcCall.run(Server.java:963) [hadoop-common-3.3.1.jar:?]
	at java.security.AccessController.doPrivileged(Native Method) ~[?:1.8.0_322]
	at javax.security.auth.Subject.doAs(Subject.java:422) [?:1.8.0_322]
	at org.apache.hadoop.security.UserGroupInformation.doAs(UserGroupInformation.java:1878) [hadoop-common-3.3.1.jar:?]
	at org.apache.hadoop.ipc.Server$Handler.run(Server.java:2966) [hadoop-common-3.3.1.jar:?]
03:15:11.868 [IPC Server handler 0 on default port 33297] ERROR OMAudit - user=runner | ip=127.0.0.1 | op=GET_FILE_STATUS {volume=volume44219, bucket=bucket24464, key=testBatchDelete/parent/child0, dataSize=0, replicationConfig=null} | ret=FAILURE
org.apache.hadoop.ozone.om.exceptions.OMException: Unable to get file status: volume: volume44219 bucket: bucket24464 key: testBatchDelete/parent/child0
	at org.apache.hadoop.ozone.om.KeyManagerImpl.getOzoneFileStatus(KeyManagerImpl.java:1280) ~[ozone-manager-1.3.0-SNAPSHOT.jar:?]
	at org.apache.hadoop.ozone.om.KeyManagerImpl.getFileStatus(KeyManagerImpl.java:1210) ~[ozone-manager-1.3.0-SNAPSHOT.jar:?]
	at org.apache.hadoop.ozone.om.OzoneManager.getFileStatus(OzoneManager.java:3067) ~[ozone-manager-1.3.0-SNAPSHOT.jar:?]
	at org.apache.hadoop.ozone.protocolPB.OzoneManagerRequestHandler.getOzoneFileStatus(OzoneManagerRequestHandler.java:670) ~[ozone-manager-1.3.0-SNAPSHOT.jar:?]
	at org.apache.hadoop.ozone.protocolPB.OzoneManagerRequestHandler.handleReadRequest(OzoneManagerRequestHandler.java:201) ~[ozone-manager-1.3.0-SNAPSHOT.jar:?]
	at org.apache.hadoop.ozone.protocolPB.OzoneManagerProtocolServerSideTranslatorPB.submitRequestDirectlyToOM(OzoneManagerProtocolServerSideTranslatorPB.java:271) ~[ozone-manager-1.3.0-SNAPSHOT.jar:?]
	at org.apache.hadoop.ozone.protocolPB.OzoneManagerProtocolServerSideTranslatorPB.processRequest(OzoneManagerProtocolServerSideTranslatorPB.java:195) ~[ozone-manager-1.3.0-SNAPSHOT.jar:?]
	at org.apache.hadoop.hdds.server.OzoneProtocolMessageDispatcher.processRequest(OzoneProtocolMessageDispatcher.java:87) [hdds-server-framework-1.3.0-SNAPSHOT.jar:?]
	at org.apache.hadoop.ozone.protocolPB.OzoneManagerProtocolServerSideTranslatorPB.submitRequest(OzoneManagerProtocolServerSideTranslatorPB.java:146) [ozone-manager-1.3.0-SNAPSHOT.jar:?]
	at org.apache.hadoop.ozone.protocol.proto.OzoneManagerProtocolProtos$OzoneManagerService$2.callBlockingMethod(OzoneManagerProtocolProtos.java) [ozone-interface-client-1.3.0-SNAPSHOT.jar:?]
	at org.apache.hadoop.ipc.ProtobufRpcEngine$Server.processCall(ProtobufRpcEngine.java:466) [hadoop-common-3.3.1.jar:?]
	at org.apache.hadoop.ipc.ProtobufRpcEngine2$Server$ProtoBufRpcInvoker.call(ProtobufRpcEngine2.java:574) [hadoop-common-3.3.1.jar:?]
	at org.apache.hadoop.ipc.ProtobufRpcEngine2$Server$ProtoBufRpcInvoker.call(ProtobufRpcEngine2.java:552) [hadoop-common-3.3.1.jar:?]
	at org.apache.hadoop.ipc.RPC$Server.call(RPC.java:1093) [hadoop-common-3.3.1.jar:?]
	at org.apache.hadoop.ipc.Server$RpcCall.run(Server.java:1035) [hadoop-common-3.3.1.jar:?]
	at org.apache.hadoop.ipc.Server$RpcCall.run(Server.java:963) [hadoop-common-3.3.1.jar:?]
	at java.security.AccessController.doPrivileged(Native Method) ~[?:1.8.0_322]
	at javax.security.auth.Subject.doAs(Subject.java:422) [?:1.8.0_322]
	at org.apache.hadoop.security.UserGroupInformation.doAs(UserGroupInformation.java:1878) [hadoop-common-3.3.1.jar:?]
	at org.apache.hadoop.ipc.Server$Handler.run(Server.java:2966) [hadoop-common-3.3.1.jar:?]
03:15:11.869 [IPC Server handler 8 on default port 33297] ERROR OMAudit - user=runner | ip=127.0.0.1 | op=GET_FILE_STATUS {volume=volume44219, bucket=bucket24464, key=testBatchDelete/parent/childFolder/child0, dataSize=0, replicationConfig=null} | ret=FAILURE
org.apache.hadoop.ozone.om.exceptions.OMException: Unable to get file status: volume: volume44219 bucket: bucket24464 key: testBatchDelete/parent/childFolder/child0
	at org.apache.hadoop.ozone.om.KeyManagerImpl.getOzoneFileStatus(KeyManagerImpl.java:1280) ~[ozone-manager-1.3.0-SNAPSHOT.jar:?]
	at org.apache.hadoop.ozone.om.KeyManagerImpl.getFileStatus(KeyManagerImpl.java:1210) ~[ozone-manager-1.3.0-SNAPSHOT.jar:?]
	at org.apache.hadoop.ozone.om.OzoneManager.getFileStatus(OzoneManager.java:3067) ~[ozone-manager-1.3.0-SNAPSHOT.jar:?]
	at org.apache.hadoop.ozone.protocolPB.OzoneManagerRequestHandler.getOzoneFileStatus(OzoneManagerRequestHandler.java:670) ~[ozone-manager-1.3.0-SNAPSHOT.jar:?]
	at org.apache.hadoop.ozone.protocolPB.OzoneManagerRequestHandler.handleReadRequest(OzoneManagerRequestHandler.java:201) ~[ozone-manager-1.3.0-SNAPSHOT.jar:?]
	at org.apache.hadoop.ozone.protocolPB.OzoneManagerProtocolServerSideTranslatorPB.submitRequestDirectlyToOM(OzoneManagerProtocolServerSideTranslatorPB.java:271) ~[ozone-manager-1.3.0-SNAPSHOT.jar:?]
	at org.apache.hadoop.ozone.protocolPB.OzoneManagerProtocolServerSideTranslatorPB.processRequest(OzoneManagerProtocolServerSideTranslatorPB.java:195) ~[ozone-manager-1.3.0-SNAPSHOT.jar:?]
	at org.apache.hadoop.hdds.server.OzoneProtocolMessageDispatcher.processRequest(OzoneProtocolMessageDispatcher.java:87) [hdds-server-framework-1.3.0-SNAPSHOT.jar:?]
	at org.apache.hadoop.ozone.protocolPB.OzoneManagerProtocolServerSideTranslatorPB.submitRequest(OzoneManagerProtocolServerSideTranslatorPB.java:146) [ozone-manager-1.3.0-SNAPSHOT.jar:?]
	at org.apache.hadoop.ozone.protocol.proto.OzoneManagerProtocolProtos$OzoneManagerService$2.callBlockingMethod(OzoneManagerProtocolProtos.java) [ozone-interface-client-1.3.0-SNAPSHOT.jar:?]
	at org.apache.hadoop.ipc.ProtobufRpcEngine$Server.processCall(ProtobufRpcEngine.java:466) [hadoop-common-3.3.1.jar:?]
	at org.apache.hadoop.ipc.ProtobufRpcEngine2$Server$ProtoBufRpcInvoker.call(ProtobufRpcEngine2.java:574) [hadoop-common-3.3.1.jar:?]
	at org.apache.hadoop.ipc.ProtobufRpcEngine2$Server$ProtoBufRpcInvoker.call(ProtobufRpcEngine2.java:552) [hadoop-common-3.3.1.jar:?]
	at org.apache.hadoop.ipc.RPC$Server.call(RPC.java:1093) [hadoop-common-3.3.1.jar:?]
	at org.apache.hadoop.ipc.Server$RpcCall.run(Server.java:1035) [hadoop-common-3.3.1.jar:?]
	at org.apache.hadoop.ipc.Server$RpcCall.run(Server.java:963) [hadoop-common-3.3.1.jar:?]
	at java.security.AccessController.doPrivileged(Native Method) ~[?:1.8.0_322]
	at javax.security.auth.Subject.doAs(Subject.java:422) [?:1.8.0_322]
	at org.apache.hadoop.security.UserGroupInformation.doAs(UserGroupInformation.java:1878) [hadoop-common-3.3.1.jar:?]
	at org.apache.hadoop.ipc.Server$Handler.run(Server.java:2966) [hadoop-common-3.3.1.jar:?]
03:15:11.870 [IPC Server handler 9 on default port 33297] ERROR OMAudit - user=runner | ip=127.0.0.1 | op=GET_FILE_STATUS {volume=volume44219, bucket=bucket24464, key=testBatchDelete/parent/child1, dataSize=0, replicationConfig=null} | ret=FAILURE
org.apache.hadoop.ozone.om.exceptions.OMException: Unable to get file status: volume: volume44219 bucket: bucket24464 key: testBatchDelete/parent/child1
	at org.apache.hadoop.ozone.om.KeyManagerImpl.getOzoneFileStatus(KeyManagerImpl.java:1280) ~[ozone-manager-1.3.0-SNAPSHOT.jar:?]
	at org.apache.hadoop.ozone.om.KeyManagerImpl.getFileStatus(KeyManagerImpl.java:1210) ~[ozone-manager-1.3.0-SNAPSHOT.jar:?]
	at org.apache.hadoop.ozone.om.OzoneManager.getFileStatus(OzoneManager.java:3067) ~[ozone-manager-1.3.0-SNAPSHOT.jar:?]
	at org.apache.hadoop.ozone.protocolPB.OzoneManagerRequestHandler.getOzoneFileStatus(OzoneManagerRequestHandler.java:670) ~[ozone-manager-1.3.0-SNAPSHOT.jar:?]
	at org.apache.hadoop.ozone.protocolPB.OzoneManagerRequestHandler.handleReadRequest(OzoneManagerRequestHandler.java:201) ~[ozone-manager-1.3.0-SNAPSHOT.jar:?]
	at org.apache.hadoop.ozone.protocolPB.OzoneManagerProtocolServerSideTranslatorPB.submitRequestDirectlyToOM(OzoneManagerProtocolServerSideTranslatorPB.java:271) ~[ozone-manager-1.3.0-SNAPSHOT.jar:?]
	at org.apache.hadoop.ozone.protocolPB.OzoneManagerProtocolServerSideTranslatorPB.processRequest(OzoneManagerProtocolServerSideTranslatorPB.java:195) ~[ozone-manager-1.3.0-SNAPSHOT.jar:?]
	at org.apache.hadoop.hdds.server.OzoneProtocolMessageDispatcher.processRequest(OzoneProtocolMessageDispatcher.java:87) [hdds-server-framework-1.3.0-SNAPSHOT.jar:?]
	at org.apache.hadoop.ozone.protocolPB.OzoneManagerProtocolServerSideTranslatorPB.submitRequest(OzoneManagerProtocolServerSideTranslatorPB.java:146) [ozone-manager-1.3.0-SNAPSHOT.jar:?]
	at org.apache.hadoop.ozone.protocol.proto.OzoneManagerProtocolProtos$OzoneManagerService$2.callBlockingMethod(OzoneManagerProtocolProtos.java) [ozone-interface-client-1.3.0-SNAPSHOT.jar:?]
	at org.apache.hadoop.ipc.ProtobufRpcEngine$Server.processCall(ProtobufRpcEngine.java:466) [hadoop-common-3.3.1.jar:?]
	at org.apache.hadoop.ipc.ProtobufRpcEngine2$Server$ProtoBufRpcInvoker.call(ProtobufRpcEngine2.java:574) [hadoop-common-3.3.1.jar:?]
	at org.apache.hadoop.ipc.ProtobufRpcEngine2$Server$ProtoBufRpcInvoker.call(ProtobufRpcEngine2.java:552) [hadoop-common-3.3.1.jar:?]
	at org.apache.hadoop.ipc.RPC$Server.call(RPC.java:1093) [hadoop-common-3.3.1.jar:?]
	at org.apache.hadoop.ipc.Server$RpcCall.run(Server.java:1035) [hadoop-common-3.3.1.jar:?]
	at org.apache.hadoop.ipc.Server$RpcCall.run(Server.java:963) [hadoop-common-3.3.1.jar:?]
	at java.security.AccessController.doPrivileged(Native Method) ~[?:1.8.0_322]
	at javax.security.auth.Subject.doAs(Subject.java:422) [?:1.8.0_322]
	at org.apache.hadoop.security.UserGroupInformation.doAs(UserGroupInformation.java:1878) [hadoop-common-3.3.1.jar:?]
	at org.apache.hadoop.ipc.Server$Handler.run(Server.java:2966) [hadoop-common-3.3.1.jar:?]
03:15:11.871 [IPC Server handler 6 on default port 33297] ERROR OMAudit - user=runner | ip=127.0.0.1 | op=GET_FILE_STATUS {volume=volume44219, bucket=bucket24464, key=testBatchDelete/parent/childFolder/child1, dataSize=0, replicationConfig=null} | ret=FAILURE
org.apache.hadoop.ozone.om.exceptions.OMException: Unable to get file status: volume: volume44219 bucket: bucket24464 key: testBatchDelete/parent/childFolder/child1
	at org.apache.hadoop.ozone.om.KeyManagerImpl.getOzoneFileStatus(KeyManagerImpl.java:1280) ~[ozone-manager-1.3.0-SNAPSHOT.jar:?]
	at org.apache.hadoop.ozone.om.KeyManagerImpl.getFileStatus(KeyManagerImpl.java:1210) ~[ozone-manager-1.3.0-SNAPSHOT.jar:?]
	at org.apache.hadoop.ozone.om.OzoneManager.getFileStatus(OzoneManager.java:3067) ~[ozone-manager-1.3.0-SNAPSHOT.jar:?]
	at org.apache.hadoop.ozone.protocolPB.OzoneManagerRequestHandler.getOzoneFileStatus(OzoneManagerRequestHandler.java:670) ~[ozone-manager-1.3.0-SNAPSHOT.jar:?]
	at org.apache.hadoop.ozone.protocolPB.OzoneManagerRequestHandler.handleReadRequest(OzoneManagerRequestHandler.java:201) ~[ozone-manager-1.3.0-SNAPSHOT.jar:?]
	at org.apache.hadoop.ozone.protocolPB.OzoneManagerProtocolServerSideTranslatorPB.submitRequestDirectlyToOM(OzoneManagerProtocolServerSideTranslatorPB.java:271) ~[ozone-manager-1.3.0-SNAPSHOT.jar:?]
	at org.apache.hadoop.ozone.protocolPB.OzoneManagerProtocolServerSideTranslatorPB.processRequest(OzoneManagerProtocolServerSideTranslatorPB.java:195) ~[ozone-manager-1.3.0-SNAPSHOT.jar:?]
	at org.apache.hadoop.hdds.server.OzoneProtocolMessageDispatcher.processRequest(OzoneProtocolMessageDispatcher.java:87) [hdds-server-framework-1.3.0-SNAPSHOT.jar:?]
	at org.apache.hadoop.ozone.protocolPB.OzoneManagerProtocolServerSideTranslatorPB.submitRequest(OzoneManagerProtocolServerSideTranslatorPB.java:146) [ozone-manager-1.3.0-SNAPSHOT.jar:?]
	at org.apache.hadoop.ozone.protocol.proto.OzoneManagerProtocolProtos$OzoneManagerService$2.callBlockingMethod(OzoneManagerProtocolProtos.java) [ozone-interface-client-1.3.0-SNAPSHOT.jar:?]
	at org.apache.hadoop.ipc.ProtobufRpcEngine$Server.processCall(ProtobufRpcEngine.java:466) [hadoop-common-3.3.1.jar:?]
	at org.apache.hadoop.ipc.ProtobufRpcEngine2$Server$ProtoBufRpcInvoker.call(ProtobufRpcEngine2.java:574) [hadoop-common-3.3.1.jar:?]
	at org.apache.hadoop.ipc.ProtobufRpcEngine2$Server$ProtoBufRpcInvoker.call(ProtobufRpcEngine2.java:552) [hadoop-common-3.3.1.jar:?]
	at org.apache.hadoop.ipc.RPC$Server.call(RPC.java:1093) [hadoop-common-3.3.1.jar:?]
	at org.apache.hadoop.ipc.Server$RpcCall.run(Server.java:1035) [hadoop-common-3.3.1.jar:?]
	at org.apache.hadoop.ipc.Server$RpcCall.run(Server.java:963) [hadoop-common-3.3.1.jar:?]
	at java.security.AccessController.doPrivileged(Native Method) ~[?:1.8.0_322]
	at javax.security.auth.Subject.doAs(Subject.java:422) [?:1.8.0_322]
	at org.apache.hadoop.security.UserGroupInformation.doAs(UserGroupInformation.java:1878) [hadoop-common-3.3.1.jar:?]
	at org.apache.hadoop.ipc.Server$Handler.run(Server.java:2966) [hadoop-common-3.3.1.jar:?]
03:15:11.872 [IPC Server handler 10 on default port 33297] ERROR OMAudit - user=runner | ip=127.0.0.1 | op=GET_FILE_STATUS {volume=volume44219, bucket=bucket24464, key=testBatchDelete/parent/child2, dataSize=0, replicationConfig=null} | ret=FAILURE
org.apache.hadoop.ozone.om.exceptions.OMException: Unable to get file status: volume: volume44219 bucket: bucket24464 key: testBatchDelete/parent/child2
	at org.apache.hadoop.ozone.om.KeyManagerImpl.getOzoneFileStatus(KeyManagerImpl.java:1280) ~[ozone-manager-1.3.0-SNAPSHOT.jar:?]
	at org.apache.hadoop.ozone.om.KeyManagerImpl.getFileStatus(KeyManagerImpl.java:1210) ~[ozone-manager-1.3.0-SNAPSHOT.jar:?]
	at org.apache.hadoop.ozone.om.OzoneManager.getFileStatus(OzoneManager.java:3067) ~[ozone-manager-1.3.0-SNAPSHOT.jar:?]
	at org.apache.hadoop.ozone.protocolPB.OzoneManagerRequestHandler.getOzoneFileStatus(OzoneManagerRequestHandler.java:670) ~[ozone-manager-1.3.0-SNAPSHOT.jar:?]
	at org.apache.hadoop.ozone.protocolPB.OzoneManagerRequestHandler.handleReadRequest(OzoneManagerRequestHandler.java:201) ~[ozone-manager-1.3.0-SNAPSHOT.jar:?]
	at org.apache.hadoop.ozone.protocolPB.OzoneManagerProtocolServerSideTranslatorPB.submitRequestDirectlyToOM(OzoneManagerProtocolServerSideTranslatorPB.java:271) ~[ozone-manager-1.3.0-SNAPSHOT.jar:?]
	at org.apache.hadoop.ozone.protocolPB.OzoneManagerProtocolServerSideTranslatorPB.processRequest(OzoneManagerProtocolServerSideTranslatorPB.java:195) ~[ozone-manager-1.3.0-SNAPSHOT.jar:?]
	at org.apache.hadoop.hdds.server.OzoneProtocolMessageDispatcher.processRequest(OzoneProtocolMessageDispatcher.java:87) [hdds-server-framework-1.3.0-SNAPSHOT.jar:?]
	at org.apache.hadoop.ozone.protocolPB.OzoneManagerProtocolServerSideTranslatorPB.submitRequest(OzoneManagerProtocolServerSideTranslatorPB.java:146) [ozone-manager-1.3.0-SNAPSHOT.jar:?]
	at org.apache.hadoop.ozone.protocol.proto.OzoneManagerProtocolProtos$OzoneManagerService$2.callBlockingMethod(OzoneManagerProtocolProtos.java) [ozone-interface-client-1.3.0-SNAPSHOT.jar:?]
	at org.apache.hadoop.ipc.ProtobufRpcEngine$Server.processCall(ProtobufRpcEngine.java:466) [hadoop-common-3.3.1.jar:?]
	at org.apache.hadoop.ipc.ProtobufRpcEngine2$Server$ProtoBufRpcInvoker.call(ProtobufRpcEngine2.java:574) [hadoop-common-3.3.1.jar:?]
	at org.apache.hadoop.ipc.ProtobufRpcEngine2$Server$ProtoBufRpcInvoker.call(ProtobufRpcEngine2.java:552) [hadoop-common-3.3.1.jar:?]
	at org.apache.hadoop.ipc.RPC$Server.call(RPC.java:1093) [hadoop-common-3.3.1.jar:?]
	at org.apache.hadoop.ipc.Server$RpcCall.run(Server.java:1035) [hadoop-common-3.3.1.jar:?]
	at org.apache.hadoop.ipc.Server$RpcCall.run(Server.java:963) [hadoop-common-3.3.1.jar:?]
	at java.security.AccessController.doPrivileged(Native Method) ~[?:1.8.0_322]
	at javax.security.auth.Subject.doAs(Subject.java:422) [?:1.8.0_322]
	at org.apache.hadoop.security.UserGroupInformation.doAs(UserGroupInformation.java:1878) [hadoop-common-3.3.1.jar:?]
	at org.apache.hadoop.ipc.Server$Handler.run(Server.java:2966) [hadoop-common-3.3.1.jar:?]
03:15:11.873 [IPC Server handler 3 on default port 33297] ERROR OMAudit - user=runner | ip=127.0.0.1 | op=GET_FILE_STATUS {volume=volume44219, bucket=bucket24464, key=testBatchDelete/parent/childFolder/child2, dataSize=0, replicationConfig=null} | ret=FAILURE
org.apache.hadoop.ozone.om.exceptions.OMException: Unable to get file status: volume: volume44219 bucket: bucket24464 key: testBatchDelete/parent/childFolder/child2
	at org.apache.hadoop.ozone.om.KeyManagerImpl.getOzoneFileStatus(KeyManagerImpl.java:1280) ~[ozone-manager-1.3.0-SNAPSHOT.jar:?]
	at org.apache.hadoop.ozone.om.KeyManagerImpl.getFileStatus(KeyManagerImpl.java:1210) ~[ozone-manager-1.3.0-SNAPSHOT.jar:?]
	at org.apache.hadoop.ozone.om.OzoneManager.getFileStatus(OzoneManager.java:3067) ~[ozone-manager-1.3.0-SNAPSHOT.jar:?]
	at org.apache.hadoop.ozone.protocolPB.OzoneManagerRequestHandler.getOzoneFileStatus(OzoneManagerRequestHandler.java:670) ~[ozone-manager-1.3.0-SNAPSHOT.jar:?]
	at org.apache.hadoop.ozone.protocolPB.OzoneManagerRequestHandler.handleReadRequest(OzoneManagerRequestHandler.java:201) ~[ozone-manager-1.3.0-SNAPSHOT.jar:?]
	at org.apache.hadoop.ozone.protocolPB.OzoneManagerProtocolServerSideTranslatorPB.submitRequestDirectlyToOM(OzoneManagerProtocolServerSideTranslatorPB.java:271) ~[ozone-manager-1.3.0-SNAPSHOT.jar:?]
	at org.apache.hadoop.ozone.protocolPB.OzoneManagerProtocolServerSideTranslatorPB.processRequest(OzoneManagerProtocolServerSideTranslatorPB.java:195) ~[ozone-manager-1.3.0-SNAPSHOT.jar:?]
	at org.apache.hadoop.hdds.server.OzoneProtocolMessageDispatcher.processRequest(OzoneProtocolMessageDispatcher.java:87) [hdds-server-framework-1.3.0-SNAPSHOT.jar:?]
	at org.apache.hadoop.ozone.protocolPB.OzoneManagerProtocolServerSideTranslatorPB.submitRequest(OzoneManagerProtocolServerSideTranslatorPB.java:146) [ozone-manager-1.3.0-SNAPSHOT.jar:?]
	at org.apache.hadoop.ozone.protocol.proto.OzoneManagerProtocolProtos$OzoneManagerService$2.callBlockingMethod(OzoneManagerProtocolProtos.java) [ozone-interface-client-1.3.0-SNAPSHOT.jar:?]
	at org.apache.hadoop.ipc.ProtobufRpcEngine$Server.processCall(ProtobufRpcEngine.java:466) [hadoop-common-3.3.1.jar:?]
	at org.apache.hadoop.ipc.ProtobufRpcEngine2$Server$ProtoBufRpcInvoker.call(ProtobufRpcEngine2.java:574) [hadoop-common-3.3.1.jar:?]
	at org.apache.hadoop.ipc.ProtobufRpcEngine2$Server$ProtoBufRpcInvoker.call(ProtobufRpcEngine2.java:552) [hadoop-common-3.3.1.jar:?]
	at org.apache.hadoop.ipc.RPC$Server.call(RPC.java:1093) [hadoop-common-3.3.1.jar:?]
	at org.apache.hadoop.ipc.Server$RpcCall.run(Server.java:1035) [hadoop-common-3.3.1.jar:?]
	at org.apache.hadoop.ipc.Server$RpcCall.run(Server.java:963) [hadoop-common-3.3.1.jar:?]
	at java.security.AccessController.doPrivileged(Native Method) ~[?:1.8.0_322]
	at javax.security.auth.Subject.doAs(Subject.java:422) [?:1.8.0_322]
	at org.apache.hadoop.security.UserGroupInformation.doAs(UserGroupInformation.java:1878) [hadoop-common-3.3.1.jar:?]
	at org.apache.hadoop.ipc.Server$Handler.run(Server.java:2966) [hadoop-common-3.3.1.jar:?]
03:15:11.874 [IPC Server handler 15 on default port 33297] ERROR OMAudit - user=runner | ip=127.0.0.1 | op=GET_FILE_STATUS {volume=volume44219, bucket=bucket24464, key=testBatchDelete/parent/child3, dataSize=0, replicationConfig=null} | ret=FAILURE
org.apache.hadoop.ozone.om.exceptions.OMException: Unable to get file status: volume: volume44219 bucket: bucket24464 key: testBatchDelete/parent/child3
	at org.apache.hadoop.ozone.om.KeyManagerImpl.getOzoneFileStatus(KeyManagerImpl.java:1280) ~[ozone-manager-1.3.0-SNAPSHOT.jar:?]
	at org.apache.hadoop.ozone.om.KeyManagerImpl.getFileStatus(KeyManagerImpl.java:1210) ~[ozone-manager-1.3.0-SNAPSHOT.jar:?]
	at org.apache.hadoop.ozone.om.OzoneManager.getFileStatus(OzoneManager.java:3067) ~[ozone-manager-1.3.0-SNAPSHOT.jar:?]
	at org.apache.hadoop.ozone.protocolPB.OzoneManagerRequestHandler.getOzoneFileStatus(OzoneManagerRequestHandler.java:670) ~[ozone-manager-1.3.0-SNAPSHOT.jar:?]
	at org.apache.hadoop.ozone.protocolPB.OzoneManagerRequestHandler.handleReadRequest(OzoneManagerRequestHandler.java:201) ~[ozone-manager-1.3.0-SNAPSHOT.jar:?]
	at org.apache.hadoop.ozone.protocolPB.OzoneManagerProtocolServerSideTranslatorPB.submitRequestDirectlyToOM(OzoneManagerProtocolServerSideTranslatorPB.java:271) ~[ozone-manager-1.3.0-SNAPSHOT.jar:?]
	at org.apache.hadoop.ozone.protocolPB.OzoneManagerProtocolServerSideTranslatorPB.processRequest(OzoneManagerProtocolServerSideTranslatorPB.java:195) ~[ozone-manager-1.3.0-SNAPSHOT.jar:?]
	at org.apache.hadoop.hdds.server.OzoneProtocolMessageDispatcher.processRequest(OzoneProtocolMessageDispatcher.java:87) [hdds-server-framework-1.3.0-SNAPSHOT.jar:?]
	at org.apache.hadoop.ozone.protocolPB.OzoneManagerProtocolServerSideTranslatorPB.submitRequest(OzoneManagerProtocolServerSideTranslatorPB.java:146) [ozone-manager-1.3.0-SNAPSHOT.jar:?]
	at org.apache.hadoop.ozone.protocol.proto.OzoneManagerProtocolProtos$OzoneManagerService$2.callBlockingMethod(OzoneManagerProtocolProtos.java) [ozone-interface-client-1.3.0-SNAPSHOT.jar:?]
	at org.apache.hadoop.ipc.ProtobufRpcEngine$Server.processCall(ProtobufRpcEngine.java:466) [hadoop-common-3.3.1.jar:?]
	at org.apache.hadoop.ipc.ProtobufRpcEngine2$Server$ProtoBufRpcInvoker.call(ProtobufRpcEngine2.java:574) [hadoop-common-3.3.1.jar:?]
	at org.apache.hadoop.ipc.ProtobufRpcEngine2$Server$ProtoBufRpcInvoker.call(ProtobufRpcEngine2.java:552) [hadoop-common-3.3.1.jar:?]
	at org.apache.hadoop.ipc.RPC$Server.call(RPC.java:1093) [hadoop-common-3.3.1.jar:?]
	at org.apache.hadoop.ipc.Server$RpcCall.run(Server.java:1035) [hadoop-common-3.3.1.jar:?]
	at org.apache.hadoop.ipc.Server$RpcCall.run(Server.java:963) [hadoop-common-3.3.1.jar:?]
	at java.security.AccessController.doPrivileged(Native Method) ~[?:1.8.0_322]
	at javax.security.auth.Subject.doAs(Subject.java:422) [?:1.8.0_322]
	at org.apache.hadoop.security.UserGroupInformation.doAs(UserGroupInformation.java:1878) [hadoop-common-3.3.1.jar:?]
	at org.apache.hadoop.ipc.Server$Handler.run(Server.java:2966) [hadoop-common-3.3.1.jar:?]
03:15:11.875 [IPC Server handler 14 on default port 33297] ERROR OMAudit - user=runner | ip=127.0.0.1 | op=GET_FILE_STATUS {volume=volume44219, bucket=bucket24464, key=testBatchDelete/parent/childFolder/child3, dataSize=0, replicationConfig=null} | ret=FAILURE
org.apache.hadoop.ozone.om.exceptions.OMException: Unable to get file status: volume: volume44219 bucket: bucket24464 key: testBatchDelete/parent/childFolder/child3
	at org.apache.hadoop.ozone.om.KeyManagerImpl.getOzoneFileStatus(KeyManagerImpl.java:1280) ~[ozone-manager-1.3.0-SNAPSHOT.jar:?]
	at org.apache.hadoop.ozone.om.KeyManagerImpl.getFileStatus(KeyManagerImpl.java:1210) ~[ozone-manager-1.3.0-SNAPSHOT.jar:?]
	at org.apache.hadoop.ozone.om.OzoneManager.getFileStatus(OzoneManager.java:3067) ~[ozone-manager-1.3.0-SNAPSHOT.jar:?]
	at org.apache.hadoop.ozone.protocolPB.OzoneManagerRequestHandler.getOzoneFileStatus(OzoneManagerRequestHandler.java:670) ~[ozone-manager-1.3.0-SNAPSHOT.jar:?]
	at org.apache.hadoop.ozone.protocolPB.OzoneManagerRequestHandler.handleReadRequest(OzoneManagerRequestHandler.java:201) ~[ozone-manager-1.3.0-SNAPSHOT.jar:?]
	at org.apache.hadoop.ozone.protocolPB.OzoneManagerProtocolServerSideTranslatorPB.submitRequestDirectlyToOM(OzoneManagerProtocolServerSideTranslatorPB.java:271) ~[ozone-manager-1.3.0-SNAPSHOT.jar:?]
	at org.apache.hadoop.ozone.protocolPB.OzoneManagerProtocolServerSideTranslatorPB.processRequest(OzoneManagerProtocolServerSideTranslatorPB.java:195) ~[ozone-manager-1.3.0-SNAPSHOT.jar:?]
	at org.apache.hadoop.hdds.server.OzoneProtocolMessageDispatcher.processRequest(OzoneProtocolMessageDispatcher.java:87) [hdds-server-framework-1.3.0-SNAPSHOT.jar:?]
	at org.apache.hadoop.ozone.protocolPB.OzoneManagerProtocolServerSideTranslatorPB.submitRequest(OzoneManagerProtocolServerSideTranslatorPB.java:146) [ozone-manager-1.3.0-SNAPSHOT.jar:?]
	at org.apache.hadoop.ozone.protocol.proto.OzoneManagerProtocolProtos$OzoneManagerService$2.callBlockingMethod(OzoneManagerProtocolProtos.java) [ozone-interface-client-1.3.0-SNAPSHOT.jar:?]
	at org.apache.hadoop.ipc.ProtobufRpcEngine$Server.processCall(ProtobufRpcEngine.java:466) [hadoop-common-3.3.1.jar:?]
	at org.apache.hadoop.ipc.ProtobufRpcEngine2$Server$ProtoBufRpcInvoker.call(ProtobufRpcEngine2.java:574) [hadoop-common-3.3.1.jar:?]
	at org.apache.hadoop.ipc.ProtobufRpcEngine2$Server$ProtoBufRpcInvoker.call(ProtobufRpcEngine2.java:552) [hadoop-common-3.3.1.jar:?]
	at org.apache.hadoop.ipc.RPC$Server.call(RPC.java:1093) [hadoop-common-3.3.1.jar:?]
	at org.apache.hadoop.ipc.Server$RpcCall.run(Server.java:1035) [hadoop-common-3.3.1.jar:?]
	at org.apache.hadoop.ipc.Server$RpcCall.run(Server.java:963) [hadoop-common-3.3.1.jar:?]
	at java.security.AccessController.doPrivileged(Native Method) ~[?:1.8.0_322]
	at javax.security.auth.Subject.doAs(Subject.java:422) [?:1.8.0_322]
	at org.apache.hadoop.security.UserGroupInformation.doAs(UserGroupInformation.java:1878) [hadoop-common-3.3.1.jar:?]
	at org.apache.hadoop.ipc.Server$Handler.run(Server.java:2966) [hadoop-common-3.3.1.jar:?]
03:15:11.878 [IPC Server handler 17 on default port 33297] ERROR OMAudit - user=runner | ip=127.0.0.1 | op=GET_FILE_STATUS {volume=volume44219, bucket=bucket24464, key=testBatchDelete/parent/child4, dataSize=0, replicationConfig=null} | ret=FAILURE
org.apache.hadoop.ozone.om.exceptions.OMException: Unable to get file status: volume: volume44219 bucket: bucket24464 key: testBatchDelete/parent/child4
	at org.apache.hadoop.ozone.om.KeyManagerImpl.getOzoneFileStatus(KeyManagerImpl.java:1280) ~[ozone-manager-1.3.0-SNAPSHOT.jar:?]
	at org.apache.hadoop.ozone.om.KeyManagerImpl.getFileStatus(KeyManagerImpl.java:1210) ~[ozone-manager-1.3.0-SNAPSHOT.jar:?]
	at org.apache.hadoop.ozone.om.OzoneManager.getFileStatus(OzoneManager.java:3067) ~[ozone-manager-1.3.0-SNAPSHOT.jar:?]
	at org.apache.hadoop.ozone.protocolPB.OzoneManagerRequestHandler.getOzoneFileStatus(OzoneManagerRequestHandler.java:670) ~[ozone-manager-1.3.0-SNAPSHOT.jar:?]
	at org.apache.hadoop.ozone.protocolPB.OzoneManagerRequestHandler.handleReadRequest(OzoneManagerRequestHandler.java:201) ~[ozone-manager-1.3.0-SNAPSHOT.jar:?]
	at org.apache.hadoop.ozone.protocolPB.OzoneManagerProtocolServerSideTranslatorPB.submitRequestDirectlyToOM(OzoneManagerProtocolServerSideTranslatorPB.java:271) ~[ozone-manager-1.3.0-SNAPSHOT.jar:?]
	at org.apache.hadoop.ozone.protocolPB.OzoneManagerProtocolServerSideTranslatorPB.processRequest(OzoneManagerProtocolServerSideTranslatorPB.java:195) ~[ozone-manager-1.3.0-SNAPSHOT.jar:?]
	at org.apache.hadoop.hdds.server.OzoneProtocolMessageDispatcher.processRequest(OzoneProtocolMessageDispatcher.java:87) [hdds-server-framework-1.3.0-SNAPSHOT.jar:?]
	at org.apache.hadoop.ozone.protocolPB.OzoneManagerProtocolServerSideTranslatorPB.submitRequest(OzoneManagerProtocolServerSideTranslatorPB.java:146) [ozone-manager-1.3.0-SNAPSHOT.jar:?]
	at org.apache.hadoop.ozone.protocol.proto.OzoneManagerProtocolProtos$OzoneManagerService$2.callBlockingMethod(OzoneManagerProtocolProtos.java) [ozone-interface-client-1.3.0-SNAPSHOT.jar:?]
	at org.apache.hadoop.ipc.ProtobufRpcEngine$Server.processCall(ProtobufRpcEngine.java:466) [hadoop-common-3.3.1.jar:?]
	at org.apache.hadoop.ipc.ProtobufRpcEngine2$Server$ProtoBufRpcInvoker.call(ProtobufRpcEngine2.java:574) [hadoop-common-3.3.1.jar:?]
	at org.apache.hadoop.ipc.ProtobufRpcEngine2$Server$ProtoBufRpcInvoker.call(ProtobufRpcEngine2.java:552) [hadoop-common-3.3.1.jar:?]
	at org.apache.hadoop.ipc.RPC$Server.call(RPC.java:1093) [hadoop-common-3.3.1.jar:?]
	at org.apache.hadoop.ipc.Server$RpcCall.run(Server.java:1035) [hadoop-common-3.3.1.jar:?]
	at org.apache.hadoop.ipc.Server$RpcCall.run(Server.java:963) [hadoop-common-3.3.1.jar:?]
	at java.security.AccessController.doPrivileged(Native Method) ~[?:1.8.0_322]
	at javax.security.auth.Subject.doAs(Subject.java:422) [?:1.8.0_322]
	at org.apache.hadoop.security.UserGroupInformation.doAs(UserGroupInformation.java:1878) [hadoop-common-3.3.1.jar:?]
	at org.apache.hadoop.ipc.Server$Handler.run(Server.java:2966) [hadoop-common-3.3.1.jar:?]
03:15:11.882 [IPC Server handler 7 on default port 33297] ERROR OMAudit - user=runner | ip=127.0.0.1 | op=GET_FILE_STATUS {volume=volume44219, bucket=bucket24464, key=testBatchDelete/parent/childFolder/child4, dataSize=0, replicationConfig=null} | ret=FAILURE
org.apache.hadoop.ozone.om.exceptions.OMException: Unable to get file status: volume: volume44219 bucket: bucket24464 key: testBatchDelete/parent/childFolder/child4
	at org.apache.hadoop.ozone.om.KeyManagerImpl.getOzoneFileStatus(KeyManagerImpl.java:1280) ~[ozone-manager-1.3.0-SNAPSHOT.jar:?]
	at org.apache.hadoop.ozone.om.KeyManagerImpl.getFileStatus(KeyManagerImpl.java:1210) ~[ozone-manager-1.3.0-SNAPSHOT.jar:?]
	at org.apache.hadoop.ozone.om.OzoneManager.getFileStatus(OzoneManager.java:3067) ~[ozone-manager-1.3.0-SNAPSHOT.jar:?]
	at org.apache.hadoop.ozone.protocolPB.OzoneManagerRequestHandler.getOzoneFileStatus(OzoneManagerRequestHandler.java:670) ~[ozone-manager-1.3.0-SNAPSHOT.jar:?]
	at org.apache.hadoop.ozone.protocolPB.OzoneManagerRequestHandler.handleReadRequest(OzoneManagerRequestHandler.java:201) ~[ozone-manager-1.3.0-SNAPSHOT.jar:?]
	at org.apache.hadoop.ozone.protocolPB.OzoneManagerProtocolServerSideTranslatorPB.submitRequestDirectlyToOM(OzoneManagerProtocolServerSideTranslatorPB.java:271) ~[ozone-manager-1.3.0-SNAPSHOT.jar:?]
	at org.apache.hadoop.ozone.protocolPB.OzoneManagerProtocolServerSideTranslatorPB.processRequest(OzoneManagerProtocolServerSideTranslatorPB.java:195) ~[ozone-manager-1.3.0-SNAPSHOT.jar:?]
	at org.apache.hadoop.hdds.server.OzoneProtocolMessageDispatcher.processRequest(OzoneProtocolMessageDispatcher.java:87) [hdds-server-framework-1.3.0-SNAPSHOT.jar:?]
	at org.apache.hadoop.ozone.protocolPB.OzoneManagerProtocolServerSideTranslatorPB.submitRequest(OzoneManagerProtocolServerSideTranslatorPB.java:146) [ozone-manager-1.3.0-SNAPSHOT.jar:?]
	at org.apache.hadoop.ozone.protocol.proto.OzoneManagerProtocolProtos$OzoneManagerService$2.callBlockingMethod(OzoneManagerProtocolProtos.java) [ozone-interface-client-1.3.0-SNAPSHOT.jar:?]
	at org.apache.hadoop.ipc.ProtobufRpcEngine$Server.processCall(ProtobufRpcEngine.java:466) [hadoop-common-3.3.1.jar:?]
	at org.apache.hadoop.ipc.ProtobufRpcEngine2$Server$ProtoBufRpcInvoker.call(ProtobufRpcEngine2.java:574) [hadoop-common-3.3.1.jar:?]
	at org.apache.hadoop.ipc.ProtobufRpcEngine2$Server$ProtoBufRpcInvoker.call(ProtobufRpcEngine2.java:552) [hadoop-common-3.3.1.jar:?]
	at org.apache.hadoop.ipc.RPC$Server.call(RPC.java:1093) [hadoop-common-3.3.1.jar:?]
	at org.apache.hadoop.ipc.Server$RpcCall.run(Server.java:1035) [hadoop-common-3.3.1.jar:?]
	at org.apache.hadoop.ipc.Server$RpcCall.run(Server.java:963) [hadoop-common-3.3.1.jar:?]
	at java.security.AccessController.doPrivileged(Native Method) ~[?:1.8.0_322]
	at javax.security.auth.Subject.doAs(Subject.java:422) [?:1.8.0_322]
	at org.apache.hadoop.security.UserGroupInformation.doAs(UserGroupInformation.java:1878) [hadoop-common-3.3.1.jar:?]
	at org.apache.hadoop.ipc.Server$Handler.run(Server.java:2966) [hadoop-common-3.3.1.jar:?]
03:15:11.883 [IPC Server handler 0 on default port 33297] ERROR OMAudit - user=runner | ip=127.0.0.1 | op=GET_FILE_STATUS {volume=volume44219, bucket=bucket24464, key=testBatchDelete/parent/child5, dataSize=0, replicationConfig=null} | ret=FAILURE
org.apache.hadoop.ozone.om.exceptions.OMException: Unable to get file status: volume: volume44219 bucket: bucket24464 key: testBatchDelete/parent/child5
	at org.apache.hadoop.ozone.om.KeyManagerImpl.getOzoneFileStatus(KeyManagerImpl.java:1280) ~[ozone-manager-1.3.0-SNAPSHOT.jar:?]
	at org.apache.hadoop.ozone.om.KeyManagerImpl.getFileStatus(KeyManagerImpl.java:1210) ~[ozone-manager-1.3.0-SNAPSHOT.jar:?]
	at org.apache.hadoop.ozone.om.OzoneManager.getFileStatus(OzoneManager.java:3067) ~[ozone-manager-1.3.0-SNAPSHOT.jar:?]
	at org.apache.hadoop.ozone.protocolPB.OzoneManagerRequestHandler.getOzoneFileStatus(OzoneManagerRequestHandler.java:670) ~[ozone-manager-1.3.0-SNAPSHOT.jar:?]
	at org.apache.hadoop.ozone.protocolPB.OzoneManagerRequestHandler.handleReadRequest(OzoneManagerRequestHandler.java:201) ~[ozone-manager-1.3.0-SNAPSHOT.jar:?]
	at org.apache.hadoop.ozone.protocolPB.OzoneManagerProtocolServerSideTranslatorPB.submitRequestDirectlyToOM(OzoneManagerProtocolServerSideTranslatorPB.java:271) ~[ozone-manager-1.3.0-SNAPSHOT.jar:?]
	at org.apache.hadoop.ozone.protocolPB.OzoneManagerProtocolServerSideTranslatorPB.processRequest(OzoneManagerProtocolServerSideTranslatorPB.java:195) ~[ozone-manager-1.3.0-SNAPSHOT.jar:?]
	at org.apache.hadoop.hdds.server.OzoneProtocolMessageDispatcher.processRequest(OzoneProtocolMessageDispatcher.java:87) [hdds-server-framework-1.3.0-SNAPSHOT.jar:?]
	at org.apache.hadoop.ozone.protocolPB.OzoneManagerProtocolServerSideTranslatorPB.submitRequest(OzoneManagerProtocolServerSideTranslatorPB.java:146) [ozone-manager-1.3.0-SNAPSHOT.jar:?]
	at org.apache.hadoop.ozone.protocol.proto.OzoneManagerProtocolProtos$OzoneManagerService$2.callBlockingMethod(OzoneManagerProtocolProtos.java) [ozone-interface-client-1.3.0-SNAPSHOT.jar:?]
	at org.apache.hadoop.ipc.ProtobufRpcEngine$Server.processCall(ProtobufRpcEngine.java:466) [hadoop-common-3.3.1.jar:?]
	at org.apache.hadoop.ipc.ProtobufRpcEngine2$Server$ProtoBufRpcInvoker.call(ProtobufRpcEngine2.java:574) [hadoop-common-3.3.1.jar:?]
	at org.apache.hadoop.ipc.ProtobufRpcEngine2$Server$ProtoBufRpcInvoker.call(ProtobufRpcEngine2.java:552) [hadoop-common-3.3.1.jar:?]
	at org.apache.hadoop.ipc.RPC$Server.call(RPC.java:1093) [hadoop-common-3.3.1.jar:?]
	at org.apache.hadoop.ipc.Server$RpcCall.run(Server.java:1035) [hadoop-common-3.3.1.jar:?]
	at org.apache.hadoop.ipc.Server$RpcCall.run(Server.java:963) [hadoop-common-3.3.1.jar:?]
	at java.security.AccessController.doPrivileged(Native Method) ~[?:1.8.0_322]
	at javax.security.auth.Subject.doAs(Subject.java:422) [?:1.8.0_322]
	at org.apache.hadoop.security.UserGroupInformation.doAs(UserGroupInformation.java:1878) [hadoop-common-3.3.1.jar:?]
	at org.apache.hadoop.ipc.Server$Handler.run(Server.java:2966) [hadoop-common-3.3.1.jar:?]
03:15:11.884 [IPC Server handler 8 on default port 33297] ERROR OMAudit - user=runner | ip=127.0.0.1 | op=GET_FILE_STATUS {volume=volume44219, bucket=bucket24464, key=testBatchDelete/parent/childFolder/child5, dataSize=0, replicationConfig=null} | ret=FAILURE
org.apache.hadoop.ozone.om.exceptions.OMException: Unable to get file status: volume: volume44219 bucket: bucket24464 key: testBatchDelete/parent/childFolder/child5
	at org.apache.hadoop.ozone.om.KeyManagerImpl.getOzoneFileStatus(KeyManagerImpl.java:1280) ~[ozone-manager-1.3.0-SNAPSHOT.jar:?]
	at org.apache.hadoop.ozone.om.KeyManagerImpl.getFileStatus(KeyManagerImpl.java:1210) ~[ozone-manager-1.3.0-SNAPSHOT.jar:?]
	at org.apache.hadoop.ozone.om.OzoneManager.getFileStatus(OzoneManager.java:3067) ~[ozone-manager-1.3.0-SNAPSHOT.jar:?]
	at org.apache.hadoop.ozone.protocolPB.OzoneManagerRequestHandler.getOzoneFileStatus(OzoneManagerRequestHandler.java:670) ~[ozone-manager-1.3.0-SNAPSHOT.jar:?]
	at org.apache.hadoop.ozone.protocolPB.OzoneManagerRequestHandler.handleReadRequest(OzoneManagerRequestHandler.java:201) ~[ozone-manager-1.3.0-SNAPSHOT.jar:?]
	at org.apache.hadoop.ozone.protocolPB.OzoneManagerProtocolServerSideTranslatorPB.submitRequestDirectlyToOM(OzoneManagerProtocolServerSideTranslatorPB.java:271) ~[ozone-manager-1.3.0-SNAPSHOT.jar:?]
	at org.apache.hadoop.ozone.protocolPB.OzoneManagerProtocolServerSideTranslatorPB.processRequest(OzoneManagerProtocolServerSideTranslatorPB.java:195) ~[ozone-manager-1.3.0-SNAPSHOT.jar:?]
	at org.apache.hadoop.hdds.server.OzoneProtocolMessageDispatcher.processRequest(OzoneProtocolMessageDispatcher.java:87) [hdds-server-framework-1.3.0-SNAPSHOT.jar:?]
	at org.apache.hadoop.ozone.protocolPB.OzoneManagerProtocolServerSideTranslatorPB.submitRequest(OzoneManagerProtocolServerSideTranslatorPB.java:146) [ozone-manager-1.3.0-SNAPSHOT.jar:?]
	at org.apache.hadoop.ozone.protocol.proto.OzoneManagerProtocolProtos$OzoneManagerService$2.callBlockingMethod(OzoneManagerProtocolProtos.java) [ozone-interface-client-1.3.0-SNAPSHOT.jar:?]
	at org.apache.hadoop.ipc.ProtobufRpcEngine$Server.processCall(ProtobufRpcEngine.java:466) [hadoop-common-3.3.1.jar:?]
	at org.apache.hadoop.ipc.ProtobufRpcEngine2$Server$ProtoBufRpcInvoker.call(ProtobufRpcEngine2.java:574) [hadoop-common-3.3.1.jar:?]
	at org.apache.hadoop.ipc.ProtobufRpcEngine2$Server$ProtoBufRpcInvoker.call(ProtobufRpcEngine2.java:552) [hadoop-common-3.3.1.jar:?]
	at org.apache.hadoop.ipc.RPC$Server.call(RPC.java:1093) [hadoop-common-3.3.1.jar:?]
	at org.apache.hadoop.ipc.Server$RpcCall.run(Server.java:1035) [hadoop-common-3.3.1.jar:?]
	at org.apache.hadoop.ipc.Server$RpcCall.run(Server.java:963) [hadoop-common-3.3.1.jar:?]
	at java.security.AccessController.doPrivileged(Native Method) ~[?:1.8.0_322]
	at javax.security.auth.Subject.doAs(Subject.java:422) [?:1.8.0_322]
	at org.apache.hadoop.security.UserGroupInformation.doAs(UserGroupInformation.java:1878) [hadoop-common-3.3.1.jar:?]
	at org.apache.hadoop.ipc.Server$Handler.run(Server.java:2966) [hadoop-common-3.3.1.jar:?]
03:15:11.885 [IPC Server handler 9 on default port 33297] ERROR OMAudit - user=runner | ip=127.0.0.1 | op=GET_FILE_STATUS {volume=volume44219, bucket=bucket24464, key=testBatchDelete/parent/child6, dataSize=0, replicationConfig=null} | ret=FAILURE
org.apache.hadoop.ozone.om.exceptions.OMException: Unable to get file status: volume: volume44219 bucket: bucket24464 key: testBatchDelete/parent/child6
	at org.apache.hadoop.ozone.om.KeyManagerImpl.getOzoneFileStatus(KeyManagerImpl.java:1280) ~[ozone-manager-1.3.0-SNAPSHOT.jar:?]
	at org.apache.hadoop.ozone.om.KeyManagerImpl.getFileStatus(KeyManagerImpl.java:1210) ~[ozone-manager-1.3.0-SNAPSHOT.jar:?]
	at org.apache.hadoop.ozone.om.OzoneManager.getFileStatus(OzoneManager.java:3067) ~[ozone-manager-1.3.0-SNAPSHOT.jar:?]
	at org.apache.hadoop.ozone.protocolPB.OzoneManagerRequestHandler.getOzoneFileStatus(OzoneManagerRequestHandler.java:670) ~[ozone-manager-1.3.0-SNAPSHOT.jar:?]
	at org.apache.hadoop.ozone.protocolPB.OzoneManagerRequestHandler.handleReadRequest(OzoneManagerRequestHandler.java:201) ~[ozone-manager-1.3.0-SNAPSHOT.jar:?]
	at org.apache.hadoop.ozone.protocolPB.OzoneManagerProtocolServerSideTranslatorPB.submitRequestDirectlyToOM(OzoneManagerProtocolServerSideTranslatorPB.java:271) ~[ozone-manager-1.3.0-SNAPSHOT.jar:?]
	at org.apache.hadoop.ozone.protocolPB.OzoneManagerProtocolServerSideTranslatorPB.processRequest(OzoneManagerProtocolServerSideTranslatorPB.java:195) ~[ozone-manager-1.3.0-SNAPSHOT.jar:?]
	at org.apache.hadoop.hdds.server.OzoneProtocolMessageDispatcher.processRequest(OzoneProtocolMessageDispatcher.java:87) [hdds-server-framework-1.3.0-SNAPSHOT.jar:?]
	at org.apache.hadoop.ozone.protocolPB.OzoneManagerProtocolServerSideTranslatorPB.submitRequest(OzoneManagerProtocolServerSideTranslatorPB.java:146) [ozone-manager-1.3.0-SNAPSHOT.jar:?]
	at org.apache.hadoop.ozone.protocol.proto.OzoneManagerProtocolProtos$OzoneManagerService$2.callBlockingMethod(OzoneManagerProtocolProtos.java) [ozone-interface-client-1.3.0-SNAPSHOT.jar:?]
	at org.apache.hadoop.ipc.ProtobufRpcEngine$Server.processCall(ProtobufRpcEngine.java:466) [hadoop-common-3.3.1.jar:?]
	at org.apache.hadoop.ipc.ProtobufRpcEngine2$Server$ProtoBufRpcInvoker.call(ProtobufRpcEngine2.java:574) [hadoop-common-3.3.1.jar:?]
	at org.apache.hadoop.ipc.ProtobufRpcEngine2$Server$ProtoBufRpcInvoker.call(ProtobufRpcEngine2.java:552) [hadoop-common-3.3.1.jar:?]
	at org.apache.hadoop.ipc.RPC$Server.call(RPC.java:1093) [hadoop-common-3.3.1.jar:?]
	at org.apache.hadoop.ipc.Server$RpcCall.run(Server.java:1035) [hadoop-common-3.3.1.jar:?]
	at org.apache.hadoop.ipc.Server$RpcCall.run(Server.java:963) [hadoop-common-3.3.1.jar:?]
	at java.security.AccessController.doPrivileged(Native Method) ~[?:1.8.0_322]
	at javax.security.auth.Subject.doAs(Subject.java:422) [?:1.8.0_322]
	at org.apache.hadoop.security.UserGroupInformation.doAs(UserGroupInformation.java:1878) [hadoop-common-3.3.1.jar:?]
	at org.apache.hadoop.ipc.Server$Handler.run(Server.java:2966) [hadoop-common-3.3.1.jar:?]
03:15:11.886 [IPC Server handler 6 on default port 33297] ERROR OMAudit - user=runner | ip=127.0.0.1 | op=GET_FILE_STATUS {volume=volume44219, bucket=bucket24464, key=testBatchDelete/parent/childFolder/child6, dataSize=0, replicationConfig=null} | ret=FAILURE
org.apache.hadoop.ozone.om.exceptions.OMException: Unable to get file status: volume: volume44219 bucket: bucket24464 key: testBatchDelete/parent/childFolder/child6
	at org.apache.hadoop.ozone.om.KeyManagerImpl.getOzoneFileStatus(KeyManagerImpl.java:1280) ~[ozone-manager-1.3.0-SNAPSHOT.jar:?]
	at org.apache.hadoop.ozone.om.KeyManagerImpl.getFileStatus(KeyManagerImpl.java:1210) ~[ozone-manager-1.3.0-SNAPSHOT.jar:?]
	at org.apache.hadoop.ozone.om.OzoneManager.getFileStatus(OzoneManager.java:3067) ~[ozone-manager-1.3.0-SNAPSHOT.jar:?]
	at org.apache.hadoop.ozone.protocolPB.OzoneManagerRequestHandler.getOzoneFileStatus(OzoneManagerRequestHandler.java:670) ~[ozone-manager-1.3.0-SNAPSHOT.jar:?]
	at org.apache.hadoop.ozone.protocolPB.OzoneManagerRequestHandler.handleReadRequest(OzoneManagerRequestHandler.java:201) ~[ozone-manager-1.3.0-SNAPSHOT.jar:?]
	at org.apache.hadoop.ozone.protocolPB.OzoneManagerProtocolServerSideTranslatorPB.submitRequestDirectlyToOM(OzoneManagerProtocolServerSideTranslatorPB.java:271) ~[ozone-manager-1.3.0-SNAPSHOT.jar:?]
	at org.apache.hadoop.ozone.protocolPB.OzoneManagerProtocolServerSideTranslatorPB.processRequest(OzoneManagerProtocolServerSideTranslatorPB.java:195) ~[ozone-manager-1.3.0-SNAPSHOT.jar:?]
	at org.apache.hadoop.hdds.server.OzoneProtocolMessageDispatcher.processRequest(OzoneProtocolMessageDispatcher.java:87) [hdds-server-framework-1.3.0-SNAPSHOT.jar:?]
	at org.apache.hadoop.ozone.protocolPB.OzoneManagerProtocolServerSideTranslatorPB.submitRequest(OzoneManagerProtocolServerSideTranslatorPB.java:146) [ozone-manager-1.3.0-SNAPSHOT.jar:?]
	at org.apache.hadoop.ozone.protocol.proto.OzoneManagerProtocolProtos$OzoneManagerService$2.callBlockingMethod(OzoneManagerProtocolProtos.java) [ozone-interface-client-1.3.0-SNAPSHOT.jar:?]
	at org.apache.hadoop.ipc.ProtobufRpcEngine$Server.processCall(ProtobufRpcEngine.java:466) [hadoop-common-3.3.1.jar:?]
	at org.apache.hadoop.ipc.ProtobufRpcEngine2$Server$ProtoBufRpcInvoker.call(ProtobufRpcEngine2.java:574) [hadoop-common-3.3.1.jar:?]
	at org.apache.hadoop.ipc.ProtobufRpcEngine2$Server$ProtoBufRpcInvoker.call(ProtobufRpcEngine2.java:552) [hadoop-common-3.3.1.jar:?]
	at org.apache.hadoop.ipc.RPC$Server.call(RPC.java:1093) [hadoop-common-3.3.1.jar:?]
	at org.apache.hadoop.ipc.Server$RpcCall.run(Server.java:1035) [hadoop-common-3.3.1.jar:?]
	at org.apache.hadoop.ipc.Server$RpcCall.run(Server.java:963) [hadoop-common-3.3.1.jar:?]
	at java.security.AccessController.doPrivileged(Native Method) ~[?:1.8.0_322]
	at javax.security.auth.Subject.doAs(Subject.java:422) [?:1.8.0_322]
	at org.apache.hadoop.security.UserGroupInformation.doAs(UserGroupInformation.java:1878) [hadoop-common-3.3.1.jar:?]
	at org.apache.hadoop.ipc.Server$Handler.run(Server.java:2966) [hadoop-common-3.3.1.jar:?]
03:15:11.887 [IPC Server handler 10 on default port 33297] ERROR OMAudit - user=runner | ip=127.0.0.1 | op=GET_FILE_STATUS {volume=volume44219, bucket=bucket24464, key=testBatchDelete/parent/child7, dataSize=0, replicationConfig=null} | ret=FAILURE
org.apache.hadoop.ozone.om.exceptions.OMException: Unable to get file status: volume: volume44219 bucket: bucket24464 key: testBatchDelete/parent/child7
	at org.apache.hadoop.ozone.om.KeyManagerImpl.getOzoneFileStatus(KeyManagerImpl.java:1280) ~[ozone-manager-1.3.0-SNAPSHOT.jar:?]
	at org.apache.hadoop.ozone.om.KeyManagerImpl.getFileStatus(KeyManagerImpl.java:1210) ~[ozone-manager-1.3.0-SNAPSHOT.jar:?]
	at org.apache.hadoop.ozone.om.OzoneManager.getFileStatus(OzoneManager.java:3067) ~[ozone-manager-1.3.0-SNAPSHOT.jar:?]
	at org.apache.hadoop.ozone.protocolPB.OzoneManagerRequestHandler.getOzoneFileStatus(OzoneManagerRequestHandler.java:670) ~[ozone-manager-1.3.0-SNAPSHOT.jar:?]
	at org.apache.hadoop.ozone.protocolPB.OzoneManagerRequestHandler.handleReadRequest(OzoneManagerRequestHandler.java:201) ~[ozone-manager-1.3.0-SNAPSHOT.jar:?]
	at org.apache.hadoop.ozone.protocolPB.OzoneManagerProtocolServerSideTranslatorPB.submitRequestDirectlyToOM(OzoneManagerProtocolServerSideTranslatorPB.java:271) ~[ozone-manager-1.3.0-SNAPSHOT.jar:?]
	at org.apache.hadoop.ozone.protocolPB.OzoneManagerProtocolServerSideTranslatorPB.processRequest(OzoneManagerProtocolServerSideTranslatorPB.java:195) ~[ozone-manager-1.3.0-SNAPSHOT.jar:?]
	at org.apache.hadoop.hdds.server.OzoneProtocolMessageDispatcher.processRequest(OzoneProtocolMessageDispatcher.java:87) [hdds-server-framework-1.3.0-SNAPSHOT.jar:?]
	at org.apache.hadoop.ozone.protocolPB.OzoneManagerProtocolServerSideTranslatorPB.submitRequest(OzoneManagerProtocolServerSideTranslatorPB.java:146) [ozone-manager-1.3.0-SNAPSHOT.jar:?]
	at org.apache.hadoop.ozone.protocol.proto.OzoneManagerProtocolProtos$OzoneManagerService$2.callBlockingMethod(OzoneManagerProtocolProtos.java) [ozone-interface-client-1.3.0-SNAPSHOT.jar:?]
	at org.apache.hadoop.ipc.ProtobufRpcEngine$Server.processCall(ProtobufRpcEngine.java:466) [hadoop-common-3.3.1.jar:?]
	at org.apache.hadoop.ipc.ProtobufRpcEngine2$Server$ProtoBufRpcInvoker.call(ProtobufRpcEngine2.java:574) [hadoop-common-3.3.1.jar:?]
	at org.apache.hadoop.ipc.ProtobufRpcEngine2$Server$ProtoBufRpcInvoker.call(ProtobufRpcEngine2.java:552) [hadoop-common-3.3.1.jar:?]
	at org.apache.hadoop.ipc.RPC$Server.call(RPC.java:1093) [hadoop-common-3.3.1.jar:?]
	at org.apache.hadoop.ipc.Server$RpcCall.run(Server.java:1035) [hadoop-common-3.3.1.jar:?]
	at org.apache.hadoop.ipc.Server$RpcCall.run(Server.java:963) [hadoop-common-3.3.1.jar:?]
	at java.security.AccessController.doPrivileged(Native Method) ~[?:1.8.0_322]
	at javax.security.auth.Subject.doAs(Subject.java:422) [?:1.8.0_322]
	at org.apache.hadoop.security.UserGroupInformation.doAs(UserGroupInformation.java:1878) [hadoop-common-3.3.1.jar:?]
	at org.apache.hadoop.ipc.Server$Handler.run(Server.java:2966) [hadoop-common-3.3.1.jar:?]
03:15:11.889 [IPC Server handler 3 on default port 33297] ERROR OMAudit - user=runner | ip=127.0.0.1 | op=GET_FILE_STATUS {volume=volume44219, bucket=bucket24464, key=testBatchDelete/parent/childFolder/child7, dataSize=0, replicationConfig=null} | ret=FAILURE
org.apache.hadoop.ozone.om.exceptions.OMException: Unable to get file status: volume: volume44219 bucket: bucket24464 key: testBatchDelete/parent/childFolder/child7
	at org.apache.hadoop.ozone.om.KeyManagerImpl.getOzoneFileStatus(KeyManagerImpl.java:1280) ~[ozone-manager-1.3.0-SNAPSHOT.jar:?]
	at org.apache.hadoop.ozone.om.KeyManagerImpl.getFileStatus(KeyManagerImpl.java:1210) ~[ozone-manager-1.3.0-SNAPSHOT.jar:?]
	at org.apache.hadoop.ozone.om.OzoneManager.getFileStatus(OzoneManager.java:3067) ~[ozone-manager-1.3.0-SNAPSHOT.jar:?]
	at org.apache.hadoop.ozone.protocolPB.OzoneManagerRequestHandler.getOzoneFileStatus(OzoneManagerRequestHandler.java:670) ~[ozone-manager-1.3.0-SNAPSHOT.jar:?]
	at org.apache.hadoop.ozone.protocolPB.OzoneManagerRequestHandler.handleReadRequest(OzoneManagerRequestHandler.java:201) ~[ozone-manager-1.3.0-SNAPSHOT.jar:?]
	at org.apache.hadoop.ozone.protocolPB.OzoneManagerProtocolServerSideTranslatorPB.submitRequestDirectlyToOM(OzoneManagerProtocolServerSideTranslatorPB.java:271) ~[ozone-manager-1.3.0-SNAPSHOT.jar:?]
	at org.apache.hadoop.ozone.protocolPB.OzoneManagerProtocolServerSideTranslatorPB.processRequest(OzoneManagerProtocolServerSideTranslatorPB.java:195) ~[ozone-manager-1.3.0-SNAPSHOT.jar:?]
	at org.apache.hadoop.hdds.server.OzoneProtocolMessageDispatcher.processRequest(OzoneProtocolMessageDispatcher.java:87) [hdds-server-framework-1.3.0-SNAPSHOT.jar:?]
	at org.apache.hadoop.ozone.protocolPB.OzoneManagerProtocolServerSideTranslatorPB.submitRequest(OzoneManagerProtocolServerSideTranslatorPB.java:146) [ozone-manager-1.3.0-SNAPSHOT.jar:?]
	at org.apache.hadoop.ozone.protocol.proto.OzoneManagerProtocolProtos$OzoneManagerService$2.callBlockingMethod(OzoneManagerProtocolProtos.java) [ozone-interface-client-1.3.0-SNAPSHOT.jar:?]
	at org.apache.hadoop.ipc.ProtobufRpcEngine$Server.processCall(ProtobufRpcEngine.java:466) [hadoop-common-3.3.1.jar:?]
	at org.apache.hadoop.ipc.ProtobufRpcEngine2$Server$ProtoBufRpcInvoker.call(ProtobufRpcEngine2.java:574) [hadoop-common-3.3.1.jar:?]
	at org.apache.hadoop.ipc.ProtobufRpcEngine2$Server$ProtoBufRpcInvoker.call(ProtobufRpcEngine2.java:552) [hadoop-common-3.3.1.jar:?]
	at org.apache.hadoop.ipc.RPC$Server.call(RPC.java:1093) [hadoop-common-3.3.1.jar:?]
	at org.apache.hadoop.ipc.Server$RpcCall.run(Server.java:1035) [hadoop-common-3.3.1.jar:?]
	at org.apache.hadoop.ipc.Server$RpcCall.run(Server.java:963) [hadoop-common-3.3.1.jar:?]
	at java.security.AccessController.doPrivileged(Native Method) ~[?:1.8.0_322]
	at javax.security.auth.Subject.doAs(Subject.java:422) [?:1.8.0_322]
	at org.apache.hadoop.security.UserGroupInformation.doAs(UserGroupInformation.java:1878) [hadoop-common-3.3.1.jar:?]
	at org.apache.hadoop.ipc.Server$Handler.run(Server.java:2966) [hadoop-common-3.3.1.jar:?]
03:15:11.891 [IPC Server handler 15 on default port 33297] ERROR OMAudit - user=runner | ip=127.0.0.1 | op=GET_FILE_STATUS {volume=volume44219, bucket=bucket24464, key=testBatchDelete/parent, dataSize=0, replicationConfig=null} | ret=FAILURE
org.apache.hadoop.ozone.om.exceptions.OMException: Unable to get file status: volume: volume44219 bucket: bucket24464 key: testBatchDelete/parent
	at org.apache.hadoop.ozone.om.KeyManagerImpl.getOzoneFileStatus(KeyManagerImpl.java:1280) ~[ozone-manager-1.3.0-SNAPSHOT.jar:?]
	at org.apache.hadoop.ozone.om.KeyManagerImpl.getFileStatus(KeyManagerImpl.java:1210) ~[ozone-manager-1.3.0-SNAPSHOT.jar:?]
	at org.apache.hadoop.ozone.om.OzoneManager.getFileStatus(OzoneManager.java:3067) ~[ozone-manager-1.3.0-SNAPSHOT.jar:?]
	at org.apache.hadoop.ozone.protocolPB.OzoneManagerRequestHandler.getOzoneFileStatus(OzoneManagerRequestHandler.java:670) ~[ozone-manager-1.3.0-SNAPSHOT.jar:?]
	at org.apache.hadoop.ozone.protocolPB.OzoneManagerRequestHandler.handleReadRequest(OzoneManagerRequestHandler.java:201) ~[ozone-manager-1.3.0-SNAPSHOT.jar:?]
	at org.apache.hadoop.ozone.protocolPB.OzoneManagerProtocolServerSideTranslatorPB.submitRequestDirectlyToOM(OzoneManagerProtocolServerSideTranslatorPB.java:271) ~[ozone-manager-1.3.0-SNAPSHOT.jar:?]
	at org.apache.hadoop.ozone.protocolPB.OzoneManagerProtocolServerSideTranslatorPB.processRequest(OzoneManagerProtocolServerSideTranslatorPB.java:195) ~[ozone-manager-1.3.0-SNAPSHOT.jar:?]
	at org.apache.hadoop.hdds.server.OzoneProtocolMessageDispatcher.processRequest(OzoneProtocolMessageDispatcher.java:87) [hdds-server-framework-1.3.0-SNAPSHOT.jar:?]
	at org.apache.hadoop.ozone.protocolPB.OzoneManagerProtocolServerSideTranslatorPB.submitRequest(OzoneManagerProtocolServerSideTranslatorPB.java:146) [ozone-manager-1.3.0-SNAPSHOT.jar:?]
	at org.apache.hadoop.ozone.protocol.proto.OzoneManagerProtocolProtos$OzoneManagerService$2.callBlockingMethod(OzoneManagerProtocolProtos.java) [ozone-interface-client-1.3.0-SNAPSHOT.jar:?]
	at org.apache.hadoop.ipc.ProtobufRpcEngine$Server.processCall(ProtobufRpcEngine.java:466) [hadoop-common-3.3.1.jar:?]
	at org.apache.hadoop.ipc.ProtobufRpcEngine2$Server$ProtoBufRpcInvoker.call(ProtobufRpcEngine2.java:574) [hadoop-common-3.3.1.jar:?]
	at org.apache.hadoop.ipc.ProtobufRpcEngine2$Server$ProtoBufRpcInvoker.call(ProtobufRpcEngine2.java:552) [hadoop-common-3.3.1.jar:?]
	at org.apache.hadoop.ipc.RPC$Server.call(RPC.java:1093) [hadoop-common-3.3.1.jar:?]
	at org.apache.hadoop.ipc.Server$RpcCall.run(Server.java:1035) [hadoop-common-3.3.1.jar:?]
	at org.apache.hadoop.ipc.Server$RpcCall.run(Server.java:963) [hadoop-common-3.3.1.jar:?]
	at java.security.AccessController.doPrivileged(Native Method) ~[?:1.8.0_322]
	at javax.security.auth.Subject.doAs(Subject.java:422) [?:1.8.0_322]
	at org.apache.hadoop.security.UserGroupInformation.doAs(UserGroupInformation.java:1878) [hadoop-common-3.3.1.jar:?]
	at org.apache.hadoop.ipc.Server$Handler.run(Server.java:2966) [hadoop-common-3.3.1.jar:?]
2022-05-04 03:15:11,891 [Time-limited test] WARN  ozone.BasicRootedOzoneFileSystem (BasicRootedOzoneFileSystem.java:delete(572)) - delete: Path does not exist: /volume44219/bucket24464/testBatchDelete/parent
]]></system-out>
  </testcase>
  <testcase name="testFileDelete" classname="TestRootedOzoneFileSystem" time="0.337">
    <system-out><![CDATA[2022-05-04 03:16:34,693 [Time-limited test] INFO  rpc.RpcClient (RpcClient.java:createVolume(448)) - Creating Volume: volume22614, with user71364 as owner and space quota set to -1 bytes, counts quota set to -1
2022-05-04 03:16:34,698 [OM StateMachine ApplyTransaction Thread - 0] INFO  volume.OMVolumeCreateRequest (OMVolumeCreateRequest.java:validateAndUpdateCache(195)) - created volume:volume22614 for user:user71364
2022-05-04 03:16:34,699 [Time-limited test] INFO  rpc.RpcClient (RpcClient.java:createBucket(637)) - Creating Bucket: volume22614/bucket85602, with runner as owner and Versioning false and Storage Type set to DISK and Encryption set to false 
2022-05-04 03:16:34,701 [OM StateMachine ApplyTransaction Thread - 0] INFO  bucket.OMBucketCreateRequest (OMBucketCreateRequest.java:validateAndUpdateCache(258)) - created bucket: bucket85602 of layout LEGACY in volume: volume22614
03:16:34.876 [IPC Server handler 14 on default port 37999] ERROR OMAudit - user=runner | ip=127.0.0.1 | op=GET_FILE_STATUS {volume=volume22614, bucket=bucket85602, key=testBatchDelete, dataSize=0, replicationConfig=null} | ret=FAILURE
org.apache.hadoop.ozone.om.exceptions.OMException: Unable to get file status: volume: volume22614 bucket: bucket85602 key: testBatchDelete
	at org.apache.hadoop.ozone.om.KeyManagerImpl.getOzoneFileStatus(KeyManagerImpl.java:1280) ~[ozone-manager-1.3.0-SNAPSHOT.jar:?]
	at org.apache.hadoop.ozone.om.KeyManagerImpl.getFileStatus(KeyManagerImpl.java:1210) ~[ozone-manager-1.3.0-SNAPSHOT.jar:?]
	at org.apache.hadoop.ozone.om.OzoneManager.getFileStatus(OzoneManager.java:3067) ~[ozone-manager-1.3.0-SNAPSHOT.jar:?]
	at org.apache.hadoop.ozone.protocolPB.OzoneManagerRequestHandler.getOzoneFileStatus(OzoneManagerRequestHandler.java:670) ~[ozone-manager-1.3.0-SNAPSHOT.jar:?]
	at org.apache.hadoop.ozone.protocolPB.OzoneManagerRequestHandler.handleReadRequest(OzoneManagerRequestHandler.java:201) ~[ozone-manager-1.3.0-SNAPSHOT.jar:?]
	at org.apache.hadoop.ozone.protocolPB.OzoneManagerProtocolServerSideTranslatorPB.submitReadRequestToOM(OzoneManagerProtocolServerSideTranslatorPB.java:213) ~[ozone-manager-1.3.0-SNAPSHOT.jar:?]
	at org.apache.hadoop.ozone.protocolPB.OzoneManagerProtocolServerSideTranslatorPB.processRequest(OzoneManagerProtocolServerSideTranslatorPB.java:174) ~[ozone-manager-1.3.0-SNAPSHOT.jar:?]
	at org.apache.hadoop.hdds.server.OzoneProtocolMessageDispatcher.processRequest(OzoneProtocolMessageDispatcher.java:87) [hdds-server-framework-1.3.0-SNAPSHOT.jar:?]
	at org.apache.hadoop.ozone.protocolPB.OzoneManagerProtocolServerSideTranslatorPB.submitRequest(OzoneManagerProtocolServerSideTranslatorPB.java:146) [ozone-manager-1.3.0-SNAPSHOT.jar:?]
	at org.apache.hadoop.ozone.protocol.proto.OzoneManagerProtocolProtos$OzoneManagerService$2.callBlockingMethod(OzoneManagerProtocolProtos.java) [ozone-interface-client-1.3.0-SNAPSHOT.jar:?]
	at org.apache.hadoop.ipc.ProtobufRpcEngine$Server.processCall(ProtobufRpcEngine.java:466) [hadoop-common-3.3.1.jar:?]
	at org.apache.hadoop.ipc.ProtobufRpcEngine2$Server$ProtoBufRpcInvoker.call(ProtobufRpcEngine2.java:574) [hadoop-common-3.3.1.jar:?]
	at org.apache.hadoop.ipc.ProtobufRpcEngine2$Server$ProtoBufRpcInvoker.call(ProtobufRpcEngine2.java:552) [hadoop-common-3.3.1.jar:?]
	at org.apache.hadoop.ipc.RPC$Server.call(RPC.java:1093) [hadoop-common-3.3.1.jar:?]
	at org.apache.hadoop.ipc.Server$RpcCall.run(Server.java:1035) [hadoop-common-3.3.1.jar:?]
	at org.apache.hadoop.ipc.Server$RpcCall.run(Server.java:963) [hadoop-common-3.3.1.jar:?]
	at java.security.AccessController.doPrivileged(Native Method) ~[?:1.8.0_322]
	at javax.security.auth.Subject.doAs(Subject.java:422) [?:1.8.0_322]
	at org.apache.hadoop.security.UserGroupInformation.doAs(UserGroupInformation.java:1878) [hadoop-common-3.3.1.jar:?]
	at org.apache.hadoop.ipc.Server$Handler.run(Server.java:2966) [hadoop-common-3.3.1.jar:?]
03:16:34.877 [IPC Server handler 3 on default port 37999] ERROR OMAudit - user=runner | ip=127.0.0.1 | op=GET_FILE_STATUS {volume=volume22614, bucket=bucket85602, key=testBatchDelete/parent/child0, dataSize=0, replicationConfig=null} | ret=FAILURE
org.apache.hadoop.ozone.om.exceptions.OMException: Unable to get file status: volume: volume22614 bucket: bucket85602 key: testBatchDelete/parent/child0
	at org.apache.hadoop.ozone.om.KeyManagerImpl.getOzoneFileStatus(KeyManagerImpl.java:1280) ~[ozone-manager-1.3.0-SNAPSHOT.jar:?]
	at org.apache.hadoop.ozone.om.KeyManagerImpl.getFileStatus(KeyManagerImpl.java:1210) ~[ozone-manager-1.3.0-SNAPSHOT.jar:?]
	at org.apache.hadoop.ozone.om.OzoneManager.getFileStatus(OzoneManager.java:3067) ~[ozone-manager-1.3.0-SNAPSHOT.jar:?]
	at org.apache.hadoop.ozone.protocolPB.OzoneManagerRequestHandler.getOzoneFileStatus(OzoneManagerRequestHandler.java:670) ~[ozone-manager-1.3.0-SNAPSHOT.jar:?]
	at org.apache.hadoop.ozone.protocolPB.OzoneManagerRequestHandler.handleReadRequest(OzoneManagerRequestHandler.java:201) ~[ozone-manager-1.3.0-SNAPSHOT.jar:?]
	at org.apache.hadoop.ozone.protocolPB.OzoneManagerProtocolServerSideTranslatorPB.submitReadRequestToOM(OzoneManagerProtocolServerSideTranslatorPB.java:213) ~[ozone-manager-1.3.0-SNAPSHOT.jar:?]
	at org.apache.hadoop.ozone.protocolPB.OzoneManagerProtocolServerSideTranslatorPB.processRequest(OzoneManagerProtocolServerSideTranslatorPB.java:174) ~[ozone-manager-1.3.0-SNAPSHOT.jar:?]
	at org.apache.hadoop.hdds.server.OzoneProtocolMessageDispatcher.processRequest(OzoneProtocolMessageDispatcher.java:87) [hdds-server-framework-1.3.0-SNAPSHOT.jar:?]
	at org.apache.hadoop.ozone.protocolPB.OzoneManagerProtocolServerSideTranslatorPB.submitRequest(OzoneManagerProtocolServerSideTranslatorPB.java:146) [ozone-manager-1.3.0-SNAPSHOT.jar:?]
	at org.apache.hadoop.ozone.protocol.proto.OzoneManagerProtocolProtos$OzoneManagerService$2.callBlockingMethod(OzoneManagerProtocolProtos.java) [ozone-interface-client-1.3.0-SNAPSHOT.jar:?]
	at org.apache.hadoop.ipc.ProtobufRpcEngine$Server.processCall(ProtobufRpcEngine.java:466) [hadoop-common-3.3.1.jar:?]
	at org.apache.hadoop.ipc.ProtobufRpcEngine2$Server$ProtoBufRpcInvoker.call(ProtobufRpcEngine2.java:574) [hadoop-common-3.3.1.jar:?]
	at org.apache.hadoop.ipc.ProtobufRpcEngine2$Server$ProtoBufRpcInvoker.call(ProtobufRpcEngine2.java:552) [hadoop-common-3.3.1.jar:?]
	at org.apache.hadoop.ipc.RPC$Server.call(RPC.java:1093) [hadoop-common-3.3.1.jar:?]
	at org.apache.hadoop.ipc.Server$RpcCall.run(Server.java:1035) [hadoop-common-3.3.1.jar:?]
	at org.apache.hadoop.ipc.Server$RpcCall.run(Server.java:963) [hadoop-common-3.3.1.jar:?]
	at java.security.AccessController.doPrivileged(Native Method) ~[?:1.8.0_322]
	at javax.security.auth.Subject.doAs(Subject.java:422) [?:1.8.0_322]
	at org.apache.hadoop.security.UserGroupInformation.doAs(UserGroupInformation.java:1878) [hadoop-common-3.3.1.jar:?]
	at org.apache.hadoop.ipc.Server$Handler.run(Server.java:2966) [hadoop-common-3.3.1.jar:?]
03:16:34.879 [IPC Server handler 8 on default port 37999] ERROR OMAudit - user=runner | ip=127.0.0.1 | op=GET_FILE_STATUS {volume=volume22614, bucket=bucket85602, key=testBatchDelete/parent/childFolder/child0, dataSize=0, replicationConfig=null} | ret=FAILURE
org.apache.hadoop.ozone.om.exceptions.OMException: Unable to get file status: volume: volume22614 bucket: bucket85602 key: testBatchDelete/parent/childFolder/child0
	at org.apache.hadoop.ozone.om.KeyManagerImpl.getOzoneFileStatus(KeyManagerImpl.java:1280) ~[ozone-manager-1.3.0-SNAPSHOT.jar:?]
	at org.apache.hadoop.ozone.om.KeyManagerImpl.getFileStatus(KeyManagerImpl.java:1210) ~[ozone-manager-1.3.0-SNAPSHOT.jar:?]
	at org.apache.hadoop.ozone.om.OzoneManager.getFileStatus(OzoneManager.java:3067) ~[ozone-manager-1.3.0-SNAPSHOT.jar:?]
	at org.apache.hadoop.ozone.protocolPB.OzoneManagerRequestHandler.getOzoneFileStatus(OzoneManagerRequestHandler.java:670) ~[ozone-manager-1.3.0-SNAPSHOT.jar:?]
	at org.apache.hadoop.ozone.protocolPB.OzoneManagerRequestHandler.handleReadRequest(OzoneManagerRequestHandler.java:201) ~[ozone-manager-1.3.0-SNAPSHOT.jar:?]
	at org.apache.hadoop.ozone.protocolPB.OzoneManagerProtocolServerSideTranslatorPB.submitReadRequestToOM(OzoneManagerProtocolServerSideTranslatorPB.java:213) ~[ozone-manager-1.3.0-SNAPSHOT.jar:?]
	at org.apache.hadoop.ozone.protocolPB.OzoneManagerProtocolServerSideTranslatorPB.processRequest(OzoneManagerProtocolServerSideTranslatorPB.java:174) ~[ozone-manager-1.3.0-SNAPSHOT.jar:?]
	at org.apache.hadoop.hdds.server.OzoneProtocolMessageDispatcher.processRequest(OzoneProtocolMessageDispatcher.java:87) [hdds-server-framework-1.3.0-SNAPSHOT.jar:?]
	at org.apache.hadoop.ozone.protocolPB.OzoneManagerProtocolServerSideTranslatorPB.submitRequest(OzoneManagerProtocolServerSideTranslatorPB.java:146) [ozone-manager-1.3.0-SNAPSHOT.jar:?]
	at org.apache.hadoop.ozone.protocol.proto.OzoneManagerProtocolProtos$OzoneManagerService$2.callBlockingMethod(OzoneManagerProtocolProtos.java) [ozone-interface-client-1.3.0-SNAPSHOT.jar:?]
	at org.apache.hadoop.ipc.ProtobufRpcEngine$Server.processCall(ProtobufRpcEngine.java:466) [hadoop-common-3.3.1.jar:?]
	at org.apache.hadoop.ipc.ProtobufRpcEngine2$Server$ProtoBufRpcInvoker.call(ProtobufRpcEngine2.java:574) [hadoop-common-3.3.1.jar:?]
	at org.apache.hadoop.ipc.ProtobufRpcEngine2$Server$ProtoBufRpcInvoker.call(ProtobufRpcEngine2.java:552) [hadoop-common-3.3.1.jar:?]
	at org.apache.hadoop.ipc.RPC$Server.call(RPC.java:1093) [hadoop-common-3.3.1.jar:?]
	at org.apache.hadoop.ipc.Server$RpcCall.run(Server.java:1035) [hadoop-common-3.3.1.jar:?]
	at org.apache.hadoop.ipc.Server$RpcCall.run(Server.java:963) [hadoop-common-3.3.1.jar:?]
	at java.security.AccessController.doPrivileged(Native Method) ~[?:1.8.0_322]
	at javax.security.auth.Subject.doAs(Subject.java:422) [?:1.8.0_322]
	at org.apache.hadoop.security.UserGroupInformation.doAs(UserGroupInformation.java:1878) [hadoop-common-3.3.1.jar:?]
	at org.apache.hadoop.ipc.Server$Handler.run(Server.java:2966) [hadoop-common-3.3.1.jar:?]
03:16:34.880 [IPC Server handler 7 on default port 37999] ERROR OMAudit - user=runner | ip=127.0.0.1 | op=GET_FILE_STATUS {volume=volume22614, bucket=bucket85602, key=testBatchDelete/parent/child1, dataSize=0, replicationConfig=null} | ret=FAILURE
org.apache.hadoop.ozone.om.exceptions.OMException: Unable to get file status: volume: volume22614 bucket: bucket85602 key: testBatchDelete/parent/child1
	at org.apache.hadoop.ozone.om.KeyManagerImpl.getOzoneFileStatus(KeyManagerImpl.java:1280) ~[ozone-manager-1.3.0-SNAPSHOT.jar:?]
	at org.apache.hadoop.ozone.om.KeyManagerImpl.getFileStatus(KeyManagerImpl.java:1210) ~[ozone-manager-1.3.0-SNAPSHOT.jar:?]
	at org.apache.hadoop.ozone.om.OzoneManager.getFileStatus(OzoneManager.java:3067) ~[ozone-manager-1.3.0-SNAPSHOT.jar:?]
	at org.apache.hadoop.ozone.protocolPB.OzoneManagerRequestHandler.getOzoneFileStatus(OzoneManagerRequestHandler.java:670) ~[ozone-manager-1.3.0-SNAPSHOT.jar:?]
	at org.apache.hadoop.ozone.protocolPB.OzoneManagerRequestHandler.handleReadRequest(OzoneManagerRequestHandler.java:201) ~[ozone-manager-1.3.0-SNAPSHOT.jar:?]
	at org.apache.hadoop.ozone.protocolPB.OzoneManagerProtocolServerSideTranslatorPB.submitReadRequestToOM(OzoneManagerProtocolServerSideTranslatorPB.java:213) ~[ozone-manager-1.3.0-SNAPSHOT.jar:?]
	at org.apache.hadoop.ozone.protocolPB.OzoneManagerProtocolServerSideTranslatorPB.processRequest(OzoneManagerProtocolServerSideTranslatorPB.java:174) ~[ozone-manager-1.3.0-SNAPSHOT.jar:?]
	at org.apache.hadoop.hdds.server.OzoneProtocolMessageDispatcher.processRequest(OzoneProtocolMessageDispatcher.java:87) [hdds-server-framework-1.3.0-SNAPSHOT.jar:?]
	at org.apache.hadoop.ozone.protocolPB.OzoneManagerProtocolServerSideTranslatorPB.submitRequest(OzoneManagerProtocolServerSideTranslatorPB.java:146) [ozone-manager-1.3.0-SNAPSHOT.jar:?]
	at org.apache.hadoop.ozone.protocol.proto.OzoneManagerProtocolProtos$OzoneManagerService$2.callBlockingMethod(OzoneManagerProtocolProtos.java) [ozone-interface-client-1.3.0-SNAPSHOT.jar:?]
	at org.apache.hadoop.ipc.ProtobufRpcEngine$Server.processCall(ProtobufRpcEngine.java:466) [hadoop-common-3.3.1.jar:?]
	at org.apache.hadoop.ipc.ProtobufRpcEngine2$Server$ProtoBufRpcInvoker.call(ProtobufRpcEngine2.java:574) [hadoop-common-3.3.1.jar:?]
	at org.apache.hadoop.ipc.ProtobufRpcEngine2$Server$ProtoBufRpcInvoker.call(ProtobufRpcEngine2.java:552) [hadoop-common-3.3.1.jar:?]
	at org.apache.hadoop.ipc.RPC$Server.call(RPC.java:1093) [hadoop-common-3.3.1.jar:?]
	at org.apache.hadoop.ipc.Server$RpcCall.run(Server.java:1035) [hadoop-common-3.3.1.jar:?]
	at org.apache.hadoop.ipc.Server$RpcCall.run(Server.java:963) [hadoop-common-3.3.1.jar:?]
	at java.security.AccessController.doPrivileged(Native Method) ~[?:1.8.0_322]
	at javax.security.auth.Subject.doAs(Subject.java:422) [?:1.8.0_322]
	at org.apache.hadoop.security.UserGroupInformation.doAs(UserGroupInformation.java:1878) [hadoop-common-3.3.1.jar:?]
	at org.apache.hadoop.ipc.Server$Handler.run(Server.java:2966) [hadoop-common-3.3.1.jar:?]
03:16:34.881 [IPC Server handler 13 on default port 37999] ERROR OMAudit - user=runner | ip=127.0.0.1 | op=GET_FILE_STATUS {volume=volume22614, bucket=bucket85602, key=testBatchDelete/parent/childFolder/child1, dataSize=0, replicationConfig=null} | ret=FAILURE
org.apache.hadoop.ozone.om.exceptions.OMException: Unable to get file status: volume: volume22614 bucket: bucket85602 key: testBatchDelete/parent/childFolder/child1
	at org.apache.hadoop.ozone.om.KeyManagerImpl.getOzoneFileStatus(KeyManagerImpl.java:1280) ~[ozone-manager-1.3.0-SNAPSHOT.jar:?]
	at org.apache.hadoop.ozone.om.KeyManagerImpl.getFileStatus(KeyManagerImpl.java:1210) ~[ozone-manager-1.3.0-SNAPSHOT.jar:?]
	at org.apache.hadoop.ozone.om.OzoneManager.getFileStatus(OzoneManager.java:3067) ~[ozone-manager-1.3.0-SNAPSHOT.jar:?]
	at org.apache.hadoop.ozone.protocolPB.OzoneManagerRequestHandler.getOzoneFileStatus(OzoneManagerRequestHandler.java:670) ~[ozone-manager-1.3.0-SNAPSHOT.jar:?]
	at org.apache.hadoop.ozone.protocolPB.OzoneManagerRequestHandler.handleReadRequest(OzoneManagerRequestHandler.java:201) ~[ozone-manager-1.3.0-SNAPSHOT.jar:?]
	at org.apache.hadoop.ozone.protocolPB.OzoneManagerProtocolServerSideTranslatorPB.submitReadRequestToOM(OzoneManagerProtocolServerSideTranslatorPB.java:213) ~[ozone-manager-1.3.0-SNAPSHOT.jar:?]
	at org.apache.hadoop.ozone.protocolPB.OzoneManagerProtocolServerSideTranslatorPB.processRequest(OzoneManagerProtocolServerSideTranslatorPB.java:174) ~[ozone-manager-1.3.0-SNAPSHOT.jar:?]
	at org.apache.hadoop.hdds.server.OzoneProtocolMessageDispatcher.processRequest(OzoneProtocolMessageDispatcher.java:87) [hdds-server-framework-1.3.0-SNAPSHOT.jar:?]
	at org.apache.hadoop.ozone.protocolPB.OzoneManagerProtocolServerSideTranslatorPB.submitRequest(OzoneManagerProtocolServerSideTranslatorPB.java:146) [ozone-manager-1.3.0-SNAPSHOT.jar:?]
	at org.apache.hadoop.ozone.protocol.proto.OzoneManagerProtocolProtos$OzoneManagerService$2.callBlockingMethod(OzoneManagerProtocolProtos.java) [ozone-interface-client-1.3.0-SNAPSHOT.jar:?]
	at org.apache.hadoop.ipc.ProtobufRpcEngine$Server.processCall(ProtobufRpcEngine.java:466) [hadoop-common-3.3.1.jar:?]
	at org.apache.hadoop.ipc.ProtobufRpcEngine2$Server$ProtoBufRpcInvoker.call(ProtobufRpcEngine2.java:574) [hadoop-common-3.3.1.jar:?]
	at org.apache.hadoop.ipc.ProtobufRpcEngine2$Server$ProtoBufRpcInvoker.call(ProtobufRpcEngine2.java:552) [hadoop-common-3.3.1.jar:?]
	at org.apache.hadoop.ipc.RPC$Server.call(RPC.java:1093) [hadoop-common-3.3.1.jar:?]
	at org.apache.hadoop.ipc.Server$RpcCall.run(Server.java:1035) [hadoop-common-3.3.1.jar:?]
	at org.apache.hadoop.ipc.Server$RpcCall.run(Server.java:963) [hadoop-common-3.3.1.jar:?]
	at java.security.AccessController.doPrivileged(Native Method) ~[?:1.8.0_322]
	at javax.security.auth.Subject.doAs(Subject.java:422) [?:1.8.0_322]
	at org.apache.hadoop.security.UserGroupInformation.doAs(UserGroupInformation.java:1878) [hadoop-common-3.3.1.jar:?]
	at org.apache.hadoop.ipc.Server$Handler.run(Server.java:2966) [hadoop-common-3.3.1.jar:?]
03:16:34.882 [IPC Server handler 11 on default port 37999] ERROR OMAudit - user=runner | ip=127.0.0.1 | op=GET_FILE_STATUS {volume=volume22614, bucket=bucket85602, key=testBatchDelete/parent/child2, dataSize=0, replicationConfig=null} | ret=FAILURE
org.apache.hadoop.ozone.om.exceptions.OMException: Unable to get file status: volume: volume22614 bucket: bucket85602 key: testBatchDelete/parent/child2
	at org.apache.hadoop.ozone.om.KeyManagerImpl.getOzoneFileStatus(KeyManagerImpl.java:1280) ~[ozone-manager-1.3.0-SNAPSHOT.jar:?]
	at org.apache.hadoop.ozone.om.KeyManagerImpl.getFileStatus(KeyManagerImpl.java:1210) ~[ozone-manager-1.3.0-SNAPSHOT.jar:?]
	at org.apache.hadoop.ozone.om.OzoneManager.getFileStatus(OzoneManager.java:3067) ~[ozone-manager-1.3.0-SNAPSHOT.jar:?]
	at org.apache.hadoop.ozone.protocolPB.OzoneManagerRequestHandler.getOzoneFileStatus(OzoneManagerRequestHandler.java:670) ~[ozone-manager-1.3.0-SNAPSHOT.jar:?]
	at org.apache.hadoop.ozone.protocolPB.OzoneManagerRequestHandler.handleReadRequest(OzoneManagerRequestHandler.java:201) ~[ozone-manager-1.3.0-SNAPSHOT.jar:?]
	at org.apache.hadoop.ozone.protocolPB.OzoneManagerProtocolServerSideTranslatorPB.submitReadRequestToOM(OzoneManagerProtocolServerSideTranslatorPB.java:213) ~[ozone-manager-1.3.0-SNAPSHOT.jar:?]
	at org.apache.hadoop.ozone.protocolPB.OzoneManagerProtocolServerSideTranslatorPB.processRequest(OzoneManagerProtocolServerSideTranslatorPB.java:174) ~[ozone-manager-1.3.0-SNAPSHOT.jar:?]
	at org.apache.hadoop.hdds.server.OzoneProtocolMessageDispatcher.processRequest(OzoneProtocolMessageDispatcher.java:87) [hdds-server-framework-1.3.0-SNAPSHOT.jar:?]
	at org.apache.hadoop.ozone.protocolPB.OzoneManagerProtocolServerSideTranslatorPB.submitRequest(OzoneManagerProtocolServerSideTranslatorPB.java:146) [ozone-manager-1.3.0-SNAPSHOT.jar:?]
	at org.apache.hadoop.ozone.protocol.proto.OzoneManagerProtocolProtos$OzoneManagerService$2.callBlockingMethod(OzoneManagerProtocolProtos.java) [ozone-interface-client-1.3.0-SNAPSHOT.jar:?]
	at org.apache.hadoop.ipc.ProtobufRpcEngine$Server.processCall(ProtobufRpcEngine.java:466) [hadoop-common-3.3.1.jar:?]
	at org.apache.hadoop.ipc.ProtobufRpcEngine2$Server$ProtoBufRpcInvoker.call(ProtobufRpcEngine2.java:574) [hadoop-common-3.3.1.jar:?]
	at org.apache.hadoop.ipc.ProtobufRpcEngine2$Server$ProtoBufRpcInvoker.call(ProtobufRpcEngine2.java:552) [hadoop-common-3.3.1.jar:?]
	at org.apache.hadoop.ipc.RPC$Server.call(RPC.java:1093) [hadoop-common-3.3.1.jar:?]
	at org.apache.hadoop.ipc.Server$RpcCall.run(Server.java:1035) [hadoop-common-3.3.1.jar:?]
	at org.apache.hadoop.ipc.Server$RpcCall.run(Server.java:963) [hadoop-common-3.3.1.jar:?]
	at java.security.AccessController.doPrivileged(Native Method) ~[?:1.8.0_322]
	at javax.security.auth.Subject.doAs(Subject.java:422) [?:1.8.0_322]
	at org.apache.hadoop.security.UserGroupInformation.doAs(UserGroupInformation.java:1878) [hadoop-common-3.3.1.jar:?]
	at org.apache.hadoop.ipc.Server$Handler.run(Server.java:2966) [hadoop-common-3.3.1.jar:?]
03:16:34.885 [IPC Server handler 2 on default port 37999] ERROR OMAudit - user=runner | ip=127.0.0.1 | op=GET_FILE_STATUS {volume=volume22614, bucket=bucket85602, key=testBatchDelete/parent/childFolder/child2, dataSize=0, replicationConfig=null} | ret=FAILURE
org.apache.hadoop.ozone.om.exceptions.OMException: Unable to get file status: volume: volume22614 bucket: bucket85602 key: testBatchDelete/parent/childFolder/child2
	at org.apache.hadoop.ozone.om.KeyManagerImpl.getOzoneFileStatus(KeyManagerImpl.java:1280) ~[ozone-manager-1.3.0-SNAPSHOT.jar:?]
	at org.apache.hadoop.ozone.om.KeyManagerImpl.getFileStatus(KeyManagerImpl.java:1210) ~[ozone-manager-1.3.0-SNAPSHOT.jar:?]
	at org.apache.hadoop.ozone.om.OzoneManager.getFileStatus(OzoneManager.java:3067) ~[ozone-manager-1.3.0-SNAPSHOT.jar:?]
	at org.apache.hadoop.ozone.protocolPB.OzoneManagerRequestHandler.getOzoneFileStatus(OzoneManagerRequestHandler.java:670) ~[ozone-manager-1.3.0-SNAPSHOT.jar:?]
	at org.apache.hadoop.ozone.protocolPB.OzoneManagerRequestHandler.handleReadRequest(OzoneManagerRequestHandler.java:201) ~[ozone-manager-1.3.0-SNAPSHOT.jar:?]
	at org.apache.hadoop.ozone.protocolPB.OzoneManagerProtocolServerSideTranslatorPB.submitReadRequestToOM(OzoneManagerProtocolServerSideTranslatorPB.java:213) ~[ozone-manager-1.3.0-SNAPSHOT.jar:?]
	at org.apache.hadoop.ozone.protocolPB.OzoneManagerProtocolServerSideTranslatorPB.processRequest(OzoneManagerProtocolServerSideTranslatorPB.java:174) ~[ozone-manager-1.3.0-SNAPSHOT.jar:?]
	at org.apache.hadoop.hdds.server.OzoneProtocolMessageDispatcher.processRequest(OzoneProtocolMessageDispatcher.java:87) [hdds-server-framework-1.3.0-SNAPSHOT.jar:?]
	at org.apache.hadoop.ozone.protocolPB.OzoneManagerProtocolServerSideTranslatorPB.submitRequest(OzoneManagerProtocolServerSideTranslatorPB.java:146) [ozone-manager-1.3.0-SNAPSHOT.jar:?]
	at org.apache.hadoop.ozone.protocol.proto.OzoneManagerProtocolProtos$OzoneManagerService$2.callBlockingMethod(OzoneManagerProtocolProtos.java) [ozone-interface-client-1.3.0-SNAPSHOT.jar:?]
	at org.apache.hadoop.ipc.ProtobufRpcEngine$Server.processCall(ProtobufRpcEngine.java:466) [hadoop-common-3.3.1.jar:?]
	at org.apache.hadoop.ipc.ProtobufRpcEngine2$Server$ProtoBufRpcInvoker.call(ProtobufRpcEngine2.java:574) [hadoop-common-3.3.1.jar:?]
	at org.apache.hadoop.ipc.ProtobufRpcEngine2$Server$ProtoBufRpcInvoker.call(ProtobufRpcEngine2.java:552) [hadoop-common-3.3.1.jar:?]
	at org.apache.hadoop.ipc.RPC$Server.call(RPC.java:1093) [hadoop-common-3.3.1.jar:?]
	at org.apache.hadoop.ipc.Server$RpcCall.run(Server.java:1035) [hadoop-common-3.3.1.jar:?]
	at org.apache.hadoop.ipc.Server$RpcCall.run(Server.java:963) [hadoop-common-3.3.1.jar:?]
	at java.security.AccessController.doPrivileged(Native Method) ~[?:1.8.0_322]
	at javax.security.auth.Subject.doAs(Subject.java:422) [?:1.8.0_322]
	at org.apache.hadoop.security.UserGroupInformation.doAs(UserGroupInformation.java:1878) [hadoop-common-3.3.1.jar:?]
	at org.apache.hadoop.ipc.Server$Handler.run(Server.java:2966) [hadoop-common-3.3.1.jar:?]
03:16:34.887 [IPC Server handler 18 on default port 37999] ERROR OMAudit - user=runner | ip=127.0.0.1 | op=GET_FILE_STATUS {volume=volume22614, bucket=bucket85602, key=testBatchDelete/parent/child3, dataSize=0, replicationConfig=null} | ret=FAILURE
org.apache.hadoop.ozone.om.exceptions.OMException: Unable to get file status: volume: volume22614 bucket: bucket85602 key: testBatchDelete/parent/child3
	at org.apache.hadoop.ozone.om.KeyManagerImpl.getOzoneFileStatus(KeyManagerImpl.java:1280) ~[ozone-manager-1.3.0-SNAPSHOT.jar:?]
	at org.apache.hadoop.ozone.om.KeyManagerImpl.getFileStatus(KeyManagerImpl.java:1210) ~[ozone-manager-1.3.0-SNAPSHOT.jar:?]
	at org.apache.hadoop.ozone.om.OzoneManager.getFileStatus(OzoneManager.java:3067) ~[ozone-manager-1.3.0-SNAPSHOT.jar:?]
	at org.apache.hadoop.ozone.protocolPB.OzoneManagerRequestHandler.getOzoneFileStatus(OzoneManagerRequestHandler.java:670) ~[ozone-manager-1.3.0-SNAPSHOT.jar:?]
	at org.apache.hadoop.ozone.protocolPB.OzoneManagerRequestHandler.handleReadRequest(OzoneManagerRequestHandler.java:201) ~[ozone-manager-1.3.0-SNAPSHOT.jar:?]
	at org.apache.hadoop.ozone.protocolPB.OzoneManagerProtocolServerSideTranslatorPB.submitReadRequestToOM(OzoneManagerProtocolServerSideTranslatorPB.java:213) ~[ozone-manager-1.3.0-SNAPSHOT.jar:?]
	at org.apache.hadoop.ozone.protocolPB.OzoneManagerProtocolServerSideTranslatorPB.processRequest(OzoneManagerProtocolServerSideTranslatorPB.java:174) ~[ozone-manager-1.3.0-SNAPSHOT.jar:?]
	at org.apache.hadoop.hdds.server.OzoneProtocolMessageDispatcher.processRequest(OzoneProtocolMessageDispatcher.java:87) [hdds-server-framework-1.3.0-SNAPSHOT.jar:?]
	at org.apache.hadoop.ozone.protocolPB.OzoneManagerProtocolServerSideTranslatorPB.submitRequest(OzoneManagerProtocolServerSideTranslatorPB.java:146) [ozone-manager-1.3.0-SNAPSHOT.jar:?]
	at org.apache.hadoop.ozone.protocol.proto.OzoneManagerProtocolProtos$OzoneManagerService$2.callBlockingMethod(OzoneManagerProtocolProtos.java) [ozone-interface-client-1.3.0-SNAPSHOT.jar:?]
	at org.apache.hadoop.ipc.ProtobufRpcEngine$Server.processCall(ProtobufRpcEngine.java:466) [hadoop-common-3.3.1.jar:?]
	at org.apache.hadoop.ipc.ProtobufRpcEngine2$Server$ProtoBufRpcInvoker.call(ProtobufRpcEngine2.java:574) [hadoop-common-3.3.1.jar:?]
	at org.apache.hadoop.ipc.ProtobufRpcEngine2$Server$ProtoBufRpcInvoker.call(ProtobufRpcEngine2.java:552) [hadoop-common-3.3.1.jar:?]
	at org.apache.hadoop.ipc.RPC$Server.call(RPC.java:1093) [hadoop-common-3.3.1.jar:?]
	at org.apache.hadoop.ipc.Server$RpcCall.run(Server.java:1035) [hadoop-common-3.3.1.jar:?]
	at org.apache.hadoop.ipc.Server$RpcCall.run(Server.java:963) [hadoop-common-3.3.1.jar:?]
	at java.security.AccessController.doPrivileged(Native Method) ~[?:1.8.0_322]
	at javax.security.auth.Subject.doAs(Subject.java:422) [?:1.8.0_322]
	at org.apache.hadoop.security.UserGroupInformation.doAs(UserGroupInformation.java:1878) [hadoop-common-3.3.1.jar:?]
	at org.apache.hadoop.ipc.Server$Handler.run(Server.java:2966) [hadoop-common-3.3.1.jar:?]
03:16:34.887 [IPC Server handler 4 on default port 37999] ERROR OMAudit - user=runner | ip=127.0.0.1 | op=GET_FILE_STATUS {volume=volume22614, bucket=bucket85602, key=testBatchDelete/parent/childFolder/child3, dataSize=0, replicationConfig=null} | ret=FAILURE
org.apache.hadoop.ozone.om.exceptions.OMException: Unable to get file status: volume: volume22614 bucket: bucket85602 key: testBatchDelete/parent/childFolder/child3
	at org.apache.hadoop.ozone.om.KeyManagerImpl.getOzoneFileStatus(KeyManagerImpl.java:1280) ~[ozone-manager-1.3.0-SNAPSHOT.jar:?]
	at org.apache.hadoop.ozone.om.KeyManagerImpl.getFileStatus(KeyManagerImpl.java:1210) ~[ozone-manager-1.3.0-SNAPSHOT.jar:?]
	at org.apache.hadoop.ozone.om.OzoneManager.getFileStatus(OzoneManager.java:3067) ~[ozone-manager-1.3.0-SNAPSHOT.jar:?]
	at org.apache.hadoop.ozone.protocolPB.OzoneManagerRequestHandler.getOzoneFileStatus(OzoneManagerRequestHandler.java:670) ~[ozone-manager-1.3.0-SNAPSHOT.jar:?]
	at org.apache.hadoop.ozone.protocolPB.OzoneManagerRequestHandler.handleReadRequest(OzoneManagerRequestHandler.java:201) ~[ozone-manager-1.3.0-SNAPSHOT.jar:?]
	at org.apache.hadoop.ozone.protocolPB.OzoneManagerProtocolServerSideTranslatorPB.submitReadRequestToOM(OzoneManagerProtocolServerSideTranslatorPB.java:213) ~[ozone-manager-1.3.0-SNAPSHOT.jar:?]
	at org.apache.hadoop.ozone.protocolPB.OzoneManagerProtocolServerSideTranslatorPB.processRequest(OzoneManagerProtocolServerSideTranslatorPB.java:174) ~[ozone-manager-1.3.0-SNAPSHOT.jar:?]
	at org.apache.hadoop.hdds.server.OzoneProtocolMessageDispatcher.processRequest(OzoneProtocolMessageDispatcher.java:87) [hdds-server-framework-1.3.0-SNAPSHOT.jar:?]
	at org.apache.hadoop.ozone.protocolPB.OzoneManagerProtocolServerSideTranslatorPB.submitRequest(OzoneManagerProtocolServerSideTranslatorPB.java:146) [ozone-manager-1.3.0-SNAPSHOT.jar:?]
	at org.apache.hadoop.ozone.protocol.proto.OzoneManagerProtocolProtos$OzoneManagerService$2.callBlockingMethod(OzoneManagerProtocolProtos.java) [ozone-interface-client-1.3.0-SNAPSHOT.jar:?]
	at org.apache.hadoop.ipc.ProtobufRpcEngine$Server.processCall(ProtobufRpcEngine.java:466) [hadoop-common-3.3.1.jar:?]
	at org.apache.hadoop.ipc.ProtobufRpcEngine2$Server$ProtoBufRpcInvoker.call(ProtobufRpcEngine2.java:574) [hadoop-common-3.3.1.jar:?]
	at org.apache.hadoop.ipc.ProtobufRpcEngine2$Server$ProtoBufRpcInvoker.call(ProtobufRpcEngine2.java:552) [hadoop-common-3.3.1.jar:?]
	at org.apache.hadoop.ipc.RPC$Server.call(RPC.java:1093) [hadoop-common-3.3.1.jar:?]
	at org.apache.hadoop.ipc.Server$RpcCall.run(Server.java:1035) [hadoop-common-3.3.1.jar:?]
	at org.apache.hadoop.ipc.Server$RpcCall.run(Server.java:963) [hadoop-common-3.3.1.jar:?]
	at java.security.AccessController.doPrivileged(Native Method) ~[?:1.8.0_322]
	at javax.security.auth.Subject.doAs(Subject.java:422) [?:1.8.0_322]
	at org.apache.hadoop.security.UserGroupInformation.doAs(UserGroupInformation.java:1878) [hadoop-common-3.3.1.jar:?]
	at org.apache.hadoop.ipc.Server$Handler.run(Server.java:2966) [hadoop-common-3.3.1.jar:?]
03:16:34.891 [IPC Server handler 1 on default port 37999] ERROR OMAudit - user=runner | ip=127.0.0.1 | op=GET_FILE_STATUS {volume=volume22614, bucket=bucket85602, key=testBatchDelete/parent/child4, dataSize=0, replicationConfig=null} | ret=FAILURE
org.apache.hadoop.ozone.om.exceptions.OMException: Unable to get file status: volume: volume22614 bucket: bucket85602 key: testBatchDelete/parent/child4
	at org.apache.hadoop.ozone.om.KeyManagerImpl.getOzoneFileStatus(KeyManagerImpl.java:1280) ~[ozone-manager-1.3.0-SNAPSHOT.jar:?]
	at org.apache.hadoop.ozone.om.KeyManagerImpl.getFileStatus(KeyManagerImpl.java:1210) ~[ozone-manager-1.3.0-SNAPSHOT.jar:?]
	at org.apache.hadoop.ozone.om.OzoneManager.getFileStatus(OzoneManager.java:3067) ~[ozone-manager-1.3.0-SNAPSHOT.jar:?]
	at org.apache.hadoop.ozone.protocolPB.OzoneManagerRequestHandler.getOzoneFileStatus(OzoneManagerRequestHandler.java:670) ~[ozone-manager-1.3.0-SNAPSHOT.jar:?]
	at org.apache.hadoop.ozone.protocolPB.OzoneManagerRequestHandler.handleReadRequest(OzoneManagerRequestHandler.java:201) ~[ozone-manager-1.3.0-SNAPSHOT.jar:?]
	at org.apache.hadoop.ozone.protocolPB.OzoneManagerProtocolServerSideTranslatorPB.submitReadRequestToOM(OzoneManagerProtocolServerSideTranslatorPB.java:213) ~[ozone-manager-1.3.0-SNAPSHOT.jar:?]
	at org.apache.hadoop.ozone.protocolPB.OzoneManagerProtocolServerSideTranslatorPB.processRequest(OzoneManagerProtocolServerSideTranslatorPB.java:174) ~[ozone-manager-1.3.0-SNAPSHOT.jar:?]
	at org.apache.hadoop.hdds.server.OzoneProtocolMessageDispatcher.processRequest(OzoneProtocolMessageDispatcher.java:87) [hdds-server-framework-1.3.0-SNAPSHOT.jar:?]
	at org.apache.hadoop.ozone.protocolPB.OzoneManagerProtocolServerSideTranslatorPB.submitRequest(OzoneManagerProtocolServerSideTranslatorPB.java:146) [ozone-manager-1.3.0-SNAPSHOT.jar:?]
	at org.apache.hadoop.ozone.protocol.proto.OzoneManagerProtocolProtos$OzoneManagerService$2.callBlockingMethod(OzoneManagerProtocolProtos.java) [ozone-interface-client-1.3.0-SNAPSHOT.jar:?]
	at org.apache.hadoop.ipc.ProtobufRpcEngine$Server.processCall(ProtobufRpcEngine.java:466) [hadoop-common-3.3.1.jar:?]
	at org.apache.hadoop.ipc.ProtobufRpcEngine2$Server$ProtoBufRpcInvoker.call(ProtobufRpcEngine2.java:574) [hadoop-common-3.3.1.jar:?]
	at org.apache.hadoop.ipc.ProtobufRpcEngine2$Server$ProtoBufRpcInvoker.call(ProtobufRpcEngine2.java:552) [hadoop-common-3.3.1.jar:?]
	at org.apache.hadoop.ipc.RPC$Server.call(RPC.java:1093) [hadoop-common-3.3.1.jar:?]
	at org.apache.hadoop.ipc.Server$RpcCall.run(Server.java:1035) [hadoop-common-3.3.1.jar:?]
	at org.apache.hadoop.ipc.Server$RpcCall.run(Server.java:963) [hadoop-common-3.3.1.jar:?]
	at java.security.AccessController.doPrivileged(Native Method) ~[?:1.8.0_322]
	at javax.security.auth.Subject.doAs(Subject.java:422) [?:1.8.0_322]
	at org.apache.hadoop.security.UserGroupInformation.doAs(UserGroupInformation.java:1878) [hadoop-common-3.3.1.jar:?]
	at org.apache.hadoop.ipc.Server$Handler.run(Server.java:2966) [hadoop-common-3.3.1.jar:?]
03:16:34.892 [IPC Server handler 14 on default port 37999] ERROR OMAudit - user=runner | ip=127.0.0.1 | op=GET_FILE_STATUS {volume=volume22614, bucket=bucket85602, key=testBatchDelete/parent/childFolder/child4, dataSize=0, replicationConfig=null} | ret=FAILURE
org.apache.hadoop.ozone.om.exceptions.OMException: Unable to get file status: volume: volume22614 bucket: bucket85602 key: testBatchDelete/parent/childFolder/child4
	at org.apache.hadoop.ozone.om.KeyManagerImpl.getOzoneFileStatus(KeyManagerImpl.java:1280) ~[ozone-manager-1.3.0-SNAPSHOT.jar:?]
	at org.apache.hadoop.ozone.om.KeyManagerImpl.getFileStatus(KeyManagerImpl.java:1210) ~[ozone-manager-1.3.0-SNAPSHOT.jar:?]
	at org.apache.hadoop.ozone.om.OzoneManager.getFileStatus(OzoneManager.java:3067) ~[ozone-manager-1.3.0-SNAPSHOT.jar:?]
	at org.apache.hadoop.ozone.protocolPB.OzoneManagerRequestHandler.getOzoneFileStatus(OzoneManagerRequestHandler.java:670) ~[ozone-manager-1.3.0-SNAPSHOT.jar:?]
	at org.apache.hadoop.ozone.protocolPB.OzoneManagerRequestHandler.handleReadRequest(OzoneManagerRequestHandler.java:201) ~[ozone-manager-1.3.0-SNAPSHOT.jar:?]
	at org.apache.hadoop.ozone.protocolPB.OzoneManagerProtocolServerSideTranslatorPB.submitReadRequestToOM(OzoneManagerProtocolServerSideTranslatorPB.java:213) ~[ozone-manager-1.3.0-SNAPSHOT.jar:?]
	at org.apache.hadoop.ozone.protocolPB.OzoneManagerProtocolServerSideTranslatorPB.processRequest(OzoneManagerProtocolServerSideTranslatorPB.java:174) ~[ozone-manager-1.3.0-SNAPSHOT.jar:?]
	at org.apache.hadoop.hdds.server.OzoneProtocolMessageDispatcher.processRequest(OzoneProtocolMessageDispatcher.java:87) [hdds-server-framework-1.3.0-SNAPSHOT.jar:?]
	at org.apache.hadoop.ozone.protocolPB.OzoneManagerProtocolServerSideTranslatorPB.submitRequest(OzoneManagerProtocolServerSideTranslatorPB.java:146) [ozone-manager-1.3.0-SNAPSHOT.jar:?]
	at org.apache.hadoop.ozone.protocol.proto.OzoneManagerProtocolProtos$OzoneManagerService$2.callBlockingMethod(OzoneManagerProtocolProtos.java) [ozone-interface-client-1.3.0-SNAPSHOT.jar:?]
	at org.apache.hadoop.ipc.ProtobufRpcEngine$Server.processCall(ProtobufRpcEngine.java:466) [hadoop-common-3.3.1.jar:?]
	at org.apache.hadoop.ipc.ProtobufRpcEngine2$Server$ProtoBufRpcInvoker.call(ProtobufRpcEngine2.java:574) [hadoop-common-3.3.1.jar:?]
	at org.apache.hadoop.ipc.ProtobufRpcEngine2$Server$ProtoBufRpcInvoker.call(ProtobufRpcEngine2.java:552) [hadoop-common-3.3.1.jar:?]
	at org.apache.hadoop.ipc.RPC$Server.call(RPC.java:1093) [hadoop-common-3.3.1.jar:?]
	at org.apache.hadoop.ipc.Server$RpcCall.run(Server.java:1035) [hadoop-common-3.3.1.jar:?]
	at org.apache.hadoop.ipc.Server$RpcCall.run(Server.java:963) [hadoop-common-3.3.1.jar:?]
	at java.security.AccessController.doPrivileged(Native Method) ~[?:1.8.0_322]
	at javax.security.auth.Subject.doAs(Subject.java:422) [?:1.8.0_322]
	at org.apache.hadoop.security.UserGroupInformation.doAs(UserGroupInformation.java:1878) [hadoop-common-3.3.1.jar:?]
	at org.apache.hadoop.ipc.Server$Handler.run(Server.java:2966) [hadoop-common-3.3.1.jar:?]
03:16:34.893 [IPC Server handler 3 on default port 37999] ERROR OMAudit - user=runner | ip=127.0.0.1 | op=GET_FILE_STATUS {volume=volume22614, bucket=bucket85602, key=testBatchDelete/parent/child5, dataSize=0, replicationConfig=null} | ret=FAILURE
org.apache.hadoop.ozone.om.exceptions.OMException: Unable to get file status: volume: volume22614 bucket: bucket85602 key: testBatchDelete/parent/child5
	at org.apache.hadoop.ozone.om.KeyManagerImpl.getOzoneFileStatus(KeyManagerImpl.java:1280) ~[ozone-manager-1.3.0-SNAPSHOT.jar:?]
	at org.apache.hadoop.ozone.om.KeyManagerImpl.getFileStatus(KeyManagerImpl.java:1210) ~[ozone-manager-1.3.0-SNAPSHOT.jar:?]
	at org.apache.hadoop.ozone.om.OzoneManager.getFileStatus(OzoneManager.java:3067) ~[ozone-manager-1.3.0-SNAPSHOT.jar:?]
	at org.apache.hadoop.ozone.protocolPB.OzoneManagerRequestHandler.getOzoneFileStatus(OzoneManagerRequestHandler.java:670) ~[ozone-manager-1.3.0-SNAPSHOT.jar:?]
	at org.apache.hadoop.ozone.protocolPB.OzoneManagerRequestHandler.handleReadRequest(OzoneManagerRequestHandler.java:201) ~[ozone-manager-1.3.0-SNAPSHOT.jar:?]
	at org.apache.hadoop.ozone.protocolPB.OzoneManagerProtocolServerSideTranslatorPB.submitReadRequestToOM(OzoneManagerProtocolServerSideTranslatorPB.java:213) ~[ozone-manager-1.3.0-SNAPSHOT.jar:?]
	at org.apache.hadoop.ozone.protocolPB.OzoneManagerProtocolServerSideTranslatorPB.processRequest(OzoneManagerProtocolServerSideTranslatorPB.java:174) ~[ozone-manager-1.3.0-SNAPSHOT.jar:?]
	at org.apache.hadoop.hdds.server.OzoneProtocolMessageDispatcher.processRequest(OzoneProtocolMessageDispatcher.java:87) [hdds-server-framework-1.3.0-SNAPSHOT.jar:?]
	at org.apache.hadoop.ozone.protocolPB.OzoneManagerProtocolServerSideTranslatorPB.submitRequest(OzoneManagerProtocolServerSideTranslatorPB.java:146) [ozone-manager-1.3.0-SNAPSHOT.jar:?]
	at org.apache.hadoop.ozone.protocol.proto.OzoneManagerProtocolProtos$OzoneManagerService$2.callBlockingMethod(OzoneManagerProtocolProtos.java) [ozone-interface-client-1.3.0-SNAPSHOT.jar:?]
	at org.apache.hadoop.ipc.ProtobufRpcEngine$Server.processCall(ProtobufRpcEngine.java:466) [hadoop-common-3.3.1.jar:?]
	at org.apache.hadoop.ipc.ProtobufRpcEngine2$Server$ProtoBufRpcInvoker.call(ProtobufRpcEngine2.java:574) [hadoop-common-3.3.1.jar:?]
	at org.apache.hadoop.ipc.ProtobufRpcEngine2$Server$ProtoBufRpcInvoker.call(ProtobufRpcEngine2.java:552) [hadoop-common-3.3.1.jar:?]
	at org.apache.hadoop.ipc.RPC$Server.call(RPC.java:1093) [hadoop-common-3.3.1.jar:?]
	at org.apache.hadoop.ipc.Server$RpcCall.run(Server.java:1035) [hadoop-common-3.3.1.jar:?]
	at org.apache.hadoop.ipc.Server$RpcCall.run(Server.java:963) [hadoop-common-3.3.1.jar:?]
	at java.security.AccessController.doPrivileged(Native Method) ~[?:1.8.0_322]
	at javax.security.auth.Subject.doAs(Subject.java:422) [?:1.8.0_322]
	at org.apache.hadoop.security.UserGroupInformation.doAs(UserGroupInformation.java:1878) [hadoop-common-3.3.1.jar:?]
	at org.apache.hadoop.ipc.Server$Handler.run(Server.java:2966) [hadoop-common-3.3.1.jar:?]
03:16:34.894 [IPC Server handler 8 on default port 37999] ERROR OMAudit - user=runner | ip=127.0.0.1 | op=GET_FILE_STATUS {volume=volume22614, bucket=bucket85602, key=testBatchDelete/parent/childFolder/child5, dataSize=0, replicationConfig=null} | ret=FAILURE
org.apache.hadoop.ozone.om.exceptions.OMException: Unable to get file status: volume: volume22614 bucket: bucket85602 key: testBatchDelete/parent/childFolder/child5
	at org.apache.hadoop.ozone.om.KeyManagerImpl.getOzoneFileStatus(KeyManagerImpl.java:1280) ~[ozone-manager-1.3.0-SNAPSHOT.jar:?]
	at org.apache.hadoop.ozone.om.KeyManagerImpl.getFileStatus(KeyManagerImpl.java:1210) ~[ozone-manager-1.3.0-SNAPSHOT.jar:?]
	at org.apache.hadoop.ozone.om.OzoneManager.getFileStatus(OzoneManager.java:3067) ~[ozone-manager-1.3.0-SNAPSHOT.jar:?]
	at org.apache.hadoop.ozone.protocolPB.OzoneManagerRequestHandler.getOzoneFileStatus(OzoneManagerRequestHandler.java:670) ~[ozone-manager-1.3.0-SNAPSHOT.jar:?]
	at org.apache.hadoop.ozone.protocolPB.OzoneManagerRequestHandler.handleReadRequest(OzoneManagerRequestHandler.java:201) ~[ozone-manager-1.3.0-SNAPSHOT.jar:?]
	at org.apache.hadoop.ozone.protocolPB.OzoneManagerProtocolServerSideTranslatorPB.submitReadRequestToOM(OzoneManagerProtocolServerSideTranslatorPB.java:213) ~[ozone-manager-1.3.0-SNAPSHOT.jar:?]
	at org.apache.hadoop.ozone.protocolPB.OzoneManagerProtocolServerSideTranslatorPB.processRequest(OzoneManagerProtocolServerSideTranslatorPB.java:174) ~[ozone-manager-1.3.0-SNAPSHOT.jar:?]
	at org.apache.hadoop.hdds.server.OzoneProtocolMessageDispatcher.processRequest(OzoneProtocolMessageDispatcher.java:87) [hdds-server-framework-1.3.0-SNAPSHOT.jar:?]
	at org.apache.hadoop.ozone.protocolPB.OzoneManagerProtocolServerSideTranslatorPB.submitRequest(OzoneManagerProtocolServerSideTranslatorPB.java:146) [ozone-manager-1.3.0-SNAPSHOT.jar:?]
	at org.apache.hadoop.ozone.protocol.proto.OzoneManagerProtocolProtos$OzoneManagerService$2.callBlockingMethod(OzoneManagerProtocolProtos.java) [ozone-interface-client-1.3.0-SNAPSHOT.jar:?]
	at org.apache.hadoop.ipc.ProtobufRpcEngine$Server.processCall(ProtobufRpcEngine.java:466) [hadoop-common-3.3.1.jar:?]
	at org.apache.hadoop.ipc.ProtobufRpcEngine2$Server$ProtoBufRpcInvoker.call(ProtobufRpcEngine2.java:574) [hadoop-common-3.3.1.jar:?]
	at org.apache.hadoop.ipc.ProtobufRpcEngine2$Server$ProtoBufRpcInvoker.call(ProtobufRpcEngine2.java:552) [hadoop-common-3.3.1.jar:?]
	at org.apache.hadoop.ipc.RPC$Server.call(RPC.java:1093) [hadoop-common-3.3.1.jar:?]
	at org.apache.hadoop.ipc.Server$RpcCall.run(Server.java:1035) [hadoop-common-3.3.1.jar:?]
	at org.apache.hadoop.ipc.Server$RpcCall.run(Server.java:963) [hadoop-common-3.3.1.jar:?]
	at java.security.AccessController.doPrivileged(Native Method) ~[?:1.8.0_322]
	at javax.security.auth.Subject.doAs(Subject.java:422) [?:1.8.0_322]
	at org.apache.hadoop.security.UserGroupInformation.doAs(UserGroupInformation.java:1878) [hadoop-common-3.3.1.jar:?]
	at org.apache.hadoop.ipc.Server$Handler.run(Server.java:2966) [hadoop-common-3.3.1.jar:?]
03:16:34.895 [IPC Server handler 7 on default port 37999] ERROR OMAudit - user=runner | ip=127.0.0.1 | op=GET_FILE_STATUS {volume=volume22614, bucket=bucket85602, key=testBatchDelete/parent/child6, dataSize=0, replicationConfig=null} | ret=FAILURE
org.apache.hadoop.ozone.om.exceptions.OMException: Unable to get file status: volume: volume22614 bucket: bucket85602 key: testBatchDelete/parent/child6
	at org.apache.hadoop.ozone.om.KeyManagerImpl.getOzoneFileStatus(KeyManagerImpl.java:1280) ~[ozone-manager-1.3.0-SNAPSHOT.jar:?]
	at org.apache.hadoop.ozone.om.KeyManagerImpl.getFileStatus(KeyManagerImpl.java:1210) ~[ozone-manager-1.3.0-SNAPSHOT.jar:?]
	at org.apache.hadoop.ozone.om.OzoneManager.getFileStatus(OzoneManager.java:3067) ~[ozone-manager-1.3.0-SNAPSHOT.jar:?]
	at org.apache.hadoop.ozone.protocolPB.OzoneManagerRequestHandler.getOzoneFileStatus(OzoneManagerRequestHandler.java:670) ~[ozone-manager-1.3.0-SNAPSHOT.jar:?]
	at org.apache.hadoop.ozone.protocolPB.OzoneManagerRequestHandler.handleReadRequest(OzoneManagerRequestHandler.java:201) ~[ozone-manager-1.3.0-SNAPSHOT.jar:?]
	at org.apache.hadoop.ozone.protocolPB.OzoneManagerProtocolServerSideTranslatorPB.submitReadRequestToOM(OzoneManagerProtocolServerSideTranslatorPB.java:213) ~[ozone-manager-1.3.0-SNAPSHOT.jar:?]
	at org.apache.hadoop.ozone.protocolPB.OzoneManagerProtocolServerSideTranslatorPB.processRequest(OzoneManagerProtocolServerSideTranslatorPB.java:174) ~[ozone-manager-1.3.0-SNAPSHOT.jar:?]
	at org.apache.hadoop.hdds.server.OzoneProtocolMessageDispatcher.processRequest(OzoneProtocolMessageDispatcher.java:87) [hdds-server-framework-1.3.0-SNAPSHOT.jar:?]
	at org.apache.hadoop.ozone.protocolPB.OzoneManagerProtocolServerSideTranslatorPB.submitRequest(OzoneManagerProtocolServerSideTranslatorPB.java:146) [ozone-manager-1.3.0-SNAPSHOT.jar:?]
	at org.apache.hadoop.ozone.protocol.proto.OzoneManagerProtocolProtos$OzoneManagerService$2.callBlockingMethod(OzoneManagerProtocolProtos.java) [ozone-interface-client-1.3.0-SNAPSHOT.jar:?]
	at org.apache.hadoop.ipc.ProtobufRpcEngine$Server.processCall(ProtobufRpcEngine.java:466) [hadoop-common-3.3.1.jar:?]
	at org.apache.hadoop.ipc.ProtobufRpcEngine2$Server$ProtoBufRpcInvoker.call(ProtobufRpcEngine2.java:574) [hadoop-common-3.3.1.jar:?]
	at org.apache.hadoop.ipc.ProtobufRpcEngine2$Server$ProtoBufRpcInvoker.call(ProtobufRpcEngine2.java:552) [hadoop-common-3.3.1.jar:?]
	at org.apache.hadoop.ipc.RPC$Server.call(RPC.java:1093) [hadoop-common-3.3.1.jar:?]
	at org.apache.hadoop.ipc.Server$RpcCall.run(Server.java:1035) [hadoop-common-3.3.1.jar:?]
	at org.apache.hadoop.ipc.Server$RpcCall.run(Server.java:963) [hadoop-common-3.3.1.jar:?]
	at java.security.AccessController.doPrivileged(Native Method) ~[?:1.8.0_322]
	at javax.security.auth.Subject.doAs(Subject.java:422) [?:1.8.0_322]
	at org.apache.hadoop.security.UserGroupInformation.doAs(UserGroupInformation.java:1878) [hadoop-common-3.3.1.jar:?]
	at org.apache.hadoop.ipc.Server$Handler.run(Server.java:2966) [hadoop-common-3.3.1.jar:?]
03:16:34.896 [IPC Server handler 13 on default port 37999] ERROR OMAudit - user=runner | ip=127.0.0.1 | op=GET_FILE_STATUS {volume=volume22614, bucket=bucket85602, key=testBatchDelete/parent/childFolder/child6, dataSize=0, replicationConfig=null} | ret=FAILURE
org.apache.hadoop.ozone.om.exceptions.OMException: Unable to get file status: volume: volume22614 bucket: bucket85602 key: testBatchDelete/parent/childFolder/child6
	at org.apache.hadoop.ozone.om.KeyManagerImpl.getOzoneFileStatus(KeyManagerImpl.java:1280) ~[ozone-manager-1.3.0-SNAPSHOT.jar:?]
	at org.apache.hadoop.ozone.om.KeyManagerImpl.getFileStatus(KeyManagerImpl.java:1210) ~[ozone-manager-1.3.0-SNAPSHOT.jar:?]
	at org.apache.hadoop.ozone.om.OzoneManager.getFileStatus(OzoneManager.java:3067) ~[ozone-manager-1.3.0-SNAPSHOT.jar:?]
	at org.apache.hadoop.ozone.protocolPB.OzoneManagerRequestHandler.getOzoneFileStatus(OzoneManagerRequestHandler.java:670) ~[ozone-manager-1.3.0-SNAPSHOT.jar:?]
	at org.apache.hadoop.ozone.protocolPB.OzoneManagerRequestHandler.handleReadRequest(OzoneManagerRequestHandler.java:201) ~[ozone-manager-1.3.0-SNAPSHOT.jar:?]
	at org.apache.hadoop.ozone.protocolPB.OzoneManagerProtocolServerSideTranslatorPB.submitReadRequestToOM(OzoneManagerProtocolServerSideTranslatorPB.java:213) ~[ozone-manager-1.3.0-SNAPSHOT.jar:?]
	at org.apache.hadoop.ozone.protocolPB.OzoneManagerProtocolServerSideTranslatorPB.processRequest(OzoneManagerProtocolServerSideTranslatorPB.java:174) ~[ozone-manager-1.3.0-SNAPSHOT.jar:?]
	at org.apache.hadoop.hdds.server.OzoneProtocolMessageDispatcher.processRequest(OzoneProtocolMessageDispatcher.java:87) [hdds-server-framework-1.3.0-SNAPSHOT.jar:?]
	at org.apache.hadoop.ozone.protocolPB.OzoneManagerProtocolServerSideTranslatorPB.submitRequest(OzoneManagerProtocolServerSideTranslatorPB.java:146) [ozone-manager-1.3.0-SNAPSHOT.jar:?]
	at org.apache.hadoop.ozone.protocol.proto.OzoneManagerProtocolProtos$OzoneManagerService$2.callBlockingMethod(OzoneManagerProtocolProtos.java) [ozone-interface-client-1.3.0-SNAPSHOT.jar:?]
	at org.apache.hadoop.ipc.ProtobufRpcEngine$Server.processCall(ProtobufRpcEngine.java:466) [hadoop-common-3.3.1.jar:?]
	at org.apache.hadoop.ipc.ProtobufRpcEngine2$Server$ProtoBufRpcInvoker.call(ProtobufRpcEngine2.java:574) [hadoop-common-3.3.1.jar:?]
	at org.apache.hadoop.ipc.ProtobufRpcEngine2$Server$ProtoBufRpcInvoker.call(ProtobufRpcEngine2.java:552) [hadoop-common-3.3.1.jar:?]
	at org.apache.hadoop.ipc.RPC$Server.call(RPC.java:1093) [hadoop-common-3.3.1.jar:?]
	at org.apache.hadoop.ipc.Server$RpcCall.run(Server.java:1035) [hadoop-common-3.3.1.jar:?]
	at org.apache.hadoop.ipc.Server$RpcCall.run(Server.java:963) [hadoop-common-3.3.1.jar:?]
	at java.security.AccessController.doPrivileged(Native Method) ~[?:1.8.0_322]
	at javax.security.auth.Subject.doAs(Subject.java:422) [?:1.8.0_322]
	at org.apache.hadoop.security.UserGroupInformation.doAs(UserGroupInformation.java:1878) [hadoop-common-3.3.1.jar:?]
	at org.apache.hadoop.ipc.Server$Handler.run(Server.java:2966) [hadoop-common-3.3.1.jar:?]
03:16:34.898 [IPC Server handler 11 on default port 37999] ERROR OMAudit - user=runner | ip=127.0.0.1 | op=GET_FILE_STATUS {volume=volume22614, bucket=bucket85602, key=testBatchDelete/parent/child7, dataSize=0, replicationConfig=null} | ret=FAILURE
org.apache.hadoop.ozone.om.exceptions.OMException: Unable to get file status: volume: volume22614 bucket: bucket85602 key: testBatchDelete/parent/child7
	at org.apache.hadoop.ozone.om.KeyManagerImpl.getOzoneFileStatus(KeyManagerImpl.java:1280) ~[ozone-manager-1.3.0-SNAPSHOT.jar:?]
	at org.apache.hadoop.ozone.om.KeyManagerImpl.getFileStatus(KeyManagerImpl.java:1210) ~[ozone-manager-1.3.0-SNAPSHOT.jar:?]
	at org.apache.hadoop.ozone.om.OzoneManager.getFileStatus(OzoneManager.java:3067) ~[ozone-manager-1.3.0-SNAPSHOT.jar:?]
	at org.apache.hadoop.ozone.protocolPB.OzoneManagerRequestHandler.getOzoneFileStatus(OzoneManagerRequestHandler.java:670) ~[ozone-manager-1.3.0-SNAPSHOT.jar:?]
	at org.apache.hadoop.ozone.protocolPB.OzoneManagerRequestHandler.handleReadRequest(OzoneManagerRequestHandler.java:201) ~[ozone-manager-1.3.0-SNAPSHOT.jar:?]
	at org.apache.hadoop.ozone.protocolPB.OzoneManagerProtocolServerSideTranslatorPB.submitReadRequestToOM(OzoneManagerProtocolServerSideTranslatorPB.java:213) ~[ozone-manager-1.3.0-SNAPSHOT.jar:?]
	at org.apache.hadoop.ozone.protocolPB.OzoneManagerProtocolServerSideTranslatorPB.processRequest(OzoneManagerProtocolServerSideTranslatorPB.java:174) ~[ozone-manager-1.3.0-SNAPSHOT.jar:?]
	at org.apache.hadoop.hdds.server.OzoneProtocolMessageDispatcher.processRequest(OzoneProtocolMessageDispatcher.java:87) [hdds-server-framework-1.3.0-SNAPSHOT.jar:?]
	at org.apache.hadoop.ozone.protocolPB.OzoneManagerProtocolServerSideTranslatorPB.submitRequest(OzoneManagerProtocolServerSideTranslatorPB.java:146) [ozone-manager-1.3.0-SNAPSHOT.jar:?]
	at org.apache.hadoop.ozone.protocol.proto.OzoneManagerProtocolProtos$OzoneManagerService$2.callBlockingMethod(OzoneManagerProtocolProtos.java) [ozone-interface-client-1.3.0-SNAPSHOT.jar:?]
	at org.apache.hadoop.ipc.ProtobufRpcEngine$Server.processCall(ProtobufRpcEngine.java:466) [hadoop-common-3.3.1.jar:?]
	at org.apache.hadoop.ipc.ProtobufRpcEngine2$Server$ProtoBufRpcInvoker.call(ProtobufRpcEngine2.java:574) [hadoop-common-3.3.1.jar:?]
	at org.apache.hadoop.ipc.ProtobufRpcEngine2$Server$ProtoBufRpcInvoker.call(ProtobufRpcEngine2.java:552) [hadoop-common-3.3.1.jar:?]
	at org.apache.hadoop.ipc.RPC$Server.call(RPC.java:1093) [hadoop-common-3.3.1.jar:?]
	at org.apache.hadoop.ipc.Server$RpcCall.run(Server.java:1035) [hadoop-common-3.3.1.jar:?]
	at org.apache.hadoop.ipc.Server$RpcCall.run(Server.java:963) [hadoop-common-3.3.1.jar:?]
	at java.security.AccessController.doPrivileged(Native Method) ~[?:1.8.0_322]
	at javax.security.auth.Subject.doAs(Subject.java:422) [?:1.8.0_322]
	at org.apache.hadoop.security.UserGroupInformation.doAs(UserGroupInformation.java:1878) [hadoop-common-3.3.1.jar:?]
	at org.apache.hadoop.ipc.Server$Handler.run(Server.java:2966) [hadoop-common-3.3.1.jar:?]
03:16:34.902 [IPC Server handler 2 on default port 37999] ERROR OMAudit - user=runner | ip=127.0.0.1 | op=GET_FILE_STATUS {volume=volume22614, bucket=bucket85602, key=testBatchDelete/parent/childFolder/child7, dataSize=0, replicationConfig=null} | ret=FAILURE
org.apache.hadoop.ozone.om.exceptions.OMException: Unable to get file status: volume: volume22614 bucket: bucket85602 key: testBatchDelete/parent/childFolder/child7
	at org.apache.hadoop.ozone.om.KeyManagerImpl.getOzoneFileStatus(KeyManagerImpl.java:1280) ~[ozone-manager-1.3.0-SNAPSHOT.jar:?]
	at org.apache.hadoop.ozone.om.KeyManagerImpl.getFileStatus(KeyManagerImpl.java:1210) ~[ozone-manager-1.3.0-SNAPSHOT.jar:?]
	at org.apache.hadoop.ozone.om.OzoneManager.getFileStatus(OzoneManager.java:3067) ~[ozone-manager-1.3.0-SNAPSHOT.jar:?]
	at org.apache.hadoop.ozone.protocolPB.OzoneManagerRequestHandler.getOzoneFileStatus(OzoneManagerRequestHandler.java:670) ~[ozone-manager-1.3.0-SNAPSHOT.jar:?]
	at org.apache.hadoop.ozone.protocolPB.OzoneManagerRequestHandler.handleReadRequest(OzoneManagerRequestHandler.java:201) ~[ozone-manager-1.3.0-SNAPSHOT.jar:?]
	at org.apache.hadoop.ozone.protocolPB.OzoneManagerProtocolServerSideTranslatorPB.submitReadRequestToOM(OzoneManagerProtocolServerSideTranslatorPB.java:213) ~[ozone-manager-1.3.0-SNAPSHOT.jar:?]
	at org.apache.hadoop.ozone.protocolPB.OzoneManagerProtocolServerSideTranslatorPB.processRequest(OzoneManagerProtocolServerSideTranslatorPB.java:174) ~[ozone-manager-1.3.0-SNAPSHOT.jar:?]
	at org.apache.hadoop.hdds.server.OzoneProtocolMessageDispatcher.processRequest(OzoneProtocolMessageDispatcher.java:87) [hdds-server-framework-1.3.0-SNAPSHOT.jar:?]
	at org.apache.hadoop.ozone.protocolPB.OzoneManagerProtocolServerSideTranslatorPB.submitRequest(OzoneManagerProtocolServerSideTranslatorPB.java:146) [ozone-manager-1.3.0-SNAPSHOT.jar:?]
	at org.apache.hadoop.ozone.protocol.proto.OzoneManagerProtocolProtos$OzoneManagerService$2.callBlockingMethod(OzoneManagerProtocolProtos.java) [ozone-interface-client-1.3.0-SNAPSHOT.jar:?]
	at org.apache.hadoop.ipc.ProtobufRpcEngine$Server.processCall(ProtobufRpcEngine.java:466) [hadoop-common-3.3.1.jar:?]
	at org.apache.hadoop.ipc.ProtobufRpcEngine2$Server$ProtoBufRpcInvoker.call(ProtobufRpcEngine2.java:574) [hadoop-common-3.3.1.jar:?]
	at org.apache.hadoop.ipc.ProtobufRpcEngine2$Server$ProtoBufRpcInvoker.call(ProtobufRpcEngine2.java:552) [hadoop-common-3.3.1.jar:?]
	at org.apache.hadoop.ipc.RPC$Server.call(RPC.java:1093) [hadoop-common-3.3.1.jar:?]
	at org.apache.hadoop.ipc.Server$RpcCall.run(Server.java:1035) [hadoop-common-3.3.1.jar:?]
	at org.apache.hadoop.ipc.Server$RpcCall.run(Server.java:963) [hadoop-common-3.3.1.jar:?]
	at java.security.AccessController.doPrivileged(Native Method) ~[?:1.8.0_322]
	at javax.security.auth.Subject.doAs(Subject.java:422) [?:1.8.0_322]
	at org.apache.hadoop.security.UserGroupInformation.doAs(UserGroupInformation.java:1878) [hadoop-common-3.3.1.jar:?]
	at org.apache.hadoop.ipc.Server$Handler.run(Server.java:2966) [hadoop-common-3.3.1.jar:?]
03:16:34.903 [IPC Server handler 18 on default port 37999] ERROR OMAudit - user=runner | ip=127.0.0.1 | op=GET_FILE_STATUS {volume=volume22614, bucket=bucket85602, key=testBatchDelete/parent, dataSize=0, replicationConfig=null} | ret=FAILURE
org.apache.hadoop.ozone.om.exceptions.OMException: Unable to get file status: volume: volume22614 bucket: bucket85602 key: testBatchDelete/parent
	at org.apache.hadoop.ozone.om.KeyManagerImpl.getOzoneFileStatus(KeyManagerImpl.java:1280) ~[ozone-manager-1.3.0-SNAPSHOT.jar:?]
	at org.apache.hadoop.ozone.om.KeyManagerImpl.getFileStatus(KeyManagerImpl.java:1210) ~[ozone-manager-1.3.0-SNAPSHOT.jar:?]
	at org.apache.hadoop.ozone.om.OzoneManager.getFileStatus(OzoneManager.java:3067) ~[ozone-manager-1.3.0-SNAPSHOT.jar:?]
	at org.apache.hadoop.ozone.protocolPB.OzoneManagerRequestHandler.getOzoneFileStatus(OzoneManagerRequestHandler.java:670) ~[ozone-manager-1.3.0-SNAPSHOT.jar:?]
	at org.apache.hadoop.ozone.protocolPB.OzoneManagerRequestHandler.handleReadRequest(OzoneManagerRequestHandler.java:201) ~[ozone-manager-1.3.0-SNAPSHOT.jar:?]
	at org.apache.hadoop.ozone.protocolPB.OzoneManagerProtocolServerSideTranslatorPB.submitReadRequestToOM(OzoneManagerProtocolServerSideTranslatorPB.java:213) ~[ozone-manager-1.3.0-SNAPSHOT.jar:?]
	at org.apache.hadoop.ozone.protocolPB.OzoneManagerProtocolServerSideTranslatorPB.processRequest(OzoneManagerProtocolServerSideTranslatorPB.java:174) ~[ozone-manager-1.3.0-SNAPSHOT.jar:?]
	at org.apache.hadoop.hdds.server.OzoneProtocolMessageDispatcher.processRequest(OzoneProtocolMessageDispatcher.java:87) [hdds-server-framework-1.3.0-SNAPSHOT.jar:?]
	at org.apache.hadoop.ozone.protocolPB.OzoneManagerProtocolServerSideTranslatorPB.submitRequest(OzoneManagerProtocolServerSideTranslatorPB.java:146) [ozone-manager-1.3.0-SNAPSHOT.jar:?]
	at org.apache.hadoop.ozone.protocol.proto.OzoneManagerProtocolProtos$OzoneManagerService$2.callBlockingMethod(OzoneManagerProtocolProtos.java) [ozone-interface-client-1.3.0-SNAPSHOT.jar:?]
	at org.apache.hadoop.ipc.ProtobufRpcEngine$Server.processCall(ProtobufRpcEngine.java:466) [hadoop-common-3.3.1.jar:?]
	at org.apache.hadoop.ipc.ProtobufRpcEngine2$Server$ProtoBufRpcInvoker.call(ProtobufRpcEngine2.java:574) [hadoop-common-3.3.1.jar:?]
	at org.apache.hadoop.ipc.ProtobufRpcEngine2$Server$ProtoBufRpcInvoker.call(ProtobufRpcEngine2.java:552) [hadoop-common-3.3.1.jar:?]
	at org.apache.hadoop.ipc.RPC$Server.call(RPC.java:1093) [hadoop-common-3.3.1.jar:?]
	at org.apache.hadoop.ipc.Server$RpcCall.run(Server.java:1035) [hadoop-common-3.3.1.jar:?]
	at org.apache.hadoop.ipc.Server$RpcCall.run(Server.java:963) [hadoop-common-3.3.1.jar:?]
	at java.security.AccessController.doPrivileged(Native Method) ~[?:1.8.0_322]
	at javax.security.auth.Subject.doAs(Subject.java:422) [?:1.8.0_322]
	at org.apache.hadoop.security.UserGroupInformation.doAs(UserGroupInformation.java:1878) [hadoop-common-3.3.1.jar:?]
	at org.apache.hadoop.ipc.Server$Handler.run(Server.java:2966) [hadoop-common-3.3.1.jar:?]
2022-05-04 03:16:34,904 [Time-limited test] WARN  ozone.BasicRootedOzoneFileSystem (BasicRootedOzoneFileSystem.java:delete(572)) - delete: Path does not exist: /volume22614/bucket85602/testBatchDelete/parent
]]></system-out>
  </testcase>
  <testcase name="testFileDelete" classname="TestRootedOzoneFileSystem" time="0.276">
    <system-out><![CDATA[2022-05-04 03:18:06,910 [Time-limited test] INFO  rpc.RpcClient (RpcClient.java:createVolume(448)) - Creating Volume: volume95024, with user37667 as owner and space quota set to -1 bytes, counts quota set to -1
2022-05-04 03:18:06,914 [IPC Server handler 17 on default port 33661] INFO  volume.OMVolumeCreateRequest (OMVolumeCreateRequest.java:validateAndUpdateCache(195)) - created volume:volume95024 for user:user37667
2022-05-04 03:18:06,915 [Time-limited test] INFO  rpc.RpcClient (RpcClient.java:createBucket(637)) - Creating Bucket: volume95024/bucket16762, with runner as owner and Versioning false and Storage Type set to DISK and Encryption set to false 
2022-05-04 03:18:06,915 [IPC Server handler 16 on default port 33661] INFO  bucket.OMBucketCreateRequest (OMBucketCreateRequest.java:validateAndUpdateCache(258)) - created bucket: bucket16762 of layout LEGACY in volume: volume95024
03:18:07.052 [IPC Server handler 6 on default port 33661] ERROR OMAudit - user=runner | ip=127.0.0.1 | op=GET_FILE_STATUS {volume=volume95024, bucket=bucket16762, key=testBatchDelete, dataSize=0, replicationConfig=null} | ret=FAILURE
org.apache.hadoop.ozone.om.exceptions.OMException: Unable to get file status: volume: volume95024 bucket: bucket16762 key: testBatchDelete
	at org.apache.hadoop.ozone.om.KeyManagerImpl.getOzoneFileStatus(KeyManagerImpl.java:1280) ~[ozone-manager-1.3.0-SNAPSHOT.jar:?]
	at org.apache.hadoop.ozone.om.KeyManagerImpl.getFileStatus(KeyManagerImpl.java:1210) ~[ozone-manager-1.3.0-SNAPSHOT.jar:?]
	at org.apache.hadoop.ozone.om.OzoneManager.getFileStatus(OzoneManager.java:3067) ~[ozone-manager-1.3.0-SNAPSHOT.jar:?]
	at org.apache.hadoop.ozone.protocolPB.OzoneManagerRequestHandler.getOzoneFileStatus(OzoneManagerRequestHandler.java:670) ~[ozone-manager-1.3.0-SNAPSHOT.jar:?]
	at org.apache.hadoop.ozone.protocolPB.OzoneManagerRequestHandler.handleReadRequest(OzoneManagerRequestHandler.java:201) ~[ozone-manager-1.3.0-SNAPSHOT.jar:?]
	at org.apache.hadoop.ozone.protocolPB.OzoneManagerProtocolServerSideTranslatorPB.submitRequestDirectlyToOM(OzoneManagerProtocolServerSideTranslatorPB.java:271) ~[ozone-manager-1.3.0-SNAPSHOT.jar:?]
	at org.apache.hadoop.ozone.protocolPB.OzoneManagerProtocolServerSideTranslatorPB.processRequest(OzoneManagerProtocolServerSideTranslatorPB.java:195) ~[ozone-manager-1.3.0-SNAPSHOT.jar:?]
	at org.apache.hadoop.hdds.server.OzoneProtocolMessageDispatcher.processRequest(OzoneProtocolMessageDispatcher.java:87) [hdds-server-framework-1.3.0-SNAPSHOT.jar:?]
	at org.apache.hadoop.ozone.protocolPB.OzoneManagerProtocolServerSideTranslatorPB.submitRequest(OzoneManagerProtocolServerSideTranslatorPB.java:146) [ozone-manager-1.3.0-SNAPSHOT.jar:?]
	at org.apache.hadoop.ozone.protocol.proto.OzoneManagerProtocolProtos$OzoneManagerService$2.callBlockingMethod(OzoneManagerProtocolProtos.java) [ozone-interface-client-1.3.0-SNAPSHOT.jar:?]
	at org.apache.hadoop.ipc.ProtobufRpcEngine$Server.processCall(ProtobufRpcEngine.java:466) [hadoop-common-3.3.1.jar:?]
	at org.apache.hadoop.ipc.ProtobufRpcEngine2$Server$ProtoBufRpcInvoker.call(ProtobufRpcEngine2.java:574) [hadoop-common-3.3.1.jar:?]
	at org.apache.hadoop.ipc.ProtobufRpcEngine2$Server$ProtoBufRpcInvoker.call(ProtobufRpcEngine2.java:552) [hadoop-common-3.3.1.jar:?]
	at org.apache.hadoop.ipc.RPC$Server.call(RPC.java:1093) [hadoop-common-3.3.1.jar:?]
	at org.apache.hadoop.ipc.Server$RpcCall.run(Server.java:1035) [hadoop-common-3.3.1.jar:?]
	at org.apache.hadoop.ipc.Server$RpcCall.run(Server.java:963) [hadoop-common-3.3.1.jar:?]
	at java.security.AccessController.doPrivileged(Native Method) ~[?:1.8.0_322]
	at javax.security.auth.Subject.doAs(Subject.java:422) [?:1.8.0_322]
	at org.apache.hadoop.security.UserGroupInformation.doAs(UserGroupInformation.java:1878) [hadoop-common-3.3.1.jar:?]
	at org.apache.hadoop.ipc.Server$Handler.run(Server.java:2966) [hadoop-common-3.3.1.jar:?]
03:18:07.053 [IPC Server handler 5 on default port 33661] ERROR OMAudit - user=runner | ip=127.0.0.1 | op=GET_FILE_STATUS {volume=volume95024, bucket=bucket16762, key=testBatchDelete/parent/child0, dataSize=0, replicationConfig=null} | ret=FAILURE
org.apache.hadoop.ozone.om.exceptions.OMException: Unable to get file status: volume: volume95024 bucket: bucket16762 key: testBatchDelete/parent/child0
	at org.apache.hadoop.ozone.om.KeyManagerImpl.getOzoneFileStatus(KeyManagerImpl.java:1280) ~[ozone-manager-1.3.0-SNAPSHOT.jar:?]
	at org.apache.hadoop.ozone.om.KeyManagerImpl.getFileStatus(KeyManagerImpl.java:1210) ~[ozone-manager-1.3.0-SNAPSHOT.jar:?]
	at org.apache.hadoop.ozone.om.OzoneManager.getFileStatus(OzoneManager.java:3067) ~[ozone-manager-1.3.0-SNAPSHOT.jar:?]
	at org.apache.hadoop.ozone.protocolPB.OzoneManagerRequestHandler.getOzoneFileStatus(OzoneManagerRequestHandler.java:670) ~[ozone-manager-1.3.0-SNAPSHOT.jar:?]
	at org.apache.hadoop.ozone.protocolPB.OzoneManagerRequestHandler.handleReadRequest(OzoneManagerRequestHandler.java:201) ~[ozone-manager-1.3.0-SNAPSHOT.jar:?]
	at org.apache.hadoop.ozone.protocolPB.OzoneManagerProtocolServerSideTranslatorPB.submitRequestDirectlyToOM(OzoneManagerProtocolServerSideTranslatorPB.java:271) ~[ozone-manager-1.3.0-SNAPSHOT.jar:?]
	at org.apache.hadoop.ozone.protocolPB.OzoneManagerProtocolServerSideTranslatorPB.processRequest(OzoneManagerProtocolServerSideTranslatorPB.java:195) ~[ozone-manager-1.3.0-SNAPSHOT.jar:?]
	at org.apache.hadoop.hdds.server.OzoneProtocolMessageDispatcher.processRequest(OzoneProtocolMessageDispatcher.java:87) [hdds-server-framework-1.3.0-SNAPSHOT.jar:?]
	at org.apache.hadoop.ozone.protocolPB.OzoneManagerProtocolServerSideTranslatorPB.submitRequest(OzoneManagerProtocolServerSideTranslatorPB.java:146) [ozone-manager-1.3.0-SNAPSHOT.jar:?]
	at org.apache.hadoop.ozone.protocol.proto.OzoneManagerProtocolProtos$OzoneManagerService$2.callBlockingMethod(OzoneManagerProtocolProtos.java) [ozone-interface-client-1.3.0-SNAPSHOT.jar:?]
	at org.apache.hadoop.ipc.ProtobufRpcEngine$Server.processCall(ProtobufRpcEngine.java:466) [hadoop-common-3.3.1.jar:?]
	at org.apache.hadoop.ipc.ProtobufRpcEngine2$Server$ProtoBufRpcInvoker.call(ProtobufRpcEngine2.java:574) [hadoop-common-3.3.1.jar:?]
	at org.apache.hadoop.ipc.ProtobufRpcEngine2$Server$ProtoBufRpcInvoker.call(ProtobufRpcEngine2.java:552) [hadoop-common-3.3.1.jar:?]
	at org.apache.hadoop.ipc.RPC$Server.call(RPC.java:1093) [hadoop-common-3.3.1.jar:?]
	at org.apache.hadoop.ipc.Server$RpcCall.run(Server.java:1035) [hadoop-common-3.3.1.jar:?]
	at org.apache.hadoop.ipc.Server$RpcCall.run(Server.java:963) [hadoop-common-3.3.1.jar:?]
	at java.security.AccessController.doPrivileged(Native Method) ~[?:1.8.0_322]
	at javax.security.auth.Subject.doAs(Subject.java:422) [?:1.8.0_322]
	at org.apache.hadoop.security.UserGroupInformation.doAs(UserGroupInformation.java:1878) [hadoop-common-3.3.1.jar:?]
	at org.apache.hadoop.ipc.Server$Handler.run(Server.java:2966) [hadoop-common-3.3.1.jar:?]
03:18:07.055 [IPC Server handler 8 on default port 33661] ERROR OMAudit - user=runner | ip=127.0.0.1 | op=GET_FILE_STATUS {volume=volume95024, bucket=bucket16762, key=testBatchDelete/parent/childFolder/child0, dataSize=0, replicationConfig=null} | ret=FAILURE
org.apache.hadoop.ozone.om.exceptions.OMException: Unable to get file status: volume: volume95024 bucket: bucket16762 key: testBatchDelete/parent/childFolder/child0
	at org.apache.hadoop.ozone.om.KeyManagerImpl.getOzoneFileStatus(KeyManagerImpl.java:1280) ~[ozone-manager-1.3.0-SNAPSHOT.jar:?]
	at org.apache.hadoop.ozone.om.KeyManagerImpl.getFileStatus(KeyManagerImpl.java:1210) ~[ozone-manager-1.3.0-SNAPSHOT.jar:?]
	at org.apache.hadoop.ozone.om.OzoneManager.getFileStatus(OzoneManager.java:3067) ~[ozone-manager-1.3.0-SNAPSHOT.jar:?]
	at org.apache.hadoop.ozone.protocolPB.OzoneManagerRequestHandler.getOzoneFileStatus(OzoneManagerRequestHandler.java:670) ~[ozone-manager-1.3.0-SNAPSHOT.jar:?]
	at org.apache.hadoop.ozone.protocolPB.OzoneManagerRequestHandler.handleReadRequest(OzoneManagerRequestHandler.java:201) ~[ozone-manager-1.3.0-SNAPSHOT.jar:?]
	at org.apache.hadoop.ozone.protocolPB.OzoneManagerProtocolServerSideTranslatorPB.submitRequestDirectlyToOM(OzoneManagerProtocolServerSideTranslatorPB.java:271) ~[ozone-manager-1.3.0-SNAPSHOT.jar:?]
	at org.apache.hadoop.ozone.protocolPB.OzoneManagerProtocolServerSideTranslatorPB.processRequest(OzoneManagerProtocolServerSideTranslatorPB.java:195) ~[ozone-manager-1.3.0-SNAPSHOT.jar:?]
	at org.apache.hadoop.hdds.server.OzoneProtocolMessageDispatcher.processRequest(OzoneProtocolMessageDispatcher.java:87) [hdds-server-framework-1.3.0-SNAPSHOT.jar:?]
	at org.apache.hadoop.ozone.protocolPB.OzoneManagerProtocolServerSideTranslatorPB.submitRequest(OzoneManagerProtocolServerSideTranslatorPB.java:146) [ozone-manager-1.3.0-SNAPSHOT.jar:?]
	at org.apache.hadoop.ozone.protocol.proto.OzoneManagerProtocolProtos$OzoneManagerService$2.callBlockingMethod(OzoneManagerProtocolProtos.java) [ozone-interface-client-1.3.0-SNAPSHOT.jar:?]
	at org.apache.hadoop.ipc.ProtobufRpcEngine$Server.processCall(ProtobufRpcEngine.java:466) [hadoop-common-3.3.1.jar:?]
	at org.apache.hadoop.ipc.ProtobufRpcEngine2$Server$ProtoBufRpcInvoker.call(ProtobufRpcEngine2.java:574) [hadoop-common-3.3.1.jar:?]
	at org.apache.hadoop.ipc.ProtobufRpcEngine2$Server$ProtoBufRpcInvoker.call(ProtobufRpcEngine2.java:552) [hadoop-common-3.3.1.jar:?]
	at org.apache.hadoop.ipc.RPC$Server.call(RPC.java:1093) [hadoop-common-3.3.1.jar:?]
	at org.apache.hadoop.ipc.Server$RpcCall.run(Server.java:1035) [hadoop-common-3.3.1.jar:?]
	at org.apache.hadoop.ipc.Server$RpcCall.run(Server.java:963) [hadoop-common-3.3.1.jar:?]
	at java.security.AccessController.doPrivileged(Native Method) ~[?:1.8.0_322]
	at javax.security.auth.Subject.doAs(Subject.java:422) [?:1.8.0_322]
	at org.apache.hadoop.security.UserGroupInformation.doAs(UserGroupInformation.java:1878) [hadoop-common-3.3.1.jar:?]
	at org.apache.hadoop.ipc.Server$Handler.run(Server.java:2966) [hadoop-common-3.3.1.jar:?]
03:18:07.055 [IPC Server handler 17 on default port 33661] ERROR OMAudit - user=runner | ip=127.0.0.1 | op=GET_FILE_STATUS {volume=volume95024, bucket=bucket16762, key=testBatchDelete/parent/child1, dataSize=0, replicationConfig=null} | ret=FAILURE
org.apache.hadoop.ozone.om.exceptions.OMException: Unable to get file status: volume: volume95024 bucket: bucket16762 key: testBatchDelete/parent/child1
	at org.apache.hadoop.ozone.om.KeyManagerImpl.getOzoneFileStatus(KeyManagerImpl.java:1280) ~[ozone-manager-1.3.0-SNAPSHOT.jar:?]
	at org.apache.hadoop.ozone.om.KeyManagerImpl.getFileStatus(KeyManagerImpl.java:1210) ~[ozone-manager-1.3.0-SNAPSHOT.jar:?]
	at org.apache.hadoop.ozone.om.OzoneManager.getFileStatus(OzoneManager.java:3067) ~[ozone-manager-1.3.0-SNAPSHOT.jar:?]
	at org.apache.hadoop.ozone.protocolPB.OzoneManagerRequestHandler.getOzoneFileStatus(OzoneManagerRequestHandler.java:670) ~[ozone-manager-1.3.0-SNAPSHOT.jar:?]
	at org.apache.hadoop.ozone.protocolPB.OzoneManagerRequestHandler.handleReadRequest(OzoneManagerRequestHandler.java:201) ~[ozone-manager-1.3.0-SNAPSHOT.jar:?]
	at org.apache.hadoop.ozone.protocolPB.OzoneManagerProtocolServerSideTranslatorPB.submitRequestDirectlyToOM(OzoneManagerProtocolServerSideTranslatorPB.java:271) ~[ozone-manager-1.3.0-SNAPSHOT.jar:?]
	at org.apache.hadoop.ozone.protocolPB.OzoneManagerProtocolServerSideTranslatorPB.processRequest(OzoneManagerProtocolServerSideTranslatorPB.java:195) ~[ozone-manager-1.3.0-SNAPSHOT.jar:?]
	at org.apache.hadoop.hdds.server.OzoneProtocolMessageDispatcher.processRequest(OzoneProtocolMessageDispatcher.java:87) [hdds-server-framework-1.3.0-SNAPSHOT.jar:?]
	at org.apache.hadoop.ozone.protocolPB.OzoneManagerProtocolServerSideTranslatorPB.submitRequest(OzoneManagerProtocolServerSideTranslatorPB.java:146) [ozone-manager-1.3.0-SNAPSHOT.jar:?]
	at org.apache.hadoop.ozone.protocol.proto.OzoneManagerProtocolProtos$OzoneManagerService$2.callBlockingMethod(OzoneManagerProtocolProtos.java) [ozone-interface-client-1.3.0-SNAPSHOT.jar:?]
	at org.apache.hadoop.ipc.ProtobufRpcEngine$Server.processCall(ProtobufRpcEngine.java:466) [hadoop-common-3.3.1.jar:?]
	at org.apache.hadoop.ipc.ProtobufRpcEngine2$Server$ProtoBufRpcInvoker.call(ProtobufRpcEngine2.java:574) [hadoop-common-3.3.1.jar:?]
	at org.apache.hadoop.ipc.ProtobufRpcEngine2$Server$ProtoBufRpcInvoker.call(ProtobufRpcEngine2.java:552) [hadoop-common-3.3.1.jar:?]
	at org.apache.hadoop.ipc.RPC$Server.call(RPC.java:1093) [hadoop-common-3.3.1.jar:?]
	at org.apache.hadoop.ipc.Server$RpcCall.run(Server.java:1035) [hadoop-common-3.3.1.jar:?]
	at org.apache.hadoop.ipc.Server$RpcCall.run(Server.java:963) [hadoop-common-3.3.1.jar:?]
	at java.security.AccessController.doPrivileged(Native Method) ~[?:1.8.0_322]
	at javax.security.auth.Subject.doAs(Subject.java:422) [?:1.8.0_322]
	at org.apache.hadoop.security.UserGroupInformation.doAs(UserGroupInformation.java:1878) [hadoop-common-3.3.1.jar:?]
	at org.apache.hadoop.ipc.Server$Handler.run(Server.java:2966) [hadoop-common-3.3.1.jar:?]
03:18:07.056 [IPC Server handler 16 on default port 33661] ERROR OMAudit - user=runner | ip=127.0.0.1 | op=GET_FILE_STATUS {volume=volume95024, bucket=bucket16762, key=testBatchDelete/parent/childFolder/child1, dataSize=0, replicationConfig=null} | ret=FAILURE
org.apache.hadoop.ozone.om.exceptions.OMException: Unable to get file status: volume: volume95024 bucket: bucket16762 key: testBatchDelete/parent/childFolder/child1
	at org.apache.hadoop.ozone.om.KeyManagerImpl.getOzoneFileStatus(KeyManagerImpl.java:1280) ~[ozone-manager-1.3.0-SNAPSHOT.jar:?]
	at org.apache.hadoop.ozone.om.KeyManagerImpl.getFileStatus(KeyManagerImpl.java:1210) ~[ozone-manager-1.3.0-SNAPSHOT.jar:?]
	at org.apache.hadoop.ozone.om.OzoneManager.getFileStatus(OzoneManager.java:3067) ~[ozone-manager-1.3.0-SNAPSHOT.jar:?]
	at org.apache.hadoop.ozone.protocolPB.OzoneManagerRequestHandler.getOzoneFileStatus(OzoneManagerRequestHandler.java:670) ~[ozone-manager-1.3.0-SNAPSHOT.jar:?]
	at org.apache.hadoop.ozone.protocolPB.OzoneManagerRequestHandler.handleReadRequest(OzoneManagerRequestHandler.java:201) ~[ozone-manager-1.3.0-SNAPSHOT.jar:?]
	at org.apache.hadoop.ozone.protocolPB.OzoneManagerProtocolServerSideTranslatorPB.submitRequestDirectlyToOM(OzoneManagerProtocolServerSideTranslatorPB.java:271) ~[ozone-manager-1.3.0-SNAPSHOT.jar:?]
	at org.apache.hadoop.ozone.protocolPB.OzoneManagerProtocolServerSideTranslatorPB.processRequest(OzoneManagerProtocolServerSideTranslatorPB.java:195) ~[ozone-manager-1.3.0-SNAPSHOT.jar:?]
	at org.apache.hadoop.hdds.server.OzoneProtocolMessageDispatcher.processRequest(OzoneProtocolMessageDispatcher.java:87) [hdds-server-framework-1.3.0-SNAPSHOT.jar:?]
	at org.apache.hadoop.ozone.protocolPB.OzoneManagerProtocolServerSideTranslatorPB.submitRequest(OzoneManagerProtocolServerSideTranslatorPB.java:146) [ozone-manager-1.3.0-SNAPSHOT.jar:?]
	at org.apache.hadoop.ozone.protocol.proto.OzoneManagerProtocolProtos$OzoneManagerService$2.callBlockingMethod(OzoneManagerProtocolProtos.java) [ozone-interface-client-1.3.0-SNAPSHOT.jar:?]
	at org.apache.hadoop.ipc.ProtobufRpcEngine$Server.processCall(ProtobufRpcEngine.java:466) [hadoop-common-3.3.1.jar:?]
	at org.apache.hadoop.ipc.ProtobufRpcEngine2$Server$ProtoBufRpcInvoker.call(ProtobufRpcEngine2.java:574) [hadoop-common-3.3.1.jar:?]
	at org.apache.hadoop.ipc.ProtobufRpcEngine2$Server$ProtoBufRpcInvoker.call(ProtobufRpcEngine2.java:552) [hadoop-common-3.3.1.jar:?]
	at org.apache.hadoop.ipc.RPC$Server.call(RPC.java:1093) [hadoop-common-3.3.1.jar:?]
	at org.apache.hadoop.ipc.Server$RpcCall.run(Server.java:1035) [hadoop-common-3.3.1.jar:?]
	at org.apache.hadoop.ipc.Server$RpcCall.run(Server.java:963) [hadoop-common-3.3.1.jar:?]
	at java.security.AccessController.doPrivileged(Native Method) ~[?:1.8.0_322]
	at javax.security.auth.Subject.doAs(Subject.java:422) [?:1.8.0_322]
	at org.apache.hadoop.security.UserGroupInformation.doAs(UserGroupInformation.java:1878) [hadoop-common-3.3.1.jar:?]
	at org.apache.hadoop.ipc.Server$Handler.run(Server.java:2966) [hadoop-common-3.3.1.jar:?]
03:18:07.058 [IPC Server handler 14 on default port 33661] ERROR OMAudit - user=runner | ip=127.0.0.1 | op=GET_FILE_STATUS {volume=volume95024, bucket=bucket16762, key=testBatchDelete/parent/child2, dataSize=0, replicationConfig=null} | ret=FAILURE
org.apache.hadoop.ozone.om.exceptions.OMException: Unable to get file status: volume: volume95024 bucket: bucket16762 key: testBatchDelete/parent/child2
	at org.apache.hadoop.ozone.om.KeyManagerImpl.getOzoneFileStatus(KeyManagerImpl.java:1280) ~[ozone-manager-1.3.0-SNAPSHOT.jar:?]
	at org.apache.hadoop.ozone.om.KeyManagerImpl.getFileStatus(KeyManagerImpl.java:1210) ~[ozone-manager-1.3.0-SNAPSHOT.jar:?]
	at org.apache.hadoop.ozone.om.OzoneManager.getFileStatus(OzoneManager.java:3067) ~[ozone-manager-1.3.0-SNAPSHOT.jar:?]
	at org.apache.hadoop.ozone.protocolPB.OzoneManagerRequestHandler.getOzoneFileStatus(OzoneManagerRequestHandler.java:670) ~[ozone-manager-1.3.0-SNAPSHOT.jar:?]
	at org.apache.hadoop.ozone.protocolPB.OzoneManagerRequestHandler.handleReadRequest(OzoneManagerRequestHandler.java:201) ~[ozone-manager-1.3.0-SNAPSHOT.jar:?]
	at org.apache.hadoop.ozone.protocolPB.OzoneManagerProtocolServerSideTranslatorPB.submitRequestDirectlyToOM(OzoneManagerProtocolServerSideTranslatorPB.java:271) ~[ozone-manager-1.3.0-SNAPSHOT.jar:?]
	at org.apache.hadoop.ozone.protocolPB.OzoneManagerProtocolServerSideTranslatorPB.processRequest(OzoneManagerProtocolServerSideTranslatorPB.java:195) ~[ozone-manager-1.3.0-SNAPSHOT.jar:?]
	at org.apache.hadoop.hdds.server.OzoneProtocolMessageDispatcher.processRequest(OzoneProtocolMessageDispatcher.java:87) [hdds-server-framework-1.3.0-SNAPSHOT.jar:?]
	at org.apache.hadoop.ozone.protocolPB.OzoneManagerProtocolServerSideTranslatorPB.submitRequest(OzoneManagerProtocolServerSideTranslatorPB.java:146) [ozone-manager-1.3.0-SNAPSHOT.jar:?]
	at org.apache.hadoop.ozone.protocol.proto.OzoneManagerProtocolProtos$OzoneManagerService$2.callBlockingMethod(OzoneManagerProtocolProtos.java) [ozone-interface-client-1.3.0-SNAPSHOT.jar:?]
	at org.apache.hadoop.ipc.ProtobufRpcEngine$Server.processCall(ProtobufRpcEngine.java:466) [hadoop-common-3.3.1.jar:?]
	at org.apache.hadoop.ipc.ProtobufRpcEngine2$Server$ProtoBufRpcInvoker.call(ProtobufRpcEngine2.java:574) [hadoop-common-3.3.1.jar:?]
	at org.apache.hadoop.ipc.ProtobufRpcEngine2$Server$ProtoBufRpcInvoker.call(ProtobufRpcEngine2.java:552) [hadoop-common-3.3.1.jar:?]
	at org.apache.hadoop.ipc.RPC$Server.call(RPC.java:1093) [hadoop-common-3.3.1.jar:?]
	at org.apache.hadoop.ipc.Server$RpcCall.run(Server.java:1035) [hadoop-common-3.3.1.jar:?]
	at org.apache.hadoop.ipc.Server$RpcCall.run(Server.java:963) [hadoop-common-3.3.1.jar:?]
	at java.security.AccessController.doPrivileged(Native Method) ~[?:1.8.0_322]
	at javax.security.auth.Subject.doAs(Subject.java:422) [?:1.8.0_322]
	at org.apache.hadoop.security.UserGroupInformation.doAs(UserGroupInformation.java:1878) [hadoop-common-3.3.1.jar:?]
	at org.apache.hadoop.ipc.Server$Handler.run(Server.java:2966) [hadoop-common-3.3.1.jar:?]
03:18:07.059 [IPC Server handler 2 on default port 33661] ERROR OMAudit - user=runner | ip=127.0.0.1 | op=GET_FILE_STATUS {volume=volume95024, bucket=bucket16762, key=testBatchDelete/parent/childFolder/child2, dataSize=0, replicationConfig=null} | ret=FAILURE
org.apache.hadoop.ozone.om.exceptions.OMException: Unable to get file status: volume: volume95024 bucket: bucket16762 key: testBatchDelete/parent/childFolder/child2
	at org.apache.hadoop.ozone.om.KeyManagerImpl.getOzoneFileStatus(KeyManagerImpl.java:1280) ~[ozone-manager-1.3.0-SNAPSHOT.jar:?]
	at org.apache.hadoop.ozone.om.KeyManagerImpl.getFileStatus(KeyManagerImpl.java:1210) ~[ozone-manager-1.3.0-SNAPSHOT.jar:?]
	at org.apache.hadoop.ozone.om.OzoneManager.getFileStatus(OzoneManager.java:3067) ~[ozone-manager-1.3.0-SNAPSHOT.jar:?]
	at org.apache.hadoop.ozone.protocolPB.OzoneManagerRequestHandler.getOzoneFileStatus(OzoneManagerRequestHandler.java:670) ~[ozone-manager-1.3.0-SNAPSHOT.jar:?]
	at org.apache.hadoop.ozone.protocolPB.OzoneManagerRequestHandler.handleReadRequest(OzoneManagerRequestHandler.java:201) ~[ozone-manager-1.3.0-SNAPSHOT.jar:?]
	at org.apache.hadoop.ozone.protocolPB.OzoneManagerProtocolServerSideTranslatorPB.submitRequestDirectlyToOM(OzoneManagerProtocolServerSideTranslatorPB.java:271) ~[ozone-manager-1.3.0-SNAPSHOT.jar:?]
	at org.apache.hadoop.ozone.protocolPB.OzoneManagerProtocolServerSideTranslatorPB.processRequest(OzoneManagerProtocolServerSideTranslatorPB.java:195) ~[ozone-manager-1.3.0-SNAPSHOT.jar:?]
	at org.apache.hadoop.hdds.server.OzoneProtocolMessageDispatcher.processRequest(OzoneProtocolMessageDispatcher.java:87) [hdds-server-framework-1.3.0-SNAPSHOT.jar:?]
	at org.apache.hadoop.ozone.protocolPB.OzoneManagerProtocolServerSideTranslatorPB.submitRequest(OzoneManagerProtocolServerSideTranslatorPB.java:146) [ozone-manager-1.3.0-SNAPSHOT.jar:?]
	at org.apache.hadoop.ozone.protocol.proto.OzoneManagerProtocolProtos$OzoneManagerService$2.callBlockingMethod(OzoneManagerProtocolProtos.java) [ozone-interface-client-1.3.0-SNAPSHOT.jar:?]
	at org.apache.hadoop.ipc.ProtobufRpcEngine$Server.processCall(ProtobufRpcEngine.java:466) [hadoop-common-3.3.1.jar:?]
	at org.apache.hadoop.ipc.ProtobufRpcEngine2$Server$ProtoBufRpcInvoker.call(ProtobufRpcEngine2.java:574) [hadoop-common-3.3.1.jar:?]
	at org.apache.hadoop.ipc.ProtobufRpcEngine2$Server$ProtoBufRpcInvoker.call(ProtobufRpcEngine2.java:552) [hadoop-common-3.3.1.jar:?]
	at org.apache.hadoop.ipc.RPC$Server.call(RPC.java:1093) [hadoop-common-3.3.1.jar:?]
	at org.apache.hadoop.ipc.Server$RpcCall.run(Server.java:1035) [hadoop-common-3.3.1.jar:?]
	at org.apache.hadoop.ipc.Server$RpcCall.run(Server.java:963) [hadoop-common-3.3.1.jar:?]
	at java.security.AccessController.doPrivileged(Native Method) ~[?:1.8.0_322]
	at javax.security.auth.Subject.doAs(Subject.java:422) [?:1.8.0_322]
	at org.apache.hadoop.security.UserGroupInformation.doAs(UserGroupInformation.java:1878) [hadoop-common-3.3.1.jar:?]
	at org.apache.hadoop.ipc.Server$Handler.run(Server.java:2966) [hadoop-common-3.3.1.jar:?]
03:18:07.060 [IPC Server handler 18 on default port 33661] ERROR OMAudit - user=runner | ip=127.0.0.1 | op=GET_FILE_STATUS {volume=volume95024, bucket=bucket16762, key=testBatchDelete/parent/child3, dataSize=0, replicationConfig=null} | ret=FAILURE
org.apache.hadoop.ozone.om.exceptions.OMException: Unable to get file status: volume: volume95024 bucket: bucket16762 key: testBatchDelete/parent/child3
	at org.apache.hadoop.ozone.om.KeyManagerImpl.getOzoneFileStatus(KeyManagerImpl.java:1280) ~[ozone-manager-1.3.0-SNAPSHOT.jar:?]
	at org.apache.hadoop.ozone.om.KeyManagerImpl.getFileStatus(KeyManagerImpl.java:1210) ~[ozone-manager-1.3.0-SNAPSHOT.jar:?]
	at org.apache.hadoop.ozone.om.OzoneManager.getFileStatus(OzoneManager.java:3067) ~[ozone-manager-1.3.0-SNAPSHOT.jar:?]
	at org.apache.hadoop.ozone.protocolPB.OzoneManagerRequestHandler.getOzoneFileStatus(OzoneManagerRequestHandler.java:670) ~[ozone-manager-1.3.0-SNAPSHOT.jar:?]
	at org.apache.hadoop.ozone.protocolPB.OzoneManagerRequestHandler.handleReadRequest(OzoneManagerRequestHandler.java:201) ~[ozone-manager-1.3.0-SNAPSHOT.jar:?]
	at org.apache.hadoop.ozone.protocolPB.OzoneManagerProtocolServerSideTranslatorPB.submitRequestDirectlyToOM(OzoneManagerProtocolServerSideTranslatorPB.java:271) ~[ozone-manager-1.3.0-SNAPSHOT.jar:?]
	at org.apache.hadoop.ozone.protocolPB.OzoneManagerProtocolServerSideTranslatorPB.processRequest(OzoneManagerProtocolServerSideTranslatorPB.java:195) ~[ozone-manager-1.3.0-SNAPSHOT.jar:?]
	at org.apache.hadoop.hdds.server.OzoneProtocolMessageDispatcher.processRequest(OzoneProtocolMessageDispatcher.java:87) [hdds-server-framework-1.3.0-SNAPSHOT.jar:?]
	at org.apache.hadoop.ozone.protocolPB.OzoneManagerProtocolServerSideTranslatorPB.submitRequest(OzoneManagerProtocolServerSideTranslatorPB.java:146) [ozone-manager-1.3.0-SNAPSHOT.jar:?]
	at org.apache.hadoop.ozone.protocol.proto.OzoneManagerProtocolProtos$OzoneManagerService$2.callBlockingMethod(OzoneManagerProtocolProtos.java) [ozone-interface-client-1.3.0-SNAPSHOT.jar:?]
	at org.apache.hadoop.ipc.ProtobufRpcEngine$Server.processCall(ProtobufRpcEngine.java:466) [hadoop-common-3.3.1.jar:?]
	at org.apache.hadoop.ipc.ProtobufRpcEngine2$Server$ProtoBufRpcInvoker.call(ProtobufRpcEngine2.java:574) [hadoop-common-3.3.1.jar:?]
	at org.apache.hadoop.ipc.ProtobufRpcEngine2$Server$ProtoBufRpcInvoker.call(ProtobufRpcEngine2.java:552) [hadoop-common-3.3.1.jar:?]
	at org.apache.hadoop.ipc.RPC$Server.call(RPC.java:1093) [hadoop-common-3.3.1.jar:?]
	at org.apache.hadoop.ipc.Server$RpcCall.run(Server.java:1035) [hadoop-common-3.3.1.jar:?]
	at org.apache.hadoop.ipc.Server$RpcCall.run(Server.java:963) [hadoop-common-3.3.1.jar:?]
	at java.security.AccessController.doPrivileged(Native Method) ~[?:1.8.0_322]
	at javax.security.auth.Subject.doAs(Subject.java:422) [?:1.8.0_322]
	at org.apache.hadoop.security.UserGroupInformation.doAs(UserGroupInformation.java:1878) [hadoop-common-3.3.1.jar:?]
	at org.apache.hadoop.ipc.Server$Handler.run(Server.java:2966) [hadoop-common-3.3.1.jar:?]
03:18:07.061 [IPC Server handler 19 on default port 33661] ERROR OMAudit - user=runner | ip=127.0.0.1 | op=GET_FILE_STATUS {volume=volume95024, bucket=bucket16762, key=testBatchDelete/parent/childFolder/child3, dataSize=0, replicationConfig=null} | ret=FAILURE
org.apache.hadoop.ozone.om.exceptions.OMException: Unable to get file status: volume: volume95024 bucket: bucket16762 key: testBatchDelete/parent/childFolder/child3
	at org.apache.hadoop.ozone.om.KeyManagerImpl.getOzoneFileStatus(KeyManagerImpl.java:1280) ~[ozone-manager-1.3.0-SNAPSHOT.jar:?]
	at org.apache.hadoop.ozone.om.KeyManagerImpl.getFileStatus(KeyManagerImpl.java:1210) ~[ozone-manager-1.3.0-SNAPSHOT.jar:?]
	at org.apache.hadoop.ozone.om.OzoneManager.getFileStatus(OzoneManager.java:3067) ~[ozone-manager-1.3.0-SNAPSHOT.jar:?]
	at org.apache.hadoop.ozone.protocolPB.OzoneManagerRequestHandler.getOzoneFileStatus(OzoneManagerRequestHandler.java:670) ~[ozone-manager-1.3.0-SNAPSHOT.jar:?]
	at org.apache.hadoop.ozone.protocolPB.OzoneManagerRequestHandler.handleReadRequest(OzoneManagerRequestHandler.java:201) ~[ozone-manager-1.3.0-SNAPSHOT.jar:?]
	at org.apache.hadoop.ozone.protocolPB.OzoneManagerProtocolServerSideTranslatorPB.submitRequestDirectlyToOM(OzoneManagerProtocolServerSideTranslatorPB.java:271) ~[ozone-manager-1.3.0-SNAPSHOT.jar:?]
	at org.apache.hadoop.ozone.protocolPB.OzoneManagerProtocolServerSideTranslatorPB.processRequest(OzoneManagerProtocolServerSideTranslatorPB.java:195) ~[ozone-manager-1.3.0-SNAPSHOT.jar:?]
	at org.apache.hadoop.hdds.server.OzoneProtocolMessageDispatcher.processRequest(OzoneProtocolMessageDispatcher.java:87) [hdds-server-framework-1.3.0-SNAPSHOT.jar:?]
	at org.apache.hadoop.ozone.protocolPB.OzoneManagerProtocolServerSideTranslatorPB.submitRequest(OzoneManagerProtocolServerSideTranslatorPB.java:146) [ozone-manager-1.3.0-SNAPSHOT.jar:?]
	at org.apache.hadoop.ozone.protocol.proto.OzoneManagerProtocolProtos$OzoneManagerService$2.callBlockingMethod(OzoneManagerProtocolProtos.java) [ozone-interface-client-1.3.0-SNAPSHOT.jar:?]
	at org.apache.hadoop.ipc.ProtobufRpcEngine$Server.processCall(ProtobufRpcEngine.java:466) [hadoop-common-3.3.1.jar:?]
	at org.apache.hadoop.ipc.ProtobufRpcEngine2$Server$ProtoBufRpcInvoker.call(ProtobufRpcEngine2.java:574) [hadoop-common-3.3.1.jar:?]
	at org.apache.hadoop.ipc.ProtobufRpcEngine2$Server$ProtoBufRpcInvoker.call(ProtobufRpcEngine2.java:552) [hadoop-common-3.3.1.jar:?]
	at org.apache.hadoop.ipc.RPC$Server.call(RPC.java:1093) [hadoop-common-3.3.1.jar:?]
	at org.apache.hadoop.ipc.Server$RpcCall.run(Server.java:1035) [hadoop-common-3.3.1.jar:?]
	at org.apache.hadoop.ipc.Server$RpcCall.run(Server.java:963) [hadoop-common-3.3.1.jar:?]
	at java.security.AccessController.doPrivileged(Native Method) ~[?:1.8.0_322]
	at javax.security.auth.Subject.doAs(Subject.java:422) [?:1.8.0_322]
	at org.apache.hadoop.security.UserGroupInformation.doAs(UserGroupInformation.java:1878) [hadoop-common-3.3.1.jar:?]
	at org.apache.hadoop.ipc.Server$Handler.run(Server.java:2966) [hadoop-common-3.3.1.jar:?]
03:18:07.062 [IPC Server handler 15 on default port 33661] ERROR OMAudit - user=runner | ip=127.0.0.1 | op=GET_FILE_STATUS {volume=volume95024, bucket=bucket16762, key=testBatchDelete/parent/child4, dataSize=0, replicationConfig=null} | ret=FAILURE
org.apache.hadoop.ozone.om.exceptions.OMException: Unable to get file status: volume: volume95024 bucket: bucket16762 key: testBatchDelete/parent/child4
	at org.apache.hadoop.ozone.om.KeyManagerImpl.getOzoneFileStatus(KeyManagerImpl.java:1280) ~[ozone-manager-1.3.0-SNAPSHOT.jar:?]
	at org.apache.hadoop.ozone.om.KeyManagerImpl.getFileStatus(KeyManagerImpl.java:1210) ~[ozone-manager-1.3.0-SNAPSHOT.jar:?]
	at org.apache.hadoop.ozone.om.OzoneManager.getFileStatus(OzoneManager.java:3067) ~[ozone-manager-1.3.0-SNAPSHOT.jar:?]
	at org.apache.hadoop.ozone.protocolPB.OzoneManagerRequestHandler.getOzoneFileStatus(OzoneManagerRequestHandler.java:670) ~[ozone-manager-1.3.0-SNAPSHOT.jar:?]
	at org.apache.hadoop.ozone.protocolPB.OzoneManagerRequestHandler.handleReadRequest(OzoneManagerRequestHandler.java:201) ~[ozone-manager-1.3.0-SNAPSHOT.jar:?]
	at org.apache.hadoop.ozone.protocolPB.OzoneManagerProtocolServerSideTranslatorPB.submitRequestDirectlyToOM(OzoneManagerProtocolServerSideTranslatorPB.java:271) ~[ozone-manager-1.3.0-SNAPSHOT.jar:?]
	at org.apache.hadoop.ozone.protocolPB.OzoneManagerProtocolServerSideTranslatorPB.processRequest(OzoneManagerProtocolServerSideTranslatorPB.java:195) ~[ozone-manager-1.3.0-SNAPSHOT.jar:?]
	at org.apache.hadoop.hdds.server.OzoneProtocolMessageDispatcher.processRequest(OzoneProtocolMessageDispatcher.java:87) [hdds-server-framework-1.3.0-SNAPSHOT.jar:?]
	at org.apache.hadoop.ozone.protocolPB.OzoneManagerProtocolServerSideTranslatorPB.submitRequest(OzoneManagerProtocolServerSideTranslatorPB.java:146) [ozone-manager-1.3.0-SNAPSHOT.jar:?]
	at org.apache.hadoop.ozone.protocol.proto.OzoneManagerProtocolProtos$OzoneManagerService$2.callBlockingMethod(OzoneManagerProtocolProtos.java) [ozone-interface-client-1.3.0-SNAPSHOT.jar:?]
	at org.apache.hadoop.ipc.ProtobufRpcEngine$Server.processCall(ProtobufRpcEngine.java:466) [hadoop-common-3.3.1.jar:?]
	at org.apache.hadoop.ipc.ProtobufRpcEngine2$Server$ProtoBufRpcInvoker.call(ProtobufRpcEngine2.java:574) [hadoop-common-3.3.1.jar:?]
	at org.apache.hadoop.ipc.ProtobufRpcEngine2$Server$ProtoBufRpcInvoker.call(ProtobufRpcEngine2.java:552) [hadoop-common-3.3.1.jar:?]
	at org.apache.hadoop.ipc.RPC$Server.call(RPC.java:1093) [hadoop-common-3.3.1.jar:?]
	at org.apache.hadoop.ipc.Server$RpcCall.run(Server.java:1035) [hadoop-common-3.3.1.jar:?]
	at org.apache.hadoop.ipc.Server$RpcCall.run(Server.java:963) [hadoop-common-3.3.1.jar:?]
	at java.security.AccessController.doPrivileged(Native Method) ~[?:1.8.0_322]
	at javax.security.auth.Subject.doAs(Subject.java:422) [?:1.8.0_322]
	at org.apache.hadoop.security.UserGroupInformation.doAs(UserGroupInformation.java:1878) [hadoop-common-3.3.1.jar:?]
	at org.apache.hadoop.ipc.Server$Handler.run(Server.java:2966) [hadoop-common-3.3.1.jar:?]
03:18:07.063 [IPC Server handler 6 on default port 33661] ERROR OMAudit - user=runner | ip=127.0.0.1 | op=GET_FILE_STATUS {volume=volume95024, bucket=bucket16762, key=testBatchDelete/parent/childFolder/child4, dataSize=0, replicationConfig=null} | ret=FAILURE
org.apache.hadoop.ozone.om.exceptions.OMException: Unable to get file status: volume: volume95024 bucket: bucket16762 key: testBatchDelete/parent/childFolder/child4
	at org.apache.hadoop.ozone.om.KeyManagerImpl.getOzoneFileStatus(KeyManagerImpl.java:1280) ~[ozone-manager-1.3.0-SNAPSHOT.jar:?]
	at org.apache.hadoop.ozone.om.KeyManagerImpl.getFileStatus(KeyManagerImpl.java:1210) ~[ozone-manager-1.3.0-SNAPSHOT.jar:?]
	at org.apache.hadoop.ozone.om.OzoneManager.getFileStatus(OzoneManager.java:3067) ~[ozone-manager-1.3.0-SNAPSHOT.jar:?]
	at org.apache.hadoop.ozone.protocolPB.OzoneManagerRequestHandler.getOzoneFileStatus(OzoneManagerRequestHandler.java:670) ~[ozone-manager-1.3.0-SNAPSHOT.jar:?]
	at org.apache.hadoop.ozone.protocolPB.OzoneManagerRequestHandler.handleReadRequest(OzoneManagerRequestHandler.java:201) ~[ozone-manager-1.3.0-SNAPSHOT.jar:?]
	at org.apache.hadoop.ozone.protocolPB.OzoneManagerProtocolServerSideTranslatorPB.submitRequestDirectlyToOM(OzoneManagerProtocolServerSideTranslatorPB.java:271) ~[ozone-manager-1.3.0-SNAPSHOT.jar:?]
	at org.apache.hadoop.ozone.protocolPB.OzoneManagerProtocolServerSideTranslatorPB.processRequest(OzoneManagerProtocolServerSideTranslatorPB.java:195) ~[ozone-manager-1.3.0-SNAPSHOT.jar:?]
	at org.apache.hadoop.hdds.server.OzoneProtocolMessageDispatcher.processRequest(OzoneProtocolMessageDispatcher.java:87) [hdds-server-framework-1.3.0-SNAPSHOT.jar:?]
	at org.apache.hadoop.ozone.protocolPB.OzoneManagerProtocolServerSideTranslatorPB.submitRequest(OzoneManagerProtocolServerSideTranslatorPB.java:146) [ozone-manager-1.3.0-SNAPSHOT.jar:?]
	at org.apache.hadoop.ozone.protocol.proto.OzoneManagerProtocolProtos$OzoneManagerService$2.callBlockingMethod(OzoneManagerProtocolProtos.java) [ozone-interface-client-1.3.0-SNAPSHOT.jar:?]
	at org.apache.hadoop.ipc.ProtobufRpcEngine$Server.processCall(ProtobufRpcEngine.java:466) [hadoop-common-3.3.1.jar:?]
	at org.apache.hadoop.ipc.ProtobufRpcEngine2$Server$ProtoBufRpcInvoker.call(ProtobufRpcEngine2.java:574) [hadoop-common-3.3.1.jar:?]
	at org.apache.hadoop.ipc.ProtobufRpcEngine2$Server$ProtoBufRpcInvoker.call(ProtobufRpcEngine2.java:552) [hadoop-common-3.3.1.jar:?]
	at org.apache.hadoop.ipc.RPC$Server.call(RPC.java:1093) [hadoop-common-3.3.1.jar:?]
	at org.apache.hadoop.ipc.Server$RpcCall.run(Server.java:1035) [hadoop-common-3.3.1.jar:?]
	at org.apache.hadoop.ipc.Server$RpcCall.run(Server.java:963) [hadoop-common-3.3.1.jar:?]
	at java.security.AccessController.doPrivileged(Native Method) ~[?:1.8.0_322]
	at javax.security.auth.Subject.doAs(Subject.java:422) [?:1.8.0_322]
	at org.apache.hadoop.security.UserGroupInformation.doAs(UserGroupInformation.java:1878) [hadoop-common-3.3.1.jar:?]
	at org.apache.hadoop.ipc.Server$Handler.run(Server.java:2966) [hadoop-common-3.3.1.jar:?]
03:18:07.064 [IPC Server handler 5 on default port 33661] ERROR OMAudit - user=runner | ip=127.0.0.1 | op=GET_FILE_STATUS {volume=volume95024, bucket=bucket16762, key=testBatchDelete/parent/child5, dataSize=0, replicationConfig=null} | ret=FAILURE
org.apache.hadoop.ozone.om.exceptions.OMException: Unable to get file status: volume: volume95024 bucket: bucket16762 key: testBatchDelete/parent/child5
	at org.apache.hadoop.ozone.om.KeyManagerImpl.getOzoneFileStatus(KeyManagerImpl.java:1280) ~[ozone-manager-1.3.0-SNAPSHOT.jar:?]
	at org.apache.hadoop.ozone.om.KeyManagerImpl.getFileStatus(KeyManagerImpl.java:1210) ~[ozone-manager-1.3.0-SNAPSHOT.jar:?]
	at org.apache.hadoop.ozone.om.OzoneManager.getFileStatus(OzoneManager.java:3067) ~[ozone-manager-1.3.0-SNAPSHOT.jar:?]
	at org.apache.hadoop.ozone.protocolPB.OzoneManagerRequestHandler.getOzoneFileStatus(OzoneManagerRequestHandler.java:670) ~[ozone-manager-1.3.0-SNAPSHOT.jar:?]
	at org.apache.hadoop.ozone.protocolPB.OzoneManagerRequestHandler.handleReadRequest(OzoneManagerRequestHandler.java:201) ~[ozone-manager-1.3.0-SNAPSHOT.jar:?]
	at org.apache.hadoop.ozone.protocolPB.OzoneManagerProtocolServerSideTranslatorPB.submitRequestDirectlyToOM(OzoneManagerProtocolServerSideTranslatorPB.java:271) ~[ozone-manager-1.3.0-SNAPSHOT.jar:?]
	at org.apache.hadoop.ozone.protocolPB.OzoneManagerProtocolServerSideTranslatorPB.processRequest(OzoneManagerProtocolServerSideTranslatorPB.java:195) ~[ozone-manager-1.3.0-SNAPSHOT.jar:?]
	at org.apache.hadoop.hdds.server.OzoneProtocolMessageDispatcher.processRequest(OzoneProtocolMessageDispatcher.java:87) [hdds-server-framework-1.3.0-SNAPSHOT.jar:?]
	at org.apache.hadoop.ozone.protocolPB.OzoneManagerProtocolServerSideTranslatorPB.submitRequest(OzoneManagerProtocolServerSideTranslatorPB.java:146) [ozone-manager-1.3.0-SNAPSHOT.jar:?]
	at org.apache.hadoop.ozone.protocol.proto.OzoneManagerProtocolProtos$OzoneManagerService$2.callBlockingMethod(OzoneManagerProtocolProtos.java) [ozone-interface-client-1.3.0-SNAPSHOT.jar:?]
	at org.apache.hadoop.ipc.ProtobufRpcEngine$Server.processCall(ProtobufRpcEngine.java:466) [hadoop-common-3.3.1.jar:?]
	at org.apache.hadoop.ipc.ProtobufRpcEngine2$Server$ProtoBufRpcInvoker.call(ProtobufRpcEngine2.java:574) [hadoop-common-3.3.1.jar:?]
	at org.apache.hadoop.ipc.ProtobufRpcEngine2$Server$ProtoBufRpcInvoker.call(ProtobufRpcEngine2.java:552) [hadoop-common-3.3.1.jar:?]
	at org.apache.hadoop.ipc.RPC$Server.call(RPC.java:1093) [hadoop-common-3.3.1.jar:?]
	at org.apache.hadoop.ipc.Server$RpcCall.run(Server.java:1035) [hadoop-common-3.3.1.jar:?]
	at org.apache.hadoop.ipc.Server$RpcCall.run(Server.java:963) [hadoop-common-3.3.1.jar:?]
	at java.security.AccessController.doPrivileged(Native Method) ~[?:1.8.0_322]
	at javax.security.auth.Subject.doAs(Subject.java:422) [?:1.8.0_322]
	at org.apache.hadoop.security.UserGroupInformation.doAs(UserGroupInformation.java:1878) [hadoop-common-3.3.1.jar:?]
	at org.apache.hadoop.ipc.Server$Handler.run(Server.java:2966) [hadoop-common-3.3.1.jar:?]
03:18:07.065 [IPC Server handler 8 on default port 33661] ERROR OMAudit - user=runner | ip=127.0.0.1 | op=GET_FILE_STATUS {volume=volume95024, bucket=bucket16762, key=testBatchDelete/parent/childFolder/child5, dataSize=0, replicationConfig=null} | ret=FAILURE
org.apache.hadoop.ozone.om.exceptions.OMException: Unable to get file status: volume: volume95024 bucket: bucket16762 key: testBatchDelete/parent/childFolder/child5
	at org.apache.hadoop.ozone.om.KeyManagerImpl.getOzoneFileStatus(KeyManagerImpl.java:1280) ~[ozone-manager-1.3.0-SNAPSHOT.jar:?]
	at org.apache.hadoop.ozone.om.KeyManagerImpl.getFileStatus(KeyManagerImpl.java:1210) ~[ozone-manager-1.3.0-SNAPSHOT.jar:?]
	at org.apache.hadoop.ozone.om.OzoneManager.getFileStatus(OzoneManager.java:3067) ~[ozone-manager-1.3.0-SNAPSHOT.jar:?]
	at org.apache.hadoop.ozone.protocolPB.OzoneManagerRequestHandler.getOzoneFileStatus(OzoneManagerRequestHandler.java:670) ~[ozone-manager-1.3.0-SNAPSHOT.jar:?]
	at org.apache.hadoop.ozone.protocolPB.OzoneManagerRequestHandler.handleReadRequest(OzoneManagerRequestHandler.java:201) ~[ozone-manager-1.3.0-SNAPSHOT.jar:?]
	at org.apache.hadoop.ozone.protocolPB.OzoneManagerProtocolServerSideTranslatorPB.submitRequestDirectlyToOM(OzoneManagerProtocolServerSideTranslatorPB.java:271) ~[ozone-manager-1.3.0-SNAPSHOT.jar:?]
	at org.apache.hadoop.ozone.protocolPB.OzoneManagerProtocolServerSideTranslatorPB.processRequest(OzoneManagerProtocolServerSideTranslatorPB.java:195) ~[ozone-manager-1.3.0-SNAPSHOT.jar:?]
	at org.apache.hadoop.hdds.server.OzoneProtocolMessageDispatcher.processRequest(OzoneProtocolMessageDispatcher.java:87) [hdds-server-framework-1.3.0-SNAPSHOT.jar:?]
	at org.apache.hadoop.ozone.protocolPB.OzoneManagerProtocolServerSideTranslatorPB.submitRequest(OzoneManagerProtocolServerSideTranslatorPB.java:146) [ozone-manager-1.3.0-SNAPSHOT.jar:?]
	at org.apache.hadoop.ozone.protocol.proto.OzoneManagerProtocolProtos$OzoneManagerService$2.callBlockingMethod(OzoneManagerProtocolProtos.java) [ozone-interface-client-1.3.0-SNAPSHOT.jar:?]
	at org.apache.hadoop.ipc.ProtobufRpcEngine$Server.processCall(ProtobufRpcEngine.java:466) [hadoop-common-3.3.1.jar:?]
	at org.apache.hadoop.ipc.ProtobufRpcEngine2$Server$ProtoBufRpcInvoker.call(ProtobufRpcEngine2.java:574) [hadoop-common-3.3.1.jar:?]
	at org.apache.hadoop.ipc.ProtobufRpcEngine2$Server$ProtoBufRpcInvoker.call(ProtobufRpcEngine2.java:552) [hadoop-common-3.3.1.jar:?]
	at org.apache.hadoop.ipc.RPC$Server.call(RPC.java:1093) [hadoop-common-3.3.1.jar:?]
	at org.apache.hadoop.ipc.Server$RpcCall.run(Server.java:1035) [hadoop-common-3.3.1.jar:?]
	at org.apache.hadoop.ipc.Server$RpcCall.run(Server.java:963) [hadoop-common-3.3.1.jar:?]
	at java.security.AccessController.doPrivileged(Native Method) ~[?:1.8.0_322]
	at javax.security.auth.Subject.doAs(Subject.java:422) [?:1.8.0_322]
	at org.apache.hadoop.security.UserGroupInformation.doAs(UserGroupInformation.java:1878) [hadoop-common-3.3.1.jar:?]
	at org.apache.hadoop.ipc.Server$Handler.run(Server.java:2966) [hadoop-common-3.3.1.jar:?]
03:18:07.069 [IPC Server handler 17 on default port 33661] ERROR OMAudit - user=runner | ip=127.0.0.1 | op=GET_FILE_STATUS {volume=volume95024, bucket=bucket16762, key=testBatchDelete/parent/child6, dataSize=0, replicationConfig=null} | ret=FAILURE
org.apache.hadoop.ozone.om.exceptions.OMException: Unable to get file status: volume: volume95024 bucket: bucket16762 key: testBatchDelete/parent/child6
	at org.apache.hadoop.ozone.om.KeyManagerImpl.getOzoneFileStatus(KeyManagerImpl.java:1280) ~[ozone-manager-1.3.0-SNAPSHOT.jar:?]
	at org.apache.hadoop.ozone.om.KeyManagerImpl.getFileStatus(KeyManagerImpl.java:1210) ~[ozone-manager-1.3.0-SNAPSHOT.jar:?]
	at org.apache.hadoop.ozone.om.OzoneManager.getFileStatus(OzoneManager.java:3067) ~[ozone-manager-1.3.0-SNAPSHOT.jar:?]
	at org.apache.hadoop.ozone.protocolPB.OzoneManagerRequestHandler.getOzoneFileStatus(OzoneManagerRequestHandler.java:670) ~[ozone-manager-1.3.0-SNAPSHOT.jar:?]
	at org.apache.hadoop.ozone.protocolPB.OzoneManagerRequestHandler.handleReadRequest(OzoneManagerRequestHandler.java:201) ~[ozone-manager-1.3.0-SNAPSHOT.jar:?]
	at org.apache.hadoop.ozone.protocolPB.OzoneManagerProtocolServerSideTranslatorPB.submitRequestDirectlyToOM(OzoneManagerProtocolServerSideTranslatorPB.java:271) ~[ozone-manager-1.3.0-SNAPSHOT.jar:?]
	at org.apache.hadoop.ozone.protocolPB.OzoneManagerProtocolServerSideTranslatorPB.processRequest(OzoneManagerProtocolServerSideTranslatorPB.java:195) ~[ozone-manager-1.3.0-SNAPSHOT.jar:?]
	at org.apache.hadoop.hdds.server.OzoneProtocolMessageDispatcher.processRequest(OzoneProtocolMessageDispatcher.java:87) [hdds-server-framework-1.3.0-SNAPSHOT.jar:?]
	at org.apache.hadoop.ozone.protocolPB.OzoneManagerProtocolServerSideTranslatorPB.submitRequest(OzoneManagerProtocolServerSideTranslatorPB.java:146) [ozone-manager-1.3.0-SNAPSHOT.jar:?]
	at org.apache.hadoop.ozone.protocol.proto.OzoneManagerProtocolProtos$OzoneManagerService$2.callBlockingMethod(OzoneManagerProtocolProtos.java) [ozone-interface-client-1.3.0-SNAPSHOT.jar:?]
	at org.apache.hadoop.ipc.ProtobufRpcEngine$Server.processCall(ProtobufRpcEngine.java:466) [hadoop-common-3.3.1.jar:?]
	at org.apache.hadoop.ipc.ProtobufRpcEngine2$Server$ProtoBufRpcInvoker.call(ProtobufRpcEngine2.java:574) [hadoop-common-3.3.1.jar:?]
	at org.apache.hadoop.ipc.ProtobufRpcEngine2$Server$ProtoBufRpcInvoker.call(ProtobufRpcEngine2.java:552) [hadoop-common-3.3.1.jar:?]
	at org.apache.hadoop.ipc.RPC$Server.call(RPC.java:1093) [hadoop-common-3.3.1.jar:?]
	at org.apache.hadoop.ipc.Server$RpcCall.run(Server.java:1035) [hadoop-common-3.3.1.jar:?]
	at org.apache.hadoop.ipc.Server$RpcCall.run(Server.java:963) [hadoop-common-3.3.1.jar:?]
	at java.security.AccessController.doPrivileged(Native Method) ~[?:1.8.0_322]
	at javax.security.auth.Subject.doAs(Subject.java:422) [?:1.8.0_322]
	at org.apache.hadoop.security.UserGroupInformation.doAs(UserGroupInformation.java:1878) [hadoop-common-3.3.1.jar:?]
	at org.apache.hadoop.ipc.Server$Handler.run(Server.java:2966) [hadoop-common-3.3.1.jar:?]
03:18:07.070 [IPC Server handler 16 on default port 33661] ERROR OMAudit - user=runner | ip=127.0.0.1 | op=GET_FILE_STATUS {volume=volume95024, bucket=bucket16762, key=testBatchDelete/parent/childFolder/child6, dataSize=0, replicationConfig=null} | ret=FAILURE
org.apache.hadoop.ozone.om.exceptions.OMException: Unable to get file status: volume: volume95024 bucket: bucket16762 key: testBatchDelete/parent/childFolder/child6
	at org.apache.hadoop.ozone.om.KeyManagerImpl.getOzoneFileStatus(KeyManagerImpl.java:1280) ~[ozone-manager-1.3.0-SNAPSHOT.jar:?]
	at org.apache.hadoop.ozone.om.KeyManagerImpl.getFileStatus(KeyManagerImpl.java:1210) ~[ozone-manager-1.3.0-SNAPSHOT.jar:?]
	at org.apache.hadoop.ozone.om.OzoneManager.getFileStatus(OzoneManager.java:3067) ~[ozone-manager-1.3.0-SNAPSHOT.jar:?]
	at org.apache.hadoop.ozone.protocolPB.OzoneManagerRequestHandler.getOzoneFileStatus(OzoneManagerRequestHandler.java:670) ~[ozone-manager-1.3.0-SNAPSHOT.jar:?]
	at org.apache.hadoop.ozone.protocolPB.OzoneManagerRequestHandler.handleReadRequest(OzoneManagerRequestHandler.java:201) ~[ozone-manager-1.3.0-SNAPSHOT.jar:?]
	at org.apache.hadoop.ozone.protocolPB.OzoneManagerProtocolServerSideTranslatorPB.submitRequestDirectlyToOM(OzoneManagerProtocolServerSideTranslatorPB.java:271) ~[ozone-manager-1.3.0-SNAPSHOT.jar:?]
	at org.apache.hadoop.ozone.protocolPB.OzoneManagerProtocolServerSideTranslatorPB.processRequest(OzoneManagerProtocolServerSideTranslatorPB.java:195) ~[ozone-manager-1.3.0-SNAPSHOT.jar:?]
	at org.apache.hadoop.hdds.server.OzoneProtocolMessageDispatcher.processRequest(OzoneProtocolMessageDispatcher.java:87) [hdds-server-framework-1.3.0-SNAPSHOT.jar:?]
	at org.apache.hadoop.ozone.protocolPB.OzoneManagerProtocolServerSideTranslatorPB.submitRequest(OzoneManagerProtocolServerSideTranslatorPB.java:146) [ozone-manager-1.3.0-SNAPSHOT.jar:?]
	at org.apache.hadoop.ozone.protocol.proto.OzoneManagerProtocolProtos$OzoneManagerService$2.callBlockingMethod(OzoneManagerProtocolProtos.java) [ozone-interface-client-1.3.0-SNAPSHOT.jar:?]
	at org.apache.hadoop.ipc.ProtobufRpcEngine$Server.processCall(ProtobufRpcEngine.java:466) [hadoop-common-3.3.1.jar:?]
	at org.apache.hadoop.ipc.ProtobufRpcEngine2$Server$ProtoBufRpcInvoker.call(ProtobufRpcEngine2.java:574) [hadoop-common-3.3.1.jar:?]
	at org.apache.hadoop.ipc.ProtobufRpcEngine2$Server$ProtoBufRpcInvoker.call(ProtobufRpcEngine2.java:552) [hadoop-common-3.3.1.jar:?]
	at org.apache.hadoop.ipc.RPC$Server.call(RPC.java:1093) [hadoop-common-3.3.1.jar:?]
	at org.apache.hadoop.ipc.Server$RpcCall.run(Server.java:1035) [hadoop-common-3.3.1.jar:?]
	at org.apache.hadoop.ipc.Server$RpcCall.run(Server.java:963) [hadoop-common-3.3.1.jar:?]
	at java.security.AccessController.doPrivileged(Native Method) ~[?:1.8.0_322]
	at javax.security.auth.Subject.doAs(Subject.java:422) [?:1.8.0_322]
	at org.apache.hadoop.security.UserGroupInformation.doAs(UserGroupInformation.java:1878) [hadoop-common-3.3.1.jar:?]
	at org.apache.hadoop.ipc.Server$Handler.run(Server.java:2966) [hadoop-common-3.3.1.jar:?]
03:18:07.071 [IPC Server handler 14 on default port 33661] ERROR OMAudit - user=runner | ip=127.0.0.1 | op=GET_FILE_STATUS {volume=volume95024, bucket=bucket16762, key=testBatchDelete/parent/child7, dataSize=0, replicationConfig=null} | ret=FAILURE
org.apache.hadoop.ozone.om.exceptions.OMException: Unable to get file status: volume: volume95024 bucket: bucket16762 key: testBatchDelete/parent/child7
	at org.apache.hadoop.ozone.om.KeyManagerImpl.getOzoneFileStatus(KeyManagerImpl.java:1280) ~[ozone-manager-1.3.0-SNAPSHOT.jar:?]
	at org.apache.hadoop.ozone.om.KeyManagerImpl.getFileStatus(KeyManagerImpl.java:1210) ~[ozone-manager-1.3.0-SNAPSHOT.jar:?]
	at org.apache.hadoop.ozone.om.OzoneManager.getFileStatus(OzoneManager.java:3067) ~[ozone-manager-1.3.0-SNAPSHOT.jar:?]
	at org.apache.hadoop.ozone.protocolPB.OzoneManagerRequestHandler.getOzoneFileStatus(OzoneManagerRequestHandler.java:670) ~[ozone-manager-1.3.0-SNAPSHOT.jar:?]
	at org.apache.hadoop.ozone.protocolPB.OzoneManagerRequestHandler.handleReadRequest(OzoneManagerRequestHandler.java:201) ~[ozone-manager-1.3.0-SNAPSHOT.jar:?]
	at org.apache.hadoop.ozone.protocolPB.OzoneManagerProtocolServerSideTranslatorPB.submitRequestDirectlyToOM(OzoneManagerProtocolServerSideTranslatorPB.java:271) ~[ozone-manager-1.3.0-SNAPSHOT.jar:?]
	at org.apache.hadoop.ozone.protocolPB.OzoneManagerProtocolServerSideTranslatorPB.processRequest(OzoneManagerProtocolServerSideTranslatorPB.java:195) ~[ozone-manager-1.3.0-SNAPSHOT.jar:?]
	at org.apache.hadoop.hdds.server.OzoneProtocolMessageDispatcher.processRequest(OzoneProtocolMessageDispatcher.java:87) [hdds-server-framework-1.3.0-SNAPSHOT.jar:?]
	at org.apache.hadoop.ozone.protocolPB.OzoneManagerProtocolServerSideTranslatorPB.submitRequest(OzoneManagerProtocolServerSideTranslatorPB.java:146) [ozone-manager-1.3.0-SNAPSHOT.jar:?]
	at org.apache.hadoop.ozone.protocol.proto.OzoneManagerProtocolProtos$OzoneManagerService$2.callBlockingMethod(OzoneManagerProtocolProtos.java) [ozone-interface-client-1.3.0-SNAPSHOT.jar:?]
	at org.apache.hadoop.ipc.ProtobufRpcEngine$Server.processCall(ProtobufRpcEngine.java:466) [hadoop-common-3.3.1.jar:?]
	at org.apache.hadoop.ipc.ProtobufRpcEngine2$Server$ProtoBufRpcInvoker.call(ProtobufRpcEngine2.java:574) [hadoop-common-3.3.1.jar:?]
	at org.apache.hadoop.ipc.ProtobufRpcEngine2$Server$ProtoBufRpcInvoker.call(ProtobufRpcEngine2.java:552) [hadoop-common-3.3.1.jar:?]
	at org.apache.hadoop.ipc.RPC$Server.call(RPC.java:1093) [hadoop-common-3.3.1.jar:?]
	at org.apache.hadoop.ipc.Server$RpcCall.run(Server.java:1035) [hadoop-common-3.3.1.jar:?]
	at org.apache.hadoop.ipc.Server$RpcCall.run(Server.java:963) [hadoop-common-3.3.1.jar:?]
	at java.security.AccessController.doPrivileged(Native Method) ~[?:1.8.0_322]
	at javax.security.auth.Subject.doAs(Subject.java:422) [?:1.8.0_322]
	at org.apache.hadoop.security.UserGroupInformation.doAs(UserGroupInformation.java:1878) [hadoop-common-3.3.1.jar:?]
	at org.apache.hadoop.ipc.Server$Handler.run(Server.java:2966) [hadoop-common-3.3.1.jar:?]
03:18:07.074 [IPC Server handler 2 on default port 33661] ERROR OMAudit - user=runner | ip=127.0.0.1 | op=GET_FILE_STATUS {volume=volume95024, bucket=bucket16762, key=testBatchDelete/parent/childFolder/child7, dataSize=0, replicationConfig=null} | ret=FAILURE
org.apache.hadoop.ozone.om.exceptions.OMException: Unable to get file status: volume: volume95024 bucket: bucket16762 key: testBatchDelete/parent/childFolder/child7
	at org.apache.hadoop.ozone.om.KeyManagerImpl.getOzoneFileStatus(KeyManagerImpl.java:1280) ~[ozone-manager-1.3.0-SNAPSHOT.jar:?]
	at org.apache.hadoop.ozone.om.KeyManagerImpl.getFileStatus(KeyManagerImpl.java:1210) ~[ozone-manager-1.3.0-SNAPSHOT.jar:?]
	at org.apache.hadoop.ozone.om.OzoneManager.getFileStatus(OzoneManager.java:3067) ~[ozone-manager-1.3.0-SNAPSHOT.jar:?]
	at org.apache.hadoop.ozone.protocolPB.OzoneManagerRequestHandler.getOzoneFileStatus(OzoneManagerRequestHandler.java:670) ~[ozone-manager-1.3.0-SNAPSHOT.jar:?]
	at org.apache.hadoop.ozone.protocolPB.OzoneManagerRequestHandler.handleReadRequest(OzoneManagerRequestHandler.java:201) ~[ozone-manager-1.3.0-SNAPSHOT.jar:?]
	at org.apache.hadoop.ozone.protocolPB.OzoneManagerProtocolServerSideTranslatorPB.submitRequestDirectlyToOM(OzoneManagerProtocolServerSideTranslatorPB.java:271) ~[ozone-manager-1.3.0-SNAPSHOT.jar:?]
	at org.apache.hadoop.ozone.protocolPB.OzoneManagerProtocolServerSideTranslatorPB.processRequest(OzoneManagerProtocolServerSideTranslatorPB.java:195) ~[ozone-manager-1.3.0-SNAPSHOT.jar:?]
	at org.apache.hadoop.hdds.server.OzoneProtocolMessageDispatcher.processRequest(OzoneProtocolMessageDispatcher.java:87) [hdds-server-framework-1.3.0-SNAPSHOT.jar:?]
	at org.apache.hadoop.ozone.protocolPB.OzoneManagerProtocolServerSideTranslatorPB.submitRequest(OzoneManagerProtocolServerSideTranslatorPB.java:146) [ozone-manager-1.3.0-SNAPSHOT.jar:?]
	at org.apache.hadoop.ozone.protocol.proto.OzoneManagerProtocolProtos$OzoneManagerService$2.callBlockingMethod(OzoneManagerProtocolProtos.java) [ozone-interface-client-1.3.0-SNAPSHOT.jar:?]
	at org.apache.hadoop.ipc.ProtobufRpcEngine$Server.processCall(ProtobufRpcEngine.java:466) [hadoop-common-3.3.1.jar:?]
	at org.apache.hadoop.ipc.ProtobufRpcEngine2$Server$ProtoBufRpcInvoker.call(ProtobufRpcEngine2.java:574) [hadoop-common-3.3.1.jar:?]
	at org.apache.hadoop.ipc.ProtobufRpcEngine2$Server$ProtoBufRpcInvoker.call(ProtobufRpcEngine2.java:552) [hadoop-common-3.3.1.jar:?]
	at org.apache.hadoop.ipc.RPC$Server.call(RPC.java:1093) [hadoop-common-3.3.1.jar:?]
	at org.apache.hadoop.ipc.Server$RpcCall.run(Server.java:1035) [hadoop-common-3.3.1.jar:?]
	at org.apache.hadoop.ipc.Server$RpcCall.run(Server.java:963) [hadoop-common-3.3.1.jar:?]
	at java.security.AccessController.doPrivileged(Native Method) ~[?:1.8.0_322]
	at javax.security.auth.Subject.doAs(Subject.java:422) [?:1.8.0_322]
	at org.apache.hadoop.security.UserGroupInformation.doAs(UserGroupInformation.java:1878) [hadoop-common-3.3.1.jar:?]
	at org.apache.hadoop.ipc.Server$Handler.run(Server.java:2966) [hadoop-common-3.3.1.jar:?]
03:18:07.075 [IPC Server handler 18 on default port 33661] ERROR OMAudit - user=runner | ip=127.0.0.1 | op=GET_FILE_STATUS {volume=volume95024, bucket=bucket16762, key=testBatchDelete/parent, dataSize=0, replicationConfig=null} | ret=FAILURE
org.apache.hadoop.ozone.om.exceptions.OMException: Unable to get file status: volume: volume95024 bucket: bucket16762 key: testBatchDelete/parent
	at org.apache.hadoop.ozone.om.KeyManagerImpl.getOzoneFileStatus(KeyManagerImpl.java:1280) ~[ozone-manager-1.3.0-SNAPSHOT.jar:?]
	at org.apache.hadoop.ozone.om.KeyManagerImpl.getFileStatus(KeyManagerImpl.java:1210) ~[ozone-manager-1.3.0-SNAPSHOT.jar:?]
	at org.apache.hadoop.ozone.om.OzoneManager.getFileStatus(OzoneManager.java:3067) ~[ozone-manager-1.3.0-SNAPSHOT.jar:?]
	at org.apache.hadoop.ozone.protocolPB.OzoneManagerRequestHandler.getOzoneFileStatus(OzoneManagerRequestHandler.java:670) ~[ozone-manager-1.3.0-SNAPSHOT.jar:?]
	at org.apache.hadoop.ozone.protocolPB.OzoneManagerRequestHandler.handleReadRequest(OzoneManagerRequestHandler.java:201) ~[ozone-manager-1.3.0-SNAPSHOT.jar:?]
	at org.apache.hadoop.ozone.protocolPB.OzoneManagerProtocolServerSideTranslatorPB.submitRequestDirectlyToOM(OzoneManagerProtocolServerSideTranslatorPB.java:271) ~[ozone-manager-1.3.0-SNAPSHOT.jar:?]
	at org.apache.hadoop.ozone.protocolPB.OzoneManagerProtocolServerSideTranslatorPB.processRequest(OzoneManagerProtocolServerSideTranslatorPB.java:195) ~[ozone-manager-1.3.0-SNAPSHOT.jar:?]
	at org.apache.hadoop.hdds.server.OzoneProtocolMessageDispatcher.processRequest(OzoneProtocolMessageDispatcher.java:87) [hdds-server-framework-1.3.0-SNAPSHOT.jar:?]
	at org.apache.hadoop.ozone.protocolPB.OzoneManagerProtocolServerSideTranslatorPB.submitRequest(OzoneManagerProtocolServerSideTranslatorPB.java:146) [ozone-manager-1.3.0-SNAPSHOT.jar:?]
	at org.apache.hadoop.ozone.protocol.proto.OzoneManagerProtocolProtos$OzoneManagerService$2.callBlockingMethod(OzoneManagerProtocolProtos.java) [ozone-interface-client-1.3.0-SNAPSHOT.jar:?]
	at org.apache.hadoop.ipc.ProtobufRpcEngine$Server.processCall(ProtobufRpcEngine.java:466) [hadoop-common-3.3.1.jar:?]
	at org.apache.hadoop.ipc.ProtobufRpcEngine2$Server$ProtoBufRpcInvoker.call(ProtobufRpcEngine2.java:574) [hadoop-common-3.3.1.jar:?]
	at org.apache.hadoop.ipc.ProtobufRpcEngine2$Server$ProtoBufRpcInvoker.call(ProtobufRpcEngine2.java:552) [hadoop-common-3.3.1.jar:?]
	at org.apache.hadoop.ipc.RPC$Server.call(RPC.java:1093) [hadoop-common-3.3.1.jar:?]
	at org.apache.hadoop.ipc.Server$RpcCall.run(Server.java:1035) [hadoop-common-3.3.1.jar:?]
	at org.apache.hadoop.ipc.Server$RpcCall.run(Server.java:963) [hadoop-common-3.3.1.jar:?]
	at java.security.AccessController.doPrivileged(Native Method) ~[?:1.8.0_322]
	at javax.security.auth.Subject.doAs(Subject.java:422) [?:1.8.0_322]
	at org.apache.hadoop.security.UserGroupInformation.doAs(UserGroupInformation.java:1878) [hadoop-common-3.3.1.jar:?]
	at org.apache.hadoop.ipc.Server$Handler.run(Server.java:2966) [hadoop-common-3.3.1.jar:?]
2022-05-04 03:18:07,075 [Time-limited test] WARN  ozone.BasicRootedOzoneFileSystem (BasicRootedOzoneFileSystem.java:delete(572)) - delete: Path does not exist: /volume95024/bucket16762/testBatchDelete/parent
]]></system-out>
  </testcase>
  <testcase name="testRenameToTrashEnabled" classname="TestRootedOzoneFileSystem" time="0.242">
    <system-out><![CDATA[2022-05-04 03:12:34,380 [Time-limited test] INFO  rpc.RpcClient (RpcClient.java:createVolume(448)) - Creating Volume: volume44816, with user22860 as owner and space quota set to -1 bytes, counts quota set to -1
2022-05-04 03:12:34,391 [OM StateMachine ApplyTransaction Thread - 0] INFO  volume.OMVolumeCreateRequest (OMVolumeCreateRequest.java:validateAndUpdateCache(195)) - created volume:volume44816 for user:user22860
2022-05-04 03:12:34,394 [Time-limited test] INFO  rpc.RpcClient (RpcClient.java:createBucket(637)) - Creating Bucket: volume44816/bucket90841, with runner as owner and Versioning false and Storage Type set to DISK and Encryption set to false 
2022-05-04 03:12:34,397 [OM StateMachine ApplyTransaction Thread - 0] INFO  bucket.OMBucketCreateRequest (OMBucketCreateRequest.java:validateAndUpdateCache(258)) - created bucket: bucket90841 of layout LEGACY in volume: volume44816
03:12:34.512 [IPC Server handler 18 on default port 39393] ERROR OMAudit - user=runner | ip=127.0.0.1 | op=GET_FILE_STATUS {volume=volume44816, bucket=bucket90841, key=.Trash/runner/Current/volume44816/bucket90841/testKey2, dataSize=0, replicationConfig=null} | ret=FAILURE
org.apache.hadoop.ozone.om.exceptions.OMException: Unable to get file status: volume: volume44816 bucket: bucket90841 key: .Trash/runner/Current/volume44816/bucket90841/testKey2
	at org.apache.hadoop.ozone.om.KeyManagerImpl.getOzoneFileStatus(KeyManagerImpl.java:1280) ~[ozone-manager-1.3.0-SNAPSHOT.jar:?]
	at org.apache.hadoop.ozone.om.KeyManagerImpl.getFileStatus(KeyManagerImpl.java:1210) ~[ozone-manager-1.3.0-SNAPSHOT.jar:?]
	at org.apache.hadoop.ozone.om.OzoneManager.getFileStatus(OzoneManager.java:3067) ~[ozone-manager-1.3.0-SNAPSHOT.jar:?]
	at org.apache.hadoop.ozone.protocolPB.OzoneManagerRequestHandler.getOzoneFileStatus(OzoneManagerRequestHandler.java:670) ~[ozone-manager-1.3.0-SNAPSHOT.jar:?]
	at org.apache.hadoop.ozone.protocolPB.OzoneManagerRequestHandler.handleReadRequest(OzoneManagerRequestHandler.java:201) ~[ozone-manager-1.3.0-SNAPSHOT.jar:?]
	at org.apache.hadoop.ozone.protocolPB.OzoneManagerProtocolServerSideTranslatorPB.submitReadRequestToOM(OzoneManagerProtocolServerSideTranslatorPB.java:213) ~[ozone-manager-1.3.0-SNAPSHOT.jar:?]
	at org.apache.hadoop.ozone.protocolPB.OzoneManagerProtocolServerSideTranslatorPB.processRequest(OzoneManagerProtocolServerSideTranslatorPB.java:174) ~[ozone-manager-1.3.0-SNAPSHOT.jar:?]
	at org.apache.hadoop.hdds.server.OzoneProtocolMessageDispatcher.processRequest(OzoneProtocolMessageDispatcher.java:87) [hdds-server-framework-1.3.0-SNAPSHOT.jar:?]
	at org.apache.hadoop.ozone.protocolPB.OzoneManagerProtocolServerSideTranslatorPB.submitRequest(OzoneManagerProtocolServerSideTranslatorPB.java:146) [ozone-manager-1.3.0-SNAPSHOT.jar:?]
	at org.apache.hadoop.ozone.protocol.proto.OzoneManagerProtocolProtos$OzoneManagerService$2.callBlockingMethod(OzoneManagerProtocolProtos.java) [ozone-interface-client-1.3.0-SNAPSHOT.jar:?]
	at org.apache.hadoop.ipc.ProtobufRpcEngine$Server.processCall(ProtobufRpcEngine.java:466) [hadoop-common-3.3.1.jar:?]
	at org.apache.hadoop.ipc.ProtobufRpcEngine2$Server$ProtoBufRpcInvoker.call(ProtobufRpcEngine2.java:574) [hadoop-common-3.3.1.jar:?]
	at org.apache.hadoop.ipc.ProtobufRpcEngine2$Server$ProtoBufRpcInvoker.call(ProtobufRpcEngine2.java:552) [hadoop-common-3.3.1.jar:?]
	at org.apache.hadoop.ipc.RPC$Server.call(RPC.java:1093) [hadoop-common-3.3.1.jar:?]
	at org.apache.hadoop.ipc.Server$RpcCall.run(Server.java:1035) [hadoop-common-3.3.1.jar:?]
	at org.apache.hadoop.ipc.Server$RpcCall.run(Server.java:963) [hadoop-common-3.3.1.jar:?]
	at java.security.AccessController.doPrivileged(Native Method) ~[?:1.8.0_322]
	at javax.security.auth.Subject.doAs(Subject.java:422) [?:1.8.0_322]
	at org.apache.hadoop.security.UserGroupInformation.doAs(UserGroupInformation.java:1878) [hadoop-common-3.3.1.jar:?]
	at org.apache.hadoop.ipc.Server$Handler.run(Server.java:2966) [hadoop-common-3.3.1.jar:?]
03:12:34.519 [IPC Server handler 4 on default port 39393] ERROR OMAudit - user=runner | ip=127.0.0.1 | op=GET_FILE_STATUS {volume=volume44816, bucket=bucket90841, key=.Trash/runner/Current/volume44816/bucket90841/testKey2, dataSize=0, replicationConfig=null} | ret=FAILURE
org.apache.hadoop.ozone.om.exceptions.OMException: Unable to get file status: volume: volume44816 bucket: bucket90841 key: .Trash/runner/Current/volume44816/bucket90841/testKey2
	at org.apache.hadoop.ozone.om.KeyManagerImpl.getOzoneFileStatus(KeyManagerImpl.java:1280) ~[ozone-manager-1.3.0-SNAPSHOT.jar:?]
	at org.apache.hadoop.ozone.om.KeyManagerImpl.getFileStatus(KeyManagerImpl.java:1210) ~[ozone-manager-1.3.0-SNAPSHOT.jar:?]
	at org.apache.hadoop.ozone.om.OzoneManager.getFileStatus(OzoneManager.java:3067) ~[ozone-manager-1.3.0-SNAPSHOT.jar:?]
	at org.apache.hadoop.ozone.protocolPB.OzoneManagerRequestHandler.getOzoneFileStatus(OzoneManagerRequestHandler.java:670) ~[ozone-manager-1.3.0-SNAPSHOT.jar:?]
	at org.apache.hadoop.ozone.protocolPB.OzoneManagerRequestHandler.handleReadRequest(OzoneManagerRequestHandler.java:201) ~[ozone-manager-1.3.0-SNAPSHOT.jar:?]
	at org.apache.hadoop.ozone.protocolPB.OzoneManagerProtocolServerSideTranslatorPB.submitReadRequestToOM(OzoneManagerProtocolServerSideTranslatorPB.java:213) ~[ozone-manager-1.3.0-SNAPSHOT.jar:?]
	at org.apache.hadoop.ozone.protocolPB.OzoneManagerProtocolServerSideTranslatorPB.processRequest(OzoneManagerProtocolServerSideTranslatorPB.java:174) ~[ozone-manager-1.3.0-SNAPSHOT.jar:?]
	at org.apache.hadoop.hdds.server.OzoneProtocolMessageDispatcher.processRequest(OzoneProtocolMessageDispatcher.java:87) [hdds-server-framework-1.3.0-SNAPSHOT.jar:?]
	at org.apache.hadoop.ozone.protocolPB.OzoneManagerProtocolServerSideTranslatorPB.submitRequest(OzoneManagerProtocolServerSideTranslatorPB.java:146) [ozone-manager-1.3.0-SNAPSHOT.jar:?]
	at org.apache.hadoop.ozone.protocol.proto.OzoneManagerProtocolProtos$OzoneManagerService$2.callBlockingMethod(OzoneManagerProtocolProtos.java) [ozone-interface-client-1.3.0-SNAPSHOT.jar:?]
	at org.apache.hadoop.ipc.ProtobufRpcEngine$Server.processCall(ProtobufRpcEngine.java:466) [hadoop-common-3.3.1.jar:?]
	at org.apache.hadoop.ipc.ProtobufRpcEngine2$Server$ProtoBufRpcInvoker.call(ProtobufRpcEngine2.java:574) [hadoop-common-3.3.1.jar:?]
	at org.apache.hadoop.ipc.ProtobufRpcEngine2$Server$ProtoBufRpcInvoker.call(ProtobufRpcEngine2.java:552) [hadoop-common-3.3.1.jar:?]
	at org.apache.hadoop.ipc.RPC$Server.call(RPC.java:1093) [hadoop-common-3.3.1.jar:?]
	at org.apache.hadoop.ipc.Server$RpcCall.run(Server.java:1035) [hadoop-common-3.3.1.jar:?]
	at org.apache.hadoop.ipc.Server$RpcCall.run(Server.java:963) [hadoop-common-3.3.1.jar:?]
	at java.security.AccessController.doPrivileged(Native Method) ~[?:1.8.0_322]
	at javax.security.auth.Subject.doAs(Subject.java:422) [?:1.8.0_322]
	at org.apache.hadoop.security.UserGroupInformation.doAs(UserGroupInformation.java:1878) [hadoop-common-3.3.1.jar:?]
	at org.apache.hadoop.ipc.Server$Handler.run(Server.java:2966) [hadoop-common-3.3.1.jar:?]
2022-05-04 03:12:34,532 [Time-limited test] INFO  fs.TrashPolicyDefault (TrashPolicyDefault.java:moveToTrash(188)) - Moved: '/volume44816/bucket90841/testKey2' to trash at: ofs:/volume44816/bucket90841/.Trash/runner/Current/volume44816/bucket90841/testKey2
]]></system-out>
  </testcase>
  <testcase name="testRenameToTrashEnabled" classname="TestRootedOzoneFileSystem" time="0.288">
    <system-out><![CDATA[2022-05-04 03:13:56,196 [Time-limited test] INFO  rpc.RpcClient (RpcClient.java:createVolume(448)) - Creating Volume: volume32627, with user79982 as owner and space quota set to -1 bytes, counts quota set to -1
2022-05-04 03:13:56,198 [OM StateMachine ApplyTransaction Thread - 0] INFO  volume.OMVolumeCreateRequest (OMVolumeCreateRequest.java:validateAndUpdateCache(195)) - created volume:volume32627 for user:user79982
2022-05-04 03:13:56,199 [Time-limited test] INFO  rpc.RpcClient (RpcClient.java:createBucket(637)) - Creating Bucket: volume32627/bucket83271, with runner as owner and Versioning false and Storage Type set to DISK and Encryption set to false 
2022-05-04 03:13:56,201 [OM StateMachine ApplyTransaction Thread - 0] INFO  bucket.OMBucketCreateRequest (OMBucketCreateRequest.java:validateAndUpdateCache(258)) - created bucket: bucket83271 of layout LEGACY in volume: volume32627
03:13:56.363 [IPC Server handler 0 on default port 46813] ERROR OMAudit - user=runner | ip=127.0.0.1 | op=GET_FILE_STATUS {volume=volume32627, bucket=bucket83271, key=.Trash/runner/Current/volume32627/bucket83271/testKey2, dataSize=0, replicationConfig=null} | ret=FAILURE
org.apache.hadoop.ozone.om.exceptions.OMException: Unable to get file status: volume: volume32627 bucket: bucket83271 key: .Trash/runner/Current/volume32627/bucket83271/testKey2
	at org.apache.hadoop.ozone.om.KeyManagerImpl.getOzoneFileStatus(KeyManagerImpl.java:1280) ~[ozone-manager-1.3.0-SNAPSHOT.jar:?]
	at org.apache.hadoop.ozone.om.KeyManagerImpl.getFileStatus(KeyManagerImpl.java:1210) ~[ozone-manager-1.3.0-SNAPSHOT.jar:?]
	at org.apache.hadoop.ozone.om.OzoneManager.getFileStatus(OzoneManager.java:3067) ~[ozone-manager-1.3.0-SNAPSHOT.jar:?]
	at org.apache.hadoop.ozone.protocolPB.OzoneManagerRequestHandler.getOzoneFileStatus(OzoneManagerRequestHandler.java:670) ~[ozone-manager-1.3.0-SNAPSHOT.jar:?]
	at org.apache.hadoop.ozone.protocolPB.OzoneManagerRequestHandler.handleReadRequest(OzoneManagerRequestHandler.java:201) ~[ozone-manager-1.3.0-SNAPSHOT.jar:?]
	at org.apache.hadoop.ozone.protocolPB.OzoneManagerProtocolServerSideTranslatorPB.submitReadRequestToOM(OzoneManagerProtocolServerSideTranslatorPB.java:213) ~[ozone-manager-1.3.0-SNAPSHOT.jar:?]
	at org.apache.hadoop.ozone.protocolPB.OzoneManagerProtocolServerSideTranslatorPB.processRequest(OzoneManagerProtocolServerSideTranslatorPB.java:174) ~[ozone-manager-1.3.0-SNAPSHOT.jar:?]
	at org.apache.hadoop.hdds.server.OzoneProtocolMessageDispatcher.processRequest(OzoneProtocolMessageDispatcher.java:87) [hdds-server-framework-1.3.0-SNAPSHOT.jar:?]
	at org.apache.hadoop.ozone.protocolPB.OzoneManagerProtocolServerSideTranslatorPB.submitRequest(OzoneManagerProtocolServerSideTranslatorPB.java:146) [ozone-manager-1.3.0-SNAPSHOT.jar:?]
	at org.apache.hadoop.ozone.protocol.proto.OzoneManagerProtocolProtos$OzoneManagerService$2.callBlockingMethod(OzoneManagerProtocolProtos.java) [ozone-interface-client-1.3.0-SNAPSHOT.jar:?]
	at org.apache.hadoop.ipc.ProtobufRpcEngine$Server.processCall(ProtobufRpcEngine.java:466) [hadoop-common-3.3.1.jar:?]
	at org.apache.hadoop.ipc.ProtobufRpcEngine2$Server$ProtoBufRpcInvoker.call(ProtobufRpcEngine2.java:574) [hadoop-common-3.3.1.jar:?]
	at org.apache.hadoop.ipc.ProtobufRpcEngine2$Server$ProtoBufRpcInvoker.call(ProtobufRpcEngine2.java:552) [hadoop-common-3.3.1.jar:?]
	at org.apache.hadoop.ipc.RPC$Server.call(RPC.java:1093) [hadoop-common-3.3.1.jar:?]
	at org.apache.hadoop.ipc.Server$RpcCall.run(Server.java:1035) [hadoop-common-3.3.1.jar:?]
	at org.apache.hadoop.ipc.Server$RpcCall.run(Server.java:963) [hadoop-common-3.3.1.jar:?]
	at java.security.AccessController.doPrivileged(Native Method) ~[?:1.8.0_322]
	at javax.security.auth.Subject.doAs(Subject.java:422) [?:1.8.0_322]
	at org.apache.hadoop.security.UserGroupInformation.doAs(UserGroupInformation.java:1878) [hadoop-common-3.3.1.jar:?]
	at org.apache.hadoop.ipc.Server$Handler.run(Server.java:2966) [hadoop-common-3.3.1.jar:?]
03:13:56.367 [IPC Server handler 11 on default port 46813] ERROR OMAudit - user=runner | ip=127.0.0.1 | op=GET_FILE_STATUS {volume=volume32627, bucket=bucket83271, key=.Trash/runner/Current/volume32627/bucket83271/testKey2, dataSize=0, replicationConfig=null} | ret=FAILURE
org.apache.hadoop.ozone.om.exceptions.OMException: Unable to get file status: volume: volume32627 bucket: bucket83271 key: .Trash/runner/Current/volume32627/bucket83271/testKey2
	at org.apache.hadoop.ozone.om.KeyManagerImpl.getOzoneFileStatus(KeyManagerImpl.java:1280) ~[ozone-manager-1.3.0-SNAPSHOT.jar:?]
	at org.apache.hadoop.ozone.om.KeyManagerImpl.getFileStatus(KeyManagerImpl.java:1210) ~[ozone-manager-1.3.0-SNAPSHOT.jar:?]
	at org.apache.hadoop.ozone.om.OzoneManager.getFileStatus(OzoneManager.java:3067) ~[ozone-manager-1.3.0-SNAPSHOT.jar:?]
	at org.apache.hadoop.ozone.protocolPB.OzoneManagerRequestHandler.getOzoneFileStatus(OzoneManagerRequestHandler.java:670) ~[ozone-manager-1.3.0-SNAPSHOT.jar:?]
	at org.apache.hadoop.ozone.protocolPB.OzoneManagerRequestHandler.handleReadRequest(OzoneManagerRequestHandler.java:201) ~[ozone-manager-1.3.0-SNAPSHOT.jar:?]
	at org.apache.hadoop.ozone.protocolPB.OzoneManagerProtocolServerSideTranslatorPB.submitReadRequestToOM(OzoneManagerProtocolServerSideTranslatorPB.java:213) ~[ozone-manager-1.3.0-SNAPSHOT.jar:?]
	at org.apache.hadoop.ozone.protocolPB.OzoneManagerProtocolServerSideTranslatorPB.processRequest(OzoneManagerProtocolServerSideTranslatorPB.java:174) ~[ozone-manager-1.3.0-SNAPSHOT.jar:?]
	at org.apache.hadoop.hdds.server.OzoneProtocolMessageDispatcher.processRequest(OzoneProtocolMessageDispatcher.java:87) [hdds-server-framework-1.3.0-SNAPSHOT.jar:?]
	at org.apache.hadoop.ozone.protocolPB.OzoneManagerProtocolServerSideTranslatorPB.submitRequest(OzoneManagerProtocolServerSideTranslatorPB.java:146) [ozone-manager-1.3.0-SNAPSHOT.jar:?]
	at org.apache.hadoop.ozone.protocol.proto.OzoneManagerProtocolProtos$OzoneManagerService$2.callBlockingMethod(OzoneManagerProtocolProtos.java) [ozone-interface-client-1.3.0-SNAPSHOT.jar:?]
	at org.apache.hadoop.ipc.ProtobufRpcEngine$Server.processCall(ProtobufRpcEngine.java:466) [hadoop-common-3.3.1.jar:?]
	at org.apache.hadoop.ipc.ProtobufRpcEngine2$Server$ProtoBufRpcInvoker.call(ProtobufRpcEngine2.java:574) [hadoop-common-3.3.1.jar:?]
	at org.apache.hadoop.ipc.ProtobufRpcEngine2$Server$ProtoBufRpcInvoker.call(ProtobufRpcEngine2.java:552) [hadoop-common-3.3.1.jar:?]
	at org.apache.hadoop.ipc.RPC$Server.call(RPC.java:1093) [hadoop-common-3.3.1.jar:?]
	at org.apache.hadoop.ipc.Server$RpcCall.run(Server.java:1035) [hadoop-common-3.3.1.jar:?]
	at org.apache.hadoop.ipc.Server$RpcCall.run(Server.java:963) [hadoop-common-3.3.1.jar:?]
	at java.security.AccessController.doPrivileged(Native Method) ~[?:1.8.0_322]
	at javax.security.auth.Subject.doAs(Subject.java:422) [?:1.8.0_322]
	at org.apache.hadoop.security.UserGroupInformation.doAs(UserGroupInformation.java:1878) [hadoop-common-3.3.1.jar:?]
	at org.apache.hadoop.ipc.Server$Handler.run(Server.java:2966) [hadoop-common-3.3.1.jar:?]
2022-05-04 03:13:56,375 [Time-limited test] INFO  fs.TrashPolicyDefault (TrashPolicyDefault.java:moveToTrash(188)) - Moved: '/volume32627/bucket83271/testKey2' to trash at: ofs:/volume32627/bucket83271/.Trash/runner/Current/volume32627/bucket83271/testKey2
]]></system-out>
  </testcase>
  <testcase name="testRenameToTrashEnabled" classname="TestRootedOzoneFileSystem" time="0.312">
    <system-out><![CDATA[2022-05-04 03:15:11,962 [Time-limited test] INFO  rpc.RpcClient (RpcClient.java:createVolume(448)) - Creating Volume: volume02442, with user44882 as owner and space quota set to -1 bytes, counts quota set to -1
2022-05-04 03:15:11,965 [IPC Server handler 3 on default port 33297] INFO  volume.OMVolumeCreateRequest (OMVolumeCreateRequest.java:validateAndUpdateCache(195)) - created volume:volume02442 for user:user44882
2022-05-04 03:15:11,966 [Time-limited test] INFO  rpc.RpcClient (RpcClient.java:createBucket(637)) - Creating Bucket: volume02442/bucket10951, with runner as owner and Versioning false and Storage Type set to DISK and Encryption set to false 
2022-05-04 03:15:11,969 [IPC Server handler 15 on default port 33297] INFO  bucket.OMBucketCreateRequest (OMBucketCreateRequest.java:validateAndUpdateCache(258)) - created bucket: bucket10951 of layout LEGACY in volume: volume02442
03:15:12.167 [IPC Server handler 9 on default port 33297] ERROR OMAudit - user=runner | ip=127.0.0.1 | op=GET_FILE_STATUS {volume=volume02442, bucket=bucket10951, key=.Trash/runner/Current/volume02442/bucket10951/testKey2, dataSize=0, replicationConfig=null} | ret=FAILURE
org.apache.hadoop.ozone.om.exceptions.OMException: Unable to get file status: volume: volume02442 bucket: bucket10951 key: .Trash/runner/Current/volume02442/bucket10951/testKey2
	at org.apache.hadoop.ozone.om.KeyManagerImpl.getOzoneFileStatus(KeyManagerImpl.java:1280) ~[ozone-manager-1.3.0-SNAPSHOT.jar:?]
	at org.apache.hadoop.ozone.om.KeyManagerImpl.getFileStatus(KeyManagerImpl.java:1210) ~[ozone-manager-1.3.0-SNAPSHOT.jar:?]
	at org.apache.hadoop.ozone.om.OzoneManager.getFileStatus(OzoneManager.java:3067) ~[ozone-manager-1.3.0-SNAPSHOT.jar:?]
	at org.apache.hadoop.ozone.protocolPB.OzoneManagerRequestHandler.getOzoneFileStatus(OzoneManagerRequestHandler.java:670) ~[ozone-manager-1.3.0-SNAPSHOT.jar:?]
	at org.apache.hadoop.ozone.protocolPB.OzoneManagerRequestHandler.handleReadRequest(OzoneManagerRequestHandler.java:201) ~[ozone-manager-1.3.0-SNAPSHOT.jar:?]
	at org.apache.hadoop.ozone.protocolPB.OzoneManagerProtocolServerSideTranslatorPB.submitRequestDirectlyToOM(OzoneManagerProtocolServerSideTranslatorPB.java:271) ~[ozone-manager-1.3.0-SNAPSHOT.jar:?]
	at org.apache.hadoop.ozone.protocolPB.OzoneManagerProtocolServerSideTranslatorPB.processRequest(OzoneManagerProtocolServerSideTranslatorPB.java:195) ~[ozone-manager-1.3.0-SNAPSHOT.jar:?]
	at org.apache.hadoop.hdds.server.OzoneProtocolMessageDispatcher.processRequest(OzoneProtocolMessageDispatcher.java:87) [hdds-server-framework-1.3.0-SNAPSHOT.jar:?]
	at org.apache.hadoop.ozone.protocolPB.OzoneManagerProtocolServerSideTranslatorPB.submitRequest(OzoneManagerProtocolServerSideTranslatorPB.java:146) [ozone-manager-1.3.0-SNAPSHOT.jar:?]
	at org.apache.hadoop.ozone.protocol.proto.OzoneManagerProtocolProtos$OzoneManagerService$2.callBlockingMethod(OzoneManagerProtocolProtos.java) [ozone-interface-client-1.3.0-SNAPSHOT.jar:?]
	at org.apache.hadoop.ipc.ProtobufRpcEngine$Server.processCall(ProtobufRpcEngine.java:466) [hadoop-common-3.3.1.jar:?]
	at org.apache.hadoop.ipc.ProtobufRpcEngine2$Server$ProtoBufRpcInvoker.call(ProtobufRpcEngine2.java:574) [hadoop-common-3.3.1.jar:?]
	at org.apache.hadoop.ipc.ProtobufRpcEngine2$Server$ProtoBufRpcInvoker.call(ProtobufRpcEngine2.java:552) [hadoop-common-3.3.1.jar:?]
	at org.apache.hadoop.ipc.RPC$Server.call(RPC.java:1093) [hadoop-common-3.3.1.jar:?]
	at org.apache.hadoop.ipc.Server$RpcCall.run(Server.java:1035) [hadoop-common-3.3.1.jar:?]
	at org.apache.hadoop.ipc.Server$RpcCall.run(Server.java:963) [hadoop-common-3.3.1.jar:?]
	at java.security.AccessController.doPrivileged(Native Method) ~[?:1.8.0_322]
	at javax.security.auth.Subject.doAs(Subject.java:422) [?:1.8.0_322]
	at org.apache.hadoop.security.UserGroupInformation.doAs(UserGroupInformation.java:1878) [hadoop-common-3.3.1.jar:?]
	at org.apache.hadoop.ipc.Server$Handler.run(Server.java:2966) [hadoop-common-3.3.1.jar:?]
03:15:12.171 [IPC Server handler 11 on default port 33297] ERROR OMAudit - user=runner | ip=127.0.0.1 | op=GET_FILE_STATUS {volume=volume02442, bucket=bucket10951, key=.Trash/runner/Current/volume02442/bucket10951/testKey2, dataSize=0, replicationConfig=null} | ret=FAILURE
org.apache.hadoop.ozone.om.exceptions.OMException: Unable to get file status: volume: volume02442 bucket: bucket10951 key: .Trash/runner/Current/volume02442/bucket10951/testKey2
	at org.apache.hadoop.ozone.om.KeyManagerImpl.getOzoneFileStatus(KeyManagerImpl.java:1280) ~[ozone-manager-1.3.0-SNAPSHOT.jar:?]
	at org.apache.hadoop.ozone.om.KeyManagerImpl.getFileStatus(KeyManagerImpl.java:1210) ~[ozone-manager-1.3.0-SNAPSHOT.jar:?]
	at org.apache.hadoop.ozone.om.OzoneManager.getFileStatus(OzoneManager.java:3067) ~[ozone-manager-1.3.0-SNAPSHOT.jar:?]
	at org.apache.hadoop.ozone.protocolPB.OzoneManagerRequestHandler.getOzoneFileStatus(OzoneManagerRequestHandler.java:670) ~[ozone-manager-1.3.0-SNAPSHOT.jar:?]
	at org.apache.hadoop.ozone.protocolPB.OzoneManagerRequestHandler.handleReadRequest(OzoneManagerRequestHandler.java:201) ~[ozone-manager-1.3.0-SNAPSHOT.jar:?]
	at org.apache.hadoop.ozone.protocolPB.OzoneManagerProtocolServerSideTranslatorPB.submitRequestDirectlyToOM(OzoneManagerProtocolServerSideTranslatorPB.java:271) ~[ozone-manager-1.3.0-SNAPSHOT.jar:?]
	at org.apache.hadoop.ozone.protocolPB.OzoneManagerProtocolServerSideTranslatorPB.processRequest(OzoneManagerProtocolServerSideTranslatorPB.java:195) ~[ozone-manager-1.3.0-SNAPSHOT.jar:?]
	at org.apache.hadoop.hdds.server.OzoneProtocolMessageDispatcher.processRequest(OzoneProtocolMessageDispatcher.java:87) [hdds-server-framework-1.3.0-SNAPSHOT.jar:?]
	at org.apache.hadoop.ozone.protocolPB.OzoneManagerProtocolServerSideTranslatorPB.submitRequest(OzoneManagerProtocolServerSideTranslatorPB.java:146) [ozone-manager-1.3.0-SNAPSHOT.jar:?]
	at org.apache.hadoop.ozone.protocol.proto.OzoneManagerProtocolProtos$OzoneManagerService$2.callBlockingMethod(OzoneManagerProtocolProtos.java) [ozone-interface-client-1.3.0-SNAPSHOT.jar:?]
	at org.apache.hadoop.ipc.ProtobufRpcEngine$Server.processCall(ProtobufRpcEngine.java:466) [hadoop-common-3.3.1.jar:?]
	at org.apache.hadoop.ipc.ProtobufRpcEngine2$Server$ProtoBufRpcInvoker.call(ProtobufRpcEngine2.java:574) [hadoop-common-3.3.1.jar:?]
	at org.apache.hadoop.ipc.ProtobufRpcEngine2$Server$ProtoBufRpcInvoker.call(ProtobufRpcEngine2.java:552) [hadoop-common-3.3.1.jar:?]
	at org.apache.hadoop.ipc.RPC$Server.call(RPC.java:1093) [hadoop-common-3.3.1.jar:?]
	at org.apache.hadoop.ipc.Server$RpcCall.run(Server.java:1035) [hadoop-common-3.3.1.jar:?]
	at org.apache.hadoop.ipc.Server$RpcCall.run(Server.java:963) [hadoop-common-3.3.1.jar:?]
	at java.security.AccessController.doPrivileged(Native Method) ~[?:1.8.0_322]
	at javax.security.auth.Subject.doAs(Subject.java:422) [?:1.8.0_322]
	at org.apache.hadoop.security.UserGroupInformation.doAs(UserGroupInformation.java:1878) [hadoop-common-3.3.1.jar:?]
	at org.apache.hadoop.ipc.Server$Handler.run(Server.java:2966) [hadoop-common-3.3.1.jar:?]
2022-05-04 03:15:12,178 [Time-limited test] INFO  fs.TrashPolicyDefault (TrashPolicyDefault.java:moveToTrash(188)) - Moved: '/volume02442/bucket10951/testKey2' to trash at: ofs:/volume02442/bucket10951/.Trash/runner/Current/volume02442/bucket10951/testKey2
]]></system-out>
  </testcase>
  <testcase name="testRenameToTrashEnabled" classname="TestRootedOzoneFileSystem" time="0.348">
    <system-out><![CDATA[2022-05-04 03:16:34,970 [Time-limited test] INFO  rpc.RpcClient (RpcClient.java:createVolume(448)) - Creating Volume: volume49089, with user27202 as owner and space quota set to -1 bytes, counts quota set to -1
2022-05-04 03:16:34,972 [OM StateMachine ApplyTransaction Thread - 0] INFO  volume.OMVolumeCreateRequest (OMVolumeCreateRequest.java:validateAndUpdateCache(195)) - created volume:volume49089 for user:user27202
2022-05-04 03:16:34,975 [Time-limited test] INFO  rpc.RpcClient (RpcClient.java:createBucket(637)) - Creating Bucket: volume49089/bucket73347, with runner as owner and Versioning false and Storage Type set to DISK and Encryption set to false 
2022-05-04 03:16:34,980 [OM StateMachine ApplyTransaction Thread - 0] INFO  bucket.OMBucketCreateRequest (OMBucketCreateRequest.java:validateAndUpdateCache(258)) - created bucket: bucket73347 of layout LEGACY in volume: volume49089
03:16:35.206 [IPC Server handler 7 on default port 37999] ERROR OMAudit - user=runner | ip=127.0.0.1 | op=GET_FILE_STATUS {volume=volume49089, bucket=bucket73347, key=.Trash/runner/Current/volume49089/bucket73347/testKey2, dataSize=0, replicationConfig=null} | ret=FAILURE
org.apache.hadoop.ozone.om.exceptions.OMException: Unable to get file status: volume: volume49089 bucket: bucket73347 key: .Trash/runner/Current/volume49089/bucket73347/testKey2
	at org.apache.hadoop.ozone.om.KeyManagerImpl.getOzoneFileStatus(KeyManagerImpl.java:1280) ~[ozone-manager-1.3.0-SNAPSHOT.jar:?]
	at org.apache.hadoop.ozone.om.KeyManagerImpl.getFileStatus(KeyManagerImpl.java:1210) ~[ozone-manager-1.3.0-SNAPSHOT.jar:?]
	at org.apache.hadoop.ozone.om.OzoneManager.getFileStatus(OzoneManager.java:3067) ~[ozone-manager-1.3.0-SNAPSHOT.jar:?]
	at org.apache.hadoop.ozone.protocolPB.OzoneManagerRequestHandler.getOzoneFileStatus(OzoneManagerRequestHandler.java:670) ~[ozone-manager-1.3.0-SNAPSHOT.jar:?]
	at org.apache.hadoop.ozone.protocolPB.OzoneManagerRequestHandler.handleReadRequest(OzoneManagerRequestHandler.java:201) ~[ozone-manager-1.3.0-SNAPSHOT.jar:?]
	at org.apache.hadoop.ozone.protocolPB.OzoneManagerProtocolServerSideTranslatorPB.submitReadRequestToOM(OzoneManagerProtocolServerSideTranslatorPB.java:213) ~[ozone-manager-1.3.0-SNAPSHOT.jar:?]
	at org.apache.hadoop.ozone.protocolPB.OzoneManagerProtocolServerSideTranslatorPB.processRequest(OzoneManagerProtocolServerSideTranslatorPB.java:174) ~[ozone-manager-1.3.0-SNAPSHOT.jar:?]
	at org.apache.hadoop.hdds.server.OzoneProtocolMessageDispatcher.processRequest(OzoneProtocolMessageDispatcher.java:87) [hdds-server-framework-1.3.0-SNAPSHOT.jar:?]
	at org.apache.hadoop.ozone.protocolPB.OzoneManagerProtocolServerSideTranslatorPB.submitRequest(OzoneManagerProtocolServerSideTranslatorPB.java:146) [ozone-manager-1.3.0-SNAPSHOT.jar:?]
	at org.apache.hadoop.ozone.protocol.proto.OzoneManagerProtocolProtos$OzoneManagerService$2.callBlockingMethod(OzoneManagerProtocolProtos.java) [ozone-interface-client-1.3.0-SNAPSHOT.jar:?]
	at org.apache.hadoop.ipc.ProtobufRpcEngine$Server.processCall(ProtobufRpcEngine.java:466) [hadoop-common-3.3.1.jar:?]
	at org.apache.hadoop.ipc.ProtobufRpcEngine2$Server$ProtoBufRpcInvoker.call(ProtobufRpcEngine2.java:574) [hadoop-common-3.3.1.jar:?]
	at org.apache.hadoop.ipc.ProtobufRpcEngine2$Server$ProtoBufRpcInvoker.call(ProtobufRpcEngine2.java:552) [hadoop-common-3.3.1.jar:?]
	at org.apache.hadoop.ipc.RPC$Server.call(RPC.java:1093) [hadoop-common-3.3.1.jar:?]
	at org.apache.hadoop.ipc.Server$RpcCall.run(Server.java:1035) [hadoop-common-3.3.1.jar:?]
	at org.apache.hadoop.ipc.Server$RpcCall.run(Server.java:963) [hadoop-common-3.3.1.jar:?]
	at java.security.AccessController.doPrivileged(Native Method) ~[?:1.8.0_322]
	at javax.security.auth.Subject.doAs(Subject.java:422) [?:1.8.0_322]
	at org.apache.hadoop.security.UserGroupInformation.doAs(UserGroupInformation.java:1878) [hadoop-common-3.3.1.jar:?]
	at org.apache.hadoop.ipc.Server$Handler.run(Server.java:2966) [hadoop-common-3.3.1.jar:?]
03:16:35.222 [IPC Server handler 16 on default port 37999] ERROR OMAudit - user=runner | ip=127.0.0.1 | op=GET_FILE_STATUS {volume=volume49089, bucket=bucket73347, key=.Trash/runner/Current/volume49089/bucket73347/testKey2, dataSize=0, replicationConfig=null} | ret=FAILURE
org.apache.hadoop.ozone.om.exceptions.OMException: Unable to get file status: volume: volume49089 bucket: bucket73347 key: .Trash/runner/Current/volume49089/bucket73347/testKey2
	at org.apache.hadoop.ozone.om.KeyManagerImpl.getOzoneFileStatus(KeyManagerImpl.java:1280) ~[ozone-manager-1.3.0-SNAPSHOT.jar:?]
	at org.apache.hadoop.ozone.om.KeyManagerImpl.getFileStatus(KeyManagerImpl.java:1210) ~[ozone-manager-1.3.0-SNAPSHOT.jar:?]
	at org.apache.hadoop.ozone.om.OzoneManager.getFileStatus(OzoneManager.java:3067) ~[ozone-manager-1.3.0-SNAPSHOT.jar:?]
	at org.apache.hadoop.ozone.protocolPB.OzoneManagerRequestHandler.getOzoneFileStatus(OzoneManagerRequestHandler.java:670) ~[ozone-manager-1.3.0-SNAPSHOT.jar:?]
	at org.apache.hadoop.ozone.protocolPB.OzoneManagerRequestHandler.handleReadRequest(OzoneManagerRequestHandler.java:201) ~[ozone-manager-1.3.0-SNAPSHOT.jar:?]
	at org.apache.hadoop.ozone.protocolPB.OzoneManagerProtocolServerSideTranslatorPB.submitReadRequestToOM(OzoneManagerProtocolServerSideTranslatorPB.java:213) ~[ozone-manager-1.3.0-SNAPSHOT.jar:?]
	at org.apache.hadoop.ozone.protocolPB.OzoneManagerProtocolServerSideTranslatorPB.processRequest(OzoneManagerProtocolServerSideTranslatorPB.java:174) ~[ozone-manager-1.3.0-SNAPSHOT.jar:?]
	at org.apache.hadoop.hdds.server.OzoneProtocolMessageDispatcher.processRequest(OzoneProtocolMessageDispatcher.java:87) [hdds-server-framework-1.3.0-SNAPSHOT.jar:?]
	at org.apache.hadoop.ozone.protocolPB.OzoneManagerProtocolServerSideTranslatorPB.submitRequest(OzoneManagerProtocolServerSideTranslatorPB.java:146) [ozone-manager-1.3.0-SNAPSHOT.jar:?]
	at org.apache.hadoop.ozone.protocol.proto.OzoneManagerProtocolProtos$OzoneManagerService$2.callBlockingMethod(OzoneManagerProtocolProtos.java) [ozone-interface-client-1.3.0-SNAPSHOT.jar:?]
	at org.apache.hadoop.ipc.ProtobufRpcEngine$Server.processCall(ProtobufRpcEngine.java:466) [hadoop-common-3.3.1.jar:?]
	at org.apache.hadoop.ipc.ProtobufRpcEngine2$Server$ProtoBufRpcInvoker.call(ProtobufRpcEngine2.java:574) [hadoop-common-3.3.1.jar:?]
	at org.apache.hadoop.ipc.ProtobufRpcEngine2$Server$ProtoBufRpcInvoker.call(ProtobufRpcEngine2.java:552) [hadoop-common-3.3.1.jar:?]
	at org.apache.hadoop.ipc.RPC$Server.call(RPC.java:1093) [hadoop-common-3.3.1.jar:?]
	at org.apache.hadoop.ipc.Server$RpcCall.run(Server.java:1035) [hadoop-common-3.3.1.jar:?]
	at org.apache.hadoop.ipc.Server$RpcCall.run(Server.java:963) [hadoop-common-3.3.1.jar:?]
	at java.security.AccessController.doPrivileged(Native Method) ~[?:1.8.0_322]
	at javax.security.auth.Subject.doAs(Subject.java:422) [?:1.8.0_322]
	at org.apache.hadoop.security.UserGroupInformation.doAs(UserGroupInformation.java:1878) [hadoop-common-3.3.1.jar:?]
	at org.apache.hadoop.ipc.Server$Handler.run(Server.java:2966) [hadoop-common-3.3.1.jar:?]
2022-05-04 03:16:35,229 [Time-limited test] INFO  fs.TrashPolicyDefault (TrashPolicyDefault.java:moveToTrash(188)) - Moved: '/volume49089/bucket73347/testKey2' to trash at: ofs:/volume49089/bucket73347/.Trash/runner/Current/volume49089/bucket73347/testKey2
]]></system-out>
  </testcase>
  <testcase name="testRenameToTrashEnabled" classname="TestRootedOzoneFileSystem" time="0.503">
    <failure type="java.lang.AssertionError"><![CDATA[java.lang.AssertionError
	at org.junit.Assert.fail(Assert.java:87)
	at org.junit.Assert.assertTrue(Assert.java:42)
	at org.junit.Assert.assertTrue(Assert.java:53)
	at org.apache.hadoop.fs.ozone.TestRootedOzoneFileSystem.testRenameToTrashEnabled(TestRootedOzoneFileSystem.java:1284)
	at sun.reflect.NativeMethodAccessorImpl.invoke0(Native Method)
	at sun.reflect.NativeMethodAccessorImpl.invoke(NativeMethodAccessorImpl.java:62)
	at sun.reflect.DelegatingMethodAccessorImpl.invoke(DelegatingMethodAccessorImpl.java:43)
	at java.lang.reflect.Method.invoke(Method.java:498)
	at org.junit.runners.model.FrameworkMethod$1.runReflectiveCall(FrameworkMethod.java:59)
	at org.junit.internal.runners.model.ReflectiveCallable.run(ReflectiveCallable.java:12)
	at org.junit.runners.model.FrameworkMethod.invokeExplosively(FrameworkMethod.java:56)
	at org.junit.internal.runners.statements.InvokeMethod.evaluate(InvokeMethod.java:17)
	at org.junit.internal.runners.statements.RunBefores.evaluate(RunBefores.java:26)
	at org.junit.internal.runners.statements.RunAfters.evaluate(RunAfters.java:27)
	at org.junit.internal.runners.statements.FailOnTimeout$CallableStatement.call(FailOnTimeout.java:288)
	at org.junit.internal.runners.statements.FailOnTimeout$CallableStatement.call(FailOnTimeout.java:282)
	at java.util.concurrent.FutureTask.run(FutureTask.java:266)
	at java.lang.Thread.run(Thread.java:750)
]]></failure>
    <system-out><![CDATA[2022-05-04 03:18:07,225 [Time-limited test] INFO  rpc.RpcClient (RpcClient.java:createVolume(448)) - Creating Volume: volume89804, with user66259 as owner and space quota set to -1 bytes, counts quota set to -1
2022-05-04 03:18:07,226 [IPC Server handler 2 on default port 33661] INFO  volume.OMVolumeCreateRequest (OMVolumeCreateRequest.java:validateAndUpdateCache(195)) - created volume:volume89804 for user:user66259
2022-05-04 03:18:07,227 [Time-limited test] INFO  rpc.RpcClient (RpcClient.java:createBucket(637)) - Creating Bucket: volume89804/bucket35887, with runner as owner and Versioning false and Storage Type set to DISK and Encryption set to false 
2022-05-04 03:18:07,228 [IPC Server handler 18 on default port 33661] INFO  bucket.OMBucketCreateRequest (OMBucketCreateRequest.java:validateAndUpdateCache(258)) - created bucket: bucket35887 of layout LEGACY in volume: volume89804
03:18:07.490 [IPC Server handler 17 on default port 33661] ERROR OMAudit - user=runner | ip=127.0.0.1 | op=GET_FILE_STATUS {volume=volume89804, bucket=bucket35887, key=.Trash/runner/Current/volume89804/bucket35887/testKey2, dataSize=0, replicationConfig=null} | ret=FAILURE
org.apache.hadoop.ozone.om.exceptions.OMException: Unable to get file status: volume: volume89804 bucket: bucket35887 key: .Trash/runner/Current/volume89804/bucket35887/testKey2
	at org.apache.hadoop.ozone.om.KeyManagerImpl.getOzoneFileStatus(KeyManagerImpl.java:1280) ~[ozone-manager-1.3.0-SNAPSHOT.jar:?]
	at org.apache.hadoop.ozone.om.KeyManagerImpl.getFileStatus(KeyManagerImpl.java:1210) ~[ozone-manager-1.3.0-SNAPSHOT.jar:?]
	at org.apache.hadoop.ozone.om.OzoneManager.getFileStatus(OzoneManager.java:3067) ~[ozone-manager-1.3.0-SNAPSHOT.jar:?]
	at org.apache.hadoop.ozone.protocolPB.OzoneManagerRequestHandler.getOzoneFileStatus(OzoneManagerRequestHandler.java:670) ~[ozone-manager-1.3.0-SNAPSHOT.jar:?]
	at org.apache.hadoop.ozone.protocolPB.OzoneManagerRequestHandler.handleReadRequest(OzoneManagerRequestHandler.java:201) ~[ozone-manager-1.3.0-SNAPSHOT.jar:?]
	at org.apache.hadoop.ozone.protocolPB.OzoneManagerProtocolServerSideTranslatorPB.submitRequestDirectlyToOM(OzoneManagerProtocolServerSideTranslatorPB.java:271) ~[ozone-manager-1.3.0-SNAPSHOT.jar:?]
	at org.apache.hadoop.ozone.protocolPB.OzoneManagerProtocolServerSideTranslatorPB.processRequest(OzoneManagerProtocolServerSideTranslatorPB.java:195) ~[ozone-manager-1.3.0-SNAPSHOT.jar:?]
	at org.apache.hadoop.hdds.server.OzoneProtocolMessageDispatcher.processRequest(OzoneProtocolMessageDispatcher.java:87) [hdds-server-framework-1.3.0-SNAPSHOT.jar:?]
	at org.apache.hadoop.ozone.protocolPB.OzoneManagerProtocolServerSideTranslatorPB.submitRequest(OzoneManagerProtocolServerSideTranslatorPB.java:146) [ozone-manager-1.3.0-SNAPSHOT.jar:?]
	at org.apache.hadoop.ozone.protocol.proto.OzoneManagerProtocolProtos$OzoneManagerService$2.callBlockingMethod(OzoneManagerProtocolProtos.java) [ozone-interface-client-1.3.0-SNAPSHOT.jar:?]
	at org.apache.hadoop.ipc.ProtobufRpcEngine$Server.processCall(ProtobufRpcEngine.java:466) [hadoop-common-3.3.1.jar:?]
	at org.apache.hadoop.ipc.ProtobufRpcEngine2$Server$ProtoBufRpcInvoker.call(ProtobufRpcEngine2.java:574) [hadoop-common-3.3.1.jar:?]
	at org.apache.hadoop.ipc.ProtobufRpcEngine2$Server$ProtoBufRpcInvoker.call(ProtobufRpcEngine2.java:552) [hadoop-common-3.3.1.jar:?]
	at org.apache.hadoop.ipc.RPC$Server.call(RPC.java:1093) [hadoop-common-3.3.1.jar:?]
	at org.apache.hadoop.ipc.Server$RpcCall.run(Server.java:1035) [hadoop-common-3.3.1.jar:?]
	at org.apache.hadoop.ipc.Server$RpcCall.run(Server.java:963) [hadoop-common-3.3.1.jar:?]
	at java.security.AccessController.doPrivileged(Native Method) ~[?:1.8.0_322]
	at javax.security.auth.Subject.doAs(Subject.java:422) [?:1.8.0_322]
	at org.apache.hadoop.security.UserGroupInformation.doAs(UserGroupInformation.java:1878) [hadoop-common-3.3.1.jar:?]
	at org.apache.hadoop.ipc.Server$Handler.run(Server.java:2966) [hadoop-common-3.3.1.jar:?]
03:18:07.498 [IPC Server handler 12 on default port 33661] ERROR OMAudit - user=runner | ip=127.0.0.1 | op=GET_FILE_STATUS {volume=volume89804, bucket=bucket35887, key=.Trash/runner/Current/volume89804/bucket35887/testKey2, dataSize=0, replicationConfig=null} | ret=FAILURE
org.apache.hadoop.ozone.om.exceptions.OMException: Unable to get file status: volume: volume89804 bucket: bucket35887 key: .Trash/runner/Current/volume89804/bucket35887/testKey2
	at org.apache.hadoop.ozone.om.KeyManagerImpl.getOzoneFileStatus(KeyManagerImpl.java:1280) ~[ozone-manager-1.3.0-SNAPSHOT.jar:?]
	at org.apache.hadoop.ozone.om.KeyManagerImpl.getFileStatus(KeyManagerImpl.java:1210) ~[ozone-manager-1.3.0-SNAPSHOT.jar:?]
	at org.apache.hadoop.ozone.om.OzoneManager.getFileStatus(OzoneManager.java:3067) ~[ozone-manager-1.3.0-SNAPSHOT.jar:?]
	at org.apache.hadoop.ozone.protocolPB.OzoneManagerRequestHandler.getOzoneFileStatus(OzoneManagerRequestHandler.java:670) ~[ozone-manager-1.3.0-SNAPSHOT.jar:?]
	at org.apache.hadoop.ozone.protocolPB.OzoneManagerRequestHandler.handleReadRequest(OzoneManagerRequestHandler.java:201) ~[ozone-manager-1.3.0-SNAPSHOT.jar:?]
	at org.apache.hadoop.ozone.protocolPB.OzoneManagerProtocolServerSideTranslatorPB.submitRequestDirectlyToOM(OzoneManagerProtocolServerSideTranslatorPB.java:271) ~[ozone-manager-1.3.0-SNAPSHOT.jar:?]
	at org.apache.hadoop.ozone.protocolPB.OzoneManagerProtocolServerSideTranslatorPB.processRequest(OzoneManagerProtocolServerSideTranslatorPB.java:195) ~[ozone-manager-1.3.0-SNAPSHOT.jar:?]
	at org.apache.hadoop.hdds.server.OzoneProtocolMessageDispatcher.processRequest(OzoneProtocolMessageDispatcher.java:87) [hdds-server-framework-1.3.0-SNAPSHOT.jar:?]
	at org.apache.hadoop.ozone.protocolPB.OzoneManagerProtocolServerSideTranslatorPB.submitRequest(OzoneManagerProtocolServerSideTranslatorPB.java:146) [ozone-manager-1.3.0-SNAPSHOT.jar:?]
	at org.apache.hadoop.ozone.protocol.proto.OzoneManagerProtocolProtos$OzoneManagerService$2.callBlockingMethod(OzoneManagerProtocolProtos.java) [ozone-interface-client-1.3.0-SNAPSHOT.jar:?]
	at org.apache.hadoop.ipc.ProtobufRpcEngine$Server.processCall(ProtobufRpcEngine.java:466) [hadoop-common-3.3.1.jar:?]
	at org.apache.hadoop.ipc.ProtobufRpcEngine2$Server$ProtoBufRpcInvoker.call(ProtobufRpcEngine2.java:574) [hadoop-common-3.3.1.jar:?]
	at org.apache.hadoop.ipc.ProtobufRpcEngine2$Server$ProtoBufRpcInvoker.call(ProtobufRpcEngine2.java:552) [hadoop-common-3.3.1.jar:?]
	at org.apache.hadoop.ipc.RPC$Server.call(RPC.java:1093) [hadoop-common-3.3.1.jar:?]
	at org.apache.hadoop.ipc.Server$RpcCall.run(Server.java:1035) [hadoop-common-3.3.1.jar:?]
	at org.apache.hadoop.ipc.Server$RpcCall.run(Server.java:963) [hadoop-common-3.3.1.jar:?]
	at java.security.AccessController.doPrivileged(Native Method) ~[?:1.8.0_322]
	at javax.security.auth.Subject.doAs(Subject.java:422) [?:1.8.0_322]
	at org.apache.hadoop.security.UserGroupInformation.doAs(UserGroupInformation.java:1878) [hadoop-common-3.3.1.jar:?]
	at org.apache.hadoop.ipc.Server$Handler.run(Server.java:2966) [hadoop-common-3.3.1.jar:?]
2022-05-04 03:18:07,535 [Time-limited test] INFO  fs.TrashPolicyDefault (TrashPolicyDefault.java:moveToTrash(188)) - Moved: '/volume89804/bucket35887/testKey2' to trash at: ofs:/volume89804/bucket35887/.Trash/runner/Current/volume89804/bucket35887/testKey2
03:18:07.545 [IPC Server handler 7 on default port 33661] ERROR OMAudit - user=runner | ip=127.0.0.1 | op=GET_FILE_STATUS {volume=volume89804, bucket=bucket35887, key=.Trash/runner/Current, dataSize=0, replicationConfig=null} | ret=FAILURE
org.apache.hadoop.ozone.om.exceptions.OMException: Unable to get file status: volume: volume89804 bucket: bucket35887 key: .Trash/runner/Current
	at org.apache.hadoop.ozone.om.KeyManagerImpl.getOzoneFileStatus(KeyManagerImpl.java:1280) ~[ozone-manager-1.3.0-SNAPSHOT.jar:?]
	at org.apache.hadoop.ozone.om.KeyManagerImpl.getFileStatus(KeyManagerImpl.java:1210) ~[ozone-manager-1.3.0-SNAPSHOT.jar:?]
	at org.apache.hadoop.ozone.om.OzoneManager.getFileStatus(OzoneManager.java:3067) ~[ozone-manager-1.3.0-SNAPSHOT.jar:?]
	at org.apache.hadoop.ozone.protocolPB.OzoneManagerRequestHandler.getOzoneFileStatus(OzoneManagerRequestHandler.java:670) ~[ozone-manager-1.3.0-SNAPSHOT.jar:?]
	at org.apache.hadoop.ozone.protocolPB.OzoneManagerRequestHandler.handleReadRequest(OzoneManagerRequestHandler.java:201) ~[ozone-manager-1.3.0-SNAPSHOT.jar:?]
	at org.apache.hadoop.ozone.protocolPB.OzoneManagerProtocolServerSideTranslatorPB.submitRequestDirectlyToOM(OzoneManagerProtocolServerSideTranslatorPB.java:271) ~[ozone-manager-1.3.0-SNAPSHOT.jar:?]
	at org.apache.hadoop.ozone.protocolPB.OzoneManagerProtocolServerSideTranslatorPB.processRequest(OzoneManagerProtocolServerSideTranslatorPB.java:195) ~[ozone-manager-1.3.0-SNAPSHOT.jar:?]
	at org.apache.hadoop.hdds.server.OzoneProtocolMessageDispatcher.processRequest(OzoneProtocolMessageDispatcher.java:87) [hdds-server-framework-1.3.0-SNAPSHOT.jar:?]
	at org.apache.hadoop.ozone.protocolPB.OzoneManagerProtocolServerSideTranslatorPB.submitRequest(OzoneManagerProtocolServerSideTranslatorPB.java:146) [ozone-manager-1.3.0-SNAPSHOT.jar:?]
	at org.apache.hadoop.ozone.protocol.proto.OzoneManagerProtocolProtos$OzoneManagerService$2.callBlockingMethod(OzoneManagerProtocolProtos.java) [ozone-interface-client-1.3.0-SNAPSHOT.jar:?]
	at org.apache.hadoop.ipc.ProtobufRpcEngine$Server.processCall(ProtobufRpcEngine.java:466) [hadoop-common-3.3.1.jar:?]
	at org.apache.hadoop.ipc.ProtobufRpcEngine2$Server$ProtoBufRpcInvoker.call(ProtobufRpcEngine2.java:574) [hadoop-common-3.3.1.jar:?]
	at org.apache.hadoop.ipc.ProtobufRpcEngine2$Server$ProtoBufRpcInvoker.call(ProtobufRpcEngine2.java:552) [hadoop-common-3.3.1.jar:?]
	at org.apache.hadoop.ipc.RPC$Server.call(RPC.java:1093) [hadoop-common-3.3.1.jar:?]
	at org.apache.hadoop.ipc.Server$RpcCall.run(Server.java:1035) [hadoop-common-3.3.1.jar:?]
	at org.apache.hadoop.ipc.Server$RpcCall.run(Server.java:963) [hadoop-common-3.3.1.jar:?]
	at java.security.AccessController.doPrivileged(Native Method) ~[?:1.8.0_322]
	at javax.security.auth.Subject.doAs(Subject.java:422) [?:1.8.0_322]
	at org.apache.hadoop.security.UserGroupInformation.doAs(UserGroupInformation.java:1878) [hadoop-common-3.3.1.jar:?]
	at org.apache.hadoop.ipc.Server$Handler.run(Server.java:2966) [hadoop-common-3.3.1.jar:?]
]]></system-out>
  </testcase>
  <testcase name="testMkdirOnNonExistentVolumeBucketDir" classname="TestRootedOzoneFileSystem" time="0">
    <skipped type="org.junit.AssumptionViolatedException"><![CDATA[org.junit.AssumptionViolatedException: FS Path is enabled. Skipping this test as it is not tuned for FS Path yet
	at org.junit.Assume.assumeTrue(Assume.java:68)
	at org.apache.hadoop.fs.ozone.TestRootedOzoneFileSystem.testMkdirOnNonExistentVolumeBucketDir(TestRootedOzoneFileSystem.java:419)
	at sun.reflect.NativeMethodAccessorImpl.invoke0(Native Method)
	at sun.reflect.NativeMethodAccessorImpl.invoke(NativeMethodAccessorImpl.java:62)
	at sun.reflect.DelegatingMethodAccessorImpl.invoke(DelegatingMethodAccessorImpl.java:43)
	at java.lang.reflect.Method.invoke(Method.java:498)
	at org.junit.runners.model.FrameworkMethod$1.runReflectiveCall(FrameworkMethod.java:59)
	at org.junit.internal.runners.model.ReflectiveCallable.run(ReflectiveCallable.java:12)
	at org.junit.runners.model.FrameworkMethod.invokeExplosively(FrameworkMethod.java:56)
	at org.junit.internal.runners.statements.InvokeMethod.evaluate(InvokeMethod.java:17)
	at org.junit.internal.runners.statements.RunBefores.evaluate(RunBefores.java:26)
	at org.junit.internal.runners.statements.RunAfters.evaluate(RunAfters.java:27)
	at org.junit.internal.runners.statements.FailOnTimeout$CallableStatement.call(FailOnTimeout.java:288)
	at org.junit.internal.runners.statements.FailOnTimeout$CallableStatement.call(FailOnTimeout.java:282)
	at java.util.concurrent.FutureTask.run(FutureTask.java:266)
	at java.lang.Thread.run(Thread.java:750)
]]></skipped>
    <system-out><![CDATA[2022-05-04 03:12:34,640 [Time-limited test] INFO  rpc.RpcClient (RpcClient.java:createVolume(448)) - Creating Volume: volume31165, with user03969 as owner and space quota set to -1 bytes, counts quota set to -1
2022-05-04 03:12:34,644 [OM StateMachine ApplyTransaction Thread - 0] INFO  volume.OMVolumeCreateRequest (OMVolumeCreateRequest.java:validateAndUpdateCache(195)) - created volume:volume31165 for user:user03969
2022-05-04 03:12:34,646 [Time-limited test] INFO  rpc.RpcClient (RpcClient.java:createBucket(637)) - Creating Bucket: volume31165/bucket01204, with runner as owner and Versioning false and Storage Type set to DISK and Encryption set to false 
2022-05-04 03:12:34,648 [OM StateMachine ApplyTransaction Thread - 0] INFO  bucket.OMBucketCreateRequest (OMBucketCreateRequest.java:validateAndUpdateCache(258)) - created bucket: bucket01204 of layout LEGACY in volume: volume31165
]]></system-out>
  </testcase>
  <testcase name="testMkdirOnNonExistentVolumeBucketDir" classname="TestRootedOzoneFileSystem" time="0">
    <skipped type="org.junit.AssumptionViolatedException"><![CDATA[org.junit.AssumptionViolatedException: FS Path is enabled. Skipping this test as it is not tuned for FS Path yet
	at org.junit.Assume.assumeTrue(Assume.java:68)
	at org.apache.hadoop.fs.ozone.TestRootedOzoneFileSystem.testMkdirOnNonExistentVolumeBucketDir(TestRootedOzoneFileSystem.java:419)
	at sun.reflect.NativeMethodAccessorImpl.invoke0(Native Method)
	at sun.reflect.NativeMethodAccessorImpl.invoke(NativeMethodAccessorImpl.java:62)
	at sun.reflect.DelegatingMethodAccessorImpl.invoke(DelegatingMethodAccessorImpl.java:43)
	at java.lang.reflect.Method.invoke(Method.java:498)
	at org.junit.runners.model.FrameworkMethod$1.runReflectiveCall(FrameworkMethod.java:59)
	at org.junit.internal.runners.model.ReflectiveCallable.run(ReflectiveCallable.java:12)
	at org.junit.runners.model.FrameworkMethod.invokeExplosively(FrameworkMethod.java:56)
	at org.junit.internal.runners.statements.InvokeMethod.evaluate(InvokeMethod.java:17)
	at org.junit.internal.runners.statements.RunBefores.evaluate(RunBefores.java:26)
	at org.junit.internal.runners.statements.RunAfters.evaluate(RunAfters.java:27)
	at org.junit.internal.runners.statements.FailOnTimeout$CallableStatement.call(FailOnTimeout.java:288)
	at org.junit.internal.runners.statements.FailOnTimeout$CallableStatement.call(FailOnTimeout.java:282)
	at java.util.concurrent.FutureTask.run(FutureTask.java:266)
	at java.lang.Thread.run(Thread.java:750)
]]></skipped>
    <system-out><![CDATA[2022-05-04 03:13:56,474 [Time-limited test] INFO  rpc.RpcClient (RpcClient.java:createVolume(448)) - Creating Volume: volume93571, with user72114 as owner and space quota set to -1 bytes, counts quota set to -1
2022-05-04 03:13:56,476 [OM StateMachine ApplyTransaction Thread - 0] INFO  volume.OMVolumeCreateRequest (OMVolumeCreateRequest.java:validateAndUpdateCache(195)) - created volume:volume93571 for user:user72114
2022-05-04 03:13:56,482 [Time-limited test] INFO  rpc.RpcClient (RpcClient.java:createBucket(637)) - Creating Bucket: volume93571/bucket57694, with runner as owner and Versioning false and Storage Type set to DISK and Encryption set to false 
2022-05-04 03:13:56,484 [OM StateMachine ApplyTransaction Thread - 0] INFO  bucket.OMBucketCreateRequest (OMBucketCreateRequest.java:validateAndUpdateCache(258)) - created bucket: bucket57694 of layout LEGACY in volume: volume93571
]]></system-out>
  </testcase>
  <testcase name="testMkdirOnNonExistentVolumeBucketDir" classname="TestRootedOzoneFileSystem" time="0">
    <skipped type="org.junit.AssumptionViolatedException"><![CDATA[org.junit.AssumptionViolatedException: FS Path is enabled. Skipping this test as it is not tuned for FS Path yet
	at org.junit.Assume.assumeTrue(Assume.java:68)
	at org.apache.hadoop.fs.ozone.TestRootedOzoneFileSystem.testMkdirOnNonExistentVolumeBucketDir(TestRootedOzoneFileSystem.java:419)
	at sun.reflect.NativeMethodAccessorImpl.invoke0(Native Method)
	at sun.reflect.NativeMethodAccessorImpl.invoke(NativeMethodAccessorImpl.java:62)
	at sun.reflect.DelegatingMethodAccessorImpl.invoke(DelegatingMethodAccessorImpl.java:43)
	at java.lang.reflect.Method.invoke(Method.java:498)
	at org.junit.runners.model.FrameworkMethod$1.runReflectiveCall(FrameworkMethod.java:59)
	at org.junit.internal.runners.model.ReflectiveCallable.run(ReflectiveCallable.java:12)
	at org.junit.runners.model.FrameworkMethod.invokeExplosively(FrameworkMethod.java:56)
	at org.junit.internal.runners.statements.InvokeMethod.evaluate(InvokeMethod.java:17)
	at org.junit.internal.runners.statements.RunBefores.evaluate(RunBefores.java:26)
	at org.junit.internal.runners.statements.RunAfters.evaluate(RunAfters.java:27)
	at org.junit.internal.runners.statements.FailOnTimeout$CallableStatement.call(FailOnTimeout.java:288)
	at org.junit.internal.runners.statements.FailOnTimeout$CallableStatement.call(FailOnTimeout.java:282)
	at java.util.concurrent.FutureTask.run(FutureTask.java:266)
	at java.lang.Thread.run(Thread.java:750)
]]></skipped>
    <system-out><![CDATA[2022-05-04 03:15:12,268 [Time-limited test] INFO  rpc.RpcClient (RpcClient.java:createVolume(448)) - Creating Volume: volume11941, with user52347 as owner and space quota set to -1 bytes, counts quota set to -1
2022-05-04 03:15:12,269 [IPC Server handler 14 on default port 33297] INFO  volume.OMVolumeCreateRequest (OMVolumeCreateRequest.java:validateAndUpdateCache(195)) - created volume:volume11941 for user:user52347
2022-05-04 03:15:12,286 [Time-limited test] INFO  rpc.RpcClient (RpcClient.java:createBucket(637)) - Creating Bucket: volume11941/bucket24772, with runner as owner and Versioning false and Storage Type set to DISK and Encryption set to false 
2022-05-04 03:15:12,287 [IPC Server handler 17 on default port 33297] INFO  bucket.OMBucketCreateRequest (OMBucketCreateRequest.java:validateAndUpdateCache(258)) - created bucket: bucket24772 of layout LEGACY in volume: volume11941
]]></system-out>
  </testcase>
  <testcase name="testMkdirOnNonExistentVolumeBucketDir" classname="TestRootedOzoneFileSystem" time="0.256">
    <system-out><![CDATA[2022-05-04 03:16:35,348 [Time-limited test] INFO  rpc.RpcClient (RpcClient.java:createVolume(448)) - Creating Volume: volume74978, with user19505 as owner and space quota set to -1 bytes, counts quota set to -1
2022-05-04 03:16:35,351 [OM StateMachine ApplyTransaction Thread - 0] INFO  volume.OMVolumeCreateRequest (OMVolumeCreateRequest.java:validateAndUpdateCache(195)) - created volume:volume74978 for user:user19505
2022-05-04 03:16:35,357 [Time-limited test] INFO  rpc.RpcClient (RpcClient.java:createBucket(637)) - Creating Bucket: volume74978/bucket59770, with runner as owner and Versioning false and Storage Type set to DISK and Encryption set to false 
2022-05-04 03:16:35,359 [OM StateMachine ApplyTransaction Thread - 0] INFO  bucket.OMBucketCreateRequest (OMBucketCreateRequest.java:validateAndUpdateCache(258)) - created bucket: bucket59770 of layout LEGACY in volume: volume74978
03:16:35.389 [IPC Server handler 15 on default port 37999] ERROR OMAudit - user=runner | ip=127.0.0.1 | op=READ_BUCKET {volume=volume-27142, bucket=bucket-22592} | ret=FAILURE
org.apache.hadoop.ozone.om.exceptions.OMException: Volume not found when getting bucket info
	at org.apache.hadoop.ozone.om.BucketManagerImpl.getBucketInfo(BucketManagerImpl.java:127) ~[ozone-manager-1.3.0-SNAPSHOT.jar:?]
	at org.apache.hadoop.ozone.om.OzoneManager.getBucketInfo(OzoneManager.java:2686) ~[ozone-manager-1.3.0-SNAPSHOT.jar:?]
	at org.apache.hadoop.ozone.protocolPB.OzoneManagerRequestHandler.infoBucket(OzoneManagerRequestHandler.java:382) ~[ozone-manager-1.3.0-SNAPSHOT.jar:?]
	at org.apache.hadoop.ozone.protocolPB.OzoneManagerRequestHandler.handleReadRequest(OzoneManagerRequestHandler.java:156) ~[ozone-manager-1.3.0-SNAPSHOT.jar:?]
	at org.apache.hadoop.ozone.protocolPB.OzoneManagerProtocolServerSideTranslatorPB.submitReadRequestToOM(OzoneManagerProtocolServerSideTranslatorPB.java:213) ~[ozone-manager-1.3.0-SNAPSHOT.jar:?]
	at org.apache.hadoop.ozone.protocolPB.OzoneManagerProtocolServerSideTranslatorPB.processRequest(OzoneManagerProtocolServerSideTranslatorPB.java:174) ~[ozone-manager-1.3.0-SNAPSHOT.jar:?]
	at org.apache.hadoop.hdds.server.OzoneProtocolMessageDispatcher.processRequest(OzoneProtocolMessageDispatcher.java:87) [hdds-server-framework-1.3.0-SNAPSHOT.jar:?]
	at org.apache.hadoop.ozone.protocolPB.OzoneManagerProtocolServerSideTranslatorPB.submitRequest(OzoneManagerProtocolServerSideTranslatorPB.java:146) [ozone-manager-1.3.0-SNAPSHOT.jar:?]
	at org.apache.hadoop.ozone.protocol.proto.OzoneManagerProtocolProtos$OzoneManagerService$2.callBlockingMethod(OzoneManagerProtocolProtos.java) [ozone-interface-client-1.3.0-SNAPSHOT.jar:?]
	at org.apache.hadoop.ipc.ProtobufRpcEngine$Server.processCall(ProtobufRpcEngine.java:466) [hadoop-common-3.3.1.jar:?]
	at org.apache.hadoop.ipc.ProtobufRpcEngine2$Server$ProtoBufRpcInvoker.call(ProtobufRpcEngine2.java:574) [hadoop-common-3.3.1.jar:?]
	at org.apache.hadoop.ipc.ProtobufRpcEngine2$Server$ProtoBufRpcInvoker.call(ProtobufRpcEngine2.java:552) [hadoop-common-3.3.1.jar:?]
	at org.apache.hadoop.ipc.RPC$Server.call(RPC.java:1093) [hadoop-common-3.3.1.jar:?]
	at org.apache.hadoop.ipc.Server$RpcCall.run(Server.java:1035) [hadoop-common-3.3.1.jar:?]
	at org.apache.hadoop.ipc.Server$RpcCall.run(Server.java:963) [hadoop-common-3.3.1.jar:?]
	at java.security.AccessController.doPrivileged(Native Method) ~[?:1.8.0_322]
	at javax.security.auth.Subject.doAs(Subject.java:422) [?:1.8.0_322]
	at org.apache.hadoop.security.UserGroupInformation.doAs(UserGroupInformation.java:1878) [hadoop-common-3.3.1.jar:?]
	at org.apache.hadoop.ipc.Server$Handler.run(Server.java:2966) [hadoop-common-3.3.1.jar:?]
2022-05-04 03:16:35,390 [Time-limited test] INFO  rpc.RpcClient (RpcClient.java:createVolume(448)) - Creating Volume: volume-27142, with runner as owner and space quota set to -1 bytes, counts quota set to -1
2022-05-04 03:16:35,392 [OM StateMachine ApplyTransaction Thread - 0] INFO  volume.OMVolumeCreateRequest (OMVolumeCreateRequest.java:validateAndUpdateCache(195)) - created volume:volume-27142 for user:runner
2022-05-04 03:16:35,393 [Time-limited test] INFO  rpc.RpcClient (RpcClient.java:createBucket(637)) - Creating Bucket: volume-27142/bucket-22592, with runner as owner and Versioning false and Storage Type set to DISK and Encryption set to false 
2022-05-04 03:16:35,399 [OM StateMachine ApplyTransaction Thread - 0] INFO  bucket.OMBucketCreateRequest (OMBucketCreateRequest.java:validateAndUpdateCache(258)) - created bucket: bucket-22592 of layout LEGACY in volume: volume-27142
]]></system-out>
  </testcase>
  <testcase name="testMkdirOnNonExistentVolumeBucketDir" classname="TestRootedOzoneFileSystem" time="0.346">
    <system-out><![CDATA[2022-05-04 03:18:07,754 [Time-limited test] INFO  rpc.RpcClient (RpcClient.java:createVolume(448)) - Creating Volume: volume56522, with user79405 as owner and space quota set to -1 bytes, counts quota set to -1
2022-05-04 03:18:07,756 [IPC Server handler 8 on default port 33661] INFO  volume.OMVolumeCreateRequest (OMVolumeCreateRequest.java:validateAndUpdateCache(195)) - created volume:volume56522 for user:user79405
2022-05-04 03:18:07,765 [Time-limited test] INFO  rpc.RpcClient (RpcClient.java:createBucket(637)) - Creating Bucket: volume56522/bucket97191, with runner as owner and Versioning false and Storage Type set to DISK and Encryption set to false 
2022-05-04 03:18:07,767 [IPC Server handler 17 on default port 33661] INFO  bucket.OMBucketCreateRequest (OMBucketCreateRequest.java:validateAndUpdateCache(258)) - created bucket: bucket97191 of layout LEGACY in volume: volume56522
03:18:07.774 [IPC Server handler 13 on default port 33661] ERROR OMAudit - user=runner | ip=127.0.0.1 | op=READ_BUCKET {volume=volume-75613, bucket=bucket-35223} | ret=FAILURE
org.apache.hadoop.ozone.om.exceptions.OMException: Volume not found when getting bucket info
	at org.apache.hadoop.ozone.om.BucketManagerImpl.getBucketInfo(BucketManagerImpl.java:127) ~[ozone-manager-1.3.0-SNAPSHOT.jar:?]
	at org.apache.hadoop.ozone.om.OzoneManager.getBucketInfo(OzoneManager.java:2686) ~[ozone-manager-1.3.0-SNAPSHOT.jar:?]
	at org.apache.hadoop.ozone.protocolPB.OzoneManagerRequestHandler.infoBucket(OzoneManagerRequestHandler.java:382) ~[ozone-manager-1.3.0-SNAPSHOT.jar:?]
	at org.apache.hadoop.ozone.protocolPB.OzoneManagerRequestHandler.handleReadRequest(OzoneManagerRequestHandler.java:156) ~[ozone-manager-1.3.0-SNAPSHOT.jar:?]
	at org.apache.hadoop.ozone.protocolPB.OzoneManagerProtocolServerSideTranslatorPB.submitRequestDirectlyToOM(OzoneManagerProtocolServerSideTranslatorPB.java:271) ~[ozone-manager-1.3.0-SNAPSHOT.jar:?]
	at org.apache.hadoop.ozone.protocolPB.OzoneManagerProtocolServerSideTranslatorPB.processRequest(OzoneManagerProtocolServerSideTranslatorPB.java:195) ~[ozone-manager-1.3.0-SNAPSHOT.jar:?]
	at org.apache.hadoop.hdds.server.OzoneProtocolMessageDispatcher.processRequest(OzoneProtocolMessageDispatcher.java:87) [hdds-server-framework-1.3.0-SNAPSHOT.jar:?]
	at org.apache.hadoop.ozone.protocolPB.OzoneManagerProtocolServerSideTranslatorPB.submitRequest(OzoneManagerProtocolServerSideTranslatorPB.java:146) [ozone-manager-1.3.0-SNAPSHOT.jar:?]
	at org.apache.hadoop.ozone.protocol.proto.OzoneManagerProtocolProtos$OzoneManagerService$2.callBlockingMethod(OzoneManagerProtocolProtos.java) [ozone-interface-client-1.3.0-SNAPSHOT.jar:?]
	at org.apache.hadoop.ipc.ProtobufRpcEngine$Server.processCall(ProtobufRpcEngine.java:466) [hadoop-common-3.3.1.jar:?]
	at org.apache.hadoop.ipc.ProtobufRpcEngine2$Server$ProtoBufRpcInvoker.call(ProtobufRpcEngine2.java:574) [hadoop-common-3.3.1.jar:?]
	at org.apache.hadoop.ipc.ProtobufRpcEngine2$Server$ProtoBufRpcInvoker.call(ProtobufRpcEngine2.java:552) [hadoop-common-3.3.1.jar:?]
	at org.apache.hadoop.ipc.RPC$Server.call(RPC.java:1093) [hadoop-common-3.3.1.jar:?]
	at org.apache.hadoop.ipc.Server$RpcCall.run(Server.java:1035) [hadoop-common-3.3.1.jar:?]
	at org.apache.hadoop.ipc.Server$RpcCall.run(Server.java:963) [hadoop-common-3.3.1.jar:?]
	at java.security.AccessController.doPrivileged(Native Method) ~[?:1.8.0_322]
	at javax.security.auth.Subject.doAs(Subject.java:422) [?:1.8.0_322]
	at org.apache.hadoop.security.UserGroupInformation.doAs(UserGroupInformation.java:1878) [hadoop-common-3.3.1.jar:?]
	at org.apache.hadoop.ipc.Server$Handler.run(Server.java:2966) [hadoop-common-3.3.1.jar:?]
2022-05-04 03:18:07,775 [Time-limited test] INFO  rpc.RpcClient (RpcClient.java:createVolume(448)) - Creating Volume: volume-75613, with runner as owner and space quota set to -1 bytes, counts quota set to -1
2022-05-04 03:18:07,779 [IPC Server handler 14 on default port 33661] INFO  volume.OMVolumeCreateRequest (OMVolumeCreateRequest.java:validateAndUpdateCache(195)) - created volume:volume-75613 for user:runner
2022-05-04 03:18:07,782 [Time-limited test] INFO  rpc.RpcClient (RpcClient.java:createBucket(637)) - Creating Bucket: volume-75613/bucket-35223, with runner as owner and Versioning false and Storage Type set to DISK and Encryption set to false 
2022-05-04 03:18:07,783 [IPC Server handler 2 on default port 33661] INFO  bucket.OMBucketCreateRequest (OMBucketCreateRequest.java:validateAndUpdateCache(258)) - created bucket: bucket-35223 of layout LEGACY in volume: volume-75613
]]></system-out>
  </testcase>
  <testcase name="testListStatusOnLargeDirectory" classname="TestRootedOzoneFileSystem" time="17.375">
    <system-out><![CDATA[2022-05-04 03:12:34,728 [Time-limited test] INFO  rpc.RpcClient (RpcClient.java:createVolume(448)) - Creating Volume: volume61180, with user79088 as owner and space quota set to -1 bytes, counts quota set to -1
2022-05-04 03:12:34,731 [OM StateMachine ApplyTransaction Thread - 0] INFO  volume.OMVolumeCreateRequest (OMVolumeCreateRequest.java:validateAndUpdateCache(195)) - created volume:volume61180 for user:user79088
2022-05-04 03:12:34,733 [Time-limited test] INFO  rpc.RpcClient (RpcClient.java:createBucket(637)) - Creating Bucket: volume61180/bucket52928, with runner as owner and Versioning false and Storage Type set to DISK and Encryption set to false 
2022-05-04 03:12:34,735 [OM StateMachine ApplyTransaction Thread - 0] INFO  bucket.OMBucketCreateRequest (OMBucketCreateRequest.java:validateAndUpdateCache(258)) - created bucket: bucket52928 of layout LEGACY in volume: volume61180
2022-05-04 03:12:36,104 [e24c98b1-b028-4277-b303-73506c407d4f@group-8C5B1516469D-FollowerState] INFO  impl.FollowerState (FollowerState.java:run(134)) - e24c98b1-b028-4277-b303-73506c407d4f@group-8C5B1516469D-FollowerState: change to CANDIDATE, lastRpcElapsedTime:5055015653ns, electionTimeout:5054ms
2022-05-04 03:12:36,104 [e24c98b1-b028-4277-b303-73506c407d4f@group-8C5B1516469D-FollowerState] INFO  impl.RoleInfo (RoleInfo.java:shutdownFollowerState(108)) - e24c98b1-b028-4277-b303-73506c407d4f: shutdown e24c98b1-b028-4277-b303-73506c407d4f@group-8C5B1516469D-FollowerState
2022-05-04 03:12:36,104 [e24c98b1-b028-4277-b303-73506c407d4f@group-8C5B1516469D-FollowerState] INFO  server.RaftServer$Division (RaftServerImpl.java:setRole(290)) - e24c98b1-b028-4277-b303-73506c407d4f@group-8C5B1516469D: changes role from  FOLLOWER to CANDIDATE at term 2 for changeToCandidate
2022-05-04 03:12:36,104 [e24c98b1-b028-4277-b303-73506c407d4f@group-8C5B1516469D-FollowerState] INFO  server.RaftServerConfigKeys (ConfUtils.java:logGet(44)) - raft.server.leaderelection.pre-vote = false (custom)
2022-05-04 03:12:36,104 [e24c98b1-b028-4277-b303-73506c407d4f@group-8C5B1516469D-FollowerState] INFO  impl.RoleInfo (RoleInfo.java:updateAndGet(130)) - e24c98b1-b028-4277-b303-73506c407d4f: start e24c98b1-b028-4277-b303-73506c407d4f@group-8C5B1516469D-LeaderElection11
2022-05-04 03:12:36,160 [e24c98b1-b028-4277-b303-73506c407d4f@group-8C5B1516469D-LeaderElection11] INFO  impl.LeaderElection (LeaderElection.java:askForVotes(306)) - e24c98b1-b028-4277-b303-73506c407d4f@group-8C5B1516469D-LeaderElection11 ELECTION round 0: submit vote requests at term 3 for -1: [b9a08944-19c1-40d4-9246-1b7a50d62b45|rpc:10.1.0.22:41135|priority:0, 4b39aedb-a905-4bcc-a0b6-39bcb2a8de85|rpc:10.1.0.22:36309|priority:1, e24c98b1-b028-4277-b303-73506c407d4f|rpc:10.1.0.22:45653|priority:0], old=null
2022-05-04 03:12:36,167 [grpc-default-executor-0] INFO  server.RaftServer$Division (RaftServerImpl.java:requestVote(1046)) - b9a08944-19c1-40d4-9246-1b7a50d62b45@group-8C5B1516469D: receive requestVote(ELECTION, e24c98b1-b028-4277-b303-73506c407d4f, group-8C5B1516469D, 3, (t:0, i:0))
2022-05-04 03:12:36,167 [grpc-default-executor-0] INFO  impl.VoteContext (VoteContext.java:log(48)) - b9a08944-19c1-40d4-9246-1b7a50d62b45@group-8C5B1516469D-FOLLOWER: accept ELECTION from e24c98b1-b028-4277-b303-73506c407d4f: our priority 0 <= candidate's priority 0
2022-05-04 03:12:36,167 [grpc-default-executor-0] INFO  server.RaftServer$Division (RaftServerImpl.java:setRole(290)) - b9a08944-19c1-40d4-9246-1b7a50d62b45@group-8C5B1516469D: changes role from  FOLLOWER to FOLLOWER at term 3 for candidate:e24c98b1-b028-4277-b303-73506c407d4f
2022-05-04 03:12:36,167 [grpc-default-executor-0] INFO  impl.RoleInfo (RoleInfo.java:shutdownFollowerState(108)) - b9a08944-19c1-40d4-9246-1b7a50d62b45: shutdown b9a08944-19c1-40d4-9246-1b7a50d62b45@group-8C5B1516469D-FollowerState
2022-05-04 03:12:36,167 [grpc-default-executor-0] INFO  impl.RoleInfo (RoleInfo.java:updateAndGet(130)) - b9a08944-19c1-40d4-9246-1b7a50d62b45: start b9a08944-19c1-40d4-9246-1b7a50d62b45@group-8C5B1516469D-FollowerState
2022-05-04 03:12:36,167 [b9a08944-19c1-40d4-9246-1b7a50d62b45@group-8C5B1516469D-FollowerState] INFO  impl.FollowerState (FollowerState.java:run(143)) - b9a08944-19c1-40d4-9246-1b7a50d62b45@group-8C5B1516469D-FollowerState was interrupted: {}
java.lang.InterruptedException: sleep interrupted
	at java.lang.Thread.sleep(Native Method)
	at java.lang.Thread.sleep(Thread.java:342)
	at java.util.concurrent.TimeUnit.sleep(TimeUnit.java:386)
	at org.apache.ratis.util.TimeDuration.sleep(TimeDuration.java:324)
	at org.apache.ratis.util.TimeDuration.sleep(TimeDuration.java:309)
	at org.apache.ratis.server.impl.FollowerState.run(FollowerState.java:118)
2022-05-04 03:12:36,173 [grpc-default-executor-0] INFO  server.RaftServer$Division (RaftServerImpl.java:requestVote(1078)) - b9a08944-19c1-40d4-9246-1b7a50d62b45@group-8C5B1516469D replies to ELECTION vote request: e24c98b1-b028-4277-b303-73506c407d4f<-b9a08944-19c1-40d4-9246-1b7a50d62b45#0:OK-t3. Peer's state: b9a08944-19c1-40d4-9246-1b7a50d62b45@group-8C5B1516469D:t3, leader=null, voted=e24c98b1-b028-4277-b303-73506c407d4f, raftlog=b9a08944-19c1-40d4-9246-1b7a50d62b45@group-8C5B1516469D-SegmentedRaftLog:OPENED:c-1, conf=-1: [b9a08944-19c1-40d4-9246-1b7a50d62b45|rpc:10.1.0.22:41135|priority:0, 4b39aedb-a905-4bcc-a0b6-39bcb2a8de85|rpc:10.1.0.22:36309|priority:1, e24c98b1-b028-4277-b303-73506c407d4f|rpc:10.1.0.22:45653|priority:0], old=null
2022-05-04 03:12:36,175 [grpc-default-executor-2] INFO  server.RaftServer$Division (RaftServerImpl.java:requestVote(1046)) - 4b39aedb-a905-4bcc-a0b6-39bcb2a8de85@group-8C5B1516469D: receive requestVote(ELECTION, e24c98b1-b028-4277-b303-73506c407d4f, group-8C5B1516469D, 3, (t:0, i:0))
2022-05-04 03:12:36,175 [grpc-default-executor-2] INFO  impl.VoteContext (VoteContext.java:log(48)) - 4b39aedb-a905-4bcc-a0b6-39bcb2a8de85@group-8C5B1516469D-FOLLOWER: reject ELECTION from e24c98b1-b028-4277-b303-73506c407d4f: our priority 1 > candidate's priority 0
2022-05-04 03:12:36,175 [grpc-default-executor-2] INFO  server.RaftServer$Division (RaftServerImpl.java:setRole(290)) - 4b39aedb-a905-4bcc-a0b6-39bcb2a8de85@group-8C5B1516469D: changes role from  FOLLOWER to FOLLOWER at term 3 for candidate:e24c98b1-b028-4277-b303-73506c407d4f
2022-05-04 03:12:36,175 [grpc-default-executor-2] INFO  impl.RoleInfo (RoleInfo.java:shutdownFollowerState(108)) - 4b39aedb-a905-4bcc-a0b6-39bcb2a8de85: shutdown 4b39aedb-a905-4bcc-a0b6-39bcb2a8de85@group-8C5B1516469D-FollowerState
2022-05-04 03:12:36,176 [grpc-default-executor-2] INFO  impl.RoleInfo (RoleInfo.java:updateAndGet(130)) - 4b39aedb-a905-4bcc-a0b6-39bcb2a8de85: start 4b39aedb-a905-4bcc-a0b6-39bcb2a8de85@group-8C5B1516469D-FollowerState
2022-05-04 03:12:36,176 [4b39aedb-a905-4bcc-a0b6-39bcb2a8de85@group-8C5B1516469D-FollowerState] INFO  impl.FollowerState (FollowerState.java:run(143)) - 4b39aedb-a905-4bcc-a0b6-39bcb2a8de85@group-8C5B1516469D-FollowerState was interrupted: {}
java.lang.InterruptedException: sleep interrupted
	at java.lang.Thread.sleep(Native Method)
	at java.lang.Thread.sleep(Thread.java:342)
	at java.util.concurrent.TimeUnit.sleep(TimeUnit.java:386)
	at org.apache.ratis.util.TimeDuration.sleep(TimeDuration.java:324)
	at org.apache.ratis.util.TimeDuration.sleep(TimeDuration.java:309)
	at org.apache.ratis.server.impl.FollowerState.run(FollowerState.java:118)
2022-05-04 03:12:36,178 [grpc-default-executor-2] INFO  server.RaftServer$Division (RaftServerImpl.java:requestVote(1078)) - 4b39aedb-a905-4bcc-a0b6-39bcb2a8de85@group-8C5B1516469D replies to ELECTION vote request: e24c98b1-b028-4277-b303-73506c407d4f<-4b39aedb-a905-4bcc-a0b6-39bcb2a8de85#0:FAIL-t3. Peer's state: 4b39aedb-a905-4bcc-a0b6-39bcb2a8de85@group-8C5B1516469D:t3, leader=null, voted=null, raftlog=4b39aedb-a905-4bcc-a0b6-39bcb2a8de85@group-8C5B1516469D-SegmentedRaftLog:OPENED:c-1, conf=-1: [b9a08944-19c1-40d4-9246-1b7a50d62b45|rpc:10.1.0.22:41135|priority:0, 4b39aedb-a905-4bcc-a0b6-39bcb2a8de85|rpc:10.1.0.22:36309|priority:1, e24c98b1-b028-4277-b303-73506c407d4f|rpc:10.1.0.22:45653|priority:0], old=null
2022-05-04 03:12:36,180 [e24c98b1-b028-4277-b303-73506c407d4f@group-8C5B1516469D-LeaderElection11] INFO  impl.LeaderElection (LeaderElection.java:logAndReturn(89)) - e24c98b1-b028-4277-b303-73506c407d4f@group-8C5B1516469D-LeaderElection11: ELECTION REJECTED received 2 response(s) and 0 exception(s):
2022-05-04 03:12:36,180 [e24c98b1-b028-4277-b303-73506c407d4f@group-8C5B1516469D-LeaderElection11] INFO  impl.LeaderElection (LeaderElection.java:logAndReturn(93)) -   Response 0: e24c98b1-b028-4277-b303-73506c407d4f<-b9a08944-19c1-40d4-9246-1b7a50d62b45#0:OK-t3
2022-05-04 03:12:36,180 [e24c98b1-b028-4277-b303-73506c407d4f@group-8C5B1516469D-LeaderElection11] INFO  impl.LeaderElection (LeaderElection.java:logAndReturn(93)) -   Response 1: e24c98b1-b028-4277-b303-73506c407d4f<-4b39aedb-a905-4bcc-a0b6-39bcb2a8de85#0:FAIL-t3
2022-05-04 03:12:36,180 [e24c98b1-b028-4277-b303-73506c407d4f@group-8C5B1516469D-LeaderElection11] INFO  impl.LeaderElection (LeaderElection.java:askForVotes(308)) - e24c98b1-b028-4277-b303-73506c407d4f@group-8C5B1516469D-LeaderElection11 ELECTION round 0: result REJECTED
2022-05-04 03:12:36,180 [e24c98b1-b028-4277-b303-73506c407d4f@group-8C5B1516469D-LeaderElection11] INFO  server.RaftServer$Division (RaftServerImpl.java:setRole(290)) - e24c98b1-b028-4277-b303-73506c407d4f@group-8C5B1516469D: changes role from CANDIDATE to FOLLOWER at term 3 for REJECTED
2022-05-04 03:12:36,180 [e24c98b1-b028-4277-b303-73506c407d4f@group-8C5B1516469D-LeaderElection11] INFO  impl.RoleInfo (RoleInfo.java:shutdownLeaderElection(121)) - e24c98b1-b028-4277-b303-73506c407d4f: shutdown e24c98b1-b028-4277-b303-73506c407d4f@group-8C5B1516469D-LeaderElection11
2022-05-04 03:12:36,180 [e24c98b1-b028-4277-b303-73506c407d4f@group-8C5B1516469D-LeaderElection11] INFO  impl.RoleInfo (RoleInfo.java:updateAndGet(130)) - e24c98b1-b028-4277-b303-73506c407d4f: start e24c98b1-b028-4277-b303-73506c407d4f@group-8C5B1516469D-FollowerState
2022-05-04 03:12:41,227 [4b39aedb-a905-4bcc-a0b6-39bcb2a8de85@group-8C5B1516469D-FollowerState] INFO  impl.FollowerState (FollowerState.java:run(134)) - 4b39aedb-a905-4bcc-a0b6-39bcb2a8de85@group-8C5B1516469D-FollowerState: change to CANDIDATE, lastRpcElapsedTime:5051039295ns, electionTimeout:5049ms
2022-05-04 03:12:41,227 [4b39aedb-a905-4bcc-a0b6-39bcb2a8de85@group-8C5B1516469D-FollowerState] INFO  impl.RoleInfo (RoleInfo.java:shutdownFollowerState(108)) - 4b39aedb-a905-4bcc-a0b6-39bcb2a8de85: shutdown 4b39aedb-a905-4bcc-a0b6-39bcb2a8de85@group-8C5B1516469D-FollowerState
2022-05-04 03:12:41,227 [4b39aedb-a905-4bcc-a0b6-39bcb2a8de85@group-8C5B1516469D-FollowerState] INFO  server.RaftServer$Division (RaftServerImpl.java:setRole(290)) - 4b39aedb-a905-4bcc-a0b6-39bcb2a8de85@group-8C5B1516469D: changes role from  FOLLOWER to CANDIDATE at term 3 for changeToCandidate
2022-05-04 03:12:41,227 [4b39aedb-a905-4bcc-a0b6-39bcb2a8de85@group-8C5B1516469D-FollowerState] INFO  server.RaftServerConfigKeys (ConfUtils.java:logGet(44)) - raft.server.leaderelection.pre-vote = false (custom)
2022-05-04 03:12:41,227 [4b39aedb-a905-4bcc-a0b6-39bcb2a8de85@group-8C5B1516469D-FollowerState] INFO  impl.RoleInfo (RoleInfo.java:updateAndGet(130)) - 4b39aedb-a905-4bcc-a0b6-39bcb2a8de85: start 4b39aedb-a905-4bcc-a0b6-39bcb2a8de85@group-8C5B1516469D-LeaderElection12
2022-05-04 03:12:41,264 [4b39aedb-a905-4bcc-a0b6-39bcb2a8de85@group-8C5B1516469D-LeaderElection12] INFO  impl.LeaderElection (LeaderElection.java:askForVotes(306)) - 4b39aedb-a905-4bcc-a0b6-39bcb2a8de85@group-8C5B1516469D-LeaderElection12 ELECTION round 0: submit vote requests at term 4 for -1: [b9a08944-19c1-40d4-9246-1b7a50d62b45|rpc:10.1.0.22:41135|priority:0, 4b39aedb-a905-4bcc-a0b6-39bcb2a8de85|rpc:10.1.0.22:36309|priority:1, e24c98b1-b028-4277-b303-73506c407d4f|rpc:10.1.0.22:45653|priority:0], old=null
2022-05-04 03:12:41,296 [grpc-default-executor-2] INFO  server.RaftServer$Division (RaftServerImpl.java:requestVote(1046)) - b9a08944-19c1-40d4-9246-1b7a50d62b45@group-8C5B1516469D: receive requestVote(ELECTION, 4b39aedb-a905-4bcc-a0b6-39bcb2a8de85, group-8C5B1516469D, 4, (t:0, i:0))
2022-05-04 03:12:41,297 [grpc-default-executor-2] INFO  impl.VoteContext (VoteContext.java:log(48)) - b9a08944-19c1-40d4-9246-1b7a50d62b45@group-8C5B1516469D-FOLLOWER: accept ELECTION from 4b39aedb-a905-4bcc-a0b6-39bcb2a8de85: our priority 0 <= candidate's priority 1
2022-05-04 03:12:41,297 [grpc-default-executor-2] INFO  server.RaftServer$Division (RaftServerImpl.java:setRole(290)) - b9a08944-19c1-40d4-9246-1b7a50d62b45@group-8C5B1516469D: changes role from  FOLLOWER to FOLLOWER at term 4 for candidate:4b39aedb-a905-4bcc-a0b6-39bcb2a8de85
2022-05-04 03:12:41,297 [grpc-default-executor-2] INFO  impl.RoleInfo (RoleInfo.java:shutdownFollowerState(108)) - b9a08944-19c1-40d4-9246-1b7a50d62b45: shutdown b9a08944-19c1-40d4-9246-1b7a50d62b45@group-8C5B1516469D-FollowerState
2022-05-04 03:12:41,297 [grpc-default-executor-2] INFO  impl.RoleInfo (RoleInfo.java:updateAndGet(130)) - b9a08944-19c1-40d4-9246-1b7a50d62b45: start b9a08944-19c1-40d4-9246-1b7a50d62b45@group-8C5B1516469D-FollowerState
2022-05-04 03:12:41,297 [b9a08944-19c1-40d4-9246-1b7a50d62b45@group-8C5B1516469D-FollowerState] INFO  impl.FollowerState (FollowerState.java:run(143)) - b9a08944-19c1-40d4-9246-1b7a50d62b45@group-8C5B1516469D-FollowerState was interrupted: {}
java.lang.InterruptedException: sleep interrupted
	at java.lang.Thread.sleep(Native Method)
	at java.lang.Thread.sleep(Thread.java:342)
	at java.util.concurrent.TimeUnit.sleep(TimeUnit.java:386)
	at org.apache.ratis.util.TimeDuration.sleep(TimeDuration.java:324)
	at org.apache.ratis.util.TimeDuration.sleep(TimeDuration.java:309)
	at org.apache.ratis.server.impl.FollowerState.run(FollowerState.java:118)
2022-05-04 03:12:41,305 [grpc-default-executor-0] INFO  server.RaftServer$Division (RaftServerImpl.java:requestVote(1046)) - e24c98b1-b028-4277-b303-73506c407d4f@group-8C5B1516469D: receive requestVote(ELECTION, 4b39aedb-a905-4bcc-a0b6-39bcb2a8de85, group-8C5B1516469D, 4, (t:0, i:0))
2022-05-04 03:12:41,305 [grpc-default-executor-2] INFO  server.RaftServer$Division (RaftServerImpl.java:requestVote(1078)) - b9a08944-19c1-40d4-9246-1b7a50d62b45@group-8C5B1516469D replies to ELECTION vote request: 4b39aedb-a905-4bcc-a0b6-39bcb2a8de85<-b9a08944-19c1-40d4-9246-1b7a50d62b45#0:OK-t4. Peer's state: b9a08944-19c1-40d4-9246-1b7a50d62b45@group-8C5B1516469D:t4, leader=null, voted=4b39aedb-a905-4bcc-a0b6-39bcb2a8de85, raftlog=b9a08944-19c1-40d4-9246-1b7a50d62b45@group-8C5B1516469D-SegmentedRaftLog:OPENED:c-1, conf=-1: [b9a08944-19c1-40d4-9246-1b7a50d62b45|rpc:10.1.0.22:41135|priority:0, 4b39aedb-a905-4bcc-a0b6-39bcb2a8de85|rpc:10.1.0.22:36309|priority:1, e24c98b1-b028-4277-b303-73506c407d4f|rpc:10.1.0.22:45653|priority:0], old=null
2022-05-04 03:12:41,305 [grpc-default-executor-0] INFO  impl.VoteContext (VoteContext.java:log(48)) - e24c98b1-b028-4277-b303-73506c407d4f@group-8C5B1516469D-FOLLOWER: accept ELECTION from 4b39aedb-a905-4bcc-a0b6-39bcb2a8de85: our priority 0 <= candidate's priority 1
2022-05-04 03:12:41,306 [grpc-default-executor-0] INFO  server.RaftServer$Division (RaftServerImpl.java:setRole(290)) - e24c98b1-b028-4277-b303-73506c407d4f@group-8C5B1516469D: changes role from  FOLLOWER to FOLLOWER at term 4 for candidate:4b39aedb-a905-4bcc-a0b6-39bcb2a8de85
2022-05-04 03:12:41,306 [grpc-default-executor-0] INFO  impl.RoleInfo (RoleInfo.java:shutdownFollowerState(108)) - e24c98b1-b028-4277-b303-73506c407d4f: shutdown e24c98b1-b028-4277-b303-73506c407d4f@group-8C5B1516469D-FollowerState
2022-05-04 03:12:41,306 [grpc-default-executor-0] INFO  impl.RoleInfo (RoleInfo.java:updateAndGet(130)) - e24c98b1-b028-4277-b303-73506c407d4f: start e24c98b1-b028-4277-b303-73506c407d4f@group-8C5B1516469D-FollowerState
2022-05-04 03:12:41,306 [e24c98b1-b028-4277-b303-73506c407d4f@group-8C5B1516469D-FollowerState] INFO  impl.FollowerState (FollowerState.java:run(143)) - e24c98b1-b028-4277-b303-73506c407d4f@group-8C5B1516469D-FollowerState was interrupted: {}
java.lang.InterruptedException: sleep interrupted
	at java.lang.Thread.sleep(Native Method)
	at java.lang.Thread.sleep(Thread.java:342)
	at java.util.concurrent.TimeUnit.sleep(TimeUnit.java:386)
	at org.apache.ratis.util.TimeDuration.sleep(TimeDuration.java:324)
	at org.apache.ratis.util.TimeDuration.sleep(TimeDuration.java:309)
	at org.apache.ratis.server.impl.FollowerState.run(FollowerState.java:118)
2022-05-04 03:12:41,307 [4b39aedb-a905-4bcc-a0b6-39bcb2a8de85@group-8C5B1516469D-LeaderElection12] INFO  impl.LeaderElection (LeaderElection.java:logAndReturn(89)) - 4b39aedb-a905-4bcc-a0b6-39bcb2a8de85@group-8C5B1516469D-LeaderElection12: ELECTION PASSED received 1 response(s) and 0 exception(s):
2022-05-04 03:12:41,307 [4b39aedb-a905-4bcc-a0b6-39bcb2a8de85@group-8C5B1516469D-LeaderElection12] INFO  impl.LeaderElection (LeaderElection.java:logAndReturn(93)) -   Response 0: 4b39aedb-a905-4bcc-a0b6-39bcb2a8de85<-b9a08944-19c1-40d4-9246-1b7a50d62b45#0:OK-t4
2022-05-04 03:12:41,307 [4b39aedb-a905-4bcc-a0b6-39bcb2a8de85@group-8C5B1516469D-LeaderElection12] INFO  impl.LeaderElection (LeaderElection.java:askForVotes(308)) - 4b39aedb-a905-4bcc-a0b6-39bcb2a8de85@group-8C5B1516469D-LeaderElection12 ELECTION round 0: result PASSED
2022-05-04 03:12:41,308 [4b39aedb-a905-4bcc-a0b6-39bcb2a8de85@group-8C5B1516469D-LeaderElection12] INFO  impl.RoleInfo (RoleInfo.java:shutdownLeaderElection(121)) - 4b39aedb-a905-4bcc-a0b6-39bcb2a8de85: shutdown 4b39aedb-a905-4bcc-a0b6-39bcb2a8de85@group-8C5B1516469D-LeaderElection12
2022-05-04 03:12:41,308 [4b39aedb-a905-4bcc-a0b6-39bcb2a8de85@group-8C5B1516469D-LeaderElection12] INFO  server.RaftServer$Division (RaftServerImpl.java:setRole(290)) - 4b39aedb-a905-4bcc-a0b6-39bcb2a8de85@group-8C5B1516469D: changes role from CANDIDATE to LEADER at term 4 for changeToLeader
2022-05-04 03:12:41,308 [4b39aedb-a905-4bcc-a0b6-39bcb2a8de85@group-8C5B1516469D-LeaderElection12] INFO  ratis.XceiverServerRatis (XceiverServerRatis.java:handleLeaderChangedNotification(863)) - Leader change notification received for group: group-8C5B1516469D with new leaderId: 4b39aedb-a905-4bcc-a0b6-39bcb2a8de85
2022-05-04 03:12:41,308 [4b39aedb-a905-4bcc-a0b6-39bcb2a8de85@group-8C5B1516469D-LeaderElection12] INFO  server.RaftServer$Division (ServerState.java:setLeader(285)) - 4b39aedb-a905-4bcc-a0b6-39bcb2a8de85@group-8C5B1516469D: change Leader from null to 4b39aedb-a905-4bcc-a0b6-39bcb2a8de85 at term 4 for becomeLeader, leader elected after 19661ms
2022-05-04 03:12:41,308 [4b39aedb-a905-4bcc-a0b6-39bcb2a8de85@group-8C5B1516469D-LeaderElection12] INFO  server.RaftServerConfigKeys (ConfUtils.java:logGet(44)) - raft.server.staging.catchup.gap = 1000 (default)
2022-05-04 03:12:41,308 [grpc-default-executor-0] INFO  server.RaftServer$Division (RaftServerImpl.java:requestVote(1078)) - e24c98b1-b028-4277-b303-73506c407d4f@group-8C5B1516469D replies to ELECTION vote request: 4b39aedb-a905-4bcc-a0b6-39bcb2a8de85<-e24c98b1-b028-4277-b303-73506c407d4f#0:OK-t4. Peer's state: e24c98b1-b028-4277-b303-73506c407d4f@group-8C5B1516469D:t4, leader=null, voted=4b39aedb-a905-4bcc-a0b6-39bcb2a8de85, raftlog=e24c98b1-b028-4277-b303-73506c407d4f@group-8C5B1516469D-SegmentedRaftLog:OPENED:c-1, conf=-1: [b9a08944-19c1-40d4-9246-1b7a50d62b45|rpc:10.1.0.22:41135|priority:0, 4b39aedb-a905-4bcc-a0b6-39bcb2a8de85|rpc:10.1.0.22:36309|priority:1, e24c98b1-b028-4277-b303-73506c407d4f|rpc:10.1.0.22:45653|priority:0], old=null
2022-05-04 03:12:41,310 [4b39aedb-a905-4bcc-a0b6-39bcb2a8de85@group-8C5B1516469D-LeaderElection12] INFO  server.RaftServerConfigKeys (ConfUtils.java:logGet(44)) - raft.server.write.element-limit = 1024 (custom)
2022-05-04 03:12:41,310 [4b39aedb-a905-4bcc-a0b6-39bcb2a8de85@group-8C5B1516469D-LeaderElection12] INFO  server.RaftServerConfigKeys (ConfUtils.java:logGet(44)) - raft.server.write.byte-limit = 1024 M (=1073741824) (custom)
2022-05-04 03:12:41,311 [4b39aedb-a905-4bcc-a0b6-39bcb2a8de85@group-8C5B1516469D-LeaderElection12] INFO  server.RaftServerConfigKeys (ConfUtils.java:logGet(44)) - raft.server.watch.timeout = 180s (custom)
2022-05-04 03:12:41,311 [4b39aedb-a905-4bcc-a0b6-39bcb2a8de85@group-8C5B1516469D-LeaderElection12] INFO  server.RaftServerConfigKeys (ConfUtils.java:logGet(44)) - raft.server.watch.timeout.denomination = 1s (default)
2022-05-04 03:12:41,311 [4b39aedb-a905-4bcc-a0b6-39bcb2a8de85@group-8C5B1516469D-LeaderElection12] INFO  server.RaftServerConfigKeys (ConfUtils.java:logGet(44)) - raft.server.watch.element-limit = 65536 (default)
2022-05-04 03:12:41,311 [4b39aedb-a905-4bcc-a0b6-39bcb2a8de85@group-8C5B1516469D-LeaderElection12] INFO  server.RaftServerConfigKeys (ConfUtils.java:logGet(44)) - raft.server.write.element-limit = 1024 (custom)
2022-05-04 03:12:41,311 [4b39aedb-a905-4bcc-a0b6-39bcb2a8de85@group-8C5B1516469D-LeaderElection12] INFO  server.RaftServerConfigKeys (ConfUtils.java:logGet(44)) - raft.server.write.follower.gap.ratio.max = -1.0 (default)
2022-05-04 03:12:41,311 [4b39aedb-a905-4bcc-a0b6-39bcb2a8de85@group-8C5B1516469D-LeaderElection12] INFO  server.RaftServerConfigKeys (ConfUtils.java:logGet(44)) - raft.server.log.appender.snapshot.chunk.size.max = 16MB (=16777216) (default)
2022-05-04 03:12:41,314 [EventQueue-PipelineReportForPipelineReportHandler] INFO  pipeline.PipelineManagerImpl (PipelineManagerImpl.java:openPipeline(328)) - Pipeline Pipeline[ Id: 5f0d7f06-26c8-476e-b646-8c5b1516469d, Nodes: b9a08944-19c1-40d4-9246-1b7a50d62b45{ip: 10.1.0.22, host: fv-az270-73.tacnzluakwdehk1hpragurqkma.bx.internal.cloudapp.net, ports: [REPLICATION=38797, RATIS=41135, RATIS_ADMIN=41135, RATIS_SERVER=41135, STANDALONE=36969], networkLocation: /default-rack, certSerialId: null, persistedOpState: IN_SERVICE, persistedOpStateExpiryEpochSec: 0}e24c98b1-b028-4277-b303-73506c407d4f{ip: 10.1.0.22, host: fv-az270-73.tacnzluakwdehk1hpragurqkma.bx.internal.cloudapp.net, ports: [REPLICATION=39115, RATIS=45653, RATIS_ADMIN=45653, RATIS_SERVER=45653, STANDALONE=39819], networkLocation: /default-rack, certSerialId: null, persistedOpState: IN_SERVICE, persistedOpStateExpiryEpochSec: 0}4b39aedb-a905-4bcc-a0b6-39bcb2a8de85{ip: 10.1.0.22, host: fv-az270-73.tacnzluakwdehk1hpragurqkma.bx.internal.cloudapp.net, ports: [REPLICATION=34555, RATIS=36309, RATIS_ADMIN=36309, RATIS_SERVER=36309, STANDALONE=41017], networkLocation: /default-rack, certSerialId: null, persistedOpState: IN_SERVICE, persistedOpStateExpiryEpochSec: 0}, ReplicationConfig: RATIS/THREE, State:ALLOCATED, leaderId:4b39aedb-a905-4bcc-a0b6-39bcb2a8de85, CreationTimestamp2022-05-04T03:12:18.568Z[Etc/UTC]] moved to OPEN state
2022-05-04 03:12:41,314 [4b39aedb-a905-4bcc-a0b6-39bcb2a8de85@group-8C5B1516469D-LeaderElection12] INFO  server.RaftServerConfigKeys (ConfUtils.java:logGet(44)) - raft.server.log.appender.buffer.byte-limit = 33554432 (custom)
2022-05-04 03:12:41,315 [4b39aedb-a905-4bcc-a0b6-39bcb2a8de85@group-8C5B1516469D-LeaderElection12] INFO  server.RaftServerConfigKeys (ConfUtils.java:logGet(44)) - raft.server.log.appender.buffer.element-limit = 1 (custom)
2022-05-04 03:12:41,315 [4b39aedb-a905-4bcc-a0b6-39bcb2a8de85@group-8C5B1516469D-LeaderElection12] INFO  grpc.GrpcConfigKeys (ConfUtils.java:logGet(44)) - raft.grpc.server.leader.outstanding.appends.max = 128 (default)
2022-05-04 03:12:41,315 [4b39aedb-a905-4bcc-a0b6-39bcb2a8de85@group-8C5B1516469D-LeaderElection12] INFO  server.RaftServerConfigKeys (ConfUtils.java:logGet(44)) - raft.server.rpc.request.timeout = 60s (custom)
2022-05-04 03:12:41,316 [4b39aedb-a905-4bcc-a0b6-39bcb2a8de85@group-8C5B1516469D-LeaderElection12] INFO  server.RaftServerConfigKeys (ConfUtils.java:logGet(44)) - raft.server.log.appender.install.snapshot.enabled = false (custom)
2022-05-04 03:12:41,316 [4b39aedb-a905-4bcc-a0b6-39bcb2a8de85@group-8C5B1516469D-LeaderElection12] INFO  server.RaftServerConfigKeys (ConfUtils.java:logGet(44)) - raft.server.log.appender.snapshot.chunk.size.max = 16MB (=16777216) (default)
2022-05-04 03:12:41,317 [4b39aedb-a905-4bcc-a0b6-39bcb2a8de85@group-8C5B1516469D-LeaderElection12] INFO  server.RaftServerConfigKeys (ConfUtils.java:logGet(44)) - raft.server.log.appender.buffer.byte-limit = 33554432 (custom)
2022-05-04 03:12:41,317 [4b39aedb-a905-4bcc-a0b6-39bcb2a8de85@group-8C5B1516469D-LeaderElection12] INFO  server.RaftServerConfigKeys (ConfUtils.java:logGet(44)) - raft.server.log.appender.buffer.element-limit = 1 (custom)
2022-05-04 03:12:41,317 [4b39aedb-a905-4bcc-a0b6-39bcb2a8de85@group-8C5B1516469D-LeaderElection12] INFO  grpc.GrpcConfigKeys (ConfUtils.java:logGet(44)) - raft.grpc.server.leader.outstanding.appends.max = 128 (default)
2022-05-04 03:12:41,317 [4b39aedb-a905-4bcc-a0b6-39bcb2a8de85@group-8C5B1516469D-LeaderElection12] INFO  server.RaftServerConfigKeys (ConfUtils.java:logGet(44)) - raft.server.rpc.request.timeout = 60s (custom)
2022-05-04 03:12:41,317 [4b39aedb-a905-4bcc-a0b6-39bcb2a8de85@group-8C5B1516469D-LeaderElection12] INFO  server.RaftServerConfigKeys (ConfUtils.java:logGet(44)) - raft.server.log.appender.install.snapshot.enabled = false (custom)
2022-05-04 03:12:41,318 [4b39aedb-a905-4bcc-a0b6-39bcb2a8de85@group-8C5B1516469D-LeaderElection12] INFO  impl.RoleInfo (RoleInfo.java:updateAndGet(130)) - 4b39aedb-a905-4bcc-a0b6-39bcb2a8de85: start 4b39aedb-a905-4bcc-a0b6-39bcb2a8de85@group-8C5B1516469D-LeaderStateImpl
2022-05-04 03:12:41,318 [4b39aedb-a905-4bcc-a0b6-39bcb2a8de85@group-8C5B1516469D-LeaderElection12] INFO  segmented.SegmentedRaftLogWorker (SegmentedRaftLogWorker.java:startLogSegment(394)) - 4b39aedb-a905-4bcc-a0b6-39bcb2a8de85@group-8C5B1516469D-SegmentedRaftLogWorker: Starting segment from index:0
2022-05-04 03:12:41,320 [4b39aedb-a905-4bcc-a0b6-39bcb2a8de85@group-8C5B1516469D-SegmentedRaftLogWorker] INFO  segmented.SegmentedRaftLogWorker (SegmentedRaftLogWorker.java:execute(601)) - 4b39aedb-a905-4bcc-a0b6-39bcb2a8de85@group-8C5B1516469D-SegmentedRaftLogWorker: created new log segment /home/runner/work/ozone/ozone/hadoop-ozone/integration-test/target/test-dir/MiniOzoneClusterImpl-45092bb2-5ba0-493a-94ad-5fb4cf380ceb/datanode-2/data/ratis/5f0d7f06-26c8-476e-b646-8c5b1516469d/current/log_inprogress_0
2022-05-04 03:12:41,327 [grpc-default-executor-2] INFO  ratis.XceiverServerRatis (XceiverServerRatis.java:handleLeaderChangedNotification(863)) - Leader change notification received for group: group-8C5B1516469D with new leaderId: 4b39aedb-a905-4bcc-a0b6-39bcb2a8de85
2022-05-04 03:12:41,327 [grpc-default-executor-2] INFO  server.RaftServer$Division (ServerState.java:setLeader(285)) - e24c98b1-b028-4277-b303-73506c407d4f@group-8C5B1516469D: change Leader from null to 4b39aedb-a905-4bcc-a0b6-39bcb2a8de85 at term 4 for appendEntries, leader elected after 20067ms
2022-05-04 03:12:41,330 [4b39aedb-a905-4bcc-a0b6-39bcb2a8de85@group-8C5B1516469D-LeaderElection12] INFO  server.RaftServer$Division (ServerState.java:setRaftConf(387)) - 4b39aedb-a905-4bcc-a0b6-39bcb2a8de85@group-8C5B1516469D: set configuration 0: [b9a08944-19c1-40d4-9246-1b7a50d62b45|rpc:10.1.0.22:41135|dataStream:|priority:0, 4b39aedb-a905-4bcc-a0b6-39bcb2a8de85|rpc:10.1.0.22:36309|dataStream:|priority:1, e24c98b1-b028-4277-b303-73506c407d4f|rpc:10.1.0.22:45653|dataStream:|priority:0], old=null
2022-05-04 03:12:41,337 [grpc-default-executor-2] INFO  server.RaftServer$Division (ServerState.java:setRaftConf(387)) - e24c98b1-b028-4277-b303-73506c407d4f@group-8C5B1516469D: set configuration 0: [b9a08944-19c1-40d4-9246-1b7a50d62b45|rpc:10.1.0.22:41135|dataStream:|priority:0, 4b39aedb-a905-4bcc-a0b6-39bcb2a8de85|rpc:10.1.0.22:36309|dataStream:|priority:1, e24c98b1-b028-4277-b303-73506c407d4f|rpc:10.1.0.22:45653|dataStream:|priority:0], old=null
2022-05-04 03:12:41,338 [grpc-default-executor-2] INFO  segmented.SegmentedRaftLogWorker (SegmentedRaftLogWorker.java:startLogSegment(394)) - e24c98b1-b028-4277-b303-73506c407d4f@group-8C5B1516469D-SegmentedRaftLogWorker: Starting segment from index:0
2022-05-04 03:12:41,346 [grpc-default-executor-1] INFO  ratis.XceiverServerRatis (XceiverServerRatis.java:handleLeaderChangedNotification(863)) - Leader change notification received for group: group-8C5B1516469D with new leaderId: 4b39aedb-a905-4bcc-a0b6-39bcb2a8de85
2022-05-04 03:12:41,346 [grpc-default-executor-1] INFO  server.RaftServer$Division (ServerState.java:setLeader(285)) - b9a08944-19c1-40d4-9246-1b7a50d62b45@group-8C5B1516469D: change Leader from null to 4b39aedb-a905-4bcc-a0b6-39bcb2a8de85 at term 4 for appendEntries, leader elected after 20511ms
2022-05-04 03:12:41,348 [e24c98b1-b028-4277-b303-73506c407d4f@group-8C5B1516469D-SegmentedRaftLogWorker] INFO  segmented.SegmentedRaftLogWorker (SegmentedRaftLogWorker.java:execute(601)) - e24c98b1-b028-4277-b303-73506c407d4f@group-8C5B1516469D-SegmentedRaftLogWorker: created new log segment /home/runner/work/ozone/ozone/hadoop-ozone/integration-test/target/test-dir/MiniOzoneClusterImpl-45092bb2-5ba0-493a-94ad-5fb4cf380ceb/datanode-1/data/ratis/5f0d7f06-26c8-476e-b646-8c5b1516469d/current/log_inprogress_0
2022-05-04 03:12:41,351 [grpc-default-executor-2] INFO  server.RaftServer$Division (ServerState.java:setRaftConf(387)) - b9a08944-19c1-40d4-9246-1b7a50d62b45@group-8C5B1516469D: set configuration 0: [b9a08944-19c1-40d4-9246-1b7a50d62b45|rpc:10.1.0.22:41135|dataStream:|priority:0, 4b39aedb-a905-4bcc-a0b6-39bcb2a8de85|rpc:10.1.0.22:36309|dataStream:|priority:1, e24c98b1-b028-4277-b303-73506c407d4f|rpc:10.1.0.22:45653|dataStream:|priority:0], old=null
2022-05-04 03:12:41,351 [grpc-default-executor-2] INFO  segmented.SegmentedRaftLogWorker (SegmentedRaftLogWorker.java:startLogSegment(394)) - b9a08944-19c1-40d4-9246-1b7a50d62b45@group-8C5B1516469D-SegmentedRaftLogWorker: Starting segment from index:0
2022-05-04 03:12:41,353 [b9a08944-19c1-40d4-9246-1b7a50d62b45@group-8C5B1516469D-SegmentedRaftLogWorker] INFO  segmented.SegmentedRaftLogWorker (SegmentedRaftLogWorker.java:execute(601)) - b9a08944-19c1-40d4-9246-1b7a50d62b45@group-8C5B1516469D-SegmentedRaftLogWorker: created new log segment /home/runner/work/ozone/ozone/hadoop-ozone/integration-test/target/test-dir/MiniOzoneClusterImpl-45092bb2-5ba0-493a-94ad-5fb4cf380ceb/datanode-0/data/ratis/5f0d7f06-26c8-476e-b646-8c5b1516469d/current/log_inprogress_0
]]></system-out>
  </testcase>
  <testcase name="testListStatusOnLargeDirectory" classname="TestRootedOzoneFileSystem" time="14.507">
    <system-out><![CDATA[2022-05-04 03:13:56,611 [Time-limited test] INFO  rpc.RpcClient (RpcClient.java:createVolume(448)) - Creating Volume: volume54793, with user69088 as owner and space quota set to -1 bytes, counts quota set to -1
2022-05-04 03:13:56,614 [OM StateMachine ApplyTransaction Thread - 0] INFO  volume.OMVolumeCreateRequest (OMVolumeCreateRequest.java:validateAndUpdateCache(195)) - created volume:volume54793 for user:user69088
2022-05-04 03:13:56,615 [Time-limited test] INFO  rpc.RpcClient (RpcClient.java:createBucket(637)) - Creating Bucket: volume54793/bucket16886, with runner as owner and Versioning false and Storage Type set to DISK and Encryption set to false 
2022-05-04 03:13:56,616 [OM StateMachine ApplyTransaction Thread - 0] INFO  bucket.OMBucketCreateRequest (OMBucketCreateRequest.java:validateAndUpdateCache(258)) - created bucket: bucket16886 of layout LEGACY in volume: volume54793
2022-05-04 03:14:00,380 [50786c60-577d-4d1d-b3bc-3dc2ae741836@group-CCCC3F4E889C-FollowerState] INFO  impl.FollowerState (FollowerState.java:run(134)) - 50786c60-577d-4d1d-b3bc-3dc2ae741836@group-CCCC3F4E889C-FollowerState: change to CANDIDATE, lastRpcElapsedTime:5058634530ns, electionTimeout:5055ms
2022-05-04 03:14:00,380 [50786c60-577d-4d1d-b3bc-3dc2ae741836@group-CCCC3F4E889C-FollowerState] INFO  impl.RoleInfo (RoleInfo.java:shutdownFollowerState(108)) - 50786c60-577d-4d1d-b3bc-3dc2ae741836: shutdown 50786c60-577d-4d1d-b3bc-3dc2ae741836@group-CCCC3F4E889C-FollowerState
2022-05-04 03:14:00,380 [50786c60-577d-4d1d-b3bc-3dc2ae741836@group-CCCC3F4E889C-FollowerState] INFO  server.RaftServer$Division (RaftServerImpl.java:setRole(290)) - 50786c60-577d-4d1d-b3bc-3dc2ae741836@group-CCCC3F4E889C: changes role from  FOLLOWER to CANDIDATE at term 4 for changeToCandidate
2022-05-04 03:14:00,380 [50786c60-577d-4d1d-b3bc-3dc2ae741836@group-CCCC3F4E889C-FollowerState] INFO  server.RaftServerConfigKeys (ConfUtils.java:logGet(44)) - raft.server.leaderelection.pre-vote = false (custom)
2022-05-04 03:14:00,380 [50786c60-577d-4d1d-b3bc-3dc2ae741836@group-CCCC3F4E889C-FollowerState] INFO  impl.RoleInfo (RoleInfo.java:updateAndGet(130)) - 50786c60-577d-4d1d-b3bc-3dc2ae741836: start 50786c60-577d-4d1d-b3bc-3dc2ae741836@group-CCCC3F4E889C-LeaderElection31
2022-05-04 03:14:00,419 [50786c60-577d-4d1d-b3bc-3dc2ae741836@group-CCCC3F4E889C-LeaderElection31] INFO  impl.LeaderElection (LeaderElection.java:askForVotes(306)) - 50786c60-577d-4d1d-b3bc-3dc2ae741836@group-CCCC3F4E889C-LeaderElection31 ELECTION round 0: submit vote requests at term 5 for -1: [50786c60-577d-4d1d-b3bc-3dc2ae741836|rpc:10.1.0.22:42585|dataStream:|priority:1, 36a35a51-0c22-4b27-95e9-15250fb09d2f|rpc:10.1.0.22:41095|dataStream:|priority:0, 3d91fce6-fc2e-4974-9eab-0da46cd4cdf8|rpc:10.1.0.22:40237|dataStream:|priority:0], old=null
2022-05-04 03:14:00,474 [grpc-default-executor-2] INFO  server.RaftServer$Division (RaftServerImpl.java:requestVote(1046)) - 36a35a51-0c22-4b27-95e9-15250fb09d2f@group-CCCC3F4E889C: receive requestVote(ELECTION, 50786c60-577d-4d1d-b3bc-3dc2ae741836, group-CCCC3F4E889C, 5, (t:0, i:0))
2022-05-04 03:14:00,474 [grpc-default-executor-2] INFO  impl.VoteContext (VoteContext.java:log(48)) - 36a35a51-0c22-4b27-95e9-15250fb09d2f@group-CCCC3F4E889C-FOLLOWER: accept ELECTION from 50786c60-577d-4d1d-b3bc-3dc2ae741836: our priority 0 <= candidate's priority 1
2022-05-04 03:14:00,474 [grpc-default-executor-2] INFO  server.RaftServer$Division (RaftServerImpl.java:setRole(290)) - 36a35a51-0c22-4b27-95e9-15250fb09d2f@group-CCCC3F4E889C: changes role from  FOLLOWER to FOLLOWER at term 5 for candidate:50786c60-577d-4d1d-b3bc-3dc2ae741836
2022-05-04 03:14:00,475 [grpc-default-executor-2] INFO  impl.RoleInfo (RoleInfo.java:shutdownFollowerState(108)) - 36a35a51-0c22-4b27-95e9-15250fb09d2f: shutdown 36a35a51-0c22-4b27-95e9-15250fb09d2f@group-CCCC3F4E889C-FollowerState
2022-05-04 03:14:00,475 [grpc-default-executor-2] INFO  impl.RoleInfo (RoleInfo.java:updateAndGet(130)) - 36a35a51-0c22-4b27-95e9-15250fb09d2f: start 36a35a51-0c22-4b27-95e9-15250fb09d2f@group-CCCC3F4E889C-FollowerState
2022-05-04 03:14:00,475 [36a35a51-0c22-4b27-95e9-15250fb09d2f@group-CCCC3F4E889C-FollowerState] INFO  impl.FollowerState (FollowerState.java:run(143)) - 36a35a51-0c22-4b27-95e9-15250fb09d2f@group-CCCC3F4E889C-FollowerState was interrupted: {}
java.lang.InterruptedException: sleep interrupted
	at java.lang.Thread.sleep(Native Method)
	at java.lang.Thread.sleep(Thread.java:342)
	at java.util.concurrent.TimeUnit.sleep(TimeUnit.java:386)
	at org.apache.ratis.util.TimeDuration.sleep(TimeDuration.java:324)
	at org.apache.ratis.util.TimeDuration.sleep(TimeDuration.java:309)
	at org.apache.ratis.server.impl.FollowerState.run(FollowerState.java:118)
2022-05-04 03:14:00,492 [grpc-default-executor-2] INFO  server.RaftServer$Division (RaftServerImpl.java:requestVote(1078)) - 36a35a51-0c22-4b27-95e9-15250fb09d2f@group-CCCC3F4E889C replies to ELECTION vote request: 50786c60-577d-4d1d-b3bc-3dc2ae741836<-36a35a51-0c22-4b27-95e9-15250fb09d2f#0:OK-t5. Peer's state: 36a35a51-0c22-4b27-95e9-15250fb09d2f@group-CCCC3F4E889C:t5, leader=null, voted=50786c60-577d-4d1d-b3bc-3dc2ae741836, raftlog=36a35a51-0c22-4b27-95e9-15250fb09d2f@group-CCCC3F4E889C-SegmentedRaftLog:OPENED:c-1, conf=-1: [50786c60-577d-4d1d-b3bc-3dc2ae741836|rpc:10.1.0.22:42585|dataStream:|priority:1, 36a35a51-0c22-4b27-95e9-15250fb09d2f|rpc:10.1.0.22:41095|dataStream:|priority:0, 3d91fce6-fc2e-4974-9eab-0da46cd4cdf8|rpc:10.1.0.22:40237|dataStream:|priority:0], old=null
2022-05-04 03:14:00,493 [50786c60-577d-4d1d-b3bc-3dc2ae741836@group-CCCC3F4E889C-LeaderElection31] INFO  impl.LeaderElection (LeaderElection.java:logAndReturn(89)) - 50786c60-577d-4d1d-b3bc-3dc2ae741836@group-CCCC3F4E889C-LeaderElection31: ELECTION PASSED received 1 response(s) and 0 exception(s):
2022-05-04 03:14:00,493 [50786c60-577d-4d1d-b3bc-3dc2ae741836@group-CCCC3F4E889C-LeaderElection31] INFO  impl.LeaderElection (LeaderElection.java:logAndReturn(93)) -   Response 0: 50786c60-577d-4d1d-b3bc-3dc2ae741836<-36a35a51-0c22-4b27-95e9-15250fb09d2f#0:OK-t5
2022-05-04 03:14:00,493 [50786c60-577d-4d1d-b3bc-3dc2ae741836@group-CCCC3F4E889C-LeaderElection31] INFO  impl.LeaderElection (LeaderElection.java:askForVotes(308)) - 50786c60-577d-4d1d-b3bc-3dc2ae741836@group-CCCC3F4E889C-LeaderElection31 ELECTION round 0: result PASSED
2022-05-04 03:14:00,493 [50786c60-577d-4d1d-b3bc-3dc2ae741836@group-CCCC3F4E889C-LeaderElection31] INFO  impl.RoleInfo (RoleInfo.java:shutdownLeaderElection(121)) - 50786c60-577d-4d1d-b3bc-3dc2ae741836: shutdown 50786c60-577d-4d1d-b3bc-3dc2ae741836@group-CCCC3F4E889C-LeaderElection31
2022-05-04 03:14:00,493 [50786c60-577d-4d1d-b3bc-3dc2ae741836@group-CCCC3F4E889C-LeaderElection31] INFO  server.RaftServer$Division (RaftServerImpl.java:setRole(290)) - 50786c60-577d-4d1d-b3bc-3dc2ae741836@group-CCCC3F4E889C: changes role from CANDIDATE to LEADER at term 5 for changeToLeader
2022-05-04 03:14:00,493 [50786c60-577d-4d1d-b3bc-3dc2ae741836@group-CCCC3F4E889C-LeaderElection31] INFO  ratis.XceiverServerRatis (XceiverServerRatis.java:handleLeaderChangedNotification(863)) - Leader change notification received for group: group-CCCC3F4E889C with new leaderId: 50786c60-577d-4d1d-b3bc-3dc2ae741836
2022-05-04 03:14:00,493 [50786c60-577d-4d1d-b3bc-3dc2ae741836@group-CCCC3F4E889C-LeaderElection31] INFO  server.RaftServer$Division (ServerState.java:setLeader(285)) - 50786c60-577d-4d1d-b3bc-3dc2ae741836@group-CCCC3F4E889C: change Leader from null to 50786c60-577d-4d1d-b3bc-3dc2ae741836 at term 5 for becomeLeader, leader elected after 25628ms
2022-05-04 03:14:00,493 [50786c60-577d-4d1d-b3bc-3dc2ae741836@group-CCCC3F4E889C-LeaderElection31] INFO  server.RaftServerConfigKeys (ConfUtils.java:logGet(44)) - raft.server.staging.catchup.gap = 1000 (default)
2022-05-04 03:14:00,494 [50786c60-577d-4d1d-b3bc-3dc2ae741836@group-CCCC3F4E889C-LeaderElection31] INFO  server.RaftServerConfigKeys (ConfUtils.java:logGet(44)) - raft.server.write.element-limit = 1024 (custom)
2022-05-04 03:14:00,494 [50786c60-577d-4d1d-b3bc-3dc2ae741836@group-CCCC3F4E889C-LeaderElection31] INFO  server.RaftServerConfigKeys (ConfUtils.java:logGet(44)) - raft.server.write.byte-limit = 1024 M (=1073741824) (custom)
2022-05-04 03:14:00,494 [50786c60-577d-4d1d-b3bc-3dc2ae741836@group-CCCC3F4E889C-LeaderElection31] INFO  server.RaftServerConfigKeys (ConfUtils.java:logGet(44)) - raft.server.watch.timeout = 180s (custom)
2022-05-04 03:14:00,494 [50786c60-577d-4d1d-b3bc-3dc2ae741836@group-CCCC3F4E889C-LeaderElection31] INFO  server.RaftServerConfigKeys (ConfUtils.java:logGet(44)) - raft.server.watch.timeout.denomination = 1s (default)
2022-05-04 03:14:00,494 [50786c60-577d-4d1d-b3bc-3dc2ae741836@group-CCCC3F4E889C-LeaderElection31] INFO  server.RaftServerConfigKeys (ConfUtils.java:logGet(44)) - raft.server.watch.element-limit = 65536 (default)
2022-05-04 03:14:00,494 [50786c60-577d-4d1d-b3bc-3dc2ae741836@group-CCCC3F4E889C-LeaderElection31] INFO  server.RaftServerConfigKeys (ConfUtils.java:logGet(44)) - raft.server.write.element-limit = 1024 (custom)
2022-05-04 03:14:00,494 [50786c60-577d-4d1d-b3bc-3dc2ae741836@group-CCCC3F4E889C-LeaderElection31] INFO  server.RaftServerConfigKeys (ConfUtils.java:logGet(44)) - raft.server.write.follower.gap.ratio.max = -1.0 (default)
2022-05-04 03:14:00,494 [50786c60-577d-4d1d-b3bc-3dc2ae741836@group-CCCC3F4E889C-LeaderElection31] INFO  server.RaftServerConfigKeys (ConfUtils.java:logGet(44)) - raft.server.log.appender.snapshot.chunk.size.max = 16MB (=16777216) (default)
2022-05-04 03:14:00,495 [50786c60-577d-4d1d-b3bc-3dc2ae741836@group-CCCC3F4E889C-LeaderElection31] INFO  server.RaftServerConfigKeys (ConfUtils.java:logGet(44)) - raft.server.log.appender.buffer.byte-limit = 33554432 (custom)
2022-05-04 03:14:00,495 [50786c60-577d-4d1d-b3bc-3dc2ae741836@group-CCCC3F4E889C-LeaderElection31] INFO  server.RaftServerConfigKeys (ConfUtils.java:logGet(44)) - raft.server.log.appender.buffer.element-limit = 1 (custom)
2022-05-04 03:14:00,495 [50786c60-577d-4d1d-b3bc-3dc2ae741836@group-CCCC3F4E889C-LeaderElection31] INFO  grpc.GrpcConfigKeys (ConfUtils.java:logGet(44)) - raft.grpc.server.leader.outstanding.appends.max = 128 (default)
2022-05-04 03:14:00,495 [50786c60-577d-4d1d-b3bc-3dc2ae741836@group-CCCC3F4E889C-LeaderElection31] INFO  server.RaftServerConfigKeys (ConfUtils.java:logGet(44)) - raft.server.rpc.request.timeout = 60s (custom)
2022-05-04 03:14:00,495 [50786c60-577d-4d1d-b3bc-3dc2ae741836@group-CCCC3F4E889C-LeaderElection31] INFO  server.RaftServerConfigKeys (ConfUtils.java:logGet(44)) - raft.server.log.appender.install.snapshot.enabled = false (custom)
2022-05-04 03:14:00,496 [50786c60-577d-4d1d-b3bc-3dc2ae741836@group-CCCC3F4E889C-LeaderElection31] INFO  server.RaftServerConfigKeys (ConfUtils.java:logGet(44)) - raft.server.log.appender.snapshot.chunk.size.max = 16MB (=16777216) (default)
2022-05-04 03:14:00,496 [50786c60-577d-4d1d-b3bc-3dc2ae741836@group-CCCC3F4E889C-LeaderElection31] INFO  server.RaftServerConfigKeys (ConfUtils.java:logGet(44)) - raft.server.log.appender.buffer.byte-limit = 33554432 (custom)
2022-05-04 03:14:00,496 [50786c60-577d-4d1d-b3bc-3dc2ae741836@group-CCCC3F4E889C-LeaderElection31] INFO  server.RaftServerConfigKeys (ConfUtils.java:logGet(44)) - raft.server.log.appender.buffer.element-limit = 1 (custom)
2022-05-04 03:14:00,496 [50786c60-577d-4d1d-b3bc-3dc2ae741836@group-CCCC3F4E889C-LeaderElection31] INFO  grpc.GrpcConfigKeys (ConfUtils.java:logGet(44)) - raft.grpc.server.leader.outstanding.appends.max = 128 (default)
2022-05-04 03:14:00,496 [50786c60-577d-4d1d-b3bc-3dc2ae741836@group-CCCC3F4E889C-LeaderElection31] INFO  server.RaftServerConfigKeys (ConfUtils.java:logGet(44)) - raft.server.rpc.request.timeout = 60s (custom)
2022-05-04 03:14:00,496 [50786c60-577d-4d1d-b3bc-3dc2ae741836@group-CCCC3F4E889C-LeaderElection31] INFO  server.RaftServerConfigKeys (ConfUtils.java:logGet(44)) - raft.server.log.appender.install.snapshot.enabled = false (custom)
2022-05-04 03:14:00,497 [50786c60-577d-4d1d-b3bc-3dc2ae741836@group-CCCC3F4E889C-LeaderElection31] INFO  impl.RoleInfo (RoleInfo.java:updateAndGet(130)) - 50786c60-577d-4d1d-b3bc-3dc2ae741836: start 50786c60-577d-4d1d-b3bc-3dc2ae741836@group-CCCC3F4E889C-LeaderStateImpl
2022-05-04 03:14:00,497 [50786c60-577d-4d1d-b3bc-3dc2ae741836@group-CCCC3F4E889C-LeaderElection31] INFO  segmented.SegmentedRaftLogWorker (SegmentedRaftLogWorker.java:startLogSegment(394)) - 50786c60-577d-4d1d-b3bc-3dc2ae741836@group-CCCC3F4E889C-SegmentedRaftLogWorker: Starting segment from index:0
2022-05-04 03:14:00,499 [EventQueue-PipelineReportForPipelineReportHandler] INFO  pipeline.PipelineManagerImpl (PipelineManagerImpl.java:openPipeline(328)) - Pipeline Pipeline[ Id: 53230e0a-2780-4f9e-a939-cccc3f4e889c, Nodes: 3d91fce6-fc2e-4974-9eab-0da46cd4cdf8{ip: 10.1.0.22, host: fv-az270-73.tacnzluakwdehk1hpragurqkma.bx.internal.cloudapp.net, ports: [REPLICATION=46207, RATIS=40237, RATIS_ADMIN=40237, RATIS_SERVER=40237, STANDALONE=41123], networkLocation: /default-rack, certSerialId: null, persistedOpState: IN_SERVICE, persistedOpStateExpiryEpochSec: 0}36a35a51-0c22-4b27-95e9-15250fb09d2f{ip: 10.1.0.22, host: fv-az270-73.tacnzluakwdehk1hpragurqkma.bx.internal.cloudapp.net, ports: [REPLICATION=41943, RATIS=41095, RATIS_ADMIN=41095, RATIS_SERVER=41095, STANDALONE=41715], networkLocation: /default-rack, certSerialId: null, persistedOpState: IN_SERVICE, persistedOpStateExpiryEpochSec: 0}50786c60-577d-4d1d-b3bc-3dc2ae741836{ip: 10.1.0.22, host: fv-az270-73.tacnzluakwdehk1hpragurqkma.bx.internal.cloudapp.net, ports: [REPLICATION=38525, RATIS=42585, RATIS_ADMIN=42585, RATIS_SERVER=42585, STANDALONE=39033], networkLocation: /default-rack, certSerialId: null, persistedOpState: IN_SERVICE, persistedOpStateExpiryEpochSec: 0}, ReplicationConfig: RATIS/THREE, State:ALLOCATED, leaderId:50786c60-577d-4d1d-b3bc-3dc2ae741836, CreationTimestamp2022-05-04T03:13:32.704Z[Etc/UTC]] moved to OPEN state
2022-05-04 03:14:00,499 [50786c60-577d-4d1d-b3bc-3dc2ae741836@group-CCCC3F4E889C-SegmentedRaftLogWorker] INFO  segmented.SegmentedRaftLogWorker (SegmentedRaftLogWorker.java:execute(601)) - 50786c60-577d-4d1d-b3bc-3dc2ae741836@group-CCCC3F4E889C-SegmentedRaftLogWorker: created new log segment /home/runner/work/ozone/ozone/hadoop-ozone/integration-test/target/test-dir/MiniOzoneClusterImpl-16b4eb12-8d22-44ef-95c0-40f9ce645855/datanode-2/data/ratis/53230e0a-2780-4f9e-a939-cccc3f4e889c/current/log_inprogress_0
2022-05-04 03:14:00,507 [grpc-default-executor-0] INFO  server.RaftServer$Division (RaftServerImpl.java:requestVote(1046)) - 3d91fce6-fc2e-4974-9eab-0da46cd4cdf8@group-CCCC3F4E889C: receive requestVote(ELECTION, 50786c60-577d-4d1d-b3bc-3dc2ae741836, group-CCCC3F4E889C, 5, (t:0, i:0))
2022-05-04 03:14:00,507 [grpc-default-executor-0] INFO  impl.VoteContext (VoteContext.java:log(48)) - 3d91fce6-fc2e-4974-9eab-0da46cd4cdf8@group-CCCC3F4E889C-FOLLOWER: accept ELECTION from 50786c60-577d-4d1d-b3bc-3dc2ae741836: our priority 0 <= candidate's priority 1
2022-05-04 03:14:00,507 [grpc-default-executor-0] INFO  server.RaftServer$Division (RaftServerImpl.java:setRole(290)) - 3d91fce6-fc2e-4974-9eab-0da46cd4cdf8@group-CCCC3F4E889C: changes role from  FOLLOWER to FOLLOWER at term 5 for candidate:50786c60-577d-4d1d-b3bc-3dc2ae741836
2022-05-04 03:14:00,508 [grpc-default-executor-0] INFO  impl.RoleInfo (RoleInfo.java:shutdownFollowerState(108)) - 3d91fce6-fc2e-4974-9eab-0da46cd4cdf8: shutdown 3d91fce6-fc2e-4974-9eab-0da46cd4cdf8@group-CCCC3F4E889C-FollowerState
2022-05-04 03:14:00,508 [grpc-default-executor-0] INFO  impl.RoleInfo (RoleInfo.java:updateAndGet(130)) - 3d91fce6-fc2e-4974-9eab-0da46cd4cdf8: start 3d91fce6-fc2e-4974-9eab-0da46cd4cdf8@group-CCCC3F4E889C-FollowerState
2022-05-04 03:14:00,508 [3d91fce6-fc2e-4974-9eab-0da46cd4cdf8@group-CCCC3F4E889C-FollowerState] INFO  impl.FollowerState (FollowerState.java:run(143)) - 3d91fce6-fc2e-4974-9eab-0da46cd4cdf8@group-CCCC3F4E889C-FollowerState was interrupted: {}
java.lang.InterruptedException: sleep interrupted
	at java.lang.Thread.sleep(Native Method)
	at java.lang.Thread.sleep(Thread.java:342)
	at java.util.concurrent.TimeUnit.sleep(TimeUnit.java:386)
	at org.apache.ratis.util.TimeDuration.sleep(TimeDuration.java:324)
	at org.apache.ratis.util.TimeDuration.sleep(TimeDuration.java:309)
	at org.apache.ratis.server.impl.FollowerState.run(FollowerState.java:118)
2022-05-04 03:14:00,516 [grpc-default-executor-0] INFO  server.RaftServer$Division (RaftServerImpl.java:requestVote(1078)) - 3d91fce6-fc2e-4974-9eab-0da46cd4cdf8@group-CCCC3F4E889C replies to ELECTION vote request: 50786c60-577d-4d1d-b3bc-3dc2ae741836<-3d91fce6-fc2e-4974-9eab-0da46cd4cdf8#0:OK-t5. Peer's state: 3d91fce6-fc2e-4974-9eab-0da46cd4cdf8@group-CCCC3F4E889C:t5, leader=null, voted=50786c60-577d-4d1d-b3bc-3dc2ae741836, raftlog=3d91fce6-fc2e-4974-9eab-0da46cd4cdf8@group-CCCC3F4E889C-SegmentedRaftLog:OPENED:c-1, conf=-1: [50786c60-577d-4d1d-b3bc-3dc2ae741836|rpc:10.1.0.22:42585|priority:1, 36a35a51-0c22-4b27-95e9-15250fb09d2f|rpc:10.1.0.22:41095|priority:0, 3d91fce6-fc2e-4974-9eab-0da46cd4cdf8|rpc:10.1.0.22:40237|priority:0], old=null
2022-05-04 03:14:00,586 [grpc-default-executor-0] INFO  ratis.XceiverServerRatis (XceiverServerRatis.java:handleLeaderChangedNotification(863)) - Leader change notification received for group: group-CCCC3F4E889C with new leaderId: 50786c60-577d-4d1d-b3bc-3dc2ae741836
2022-05-04 03:14:00,587 [grpc-default-executor-0] INFO  server.RaftServer$Division (ServerState.java:setLeader(285)) - 36a35a51-0c22-4b27-95e9-15250fb09d2f@group-CCCC3F4E889C: change Leader from null to 50786c60-577d-4d1d-b3bc-3dc2ae741836 at term 5 for appendEntries, leader elected after 25838ms
2022-05-04 03:14:00,597 [grpc-default-executor-0] INFO  server.RaftServer$Division (ServerState.java:setRaftConf(387)) - 36a35a51-0c22-4b27-95e9-15250fb09d2f@group-CCCC3F4E889C: set configuration 0: [50786c60-577d-4d1d-b3bc-3dc2ae741836|rpc:10.1.0.22:42585|dataStream:|priority:1, 36a35a51-0c22-4b27-95e9-15250fb09d2f|rpc:10.1.0.22:41095|dataStream:|priority:0, 3d91fce6-fc2e-4974-9eab-0da46cd4cdf8|rpc:10.1.0.22:40237|dataStream:|priority:0], old=null
2022-05-04 03:14:00,597 [grpc-default-executor-0] INFO  segmented.SegmentedRaftLogWorker (SegmentedRaftLogWorker.java:startLogSegment(394)) - 36a35a51-0c22-4b27-95e9-15250fb09d2f@group-CCCC3F4E889C-SegmentedRaftLogWorker: Starting segment from index:0
2022-05-04 03:14:00,600 [50786c60-577d-4d1d-b3bc-3dc2ae741836@group-CCCC3F4E889C-LeaderElection31] INFO  server.RaftServer$Division (ServerState.java:setRaftConf(387)) - 50786c60-577d-4d1d-b3bc-3dc2ae741836@group-CCCC3F4E889C: set configuration 0: [50786c60-577d-4d1d-b3bc-3dc2ae741836|rpc:10.1.0.22:42585|dataStream:|priority:1, 36a35a51-0c22-4b27-95e9-15250fb09d2f|rpc:10.1.0.22:41095|dataStream:|priority:0, 3d91fce6-fc2e-4974-9eab-0da46cd4cdf8|rpc:10.1.0.22:40237|dataStream:|priority:0], old=null
2022-05-04 03:14:00,603 [36a35a51-0c22-4b27-95e9-15250fb09d2f@group-CCCC3F4E889C-SegmentedRaftLogWorker] INFO  segmented.SegmentedRaftLogWorker (SegmentedRaftLogWorker.java:execute(601)) - 36a35a51-0c22-4b27-95e9-15250fb09d2f@group-CCCC3F4E889C-SegmentedRaftLogWorker: created new log segment /home/runner/work/ozone/ozone/hadoop-ozone/integration-test/target/test-dir/MiniOzoneClusterImpl-16b4eb12-8d22-44ef-95c0-40f9ce645855/datanode-1/data/ratis/53230e0a-2780-4f9e-a939-cccc3f4e889c/current/log_inprogress_0
2022-05-04 03:14:00,604 [grpc-default-executor-0] INFO  ratis.XceiverServerRatis (XceiverServerRatis.java:handleLeaderChangedNotification(863)) - Leader change notification received for group: group-CCCC3F4E889C with new leaderId: 50786c60-577d-4d1d-b3bc-3dc2ae741836
2022-05-04 03:14:00,604 [grpc-default-executor-0] INFO  server.RaftServer$Division (ServerState.java:setLeader(285)) - 3d91fce6-fc2e-4974-9eab-0da46cd4cdf8@group-CCCC3F4E889C: change Leader from null to 50786c60-577d-4d1d-b3bc-3dc2ae741836 at term 5 for appendEntries, leader elected after 25915ms
2022-05-04 03:14:00,625 [grpc-default-executor-0] INFO  server.RaftServer$Division (ServerState.java:setRaftConf(387)) - 3d91fce6-fc2e-4974-9eab-0da46cd4cdf8@group-CCCC3F4E889C: set configuration 0: [50786c60-577d-4d1d-b3bc-3dc2ae741836|rpc:10.1.0.22:42585|dataStream:|priority:1, 36a35a51-0c22-4b27-95e9-15250fb09d2f|rpc:10.1.0.22:41095|dataStream:|priority:0, 3d91fce6-fc2e-4974-9eab-0da46cd4cdf8|rpc:10.1.0.22:40237|dataStream:|priority:0], old=null
2022-05-04 03:14:00,625 [grpc-default-executor-0] INFO  segmented.SegmentedRaftLogWorker (SegmentedRaftLogWorker.java:startLogSegment(394)) - 3d91fce6-fc2e-4974-9eab-0da46cd4cdf8@group-CCCC3F4E889C-SegmentedRaftLogWorker: Starting segment from index:0
2022-05-04 03:14:00,626 [3d91fce6-fc2e-4974-9eab-0da46cd4cdf8@group-CCCC3F4E889C-SegmentedRaftLogWorker] INFO  segmented.SegmentedRaftLogWorker (SegmentedRaftLogWorker.java:execute(601)) - 3d91fce6-fc2e-4974-9eab-0da46cd4cdf8@group-CCCC3F4E889C-SegmentedRaftLogWorker: created new log segment /home/runner/work/ozone/ozone/hadoop-ozone/integration-test/target/test-dir/MiniOzoneClusterImpl-16b4eb12-8d22-44ef-95c0-40f9ce645855/datanode-0/data/ratis/53230e0a-2780-4f9e-a939-cccc3f4e889c/current/log_inprogress_0
]]></system-out>
  </testcase>
  <testcase name="testListStatusOnLargeDirectory" classname="TestRootedOzoneFileSystem" time="16.095">
    <system-out><![CDATA[2022-05-04 03:15:12,375 [Time-limited test] INFO  rpc.RpcClient (RpcClient.java:createVolume(448)) - Creating Volume: volume24731, with user39779 as owner and space quota set to -1 bytes, counts quota set to -1
2022-05-04 03:15:12,377 [IPC Server handler 12 on default port 33297] INFO  volume.OMVolumeCreateRequest (OMVolumeCreateRequest.java:validateAndUpdateCache(195)) - created volume:volume24731 for user:user39779
2022-05-04 03:15:12,378 [Time-limited test] INFO  rpc.RpcClient (RpcClient.java:createBucket(637)) - Creating Bucket: volume24731/bucket82322, with runner as owner and Versioning false and Storage Type set to DISK and Encryption set to false 
2022-05-04 03:15:12,378 [IPC Server handler 4 on default port 33297] INFO  bucket.OMBucketCreateRequest (OMBucketCreateRequest.java:validateAndUpdateCache(258)) - created bucket: bucket82322 of layout LEGACY in volume: volume24731
]]></system-out>
  </testcase>
  <testcase name="testListStatusOnLargeDirectory" classname="TestRootedOzoneFileSystem" time="22.733">
    <system-out><![CDATA[2022-05-04 03:16:35,666 [Time-limited test] INFO  rpc.RpcClient (RpcClient.java:createVolume(448)) - Creating Volume: volume03614, with user93748 as owner and space quota set to -1 bytes, counts quota set to -1
2022-05-04 03:16:35,670 [OM StateMachine ApplyTransaction Thread - 0] INFO  volume.OMVolumeCreateRequest (OMVolumeCreateRequest.java:validateAndUpdateCache(195)) - created volume:volume03614 for user:user93748
2022-05-04 03:16:35,671 [Time-limited test] INFO  rpc.RpcClient (RpcClient.java:createBucket(637)) - Creating Bucket: volume03614/bucket32494, with runner as owner and Versioning false and Storage Type set to DISK and Encryption set to false 
2022-05-04 03:16:35,674 [OM StateMachine ApplyTransaction Thread - 0] INFO  bucket.OMBucketCreateRequest (OMBucketCreateRequest.java:validateAndUpdateCache(258)) - created bucket: bucket32494 of layout LEGACY in volume: volume03614
]]></system-out>
  </testcase>
  <testcase name="testListStatusOnLargeDirectory" classname="TestRootedOzoneFileSystem" time="24.087">
    <system-out><![CDATA[2022-05-04 03:18:08,111 [ddb2790c-8d68-49f8-bd13-2d0c1144ba02@group-7E785CA2A080-FollowerState] INFO  impl.FollowerState (FollowerState.java:run(134)) - ddb2790c-8d68-49f8-bd13-2d0c1144ba02@group-7E785CA2A080-FollowerState: change to CANDIDATE, lastRpcElapsedTime:5039769374ns, electionTimeout:5013ms
2022-05-04 03:18:08,111 [ddb2790c-8d68-49f8-bd13-2d0c1144ba02@group-7E785CA2A080-FollowerState] INFO  impl.RoleInfo (RoleInfo.java:shutdownFollowerState(108)) - ddb2790c-8d68-49f8-bd13-2d0c1144ba02: shutdown ddb2790c-8d68-49f8-bd13-2d0c1144ba02@group-7E785CA2A080-FollowerState
2022-05-04 03:18:08,112 [ddb2790c-8d68-49f8-bd13-2d0c1144ba02@group-7E785CA2A080-FollowerState] INFO  server.RaftServer$Division (RaftServerImpl.java:setRole(290)) - ddb2790c-8d68-49f8-bd13-2d0c1144ba02@group-7E785CA2A080: changes role from  FOLLOWER to CANDIDATE at term 4 for changeToCandidate
2022-05-04 03:18:08,112 [ddb2790c-8d68-49f8-bd13-2d0c1144ba02@group-7E785CA2A080-FollowerState] INFO  server.RaftServerConfigKeys (ConfUtils.java:logGet(44)) - raft.server.leaderelection.pre-vote = false (custom)
2022-05-04 03:18:08,112 [ddb2790c-8d68-49f8-bd13-2d0c1144ba02@group-7E785CA2A080-FollowerState] INFO  impl.RoleInfo (RoleInfo.java:updateAndGet(130)) - ddb2790c-8d68-49f8-bd13-2d0c1144ba02: start ddb2790c-8d68-49f8-bd13-2d0c1144ba02@group-7E785CA2A080-LeaderElection81
2022-05-04 03:18:08,156 [ddb2790c-8d68-49f8-bd13-2d0c1144ba02@group-7E785CA2A080-LeaderElection81] INFO  impl.LeaderElection (LeaderElection.java:askForVotes(306)) - ddb2790c-8d68-49f8-bd13-2d0c1144ba02@group-7E785CA2A080-LeaderElection81 ELECTION round 0: submit vote requests at term 5 for -1: [a4d0b5f9-3282-4cc2-85b1-5a1b13720eaf|rpc:10.1.0.22:43989|dataStream:|priority:0, ddb2790c-8d68-49f8-bd13-2d0c1144ba02|rpc:10.1.0.22:35569|dataStream:|priority:0, cd15dffe-0bdf-4ded-a416-2706c1d3a8c9|rpc:10.1.0.22:40121|dataStream:|priority:1], old=null
2022-05-04 03:18:08,185 [a4d0b5f9-3282-4cc2-85b1-5a1b13720eaf@group-7E785CA2A080-FollowerState] INFO  impl.FollowerState (FollowerState.java:run(134)) - a4d0b5f9-3282-4cc2-85b1-5a1b13720eaf@group-7E785CA2A080-FollowerState: change to CANDIDATE, lastRpcElapsedTime:5125506388ns, electionTimeout:5081ms
2022-05-04 03:18:08,185 [a4d0b5f9-3282-4cc2-85b1-5a1b13720eaf@group-7E785CA2A080-FollowerState] INFO  impl.RoleInfo (RoleInfo.java:shutdownFollowerState(108)) - a4d0b5f9-3282-4cc2-85b1-5a1b13720eaf: shutdown a4d0b5f9-3282-4cc2-85b1-5a1b13720eaf@group-7E785CA2A080-FollowerState
2022-05-04 03:18:08,185 [a4d0b5f9-3282-4cc2-85b1-5a1b13720eaf@group-7E785CA2A080-FollowerState] INFO  server.RaftServer$Division (RaftServerImpl.java:setRole(290)) - a4d0b5f9-3282-4cc2-85b1-5a1b13720eaf@group-7E785CA2A080: changes role from  FOLLOWER to CANDIDATE at term 4 for changeToCandidate
2022-05-04 03:18:08,185 [a4d0b5f9-3282-4cc2-85b1-5a1b13720eaf@group-7E785CA2A080-FollowerState] INFO  server.RaftServerConfigKeys (ConfUtils.java:logGet(44)) - raft.server.leaderelection.pre-vote = false (custom)
2022-05-04 03:18:08,185 [a4d0b5f9-3282-4cc2-85b1-5a1b13720eaf@group-7E785CA2A080-FollowerState] INFO  impl.RoleInfo (RoleInfo.java:updateAndGet(130)) - a4d0b5f9-3282-4cc2-85b1-5a1b13720eaf: start a4d0b5f9-3282-4cc2-85b1-5a1b13720eaf@group-7E785CA2A080-LeaderElection82
2022-05-04 03:18:08,205 [cd15dffe-0bdf-4ded-a416-2706c1d3a8c9@group-7E785CA2A080-FollowerState] INFO  impl.FollowerState (FollowerState.java:run(134)) - cd15dffe-0bdf-4ded-a416-2706c1d3a8c9@group-7E785CA2A080-FollowerState: change to CANDIDATE, lastRpcElapsedTime:5069092352ns, electionTimeout:5062ms
2022-05-04 03:18:08,205 [cd15dffe-0bdf-4ded-a416-2706c1d3a8c9@group-7E785CA2A080-FollowerState] INFO  impl.RoleInfo (RoleInfo.java:shutdownFollowerState(108)) - cd15dffe-0bdf-4ded-a416-2706c1d3a8c9: shutdown cd15dffe-0bdf-4ded-a416-2706c1d3a8c9@group-7E785CA2A080-FollowerState
2022-05-04 03:18:08,205 [cd15dffe-0bdf-4ded-a416-2706c1d3a8c9@group-7E785CA2A080-FollowerState] INFO  server.RaftServer$Division (RaftServerImpl.java:setRole(290)) - cd15dffe-0bdf-4ded-a416-2706c1d3a8c9@group-7E785CA2A080: changes role from  FOLLOWER to CANDIDATE at term 4 for changeToCandidate
2022-05-04 03:18:08,205 [cd15dffe-0bdf-4ded-a416-2706c1d3a8c9@group-7E785CA2A080-FollowerState] INFO  server.RaftServerConfigKeys (ConfUtils.java:logGet(44)) - raft.server.leaderelection.pre-vote = false (custom)
2022-05-04 03:18:08,205 [cd15dffe-0bdf-4ded-a416-2706c1d3a8c9@group-7E785CA2A080-FollowerState] INFO  impl.RoleInfo (RoleInfo.java:updateAndGet(130)) - cd15dffe-0bdf-4ded-a416-2706c1d3a8c9: start cd15dffe-0bdf-4ded-a416-2706c1d3a8c9@group-7E785CA2A080-LeaderElection83
2022-05-04 03:18:08,225 [a4d0b5f9-3282-4cc2-85b1-5a1b13720eaf@group-7E785CA2A080-LeaderElection82] INFO  impl.LeaderElection (LeaderElection.java:askForVotes(306)) - a4d0b5f9-3282-4cc2-85b1-5a1b13720eaf@group-7E785CA2A080-LeaderElection82 ELECTION round 0: submit vote requests at term 5 for -1: [a4d0b5f9-3282-4cc2-85b1-5a1b13720eaf|rpc:10.1.0.22:43989|priority:0, ddb2790c-8d68-49f8-bd13-2d0c1144ba02|rpc:10.1.0.22:35569|priority:0, cd15dffe-0bdf-4ded-a416-2706c1d3a8c9|rpc:10.1.0.22:40121|priority:1], old=null
2022-05-04 03:18:08,228 [cd15dffe-0bdf-4ded-a416-2706c1d3a8c9@group-7E785CA2A080-LeaderElection83] INFO  impl.LeaderElection (LeaderElection.java:askForVotes(306)) - cd15dffe-0bdf-4ded-a416-2706c1d3a8c9@group-7E785CA2A080-LeaderElection83 ELECTION round 0: submit vote requests at term 5 for -1: [a4d0b5f9-3282-4cc2-85b1-5a1b13720eaf|rpc:10.1.0.22:43989|dataStream:|priority:0, ddb2790c-8d68-49f8-bd13-2d0c1144ba02|rpc:10.1.0.22:35569|dataStream:|priority:0, cd15dffe-0bdf-4ded-a416-2706c1d3a8c9|rpc:10.1.0.22:40121|dataStream:|priority:1], old=null
2022-05-04 03:18:08,308 [Time-limited test] INFO  rpc.RpcClient (RpcClient.java:createVolume(448)) - Creating Volume: volume06320, with user67858 as owner and space quota set to -1 bytes, counts quota set to -1
2022-05-04 03:18:08,309 [grpc-default-executor-1] INFO  server.RaftServer$Division (RaftServerImpl.java:requestVote(1046)) - a4d0b5f9-3282-4cc2-85b1-5a1b13720eaf@group-7E785CA2A080: receive requestVote(ELECTION, ddb2790c-8d68-49f8-bd13-2d0c1144ba02, group-7E785CA2A080, 5, (t:0, i:0))
2022-05-04 03:18:08,309 [grpc-default-executor-1] INFO  impl.VoteContext (VoteContext.java:log(48)) - a4d0b5f9-3282-4cc2-85b1-5a1b13720eaf@group-7E785CA2A080-CANDIDATE: reject ELECTION from ddb2790c-8d68-49f8-bd13-2d0c1144ba02: already has voted for a4d0b5f9-3282-4cc2-85b1-5a1b13720eaf at current term 5
2022-05-04 03:18:08,309 [grpc-default-executor-1] INFO  server.RaftServer$Division (RaftServerImpl.java:requestVote(1078)) - a4d0b5f9-3282-4cc2-85b1-5a1b13720eaf@group-7E785CA2A080 replies to ELECTION vote request: ddb2790c-8d68-49f8-bd13-2d0c1144ba02<-a4d0b5f9-3282-4cc2-85b1-5a1b13720eaf#0:FAIL-t5. Peer's state: a4d0b5f9-3282-4cc2-85b1-5a1b13720eaf@group-7E785CA2A080:t5, leader=null, voted=a4d0b5f9-3282-4cc2-85b1-5a1b13720eaf, raftlog=a4d0b5f9-3282-4cc2-85b1-5a1b13720eaf@group-7E785CA2A080-SegmentedRaftLog:OPENED:c-1, conf=-1: [a4d0b5f9-3282-4cc2-85b1-5a1b13720eaf|rpc:10.1.0.22:43989|priority:0, ddb2790c-8d68-49f8-bd13-2d0c1144ba02|rpc:10.1.0.22:35569|priority:0, cd15dffe-0bdf-4ded-a416-2706c1d3a8c9|rpc:10.1.0.22:40121|priority:1], old=null
2022-05-04 03:18:08,309 [grpc-default-executor-2] INFO  server.RaftServer$Division (RaftServerImpl.java:requestVote(1046)) - cd15dffe-0bdf-4ded-a416-2706c1d3a8c9@group-7E785CA2A080: receive requestVote(ELECTION, ddb2790c-8d68-49f8-bd13-2d0c1144ba02, group-7E785CA2A080, 5, (t:0, i:0))
2022-05-04 03:18:08,309 [grpc-default-executor-2] INFO  impl.VoteContext (VoteContext.java:log(48)) - cd15dffe-0bdf-4ded-a416-2706c1d3a8c9@group-7E785CA2A080-CANDIDATE: reject ELECTION from ddb2790c-8d68-49f8-bd13-2d0c1144ba02: already has voted for cd15dffe-0bdf-4ded-a416-2706c1d3a8c9 at current term 5
2022-05-04 03:18:08,309 [grpc-default-executor-2] INFO  server.RaftServer$Division (RaftServerImpl.java:requestVote(1078)) - cd15dffe-0bdf-4ded-a416-2706c1d3a8c9@group-7E785CA2A080 replies to ELECTION vote request: ddb2790c-8d68-49f8-bd13-2d0c1144ba02<-cd15dffe-0bdf-4ded-a416-2706c1d3a8c9#0:FAIL-t5. Peer's state: cd15dffe-0bdf-4ded-a416-2706c1d3a8c9@group-7E785CA2A080:t5, leader=null, voted=cd15dffe-0bdf-4ded-a416-2706c1d3a8c9, raftlog=cd15dffe-0bdf-4ded-a416-2706c1d3a8c9@group-7E785CA2A080-SegmentedRaftLog:OPENED:c-1, conf=-1: [a4d0b5f9-3282-4cc2-85b1-5a1b13720eaf|rpc:10.1.0.22:43989|dataStream:|priority:0, ddb2790c-8d68-49f8-bd13-2d0c1144ba02|rpc:10.1.0.22:35569|dataStream:|priority:0, cd15dffe-0bdf-4ded-a416-2706c1d3a8c9|rpc:10.1.0.22:40121|dataStream:|priority:1], old=null
2022-05-04 03:18:08,311 [IPC Server handler 12 on default port 33661] INFO  volume.OMVolumeCreateRequest (OMVolumeCreateRequest.java:validateAndUpdateCache(195)) - created volume:volume06320 for user:user67858
2022-05-04 03:18:08,311 [grpc-default-executor-0] INFO  server.RaftServer$Division (RaftServerImpl.java:requestVote(1046)) - a4d0b5f9-3282-4cc2-85b1-5a1b13720eaf@group-7E785CA2A080: receive requestVote(ELECTION, cd15dffe-0bdf-4ded-a416-2706c1d3a8c9, group-7E785CA2A080, 5, (t:0, i:0))
2022-05-04 03:18:08,311 [grpc-default-executor-0] INFO  impl.VoteContext (VoteContext.java:log(48)) - a4d0b5f9-3282-4cc2-85b1-5a1b13720eaf@group-7E785CA2A080-CANDIDATE: reject ELECTION from cd15dffe-0bdf-4ded-a416-2706c1d3a8c9: already has voted for a4d0b5f9-3282-4cc2-85b1-5a1b13720eaf at current term 5
2022-05-04 03:18:08,311 [grpc-default-executor-0] INFO  server.RaftServer$Division (RaftServerImpl.java:requestVote(1078)) - a4d0b5f9-3282-4cc2-85b1-5a1b13720eaf@group-7E785CA2A080 replies to ELECTION vote request: cd15dffe-0bdf-4ded-a416-2706c1d3a8c9<-a4d0b5f9-3282-4cc2-85b1-5a1b13720eaf#0:FAIL-t5. Peer's state: a4d0b5f9-3282-4cc2-85b1-5a1b13720eaf@group-7E785CA2A080:t5, leader=null, voted=a4d0b5f9-3282-4cc2-85b1-5a1b13720eaf, raftlog=a4d0b5f9-3282-4cc2-85b1-5a1b13720eaf@group-7E785CA2A080-SegmentedRaftLog:OPENED:c-1, conf=-1: [a4d0b5f9-3282-4cc2-85b1-5a1b13720eaf|rpc:10.1.0.22:43989|priority:0, ddb2790c-8d68-49f8-bd13-2d0c1144ba02|rpc:10.1.0.22:35569|priority:0, cd15dffe-0bdf-4ded-a416-2706c1d3a8c9|rpc:10.1.0.22:40121|priority:1], old=null
2022-05-04 03:18:08,313 [ddb2790c-8d68-49f8-bd13-2d0c1144ba02@group-7E785CA2A080-LeaderElection81] INFO  impl.LeaderElection (LeaderElection.java:logAndReturn(89)) - ddb2790c-8d68-49f8-bd13-2d0c1144ba02@group-7E785CA2A080-LeaderElection81: ELECTION REJECTED received 2 response(s) and 0 exception(s):
2022-05-04 03:18:08,313 [ddb2790c-8d68-49f8-bd13-2d0c1144ba02@group-7E785CA2A080-LeaderElection81] INFO  impl.LeaderElection (LeaderElection.java:logAndReturn(93)) -   Response 0: ddb2790c-8d68-49f8-bd13-2d0c1144ba02<-a4d0b5f9-3282-4cc2-85b1-5a1b13720eaf#0:FAIL-t5
2022-05-04 03:18:08,313 [ddb2790c-8d68-49f8-bd13-2d0c1144ba02@group-7E785CA2A080-LeaderElection81] INFO  impl.LeaderElection (LeaderElection.java:logAndReturn(93)) -   Response 1: ddb2790c-8d68-49f8-bd13-2d0c1144ba02<-cd15dffe-0bdf-4ded-a416-2706c1d3a8c9#0:FAIL-t5
2022-05-04 03:18:08,313 [ddb2790c-8d68-49f8-bd13-2d0c1144ba02@group-7E785CA2A080-LeaderElection81] INFO  impl.LeaderElection (LeaderElection.java:askForVotes(308)) - ddb2790c-8d68-49f8-bd13-2d0c1144ba02@group-7E785CA2A080-LeaderElection81 ELECTION round 0: result REJECTED
2022-05-04 03:18:08,313 [ddb2790c-8d68-49f8-bd13-2d0c1144ba02@group-7E785CA2A080-LeaderElection81] INFO  server.RaftServer$Division (RaftServerImpl.java:setRole(290)) - ddb2790c-8d68-49f8-bd13-2d0c1144ba02@group-7E785CA2A080: changes role from CANDIDATE to FOLLOWER at term 5 for REJECTED
2022-05-04 03:18:08,313 [ddb2790c-8d68-49f8-bd13-2d0c1144ba02@group-7E785CA2A080-LeaderElection81] INFO  impl.RoleInfo (RoleInfo.java:shutdownLeaderElection(121)) - ddb2790c-8d68-49f8-bd13-2d0c1144ba02: shutdown ddb2790c-8d68-49f8-bd13-2d0c1144ba02@group-7E785CA2A080-LeaderElection81
2022-05-04 03:18:08,313 [ddb2790c-8d68-49f8-bd13-2d0c1144ba02@group-7E785CA2A080-LeaderElection81] INFO  impl.RoleInfo (RoleInfo.java:updateAndGet(130)) - ddb2790c-8d68-49f8-bd13-2d0c1144ba02: start ddb2790c-8d68-49f8-bd13-2d0c1144ba02@group-7E785CA2A080-FollowerState
2022-05-04 03:18:08,322 [Time-limited test] INFO  rpc.RpcClient (RpcClient.java:createBucket(637)) - Creating Bucket: volume06320/bucket01241, with runner as owner and Versioning false and Storage Type set to DISK and Encryption set to false 
2022-05-04 03:18:08,323 [IPC Server handler 3 on default port 33661] INFO  bucket.OMBucketCreateRequest (OMBucketCreateRequest.java:validateAndUpdateCache(258)) - created bucket: bucket01241 of layout LEGACY in volume: volume06320
2022-05-04 03:18:08,336 [grpc-default-executor-4] INFO  server.RaftServer$Division (RaftServerImpl.java:requestVote(1046)) - ddb2790c-8d68-49f8-bd13-2d0c1144ba02@group-7E785CA2A080: receive requestVote(ELECTION, a4d0b5f9-3282-4cc2-85b1-5a1b13720eaf, group-7E785CA2A080, 5, (t:0, i:0))
2022-05-04 03:18:08,336 [grpc-default-executor-5] INFO  server.RaftServer$Division (RaftServerImpl.java:requestVote(1046)) - cd15dffe-0bdf-4ded-a416-2706c1d3a8c9@group-7E785CA2A080: receive requestVote(ELECTION, a4d0b5f9-3282-4cc2-85b1-5a1b13720eaf, group-7E785CA2A080, 5, (t:0, i:0))
2022-05-04 03:18:08,336 [grpc-default-executor-3] INFO  server.RaftServer$Division (RaftServerImpl.java:requestVote(1046)) - ddb2790c-8d68-49f8-bd13-2d0c1144ba02@group-7E785CA2A080: receive requestVote(ELECTION, cd15dffe-0bdf-4ded-a416-2706c1d3a8c9, group-7E785CA2A080, 5, (t:0, i:0))
2022-05-04 03:18:08,336 [grpc-default-executor-4] INFO  impl.VoteContext (VoteContext.java:log(48)) - ddb2790c-8d68-49f8-bd13-2d0c1144ba02@group-7E785CA2A080-FOLLOWER: reject ELECTION from a4d0b5f9-3282-4cc2-85b1-5a1b13720eaf: already has voted for ddb2790c-8d68-49f8-bd13-2d0c1144ba02 at current term 5
2022-05-04 03:18:08,336 [grpc-default-executor-5] INFO  impl.VoteContext (VoteContext.java:log(48)) - cd15dffe-0bdf-4ded-a416-2706c1d3a8c9@group-7E785CA2A080-CANDIDATE: reject ELECTION from a4d0b5f9-3282-4cc2-85b1-5a1b13720eaf: already has voted for cd15dffe-0bdf-4ded-a416-2706c1d3a8c9 at current term 5
2022-05-04 03:18:08,336 [grpc-default-executor-4] INFO  server.RaftServer$Division (RaftServerImpl.java:requestVote(1078)) - ddb2790c-8d68-49f8-bd13-2d0c1144ba02@group-7E785CA2A080 replies to ELECTION vote request: a4d0b5f9-3282-4cc2-85b1-5a1b13720eaf<-ddb2790c-8d68-49f8-bd13-2d0c1144ba02#0:FAIL-t5. Peer's state: ddb2790c-8d68-49f8-bd13-2d0c1144ba02@group-7E785CA2A080:t5, leader=null, voted=ddb2790c-8d68-49f8-bd13-2d0c1144ba02, raftlog=ddb2790c-8d68-49f8-bd13-2d0c1144ba02@group-7E785CA2A080-SegmentedRaftLog:OPENED:c-1, conf=-1: [a4d0b5f9-3282-4cc2-85b1-5a1b13720eaf|rpc:10.1.0.22:43989|dataStream:|priority:0, ddb2790c-8d68-49f8-bd13-2d0c1144ba02|rpc:10.1.0.22:35569|dataStream:|priority:0, cd15dffe-0bdf-4ded-a416-2706c1d3a8c9|rpc:10.1.0.22:40121|dataStream:|priority:1], old=null
2022-05-04 03:18:08,336 [grpc-default-executor-5] INFO  server.RaftServer$Division (RaftServerImpl.java:requestVote(1078)) - cd15dffe-0bdf-4ded-a416-2706c1d3a8c9@group-7E785CA2A080 replies to ELECTION vote request: a4d0b5f9-3282-4cc2-85b1-5a1b13720eaf<-cd15dffe-0bdf-4ded-a416-2706c1d3a8c9#0:FAIL-t5. Peer's state: cd15dffe-0bdf-4ded-a416-2706c1d3a8c9@group-7E785CA2A080:t5, leader=null, voted=cd15dffe-0bdf-4ded-a416-2706c1d3a8c9, raftlog=cd15dffe-0bdf-4ded-a416-2706c1d3a8c9@group-7E785CA2A080-SegmentedRaftLog:OPENED:c-1, conf=-1: [a4d0b5f9-3282-4cc2-85b1-5a1b13720eaf|rpc:10.1.0.22:43989|dataStream:|priority:0, ddb2790c-8d68-49f8-bd13-2d0c1144ba02|rpc:10.1.0.22:35569|dataStream:|priority:0, cd15dffe-0bdf-4ded-a416-2706c1d3a8c9|rpc:10.1.0.22:40121|dataStream:|priority:1], old=null
2022-05-04 03:18:08,336 [grpc-default-executor-3] INFO  impl.VoteContext (VoteContext.java:log(48)) - ddb2790c-8d68-49f8-bd13-2d0c1144ba02@group-7E785CA2A080-FOLLOWER: reject ELECTION from cd15dffe-0bdf-4ded-a416-2706c1d3a8c9: already has voted for ddb2790c-8d68-49f8-bd13-2d0c1144ba02 at current term 5
2022-05-04 03:18:08,336 [grpc-default-executor-3] INFO  server.RaftServer$Division (RaftServerImpl.java:requestVote(1078)) - ddb2790c-8d68-49f8-bd13-2d0c1144ba02@group-7E785CA2A080 replies to ELECTION vote request: cd15dffe-0bdf-4ded-a416-2706c1d3a8c9<-ddb2790c-8d68-49f8-bd13-2d0c1144ba02#0:FAIL-t5. Peer's state: ddb2790c-8d68-49f8-bd13-2d0c1144ba02@group-7E785CA2A080:t5, leader=null, voted=ddb2790c-8d68-49f8-bd13-2d0c1144ba02, raftlog=ddb2790c-8d68-49f8-bd13-2d0c1144ba02@group-7E785CA2A080-SegmentedRaftLog:OPENED:c-1, conf=-1: [a4d0b5f9-3282-4cc2-85b1-5a1b13720eaf|rpc:10.1.0.22:43989|dataStream:|priority:0, ddb2790c-8d68-49f8-bd13-2d0c1144ba02|rpc:10.1.0.22:35569|dataStream:|priority:0, cd15dffe-0bdf-4ded-a416-2706c1d3a8c9|rpc:10.1.0.22:40121|dataStream:|priority:1], old=null
2022-05-04 03:18:08,379 [a4d0b5f9-3282-4cc2-85b1-5a1b13720eaf@group-7E785CA2A080-LeaderElection82] INFO  impl.LeaderElection (LeaderElection.java:logAndReturn(89)) - a4d0b5f9-3282-4cc2-85b1-5a1b13720eaf@group-7E785CA2A080-LeaderElection82: ELECTION REJECTED received 2 response(s) and 0 exception(s):
2022-05-04 03:18:08,379 [a4d0b5f9-3282-4cc2-85b1-5a1b13720eaf@group-7E785CA2A080-LeaderElection82] INFO  impl.LeaderElection (LeaderElection.java:logAndReturn(93)) -   Response 0: a4d0b5f9-3282-4cc2-85b1-5a1b13720eaf<-ddb2790c-8d68-49f8-bd13-2d0c1144ba02#0:FAIL-t5
2022-05-04 03:18:08,379 [a4d0b5f9-3282-4cc2-85b1-5a1b13720eaf@group-7E785CA2A080-LeaderElection82] INFO  impl.LeaderElection (LeaderElection.java:logAndReturn(93)) -   Response 1: a4d0b5f9-3282-4cc2-85b1-5a1b13720eaf<-cd15dffe-0bdf-4ded-a416-2706c1d3a8c9#0:FAIL-t5
2022-05-04 03:18:08,379 [a4d0b5f9-3282-4cc2-85b1-5a1b13720eaf@group-7E785CA2A080-LeaderElection82] INFO  impl.LeaderElection (LeaderElection.java:askForVotes(308)) - a4d0b5f9-3282-4cc2-85b1-5a1b13720eaf@group-7E785CA2A080-LeaderElection82 ELECTION round 0: result REJECTED
2022-05-04 03:18:08,380 [a4d0b5f9-3282-4cc2-85b1-5a1b13720eaf@group-7E785CA2A080-LeaderElection82] INFO  server.RaftServer$Division (RaftServerImpl.java:setRole(290)) - a4d0b5f9-3282-4cc2-85b1-5a1b13720eaf@group-7E785CA2A080: changes role from CANDIDATE to FOLLOWER at term 5 for REJECTED
2022-05-04 03:18:08,380 [a4d0b5f9-3282-4cc2-85b1-5a1b13720eaf@group-7E785CA2A080-LeaderElection82] INFO  impl.RoleInfo (RoleInfo.java:shutdownLeaderElection(121)) - a4d0b5f9-3282-4cc2-85b1-5a1b13720eaf: shutdown a4d0b5f9-3282-4cc2-85b1-5a1b13720eaf@group-7E785CA2A080-LeaderElection82
2022-05-04 03:18:08,380 [a4d0b5f9-3282-4cc2-85b1-5a1b13720eaf@group-7E785CA2A080-LeaderElection82] INFO  impl.RoleInfo (RoleInfo.java:updateAndGet(130)) - a4d0b5f9-3282-4cc2-85b1-5a1b13720eaf: start a4d0b5f9-3282-4cc2-85b1-5a1b13720eaf@group-7E785CA2A080-FollowerState
2022-05-04 03:18:08,380 [cd15dffe-0bdf-4ded-a416-2706c1d3a8c9@group-7E785CA2A080-LeaderElection83] INFO  impl.LeaderElection (LeaderElection.java:logAndReturn(89)) - cd15dffe-0bdf-4ded-a416-2706c1d3a8c9@group-7E785CA2A080-LeaderElection83: ELECTION REJECTED received 2 response(s) and 0 exception(s):
2022-05-04 03:18:08,380 [cd15dffe-0bdf-4ded-a416-2706c1d3a8c9@group-7E785CA2A080-LeaderElection83] INFO  impl.LeaderElection (LeaderElection.java:logAndReturn(93)) -   Response 0: cd15dffe-0bdf-4ded-a416-2706c1d3a8c9<-a4d0b5f9-3282-4cc2-85b1-5a1b13720eaf#0:FAIL-t5
2022-05-04 03:18:08,380 [cd15dffe-0bdf-4ded-a416-2706c1d3a8c9@group-7E785CA2A080-LeaderElection83] INFO  impl.LeaderElection (LeaderElection.java:logAndReturn(93)) -   Response 1: cd15dffe-0bdf-4ded-a416-2706c1d3a8c9<-ddb2790c-8d68-49f8-bd13-2d0c1144ba02#0:FAIL-t5
2022-05-04 03:18:08,419 [cd15dffe-0bdf-4ded-a416-2706c1d3a8c9@group-7E785CA2A080-LeaderElection83] INFO  impl.LeaderElection (LeaderElection.java:askForVotes(308)) - cd15dffe-0bdf-4ded-a416-2706c1d3a8c9@group-7E785CA2A080-LeaderElection83 ELECTION round 0: result REJECTED
2022-05-04 03:18:08,419 [cd15dffe-0bdf-4ded-a416-2706c1d3a8c9@group-7E785CA2A080-LeaderElection83] INFO  server.RaftServer$Division (RaftServerImpl.java:setRole(290)) - cd15dffe-0bdf-4ded-a416-2706c1d3a8c9@group-7E785CA2A080: changes role from CANDIDATE to FOLLOWER at term 5 for REJECTED
2022-05-04 03:18:08,419 [cd15dffe-0bdf-4ded-a416-2706c1d3a8c9@group-7E785CA2A080-LeaderElection83] INFO  impl.RoleInfo (RoleInfo.java:shutdownLeaderElection(121)) - cd15dffe-0bdf-4ded-a416-2706c1d3a8c9: shutdown cd15dffe-0bdf-4ded-a416-2706c1d3a8c9@group-7E785CA2A080-LeaderElection83
2022-05-04 03:18:08,419 [cd15dffe-0bdf-4ded-a416-2706c1d3a8c9@group-7E785CA2A080-LeaderElection83] INFO  impl.RoleInfo (RoleInfo.java:updateAndGet(130)) - cd15dffe-0bdf-4ded-a416-2706c1d3a8c9: start cd15dffe-0bdf-4ded-a416-2706c1d3a8c9@group-7E785CA2A080-FollowerState
2022-05-04 03:18:13,512 [a4d0b5f9-3282-4cc2-85b1-5a1b13720eaf@group-7E785CA2A080-FollowerState] INFO  impl.FollowerState (FollowerState.java:run(134)) - a4d0b5f9-3282-4cc2-85b1-5a1b13720eaf@group-7E785CA2A080-FollowerState: change to CANDIDATE, lastRpcElapsedTime:5132868594ns, electionTimeout:5089ms
2022-05-04 03:18:13,513 [a4d0b5f9-3282-4cc2-85b1-5a1b13720eaf@group-7E785CA2A080-FollowerState] INFO  impl.RoleInfo (RoleInfo.java:shutdownFollowerState(108)) - a4d0b5f9-3282-4cc2-85b1-5a1b13720eaf: shutdown a4d0b5f9-3282-4cc2-85b1-5a1b13720eaf@group-7E785CA2A080-FollowerState
2022-05-04 03:18:13,513 [a4d0b5f9-3282-4cc2-85b1-5a1b13720eaf@group-7E785CA2A080-FollowerState] INFO  server.RaftServer$Division (RaftServerImpl.java:setRole(290)) - a4d0b5f9-3282-4cc2-85b1-5a1b13720eaf@group-7E785CA2A080: changes role from  FOLLOWER to CANDIDATE at term 5 for changeToCandidate
2022-05-04 03:18:13,513 [a4d0b5f9-3282-4cc2-85b1-5a1b13720eaf@group-7E785CA2A080-FollowerState] INFO  server.RaftServerConfigKeys (ConfUtils.java:logGet(44)) - raft.server.leaderelection.pre-vote = false (custom)
2022-05-04 03:18:13,513 [a4d0b5f9-3282-4cc2-85b1-5a1b13720eaf@group-7E785CA2A080-FollowerState] INFO  impl.RoleInfo (RoleInfo.java:updateAndGet(130)) - a4d0b5f9-3282-4cc2-85b1-5a1b13720eaf: start a4d0b5f9-3282-4cc2-85b1-5a1b13720eaf@group-7E785CA2A080-LeaderElection84
2022-05-04 03:18:13,549 [ddb2790c-8d68-49f8-bd13-2d0c1144ba02@group-7E785CA2A080-FollowerState] INFO  impl.FollowerState (FollowerState.java:run(134)) - ddb2790c-8d68-49f8-bd13-2d0c1144ba02@group-7E785CA2A080-FollowerState: change to CANDIDATE, lastRpcElapsedTime:5235329167ns, electionTimeout:5170ms
2022-05-04 03:18:13,549 [ddb2790c-8d68-49f8-bd13-2d0c1144ba02@group-7E785CA2A080-FollowerState] INFO  impl.RoleInfo (RoleInfo.java:shutdownFollowerState(108)) - ddb2790c-8d68-49f8-bd13-2d0c1144ba02: shutdown ddb2790c-8d68-49f8-bd13-2d0c1144ba02@group-7E785CA2A080-FollowerState
2022-05-04 03:18:13,549 [ddb2790c-8d68-49f8-bd13-2d0c1144ba02@group-7E785CA2A080-FollowerState] INFO  server.RaftServer$Division (RaftServerImpl.java:setRole(290)) - ddb2790c-8d68-49f8-bd13-2d0c1144ba02@group-7E785CA2A080: changes role from  FOLLOWER to CANDIDATE at term 5 for changeToCandidate
2022-05-04 03:18:13,549 [ddb2790c-8d68-49f8-bd13-2d0c1144ba02@group-7E785CA2A080-FollowerState] INFO  server.RaftServerConfigKeys (ConfUtils.java:logGet(44)) - raft.server.leaderelection.pre-vote = false (custom)
2022-05-04 03:18:13,549 [ddb2790c-8d68-49f8-bd13-2d0c1144ba02@group-7E785CA2A080-FollowerState] INFO  impl.RoleInfo (RoleInfo.java:updateAndGet(130)) - ddb2790c-8d68-49f8-bd13-2d0c1144ba02: start ddb2790c-8d68-49f8-bd13-2d0c1144ba02@group-7E785CA2A080-LeaderElection85
2022-05-04 03:18:13,585 [ddb2790c-8d68-49f8-bd13-2d0c1144ba02@group-7E785CA2A080-LeaderElection85] INFO  impl.LeaderElection (LeaderElection.java:askForVotes(306)) - ddb2790c-8d68-49f8-bd13-2d0c1144ba02@group-7E785CA2A080-LeaderElection85 ELECTION round 0: submit vote requests at term 6 for -1: [a4d0b5f9-3282-4cc2-85b1-5a1b13720eaf|rpc:10.1.0.22:43989|dataStream:|priority:0, ddb2790c-8d68-49f8-bd13-2d0c1144ba02|rpc:10.1.0.22:35569|dataStream:|priority:0, cd15dffe-0bdf-4ded-a416-2706c1d3a8c9|rpc:10.1.0.22:40121|dataStream:|priority:1], old=null
2022-05-04 03:18:13,585 [a4d0b5f9-3282-4cc2-85b1-5a1b13720eaf@group-7E785CA2A080-LeaderElection84] INFO  impl.LeaderElection (LeaderElection.java:askForVotes(306)) - a4d0b5f9-3282-4cc2-85b1-5a1b13720eaf@group-7E785CA2A080-LeaderElection84 ELECTION round 0: submit vote requests at term 6 for -1: [a4d0b5f9-3282-4cc2-85b1-5a1b13720eaf|rpc:10.1.0.22:43989|priority:0, ddb2790c-8d68-49f8-bd13-2d0c1144ba02|rpc:10.1.0.22:35569|priority:0, cd15dffe-0bdf-4ded-a416-2706c1d3a8c9|rpc:10.1.0.22:40121|priority:1], old=null
2022-05-04 03:18:13,588 [cd15dffe-0bdf-4ded-a416-2706c1d3a8c9@group-7E785CA2A080-FollowerState] INFO  impl.FollowerState (FollowerState.java:run(134)) - cd15dffe-0bdf-4ded-a416-2706c1d3a8c9@group-7E785CA2A080-FollowerState: change to CANDIDATE, lastRpcElapsedTime:5168813735ns, electionTimeout:5144ms
2022-05-04 03:18:13,588 [cd15dffe-0bdf-4ded-a416-2706c1d3a8c9@group-7E785CA2A080-FollowerState] INFO  impl.RoleInfo (RoleInfo.java:shutdownFollowerState(108)) - cd15dffe-0bdf-4ded-a416-2706c1d3a8c9: shutdown cd15dffe-0bdf-4ded-a416-2706c1d3a8c9@group-7E785CA2A080-FollowerState
2022-05-04 03:18:13,588 [cd15dffe-0bdf-4ded-a416-2706c1d3a8c9@group-7E785CA2A080-FollowerState] INFO  server.RaftServer$Division (RaftServerImpl.java:setRole(290)) - cd15dffe-0bdf-4ded-a416-2706c1d3a8c9@group-7E785CA2A080: changes role from  FOLLOWER to CANDIDATE at term 5 for changeToCandidate
2022-05-04 03:18:13,606 [cd15dffe-0bdf-4ded-a416-2706c1d3a8c9@group-7E785CA2A080-FollowerState] INFO  server.RaftServerConfigKeys (ConfUtils.java:logGet(44)) - raft.server.leaderelection.pre-vote = false (custom)
2022-05-04 03:18:13,606 [cd15dffe-0bdf-4ded-a416-2706c1d3a8c9@group-7E785CA2A080-FollowerState] INFO  impl.RoleInfo (RoleInfo.java:updateAndGet(130)) - cd15dffe-0bdf-4ded-a416-2706c1d3a8c9: start cd15dffe-0bdf-4ded-a416-2706c1d3a8c9@group-7E785CA2A080-LeaderElection86
2022-05-04 03:18:13,636 [grpc-default-executor-5] INFO  server.RaftServer$Division (RaftServerImpl.java:requestVote(1046)) - a4d0b5f9-3282-4cc2-85b1-5a1b13720eaf@group-7E785CA2A080: receive requestVote(ELECTION, ddb2790c-8d68-49f8-bd13-2d0c1144ba02, group-7E785CA2A080, 6, (t:0, i:0))
2022-05-04 03:18:13,636 [grpc-default-executor-5] INFO  impl.VoteContext (VoteContext.java:log(48)) - a4d0b5f9-3282-4cc2-85b1-5a1b13720eaf@group-7E785CA2A080-CANDIDATE: reject ELECTION from ddb2790c-8d68-49f8-bd13-2d0c1144ba02: already has voted for a4d0b5f9-3282-4cc2-85b1-5a1b13720eaf at current term 6
2022-05-04 03:18:13,636 [grpc-default-executor-5] INFO  server.RaftServer$Division (RaftServerImpl.java:requestVote(1078)) - a4d0b5f9-3282-4cc2-85b1-5a1b13720eaf@group-7E785CA2A080 replies to ELECTION vote request: ddb2790c-8d68-49f8-bd13-2d0c1144ba02<-a4d0b5f9-3282-4cc2-85b1-5a1b13720eaf#0:FAIL-t6. Peer's state: a4d0b5f9-3282-4cc2-85b1-5a1b13720eaf@group-7E785CA2A080:t6, leader=null, voted=a4d0b5f9-3282-4cc2-85b1-5a1b13720eaf, raftlog=a4d0b5f9-3282-4cc2-85b1-5a1b13720eaf@group-7E785CA2A080-SegmentedRaftLog:OPENED:c-1, conf=-1: [a4d0b5f9-3282-4cc2-85b1-5a1b13720eaf|rpc:10.1.0.22:43989|priority:0, ddb2790c-8d68-49f8-bd13-2d0c1144ba02|rpc:10.1.0.22:35569|priority:0, cd15dffe-0bdf-4ded-a416-2706c1d3a8c9|rpc:10.1.0.22:40121|priority:1], old=null
2022-05-04 03:18:13,636 [grpc-default-executor-3] INFO  server.RaftServer$Division (RaftServerImpl.java:requestVote(1046)) - cd15dffe-0bdf-4ded-a416-2706c1d3a8c9@group-7E785CA2A080: receive requestVote(ELECTION, ddb2790c-8d68-49f8-bd13-2d0c1144ba02, group-7E785CA2A080, 6, (t:0, i:0))
2022-05-04 03:18:13,700 [grpc-default-executor-3] INFO  impl.VoteContext (VoteContext.java:log(48)) - cd15dffe-0bdf-4ded-a416-2706c1d3a8c9@group-7E785CA2A080-CANDIDATE: reject ELECTION from ddb2790c-8d68-49f8-bd13-2d0c1144ba02: our priority 1 > candidate's priority 0
2022-05-04 03:18:13,700 [grpc-default-executor-3] INFO  server.RaftServer$Division (RaftServerImpl.java:setRole(290)) - cd15dffe-0bdf-4ded-a416-2706c1d3a8c9@group-7E785CA2A080: changes role from CANDIDATE to FOLLOWER at term 6 for candidate:ddb2790c-8d68-49f8-bd13-2d0c1144ba02
2022-05-04 03:18:13,700 [grpc-default-executor-3] INFO  impl.RoleInfo (RoleInfo.java:shutdownLeaderElection(121)) - cd15dffe-0bdf-4ded-a416-2706c1d3a8c9: shutdown cd15dffe-0bdf-4ded-a416-2706c1d3a8c9@group-7E785CA2A080-LeaderElection86
2022-05-04 03:18:13,701 [grpc-default-executor-3] INFO  impl.RoleInfo (RoleInfo.java:updateAndGet(130)) - cd15dffe-0bdf-4ded-a416-2706c1d3a8c9: start cd15dffe-0bdf-4ded-a416-2706c1d3a8c9@group-7E785CA2A080-FollowerState
2022-05-04 03:18:13,703 [cd15dffe-0bdf-4ded-a416-2706c1d3a8c9@group-7E785CA2A080-LeaderElection86] INFO  impl.LeaderElection (LeaderElection.java:run(230)) - cd15dffe-0bdf-4ded-a416-2706c1d3a8c9@group-7E785CA2A080-LeaderElection86: skip running since this is already CLOSING
2022-05-04 03:18:13,711 [grpc-default-executor-5] INFO  server.RaftServer$Division (RaftServerImpl.java:requestVote(1046)) - cd15dffe-0bdf-4ded-a416-2706c1d3a8c9@group-7E785CA2A080: receive requestVote(ELECTION, a4d0b5f9-3282-4cc2-85b1-5a1b13720eaf, group-7E785CA2A080, 6, (t:0, i:0))
2022-05-04 03:18:13,713 [grpc-default-executor-4] INFO  server.RaftServer$Division (RaftServerImpl.java:requestVote(1046)) - ddb2790c-8d68-49f8-bd13-2d0c1144ba02@group-7E785CA2A080: receive requestVote(ELECTION, a4d0b5f9-3282-4cc2-85b1-5a1b13720eaf, group-7E785CA2A080, 6, (t:0, i:0))
2022-05-04 03:18:13,713 [grpc-default-executor-4] INFO  impl.VoteContext (VoteContext.java:log(48)) - ddb2790c-8d68-49f8-bd13-2d0c1144ba02@group-7E785CA2A080-CANDIDATE: reject ELECTION from a4d0b5f9-3282-4cc2-85b1-5a1b13720eaf: already has voted for ddb2790c-8d68-49f8-bd13-2d0c1144ba02 at current term 6
2022-05-04 03:18:13,713 [grpc-default-executor-4] INFO  server.RaftServer$Division (RaftServerImpl.java:requestVote(1078)) - ddb2790c-8d68-49f8-bd13-2d0c1144ba02@group-7E785CA2A080 replies to ELECTION vote request: a4d0b5f9-3282-4cc2-85b1-5a1b13720eaf<-ddb2790c-8d68-49f8-bd13-2d0c1144ba02#0:FAIL-t6. Peer's state: ddb2790c-8d68-49f8-bd13-2d0c1144ba02@group-7E785CA2A080:t6, leader=null, voted=ddb2790c-8d68-49f8-bd13-2d0c1144ba02, raftlog=ddb2790c-8d68-49f8-bd13-2d0c1144ba02@group-7E785CA2A080-SegmentedRaftLog:OPENED:c-1, conf=-1: [a4d0b5f9-3282-4cc2-85b1-5a1b13720eaf|rpc:10.1.0.22:43989|dataStream:|priority:0, ddb2790c-8d68-49f8-bd13-2d0c1144ba02|rpc:10.1.0.22:35569|dataStream:|priority:0, cd15dffe-0bdf-4ded-a416-2706c1d3a8c9|rpc:10.1.0.22:40121|dataStream:|priority:1], old=null
2022-05-04 03:18:13,755 [grpc-default-executor-3] INFO  server.RaftServer$Division (RaftServerImpl.java:requestVote(1078)) - cd15dffe-0bdf-4ded-a416-2706c1d3a8c9@group-7E785CA2A080 replies to ELECTION vote request: ddb2790c-8d68-49f8-bd13-2d0c1144ba02<-cd15dffe-0bdf-4ded-a416-2706c1d3a8c9#0:FAIL-t6. Peer's state: cd15dffe-0bdf-4ded-a416-2706c1d3a8c9@group-7E785CA2A080:t6, leader=null, voted=null, raftlog=cd15dffe-0bdf-4ded-a416-2706c1d3a8c9@group-7E785CA2A080-SegmentedRaftLog:OPENED:c-1, conf=-1: [a4d0b5f9-3282-4cc2-85b1-5a1b13720eaf|rpc:10.1.0.22:43989|dataStream:|priority:0, ddb2790c-8d68-49f8-bd13-2d0c1144ba02|rpc:10.1.0.22:35569|dataStream:|priority:0, cd15dffe-0bdf-4ded-a416-2706c1d3a8c9|rpc:10.1.0.22:40121|dataStream:|priority:1], old=null
2022-05-04 03:18:13,755 [grpc-default-executor-5] INFO  impl.VoteContext (VoteContext.java:log(48)) - cd15dffe-0bdf-4ded-a416-2706c1d3a8c9@group-7E785CA2A080-FOLLOWER: reject ELECTION from a4d0b5f9-3282-4cc2-85b1-5a1b13720eaf: our priority 1 > candidate's priority 0
2022-05-04 03:18:13,755 [grpc-default-executor-5] INFO  server.RaftServer$Division (RaftServerImpl.java:setRole(290)) - cd15dffe-0bdf-4ded-a416-2706c1d3a8c9@group-7E785CA2A080: changes role from  FOLLOWER to FOLLOWER at term 6 for candidate:a4d0b5f9-3282-4cc2-85b1-5a1b13720eaf
2022-05-04 03:18:13,756 [grpc-default-executor-5] INFO  impl.RoleInfo (RoleInfo.java:shutdownFollowerState(108)) - cd15dffe-0bdf-4ded-a416-2706c1d3a8c9: shutdown cd15dffe-0bdf-4ded-a416-2706c1d3a8c9@group-7E785CA2A080-FollowerState
2022-05-04 03:18:13,756 [grpc-default-executor-5] INFO  impl.RoleInfo (RoleInfo.java:updateAndGet(130)) - cd15dffe-0bdf-4ded-a416-2706c1d3a8c9: start cd15dffe-0bdf-4ded-a416-2706c1d3a8c9@group-7E785CA2A080-FollowerState
2022-05-04 03:18:13,756 [ddb2790c-8d68-49f8-bd13-2d0c1144ba02@group-7E785CA2A080-LeaderElection85] INFO  impl.LeaderElection (LeaderElection.java:logAndReturn(89)) - ddb2790c-8d68-49f8-bd13-2d0c1144ba02@group-7E785CA2A080-LeaderElection85: ELECTION REJECTED received 2 response(s) and 0 exception(s):
2022-05-04 03:18:13,756 [ddb2790c-8d68-49f8-bd13-2d0c1144ba02@group-7E785CA2A080-LeaderElection85] INFO  impl.LeaderElection (LeaderElection.java:logAndReturn(93)) -   Response 0: ddb2790c-8d68-49f8-bd13-2d0c1144ba02<-a4d0b5f9-3282-4cc2-85b1-5a1b13720eaf#0:FAIL-t6
2022-05-04 03:18:13,756 [ddb2790c-8d68-49f8-bd13-2d0c1144ba02@group-7E785CA2A080-LeaderElection85] INFO  impl.LeaderElection (LeaderElection.java:logAndReturn(93)) -   Response 1: ddb2790c-8d68-49f8-bd13-2d0c1144ba02<-cd15dffe-0bdf-4ded-a416-2706c1d3a8c9#0:FAIL-t6
2022-05-04 03:18:13,756 [cd15dffe-0bdf-4ded-a416-2706c1d3a8c9@group-7E785CA2A080-FollowerState] INFO  impl.FollowerState (FollowerState.java:run(143)) - cd15dffe-0bdf-4ded-a416-2706c1d3a8c9@group-7E785CA2A080-FollowerState was interrupted: {}
java.lang.InterruptedException: sleep interrupted
	at java.lang.Thread.sleep(Native Method)
	at java.lang.Thread.sleep(Thread.java:342)
	at java.util.concurrent.TimeUnit.sleep(TimeUnit.java:386)
	at org.apache.ratis.util.TimeDuration.sleep(TimeDuration.java:324)
	at org.apache.ratis.util.TimeDuration.sleep(TimeDuration.java:309)
	at org.apache.ratis.server.impl.FollowerState.run(FollowerState.java:118)
2022-05-04 03:18:13,810 [grpc-default-executor-5] INFO  server.RaftServer$Division (RaftServerImpl.java:requestVote(1078)) - cd15dffe-0bdf-4ded-a416-2706c1d3a8c9@group-7E785CA2A080 replies to ELECTION vote request: a4d0b5f9-3282-4cc2-85b1-5a1b13720eaf<-cd15dffe-0bdf-4ded-a416-2706c1d3a8c9#0:FAIL-t6. Peer's state: cd15dffe-0bdf-4ded-a416-2706c1d3a8c9@group-7E785CA2A080:t6, leader=null, voted=null, raftlog=cd15dffe-0bdf-4ded-a416-2706c1d3a8c9@group-7E785CA2A080-SegmentedRaftLog:OPENED:c-1, conf=-1: [a4d0b5f9-3282-4cc2-85b1-5a1b13720eaf|rpc:10.1.0.22:43989|dataStream:|priority:0, ddb2790c-8d68-49f8-bd13-2d0c1144ba02|rpc:10.1.0.22:35569|dataStream:|priority:0, cd15dffe-0bdf-4ded-a416-2706c1d3a8c9|rpc:10.1.0.22:40121|dataStream:|priority:1], old=null
2022-05-04 03:18:13,820 [ddb2790c-8d68-49f8-bd13-2d0c1144ba02@group-7E785CA2A080-LeaderElection85] INFO  impl.LeaderElection (LeaderElection.java:askForVotes(308)) - ddb2790c-8d68-49f8-bd13-2d0c1144ba02@group-7E785CA2A080-LeaderElection85 ELECTION round 0: result REJECTED
2022-05-04 03:18:13,820 [ddb2790c-8d68-49f8-bd13-2d0c1144ba02@group-7E785CA2A080-LeaderElection85] INFO  server.RaftServer$Division (RaftServerImpl.java:setRole(290)) - ddb2790c-8d68-49f8-bd13-2d0c1144ba02@group-7E785CA2A080: changes role from CANDIDATE to FOLLOWER at term 6 for REJECTED
2022-05-04 03:18:13,820 [ddb2790c-8d68-49f8-bd13-2d0c1144ba02@group-7E785CA2A080-LeaderElection85] INFO  impl.RoleInfo (RoleInfo.java:shutdownLeaderElection(121)) - ddb2790c-8d68-49f8-bd13-2d0c1144ba02: shutdown ddb2790c-8d68-49f8-bd13-2d0c1144ba02@group-7E785CA2A080-LeaderElection85
2022-05-04 03:18:13,820 [ddb2790c-8d68-49f8-bd13-2d0c1144ba02@group-7E785CA2A080-LeaderElection85] INFO  impl.RoleInfo (RoleInfo.java:updateAndGet(130)) - ddb2790c-8d68-49f8-bd13-2d0c1144ba02: start ddb2790c-8d68-49f8-bd13-2d0c1144ba02@group-7E785CA2A080-FollowerState
2022-05-04 03:18:13,854 [a4d0b5f9-3282-4cc2-85b1-5a1b13720eaf@group-7E785CA2A080-LeaderElection84] INFO  impl.LeaderElection (LeaderElection.java:logAndReturn(89)) - a4d0b5f9-3282-4cc2-85b1-5a1b13720eaf@group-7E785CA2A080-LeaderElection84: ELECTION REJECTED received 2 response(s) and 0 exception(s):
2022-05-04 03:18:13,855 [a4d0b5f9-3282-4cc2-85b1-5a1b13720eaf@group-7E785CA2A080-LeaderElection84] INFO  impl.LeaderElection (LeaderElection.java:logAndReturn(93)) -   Response 0: a4d0b5f9-3282-4cc2-85b1-5a1b13720eaf<-ddb2790c-8d68-49f8-bd13-2d0c1144ba02#0:FAIL-t6
2022-05-04 03:18:13,855 [a4d0b5f9-3282-4cc2-85b1-5a1b13720eaf@group-7E785CA2A080-LeaderElection84] INFO  impl.LeaderElection (LeaderElection.java:logAndReturn(93)) -   Response 1: a4d0b5f9-3282-4cc2-85b1-5a1b13720eaf<-cd15dffe-0bdf-4ded-a416-2706c1d3a8c9#0:FAIL-t6
2022-05-04 03:18:13,855 [a4d0b5f9-3282-4cc2-85b1-5a1b13720eaf@group-7E785CA2A080-LeaderElection84] INFO  impl.LeaderElection (LeaderElection.java:askForVotes(308)) - a4d0b5f9-3282-4cc2-85b1-5a1b13720eaf@group-7E785CA2A080-LeaderElection84 ELECTION round 0: result REJECTED
2022-05-04 03:18:13,855 [a4d0b5f9-3282-4cc2-85b1-5a1b13720eaf@group-7E785CA2A080-LeaderElection84] INFO  server.RaftServer$Division (RaftServerImpl.java:setRole(290)) - a4d0b5f9-3282-4cc2-85b1-5a1b13720eaf@group-7E785CA2A080: changes role from CANDIDATE to FOLLOWER at term 6 for REJECTED
2022-05-04 03:18:13,855 [a4d0b5f9-3282-4cc2-85b1-5a1b13720eaf@group-7E785CA2A080-LeaderElection84] INFO  impl.RoleInfo (RoleInfo.java:shutdownLeaderElection(121)) - a4d0b5f9-3282-4cc2-85b1-5a1b13720eaf: shutdown a4d0b5f9-3282-4cc2-85b1-5a1b13720eaf@group-7E785CA2A080-LeaderElection84
2022-05-04 03:18:13,855 [a4d0b5f9-3282-4cc2-85b1-5a1b13720eaf@group-7E785CA2A080-LeaderElection84] INFO  impl.RoleInfo (RoleInfo.java:updateAndGet(130)) - a4d0b5f9-3282-4cc2-85b1-5a1b13720eaf: start a4d0b5f9-3282-4cc2-85b1-5a1b13720eaf@group-7E785CA2A080-FollowerState
2022-05-04 03:18:18,838 [ddb2790c-8d68-49f8-bd13-2d0c1144ba02@group-7E785CA2A080-FollowerState] INFO  impl.FollowerState (FollowerState.java:run(134)) - ddb2790c-8d68-49f8-bd13-2d0c1144ba02@group-7E785CA2A080-FollowerState: change to CANDIDATE, lastRpcElapsedTime:5018458346ns, electionTimeout:5016ms
2022-05-04 03:18:18,839 [ddb2790c-8d68-49f8-bd13-2d0c1144ba02@group-7E785CA2A080-FollowerState] INFO  impl.RoleInfo (RoleInfo.java:shutdownFollowerState(108)) - ddb2790c-8d68-49f8-bd13-2d0c1144ba02: shutdown ddb2790c-8d68-49f8-bd13-2d0c1144ba02@group-7E785CA2A080-FollowerState
2022-05-04 03:18:18,839 [ddb2790c-8d68-49f8-bd13-2d0c1144ba02@group-7E785CA2A080-FollowerState] INFO  server.RaftServer$Division (RaftServerImpl.java:setRole(290)) - ddb2790c-8d68-49f8-bd13-2d0c1144ba02@group-7E785CA2A080: changes role from  FOLLOWER to CANDIDATE at term 6 for changeToCandidate
2022-05-04 03:18:18,839 [ddb2790c-8d68-49f8-bd13-2d0c1144ba02@group-7E785CA2A080-FollowerState] INFO  server.RaftServerConfigKeys (ConfUtils.java:logGet(44)) - raft.server.leaderelection.pre-vote = false (custom)
2022-05-04 03:18:18,839 [ddb2790c-8d68-49f8-bd13-2d0c1144ba02@group-7E785CA2A080-FollowerState] INFO  impl.RoleInfo (RoleInfo.java:updateAndGet(130)) - ddb2790c-8d68-49f8-bd13-2d0c1144ba02: start ddb2790c-8d68-49f8-bd13-2d0c1144ba02@group-7E785CA2A080-LeaderElection87
2022-05-04 03:18:18,891 [ddb2790c-8d68-49f8-bd13-2d0c1144ba02@group-7E785CA2A080-LeaderElection87] INFO  impl.LeaderElection (LeaderElection.java:askForVotes(306)) - ddb2790c-8d68-49f8-bd13-2d0c1144ba02@group-7E785CA2A080-LeaderElection87 ELECTION round 0: submit vote requests at term 7 for -1: [a4d0b5f9-3282-4cc2-85b1-5a1b13720eaf|rpc:10.1.0.22:43989|dataStream:|priority:0, ddb2790c-8d68-49f8-bd13-2d0c1144ba02|rpc:10.1.0.22:35569|dataStream:|priority:0, cd15dffe-0bdf-4ded-a416-2706c1d3a8c9|rpc:10.1.0.22:40121|dataStream:|priority:1], old=null
2022-05-04 03:18:18,918 [a4d0b5f9-3282-4cc2-85b1-5a1b13720eaf@group-7E785CA2A080-FollowerState] INFO  impl.FollowerState (FollowerState.java:run(134)) - a4d0b5f9-3282-4cc2-85b1-5a1b13720eaf@group-7E785CA2A080-FollowerState: change to CANDIDATE, lastRpcElapsedTime:5063236170ns, electionTimeout:5052ms
2022-05-04 03:18:18,918 [a4d0b5f9-3282-4cc2-85b1-5a1b13720eaf@group-7E785CA2A080-FollowerState] INFO  impl.RoleInfo (RoleInfo.java:shutdownFollowerState(108)) - a4d0b5f9-3282-4cc2-85b1-5a1b13720eaf: shutdown a4d0b5f9-3282-4cc2-85b1-5a1b13720eaf@group-7E785CA2A080-FollowerState
2022-05-04 03:18:18,918 [a4d0b5f9-3282-4cc2-85b1-5a1b13720eaf@group-7E785CA2A080-FollowerState] INFO  server.RaftServer$Division (RaftServerImpl.java:setRole(290)) - a4d0b5f9-3282-4cc2-85b1-5a1b13720eaf@group-7E785CA2A080: changes role from  FOLLOWER to CANDIDATE at term 6 for changeToCandidate
2022-05-04 03:18:18,955 [a4d0b5f9-3282-4cc2-85b1-5a1b13720eaf@group-7E785CA2A080-FollowerState] INFO  server.RaftServerConfigKeys (ConfUtils.java:logGet(44)) - raft.server.leaderelection.pre-vote = false (custom)
2022-05-04 03:18:18,955 [a4d0b5f9-3282-4cc2-85b1-5a1b13720eaf@group-7E785CA2A080-FollowerState] INFO  impl.RoleInfo (RoleInfo.java:updateAndGet(130)) - a4d0b5f9-3282-4cc2-85b1-5a1b13720eaf: start a4d0b5f9-3282-4cc2-85b1-5a1b13720eaf@group-7E785CA2A080-LeaderElection88
2022-05-04 03:18:18,975 [grpc-default-executor-5] INFO  server.RaftServer$Division (RaftServerImpl.java:requestVote(1046)) - a4d0b5f9-3282-4cc2-85b1-5a1b13720eaf@group-7E785CA2A080: receive requestVote(ELECTION, ddb2790c-8d68-49f8-bd13-2d0c1144ba02, group-7E785CA2A080, 7, (t:0, i:0))
2022-05-04 03:18:19,014 [grpc-default-executor-3] INFO  server.RaftServer$Division (RaftServerImpl.java:requestVote(1046)) - cd15dffe-0bdf-4ded-a416-2706c1d3a8c9@group-7E785CA2A080: receive requestVote(ELECTION, ddb2790c-8d68-49f8-bd13-2d0c1144ba02, group-7E785CA2A080, 7, (t:0, i:0))
2022-05-04 03:18:19,014 [grpc-default-executor-3] INFO  impl.VoteContext (VoteContext.java:log(48)) - cd15dffe-0bdf-4ded-a416-2706c1d3a8c9@group-7E785CA2A080-FOLLOWER: reject ELECTION from ddb2790c-8d68-49f8-bd13-2d0c1144ba02: our priority 1 > candidate's priority 0
2022-05-04 03:18:19,014 [grpc-default-executor-3] INFO  server.RaftServer$Division (RaftServerImpl.java:setRole(290)) - cd15dffe-0bdf-4ded-a416-2706c1d3a8c9@group-7E785CA2A080: changes role from  FOLLOWER to FOLLOWER at term 7 for candidate:ddb2790c-8d68-49f8-bd13-2d0c1144ba02
2022-05-04 03:18:19,014 [grpc-default-executor-3] INFO  impl.RoleInfo (RoleInfo.java:shutdownFollowerState(108)) - cd15dffe-0bdf-4ded-a416-2706c1d3a8c9: shutdown cd15dffe-0bdf-4ded-a416-2706c1d3a8c9@group-7E785CA2A080-FollowerState
2022-05-04 03:18:19,014 [grpc-default-executor-3] INFO  impl.RoleInfo (RoleInfo.java:updateAndGet(130)) - cd15dffe-0bdf-4ded-a416-2706c1d3a8c9: start cd15dffe-0bdf-4ded-a416-2706c1d3a8c9@group-7E785CA2A080-FollowerState
2022-05-04 03:18:19,014 [cd15dffe-0bdf-4ded-a416-2706c1d3a8c9@group-7E785CA2A080-FollowerState] INFO  impl.FollowerState (FollowerState.java:run(143)) - cd15dffe-0bdf-4ded-a416-2706c1d3a8c9@group-7E785CA2A080-FollowerState was interrupted: {}
java.lang.InterruptedException: sleep interrupted
	at java.lang.Thread.sleep(Native Method)
	at java.lang.Thread.sleep(Thread.java:342)
	at java.util.concurrent.TimeUnit.sleep(TimeUnit.java:386)
	at org.apache.ratis.util.TimeDuration.sleep(TimeDuration.java:324)
	at org.apache.ratis.util.TimeDuration.sleep(TimeDuration.java:309)
	at org.apache.ratis.server.impl.FollowerState.run(FollowerState.java:118)
2022-05-04 03:18:19,016 [grpc-default-executor-5] INFO  impl.VoteContext (VoteContext.java:log(48)) - a4d0b5f9-3282-4cc2-85b1-5a1b13720eaf@group-7E785CA2A080-CANDIDATE: accept ELECTION from ddb2790c-8d68-49f8-bd13-2d0c1144ba02: our priority 0 <= candidate's priority 0
2022-05-04 03:18:19,016 [grpc-default-executor-5] INFO  server.RaftServer$Division (RaftServerImpl.java:setRole(290)) - a4d0b5f9-3282-4cc2-85b1-5a1b13720eaf@group-7E785CA2A080: changes role from CANDIDATE to FOLLOWER at term 7 for candidate:ddb2790c-8d68-49f8-bd13-2d0c1144ba02
2022-05-04 03:18:19,016 [grpc-default-executor-5] INFO  impl.RoleInfo (RoleInfo.java:shutdownLeaderElection(121)) - a4d0b5f9-3282-4cc2-85b1-5a1b13720eaf: shutdown a4d0b5f9-3282-4cc2-85b1-5a1b13720eaf@group-7E785CA2A080-LeaderElection88
2022-05-04 03:18:19,017 [grpc-default-executor-5] INFO  impl.RoleInfo (RoleInfo.java:updateAndGet(130)) - a4d0b5f9-3282-4cc2-85b1-5a1b13720eaf: start a4d0b5f9-3282-4cc2-85b1-5a1b13720eaf@group-7E785CA2A080-FollowerState
2022-05-04 03:18:19,017 [a4d0b5f9-3282-4cc2-85b1-5a1b13720eaf@group-7E785CA2A080-LeaderElection88] INFO  impl.LeaderElection (LeaderElection.java:run(230)) - a4d0b5f9-3282-4cc2-85b1-5a1b13720eaf@group-7E785CA2A080-LeaderElection88: skip running since this is already CLOSING
2022-05-04 03:18:19,021 [grpc-default-executor-5] INFO  server.RaftServer$Division (RaftServerImpl.java:requestVote(1078)) - a4d0b5f9-3282-4cc2-85b1-5a1b13720eaf@group-7E785CA2A080 replies to ELECTION vote request: ddb2790c-8d68-49f8-bd13-2d0c1144ba02<-a4d0b5f9-3282-4cc2-85b1-5a1b13720eaf#0:OK-t7. Peer's state: a4d0b5f9-3282-4cc2-85b1-5a1b13720eaf@group-7E785CA2A080:t7, leader=null, voted=ddb2790c-8d68-49f8-bd13-2d0c1144ba02, raftlog=a4d0b5f9-3282-4cc2-85b1-5a1b13720eaf@group-7E785CA2A080-SegmentedRaftLog:OPENED:c-1, conf=-1: [a4d0b5f9-3282-4cc2-85b1-5a1b13720eaf|rpc:10.1.0.22:43989|priority:0, ddb2790c-8d68-49f8-bd13-2d0c1144ba02|rpc:10.1.0.22:35569|priority:0, cd15dffe-0bdf-4ded-a416-2706c1d3a8c9|rpc:10.1.0.22:40121|priority:1], old=null
2022-05-04 03:18:19,039 [grpc-default-executor-3] INFO  server.RaftServer$Division (RaftServerImpl.java:requestVote(1078)) - cd15dffe-0bdf-4ded-a416-2706c1d3a8c9@group-7E785CA2A080 replies to ELECTION vote request: ddb2790c-8d68-49f8-bd13-2d0c1144ba02<-cd15dffe-0bdf-4ded-a416-2706c1d3a8c9#0:FAIL-t7. Peer's state: cd15dffe-0bdf-4ded-a416-2706c1d3a8c9@group-7E785CA2A080:t7, leader=null, voted=null, raftlog=cd15dffe-0bdf-4ded-a416-2706c1d3a8c9@group-7E785CA2A080-SegmentedRaftLog:OPENED:c-1, conf=-1: [a4d0b5f9-3282-4cc2-85b1-5a1b13720eaf|rpc:10.1.0.22:43989|dataStream:|priority:0, ddb2790c-8d68-49f8-bd13-2d0c1144ba02|rpc:10.1.0.22:35569|dataStream:|priority:0, cd15dffe-0bdf-4ded-a416-2706c1d3a8c9|rpc:10.1.0.22:40121|dataStream:|priority:1], old=null
2022-05-04 03:18:19,040 [ddb2790c-8d68-49f8-bd13-2d0c1144ba02@group-7E785CA2A080-LeaderElection87] INFO  impl.LeaderElection (LeaderElection.java:logAndReturn(89)) - ddb2790c-8d68-49f8-bd13-2d0c1144ba02@group-7E785CA2A080-LeaderElection87: ELECTION REJECTED received 2 response(s) and 0 exception(s):
2022-05-04 03:18:19,040 [ddb2790c-8d68-49f8-bd13-2d0c1144ba02@group-7E785CA2A080-LeaderElection87] INFO  impl.LeaderElection (LeaderElection.java:logAndReturn(93)) -   Response 0: ddb2790c-8d68-49f8-bd13-2d0c1144ba02<-a4d0b5f9-3282-4cc2-85b1-5a1b13720eaf#0:OK-t7
2022-05-04 03:18:19,040 [ddb2790c-8d68-49f8-bd13-2d0c1144ba02@group-7E785CA2A080-LeaderElection87] INFO  impl.LeaderElection (LeaderElection.java:logAndReturn(93)) -   Response 1: ddb2790c-8d68-49f8-bd13-2d0c1144ba02<-cd15dffe-0bdf-4ded-a416-2706c1d3a8c9#0:FAIL-t7
2022-05-04 03:18:19,040 [ddb2790c-8d68-49f8-bd13-2d0c1144ba02@group-7E785CA2A080-LeaderElection87] INFO  impl.LeaderElection (LeaderElection.java:askForVotes(308)) - ddb2790c-8d68-49f8-bd13-2d0c1144ba02@group-7E785CA2A080-LeaderElection87 ELECTION round 0: result REJECTED
2022-05-04 03:18:19,040 [ddb2790c-8d68-49f8-bd13-2d0c1144ba02@group-7E785CA2A080-LeaderElection87] INFO  server.RaftServer$Division (RaftServerImpl.java:setRole(290)) - ddb2790c-8d68-49f8-bd13-2d0c1144ba02@group-7E785CA2A080: changes role from CANDIDATE to FOLLOWER at term 7 for REJECTED
2022-05-04 03:18:19,040 [ddb2790c-8d68-49f8-bd13-2d0c1144ba02@group-7E785CA2A080-LeaderElection87] INFO  impl.RoleInfo (RoleInfo.java:shutdownLeaderElection(121)) - ddb2790c-8d68-49f8-bd13-2d0c1144ba02: shutdown ddb2790c-8d68-49f8-bd13-2d0c1144ba02@group-7E785CA2A080-LeaderElection87
2022-05-04 03:18:19,041 [ddb2790c-8d68-49f8-bd13-2d0c1144ba02@group-7E785CA2A080-LeaderElection87] INFO  impl.RoleInfo (RoleInfo.java:updateAndGet(130)) - ddb2790c-8d68-49f8-bd13-2d0c1144ba02: start ddb2790c-8d68-49f8-bd13-2d0c1144ba02@group-7E785CA2A080-FollowerState
2022-05-04 03:18:24,145 [ddb2790c-8d68-49f8-bd13-2d0c1144ba02@group-7E785CA2A080-FollowerState] INFO  impl.FollowerState (FollowerState.java:run(134)) - ddb2790c-8d68-49f8-bd13-2d0c1144ba02@group-7E785CA2A080-FollowerState: change to CANDIDATE, lastRpcElapsedTime:5104024496ns, electionTimeout:5052ms
2022-05-04 03:18:24,145 [ddb2790c-8d68-49f8-bd13-2d0c1144ba02@group-7E785CA2A080-FollowerState] INFO  impl.RoleInfo (RoleInfo.java:shutdownFollowerState(108)) - ddb2790c-8d68-49f8-bd13-2d0c1144ba02: shutdown ddb2790c-8d68-49f8-bd13-2d0c1144ba02@group-7E785CA2A080-FollowerState
2022-05-04 03:18:24,145 [ddb2790c-8d68-49f8-bd13-2d0c1144ba02@group-7E785CA2A080-FollowerState] INFO  server.RaftServer$Division (RaftServerImpl.java:setRole(290)) - ddb2790c-8d68-49f8-bd13-2d0c1144ba02@group-7E785CA2A080: changes role from  FOLLOWER to CANDIDATE at term 7 for changeToCandidate
2022-05-04 03:18:24,145 [ddb2790c-8d68-49f8-bd13-2d0c1144ba02@group-7E785CA2A080-FollowerState] INFO  server.RaftServerConfigKeys (ConfUtils.java:logGet(44)) - raft.server.leaderelection.pre-vote = false (custom)
2022-05-04 03:18:24,145 [ddb2790c-8d68-49f8-bd13-2d0c1144ba02@group-7E785CA2A080-FollowerState] INFO  impl.RoleInfo (RoleInfo.java:updateAndGet(130)) - ddb2790c-8d68-49f8-bd13-2d0c1144ba02: start ddb2790c-8d68-49f8-bd13-2d0c1144ba02@group-7E785CA2A080-LeaderElection89
2022-05-04 03:18:24,181 [cd15dffe-0bdf-4ded-a416-2706c1d3a8c9@group-7E785CA2A080-FollowerState] INFO  impl.FollowerState (FollowerState.java:run(134)) - cd15dffe-0bdf-4ded-a416-2706c1d3a8c9@group-7E785CA2A080-FollowerState: change to CANDIDATE, lastRpcElapsedTime:5166938591ns, electionTimeout:5150ms
2022-05-04 03:18:24,181 [cd15dffe-0bdf-4ded-a416-2706c1d3a8c9@group-7E785CA2A080-FollowerState] INFO  impl.RoleInfo (RoleInfo.java:shutdownFollowerState(108)) - cd15dffe-0bdf-4ded-a416-2706c1d3a8c9: shutdown cd15dffe-0bdf-4ded-a416-2706c1d3a8c9@group-7E785CA2A080-FollowerState
2022-05-04 03:18:24,182 [cd15dffe-0bdf-4ded-a416-2706c1d3a8c9@group-7E785CA2A080-FollowerState] INFO  server.RaftServer$Division (RaftServerImpl.java:setRole(290)) - cd15dffe-0bdf-4ded-a416-2706c1d3a8c9@group-7E785CA2A080: changes role from  FOLLOWER to CANDIDATE at term 7 for changeToCandidate
2022-05-04 03:18:24,182 [cd15dffe-0bdf-4ded-a416-2706c1d3a8c9@group-7E785CA2A080-FollowerState] INFO  server.RaftServerConfigKeys (ConfUtils.java:logGet(44)) - raft.server.leaderelection.pre-vote = false (custom)
2022-05-04 03:18:24,182 [cd15dffe-0bdf-4ded-a416-2706c1d3a8c9@group-7E785CA2A080-FollowerState] INFO  impl.RoleInfo (RoleInfo.java:updateAndGet(130)) - cd15dffe-0bdf-4ded-a416-2706c1d3a8c9: start cd15dffe-0bdf-4ded-a416-2706c1d3a8c9@group-7E785CA2A080-LeaderElection90
2022-05-04 03:18:24,195 [ddb2790c-8d68-49f8-bd13-2d0c1144ba02@group-7E785CA2A080-LeaderElection89] INFO  impl.LeaderElection (LeaderElection.java:askForVotes(306)) - ddb2790c-8d68-49f8-bd13-2d0c1144ba02@group-7E785CA2A080-LeaderElection89 ELECTION round 0: submit vote requests at term 8 for -1: [a4d0b5f9-3282-4cc2-85b1-5a1b13720eaf|rpc:10.1.0.22:43989|dataStream:|priority:0, ddb2790c-8d68-49f8-bd13-2d0c1144ba02|rpc:10.1.0.22:35569|dataStream:|priority:0, cd15dffe-0bdf-4ded-a416-2706c1d3a8c9|rpc:10.1.0.22:40121|dataStream:|priority:1], old=null
2022-05-04 03:18:24,199 [grpc-default-executor-3] INFO  server.RaftServer$Division (RaftServerImpl.java:requestVote(1046)) - a4d0b5f9-3282-4cc2-85b1-5a1b13720eaf@group-7E785CA2A080: receive requestVote(ELECTION, ddb2790c-8d68-49f8-bd13-2d0c1144ba02, group-7E785CA2A080, 8, (t:0, i:0))
2022-05-04 03:18:24,199 [grpc-default-executor-3] INFO  impl.VoteContext (VoteContext.java:log(48)) - a4d0b5f9-3282-4cc2-85b1-5a1b13720eaf@group-7E785CA2A080-FOLLOWER: accept ELECTION from ddb2790c-8d68-49f8-bd13-2d0c1144ba02: our priority 0 <= candidate's priority 0
2022-05-04 03:18:24,199 [grpc-default-executor-3] INFO  server.RaftServer$Division (RaftServerImpl.java:setRole(290)) - a4d0b5f9-3282-4cc2-85b1-5a1b13720eaf@group-7E785CA2A080: changes role from  FOLLOWER to FOLLOWER at term 8 for candidate:ddb2790c-8d68-49f8-bd13-2d0c1144ba02
2022-05-04 03:18:24,199 [grpc-default-executor-3] INFO  impl.RoleInfo (RoleInfo.java:shutdownFollowerState(108)) - a4d0b5f9-3282-4cc2-85b1-5a1b13720eaf: shutdown a4d0b5f9-3282-4cc2-85b1-5a1b13720eaf@group-7E785CA2A080-FollowerState
2022-05-04 03:18:24,226 [grpc-default-executor-3] INFO  impl.RoleInfo (RoleInfo.java:updateAndGet(130)) - a4d0b5f9-3282-4cc2-85b1-5a1b13720eaf: start a4d0b5f9-3282-4cc2-85b1-5a1b13720eaf@group-7E785CA2A080-FollowerState
2022-05-04 03:18:24,226 [a4d0b5f9-3282-4cc2-85b1-5a1b13720eaf@group-7E785CA2A080-FollowerState] INFO  impl.FollowerState (FollowerState.java:run(143)) - a4d0b5f9-3282-4cc2-85b1-5a1b13720eaf@group-7E785CA2A080-FollowerState was interrupted: {}
java.lang.InterruptedException: sleep interrupted
	at java.lang.Thread.sleep(Native Method)
	at java.lang.Thread.sleep(Thread.java:342)
	at java.util.concurrent.TimeUnit.sleep(TimeUnit.java:386)
	at org.apache.ratis.util.TimeDuration.sleep(TimeDuration.java:324)
	at org.apache.ratis.util.TimeDuration.sleep(TimeDuration.java:309)
	at org.apache.ratis.server.impl.FollowerState.run(FollowerState.java:118)
2022-05-04 03:18:24,228 [cd15dffe-0bdf-4ded-a416-2706c1d3a8c9@group-7E785CA2A080-LeaderElection90] INFO  impl.LeaderElection (LeaderElection.java:askForVotes(306)) - cd15dffe-0bdf-4ded-a416-2706c1d3a8c9@group-7E785CA2A080-LeaderElection90 ELECTION round 0: submit vote requests at term 8 for -1: [a4d0b5f9-3282-4cc2-85b1-5a1b13720eaf|rpc:10.1.0.22:43989|dataStream:|priority:0, ddb2790c-8d68-49f8-bd13-2d0c1144ba02|rpc:10.1.0.22:35569|dataStream:|priority:0, cd15dffe-0bdf-4ded-a416-2706c1d3a8c9|rpc:10.1.0.22:40121|dataStream:|priority:1], old=null
2022-05-04 03:18:24,248 [grpc-default-executor-5] INFO  server.RaftServer$Division (RaftServerImpl.java:requestVote(1046)) - cd15dffe-0bdf-4ded-a416-2706c1d3a8c9@group-7E785CA2A080: receive requestVote(ELECTION, ddb2790c-8d68-49f8-bd13-2d0c1144ba02, group-7E785CA2A080, 8, (t:0, i:0))
2022-05-04 03:18:24,248 [grpc-default-executor-5] INFO  impl.VoteContext (VoteContext.java:log(48)) - cd15dffe-0bdf-4ded-a416-2706c1d3a8c9@group-7E785CA2A080-CANDIDATE: reject ELECTION from ddb2790c-8d68-49f8-bd13-2d0c1144ba02: already has voted for cd15dffe-0bdf-4ded-a416-2706c1d3a8c9 at current term 8
2022-05-04 03:18:24,248 [grpc-default-executor-5] INFO  server.RaftServer$Division (RaftServerImpl.java:requestVote(1078)) - cd15dffe-0bdf-4ded-a416-2706c1d3a8c9@group-7E785CA2A080 replies to ELECTION vote request: ddb2790c-8d68-49f8-bd13-2d0c1144ba02<-cd15dffe-0bdf-4ded-a416-2706c1d3a8c9#0:FAIL-t8. Peer's state: cd15dffe-0bdf-4ded-a416-2706c1d3a8c9@group-7E785CA2A080:t8, leader=null, voted=cd15dffe-0bdf-4ded-a416-2706c1d3a8c9, raftlog=cd15dffe-0bdf-4ded-a416-2706c1d3a8c9@group-7E785CA2A080-SegmentedRaftLog:OPENED:c-1, conf=-1: [a4d0b5f9-3282-4cc2-85b1-5a1b13720eaf|rpc:10.1.0.22:43989|dataStream:|priority:0, ddb2790c-8d68-49f8-bd13-2d0c1144ba02|rpc:10.1.0.22:35569|dataStream:|priority:0, cd15dffe-0bdf-4ded-a416-2706c1d3a8c9|rpc:10.1.0.22:40121|dataStream:|priority:1], old=null
2022-05-04 03:18:24,293 [grpc-default-executor-3] INFO  server.RaftServer$Division (RaftServerImpl.java:requestVote(1078)) - a4d0b5f9-3282-4cc2-85b1-5a1b13720eaf@group-7E785CA2A080 replies to ELECTION vote request: ddb2790c-8d68-49f8-bd13-2d0c1144ba02<-a4d0b5f9-3282-4cc2-85b1-5a1b13720eaf#0:OK-t8. Peer's state: a4d0b5f9-3282-4cc2-85b1-5a1b13720eaf@group-7E785CA2A080:t8, leader=null, voted=ddb2790c-8d68-49f8-bd13-2d0c1144ba02, raftlog=a4d0b5f9-3282-4cc2-85b1-5a1b13720eaf@group-7E785CA2A080-SegmentedRaftLog:OPENED:c-1, conf=-1: [a4d0b5f9-3282-4cc2-85b1-5a1b13720eaf|rpc:10.1.0.22:43989|priority:0, ddb2790c-8d68-49f8-bd13-2d0c1144ba02|rpc:10.1.0.22:35569|priority:0, cd15dffe-0bdf-4ded-a416-2706c1d3a8c9|rpc:10.1.0.22:40121|priority:1], old=null
2022-05-04 03:18:24,368 [grpc-default-executor-3] INFO  server.RaftServer$Division (RaftServerImpl.java:requestVote(1046)) - a4d0b5f9-3282-4cc2-85b1-5a1b13720eaf@group-7E785CA2A080: receive requestVote(ELECTION, cd15dffe-0bdf-4ded-a416-2706c1d3a8c9, group-7E785CA2A080, 8, (t:0, i:0))
2022-05-04 03:18:24,369 [grpc-default-executor-3] INFO  impl.VoteContext (VoteContext.java:log(48)) - a4d0b5f9-3282-4cc2-85b1-5a1b13720eaf@group-7E785CA2A080-FOLLOWER: reject ELECTION from cd15dffe-0bdf-4ded-a416-2706c1d3a8c9: already has voted for ddb2790c-8d68-49f8-bd13-2d0c1144ba02 at current term 8
2022-05-04 03:18:24,369 [grpc-default-executor-3] INFO  server.RaftServer$Division (RaftServerImpl.java:requestVote(1078)) - a4d0b5f9-3282-4cc2-85b1-5a1b13720eaf@group-7E785CA2A080 replies to ELECTION vote request: cd15dffe-0bdf-4ded-a416-2706c1d3a8c9<-a4d0b5f9-3282-4cc2-85b1-5a1b13720eaf#0:FAIL-t8. Peer's state: a4d0b5f9-3282-4cc2-85b1-5a1b13720eaf@group-7E785CA2A080:t8, leader=null, voted=ddb2790c-8d68-49f8-bd13-2d0c1144ba02, raftlog=a4d0b5f9-3282-4cc2-85b1-5a1b13720eaf@group-7E785CA2A080-SegmentedRaftLog:OPENED:c-1, conf=-1: [a4d0b5f9-3282-4cc2-85b1-5a1b13720eaf|rpc:10.1.0.22:43989|priority:0, ddb2790c-8d68-49f8-bd13-2d0c1144ba02|rpc:10.1.0.22:35569|priority:0, cd15dffe-0bdf-4ded-a416-2706c1d3a8c9|rpc:10.1.0.22:40121|priority:1], old=null
2022-05-04 03:18:24,368 [ddb2790c-8d68-49f8-bd13-2d0c1144ba02@group-7E785CA2A080-LeaderElection89] INFO  impl.LeaderElection (LeaderElection.java:logAndReturn(89)) - ddb2790c-8d68-49f8-bd13-2d0c1144ba02@group-7E785CA2A080-LeaderElection89: ELECTION REJECTED received 1 response(s) and 0 exception(s):
2022-05-04 03:18:24,369 [ddb2790c-8d68-49f8-bd13-2d0c1144ba02@group-7E785CA2A080-LeaderElection89] INFO  impl.LeaderElection (LeaderElection.java:logAndReturn(93)) -   Response 0: ddb2790c-8d68-49f8-bd13-2d0c1144ba02<-cd15dffe-0bdf-4ded-a416-2706c1d3a8c9#0:FAIL-t8
2022-05-04 03:18:24,369 [ddb2790c-8d68-49f8-bd13-2d0c1144ba02@group-7E785CA2A080-LeaderElection89] INFO  impl.LeaderElection (LeaderElection.java:askForVotes(308)) - ddb2790c-8d68-49f8-bd13-2d0c1144ba02@group-7E785CA2A080-LeaderElection89 ELECTION round 0: result REJECTED
2022-05-04 03:18:24,369 [ddb2790c-8d68-49f8-bd13-2d0c1144ba02@group-7E785CA2A080-LeaderElection89] INFO  server.RaftServer$Division (RaftServerImpl.java:setRole(290)) - ddb2790c-8d68-49f8-bd13-2d0c1144ba02@group-7E785CA2A080: changes role from CANDIDATE to FOLLOWER at term 8 for REJECTED
2022-05-04 03:18:24,369 [ddb2790c-8d68-49f8-bd13-2d0c1144ba02@group-7E785CA2A080-LeaderElection89] INFO  impl.RoleInfo (RoleInfo.java:shutdownLeaderElection(121)) - ddb2790c-8d68-49f8-bd13-2d0c1144ba02: shutdown ddb2790c-8d68-49f8-bd13-2d0c1144ba02@group-7E785CA2A080-LeaderElection89
2022-05-04 03:18:24,369 [ddb2790c-8d68-49f8-bd13-2d0c1144ba02@group-7E785CA2A080-LeaderElection89] INFO  impl.RoleInfo (RoleInfo.java:updateAndGet(130)) - ddb2790c-8d68-49f8-bd13-2d0c1144ba02: start ddb2790c-8d68-49f8-bd13-2d0c1144ba02@group-7E785CA2A080-FollowerState
2022-05-04 03:18:24,370 [grpc-default-executor-5] INFO  server.RaftServer$Division (RaftServerImpl.java:requestVote(1046)) - ddb2790c-8d68-49f8-bd13-2d0c1144ba02@group-7E785CA2A080: receive requestVote(ELECTION, cd15dffe-0bdf-4ded-a416-2706c1d3a8c9, group-7E785CA2A080, 8, (t:0, i:0))
2022-05-04 03:18:24,432 [grpc-default-executor-5] INFO  impl.VoteContext (VoteContext.java:log(48)) - ddb2790c-8d68-49f8-bd13-2d0c1144ba02@group-7E785CA2A080-FOLLOWER: reject ELECTION from cd15dffe-0bdf-4ded-a416-2706c1d3a8c9: already has voted for ddb2790c-8d68-49f8-bd13-2d0c1144ba02 at current term 8
2022-05-04 03:18:24,432 [grpc-default-executor-5] INFO  server.RaftServer$Division (RaftServerImpl.java:requestVote(1078)) - ddb2790c-8d68-49f8-bd13-2d0c1144ba02@group-7E785CA2A080 replies to ELECTION vote request: cd15dffe-0bdf-4ded-a416-2706c1d3a8c9<-ddb2790c-8d68-49f8-bd13-2d0c1144ba02#0:FAIL-t8. Peer's state: ddb2790c-8d68-49f8-bd13-2d0c1144ba02@group-7E785CA2A080:t8, leader=null, voted=ddb2790c-8d68-49f8-bd13-2d0c1144ba02, raftlog=ddb2790c-8d68-49f8-bd13-2d0c1144ba02@group-7E785CA2A080-SegmentedRaftLog:OPENED:c-1, conf=-1: [a4d0b5f9-3282-4cc2-85b1-5a1b13720eaf|rpc:10.1.0.22:43989|dataStream:|priority:0, ddb2790c-8d68-49f8-bd13-2d0c1144ba02|rpc:10.1.0.22:35569|dataStream:|priority:0, cd15dffe-0bdf-4ded-a416-2706c1d3a8c9|rpc:10.1.0.22:40121|dataStream:|priority:1], old=null
2022-05-04 03:18:24,433 [cd15dffe-0bdf-4ded-a416-2706c1d3a8c9@group-7E785CA2A080-LeaderElection90] INFO  impl.LeaderElection (LeaderElection.java:logAndReturn(89)) - cd15dffe-0bdf-4ded-a416-2706c1d3a8c9@group-7E785CA2A080-LeaderElection90: ELECTION REJECTED received 2 response(s) and 0 exception(s):
2022-05-04 03:18:24,433 [cd15dffe-0bdf-4ded-a416-2706c1d3a8c9@group-7E785CA2A080-LeaderElection90] INFO  impl.LeaderElection (LeaderElection.java:logAndReturn(93)) -   Response 0: cd15dffe-0bdf-4ded-a416-2706c1d3a8c9<-a4d0b5f9-3282-4cc2-85b1-5a1b13720eaf#0:FAIL-t8
2022-05-04 03:18:24,433 [cd15dffe-0bdf-4ded-a416-2706c1d3a8c9@group-7E785CA2A080-LeaderElection90] INFO  impl.LeaderElection (LeaderElection.java:logAndReturn(93)) -   Response 1: cd15dffe-0bdf-4ded-a416-2706c1d3a8c9<-ddb2790c-8d68-49f8-bd13-2d0c1144ba02#0:FAIL-t8
2022-05-04 03:18:24,433 [cd15dffe-0bdf-4ded-a416-2706c1d3a8c9@group-7E785CA2A080-LeaderElection90] INFO  impl.LeaderElection (LeaderElection.java:askForVotes(308)) - cd15dffe-0bdf-4ded-a416-2706c1d3a8c9@group-7E785CA2A080-LeaderElection90 ELECTION round 0: result REJECTED
2022-05-04 03:18:24,434 [cd15dffe-0bdf-4ded-a416-2706c1d3a8c9@group-7E785CA2A080-LeaderElection90] INFO  server.RaftServer$Division (RaftServerImpl.java:setRole(290)) - cd15dffe-0bdf-4ded-a416-2706c1d3a8c9@group-7E785CA2A080: changes role from CANDIDATE to FOLLOWER at term 8 for REJECTED
2022-05-04 03:18:24,434 [cd15dffe-0bdf-4ded-a416-2706c1d3a8c9@group-7E785CA2A080-LeaderElection90] INFO  impl.RoleInfo (RoleInfo.java:shutdownLeaderElection(121)) - cd15dffe-0bdf-4ded-a416-2706c1d3a8c9: shutdown cd15dffe-0bdf-4ded-a416-2706c1d3a8c9@group-7E785CA2A080-LeaderElection90
2022-05-04 03:18:24,434 [cd15dffe-0bdf-4ded-a416-2706c1d3a8c9@group-7E785CA2A080-LeaderElection90] INFO  impl.RoleInfo (RoleInfo.java:updateAndGet(130)) - cd15dffe-0bdf-4ded-a416-2706c1d3a8c9: start cd15dffe-0bdf-4ded-a416-2706c1d3a8c9@group-7E785CA2A080-FollowerState
2022-05-04 03:18:29,463 [a4d0b5f9-3282-4cc2-85b1-5a1b13720eaf@group-7E785CA2A080-FollowerState] INFO  impl.FollowerState (FollowerState.java:run(134)) - a4d0b5f9-3282-4cc2-85b1-5a1b13720eaf@group-7E785CA2A080-FollowerState: change to CANDIDATE, lastRpcElapsedTime:5170372062ns, electionTimeout:5161ms
2022-05-04 03:18:29,464 [a4d0b5f9-3282-4cc2-85b1-5a1b13720eaf@group-7E785CA2A080-FollowerState] INFO  impl.RoleInfo (RoleInfo.java:shutdownFollowerState(108)) - a4d0b5f9-3282-4cc2-85b1-5a1b13720eaf: shutdown a4d0b5f9-3282-4cc2-85b1-5a1b13720eaf@group-7E785CA2A080-FollowerState
2022-05-04 03:18:29,464 [a4d0b5f9-3282-4cc2-85b1-5a1b13720eaf@group-7E785CA2A080-FollowerState] INFO  server.RaftServer$Division (RaftServerImpl.java:setRole(290)) - a4d0b5f9-3282-4cc2-85b1-5a1b13720eaf@group-7E785CA2A080: changes role from  FOLLOWER to CANDIDATE at term 8 for changeToCandidate
2022-05-04 03:18:29,464 [a4d0b5f9-3282-4cc2-85b1-5a1b13720eaf@group-7E785CA2A080-FollowerState] INFO  server.RaftServerConfigKeys (ConfUtils.java:logGet(44)) - raft.server.leaderelection.pre-vote = false (custom)
2022-05-04 03:18:29,464 [a4d0b5f9-3282-4cc2-85b1-5a1b13720eaf@group-7E785CA2A080-FollowerState] INFO  impl.RoleInfo (RoleInfo.java:updateAndGet(130)) - a4d0b5f9-3282-4cc2-85b1-5a1b13720eaf: start a4d0b5f9-3282-4cc2-85b1-5a1b13720eaf@group-7E785CA2A080-LeaderElection91
2022-05-04 03:18:29,537 [a4d0b5f9-3282-4cc2-85b1-5a1b13720eaf@group-7E785CA2A080-LeaderElection91] INFO  impl.LeaderElection (LeaderElection.java:askForVotes(306)) - a4d0b5f9-3282-4cc2-85b1-5a1b13720eaf@group-7E785CA2A080-LeaderElection91 ELECTION round 0: submit vote requests at term 9 for -1: [a4d0b5f9-3282-4cc2-85b1-5a1b13720eaf|rpc:10.1.0.22:43989|priority:0, ddb2790c-8d68-49f8-bd13-2d0c1144ba02|rpc:10.1.0.22:35569|priority:0, cd15dffe-0bdf-4ded-a416-2706c1d3a8c9|rpc:10.1.0.22:40121|priority:1], old=null
2022-05-04 03:18:29,551 [ddb2790c-8d68-49f8-bd13-2d0c1144ba02@group-7E785CA2A080-FollowerState] INFO  impl.FollowerState (FollowerState.java:run(134)) - ddb2790c-8d68-49f8-bd13-2d0c1144ba02@group-7E785CA2A080-FollowerState: change to CANDIDATE, lastRpcElapsedTime:5181280564ns, electionTimeout:5118ms
2022-05-04 03:18:29,551 [ddb2790c-8d68-49f8-bd13-2d0c1144ba02@group-7E785CA2A080-FollowerState] INFO  impl.RoleInfo (RoleInfo.java:shutdownFollowerState(108)) - ddb2790c-8d68-49f8-bd13-2d0c1144ba02: shutdown ddb2790c-8d68-49f8-bd13-2d0c1144ba02@group-7E785CA2A080-FollowerState
2022-05-04 03:18:29,551 [ddb2790c-8d68-49f8-bd13-2d0c1144ba02@group-7E785CA2A080-FollowerState] INFO  server.RaftServer$Division (RaftServerImpl.java:setRole(290)) - ddb2790c-8d68-49f8-bd13-2d0c1144ba02@group-7E785CA2A080: changes role from  FOLLOWER to CANDIDATE at term 8 for changeToCandidate
2022-05-04 03:18:29,578 [grpc-default-executor-3] INFO  server.RaftServer$Division (RaftServerImpl.java:requestVote(1046)) - ddb2790c-8d68-49f8-bd13-2d0c1144ba02@group-7E785CA2A080: receive requestVote(ELECTION, a4d0b5f9-3282-4cc2-85b1-5a1b13720eaf, group-7E785CA2A080, 9, (t:0, i:0))
2022-05-04 03:18:29,611 [grpc-default-executor-5] INFO  server.RaftServer$Division (RaftServerImpl.java:requestVote(1046)) - cd15dffe-0bdf-4ded-a416-2706c1d3a8c9@group-7E785CA2A080: receive requestVote(ELECTION, a4d0b5f9-3282-4cc2-85b1-5a1b13720eaf, group-7E785CA2A080, 9, (t:0, i:0))
2022-05-04 03:18:29,611 [grpc-default-executor-5] INFO  impl.VoteContext (VoteContext.java:log(48)) - cd15dffe-0bdf-4ded-a416-2706c1d3a8c9@group-7E785CA2A080-FOLLOWER: reject ELECTION from a4d0b5f9-3282-4cc2-85b1-5a1b13720eaf: our priority 1 > candidate's priority 0
2022-05-04 03:18:29,611 [grpc-default-executor-5] INFO  server.RaftServer$Division (RaftServerImpl.java:setRole(290)) - cd15dffe-0bdf-4ded-a416-2706c1d3a8c9@group-7E785CA2A080: changes role from  FOLLOWER to FOLLOWER at term 9 for candidate:a4d0b5f9-3282-4cc2-85b1-5a1b13720eaf
2022-05-04 03:18:29,611 [grpc-default-executor-5] INFO  impl.RoleInfo (RoleInfo.java:shutdownFollowerState(108)) - cd15dffe-0bdf-4ded-a416-2706c1d3a8c9: shutdown cd15dffe-0bdf-4ded-a416-2706c1d3a8c9@group-7E785CA2A080-FollowerState
2022-05-04 03:18:29,612 [grpc-default-executor-5] INFO  impl.RoleInfo (RoleInfo.java:updateAndGet(130)) - cd15dffe-0bdf-4ded-a416-2706c1d3a8c9: start cd15dffe-0bdf-4ded-a416-2706c1d3a8c9@group-7E785CA2A080-FollowerState
2022-05-04 03:18:29,612 [cd15dffe-0bdf-4ded-a416-2706c1d3a8c9@group-7E785CA2A080-FollowerState] INFO  impl.FollowerState (FollowerState.java:run(143)) - cd15dffe-0bdf-4ded-a416-2706c1d3a8c9@group-7E785CA2A080-FollowerState was interrupted: {}
java.lang.InterruptedException: sleep interrupted
	at java.lang.Thread.sleep(Native Method)
	at java.lang.Thread.sleep(Thread.java:342)
	at java.util.concurrent.TimeUnit.sleep(TimeUnit.java:386)
	at org.apache.ratis.util.TimeDuration.sleep(TimeDuration.java:324)
	at org.apache.ratis.util.TimeDuration.sleep(TimeDuration.java:309)
	at org.apache.ratis.server.impl.FollowerState.run(FollowerState.java:118)
2022-05-04 03:18:29,643 [ddb2790c-8d68-49f8-bd13-2d0c1144ba02@group-7E785CA2A080-FollowerState] INFO  server.RaftServerConfigKeys (ConfUtils.java:logGet(44)) - raft.server.leaderelection.pre-vote = false (custom)
2022-05-04 03:18:29,643 [ddb2790c-8d68-49f8-bd13-2d0c1144ba02@group-7E785CA2A080-FollowerState] INFO  impl.RoleInfo (RoleInfo.java:updateAndGet(130)) - ddb2790c-8d68-49f8-bd13-2d0c1144ba02: start ddb2790c-8d68-49f8-bd13-2d0c1144ba02@group-7E785CA2A080-LeaderElection92
2022-05-04 03:18:29,647 [grpc-default-executor-5] INFO  server.RaftServer$Division (RaftServerImpl.java:requestVote(1078)) - cd15dffe-0bdf-4ded-a416-2706c1d3a8c9@group-7E785CA2A080 replies to ELECTION vote request: a4d0b5f9-3282-4cc2-85b1-5a1b13720eaf<-cd15dffe-0bdf-4ded-a416-2706c1d3a8c9#0:FAIL-t9. Peer's state: cd15dffe-0bdf-4ded-a416-2706c1d3a8c9@group-7E785CA2A080:t9, leader=null, voted=null, raftlog=cd15dffe-0bdf-4ded-a416-2706c1d3a8c9@group-7E785CA2A080-SegmentedRaftLog:OPENED:c-1, conf=-1: [a4d0b5f9-3282-4cc2-85b1-5a1b13720eaf|rpc:10.1.0.22:43989|dataStream:|priority:0, ddb2790c-8d68-49f8-bd13-2d0c1144ba02|rpc:10.1.0.22:35569|dataStream:|priority:0, cd15dffe-0bdf-4ded-a416-2706c1d3a8c9|rpc:10.1.0.22:40121|dataStream:|priority:1], old=null
2022-05-04 03:18:29,696 [grpc-default-executor-3] INFO  impl.VoteContext (VoteContext.java:log(48)) - ddb2790c-8d68-49f8-bd13-2d0c1144ba02@group-7E785CA2A080-CANDIDATE: accept ELECTION from a4d0b5f9-3282-4cc2-85b1-5a1b13720eaf: our priority 0 <= candidate's priority 0
2022-05-04 03:18:29,696 [grpc-default-executor-3] INFO  server.RaftServer$Division (RaftServerImpl.java:setRole(290)) - ddb2790c-8d68-49f8-bd13-2d0c1144ba02@group-7E785CA2A080: changes role from CANDIDATE to FOLLOWER at term 9 for candidate:a4d0b5f9-3282-4cc2-85b1-5a1b13720eaf
2022-05-04 03:18:29,696 [grpc-default-executor-3] INFO  impl.RoleInfo (RoleInfo.java:shutdownLeaderElection(121)) - ddb2790c-8d68-49f8-bd13-2d0c1144ba02: shutdown ddb2790c-8d68-49f8-bd13-2d0c1144ba02@group-7E785CA2A080-LeaderElection92
2022-05-04 03:18:29,696 [grpc-default-executor-3] INFO  impl.RoleInfo (RoleInfo.java:updateAndGet(130)) - ddb2790c-8d68-49f8-bd13-2d0c1144ba02: start ddb2790c-8d68-49f8-bd13-2d0c1144ba02@group-7E785CA2A080-FollowerState
2022-05-04 03:18:29,742 [a4d0b5f9-3282-4cc2-85b1-5a1b13720eaf@group-7E785CA2A080-LeaderElection91] INFO  impl.LeaderElection (LeaderElection.java:logAndReturn(89)) - a4d0b5f9-3282-4cc2-85b1-5a1b13720eaf@group-7E785CA2A080-LeaderElection91: ELECTION REJECTED received 1 response(s) and 0 exception(s):
2022-05-04 03:18:29,742 [a4d0b5f9-3282-4cc2-85b1-5a1b13720eaf@group-7E785CA2A080-LeaderElection91] INFO  impl.LeaderElection (LeaderElection.java:logAndReturn(93)) -   Response 0: a4d0b5f9-3282-4cc2-85b1-5a1b13720eaf<-cd15dffe-0bdf-4ded-a416-2706c1d3a8c9#0:FAIL-t9
2022-05-04 03:18:29,742 [a4d0b5f9-3282-4cc2-85b1-5a1b13720eaf@group-7E785CA2A080-LeaderElection91] INFO  impl.LeaderElection (LeaderElection.java:askForVotes(308)) - a4d0b5f9-3282-4cc2-85b1-5a1b13720eaf@group-7E785CA2A080-LeaderElection91 ELECTION round 0: result REJECTED
2022-05-04 03:18:29,742 [a4d0b5f9-3282-4cc2-85b1-5a1b13720eaf@group-7E785CA2A080-LeaderElection91] INFO  server.RaftServer$Division (RaftServerImpl.java:setRole(290)) - a4d0b5f9-3282-4cc2-85b1-5a1b13720eaf@group-7E785CA2A080: changes role from CANDIDATE to FOLLOWER at term 9 for REJECTED
2022-05-04 03:18:29,742 [a4d0b5f9-3282-4cc2-85b1-5a1b13720eaf@group-7E785CA2A080-LeaderElection91] INFO  impl.RoleInfo (RoleInfo.java:shutdownLeaderElection(121)) - a4d0b5f9-3282-4cc2-85b1-5a1b13720eaf: shutdown a4d0b5f9-3282-4cc2-85b1-5a1b13720eaf@group-7E785CA2A080-LeaderElection91
2022-05-04 03:18:29,742 [a4d0b5f9-3282-4cc2-85b1-5a1b13720eaf@group-7E785CA2A080-LeaderElection91] INFO  impl.RoleInfo (RoleInfo.java:updateAndGet(130)) - a4d0b5f9-3282-4cc2-85b1-5a1b13720eaf: start a4d0b5f9-3282-4cc2-85b1-5a1b13720eaf@group-7E785CA2A080-FollowerState
2022-05-04 03:18:29,744 [grpc-default-executor-3] INFO  server.RaftServer$Division (RaftServerImpl.java:requestVote(1078)) - ddb2790c-8d68-49f8-bd13-2d0c1144ba02@group-7E785CA2A080 replies to ELECTION vote request: a4d0b5f9-3282-4cc2-85b1-5a1b13720eaf<-ddb2790c-8d68-49f8-bd13-2d0c1144ba02#0:OK-t9. Peer's state: ddb2790c-8d68-49f8-bd13-2d0c1144ba02@group-7E785CA2A080:t9, leader=null, voted=a4d0b5f9-3282-4cc2-85b1-5a1b13720eaf, raftlog=ddb2790c-8d68-49f8-bd13-2d0c1144ba02@group-7E785CA2A080-SegmentedRaftLog:OPENED:c-1, conf=-1: [a4d0b5f9-3282-4cc2-85b1-5a1b13720eaf|rpc:10.1.0.22:43989|dataStream:|priority:0, ddb2790c-8d68-49f8-bd13-2d0c1144ba02|rpc:10.1.0.22:35569|dataStream:|priority:0, cd15dffe-0bdf-4ded-a416-2706c1d3a8c9|rpc:10.1.0.22:40121|dataStream:|priority:1], old=null
]]></system-out>
  </testcase>
  <testcase name="testRenameToDifferentBucket" classname="TestRootedOzoneFileSystem" time="0.096">
    <system-out><![CDATA[2022-05-04 03:12:52,123 [Time-limited test] INFO  rpc.RpcClient (RpcClient.java:createVolume(448)) - Creating Volume: volume91627, with user90157 as owner and space quota set to -1 bytes, counts quota set to -1
2022-05-04 03:12:52,125 [OM StateMachine ApplyTransaction Thread - 0] INFO  volume.OMVolumeCreateRequest (OMVolumeCreateRequest.java:validateAndUpdateCache(195)) - created volume:volume91627 for user:user90157
2022-05-04 03:12:52,128 [Time-limited test] INFO  rpc.RpcClient (RpcClient.java:createBucket(637)) - Creating Bucket: volume91627/bucket45701, with runner as owner and Versioning false and Storage Type set to DISK and Encryption set to false 
2022-05-04 03:12:52,129 [OM StateMachine ApplyTransaction Thread - 0] INFO  bucket.OMBucketCreateRequest (OMBucketCreateRequest.java:validateAndUpdateCache(258)) - created bucket: bucket45701 of layout LEGACY in volume: volume91627
]]></system-out>
  </testcase>
  <testcase name="testRenameToDifferentBucket" classname="TestRootedOzoneFileSystem" time="0.11">
    <system-out><![CDATA[2022-05-04 03:14:11,075 [Time-limited test] INFO  rpc.RpcClient (RpcClient.java:createVolume(448)) - Creating Volume: volume00178, with user11849 as owner and space quota set to -1 bytes, counts quota set to -1
2022-05-04 03:14:11,078 [OM StateMachine ApplyTransaction Thread - 0] INFO  volume.OMVolumeCreateRequest (OMVolumeCreateRequest.java:validateAndUpdateCache(195)) - created volume:volume00178 for user:user11849
2022-05-04 03:14:11,086 [Time-limited test] INFO  rpc.RpcClient (RpcClient.java:createBucket(637)) - Creating Bucket: volume00178/bucket73075, with runner as owner and Versioning false and Storage Type set to DISK and Encryption set to false 
2022-05-04 03:14:11,087 [OM StateMachine ApplyTransaction Thread - 0] INFO  bucket.OMBucketCreateRequest (OMBucketCreateRequest.java:validateAndUpdateCache(258)) - created bucket: bucket73075 of layout LEGACY in volume: volume00178
]]></system-out>
  </testcase>
  <testcase name="testRenameToDifferentBucket" classname="TestRootedOzoneFileSystem" time="0.234">
    <system-out><![CDATA[2022-05-04 03:15:28,576 [Time-limited test] INFO  rpc.RpcClient (RpcClient.java:createVolume(448)) - Creating Volume: volume80191, with user51054 as owner and space quota set to -1 bytes, counts quota set to -1
2022-05-04 03:15:28,578 [IPC Server handler 9 on default port 33297] INFO  volume.OMVolumeCreateRequest (OMVolumeCreateRequest.java:validateAndUpdateCache(195)) - created volume:volume80191 for user:user51054
2022-05-04 03:15:28,583 [Time-limited test] INFO  rpc.RpcClient (RpcClient.java:createBucket(637)) - Creating Bucket: volume80191/bucket39058, with runner as owner and Versioning false and Storage Type set to DISK and Encryption set to false 
2022-05-04 03:15:28,584 [IPC Server handler 6 on default port 33297] INFO  bucket.OMBucketCreateRequest (OMBucketCreateRequest.java:validateAndUpdateCache(258)) - created bucket: bucket39058 of layout LEGACY in volume: volume80191
]]></system-out>
  </testcase>
  <testcase name="testRenameToDifferentBucket" classname="TestRootedOzoneFileSystem" time="0.096">
    <system-out><![CDATA[2022-05-04 03:16:58,297 [Time-limited test] INFO  rpc.RpcClient (RpcClient.java:createVolume(448)) - Creating Volume: volume92402, with user03631 as owner and space quota set to -1 bytes, counts quota set to -1
2022-05-04 03:16:58,302 [OM StateMachine ApplyTransaction Thread - 0] INFO  volume.OMVolumeCreateRequest (OMVolumeCreateRequest.java:validateAndUpdateCache(195)) - created volume:volume92402 for user:user03631
2022-05-04 03:16:58,306 [Time-limited test] INFO  rpc.RpcClient (RpcClient.java:createBucket(637)) - Creating Bucket: volume92402/bucket45383, with runner as owner and Versioning false and Storage Type set to DISK and Encryption set to false 
2022-05-04 03:16:58,307 [OM StateMachine ApplyTransaction Thread - 0] INFO  bucket.OMBucketCreateRequest (OMBucketCreateRequest.java:validateAndUpdateCache(258)) - created bucket: bucket45383 of layout LEGACY in volume: volume92402
]]></system-out>
  </testcase>
  <testcase name="testRenameToDifferentBucket" classname="TestRootedOzoneFileSystem" time="0.193">
    <system-out><![CDATA[2022-05-04 03:18:32,124 [Time-limited test] INFO  rpc.RpcClient (RpcClient.java:createVolume(448)) - Creating Volume: volume05792, with user25765 as owner and space quota set to -1 bytes, counts quota set to -1
2022-05-04 03:18:32,139 [IPC Server handler 6 on default port 33661] INFO  volume.OMVolumeCreateRequest (OMVolumeCreateRequest.java:validateAndUpdateCache(195)) - created volume:volume05792 for user:user25765
2022-05-04 03:18:32,180 [Time-limited test] INFO  rpc.RpcClient (RpcClient.java:createBucket(637)) - Creating Bucket: volume05792/bucket68225, with runner as owner and Versioning false and Storage Type set to DISK and Encryption set to false 
2022-05-04 03:18:32,182 [IPC Server handler 5 on default port 33661] INFO  bucket.OMBucketCreateRequest (OMBucketCreateRequest.java:validateAndUpdateCache(258)) - created bucket: bucket68225 of layout LEGACY in volume: volume05792
]]></system-out>
  </testcase>
  <testcase name="testBucketDefaultsShouldBeInheritedToFileForEC" classname="TestRootedOzoneFileSystem" time="0.566">
    <system-out><![CDATA[2022-05-04 03:12:52,204 [Time-limited test] INFO  rpc.RpcClient (RpcClient.java:createVolume(448)) - Creating Volume: volume24808, with user08252 as owner and space quota set to -1 bytes, counts quota set to -1
2022-05-04 03:12:52,206 [OM StateMachine ApplyTransaction Thread - 0] INFO  volume.OMVolumeCreateRequest (OMVolumeCreateRequest.java:validateAndUpdateCache(195)) - created volume:volume24808 for user:user08252
2022-05-04 03:12:52,210 [Time-limited test] INFO  rpc.RpcClient (RpcClient.java:createBucket(637)) - Creating Bucket: volume24808/bucket61731, with runner as owner and Versioning false and Storage Type set to DISK and Encryption set to false 
2022-05-04 03:12:52,212 [OM StateMachine ApplyTransaction Thread - 0] INFO  bucket.OMBucketCreateRequest (OMBucketCreateRequest.java:validateAndUpdateCache(258)) - created bucket: bucket61731 of layout LEGACY in volume: volume24808
2022-05-04 03:12:52,243 [Time-limited test] INFO  rpc.RpcClient (RpcClient.java:createVolume(448)) - Creating Volume: 657908bf-3e0d-49cb-9ad3-5f559746218d, with user16496 as owner and space quota set to -1 bytes, counts quota set to -1
2022-05-04 03:12:52,245 [OM StateMachine ApplyTransaction Thread - 0] INFO  volume.OMVolumeCreateRequest (OMVolumeCreateRequest.java:validateAndUpdateCache(195)) - created volume:657908bf-3e0d-49cb-9ad3-5f559746218d for user:user16496
2022-05-04 03:12:52,247 [Time-limited test] INFO  rpc.RpcClient (RpcClient.java:createBucket(637)) - Creating Bucket: 657908bf-3e0d-49cb-9ad3-5f559746218d/26e18017-96b5-40e2-8d08-ff1cfa697877, with runner as owner and Versioning false and Storage Type set to DISK and Encryption set to false 
2022-05-04 03:12:52,255 [OM StateMachine ApplyTransaction Thread - 0] INFO  bucket.OMBucketCreateRequest (OMBucketCreateRequest.java:validateAndUpdateCache(258)) - created bucket: 26e18017-96b5-40e2-8d08-ff1cfa697877 of layout LEGACY in volume: 657908bf-3e0d-49cb-9ad3-5f559746218d
2022-05-04 03:12:52,265 [IPC Server handler 16 on default port 35637] INFO  pipeline.PipelineStateManagerImpl (PipelineStateManagerImpl.java:addPipeline(101)) - Created pipeline Pipeline[ Id: 327a2c62-9b00-4dc0-8e24-0bd9fc008f2e, Nodes: 4b39aedb-a905-4bcc-a0b6-39bcb2a8de85{ip: 10.1.0.22, host: fv-az270-73.tacnzluakwdehk1hpragurqkma.bx.internal.cloudapp.net, ports: [REPLICATION=34555, RATIS=36309, RATIS_ADMIN=36309, RATIS_SERVER=36309, STANDALONE=41017], networkLocation: /default-rack, certSerialId: null, persistedOpState: null, persistedOpStateExpiryEpochSec: 0}1817b7b7-4a19-400c-8305-9266227179fd{ip: 10.1.0.22, host: fv-az270-73.tacnzluakwdehk1hpragurqkma.bx.internal.cloudapp.net, ports: [REPLICATION=40635, RATIS=45037, RATIS_ADMIN=45037, RATIS_SERVER=45037, STANDALONE=39195], networkLocation: /default-rack, certSerialId: null, persistedOpState: null, persistedOpStateExpiryEpochSec: 0}a19ab64f-4ee1-44f8-9d4b-aa6978bd5e11{ip: 10.1.0.22, host: fv-az270-73.tacnzluakwdehk1hpragurqkma.bx.internal.cloudapp.net, ports: [REPLICATION=42969, RATIS=39339, RATIS_ADMIN=39339, RATIS_SERVER=39339, STANDALONE=40861], networkLocation: /default-rack, certSerialId: null, persistedOpState: null, persistedOpStateExpiryEpochSec: 0}b9a08944-19c1-40d4-9246-1b7a50d62b45{ip: 10.1.0.22, host: fv-az270-73.tacnzluakwdehk1hpragurqkma.bx.internal.cloudapp.net, ports: [REPLICATION=38797, RATIS=41135, RATIS_ADMIN=41135, RATIS_SERVER=41135, STANDALONE=36969], networkLocation: /default-rack, certSerialId: null, persistedOpState: null, persistedOpStateExpiryEpochSec: 0}e24c98b1-b028-4277-b303-73506c407d4f{ip: 10.1.0.22, host: fv-az270-73.tacnzluakwdehk1hpragurqkma.bx.internal.cloudapp.net, ports: [REPLICATION=39115, RATIS=45653, RATIS_ADMIN=45653, RATIS_SERVER=45653, STANDALONE=39819], networkLocation: /default-rack, certSerialId: null, persistedOpState: null, persistedOpStateExpiryEpochSec: 0}, ReplicationConfig: EC/ECReplicationConfig{data=3, parity=2, ecChunkSize=1024, codec=rs}, State:ALLOCATED, leaderId:, CreationTimestamp2022-05-04T03:12:52.265Z[Etc/UTC]].
2022-05-04 03:12:52,266 [IPC Server handler 16 on default port 35637] INFO  pipeline.PipelineManagerImpl (PipelineManagerImpl.java:openPipeline(328)) - Pipeline Pipeline[ Id: 327a2c62-9b00-4dc0-8e24-0bd9fc008f2e, Nodes: 4b39aedb-a905-4bcc-a0b6-39bcb2a8de85{ip: 10.1.0.22, host: fv-az270-73.tacnzluakwdehk1hpragurqkma.bx.internal.cloudapp.net, ports: [REPLICATION=34555, RATIS=36309, RATIS_ADMIN=36309, RATIS_SERVER=36309, STANDALONE=41017], networkLocation: /default-rack, certSerialId: null, persistedOpState: null, persistedOpStateExpiryEpochSec: 0}1817b7b7-4a19-400c-8305-9266227179fd{ip: 10.1.0.22, host: fv-az270-73.tacnzluakwdehk1hpragurqkma.bx.internal.cloudapp.net, ports: [REPLICATION=40635, RATIS=45037, RATIS_ADMIN=45037, RATIS_SERVER=45037, STANDALONE=39195], networkLocation: /default-rack, certSerialId: null, persistedOpState: null, persistedOpStateExpiryEpochSec: 0}a19ab64f-4ee1-44f8-9d4b-aa6978bd5e11{ip: 10.1.0.22, host: fv-az270-73.tacnzluakwdehk1hpragurqkma.bx.internal.cloudapp.net, ports: [REPLICATION=42969, RATIS=39339, RATIS_ADMIN=39339, RATIS_SERVER=39339, STANDALONE=40861], networkLocation: /default-rack, certSerialId: null, persistedOpState: null, persistedOpStateExpiryEpochSec: 0}b9a08944-19c1-40d4-9246-1b7a50d62b45{ip: 10.1.0.22, host: fv-az270-73.tacnzluakwdehk1hpragurqkma.bx.internal.cloudapp.net, ports: [REPLICATION=38797, RATIS=41135, RATIS_ADMIN=41135, RATIS_SERVER=41135, STANDALONE=36969], networkLocation: /default-rack, certSerialId: null, persistedOpState: null, persistedOpStateExpiryEpochSec: 0}e24c98b1-b028-4277-b303-73506c407d4f{ip: 10.1.0.22, host: fv-az270-73.tacnzluakwdehk1hpragurqkma.bx.internal.cloudapp.net, ports: [REPLICATION=39115, RATIS=45653, RATIS_ADMIN=45653, RATIS_SERVER=45653, STANDALONE=39819], networkLocation: /default-rack, certSerialId: null, persistedOpState: null, persistedOpStateExpiryEpochSec: 0}, ReplicationConfig: EC/ECReplicationConfig{data=3, parity=2, ecChunkSize=1024, codec=rs}, State:ALLOCATED, leaderId:, CreationTimestamp2022-05-04T03:12:52.265Z[Etc/UTC]] moved to OPEN state
2022-05-04 03:12:52,313 [Time-limited test] WARN  erasurecode.ErasureCodeNative (ErasureCodeNative.java:<clinit>(55)) - ISA-L support is not available in your platform... using builtin-java codec where applicable
]]></system-out>
  </testcase>
  <testcase name="testBucketDefaultsShouldBeInheritedToFileForEC" classname="TestRootedOzoneFileSystem" time="0.666">
    <system-out><![CDATA[2022-05-04 03:14:11,226 [Time-limited test] INFO  rpc.RpcClient (RpcClient.java:createVolume(448)) - Creating Volume: volume19234, with user39538 as owner and space quota set to -1 bytes, counts quota set to -1
2022-05-04 03:14:11,230 [OM StateMachine ApplyTransaction Thread - 0] INFO  volume.OMVolumeCreateRequest (OMVolumeCreateRequest.java:validateAndUpdateCache(195)) - created volume:volume19234 for user:user39538
2022-05-04 03:14:11,231 [Time-limited test] INFO  rpc.RpcClient (RpcClient.java:createBucket(637)) - Creating Bucket: volume19234/bucket78782, with runner as owner and Versioning false and Storage Type set to DISK and Encryption set to false 
2022-05-04 03:14:11,233 [OM StateMachine ApplyTransaction Thread - 0] INFO  bucket.OMBucketCreateRequest (OMBucketCreateRequest.java:validateAndUpdateCache(258)) - created bucket: bucket78782 of layout LEGACY in volume: volume19234
2022-05-04 03:14:11,312 [Time-limited test] INFO  rpc.RpcClient (RpcClient.java:createVolume(448)) - Creating Volume: 3314ed53-2788-4ce9-862d-b1312d08b84c, with user11721 as owner and space quota set to -1 bytes, counts quota set to -1
2022-05-04 03:14:11,316 [OM StateMachine ApplyTransaction Thread - 0] INFO  volume.OMVolumeCreateRequest (OMVolumeCreateRequest.java:validateAndUpdateCache(195)) - created volume:3314ed53-2788-4ce9-862d-b1312d08b84c for user:user11721
2022-05-04 03:14:11,317 [Time-limited test] INFO  rpc.RpcClient (RpcClient.java:createBucket(637)) - Creating Bucket: 3314ed53-2788-4ce9-862d-b1312d08b84c/77ebf790-af51-4ddd-a0f3-985ed0b076f4, with runner as owner and Versioning false and Storage Type set to DISK and Encryption set to false 
2022-05-04 03:14:11,319 [OM StateMachine ApplyTransaction Thread - 0] INFO  bucket.OMBucketCreateRequest (OMBucketCreateRequest.java:validateAndUpdateCache(258)) - created bucket: 77ebf790-af51-4ddd-a0f3-985ed0b076f4 of layout LEGACY in volume: 3314ed53-2788-4ce9-862d-b1312d08b84c
2022-05-04 03:14:11,331 [IPC Server handler 15 on default port 34247] INFO  pipeline.PipelineStateManagerImpl (PipelineStateManagerImpl.java:addPipeline(101)) - Created pipeline Pipeline[ Id: 860e3926-9a5b-43a6-b79f-f87fa5de4ecd, Nodes: 3d91fce6-fc2e-4974-9eab-0da46cd4cdf8{ip: 10.1.0.22, host: fv-az270-73.tacnzluakwdehk1hpragurqkma.bx.internal.cloudapp.net, ports: [REPLICATION=46207, RATIS=40237, RATIS_ADMIN=40237, RATIS_SERVER=40237, STANDALONE=41123], networkLocation: /default-rack, certSerialId: null, persistedOpState: null, persistedOpStateExpiryEpochSec: 0}705521b5-205e-4d49-a04d-535d0918c68b{ip: 10.1.0.22, host: fv-az270-73.tacnzluakwdehk1hpragurqkma.bx.internal.cloudapp.net, ports: [REPLICATION=41785, RATIS=46011, RATIS_ADMIN=46011, RATIS_SERVER=46011, STANDALONE=33061], networkLocation: /default-rack, certSerialId: null, persistedOpState: null, persistedOpStateExpiryEpochSec: 0}9ace1e14-f881-4507-a05e-99749d739bd9{ip: 10.1.0.22, host: fv-az270-73.tacnzluakwdehk1hpragurqkma.bx.internal.cloudapp.net, ports: [REPLICATION=46061, RATIS=36395, RATIS_ADMIN=36395, RATIS_SERVER=36395, STANDALONE=36947], networkLocation: /default-rack, certSerialId: null, persistedOpState: null, persistedOpStateExpiryEpochSec: 0}36a35a51-0c22-4b27-95e9-15250fb09d2f{ip: 10.1.0.22, host: fv-az270-73.tacnzluakwdehk1hpragurqkma.bx.internal.cloudapp.net, ports: [REPLICATION=41943, RATIS=41095, RATIS_ADMIN=41095, RATIS_SERVER=41095, STANDALONE=41715], networkLocation: /default-rack, certSerialId: null, persistedOpState: null, persistedOpStateExpiryEpochSec: 0}50786c60-577d-4d1d-b3bc-3dc2ae741836{ip: 10.1.0.22, host: fv-az270-73.tacnzluakwdehk1hpragurqkma.bx.internal.cloudapp.net, ports: [REPLICATION=38525, RATIS=42585, RATIS_ADMIN=42585, RATIS_SERVER=42585, STANDALONE=39033], networkLocation: /default-rack, certSerialId: null, persistedOpState: null, persistedOpStateExpiryEpochSec: 0}, ReplicationConfig: EC/ECReplicationConfig{data=3, parity=2, ecChunkSize=1024, codec=rs}, State:ALLOCATED, leaderId:, CreationTimestamp2022-05-04T03:14:11.327Z[Etc/UTC]].
2022-05-04 03:14:11,331 [IPC Server handler 15 on default port 34247] INFO  pipeline.PipelineManagerImpl (PipelineManagerImpl.java:openPipeline(328)) - Pipeline Pipeline[ Id: 860e3926-9a5b-43a6-b79f-f87fa5de4ecd, Nodes: 3d91fce6-fc2e-4974-9eab-0da46cd4cdf8{ip: 10.1.0.22, host: fv-az270-73.tacnzluakwdehk1hpragurqkma.bx.internal.cloudapp.net, ports: [REPLICATION=46207, RATIS=40237, RATIS_ADMIN=40237, RATIS_SERVER=40237, STANDALONE=41123], networkLocation: /default-rack, certSerialId: null, persistedOpState: null, persistedOpStateExpiryEpochSec: 0}705521b5-205e-4d49-a04d-535d0918c68b{ip: 10.1.0.22, host: fv-az270-73.tacnzluakwdehk1hpragurqkma.bx.internal.cloudapp.net, ports: [REPLICATION=41785, RATIS=46011, RATIS_ADMIN=46011, RATIS_SERVER=46011, STANDALONE=33061], networkLocation: /default-rack, certSerialId: null, persistedOpState: null, persistedOpStateExpiryEpochSec: 0}9ace1e14-f881-4507-a05e-99749d739bd9{ip: 10.1.0.22, host: fv-az270-73.tacnzluakwdehk1hpragurqkma.bx.internal.cloudapp.net, ports: [REPLICATION=46061, RATIS=36395, RATIS_ADMIN=36395, RATIS_SERVER=36395, STANDALONE=36947], networkLocation: /default-rack, certSerialId: null, persistedOpState: null, persistedOpStateExpiryEpochSec: 0}36a35a51-0c22-4b27-95e9-15250fb09d2f{ip: 10.1.0.22, host: fv-az270-73.tacnzluakwdehk1hpragurqkma.bx.internal.cloudapp.net, ports: [REPLICATION=41943, RATIS=41095, RATIS_ADMIN=41095, RATIS_SERVER=41095, STANDALONE=41715], networkLocation: /default-rack, certSerialId: null, persistedOpState: null, persistedOpStateExpiryEpochSec: 0}50786c60-577d-4d1d-b3bc-3dc2ae741836{ip: 10.1.0.22, host: fv-az270-73.tacnzluakwdehk1hpragurqkma.bx.internal.cloudapp.net, ports: [REPLICATION=38525, RATIS=42585, RATIS_ADMIN=42585, RATIS_SERVER=42585, STANDALONE=39033], networkLocation: /default-rack, certSerialId: null, persistedOpState: null, persistedOpStateExpiryEpochSec: 0}, ReplicationConfig: EC/ECReplicationConfig{data=3, parity=2, ecChunkSize=1024, codec=rs}, State:ALLOCATED, leaderId:, CreationTimestamp2022-05-04T03:14:11.327Z[Etc/UTC]] moved to OPEN state
]]></system-out>
  </testcase>
  <testcase name="testBucketDefaultsShouldBeInheritedToFileForEC" classname="TestRootedOzoneFileSystem" time="0.938">
    <system-out><![CDATA[2022-05-04 03:15:28,762 [Time-limited test] INFO  rpc.RpcClient (RpcClient.java:createVolume(448)) - Creating Volume: volume85363, with user14679 as owner and space quota set to -1 bytes, counts quota set to -1
2022-05-04 03:15:28,764 [IPC Server handler 12 on default port 33297] INFO  volume.OMVolumeCreateRequest (OMVolumeCreateRequest.java:validateAndUpdateCache(195)) - created volume:volume85363 for user:user14679
2022-05-04 03:15:28,766 [Time-limited test] INFO  rpc.RpcClient (RpcClient.java:createBucket(637)) - Creating Bucket: volume85363/bucket57973, with runner as owner and Versioning false and Storage Type set to DISK and Encryption set to false 
2022-05-04 03:15:28,767 [IPC Server handler 4 on default port 33297] INFO  bucket.OMBucketCreateRequest (OMBucketCreateRequest.java:validateAndUpdateCache(258)) - created bucket: bucket57973 of layout LEGACY in volume: volume85363
2022-05-04 03:15:28,834 [Time-limited test] INFO  rpc.RpcClient (RpcClient.java:createVolume(448)) - Creating Volume: 8d80d2a6-4e15-49f9-9107-647f0846f5de, with user08493 as owner and space quota set to -1 bytes, counts quota set to -1
2022-05-04 03:15:28,835 [IPC Server handler 0 on default port 33297] INFO  volume.OMVolumeCreateRequest (OMVolumeCreateRequest.java:validateAndUpdateCache(195)) - created volume:8d80d2a6-4e15-49f9-9107-647f0846f5de for user:user08493
2022-05-04 03:15:28,842 [Time-limited test] INFO  rpc.RpcClient (RpcClient.java:createBucket(637)) - Creating Bucket: 8d80d2a6-4e15-49f9-9107-647f0846f5de/2dc8bcf7-c272-4c16-9827-a1d06016f9d0, with runner as owner and Versioning false and Storage Type set to DISK and Encryption set to false 
2022-05-04 03:15:28,847 [IPC Server handler 8 on default port 33297] INFO  bucket.OMBucketCreateRequest (OMBucketCreateRequest.java:validateAndUpdateCache(258)) - created bucket: 2dc8bcf7-c272-4c16-9827-a1d06016f9d0 of layout LEGACY in volume: 8d80d2a6-4e15-49f9-9107-647f0846f5de
2022-05-04 03:15:28,855 [IPC Server handler 19 on default port 44687] INFO  pipeline.PipelineStateManagerImpl (PipelineStateManagerImpl.java:addPipeline(101)) - Created pipeline Pipeline[ Id: 5e85a56f-32e6-4de6-8f96-305a1f4b8652, Nodes: 47ce570f-7478-41dc-b1ba-c530780a94a3{ip: 10.1.0.22, host: fv-az270-73.tacnzluakwdehk1hpragurqkma.bx.internal.cloudapp.net, ports: [REPLICATION=32977, RATIS=40881, RATIS_ADMIN=40881, RATIS_SERVER=40881, STANDALONE=37411], networkLocation: /default-rack, certSerialId: null, persistedOpState: null, persistedOpStateExpiryEpochSec: 0}98143395-768c-4dea-963c-0497ad077c38{ip: 10.1.0.22, host: fv-az270-73.tacnzluakwdehk1hpragurqkma.bx.internal.cloudapp.net, ports: [REPLICATION=46007, RATIS=35919, RATIS_ADMIN=35919, RATIS_SERVER=35919, STANDALONE=45007], networkLocation: /default-rack, certSerialId: null, persistedOpState: null, persistedOpStateExpiryEpochSec: 0}d1c741a3-95ba-43ba-a813-64349d05dc91{ip: 10.1.0.22, host: fv-az270-73.tacnzluakwdehk1hpragurqkma.bx.internal.cloudapp.net, ports: [REPLICATION=41273, RATIS=42905, RATIS_ADMIN=42905, RATIS_SERVER=42905, STANDALONE=41897], networkLocation: /default-rack, certSerialId: null, persistedOpState: null, persistedOpStateExpiryEpochSec: 0}94eff94b-5675-4cb0-a39c-290792b903c4{ip: 10.1.0.22, host: fv-az270-73.tacnzluakwdehk1hpragurqkma.bx.internal.cloudapp.net, ports: [REPLICATION=43917, RATIS=35275, RATIS_ADMIN=35275, RATIS_SERVER=35275, STANDALONE=40937], networkLocation: /default-rack, certSerialId: null, persistedOpState: null, persistedOpStateExpiryEpochSec: 0}b8405861-e810-457b-9581-dead971c3a14{ip: 10.1.0.22, host: fv-az270-73.tacnzluakwdehk1hpragurqkma.bx.internal.cloudapp.net, ports: [REPLICATION=36471, RATIS=40547, RATIS_ADMIN=40547, RATIS_SERVER=40547, STANDALONE=39927], networkLocation: /default-rack, certSerialId: null, persistedOpState: null, persistedOpStateExpiryEpochSec: 0}, ReplicationConfig: EC/ECReplicationConfig{data=3, parity=2, ecChunkSize=1024, codec=rs}, State:ALLOCATED, leaderId:, CreationTimestamp2022-05-04T03:15:28.854Z[Etc/UTC]].
2022-05-04 03:15:28,856 [IPC Server handler 19 on default port 44687] INFO  pipeline.PipelineManagerImpl (PipelineManagerImpl.java:openPipeline(328)) - Pipeline Pipeline[ Id: 5e85a56f-32e6-4de6-8f96-305a1f4b8652, Nodes: 47ce570f-7478-41dc-b1ba-c530780a94a3{ip: 10.1.0.22, host: fv-az270-73.tacnzluakwdehk1hpragurqkma.bx.internal.cloudapp.net, ports: [REPLICATION=32977, RATIS=40881, RATIS_ADMIN=40881, RATIS_SERVER=40881, STANDALONE=37411], networkLocation: /default-rack, certSerialId: null, persistedOpState: null, persistedOpStateExpiryEpochSec: 0}98143395-768c-4dea-963c-0497ad077c38{ip: 10.1.0.22, host: fv-az270-73.tacnzluakwdehk1hpragurqkma.bx.internal.cloudapp.net, ports: [REPLICATION=46007, RATIS=35919, RATIS_ADMIN=35919, RATIS_SERVER=35919, STANDALONE=45007], networkLocation: /default-rack, certSerialId: null, persistedOpState: null, persistedOpStateExpiryEpochSec: 0}d1c741a3-95ba-43ba-a813-64349d05dc91{ip: 10.1.0.22, host: fv-az270-73.tacnzluakwdehk1hpragurqkma.bx.internal.cloudapp.net, ports: [REPLICATION=41273, RATIS=42905, RATIS_ADMIN=42905, RATIS_SERVER=42905, STANDALONE=41897], networkLocation: /default-rack, certSerialId: null, persistedOpState: null, persistedOpStateExpiryEpochSec: 0}94eff94b-5675-4cb0-a39c-290792b903c4{ip: 10.1.0.22, host: fv-az270-73.tacnzluakwdehk1hpragurqkma.bx.internal.cloudapp.net, ports: [REPLICATION=43917, RATIS=35275, RATIS_ADMIN=35275, RATIS_SERVER=35275, STANDALONE=40937], networkLocation: /default-rack, certSerialId: null, persistedOpState: null, persistedOpStateExpiryEpochSec: 0}b8405861-e810-457b-9581-dead971c3a14{ip: 10.1.0.22, host: fv-az270-73.tacnzluakwdehk1hpragurqkma.bx.internal.cloudapp.net, ports: [REPLICATION=36471, RATIS=40547, RATIS_ADMIN=40547, RATIS_SERVER=40547, STANDALONE=39927], networkLocation: /default-rack, certSerialId: null, persistedOpState: null, persistedOpStateExpiryEpochSec: 0}, ReplicationConfig: EC/ECReplicationConfig{data=3, parity=2, ecChunkSize=1024, codec=rs}, State:ALLOCATED, leaderId:, CreationTimestamp2022-05-04T03:15:28.854Z[Etc/UTC]] moved to OPEN state
]]></system-out>
  </testcase>
  <testcase name="testBucketDefaultsShouldBeInheritedToFileForEC" classname="TestRootedOzoneFileSystem" time="0.788">
    <system-out><![CDATA[2022-05-04 03:16:58,401 [Time-limited test] INFO  rpc.RpcClient (RpcClient.java:createVolume(448)) - Creating Volume: volume35315, with user97973 as owner and space quota set to -1 bytes, counts quota set to -1
2022-05-04 03:16:58,403 [OM StateMachine ApplyTransaction Thread - 0] INFO  volume.OMVolumeCreateRequest (OMVolumeCreateRequest.java:validateAndUpdateCache(195)) - created volume:volume35315 for user:user97973
2022-05-04 03:16:58,406 [Time-limited test] INFO  rpc.RpcClient (RpcClient.java:createBucket(637)) - Creating Bucket: volume35315/bucket28311, with runner as owner and Versioning false and Storage Type set to DISK and Encryption set to false 
2022-05-04 03:16:58,412 [OM StateMachine ApplyTransaction Thread - 0] INFO  bucket.OMBucketCreateRequest (OMBucketCreateRequest.java:validateAndUpdateCache(258)) - created bucket: bucket28311 of layout LEGACY in volume: volume35315
2022-05-04 03:16:58,501 [Time-limited test] INFO  rpc.RpcClient (RpcClient.java:createVolume(448)) - Creating Volume: 9f9aaf12-92f8-4fb5-986e-cb265a58bf72, with user73497 as owner and space quota set to -1 bytes, counts quota set to -1
2022-05-04 03:16:58,505 [OM StateMachine ApplyTransaction Thread - 0] INFO  volume.OMVolumeCreateRequest (OMVolumeCreateRequest.java:validateAndUpdateCache(195)) - created volume:9f9aaf12-92f8-4fb5-986e-cb265a58bf72 for user:user73497
2022-05-04 03:16:58,506 [Time-limited test] INFO  rpc.RpcClient (RpcClient.java:createBucket(637)) - Creating Bucket: 9f9aaf12-92f8-4fb5-986e-cb265a58bf72/0127df67-d473-46b7-87b1-412f88781505, with runner as owner and Versioning false and Storage Type set to DISK and Encryption set to false 
2022-05-04 03:16:58,507 [OM StateMachine ApplyTransaction Thread - 0] INFO  bucket.OMBucketCreateRequest (OMBucketCreateRequest.java:validateAndUpdateCache(258)) - created bucket: 0127df67-d473-46b7-87b1-412f88781505 of layout LEGACY in volume: 9f9aaf12-92f8-4fb5-986e-cb265a58bf72
2022-05-04 03:16:58,532 [IPC Server handler 11 on default port 39281] INFO  pipeline.PipelineStateManagerImpl (PipelineStateManagerImpl.java:addPipeline(101)) - Created pipeline Pipeline[ Id: c7911704-c2d1-4b3e-b126-7236f008d027, Nodes: caf96a51-3937-4eef-9499-ab2654641799{ip: 10.1.0.22, host: fv-az270-73.tacnzluakwdehk1hpragurqkma.bx.internal.cloudapp.net, ports: [REPLICATION=40205, RATIS=39685, RATIS_ADMIN=39685, RATIS_SERVER=39685, STANDALONE=42769], networkLocation: /default-rack, certSerialId: null, persistedOpState: null, persistedOpStateExpiryEpochSec: 0}fdc42406-f03d-49b8-be8d-aa07467fef04{ip: 10.1.0.22, host: fv-az270-73.tacnzluakwdehk1hpragurqkma.bx.internal.cloudapp.net, ports: [REPLICATION=39801, RATIS=46357, RATIS_ADMIN=46357, RATIS_SERVER=46357, STANDALONE=35609], networkLocation: /default-rack, certSerialId: null, persistedOpState: null, persistedOpStateExpiryEpochSec: 0}e0500e2c-224c-46df-a4cf-d9aa21623822{ip: 10.1.0.22, host: fv-az270-73.tacnzluakwdehk1hpragurqkma.bx.internal.cloudapp.net, ports: [REPLICATION=36511, RATIS=41873, RATIS_ADMIN=41873, RATIS_SERVER=41873, STANDALONE=43807], networkLocation: /default-rack, certSerialId: null, persistedOpState: null, persistedOpStateExpiryEpochSec: 0}023e6ea0-0ef1-4794-8f75-07cc698c5b0d{ip: 10.1.0.22, host: fv-az270-73.tacnzluakwdehk1hpragurqkma.bx.internal.cloudapp.net, ports: [REPLICATION=35965, RATIS=42169, RATIS_ADMIN=42169, RATIS_SERVER=42169, STANDALONE=46599], networkLocation: /default-rack, certSerialId: null, persistedOpState: null, persistedOpStateExpiryEpochSec: 0}a0b83c72-bcfb-411f-a16b-571d8bd3b520{ip: 10.1.0.22, host: fv-az270-73.tacnzluakwdehk1hpragurqkma.bx.internal.cloudapp.net, ports: [REPLICATION=45623, RATIS=41023, RATIS_ADMIN=41023, RATIS_SERVER=41023, STANDALONE=38577], networkLocation: /default-rack, certSerialId: null, persistedOpState: null, persistedOpStateExpiryEpochSec: 0}, ReplicationConfig: EC/ECReplicationConfig{data=3, parity=2, ecChunkSize=1024, codec=rs}, State:ALLOCATED, leaderId:, CreationTimestamp2022-05-04T03:16:58.523Z[Etc/UTC]].
2022-05-04 03:16:58,533 [IPC Server handler 11 on default port 39281] INFO  pipeline.PipelineManagerImpl (PipelineManagerImpl.java:openPipeline(328)) - Pipeline Pipeline[ Id: c7911704-c2d1-4b3e-b126-7236f008d027, Nodes: caf96a51-3937-4eef-9499-ab2654641799{ip: 10.1.0.22, host: fv-az270-73.tacnzluakwdehk1hpragurqkma.bx.internal.cloudapp.net, ports: [REPLICATION=40205, RATIS=39685, RATIS_ADMIN=39685, RATIS_SERVER=39685, STANDALONE=42769], networkLocation: /default-rack, certSerialId: null, persistedOpState: null, persistedOpStateExpiryEpochSec: 0}fdc42406-f03d-49b8-be8d-aa07467fef04{ip: 10.1.0.22, host: fv-az270-73.tacnzluakwdehk1hpragurqkma.bx.internal.cloudapp.net, ports: [REPLICATION=39801, RATIS=46357, RATIS_ADMIN=46357, RATIS_SERVER=46357, STANDALONE=35609], networkLocation: /default-rack, certSerialId: null, persistedOpState: null, persistedOpStateExpiryEpochSec: 0}e0500e2c-224c-46df-a4cf-d9aa21623822{ip: 10.1.0.22, host: fv-az270-73.tacnzluakwdehk1hpragurqkma.bx.internal.cloudapp.net, ports: [REPLICATION=36511, RATIS=41873, RATIS_ADMIN=41873, RATIS_SERVER=41873, STANDALONE=43807], networkLocation: /default-rack, certSerialId: null, persistedOpState: null, persistedOpStateExpiryEpochSec: 0}023e6ea0-0ef1-4794-8f75-07cc698c5b0d{ip: 10.1.0.22, host: fv-az270-73.tacnzluakwdehk1hpragurqkma.bx.internal.cloudapp.net, ports: [REPLICATION=35965, RATIS=42169, RATIS_ADMIN=42169, RATIS_SERVER=42169, STANDALONE=46599], networkLocation: /default-rack, certSerialId: null, persistedOpState: null, persistedOpStateExpiryEpochSec: 0}a0b83c72-bcfb-411f-a16b-571d8bd3b520{ip: 10.1.0.22, host: fv-az270-73.tacnzluakwdehk1hpragurqkma.bx.internal.cloudapp.net, ports: [REPLICATION=45623, RATIS=41023, RATIS_ADMIN=41023, RATIS_SERVER=41023, STANDALONE=38577], networkLocation: /default-rack, certSerialId: null, persistedOpState: null, persistedOpStateExpiryEpochSec: 0}, ReplicationConfig: EC/ECReplicationConfig{data=3, parity=2, ecChunkSize=1024, codec=rs}, State:ALLOCATED, leaderId:, CreationTimestamp2022-05-04T03:16:58.523Z[Etc/UTC]] moved to OPEN state
]]></system-out>
  </testcase>
  <testcase name="testBucketDefaultsShouldBeInheritedToFileForEC" classname="TestRootedOzoneFileSystem" time="1.147">
    <system-out><![CDATA[2022-05-04 03:18:32,362 [Time-limited test] INFO  rpc.RpcClient (RpcClient.java:createVolume(448)) - Creating Volume: volume96143, with user83313 as owner and space quota set to -1 bytes, counts quota set to -1
2022-05-04 03:18:32,363 [IPC Server handler 2 on default port 33661] INFO  volume.OMVolumeCreateRequest (OMVolumeCreateRequest.java:validateAndUpdateCache(195)) - created volume:volume96143 for user:user83313
2022-05-04 03:18:32,370 [Time-limited test] INFO  rpc.RpcClient (RpcClient.java:createBucket(637)) - Creating Bucket: volume96143/bucket55610, with runner as owner and Versioning false and Storage Type set to DISK and Encryption set to false 
2022-05-04 03:18:32,371 [IPC Server handler 18 on default port 33661] INFO  bucket.OMBucketCreateRequest (OMBucketCreateRequest.java:validateAndUpdateCache(258)) - created bucket: bucket55610 of layout LEGACY in volume: volume96143
2022-05-04 03:18:32,626 [Time-limited test] INFO  rpc.RpcClient (RpcClient.java:createVolume(448)) - Creating Volume: f5f5e94d-510e-45fb-95d6-1a7eed4416e3, with user82783 as owner and space quota set to -1 bytes, counts quota set to -1
2022-05-04 03:18:32,627 [IPC Server handler 19 on default port 33661] INFO  volume.OMVolumeCreateRequest (OMVolumeCreateRequest.java:validateAndUpdateCache(195)) - created volume:f5f5e94d-510e-45fb-95d6-1a7eed4416e3 for user:user82783
2022-05-04 03:18:32,629 [Time-limited test] INFO  rpc.RpcClient (RpcClient.java:createBucket(637)) - Creating Bucket: f5f5e94d-510e-45fb-95d6-1a7eed4416e3/5fcc4fb8-672b-4f5b-bc7f-2be47dfb055b, with runner as owner and Versioning false and Storage Type set to DISK and Encryption set to false 
2022-05-04 03:18:32,630 [IPC Server handler 15 on default port 33661] INFO  bucket.OMBucketCreateRequest (OMBucketCreateRequest.java:validateAndUpdateCache(258)) - created bucket: 5fcc4fb8-672b-4f5b-bc7f-2be47dfb055b of layout LEGACY in volume: f5f5e94d-510e-45fb-95d6-1a7eed4416e3
2022-05-04 03:18:32,659 [IPC Server handler 6 on default port 42525] INFO  pipeline.PipelineStateManagerImpl (PipelineStateManagerImpl.java:addPipeline(101)) - Created pipeline Pipeline[ Id: 32d92607-f166-4c05-affb-0634c06520c8, Nodes: cd15dffe-0bdf-4ded-a416-2706c1d3a8c9{ip: 10.1.0.22, host: fv-az270-73.tacnzluakwdehk1hpragurqkma.bx.internal.cloudapp.net, ports: [REPLICATION=36803, RATIS=40121, RATIS_ADMIN=40121, RATIS_SERVER=40121, STANDALONE=36805], networkLocation: /default-rack, certSerialId: null, persistedOpState: null, persistedOpStateExpiryEpochSec: 0}ddb2790c-8d68-49f8-bd13-2d0c1144ba02{ip: 10.1.0.22, host: fv-az270-73.tacnzluakwdehk1hpragurqkma.bx.internal.cloudapp.net, ports: [REPLICATION=36899, RATIS=35569, RATIS_ADMIN=35569, RATIS_SERVER=35569, STANDALONE=41659], networkLocation: /default-rack, certSerialId: null, persistedOpState: null, persistedOpStateExpiryEpochSec: 0}a4d0b5f9-3282-4cc2-85b1-5a1b13720eaf{ip: 10.1.0.22, host: fv-az270-73.tacnzluakwdehk1hpragurqkma.bx.internal.cloudapp.net, ports: [REPLICATION=44421, RATIS=43989, RATIS_ADMIN=43989, RATIS_SERVER=43989, STANDALONE=36309], networkLocation: /default-rack, certSerialId: null, persistedOpState: null, persistedOpStateExpiryEpochSec: 0}f25b635b-b6f8-420f-998e-fbfb8716aa93{ip: 10.1.0.22, host: fv-az270-73.tacnzluakwdehk1hpragurqkma.bx.internal.cloudapp.net, ports: [REPLICATION=44153, RATIS=43499, RATIS_ADMIN=43499, RATIS_SERVER=43499, STANDALONE=44355], networkLocation: /default-rack, certSerialId: null, persistedOpState: null, persistedOpStateExpiryEpochSec: 0}2019c0d5-291f-4376-b04f-04da087b6ced{ip: 10.1.0.22, host: fv-az270-73.tacnzluakwdehk1hpragurqkma.bx.internal.cloudapp.net, ports: [REPLICATION=36465, RATIS=39105, RATIS_ADMIN=39105, RATIS_SERVER=39105, STANDALONE=46229], networkLocation: /default-rack, certSerialId: null, persistedOpState: null, persistedOpStateExpiryEpochSec: 0}, ReplicationConfig: EC/ECReplicationConfig{data=3, parity=2, ecChunkSize=1024, codec=rs}, State:ALLOCATED, leaderId:, CreationTimestamp2022-05-04T03:18:32.655Z[Etc/UTC]].
2022-05-04 03:18:32,660 [IPC Server handler 6 on default port 42525] INFO  pipeline.PipelineManagerImpl (PipelineManagerImpl.java:openPipeline(328)) - Pipeline Pipeline[ Id: 32d92607-f166-4c05-affb-0634c06520c8, Nodes: cd15dffe-0bdf-4ded-a416-2706c1d3a8c9{ip: 10.1.0.22, host: fv-az270-73.tacnzluakwdehk1hpragurqkma.bx.internal.cloudapp.net, ports: [REPLICATION=36803, RATIS=40121, RATIS_ADMIN=40121, RATIS_SERVER=40121, STANDALONE=36805], networkLocation: /default-rack, certSerialId: null, persistedOpState: null, persistedOpStateExpiryEpochSec: 0}ddb2790c-8d68-49f8-bd13-2d0c1144ba02{ip: 10.1.0.22, host: fv-az270-73.tacnzluakwdehk1hpragurqkma.bx.internal.cloudapp.net, ports: [REPLICATION=36899, RATIS=35569, RATIS_ADMIN=35569, RATIS_SERVER=35569, STANDALONE=41659], networkLocation: /default-rack, certSerialId: null, persistedOpState: null, persistedOpStateExpiryEpochSec: 0}a4d0b5f9-3282-4cc2-85b1-5a1b13720eaf{ip: 10.1.0.22, host: fv-az270-73.tacnzluakwdehk1hpragurqkma.bx.internal.cloudapp.net, ports: [REPLICATION=44421, RATIS=43989, RATIS_ADMIN=43989, RATIS_SERVER=43989, STANDALONE=36309], networkLocation: /default-rack, certSerialId: null, persistedOpState: null, persistedOpStateExpiryEpochSec: 0}f25b635b-b6f8-420f-998e-fbfb8716aa93{ip: 10.1.0.22, host: fv-az270-73.tacnzluakwdehk1hpragurqkma.bx.internal.cloudapp.net, ports: [REPLICATION=44153, RATIS=43499, RATIS_ADMIN=43499, RATIS_SERVER=43499, STANDALONE=44355], networkLocation: /default-rack, certSerialId: null, persistedOpState: null, persistedOpStateExpiryEpochSec: 0}2019c0d5-291f-4376-b04f-04da087b6ced{ip: 10.1.0.22, host: fv-az270-73.tacnzluakwdehk1hpragurqkma.bx.internal.cloudapp.net, ports: [REPLICATION=36465, RATIS=39105, RATIS_ADMIN=39105, RATIS_SERVER=39105, STANDALONE=46229], networkLocation: /default-rack, certSerialId: null, persistedOpState: null, persistedOpStateExpiryEpochSec: 0}, ReplicationConfig: EC/ECReplicationConfig{data=3, parity=2, ecChunkSize=1024, codec=rs}, State:ALLOCATED, leaderId:, CreationTimestamp2022-05-04T03:18:32.655Z[Etc/UTC]] moved to OPEN state
]]></system-out>
  </testcase>
  <testcase name="testListStatusInBucket" classname="TestRootedOzoneFileSystem" time="0.073">
    <system-out><![CDATA[2022-05-04 03:12:52,767 [Time-limited test] INFO  rpc.RpcClient (RpcClient.java:createVolume(448)) - Creating Volume: volume60191, with user16126 as owner and space quota set to -1 bytes, counts quota set to -1
2022-05-04 03:12:52,770 [OM StateMachine ApplyTransaction Thread - 0] INFO  volume.OMVolumeCreateRequest (OMVolumeCreateRequest.java:validateAndUpdateCache(195)) - created volume:volume60191 for user:user16126
2022-05-04 03:12:52,771 [Time-limited test] INFO  rpc.RpcClient (RpcClient.java:createBucket(637)) - Creating Bucket: volume60191/bucket35311, with runner as owner and Versioning false and Storage Type set to DISK and Encryption set to false 
2022-05-04 03:12:52,774 [OM StateMachine ApplyTransaction Thread - 0] INFO  bucket.OMBucketCreateRequest (OMBucketCreateRequest.java:validateAndUpdateCache(258)) - created bucket: bucket35311 of layout LEGACY in volume: volume60191
]]></system-out>
  </testcase>
  <testcase name="testListStatusInBucket" classname="TestRootedOzoneFileSystem" time="0.126">
    <system-out><![CDATA[2022-05-04 03:14:11,867 [Time-limited test] INFO  rpc.RpcClient (RpcClient.java:createVolume(448)) - Creating Volume: volume40791, with user31483 as owner and space quota set to -1 bytes, counts quota set to -1
2022-05-04 03:14:11,876 [OM StateMachine ApplyTransaction Thread - 0] INFO  volume.OMVolumeCreateRequest (OMVolumeCreateRequest.java:validateAndUpdateCache(195)) - created volume:volume40791 for user:user31483
2022-05-04 03:14:11,877 [Time-limited test] INFO  rpc.RpcClient (RpcClient.java:createBucket(637)) - Creating Bucket: volume40791/bucket20973, with runner as owner and Versioning false and Storage Type set to DISK and Encryption set to false 
2022-05-04 03:14:11,878 [OM StateMachine ApplyTransaction Thread - 0] INFO  bucket.OMBucketCreateRequest (OMBucketCreateRequest.java:validateAndUpdateCache(258)) - created bucket: bucket20973 of layout LEGACY in volume: volume40791
]]></system-out>
  </testcase>
  <testcase name="testListStatusInBucket" classname="TestRootedOzoneFileSystem" time="0.174">
    <system-out><![CDATA[2022-05-04 03:15:29,693 [Time-limited test] INFO  rpc.RpcClient (RpcClient.java:createVolume(448)) - Creating Volume: volume24256, with user43228 as owner and space quota set to -1 bytes, counts quota set to -1
2022-05-04 03:15:29,695 [IPC Server handler 6 on default port 33297] INFO  volume.OMVolumeCreateRequest (OMVolumeCreateRequest.java:validateAndUpdateCache(195)) - created volume:volume24256 for user:user43228
2022-05-04 03:15:29,701 [Time-limited test] INFO  rpc.RpcClient (RpcClient.java:createBucket(637)) - Creating Bucket: volume24256/bucket68614, with runner as owner and Versioning false and Storage Type set to DISK and Encryption set to false 
2022-05-04 03:15:29,702 [IPC Server handler 10 on default port 33297] INFO  bucket.OMBucketCreateRequest (OMBucketCreateRequest.java:validateAndUpdateCache(258)) - created bucket: bucket68614 of layout LEGACY in volume: volume24256
]]></system-out>
  </testcase>
  <testcase name="testListStatusInBucket" classname="TestRootedOzoneFileSystem" time="0.177">
    <system-out><![CDATA[2022-05-04 03:16:59,227 [Time-limited test] INFO  rpc.RpcClient (RpcClient.java:createVolume(448)) - Creating Volume: volume91608, with user42210 as owner and space quota set to -1 bytes, counts quota set to -1
2022-05-04 03:16:59,229 [OM StateMachine ApplyTransaction Thread - 0] INFO  volume.OMVolumeCreateRequest (OMVolumeCreateRequest.java:validateAndUpdateCache(195)) - created volume:volume91608 for user:user42210
2022-05-04 03:16:59,230 [Time-limited test] INFO  rpc.RpcClient (RpcClient.java:createBucket(637)) - Creating Bucket: volume91608/bucket58322, with runner as owner and Versioning false and Storage Type set to DISK and Encryption set to false 
2022-05-04 03:16:59,231 [OM StateMachine ApplyTransaction Thread - 0] INFO  bucket.OMBucketCreateRequest (OMBucketCreateRequest.java:validateAndUpdateCache(258)) - created bucket: bucket58322 of layout LEGACY in volume: volume91608
]]></system-out>
  </testcase>
  <testcase name="testListStatusInBucket" classname="TestRootedOzoneFileSystem" time="0.176">
    <system-out><![CDATA[2022-05-04 03:18:33,480 [Time-limited test] INFO  rpc.RpcClient (RpcClient.java:createVolume(448)) - Creating Volume: volume06931, with user70657 as owner and space quota set to -1 bytes, counts quota set to -1
2022-05-04 03:18:33,481 [IPC Server handler 2 on default port 33661] INFO  volume.OMVolumeCreateRequest (OMVolumeCreateRequest.java:validateAndUpdateCache(195)) - created volume:volume06931 for user:user70657
2022-05-04 03:18:33,486 [Time-limited test] INFO  rpc.RpcClient (RpcClient.java:createBucket(637)) - Creating Bucket: volume06931/bucket07218, with runner as owner and Versioning false and Storage Type set to DISK and Encryption set to false 
2022-05-04 03:18:33,490 [IPC Server handler 18 on default port 33661] INFO  bucket.OMBucketCreateRequest (OMBucketCreateRequest.java:validateAndUpdateCache(258)) - created bucket: bucket07218 of layout LEGACY in volume: volume06931
]]></system-out>
  </testcase>
  <testcase name="testRenameFileToDir" classname="TestRootedOzoneFileSystem" time="0.062">
    <system-out><![CDATA[2022-05-04 03:12:52,831 [Time-limited test] INFO  rpc.RpcClient (RpcClient.java:createVolume(448)) - Creating Volume: volume40356, with user69749 as owner and space quota set to -1 bytes, counts quota set to -1
2022-05-04 03:12:52,834 [OM StateMachine ApplyTransaction Thread - 0] INFO  volume.OMVolumeCreateRequest (OMVolumeCreateRequest.java:validateAndUpdateCache(195)) - created volume:volume40356 for user:user69749
2022-05-04 03:12:52,835 [Time-limited test] INFO  rpc.RpcClient (RpcClient.java:createBucket(637)) - Creating Bucket: volume40356/bucket36661, with runner as owner and Versioning false and Storage Type set to DISK and Encryption set to false 
2022-05-04 03:12:52,836 [OM StateMachine ApplyTransaction Thread - 0] INFO  bucket.OMBucketCreateRequest (OMBucketCreateRequest.java:validateAndUpdateCache(258)) - created bucket: bucket36661 of layout LEGACY in volume: volume40356
03:12:52.855 [IPC Server handler 10 on default port 39393] ERROR OMAudit - user=runner | ip=127.0.0.1 | op=LIST_STATUS {volume=volume40356, bucket=bucket36661, key=a/b/c/file1, dataSize=0, replicationConfig=null} | ret=FAILURE
org.apache.hadoop.ozone.om.exceptions.OMException: Unable to get file status: volume: volume40356 bucket: bucket36661 key: a/b/c/file1
	at org.apache.hadoop.ozone.om.KeyManagerImpl.getOzoneFileStatus(KeyManagerImpl.java:1280) ~[ozone-manager-1.3.0-SNAPSHOT.jar:?]
	at org.apache.hadoop.ozone.om.KeyManagerImpl.getFileStatus(KeyManagerImpl.java:1210) ~[ozone-manager-1.3.0-SNAPSHOT.jar:?]
	at org.apache.hadoop.ozone.om.KeyManagerImpl.listStatus(KeyManagerImpl.java:1513) ~[ozone-manager-1.3.0-SNAPSHOT.jar:?]
	at org.apache.hadoop.ozone.om.OzoneManager.listStatus(OzoneManager.java:3138) ~[ozone-manager-1.3.0-SNAPSHOT.jar:?]
	at org.apache.hadoop.ozone.protocolPB.OzoneManagerRequestHandler.listStatus(OzoneManagerRequestHandler.java:760) ~[ozone-manager-1.3.0-SNAPSHOT.jar:?]
	at org.apache.hadoop.ozone.protocolPB.OzoneManagerRequestHandler.handleReadRequest(OzoneManagerRequestHandler.java:212) ~[ozone-manager-1.3.0-SNAPSHOT.jar:?]
	at org.apache.hadoop.ozone.protocolPB.OzoneManagerProtocolServerSideTranslatorPB.submitReadRequestToOM(OzoneManagerProtocolServerSideTranslatorPB.java:213) ~[ozone-manager-1.3.0-SNAPSHOT.jar:?]
	at org.apache.hadoop.ozone.protocolPB.OzoneManagerProtocolServerSideTranslatorPB.processRequest(OzoneManagerProtocolServerSideTranslatorPB.java:174) ~[ozone-manager-1.3.0-SNAPSHOT.jar:?]
	at org.apache.hadoop.hdds.server.OzoneProtocolMessageDispatcher.processRequest(OzoneProtocolMessageDispatcher.java:87) [hdds-server-framework-1.3.0-SNAPSHOT.jar:?]
	at org.apache.hadoop.ozone.protocolPB.OzoneManagerProtocolServerSideTranslatorPB.submitRequest(OzoneManagerProtocolServerSideTranslatorPB.java:146) [ozone-manager-1.3.0-SNAPSHOT.jar:?]
	at org.apache.hadoop.ozone.protocol.proto.OzoneManagerProtocolProtos$OzoneManagerService$2.callBlockingMethod(OzoneManagerProtocolProtos.java) [ozone-interface-client-1.3.0-SNAPSHOT.jar:?]
	at org.apache.hadoop.ipc.ProtobufRpcEngine$Server.processCall(ProtobufRpcEngine.java:466) [hadoop-common-3.3.1.jar:?]
	at org.apache.hadoop.ipc.ProtobufRpcEngine2$Server$ProtoBufRpcInvoker.call(ProtobufRpcEngine2.java:574) [hadoop-common-3.3.1.jar:?]
	at org.apache.hadoop.ipc.ProtobufRpcEngine2$Server$ProtoBufRpcInvoker.call(ProtobufRpcEngine2.java:552) [hadoop-common-3.3.1.jar:?]
	at org.apache.hadoop.ipc.RPC$Server.call(RPC.java:1093) [hadoop-common-3.3.1.jar:?]
	at org.apache.hadoop.ipc.Server$RpcCall.run(Server.java:1035) [hadoop-common-3.3.1.jar:?]
	at org.apache.hadoop.ipc.Server$RpcCall.run(Server.java:963) [hadoop-common-3.3.1.jar:?]
	at java.security.AccessController.doPrivileged(Native Method) ~[?:1.8.0_322]
	at javax.security.auth.Subject.doAs(Subject.java:422) [?:1.8.0_322]
	at org.apache.hadoop.security.UserGroupInformation.doAs(UserGroupInformation.java:1878) [hadoop-common-3.3.1.jar:?]
	at org.apache.hadoop.ipc.Server$Handler.run(Server.java:2966) [hadoop-common-3.3.1.jar:?]
]]></system-out>
  </testcase>
  <testcase name="testRenameFileToDir" classname="TestRootedOzoneFileSystem" time="0.102">
    <system-out><![CDATA[2022-05-04 03:14:11,969 [Time-limited test] INFO  rpc.RpcClient (RpcClient.java:createVolume(448)) - Creating Volume: volume71409, with user57659 as owner and space quota set to -1 bytes, counts quota set to -1
2022-05-04 03:14:11,975 [OM StateMachine ApplyTransaction Thread - 0] INFO  volume.OMVolumeCreateRequest (OMVolumeCreateRequest.java:validateAndUpdateCache(195)) - created volume:volume71409 for user:user57659
2022-05-04 03:14:11,976 [Time-limited test] INFO  rpc.RpcClient (RpcClient.java:createBucket(637)) - Creating Bucket: volume71409/bucket23497, with runner as owner and Versioning false and Storage Type set to DISK and Encryption set to false 
2022-05-04 03:14:11,979 [OM StateMachine ApplyTransaction Thread - 0] INFO  bucket.OMBucketCreateRequest (OMBucketCreateRequest.java:validateAndUpdateCache(258)) - created bucket: bucket23497 of layout LEGACY in volume: volume71409
03:14:11.994 [IPC Server handler 14 on default port 46813] ERROR OMAudit - user=runner | ip=127.0.0.1 | op=LIST_STATUS {volume=volume71409, bucket=bucket23497, key=a/b/c/file1, dataSize=0, replicationConfig=null} | ret=FAILURE
org.apache.hadoop.ozone.om.exceptions.OMException: Unable to get file status: volume: volume71409 bucket: bucket23497 key: a/b/c/file1
	at org.apache.hadoop.ozone.om.KeyManagerImpl.getOzoneFileStatus(KeyManagerImpl.java:1280) ~[ozone-manager-1.3.0-SNAPSHOT.jar:?]
	at org.apache.hadoop.ozone.om.KeyManagerImpl.getFileStatus(KeyManagerImpl.java:1210) ~[ozone-manager-1.3.0-SNAPSHOT.jar:?]
	at org.apache.hadoop.ozone.om.KeyManagerImpl.listStatus(KeyManagerImpl.java:1513) ~[ozone-manager-1.3.0-SNAPSHOT.jar:?]
	at org.apache.hadoop.ozone.om.OzoneManager.listStatus(OzoneManager.java:3138) ~[ozone-manager-1.3.0-SNAPSHOT.jar:?]
	at org.apache.hadoop.ozone.protocolPB.OzoneManagerRequestHandler.listStatus(OzoneManagerRequestHandler.java:760) ~[ozone-manager-1.3.0-SNAPSHOT.jar:?]
	at org.apache.hadoop.ozone.protocolPB.OzoneManagerRequestHandler.handleReadRequest(OzoneManagerRequestHandler.java:212) ~[ozone-manager-1.3.0-SNAPSHOT.jar:?]
	at org.apache.hadoop.ozone.protocolPB.OzoneManagerProtocolServerSideTranslatorPB.submitReadRequestToOM(OzoneManagerProtocolServerSideTranslatorPB.java:213) ~[ozone-manager-1.3.0-SNAPSHOT.jar:?]
	at org.apache.hadoop.ozone.protocolPB.OzoneManagerProtocolServerSideTranslatorPB.processRequest(OzoneManagerProtocolServerSideTranslatorPB.java:174) ~[ozone-manager-1.3.0-SNAPSHOT.jar:?]
	at org.apache.hadoop.hdds.server.OzoneProtocolMessageDispatcher.processRequest(OzoneProtocolMessageDispatcher.java:87) [hdds-server-framework-1.3.0-SNAPSHOT.jar:?]
	at org.apache.hadoop.ozone.protocolPB.OzoneManagerProtocolServerSideTranslatorPB.submitRequest(OzoneManagerProtocolServerSideTranslatorPB.java:146) [ozone-manager-1.3.0-SNAPSHOT.jar:?]
	at org.apache.hadoop.ozone.protocol.proto.OzoneManagerProtocolProtos$OzoneManagerService$2.callBlockingMethod(OzoneManagerProtocolProtos.java) [ozone-interface-client-1.3.0-SNAPSHOT.jar:?]
	at org.apache.hadoop.ipc.ProtobufRpcEngine$Server.processCall(ProtobufRpcEngine.java:466) [hadoop-common-3.3.1.jar:?]
	at org.apache.hadoop.ipc.ProtobufRpcEngine2$Server$ProtoBufRpcInvoker.call(ProtobufRpcEngine2.java:574) [hadoop-common-3.3.1.jar:?]
	at org.apache.hadoop.ipc.ProtobufRpcEngine2$Server$ProtoBufRpcInvoker.call(ProtobufRpcEngine2.java:552) [hadoop-common-3.3.1.jar:?]
	at org.apache.hadoop.ipc.RPC$Server.call(RPC.java:1093) [hadoop-common-3.3.1.jar:?]
	at org.apache.hadoop.ipc.Server$RpcCall.run(Server.java:1035) [hadoop-common-3.3.1.jar:?]
	at org.apache.hadoop.ipc.Server$RpcCall.run(Server.java:963) [hadoop-common-3.3.1.jar:?]
	at java.security.AccessController.doPrivileged(Native Method) ~[?:1.8.0_322]
	at javax.security.auth.Subject.doAs(Subject.java:422) [?:1.8.0_322]
	at org.apache.hadoop.security.UserGroupInformation.doAs(UserGroupInformation.java:1878) [hadoop-common-3.3.1.jar:?]
	at org.apache.hadoop.ipc.Server$Handler.run(Server.java:2966) [hadoop-common-3.3.1.jar:?]
]]></system-out>
  </testcase>
  <testcase name="testRenameFileToDir" classname="TestRootedOzoneFileSystem" time="0.161">
    <system-out><![CDATA[2022-05-04 03:15:29,857 [Time-limited test] INFO  rpc.RpcClient (RpcClient.java:createVolume(448)) - Creating Volume: volume46904, with user32387 as owner and space quota set to -1 bytes, counts quota set to -1
2022-05-04 03:15:29,858 [IPC Server handler 4 on default port 33297] INFO  volume.OMVolumeCreateRequest (OMVolumeCreateRequest.java:validateAndUpdateCache(195)) - created volume:volume46904 for user:user32387
2022-05-04 03:15:29,866 [Time-limited test] INFO  rpc.RpcClient (RpcClient.java:createBucket(637)) - Creating Bucket: volume46904/bucket30542, with runner as owner and Versioning false and Storage Type set to DISK and Encryption set to false 
2022-05-04 03:15:29,867 [IPC Server handler 5 on default port 33297] INFO  bucket.OMBucketCreateRequest (OMBucketCreateRequest.java:validateAndUpdateCache(258)) - created bucket: bucket30542 of layout LEGACY in volume: volume46904
03:15:29.888 [IPC Server handler 14 on default port 33297] ERROR OMAudit - user=runner | ip=127.0.0.1 | op=LIST_STATUS {volume=volume46904, bucket=bucket30542, key=a/b/c/file1, dataSize=0, replicationConfig=null} | ret=FAILURE
org.apache.hadoop.ozone.om.exceptions.OMException: Unable to get file status: volume: volume46904 bucket: bucket30542 key: a/b/c/file1
	at org.apache.hadoop.ozone.om.KeyManagerImpl.getOzoneFileStatus(KeyManagerImpl.java:1280) ~[ozone-manager-1.3.0-SNAPSHOT.jar:?]
	at org.apache.hadoop.ozone.om.KeyManagerImpl.getFileStatus(KeyManagerImpl.java:1210) ~[ozone-manager-1.3.0-SNAPSHOT.jar:?]
	at org.apache.hadoop.ozone.om.KeyManagerImpl.listStatus(KeyManagerImpl.java:1513) ~[ozone-manager-1.3.0-SNAPSHOT.jar:?]
	at org.apache.hadoop.ozone.om.OzoneManager.listStatus(OzoneManager.java:3138) ~[ozone-manager-1.3.0-SNAPSHOT.jar:?]
	at org.apache.hadoop.ozone.protocolPB.OzoneManagerRequestHandler.listStatus(OzoneManagerRequestHandler.java:760) ~[ozone-manager-1.3.0-SNAPSHOT.jar:?]
	at org.apache.hadoop.ozone.protocolPB.OzoneManagerRequestHandler.handleReadRequest(OzoneManagerRequestHandler.java:212) ~[ozone-manager-1.3.0-SNAPSHOT.jar:?]
	at org.apache.hadoop.ozone.protocolPB.OzoneManagerProtocolServerSideTranslatorPB.submitRequestDirectlyToOM(OzoneManagerProtocolServerSideTranslatorPB.java:271) ~[ozone-manager-1.3.0-SNAPSHOT.jar:?]
	at org.apache.hadoop.ozone.protocolPB.OzoneManagerProtocolServerSideTranslatorPB.processRequest(OzoneManagerProtocolServerSideTranslatorPB.java:195) ~[ozone-manager-1.3.0-SNAPSHOT.jar:?]
	at org.apache.hadoop.hdds.server.OzoneProtocolMessageDispatcher.processRequest(OzoneProtocolMessageDispatcher.java:87) [hdds-server-framework-1.3.0-SNAPSHOT.jar:?]
	at org.apache.hadoop.ozone.protocolPB.OzoneManagerProtocolServerSideTranslatorPB.submitRequest(OzoneManagerProtocolServerSideTranslatorPB.java:146) [ozone-manager-1.3.0-SNAPSHOT.jar:?]
	at org.apache.hadoop.ozone.protocol.proto.OzoneManagerProtocolProtos$OzoneManagerService$2.callBlockingMethod(OzoneManagerProtocolProtos.java) [ozone-interface-client-1.3.0-SNAPSHOT.jar:?]
	at org.apache.hadoop.ipc.ProtobufRpcEngine$Server.processCall(ProtobufRpcEngine.java:466) [hadoop-common-3.3.1.jar:?]
	at org.apache.hadoop.ipc.ProtobufRpcEngine2$Server$ProtoBufRpcInvoker.call(ProtobufRpcEngine2.java:574) [hadoop-common-3.3.1.jar:?]
	at org.apache.hadoop.ipc.ProtobufRpcEngine2$Server$ProtoBufRpcInvoker.call(ProtobufRpcEngine2.java:552) [hadoop-common-3.3.1.jar:?]
	at org.apache.hadoop.ipc.RPC$Server.call(RPC.java:1093) [hadoop-common-3.3.1.jar:?]
	at org.apache.hadoop.ipc.Server$RpcCall.run(Server.java:1035) [hadoop-common-3.3.1.jar:?]
	at org.apache.hadoop.ipc.Server$RpcCall.run(Server.java:963) [hadoop-common-3.3.1.jar:?]
	at java.security.AccessController.doPrivileged(Native Method) ~[?:1.8.0_322]
	at javax.security.auth.Subject.doAs(Subject.java:422) [?:1.8.0_322]
	at org.apache.hadoop.security.UserGroupInformation.doAs(UserGroupInformation.java:1878) [hadoop-common-3.3.1.jar:?]
	at org.apache.hadoop.ipc.Server$Handler.run(Server.java:2966) [hadoop-common-3.3.1.jar:?]
]]></system-out>
  </testcase>
  <testcase name="testRenameFileToDir" classname="TestRootedOzoneFileSystem" time="0.207">
    <system-out><![CDATA[2022-05-04 03:16:59,440 [Time-limited test] INFO  rpc.RpcClient (RpcClient.java:createVolume(448)) - Creating Volume: volume19886, with user99075 as owner and space quota set to -1 bytes, counts quota set to -1
2022-05-04 03:16:59,465 [OM StateMachine ApplyTransaction Thread - 0] INFO  volume.OMVolumeCreateRequest (OMVolumeCreateRequest.java:validateAndUpdateCache(195)) - created volume:volume19886 for user:user99075
2022-05-04 03:16:59,466 [Time-limited test] INFO  rpc.RpcClient (RpcClient.java:createBucket(637)) - Creating Bucket: volume19886/bucket98685, with runner as owner and Versioning false and Storage Type set to DISK and Encryption set to false 
2022-05-04 03:16:59,470 [OM StateMachine ApplyTransaction Thread - 0] INFO  bucket.OMBucketCreateRequest (OMBucketCreateRequest.java:validateAndUpdateCache(258)) - created bucket: bucket98685 of layout LEGACY in volume: volume19886
03:16:59.493 [IPC Server handler 3 on default port 37999] ERROR OMAudit - user=runner | ip=127.0.0.1 | op=LIST_STATUS {volume=volume19886, bucket=bucket98685, key=a/b/c/file1, dataSize=0, replicationConfig=null} | ret=FAILURE
org.apache.hadoop.ozone.om.exceptions.OMException: Unable to get file status: volume: volume19886 bucket: bucket98685 key: a/b/c/file1
	at org.apache.hadoop.ozone.om.KeyManagerImpl.getOzoneFileStatus(KeyManagerImpl.java:1280) ~[ozone-manager-1.3.0-SNAPSHOT.jar:?]
	at org.apache.hadoop.ozone.om.KeyManagerImpl.getFileStatus(KeyManagerImpl.java:1210) ~[ozone-manager-1.3.0-SNAPSHOT.jar:?]
	at org.apache.hadoop.ozone.om.KeyManagerImpl.listStatus(KeyManagerImpl.java:1513) ~[ozone-manager-1.3.0-SNAPSHOT.jar:?]
	at org.apache.hadoop.ozone.om.OzoneManager.listStatus(OzoneManager.java:3138) ~[ozone-manager-1.3.0-SNAPSHOT.jar:?]
	at org.apache.hadoop.ozone.protocolPB.OzoneManagerRequestHandler.listStatus(OzoneManagerRequestHandler.java:760) ~[ozone-manager-1.3.0-SNAPSHOT.jar:?]
	at org.apache.hadoop.ozone.protocolPB.OzoneManagerRequestHandler.handleReadRequest(OzoneManagerRequestHandler.java:212) ~[ozone-manager-1.3.0-SNAPSHOT.jar:?]
	at org.apache.hadoop.ozone.protocolPB.OzoneManagerProtocolServerSideTranslatorPB.submitReadRequestToOM(OzoneManagerProtocolServerSideTranslatorPB.java:213) ~[ozone-manager-1.3.0-SNAPSHOT.jar:?]
	at org.apache.hadoop.ozone.protocolPB.OzoneManagerProtocolServerSideTranslatorPB.processRequest(OzoneManagerProtocolServerSideTranslatorPB.java:174) ~[ozone-manager-1.3.0-SNAPSHOT.jar:?]
	at org.apache.hadoop.hdds.server.OzoneProtocolMessageDispatcher.processRequest(OzoneProtocolMessageDispatcher.java:87) [hdds-server-framework-1.3.0-SNAPSHOT.jar:?]
	at org.apache.hadoop.ozone.protocolPB.OzoneManagerProtocolServerSideTranslatorPB.submitRequest(OzoneManagerProtocolServerSideTranslatorPB.java:146) [ozone-manager-1.3.0-SNAPSHOT.jar:?]
	at org.apache.hadoop.ozone.protocol.proto.OzoneManagerProtocolProtos$OzoneManagerService$2.callBlockingMethod(OzoneManagerProtocolProtos.java) [ozone-interface-client-1.3.0-SNAPSHOT.jar:?]
	at org.apache.hadoop.ipc.ProtobufRpcEngine$Server.processCall(ProtobufRpcEngine.java:466) [hadoop-common-3.3.1.jar:?]
	at org.apache.hadoop.ipc.ProtobufRpcEngine2$Server$ProtoBufRpcInvoker.call(ProtobufRpcEngine2.java:574) [hadoop-common-3.3.1.jar:?]
	at org.apache.hadoop.ipc.ProtobufRpcEngine2$Server$ProtoBufRpcInvoker.call(ProtobufRpcEngine2.java:552) [hadoop-common-3.3.1.jar:?]
	at org.apache.hadoop.ipc.RPC$Server.call(RPC.java:1093) [hadoop-common-3.3.1.jar:?]
	at org.apache.hadoop.ipc.Server$RpcCall.run(Server.java:1035) [hadoop-common-3.3.1.jar:?]
	at org.apache.hadoop.ipc.Server$RpcCall.run(Server.java:963) [hadoop-common-3.3.1.jar:?]
	at java.security.AccessController.doPrivileged(Native Method) ~[?:1.8.0_322]
	at javax.security.auth.Subject.doAs(Subject.java:422) [?:1.8.0_322]
	at org.apache.hadoop.security.UserGroupInformation.doAs(UserGroupInformation.java:1878) [hadoop-common-3.3.1.jar:?]
	at org.apache.hadoop.ipc.Server$Handler.run(Server.java:2966) [hadoop-common-3.3.1.jar:?]
]]></system-out>
  </testcase>
  <testcase name="testRenameFileToDir" classname="TestRootedOzoneFileSystem" time="0.379">
    <system-out><![CDATA[2022-05-04 03:18:33,857 [Time-limited test] INFO  rpc.RpcClient (RpcClient.java:createVolume(448)) - Creating Volume: volume54395, with user86750 as owner and space quota set to -1 bytes, counts quota set to -1
2022-05-04 03:18:33,863 [IPC Server handler 7 on default port 33661] INFO  volume.OMVolumeCreateRequest (OMVolumeCreateRequest.java:validateAndUpdateCache(195)) - created volume:volume54395 for user:user86750
2022-05-04 03:18:33,870 [Time-limited test] INFO  rpc.RpcClient (RpcClient.java:createBucket(637)) - Creating Bucket: volume54395/bucket70581, with runner as owner and Versioning false and Storage Type set to DISK and Encryption set to false 
2022-05-04 03:18:33,871 [IPC Server handler 8 on default port 33661] INFO  bucket.OMBucketCreateRequest (OMBucketCreateRequest.java:validateAndUpdateCache(258)) - created bucket: bucket70581 of layout LEGACY in volume: volume54395
03:18:33.889 [IPC Server handler 11 on default port 33661] ERROR OMAudit - user=runner | ip=127.0.0.1 | op=LIST_STATUS {volume=volume54395, bucket=bucket70581, key=a/b/c/file1, dataSize=0, replicationConfig=null} | ret=FAILURE
org.apache.hadoop.ozone.om.exceptions.OMException: Unable to get file status: volume: volume54395 bucket: bucket70581 key: a/b/c/file1
	at org.apache.hadoop.ozone.om.KeyManagerImpl.getOzoneFileStatus(KeyManagerImpl.java:1280) ~[ozone-manager-1.3.0-SNAPSHOT.jar:?]
	at org.apache.hadoop.ozone.om.KeyManagerImpl.getFileStatus(KeyManagerImpl.java:1210) ~[ozone-manager-1.3.0-SNAPSHOT.jar:?]
	at org.apache.hadoop.ozone.om.KeyManagerImpl.listStatus(KeyManagerImpl.java:1513) ~[ozone-manager-1.3.0-SNAPSHOT.jar:?]
	at org.apache.hadoop.ozone.om.OzoneManager.listStatus(OzoneManager.java:3138) ~[ozone-manager-1.3.0-SNAPSHOT.jar:?]
	at org.apache.hadoop.ozone.protocolPB.OzoneManagerRequestHandler.listStatus(OzoneManagerRequestHandler.java:760) ~[ozone-manager-1.3.0-SNAPSHOT.jar:?]
	at org.apache.hadoop.ozone.protocolPB.OzoneManagerRequestHandler.handleReadRequest(OzoneManagerRequestHandler.java:212) ~[ozone-manager-1.3.0-SNAPSHOT.jar:?]
	at org.apache.hadoop.ozone.protocolPB.OzoneManagerProtocolServerSideTranslatorPB.submitRequestDirectlyToOM(OzoneManagerProtocolServerSideTranslatorPB.java:271) ~[ozone-manager-1.3.0-SNAPSHOT.jar:?]
	at org.apache.hadoop.ozone.protocolPB.OzoneManagerProtocolServerSideTranslatorPB.processRequest(OzoneManagerProtocolServerSideTranslatorPB.java:195) ~[ozone-manager-1.3.0-SNAPSHOT.jar:?]
	at org.apache.hadoop.hdds.server.OzoneProtocolMessageDispatcher.processRequest(OzoneProtocolMessageDispatcher.java:87) [hdds-server-framework-1.3.0-SNAPSHOT.jar:?]
	at org.apache.hadoop.ozone.protocolPB.OzoneManagerProtocolServerSideTranslatorPB.submitRequest(OzoneManagerProtocolServerSideTranslatorPB.java:146) [ozone-manager-1.3.0-SNAPSHOT.jar:?]
	at org.apache.hadoop.ozone.protocol.proto.OzoneManagerProtocolProtos$OzoneManagerService$2.callBlockingMethod(OzoneManagerProtocolProtos.java) [ozone-interface-client-1.3.0-SNAPSHOT.jar:?]
	at org.apache.hadoop.ipc.ProtobufRpcEngine$Server.processCall(ProtobufRpcEngine.java:466) [hadoop-common-3.3.1.jar:?]
	at org.apache.hadoop.ipc.ProtobufRpcEngine2$Server$ProtoBufRpcInvoker.call(ProtobufRpcEngine2.java:574) [hadoop-common-3.3.1.jar:?]
	at org.apache.hadoop.ipc.ProtobufRpcEngine2$Server$ProtoBufRpcInvoker.call(ProtobufRpcEngine2.java:552) [hadoop-common-3.3.1.jar:?]
	at org.apache.hadoop.ipc.RPC$Server.call(RPC.java:1093) [hadoop-common-3.3.1.jar:?]
	at org.apache.hadoop.ipc.Server$RpcCall.run(Server.java:1035) [hadoop-common-3.3.1.jar:?]
	at org.apache.hadoop.ipc.Server$RpcCall.run(Server.java:963) [hadoop-common-3.3.1.jar:?]
	at java.security.AccessController.doPrivileged(Native Method) ~[?:1.8.0_322]
	at javax.security.auth.Subject.doAs(Subject.java:422) [?:1.8.0_322]
	at org.apache.hadoop.security.UserGroupInformation.doAs(UserGroupInformation.java:1878) [hadoop-common-3.3.1.jar:?]
	at org.apache.hadoop.ipc.Server$Handler.run(Server.java:2966) [hadoop-common-3.3.1.jar:?]
]]></system-out>
  </testcase>
</testsuite>