<?xml version="1.0" encoding="UTF-8"?>
<testsuite xmlns:xsi="http://www.w3.org/2001/XMLSchema-instance" xsi:noNamespaceSchemaLocation="https://maven.apache.org/surefire/maven-surefire-plugin/xsd/surefire-test-report.xsd" name="org.apache.hadoop.ozone.client.rpc.TestWatchForCommit" time="210.97" tests="4" errors="1" skipped="0" failures="0">
  <properties>
    <property name="awt.toolkit" value="sun.awt.X11.XToolkit"/>
    <property name="file.encoding.pkg" value="sun.io"/>
    <property name="java.specification.version" value="1.8"/>
    <property name="sun.cpu.isalist" value=""/>
    <property name="sun.jnu.encoding" value="ANSI_X3.4-1968"/>
    <property name="java.class.path" value="/github/workspace/mnt/ozone/hadoop-ozone/integration-test/target/test-classes:/github/workspace/mnt/ozone/hadoop-ozone/integration-test/target/classes:/home/user/.m2/repository/org/apache/hadoop/hadoop-ozone-common/1.1.0-SNAPSHOT/hadoop-ozone-common-1.1.0-SNAPSHOT.jar:/home/user/.m2/repository/org/apache/commons/commons-compress/1.4.1/commons-compress-1.4.1.jar:/home/user/.m2/repository/org/tukaani/xz/1.0/xz-1.0.jar:/home/user/.m2/repository/org/apache/hadoop/hadoop-hdds-common/1.1.0-SNAPSHOT/hadoop-hdds-common-1.1.0-SNAPSHOT.jar:/home/user/.m2/repository/org/apache/hadoop/hadoop-hdds-client/1.1.0-SNAPSHOT/hadoop-hdds-client-1.1.0-SNAPSHOT.jar:/home/user/.m2/repository/org/apache/hadoop/hadoop-ozone-interface-client/1.1.0-SNAPSHOT/hadoop-ozone-interface-client-1.1.0-SNAPSHOT.jar:/home/user/.m2/repository/org/apache/hadoop/hadoop-hdds-test-utils/1.1.0-SNAPSHOT/hadoop-hdds-test-utils-1.1.0-SNAPSHOT.jar:/home/user/.m2/repository/com/google/guava/guava/28.2-jre/guava-28.2-jre.jar:/home/user/.m2/repository/com/google/guava/failureaccess/1.0.1/failureaccess-1.0.1.jar:/home/user/.m2/repository/com/google/guava/listenablefuture/9999.0-empty-to-avoid-conflict-with-guava/listenablefuture-9999.0-empty-to-avoid-conflict-with-guava.jar:/home/user/.m2/repository/com/google/code/findbugs/jsr305/3.0.0/jsr305-3.0.0.jar:/home/user/.m2/repository/org/checkerframework/checker-qual/2.10.0/checker-qual-2.10.0.jar:/home/user/.m2/repository/com/google/errorprone/error_prone_annotations/2.2.0/error_prone_annotations-2.2.0.jar:/home/user/.m2/repository/com/google/j2objc/j2objc-annotations/1.3/j2objc-annotations-1.3.jar:/home/user/.m2/repository/commons-io/commons-io/2.5/commons-io-2.5.jar:/home/user/.m2/repository/commons-logging/commons-logging/1.2/commons-logging-1.2.jar:/home/user/.m2/repository/log4j/log4j/1.2.17/log4j-1.2.17.jar:/home/user/.m2/repository/org/slf4j/slf4j-api/1.7.30/slf4j-api-1.7.30.jar:/home/user/.m2/repository/org/apache/hadoop/hadoop-hdds-server-scm/1.1.0-SNAPSHOT/hadoop-hdds-server-scm-1.1.0-SNAPSHOT.jar:/home/user/.m2/repository/org/apache/hadoop/hadoop-hdds-container-service/1.1.0-SNAPSHOT/hadoop-hdds-container-service-1.1.0-SNAPSHOT.jar:/home/user/.m2/repository/org/apache/hadoop/hadoop-hdds-hadoop-dependency-server/1.1.0-SNAPSHOT/hadoop-hdds-hadoop-dependency-server-1.1.0-SNAPSHOT.jar:/home/user/.m2/repository/org/apache/hadoop/hadoop-hdfs/3.2.2/hadoop-hdfs-3.2.2.jar:/home/user/.m2/repository/org/apache/hadoop/hadoop-hdds-server-framework/1.1.0-SNAPSHOT/hadoop-hdds-server-framework-1.1.0-SNAPSHOT.jar:/home/user/.m2/repository/org/apache/hadoop/hadoop-hdds-interface-server/1.1.0-SNAPSHOT/hadoop-hdds-interface-server-1.1.0-SNAPSHOT.jar:/home/user/.m2/repository/org/apache/hadoop/hadoop-hdds-interface-admin/1.1.0-SNAPSHOT/hadoop-hdds-interface-admin-1.1.0-SNAPSHOT.jar:/home/user/.m2/repository/org/eclipse/jetty/jetty-servlet/9.4.34.v20201102/jetty-servlet-9.4.34.v20201102.jar:/home/user/.m2/repository/org/eclipse/jetty/jetty-security/9.4.34.v20201102/jetty-security-9.4.34.v20201102.jar:/home/user/.m2/repository/org/rocksdb/rocksdbjni/6.8.1/rocksdbjni-6.8.1.jar:/home/user/.m2/repository/io/prometheus/simpleclient_dropwizard/0.7.0/simpleclient_dropwizard-0.7.0.jar:/home/user/.m2/repository/io/prometheus/simpleclient/0.7.0/simpleclient-0.7.0.jar:/home/user/.m2/repository/io/prometheus/simpleclient_common/0.7.0/simpleclient_common-0.7.0.jar:/home/user/.m2/repository/com/fasterxml/jackson/datatype/jackson-datatype-jsr310/2.10.3/jackson-datatype-jsr310-2.10.3.jar:/home/user/.m2/repository/io/dropwizard/metrics/metrics-core/3.2.4/metrics-core-3.2.4.jar:/home/user/.m2/repository/org/apache/hadoop/hadoop-hdfs-client/3.2.2/hadoop-hdfs-client-3.2.2.jar:/home/user/.m2/repository/org/bouncycastle/bcprov-jdk15on/1.67/bcprov-jdk15on-1.67.jar:/home/user/.m2/repository/org/apache/hadoop/hadoop-ozone-ozone-manager/1.1.0-SNAPSHOT/hadoop-ozone-ozone-manager-1.1.0-SNAPSHOT.jar:/home/user/.m2/repository/org/apache/hadoop/hadoop-hdds-interface-client/1.1.0-SNAPSHOT/hadoop-hdds-interface-client-1.1.0-SNAPSHOT.jar:/home/user/.m2/repository/org/apache/ratis/ratis-thirdparty-misc/0.6.0/ratis-thirdparty-misc-0.6.0.jar:/home/user/.m2/repository/org/apache/hadoop/hadoop-ozone-interface-storage/1.1.0-SNAPSHOT/hadoop-ozone-interface-storage-1.1.0-SNAPSHOT.jar:/home/user/.m2/repository/org/apache/hadoop/hadoop-minikdc/3.2.2/hadoop-minikdc-3.2.2.jar:/home/user/.m2/repository/org/apache/kerby/kerb-simplekdc/1.0.1/kerb-simplekdc-1.0.1.jar:/home/user/.m2/repository/org/apache/kerby/kerb-client/1.0.1/kerb-client-1.0.1.jar:/home/user/.m2/repository/org/apache/kerby/kerby-config/1.0.1/kerby-config-1.0.1.jar:/home/user/.m2/repository/org/apache/kerby/kerb-core/1.0.1/kerb-core-1.0.1.jar:/home/user/.m2/repository/org/apache/kerby/kerby-pkix/1.0.1/kerby-pkix-1.0.1.jar:/home/user/.m2/repository/org/apache/kerby/kerby-asn1/1.0.1/kerby-asn1-1.0.1.jar:/home/user/.m2/repository/org/apache/kerby/kerby-util/1.0.1/kerby-util-1.0.1.jar:/home/user/.m2/repository/org/apache/kerby/kerb-common/1.0.1/kerb-common-1.0.1.jar:/home/user/.m2/repository/org/apache/kerby/kerb-crypto/1.0.1/kerb-crypto-1.0.1.jar:/home/user/.m2/repository/org/apache/kerby/kerb-util/1.0.1/kerb-util-1.0.1.jar:/home/user/.m2/repository/org/apache/kerby/token-provider/1.0.1/token-provider-1.0.1.jar:/home/user/.m2/repository/org/apache/kerby/kerb-admin/1.0.1/kerb-admin-1.0.1.jar:/home/user/.m2/repository/org/apache/kerby/kerb-server/1.0.1/kerb-server-1.0.1.jar:/home/user/.m2/repository/org/apache/kerby/kerb-identity/1.0.1/kerb-identity-1.0.1.jar:/home/user/.m2/repository/org/apache/kerby/kerby-xdr/1.0.1/kerby-xdr-1.0.1.jar:/home/user/.m2/repository/org/slf4j/slf4j-log4j12/1.7.30/slf4j-log4j12-1.7.30.jar:/home/user/.m2/repository/org/apache/hadoop/hadoop-ozone-s3gateway/1.1.0-SNAPSHOT/hadoop-ozone-s3gateway-1.1.0-SNAPSHOT.jar:/home/user/.m2/repository/org/jboss/weld/servlet/weld-servlet/2.4.7.Final/weld-servlet-2.4.7.Final.jar:/home/user/.m2/repository/org/glassfish/jersey/containers/jersey-container-servlet-core/2.27/jersey-container-servlet-core-2.27.jar:/home/user/.m2/repository/org/glassfish/hk2/external/javax.inject/2.5.0-b42/javax.inject-2.5.0-b42.jar:/home/user/.m2/repository/org/glassfish/jersey/core/jersey-common/2.27/jersey-common-2.27.jar:/home/user/.m2/repository/org/glassfish/hk2/osgi-resource-locator/1.0.1/osgi-resource-locator-1.0.1.jar:/home/user/.m2/repository/javax/ws/rs/javax.ws.rs-api/2.1/javax.ws.rs-api-2.1.jar:/home/user/.m2/repository/org/glassfish/jersey/ext/cdi/jersey-cdi1x/2.27/jersey-cdi1x-2.27.jar:/home/user/.m2/repository/org/glassfish/jersey/inject/jersey-hk2/2.27/jersey-hk2-2.27.jar:/home/user/.m2/repository/org/glassfish/hk2/hk2-locator/2.5.0-b42/hk2-locator-2.5.0-b42.jar:/home/user/.m2/repository/org/javassist/javassist/3.22.0-CR2/javassist-3.22.0-CR2.jar:/home/user/.m2/repository/org/glassfish/hk2/hk2-api/2.5.0/hk2-api-2.5.0.jar:/home/user/.m2/repository/org/glassfish/hk2/external/jakarta.inject/2.5.0/jakarta.inject-2.5.0.jar:/home/user/.m2/repository/org/glassfish/hk2/hk2-utils/2.5.0/hk2-utils-2.5.0.jar:/home/user/.m2/repository/jakarta/annotation/jakarta.annotation-api/1.3.4/jakarta.annotation-api-1.3.4.jar:/home/user/.m2/repository/org/glassfish/hk2/external/aopalliance-repackaged/2.5.0/aopalliance-repackaged-2.5.0.jar:/home/user/.m2/repository/com/fasterxml/jackson/dataformat/jackson-dataformat-xml/2.10.3/jackson-dataformat-xml-2.10.3.jar:/home/user/.m2/repository/com/fasterxml/jackson/core/jackson-core/2.10.3/jackson-core-2.10.3.jar:/home/user/.m2/repository/com/fasterxml/jackson/module/jackson-module-jaxb-annotations/2.10.3/jackson-module-jaxb-annotations-2.10.3.jar:/home/user/.m2/repository/jakarta/xml/bind/jakarta.xml.bind-api/2.3.2/jakarta.xml.bind-api-2.3.2.jar:/home/user/.m2/repository/jakarta/activation/jakarta.activation-api/1.2.1/jakarta.activation-api-1.2.1.jar:/home/user/.m2/repository/org/codehaus/woodstox/stax2-api/3.1.4/stax2-api-3.1.4.jar:/home/user/.m2/repository/com/fasterxml/woodstox/woodstox-core/5.0.3/woodstox-core-5.0.3.jar:/home/user/.m2/repository/javax/enterprise/cdi-api/1.2/cdi-api-1.2.jar:/home/user/.m2/repository/javax/el/javax.el-api/3.0.0/javax.el-api-3.0.0.jar:/home/user/.m2/repository/javax/interceptor/javax.interceptor-api/1.2/javax.interceptor-api-1.2.jar:/home/user/.m2/repository/javax/inject/javax.inject/1/javax.inject-1.jar:/home/user/.m2/repository/com/sun/xml/bind/jaxb-impl/2.3.0.1/jaxb-impl-2.3.0.1.jar:/home/user/.m2/repository/com/sun/xml/bind/jaxb-core/2.3.0.1/jaxb-core-2.3.0.1.jar:/home/user/.m2/repository/javax/xml/bind/jaxb-api/2.3.0/jaxb-api-2.3.0.jar:/home/user/.m2/repository/javax/activation/activation/1.1.1/activation-1.1.1.jar:/home/user/.m2/repository/org/apache/hadoop/hadoop-ozone-csi/1.1.0-SNAPSHOT/hadoop-ozone-csi-1.1.0-SNAPSHOT.jar:/home/user/.m2/repository/com/google/protobuf/protobuf-java-util/3.12.0/protobuf-java-util-3.12.0.jar:/home/user/.m2/repository/com/google/code/gson/gson/2.2.4/gson-2.2.4.jar:/home/user/.m2/repository/org/apache/hadoop/hadoop-hdds-config/1.1.0-SNAPSHOT/hadoop-hdds-config-1.1.0-SNAPSHOT.jar:/home/user/.m2/repository/com/google/protobuf/protobuf-java/2.5.0/protobuf-java-2.5.0.jar:/home/user/.m2/repository/io/grpc/grpc-netty/1.33.0/grpc-netty-1.33.0.jar:/home/user/.m2/repository/io/grpc/grpc-core/1.33.0/grpc-core-1.33.0.jar:/home/user/.m2/repository/com/google/android/annotations/4.1.1.4/annotations-4.1.1.4.jar:/home/user/.m2/repository/io/netty/netty-codec-http2/4.1.51.Final/netty-codec-http2-4.1.51.Final.jar:/home/user/.m2/repository/io/netty/netty-codec/4.1.51.Final/netty-codec-4.1.51.Final.jar:/home/user/.m2/repository/io/netty/netty-handler/4.1.51.Final/netty-handler-4.1.51.Final.jar:/home/user/.m2/repository/io/netty/netty-codec-http/4.1.51.Final/netty-codec-http-4.1.51.Final.jar:/home/user/.m2/repository/io/netty/netty-handler-proxy/4.1.51.Final/netty-handler-proxy-4.1.51.Final.jar:/home/user/.m2/repository/io/netty/netty-codec-socks/4.1.51.Final/netty-codec-socks-4.1.51.Final.jar:/home/user/.m2/repository/io/perfmark/perfmark-api/0.19.0/perfmark-api-0.19.0.jar:/home/user/.m2/repository/org/codehaus/mojo/animal-sniffer-annotations/1.18/animal-sniffer-annotations-1.18.jar:/home/user/.m2/repository/io/netty/netty-transport-native-epoll/4.1.51.Final/netty-transport-native-epoll-4.1.51.Final.jar:/home/user/.m2/repository/io/netty/netty-common/4.1.51.Final/netty-common-4.1.51.Final.jar:/home/user/.m2/repository/io/netty/netty-buffer/4.1.51.Final/netty-buffer-4.1.51.Final.jar:/home/user/.m2/repository/io/netty/netty-transport/4.1.51.Final/netty-transport-4.1.51.Final.jar:/home/user/.m2/repository/io/netty/netty-resolver/4.1.51.Final/netty-resolver-4.1.51.Final.jar:/home/user/.m2/repository/io/netty/netty-transport-native-unix-common/4.1.51.Final/netty-transport-native-unix-common-4.1.51.Final.jar:/home/user/.m2/repository/io/grpc/grpc-protobuf/1.33.0/grpc-protobuf-1.33.0.jar:/home/user/.m2/repository/io/grpc/grpc-api/1.33.0/grpc-api-1.33.0.jar:/home/user/.m2/repository/io/grpc/grpc-context/1.33.0/grpc-context-1.33.0.jar:/home/user/.m2/repository/com/google/api/grpc/proto-google-common-protos/1.17.0/proto-google-common-protos-1.17.0.jar:/home/user/.m2/repository/io/grpc/grpc-protobuf-lite/1.33.0/grpc-protobuf-lite-1.33.0.jar:/home/user/.m2/repository/io/grpc/grpc-stub/1.33.0/grpc-stub-1.33.0.jar:/home/user/.m2/repository/org/apache/hadoop/hadoop-ozone-recon/1.1.0-SNAPSHOT/hadoop-ozone-recon-1.1.0-SNAPSHOT.jar:/home/user/.m2/repository/org/apache/hadoop/hadoop-ozone-reconcodegen/1.1.0-SNAPSHOT/hadoop-ozone-reconcodegen-1.1.0-SNAPSHOT.jar:/home/user/.m2/repository/com/google/inject/extensions/guice-multibindings/4.0/guice-multibindings-4.0.jar:/home/user/.m2/repository/com/google/inject/guice/4.0/guice-4.0.jar:/home/user/.m2/repository/aopalliance/aopalliance/1.0/aopalliance-1.0.jar:/home/user/.m2/repository/com/google/inject/extensions/guice-assistedinject/4.0/guice-assistedinject-4.0.jar:/home/user/.m2/repository/com/google/inject/extensions/guice-servlet/4.0/guice-servlet-4.0.jar:/home/user/.m2/repository/org/glassfish/jersey/containers/jersey-container-servlet/2.27/jersey-container-servlet-2.27.jar:/home/user/.m2/repository/org/glassfish/hk2/guice-bridge/2.5.0/guice-bridge-2.5.0.jar:/home/user/.m2/repository/org/glassfish/jersey/core/jersey-server/2.27/jersey-server-2.27.jar:/home/user/.m2/repository/org/glassfish/jersey/core/jersey-client/2.27/jersey-client-2.27.jar:/home/user/.m2/repository/org/glassfish/jersey/media/jersey-media-jaxb/2.27/jersey-media-jaxb-2.27.jar:/home/user/.m2/repository/javax/validation/validation-api/1.1.0.Final/validation-api-1.1.0.Final.jar:/home/user/.m2/repository/org/glassfish/jersey/media/jersey-media-json-jackson/2.27/jersey-media-json-jackson-2.27.jar:/home/user/.m2/repository/org/glassfish/jersey/ext/jersey-entity-filtering/2.27/jersey-entity-filtering-2.27.jar:/home/user/.m2/repository/org/jooq/jooq/3.11.10/jooq-3.11.10.jar:/home/user/.m2/repository/org/jooq/jooq-meta/3.11.10/jooq-meta-3.11.10.jar:/home/user/.m2/repository/org/jooq/jooq-codegen/3.11.10/jooq-codegen-3.11.10.jar:/home/user/.m2/repository/com/jolbox/bonecp/0.8.0.RELEASE/bonecp-0.8.0.RELEASE.jar:/home/user/.m2/repository/org/apache/derby/derby/10.14.2.0/derby-10.14.2.0.jar:/home/user/.m2/repository/org/xerial/sqlite-jdbc/3.25.2/sqlite-jdbc-3.25.2.jar:/home/user/.m2/repository/org/springframework/spring-jdbc/5.2.11.RELEASE/spring-jdbc-5.2.11.RELEASE.jar:/home/user/.m2/repository/org/springframework/spring-beans/5.2.11.RELEASE/spring-beans-5.2.11.RELEASE.jar:/home/user/.m2/repository/org/springframework/spring-core/5.2.11.RELEASE/spring-core-5.2.11.RELEASE.jar:/home/user/.m2/repository/org/springframework/spring-jcl/5.2.11.RELEASE/spring-jcl-5.2.11.RELEASE.jar:/home/user/.m2/repository/org/springframework/spring-tx/5.2.11.RELEASE/spring-tx-5.2.11.RELEASE.jar:/home/user/.m2/repository/org/apache/hadoop/hadoop-ozone-client/1.1.0-SNAPSHOT/hadoop-ozone-client-1.1.0-SNAPSHOT.jar:/home/user/.m2/repository/org/apache/hadoop/hadoop-ozone-filesystem/1.1.0-SNAPSHOT/hadoop-ozone-filesystem-1.1.0-SNAPSHOT.jar:/home/user/.m2/repository/org/apache/hadoop/hadoop-ozone-filesystem-common/1.1.0-SNAPSHOT/hadoop-ozone-filesystem-common-1.1.0-SNAPSHOT.jar:/home/user/.m2/repository/org/apache/hadoop/hadoop-ozone-tools/1.1.0-SNAPSHOT/hadoop-ozone-tools-1.1.0-SNAPSHOT.jar:/home/user/.m2/repository/org/apache/ratis/ratis-tools/1.1.0-0bdf24f-SNAPSHOT/ratis-tools-1.1.0-0bdf24f-SNAPSHOT.jar:/home/user/.m2/repository/org/apache/ratis/ratis-proto/1.1.0-0bdf24f-SNAPSHOT/ratis-proto-1.1.0-0bdf24f-SNAPSHOT.jar:/home/user/.m2/repository/org/apache/ratis/ratis-common/1.1.0-0bdf24f-SNAPSHOT/ratis-common-1.1.0-0bdf24f-SNAPSHOT.jar:/home/user/.m2/repository/com/amazonaws/aws-java-sdk-core/1.11.901/aws-java-sdk-core-1.11.901.jar:/home/user/.m2/repository/org/apache/httpcomponents/httpclient/4.5.13/httpclient-4.5.13.jar:/home/user/.m2/repository/org/apache/httpcomponents/httpcore/4.4.13/httpcore-4.4.13.jar:/home/user/.m2/repository/software/amazon/ion/ion-java/1.0.2/ion-java-1.0.2.jar:/home/user/.m2/repository/com/fasterxml/jackson/dataformat/jackson-dataformat-cbor/2.10.3/jackson-dataformat-cbor-2.10.3.jar:/home/user/.m2/repository/joda-time/joda-time/2.8.1/joda-time-2.8.1.jar:/home/user/.m2/repository/com/amazonaws/aws-java-sdk-s3/1.11.901/aws-java-sdk-s3-1.11.901.jar:/home/user/.m2/repository/com/amazonaws/aws-java-sdk-kms/1.11.901/aws-java-sdk-kms-1.11.901.jar:/home/user/.m2/repository/com/amazonaws/jmespath-java/1.11.901/jmespath-java-1.11.901.jar:/home/user/.m2/repository/org/kohsuke/metainf-services/metainf-services/1.8/metainf-services-1.8.jar:/home/user/.m2/repository/org/apache/hadoop/hadoop-hdds-tools/1.1.0-SNAPSHOT/hadoop-hdds-tools-1.1.0-SNAPSHOT.jar:/home/user/.m2/repository/commons-cli/commons-cli/1.2/commons-cli-1.2.jar:/home/user/.m2/repository/org/apache/commons/commons-lang3/3.7/commons-lang3-3.7.jar:/home/user/.m2/repository/org/apache/hadoop/hadoop-ozone-ozone-manager/1.1.0-SNAPSHOT/hadoop-ozone-ozone-manager-1.1.0-SNAPSHOT-tests.jar:/home/user/.m2/repository/org/apache/hadoop/hadoop-hdds-common/1.1.0-SNAPSHOT/hadoop-hdds-common-1.1.0-SNAPSHOT-tests.jar:/home/user/.m2/repository/org/apache/hadoop/hadoop-hdds-hadoop-dependency-client/1.1.0-SNAPSHOT/hadoop-hdds-hadoop-dependency-client-1.1.0-SNAPSHOT.jar:/home/user/.m2/repository/info/picocli/picocli/4.4.0/picocli-4.4.0.jar:/home/user/.m2/repository/com/fasterxml/jackson/core/jackson-annotations/2.10.3/jackson-annotations-2.10.3.jar:/home/user/.m2/repository/javax/annotation/javax.annotation-api/1.2/javax.annotation-api-1.2.jar:/home/user/.m2/repository/org/fusesource/leveldbjni/leveldbjni-all/1.8/leveldbjni-all-1.8.jar:/home/user/.m2/repository/org/apache/ratis/ratis-server/1.1.0-0bdf24f-SNAPSHOT/ratis-server-1.1.0-0bdf24f-SNAPSHOT.jar:/home/user/.m2/repository/org/apache/ratis/ratis-client/1.1.0-0bdf24f-SNAPSHOT/ratis-client-1.1.0-0bdf24f-SNAPSHOT.jar:/home/user/.m2/repository/org/apache/ratis/ratis-server-api/1.1.0-0bdf24f-SNAPSHOT/ratis-server-api-1.1.0-0bdf24f-SNAPSHOT.jar:/home/user/.m2/repository/org/apache/ratis/ratis-metrics/1.1.0-0bdf24f-SNAPSHOT/ratis-metrics-1.1.0-0bdf24f-SNAPSHOT.jar:/home/user/.m2/repository/org/apache/ratis/ratis-netty/1.1.0-0bdf24f-SNAPSHOT/ratis-netty-1.1.0-0bdf24f-SNAPSHOT.jar:/home/user/.m2/repository/org/apache/ratis/ratis-grpc/1.1.0-0bdf24f-SNAPSHOT/ratis-grpc-1.1.0-0bdf24f-SNAPSHOT.jar:/home/user/.m2/repository/org/apache/logging/log4j/log4j-api/2.13.3/log4j-api-2.13.3.jar:/home/user/.m2/repository/org/apache/logging/log4j/log4j-core/2.13.3/log4j-core-2.13.3.jar:/home/user/.m2/repository/com/lmax/disruptor/3.4.2/disruptor-3.4.2.jar:/home/user/.m2/repository/org/apache/commons/commons-pool2/2.6.0/commons-pool2-2.6.0.jar:/home/user/.m2/repository/org/bouncycastle/bcpkix-jdk15on/1.67/bcpkix-jdk15on-1.67.jar:/home/user/.m2/repository/commons-validator/commons-validator/1.6/commons-validator-1.6.jar:/home/user/.m2/repository/commons-beanutils/commons-beanutils/1.9.4/commons-beanutils-1.9.4.jar:/home/user/.m2/repository/commons-digester/commons-digester/1.8.1/commons-digester-1.8.1.jar:/home/user/.m2/repository/commons-collections/commons-collections/3.2.2/commons-collections-3.2.2.jar:/home/user/.m2/repository/io/jaegertracing/jaeger-client/1.2.0/jaeger-client-1.2.0.jar:/home/user/.m2/repository/io/jaegertracing/jaeger-thrift/1.2.0/jaeger-thrift-1.2.0.jar:/home/user/.m2/repository/org/apache/thrift/libthrift/0.13.0/libthrift-0.13.0.jar:/home/user/.m2/repository/com/squareup/okhttp3/okhttp/4.2.2/okhttp-4.2.2.jar:/home/user/.m2/repository/com/squareup/okio/okio/2.2.2/okio-2.2.2.jar:/home/user/.m2/repository/org/jetbrains/kotlin/kotlin-stdlib/1.3.50/kotlin-stdlib-1.3.50.jar:/home/user/.m2/repository/org/jetbrains/kotlin/kotlin-stdlib-common/1.3.50/kotlin-stdlib-common-1.3.50.jar:/home/user/.m2/repository/org/jetbrains/annotations/13.0/annotations-13.0.jar:/home/user/.m2/repository/io/jaegertracing/jaeger-core/1.2.0/jaeger-core-1.2.0.jar:/home/user/.m2/repository/io/jaegertracing/jaeger-tracerresolver/1.2.0/jaeger-tracerresolver-1.2.0.jar:/home/user/.m2/repository/io/opentracing/contrib/opentracing-tracerresolver/0.1.8/opentracing-tracerresolver-0.1.8.jar:/home/user/.m2/repository/io/opentracing/opentracing-util/0.33.0/opentracing-util-0.33.0.jar:/home/user/.m2/repository/io/opentracing/opentracing-api/0.33.0/opentracing-api-0.33.0.jar:/home/user/.m2/repository/io/opentracing/opentracing-noop/0.33.0/opentracing-noop-0.33.0.jar:/home/user/.m2/repository/org/yaml/snakeyaml/1.26/snakeyaml-1.26.jar:/home/user/.m2/repository/junit/junit/4.13.1/junit-4.13.1.jar:/home/user/.m2/repository/org/hamcrest/hamcrest-core/1.3/hamcrest-core-1.3.jar:/home/user/.m2/repository/org/junit/jupiter/junit-jupiter-api/5.7.0/junit-jupiter-api-5.7.0.jar:/home/user/.m2/repository/org/apiguardian/apiguardian-api/1.1.0/apiguardian-api-1.1.0.jar:/home/user/.m2/repository/org/opentest4j/opentest4j/1.2.0/opentest4j-1.2.0.jar:/home/user/.m2/repository/org/junit/platform/junit-platform-commons/1.7.0/junit-platform-commons-1.7.0.jar:/home/user/.m2/repository/org/junit/jupiter/junit-jupiter-engine/5.7.0/junit-jupiter-engine-5.7.0.jar:/home/user/.m2/repository/org/junit/platform/junit-platform-engine/1.7.0/junit-platform-engine-1.7.0.jar:/home/user/.m2/repository/org/junit/vintage/junit-vintage-engine/5.7.0/junit-vintage-engine-5.7.0.jar:/home/user/.m2/repository/org/junit/platform/junit-platform-launcher/1.7.0/junit-platform-launcher-1.7.0.jar:/home/user/.m2/repository/org/openjdk/jmh/jmh-core/1.19/jmh-core-1.19.jar:/home/user/.m2/repository/net/sf/jopt-simple/jopt-simple/4.6/jopt-simple-4.6.jar:/home/user/.m2/repository/org/apache/commons/commons-math3/3.1.1/commons-math3-3.1.1.jar:/home/user/.m2/repository/org/openjdk/jmh/jmh-generator-annprocess/1.19/jmh-generator-annprocess-1.19.jar:/home/user/.m2/repository/org/mockito/mockito-all/1.8.5/mockito-all-1.8.5.jar:/home/user/.m2/repository/org/apache/hadoop/hadoop-kms/3.2.2/hadoop-kms-3.2.2.jar:/home/user/.m2/repository/org/apache/hadoop/hadoop-auth/3.2.2/hadoop-auth-3.2.2.jar:/home/user/.m2/repository/com/nimbusds/nimbus-jose-jwt/7.9/nimbus-jose-jwt-7.9.jar:/home/user/.m2/repository/com/github/stephenc/jcip/jcip-annotations/1.0-1/jcip-annotations-1.0-1.jar:/home/user/.m2/repository/net/minidev/json-smart/2.3/json-smart-2.3.jar:/home/user/.m2/repository/net/minidev/accessors-smart/1.2/accessors-smart-1.2.jar:/home/user/.m2/repository/org/ow2/asm/asm/5.0.4/asm-5.0.4.jar:/home/user/.m2/repository/org/apache/zookeeper/zookeeper/3.4.13/zookeeper-3.4.13.jar:/home/user/.m2/repository/org/apache/yetus/audience-annotations/0.5.0/audience-annotations-0.5.0.jar:/home/user/.m2/repository/org/apache/curator/curator-framework/2.13.0/curator-framework-2.13.0.jar:/home/user/.m2/repository/com/sun/jersey/jersey-core/1.19/jersey-core-1.19.jar:/home/user/.m2/repository/javax/ws/rs/jsr311-api/1.1.1/jsr311-api-1.1.1.jar:/home/user/.m2/repository/com/sun/jersey/jersey-server/1.19/jersey-server-1.19.jar:/home/user/.m2/repository/javax/servlet/javax.servlet-api/3.1.0/javax.servlet-api-3.1.0.jar:/home/user/.m2/repository/org/eclipse/jetty/jetty-server/9.4.34.v20201102/jetty-server-9.4.34.v20201102.jar:/home/user/.m2/repository/org/eclipse/jetty/jetty-http/9.4.34.v20201102/jetty-http-9.4.34.v20201102.jar:/home/user/.m2/repository/org/eclipse/jetty/jetty-io/9.4.34.v20201102/jetty-io-9.4.34.v20201102.jar:/home/user/.m2/repository/org/eclipse/jetty/jetty-webapp/9.4.34.v20201102/jetty-webapp-9.4.34.v20201102.jar:/home/user/.m2/repository/org/eclipse/jetty/jetty-xml/9.4.34.v20201102/jetty-xml-9.4.34.v20201102.jar:/home/user/.m2/repository/org/apache/hadoop/hadoop-common/3.2.2/hadoop-common-3.2.2.jar:/home/user/.m2/repository/commons-net/commons-net/3.6/commons-net-3.6.jar:/home/user/.m2/repository/javax/activation/javax.activation-api/1.2.0/javax.activation-api-1.2.0.jar:/home/user/.m2/repository/com/sun/jersey/jersey-servlet/1.19/jersey-servlet-1.19.jar:/home/user/.m2/repository/com/sun/jersey/jersey-json/1.19/jersey-json-1.19.jar:/home/user/.m2/repository/org/codehaus/jettison/jettison/1.1/jettison-1.1.jar:/home/user/.m2/repository/org/codehaus/jackson/jackson-jaxrs/1.9.2/jackson-jaxrs-1.9.2.jar:/home/user/.m2/repository/org/codehaus/jackson/jackson-xc/1.9.2/jackson-xc-1.9.2.jar:/home/user/.m2/repository/org/apache/commons/commons-configuration2/2.1.1/commons-configuration2-2.1.1.jar:/home/user/.m2/repository/org/apache/commons/commons-text/1.4/commons-text-1.4.jar:/home/user/.m2/repository/com/google/re2j/re2j/1.1/re2j-1.1.jar:/home/user/.m2/repository/com/jcraft/jsch/0.1.54/jsch-0.1.54.jar:/home/user/.m2/repository/org/apache/curator/curator-client/2.13.0/curator-client-2.13.0.jar:/home/user/.m2/repository/org/apache/curator/curator-recipes/2.13.0/curator-recipes-2.13.0.jar:/home/user/.m2/repository/dnsjava/dnsjava/2.1.7/dnsjava-2.1.7.jar:/home/user/.m2/repository/org/slf4j/jul-to-slf4j/1.7.30/jul-to-slf4j-1.7.30.jar:/home/user/.m2/repository/org/eclipse/jetty/jetty-util/9.4.34.v20201102/jetty-util-9.4.34.v20201102.jar:/home/user/.m2/repository/com/fasterxml/jackson/core/jackson-databind/2.10.3/jackson-databind-2.10.3.jar:/home/user/.m2/repository/org/apache/hadoop/hadoop-kms/3.2.2/hadoop-kms-3.2.2-tests.jar:/home/user/.m2/repository/org/apache/hadoop/hadoop-hdds-server-scm/1.1.0-SNAPSHOT/hadoop-hdds-server-scm-1.1.0-SNAPSHOT-tests.jar:/home/user/.m2/repository/org/apache/hadoop/hadoop-hdds-container-service/1.1.0-SNAPSHOT/hadoop-hdds-container-service-1.1.0-SNAPSHOT-tests.jar:/home/user/.m2/repository/commons-codec/commons-codec/1.11/commons-codec-1.11.jar:/home/user/.m2/repository/org/apache/hadoop/hadoop-hdds-hadoop-dependency-test/1.1.0-SNAPSHOT/hadoop-hdds-hadoop-dependency-test-1.1.0-SNAPSHOT.jar:/home/user/.m2/repository/org/apache/hadoop/hadoop-common/3.2.2/hadoop-common-3.2.2-tests.jar:/home/user/.m2/repository/org/apache/hadoop/hadoop-hdfs/3.2.2/hadoop-hdfs-3.2.2-tests.jar:/home/user/.m2/repository/org/eclipse/jetty/jetty-util-ajax/9.4.34.v20201102/jetty-util-ajax-9.4.34.v20201102.jar:/home/user/.m2/repository/commons-daemon/commons-daemon/1.0.13/commons-daemon-1.0.13.jar:/home/user/.m2/repository/io/netty/netty/3.10.6.Final/netty-3.10.6.Final.jar:/home/user/.m2/repository/io/netty/netty-all/4.1.51.Final/netty-all-4.1.51.Final.jar:/home/user/.m2/repository/org/apache/htrace/htrace-core4/4.1.0-incubating/htrace-core4-4.1.0-incubating.jar:/home/user/.m2/repository/org/apache/hadoop/hadoop-distcp/3.2.2/hadoop-distcp-3.2.2.jar:/home/user/.m2/repository/org/apache/hadoop/hadoop-mapreduce-client-jobclient/3.2.2/hadoop-mapreduce-client-jobclient-3.2.2.jar:/home/user/.m2/repository/org/apache/hadoop/hadoop-mapreduce-client-common/3.2.2/hadoop-mapreduce-client-common-3.2.2.jar:/home/user/.m2/repository/org/apache/hadoop/hadoop-yarn-common/3.2.2/hadoop-yarn-common-3.2.2.jar:/home/user/.m2/repository/org/apache/hadoop/hadoop-yarn-api/3.2.2/hadoop-yarn-api-3.2.2.jar:/home/user/.m2/repository/com/sun/jersey/jersey-client/1.19/jersey-client-1.19.jar:/home/user/.m2/repository/com/sun/jersey/contribs/jersey-guice/1.19/jersey-guice-1.19.jar:/home/user/.m2/repository/com/fasterxml/jackson/jaxrs/jackson-jaxrs-json-provider/2.10.3/jackson-jaxrs-json-provider-2.10.3.jar:/home/user/.m2/repository/com/fasterxml/jackson/jaxrs/jackson-jaxrs-base/2.10.3/jackson-jaxrs-base-2.10.3.jar:/home/user/.m2/repository/org/apache/hadoop/hadoop-yarn-client/3.2.2/hadoop-yarn-client-3.2.2.jar:/home/user/.m2/repository/org/apache/hadoop/hadoop-mapreduce-client-core/3.2.2/hadoop-mapreduce-client-core-3.2.2.jar:/home/user/.m2/repository/org/apache/avro/avro/1.7.7/avro-1.7.7.jar:/home/user/.m2/repository/org/codehaus/jackson/jackson-core-asl/1.9.13/jackson-core-asl-1.9.13.jar:/home/user/.m2/repository/org/codehaus/jackson/jackson-mapper-asl/1.9.13/jackson-mapper-asl-1.9.13.jar:/home/user/.m2/repository/com/thoughtworks/paranamer/paranamer/2.3/paranamer-2.3.jar:/home/user/.m2/repository/org/xerial/snappy/snappy-java/1.0.5/snappy-java-1.0.5.jar:/home/user/.m2/repository/org/apache/hadoop/hadoop-annotations/3.2.2/hadoop-annotations-3.2.2.jar:/usr/lib/jvm/java-1.8.0-openjdk-1.8.0.232.b09-0.el7_7.x86_64/jre/../lib/tools.jar:/home/user/.m2/repository/org/apache/hadoop/hadoop-distcp/3.2.2/hadoop-distcp-3.2.2-tests.jar:"/>
    <property name="java.vm.vendor" value="Oracle Corporation"/>
    <property name="sun.arch.data.model" value="64"/>
    <property name="test.build.dir" value="/github/workspace/mnt/ozone/hadoop-ozone/integration-test/target/test-dir"/>
    <property name="test.cache.data" value=""/>
    <property name="java.vendor.url" value="http://java.oracle.com/"/>
    <property name="user.timezone" value=""/>
    <property name="java.vm.specification.version" value="1.8"/>
    <property name="os.name" value="Linux"/>
    <property name="test.build.data" value="/github/workspace/mnt/ozone/hadoop-ozone/integration-test/target/test-dir"/>
    <property name="user.country" value="US"/>
    <property name="sun.java.launcher" value="SUN_STANDARD"/>
    <property name="sun.boot.library.path" value="/usr/lib/jvm/java-1.8.0-openjdk-1.8.0.232.b09-0.el7_7.x86_64/jre/lib/amd64"/>
    <property name="sun.java.command" value="/github/workspace/mnt/ozone/hadoop-ozone/integration-test/target/surefire/surefirebooter874747314547401946.jar /github/workspace/mnt/ozone/hadoop-ozone/integration-test/target/surefire 2021-02-14T01-28-41_607-jvmRun1 surefire272387465394871360tmp surefire_79084415810553796533tmp"/>
    <property name="surefire.test.class.path" value="/github/workspace/mnt/ozone/hadoop-ozone/integration-test/target/test-classes:/github/workspace/mnt/ozone/hadoop-ozone/integration-test/target/classes:/home/user/.m2/repository/org/apache/hadoop/hadoop-ozone-common/1.1.0-SNAPSHOT/hadoop-ozone-common-1.1.0-SNAPSHOT.jar:/home/user/.m2/repository/org/apache/commons/commons-compress/1.4.1/commons-compress-1.4.1.jar:/home/user/.m2/repository/org/tukaani/xz/1.0/xz-1.0.jar:/home/user/.m2/repository/org/apache/hadoop/hadoop-hdds-common/1.1.0-SNAPSHOT/hadoop-hdds-common-1.1.0-SNAPSHOT.jar:/home/user/.m2/repository/org/apache/hadoop/hadoop-hdds-client/1.1.0-SNAPSHOT/hadoop-hdds-client-1.1.0-SNAPSHOT.jar:/home/user/.m2/repository/org/apache/hadoop/hadoop-ozone-interface-client/1.1.0-SNAPSHOT/hadoop-ozone-interface-client-1.1.0-SNAPSHOT.jar:/home/user/.m2/repository/org/apache/hadoop/hadoop-hdds-test-utils/1.1.0-SNAPSHOT/hadoop-hdds-test-utils-1.1.0-SNAPSHOT.jar:/home/user/.m2/repository/com/google/guava/guava/28.2-jre/guava-28.2-jre.jar:/home/user/.m2/repository/com/google/guava/failureaccess/1.0.1/failureaccess-1.0.1.jar:/home/user/.m2/repository/com/google/guava/listenablefuture/9999.0-empty-to-avoid-conflict-with-guava/listenablefuture-9999.0-empty-to-avoid-conflict-with-guava.jar:/home/user/.m2/repository/com/google/code/findbugs/jsr305/3.0.0/jsr305-3.0.0.jar:/home/user/.m2/repository/org/checkerframework/checker-qual/2.10.0/checker-qual-2.10.0.jar:/home/user/.m2/repository/com/google/errorprone/error_prone_annotations/2.2.0/error_prone_annotations-2.2.0.jar:/home/user/.m2/repository/com/google/j2objc/j2objc-annotations/1.3/j2objc-annotations-1.3.jar:/home/user/.m2/repository/commons-io/commons-io/2.5/commons-io-2.5.jar:/home/user/.m2/repository/commons-logging/commons-logging/1.2/commons-logging-1.2.jar:/home/user/.m2/repository/log4j/log4j/1.2.17/log4j-1.2.17.jar:/home/user/.m2/repository/org/slf4j/slf4j-api/1.7.30/slf4j-api-1.7.30.jar:/home/user/.m2/repository/org/apache/hadoop/hadoop-hdds-server-scm/1.1.0-SNAPSHOT/hadoop-hdds-server-scm-1.1.0-SNAPSHOT.jar:/home/user/.m2/repository/org/apache/hadoop/hadoop-hdds-container-service/1.1.0-SNAPSHOT/hadoop-hdds-container-service-1.1.0-SNAPSHOT.jar:/home/user/.m2/repository/org/apache/hadoop/hadoop-hdds-hadoop-dependency-server/1.1.0-SNAPSHOT/hadoop-hdds-hadoop-dependency-server-1.1.0-SNAPSHOT.jar:/home/user/.m2/repository/org/apache/hadoop/hadoop-hdfs/3.2.2/hadoop-hdfs-3.2.2.jar:/home/user/.m2/repository/org/apache/hadoop/hadoop-hdds-server-framework/1.1.0-SNAPSHOT/hadoop-hdds-server-framework-1.1.0-SNAPSHOT.jar:/home/user/.m2/repository/org/apache/hadoop/hadoop-hdds-interface-server/1.1.0-SNAPSHOT/hadoop-hdds-interface-server-1.1.0-SNAPSHOT.jar:/home/user/.m2/repository/org/apache/hadoop/hadoop-hdds-interface-admin/1.1.0-SNAPSHOT/hadoop-hdds-interface-admin-1.1.0-SNAPSHOT.jar:/home/user/.m2/repository/org/eclipse/jetty/jetty-servlet/9.4.34.v20201102/jetty-servlet-9.4.34.v20201102.jar:/home/user/.m2/repository/org/eclipse/jetty/jetty-security/9.4.34.v20201102/jetty-security-9.4.34.v20201102.jar:/home/user/.m2/repository/org/rocksdb/rocksdbjni/6.8.1/rocksdbjni-6.8.1.jar:/home/user/.m2/repository/io/prometheus/simpleclient_dropwizard/0.7.0/simpleclient_dropwizard-0.7.0.jar:/home/user/.m2/repository/io/prometheus/simpleclient/0.7.0/simpleclient-0.7.0.jar:/home/user/.m2/repository/io/prometheus/simpleclient_common/0.7.0/simpleclient_common-0.7.0.jar:/home/user/.m2/repository/com/fasterxml/jackson/datatype/jackson-datatype-jsr310/2.10.3/jackson-datatype-jsr310-2.10.3.jar:/home/user/.m2/repository/io/dropwizard/metrics/metrics-core/3.2.4/metrics-core-3.2.4.jar:/home/user/.m2/repository/org/apache/hadoop/hadoop-hdfs-client/3.2.2/hadoop-hdfs-client-3.2.2.jar:/home/user/.m2/repository/org/bouncycastle/bcprov-jdk15on/1.67/bcprov-jdk15on-1.67.jar:/home/user/.m2/repository/org/apache/hadoop/hadoop-ozone-ozone-manager/1.1.0-SNAPSHOT/hadoop-ozone-ozone-manager-1.1.0-SNAPSHOT.jar:/home/user/.m2/repository/org/apache/hadoop/hadoop-hdds-interface-client/1.1.0-SNAPSHOT/hadoop-hdds-interface-client-1.1.0-SNAPSHOT.jar:/home/user/.m2/repository/org/apache/ratis/ratis-thirdparty-misc/0.6.0/ratis-thirdparty-misc-0.6.0.jar:/home/user/.m2/repository/org/apache/hadoop/hadoop-ozone-interface-storage/1.1.0-SNAPSHOT/hadoop-ozone-interface-storage-1.1.0-SNAPSHOT.jar:/home/user/.m2/repository/org/apache/hadoop/hadoop-minikdc/3.2.2/hadoop-minikdc-3.2.2.jar:/home/user/.m2/repository/org/apache/kerby/kerb-simplekdc/1.0.1/kerb-simplekdc-1.0.1.jar:/home/user/.m2/repository/org/apache/kerby/kerb-client/1.0.1/kerb-client-1.0.1.jar:/home/user/.m2/repository/org/apache/kerby/kerby-config/1.0.1/kerby-config-1.0.1.jar:/home/user/.m2/repository/org/apache/kerby/kerb-core/1.0.1/kerb-core-1.0.1.jar:/home/user/.m2/repository/org/apache/kerby/kerby-pkix/1.0.1/kerby-pkix-1.0.1.jar:/home/user/.m2/repository/org/apache/kerby/kerby-asn1/1.0.1/kerby-asn1-1.0.1.jar:/home/user/.m2/repository/org/apache/kerby/kerby-util/1.0.1/kerby-util-1.0.1.jar:/home/user/.m2/repository/org/apache/kerby/kerb-common/1.0.1/kerb-common-1.0.1.jar:/home/user/.m2/repository/org/apache/kerby/kerb-crypto/1.0.1/kerb-crypto-1.0.1.jar:/home/user/.m2/repository/org/apache/kerby/kerb-util/1.0.1/kerb-util-1.0.1.jar:/home/user/.m2/repository/org/apache/kerby/token-provider/1.0.1/token-provider-1.0.1.jar:/home/user/.m2/repository/org/apache/kerby/kerb-admin/1.0.1/kerb-admin-1.0.1.jar:/home/user/.m2/repository/org/apache/kerby/kerb-server/1.0.1/kerb-server-1.0.1.jar:/home/user/.m2/repository/org/apache/kerby/kerb-identity/1.0.1/kerb-identity-1.0.1.jar:/home/user/.m2/repository/org/apache/kerby/kerby-xdr/1.0.1/kerby-xdr-1.0.1.jar:/home/user/.m2/repository/org/slf4j/slf4j-log4j12/1.7.30/slf4j-log4j12-1.7.30.jar:/home/user/.m2/repository/org/apache/hadoop/hadoop-ozone-s3gateway/1.1.0-SNAPSHOT/hadoop-ozone-s3gateway-1.1.0-SNAPSHOT.jar:/home/user/.m2/repository/org/jboss/weld/servlet/weld-servlet/2.4.7.Final/weld-servlet-2.4.7.Final.jar:/home/user/.m2/repository/org/glassfish/jersey/containers/jersey-container-servlet-core/2.27/jersey-container-servlet-core-2.27.jar:/home/user/.m2/repository/org/glassfish/hk2/external/javax.inject/2.5.0-b42/javax.inject-2.5.0-b42.jar:/home/user/.m2/repository/org/glassfish/jersey/core/jersey-common/2.27/jersey-common-2.27.jar:/home/user/.m2/repository/org/glassfish/hk2/osgi-resource-locator/1.0.1/osgi-resource-locator-1.0.1.jar:/home/user/.m2/repository/javax/ws/rs/javax.ws.rs-api/2.1/javax.ws.rs-api-2.1.jar:/home/user/.m2/repository/org/glassfish/jersey/ext/cdi/jersey-cdi1x/2.27/jersey-cdi1x-2.27.jar:/home/user/.m2/repository/org/glassfish/jersey/inject/jersey-hk2/2.27/jersey-hk2-2.27.jar:/home/user/.m2/repository/org/glassfish/hk2/hk2-locator/2.5.0-b42/hk2-locator-2.5.0-b42.jar:/home/user/.m2/repository/org/javassist/javassist/3.22.0-CR2/javassist-3.22.0-CR2.jar:/home/user/.m2/repository/org/glassfish/hk2/hk2-api/2.5.0/hk2-api-2.5.0.jar:/home/user/.m2/repository/org/glassfish/hk2/external/jakarta.inject/2.5.0/jakarta.inject-2.5.0.jar:/home/user/.m2/repository/org/glassfish/hk2/hk2-utils/2.5.0/hk2-utils-2.5.0.jar:/home/user/.m2/repository/jakarta/annotation/jakarta.annotation-api/1.3.4/jakarta.annotation-api-1.3.4.jar:/home/user/.m2/repository/org/glassfish/hk2/external/aopalliance-repackaged/2.5.0/aopalliance-repackaged-2.5.0.jar:/home/user/.m2/repository/com/fasterxml/jackson/dataformat/jackson-dataformat-xml/2.10.3/jackson-dataformat-xml-2.10.3.jar:/home/user/.m2/repository/com/fasterxml/jackson/core/jackson-core/2.10.3/jackson-core-2.10.3.jar:/home/user/.m2/repository/com/fasterxml/jackson/module/jackson-module-jaxb-annotations/2.10.3/jackson-module-jaxb-annotations-2.10.3.jar:/home/user/.m2/repository/jakarta/xml/bind/jakarta.xml.bind-api/2.3.2/jakarta.xml.bind-api-2.3.2.jar:/home/user/.m2/repository/jakarta/activation/jakarta.activation-api/1.2.1/jakarta.activation-api-1.2.1.jar:/home/user/.m2/repository/org/codehaus/woodstox/stax2-api/3.1.4/stax2-api-3.1.4.jar:/home/user/.m2/repository/com/fasterxml/woodstox/woodstox-core/5.0.3/woodstox-core-5.0.3.jar:/home/user/.m2/repository/javax/enterprise/cdi-api/1.2/cdi-api-1.2.jar:/home/user/.m2/repository/javax/el/javax.el-api/3.0.0/javax.el-api-3.0.0.jar:/home/user/.m2/repository/javax/interceptor/javax.interceptor-api/1.2/javax.interceptor-api-1.2.jar:/home/user/.m2/repository/javax/inject/javax.inject/1/javax.inject-1.jar:/home/user/.m2/repository/com/sun/xml/bind/jaxb-impl/2.3.0.1/jaxb-impl-2.3.0.1.jar:/home/user/.m2/repository/com/sun/xml/bind/jaxb-core/2.3.0.1/jaxb-core-2.3.0.1.jar:/home/user/.m2/repository/javax/xml/bind/jaxb-api/2.3.0/jaxb-api-2.3.0.jar:/home/user/.m2/repository/javax/activation/activation/1.1.1/activation-1.1.1.jar:/home/user/.m2/repository/org/apache/hadoop/hadoop-ozone-csi/1.1.0-SNAPSHOT/hadoop-ozone-csi-1.1.0-SNAPSHOT.jar:/home/user/.m2/repository/com/google/protobuf/protobuf-java-util/3.12.0/protobuf-java-util-3.12.0.jar:/home/user/.m2/repository/com/google/code/gson/gson/2.2.4/gson-2.2.4.jar:/home/user/.m2/repository/org/apache/hadoop/hadoop-hdds-config/1.1.0-SNAPSHOT/hadoop-hdds-config-1.1.0-SNAPSHOT.jar:/home/user/.m2/repository/com/google/protobuf/protobuf-java/2.5.0/protobuf-java-2.5.0.jar:/home/user/.m2/repository/io/grpc/grpc-netty/1.33.0/grpc-netty-1.33.0.jar:/home/user/.m2/repository/io/grpc/grpc-core/1.33.0/grpc-core-1.33.0.jar:/home/user/.m2/repository/com/google/android/annotations/4.1.1.4/annotations-4.1.1.4.jar:/home/user/.m2/repository/io/netty/netty-codec-http2/4.1.51.Final/netty-codec-http2-4.1.51.Final.jar:/home/user/.m2/repository/io/netty/netty-codec/4.1.51.Final/netty-codec-4.1.51.Final.jar:/home/user/.m2/repository/io/netty/netty-handler/4.1.51.Final/netty-handler-4.1.51.Final.jar:/home/user/.m2/repository/io/netty/netty-codec-http/4.1.51.Final/netty-codec-http-4.1.51.Final.jar:/home/user/.m2/repository/io/netty/netty-handler-proxy/4.1.51.Final/netty-handler-proxy-4.1.51.Final.jar:/home/user/.m2/repository/io/netty/netty-codec-socks/4.1.51.Final/netty-codec-socks-4.1.51.Final.jar:/home/user/.m2/repository/io/perfmark/perfmark-api/0.19.0/perfmark-api-0.19.0.jar:/home/user/.m2/repository/org/codehaus/mojo/animal-sniffer-annotations/1.18/animal-sniffer-annotations-1.18.jar:/home/user/.m2/repository/io/netty/netty-transport-native-epoll/4.1.51.Final/netty-transport-native-epoll-4.1.51.Final.jar:/home/user/.m2/repository/io/netty/netty-common/4.1.51.Final/netty-common-4.1.51.Final.jar:/home/user/.m2/repository/io/netty/netty-buffer/4.1.51.Final/netty-buffer-4.1.51.Final.jar:/home/user/.m2/repository/io/netty/netty-transport/4.1.51.Final/netty-transport-4.1.51.Final.jar:/home/user/.m2/repository/io/netty/netty-resolver/4.1.51.Final/netty-resolver-4.1.51.Final.jar:/home/user/.m2/repository/io/netty/netty-transport-native-unix-common/4.1.51.Final/netty-transport-native-unix-common-4.1.51.Final.jar:/home/user/.m2/repository/io/grpc/grpc-protobuf/1.33.0/grpc-protobuf-1.33.0.jar:/home/user/.m2/repository/io/grpc/grpc-api/1.33.0/grpc-api-1.33.0.jar:/home/user/.m2/repository/io/grpc/grpc-context/1.33.0/grpc-context-1.33.0.jar:/home/user/.m2/repository/com/google/api/grpc/proto-google-common-protos/1.17.0/proto-google-common-protos-1.17.0.jar:/home/user/.m2/repository/io/grpc/grpc-protobuf-lite/1.33.0/grpc-protobuf-lite-1.33.0.jar:/home/user/.m2/repository/io/grpc/grpc-stub/1.33.0/grpc-stub-1.33.0.jar:/home/user/.m2/repository/org/apache/hadoop/hadoop-ozone-recon/1.1.0-SNAPSHOT/hadoop-ozone-recon-1.1.0-SNAPSHOT.jar:/home/user/.m2/repository/org/apache/hadoop/hadoop-ozone-reconcodegen/1.1.0-SNAPSHOT/hadoop-ozone-reconcodegen-1.1.0-SNAPSHOT.jar:/home/user/.m2/repository/com/google/inject/extensions/guice-multibindings/4.0/guice-multibindings-4.0.jar:/home/user/.m2/repository/com/google/inject/guice/4.0/guice-4.0.jar:/home/user/.m2/repository/aopalliance/aopalliance/1.0/aopalliance-1.0.jar:/home/user/.m2/repository/com/google/inject/extensions/guice-assistedinject/4.0/guice-assistedinject-4.0.jar:/home/user/.m2/repository/com/google/inject/extensions/guice-servlet/4.0/guice-servlet-4.0.jar:/home/user/.m2/repository/org/glassfish/jersey/containers/jersey-container-servlet/2.27/jersey-container-servlet-2.27.jar:/home/user/.m2/repository/org/glassfish/hk2/guice-bridge/2.5.0/guice-bridge-2.5.0.jar:/home/user/.m2/repository/org/glassfish/jersey/core/jersey-server/2.27/jersey-server-2.27.jar:/home/user/.m2/repository/org/glassfish/jersey/core/jersey-client/2.27/jersey-client-2.27.jar:/home/user/.m2/repository/org/glassfish/jersey/media/jersey-media-jaxb/2.27/jersey-media-jaxb-2.27.jar:/home/user/.m2/repository/javax/validation/validation-api/1.1.0.Final/validation-api-1.1.0.Final.jar:/home/user/.m2/repository/org/glassfish/jersey/media/jersey-media-json-jackson/2.27/jersey-media-json-jackson-2.27.jar:/home/user/.m2/repository/org/glassfish/jersey/ext/jersey-entity-filtering/2.27/jersey-entity-filtering-2.27.jar:/home/user/.m2/repository/org/jooq/jooq/3.11.10/jooq-3.11.10.jar:/home/user/.m2/repository/org/jooq/jooq-meta/3.11.10/jooq-meta-3.11.10.jar:/home/user/.m2/repository/org/jooq/jooq-codegen/3.11.10/jooq-codegen-3.11.10.jar:/home/user/.m2/repository/com/jolbox/bonecp/0.8.0.RELEASE/bonecp-0.8.0.RELEASE.jar:/home/user/.m2/repository/org/apache/derby/derby/10.14.2.0/derby-10.14.2.0.jar:/home/user/.m2/repository/org/xerial/sqlite-jdbc/3.25.2/sqlite-jdbc-3.25.2.jar:/home/user/.m2/repository/org/springframework/spring-jdbc/5.2.11.RELEASE/spring-jdbc-5.2.11.RELEASE.jar:/home/user/.m2/repository/org/springframework/spring-beans/5.2.11.RELEASE/spring-beans-5.2.11.RELEASE.jar:/home/user/.m2/repository/org/springframework/spring-core/5.2.11.RELEASE/spring-core-5.2.11.RELEASE.jar:/home/user/.m2/repository/org/springframework/spring-jcl/5.2.11.RELEASE/spring-jcl-5.2.11.RELEASE.jar:/home/user/.m2/repository/org/springframework/spring-tx/5.2.11.RELEASE/spring-tx-5.2.11.RELEASE.jar:/home/user/.m2/repository/org/apache/hadoop/hadoop-ozone-client/1.1.0-SNAPSHOT/hadoop-ozone-client-1.1.0-SNAPSHOT.jar:/home/user/.m2/repository/org/apache/hadoop/hadoop-ozone-filesystem/1.1.0-SNAPSHOT/hadoop-ozone-filesystem-1.1.0-SNAPSHOT.jar:/home/user/.m2/repository/org/apache/hadoop/hadoop-ozone-filesystem-common/1.1.0-SNAPSHOT/hadoop-ozone-filesystem-common-1.1.0-SNAPSHOT.jar:/home/user/.m2/repository/org/apache/hadoop/hadoop-ozone-tools/1.1.0-SNAPSHOT/hadoop-ozone-tools-1.1.0-SNAPSHOT.jar:/home/user/.m2/repository/org/apache/ratis/ratis-tools/1.1.0-0bdf24f-SNAPSHOT/ratis-tools-1.1.0-0bdf24f-SNAPSHOT.jar:/home/user/.m2/repository/org/apache/ratis/ratis-proto/1.1.0-0bdf24f-SNAPSHOT/ratis-proto-1.1.0-0bdf24f-SNAPSHOT.jar:/home/user/.m2/repository/org/apache/ratis/ratis-common/1.1.0-0bdf24f-SNAPSHOT/ratis-common-1.1.0-0bdf24f-SNAPSHOT.jar:/home/user/.m2/repository/com/amazonaws/aws-java-sdk-core/1.11.901/aws-java-sdk-core-1.11.901.jar:/home/user/.m2/repository/org/apache/httpcomponents/httpclient/4.5.13/httpclient-4.5.13.jar:/home/user/.m2/repository/org/apache/httpcomponents/httpcore/4.4.13/httpcore-4.4.13.jar:/home/user/.m2/repository/software/amazon/ion/ion-java/1.0.2/ion-java-1.0.2.jar:/home/user/.m2/repository/com/fasterxml/jackson/dataformat/jackson-dataformat-cbor/2.10.3/jackson-dataformat-cbor-2.10.3.jar:/home/user/.m2/repository/joda-time/joda-time/2.8.1/joda-time-2.8.1.jar:/home/user/.m2/repository/com/amazonaws/aws-java-sdk-s3/1.11.901/aws-java-sdk-s3-1.11.901.jar:/home/user/.m2/repository/com/amazonaws/aws-java-sdk-kms/1.11.901/aws-java-sdk-kms-1.11.901.jar:/home/user/.m2/repository/com/amazonaws/jmespath-java/1.11.901/jmespath-java-1.11.901.jar:/home/user/.m2/repository/org/kohsuke/metainf-services/metainf-services/1.8/metainf-services-1.8.jar:/home/user/.m2/repository/org/apache/hadoop/hadoop-hdds-tools/1.1.0-SNAPSHOT/hadoop-hdds-tools-1.1.0-SNAPSHOT.jar:/home/user/.m2/repository/commons-cli/commons-cli/1.2/commons-cli-1.2.jar:/home/user/.m2/repository/org/apache/commons/commons-lang3/3.7/commons-lang3-3.7.jar:/home/user/.m2/repository/org/apache/hadoop/hadoop-ozone-ozone-manager/1.1.0-SNAPSHOT/hadoop-ozone-ozone-manager-1.1.0-SNAPSHOT-tests.jar:/home/user/.m2/repository/org/apache/hadoop/hadoop-hdds-common/1.1.0-SNAPSHOT/hadoop-hdds-common-1.1.0-SNAPSHOT-tests.jar:/home/user/.m2/repository/org/apache/hadoop/hadoop-hdds-hadoop-dependency-client/1.1.0-SNAPSHOT/hadoop-hdds-hadoop-dependency-client-1.1.0-SNAPSHOT.jar:/home/user/.m2/repository/info/picocli/picocli/4.4.0/picocli-4.4.0.jar:/home/user/.m2/repository/com/fasterxml/jackson/core/jackson-annotations/2.10.3/jackson-annotations-2.10.3.jar:/home/user/.m2/repository/javax/annotation/javax.annotation-api/1.2/javax.annotation-api-1.2.jar:/home/user/.m2/repository/org/fusesource/leveldbjni/leveldbjni-all/1.8/leveldbjni-all-1.8.jar:/home/user/.m2/repository/org/apache/ratis/ratis-server/1.1.0-0bdf24f-SNAPSHOT/ratis-server-1.1.0-0bdf24f-SNAPSHOT.jar:/home/user/.m2/repository/org/apache/ratis/ratis-client/1.1.0-0bdf24f-SNAPSHOT/ratis-client-1.1.0-0bdf24f-SNAPSHOT.jar:/home/user/.m2/repository/org/apache/ratis/ratis-server-api/1.1.0-0bdf24f-SNAPSHOT/ratis-server-api-1.1.0-0bdf24f-SNAPSHOT.jar:/home/user/.m2/repository/org/apache/ratis/ratis-metrics/1.1.0-0bdf24f-SNAPSHOT/ratis-metrics-1.1.0-0bdf24f-SNAPSHOT.jar:/home/user/.m2/repository/org/apache/ratis/ratis-netty/1.1.0-0bdf24f-SNAPSHOT/ratis-netty-1.1.0-0bdf24f-SNAPSHOT.jar:/home/user/.m2/repository/org/apache/ratis/ratis-grpc/1.1.0-0bdf24f-SNAPSHOT/ratis-grpc-1.1.0-0bdf24f-SNAPSHOT.jar:/home/user/.m2/repository/org/apache/logging/log4j/log4j-api/2.13.3/log4j-api-2.13.3.jar:/home/user/.m2/repository/org/apache/logging/log4j/log4j-core/2.13.3/log4j-core-2.13.3.jar:/home/user/.m2/repository/com/lmax/disruptor/3.4.2/disruptor-3.4.2.jar:/home/user/.m2/repository/org/apache/commons/commons-pool2/2.6.0/commons-pool2-2.6.0.jar:/home/user/.m2/repository/org/bouncycastle/bcpkix-jdk15on/1.67/bcpkix-jdk15on-1.67.jar:/home/user/.m2/repository/commons-validator/commons-validator/1.6/commons-validator-1.6.jar:/home/user/.m2/repository/commons-beanutils/commons-beanutils/1.9.4/commons-beanutils-1.9.4.jar:/home/user/.m2/repository/commons-digester/commons-digester/1.8.1/commons-digester-1.8.1.jar:/home/user/.m2/repository/commons-collections/commons-collections/3.2.2/commons-collections-3.2.2.jar:/home/user/.m2/repository/io/jaegertracing/jaeger-client/1.2.0/jaeger-client-1.2.0.jar:/home/user/.m2/repository/io/jaegertracing/jaeger-thrift/1.2.0/jaeger-thrift-1.2.0.jar:/home/user/.m2/repository/org/apache/thrift/libthrift/0.13.0/libthrift-0.13.0.jar:/home/user/.m2/repository/com/squareup/okhttp3/okhttp/4.2.2/okhttp-4.2.2.jar:/home/user/.m2/repository/com/squareup/okio/okio/2.2.2/okio-2.2.2.jar:/home/user/.m2/repository/org/jetbrains/kotlin/kotlin-stdlib/1.3.50/kotlin-stdlib-1.3.50.jar:/home/user/.m2/repository/org/jetbrains/kotlin/kotlin-stdlib-common/1.3.50/kotlin-stdlib-common-1.3.50.jar:/home/user/.m2/repository/org/jetbrains/annotations/13.0/annotations-13.0.jar:/home/user/.m2/repository/io/jaegertracing/jaeger-core/1.2.0/jaeger-core-1.2.0.jar:/home/user/.m2/repository/io/jaegertracing/jaeger-tracerresolver/1.2.0/jaeger-tracerresolver-1.2.0.jar:/home/user/.m2/repository/io/opentracing/contrib/opentracing-tracerresolver/0.1.8/opentracing-tracerresolver-0.1.8.jar:/home/user/.m2/repository/io/opentracing/opentracing-util/0.33.0/opentracing-util-0.33.0.jar:/home/user/.m2/repository/io/opentracing/opentracing-api/0.33.0/opentracing-api-0.33.0.jar:/home/user/.m2/repository/io/opentracing/opentracing-noop/0.33.0/opentracing-noop-0.33.0.jar:/home/user/.m2/repository/org/yaml/snakeyaml/1.26/snakeyaml-1.26.jar:/home/user/.m2/repository/junit/junit/4.13.1/junit-4.13.1.jar:/home/user/.m2/repository/org/hamcrest/hamcrest-core/1.3/hamcrest-core-1.3.jar:/home/user/.m2/repository/org/junit/jupiter/junit-jupiter-api/5.7.0/junit-jupiter-api-5.7.0.jar:/home/user/.m2/repository/org/apiguardian/apiguardian-api/1.1.0/apiguardian-api-1.1.0.jar:/home/user/.m2/repository/org/opentest4j/opentest4j/1.2.0/opentest4j-1.2.0.jar:/home/user/.m2/repository/org/junit/platform/junit-platform-commons/1.7.0/junit-platform-commons-1.7.0.jar:/home/user/.m2/repository/org/junit/jupiter/junit-jupiter-engine/5.7.0/junit-jupiter-engine-5.7.0.jar:/home/user/.m2/repository/org/junit/platform/junit-platform-engine/1.7.0/junit-platform-engine-1.7.0.jar:/home/user/.m2/repository/org/junit/vintage/junit-vintage-engine/5.7.0/junit-vintage-engine-5.7.0.jar:/home/user/.m2/repository/org/junit/platform/junit-platform-launcher/1.7.0/junit-platform-launcher-1.7.0.jar:/home/user/.m2/repository/org/openjdk/jmh/jmh-core/1.19/jmh-core-1.19.jar:/home/user/.m2/repository/net/sf/jopt-simple/jopt-simple/4.6/jopt-simple-4.6.jar:/home/user/.m2/repository/org/apache/commons/commons-math3/3.1.1/commons-math3-3.1.1.jar:/home/user/.m2/repository/org/openjdk/jmh/jmh-generator-annprocess/1.19/jmh-generator-annprocess-1.19.jar:/home/user/.m2/repository/org/mockito/mockito-all/1.8.5/mockito-all-1.8.5.jar:/home/user/.m2/repository/org/apache/hadoop/hadoop-kms/3.2.2/hadoop-kms-3.2.2.jar:/home/user/.m2/repository/org/apache/hadoop/hadoop-auth/3.2.2/hadoop-auth-3.2.2.jar:/home/user/.m2/repository/com/nimbusds/nimbus-jose-jwt/7.9/nimbus-jose-jwt-7.9.jar:/home/user/.m2/repository/com/github/stephenc/jcip/jcip-annotations/1.0-1/jcip-annotations-1.0-1.jar:/home/user/.m2/repository/net/minidev/json-smart/2.3/json-smart-2.3.jar:/home/user/.m2/repository/net/minidev/accessors-smart/1.2/accessors-smart-1.2.jar:/home/user/.m2/repository/org/ow2/asm/asm/5.0.4/asm-5.0.4.jar:/home/user/.m2/repository/org/apache/zookeeper/zookeeper/3.4.13/zookeeper-3.4.13.jar:/home/user/.m2/repository/org/apache/yetus/audience-annotations/0.5.0/audience-annotations-0.5.0.jar:/home/user/.m2/repository/org/apache/curator/curator-framework/2.13.0/curator-framework-2.13.0.jar:/home/user/.m2/repository/com/sun/jersey/jersey-core/1.19/jersey-core-1.19.jar:/home/user/.m2/repository/javax/ws/rs/jsr311-api/1.1.1/jsr311-api-1.1.1.jar:/home/user/.m2/repository/com/sun/jersey/jersey-server/1.19/jersey-server-1.19.jar:/home/user/.m2/repository/javax/servlet/javax.servlet-api/3.1.0/javax.servlet-api-3.1.0.jar:/home/user/.m2/repository/org/eclipse/jetty/jetty-server/9.4.34.v20201102/jetty-server-9.4.34.v20201102.jar:/home/user/.m2/repository/org/eclipse/jetty/jetty-http/9.4.34.v20201102/jetty-http-9.4.34.v20201102.jar:/home/user/.m2/repository/org/eclipse/jetty/jetty-io/9.4.34.v20201102/jetty-io-9.4.34.v20201102.jar:/home/user/.m2/repository/org/eclipse/jetty/jetty-webapp/9.4.34.v20201102/jetty-webapp-9.4.34.v20201102.jar:/home/user/.m2/repository/org/eclipse/jetty/jetty-xml/9.4.34.v20201102/jetty-xml-9.4.34.v20201102.jar:/home/user/.m2/repository/org/apache/hadoop/hadoop-common/3.2.2/hadoop-common-3.2.2.jar:/home/user/.m2/repository/commons-net/commons-net/3.6/commons-net-3.6.jar:/home/user/.m2/repository/javax/activation/javax.activation-api/1.2.0/javax.activation-api-1.2.0.jar:/home/user/.m2/repository/com/sun/jersey/jersey-servlet/1.19/jersey-servlet-1.19.jar:/home/user/.m2/repository/com/sun/jersey/jersey-json/1.19/jersey-json-1.19.jar:/home/user/.m2/repository/org/codehaus/jettison/jettison/1.1/jettison-1.1.jar:/home/user/.m2/repository/org/codehaus/jackson/jackson-jaxrs/1.9.2/jackson-jaxrs-1.9.2.jar:/home/user/.m2/repository/org/codehaus/jackson/jackson-xc/1.9.2/jackson-xc-1.9.2.jar:/home/user/.m2/repository/org/apache/commons/commons-configuration2/2.1.1/commons-configuration2-2.1.1.jar:/home/user/.m2/repository/org/apache/commons/commons-text/1.4/commons-text-1.4.jar:/home/user/.m2/repository/com/google/re2j/re2j/1.1/re2j-1.1.jar:/home/user/.m2/repository/com/jcraft/jsch/0.1.54/jsch-0.1.54.jar:/home/user/.m2/repository/org/apache/curator/curator-client/2.13.0/curator-client-2.13.0.jar:/home/user/.m2/repository/org/apache/curator/curator-recipes/2.13.0/curator-recipes-2.13.0.jar:/home/user/.m2/repository/dnsjava/dnsjava/2.1.7/dnsjava-2.1.7.jar:/home/user/.m2/repository/org/slf4j/jul-to-slf4j/1.7.30/jul-to-slf4j-1.7.30.jar:/home/user/.m2/repository/org/eclipse/jetty/jetty-util/9.4.34.v20201102/jetty-util-9.4.34.v20201102.jar:/home/user/.m2/repository/com/fasterxml/jackson/core/jackson-databind/2.10.3/jackson-databind-2.10.3.jar:/home/user/.m2/repository/org/apache/hadoop/hadoop-kms/3.2.2/hadoop-kms-3.2.2-tests.jar:/home/user/.m2/repository/org/apache/hadoop/hadoop-hdds-server-scm/1.1.0-SNAPSHOT/hadoop-hdds-server-scm-1.1.0-SNAPSHOT-tests.jar:/home/user/.m2/repository/org/apache/hadoop/hadoop-hdds-container-service/1.1.0-SNAPSHOT/hadoop-hdds-container-service-1.1.0-SNAPSHOT-tests.jar:/home/user/.m2/repository/commons-codec/commons-codec/1.11/commons-codec-1.11.jar:/home/user/.m2/repository/org/apache/hadoop/hadoop-hdds-hadoop-dependency-test/1.1.0-SNAPSHOT/hadoop-hdds-hadoop-dependency-test-1.1.0-SNAPSHOT.jar:/home/user/.m2/repository/org/apache/hadoop/hadoop-common/3.2.2/hadoop-common-3.2.2-tests.jar:/home/user/.m2/repository/org/apache/hadoop/hadoop-hdfs/3.2.2/hadoop-hdfs-3.2.2-tests.jar:/home/user/.m2/repository/org/eclipse/jetty/jetty-util-ajax/9.4.34.v20201102/jetty-util-ajax-9.4.34.v20201102.jar:/home/user/.m2/repository/commons-daemon/commons-daemon/1.0.13/commons-daemon-1.0.13.jar:/home/user/.m2/repository/io/netty/netty/3.10.6.Final/netty-3.10.6.Final.jar:/home/user/.m2/repository/io/netty/netty-all/4.1.51.Final/netty-all-4.1.51.Final.jar:/home/user/.m2/repository/org/apache/htrace/htrace-core4/4.1.0-incubating/htrace-core4-4.1.0-incubating.jar:/home/user/.m2/repository/org/apache/hadoop/hadoop-distcp/3.2.2/hadoop-distcp-3.2.2.jar:/home/user/.m2/repository/org/apache/hadoop/hadoop-mapreduce-client-jobclient/3.2.2/hadoop-mapreduce-client-jobclient-3.2.2.jar:/home/user/.m2/repository/org/apache/hadoop/hadoop-mapreduce-client-common/3.2.2/hadoop-mapreduce-client-common-3.2.2.jar:/home/user/.m2/repository/org/apache/hadoop/hadoop-yarn-common/3.2.2/hadoop-yarn-common-3.2.2.jar:/home/user/.m2/repository/org/apache/hadoop/hadoop-yarn-api/3.2.2/hadoop-yarn-api-3.2.2.jar:/home/user/.m2/repository/com/sun/jersey/jersey-client/1.19/jersey-client-1.19.jar:/home/user/.m2/repository/com/sun/jersey/contribs/jersey-guice/1.19/jersey-guice-1.19.jar:/home/user/.m2/repository/com/fasterxml/jackson/jaxrs/jackson-jaxrs-json-provider/2.10.3/jackson-jaxrs-json-provider-2.10.3.jar:/home/user/.m2/repository/com/fasterxml/jackson/jaxrs/jackson-jaxrs-base/2.10.3/jackson-jaxrs-base-2.10.3.jar:/home/user/.m2/repository/org/apache/hadoop/hadoop-yarn-client/3.2.2/hadoop-yarn-client-3.2.2.jar:/home/user/.m2/repository/org/apache/hadoop/hadoop-mapreduce-client-core/3.2.2/hadoop-mapreduce-client-core-3.2.2.jar:/home/user/.m2/repository/org/apache/avro/avro/1.7.7/avro-1.7.7.jar:/home/user/.m2/repository/org/codehaus/jackson/jackson-core-asl/1.9.13/jackson-core-asl-1.9.13.jar:/home/user/.m2/repository/org/codehaus/jackson/jackson-mapper-asl/1.9.13/jackson-mapper-asl-1.9.13.jar:/home/user/.m2/repository/com/thoughtworks/paranamer/paranamer/2.3/paranamer-2.3.jar:/home/user/.m2/repository/org/xerial/snappy/snappy-java/1.0.5/snappy-java-1.0.5.jar:/home/user/.m2/repository/org/apache/hadoop/hadoop-annotations/3.2.2/hadoop-annotations-3.2.2.jar:/usr/lib/jvm/java-1.8.0-openjdk-1.8.0.232.b09-0.el7_7.x86_64/jre/../lib/tools.jar:/home/user/.m2/repository/org/apache/hadoop/hadoop-distcp/3.2.2/hadoop-distcp-3.2.2-tests.jar:"/>
    <property name="sun.cpu.endian" value="little"/>
    <property name="user.home" value="/home/user"/>
    <property name="user.language" value="en"/>
    <property name="java.specification.vendor" value="Oracle Corporation"/>
    <property name="java.home" value="/usr/lib/jvm/java-1.8.0-openjdk-1.8.0.232.b09-0.el7_7.x86_64/jre"/>
    <property name="java.security.krb5.conf" value="/github/workspace/mnt/ozone/hadoop-ozone/integration-test/target/test-classes/krb5.conf"/>
    <property name="basedir" value="/github/workspace/mnt/ozone/hadoop-ozone/integration-test"/>
    <property name="file.separator" value="/"/>
    <property name="line.separator" value="&#10;"/>
    <property name="java.vm.specification.vendor" value="Oracle Corporation"/>
    <property name="java.specification.name" value="Java Platform API Specification"/>
    <property name="java.awt.graphicsenv" value="sun.awt.X11GraphicsEnvironment"/>
    <property name="skip.installnpx" value="true"/>
    <property name="surefire.real.class.path" value="/github/workspace/mnt/ozone/hadoop-ozone/integration-test/target/surefire/surefirebooter874747314547401946.jar:/home/user/.m2/repository/org/jacoco/org.jacoco.agent/0.8.5/org.jacoco.agent-0.8.5-runtime.jar"/>
    <property name="hadoop.log.dir" value="/github/workspace/mnt/ozone/hadoop-ozone/integration-test/target/log"/>
    <property name="sun.boot.class.path" value="/usr/lib/jvm/java-1.8.0-openjdk-1.8.0.232.b09-0.el7_7.x86_64/jre/lib/resources.jar:/usr/lib/jvm/java-1.8.0-openjdk-1.8.0.232.b09-0.el7_7.x86_64/jre/lib/rt.jar:/usr/lib/jvm/java-1.8.0-openjdk-1.8.0.232.b09-0.el7_7.x86_64/jre/lib/sunrsasign.jar:/usr/lib/jvm/java-1.8.0-openjdk-1.8.0.232.b09-0.el7_7.x86_64/jre/lib/jsse.jar:/usr/lib/jvm/java-1.8.0-openjdk-1.8.0.232.b09-0.el7_7.x86_64/jre/lib/jce.jar:/usr/lib/jvm/java-1.8.0-openjdk-1.8.0.232.b09-0.el7_7.x86_64/jre/lib/charsets.jar:/usr/lib/jvm/java-1.8.0-openjdk-1.8.0.232.b09-0.el7_7.x86_64/jre/lib/jfr.jar:/usr/lib/jvm/java-1.8.0-openjdk-1.8.0.232.b09-0.el7_7.x86_64/jre/classes"/>
    <property name="sun.management.compiler" value="HotSpot 64-Bit Tiered Compilers"/>
    <property name="skip.npx" value="true"/>
    <property name="java.runtime.version" value="1.8.0_232-b09"/>
    <property name="java.net.preferIPv4Stack" value="true"/>
    <property name="user.name" value="jenkins1001"/>
    <property name="path.separator" value=":"/>
    <property name="java.security.egd" value="file:///dev/urandom"/>
    <property name="os.version" value="5.4.0-1039-azure"/>
    <property name="java.endorsed.dirs" value="/usr/lib/jvm/java-1.8.0-openjdk-1.8.0.232.b09-0.el7_7.x86_64/jre/lib/endorsed"/>
    <property name="java.runtime.name" value="OpenJDK Runtime Environment"/>
    <property name="file.encoding" value="ANSI_X3.4-1968"/>
    <property name="java.vm.name" value="OpenJDK 64-Bit Server VM"/>
    <property name="test.build.webapps" value=""/>
    <property name="localRepository" value="/home/user/.m2/repository"/>
    <property name="java.vendor.url.bug" value="http://bugreport.sun.com/bugreport/"/>
    <property name="java.io.tmpdir" value="/tmp"/>
    <property name="require.test.libhadoop" value=""/>
    <property name="java.version" value="1.8.0_232"/>
    <property name="user.dir" value="/github/workspace/mnt/ozone/hadoop-ozone/integration-test"/>
    <property name="os.arch" value="amd64"/>
    <property name="java.vm.specification.name" value="Java Virtual Machine Specification"/>
    <property name="test.build.classes" value="/github/workspace/mnt/ozone/hadoop-ozone/integration-test/target/test-classes"/>
    <property name="java.awt.printerjob" value="sun.print.PSPrinterJob"/>
    <property name="sun.os.patch.level" value="unknown"/>
    <property name="hadoop.tmp.dir" value="/github/workspace/mnt/ozone/hadoop-ozone/integration-test/target/tmp"/>
    <property name="java.library.path" value="/usr/lib:/usr/java/packages/lib/amd64:/usr/lib64:/lib64:/lib:/usr/lib"/>
    <property name="java.vm.info" value="mixed mode"/>
    <property name="java.vendor" value="Oracle Corporation"/>
    <property name="java.vm.version" value="25.232-b09"/>
    <property name="java.ext.dirs" value="/usr/lib/jvm/java-1.8.0-openjdk-1.8.0.232.b09-0.el7_7.x86_64/jre/lib/ext:/usr/java/packages/lib/ext"/>
    <property name="sun.io.unicode.encoding" value="UnicodeLittle"/>
    <property name="java.class.version" value="52.0"/>
  </properties>
  <testcase name="testWatchForCommitWithKeyWrite" classname="org.apache.hadoop.ozone.client.rpc.TestWatchForCommit" time="71.128"/>
  <testcase name="testWatchForCommitForRetryfailure" classname="org.apache.hadoop.ozone.client.rpc.TestWatchForCommit" time="55.299">
    <error message="org.apache.ratis.protocol.exceptions.AlreadyClosedException: SlidingWindow$Client:client-E83D2984AF96-&gt;RAFT is closed." type="java.util.concurrent.ExecutionException">java.util.concurrent.ExecutionException: org.apache.ratis.protocol.exceptions.AlreadyClosedException: SlidingWindow$Client:client-E83D2984AF96->RAFT is closed.
	at java.util.concurrent.CompletableFuture.reportGet(CompletableFuture.java:357)
	at java.util.concurrent.CompletableFuture.get(CompletableFuture.java:1908)
	at org.apache.hadoop.ozone.client.rpc.TestWatchForCommit.testWatchForCommitForRetryfailure(TestWatchForCommit.java:264)
	at sun.reflect.NativeMethodAccessorImpl.invoke0(Native Method)
	at sun.reflect.NativeMethodAccessorImpl.invoke(NativeMethodAccessorImpl.java:62)
	at sun.reflect.DelegatingMethodAccessorImpl.invoke(DelegatingMethodAccessorImpl.java:43)
	at java.lang.reflect.Method.invoke(Method.java:498)
	at org.junit.runners.model.FrameworkMethod$1.runReflectiveCall(FrameworkMethod.java:59)
	at org.junit.internal.runners.model.ReflectiveCallable.run(ReflectiveCallable.java:12)
	at org.junit.runners.model.FrameworkMethod.invokeExplosively(FrameworkMethod.java:56)
	at org.junit.internal.runners.statements.InvokeMethod.evaluate(InvokeMethod.java:17)
	at org.junit.internal.runners.statements.RunBefores.evaluate(RunBefores.java:26)
	at org.junit.internal.runners.statements.RunAfters.evaluate(RunAfters.java:27)
	at org.junit.runners.ParentRunner$3.evaluate(ParentRunner.java:306)
	at org.junit.runners.BlockJUnit4ClassRunner$1.evaluate(BlockJUnit4ClassRunner.java:100)
	at org.junit.runners.ParentRunner.runLeaf(ParentRunner.java:366)
	at org.junit.runners.BlockJUnit4ClassRunner.runChild(BlockJUnit4ClassRunner.java:103)
	at org.junit.runners.BlockJUnit4ClassRunner.runChild(BlockJUnit4ClassRunner.java:63)
	at org.junit.runners.ParentRunner$4.run(ParentRunner.java:331)
	at org.junit.runners.ParentRunner$1.schedule(ParentRunner.java:79)
	at org.junit.runners.ParentRunner.runChildren(ParentRunner.java:329)
	at org.junit.runners.ParentRunner.access$100(ParentRunner.java:66)
	at org.junit.runners.ParentRunner$2.evaluate(ParentRunner.java:293)
	at org.junit.runners.ParentRunner$3.evaluate(ParentRunner.java:306)
	at org.junit.runners.ParentRunner.run(ParentRunner.java:413)
	at org.junit.runner.JUnitCore.run(JUnitCore.java:137)
	at org.junit.runner.JUnitCore.run(JUnitCore.java:115)
	at org.junit.vintage.engine.execution.RunnerExecutor.execute(RunnerExecutor.java:43)
	at java.util.stream.ForEachOps$ForEachOp$OfRef.accept(ForEachOps.java:183)
	at java.util.stream.ReferencePipeline$3$1.accept(ReferencePipeline.java:193)
	at java.util.Iterator.forEachRemaining(Iterator.java:116)
	at java.util.Spliterators$IteratorSpliterator.forEachRemaining(Spliterators.java:1801)
	at java.util.stream.AbstractPipeline.copyInto(AbstractPipeline.java:482)
	at java.util.stream.AbstractPipeline.wrapAndCopyInto(AbstractPipeline.java:472)
	at java.util.stream.ForEachOps$ForEachOp.evaluateSequential(ForEachOps.java:150)
	at java.util.stream.ForEachOps$ForEachOp$OfRef.evaluateSequential(ForEachOps.java:173)
	at java.util.stream.AbstractPipeline.evaluate(AbstractPipeline.java:234)
	at java.util.stream.ReferencePipeline.forEach(ReferencePipeline.java:485)
	at org.junit.vintage.engine.VintageTestEngine.executeAllChildren(VintageTestEngine.java:82)
	at org.junit.vintage.engine.VintageTestEngine.execute(VintageTestEngine.java:73)
	at org.junit.platform.launcher.core.EngineExecutionOrchestrator.execute(EngineExecutionOrchestrator.java:108)
	at org.junit.platform.launcher.core.EngineExecutionOrchestrator.execute(EngineExecutionOrchestrator.java:88)
	at org.junit.platform.launcher.core.EngineExecutionOrchestrator.lambda$execute$0(EngineExecutionOrchestrator.java:54)
	at org.junit.platform.launcher.core.EngineExecutionOrchestrator.withInterceptedStreams(EngineExecutionOrchestrator.java:67)
	at org.junit.platform.launcher.core.EngineExecutionOrchestrator.execute(EngineExecutionOrchestrator.java:52)
	at org.junit.platform.launcher.core.DefaultLauncher.execute(DefaultLauncher.java:96)
	at org.junit.platform.launcher.core.DefaultLauncher.execute(DefaultLauncher.java:75)
	at org.apache.maven.surefire.junitplatform.JUnitPlatformProvider.invokeAllTests(JUnitPlatformProvider.java:142)
	at org.apache.maven.surefire.junitplatform.JUnitPlatformProvider.invoke(JUnitPlatformProvider.java:113)
	at org.apache.maven.surefire.booter.ForkedBooter.invokeProviderInSameClassLoader(ForkedBooter.java:384)
	at org.apache.maven.surefire.booter.ForkedBooter.runSuitesInProcess(ForkedBooter.java:345)
	at org.apache.maven.surefire.booter.ForkedBooter.execute(ForkedBooter.java:126)
	at org.apache.maven.surefire.booter.ForkedBooter.main(ForkedBooter.java:418)
Caused by: org.apache.ratis.protocol.exceptions.AlreadyClosedException: SlidingWindow$Client:client-E83D2984AF96->RAFT is closed.
	at org.apache.ratis.util.SlidingWindow$Client.alreadyClosed(SlidingWindow.java:376)
	at org.apache.ratis.util.SlidingWindow$Client.fail(SlidingWindow.java:364)
	at org.apache.ratis.client.impl.OrderedAsync.failAllAsyncRequests(OrderedAsync.java:148)
	at org.apache.ratis.client.impl.OrderedAsync.handleAsyncRetryFailure(OrderedAsync.java:152)
	at org.apache.ratis.client.impl.OrderedAsync.lambda$sendRequest$10(OrderedAsync.java:252)
	at java.util.concurrent.CompletableFuture.uniExceptionally(CompletableFuture.java:884)
	at java.util.concurrent.CompletableFuture$UniExceptionally.tryFire(CompletableFuture.java:866)
	at java.util.concurrent.CompletableFuture.postComplete(CompletableFuture.java:488)
	at java.util.concurrent.CompletableFuture.completeExceptionally(CompletableFuture.java:1990)
	at org.apache.ratis.grpc.client.GrpcClientProtocolClient$AsyncStreamObservers.completeReplyExceptionally(GrpcClientProtocolClient.java:388)
	at org.apache.ratis.grpc.client.GrpcClientProtocolClient$AsyncStreamObservers.access$000(GrpcClientProtocolClient.java:294)
	at org.apache.ratis.grpc.client.GrpcClientProtocolClient$AsyncStreamObservers$1.onNext(GrpcClientProtocolClient.java:308)
	at org.apache.ratis.grpc.client.GrpcClientProtocolClient$AsyncStreamObservers$1.onNext(GrpcClientProtocolClient.java:299)
	at org.apache.ratis.thirdparty.io.grpc.stub.ClientCalls$StreamObserverToCallListenerAdapter.onMessage(ClientCalls.java:465)
	at org.apache.ratis.thirdparty.io.grpc.ForwardingClientCallListener.onMessage(ForwardingClientCallListener.java:33)
	at org.apache.ratis.thirdparty.io.grpc.internal.DelayedClientCall$DelayedListener.onMessage(DelayedClientCall.java:447)
	at org.apache.ratis.thirdparty.io.grpc.internal.ClientCallImpl$ClientStreamListenerImpl$1MessagesAvailable.runInternal(ClientCallImpl.java:715)
	at org.apache.ratis.thirdparty.io.grpc.internal.ClientCallImpl$ClientStreamListenerImpl$1MessagesAvailable.runInContext(ClientCallImpl.java:700)
	at org.apache.ratis.thirdparty.io.grpc.internal.ContextRunnable.run(ContextRunnable.java:37)
	at org.apache.ratis.thirdparty.io.grpc.internal.SerializingExecutor.run(SerializingExecutor.java:123)
	at java.util.concurrent.ThreadPoolExecutor.runWorker(ThreadPoolExecutor.java:1149)
	at java.util.concurrent.ThreadPoolExecutor$Worker.run(ThreadPoolExecutor.java:624)
	at java.lang.Thread.run(Thread.java:748)
Caused by: org.apache.ratis.protocol.exceptions.RaftRetryFailureException: Failed RaftClientRequest:client-E83D2984AF96->f8feeaac-d8ae-4c99-8c47-cf05d6facd09@group-248E97A0B5F6, cid=43, seq=1*, Watch(0), null for 4 attempts with RequestTypeDependentRetryPolicy{WRITE->org.apache.ratis.retry.ExceptionDependentRetry@1cf563eb, WATCH->org.apache.ratis.retry.ExceptionDependentRetry@277c2306}
	at org.apache.ratis.client.impl.RaftClientImpl.noMoreRetries(RaftClientImpl.java:254)
	... 20 more
Caused by: org.apache.ratis.protocol.exceptions.NotLeaderException: Server f8feeaac-d8ae-4c99-8c47-cf05d6facd09@group-248E97A0B5F6 is not the leader
	at org.apache.ratis.client.impl.ClientProtoUtils.toRaftClientReply(ClientProtoUtils.java:368)
	at org.apache.ratis.grpc.client.GrpcClientProtocolClient$AsyncStreamObservers$1.onNext(GrpcClientProtocolClient.java:304)
	... 11 more
</error>
    <system-out><![CDATA[2021-02-14 01:49:35,808 [Listener at 127.0.0.1/40847] WARN  server.ServerUtils (ServerUtils.java:getScmDbDir(148)) - ozone.scm.db.dirs is not configured. We recommend adding this setting. Falling back to ozone.metadata.dirs instead.
2021-02-14 01:49:35,811 [Listener at 127.0.0.1/40847] WARN  server.ServerUtils (ServerUtils.java:getScmDbDir(148)) - ozone.scm.db.dirs is not configured. We recommend adding this setting. Falling back to ozone.metadata.dirs instead.
2021-02-14 01:49:35,811 [Listener at 127.0.0.1/40847] WARN  db.DBStoreBuilder (DBStoreBuilder.java:applyDBDefinition(145)) - ozone.scm.db.dirs is not configured. We recommend adding this setting. Falling back to ozone.metadata.dirs instead.
2021-02-14 01:49:35,847 [Listener at 127.0.0.1/40847] INFO  net.NodeSchemaLoader (NodeSchemaLoader.java:loadSchemaFromFile(126)) - Loading file from sun.misc.CompoundEnumeration@32def41f
2021-02-14 01:49:35,847 [Listener at 127.0.0.1/40847] INFO  net.NodeSchemaLoader (NodeSchemaLoader.java:loadSchema(172)) - Loading network topology layer schema file
2021-02-14 01:49:35,851 [Listener at 127.0.0.1/40847] INFO  node.SCMNodeManager (SCMNodeManager.java:<init>(123)) - Entering startup safe mode.
2021-02-14 01:49:35,851 [Listener at 127.0.0.1/40847] INFO  algorithms.ContainerPlacementPolicyFactory (ContainerPlacementPolicyFactory.java:getPolicy(60)) - Create container placement policy of type org.apache.hadoop.hdds.scm.container.placement.algorithms.SCMContainerPlacementRandom
2021-02-14 01:49:35,852 [Listener at 127.0.0.1/40847] INFO  algorithms.LeaderChoosePolicyFactory (LeaderChoosePolicyFactory.java:getPolicy(57)) - Create leader choose policy of type org.apache.hadoop.hdds.scm.pipeline.leader.choose.algorithms.MinLeaderCountChoosePolicy
2021-02-14 01:49:35,852 [Listener at 127.0.0.1/40847] INFO  pipeline.SCMPipelineManager (SCMPipelineManager.java:initializePipelineState(161)) - No pipeline exists in current db
2021-02-14 01:49:35,853 [Listener at 127.0.0.1/40847] INFO  algorithms.PipelineChoosePolicyFactory (PipelineChoosePolicyFactory.java:createPipelineChoosePolicyFromClass(73)) - Create pipeline choose policy of type org.apache.hadoop.hdds.scm.pipeline.choose.algorithms.RandomPipelineChoosePolicy
2021-02-14 01:49:35,854 [Listener at 127.0.0.1/40847] INFO  safemode.HealthyPipelineSafeModeRule (HealthyPipelineSafeModeRule.java:<init>(89)) - Total pipeline count is 0, healthy pipeline threshold count is 0
2021-02-14 01:49:35,854 [Listener at 127.0.0.1/40847] INFO  safemode.OneReplicaPipelineSafeModeRule (OneReplicaPipelineSafeModeRule.java:<init>(85)) - Total pipeline count is 0, pipeline's with at least one datanode reported threshold count is 0
2021-02-14 01:49:35,856 [Listener at 127.0.0.1/40847] INFO  ipc.CallQueueManager (CallQueueManager.java:<init>(85)) - Using callQueue: class java.util.concurrent.LinkedBlockingQueue, queueCapacity: 2000, scheduler: class org.apache.hadoop.ipc.DefaultRpcScheduler, ipcBackoff: false.
2021-02-14 01:49:35,857 [Socket Reader #1 for port 0] INFO  ipc.Server (Server.java:run(1255)) - Starting Socket Reader #1 for port 0
2021-02-14 01:49:35,857 [Listener at 0.0.0.0/34627] INFO  ipc.CallQueueManager (CallQueueManager.java:<init>(85)) - Using callQueue: class java.util.concurrent.LinkedBlockingQueue, queueCapacity: 2000, scheduler: class org.apache.hadoop.ipc.DefaultRpcScheduler, ipcBackoff: false.
2021-02-14 01:49:35,860 [Socket Reader #1 for port 0] INFO  ipc.Server (Server.java:run(1255)) - Starting Socket Reader #1 for port 0
2021-02-14 01:49:35,861 [Listener at 0.0.0.0/46827] INFO  ipc.CallQueueManager (CallQueueManager.java:<init>(85)) - Using callQueue: class java.util.concurrent.LinkedBlockingQueue, queueCapacity: 2000, scheduler: class org.apache.hadoop.ipc.DefaultRpcScheduler, ipcBackoff: false.
2021-02-14 01:49:35,862 [Socket Reader #1 for port 0] INFO  ipc.Server (Server.java:run(1255)) - Starting Socket Reader #1 for port 0
2021-02-14 01:49:35,868 [Listener at 0.0.0.0/45035] INFO  http.BaseHttpServer (BaseHttpServer.java:newHttpServer2BuilderForOzone(207)) - Starting Web-server for scm at: http://0.0.0.0:0
2021-02-14 01:49:35,868 [Listener at 0.0.0.0/45035] INFO  http.BaseHttpServer (BaseHttpServer.java:<init>(106)) - Hadoop Security Enabled: false Ozone Security Enabled: false Ozone HTTP Security Enabled: false 
2021-02-14 01:49:35,870 [Listener at 0.0.0.0/45035] INFO  server.AuthenticationFilter (AuthenticationFilter.java:constructSecretProvider(240)) - Unable to initialize FileSignerSecretProvider, falling back to use random secrets.
2021-02-14 01:49:35,870 [Listener at 0.0.0.0/45035] WARN  http.HttpRequestLog (HttpRequestLog.java:getRequestLog(103)) - Jetty request log can only be enabled using Log4j
2021-02-14 01:49:35,871 [Listener at 0.0.0.0/45035] INFO  http.HttpServer2 (HttpServer2.java:addGlobalFilter(1020)) - Added global filter 'safety' (class=org.apache.hadoop.hdds.server.http.HttpServer2$QuotingInputFilter)
2021-02-14 01:49:35,872 [Listener at 0.0.0.0/45035] INFO  http.HttpServer2 (HttpServer2.java:addFilter(996)) - Added filter static_user_filter (class=org.apache.hadoop.http.lib.StaticUserWebFilter$StaticUserFilter) to context scm
2021-02-14 01:49:35,872 [Listener at 0.0.0.0/45035] INFO  http.HttpServer2 (HttpServer2.java:addFilter(1004)) - Added filter static_user_filter (class=org.apache.hadoop.http.lib.StaticUserWebFilter$StaticUserFilter) to context static
2021-02-14 01:49:35,872 [Listener at 0.0.0.0/45035] INFO  http.HttpServer2 (HttpServer2.java:addFilter(1004)) - Added filter static_user_filter (class=org.apache.hadoop.http.lib.StaticUserWebFilter$StaticUserFilter) to context logs
2021-02-14 01:49:35,875 [Listener at 0.0.0.0/45035] INFO  server.StorageContainerManager (StorageContainerManager.java:start(791)) - StorageContainerLocationProtocol RPC server is listening at /0.0.0.0:45035
2021-02-14 01:49:35,876 [Listener at 0.0.0.0/45035] WARN  impl.MetricsConfig (MetricsConfig.java:loadFirst(136)) - Cannot locate configuration: tried hadoop-metrics2-storagecontainermanager.properties,hadoop-metrics2.properties
2021-02-14 01:49:35,877 [Listener at 0.0.0.0/45035] INFO  impl.MetricsSystemImpl (MetricsSystemImpl.java:startTimer(378)) - Scheduled Metric snapshot period at 10 second(s).
2021-02-14 01:49:35,877 [Listener at 0.0.0.0/45035] INFO  impl.MetricsSystemImpl (MetricsSystemImpl.java:start(191)) - StorageContainerManager metrics system started
2021-02-14 01:49:35,892 [Listener at 0.0.0.0/45035] INFO  impl.MetricsSinkAdapter (MetricsSinkAdapter.java:start(204)) - Sink prometheus started
2021-02-14 01:49:35,892 [Listener at 0.0.0.0/45035] INFO  impl.MetricsSystemImpl (MetricsSystemImpl.java:registerSink(305)) - Registered sink prometheus
2021-02-14 01:49:35,898 [Listener at 0.0.0.0/45035] INFO  server.SCMClientProtocolServer (SCMClientProtocolServer.java:start(159)) - RPC server for Client  is listening at /0.0.0.0:45035
2021-02-14 01:49:35,899 [IPC Server Responder] INFO  ipc.Server (Server.java:run(1497)) - IPC Server Responder: starting
2021-02-14 01:49:35,899 [IPC Server listener on 0] INFO  ipc.Server (Server.java:run(1334)) - IPC Server listener on 0: starting
2021-02-14 01:49:35,909 [Listener at 0.0.0.0/45035] INFO  server.StorageContainerManager (StorageContainerManager.java:start(803)) - ScmBlockLocationProtocol RPC server is listening at /0.0.0.0:46827
2021-02-14 01:49:35,910 [Listener at 0.0.0.0/45035] INFO  server.SCMBlockProtocolServer (SCMBlockProtocolServer.java:start(150)) - RPC server for Block Protocol is listening at /0.0.0.0:46827
2021-02-14 01:49:35,910 [IPC Server Responder] INFO  ipc.Server (Server.java:run(1497)) - IPC Server Responder: starting
2021-02-14 01:49:35,910 [IPC Server listener on 0] INFO  ipc.Server (Server.java:run(1334)) - IPC Server listener on 0: starting
2021-02-14 01:49:35,915 [Listener at 0.0.0.0/45035] INFO  server.StorageContainerManager (StorageContainerManager.java:start(809)) - ScmDatanodeProtocl RPC server is listening at /0.0.0.0:34627
2021-02-14 01:49:35,915 [Listener at 0.0.0.0/45035] INFO  server.SCMDatanodeProtocolServer (SCMDatanodeProtocolServer.java:start(174)) - RPC server for DataNodes is listening at /0.0.0.0:34627
2021-02-14 01:49:35,917 [IPC Server Responder] INFO  ipc.Server (Server.java:run(1497)) - IPC Server Responder: starting
2021-02-14 01:49:35,918 [IPC Server listener on 0] INFO  ipc.Server (Server.java:run(1334)) - IPC Server listener on 0: starting
2021-02-14 01:49:35,924 [Listener at 0.0.0.0/45035] INFO  http.HttpServer2 (HttpServer2.java:bindListener(1238)) - Jetty bound to port 40841
2021-02-14 01:49:35,924 [Listener at 0.0.0.0/45035] INFO  server.Server (Server.java:doStart(375)) - jetty-9.4.34.v20201102; built: 2020-11-02T14:15:39.302Z; git: e46af88704a893fc12cb0e3bf46e2c7b48a009e7; jvm 1.8.0_232-b09
2021-02-14 01:49:35,926 [Listener at 0.0.0.0/45035] INFO  server.session (DefaultSessionIdManager.java:doStart(334)) - DefaultSessionIdManager workerName=node0
2021-02-14 01:49:35,926 [Listener at 0.0.0.0/45035] INFO  server.session (DefaultSessionIdManager.java:doStart(339)) - No SessionScavenger set, using defaults
2021-02-14 01:49:35,926 [Listener at 0.0.0.0/45035] INFO  server.session (HouseKeeper.java:startScavenging(132)) - node0 Scavenging every 660000ms
2021-02-14 01:49:35,928 [Listener at 0.0.0.0/45035] INFO  handler.ContextHandler (ContextHandler.java:doStart(916)) - Started o.e.j.s.ServletContextHandler@4c489191{logs,/logs,file:///github/workspace/mnt/ozone/hadoop-ozone/integration-test/target/log,AVAILABLE}
2021-02-14 01:49:35,928 [Listener at 0.0.0.0/45035] INFO  handler.ContextHandler (ContextHandler.java:doStart(916)) - Started o.e.j.s.ServletContextHandler@4ab4f6d7{static,/static,file:///github/workspace/mnt/ozone/hadoop-ozone/integration-test/target/test-classes/webapps/static,AVAILABLE}
2021-02-14 01:49:35,932 [Listener at 0.0.0.0/45035] INFO  handler.ContextHandler (ContextHandler.java:doStart(916)) - Started o.e.j.w.WebAppContext@7a21e1d4{scm,/,file:///github/workspace/mnt/ozone/hadoop-ozone/integration-test/target/test-classes/webapps/scm/,AVAILABLE}{file:/github/workspace/mnt/ozone/hadoop-ozone/integration-test/target/test-classes/webapps/scm}
2021-02-14 01:49:35,939 [Listener at 0.0.0.0/45035] INFO  server.AbstractConnector (AbstractConnector.java:doStart(331)) - Started ServerConnector@5e9e1383{HTTP/1.1, (http/1.1)}{0.0.0.0:40841}
2021-02-14 01:49:35,940 [Listener at 0.0.0.0/45035] INFO  server.Server (Server.java:doStart(415)) - Started @72405ms
2021-02-14 01:49:35,940 [Listener at 0.0.0.0/45035] WARN  impl.MetricsSystemImpl (MetricsSystemImpl.java:register(279)) - Sink prometheus already exists!
2021-02-14 01:49:35,945 [Listener at 0.0.0.0/45035] INFO  http.BaseHttpServer (BaseHttpServer.java:updateConnectorAddress(327)) - HTTP server of scm listening at http://0.0.0.0:40841
2021-02-14 01:49:35,945 [Listener at 0.0.0.0/45035] WARN  server.ServerUtils (ServerUtils.java:getDBPath(225)) - ozone.om.db.dirs is not configured. We recommend adding this setting. Falling back to ozone.metadata.dirs instead.
2021-02-14 01:49:35,946 [org.apache.hadoop.util.JvmPauseMonitor$Monitor@6bfe7897] INFO  util.JvmPauseMonitor (JvmPauseMonitor.java:run(188)) - Starting JVM pause monitor
2021-02-14 01:49:35,950 [Listener at 0.0.0.0/45035] INFO  ha.OMHANodeDetails (OMHANodeDetails.java:loadOMHAConfig(104)) - ozone.om.internal.service.id is not defined, falling back to ozone.om.service.ids to find serviceID for OzoneManager if it is HA enabled cluster
2021-02-14 01:49:35,951 [Listener at 0.0.0.0/45035] INFO  ha.OMHANodeDetails (OMHANodeDetails.java:loadOMHAConfig(210)) - Configuration does not have ozone.om.address set. Falling back to the default OM address /127.0.0.1:0
2021-02-14 01:49:35,951 [Listener at 0.0.0.0/45035] INFO  ha.OMHANodeDetails (OMHANodeDetails.java:getOMNodeDetails(238)) - OM Service ID is not set. Setting it to the default ID: omServiceIdDefault
2021-02-14 01:49:35,951 [Listener at 0.0.0.0/45035] INFO  ha.OMHANodeDetails (OMHANodeDetails.java:getOMNodeDetails(245)) - OM Node ID is not set. Setting it to the default ID: om1
2021-02-14 01:49:35,951 [Listener at 0.0.0.0/45035] WARN  server.ServerUtils (ServerUtils.java:getDBPath(225)) - ozone.om.db.dirs is not configured. We recommend adding this setting. Falling back to ozone.metadata.dirs instead.
2021-02-14 01:49:35,952 [Listener at 0.0.0.0/45035] WARN  server.ServerUtils (ServerUtils.java:getDBPath(225)) - ozone.om.db.dirs is not configured. We recommend adding this setting. Falling back to ozone.metadata.dirs instead.
2021-02-14 01:49:35,957 [Listener at 0.0.0.0/45035] WARN  server.ServerUtils (ServerUtils.java:getDBPath(225)) - ozone.om.db.dirs is not configured. We recommend adding this setting. Falling back to ozone.metadata.dirs instead.
2021-02-14 01:49:35,960 [Listener at 0.0.0.0/45035] INFO  codec.OmKeyInfoCodec (OmKeyInfoCodec.java:<init>(43)) - OmKeyInfoCodec ignorePipeline = true
2021-02-14 01:49:35,960 [Listener at 0.0.0.0/45035] INFO  codec.RepeatedOmKeyInfoCodec (RepeatedOmKeyInfoCodec.java:<init>(42)) - RepeatedOmKeyInfoCodec ignorePipeline = true
2021-02-14 01:49:36,021 [Listener at 0.0.0.0/45035] INFO  om.OzoneManager (OzoneManager.java:addS3GVolumeToDB(3755)) - Created Volume s3v With Owner jenkins1001 required for S3Gateway operations.
2021-02-14 01:49:36,022 [Listener at 0.0.0.0/45035] WARN  server.ServerUtils (ServerUtils.java:getDefaultRatisDirectory(237)) - Storage directory for Ratis is not configured. It is a good idea to map this to an SSD disk. Falling back to ozone.metadata.dirs
2021-02-14 01:49:36,022 [Listener at 0.0.0.0/45035] WARN  ratis.OzoneManagerRatisServer (OzoneManagerRatisServer.java:getOMRatisSnapshotDirectory(632)) - ozone.om.ratis.snapshot.dir is not configured. Falling back to ozone.metadata.dirs config
2021-02-14 01:49:36,022 [Listener at 0.0.0.0/45035] WARN  server.ServerUtils (ServerUtils.java:getDefaultRatisDirectory(237)) - Storage directory for Ratis is not configured. It is a good idea to map this to an SSD disk. Falling back to ozone.metadata.dirs
2021-02-14 01:49:36,023 [Listener at 0.0.0.0/45035] INFO  ratis.OzoneManagerRatisServer (OzoneManagerRatisServer.java:<init>(286)) - Instantiating OM Ratis server with GroupID: omServiceIdDefault and Raft Peers: localhost:9872
2021-02-14 01:49:36,023 [Listener at 0.0.0.0/45035] INFO  ratis.OzoneManagerStateMachine (OzoneManagerStateMachine.java:loadSnapshotInfoFromDB(518)) - LastAppliedIndex is set from TransactionInfo from OM DB as (t:0, i:~)
2021-02-14 01:49:36,024 [Listener at 0.0.0.0/45035] INFO  server.RaftServer (ConfUtils.java:logGet(44)) - raft.rpc.type = GRPC (default)
2021-02-14 01:49:36,025 [Listener at 0.0.0.0/45035] INFO  grpc.GrpcFactory (GrpcFactory.java:checkPooledByteBufAllocatorUseCacheForAllThreads(48)) - PERFORMANCE WARNING: useCacheForAllThreads is true that may cause Netty to create a lot garbage objects and, as a result, trigger GC.
	It is recommended to disable useCacheForAllThreads by setting -Dorg.apache.ratis.thirdparty.io.netty.allocator.useCacheForAllThreads=false in command line.
2021-02-14 01:49:36,025 [Listener at 0.0.0.0/45035] INFO  grpc.GrpcConfigKeys (ConfUtils.java:logGet(44)) - raft.grpc.admin.port = -1 (default)
2021-02-14 01:49:36,025 [Listener at 0.0.0.0/45035] INFO  grpc.GrpcConfigKeys (ConfUtils.java:logGet(44)) - raft.grpc.server.port = 9872 (custom)
2021-02-14 01:49:36,025 [Listener at 0.0.0.0/45035] INFO  grpc.GrpcConfigKeys (ConfUtils.java:logGet(44)) - raft.grpc.client.port = -1 (default)
2021-02-14 01:49:36,025 [Listener at 0.0.0.0/45035] INFO  grpc.GrpcConfigKeys (ConfUtils.java:logGet(44)) - raft.grpc.server.port = 9872 (custom)
2021-02-14 01:49:36,025 [Listener at 0.0.0.0/45035] INFO  grpc.GrpcConfigKeys (ConfUtils.java:logGet(44)) - raft.grpc.server.port = 9872 (custom)
2021-02-14 01:49:36,026 [Listener at 0.0.0.0/45035] INFO  server.GrpcService (ConfUtils.java:logGet(44)) - raft.grpc.message.size.max = 33554432 (custom)
2021-02-14 01:49:36,026 [Listener at 0.0.0.0/45035] INFO  server.RaftServerConfigKeys (ConfUtils.java:logGet(44)) - raft.server.log.appender.buffer.byte-limit = 33554432 (custom)
2021-02-14 01:49:36,026 [Listener at 0.0.0.0/45035] INFO  server.GrpcService (ConfUtils.java:logGet(44)) - raft.grpc.flow.control.window = 1MB (=1048576) (default)
2021-02-14 01:49:36,026 [Listener at 0.0.0.0/45035] INFO  server.RaftServerConfigKeys (ConfUtils.java:logGet(44)) - raft.server.rpc.request.timeout = 3000ms (default)
2021-02-14 01:49:36,027 [Listener at 0.0.0.0/45035] INFO  impl.DataStreamServerImpl (ConfUtils.java:logGet(44)) - raft.datastream.type = DISABLED (default)
2021-02-14 01:49:36,027 [Listener at 0.0.0.0/45035] INFO  server.RaftServerConfigKeys (ConfUtils.java:logGet(44)) - raft.server.rpc.slowness.timeout = 120s (custom)
2021-02-14 01:49:36,028 [Listener at 0.0.0.0/45035] INFO  server.RaftServerConfigKeys (ConfUtils.java:logGet(44)) - raft.server.leaderelection.leader.step-down.wait-time = 10s (default)
2021-02-14 01:49:36,028 [Listener at 0.0.0.0/45035] INFO  server.RaftServerConfigKeys (ConfUtils.java:logGet(44)) - raft.server.storage.dir = [/github/workspace/mnt/ozone/hadoop-ozone/integration-test/target/test-dir/MiniOzoneClusterImpl-b3eef9e8-6bea-4ca1-9f7b-091cac69c924/ozone-meta/ratis] (custom)
2021-02-14 01:49:36,028 [Listener at 0.0.0.0/45035] INFO  server.RaftServer (RaftServerProxy.java:addNew(95)) - om1: addNew group-C5BA1605619E:[om1|rpc:localhost:9872|priority:0] returns group-C5BA1605619E:java.util.concurrent.CompletableFuture@15c203cf[Not completed]
2021-02-14 01:49:36,028 [Listener at 0.0.0.0/45035] INFO  om.OzoneManager (OzoneManager.java:initializeRatisServer(1334)) - OzoneManager Ratis server initialized at port 9872
2021-02-14 01:49:36,028 [pool-222-thread-1] INFO  server.RaftServer$Division (RaftServerImpl.java:<init>(180)) - om1: new RaftServerImpl for group-C5BA1605619E:[om1|rpc:localhost:9872|priority:0] with OzoneManagerStateMachine:uninitialized
2021-02-14 01:49:36,035 [Listener at 0.0.0.0/45035] INFO  ipc.CallQueueManager (CallQueueManager.java:<init>(85)) - Using callQueue: class java.util.concurrent.LinkedBlockingQueue, queueCapacity: 2000, scheduler: class org.apache.hadoop.ipc.DefaultRpcScheduler, ipcBackoff: false.
2021-02-14 01:49:36,036 [pool-222-thread-1] INFO  server.RaftServerConfigKeys (ConfUtils.java:logGet(44)) - raft.server.rpc.timeout.min = 1s (custom)
2021-02-14 01:49:36,036 [pool-222-thread-1] INFO  server.RaftServerConfigKeys (ConfUtils.java:logGet(44)) - raft.server.rpc.timeout.max = 1200ms (custom)
2021-02-14 01:49:36,036 [pool-222-thread-1] INFO  server.RaftServerConfigKeys (ConfUtils.java:logGet(44)) - raft.server.rpc.sleep.time = 25ms (default)
2021-02-14 01:49:36,036 [pool-222-thread-1] INFO  server.RaftServerConfigKeys (ConfUtils.java:logGet(44)) - raft.server.rpc.slowness.timeout = 120s (custom)
2021-02-14 01:49:36,036 [pool-222-thread-1] INFO  server.RaftServerConfigKeys (ConfUtils.java:logGet(44)) - raft.server.leaderelection.leader.step-down.wait-time = 10s (default)
2021-02-14 01:49:36,036 [pool-222-thread-1] INFO  server.RaftServerConfigKeys (ConfUtils.java:logGet(44)) - raft.server.sleep.deviation.threshold = 300ms (default)
2021-02-14 01:49:36,036 [pool-222-thread-1] INFO  server.RaftServerConfigKeys (ConfUtils.java:logGet(44)) - raft.server.log.appender.install.snapshot.enabled = false (custom)
2021-02-14 01:49:36,036 [pool-222-thread-1] INFO  server.RaftServer$Division (ServerState.java:<init>(105)) - om1@group-C5BA1605619E: ConfigurationManager, init=-1: [om1|rpc:localhost:9872|priority:0], old=null, confs=<EMPTY_MAP>
2021-02-14 01:49:36,037 [pool-222-thread-1] INFO  server.RaftServerConfigKeys (ConfUtils.java:logGet(44)) - raft.server.storage.dir = [/github/workspace/mnt/ozone/hadoop-ozone/integration-test/target/test-dir/MiniOzoneClusterImpl-b3eef9e8-6bea-4ca1-9f7b-091cac69c924/ozone-meta/ratis] (custom)
2021-02-14 01:49:36,037 [pool-222-thread-1] INFO  server.RaftServerConfigKeys (ConfUtils.java:logGet(44)) - raft.server.log.corruption.policy = EXCEPTION (default)
2021-02-14 01:49:36,037 [pool-222-thread-1] INFO  storage.RaftStorageDirectory (RaftStorageDirectoryImpl.java:analyzeStorage(132)) - The storage directory /github/workspace/mnt/ozone/hadoop-ozone/integration-test/target/test-dir/MiniOzoneClusterImpl-b3eef9e8-6bea-4ca1-9f7b-091cac69c924/ozone-meta/ratis/bf265839-605b-3f16-9796-c5ba1605619e does not exist. Creating ...
2021-02-14 01:49:36,038 [pool-222-thread-1] INFO  storage.RaftStorageDirectory (RaftStorageDirectoryImpl.java:tryLock(215)) - Lock on /github/workspace/mnt/ozone/hadoop-ozone/integration-test/target/test-dir/MiniOzoneClusterImpl-b3eef9e8-6bea-4ca1-9f7b-091cac69c924/ozone-meta/ratis/bf265839-605b-3f16-9796-c5ba1605619e/in_use.lock acquired by nodename 25808@9cc4fcda0858
2021-02-14 01:49:36,039 [Socket Reader #1 for port 0] INFO  ipc.Server (Server.java:run(1255)) - Starting Socket Reader #1 for port 0
2021-02-14 01:49:36,044 [pool-222-thread-1] INFO  storage.RaftStorage (RaftStorageImpl.java:format(87)) - Storage directory /github/workspace/mnt/ozone/hadoop-ozone/integration-test/target/test-dir/MiniOzoneClusterImpl-b3eef9e8-6bea-4ca1-9f7b-091cac69c924/ozone-meta/ratis/bf265839-605b-3f16-9796-c5ba1605619e has been successfully formatted.
2021-02-14 01:49:36,044 [pool-222-thread-1] ERROR storage.RaftStorage (RaftStorageImpl.java:readRaftConfiguration(147)) - Failed reading configuration from file:/github/workspace/mnt/ozone/hadoop-ozone/integration-test/target/test-dir/MiniOzoneClusterImpl-b3eef9e8-6bea-4ca1-9f7b-091cac69c924/ozone-meta/ratis/bf265839-605b-3f16-9796-c5ba1605619e/current/raft-meta.conf
java.io.FileNotFoundException: /github/workspace/mnt/ozone/hadoop-ozone/integration-test/target/test-dir/MiniOzoneClusterImpl-b3eef9e8-6bea-4ca1-9f7b-091cac69c924/ozone-meta/ratis/bf265839-605b-3f16-9796-c5ba1605619e/current/raft-meta.conf (No such file or directory)
	at java.io.FileInputStream.open0(Native Method)
	at java.io.FileInputStream.open(FileInputStream.java:195)
	at java.io.FileInputStream.<init>(FileInputStream.java:138)
	at org.apache.ratis.server.storage.RaftStorageImpl.readRaftConfiguration(RaftStorageImpl.java:143)
	at org.apache.ratis.server.impl.ServerState.<init>(ServerState.java:122)
	at org.apache.ratis.server.impl.RaftServerImpl.<init>(RaftServerImpl.java:193)
	at org.apache.ratis.server.impl.RaftServerProxy.lambda$newRaftServerImpl$4(RaftServerProxy.java:266)
	at java.util.concurrent.CompletableFuture$AsyncSupply.run(CompletableFuture.java:1604)
	at java.util.concurrent.ThreadPoolExecutor.runWorker(ThreadPoolExecutor.java:1149)
	at java.util.concurrent.ThreadPoolExecutor$Worker.run(ThreadPoolExecutor.java:624)
	at java.lang.Thread.run(Thread.java:748)
2021-02-14 01:49:36,049 [pool-222-thread-1] INFO  server.RaftServerConfigKeys (ConfUtils.java:logGet(44)) - raft.server.notification.no-leader.timeout = 120s (custom)
2021-02-14 01:49:36,049 [pool-222-thread-1] INFO  server.RaftServerConfigKeys (ConfUtils.java:logGet(44)) - raft.server.log.use.memory = false (default)
2021-02-14 01:49:36,049 [pool-222-thread-1] INFO  server.RaftServerConfigKeys (ConfUtils.java:logGet(44)) - raft.server.log.purge.gap = 1000000 (custom)
2021-02-14 01:49:36,049 [pool-222-thread-1] INFO  server.RaftServerConfigKeys (ConfUtils.java:logGet(44)) - raft.server.log.appender.buffer.byte-limit = 33554432 (custom)
2021-02-14 01:49:36,049 [pool-222-thread-1] INFO  metrics.RatisMetrics (RatisMetrics.java:lambda$create$0(36)) - Creating Metrics Registry : ratis.log_worker.om1@group-C5BA1605619E
2021-02-14 01:49:36,049 [pool-222-thread-1] INFO  server.RaftServerConfigKeys (ConfUtils.java:logGet(44)) - raft.server.log.segment.size.max = 4194304 (custom)
2021-02-14 01:49:36,052 [pool-222-thread-1] INFO  server.RaftServerConfigKeys (ConfUtils.java:logGet(44)) - raft.server.log.segment.cache.num.max = 2 (custom)
2021-02-14 01:49:36,052 [pool-222-thread-1] INFO  server.RaftServerConfigKeys (ConfUtils.java:logGet(44)) - raft.server.log.segment.cache.size.max = 200MB (=209715200) (default)
2021-02-14 01:49:36,052 [pool-222-thread-1] INFO  segmented.SegmentedRaftLogWorker (SegmentedRaftLogWorker.java:<init>(181)) - new om1@group-C5BA1605619E-SegmentedRaftLogWorker for RaftStorageImpl:Storage Directory /github/workspace/mnt/ozone/hadoop-ozone/integration-test/target/test-dir/MiniOzoneClusterImpl-b3eef9e8-6bea-4ca1-9f7b-091cac69c924/ozone-meta/ratis/bf265839-605b-3f16-9796-c5ba1605619e
2021-02-14 01:49:36,052 [pool-222-thread-1] INFO  server.RaftServerConfigKeys (ConfUtils.java:logGet(44)) - raft.server.log.queue.byte-limit = 64MB (=67108864) (default)
2021-02-14 01:49:36,053 [pool-222-thread-1] INFO  server.RaftServerConfigKeys (ConfUtils.java:logGet(44)) - raft.server.log.queue.element-limit = 4096 (default)
2021-02-14 01:49:36,053 [pool-222-thread-1] INFO  server.RaftServerConfigKeys (ConfUtils.java:logGet(44)) - raft.server.log.segment.size.max = 4194304 (custom)
2021-02-14 01:49:36,053 [pool-222-thread-1] INFO  server.RaftServerConfigKeys (ConfUtils.java:logGet(44)) - raft.server.log.preallocated.size = 4194304 (custom)
2021-02-14 01:49:36,053 [pool-222-thread-1] INFO  server.RaftServerConfigKeys (ConfUtils.java:logGet(44)) - raft.server.log.force.sync.num = 128 (default)
2021-02-14 01:49:36,055 [pool-222-thread-1] INFO  server.RaftServerConfigKeys (ConfUtils.java:logGet(44)) - raft.server.log.statemachine.data.sync = true (default)
2021-02-14 01:49:36,055 [pool-222-thread-1] INFO  server.RaftServerConfigKeys (ConfUtils.java:logGet(44)) - raft.server.log.statemachine.data.sync.timeout = 10s (default)
2021-02-14 01:49:36,055 [pool-222-thread-1] INFO  server.RaftServerConfigKeys (ConfUtils.java:logGet(44)) - raft.server.log.statemachine.data.sync.timeout.retry = -1 (default)
2021-02-14 01:49:36,058 [Listener at 127.0.0.1/42551] INFO  impl.MetricsSystemImpl (MetricsSystemImpl.java:init(158)) - OzoneManager metrics system started (again)
2021-02-14 01:49:36,059 [Listener at 127.0.0.1/42551] INFO  om.OzoneManager (OzoneManager.java:start(1153)) - OzoneManager RPC server is listening at localhost/127.0.0.1:42551
2021-02-14 01:49:36,059 [Listener at 127.0.0.1/42551] INFO  ratis.OzoneManagerRatisServer (OzoneManagerRatisServer.java:start(386)) - Starting OzoneManagerRatisServer om1 at port 9872
2021-02-14 01:49:36,060 [pool-222-thread-1] INFO  server.RaftServerConfigKeys (ConfUtils.java:logGet(44)) - raft.server.log.write.buffer.size = 64KB (=65536) (default)
2021-02-14 01:49:36,060 [pool-222-thread-1] INFO  server.RaftServerConfigKeys (ConfUtils.java:logGet(44)) - raft.server.log.statemachine.data.caching.enabled = false (default)
2021-02-14 01:49:36,060 [pool-222-thread-1] INFO  segmented.SegmentedRaftLogWorker (SegmentedRaftLogWorker.java:lambda$new$0(132)) - om1@group-C5BA1605619E-SegmentedRaftLogWorker: flushIndex: setUnconditionally 0 -> -1
2021-02-14 01:49:36,060 [pool-222-thread-1] INFO  segmented.SegmentedRaftLogWorker (SegmentedRaftLogWorker.java:lambda$new$0(132)) - om1@group-C5BA1605619E-SegmentedRaftLogWorker: safeCacheEvictIndex: setUnconditionally 0 -> -1
2021-02-14 01:49:36,061 [pool-222-thread-1] INFO  server.RaftServerConfigKeys (ConfUtils.java:logGet(44)) - raft.server.snapshot.auto.trigger.enabled = true (custom)
2021-02-14 01:49:36,061 [pool-222-thread-1] INFO  server.RaftServerConfigKeys (ConfUtils.java:logGet(44)) - raft.server.snapshot.auto.trigger.threshold = 400000 (default)
2021-02-14 01:49:36,061 [pool-222-thread-1] INFO  server.RaftServerConfigKeys (ConfUtils.java:logGet(44)) - raft.server.snapshot.retention.file.num = -1 (default)
2021-02-14 01:49:36,061 [pool-222-thread-1] INFO  server.RaftServerConfigKeys (ConfUtils.java:logGet(44)) - raft.server.log.purge.upto.snapshot.index = true (custom)
2021-02-14 01:49:36,061 [pool-222-thread-1] INFO  server.RaftServerConfigKeys (ConfUtils.java:logGet(44)) - raft.server.retrycache.expirytime = 300s (custom)
2021-02-14 01:49:36,061 [pool-222-thread-1] INFO  server.RaftServerConfigKeys (ConfUtils.java:logGet(44)) - raft.server.retrycache.statistics.expirytime = 100?s (default)
2021-02-14 01:49:36,062 [pool-222-thread-1] INFO  metrics.RatisMetrics (RatisMetrics.java:lambda$create$0(36)) - Creating Metrics Registry : ratis.leader_election.om1@group-C5BA1605619E
2021-02-14 01:49:36,062 [pool-222-thread-1] INFO  metrics.RatisMetrics (RatisMetrics.java:lambda$create$0(36)) - Creating Metrics Registry : ratis.server.om1@group-C5BA1605619E
2021-02-14 01:49:36,063 [Listener at 127.0.0.1/42551] INFO  server.RaftServer$Division (RaftServerImpl.java:start(295)) - om1@group-C5BA1605619E: start as a follower, conf=-1: [om1|rpc:localhost:9872|priority:0], old=null
2021-02-14 01:49:36,063 [Listener at 127.0.0.1/42551] INFO  server.RaftServer$Division (RaftServerImpl.java:setRole(284)) - om1@group-C5BA1605619E: changes role from      null to FOLLOWER at term 0 for startAsFollower
2021-02-14 01:49:36,063 [Listener at 127.0.0.1/42551] INFO  impl.RoleInfo (RoleInfo.java:updateAndGet(130)) - om1: start om1@group-C5BA1605619E-FollowerState
2021-02-14 01:49:36,065 [Listener at 127.0.0.1/42551] INFO  util.JmxRegister (JmxRegister.java:tryRegister(44)) - Successfully registered JMX Bean with object name Ratis:service=RaftServer,group=group-C5BA1605619E,id=om1
2021-02-14 01:49:36,065 [Listener at 127.0.0.1/42551] INFO  metrics.RatisMetrics (RatisMetrics.java:lambda$create$0(36)) - Creating Metrics Registry : ratis.state_machine.om1@group-C5BA1605619E
2021-02-14 01:49:36,068 [Listener at 127.0.0.1/42551] INFO  server.RaftServer (RaftServerProxy.java:lambda$start$5(374)) - om1: start RPC server
2021-02-14 01:49:36,070 [Listener at 127.0.0.1/42551] INFO  server.GrpcService (GrpcService.java:startImpl(253)) - om1: GrpcService started, listening on 9872
2021-02-14 01:49:36,070 [org.apache.ratis.util.JvmPauseMonitor$$Lambda$504/2142442467@3dc42f56] INFO  util.JvmPauseMonitor (JvmPauseMonitor.java:run(103)) - JvmPauseMonitor-om1: Started
2021-02-14 01:49:36,074 [Listener at 127.0.0.1/42551] INFO  http.BaseHttpServer (BaseHttpServer.java:newHttpServer2BuilderForOzone(207)) - Starting Web-server for ozoneManager at: http://0.0.0.0:0
2021-02-14 01:49:36,074 [Listener at 127.0.0.1/42551] INFO  http.BaseHttpServer (BaseHttpServer.java:<init>(106)) - Hadoop Security Enabled: false Ozone Security Enabled: false Ozone HTTP Security Enabled: false 
2021-02-14 01:49:36,075 [Listener at 127.0.0.1/42551] INFO  server.AuthenticationFilter (AuthenticationFilter.java:constructSecretProvider(240)) - Unable to initialize FileSignerSecretProvider, falling back to use random secrets.
2021-02-14 01:49:36,076 [Listener at 127.0.0.1/42551] WARN  http.HttpRequestLog (HttpRequestLog.java:getRequestLog(103)) - Jetty request log can only be enabled using Log4j
2021-02-14 01:49:36,078 [Listener at 127.0.0.1/42551] INFO  http.HttpServer2 (HttpServer2.java:addGlobalFilter(1020)) - Added global filter 'safety' (class=org.apache.hadoop.hdds.server.http.HttpServer2$QuotingInputFilter)
2021-02-14 01:49:36,079 [Listener at 127.0.0.1/42551] INFO  http.HttpServer2 (HttpServer2.java:addFilter(996)) - Added filter static_user_filter (class=org.apache.hadoop.http.lib.StaticUserWebFilter$StaticUserFilter) to context ozoneManager
2021-02-14 01:49:36,079 [Listener at 127.0.0.1/42551] INFO  http.HttpServer2 (HttpServer2.java:addFilter(1004)) - Added filter static_user_filter (class=org.apache.hadoop.http.lib.StaticUserWebFilter$StaticUserFilter) to context static
2021-02-14 01:49:36,079 [Listener at 127.0.0.1/42551] INFO  http.HttpServer2 (HttpServer2.java:addFilter(1004)) - Added filter static_user_filter (class=org.apache.hadoop.http.lib.StaticUserWebFilter$StaticUserFilter) to context logs
2021-02-14 01:49:36,081 [Listener at 127.0.0.1/42551] INFO  http.HttpServer2 (HttpServer2.java:bindListener(1238)) - Jetty bound to port 46707
2021-02-14 01:49:36,081 [Listener at 127.0.0.1/42551] INFO  server.Server (Server.java:doStart(375)) - jetty-9.4.34.v20201102; built: 2020-11-02T14:15:39.302Z; git: e46af88704a893fc12cb0e3bf46e2c7b48a009e7; jvm 1.8.0_232-b09
2021-02-14 01:49:36,082 [Listener at 127.0.0.1/42551] INFO  server.session (DefaultSessionIdManager.java:doStart(334)) - DefaultSessionIdManager workerName=node0
2021-02-14 01:49:36,082 [Listener at 127.0.0.1/42551] INFO  server.session (DefaultSessionIdManager.java:doStart(339)) - No SessionScavenger set, using defaults
2021-02-14 01:49:36,083 [Listener at 127.0.0.1/42551] INFO  server.session (HouseKeeper.java:startScavenging(132)) - node0 Scavenging every 600000ms
2021-02-14 01:49:36,083 [Listener at 127.0.0.1/42551] INFO  handler.ContextHandler (ContextHandler.java:doStart(916)) - Started o.e.j.s.ServletContextHandler@2fc1b04a{logs,/logs,file:///github/workspace/mnt/ozone/hadoop-ozone/integration-test/target/log,AVAILABLE}
2021-02-14 01:49:36,084 [Listener at 127.0.0.1/42551] INFO  handler.ContextHandler (ContextHandler.java:doStart(916)) - Started o.e.j.s.ServletContextHandler@22d7063e{static,/static,file:///github/workspace/mnt/ozone/hadoop-ozone/integration-test/target/test-classes/webapps/static,AVAILABLE}
2021-02-14 01:49:36,088 [Listener at 127.0.0.1/42551] INFO  handler.ContextHandler (ContextHandler.java:doStart(916)) - Started o.e.j.w.WebAppContext@4d17ce84{ozoneManager,/,file:///github/workspace/mnt/ozone/hadoop-ozone/integration-test/target/test-classes/webapps/ozoneManager/,AVAILABLE}{file:/github/workspace/mnt/ozone/hadoop-ozone/integration-test/target/test-classes/webapps/ozoneManager}
2021-02-14 01:49:36,090 [Listener at 127.0.0.1/42551] INFO  server.AbstractConnector (AbstractConnector.java:doStart(331)) - Started ServerConnector@23fee93a{HTTP/1.1, (http/1.1)}{0.0.0.0:46707}
2021-02-14 01:49:36,090 [Listener at 127.0.0.1/42551] INFO  server.Server (Server.java:doStart(415)) - Started @72555ms
2021-02-14 01:49:36,090 [Listener at 127.0.0.1/42551] WARN  impl.MetricsSystemImpl (MetricsSystemImpl.java:register(279)) - Sink prometheus already exists!
2021-02-14 01:49:36,093 [Listener at 127.0.0.1/42551] INFO  http.BaseHttpServer (BaseHttpServer.java:updateConnectorAddress(327)) - HTTP server of ozoneManager listening at http://0.0.0.0:46707
2021-02-14 01:49:36,096 [IPC Server Responder] INFO  ipc.Server (Server.java:run(1497)) - IPC Server Responder: starting
2021-02-14 01:49:36,100 [IPC Server listener on 0] INFO  ipc.Server (Server.java:run(1334)) - IPC Server listener on 0: starting
2021-02-14 01:49:36,110 [Listener at 127.0.0.1/42551] INFO  om.OzoneManager (OzoneManager.java:startTrashEmptier(1274)) - Trash Interval set to 0. Files deleted will not move to trash
2021-02-14 01:49:36,111 [org.apache.hadoop.util.JvmPauseMonitor$Monitor@24d642eb] INFO  util.JvmPauseMonitor (JvmPauseMonitor.java:run(188)) - Starting JVM pause monitor
2021-02-14 01:49:36,135 [Listener at 127.0.0.1/42551] INFO  impl.MetricsSystemImpl (MetricsSystemImpl.java:init(158)) - HddsDatanode metrics system started (again)
2021-02-14 01:49:36,136 [Listener at 127.0.0.1/42551] INFO  ozone.HddsDatanodeService (HddsDatanodeService.java:start(217)) - HddsDatanodeService host:9cc4fcda0858 ip:172.17.0.2
2021-02-14 01:49:36,145 [Listener at 127.0.0.1/42551] INFO  volume.HddsVolume (HddsVolume.java:<init>(176)) - Creating Volume: /github/workspace/mnt/ozone/hadoop-ozone/integration-test/target/test-dir/MiniOzoneClusterImpl-b3eef9e8-6bea-4ca1-9f7b-091cac69c924/datanode-0/data-0/containers/hdds of storage type : DISK and capacity : 9223372036854775807
2021-02-14 01:49:36,145 [Listener at 127.0.0.1/42551] INFO  volume.MutableVolumeSet (MutableVolumeSet.java:initializeVolumeSet(179)) - Added Volume : /github/workspace/mnt/ozone/hadoop-ozone/integration-test/target/test-dir/MiniOzoneClusterImpl-b3eef9e8-6bea-4ca1-9f7b-091cac69c924/datanode-0/data-0/containers/hdds to VolumeSet
2021-02-14 01:49:36,145 [Listener at 127.0.0.1/42551] INFO  volume.ThrottledAsyncChecker (ThrottledAsyncChecker.java:schedule(141)) - Scheduling a check for /github/workspace/mnt/ozone/hadoop-ozone/integration-test/target/test-dir/MiniOzoneClusterImpl-b3eef9e8-6bea-4ca1-9f7b-091cac69c924/datanode-0/data-0/containers/hdds
2021-02-14 01:49:36,146 [Listener at 127.0.0.1/42551] INFO  volume.HddsVolumeChecker (HddsVolumeChecker.java:checkAllVolumes(200)) - Scheduled health check for volume /github/workspace/mnt/ozone/hadoop-ozone/integration-test/target/test-dir/MiniOzoneClusterImpl-b3eef9e8-6bea-4ca1-9f7b-091cac69c924/datanode-0/data-0/containers/hdds
2021-02-14 01:49:36,159 [Thread-717] INFO  ozoneimpl.ContainerReader (ContainerReader.java:readVolume(125)) - Start to verify containers on volume /github/workspace/mnt/ozone/hadoop-ozone/integration-test/target/test-dir/MiniOzoneClusterImpl-b3eef9e8-6bea-4ca1-9f7b-091cac69c924/datanode-0/data-0/containers/hdds
2021-02-14 01:49:36,159 [Thread-717] INFO  ozoneimpl.ContainerReader (ContainerReader.java:readVolume(150)) - Finish verifying containers on volume /github/workspace/mnt/ozone/hadoop-ozone/integration-test/target/test-dir/MiniOzoneClusterImpl-b3eef9e8-6bea-4ca1-9f7b-091cac69c924/datanode-0/data-0/containers/hdds
2021-02-14 01:49:36,159 [Listener at 127.0.0.1/42551] INFO  ozoneimpl.OzoneContainer (OzoneContainer.java:buildContainerSet(206)) - Build ContainerSet costs 0s
2021-02-14 01:49:36,161 [Listener at 127.0.0.1/42551] INFO  server.RaftServer (ConfUtils.java:logGet(44)) - raft.rpc.type = GRPC (default)
2021-02-14 01:49:36,162 [Listener at 127.0.0.1/42551] INFO  grpc.GrpcFactory (GrpcFactory.java:checkPooledByteBufAllocatorUseCacheForAllThreads(48)) - PERFORMANCE WARNING: useCacheForAllThreads is true that may cause Netty to create a lot garbage objects and, as a result, trigger GC.
	It is recommended to disable useCacheForAllThreads by setting -Dorg.apache.ratis.thirdparty.io.netty.allocator.useCacheForAllThreads=false in command line.
2021-02-14 01:49:36,162 [Listener at 127.0.0.1/42551] INFO  grpc.GrpcConfigKeys (ConfUtils.java:logGet(44)) - raft.grpc.admin.port = 0 (custom)
2021-02-14 01:49:36,162 [Listener at 127.0.0.1/42551] INFO  grpc.GrpcConfigKeys (ConfUtils.java:logGet(44)) - raft.grpc.client.port = 0 (custom)
2021-02-14 01:49:36,162 [Listener at 127.0.0.1/42551] INFO  grpc.GrpcConfigKeys (ConfUtils.java:logGet(44)) - raft.grpc.server.port = 0 (default)
2021-02-14 01:49:36,162 [Listener at 127.0.0.1/42551] INFO  server.GrpcService (ConfUtils.java:logGet(44)) - raft.grpc.message.size.max = 32MB (=33554432) (custom)
2021-02-14 01:49:36,162 [Listener at 127.0.0.1/42551] INFO  server.RaftServerConfigKeys (ConfUtils.java:logGet(44)) - raft.server.log.appender.buffer.byte-limit = 33554432 (custom)
2021-02-14 01:49:36,163 [Listener at 127.0.0.1/42551] INFO  server.GrpcService (ConfUtils.java:logGet(44)) - raft.grpc.flow.control.window = 5MB (=5242880) (custom)
2021-02-14 01:49:36,163 [Listener at 127.0.0.1/42551] INFO  server.RaftServerConfigKeys (ConfUtils.java:logGet(44)) - raft.server.rpc.request.timeout = 3000ms (default)
2021-02-14 01:49:36,164 [Listener at 127.0.0.1/42551] INFO  impl.DataStreamServerImpl (ConfUtils.java:logGet(44)) - raft.datastream.type = DISABLED (default)
2021-02-14 01:49:36,164 [Listener at 127.0.0.1/42551] INFO  server.RaftServerConfigKeys (ConfUtils.java:logGet(44)) - raft.server.rpc.slowness.timeout = 300000ms (custom)
2021-02-14 01:49:36,164 [Listener at 127.0.0.1/42551] INFO  server.RaftServerConfigKeys (ConfUtils.java:logGet(44)) - raft.server.leaderelection.leader.step-down.wait-time = 10s (default)
2021-02-14 01:49:36,165 [Listener at 127.0.0.1/42551] INFO  server.RaftServerConfigKeys (ConfUtils.java:logGet(44)) - raft.server.storage.dir = [/github/workspace/mnt/ozone/hadoop-ozone/integration-test/target/test-dir/MiniOzoneClusterImpl-b3eef9e8-6bea-4ca1-9f7b-091cac69c924/datanode-0/data/ratis] (custom)
2021-02-14 01:49:36,171 [Listener at 127.0.0.1/42551] INFO  http.BaseHttpServer (BaseHttpServer.java:newHttpServer2BuilderForOzone(207)) - Starting Web-server for hddsDatanode at: http://0.0.0.0:0
2021-02-14 01:49:36,171 [Listener at 127.0.0.1/42551] INFO  http.BaseHttpServer (BaseHttpServer.java:<init>(106)) - Hadoop Security Enabled: false Ozone Security Enabled: false Ozone HTTP Security Enabled: false 
2021-02-14 01:49:36,172 [Listener at 127.0.0.1/42551] INFO  server.AuthenticationFilter (AuthenticationFilter.java:constructSecretProvider(240)) - Unable to initialize FileSignerSecretProvider, falling back to use random secrets.
2021-02-14 01:49:36,172 [Listener at 127.0.0.1/42551] WARN  http.HttpRequestLog (HttpRequestLog.java:getRequestLog(103)) - Jetty request log can only be enabled using Log4j
2021-02-14 01:49:36,173 [Listener at 127.0.0.1/42551] INFO  http.HttpServer2 (HttpServer2.java:addGlobalFilter(1020)) - Added global filter 'safety' (class=org.apache.hadoop.hdds.server.http.HttpServer2$QuotingInputFilter)
2021-02-14 01:49:36,174 [Listener at 127.0.0.1/42551] INFO  http.HttpServer2 (HttpServer2.java:addFilter(996)) - Added filter static_user_filter (class=org.apache.hadoop.http.lib.StaticUserWebFilter$StaticUserFilter) to context hddsDatanode
2021-02-14 01:49:36,174 [Listener at 127.0.0.1/42551] INFO  http.HttpServer2 (HttpServer2.java:addFilter(1004)) - Added filter static_user_filter (class=org.apache.hadoop.http.lib.StaticUserWebFilter$StaticUserFilter) to context static
2021-02-14 01:49:36,174 [Listener at 127.0.0.1/42551] INFO  http.HttpServer2 (HttpServer2.java:addFilter(1004)) - Added filter static_user_filter (class=org.apache.hadoop.http.lib.StaticUserWebFilter$StaticUserFilter) to context logs
2021-02-14 01:49:36,175 [Listener at 127.0.0.1/42551] INFO  http.HttpServer2 (HttpServer2.java:bindListener(1238)) - Jetty bound to port 38271
2021-02-14 01:49:36,175 [Listener at 127.0.0.1/42551] INFO  server.Server (Server.java:doStart(375)) - jetty-9.4.34.v20201102; built: 2020-11-02T14:15:39.302Z; git: e46af88704a893fc12cb0e3bf46e2c7b48a009e7; jvm 1.8.0_232-b09
2021-02-14 01:49:36,176 [Listener at 127.0.0.1/42551] INFO  server.session (DefaultSessionIdManager.java:doStart(334)) - DefaultSessionIdManager workerName=node0
2021-02-14 01:49:36,176 [Listener at 127.0.0.1/42551] INFO  server.session (DefaultSessionIdManager.java:doStart(339)) - No SessionScavenger set, using defaults
2021-02-14 01:49:36,177 [Listener at 127.0.0.1/42551] INFO  server.session (HouseKeeper.java:startScavenging(132)) - node0 Scavenging every 600000ms
2021-02-14 01:49:36,177 [Listener at 127.0.0.1/42551] INFO  handler.ContextHandler (ContextHandler.java:doStart(916)) - Started o.e.j.s.ServletContextHandler@4fe1238a{logs,/logs,file:///github/workspace/mnt/ozone/hadoop-ozone/integration-test/target/log,AVAILABLE}
2021-02-14 01:49:36,178 [Listener at 127.0.0.1/42551] INFO  handler.ContextHandler (ContextHandler.java:doStart(916)) - Started o.e.j.s.ServletContextHandler@76ccefaf{static,/static,jar:file:/home/user/.m2/repository/org/apache/hadoop/hadoop-hdds-container-service/1.1.0-SNAPSHOT/hadoop-hdds-container-service-1.1.0-SNAPSHOT.jar!/webapps/static,AVAILABLE}
2021-02-14 01:49:36,365 [Listener at 127.0.0.1/42551] INFO  handler.ContextHandler (ContextHandler.java:doStart(916)) - Started o.e.j.w.WebAppContext@207d6c18{hddsDatanode,/,file:///tmp/jetty-0_0_0_0-38271-hadoop-hdds-container-service-1_1_0-SNAPSHOT_jar-_-any-7217292690559912769/webapp/,AVAILABLE}{jar:file:/home/user/.m2/repository/org/apache/hadoop/hadoop-hdds-container-service/1.1.0-SNAPSHOT/hadoop-hdds-container-service-1.1.0-SNAPSHOT.jar!/webapps/hddsDatanode}
2021-02-14 01:49:36,366 [Listener at 127.0.0.1/42551] INFO  server.AbstractConnector (AbstractConnector.java:doStart(331)) - Started ServerConnector@378a5302{HTTP/1.1, (http/1.1)}{0.0.0.0:38271}
2021-02-14 01:49:36,366 [Listener at 127.0.0.1/42551] INFO  server.Server (Server.java:doStart(415)) - Started @72832ms
2021-02-14 01:49:36,367 [Listener at 127.0.0.1/42551] WARN  impl.MetricsSystemImpl (MetricsSystemImpl.java:register(279)) - Sink prometheus already exists!
2021-02-14 01:49:36,370 [Listener at 127.0.0.1/42551] INFO  http.BaseHttpServer (BaseHttpServer.java:updateConnectorAddress(327)) - HTTP server of hddsDatanode listening at http://0.0.0.0:38271
2021-02-14 01:49:36,374 [Listener at 127.0.0.1/42551] INFO  impl.MetricsSystemImpl (MetricsSystemImpl.java:init(158)) - HddsDatanode metrics system started (again)
2021-02-14 01:49:36,377 [Listener at 127.0.0.1/42551] INFO  ozone.HddsDatanodeService (HddsDatanodeService.java:start(217)) - HddsDatanodeService host:9cc4fcda0858 ip:172.17.0.2
2021-02-14 01:49:36,378 [org.apache.hadoop.util.JvmPauseMonitor$Monitor@13607799] INFO  util.JvmPauseMonitor (JvmPauseMonitor.java:run(188)) - Starting JVM pause monitor
2021-02-14 01:49:36,380 [Datanode State Machine Task Thread - 0] INFO  datanode.InitDatanodeState (InitDatanodeState.java:persistContainerDatanodeDetails(145)) - DatanodeDetails is persisted to /github/workspace/mnt/ozone/hadoop-ozone/integration-test/target/test-dir/MiniOzoneClusterImpl-b3eef9e8-6bea-4ca1-9f7b-091cac69c924/datanode-0/meta/datanode.id
2021-02-14 01:49:36,381 [Listener at 127.0.0.1/42551] INFO  volume.HddsVolume (HddsVolume.java:<init>(176)) - Creating Volume: /github/workspace/mnt/ozone/hadoop-ozone/integration-test/target/test-dir/MiniOzoneClusterImpl-b3eef9e8-6bea-4ca1-9f7b-091cac69c924/datanode-1/data-0/containers/hdds of storage type : DISK and capacity : 9223372036854775807
2021-02-14 01:49:36,381 [Listener at 127.0.0.1/42551] INFO  volume.MutableVolumeSet (MutableVolumeSet.java:initializeVolumeSet(179)) - Added Volume : /github/workspace/mnt/ozone/hadoop-ozone/integration-test/target/test-dir/MiniOzoneClusterImpl-b3eef9e8-6bea-4ca1-9f7b-091cac69c924/datanode-1/data-0/containers/hdds to VolumeSet
2021-02-14 01:49:36,381 [Listener at 127.0.0.1/42551] INFO  volume.ThrottledAsyncChecker (ThrottledAsyncChecker.java:schedule(141)) - Scheduling a check for /github/workspace/mnt/ozone/hadoop-ozone/integration-test/target/test-dir/MiniOzoneClusterImpl-b3eef9e8-6bea-4ca1-9f7b-091cac69c924/datanode-1/data-0/containers/hdds
2021-02-14 01:49:36,382 [Listener at 127.0.0.1/42551] INFO  volume.HddsVolumeChecker (HddsVolumeChecker.java:checkAllVolumes(200)) - Scheduled health check for volume /github/workspace/mnt/ozone/hadoop-ozone/integration-test/target/test-dir/MiniOzoneClusterImpl-b3eef9e8-6bea-4ca1-9f7b-091cac69c924/datanode-1/data-0/containers/hdds
2021-02-14 01:49:36,399 [Thread-728] INFO  ozoneimpl.ContainerReader (ContainerReader.java:readVolume(125)) - Start to verify containers on volume /github/workspace/mnt/ozone/hadoop-ozone/integration-test/target/test-dir/MiniOzoneClusterImpl-b3eef9e8-6bea-4ca1-9f7b-091cac69c924/datanode-1/data-0/containers/hdds
2021-02-14 01:49:36,399 [Thread-728] INFO  ozoneimpl.ContainerReader (ContainerReader.java:readVolume(150)) - Finish verifying containers on volume /github/workspace/mnt/ozone/hadoop-ozone/integration-test/target/test-dir/MiniOzoneClusterImpl-b3eef9e8-6bea-4ca1-9f7b-091cac69c924/datanode-1/data-0/containers/hdds
2021-02-14 01:49:36,399 [Listener at 127.0.0.1/42551] INFO  ozoneimpl.OzoneContainer (OzoneContainer.java:buildContainerSet(206)) - Build ContainerSet costs 0s
2021-02-14 01:49:36,402 [Listener at 127.0.0.1/42551] INFO  server.RaftServer (ConfUtils.java:logGet(44)) - raft.rpc.type = GRPC (default)
2021-02-14 01:49:36,403 [Listener at 127.0.0.1/42551] INFO  grpc.GrpcFactory (GrpcFactory.java:checkPooledByteBufAllocatorUseCacheForAllThreads(48)) - PERFORMANCE WARNING: useCacheForAllThreads is true that may cause Netty to create a lot garbage objects and, as a result, trigger GC.
	It is recommended to disable useCacheForAllThreads by setting -Dorg.apache.ratis.thirdparty.io.netty.allocator.useCacheForAllThreads=false in command line.
2021-02-14 01:49:36,403 [Listener at 127.0.0.1/42551] INFO  grpc.GrpcConfigKeys (ConfUtils.java:logGet(44)) - raft.grpc.admin.port = 0 (custom)
2021-02-14 01:49:36,403 [Listener at 127.0.0.1/42551] INFO  grpc.GrpcConfigKeys (ConfUtils.java:logGet(44)) - raft.grpc.client.port = 0 (custom)
2021-02-14 01:49:36,403 [Listener at 127.0.0.1/42551] INFO  grpc.GrpcConfigKeys (ConfUtils.java:logGet(44)) - raft.grpc.server.port = 0 (default)
2021-02-14 01:49:36,403 [Listener at 127.0.0.1/42551] INFO  server.GrpcService (ConfUtils.java:logGet(44)) - raft.grpc.message.size.max = 32MB (=33554432) (custom)
2021-02-14 01:49:36,404 [Listener at 127.0.0.1/42551] INFO  server.RaftServerConfigKeys (ConfUtils.java:logGet(44)) - raft.server.log.appender.buffer.byte-limit = 33554432 (custom)
2021-02-14 01:49:36,404 [Listener at 127.0.0.1/42551] INFO  server.GrpcService (ConfUtils.java:logGet(44)) - raft.grpc.flow.control.window = 5MB (=5242880) (custom)
2021-02-14 01:49:36,404 [Listener at 127.0.0.1/42551] INFO  server.RaftServerConfigKeys (ConfUtils.java:logGet(44)) - raft.server.rpc.request.timeout = 3000ms (default)
2021-02-14 01:49:36,405 [Listener at 127.0.0.1/42551] INFO  impl.DataStreamServerImpl (ConfUtils.java:logGet(44)) - raft.datastream.type = DISABLED (default)
2021-02-14 01:49:36,406 [Listener at 127.0.0.1/42551] INFO  server.RaftServerConfigKeys (ConfUtils.java:logGet(44)) - raft.server.rpc.slowness.timeout = 300000ms (custom)
2021-02-14 01:49:36,406 [Listener at 127.0.0.1/42551] INFO  server.RaftServerConfigKeys (ConfUtils.java:logGet(44)) - raft.server.leaderelection.leader.step-down.wait-time = 10s (default)
2021-02-14 01:49:36,406 [Listener at 127.0.0.1/42551] INFO  server.RaftServerConfigKeys (ConfUtils.java:logGet(44)) - raft.server.storage.dir = [/github/workspace/mnt/ozone/hadoop-ozone/integration-test/target/test-dir/MiniOzoneClusterImpl-b3eef9e8-6bea-4ca1-9f7b-091cac69c924/datanode-1/data/ratis] (custom)
2021-02-14 01:49:36,418 [Listener at 127.0.0.1/42551] INFO  http.BaseHttpServer (BaseHttpServer.java:newHttpServer2BuilderForOzone(207)) - Starting Web-server for hddsDatanode at: http://0.0.0.0:0
2021-02-14 01:49:36,418 [Listener at 127.0.0.1/42551] INFO  http.BaseHttpServer (BaseHttpServer.java:<init>(106)) - Hadoop Security Enabled: false Ozone Security Enabled: false Ozone HTTP Security Enabled: false 
2021-02-14 01:49:36,420 [Listener at 127.0.0.1/42551] INFO  server.AuthenticationFilter (AuthenticationFilter.java:constructSecretProvider(240)) - Unable to initialize FileSignerSecretProvider, falling back to use random secrets.
2021-02-14 01:49:36,420 [Listener at 127.0.0.1/42551] WARN  http.HttpRequestLog (HttpRequestLog.java:getRequestLog(103)) - Jetty request log can only be enabled using Log4j
2021-02-14 01:49:36,421 [Listener at 127.0.0.1/42551] INFO  http.HttpServer2 (HttpServer2.java:addGlobalFilter(1020)) - Added global filter 'safety' (class=org.apache.hadoop.hdds.server.http.HttpServer2$QuotingInputFilter)
2021-02-14 01:49:36,422 [Listener at 127.0.0.1/42551] INFO  http.HttpServer2 (HttpServer2.java:addFilter(996)) - Added filter static_user_filter (class=org.apache.hadoop.http.lib.StaticUserWebFilter$StaticUserFilter) to context hddsDatanode
2021-02-14 01:49:36,422 [Listener at 127.0.0.1/42551] INFO  http.HttpServer2 (HttpServer2.java:addFilter(1004)) - Added filter static_user_filter (class=org.apache.hadoop.http.lib.StaticUserWebFilter$StaticUserFilter) to context static
2021-02-14 01:49:36,422 [Listener at 127.0.0.1/42551] INFO  http.HttpServer2 (HttpServer2.java:addFilter(1004)) - Added filter static_user_filter (class=org.apache.hadoop.http.lib.StaticUserWebFilter$StaticUserFilter) to context logs
2021-02-14 01:49:36,423 [Listener at 127.0.0.1/42551] INFO  http.HttpServer2 (HttpServer2.java:bindListener(1238)) - Jetty bound to port 34417
2021-02-14 01:49:36,423 [Listener at 127.0.0.1/42551] INFO  server.Server (Server.java:doStart(375)) - jetty-9.4.34.v20201102; built: 2020-11-02T14:15:39.302Z; git: e46af88704a893fc12cb0e3bf46e2c7b48a009e7; jvm 1.8.0_232-b09
2021-02-14 01:49:36,424 [Listener at 127.0.0.1/42551] INFO  server.session (DefaultSessionIdManager.java:doStart(334)) - DefaultSessionIdManager workerName=node0
2021-02-14 01:49:36,425 [Listener at 127.0.0.1/42551] INFO  server.session (DefaultSessionIdManager.java:doStart(339)) - No SessionScavenger set, using defaults
2021-02-14 01:49:36,425 [Listener at 127.0.0.1/42551] INFO  server.session (HouseKeeper.java:startScavenging(132)) - node0 Scavenging every 600000ms
2021-02-14 01:49:36,426 [Listener at 127.0.0.1/42551] INFO  handler.ContextHandler (ContextHandler.java:doStart(916)) - Started o.e.j.s.ServletContextHandler@6ea4403f{logs,/logs,file:///github/workspace/mnt/ozone/hadoop-ozone/integration-test/target/log,AVAILABLE}
2021-02-14 01:49:36,426 [Listener at 127.0.0.1/42551] INFO  handler.ContextHandler (ContextHandler.java:doStart(916)) - Started o.e.j.s.ServletContextHandler@6d1aa79c{static,/static,jar:file:/home/user/.m2/repository/org/apache/hadoop/hadoop-hdds-container-service/1.1.0-SNAPSHOT/hadoop-hdds-container-service-1.1.0-SNAPSHOT.jar!/webapps/static,AVAILABLE}
2021-02-14 01:49:36,591 [Listener at 127.0.0.1/42551] INFO  handler.ContextHandler (ContextHandler.java:doStart(916)) - Started o.e.j.w.WebAppContext@1abd92c6{hddsDatanode,/,file:///tmp/jetty-0_0_0_0-34417-hadoop-hdds-container-service-1_1_0-SNAPSHOT_jar-_-any-2485172960111278147/webapp/,AVAILABLE}{jar:file:/home/user/.m2/repository/org/apache/hadoop/hadoop-hdds-container-service/1.1.0-SNAPSHOT/hadoop-hdds-container-service-1.1.0-SNAPSHOT.jar!/webapps/hddsDatanode}
2021-02-14 01:49:36,592 [Listener at 127.0.0.1/42551] INFO  server.AbstractConnector (AbstractConnector.java:doStart(331)) - Started ServerConnector@17163282{HTTP/1.1, (http/1.1)}{0.0.0.0:34417}
2021-02-14 01:49:36,593 [Listener at 127.0.0.1/42551] INFO  server.Server (Server.java:doStart(415)) - Started @73059ms
2021-02-14 01:49:36,593 [Listener at 127.0.0.1/42551] WARN  impl.MetricsSystemImpl (MetricsSystemImpl.java:register(279)) - Sink prometheus already exists!
2021-02-14 01:49:36,596 [Listener at 127.0.0.1/42551] INFO  http.BaseHttpServer (BaseHttpServer.java:updateConnectorAddress(327)) - HTTP server of hddsDatanode listening at http://0.0.0.0:34417
2021-02-14 01:49:36,598 [Listener at 127.0.0.1/42551] INFO  impl.MetricsSystemImpl (MetricsSystemImpl.java:init(158)) - HddsDatanode metrics system started (again)
2021-02-14 01:49:36,600 [Listener at 127.0.0.1/42551] INFO  ozone.HddsDatanodeService (HddsDatanodeService.java:start(217)) - HddsDatanodeService host:9cc4fcda0858 ip:172.17.0.2
2021-02-14 01:49:36,601 [org.apache.hadoop.util.JvmPauseMonitor$Monitor@3e666c8b] INFO  util.JvmPauseMonitor (JvmPauseMonitor.java:run(188)) - Starting JVM pause monitor
2021-02-14 01:49:36,604 [Listener at 127.0.0.1/42551] INFO  volume.HddsVolume (HddsVolume.java:<init>(176)) - Creating Volume: /github/workspace/mnt/ozone/hadoop-ozone/integration-test/target/test-dir/MiniOzoneClusterImpl-b3eef9e8-6bea-4ca1-9f7b-091cac69c924/datanode-2/data-0/containers/hdds of storage type : DISK and capacity : 9223372036854775807
2021-02-14 01:49:36,604 [Listener at 127.0.0.1/42551] INFO  volume.MutableVolumeSet (MutableVolumeSet.java:initializeVolumeSet(179)) - Added Volume : /github/workspace/mnt/ozone/hadoop-ozone/integration-test/target/test-dir/MiniOzoneClusterImpl-b3eef9e8-6bea-4ca1-9f7b-091cac69c924/datanode-2/data-0/containers/hdds to VolumeSet
2021-02-14 01:49:36,604 [Listener at 127.0.0.1/42551] INFO  volume.ThrottledAsyncChecker (ThrottledAsyncChecker.java:schedule(141)) - Scheduling a check for /github/workspace/mnt/ozone/hadoop-ozone/integration-test/target/test-dir/MiniOzoneClusterImpl-b3eef9e8-6bea-4ca1-9f7b-091cac69c924/datanode-2/data-0/containers/hdds
2021-02-14 01:49:36,607 [Listener at 127.0.0.1/42551] INFO  volume.HddsVolumeChecker (HddsVolumeChecker.java:checkAllVolumes(200)) - Scheduled health check for volume /github/workspace/mnt/ozone/hadoop-ozone/integration-test/target/test-dir/MiniOzoneClusterImpl-b3eef9e8-6bea-4ca1-9f7b-091cac69c924/datanode-2/data-0/containers/hdds
2021-02-14 01:49:36,609 [Datanode State Machine Task Thread - 0] INFO  datanode.InitDatanodeState (InitDatanodeState.java:persistContainerDatanodeDetails(145)) - DatanodeDetails is persisted to /github/workspace/mnt/ozone/hadoop-ozone/integration-test/target/test-dir/MiniOzoneClusterImpl-b3eef9e8-6bea-4ca1-9f7b-091cac69c924/datanode-1/meta/datanode.id
2021-02-14 01:49:36,621 [Thread-739] INFO  ozoneimpl.ContainerReader (ContainerReader.java:readVolume(125)) - Start to verify containers on volume /github/workspace/mnt/ozone/hadoop-ozone/integration-test/target/test-dir/MiniOzoneClusterImpl-b3eef9e8-6bea-4ca1-9f7b-091cac69c924/datanode-2/data-0/containers/hdds
2021-02-14 01:49:36,622 [Thread-739] INFO  ozoneimpl.ContainerReader (ContainerReader.java:readVolume(150)) - Finish verifying containers on volume /github/workspace/mnt/ozone/hadoop-ozone/integration-test/target/test-dir/MiniOzoneClusterImpl-b3eef9e8-6bea-4ca1-9f7b-091cac69c924/datanode-2/data-0/containers/hdds
2021-02-14 01:49:36,622 [Listener at 127.0.0.1/42551] INFO  ozoneimpl.OzoneContainer (OzoneContainer.java:buildContainerSet(206)) - Build ContainerSet costs 0s
2021-02-14 01:49:36,625 [Listener at 127.0.0.1/42551] INFO  server.RaftServer (ConfUtils.java:logGet(44)) - raft.rpc.type = GRPC (default)
2021-02-14 01:49:36,625 [Listener at 127.0.0.1/42551] INFO  grpc.GrpcFactory (GrpcFactory.java:checkPooledByteBufAllocatorUseCacheForAllThreads(48)) - PERFORMANCE WARNING: useCacheForAllThreads is true that may cause Netty to create a lot garbage objects and, as a result, trigger GC.
	It is recommended to disable useCacheForAllThreads by setting -Dorg.apache.ratis.thirdparty.io.netty.allocator.useCacheForAllThreads=false in command line.
2021-02-14 01:49:36,626 [Listener at 127.0.0.1/42551] INFO  grpc.GrpcConfigKeys (ConfUtils.java:logGet(44)) - raft.grpc.admin.port = 0 (custom)
2021-02-14 01:49:36,626 [Listener at 127.0.0.1/42551] INFO  grpc.GrpcConfigKeys (ConfUtils.java:logGet(44)) - raft.grpc.client.port = 0 (custom)
2021-02-14 01:49:36,626 [Listener at 127.0.0.1/42551] INFO  grpc.GrpcConfigKeys (ConfUtils.java:logGet(44)) - raft.grpc.server.port = 0 (default)
2021-02-14 01:49:36,626 [Listener at 127.0.0.1/42551] INFO  server.GrpcService (ConfUtils.java:logGet(44)) - raft.grpc.message.size.max = 32MB (=33554432) (custom)
2021-02-14 01:49:36,626 [Listener at 127.0.0.1/42551] INFO  server.RaftServerConfigKeys (ConfUtils.java:logGet(44)) - raft.server.log.appender.buffer.byte-limit = 33554432 (custom)
2021-02-14 01:49:36,626 [Listener at 127.0.0.1/42551] INFO  server.GrpcService (ConfUtils.java:logGet(44)) - raft.grpc.flow.control.window = 5MB (=5242880) (custom)
2021-02-14 01:49:36,627 [Listener at 127.0.0.1/42551] INFO  server.RaftServerConfigKeys (ConfUtils.java:logGet(44)) - raft.server.rpc.request.timeout = 3000ms (default)
2021-02-14 01:49:36,628 [Listener at 127.0.0.1/42551] INFO  impl.DataStreamServerImpl (ConfUtils.java:logGet(44)) - raft.datastream.type = DISABLED (default)
2021-02-14 01:49:36,628 [Listener at 127.0.0.1/42551] INFO  server.RaftServerConfigKeys (ConfUtils.java:logGet(44)) - raft.server.rpc.slowness.timeout = 300000ms (custom)
2021-02-14 01:49:36,628 [Listener at 127.0.0.1/42551] INFO  server.RaftServerConfigKeys (ConfUtils.java:logGet(44)) - raft.server.leaderelection.leader.step-down.wait-time = 10s (default)
2021-02-14 01:49:36,628 [Listener at 127.0.0.1/42551] INFO  server.RaftServerConfigKeys (ConfUtils.java:logGet(44)) - raft.server.storage.dir = [/github/workspace/mnt/ozone/hadoop-ozone/integration-test/target/test-dir/MiniOzoneClusterImpl-b3eef9e8-6bea-4ca1-9f7b-091cac69c924/datanode-2/data/ratis] (custom)
2021-02-14 01:49:36,634 [Listener at 127.0.0.1/42551] INFO  http.BaseHttpServer (BaseHttpServer.java:newHttpServer2BuilderForOzone(207)) - Starting Web-server for hddsDatanode at: http://0.0.0.0:0
2021-02-14 01:49:36,634 [Listener at 127.0.0.1/42551] INFO  http.BaseHttpServer (BaseHttpServer.java:<init>(106)) - Hadoop Security Enabled: false Ozone Security Enabled: false Ozone HTTP Security Enabled: false 
2021-02-14 01:49:36,636 [Listener at 127.0.0.1/42551] INFO  server.AuthenticationFilter (AuthenticationFilter.java:constructSecretProvider(240)) - Unable to initialize FileSignerSecretProvider, falling back to use random secrets.
2021-02-14 01:49:36,640 [Listener at 127.0.0.1/42551] WARN  http.HttpRequestLog (HttpRequestLog.java:getRequestLog(103)) - Jetty request log can only be enabled using Log4j
2021-02-14 01:49:36,641 [Listener at 127.0.0.1/42551] INFO  http.HttpServer2 (HttpServer2.java:addGlobalFilter(1020)) - Added global filter 'safety' (class=org.apache.hadoop.hdds.server.http.HttpServer2$QuotingInputFilter)
2021-02-14 01:49:36,643 [Listener at 127.0.0.1/42551] INFO  http.HttpServer2 (HttpServer2.java:addFilter(996)) - Added filter static_user_filter (class=org.apache.hadoop.http.lib.StaticUserWebFilter$StaticUserFilter) to context hddsDatanode
2021-02-14 01:49:36,643 [Listener at 127.0.0.1/42551] INFO  http.HttpServer2 (HttpServer2.java:addFilter(1004)) - Added filter static_user_filter (class=org.apache.hadoop.http.lib.StaticUserWebFilter$StaticUserFilter) to context static
2021-02-14 01:49:36,643 [Listener at 127.0.0.1/42551] INFO  http.HttpServer2 (HttpServer2.java:addFilter(1004)) - Added filter static_user_filter (class=org.apache.hadoop.http.lib.StaticUserWebFilter$StaticUserFilter) to context logs
2021-02-14 01:49:36,647 [Listener at 127.0.0.1/42551] INFO  http.HttpServer2 (HttpServer2.java:bindListener(1238)) - Jetty bound to port 39519
2021-02-14 01:49:36,647 [Listener at 127.0.0.1/42551] INFO  server.Server (Server.java:doStart(375)) - jetty-9.4.34.v20201102; built: 2020-11-02T14:15:39.302Z; git: e46af88704a893fc12cb0e3bf46e2c7b48a009e7; jvm 1.8.0_232-b09
2021-02-14 01:49:36,649 [Listener at 127.0.0.1/42551] INFO  server.session (DefaultSessionIdManager.java:doStart(334)) - DefaultSessionIdManager workerName=node0
2021-02-14 01:49:36,649 [Listener at 127.0.0.1/42551] INFO  server.session (DefaultSessionIdManager.java:doStart(339)) - No SessionScavenger set, using defaults
2021-02-14 01:49:36,650 [Listener at 127.0.0.1/42551] INFO  server.session (HouseKeeper.java:startScavenging(132)) - node0 Scavenging every 660000ms
2021-02-14 01:49:36,651 [Listener at 127.0.0.1/42551] INFO  handler.ContextHandler (ContextHandler.java:doStart(916)) - Started o.e.j.s.ServletContextHandler@605694dc{logs,/logs,file:///github/workspace/mnt/ozone/hadoop-ozone/integration-test/target/log,AVAILABLE}
2021-02-14 01:49:36,652 [Listener at 127.0.0.1/42551] INFO  handler.ContextHandler (ContextHandler.java:doStart(916)) - Started o.e.j.s.ServletContextHandler@7fac91fb{static,/static,jar:file:/home/user/.m2/repository/org/apache/hadoop/hadoop-hdds-container-service/1.1.0-SNAPSHOT/hadoop-hdds-container-service-1.1.0-SNAPSHOT.jar!/webapps/static,AVAILABLE}
2021-02-14 01:49:36,846 [Listener at 127.0.0.1/42551] INFO  handler.ContextHandler (ContextHandler.java:doStart(916)) - Started o.e.j.w.WebAppContext@30012b46{hddsDatanode,/,file:///tmp/jetty-0_0_0_0-39519-hadoop-hdds-container-service-1_1_0-SNAPSHOT_jar-_-any-7686341901067691916/webapp/,AVAILABLE}{jar:file:/home/user/.m2/repository/org/apache/hadoop/hadoop-hdds-container-service/1.1.0-SNAPSHOT/hadoop-hdds-container-service-1.1.0-SNAPSHOT.jar!/webapps/hddsDatanode}
2021-02-14 01:49:36,847 [Listener at 127.0.0.1/42551] INFO  server.AbstractConnector (AbstractConnector.java:doStart(331)) - Started ServerConnector@4ced03c7{HTTP/1.1, (http/1.1)}{0.0.0.0:39519}
2021-02-14 01:49:36,847 [Listener at 127.0.0.1/42551] INFO  server.Server (Server.java:doStart(415)) - Started @73313ms
2021-02-14 01:49:36,848 [Listener at 127.0.0.1/42551] WARN  impl.MetricsSystemImpl (MetricsSystemImpl.java:register(279)) - Sink prometheus already exists!
2021-02-14 01:49:36,852 [Listener at 127.0.0.1/42551] INFO  http.BaseHttpServer (BaseHttpServer.java:updateConnectorAddress(327)) - HTTP server of hddsDatanode listening at http://0.0.0.0:39519
2021-02-14 01:49:36,857 [Listener at 127.0.0.1/42551] INFO  impl.MetricsSystemImpl (MetricsSystemImpl.java:init(158)) - HddsDatanode metrics system started (again)
2021-02-14 01:49:36,859 [Listener at 127.0.0.1/42551] INFO  ozone.HddsDatanodeService (HddsDatanodeService.java:start(217)) - HddsDatanodeService host:9cc4fcda0858 ip:172.17.0.2
2021-02-14 01:49:36,862 [Listener at 127.0.0.1/42551] INFO  volume.HddsVolume (HddsVolume.java:<init>(176)) - Creating Volume: /github/workspace/mnt/ozone/hadoop-ozone/integration-test/target/test-dir/MiniOzoneClusterImpl-b3eef9e8-6bea-4ca1-9f7b-091cac69c924/datanode-3/data-0/containers/hdds of storage type : DISK and capacity : 9223372036854775807
2021-02-14 01:49:36,862 [Listener at 127.0.0.1/42551] INFO  volume.MutableVolumeSet (MutableVolumeSet.java:initializeVolumeSet(179)) - Added Volume : /github/workspace/mnt/ozone/hadoop-ozone/integration-test/target/test-dir/MiniOzoneClusterImpl-b3eef9e8-6bea-4ca1-9f7b-091cac69c924/datanode-3/data-0/containers/hdds to VolumeSet
2021-02-14 01:49:36,862 [Listener at 127.0.0.1/42551] INFO  volume.ThrottledAsyncChecker (ThrottledAsyncChecker.java:schedule(141)) - Scheduling a check for /github/workspace/mnt/ozone/hadoop-ozone/integration-test/target/test-dir/MiniOzoneClusterImpl-b3eef9e8-6bea-4ca1-9f7b-091cac69c924/datanode-3/data-0/containers/hdds
2021-02-14 01:49:36,864 [Listener at 127.0.0.1/42551] INFO  volume.HddsVolumeChecker (HddsVolumeChecker.java:checkAllVolumes(200)) - Scheduled health check for volume /github/workspace/mnt/ozone/hadoop-ozone/integration-test/target/test-dir/MiniOzoneClusterImpl-b3eef9e8-6bea-4ca1-9f7b-091cac69c924/datanode-3/data-0/containers/hdds
2021-02-14 01:49:36,876 [org.apache.hadoop.util.JvmPauseMonitor$Monitor@6ba92548] INFO  util.JvmPauseMonitor (JvmPauseMonitor.java:run(188)) - Starting JVM pause monitor
2021-02-14 01:49:36,878 [Thread-750] INFO  ozoneimpl.ContainerReader (ContainerReader.java:readVolume(125)) - Start to verify containers on volume /github/workspace/mnt/ozone/hadoop-ozone/integration-test/target/test-dir/MiniOzoneClusterImpl-b3eef9e8-6bea-4ca1-9f7b-091cac69c924/datanode-3/data-0/containers/hdds
2021-02-14 01:49:36,878 [Thread-750] INFO  ozoneimpl.ContainerReader (ContainerReader.java:readVolume(150)) - Finish verifying containers on volume /github/workspace/mnt/ozone/hadoop-ozone/integration-test/target/test-dir/MiniOzoneClusterImpl-b3eef9e8-6bea-4ca1-9f7b-091cac69c924/datanode-3/data-0/containers/hdds
2021-02-14 01:49:36,878 [Listener at 127.0.0.1/42551] INFO  ozoneimpl.OzoneContainer (OzoneContainer.java:buildContainerSet(206)) - Build ContainerSet costs 0s
2021-02-14 01:49:36,880 [Listener at 127.0.0.1/42551] INFO  server.RaftServer (ConfUtils.java:logGet(44)) - raft.rpc.type = GRPC (default)
2021-02-14 01:49:36,880 [Listener at 127.0.0.1/42551] INFO  grpc.GrpcFactory (GrpcFactory.java:checkPooledByteBufAllocatorUseCacheForAllThreads(48)) - PERFORMANCE WARNING: useCacheForAllThreads is true that may cause Netty to create a lot garbage objects and, as a result, trigger GC.
	It is recommended to disable useCacheForAllThreads by setting -Dorg.apache.ratis.thirdparty.io.netty.allocator.useCacheForAllThreads=false in command line.
2021-02-14 01:49:36,880 [Listener at 127.0.0.1/42551] INFO  grpc.GrpcConfigKeys (ConfUtils.java:logGet(44)) - raft.grpc.admin.port = 0 (custom)
2021-02-14 01:49:36,881 [Listener at 127.0.0.1/42551] INFO  grpc.GrpcConfigKeys (ConfUtils.java:logGet(44)) - raft.grpc.client.port = 0 (custom)
2021-02-14 01:49:36,881 [Listener at 127.0.0.1/42551] INFO  grpc.GrpcConfigKeys (ConfUtils.java:logGet(44)) - raft.grpc.server.port = 0 (default)
2021-02-14 01:49:36,881 [Listener at 127.0.0.1/42551] INFO  server.GrpcService (ConfUtils.java:logGet(44)) - raft.grpc.message.size.max = 32MB (=33554432) (custom)
2021-02-14 01:49:36,881 [Listener at 127.0.0.1/42551] INFO  server.RaftServerConfigKeys (ConfUtils.java:logGet(44)) - raft.server.log.appender.buffer.byte-limit = 33554432 (custom)
2021-02-14 01:49:36,881 [Listener at 127.0.0.1/42551] INFO  server.GrpcService (ConfUtils.java:logGet(44)) - raft.grpc.flow.control.window = 5MB (=5242880) (custom)
2021-02-14 01:49:36,881 [Listener at 127.0.0.1/42551] INFO  server.RaftServerConfigKeys (ConfUtils.java:logGet(44)) - raft.server.rpc.request.timeout = 3000ms (default)
2021-02-14 01:49:36,883 [Listener at 127.0.0.1/42551] INFO  impl.DataStreamServerImpl (ConfUtils.java:logGet(44)) - raft.datastream.type = DISABLED (default)
2021-02-14 01:49:36,883 [Listener at 127.0.0.1/42551] INFO  server.RaftServerConfigKeys (ConfUtils.java:logGet(44)) - raft.server.rpc.slowness.timeout = 300000ms (custom)
2021-02-14 01:49:36,883 [Listener at 127.0.0.1/42551] INFO  server.RaftServerConfigKeys (ConfUtils.java:logGet(44)) - raft.server.leaderelection.leader.step-down.wait-time = 10s (default)
2021-02-14 01:49:36,883 [Listener at 127.0.0.1/42551] INFO  server.RaftServerConfigKeys (ConfUtils.java:logGet(44)) - raft.server.storage.dir = [/github/workspace/mnt/ozone/hadoop-ozone/integration-test/target/test-dir/MiniOzoneClusterImpl-b3eef9e8-6bea-4ca1-9f7b-091cac69c924/datanode-3/data/ratis] (custom)
2021-02-14 01:49:36,889 [Listener at 127.0.0.1/42551] INFO  http.BaseHttpServer (BaseHttpServer.java:newHttpServer2BuilderForOzone(207)) - Starting Web-server for hddsDatanode at: http://0.0.0.0:0
2021-02-14 01:49:36,889 [Listener at 127.0.0.1/42551] INFO  http.BaseHttpServer (BaseHttpServer.java:<init>(106)) - Hadoop Security Enabled: false Ozone Security Enabled: false Ozone HTTP Security Enabled: false 
2021-02-14 01:49:36,889 [Datanode State Machine Task Thread - 0] INFO  datanode.InitDatanodeState (InitDatanodeState.java:persistContainerDatanodeDetails(145)) - DatanodeDetails is persisted to /github/workspace/mnt/ozone/hadoop-ozone/integration-test/target/test-dir/MiniOzoneClusterImpl-b3eef9e8-6bea-4ca1-9f7b-091cac69c924/datanode-2/meta/datanode.id
2021-02-14 01:49:36,890 [Listener at 127.0.0.1/42551] INFO  server.AuthenticationFilter (AuthenticationFilter.java:constructSecretProvider(240)) - Unable to initialize FileSignerSecretProvider, falling back to use random secrets.
2021-02-14 01:49:36,891 [Listener at 127.0.0.1/42551] WARN  http.HttpRequestLog (HttpRequestLog.java:getRequestLog(103)) - Jetty request log can only be enabled using Log4j
2021-02-14 01:49:36,891 [Listener at 127.0.0.1/42551] INFO  http.HttpServer2 (HttpServer2.java:addGlobalFilter(1020)) - Added global filter 'safety' (class=org.apache.hadoop.hdds.server.http.HttpServer2$QuotingInputFilter)
2021-02-14 01:49:36,892 [Listener at 127.0.0.1/42551] INFO  http.HttpServer2 (HttpServer2.java:addFilter(996)) - Added filter static_user_filter (class=org.apache.hadoop.http.lib.StaticUserWebFilter$StaticUserFilter) to context hddsDatanode
2021-02-14 01:49:36,892 [Listener at 127.0.0.1/42551] INFO  http.HttpServer2 (HttpServer2.java:addFilter(1004)) - Added filter static_user_filter (class=org.apache.hadoop.http.lib.StaticUserWebFilter$StaticUserFilter) to context logs
2021-02-14 01:49:36,892 [Listener at 127.0.0.1/42551] INFO  http.HttpServer2 (HttpServer2.java:addFilter(1004)) - Added filter static_user_filter (class=org.apache.hadoop.http.lib.StaticUserWebFilter$StaticUserFilter) to context static
2021-02-14 01:49:36,893 [Listener at 127.0.0.1/42551] INFO  http.HttpServer2 (HttpServer2.java:bindListener(1238)) - Jetty bound to port 40499
2021-02-14 01:49:36,893 [Listener at 127.0.0.1/42551] INFO  server.Server (Server.java:doStart(375)) - jetty-9.4.34.v20201102; built: 2020-11-02T14:15:39.302Z; git: e46af88704a893fc12cb0e3bf46e2c7b48a009e7; jvm 1.8.0_232-b09
2021-02-14 01:49:36,895 [Listener at 127.0.0.1/42551] INFO  server.session (DefaultSessionIdManager.java:doStart(334)) - DefaultSessionIdManager workerName=node0
2021-02-14 01:49:36,895 [Listener at 127.0.0.1/42551] INFO  server.session (DefaultSessionIdManager.java:doStart(339)) - No SessionScavenger set, using defaults
2021-02-14 01:49:36,895 [Listener at 127.0.0.1/42551] INFO  server.session (HouseKeeper.java:startScavenging(132)) - node0 Scavenging every 600000ms
2021-02-14 01:49:36,896 [Listener at 127.0.0.1/42551] INFO  handler.ContextHandler (ContextHandler.java:doStart(916)) - Started o.e.j.s.ServletContextHandler@52757583{logs,/logs,file:///github/workspace/mnt/ozone/hadoop-ozone/integration-test/target/log,AVAILABLE}
2021-02-14 01:49:36,896 [Listener at 127.0.0.1/42551] INFO  handler.ContextHandler (ContextHandler.java:doStart(916)) - Started o.e.j.s.ServletContextHandler@11972f4a{static,/static,jar:file:/home/user/.m2/repository/org/apache/hadoop/hadoop-hdds-container-service/1.1.0-SNAPSHOT/hadoop-hdds-container-service-1.1.0-SNAPSHOT.jar!/webapps/static,AVAILABLE}
2021-02-14 01:49:37,120 [Thread-684] INFO  impl.FollowerState (FollowerState.java:run(133)) - om1@group-C5BA1605619E-FollowerState: change to CANDIDATE, lastRpcElapsedTime:1056441534ns, electionTimeout:1056ms
2021-02-14 01:49:37,120 [Thread-684] INFO  impl.RoleInfo (RoleInfo.java:shutdownFollowerState(108)) - om1: shutdown om1@group-C5BA1605619E-FollowerState
2021-02-14 01:49:37,120 [Thread-684] INFO  server.RaftServer$Division (RaftServerImpl.java:setRole(284)) - om1@group-C5BA1605619E: changes role from  FOLLOWER to CANDIDATE at term 0 for changeToCandidate
2021-02-14 01:49:37,120 [Thread-684] INFO  server.RaftServerConfigKeys (ConfUtils.java:logGet(44)) - raft.server.leaderelection.pre-vote = false (custom)
2021-02-14 01:49:37,121 [Thread-684] INFO  impl.RoleInfo (RoleInfo.java:updateAndGet(130)) - om1: start om1@group-C5BA1605619E-LeaderElection27
2021-02-14 01:49:37,131 [Listener at 127.0.0.1/42551] INFO  handler.ContextHandler (ContextHandler.java:doStart(916)) - Started o.e.j.w.WebAppContext@54e9d42e{hddsDatanode,/,file:///tmp/jetty-0_0_0_0-40499-hadoop-hdds-container-service-1_1_0-SNAPSHOT_jar-_-any-8513947965651333872/webapp/,AVAILABLE}{jar:file:/home/user/.m2/repository/org/apache/hadoop/hadoop-hdds-container-service/1.1.0-SNAPSHOT/hadoop-hdds-container-service-1.1.0-SNAPSHOT.jar!/webapps/hddsDatanode}
2021-02-14 01:49:37,132 [om1@group-C5BA1605619E-LeaderElection27] INFO  impl.LeaderElection (LeaderElection.java:askForVotes(307)) - om1@group-C5BA1605619E-LeaderElection27 ELECTION round 0: submit vote requests at term 1 for -1: [om1|rpc:localhost:9872|priority:0], old=null
2021-02-14 01:49:37,132 [om1@group-C5BA1605619E-LeaderElection27] INFO  impl.LeaderElection (LeaderElection.java:askForVotes(309)) - om1@group-C5BA1605619E-LeaderElection27 ELECTION round 0: result PASSED (term=1)
2021-02-14 01:49:37,132 [om1@group-C5BA1605619E-LeaderElection27] INFO  impl.RoleInfo (RoleInfo.java:shutdownLeaderElection(121)) - om1: shutdown om1@group-C5BA1605619E-LeaderElection27
2021-02-14 01:49:37,132 [om1@group-C5BA1605619E-LeaderElection27] INFO  server.RaftServer$Division (RaftServerImpl.java:setRole(284)) - om1@group-C5BA1605619E: changes role from CANDIDATE to LEADER at term 1 for changeToLeader
2021-02-14 01:49:37,133 [om1@group-C5BA1605619E-LeaderElection27] INFO  server.RaftServer$Division (ServerState.java:setLeader(271)) - om1@group-C5BA1605619E: change Leader from null to om1 at term 1 for becomeLeader, leader elected after 1083ms
2021-02-14 01:49:37,133 [om1@group-C5BA1605619E-LeaderElection27] INFO  server.RaftServerConfigKeys (ConfUtils.java:logGet(44)) - raft.server.staging.catchup.gap = 1000 (default)
2021-02-14 01:49:37,133 [om1@group-C5BA1605619E-LeaderElection27] INFO  metrics.RatisMetrics (RatisMetrics.java:lambda$create$0(36)) - Creating Metrics Registry : ratis.log_appender.om1@group-C5BA1605619E
2021-02-14 01:49:37,133 [om1@group-C5BA1605619E-LeaderElection27] INFO  server.RaftServerConfigKeys (ConfUtils.java:logGet(44)) - raft.server.write.element-limit = 4096 (default)
2021-02-14 01:49:37,133 [om1@group-C5BA1605619E-LeaderElection27] INFO  server.RaftServerConfigKeys (ConfUtils.java:logGet(44)) - raft.server.write.byte-limit = 64MB (=67108864) (default)
2021-02-14 01:49:37,134 [om1@group-C5BA1605619E-LeaderElection27] INFO  server.RaftServerConfigKeys (ConfUtils.java:logGet(44)) - raft.server.watch.timeout = 10s (default)
2021-02-14 01:49:37,134 [om1@group-C5BA1605619E-LeaderElection27] INFO  server.RaftServerConfigKeys (ConfUtils.java:logGet(44)) - raft.server.watch.timeout.denomination = 1s (default)
2021-02-14 01:49:37,134 [om1@group-C5BA1605619E-LeaderElection27] INFO  server.RaftServerConfigKeys (ConfUtils.java:logGet(44)) - raft.server.watch.element-limit = 65536 (default)
2021-02-14 01:49:37,134 [om1@group-C5BA1605619E-LeaderElection27] INFO  impl.RoleInfo (RoleInfo.java:updateAndGet(130)) - om1: start om1@group-C5BA1605619E-LeaderStateImpl
2021-02-14 01:49:37,134 [om1@group-C5BA1605619E-LeaderElection27] INFO  segmented.SegmentedRaftLogWorker (SegmentedRaftLogWorker.java:startLogSegment(392)) - om1@group-C5BA1605619E-SegmentedRaftLogWorker: Starting segment from index:0
2021-02-14 01:49:37,138 [Listener at 127.0.0.1/42551] INFO  server.AbstractConnector (AbstractConnector.java:doStart(331)) - Started ServerConnector@23943a02{HTTP/1.1, (http/1.1)}{0.0.0.0:40499}
2021-02-14 01:49:37,138 [Listener at 127.0.0.1/42551] INFO  server.Server (Server.java:doStart(415)) - Started @73604ms
2021-02-14 01:49:37,138 [Listener at 127.0.0.1/42551] WARN  impl.MetricsSystemImpl (MetricsSystemImpl.java:register(279)) - Sink prometheus already exists!
2021-02-14 01:49:37,148 [om1@group-C5BA1605619E-LeaderElection27] INFO  server.RaftServer$Division (ServerState.java:setRaftConf(373)) - om1@group-C5BA1605619E: set configuration 0: [om1|rpc:localhost:9872|admin:|client:|dataStream:|priority:0], old=null
2021-02-14 01:49:37,150 [om1@group-C5BA1605619E-SegmentedRaftLogWorker] INFO  segmented.SegmentedRaftLogWorker (SegmentedRaftLogWorker.java:execute(599)) - om1@group-C5BA1605619E-SegmentedRaftLogWorker: created new log segment /github/workspace/mnt/ozone/hadoop-ozone/integration-test/target/test-dir/MiniOzoneClusterImpl-b3eef9e8-6bea-4ca1-9f7b-091cac69c924/ozone-meta/ratis/bf265839-605b-3f16-9796-c5ba1605619e/current/log_inprogress_0
2021-02-14 01:49:37,200 [Listener at 127.0.0.1/42551] INFO  http.BaseHttpServer (BaseHttpServer.java:updateConnectorAddress(327)) - HTTP server of hddsDatanode listening at http://0.0.0.0:40499
2021-02-14 01:49:37,201 [Listener at 127.0.0.1/42551] INFO  impl.MetricsSystemImpl (MetricsSystemImpl.java:init(158)) - HddsDatanode metrics system started (again)
2021-02-14 01:49:37,204 [Listener at 127.0.0.1/42551] INFO  ozone.HddsDatanodeService (HddsDatanodeService.java:start(217)) - HddsDatanodeService host:9cc4fcda0858 ip:172.17.0.2
2021-02-14 01:49:37,205 [org.apache.hadoop.util.JvmPauseMonitor$Monitor@5dc164f5] INFO  util.JvmPauseMonitor (JvmPauseMonitor.java:run(188)) - Starting JVM pause monitor
2021-02-14 01:49:37,205 [Listener at 127.0.0.1/42551] INFO  volume.HddsVolume (HddsVolume.java:<init>(176)) - Creating Volume: /github/workspace/mnt/ozone/hadoop-ozone/integration-test/target/test-dir/MiniOzoneClusterImpl-b3eef9e8-6bea-4ca1-9f7b-091cac69c924/datanode-4/data-0/containers/hdds of storage type : DISK and capacity : 9223372036854775807
2021-02-14 01:49:37,206 [Listener at 127.0.0.1/42551] INFO  volume.MutableVolumeSet (MutableVolumeSet.java:initializeVolumeSet(179)) - Added Volume : /github/workspace/mnt/ozone/hadoop-ozone/integration-test/target/test-dir/MiniOzoneClusterImpl-b3eef9e8-6bea-4ca1-9f7b-091cac69c924/datanode-4/data-0/containers/hdds to VolumeSet
2021-02-14 01:49:37,206 [Listener at 127.0.0.1/42551] INFO  volume.ThrottledAsyncChecker (ThrottledAsyncChecker.java:schedule(141)) - Scheduling a check for /github/workspace/mnt/ozone/hadoop-ozone/integration-test/target/test-dir/MiniOzoneClusterImpl-b3eef9e8-6bea-4ca1-9f7b-091cac69c924/datanode-4/data-0/containers/hdds
2021-02-14 01:49:37,206 [Datanode State Machine Task Thread - 0] INFO  datanode.InitDatanodeState (InitDatanodeState.java:persistContainerDatanodeDetails(145)) - DatanodeDetails is persisted to /github/workspace/mnt/ozone/hadoop-ozone/integration-test/target/test-dir/MiniOzoneClusterImpl-b3eef9e8-6bea-4ca1-9f7b-091cac69c924/datanode-3/meta/datanode.id
2021-02-14 01:49:37,207 [Listener at 127.0.0.1/42551] INFO  volume.HddsVolumeChecker (HddsVolumeChecker.java:checkAllVolumes(200)) - Scheduled health check for volume /github/workspace/mnt/ozone/hadoop-ozone/integration-test/target/test-dir/MiniOzoneClusterImpl-b3eef9e8-6bea-4ca1-9f7b-091cac69c924/datanode-4/data-0/containers/hdds
2021-02-14 01:49:37,220 [Thread-763] INFO  ozoneimpl.ContainerReader (ContainerReader.java:readVolume(125)) - Start to verify containers on volume /github/workspace/mnt/ozone/hadoop-ozone/integration-test/target/test-dir/MiniOzoneClusterImpl-b3eef9e8-6bea-4ca1-9f7b-091cac69c924/datanode-4/data-0/containers/hdds
2021-02-14 01:49:37,220 [Thread-763] INFO  ozoneimpl.ContainerReader (ContainerReader.java:readVolume(150)) - Finish verifying containers on volume /github/workspace/mnt/ozone/hadoop-ozone/integration-test/target/test-dir/MiniOzoneClusterImpl-b3eef9e8-6bea-4ca1-9f7b-091cac69c924/datanode-4/data-0/containers/hdds
2021-02-14 01:49:37,220 [Listener at 127.0.0.1/42551] INFO  ozoneimpl.OzoneContainer (OzoneContainer.java:buildContainerSet(206)) - Build ContainerSet costs 0s
2021-02-14 01:49:37,223 [Listener at 127.0.0.1/42551] INFO  server.RaftServer (ConfUtils.java:logGet(44)) - raft.rpc.type = GRPC (default)
2021-02-14 01:49:37,223 [Listener at 127.0.0.1/42551] INFO  grpc.GrpcFactory (GrpcFactory.java:checkPooledByteBufAllocatorUseCacheForAllThreads(48)) - PERFORMANCE WARNING: useCacheForAllThreads is true that may cause Netty to create a lot garbage objects and, as a result, trigger GC.
	It is recommended to disable useCacheForAllThreads by setting -Dorg.apache.ratis.thirdparty.io.netty.allocator.useCacheForAllThreads=false in command line.
2021-02-14 01:49:37,223 [Listener at 127.0.0.1/42551] INFO  grpc.GrpcConfigKeys (ConfUtils.java:logGet(44)) - raft.grpc.admin.port = 0 (custom)
2021-02-14 01:49:37,223 [Listener at 127.0.0.1/42551] INFO  grpc.GrpcConfigKeys (ConfUtils.java:logGet(44)) - raft.grpc.client.port = 0 (custom)
2021-02-14 01:49:37,223 [Listener at 127.0.0.1/42551] INFO  grpc.GrpcConfigKeys (ConfUtils.java:logGet(44)) - raft.grpc.server.port = 0 (default)
2021-02-14 01:49:37,224 [Listener at 127.0.0.1/42551] INFO  server.GrpcService (ConfUtils.java:logGet(44)) - raft.grpc.message.size.max = 32MB (=33554432) (custom)
2021-02-14 01:49:37,224 [Listener at 127.0.0.1/42551] INFO  server.RaftServerConfigKeys (ConfUtils.java:logGet(44)) - raft.server.log.appender.buffer.byte-limit = 33554432 (custom)
2021-02-14 01:49:37,224 [Listener at 127.0.0.1/42551] INFO  server.GrpcService (ConfUtils.java:logGet(44)) - raft.grpc.flow.control.window = 5MB (=5242880) (custom)
2021-02-14 01:49:37,224 [Listener at 127.0.0.1/42551] INFO  server.RaftServerConfigKeys (ConfUtils.java:logGet(44)) - raft.server.rpc.request.timeout = 3000ms (default)
2021-02-14 01:49:37,225 [Listener at 127.0.0.1/42551] INFO  impl.DataStreamServerImpl (ConfUtils.java:logGet(44)) - raft.datastream.type = DISABLED (default)
2021-02-14 01:49:37,226 [Listener at 127.0.0.1/42551] INFO  server.RaftServerConfigKeys (ConfUtils.java:logGet(44)) - raft.server.rpc.slowness.timeout = 300000ms (custom)
2021-02-14 01:49:37,226 [Listener at 127.0.0.1/42551] INFO  server.RaftServerConfigKeys (ConfUtils.java:logGet(44)) - raft.server.leaderelection.leader.step-down.wait-time = 10s (default)
2021-02-14 01:49:37,226 [Listener at 127.0.0.1/42551] INFO  server.RaftServerConfigKeys (ConfUtils.java:logGet(44)) - raft.server.storage.dir = [/github/workspace/mnt/ozone/hadoop-ozone/integration-test/target/test-dir/MiniOzoneClusterImpl-b3eef9e8-6bea-4ca1-9f7b-091cac69c924/datanode-4/data/ratis] (custom)
2021-02-14 01:49:37,232 [Listener at 127.0.0.1/42551] INFO  http.BaseHttpServer (BaseHttpServer.java:newHttpServer2BuilderForOzone(207)) - Starting Web-server for hddsDatanode at: http://0.0.0.0:0
2021-02-14 01:49:37,232 [Listener at 127.0.0.1/42551] INFO  http.BaseHttpServer (BaseHttpServer.java:<init>(106)) - Hadoop Security Enabled: false Ozone Security Enabled: false Ozone HTTP Security Enabled: false 
2021-02-14 01:49:37,233 [Listener at 127.0.0.1/42551] INFO  server.AuthenticationFilter (AuthenticationFilter.java:constructSecretProvider(240)) - Unable to initialize FileSignerSecretProvider, falling back to use random secrets.
2021-02-14 01:49:37,234 [Listener at 127.0.0.1/42551] WARN  http.HttpRequestLog (HttpRequestLog.java:getRequestLog(103)) - Jetty request log can only be enabled using Log4j
2021-02-14 01:49:37,235 [Listener at 127.0.0.1/42551] INFO  http.HttpServer2 (HttpServer2.java:addGlobalFilter(1020)) - Added global filter 'safety' (class=org.apache.hadoop.hdds.server.http.HttpServer2$QuotingInputFilter)
2021-02-14 01:49:37,235 [Listener at 127.0.0.1/42551] INFO  http.HttpServer2 (HttpServer2.java:addFilter(996)) - Added filter static_user_filter (class=org.apache.hadoop.http.lib.StaticUserWebFilter$StaticUserFilter) to context hddsDatanode
2021-02-14 01:49:37,235 [Listener at 127.0.0.1/42551] INFO  http.HttpServer2 (HttpServer2.java:addFilter(1004)) - Added filter static_user_filter (class=org.apache.hadoop.http.lib.StaticUserWebFilter$StaticUserFilter) to context logs
2021-02-14 01:49:37,236 [Listener at 127.0.0.1/42551] INFO  http.HttpServer2 (HttpServer2.java:addFilter(1004)) - Added filter static_user_filter (class=org.apache.hadoop.http.lib.StaticUserWebFilter$StaticUserFilter) to context static
2021-02-14 01:49:37,236 [Listener at 127.0.0.1/42551] INFO  http.HttpServer2 (HttpServer2.java:bindListener(1238)) - Jetty bound to port 37879
2021-02-14 01:49:37,236 [Listener at 127.0.0.1/42551] INFO  server.Server (Server.java:doStart(375)) - jetty-9.4.34.v20201102; built: 2020-11-02T14:15:39.302Z; git: e46af88704a893fc12cb0e3bf46e2c7b48a009e7; jvm 1.8.0_232-b09
2021-02-14 01:49:37,241 [Listener at 127.0.0.1/42551] INFO  server.session (DefaultSessionIdManager.java:doStart(334)) - DefaultSessionIdManager workerName=node0
2021-02-14 01:49:37,241 [Listener at 127.0.0.1/42551] INFO  server.session (DefaultSessionIdManager.java:doStart(339)) - No SessionScavenger set, using defaults
2021-02-14 01:49:37,241 [Listener at 127.0.0.1/42551] INFO  server.session (HouseKeeper.java:startScavenging(132)) - node0 Scavenging every 600000ms
2021-02-14 01:49:37,242 [Listener at 127.0.0.1/42551] INFO  handler.ContextHandler (ContextHandler.java:doStart(916)) - Started o.e.j.s.ServletContextHandler@6da640fe{logs,/logs,file:///github/workspace/mnt/ozone/hadoop-ozone/integration-test/target/log,AVAILABLE}
2021-02-14 01:49:37,242 [Listener at 127.0.0.1/42551] INFO  handler.ContextHandler (ContextHandler.java:doStart(916)) - Started o.e.j.s.ServletContextHandler@48c49c1a{static,/static,jar:file:/home/user/.m2/repository/org/apache/hadoop/hadoop-hdds-container-service/1.1.0-SNAPSHOT/hadoop-hdds-container-service-1.1.0-SNAPSHOT.jar!/webapps/static,AVAILABLE}
2021-02-14 01:49:37,409 [Listener at 127.0.0.1/42551] INFO  handler.ContextHandler (ContextHandler.java:doStart(916)) - Started o.e.j.w.WebAppContext@46a7b47{hddsDatanode,/,file:///tmp/jetty-0_0_0_0-37879-hadoop-hdds-container-service-1_1_0-SNAPSHOT_jar-_-any-8642657512419582785/webapp/,AVAILABLE}{jar:file:/home/user/.m2/repository/org/apache/hadoop/hadoop-hdds-container-service/1.1.0-SNAPSHOT/hadoop-hdds-container-service-1.1.0-SNAPSHOT.jar!/webapps/hddsDatanode}
2021-02-14 01:49:37,411 [Listener at 127.0.0.1/42551] INFO  server.AbstractConnector (AbstractConnector.java:doStart(331)) - Started ServerConnector@136ee66d{HTTP/1.1, (http/1.1)}{0.0.0.0:37879}
2021-02-14 01:49:37,411 [Listener at 127.0.0.1/42551] INFO  server.Server (Server.java:doStart(415)) - Started @73876ms
2021-02-14 01:49:37,411 [Listener at 127.0.0.1/42551] WARN  impl.MetricsSystemImpl (MetricsSystemImpl.java:register(279)) - Sink prometheus already exists!
2021-02-14 01:49:37,416 [Listener at 127.0.0.1/42551] INFO  http.BaseHttpServer (BaseHttpServer.java:updateConnectorAddress(327)) - HTTP server of hddsDatanode listening at http://0.0.0.0:37879
2021-02-14 01:49:37,419 [Listener at 127.0.0.1/42551] INFO  impl.MetricsSystemImpl (MetricsSystemImpl.java:init(158)) - HddsDatanode metrics system started (again)
2021-02-14 01:49:37,422 [Listener at 127.0.0.1/42551] INFO  ozone.HddsDatanodeService (HddsDatanodeService.java:start(217)) - HddsDatanodeService host:9cc4fcda0858 ip:172.17.0.2
2021-02-14 01:49:37,423 [org.apache.hadoop.util.JvmPauseMonitor$Monitor@1236e556] INFO  util.JvmPauseMonitor (JvmPauseMonitor.java:run(188)) - Starting JVM pause monitor
2021-02-14 01:49:37,423 [Listener at 127.0.0.1/42551] INFO  volume.HddsVolume (HddsVolume.java:<init>(176)) - Creating Volume: /github/workspace/mnt/ozone/hadoop-ozone/integration-test/target/test-dir/MiniOzoneClusterImpl-b3eef9e8-6bea-4ca1-9f7b-091cac69c924/datanode-5/data-0/containers/hdds of storage type : DISK and capacity : 9223372036854775807
2021-02-14 01:49:37,424 [Listener at 127.0.0.1/42551] INFO  volume.MutableVolumeSet (MutableVolumeSet.java:initializeVolumeSet(179)) - Added Volume : /github/workspace/mnt/ozone/hadoop-ozone/integration-test/target/test-dir/MiniOzoneClusterImpl-b3eef9e8-6bea-4ca1-9f7b-091cac69c924/datanode-5/data-0/containers/hdds to VolumeSet
2021-02-14 01:49:37,424 [Listener at 127.0.0.1/42551] INFO  volume.ThrottledAsyncChecker (ThrottledAsyncChecker.java:schedule(141)) - Scheduling a check for /github/workspace/mnt/ozone/hadoop-ozone/integration-test/target/test-dir/MiniOzoneClusterImpl-b3eef9e8-6bea-4ca1-9f7b-091cac69c924/datanode-5/data-0/containers/hdds
2021-02-14 01:49:37,426 [Listener at 127.0.0.1/42551] INFO  volume.HddsVolumeChecker (HddsVolumeChecker.java:checkAllVolumes(200)) - Scheduled health check for volume /github/workspace/mnt/ozone/hadoop-ozone/integration-test/target/test-dir/MiniOzoneClusterImpl-b3eef9e8-6bea-4ca1-9f7b-091cac69c924/datanode-5/data-0/containers/hdds
2021-02-14 01:49:37,428 [Datanode State Machine Task Thread - 0] INFO  datanode.InitDatanodeState (InitDatanodeState.java:persistContainerDatanodeDetails(145)) - DatanodeDetails is persisted to /github/workspace/mnt/ozone/hadoop-ozone/integration-test/target/test-dir/MiniOzoneClusterImpl-b3eef9e8-6bea-4ca1-9f7b-091cac69c924/datanode-4/meta/datanode.id
2021-02-14 01:49:37,440 [Thread-774] INFO  ozoneimpl.ContainerReader (ContainerReader.java:readVolume(125)) - Start to verify containers on volume /github/workspace/mnt/ozone/hadoop-ozone/integration-test/target/test-dir/MiniOzoneClusterImpl-b3eef9e8-6bea-4ca1-9f7b-091cac69c924/datanode-5/data-0/containers/hdds
2021-02-14 01:49:37,440 [Thread-774] INFO  ozoneimpl.ContainerReader (ContainerReader.java:readVolume(150)) - Finish verifying containers on volume /github/workspace/mnt/ozone/hadoop-ozone/integration-test/target/test-dir/MiniOzoneClusterImpl-b3eef9e8-6bea-4ca1-9f7b-091cac69c924/datanode-5/data-0/containers/hdds
2021-02-14 01:49:37,440 [Listener at 127.0.0.1/42551] INFO  ozoneimpl.OzoneContainer (OzoneContainer.java:buildContainerSet(206)) - Build ContainerSet costs 0s
2021-02-14 01:49:37,442 [Listener at 127.0.0.1/42551] INFO  server.RaftServer (ConfUtils.java:logGet(44)) - raft.rpc.type = GRPC (default)
2021-02-14 01:49:37,442 [Listener at 127.0.0.1/42551] INFO  grpc.GrpcFactory (GrpcFactory.java:checkPooledByteBufAllocatorUseCacheForAllThreads(48)) - PERFORMANCE WARNING: useCacheForAllThreads is true that may cause Netty to create a lot garbage objects and, as a result, trigger GC.
	It is recommended to disable useCacheForAllThreads by setting -Dorg.apache.ratis.thirdparty.io.netty.allocator.useCacheForAllThreads=false in command line.
2021-02-14 01:49:37,442 [Listener at 127.0.0.1/42551] INFO  grpc.GrpcConfigKeys (ConfUtils.java:logGet(44)) - raft.grpc.admin.port = 0 (custom)
2021-02-14 01:49:37,443 [Listener at 127.0.0.1/42551] INFO  grpc.GrpcConfigKeys (ConfUtils.java:logGet(44)) - raft.grpc.client.port = 0 (custom)
2021-02-14 01:49:37,443 [Listener at 127.0.0.1/42551] INFO  grpc.GrpcConfigKeys (ConfUtils.java:logGet(44)) - raft.grpc.server.port = 0 (default)
2021-02-14 01:49:37,443 [Listener at 127.0.0.1/42551] INFO  server.GrpcService (ConfUtils.java:logGet(44)) - raft.grpc.message.size.max = 32MB (=33554432) (custom)
2021-02-14 01:49:37,443 [Listener at 127.0.0.1/42551] INFO  server.RaftServerConfigKeys (ConfUtils.java:logGet(44)) - raft.server.log.appender.buffer.byte-limit = 33554432 (custom)
2021-02-14 01:49:37,443 [Listener at 127.0.0.1/42551] INFO  server.GrpcService (ConfUtils.java:logGet(44)) - raft.grpc.flow.control.window = 5MB (=5242880) (custom)
2021-02-14 01:49:37,444 [Listener at 127.0.0.1/42551] INFO  server.RaftServerConfigKeys (ConfUtils.java:logGet(44)) - raft.server.rpc.request.timeout = 3000ms (default)
2021-02-14 01:49:37,445 [Listener at 127.0.0.1/42551] INFO  impl.DataStreamServerImpl (ConfUtils.java:logGet(44)) - raft.datastream.type = DISABLED (default)
2021-02-14 01:49:37,445 [Listener at 127.0.0.1/42551] INFO  server.RaftServerConfigKeys (ConfUtils.java:logGet(44)) - raft.server.rpc.slowness.timeout = 300000ms (custom)
2021-02-14 01:49:37,445 [Listener at 127.0.0.1/42551] INFO  server.RaftServerConfigKeys (ConfUtils.java:logGet(44)) - raft.server.leaderelection.leader.step-down.wait-time = 10s (default)
2021-02-14 01:49:37,445 [Listener at 127.0.0.1/42551] INFO  server.RaftServerConfigKeys (ConfUtils.java:logGet(44)) - raft.server.storage.dir = [/github/workspace/mnt/ozone/hadoop-ozone/integration-test/target/test-dir/MiniOzoneClusterImpl-b3eef9e8-6bea-4ca1-9f7b-091cac69c924/datanode-5/data/ratis] (custom)
2021-02-14 01:49:37,455 [Listener at 127.0.0.1/42551] INFO  http.BaseHttpServer (BaseHttpServer.java:newHttpServer2BuilderForOzone(207)) - Starting Web-server for hddsDatanode at: http://0.0.0.0:0
2021-02-14 01:49:37,455 [Listener at 127.0.0.1/42551] INFO  http.BaseHttpServer (BaseHttpServer.java:<init>(106)) - Hadoop Security Enabled: false Ozone Security Enabled: false Ozone HTTP Security Enabled: false 
2021-02-14 01:49:37,456 [Listener at 127.0.0.1/42551] INFO  server.AuthenticationFilter (AuthenticationFilter.java:constructSecretProvider(240)) - Unable to initialize FileSignerSecretProvider, falling back to use random secrets.
2021-02-14 01:49:37,457 [Listener at 127.0.0.1/42551] WARN  http.HttpRequestLog (HttpRequestLog.java:getRequestLog(103)) - Jetty request log can only be enabled using Log4j
2021-02-14 01:49:37,457 [Listener at 127.0.0.1/42551] INFO  http.HttpServer2 (HttpServer2.java:addGlobalFilter(1020)) - Added global filter 'safety' (class=org.apache.hadoop.hdds.server.http.HttpServer2$QuotingInputFilter)
2021-02-14 01:49:37,458 [Listener at 127.0.0.1/42551] INFO  http.HttpServer2 (HttpServer2.java:addFilter(996)) - Added filter static_user_filter (class=org.apache.hadoop.http.lib.StaticUserWebFilter$StaticUserFilter) to context hddsDatanode
2021-02-14 01:49:37,458 [Listener at 127.0.0.1/42551] INFO  http.HttpServer2 (HttpServer2.java:addFilter(1004)) - Added filter static_user_filter (class=org.apache.hadoop.http.lib.StaticUserWebFilter$StaticUserFilter) to context static
2021-02-14 01:49:37,458 [Listener at 127.0.0.1/42551] INFO  http.HttpServer2 (HttpServer2.java:addFilter(1004)) - Added filter static_user_filter (class=org.apache.hadoop.http.lib.StaticUserWebFilter$StaticUserFilter) to context logs
2021-02-14 01:49:37,459 [Listener at 127.0.0.1/42551] INFO  http.HttpServer2 (HttpServer2.java:bindListener(1238)) - Jetty bound to port 33361
2021-02-14 01:49:37,459 [Listener at 127.0.0.1/42551] INFO  server.Server (Server.java:doStart(375)) - jetty-9.4.34.v20201102; built: 2020-11-02T14:15:39.302Z; git: e46af88704a893fc12cb0e3bf46e2c7b48a009e7; jvm 1.8.0_232-b09
2021-02-14 01:49:37,460 [Listener at 127.0.0.1/42551] INFO  server.session (DefaultSessionIdManager.java:doStart(334)) - DefaultSessionIdManager workerName=node0
2021-02-14 01:49:37,460 [Listener at 127.0.0.1/42551] INFO  server.session (DefaultSessionIdManager.java:doStart(339)) - No SessionScavenger set, using defaults
2021-02-14 01:49:37,461 [Listener at 127.0.0.1/42551] INFO  server.session (HouseKeeper.java:startScavenging(132)) - node0 Scavenging every 600000ms
2021-02-14 01:49:37,464 [Listener at 127.0.0.1/42551] INFO  handler.ContextHandler (ContextHandler.java:doStart(916)) - Started o.e.j.s.ServletContextHandler@473a66a0{logs,/logs,file:///github/workspace/mnt/ozone/hadoop-ozone/integration-test/target/log,AVAILABLE}
2021-02-14 01:49:37,465 [Listener at 127.0.0.1/42551] INFO  handler.ContextHandler (ContextHandler.java:doStart(916)) - Started o.e.j.s.ServletContextHandler@49c50140{static,/static,jar:file:/home/user/.m2/repository/org/apache/hadoop/hadoop-hdds-container-service/1.1.0-SNAPSHOT/hadoop-hdds-container-service-1.1.0-SNAPSHOT.jar!/webapps/static,AVAILABLE}
2021-02-14 01:49:37,640 [Listener at 127.0.0.1/42551] INFO  handler.ContextHandler (ContextHandler.java:doStart(916)) - Started o.e.j.w.WebAppContext@668d6dc7{hddsDatanode,/,file:///tmp/jetty-0_0_0_0-33361-hadoop-hdds-container-service-1_1_0-SNAPSHOT_jar-_-any-5318477021294543343/webapp/,AVAILABLE}{jar:file:/home/user/.m2/repository/org/apache/hadoop/hadoop-hdds-container-service/1.1.0-SNAPSHOT/hadoop-hdds-container-service-1.1.0-SNAPSHOT.jar!/webapps/hddsDatanode}
2021-02-14 01:49:37,641 [Listener at 127.0.0.1/42551] INFO  server.AbstractConnector (AbstractConnector.java:doStart(331)) - Started ServerConnector@4daa4a5a{HTTP/1.1, (http/1.1)}{0.0.0.0:33361}
2021-02-14 01:49:37,641 [Listener at 127.0.0.1/42551] INFO  server.Server (Server.java:doStart(415)) - Started @74107ms
2021-02-14 01:49:37,642 [Listener at 127.0.0.1/42551] WARN  impl.MetricsSystemImpl (MetricsSystemImpl.java:register(279)) - Sink prometheus already exists!
2021-02-14 01:49:37,646 [Listener at 127.0.0.1/42551] INFO  http.BaseHttpServer (BaseHttpServer.java:updateConnectorAddress(327)) - HTTP server of hddsDatanode listening at http://0.0.0.0:33361
2021-02-14 01:49:37,647 [Listener at 127.0.0.1/42551] INFO  impl.MetricsSystemImpl (MetricsSystemImpl.java:init(158)) - HddsDatanode metrics system started (again)
2021-02-14 01:49:37,650 [Listener at 127.0.0.1/42551] INFO  ozone.HddsDatanodeService (HddsDatanodeService.java:start(217)) - HddsDatanodeService host:9cc4fcda0858 ip:172.17.0.2
2021-02-14 01:49:37,650 [org.apache.hadoop.util.JvmPauseMonitor$Monitor@3a1a91a6] INFO  util.JvmPauseMonitor (JvmPauseMonitor.java:run(188)) - Starting JVM pause monitor
2021-02-14 01:49:37,652 [Listener at 127.0.0.1/42551] INFO  volume.HddsVolume (HddsVolume.java:<init>(176)) - Creating Volume: /github/workspace/mnt/ozone/hadoop-ozone/integration-test/target/test-dir/MiniOzoneClusterImpl-b3eef9e8-6bea-4ca1-9f7b-091cac69c924/datanode-6/data-0/containers/hdds of storage type : DISK and capacity : 9223372036854775807
2021-02-14 01:49:37,652 [Listener at 127.0.0.1/42551] INFO  volume.MutableVolumeSet (MutableVolumeSet.java:initializeVolumeSet(179)) - Added Volume : /github/workspace/mnt/ozone/hadoop-ozone/integration-test/target/test-dir/MiniOzoneClusterImpl-b3eef9e8-6bea-4ca1-9f7b-091cac69c924/datanode-6/data-0/containers/hdds to VolumeSet
2021-02-14 01:49:37,652 [Listener at 127.0.0.1/42551] INFO  volume.ThrottledAsyncChecker (ThrottledAsyncChecker.java:schedule(141)) - Scheduling a check for /github/workspace/mnt/ozone/hadoop-ozone/integration-test/target/test-dir/MiniOzoneClusterImpl-b3eef9e8-6bea-4ca1-9f7b-091cac69c924/datanode-6/data-0/containers/hdds
2021-02-14 01:49:37,653 [Listener at 127.0.0.1/42551] INFO  volume.HddsVolumeChecker (HddsVolumeChecker.java:checkAllVolumes(200)) - Scheduled health check for volume /github/workspace/mnt/ozone/hadoop-ozone/integration-test/target/test-dir/MiniOzoneClusterImpl-b3eef9e8-6bea-4ca1-9f7b-091cac69c924/datanode-6/data-0/containers/hdds
2021-02-14 01:49:37,656 [Datanode State Machine Task Thread - 0] INFO  datanode.InitDatanodeState (InitDatanodeState.java:persistContainerDatanodeDetails(145)) - DatanodeDetails is persisted to /github/workspace/mnt/ozone/hadoop-ozone/integration-test/target/test-dir/MiniOzoneClusterImpl-b3eef9e8-6bea-4ca1-9f7b-091cac69c924/datanode-5/meta/datanode.id
2021-02-14 01:49:37,666 [Thread-785] INFO  ozoneimpl.ContainerReader (ContainerReader.java:readVolume(125)) - Start to verify containers on volume /github/workspace/mnt/ozone/hadoop-ozone/integration-test/target/test-dir/MiniOzoneClusterImpl-b3eef9e8-6bea-4ca1-9f7b-091cac69c924/datanode-6/data-0/containers/hdds
2021-02-14 01:49:37,666 [Thread-785] INFO  ozoneimpl.ContainerReader (ContainerReader.java:readVolume(150)) - Finish verifying containers on volume /github/workspace/mnt/ozone/hadoop-ozone/integration-test/target/test-dir/MiniOzoneClusterImpl-b3eef9e8-6bea-4ca1-9f7b-091cac69c924/datanode-6/data-0/containers/hdds
2021-02-14 01:49:37,666 [Listener at 127.0.0.1/42551] INFO  ozoneimpl.OzoneContainer (OzoneContainer.java:buildContainerSet(206)) - Build ContainerSet costs 0s
2021-02-14 01:49:37,668 [Listener at 127.0.0.1/42551] INFO  server.RaftServer (ConfUtils.java:logGet(44)) - raft.rpc.type = GRPC (default)
2021-02-14 01:49:37,669 [Listener at 127.0.0.1/42551] INFO  grpc.GrpcFactory (GrpcFactory.java:checkPooledByteBufAllocatorUseCacheForAllThreads(48)) - PERFORMANCE WARNING: useCacheForAllThreads is true that may cause Netty to create a lot garbage objects and, as a result, trigger GC.
	It is recommended to disable useCacheForAllThreads by setting -Dorg.apache.ratis.thirdparty.io.netty.allocator.useCacheForAllThreads=false in command line.
2021-02-14 01:49:37,669 [Listener at 127.0.0.1/42551] INFO  grpc.GrpcConfigKeys (ConfUtils.java:logGet(44)) - raft.grpc.admin.port = 0 (custom)
2021-02-14 01:49:37,669 [Listener at 127.0.0.1/42551] INFO  grpc.GrpcConfigKeys (ConfUtils.java:logGet(44)) - raft.grpc.client.port = 0 (custom)
2021-02-14 01:49:37,669 [Listener at 127.0.0.1/42551] INFO  grpc.GrpcConfigKeys (ConfUtils.java:logGet(44)) - raft.grpc.server.port = 0 (default)
2021-02-14 01:49:37,669 [Listener at 127.0.0.1/42551] INFO  server.GrpcService (ConfUtils.java:logGet(44)) - raft.grpc.message.size.max = 32MB (=33554432) (custom)
2021-02-14 01:49:37,670 [Listener at 127.0.0.1/42551] INFO  server.RaftServerConfigKeys (ConfUtils.java:logGet(44)) - raft.server.log.appender.buffer.byte-limit = 33554432 (custom)
2021-02-14 01:49:37,670 [Listener at 127.0.0.1/42551] INFO  server.GrpcService (ConfUtils.java:logGet(44)) - raft.grpc.flow.control.window = 5MB (=5242880) (custom)
2021-02-14 01:49:37,670 [Listener at 127.0.0.1/42551] INFO  server.RaftServerConfigKeys (ConfUtils.java:logGet(44)) - raft.server.rpc.request.timeout = 3000ms (default)
2021-02-14 01:49:37,671 [Listener at 127.0.0.1/42551] INFO  impl.DataStreamServerImpl (ConfUtils.java:logGet(44)) - raft.datastream.type = DISABLED (default)
2021-02-14 01:49:37,671 [Listener at 127.0.0.1/42551] INFO  server.RaftServerConfigKeys (ConfUtils.java:logGet(44)) - raft.server.rpc.slowness.timeout = 300000ms (custom)
2021-02-14 01:49:37,671 [Listener at 127.0.0.1/42551] INFO  server.RaftServerConfigKeys (ConfUtils.java:logGet(44)) - raft.server.leaderelection.leader.step-down.wait-time = 10s (default)
2021-02-14 01:49:37,672 [Listener at 127.0.0.1/42551] INFO  server.RaftServerConfigKeys (ConfUtils.java:logGet(44)) - raft.server.storage.dir = [/github/workspace/mnt/ozone/hadoop-ozone/integration-test/target/test-dir/MiniOzoneClusterImpl-b3eef9e8-6bea-4ca1-9f7b-091cac69c924/datanode-6/data/ratis] (custom)
2021-02-14 01:49:37,685 [Listener at 127.0.0.1/42551] INFO  http.BaseHttpServer (BaseHttpServer.java:newHttpServer2BuilderForOzone(207)) - Starting Web-server for hddsDatanode at: http://0.0.0.0:0
2021-02-14 01:49:37,686 [Listener at 127.0.0.1/42551] INFO  http.BaseHttpServer (BaseHttpServer.java:<init>(106)) - Hadoop Security Enabled: false Ozone Security Enabled: false Ozone HTTP Security Enabled: false 
2021-02-14 01:49:37,687 [Listener at 127.0.0.1/42551] INFO  server.AuthenticationFilter (AuthenticationFilter.java:constructSecretProvider(240)) - Unable to initialize FileSignerSecretProvider, falling back to use random secrets.
2021-02-14 01:49:37,687 [Listener at 127.0.0.1/42551] WARN  http.HttpRequestLog (HttpRequestLog.java:getRequestLog(103)) - Jetty request log can only be enabled using Log4j
2021-02-14 01:49:37,688 [Listener at 127.0.0.1/42551] INFO  http.HttpServer2 (HttpServer2.java:addGlobalFilter(1020)) - Added global filter 'safety' (class=org.apache.hadoop.hdds.server.http.HttpServer2$QuotingInputFilter)
2021-02-14 01:49:37,689 [Listener at 127.0.0.1/42551] INFO  http.HttpServer2 (HttpServer2.java:addFilter(996)) - Added filter static_user_filter (class=org.apache.hadoop.http.lib.StaticUserWebFilter$StaticUserFilter) to context hddsDatanode
2021-02-14 01:49:37,689 [Listener at 127.0.0.1/42551] INFO  http.HttpServer2 (HttpServer2.java:addFilter(1004)) - Added filter static_user_filter (class=org.apache.hadoop.http.lib.StaticUserWebFilter$StaticUserFilter) to context logs
2021-02-14 01:49:37,689 [Listener at 127.0.0.1/42551] INFO  http.HttpServer2 (HttpServer2.java:addFilter(1004)) - Added filter static_user_filter (class=org.apache.hadoop.http.lib.StaticUserWebFilter$StaticUserFilter) to context static
2021-02-14 01:49:37,690 [Listener at 127.0.0.1/42551] INFO  http.HttpServer2 (HttpServer2.java:bindListener(1238)) - Jetty bound to port 39671
2021-02-14 01:49:37,690 [Listener at 127.0.0.1/42551] INFO  server.Server (Server.java:doStart(375)) - jetty-9.4.34.v20201102; built: 2020-11-02T14:15:39.302Z; git: e46af88704a893fc12cb0e3bf46e2c7b48a009e7; jvm 1.8.0_232-b09
2021-02-14 01:49:37,697 [Listener at 127.0.0.1/42551] INFO  server.session (DefaultSessionIdManager.java:doStart(334)) - DefaultSessionIdManager workerName=node0
2021-02-14 01:49:37,697 [Listener at 127.0.0.1/42551] INFO  server.session (DefaultSessionIdManager.java:doStart(339)) - No SessionScavenger set, using defaults
2021-02-14 01:49:37,697 [Listener at 127.0.0.1/42551] INFO  server.session (HouseKeeper.java:startScavenging(132)) - node0 Scavenging every 600000ms
2021-02-14 01:49:37,698 [Listener at 127.0.0.1/42551] INFO  handler.ContextHandler (ContextHandler.java:doStart(916)) - Started o.e.j.s.ServletContextHandler@3f0c27dc{logs,/logs,file:///github/workspace/mnt/ozone/hadoop-ozone/integration-test/target/log,AVAILABLE}
2021-02-14 01:49:37,698 [Listener at 127.0.0.1/42551] INFO  handler.ContextHandler (ContextHandler.java:doStart(916)) - Started o.e.j.s.ServletContextHandler@5c6e4d6b{static,/static,jar:file:/home/user/.m2/repository/org/apache/hadoop/hadoop-hdds-container-service/1.1.0-SNAPSHOT/hadoop-hdds-container-service-1.1.0-SNAPSHOT.jar!/webapps/static,AVAILABLE}
2021-02-14 01:49:37,859 [Listener at 127.0.0.1/42551] INFO  handler.ContextHandler (ContextHandler.java:doStart(916)) - Started o.e.j.w.WebAppContext@5ac3a89d{hddsDatanode,/,file:///tmp/jetty-0_0_0_0-39671-hadoop-hdds-container-service-1_1_0-SNAPSHOT_jar-_-any-7346255436937427885/webapp/,AVAILABLE}{jar:file:/home/user/.m2/repository/org/apache/hadoop/hadoop-hdds-container-service/1.1.0-SNAPSHOT/hadoop-hdds-container-service-1.1.0-SNAPSHOT.jar!/webapps/hddsDatanode}
2021-02-14 01:49:37,861 [Listener at 127.0.0.1/42551] INFO  server.AbstractConnector (AbstractConnector.java:doStart(331)) - Started ServerConnector@5a2c6a67{HTTP/1.1, (http/1.1)}{0.0.0.0:39671}
2021-02-14 01:49:37,861 [Listener at 127.0.0.1/42551] INFO  server.Server (Server.java:doStart(415)) - Started @74326ms
2021-02-14 01:49:37,861 [Listener at 127.0.0.1/42551] WARN  impl.MetricsSystemImpl (MetricsSystemImpl.java:register(279)) - Sink prometheus already exists!
2021-02-14 01:49:37,865 [Listener at 127.0.0.1/42551] INFO  http.BaseHttpServer (BaseHttpServer.java:updateConnectorAddress(327)) - HTTP server of hddsDatanode listening at http://0.0.0.0:39671
2021-02-14 01:49:37,867 [Listener at 127.0.0.1/42551] INFO  impl.MetricsSystemImpl (MetricsSystemImpl.java:init(158)) - HddsDatanode metrics system started (again)
2021-02-14 01:49:37,869 [Listener at 127.0.0.1/42551] INFO  ozone.HddsDatanodeService (HddsDatanodeService.java:start(217)) - HddsDatanodeService host:9cc4fcda0858 ip:172.17.0.2
2021-02-14 01:49:37,870 [org.apache.hadoop.util.JvmPauseMonitor$Monitor@4f023fca] INFO  util.JvmPauseMonitor (JvmPauseMonitor.java:run(188)) - Starting JVM pause monitor
2021-02-14 01:49:37,871 [Listener at 127.0.0.1/42551] INFO  volume.HddsVolume (HddsVolume.java:<init>(176)) - Creating Volume: /github/workspace/mnt/ozone/hadoop-ozone/integration-test/target/test-dir/MiniOzoneClusterImpl-b3eef9e8-6bea-4ca1-9f7b-091cac69c924/datanode-7/data-0/containers/hdds of storage type : DISK and capacity : 9223372036854775807
2021-02-14 01:49:37,871 [Listener at 127.0.0.1/42551] INFO  volume.MutableVolumeSet (MutableVolumeSet.java:initializeVolumeSet(179)) - Added Volume : /github/workspace/mnt/ozone/hadoop-ozone/integration-test/target/test-dir/MiniOzoneClusterImpl-b3eef9e8-6bea-4ca1-9f7b-091cac69c924/datanode-7/data-0/containers/hdds to VolumeSet
2021-02-14 01:49:37,871 [Listener at 127.0.0.1/42551] INFO  volume.ThrottledAsyncChecker (ThrottledAsyncChecker.java:schedule(141)) - Scheduling a check for /github/workspace/mnt/ozone/hadoop-ozone/integration-test/target/test-dir/MiniOzoneClusterImpl-b3eef9e8-6bea-4ca1-9f7b-091cac69c924/datanode-7/data-0/containers/hdds
2021-02-14 01:49:37,872 [Listener at 127.0.0.1/42551] INFO  volume.HddsVolumeChecker (HddsVolumeChecker.java:checkAllVolumes(200)) - Scheduled health check for volume /github/workspace/mnt/ozone/hadoop-ozone/integration-test/target/test-dir/MiniOzoneClusterImpl-b3eef9e8-6bea-4ca1-9f7b-091cac69c924/datanode-7/data-0/containers/hdds
2021-02-14 01:49:37,881 [Datanode State Machine Task Thread - 0] INFO  datanode.InitDatanodeState (InitDatanodeState.java:persistContainerDatanodeDetails(145)) - DatanodeDetails is persisted to /github/workspace/mnt/ozone/hadoop-ozone/integration-test/target/test-dir/MiniOzoneClusterImpl-b3eef9e8-6bea-4ca1-9f7b-091cac69c924/datanode-6/meta/datanode.id
2021-02-14 01:49:37,890 [Thread-796] INFO  ozoneimpl.ContainerReader (ContainerReader.java:readVolume(125)) - Start to verify containers on volume /github/workspace/mnt/ozone/hadoop-ozone/integration-test/target/test-dir/MiniOzoneClusterImpl-b3eef9e8-6bea-4ca1-9f7b-091cac69c924/datanode-7/data-0/containers/hdds
2021-02-14 01:49:37,890 [Thread-796] INFO  ozoneimpl.ContainerReader (ContainerReader.java:readVolume(150)) - Finish verifying containers on volume /github/workspace/mnt/ozone/hadoop-ozone/integration-test/target/test-dir/MiniOzoneClusterImpl-b3eef9e8-6bea-4ca1-9f7b-091cac69c924/datanode-7/data-0/containers/hdds
2021-02-14 01:49:37,890 [Listener at 127.0.0.1/42551] INFO  ozoneimpl.OzoneContainer (OzoneContainer.java:buildContainerSet(206)) - Build ContainerSet costs 0s
2021-02-14 01:49:37,892 [Listener at 127.0.0.1/42551] INFO  server.RaftServer (ConfUtils.java:logGet(44)) - raft.rpc.type = GRPC (default)
2021-02-14 01:49:37,892 [Listener at 127.0.0.1/42551] INFO  grpc.GrpcFactory (GrpcFactory.java:checkPooledByteBufAllocatorUseCacheForAllThreads(48)) - PERFORMANCE WARNING: useCacheForAllThreads is true that may cause Netty to create a lot garbage objects and, as a result, trigger GC.
	It is recommended to disable useCacheForAllThreads by setting -Dorg.apache.ratis.thirdparty.io.netty.allocator.useCacheForAllThreads=false in command line.
2021-02-14 01:49:37,893 [Listener at 127.0.0.1/42551] INFO  grpc.GrpcConfigKeys (ConfUtils.java:logGet(44)) - raft.grpc.admin.port = 0 (custom)
2021-02-14 01:49:37,893 [Listener at 127.0.0.1/42551] INFO  grpc.GrpcConfigKeys (ConfUtils.java:logGet(44)) - raft.grpc.client.port = 0 (custom)
2021-02-14 01:49:37,893 [Listener at 127.0.0.1/42551] INFO  grpc.GrpcConfigKeys (ConfUtils.java:logGet(44)) - raft.grpc.server.port = 0 (default)
2021-02-14 01:49:37,893 [Listener at 127.0.0.1/42551] INFO  server.GrpcService (ConfUtils.java:logGet(44)) - raft.grpc.message.size.max = 32MB (=33554432) (custom)
2021-02-14 01:49:37,893 [Listener at 127.0.0.1/42551] INFO  server.RaftServerConfigKeys (ConfUtils.java:logGet(44)) - raft.server.log.appender.buffer.byte-limit = 33554432 (custom)
2021-02-14 01:49:37,894 [Listener at 127.0.0.1/42551] INFO  server.GrpcService (ConfUtils.java:logGet(44)) - raft.grpc.flow.control.window = 5MB (=5242880) (custom)
2021-02-14 01:49:37,894 [Listener at 127.0.0.1/42551] INFO  server.RaftServerConfigKeys (ConfUtils.java:logGet(44)) - raft.server.rpc.request.timeout = 3000ms (default)
2021-02-14 01:49:37,895 [Listener at 127.0.0.1/42551] INFO  impl.DataStreamServerImpl (ConfUtils.java:logGet(44)) - raft.datastream.type = DISABLED (default)
2021-02-14 01:49:37,895 [Listener at 127.0.0.1/42551] INFO  server.RaftServerConfigKeys (ConfUtils.java:logGet(44)) - raft.server.rpc.slowness.timeout = 300000ms (custom)
2021-02-14 01:49:37,895 [Listener at 127.0.0.1/42551] INFO  server.RaftServerConfigKeys (ConfUtils.java:logGet(44)) - raft.server.leaderelection.leader.step-down.wait-time = 10s (default)
2021-02-14 01:49:37,895 [Listener at 127.0.0.1/42551] INFO  server.RaftServerConfigKeys (ConfUtils.java:logGet(44)) - raft.server.storage.dir = [/github/workspace/mnt/ozone/hadoop-ozone/integration-test/target/test-dir/MiniOzoneClusterImpl-b3eef9e8-6bea-4ca1-9f7b-091cac69c924/datanode-7/data/ratis] (custom)
2021-02-14 01:49:37,901 [Listener at 127.0.0.1/42551] INFO  http.BaseHttpServer (BaseHttpServer.java:newHttpServer2BuilderForOzone(207)) - Starting Web-server for hddsDatanode at: http://0.0.0.0:0
2021-02-14 01:49:37,901 [Listener at 127.0.0.1/42551] INFO  http.BaseHttpServer (BaseHttpServer.java:<init>(106)) - Hadoop Security Enabled: false Ozone Security Enabled: false Ozone HTTP Security Enabled: false 
2021-02-14 01:49:37,905 [Listener at 127.0.0.1/42551] INFO  server.AuthenticationFilter (AuthenticationFilter.java:constructSecretProvider(240)) - Unable to initialize FileSignerSecretProvider, falling back to use random secrets.
2021-02-14 01:49:37,906 [Listener at 127.0.0.1/42551] WARN  http.HttpRequestLog (HttpRequestLog.java:getRequestLog(103)) - Jetty request log can only be enabled using Log4j
2021-02-14 01:49:37,907 [Listener at 127.0.0.1/42551] INFO  http.HttpServer2 (HttpServer2.java:addGlobalFilter(1020)) - Added global filter 'safety' (class=org.apache.hadoop.hdds.server.http.HttpServer2$QuotingInputFilter)
2021-02-14 01:49:37,914 [Listener at 127.0.0.1/42551] INFO  http.HttpServer2 (HttpServer2.java:addFilter(996)) - Added filter static_user_filter (class=org.apache.hadoop.http.lib.StaticUserWebFilter$StaticUserFilter) to context hddsDatanode
2021-02-14 01:49:37,914 [Listener at 127.0.0.1/42551] INFO  http.HttpServer2 (HttpServer2.java:addFilter(1004)) - Added filter static_user_filter (class=org.apache.hadoop.http.lib.StaticUserWebFilter$StaticUserFilter) to context logs
2021-02-14 01:49:37,914 [Listener at 127.0.0.1/42551] INFO  http.HttpServer2 (HttpServer2.java:addFilter(1004)) - Added filter static_user_filter (class=org.apache.hadoop.http.lib.StaticUserWebFilter$StaticUserFilter) to context static
2021-02-14 01:49:37,915 [Listener at 127.0.0.1/42551] INFO  http.HttpServer2 (HttpServer2.java:bindListener(1238)) - Jetty bound to port 34547
2021-02-14 01:49:37,916 [Listener at 127.0.0.1/42551] INFO  server.Server (Server.java:doStart(375)) - jetty-9.4.34.v20201102; built: 2020-11-02T14:15:39.302Z; git: e46af88704a893fc12cb0e3bf46e2c7b48a009e7; jvm 1.8.0_232-b09
2021-02-14 01:49:37,921 [Listener at 127.0.0.1/42551] INFO  server.session (DefaultSessionIdManager.java:doStart(334)) - DefaultSessionIdManager workerName=node0
2021-02-14 01:49:37,921 [Listener at 127.0.0.1/42551] INFO  server.session (DefaultSessionIdManager.java:doStart(339)) - No SessionScavenger set, using defaults
2021-02-14 01:49:37,930 [Listener at 127.0.0.1/42551] INFO  server.session (HouseKeeper.java:startScavenging(132)) - node0 Scavenging every 600000ms
2021-02-14 01:49:37,931 [Listener at 127.0.0.1/42551] INFO  handler.ContextHandler (ContextHandler.java:doStart(916)) - Started o.e.j.s.ServletContextHandler@24fb3e2a{logs,/logs,file:///github/workspace/mnt/ozone/hadoop-ozone/integration-test/target/log,AVAILABLE}
2021-02-14 01:49:37,931 [Listener at 127.0.0.1/42551] INFO  handler.ContextHandler (ContextHandler.java:doStart(916)) - Started o.e.j.s.ServletContextHandler@66e33cea{static,/static,jar:file:/home/user/.m2/repository/org/apache/hadoop/hadoop-hdds-container-service/1.1.0-SNAPSHOT/hadoop-hdds-container-service-1.1.0-SNAPSHOT.jar!/webapps/static,AVAILABLE}
2021-02-14 01:49:38,110 [Listener at 127.0.0.1/42551] INFO  handler.ContextHandler (ContextHandler.java:doStart(916)) - Started o.e.j.w.WebAppContext@108b257f{hddsDatanode,/,file:///tmp/jetty-0_0_0_0-34547-hadoop-hdds-container-service-1_1_0-SNAPSHOT_jar-_-any-3400076503170083435/webapp/,AVAILABLE}{jar:file:/home/user/.m2/repository/org/apache/hadoop/hadoop-hdds-container-service/1.1.0-SNAPSHOT/hadoop-hdds-container-service-1.1.0-SNAPSHOT.jar!/webapps/hddsDatanode}
2021-02-14 01:49:38,113 [Listener at 127.0.0.1/42551] INFO  server.AbstractConnector (AbstractConnector.java:doStart(331)) - Started ServerConnector@4288c5a8{HTTP/1.1, (http/1.1)}{0.0.0.0:34547}
2021-02-14 01:49:38,113 [Listener at 127.0.0.1/42551] INFO  server.Server (Server.java:doStart(415)) - Started @74579ms
2021-02-14 01:49:38,113 [Listener at 127.0.0.1/42551] WARN  impl.MetricsSystemImpl (MetricsSystemImpl.java:register(279)) - Sink prometheus already exists!
2021-02-14 01:49:38,117 [Listener at 127.0.0.1/42551] INFO  http.BaseHttpServer (BaseHttpServer.java:updateConnectorAddress(327)) - HTTP server of hddsDatanode listening at http://0.0.0.0:34547
2021-02-14 01:49:38,118 [Listener at 127.0.0.1/42551] INFO  impl.MetricsSystemImpl (MetricsSystemImpl.java:init(158)) - HddsDatanode metrics system started (again)
2021-02-14 01:49:38,121 [Listener at 127.0.0.1/42551] INFO  ozone.HddsDatanodeService (HddsDatanodeService.java:start(217)) - HddsDatanodeService host:9cc4fcda0858 ip:172.17.0.2
2021-02-14 01:49:38,122 [org.apache.hadoop.util.JvmPauseMonitor$Monitor@1f2092a8] INFO  util.JvmPauseMonitor (JvmPauseMonitor.java:run(188)) - Starting JVM pause monitor
2021-02-14 01:49:38,123 [Listener at 127.0.0.1/42551] INFO  volume.HddsVolume (HddsVolume.java:<init>(176)) - Creating Volume: /github/workspace/mnt/ozone/hadoop-ozone/integration-test/target/test-dir/MiniOzoneClusterImpl-b3eef9e8-6bea-4ca1-9f7b-091cac69c924/datanode-8/data-0/containers/hdds of storage type : DISK and capacity : 9223372036854775807
2021-02-14 01:49:38,124 [Listener at 127.0.0.1/42551] INFO  volume.MutableVolumeSet (MutableVolumeSet.java:initializeVolumeSet(179)) - Added Volume : /github/workspace/mnt/ozone/hadoop-ozone/integration-test/target/test-dir/MiniOzoneClusterImpl-b3eef9e8-6bea-4ca1-9f7b-091cac69c924/datanode-8/data-0/containers/hdds to VolumeSet
2021-02-14 01:49:38,124 [Listener at 127.0.0.1/42551] INFO  volume.ThrottledAsyncChecker (ThrottledAsyncChecker.java:schedule(141)) - Scheduling a check for /github/workspace/mnt/ozone/hadoop-ozone/integration-test/target/test-dir/MiniOzoneClusterImpl-b3eef9e8-6bea-4ca1-9f7b-091cac69c924/datanode-8/data-0/containers/hdds
2021-02-14 01:49:38,124 [Datanode State Machine Task Thread - 0] INFO  datanode.InitDatanodeState (InitDatanodeState.java:persistContainerDatanodeDetails(145)) - DatanodeDetails is persisted to /github/workspace/mnt/ozone/hadoop-ozone/integration-test/target/test-dir/MiniOzoneClusterImpl-b3eef9e8-6bea-4ca1-9f7b-091cac69c924/datanode-7/meta/datanode.id
2021-02-14 01:49:38,124 [Listener at 127.0.0.1/42551] INFO  volume.HddsVolumeChecker (HddsVolumeChecker.java:checkAllVolumes(200)) - Scheduled health check for volume /github/workspace/mnt/ozone/hadoop-ozone/integration-test/target/test-dir/MiniOzoneClusterImpl-b3eef9e8-6bea-4ca1-9f7b-091cac69c924/datanode-8/data-0/containers/hdds
2021-02-14 01:49:38,136 [Thread-807] INFO  ozoneimpl.ContainerReader (ContainerReader.java:readVolume(125)) - Start to verify containers on volume /github/workspace/mnt/ozone/hadoop-ozone/integration-test/target/test-dir/MiniOzoneClusterImpl-b3eef9e8-6bea-4ca1-9f7b-091cac69c924/datanode-8/data-0/containers/hdds
2021-02-14 01:49:38,136 [Thread-807] INFO  ozoneimpl.ContainerReader (ContainerReader.java:readVolume(150)) - Finish verifying containers on volume /github/workspace/mnt/ozone/hadoop-ozone/integration-test/target/test-dir/MiniOzoneClusterImpl-b3eef9e8-6bea-4ca1-9f7b-091cac69c924/datanode-8/data-0/containers/hdds
2021-02-14 01:49:38,136 [Listener at 127.0.0.1/42551] INFO  ozoneimpl.OzoneContainer (OzoneContainer.java:buildContainerSet(206)) - Build ContainerSet costs 0s
2021-02-14 01:49:38,138 [Listener at 127.0.0.1/42551] INFO  server.RaftServer (ConfUtils.java:logGet(44)) - raft.rpc.type = GRPC (default)
2021-02-14 01:49:38,138 [Listener at 127.0.0.1/42551] INFO  grpc.GrpcFactory (GrpcFactory.java:checkPooledByteBufAllocatorUseCacheForAllThreads(48)) - PERFORMANCE WARNING: useCacheForAllThreads is true that may cause Netty to create a lot garbage objects and, as a result, trigger GC.
	It is recommended to disable useCacheForAllThreads by setting -Dorg.apache.ratis.thirdparty.io.netty.allocator.useCacheForAllThreads=false in command line.
2021-02-14 01:49:38,138 [Listener at 127.0.0.1/42551] INFO  grpc.GrpcConfigKeys (ConfUtils.java:logGet(44)) - raft.grpc.admin.port = 0 (custom)
2021-02-14 01:49:38,139 [Listener at 127.0.0.1/42551] INFO  grpc.GrpcConfigKeys (ConfUtils.java:logGet(44)) - raft.grpc.client.port = 0 (custom)
2021-02-14 01:49:38,139 [Listener at 127.0.0.1/42551] INFO  grpc.GrpcConfigKeys (ConfUtils.java:logGet(44)) - raft.grpc.server.port = 0 (default)
2021-02-14 01:49:38,139 [Listener at 127.0.0.1/42551] INFO  server.GrpcService (ConfUtils.java:logGet(44)) - raft.grpc.message.size.max = 32MB (=33554432) (custom)
2021-02-14 01:49:38,139 [Listener at 127.0.0.1/42551] INFO  server.RaftServerConfigKeys (ConfUtils.java:logGet(44)) - raft.server.log.appender.buffer.byte-limit = 33554432 (custom)
2021-02-14 01:49:38,139 [Listener at 127.0.0.1/42551] INFO  server.GrpcService (ConfUtils.java:logGet(44)) - raft.grpc.flow.control.window = 5MB (=5242880) (custom)
2021-02-14 01:49:38,139 [Listener at 127.0.0.1/42551] INFO  server.RaftServerConfigKeys (ConfUtils.java:logGet(44)) - raft.server.rpc.request.timeout = 3000ms (default)
2021-02-14 01:49:38,140 [Listener at 127.0.0.1/42551] INFO  impl.DataStreamServerImpl (ConfUtils.java:logGet(44)) - raft.datastream.type = DISABLED (default)
2021-02-14 01:49:38,141 [Listener at 127.0.0.1/42551] INFO  server.RaftServerConfigKeys (ConfUtils.java:logGet(44)) - raft.server.rpc.slowness.timeout = 300000ms (custom)
2021-02-14 01:49:38,141 [Listener at 127.0.0.1/42551] INFO  server.RaftServerConfigKeys (ConfUtils.java:logGet(44)) - raft.server.leaderelection.leader.step-down.wait-time = 10s (default)
2021-02-14 01:49:38,141 [Listener at 127.0.0.1/42551] INFO  server.RaftServerConfigKeys (ConfUtils.java:logGet(44)) - raft.server.storage.dir = [/github/workspace/mnt/ozone/hadoop-ozone/integration-test/target/test-dir/MiniOzoneClusterImpl-b3eef9e8-6bea-4ca1-9f7b-091cac69c924/datanode-8/data/ratis] (custom)
2021-02-14 01:49:38,149 [Listener at 127.0.0.1/42551] INFO  http.BaseHttpServer (BaseHttpServer.java:newHttpServer2BuilderForOzone(207)) - Starting Web-server for hddsDatanode at: http://0.0.0.0:0
2021-02-14 01:49:38,150 [Listener at 127.0.0.1/42551] INFO  http.BaseHttpServer (BaseHttpServer.java:<init>(106)) - Hadoop Security Enabled: false Ozone Security Enabled: false Ozone HTTP Security Enabled: false 
2021-02-14 01:49:38,151 [Listener at 127.0.0.1/42551] INFO  server.AuthenticationFilter (AuthenticationFilter.java:constructSecretProvider(240)) - Unable to initialize FileSignerSecretProvider, falling back to use random secrets.
2021-02-14 01:49:38,151 [Listener at 127.0.0.1/42551] WARN  http.HttpRequestLog (HttpRequestLog.java:getRequestLog(103)) - Jetty request log can only be enabled using Log4j
2021-02-14 01:49:38,152 [Listener at 127.0.0.1/42551] INFO  http.HttpServer2 (HttpServer2.java:addGlobalFilter(1020)) - Added global filter 'safety' (class=org.apache.hadoop.hdds.server.http.HttpServer2$QuotingInputFilter)
2021-02-14 01:49:38,153 [Listener at 127.0.0.1/42551] INFO  http.HttpServer2 (HttpServer2.java:addFilter(996)) - Added filter static_user_filter (class=org.apache.hadoop.http.lib.StaticUserWebFilter$StaticUserFilter) to context hddsDatanode
2021-02-14 01:49:38,153 [Listener at 127.0.0.1/42551] INFO  http.HttpServer2 (HttpServer2.java:addFilter(1004)) - Added filter static_user_filter (class=org.apache.hadoop.http.lib.StaticUserWebFilter$StaticUserFilter) to context logs
2021-02-14 01:49:38,153 [Listener at 127.0.0.1/42551] INFO  http.HttpServer2 (HttpServer2.java:addFilter(1004)) - Added filter static_user_filter (class=org.apache.hadoop.http.lib.StaticUserWebFilter$StaticUserFilter) to context static
2021-02-14 01:49:38,154 [Listener at 127.0.0.1/42551] INFO  http.HttpServer2 (HttpServer2.java:bindListener(1238)) - Jetty bound to port 33525
2021-02-14 01:49:38,154 [Listener at 127.0.0.1/42551] INFO  server.Server (Server.java:doStart(375)) - jetty-9.4.34.v20201102; built: 2020-11-02T14:15:39.302Z; git: e46af88704a893fc12cb0e3bf46e2c7b48a009e7; jvm 1.8.0_232-b09
2021-02-14 01:49:38,156 [Listener at 127.0.0.1/42551] INFO  server.session (DefaultSessionIdManager.java:doStart(334)) - DefaultSessionIdManager workerName=node0
2021-02-14 01:49:38,156 [Listener at 127.0.0.1/42551] INFO  server.session (DefaultSessionIdManager.java:doStart(339)) - No SessionScavenger set, using defaults
2021-02-14 01:49:38,157 [Listener at 127.0.0.1/42551] INFO  server.session (HouseKeeper.java:startScavenging(132)) - node0 Scavenging every 660000ms
2021-02-14 01:49:38,157 [Listener at 127.0.0.1/42551] INFO  handler.ContextHandler (ContextHandler.java:doStart(916)) - Started o.e.j.s.ServletContextHandler@3f324b5a{logs,/logs,file:///github/workspace/mnt/ozone/hadoop-ozone/integration-test/target/log,AVAILABLE}
2021-02-14 01:49:38,157 [Listener at 127.0.0.1/42551] INFO  handler.ContextHandler (ContextHandler.java:doStart(916)) - Started o.e.j.s.ServletContextHandler@3fddbcb1{static,/static,jar:file:/home/user/.m2/repository/org/apache/hadoop/hadoop-hdds-container-service/1.1.0-SNAPSHOT/hadoop-hdds-container-service-1.1.0-SNAPSHOT.jar!/webapps/static,AVAILABLE}
2021-02-14 01:49:38,299 [Listener at 127.0.0.1/42551] INFO  handler.ContextHandler (ContextHandler.java:doStart(916)) - Started o.e.j.w.WebAppContext@5b0bfe86{hddsDatanode,/,file:///tmp/jetty-0_0_0_0-33525-hadoop-hdds-container-service-1_1_0-SNAPSHOT_jar-_-any-3574870698031364728/webapp/,AVAILABLE}{jar:file:/home/user/.m2/repository/org/apache/hadoop/hadoop-hdds-container-service/1.1.0-SNAPSHOT/hadoop-hdds-container-service-1.1.0-SNAPSHOT.jar!/webapps/hddsDatanode}
2021-02-14 01:49:38,300 [Listener at 127.0.0.1/42551] INFO  server.AbstractConnector (AbstractConnector.java:doStart(331)) - Started ServerConnector@495cae6c{HTTP/1.1, (http/1.1)}{0.0.0.0:33525}
2021-02-14 01:49:38,300 [Listener at 127.0.0.1/42551] INFO  server.Server (Server.java:doStart(415)) - Started @74766ms
2021-02-14 01:49:38,300 [Listener at 127.0.0.1/42551] WARN  impl.MetricsSystemImpl (MetricsSystemImpl.java:register(279)) - Sink prometheus already exists!
2021-02-14 01:49:38,304 [Listener at 127.0.0.1/42551] INFO  http.BaseHttpServer (BaseHttpServer.java:updateConnectorAddress(327)) - HTTP server of hddsDatanode listening at http://0.0.0.0:33525
2021-02-14 01:49:38,306 [Listener at 127.0.0.1/42551] INFO  ozone.MiniOzoneClusterImpl (MiniOzoneClusterImpl.java:lambda$waitForClusterToBeReady$0(187)) - Waiting for nodes to be ready. Got 0 of 9 DN Heartbeats.
2021-02-14 01:49:38,306 [Listener at 127.0.0.1/42551] INFO  ozone.MiniOzoneClusterImpl (MiniOzoneClusterImpl.java:lambda$waitForClusterToBeReady$0(190)) - Waiting for cluster to exit safe mode
2021-02-14 01:49:38,316 [org.apache.hadoop.util.JvmPauseMonitor$Monitor@4fb7fdc5] INFO  util.JvmPauseMonitor (JvmPauseMonitor.java:run(188)) - Starting JVM pause monitor
2021-02-14 01:49:38,317 [Datanode State Machine Task Thread - 0] INFO  datanode.InitDatanodeState (InitDatanodeState.java:persistContainerDatanodeDetails(145)) - DatanodeDetails is persisted to /github/workspace/mnt/ozone/hadoop-ozone/integration-test/target/test-dir/MiniOzoneClusterImpl-b3eef9e8-6bea-4ca1-9f7b-091cac69c924/datanode-8/meta/datanode.id
2021-02-14 01:49:38,382 [EndpointStateMachine task thread for /0.0.0.0:34627 - 0 ] INFO  ozoneimpl.OzoneContainer (OzoneContainer.java:start(255)) - Attempting to start container services.
2021-02-14 01:49:38,383 [EndpointStateMachine task thread for /0.0.0.0:34627 - 0 ] INFO  ozoneimpl.OzoneContainer (OzoneContainer.java:startContainerScrub(219)) - Background container scanner has been disabled.
2021-02-14 01:49:38,384 [EndpointStateMachine task thread for /0.0.0.0:34627 - 0 ] INFO  replication.ReplicationServer (ReplicationServer.java:start(106)) - ReplicationServer is started using port 33481
2021-02-14 01:49:38,384 [EndpointStateMachine task thread for /0.0.0.0:34627 - 0 ] INFO  ratis.XceiverServerRatis (XceiverServerRatis.java:start(486)) - Starting XceiverServerRatis f8feeaac-d8ae-4c99-8c47-cf05d6facd09
2021-02-14 01:49:38,385 [EndpointStateMachine task thread for /0.0.0.0:34627 - 0 ] INFO  server.RaftServer (RaftServerProxy.java:lambda$start$5(374)) - f8feeaac-d8ae-4c99-8c47-cf05d6facd09: start RPC server
2021-02-14 01:49:38,385 [EndpointStateMachine task thread for /0.0.0.0:34627 - 0 ] INFO  server.GrpcService (GrpcService.java:startImpl(253)) - f8feeaac-d8ae-4c99-8c47-cf05d6facd09: GrpcService started, listening on 42991
2021-02-14 01:49:38,386 [EndpointStateMachine task thread for /0.0.0.0:34627 - 0 ] INFO  ratis.XceiverServerRatis (XceiverServerRatis.java:getRealPort(507)) - XceiverServerRatis f8feeaac-d8ae-4c99-8c47-cf05d6facd09 is started using port 42991 for RATIS
2021-02-14 01:49:38,386 [EndpointStateMachine task thread for /0.0.0.0:34627 - 0 ] INFO  ratis.XceiverServerRatis (XceiverServerRatis.java:getRealPort(507)) - XceiverServerRatis f8feeaac-d8ae-4c99-8c47-cf05d6facd09 is started using port 42991 for RATIS_ADMIN
2021-02-14 01:49:38,386 [EndpointStateMachine task thread for /0.0.0.0:34627 - 0 ] INFO  ratis.XceiverServerRatis (XceiverServerRatis.java:getRealPort(507)) - XceiverServerRatis f8feeaac-d8ae-4c99-8c47-cf05d6facd09 is started using port 42991 for RATIS_SERVER
2021-02-14 01:49:38,386 [org.apache.ratis.util.JvmPauseMonitor$$Lambda$504/2142442467@7936e28d] INFO  util.JvmPauseMonitor (JvmPauseMonitor.java:run(103)) - JvmPauseMonitor-f8feeaac-d8ae-4c99-8c47-cf05d6facd09: Started
2021-02-14 01:49:38,386 [EndpointStateMachine task thread for /0.0.0.0:34627 - 0 ] INFO  server.XceiverServerGrpc (XceiverServerGrpc.java:start(135)) - XceiverServerGrpc f8feeaac-d8ae-4c99-8c47-cf05d6facd09 is started using port 39279
2021-02-14 01:49:38,604 [EndpointStateMachine task thread for /0.0.0.0:34627 - 0 ] INFO  ozoneimpl.OzoneContainer (OzoneContainer.java:start(255)) - Attempting to start container services.
2021-02-14 01:49:38,604 [EndpointStateMachine task thread for /0.0.0.0:34627 - 0 ] INFO  ozoneimpl.OzoneContainer (OzoneContainer.java:startContainerScrub(219)) - Background container scanner has been disabled.
2021-02-14 01:49:38,605 [EndpointStateMachine task thread for /0.0.0.0:34627 - 0 ] INFO  replication.ReplicationServer (ReplicationServer.java:start(106)) - ReplicationServer is started using port 39033
2021-02-14 01:49:38,605 [EndpointStateMachine task thread for /0.0.0.0:34627 - 0 ] INFO  ratis.XceiverServerRatis (XceiverServerRatis.java:start(486)) - Starting XceiverServerRatis 13da2f53-0476-4a03-b606-a9c3a1877f5a
2021-02-14 01:49:38,607 [EndpointStateMachine task thread for /0.0.0.0:34627 - 0 ] INFO  server.RaftServer (RaftServerProxy.java:lambda$start$5(374)) - 13da2f53-0476-4a03-b606-a9c3a1877f5a: start RPC server
2021-02-14 01:49:38,608 [EndpointStateMachine task thread for /0.0.0.0:34627 - 0 ] INFO  server.GrpcService (GrpcService.java:startImpl(253)) - 13da2f53-0476-4a03-b606-a9c3a1877f5a: GrpcService started, listening on 44773
2021-02-14 01:49:38,609 [EndpointStateMachine task thread for /0.0.0.0:34627 - 0 ] INFO  ratis.XceiverServerRatis (XceiverServerRatis.java:getRealPort(507)) - XceiverServerRatis 13da2f53-0476-4a03-b606-a9c3a1877f5a is started using port 44773 for RATIS
2021-02-14 01:49:38,609 [EndpointStateMachine task thread for /0.0.0.0:34627 - 0 ] INFO  ratis.XceiverServerRatis (XceiverServerRatis.java:getRealPort(507)) - XceiverServerRatis 13da2f53-0476-4a03-b606-a9c3a1877f5a is started using port 44773 for RATIS_ADMIN
2021-02-14 01:49:38,609 [EndpointStateMachine task thread for /0.0.0.0:34627 - 0 ] INFO  ratis.XceiverServerRatis (XceiverServerRatis.java:getRealPort(507)) - XceiverServerRatis 13da2f53-0476-4a03-b606-a9c3a1877f5a is started using port 44773 for RATIS_SERVER
2021-02-14 01:49:38,609 [org.apache.ratis.util.JvmPauseMonitor$$Lambda$504/2142442467@1f499241] INFO  util.JvmPauseMonitor (JvmPauseMonitor.java:run(103)) - JvmPauseMonitor-13da2f53-0476-4a03-b606-a9c3a1877f5a: Started
2021-02-14 01:49:38,610 [EndpointStateMachine task thread for /0.0.0.0:34627 - 0 ] INFO  server.XceiverServerGrpc (XceiverServerGrpc.java:start(135)) - XceiverServerGrpc 13da2f53-0476-4a03-b606-a9c3a1877f5a is started using port 43395
2021-02-14 01:49:38,880 [EndpointStateMachine task thread for /0.0.0.0:34627 - 0 ] INFO  ozoneimpl.OzoneContainer (OzoneContainer.java:start(255)) - Attempting to start container services.
2021-02-14 01:49:38,880 [EndpointStateMachine task thread for /0.0.0.0:34627 - 0 ] INFO  ozoneimpl.OzoneContainer (OzoneContainer.java:startContainerScrub(219)) - Background container scanner has been disabled.
2021-02-14 01:49:38,880 [EndpointStateMachine task thread for /0.0.0.0:34627 - 0 ] INFO  replication.ReplicationServer (ReplicationServer.java:start(106)) - ReplicationServer is started using port 41257
2021-02-14 01:49:38,881 [EndpointStateMachine task thread for /0.0.0.0:34627 - 0 ] INFO  ratis.XceiverServerRatis (XceiverServerRatis.java:start(486)) - Starting XceiverServerRatis 2ec71a43-acc1-42a3-b8ca-de3ee762a3c9
2021-02-14 01:49:38,881 [EndpointStateMachine task thread for /0.0.0.0:34627 - 0 ] INFO  server.RaftServer (RaftServerProxy.java:lambda$start$5(374)) - 2ec71a43-acc1-42a3-b8ca-de3ee762a3c9: start RPC server
2021-02-14 01:49:38,882 [EndpointStateMachine task thread for /0.0.0.0:34627 - 0 ] INFO  server.GrpcService (GrpcService.java:startImpl(253)) - 2ec71a43-acc1-42a3-b8ca-de3ee762a3c9: GrpcService started, listening on 42675
2021-02-14 01:49:38,882 [EndpointStateMachine task thread for /0.0.0.0:34627 - 0 ] INFO  ratis.XceiverServerRatis (XceiverServerRatis.java:getRealPort(507)) - XceiverServerRatis 2ec71a43-acc1-42a3-b8ca-de3ee762a3c9 is started using port 42675 for RATIS
2021-02-14 01:49:38,882 [EndpointStateMachine task thread for /0.0.0.0:34627 - 0 ] INFO  ratis.XceiverServerRatis (XceiverServerRatis.java:getRealPort(507)) - XceiverServerRatis 2ec71a43-acc1-42a3-b8ca-de3ee762a3c9 is started using port 42675 for RATIS_ADMIN
2021-02-14 01:49:38,882 [EndpointStateMachine task thread for /0.0.0.0:34627 - 0 ] INFO  ratis.XceiverServerRatis (XceiverServerRatis.java:getRealPort(507)) - XceiverServerRatis 2ec71a43-acc1-42a3-b8ca-de3ee762a3c9 is started using port 42675 for RATIS_SERVER
2021-02-14 01:49:38,882 [org.apache.ratis.util.JvmPauseMonitor$$Lambda$504/2142442467@22ebe487] INFO  util.JvmPauseMonitor (JvmPauseMonitor.java:run(103)) - JvmPauseMonitor-2ec71a43-acc1-42a3-b8ca-de3ee762a3c9: Started
2021-02-14 01:49:38,884 [EndpointStateMachine task thread for /0.0.0.0:34627 - 0 ] INFO  server.XceiverServerGrpc (XceiverServerGrpc.java:start(135)) - XceiverServerGrpc 2ec71a43-acc1-42a3-b8ca-de3ee762a3c9 is started using port 42355
2021-02-14 01:49:39,207 [EndpointStateMachine task thread for /0.0.0.0:34627 - 0 ] INFO  ozoneimpl.OzoneContainer (OzoneContainer.java:start(255)) - Attempting to start container services.
2021-02-14 01:49:39,207 [EndpointStateMachine task thread for /0.0.0.0:34627 - 0 ] INFO  ozoneimpl.OzoneContainer (OzoneContainer.java:startContainerScrub(219)) - Background container scanner has been disabled.
2021-02-14 01:49:39,208 [EndpointStateMachine task thread for /0.0.0.0:34627 - 0 ] INFO  replication.ReplicationServer (ReplicationServer.java:start(106)) - ReplicationServer is started using port 33981
2021-02-14 01:49:39,208 [EndpointStateMachine task thread for /0.0.0.0:34627 - 0 ] INFO  ratis.XceiverServerRatis (XceiverServerRatis.java:start(486)) - Starting XceiverServerRatis 7f0f79db-cac0-4201-a2ab-ddfae922df70
2021-02-14 01:49:39,211 [EndpointStateMachine task thread for /0.0.0.0:34627 - 0 ] INFO  server.RaftServer (RaftServerProxy.java:lambda$start$5(374)) - 7f0f79db-cac0-4201-a2ab-ddfae922df70: start RPC server
2021-02-14 01:49:39,211 [EndpointStateMachine task thread for /0.0.0.0:34627 - 0 ] INFO  server.GrpcService (GrpcService.java:startImpl(253)) - 7f0f79db-cac0-4201-a2ab-ddfae922df70: GrpcService started, listening on 36067
2021-02-14 01:49:39,211 [EndpointStateMachine task thread for /0.0.0.0:34627 - 0 ] INFO  ratis.XceiverServerRatis (XceiverServerRatis.java:getRealPort(507)) - XceiverServerRatis 7f0f79db-cac0-4201-a2ab-ddfae922df70 is started using port 36067 for RATIS
2021-02-14 01:49:39,211 [EndpointStateMachine task thread for /0.0.0.0:34627 - 0 ] INFO  ratis.XceiverServerRatis (XceiverServerRatis.java:getRealPort(507)) - XceiverServerRatis 7f0f79db-cac0-4201-a2ab-ddfae922df70 is started using port 36067 for RATIS_ADMIN
2021-02-14 01:49:39,211 [EndpointStateMachine task thread for /0.0.0.0:34627 - 0 ] INFO  ratis.XceiverServerRatis (XceiverServerRatis.java:getRealPort(507)) - XceiverServerRatis 7f0f79db-cac0-4201-a2ab-ddfae922df70 is started using port 36067 for RATIS_SERVER
2021-02-14 01:49:39,211 [org.apache.ratis.util.JvmPauseMonitor$$Lambda$504/2142442467@d296b32] INFO  util.JvmPauseMonitor (JvmPauseMonitor.java:run(103)) - JvmPauseMonitor-7f0f79db-cac0-4201-a2ab-ddfae922df70: Started
2021-02-14 01:49:39,211 [EndpointStateMachine task thread for /0.0.0.0:34627 - 0 ] INFO  server.XceiverServerGrpc (XceiverServerGrpc.java:start(135)) - XceiverServerGrpc 7f0f79db-cac0-4201-a2ab-ddfae922df70 is started using port 35899
2021-02-14 01:49:39,306 [Listener at 127.0.0.1/42551] INFO  ozone.MiniOzoneClusterImpl (MiniOzoneClusterImpl.java:lambda$waitForClusterToBeReady$0(187)) - Waiting for nodes to be ready. Got 0 of 9 DN Heartbeats.
2021-02-14 01:49:39,306 [Listener at 127.0.0.1/42551] INFO  ozone.MiniOzoneClusterImpl (MiniOzoneClusterImpl.java:lambda$waitForClusterToBeReady$0(190)) - Waiting for cluster to exit safe mode
2021-02-14 01:49:39,426 [EndpointStateMachine task thread for /0.0.0.0:34627 - 0 ] INFO  ozoneimpl.OzoneContainer (OzoneContainer.java:start(255)) - Attempting to start container services.
2021-02-14 01:49:39,426 [EndpointStateMachine task thread for /0.0.0.0:34627 - 0 ] INFO  ozoneimpl.OzoneContainer (OzoneContainer.java:startContainerScrub(219)) - Background container scanner has been disabled.
2021-02-14 01:49:39,427 [EndpointStateMachine task thread for /0.0.0.0:34627 - 0 ] INFO  replication.ReplicationServer (ReplicationServer.java:start(106)) - ReplicationServer is started using port 34271
2021-02-14 01:49:39,427 [EndpointStateMachine task thread for /0.0.0.0:34627 - 0 ] INFO  ratis.XceiverServerRatis (XceiverServerRatis.java:start(486)) - Starting XceiverServerRatis 67ae471d-b492-4f31-a24b-cc05e6e2b64e
2021-02-14 01:49:39,428 [EndpointStateMachine task thread for /0.0.0.0:34627 - 0 ] INFO  server.RaftServer (RaftServerProxy.java:lambda$start$5(374)) - 67ae471d-b492-4f31-a24b-cc05e6e2b64e: start RPC server
2021-02-14 01:49:39,429 [EndpointStateMachine task thread for /0.0.0.0:34627 - 0 ] INFO  server.GrpcService (GrpcService.java:startImpl(253)) - 67ae471d-b492-4f31-a24b-cc05e6e2b64e: GrpcService started, listening on 46819
2021-02-14 01:49:39,429 [EndpointStateMachine task thread for /0.0.0.0:34627 - 0 ] INFO  ratis.XceiverServerRatis (XceiverServerRatis.java:getRealPort(507)) - XceiverServerRatis 67ae471d-b492-4f31-a24b-cc05e6e2b64e is started using port 46819 for RATIS
2021-02-14 01:49:39,429 [EndpointStateMachine task thread for /0.0.0.0:34627 - 0 ] INFO  ratis.XceiverServerRatis (XceiverServerRatis.java:getRealPort(507)) - XceiverServerRatis 67ae471d-b492-4f31-a24b-cc05e6e2b64e is started using port 46819 for RATIS_ADMIN
2021-02-14 01:49:39,429 [EndpointStateMachine task thread for /0.0.0.0:34627 - 0 ] INFO  ratis.XceiverServerRatis (XceiverServerRatis.java:getRealPort(507)) - XceiverServerRatis 67ae471d-b492-4f31-a24b-cc05e6e2b64e is started using port 46819 for RATIS_SERVER
2021-02-14 01:49:39,429 [org.apache.ratis.util.JvmPauseMonitor$$Lambda$504/2142442467@6b89bb04] INFO  util.JvmPauseMonitor (JvmPauseMonitor.java:run(103)) - JvmPauseMonitor-67ae471d-b492-4f31-a24b-cc05e6e2b64e: Started
2021-02-14 01:49:39,430 [EndpointStateMachine task thread for /0.0.0.0:34627 - 0 ] INFO  server.XceiverServerGrpc (XceiverServerGrpc.java:start(135)) - XceiverServerGrpc 67ae471d-b492-4f31-a24b-cc05e6e2b64e is started using port 41039
2021-02-14 01:49:39,654 [EndpointStateMachine task thread for /0.0.0.0:34627 - 0 ] INFO  ozoneimpl.OzoneContainer (OzoneContainer.java:start(255)) - Attempting to start container services.
2021-02-14 01:49:39,654 [EndpointStateMachine task thread for /0.0.0.0:34627 - 0 ] INFO  ozoneimpl.OzoneContainer (OzoneContainer.java:startContainerScrub(219)) - Background container scanner has been disabled.
2021-02-14 01:49:39,655 [EndpointStateMachine task thread for /0.0.0.0:34627 - 0 ] INFO  replication.ReplicationServer (ReplicationServer.java:start(106)) - ReplicationServer is started using port 44683
2021-02-14 01:49:39,655 [EndpointStateMachine task thread for /0.0.0.0:34627 - 0 ] INFO  ratis.XceiverServerRatis (XceiverServerRatis.java:start(486)) - Starting XceiverServerRatis 23cc1cc1-0040-4236-a819-0d718e7e646a
2021-02-14 01:49:39,658 [EndpointStateMachine task thread for /0.0.0.0:34627 - 0 ] INFO  server.RaftServer (RaftServerProxy.java:lambda$start$5(374)) - 23cc1cc1-0040-4236-a819-0d718e7e646a: start RPC server
2021-02-14 01:49:39,659 [EndpointStateMachine task thread for /0.0.0.0:34627 - 0 ] INFO  server.GrpcService (GrpcService.java:startImpl(253)) - 23cc1cc1-0040-4236-a819-0d718e7e646a: GrpcService started, listening on 45489
2021-02-14 01:49:39,659 [EndpointStateMachine task thread for /0.0.0.0:34627 - 0 ] INFO  ratis.XceiverServerRatis (XceiverServerRatis.java:getRealPort(507)) - XceiverServerRatis 23cc1cc1-0040-4236-a819-0d718e7e646a is started using port 45489 for RATIS
2021-02-14 01:49:39,659 [EndpointStateMachine task thread for /0.0.0.0:34627 - 0 ] INFO  ratis.XceiverServerRatis (XceiverServerRatis.java:getRealPort(507)) - XceiverServerRatis 23cc1cc1-0040-4236-a819-0d718e7e646a is started using port 45489 for RATIS_ADMIN
2021-02-14 01:49:39,659 [EndpointStateMachine task thread for /0.0.0.0:34627 - 0 ] INFO  ratis.XceiverServerRatis (XceiverServerRatis.java:getRealPort(507)) - XceiverServerRatis 23cc1cc1-0040-4236-a819-0d718e7e646a is started using port 45489 for RATIS_SERVER
2021-02-14 01:49:39,659 [org.apache.ratis.util.JvmPauseMonitor$$Lambda$504/2142442467@3fa94f12] INFO  util.JvmPauseMonitor (JvmPauseMonitor.java:run(103)) - JvmPauseMonitor-23cc1cc1-0040-4236-a819-0d718e7e646a: Started
2021-02-14 01:49:39,660 [EndpointStateMachine task thread for /0.0.0.0:34627 - 0 ] INFO  server.XceiverServerGrpc (XceiverServerGrpc.java:start(135)) - XceiverServerGrpc 23cc1cc1-0040-4236-a819-0d718e7e646a is started using port 33661
2021-02-14 01:49:39,874 [EndpointStateMachine task thread for /0.0.0.0:34627 - 0 ] INFO  ozoneimpl.OzoneContainer (OzoneContainer.java:start(255)) - Attempting to start container services.
2021-02-14 01:49:39,875 [EndpointStateMachine task thread for /0.0.0.0:34627 - 0 ] INFO  ozoneimpl.OzoneContainer (OzoneContainer.java:startContainerScrub(219)) - Background container scanner has been disabled.
2021-02-14 01:49:39,876 [EndpointStateMachine task thread for /0.0.0.0:34627 - 0 ] INFO  replication.ReplicationServer (ReplicationServer.java:start(106)) - ReplicationServer is started using port 42239
2021-02-14 01:49:39,876 [EndpointStateMachine task thread for /0.0.0.0:34627 - 0 ] INFO  ratis.XceiverServerRatis (XceiverServerRatis.java:start(486)) - Starting XceiverServerRatis 46453c06-aa66-4ab8-8a2c-ab2255a053c6
2021-02-14 01:49:39,877 [EndpointStateMachine task thread for /0.0.0.0:34627 - 0 ] INFO  server.RaftServer (RaftServerProxy.java:lambda$start$5(374)) - 46453c06-aa66-4ab8-8a2c-ab2255a053c6: start RPC server
2021-02-14 01:49:39,877 [EndpointStateMachine task thread for /0.0.0.0:34627 - 0 ] INFO  server.GrpcService (GrpcService.java:startImpl(253)) - 46453c06-aa66-4ab8-8a2c-ab2255a053c6: GrpcService started, listening on 45889
2021-02-14 01:49:39,877 [EndpointStateMachine task thread for /0.0.0.0:34627 - 0 ] INFO  ratis.XceiverServerRatis (XceiverServerRatis.java:getRealPort(507)) - XceiverServerRatis 46453c06-aa66-4ab8-8a2c-ab2255a053c6 is started using port 45889 for RATIS
2021-02-14 01:49:39,877 [EndpointStateMachine task thread for /0.0.0.0:34627 - 0 ] INFO  ratis.XceiverServerRatis (XceiverServerRatis.java:getRealPort(507)) - XceiverServerRatis 46453c06-aa66-4ab8-8a2c-ab2255a053c6 is started using port 45889 for RATIS_ADMIN
2021-02-14 01:49:39,878 [EndpointStateMachine task thread for /0.0.0.0:34627 - 0 ] INFO  ratis.XceiverServerRatis (XceiverServerRatis.java:getRealPort(507)) - XceiverServerRatis 46453c06-aa66-4ab8-8a2c-ab2255a053c6 is started using port 45889 for RATIS_SERVER
2021-02-14 01:49:39,877 [org.apache.ratis.util.JvmPauseMonitor$$Lambda$504/2142442467@6748a311] INFO  util.JvmPauseMonitor (JvmPauseMonitor.java:run(103)) - JvmPauseMonitor-46453c06-aa66-4ab8-8a2c-ab2255a053c6: Started
2021-02-14 01:49:39,885 [EndpointStateMachine task thread for /0.0.0.0:34627 - 0 ] INFO  server.XceiverServerGrpc (XceiverServerGrpc.java:start(135)) - XceiverServerGrpc 46453c06-aa66-4ab8-8a2c-ab2255a053c6 is started using port 45023
2021-02-14 01:49:40,126 [EndpointStateMachine task thread for /0.0.0.0:34627 - 0 ] INFO  ozoneimpl.OzoneContainer (OzoneContainer.java:start(255)) - Attempting to start container services.
2021-02-14 01:49:40,126 [EndpointStateMachine task thread for /0.0.0.0:34627 - 0 ] INFO  ozoneimpl.OzoneContainer (OzoneContainer.java:startContainerScrub(219)) - Background container scanner has been disabled.
2021-02-14 01:49:40,127 [EndpointStateMachine task thread for /0.0.0.0:34627 - 0 ] INFO  replication.ReplicationServer (ReplicationServer.java:start(106)) - ReplicationServer is started using port 35873
2021-02-14 01:49:40,127 [EndpointStateMachine task thread for /0.0.0.0:34627 - 0 ] INFO  ratis.XceiverServerRatis (XceiverServerRatis.java:start(486)) - Starting XceiverServerRatis fe88e678-cae2-4575-8bb5-90c5b4ef55f6
2021-02-14 01:49:40,128 [EndpointStateMachine task thread for /0.0.0.0:34627 - 0 ] INFO  server.RaftServer (RaftServerProxy.java:lambda$start$5(374)) - fe88e678-cae2-4575-8bb5-90c5b4ef55f6: start RPC server
2021-02-14 01:49:40,128 [EndpointStateMachine task thread for /0.0.0.0:34627 - 0 ] INFO  server.GrpcService (GrpcService.java:startImpl(253)) - fe88e678-cae2-4575-8bb5-90c5b4ef55f6: GrpcService started, listening on 43003
2021-02-14 01:49:40,128 [EndpointStateMachine task thread for /0.0.0.0:34627 - 0 ] INFO  ratis.XceiverServerRatis (XceiverServerRatis.java:getRealPort(507)) - XceiverServerRatis fe88e678-cae2-4575-8bb5-90c5b4ef55f6 is started using port 43003 for RATIS
2021-02-14 01:49:40,128 [EndpointStateMachine task thread for /0.0.0.0:34627 - 0 ] INFO  ratis.XceiverServerRatis (XceiverServerRatis.java:getRealPort(507)) - XceiverServerRatis fe88e678-cae2-4575-8bb5-90c5b4ef55f6 is started using port 43003 for RATIS_ADMIN
2021-02-14 01:49:40,128 [EndpointStateMachine task thread for /0.0.0.0:34627 - 0 ] INFO  ratis.XceiverServerRatis (XceiverServerRatis.java:getRealPort(507)) - XceiverServerRatis fe88e678-cae2-4575-8bb5-90c5b4ef55f6 is started using port 43003 for RATIS_SERVER
2021-02-14 01:49:40,128 [org.apache.ratis.util.JvmPauseMonitor$$Lambda$504/2142442467@c522767] INFO  util.JvmPauseMonitor (JvmPauseMonitor.java:run(103)) - JvmPauseMonitor-fe88e678-cae2-4575-8bb5-90c5b4ef55f6: Started
2021-02-14 01:49:40,129 [EndpointStateMachine task thread for /0.0.0.0:34627 - 0 ] INFO  server.XceiverServerGrpc (XceiverServerGrpc.java:start(135)) - XceiverServerGrpc fe88e678-cae2-4575-8bb5-90c5b4ef55f6 is started using port 41657
2021-02-14 01:49:40,307 [Listener at 127.0.0.1/42551] INFO  ozone.MiniOzoneClusterImpl (MiniOzoneClusterImpl.java:lambda$waitForClusterToBeReady$0(187)) - Waiting for nodes to be ready. Got 0 of 9 DN Heartbeats.
2021-02-14 01:49:40,307 [Listener at 127.0.0.1/42551] INFO  ozone.MiniOzoneClusterImpl (MiniOzoneClusterImpl.java:lambda$waitForClusterToBeReady$0(190)) - Waiting for cluster to exit safe mode
2021-02-14 01:49:40,319 [EndpointStateMachine task thread for /0.0.0.0:34627 - 0 ] INFO  ozoneimpl.OzoneContainer (OzoneContainer.java:start(255)) - Attempting to start container services.
2021-02-14 01:49:40,320 [EndpointStateMachine task thread for /0.0.0.0:34627 - 0 ] INFO  ozoneimpl.OzoneContainer (OzoneContainer.java:startContainerScrub(219)) - Background container scanner has been disabled.
2021-02-14 01:49:40,320 [EndpointStateMachine task thread for /0.0.0.0:34627 - 0 ] INFO  replication.ReplicationServer (ReplicationServer.java:start(106)) - ReplicationServer is started using port 34581
2021-02-14 01:49:40,320 [EndpointStateMachine task thread for /0.0.0.0:34627 - 0 ] INFO  ratis.XceiverServerRatis (XceiverServerRatis.java:start(486)) - Starting XceiverServerRatis 66662ab8-1b94-466a-9131-2b6af2fadcad
2021-02-14 01:49:40,321 [EndpointStateMachine task thread for /0.0.0.0:34627 - 0 ] INFO  server.RaftServer (RaftServerProxy.java:lambda$start$5(374)) - 66662ab8-1b94-466a-9131-2b6af2fadcad: start RPC server
2021-02-14 01:49:40,321 [EndpointStateMachine task thread for /0.0.0.0:34627 - 0 ] INFO  server.GrpcService (GrpcService.java:startImpl(253)) - 66662ab8-1b94-466a-9131-2b6af2fadcad: GrpcService started, listening on 46429
2021-02-14 01:49:40,322 [EndpointStateMachine task thread for /0.0.0.0:34627 - 0 ] INFO  ratis.XceiverServerRatis (XceiverServerRatis.java:getRealPort(507)) - XceiverServerRatis 66662ab8-1b94-466a-9131-2b6af2fadcad is started using port 46429 for RATIS
2021-02-14 01:49:40,322 [org.apache.ratis.util.JvmPauseMonitor$$Lambda$504/2142442467@54ea0059] INFO  util.JvmPauseMonitor (JvmPauseMonitor.java:run(103)) - JvmPauseMonitor-66662ab8-1b94-466a-9131-2b6af2fadcad: Started
2021-02-14 01:49:40,322 [EndpointStateMachine task thread for /0.0.0.0:34627 - 0 ] INFO  ratis.XceiverServerRatis (XceiverServerRatis.java:getRealPort(507)) - XceiverServerRatis 66662ab8-1b94-466a-9131-2b6af2fadcad is started using port 46429 for RATIS_ADMIN
2021-02-14 01:49:40,322 [EndpointStateMachine task thread for /0.0.0.0:34627 - 0 ] INFO  ratis.XceiverServerRatis (XceiverServerRatis.java:getRealPort(507)) - XceiverServerRatis 66662ab8-1b94-466a-9131-2b6af2fadcad is started using port 46429 for RATIS_SERVER
2021-02-14 01:49:40,322 [EndpointStateMachine task thread for /0.0.0.0:34627 - 0 ] INFO  server.XceiverServerGrpc (XceiverServerGrpc.java:start(135)) - XceiverServerGrpc 66662ab8-1b94-466a-9131-2b6af2fadcad is started using port 38827
2021-02-14 01:49:40,377 [IPC Server handler 2 on default port 34627] INFO  net.NetworkTopologyImpl (NetworkTopologyImpl.java:add(112)) - Added a new node: /default-rack/f8feeaac-d8ae-4c99-8c47-cf05d6facd09
2021-02-14 01:49:40,378 [IPC Server handler 2 on default port 34627] INFO  node.SCMNodeManager (SCMNodeManager.java:register(341)) - Registered Data node : f8feeaac-d8ae-4c99-8c47-cf05d6facd09{ip: 172.17.0.2, host: 9cc4fcda0858, ports: [REPLICATION=33481, RATIS=42991, RATIS_ADMIN=42991, RATIS_SERVER=42991, STANDALONE=39279], networkLocation: /default-rack, certSerialId: null, persistedOpState: null, persistedOpStateExpiryEpochSec: 0}
2021-02-14 01:49:40,378 [RatisPipelineUtilsThread] INFO  pipeline.RatisPipelineProvider (RatisPipelineProvider.java:lambda$create$0(161)) - Sending CreatePipelineCommand for pipeline:PipelineID=03ed08a1-e577-4700-acf7-c285933b05bf to datanode:f8feeaac-d8ae-4c99-8c47-cf05d6facd09
2021-02-14 01:49:40,379 [EventQueue-NodeRegistrationContainerReportForDataNodeSafeModeRule] INFO  safemode.SCMSafeModeManager (DataNodeSafeModeRule.java:process(71)) - SCM in safe mode. 1 DataNodes registered, 1 required.
2021-02-14 01:49:40,379 [EventQueue-NodeRegistrationContainerReportForContainerSafeModeRule] INFO  safemode.SCMSafeModeManager (SCMSafeModeManager.java:validateSafeModeExitRules(214)) - ContainerSafeModeRule rule is successfully validated
2021-02-14 01:49:40,380 [RatisPipelineUtilsThread] INFO  pipeline.PipelineStateManager (PipelineStateManager.java:addPipeline(54)) - Created pipeline Pipeline[ Id: 03ed08a1-e577-4700-acf7-c285933b05bf, Nodes: f8feeaac-d8ae-4c99-8c47-cf05d6facd09{ip: 172.17.0.2, host: 9cc4fcda0858, ports: [REPLICATION=33481, RATIS=42991, RATIS_ADMIN=42991, RATIS_SERVER=42991, STANDALONE=39279], networkLocation: /default-rack, certSerialId: null, persistedOpState: IN_SERVICE, persistedOpStateExpiryEpochSec: 0}, Type:RATIS, Factor:ONE, State:ALLOCATED, leaderId:, CreationTimestamp2021-02-14T01:49:40.378Z]
2021-02-14 01:49:40,380 [EventQueue-PipelineReportForOneReplicaPipelineSafeModeRule] INFO  safemode.SCMSafeModeManager (SCMSafeModeManager.java:validateSafeModeExitRules(214)) - AtleastOneDatanodeReportedRule rule is successfully validated
2021-02-14 01:49:40,381 [EventQueue-NodeRegistrationContainerReportForDataNodeSafeModeRule] INFO  safemode.SCMSafeModeManager (SCMSafeModeManager.java:validateSafeModeExitRules(214)) - DataNodeSafeModeRule rule is successfully validated
2021-02-14 01:49:40,381 [EventQueue-NodeRegistrationContainerReportForDataNodeSafeModeRule] INFO  safemode.SCMSafeModeManager (SCMSafeModeManager.java:completePreCheck(242)) - All SCM safe mode pre check rules have passed
2021-02-14 01:49:40,381 [RatisPipelineUtilsThread] WARN  pipeline.PipelinePlacementPolicy (PipelinePlacementPolicy.java:filterViableNodes(142)) - Pipeline creation failed due to no sufficient healthy datanodes. Required 3. Found 1.
2021-02-14 01:49:40,602 [IPC Server handler 3 on default port 34627] INFO  net.NetworkTopologyImpl (NetworkTopologyImpl.java:add(112)) - Added a new node: /default-rack/13da2f53-0476-4a03-b606-a9c3a1877f5a
2021-02-14 01:49:40,602 [IPC Server handler 3 on default port 34627] INFO  node.SCMNodeManager (SCMNodeManager.java:register(341)) - Registered Data node : 13da2f53-0476-4a03-b606-a9c3a1877f5a{ip: 172.17.0.2, host: 9cc4fcda0858, ports: [REPLICATION=39033, RATIS=44773, RATIS_ADMIN=44773, RATIS_SERVER=44773, STANDALONE=43395], networkLocation: /default-rack, certSerialId: null, persistedOpState: null, persistedOpStateExpiryEpochSec: 0}
2021-02-14 01:49:40,602 [EventQueue-NodeRegistrationContainerReportForDataNodeSafeModeRule] INFO  safemode.SCMSafeModeManager (SCMSafeModeManager.java:validateSafeModeExitRules(214)) - DataNodeSafeModeRule rule is successfully validated
2021-02-14 01:49:40,603 [EventQueue-NodeRegistrationContainerReportForContainerSafeModeRule] INFO  safemode.SCMSafeModeManager (SCMSafeModeManager.java:validateSafeModeExitRules(214)) - ContainerSafeModeRule rule is successfully validated
2021-02-14 01:49:40,603 [EventQueue-PipelineReportForOneReplicaPipelineSafeModeRule] INFO  safemode.SCMSafeModeManager (SCMSafeModeManager.java:validateSafeModeExitRules(214)) - AtleastOneDatanodeReportedRule rule is successfully validated
2021-02-14 01:49:40,603 [RatisPipelineUtilsThread] INFO  pipeline.RatisPipelineProvider (RatisPipelineProvider.java:lambda$create$0(161)) - Sending CreatePipelineCommand for pipeline:PipelineID=62741a13-1100-4dfe-82cb-88e6fb4c8968 to datanode:13da2f53-0476-4a03-b606-a9c3a1877f5a
2021-02-14 01:49:40,604 [RatisPipelineUtilsThread] INFO  pipeline.PipelineStateManager (PipelineStateManager.java:addPipeline(54)) - Created pipeline Pipeline[ Id: 62741a13-1100-4dfe-82cb-88e6fb4c8968, Nodes: 13da2f53-0476-4a03-b606-a9c3a1877f5a{ip: 172.17.0.2, host: 9cc4fcda0858, ports: [REPLICATION=39033, RATIS=44773, RATIS_ADMIN=44773, RATIS_SERVER=44773, STANDALONE=43395], networkLocation: /default-rack, certSerialId: null, persistedOpState: IN_SERVICE, persistedOpStateExpiryEpochSec: 0}, Type:RATIS, Factor:ONE, State:ALLOCATED, leaderId:, CreationTimestamp2021-02-14T01:49:40.603Z]
2021-02-14 01:49:40,604 [RatisPipelineUtilsThread] WARN  pipeline.PipelinePlacementPolicy (PipelinePlacementPolicy.java:filterViableNodes(142)) - Pipeline creation failed due to no sufficient healthy datanodes. Required 3. Found 2.
2021-02-14 01:49:40,877 [IPC Server handler 4 on default port 34627] INFO  net.NetworkTopologyImpl (NetworkTopologyImpl.java:add(112)) - Added a new node: /default-rack/2ec71a43-acc1-42a3-b8ca-de3ee762a3c9
2021-02-14 01:49:40,877 [IPC Server handler 4 on default port 34627] INFO  node.SCMNodeManager (SCMNodeManager.java:register(341)) - Registered Data node : 2ec71a43-acc1-42a3-b8ca-de3ee762a3c9{ip: 172.17.0.2, host: 9cc4fcda0858, ports: [REPLICATION=41257, RATIS=42675, RATIS_ADMIN=42675, RATIS_SERVER=42675, STANDALONE=42355], networkLocation: /default-rack, certSerialId: null, persistedOpState: null, persistedOpStateExpiryEpochSec: 0}
2021-02-14 01:49:40,878 [EventQueue-NodeRegistrationContainerReportForDataNodeSafeModeRule] INFO  safemode.SCMSafeModeManager (SCMSafeModeManager.java:validateSafeModeExitRules(214)) - DataNodeSafeModeRule rule is successfully validated
2021-02-14 01:49:40,878 [EventQueue-NodeRegistrationContainerReportForContainerSafeModeRule] INFO  safemode.SCMSafeModeManager (SCMSafeModeManager.java:validateSafeModeExitRules(214)) - ContainerSafeModeRule rule is successfully validated
2021-02-14 01:49:40,879 [RatisPipelineUtilsThread] INFO  pipeline.RatisPipelineProvider (RatisPipelineProvider.java:lambda$create$0(161)) - Sending CreatePipelineCommand for pipeline:PipelineID=bd014bce-115a-4ac1-b75e-fe19062429c6 to datanode:2ec71a43-acc1-42a3-b8ca-de3ee762a3c9
2021-02-14 01:49:40,879 [EventQueue-PipelineReportForOneReplicaPipelineSafeModeRule] INFO  safemode.SCMSafeModeManager (SCMSafeModeManager.java:validateSafeModeExitRules(214)) - AtleastOneDatanodeReportedRule rule is successfully validated
2021-02-14 01:49:40,879 [RatisPipelineUtilsThread] INFO  pipeline.PipelineStateManager (PipelineStateManager.java:addPipeline(54)) - Created pipeline Pipeline[ Id: bd014bce-115a-4ac1-b75e-fe19062429c6, Nodes: 2ec71a43-acc1-42a3-b8ca-de3ee762a3c9{ip: 172.17.0.2, host: 9cc4fcda0858, ports: [REPLICATION=41257, RATIS=42675, RATIS_ADMIN=42675, RATIS_SERVER=42675, STANDALONE=42355], networkLocation: /default-rack, certSerialId: null, persistedOpState: IN_SERVICE, persistedOpStateExpiryEpochSec: 0}, Type:RATIS, Factor:ONE, State:ALLOCATED, leaderId:, CreationTimestamp2021-02-14T01:49:40.879Z]
2021-02-14 01:49:40,879 [RatisPipelineUtilsThread] INFO  pipeline.RatisPipelineProvider (RatisPipelineProvider.java:lambda$create$0(161)) - Sending CreatePipelineCommand for pipeline:PipelineID=12b43190-c0bf-432e-b224-248e97a0b5f6 to datanode:13da2f53-0476-4a03-b606-a9c3a1877f5a
2021-02-14 01:49:40,879 [RatisPipelineUtilsThread] INFO  pipeline.RatisPipelineProvider (RatisPipelineProvider.java:lambda$create$0(161)) - Sending CreatePipelineCommand for pipeline:PipelineID=12b43190-c0bf-432e-b224-248e97a0b5f6 to datanode:2ec71a43-acc1-42a3-b8ca-de3ee762a3c9
2021-02-14 01:49:40,880 [RatisPipelineUtilsThread] INFO  pipeline.RatisPipelineProvider (RatisPipelineProvider.java:lambda$create$0(161)) - Sending CreatePipelineCommand for pipeline:PipelineID=12b43190-c0bf-432e-b224-248e97a0b5f6 to datanode:f8feeaac-d8ae-4c99-8c47-cf05d6facd09
2021-02-14 01:49:40,880 [RatisPipelineUtilsThread] INFO  pipeline.PipelineStateManager (PipelineStateManager.java:addPipeline(54)) - Created pipeline Pipeline[ Id: 12b43190-c0bf-432e-b224-248e97a0b5f6, Nodes: 13da2f53-0476-4a03-b606-a9c3a1877f5a{ip: 172.17.0.2, host: 9cc4fcda0858, ports: [REPLICATION=39033, RATIS=44773, RATIS_ADMIN=44773, RATIS_SERVER=44773, STANDALONE=43395], networkLocation: /default-rack, certSerialId: null, persistedOpState: IN_SERVICE, persistedOpStateExpiryEpochSec: 0}2ec71a43-acc1-42a3-b8ca-de3ee762a3c9{ip: 172.17.0.2, host: 9cc4fcda0858, ports: [REPLICATION=41257, RATIS=42675, RATIS_ADMIN=42675, RATIS_SERVER=42675, STANDALONE=42355], networkLocation: /default-rack, certSerialId: null, persistedOpState: IN_SERVICE, persistedOpStateExpiryEpochSec: 0}f8feeaac-d8ae-4c99-8c47-cf05d6facd09{ip: 172.17.0.2, host: 9cc4fcda0858, ports: [REPLICATION=33481, RATIS=42991, RATIS_ADMIN=42991, RATIS_SERVER=42991, STANDALONE=39279], networkLocation: /default-rack, certSerialId: null, persistedOpState: IN_SERVICE, persistedOpStateExpiryEpochSec: 0}, Type:RATIS, Factor:THREE, State:ALLOCATED, leaderId:, CreationTimestamp2021-02-14T01:49:40.879Z]
2021-02-14 01:49:41,206 [IPC Server handler 1 on default port 34627] INFO  net.NetworkTopologyImpl (NetworkTopologyImpl.java:add(112)) - Added a new node: /default-rack/7f0f79db-cac0-4201-a2ab-ddfae922df70
2021-02-14 01:49:41,206 [IPC Server handler 1 on default port 34627] INFO  node.SCMNodeManager (SCMNodeManager.java:register(341)) - Registered Data node : 7f0f79db-cac0-4201-a2ab-ddfae922df70{ip: 172.17.0.2, host: 9cc4fcda0858, ports: [REPLICATION=33981, RATIS=36067, RATIS_ADMIN=36067, RATIS_SERVER=36067, STANDALONE=35899], networkLocation: /default-rack, certSerialId: null, persistedOpState: null, persistedOpStateExpiryEpochSec: 0}
2021-02-14 01:49:41,206 [EventQueue-PipelineReportForOneReplicaPipelineSafeModeRule] INFO  safemode.SCMSafeModeManager (SCMSafeModeManager.java:validateSafeModeExitRules(214)) - AtleastOneDatanodeReportedRule rule is successfully validated
2021-02-14 01:49:41,206 [EventQueue-NodeRegistrationContainerReportForContainerSafeModeRule] INFO  safemode.SCMSafeModeManager (SCMSafeModeManager.java:validateSafeModeExitRules(214)) - ContainerSafeModeRule rule is successfully validated
2021-02-14 01:49:41,206 [EventQueue-NodeRegistrationContainerReportForDataNodeSafeModeRule] INFO  safemode.SCMSafeModeManager (SCMSafeModeManager.java:validateSafeModeExitRules(214)) - DataNodeSafeModeRule rule is successfully validated
2021-02-14 01:49:41,207 [RatisPipelineUtilsThread] INFO  pipeline.RatisPipelineProvider (RatisPipelineProvider.java:lambda$create$0(161)) - Sending CreatePipelineCommand for pipeline:PipelineID=4183d737-3a04-4f60-a92d-43522ae5bfca to datanode:7f0f79db-cac0-4201-a2ab-ddfae922df70
2021-02-14 01:49:41,207 [RatisPipelineUtilsThread] INFO  pipeline.PipelineStateManager (PipelineStateManager.java:addPipeline(54)) - Created pipeline Pipeline[ Id: 4183d737-3a04-4f60-a92d-43522ae5bfca, Nodes: 7f0f79db-cac0-4201-a2ab-ddfae922df70{ip: 172.17.0.2, host: 9cc4fcda0858, ports: [REPLICATION=33981, RATIS=36067, RATIS_ADMIN=36067, RATIS_SERVER=36067, STANDALONE=35899], networkLocation: /default-rack, certSerialId: null, persistedOpState: IN_SERVICE, persistedOpStateExpiryEpochSec: 0}, Type:RATIS, Factor:ONE, State:ALLOCATED, leaderId:, CreationTimestamp2021-02-14T01:49:41.207Z]
2021-02-14 01:49:41,307 [Listener at 127.0.0.1/42551] INFO  ozone.MiniOzoneClusterImpl (MiniOzoneClusterImpl.java:lambda$waitForClusterToBeReady$0(187)) - Waiting for nodes to be ready. Got 4 of 9 DN Heartbeats.
2021-02-14 01:49:41,308 [Listener at 127.0.0.1/42551] INFO  ozone.MiniOzoneClusterImpl (MiniOzoneClusterImpl.java:lambda$waitForClusterToBeReady$0(190)) - Waiting for cluster to exit safe mode
2021-02-14 01:49:41,423 [IPC Server handler 3 on default port 34627] INFO  net.NetworkTopologyImpl (NetworkTopologyImpl.java:add(112)) - Added a new node: /default-rack/67ae471d-b492-4f31-a24b-cc05e6e2b64e
2021-02-14 01:49:41,424 [IPC Server handler 3 on default port 34627] INFO  node.SCMNodeManager (SCMNodeManager.java:register(341)) - Registered Data node : 67ae471d-b492-4f31-a24b-cc05e6e2b64e{ip: 172.17.0.2, host: 9cc4fcda0858, ports: [REPLICATION=34271, RATIS=46819, RATIS_ADMIN=46819, RATIS_SERVER=46819, STANDALONE=41039], networkLocation: /default-rack, certSerialId: null, persistedOpState: null, persistedOpStateExpiryEpochSec: 0}
2021-02-14 01:49:41,424 [EventQueue-PipelineReportForOneReplicaPipelineSafeModeRule] INFO  safemode.SCMSafeModeManager (SCMSafeModeManager.java:validateSafeModeExitRules(214)) - AtleastOneDatanodeReportedRule rule is successfully validated
2021-02-14 01:49:41,424 [EventQueue-NodeRegistrationContainerReportForContainerSafeModeRule] INFO  safemode.SCMSafeModeManager (SCMSafeModeManager.java:validateSafeModeExitRules(214)) - ContainerSafeModeRule rule is successfully validated
2021-02-14 01:49:41,424 [EventQueue-NodeRegistrationContainerReportForDataNodeSafeModeRule] INFO  safemode.SCMSafeModeManager (SCMSafeModeManager.java:validateSafeModeExitRules(214)) - DataNodeSafeModeRule rule is successfully validated
2021-02-14 01:49:41,425 [RatisPipelineUtilsThread] INFO  pipeline.RatisPipelineProvider (RatisPipelineProvider.java:lambda$create$0(161)) - Sending CreatePipelineCommand for pipeline:PipelineID=9f7339ee-6885-48f7-b6e3-074c8c599c3f to datanode:67ae471d-b492-4f31-a24b-cc05e6e2b64e
2021-02-14 01:49:41,425 [RatisPipelineUtilsThread] INFO  pipeline.PipelineStateManager (PipelineStateManager.java:addPipeline(54)) - Created pipeline Pipeline[ Id: 9f7339ee-6885-48f7-b6e3-074c8c599c3f, Nodes: 67ae471d-b492-4f31-a24b-cc05e6e2b64e{ip: 172.17.0.2, host: 9cc4fcda0858, ports: [REPLICATION=34271, RATIS=46819, RATIS_ADMIN=46819, RATIS_SERVER=46819, STANDALONE=41039], networkLocation: /default-rack, certSerialId: null, persistedOpState: IN_SERVICE, persistedOpStateExpiryEpochSec: 0}, Type:RATIS, Factor:ONE, State:ALLOCATED, leaderId:, CreationTimestamp2021-02-14T01:49:41.425Z]
2021-02-14 01:49:41,652 [IPC Server handler 4 on default port 34627] INFO  net.NetworkTopologyImpl (NetworkTopologyImpl.java:add(112)) - Added a new node: /default-rack/23cc1cc1-0040-4236-a819-0d718e7e646a
2021-02-14 01:49:41,652 [IPC Server handler 4 on default port 34627] INFO  node.SCMNodeManager (SCMNodeManager.java:register(341)) - Registered Data node : 23cc1cc1-0040-4236-a819-0d718e7e646a{ip: 172.17.0.2, host: 9cc4fcda0858, ports: [REPLICATION=44683, RATIS=45489, RATIS_ADMIN=45489, RATIS_SERVER=45489, STANDALONE=33661], networkLocation: /default-rack, certSerialId: null, persistedOpState: null, persistedOpStateExpiryEpochSec: 0}
2021-02-14 01:49:41,652 [EventQueue-NodeRegistrationContainerReportForDataNodeSafeModeRule] INFO  safemode.SCMSafeModeManager (SCMSafeModeManager.java:validateSafeModeExitRules(214)) - DataNodeSafeModeRule rule is successfully validated
2021-02-14 01:49:41,652 [EventQueue-NodeRegistrationContainerReportForContainerSafeModeRule] INFO  safemode.SCMSafeModeManager (SCMSafeModeManager.java:validateSafeModeExitRules(214)) - ContainerSafeModeRule rule is successfully validated
2021-02-14 01:49:41,652 [EventQueue-PipelineReportForOneReplicaPipelineSafeModeRule] INFO  safemode.SCMSafeModeManager (SCMSafeModeManager.java:validateSafeModeExitRules(214)) - AtleastOneDatanodeReportedRule rule is successfully validated
2021-02-14 01:49:41,653 [RatisPipelineUtilsThread] INFO  pipeline.RatisPipelineProvider (RatisPipelineProvider.java:lambda$create$0(161)) - Sending CreatePipelineCommand for pipeline:PipelineID=32a2fa4b-0613-47fd-a4d9-b144df9921b5 to datanode:23cc1cc1-0040-4236-a819-0d718e7e646a
2021-02-14 01:49:41,653 [RatisPipelineUtilsThread] INFO  pipeline.PipelineStateManager (PipelineStateManager.java:addPipeline(54)) - Created pipeline Pipeline[ Id: 32a2fa4b-0613-47fd-a4d9-b144df9921b5, Nodes: 23cc1cc1-0040-4236-a819-0d718e7e646a{ip: 172.17.0.2, host: 9cc4fcda0858, ports: [REPLICATION=44683, RATIS=45489, RATIS_ADMIN=45489, RATIS_SERVER=45489, STANDALONE=33661], networkLocation: /default-rack, certSerialId: null, persistedOpState: IN_SERVICE, persistedOpStateExpiryEpochSec: 0}, Type:RATIS, Factor:ONE, State:ALLOCATED, leaderId:, CreationTimestamp2021-02-14T01:49:41.653Z]
2021-02-14 01:49:41,654 [RatisPipelineUtilsThread] INFO  pipeline.RatisPipelineProvider (RatisPipelineProvider.java:lambda$create$0(161)) - Sending CreatePipelineCommand for pipeline:PipelineID=d3f2502a-8941-4805-a183-2df9806e95a3 to datanode:23cc1cc1-0040-4236-a819-0d718e7e646a
2021-02-14 01:49:41,654 [RatisPipelineUtilsThread] INFO  pipeline.RatisPipelineProvider (RatisPipelineProvider.java:lambda$create$0(161)) - Sending CreatePipelineCommand for pipeline:PipelineID=d3f2502a-8941-4805-a183-2df9806e95a3 to datanode:67ae471d-b492-4f31-a24b-cc05e6e2b64e
2021-02-14 01:49:41,654 [RatisPipelineUtilsThread] INFO  pipeline.RatisPipelineProvider (RatisPipelineProvider.java:lambda$create$0(161)) - Sending CreatePipelineCommand for pipeline:PipelineID=d3f2502a-8941-4805-a183-2df9806e95a3 to datanode:7f0f79db-cac0-4201-a2ab-ddfae922df70
2021-02-14 01:49:41,654 [RatisPipelineUtilsThread] INFO  pipeline.PipelineStateManager (PipelineStateManager.java:addPipeline(54)) - Created pipeline Pipeline[ Id: d3f2502a-8941-4805-a183-2df9806e95a3, Nodes: 23cc1cc1-0040-4236-a819-0d718e7e646a{ip: 172.17.0.2, host: 9cc4fcda0858, ports: [REPLICATION=44683, RATIS=45489, RATIS_ADMIN=45489, RATIS_SERVER=45489, STANDALONE=33661], networkLocation: /default-rack, certSerialId: null, persistedOpState: IN_SERVICE, persistedOpStateExpiryEpochSec: 0}67ae471d-b492-4f31-a24b-cc05e6e2b64e{ip: 172.17.0.2, host: 9cc4fcda0858, ports: [REPLICATION=34271, RATIS=46819, RATIS_ADMIN=46819, RATIS_SERVER=46819, STANDALONE=41039], networkLocation: /default-rack, certSerialId: null, persistedOpState: IN_SERVICE, persistedOpStateExpiryEpochSec: 0}7f0f79db-cac0-4201-a2ab-ddfae922df70{ip: 172.17.0.2, host: 9cc4fcda0858, ports: [REPLICATION=33981, RATIS=36067, RATIS_ADMIN=36067, RATIS_SERVER=36067, STANDALONE=35899], networkLocation: /default-rack, certSerialId: null, persistedOpState: IN_SERVICE, persistedOpStateExpiryEpochSec: 0}, Type:RATIS, Factor:THREE, State:ALLOCATED, leaderId:, CreationTimestamp2021-02-14T01:49:41.654Z]
2021-02-14 01:49:41,872 [IPC Server handler 7 on default port 34627] INFO  net.NetworkTopologyImpl (NetworkTopologyImpl.java:add(112)) - Added a new node: /default-rack/46453c06-aa66-4ab8-8a2c-ab2255a053c6
2021-02-14 01:49:41,873 [IPC Server handler 7 on default port 34627] INFO  node.SCMNodeManager (SCMNodeManager.java:register(341)) - Registered Data node : 46453c06-aa66-4ab8-8a2c-ab2255a053c6{ip: 172.17.0.2, host: 9cc4fcda0858, ports: [REPLICATION=42239, RATIS=45889, RATIS_ADMIN=45889, RATIS_SERVER=45889, STANDALONE=45023], networkLocation: /default-rack, certSerialId: null, persistedOpState: null, persistedOpStateExpiryEpochSec: 0}
2021-02-14 01:49:41,873 [EventQueue-NodeRegistrationContainerReportForContainerSafeModeRule] INFO  safemode.SCMSafeModeManager (SCMSafeModeManager.java:validateSafeModeExitRules(214)) - ContainerSafeModeRule rule is successfully validated
2021-02-14 01:49:41,873 [RatisPipelineUtilsThread] INFO  pipeline.RatisPipelineProvider (RatisPipelineProvider.java:lambda$create$0(161)) - Sending CreatePipelineCommand for pipeline:PipelineID=680ca34b-de7d-45f2-9604-c82870dbef24 to datanode:46453c06-aa66-4ab8-8a2c-ab2255a053c6
2021-02-14 01:49:41,873 [EventQueue-PipelineReportForOneReplicaPipelineSafeModeRule] INFO  safemode.SCMSafeModeManager (SCMSafeModeManager.java:validateSafeModeExitRules(214)) - AtleastOneDatanodeReportedRule rule is successfully validated
2021-02-14 01:49:41,874 [EventQueue-NodeRegistrationContainerReportForDataNodeSafeModeRule] INFO  safemode.SCMSafeModeManager (SCMSafeModeManager.java:validateSafeModeExitRules(214)) - DataNodeSafeModeRule rule is successfully validated
2021-02-14 01:49:41,874 [RatisPipelineUtilsThread] INFO  pipeline.PipelineStateManager (PipelineStateManager.java:addPipeline(54)) - Created pipeline Pipeline[ Id: 680ca34b-de7d-45f2-9604-c82870dbef24, Nodes: 46453c06-aa66-4ab8-8a2c-ab2255a053c6{ip: 172.17.0.2, host: 9cc4fcda0858, ports: [REPLICATION=42239, RATIS=45889, RATIS_ADMIN=45889, RATIS_SERVER=45889, STANDALONE=45023], networkLocation: /default-rack, certSerialId: null, persistedOpState: IN_SERVICE, persistedOpStateExpiryEpochSec: 0}, Type:RATIS, Factor:ONE, State:ALLOCATED, leaderId:, CreationTimestamp2021-02-14T01:49:41.873Z]
2021-02-14 01:49:42,124 [IPC Server handler 0 on default port 34627] INFO  net.NetworkTopologyImpl (NetworkTopologyImpl.java:add(112)) - Added a new node: /default-rack/fe88e678-cae2-4575-8bb5-90c5b4ef55f6
2021-02-14 01:49:42,124 [IPC Server handler 0 on default port 34627] INFO  node.SCMNodeManager (SCMNodeManager.java:register(341)) - Registered Data node : fe88e678-cae2-4575-8bb5-90c5b4ef55f6{ip: 172.17.0.2, host: 9cc4fcda0858, ports: [REPLICATION=35873, RATIS=43003, RATIS_ADMIN=43003, RATIS_SERVER=43003, STANDALONE=41657], networkLocation: /default-rack, certSerialId: null, persistedOpState: null, persistedOpStateExpiryEpochSec: 0}
2021-02-14 01:49:42,124 [EventQueue-NodeRegistrationContainerReportForDataNodeSafeModeRule] INFO  safemode.SCMSafeModeManager (SCMSafeModeManager.java:validateSafeModeExitRules(214)) - DataNodeSafeModeRule rule is successfully validated
2021-02-14 01:49:42,124 [EventQueue-NodeRegistrationContainerReportForContainerSafeModeRule] INFO  safemode.SCMSafeModeManager (SCMSafeModeManager.java:validateSafeModeExitRules(214)) - ContainerSafeModeRule rule is successfully validated
2021-02-14 01:49:42,125 [EventQueue-PipelineReportForOneReplicaPipelineSafeModeRule] INFO  safemode.SCMSafeModeManager (SCMSafeModeManager.java:validateSafeModeExitRules(214)) - AtleastOneDatanodeReportedRule rule is successfully validated
2021-02-14 01:49:42,124 [RatisPipelineUtilsThread] INFO  pipeline.RatisPipelineProvider (RatisPipelineProvider.java:lambda$create$0(161)) - Sending CreatePipelineCommand for pipeline:PipelineID=7b7b9b3c-1cf5-423c-a920-a859aeb29fab to datanode:fe88e678-cae2-4575-8bb5-90c5b4ef55f6
2021-02-14 01:49:42,125 [RatisPipelineUtilsThread] INFO  pipeline.PipelineStateManager (PipelineStateManager.java:addPipeline(54)) - Created pipeline Pipeline[ Id: 7b7b9b3c-1cf5-423c-a920-a859aeb29fab, Nodes: fe88e678-cae2-4575-8bb5-90c5b4ef55f6{ip: 172.17.0.2, host: 9cc4fcda0858, ports: [REPLICATION=35873, RATIS=43003, RATIS_ADMIN=43003, RATIS_SERVER=43003, STANDALONE=41657], networkLocation: /default-rack, certSerialId: null, persistedOpState: IN_SERVICE, persistedOpStateExpiryEpochSec: 0}, Type:RATIS, Factor:ONE, State:ALLOCATED, leaderId:, CreationTimestamp2021-02-14T01:49:42.124Z]
2021-02-14 01:49:42,308 [Listener at 127.0.0.1/42551] INFO  ozone.MiniOzoneClusterImpl (MiniOzoneClusterImpl.java:lambda$waitForClusterToBeReady$0(187)) - Waiting for nodes to be ready. Got 8 of 9 DN Heartbeats.
2021-02-14 01:49:42,308 [Listener at 127.0.0.1/42551] INFO  ozone.MiniOzoneClusterImpl (MiniOzoneClusterImpl.java:lambda$waitForClusterToBeReady$0(190)) - Waiting for cluster to exit safe mode
2021-02-14 01:49:42,318 [IPC Server handler 2 on default port 34627] INFO  net.NetworkTopologyImpl (NetworkTopologyImpl.java:add(112)) - Added a new node: /default-rack/66662ab8-1b94-466a-9131-2b6af2fadcad
2021-02-14 01:49:42,318 [IPC Server handler 2 on default port 34627] INFO  node.SCMNodeManager (SCMNodeManager.java:register(341)) - Registered Data node : 66662ab8-1b94-466a-9131-2b6af2fadcad{ip: 172.17.0.2, host: 9cc4fcda0858, ports: [REPLICATION=34581, RATIS=46429, RATIS_ADMIN=46429, RATIS_SERVER=46429, STANDALONE=38827], networkLocation: /default-rack, certSerialId: null, persistedOpState: null, persistedOpStateExpiryEpochSec: 0}
2021-02-14 01:49:42,318 [EventQueue-PipelineReportForOneReplicaPipelineSafeModeRule] INFO  safemode.SCMSafeModeManager (SCMSafeModeManager.java:validateSafeModeExitRules(214)) - AtleastOneDatanodeReportedRule rule is successfully validated
2021-02-14 01:49:42,318 [EventQueue-NodeRegistrationContainerReportForContainerSafeModeRule] INFO  safemode.SCMSafeModeManager (SCMSafeModeManager.java:validateSafeModeExitRules(214)) - ContainerSafeModeRule rule is successfully validated
2021-02-14 01:49:42,319 [EventQueue-NodeRegistrationContainerReportForDataNodeSafeModeRule] INFO  safemode.SCMSafeModeManager (SCMSafeModeManager.java:validateSafeModeExitRules(214)) - DataNodeSafeModeRule rule is successfully validated
2021-02-14 01:49:42,320 [RatisPipelineUtilsThread] INFO  pipeline.RatisPipelineProvider (RatisPipelineProvider.java:lambda$create$0(161)) - Sending CreatePipelineCommand for pipeline:PipelineID=46603de1-c73c-4eae-85c9-6ad96dc41103 to datanode:66662ab8-1b94-466a-9131-2b6af2fadcad
2021-02-14 01:49:42,321 [RatisPipelineUtilsThread] INFO  pipeline.PipelineStateManager (PipelineStateManager.java:addPipeline(54)) - Created pipeline Pipeline[ Id: 46603de1-c73c-4eae-85c9-6ad96dc41103, Nodes: 66662ab8-1b94-466a-9131-2b6af2fadcad{ip: 172.17.0.2, host: 9cc4fcda0858, ports: [REPLICATION=34581, RATIS=46429, RATIS_ADMIN=46429, RATIS_SERVER=46429, STANDALONE=38827], networkLocation: /default-rack, certSerialId: null, persistedOpState: IN_SERVICE, persistedOpStateExpiryEpochSec: 0}, Type:RATIS, Factor:ONE, State:ALLOCATED, leaderId:, CreationTimestamp2021-02-14T01:49:42.320Z]
2021-02-14 01:49:42,321 [RatisPipelineUtilsThread] INFO  pipeline.RatisPipelineProvider (RatisPipelineProvider.java:lambda$create$0(161)) - Sending CreatePipelineCommand for pipeline:PipelineID=eaedb741-cb4a-4d2d-8b23-14ed30695f7d to datanode:fe88e678-cae2-4575-8bb5-90c5b4ef55f6
2021-02-14 01:49:42,321 [RatisPipelineUtilsThread] INFO  pipeline.RatisPipelineProvider (RatisPipelineProvider.java:lambda$create$0(161)) - Sending CreatePipelineCommand for pipeline:PipelineID=eaedb741-cb4a-4d2d-8b23-14ed30695f7d to datanode:46453c06-aa66-4ab8-8a2c-ab2255a053c6
2021-02-14 01:49:42,321 [RatisPipelineUtilsThread] INFO  pipeline.RatisPipelineProvider (RatisPipelineProvider.java:lambda$create$0(161)) - Sending CreatePipelineCommand for pipeline:PipelineID=eaedb741-cb4a-4d2d-8b23-14ed30695f7d to datanode:66662ab8-1b94-466a-9131-2b6af2fadcad
2021-02-14 01:49:42,322 [RatisPipelineUtilsThread] INFO  pipeline.PipelineStateManager (PipelineStateManager.java:addPipeline(54)) - Created pipeline Pipeline[ Id: eaedb741-cb4a-4d2d-8b23-14ed30695f7d, Nodes: fe88e678-cae2-4575-8bb5-90c5b4ef55f6{ip: 172.17.0.2, host: 9cc4fcda0858, ports: [REPLICATION=35873, RATIS=43003, RATIS_ADMIN=43003, RATIS_SERVER=43003, STANDALONE=41657], networkLocation: /default-rack, certSerialId: null, persistedOpState: IN_SERVICE, persistedOpStateExpiryEpochSec: 0}46453c06-aa66-4ab8-8a2c-ab2255a053c6{ip: 172.17.0.2, host: 9cc4fcda0858, ports: [REPLICATION=42239, RATIS=45889, RATIS_ADMIN=45889, RATIS_SERVER=45889, STANDALONE=45023], networkLocation: /default-rack, certSerialId: null, persistedOpState: IN_SERVICE, persistedOpStateExpiryEpochSec: 0}66662ab8-1b94-466a-9131-2b6af2fadcad{ip: 172.17.0.2, host: 9cc4fcda0858, ports: [REPLICATION=34581, RATIS=46429, RATIS_ADMIN=46429, RATIS_SERVER=46429, STANDALONE=38827], networkLocation: /default-rack, certSerialId: null, persistedOpState: IN_SERVICE, persistedOpStateExpiryEpochSec: 0}, Type:RATIS, Factor:THREE, State:ALLOCATED, leaderId:, CreationTimestamp2021-02-14T01:49:42.321Z]
2021-02-14 01:49:43,309 [Listener at 127.0.0.1/42551] INFO  ozone.MiniOzoneClusterImpl (MiniOzoneClusterImpl.java:lambda$waitForClusterToBeReady$0(187)) - Nodes are ready. Got 9 of 9 DN Heartbeats.
2021-02-14 01:49:43,309 [Listener at 127.0.0.1/42551] INFO  ozone.MiniOzoneClusterImpl (MiniOzoneClusterImpl.java:lambda$waitForClusterToBeReady$0(190)) - Waiting for cluster to exit safe mode
2021-02-14 01:49:43,378 [Command processor thread] INFO  server.RaftServer (RaftServerProxy.java:addNew(95)) - f8feeaac-d8ae-4c99-8c47-cf05d6facd09: addNew group-C285933B05BF:[f8feeaac-d8ae-4c99-8c47-cf05d6facd09|rpc:172.17.0.2:42991|priority:1] returns group-C285933B05BF:java.util.concurrent.CompletableFuture@72f82a19[Not completed]
2021-02-14 01:49:43,379 [pool-233-thread-1] INFO  server.RaftServer$Division (RaftServerImpl.java:<init>(180)) - f8feeaac-d8ae-4c99-8c47-cf05d6facd09: new RaftServerImpl for group-C285933B05BF:[f8feeaac-d8ae-4c99-8c47-cf05d6facd09|rpc:172.17.0.2:42991|priority:1] with ContainerStateMachine:uninitialized
2021-02-14 01:49:43,379 [pool-233-thread-1] INFO  server.RaftServerConfigKeys (ConfUtils.java:logGet(44)) - raft.server.rpc.timeout.min = 5s (custom)
2021-02-14 01:49:43,379 [pool-233-thread-1] INFO  server.RaftServerConfigKeys (ConfUtils.java:logGet(44)) - raft.server.rpc.timeout.max = 5200ms (custom)
2021-02-14 01:49:43,379 [pool-233-thread-1] INFO  server.RaftServerConfigKeys (ConfUtils.java:logGet(44)) - raft.server.rpc.sleep.time = 25ms (default)
2021-02-14 01:49:43,379 [pool-233-thread-1] INFO  server.RaftServerConfigKeys (ConfUtils.java:logGet(44)) - raft.server.rpc.slowness.timeout = 300000ms (custom)
2021-02-14 01:49:43,379 [pool-233-thread-1] INFO  server.RaftServerConfigKeys (ConfUtils.java:logGet(44)) - raft.server.leaderelection.leader.step-down.wait-time = 10s (default)
2021-02-14 01:49:43,379 [pool-233-thread-1] INFO  server.RaftServerConfigKeys (ConfUtils.java:logGet(44)) - raft.server.sleep.deviation.threshold = 300ms (default)
2021-02-14 01:49:43,379 [pool-233-thread-1] INFO  server.RaftServerConfigKeys (ConfUtils.java:logGet(44)) - raft.server.log.appender.install.snapshot.enabled = false (custom)
2021-02-14 01:49:43,379 [pool-233-thread-1] INFO  server.RaftServer$Division (ServerState.java:<init>(105)) - f8feeaac-d8ae-4c99-8c47-cf05d6facd09@group-C285933B05BF: ConfigurationManager, init=-1: [f8feeaac-d8ae-4c99-8c47-cf05d6facd09|rpc:172.17.0.2:42991|priority:1], old=null, confs=<EMPTY_MAP>
2021-02-14 01:49:43,380 [pool-233-thread-1] INFO  server.RaftServerConfigKeys (ConfUtils.java:logGet(44)) - raft.server.storage.dir = [/github/workspace/mnt/ozone/hadoop-ozone/integration-test/target/test-dir/MiniOzoneClusterImpl-b3eef9e8-6bea-4ca1-9f7b-091cac69c924/datanode-0/data/ratis] (custom)
2021-02-14 01:49:43,380 [pool-233-thread-1] INFO  server.RaftServerConfigKeys (ConfUtils.java:logGet(44)) - raft.server.log.corruption.policy = EXCEPTION (default)
2021-02-14 01:49:43,380 [pool-233-thread-1] INFO  storage.RaftStorageDirectory (RaftStorageDirectoryImpl.java:analyzeStorage(132)) - The storage directory /github/workspace/mnt/ozone/hadoop-ozone/integration-test/target/test-dir/MiniOzoneClusterImpl-b3eef9e8-6bea-4ca1-9f7b-091cac69c924/datanode-0/data/ratis/03ed08a1-e577-4700-acf7-c285933b05bf does not exist. Creating ...
2021-02-14 01:49:43,386 [pool-233-thread-1] INFO  storage.RaftStorageDirectory (RaftStorageDirectoryImpl.java:tryLock(215)) - Lock on /github/workspace/mnt/ozone/hadoop-ozone/integration-test/target/test-dir/MiniOzoneClusterImpl-b3eef9e8-6bea-4ca1-9f7b-091cac69c924/datanode-0/data/ratis/03ed08a1-e577-4700-acf7-c285933b05bf/in_use.lock acquired by nodename 25808@9cc4fcda0858
2021-02-14 01:49:43,388 [pool-233-thread-1] INFO  storage.RaftStorage (RaftStorageImpl.java:format(87)) - Storage directory /github/workspace/mnt/ozone/hadoop-ozone/integration-test/target/test-dir/MiniOzoneClusterImpl-b3eef9e8-6bea-4ca1-9f7b-091cac69c924/datanode-0/data/ratis/03ed08a1-e577-4700-acf7-c285933b05bf has been successfully formatted.
2021-02-14 01:49:43,388 [pool-233-thread-1] INFO  ratis.ContainerStateMachine (ContainerStateMachine.java:loadSnapshot(223)) - group-C285933B05BF: The snapshot info is null. Setting the last applied indexto:(t:0, i:~)
2021-02-14 01:49:43,388 [pool-233-thread-1] ERROR storage.RaftStorage (RaftStorageImpl.java:readRaftConfiguration(147)) - Failed reading configuration from file:/github/workspace/mnt/ozone/hadoop-ozone/integration-test/target/test-dir/MiniOzoneClusterImpl-b3eef9e8-6bea-4ca1-9f7b-091cac69c924/datanode-0/data/ratis/03ed08a1-e577-4700-acf7-c285933b05bf/current/raft-meta.conf
java.io.FileNotFoundException: /github/workspace/mnt/ozone/hadoop-ozone/integration-test/target/test-dir/MiniOzoneClusterImpl-b3eef9e8-6bea-4ca1-9f7b-091cac69c924/datanode-0/data/ratis/03ed08a1-e577-4700-acf7-c285933b05bf/current/raft-meta.conf (No such file or directory)
	at java.io.FileInputStream.open0(Native Method)
	at java.io.FileInputStream.open(FileInputStream.java:195)
	at java.io.FileInputStream.<init>(FileInputStream.java:138)
	at org.apache.ratis.server.storage.RaftStorageImpl.readRaftConfiguration(RaftStorageImpl.java:143)
	at org.apache.ratis.server.impl.ServerState.<init>(ServerState.java:122)
	at org.apache.ratis.server.impl.RaftServerImpl.<init>(RaftServerImpl.java:193)
	at org.apache.ratis.server.impl.RaftServerProxy.lambda$newRaftServerImpl$4(RaftServerProxy.java:266)
	at java.util.concurrent.CompletableFuture$AsyncSupply.run(CompletableFuture.java:1604)
	at java.util.concurrent.ThreadPoolExecutor.runWorker(ThreadPoolExecutor.java:1149)
	at java.util.concurrent.ThreadPoolExecutor$Worker.run(ThreadPoolExecutor.java:624)
	at java.lang.Thread.run(Thread.java:748)
2021-02-14 01:49:43,388 [pool-233-thread-1] INFO  server.RaftServerConfigKeys (ConfUtils.java:logGet(44)) - raft.server.notification.no-leader.timeout = 300000ms (custom)
2021-02-14 01:49:43,389 [pool-233-thread-1] INFO  server.RaftServerConfigKeys (ConfUtils.java:logGet(44)) - raft.server.log.use.memory = false (default)
2021-02-14 01:49:43,389 [pool-233-thread-1] INFO  server.RaftServerConfigKeys (ConfUtils.java:logGet(44)) - raft.server.log.purge.gap = 1000000 (custom)
2021-02-14 01:49:43,389 [pool-233-thread-1] INFO  server.RaftServerConfigKeys (ConfUtils.java:logGet(44)) - raft.server.log.appender.buffer.byte-limit = 33554432 (custom)
2021-02-14 01:49:43,389 [EventQueue-PipelineReportForOneReplicaPipelineSafeModeRule] INFO  safemode.SCMSafeModeManager (SCMSafeModeManager.java:validateSafeModeExitRules(214)) - AtleastOneDatanodeReportedRule rule is successfully validated
2021-02-14 01:49:43,389 [EventQueue-PipelineReportForPipelineReportHandler] INFO  pipeline.PipelineStateManager (PipelineStateManager.java:openPipeline(132)) - Pipeline Pipeline[ Id: 03ed08a1-e577-4700-acf7-c285933b05bf, Nodes: f8feeaac-d8ae-4c99-8c47-cf05d6facd09{ip: 172.17.0.2, host: 9cc4fcda0858, ports: [REPLICATION=33481, RATIS=42991, RATIS_ADMIN=42991, RATIS_SERVER=42991, STANDALONE=39279], networkLocation: /default-rack, certSerialId: null, persistedOpState: IN_SERVICE, persistedOpStateExpiryEpochSec: 0}, Type:RATIS, Factor:ONE, State:ALLOCATED, leaderId:f8feeaac-d8ae-4c99-8c47-cf05d6facd09, CreationTimestamp2021-02-14T01:49:40.378Z] moved to OPEN state
2021-02-14 01:49:43,389 [pool-233-thread-1] INFO  metrics.RatisMetrics (RatisMetrics.java:lambda$create$0(36)) - Creating Metrics Registry : ratis.log_worker.f8feeaac-d8ae-4c99-8c47-cf05d6facd09@group-C285933B05BF
2021-02-14 01:49:43,391 [pool-233-thread-1] INFO  server.RaftServerConfigKeys (ConfUtils.java:logGet(44)) - raft.server.log.segment.size.max = 1048576 (custom)
2021-02-14 01:49:43,392 [pool-233-thread-1] INFO  server.RaftServerConfigKeys (ConfUtils.java:logGet(44)) - raft.server.log.segment.cache.num.max = 2 (custom)
2021-02-14 01:49:43,392 [pool-233-thread-1] INFO  server.RaftServerConfigKeys (ConfUtils.java:logGet(44)) - raft.server.log.segment.cache.size.max = 200MB (=209715200) (default)
2021-02-14 01:49:43,392 [pool-233-thread-1] INFO  segmented.SegmentedRaftLogWorker (SegmentedRaftLogWorker.java:<init>(181)) - new f8feeaac-d8ae-4c99-8c47-cf05d6facd09@group-C285933B05BF-SegmentedRaftLogWorker for RaftStorageImpl:Storage Directory /github/workspace/mnt/ozone/hadoop-ozone/integration-test/target/test-dir/MiniOzoneClusterImpl-b3eef9e8-6bea-4ca1-9f7b-091cac69c924/datanode-0/data/ratis/03ed08a1-e577-4700-acf7-c285933b05bf
2021-02-14 01:49:43,392 [pool-233-thread-1] INFO  server.RaftServerConfigKeys (ConfUtils.java:logGet(44)) - raft.server.log.queue.byte-limit = 2147483647 (custom)
2021-02-14 01:49:43,392 [pool-233-thread-1] INFO  server.RaftServerConfigKeys (ConfUtils.java:logGet(44)) - raft.server.log.queue.element-limit = 1024 (custom)
2021-02-14 01:49:43,392 [pool-233-thread-1] INFO  server.RaftServerConfigKeys (ConfUtils.java:logGet(44)) - raft.server.log.segment.size.max = 1048576 (custom)
2021-02-14 01:49:43,392 [pool-233-thread-1] INFO  server.RaftServerConfigKeys (ConfUtils.java:logGet(44)) - raft.server.log.preallocated.size = 16384 (custom)
2021-02-14 01:49:43,392 [pool-233-thread-1] INFO  server.RaftServerConfigKeys (ConfUtils.java:logGet(44)) - raft.server.log.force.sync.num = 128 (default)
2021-02-14 01:49:43,392 [pool-233-thread-1] INFO  server.RaftServerConfigKeys (ConfUtils.java:logGet(44)) - raft.server.log.statemachine.data.sync = true (default)
2021-02-14 01:49:43,392 [pool-233-thread-1] INFO  server.RaftServerConfigKeys (ConfUtils.java:logGet(44)) - raft.server.log.statemachine.data.sync.timeout = 10s (default)
2021-02-14 01:49:43,393 [pool-233-thread-1] INFO  server.RaftServerConfigKeys (ConfUtils.java:logGet(44)) - raft.server.log.statemachine.data.sync.timeout.retry = -1 (default)
2021-02-14 01:49:43,396 [EventQueue-OpenPipelineForHealthyPipelineSafeModeRule] INFO  safemode.SCMSafeModeManager (HealthyPipelineSafeModeRule.java:process(128)) - SCM in safe mode. Healthy pipelines reported count is 0, required healthy pipeline reported count is 1
2021-02-14 01:49:43,396 [pool-233-thread-1] INFO  server.RaftServerConfigKeys (ConfUtils.java:logGet(44)) - raft.server.log.write.buffer.size = 1048576 (custom)
2021-02-14 01:49:43,397 [pool-233-thread-1] INFO  server.RaftServerConfigKeys (ConfUtils.java:logGet(44)) - raft.server.log.statemachine.data.caching.enabled = true (custom)
2021-02-14 01:49:43,397 [pool-233-thread-1] INFO  segmented.SegmentedRaftLogWorker (SegmentedRaftLogWorker.java:lambda$new$0(132)) - f8feeaac-d8ae-4c99-8c47-cf05d6facd09@group-C285933B05BF-SegmentedRaftLogWorker: flushIndex: setUnconditionally 0 -> -1
2021-02-14 01:49:43,398 [pool-233-thread-1] INFO  segmented.SegmentedRaftLogWorker (SegmentedRaftLogWorker.java:lambda$new$0(132)) - f8feeaac-d8ae-4c99-8c47-cf05d6facd09@group-C285933B05BF-SegmentedRaftLogWorker: safeCacheEvictIndex: setUnconditionally 0 -> -1
2021-02-14 01:49:43,400 [pool-233-thread-1] INFO  server.RaftServerConfigKeys (ConfUtils.java:logGet(44)) - raft.server.snapshot.auto.trigger.enabled = true (custom)
2021-02-14 01:49:43,400 [pool-233-thread-1] INFO  server.RaftServerConfigKeys (ConfUtils.java:logGet(44)) - raft.server.snapshot.auto.trigger.threshold = 10000 (custom)
2021-02-14 01:49:43,400 [pool-233-thread-1] INFO  server.RaftServerConfigKeys (ConfUtils.java:logGet(44)) - raft.server.snapshot.retention.file.num = 5 (custom)
2021-02-14 01:49:43,400 [pool-233-thread-1] INFO  server.RaftServerConfigKeys (ConfUtils.java:logGet(44)) - raft.server.log.purge.upto.snapshot.index = false (default)
2021-02-14 01:49:43,400 [pool-233-thread-1] INFO  server.RaftServerConfigKeys (ConfUtils.java:logGet(44)) - raft.server.retrycache.expirytime = 600000ms (custom)
2021-02-14 01:49:43,401 [pool-233-thread-1] INFO  server.RaftServerConfigKeys (ConfUtils.java:logGet(44)) - raft.server.retrycache.statistics.expirytime = 100?s (default)
2021-02-14 01:49:43,402 [pool-233-thread-1] INFO  metrics.RatisMetrics (RatisMetrics.java:lambda$create$0(36)) - Creating Metrics Registry : ratis.leader_election.f8feeaac-d8ae-4c99-8c47-cf05d6facd09@group-C285933B05BF
2021-02-14 01:49:43,402 [pool-233-thread-1] INFO  metrics.RatisMetrics (RatisMetrics.java:lambda$create$0(36)) - Creating Metrics Registry : ratis.server.f8feeaac-d8ae-4c99-8c47-cf05d6facd09@group-C285933B05BF
2021-02-14 01:49:43,405 [pool-233-thread-1] INFO  server.RaftServer$Division (RaftServerImpl.java:start(295)) - f8feeaac-d8ae-4c99-8c47-cf05d6facd09@group-C285933B05BF: start as a follower, conf=-1: [f8feeaac-d8ae-4c99-8c47-cf05d6facd09|rpc:172.17.0.2:42991|priority:1], old=null
2021-02-14 01:49:43,405 [pool-233-thread-1] INFO  server.RaftServer$Division (RaftServerImpl.java:setRole(284)) - f8feeaac-d8ae-4c99-8c47-cf05d6facd09@group-C285933B05BF: changes role from      null to FOLLOWER at term 0 for startAsFollower
2021-02-14 01:49:43,405 [pool-233-thread-1] INFO  impl.RoleInfo (RoleInfo.java:updateAndGet(130)) - f8feeaac-d8ae-4c99-8c47-cf05d6facd09: start f8feeaac-d8ae-4c99-8c47-cf05d6facd09@group-C285933B05BF-FollowerState
2021-02-14 01:49:43,405 [pool-233-thread-1] INFO  util.JmxRegister (JmxRegister.java:tryRegister(44)) - Successfully registered JMX Bean with object name Ratis:service=RaftServer,group=group-C285933B05BF,id=f8feeaac-d8ae-4c99-8c47-cf05d6facd09
2021-02-14 01:49:43,405 [pool-233-thread-1] INFO  metrics.RatisMetrics (RatisMetrics.java:lambda$create$0(36)) - Creating Metrics Registry : ratis.state_machine.f8feeaac-d8ae-4c99-8c47-cf05d6facd09@group-C285933B05BF
2021-02-14 01:49:43,407 [Command processor thread] INFO  commandhandler.CreatePipelineCommandHandler (CreatePipelineCommandHandler.java:handle(106)) - Created Pipeline RATIS ONE PipelineID=03ed08a1-e577-4700-acf7-c285933b05bf.
2021-02-14 01:49:43,407 [Command processor thread] INFO  server.RaftServer (RaftServerProxy.java:addNew(95)) - f8feeaac-d8ae-4c99-8c47-cf05d6facd09: addNew group-248E97A0B5F6:[2ec71a43-acc1-42a3-b8ca-de3ee762a3c9|rpc:172.17.0.2:42675|priority:0, f8feeaac-d8ae-4c99-8c47-cf05d6facd09|rpc:172.17.0.2:42991|priority:0, 13da2f53-0476-4a03-b606-a9c3a1877f5a|rpc:172.17.0.2:44773|priority:1] returns group-248E97A0B5F6:java.util.concurrent.CompletableFuture@76c7a09e[Not completed]
2021-02-14 01:49:43,408 [pool-233-thread-1] INFO  server.RaftServer$Division (RaftServerImpl.java:<init>(180)) - f8feeaac-d8ae-4c99-8c47-cf05d6facd09: new RaftServerImpl for group-248E97A0B5F6:[2ec71a43-acc1-42a3-b8ca-de3ee762a3c9|rpc:172.17.0.2:42675|priority:0, f8feeaac-d8ae-4c99-8c47-cf05d6facd09|rpc:172.17.0.2:42991|priority:0, 13da2f53-0476-4a03-b606-a9c3a1877f5a|rpc:172.17.0.2:44773|priority:1] with ContainerStateMachine:uninitialized
2021-02-14 01:49:43,408 [pool-233-thread-1] INFO  server.RaftServerConfigKeys (ConfUtils.java:logGet(44)) - raft.server.rpc.timeout.min = 5s (custom)
2021-02-14 01:49:43,408 [pool-233-thread-1] INFO  server.RaftServerConfigKeys (ConfUtils.java:logGet(44)) - raft.server.rpc.timeout.max = 5200ms (custom)
2021-02-14 01:49:43,408 [pool-233-thread-1] INFO  server.RaftServerConfigKeys (ConfUtils.java:logGet(44)) - raft.server.rpc.sleep.time = 25ms (default)
2021-02-14 01:49:43,408 [pool-233-thread-1] INFO  server.RaftServerConfigKeys (ConfUtils.java:logGet(44)) - raft.server.rpc.slowness.timeout = 300000ms (custom)
2021-02-14 01:49:43,408 [pool-233-thread-1] INFO  server.RaftServerConfigKeys (ConfUtils.java:logGet(44)) - raft.server.leaderelection.leader.step-down.wait-time = 10s (default)
2021-02-14 01:49:43,408 [pool-233-thread-1] INFO  server.RaftServerConfigKeys (ConfUtils.java:logGet(44)) - raft.server.sleep.deviation.threshold = 300ms (default)
2021-02-14 01:49:43,408 [pool-233-thread-1] INFO  server.RaftServerConfigKeys (ConfUtils.java:logGet(44)) - raft.server.log.appender.install.snapshot.enabled = false (custom)
2021-02-14 01:49:43,408 [pool-233-thread-1] INFO  server.RaftServer$Division (ServerState.java:<init>(105)) - f8feeaac-d8ae-4c99-8c47-cf05d6facd09@group-248E97A0B5F6: ConfigurationManager, init=-1: [2ec71a43-acc1-42a3-b8ca-de3ee762a3c9|rpc:172.17.0.2:42675|priority:0, f8feeaac-d8ae-4c99-8c47-cf05d6facd09|rpc:172.17.0.2:42991|priority:0, 13da2f53-0476-4a03-b606-a9c3a1877f5a|rpc:172.17.0.2:44773|priority:1], old=null, confs=<EMPTY_MAP>
2021-02-14 01:49:43,409 [pool-233-thread-1] INFO  server.RaftServerConfigKeys (ConfUtils.java:logGet(44)) - raft.server.storage.dir = [/github/workspace/mnt/ozone/hadoop-ozone/integration-test/target/test-dir/MiniOzoneClusterImpl-b3eef9e8-6bea-4ca1-9f7b-091cac69c924/datanode-0/data/ratis] (custom)
2021-02-14 01:49:43,409 [pool-233-thread-1] INFO  server.RaftServerConfigKeys (ConfUtils.java:logGet(44)) - raft.server.log.corruption.policy = EXCEPTION (default)
2021-02-14 01:49:43,409 [pool-233-thread-1] INFO  storage.RaftStorageDirectory (RaftStorageDirectoryImpl.java:analyzeStorage(132)) - The storage directory /github/workspace/mnt/ozone/hadoop-ozone/integration-test/target/test-dir/MiniOzoneClusterImpl-b3eef9e8-6bea-4ca1-9f7b-091cac69c924/datanode-0/data/ratis/12b43190-c0bf-432e-b224-248e97a0b5f6 does not exist. Creating ...
2021-02-14 01:49:43,413 [pool-233-thread-1] INFO  storage.RaftStorageDirectory (RaftStorageDirectoryImpl.java:tryLock(215)) - Lock on /github/workspace/mnt/ozone/hadoop-ozone/integration-test/target/test-dir/MiniOzoneClusterImpl-b3eef9e8-6bea-4ca1-9f7b-091cac69c924/datanode-0/data/ratis/12b43190-c0bf-432e-b224-248e97a0b5f6/in_use.lock acquired by nodename 25808@9cc4fcda0858
2021-02-14 01:49:43,414 [pool-233-thread-1] INFO  storage.RaftStorage (RaftStorageImpl.java:format(87)) - Storage directory /github/workspace/mnt/ozone/hadoop-ozone/integration-test/target/test-dir/MiniOzoneClusterImpl-b3eef9e8-6bea-4ca1-9f7b-091cac69c924/datanode-0/data/ratis/12b43190-c0bf-432e-b224-248e97a0b5f6 has been successfully formatted.
2021-02-14 01:49:43,414 [pool-233-thread-1] INFO  ratis.ContainerStateMachine (ContainerStateMachine.java:loadSnapshot(223)) - group-248E97A0B5F6: The snapshot info is null. Setting the last applied indexto:(t:0, i:~)
2021-02-14 01:49:43,414 [pool-233-thread-1] ERROR storage.RaftStorage (RaftStorageImpl.java:readRaftConfiguration(147)) - Failed reading configuration from file:/github/workspace/mnt/ozone/hadoop-ozone/integration-test/target/test-dir/MiniOzoneClusterImpl-b3eef9e8-6bea-4ca1-9f7b-091cac69c924/datanode-0/data/ratis/12b43190-c0bf-432e-b224-248e97a0b5f6/current/raft-meta.conf
java.io.FileNotFoundException: /github/workspace/mnt/ozone/hadoop-ozone/integration-test/target/test-dir/MiniOzoneClusterImpl-b3eef9e8-6bea-4ca1-9f7b-091cac69c924/datanode-0/data/ratis/12b43190-c0bf-432e-b224-248e97a0b5f6/current/raft-meta.conf (No such file or directory)
	at java.io.FileInputStream.open0(Native Method)
	at java.io.FileInputStream.open(FileInputStream.java:195)
	at java.io.FileInputStream.<init>(FileInputStream.java:138)
	at org.apache.ratis.server.storage.RaftStorageImpl.readRaftConfiguration(RaftStorageImpl.java:143)
	at org.apache.ratis.server.impl.ServerState.<init>(ServerState.java:122)
	at org.apache.ratis.server.impl.RaftServerImpl.<init>(RaftServerImpl.java:193)
	at org.apache.ratis.server.impl.RaftServerProxy.lambda$newRaftServerImpl$4(RaftServerProxy.java:266)
	at java.util.concurrent.CompletableFuture$AsyncSupply.run(CompletableFuture.java:1604)
	at java.util.concurrent.ThreadPoolExecutor.runWorker(ThreadPoolExecutor.java:1149)
	at java.util.concurrent.ThreadPoolExecutor$Worker.run(ThreadPoolExecutor.java:624)
	at java.lang.Thread.run(Thread.java:748)
2021-02-14 01:49:43,414 [pool-233-thread-1] INFO  server.RaftServerConfigKeys (ConfUtils.java:logGet(44)) - raft.server.notification.no-leader.timeout = 300000ms (custom)
2021-02-14 01:49:43,415 [EventQueue-OpenPipelineForHealthyPipelineSafeModeRule] INFO  safemode.SCMSafeModeManager (HealthyPipelineSafeModeRule.java:process(128)) - SCM in safe mode. Healthy pipelines reported count is 0, required healthy pipeline reported count is 1
2021-02-14 01:49:43,415 [EventQueue-PipelineReportForOneReplicaPipelineSafeModeRule] INFO  safemode.SCMSafeModeManager (SCMSafeModeManager.java:validateSafeModeExitRules(214)) - AtleastOneDatanodeReportedRule rule is successfully validated
2021-02-14 01:49:43,424 [pool-233-thread-1] INFO  server.RaftServerConfigKeys (ConfUtils.java:logGet(44)) - raft.server.log.use.memory = false (default)
2021-02-14 01:49:43,424 [pool-233-thread-1] INFO  server.RaftServerConfigKeys (ConfUtils.java:logGet(44)) - raft.server.log.purge.gap = 1000000 (custom)
2021-02-14 01:49:43,424 [pool-233-thread-1] INFO  server.RaftServerConfigKeys (ConfUtils.java:logGet(44)) - raft.server.log.appender.buffer.byte-limit = 33554432 (custom)
2021-02-14 01:49:43,424 [pool-233-thread-1] INFO  metrics.RatisMetrics (RatisMetrics.java:lambda$create$0(36)) - Creating Metrics Registry : ratis.log_worker.f8feeaac-d8ae-4c99-8c47-cf05d6facd09@group-248E97A0B5F6
2021-02-14 01:49:43,424 [pool-233-thread-1] INFO  server.RaftServerConfigKeys (ConfUtils.java:logGet(44)) - raft.server.log.segment.size.max = 1048576 (custom)
2021-02-14 01:49:43,425 [pool-233-thread-1] INFO  server.RaftServerConfigKeys (ConfUtils.java:logGet(44)) - raft.server.log.segment.cache.num.max = 2 (custom)
2021-02-14 01:49:43,425 [pool-233-thread-1] INFO  server.RaftServerConfigKeys (ConfUtils.java:logGet(44)) - raft.server.log.segment.cache.size.max = 200MB (=209715200) (default)
2021-02-14 01:49:43,425 [pool-233-thread-1] INFO  segmented.SegmentedRaftLogWorker (SegmentedRaftLogWorker.java:<init>(181)) - new f8feeaac-d8ae-4c99-8c47-cf05d6facd09@group-248E97A0B5F6-SegmentedRaftLogWorker for RaftStorageImpl:Storage Directory /github/workspace/mnt/ozone/hadoop-ozone/integration-test/target/test-dir/MiniOzoneClusterImpl-b3eef9e8-6bea-4ca1-9f7b-091cac69c924/datanode-0/data/ratis/12b43190-c0bf-432e-b224-248e97a0b5f6
2021-02-14 01:49:43,425 [pool-233-thread-1] INFO  server.RaftServerConfigKeys (ConfUtils.java:logGet(44)) - raft.server.log.queue.byte-limit = 2147483647 (custom)
2021-02-14 01:49:43,425 [pool-233-thread-1] INFO  server.RaftServerConfigKeys (ConfUtils.java:logGet(44)) - raft.server.log.queue.element-limit = 1024 (custom)
2021-02-14 01:49:43,425 [pool-233-thread-1] INFO  server.RaftServerConfigKeys (ConfUtils.java:logGet(44)) - raft.server.log.segment.size.max = 1048576 (custom)
2021-02-14 01:49:43,425 [pool-233-thread-1] INFO  server.RaftServerConfigKeys (ConfUtils.java:logGet(44)) - raft.server.log.preallocated.size = 16384 (custom)
2021-02-14 01:49:43,425 [pool-233-thread-1] INFO  server.RaftServerConfigKeys (ConfUtils.java:logGet(44)) - raft.server.log.force.sync.num = 128 (default)
2021-02-14 01:49:43,426 [pool-233-thread-1] INFO  server.RaftServerConfigKeys (ConfUtils.java:logGet(44)) - raft.server.log.statemachine.data.sync = true (default)
2021-02-14 01:49:43,426 [pool-233-thread-1] INFO  server.RaftServerConfigKeys (ConfUtils.java:logGet(44)) - raft.server.log.statemachine.data.sync.timeout = 10s (default)
2021-02-14 01:49:43,426 [pool-233-thread-1] INFO  server.RaftServerConfigKeys (ConfUtils.java:logGet(44)) - raft.server.log.statemachine.data.sync.timeout.retry = -1 (default)
2021-02-14 01:49:43,427 [pool-233-thread-1] INFO  server.RaftServerConfigKeys (ConfUtils.java:logGet(44)) - raft.server.log.write.buffer.size = 1048576 (custom)
2021-02-14 01:49:43,428 [pool-233-thread-1] INFO  server.RaftServerConfigKeys (ConfUtils.java:logGet(44)) - raft.server.log.statemachine.data.caching.enabled = true (custom)
2021-02-14 01:49:43,428 [pool-233-thread-1] INFO  segmented.SegmentedRaftLogWorker (SegmentedRaftLogWorker.java:lambda$new$0(132)) - f8feeaac-d8ae-4c99-8c47-cf05d6facd09@group-248E97A0B5F6-SegmentedRaftLogWorker: flushIndex: setUnconditionally 0 -> -1
2021-02-14 01:49:43,428 [pool-233-thread-1] INFO  segmented.SegmentedRaftLogWorker (SegmentedRaftLogWorker.java:lambda$new$0(132)) - f8feeaac-d8ae-4c99-8c47-cf05d6facd09@group-248E97A0B5F6-SegmentedRaftLogWorker: safeCacheEvictIndex: setUnconditionally 0 -> -1
2021-02-14 01:49:43,429 [pool-233-thread-1] INFO  server.RaftServerConfigKeys (ConfUtils.java:logGet(44)) - raft.server.snapshot.auto.trigger.enabled = true (custom)
2021-02-14 01:49:43,429 [pool-233-thread-1] INFO  server.RaftServerConfigKeys (ConfUtils.java:logGet(44)) - raft.server.snapshot.auto.trigger.threshold = 10000 (custom)
2021-02-14 01:49:43,429 [pool-233-thread-1] INFO  server.RaftServerConfigKeys (ConfUtils.java:logGet(44)) - raft.server.snapshot.retention.file.num = 5 (custom)
2021-02-14 01:49:43,429 [pool-233-thread-1] INFO  server.RaftServerConfigKeys (ConfUtils.java:logGet(44)) - raft.server.log.purge.upto.snapshot.index = false (default)
2021-02-14 01:49:43,429 [pool-233-thread-1] INFO  server.RaftServerConfigKeys (ConfUtils.java:logGet(44)) - raft.server.retrycache.expirytime = 600000ms (custom)
2021-02-14 01:49:43,429 [pool-233-thread-1] INFO  server.RaftServerConfigKeys (ConfUtils.java:logGet(44)) - raft.server.retrycache.statistics.expirytime = 100?s (default)
2021-02-14 01:49:43,430 [pool-233-thread-1] INFO  metrics.RatisMetrics (RatisMetrics.java:lambda$create$0(36)) - Creating Metrics Registry : ratis.leader_election.f8feeaac-d8ae-4c99-8c47-cf05d6facd09@group-248E97A0B5F6
2021-02-14 01:49:43,430 [pool-233-thread-1] INFO  metrics.RatisMetrics (RatisMetrics.java:lambda$create$0(36)) - Creating Metrics Registry : ratis.server.f8feeaac-d8ae-4c99-8c47-cf05d6facd09@group-248E97A0B5F6
2021-02-14 01:49:43,432 [pool-233-thread-1] INFO  server.RaftServer$Division (RaftServerImpl.java:start(295)) - f8feeaac-d8ae-4c99-8c47-cf05d6facd09@group-248E97A0B5F6: start as a follower, conf=-1: [2ec71a43-acc1-42a3-b8ca-de3ee762a3c9|rpc:172.17.0.2:42675|priority:0, f8feeaac-d8ae-4c99-8c47-cf05d6facd09|rpc:172.17.0.2:42991|priority:0, 13da2f53-0476-4a03-b606-a9c3a1877f5a|rpc:172.17.0.2:44773|priority:1], old=null
2021-02-14 01:49:43,432 [pool-233-thread-1] INFO  server.RaftServer$Division (RaftServerImpl.java:setRole(284)) - f8feeaac-d8ae-4c99-8c47-cf05d6facd09@group-248E97A0B5F6: changes role from      null to FOLLOWER at term 0 for startAsFollower
2021-02-14 01:49:43,432 [pool-233-thread-1] INFO  impl.RoleInfo (RoleInfo.java:updateAndGet(130)) - f8feeaac-d8ae-4c99-8c47-cf05d6facd09: start f8feeaac-d8ae-4c99-8c47-cf05d6facd09@group-248E97A0B5F6-FollowerState
2021-02-14 01:49:43,432 [pool-233-thread-1] INFO  util.JmxRegister (JmxRegister.java:tryRegister(44)) - Successfully registered JMX Bean with object name Ratis:service=RaftServer,group=group-248E97A0B5F6,id=f8feeaac-d8ae-4c99-8c47-cf05d6facd09
2021-02-14 01:49:43,432 [pool-233-thread-1] INFO  metrics.RatisMetrics (RatisMetrics.java:lambda$create$0(36)) - Creating Metrics Registry : ratis.state_machine.f8feeaac-d8ae-4c99-8c47-cf05d6facd09@group-248E97A0B5F6
2021-02-14 01:49:43,438 [Command processor thread] INFO  metrics.RatisMetrics (RatisMetrics.java:lambda$create$0(36)) - Creating Metrics Registry : ratis.client_message_metrics.client-D807FFF5FD63->13da2f53-0476-4a03-b606-a9c3a1877f5a
2021-02-14 01:49:43,443 [grpc-default-executor-3] INFO  metrics.RatisMetrics (RatisMetrics.java:lambda$create$0(36)) - Creating Metrics Registry : ratis.server_message_metrics.13da2f53-0476-4a03-b606-a9c3a1877f5a
2021-02-14 01:49:43,446 [grpc-default-executor-3] INFO  server.RaftServer (RaftServerProxy.java:addNew(95)) - 13da2f53-0476-4a03-b606-a9c3a1877f5a: addNew group-248E97A0B5F6:[2ec71a43-acc1-42a3-b8ca-de3ee762a3c9|rpc:172.17.0.2:42675|dataStream:|priority:0, f8feeaac-d8ae-4c99-8c47-cf05d6facd09|rpc:172.17.0.2:42991|dataStream:|priority:0, 13da2f53-0476-4a03-b606-a9c3a1877f5a|rpc:172.17.0.2:44773|dataStream:|priority:1] returns group-248E97A0B5F6:java.util.concurrent.CompletableFuture@640785a2[Not completed]
2021-02-14 01:49:43,449 [pool-249-thread-1] INFO  server.RaftServer$Division (RaftServerImpl.java:<init>(180)) - 13da2f53-0476-4a03-b606-a9c3a1877f5a: new RaftServerImpl for group-248E97A0B5F6:[2ec71a43-acc1-42a3-b8ca-de3ee762a3c9|rpc:172.17.0.2:42675|dataStream:|priority:0, f8feeaac-d8ae-4c99-8c47-cf05d6facd09|rpc:172.17.0.2:42991|dataStream:|priority:0, 13da2f53-0476-4a03-b606-a9c3a1877f5a|rpc:172.17.0.2:44773|dataStream:|priority:1] with ContainerStateMachine:uninitialized
2021-02-14 01:49:43,449 [pool-249-thread-1] INFO  server.RaftServerConfigKeys (ConfUtils.java:logGet(44)) - raft.server.rpc.timeout.min = 5s (custom)
2021-02-14 01:49:43,449 [pool-249-thread-1] INFO  server.RaftServerConfigKeys (ConfUtils.java:logGet(44)) - raft.server.rpc.timeout.max = 5200ms (custom)
2021-02-14 01:49:43,449 [pool-249-thread-1] INFO  server.RaftServerConfigKeys (ConfUtils.java:logGet(44)) - raft.server.rpc.sleep.time = 25ms (default)
2021-02-14 01:49:43,450 [pool-249-thread-1] INFO  server.RaftServerConfigKeys (ConfUtils.java:logGet(44)) - raft.server.rpc.slowness.timeout = 300000ms (custom)
2021-02-14 01:49:43,450 [pool-249-thread-1] INFO  server.RaftServerConfigKeys (ConfUtils.java:logGet(44)) - raft.server.leaderelection.leader.step-down.wait-time = 10s (default)
2021-02-14 01:49:43,450 [pool-249-thread-1] INFO  server.RaftServerConfigKeys (ConfUtils.java:logGet(44)) - raft.server.sleep.deviation.threshold = 300ms (default)
2021-02-14 01:49:43,450 [pool-249-thread-1] INFO  server.RaftServerConfigKeys (ConfUtils.java:logGet(44)) - raft.server.log.appender.install.snapshot.enabled = false (custom)
2021-02-14 01:49:43,450 [pool-249-thread-1] INFO  server.RaftServer$Division (ServerState.java:<init>(105)) - 13da2f53-0476-4a03-b606-a9c3a1877f5a@group-248E97A0B5F6: ConfigurationManager, init=-1: [2ec71a43-acc1-42a3-b8ca-de3ee762a3c9|rpc:172.17.0.2:42675|dataStream:|priority:0, f8feeaac-d8ae-4c99-8c47-cf05d6facd09|rpc:172.17.0.2:42991|dataStream:|priority:0, 13da2f53-0476-4a03-b606-a9c3a1877f5a|rpc:172.17.0.2:44773|dataStream:|priority:1], old=null, confs=<EMPTY_MAP>
2021-02-14 01:49:43,450 [pool-249-thread-1] INFO  server.RaftServerConfigKeys (ConfUtils.java:logGet(44)) - raft.server.storage.dir = [/github/workspace/mnt/ozone/hadoop-ozone/integration-test/target/test-dir/MiniOzoneClusterImpl-b3eef9e8-6bea-4ca1-9f7b-091cac69c924/datanode-1/data/ratis] (custom)
2021-02-14 01:49:43,450 [pool-249-thread-1] INFO  server.RaftServerConfigKeys (ConfUtils.java:logGet(44)) - raft.server.log.corruption.policy = EXCEPTION (default)
2021-02-14 01:49:43,450 [pool-249-thread-1] INFO  storage.RaftStorageDirectory (RaftStorageDirectoryImpl.java:analyzeStorage(132)) - The storage directory /github/workspace/mnt/ozone/hadoop-ozone/integration-test/target/test-dir/MiniOzoneClusterImpl-b3eef9e8-6bea-4ca1-9f7b-091cac69c924/datanode-1/data/ratis/12b43190-c0bf-432e-b224-248e97a0b5f6 does not exist. Creating ...
2021-02-14 01:49:43,452 [pool-249-thread-1] INFO  storage.RaftStorageDirectory (RaftStorageDirectoryImpl.java:tryLock(215)) - Lock on /github/workspace/mnt/ozone/hadoop-ozone/integration-test/target/test-dir/MiniOzoneClusterImpl-b3eef9e8-6bea-4ca1-9f7b-091cac69c924/datanode-1/data/ratis/12b43190-c0bf-432e-b224-248e97a0b5f6/in_use.lock acquired by nodename 25808@9cc4fcda0858
2021-02-14 01:49:43,453 [pool-249-thread-1] INFO  storage.RaftStorage (RaftStorageImpl.java:format(87)) - Storage directory /github/workspace/mnt/ozone/hadoop-ozone/integration-test/target/test-dir/MiniOzoneClusterImpl-b3eef9e8-6bea-4ca1-9f7b-091cac69c924/datanode-1/data/ratis/12b43190-c0bf-432e-b224-248e97a0b5f6 has been successfully formatted.
2021-02-14 01:49:43,453 [pool-249-thread-1] INFO  ratis.ContainerStateMachine (ContainerStateMachine.java:loadSnapshot(223)) - group-248E97A0B5F6: The snapshot info is null. Setting the last applied indexto:(t:0, i:~)
2021-02-14 01:49:43,453 [pool-249-thread-1] ERROR storage.RaftStorage (RaftStorageImpl.java:readRaftConfiguration(147)) - Failed reading configuration from file:/github/workspace/mnt/ozone/hadoop-ozone/integration-test/target/test-dir/MiniOzoneClusterImpl-b3eef9e8-6bea-4ca1-9f7b-091cac69c924/datanode-1/data/ratis/12b43190-c0bf-432e-b224-248e97a0b5f6/current/raft-meta.conf
java.io.FileNotFoundException: /github/workspace/mnt/ozone/hadoop-ozone/integration-test/target/test-dir/MiniOzoneClusterImpl-b3eef9e8-6bea-4ca1-9f7b-091cac69c924/datanode-1/data/ratis/12b43190-c0bf-432e-b224-248e97a0b5f6/current/raft-meta.conf (No such file or directory)
	at java.io.FileInputStream.open0(Native Method)
	at java.io.FileInputStream.open(FileInputStream.java:195)
	at java.io.FileInputStream.<init>(FileInputStream.java:138)
	at org.apache.ratis.server.storage.RaftStorageImpl.readRaftConfiguration(RaftStorageImpl.java:143)
	at org.apache.ratis.server.impl.ServerState.<init>(ServerState.java:122)
	at org.apache.ratis.server.impl.RaftServerImpl.<init>(RaftServerImpl.java:193)
	at org.apache.ratis.server.impl.RaftServerProxy.lambda$newRaftServerImpl$4(RaftServerProxy.java:266)
	at java.util.concurrent.CompletableFuture$AsyncSupply.run(CompletableFuture.java:1604)
	at java.util.concurrent.ThreadPoolExecutor.runWorker(ThreadPoolExecutor.java:1149)
	at java.util.concurrent.ThreadPoolExecutor$Worker.run(ThreadPoolExecutor.java:624)
	at java.lang.Thread.run(Thread.java:748)
2021-02-14 01:49:43,454 [pool-249-thread-1] INFO  server.RaftServerConfigKeys (ConfUtils.java:logGet(44)) - raft.server.notification.no-leader.timeout = 300000ms (custom)
2021-02-14 01:49:43,454 [pool-249-thread-1] INFO  server.RaftServerConfigKeys (ConfUtils.java:logGet(44)) - raft.server.log.use.memory = false (default)
2021-02-14 01:49:43,454 [pool-249-thread-1] INFO  server.RaftServerConfigKeys (ConfUtils.java:logGet(44)) - raft.server.log.purge.gap = 1000000 (custom)
2021-02-14 01:49:43,454 [pool-249-thread-1] INFO  server.RaftServerConfigKeys (ConfUtils.java:logGet(44)) - raft.server.log.appender.buffer.byte-limit = 33554432 (custom)
2021-02-14 01:49:43,454 [pool-249-thread-1] INFO  metrics.RatisMetrics (RatisMetrics.java:lambda$create$0(36)) - Creating Metrics Registry : ratis.log_worker.13da2f53-0476-4a03-b606-a9c3a1877f5a@group-248E97A0B5F6
2021-02-14 01:49:43,454 [EventQueue-PipelineReportForOneReplicaPipelineSafeModeRule] INFO  safemode.SCMSafeModeManager (SCMSafeModeManager.java:validateSafeModeExitRules(214)) - AtleastOneDatanodeReportedRule rule is successfully validated
2021-02-14 01:49:43,454 [pool-249-thread-1] INFO  server.RaftServerConfigKeys (ConfUtils.java:logGet(44)) - raft.server.log.segment.size.max = 1048576 (custom)
2021-02-14 01:49:43,455 [pool-249-thread-1] INFO  server.RaftServerConfigKeys (ConfUtils.java:logGet(44)) - raft.server.log.segment.cache.num.max = 2 (custom)
2021-02-14 01:49:43,455 [pool-249-thread-1] INFO  server.RaftServerConfigKeys (ConfUtils.java:logGet(44)) - raft.server.log.segment.cache.size.max = 200MB (=209715200) (default)
2021-02-14 01:49:43,455 [pool-249-thread-1] INFO  segmented.SegmentedRaftLogWorker (SegmentedRaftLogWorker.java:<init>(181)) - new 13da2f53-0476-4a03-b606-a9c3a1877f5a@group-248E97A0B5F6-SegmentedRaftLogWorker for RaftStorageImpl:Storage Directory /github/workspace/mnt/ozone/hadoop-ozone/integration-test/target/test-dir/MiniOzoneClusterImpl-b3eef9e8-6bea-4ca1-9f7b-091cac69c924/datanode-1/data/ratis/12b43190-c0bf-432e-b224-248e97a0b5f6
2021-02-14 01:49:43,455 [pool-249-thread-1] INFO  server.RaftServerConfigKeys (ConfUtils.java:logGet(44)) - raft.server.log.queue.byte-limit = 2147483647 (custom)
2021-02-14 01:49:43,455 [pool-249-thread-1] INFO  server.RaftServerConfigKeys (ConfUtils.java:logGet(44)) - raft.server.log.queue.element-limit = 1024 (custom)
2021-02-14 01:49:43,455 [pool-249-thread-1] INFO  server.RaftServerConfigKeys (ConfUtils.java:logGet(44)) - raft.server.log.segment.size.max = 1048576 (custom)
2021-02-14 01:49:43,455 [pool-249-thread-1] INFO  server.RaftServerConfigKeys (ConfUtils.java:logGet(44)) - raft.server.log.preallocated.size = 16384 (custom)
2021-02-14 01:49:43,455 [pool-249-thread-1] INFO  server.RaftServerConfigKeys (ConfUtils.java:logGet(44)) - raft.server.log.force.sync.num = 128 (default)
2021-02-14 01:49:43,456 [pool-249-thread-1] INFO  server.RaftServerConfigKeys (ConfUtils.java:logGet(44)) - raft.server.log.statemachine.data.sync = true (default)
2021-02-14 01:49:43,456 [pool-249-thread-1] INFO  server.RaftServerConfigKeys (ConfUtils.java:logGet(44)) - raft.server.log.statemachine.data.sync.timeout = 10s (default)
2021-02-14 01:49:43,456 [pool-249-thread-1] INFO  server.RaftServerConfigKeys (ConfUtils.java:logGet(44)) - raft.server.log.statemachine.data.sync.timeout.retry = -1 (default)
2021-02-14 01:49:43,457 [pool-249-thread-1] INFO  server.RaftServerConfigKeys (ConfUtils.java:logGet(44)) - raft.server.log.write.buffer.size = 1048576 (custom)
2021-02-14 01:49:43,458 [pool-249-thread-1] INFO  server.RaftServerConfigKeys (ConfUtils.java:logGet(44)) - raft.server.log.statemachine.data.caching.enabled = true (custom)
2021-02-14 01:49:43,458 [pool-249-thread-1] INFO  segmented.SegmentedRaftLogWorker (SegmentedRaftLogWorker.java:lambda$new$0(132)) - 13da2f53-0476-4a03-b606-a9c3a1877f5a@group-248E97A0B5F6-SegmentedRaftLogWorker: flushIndex: setUnconditionally 0 -> -1
2021-02-14 01:49:43,458 [pool-249-thread-1] INFO  segmented.SegmentedRaftLogWorker (SegmentedRaftLogWorker.java:lambda$new$0(132)) - 13da2f53-0476-4a03-b606-a9c3a1877f5a@group-248E97A0B5F6-SegmentedRaftLogWorker: safeCacheEvictIndex: setUnconditionally 0 -> -1
2021-02-14 01:49:43,458 [pool-249-thread-1] INFO  server.RaftServerConfigKeys (ConfUtils.java:logGet(44)) - raft.server.snapshot.auto.trigger.enabled = true (custom)
2021-02-14 01:49:43,458 [pool-249-thread-1] INFO  server.RaftServerConfigKeys (ConfUtils.java:logGet(44)) - raft.server.snapshot.auto.trigger.threshold = 10000 (custom)
2021-02-14 01:49:43,458 [pool-249-thread-1] INFO  server.RaftServerConfigKeys (ConfUtils.java:logGet(44)) - raft.server.snapshot.retention.file.num = 5 (custom)
2021-02-14 01:49:43,458 [pool-249-thread-1] INFO  server.RaftServerConfigKeys (ConfUtils.java:logGet(44)) - raft.server.log.purge.upto.snapshot.index = false (default)
2021-02-14 01:49:43,458 [pool-249-thread-1] INFO  server.RaftServerConfigKeys (ConfUtils.java:logGet(44)) - raft.server.retrycache.expirytime = 600000ms (custom)
2021-02-14 01:49:43,459 [pool-249-thread-1] INFO  server.RaftServerConfigKeys (ConfUtils.java:logGet(44)) - raft.server.retrycache.statistics.expirytime = 100?s (default)
2021-02-14 01:49:43,459 [pool-249-thread-1] INFO  metrics.RatisMetrics (RatisMetrics.java:lambda$create$0(36)) - Creating Metrics Registry : ratis.leader_election.13da2f53-0476-4a03-b606-a9c3a1877f5a@group-248E97A0B5F6
2021-02-14 01:49:43,459 [pool-249-thread-1] INFO  metrics.RatisMetrics (RatisMetrics.java:lambda$create$0(36)) - Creating Metrics Registry : ratis.server.13da2f53-0476-4a03-b606-a9c3a1877f5a@group-248E97A0B5F6
2021-02-14 01:49:43,461 [pool-249-thread-1] INFO  server.RaftServer$Division (RaftServerImpl.java:start(295)) - 13da2f53-0476-4a03-b606-a9c3a1877f5a@group-248E97A0B5F6: start as a follower, conf=-1: [2ec71a43-acc1-42a3-b8ca-de3ee762a3c9|rpc:172.17.0.2:42675|dataStream:|priority:0, f8feeaac-d8ae-4c99-8c47-cf05d6facd09|rpc:172.17.0.2:42991|dataStream:|priority:0, 13da2f53-0476-4a03-b606-a9c3a1877f5a|rpc:172.17.0.2:44773|dataStream:|priority:1], old=null
2021-02-14 01:49:43,461 [pool-249-thread-1] INFO  server.RaftServer$Division (RaftServerImpl.java:setRole(284)) - 13da2f53-0476-4a03-b606-a9c3a1877f5a@group-248E97A0B5F6: changes role from      null to FOLLOWER at term 0 for startAsFollower
2021-02-14 01:49:43,461 [pool-249-thread-1] INFO  impl.RoleInfo (RoleInfo.java:updateAndGet(130)) - 13da2f53-0476-4a03-b606-a9c3a1877f5a: start 13da2f53-0476-4a03-b606-a9c3a1877f5a@group-248E97A0B5F6-FollowerState
2021-02-14 01:49:43,462 [pool-249-thread-1] INFO  util.JmxRegister (JmxRegister.java:tryRegister(44)) - Successfully registered JMX Bean with object name Ratis:service=RaftServer,group=group-248E97A0B5F6,id=13da2f53-0476-4a03-b606-a9c3a1877f5a
2021-02-14 01:49:43,462 [pool-249-thread-1] INFO  metrics.RatisMetrics (RatisMetrics.java:lambda$create$0(36)) - Creating Metrics Registry : ratis.state_machine.13da2f53-0476-4a03-b606-a9c3a1877f5a@group-248E97A0B5F6
2021-02-14 01:49:43,472 [Command processor thread] INFO  metrics.RatisMetrics (RatisMetrics.java:lambda$create$0(36)) - Creating Metrics Registry : ratis.client_message_metrics.client-FFC44BF9D4A2->2ec71a43-acc1-42a3-b8ca-de3ee762a3c9
2021-02-14 01:49:43,475 [grpc-default-executor-3] INFO  metrics.RatisMetrics (RatisMetrics.java:lambda$create$0(36)) - Creating Metrics Registry : ratis.server_message_metrics.2ec71a43-acc1-42a3-b8ca-de3ee762a3c9
2021-02-14 01:49:43,479 [grpc-default-executor-3] INFO  server.RaftServer (RaftServerProxy.java:addNew(95)) - 2ec71a43-acc1-42a3-b8ca-de3ee762a3c9: addNew group-248E97A0B5F6:[2ec71a43-acc1-42a3-b8ca-de3ee762a3c9|rpc:172.17.0.2:42675|dataStream:|priority:0, f8feeaac-d8ae-4c99-8c47-cf05d6facd09|rpc:172.17.0.2:42991|dataStream:|priority:0, 13da2f53-0476-4a03-b606-a9c3a1877f5a|rpc:172.17.0.2:44773|dataStream:|priority:1] returns group-248E97A0B5F6:java.util.concurrent.CompletableFuture@1ce4c90[Not completed]
2021-02-14 01:49:43,479 [pool-265-thread-1] INFO  server.RaftServer$Division (RaftServerImpl.java:<init>(180)) - 2ec71a43-acc1-42a3-b8ca-de3ee762a3c9: new RaftServerImpl for group-248E97A0B5F6:[2ec71a43-acc1-42a3-b8ca-de3ee762a3c9|rpc:172.17.0.2:42675|dataStream:|priority:0, f8feeaac-d8ae-4c99-8c47-cf05d6facd09|rpc:172.17.0.2:42991|dataStream:|priority:0, 13da2f53-0476-4a03-b606-a9c3a1877f5a|rpc:172.17.0.2:44773|dataStream:|priority:1] with ContainerStateMachine:uninitialized
2021-02-14 01:49:43,480 [pool-265-thread-1] INFO  server.RaftServerConfigKeys (ConfUtils.java:logGet(44)) - raft.server.rpc.timeout.min = 5s (custom)
2021-02-14 01:49:43,480 [pool-265-thread-1] INFO  server.RaftServerConfigKeys (ConfUtils.java:logGet(44)) - raft.server.rpc.timeout.max = 5200ms (custom)
2021-02-14 01:49:43,480 [pool-265-thread-1] INFO  server.RaftServerConfigKeys (ConfUtils.java:logGet(44)) - raft.server.rpc.sleep.time = 25ms (default)
2021-02-14 01:49:43,480 [pool-265-thread-1] INFO  server.RaftServerConfigKeys (ConfUtils.java:logGet(44)) - raft.server.rpc.slowness.timeout = 300000ms (custom)
2021-02-14 01:49:43,480 [pool-265-thread-1] INFO  server.RaftServerConfigKeys (ConfUtils.java:logGet(44)) - raft.server.leaderelection.leader.step-down.wait-time = 10s (default)
2021-02-14 01:49:43,480 [pool-265-thread-1] INFO  server.RaftServerConfigKeys (ConfUtils.java:logGet(44)) - raft.server.sleep.deviation.threshold = 300ms (default)
2021-02-14 01:49:43,480 [pool-265-thread-1] INFO  server.RaftServerConfigKeys (ConfUtils.java:logGet(44)) - raft.server.log.appender.install.snapshot.enabled = false (custom)
2021-02-14 01:49:43,480 [pool-265-thread-1] INFO  server.RaftServer$Division (ServerState.java:<init>(105)) - 2ec71a43-acc1-42a3-b8ca-de3ee762a3c9@group-248E97A0B5F6: ConfigurationManager, init=-1: [2ec71a43-acc1-42a3-b8ca-de3ee762a3c9|rpc:172.17.0.2:42675|dataStream:|priority:0, f8feeaac-d8ae-4c99-8c47-cf05d6facd09|rpc:172.17.0.2:42991|dataStream:|priority:0, 13da2f53-0476-4a03-b606-a9c3a1877f5a|rpc:172.17.0.2:44773|dataStream:|priority:1], old=null, confs=<EMPTY_MAP>
2021-02-14 01:49:43,480 [pool-265-thread-1] INFO  server.RaftServerConfigKeys (ConfUtils.java:logGet(44)) - raft.server.storage.dir = [/github/workspace/mnt/ozone/hadoop-ozone/integration-test/target/test-dir/MiniOzoneClusterImpl-b3eef9e8-6bea-4ca1-9f7b-091cac69c924/datanode-2/data/ratis] (custom)
2021-02-14 01:49:43,481 [pool-265-thread-1] INFO  server.RaftServerConfigKeys (ConfUtils.java:logGet(44)) - raft.server.log.corruption.policy = EXCEPTION (default)
2021-02-14 01:49:43,481 [pool-265-thread-1] INFO  storage.RaftStorageDirectory (RaftStorageDirectoryImpl.java:analyzeStorage(132)) - The storage directory /github/workspace/mnt/ozone/hadoop-ozone/integration-test/target/test-dir/MiniOzoneClusterImpl-b3eef9e8-6bea-4ca1-9f7b-091cac69c924/datanode-2/data/ratis/12b43190-c0bf-432e-b224-248e97a0b5f6 does not exist. Creating ...
2021-02-14 01:49:43,482 [pool-265-thread-1] INFO  storage.RaftStorageDirectory (RaftStorageDirectoryImpl.java:tryLock(215)) - Lock on /github/workspace/mnt/ozone/hadoop-ozone/integration-test/target/test-dir/MiniOzoneClusterImpl-b3eef9e8-6bea-4ca1-9f7b-091cac69c924/datanode-2/data/ratis/12b43190-c0bf-432e-b224-248e97a0b5f6/in_use.lock acquired by nodename 25808@9cc4fcda0858
2021-02-14 01:49:43,483 [pool-265-thread-1] INFO  storage.RaftStorage (RaftStorageImpl.java:format(87)) - Storage directory /github/workspace/mnt/ozone/hadoop-ozone/integration-test/target/test-dir/MiniOzoneClusterImpl-b3eef9e8-6bea-4ca1-9f7b-091cac69c924/datanode-2/data/ratis/12b43190-c0bf-432e-b224-248e97a0b5f6 has been successfully formatted.
2021-02-14 01:49:43,484 [pool-265-thread-1] INFO  ratis.ContainerStateMachine (ContainerStateMachine.java:loadSnapshot(223)) - group-248E97A0B5F6: The snapshot info is null. Setting the last applied indexto:(t:0, i:~)
2021-02-14 01:49:43,484 [pool-265-thread-1] ERROR storage.RaftStorage (RaftStorageImpl.java:readRaftConfiguration(147)) - Failed reading configuration from file:/github/workspace/mnt/ozone/hadoop-ozone/integration-test/target/test-dir/MiniOzoneClusterImpl-b3eef9e8-6bea-4ca1-9f7b-091cac69c924/datanode-2/data/ratis/12b43190-c0bf-432e-b224-248e97a0b5f6/current/raft-meta.conf
java.io.FileNotFoundException: /github/workspace/mnt/ozone/hadoop-ozone/integration-test/target/test-dir/MiniOzoneClusterImpl-b3eef9e8-6bea-4ca1-9f7b-091cac69c924/datanode-2/data/ratis/12b43190-c0bf-432e-b224-248e97a0b5f6/current/raft-meta.conf (No such file or directory)
	at java.io.FileInputStream.open0(Native Method)
	at java.io.FileInputStream.open(FileInputStream.java:195)
	at java.io.FileInputStream.<init>(FileInputStream.java:138)
	at org.apache.ratis.server.storage.RaftStorageImpl.readRaftConfiguration(RaftStorageImpl.java:143)
	at org.apache.ratis.server.impl.ServerState.<init>(ServerState.java:122)
	at org.apache.ratis.server.impl.RaftServerImpl.<init>(RaftServerImpl.java:193)
	at org.apache.ratis.server.impl.RaftServerProxy.lambda$newRaftServerImpl$4(RaftServerProxy.java:266)
	at java.util.concurrent.CompletableFuture$AsyncSupply.run(CompletableFuture.java:1604)
	at java.util.concurrent.ThreadPoolExecutor.runWorker(ThreadPoolExecutor.java:1149)
	at java.util.concurrent.ThreadPoolExecutor$Worker.run(ThreadPoolExecutor.java:624)
	at java.lang.Thread.run(Thread.java:748)
2021-02-14 01:49:43,484 [EventQueue-PipelineReportForOneReplicaPipelineSafeModeRule] INFO  safemode.SCMSafeModeManager (SCMSafeModeManager.java:validateSafeModeExitRules(214)) - AtleastOneDatanodeReportedRule rule is successfully validated
2021-02-14 01:49:43,485 [pool-265-thread-1] INFO  server.RaftServerConfigKeys (ConfUtils.java:logGet(44)) - raft.server.notification.no-leader.timeout = 300000ms (custom)
2021-02-14 01:49:43,485 [pool-265-thread-1] INFO  server.RaftServerConfigKeys (ConfUtils.java:logGet(44)) - raft.server.log.use.memory = false (default)
2021-02-14 01:49:43,485 [pool-265-thread-1] INFO  server.RaftServerConfigKeys (ConfUtils.java:logGet(44)) - raft.server.log.purge.gap = 1000000 (custom)
2021-02-14 01:49:43,485 [pool-265-thread-1] INFO  server.RaftServerConfigKeys (ConfUtils.java:logGet(44)) - raft.server.log.appender.buffer.byte-limit = 33554432 (custom)
2021-02-14 01:49:43,485 [pool-265-thread-1] INFO  metrics.RatisMetrics (RatisMetrics.java:lambda$create$0(36)) - Creating Metrics Registry : ratis.log_worker.2ec71a43-acc1-42a3-b8ca-de3ee762a3c9@group-248E97A0B5F6
2021-02-14 01:49:43,486 [pool-265-thread-1] INFO  server.RaftServerConfigKeys (ConfUtils.java:logGet(44)) - raft.server.log.segment.size.max = 1048576 (custom)
2021-02-14 01:49:43,487 [pool-265-thread-1] INFO  server.RaftServerConfigKeys (ConfUtils.java:logGet(44)) - raft.server.log.segment.cache.num.max = 2 (custom)
2021-02-14 01:49:43,487 [pool-265-thread-1] INFO  server.RaftServerConfigKeys (ConfUtils.java:logGet(44)) - raft.server.log.segment.cache.size.max = 200MB (=209715200) (default)
2021-02-14 01:49:43,487 [pool-265-thread-1] INFO  segmented.SegmentedRaftLogWorker (SegmentedRaftLogWorker.java:<init>(181)) - new 2ec71a43-acc1-42a3-b8ca-de3ee762a3c9@group-248E97A0B5F6-SegmentedRaftLogWorker for RaftStorageImpl:Storage Directory /github/workspace/mnt/ozone/hadoop-ozone/integration-test/target/test-dir/MiniOzoneClusterImpl-b3eef9e8-6bea-4ca1-9f7b-091cac69c924/datanode-2/data/ratis/12b43190-c0bf-432e-b224-248e97a0b5f6
2021-02-14 01:49:43,487 [pool-265-thread-1] INFO  server.RaftServerConfigKeys (ConfUtils.java:logGet(44)) - raft.server.log.queue.byte-limit = 2147483647 (custom)
2021-02-14 01:49:43,487 [pool-265-thread-1] INFO  server.RaftServerConfigKeys (ConfUtils.java:logGet(44)) - raft.server.log.queue.element-limit = 1024 (custom)
2021-02-14 01:49:43,487 [pool-265-thread-1] INFO  server.RaftServerConfigKeys (ConfUtils.java:logGet(44)) - raft.server.log.segment.size.max = 1048576 (custom)
2021-02-14 01:49:43,487 [pool-265-thread-1] INFO  server.RaftServerConfigKeys (ConfUtils.java:logGet(44)) - raft.server.log.preallocated.size = 16384 (custom)
2021-02-14 01:49:43,487 [pool-265-thread-1] INFO  server.RaftServerConfigKeys (ConfUtils.java:logGet(44)) - raft.server.log.force.sync.num = 128 (default)
2021-02-14 01:49:43,487 [pool-265-thread-1] INFO  server.RaftServerConfigKeys (ConfUtils.java:logGet(44)) - raft.server.log.statemachine.data.sync = true (default)
2021-02-14 01:49:43,488 [pool-265-thread-1] INFO  server.RaftServerConfigKeys (ConfUtils.java:logGet(44)) - raft.server.log.statemachine.data.sync.timeout = 10s (default)
2021-02-14 01:49:43,488 [pool-265-thread-1] INFO  server.RaftServerConfigKeys (ConfUtils.java:logGet(44)) - raft.server.log.statemachine.data.sync.timeout.retry = -1 (default)
2021-02-14 01:49:43,490 [pool-265-thread-1] INFO  server.RaftServerConfigKeys (ConfUtils.java:logGet(44)) - raft.server.log.write.buffer.size = 1048576 (custom)
2021-02-14 01:49:43,490 [pool-265-thread-1] INFO  server.RaftServerConfigKeys (ConfUtils.java:logGet(44)) - raft.server.log.statemachine.data.caching.enabled = true (custom)
2021-02-14 01:49:43,490 [pool-265-thread-1] INFO  segmented.SegmentedRaftLogWorker (SegmentedRaftLogWorker.java:lambda$new$0(132)) - 2ec71a43-acc1-42a3-b8ca-de3ee762a3c9@group-248E97A0B5F6-SegmentedRaftLogWorker: flushIndex: setUnconditionally 0 -> -1
2021-02-14 01:49:43,490 [pool-265-thread-1] INFO  segmented.SegmentedRaftLogWorker (SegmentedRaftLogWorker.java:lambda$new$0(132)) - 2ec71a43-acc1-42a3-b8ca-de3ee762a3c9@group-248E97A0B5F6-SegmentedRaftLogWorker: safeCacheEvictIndex: setUnconditionally 0 -> -1
2021-02-14 01:49:43,492 [pool-265-thread-1] INFO  server.RaftServerConfigKeys (ConfUtils.java:logGet(44)) - raft.server.snapshot.auto.trigger.enabled = true (custom)
2021-02-14 01:49:43,492 [pool-265-thread-1] INFO  server.RaftServerConfigKeys (ConfUtils.java:logGet(44)) - raft.server.snapshot.auto.trigger.threshold = 10000 (custom)
2021-02-14 01:49:43,492 [pool-265-thread-1] INFO  server.RaftServerConfigKeys (ConfUtils.java:logGet(44)) - raft.server.snapshot.retention.file.num = 5 (custom)
2021-02-14 01:49:43,492 [pool-265-thread-1] INFO  server.RaftServerConfigKeys (ConfUtils.java:logGet(44)) - raft.server.log.purge.upto.snapshot.index = false (default)
2021-02-14 01:49:43,493 [pool-265-thread-1] INFO  server.RaftServerConfigKeys (ConfUtils.java:logGet(44)) - raft.server.retrycache.expirytime = 600000ms (custom)
2021-02-14 01:49:43,493 [pool-265-thread-1] INFO  server.RaftServerConfigKeys (ConfUtils.java:logGet(44)) - raft.server.retrycache.statistics.expirytime = 100?s (default)
2021-02-14 01:49:43,493 [pool-265-thread-1] INFO  metrics.RatisMetrics (RatisMetrics.java:lambda$create$0(36)) - Creating Metrics Registry : ratis.leader_election.2ec71a43-acc1-42a3-b8ca-de3ee762a3c9@group-248E97A0B5F6
2021-02-14 01:49:43,494 [pool-265-thread-1] INFO  metrics.RatisMetrics (RatisMetrics.java:lambda$create$0(36)) - Creating Metrics Registry : ratis.server.2ec71a43-acc1-42a3-b8ca-de3ee762a3c9@group-248E97A0B5F6
2021-02-14 01:49:43,496 [pool-265-thread-1] INFO  server.RaftServer$Division (RaftServerImpl.java:start(295)) - 2ec71a43-acc1-42a3-b8ca-de3ee762a3c9@group-248E97A0B5F6: start as a follower, conf=-1: [2ec71a43-acc1-42a3-b8ca-de3ee762a3c9|rpc:172.17.0.2:42675|dataStream:|priority:0, f8feeaac-d8ae-4c99-8c47-cf05d6facd09|rpc:172.17.0.2:42991|dataStream:|priority:0, 13da2f53-0476-4a03-b606-a9c3a1877f5a|rpc:172.17.0.2:44773|dataStream:|priority:1], old=null
2021-02-14 01:49:43,497 [pool-265-thread-1] INFO  server.RaftServer$Division (RaftServerImpl.java:setRole(284)) - 2ec71a43-acc1-42a3-b8ca-de3ee762a3c9@group-248E97A0B5F6: changes role from      null to FOLLOWER at term 0 for startAsFollower
2021-02-14 01:49:43,497 [pool-265-thread-1] INFO  impl.RoleInfo (RoleInfo.java:updateAndGet(130)) - 2ec71a43-acc1-42a3-b8ca-de3ee762a3c9: start 2ec71a43-acc1-42a3-b8ca-de3ee762a3c9@group-248E97A0B5F6-FollowerState
2021-02-14 01:49:43,497 [pool-265-thread-1] INFO  util.JmxRegister (JmxRegister.java:tryRegister(44)) - Successfully registered JMX Bean with object name Ratis:service=RaftServer,group=group-248E97A0B5F6,id=2ec71a43-acc1-42a3-b8ca-de3ee762a3c9
2021-02-14 01:49:43,497 [pool-265-thread-1] INFO  metrics.RatisMetrics (RatisMetrics.java:lambda$create$0(36)) - Creating Metrics Registry : ratis.state_machine.2ec71a43-acc1-42a3-b8ca-de3ee762a3c9@group-248E97A0B5F6
2021-02-14 01:49:43,504 [Command processor thread] INFO  commandhandler.CreatePipelineCommandHandler (CreatePipelineCommandHandler.java:handle(106)) - Created Pipeline RATIS THREE PipelineID=12b43190-c0bf-432e-b224-248e97a0b5f6.
2021-02-14 01:49:43,601 [Command processor thread] INFO  server.RaftServer (RaftServerProxy.java:addNew(95)) - 13da2f53-0476-4a03-b606-a9c3a1877f5a: addNew group-88E6FB4C8968:[13da2f53-0476-4a03-b606-a9c3a1877f5a|rpc:172.17.0.2:44773|priority:1] returns group-88E6FB4C8968:java.util.concurrent.CompletableFuture@8963f46[Not completed]
2021-02-14 01:49:43,602 [pool-249-thread-1] INFO  server.RaftServer$Division (RaftServerImpl.java:<init>(180)) - 13da2f53-0476-4a03-b606-a9c3a1877f5a: new RaftServerImpl for group-88E6FB4C8968:[13da2f53-0476-4a03-b606-a9c3a1877f5a|rpc:172.17.0.2:44773|priority:1] with ContainerStateMachine:uninitialized
2021-02-14 01:49:43,603 [pool-249-thread-1] INFO  server.RaftServerConfigKeys (ConfUtils.java:logGet(44)) - raft.server.rpc.timeout.min = 5s (custom)
2021-02-14 01:49:43,603 [pool-249-thread-1] INFO  server.RaftServerConfigKeys (ConfUtils.java:logGet(44)) - raft.server.rpc.timeout.max = 5200ms (custom)
2021-02-14 01:49:43,603 [pool-249-thread-1] INFO  server.RaftServerConfigKeys (ConfUtils.java:logGet(44)) - raft.server.rpc.sleep.time = 25ms (default)
2021-02-14 01:49:43,603 [pool-249-thread-1] INFO  server.RaftServerConfigKeys (ConfUtils.java:logGet(44)) - raft.server.rpc.slowness.timeout = 300000ms (custom)
2021-02-14 01:49:43,603 [pool-249-thread-1] INFO  server.RaftServerConfigKeys (ConfUtils.java:logGet(44)) - raft.server.leaderelection.leader.step-down.wait-time = 10s (default)
2021-02-14 01:49:43,603 [pool-249-thread-1] INFO  server.RaftServerConfigKeys (ConfUtils.java:logGet(44)) - raft.server.sleep.deviation.threshold = 300ms (default)
2021-02-14 01:49:43,603 [pool-249-thread-1] INFO  server.RaftServerConfigKeys (ConfUtils.java:logGet(44)) - raft.server.log.appender.install.snapshot.enabled = false (custom)
2021-02-14 01:49:43,603 [pool-249-thread-1] INFO  server.RaftServer$Division (ServerState.java:<init>(105)) - 13da2f53-0476-4a03-b606-a9c3a1877f5a@group-88E6FB4C8968: ConfigurationManager, init=-1: [13da2f53-0476-4a03-b606-a9c3a1877f5a|rpc:172.17.0.2:44773|priority:1], old=null, confs=<EMPTY_MAP>
2021-02-14 01:49:43,603 [pool-249-thread-1] INFO  server.RaftServerConfigKeys (ConfUtils.java:logGet(44)) - raft.server.storage.dir = [/github/workspace/mnt/ozone/hadoop-ozone/integration-test/target/test-dir/MiniOzoneClusterImpl-b3eef9e8-6bea-4ca1-9f7b-091cac69c924/datanode-1/data/ratis] (custom)
2021-02-14 01:49:43,604 [pool-249-thread-1] INFO  server.RaftServerConfigKeys (ConfUtils.java:logGet(44)) - raft.server.log.corruption.policy = EXCEPTION (default)
2021-02-14 01:49:43,604 [pool-249-thread-1] INFO  storage.RaftStorageDirectory (RaftStorageDirectoryImpl.java:analyzeStorage(132)) - The storage directory /github/workspace/mnt/ozone/hadoop-ozone/integration-test/target/test-dir/MiniOzoneClusterImpl-b3eef9e8-6bea-4ca1-9f7b-091cac69c924/datanode-1/data/ratis/62741a13-1100-4dfe-82cb-88e6fb4c8968 does not exist. Creating ...
2021-02-14 01:49:43,605 [pool-249-thread-1] INFO  storage.RaftStorageDirectory (RaftStorageDirectoryImpl.java:tryLock(215)) - Lock on /github/workspace/mnt/ozone/hadoop-ozone/integration-test/target/test-dir/MiniOzoneClusterImpl-b3eef9e8-6bea-4ca1-9f7b-091cac69c924/datanode-1/data/ratis/62741a13-1100-4dfe-82cb-88e6fb4c8968/in_use.lock acquired by nodename 25808@9cc4fcda0858
2021-02-14 01:49:43,606 [pool-249-thread-1] INFO  storage.RaftStorage (RaftStorageImpl.java:format(87)) - Storage directory /github/workspace/mnt/ozone/hadoop-ozone/integration-test/target/test-dir/MiniOzoneClusterImpl-b3eef9e8-6bea-4ca1-9f7b-091cac69c924/datanode-1/data/ratis/62741a13-1100-4dfe-82cb-88e6fb4c8968 has been successfully formatted.
2021-02-14 01:49:43,607 [pool-249-thread-1] INFO  ratis.ContainerStateMachine (ContainerStateMachine.java:loadSnapshot(223)) - group-88E6FB4C8968: The snapshot info is null. Setting the last applied indexto:(t:0, i:~)
2021-02-14 01:49:43,607 [pool-249-thread-1] ERROR storage.RaftStorage (RaftStorageImpl.java:readRaftConfiguration(147)) - Failed reading configuration from file:/github/workspace/mnt/ozone/hadoop-ozone/integration-test/target/test-dir/MiniOzoneClusterImpl-b3eef9e8-6bea-4ca1-9f7b-091cac69c924/datanode-1/data/ratis/62741a13-1100-4dfe-82cb-88e6fb4c8968/current/raft-meta.conf
java.io.FileNotFoundException: /github/workspace/mnt/ozone/hadoop-ozone/integration-test/target/test-dir/MiniOzoneClusterImpl-b3eef9e8-6bea-4ca1-9f7b-091cac69c924/datanode-1/data/ratis/62741a13-1100-4dfe-82cb-88e6fb4c8968/current/raft-meta.conf (No such file or directory)
	at java.io.FileInputStream.open0(Native Method)
	at java.io.FileInputStream.open(FileInputStream.java:195)
	at java.io.FileInputStream.<init>(FileInputStream.java:138)
	at org.apache.ratis.server.storage.RaftStorageImpl.readRaftConfiguration(RaftStorageImpl.java:143)
	at org.apache.ratis.server.impl.ServerState.<init>(ServerState.java:122)
	at org.apache.ratis.server.impl.RaftServerImpl.<init>(RaftServerImpl.java:193)
	at org.apache.ratis.server.impl.RaftServerProxy.lambda$newRaftServerImpl$4(RaftServerProxy.java:266)
	at java.util.concurrent.CompletableFuture$AsyncSupply.run(CompletableFuture.java:1604)
	at java.util.concurrent.ThreadPoolExecutor.runWorker(ThreadPoolExecutor.java:1149)
	at java.util.concurrent.ThreadPoolExecutor$Worker.run(ThreadPoolExecutor.java:624)
	at java.lang.Thread.run(Thread.java:748)
2021-02-14 01:49:43,607 [pool-249-thread-1] INFO  server.RaftServerConfigKeys (ConfUtils.java:logGet(44)) - raft.server.notification.no-leader.timeout = 300000ms (custom)
2021-02-14 01:49:43,608 [EventQueue-PipelineReportForPipelineReportHandler] INFO  pipeline.PipelineStateManager (PipelineStateManager.java:openPipeline(132)) - Pipeline Pipeline[ Id: 62741a13-1100-4dfe-82cb-88e6fb4c8968, Nodes: 13da2f53-0476-4a03-b606-a9c3a1877f5a{ip: 172.17.0.2, host: 9cc4fcda0858, ports: [REPLICATION=39033, RATIS=44773, RATIS_ADMIN=44773, RATIS_SERVER=44773, STANDALONE=43395], networkLocation: /default-rack, certSerialId: null, persistedOpState: IN_SERVICE, persistedOpStateExpiryEpochSec: 0}, Type:RATIS, Factor:ONE, State:ALLOCATED, leaderId:13da2f53-0476-4a03-b606-a9c3a1877f5a, CreationTimestamp2021-02-14T01:49:40.603Z] moved to OPEN state
2021-02-14 01:49:43,608 [EventQueue-PipelineReportForOneReplicaPipelineSafeModeRule] INFO  safemode.SCMSafeModeManager (SCMSafeModeManager.java:validateSafeModeExitRules(214)) - AtleastOneDatanodeReportedRule rule is successfully validated
2021-02-14 01:49:43,608 [EventQueue-OpenPipelineForHealthyPipelineSafeModeRule] INFO  safemode.SCMSafeModeManager (HealthyPipelineSafeModeRule.java:process(128)) - SCM in safe mode. Healthy pipelines reported count is 0, required healthy pipeline reported count is 1
2021-02-14 01:49:43,608 [pool-249-thread-1] INFO  server.RaftServerConfigKeys (ConfUtils.java:logGet(44)) - raft.server.log.use.memory = false (default)
2021-02-14 01:49:43,609 [pool-249-thread-1] INFO  server.RaftServerConfigKeys (ConfUtils.java:logGet(44)) - raft.server.log.purge.gap = 1000000 (custom)
2021-02-14 01:49:43,609 [pool-249-thread-1] INFO  server.RaftServerConfigKeys (ConfUtils.java:logGet(44)) - raft.server.log.appender.buffer.byte-limit = 33554432 (custom)
2021-02-14 01:49:43,609 [pool-249-thread-1] INFO  metrics.RatisMetrics (RatisMetrics.java:lambda$create$0(36)) - Creating Metrics Registry : ratis.log_worker.13da2f53-0476-4a03-b606-a9c3a1877f5a@group-88E6FB4C8968
2021-02-14 01:49:43,609 [pool-249-thread-1] INFO  server.RaftServerConfigKeys (ConfUtils.java:logGet(44)) - raft.server.log.segment.size.max = 1048576 (custom)
2021-02-14 01:49:43,609 [pool-249-thread-1] INFO  server.RaftServerConfigKeys (ConfUtils.java:logGet(44)) - raft.server.log.segment.cache.num.max = 2 (custom)
2021-02-14 01:49:43,609 [pool-249-thread-1] INFO  server.RaftServerConfigKeys (ConfUtils.java:logGet(44)) - raft.server.log.segment.cache.size.max = 200MB (=209715200) (default)
2021-02-14 01:49:43,610 [pool-249-thread-1] INFO  segmented.SegmentedRaftLogWorker (SegmentedRaftLogWorker.java:<init>(181)) - new 13da2f53-0476-4a03-b606-a9c3a1877f5a@group-88E6FB4C8968-SegmentedRaftLogWorker for RaftStorageImpl:Storage Directory /github/workspace/mnt/ozone/hadoop-ozone/integration-test/target/test-dir/MiniOzoneClusterImpl-b3eef9e8-6bea-4ca1-9f7b-091cac69c924/datanode-1/data/ratis/62741a13-1100-4dfe-82cb-88e6fb4c8968
2021-02-14 01:49:43,610 [pool-249-thread-1] INFO  server.RaftServerConfigKeys (ConfUtils.java:logGet(44)) - raft.server.log.queue.byte-limit = 2147483647 (custom)
2021-02-14 01:49:43,610 [pool-249-thread-1] INFO  server.RaftServerConfigKeys (ConfUtils.java:logGet(44)) - raft.server.log.queue.element-limit = 1024 (custom)
2021-02-14 01:49:43,610 [pool-249-thread-1] INFO  server.RaftServerConfigKeys (ConfUtils.java:logGet(44)) - raft.server.log.segment.size.max = 1048576 (custom)
2021-02-14 01:49:43,610 [pool-249-thread-1] INFO  server.RaftServerConfigKeys (ConfUtils.java:logGet(44)) - raft.server.log.preallocated.size = 16384 (custom)
2021-02-14 01:49:43,610 [pool-249-thread-1] INFO  server.RaftServerConfigKeys (ConfUtils.java:logGet(44)) - raft.server.log.force.sync.num = 128 (default)
2021-02-14 01:49:43,610 [pool-249-thread-1] INFO  server.RaftServerConfigKeys (ConfUtils.java:logGet(44)) - raft.server.log.statemachine.data.sync = true (default)
2021-02-14 01:49:43,610 [pool-249-thread-1] INFO  server.RaftServerConfigKeys (ConfUtils.java:logGet(44)) - raft.server.log.statemachine.data.sync.timeout = 10s (default)
2021-02-14 01:49:43,610 [pool-249-thread-1] INFO  server.RaftServerConfigKeys (ConfUtils.java:logGet(44)) - raft.server.log.statemachine.data.sync.timeout.retry = -1 (default)
2021-02-14 01:49:43,611 [pool-249-thread-1] INFO  server.RaftServerConfigKeys (ConfUtils.java:logGet(44)) - raft.server.log.write.buffer.size = 1048576 (custom)
2021-02-14 01:49:43,612 [pool-249-thread-1] INFO  server.RaftServerConfigKeys (ConfUtils.java:logGet(44)) - raft.server.log.statemachine.data.caching.enabled = true (custom)
2021-02-14 01:49:43,612 [pool-249-thread-1] INFO  segmented.SegmentedRaftLogWorker (SegmentedRaftLogWorker.java:lambda$new$0(132)) - 13da2f53-0476-4a03-b606-a9c3a1877f5a@group-88E6FB4C8968-SegmentedRaftLogWorker: flushIndex: setUnconditionally 0 -> -1
2021-02-14 01:49:43,612 [pool-249-thread-1] INFO  segmented.SegmentedRaftLogWorker (SegmentedRaftLogWorker.java:lambda$new$0(132)) - 13da2f53-0476-4a03-b606-a9c3a1877f5a@group-88E6FB4C8968-SegmentedRaftLogWorker: safeCacheEvictIndex: setUnconditionally 0 -> -1
2021-02-14 01:49:43,613 [pool-249-thread-1] INFO  server.RaftServerConfigKeys (ConfUtils.java:logGet(44)) - raft.server.snapshot.auto.trigger.enabled = true (custom)
2021-02-14 01:49:43,613 [pool-249-thread-1] INFO  server.RaftServerConfigKeys (ConfUtils.java:logGet(44)) - raft.server.snapshot.auto.trigger.threshold = 10000 (custom)
2021-02-14 01:49:43,613 [pool-249-thread-1] INFO  server.RaftServerConfigKeys (ConfUtils.java:logGet(44)) - raft.server.snapshot.retention.file.num = 5 (custom)
2021-02-14 01:49:43,613 [pool-249-thread-1] INFO  server.RaftServerConfigKeys (ConfUtils.java:logGet(44)) - raft.server.log.purge.upto.snapshot.index = false (default)
2021-02-14 01:49:43,613 [pool-249-thread-1] INFO  server.RaftServerConfigKeys (ConfUtils.java:logGet(44)) - raft.server.retrycache.expirytime = 600000ms (custom)
2021-02-14 01:49:43,613 [pool-249-thread-1] INFO  server.RaftServerConfigKeys (ConfUtils.java:logGet(44)) - raft.server.retrycache.statistics.expirytime = 100?s (default)
2021-02-14 01:49:43,613 [pool-249-thread-1] INFO  metrics.RatisMetrics (RatisMetrics.java:lambda$create$0(36)) - Creating Metrics Registry : ratis.leader_election.13da2f53-0476-4a03-b606-a9c3a1877f5a@group-88E6FB4C8968
2021-02-14 01:49:43,614 [pool-249-thread-1] INFO  metrics.RatisMetrics (RatisMetrics.java:lambda$create$0(36)) - Creating Metrics Registry : ratis.server.13da2f53-0476-4a03-b606-a9c3a1877f5a@group-88E6FB4C8968
2021-02-14 01:49:43,615 [pool-249-thread-1] INFO  server.RaftServer$Division (RaftServerImpl.java:start(295)) - 13da2f53-0476-4a03-b606-a9c3a1877f5a@group-88E6FB4C8968: start as a follower, conf=-1: [13da2f53-0476-4a03-b606-a9c3a1877f5a|rpc:172.17.0.2:44773|priority:1], old=null
2021-02-14 01:49:43,615 [pool-249-thread-1] INFO  server.RaftServer$Division (RaftServerImpl.java:setRole(284)) - 13da2f53-0476-4a03-b606-a9c3a1877f5a@group-88E6FB4C8968: changes role from      null to FOLLOWER at term 0 for startAsFollower
2021-02-14 01:49:43,615 [pool-249-thread-1] INFO  impl.RoleInfo (RoleInfo.java:updateAndGet(130)) - 13da2f53-0476-4a03-b606-a9c3a1877f5a: start 13da2f53-0476-4a03-b606-a9c3a1877f5a@group-88E6FB4C8968-FollowerState
2021-02-14 01:49:43,618 [pool-249-thread-1] INFO  util.JmxRegister (JmxRegister.java:tryRegister(44)) - Successfully registered JMX Bean with object name Ratis:service=RaftServer,group=group-88E6FB4C8968,id=13da2f53-0476-4a03-b606-a9c3a1877f5a
2021-02-14 01:49:43,618 [pool-249-thread-1] INFO  metrics.RatisMetrics (RatisMetrics.java:lambda$create$0(36)) - Creating Metrics Registry : ratis.state_machine.13da2f53-0476-4a03-b606-a9c3a1877f5a@group-88E6FB4C8968
2021-02-14 01:49:43,619 [Command processor thread] INFO  commandhandler.CreatePipelineCommandHandler (CreatePipelineCommandHandler.java:handle(106)) - Created Pipeline RATIS ONE PipelineID=62741a13-1100-4dfe-82cb-88e6fb4c8968.
2021-02-14 01:49:43,877 [Command processor thread] INFO  server.RaftServer (RaftServerProxy.java:addNew(95)) - 2ec71a43-acc1-42a3-b8ca-de3ee762a3c9: addNew group-FE19062429C6:[2ec71a43-acc1-42a3-b8ca-de3ee762a3c9|rpc:172.17.0.2:42675|priority:1] returns group-FE19062429C6:java.util.concurrent.CompletableFuture@42df91aa[Not completed]
2021-02-14 01:49:43,878 [pool-265-thread-1] INFO  server.RaftServer$Division (RaftServerImpl.java:<init>(180)) - 2ec71a43-acc1-42a3-b8ca-de3ee762a3c9: new RaftServerImpl for group-FE19062429C6:[2ec71a43-acc1-42a3-b8ca-de3ee762a3c9|rpc:172.17.0.2:42675|priority:1] with ContainerStateMachine:uninitialized
2021-02-14 01:49:43,878 [pool-265-thread-1] INFO  server.RaftServerConfigKeys (ConfUtils.java:logGet(44)) - raft.server.rpc.timeout.min = 5s (custom)
2021-02-14 01:49:43,878 [pool-265-thread-1] INFO  server.RaftServerConfigKeys (ConfUtils.java:logGet(44)) - raft.server.rpc.timeout.max = 5200ms (custom)
2021-02-14 01:49:43,878 [pool-265-thread-1] INFO  server.RaftServerConfigKeys (ConfUtils.java:logGet(44)) - raft.server.rpc.sleep.time = 25ms (default)
2021-02-14 01:49:43,878 [pool-265-thread-1] INFO  server.RaftServerConfigKeys (ConfUtils.java:logGet(44)) - raft.server.rpc.slowness.timeout = 300000ms (custom)
2021-02-14 01:49:43,878 [pool-265-thread-1] INFO  server.RaftServerConfigKeys (ConfUtils.java:logGet(44)) - raft.server.leaderelection.leader.step-down.wait-time = 10s (default)
2021-02-14 01:49:43,878 [pool-265-thread-1] INFO  server.RaftServerConfigKeys (ConfUtils.java:logGet(44)) - raft.server.sleep.deviation.threshold = 300ms (default)
2021-02-14 01:49:43,878 [pool-265-thread-1] INFO  server.RaftServerConfigKeys (ConfUtils.java:logGet(44)) - raft.server.log.appender.install.snapshot.enabled = false (custom)
2021-02-14 01:49:43,878 [pool-265-thread-1] INFO  server.RaftServer$Division (ServerState.java:<init>(105)) - 2ec71a43-acc1-42a3-b8ca-de3ee762a3c9@group-FE19062429C6: ConfigurationManager, init=-1: [2ec71a43-acc1-42a3-b8ca-de3ee762a3c9|rpc:172.17.0.2:42675|priority:1], old=null, confs=<EMPTY_MAP>
2021-02-14 01:49:43,878 [pool-265-thread-1] INFO  server.RaftServerConfigKeys (ConfUtils.java:logGet(44)) - raft.server.storage.dir = [/github/workspace/mnt/ozone/hadoop-ozone/integration-test/target/test-dir/MiniOzoneClusterImpl-b3eef9e8-6bea-4ca1-9f7b-091cac69c924/datanode-2/data/ratis] (custom)
2021-02-14 01:49:43,879 [pool-265-thread-1] INFO  server.RaftServerConfigKeys (ConfUtils.java:logGet(44)) - raft.server.log.corruption.policy = EXCEPTION (default)
2021-02-14 01:49:43,879 [pool-265-thread-1] INFO  storage.RaftStorageDirectory (RaftStorageDirectoryImpl.java:analyzeStorage(132)) - The storage directory /github/workspace/mnt/ozone/hadoop-ozone/integration-test/target/test-dir/MiniOzoneClusterImpl-b3eef9e8-6bea-4ca1-9f7b-091cac69c924/datanode-2/data/ratis/bd014bce-115a-4ac1-b75e-fe19062429c6 does not exist. Creating ...
2021-02-14 01:49:43,881 [pool-265-thread-1] INFO  storage.RaftStorageDirectory (RaftStorageDirectoryImpl.java:tryLock(215)) - Lock on /github/workspace/mnt/ozone/hadoop-ozone/integration-test/target/test-dir/MiniOzoneClusterImpl-b3eef9e8-6bea-4ca1-9f7b-091cac69c924/datanode-2/data/ratis/bd014bce-115a-4ac1-b75e-fe19062429c6/in_use.lock acquired by nodename 25808@9cc4fcda0858
2021-02-14 01:49:43,882 [pool-265-thread-1] INFO  storage.RaftStorage (RaftStorageImpl.java:format(87)) - Storage directory /github/workspace/mnt/ozone/hadoop-ozone/integration-test/target/test-dir/MiniOzoneClusterImpl-b3eef9e8-6bea-4ca1-9f7b-091cac69c924/datanode-2/data/ratis/bd014bce-115a-4ac1-b75e-fe19062429c6 has been successfully formatted.
2021-02-14 01:49:43,883 [pool-265-thread-1] INFO  ratis.ContainerStateMachine (ContainerStateMachine.java:loadSnapshot(223)) - group-FE19062429C6: The snapshot info is null. Setting the last applied indexto:(t:0, i:~)
2021-02-14 01:49:43,883 [pool-265-thread-1] ERROR storage.RaftStorage (RaftStorageImpl.java:readRaftConfiguration(147)) - Failed reading configuration from file:/github/workspace/mnt/ozone/hadoop-ozone/integration-test/target/test-dir/MiniOzoneClusterImpl-b3eef9e8-6bea-4ca1-9f7b-091cac69c924/datanode-2/data/ratis/bd014bce-115a-4ac1-b75e-fe19062429c6/current/raft-meta.conf
java.io.FileNotFoundException: /github/workspace/mnt/ozone/hadoop-ozone/integration-test/target/test-dir/MiniOzoneClusterImpl-b3eef9e8-6bea-4ca1-9f7b-091cac69c924/datanode-2/data/ratis/bd014bce-115a-4ac1-b75e-fe19062429c6/current/raft-meta.conf (No such file or directory)
	at java.io.FileInputStream.open0(Native Method)
	at java.io.FileInputStream.open(FileInputStream.java:195)
	at java.io.FileInputStream.<init>(FileInputStream.java:138)
	at org.apache.ratis.server.storage.RaftStorageImpl.readRaftConfiguration(RaftStorageImpl.java:143)
	at org.apache.ratis.server.impl.ServerState.<init>(ServerState.java:122)
	at org.apache.ratis.server.impl.RaftServerImpl.<init>(RaftServerImpl.java:193)
	at org.apache.ratis.server.impl.RaftServerProxy.lambda$newRaftServerImpl$4(RaftServerProxy.java:266)
	at java.util.concurrent.CompletableFuture$AsyncSupply.run(CompletableFuture.java:1604)
	at java.util.concurrent.ThreadPoolExecutor.runWorker(ThreadPoolExecutor.java:1149)
	at java.util.concurrent.ThreadPoolExecutor$Worker.run(ThreadPoolExecutor.java:624)
	at java.lang.Thread.run(Thread.java:748)
2021-02-14 01:49:43,883 [EventQueue-PipelineReportForPipelineReportHandler] INFO  pipeline.PipelineStateManager (PipelineStateManager.java:openPipeline(132)) - Pipeline Pipeline[ Id: bd014bce-115a-4ac1-b75e-fe19062429c6, Nodes: 2ec71a43-acc1-42a3-b8ca-de3ee762a3c9{ip: 172.17.0.2, host: 9cc4fcda0858, ports: [REPLICATION=41257, RATIS=42675, RATIS_ADMIN=42675, RATIS_SERVER=42675, STANDALONE=42355], networkLocation: /default-rack, certSerialId: null, persistedOpState: IN_SERVICE, persistedOpStateExpiryEpochSec: 0}, Type:RATIS, Factor:ONE, State:ALLOCATED, leaderId:2ec71a43-acc1-42a3-b8ca-de3ee762a3c9, CreationTimestamp2021-02-14T01:49:40.879Z] moved to OPEN state
2021-02-14 01:49:43,884 [EventQueue-OpenPipelineForHealthyPipelineSafeModeRule] INFO  safemode.SCMSafeModeManager (HealthyPipelineSafeModeRule.java:process(128)) - SCM in safe mode. Healthy pipelines reported count is 0, required healthy pipeline reported count is 1
2021-02-14 01:49:43,883 [EventQueue-PipelineReportForOneReplicaPipelineSafeModeRule] INFO  safemode.SCMSafeModeManager (SCMSafeModeManager.java:validateSafeModeExitRules(214)) - AtleastOneDatanodeReportedRule rule is successfully validated
2021-02-14 01:49:43,885 [pool-265-thread-1] INFO  server.RaftServerConfigKeys (ConfUtils.java:logGet(44)) - raft.server.notification.no-leader.timeout = 300000ms (custom)
2021-02-14 01:49:43,885 [pool-265-thread-1] INFO  server.RaftServerConfigKeys (ConfUtils.java:logGet(44)) - raft.server.log.use.memory = false (default)
2021-02-14 01:49:43,885 [pool-265-thread-1] INFO  server.RaftServerConfigKeys (ConfUtils.java:logGet(44)) - raft.server.log.purge.gap = 1000000 (custom)
2021-02-14 01:49:43,885 [pool-265-thread-1] INFO  server.RaftServerConfigKeys (ConfUtils.java:logGet(44)) - raft.server.log.appender.buffer.byte-limit = 33554432 (custom)
2021-02-14 01:49:43,885 [pool-265-thread-1] INFO  metrics.RatisMetrics (RatisMetrics.java:lambda$create$0(36)) - Creating Metrics Registry : ratis.log_worker.2ec71a43-acc1-42a3-b8ca-de3ee762a3c9@group-FE19062429C6
2021-02-14 01:49:43,885 [pool-265-thread-1] INFO  server.RaftServerConfigKeys (ConfUtils.java:logGet(44)) - raft.server.log.segment.size.max = 1048576 (custom)
2021-02-14 01:49:43,886 [pool-265-thread-1] INFO  server.RaftServerConfigKeys (ConfUtils.java:logGet(44)) - raft.server.log.segment.cache.num.max = 2 (custom)
2021-02-14 01:49:43,886 [pool-265-thread-1] INFO  server.RaftServerConfigKeys (ConfUtils.java:logGet(44)) - raft.server.log.segment.cache.size.max = 200MB (=209715200) (default)
2021-02-14 01:49:43,886 [pool-265-thread-1] INFO  segmented.SegmentedRaftLogWorker (SegmentedRaftLogWorker.java:<init>(181)) - new 2ec71a43-acc1-42a3-b8ca-de3ee762a3c9@group-FE19062429C6-SegmentedRaftLogWorker for RaftStorageImpl:Storage Directory /github/workspace/mnt/ozone/hadoop-ozone/integration-test/target/test-dir/MiniOzoneClusterImpl-b3eef9e8-6bea-4ca1-9f7b-091cac69c924/datanode-2/data/ratis/bd014bce-115a-4ac1-b75e-fe19062429c6
2021-02-14 01:49:43,886 [pool-265-thread-1] INFO  server.RaftServerConfigKeys (ConfUtils.java:logGet(44)) - raft.server.log.queue.byte-limit = 2147483647 (custom)
2021-02-14 01:49:43,887 [pool-265-thread-1] INFO  server.RaftServerConfigKeys (ConfUtils.java:logGet(44)) - raft.server.log.queue.element-limit = 1024 (custom)
2021-02-14 01:49:43,887 [pool-265-thread-1] INFO  server.RaftServerConfigKeys (ConfUtils.java:logGet(44)) - raft.server.log.segment.size.max = 1048576 (custom)
2021-02-14 01:49:43,887 [pool-265-thread-1] INFO  server.RaftServerConfigKeys (ConfUtils.java:logGet(44)) - raft.server.log.preallocated.size = 16384 (custom)
2021-02-14 01:49:43,887 [pool-265-thread-1] INFO  server.RaftServerConfigKeys (ConfUtils.java:logGet(44)) - raft.server.log.force.sync.num = 128 (default)
2021-02-14 01:49:43,887 [pool-265-thread-1] INFO  server.RaftServerConfigKeys (ConfUtils.java:logGet(44)) - raft.server.log.statemachine.data.sync = true (default)
2021-02-14 01:49:43,887 [pool-265-thread-1] INFO  server.RaftServerConfigKeys (ConfUtils.java:logGet(44)) - raft.server.log.statemachine.data.sync.timeout = 10s (default)
2021-02-14 01:49:43,887 [pool-265-thread-1] INFO  server.RaftServerConfigKeys (ConfUtils.java:logGet(44)) - raft.server.log.statemachine.data.sync.timeout.retry = -1 (default)
2021-02-14 01:49:43,888 [pool-265-thread-1] INFO  server.RaftServerConfigKeys (ConfUtils.java:logGet(44)) - raft.server.log.write.buffer.size = 1048576 (custom)
2021-02-14 01:49:43,889 [pool-265-thread-1] INFO  server.RaftServerConfigKeys (ConfUtils.java:logGet(44)) - raft.server.log.statemachine.data.caching.enabled = true (custom)
2021-02-14 01:49:43,889 [pool-265-thread-1] INFO  segmented.SegmentedRaftLogWorker (SegmentedRaftLogWorker.java:lambda$new$0(132)) - 2ec71a43-acc1-42a3-b8ca-de3ee762a3c9@group-FE19062429C6-SegmentedRaftLogWorker: flushIndex: setUnconditionally 0 -> -1
2021-02-14 01:49:43,890 [pool-265-thread-1] INFO  segmented.SegmentedRaftLogWorker (SegmentedRaftLogWorker.java:lambda$new$0(132)) - 2ec71a43-acc1-42a3-b8ca-de3ee762a3c9@group-FE19062429C6-SegmentedRaftLogWorker: safeCacheEvictIndex: setUnconditionally 0 -> -1
2021-02-14 01:49:43,890 [pool-265-thread-1] INFO  server.RaftServerConfigKeys (ConfUtils.java:logGet(44)) - raft.server.snapshot.auto.trigger.enabled = true (custom)
2021-02-14 01:49:43,890 [pool-265-thread-1] INFO  server.RaftServerConfigKeys (ConfUtils.java:logGet(44)) - raft.server.snapshot.auto.trigger.threshold = 10000 (custom)
2021-02-14 01:49:43,890 [pool-265-thread-1] INFO  server.RaftServerConfigKeys (ConfUtils.java:logGet(44)) - raft.server.snapshot.retention.file.num = 5 (custom)
2021-02-14 01:49:43,890 [pool-265-thread-1] INFO  server.RaftServerConfigKeys (ConfUtils.java:logGet(44)) - raft.server.log.purge.upto.snapshot.index = false (default)
2021-02-14 01:49:43,890 [pool-265-thread-1] INFO  server.RaftServerConfigKeys (ConfUtils.java:logGet(44)) - raft.server.retrycache.expirytime = 600000ms (custom)
2021-02-14 01:49:43,890 [pool-265-thread-1] INFO  server.RaftServerConfigKeys (ConfUtils.java:logGet(44)) - raft.server.retrycache.statistics.expirytime = 100?s (default)
2021-02-14 01:49:43,890 [pool-265-thread-1] INFO  metrics.RatisMetrics (RatisMetrics.java:lambda$create$0(36)) - Creating Metrics Registry : ratis.leader_election.2ec71a43-acc1-42a3-b8ca-de3ee762a3c9@group-FE19062429C6
2021-02-14 01:49:43,891 [pool-265-thread-1] INFO  metrics.RatisMetrics (RatisMetrics.java:lambda$create$0(36)) - Creating Metrics Registry : ratis.server.2ec71a43-acc1-42a3-b8ca-de3ee762a3c9@group-FE19062429C6
2021-02-14 01:49:43,892 [pool-265-thread-1] INFO  server.RaftServer$Division (RaftServerImpl.java:start(295)) - 2ec71a43-acc1-42a3-b8ca-de3ee762a3c9@group-FE19062429C6: start as a follower, conf=-1: [2ec71a43-acc1-42a3-b8ca-de3ee762a3c9|rpc:172.17.0.2:42675|priority:1], old=null
2021-02-14 01:49:43,892 [pool-265-thread-1] INFO  server.RaftServer$Division (RaftServerImpl.java:setRole(284)) - 2ec71a43-acc1-42a3-b8ca-de3ee762a3c9@group-FE19062429C6: changes role from      null to FOLLOWER at term 0 for startAsFollower
2021-02-14 01:49:43,892 [pool-265-thread-1] INFO  impl.RoleInfo (RoleInfo.java:updateAndGet(130)) - 2ec71a43-acc1-42a3-b8ca-de3ee762a3c9: start 2ec71a43-acc1-42a3-b8ca-de3ee762a3c9@group-FE19062429C6-FollowerState
2021-02-14 01:49:43,893 [pool-265-thread-1] INFO  util.JmxRegister (JmxRegister.java:tryRegister(44)) - Successfully registered JMX Bean with object name Ratis:service=RaftServer,group=group-FE19062429C6,id=2ec71a43-acc1-42a3-b8ca-de3ee762a3c9
2021-02-14 01:49:43,893 [pool-265-thread-1] INFO  metrics.RatisMetrics (RatisMetrics.java:lambda$create$0(36)) - Creating Metrics Registry : ratis.state_machine.2ec71a43-acc1-42a3-b8ca-de3ee762a3c9@group-FE19062429C6
2021-02-14 01:49:43,896 [Command processor thread] INFO  commandhandler.CreatePipelineCommandHandler (CreatePipelineCommandHandler.java:handle(106)) - Created Pipeline RATIS ONE PipelineID=bd014bce-115a-4ac1-b75e-fe19062429c6.
2021-02-14 01:49:44,207 [Command processor thread] INFO  server.RaftServer (RaftServerProxy.java:addNew(95)) - 7f0f79db-cac0-4201-a2ab-ddfae922df70: addNew group-43522AE5BFCA:[7f0f79db-cac0-4201-a2ab-ddfae922df70|rpc:172.17.0.2:36067|priority:1] returns group-43522AE5BFCA:java.util.concurrent.CompletableFuture@23fe7294[Not completed]
2021-02-14 01:49:44,208 [pool-280-thread-1] INFO  server.RaftServer$Division (RaftServerImpl.java:<init>(180)) - 7f0f79db-cac0-4201-a2ab-ddfae922df70: new RaftServerImpl for group-43522AE5BFCA:[7f0f79db-cac0-4201-a2ab-ddfae922df70|rpc:172.17.0.2:36067|priority:1] with ContainerStateMachine:uninitialized
2021-02-14 01:49:44,208 [pool-280-thread-1] INFO  server.RaftServerConfigKeys (ConfUtils.java:logGet(44)) - raft.server.rpc.timeout.min = 5s (custom)
2021-02-14 01:49:44,208 [pool-280-thread-1] INFO  server.RaftServerConfigKeys (ConfUtils.java:logGet(44)) - raft.server.rpc.timeout.max = 5200ms (custom)
2021-02-14 01:49:44,208 [pool-280-thread-1] INFO  server.RaftServerConfigKeys (ConfUtils.java:logGet(44)) - raft.server.rpc.sleep.time = 25ms (default)
2021-02-14 01:49:44,208 [pool-280-thread-1] INFO  server.RaftServerConfigKeys (ConfUtils.java:logGet(44)) - raft.server.rpc.slowness.timeout = 300000ms (custom)
2021-02-14 01:49:44,208 [pool-280-thread-1] INFO  server.RaftServerConfigKeys (ConfUtils.java:logGet(44)) - raft.server.leaderelection.leader.step-down.wait-time = 10s (default)
2021-02-14 01:49:44,208 [pool-280-thread-1] INFO  server.RaftServerConfigKeys (ConfUtils.java:logGet(44)) - raft.server.sleep.deviation.threshold = 300ms (default)
2021-02-14 01:49:44,209 [pool-280-thread-1] INFO  server.RaftServerConfigKeys (ConfUtils.java:logGet(44)) - raft.server.log.appender.install.snapshot.enabled = false (custom)
2021-02-14 01:49:44,209 [pool-280-thread-1] INFO  server.RaftServer$Division (ServerState.java:<init>(105)) - 7f0f79db-cac0-4201-a2ab-ddfae922df70@group-43522AE5BFCA: ConfigurationManager, init=-1: [7f0f79db-cac0-4201-a2ab-ddfae922df70|rpc:172.17.0.2:36067|priority:1], old=null, confs=<EMPTY_MAP>
2021-02-14 01:49:44,209 [pool-280-thread-1] INFO  server.RaftServerConfigKeys (ConfUtils.java:logGet(44)) - raft.server.storage.dir = [/github/workspace/mnt/ozone/hadoop-ozone/integration-test/target/test-dir/MiniOzoneClusterImpl-b3eef9e8-6bea-4ca1-9f7b-091cac69c924/datanode-3/data/ratis] (custom)
2021-02-14 01:49:44,209 [pool-280-thread-1] INFO  server.RaftServerConfigKeys (ConfUtils.java:logGet(44)) - raft.server.log.corruption.policy = EXCEPTION (default)
2021-02-14 01:49:44,209 [pool-280-thread-1] INFO  storage.RaftStorageDirectory (RaftStorageDirectoryImpl.java:analyzeStorage(132)) - The storage directory /github/workspace/mnt/ozone/hadoop-ozone/integration-test/target/test-dir/MiniOzoneClusterImpl-b3eef9e8-6bea-4ca1-9f7b-091cac69c924/datanode-3/data/ratis/4183d737-3a04-4f60-a92d-43522ae5bfca does not exist. Creating ...
2021-02-14 01:49:44,212 [pool-280-thread-1] INFO  storage.RaftStorageDirectory (RaftStorageDirectoryImpl.java:tryLock(215)) - Lock on /github/workspace/mnt/ozone/hadoop-ozone/integration-test/target/test-dir/MiniOzoneClusterImpl-b3eef9e8-6bea-4ca1-9f7b-091cac69c924/datanode-3/data/ratis/4183d737-3a04-4f60-a92d-43522ae5bfca/in_use.lock acquired by nodename 25808@9cc4fcda0858
2021-02-14 01:49:44,213 [pool-280-thread-1] INFO  storage.RaftStorage (RaftStorageImpl.java:format(87)) - Storage directory /github/workspace/mnt/ozone/hadoop-ozone/integration-test/target/test-dir/MiniOzoneClusterImpl-b3eef9e8-6bea-4ca1-9f7b-091cac69c924/datanode-3/data/ratis/4183d737-3a04-4f60-a92d-43522ae5bfca has been successfully formatted.
2021-02-14 01:49:44,213 [pool-280-thread-1] INFO  ratis.ContainerStateMachine (ContainerStateMachine.java:loadSnapshot(223)) - group-43522AE5BFCA: The snapshot info is null. Setting the last applied indexto:(t:0, i:~)
2021-02-14 01:49:44,213 [pool-280-thread-1] ERROR storage.RaftStorage (RaftStorageImpl.java:readRaftConfiguration(147)) - Failed reading configuration from file:/github/workspace/mnt/ozone/hadoop-ozone/integration-test/target/test-dir/MiniOzoneClusterImpl-b3eef9e8-6bea-4ca1-9f7b-091cac69c924/datanode-3/data/ratis/4183d737-3a04-4f60-a92d-43522ae5bfca/current/raft-meta.conf
java.io.FileNotFoundException: /github/workspace/mnt/ozone/hadoop-ozone/integration-test/target/test-dir/MiniOzoneClusterImpl-b3eef9e8-6bea-4ca1-9f7b-091cac69c924/datanode-3/data/ratis/4183d737-3a04-4f60-a92d-43522ae5bfca/current/raft-meta.conf (No such file or directory)
	at java.io.FileInputStream.open0(Native Method)
	at java.io.FileInputStream.open(FileInputStream.java:195)
	at java.io.FileInputStream.<init>(FileInputStream.java:138)
	at org.apache.ratis.server.storage.RaftStorageImpl.readRaftConfiguration(RaftStorageImpl.java:143)
	at org.apache.ratis.server.impl.ServerState.<init>(ServerState.java:122)
	at org.apache.ratis.server.impl.RaftServerImpl.<init>(RaftServerImpl.java:193)
	at org.apache.ratis.server.impl.RaftServerProxy.lambda$newRaftServerImpl$4(RaftServerProxy.java:266)
	at java.util.concurrent.CompletableFuture$AsyncSupply.run(CompletableFuture.java:1604)
	at java.util.concurrent.ThreadPoolExecutor.runWorker(ThreadPoolExecutor.java:1149)
	at java.util.concurrent.ThreadPoolExecutor$Worker.run(ThreadPoolExecutor.java:624)
	at java.lang.Thread.run(Thread.java:748)
2021-02-14 01:49:44,214 [pool-280-thread-1] INFO  server.RaftServerConfigKeys (ConfUtils.java:logGet(44)) - raft.server.notification.no-leader.timeout = 300000ms (custom)
2021-02-14 01:49:44,214 [pool-280-thread-1] INFO  server.RaftServerConfigKeys (ConfUtils.java:logGet(44)) - raft.server.log.use.memory = false (default)
2021-02-14 01:49:44,214 [pool-280-thread-1] INFO  server.RaftServerConfigKeys (ConfUtils.java:logGet(44)) - raft.server.log.purge.gap = 1000000 (custom)
2021-02-14 01:49:44,214 [pool-280-thread-1] INFO  server.RaftServerConfigKeys (ConfUtils.java:logGet(44)) - raft.server.log.appender.buffer.byte-limit = 33554432 (custom)
2021-02-14 01:49:44,214 [pool-280-thread-1] INFO  metrics.RatisMetrics (RatisMetrics.java:lambda$create$0(36)) - Creating Metrics Registry : ratis.log_worker.7f0f79db-cac0-4201-a2ab-ddfae922df70@group-43522AE5BFCA
2021-02-14 01:49:44,214 [EventQueue-PipelineReportForOneReplicaPipelineSafeModeRule] INFO  safemode.SCMSafeModeManager (SCMSafeModeManager.java:validateSafeModeExitRules(214)) - AtleastOneDatanodeReportedRule rule is successfully validated
2021-02-14 01:49:44,214 [pool-280-thread-1] INFO  server.RaftServerConfigKeys (ConfUtils.java:logGet(44)) - raft.server.log.segment.size.max = 1048576 (custom)
2021-02-14 01:49:44,214 [EventQueue-PipelineReportForPipelineReportHandler] INFO  pipeline.PipelineStateManager (PipelineStateManager.java:openPipeline(132)) - Pipeline Pipeline[ Id: 4183d737-3a04-4f60-a92d-43522ae5bfca, Nodes: 7f0f79db-cac0-4201-a2ab-ddfae922df70{ip: 172.17.0.2, host: 9cc4fcda0858, ports: [REPLICATION=33981, RATIS=36067, RATIS_ADMIN=36067, RATIS_SERVER=36067, STANDALONE=35899], networkLocation: /default-rack, certSerialId: null, persistedOpState: IN_SERVICE, persistedOpStateExpiryEpochSec: 0}, Type:RATIS, Factor:ONE, State:ALLOCATED, leaderId:7f0f79db-cac0-4201-a2ab-ddfae922df70, CreationTimestamp2021-02-14T01:49:41.207Z] moved to OPEN state
2021-02-14 01:49:44,215 [EventQueue-OpenPipelineForHealthyPipelineSafeModeRule] INFO  safemode.SCMSafeModeManager (HealthyPipelineSafeModeRule.java:process(128)) - SCM in safe mode. Healthy pipelines reported count is 0, required healthy pipeline reported count is 1
2021-02-14 01:49:44,215 [pool-280-thread-1] INFO  server.RaftServerConfigKeys (ConfUtils.java:logGet(44)) - raft.server.log.segment.cache.num.max = 2 (custom)
2021-02-14 01:49:44,215 [pool-280-thread-1] INFO  server.RaftServerConfigKeys (ConfUtils.java:logGet(44)) - raft.server.log.segment.cache.size.max = 200MB (=209715200) (default)
2021-02-14 01:49:44,215 [pool-280-thread-1] INFO  segmented.SegmentedRaftLogWorker (SegmentedRaftLogWorker.java:<init>(181)) - new 7f0f79db-cac0-4201-a2ab-ddfae922df70@group-43522AE5BFCA-SegmentedRaftLogWorker for RaftStorageImpl:Storage Directory /github/workspace/mnt/ozone/hadoop-ozone/integration-test/target/test-dir/MiniOzoneClusterImpl-b3eef9e8-6bea-4ca1-9f7b-091cac69c924/datanode-3/data/ratis/4183d737-3a04-4f60-a92d-43522ae5bfca
2021-02-14 01:49:44,215 [pool-280-thread-1] INFO  server.RaftServerConfigKeys (ConfUtils.java:logGet(44)) - raft.server.log.queue.byte-limit = 2147483647 (custom)
2021-02-14 01:49:44,215 [pool-280-thread-1] INFO  server.RaftServerConfigKeys (ConfUtils.java:logGet(44)) - raft.server.log.queue.element-limit = 1024 (custom)
2021-02-14 01:49:44,215 [pool-280-thread-1] INFO  server.RaftServerConfigKeys (ConfUtils.java:logGet(44)) - raft.server.log.segment.size.max = 1048576 (custom)
2021-02-14 01:49:44,215 [pool-280-thread-1] INFO  server.RaftServerConfigKeys (ConfUtils.java:logGet(44)) - raft.server.log.preallocated.size = 16384 (custom)
2021-02-14 01:49:44,215 [pool-280-thread-1] INFO  server.RaftServerConfigKeys (ConfUtils.java:logGet(44)) - raft.server.log.force.sync.num = 128 (default)
2021-02-14 01:49:44,216 [pool-280-thread-1] INFO  server.RaftServerConfigKeys (ConfUtils.java:logGet(44)) - raft.server.log.statemachine.data.sync = true (default)
2021-02-14 01:49:44,216 [pool-280-thread-1] INFO  server.RaftServerConfigKeys (ConfUtils.java:logGet(44)) - raft.server.log.statemachine.data.sync.timeout = 10s (default)
2021-02-14 01:49:44,216 [pool-280-thread-1] INFO  server.RaftServerConfigKeys (ConfUtils.java:logGet(44)) - raft.server.log.statemachine.data.sync.timeout.retry = -1 (default)
2021-02-14 01:49:44,218 [pool-280-thread-1] INFO  server.RaftServerConfigKeys (ConfUtils.java:logGet(44)) - raft.server.log.write.buffer.size = 1048576 (custom)
2021-02-14 01:49:44,219 [pool-280-thread-1] INFO  server.RaftServerConfigKeys (ConfUtils.java:logGet(44)) - raft.server.log.statemachine.data.caching.enabled = true (custom)
2021-02-14 01:49:44,219 [pool-280-thread-1] INFO  segmented.SegmentedRaftLogWorker (SegmentedRaftLogWorker.java:lambda$new$0(132)) - 7f0f79db-cac0-4201-a2ab-ddfae922df70@group-43522AE5BFCA-SegmentedRaftLogWorker: flushIndex: setUnconditionally 0 -> -1
2021-02-14 01:49:44,219 [pool-280-thread-1] INFO  segmented.SegmentedRaftLogWorker (SegmentedRaftLogWorker.java:lambda$new$0(132)) - 7f0f79db-cac0-4201-a2ab-ddfae922df70@group-43522AE5BFCA-SegmentedRaftLogWorker: safeCacheEvictIndex: setUnconditionally 0 -> -1
2021-02-14 01:49:44,219 [pool-280-thread-1] INFO  server.RaftServerConfigKeys (ConfUtils.java:logGet(44)) - raft.server.snapshot.auto.trigger.enabled = true (custom)
2021-02-14 01:49:44,220 [pool-280-thread-1] INFO  server.RaftServerConfigKeys (ConfUtils.java:logGet(44)) - raft.server.snapshot.auto.trigger.threshold = 10000 (custom)
2021-02-14 01:49:44,220 [pool-280-thread-1] INFO  server.RaftServerConfigKeys (ConfUtils.java:logGet(44)) - raft.server.snapshot.retention.file.num = 5 (custom)
2021-02-14 01:49:44,220 [pool-280-thread-1] INFO  server.RaftServerConfigKeys (ConfUtils.java:logGet(44)) - raft.server.log.purge.upto.snapshot.index = false (default)
2021-02-14 01:49:44,220 [pool-280-thread-1] INFO  server.RaftServerConfigKeys (ConfUtils.java:logGet(44)) - raft.server.retrycache.expirytime = 600000ms (custom)
2021-02-14 01:49:44,220 [pool-280-thread-1] INFO  server.RaftServerConfigKeys (ConfUtils.java:logGet(44)) - raft.server.retrycache.statistics.expirytime = 100?s (default)
2021-02-14 01:49:44,220 [pool-280-thread-1] INFO  metrics.RatisMetrics (RatisMetrics.java:lambda$create$0(36)) - Creating Metrics Registry : ratis.leader_election.7f0f79db-cac0-4201-a2ab-ddfae922df70@group-43522AE5BFCA
2021-02-14 01:49:44,221 [pool-280-thread-1] INFO  metrics.RatisMetrics (RatisMetrics.java:lambda$create$0(36)) - Creating Metrics Registry : ratis.server.7f0f79db-cac0-4201-a2ab-ddfae922df70@group-43522AE5BFCA
2021-02-14 01:49:44,224 [pool-280-thread-1] INFO  server.RaftServer$Division (RaftServerImpl.java:start(295)) - 7f0f79db-cac0-4201-a2ab-ddfae922df70@group-43522AE5BFCA: start as a follower, conf=-1: [7f0f79db-cac0-4201-a2ab-ddfae922df70|rpc:172.17.0.2:36067|priority:1], old=null
2021-02-14 01:49:44,224 [pool-280-thread-1] INFO  server.RaftServer$Division (RaftServerImpl.java:setRole(284)) - 7f0f79db-cac0-4201-a2ab-ddfae922df70@group-43522AE5BFCA: changes role from      null to FOLLOWER at term 0 for startAsFollower
2021-02-14 01:49:44,226 [pool-280-thread-1] INFO  impl.RoleInfo (RoleInfo.java:updateAndGet(130)) - 7f0f79db-cac0-4201-a2ab-ddfae922df70: start 7f0f79db-cac0-4201-a2ab-ddfae922df70@group-43522AE5BFCA-FollowerState
2021-02-14 01:49:44,227 [pool-280-thread-1] INFO  util.JmxRegister (JmxRegister.java:tryRegister(44)) - Successfully registered JMX Bean with object name Ratis:service=RaftServer,group=group-43522AE5BFCA,id=7f0f79db-cac0-4201-a2ab-ddfae922df70
2021-02-14 01:49:44,227 [pool-280-thread-1] INFO  metrics.RatisMetrics (RatisMetrics.java:lambda$create$0(36)) - Creating Metrics Registry : ratis.state_machine.7f0f79db-cac0-4201-a2ab-ddfae922df70@group-43522AE5BFCA
2021-02-14 01:49:44,228 [Command processor thread] INFO  commandhandler.CreatePipelineCommandHandler (CreatePipelineCommandHandler.java:handle(106)) - Created Pipeline RATIS ONE PipelineID=4183d737-3a04-4f60-a92d-43522ae5bfca.
2021-02-14 01:49:44,229 [Command processor thread] INFO  server.RaftServer (RaftServerProxy.java:addNew(95)) - 7f0f79db-cac0-4201-a2ab-ddfae922df70: addNew group-2DF9806E95A3:[67ae471d-b492-4f31-a24b-cc05e6e2b64e|rpc:172.17.0.2:46819|priority:1, 23cc1cc1-0040-4236-a819-0d718e7e646a|rpc:172.17.0.2:45489|priority:0, 7f0f79db-cac0-4201-a2ab-ddfae922df70|rpc:172.17.0.2:36067|priority:0] returns group-2DF9806E95A3:java.util.concurrent.CompletableFuture@27c1e233[Not completed]
2021-02-14 01:49:44,230 [pool-280-thread-1] INFO  server.RaftServer$Division (RaftServerImpl.java:<init>(180)) - 7f0f79db-cac0-4201-a2ab-ddfae922df70: new RaftServerImpl for group-2DF9806E95A3:[67ae471d-b492-4f31-a24b-cc05e6e2b64e|rpc:172.17.0.2:46819|priority:1, 23cc1cc1-0040-4236-a819-0d718e7e646a|rpc:172.17.0.2:45489|priority:0, 7f0f79db-cac0-4201-a2ab-ddfae922df70|rpc:172.17.0.2:36067|priority:0] with ContainerStateMachine:uninitialized
2021-02-14 01:49:44,230 [pool-280-thread-1] INFO  server.RaftServerConfigKeys (ConfUtils.java:logGet(44)) - raft.server.rpc.timeout.min = 5s (custom)
2021-02-14 01:49:44,230 [pool-280-thread-1] INFO  server.RaftServerConfigKeys (ConfUtils.java:logGet(44)) - raft.server.rpc.timeout.max = 5200ms (custom)
2021-02-14 01:49:44,230 [pool-280-thread-1] INFO  server.RaftServerConfigKeys (ConfUtils.java:logGet(44)) - raft.server.rpc.sleep.time = 25ms (default)
2021-02-14 01:49:44,230 [pool-280-thread-1] INFO  server.RaftServerConfigKeys (ConfUtils.java:logGet(44)) - raft.server.rpc.slowness.timeout = 300000ms (custom)
2021-02-14 01:49:44,231 [pool-280-thread-1] INFO  server.RaftServerConfigKeys (ConfUtils.java:logGet(44)) - raft.server.leaderelection.leader.step-down.wait-time = 10s (default)
2021-02-14 01:49:44,231 [pool-280-thread-1] INFO  server.RaftServerConfigKeys (ConfUtils.java:logGet(44)) - raft.server.sleep.deviation.threshold = 300ms (default)
2021-02-14 01:49:44,231 [pool-280-thread-1] INFO  server.RaftServerConfigKeys (ConfUtils.java:logGet(44)) - raft.server.log.appender.install.snapshot.enabled = false (custom)
2021-02-14 01:49:44,231 [pool-280-thread-1] INFO  server.RaftServer$Division (ServerState.java:<init>(105)) - 7f0f79db-cac0-4201-a2ab-ddfae922df70@group-2DF9806E95A3: ConfigurationManager, init=-1: [67ae471d-b492-4f31-a24b-cc05e6e2b64e|rpc:172.17.0.2:46819|priority:1, 23cc1cc1-0040-4236-a819-0d718e7e646a|rpc:172.17.0.2:45489|priority:0, 7f0f79db-cac0-4201-a2ab-ddfae922df70|rpc:172.17.0.2:36067|priority:0], old=null, confs=<EMPTY_MAP>
2021-02-14 01:49:44,231 [pool-280-thread-1] INFO  server.RaftServerConfigKeys (ConfUtils.java:logGet(44)) - raft.server.storage.dir = [/github/workspace/mnt/ozone/hadoop-ozone/integration-test/target/test-dir/MiniOzoneClusterImpl-b3eef9e8-6bea-4ca1-9f7b-091cac69c924/datanode-3/data/ratis] (custom)
2021-02-14 01:49:44,231 [pool-280-thread-1] INFO  server.RaftServerConfigKeys (ConfUtils.java:logGet(44)) - raft.server.log.corruption.policy = EXCEPTION (default)
2021-02-14 01:49:44,231 [pool-280-thread-1] INFO  storage.RaftStorageDirectory (RaftStorageDirectoryImpl.java:analyzeStorage(132)) - The storage directory /github/workspace/mnt/ozone/hadoop-ozone/integration-test/target/test-dir/MiniOzoneClusterImpl-b3eef9e8-6bea-4ca1-9f7b-091cac69c924/datanode-3/data/ratis/d3f2502a-8941-4805-a183-2df9806e95a3 does not exist. Creating ...
2021-02-14 01:49:44,233 [pool-280-thread-1] INFO  storage.RaftStorageDirectory (RaftStorageDirectoryImpl.java:tryLock(215)) - Lock on /github/workspace/mnt/ozone/hadoop-ozone/integration-test/target/test-dir/MiniOzoneClusterImpl-b3eef9e8-6bea-4ca1-9f7b-091cac69c924/datanode-3/data/ratis/d3f2502a-8941-4805-a183-2df9806e95a3/in_use.lock acquired by nodename 25808@9cc4fcda0858
2021-02-14 01:49:44,234 [pool-280-thread-1] INFO  storage.RaftStorage (RaftStorageImpl.java:format(87)) - Storage directory /github/workspace/mnt/ozone/hadoop-ozone/integration-test/target/test-dir/MiniOzoneClusterImpl-b3eef9e8-6bea-4ca1-9f7b-091cac69c924/datanode-3/data/ratis/d3f2502a-8941-4805-a183-2df9806e95a3 has been successfully formatted.
2021-02-14 01:49:44,235 [EventQueue-PipelineReportForOneReplicaPipelineSafeModeRule] INFO  safemode.SCMSafeModeManager (SCMSafeModeManager.java:validateSafeModeExitRules(214)) - AtleastOneDatanodeReportedRule rule is successfully validated
2021-02-14 01:49:44,235 [EventQueue-OpenPipelineForHealthyPipelineSafeModeRule] INFO  safemode.SCMSafeModeManager (HealthyPipelineSafeModeRule.java:process(128)) - SCM in safe mode. Healthy pipelines reported count is 0, required healthy pipeline reported count is 1
2021-02-14 01:49:44,235 [pool-280-thread-1] INFO  ratis.ContainerStateMachine (ContainerStateMachine.java:loadSnapshot(223)) - group-2DF9806E95A3: The snapshot info is null. Setting the last applied indexto:(t:0, i:~)
2021-02-14 01:49:44,235 [pool-280-thread-1] ERROR storage.RaftStorage (RaftStorageImpl.java:readRaftConfiguration(147)) - Failed reading configuration from file:/github/workspace/mnt/ozone/hadoop-ozone/integration-test/target/test-dir/MiniOzoneClusterImpl-b3eef9e8-6bea-4ca1-9f7b-091cac69c924/datanode-3/data/ratis/d3f2502a-8941-4805-a183-2df9806e95a3/current/raft-meta.conf
java.io.FileNotFoundException: /github/workspace/mnt/ozone/hadoop-ozone/integration-test/target/test-dir/MiniOzoneClusterImpl-b3eef9e8-6bea-4ca1-9f7b-091cac69c924/datanode-3/data/ratis/d3f2502a-8941-4805-a183-2df9806e95a3/current/raft-meta.conf (No such file or directory)
	at java.io.FileInputStream.open0(Native Method)
	at java.io.FileInputStream.open(FileInputStream.java:195)
	at java.io.FileInputStream.<init>(FileInputStream.java:138)
	at org.apache.ratis.server.storage.RaftStorageImpl.readRaftConfiguration(RaftStorageImpl.java:143)
	at org.apache.ratis.server.impl.ServerState.<init>(ServerState.java:122)
	at org.apache.ratis.server.impl.RaftServerImpl.<init>(RaftServerImpl.java:193)
	at org.apache.ratis.server.impl.RaftServerProxy.lambda$newRaftServerImpl$4(RaftServerProxy.java:266)
	at java.util.concurrent.CompletableFuture$AsyncSupply.run(CompletableFuture.java:1604)
	at java.util.concurrent.ThreadPoolExecutor.runWorker(ThreadPoolExecutor.java:1149)
	at java.util.concurrent.ThreadPoolExecutor$Worker.run(ThreadPoolExecutor.java:624)
	at java.lang.Thread.run(Thread.java:748)
2021-02-14 01:49:44,235 [pool-280-thread-1] INFO  server.RaftServerConfigKeys (ConfUtils.java:logGet(44)) - raft.server.notification.no-leader.timeout = 300000ms (custom)
2021-02-14 01:49:44,235 [pool-280-thread-1] INFO  server.RaftServerConfigKeys (ConfUtils.java:logGet(44)) - raft.server.log.use.memory = false (default)
2021-02-14 01:49:44,235 [pool-280-thread-1] INFO  server.RaftServerConfigKeys (ConfUtils.java:logGet(44)) - raft.server.log.purge.gap = 1000000 (custom)
2021-02-14 01:49:44,236 [pool-280-thread-1] INFO  server.RaftServerConfigKeys (ConfUtils.java:logGet(44)) - raft.server.log.appender.buffer.byte-limit = 33554432 (custom)
2021-02-14 01:49:44,236 [pool-280-thread-1] INFO  metrics.RatisMetrics (RatisMetrics.java:lambda$create$0(36)) - Creating Metrics Registry : ratis.log_worker.7f0f79db-cac0-4201-a2ab-ddfae922df70@group-2DF9806E95A3
2021-02-14 01:49:44,236 [pool-280-thread-1] INFO  server.RaftServerConfigKeys (ConfUtils.java:logGet(44)) - raft.server.log.segment.size.max = 1048576 (custom)
2021-02-14 01:49:44,237 [pool-280-thread-1] INFO  server.RaftServerConfigKeys (ConfUtils.java:logGet(44)) - raft.server.log.segment.cache.num.max = 2 (custom)
2021-02-14 01:49:44,237 [pool-280-thread-1] INFO  server.RaftServerConfigKeys (ConfUtils.java:logGet(44)) - raft.server.log.segment.cache.size.max = 200MB (=209715200) (default)
2021-02-14 01:49:44,237 [pool-280-thread-1] INFO  segmented.SegmentedRaftLogWorker (SegmentedRaftLogWorker.java:<init>(181)) - new 7f0f79db-cac0-4201-a2ab-ddfae922df70@group-2DF9806E95A3-SegmentedRaftLogWorker for RaftStorageImpl:Storage Directory /github/workspace/mnt/ozone/hadoop-ozone/integration-test/target/test-dir/MiniOzoneClusterImpl-b3eef9e8-6bea-4ca1-9f7b-091cac69c924/datanode-3/data/ratis/d3f2502a-8941-4805-a183-2df9806e95a3
2021-02-14 01:49:44,237 [pool-280-thread-1] INFO  server.RaftServerConfigKeys (ConfUtils.java:logGet(44)) - raft.server.log.queue.byte-limit = 2147483647 (custom)
2021-02-14 01:49:44,237 [pool-280-thread-1] INFO  server.RaftServerConfigKeys (ConfUtils.java:logGet(44)) - raft.server.log.queue.element-limit = 1024 (custom)
2021-02-14 01:49:44,237 [pool-280-thread-1] INFO  server.RaftServerConfigKeys (ConfUtils.java:logGet(44)) - raft.server.log.segment.size.max = 1048576 (custom)
2021-02-14 01:49:44,237 [pool-280-thread-1] INFO  server.RaftServerConfigKeys (ConfUtils.java:logGet(44)) - raft.server.log.preallocated.size = 16384 (custom)
2021-02-14 01:49:44,237 [pool-280-thread-1] INFO  server.RaftServerConfigKeys (ConfUtils.java:logGet(44)) - raft.server.log.force.sync.num = 128 (default)
2021-02-14 01:49:44,237 [pool-280-thread-1] INFO  server.RaftServerConfigKeys (ConfUtils.java:logGet(44)) - raft.server.log.statemachine.data.sync = true (default)
2021-02-14 01:49:44,237 [pool-280-thread-1] INFO  server.RaftServerConfigKeys (ConfUtils.java:logGet(44)) - raft.server.log.statemachine.data.sync.timeout = 10s (default)
2021-02-14 01:49:44,237 [pool-280-thread-1] INFO  server.RaftServerConfigKeys (ConfUtils.java:logGet(44)) - raft.server.log.statemachine.data.sync.timeout.retry = -1 (default)
2021-02-14 01:49:44,238 [pool-280-thread-1] INFO  server.RaftServerConfigKeys (ConfUtils.java:logGet(44)) - raft.server.log.write.buffer.size = 1048576 (custom)
2021-02-14 01:49:44,239 [pool-280-thread-1] INFO  server.RaftServerConfigKeys (ConfUtils.java:logGet(44)) - raft.server.log.statemachine.data.caching.enabled = true (custom)
2021-02-14 01:49:44,239 [pool-280-thread-1] INFO  segmented.SegmentedRaftLogWorker (SegmentedRaftLogWorker.java:lambda$new$0(132)) - 7f0f79db-cac0-4201-a2ab-ddfae922df70@group-2DF9806E95A3-SegmentedRaftLogWorker: flushIndex: setUnconditionally 0 -> -1
2021-02-14 01:49:44,239 [pool-280-thread-1] INFO  segmented.SegmentedRaftLogWorker (SegmentedRaftLogWorker.java:lambda$new$0(132)) - 7f0f79db-cac0-4201-a2ab-ddfae922df70@group-2DF9806E95A3-SegmentedRaftLogWorker: safeCacheEvictIndex: setUnconditionally 0 -> -1
2021-02-14 01:49:44,247 [pool-280-thread-1] INFO  server.RaftServerConfigKeys (ConfUtils.java:logGet(44)) - raft.server.snapshot.auto.trigger.enabled = true (custom)
2021-02-14 01:49:44,247 [pool-280-thread-1] INFO  server.RaftServerConfigKeys (ConfUtils.java:logGet(44)) - raft.server.snapshot.auto.trigger.threshold = 10000 (custom)
2021-02-14 01:49:44,247 [pool-280-thread-1] INFO  server.RaftServerConfigKeys (ConfUtils.java:logGet(44)) - raft.server.snapshot.retention.file.num = 5 (custom)
2021-02-14 01:49:44,247 [pool-280-thread-1] INFO  server.RaftServerConfigKeys (ConfUtils.java:logGet(44)) - raft.server.log.purge.upto.snapshot.index = false (default)
2021-02-14 01:49:44,247 [pool-280-thread-1] INFO  server.RaftServerConfigKeys (ConfUtils.java:logGet(44)) - raft.server.retrycache.expirytime = 600000ms (custom)
2021-02-14 01:49:44,248 [pool-280-thread-1] INFO  server.RaftServerConfigKeys (ConfUtils.java:logGet(44)) - raft.server.retrycache.statistics.expirytime = 100?s (default)
2021-02-14 01:49:44,248 [pool-280-thread-1] INFO  metrics.RatisMetrics (RatisMetrics.java:lambda$create$0(36)) - Creating Metrics Registry : ratis.leader_election.7f0f79db-cac0-4201-a2ab-ddfae922df70@group-2DF9806E95A3
2021-02-14 01:49:44,248 [pool-280-thread-1] INFO  metrics.RatisMetrics (RatisMetrics.java:lambda$create$0(36)) - Creating Metrics Registry : ratis.server.7f0f79db-cac0-4201-a2ab-ddfae922df70@group-2DF9806E95A3
2021-02-14 01:49:44,249 [pool-280-thread-1] INFO  server.RaftServer$Division (RaftServerImpl.java:start(295)) - 7f0f79db-cac0-4201-a2ab-ddfae922df70@group-2DF9806E95A3: start as a follower, conf=-1: [67ae471d-b492-4f31-a24b-cc05e6e2b64e|rpc:172.17.0.2:46819|priority:1, 23cc1cc1-0040-4236-a819-0d718e7e646a|rpc:172.17.0.2:45489|priority:0, 7f0f79db-cac0-4201-a2ab-ddfae922df70|rpc:172.17.0.2:36067|priority:0], old=null
2021-02-14 01:49:44,249 [pool-280-thread-1] INFO  server.RaftServer$Division (RaftServerImpl.java:setRole(284)) - 7f0f79db-cac0-4201-a2ab-ddfae922df70@group-2DF9806E95A3: changes role from      null to FOLLOWER at term 0 for startAsFollower
2021-02-14 01:49:44,250 [pool-280-thread-1] INFO  impl.RoleInfo (RoleInfo.java:updateAndGet(130)) - 7f0f79db-cac0-4201-a2ab-ddfae922df70: start 7f0f79db-cac0-4201-a2ab-ddfae922df70@group-2DF9806E95A3-FollowerState
2021-02-14 01:49:44,250 [pool-280-thread-1] INFO  util.JmxRegister (JmxRegister.java:tryRegister(44)) - Successfully registered JMX Bean with object name Ratis:service=RaftServer,group=group-2DF9806E95A3,id=7f0f79db-cac0-4201-a2ab-ddfae922df70
2021-02-14 01:49:44,250 [pool-280-thread-1] INFO  metrics.RatisMetrics (RatisMetrics.java:lambda$create$0(36)) - Creating Metrics Registry : ratis.state_machine.7f0f79db-cac0-4201-a2ab-ddfae922df70@group-2DF9806E95A3
2021-02-14 01:49:44,252 [Command processor thread] INFO  metrics.RatisMetrics (RatisMetrics.java:lambda$create$0(36)) - Creating Metrics Registry : ratis.client_message_metrics.client-FC15D32B91DB->23cc1cc1-0040-4236-a819-0d718e7e646a
2021-02-14 01:49:44,258 [grpc-default-executor-3] INFO  metrics.RatisMetrics (RatisMetrics.java:lambda$create$0(36)) - Creating Metrics Registry : ratis.server_message_metrics.23cc1cc1-0040-4236-a819-0d718e7e646a
2021-02-14 01:49:44,260 [grpc-default-executor-3] INFO  server.RaftServer (RaftServerProxy.java:addNew(95)) - 23cc1cc1-0040-4236-a819-0d718e7e646a: addNew group-2DF9806E95A3:[67ae471d-b492-4f31-a24b-cc05e6e2b64e|rpc:172.17.0.2:46819|dataStream:|priority:1, 23cc1cc1-0040-4236-a819-0d718e7e646a|rpc:172.17.0.2:45489|dataStream:|priority:0, 7f0f79db-cac0-4201-a2ab-ddfae922df70|rpc:172.17.0.2:36067|dataStream:|priority:0] returns group-2DF9806E95A3:java.util.concurrent.CompletableFuture@761182e4[Not completed]
2021-02-14 01:49:44,261 [pool-313-thread-1] INFO  server.RaftServer$Division (RaftServerImpl.java:<init>(180)) - 23cc1cc1-0040-4236-a819-0d718e7e646a: new RaftServerImpl for group-2DF9806E95A3:[67ae471d-b492-4f31-a24b-cc05e6e2b64e|rpc:172.17.0.2:46819|dataStream:|priority:1, 23cc1cc1-0040-4236-a819-0d718e7e646a|rpc:172.17.0.2:45489|dataStream:|priority:0, 7f0f79db-cac0-4201-a2ab-ddfae922df70|rpc:172.17.0.2:36067|dataStream:|priority:0] with ContainerStateMachine:uninitialized
2021-02-14 01:49:44,261 [pool-313-thread-1] INFO  server.RaftServerConfigKeys (ConfUtils.java:logGet(44)) - raft.server.rpc.timeout.min = 5s (custom)
2021-02-14 01:49:44,261 [pool-313-thread-1] INFO  server.RaftServerConfigKeys (ConfUtils.java:logGet(44)) - raft.server.rpc.timeout.max = 5200ms (custom)
2021-02-14 01:49:44,261 [pool-313-thread-1] INFO  server.RaftServerConfigKeys (ConfUtils.java:logGet(44)) - raft.server.rpc.sleep.time = 25ms (default)
2021-02-14 01:49:44,261 [pool-313-thread-1] INFO  server.RaftServerConfigKeys (ConfUtils.java:logGet(44)) - raft.server.rpc.slowness.timeout = 300000ms (custom)
2021-02-14 01:49:44,262 [pool-313-thread-1] INFO  server.RaftServerConfigKeys (ConfUtils.java:logGet(44)) - raft.server.leaderelection.leader.step-down.wait-time = 10s (default)
2021-02-14 01:49:44,262 [pool-313-thread-1] INFO  server.RaftServerConfigKeys (ConfUtils.java:logGet(44)) - raft.server.sleep.deviation.threshold = 300ms (default)
2021-02-14 01:49:44,262 [pool-313-thread-1] INFO  server.RaftServerConfigKeys (ConfUtils.java:logGet(44)) - raft.server.log.appender.install.snapshot.enabled = false (custom)
2021-02-14 01:49:44,262 [pool-313-thread-1] INFO  server.RaftServer$Division (ServerState.java:<init>(105)) - 23cc1cc1-0040-4236-a819-0d718e7e646a@group-2DF9806E95A3: ConfigurationManager, init=-1: [67ae471d-b492-4f31-a24b-cc05e6e2b64e|rpc:172.17.0.2:46819|dataStream:|priority:1, 23cc1cc1-0040-4236-a819-0d718e7e646a|rpc:172.17.0.2:45489|dataStream:|priority:0, 7f0f79db-cac0-4201-a2ab-ddfae922df70|rpc:172.17.0.2:36067|dataStream:|priority:0], old=null, confs=<EMPTY_MAP>
2021-02-14 01:49:44,262 [pool-313-thread-1] INFO  server.RaftServerConfigKeys (ConfUtils.java:logGet(44)) - raft.server.storage.dir = [/github/workspace/mnt/ozone/hadoop-ozone/integration-test/target/test-dir/MiniOzoneClusterImpl-b3eef9e8-6bea-4ca1-9f7b-091cac69c924/datanode-5/data/ratis] (custom)
2021-02-14 01:49:44,262 [pool-313-thread-1] INFO  server.RaftServerConfigKeys (ConfUtils.java:logGet(44)) - raft.server.log.corruption.policy = EXCEPTION (default)
2021-02-14 01:49:44,262 [pool-313-thread-1] INFO  storage.RaftStorageDirectory (RaftStorageDirectoryImpl.java:analyzeStorage(132)) - The storage directory /github/workspace/mnt/ozone/hadoop-ozone/integration-test/target/test-dir/MiniOzoneClusterImpl-b3eef9e8-6bea-4ca1-9f7b-091cac69c924/datanode-5/data/ratis/d3f2502a-8941-4805-a183-2df9806e95a3 does not exist. Creating ...
2021-02-14 01:49:44,263 [pool-313-thread-1] INFO  storage.RaftStorageDirectory (RaftStorageDirectoryImpl.java:tryLock(215)) - Lock on /github/workspace/mnt/ozone/hadoop-ozone/integration-test/target/test-dir/MiniOzoneClusterImpl-b3eef9e8-6bea-4ca1-9f7b-091cac69c924/datanode-5/data/ratis/d3f2502a-8941-4805-a183-2df9806e95a3/in_use.lock acquired by nodename 25808@9cc4fcda0858
2021-02-14 01:49:44,264 [pool-313-thread-1] INFO  storage.RaftStorage (RaftStorageImpl.java:format(87)) - Storage directory /github/workspace/mnt/ozone/hadoop-ozone/integration-test/target/test-dir/MiniOzoneClusterImpl-b3eef9e8-6bea-4ca1-9f7b-091cac69c924/datanode-5/data/ratis/d3f2502a-8941-4805-a183-2df9806e95a3 has been successfully formatted.
2021-02-14 01:49:44,264 [pool-313-thread-1] INFO  ratis.ContainerStateMachine (ContainerStateMachine.java:loadSnapshot(223)) - group-2DF9806E95A3: The snapshot info is null. Setting the last applied indexto:(t:0, i:~)
2021-02-14 01:49:44,265 [pool-313-thread-1] ERROR storage.RaftStorage (RaftStorageImpl.java:readRaftConfiguration(147)) - Failed reading configuration from file:/github/workspace/mnt/ozone/hadoop-ozone/integration-test/target/test-dir/MiniOzoneClusterImpl-b3eef9e8-6bea-4ca1-9f7b-091cac69c924/datanode-5/data/ratis/d3f2502a-8941-4805-a183-2df9806e95a3/current/raft-meta.conf
java.io.FileNotFoundException: /github/workspace/mnt/ozone/hadoop-ozone/integration-test/target/test-dir/MiniOzoneClusterImpl-b3eef9e8-6bea-4ca1-9f7b-091cac69c924/datanode-5/data/ratis/d3f2502a-8941-4805-a183-2df9806e95a3/current/raft-meta.conf (No such file or directory)
	at java.io.FileInputStream.open0(Native Method)
	at java.io.FileInputStream.open(FileInputStream.java:195)
	at java.io.FileInputStream.<init>(FileInputStream.java:138)
	at org.apache.ratis.server.storage.RaftStorageImpl.readRaftConfiguration(RaftStorageImpl.java:143)
	at org.apache.ratis.server.impl.ServerState.<init>(ServerState.java:122)
	at org.apache.ratis.server.impl.RaftServerImpl.<init>(RaftServerImpl.java:193)
	at org.apache.ratis.server.impl.RaftServerProxy.lambda$newRaftServerImpl$4(RaftServerProxy.java:266)
	at java.util.concurrent.CompletableFuture$AsyncSupply.run(CompletableFuture.java:1604)
	at java.util.concurrent.ThreadPoolExecutor.runWorker(ThreadPoolExecutor.java:1149)
	at java.util.concurrent.ThreadPoolExecutor$Worker.run(ThreadPoolExecutor.java:624)
	at java.lang.Thread.run(Thread.java:748)
2021-02-14 01:49:44,265 [pool-313-thread-1] INFO  server.RaftServerConfigKeys (ConfUtils.java:logGet(44)) - raft.server.notification.no-leader.timeout = 300000ms (custom)
2021-02-14 01:49:44,265 [pool-313-thread-1] INFO  server.RaftServerConfigKeys (ConfUtils.java:logGet(44)) - raft.server.log.use.memory = false (default)
2021-02-14 01:49:44,266 [pool-313-thread-1] INFO  server.RaftServerConfigKeys (ConfUtils.java:logGet(44)) - raft.server.log.purge.gap = 1000000 (custom)
2021-02-14 01:49:44,266 [pool-313-thread-1] INFO  server.RaftServerConfigKeys (ConfUtils.java:logGet(44)) - raft.server.log.appender.buffer.byte-limit = 33554432 (custom)
2021-02-14 01:49:44,266 [pool-313-thread-1] INFO  metrics.RatisMetrics (RatisMetrics.java:lambda$create$0(36)) - Creating Metrics Registry : ratis.log_worker.23cc1cc1-0040-4236-a819-0d718e7e646a@group-2DF9806E95A3
2021-02-14 01:49:44,266 [pool-313-thread-1] INFO  server.RaftServerConfigKeys (ConfUtils.java:logGet(44)) - raft.server.log.segment.size.max = 1048576 (custom)
2021-02-14 01:49:44,267 [pool-313-thread-1] INFO  server.RaftServerConfigKeys (ConfUtils.java:logGet(44)) - raft.server.log.segment.cache.num.max = 2 (custom)
2021-02-14 01:49:44,267 [pool-313-thread-1] INFO  server.RaftServerConfigKeys (ConfUtils.java:logGet(44)) - raft.server.log.segment.cache.size.max = 200MB (=209715200) (default)
2021-02-14 01:49:44,267 [pool-313-thread-1] INFO  segmented.SegmentedRaftLogWorker (SegmentedRaftLogWorker.java:<init>(181)) - new 23cc1cc1-0040-4236-a819-0d718e7e646a@group-2DF9806E95A3-SegmentedRaftLogWorker for RaftStorageImpl:Storage Directory /github/workspace/mnt/ozone/hadoop-ozone/integration-test/target/test-dir/MiniOzoneClusterImpl-b3eef9e8-6bea-4ca1-9f7b-091cac69c924/datanode-5/data/ratis/d3f2502a-8941-4805-a183-2df9806e95a3
2021-02-14 01:49:44,267 [pool-313-thread-1] INFO  server.RaftServerConfigKeys (ConfUtils.java:logGet(44)) - raft.server.log.queue.byte-limit = 2147483647 (custom)
2021-02-14 01:49:44,267 [pool-313-thread-1] INFO  server.RaftServerConfigKeys (ConfUtils.java:logGet(44)) - raft.server.log.queue.element-limit = 1024 (custom)
2021-02-14 01:49:44,267 [pool-313-thread-1] INFO  server.RaftServerConfigKeys (ConfUtils.java:logGet(44)) - raft.server.log.segment.size.max = 1048576 (custom)
2021-02-14 01:49:44,267 [pool-313-thread-1] INFO  server.RaftServerConfigKeys (ConfUtils.java:logGet(44)) - raft.server.log.preallocated.size = 16384 (custom)
2021-02-14 01:49:44,267 [pool-313-thread-1] INFO  server.RaftServerConfigKeys (ConfUtils.java:logGet(44)) - raft.server.log.force.sync.num = 128 (default)
2021-02-14 01:49:44,267 [pool-313-thread-1] INFO  server.RaftServerConfigKeys (ConfUtils.java:logGet(44)) - raft.server.log.statemachine.data.sync = true (default)
2021-02-14 01:49:44,267 [pool-313-thread-1] INFO  server.RaftServerConfigKeys (ConfUtils.java:logGet(44)) - raft.server.log.statemachine.data.sync.timeout = 10s (default)
2021-02-14 01:49:44,267 [pool-313-thread-1] INFO  server.RaftServerConfigKeys (ConfUtils.java:logGet(44)) - raft.server.log.statemachine.data.sync.timeout.retry = -1 (default)
2021-02-14 01:49:44,268 [EventQueue-PipelineReportForOneReplicaPipelineSafeModeRule] INFO  safemode.SCMSafeModeManager (SCMSafeModeManager.java:validateSafeModeExitRules(214)) - AtleastOneDatanodeReportedRule rule is successfully validated
2021-02-14 01:49:44,269 [pool-313-thread-1] INFO  server.RaftServerConfigKeys (ConfUtils.java:logGet(44)) - raft.server.log.write.buffer.size = 1048576 (custom)
2021-02-14 01:49:44,269 [pool-313-thread-1] INFO  server.RaftServerConfigKeys (ConfUtils.java:logGet(44)) - raft.server.log.statemachine.data.caching.enabled = true (custom)
2021-02-14 01:49:44,270 [pool-313-thread-1] INFO  segmented.SegmentedRaftLogWorker (SegmentedRaftLogWorker.java:lambda$new$0(132)) - 23cc1cc1-0040-4236-a819-0d718e7e646a@group-2DF9806E95A3-SegmentedRaftLogWorker: flushIndex: setUnconditionally 0 -> -1
2021-02-14 01:49:44,270 [pool-313-thread-1] INFO  segmented.SegmentedRaftLogWorker (SegmentedRaftLogWorker.java:lambda$new$0(132)) - 23cc1cc1-0040-4236-a819-0d718e7e646a@group-2DF9806E95A3-SegmentedRaftLogWorker: safeCacheEvictIndex: setUnconditionally 0 -> -1
2021-02-14 01:49:44,270 [pool-313-thread-1] INFO  server.RaftServerConfigKeys (ConfUtils.java:logGet(44)) - raft.server.snapshot.auto.trigger.enabled = true (custom)
2021-02-14 01:49:44,270 [pool-313-thread-1] INFO  server.RaftServerConfigKeys (ConfUtils.java:logGet(44)) - raft.server.snapshot.auto.trigger.threshold = 10000 (custom)
2021-02-14 01:49:44,270 [pool-313-thread-1] INFO  server.RaftServerConfigKeys (ConfUtils.java:logGet(44)) - raft.server.snapshot.retention.file.num = 5 (custom)
2021-02-14 01:49:44,270 [pool-313-thread-1] INFO  server.RaftServerConfigKeys (ConfUtils.java:logGet(44)) - raft.server.log.purge.upto.snapshot.index = false (default)
2021-02-14 01:49:44,270 [pool-313-thread-1] INFO  server.RaftServerConfigKeys (ConfUtils.java:logGet(44)) - raft.server.retrycache.expirytime = 600000ms (custom)
2021-02-14 01:49:44,270 [pool-313-thread-1] INFO  server.RaftServerConfigKeys (ConfUtils.java:logGet(44)) - raft.server.retrycache.statistics.expirytime = 100?s (default)
2021-02-14 01:49:44,270 [pool-313-thread-1] INFO  metrics.RatisMetrics (RatisMetrics.java:lambda$create$0(36)) - Creating Metrics Registry : ratis.leader_election.23cc1cc1-0040-4236-a819-0d718e7e646a@group-2DF9806E95A3
2021-02-14 01:49:44,271 [pool-313-thread-1] INFO  metrics.RatisMetrics (RatisMetrics.java:lambda$create$0(36)) - Creating Metrics Registry : ratis.server.23cc1cc1-0040-4236-a819-0d718e7e646a@group-2DF9806E95A3
2021-02-14 01:49:44,272 [pool-313-thread-1] INFO  server.RaftServer$Division (RaftServerImpl.java:start(295)) - 23cc1cc1-0040-4236-a819-0d718e7e646a@group-2DF9806E95A3: start as a follower, conf=-1: [67ae471d-b492-4f31-a24b-cc05e6e2b64e|rpc:172.17.0.2:46819|dataStream:|priority:1, 23cc1cc1-0040-4236-a819-0d718e7e646a|rpc:172.17.0.2:45489|dataStream:|priority:0, 7f0f79db-cac0-4201-a2ab-ddfae922df70|rpc:172.17.0.2:36067|dataStream:|priority:0], old=null
2021-02-14 01:49:44,272 [pool-313-thread-1] INFO  server.RaftServer$Division (RaftServerImpl.java:setRole(284)) - 23cc1cc1-0040-4236-a819-0d718e7e646a@group-2DF9806E95A3: changes role from      null to FOLLOWER at term 0 for startAsFollower
2021-02-14 01:49:44,272 [pool-313-thread-1] INFO  impl.RoleInfo (RoleInfo.java:updateAndGet(130)) - 23cc1cc1-0040-4236-a819-0d718e7e646a: start 23cc1cc1-0040-4236-a819-0d718e7e646a@group-2DF9806E95A3-FollowerState
2021-02-14 01:49:44,273 [pool-313-thread-1] INFO  util.JmxRegister (JmxRegister.java:tryRegister(44)) - Successfully registered JMX Bean with object name Ratis:service=RaftServer,group=group-2DF9806E95A3,id=23cc1cc1-0040-4236-a819-0d718e7e646a
2021-02-14 01:49:44,273 [pool-313-thread-1] INFO  metrics.RatisMetrics (RatisMetrics.java:lambda$create$0(36)) - Creating Metrics Registry : ratis.state_machine.23cc1cc1-0040-4236-a819-0d718e7e646a@group-2DF9806E95A3
2021-02-14 01:49:44,279 [Command processor thread] INFO  metrics.RatisMetrics (RatisMetrics.java:lambda$create$0(36)) - Creating Metrics Registry : ratis.client_message_metrics.client-9CB152590C1C->67ae471d-b492-4f31-a24b-cc05e6e2b64e
2021-02-14 01:49:44,284 [grpc-default-executor-3] INFO  metrics.RatisMetrics (RatisMetrics.java:lambda$create$0(36)) - Creating Metrics Registry : ratis.server_message_metrics.67ae471d-b492-4f31-a24b-cc05e6e2b64e
2021-02-14 01:49:44,286 [grpc-default-executor-3] INFO  server.RaftServer (RaftServerProxy.java:addNew(95)) - 67ae471d-b492-4f31-a24b-cc05e6e2b64e: addNew group-2DF9806E95A3:[67ae471d-b492-4f31-a24b-cc05e6e2b64e|rpc:172.17.0.2:46819|dataStream:|priority:1, 23cc1cc1-0040-4236-a819-0d718e7e646a|rpc:172.17.0.2:45489|dataStream:|priority:0, 7f0f79db-cac0-4201-a2ab-ddfae922df70|rpc:172.17.0.2:36067|dataStream:|priority:0] returns group-2DF9806E95A3:java.util.concurrent.CompletableFuture@3b990479[Not completed]
2021-02-14 01:49:44,287 [pool-297-thread-1] INFO  server.RaftServer$Division (RaftServerImpl.java:<init>(180)) - 67ae471d-b492-4f31-a24b-cc05e6e2b64e: new RaftServerImpl for group-2DF9806E95A3:[67ae471d-b492-4f31-a24b-cc05e6e2b64e|rpc:172.17.0.2:46819|dataStream:|priority:1, 23cc1cc1-0040-4236-a819-0d718e7e646a|rpc:172.17.0.2:45489|dataStream:|priority:0, 7f0f79db-cac0-4201-a2ab-ddfae922df70|rpc:172.17.0.2:36067|dataStream:|priority:0] with ContainerStateMachine:uninitialized
2021-02-14 01:49:44,287 [pool-297-thread-1] INFO  server.RaftServerConfigKeys (ConfUtils.java:logGet(44)) - raft.server.rpc.timeout.min = 5s (custom)
2021-02-14 01:49:44,288 [pool-297-thread-1] INFO  server.RaftServerConfigKeys (ConfUtils.java:logGet(44)) - raft.server.rpc.timeout.max = 5200ms (custom)
2021-02-14 01:49:44,288 [pool-297-thread-1] INFO  server.RaftServerConfigKeys (ConfUtils.java:logGet(44)) - raft.server.rpc.sleep.time = 25ms (default)
2021-02-14 01:49:44,288 [pool-297-thread-1] INFO  server.RaftServerConfigKeys (ConfUtils.java:logGet(44)) - raft.server.rpc.slowness.timeout = 300000ms (custom)
2021-02-14 01:49:44,288 [pool-297-thread-1] INFO  server.RaftServerConfigKeys (ConfUtils.java:logGet(44)) - raft.server.leaderelection.leader.step-down.wait-time = 10s (default)
2021-02-14 01:49:44,288 [pool-297-thread-1] INFO  server.RaftServerConfigKeys (ConfUtils.java:logGet(44)) - raft.server.sleep.deviation.threshold = 300ms (default)
2021-02-14 01:49:44,288 [pool-297-thread-1] INFO  server.RaftServerConfigKeys (ConfUtils.java:logGet(44)) - raft.server.log.appender.install.snapshot.enabled = false (custom)
2021-02-14 01:49:44,288 [pool-297-thread-1] INFO  server.RaftServer$Division (ServerState.java:<init>(105)) - 67ae471d-b492-4f31-a24b-cc05e6e2b64e@group-2DF9806E95A3: ConfigurationManager, init=-1: [67ae471d-b492-4f31-a24b-cc05e6e2b64e|rpc:172.17.0.2:46819|dataStream:|priority:1, 23cc1cc1-0040-4236-a819-0d718e7e646a|rpc:172.17.0.2:45489|dataStream:|priority:0, 7f0f79db-cac0-4201-a2ab-ddfae922df70|rpc:172.17.0.2:36067|dataStream:|priority:0], old=null, confs=<EMPTY_MAP>
2021-02-14 01:49:44,288 [pool-297-thread-1] INFO  server.RaftServerConfigKeys (ConfUtils.java:logGet(44)) - raft.server.storage.dir = [/github/workspace/mnt/ozone/hadoop-ozone/integration-test/target/test-dir/MiniOzoneClusterImpl-b3eef9e8-6bea-4ca1-9f7b-091cac69c924/datanode-4/data/ratis] (custom)
2021-02-14 01:49:44,288 [pool-297-thread-1] INFO  server.RaftServerConfigKeys (ConfUtils.java:logGet(44)) - raft.server.log.corruption.policy = EXCEPTION (default)
2021-02-14 01:49:44,288 [pool-297-thread-1] INFO  storage.RaftStorageDirectory (RaftStorageDirectoryImpl.java:analyzeStorage(132)) - The storage directory /github/workspace/mnt/ozone/hadoop-ozone/integration-test/target/test-dir/MiniOzoneClusterImpl-b3eef9e8-6bea-4ca1-9f7b-091cac69c924/datanode-4/data/ratis/d3f2502a-8941-4805-a183-2df9806e95a3 does not exist. Creating ...
2021-02-14 01:49:44,289 [pool-297-thread-1] INFO  storage.RaftStorageDirectory (RaftStorageDirectoryImpl.java:tryLock(215)) - Lock on /github/workspace/mnt/ozone/hadoop-ozone/integration-test/target/test-dir/MiniOzoneClusterImpl-b3eef9e8-6bea-4ca1-9f7b-091cac69c924/datanode-4/data/ratis/d3f2502a-8941-4805-a183-2df9806e95a3/in_use.lock acquired by nodename 25808@9cc4fcda0858
2021-02-14 01:49:44,291 [pool-297-thread-1] INFO  storage.RaftStorage (RaftStorageImpl.java:format(87)) - Storage directory /github/workspace/mnt/ozone/hadoop-ozone/integration-test/target/test-dir/MiniOzoneClusterImpl-b3eef9e8-6bea-4ca1-9f7b-091cac69c924/datanode-4/data/ratis/d3f2502a-8941-4805-a183-2df9806e95a3 has been successfully formatted.
2021-02-14 01:49:44,292 [pool-297-thread-1] INFO  ratis.ContainerStateMachine (ContainerStateMachine.java:loadSnapshot(223)) - group-2DF9806E95A3: The snapshot info is null. Setting the last applied indexto:(t:0, i:~)
2021-02-14 01:49:44,292 [pool-297-thread-1] ERROR storage.RaftStorage (RaftStorageImpl.java:readRaftConfiguration(147)) - Failed reading configuration from file:/github/workspace/mnt/ozone/hadoop-ozone/integration-test/target/test-dir/MiniOzoneClusterImpl-b3eef9e8-6bea-4ca1-9f7b-091cac69c924/datanode-4/data/ratis/d3f2502a-8941-4805-a183-2df9806e95a3/current/raft-meta.conf
java.io.FileNotFoundException: /github/workspace/mnt/ozone/hadoop-ozone/integration-test/target/test-dir/MiniOzoneClusterImpl-b3eef9e8-6bea-4ca1-9f7b-091cac69c924/datanode-4/data/ratis/d3f2502a-8941-4805-a183-2df9806e95a3/current/raft-meta.conf (No such file or directory)
	at java.io.FileInputStream.open0(Native Method)
	at java.io.FileInputStream.open(FileInputStream.java:195)
	at java.io.FileInputStream.<init>(FileInputStream.java:138)
	at org.apache.ratis.server.storage.RaftStorageImpl.readRaftConfiguration(RaftStorageImpl.java:143)
	at org.apache.ratis.server.impl.ServerState.<init>(ServerState.java:122)
	at org.apache.ratis.server.impl.RaftServerImpl.<init>(RaftServerImpl.java:193)
	at org.apache.ratis.server.impl.RaftServerProxy.lambda$newRaftServerImpl$4(RaftServerProxy.java:266)
	at java.util.concurrent.CompletableFuture$AsyncSupply.run(CompletableFuture.java:1604)
	at java.util.concurrent.ThreadPoolExecutor.runWorker(ThreadPoolExecutor.java:1149)
	at java.util.concurrent.ThreadPoolExecutor$Worker.run(ThreadPoolExecutor.java:624)
	at java.lang.Thread.run(Thread.java:748)
2021-02-14 01:49:44,292 [pool-297-thread-1] INFO  server.RaftServerConfigKeys (ConfUtils.java:logGet(44)) - raft.server.notification.no-leader.timeout = 300000ms (custom)
2021-02-14 01:49:44,292 [pool-297-thread-1] INFO  server.RaftServerConfigKeys (ConfUtils.java:logGet(44)) - raft.server.log.use.memory = false (default)
2021-02-14 01:49:44,292 [EventQueue-PipelineReportForOneReplicaPipelineSafeModeRule] INFO  safemode.SCMSafeModeManager (SCMSafeModeManager.java:validateSafeModeExitRules(214)) - AtleastOneDatanodeReportedRule rule is successfully validated
2021-02-14 01:49:44,292 [pool-297-thread-1] INFO  server.RaftServerConfigKeys (ConfUtils.java:logGet(44)) - raft.server.log.purge.gap = 1000000 (custom)
2021-02-14 01:49:44,293 [pool-297-thread-1] INFO  server.RaftServerConfigKeys (ConfUtils.java:logGet(44)) - raft.server.log.appender.buffer.byte-limit = 33554432 (custom)
2021-02-14 01:49:44,293 [pool-297-thread-1] INFO  metrics.RatisMetrics (RatisMetrics.java:lambda$create$0(36)) - Creating Metrics Registry : ratis.log_worker.67ae471d-b492-4f31-a24b-cc05e6e2b64e@group-2DF9806E95A3
2021-02-14 01:49:44,293 [pool-297-thread-1] INFO  server.RaftServerConfigKeys (ConfUtils.java:logGet(44)) - raft.server.log.segment.size.max = 1048576 (custom)
2021-02-14 01:49:44,294 [pool-297-thread-1] INFO  server.RaftServerConfigKeys (ConfUtils.java:logGet(44)) - raft.server.log.segment.cache.num.max = 2 (custom)
2021-02-14 01:49:44,295 [pool-297-thread-1] INFO  server.RaftServerConfigKeys (ConfUtils.java:logGet(44)) - raft.server.log.segment.cache.size.max = 200MB (=209715200) (default)
2021-02-14 01:49:44,295 [pool-297-thread-1] INFO  segmented.SegmentedRaftLogWorker (SegmentedRaftLogWorker.java:<init>(181)) - new 67ae471d-b492-4f31-a24b-cc05e6e2b64e@group-2DF9806E95A3-SegmentedRaftLogWorker for RaftStorageImpl:Storage Directory /github/workspace/mnt/ozone/hadoop-ozone/integration-test/target/test-dir/MiniOzoneClusterImpl-b3eef9e8-6bea-4ca1-9f7b-091cac69c924/datanode-4/data/ratis/d3f2502a-8941-4805-a183-2df9806e95a3
2021-02-14 01:49:44,295 [pool-297-thread-1] INFO  server.RaftServerConfigKeys (ConfUtils.java:logGet(44)) - raft.server.log.queue.byte-limit = 2147483647 (custom)
2021-02-14 01:49:44,295 [pool-297-thread-1] INFO  server.RaftServerConfigKeys (ConfUtils.java:logGet(44)) - raft.server.log.queue.element-limit = 1024 (custom)
2021-02-14 01:49:44,295 [pool-297-thread-1] INFO  server.RaftServerConfigKeys (ConfUtils.java:logGet(44)) - raft.server.log.segment.size.max = 1048576 (custom)
2021-02-14 01:49:44,295 [pool-297-thread-1] INFO  server.RaftServerConfigKeys (ConfUtils.java:logGet(44)) - raft.server.log.preallocated.size = 16384 (custom)
2021-02-14 01:49:44,295 [pool-297-thread-1] INFO  server.RaftServerConfigKeys (ConfUtils.java:logGet(44)) - raft.server.log.force.sync.num = 128 (default)
2021-02-14 01:49:44,295 [pool-297-thread-1] INFO  server.RaftServerConfigKeys (ConfUtils.java:logGet(44)) - raft.server.log.statemachine.data.sync = true (default)
2021-02-14 01:49:44,295 [pool-297-thread-1] INFO  server.RaftServerConfigKeys (ConfUtils.java:logGet(44)) - raft.server.log.statemachine.data.sync.timeout = 10s (default)
2021-02-14 01:49:44,295 [pool-297-thread-1] INFO  server.RaftServerConfigKeys (ConfUtils.java:logGet(44)) - raft.server.log.statemachine.data.sync.timeout.retry = -1 (default)
2021-02-14 01:49:44,299 [pool-297-thread-1] INFO  server.RaftServerConfigKeys (ConfUtils.java:logGet(44)) - raft.server.log.write.buffer.size = 1048576 (custom)
2021-02-14 01:49:44,300 [pool-297-thread-1] INFO  server.RaftServerConfigKeys (ConfUtils.java:logGet(44)) - raft.server.log.statemachine.data.caching.enabled = true (custom)
2021-02-14 01:49:44,300 [pool-297-thread-1] INFO  segmented.SegmentedRaftLogWorker (SegmentedRaftLogWorker.java:lambda$new$0(132)) - 67ae471d-b492-4f31-a24b-cc05e6e2b64e@group-2DF9806E95A3-SegmentedRaftLogWorker: flushIndex: setUnconditionally 0 -> -1
2021-02-14 01:49:44,300 [pool-297-thread-1] INFO  segmented.SegmentedRaftLogWorker (SegmentedRaftLogWorker.java:lambda$new$0(132)) - 67ae471d-b492-4f31-a24b-cc05e6e2b64e@group-2DF9806E95A3-SegmentedRaftLogWorker: safeCacheEvictIndex: setUnconditionally 0 -> -1
2021-02-14 01:49:44,300 [pool-297-thread-1] INFO  server.RaftServerConfigKeys (ConfUtils.java:logGet(44)) - raft.server.snapshot.auto.trigger.enabled = true (custom)
2021-02-14 01:49:44,300 [pool-297-thread-1] INFO  server.RaftServerConfigKeys (ConfUtils.java:logGet(44)) - raft.server.snapshot.auto.trigger.threshold = 10000 (custom)
2021-02-14 01:49:44,300 [pool-297-thread-1] INFO  server.RaftServerConfigKeys (ConfUtils.java:logGet(44)) - raft.server.snapshot.retention.file.num = 5 (custom)
2021-02-14 01:49:44,300 [pool-297-thread-1] INFO  server.RaftServerConfigKeys (ConfUtils.java:logGet(44)) - raft.server.log.purge.upto.snapshot.index = false (default)
2021-02-14 01:49:44,301 [pool-297-thread-1] INFO  server.RaftServerConfigKeys (ConfUtils.java:logGet(44)) - raft.server.retrycache.expirytime = 600000ms (custom)
2021-02-14 01:49:44,301 [pool-297-thread-1] INFO  server.RaftServerConfigKeys (ConfUtils.java:logGet(44)) - raft.server.retrycache.statistics.expirytime = 100?s (default)
2021-02-14 01:49:44,301 [pool-297-thread-1] INFO  metrics.RatisMetrics (RatisMetrics.java:lambda$create$0(36)) - Creating Metrics Registry : ratis.leader_election.67ae471d-b492-4f31-a24b-cc05e6e2b64e@group-2DF9806E95A3
2021-02-14 01:49:44,301 [pool-297-thread-1] INFO  metrics.RatisMetrics (RatisMetrics.java:lambda$create$0(36)) - Creating Metrics Registry : ratis.server.67ae471d-b492-4f31-a24b-cc05e6e2b64e@group-2DF9806E95A3
2021-02-14 01:49:44,302 [pool-297-thread-1] INFO  server.RaftServer$Division (RaftServerImpl.java:start(295)) - 67ae471d-b492-4f31-a24b-cc05e6e2b64e@group-2DF9806E95A3: start as a follower, conf=-1: [67ae471d-b492-4f31-a24b-cc05e6e2b64e|rpc:172.17.0.2:46819|dataStream:|priority:1, 23cc1cc1-0040-4236-a819-0d718e7e646a|rpc:172.17.0.2:45489|dataStream:|priority:0, 7f0f79db-cac0-4201-a2ab-ddfae922df70|rpc:172.17.0.2:36067|dataStream:|priority:0], old=null
2021-02-14 01:49:44,302 [pool-297-thread-1] INFO  server.RaftServer$Division (RaftServerImpl.java:setRole(284)) - 67ae471d-b492-4f31-a24b-cc05e6e2b64e@group-2DF9806E95A3: changes role from      null to FOLLOWER at term 0 for startAsFollower
2021-02-14 01:49:44,303 [pool-297-thread-1] INFO  impl.RoleInfo (RoleInfo.java:updateAndGet(130)) - 67ae471d-b492-4f31-a24b-cc05e6e2b64e: start 67ae471d-b492-4f31-a24b-cc05e6e2b64e@group-2DF9806E95A3-FollowerState
2021-02-14 01:49:44,305 [pool-297-thread-1] INFO  util.JmxRegister (JmxRegister.java:tryRegister(44)) - Successfully registered JMX Bean with object name Ratis:service=RaftServer,group=group-2DF9806E95A3,id=67ae471d-b492-4f31-a24b-cc05e6e2b64e
2021-02-14 01:49:44,305 [pool-297-thread-1] INFO  metrics.RatisMetrics (RatisMetrics.java:lambda$create$0(36)) - Creating Metrics Registry : ratis.state_machine.67ae471d-b492-4f31-a24b-cc05e6e2b64e@group-2DF9806E95A3
2021-02-14 01:49:44,309 [Listener at 127.0.0.1/42551] INFO  ozone.MiniOzoneClusterImpl (MiniOzoneClusterImpl.java:lambda$waitForClusterToBeReady$0(187)) - Nodes are ready. Got 9 of 9 DN Heartbeats.
2021-02-14 01:49:44,309 [Listener at 127.0.0.1/42551] INFO  ozone.MiniOzoneClusterImpl (MiniOzoneClusterImpl.java:lambda$waitForClusterToBeReady$0(190)) - Waiting for cluster to exit safe mode
2021-02-14 01:49:44,312 [Command processor thread] INFO  commandhandler.CreatePipelineCommandHandler (CreatePipelineCommandHandler.java:handle(106)) - Created Pipeline RATIS THREE PipelineID=d3f2502a-8941-4805-a183-2df9806e95a3.
2021-02-14 01:49:44,414 [EventQueue-PipelineReportForOneReplicaPipelineSafeModeRule] INFO  safemode.SCMSafeModeManager (SCMSafeModeManager.java:validateSafeModeExitRules(214)) - AtleastOneDatanodeReportedRule rule is successfully validated
2021-02-14 01:49:44,415 [EventQueue-OpenPipelineForHealthyPipelineSafeModeRule] INFO  safemode.SCMSafeModeManager (HealthyPipelineSafeModeRule.java:process(128)) - SCM in safe mode. Healthy pipelines reported count is 0, required healthy pipeline reported count is 1
2021-02-14 01:49:44,423 [Command processor thread] INFO  server.RaftServer (RaftServerProxy.java:addNew(95)) - 67ae471d-b492-4f31-a24b-cc05e6e2b64e: addNew group-074C8C599C3F:[67ae471d-b492-4f31-a24b-cc05e6e2b64e|rpc:172.17.0.2:46819|priority:1] returns group-074C8C599C3F:java.util.concurrent.CompletableFuture@274fa87a[Not completed]
2021-02-14 01:49:44,424 [pool-297-thread-1] INFO  server.RaftServer$Division (RaftServerImpl.java:<init>(180)) - 67ae471d-b492-4f31-a24b-cc05e6e2b64e: new RaftServerImpl for group-074C8C599C3F:[67ae471d-b492-4f31-a24b-cc05e6e2b64e|rpc:172.17.0.2:46819|priority:1] with ContainerStateMachine:uninitialized
2021-02-14 01:49:44,424 [pool-297-thread-1] INFO  server.RaftServerConfigKeys (ConfUtils.java:logGet(44)) - raft.server.rpc.timeout.min = 5s (custom)
2021-02-14 01:49:44,424 [pool-297-thread-1] INFO  server.RaftServerConfigKeys (ConfUtils.java:logGet(44)) - raft.server.rpc.timeout.max = 5200ms (custom)
2021-02-14 01:49:44,424 [pool-297-thread-1] INFO  server.RaftServerConfigKeys (ConfUtils.java:logGet(44)) - raft.server.rpc.sleep.time = 25ms (default)
2021-02-14 01:49:44,424 [pool-297-thread-1] INFO  server.RaftServerConfigKeys (ConfUtils.java:logGet(44)) - raft.server.rpc.slowness.timeout = 300000ms (custom)
2021-02-14 01:49:44,424 [pool-297-thread-1] INFO  server.RaftServerConfigKeys (ConfUtils.java:logGet(44)) - raft.server.leaderelection.leader.step-down.wait-time = 10s (default)
2021-02-14 01:49:44,424 [pool-297-thread-1] INFO  server.RaftServerConfigKeys (ConfUtils.java:logGet(44)) - raft.server.sleep.deviation.threshold = 300ms (default)
2021-02-14 01:49:44,424 [pool-297-thread-1] INFO  server.RaftServerConfigKeys (ConfUtils.java:logGet(44)) - raft.server.log.appender.install.snapshot.enabled = false (custom)
2021-02-14 01:49:44,425 [pool-297-thread-1] INFO  server.RaftServer$Division (ServerState.java:<init>(105)) - 67ae471d-b492-4f31-a24b-cc05e6e2b64e@group-074C8C599C3F: ConfigurationManager, init=-1: [67ae471d-b492-4f31-a24b-cc05e6e2b64e|rpc:172.17.0.2:46819|priority:1], old=null, confs=<EMPTY_MAP>
2021-02-14 01:49:44,425 [pool-297-thread-1] INFO  server.RaftServerConfigKeys (ConfUtils.java:logGet(44)) - raft.server.storage.dir = [/github/workspace/mnt/ozone/hadoop-ozone/integration-test/target/test-dir/MiniOzoneClusterImpl-b3eef9e8-6bea-4ca1-9f7b-091cac69c924/datanode-4/data/ratis] (custom)
2021-02-14 01:49:44,425 [pool-297-thread-1] INFO  server.RaftServerConfigKeys (ConfUtils.java:logGet(44)) - raft.server.log.corruption.policy = EXCEPTION (default)
2021-02-14 01:49:44,425 [pool-297-thread-1] INFO  storage.RaftStorageDirectory (RaftStorageDirectoryImpl.java:analyzeStorage(132)) - The storage directory /github/workspace/mnt/ozone/hadoop-ozone/integration-test/target/test-dir/MiniOzoneClusterImpl-b3eef9e8-6bea-4ca1-9f7b-091cac69c924/datanode-4/data/ratis/9f7339ee-6885-48f7-b6e3-074c8c599c3f does not exist. Creating ...
2021-02-14 01:49:44,426 [pool-297-thread-1] INFO  storage.RaftStorageDirectory (RaftStorageDirectoryImpl.java:tryLock(215)) - Lock on /github/workspace/mnt/ozone/hadoop-ozone/integration-test/target/test-dir/MiniOzoneClusterImpl-b3eef9e8-6bea-4ca1-9f7b-091cac69c924/datanode-4/data/ratis/9f7339ee-6885-48f7-b6e3-074c8c599c3f/in_use.lock acquired by nodename 25808@9cc4fcda0858
2021-02-14 01:49:44,428 [pool-297-thread-1] INFO  storage.RaftStorage (RaftStorageImpl.java:format(87)) - Storage directory /github/workspace/mnt/ozone/hadoop-ozone/integration-test/target/test-dir/MiniOzoneClusterImpl-b3eef9e8-6bea-4ca1-9f7b-091cac69c924/datanode-4/data/ratis/9f7339ee-6885-48f7-b6e3-074c8c599c3f has been successfully formatted.
2021-02-14 01:49:44,428 [pool-297-thread-1] INFO  ratis.ContainerStateMachine (ContainerStateMachine.java:loadSnapshot(223)) - group-074C8C599C3F: The snapshot info is null. Setting the last applied indexto:(t:0, i:~)
2021-02-14 01:49:44,428 [pool-297-thread-1] ERROR storage.RaftStorage (RaftStorageImpl.java:readRaftConfiguration(147)) - Failed reading configuration from file:/github/workspace/mnt/ozone/hadoop-ozone/integration-test/target/test-dir/MiniOzoneClusterImpl-b3eef9e8-6bea-4ca1-9f7b-091cac69c924/datanode-4/data/ratis/9f7339ee-6885-48f7-b6e3-074c8c599c3f/current/raft-meta.conf
java.io.FileNotFoundException: /github/workspace/mnt/ozone/hadoop-ozone/integration-test/target/test-dir/MiniOzoneClusterImpl-b3eef9e8-6bea-4ca1-9f7b-091cac69c924/datanode-4/data/ratis/9f7339ee-6885-48f7-b6e3-074c8c599c3f/current/raft-meta.conf (No such file or directory)
	at java.io.FileInputStream.open0(Native Method)
	at java.io.FileInputStream.open(FileInputStream.java:195)
	at java.io.FileInputStream.<init>(FileInputStream.java:138)
	at org.apache.ratis.server.storage.RaftStorageImpl.readRaftConfiguration(RaftStorageImpl.java:143)
	at org.apache.ratis.server.impl.ServerState.<init>(ServerState.java:122)
	at org.apache.ratis.server.impl.RaftServerImpl.<init>(RaftServerImpl.java:193)
	at org.apache.ratis.server.impl.RaftServerProxy.lambda$newRaftServerImpl$4(RaftServerProxy.java:266)
	at java.util.concurrent.CompletableFuture$AsyncSupply.run(CompletableFuture.java:1604)
	at java.util.concurrent.ThreadPoolExecutor.runWorker(ThreadPoolExecutor.java:1149)
	at java.util.concurrent.ThreadPoolExecutor$Worker.run(ThreadPoolExecutor.java:624)
	at java.lang.Thread.run(Thread.java:748)
2021-02-14 01:49:44,429 [pool-297-thread-1] INFO  server.RaftServerConfigKeys (ConfUtils.java:logGet(44)) - raft.server.notification.no-leader.timeout = 300000ms (custom)
2021-02-14 01:49:44,429 [pool-297-thread-1] INFO  server.RaftServerConfigKeys (ConfUtils.java:logGet(44)) - raft.server.log.use.memory = false (default)
2021-02-14 01:49:44,428 [EventQueue-PipelineReportForOneReplicaPipelineSafeModeRule] INFO  safemode.SCMSafeModeManager (SCMSafeModeManager.java:validateSafeModeExitRules(214)) - AtleastOneDatanodeReportedRule rule is successfully validated
2021-02-14 01:49:44,428 [EventQueue-PipelineReportForPipelineReportHandler] INFO  pipeline.PipelineStateManager (PipelineStateManager.java:openPipeline(132)) - Pipeline Pipeline[ Id: 9f7339ee-6885-48f7-b6e3-074c8c599c3f, Nodes: 67ae471d-b492-4f31-a24b-cc05e6e2b64e{ip: 172.17.0.2, host: 9cc4fcda0858, ports: [REPLICATION=34271, RATIS=46819, RATIS_ADMIN=46819, RATIS_SERVER=46819, STANDALONE=41039], networkLocation: /default-rack, certSerialId: null, persistedOpState: IN_SERVICE, persistedOpStateExpiryEpochSec: 0}, Type:RATIS, Factor:ONE, State:ALLOCATED, leaderId:67ae471d-b492-4f31-a24b-cc05e6e2b64e, CreationTimestamp2021-02-14T01:49:41.425Z] moved to OPEN state
2021-02-14 01:49:44,429 [pool-297-thread-1] INFO  server.RaftServerConfigKeys (ConfUtils.java:logGet(44)) - raft.server.log.purge.gap = 1000000 (custom)
2021-02-14 01:49:44,429 [EventQueue-OpenPipelineForHealthyPipelineSafeModeRule] INFO  safemode.SCMSafeModeManager (HealthyPipelineSafeModeRule.java:process(128)) - SCM in safe mode. Healthy pipelines reported count is 0, required healthy pipeline reported count is 1
2021-02-14 01:49:44,429 [pool-297-thread-1] INFO  server.RaftServerConfigKeys (ConfUtils.java:logGet(44)) - raft.server.log.appender.buffer.byte-limit = 33554432 (custom)
2021-02-14 01:49:44,430 [pool-297-thread-1] INFO  metrics.RatisMetrics (RatisMetrics.java:lambda$create$0(36)) - Creating Metrics Registry : ratis.log_worker.67ae471d-b492-4f31-a24b-cc05e6e2b64e@group-074C8C599C3F
2021-02-14 01:49:44,430 [pool-297-thread-1] INFO  server.RaftServerConfigKeys (ConfUtils.java:logGet(44)) - raft.server.log.segment.size.max = 1048576 (custom)
2021-02-14 01:49:44,430 [pool-297-thread-1] INFO  server.RaftServerConfigKeys (ConfUtils.java:logGet(44)) - raft.server.log.segment.cache.num.max = 2 (custom)
2021-02-14 01:49:44,430 [pool-297-thread-1] INFO  server.RaftServerConfigKeys (ConfUtils.java:logGet(44)) - raft.server.log.segment.cache.size.max = 200MB (=209715200) (default)
2021-02-14 01:49:44,431 [pool-297-thread-1] INFO  segmented.SegmentedRaftLogWorker (SegmentedRaftLogWorker.java:<init>(181)) - new 67ae471d-b492-4f31-a24b-cc05e6e2b64e@group-074C8C599C3F-SegmentedRaftLogWorker for RaftStorageImpl:Storage Directory /github/workspace/mnt/ozone/hadoop-ozone/integration-test/target/test-dir/MiniOzoneClusterImpl-b3eef9e8-6bea-4ca1-9f7b-091cac69c924/datanode-4/data/ratis/9f7339ee-6885-48f7-b6e3-074c8c599c3f
2021-02-14 01:49:44,431 [pool-297-thread-1] INFO  server.RaftServerConfigKeys (ConfUtils.java:logGet(44)) - raft.server.log.queue.byte-limit = 2147483647 (custom)
2021-02-14 01:49:44,431 [pool-297-thread-1] INFO  server.RaftServerConfigKeys (ConfUtils.java:logGet(44)) - raft.server.log.queue.element-limit = 1024 (custom)
2021-02-14 01:49:44,431 [pool-297-thread-1] INFO  server.RaftServerConfigKeys (ConfUtils.java:logGet(44)) - raft.server.log.segment.size.max = 1048576 (custom)
2021-02-14 01:49:44,431 [pool-297-thread-1] INFO  server.RaftServerConfigKeys (ConfUtils.java:logGet(44)) - raft.server.log.preallocated.size = 16384 (custom)
2021-02-14 01:49:44,431 [pool-297-thread-1] INFO  server.RaftServerConfigKeys (ConfUtils.java:logGet(44)) - raft.server.log.force.sync.num = 128 (default)
2021-02-14 01:49:44,431 [pool-297-thread-1] INFO  server.RaftServerConfigKeys (ConfUtils.java:logGet(44)) - raft.server.log.statemachine.data.sync = true (default)
2021-02-14 01:49:44,431 [pool-297-thread-1] INFO  server.RaftServerConfigKeys (ConfUtils.java:logGet(44)) - raft.server.log.statemachine.data.sync.timeout = 10s (default)
2021-02-14 01:49:44,431 [pool-297-thread-1] INFO  server.RaftServerConfigKeys (ConfUtils.java:logGet(44)) - raft.server.log.statemachine.data.sync.timeout.retry = -1 (default)
2021-02-14 01:49:44,432 [pool-297-thread-1] INFO  server.RaftServerConfigKeys (ConfUtils.java:logGet(44)) - raft.server.log.write.buffer.size = 1048576 (custom)
2021-02-14 01:49:44,433 [pool-297-thread-1] INFO  server.RaftServerConfigKeys (ConfUtils.java:logGet(44)) - raft.server.log.statemachine.data.caching.enabled = true (custom)
2021-02-14 01:49:44,433 [pool-297-thread-1] INFO  segmented.SegmentedRaftLogWorker (SegmentedRaftLogWorker.java:lambda$new$0(132)) - 67ae471d-b492-4f31-a24b-cc05e6e2b64e@group-074C8C599C3F-SegmentedRaftLogWorker: flushIndex: setUnconditionally 0 -> -1
2021-02-14 01:49:44,433 [pool-297-thread-1] INFO  segmented.SegmentedRaftLogWorker (SegmentedRaftLogWorker.java:lambda$new$0(132)) - 67ae471d-b492-4f31-a24b-cc05e6e2b64e@group-074C8C599C3F-SegmentedRaftLogWorker: safeCacheEvictIndex: setUnconditionally 0 -> -1
2021-02-14 01:49:44,434 [pool-297-thread-1] INFO  server.RaftServerConfigKeys (ConfUtils.java:logGet(44)) - raft.server.snapshot.auto.trigger.enabled = true (custom)
2021-02-14 01:49:44,434 [pool-297-thread-1] INFO  server.RaftServerConfigKeys (ConfUtils.java:logGet(44)) - raft.server.snapshot.auto.trigger.threshold = 10000 (custom)
2021-02-14 01:49:44,434 [pool-297-thread-1] INFO  server.RaftServerConfigKeys (ConfUtils.java:logGet(44)) - raft.server.snapshot.retention.file.num = 5 (custom)
2021-02-14 01:49:44,434 [pool-297-thread-1] INFO  server.RaftServerConfigKeys (ConfUtils.java:logGet(44)) - raft.server.log.purge.upto.snapshot.index = false (default)
2021-02-14 01:49:44,434 [pool-297-thread-1] INFO  server.RaftServerConfigKeys (ConfUtils.java:logGet(44)) - raft.server.retrycache.expirytime = 600000ms (custom)
2021-02-14 01:49:44,434 [pool-297-thread-1] INFO  server.RaftServerConfigKeys (ConfUtils.java:logGet(44)) - raft.server.retrycache.statistics.expirytime = 100?s (default)
2021-02-14 01:49:44,434 [pool-297-thread-1] INFO  metrics.RatisMetrics (RatisMetrics.java:lambda$create$0(36)) - Creating Metrics Registry : ratis.leader_election.67ae471d-b492-4f31-a24b-cc05e6e2b64e@group-074C8C599C3F
2021-02-14 01:49:44,435 [pool-297-thread-1] INFO  metrics.RatisMetrics (RatisMetrics.java:lambda$create$0(36)) - Creating Metrics Registry : ratis.server.67ae471d-b492-4f31-a24b-cc05e6e2b64e@group-074C8C599C3F
2021-02-14 01:49:44,437 [pool-297-thread-1] INFO  server.RaftServer$Division (RaftServerImpl.java:start(295)) - 67ae471d-b492-4f31-a24b-cc05e6e2b64e@group-074C8C599C3F: start as a follower, conf=-1: [67ae471d-b492-4f31-a24b-cc05e6e2b64e|rpc:172.17.0.2:46819|priority:1], old=null
2021-02-14 01:49:44,437 [pool-297-thread-1] INFO  server.RaftServer$Division (RaftServerImpl.java:setRole(284)) - 67ae471d-b492-4f31-a24b-cc05e6e2b64e@group-074C8C599C3F: changes role from      null to FOLLOWER at term 0 for startAsFollower
2021-02-14 01:49:44,437 [pool-297-thread-1] INFO  impl.RoleInfo (RoleInfo.java:updateAndGet(130)) - 67ae471d-b492-4f31-a24b-cc05e6e2b64e: start 67ae471d-b492-4f31-a24b-cc05e6e2b64e@group-074C8C599C3F-FollowerState
2021-02-14 01:49:44,437 [pool-297-thread-1] INFO  util.JmxRegister (JmxRegister.java:tryRegister(44)) - Successfully registered JMX Bean with object name Ratis:service=RaftServer,group=group-074C8C599C3F,id=67ae471d-b492-4f31-a24b-cc05e6e2b64e
2021-02-14 01:49:44,437 [pool-297-thread-1] INFO  metrics.RatisMetrics (RatisMetrics.java:lambda$create$0(36)) - Creating Metrics Registry : ratis.state_machine.67ae471d-b492-4f31-a24b-cc05e6e2b64e@group-074C8C599C3F
2021-02-14 01:49:44,438 [Command processor thread] INFO  commandhandler.CreatePipelineCommandHandler (CreatePipelineCommandHandler.java:handle(106)) - Created Pipeline RATIS ONE PipelineID=9f7339ee-6885-48f7-b6e3-074c8c599c3f.
2021-02-14 01:49:44,608 [EventQueue-PipelineReportForOneReplicaPipelineSafeModeRule] INFO  safemode.SCMSafeModeManager (SCMSafeModeManager.java:validateSafeModeExitRules(214)) - AtleastOneDatanodeReportedRule rule is successfully validated
2021-02-14 01:49:44,609 [EventQueue-OpenPipelineForHealthyPipelineSafeModeRule] INFO  safemode.SCMSafeModeManager (HealthyPipelineSafeModeRule.java:process(128)) - SCM in safe mode. Healthy pipelines reported count is 0, required healthy pipeline reported count is 1
2021-02-14 01:49:44,651 [Command processor thread] INFO  server.RaftServer (RaftServerProxy.java:addNew(95)) - 23cc1cc1-0040-4236-a819-0d718e7e646a: addNew group-B144DF9921B5:[23cc1cc1-0040-4236-a819-0d718e7e646a|rpc:172.17.0.2:45489|priority:1] returns group-B144DF9921B5:java.util.concurrent.CompletableFuture@2b5dc194[Not completed]
2021-02-14 01:49:44,652 [pool-313-thread-1] INFO  server.RaftServer$Division (RaftServerImpl.java:<init>(180)) - 23cc1cc1-0040-4236-a819-0d718e7e646a: new RaftServerImpl for group-B144DF9921B5:[23cc1cc1-0040-4236-a819-0d718e7e646a|rpc:172.17.0.2:45489|priority:1] with ContainerStateMachine:uninitialized
2021-02-14 01:49:44,652 [pool-313-thread-1] INFO  server.RaftServerConfigKeys (ConfUtils.java:logGet(44)) - raft.server.rpc.timeout.min = 5s (custom)
2021-02-14 01:49:44,652 [pool-313-thread-1] INFO  server.RaftServerConfigKeys (ConfUtils.java:logGet(44)) - raft.server.rpc.timeout.max = 5200ms (custom)
2021-02-14 01:49:44,652 [pool-313-thread-1] INFO  server.RaftServerConfigKeys (ConfUtils.java:logGet(44)) - raft.server.rpc.sleep.time = 25ms (default)
2021-02-14 01:49:44,652 [pool-313-thread-1] INFO  server.RaftServerConfigKeys (ConfUtils.java:logGet(44)) - raft.server.rpc.slowness.timeout = 300000ms (custom)
2021-02-14 01:49:44,652 [pool-313-thread-1] INFO  server.RaftServerConfigKeys (ConfUtils.java:logGet(44)) - raft.server.leaderelection.leader.step-down.wait-time = 10s (default)
2021-02-14 01:49:44,652 [pool-313-thread-1] INFO  server.RaftServerConfigKeys (ConfUtils.java:logGet(44)) - raft.server.sleep.deviation.threshold = 300ms (default)
2021-02-14 01:49:44,652 [pool-313-thread-1] INFO  server.RaftServerConfigKeys (ConfUtils.java:logGet(44)) - raft.server.log.appender.install.snapshot.enabled = false (custom)
2021-02-14 01:49:44,652 [pool-313-thread-1] INFO  server.RaftServer$Division (ServerState.java:<init>(105)) - 23cc1cc1-0040-4236-a819-0d718e7e646a@group-B144DF9921B5: ConfigurationManager, init=-1: [23cc1cc1-0040-4236-a819-0d718e7e646a|rpc:172.17.0.2:45489|priority:1], old=null, confs=<EMPTY_MAP>
2021-02-14 01:49:44,653 [pool-313-thread-1] INFO  server.RaftServerConfigKeys (ConfUtils.java:logGet(44)) - raft.server.storage.dir = [/github/workspace/mnt/ozone/hadoop-ozone/integration-test/target/test-dir/MiniOzoneClusterImpl-b3eef9e8-6bea-4ca1-9f7b-091cac69c924/datanode-5/data/ratis] (custom)
2021-02-14 01:49:44,653 [pool-313-thread-1] INFO  server.RaftServerConfigKeys (ConfUtils.java:logGet(44)) - raft.server.log.corruption.policy = EXCEPTION (default)
2021-02-14 01:49:44,653 [pool-313-thread-1] INFO  storage.RaftStorageDirectory (RaftStorageDirectoryImpl.java:analyzeStorage(132)) - The storage directory /github/workspace/mnt/ozone/hadoop-ozone/integration-test/target/test-dir/MiniOzoneClusterImpl-b3eef9e8-6bea-4ca1-9f7b-091cac69c924/datanode-5/data/ratis/32a2fa4b-0613-47fd-a4d9-b144df9921b5 does not exist. Creating ...
2021-02-14 01:49:44,654 [pool-313-thread-1] INFO  storage.RaftStorageDirectory (RaftStorageDirectoryImpl.java:tryLock(215)) - Lock on /github/workspace/mnt/ozone/hadoop-ozone/integration-test/target/test-dir/MiniOzoneClusterImpl-b3eef9e8-6bea-4ca1-9f7b-091cac69c924/datanode-5/data/ratis/32a2fa4b-0613-47fd-a4d9-b144df9921b5/in_use.lock acquired by nodename 25808@9cc4fcda0858
2021-02-14 01:49:44,660 [pool-313-thread-1] INFO  storage.RaftStorage (RaftStorageImpl.java:format(87)) - Storage directory /github/workspace/mnt/ozone/hadoop-ozone/integration-test/target/test-dir/MiniOzoneClusterImpl-b3eef9e8-6bea-4ca1-9f7b-091cac69c924/datanode-5/data/ratis/32a2fa4b-0613-47fd-a4d9-b144df9921b5 has been successfully formatted.
2021-02-14 01:49:44,660 [pool-313-thread-1] INFO  ratis.ContainerStateMachine (ContainerStateMachine.java:loadSnapshot(223)) - group-B144DF9921B5: The snapshot info is null. Setting the last applied indexto:(t:0, i:~)
2021-02-14 01:49:44,661 [EventQueue-PipelineReportForOneReplicaPipelineSafeModeRule] INFO  safemode.SCMSafeModeManager (SCMSafeModeManager.java:validateSafeModeExitRules(214)) - AtleastOneDatanodeReportedRule rule is successfully validated
2021-02-14 01:49:44,661 [EventQueue-PipelineReportForPipelineReportHandler] INFO  pipeline.PipelineStateManager (PipelineStateManager.java:openPipeline(132)) - Pipeline Pipeline[ Id: 32a2fa4b-0613-47fd-a4d9-b144df9921b5, Nodes: 23cc1cc1-0040-4236-a819-0d718e7e646a{ip: 172.17.0.2, host: 9cc4fcda0858, ports: [REPLICATION=44683, RATIS=45489, RATIS_ADMIN=45489, RATIS_SERVER=45489, STANDALONE=33661], networkLocation: /default-rack, certSerialId: null, persistedOpState: IN_SERVICE, persistedOpStateExpiryEpochSec: 0}, Type:RATIS, Factor:ONE, State:ALLOCATED, leaderId:23cc1cc1-0040-4236-a819-0d718e7e646a, CreationTimestamp2021-02-14T01:49:41.653Z] moved to OPEN state
2021-02-14 01:49:44,662 [EventQueue-OpenPipelineForHealthyPipelineSafeModeRule] INFO  safemode.SCMSafeModeManager (HealthyPipelineSafeModeRule.java:process(128)) - SCM in safe mode. Healthy pipelines reported count is 0, required healthy pipeline reported count is 1
2021-02-14 01:49:44,662 [pool-313-thread-1] ERROR storage.RaftStorage (RaftStorageImpl.java:readRaftConfiguration(147)) - Failed reading configuration from file:/github/workspace/mnt/ozone/hadoop-ozone/integration-test/target/test-dir/MiniOzoneClusterImpl-b3eef9e8-6bea-4ca1-9f7b-091cac69c924/datanode-5/data/ratis/32a2fa4b-0613-47fd-a4d9-b144df9921b5/current/raft-meta.conf
java.io.FileNotFoundException: /github/workspace/mnt/ozone/hadoop-ozone/integration-test/target/test-dir/MiniOzoneClusterImpl-b3eef9e8-6bea-4ca1-9f7b-091cac69c924/datanode-5/data/ratis/32a2fa4b-0613-47fd-a4d9-b144df9921b5/current/raft-meta.conf (No such file or directory)
	at java.io.FileInputStream.open0(Native Method)
	at java.io.FileInputStream.open(FileInputStream.java:195)
	at java.io.FileInputStream.<init>(FileInputStream.java:138)
	at org.apache.ratis.server.storage.RaftStorageImpl.readRaftConfiguration(RaftStorageImpl.java:143)
	at org.apache.ratis.server.impl.ServerState.<init>(ServerState.java:122)
	at org.apache.ratis.server.impl.RaftServerImpl.<init>(RaftServerImpl.java:193)
	at org.apache.ratis.server.impl.RaftServerProxy.lambda$newRaftServerImpl$4(RaftServerProxy.java:266)
	at java.util.concurrent.CompletableFuture$AsyncSupply.run(CompletableFuture.java:1604)
	at java.util.concurrent.ThreadPoolExecutor.runWorker(ThreadPoolExecutor.java:1149)
	at java.util.concurrent.ThreadPoolExecutor$Worker.run(ThreadPoolExecutor.java:624)
	at java.lang.Thread.run(Thread.java:748)
2021-02-14 01:49:44,662 [pool-313-thread-1] INFO  server.RaftServerConfigKeys (ConfUtils.java:logGet(44)) - raft.server.notification.no-leader.timeout = 300000ms (custom)
2021-02-14 01:49:44,662 [pool-313-thread-1] INFO  server.RaftServerConfigKeys (ConfUtils.java:logGet(44)) - raft.server.log.use.memory = false (default)
2021-02-14 01:49:44,662 [pool-313-thread-1] INFO  server.RaftServerConfigKeys (ConfUtils.java:logGet(44)) - raft.server.log.purge.gap = 1000000 (custom)
2021-02-14 01:49:44,662 [pool-313-thread-1] INFO  server.RaftServerConfigKeys (ConfUtils.java:logGet(44)) - raft.server.log.appender.buffer.byte-limit = 33554432 (custom)
2021-02-14 01:49:44,662 [pool-313-thread-1] INFO  metrics.RatisMetrics (RatisMetrics.java:lambda$create$0(36)) - Creating Metrics Registry : ratis.log_worker.23cc1cc1-0040-4236-a819-0d718e7e646a@group-B144DF9921B5
2021-02-14 01:49:44,663 [pool-313-thread-1] INFO  server.RaftServerConfigKeys (ConfUtils.java:logGet(44)) - raft.server.log.segment.size.max = 1048576 (custom)
2021-02-14 01:49:44,663 [pool-313-thread-1] INFO  server.RaftServerConfigKeys (ConfUtils.java:logGet(44)) - raft.server.log.segment.cache.num.max = 2 (custom)
2021-02-14 01:49:44,663 [pool-313-thread-1] INFO  server.RaftServerConfigKeys (ConfUtils.java:logGet(44)) - raft.server.log.segment.cache.size.max = 200MB (=209715200) (default)
2021-02-14 01:49:44,663 [pool-313-thread-1] INFO  segmented.SegmentedRaftLogWorker (SegmentedRaftLogWorker.java:<init>(181)) - new 23cc1cc1-0040-4236-a819-0d718e7e646a@group-B144DF9921B5-SegmentedRaftLogWorker for RaftStorageImpl:Storage Directory /github/workspace/mnt/ozone/hadoop-ozone/integration-test/target/test-dir/MiniOzoneClusterImpl-b3eef9e8-6bea-4ca1-9f7b-091cac69c924/datanode-5/data/ratis/32a2fa4b-0613-47fd-a4d9-b144df9921b5
2021-02-14 01:49:44,663 [pool-313-thread-1] INFO  server.RaftServerConfigKeys (ConfUtils.java:logGet(44)) - raft.server.log.queue.byte-limit = 2147483647 (custom)
2021-02-14 01:49:44,663 [pool-313-thread-1] INFO  server.RaftServerConfigKeys (ConfUtils.java:logGet(44)) - raft.server.log.queue.element-limit = 1024 (custom)
2021-02-14 01:49:44,663 [pool-313-thread-1] INFO  server.RaftServerConfigKeys (ConfUtils.java:logGet(44)) - raft.server.log.segment.size.max = 1048576 (custom)
2021-02-14 01:49:44,663 [pool-313-thread-1] INFO  server.RaftServerConfigKeys (ConfUtils.java:logGet(44)) - raft.server.log.preallocated.size = 16384 (custom)
2021-02-14 01:49:44,664 [pool-313-thread-1] INFO  server.RaftServerConfigKeys (ConfUtils.java:logGet(44)) - raft.server.log.force.sync.num = 128 (default)
2021-02-14 01:49:44,664 [pool-313-thread-1] INFO  server.RaftServerConfigKeys (ConfUtils.java:logGet(44)) - raft.server.log.statemachine.data.sync = true (default)
2021-02-14 01:49:44,664 [pool-313-thread-1] INFO  server.RaftServerConfigKeys (ConfUtils.java:logGet(44)) - raft.server.log.statemachine.data.sync.timeout = 10s (default)
2021-02-14 01:49:44,664 [pool-313-thread-1] INFO  server.RaftServerConfigKeys (ConfUtils.java:logGet(44)) - raft.server.log.statemachine.data.sync.timeout.retry = -1 (default)
2021-02-14 01:49:44,665 [pool-313-thread-1] INFO  server.RaftServerConfigKeys (ConfUtils.java:logGet(44)) - raft.server.log.write.buffer.size = 1048576 (custom)
2021-02-14 01:49:44,665 [pool-313-thread-1] INFO  server.RaftServerConfigKeys (ConfUtils.java:logGet(44)) - raft.server.log.statemachine.data.caching.enabled = true (custom)
2021-02-14 01:49:44,666 [pool-313-thread-1] INFO  segmented.SegmentedRaftLogWorker (SegmentedRaftLogWorker.java:lambda$new$0(132)) - 23cc1cc1-0040-4236-a819-0d718e7e646a@group-B144DF9921B5-SegmentedRaftLogWorker: flushIndex: setUnconditionally 0 -> -1
2021-02-14 01:49:44,666 [pool-313-thread-1] INFO  segmented.SegmentedRaftLogWorker (SegmentedRaftLogWorker.java:lambda$new$0(132)) - 23cc1cc1-0040-4236-a819-0d718e7e646a@group-B144DF9921B5-SegmentedRaftLogWorker: safeCacheEvictIndex: setUnconditionally 0 -> -1
2021-02-14 01:49:44,666 [pool-313-thread-1] INFO  server.RaftServerConfigKeys (ConfUtils.java:logGet(44)) - raft.server.snapshot.auto.trigger.enabled = true (custom)
2021-02-14 01:49:44,666 [pool-313-thread-1] INFO  server.RaftServerConfigKeys (ConfUtils.java:logGet(44)) - raft.server.snapshot.auto.trigger.threshold = 10000 (custom)
2021-02-14 01:49:44,666 [pool-313-thread-1] INFO  server.RaftServerConfigKeys (ConfUtils.java:logGet(44)) - raft.server.snapshot.retention.file.num = 5 (custom)
2021-02-14 01:49:44,666 [pool-313-thread-1] INFO  server.RaftServerConfigKeys (ConfUtils.java:logGet(44)) - raft.server.log.purge.upto.snapshot.index = false (default)
2021-02-14 01:49:44,666 [pool-313-thread-1] INFO  server.RaftServerConfigKeys (ConfUtils.java:logGet(44)) - raft.server.retrycache.expirytime = 600000ms (custom)
2021-02-14 01:49:44,666 [pool-313-thread-1] INFO  server.RaftServerConfigKeys (ConfUtils.java:logGet(44)) - raft.server.retrycache.statistics.expirytime = 100?s (default)
2021-02-14 01:49:44,666 [pool-313-thread-1] INFO  metrics.RatisMetrics (RatisMetrics.java:lambda$create$0(36)) - Creating Metrics Registry : ratis.leader_election.23cc1cc1-0040-4236-a819-0d718e7e646a@group-B144DF9921B5
2021-02-14 01:49:44,667 [pool-313-thread-1] INFO  metrics.RatisMetrics (RatisMetrics.java:lambda$create$0(36)) - Creating Metrics Registry : ratis.server.23cc1cc1-0040-4236-a819-0d718e7e646a@group-B144DF9921B5
2021-02-14 01:49:44,668 [pool-313-thread-1] INFO  server.RaftServer$Division (RaftServerImpl.java:start(295)) - 23cc1cc1-0040-4236-a819-0d718e7e646a@group-B144DF9921B5: start as a follower, conf=-1: [23cc1cc1-0040-4236-a819-0d718e7e646a|rpc:172.17.0.2:45489|priority:1], old=null
2021-02-14 01:49:44,668 [pool-313-thread-1] INFO  server.RaftServer$Division (RaftServerImpl.java:setRole(284)) - 23cc1cc1-0040-4236-a819-0d718e7e646a@group-B144DF9921B5: changes role from      null to FOLLOWER at term 0 for startAsFollower
2021-02-14 01:49:44,668 [pool-313-thread-1] INFO  impl.RoleInfo (RoleInfo.java:updateAndGet(130)) - 23cc1cc1-0040-4236-a819-0d718e7e646a: start 23cc1cc1-0040-4236-a819-0d718e7e646a@group-B144DF9921B5-FollowerState
2021-02-14 01:49:44,668 [pool-313-thread-1] INFO  util.JmxRegister (JmxRegister.java:tryRegister(44)) - Successfully registered JMX Bean with object name Ratis:service=RaftServer,group=group-B144DF9921B5,id=23cc1cc1-0040-4236-a819-0d718e7e646a
2021-02-14 01:49:44,668 [pool-313-thread-1] INFO  metrics.RatisMetrics (RatisMetrics.java:lambda$create$0(36)) - Creating Metrics Registry : ratis.state_machine.23cc1cc1-0040-4236-a819-0d718e7e646a@group-B144DF9921B5
2021-02-14 01:49:44,669 [Command processor thread] INFO  commandhandler.CreatePipelineCommandHandler (CreatePipelineCommandHandler.java:handle(106)) - Created Pipeline RATIS ONE PipelineID=32a2fa4b-0613-47fd-a4d9-b144df9921b5.
2021-02-14 01:49:44,873 [Command processor thread] INFO  server.RaftServer (RaftServerProxy.java:addNew(95)) - 46453c06-aa66-4ab8-8a2c-ab2255a053c6: addNew group-C82870DBEF24:[46453c06-aa66-4ab8-8a2c-ab2255a053c6|rpc:172.17.0.2:45889|priority:1] returns group-C82870DBEF24:java.util.concurrent.CompletableFuture@18eae96e[Not completed]
2021-02-14 01:49:44,880 [pool-329-thread-1] INFO  server.RaftServer$Division (RaftServerImpl.java:<init>(180)) - 46453c06-aa66-4ab8-8a2c-ab2255a053c6: new RaftServerImpl for group-C82870DBEF24:[46453c06-aa66-4ab8-8a2c-ab2255a053c6|rpc:172.17.0.2:45889|priority:1] with ContainerStateMachine:uninitialized
2021-02-14 01:49:44,881 [pool-329-thread-1] INFO  server.RaftServerConfigKeys (ConfUtils.java:logGet(44)) - raft.server.rpc.timeout.min = 5s (custom)
2021-02-14 01:49:44,881 [pool-329-thread-1] INFO  server.RaftServerConfigKeys (ConfUtils.java:logGet(44)) - raft.server.rpc.timeout.max = 5200ms (custom)
2021-02-14 01:49:44,881 [pool-329-thread-1] INFO  server.RaftServerConfigKeys (ConfUtils.java:logGet(44)) - raft.server.rpc.sleep.time = 25ms (default)
2021-02-14 01:49:44,881 [pool-329-thread-1] INFO  server.RaftServerConfigKeys (ConfUtils.java:logGet(44)) - raft.server.rpc.slowness.timeout = 300000ms (custom)
2021-02-14 01:49:44,881 [pool-329-thread-1] INFO  server.RaftServerConfigKeys (ConfUtils.java:logGet(44)) - raft.server.leaderelection.leader.step-down.wait-time = 10s (default)
2021-02-14 01:49:44,881 [pool-329-thread-1] INFO  server.RaftServerConfigKeys (ConfUtils.java:logGet(44)) - raft.server.sleep.deviation.threshold = 300ms (default)
2021-02-14 01:49:44,881 [pool-329-thread-1] INFO  server.RaftServerConfigKeys (ConfUtils.java:logGet(44)) - raft.server.log.appender.install.snapshot.enabled = false (custom)
2021-02-14 01:49:44,881 [pool-329-thread-1] INFO  server.RaftServer$Division (ServerState.java:<init>(105)) - 46453c06-aa66-4ab8-8a2c-ab2255a053c6@group-C82870DBEF24: ConfigurationManager, init=-1: [46453c06-aa66-4ab8-8a2c-ab2255a053c6|rpc:172.17.0.2:45889|priority:1], old=null, confs=<EMPTY_MAP>
2021-02-14 01:49:44,881 [pool-329-thread-1] INFO  server.RaftServerConfigKeys (ConfUtils.java:logGet(44)) - raft.server.storage.dir = [/github/workspace/mnt/ozone/hadoop-ozone/integration-test/target/test-dir/MiniOzoneClusterImpl-b3eef9e8-6bea-4ca1-9f7b-091cac69c924/datanode-6/data/ratis] (custom)
2021-02-14 01:49:44,882 [pool-329-thread-1] INFO  server.RaftServerConfigKeys (ConfUtils.java:logGet(44)) - raft.server.log.corruption.policy = EXCEPTION (default)
2021-02-14 01:49:44,882 [pool-329-thread-1] INFO  storage.RaftStorageDirectory (RaftStorageDirectoryImpl.java:analyzeStorage(132)) - The storage directory /github/workspace/mnt/ozone/hadoop-ozone/integration-test/target/test-dir/MiniOzoneClusterImpl-b3eef9e8-6bea-4ca1-9f7b-091cac69c924/datanode-6/data/ratis/680ca34b-de7d-45f2-9604-c82870dbef24 does not exist. Creating ...
2021-02-14 01:49:44,883 [pool-329-thread-1] INFO  storage.RaftStorageDirectory (RaftStorageDirectoryImpl.java:tryLock(215)) - Lock on /github/workspace/mnt/ozone/hadoop-ozone/integration-test/target/test-dir/MiniOzoneClusterImpl-b3eef9e8-6bea-4ca1-9f7b-091cac69c924/datanode-6/data/ratis/680ca34b-de7d-45f2-9604-c82870dbef24/in_use.lock acquired by nodename 25808@9cc4fcda0858
2021-02-14 01:49:44,883 [EventQueue-PipelineReportForOneReplicaPipelineSafeModeRule] INFO  safemode.SCMSafeModeManager (SCMSafeModeManager.java:validateSafeModeExitRules(214)) - AtleastOneDatanodeReportedRule rule is successfully validated
2021-02-14 01:49:44,884 [EventQueue-OpenPipelineForHealthyPipelineSafeModeRule] INFO  safemode.SCMSafeModeManager (HealthyPipelineSafeModeRule.java:process(128)) - SCM in safe mode. Healthy pipelines reported count is 0, required healthy pipeline reported count is 1
2021-02-14 01:49:44,885 [pool-329-thread-1] INFO  storage.RaftStorage (RaftStorageImpl.java:format(87)) - Storage directory /github/workspace/mnt/ozone/hadoop-ozone/integration-test/target/test-dir/MiniOzoneClusterImpl-b3eef9e8-6bea-4ca1-9f7b-091cac69c924/datanode-6/data/ratis/680ca34b-de7d-45f2-9604-c82870dbef24 has been successfully formatted.
2021-02-14 01:49:44,885 [pool-329-thread-1] INFO  ratis.ContainerStateMachine (ContainerStateMachine.java:loadSnapshot(223)) - group-C82870DBEF24: The snapshot info is null. Setting the last applied indexto:(t:0, i:~)
2021-02-14 01:49:44,885 [pool-329-thread-1] ERROR storage.RaftStorage (RaftStorageImpl.java:readRaftConfiguration(147)) - Failed reading configuration from file:/github/workspace/mnt/ozone/hadoop-ozone/integration-test/target/test-dir/MiniOzoneClusterImpl-b3eef9e8-6bea-4ca1-9f7b-091cac69c924/datanode-6/data/ratis/680ca34b-de7d-45f2-9604-c82870dbef24/current/raft-meta.conf
java.io.FileNotFoundException: /github/workspace/mnt/ozone/hadoop-ozone/integration-test/target/test-dir/MiniOzoneClusterImpl-b3eef9e8-6bea-4ca1-9f7b-091cac69c924/datanode-6/data/ratis/680ca34b-de7d-45f2-9604-c82870dbef24/current/raft-meta.conf (No such file or directory)
	at java.io.FileInputStream.open0(Native Method)
	at java.io.FileInputStream.open(FileInputStream.java:195)
	at java.io.FileInputStream.<init>(FileInputStream.java:138)
	at org.apache.ratis.server.storage.RaftStorageImpl.readRaftConfiguration(RaftStorageImpl.java:143)
	at org.apache.ratis.server.impl.ServerState.<init>(ServerState.java:122)
	at org.apache.ratis.server.impl.RaftServerImpl.<init>(RaftServerImpl.java:193)
	at org.apache.ratis.server.impl.RaftServerProxy.lambda$newRaftServerImpl$4(RaftServerProxy.java:266)
	at java.util.concurrent.CompletableFuture$AsyncSupply.run(CompletableFuture.java:1604)
	at java.util.concurrent.ThreadPoolExecutor.runWorker(ThreadPoolExecutor.java:1149)
	at java.util.concurrent.ThreadPoolExecutor$Worker.run(ThreadPoolExecutor.java:624)
	at java.lang.Thread.run(Thread.java:748)
2021-02-14 01:49:44,886 [pool-329-thread-1] INFO  server.RaftServerConfigKeys (ConfUtils.java:logGet(44)) - raft.server.notification.no-leader.timeout = 300000ms (custom)
2021-02-14 01:49:44,886 [pool-329-thread-1] INFO  server.RaftServerConfigKeys (ConfUtils.java:logGet(44)) - raft.server.log.use.memory = false (default)
2021-02-14 01:49:44,886 [EventQueue-PipelineReportForPipelineReportHandler] INFO  pipeline.PipelineStateManager (PipelineStateManager.java:openPipeline(132)) - Pipeline Pipeline[ Id: 680ca34b-de7d-45f2-9604-c82870dbef24, Nodes: 46453c06-aa66-4ab8-8a2c-ab2255a053c6{ip: 172.17.0.2, host: 9cc4fcda0858, ports: [REPLICATION=42239, RATIS=45889, RATIS_ADMIN=45889, RATIS_SERVER=45889, STANDALONE=45023], networkLocation: /default-rack, certSerialId: null, persistedOpState: IN_SERVICE, persistedOpStateExpiryEpochSec: 0}, Type:RATIS, Factor:ONE, State:ALLOCATED, leaderId:46453c06-aa66-4ab8-8a2c-ab2255a053c6, CreationTimestamp2021-02-14T01:49:41.873Z] moved to OPEN state
2021-02-14 01:49:44,886 [EventQueue-OpenPipelineForHealthyPipelineSafeModeRule] INFO  safemode.SCMSafeModeManager (HealthyPipelineSafeModeRule.java:process(128)) - SCM in safe mode. Healthy pipelines reported count is 0, required healthy pipeline reported count is 1
2021-02-14 01:49:44,885 [EventQueue-PipelineReportForOneReplicaPipelineSafeModeRule] INFO  safemode.SCMSafeModeManager (SCMSafeModeManager.java:validateSafeModeExitRules(214)) - AtleastOneDatanodeReportedRule rule is successfully validated
2021-02-14 01:49:44,886 [pool-329-thread-1] INFO  server.RaftServerConfigKeys (ConfUtils.java:logGet(44)) - raft.server.log.purge.gap = 1000000 (custom)
2021-02-14 01:49:44,887 [pool-329-thread-1] INFO  server.RaftServerConfigKeys (ConfUtils.java:logGet(44)) - raft.server.log.appender.buffer.byte-limit = 33554432 (custom)
2021-02-14 01:49:44,887 [pool-329-thread-1] INFO  metrics.RatisMetrics (RatisMetrics.java:lambda$create$0(36)) - Creating Metrics Registry : ratis.log_worker.46453c06-aa66-4ab8-8a2c-ab2255a053c6@group-C82870DBEF24
2021-02-14 01:49:44,887 [pool-329-thread-1] INFO  server.RaftServerConfigKeys (ConfUtils.java:logGet(44)) - raft.server.log.segment.size.max = 1048576 (custom)
2021-02-14 01:49:44,888 [pool-329-thread-1] INFO  server.RaftServerConfigKeys (ConfUtils.java:logGet(44)) - raft.server.log.segment.cache.num.max = 2 (custom)
2021-02-14 01:49:44,888 [pool-329-thread-1] INFO  server.RaftServerConfigKeys (ConfUtils.java:logGet(44)) - raft.server.log.segment.cache.size.max = 200MB (=209715200) (default)
2021-02-14 01:49:44,888 [pool-329-thread-1] INFO  segmented.SegmentedRaftLogWorker (SegmentedRaftLogWorker.java:<init>(181)) - new 46453c06-aa66-4ab8-8a2c-ab2255a053c6@group-C82870DBEF24-SegmentedRaftLogWorker for RaftStorageImpl:Storage Directory /github/workspace/mnt/ozone/hadoop-ozone/integration-test/target/test-dir/MiniOzoneClusterImpl-b3eef9e8-6bea-4ca1-9f7b-091cac69c924/datanode-6/data/ratis/680ca34b-de7d-45f2-9604-c82870dbef24
2021-02-14 01:49:44,888 [pool-329-thread-1] INFO  server.RaftServerConfigKeys (ConfUtils.java:logGet(44)) - raft.server.log.queue.byte-limit = 2147483647 (custom)
2021-02-14 01:49:44,888 [pool-329-thread-1] INFO  server.RaftServerConfigKeys (ConfUtils.java:logGet(44)) - raft.server.log.queue.element-limit = 1024 (custom)
2021-02-14 01:49:44,888 [pool-329-thread-1] INFO  server.RaftServerConfigKeys (ConfUtils.java:logGet(44)) - raft.server.log.segment.size.max = 1048576 (custom)
2021-02-14 01:49:44,888 [pool-329-thread-1] INFO  server.RaftServerConfigKeys (ConfUtils.java:logGet(44)) - raft.server.log.preallocated.size = 16384 (custom)
2021-02-14 01:49:44,888 [pool-329-thread-1] INFO  server.RaftServerConfigKeys (ConfUtils.java:logGet(44)) - raft.server.log.force.sync.num = 128 (default)
2021-02-14 01:49:44,888 [pool-329-thread-1] INFO  server.RaftServerConfigKeys (ConfUtils.java:logGet(44)) - raft.server.log.statemachine.data.sync = true (default)
2021-02-14 01:49:44,888 [pool-329-thread-1] INFO  server.RaftServerConfigKeys (ConfUtils.java:logGet(44)) - raft.server.log.statemachine.data.sync.timeout = 10s (default)
2021-02-14 01:49:44,888 [pool-329-thread-1] INFO  server.RaftServerConfigKeys (ConfUtils.java:logGet(44)) - raft.server.log.statemachine.data.sync.timeout.retry = -1 (default)
2021-02-14 01:49:44,889 [pool-329-thread-1] INFO  server.RaftServerConfigKeys (ConfUtils.java:logGet(44)) - raft.server.log.write.buffer.size = 1048576 (custom)
2021-02-14 01:49:44,890 [pool-329-thread-1] INFO  server.RaftServerConfigKeys (ConfUtils.java:logGet(44)) - raft.server.log.statemachine.data.caching.enabled = true (custom)
2021-02-14 01:49:44,890 [pool-329-thread-1] INFO  segmented.SegmentedRaftLogWorker (SegmentedRaftLogWorker.java:lambda$new$0(132)) - 46453c06-aa66-4ab8-8a2c-ab2255a053c6@group-C82870DBEF24-SegmentedRaftLogWorker: flushIndex: setUnconditionally 0 -> -1
2021-02-14 01:49:44,890 [pool-329-thread-1] INFO  segmented.SegmentedRaftLogWorker (SegmentedRaftLogWorker.java:lambda$new$0(132)) - 46453c06-aa66-4ab8-8a2c-ab2255a053c6@group-C82870DBEF24-SegmentedRaftLogWorker: safeCacheEvictIndex: setUnconditionally 0 -> -1
2021-02-14 01:49:44,890 [pool-329-thread-1] INFO  server.RaftServerConfigKeys (ConfUtils.java:logGet(44)) - raft.server.snapshot.auto.trigger.enabled = true (custom)
2021-02-14 01:49:44,890 [pool-329-thread-1] INFO  server.RaftServerConfigKeys (ConfUtils.java:logGet(44)) - raft.server.snapshot.auto.trigger.threshold = 10000 (custom)
2021-02-14 01:49:44,891 [pool-329-thread-1] INFO  server.RaftServerConfigKeys (ConfUtils.java:logGet(44)) - raft.server.snapshot.retention.file.num = 5 (custom)
2021-02-14 01:49:44,891 [pool-329-thread-1] INFO  server.RaftServerConfigKeys (ConfUtils.java:logGet(44)) - raft.server.log.purge.upto.snapshot.index = false (default)
2021-02-14 01:49:44,891 [pool-329-thread-1] INFO  server.RaftServerConfigKeys (ConfUtils.java:logGet(44)) - raft.server.retrycache.expirytime = 600000ms (custom)
2021-02-14 01:49:44,891 [pool-329-thread-1] INFO  server.RaftServerConfigKeys (ConfUtils.java:logGet(44)) - raft.server.retrycache.statistics.expirytime = 100?s (default)
2021-02-14 01:49:44,891 [pool-329-thread-1] INFO  metrics.RatisMetrics (RatisMetrics.java:lambda$create$0(36)) - Creating Metrics Registry : ratis.leader_election.46453c06-aa66-4ab8-8a2c-ab2255a053c6@group-C82870DBEF24
2021-02-14 01:49:44,891 [pool-329-thread-1] INFO  metrics.RatisMetrics (RatisMetrics.java:lambda$create$0(36)) - Creating Metrics Registry : ratis.server.46453c06-aa66-4ab8-8a2c-ab2255a053c6@group-C82870DBEF24
2021-02-14 01:49:44,892 [pool-329-thread-1] INFO  server.RaftServer$Division (RaftServerImpl.java:start(295)) - 46453c06-aa66-4ab8-8a2c-ab2255a053c6@group-C82870DBEF24: start as a follower, conf=-1: [46453c06-aa66-4ab8-8a2c-ab2255a053c6|rpc:172.17.0.2:45889|priority:1], old=null
2021-02-14 01:49:44,892 [pool-329-thread-1] INFO  server.RaftServer$Division (RaftServerImpl.java:setRole(284)) - 46453c06-aa66-4ab8-8a2c-ab2255a053c6@group-C82870DBEF24: changes role from      null to FOLLOWER at term 0 for startAsFollower
2021-02-14 01:49:44,892 [pool-329-thread-1] INFO  impl.RoleInfo (RoleInfo.java:updateAndGet(130)) - 46453c06-aa66-4ab8-8a2c-ab2255a053c6: start 46453c06-aa66-4ab8-8a2c-ab2255a053c6@group-C82870DBEF24-FollowerState
2021-02-14 01:49:44,893 [pool-329-thread-1] INFO  util.JmxRegister (JmxRegister.java:tryRegister(44)) - Successfully registered JMX Bean with object name Ratis:service=RaftServer,group=group-C82870DBEF24,id=46453c06-aa66-4ab8-8a2c-ab2255a053c6
2021-02-14 01:49:44,893 [pool-329-thread-1] INFO  metrics.RatisMetrics (RatisMetrics.java:lambda$create$0(36)) - Creating Metrics Registry : ratis.state_machine.46453c06-aa66-4ab8-8a2c-ab2255a053c6@group-C82870DBEF24
2021-02-14 01:49:44,893 [Command processor thread] INFO  commandhandler.CreatePipelineCommandHandler (CreatePipelineCommandHandler.java:handle(106)) - Created Pipeline RATIS ONE PipelineID=680ca34b-de7d-45f2-9604-c82870dbef24.
2021-02-14 01:49:44,894 [Command processor thread] INFO  server.RaftServer (RaftServerProxy.java:addNew(95)) - 46453c06-aa66-4ab8-8a2c-ab2255a053c6: addNew group-14ED30695F7D:[fe88e678-cae2-4575-8bb5-90c5b4ef55f6|rpc:172.17.0.2:43003|priority:0, 46453c06-aa66-4ab8-8a2c-ab2255a053c6|rpc:172.17.0.2:45889|priority:1, 66662ab8-1b94-466a-9131-2b6af2fadcad|rpc:172.17.0.2:46429|priority:0] returns group-14ED30695F7D:java.util.concurrent.CompletableFuture@1cd56eab[Not completed]
2021-02-14 01:49:44,894 [pool-329-thread-1] INFO  server.RaftServer$Division (RaftServerImpl.java:<init>(180)) - 46453c06-aa66-4ab8-8a2c-ab2255a053c6: new RaftServerImpl for group-14ED30695F7D:[fe88e678-cae2-4575-8bb5-90c5b4ef55f6|rpc:172.17.0.2:43003|priority:0, 46453c06-aa66-4ab8-8a2c-ab2255a053c6|rpc:172.17.0.2:45889|priority:1, 66662ab8-1b94-466a-9131-2b6af2fadcad|rpc:172.17.0.2:46429|priority:0] with ContainerStateMachine:uninitialized
2021-02-14 01:49:44,894 [pool-329-thread-1] INFO  server.RaftServerConfigKeys (ConfUtils.java:logGet(44)) - raft.server.rpc.timeout.min = 5s (custom)
2021-02-14 01:49:44,894 [pool-329-thread-1] INFO  server.RaftServerConfigKeys (ConfUtils.java:logGet(44)) - raft.server.rpc.timeout.max = 5200ms (custom)
2021-02-14 01:49:44,894 [pool-329-thread-1] INFO  server.RaftServerConfigKeys (ConfUtils.java:logGet(44)) - raft.server.rpc.sleep.time = 25ms (default)
2021-02-14 01:49:44,894 [pool-329-thread-1] INFO  server.RaftServerConfigKeys (ConfUtils.java:logGet(44)) - raft.server.rpc.slowness.timeout = 300000ms (custom)
2021-02-14 01:49:44,894 [pool-329-thread-1] INFO  server.RaftServerConfigKeys (ConfUtils.java:logGet(44)) - raft.server.leaderelection.leader.step-down.wait-time = 10s (default)
2021-02-14 01:49:44,894 [pool-329-thread-1] INFO  server.RaftServerConfigKeys (ConfUtils.java:logGet(44)) - raft.server.sleep.deviation.threshold = 300ms (default)
2021-02-14 01:49:44,894 [pool-329-thread-1] INFO  server.RaftServerConfigKeys (ConfUtils.java:logGet(44)) - raft.server.log.appender.install.snapshot.enabled = false (custom)
2021-02-14 01:49:44,894 [pool-329-thread-1] INFO  server.RaftServer$Division (ServerState.java:<init>(105)) - 46453c06-aa66-4ab8-8a2c-ab2255a053c6@group-14ED30695F7D: ConfigurationManager, init=-1: [fe88e678-cae2-4575-8bb5-90c5b4ef55f6|rpc:172.17.0.2:43003|priority:0, 46453c06-aa66-4ab8-8a2c-ab2255a053c6|rpc:172.17.0.2:45889|priority:1, 66662ab8-1b94-466a-9131-2b6af2fadcad|rpc:172.17.0.2:46429|priority:0], old=null, confs=<EMPTY_MAP>
2021-02-14 01:49:44,895 [pool-329-thread-1] INFO  server.RaftServerConfigKeys (ConfUtils.java:logGet(44)) - raft.server.storage.dir = [/github/workspace/mnt/ozone/hadoop-ozone/integration-test/target/test-dir/MiniOzoneClusterImpl-b3eef9e8-6bea-4ca1-9f7b-091cac69c924/datanode-6/data/ratis] (custom)
2021-02-14 01:49:44,895 [pool-329-thread-1] INFO  server.RaftServerConfigKeys (ConfUtils.java:logGet(44)) - raft.server.log.corruption.policy = EXCEPTION (default)
2021-02-14 01:49:44,895 [pool-329-thread-1] INFO  storage.RaftStorageDirectory (RaftStorageDirectoryImpl.java:analyzeStorage(132)) - The storage directory /github/workspace/mnt/ozone/hadoop-ozone/integration-test/target/test-dir/MiniOzoneClusterImpl-b3eef9e8-6bea-4ca1-9f7b-091cac69c924/datanode-6/data/ratis/eaedb741-cb4a-4d2d-8b23-14ed30695f7d does not exist. Creating ...
2021-02-14 01:49:44,897 [pool-329-thread-1] INFO  storage.RaftStorageDirectory (RaftStorageDirectoryImpl.java:tryLock(215)) - Lock on /github/workspace/mnt/ozone/hadoop-ozone/integration-test/target/test-dir/MiniOzoneClusterImpl-b3eef9e8-6bea-4ca1-9f7b-091cac69c924/datanode-6/data/ratis/eaedb741-cb4a-4d2d-8b23-14ed30695f7d/in_use.lock acquired by nodename 25808@9cc4fcda0858
2021-02-14 01:49:44,898 [pool-329-thread-1] INFO  storage.RaftStorage (RaftStorageImpl.java:format(87)) - Storage directory /github/workspace/mnt/ozone/hadoop-ozone/integration-test/target/test-dir/MiniOzoneClusterImpl-b3eef9e8-6bea-4ca1-9f7b-091cac69c924/datanode-6/data/ratis/eaedb741-cb4a-4d2d-8b23-14ed30695f7d has been successfully formatted.
2021-02-14 01:49:44,899 [pool-329-thread-1] INFO  ratis.ContainerStateMachine (ContainerStateMachine.java:loadSnapshot(223)) - group-14ED30695F7D: The snapshot info is null. Setting the last applied indexto:(t:0, i:~)
2021-02-14 01:49:44,899 [pool-329-thread-1] ERROR storage.RaftStorage (RaftStorageImpl.java:readRaftConfiguration(147)) - Failed reading configuration from file:/github/workspace/mnt/ozone/hadoop-ozone/integration-test/target/test-dir/MiniOzoneClusterImpl-b3eef9e8-6bea-4ca1-9f7b-091cac69c924/datanode-6/data/ratis/eaedb741-cb4a-4d2d-8b23-14ed30695f7d/current/raft-meta.conf
java.io.FileNotFoundException: /github/workspace/mnt/ozone/hadoop-ozone/integration-test/target/test-dir/MiniOzoneClusterImpl-b3eef9e8-6bea-4ca1-9f7b-091cac69c924/datanode-6/data/ratis/eaedb741-cb4a-4d2d-8b23-14ed30695f7d/current/raft-meta.conf (No such file or directory)
	at java.io.FileInputStream.open0(Native Method)
	at java.io.FileInputStream.open(FileInputStream.java:195)
	at java.io.FileInputStream.<init>(FileInputStream.java:138)
	at org.apache.ratis.server.storage.RaftStorageImpl.readRaftConfiguration(RaftStorageImpl.java:143)
	at org.apache.ratis.server.impl.ServerState.<init>(ServerState.java:122)
	at org.apache.ratis.server.impl.RaftServerImpl.<init>(RaftServerImpl.java:193)
	at org.apache.ratis.server.impl.RaftServerProxy.lambda$newRaftServerImpl$4(RaftServerProxy.java:266)
	at java.util.concurrent.CompletableFuture$AsyncSupply.run(CompletableFuture.java:1604)
	at java.util.concurrent.ThreadPoolExecutor.runWorker(ThreadPoolExecutor.java:1149)
	at java.util.concurrent.ThreadPoolExecutor$Worker.run(ThreadPoolExecutor.java:624)
	at java.lang.Thread.run(Thread.java:748)
2021-02-14 01:49:44,899 [EventQueue-OpenPipelineForHealthyPipelineSafeModeRule] INFO  safemode.SCMSafeModeManager (HealthyPipelineSafeModeRule.java:process(128)) - SCM in safe mode. Healthy pipelines reported count is 0, required healthy pipeline reported count is 1
2021-02-14 01:49:44,899 [EventQueue-PipelineReportForOneReplicaPipelineSafeModeRule] INFO  safemode.SCMSafeModeManager (SCMSafeModeManager.java:validateSafeModeExitRules(214)) - AtleastOneDatanodeReportedRule rule is successfully validated
2021-02-14 01:49:44,899 [pool-329-thread-1] INFO  server.RaftServerConfigKeys (ConfUtils.java:logGet(44)) - raft.server.notification.no-leader.timeout = 300000ms (custom)
2021-02-14 01:49:44,900 [pool-329-thread-1] INFO  server.RaftServerConfigKeys (ConfUtils.java:logGet(44)) - raft.server.log.use.memory = false (default)
2021-02-14 01:49:44,900 [pool-329-thread-1] INFO  server.RaftServerConfigKeys (ConfUtils.java:logGet(44)) - raft.server.log.purge.gap = 1000000 (custom)
2021-02-14 01:49:44,900 [pool-329-thread-1] INFO  server.RaftServerConfigKeys (ConfUtils.java:logGet(44)) - raft.server.log.appender.buffer.byte-limit = 33554432 (custom)
2021-02-14 01:49:44,900 [pool-329-thread-1] INFO  metrics.RatisMetrics (RatisMetrics.java:lambda$create$0(36)) - Creating Metrics Registry : ratis.log_worker.46453c06-aa66-4ab8-8a2c-ab2255a053c6@group-14ED30695F7D
2021-02-14 01:49:44,900 [pool-329-thread-1] INFO  server.RaftServerConfigKeys (ConfUtils.java:logGet(44)) - raft.server.log.segment.size.max = 1048576 (custom)
2021-02-14 01:49:44,901 [pool-329-thread-1] INFO  server.RaftServerConfigKeys (ConfUtils.java:logGet(44)) - raft.server.log.segment.cache.num.max = 2 (custom)
2021-02-14 01:49:44,901 [pool-329-thread-1] INFO  server.RaftServerConfigKeys (ConfUtils.java:logGet(44)) - raft.server.log.segment.cache.size.max = 200MB (=209715200) (default)
2021-02-14 01:49:44,901 [pool-329-thread-1] INFO  segmented.SegmentedRaftLogWorker (SegmentedRaftLogWorker.java:<init>(181)) - new 46453c06-aa66-4ab8-8a2c-ab2255a053c6@group-14ED30695F7D-SegmentedRaftLogWorker for RaftStorageImpl:Storage Directory /github/workspace/mnt/ozone/hadoop-ozone/integration-test/target/test-dir/MiniOzoneClusterImpl-b3eef9e8-6bea-4ca1-9f7b-091cac69c924/datanode-6/data/ratis/eaedb741-cb4a-4d2d-8b23-14ed30695f7d
2021-02-14 01:49:44,901 [pool-329-thread-1] INFO  server.RaftServerConfigKeys (ConfUtils.java:logGet(44)) - raft.server.log.queue.byte-limit = 2147483647 (custom)
2021-02-14 01:49:44,901 [pool-329-thread-1] INFO  server.RaftServerConfigKeys (ConfUtils.java:logGet(44)) - raft.server.log.queue.element-limit = 1024 (custom)
2021-02-14 01:49:44,901 [pool-329-thread-1] INFO  server.RaftServerConfigKeys (ConfUtils.java:logGet(44)) - raft.server.log.segment.size.max = 1048576 (custom)
2021-02-14 01:49:44,901 [pool-329-thread-1] INFO  server.RaftServerConfigKeys (ConfUtils.java:logGet(44)) - raft.server.log.preallocated.size = 16384 (custom)
2021-02-14 01:49:44,901 [pool-329-thread-1] INFO  server.RaftServerConfigKeys (ConfUtils.java:logGet(44)) - raft.server.log.force.sync.num = 128 (default)
2021-02-14 01:49:44,902 [pool-329-thread-1] INFO  server.RaftServerConfigKeys (ConfUtils.java:logGet(44)) - raft.server.log.statemachine.data.sync = true (default)
2021-02-14 01:49:44,902 [pool-329-thread-1] INFO  server.RaftServerConfigKeys (ConfUtils.java:logGet(44)) - raft.server.log.statemachine.data.sync.timeout = 10s (default)
2021-02-14 01:49:44,902 [pool-329-thread-1] INFO  server.RaftServerConfigKeys (ConfUtils.java:logGet(44)) - raft.server.log.statemachine.data.sync.timeout.retry = -1 (default)
2021-02-14 01:49:44,903 [pool-329-thread-1] INFO  server.RaftServerConfigKeys (ConfUtils.java:logGet(44)) - raft.server.log.write.buffer.size = 1048576 (custom)
2021-02-14 01:49:44,903 [pool-329-thread-1] INFO  server.RaftServerConfigKeys (ConfUtils.java:logGet(44)) - raft.server.log.statemachine.data.caching.enabled = true (custom)
2021-02-14 01:49:44,904 [pool-329-thread-1] INFO  segmented.SegmentedRaftLogWorker (SegmentedRaftLogWorker.java:lambda$new$0(132)) - 46453c06-aa66-4ab8-8a2c-ab2255a053c6@group-14ED30695F7D-SegmentedRaftLogWorker: flushIndex: setUnconditionally 0 -> -1
2021-02-14 01:49:44,904 [pool-329-thread-1] INFO  segmented.SegmentedRaftLogWorker (SegmentedRaftLogWorker.java:lambda$new$0(132)) - 46453c06-aa66-4ab8-8a2c-ab2255a053c6@group-14ED30695F7D-SegmentedRaftLogWorker: safeCacheEvictIndex: setUnconditionally 0 -> -1
2021-02-14 01:49:44,904 [pool-329-thread-1] INFO  server.RaftServerConfigKeys (ConfUtils.java:logGet(44)) - raft.server.snapshot.auto.trigger.enabled = true (custom)
2021-02-14 01:49:44,904 [pool-329-thread-1] INFO  server.RaftServerConfigKeys (ConfUtils.java:logGet(44)) - raft.server.snapshot.auto.trigger.threshold = 10000 (custom)
2021-02-14 01:49:44,904 [pool-329-thread-1] INFO  server.RaftServerConfigKeys (ConfUtils.java:logGet(44)) - raft.server.snapshot.retention.file.num = 5 (custom)
2021-02-14 01:49:44,904 [pool-329-thread-1] INFO  server.RaftServerConfigKeys (ConfUtils.java:logGet(44)) - raft.server.log.purge.upto.snapshot.index = false (default)
2021-02-14 01:49:44,905 [pool-329-thread-1] INFO  server.RaftServerConfigKeys (ConfUtils.java:logGet(44)) - raft.server.retrycache.expirytime = 600000ms (custom)
2021-02-14 01:49:44,905 [pool-329-thread-1] INFO  server.RaftServerConfigKeys (ConfUtils.java:logGet(44)) - raft.server.retrycache.statistics.expirytime = 100?s (default)
2021-02-14 01:49:44,905 [pool-329-thread-1] INFO  metrics.RatisMetrics (RatisMetrics.java:lambda$create$0(36)) - Creating Metrics Registry : ratis.leader_election.46453c06-aa66-4ab8-8a2c-ab2255a053c6@group-14ED30695F7D
2021-02-14 01:49:44,906 [pool-329-thread-1] INFO  metrics.RatisMetrics (RatisMetrics.java:lambda$create$0(36)) - Creating Metrics Registry : ratis.server.46453c06-aa66-4ab8-8a2c-ab2255a053c6@group-14ED30695F7D
2021-02-14 01:49:44,907 [pool-329-thread-1] INFO  server.RaftServer$Division (RaftServerImpl.java:start(295)) - 46453c06-aa66-4ab8-8a2c-ab2255a053c6@group-14ED30695F7D: start as a follower, conf=-1: [fe88e678-cae2-4575-8bb5-90c5b4ef55f6|rpc:172.17.0.2:43003|priority:0, 46453c06-aa66-4ab8-8a2c-ab2255a053c6|rpc:172.17.0.2:45889|priority:1, 66662ab8-1b94-466a-9131-2b6af2fadcad|rpc:172.17.0.2:46429|priority:0], old=null
2021-02-14 01:49:44,907 [pool-329-thread-1] INFO  server.RaftServer$Division (RaftServerImpl.java:setRole(284)) - 46453c06-aa66-4ab8-8a2c-ab2255a053c6@group-14ED30695F7D: changes role from      null to FOLLOWER at term 0 for startAsFollower
2021-02-14 01:49:44,907 [pool-329-thread-1] INFO  impl.RoleInfo (RoleInfo.java:updateAndGet(130)) - 46453c06-aa66-4ab8-8a2c-ab2255a053c6: start 46453c06-aa66-4ab8-8a2c-ab2255a053c6@group-14ED30695F7D-FollowerState
2021-02-14 01:49:44,908 [pool-329-thread-1] INFO  util.JmxRegister (JmxRegister.java:tryRegister(44)) - Successfully registered JMX Bean with object name Ratis:service=RaftServer,group=group-14ED30695F7D,id=46453c06-aa66-4ab8-8a2c-ab2255a053c6
2021-02-14 01:49:44,908 [pool-329-thread-1] INFO  metrics.RatisMetrics (RatisMetrics.java:lambda$create$0(36)) - Creating Metrics Registry : ratis.state_machine.46453c06-aa66-4ab8-8a2c-ab2255a053c6@group-14ED30695F7D
2021-02-14 01:49:44,909 [Command processor thread] INFO  metrics.RatisMetrics (RatisMetrics.java:lambda$create$0(36)) - Creating Metrics Registry : ratis.client_message_metrics.client-658B5F8D53C9->fe88e678-cae2-4575-8bb5-90c5b4ef55f6
2021-02-14 01:49:44,918 [grpc-default-executor-3] INFO  metrics.RatisMetrics (RatisMetrics.java:lambda$create$0(36)) - Creating Metrics Registry : ratis.server_message_metrics.fe88e678-cae2-4575-8bb5-90c5b4ef55f6
2021-02-14 01:49:44,929 [grpc-default-executor-3] INFO  server.RaftServer (RaftServerProxy.java:addNew(95)) - fe88e678-cae2-4575-8bb5-90c5b4ef55f6: addNew group-14ED30695F7D:[fe88e678-cae2-4575-8bb5-90c5b4ef55f6|rpc:172.17.0.2:43003|dataStream:|priority:0, 46453c06-aa66-4ab8-8a2c-ab2255a053c6|rpc:172.17.0.2:45889|dataStream:|priority:1, 66662ab8-1b94-466a-9131-2b6af2fadcad|rpc:172.17.0.2:46429|dataStream:|priority:0] returns group-14ED30695F7D:java.util.concurrent.CompletableFuture@678c6aec[Not completed]
2021-02-14 01:49:44,929 [pool-345-thread-1] INFO  server.RaftServer$Division (RaftServerImpl.java:<init>(180)) - fe88e678-cae2-4575-8bb5-90c5b4ef55f6: new RaftServerImpl for group-14ED30695F7D:[fe88e678-cae2-4575-8bb5-90c5b4ef55f6|rpc:172.17.0.2:43003|dataStream:|priority:0, 46453c06-aa66-4ab8-8a2c-ab2255a053c6|rpc:172.17.0.2:45889|dataStream:|priority:1, 66662ab8-1b94-466a-9131-2b6af2fadcad|rpc:172.17.0.2:46429|dataStream:|priority:0] with ContainerStateMachine:uninitialized
2021-02-14 01:49:44,930 [pool-345-thread-1] INFO  server.RaftServerConfigKeys (ConfUtils.java:logGet(44)) - raft.server.rpc.timeout.min = 5s (custom)
2021-02-14 01:49:44,930 [pool-345-thread-1] INFO  server.RaftServerConfigKeys (ConfUtils.java:logGet(44)) - raft.server.rpc.timeout.max = 5200ms (custom)
2021-02-14 01:49:44,930 [pool-345-thread-1] INFO  server.RaftServerConfigKeys (ConfUtils.java:logGet(44)) - raft.server.rpc.sleep.time = 25ms (default)
2021-02-14 01:49:44,930 [pool-345-thread-1] INFO  server.RaftServerConfigKeys (ConfUtils.java:logGet(44)) - raft.server.rpc.slowness.timeout = 300000ms (custom)
2021-02-14 01:49:44,930 [pool-345-thread-1] INFO  server.RaftServerConfigKeys (ConfUtils.java:logGet(44)) - raft.server.leaderelection.leader.step-down.wait-time = 10s (default)
2021-02-14 01:49:44,930 [pool-345-thread-1] INFO  server.RaftServerConfigKeys (ConfUtils.java:logGet(44)) - raft.server.sleep.deviation.threshold = 300ms (default)
2021-02-14 01:49:44,930 [pool-345-thread-1] INFO  server.RaftServerConfigKeys (ConfUtils.java:logGet(44)) - raft.server.log.appender.install.snapshot.enabled = false (custom)
2021-02-14 01:49:44,930 [pool-345-thread-1] INFO  server.RaftServer$Division (ServerState.java:<init>(105)) - fe88e678-cae2-4575-8bb5-90c5b4ef55f6@group-14ED30695F7D: ConfigurationManager, init=-1: [fe88e678-cae2-4575-8bb5-90c5b4ef55f6|rpc:172.17.0.2:43003|dataStream:|priority:0, 46453c06-aa66-4ab8-8a2c-ab2255a053c6|rpc:172.17.0.2:45889|dataStream:|priority:1, 66662ab8-1b94-466a-9131-2b6af2fadcad|rpc:172.17.0.2:46429|dataStream:|priority:0], old=null, confs=<EMPTY_MAP>
2021-02-14 01:49:44,931 [pool-345-thread-1] INFO  server.RaftServerConfigKeys (ConfUtils.java:logGet(44)) - raft.server.storage.dir = [/github/workspace/mnt/ozone/hadoop-ozone/integration-test/target/test-dir/MiniOzoneClusterImpl-b3eef9e8-6bea-4ca1-9f7b-091cac69c924/datanode-7/data/ratis] (custom)
2021-02-14 01:49:44,931 [pool-345-thread-1] INFO  server.RaftServerConfigKeys (ConfUtils.java:logGet(44)) - raft.server.log.corruption.policy = EXCEPTION (default)
2021-02-14 01:49:44,931 [pool-345-thread-1] INFO  storage.RaftStorageDirectory (RaftStorageDirectoryImpl.java:analyzeStorage(132)) - The storage directory /github/workspace/mnt/ozone/hadoop-ozone/integration-test/target/test-dir/MiniOzoneClusterImpl-b3eef9e8-6bea-4ca1-9f7b-091cac69c924/datanode-7/data/ratis/eaedb741-cb4a-4d2d-8b23-14ed30695f7d does not exist. Creating ...
2021-02-14 01:49:44,932 [pool-345-thread-1] INFO  storage.RaftStorageDirectory (RaftStorageDirectoryImpl.java:tryLock(215)) - Lock on /github/workspace/mnt/ozone/hadoop-ozone/integration-test/target/test-dir/MiniOzoneClusterImpl-b3eef9e8-6bea-4ca1-9f7b-091cac69c924/datanode-7/data/ratis/eaedb741-cb4a-4d2d-8b23-14ed30695f7d/in_use.lock acquired by nodename 25808@9cc4fcda0858
2021-02-14 01:49:44,933 [pool-345-thread-1] INFO  storage.RaftStorage (RaftStorageImpl.java:format(87)) - Storage directory /github/workspace/mnt/ozone/hadoop-ozone/integration-test/target/test-dir/MiniOzoneClusterImpl-b3eef9e8-6bea-4ca1-9f7b-091cac69c924/datanode-7/data/ratis/eaedb741-cb4a-4d2d-8b23-14ed30695f7d has been successfully formatted.
2021-02-14 01:49:44,934 [pool-345-thread-1] INFO  ratis.ContainerStateMachine (ContainerStateMachine.java:loadSnapshot(223)) - group-14ED30695F7D: The snapshot info is null. Setting the last applied indexto:(t:0, i:~)
2021-02-14 01:49:44,934 [pool-345-thread-1] ERROR storage.RaftStorage (RaftStorageImpl.java:readRaftConfiguration(147)) - Failed reading configuration from file:/github/workspace/mnt/ozone/hadoop-ozone/integration-test/target/test-dir/MiniOzoneClusterImpl-b3eef9e8-6bea-4ca1-9f7b-091cac69c924/datanode-7/data/ratis/eaedb741-cb4a-4d2d-8b23-14ed30695f7d/current/raft-meta.conf
java.io.FileNotFoundException: /github/workspace/mnt/ozone/hadoop-ozone/integration-test/target/test-dir/MiniOzoneClusterImpl-b3eef9e8-6bea-4ca1-9f7b-091cac69c924/datanode-7/data/ratis/eaedb741-cb4a-4d2d-8b23-14ed30695f7d/current/raft-meta.conf (No such file or directory)
	at java.io.FileInputStream.open0(Native Method)
	at java.io.FileInputStream.open(FileInputStream.java:195)
	at java.io.FileInputStream.<init>(FileInputStream.java:138)
	at org.apache.ratis.server.storage.RaftStorageImpl.readRaftConfiguration(RaftStorageImpl.java:143)
	at org.apache.ratis.server.impl.ServerState.<init>(ServerState.java:122)
	at org.apache.ratis.server.impl.RaftServerImpl.<init>(RaftServerImpl.java:193)
	at org.apache.ratis.server.impl.RaftServerProxy.lambda$newRaftServerImpl$4(RaftServerProxy.java:266)
	at java.util.concurrent.CompletableFuture$AsyncSupply.run(CompletableFuture.java:1604)
	at java.util.concurrent.ThreadPoolExecutor.runWorker(ThreadPoolExecutor.java:1149)
	at java.util.concurrent.ThreadPoolExecutor$Worker.run(ThreadPoolExecutor.java:624)
	at java.lang.Thread.run(Thread.java:748)
2021-02-14 01:49:44,934 [pool-345-thread-1] INFO  server.RaftServerConfigKeys (ConfUtils.java:logGet(44)) - raft.server.notification.no-leader.timeout = 300000ms (custom)
2021-02-14 01:49:44,935 [EventQueue-PipelineReportForOneReplicaPipelineSafeModeRule] INFO  safemode.SCMSafeModeManager (SCMSafeModeManager.java:validateSafeModeExitRules(214)) - AtleastOneDatanodeReportedRule rule is successfully validated
2021-02-14 01:49:44,935 [pool-345-thread-1] INFO  server.RaftServerConfigKeys (ConfUtils.java:logGet(44)) - raft.server.log.use.memory = false (default)
2021-02-14 01:49:44,935 [pool-345-thread-1] INFO  server.RaftServerConfigKeys (ConfUtils.java:logGet(44)) - raft.server.log.purge.gap = 1000000 (custom)
2021-02-14 01:49:44,935 [pool-345-thread-1] INFO  server.RaftServerConfigKeys (ConfUtils.java:logGet(44)) - raft.server.log.appender.buffer.byte-limit = 33554432 (custom)
2021-02-14 01:49:44,935 [pool-345-thread-1] INFO  metrics.RatisMetrics (RatisMetrics.java:lambda$create$0(36)) - Creating Metrics Registry : ratis.log_worker.fe88e678-cae2-4575-8bb5-90c5b4ef55f6@group-14ED30695F7D
2021-02-14 01:49:44,935 [pool-345-thread-1] INFO  server.RaftServerConfigKeys (ConfUtils.java:logGet(44)) - raft.server.log.segment.size.max = 1048576 (custom)
2021-02-14 01:49:44,936 [pool-345-thread-1] INFO  server.RaftServerConfigKeys (ConfUtils.java:logGet(44)) - raft.server.log.segment.cache.num.max = 2 (custom)
2021-02-14 01:49:44,936 [pool-345-thread-1] INFO  server.RaftServerConfigKeys (ConfUtils.java:logGet(44)) - raft.server.log.segment.cache.size.max = 200MB (=209715200) (default)
2021-02-14 01:49:44,936 [pool-345-thread-1] INFO  segmented.SegmentedRaftLogWorker (SegmentedRaftLogWorker.java:<init>(181)) - new fe88e678-cae2-4575-8bb5-90c5b4ef55f6@group-14ED30695F7D-SegmentedRaftLogWorker for RaftStorageImpl:Storage Directory /github/workspace/mnt/ozone/hadoop-ozone/integration-test/target/test-dir/MiniOzoneClusterImpl-b3eef9e8-6bea-4ca1-9f7b-091cac69c924/datanode-7/data/ratis/eaedb741-cb4a-4d2d-8b23-14ed30695f7d
2021-02-14 01:49:44,936 [pool-345-thread-1] INFO  server.RaftServerConfigKeys (ConfUtils.java:logGet(44)) - raft.server.log.queue.byte-limit = 2147483647 (custom)
2021-02-14 01:49:44,937 [pool-345-thread-1] INFO  server.RaftServerConfigKeys (ConfUtils.java:logGet(44)) - raft.server.log.queue.element-limit = 1024 (custom)
2021-02-14 01:49:44,937 [pool-345-thread-1] INFO  server.RaftServerConfigKeys (ConfUtils.java:logGet(44)) - raft.server.log.segment.size.max = 1048576 (custom)
2021-02-14 01:49:44,937 [pool-345-thread-1] INFO  server.RaftServerConfigKeys (ConfUtils.java:logGet(44)) - raft.server.log.preallocated.size = 16384 (custom)
2021-02-14 01:49:44,937 [pool-345-thread-1] INFO  server.RaftServerConfigKeys (ConfUtils.java:logGet(44)) - raft.server.log.force.sync.num = 128 (default)
2021-02-14 01:49:44,937 [pool-345-thread-1] INFO  server.RaftServerConfigKeys (ConfUtils.java:logGet(44)) - raft.server.log.statemachine.data.sync = true (default)
2021-02-14 01:49:44,937 [pool-345-thread-1] INFO  server.RaftServerConfigKeys (ConfUtils.java:logGet(44)) - raft.server.log.statemachine.data.sync.timeout = 10s (default)
2021-02-14 01:49:44,937 [pool-345-thread-1] INFO  server.RaftServerConfigKeys (ConfUtils.java:logGet(44)) - raft.server.log.statemachine.data.sync.timeout.retry = -1 (default)
2021-02-14 01:49:44,938 [pool-345-thread-1] INFO  server.RaftServerConfigKeys (ConfUtils.java:logGet(44)) - raft.server.log.write.buffer.size = 1048576 (custom)
2021-02-14 01:49:44,939 [pool-345-thread-1] INFO  server.RaftServerConfigKeys (ConfUtils.java:logGet(44)) - raft.server.log.statemachine.data.caching.enabled = true (custom)
2021-02-14 01:49:44,939 [pool-345-thread-1] INFO  segmented.SegmentedRaftLogWorker (SegmentedRaftLogWorker.java:lambda$new$0(132)) - fe88e678-cae2-4575-8bb5-90c5b4ef55f6@group-14ED30695F7D-SegmentedRaftLogWorker: flushIndex: setUnconditionally 0 -> -1
2021-02-14 01:49:44,939 [pool-345-thread-1] INFO  segmented.SegmentedRaftLogWorker (SegmentedRaftLogWorker.java:lambda$new$0(132)) - fe88e678-cae2-4575-8bb5-90c5b4ef55f6@group-14ED30695F7D-SegmentedRaftLogWorker: safeCacheEvictIndex: setUnconditionally 0 -> -1
2021-02-14 01:49:44,940 [pool-345-thread-1] INFO  server.RaftServerConfigKeys (ConfUtils.java:logGet(44)) - raft.server.snapshot.auto.trigger.enabled = true (custom)
2021-02-14 01:49:44,940 [pool-345-thread-1] INFO  server.RaftServerConfigKeys (ConfUtils.java:logGet(44)) - raft.server.snapshot.auto.trigger.threshold = 10000 (custom)
2021-02-14 01:49:44,940 [pool-345-thread-1] INFO  server.RaftServerConfigKeys (ConfUtils.java:logGet(44)) - raft.server.snapshot.retention.file.num = 5 (custom)
2021-02-14 01:49:44,940 [pool-345-thread-1] INFO  server.RaftServerConfigKeys (ConfUtils.java:logGet(44)) - raft.server.log.purge.upto.snapshot.index = false (default)
2021-02-14 01:49:44,940 [pool-345-thread-1] INFO  server.RaftServerConfigKeys (ConfUtils.java:logGet(44)) - raft.server.retrycache.expirytime = 600000ms (custom)
2021-02-14 01:49:44,941 [pool-345-thread-1] INFO  server.RaftServerConfigKeys (ConfUtils.java:logGet(44)) - raft.server.retrycache.statistics.expirytime = 100?s (default)
2021-02-14 01:49:44,941 [pool-345-thread-1] INFO  metrics.RatisMetrics (RatisMetrics.java:lambda$create$0(36)) - Creating Metrics Registry : ratis.leader_election.fe88e678-cae2-4575-8bb5-90c5b4ef55f6@group-14ED30695F7D
2021-02-14 01:49:44,941 [pool-345-thread-1] INFO  metrics.RatisMetrics (RatisMetrics.java:lambda$create$0(36)) - Creating Metrics Registry : ratis.server.fe88e678-cae2-4575-8bb5-90c5b4ef55f6@group-14ED30695F7D
2021-02-14 01:49:44,942 [pool-345-thread-1] INFO  server.RaftServer$Division (RaftServerImpl.java:start(295)) - fe88e678-cae2-4575-8bb5-90c5b4ef55f6@group-14ED30695F7D: start as a follower, conf=-1: [fe88e678-cae2-4575-8bb5-90c5b4ef55f6|rpc:172.17.0.2:43003|dataStream:|priority:0, 46453c06-aa66-4ab8-8a2c-ab2255a053c6|rpc:172.17.0.2:45889|dataStream:|priority:1, 66662ab8-1b94-466a-9131-2b6af2fadcad|rpc:172.17.0.2:46429|dataStream:|priority:0], old=null
2021-02-14 01:49:44,942 [pool-345-thread-1] INFO  server.RaftServer$Division (RaftServerImpl.java:setRole(284)) - fe88e678-cae2-4575-8bb5-90c5b4ef55f6@group-14ED30695F7D: changes role from      null to FOLLOWER at term 0 for startAsFollower
2021-02-14 01:49:44,942 [pool-345-thread-1] INFO  impl.RoleInfo (RoleInfo.java:updateAndGet(130)) - fe88e678-cae2-4575-8bb5-90c5b4ef55f6: start fe88e678-cae2-4575-8bb5-90c5b4ef55f6@group-14ED30695F7D-FollowerState
2021-02-14 01:49:44,942 [pool-345-thread-1] INFO  util.JmxRegister (JmxRegister.java:tryRegister(44)) - Successfully registered JMX Bean with object name Ratis:service=RaftServer,group=group-14ED30695F7D,id=fe88e678-cae2-4575-8bb5-90c5b4ef55f6
2021-02-14 01:49:44,942 [pool-345-thread-1] INFO  metrics.RatisMetrics (RatisMetrics.java:lambda$create$0(36)) - Creating Metrics Registry : ratis.state_machine.fe88e678-cae2-4575-8bb5-90c5b4ef55f6@group-14ED30695F7D
2021-02-14 01:49:44,947 [Command processor thread] INFO  metrics.RatisMetrics (RatisMetrics.java:lambda$create$0(36)) - Creating Metrics Registry : ratis.client_message_metrics.client-07A55D6A626C->66662ab8-1b94-466a-9131-2b6af2fadcad
2021-02-14 01:49:44,953 [grpc-default-executor-3] INFO  metrics.RatisMetrics (RatisMetrics.java:lambda$create$0(36)) - Creating Metrics Registry : ratis.server_message_metrics.66662ab8-1b94-466a-9131-2b6af2fadcad
2021-02-14 01:49:44,960 [grpc-default-executor-3] INFO  server.RaftServer (RaftServerProxy.java:addNew(95)) - 66662ab8-1b94-466a-9131-2b6af2fadcad: addNew group-14ED30695F7D:[fe88e678-cae2-4575-8bb5-90c5b4ef55f6|rpc:172.17.0.2:43003|dataStream:|priority:0, 46453c06-aa66-4ab8-8a2c-ab2255a053c6|rpc:172.17.0.2:45889|dataStream:|priority:1, 66662ab8-1b94-466a-9131-2b6af2fadcad|rpc:172.17.0.2:46429|dataStream:|priority:0] returns group-14ED30695F7D:java.util.concurrent.CompletableFuture@382e145e[Not completed]
2021-02-14 01:49:44,961 [pool-361-thread-1] INFO  server.RaftServer$Division (RaftServerImpl.java:<init>(180)) - 66662ab8-1b94-466a-9131-2b6af2fadcad: new RaftServerImpl for group-14ED30695F7D:[fe88e678-cae2-4575-8bb5-90c5b4ef55f6|rpc:172.17.0.2:43003|dataStream:|priority:0, 46453c06-aa66-4ab8-8a2c-ab2255a053c6|rpc:172.17.0.2:45889|dataStream:|priority:1, 66662ab8-1b94-466a-9131-2b6af2fadcad|rpc:172.17.0.2:46429|dataStream:|priority:0] with ContainerStateMachine:uninitialized
2021-02-14 01:49:44,962 [pool-361-thread-1] INFO  server.RaftServerConfigKeys (ConfUtils.java:logGet(44)) - raft.server.rpc.timeout.min = 5s (custom)
2021-02-14 01:49:44,962 [pool-361-thread-1] INFO  server.RaftServerConfigKeys (ConfUtils.java:logGet(44)) - raft.server.rpc.timeout.max = 5200ms (custom)
2021-02-14 01:49:44,962 [pool-361-thread-1] INFO  server.RaftServerConfigKeys (ConfUtils.java:logGet(44)) - raft.server.rpc.sleep.time = 25ms (default)
2021-02-14 01:49:44,962 [pool-361-thread-1] INFO  server.RaftServerConfigKeys (ConfUtils.java:logGet(44)) - raft.server.rpc.slowness.timeout = 300000ms (custom)
2021-02-14 01:49:44,962 [pool-361-thread-1] INFO  server.RaftServerConfigKeys (ConfUtils.java:logGet(44)) - raft.server.leaderelection.leader.step-down.wait-time = 10s (default)
2021-02-14 01:49:44,962 [pool-361-thread-1] INFO  server.RaftServerConfigKeys (ConfUtils.java:logGet(44)) - raft.server.sleep.deviation.threshold = 300ms (default)
2021-02-14 01:49:44,962 [pool-361-thread-1] INFO  server.RaftServerConfigKeys (ConfUtils.java:logGet(44)) - raft.server.log.appender.install.snapshot.enabled = false (custom)
2021-02-14 01:49:44,962 [pool-361-thread-1] INFO  server.RaftServer$Division (ServerState.java:<init>(105)) - 66662ab8-1b94-466a-9131-2b6af2fadcad@group-14ED30695F7D: ConfigurationManager, init=-1: [fe88e678-cae2-4575-8bb5-90c5b4ef55f6|rpc:172.17.0.2:43003|dataStream:|priority:0, 46453c06-aa66-4ab8-8a2c-ab2255a053c6|rpc:172.17.0.2:45889|dataStream:|priority:1, 66662ab8-1b94-466a-9131-2b6af2fadcad|rpc:172.17.0.2:46429|dataStream:|priority:0], old=null, confs=<EMPTY_MAP>
2021-02-14 01:49:44,963 [pool-361-thread-1] INFO  server.RaftServerConfigKeys (ConfUtils.java:logGet(44)) - raft.server.storage.dir = [/github/workspace/mnt/ozone/hadoop-ozone/integration-test/target/test-dir/MiniOzoneClusterImpl-b3eef9e8-6bea-4ca1-9f7b-091cac69c924/datanode-8/data/ratis] (custom)
2021-02-14 01:49:44,963 [pool-361-thread-1] INFO  server.RaftServerConfigKeys (ConfUtils.java:logGet(44)) - raft.server.log.corruption.policy = EXCEPTION (default)
2021-02-14 01:49:44,963 [pool-361-thread-1] INFO  storage.RaftStorageDirectory (RaftStorageDirectoryImpl.java:analyzeStorage(132)) - The storage directory /github/workspace/mnt/ozone/hadoop-ozone/integration-test/target/test-dir/MiniOzoneClusterImpl-b3eef9e8-6bea-4ca1-9f7b-091cac69c924/datanode-8/data/ratis/eaedb741-cb4a-4d2d-8b23-14ed30695f7d does not exist. Creating ...
2021-02-14 01:49:44,964 [pool-361-thread-1] INFO  storage.RaftStorageDirectory (RaftStorageDirectoryImpl.java:tryLock(215)) - Lock on /github/workspace/mnt/ozone/hadoop-ozone/integration-test/target/test-dir/MiniOzoneClusterImpl-b3eef9e8-6bea-4ca1-9f7b-091cac69c924/datanode-8/data/ratis/eaedb741-cb4a-4d2d-8b23-14ed30695f7d/in_use.lock acquired by nodename 25808@9cc4fcda0858
2021-02-14 01:49:44,967 [pool-361-thread-1] INFO  storage.RaftStorage (RaftStorageImpl.java:format(87)) - Storage directory /github/workspace/mnt/ozone/hadoop-ozone/integration-test/target/test-dir/MiniOzoneClusterImpl-b3eef9e8-6bea-4ca1-9f7b-091cac69c924/datanode-8/data/ratis/eaedb741-cb4a-4d2d-8b23-14ed30695f7d has been successfully formatted.
2021-02-14 01:49:44,967 [pool-361-thread-1] INFO  ratis.ContainerStateMachine (ContainerStateMachine.java:loadSnapshot(223)) - group-14ED30695F7D: The snapshot info is null. Setting the last applied indexto:(t:0, i:~)
2021-02-14 01:49:44,967 [pool-361-thread-1] ERROR storage.RaftStorage (RaftStorageImpl.java:readRaftConfiguration(147)) - Failed reading configuration from file:/github/workspace/mnt/ozone/hadoop-ozone/integration-test/target/test-dir/MiniOzoneClusterImpl-b3eef9e8-6bea-4ca1-9f7b-091cac69c924/datanode-8/data/ratis/eaedb741-cb4a-4d2d-8b23-14ed30695f7d/current/raft-meta.conf
java.io.FileNotFoundException: /github/workspace/mnt/ozone/hadoop-ozone/integration-test/target/test-dir/MiniOzoneClusterImpl-b3eef9e8-6bea-4ca1-9f7b-091cac69c924/datanode-8/data/ratis/eaedb741-cb4a-4d2d-8b23-14ed30695f7d/current/raft-meta.conf (No such file or directory)
	at java.io.FileInputStream.open0(Native Method)
	at java.io.FileInputStream.open(FileInputStream.java:195)
	at java.io.FileInputStream.<init>(FileInputStream.java:138)
	at org.apache.ratis.server.storage.RaftStorageImpl.readRaftConfiguration(RaftStorageImpl.java:143)
	at org.apache.ratis.server.impl.ServerState.<init>(ServerState.java:122)
	at org.apache.ratis.server.impl.RaftServerImpl.<init>(RaftServerImpl.java:193)
	at org.apache.ratis.server.impl.RaftServerProxy.lambda$newRaftServerImpl$4(RaftServerProxy.java:266)
	at java.util.concurrent.CompletableFuture$AsyncSupply.run(CompletableFuture.java:1604)
	at java.util.concurrent.ThreadPoolExecutor.runWorker(ThreadPoolExecutor.java:1149)
	at java.util.concurrent.ThreadPoolExecutor$Worker.run(ThreadPoolExecutor.java:624)
	at java.lang.Thread.run(Thread.java:748)
2021-02-14 01:49:44,968 [EventQueue-PipelineReportForOneReplicaPipelineSafeModeRule] INFO  safemode.SCMSafeModeManager (SCMSafeModeManager.java:validateSafeModeExitRules(214)) - AtleastOneDatanodeReportedRule rule is successfully validated
2021-02-14 01:49:44,968 [pool-361-thread-1] INFO  server.RaftServerConfigKeys (ConfUtils.java:logGet(44)) - raft.server.notification.no-leader.timeout = 300000ms (custom)
2021-02-14 01:49:44,968 [pool-361-thread-1] INFO  server.RaftServerConfigKeys (ConfUtils.java:logGet(44)) - raft.server.log.use.memory = false (default)
2021-02-14 01:49:44,968 [pool-361-thread-1] INFO  server.RaftServerConfigKeys (ConfUtils.java:logGet(44)) - raft.server.log.purge.gap = 1000000 (custom)
2021-02-14 01:49:44,969 [pool-361-thread-1] INFO  server.RaftServerConfigKeys (ConfUtils.java:logGet(44)) - raft.server.log.appender.buffer.byte-limit = 33554432 (custom)
2021-02-14 01:49:44,969 [pool-361-thread-1] INFO  metrics.RatisMetrics (RatisMetrics.java:lambda$create$0(36)) - Creating Metrics Registry : ratis.log_worker.66662ab8-1b94-466a-9131-2b6af2fadcad@group-14ED30695F7D
2021-02-14 01:49:44,969 [pool-361-thread-1] INFO  server.RaftServerConfigKeys (ConfUtils.java:logGet(44)) - raft.server.log.segment.size.max = 1048576 (custom)
2021-02-14 01:49:44,970 [pool-361-thread-1] INFO  server.RaftServerConfigKeys (ConfUtils.java:logGet(44)) - raft.server.log.segment.cache.num.max = 2 (custom)
2021-02-14 01:49:44,970 [pool-361-thread-1] INFO  server.RaftServerConfigKeys (ConfUtils.java:logGet(44)) - raft.server.log.segment.cache.size.max = 200MB (=209715200) (default)
2021-02-14 01:49:44,970 [pool-361-thread-1] INFO  segmented.SegmentedRaftLogWorker (SegmentedRaftLogWorker.java:<init>(181)) - new 66662ab8-1b94-466a-9131-2b6af2fadcad@group-14ED30695F7D-SegmentedRaftLogWorker for RaftStorageImpl:Storage Directory /github/workspace/mnt/ozone/hadoop-ozone/integration-test/target/test-dir/MiniOzoneClusterImpl-b3eef9e8-6bea-4ca1-9f7b-091cac69c924/datanode-8/data/ratis/eaedb741-cb4a-4d2d-8b23-14ed30695f7d
2021-02-14 01:49:44,970 [pool-361-thread-1] INFO  server.RaftServerConfigKeys (ConfUtils.java:logGet(44)) - raft.server.log.queue.byte-limit = 2147483647 (custom)
2021-02-14 01:49:44,970 [pool-361-thread-1] INFO  server.RaftServerConfigKeys (ConfUtils.java:logGet(44)) - raft.server.log.queue.element-limit = 1024 (custom)
2021-02-14 01:49:44,970 [pool-361-thread-1] INFO  server.RaftServerConfigKeys (ConfUtils.java:logGet(44)) - raft.server.log.segment.size.max = 1048576 (custom)
2021-02-14 01:49:44,970 [pool-361-thread-1] INFO  server.RaftServerConfigKeys (ConfUtils.java:logGet(44)) - raft.server.log.preallocated.size = 16384 (custom)
2021-02-14 01:49:44,970 [pool-361-thread-1] INFO  server.RaftServerConfigKeys (ConfUtils.java:logGet(44)) - raft.server.log.force.sync.num = 128 (default)
2021-02-14 01:49:44,970 [pool-361-thread-1] INFO  server.RaftServerConfigKeys (ConfUtils.java:logGet(44)) - raft.server.log.statemachine.data.sync = true (default)
2021-02-14 01:49:44,970 [pool-361-thread-1] INFO  server.RaftServerConfigKeys (ConfUtils.java:logGet(44)) - raft.server.log.statemachine.data.sync.timeout = 10s (default)
2021-02-14 01:49:44,970 [pool-361-thread-1] INFO  server.RaftServerConfigKeys (ConfUtils.java:logGet(44)) - raft.server.log.statemachine.data.sync.timeout.retry = -1 (default)
2021-02-14 01:49:44,971 [pool-361-thread-1] INFO  server.RaftServerConfigKeys (ConfUtils.java:logGet(44)) - raft.server.log.write.buffer.size = 1048576 (custom)
2021-02-14 01:49:44,971 [pool-361-thread-1] INFO  server.RaftServerConfigKeys (ConfUtils.java:logGet(44)) - raft.server.log.statemachine.data.caching.enabled = true (custom)
2021-02-14 01:49:44,972 [pool-361-thread-1] INFO  segmented.SegmentedRaftLogWorker (SegmentedRaftLogWorker.java:lambda$new$0(132)) - 66662ab8-1b94-466a-9131-2b6af2fadcad@group-14ED30695F7D-SegmentedRaftLogWorker: flushIndex: setUnconditionally 0 -> -1
2021-02-14 01:49:44,972 [pool-361-thread-1] INFO  segmented.SegmentedRaftLogWorker (SegmentedRaftLogWorker.java:lambda$new$0(132)) - 66662ab8-1b94-466a-9131-2b6af2fadcad@group-14ED30695F7D-SegmentedRaftLogWorker: safeCacheEvictIndex: setUnconditionally 0 -> -1
2021-02-14 01:49:44,972 [pool-361-thread-1] INFO  server.RaftServerConfigKeys (ConfUtils.java:logGet(44)) - raft.server.snapshot.auto.trigger.enabled = true (custom)
2021-02-14 01:49:44,972 [pool-361-thread-1] INFO  server.RaftServerConfigKeys (ConfUtils.java:logGet(44)) - raft.server.snapshot.auto.trigger.threshold = 10000 (custom)
2021-02-14 01:49:44,972 [pool-361-thread-1] INFO  server.RaftServerConfigKeys (ConfUtils.java:logGet(44)) - raft.server.snapshot.retention.file.num = 5 (custom)
2021-02-14 01:49:44,972 [pool-361-thread-1] INFO  server.RaftServerConfigKeys (ConfUtils.java:logGet(44)) - raft.server.log.purge.upto.snapshot.index = false (default)
2021-02-14 01:49:44,972 [pool-361-thread-1] INFO  server.RaftServerConfigKeys (ConfUtils.java:logGet(44)) - raft.server.retrycache.expirytime = 600000ms (custom)
2021-02-14 01:49:44,972 [pool-361-thread-1] INFO  server.RaftServerConfigKeys (ConfUtils.java:logGet(44)) - raft.server.retrycache.statistics.expirytime = 100?s (default)
2021-02-14 01:49:44,972 [pool-361-thread-1] INFO  metrics.RatisMetrics (RatisMetrics.java:lambda$create$0(36)) - Creating Metrics Registry : ratis.leader_election.66662ab8-1b94-466a-9131-2b6af2fadcad@group-14ED30695F7D
2021-02-14 01:49:44,973 [pool-361-thread-1] INFO  metrics.RatisMetrics (RatisMetrics.java:lambda$create$0(36)) - Creating Metrics Registry : ratis.server.66662ab8-1b94-466a-9131-2b6af2fadcad@group-14ED30695F7D
2021-02-14 01:49:44,974 [pool-361-thread-1] INFO  server.RaftServer$Division (RaftServerImpl.java:start(295)) - 66662ab8-1b94-466a-9131-2b6af2fadcad@group-14ED30695F7D: start as a follower, conf=-1: [fe88e678-cae2-4575-8bb5-90c5b4ef55f6|rpc:172.17.0.2:43003|dataStream:|priority:0, 46453c06-aa66-4ab8-8a2c-ab2255a053c6|rpc:172.17.0.2:45889|dataStream:|priority:1, 66662ab8-1b94-466a-9131-2b6af2fadcad|rpc:172.17.0.2:46429|dataStream:|priority:0], old=null
2021-02-14 01:49:44,974 [pool-361-thread-1] INFO  server.RaftServer$Division (RaftServerImpl.java:setRole(284)) - 66662ab8-1b94-466a-9131-2b6af2fadcad@group-14ED30695F7D: changes role from      null to FOLLOWER at term 0 for startAsFollower
2021-02-14 01:49:44,974 [pool-361-thread-1] INFO  impl.RoleInfo (RoleInfo.java:updateAndGet(130)) - 66662ab8-1b94-466a-9131-2b6af2fadcad: start 66662ab8-1b94-466a-9131-2b6af2fadcad@group-14ED30695F7D-FollowerState
2021-02-14 01:49:44,974 [pool-361-thread-1] INFO  util.JmxRegister (JmxRegister.java:tryRegister(44)) - Successfully registered JMX Bean with object name Ratis:service=RaftServer,group=group-14ED30695F7D,id=66662ab8-1b94-466a-9131-2b6af2fadcad
2021-02-14 01:49:44,974 [pool-361-thread-1] INFO  metrics.RatisMetrics (RatisMetrics.java:lambda$create$0(36)) - Creating Metrics Registry : ratis.state_machine.66662ab8-1b94-466a-9131-2b6af2fadcad@group-14ED30695F7D
2021-02-14 01:49:44,981 [Command processor thread] INFO  commandhandler.CreatePipelineCommandHandler (CreatePipelineCommandHandler.java:handle(106)) - Created Pipeline RATIS THREE PipelineID=eaedb741-cb4a-4d2d-8b23-14ed30695f7d.
2021-02-14 01:49:45,123 [Command processor thread] INFO  server.RaftServer (RaftServerProxy.java:addNew(95)) - fe88e678-cae2-4575-8bb5-90c5b4ef55f6: addNew group-A859AEB29FAB:[fe88e678-cae2-4575-8bb5-90c5b4ef55f6|rpc:172.17.0.2:43003|priority:1] returns group-A859AEB29FAB:java.util.concurrent.CompletableFuture@43d3a48b[Not completed]
2021-02-14 01:49:45,123 [pool-345-thread-1] INFO  server.RaftServer$Division (RaftServerImpl.java:<init>(180)) - fe88e678-cae2-4575-8bb5-90c5b4ef55f6: new RaftServerImpl for group-A859AEB29FAB:[fe88e678-cae2-4575-8bb5-90c5b4ef55f6|rpc:172.17.0.2:43003|priority:1] with ContainerStateMachine:uninitialized
2021-02-14 01:49:45,124 [pool-345-thread-1] INFO  server.RaftServerConfigKeys (ConfUtils.java:logGet(44)) - raft.server.rpc.timeout.min = 5s (custom)
2021-02-14 01:49:45,124 [pool-345-thread-1] INFO  server.RaftServerConfigKeys (ConfUtils.java:logGet(44)) - raft.server.rpc.timeout.max = 5200ms (custom)
2021-02-14 01:49:45,124 [pool-345-thread-1] INFO  server.RaftServerConfigKeys (ConfUtils.java:logGet(44)) - raft.server.rpc.sleep.time = 25ms (default)
2021-02-14 01:49:45,124 [pool-345-thread-1] INFO  server.RaftServerConfigKeys (ConfUtils.java:logGet(44)) - raft.server.rpc.slowness.timeout = 300000ms (custom)
2021-02-14 01:49:45,124 [pool-345-thread-1] INFO  server.RaftServerConfigKeys (ConfUtils.java:logGet(44)) - raft.server.leaderelection.leader.step-down.wait-time = 10s (default)
2021-02-14 01:49:45,124 [pool-345-thread-1] INFO  server.RaftServerConfigKeys (ConfUtils.java:logGet(44)) - raft.server.sleep.deviation.threshold = 300ms (default)
2021-02-14 01:49:45,124 [pool-345-thread-1] INFO  server.RaftServerConfigKeys (ConfUtils.java:logGet(44)) - raft.server.log.appender.install.snapshot.enabled = false (custom)
2021-02-14 01:49:45,124 [pool-345-thread-1] INFO  server.RaftServer$Division (ServerState.java:<init>(105)) - fe88e678-cae2-4575-8bb5-90c5b4ef55f6@group-A859AEB29FAB: ConfigurationManager, init=-1: [fe88e678-cae2-4575-8bb5-90c5b4ef55f6|rpc:172.17.0.2:43003|priority:1], old=null, confs=<EMPTY_MAP>
2021-02-14 01:49:45,124 [pool-345-thread-1] INFO  server.RaftServerConfigKeys (ConfUtils.java:logGet(44)) - raft.server.storage.dir = [/github/workspace/mnt/ozone/hadoop-ozone/integration-test/target/test-dir/MiniOzoneClusterImpl-b3eef9e8-6bea-4ca1-9f7b-091cac69c924/datanode-7/data/ratis] (custom)
2021-02-14 01:49:45,124 [pool-345-thread-1] INFO  server.RaftServerConfigKeys (ConfUtils.java:logGet(44)) - raft.server.log.corruption.policy = EXCEPTION (default)
2021-02-14 01:49:45,125 [pool-345-thread-1] INFO  storage.RaftStorageDirectory (RaftStorageDirectoryImpl.java:analyzeStorage(132)) - The storage directory /github/workspace/mnt/ozone/hadoop-ozone/integration-test/target/test-dir/MiniOzoneClusterImpl-b3eef9e8-6bea-4ca1-9f7b-091cac69c924/datanode-7/data/ratis/7b7b9b3c-1cf5-423c-a920-a859aeb29fab does not exist. Creating ...
2021-02-14 01:49:45,126 [pool-345-thread-1] INFO  storage.RaftStorageDirectory (RaftStorageDirectoryImpl.java:tryLock(215)) - Lock on /github/workspace/mnt/ozone/hadoop-ozone/integration-test/target/test-dir/MiniOzoneClusterImpl-b3eef9e8-6bea-4ca1-9f7b-091cac69c924/datanode-7/data/ratis/7b7b9b3c-1cf5-423c-a920-a859aeb29fab/in_use.lock acquired by nodename 25808@9cc4fcda0858
2021-02-14 01:49:45,128 [pool-345-thread-1] INFO  storage.RaftStorage (RaftStorageImpl.java:format(87)) - Storage directory /github/workspace/mnt/ozone/hadoop-ozone/integration-test/target/test-dir/MiniOzoneClusterImpl-b3eef9e8-6bea-4ca1-9f7b-091cac69c924/datanode-7/data/ratis/7b7b9b3c-1cf5-423c-a920-a859aeb29fab has been successfully formatted.
2021-02-14 01:49:45,128 [pool-345-thread-1] INFO  ratis.ContainerStateMachine (ContainerStateMachine.java:loadSnapshot(223)) - group-A859AEB29FAB: The snapshot info is null. Setting the last applied indexto:(t:0, i:~)
2021-02-14 01:49:45,129 [pool-345-thread-1] ERROR storage.RaftStorage (RaftStorageImpl.java:readRaftConfiguration(147)) - Failed reading configuration from file:/github/workspace/mnt/ozone/hadoop-ozone/integration-test/target/test-dir/MiniOzoneClusterImpl-b3eef9e8-6bea-4ca1-9f7b-091cac69c924/datanode-7/data/ratis/7b7b9b3c-1cf5-423c-a920-a859aeb29fab/current/raft-meta.conf
java.io.FileNotFoundException: /github/workspace/mnt/ozone/hadoop-ozone/integration-test/target/test-dir/MiniOzoneClusterImpl-b3eef9e8-6bea-4ca1-9f7b-091cac69c924/datanode-7/data/ratis/7b7b9b3c-1cf5-423c-a920-a859aeb29fab/current/raft-meta.conf (No such file or directory)
	at java.io.FileInputStream.open0(Native Method)
	at java.io.FileInputStream.open(FileInputStream.java:195)
	at java.io.FileInputStream.<init>(FileInputStream.java:138)
	at org.apache.ratis.server.storage.RaftStorageImpl.readRaftConfiguration(RaftStorageImpl.java:143)
	at org.apache.ratis.server.impl.ServerState.<init>(ServerState.java:122)
	at org.apache.ratis.server.impl.RaftServerImpl.<init>(RaftServerImpl.java:193)
	at org.apache.ratis.server.impl.RaftServerProxy.lambda$newRaftServerImpl$4(RaftServerProxy.java:266)
	at java.util.concurrent.CompletableFuture$AsyncSupply.run(CompletableFuture.java:1604)
	at java.util.concurrent.ThreadPoolExecutor.runWorker(ThreadPoolExecutor.java:1149)
	at java.util.concurrent.ThreadPoolExecutor$Worker.run(ThreadPoolExecutor.java:624)
	at java.lang.Thread.run(Thread.java:748)
2021-02-14 01:49:45,129 [pool-345-thread-1] INFO  server.RaftServerConfigKeys (ConfUtils.java:logGet(44)) - raft.server.notification.no-leader.timeout = 300000ms (custom)
2021-02-14 01:49:45,129 [pool-345-thread-1] INFO  server.RaftServerConfigKeys (ConfUtils.java:logGet(44)) - raft.server.log.use.memory = false (default)
2021-02-14 01:49:45,129 [pool-345-thread-1] INFO  server.RaftServerConfigKeys (ConfUtils.java:logGet(44)) - raft.server.log.purge.gap = 1000000 (custom)
2021-02-14 01:49:45,129 [EventQueue-PipelineReportForOneReplicaPipelineSafeModeRule] INFO  safemode.SCMSafeModeManager (SCMSafeModeManager.java:validateSafeModeExitRules(214)) - AtleastOneDatanodeReportedRule rule is successfully validated
2021-02-14 01:49:45,129 [EventQueue-PipelineReportForPipelineReportHandler] INFO  pipeline.PipelineStateManager (PipelineStateManager.java:openPipeline(132)) - Pipeline Pipeline[ Id: 7b7b9b3c-1cf5-423c-a920-a859aeb29fab, Nodes: fe88e678-cae2-4575-8bb5-90c5b4ef55f6{ip: 172.17.0.2, host: 9cc4fcda0858, ports: [REPLICATION=35873, RATIS=43003, RATIS_ADMIN=43003, RATIS_SERVER=43003, STANDALONE=41657], networkLocation: /default-rack, certSerialId: null, persistedOpState: IN_SERVICE, persistedOpStateExpiryEpochSec: 0}, Type:RATIS, Factor:ONE, State:ALLOCATED, leaderId:fe88e678-cae2-4575-8bb5-90c5b4ef55f6, CreationTimestamp2021-02-14T01:49:42.124Z] moved to OPEN state
2021-02-14 01:49:45,130 [EventQueue-OpenPipelineForHealthyPipelineSafeModeRule] INFO  safemode.SCMSafeModeManager (HealthyPipelineSafeModeRule.java:process(128)) - SCM in safe mode. Healthy pipelines reported count is 0, required healthy pipeline reported count is 1
2021-02-14 01:49:45,130 [pool-345-thread-1] INFO  server.RaftServerConfigKeys (ConfUtils.java:logGet(44)) - raft.server.log.appender.buffer.byte-limit = 33554432 (custom)
2021-02-14 01:49:45,130 [pool-345-thread-1] INFO  metrics.RatisMetrics (RatisMetrics.java:lambda$create$0(36)) - Creating Metrics Registry : ratis.log_worker.fe88e678-cae2-4575-8bb5-90c5b4ef55f6@group-A859AEB29FAB
2021-02-14 01:49:45,130 [pool-345-thread-1] INFO  server.RaftServerConfigKeys (ConfUtils.java:logGet(44)) - raft.server.log.segment.size.max = 1048576 (custom)
2021-02-14 01:49:45,131 [pool-345-thread-1] INFO  server.RaftServerConfigKeys (ConfUtils.java:logGet(44)) - raft.server.log.segment.cache.num.max = 2 (custom)
2021-02-14 01:49:45,131 [pool-345-thread-1] INFO  server.RaftServerConfigKeys (ConfUtils.java:logGet(44)) - raft.server.log.segment.cache.size.max = 200MB (=209715200) (default)
2021-02-14 01:49:45,131 [pool-345-thread-1] INFO  segmented.SegmentedRaftLogWorker (SegmentedRaftLogWorker.java:<init>(181)) - new fe88e678-cae2-4575-8bb5-90c5b4ef55f6@group-A859AEB29FAB-SegmentedRaftLogWorker for RaftStorageImpl:Storage Directory /github/workspace/mnt/ozone/hadoop-ozone/integration-test/target/test-dir/MiniOzoneClusterImpl-b3eef9e8-6bea-4ca1-9f7b-091cac69c924/datanode-7/data/ratis/7b7b9b3c-1cf5-423c-a920-a859aeb29fab
2021-02-14 01:49:45,131 [pool-345-thread-1] INFO  server.RaftServerConfigKeys (ConfUtils.java:logGet(44)) - raft.server.log.queue.byte-limit = 2147483647 (custom)
2021-02-14 01:49:45,131 [pool-345-thread-1] INFO  server.RaftServerConfigKeys (ConfUtils.java:logGet(44)) - raft.server.log.queue.element-limit = 1024 (custom)
2021-02-14 01:49:45,131 [pool-345-thread-1] INFO  server.RaftServerConfigKeys (ConfUtils.java:logGet(44)) - raft.server.log.segment.size.max = 1048576 (custom)
2021-02-14 01:49:45,131 [pool-345-thread-1] INFO  server.RaftServerConfigKeys (ConfUtils.java:logGet(44)) - raft.server.log.preallocated.size = 16384 (custom)
2021-02-14 01:49:45,131 [pool-345-thread-1] INFO  server.RaftServerConfigKeys (ConfUtils.java:logGet(44)) - raft.server.log.force.sync.num = 128 (default)
2021-02-14 01:49:45,131 [pool-345-thread-1] INFO  server.RaftServerConfigKeys (ConfUtils.java:logGet(44)) - raft.server.log.statemachine.data.sync = true (default)
2021-02-14 01:49:45,132 [pool-345-thread-1] INFO  server.RaftServerConfigKeys (ConfUtils.java:logGet(44)) - raft.server.log.statemachine.data.sync.timeout = 10s (default)
2021-02-14 01:49:45,132 [pool-345-thread-1] INFO  server.RaftServerConfigKeys (ConfUtils.java:logGet(44)) - raft.server.log.statemachine.data.sync.timeout.retry = -1 (default)
2021-02-14 01:49:45,133 [pool-345-thread-1] INFO  server.RaftServerConfigKeys (ConfUtils.java:logGet(44)) - raft.server.log.write.buffer.size = 1048576 (custom)
2021-02-14 01:49:45,133 [pool-345-thread-1] INFO  server.RaftServerConfigKeys (ConfUtils.java:logGet(44)) - raft.server.log.statemachine.data.caching.enabled = true (custom)
2021-02-14 01:49:45,134 [pool-345-thread-1] INFO  segmented.SegmentedRaftLogWorker (SegmentedRaftLogWorker.java:lambda$new$0(132)) - fe88e678-cae2-4575-8bb5-90c5b4ef55f6@group-A859AEB29FAB-SegmentedRaftLogWorker: flushIndex: setUnconditionally 0 -> -1
2021-02-14 01:49:45,134 [pool-345-thread-1] INFO  segmented.SegmentedRaftLogWorker (SegmentedRaftLogWorker.java:lambda$new$0(132)) - fe88e678-cae2-4575-8bb5-90c5b4ef55f6@group-A859AEB29FAB-SegmentedRaftLogWorker: safeCacheEvictIndex: setUnconditionally 0 -> -1
2021-02-14 01:49:45,134 [pool-345-thread-1] INFO  server.RaftServerConfigKeys (ConfUtils.java:logGet(44)) - raft.server.snapshot.auto.trigger.enabled = true (custom)
2021-02-14 01:49:45,134 [pool-345-thread-1] INFO  server.RaftServerConfigKeys (ConfUtils.java:logGet(44)) - raft.server.snapshot.auto.trigger.threshold = 10000 (custom)
2021-02-14 01:49:45,134 [pool-345-thread-1] INFO  server.RaftServerConfigKeys (ConfUtils.java:logGet(44)) - raft.server.snapshot.retention.file.num = 5 (custom)
2021-02-14 01:49:45,134 [pool-345-thread-1] INFO  server.RaftServerConfigKeys (ConfUtils.java:logGet(44)) - raft.server.log.purge.upto.snapshot.index = false (default)
2021-02-14 01:49:45,134 [pool-345-thread-1] INFO  server.RaftServerConfigKeys (ConfUtils.java:logGet(44)) - raft.server.retrycache.expirytime = 600000ms (custom)
2021-02-14 01:49:45,134 [pool-345-thread-1] INFO  server.RaftServerConfigKeys (ConfUtils.java:logGet(44)) - raft.server.retrycache.statistics.expirytime = 100?s (default)
2021-02-14 01:49:45,134 [pool-345-thread-1] INFO  metrics.RatisMetrics (RatisMetrics.java:lambda$create$0(36)) - Creating Metrics Registry : ratis.leader_election.fe88e678-cae2-4575-8bb5-90c5b4ef55f6@group-A859AEB29FAB
2021-02-14 01:49:45,135 [pool-345-thread-1] INFO  metrics.RatisMetrics (RatisMetrics.java:lambda$create$0(36)) - Creating Metrics Registry : ratis.server.fe88e678-cae2-4575-8bb5-90c5b4ef55f6@group-A859AEB29FAB
2021-02-14 01:49:45,136 [pool-345-thread-1] INFO  server.RaftServer$Division (RaftServerImpl.java:start(295)) - fe88e678-cae2-4575-8bb5-90c5b4ef55f6@group-A859AEB29FAB: start as a follower, conf=-1: [fe88e678-cae2-4575-8bb5-90c5b4ef55f6|rpc:172.17.0.2:43003|priority:1], old=null
2021-02-14 01:49:45,136 [pool-345-thread-1] INFO  server.RaftServer$Division (RaftServerImpl.java:setRole(284)) - fe88e678-cae2-4575-8bb5-90c5b4ef55f6@group-A859AEB29FAB: changes role from      null to FOLLOWER at term 0 for startAsFollower
2021-02-14 01:49:45,136 [pool-345-thread-1] INFO  impl.RoleInfo (RoleInfo.java:updateAndGet(130)) - fe88e678-cae2-4575-8bb5-90c5b4ef55f6: start fe88e678-cae2-4575-8bb5-90c5b4ef55f6@group-A859AEB29FAB-FollowerState
2021-02-14 01:49:45,137 [pool-345-thread-1] INFO  util.JmxRegister (JmxRegister.java:tryRegister(44)) - Successfully registered JMX Bean with object name Ratis:service=RaftServer,group=group-A859AEB29FAB,id=fe88e678-cae2-4575-8bb5-90c5b4ef55f6
2021-02-14 01:49:45,137 [pool-345-thread-1] INFO  metrics.RatisMetrics (RatisMetrics.java:lambda$create$0(36)) - Creating Metrics Registry : ratis.state_machine.fe88e678-cae2-4575-8bb5-90c5b4ef55f6@group-A859AEB29FAB
2021-02-14 01:49:45,137 [Command processor thread] INFO  commandhandler.CreatePipelineCommandHandler (CreatePipelineCommandHandler.java:handle(106)) - Created Pipeline RATIS ONE PipelineID=7b7b9b3c-1cf5-423c-a920-a859aeb29fab.
2021-02-14 01:49:45,236 [EventQueue-PipelineReportForOneReplicaPipelineSafeModeRule] INFO  safemode.SCMSafeModeManager (SCMSafeModeManager.java:validateSafeModeExitRules(214)) - AtleastOneDatanodeReportedRule rule is successfully validated
2021-02-14 01:49:45,236 [EventQueue-OpenPipelineForHealthyPipelineSafeModeRule] INFO  safemode.SCMSafeModeManager (HealthyPipelineSafeModeRule.java:process(128)) - SCM in safe mode. Healthy pipelines reported count is 0, required healthy pipeline reported count is 1
2021-02-14 01:49:45,310 [Listener at 127.0.0.1/42551] INFO  ozone.MiniOzoneClusterImpl (MiniOzoneClusterImpl.java:lambda$waitForClusterToBeReady$0(187)) - Nodes are ready. Got 9 of 9 DN Heartbeats.
2021-02-14 01:49:45,310 [Listener at 127.0.0.1/42551] INFO  ozone.MiniOzoneClusterImpl (MiniOzoneClusterImpl.java:lambda$waitForClusterToBeReady$0(190)) - Waiting for cluster to exit safe mode
2021-02-14 01:49:45,317 [Command processor thread] INFO  server.RaftServer (RaftServerProxy.java:addNew(95)) - 66662ab8-1b94-466a-9131-2b6af2fadcad: addNew group-6AD96DC41103:[66662ab8-1b94-466a-9131-2b6af2fadcad|rpc:172.17.0.2:46429|priority:1] returns group-6AD96DC41103:java.util.concurrent.CompletableFuture@3974ec6f[Not completed]
2021-02-14 01:49:45,318 [pool-361-thread-1] INFO  server.RaftServer$Division (RaftServerImpl.java:<init>(180)) - 66662ab8-1b94-466a-9131-2b6af2fadcad: new RaftServerImpl for group-6AD96DC41103:[66662ab8-1b94-466a-9131-2b6af2fadcad|rpc:172.17.0.2:46429|priority:1] with ContainerStateMachine:uninitialized
2021-02-14 01:49:45,318 [pool-361-thread-1] INFO  server.RaftServerConfigKeys (ConfUtils.java:logGet(44)) - raft.server.rpc.timeout.min = 5s (custom)
2021-02-14 01:49:45,318 [pool-361-thread-1] INFO  server.RaftServerConfigKeys (ConfUtils.java:logGet(44)) - raft.server.rpc.timeout.max = 5200ms (custom)
2021-02-14 01:49:45,318 [pool-361-thread-1] INFO  server.RaftServerConfigKeys (ConfUtils.java:logGet(44)) - raft.server.rpc.sleep.time = 25ms (default)
2021-02-14 01:49:45,318 [pool-361-thread-1] INFO  server.RaftServerConfigKeys (ConfUtils.java:logGet(44)) - raft.server.rpc.slowness.timeout = 300000ms (custom)
2021-02-14 01:49:45,318 [pool-361-thread-1] INFO  server.RaftServerConfigKeys (ConfUtils.java:logGet(44)) - raft.server.leaderelection.leader.step-down.wait-time = 10s (default)
2021-02-14 01:49:45,318 [pool-361-thread-1] INFO  server.RaftServerConfigKeys (ConfUtils.java:logGet(44)) - raft.server.sleep.deviation.threshold = 300ms (default)
2021-02-14 01:49:45,318 [pool-361-thread-1] INFO  server.RaftServerConfigKeys (ConfUtils.java:logGet(44)) - raft.server.log.appender.install.snapshot.enabled = false (custom)
2021-02-14 01:49:45,318 [pool-361-thread-1] INFO  server.RaftServer$Division (ServerState.java:<init>(105)) - 66662ab8-1b94-466a-9131-2b6af2fadcad@group-6AD96DC41103: ConfigurationManager, init=-1: [66662ab8-1b94-466a-9131-2b6af2fadcad|rpc:172.17.0.2:46429|priority:1], old=null, confs=<EMPTY_MAP>
2021-02-14 01:49:45,318 [pool-361-thread-1] INFO  server.RaftServerConfigKeys (ConfUtils.java:logGet(44)) - raft.server.storage.dir = [/github/workspace/mnt/ozone/hadoop-ozone/integration-test/target/test-dir/MiniOzoneClusterImpl-b3eef9e8-6bea-4ca1-9f7b-091cac69c924/datanode-8/data/ratis] (custom)
2021-02-14 01:49:45,319 [pool-361-thread-1] INFO  server.RaftServerConfigKeys (ConfUtils.java:logGet(44)) - raft.server.log.corruption.policy = EXCEPTION (default)
2021-02-14 01:49:45,319 [pool-361-thread-1] INFO  storage.RaftStorageDirectory (RaftStorageDirectoryImpl.java:analyzeStorage(132)) - The storage directory /github/workspace/mnt/ozone/hadoop-ozone/integration-test/target/test-dir/MiniOzoneClusterImpl-b3eef9e8-6bea-4ca1-9f7b-091cac69c924/datanode-8/data/ratis/46603de1-c73c-4eae-85c9-6ad96dc41103 does not exist. Creating ...
2021-02-14 01:49:45,320 [pool-361-thread-1] INFO  storage.RaftStorageDirectory (RaftStorageDirectoryImpl.java:tryLock(215)) - Lock on /github/workspace/mnt/ozone/hadoop-ozone/integration-test/target/test-dir/MiniOzoneClusterImpl-b3eef9e8-6bea-4ca1-9f7b-091cac69c924/datanode-8/data/ratis/46603de1-c73c-4eae-85c9-6ad96dc41103/in_use.lock acquired by nodename 25808@9cc4fcda0858
2021-02-14 01:49:45,321 [pool-361-thread-1] INFO  storage.RaftStorage (RaftStorageImpl.java:format(87)) - Storage directory /github/workspace/mnt/ozone/hadoop-ozone/integration-test/target/test-dir/MiniOzoneClusterImpl-b3eef9e8-6bea-4ca1-9f7b-091cac69c924/datanode-8/data/ratis/46603de1-c73c-4eae-85c9-6ad96dc41103 has been successfully formatted.
2021-02-14 01:49:45,321 [pool-361-thread-1] INFO  ratis.ContainerStateMachine (ContainerStateMachine.java:loadSnapshot(223)) - group-6AD96DC41103: The snapshot info is null. Setting the last applied indexto:(t:0, i:~)
2021-02-14 01:49:45,322 [pool-361-thread-1] ERROR storage.RaftStorage (RaftStorageImpl.java:readRaftConfiguration(147)) - Failed reading configuration from file:/github/workspace/mnt/ozone/hadoop-ozone/integration-test/target/test-dir/MiniOzoneClusterImpl-b3eef9e8-6bea-4ca1-9f7b-091cac69c924/datanode-8/data/ratis/46603de1-c73c-4eae-85c9-6ad96dc41103/current/raft-meta.conf
java.io.FileNotFoundException: /github/workspace/mnt/ozone/hadoop-ozone/integration-test/target/test-dir/MiniOzoneClusterImpl-b3eef9e8-6bea-4ca1-9f7b-091cac69c924/datanode-8/data/ratis/46603de1-c73c-4eae-85c9-6ad96dc41103/current/raft-meta.conf (No such file or directory)
	at java.io.FileInputStream.open0(Native Method)
	at java.io.FileInputStream.open(FileInputStream.java:195)
	at java.io.FileInputStream.<init>(FileInputStream.java:138)
	at org.apache.ratis.server.storage.RaftStorageImpl.readRaftConfiguration(RaftStorageImpl.java:143)
	at org.apache.ratis.server.impl.ServerState.<init>(ServerState.java:122)
	at org.apache.ratis.server.impl.RaftServerImpl.<init>(RaftServerImpl.java:193)
	at org.apache.ratis.server.impl.RaftServerProxy.lambda$newRaftServerImpl$4(RaftServerProxy.java:266)
	at java.util.concurrent.CompletableFuture$AsyncSupply.run(CompletableFuture.java:1604)
	at java.util.concurrent.ThreadPoolExecutor.runWorker(ThreadPoolExecutor.java:1149)
	at java.util.concurrent.ThreadPoolExecutor$Worker.run(ThreadPoolExecutor.java:624)
	at java.lang.Thread.run(Thread.java:748)
2021-02-14 01:49:45,323 [EventQueue-PipelineReportForPipelineReportHandler] INFO  pipeline.PipelineStateManager (PipelineStateManager.java:openPipeline(132)) - Pipeline Pipeline[ Id: 46603de1-c73c-4eae-85c9-6ad96dc41103, Nodes: 66662ab8-1b94-466a-9131-2b6af2fadcad{ip: 172.17.0.2, host: 9cc4fcda0858, ports: [REPLICATION=34581, RATIS=46429, RATIS_ADMIN=46429, RATIS_SERVER=46429, STANDALONE=38827], networkLocation: /default-rack, certSerialId: null, persistedOpState: IN_SERVICE, persistedOpStateExpiryEpochSec: 0}, Type:RATIS, Factor:ONE, State:ALLOCATED, leaderId:66662ab8-1b94-466a-9131-2b6af2fadcad, CreationTimestamp2021-02-14T01:49:42.320Z] moved to OPEN state
2021-02-14 01:49:45,323 [EventQueue-OpenPipelineForHealthyPipelineSafeModeRule] INFO  safemode.SCMSafeModeManager (HealthyPipelineSafeModeRule.java:process(128)) - SCM in safe mode. Healthy pipelines reported count is 0, required healthy pipeline reported count is 1
2021-02-14 01:49:45,322 [EventQueue-PipelineReportForOneReplicaPipelineSafeModeRule] INFO  safemode.SCMSafeModeManager (SCMSafeModeManager.java:validateSafeModeExitRules(214)) - AtleastOneDatanodeReportedRule rule is successfully validated
2021-02-14 01:49:45,323 [pool-361-thread-1] INFO  server.RaftServerConfigKeys (ConfUtils.java:logGet(44)) - raft.server.notification.no-leader.timeout = 300000ms (custom)
2021-02-14 01:49:45,324 [pool-361-thread-1] INFO  server.RaftServerConfigKeys (ConfUtils.java:logGet(44)) - raft.server.log.use.memory = false (default)
2021-02-14 01:49:45,324 [pool-361-thread-1] INFO  server.RaftServerConfigKeys (ConfUtils.java:logGet(44)) - raft.server.log.purge.gap = 1000000 (custom)
2021-02-14 01:49:45,324 [pool-361-thread-1] INFO  server.RaftServerConfigKeys (ConfUtils.java:logGet(44)) - raft.server.log.appender.buffer.byte-limit = 33554432 (custom)
2021-02-14 01:49:45,324 [pool-361-thread-1] INFO  metrics.RatisMetrics (RatisMetrics.java:lambda$create$0(36)) - Creating Metrics Registry : ratis.log_worker.66662ab8-1b94-466a-9131-2b6af2fadcad@group-6AD96DC41103
2021-02-14 01:49:45,324 [pool-361-thread-1] INFO  server.RaftServerConfigKeys (ConfUtils.java:logGet(44)) - raft.server.log.segment.size.max = 1048576 (custom)
2021-02-14 01:49:45,325 [pool-361-thread-1] INFO  server.RaftServerConfigKeys (ConfUtils.java:logGet(44)) - raft.server.log.segment.cache.num.max = 2 (custom)
2021-02-14 01:49:45,325 [pool-361-thread-1] INFO  server.RaftServerConfigKeys (ConfUtils.java:logGet(44)) - raft.server.log.segment.cache.size.max = 200MB (=209715200) (default)
2021-02-14 01:49:45,325 [pool-361-thread-1] INFO  segmented.SegmentedRaftLogWorker (SegmentedRaftLogWorker.java:<init>(181)) - new 66662ab8-1b94-466a-9131-2b6af2fadcad@group-6AD96DC41103-SegmentedRaftLogWorker for RaftStorageImpl:Storage Directory /github/workspace/mnt/ozone/hadoop-ozone/integration-test/target/test-dir/MiniOzoneClusterImpl-b3eef9e8-6bea-4ca1-9f7b-091cac69c924/datanode-8/data/ratis/46603de1-c73c-4eae-85c9-6ad96dc41103
2021-02-14 01:49:45,325 [pool-361-thread-1] INFO  server.RaftServerConfigKeys (ConfUtils.java:logGet(44)) - raft.server.log.queue.byte-limit = 2147483647 (custom)
2021-02-14 01:49:45,325 [pool-361-thread-1] INFO  server.RaftServerConfigKeys (ConfUtils.java:logGet(44)) - raft.server.log.queue.element-limit = 1024 (custom)
2021-02-14 01:49:45,325 [pool-361-thread-1] INFO  server.RaftServerConfigKeys (ConfUtils.java:logGet(44)) - raft.server.log.segment.size.max = 1048576 (custom)
2021-02-14 01:49:45,325 [pool-361-thread-1] INFO  server.RaftServerConfigKeys (ConfUtils.java:logGet(44)) - raft.server.log.preallocated.size = 16384 (custom)
2021-02-14 01:49:45,325 [pool-361-thread-1] INFO  server.RaftServerConfigKeys (ConfUtils.java:logGet(44)) - raft.server.log.force.sync.num = 128 (default)
2021-02-14 01:49:45,325 [pool-361-thread-1] INFO  server.RaftServerConfigKeys (ConfUtils.java:logGet(44)) - raft.server.log.statemachine.data.sync = true (default)
2021-02-14 01:49:45,325 [pool-361-thread-1] INFO  server.RaftServerConfigKeys (ConfUtils.java:logGet(44)) - raft.server.log.statemachine.data.sync.timeout = 10s (default)
2021-02-14 01:49:45,325 [pool-361-thread-1] INFO  server.RaftServerConfigKeys (ConfUtils.java:logGet(44)) - raft.server.log.statemachine.data.sync.timeout.retry = -1 (default)
2021-02-14 01:49:45,326 [pool-361-thread-1] INFO  server.RaftServerConfigKeys (ConfUtils.java:logGet(44)) - raft.server.log.write.buffer.size = 1048576 (custom)
2021-02-14 01:49:45,327 [pool-361-thread-1] INFO  server.RaftServerConfigKeys (ConfUtils.java:logGet(44)) - raft.server.log.statemachine.data.caching.enabled = true (custom)
2021-02-14 01:49:45,327 [pool-361-thread-1] INFO  segmented.SegmentedRaftLogWorker (SegmentedRaftLogWorker.java:lambda$new$0(132)) - 66662ab8-1b94-466a-9131-2b6af2fadcad@group-6AD96DC41103-SegmentedRaftLogWorker: flushIndex: setUnconditionally 0 -> -1
2021-02-14 01:49:45,327 [pool-361-thread-1] INFO  segmented.SegmentedRaftLogWorker (SegmentedRaftLogWorker.java:lambda$new$0(132)) - 66662ab8-1b94-466a-9131-2b6af2fadcad@group-6AD96DC41103-SegmentedRaftLogWorker: safeCacheEvictIndex: setUnconditionally 0 -> -1
2021-02-14 01:49:45,327 [pool-361-thread-1] INFO  server.RaftServerConfigKeys (ConfUtils.java:logGet(44)) - raft.server.snapshot.auto.trigger.enabled = true (custom)
2021-02-14 01:49:45,327 [pool-361-thread-1] INFO  server.RaftServerConfigKeys (ConfUtils.java:logGet(44)) - raft.server.snapshot.auto.trigger.threshold = 10000 (custom)
2021-02-14 01:49:45,327 [pool-361-thread-1] INFO  server.RaftServerConfigKeys (ConfUtils.java:logGet(44)) - raft.server.snapshot.retention.file.num = 5 (custom)
2021-02-14 01:49:45,327 [pool-361-thread-1] INFO  server.RaftServerConfigKeys (ConfUtils.java:logGet(44)) - raft.server.log.purge.upto.snapshot.index = false (default)
2021-02-14 01:49:45,327 [pool-361-thread-1] INFO  server.RaftServerConfigKeys (ConfUtils.java:logGet(44)) - raft.server.retrycache.expirytime = 600000ms (custom)
2021-02-14 01:49:45,328 [pool-361-thread-1] INFO  server.RaftServerConfigKeys (ConfUtils.java:logGet(44)) - raft.server.retrycache.statistics.expirytime = 100?s (default)
2021-02-14 01:49:45,328 [pool-361-thread-1] INFO  metrics.RatisMetrics (RatisMetrics.java:lambda$create$0(36)) - Creating Metrics Registry : ratis.leader_election.66662ab8-1b94-466a-9131-2b6af2fadcad@group-6AD96DC41103
2021-02-14 01:49:45,328 [pool-361-thread-1] INFO  metrics.RatisMetrics (RatisMetrics.java:lambda$create$0(36)) - Creating Metrics Registry : ratis.server.66662ab8-1b94-466a-9131-2b6af2fadcad@group-6AD96DC41103
2021-02-14 01:49:45,329 [pool-361-thread-1] INFO  server.RaftServer$Division (RaftServerImpl.java:start(295)) - 66662ab8-1b94-466a-9131-2b6af2fadcad@group-6AD96DC41103: start as a follower, conf=-1: [66662ab8-1b94-466a-9131-2b6af2fadcad|rpc:172.17.0.2:46429|priority:1], old=null
2021-02-14 01:49:45,329 [pool-361-thread-1] INFO  server.RaftServer$Division (RaftServerImpl.java:setRole(284)) - 66662ab8-1b94-466a-9131-2b6af2fadcad@group-6AD96DC41103: changes role from      null to FOLLOWER at term 0 for startAsFollower
2021-02-14 01:49:45,329 [pool-361-thread-1] INFO  impl.RoleInfo (RoleInfo.java:updateAndGet(130)) - 66662ab8-1b94-466a-9131-2b6af2fadcad: start 66662ab8-1b94-466a-9131-2b6af2fadcad@group-6AD96DC41103-FollowerState
2021-02-14 01:49:45,330 [pool-361-thread-1] INFO  util.JmxRegister (JmxRegister.java:tryRegister(44)) - Successfully registered JMX Bean with object name Ratis:service=RaftServer,group=group-6AD96DC41103,id=66662ab8-1b94-466a-9131-2b6af2fadcad
2021-02-14 01:49:45,330 [pool-361-thread-1] INFO  metrics.RatisMetrics (RatisMetrics.java:lambda$create$0(36)) - Creating Metrics Registry : ratis.state_machine.66662ab8-1b94-466a-9131-2b6af2fadcad@group-6AD96DC41103
2021-02-14 01:49:45,331 [Command processor thread] INFO  commandhandler.CreatePipelineCommandHandler (CreatePipelineCommandHandler.java:handle(106)) - Created Pipeline RATIS ONE PipelineID=46603de1-c73c-4eae-85c9-6ad96dc41103.
2021-02-14 01:49:45,415 [EventQueue-PipelineReportForOneReplicaPipelineSafeModeRule] INFO  safemode.SCMSafeModeManager (SCMSafeModeManager.java:validateSafeModeExitRules(214)) - AtleastOneDatanodeReportedRule rule is successfully validated
2021-02-14 01:49:45,415 [EventQueue-OpenPipelineForHealthyPipelineSafeModeRule] INFO  safemode.SCMSafeModeManager (HealthyPipelineSafeModeRule.java:process(128)) - SCM in safe mode. Healthy pipelines reported count is 0, required healthy pipeline reported count is 1
2021-02-14 01:49:45,428 [EventQueue-PipelineReportForOneReplicaPipelineSafeModeRule] INFO  safemode.SCMSafeModeManager (SCMSafeModeManager.java:validateSafeModeExitRules(214)) - AtleastOneDatanodeReportedRule rule is successfully validated
2021-02-14 01:49:45,428 [EventQueue-OpenPipelineForHealthyPipelineSafeModeRule] INFO  safemode.SCMSafeModeManager (HealthyPipelineSafeModeRule.java:process(128)) - SCM in safe mode. Healthy pipelines reported count is 0, required healthy pipeline reported count is 1
2021-02-14 01:49:45,609 [EventQueue-OpenPipelineForHealthyPipelineSafeModeRule] INFO  safemode.SCMSafeModeManager (HealthyPipelineSafeModeRule.java:process(128)) - SCM in safe mode. Healthy pipelines reported count is 0, required healthy pipeline reported count is 1
2021-02-14 01:49:45,609 [EventQueue-PipelineReportForOneReplicaPipelineSafeModeRule] INFO  safemode.SCMSafeModeManager (SCMSafeModeManager.java:validateSafeModeExitRules(214)) - AtleastOneDatanodeReportedRule rule is successfully validated
2021-02-14 01:49:45,662 [EventQueue-PipelineReportForOneReplicaPipelineSafeModeRule] INFO  safemode.SCMSafeModeManager (SCMSafeModeManager.java:validateSafeModeExitRules(214)) - AtleastOneDatanodeReportedRule rule is successfully validated
2021-02-14 01:49:45,662 [EventQueue-OpenPipelineForHealthyPipelineSafeModeRule] INFO  safemode.SCMSafeModeManager (HealthyPipelineSafeModeRule.java:process(128)) - SCM in safe mode. Healthy pipelines reported count is 0, required healthy pipeline reported count is 1
2021-02-14 01:49:45,884 [EventQueue-PipelineReportForOneReplicaPipelineSafeModeRule] INFO  safemode.SCMSafeModeManager (SCMSafeModeManager.java:validateSafeModeExitRules(214)) - AtleastOneDatanodeReportedRule rule is successfully validated
2021-02-14 01:49:45,884 [EventQueue-OpenPipelineForHealthyPipelineSafeModeRule] INFO  safemode.SCMSafeModeManager (HealthyPipelineSafeModeRule.java:process(128)) - SCM in safe mode. Healthy pipelines reported count is 0, required healthy pipeline reported count is 1
2021-02-14 01:49:45,899 [EventQueue-OpenPipelineForHealthyPipelineSafeModeRule] INFO  safemode.SCMSafeModeManager (HealthyPipelineSafeModeRule.java:process(128)) - SCM in safe mode. Healthy pipelines reported count is 0, required healthy pipeline reported count is 1
2021-02-14 01:49:45,899 [EventQueue-PipelineReportForOneReplicaPipelineSafeModeRule] INFO  safemode.SCMSafeModeManager (SCMSafeModeManager.java:validateSafeModeExitRules(214)) - AtleastOneDatanodeReportedRule rule is successfully validated
2021-02-14 01:49:46,129 [EventQueue-PipelineReportForOneReplicaPipelineSafeModeRule] INFO  safemode.SCMSafeModeManager (SCMSafeModeManager.java:validateSafeModeExitRules(214)) - AtleastOneDatanodeReportedRule rule is successfully validated
2021-02-14 01:49:46,130 [EventQueue-OpenPipelineForHealthyPipelineSafeModeRule] INFO  safemode.SCMSafeModeManager (HealthyPipelineSafeModeRule.java:process(128)) - SCM in safe mode. Healthy pipelines reported count is 0, required healthy pipeline reported count is 1
2021-02-14 01:49:46,236 [EventQueue-PipelineReportForOneReplicaPipelineSafeModeRule] INFO  safemode.SCMSafeModeManager (SCMSafeModeManager.java:validateSafeModeExitRules(214)) - AtleastOneDatanodeReportedRule rule is successfully validated
2021-02-14 01:49:46,237 [EventQueue-OpenPipelineForHealthyPipelineSafeModeRule] INFO  safemode.SCMSafeModeManager (HealthyPipelineSafeModeRule.java:process(128)) - SCM in safe mode. Healthy pipelines reported count is 0, required healthy pipeline reported count is 1
2021-02-14 01:49:46,310 [Listener at 127.0.0.1/42551] INFO  ozone.MiniOzoneClusterImpl (MiniOzoneClusterImpl.java:lambda$waitForClusterToBeReady$0(187)) - Nodes are ready. Got 9 of 9 DN Heartbeats.
2021-02-14 01:49:46,310 [Listener at 127.0.0.1/42551] INFO  ozone.MiniOzoneClusterImpl (MiniOzoneClusterImpl.java:lambda$waitForClusterToBeReady$0(190)) - Waiting for cluster to exit safe mode
2021-02-14 01:49:46,323 [EventQueue-OpenPipelineForHealthyPipelineSafeModeRule] INFO  safemode.SCMSafeModeManager (HealthyPipelineSafeModeRule.java:process(128)) - SCM in safe mode. Healthy pipelines reported count is 0, required healthy pipeline reported count is 1
2021-02-14 01:49:46,323 [EventQueue-PipelineReportForOneReplicaPipelineSafeModeRule] INFO  safemode.SCMSafeModeManager (SCMSafeModeManager.java:validateSafeModeExitRules(214)) - AtleastOneDatanodeReportedRule rule is successfully validated
2021-02-14 01:49:46,414 [EventQueue-OpenPipelineForHealthyPipelineSafeModeRule] INFO  safemode.SCMSafeModeManager (HealthyPipelineSafeModeRule.java:process(128)) - SCM in safe mode. Healthy pipelines reported count is 0, required healthy pipeline reported count is 1
2021-02-14 01:49:46,414 [EventQueue-PipelineReportForOneReplicaPipelineSafeModeRule] INFO  safemode.SCMSafeModeManager (SCMSafeModeManager.java:validateSafeModeExitRules(214)) - AtleastOneDatanodeReportedRule rule is successfully validated
2021-02-14 01:49:46,428 [EventQueue-PipelineReportForOneReplicaPipelineSafeModeRule] INFO  safemode.SCMSafeModeManager (SCMSafeModeManager.java:validateSafeModeExitRules(214)) - AtleastOneDatanodeReportedRule rule is successfully validated
2021-02-14 01:49:46,428 [EventQueue-OpenPipelineForHealthyPipelineSafeModeRule] INFO  safemode.SCMSafeModeManager (HealthyPipelineSafeModeRule.java:process(128)) - SCM in safe mode. Healthy pipelines reported count is 0, required healthy pipeline reported count is 1
2021-02-14 01:49:46,608 [EventQueue-PipelineReportForOneReplicaPipelineSafeModeRule] INFO  safemode.SCMSafeModeManager (SCMSafeModeManager.java:validateSafeModeExitRules(214)) - AtleastOneDatanodeReportedRule rule is successfully validated
2021-02-14 01:49:46,609 [EventQueue-OpenPipelineForHealthyPipelineSafeModeRule] INFO  safemode.SCMSafeModeManager (HealthyPipelineSafeModeRule.java:process(128)) - SCM in safe mode. Healthy pipelines reported count is 0, required healthy pipeline reported count is 1
2021-02-14 01:49:46,662 [EventQueue-OpenPipelineForHealthyPipelineSafeModeRule] INFO  safemode.SCMSafeModeManager (HealthyPipelineSafeModeRule.java:process(128)) - SCM in safe mode. Healthy pipelines reported count is 0, required healthy pipeline reported count is 1
2021-02-14 01:49:46,662 [EventQueue-PipelineReportForOneReplicaPipelineSafeModeRule] INFO  safemode.SCMSafeModeManager (SCMSafeModeManager.java:validateSafeModeExitRules(214)) - AtleastOneDatanodeReportedRule rule is successfully validated
2021-02-14 01:49:46,884 [EventQueue-PipelineReportForOneReplicaPipelineSafeModeRule] INFO  safemode.SCMSafeModeManager (SCMSafeModeManager.java:validateSafeModeExitRules(214)) - AtleastOneDatanodeReportedRule rule is successfully validated
2021-02-14 01:49:46,884 [EventQueue-OpenPipelineForHealthyPipelineSafeModeRule] INFO  safemode.SCMSafeModeManager (HealthyPipelineSafeModeRule.java:process(128)) - SCM in safe mode. Healthy pipelines reported count is 0, required healthy pipeline reported count is 1
2021-02-14 01:49:46,900 [EventQueue-PipelineReportForOneReplicaPipelineSafeModeRule] INFO  safemode.SCMSafeModeManager (SCMSafeModeManager.java:validateSafeModeExitRules(214)) - AtleastOneDatanodeReportedRule rule is successfully validated
2021-02-14 01:49:46,900 [EventQueue-OpenPipelineForHealthyPipelineSafeModeRule] INFO  safemode.SCMSafeModeManager (HealthyPipelineSafeModeRule.java:process(128)) - SCM in safe mode. Healthy pipelines reported count is 0, required healthy pipeline reported count is 1
2021-02-14 01:49:47,131 [EventQueue-PipelineReportForOneReplicaPipelineSafeModeRule] INFO  safemode.SCMSafeModeManager (SCMSafeModeManager.java:validateSafeModeExitRules(214)) - AtleastOneDatanodeReportedRule rule is successfully validated
2021-02-14 01:49:47,131 [EventQueue-OpenPipelineForHealthyPipelineSafeModeRule] INFO  safemode.SCMSafeModeManager (HealthyPipelineSafeModeRule.java:process(128)) - SCM in safe mode. Healthy pipelines reported count is 0, required healthy pipeline reported count is 1
2021-02-14 01:49:47,237 [EventQueue-OpenPipelineForHealthyPipelineSafeModeRule] INFO  safemode.SCMSafeModeManager (HealthyPipelineSafeModeRule.java:process(128)) - SCM in safe mode. Healthy pipelines reported count is 0, required healthy pipeline reported count is 1
2021-02-14 01:49:47,237 [EventQueue-PipelineReportForOneReplicaPipelineSafeModeRule] INFO  safemode.SCMSafeModeManager (SCMSafeModeManager.java:validateSafeModeExitRules(214)) - AtleastOneDatanodeReportedRule rule is successfully validated
2021-02-14 01:49:47,311 [Listener at 127.0.0.1/42551] INFO  ozone.MiniOzoneClusterImpl (MiniOzoneClusterImpl.java:lambda$waitForClusterToBeReady$0(187)) - Nodes are ready. Got 9 of 9 DN Heartbeats.
2021-02-14 01:49:47,311 [Listener at 127.0.0.1/42551] INFO  ozone.MiniOzoneClusterImpl (MiniOzoneClusterImpl.java:lambda$waitForClusterToBeReady$0(190)) - Waiting for cluster to exit safe mode
2021-02-14 01:49:47,322 [EventQueue-PipelineReportForOneReplicaPipelineSafeModeRule] INFO  safemode.SCMSafeModeManager (SCMSafeModeManager.java:validateSafeModeExitRules(214)) - AtleastOneDatanodeReportedRule rule is successfully validated
2021-02-14 01:49:47,322 [EventQueue-OpenPipelineForHealthyPipelineSafeModeRule] INFO  safemode.SCMSafeModeManager (HealthyPipelineSafeModeRule.java:process(128)) - SCM in safe mode. Healthy pipelines reported count is 0, required healthy pipeline reported count is 1
2021-02-14 01:49:47,414 [EventQueue-PipelineReportForOneReplicaPipelineSafeModeRule] INFO  safemode.SCMSafeModeManager (SCMSafeModeManager.java:validateSafeModeExitRules(214)) - AtleastOneDatanodeReportedRule rule is successfully validated
2021-02-14 01:49:47,414 [EventQueue-OpenPipelineForHealthyPipelineSafeModeRule] INFO  safemode.SCMSafeModeManager (HealthyPipelineSafeModeRule.java:process(128)) - SCM in safe mode. Healthy pipelines reported count is 0, required healthy pipeline reported count is 1
2021-02-14 01:49:47,428 [EventQueue-PipelineReportForOneReplicaPipelineSafeModeRule] INFO  safemode.SCMSafeModeManager (SCMSafeModeManager.java:validateSafeModeExitRules(214)) - AtleastOneDatanodeReportedRule rule is successfully validated
2021-02-14 01:49:47,428 [EventQueue-OpenPipelineForHealthyPipelineSafeModeRule] INFO  safemode.SCMSafeModeManager (HealthyPipelineSafeModeRule.java:process(128)) - SCM in safe mode. Healthy pipelines reported count is 0, required healthy pipeline reported count is 1
2021-02-14 01:49:47,609 [EventQueue-OpenPipelineForHealthyPipelineSafeModeRule] INFO  safemode.SCMSafeModeManager (HealthyPipelineSafeModeRule.java:process(128)) - SCM in safe mode. Healthy pipelines reported count is 0, required healthy pipeline reported count is 1
2021-02-14 01:49:47,609 [EventQueue-PipelineReportForOneReplicaPipelineSafeModeRule] INFO  safemode.SCMSafeModeManager (SCMSafeModeManager.java:validateSafeModeExitRules(214)) - AtleastOneDatanodeReportedRule rule is successfully validated
2021-02-14 01:49:47,662 [EventQueue-PipelineReportForOneReplicaPipelineSafeModeRule] INFO  safemode.SCMSafeModeManager (SCMSafeModeManager.java:validateSafeModeExitRules(214)) - AtleastOneDatanodeReportedRule rule is successfully validated
2021-02-14 01:49:47,662 [EventQueue-OpenPipelineForHealthyPipelineSafeModeRule] INFO  safemode.SCMSafeModeManager (HealthyPipelineSafeModeRule.java:process(128)) - SCM in safe mode. Healthy pipelines reported count is 0, required healthy pipeline reported count is 1
2021-02-14 01:49:47,884 [EventQueue-OpenPipelineForHealthyPipelineSafeModeRule] INFO  safemode.SCMSafeModeManager (HealthyPipelineSafeModeRule.java:process(128)) - SCM in safe mode. Healthy pipelines reported count is 0, required healthy pipeline reported count is 1
2021-02-14 01:49:47,884 [EventQueue-PipelineReportForOneReplicaPipelineSafeModeRule] INFO  safemode.SCMSafeModeManager (SCMSafeModeManager.java:validateSafeModeExitRules(214)) - AtleastOneDatanodeReportedRule rule is successfully validated
2021-02-14 01:49:47,899 [EventQueue-OpenPipelineForHealthyPipelineSafeModeRule] INFO  safemode.SCMSafeModeManager (HealthyPipelineSafeModeRule.java:process(128)) - SCM in safe mode. Healthy pipelines reported count is 0, required healthy pipeline reported count is 1
2021-02-14 01:49:47,899 [EventQueue-PipelineReportForOneReplicaPipelineSafeModeRule] INFO  safemode.SCMSafeModeManager (SCMSafeModeManager.java:validateSafeModeExitRules(214)) - AtleastOneDatanodeReportedRule rule is successfully validated
2021-02-14 01:49:48,130 [EventQueue-PipelineReportForOneReplicaPipelineSafeModeRule] INFO  safemode.SCMSafeModeManager (SCMSafeModeManager.java:validateSafeModeExitRules(214)) - AtleastOneDatanodeReportedRule rule is successfully validated
2021-02-14 01:49:48,130 [EventQueue-OpenPipelineForHealthyPipelineSafeModeRule] INFO  safemode.SCMSafeModeManager (HealthyPipelineSafeModeRule.java:process(128)) - SCM in safe mode. Healthy pipelines reported count is 0, required healthy pipeline reported count is 1
2021-02-14 01:49:48,236 [EventQueue-PipelineReportForOneReplicaPipelineSafeModeRule] INFO  safemode.SCMSafeModeManager (SCMSafeModeManager.java:validateSafeModeExitRules(214)) - AtleastOneDatanodeReportedRule rule is successfully validated
2021-02-14 01:49:48,236 [EventQueue-OpenPipelineForHealthyPipelineSafeModeRule] INFO  safemode.SCMSafeModeManager (HealthyPipelineSafeModeRule.java:process(128)) - SCM in safe mode. Healthy pipelines reported count is 0, required healthy pipeline reported count is 1
2021-02-14 01:49:48,311 [Listener at 127.0.0.1/42551] INFO  ozone.MiniOzoneClusterImpl (MiniOzoneClusterImpl.java:lambda$waitForClusterToBeReady$0(187)) - Nodes are ready. Got 9 of 9 DN Heartbeats.
2021-02-14 01:49:48,311 [Listener at 127.0.0.1/42551] INFO  ozone.MiniOzoneClusterImpl (MiniOzoneClusterImpl.java:lambda$waitForClusterToBeReady$0(190)) - Waiting for cluster to exit safe mode
2021-02-14 01:49:48,322 [EventQueue-PipelineReportForOneReplicaPipelineSafeModeRule] INFO  safemode.SCMSafeModeManager (SCMSafeModeManager.java:validateSafeModeExitRules(214)) - AtleastOneDatanodeReportedRule rule is successfully validated
2021-02-14 01:49:48,322 [EventQueue-OpenPipelineForHealthyPipelineSafeModeRule] INFO  safemode.SCMSafeModeManager (HealthyPipelineSafeModeRule.java:process(128)) - SCM in safe mode. Healthy pipelines reported count is 0, required healthy pipeline reported count is 1
2021-02-14 01:49:48,414 [EventQueue-OpenPipelineForHealthyPipelineSafeModeRule] INFO  safemode.SCMSafeModeManager (HealthyPipelineSafeModeRule.java:process(128)) - SCM in safe mode. Healthy pipelines reported count is 0, required healthy pipeline reported count is 1
2021-02-14 01:49:48,415 [EventQueue-PipelineReportForOneReplicaPipelineSafeModeRule] INFO  safemode.SCMSafeModeManager (SCMSafeModeManager.java:validateSafeModeExitRules(214)) - AtleastOneDatanodeReportedRule rule is successfully validated
2021-02-14 01:49:48,428 [EventQueue-PipelineReportForOneReplicaPipelineSafeModeRule] INFO  safemode.SCMSafeModeManager (SCMSafeModeManager.java:validateSafeModeExitRules(214)) - AtleastOneDatanodeReportedRule rule is successfully validated
2021-02-14 01:49:48,428 [EventQueue-OpenPipelineForHealthyPipelineSafeModeRule] INFO  safemode.SCMSafeModeManager (HealthyPipelineSafeModeRule.java:process(128)) - SCM in safe mode. Healthy pipelines reported count is 0, required healthy pipeline reported count is 1
2021-02-14 01:49:48,537 [Thread-859] INFO  impl.FollowerState (FollowerState.java:run(133)) - 13da2f53-0476-4a03-b606-a9c3a1877f5a@group-248E97A0B5F6-FollowerState: change to CANDIDATE, lastRpcElapsedTime:5075440569ns, electionTimeout:5075ms
2021-02-14 01:49:48,537 [Thread-859] INFO  impl.RoleInfo (RoleInfo.java:shutdownFollowerState(108)) - 13da2f53-0476-4a03-b606-a9c3a1877f5a: shutdown 13da2f53-0476-4a03-b606-a9c3a1877f5a@group-248E97A0B5F6-FollowerState
2021-02-14 01:49:48,537 [Thread-859] INFO  server.RaftServer$Division (RaftServerImpl.java:setRole(284)) - 13da2f53-0476-4a03-b606-a9c3a1877f5a@group-248E97A0B5F6: changes role from  FOLLOWER to CANDIDATE at term 0 for changeToCandidate
2021-02-14 01:49:48,538 [Thread-859] INFO  server.RaftServerConfigKeys (ConfUtils.java:logGet(44)) - raft.server.leaderelection.pre-vote = false (custom)
2021-02-14 01:49:48,538 [Thread-859] INFO  impl.RoleInfo (RoleInfo.java:updateAndGet(130)) - 13da2f53-0476-4a03-b606-a9c3a1877f5a: start 13da2f53-0476-4a03-b606-a9c3a1877f5a@group-248E97A0B5F6-LeaderElection28
2021-02-14 01:49:48,540 [Thread-855] INFO  impl.FollowerState (FollowerState.java:run(133)) - f8feeaac-d8ae-4c99-8c47-cf05d6facd09@group-C285933B05BF-FollowerState: change to CANDIDATE, lastRpcElapsedTime:5135108812ns, electionTimeout:5134ms
2021-02-14 01:49:48,541 [Thread-855] INFO  impl.RoleInfo (RoleInfo.java:shutdownFollowerState(108)) - f8feeaac-d8ae-4c99-8c47-cf05d6facd09: shutdown f8feeaac-d8ae-4c99-8c47-cf05d6facd09@group-C285933B05BF-FollowerState
2021-02-14 01:49:48,541 [Thread-855] INFO  server.RaftServer$Division (RaftServerImpl.java:setRole(284)) - f8feeaac-d8ae-4c99-8c47-cf05d6facd09@group-C285933B05BF: changes role from  FOLLOWER to CANDIDATE at term 0 for changeToCandidate
2021-02-14 01:49:48,541 [Thread-855] INFO  server.RaftServerConfigKeys (ConfUtils.java:logGet(44)) - raft.server.leaderelection.pre-vote = false (custom)
2021-02-14 01:49:48,541 [Thread-855] INFO  impl.RoleInfo (RoleInfo.java:updateAndGet(130)) - f8feeaac-d8ae-4c99-8c47-cf05d6facd09: start f8feeaac-d8ae-4c99-8c47-cf05d6facd09@group-C285933B05BF-LeaderElection29
2021-02-14 01:49:48,549 [13da2f53-0476-4a03-b606-a9c3a1877f5a@group-248E97A0B5F6-LeaderElection28] INFO  impl.LeaderElection (LeaderElection.java:askForVotes(307)) - 13da2f53-0476-4a03-b606-a9c3a1877f5a@group-248E97A0B5F6-LeaderElection28 ELECTION round 0: submit vote requests at term 1 for -1: [2ec71a43-acc1-42a3-b8ca-de3ee762a3c9|rpc:172.17.0.2:42675|dataStream:|priority:0, f8feeaac-d8ae-4c99-8c47-cf05d6facd09|rpc:172.17.0.2:42991|dataStream:|priority:0, 13da2f53-0476-4a03-b606-a9c3a1877f5a|rpc:172.17.0.2:44773|dataStream:|priority:1], old=null
2021-02-14 01:49:48,571 [grpc-default-executor-1] INFO  metrics.RatisMetrics (RatisMetrics.java:lambda$create$0(36)) - Creating Metrics Registry : ratis.server_message_metrics.f8feeaac-d8ae-4c99-8c47-cf05d6facd09
2021-02-14 01:49:48,572 [f8feeaac-d8ae-4c99-8c47-cf05d6facd09@group-C285933B05BF-LeaderElection29] INFO  impl.LeaderElection (LeaderElection.java:askForVotes(307)) - f8feeaac-d8ae-4c99-8c47-cf05d6facd09@group-C285933B05BF-LeaderElection29 ELECTION round 0: submit vote requests at term 1 for -1: [f8feeaac-d8ae-4c99-8c47-cf05d6facd09|rpc:172.17.0.2:42991|priority:1], old=null
2021-02-14 01:49:48,572 [f8feeaac-d8ae-4c99-8c47-cf05d6facd09@group-C285933B05BF-LeaderElection29] INFO  impl.LeaderElection (LeaderElection.java:askForVotes(309)) - f8feeaac-d8ae-4c99-8c47-cf05d6facd09@group-C285933B05BF-LeaderElection29 ELECTION round 0: result PASSED (term=1)
2021-02-14 01:49:48,572 [f8feeaac-d8ae-4c99-8c47-cf05d6facd09@group-C285933B05BF-LeaderElection29] INFO  impl.RoleInfo (RoleInfo.java:shutdownLeaderElection(121)) - f8feeaac-d8ae-4c99-8c47-cf05d6facd09: shutdown f8feeaac-d8ae-4c99-8c47-cf05d6facd09@group-C285933B05BF-LeaderElection29
2021-02-14 01:49:48,572 [f8feeaac-d8ae-4c99-8c47-cf05d6facd09@group-C285933B05BF-LeaderElection29] INFO  server.RaftServer$Division (RaftServerImpl.java:setRole(284)) - f8feeaac-d8ae-4c99-8c47-cf05d6facd09@group-C285933B05BF: changes role from CANDIDATE to LEADER at term 1 for changeToLeader
2021-02-14 01:49:48,572 [f8feeaac-d8ae-4c99-8c47-cf05d6facd09@group-C285933B05BF-LeaderElection29] INFO  ratis.XceiverServerRatis (XceiverServerRatis.java:handleLeaderChangedNotification(899)) - Leader change notification received for group: group-C285933B05BF with new leaderId: f8feeaac-d8ae-4c99-8c47-cf05d6facd09
2021-02-14 01:49:48,572 [f8feeaac-d8ae-4c99-8c47-cf05d6facd09@group-C285933B05BF-LeaderElection29] INFO  server.RaftServer$Division (ServerState.java:setLeader(271)) - f8feeaac-d8ae-4c99-8c47-cf05d6facd09@group-C285933B05BF: change Leader from null to f8feeaac-d8ae-4c99-8c47-cf05d6facd09 at term 1 for becomeLeader, leader elected after 5183ms
2021-02-14 01:49:48,572 [f8feeaac-d8ae-4c99-8c47-cf05d6facd09@group-C285933B05BF-LeaderElection29] INFO  server.RaftServerConfigKeys (ConfUtils.java:logGet(44)) - raft.server.staging.catchup.gap = 1000 (default)
2021-02-14 01:49:48,572 [f8feeaac-d8ae-4c99-8c47-cf05d6facd09@group-C285933B05BF-LeaderElection29] INFO  metrics.RatisMetrics (RatisMetrics.java:lambda$create$0(36)) - Creating Metrics Registry : ratis.log_appender.f8feeaac-d8ae-4c99-8c47-cf05d6facd09@group-C285933B05BF
2021-02-14 01:49:48,573 [f8feeaac-d8ae-4c99-8c47-cf05d6facd09@group-C285933B05BF-LeaderElection29] INFO  server.RaftServerConfigKeys (ConfUtils.java:logGet(44)) - raft.server.write.element-limit = 1024 (custom)
2021-02-14 01:49:48,573 [f8feeaac-d8ae-4c99-8c47-cf05d6facd09@group-C285933B05BF-LeaderElection29] INFO  server.RaftServerConfigKeys (ConfUtils.java:logGet(44)) - raft.server.write.byte-limit = 1073741824 (custom)
2021-02-14 01:49:48,573 [EventQueue-PipelineReportForOneReplicaPipelineSafeModeRule] INFO  safemode.SCMSafeModeManager (SCMSafeModeManager.java:validateSafeModeExitRules(214)) - AtleastOneDatanodeReportedRule rule is successfully validated
2021-02-14 01:49:48,573 [EventQueue-OpenPipelineForHealthyPipelineSafeModeRule] INFO  safemode.SCMSafeModeManager (HealthyPipelineSafeModeRule.java:process(128)) - SCM in safe mode. Healthy pipelines reported count is 0, required healthy pipeline reported count is 1
2021-02-14 01:49:48,574 [f8feeaac-d8ae-4c99-8c47-cf05d6facd09@group-C285933B05BF-LeaderElection29] INFO  server.RaftServerConfigKeys (ConfUtils.java:logGet(44)) - raft.server.watch.timeout = 3000ms (custom)
2021-02-14 01:49:48,574 [f8feeaac-d8ae-4c99-8c47-cf05d6facd09@group-C285933B05BF-LeaderElection29] INFO  server.RaftServerConfigKeys (ConfUtils.java:logGet(44)) - raft.server.watch.timeout.denomination = 1s (default)
2021-02-14 01:49:48,574 [f8feeaac-d8ae-4c99-8c47-cf05d6facd09@group-C285933B05BF-LeaderElection29] INFO  server.RaftServerConfigKeys (ConfUtils.java:logGet(44)) - raft.server.watch.element-limit = 65536 (default)
2021-02-14 01:49:48,574 [f8feeaac-d8ae-4c99-8c47-cf05d6facd09@group-C285933B05BF-LeaderElection29] INFO  impl.RoleInfo (RoleInfo.java:updateAndGet(130)) - f8feeaac-d8ae-4c99-8c47-cf05d6facd09: start f8feeaac-d8ae-4c99-8c47-cf05d6facd09@group-C285933B05BF-LeaderStateImpl
2021-02-14 01:49:48,574 [f8feeaac-d8ae-4c99-8c47-cf05d6facd09@group-C285933B05BF-LeaderElection29] INFO  segmented.SegmentedRaftLogWorker (SegmentedRaftLogWorker.java:startLogSegment(392)) - f8feeaac-d8ae-4c99-8c47-cf05d6facd09@group-C285933B05BF-SegmentedRaftLogWorker: Starting segment from index:0
2021-02-14 01:49:48,576 [f8feeaac-d8ae-4c99-8c47-cf05d6facd09@group-C285933B05BF-SegmentedRaftLogWorker] INFO  segmented.SegmentedRaftLogWorker (SegmentedRaftLogWorker.java:execute(599)) - f8feeaac-d8ae-4c99-8c47-cf05d6facd09@group-C285933B05BF-SegmentedRaftLogWorker: created new log segment /github/workspace/mnt/ozone/hadoop-ozone/integration-test/target/test-dir/MiniOzoneClusterImpl-b3eef9e8-6bea-4ca1-9f7b-091cac69c924/datanode-0/data/ratis/03ed08a1-e577-4700-acf7-c285933b05bf/current/log_inprogress_0
2021-02-14 01:49:48,581 [grpc-default-executor-3] INFO  server.RaftServer$Division (RaftServerImpl.java:requestVote(1025)) - 2ec71a43-acc1-42a3-b8ca-de3ee762a3c9@group-248E97A0B5F6: receive requestVote(ELECTION, 13da2f53-0476-4a03-b606-a9c3a1877f5a, group-248E97A0B5F6, 1, (t:0, i:0))
2021-02-14 01:49:48,581 [grpc-default-executor-3] INFO  impl.VoteContext (VoteContext.java:log(48)) - 2ec71a43-acc1-42a3-b8ca-de3ee762a3c9@group-248E97A0B5F6-FOLLOWER: accept ELECTION from 13da2f53-0476-4a03-b606-a9c3a1877f5a: our priority 0 <= candidate's priority 1
2021-02-14 01:49:48,581 [grpc-default-executor-3] INFO  server.RaftServer$Division (RaftServerImpl.java:setRole(284)) - 2ec71a43-acc1-42a3-b8ca-de3ee762a3c9@group-248E97A0B5F6: changes role from  FOLLOWER to FOLLOWER at term 1 for candidate:13da2f53-0476-4a03-b606-a9c3a1877f5a
2021-02-14 01:49:48,581 [grpc-default-executor-3] INFO  impl.RoleInfo (RoleInfo.java:shutdownFollowerState(108)) - 2ec71a43-acc1-42a3-b8ca-de3ee762a3c9: shutdown 2ec71a43-acc1-42a3-b8ca-de3ee762a3c9@group-248E97A0B5F6-FollowerState
2021-02-14 01:49:48,581 [grpc-default-executor-3] INFO  impl.RoleInfo (RoleInfo.java:updateAndGet(130)) - 2ec71a43-acc1-42a3-b8ca-de3ee762a3c9: start 2ec71a43-acc1-42a3-b8ca-de3ee762a3c9@group-248E97A0B5F6-FollowerState
2021-02-14 01:49:48,581 [grpc-default-executor-1] INFO  server.RaftServer$Division (RaftServerImpl.java:requestVote(1025)) - f8feeaac-d8ae-4c99-8c47-cf05d6facd09@group-248E97A0B5F6: receive requestVote(ELECTION, 13da2f53-0476-4a03-b606-a9c3a1877f5a, group-248E97A0B5F6, 1, (t:0, i:0))
2021-02-14 01:49:48,581 [Thread-862] INFO  impl.FollowerState (FollowerState.java:run(142)) - 2ec71a43-acc1-42a3-b8ca-de3ee762a3c9@group-248E97A0B5F6-FollowerState was interrupted: {}
java.lang.InterruptedException: sleep interrupted
	at java.lang.Thread.sleep(Native Method)
	at java.lang.Thread.sleep(Thread.java:340)
	at java.util.concurrent.TimeUnit.sleep(TimeUnit.java:386)
	at org.apache.ratis.util.TimeDuration.sleep(TimeDuration.java:324)
	at org.apache.ratis.util.TimeDuration.sleep(TimeDuration.java:309)
	at org.apache.ratis.server.impl.FollowerState.run(FollowerState.java:117)
2021-02-14 01:49:48,582 [f8feeaac-d8ae-4c99-8c47-cf05d6facd09@group-C285933B05BF-LeaderElection29] INFO  server.RaftServer$Division (ServerState.java:setRaftConf(373)) - f8feeaac-d8ae-4c99-8c47-cf05d6facd09@group-C285933B05BF: set configuration 0: [f8feeaac-d8ae-4c99-8c47-cf05d6facd09|rpc:172.17.0.2:42991|dataStream:|priority:1], old=null
2021-02-14 01:49:48,581 [grpc-default-executor-1] INFO  impl.VoteContext (VoteContext.java:log(48)) - f8feeaac-d8ae-4c99-8c47-cf05d6facd09@group-248E97A0B5F6-FOLLOWER: accept ELECTION from 13da2f53-0476-4a03-b606-a9c3a1877f5a: our priority 0 <= candidate's priority 1
2021-02-14 01:49:48,583 [grpc-default-executor-1] INFO  server.RaftServer$Division (RaftServerImpl.java:setRole(284)) - f8feeaac-d8ae-4c99-8c47-cf05d6facd09@group-248E97A0B5F6: changes role from  FOLLOWER to FOLLOWER at term 1 for candidate:13da2f53-0476-4a03-b606-a9c3a1877f5a
2021-02-14 01:49:48,583 [grpc-default-executor-1] INFO  impl.RoleInfo (RoleInfo.java:shutdownFollowerState(108)) - f8feeaac-d8ae-4c99-8c47-cf05d6facd09: shutdown f8feeaac-d8ae-4c99-8c47-cf05d6facd09@group-248E97A0B5F6-FollowerState
2021-02-14 01:49:48,583 [grpc-default-executor-1] INFO  impl.RoleInfo (RoleInfo.java:updateAndGet(130)) - f8feeaac-d8ae-4c99-8c47-cf05d6facd09: start f8feeaac-d8ae-4c99-8c47-cf05d6facd09@group-248E97A0B5F6-FollowerState
2021-02-14 01:49:48,583 [grpc-default-executor-3] INFO  server.RaftServer$Division (RaftServerImpl.java:requestVote(1057)) - 2ec71a43-acc1-42a3-b8ca-de3ee762a3c9@group-248E97A0B5F6 replies to ELECTION vote request: 13da2f53-0476-4a03-b606-a9c3a1877f5a<-2ec71a43-acc1-42a3-b8ca-de3ee762a3c9#0:OK-t1. Peer's state: 2ec71a43-acc1-42a3-b8ca-de3ee762a3c9@group-248E97A0B5F6:t1, leader=null, voted=13da2f53-0476-4a03-b606-a9c3a1877f5a, raftlog=2ec71a43-acc1-42a3-b8ca-de3ee762a3c9@group-248E97A0B5F6-SegmentedRaftLog:OPENED:c-1,f-1,i0, conf=-1: [2ec71a43-acc1-42a3-b8ca-de3ee762a3c9|rpc:172.17.0.2:42675|dataStream:|priority:0, f8feeaac-d8ae-4c99-8c47-cf05d6facd09|rpc:172.17.0.2:42991|dataStream:|priority:0, 13da2f53-0476-4a03-b606-a9c3a1877f5a|rpc:172.17.0.2:44773|dataStream:|priority:1], old=null
2021-02-14 01:49:48,589 [13da2f53-0476-4a03-b606-a9c3a1877f5a@group-248E97A0B5F6-LeaderElection28] INFO  impl.LeaderElection (LeaderElection.java:logAndReturn(89)) - 13da2f53-0476-4a03-b606-a9c3a1877f5a@group-248E97A0B5F6-LeaderElection28: ELECTION PASSED received 1 response(s) and 0 exception(s):
2021-02-14 01:49:48,589 [13da2f53-0476-4a03-b606-a9c3a1877f5a@group-248E97A0B5F6-LeaderElection28] INFO  impl.LeaderElection (LeaderElection.java:logAndReturn(93)) -   Response 0: 13da2f53-0476-4a03-b606-a9c3a1877f5a<-2ec71a43-acc1-42a3-b8ca-de3ee762a3c9#0:OK-t1
2021-02-14 01:49:48,589 [13da2f53-0476-4a03-b606-a9c3a1877f5a@group-248E97A0B5F6-LeaderElection28] INFO  impl.LeaderElection (LeaderElection.java:askForVotes(309)) - 13da2f53-0476-4a03-b606-a9c3a1877f5a@group-248E97A0B5F6-LeaderElection28 ELECTION round 0: result PASSED
2021-02-14 01:49:48,589 [13da2f53-0476-4a03-b606-a9c3a1877f5a@group-248E97A0B5F6-LeaderElection28] INFO  impl.RoleInfo (RoleInfo.java:shutdownLeaderElection(121)) - 13da2f53-0476-4a03-b606-a9c3a1877f5a: shutdown 13da2f53-0476-4a03-b606-a9c3a1877f5a@group-248E97A0B5F6-LeaderElection28
2021-02-14 01:49:48,589 [13da2f53-0476-4a03-b606-a9c3a1877f5a@group-248E97A0B5F6-LeaderElection28] INFO  server.RaftServer$Division (RaftServerImpl.java:setRole(284)) - 13da2f53-0476-4a03-b606-a9c3a1877f5a@group-248E97A0B5F6: changes role from CANDIDATE to LEADER at term 1 for changeToLeader
2021-02-14 01:49:48,589 [13da2f53-0476-4a03-b606-a9c3a1877f5a@group-248E97A0B5F6-LeaderElection28] INFO  ratis.XceiverServerRatis (XceiverServerRatis.java:handleLeaderChangedNotification(899)) - Leader change notification received for group: group-248E97A0B5F6 with new leaderId: 13da2f53-0476-4a03-b606-a9c3a1877f5a
2021-02-14 01:49:48,589 [13da2f53-0476-4a03-b606-a9c3a1877f5a@group-248E97A0B5F6-LeaderElection28] INFO  server.RaftServer$Division (ServerState.java:setLeader(271)) - 13da2f53-0476-4a03-b606-a9c3a1877f5a@group-248E97A0B5F6: change Leader from null to 13da2f53-0476-4a03-b606-a9c3a1877f5a at term 1 for becomeLeader, leader elected after 5135ms
2021-02-14 01:49:48,590 [13da2f53-0476-4a03-b606-a9c3a1877f5a@group-248E97A0B5F6-LeaderElection28] INFO  server.RaftServerConfigKeys (ConfUtils.java:logGet(44)) - raft.server.staging.catchup.gap = 1000 (default)
2021-02-14 01:49:48,590 [13da2f53-0476-4a03-b606-a9c3a1877f5a@group-248E97A0B5F6-LeaderElection28] INFO  metrics.RatisMetrics (RatisMetrics.java:lambda$create$0(36)) - Creating Metrics Registry : ratis.log_appender.13da2f53-0476-4a03-b606-a9c3a1877f5a@group-248E97A0B5F6
2021-02-14 01:49:48,590 [13da2f53-0476-4a03-b606-a9c3a1877f5a@group-248E97A0B5F6-LeaderElection28] INFO  server.RaftServerConfigKeys (ConfUtils.java:logGet(44)) - raft.server.write.element-limit = 1024 (custom)
2021-02-14 01:49:48,590 [13da2f53-0476-4a03-b606-a9c3a1877f5a@group-248E97A0B5F6-LeaderElection28] INFO  server.RaftServerConfigKeys (ConfUtils.java:logGet(44)) - raft.server.write.byte-limit = 1073741824 (custom)
2021-02-14 01:49:48,590 [13da2f53-0476-4a03-b606-a9c3a1877f5a@group-248E97A0B5F6-LeaderElection28] INFO  server.RaftServerConfigKeys (ConfUtils.java:logGet(44)) - raft.server.watch.timeout = 3000ms (custom)
2021-02-14 01:49:48,590 [13da2f53-0476-4a03-b606-a9c3a1877f5a@group-248E97A0B5F6-LeaderElection28] INFO  server.RaftServerConfigKeys (ConfUtils.java:logGet(44)) - raft.server.watch.timeout.denomination = 1s (default)
2021-02-14 01:49:48,590 [13da2f53-0476-4a03-b606-a9c3a1877f5a@group-248E97A0B5F6-LeaderElection28] INFO  server.RaftServerConfigKeys (ConfUtils.java:logGet(44)) - raft.server.watch.element-limit = 65536 (default)
2021-02-14 01:49:48,590 [13da2f53-0476-4a03-b606-a9c3a1877f5a@group-248E97A0B5F6-LeaderElection28] INFO  server.RaftServerConfigKeys (ConfUtils.java:logGet(44)) - raft.server.log.appender.snapshot.chunk.size.max = 16MB (=16777216) (default)
2021-02-14 01:49:48,590 [13da2f53-0476-4a03-b606-a9c3a1877f5a@group-248E97A0B5F6-LeaderElection28] INFO  server.RaftServerConfigKeys (ConfUtils.java:logGet(44)) - raft.server.log.appender.buffer.byte-limit = 33554432 (custom)
2021-02-14 01:49:48,590 [13da2f53-0476-4a03-b606-a9c3a1877f5a@group-248E97A0B5F6-LeaderElection28] INFO  server.RaftServerConfigKeys (ConfUtils.java:logGet(44)) - raft.server.log.appender.buffer.element-limit = 1 (custom)
2021-02-14 01:49:48,591 [13da2f53-0476-4a03-b606-a9c3a1877f5a@group-248E97A0B5F6-LeaderElection28] INFO  grpc.GrpcConfigKeys (ConfUtils.java:logGet(44)) - raft.grpc.server.leader.outstanding.appends.max = 128 (default)
2021-02-14 01:49:48,591 [13da2f53-0476-4a03-b606-a9c3a1877f5a@group-248E97A0B5F6-LeaderElection28] INFO  server.RaftServerConfigKeys (ConfUtils.java:logGet(44)) - raft.server.rpc.request.timeout = 3000ms (default)
2021-02-14 01:49:48,591 [13da2f53-0476-4a03-b606-a9c3a1877f5a@group-248E97A0B5F6-LeaderElection28] INFO  server.RaftServerConfigKeys (ConfUtils.java:logGet(44)) - raft.server.log.appender.install.snapshot.enabled = false (custom)
2021-02-14 01:49:48,591 [13da2f53-0476-4a03-b606-a9c3a1877f5a@group-248E97A0B5F6-LeaderElection28] INFO  metrics.RatisMetrics (RatisMetrics.java:lambda$create$0(36)) - Creating Metrics Registry : ratis_grpc.log_appender.13da2f53-0476-4a03-b606-a9c3a1877f5a@group-248E97A0B5F6
2021-02-14 01:49:48,592 [13da2f53-0476-4a03-b606-a9c3a1877f5a@group-248E97A0B5F6-LeaderElection28] INFO  server.RaftServerConfigKeys (ConfUtils.java:logGet(44)) - raft.server.log.appender.snapshot.chunk.size.max = 16MB (=16777216) (default)
2021-02-14 01:49:48,592 [13da2f53-0476-4a03-b606-a9c3a1877f5a@group-248E97A0B5F6-LeaderElection28] INFO  server.RaftServerConfigKeys (ConfUtils.java:logGet(44)) - raft.server.log.appender.buffer.byte-limit = 33554432 (custom)
2021-02-14 01:49:48,592 [13da2f53-0476-4a03-b606-a9c3a1877f5a@group-248E97A0B5F6-LeaderElection28] INFO  server.RaftServerConfigKeys (ConfUtils.java:logGet(44)) - raft.server.log.appender.buffer.element-limit = 1 (custom)
2021-02-14 01:49:48,592 [13da2f53-0476-4a03-b606-a9c3a1877f5a@group-248E97A0B5F6-LeaderElection28] INFO  grpc.GrpcConfigKeys (ConfUtils.java:logGet(44)) - raft.grpc.server.leader.outstanding.appends.max = 128 (default)
2021-02-14 01:49:48,593 [EventQueue-OpenPipelineForHealthyPipelineSafeModeRule] INFO  safemode.SCMSafeModeManager (HealthyPipelineSafeModeRule.java:process(128)) - SCM in safe mode. Healthy pipelines reported count is 0, required healthy pipeline reported count is 1
2021-02-14 01:49:48,593 [EventQueue-PipelineReportForPipelineReportHandler] INFO  pipeline.PipelineStateManager (PipelineStateManager.java:openPipeline(132)) - Pipeline Pipeline[ Id: 12b43190-c0bf-432e-b224-248e97a0b5f6, Nodes: 13da2f53-0476-4a03-b606-a9c3a1877f5a{ip: 172.17.0.2, host: 9cc4fcda0858, ports: [REPLICATION=39033, RATIS=44773, RATIS_ADMIN=44773, RATIS_SERVER=44773, STANDALONE=43395], networkLocation: /default-rack, certSerialId: null, persistedOpState: IN_SERVICE, persistedOpStateExpiryEpochSec: 0}2ec71a43-acc1-42a3-b8ca-de3ee762a3c9{ip: 172.17.0.2, host: 9cc4fcda0858, ports: [REPLICATION=41257, RATIS=42675, RATIS_ADMIN=42675, RATIS_SERVER=42675, STANDALONE=42355], networkLocation: /default-rack, certSerialId: null, persistedOpState: IN_SERVICE, persistedOpStateExpiryEpochSec: 0}f8feeaac-d8ae-4c99-8c47-cf05d6facd09{ip: 172.17.0.2, host: 9cc4fcda0858, ports: [REPLICATION=33481, RATIS=42991, RATIS_ADMIN=42991, RATIS_SERVER=42991, STANDALONE=39279], networkLocation: /default-rack, certSerialId: null, persistedOpState: IN_SERVICE, persistedOpStateExpiryEpochSec: 0}, Type:RATIS, Factor:THREE, State:ALLOCATED, leaderId:13da2f53-0476-4a03-b606-a9c3a1877f5a, CreationTimestamp2021-02-14T01:49:40.879Z] moved to OPEN state
2021-02-14 01:49:48,593 [EventQueue-PipelineReportForOneReplicaPipelineSafeModeRule] INFO  safemode.SCMSafeModeManager (SCMSafeModeManager.java:validateSafeModeExitRules(214)) - AtleastOneDatanodeReportedRule rule is successfully validated
2021-02-14 01:49:48,593 [EventQueue-OpenPipelineForHealthyPipelineSafeModeRule] INFO  safemode.SCMSafeModeManager (HealthyPipelineSafeModeRule.java:process(128)) - SCM in safe mode. Healthy pipelines reported count is 1, required healthy pipeline reported count is 1
2021-02-14 01:49:48,593 [EventQueue-OpenPipelineForHealthyPipelineSafeModeRule] INFO  safemode.SCMSafeModeManager (SCMSafeModeManager.java:validateSafeModeExitRules(214)) - HealthyPipelineSafeModeRule rule is successfully validated
2021-02-14 01:49:48,593 [EventQueue-OpenPipelineForHealthyPipelineSafeModeRule] INFO  safemode.SCMSafeModeManager (SCMSafeModeManager.java:validateSafeModeExitRules(228)) - ScmSafeModeManager, all rules are successfully validated
2021-02-14 01:49:48,593 [EventQueue-OpenPipelineForHealthyPipelineSafeModeRule] INFO  safemode.SCMSafeModeManager (SCMSafeModeManager.java:exitSafeMode(257)) - SCM exiting safe mode.
2021-02-14 01:49:48,594 [13da2f53-0476-4a03-b606-a9c3a1877f5a@group-248E97A0B5F6-LeaderElection28] INFO  server.RaftServerConfigKeys (ConfUtils.java:logGet(44)) - raft.server.rpc.request.timeout = 3000ms (default)
2021-02-14 01:49:48,594 [13da2f53-0476-4a03-b606-a9c3a1877f5a@group-248E97A0B5F6-LeaderElection28] INFO  server.RaftServerConfigKeys (ConfUtils.java:logGet(44)) - raft.server.log.appender.install.snapshot.enabled = false (custom)
2021-02-14 01:49:48,595 [13da2f53-0476-4a03-b606-a9c3a1877f5a@group-248E97A0B5F6-LeaderElection28] INFO  impl.RoleInfo (RoleInfo.java:updateAndGet(130)) - 13da2f53-0476-4a03-b606-a9c3a1877f5a: start 13da2f53-0476-4a03-b606-a9c3a1877f5a@group-248E97A0B5F6-LeaderStateImpl
2021-02-14 01:49:48,595 [13da2f53-0476-4a03-b606-a9c3a1877f5a@group-248E97A0B5F6-LeaderElection28] INFO  segmented.SegmentedRaftLogWorker (SegmentedRaftLogWorker.java:startLogSegment(392)) - 13da2f53-0476-4a03-b606-a9c3a1877f5a@group-248E97A0B5F6-SegmentedRaftLogWorker: Starting segment from index:0
2021-02-14 01:49:48,597 [grpc-default-executor-1] INFO  server.RaftServer$Division (RaftServerImpl.java:requestVote(1057)) - f8feeaac-d8ae-4c99-8c47-cf05d6facd09@group-248E97A0B5F6 replies to ELECTION vote request: 13da2f53-0476-4a03-b606-a9c3a1877f5a<-f8feeaac-d8ae-4c99-8c47-cf05d6facd09#0:OK-t1. Peer's state: f8feeaac-d8ae-4c99-8c47-cf05d6facd09@group-248E97A0B5F6:t1, leader=null, voted=13da2f53-0476-4a03-b606-a9c3a1877f5a, raftlog=f8feeaac-d8ae-4c99-8c47-cf05d6facd09@group-248E97A0B5F6-SegmentedRaftLog:OPENED:c-1,f-1,i0, conf=-1: [2ec71a43-acc1-42a3-b8ca-de3ee762a3c9|rpc:172.17.0.2:42675|priority:0, f8feeaac-d8ae-4c99-8c47-cf05d6facd09|rpc:172.17.0.2:42991|priority:0, 13da2f53-0476-4a03-b606-a9c3a1877f5a|rpc:172.17.0.2:44773|priority:1], old=null
2021-02-14 01:49:48,601 [13da2f53-0476-4a03-b606-a9c3a1877f5a@group-248E97A0B5F6-LeaderElection28] INFO  server.RaftServer$Division (ServerState.java:setRaftConf(373)) - 13da2f53-0476-4a03-b606-a9c3a1877f5a@group-248E97A0B5F6: set configuration 0: [2ec71a43-acc1-42a3-b8ca-de3ee762a3c9|rpc:172.17.0.2:42675|dataStream:|priority:0, f8feeaac-d8ae-4c99-8c47-cf05d6facd09|rpc:172.17.0.2:42991|dataStream:|priority:0, 13da2f53-0476-4a03-b606-a9c3a1877f5a|rpc:172.17.0.2:44773|dataStream:|priority:1], old=null
2021-02-14 01:49:48,601 [Thread-857] INFO  impl.FollowerState (FollowerState.java:run(133)) - f8feeaac-d8ae-4c99-8c47-cf05d6facd09@group-248E97A0B5F6-FollowerState: change to CANDIDATE, lastRpcElapsedTime:5169048493ns, electionTimeout:5143ms
2021-02-14 01:49:48,602 [13da2f53-0476-4a03-b606-a9c3a1877f5a@group-248E97A0B5F6-SegmentedRaftLogWorker] INFO  segmented.SegmentedRaftLogWorker (SegmentedRaftLogWorker.java:execute(599)) - 13da2f53-0476-4a03-b606-a9c3a1877f5a@group-248E97A0B5F6-SegmentedRaftLogWorker: created new log segment /github/workspace/mnt/ozone/hadoop-ozone/integration-test/target/test-dir/MiniOzoneClusterImpl-b3eef9e8-6bea-4ca1-9f7b-091cac69c924/datanode-1/data/ratis/12b43190-c0bf-432e-b224-248e97a0b5f6/current/log_inprogress_0
2021-02-14 01:49:48,606 [Thread-857] INFO  impl.RoleInfo (RoleInfo.java:shutdownFollowerState(108)) - f8feeaac-d8ae-4c99-8c47-cf05d6facd09: shutdown f8feeaac-d8ae-4c99-8c47-cf05d6facd09@group-248E97A0B5F6-FollowerState
2021-02-14 01:49:48,606 [Thread-857] INFO  server.RaftServer$Division (RaftServerImpl.java:setRole(284)) - f8feeaac-d8ae-4c99-8c47-cf05d6facd09@group-248E97A0B5F6: changes role from  FOLLOWER to CANDIDATE at term 1 for changeToCandidate
2021-02-14 01:49:48,606 [Thread-857] INFO  server.RaftServerConfigKeys (ConfUtils.java:logGet(44)) - raft.server.leaderelection.pre-vote = false (custom)
2021-02-14 01:49:48,606 [Thread-857] INFO  impl.RoleInfo (RoleInfo.java:updateAndGet(130)) - f8feeaac-d8ae-4c99-8c47-cf05d6facd09: start f8feeaac-d8ae-4c99-8c47-cf05d6facd09@group-248E97A0B5F6-LeaderElection30
2021-02-14 01:49:48,606 [Thread-902] INFO  impl.FollowerState (FollowerState.java:run(142)) - f8feeaac-d8ae-4c99-8c47-cf05d6facd09@group-248E97A0B5F6-FollowerState was interrupted: {}
java.lang.InterruptedException: sleep interrupted
	at java.lang.Thread.sleep(Native Method)
	at java.lang.Thread.sleep(Thread.java:340)
	at java.util.concurrent.TimeUnit.sleep(TimeUnit.java:386)
	at org.apache.ratis.util.TimeDuration.sleep(TimeDuration.java:324)
	at org.apache.ratis.util.TimeDuration.sleep(TimeDuration.java:309)
	at org.apache.ratis.server.impl.FollowerState.run(FollowerState.java:117)
2021-02-14 01:49:48,618 [grpc-default-executor-3] INFO  ratis.XceiverServerRatis (XceiverServerRatis.java:handleLeaderChangedNotification(899)) - Leader change notification received for group: group-248E97A0B5F6 with new leaderId: 13da2f53-0476-4a03-b606-a9c3a1877f5a
2021-02-14 01:49:48,618 [grpc-default-executor-3] INFO  server.RaftServer$Division (ServerState.java:setLeader(271)) - 2ec71a43-acc1-42a3-b8ca-de3ee762a3c9@group-248E97A0B5F6: change Leader from null to 13da2f53-0476-4a03-b606-a9c3a1877f5a at term 1 for appendEntries, leader elected after 5132ms
2021-02-14 01:49:48,621 [f8feeaac-d8ae-4c99-8c47-cf05d6facd09@group-248E97A0B5F6-LeaderElection30] INFO  impl.LeaderElection (LeaderElection.java:askForVotes(307)) - f8feeaac-d8ae-4c99-8c47-cf05d6facd09@group-248E97A0B5F6-LeaderElection30 ELECTION round 0: submit vote requests at term 2 for -1: [2ec71a43-acc1-42a3-b8ca-de3ee762a3c9|rpc:172.17.0.2:42675|priority:0, f8feeaac-d8ae-4c99-8c47-cf05d6facd09|rpc:172.17.0.2:42991|priority:0, 13da2f53-0476-4a03-b606-a9c3a1877f5a|rpc:172.17.0.2:44773|priority:1], old=null
2021-02-14 01:49:48,629 [grpc-default-executor-3] INFO  server.RaftServer$Division (ServerState.java:setRaftConf(373)) - 2ec71a43-acc1-42a3-b8ca-de3ee762a3c9@group-248E97A0B5F6: set configuration 0: [2ec71a43-acc1-42a3-b8ca-de3ee762a3c9|rpc:172.17.0.2:42675|dataStream:|priority:0, f8feeaac-d8ae-4c99-8c47-cf05d6facd09|rpc:172.17.0.2:42991|dataStream:|priority:0, 13da2f53-0476-4a03-b606-a9c3a1877f5a|rpc:172.17.0.2:44773|dataStream:|priority:1], old=null
2021-02-14 01:49:48,630 [grpc-default-executor-3] INFO  segmented.SegmentedRaftLogWorker (SegmentedRaftLogWorker.java:startLogSegment(392)) - 2ec71a43-acc1-42a3-b8ca-de3ee762a3c9@group-248E97A0B5F6-SegmentedRaftLogWorker: Starting segment from index:0
2021-02-14 01:49:48,630 [Thread-903] INFO  server.RaftServer$Division (ServerState.java:setLeader(271)) - 13da2f53-0476-4a03-b606-a9c3a1877f5a@group-248E97A0B5F6: change Leader from 13da2f53-0476-4a03-b606-a9c3a1877f5a to null at term 2 for updateCurrentTerm
2021-02-14 01:49:48,631 [Thread-903] INFO  server.RaftServer$Division (RaftServerImpl.java:setRole(284)) - 13da2f53-0476-4a03-b606-a9c3a1877f5a@group-248E97A0B5F6: changes role from    LEADER to FOLLOWER at term 2 for StepDownReason:HIGHER_TERM
2021-02-14 01:49:48,631 [Thread-903] INFO  impl.RoleInfo (RoleInfo.java:shutdownLeaderState(91)) - 13da2f53-0476-4a03-b606-a9c3a1877f5a: shutdown 13da2f53-0476-4a03-b606-a9c3a1877f5a@group-248E97A0B5F6-LeaderStateImpl
2021-02-14 01:49:48,631 [Thread-903] INFO  metrics.RatisMetrics (RatisMetrics.java:unregister(43)) - Unregistering Metrics Registry : ratis_grpc.log_appender.13da2f53-0476-4a03-b606-a9c3a1877f5a@group-248E97A0B5F6
2021-02-14 01:49:48,631 [Thread-903] INFO  metrics.RatisMetrics (RatisMetrics.java:unregister(43)) - Unregistering Metrics Registry : ratis_grpc.log_appender.13da2f53-0476-4a03-b606-a9c3a1877f5a@group-248E97A0B5F6
2021-02-14 01:49:48,632 [13da2f53-0476-4a03-b606-a9c3a1877f5a@group-248E97A0B5F6->f8feeaac-d8ae-4c99-8c47-cf05d6facd09-GrpcLogAppender-LogAppenderDaemon] WARN  server.GrpcLogAppender (GrpcLogAppender.java:mayWait(175)) - 13da2f53-0476-4a03-b606-a9c3a1877f5a@group-248E97A0B5F6->f8feeaac-d8ae-4c99-8c47-cf05d6facd09-GrpcLogAppender: Wait interrupted by java.lang.InterruptedException
2021-02-14 01:49:48,632 [Thread-903] INFO  impl.PendingRequests (PendingRequests.java:sendNotLeaderResponses(249)) - 13da2f53-0476-4a03-b606-a9c3a1877f5a@group-248E97A0B5F6-PendingRequests: sendNotLeaderResponses
2021-02-14 01:49:48,632 [Thread-903] INFO  metrics.RatisMetrics (RatisMetrics.java:unregister(43)) - Unregistering Metrics Registry : ratis.log_appender.13da2f53-0476-4a03-b606-a9c3a1877f5a@group-248E97A0B5F6
2021-02-14 01:49:48,632 [Thread-903] INFO  metrics.RatisMetrics (RatisMetrics.java:unregister(43)) - Unregistering Metrics Registry : ratis.server.13da2f53-0476-4a03-b606-a9c3a1877f5a@group-248E97A0B5F6
2021-02-14 01:49:48,632 [Thread-903] INFO  impl.RoleInfo (RoleInfo.java:updateAndGet(130)) - 13da2f53-0476-4a03-b606-a9c3a1877f5a: start 13da2f53-0476-4a03-b606-a9c3a1877f5a@group-248E97A0B5F6-FollowerState
2021-02-14 01:49:48,632 [13da2f53-0476-4a03-b606-a9c3a1877f5a@group-248E97A0B5F6->2ec71a43-acc1-42a3-b8ca-de3ee762a3c9-GrpcLogAppender-LogAppenderDaemon] WARN  server.GrpcLogAppender (GrpcLogAppender.java:mayWait(175)) - 13da2f53-0476-4a03-b606-a9c3a1877f5a@group-248E97A0B5F6->2ec71a43-acc1-42a3-b8ca-de3ee762a3c9-GrpcLogAppender: Wait interrupted by java.lang.InterruptedException
2021-02-14 01:49:48,633 [grpc-default-executor-1] INFO  server.GrpcServerProtocolService (GrpcServerProtocolService.java:onCompleted(138)) - 2ec71a43-acc1-42a3-b8ca-de3ee762a3c9: Completed APPEND_ENTRIES, lastRequest: 13da2f53-0476-4a03-b606-a9c3a1877f5a->2ec71a43-acc1-42a3-b8ca-de3ee762a3c9#1-t1,previous=(t:0, i:0),leaderCommit=-1,initializing? true,entries: size=1, first=(t:1, i:0), CONFIGURATIONENTRY
2021-02-14 01:49:48,633 [2ec71a43-acc1-42a3-b8ca-de3ee762a3c9@group-248E97A0B5F6-SegmentedRaftLogWorker] INFO  segmented.SegmentedRaftLogWorker (SegmentedRaftLogWorker.java:execute(599)) - 2ec71a43-acc1-42a3-b8ca-de3ee762a3c9@group-248E97A0B5F6-SegmentedRaftLogWorker: created new log segment /github/workspace/mnt/ozone/hadoop-ozone/integration-test/target/test-dir/MiniOzoneClusterImpl-b3eef9e8-6bea-4ca1-9f7b-091cac69c924/datanode-2/data/ratis/12b43190-c0bf-432e-b224-248e97a0b5f6/current/log_inprogress_0
2021-02-14 01:49:48,633 [grpc-default-executor-2] INFO  server.GrpcLogAppender (GrpcLogAppender.java:onCompleted(344)) - 13da2f53-0476-4a03-b606-a9c3a1877f5a@group-248E97A0B5F6->2ec71a43-acc1-42a3-b8ca-de3ee762a3c9-AppendLogResponseHandler: follower responses appendEntries COMPLETED
2021-02-14 01:49:48,633 [grpc-default-executor-2] INFO  leader.FollowerInfo (FollowerInfoImpl.java:lambda$new$0(46)) - 13da2f53-0476-4a03-b606-a9c3a1877f5a@group-248E97A0B5F6->2ec71a43-acc1-42a3-b8ca-de3ee762a3c9: nextIndex: updateUnconditionally 1 -> 0
2021-02-14 01:49:48,639 [grpc-default-executor-2] INFO  server.RaftServer$Division (RaftServerImpl.java:requestVote(1025)) - 2ec71a43-acc1-42a3-b8ca-de3ee762a3c9@group-248E97A0B5F6: receive requestVote(ELECTION, f8feeaac-d8ae-4c99-8c47-cf05d6facd09, group-248E97A0B5F6, 2, (t:0, i:0))
2021-02-14 01:49:48,639 [grpc-default-executor-2] INFO  impl.VoteContext (VoteContext.java:log(48)) - 2ec71a43-acc1-42a3-b8ca-de3ee762a3c9@group-248E97A0B5F6-FOLLOWER: reject ELECTION from f8feeaac-d8ae-4c99-8c47-cf05d6facd09: our last entry (t:1, i:0) > candidate's last entry (t:0, i:0)
2021-02-14 01:49:48,639 [grpc-default-executor-2] INFO  server.RaftServer$Division (ServerState.java:setLeader(271)) - 2ec71a43-acc1-42a3-b8ca-de3ee762a3c9@group-248E97A0B5F6: change Leader from 13da2f53-0476-4a03-b606-a9c3a1877f5a to null at term 2 for updateCurrentTerm
2021-02-14 01:49:48,639 [grpc-default-executor-2] INFO  server.RaftServer$Division (RaftServerImpl.java:setRole(284)) - 2ec71a43-acc1-42a3-b8ca-de3ee762a3c9@group-248E97A0B5F6: changes role from  FOLLOWER to FOLLOWER at term 2 for candidate:f8feeaac-d8ae-4c99-8c47-cf05d6facd09
2021-02-14 01:49:48,639 [grpc-default-executor-2] INFO  impl.RoleInfo (RoleInfo.java:shutdownFollowerState(108)) - 2ec71a43-acc1-42a3-b8ca-de3ee762a3c9: shutdown 2ec71a43-acc1-42a3-b8ca-de3ee762a3c9@group-248E97A0B5F6-FollowerState
2021-02-14 01:49:48,639 [grpc-default-executor-2] INFO  impl.RoleInfo (RoleInfo.java:updateAndGet(130)) - 2ec71a43-acc1-42a3-b8ca-de3ee762a3c9: start 2ec71a43-acc1-42a3-b8ca-de3ee762a3c9@group-248E97A0B5F6-FollowerState
2021-02-14 01:49:48,639 [Thread-901] INFO  impl.FollowerState (FollowerState.java:run(142)) - 2ec71a43-acc1-42a3-b8ca-de3ee762a3c9@group-248E97A0B5F6-FollowerState was interrupted: {}
java.lang.InterruptedException: sleep interrupted
	at java.lang.Thread.sleep(Native Method)
	at java.lang.Thread.sleep(Thread.java:340)
	at java.util.concurrent.TimeUnit.sleep(TimeUnit.java:386)
	at org.apache.ratis.util.TimeDuration.sleep(TimeDuration.java:324)
	at org.apache.ratis.util.TimeDuration.sleep(TimeDuration.java:309)
	at org.apache.ratis.server.impl.FollowerState.run(FollowerState.java:117)
2021-02-14 01:49:48,640 [grpc-default-executor-4] INFO  server.GrpcServerProtocolService (GrpcServerProtocolService.java:onCompleted(138)) - f8feeaac-d8ae-4c99-8c47-cf05d6facd09: Completed APPEND_ENTRIES, lastRequest: 13da2f53-0476-4a03-b606-a9c3a1877f5a->f8feeaac-d8ae-4c99-8c47-cf05d6facd09#1-t1,previous=(t:0, i:0),leaderCommit=-1,initializing? true,entries: size=1, first=(t:1, i:0), CONFIGURATIONENTRY
2021-02-14 01:49:48,645 [grpc-default-executor-2] INFO  server.RaftServer$Division (RaftServerImpl.java:requestVote(1057)) - 2ec71a43-acc1-42a3-b8ca-de3ee762a3c9@group-248E97A0B5F6 replies to ELECTION vote request: f8feeaac-d8ae-4c99-8c47-cf05d6facd09<-2ec71a43-acc1-42a3-b8ca-de3ee762a3c9#0:FAIL-t2. Peer's state: 2ec71a43-acc1-42a3-b8ca-de3ee762a3c9@group-248E97A0B5F6:t2, leader=null, voted=null, raftlog=2ec71a43-acc1-42a3-b8ca-de3ee762a3c9@group-248E97A0B5F6-SegmentedRaftLog:OPENED:c-1,f0,i0, conf=0: [2ec71a43-acc1-42a3-b8ca-de3ee762a3c9|rpc:172.17.0.2:42675|dataStream:|priority:0, f8feeaac-d8ae-4c99-8c47-cf05d6facd09|rpc:172.17.0.2:42991|dataStream:|priority:0, 13da2f53-0476-4a03-b606-a9c3a1877f5a|rpc:172.17.0.2:44773|dataStream:|priority:1], old=null
2021-02-14 01:49:48,645 [grpc-default-executor-4] INFO  server.GrpcLogAppender (GrpcLogAppender.java:onCompleted(344)) - 13da2f53-0476-4a03-b606-a9c3a1877f5a@group-248E97A0B5F6->f8feeaac-d8ae-4c99-8c47-cf05d6facd09-AppendLogResponseHandler: follower responses appendEntries COMPLETED
2021-02-14 01:49:48,645 [grpc-default-executor-4] INFO  leader.FollowerInfo (FollowerInfoImpl.java:lambda$new$0(46)) - 13da2f53-0476-4a03-b606-a9c3a1877f5a@group-248E97A0B5F6->f8feeaac-d8ae-4c99-8c47-cf05d6facd09: nextIndex: updateUnconditionally 1 -> 0
2021-02-14 01:49:48,650 [grpc-default-executor-4] INFO  server.RaftServer$Division (RaftServerImpl.java:requestVote(1025)) - 13da2f53-0476-4a03-b606-a9c3a1877f5a@group-248E97A0B5F6: receive requestVote(ELECTION, f8feeaac-d8ae-4c99-8c47-cf05d6facd09, group-248E97A0B5F6, 2, (t:0, i:0))
2021-02-14 01:49:48,650 [grpc-default-executor-4] INFO  impl.VoteContext (VoteContext.java:log(48)) - 13da2f53-0476-4a03-b606-a9c3a1877f5a@group-248E97A0B5F6-FOLLOWER: reject ELECTION from f8feeaac-d8ae-4c99-8c47-cf05d6facd09: our last entry (t:1, i:0) > candidate's last entry (t:0, i:0)
2021-02-14 01:49:48,651 [grpc-default-executor-4] INFO  server.RaftServer$Division (RaftServerImpl.java:setRole(284)) - 13da2f53-0476-4a03-b606-a9c3a1877f5a@group-248E97A0B5F6: changes role from  FOLLOWER to FOLLOWER at term 2 for candidate:f8feeaac-d8ae-4c99-8c47-cf05d6facd09
2021-02-14 01:49:48,651 [grpc-default-executor-4] INFO  impl.RoleInfo (RoleInfo.java:shutdownFollowerState(108)) - 13da2f53-0476-4a03-b606-a9c3a1877f5a: shutdown 13da2f53-0476-4a03-b606-a9c3a1877f5a@group-248E97A0B5F6-FollowerState
2021-02-14 01:49:48,651 [grpc-default-executor-4] INFO  impl.RoleInfo (RoleInfo.java:updateAndGet(130)) - 13da2f53-0476-4a03-b606-a9c3a1877f5a: start 13da2f53-0476-4a03-b606-a9c3a1877f5a@group-248E97A0B5F6-FollowerState
2021-02-14 01:49:48,653 [Thread-912] INFO  impl.FollowerState (FollowerState.java:run(142)) - 13da2f53-0476-4a03-b606-a9c3a1877f5a@group-248E97A0B5F6-FollowerState was interrupted: {}
java.lang.InterruptedException: sleep interrupted
	at java.lang.Thread.sleep(Native Method)
	at java.lang.Thread.sleep(Thread.java:340)
	at java.util.concurrent.TimeUnit.sleep(TimeUnit.java:386)
	at org.apache.ratis.util.TimeDuration.sleep(TimeDuration.java:324)
	at org.apache.ratis.util.TimeDuration.sleep(TimeDuration.java:309)
	at org.apache.ratis.server.impl.FollowerState.run(FollowerState.java:117)
2021-02-14 01:49:48,660 [grpc-default-executor-4] INFO  server.RaftServer$Division (RaftServerImpl.java:requestVote(1057)) - 13da2f53-0476-4a03-b606-a9c3a1877f5a@group-248E97A0B5F6 replies to ELECTION vote request: f8feeaac-d8ae-4c99-8c47-cf05d6facd09<-13da2f53-0476-4a03-b606-a9c3a1877f5a#0:FAIL-t2. Peer's state: 13da2f53-0476-4a03-b606-a9c3a1877f5a@group-248E97A0B5F6:t2, leader=null, voted=null, raftlog=13da2f53-0476-4a03-b606-a9c3a1877f5a@group-248E97A0B5F6-SegmentedRaftLog:OPENED:c0,f0,i0, conf=0: [2ec71a43-acc1-42a3-b8ca-de3ee762a3c9|rpc:172.17.0.2:42675|dataStream:|priority:0, f8feeaac-d8ae-4c99-8c47-cf05d6facd09|rpc:172.17.0.2:42991|dataStream:|priority:0, 13da2f53-0476-4a03-b606-a9c3a1877f5a|rpc:172.17.0.2:44773|dataStream:|priority:1], old=null
2021-02-14 01:49:48,663 [f8feeaac-d8ae-4c99-8c47-cf05d6facd09@group-248E97A0B5F6-LeaderElection30] INFO  impl.LeaderElection (LeaderElection.java:logAndReturn(89)) - f8feeaac-d8ae-4c99-8c47-cf05d6facd09@group-248E97A0B5F6-LeaderElection30: ELECTION REJECTED received 2 response(s) and 0 exception(s):
2021-02-14 01:49:48,663 [f8feeaac-d8ae-4c99-8c47-cf05d6facd09@group-248E97A0B5F6-LeaderElection30] INFO  impl.LeaderElection (LeaderElection.java:logAndReturn(93)) -   Response 0: f8feeaac-d8ae-4c99-8c47-cf05d6facd09<-2ec71a43-acc1-42a3-b8ca-de3ee762a3c9#0:FAIL-t2
2021-02-14 01:49:48,663 [f8feeaac-d8ae-4c99-8c47-cf05d6facd09@group-248E97A0B5F6-LeaderElection30] INFO  impl.LeaderElection (LeaderElection.java:logAndReturn(93)) -   Response 1: f8feeaac-d8ae-4c99-8c47-cf05d6facd09<-13da2f53-0476-4a03-b606-a9c3a1877f5a#0:FAIL-t2
2021-02-14 01:49:48,663 [f8feeaac-d8ae-4c99-8c47-cf05d6facd09@group-248E97A0B5F6-LeaderElection30] INFO  impl.LeaderElection (LeaderElection.java:askForVotes(309)) - f8feeaac-d8ae-4c99-8c47-cf05d6facd09@group-248E97A0B5F6-LeaderElection30 ELECTION round 0: result REJECTED
2021-02-14 01:49:48,663 [f8feeaac-d8ae-4c99-8c47-cf05d6facd09@group-248E97A0B5F6-LeaderElection30] INFO  server.RaftServer$Division (RaftServerImpl.java:setRole(284)) - f8feeaac-d8ae-4c99-8c47-cf05d6facd09@group-248E97A0B5F6: changes role from CANDIDATE to FOLLOWER at term 2 for REJECTED
2021-02-14 01:49:48,663 [f8feeaac-d8ae-4c99-8c47-cf05d6facd09@group-248E97A0B5F6-LeaderElection30] INFO  impl.RoleInfo (RoleInfo.java:shutdownLeaderElection(121)) - f8feeaac-d8ae-4c99-8c47-cf05d6facd09: shutdown f8feeaac-d8ae-4c99-8c47-cf05d6facd09@group-248E97A0B5F6-LeaderElection30
2021-02-14 01:49:48,663 [f8feeaac-d8ae-4c99-8c47-cf05d6facd09@group-248E97A0B5F6-LeaderElection30] INFO  impl.RoleInfo (RoleInfo.java:updateAndGet(130)) - f8feeaac-d8ae-4c99-8c47-cf05d6facd09: start f8feeaac-d8ae-4c99-8c47-cf05d6facd09@group-248E97A0B5F6-FollowerState
2021-02-14 01:49:48,738 [Thread-865] INFO  impl.FollowerState (FollowerState.java:run(133)) - 13da2f53-0476-4a03-b606-a9c3a1877f5a@group-88E6FB4C8968-FollowerState: change to CANDIDATE, lastRpcElapsedTime:5122797582ns, electionTimeout:5119ms
2021-02-14 01:49:48,738 [Thread-865] INFO  impl.RoleInfo (RoleInfo.java:shutdownFollowerState(108)) - 13da2f53-0476-4a03-b606-a9c3a1877f5a: shutdown 13da2f53-0476-4a03-b606-a9c3a1877f5a@group-88E6FB4C8968-FollowerState
2021-02-14 01:49:48,738 [Thread-865] INFO  server.RaftServer$Division (RaftServerImpl.java:setRole(284)) - 13da2f53-0476-4a03-b606-a9c3a1877f5a@group-88E6FB4C8968: changes role from  FOLLOWER to CANDIDATE at term 0 for changeToCandidate
2021-02-14 01:49:48,738 [Thread-865] INFO  server.RaftServerConfigKeys (ConfUtils.java:logGet(44)) - raft.server.leaderelection.pre-vote = false (custom)
2021-02-14 01:49:48,738 [Thread-865] INFO  impl.RoleInfo (RoleInfo.java:updateAndGet(130)) - 13da2f53-0476-4a03-b606-a9c3a1877f5a: start 13da2f53-0476-4a03-b606-a9c3a1877f5a@group-88E6FB4C8968-LeaderElection31
2021-02-14 01:49:48,741 [13da2f53-0476-4a03-b606-a9c3a1877f5a@group-88E6FB4C8968-LeaderElection31] INFO  impl.LeaderElection (LeaderElection.java:askForVotes(307)) - 13da2f53-0476-4a03-b606-a9c3a1877f5a@group-88E6FB4C8968-LeaderElection31 ELECTION round 0: submit vote requests at term 1 for -1: [13da2f53-0476-4a03-b606-a9c3a1877f5a|rpc:172.17.0.2:44773|priority:1], old=null
2021-02-14 01:49:48,741 [13da2f53-0476-4a03-b606-a9c3a1877f5a@group-88E6FB4C8968-LeaderElection31] INFO  impl.LeaderElection (LeaderElection.java:askForVotes(309)) - 13da2f53-0476-4a03-b606-a9c3a1877f5a@group-88E6FB4C8968-LeaderElection31 ELECTION round 0: result PASSED (term=1)
2021-02-14 01:49:48,741 [13da2f53-0476-4a03-b606-a9c3a1877f5a@group-88E6FB4C8968-LeaderElection31] INFO  impl.RoleInfo (RoleInfo.java:shutdownLeaderElection(121)) - 13da2f53-0476-4a03-b606-a9c3a1877f5a: shutdown 13da2f53-0476-4a03-b606-a9c3a1877f5a@group-88E6FB4C8968-LeaderElection31
2021-02-14 01:49:48,741 [13da2f53-0476-4a03-b606-a9c3a1877f5a@group-88E6FB4C8968-LeaderElection31] INFO  server.RaftServer$Division (RaftServerImpl.java:setRole(284)) - 13da2f53-0476-4a03-b606-a9c3a1877f5a@group-88E6FB4C8968: changes role from CANDIDATE to LEADER at term 1 for changeToLeader
2021-02-14 01:49:48,741 [13da2f53-0476-4a03-b606-a9c3a1877f5a@group-88E6FB4C8968-LeaderElection31] INFO  ratis.XceiverServerRatis (XceiverServerRatis.java:handleLeaderChangedNotification(899)) - Leader change notification received for group: group-88E6FB4C8968 with new leaderId: 13da2f53-0476-4a03-b606-a9c3a1877f5a
2021-02-14 01:49:48,741 [13da2f53-0476-4a03-b606-a9c3a1877f5a@group-88E6FB4C8968-LeaderElection31] INFO  server.RaftServer$Division (ServerState.java:setLeader(271)) - 13da2f53-0476-4a03-b606-a9c3a1877f5a@group-88E6FB4C8968: change Leader from null to 13da2f53-0476-4a03-b606-a9c3a1877f5a at term 1 for becomeLeader, leader elected after 5133ms
2021-02-14 01:49:48,741 [13da2f53-0476-4a03-b606-a9c3a1877f5a@group-88E6FB4C8968-LeaderElection31] INFO  server.RaftServerConfigKeys (ConfUtils.java:logGet(44)) - raft.server.staging.catchup.gap = 1000 (default)
2021-02-14 01:49:48,741 [13da2f53-0476-4a03-b606-a9c3a1877f5a@group-88E6FB4C8968-LeaderElection31] INFO  metrics.RatisMetrics (RatisMetrics.java:lambda$create$0(36)) - Creating Metrics Registry : ratis.log_appender.13da2f53-0476-4a03-b606-a9c3a1877f5a@group-88E6FB4C8968
2021-02-14 01:49:48,742 [13da2f53-0476-4a03-b606-a9c3a1877f5a@group-88E6FB4C8968-LeaderElection31] INFO  server.RaftServerConfigKeys (ConfUtils.java:logGet(44)) - raft.server.write.element-limit = 1024 (custom)
2021-02-14 01:49:48,742 [13da2f53-0476-4a03-b606-a9c3a1877f5a@group-88E6FB4C8968-LeaderElection31] INFO  server.RaftServerConfigKeys (ConfUtils.java:logGet(44)) - raft.server.write.byte-limit = 1073741824 (custom)
2021-02-14 01:49:48,747 [13da2f53-0476-4a03-b606-a9c3a1877f5a@group-88E6FB4C8968-LeaderElection31] INFO  server.RaftServerConfigKeys (ConfUtils.java:logGet(44)) - raft.server.watch.timeout = 3000ms (custom)
2021-02-14 01:49:48,747 [13da2f53-0476-4a03-b606-a9c3a1877f5a@group-88E6FB4C8968-LeaderElection31] INFO  server.RaftServerConfigKeys (ConfUtils.java:logGet(44)) - raft.server.watch.timeout.denomination = 1s (default)
2021-02-14 01:49:48,747 [13da2f53-0476-4a03-b606-a9c3a1877f5a@group-88E6FB4C8968-LeaderElection31] INFO  server.RaftServerConfigKeys (ConfUtils.java:logGet(44)) - raft.server.watch.element-limit = 65536 (default)
2021-02-14 01:49:48,747 [13da2f53-0476-4a03-b606-a9c3a1877f5a@group-88E6FB4C8968-LeaderElection31] INFO  impl.RoleInfo (RoleInfo.java:updateAndGet(130)) - 13da2f53-0476-4a03-b606-a9c3a1877f5a: start 13da2f53-0476-4a03-b606-a9c3a1877f5a@group-88E6FB4C8968-LeaderStateImpl
2021-02-14 01:49:48,747 [13da2f53-0476-4a03-b606-a9c3a1877f5a@group-88E6FB4C8968-LeaderElection31] INFO  segmented.SegmentedRaftLogWorker (SegmentedRaftLogWorker.java:startLogSegment(392)) - 13da2f53-0476-4a03-b606-a9c3a1877f5a@group-88E6FB4C8968-SegmentedRaftLogWorker: Starting segment from index:0
2021-02-14 01:49:48,752 [13da2f53-0476-4a03-b606-a9c3a1877f5a@group-88E6FB4C8968-LeaderElection31] INFO  server.RaftServer$Division (ServerState.java:setRaftConf(373)) - 13da2f53-0476-4a03-b606-a9c3a1877f5a@group-88E6FB4C8968: set configuration 0: [13da2f53-0476-4a03-b606-a9c3a1877f5a|rpc:172.17.0.2:44773|dataStream:|priority:1], old=null
2021-02-14 01:49:48,753 [13da2f53-0476-4a03-b606-a9c3a1877f5a@group-88E6FB4C8968-SegmentedRaftLogWorker] INFO  segmented.SegmentedRaftLogWorker (SegmentedRaftLogWorker.java:execute(599)) - 13da2f53-0476-4a03-b606-a9c3a1877f5a@group-88E6FB4C8968-SegmentedRaftLogWorker: created new log segment /github/workspace/mnt/ozone/hadoop-ozone/integration-test/target/test-dir/MiniOzoneClusterImpl-b3eef9e8-6bea-4ca1-9f7b-091cac69c924/datanode-1/data/ratis/62741a13-1100-4dfe-82cb-88e6fb4c8968/current/log_inprogress_0
2021-02-14 01:49:48,901 [Thread-867] INFO  impl.FollowerState (FollowerState.java:run(133)) - 2ec71a43-acc1-42a3-b8ca-de3ee762a3c9@group-FE19062429C6-FollowerState: change to CANDIDATE, lastRpcElapsedTime:5009016109ns, electionTimeout:5008ms
2021-02-14 01:49:48,902 [Thread-867] INFO  impl.RoleInfo (RoleInfo.java:shutdownFollowerState(108)) - 2ec71a43-acc1-42a3-b8ca-de3ee762a3c9: shutdown 2ec71a43-acc1-42a3-b8ca-de3ee762a3c9@group-FE19062429C6-FollowerState
2021-02-14 01:49:48,902 [Thread-867] INFO  server.RaftServer$Division (RaftServerImpl.java:setRole(284)) - 2ec71a43-acc1-42a3-b8ca-de3ee762a3c9@group-FE19062429C6: changes role from  FOLLOWER to CANDIDATE at term 0 for changeToCandidate
2021-02-14 01:49:48,903 [Thread-867] INFO  server.RaftServerConfigKeys (ConfUtils.java:logGet(44)) - raft.server.leaderelection.pre-vote = false (custom)
2021-02-14 01:49:48,903 [Thread-867] INFO  impl.RoleInfo (RoleInfo.java:updateAndGet(130)) - 2ec71a43-acc1-42a3-b8ca-de3ee762a3c9: start 2ec71a43-acc1-42a3-b8ca-de3ee762a3c9@group-FE19062429C6-LeaderElection32
2021-02-14 01:49:48,908 [2ec71a43-acc1-42a3-b8ca-de3ee762a3c9@group-FE19062429C6-LeaderElection32] INFO  impl.LeaderElection (LeaderElection.java:askForVotes(307)) - 2ec71a43-acc1-42a3-b8ca-de3ee762a3c9@group-FE19062429C6-LeaderElection32 ELECTION round 0: submit vote requests at term 1 for -1: [2ec71a43-acc1-42a3-b8ca-de3ee762a3c9|rpc:172.17.0.2:42675|priority:1], old=null
2021-02-14 01:49:48,909 [2ec71a43-acc1-42a3-b8ca-de3ee762a3c9@group-FE19062429C6-LeaderElection32] INFO  impl.LeaderElection (LeaderElection.java:askForVotes(309)) - 2ec71a43-acc1-42a3-b8ca-de3ee762a3c9@group-FE19062429C6-LeaderElection32 ELECTION round 0: result PASSED (term=1)
2021-02-14 01:49:48,909 [2ec71a43-acc1-42a3-b8ca-de3ee762a3c9@group-FE19062429C6-LeaderElection32] INFO  impl.RoleInfo (RoleInfo.java:shutdownLeaderElection(121)) - 2ec71a43-acc1-42a3-b8ca-de3ee762a3c9: shutdown 2ec71a43-acc1-42a3-b8ca-de3ee762a3c9@group-FE19062429C6-LeaderElection32
2021-02-14 01:49:48,909 [2ec71a43-acc1-42a3-b8ca-de3ee762a3c9@group-FE19062429C6-LeaderElection32] INFO  server.RaftServer$Division (RaftServerImpl.java:setRole(284)) - 2ec71a43-acc1-42a3-b8ca-de3ee762a3c9@group-FE19062429C6: changes role from CANDIDATE to LEADER at term 1 for changeToLeader
2021-02-14 01:49:48,909 [2ec71a43-acc1-42a3-b8ca-de3ee762a3c9@group-FE19062429C6-LeaderElection32] INFO  ratis.XceiverServerRatis (XceiverServerRatis.java:handleLeaderChangedNotification(899)) - Leader change notification received for group: group-FE19062429C6 with new leaderId: 2ec71a43-acc1-42a3-b8ca-de3ee762a3c9
2021-02-14 01:49:48,909 [2ec71a43-acc1-42a3-b8ca-de3ee762a3c9@group-FE19062429C6-LeaderElection32] INFO  server.RaftServer$Division (ServerState.java:setLeader(271)) - 2ec71a43-acc1-42a3-b8ca-de3ee762a3c9@group-FE19062429C6: change Leader from null to 2ec71a43-acc1-42a3-b8ca-de3ee762a3c9 at term 1 for becomeLeader, leader elected after 5024ms
2021-02-14 01:49:48,909 [2ec71a43-acc1-42a3-b8ca-de3ee762a3c9@group-FE19062429C6-LeaderElection32] INFO  server.RaftServerConfigKeys (ConfUtils.java:logGet(44)) - raft.server.staging.catchup.gap = 1000 (default)
2021-02-14 01:49:48,909 [2ec71a43-acc1-42a3-b8ca-de3ee762a3c9@group-FE19062429C6-LeaderElection32] INFO  metrics.RatisMetrics (RatisMetrics.java:lambda$create$0(36)) - Creating Metrics Registry : ratis.log_appender.2ec71a43-acc1-42a3-b8ca-de3ee762a3c9@group-FE19062429C6
2021-02-14 01:49:48,909 [2ec71a43-acc1-42a3-b8ca-de3ee762a3c9@group-FE19062429C6-LeaderElection32] INFO  server.RaftServerConfigKeys (ConfUtils.java:logGet(44)) - raft.server.write.element-limit = 1024 (custom)
2021-02-14 01:49:48,909 [2ec71a43-acc1-42a3-b8ca-de3ee762a3c9@group-FE19062429C6-LeaderElection32] INFO  server.RaftServerConfigKeys (ConfUtils.java:logGet(44)) - raft.server.write.byte-limit = 1073741824 (custom)
2021-02-14 01:49:48,910 [2ec71a43-acc1-42a3-b8ca-de3ee762a3c9@group-FE19062429C6-LeaderElection32] INFO  server.RaftServerConfigKeys (ConfUtils.java:logGet(44)) - raft.server.watch.timeout = 3000ms (custom)
2021-02-14 01:49:48,910 [2ec71a43-acc1-42a3-b8ca-de3ee762a3c9@group-FE19062429C6-LeaderElection32] INFO  server.RaftServerConfigKeys (ConfUtils.java:logGet(44)) - raft.server.watch.timeout.denomination = 1s (default)
2021-02-14 01:49:48,910 [2ec71a43-acc1-42a3-b8ca-de3ee762a3c9@group-FE19062429C6-LeaderElection32] INFO  server.RaftServerConfigKeys (ConfUtils.java:logGet(44)) - raft.server.watch.element-limit = 65536 (default)
2021-02-14 01:49:48,910 [2ec71a43-acc1-42a3-b8ca-de3ee762a3c9@group-FE19062429C6-LeaderElection32] INFO  impl.RoleInfo (RoleInfo.java:updateAndGet(130)) - 2ec71a43-acc1-42a3-b8ca-de3ee762a3c9: start 2ec71a43-acc1-42a3-b8ca-de3ee762a3c9@group-FE19062429C6-LeaderStateImpl
2021-02-14 01:49:48,910 [2ec71a43-acc1-42a3-b8ca-de3ee762a3c9@group-FE19062429C6-LeaderElection32] INFO  segmented.SegmentedRaftLogWorker (SegmentedRaftLogWorker.java:startLogSegment(392)) - 2ec71a43-acc1-42a3-b8ca-de3ee762a3c9@group-FE19062429C6-SegmentedRaftLogWorker: Starting segment from index:0
2021-02-14 01:49:48,912 [2ec71a43-acc1-42a3-b8ca-de3ee762a3c9@group-FE19062429C6-SegmentedRaftLogWorker] INFO  segmented.SegmentedRaftLogWorker (SegmentedRaftLogWorker.java:execute(599)) - 2ec71a43-acc1-42a3-b8ca-de3ee762a3c9@group-FE19062429C6-SegmentedRaftLogWorker: created new log segment /github/workspace/mnt/ozone/hadoop-ozone/integration-test/target/test-dir/MiniOzoneClusterImpl-b3eef9e8-6bea-4ca1-9f7b-091cac69c924/datanode-2/data/ratis/bd014bce-115a-4ac1-b75e-fe19062429c6/current/log_inprogress_0
2021-02-14 01:49:48,913 [2ec71a43-acc1-42a3-b8ca-de3ee762a3c9@group-FE19062429C6-LeaderElection32] INFO  server.RaftServer$Division (ServerState.java:setRaftConf(373)) - 2ec71a43-acc1-42a3-b8ca-de3ee762a3c9@group-FE19062429C6: set configuration 0: [2ec71a43-acc1-42a3-b8ca-de3ee762a3c9|rpc:172.17.0.2:42675|dataStream:|priority:1], old=null
2021-02-14 01:49:49,279 [Thread-871] INFO  impl.FollowerState (FollowerState.java:run(133)) - 7f0f79db-cac0-4201-a2ab-ddfae922df70@group-2DF9806E95A3-FollowerState: change to CANDIDATE, lastRpcElapsedTime:5029165658ns, electionTimeout:5028ms
2021-02-14 01:49:49,279 [Thread-871] INFO  impl.RoleInfo (RoleInfo.java:shutdownFollowerState(108)) - 7f0f79db-cac0-4201-a2ab-ddfae922df70: shutdown 7f0f79db-cac0-4201-a2ab-ddfae922df70@group-2DF9806E95A3-FollowerState
2021-02-14 01:49:49,279 [Thread-871] INFO  server.RaftServer$Division (RaftServerImpl.java:setRole(284)) - 7f0f79db-cac0-4201-a2ab-ddfae922df70@group-2DF9806E95A3: changes role from  FOLLOWER to CANDIDATE at term 0 for changeToCandidate
2021-02-14 01:49:49,280 [Thread-871] INFO  server.RaftServerConfigKeys (ConfUtils.java:logGet(44)) - raft.server.leaderelection.pre-vote = false (custom)
2021-02-14 01:49:49,280 [Thread-871] INFO  impl.RoleInfo (RoleInfo.java:updateAndGet(130)) - 7f0f79db-cac0-4201-a2ab-ddfae922df70: start 7f0f79db-cac0-4201-a2ab-ddfae922df70@group-2DF9806E95A3-LeaderElection33
2021-02-14 01:49:49,285 [7f0f79db-cac0-4201-a2ab-ddfae922df70@group-2DF9806E95A3-LeaderElection33] INFO  impl.LeaderElection (LeaderElection.java:askForVotes(307)) - 7f0f79db-cac0-4201-a2ab-ddfae922df70@group-2DF9806E95A3-LeaderElection33 ELECTION round 0: submit vote requests at term 1 for -1: [67ae471d-b492-4f31-a24b-cc05e6e2b64e|rpc:172.17.0.2:46819|priority:1, 23cc1cc1-0040-4236-a819-0d718e7e646a|rpc:172.17.0.2:45489|priority:0, 7f0f79db-cac0-4201-a2ab-ddfae922df70|rpc:172.17.0.2:36067|priority:0], old=null
2021-02-14 01:49:49,299 [grpc-default-executor-4] INFO  server.RaftServer$Division (RaftServerImpl.java:requestVote(1025)) - 23cc1cc1-0040-4236-a819-0d718e7e646a@group-2DF9806E95A3: receive requestVote(ELECTION, 7f0f79db-cac0-4201-a2ab-ddfae922df70, group-2DF9806E95A3, 1, (t:0, i:0))
2021-02-14 01:49:49,299 [grpc-default-executor-4] INFO  impl.VoteContext (VoteContext.java:log(48)) - 23cc1cc1-0040-4236-a819-0d718e7e646a@group-2DF9806E95A3-FOLLOWER: accept ELECTION from 7f0f79db-cac0-4201-a2ab-ddfae922df70: our priority 0 <= candidate's priority 0
2021-02-14 01:49:49,299 [grpc-default-executor-4] INFO  server.RaftServer$Division (RaftServerImpl.java:setRole(284)) - 23cc1cc1-0040-4236-a819-0d718e7e646a@group-2DF9806E95A3: changes role from  FOLLOWER to FOLLOWER at term 1 for candidate:7f0f79db-cac0-4201-a2ab-ddfae922df70
2021-02-14 01:49:49,299 [grpc-default-executor-4] INFO  impl.RoleInfo (RoleInfo.java:shutdownFollowerState(108)) - 23cc1cc1-0040-4236-a819-0d718e7e646a: shutdown 23cc1cc1-0040-4236-a819-0d718e7e646a@group-2DF9806E95A3-FollowerState
2021-02-14 01:49:49,299 [grpc-default-executor-2] INFO  server.RaftServer$Division (RaftServerImpl.java:requestVote(1025)) - 67ae471d-b492-4f31-a24b-cc05e6e2b64e@group-2DF9806E95A3: receive requestVote(ELECTION, 7f0f79db-cac0-4201-a2ab-ddfae922df70, group-2DF9806E95A3, 1, (t:0, i:0))
2021-02-14 01:49:49,299 [grpc-default-executor-2] INFO  impl.VoteContext (VoteContext.java:log(48)) - 67ae471d-b492-4f31-a24b-cc05e6e2b64e@group-2DF9806E95A3-FOLLOWER: reject ELECTION from 7f0f79db-cac0-4201-a2ab-ddfae922df70: our priority 1 > candidate's priority 0
2021-02-14 01:49:49,299 [grpc-default-executor-4] INFO  impl.RoleInfo (RoleInfo.java:updateAndGet(130)) - 23cc1cc1-0040-4236-a819-0d718e7e646a: start 23cc1cc1-0040-4236-a819-0d718e7e646a@group-2DF9806E95A3-FollowerState
2021-02-14 01:49:49,299 [grpc-default-executor-2] INFO  server.RaftServer$Division (RaftServerImpl.java:setRole(284)) - 67ae471d-b492-4f31-a24b-cc05e6e2b64e@group-2DF9806E95A3: changes role from  FOLLOWER to FOLLOWER at term 1 for candidate:7f0f79db-cac0-4201-a2ab-ddfae922df70
2021-02-14 01:49:49,299 [grpc-default-executor-2] INFO  impl.RoleInfo (RoleInfo.java:shutdownFollowerState(108)) - 67ae471d-b492-4f31-a24b-cc05e6e2b64e: shutdown 67ae471d-b492-4f31-a24b-cc05e6e2b64e@group-2DF9806E95A3-FollowerState
2021-02-14 01:49:49,299 [Thread-873] INFO  impl.FollowerState (FollowerState.java:run(142)) - 23cc1cc1-0040-4236-a819-0d718e7e646a@group-2DF9806E95A3-FollowerState was interrupted: {}
java.lang.InterruptedException: sleep interrupted
	at java.lang.Thread.sleep(Native Method)
	at java.lang.Thread.sleep(Thread.java:340)
	at java.util.concurrent.TimeUnit.sleep(TimeUnit.java:386)
	at org.apache.ratis.util.TimeDuration.sleep(TimeDuration.java:324)
	at org.apache.ratis.util.TimeDuration.sleep(TimeDuration.java:309)
	at org.apache.ratis.server.impl.FollowerState.run(FollowerState.java:117)
2021-02-14 01:49:49,300 [grpc-default-executor-2] INFO  impl.RoleInfo (RoleInfo.java:updateAndGet(130)) - 67ae471d-b492-4f31-a24b-cc05e6e2b64e: start 67ae471d-b492-4f31-a24b-cc05e6e2b64e@group-2DF9806E95A3-FollowerState
2021-02-14 01:49:49,300 [Thread-876] INFO  impl.FollowerState (FollowerState.java:run(142)) - 67ae471d-b492-4f31-a24b-cc05e6e2b64e@group-2DF9806E95A3-FollowerState was interrupted: {}
java.lang.InterruptedException: sleep interrupted
	at java.lang.Thread.sleep(Native Method)
	at java.lang.Thread.sleep(Thread.java:340)
	at java.util.concurrent.TimeUnit.sleep(TimeUnit.java:386)
	at org.apache.ratis.util.TimeDuration.sleep(TimeDuration.java:324)
	at org.apache.ratis.util.TimeDuration.sleep(TimeDuration.java:309)
	at org.apache.ratis.server.impl.FollowerState.run(FollowerState.java:117)
2021-02-14 01:49:49,301 [grpc-default-executor-4] INFO  server.RaftServer$Division (RaftServerImpl.java:requestVote(1057)) - 23cc1cc1-0040-4236-a819-0d718e7e646a@group-2DF9806E95A3 replies to ELECTION vote request: 7f0f79db-cac0-4201-a2ab-ddfae922df70<-23cc1cc1-0040-4236-a819-0d718e7e646a#0:OK-t1. Peer's state: 23cc1cc1-0040-4236-a819-0d718e7e646a@group-2DF9806E95A3:t1, leader=null, voted=7f0f79db-cac0-4201-a2ab-ddfae922df70, raftlog=23cc1cc1-0040-4236-a819-0d718e7e646a@group-2DF9806E95A3-SegmentedRaftLog:OPENED:c-1,f-1,i0, conf=-1: [67ae471d-b492-4f31-a24b-cc05e6e2b64e|rpc:172.17.0.2:46819|dataStream:|priority:1, 23cc1cc1-0040-4236-a819-0d718e7e646a|rpc:172.17.0.2:45489|dataStream:|priority:0, 7f0f79db-cac0-4201-a2ab-ddfae922df70|rpc:172.17.0.2:36067|dataStream:|priority:0], old=null
2021-02-14 01:49:49,303 [grpc-default-executor-2] INFO  server.RaftServer$Division (RaftServerImpl.java:requestVote(1057)) - 67ae471d-b492-4f31-a24b-cc05e6e2b64e@group-2DF9806E95A3 replies to ELECTION vote request: 7f0f79db-cac0-4201-a2ab-ddfae922df70<-67ae471d-b492-4f31-a24b-cc05e6e2b64e#0:FAIL-t1. Peer's state: 67ae471d-b492-4f31-a24b-cc05e6e2b64e@group-2DF9806E95A3:t1, leader=null, voted=null, raftlog=67ae471d-b492-4f31-a24b-cc05e6e2b64e@group-2DF9806E95A3-SegmentedRaftLog:OPENED:c-1,f-1,i0, conf=-1: [67ae471d-b492-4f31-a24b-cc05e6e2b64e|rpc:172.17.0.2:46819|dataStream:|priority:1, 23cc1cc1-0040-4236-a819-0d718e7e646a|rpc:172.17.0.2:45489|dataStream:|priority:0, 7f0f79db-cac0-4201-a2ab-ddfae922df70|rpc:172.17.0.2:36067|dataStream:|priority:0], old=null
2021-02-14 01:49:49,304 [7f0f79db-cac0-4201-a2ab-ddfae922df70@group-2DF9806E95A3-LeaderElection33] INFO  impl.LeaderElection (LeaderElection.java:logAndReturn(89)) - 7f0f79db-cac0-4201-a2ab-ddfae922df70@group-2DF9806E95A3-LeaderElection33: ELECTION REJECTED received 2 response(s) and 0 exception(s):
2021-02-14 01:49:49,304 [7f0f79db-cac0-4201-a2ab-ddfae922df70@group-2DF9806E95A3-LeaderElection33] INFO  impl.LeaderElection (LeaderElection.java:logAndReturn(93)) -   Response 0: 7f0f79db-cac0-4201-a2ab-ddfae922df70<-67ae471d-b492-4f31-a24b-cc05e6e2b64e#0:FAIL-t1
2021-02-14 01:49:49,304 [7f0f79db-cac0-4201-a2ab-ddfae922df70@group-2DF9806E95A3-LeaderElection33] INFO  impl.LeaderElection (LeaderElection.java:logAndReturn(93)) -   Response 1: 7f0f79db-cac0-4201-a2ab-ddfae922df70<-23cc1cc1-0040-4236-a819-0d718e7e646a#0:OK-t1
2021-02-14 01:49:49,304 [7f0f79db-cac0-4201-a2ab-ddfae922df70@group-2DF9806E95A3-LeaderElection33] INFO  impl.LeaderElection (LeaderElection.java:askForVotes(309)) - 7f0f79db-cac0-4201-a2ab-ddfae922df70@group-2DF9806E95A3-LeaderElection33 ELECTION round 0: result REJECTED
2021-02-14 01:49:49,304 [7f0f79db-cac0-4201-a2ab-ddfae922df70@group-2DF9806E95A3-LeaderElection33] INFO  server.RaftServer$Division (RaftServerImpl.java:setRole(284)) - 7f0f79db-cac0-4201-a2ab-ddfae922df70@group-2DF9806E95A3: changes role from CANDIDATE to FOLLOWER at term 1 for REJECTED
2021-02-14 01:49:49,304 [7f0f79db-cac0-4201-a2ab-ddfae922df70@group-2DF9806E95A3-LeaderElection33] INFO  impl.RoleInfo (RoleInfo.java:shutdownLeaderElection(121)) - 7f0f79db-cac0-4201-a2ab-ddfae922df70: shutdown 7f0f79db-cac0-4201-a2ab-ddfae922df70@group-2DF9806E95A3-LeaderElection33
2021-02-14 01:49:49,304 [7f0f79db-cac0-4201-a2ab-ddfae922df70@group-2DF9806E95A3-LeaderElection33] INFO  impl.RoleInfo (RoleInfo.java:updateAndGet(130)) - 7f0f79db-cac0-4201-a2ab-ddfae922df70: start 7f0f79db-cac0-4201-a2ab-ddfae922df70@group-2DF9806E95A3-FollowerState
2021-02-14 01:49:49,312 [Listener at 127.0.0.1/42551] INFO  ozone.MiniOzoneClusterImpl (MiniOzoneClusterImpl.java:lambda$waitForClusterToBeReady$0(187)) - Nodes are ready. Got 9 of 9 DN Heartbeats.
2021-02-14 01:49:49,312 [Listener at 127.0.0.1/42551] INFO  ozone.MiniOzoneClusterImpl (MiniOzoneClusterImpl.java:lambda$waitForClusterToBeReady$0(190)) - Cluster exits safe mode
2021-02-14 01:49:49,323 [Listener at 127.0.0.1/42551] INFO  rpc.RpcClient (RpcClient.java:createVolume(277)) - Creating Volume: watchforcommithandlingtest, with jenkins1001 as owner and space quota set to -1 bytes, counts quota set to -1
2021-02-14 01:49:49,328 [OM StateMachine ApplyTransaction Thread - 0] INFO  volume.OMVolumeCreateRequest (OMVolumeCreateRequest.java:validateAndUpdateCache(196)) - created volume:watchforcommithandlingtest for user:jenkins1001
2021-02-14 01:49:49,333 [Listener at 127.0.0.1/42551] INFO  rpc.RpcClient (RpcClient.java:createBucket(439)) - Creating Bucket: watchforcommithandlingtest/watchforcommithandlingtest, with Versioning false and Storage Type set to DISK and Encryption set to false 
2021-02-14 01:49:49,337 [Listener at 127.0.0.1/42551] INFO  ozone.MiniOzoneClusterImpl (MiniOzoneClusterImpl.java:getStorageContainerLocationClient(299)) - Creating StorageContainerLocationProtocol RPC client with address /0.0.0.0:45035
2021-02-14 01:49:49,354 [Listener at 127.0.0.1/42551] INFO  metrics.RatisMetrics (RatisMetrics.java:lambda$create$0(36)) - Creating Metrics Registry : ratis.client_message_metrics.client-E83D2984AF96->13da2f53-0476-4a03-b606-a9c3a1877f5a
2021-02-14 01:49:49,392 [Thread-869] INFO  impl.FollowerState (FollowerState.java:run(133)) - 7f0f79db-cac0-4201-a2ab-ddfae922df70@group-43522AE5BFCA-FollowerState: change to CANDIDATE, lastRpcElapsedTime:5165900986ns, electionTimeout:5164ms
2021-02-14 01:49:49,393 [Thread-869] INFO  impl.RoleInfo (RoleInfo.java:shutdownFollowerState(108)) - 7f0f79db-cac0-4201-a2ab-ddfae922df70: shutdown 7f0f79db-cac0-4201-a2ab-ddfae922df70@group-43522AE5BFCA-FollowerState
2021-02-14 01:49:49,393 [Thread-869] INFO  server.RaftServer$Division (RaftServerImpl.java:setRole(284)) - 7f0f79db-cac0-4201-a2ab-ddfae922df70@group-43522AE5BFCA: changes role from  FOLLOWER to CANDIDATE at term 0 for changeToCandidate
2021-02-14 01:49:49,393 [Thread-869] INFO  server.RaftServerConfigKeys (ConfUtils.java:logGet(44)) - raft.server.leaderelection.pre-vote = false (custom)
2021-02-14 01:49:49,393 [Thread-869] INFO  impl.RoleInfo (RoleInfo.java:updateAndGet(130)) - 7f0f79db-cac0-4201-a2ab-ddfae922df70: start 7f0f79db-cac0-4201-a2ab-ddfae922df70@group-43522AE5BFCA-LeaderElection34
2021-02-14 01:49:49,395 [7f0f79db-cac0-4201-a2ab-ddfae922df70@group-43522AE5BFCA-LeaderElection34] INFO  impl.LeaderElection (LeaderElection.java:askForVotes(307)) - 7f0f79db-cac0-4201-a2ab-ddfae922df70@group-43522AE5BFCA-LeaderElection34 ELECTION round 0: submit vote requests at term 1 for -1: [7f0f79db-cac0-4201-a2ab-ddfae922df70|rpc:172.17.0.2:36067|priority:1], old=null
2021-02-14 01:49:49,395 [7f0f79db-cac0-4201-a2ab-ddfae922df70@group-43522AE5BFCA-LeaderElection34] INFO  impl.LeaderElection (LeaderElection.java:askForVotes(309)) - 7f0f79db-cac0-4201-a2ab-ddfae922df70@group-43522AE5BFCA-LeaderElection34 ELECTION round 0: result PASSED (term=1)
2021-02-14 01:49:49,395 [7f0f79db-cac0-4201-a2ab-ddfae922df70@group-43522AE5BFCA-LeaderElection34] INFO  impl.RoleInfo (RoleInfo.java:shutdownLeaderElection(121)) - 7f0f79db-cac0-4201-a2ab-ddfae922df70: shutdown 7f0f79db-cac0-4201-a2ab-ddfae922df70@group-43522AE5BFCA-LeaderElection34
2021-02-14 01:49:49,395 [7f0f79db-cac0-4201-a2ab-ddfae922df70@group-43522AE5BFCA-LeaderElection34] INFO  server.RaftServer$Division (RaftServerImpl.java:setRole(284)) - 7f0f79db-cac0-4201-a2ab-ddfae922df70@group-43522AE5BFCA: changes role from CANDIDATE to LEADER at term 1 for changeToLeader
2021-02-14 01:49:49,396 [7f0f79db-cac0-4201-a2ab-ddfae922df70@group-43522AE5BFCA-LeaderElection34] INFO  ratis.XceiverServerRatis (XceiverServerRatis.java:handleLeaderChangedNotification(899)) - Leader change notification received for group: group-43522AE5BFCA with new leaderId: 7f0f79db-cac0-4201-a2ab-ddfae922df70
2021-02-14 01:49:49,396 [7f0f79db-cac0-4201-a2ab-ddfae922df70@group-43522AE5BFCA-LeaderElection34] INFO  server.RaftServer$Division (ServerState.java:setLeader(271)) - 7f0f79db-cac0-4201-a2ab-ddfae922df70@group-43522AE5BFCA: change Leader from null to 7f0f79db-cac0-4201-a2ab-ddfae922df70 at term 1 for becomeLeader, leader elected after 5181ms
2021-02-14 01:49:49,396 [7f0f79db-cac0-4201-a2ab-ddfae922df70@group-43522AE5BFCA-LeaderElection34] INFO  server.RaftServerConfigKeys (ConfUtils.java:logGet(44)) - raft.server.staging.catchup.gap = 1000 (default)
2021-02-14 01:49:49,396 [7f0f79db-cac0-4201-a2ab-ddfae922df70@group-43522AE5BFCA-LeaderElection34] INFO  metrics.RatisMetrics (RatisMetrics.java:lambda$create$0(36)) - Creating Metrics Registry : ratis.log_appender.7f0f79db-cac0-4201-a2ab-ddfae922df70@group-43522AE5BFCA
2021-02-14 01:49:49,397 [7f0f79db-cac0-4201-a2ab-ddfae922df70@group-43522AE5BFCA-LeaderElection34] INFO  server.RaftServerConfigKeys (ConfUtils.java:logGet(44)) - raft.server.write.element-limit = 1024 (custom)
2021-02-14 01:49:49,397 [7f0f79db-cac0-4201-a2ab-ddfae922df70@group-43522AE5BFCA-LeaderElection34] INFO  server.RaftServerConfigKeys (ConfUtils.java:logGet(44)) - raft.server.write.byte-limit = 1073741824 (custom)
2021-02-14 01:49:49,397 [7f0f79db-cac0-4201-a2ab-ddfae922df70@group-43522AE5BFCA-LeaderElection34] INFO  server.RaftServerConfigKeys (ConfUtils.java:logGet(44)) - raft.server.watch.timeout = 3000ms (custom)
2021-02-14 01:49:49,397 [7f0f79db-cac0-4201-a2ab-ddfae922df70@group-43522AE5BFCA-LeaderElection34] INFO  server.RaftServerConfigKeys (ConfUtils.java:logGet(44)) - raft.server.watch.timeout.denomination = 1s (default)
2021-02-14 01:49:49,397 [7f0f79db-cac0-4201-a2ab-ddfae922df70@group-43522AE5BFCA-LeaderElection34] INFO  server.RaftServerConfigKeys (ConfUtils.java:logGet(44)) - raft.server.watch.element-limit = 65536 (default)
2021-02-14 01:49:49,398 [7f0f79db-cac0-4201-a2ab-ddfae922df70@group-43522AE5BFCA-LeaderElection34] INFO  impl.RoleInfo (RoleInfo.java:updateAndGet(130)) - 7f0f79db-cac0-4201-a2ab-ddfae922df70: start 7f0f79db-cac0-4201-a2ab-ddfae922df70@group-43522AE5BFCA-LeaderStateImpl
2021-02-14 01:49:49,398 [7f0f79db-cac0-4201-a2ab-ddfae922df70@group-43522AE5BFCA-LeaderElection34] INFO  segmented.SegmentedRaftLogWorker (SegmentedRaftLogWorker.java:startLogSegment(392)) - 7f0f79db-cac0-4201-a2ab-ddfae922df70@group-43522AE5BFCA-SegmentedRaftLogWorker: Starting segment from index:0
2021-02-14 01:49:49,400 [7f0f79db-cac0-4201-a2ab-ddfae922df70@group-43522AE5BFCA-LeaderElection34] INFO  server.RaftServer$Division (ServerState.java:setRaftConf(373)) - 7f0f79db-cac0-4201-a2ab-ddfae922df70@group-43522AE5BFCA: set configuration 0: [7f0f79db-cac0-4201-a2ab-ddfae922df70|rpc:172.17.0.2:36067|dataStream:|priority:1], old=null
2021-02-14 01:49:49,400 [7f0f79db-cac0-4201-a2ab-ddfae922df70@group-43522AE5BFCA-SegmentedRaftLogWorker] INFO  segmented.SegmentedRaftLogWorker (SegmentedRaftLogWorker.java:execute(599)) - 7f0f79db-cac0-4201-a2ab-ddfae922df70@group-43522AE5BFCA-SegmentedRaftLogWorker: created new log segment /github/workspace/mnt/ozone/hadoop-ozone/integration-test/target/test-dir/MiniOzoneClusterImpl-b3eef9e8-6bea-4ca1-9f7b-091cac69c924/datanode-3/data/ratis/4183d737-3a04-4f60-a92d-43522ae5bfca/current/log_inprogress_0
2021-02-14 01:49:49,634 [Thread-879] INFO  impl.FollowerState (FollowerState.java:run(133)) - 67ae471d-b492-4f31-a24b-cc05e6e2b64e@group-074C8C599C3F-FollowerState: change to CANDIDATE, lastRpcElapsedTime:5196948760ns, electionTimeout:5196ms
2021-02-14 01:49:49,634 [Thread-879] INFO  impl.RoleInfo (RoleInfo.java:shutdownFollowerState(108)) - 67ae471d-b492-4f31-a24b-cc05e6e2b64e: shutdown 67ae471d-b492-4f31-a24b-cc05e6e2b64e@group-074C8C599C3F-FollowerState
2021-02-14 01:49:49,634 [Thread-879] INFO  server.RaftServer$Division (RaftServerImpl.java:setRole(284)) - 67ae471d-b492-4f31-a24b-cc05e6e2b64e@group-074C8C599C3F: changes role from  FOLLOWER to CANDIDATE at term 0 for changeToCandidate
2021-02-14 01:49:49,635 [Thread-879] INFO  server.RaftServerConfigKeys (ConfUtils.java:logGet(44)) - raft.server.leaderelection.pre-vote = false (custom)
2021-02-14 01:49:49,636 [Thread-879] INFO  impl.RoleInfo (RoleInfo.java:updateAndGet(130)) - 67ae471d-b492-4f31-a24b-cc05e6e2b64e: start 67ae471d-b492-4f31-a24b-cc05e6e2b64e@group-074C8C599C3F-LeaderElection35
2021-02-14 01:49:49,638 [67ae471d-b492-4f31-a24b-cc05e6e2b64e@group-074C8C599C3F-LeaderElection35] INFO  impl.LeaderElection (LeaderElection.java:askForVotes(307)) - 67ae471d-b492-4f31-a24b-cc05e6e2b64e@group-074C8C599C3F-LeaderElection35 ELECTION round 0: submit vote requests at term 1 for -1: [67ae471d-b492-4f31-a24b-cc05e6e2b64e|rpc:172.17.0.2:46819|priority:1], old=null
2021-02-14 01:49:49,638 [67ae471d-b492-4f31-a24b-cc05e6e2b64e@group-074C8C599C3F-LeaderElection35] INFO  impl.LeaderElection (LeaderElection.java:askForVotes(309)) - 67ae471d-b492-4f31-a24b-cc05e6e2b64e@group-074C8C599C3F-LeaderElection35 ELECTION round 0: result PASSED (term=1)
2021-02-14 01:49:49,638 [67ae471d-b492-4f31-a24b-cc05e6e2b64e@group-074C8C599C3F-LeaderElection35] INFO  impl.RoleInfo (RoleInfo.java:shutdownLeaderElection(121)) - 67ae471d-b492-4f31-a24b-cc05e6e2b64e: shutdown 67ae471d-b492-4f31-a24b-cc05e6e2b64e@group-074C8C599C3F-LeaderElection35
2021-02-14 01:49:49,638 [67ae471d-b492-4f31-a24b-cc05e6e2b64e@group-074C8C599C3F-LeaderElection35] INFO  server.RaftServer$Division (RaftServerImpl.java:setRole(284)) - 67ae471d-b492-4f31-a24b-cc05e6e2b64e@group-074C8C599C3F: changes role from CANDIDATE to LEADER at term 1 for changeToLeader
2021-02-14 01:49:49,638 [67ae471d-b492-4f31-a24b-cc05e6e2b64e@group-074C8C599C3F-LeaderElection35] INFO  ratis.XceiverServerRatis (XceiverServerRatis.java:handleLeaderChangedNotification(899)) - Leader change notification received for group: group-074C8C599C3F with new leaderId: 67ae471d-b492-4f31-a24b-cc05e6e2b64e
2021-02-14 01:49:49,638 [67ae471d-b492-4f31-a24b-cc05e6e2b64e@group-074C8C599C3F-LeaderElection35] INFO  server.RaftServer$Division (ServerState.java:setLeader(271)) - 67ae471d-b492-4f31-a24b-cc05e6e2b64e@group-074C8C599C3F: change Leader from null to 67ae471d-b492-4f31-a24b-cc05e6e2b64e at term 1 for becomeLeader, leader elected after 5209ms
2021-02-14 01:49:49,638 [67ae471d-b492-4f31-a24b-cc05e6e2b64e@group-074C8C599C3F-LeaderElection35] INFO  server.RaftServerConfigKeys (ConfUtils.java:logGet(44)) - raft.server.staging.catchup.gap = 1000 (default)
2021-02-14 01:49:49,644 [67ae471d-b492-4f31-a24b-cc05e6e2b64e@group-074C8C599C3F-LeaderElection35] INFO  metrics.RatisMetrics (RatisMetrics.java:lambda$create$0(36)) - Creating Metrics Registry : ratis.log_appender.67ae471d-b492-4f31-a24b-cc05e6e2b64e@group-074C8C599C3F
2021-02-14 01:49:49,645 [67ae471d-b492-4f31-a24b-cc05e6e2b64e@group-074C8C599C3F-LeaderElection35] INFO  server.RaftServerConfigKeys (ConfUtils.java:logGet(44)) - raft.server.write.element-limit = 1024 (custom)
2021-02-14 01:49:49,645 [67ae471d-b492-4f31-a24b-cc05e6e2b64e@group-074C8C599C3F-LeaderElection35] INFO  server.RaftServerConfigKeys (ConfUtils.java:logGet(44)) - raft.server.write.byte-limit = 1073741824 (custom)
2021-02-14 01:49:49,645 [67ae471d-b492-4f31-a24b-cc05e6e2b64e@group-074C8C599C3F-LeaderElection35] INFO  server.RaftServerConfigKeys (ConfUtils.java:logGet(44)) - raft.server.watch.timeout = 3000ms (custom)
2021-02-14 01:49:49,645 [67ae471d-b492-4f31-a24b-cc05e6e2b64e@group-074C8C599C3F-LeaderElection35] INFO  server.RaftServerConfigKeys (ConfUtils.java:logGet(44)) - raft.server.watch.timeout.denomination = 1s (default)
2021-02-14 01:49:49,645 [67ae471d-b492-4f31-a24b-cc05e6e2b64e@group-074C8C599C3F-LeaderElection35] INFO  server.RaftServerConfigKeys (ConfUtils.java:logGet(44)) - raft.server.watch.element-limit = 65536 (default)
2021-02-14 01:49:49,646 [67ae471d-b492-4f31-a24b-cc05e6e2b64e@group-074C8C599C3F-LeaderElection35] INFO  impl.RoleInfo (RoleInfo.java:updateAndGet(130)) - 67ae471d-b492-4f31-a24b-cc05e6e2b64e: start 67ae471d-b492-4f31-a24b-cc05e6e2b64e@group-074C8C599C3F-LeaderStateImpl
2021-02-14 01:49:49,646 [67ae471d-b492-4f31-a24b-cc05e6e2b64e@group-074C8C599C3F-LeaderElection35] INFO  segmented.SegmentedRaftLogWorker (SegmentedRaftLogWorker.java:startLogSegment(392)) - 67ae471d-b492-4f31-a24b-cc05e6e2b64e@group-074C8C599C3F-SegmentedRaftLogWorker: Starting segment from index:0
2021-02-14 01:49:49,653 [67ae471d-b492-4f31-a24b-cc05e6e2b64e@group-074C8C599C3F-LeaderElection35] INFO  server.RaftServer$Division (ServerState.java:setRaftConf(373)) - 67ae471d-b492-4f31-a24b-cc05e6e2b64e@group-074C8C599C3F: set configuration 0: [67ae471d-b492-4f31-a24b-cc05e6e2b64e|rpc:172.17.0.2:46819|dataStream:|priority:1], old=null
2021-02-14 01:49:49,653 [67ae471d-b492-4f31-a24b-cc05e6e2b64e@group-074C8C599C3F-SegmentedRaftLogWorker] INFO  segmented.SegmentedRaftLogWorker (SegmentedRaftLogWorker.java:execute(599)) - 67ae471d-b492-4f31-a24b-cc05e6e2b64e@group-074C8C599C3F-SegmentedRaftLogWorker: created new log segment /github/workspace/mnt/ozone/hadoop-ozone/integration-test/target/test-dir/MiniOzoneClusterImpl-b3eef9e8-6bea-4ca1-9f7b-091cac69c924/datanode-4/data/ratis/9f7339ee-6885-48f7-b6e3-074c8c599c3f/current/log_inprogress_0
2021-02-14 01:49:49,674 [Thread-881] INFO  impl.FollowerState (FollowerState.java:run(133)) - 23cc1cc1-0040-4236-a819-0d718e7e646a@group-B144DF9921B5-FollowerState: change to CANDIDATE, lastRpcElapsedTime:5006054702ns, electionTimeout:5005ms
2021-02-14 01:49:49,674 [Thread-881] INFO  impl.RoleInfo (RoleInfo.java:shutdownFollowerState(108)) - 23cc1cc1-0040-4236-a819-0d718e7e646a: shutdown 23cc1cc1-0040-4236-a819-0d718e7e646a@group-B144DF9921B5-FollowerState
2021-02-14 01:49:49,674 [Thread-881] INFO  server.RaftServer$Division (RaftServerImpl.java:setRole(284)) - 23cc1cc1-0040-4236-a819-0d718e7e646a@group-B144DF9921B5: changes role from  FOLLOWER to CANDIDATE at term 0 for changeToCandidate
2021-02-14 01:49:49,677 [Thread-881] INFO  server.RaftServerConfigKeys (ConfUtils.java:logGet(44)) - raft.server.leaderelection.pre-vote = false (custom)
2021-02-14 01:49:49,677 [Thread-881] INFO  impl.RoleInfo (RoleInfo.java:updateAndGet(130)) - 23cc1cc1-0040-4236-a819-0d718e7e646a: start 23cc1cc1-0040-4236-a819-0d718e7e646a@group-B144DF9921B5-LeaderElection36
2021-02-14 01:49:49,679 [23cc1cc1-0040-4236-a819-0d718e7e646a@group-B144DF9921B5-LeaderElection36] INFO  impl.LeaderElection (LeaderElection.java:askForVotes(307)) - 23cc1cc1-0040-4236-a819-0d718e7e646a@group-B144DF9921B5-LeaderElection36 ELECTION round 0: submit vote requests at term 1 for -1: [23cc1cc1-0040-4236-a819-0d718e7e646a|rpc:172.17.0.2:45489|priority:1], old=null
2021-02-14 01:49:49,679 [23cc1cc1-0040-4236-a819-0d718e7e646a@group-B144DF9921B5-LeaderElection36] INFO  impl.LeaderElection (LeaderElection.java:askForVotes(309)) - 23cc1cc1-0040-4236-a819-0d718e7e646a@group-B144DF9921B5-LeaderElection36 ELECTION round 0: result PASSED (term=1)
2021-02-14 01:49:49,679 [23cc1cc1-0040-4236-a819-0d718e7e646a@group-B144DF9921B5-LeaderElection36] INFO  impl.RoleInfo (RoleInfo.java:shutdownLeaderElection(121)) - 23cc1cc1-0040-4236-a819-0d718e7e646a: shutdown 23cc1cc1-0040-4236-a819-0d718e7e646a@group-B144DF9921B5-LeaderElection36
2021-02-14 01:49:49,679 [23cc1cc1-0040-4236-a819-0d718e7e646a@group-B144DF9921B5-LeaderElection36] INFO  server.RaftServer$Division (RaftServerImpl.java:setRole(284)) - 23cc1cc1-0040-4236-a819-0d718e7e646a@group-B144DF9921B5: changes role from CANDIDATE to LEADER at term 1 for changeToLeader
2021-02-14 01:49:49,679 [23cc1cc1-0040-4236-a819-0d718e7e646a@group-B144DF9921B5-LeaderElection36] INFO  ratis.XceiverServerRatis (XceiverServerRatis.java:handleLeaderChangedNotification(899)) - Leader change notification received for group: group-B144DF9921B5 with new leaderId: 23cc1cc1-0040-4236-a819-0d718e7e646a
2021-02-14 01:49:49,679 [23cc1cc1-0040-4236-a819-0d718e7e646a@group-B144DF9921B5-LeaderElection36] INFO  server.RaftServer$Division (ServerState.java:setLeader(271)) - 23cc1cc1-0040-4236-a819-0d718e7e646a@group-B144DF9921B5: change Leader from null to 23cc1cc1-0040-4236-a819-0d718e7e646a at term 1 for becomeLeader, leader elected after 5017ms
2021-02-14 01:49:49,679 [23cc1cc1-0040-4236-a819-0d718e7e646a@group-B144DF9921B5-LeaderElection36] INFO  server.RaftServerConfigKeys (ConfUtils.java:logGet(44)) - raft.server.staging.catchup.gap = 1000 (default)
2021-02-14 01:49:49,680 [23cc1cc1-0040-4236-a819-0d718e7e646a@group-B144DF9921B5-LeaderElection36] INFO  metrics.RatisMetrics (RatisMetrics.java:lambda$create$0(36)) - Creating Metrics Registry : ratis.log_appender.23cc1cc1-0040-4236-a819-0d718e7e646a@group-B144DF9921B5
2021-02-14 01:49:49,680 [23cc1cc1-0040-4236-a819-0d718e7e646a@group-B144DF9921B5-LeaderElection36] INFO  server.RaftServerConfigKeys (ConfUtils.java:logGet(44)) - raft.server.write.element-limit = 1024 (custom)
2021-02-14 01:49:49,680 [23cc1cc1-0040-4236-a819-0d718e7e646a@group-B144DF9921B5-LeaderElection36] INFO  server.RaftServerConfigKeys (ConfUtils.java:logGet(44)) - raft.server.write.byte-limit = 1073741824 (custom)
2021-02-14 01:49:49,681 [23cc1cc1-0040-4236-a819-0d718e7e646a@group-B144DF9921B5-LeaderElection36] INFO  server.RaftServerConfigKeys (ConfUtils.java:logGet(44)) - raft.server.watch.timeout = 3000ms (custom)
2021-02-14 01:49:49,681 [23cc1cc1-0040-4236-a819-0d718e7e646a@group-B144DF9921B5-LeaderElection36] INFO  server.RaftServerConfigKeys (ConfUtils.java:logGet(44)) - raft.server.watch.timeout.denomination = 1s (default)
2021-02-14 01:49:49,681 [23cc1cc1-0040-4236-a819-0d718e7e646a@group-B144DF9921B5-LeaderElection36] INFO  server.RaftServerConfigKeys (ConfUtils.java:logGet(44)) - raft.server.watch.element-limit = 65536 (default)
2021-02-14 01:49:49,681 [23cc1cc1-0040-4236-a819-0d718e7e646a@group-B144DF9921B5-LeaderElection36] INFO  impl.RoleInfo (RoleInfo.java:updateAndGet(130)) - 23cc1cc1-0040-4236-a819-0d718e7e646a: start 23cc1cc1-0040-4236-a819-0d718e7e646a@group-B144DF9921B5-LeaderStateImpl
2021-02-14 01:49:49,681 [23cc1cc1-0040-4236-a819-0d718e7e646a@group-B144DF9921B5-LeaderElection36] INFO  segmented.SegmentedRaftLogWorker (SegmentedRaftLogWorker.java:startLogSegment(392)) - 23cc1cc1-0040-4236-a819-0d718e7e646a@group-B144DF9921B5-SegmentedRaftLogWorker: Starting segment from index:0
2021-02-14 01:49:49,685 [23cc1cc1-0040-4236-a819-0d718e7e646a@group-B144DF9921B5-SegmentedRaftLogWorker] INFO  segmented.SegmentedRaftLogWorker (SegmentedRaftLogWorker.java:execute(599)) - 23cc1cc1-0040-4236-a819-0d718e7e646a@group-B144DF9921B5-SegmentedRaftLogWorker: created new log segment /github/workspace/mnt/ozone/hadoop-ozone/integration-test/target/test-dir/MiniOzoneClusterImpl-b3eef9e8-6bea-4ca1-9f7b-091cac69c924/datanode-5/data/ratis/32a2fa4b-0613-47fd-a4d9-b144df9921b5/current/log_inprogress_0
2021-02-14 01:49:49,685 [23cc1cc1-0040-4236-a819-0d718e7e646a@group-B144DF9921B5-LeaderElection36] INFO  server.RaftServer$Division (ServerState.java:setRaftConf(373)) - 23cc1cc1-0040-4236-a819-0d718e7e646a@group-B144DF9921B5: set configuration 0: [23cc1cc1-0040-4236-a819-0d718e7e646a|rpc:172.17.0.2:45489|dataStream:|priority:1], old=null
2021-02-14 01:49:49,970 [Thread-885] INFO  impl.FollowerState (FollowerState.java:run(133)) - 46453c06-aa66-4ab8-8a2c-ab2255a053c6@group-14ED30695F7D-FollowerState: change to CANDIDATE, lastRpcElapsedTime:5062414937ns, electionTimeout:5062ms
2021-02-14 01:49:49,970 [Thread-885] INFO  impl.RoleInfo (RoleInfo.java:shutdownFollowerState(108)) - 46453c06-aa66-4ab8-8a2c-ab2255a053c6: shutdown 46453c06-aa66-4ab8-8a2c-ab2255a053c6@group-14ED30695F7D-FollowerState
2021-02-14 01:49:49,970 [Thread-885] INFO  server.RaftServer$Division (RaftServerImpl.java:setRole(284)) - 46453c06-aa66-4ab8-8a2c-ab2255a053c6@group-14ED30695F7D: changes role from  FOLLOWER to CANDIDATE at term 0 for changeToCandidate
2021-02-14 01:49:49,971 [Thread-885] INFO  server.RaftServerConfigKeys (ConfUtils.java:logGet(44)) - raft.server.leaderelection.pre-vote = false (custom)
2021-02-14 01:49:49,971 [Thread-885] INFO  impl.RoleInfo (RoleInfo.java:updateAndGet(130)) - 46453c06-aa66-4ab8-8a2c-ab2255a053c6: start 46453c06-aa66-4ab8-8a2c-ab2255a053c6@group-14ED30695F7D-LeaderElection37
2021-02-14 01:49:49,974 [46453c06-aa66-4ab8-8a2c-ab2255a053c6@group-14ED30695F7D-LeaderElection37] INFO  impl.LeaderElection (LeaderElection.java:askForVotes(307)) - 46453c06-aa66-4ab8-8a2c-ab2255a053c6@group-14ED30695F7D-LeaderElection37 ELECTION round 0: submit vote requests at term 1 for -1: [fe88e678-cae2-4575-8bb5-90c5b4ef55f6|rpc:172.17.0.2:43003|priority:0, 46453c06-aa66-4ab8-8a2c-ab2255a053c6|rpc:172.17.0.2:45889|priority:1, 66662ab8-1b94-466a-9131-2b6af2fadcad|rpc:172.17.0.2:46429|priority:0], old=null
2021-02-14 01:49:49,982 [grpc-default-executor-4] INFO  server.RaftServer$Division (RaftServerImpl.java:requestVote(1025)) - 66662ab8-1b94-466a-9131-2b6af2fadcad@group-14ED30695F7D: receive requestVote(ELECTION, 46453c06-aa66-4ab8-8a2c-ab2255a053c6, group-14ED30695F7D, 1, (t:0, i:0))
2021-02-14 01:49:49,983 [grpc-default-executor-4] INFO  impl.VoteContext (VoteContext.java:log(48)) - 66662ab8-1b94-466a-9131-2b6af2fadcad@group-14ED30695F7D-FOLLOWER: accept ELECTION from 46453c06-aa66-4ab8-8a2c-ab2255a053c6: our priority 0 <= candidate's priority 1
2021-02-14 01:49:49,983 [grpc-default-executor-4] INFO  server.RaftServer$Division (RaftServerImpl.java:setRole(284)) - 66662ab8-1b94-466a-9131-2b6af2fadcad@group-14ED30695F7D: changes role from  FOLLOWER to FOLLOWER at term 1 for candidate:46453c06-aa66-4ab8-8a2c-ab2255a053c6
2021-02-14 01:49:49,983 [grpc-default-executor-4] INFO  impl.RoleInfo (RoleInfo.java:shutdownFollowerState(108)) - 66662ab8-1b94-466a-9131-2b6af2fadcad: shutdown 66662ab8-1b94-466a-9131-2b6af2fadcad@group-14ED30695F7D-FollowerState
2021-02-14 01:49:49,983 [grpc-default-executor-4] INFO  impl.RoleInfo (RoleInfo.java:updateAndGet(130)) - 66662ab8-1b94-466a-9131-2b6af2fadcad: start 66662ab8-1b94-466a-9131-2b6af2fadcad@group-14ED30695F7D-FollowerState
2021-02-14 01:49:49,983 [Thread-890] INFO  impl.FollowerState (FollowerState.java:run(142)) - 66662ab8-1b94-466a-9131-2b6af2fadcad@group-14ED30695F7D-FollowerState was interrupted: {}
java.lang.InterruptedException: sleep interrupted
	at java.lang.Thread.sleep(Native Method)
	at java.lang.Thread.sleep(Thread.java:340)
	at java.util.concurrent.TimeUnit.sleep(TimeUnit.java:386)
	at org.apache.ratis.util.TimeDuration.sleep(TimeDuration.java:324)
	at org.apache.ratis.util.TimeDuration.sleep(TimeDuration.java:309)
	at org.apache.ratis.server.impl.FollowerState.run(FollowerState.java:117)
2021-02-14 01:49:49,987 [grpc-default-executor-4] INFO  server.RaftServer$Division (RaftServerImpl.java:requestVote(1057)) - 66662ab8-1b94-466a-9131-2b6af2fadcad@group-14ED30695F7D replies to ELECTION vote request: 46453c06-aa66-4ab8-8a2c-ab2255a053c6<-66662ab8-1b94-466a-9131-2b6af2fadcad#0:OK-t1. Peer's state: 66662ab8-1b94-466a-9131-2b6af2fadcad@group-14ED30695F7D:t1, leader=null, voted=46453c06-aa66-4ab8-8a2c-ab2255a053c6, raftlog=66662ab8-1b94-466a-9131-2b6af2fadcad@group-14ED30695F7D-SegmentedRaftLog:OPENED:c-1,f-1,i0, conf=-1: [fe88e678-cae2-4575-8bb5-90c5b4ef55f6|rpc:172.17.0.2:43003|dataStream:|priority:0, 46453c06-aa66-4ab8-8a2c-ab2255a053c6|rpc:172.17.0.2:45889|dataStream:|priority:1, 66662ab8-1b94-466a-9131-2b6af2fadcad|rpc:172.17.0.2:46429|dataStream:|priority:0], old=null
2021-02-14 01:49:49,988 [grpc-default-executor-2] INFO  server.RaftServer$Division (RaftServerImpl.java:requestVote(1025)) - fe88e678-cae2-4575-8bb5-90c5b4ef55f6@group-14ED30695F7D: receive requestVote(ELECTION, 46453c06-aa66-4ab8-8a2c-ab2255a053c6, group-14ED30695F7D, 1, (t:0, i:0))
2021-02-14 01:49:49,989 [grpc-default-executor-2] INFO  impl.VoteContext (VoteContext.java:log(48)) - fe88e678-cae2-4575-8bb5-90c5b4ef55f6@group-14ED30695F7D-FOLLOWER: accept ELECTION from 46453c06-aa66-4ab8-8a2c-ab2255a053c6: our priority 0 <= candidate's priority 1
2021-02-14 01:49:49,989 [grpc-default-executor-2] INFO  server.RaftServer$Division (RaftServerImpl.java:setRole(284)) - fe88e678-cae2-4575-8bb5-90c5b4ef55f6@group-14ED30695F7D: changes role from  FOLLOWER to FOLLOWER at term 1 for candidate:46453c06-aa66-4ab8-8a2c-ab2255a053c6
2021-02-14 01:49:49,989 [grpc-default-executor-2] INFO  impl.RoleInfo (RoleInfo.java:shutdownFollowerState(108)) - fe88e678-cae2-4575-8bb5-90c5b4ef55f6: shutdown fe88e678-cae2-4575-8bb5-90c5b4ef55f6@group-14ED30695F7D-FollowerState
2021-02-14 01:49:49,989 [grpc-default-executor-2] INFO  impl.RoleInfo (RoleInfo.java:updateAndGet(130)) - fe88e678-cae2-4575-8bb5-90c5b4ef55f6: start fe88e678-cae2-4575-8bb5-90c5b4ef55f6@group-14ED30695F7D-FollowerState
2021-02-14 01:49:49,989 [Thread-887] INFO  impl.FollowerState (FollowerState.java:run(142)) - fe88e678-cae2-4575-8bb5-90c5b4ef55f6@group-14ED30695F7D-FollowerState was interrupted: {}
java.lang.InterruptedException: sleep interrupted
	at java.lang.Thread.sleep(Native Method)
	at java.lang.Thread.sleep(Thread.java:340)
	at java.util.concurrent.TimeUnit.sleep(TimeUnit.java:386)
	at org.apache.ratis.util.TimeDuration.sleep(TimeDuration.java:324)
	at org.apache.ratis.util.TimeDuration.sleep(TimeDuration.java:309)
	at org.apache.ratis.server.impl.FollowerState.run(FollowerState.java:117)
2021-02-14 01:49:49,990 [grpc-default-executor-2] INFO  server.RaftServer$Division (RaftServerImpl.java:requestVote(1057)) - fe88e678-cae2-4575-8bb5-90c5b4ef55f6@group-14ED30695F7D replies to ELECTION vote request: 46453c06-aa66-4ab8-8a2c-ab2255a053c6<-fe88e678-cae2-4575-8bb5-90c5b4ef55f6#0:OK-t1. Peer's state: fe88e678-cae2-4575-8bb5-90c5b4ef55f6@group-14ED30695F7D:t1, leader=null, voted=46453c06-aa66-4ab8-8a2c-ab2255a053c6, raftlog=fe88e678-cae2-4575-8bb5-90c5b4ef55f6@group-14ED30695F7D-SegmentedRaftLog:OPENED:c-1,f-1,i0, conf=-1: [fe88e678-cae2-4575-8bb5-90c5b4ef55f6|rpc:172.17.0.2:43003|dataStream:|priority:0, 46453c06-aa66-4ab8-8a2c-ab2255a053c6|rpc:172.17.0.2:45889|dataStream:|priority:1, 66662ab8-1b94-466a-9131-2b6af2fadcad|rpc:172.17.0.2:46429|dataStream:|priority:0], old=null
2021-02-14 01:49:49,996 [46453c06-aa66-4ab8-8a2c-ab2255a053c6@group-14ED30695F7D-LeaderElection37] INFO  impl.LeaderElection (LeaderElection.java:logAndReturn(89)) - 46453c06-aa66-4ab8-8a2c-ab2255a053c6@group-14ED30695F7D-LeaderElection37: ELECTION PASSED received 1 response(s) and 0 exception(s):
2021-02-14 01:49:49,996 [46453c06-aa66-4ab8-8a2c-ab2255a053c6@group-14ED30695F7D-LeaderElection37] INFO  impl.LeaderElection (LeaderElection.java:logAndReturn(93)) -   Response 0: 46453c06-aa66-4ab8-8a2c-ab2255a053c6<-66662ab8-1b94-466a-9131-2b6af2fadcad#0:OK-t1
2021-02-14 01:49:49,996 [46453c06-aa66-4ab8-8a2c-ab2255a053c6@group-14ED30695F7D-LeaderElection37] INFO  impl.LeaderElection (LeaderElection.java:askForVotes(309)) - 46453c06-aa66-4ab8-8a2c-ab2255a053c6@group-14ED30695F7D-LeaderElection37 ELECTION round 0: result PASSED
2021-02-14 01:49:49,996 [46453c06-aa66-4ab8-8a2c-ab2255a053c6@group-14ED30695F7D-LeaderElection37] INFO  impl.RoleInfo (RoleInfo.java:shutdownLeaderElection(121)) - 46453c06-aa66-4ab8-8a2c-ab2255a053c6: shutdown 46453c06-aa66-4ab8-8a2c-ab2255a053c6@group-14ED30695F7D-LeaderElection37
2021-02-14 01:49:49,996 [46453c06-aa66-4ab8-8a2c-ab2255a053c6@group-14ED30695F7D-LeaderElection37] INFO  server.RaftServer$Division (RaftServerImpl.java:setRole(284)) - 46453c06-aa66-4ab8-8a2c-ab2255a053c6@group-14ED30695F7D: changes role from CANDIDATE to LEADER at term 1 for changeToLeader
2021-02-14 01:49:49,996 [46453c06-aa66-4ab8-8a2c-ab2255a053c6@group-14ED30695F7D-LeaderElection37] INFO  ratis.XceiverServerRatis (XceiverServerRatis.java:handleLeaderChangedNotification(899)) - Leader change notification received for group: group-14ED30695F7D with new leaderId: 46453c06-aa66-4ab8-8a2c-ab2255a053c6
2021-02-14 01:49:49,997 [46453c06-aa66-4ab8-8a2c-ab2255a053c6@group-14ED30695F7D-LeaderElection37] INFO  server.RaftServer$Division (ServerState.java:setLeader(271)) - 46453c06-aa66-4ab8-8a2c-ab2255a053c6@group-14ED30695F7D: change Leader from null to 46453c06-aa66-4ab8-8a2c-ab2255a053c6 at term 1 for becomeLeader, leader elected after 5097ms
2021-02-14 01:49:49,997 [46453c06-aa66-4ab8-8a2c-ab2255a053c6@group-14ED30695F7D-LeaderElection37] INFO  server.RaftServerConfigKeys (ConfUtils.java:logGet(44)) - raft.server.staging.catchup.gap = 1000 (default)
2021-02-14 01:49:49,997 [46453c06-aa66-4ab8-8a2c-ab2255a053c6@group-14ED30695F7D-LeaderElection37] INFO  metrics.RatisMetrics (RatisMetrics.java:lambda$create$0(36)) - Creating Metrics Registry : ratis.log_appender.46453c06-aa66-4ab8-8a2c-ab2255a053c6@group-14ED30695F7D
2021-02-14 01:49:49,997 [46453c06-aa66-4ab8-8a2c-ab2255a053c6@group-14ED30695F7D-LeaderElection37] INFO  server.RaftServerConfigKeys (ConfUtils.java:logGet(44)) - raft.server.write.element-limit = 1024 (custom)
2021-02-14 01:49:49,997 [46453c06-aa66-4ab8-8a2c-ab2255a053c6@group-14ED30695F7D-LeaderElection37] INFO  server.RaftServerConfigKeys (ConfUtils.java:logGet(44)) - raft.server.write.byte-limit = 1073741824 (custom)
2021-02-14 01:49:49,997 [46453c06-aa66-4ab8-8a2c-ab2255a053c6@group-14ED30695F7D-LeaderElection37] INFO  server.RaftServerConfigKeys (ConfUtils.java:logGet(44)) - raft.server.watch.timeout = 3000ms (custom)
2021-02-14 01:49:49,997 [46453c06-aa66-4ab8-8a2c-ab2255a053c6@group-14ED30695F7D-LeaderElection37] INFO  server.RaftServerConfigKeys (ConfUtils.java:logGet(44)) - raft.server.watch.timeout.denomination = 1s (default)
2021-02-14 01:49:49,997 [46453c06-aa66-4ab8-8a2c-ab2255a053c6@group-14ED30695F7D-LeaderElection37] INFO  server.RaftServerConfigKeys (ConfUtils.java:logGet(44)) - raft.server.watch.element-limit = 65536 (default)
2021-02-14 01:49:49,997 [EventQueue-PipelineReportForPipelineReportHandler] INFO  pipeline.PipelineStateManager (PipelineStateManager.java:openPipeline(132)) - Pipeline Pipeline[ Id: eaedb741-cb4a-4d2d-8b23-14ed30695f7d, Nodes: fe88e678-cae2-4575-8bb5-90c5b4ef55f6{ip: 172.17.0.2, host: 9cc4fcda0858, ports: [REPLICATION=35873, RATIS=43003, RATIS_ADMIN=43003, RATIS_SERVER=43003, STANDALONE=41657], networkLocation: /default-rack, certSerialId: null, persistedOpState: IN_SERVICE, persistedOpStateExpiryEpochSec: 0}46453c06-aa66-4ab8-8a2c-ab2255a053c6{ip: 172.17.0.2, host: 9cc4fcda0858, ports: [REPLICATION=42239, RATIS=45889, RATIS_ADMIN=45889, RATIS_SERVER=45889, STANDALONE=45023], networkLocation: /default-rack, certSerialId: null, persistedOpState: IN_SERVICE, persistedOpStateExpiryEpochSec: 0}66662ab8-1b94-466a-9131-2b6af2fadcad{ip: 172.17.0.2, host: 9cc4fcda0858, ports: [REPLICATION=34581, RATIS=46429, RATIS_ADMIN=46429, RATIS_SERVER=46429, STANDALONE=38827], networkLocation: /default-rack, certSerialId: null, persistedOpState: IN_SERVICE, persistedOpStateExpiryEpochSec: 0}, Type:RATIS, Factor:THREE, State:ALLOCATED, leaderId:46453c06-aa66-4ab8-8a2c-ab2255a053c6, CreationTimestamp2021-02-14T01:49:42.321Z] moved to OPEN state
2021-02-14 01:49:49,997 [46453c06-aa66-4ab8-8a2c-ab2255a053c6@group-14ED30695F7D-LeaderElection37] INFO  server.RaftServerConfigKeys (ConfUtils.java:logGet(44)) - raft.server.log.appender.snapshot.chunk.size.max = 16MB (=16777216) (default)
2021-02-14 01:49:49,998 [46453c06-aa66-4ab8-8a2c-ab2255a053c6@group-14ED30695F7D-LeaderElection37] INFO  server.RaftServerConfigKeys (ConfUtils.java:logGet(44)) - raft.server.log.appender.buffer.byte-limit = 33554432 (custom)
2021-02-14 01:49:49,998 [46453c06-aa66-4ab8-8a2c-ab2255a053c6@group-14ED30695F7D-LeaderElection37] INFO  server.RaftServerConfigKeys (ConfUtils.java:logGet(44)) - raft.server.log.appender.buffer.element-limit = 1 (custom)
2021-02-14 01:49:49,998 [46453c06-aa66-4ab8-8a2c-ab2255a053c6@group-14ED30695F7D-LeaderElection37] INFO  grpc.GrpcConfigKeys (ConfUtils.java:logGet(44)) - raft.grpc.server.leader.outstanding.appends.max = 128 (default)
2021-02-14 01:49:49,998 [46453c06-aa66-4ab8-8a2c-ab2255a053c6@group-14ED30695F7D-LeaderElection37] INFO  server.RaftServerConfigKeys (ConfUtils.java:logGet(44)) - raft.server.rpc.request.timeout = 3000ms (default)
2021-02-14 01:49:49,998 [46453c06-aa66-4ab8-8a2c-ab2255a053c6@group-14ED30695F7D-LeaderElection37] INFO  server.RaftServerConfigKeys (ConfUtils.java:logGet(44)) - raft.server.log.appender.install.snapshot.enabled = false (custom)
2021-02-14 01:49:49,998 [46453c06-aa66-4ab8-8a2c-ab2255a053c6@group-14ED30695F7D-LeaderElection37] INFO  metrics.RatisMetrics (RatisMetrics.java:lambda$create$0(36)) - Creating Metrics Registry : ratis_grpc.log_appender.46453c06-aa66-4ab8-8a2c-ab2255a053c6@group-14ED30695F7D
2021-02-14 01:49:49,999 [46453c06-aa66-4ab8-8a2c-ab2255a053c6@group-14ED30695F7D-LeaderElection37] INFO  server.RaftServerConfigKeys (ConfUtils.java:logGet(44)) - raft.server.log.appender.snapshot.chunk.size.max = 16MB (=16777216) (default)
2021-02-14 01:49:49,999 [46453c06-aa66-4ab8-8a2c-ab2255a053c6@group-14ED30695F7D-LeaderElection37] INFO  server.RaftServerConfigKeys (ConfUtils.java:logGet(44)) - raft.server.log.appender.buffer.byte-limit = 33554432 (custom)
2021-02-14 01:49:49,999 [46453c06-aa66-4ab8-8a2c-ab2255a053c6@group-14ED30695F7D-LeaderElection37] INFO  server.RaftServerConfigKeys (ConfUtils.java:logGet(44)) - raft.server.log.appender.buffer.element-limit = 1 (custom)
2021-02-14 01:49:49,999 [46453c06-aa66-4ab8-8a2c-ab2255a053c6@group-14ED30695F7D-LeaderElection37] INFO  grpc.GrpcConfigKeys (ConfUtils.java:logGet(44)) - raft.grpc.server.leader.outstanding.appends.max = 128 (default)
2021-02-14 01:49:49,999 [46453c06-aa66-4ab8-8a2c-ab2255a053c6@group-14ED30695F7D-LeaderElection37] INFO  server.RaftServerConfigKeys (ConfUtils.java:logGet(44)) - raft.server.rpc.request.timeout = 3000ms (default)
2021-02-14 01:49:49,999 [46453c06-aa66-4ab8-8a2c-ab2255a053c6@group-14ED30695F7D-LeaderElection37] INFO  server.RaftServerConfigKeys (ConfUtils.java:logGet(44)) - raft.server.log.appender.install.snapshot.enabled = false (custom)
2021-02-14 01:49:50,000 [46453c06-aa66-4ab8-8a2c-ab2255a053c6@group-14ED30695F7D-LeaderElection37] INFO  impl.RoleInfo (RoleInfo.java:updateAndGet(130)) - 46453c06-aa66-4ab8-8a2c-ab2255a053c6: start 46453c06-aa66-4ab8-8a2c-ab2255a053c6@group-14ED30695F7D-LeaderStateImpl
2021-02-14 01:49:50,001 [46453c06-aa66-4ab8-8a2c-ab2255a053c6@group-14ED30695F7D-LeaderElection37] INFO  segmented.SegmentedRaftLogWorker (SegmentedRaftLogWorker.java:startLogSegment(392)) - 46453c06-aa66-4ab8-8a2c-ab2255a053c6@group-14ED30695F7D-SegmentedRaftLogWorker: Starting segment from index:0
2021-02-14 01:49:50,002 [46453c06-aa66-4ab8-8a2c-ab2255a053c6@group-14ED30695F7D-SegmentedRaftLogWorker] INFO  segmented.SegmentedRaftLogWorker (SegmentedRaftLogWorker.java:execute(599)) - 46453c06-aa66-4ab8-8a2c-ab2255a053c6@group-14ED30695F7D-SegmentedRaftLogWorker: created new log segment /github/workspace/mnt/ozone/hadoop-ozone/integration-test/target/test-dir/MiniOzoneClusterImpl-b3eef9e8-6bea-4ca1-9f7b-091cac69c924/datanode-6/data/ratis/eaedb741-cb4a-4d2d-8b23-14ed30695f7d/current/log_inprogress_0
2021-02-14 01:49:50,004 [46453c06-aa66-4ab8-8a2c-ab2255a053c6@group-14ED30695F7D-LeaderElection37] INFO  server.RaftServer$Division (ServerState.java:setRaftConf(373)) - 46453c06-aa66-4ab8-8a2c-ab2255a053c6@group-14ED30695F7D: set configuration 0: [fe88e678-cae2-4575-8bb5-90c5b4ef55f6|rpc:172.17.0.2:43003|dataStream:|priority:0, 46453c06-aa66-4ab8-8a2c-ab2255a053c6|rpc:172.17.0.2:45889|dataStream:|priority:1, 66662ab8-1b94-466a-9131-2b6af2fadcad|rpc:172.17.0.2:46429|dataStream:|priority:0], old=null
2021-02-14 01:49:50,009 [grpc-default-executor-2] INFO  ratis.XceiverServerRatis (XceiverServerRatis.java:handleLeaderChangedNotification(899)) - Leader change notification received for group: group-14ED30695F7D with new leaderId: 46453c06-aa66-4ab8-8a2c-ab2255a053c6
2021-02-14 01:49:50,009 [grpc-default-executor-2] INFO  server.RaftServer$Division (ServerState.java:setLeader(271)) - fe88e678-cae2-4575-8bb5-90c5b4ef55f6@group-14ED30695F7D: change Leader from null to 46453c06-aa66-4ab8-8a2c-ab2255a053c6 at term 1 for appendEntries, leader elected after 5074ms
2021-02-14 01:49:50,021 [grpc-default-executor-1] INFO  ratis.XceiverServerRatis (XceiverServerRatis.java:handleLeaderChangedNotification(899)) - Leader change notification received for group: group-14ED30695F7D with new leaderId: 46453c06-aa66-4ab8-8a2c-ab2255a053c6
2021-02-14 01:49:50,021 [grpc-default-executor-1] INFO  server.RaftServer$Division (ServerState.java:setLeader(271)) - 66662ab8-1b94-466a-9131-2b6af2fadcad@group-14ED30695F7D: change Leader from null to 46453c06-aa66-4ab8-8a2c-ab2255a053c6 at term 1 for appendEntries, leader elected after 5052ms
2021-02-14 01:49:50,023 [grpc-default-executor-1] INFO  server.RaftServer$Division (ServerState.java:setRaftConf(373)) - 66662ab8-1b94-466a-9131-2b6af2fadcad@group-14ED30695F7D: set configuration 0: [fe88e678-cae2-4575-8bb5-90c5b4ef55f6|rpc:172.17.0.2:43003|dataStream:|priority:0, 46453c06-aa66-4ab8-8a2c-ab2255a053c6|rpc:172.17.0.2:45889|dataStream:|priority:1, 66662ab8-1b94-466a-9131-2b6af2fadcad|rpc:172.17.0.2:46429|dataStream:|priority:0], old=null
2021-02-14 01:49:50,023 [grpc-default-executor-1] INFO  segmented.SegmentedRaftLogWorker (SegmentedRaftLogWorker.java:startLogSegment(392)) - 66662ab8-1b94-466a-9131-2b6af2fadcad@group-14ED30695F7D-SegmentedRaftLogWorker: Starting segment from index:0
2021-02-14 01:49:50,024 [grpc-default-executor-2] INFO  server.RaftServer$Division (ServerState.java:setRaftConf(373)) - fe88e678-cae2-4575-8bb5-90c5b4ef55f6@group-14ED30695F7D: set configuration 0: [fe88e678-cae2-4575-8bb5-90c5b4ef55f6|rpc:172.17.0.2:43003|dataStream:|priority:0, 46453c06-aa66-4ab8-8a2c-ab2255a053c6|rpc:172.17.0.2:45889|dataStream:|priority:1, 66662ab8-1b94-466a-9131-2b6af2fadcad|rpc:172.17.0.2:46429|dataStream:|priority:0], old=null
2021-02-14 01:49:50,024 [grpc-default-executor-2] INFO  segmented.SegmentedRaftLogWorker (SegmentedRaftLogWorker.java:startLogSegment(392)) - fe88e678-cae2-4575-8bb5-90c5b4ef55f6@group-14ED30695F7D-SegmentedRaftLogWorker: Starting segment from index:0
2021-02-14 01:49:50,025 [66662ab8-1b94-466a-9131-2b6af2fadcad@group-14ED30695F7D-SegmentedRaftLogWorker] INFO  segmented.SegmentedRaftLogWorker (SegmentedRaftLogWorker.java:execute(599)) - 66662ab8-1b94-466a-9131-2b6af2fadcad@group-14ED30695F7D-SegmentedRaftLogWorker: created new log segment /github/workspace/mnt/ozone/hadoop-ozone/integration-test/target/test-dir/MiniOzoneClusterImpl-b3eef9e8-6bea-4ca1-9f7b-091cac69c924/datanode-8/data/ratis/eaedb741-cb4a-4d2d-8b23-14ed30695f7d/current/log_inprogress_0
2021-02-14 01:49:50,026 [fe88e678-cae2-4575-8bb5-90c5b4ef55f6@group-14ED30695F7D-SegmentedRaftLogWorker] INFO  segmented.SegmentedRaftLogWorker (SegmentedRaftLogWorker.java:execute(599)) - fe88e678-cae2-4575-8bb5-90c5b4ef55f6@group-14ED30695F7D-SegmentedRaftLogWorker: created new log segment /github/workspace/mnt/ozone/hadoop-ozone/integration-test/target/test-dir/MiniOzoneClusterImpl-b3eef9e8-6bea-4ca1-9f7b-091cac69c924/datanode-7/data/ratis/eaedb741-cb4a-4d2d-8b23-14ed30695f7d/current/log_inprogress_0
2021-02-14 01:49:50,029 [Thread-883] INFO  impl.FollowerState (FollowerState.java:run(133)) - 46453c06-aa66-4ab8-8a2c-ab2255a053c6@group-C82870DBEF24-FollowerState: change to CANDIDATE, lastRpcElapsedTime:5136351814ns, electionTimeout:5136ms
2021-02-14 01:49:50,031 [Thread-883] INFO  impl.RoleInfo (RoleInfo.java:shutdownFollowerState(108)) - 46453c06-aa66-4ab8-8a2c-ab2255a053c6: shutdown 46453c06-aa66-4ab8-8a2c-ab2255a053c6@group-C82870DBEF24-FollowerState
2021-02-14 01:49:50,031 [Thread-883] INFO  server.RaftServer$Division (RaftServerImpl.java:setRole(284)) - 46453c06-aa66-4ab8-8a2c-ab2255a053c6@group-C82870DBEF24: changes role from  FOLLOWER to CANDIDATE at term 0 for changeToCandidate
2021-02-14 01:49:50,031 [Thread-883] INFO  server.RaftServerConfigKeys (ConfUtils.java:logGet(44)) - raft.server.leaderelection.pre-vote = false (custom)
2021-02-14 01:49:50,031 [Thread-883] INFO  impl.RoleInfo (RoleInfo.java:updateAndGet(130)) - 46453c06-aa66-4ab8-8a2c-ab2255a053c6: start 46453c06-aa66-4ab8-8a2c-ab2255a053c6@group-C82870DBEF24-LeaderElection38
2021-02-14 01:49:50,035 [46453c06-aa66-4ab8-8a2c-ab2255a053c6@group-C82870DBEF24-LeaderElection38] INFO  impl.LeaderElection (LeaderElection.java:askForVotes(307)) - 46453c06-aa66-4ab8-8a2c-ab2255a053c6@group-C82870DBEF24-LeaderElection38 ELECTION round 0: submit vote requests at term 1 for -1: [46453c06-aa66-4ab8-8a2c-ab2255a053c6|rpc:172.17.0.2:45889|priority:1], old=null
2021-02-14 01:49:50,035 [46453c06-aa66-4ab8-8a2c-ab2255a053c6@group-C82870DBEF24-LeaderElection38] INFO  impl.LeaderElection (LeaderElection.java:askForVotes(309)) - 46453c06-aa66-4ab8-8a2c-ab2255a053c6@group-C82870DBEF24-LeaderElection38 ELECTION round 0: result PASSED (term=1)
2021-02-14 01:49:50,035 [46453c06-aa66-4ab8-8a2c-ab2255a053c6@group-C82870DBEF24-LeaderElection38] INFO  impl.RoleInfo (RoleInfo.java:shutdownLeaderElection(121)) - 46453c06-aa66-4ab8-8a2c-ab2255a053c6: shutdown 46453c06-aa66-4ab8-8a2c-ab2255a053c6@group-C82870DBEF24-LeaderElection38
2021-02-14 01:49:50,035 [46453c06-aa66-4ab8-8a2c-ab2255a053c6@group-C82870DBEF24-LeaderElection38] INFO  server.RaftServer$Division (RaftServerImpl.java:setRole(284)) - 46453c06-aa66-4ab8-8a2c-ab2255a053c6@group-C82870DBEF24: changes role from CANDIDATE to LEADER at term 1 for changeToLeader
2021-02-14 01:49:50,035 [46453c06-aa66-4ab8-8a2c-ab2255a053c6@group-C82870DBEF24-LeaderElection38] INFO  ratis.XceiverServerRatis (XceiverServerRatis.java:handleLeaderChangedNotification(899)) - Leader change notification received for group: group-C82870DBEF24 with new leaderId: 46453c06-aa66-4ab8-8a2c-ab2255a053c6
2021-02-14 01:49:50,036 [46453c06-aa66-4ab8-8a2c-ab2255a053c6@group-C82870DBEF24-LeaderElection38] INFO  server.RaftServer$Division (ServerState.java:setLeader(271)) - 46453c06-aa66-4ab8-8a2c-ab2255a053c6@group-C82870DBEF24: change Leader from null to 46453c06-aa66-4ab8-8a2c-ab2255a053c6 at term 1 for becomeLeader, leader elected after 5149ms
2021-02-14 01:49:50,036 [46453c06-aa66-4ab8-8a2c-ab2255a053c6@group-C82870DBEF24-LeaderElection38] INFO  server.RaftServerConfigKeys (ConfUtils.java:logGet(44)) - raft.server.staging.catchup.gap = 1000 (default)
2021-02-14 01:49:50,036 [46453c06-aa66-4ab8-8a2c-ab2255a053c6@group-C82870DBEF24-LeaderElection38] INFO  metrics.RatisMetrics (RatisMetrics.java:lambda$create$0(36)) - Creating Metrics Registry : ratis.log_appender.46453c06-aa66-4ab8-8a2c-ab2255a053c6@group-C82870DBEF24
2021-02-14 01:49:50,037 [46453c06-aa66-4ab8-8a2c-ab2255a053c6@group-C82870DBEF24-LeaderElection38] INFO  server.RaftServerConfigKeys (ConfUtils.java:logGet(44)) - raft.server.write.element-limit = 1024 (custom)
2021-02-14 01:49:50,037 [46453c06-aa66-4ab8-8a2c-ab2255a053c6@group-C82870DBEF24-LeaderElection38] INFO  server.RaftServerConfigKeys (ConfUtils.java:logGet(44)) - raft.server.write.byte-limit = 1073741824 (custom)
2021-02-14 01:49:50,037 [46453c06-aa66-4ab8-8a2c-ab2255a053c6@group-C82870DBEF24-LeaderElection38] INFO  server.RaftServerConfigKeys (ConfUtils.java:logGet(44)) - raft.server.watch.timeout = 3000ms (custom)
2021-02-14 01:49:50,037 [46453c06-aa66-4ab8-8a2c-ab2255a053c6@group-C82870DBEF24-LeaderElection38] INFO  server.RaftServerConfigKeys (ConfUtils.java:logGet(44)) - raft.server.watch.timeout.denomination = 1s (default)
2021-02-14 01:49:50,037 [46453c06-aa66-4ab8-8a2c-ab2255a053c6@group-C82870DBEF24-LeaderElection38] INFO  server.RaftServerConfigKeys (ConfUtils.java:logGet(44)) - raft.server.watch.element-limit = 65536 (default)
2021-02-14 01:49:50,037 [46453c06-aa66-4ab8-8a2c-ab2255a053c6@group-C82870DBEF24-LeaderElection38] INFO  impl.RoleInfo (RoleInfo.java:updateAndGet(130)) - 46453c06-aa66-4ab8-8a2c-ab2255a053c6: start 46453c06-aa66-4ab8-8a2c-ab2255a053c6@group-C82870DBEF24-LeaderStateImpl
2021-02-14 01:49:50,037 [46453c06-aa66-4ab8-8a2c-ab2255a053c6@group-C82870DBEF24-LeaderElection38] INFO  segmented.SegmentedRaftLogWorker (SegmentedRaftLogWorker.java:startLogSegment(392)) - 46453c06-aa66-4ab8-8a2c-ab2255a053c6@group-C82870DBEF24-SegmentedRaftLogWorker: Starting segment from index:0
2021-02-14 01:49:50,039 [46453c06-aa66-4ab8-8a2c-ab2255a053c6@group-C82870DBEF24-SegmentedRaftLogWorker] INFO  segmented.SegmentedRaftLogWorker (SegmentedRaftLogWorker.java:execute(599)) - 46453c06-aa66-4ab8-8a2c-ab2255a053c6@group-C82870DBEF24-SegmentedRaftLogWorker: created new log segment /github/workspace/mnt/ozone/hadoop-ozone/integration-test/target/test-dir/MiniOzoneClusterImpl-b3eef9e8-6bea-4ca1-9f7b-091cac69c924/datanode-6/data/ratis/680ca34b-de7d-45f2-9604-c82870dbef24/current/log_inprogress_0
2021-02-14 01:49:50,039 [46453c06-aa66-4ab8-8a2c-ab2255a053c6@group-C82870DBEF24-LeaderElection38] INFO  server.RaftServer$Division (ServerState.java:setRaftConf(373)) - 46453c06-aa66-4ab8-8a2c-ab2255a053c6@group-C82870DBEF24: set configuration 0: [46453c06-aa66-4ab8-8a2c-ab2255a053c6|rpc:172.17.0.2:45889|dataStream:|priority:1], old=null
2021-02-14 01:49:50,142 [Thread-893] INFO  impl.FollowerState (FollowerState.java:run(133)) - fe88e678-cae2-4575-8bb5-90c5b4ef55f6@group-A859AEB29FAB-FollowerState: change to CANDIDATE, lastRpcElapsedTime:5006431003ns, electionTimeout:5005ms
2021-02-14 01:49:50,143 [Thread-893] INFO  impl.RoleInfo (RoleInfo.java:shutdownFollowerState(108)) - fe88e678-cae2-4575-8bb5-90c5b4ef55f6: shutdown fe88e678-cae2-4575-8bb5-90c5b4ef55f6@group-A859AEB29FAB-FollowerState
2021-02-14 01:49:50,143 [Thread-893] INFO  server.RaftServer$Division (RaftServerImpl.java:setRole(284)) - fe88e678-cae2-4575-8bb5-90c5b4ef55f6@group-A859AEB29FAB: changes role from  FOLLOWER to CANDIDATE at term 0 for changeToCandidate
2021-02-14 01:49:50,144 [Thread-893] INFO  server.RaftServerConfigKeys (ConfUtils.java:logGet(44)) - raft.server.leaderelection.pre-vote = false (custom)
2021-02-14 01:49:50,144 [Thread-893] INFO  impl.RoleInfo (RoleInfo.java:updateAndGet(130)) - fe88e678-cae2-4575-8bb5-90c5b4ef55f6: start fe88e678-cae2-4575-8bb5-90c5b4ef55f6@group-A859AEB29FAB-LeaderElection39
2021-02-14 01:49:50,147 [fe88e678-cae2-4575-8bb5-90c5b4ef55f6@group-A859AEB29FAB-LeaderElection39] INFO  impl.LeaderElection (LeaderElection.java:askForVotes(307)) - fe88e678-cae2-4575-8bb5-90c5b4ef55f6@group-A859AEB29FAB-LeaderElection39 ELECTION round 0: submit vote requests at term 1 for -1: [fe88e678-cae2-4575-8bb5-90c5b4ef55f6|rpc:172.17.0.2:43003|priority:1], old=null
2021-02-14 01:49:50,147 [fe88e678-cae2-4575-8bb5-90c5b4ef55f6@group-A859AEB29FAB-LeaderElection39] INFO  impl.LeaderElection (LeaderElection.java:askForVotes(309)) - fe88e678-cae2-4575-8bb5-90c5b4ef55f6@group-A859AEB29FAB-LeaderElection39 ELECTION round 0: result PASSED (term=1)
2021-02-14 01:49:50,147 [fe88e678-cae2-4575-8bb5-90c5b4ef55f6@group-A859AEB29FAB-LeaderElection39] INFO  impl.RoleInfo (RoleInfo.java:shutdownLeaderElection(121)) - fe88e678-cae2-4575-8bb5-90c5b4ef55f6: shutdown fe88e678-cae2-4575-8bb5-90c5b4ef55f6@group-A859AEB29FAB-LeaderElection39
2021-02-14 01:49:50,147 [fe88e678-cae2-4575-8bb5-90c5b4ef55f6@group-A859AEB29FAB-LeaderElection39] INFO  server.RaftServer$Division (RaftServerImpl.java:setRole(284)) - fe88e678-cae2-4575-8bb5-90c5b4ef55f6@group-A859AEB29FAB: changes role from CANDIDATE to LEADER at term 1 for changeToLeader
2021-02-14 01:49:50,147 [fe88e678-cae2-4575-8bb5-90c5b4ef55f6@group-A859AEB29FAB-LeaderElection39] INFO  ratis.XceiverServerRatis (XceiverServerRatis.java:handleLeaderChangedNotification(899)) - Leader change notification received for group: group-A859AEB29FAB with new leaderId: fe88e678-cae2-4575-8bb5-90c5b4ef55f6
2021-02-14 01:49:50,147 [fe88e678-cae2-4575-8bb5-90c5b4ef55f6@group-A859AEB29FAB-LeaderElection39] INFO  server.RaftServer$Division (ServerState.java:setLeader(271)) - fe88e678-cae2-4575-8bb5-90c5b4ef55f6@group-A859AEB29FAB: change Leader from null to fe88e678-cae2-4575-8bb5-90c5b4ef55f6 at term 1 for becomeLeader, leader elected after 5018ms
2021-02-14 01:49:50,148 [fe88e678-cae2-4575-8bb5-90c5b4ef55f6@group-A859AEB29FAB-LeaderElection39] INFO  server.RaftServerConfigKeys (ConfUtils.java:logGet(44)) - raft.server.staging.catchup.gap = 1000 (default)
2021-02-14 01:49:50,148 [fe88e678-cae2-4575-8bb5-90c5b4ef55f6@group-A859AEB29FAB-LeaderElection39] INFO  metrics.RatisMetrics (RatisMetrics.java:lambda$create$0(36)) - Creating Metrics Registry : ratis.log_appender.fe88e678-cae2-4575-8bb5-90c5b4ef55f6@group-A859AEB29FAB
2021-02-14 01:49:50,148 [fe88e678-cae2-4575-8bb5-90c5b4ef55f6@group-A859AEB29FAB-LeaderElection39] INFO  server.RaftServerConfigKeys (ConfUtils.java:logGet(44)) - raft.server.write.element-limit = 1024 (custom)
2021-02-14 01:49:50,148 [fe88e678-cae2-4575-8bb5-90c5b4ef55f6@group-A859AEB29FAB-LeaderElection39] INFO  server.RaftServerConfigKeys (ConfUtils.java:logGet(44)) - raft.server.write.byte-limit = 1073741824 (custom)
2021-02-14 01:49:50,148 [fe88e678-cae2-4575-8bb5-90c5b4ef55f6@group-A859AEB29FAB-LeaderElection39] INFO  server.RaftServerConfigKeys (ConfUtils.java:logGet(44)) - raft.server.watch.timeout = 3000ms (custom)
2021-02-14 01:49:50,148 [fe88e678-cae2-4575-8bb5-90c5b4ef55f6@group-A859AEB29FAB-LeaderElection39] INFO  server.RaftServerConfigKeys (ConfUtils.java:logGet(44)) - raft.server.watch.timeout.denomination = 1s (default)
2021-02-14 01:49:50,148 [fe88e678-cae2-4575-8bb5-90c5b4ef55f6@group-A859AEB29FAB-LeaderElection39] INFO  server.RaftServerConfigKeys (ConfUtils.java:logGet(44)) - raft.server.watch.element-limit = 65536 (default)
2021-02-14 01:49:50,149 [fe88e678-cae2-4575-8bb5-90c5b4ef55f6@group-A859AEB29FAB-LeaderElection39] INFO  impl.RoleInfo (RoleInfo.java:updateAndGet(130)) - fe88e678-cae2-4575-8bb5-90c5b4ef55f6: start fe88e678-cae2-4575-8bb5-90c5b4ef55f6@group-A859AEB29FAB-LeaderStateImpl
2021-02-14 01:49:50,149 [fe88e678-cae2-4575-8bb5-90c5b4ef55f6@group-A859AEB29FAB-LeaderElection39] INFO  segmented.SegmentedRaftLogWorker (SegmentedRaftLogWorker.java:startLogSegment(392)) - fe88e678-cae2-4575-8bb5-90c5b4ef55f6@group-A859AEB29FAB-SegmentedRaftLogWorker: Starting segment from index:0
2021-02-14 01:49:50,154 [fe88e678-cae2-4575-8bb5-90c5b4ef55f6@group-A859AEB29FAB-LeaderElection39] INFO  server.RaftServer$Division (ServerState.java:setRaftConf(373)) - fe88e678-cae2-4575-8bb5-90c5b4ef55f6@group-A859AEB29FAB: set configuration 0: [fe88e678-cae2-4575-8bb5-90c5b4ef55f6|rpc:172.17.0.2:43003|dataStream:|priority:1], old=null
2021-02-14 01:49:50,154 [fe88e678-cae2-4575-8bb5-90c5b4ef55f6@group-A859AEB29FAB-SegmentedRaftLogWorker] INFO  segmented.SegmentedRaftLogWorker (SegmentedRaftLogWorker.java:execute(599)) - fe88e678-cae2-4575-8bb5-90c5b4ef55f6@group-A859AEB29FAB-SegmentedRaftLogWorker: created new log segment /github/workspace/mnt/ozone/hadoop-ozone/integration-test/target/test-dir/MiniOzoneClusterImpl-b3eef9e8-6bea-4ca1-9f7b-091cac69c924/datanode-7/data/ratis/7b7b9b3c-1cf5-423c-a920-a859aeb29fab/current/log_inprogress_0
2021-02-14 01:49:50,414 [Thread-895] INFO  impl.FollowerState (FollowerState.java:run(133)) - 66662ab8-1b94-466a-9131-2b6af2fadcad@group-6AD96DC41103-FollowerState: change to CANDIDATE, lastRpcElapsedTime:5084133589ns, electionTimeout:5083ms
2021-02-14 01:49:50,414 [Thread-895] INFO  impl.RoleInfo (RoleInfo.java:shutdownFollowerState(108)) - 66662ab8-1b94-466a-9131-2b6af2fadcad: shutdown 66662ab8-1b94-466a-9131-2b6af2fadcad@group-6AD96DC41103-FollowerState
2021-02-14 01:49:50,414 [Thread-895] INFO  server.RaftServer$Division (RaftServerImpl.java:setRole(284)) - 66662ab8-1b94-466a-9131-2b6af2fadcad@group-6AD96DC41103: changes role from  FOLLOWER to CANDIDATE at term 0 for changeToCandidate
2021-02-14 01:49:50,414 [Thread-895] INFO  server.RaftServerConfigKeys (ConfUtils.java:logGet(44)) - raft.server.leaderelection.pre-vote = false (custom)
2021-02-14 01:49:50,414 [Thread-895] INFO  impl.RoleInfo (RoleInfo.java:updateAndGet(130)) - 66662ab8-1b94-466a-9131-2b6af2fadcad: start 66662ab8-1b94-466a-9131-2b6af2fadcad@group-6AD96DC41103-LeaderElection40
2021-02-14 01:49:50,417 [66662ab8-1b94-466a-9131-2b6af2fadcad@group-6AD96DC41103-LeaderElection40] INFO  impl.LeaderElection (LeaderElection.java:askForVotes(307)) - 66662ab8-1b94-466a-9131-2b6af2fadcad@group-6AD96DC41103-LeaderElection40 ELECTION round 0: submit vote requests at term 1 for -1: [66662ab8-1b94-466a-9131-2b6af2fadcad|rpc:172.17.0.2:46429|priority:1], old=null
2021-02-14 01:49:50,417 [66662ab8-1b94-466a-9131-2b6af2fadcad@group-6AD96DC41103-LeaderElection40] INFO  impl.LeaderElection (LeaderElection.java:askForVotes(309)) - 66662ab8-1b94-466a-9131-2b6af2fadcad@group-6AD96DC41103-LeaderElection40 ELECTION round 0: result PASSED (term=1)
2021-02-14 01:49:50,417 [66662ab8-1b94-466a-9131-2b6af2fadcad@group-6AD96DC41103-LeaderElection40] INFO  impl.RoleInfo (RoleInfo.java:shutdownLeaderElection(121)) - 66662ab8-1b94-466a-9131-2b6af2fadcad: shutdown 66662ab8-1b94-466a-9131-2b6af2fadcad@group-6AD96DC41103-LeaderElection40
2021-02-14 01:49:50,417 [66662ab8-1b94-466a-9131-2b6af2fadcad@group-6AD96DC41103-LeaderElection40] INFO  server.RaftServer$Division (RaftServerImpl.java:setRole(284)) - 66662ab8-1b94-466a-9131-2b6af2fadcad@group-6AD96DC41103: changes role from CANDIDATE to LEADER at term 1 for changeToLeader
2021-02-14 01:49:50,417 [66662ab8-1b94-466a-9131-2b6af2fadcad@group-6AD96DC41103-LeaderElection40] INFO  ratis.XceiverServerRatis (XceiverServerRatis.java:handleLeaderChangedNotification(899)) - Leader change notification received for group: group-6AD96DC41103 with new leaderId: 66662ab8-1b94-466a-9131-2b6af2fadcad
2021-02-14 01:49:50,417 [66662ab8-1b94-466a-9131-2b6af2fadcad@group-6AD96DC41103-LeaderElection40] INFO  server.RaftServer$Division (ServerState.java:setLeader(271)) - 66662ab8-1b94-466a-9131-2b6af2fadcad@group-6AD96DC41103: change Leader from null to 66662ab8-1b94-466a-9131-2b6af2fadcad at term 1 for becomeLeader, leader elected after 5093ms
2021-02-14 01:49:50,417 [66662ab8-1b94-466a-9131-2b6af2fadcad@group-6AD96DC41103-LeaderElection40] INFO  server.RaftServerConfigKeys (ConfUtils.java:logGet(44)) - raft.server.staging.catchup.gap = 1000 (default)
2021-02-14 01:49:50,418 [66662ab8-1b94-466a-9131-2b6af2fadcad@group-6AD96DC41103-LeaderElection40] INFO  metrics.RatisMetrics (RatisMetrics.java:lambda$create$0(36)) - Creating Metrics Registry : ratis.log_appender.66662ab8-1b94-466a-9131-2b6af2fadcad@group-6AD96DC41103
2021-02-14 01:49:50,418 [66662ab8-1b94-466a-9131-2b6af2fadcad@group-6AD96DC41103-LeaderElection40] INFO  server.RaftServerConfigKeys (ConfUtils.java:logGet(44)) - raft.server.write.element-limit = 1024 (custom)
2021-02-14 01:49:50,418 [66662ab8-1b94-466a-9131-2b6af2fadcad@group-6AD96DC41103-LeaderElection40] INFO  server.RaftServerConfigKeys (ConfUtils.java:logGet(44)) - raft.server.write.byte-limit = 1073741824 (custom)
2021-02-14 01:49:50,419 [66662ab8-1b94-466a-9131-2b6af2fadcad@group-6AD96DC41103-LeaderElection40] INFO  server.RaftServerConfigKeys (ConfUtils.java:logGet(44)) - raft.server.watch.timeout = 3000ms (custom)
2021-02-14 01:49:50,419 [66662ab8-1b94-466a-9131-2b6af2fadcad@group-6AD96DC41103-LeaderElection40] INFO  server.RaftServerConfigKeys (ConfUtils.java:logGet(44)) - raft.server.watch.timeout.denomination = 1s (default)
2021-02-14 01:49:50,419 [66662ab8-1b94-466a-9131-2b6af2fadcad@group-6AD96DC41103-LeaderElection40] INFO  server.RaftServerConfigKeys (ConfUtils.java:logGet(44)) - raft.server.watch.element-limit = 65536 (default)
2021-02-14 01:49:50,419 [66662ab8-1b94-466a-9131-2b6af2fadcad@group-6AD96DC41103-LeaderElection40] INFO  impl.RoleInfo (RoleInfo.java:updateAndGet(130)) - 66662ab8-1b94-466a-9131-2b6af2fadcad: start 66662ab8-1b94-466a-9131-2b6af2fadcad@group-6AD96DC41103-LeaderStateImpl
2021-02-14 01:49:50,419 [66662ab8-1b94-466a-9131-2b6af2fadcad@group-6AD96DC41103-LeaderElection40] INFO  segmented.SegmentedRaftLogWorker (SegmentedRaftLogWorker.java:startLogSegment(392)) - 66662ab8-1b94-466a-9131-2b6af2fadcad@group-6AD96DC41103-SegmentedRaftLogWorker: Starting segment from index:0
2021-02-14 01:49:50,420 [66662ab8-1b94-466a-9131-2b6af2fadcad@group-6AD96DC41103-LeaderElection40] INFO  server.RaftServer$Division (ServerState.java:setRaftConf(373)) - 66662ab8-1b94-466a-9131-2b6af2fadcad@group-6AD96DC41103: set configuration 0: [66662ab8-1b94-466a-9131-2b6af2fadcad|rpc:172.17.0.2:46429|dataStream:|priority:1], old=null
2021-02-14 01:49:50,421 [66662ab8-1b94-466a-9131-2b6af2fadcad@group-6AD96DC41103-SegmentedRaftLogWorker] INFO  segmented.SegmentedRaftLogWorker (SegmentedRaftLogWorker.java:execute(599)) - 66662ab8-1b94-466a-9131-2b6af2fadcad@group-6AD96DC41103-SegmentedRaftLogWorker: created new log segment /github/workspace/mnt/ozone/hadoop-ozone/integration-test/target/test-dir/MiniOzoneClusterImpl-b3eef9e8-6bea-4ca1-9f7b-091cac69c924/datanode-8/data/ratis/46603de1-c73c-4eae-85c9-6ad96dc41103/current/log_inprogress_0
2021-02-14 01:49:51,605 [EventQueue-Delayed safe mode statusForReplicationManager] INFO  container.ReplicationManager (ReplicationManager.java:start(186)) - Starting Replication Monitor Thread.
2021-02-14 01:49:51,606 [ReplicationMonitor] INFO  container.ReplicationManager (ReplicationManager.java:run(250)) - Replication Monitor Thread took 1 milliseconds for processing 1 containers.
2021-02-14 01:49:53,665 [Thread-913] INFO  impl.FollowerState (FollowerState.java:run(133)) - 2ec71a43-acc1-42a3-b8ca-de3ee762a3c9@group-248E97A0B5F6-FollowerState: change to CANDIDATE, lastRpcElapsedTime:5025509148ns, electionTimeout:5019ms
2021-02-14 01:49:53,665 [Thread-913] INFO  impl.RoleInfo (RoleInfo.java:shutdownFollowerState(108)) - 2ec71a43-acc1-42a3-b8ca-de3ee762a3c9: shutdown 2ec71a43-acc1-42a3-b8ca-de3ee762a3c9@group-248E97A0B5F6-FollowerState
2021-02-14 01:49:53,665 [Thread-913] INFO  server.RaftServer$Division (RaftServerImpl.java:setRole(284)) - 2ec71a43-acc1-42a3-b8ca-de3ee762a3c9@group-248E97A0B5F6: changes role from  FOLLOWER to CANDIDATE at term 2 for changeToCandidate
2021-02-14 01:49:53,665 [Thread-913] INFO  server.RaftServerConfigKeys (ConfUtils.java:logGet(44)) - raft.server.leaderelection.pre-vote = false (custom)
2021-02-14 01:49:53,665 [Thread-913] INFO  impl.RoleInfo (RoleInfo.java:updateAndGet(130)) - 2ec71a43-acc1-42a3-b8ca-de3ee762a3c9: start 2ec71a43-acc1-42a3-b8ca-de3ee762a3c9@group-248E97A0B5F6-LeaderElection41
2021-02-14 01:49:53,667 [2ec71a43-acc1-42a3-b8ca-de3ee762a3c9@group-248E97A0B5F6-LeaderElection41] INFO  impl.LeaderElection (LeaderElection.java:askForVotes(307)) - 2ec71a43-acc1-42a3-b8ca-de3ee762a3c9@group-248E97A0B5F6-LeaderElection41 ELECTION round 0: submit vote requests at term 3 for 0: [2ec71a43-acc1-42a3-b8ca-de3ee762a3c9|rpc:172.17.0.2:42675|dataStream:|priority:0, f8feeaac-d8ae-4c99-8c47-cf05d6facd09|rpc:172.17.0.2:42991|dataStream:|priority:0, 13da2f53-0476-4a03-b606-a9c3a1877f5a|rpc:172.17.0.2:44773|dataStream:|priority:1], old=null
2021-02-14 01:49:53,677 [grpc-default-executor-1] INFO  server.RaftServer$Division (RaftServerImpl.java:requestVote(1025)) - 13da2f53-0476-4a03-b606-a9c3a1877f5a@group-248E97A0B5F6: receive requestVote(ELECTION, 2ec71a43-acc1-42a3-b8ca-de3ee762a3c9, group-248E97A0B5F6, 3, (t:1, i:0))
2021-02-14 01:49:53,677 [grpc-default-executor-1] INFO  impl.VoteContext (VoteContext.java:log(48)) - 13da2f53-0476-4a03-b606-a9c3a1877f5a@group-248E97A0B5F6-FOLLOWER: reject ELECTION from 2ec71a43-acc1-42a3-b8ca-de3ee762a3c9: our priority 1 > candidate's priority 0
2021-02-14 01:49:53,677 [grpc-default-executor-1] INFO  server.RaftServer$Division (RaftServerImpl.java:setRole(284)) - 13da2f53-0476-4a03-b606-a9c3a1877f5a@group-248E97A0B5F6: changes role from  FOLLOWER to FOLLOWER at term 3 for candidate:2ec71a43-acc1-42a3-b8ca-de3ee762a3c9
2021-02-14 01:49:53,677 [grpc-default-executor-1] INFO  impl.RoleInfo (RoleInfo.java:shutdownFollowerState(108)) - 13da2f53-0476-4a03-b606-a9c3a1877f5a: shutdown 13da2f53-0476-4a03-b606-a9c3a1877f5a@group-248E97A0B5F6-FollowerState
2021-02-14 01:49:53,677 [grpc-default-executor-1] INFO  impl.RoleInfo (RoleInfo.java:updateAndGet(130)) - 13da2f53-0476-4a03-b606-a9c3a1877f5a: start 13da2f53-0476-4a03-b606-a9c3a1877f5a@group-248E97A0B5F6-FollowerState
2021-02-14 01:49:53,677 [grpc-default-executor-2] INFO  server.RaftServer$Division (RaftServerImpl.java:requestVote(1025)) - f8feeaac-d8ae-4c99-8c47-cf05d6facd09@group-248E97A0B5F6: receive requestVote(ELECTION, 2ec71a43-acc1-42a3-b8ca-de3ee762a3c9, group-248E97A0B5F6, 3, (t:1, i:0))
2021-02-14 01:49:53,678 [grpc-default-executor-2] INFO  impl.VoteContext (VoteContext.java:log(48)) - f8feeaac-d8ae-4c99-8c47-cf05d6facd09@group-248E97A0B5F6-FOLLOWER: accept ELECTION from 2ec71a43-acc1-42a3-b8ca-de3ee762a3c9: our last entry null < candidate's last entry (t:1, i:0)
2021-02-14 01:49:53,678 [grpc-default-executor-2] INFO  server.RaftServer$Division (RaftServerImpl.java:setRole(284)) - f8feeaac-d8ae-4c99-8c47-cf05d6facd09@group-248E97A0B5F6: changes role from  FOLLOWER to FOLLOWER at term 3 for candidate:2ec71a43-acc1-42a3-b8ca-de3ee762a3c9
2021-02-14 01:49:53,678 [grpc-default-executor-2] INFO  impl.RoleInfo (RoleInfo.java:shutdownFollowerState(108)) - f8feeaac-d8ae-4c99-8c47-cf05d6facd09: shutdown f8feeaac-d8ae-4c99-8c47-cf05d6facd09@group-248E97A0B5F6-FollowerState
2021-02-14 01:49:53,677 [Thread-915] INFO  impl.FollowerState (FollowerState.java:run(142)) - 13da2f53-0476-4a03-b606-a9c3a1877f5a@group-248E97A0B5F6-FollowerState was interrupted: {}
java.lang.InterruptedException: sleep interrupted
	at java.lang.Thread.sleep(Native Method)
	at java.lang.Thread.sleep(Thread.java:340)
	at java.util.concurrent.TimeUnit.sleep(TimeUnit.java:386)
	at org.apache.ratis.util.TimeDuration.sleep(TimeDuration.java:324)
	at org.apache.ratis.util.TimeDuration.sleep(TimeDuration.java:309)
	at org.apache.ratis.server.impl.FollowerState.run(FollowerState.java:117)
2021-02-14 01:49:53,679 [grpc-default-executor-2] INFO  impl.RoleInfo (RoleInfo.java:updateAndGet(130)) - f8feeaac-d8ae-4c99-8c47-cf05d6facd09: start f8feeaac-d8ae-4c99-8c47-cf05d6facd09@group-248E97A0B5F6-FollowerState
2021-02-14 01:49:53,679 [Thread-916] INFO  impl.FollowerState (FollowerState.java:run(142)) - f8feeaac-d8ae-4c99-8c47-cf05d6facd09@group-248E97A0B5F6-FollowerState was interrupted: {}
java.lang.InterruptedException: sleep interrupted
	at java.lang.Thread.sleep(Native Method)
	at java.lang.Thread.sleep(Thread.java:340)
	at java.util.concurrent.TimeUnit.sleep(TimeUnit.java:386)
	at org.apache.ratis.util.TimeDuration.sleep(TimeDuration.java:324)
	at org.apache.ratis.util.TimeDuration.sleep(TimeDuration.java:309)
	at org.apache.ratis.server.impl.FollowerState.run(FollowerState.java:117)
2021-02-14 01:49:53,680 [grpc-default-executor-1] INFO  server.RaftServer$Division (RaftServerImpl.java:requestVote(1057)) - 13da2f53-0476-4a03-b606-a9c3a1877f5a@group-248E97A0B5F6 replies to ELECTION vote request: 2ec71a43-acc1-42a3-b8ca-de3ee762a3c9<-13da2f53-0476-4a03-b606-a9c3a1877f5a#0:FAIL-t3. Peer's state: 13da2f53-0476-4a03-b606-a9c3a1877f5a@group-248E97A0B5F6:t3, leader=null, voted=null, raftlog=13da2f53-0476-4a03-b606-a9c3a1877f5a@group-248E97A0B5F6-SegmentedRaftLog:OPENED:c0,f0,i0, conf=0: [2ec71a43-acc1-42a3-b8ca-de3ee762a3c9|rpc:172.17.0.2:42675|dataStream:|priority:0, f8feeaac-d8ae-4c99-8c47-cf05d6facd09|rpc:172.17.0.2:42991|dataStream:|priority:0, 13da2f53-0476-4a03-b606-a9c3a1877f5a|rpc:172.17.0.2:44773|dataStream:|priority:1], old=null
2021-02-14 01:49:53,681 [grpc-default-executor-2] INFO  server.RaftServer$Division (RaftServerImpl.java:requestVote(1057)) - f8feeaac-d8ae-4c99-8c47-cf05d6facd09@group-248E97A0B5F6 replies to ELECTION vote request: 2ec71a43-acc1-42a3-b8ca-de3ee762a3c9<-f8feeaac-d8ae-4c99-8c47-cf05d6facd09#0:OK-t3. Peer's state: f8feeaac-d8ae-4c99-8c47-cf05d6facd09@group-248E97A0B5F6:t3, leader=null, voted=2ec71a43-acc1-42a3-b8ca-de3ee762a3c9, raftlog=f8feeaac-d8ae-4c99-8c47-cf05d6facd09@group-248E97A0B5F6-SegmentedRaftLog:OPENED:c-1,f-1,i0, conf=-1: [2ec71a43-acc1-42a3-b8ca-de3ee762a3c9|rpc:172.17.0.2:42675|priority:0, f8feeaac-d8ae-4c99-8c47-cf05d6facd09|rpc:172.17.0.2:42991|priority:0, 13da2f53-0476-4a03-b606-a9c3a1877f5a|rpc:172.17.0.2:44773|priority:1], old=null
2021-02-14 01:49:53,685 [2ec71a43-acc1-42a3-b8ca-de3ee762a3c9@group-248E97A0B5F6-LeaderElection41] INFO  impl.LeaderElection (LeaderElection.java:logAndReturn(89)) - 2ec71a43-acc1-42a3-b8ca-de3ee762a3c9@group-248E97A0B5F6-LeaderElection41: ELECTION REJECTED received 1 response(s) and 0 exception(s):
2021-02-14 01:49:53,685 [2ec71a43-acc1-42a3-b8ca-de3ee762a3c9@group-248E97A0B5F6-LeaderElection41] INFO  impl.LeaderElection (LeaderElection.java:logAndReturn(93)) -   Response 0: 2ec71a43-acc1-42a3-b8ca-de3ee762a3c9<-13da2f53-0476-4a03-b606-a9c3a1877f5a#0:FAIL-t3
2021-02-14 01:49:53,685 [2ec71a43-acc1-42a3-b8ca-de3ee762a3c9@group-248E97A0B5F6-LeaderElection41] INFO  impl.LeaderElection (LeaderElection.java:askForVotes(309)) - 2ec71a43-acc1-42a3-b8ca-de3ee762a3c9@group-248E97A0B5F6-LeaderElection41 ELECTION round 0: result REJECTED
2021-02-14 01:49:53,685 [2ec71a43-acc1-42a3-b8ca-de3ee762a3c9@group-248E97A0B5F6-LeaderElection41] INFO  server.RaftServer$Division (RaftServerImpl.java:setRole(284)) - 2ec71a43-acc1-42a3-b8ca-de3ee762a3c9@group-248E97A0B5F6: changes role from CANDIDATE to FOLLOWER at term 3 for REJECTED
2021-02-14 01:49:53,685 [2ec71a43-acc1-42a3-b8ca-de3ee762a3c9@group-248E97A0B5F6-LeaderElection41] INFO  impl.RoleInfo (RoleInfo.java:shutdownLeaderElection(121)) - 2ec71a43-acc1-42a3-b8ca-de3ee762a3c9: shutdown 2ec71a43-acc1-42a3-b8ca-de3ee762a3c9@group-248E97A0B5F6-LeaderElection41
2021-02-14 01:49:53,685 [2ec71a43-acc1-42a3-b8ca-de3ee762a3c9@group-248E97A0B5F6-LeaderElection41] INFO  impl.RoleInfo (RoleInfo.java:updateAndGet(130)) - 2ec71a43-acc1-42a3-b8ca-de3ee762a3c9: start 2ec71a43-acc1-42a3-b8ca-de3ee762a3c9@group-248E97A0B5F6-FollowerState
2021-02-14 01:49:54,313 [Thread-924] INFO  impl.FollowerState (FollowerState.java:run(133)) - 23cc1cc1-0040-4236-a819-0d718e7e646a@group-2DF9806E95A3-FollowerState: change to CANDIDATE, lastRpcElapsedTime:5011820114ns, electionTimeout:5011ms
2021-02-14 01:49:54,313 [java.util.concurrent.ThreadPoolExecutor$Worker@3fbe2a7d[State = -1, empty queue]] INFO  metrics.RatisMetrics (RatisMetrics.java:lambda$create$0(36)) - Creating Metrics Registry : ratis.client_message_metrics.client-E83D2984AF96->f8feeaac-d8ae-4c99-8c47-cf05d6facd09
2021-02-14 01:49:54,313 [Thread-924] INFO  impl.RoleInfo (RoleInfo.java:shutdownFollowerState(108)) - 23cc1cc1-0040-4236-a819-0d718e7e646a: shutdown 23cc1cc1-0040-4236-a819-0d718e7e646a@group-2DF9806E95A3-FollowerState
2021-02-14 01:49:54,314 [Thread-924] INFO  server.RaftServer$Division (RaftServerImpl.java:setRole(284)) - 23cc1cc1-0040-4236-a819-0d718e7e646a@group-2DF9806E95A3: changes role from  FOLLOWER to CANDIDATE at term 1 for changeToCandidate
2021-02-14 01:49:54,314 [Thread-924] INFO  server.RaftServerConfigKeys (ConfUtils.java:logGet(44)) - raft.server.leaderelection.pre-vote = false (custom)
2021-02-14 01:49:54,314 [Thread-924] INFO  impl.RoleInfo (RoleInfo.java:updateAndGet(130)) - 23cc1cc1-0040-4236-a819-0d718e7e646a: start 23cc1cc1-0040-4236-a819-0d718e7e646a@group-2DF9806E95A3-LeaderElection42
2021-02-14 01:49:54,322 [23cc1cc1-0040-4236-a819-0d718e7e646a@group-2DF9806E95A3-LeaderElection42] INFO  impl.LeaderElection (LeaderElection.java:askForVotes(307)) - 23cc1cc1-0040-4236-a819-0d718e7e646a@group-2DF9806E95A3-LeaderElection42 ELECTION round 0: submit vote requests at term 2 for -1: [67ae471d-b492-4f31-a24b-cc05e6e2b64e|rpc:172.17.0.2:46819|dataStream:|priority:1, 23cc1cc1-0040-4236-a819-0d718e7e646a|rpc:172.17.0.2:45489|dataStream:|priority:0, 7f0f79db-cac0-4201-a2ab-ddfae922df70|rpc:172.17.0.2:36067|dataStream:|priority:0], old=null
2021-02-14 01:49:54,338 [grpc-default-executor-1] INFO  metrics.RatisMetrics (RatisMetrics.java:lambda$create$0(36)) - Creating Metrics Registry : ratis.server_message_metrics.7f0f79db-cac0-4201-a2ab-ddfae922df70
2021-02-14 01:49:54,339 [grpc-default-executor-4] INFO  server.RaftServer$Division (RaftServerImpl.java:requestVote(1025)) - 67ae471d-b492-4f31-a24b-cc05e6e2b64e@group-2DF9806E95A3: receive requestVote(ELECTION, 23cc1cc1-0040-4236-a819-0d718e7e646a, group-2DF9806E95A3, 2, (t:0, i:0))
2021-02-14 01:49:54,339 [grpc-default-executor-1] INFO  server.RaftServer$Division (RaftServerImpl.java:requestVote(1025)) - 7f0f79db-cac0-4201-a2ab-ddfae922df70@group-2DF9806E95A3: receive requestVote(ELECTION, 23cc1cc1-0040-4236-a819-0d718e7e646a, group-2DF9806E95A3, 2, (t:0, i:0))
2021-02-14 01:49:54,340 [grpc-default-executor-1] INFO  impl.VoteContext (VoteContext.java:log(48)) - 7f0f79db-cac0-4201-a2ab-ddfae922df70@group-2DF9806E95A3-FOLLOWER: accept ELECTION from 23cc1cc1-0040-4236-a819-0d718e7e646a: our priority 0 <= candidate's priority 0
2021-02-14 01:49:54,340 [grpc-default-executor-1] INFO  server.RaftServer$Division (RaftServerImpl.java:setRole(284)) - 7f0f79db-cac0-4201-a2ab-ddfae922df70@group-2DF9806E95A3: changes role from  FOLLOWER to FOLLOWER at term 2 for candidate:23cc1cc1-0040-4236-a819-0d718e7e646a
2021-02-14 01:49:54,340 [grpc-default-executor-1] INFO  impl.RoleInfo (RoleInfo.java:shutdownFollowerState(108)) - 7f0f79db-cac0-4201-a2ab-ddfae922df70: shutdown 7f0f79db-cac0-4201-a2ab-ddfae922df70@group-2DF9806E95A3-FollowerState
2021-02-14 01:49:54,340 [grpc-default-executor-1] INFO  impl.RoleInfo (RoleInfo.java:updateAndGet(130)) - 7f0f79db-cac0-4201-a2ab-ddfae922df70: start 7f0f79db-cac0-4201-a2ab-ddfae922df70@group-2DF9806E95A3-FollowerState
2021-02-14 01:49:54,340 [Thread-926] INFO  impl.FollowerState (FollowerState.java:run(142)) - 7f0f79db-cac0-4201-a2ab-ddfae922df70@group-2DF9806E95A3-FollowerState was interrupted: {}
java.lang.InterruptedException: sleep interrupted
	at java.lang.Thread.sleep(Native Method)
	at java.lang.Thread.sleep(Thread.java:340)
	at java.util.concurrent.TimeUnit.sleep(TimeUnit.java:386)
	at org.apache.ratis.util.TimeDuration.sleep(TimeDuration.java:324)
	at org.apache.ratis.util.TimeDuration.sleep(TimeDuration.java:309)
	at org.apache.ratis.server.impl.FollowerState.run(FollowerState.java:117)
2021-02-14 01:49:54,341 [grpc-default-executor-4] INFO  impl.VoteContext (VoteContext.java:log(48)) - 67ae471d-b492-4f31-a24b-cc05e6e2b64e@group-2DF9806E95A3-FOLLOWER: reject ELECTION from 23cc1cc1-0040-4236-a819-0d718e7e646a: our priority 1 > candidate's priority 0
2021-02-14 01:49:54,341 [grpc-default-executor-4] INFO  server.RaftServer$Division (RaftServerImpl.java:setRole(284)) - 67ae471d-b492-4f31-a24b-cc05e6e2b64e@group-2DF9806E95A3: changes role from  FOLLOWER to FOLLOWER at term 2 for candidate:23cc1cc1-0040-4236-a819-0d718e7e646a
2021-02-14 01:49:54,341 [grpc-default-executor-4] INFO  impl.RoleInfo (RoleInfo.java:shutdownFollowerState(108)) - 67ae471d-b492-4f31-a24b-cc05e6e2b64e: shutdown 67ae471d-b492-4f31-a24b-cc05e6e2b64e@group-2DF9806E95A3-FollowerState
2021-02-14 01:49:54,341 [grpc-default-executor-4] INFO  impl.RoleInfo (RoleInfo.java:updateAndGet(130)) - 67ae471d-b492-4f31-a24b-cc05e6e2b64e: start 67ae471d-b492-4f31-a24b-cc05e6e2b64e@group-2DF9806E95A3-FollowerState
2021-02-14 01:49:54,342 [Thread-925] INFO  impl.FollowerState (FollowerState.java:run(142)) - 67ae471d-b492-4f31-a24b-cc05e6e2b64e@group-2DF9806E95A3-FollowerState was interrupted: {}
java.lang.InterruptedException: sleep interrupted
	at java.lang.Thread.sleep(Native Method)
	at java.lang.Thread.sleep(Thread.java:340)
	at java.util.concurrent.TimeUnit.sleep(TimeUnit.java:386)
	at org.apache.ratis.util.TimeDuration.sleep(TimeDuration.java:324)
	at org.apache.ratis.util.TimeDuration.sleep(TimeDuration.java:309)
	at org.apache.ratis.server.impl.FollowerState.run(FollowerState.java:117)
2021-02-14 01:49:54,350 [grpc-default-executor-4] INFO  server.RaftServer$Division (RaftServerImpl.java:requestVote(1057)) - 67ae471d-b492-4f31-a24b-cc05e6e2b64e@group-2DF9806E95A3 replies to ELECTION vote request: 23cc1cc1-0040-4236-a819-0d718e7e646a<-67ae471d-b492-4f31-a24b-cc05e6e2b64e#0:FAIL-t2. Peer's state: 67ae471d-b492-4f31-a24b-cc05e6e2b64e@group-2DF9806E95A3:t2, leader=null, voted=null, raftlog=67ae471d-b492-4f31-a24b-cc05e6e2b64e@group-2DF9806E95A3-SegmentedRaftLog:OPENED:c-1,f-1,i0, conf=-1: [67ae471d-b492-4f31-a24b-cc05e6e2b64e|rpc:172.17.0.2:46819|dataStream:|priority:1, 23cc1cc1-0040-4236-a819-0d718e7e646a|rpc:172.17.0.2:45489|dataStream:|priority:0, 7f0f79db-cac0-4201-a2ab-ddfae922df70|rpc:172.17.0.2:36067|dataStream:|priority:0], old=null
2021-02-14 01:49:54,351 [grpc-default-executor-1] INFO  server.RaftServer$Division (RaftServerImpl.java:requestVote(1057)) - 7f0f79db-cac0-4201-a2ab-ddfae922df70@group-2DF9806E95A3 replies to ELECTION vote request: 23cc1cc1-0040-4236-a819-0d718e7e646a<-7f0f79db-cac0-4201-a2ab-ddfae922df70#0:OK-t2. Peer's state: 7f0f79db-cac0-4201-a2ab-ddfae922df70@group-2DF9806E95A3:t2, leader=null, voted=23cc1cc1-0040-4236-a819-0d718e7e646a, raftlog=7f0f79db-cac0-4201-a2ab-ddfae922df70@group-2DF9806E95A3-SegmentedRaftLog:OPENED:c-1,f-1,i0, conf=-1: [67ae471d-b492-4f31-a24b-cc05e6e2b64e|rpc:172.17.0.2:46819|priority:1, 23cc1cc1-0040-4236-a819-0d718e7e646a|rpc:172.17.0.2:45489|priority:0, 7f0f79db-cac0-4201-a2ab-ddfae922df70|rpc:172.17.0.2:36067|priority:0], old=null
2021-02-14 01:49:54,351 [23cc1cc1-0040-4236-a819-0d718e7e646a@group-2DF9806E95A3-LeaderElection42] INFO  impl.LeaderElection (LeaderElection.java:logAndReturn(89)) - 23cc1cc1-0040-4236-a819-0d718e7e646a@group-2DF9806E95A3-LeaderElection42: ELECTION REJECTED received 1 response(s) and 0 exception(s):
2021-02-14 01:49:54,351 [23cc1cc1-0040-4236-a819-0d718e7e646a@group-2DF9806E95A3-LeaderElection42] INFO  impl.LeaderElection (LeaderElection.java:logAndReturn(93)) -   Response 0: 23cc1cc1-0040-4236-a819-0d718e7e646a<-67ae471d-b492-4f31-a24b-cc05e6e2b64e#0:FAIL-t2
2021-02-14 01:49:54,351 [23cc1cc1-0040-4236-a819-0d718e7e646a@group-2DF9806E95A3-LeaderElection42] INFO  impl.LeaderElection (LeaderElection.java:askForVotes(309)) - 23cc1cc1-0040-4236-a819-0d718e7e646a@group-2DF9806E95A3-LeaderElection42 ELECTION round 0: result REJECTED
2021-02-14 01:49:54,351 [23cc1cc1-0040-4236-a819-0d718e7e646a@group-2DF9806E95A3-LeaderElection42] INFO  server.RaftServer$Division (RaftServerImpl.java:setRole(284)) - 23cc1cc1-0040-4236-a819-0d718e7e646a@group-2DF9806E95A3: changes role from CANDIDATE to FOLLOWER at term 2 for REJECTED
2021-02-14 01:49:54,351 [23cc1cc1-0040-4236-a819-0d718e7e646a@group-2DF9806E95A3-LeaderElection42] INFO  impl.RoleInfo (RoleInfo.java:shutdownLeaderElection(121)) - 23cc1cc1-0040-4236-a819-0d718e7e646a: shutdown 23cc1cc1-0040-4236-a819-0d718e7e646a@group-2DF9806E95A3-LeaderElection42
2021-02-14 01:49:54,351 [23cc1cc1-0040-4236-a819-0d718e7e646a@group-2DF9806E95A3-LeaderElection42] INFO  impl.RoleInfo (RoleInfo.java:updateAndGet(130)) - 23cc1cc1-0040-4236-a819-0d718e7e646a: start 23cc1cc1-0040-4236-a819-0d718e7e646a@group-2DF9806E95A3-FollowerState
2021-02-14 01:49:58,029 [java.util.concurrent.ThreadPoolExecutor$Worker@21e10d77[State = -1, empty queue]] INFO  metrics.RatisMetrics (RatisMetrics.java:lambda$create$0(36)) - Creating Metrics Registry : ratis.client_message_metrics.client-E83D2984AF96->2ec71a43-acc1-42a3-b8ca-de3ee762a3c9
2021-02-14 01:49:58,732 [Thread-964] INFO  impl.FollowerState (FollowerState.java:run(133)) - 2ec71a43-acc1-42a3-b8ca-de3ee762a3c9@group-248E97A0B5F6-FollowerState: change to CANDIDATE, lastRpcElapsedTime:5046303795ns, electionTimeout:5045ms
2021-02-14 01:49:58,732 [Thread-964] INFO  impl.RoleInfo (RoleInfo.java:shutdownFollowerState(108)) - 2ec71a43-acc1-42a3-b8ca-de3ee762a3c9: shutdown 2ec71a43-acc1-42a3-b8ca-de3ee762a3c9@group-248E97A0B5F6-FollowerState
2021-02-14 01:49:58,732 [Thread-964] INFO  server.RaftServer$Division (RaftServerImpl.java:setRole(284)) - 2ec71a43-acc1-42a3-b8ca-de3ee762a3c9@group-248E97A0B5F6: changes role from  FOLLOWER to CANDIDATE at term 3 for changeToCandidate
2021-02-14 01:49:58,732 [Thread-964] INFO  server.RaftServerConfigKeys (ConfUtils.java:logGet(44)) - raft.server.leaderelection.pre-vote = false (custom)
2021-02-14 01:49:58,732 [Thread-964] INFO  impl.RoleInfo (RoleInfo.java:updateAndGet(130)) - 2ec71a43-acc1-42a3-b8ca-de3ee762a3c9: start 2ec71a43-acc1-42a3-b8ca-de3ee762a3c9@group-248E97A0B5F6-LeaderElection43
2021-02-14 01:49:58,736 [2ec71a43-acc1-42a3-b8ca-de3ee762a3c9@group-248E97A0B5F6-LeaderElection43] INFO  impl.LeaderElection (LeaderElection.java:askForVotes(307)) - 2ec71a43-acc1-42a3-b8ca-de3ee762a3c9@group-248E97A0B5F6-LeaderElection43 ELECTION round 0: submit vote requests at term 4 for 0: [2ec71a43-acc1-42a3-b8ca-de3ee762a3c9|rpc:172.17.0.2:42675|dataStream:|priority:0, f8feeaac-d8ae-4c99-8c47-cf05d6facd09|rpc:172.17.0.2:42991|dataStream:|priority:0, 13da2f53-0476-4a03-b606-a9c3a1877f5a|rpc:172.17.0.2:44773|dataStream:|priority:1], old=null
2021-02-14 01:49:58,738 [grpc-default-executor-4] INFO  server.RaftServer$Division (RaftServerImpl.java:requestVote(1025)) - f8feeaac-d8ae-4c99-8c47-cf05d6facd09@group-248E97A0B5F6: receive requestVote(ELECTION, 2ec71a43-acc1-42a3-b8ca-de3ee762a3c9, group-248E97A0B5F6, 4, (t:1, i:0))
2021-02-14 01:49:58,738 [grpc-default-executor-4] INFO  impl.VoteContext (VoteContext.java:log(48)) - f8feeaac-d8ae-4c99-8c47-cf05d6facd09@group-248E97A0B5F6-FOLLOWER: accept ELECTION from 2ec71a43-acc1-42a3-b8ca-de3ee762a3c9: our last entry null < candidate's last entry (t:1, i:0)
2021-02-14 01:49:58,738 [grpc-default-executor-4] INFO  server.RaftServer$Division (RaftServerImpl.java:setRole(284)) - f8feeaac-d8ae-4c99-8c47-cf05d6facd09@group-248E97A0B5F6: changes role from  FOLLOWER to FOLLOWER at term 4 for candidate:2ec71a43-acc1-42a3-b8ca-de3ee762a3c9
2021-02-14 01:49:58,738 [grpc-default-executor-4] INFO  impl.RoleInfo (RoleInfo.java:shutdownFollowerState(108)) - f8feeaac-d8ae-4c99-8c47-cf05d6facd09: shutdown f8feeaac-d8ae-4c99-8c47-cf05d6facd09@group-248E97A0B5F6-FollowerState
2021-02-14 01:49:58,738 [grpc-default-executor-4] INFO  impl.RoleInfo (RoleInfo.java:updateAndGet(130)) - f8feeaac-d8ae-4c99-8c47-cf05d6facd09: start f8feeaac-d8ae-4c99-8c47-cf05d6facd09@group-248E97A0B5F6-FollowerState
2021-02-14 01:49:58,739 [grpc-default-executor-4] INFO  server.RaftServer$Division (RaftServerImpl.java:requestVote(1057)) - f8feeaac-d8ae-4c99-8c47-cf05d6facd09@group-248E97A0B5F6 replies to ELECTION vote request: 2ec71a43-acc1-42a3-b8ca-de3ee762a3c9<-f8feeaac-d8ae-4c99-8c47-cf05d6facd09#0:OK-t4. Peer's state: f8feeaac-d8ae-4c99-8c47-cf05d6facd09@group-248E97A0B5F6:t4, leader=null, voted=2ec71a43-acc1-42a3-b8ca-de3ee762a3c9, raftlog=f8feeaac-d8ae-4c99-8c47-cf05d6facd09@group-248E97A0B5F6-SegmentedRaftLog:OPENED:c-1,f-1,i0, conf=-1: [2ec71a43-acc1-42a3-b8ca-de3ee762a3c9|rpc:172.17.0.2:42675|priority:0, f8feeaac-d8ae-4c99-8c47-cf05d6facd09|rpc:172.17.0.2:42991|priority:0, 13da2f53-0476-4a03-b606-a9c3a1877f5a|rpc:172.17.0.2:44773|priority:1], old=null
2021-02-14 01:49:58,740 [Thread-963] INFO  impl.FollowerState (FollowerState.java:run(142)) - f8feeaac-d8ae-4c99-8c47-cf05d6facd09@group-248E97A0B5F6-FollowerState was interrupted: {}
java.lang.InterruptedException: sleep interrupted
	at java.lang.Thread.sleep(Native Method)
	at java.lang.Thread.sleep(Thread.java:340)
	at java.util.concurrent.TimeUnit.sleep(TimeUnit.java:386)
	at org.apache.ratis.util.TimeDuration.sleep(TimeDuration.java:324)
	at org.apache.ratis.util.TimeDuration.sleep(TimeDuration.java:309)
	at org.apache.ratis.server.impl.FollowerState.run(FollowerState.java:117)
2021-02-14 01:49:58,745 [grpc-default-executor-1] INFO  server.RaftServer$Division (RaftServerImpl.java:requestVote(1025)) - 13da2f53-0476-4a03-b606-a9c3a1877f5a@group-248E97A0B5F6: receive requestVote(ELECTION, 2ec71a43-acc1-42a3-b8ca-de3ee762a3c9, group-248E97A0B5F6, 4, (t:1, i:0))
2021-02-14 01:49:58,745 [grpc-default-executor-1] INFO  impl.VoteContext (VoteContext.java:log(48)) - 13da2f53-0476-4a03-b606-a9c3a1877f5a@group-248E97A0B5F6-FOLLOWER: reject ELECTION from 2ec71a43-acc1-42a3-b8ca-de3ee762a3c9: our priority 1 > candidate's priority 0
2021-02-14 01:49:58,745 [grpc-default-executor-1] INFO  server.RaftServer$Division (RaftServerImpl.java:setRole(284)) - 13da2f53-0476-4a03-b606-a9c3a1877f5a@group-248E97A0B5F6: changes role from  FOLLOWER to FOLLOWER at term 4 for candidate:2ec71a43-acc1-42a3-b8ca-de3ee762a3c9
2021-02-14 01:49:58,745 [grpc-default-executor-1] INFO  impl.RoleInfo (RoleInfo.java:shutdownFollowerState(108)) - 13da2f53-0476-4a03-b606-a9c3a1877f5a: shutdown 13da2f53-0476-4a03-b606-a9c3a1877f5a@group-248E97A0B5F6-FollowerState
2021-02-14 01:49:58,745 [grpc-default-executor-1] INFO  impl.RoleInfo (RoleInfo.java:updateAndGet(130)) - 13da2f53-0476-4a03-b606-a9c3a1877f5a: start 13da2f53-0476-4a03-b606-a9c3a1877f5a@group-248E97A0B5F6-FollowerState
2021-02-14 01:49:58,745 [Thread-962] INFO  impl.FollowerState (FollowerState.java:run(142)) - 13da2f53-0476-4a03-b606-a9c3a1877f5a@group-248E97A0B5F6-FollowerState was interrupted: {}
java.lang.InterruptedException: sleep interrupted
	at java.lang.Thread.sleep(Native Method)
	at java.lang.Thread.sleep(Thread.java:340)
	at java.util.concurrent.TimeUnit.sleep(TimeUnit.java:386)
	at org.apache.ratis.util.TimeDuration.sleep(TimeDuration.java:324)
	at org.apache.ratis.util.TimeDuration.sleep(TimeDuration.java:309)
	at org.apache.ratis.server.impl.FollowerState.run(FollowerState.java:117)
2021-02-14 01:49:58,749 [grpc-default-executor-1] INFO  server.RaftServer$Division (RaftServerImpl.java:requestVote(1057)) - 13da2f53-0476-4a03-b606-a9c3a1877f5a@group-248E97A0B5F6 replies to ELECTION vote request: 2ec71a43-acc1-42a3-b8ca-de3ee762a3c9<-13da2f53-0476-4a03-b606-a9c3a1877f5a#0:FAIL-t4. Peer's state: 13da2f53-0476-4a03-b606-a9c3a1877f5a@group-248E97A0B5F6:t4, leader=null, voted=null, raftlog=13da2f53-0476-4a03-b606-a9c3a1877f5a@group-248E97A0B5F6-SegmentedRaftLog:OPENED:c0,f0,i0, conf=0: [2ec71a43-acc1-42a3-b8ca-de3ee762a3c9|rpc:172.17.0.2:42675|dataStream:|priority:0, f8feeaac-d8ae-4c99-8c47-cf05d6facd09|rpc:172.17.0.2:42991|dataStream:|priority:0, 13da2f53-0476-4a03-b606-a9c3a1877f5a|rpc:172.17.0.2:44773|dataStream:|priority:1], old=null
2021-02-14 01:49:58,751 [2ec71a43-acc1-42a3-b8ca-de3ee762a3c9@group-248E97A0B5F6-LeaderElection43] INFO  impl.LeaderElection (LeaderElection.java:logAndReturn(89)) - 2ec71a43-acc1-42a3-b8ca-de3ee762a3c9@group-248E97A0B5F6-LeaderElection43: ELECTION REJECTED received 2 response(s) and 0 exception(s):
2021-02-14 01:49:58,751 [2ec71a43-acc1-42a3-b8ca-de3ee762a3c9@group-248E97A0B5F6-LeaderElection43] INFO  impl.LeaderElection (LeaderElection.java:logAndReturn(93)) -   Response 0: 2ec71a43-acc1-42a3-b8ca-de3ee762a3c9<-f8feeaac-d8ae-4c99-8c47-cf05d6facd09#0:OK-t4
2021-02-14 01:49:58,751 [2ec71a43-acc1-42a3-b8ca-de3ee762a3c9@group-248E97A0B5F6-LeaderElection43] INFO  impl.LeaderElection (LeaderElection.java:logAndReturn(93)) -   Response 1: 2ec71a43-acc1-42a3-b8ca-de3ee762a3c9<-13da2f53-0476-4a03-b606-a9c3a1877f5a#0:FAIL-t4
2021-02-14 01:49:58,751 [2ec71a43-acc1-42a3-b8ca-de3ee762a3c9@group-248E97A0B5F6-LeaderElection43] INFO  impl.LeaderElection (LeaderElection.java:askForVotes(309)) - 2ec71a43-acc1-42a3-b8ca-de3ee762a3c9@group-248E97A0B5F6-LeaderElection43 ELECTION round 0: result REJECTED
2021-02-14 01:49:58,751 [2ec71a43-acc1-42a3-b8ca-de3ee762a3c9@group-248E97A0B5F6-LeaderElection43] INFO  server.RaftServer$Division (RaftServerImpl.java:setRole(284)) - 2ec71a43-acc1-42a3-b8ca-de3ee762a3c9@group-248E97A0B5F6: changes role from CANDIDATE to FOLLOWER at term 4 for REJECTED
2021-02-14 01:49:58,751 [2ec71a43-acc1-42a3-b8ca-de3ee762a3c9@group-248E97A0B5F6-LeaderElection43] INFO  impl.RoleInfo (RoleInfo.java:shutdownLeaderElection(121)) - 2ec71a43-acc1-42a3-b8ca-de3ee762a3c9: shutdown 2ec71a43-acc1-42a3-b8ca-de3ee762a3c9@group-248E97A0B5F6-LeaderElection43
2021-02-14 01:49:58,751 [2ec71a43-acc1-42a3-b8ca-de3ee762a3c9@group-248E97A0B5F6-LeaderElection43] INFO  impl.RoleInfo (RoleInfo.java:updateAndGet(130)) - 2ec71a43-acc1-42a3-b8ca-de3ee762a3c9: start 2ec71a43-acc1-42a3-b8ca-de3ee762a3c9@group-248E97A0B5F6-FollowerState
2021-02-14 01:49:59,403 [Thread-970] INFO  impl.FollowerState (FollowerState.java:run(133)) - 67ae471d-b492-4f31-a24b-cc05e6e2b64e@group-2DF9806E95A3-FollowerState: change to CANDIDATE, lastRpcElapsedTime:5061968132ns, electionTimeout:5053ms
2021-02-14 01:49:59,404 [Thread-970] INFO  impl.RoleInfo (RoleInfo.java:shutdownFollowerState(108)) - 67ae471d-b492-4f31-a24b-cc05e6e2b64e: shutdown 67ae471d-b492-4f31-a24b-cc05e6e2b64e@group-2DF9806E95A3-FollowerState
2021-02-14 01:49:59,404 [Thread-970] INFO  server.RaftServer$Division (RaftServerImpl.java:setRole(284)) - 67ae471d-b492-4f31-a24b-cc05e6e2b64e@group-2DF9806E95A3: changes role from  FOLLOWER to CANDIDATE at term 2 for changeToCandidate
2021-02-14 01:49:59,404 [Thread-970] INFO  server.RaftServerConfigKeys (ConfUtils.java:logGet(44)) - raft.server.leaderelection.pre-vote = false (custom)
2021-02-14 01:49:59,404 [Thread-970] INFO  impl.RoleInfo (RoleInfo.java:updateAndGet(130)) - 67ae471d-b492-4f31-a24b-cc05e6e2b64e: start 67ae471d-b492-4f31-a24b-cc05e6e2b64e@group-2DF9806E95A3-LeaderElection44
2021-02-14 01:49:59,407 [67ae471d-b492-4f31-a24b-cc05e6e2b64e@group-2DF9806E95A3-LeaderElection44] INFO  impl.LeaderElection (LeaderElection.java:askForVotes(307)) - 67ae471d-b492-4f31-a24b-cc05e6e2b64e@group-2DF9806E95A3-LeaderElection44 ELECTION round 0: submit vote requests at term 3 for -1: [67ae471d-b492-4f31-a24b-cc05e6e2b64e|rpc:172.17.0.2:46819|dataStream:|priority:1, 23cc1cc1-0040-4236-a819-0d718e7e646a|rpc:172.17.0.2:45489|dataStream:|priority:0, 7f0f79db-cac0-4201-a2ab-ddfae922df70|rpc:172.17.0.2:36067|dataStream:|priority:0], old=null
2021-02-14 01:49:59,417 [grpc-default-executor-1] INFO  server.RaftServer$Division (RaftServerImpl.java:requestVote(1025)) - 23cc1cc1-0040-4236-a819-0d718e7e646a@group-2DF9806E95A3: receive requestVote(ELECTION, 67ae471d-b492-4f31-a24b-cc05e6e2b64e, group-2DF9806E95A3, 3, (t:0, i:0))
2021-02-14 01:49:59,417 [grpc-default-executor-1] INFO  impl.VoteContext (VoteContext.java:log(48)) - 23cc1cc1-0040-4236-a819-0d718e7e646a@group-2DF9806E95A3-FOLLOWER: accept ELECTION from 67ae471d-b492-4f31-a24b-cc05e6e2b64e: our priority 0 <= candidate's priority 1
2021-02-14 01:49:59,417 [grpc-default-executor-1] INFO  server.RaftServer$Division (RaftServerImpl.java:setRole(284)) - 23cc1cc1-0040-4236-a819-0d718e7e646a@group-2DF9806E95A3: changes role from  FOLLOWER to FOLLOWER at term 3 for candidate:67ae471d-b492-4f31-a24b-cc05e6e2b64e
2021-02-14 01:49:59,417 [grpc-default-executor-1] INFO  impl.RoleInfo (RoleInfo.java:shutdownFollowerState(108)) - 23cc1cc1-0040-4236-a819-0d718e7e646a: shutdown 23cc1cc1-0040-4236-a819-0d718e7e646a@group-2DF9806E95A3-FollowerState
2021-02-14 01:49:59,417 [grpc-default-executor-1] INFO  impl.RoleInfo (RoleInfo.java:updateAndGet(130)) - 23cc1cc1-0040-4236-a819-0d718e7e646a: start 23cc1cc1-0040-4236-a819-0d718e7e646a@group-2DF9806E95A3-FollowerState
2021-02-14 01:49:59,417 [Thread-972] INFO  impl.FollowerState (FollowerState.java:run(142)) - 23cc1cc1-0040-4236-a819-0d718e7e646a@group-2DF9806E95A3-FollowerState was interrupted: {}
java.lang.InterruptedException: sleep interrupted
	at java.lang.Thread.sleep(Native Method)
	at java.lang.Thread.sleep(Thread.java:340)
	at java.util.concurrent.TimeUnit.sleep(TimeUnit.java:386)
	at org.apache.ratis.util.TimeDuration.sleep(TimeDuration.java:324)
	at org.apache.ratis.util.TimeDuration.sleep(TimeDuration.java:309)
	at org.apache.ratis.server.impl.FollowerState.run(FollowerState.java:117)
2021-02-14 01:49:59,419 [grpc-default-executor-1] INFO  server.RaftServer$Division (RaftServerImpl.java:requestVote(1057)) - 23cc1cc1-0040-4236-a819-0d718e7e646a@group-2DF9806E95A3 replies to ELECTION vote request: 67ae471d-b492-4f31-a24b-cc05e6e2b64e<-23cc1cc1-0040-4236-a819-0d718e7e646a#0:OK-t3. Peer's state: 23cc1cc1-0040-4236-a819-0d718e7e646a@group-2DF9806E95A3:t3, leader=null, voted=67ae471d-b492-4f31-a24b-cc05e6e2b64e, raftlog=23cc1cc1-0040-4236-a819-0d718e7e646a@group-2DF9806E95A3-SegmentedRaftLog:OPENED:c-1,f-1,i0, conf=-1: [67ae471d-b492-4f31-a24b-cc05e6e2b64e|rpc:172.17.0.2:46819|dataStream:|priority:1, 23cc1cc1-0040-4236-a819-0d718e7e646a|rpc:172.17.0.2:45489|dataStream:|priority:0, 7f0f79db-cac0-4201-a2ab-ddfae922df70|rpc:172.17.0.2:36067|dataStream:|priority:0], old=null
2021-02-14 01:49:59,424 [67ae471d-b492-4f31-a24b-cc05e6e2b64e@group-2DF9806E95A3-LeaderElection44] INFO  impl.LeaderElection (LeaderElection.java:logAndReturn(89)) - 67ae471d-b492-4f31-a24b-cc05e6e2b64e@group-2DF9806E95A3-LeaderElection44: ELECTION PASSED received 1 response(s) and 0 exception(s):
2021-02-14 01:49:59,424 [67ae471d-b492-4f31-a24b-cc05e6e2b64e@group-2DF9806E95A3-LeaderElection44] INFO  impl.LeaderElection (LeaderElection.java:logAndReturn(93)) -   Response 0: 67ae471d-b492-4f31-a24b-cc05e6e2b64e<-23cc1cc1-0040-4236-a819-0d718e7e646a#0:OK-t3
2021-02-14 01:49:59,424 [67ae471d-b492-4f31-a24b-cc05e6e2b64e@group-2DF9806E95A3-LeaderElection44] INFO  impl.LeaderElection (LeaderElection.java:askForVotes(309)) - 67ae471d-b492-4f31-a24b-cc05e6e2b64e@group-2DF9806E95A3-LeaderElection44 ELECTION round 0: result PASSED
2021-02-14 01:49:59,424 [67ae471d-b492-4f31-a24b-cc05e6e2b64e@group-2DF9806E95A3-LeaderElection44] INFO  impl.RoleInfo (RoleInfo.java:shutdownLeaderElection(121)) - 67ae471d-b492-4f31-a24b-cc05e6e2b64e: shutdown 67ae471d-b492-4f31-a24b-cc05e6e2b64e@group-2DF9806E95A3-LeaderElection44
2021-02-14 01:49:59,424 [67ae471d-b492-4f31-a24b-cc05e6e2b64e@group-2DF9806E95A3-LeaderElection44] INFO  server.RaftServer$Division (RaftServerImpl.java:setRole(284)) - 67ae471d-b492-4f31-a24b-cc05e6e2b64e@group-2DF9806E95A3: changes role from CANDIDATE to LEADER at term 3 for changeToLeader
2021-02-14 01:49:59,424 [67ae471d-b492-4f31-a24b-cc05e6e2b64e@group-2DF9806E95A3-LeaderElection44] INFO  ratis.XceiverServerRatis (XceiverServerRatis.java:handleLeaderChangedNotification(899)) - Leader change notification received for group: group-2DF9806E95A3 with new leaderId: 67ae471d-b492-4f31-a24b-cc05e6e2b64e
2021-02-14 01:49:59,425 [67ae471d-b492-4f31-a24b-cc05e6e2b64e@group-2DF9806E95A3-LeaderElection44] INFO  server.RaftServer$Division (ServerState.java:setLeader(271)) - 67ae471d-b492-4f31-a24b-cc05e6e2b64e@group-2DF9806E95A3: change Leader from null to 67ae471d-b492-4f31-a24b-cc05e6e2b64e at term 3 for becomeLeader, leader elected after 15132ms
2021-02-14 01:49:59,425 [67ae471d-b492-4f31-a24b-cc05e6e2b64e@group-2DF9806E95A3-LeaderElection44] INFO  server.RaftServerConfigKeys (ConfUtils.java:logGet(44)) - raft.server.staging.catchup.gap = 1000 (default)
2021-02-14 01:49:59,425 [67ae471d-b492-4f31-a24b-cc05e6e2b64e@group-2DF9806E95A3-LeaderElection44] INFO  metrics.RatisMetrics (RatisMetrics.java:lambda$create$0(36)) - Creating Metrics Registry : ratis.log_appender.67ae471d-b492-4f31-a24b-cc05e6e2b64e@group-2DF9806E95A3
2021-02-14 01:49:59,426 [grpc-default-executor-1] INFO  server.RaftServer$Division (RaftServerImpl.java:requestVote(1025)) - 7f0f79db-cac0-4201-a2ab-ddfae922df70@group-2DF9806E95A3: receive requestVote(ELECTION, 67ae471d-b492-4f31-a24b-cc05e6e2b64e, group-2DF9806E95A3, 3, (t:0, i:0))
2021-02-14 01:49:59,426 [grpc-default-executor-1] INFO  impl.VoteContext (VoteContext.java:log(48)) - 7f0f79db-cac0-4201-a2ab-ddfae922df70@group-2DF9806E95A3-FOLLOWER: accept ELECTION from 67ae471d-b492-4f31-a24b-cc05e6e2b64e: our priority 0 <= candidate's priority 1
2021-02-14 01:49:59,426 [grpc-default-executor-1] INFO  server.RaftServer$Division (RaftServerImpl.java:setRole(284)) - 7f0f79db-cac0-4201-a2ab-ddfae922df70@group-2DF9806E95A3: changes role from  FOLLOWER to FOLLOWER at term 3 for candidate:67ae471d-b492-4f31-a24b-cc05e6e2b64e
2021-02-14 01:49:59,426 [grpc-default-executor-1] INFO  impl.RoleInfo (RoleInfo.java:shutdownFollowerState(108)) - 7f0f79db-cac0-4201-a2ab-ddfae922df70: shutdown 7f0f79db-cac0-4201-a2ab-ddfae922df70@group-2DF9806E95A3-FollowerState
2021-02-14 01:49:59,426 [grpc-default-executor-1] INFO  impl.RoleInfo (RoleInfo.java:updateAndGet(130)) - 7f0f79db-cac0-4201-a2ab-ddfae922df70: start 7f0f79db-cac0-4201-a2ab-ddfae922df70@group-2DF9806E95A3-FollowerState
2021-02-14 01:49:59,426 [Thread-969] INFO  impl.FollowerState (FollowerState.java:run(142)) - 7f0f79db-cac0-4201-a2ab-ddfae922df70@group-2DF9806E95A3-FollowerState was interrupted: {}
java.lang.InterruptedException: sleep interrupted
	at java.lang.Thread.sleep(Native Method)
	at java.lang.Thread.sleep(Thread.java:340)
	at java.util.concurrent.TimeUnit.sleep(TimeUnit.java:386)
	at org.apache.ratis.util.TimeDuration.sleep(TimeDuration.java:324)
	at org.apache.ratis.util.TimeDuration.sleep(TimeDuration.java:309)
	at org.apache.ratis.server.impl.FollowerState.run(FollowerState.java:117)
2021-02-14 01:49:59,427 [67ae471d-b492-4f31-a24b-cc05e6e2b64e@group-2DF9806E95A3-LeaderElection44] INFO  server.RaftServerConfigKeys (ConfUtils.java:logGet(44)) - raft.server.write.element-limit = 1024 (custom)
2021-02-14 01:49:59,428 [67ae471d-b492-4f31-a24b-cc05e6e2b64e@group-2DF9806E95A3-LeaderElection44] INFO  server.RaftServerConfigKeys (ConfUtils.java:logGet(44)) - raft.server.write.byte-limit = 1073741824 (custom)
2021-02-14 01:49:59,428 [EventQueue-PipelineReportForPipelineReportHandler] INFO  pipeline.PipelineStateManager (PipelineStateManager.java:openPipeline(132)) - Pipeline Pipeline[ Id: d3f2502a-8941-4805-a183-2df9806e95a3, Nodes: 23cc1cc1-0040-4236-a819-0d718e7e646a{ip: 172.17.0.2, host: 9cc4fcda0858, ports: [REPLICATION=44683, RATIS=45489, RATIS_ADMIN=45489, RATIS_SERVER=45489, STANDALONE=33661], networkLocation: /default-rack, certSerialId: null, persistedOpState: IN_SERVICE, persistedOpStateExpiryEpochSec: 0}67ae471d-b492-4f31-a24b-cc05e6e2b64e{ip: 172.17.0.2, host: 9cc4fcda0858, ports: [REPLICATION=34271, RATIS=46819, RATIS_ADMIN=46819, RATIS_SERVER=46819, STANDALONE=41039], networkLocation: /default-rack, certSerialId: null, persistedOpState: IN_SERVICE, persistedOpStateExpiryEpochSec: 0}7f0f79db-cac0-4201-a2ab-ddfae922df70{ip: 172.17.0.2, host: 9cc4fcda0858, ports: [REPLICATION=33981, RATIS=36067, RATIS_ADMIN=36067, RATIS_SERVER=36067, STANDALONE=35899], networkLocation: /default-rack, certSerialId: null, persistedOpState: IN_SERVICE, persistedOpStateExpiryEpochSec: 0}, Type:RATIS, Factor:THREE, State:ALLOCATED, leaderId:67ae471d-b492-4f31-a24b-cc05e6e2b64e, CreationTimestamp2021-02-14T01:49:41.654Z] moved to OPEN state
2021-02-14 01:49:59,428 [67ae471d-b492-4f31-a24b-cc05e6e2b64e@group-2DF9806E95A3-LeaderElection44] INFO  server.RaftServerConfigKeys (ConfUtils.java:logGet(44)) - raft.server.watch.timeout = 3000ms (custom)
2021-02-14 01:49:59,428 [67ae471d-b492-4f31-a24b-cc05e6e2b64e@group-2DF9806E95A3-LeaderElection44] INFO  server.RaftServerConfigKeys (ConfUtils.java:logGet(44)) - raft.server.watch.timeout.denomination = 1s (default)
2021-02-14 01:49:59,428 [67ae471d-b492-4f31-a24b-cc05e6e2b64e@group-2DF9806E95A3-LeaderElection44] INFO  server.RaftServerConfigKeys (ConfUtils.java:logGet(44)) - raft.server.watch.element-limit = 65536 (default)
2021-02-14 01:49:59,428 [67ae471d-b492-4f31-a24b-cc05e6e2b64e@group-2DF9806E95A3-LeaderElection44] INFO  server.RaftServerConfigKeys (ConfUtils.java:logGet(44)) - raft.server.log.appender.snapshot.chunk.size.max = 16MB (=16777216) (default)
2021-02-14 01:49:59,428 [67ae471d-b492-4f31-a24b-cc05e6e2b64e@group-2DF9806E95A3-LeaderElection44] INFO  server.RaftServerConfigKeys (ConfUtils.java:logGet(44)) - raft.server.log.appender.buffer.byte-limit = 33554432 (custom)
2021-02-14 01:49:59,428 [67ae471d-b492-4f31-a24b-cc05e6e2b64e@group-2DF9806E95A3-LeaderElection44] INFO  server.RaftServerConfigKeys (ConfUtils.java:logGet(44)) - raft.server.log.appender.buffer.element-limit = 1 (custom)
2021-02-14 01:49:59,429 [67ae471d-b492-4f31-a24b-cc05e6e2b64e@group-2DF9806E95A3-LeaderElection44] INFO  grpc.GrpcConfigKeys (ConfUtils.java:logGet(44)) - raft.grpc.server.leader.outstanding.appends.max = 128 (default)
2021-02-14 01:49:59,429 [67ae471d-b492-4f31-a24b-cc05e6e2b64e@group-2DF9806E95A3-LeaderElection44] INFO  server.RaftServerConfigKeys (ConfUtils.java:logGet(44)) - raft.server.rpc.request.timeout = 3000ms (default)
2021-02-14 01:49:59,429 [67ae471d-b492-4f31-a24b-cc05e6e2b64e@group-2DF9806E95A3-LeaderElection44] INFO  server.RaftServerConfigKeys (ConfUtils.java:logGet(44)) - raft.server.log.appender.install.snapshot.enabled = false (custom)
2021-02-14 01:49:59,429 [67ae471d-b492-4f31-a24b-cc05e6e2b64e@group-2DF9806E95A3-LeaderElection44] INFO  metrics.RatisMetrics (RatisMetrics.java:lambda$create$0(36)) - Creating Metrics Registry : ratis_grpc.log_appender.67ae471d-b492-4f31-a24b-cc05e6e2b64e@group-2DF9806E95A3
2021-02-14 01:49:59,430 [67ae471d-b492-4f31-a24b-cc05e6e2b64e@group-2DF9806E95A3-LeaderElection44] INFO  server.RaftServerConfigKeys (ConfUtils.java:logGet(44)) - raft.server.log.appender.snapshot.chunk.size.max = 16MB (=16777216) (default)
2021-02-14 01:49:59,430 [67ae471d-b492-4f31-a24b-cc05e6e2b64e@group-2DF9806E95A3-LeaderElection44] INFO  server.RaftServerConfigKeys (ConfUtils.java:logGet(44)) - raft.server.log.appender.buffer.byte-limit = 33554432 (custom)
2021-02-14 01:49:59,430 [67ae471d-b492-4f31-a24b-cc05e6e2b64e@group-2DF9806E95A3-LeaderElection44] INFO  server.RaftServerConfigKeys (ConfUtils.java:logGet(44)) - raft.server.log.appender.buffer.element-limit = 1 (custom)
2021-02-14 01:49:59,430 [67ae471d-b492-4f31-a24b-cc05e6e2b64e@group-2DF9806E95A3-LeaderElection44] INFO  grpc.GrpcConfigKeys (ConfUtils.java:logGet(44)) - raft.grpc.server.leader.outstanding.appends.max = 128 (default)
2021-02-14 01:49:59,430 [67ae471d-b492-4f31-a24b-cc05e6e2b64e@group-2DF9806E95A3-LeaderElection44] INFO  server.RaftServerConfigKeys (ConfUtils.java:logGet(44)) - raft.server.rpc.request.timeout = 3000ms (default)
2021-02-14 01:49:59,430 [67ae471d-b492-4f31-a24b-cc05e6e2b64e@group-2DF9806E95A3-LeaderElection44] INFO  server.RaftServerConfigKeys (ConfUtils.java:logGet(44)) - raft.server.log.appender.install.snapshot.enabled = false (custom)
2021-02-14 01:49:59,431 [67ae471d-b492-4f31-a24b-cc05e6e2b64e@group-2DF9806E95A3-LeaderElection44] INFO  impl.RoleInfo (RoleInfo.java:updateAndGet(130)) - 67ae471d-b492-4f31-a24b-cc05e6e2b64e: start 67ae471d-b492-4f31-a24b-cc05e6e2b64e@group-2DF9806E95A3-LeaderStateImpl
2021-02-14 01:49:59,432 [67ae471d-b492-4f31-a24b-cc05e6e2b64e@group-2DF9806E95A3-LeaderElection44] INFO  segmented.SegmentedRaftLogWorker (SegmentedRaftLogWorker.java:startLogSegment(392)) - 67ae471d-b492-4f31-a24b-cc05e6e2b64e@group-2DF9806E95A3-SegmentedRaftLogWorker: Starting segment from index:0
2021-02-14 01:49:59,432 [grpc-default-executor-1] INFO  server.RaftServer$Division (RaftServerImpl.java:requestVote(1057)) - 7f0f79db-cac0-4201-a2ab-ddfae922df70@group-2DF9806E95A3 replies to ELECTION vote request: 67ae471d-b492-4f31-a24b-cc05e6e2b64e<-7f0f79db-cac0-4201-a2ab-ddfae922df70#0:OK-t3. Peer's state: 7f0f79db-cac0-4201-a2ab-ddfae922df70@group-2DF9806E95A3:t3, leader=null, voted=67ae471d-b492-4f31-a24b-cc05e6e2b64e, raftlog=7f0f79db-cac0-4201-a2ab-ddfae922df70@group-2DF9806E95A3-SegmentedRaftLog:OPENED:c-1,f-1,i0, conf=-1: [67ae471d-b492-4f31-a24b-cc05e6e2b64e|rpc:172.17.0.2:46819|priority:1, 23cc1cc1-0040-4236-a819-0d718e7e646a|rpc:172.17.0.2:45489|priority:0, 7f0f79db-cac0-4201-a2ab-ddfae922df70|rpc:172.17.0.2:36067|priority:0], old=null
2021-02-14 01:49:59,433 [67ae471d-b492-4f31-a24b-cc05e6e2b64e@group-2DF9806E95A3-SegmentedRaftLogWorker] INFO  segmented.SegmentedRaftLogWorker (SegmentedRaftLogWorker.java:execute(599)) - 67ae471d-b492-4f31-a24b-cc05e6e2b64e@group-2DF9806E95A3-SegmentedRaftLogWorker: created new log segment /github/workspace/mnt/ozone/hadoop-ozone/integration-test/target/test-dir/MiniOzoneClusterImpl-b3eef9e8-6bea-4ca1-9f7b-091cac69c924/datanode-4/data/ratis/d3f2502a-8941-4805-a183-2df9806e95a3/current/log_inprogress_0
2021-02-14 01:49:59,434 [67ae471d-b492-4f31-a24b-cc05e6e2b64e@group-2DF9806E95A3-LeaderElection44] INFO  server.RaftServer$Division (ServerState.java:setRaftConf(373)) - 67ae471d-b492-4f31-a24b-cc05e6e2b64e@group-2DF9806E95A3: set configuration 0: [67ae471d-b492-4f31-a24b-cc05e6e2b64e|rpc:172.17.0.2:46819|dataStream:|priority:1, 23cc1cc1-0040-4236-a819-0d718e7e646a|rpc:172.17.0.2:45489|dataStream:|priority:0, 7f0f79db-cac0-4201-a2ab-ddfae922df70|rpc:172.17.0.2:36067|dataStream:|priority:0], old=null
2021-02-14 01:49:59,440 [grpc-default-executor-4] INFO  ratis.XceiverServerRatis (XceiverServerRatis.java:handleLeaderChangedNotification(899)) - Leader change notification received for group: group-2DF9806E95A3 with new leaderId: 67ae471d-b492-4f31-a24b-cc05e6e2b64e
2021-02-14 01:49:59,440 [grpc-default-executor-4] INFO  server.RaftServer$Division (ServerState.java:setLeader(271)) - 7f0f79db-cac0-4201-a2ab-ddfae922df70@group-2DF9806E95A3: change Leader from null to 67ae471d-b492-4f31-a24b-cc05e6e2b64e at term 3 for appendEntries, leader elected after 15204ms
2021-02-14 01:49:59,441 [grpc-default-executor-1] INFO  ratis.XceiverServerRatis (XceiverServerRatis.java:handleLeaderChangedNotification(899)) - Leader change notification received for group: group-2DF9806E95A3 with new leaderId: 67ae471d-b492-4f31-a24b-cc05e6e2b64e
2021-02-14 01:49:59,441 [grpc-default-executor-1] INFO  server.RaftServer$Division (ServerState.java:setLeader(271)) - 23cc1cc1-0040-4236-a819-0d718e7e646a@group-2DF9806E95A3: change Leader from null to 67ae471d-b492-4f31-a24b-cc05e6e2b64e at term 3 for appendEntries, leader elected after 15175ms
2021-02-14 01:49:59,445 [grpc-default-executor-4] INFO  server.RaftServer$Division (ServerState.java:setRaftConf(373)) - 7f0f79db-cac0-4201-a2ab-ddfae922df70@group-2DF9806E95A3: set configuration 0: [67ae471d-b492-4f31-a24b-cc05e6e2b64e|rpc:172.17.0.2:46819|dataStream:|priority:1, 23cc1cc1-0040-4236-a819-0d718e7e646a|rpc:172.17.0.2:45489|dataStream:|priority:0, 7f0f79db-cac0-4201-a2ab-ddfae922df70|rpc:172.17.0.2:36067|dataStream:|priority:0], old=null
2021-02-14 01:49:59,445 [grpc-default-executor-4] INFO  segmented.SegmentedRaftLogWorker (SegmentedRaftLogWorker.java:startLogSegment(392)) - 7f0f79db-cac0-4201-a2ab-ddfae922df70@group-2DF9806E95A3-SegmentedRaftLogWorker: Starting segment from index:0
2021-02-14 01:49:59,453 [grpc-default-executor-1] INFO  server.RaftServer$Division (ServerState.java:setRaftConf(373)) - 23cc1cc1-0040-4236-a819-0d718e7e646a@group-2DF9806E95A3: set configuration 0: [67ae471d-b492-4f31-a24b-cc05e6e2b64e|rpc:172.17.0.2:46819|dataStream:|priority:1, 23cc1cc1-0040-4236-a819-0d718e7e646a|rpc:172.17.0.2:45489|dataStream:|priority:0, 7f0f79db-cac0-4201-a2ab-ddfae922df70|rpc:172.17.0.2:36067|dataStream:|priority:0], old=null
2021-02-14 01:49:59,456 [grpc-default-executor-1] INFO  segmented.SegmentedRaftLogWorker (SegmentedRaftLogWorker.java:startLogSegment(392)) - 23cc1cc1-0040-4236-a819-0d718e7e646a@group-2DF9806E95A3-SegmentedRaftLogWorker: Starting segment from index:0
2021-02-14 01:49:59,458 [7f0f79db-cac0-4201-a2ab-ddfae922df70@group-2DF9806E95A3-SegmentedRaftLogWorker] INFO  segmented.SegmentedRaftLogWorker (SegmentedRaftLogWorker.java:execute(599)) - 7f0f79db-cac0-4201-a2ab-ddfae922df70@group-2DF9806E95A3-SegmentedRaftLogWorker: created new log segment /github/workspace/mnt/ozone/hadoop-ozone/integration-test/target/test-dir/MiniOzoneClusterImpl-b3eef9e8-6bea-4ca1-9f7b-091cac69c924/datanode-3/data/ratis/d3f2502a-8941-4805-a183-2df9806e95a3/current/log_inprogress_0
2021-02-14 01:49:59,458 [23cc1cc1-0040-4236-a819-0d718e7e646a@group-2DF9806E95A3-SegmentedRaftLogWorker] INFO  segmented.SegmentedRaftLogWorker (SegmentedRaftLogWorker.java:execute(599)) - 23cc1cc1-0040-4236-a819-0d718e7e646a@group-2DF9806E95A3-SegmentedRaftLogWorker: created new log segment /github/workspace/mnt/ozone/hadoop-ozone/integration-test/target/test-dir/MiniOzoneClusterImpl-b3eef9e8-6bea-4ca1-9f7b-091cac69c924/datanode-5/data/ratis/d3f2502a-8941-4805-a183-2df9806e95a3/current/log_inprogress_0
2021-02-14 01:50:03,784 [Thread-983] INFO  impl.FollowerState (FollowerState.java:run(133)) - 13da2f53-0476-4a03-b606-a9c3a1877f5a@group-248E97A0B5F6-FollowerState: change to CANDIDATE, lastRpcElapsedTime:5038508574ns, electionTimeout:5033ms
2021-02-14 01:50:03,784 [Thread-983] INFO  impl.RoleInfo (RoleInfo.java:shutdownFollowerState(108)) - 13da2f53-0476-4a03-b606-a9c3a1877f5a: shutdown 13da2f53-0476-4a03-b606-a9c3a1877f5a@group-248E97A0B5F6-FollowerState
2021-02-14 01:50:03,784 [Thread-983] INFO  server.RaftServer$Division (RaftServerImpl.java:setRole(284)) - 13da2f53-0476-4a03-b606-a9c3a1877f5a@group-248E97A0B5F6: changes role from  FOLLOWER to CANDIDATE at term 4 for changeToCandidate
2021-02-14 01:50:03,784 [Thread-983] INFO  server.RaftServerConfigKeys (ConfUtils.java:logGet(44)) - raft.server.leaderelection.pre-vote = false (custom)
2021-02-14 01:50:03,784 [Thread-983] INFO  impl.RoleInfo (RoleInfo.java:updateAndGet(130)) - 13da2f53-0476-4a03-b606-a9c3a1877f5a: start 13da2f53-0476-4a03-b606-a9c3a1877f5a@group-248E97A0B5F6-LeaderElection45
2021-02-14 01:50:03,787 [13da2f53-0476-4a03-b606-a9c3a1877f5a@group-248E97A0B5F6-LeaderElection45] INFO  impl.LeaderElection (LeaderElection.java:askForVotes(307)) - 13da2f53-0476-4a03-b606-a9c3a1877f5a@group-248E97A0B5F6-LeaderElection45 ELECTION round 0: submit vote requests at term 5 for 0: [2ec71a43-acc1-42a3-b8ca-de3ee762a3c9|rpc:172.17.0.2:42675|dataStream:|priority:0, f8feeaac-d8ae-4c99-8c47-cf05d6facd09|rpc:172.17.0.2:42991|dataStream:|priority:0, 13da2f53-0476-4a03-b606-a9c3a1877f5a|rpc:172.17.0.2:44773|dataStream:|priority:1], old=null
2021-02-14 01:50:03,790 [grpc-default-executor-4] INFO  server.RaftServer$Division (RaftServerImpl.java:requestVote(1025)) - 2ec71a43-acc1-42a3-b8ca-de3ee762a3c9@group-248E97A0B5F6: receive requestVote(ELECTION, 13da2f53-0476-4a03-b606-a9c3a1877f5a, group-248E97A0B5F6, 5, (t:1, i:0))
2021-02-14 01:50:03,791 [grpc-default-executor-4] INFO  impl.VoteContext (VoteContext.java:log(48)) - 2ec71a43-acc1-42a3-b8ca-de3ee762a3c9@group-248E97A0B5F6-FOLLOWER: accept ELECTION from 13da2f53-0476-4a03-b606-a9c3a1877f5a: our priority 0 <= candidate's priority 1
2021-02-14 01:50:03,792 [grpc-default-executor-4] INFO  server.RaftServer$Division (RaftServerImpl.java:setRole(284)) - 2ec71a43-acc1-42a3-b8ca-de3ee762a3c9@group-248E97A0B5F6: changes role from  FOLLOWER to FOLLOWER at term 5 for candidate:13da2f53-0476-4a03-b606-a9c3a1877f5a
2021-02-14 01:50:03,792 [grpc-default-executor-4] INFO  impl.RoleInfo (RoleInfo.java:shutdownFollowerState(108)) - 2ec71a43-acc1-42a3-b8ca-de3ee762a3c9: shutdown 2ec71a43-acc1-42a3-b8ca-de3ee762a3c9@group-248E97A0B5F6-FollowerState
2021-02-14 01:50:03,792 [grpc-default-executor-4] INFO  impl.RoleInfo (RoleInfo.java:updateAndGet(130)) - 2ec71a43-acc1-42a3-b8ca-de3ee762a3c9: start 2ec71a43-acc1-42a3-b8ca-de3ee762a3c9@group-248E97A0B5F6-FollowerState
2021-02-14 01:50:03,792 [grpc-default-executor-1] INFO  server.RaftServer$Division (RaftServerImpl.java:requestVote(1025)) - f8feeaac-d8ae-4c99-8c47-cf05d6facd09@group-248E97A0B5F6: receive requestVote(ELECTION, 13da2f53-0476-4a03-b606-a9c3a1877f5a, group-248E97A0B5F6, 5, (t:1, i:0))
2021-02-14 01:50:03,792 [grpc-default-executor-1] INFO  impl.VoteContext (VoteContext.java:log(48)) - f8feeaac-d8ae-4c99-8c47-cf05d6facd09@group-248E97A0B5F6-FOLLOWER: accept ELECTION from 13da2f53-0476-4a03-b606-a9c3a1877f5a: our last entry null < candidate's last entry (t:1, i:0)
2021-02-14 01:50:03,792 [grpc-default-executor-1] INFO  server.RaftServer$Division (RaftServerImpl.java:setRole(284)) - f8feeaac-d8ae-4c99-8c47-cf05d6facd09@group-248E97A0B5F6: changes role from  FOLLOWER to FOLLOWER at term 5 for candidate:13da2f53-0476-4a03-b606-a9c3a1877f5a
2021-02-14 01:50:03,792 [grpc-default-executor-1] INFO  impl.RoleInfo (RoleInfo.java:shutdownFollowerState(108)) - f8feeaac-d8ae-4c99-8c47-cf05d6facd09: shutdown f8feeaac-d8ae-4c99-8c47-cf05d6facd09@group-248E97A0B5F6-FollowerState
2021-02-14 01:50:03,792 [grpc-default-executor-1] INFO  impl.RoleInfo (RoleInfo.java:updateAndGet(130)) - f8feeaac-d8ae-4c99-8c47-cf05d6facd09: start f8feeaac-d8ae-4c99-8c47-cf05d6facd09@group-248E97A0B5F6-FollowerState
2021-02-14 01:50:03,793 [Thread-982] INFO  impl.FollowerState (FollowerState.java:run(142)) - f8feeaac-d8ae-4c99-8c47-cf05d6facd09@group-248E97A0B5F6-FollowerState was interrupted: {}
java.lang.InterruptedException: sleep interrupted
	at java.lang.Thread.sleep(Native Method)
	at java.lang.Thread.sleep(Thread.java:340)
	at java.util.concurrent.TimeUnit.sleep(TimeUnit.java:386)
	at org.apache.ratis.util.TimeDuration.sleep(TimeDuration.java:324)
	at org.apache.ratis.util.TimeDuration.sleep(TimeDuration.java:309)
	at org.apache.ratis.server.impl.FollowerState.run(FollowerState.java:117)
2021-02-14 01:50:03,797 [grpc-default-executor-4] INFO  server.RaftServer$Division (RaftServerImpl.java:requestVote(1057)) - 2ec71a43-acc1-42a3-b8ca-de3ee762a3c9@group-248E97A0B5F6 replies to ELECTION vote request: 13da2f53-0476-4a03-b606-a9c3a1877f5a<-2ec71a43-acc1-42a3-b8ca-de3ee762a3c9#0:OK-t5. Peer's state: 2ec71a43-acc1-42a3-b8ca-de3ee762a3c9@group-248E97A0B5F6:t5, leader=null, voted=13da2f53-0476-4a03-b606-a9c3a1877f5a, raftlog=2ec71a43-acc1-42a3-b8ca-de3ee762a3c9@group-248E97A0B5F6-SegmentedRaftLog:OPENED:c-1,f0,i0, conf=0: [2ec71a43-acc1-42a3-b8ca-de3ee762a3c9|rpc:172.17.0.2:42675|dataStream:|priority:0, f8feeaac-d8ae-4c99-8c47-cf05d6facd09|rpc:172.17.0.2:42991|dataStream:|priority:0, 13da2f53-0476-4a03-b606-a9c3a1877f5a|rpc:172.17.0.2:44773|dataStream:|priority:1], old=null
2021-02-14 01:50:03,797 [Thread-984] INFO  impl.FollowerState (FollowerState.java:run(133)) - 2ec71a43-acc1-42a3-b8ca-de3ee762a3c9@group-248E97A0B5F6-FollowerState: change to CANDIDATE, lastRpcElapsedTime:5046156293ns, electionTimeout:5036ms
2021-02-14 01:50:03,797 [Thread-984] INFO  impl.RoleInfo (RoleInfo.java:shutdownFollowerState(108)) - 2ec71a43-acc1-42a3-b8ca-de3ee762a3c9: shutdown 2ec71a43-acc1-42a3-b8ca-de3ee762a3c9@group-248E97A0B5F6-FollowerState
2021-02-14 01:50:03,797 [Thread-984] INFO  server.RaftServer$Division (RaftServerImpl.java:setRole(284)) - 2ec71a43-acc1-42a3-b8ca-de3ee762a3c9@group-248E97A0B5F6: changes role from  FOLLOWER to CANDIDATE at term 5 for changeToCandidate
2021-02-14 01:50:03,797 [Thread-984] INFO  server.RaftServerConfigKeys (ConfUtils.java:logGet(44)) - raft.server.leaderelection.pre-vote = false (custom)
2021-02-14 01:50:03,797 [Thread-984] INFO  impl.RoleInfo (RoleInfo.java:updateAndGet(130)) - 2ec71a43-acc1-42a3-b8ca-de3ee762a3c9: start 2ec71a43-acc1-42a3-b8ca-de3ee762a3c9@group-248E97A0B5F6-LeaderElection46
2021-02-14 01:50:03,801 [grpc-default-executor-1] INFO  server.RaftServer$Division (RaftServerImpl.java:requestVote(1057)) - f8feeaac-d8ae-4c99-8c47-cf05d6facd09@group-248E97A0B5F6 replies to ELECTION vote request: 13da2f53-0476-4a03-b606-a9c3a1877f5a<-f8feeaac-d8ae-4c99-8c47-cf05d6facd09#0:OK-t5. Peer's state: f8feeaac-d8ae-4c99-8c47-cf05d6facd09@group-248E97A0B5F6:t5, leader=null, voted=13da2f53-0476-4a03-b606-a9c3a1877f5a, raftlog=f8feeaac-d8ae-4c99-8c47-cf05d6facd09@group-248E97A0B5F6-SegmentedRaftLog:OPENED:c-1,f-1,i0, conf=-1: [2ec71a43-acc1-42a3-b8ca-de3ee762a3c9|rpc:172.17.0.2:42675|priority:0, f8feeaac-d8ae-4c99-8c47-cf05d6facd09|rpc:172.17.0.2:42991|priority:0, 13da2f53-0476-4a03-b606-a9c3a1877f5a|rpc:172.17.0.2:44773|priority:1], old=null
2021-02-14 01:50:03,801 [Thread-1006] INFO  impl.FollowerState (FollowerState.java:run(142)) - 2ec71a43-acc1-42a3-b8ca-de3ee762a3c9@group-248E97A0B5F6-FollowerState was interrupted: {}
java.lang.InterruptedException: sleep interrupted
	at java.lang.Thread.sleep(Native Method)
	at java.lang.Thread.sleep(Thread.java:340)
	at java.util.concurrent.TimeUnit.sleep(TimeUnit.java:386)
	at org.apache.ratis.util.TimeDuration.sleep(TimeDuration.java:324)
	at org.apache.ratis.util.TimeDuration.sleep(TimeDuration.java:309)
	at org.apache.ratis.server.impl.FollowerState.run(FollowerState.java:117)
2021-02-14 01:50:03,801 [13da2f53-0476-4a03-b606-a9c3a1877f5a@group-248E97A0B5F6-LeaderElection45] INFO  impl.LeaderElection (LeaderElection.java:logAndReturn(89)) - 13da2f53-0476-4a03-b606-a9c3a1877f5a@group-248E97A0B5F6-LeaderElection45: ELECTION PASSED received 1 response(s) and 0 exception(s):
2021-02-14 01:50:03,802 [13da2f53-0476-4a03-b606-a9c3a1877f5a@group-248E97A0B5F6-LeaderElection45] INFO  impl.LeaderElection (LeaderElection.java:logAndReturn(93)) -   Response 0: 13da2f53-0476-4a03-b606-a9c3a1877f5a<-2ec71a43-acc1-42a3-b8ca-de3ee762a3c9#0:OK-t5
2021-02-14 01:50:03,802 [13da2f53-0476-4a03-b606-a9c3a1877f5a@group-248E97A0B5F6-LeaderElection45] INFO  impl.LeaderElection (LeaderElection.java:askForVotes(309)) - 13da2f53-0476-4a03-b606-a9c3a1877f5a@group-248E97A0B5F6-LeaderElection45 ELECTION round 0: result PASSED
2021-02-14 01:50:03,802 [13da2f53-0476-4a03-b606-a9c3a1877f5a@group-248E97A0B5F6-LeaderElection45] INFO  impl.RoleInfo (RoleInfo.java:shutdownLeaderElection(121)) - 13da2f53-0476-4a03-b606-a9c3a1877f5a: shutdown 13da2f53-0476-4a03-b606-a9c3a1877f5a@group-248E97A0B5F6-LeaderElection45
2021-02-14 01:50:03,802 [13da2f53-0476-4a03-b606-a9c3a1877f5a@group-248E97A0B5F6-LeaderElection45] INFO  server.RaftServer$Division (RaftServerImpl.java:setRole(284)) - 13da2f53-0476-4a03-b606-a9c3a1877f5a@group-248E97A0B5F6: changes role from CANDIDATE to LEADER at term 5 for changeToLeader
2021-02-14 01:50:03,803 [13da2f53-0476-4a03-b606-a9c3a1877f5a@group-248E97A0B5F6-LeaderElection45] INFO  ratis.XceiverServerRatis (XceiverServerRatis.java:handleLeaderChangedNotification(899)) - Leader change notification received for group: group-248E97A0B5F6 with new leaderId: 13da2f53-0476-4a03-b606-a9c3a1877f5a
2021-02-14 01:50:03,803 [13da2f53-0476-4a03-b606-a9c3a1877f5a@group-248E97A0B5F6-LeaderElection45] INFO  server.RaftServer$Division (ServerState.java:setLeader(271)) - 13da2f53-0476-4a03-b606-a9c3a1877f5a@group-248E97A0B5F6: change Leader from null to 13da2f53-0476-4a03-b606-a9c3a1877f5a at term 5 for becomeLeader, leader elected after 15172ms
2021-02-14 01:50:03,803 [13da2f53-0476-4a03-b606-a9c3a1877f5a@group-248E97A0B5F6-LeaderElection45] INFO  server.RaftServerConfigKeys (ConfUtils.java:logGet(44)) - raft.server.staging.catchup.gap = 1000 (default)
2021-02-14 01:50:03,803 [13da2f53-0476-4a03-b606-a9c3a1877f5a@group-248E97A0B5F6-LeaderElection45] INFO  metrics.RatisMetrics (RatisMetrics.java:lambda$create$0(36)) - Creating Metrics Registry : ratis.log_appender.13da2f53-0476-4a03-b606-a9c3a1877f5a@group-248E97A0B5F6
2021-02-14 01:50:03,803 [13da2f53-0476-4a03-b606-a9c3a1877f5a@group-248E97A0B5F6-LeaderElection45] INFO  server.RaftServerConfigKeys (ConfUtils.java:logGet(44)) - raft.server.write.element-limit = 1024 (custom)
2021-02-14 01:50:03,803 [13da2f53-0476-4a03-b606-a9c3a1877f5a@group-248E97A0B5F6-LeaderElection45] INFO  server.RaftServerConfigKeys (ConfUtils.java:logGet(44)) - raft.server.write.byte-limit = 1073741824 (custom)
2021-02-14 01:50:03,803 [13da2f53-0476-4a03-b606-a9c3a1877f5a@group-248E97A0B5F6-LeaderElection45] INFO  server.RaftServerConfigKeys (ConfUtils.java:logGet(44)) - raft.server.watch.timeout = 3000ms (custom)
2021-02-14 01:50:03,803 [13da2f53-0476-4a03-b606-a9c3a1877f5a@group-248E97A0B5F6-LeaderElection45] INFO  server.RaftServerConfigKeys (ConfUtils.java:logGet(44)) - raft.server.watch.timeout.denomination = 1s (default)
2021-02-14 01:50:03,803 [13da2f53-0476-4a03-b606-a9c3a1877f5a@group-248E97A0B5F6-LeaderElection45] INFO  server.RaftServerConfigKeys (ConfUtils.java:logGet(44)) - raft.server.watch.element-limit = 65536 (default)
2021-02-14 01:50:03,804 [13da2f53-0476-4a03-b606-a9c3a1877f5a@group-248E97A0B5F6-LeaderElection45] INFO  server.RaftServerConfigKeys (ConfUtils.java:logGet(44)) - raft.server.log.appender.snapshot.chunk.size.max = 16MB (=16777216) (default)
2021-02-14 01:50:03,804 [13da2f53-0476-4a03-b606-a9c3a1877f5a@group-248E97A0B5F6-LeaderElection45] INFO  server.RaftServerConfigKeys (ConfUtils.java:logGet(44)) - raft.server.log.appender.buffer.byte-limit = 33554432 (custom)
2021-02-14 01:50:03,804 [13da2f53-0476-4a03-b606-a9c3a1877f5a@group-248E97A0B5F6-LeaderElection45] INFO  server.RaftServerConfigKeys (ConfUtils.java:logGet(44)) - raft.server.log.appender.buffer.element-limit = 1 (custom)
2021-02-14 01:50:03,804 [13da2f53-0476-4a03-b606-a9c3a1877f5a@group-248E97A0B5F6-LeaderElection45] INFO  grpc.GrpcConfigKeys (ConfUtils.java:logGet(44)) - raft.grpc.server.leader.outstanding.appends.max = 128 (default)
2021-02-14 01:50:03,804 [13da2f53-0476-4a03-b606-a9c3a1877f5a@group-248E97A0B5F6-LeaderElection45] INFO  server.RaftServerConfigKeys (ConfUtils.java:logGet(44)) - raft.server.rpc.request.timeout = 3000ms (default)
2021-02-14 01:50:03,804 [13da2f53-0476-4a03-b606-a9c3a1877f5a@group-248E97A0B5F6-LeaderElection45] INFO  server.RaftServerConfigKeys (ConfUtils.java:logGet(44)) - raft.server.log.appender.install.snapshot.enabled = false (custom)
2021-02-14 01:50:03,804 [13da2f53-0476-4a03-b606-a9c3a1877f5a@group-248E97A0B5F6-LeaderElection45] INFO  metrics.RatisMetrics (RatisMetrics.java:lambda$create$0(36)) - Creating Metrics Registry : ratis_grpc.log_appender.13da2f53-0476-4a03-b606-a9c3a1877f5a@group-248E97A0B5F6
2021-02-14 01:50:03,805 [13da2f53-0476-4a03-b606-a9c3a1877f5a@group-248E97A0B5F6-LeaderElection45] INFO  server.RaftServerConfigKeys (ConfUtils.java:logGet(44)) - raft.server.log.appender.snapshot.chunk.size.max = 16MB (=16777216) (default)
2021-02-14 01:50:03,805 [13da2f53-0476-4a03-b606-a9c3a1877f5a@group-248E97A0B5F6-LeaderElection45] INFO  server.RaftServerConfigKeys (ConfUtils.java:logGet(44)) - raft.server.log.appender.buffer.byte-limit = 33554432 (custom)
2021-02-14 01:50:03,805 [13da2f53-0476-4a03-b606-a9c3a1877f5a@group-248E97A0B5F6-LeaderElection45] INFO  server.RaftServerConfigKeys (ConfUtils.java:logGet(44)) - raft.server.log.appender.buffer.element-limit = 1 (custom)
2021-02-14 01:50:03,806 [13da2f53-0476-4a03-b606-a9c3a1877f5a@group-248E97A0B5F6-LeaderElection45] INFO  grpc.GrpcConfigKeys (ConfUtils.java:logGet(44)) - raft.grpc.server.leader.outstanding.appends.max = 128 (default)
2021-02-14 01:50:03,806 [13da2f53-0476-4a03-b606-a9c3a1877f5a@group-248E97A0B5F6-LeaderElection45] INFO  server.RaftServerConfigKeys (ConfUtils.java:logGet(44)) - raft.server.rpc.request.timeout = 3000ms (default)
2021-02-14 01:50:03,806 [13da2f53-0476-4a03-b606-a9c3a1877f5a@group-248E97A0B5F6-LeaderElection45] INFO  server.RaftServerConfigKeys (ConfUtils.java:logGet(44)) - raft.server.log.appender.install.snapshot.enabled = false (custom)
2021-02-14 01:50:03,807 [13da2f53-0476-4a03-b606-a9c3a1877f5a@group-248E97A0B5F6-LeaderElection45] INFO  impl.RoleInfo (RoleInfo.java:updateAndGet(130)) - 13da2f53-0476-4a03-b606-a9c3a1877f5a: start 13da2f53-0476-4a03-b606-a9c3a1877f5a@group-248E97A0B5F6-LeaderStateImpl
2021-02-14 01:50:03,807 [13da2f53-0476-4a03-b606-a9c3a1877f5a@group-248E97A0B5F6-LeaderElection45] INFO  segmented.SegmentedRaftLogWorker (SegmentedRaftLogWorker.java:rollLogSegment(397)) - 13da2f53-0476-4a03-b606-a9c3a1877f5a@group-248E97A0B5F6-SegmentedRaftLogWorker: Rolling segment log-0_0 to index:0
2021-02-14 01:50:03,807 [13da2f53-0476-4a03-b606-a9c3a1877f5a@group-248E97A0B5F6-SegmentedRaftLogWorker] INFO  segmented.SegmentedRaftLogWorker (SegmentedRaftLogWorker.java:execute(556)) - 13da2f53-0476-4a03-b606-a9c3a1877f5a@group-248E97A0B5F6-SegmentedRaftLogWorker: Rolled log segment from /github/workspace/mnt/ozone/hadoop-ozone/integration-test/target/test-dir/MiniOzoneClusterImpl-b3eef9e8-6bea-4ca1-9f7b-091cac69c924/datanode-1/data/ratis/12b43190-c0bf-432e-b224-248e97a0b5f6/current/log_inprogress_0 to /github/workspace/mnt/ozone/hadoop-ozone/integration-test/target/test-dir/MiniOzoneClusterImpl-b3eef9e8-6bea-4ca1-9f7b-091cac69c924/datanode-1/data/ratis/12b43190-c0bf-432e-b224-248e97a0b5f6/current/log_0-0
2021-02-14 01:50:03,808 [13da2f53-0476-4a03-b606-a9c3a1877f5a@group-248E97A0B5F6-LeaderElection45] INFO  server.RaftServer$Division (ServerState.java:setRaftConf(373)) - 13da2f53-0476-4a03-b606-a9c3a1877f5a@group-248E97A0B5F6: set configuration 1: [2ec71a43-acc1-42a3-b8ca-de3ee762a3c9|rpc:172.17.0.2:42675|dataStream:|priority:0, f8feeaac-d8ae-4c99-8c47-cf05d6facd09|rpc:172.17.0.2:42991|dataStream:|priority:0, 13da2f53-0476-4a03-b606-a9c3a1877f5a|rpc:172.17.0.2:44773|dataStream:|priority:1], old=null
2021-02-14 01:50:03,808 [13da2f53-0476-4a03-b606-a9c3a1877f5a@group-248E97A0B5F6-SegmentedRaftLogWorker] INFO  segmented.SegmentedRaftLogWorker (SegmentedRaftLogWorker.java:execute(599)) - 13da2f53-0476-4a03-b606-a9c3a1877f5a@group-248E97A0B5F6-SegmentedRaftLogWorker: created new log segment /github/workspace/mnt/ozone/hadoop-ozone/integration-test/target/test-dir/MiniOzoneClusterImpl-b3eef9e8-6bea-4ca1-9f7b-091cac69c924/datanode-1/data/ratis/12b43190-c0bf-432e-b224-248e97a0b5f6/current/log_inprogress_1
2021-02-14 01:50:03,810 [2ec71a43-acc1-42a3-b8ca-de3ee762a3c9@group-248E97A0B5F6-LeaderElection46] INFO  impl.LeaderElection (LeaderElection.java:askForVotes(307)) - 2ec71a43-acc1-42a3-b8ca-de3ee762a3c9@group-248E97A0B5F6-LeaderElection46 ELECTION round 0: submit vote requests at term 6 for 0: [2ec71a43-acc1-42a3-b8ca-de3ee762a3c9|rpc:172.17.0.2:42675|dataStream:|priority:0, f8feeaac-d8ae-4c99-8c47-cf05d6facd09|rpc:172.17.0.2:42991|dataStream:|priority:0, 13da2f53-0476-4a03-b606-a9c3a1877f5a|rpc:172.17.0.2:44773|dataStream:|priority:1], old=null
2021-02-14 01:50:03,812 [Thread-1009] INFO  server.RaftServer$Division (ServerState.java:setLeader(271)) - 13da2f53-0476-4a03-b606-a9c3a1877f5a@group-248E97A0B5F6: change Leader from 13da2f53-0476-4a03-b606-a9c3a1877f5a to null at term 6 for updateCurrentTerm
2021-02-14 01:50:03,812 [Thread-1009] INFO  server.RaftServer$Division (RaftServerImpl.java:setRole(284)) - 13da2f53-0476-4a03-b606-a9c3a1877f5a@group-248E97A0B5F6: changes role from    LEADER to FOLLOWER at term 6 for StepDownReason:HIGHER_TERM
2021-02-14 01:50:03,812 [Thread-1009] INFO  impl.RoleInfo (RoleInfo.java:shutdownLeaderState(91)) - 13da2f53-0476-4a03-b606-a9c3a1877f5a: shutdown 13da2f53-0476-4a03-b606-a9c3a1877f5a@group-248E97A0B5F6-LeaderStateImpl
2021-02-14 01:50:03,812 [Thread-1009] INFO  metrics.RatisMetrics (RatisMetrics.java:unregister(43)) - Unregistering Metrics Registry : ratis_grpc.log_appender.13da2f53-0476-4a03-b606-a9c3a1877f5a@group-248E97A0B5F6
2021-02-14 01:50:03,812 [Thread-1009] INFO  metrics.RatisMetrics (RatisMetrics.java:unregister(43)) - Unregistering Metrics Registry : ratis_grpc.log_appender.13da2f53-0476-4a03-b606-a9c3a1877f5a@group-248E97A0B5F6
2021-02-14 01:50:03,812 [Thread-1009] INFO  impl.PendingRequests (PendingRequests.java:sendNotLeaderResponses(249)) - 13da2f53-0476-4a03-b606-a9c3a1877f5a@group-248E97A0B5F6-PendingRequests: sendNotLeaderResponses
2021-02-14 01:50:03,812 [Thread-1009] INFO  metrics.RatisMetrics (RatisMetrics.java:unregister(43)) - Unregistering Metrics Registry : ratis.log_appender.13da2f53-0476-4a03-b606-a9c3a1877f5a@group-248E97A0B5F6
2021-02-14 01:50:03,812 [Thread-1009] INFO  metrics.RatisMetrics (RatisMetrics.java:unregister(43)) - Unregistering Metrics Registry : ratis.server.13da2f53-0476-4a03-b606-a9c3a1877f5a@group-248E97A0B5F6
2021-02-14 01:50:03,815 [Thread-1009] INFO  impl.RoleInfo (RoleInfo.java:updateAndGet(130)) - 13da2f53-0476-4a03-b606-a9c3a1877f5a: start 13da2f53-0476-4a03-b606-a9c3a1877f5a@group-248E97A0B5F6-FollowerState
2021-02-14 01:50:03,816 [grpc-default-executor-1] INFO  ratis.XceiverServerRatis (XceiverServerRatis.java:handleLeaderChangedNotification(899)) - Leader change notification received for group: group-248E97A0B5F6 with new leaderId: 13da2f53-0476-4a03-b606-a9c3a1877f5a
2021-02-14 01:50:03,816 [grpc-default-executor-1] INFO  server.RaftServer$Division (ServerState.java:setLeader(271)) - f8feeaac-d8ae-4c99-8c47-cf05d6facd09@group-248E97A0B5F6: change Leader from null to 13da2f53-0476-4a03-b606-a9c3a1877f5a at term 5 for appendEntries, leader elected after 20401ms
2021-02-14 01:50:03,816 [grpc-default-executor-1] INFO  server.RaftServer$Division (RaftServerImpl.java:checkInconsistentAppendEntries(1301)) - f8feeaac-d8ae-4c99-8c47-cf05d6facd09@group-248E97A0B5F6: Failed appendEntries as previous log entry ((t:1, i:0)) is not found
2021-02-14 01:50:03,817 [grpc-default-executor-1] INFO  server.RaftServer$Division (RaftServerImpl.java:checkInconsistentAppendEntries(1267)) - f8feeaac-d8ae-4c99-8c47-cf05d6facd09@group-248E97A0B5F6: inconsistency entries. Reply:13da2f53-0476-4a03-b606-a9c3a1877f5a<-f8feeaac-d8ae-4c99-8c47-cf05d6facd09#0:FAIL-t5,INCONSISTENCY,nextIndex=0,followerCommit=-1
2021-02-14 01:50:03,817 [grpc-default-executor-2] INFO  server.GrpcServerProtocolService (GrpcServerProtocolService.java:onCompleted(138)) - 2ec71a43-acc1-42a3-b8ca-de3ee762a3c9: Completed APPEND_ENTRIES, lastRequest: null
2021-02-14 01:50:03,817 [grpc-default-executor-1] INFO  server.GrpcServerProtocolService (GrpcServerProtocolService.java:onCompleted(138)) - f8feeaac-d8ae-4c99-8c47-cf05d6facd09: Completed APPEND_ENTRIES, lastRequest: null
2021-02-14 01:50:03,820 [grpc-default-executor-4] INFO  server.RaftServer$Division (RaftServerImpl.java:requestVote(1025)) - f8feeaac-d8ae-4c99-8c47-cf05d6facd09@group-248E97A0B5F6: receive requestVote(ELECTION, 2ec71a43-acc1-42a3-b8ca-de3ee762a3c9, group-248E97A0B5F6, 6, (t:1, i:0))
2021-02-14 01:50:03,820 [grpc-default-executor-4] INFO  impl.VoteContext (VoteContext.java:log(48)) - f8feeaac-d8ae-4c99-8c47-cf05d6facd09@group-248E97A0B5F6-FOLLOWER: accept ELECTION from 2ec71a43-acc1-42a3-b8ca-de3ee762a3c9: our last entry null < candidate's last entry (t:1, i:0)
2021-02-14 01:50:03,820 [grpc-default-executor-4] INFO  server.RaftServer$Division (ServerState.java:setLeader(271)) - f8feeaac-d8ae-4c99-8c47-cf05d6facd09@group-248E97A0B5F6: change Leader from 13da2f53-0476-4a03-b606-a9c3a1877f5a to null at term 6 for updateCurrentTerm
2021-02-14 01:50:03,820 [grpc-default-executor-4] INFO  server.RaftServer$Division (RaftServerImpl.java:setRole(284)) - f8feeaac-d8ae-4c99-8c47-cf05d6facd09@group-248E97A0B5F6: changes role from  FOLLOWER to FOLLOWER at term 6 for candidate:2ec71a43-acc1-42a3-b8ca-de3ee762a3c9
2021-02-14 01:50:03,820 [grpc-default-executor-4] INFO  impl.RoleInfo (RoleInfo.java:shutdownFollowerState(108)) - f8feeaac-d8ae-4c99-8c47-cf05d6facd09: shutdown f8feeaac-d8ae-4c99-8c47-cf05d6facd09@group-248E97A0B5F6-FollowerState
2021-02-14 01:50:03,821 [grpc-default-executor-4] INFO  impl.RoleInfo (RoleInfo.java:updateAndGet(130)) - f8feeaac-d8ae-4c99-8c47-cf05d6facd09: start f8feeaac-d8ae-4c99-8c47-cf05d6facd09@group-248E97A0B5F6-FollowerState
2021-02-14 01:50:03,822 [grpc-default-executor-4] INFO  server.RaftServer$Division (RaftServerImpl.java:requestVote(1057)) - f8feeaac-d8ae-4c99-8c47-cf05d6facd09@group-248E97A0B5F6 replies to ELECTION vote request: 2ec71a43-acc1-42a3-b8ca-de3ee762a3c9<-f8feeaac-d8ae-4c99-8c47-cf05d6facd09#0:OK-t6. Peer's state: f8feeaac-d8ae-4c99-8c47-cf05d6facd09@group-248E97A0B5F6:t6, leader=null, voted=2ec71a43-acc1-42a3-b8ca-de3ee762a3c9, raftlog=f8feeaac-d8ae-4c99-8c47-cf05d6facd09@group-248E97A0B5F6-SegmentedRaftLog:OPENED:c-1,f-1,i0, conf=-1: [2ec71a43-acc1-42a3-b8ca-de3ee762a3c9|rpc:172.17.0.2:42675|priority:0, f8feeaac-d8ae-4c99-8c47-cf05d6facd09|rpc:172.17.0.2:42991|priority:0, 13da2f53-0476-4a03-b606-a9c3a1877f5a|rpc:172.17.0.2:44773|priority:1], old=null
2021-02-14 01:50:03,824 [Thread-1007] INFO  impl.FollowerState (FollowerState.java:run(142)) - f8feeaac-d8ae-4c99-8c47-cf05d6facd09@group-248E97A0B5F6-FollowerState was interrupted: {}
java.lang.InterruptedException: sleep interrupted
	at java.lang.Thread.sleep(Native Method)
	at java.lang.Thread.sleep(Thread.java:340)
	at java.util.concurrent.TimeUnit.sleep(TimeUnit.java:386)
	at org.apache.ratis.util.TimeDuration.sleep(TimeDuration.java:324)
	at org.apache.ratis.util.TimeDuration.sleep(TimeDuration.java:309)
	at org.apache.ratis.server.impl.FollowerState.run(FollowerState.java:117)
2021-02-14 01:50:03,830 [grpc-default-executor-3] INFO  server.GrpcLogAppender (GrpcLogAppender.java:onCompleted(344)) - 13da2f53-0476-4a03-b606-a9c3a1877f5a@group-248E97A0B5F6->2ec71a43-acc1-42a3-b8ca-de3ee762a3c9-AppendLogResponseHandler: follower responses appendEntries COMPLETED
2021-02-14 01:50:03,834 [grpc-default-executor-3] INFO  leader.FollowerInfo (FollowerInfoImpl.java:lambda$new$0(46)) - 13da2f53-0476-4a03-b606-a9c3a1877f5a@group-248E97A0B5F6->2ec71a43-acc1-42a3-b8ca-de3ee762a3c9: nextIndex: updateUnconditionally 1 -> 0
2021-02-14 01:50:03,834 [grpc-default-executor-4] INFO  leader.FollowerInfo (FollowerInfoImpl.java:lambda$new$0(46)) - 13da2f53-0476-4a03-b606-a9c3a1877f5a@group-248E97A0B5F6->f8feeaac-d8ae-4c99-8c47-cf05d6facd09: nextIndex: updateUnconditionally 1 -> 0
2021-02-14 01:50:03,834 [grpc-default-executor-4] INFO  server.GrpcLogAppender (GrpcLogAppender.java:onCompleted(344)) - 13da2f53-0476-4a03-b606-a9c3a1877f5a@group-248E97A0B5F6->f8feeaac-d8ae-4c99-8c47-cf05d6facd09-AppendLogResponseHandler: follower responses appendEntries COMPLETED
2021-02-14 01:50:03,834 [grpc-default-executor-4] INFO  leader.FollowerInfo (FollowerInfoImpl.java:lambda$new$0(46)) - 13da2f53-0476-4a03-b606-a9c3a1877f5a@group-248E97A0B5F6->f8feeaac-d8ae-4c99-8c47-cf05d6facd09: nextIndex: updateUnconditionally 0 -> 0
2021-02-14 01:50:03,835 [grpc-default-executor-4] INFO  server.RaftServer$Division (RaftServerImpl.java:requestVote(1025)) - 13da2f53-0476-4a03-b606-a9c3a1877f5a@group-248E97A0B5F6: receive requestVote(ELECTION, 2ec71a43-acc1-42a3-b8ca-de3ee762a3c9, group-248E97A0B5F6, 6, (t:1, i:0))
2021-02-14 01:50:03,835 [grpc-default-executor-4] INFO  impl.VoteContext (VoteContext.java:log(48)) - 13da2f53-0476-4a03-b606-a9c3a1877f5a@group-248E97A0B5F6-FOLLOWER: reject ELECTION from 2ec71a43-acc1-42a3-b8ca-de3ee762a3c9: our last entry (t:5, i:1) > candidate's last entry (t:1, i:0)
2021-02-14 01:50:03,835 [grpc-default-executor-4] INFO  server.RaftServer$Division (RaftServerImpl.java:setRole(284)) - 13da2f53-0476-4a03-b606-a9c3a1877f5a@group-248E97A0B5F6: changes role from  FOLLOWER to FOLLOWER at term 6 for candidate:2ec71a43-acc1-42a3-b8ca-de3ee762a3c9
2021-02-14 01:50:03,835 [grpc-default-executor-4] INFO  impl.RoleInfo (RoleInfo.java:shutdownFollowerState(108)) - 13da2f53-0476-4a03-b606-a9c3a1877f5a: shutdown 13da2f53-0476-4a03-b606-a9c3a1877f5a@group-248E97A0B5F6-FollowerState
2021-02-14 01:50:03,835 [grpc-default-executor-4] INFO  impl.RoleInfo (RoleInfo.java:updateAndGet(130)) - 13da2f53-0476-4a03-b606-a9c3a1877f5a: start 13da2f53-0476-4a03-b606-a9c3a1877f5a@group-248E97A0B5F6-FollowerState
2021-02-14 01:50:03,835 [Thread-1014] INFO  impl.FollowerState (FollowerState.java:run(142)) - 13da2f53-0476-4a03-b606-a9c3a1877f5a@group-248E97A0B5F6-FollowerState was interrupted: {}
java.lang.InterruptedException: sleep interrupted
	at java.lang.Thread.sleep(Native Method)
	at java.lang.Thread.sleep(Thread.java:340)
	at java.util.concurrent.TimeUnit.sleep(TimeUnit.java:386)
	at org.apache.ratis.util.TimeDuration.sleep(TimeDuration.java:324)
	at org.apache.ratis.util.TimeDuration.sleep(TimeDuration.java:309)
	at org.apache.ratis.server.impl.FollowerState.run(FollowerState.java:117)
2021-02-14 01:50:03,840 [grpc-default-executor-4] INFO  server.RaftServer$Division (RaftServerImpl.java:requestVote(1057)) - 13da2f53-0476-4a03-b606-a9c3a1877f5a@group-248E97A0B5F6 replies to ELECTION vote request: 2ec71a43-acc1-42a3-b8ca-de3ee762a3c9<-13da2f53-0476-4a03-b606-a9c3a1877f5a#0:FAIL-t6. Peer's state: 13da2f53-0476-4a03-b606-a9c3a1877f5a@group-248E97A0B5F6:t6, leader=null, voted=null, raftlog=13da2f53-0476-4a03-b606-a9c3a1877f5a@group-248E97A0B5F6-SegmentedRaftLog:OPENED:c0,f1,i1, conf=1: [2ec71a43-acc1-42a3-b8ca-de3ee762a3c9|rpc:172.17.0.2:42675|dataStream:|priority:0, f8feeaac-d8ae-4c99-8c47-cf05d6facd09|rpc:172.17.0.2:42991|dataStream:|priority:0, 13da2f53-0476-4a03-b606-a9c3a1877f5a|rpc:172.17.0.2:44773|dataStream:|priority:1], old=null
2021-02-14 01:50:03,841 [2ec71a43-acc1-42a3-b8ca-de3ee762a3c9@group-248E97A0B5F6-LeaderElection46] INFO  impl.LeaderElection (LeaderElection.java:logAndReturn(89)) - 2ec71a43-acc1-42a3-b8ca-de3ee762a3c9@group-248E97A0B5F6-LeaderElection46: ELECTION REJECTED received 2 response(s) and 0 exception(s):
2021-02-14 01:50:03,841 [2ec71a43-acc1-42a3-b8ca-de3ee762a3c9@group-248E97A0B5F6-LeaderElection46] INFO  impl.LeaderElection (LeaderElection.java:logAndReturn(93)) -   Response 0: 2ec71a43-acc1-42a3-b8ca-de3ee762a3c9<-f8feeaac-d8ae-4c99-8c47-cf05d6facd09#0:OK-t6
2021-02-14 01:50:03,841 [2ec71a43-acc1-42a3-b8ca-de3ee762a3c9@group-248E97A0B5F6-LeaderElection46] INFO  impl.LeaderElection (LeaderElection.java:logAndReturn(93)) -   Response 1: 2ec71a43-acc1-42a3-b8ca-de3ee762a3c9<-13da2f53-0476-4a03-b606-a9c3a1877f5a#0:FAIL-t6
2021-02-14 01:50:03,844 [2ec71a43-acc1-42a3-b8ca-de3ee762a3c9@group-248E97A0B5F6-LeaderElection46] INFO  impl.LeaderElection (LeaderElection.java:askForVotes(309)) - 2ec71a43-acc1-42a3-b8ca-de3ee762a3c9@group-248E97A0B5F6-LeaderElection46 ELECTION round 0: result REJECTED
2021-02-14 01:50:03,844 [2ec71a43-acc1-42a3-b8ca-de3ee762a3c9@group-248E97A0B5F6-LeaderElection46] INFO  server.RaftServer$Division (RaftServerImpl.java:setRole(284)) - 2ec71a43-acc1-42a3-b8ca-de3ee762a3c9@group-248E97A0B5F6: changes role from CANDIDATE to FOLLOWER at term 6 for REJECTED
2021-02-14 01:50:03,844 [2ec71a43-acc1-42a3-b8ca-de3ee762a3c9@group-248E97A0B5F6-LeaderElection46] INFO  impl.RoleInfo (RoleInfo.java:shutdownLeaderElection(121)) - 2ec71a43-acc1-42a3-b8ca-de3ee762a3c9: shutdown 2ec71a43-acc1-42a3-b8ca-de3ee762a3c9@group-248E97A0B5F6-LeaderElection46
2021-02-14 01:50:03,844 [2ec71a43-acc1-42a3-b8ca-de3ee762a3c9@group-248E97A0B5F6-LeaderElection46] INFO  impl.RoleInfo (RoleInfo.java:updateAndGet(130)) - 2ec71a43-acc1-42a3-b8ca-de3ee762a3c9: start 2ec71a43-acc1-42a3-b8ca-de3ee762a3c9@group-248E97A0B5F6-FollowerState
2021-02-14 01:50:05,536 [Listener at 127.0.0.1/42551] INFO  ozone.MiniOzoneClusterImpl (MiniOzoneClusterImpl.java:shutdown(400)) - Shutting down the Mini Ozone Cluster
2021-02-14 01:50:05,536 [Listener at 127.0.0.1/42551] INFO  ozone.MiniOzoneClusterImpl (MiniOzoneClusterImpl.java:stop(415)) - Stopping the Mini Ozone Cluster
2021-02-14 01:50:05,536 [Listener at 127.0.0.1/42551] INFO  ozone.MiniOzoneClusterImpl (MiniOzoneClusterImpl.java:stopOM(497)) - Stopping the OzoneManager
2021-02-14 01:50:05,536 [Listener at 127.0.0.1/42551] INFO  ipc.Server (Server.java:stop(3403)) - Stopping server on 42551
2021-02-14 01:50:05,548 [IPC Server Responder] INFO  ipc.Server (Server.java:run(1502)) - Stopping IPC Server Responder
2021-02-14 01:50:05,548 [IPC Server listener on 0] INFO  ipc.Server (Server.java:run(1366)) - Stopping IPC Server listener on 0
2021-02-14 01:50:05,549 [Listener at 127.0.0.1/42551] INFO  server.RaftServer (RaftServerProxy.java:lambda$close$6(391)) - om1: close
2021-02-14 01:50:05,549 [Listener at 127.0.0.1/42551] INFO  server.RaftServer$Division (RaftServerImpl.java:lambda$close$4(406)) - om1@group-C5BA1605619E: shutdown
2021-02-14 01:50:05,549 [Listener at 127.0.0.1/42551] INFO  util.JmxRegister (JmxRegister.java:unregister(73)) - Successfully un-registered JMX Bean with object name Ratis:service=RaftServer,group=group-C5BA1605619E,id=om1
2021-02-14 01:50:05,549 [Listener at 127.0.0.1/42551] INFO  impl.RoleInfo (RoleInfo.java:shutdownLeaderState(91)) - om1: shutdown om1@group-C5BA1605619E-LeaderStateImpl
2021-02-14 01:50:05,550 [Listener at 127.0.0.1/42551] INFO  impl.PendingRequests (PendingRequests.java:sendNotLeaderResponses(249)) - om1@group-C5BA1605619E-PendingRequests: sendNotLeaderResponses
2021-02-14 01:50:05,552 [Listener at 127.0.0.1/42551] INFO  metrics.RatisMetrics (RatisMetrics.java:unregister(43)) - Unregistering Metrics Registry : ratis.log_appender.om1@group-C5BA1605619E
2021-02-14 01:50:05,552 [Listener at 127.0.0.1/42551] INFO  metrics.RatisMetrics (RatisMetrics.java:unregister(43)) - Unregistering Metrics Registry : ratis.server.om1@group-C5BA1605619E
2021-02-14 01:50:05,553 [Listener at 127.0.0.1/42551] INFO  impl.StateMachineUpdater (StateMachineUpdater.java:stopAndJoin(148)) - om1@group-C5BA1605619E-StateMachineUpdater: set stopIndex = 4
2021-02-14 01:50:05,553 [om1@group-C5BA1605619E-StateMachineUpdater] INFO  ratis.OzoneManagerStateMachine (OzoneManagerStateMachine.java:takeSnapshot(345)) - Current Snapshot Index (t:1, i:4)
2021-02-14 01:50:05,553 [om1@group-C5BA1605619E-StateMachineUpdater] INFO  impl.StateMachineUpdater (StateMachineUpdater.java:takeSnapshot(279)) - om1@group-C5BA1605619E-StateMachineUpdater: Took a snapshot at index 4
2021-02-14 01:50:05,553 [om1@group-C5BA1605619E-StateMachineUpdater] INFO  impl.StateMachineUpdater (StateMachineUpdater.java:lambda$new$0(88)) - om1@group-C5BA1605619E-StateMachineUpdater: snapshotIndex: updateIncreasingly -1 -> 4
2021-02-14 01:50:05,554 [om1@group-C5BA1605619E-StateMachineUpdater] INFO  metrics.RatisMetrics (RatisMetrics.java:unregister(43)) - Unregistering Metrics Registry : ratis.state_machine.om1@group-C5BA1605619E
2021-02-14 01:50:05,554 [Listener at 127.0.0.1/42551] INFO  server.RaftServer$Division (ServerState.java:close(405)) - om1@group-C5BA1605619E: closes. applyIndex: 4
2021-02-14 01:50:05,555 [om1@group-C5BA1605619E-SegmentedRaftLogWorker] INFO  segmented.SegmentedRaftLogWorker (SegmentedRaftLogWorker.java:run(326)) - om1@group-C5BA1605619E-SegmentedRaftLogWorker was interrupted, exiting. There are 0 tasks remaining in the queue.
2021-02-14 01:50:05,557 [Listener at 127.0.0.1/42551] INFO  segmented.SegmentedRaftLogWorker (SegmentedRaftLogWorker.java:close(236)) - om1@group-C5BA1605619E-SegmentedRaftLogWorker close()
2021-02-14 01:50:05,561 [Listener at 127.0.0.1/42551] INFO  metrics.RatisMetrics (RatisMetrics.java:unregister(43)) - Unregistering Metrics Registry : ratis.log_worker.om1@group-C5BA1605619E
2021-02-14 01:50:05,561 [Listener at 127.0.0.1/42551] INFO  metrics.RatisMetrics (RatisMetrics.java:unregister(43)) - Unregistering Metrics Registry : ratis.leader_election.om1@group-C5BA1605619E
2021-02-14 01:50:05,561 [Listener at 127.0.0.1/42551] INFO  metrics.RatisMetrics (RatisMetrics.java:unregister(43)) - Unregistering Metrics Registry : ratis.server.om1@group-C5BA1605619E
2021-02-14 01:50:05,561 [Listener at 127.0.0.1/42551] INFO  server.GrpcService (GrpcService.java:closeImpl(262)) - om1: shutdown server with port 9872 now
2021-02-14 01:50:05,564 [Listener at 127.0.0.1/42551] INFO  server.GrpcService (GrpcService.java:closeImpl(271)) - om1: shutdown server with port 9872 successfully
2021-02-14 01:50:05,564 [org.apache.ratis.util.JvmPauseMonitor$$Lambda$504/2142442467@3dc42f56] INFO  util.JvmPauseMonitor (JvmPauseMonitor.java:run(109)) - JvmPauseMonitor-om1: Stopped
2021-02-14 01:50:05,564 [Listener at 127.0.0.1/42551] INFO  ratis.OzoneManagerDoubleBuffer (OzoneManagerDoubleBuffer.java:stop(425)) - Stopping OMDoubleBuffer flush thread
2021-02-14 01:50:05,564 [OMDoubleBufferFlushThread] INFO  ratis.OzoneManagerDoubleBuffer (OzoneManagerDoubleBuffer.java:flushTransactions(352)) - OMDoubleBuffer flush thread OMDoubleBufferFlushThread is interrupted and will exit. OMDoubleBufferFlushThread
2021-02-14 01:50:05,564 [Listener at 127.0.0.1/42551] INFO  ratis.OzoneManagerStateMachine (HadoopExecutors.java:shutdown(118)) - Gracefully shutting down executor service. Waiting max 5 SECONDS
2021-02-14 01:50:05,565 [Listener at 127.0.0.1/42551] INFO  ratis.OzoneManagerStateMachine (HadoopExecutors.java:shutdown(129)) - Succesfully shutdown executor service
2021-02-14 01:50:05,565 [Listener at 127.0.0.1/42551] INFO  ratis.OzoneManagerStateMachine (HadoopExecutors.java:shutdown(118)) - Gracefully shutting down executor service. Waiting max 5 SECONDS
2021-02-14 01:50:05,565 [Listener at 127.0.0.1/42551] INFO  ratis.OzoneManagerStateMachine (HadoopExecutors.java:shutdown(129)) - Succesfully shutdown executor service
2021-02-14 01:50:05,565 [Listener at 127.0.0.1/42551] INFO  utils.BackgroundService (BackgroundService.java:shutdown(132)) - Shutting down service KeyDeletingService
2021-02-14 01:50:05,566 [Listener at 127.0.0.1/42551] INFO  handler.ContextHandler (ContextHandler.java:doStop(1154)) - Stopped o.e.j.w.WebAppContext@4d17ce84{ozoneManager,/,null,STOPPED}{file:/github/workspace/mnt/ozone/hadoop-ozone/integration-test/target/test-classes/webapps/ozoneManager}
2021-02-14 01:50:05,569 [Listener at 127.0.0.1/42551] INFO  server.AbstractConnector (AbstractConnector.java:doStop(381)) - Stopped ServerConnector@23fee93a{HTTP/1.1, (http/1.1)}{0.0.0.0:0}
2021-02-14 01:50:05,569 [Listener at 127.0.0.1/42551] INFO  server.session (HouseKeeper.java:stopScavenging(149)) - node0 Stopped scavenging
2021-02-14 01:50:05,569 [Listener at 127.0.0.1/42551] INFO  handler.ContextHandler (ContextHandler.java:doStop(1154)) - Stopped o.e.j.s.ServletContextHandler@22d7063e{static,/static,file:///github/workspace/mnt/ozone/hadoop-ozone/integration-test/target/test-classes/webapps/static,STOPPED}
2021-02-14 01:50:05,569 [Listener at 127.0.0.1/42551] INFO  handler.ContextHandler (ContextHandler.java:doStop(1154)) - Stopped o.e.j.s.ServletContextHandler@2fc1b04a{logs,/logs,file:///github/workspace/mnt/ozone/hadoop-ozone/integration-test/target/log,STOPPED}
2021-02-14 01:50:05,579 [Listener at 127.0.0.1/42551] INFO  ozone.MiniOzoneClusterImpl (MiniOzoneClusterImpl.java:stopDatanodes(474)) - Stopping the HddsDatanodes
2021-02-14 01:50:05,912 [Datanode State Machine Thread - 0] INFO  statemachine.DatanodeStateMachine (DatanodeStateMachine.java:lambda$startDaemon$0(412)) - Ozone container server started.
2021-02-14 01:50:06,424 [Datanode State Machine Thread - 0] INFO  statemachine.DatanodeStateMachine (DatanodeStateMachine.java:lambda$startDaemon$0(412)) - Ozone container server started.
2021-02-14 01:50:08,871 [Thread-1017] INFO  impl.FollowerState (FollowerState.java:run(133)) - 2ec71a43-acc1-42a3-b8ca-de3ee762a3c9@group-248E97A0B5F6-FollowerState: change to CANDIDATE, lastRpcElapsedTime:5026657545ns, electionTimeout:5025ms
2021-02-14 01:50:08,871 [Thread-1017] INFO  impl.RoleInfo (RoleInfo.java:shutdownFollowerState(108)) - 2ec71a43-acc1-42a3-b8ca-de3ee762a3c9: shutdown 2ec71a43-acc1-42a3-b8ca-de3ee762a3c9@group-248E97A0B5F6-FollowerState
2021-02-14 01:50:08,871 [Thread-1017] INFO  server.RaftServer$Division (RaftServerImpl.java:setRole(284)) - 2ec71a43-acc1-42a3-b8ca-de3ee762a3c9@group-248E97A0B5F6: changes role from  FOLLOWER to CANDIDATE at term 6 for changeToCandidate
2021-02-14 01:50:08,871 [Thread-1017] INFO  server.RaftServerConfigKeys (ConfUtils.java:logGet(44)) - raft.server.leaderelection.pre-vote = false (custom)
2021-02-14 01:50:08,871 [Thread-1017] INFO  impl.RoleInfo (RoleInfo.java:updateAndGet(130)) - 2ec71a43-acc1-42a3-b8ca-de3ee762a3c9: start 2ec71a43-acc1-42a3-b8ca-de3ee762a3c9@group-248E97A0B5F6-LeaderElection47
2021-02-14 01:50:08,875 [2ec71a43-acc1-42a3-b8ca-de3ee762a3c9@group-248E97A0B5F6-LeaderElection47] INFO  impl.LeaderElection (LeaderElection.java:askForVotes(307)) - 2ec71a43-acc1-42a3-b8ca-de3ee762a3c9@group-248E97A0B5F6-LeaderElection47 ELECTION round 0: submit vote requests at term 7 for 0: [2ec71a43-acc1-42a3-b8ca-de3ee762a3c9|rpc:172.17.0.2:42675|dataStream:|priority:0, f8feeaac-d8ae-4c99-8c47-cf05d6facd09|rpc:172.17.0.2:42991|dataStream:|priority:0, 13da2f53-0476-4a03-b606-a9c3a1877f5a|rpc:172.17.0.2:44773|dataStream:|priority:1], old=null
2021-02-14 01:50:08,877 [grpc-default-executor-2] INFO  server.RaftServer$Division (RaftServerImpl.java:requestVote(1025)) - 13da2f53-0476-4a03-b606-a9c3a1877f5a@group-248E97A0B5F6: receive requestVote(ELECTION, 2ec71a43-acc1-42a3-b8ca-de3ee762a3c9, group-248E97A0B5F6, 7, (t:1, i:0))
2021-02-14 01:50:08,877 [grpc-default-executor-2] INFO  impl.VoteContext (VoteContext.java:log(48)) - 13da2f53-0476-4a03-b606-a9c3a1877f5a@group-248E97A0B5F6-FOLLOWER: reject ELECTION from 2ec71a43-acc1-42a3-b8ca-de3ee762a3c9: our last entry (t:5, i:1) > candidate's last entry (t:1, i:0)
2021-02-14 01:50:08,877 [grpc-default-executor-2] INFO  server.RaftServer$Division (RaftServerImpl.java:setRole(284)) - 13da2f53-0476-4a03-b606-a9c3a1877f5a@group-248E97A0B5F6: changes role from  FOLLOWER to FOLLOWER at term 7 for candidate:2ec71a43-acc1-42a3-b8ca-de3ee762a3c9
2021-02-14 01:50:08,877 [grpc-default-executor-2] INFO  impl.RoleInfo (RoleInfo.java:shutdownFollowerState(108)) - 13da2f53-0476-4a03-b606-a9c3a1877f5a: shutdown 13da2f53-0476-4a03-b606-a9c3a1877f5a@group-248E97A0B5F6-FollowerState
2021-02-14 01:50:08,877 [grpc-default-executor-2] INFO  impl.RoleInfo (RoleInfo.java:updateAndGet(130)) - 13da2f53-0476-4a03-b606-a9c3a1877f5a: start 13da2f53-0476-4a03-b606-a9c3a1877f5a@group-248E97A0B5F6-FollowerState
2021-02-14 01:50:08,878 [Thread-1016] INFO  impl.FollowerState (FollowerState.java:run(142)) - 13da2f53-0476-4a03-b606-a9c3a1877f5a@group-248E97A0B5F6-FollowerState was interrupted: {}
java.lang.InterruptedException: sleep interrupted
	at java.lang.Thread.sleep(Native Method)
	at java.lang.Thread.sleep(Thread.java:340)
	at java.util.concurrent.TimeUnit.sleep(TimeUnit.java:386)
	at org.apache.ratis.util.TimeDuration.sleep(TimeDuration.java:324)
	at org.apache.ratis.util.TimeDuration.sleep(TimeDuration.java:309)
	at org.apache.ratis.server.impl.FollowerState.run(FollowerState.java:117)
2021-02-14 01:50:08,879 [grpc-default-executor-4] INFO  server.RaftServer$Division (RaftServerImpl.java:requestVote(1025)) - f8feeaac-d8ae-4c99-8c47-cf05d6facd09@group-248E97A0B5F6: receive requestVote(ELECTION, 2ec71a43-acc1-42a3-b8ca-de3ee762a3c9, group-248E97A0B5F6, 7, (t:1, i:0))
2021-02-14 01:50:08,879 [grpc-default-executor-2] INFO  server.RaftServer$Division (RaftServerImpl.java:requestVote(1057)) - 13da2f53-0476-4a03-b606-a9c3a1877f5a@group-248E97A0B5F6 replies to ELECTION vote request: 2ec71a43-acc1-42a3-b8ca-de3ee762a3c9<-13da2f53-0476-4a03-b606-a9c3a1877f5a#0:FAIL-t7. Peer's state: 13da2f53-0476-4a03-b606-a9c3a1877f5a@group-248E97A0B5F6:t7, leader=null, voted=null, raftlog=13da2f53-0476-4a03-b606-a9c3a1877f5a@group-248E97A0B5F6-SegmentedRaftLog:OPENED:c0,f1,i1, conf=1: [2ec71a43-acc1-42a3-b8ca-de3ee762a3c9|rpc:172.17.0.2:42675|dataStream:|priority:0, f8feeaac-d8ae-4c99-8c47-cf05d6facd09|rpc:172.17.0.2:42991|dataStream:|priority:0, 13da2f53-0476-4a03-b606-a9c3a1877f5a|rpc:172.17.0.2:44773|dataStream:|priority:1], old=null
2021-02-14 01:50:08,879 [grpc-default-executor-4] INFO  impl.VoteContext (VoteContext.java:log(48)) - f8feeaac-d8ae-4c99-8c47-cf05d6facd09@group-248E97A0B5F6-FOLLOWER: accept ELECTION from 2ec71a43-acc1-42a3-b8ca-de3ee762a3c9: our last entry null < candidate's last entry (t:1, i:0)
2021-02-14 01:50:08,879 [grpc-default-executor-4] INFO  server.RaftServer$Division (RaftServerImpl.java:setRole(284)) - f8feeaac-d8ae-4c99-8c47-cf05d6facd09@group-248E97A0B5F6: changes role from  FOLLOWER to FOLLOWER at term 7 for candidate:2ec71a43-acc1-42a3-b8ca-de3ee762a3c9
2021-02-14 01:50:08,879 [grpc-default-executor-4] INFO  impl.RoleInfo (RoleInfo.java:shutdownFollowerState(108)) - f8feeaac-d8ae-4c99-8c47-cf05d6facd09: shutdown f8feeaac-d8ae-4c99-8c47-cf05d6facd09@group-248E97A0B5F6-FollowerState
2021-02-14 01:50:08,879 [grpc-default-executor-4] INFO  impl.RoleInfo (RoleInfo.java:updateAndGet(130)) - f8feeaac-d8ae-4c99-8c47-cf05d6facd09: start f8feeaac-d8ae-4c99-8c47-cf05d6facd09@group-248E97A0B5F6-FollowerState
2021-02-14 01:50:08,880 [Thread-1015] INFO  impl.FollowerState (FollowerState.java:run(142)) - f8feeaac-d8ae-4c99-8c47-cf05d6facd09@group-248E97A0B5F6-FollowerState was interrupted: {}
java.lang.InterruptedException: sleep interrupted
	at java.lang.Thread.sleep(Native Method)
	at java.lang.Thread.sleep(Thread.java:340)
	at java.util.concurrent.TimeUnit.sleep(TimeUnit.java:386)
	at org.apache.ratis.util.TimeDuration.sleep(TimeDuration.java:324)
	at org.apache.ratis.util.TimeDuration.sleep(TimeDuration.java:309)
	at org.apache.ratis.server.impl.FollowerState.run(FollowerState.java:117)
2021-02-14 01:50:08,881 [grpc-default-executor-4] INFO  server.RaftServer$Division (RaftServerImpl.java:requestVote(1057)) - f8feeaac-d8ae-4c99-8c47-cf05d6facd09@group-248E97A0B5F6 replies to ELECTION vote request: 2ec71a43-acc1-42a3-b8ca-de3ee762a3c9<-f8feeaac-d8ae-4c99-8c47-cf05d6facd09#0:OK-t7. Peer's state: f8feeaac-d8ae-4c99-8c47-cf05d6facd09@group-248E97A0B5F6:t7, leader=null, voted=2ec71a43-acc1-42a3-b8ca-de3ee762a3c9, raftlog=f8feeaac-d8ae-4c99-8c47-cf05d6facd09@group-248E97A0B5F6-SegmentedRaftLog:OPENED:c-1,f-1,i0, conf=-1: [2ec71a43-acc1-42a3-b8ca-de3ee762a3c9|rpc:172.17.0.2:42675|priority:0, f8feeaac-d8ae-4c99-8c47-cf05d6facd09|rpc:172.17.0.2:42991|priority:0, 13da2f53-0476-4a03-b606-a9c3a1877f5a|rpc:172.17.0.2:44773|priority:1], old=null
2021-02-14 01:50:08,886 [2ec71a43-acc1-42a3-b8ca-de3ee762a3c9@group-248E97A0B5F6-LeaderElection47] INFO  impl.LeaderElection (LeaderElection.java:logAndReturn(89)) - 2ec71a43-acc1-42a3-b8ca-de3ee762a3c9@group-248E97A0B5F6-LeaderElection47: ELECTION REJECTED received 1 response(s) and 0 exception(s):
2021-02-14 01:50:08,886 [2ec71a43-acc1-42a3-b8ca-de3ee762a3c9@group-248E97A0B5F6-LeaderElection47] INFO  impl.LeaderElection (LeaderElection.java:logAndReturn(93)) -   Response 0: 2ec71a43-acc1-42a3-b8ca-de3ee762a3c9<-13da2f53-0476-4a03-b606-a9c3a1877f5a#0:FAIL-t7
2021-02-14 01:50:08,886 [2ec71a43-acc1-42a3-b8ca-de3ee762a3c9@group-248E97A0B5F6-LeaderElection47] INFO  impl.LeaderElection (LeaderElection.java:askForVotes(309)) - 2ec71a43-acc1-42a3-b8ca-de3ee762a3c9@group-248E97A0B5F6-LeaderElection47 ELECTION round 0: result REJECTED
2021-02-14 01:50:08,886 [2ec71a43-acc1-42a3-b8ca-de3ee762a3c9@group-248E97A0B5F6-LeaderElection47] INFO  server.RaftServer$Division (RaftServerImpl.java:setRole(284)) - 2ec71a43-acc1-42a3-b8ca-de3ee762a3c9@group-248E97A0B5F6: changes role from CANDIDATE to FOLLOWER at term 7 for REJECTED
2021-02-14 01:50:08,886 [2ec71a43-acc1-42a3-b8ca-de3ee762a3c9@group-248E97A0B5F6-LeaderElection47] INFO  impl.RoleInfo (RoleInfo.java:shutdownLeaderElection(121)) - 2ec71a43-acc1-42a3-b8ca-de3ee762a3c9: shutdown 2ec71a43-acc1-42a3-b8ca-de3ee762a3c9@group-248E97A0B5F6-LeaderElection47
2021-02-14 01:50:08,886 [2ec71a43-acc1-42a3-b8ca-de3ee762a3c9@group-248E97A0B5F6-LeaderElection47] INFO  impl.RoleInfo (RoleInfo.java:updateAndGet(130)) - 2ec71a43-acc1-42a3-b8ca-de3ee762a3c9: start 2ec71a43-acc1-42a3-b8ca-de3ee762a3c9@group-248E97A0B5F6-FollowerState
2021-02-14 01:50:10,585 [Listener at 127.0.0.1/42551] INFO  ozoneimpl.OzoneContainer (OzoneContainer.java:stop(273)) - Attempting to stop container services.
2021-02-14 01:50:10,585 [ForkJoinPool.commonPool-worker-1] INFO  ozoneimpl.OzoneContainer (OzoneContainer.java:stop(273)) - Attempting to stop container services.
2021-02-14 01:50:10,586 [ForkJoinPool.commonPool-worker-1] INFO  server.RaftServer (RaftServerProxy.java:lambda$close$6(391)) - 2ec71a43-acc1-42a3-b8ca-de3ee762a3c9: close
2021-02-14 01:50:10,586 [ForkJoinPool.commonPool-worker-1] INFO  server.RaftServer$Division (RaftServerImpl.java:lambda$close$4(406)) - 2ec71a43-acc1-42a3-b8ca-de3ee762a3c9@group-FE19062429C6: shutdown
2021-02-14 01:50:10,586 [Listener at 127.0.0.1/42551] INFO  server.RaftServer (RaftServerProxy.java:lambda$close$6(391)) - 67ae471d-b492-4f31-a24b-cc05e6e2b64e: close
2021-02-14 01:50:10,586 [ForkJoinPool.commonPool-worker-1] INFO  util.JmxRegister (JmxRegister.java:unregister(73)) - Successfully un-registered JMX Bean with object name Ratis:service=RaftServer,group=group-FE19062429C6,id=2ec71a43-acc1-42a3-b8ca-de3ee762a3c9
2021-02-14 01:50:10,586 [ForkJoinPool.commonPool-worker-1] INFO  impl.RoleInfo (RoleInfo.java:shutdownLeaderState(91)) - 2ec71a43-acc1-42a3-b8ca-de3ee762a3c9: shutdown 2ec71a43-acc1-42a3-b8ca-de3ee762a3c9@group-FE19062429C6-LeaderStateImpl
2021-02-14 01:50:10,587 [ForkJoinPool.commonPool-worker-1] INFO  impl.PendingRequests (PendingRequests.java:sendNotLeaderResponses(249)) - 2ec71a43-acc1-42a3-b8ca-de3ee762a3c9@group-FE19062429C6-PendingRequests: sendNotLeaderResponses
2021-02-14 01:50:10,587 [ForkJoinPool.commonPool-worker-1] INFO  metrics.RatisMetrics (RatisMetrics.java:unregister(43)) - Unregistering Metrics Registry : ratis.log_appender.2ec71a43-acc1-42a3-b8ca-de3ee762a3c9@group-FE19062429C6
2021-02-14 01:50:10,587 [ForkJoinPool.commonPool-worker-1] INFO  metrics.RatisMetrics (RatisMetrics.java:unregister(43)) - Unregistering Metrics Registry : ratis.server.2ec71a43-acc1-42a3-b8ca-de3ee762a3c9@group-FE19062429C6
2021-02-14 01:50:10,586 [Listener at 127.0.0.1/42551] INFO  server.RaftServer$Division (RaftServerImpl.java:lambda$close$4(406)) - 67ae471d-b492-4f31-a24b-cc05e6e2b64e@group-074C8C599C3F: shutdown
2021-02-14 01:50:10,588 [Listener at 127.0.0.1/42551] INFO  util.JmxRegister (JmxRegister.java:unregister(73)) - Successfully un-registered JMX Bean with object name Ratis:service=RaftServer,group=group-074C8C599C3F,id=67ae471d-b492-4f31-a24b-cc05e6e2b64e
2021-02-14 01:50:10,588 [Listener at 127.0.0.1/42551] INFO  impl.RoleInfo (RoleInfo.java:shutdownLeaderState(91)) - 67ae471d-b492-4f31-a24b-cc05e6e2b64e: shutdown 67ae471d-b492-4f31-a24b-cc05e6e2b64e@group-074C8C599C3F-LeaderStateImpl
2021-02-14 01:50:10,588 [Listener at 127.0.0.1/42551] INFO  impl.PendingRequests (PendingRequests.java:sendNotLeaderResponses(249)) - 67ae471d-b492-4f31-a24b-cc05e6e2b64e@group-074C8C599C3F-PendingRequests: sendNotLeaderResponses
2021-02-14 01:50:10,588 [Listener at 127.0.0.1/42551] INFO  metrics.RatisMetrics (RatisMetrics.java:unregister(43)) - Unregistering Metrics Registry : ratis.log_appender.67ae471d-b492-4f31-a24b-cc05e6e2b64e@group-074C8C599C3F
2021-02-14 01:50:10,589 [Listener at 127.0.0.1/42551] INFO  metrics.RatisMetrics (RatisMetrics.java:unregister(43)) - Unregistering Metrics Registry : ratis.server.67ae471d-b492-4f31-a24b-cc05e6e2b64e@group-074C8C599C3F
2021-02-14 01:50:10,590 [2ec71a43-acc1-42a3-b8ca-de3ee762a3c9@group-FE19062429C6-StateMachineUpdater] INFO  ratis.ContainerStateMachine (ContainerStateMachine.java:takeSnapshot(291)) - group-FE19062429C6: Taking a snapshot at:(t:1, i:0) file /github/workspace/mnt/ozone/hadoop-ozone/integration-test/target/test-dir/MiniOzoneClusterImpl-b3eef9e8-6bea-4ca1-9f7b-091cac69c924/datanode-2/data/ratis/bd014bce-115a-4ac1-b75e-fe19062429c6/sm/snapshot.1_0
2021-02-14 01:50:10,590 [ForkJoinPool.commonPool-worker-1] INFO  impl.StateMachineUpdater (StateMachineUpdater.java:stopAndJoin(148)) - 2ec71a43-acc1-42a3-b8ca-de3ee762a3c9@group-FE19062429C6-StateMachineUpdater: set stopIndex = 0
2021-02-14 01:50:10,590 [67ae471d-b492-4f31-a24b-cc05e6e2b64e@group-074C8C599C3F-StateMachineUpdater] INFO  ratis.ContainerStateMachine (ContainerStateMachine.java:takeSnapshot(291)) - group-074C8C599C3F: Taking a snapshot at:(t:1, i:0) file /github/workspace/mnt/ozone/hadoop-ozone/integration-test/target/test-dir/MiniOzoneClusterImpl-b3eef9e8-6bea-4ca1-9f7b-091cac69c924/datanode-4/data/ratis/9f7339ee-6885-48f7-b6e3-074c8c599c3f/sm/snapshot.1_0
2021-02-14 01:50:10,591 [Listener at 127.0.0.1/42551] INFO  impl.StateMachineUpdater (StateMachineUpdater.java:stopAndJoin(148)) - 67ae471d-b492-4f31-a24b-cc05e6e2b64e@group-074C8C599C3F-StateMachineUpdater: set stopIndex = 0
2021-02-14 01:50:10,591 [2ec71a43-acc1-42a3-b8ca-de3ee762a3c9@group-FE19062429C6-StateMachineUpdater] INFO  ratis.ContainerStateMachine (ContainerStateMachine.java:takeSnapshot(302)) - group-FE19062429C6: Finished taking a snapshot at:(t:1, i:0) file:/github/workspace/mnt/ozone/hadoop-ozone/integration-test/target/test-dir/MiniOzoneClusterImpl-b3eef9e8-6bea-4ca1-9f7b-091cac69c924/datanode-2/data/ratis/bd014bce-115a-4ac1-b75e-fe19062429c6/sm/snapshot.1_0 took: 1 ms
2021-02-14 01:50:10,591 [2ec71a43-acc1-42a3-b8ca-de3ee762a3c9@group-FE19062429C6-StateMachineUpdater] INFO  impl.StateMachineUpdater (StateMachineUpdater.java:takeSnapshot(279)) - 2ec71a43-acc1-42a3-b8ca-de3ee762a3c9@group-FE19062429C6-StateMachineUpdater: Took a snapshot at index 0
2021-02-14 01:50:10,591 [2ec71a43-acc1-42a3-b8ca-de3ee762a3c9@group-FE19062429C6-StateMachineUpdater] INFO  impl.StateMachineUpdater (StateMachineUpdater.java:lambda$new$0(88)) - 2ec71a43-acc1-42a3-b8ca-de3ee762a3c9@group-FE19062429C6-StateMachineUpdater: snapshotIndex: updateIncreasingly -1 -> 0
2021-02-14 01:50:10,591 [2ec71a43-acc1-42a3-b8ca-de3ee762a3c9@group-FE19062429C6-StateMachineUpdater] INFO  metrics.RatisMetrics (RatisMetrics.java:unregister(43)) - Unregistering Metrics Registry : ratis.state_machine.2ec71a43-acc1-42a3-b8ca-de3ee762a3c9@group-FE19062429C6
2021-02-14 01:50:10,592 [ForkJoinPool.commonPool-worker-1] INFO  server.RaftServer$Division (ServerState.java:close(405)) - 2ec71a43-acc1-42a3-b8ca-de3ee762a3c9@group-FE19062429C6: closes. applyIndex: 0
2021-02-14 01:50:10,592 [67ae471d-b492-4f31-a24b-cc05e6e2b64e@group-074C8C599C3F-StateMachineUpdater] INFO  ratis.ContainerStateMachine (ContainerStateMachine.java:takeSnapshot(302)) - group-074C8C599C3F: Finished taking a snapshot at:(t:1, i:0) file:/github/workspace/mnt/ozone/hadoop-ozone/integration-test/target/test-dir/MiniOzoneClusterImpl-b3eef9e8-6bea-4ca1-9f7b-091cac69c924/datanode-4/data/ratis/9f7339ee-6885-48f7-b6e3-074c8c599c3f/sm/snapshot.1_0 took: 1 ms
2021-02-14 01:50:10,592 [67ae471d-b492-4f31-a24b-cc05e6e2b64e@group-074C8C599C3F-StateMachineUpdater] INFO  impl.StateMachineUpdater (StateMachineUpdater.java:takeSnapshot(279)) - 67ae471d-b492-4f31-a24b-cc05e6e2b64e@group-074C8C599C3F-StateMachineUpdater: Took a snapshot at index 0
2021-02-14 01:50:10,592 [67ae471d-b492-4f31-a24b-cc05e6e2b64e@group-074C8C599C3F-StateMachineUpdater] INFO  impl.StateMachineUpdater (StateMachineUpdater.java:lambda$new$0(88)) - 67ae471d-b492-4f31-a24b-cc05e6e2b64e@group-074C8C599C3F-StateMachineUpdater: snapshotIndex: updateIncreasingly -1 -> 0
2021-02-14 01:50:10,592 [67ae471d-b492-4f31-a24b-cc05e6e2b64e@group-074C8C599C3F-StateMachineUpdater] INFO  metrics.RatisMetrics (RatisMetrics.java:unregister(43)) - Unregistering Metrics Registry : ratis.state_machine.67ae471d-b492-4f31-a24b-cc05e6e2b64e@group-074C8C599C3F
2021-02-14 01:50:10,592 [2ec71a43-acc1-42a3-b8ca-de3ee762a3c9@group-FE19062429C6-SegmentedRaftLogWorker] INFO  segmented.SegmentedRaftLogWorker (SegmentedRaftLogWorker.java:run(326)) - 2ec71a43-acc1-42a3-b8ca-de3ee762a3c9@group-FE19062429C6-SegmentedRaftLogWorker was interrupted, exiting. There are 0 tasks remaining in the queue.
2021-02-14 01:50:10,593 [Listener at 127.0.0.1/42551] INFO  server.RaftServer$Division (ServerState.java:close(405)) - 67ae471d-b492-4f31-a24b-cc05e6e2b64e@group-074C8C599C3F: closes. applyIndex: 0
2021-02-14 01:50:10,594 [ForkJoinPool.commonPool-worker-1] INFO  segmented.SegmentedRaftLogWorker (SegmentedRaftLogWorker.java:close(236)) - 2ec71a43-acc1-42a3-b8ca-de3ee762a3c9@group-FE19062429C6-SegmentedRaftLogWorker close()
2021-02-14 01:50:10,594 [67ae471d-b492-4f31-a24b-cc05e6e2b64e@group-074C8C599C3F-SegmentedRaftLogWorker] INFO  segmented.SegmentedRaftLogWorker (SegmentedRaftLogWorker.java:run(326)) - 67ae471d-b492-4f31-a24b-cc05e6e2b64e@group-074C8C599C3F-SegmentedRaftLogWorker was interrupted, exiting. There are 0 tasks remaining in the queue.
2021-02-14 01:50:10,595 [ForkJoinPool.commonPool-worker-1] INFO  metrics.RatisMetrics (RatisMetrics.java:unregister(43)) - Unregistering Metrics Registry : ratis.log_worker.2ec71a43-acc1-42a3-b8ca-de3ee762a3c9@group-FE19062429C6
2021-02-14 01:50:10,596 [ForkJoinPool.commonPool-worker-1] INFO  metrics.RatisMetrics (RatisMetrics.java:unregister(43)) - Unregistering Metrics Registry : ratis.leader_election.2ec71a43-acc1-42a3-b8ca-de3ee762a3c9@group-FE19062429C6
2021-02-14 01:50:10,596 [Listener at 127.0.0.1/42551] INFO  segmented.SegmentedRaftLogWorker (SegmentedRaftLogWorker.java:close(236)) - 67ae471d-b492-4f31-a24b-cc05e6e2b64e@group-074C8C599C3F-SegmentedRaftLogWorker close()
2021-02-14 01:50:10,596 [ForkJoinPool.commonPool-worker-1] INFO  metrics.RatisMetrics (RatisMetrics.java:unregister(43)) - Unregistering Metrics Registry : ratis.server.2ec71a43-acc1-42a3-b8ca-de3ee762a3c9@group-FE19062429C6
2021-02-14 01:50:10,597 [Listener at 127.0.0.1/42551] INFO  metrics.RatisMetrics (RatisMetrics.java:unregister(43)) - Unregistering Metrics Registry : ratis.log_worker.67ae471d-b492-4f31-a24b-cc05e6e2b64e@group-074C8C599C3F
2021-02-14 01:50:10,597 [ForkJoinPool.commonPool-worker-1] INFO  server.RaftServer$Division (RaftServerImpl.java:lambda$close$4(406)) - 2ec71a43-acc1-42a3-b8ca-de3ee762a3c9@group-248E97A0B5F6: shutdown
2021-02-14 01:50:10,597 [Listener at 127.0.0.1/42551] INFO  metrics.RatisMetrics (RatisMetrics.java:unregister(43)) - Unregistering Metrics Registry : ratis.leader_election.67ae471d-b492-4f31-a24b-cc05e6e2b64e@group-074C8C599C3F
2021-02-14 01:50:10,597 [ForkJoinPool.commonPool-worker-1] INFO  util.JmxRegister (JmxRegister.java:unregister(73)) - Successfully un-registered JMX Bean with object name Ratis:service=RaftServer,group=group-248E97A0B5F6,id=2ec71a43-acc1-42a3-b8ca-de3ee762a3c9
2021-02-14 01:50:10,598 [ForkJoinPool.commonPool-worker-1] INFO  impl.RoleInfo (RoleInfo.java:shutdownFollowerState(108)) - 2ec71a43-acc1-42a3-b8ca-de3ee762a3c9: shutdown 2ec71a43-acc1-42a3-b8ca-de3ee762a3c9@group-248E97A0B5F6-FollowerState
2021-02-14 01:50:10,598 [ForkJoinPool.commonPool-worker-1] INFO  impl.StateMachineUpdater (StateMachineUpdater.java:stopAndJoin(148)) - 2ec71a43-acc1-42a3-b8ca-de3ee762a3c9@group-248E97A0B5F6-StateMachineUpdater: set stopIndex = -1
2021-02-14 01:50:10,598 [Listener at 127.0.0.1/42551] INFO  metrics.RatisMetrics (RatisMetrics.java:unregister(43)) - Unregistering Metrics Registry : ratis.server.67ae471d-b492-4f31-a24b-cc05e6e2b64e@group-074C8C599C3F
2021-02-14 01:50:10,598 [2ec71a43-acc1-42a3-b8ca-de3ee762a3c9@group-248E97A0B5F6-StateMachineUpdater] INFO  metrics.RatisMetrics (RatisMetrics.java:unregister(43)) - Unregistering Metrics Registry : ratis.state_machine.2ec71a43-acc1-42a3-b8ca-de3ee762a3c9@group-248E97A0B5F6
2021-02-14 01:50:10,598 [ForkJoinPool.commonPool-worker-1] INFO  server.RaftServer$Division (ServerState.java:close(405)) - 2ec71a43-acc1-42a3-b8ca-de3ee762a3c9@group-248E97A0B5F6: closes. applyIndex: -1
2021-02-14 01:50:10,598 [Thread-1032] INFO  impl.FollowerState (FollowerState.java:run(142)) - 2ec71a43-acc1-42a3-b8ca-de3ee762a3c9@group-248E97A0B5F6-FollowerState was interrupted: {}
java.lang.InterruptedException: sleep interrupted
	at java.lang.Thread.sleep(Native Method)
	at java.lang.Thread.sleep(Thread.java:340)
	at java.util.concurrent.TimeUnit.sleep(TimeUnit.java:386)
	at org.apache.ratis.util.TimeDuration.sleep(TimeDuration.java:324)
	at org.apache.ratis.util.TimeDuration.sleep(TimeDuration.java:309)
	at org.apache.ratis.server.impl.FollowerState.run(FollowerState.java:117)
2021-02-14 01:50:10,598 [Listener at 127.0.0.1/42551] INFO  server.RaftServer$Division (RaftServerImpl.java:lambda$close$4(406)) - 67ae471d-b492-4f31-a24b-cc05e6e2b64e@group-2DF9806E95A3: shutdown
2021-02-14 01:50:10,599 [2ec71a43-acc1-42a3-b8ca-de3ee762a3c9@group-248E97A0B5F6-SegmentedRaftLogWorker] INFO  segmented.SegmentedRaftLogWorker (SegmentedRaftLogWorker.java:run(326)) - 2ec71a43-acc1-42a3-b8ca-de3ee762a3c9@group-248E97A0B5F6-SegmentedRaftLogWorker was interrupted, exiting. There are 0 tasks remaining in the queue.
2021-02-14 01:50:10,600 [ForkJoinPool.commonPool-worker-1] INFO  segmented.SegmentedRaftLogWorker (SegmentedRaftLogWorker.java:close(236)) - 2ec71a43-acc1-42a3-b8ca-de3ee762a3c9@group-248E97A0B5F6-SegmentedRaftLogWorker close()
2021-02-14 01:50:10,601 [ForkJoinPool.commonPool-worker-1] INFO  metrics.RatisMetrics (RatisMetrics.java:unregister(43)) - Unregistering Metrics Registry : ratis.log_worker.2ec71a43-acc1-42a3-b8ca-de3ee762a3c9@group-248E97A0B5F6
2021-02-14 01:50:10,601 [ForkJoinPool.commonPool-worker-1] INFO  metrics.RatisMetrics (RatisMetrics.java:unregister(43)) - Unregistering Metrics Registry : ratis.leader_election.2ec71a43-acc1-42a3-b8ca-de3ee762a3c9@group-248E97A0B5F6
2021-02-14 01:50:10,601 [ForkJoinPool.commonPool-worker-1] INFO  metrics.RatisMetrics (RatisMetrics.java:unregister(43)) - Unregistering Metrics Registry : ratis.server.2ec71a43-acc1-42a3-b8ca-de3ee762a3c9@group-248E97A0B5F6
2021-02-14 01:50:10,601 [ForkJoinPool.commonPool-worker-1] INFO  server.GrpcService (GrpcService.java:closeImpl(262)) - 2ec71a43-acc1-42a3-b8ca-de3ee762a3c9: shutdown server with port 42675 now
2021-02-14 01:50:10,600 [Listener at 127.0.0.1/42551] INFO  util.JmxRegister (JmxRegister.java:unregister(73)) - Successfully un-registered JMX Bean with object name Ratis:service=RaftServer,group=group-2DF9806E95A3,id=67ae471d-b492-4f31-a24b-cc05e6e2b64e
2021-02-14 01:50:10,603 [Listener at 127.0.0.1/42551] INFO  impl.RoleInfo (RoleInfo.java:shutdownLeaderState(91)) - 67ae471d-b492-4f31-a24b-cc05e6e2b64e: shutdown 67ae471d-b492-4f31-a24b-cc05e6e2b64e@group-2DF9806E95A3-LeaderStateImpl
2021-02-14 01:50:10,603 [Listener at 127.0.0.1/42551] INFO  metrics.RatisMetrics (RatisMetrics.java:unregister(43)) - Unregistering Metrics Registry : ratis_grpc.log_appender.67ae471d-b492-4f31-a24b-cc05e6e2b64e@group-2DF9806E95A3
2021-02-14 01:50:10,604 [Listener at 127.0.0.1/42551] INFO  metrics.RatisMetrics (RatisMetrics.java:unregister(43)) - Unregistering Metrics Registry : ratis_grpc.log_appender.67ae471d-b492-4f31-a24b-cc05e6e2b64e@group-2DF9806E95A3
2021-02-14 01:50:10,604 [67ae471d-b492-4f31-a24b-cc05e6e2b64e@group-2DF9806E95A3->23cc1cc1-0040-4236-a819-0d718e7e646a-GrpcLogAppender-LogAppenderDaemon] WARN  server.GrpcLogAppender (GrpcLogAppender.java:mayWait(175)) - 67ae471d-b492-4f31-a24b-cc05e6e2b64e@group-2DF9806E95A3->23cc1cc1-0040-4236-a819-0d718e7e646a-GrpcLogAppender: Wait interrupted by java.lang.InterruptedException
2021-02-14 01:50:10,606 [67ae471d-b492-4f31-a24b-cc05e6e2b64e@group-2DF9806E95A3->7f0f79db-cac0-4201-a2ab-ddfae922df70-GrpcLogAppender-LogAppenderDaemon] WARN  server.GrpcLogAppender (GrpcLogAppender.java:mayWait(175)) - 67ae471d-b492-4f31-a24b-cc05e6e2b64e@group-2DF9806E95A3->7f0f79db-cac0-4201-a2ab-ddfae922df70-GrpcLogAppender: Wait interrupted by java.lang.InterruptedException
2021-02-14 01:50:10,606 [Listener at 127.0.0.1/42551] INFO  impl.PendingRequests (PendingRequests.java:sendNotLeaderResponses(249)) - 67ae471d-b492-4f31-a24b-cc05e6e2b64e@group-2DF9806E95A3-PendingRequests: sendNotLeaderResponses
2021-02-14 01:50:10,606 [grpc-default-executor-2] INFO  server.GrpcServerProtocolService (GrpcServerProtocolService.java:onCompleted(138)) - 7f0f79db-cac0-4201-a2ab-ddfae922df70: Completed APPEND_ENTRIES, lastRequest: 67ae471d-b492-4f31-a24b-cc05e6e2b64e->7f0f79db-cac0-4201-a2ab-ddfae922df70#1-t3,previous=(t:0, i:0),leaderCommit=0,initializing? true,entries: size=1, first=(t:3, i:0), CONFIGURATIONENTRY
2021-02-14 01:50:10,606 [grpc-default-executor-4] INFO  server.GrpcServerProtocolService (GrpcServerProtocolService.java:onCompleted(138)) - 23cc1cc1-0040-4236-a819-0d718e7e646a: Completed APPEND_ENTRIES, lastRequest: 67ae471d-b492-4f31-a24b-cc05e6e2b64e->23cc1cc1-0040-4236-a819-0d718e7e646a#1-t3,previous=(t:0, i:0),leaderCommit=0,initializing? true,entries: size=1, first=(t:3, i:0), CONFIGURATIONENTRY
2021-02-14 01:50:10,606 [Listener at 127.0.0.1/42551] INFO  metrics.RatisMetrics (RatisMetrics.java:unregister(43)) - Unregistering Metrics Registry : ratis.log_appender.67ae471d-b492-4f31-a24b-cc05e6e2b64e@group-2DF9806E95A3
2021-02-14 01:50:10,607 [Listener at 127.0.0.1/42551] INFO  metrics.RatisMetrics (RatisMetrics.java:unregister(43)) - Unregistering Metrics Registry : ratis.server.67ae471d-b492-4f31-a24b-cc05e6e2b64e@group-2DF9806E95A3
2021-02-14 01:50:10,608 [grpc-default-executor-3] INFO  server.GrpcLogAppender (GrpcLogAppender.java:onCompleted(344)) - 67ae471d-b492-4f31-a24b-cc05e6e2b64e@group-2DF9806E95A3->7f0f79db-cac0-4201-a2ab-ddfae922df70-AppendLogResponseHandler: follower responses appendEntries COMPLETED
2021-02-14 01:50:10,608 [grpc-default-executor-3] INFO  leader.FollowerInfo (FollowerInfoImpl.java:lambda$new$0(46)) - 67ae471d-b492-4f31-a24b-cc05e6e2b64e@group-2DF9806E95A3->7f0f79db-cac0-4201-a2ab-ddfae922df70: nextIndex: updateUnconditionally 1 -> 0
2021-02-14 01:50:10,608 [grpc-default-executor-4] INFO  server.GrpcLogAppender (GrpcLogAppender.java:onCompleted(344)) - 67ae471d-b492-4f31-a24b-cc05e6e2b64e@group-2DF9806E95A3->23cc1cc1-0040-4236-a819-0d718e7e646a-AppendLogResponseHandler: follower responses appendEntries COMPLETED
2021-02-14 01:50:10,608 [grpc-default-executor-4] INFO  leader.FollowerInfo (FollowerInfoImpl.java:lambda$new$0(46)) - 67ae471d-b492-4f31-a24b-cc05e6e2b64e@group-2DF9806E95A3->23cc1cc1-0040-4236-a819-0d718e7e646a: nextIndex: updateUnconditionally 1 -> 0
2021-02-14 01:50:10,608 [Listener at 127.0.0.1/42551] INFO  impl.StateMachineUpdater (StateMachineUpdater.java:stopAndJoin(148)) - 67ae471d-b492-4f31-a24b-cc05e6e2b64e@group-2DF9806E95A3-StateMachineUpdater: set stopIndex = 0
2021-02-14 01:50:10,609 [67ae471d-b492-4f31-a24b-cc05e6e2b64e@group-2DF9806E95A3-StateMachineUpdater] INFO  ratis.ContainerStateMachine (ContainerStateMachine.java:takeSnapshot(291)) - group-2DF9806E95A3: Taking a snapshot at:(t:3, i:0) file /github/workspace/mnt/ozone/hadoop-ozone/integration-test/target/test-dir/MiniOzoneClusterImpl-b3eef9e8-6bea-4ca1-9f7b-091cac69c924/datanode-4/data/ratis/d3f2502a-8941-4805-a183-2df9806e95a3/sm/snapshot.3_0
2021-02-14 01:50:10,610 [67ae471d-b492-4f31-a24b-cc05e6e2b64e@group-2DF9806E95A3-StateMachineUpdater] INFO  ratis.ContainerStateMachine (ContainerStateMachine.java:takeSnapshot(302)) - group-2DF9806E95A3: Finished taking a snapshot at:(t:3, i:0) file:/github/workspace/mnt/ozone/hadoop-ozone/integration-test/target/test-dir/MiniOzoneClusterImpl-b3eef9e8-6bea-4ca1-9f7b-091cac69c924/datanode-4/data/ratis/d3f2502a-8941-4805-a183-2df9806e95a3/sm/snapshot.3_0 took: 1 ms
2021-02-14 01:50:10,610 [67ae471d-b492-4f31-a24b-cc05e6e2b64e@group-2DF9806E95A3-StateMachineUpdater] INFO  impl.StateMachineUpdater (StateMachineUpdater.java:takeSnapshot(279)) - 67ae471d-b492-4f31-a24b-cc05e6e2b64e@group-2DF9806E95A3-StateMachineUpdater: Took a snapshot at index 0
2021-02-14 01:50:10,610 [67ae471d-b492-4f31-a24b-cc05e6e2b64e@group-2DF9806E95A3-StateMachineUpdater] INFO  impl.StateMachineUpdater (StateMachineUpdater.java:lambda$new$0(88)) - 67ae471d-b492-4f31-a24b-cc05e6e2b64e@group-2DF9806E95A3-StateMachineUpdater: snapshotIndex: updateIncreasingly -1 -> 0
2021-02-14 01:50:10,610 [67ae471d-b492-4f31-a24b-cc05e6e2b64e@group-2DF9806E95A3-StateMachineUpdater] INFO  metrics.RatisMetrics (RatisMetrics.java:unregister(43)) - Unregistering Metrics Registry : ratis.state_machine.67ae471d-b492-4f31-a24b-cc05e6e2b64e@group-2DF9806E95A3
2021-02-14 01:50:10,611 [Listener at 127.0.0.1/42551] INFO  server.RaftServer$Division (ServerState.java:close(405)) - 67ae471d-b492-4f31-a24b-cc05e6e2b64e@group-2DF9806E95A3: closes. applyIndex: 0
2021-02-14 01:50:10,611 [67ae471d-b492-4f31-a24b-cc05e6e2b64e@group-2DF9806E95A3-SegmentedRaftLogWorker] INFO  segmented.SegmentedRaftLogWorker (SegmentedRaftLogWorker.java:run(326)) - 67ae471d-b492-4f31-a24b-cc05e6e2b64e@group-2DF9806E95A3-SegmentedRaftLogWorker was interrupted, exiting. There are 0 tasks remaining in the queue.
2021-02-14 01:50:10,613 [ForkJoinPool.commonPool-worker-1] INFO  server.GrpcService (GrpcService.java:closeImpl(271)) - 2ec71a43-acc1-42a3-b8ca-de3ee762a3c9: shutdown server with port 42675 successfully
2021-02-14 01:50:10,613 [org.apache.ratis.util.JvmPauseMonitor$$Lambda$504/2142442467@22ebe487] INFO  util.JvmPauseMonitor (JvmPauseMonitor.java:run(109)) - JvmPauseMonitor-2ec71a43-acc1-42a3-b8ca-de3ee762a3c9: Stopped
2021-02-14 01:50:10,614 [Listener at 127.0.0.1/42551] INFO  segmented.SegmentedRaftLogWorker (SegmentedRaftLogWorker.java:close(236)) - 67ae471d-b492-4f31-a24b-cc05e6e2b64e@group-2DF9806E95A3-SegmentedRaftLogWorker close()
2021-02-14 01:50:10,615 [Listener at 127.0.0.1/42551] INFO  metrics.RatisMetrics (RatisMetrics.java:unregister(43)) - Unregistering Metrics Registry : ratis.log_worker.67ae471d-b492-4f31-a24b-cc05e6e2b64e@group-2DF9806E95A3
2021-02-14 01:50:10,620 [Listener at 127.0.0.1/42551] INFO  metrics.RatisMetrics (RatisMetrics.java:unregister(43)) - Unregistering Metrics Registry : ratis.leader_election.67ae471d-b492-4f31-a24b-cc05e6e2b64e@group-2DF9806E95A3
2021-02-14 01:50:10,621 [Listener at 127.0.0.1/42551] INFO  metrics.RatisMetrics (RatisMetrics.java:unregister(43)) - Unregistering Metrics Registry : ratis.server.67ae471d-b492-4f31-a24b-cc05e6e2b64e@group-2DF9806E95A3
2021-02-14 01:50:10,621 [Listener at 127.0.0.1/42551] INFO  server.GrpcService (GrpcService.java:closeImpl(262)) - 67ae471d-b492-4f31-a24b-cc05e6e2b64e: shutdown server with port 46819 now
2021-02-14 01:50:10,621 [ForkJoinPool.commonPool-worker-1] INFO  utils.BackgroundService (BackgroundService.java:shutdown(132)) - Shutting down service BlockDeletingService
2021-02-14 01:50:10,635 [Listener at 127.0.0.1/42551] INFO  server.GrpcService (GrpcService.java:closeImpl(271)) - 67ae471d-b492-4f31-a24b-cc05e6e2b64e: shutdown server with port 46819 successfully
2021-02-14 01:50:10,636 [ForkJoinPool.commonPool-worker-1] INFO  statemachine.DatanodeStateMachine (DatanodeStateMachine.java:stopDaemon(470)) - Ozone container server stopped.
2021-02-14 01:50:10,636 [org.apache.ratis.util.JvmPauseMonitor$$Lambda$504/2142442467@6b89bb04] INFO  util.JvmPauseMonitor (JvmPauseMonitor.java:run(109)) - JvmPauseMonitor-67ae471d-b492-4f31-a24b-cc05e6e2b64e: Stopped
2021-02-14 01:50:10,638 [Listener at 127.0.0.1/42551] INFO  utils.BackgroundService (BackgroundService.java:shutdown(132)) - Shutting down service BlockDeletingService
2021-02-14 01:50:10,641 [Listener at 127.0.0.1/42551] INFO  statemachine.DatanodeStateMachine (DatanodeStateMachine.java:stopDaemon(470)) - Ozone container server stopped.
2021-02-14 01:50:10,655 [Listener at 127.0.0.1/42551] INFO  handler.ContextHandler (ContextHandler.java:doStop(1154)) - Stopped o.e.j.w.WebAppContext@46a7b47{hddsDatanode,/,null,STOPPED}{jar:file:/home/user/.m2/repository/org/apache/hadoop/hadoop-hdds-container-service/1.1.0-SNAPSHOT/hadoop-hdds-container-service-1.1.0-SNAPSHOT.jar!/webapps/hddsDatanode}
2021-02-14 01:50:10,655 [Listener at 127.0.0.1/42551] INFO  server.AbstractConnector (AbstractConnector.java:doStop(381)) - Stopped ServerConnector@136ee66d{HTTP/1.1, (http/1.1)}{0.0.0.0:0}
2021-02-14 01:50:10,656 [Listener at 127.0.0.1/42551] INFO  server.session (HouseKeeper.java:stopScavenging(149)) - node0 Stopped scavenging
2021-02-14 01:50:10,656 [Listener at 127.0.0.1/42551] INFO  handler.ContextHandler (ContextHandler.java:doStop(1154)) - Stopped o.e.j.s.ServletContextHandler@48c49c1a{static,/static,jar:file:/home/user/.m2/repository/org/apache/hadoop/hadoop-hdds-container-service/1.1.0-SNAPSHOT/hadoop-hdds-container-service-1.1.0-SNAPSHOT.jar!/webapps/static,STOPPED}
2021-02-14 01:50:10,656 [Listener at 127.0.0.1/42551] INFO  handler.ContextHandler (ContextHandler.java:doStop(1154)) - Stopped o.e.j.s.ServletContextHandler@6da640fe{logs,/logs,file:///github/workspace/mnt/ozone/hadoop-ozone/integration-test/target/log,STOPPED}
2021-02-14 01:50:10,658 [ForkJoinPool.commonPool-worker-1] INFO  handler.ContextHandler (ContextHandler.java:doStop(1154)) - Stopped o.e.j.w.WebAppContext@30012b46{hddsDatanode,/,null,STOPPED}{jar:file:/home/user/.m2/repository/org/apache/hadoop/hadoop-hdds-container-service/1.1.0-SNAPSHOT/hadoop-hdds-container-service-1.1.0-SNAPSHOT.jar!/webapps/hddsDatanode}
2021-02-14 01:50:10,658 [ForkJoinPool.commonPool-worker-1] INFO  server.AbstractConnector (AbstractConnector.java:doStop(381)) - Stopped ServerConnector@4ced03c7{HTTP/1.1, (http/1.1)}{0.0.0.0:0}
2021-02-14 01:50:10,659 [ForkJoinPool.commonPool-worker-1] INFO  server.session (HouseKeeper.java:stopScavenging(149)) - node0 Stopped scavenging
2021-02-14 01:50:10,659 [ForkJoinPool.commonPool-worker-1] INFO  handler.ContextHandler (ContextHandler.java:doStop(1154)) - Stopped o.e.j.s.ServletContextHandler@7fac91fb{static,/static,jar:file:/home/user/.m2/repository/org/apache/hadoop/hadoop-hdds-container-service/1.1.0-SNAPSHOT/hadoop-hdds-container-service-1.1.0-SNAPSHOT.jar!/webapps/static,STOPPED}
2021-02-14 01:50:10,660 [ForkJoinPool.commonPool-worker-1] INFO  handler.ContextHandler (ContextHandler.java:doStop(1154)) - Stopped o.e.j.s.ServletContextHandler@605694dc{logs,/logs,file:///github/workspace/mnt/ozone/hadoop-ozone/integration-test/target/log,STOPPED}
2021-02-14 01:50:10,683 [Datanode State Machine Thread - 0] INFO  statemachine.DatanodeStateMachine (DatanodeStateMachine.java:lambda$startDaemon$0(412)) - Ozone container server started.
2021-02-14 01:50:11,400 [Datanode State Machine Thread - 0] INFO  statemachine.DatanodeStateMachine (DatanodeStateMachine.java:lambda$startDaemon$0(412)) - Ozone container server started.
2021-02-14 01:50:13,929 [Thread-1031] INFO  impl.FollowerState (FollowerState.java:run(133)) - f8feeaac-d8ae-4c99-8c47-cf05d6facd09@group-248E97A0B5F6-FollowerState: change to CANDIDATE, lastRpcElapsedTime:5047527792ns, electionTimeout:5043ms
2021-02-14 01:50:13,929 [Thread-1031] INFO  impl.RoleInfo (RoleInfo.java:shutdownFollowerState(108)) - f8feeaac-d8ae-4c99-8c47-cf05d6facd09: shutdown f8feeaac-d8ae-4c99-8c47-cf05d6facd09@group-248E97A0B5F6-FollowerState
2021-02-14 01:50:13,929 [Thread-1031] INFO  server.RaftServer$Division (RaftServerImpl.java:setRole(284)) - f8feeaac-d8ae-4c99-8c47-cf05d6facd09@group-248E97A0B5F6: changes role from  FOLLOWER to CANDIDATE at term 7 for changeToCandidate
2021-02-14 01:50:13,929 [Thread-1031] INFO  server.RaftServerConfigKeys (ConfUtils.java:logGet(44)) - raft.server.leaderelection.pre-vote = false (custom)
2021-02-14 01:50:13,929 [Thread-1031] INFO  impl.RoleInfo (RoleInfo.java:updateAndGet(130)) - f8feeaac-d8ae-4c99-8c47-cf05d6facd09: start f8feeaac-d8ae-4c99-8c47-cf05d6facd09@group-248E97A0B5F6-LeaderElection48
2021-02-14 01:50:13,935 [f8feeaac-d8ae-4c99-8c47-cf05d6facd09@group-248E97A0B5F6-LeaderElection48] INFO  impl.LeaderElection (LeaderElection.java:askForVotes(307)) - f8feeaac-d8ae-4c99-8c47-cf05d6facd09@group-248E97A0B5F6-LeaderElection48 ELECTION round 0: submit vote requests at term 8 for -1: [2ec71a43-acc1-42a3-b8ca-de3ee762a3c9|rpc:172.17.0.2:42675|priority:0, f8feeaac-d8ae-4c99-8c47-cf05d6facd09|rpc:172.17.0.2:42991|priority:0, 13da2f53-0476-4a03-b606-a9c3a1877f5a|rpc:172.17.0.2:44773|priority:1], old=null
2021-02-14 01:50:13,937 [f8feeaac-d8ae-4c99-8c47-cf05d6facd09@group-248E97A0B5F6-LeaderElection48] INFO  impl.LeaderElection (LogUtils.java:infoOrTrace(137)) - f8feeaac-d8ae-4c99-8c47-cf05d6facd09@group-248E97A0B5F6-LeaderElection48 got exception when requesting votes: java.util.concurrent.ExecutionException: org.apache.ratis.thirdparty.io.grpc.StatusRuntimeException: UNAVAILABLE: io exception
2021-02-14 01:50:13,938 [grpc-default-executor-4] INFO  server.RaftServer$Division (RaftServerImpl.java:requestVote(1025)) - 13da2f53-0476-4a03-b606-a9c3a1877f5a@group-248E97A0B5F6: receive requestVote(ELECTION, f8feeaac-d8ae-4c99-8c47-cf05d6facd09, group-248E97A0B5F6, 8, (t:0, i:0))
2021-02-14 01:50:13,938 [grpc-default-executor-4] INFO  impl.VoteContext (VoteContext.java:log(48)) - 13da2f53-0476-4a03-b606-a9c3a1877f5a@group-248E97A0B5F6-FOLLOWER: reject ELECTION from f8feeaac-d8ae-4c99-8c47-cf05d6facd09: our last entry (t:5, i:1) > candidate's last entry (t:0, i:0)
2021-02-14 01:50:13,938 [grpc-default-executor-4] INFO  server.RaftServer$Division (RaftServerImpl.java:setRole(284)) - 13da2f53-0476-4a03-b606-a9c3a1877f5a@group-248E97A0B5F6: changes role from  FOLLOWER to FOLLOWER at term 8 for candidate:f8feeaac-d8ae-4c99-8c47-cf05d6facd09
2021-02-14 01:50:13,938 [grpc-default-executor-4] INFO  impl.RoleInfo (RoleInfo.java:shutdownFollowerState(108)) - 13da2f53-0476-4a03-b606-a9c3a1877f5a: shutdown 13da2f53-0476-4a03-b606-a9c3a1877f5a@group-248E97A0B5F6-FollowerState
2021-02-14 01:50:13,939 [grpc-default-executor-4] INFO  impl.RoleInfo (RoleInfo.java:updateAndGet(130)) - 13da2f53-0476-4a03-b606-a9c3a1877f5a: start 13da2f53-0476-4a03-b606-a9c3a1877f5a@group-248E97A0B5F6-FollowerState
2021-02-14 01:50:13,939 [Thread-1030] INFO  impl.FollowerState (FollowerState.java:run(142)) - 13da2f53-0476-4a03-b606-a9c3a1877f5a@group-248E97A0B5F6-FollowerState was interrupted: {}
java.lang.InterruptedException: sleep interrupted
	at java.lang.Thread.sleep(Native Method)
	at java.lang.Thread.sleep(Thread.java:340)
	at java.util.concurrent.TimeUnit.sleep(TimeUnit.java:386)
	at org.apache.ratis.util.TimeDuration.sleep(TimeDuration.java:324)
	at org.apache.ratis.util.TimeDuration.sleep(TimeDuration.java:309)
	at org.apache.ratis.server.impl.FollowerState.run(FollowerState.java:117)
2021-02-14 01:50:13,940 [grpc-default-executor-4] INFO  server.RaftServer$Division (RaftServerImpl.java:requestVote(1057)) - 13da2f53-0476-4a03-b606-a9c3a1877f5a@group-248E97A0B5F6 replies to ELECTION vote request: f8feeaac-d8ae-4c99-8c47-cf05d6facd09<-13da2f53-0476-4a03-b606-a9c3a1877f5a#0:FAIL-t8. Peer's state: 13da2f53-0476-4a03-b606-a9c3a1877f5a@group-248E97A0B5F6:t8, leader=null, voted=null, raftlog=13da2f53-0476-4a03-b606-a9c3a1877f5a@group-248E97A0B5F6-SegmentedRaftLog:OPENED:c0,f1,i1, conf=1: [2ec71a43-acc1-42a3-b8ca-de3ee762a3c9|rpc:172.17.0.2:42675|dataStream:|priority:0, f8feeaac-d8ae-4c99-8c47-cf05d6facd09|rpc:172.17.0.2:42991|dataStream:|priority:0, 13da2f53-0476-4a03-b606-a9c3a1877f5a|rpc:172.17.0.2:44773|dataStream:|priority:1], old=null
2021-02-14 01:50:13,941 [f8feeaac-d8ae-4c99-8c47-cf05d6facd09@group-248E97A0B5F6-LeaderElection48] INFO  impl.LeaderElection (LeaderElection.java:logAndReturn(89)) - f8feeaac-d8ae-4c99-8c47-cf05d6facd09@group-248E97A0B5F6-LeaderElection48: ELECTION REJECTED received 1 response(s) and 1 exception(s):
2021-02-14 01:50:13,941 [f8feeaac-d8ae-4c99-8c47-cf05d6facd09@group-248E97A0B5F6-LeaderElection48] INFO  impl.LeaderElection (LeaderElection.java:logAndReturn(93)) -   Response 0: f8feeaac-d8ae-4c99-8c47-cf05d6facd09<-13da2f53-0476-4a03-b606-a9c3a1877f5a#0:FAIL-t8
2021-02-14 01:50:13,941 [f8feeaac-d8ae-4c99-8c47-cf05d6facd09@group-248E97A0B5F6-LeaderElection48] INFO  impl.LeaderElection (LogUtils.java:infoOrTrace(137)) -   Exception 1: java.util.concurrent.ExecutionException: org.apache.ratis.thirdparty.io.grpc.StatusRuntimeException: UNAVAILABLE: io exception
2021-02-14 01:50:13,941 [f8feeaac-d8ae-4c99-8c47-cf05d6facd09@group-248E97A0B5F6-LeaderElection48] INFO  impl.LeaderElection (LeaderElection.java:askForVotes(309)) - f8feeaac-d8ae-4c99-8c47-cf05d6facd09@group-248E97A0B5F6-LeaderElection48 ELECTION round 0: result REJECTED
2021-02-14 01:50:13,941 [f8feeaac-d8ae-4c99-8c47-cf05d6facd09@group-248E97A0B5F6-LeaderElection48] INFO  server.RaftServer$Division (RaftServerImpl.java:setRole(284)) - f8feeaac-d8ae-4c99-8c47-cf05d6facd09@group-248E97A0B5F6: changes role from CANDIDATE to FOLLOWER at term 8 for REJECTED
2021-02-14 01:50:13,941 [f8feeaac-d8ae-4c99-8c47-cf05d6facd09@group-248E97A0B5F6-LeaderElection48] INFO  impl.RoleInfo (RoleInfo.java:shutdownLeaderElection(121)) - f8feeaac-d8ae-4c99-8c47-cf05d6facd09: shutdown f8feeaac-d8ae-4c99-8c47-cf05d6facd09@group-248E97A0B5F6-LeaderElection48
2021-02-14 01:50:13,941 [f8feeaac-d8ae-4c99-8c47-cf05d6facd09@group-248E97A0B5F6-LeaderElection48] INFO  impl.RoleInfo (RoleInfo.java:updateAndGet(130)) - f8feeaac-d8ae-4c99-8c47-cf05d6facd09: start f8feeaac-d8ae-4c99-8c47-cf05d6facd09@group-248E97A0B5F6-FollowerState
2021-02-14 01:50:14,685 [Thread-988] INFO  impl.FollowerState (FollowerState.java:run(133)) - 23cc1cc1-0040-4236-a819-0d718e7e646a@group-2DF9806E95A3-FollowerState: change to CANDIDATE, lastRpcElapsedTime:5208819279ns, electionTimeout:5129ms
2021-02-14 01:50:14,685 [Thread-988] INFO  impl.RoleInfo (RoleInfo.java:shutdownFollowerState(108)) - 23cc1cc1-0040-4236-a819-0d718e7e646a: shutdown 23cc1cc1-0040-4236-a819-0d718e7e646a@group-2DF9806E95A3-FollowerState
2021-02-14 01:50:14,685 [Thread-988] INFO  server.RaftServer$Division (RaftServerImpl.java:setRole(284)) - 23cc1cc1-0040-4236-a819-0d718e7e646a@group-2DF9806E95A3: changes role from  FOLLOWER to CANDIDATE at term 3 for changeToCandidate
2021-02-14 01:50:14,685 [Thread-988] INFO  server.RaftServerConfigKeys (ConfUtils.java:logGet(44)) - raft.server.leaderelection.pre-vote = false (custom)
2021-02-14 01:50:14,685 [Thread-988] INFO  impl.RoleInfo (RoleInfo.java:updateAndGet(130)) - 23cc1cc1-0040-4236-a819-0d718e7e646a: start 23cc1cc1-0040-4236-a819-0d718e7e646a@group-2DF9806E95A3-LeaderElection49
2021-02-14 01:50:14,685 [23cc1cc1-0040-4236-a819-0d718e7e646a@group-2DF9806E95A3-LeaderElection49] INFO  server.RaftServer$Division (ServerState.java:setLeader(271)) - 23cc1cc1-0040-4236-a819-0d718e7e646a@group-2DF9806E95A3: change Leader from 67ae471d-b492-4f31-a24b-cc05e6e2b64e to null at term 3 for ELECTION
2021-02-14 01:50:14,687 [23cc1cc1-0040-4236-a819-0d718e7e646a@group-2DF9806E95A3-LeaderElection49] INFO  impl.LeaderElection (LeaderElection.java:askForVotes(307)) - 23cc1cc1-0040-4236-a819-0d718e7e646a@group-2DF9806E95A3-LeaderElection49 ELECTION round 0: submit vote requests at term 4 for 0: [67ae471d-b492-4f31-a24b-cc05e6e2b64e|rpc:172.17.0.2:46819|dataStream:|priority:1, 23cc1cc1-0040-4236-a819-0d718e7e646a|rpc:172.17.0.2:45489|dataStream:|priority:0, 7f0f79db-cac0-4201-a2ab-ddfae922df70|rpc:172.17.0.2:36067|dataStream:|priority:0], old=null
2021-02-14 01:50:14,689 [grpc-default-executor-4] INFO  server.RaftServer$Division (RaftServerImpl.java:requestVote(1025)) - 7f0f79db-cac0-4201-a2ab-ddfae922df70@group-2DF9806E95A3: receive requestVote(ELECTION, 23cc1cc1-0040-4236-a819-0d718e7e646a, group-2DF9806E95A3, 4, (t:3, i:0))
2021-02-14 01:50:14,689 [grpc-default-executor-4] INFO  impl.VoteContext (VoteContext.java:log(48)) - 7f0f79db-cac0-4201-a2ab-ddfae922df70@group-2DF9806E95A3-FOLLOWER: accept ELECTION from 23cc1cc1-0040-4236-a819-0d718e7e646a: our priority 0 <= candidate's priority 0
2021-02-14 01:50:14,689 [grpc-default-executor-4] INFO  server.RaftServer$Division (ServerState.java:setLeader(271)) - 7f0f79db-cac0-4201-a2ab-ddfae922df70@group-2DF9806E95A3: change Leader from 67ae471d-b492-4f31-a24b-cc05e6e2b64e to null at term 4 for updateCurrentTerm
2021-02-14 01:50:14,689 [grpc-default-executor-4] INFO  server.RaftServer$Division (RaftServerImpl.java:setRole(284)) - 7f0f79db-cac0-4201-a2ab-ddfae922df70@group-2DF9806E95A3: changes role from  FOLLOWER to FOLLOWER at term 4 for candidate:23cc1cc1-0040-4236-a819-0d718e7e646a
2021-02-14 01:50:14,689 [grpc-default-executor-4] INFO  impl.RoleInfo (RoleInfo.java:shutdownFollowerState(108)) - 7f0f79db-cac0-4201-a2ab-ddfae922df70: shutdown 7f0f79db-cac0-4201-a2ab-ddfae922df70@group-2DF9806E95A3-FollowerState
2021-02-14 01:50:14,689 [grpc-default-executor-4] INFO  impl.RoleInfo (RoleInfo.java:updateAndGet(130)) - 7f0f79db-cac0-4201-a2ab-ddfae922df70: start 7f0f79db-cac0-4201-a2ab-ddfae922df70@group-2DF9806E95A3-FollowerState
2021-02-14 01:50:14,690 [Thread-990] INFO  impl.FollowerState (FollowerState.java:run(142)) - 7f0f79db-cac0-4201-a2ab-ddfae922df70@group-2DF9806E95A3-FollowerState was interrupted: {}
java.lang.InterruptedException: sleep interrupted
	at java.lang.Thread.sleep(Native Method)
	at java.lang.Thread.sleep(Thread.java:340)
	at java.util.concurrent.TimeUnit.sleep(TimeUnit.java:386)
	at org.apache.ratis.util.TimeDuration.sleep(TimeDuration.java:324)
	at org.apache.ratis.util.TimeDuration.sleep(TimeDuration.java:309)
	at org.apache.ratis.server.impl.FollowerState.run(FollowerState.java:117)
2021-02-14 01:50:14,691 [grpc-default-executor-4] INFO  server.RaftServer$Division (RaftServerImpl.java:requestVote(1057)) - 7f0f79db-cac0-4201-a2ab-ddfae922df70@group-2DF9806E95A3 replies to ELECTION vote request: 23cc1cc1-0040-4236-a819-0d718e7e646a<-7f0f79db-cac0-4201-a2ab-ddfae922df70#0:OK-t4. Peer's state: 7f0f79db-cac0-4201-a2ab-ddfae922df70@group-2DF9806E95A3:t4, leader=null, voted=23cc1cc1-0040-4236-a819-0d718e7e646a, raftlog=7f0f79db-cac0-4201-a2ab-ddfae922df70@group-2DF9806E95A3-SegmentedRaftLog:OPENED:c0,f0,i0, conf=0: [67ae471d-b492-4f31-a24b-cc05e6e2b64e|rpc:172.17.0.2:46819|dataStream:|priority:1, 23cc1cc1-0040-4236-a819-0d718e7e646a|rpc:172.17.0.2:45489|dataStream:|priority:0, 7f0f79db-cac0-4201-a2ab-ddfae922df70|rpc:172.17.0.2:36067|dataStream:|priority:0], old=null
2021-02-14 01:50:14,693 [23cc1cc1-0040-4236-a819-0d718e7e646a@group-2DF9806E95A3-LeaderElection49] INFO  impl.LeaderElection (LogUtils.java:infoOrTrace(137)) - 23cc1cc1-0040-4236-a819-0d718e7e646a@group-2DF9806E95A3-LeaderElection49 got exception when requesting votes: java.util.concurrent.ExecutionException: org.apache.ratis.thirdparty.io.grpc.StatusRuntimeException: UNAVAILABLE: io exception
2021-02-14 01:50:14,693 [23cc1cc1-0040-4236-a819-0d718e7e646a@group-2DF9806E95A3-LeaderElection49] INFO  impl.LeaderElection (LeaderElection.java:logAndReturn(89)) - 23cc1cc1-0040-4236-a819-0d718e7e646a@group-2DF9806E95A3-LeaderElection49: ELECTION PASSED received 1 response(s) and 1 exception(s):
2021-02-14 01:50:14,693 [23cc1cc1-0040-4236-a819-0d718e7e646a@group-2DF9806E95A3-LeaderElection49] INFO  impl.LeaderElection (LeaderElection.java:logAndReturn(93)) -   Response 0: 23cc1cc1-0040-4236-a819-0d718e7e646a<-7f0f79db-cac0-4201-a2ab-ddfae922df70#0:OK-t4
2021-02-14 01:50:14,693 [23cc1cc1-0040-4236-a819-0d718e7e646a@group-2DF9806E95A3-LeaderElection49] INFO  impl.LeaderElection (LogUtils.java:infoOrTrace(137)) -   Exception 1: java.util.concurrent.ExecutionException: org.apache.ratis.thirdparty.io.grpc.StatusRuntimeException: UNAVAILABLE: io exception
2021-02-14 01:50:14,693 [23cc1cc1-0040-4236-a819-0d718e7e646a@group-2DF9806E95A3-LeaderElection49] INFO  impl.LeaderElection (LeaderElection.java:askForVotes(309)) - 23cc1cc1-0040-4236-a819-0d718e7e646a@group-2DF9806E95A3-LeaderElection49 ELECTION round 0: result PASSED
2021-02-14 01:50:14,693 [23cc1cc1-0040-4236-a819-0d718e7e646a@group-2DF9806E95A3-LeaderElection49] INFO  impl.RoleInfo (RoleInfo.java:shutdownLeaderElection(121)) - 23cc1cc1-0040-4236-a819-0d718e7e646a: shutdown 23cc1cc1-0040-4236-a819-0d718e7e646a@group-2DF9806E95A3-LeaderElection49
2021-02-14 01:50:14,693 [23cc1cc1-0040-4236-a819-0d718e7e646a@group-2DF9806E95A3-LeaderElection49] INFO  server.RaftServer$Division (RaftServerImpl.java:setRole(284)) - 23cc1cc1-0040-4236-a819-0d718e7e646a@group-2DF9806E95A3: changes role from CANDIDATE to LEADER at term 4 for changeToLeader
2021-02-14 01:50:14,693 [23cc1cc1-0040-4236-a819-0d718e7e646a@group-2DF9806E95A3-LeaderElection49] INFO  ratis.XceiverServerRatis (XceiverServerRatis.java:handleLeaderChangedNotification(899)) - Leader change notification received for group: group-2DF9806E95A3 with new leaderId: 23cc1cc1-0040-4236-a819-0d718e7e646a
2021-02-14 01:50:14,693 [23cc1cc1-0040-4236-a819-0d718e7e646a@group-2DF9806E95A3-LeaderElection49] INFO  server.RaftServer$Division (ServerState.java:setLeader(271)) - 23cc1cc1-0040-4236-a819-0d718e7e646a@group-2DF9806E95A3: change Leader from null to 23cc1cc1-0040-4236-a819-0d718e7e646a at term 4 for becomeLeader, leader elected after 7ms
2021-02-14 01:50:14,693 [23cc1cc1-0040-4236-a819-0d718e7e646a@group-2DF9806E95A3-LeaderElection49] INFO  server.RaftServerConfigKeys (ConfUtils.java:logGet(44)) - raft.server.staging.catchup.gap = 1000 (default)
2021-02-14 01:50:14,693 [23cc1cc1-0040-4236-a819-0d718e7e646a@group-2DF9806E95A3-LeaderElection49] INFO  metrics.RatisMetrics (RatisMetrics.java:lambda$create$0(36)) - Creating Metrics Registry : ratis.log_appender.23cc1cc1-0040-4236-a819-0d718e7e646a@group-2DF9806E95A3
2021-02-14 01:50:14,694 [23cc1cc1-0040-4236-a819-0d718e7e646a@group-2DF9806E95A3-LeaderElection49] INFO  server.RaftServerConfigKeys (ConfUtils.java:logGet(44)) - raft.server.write.element-limit = 1024 (custom)
2021-02-14 01:50:14,694 [23cc1cc1-0040-4236-a819-0d718e7e646a@group-2DF9806E95A3-LeaderElection49] INFO  server.RaftServerConfigKeys (ConfUtils.java:logGet(44)) - raft.server.write.byte-limit = 1073741824 (custom)
2021-02-14 01:50:14,694 [23cc1cc1-0040-4236-a819-0d718e7e646a@group-2DF9806E95A3-LeaderElection49] INFO  server.RaftServerConfigKeys (ConfUtils.java:logGet(44)) - raft.server.watch.timeout = 3000ms (custom)
2021-02-14 01:50:14,694 [23cc1cc1-0040-4236-a819-0d718e7e646a@group-2DF9806E95A3-LeaderElection49] INFO  server.RaftServerConfigKeys (ConfUtils.java:logGet(44)) - raft.server.watch.timeout.denomination = 1s (default)
2021-02-14 01:50:14,694 [23cc1cc1-0040-4236-a819-0d718e7e646a@group-2DF9806E95A3-LeaderElection49] INFO  server.RaftServerConfigKeys (ConfUtils.java:logGet(44)) - raft.server.watch.element-limit = 65536 (default)
2021-02-14 01:50:14,694 [23cc1cc1-0040-4236-a819-0d718e7e646a@group-2DF9806E95A3-LeaderElection49] INFO  server.RaftServerConfigKeys (ConfUtils.java:logGet(44)) - raft.server.log.appender.snapshot.chunk.size.max = 16MB (=16777216) (default)
2021-02-14 01:50:14,694 [23cc1cc1-0040-4236-a819-0d718e7e646a@group-2DF9806E95A3-LeaderElection49] INFO  server.RaftServerConfigKeys (ConfUtils.java:logGet(44)) - raft.server.log.appender.buffer.byte-limit = 33554432 (custom)
2021-02-14 01:50:14,694 [23cc1cc1-0040-4236-a819-0d718e7e646a@group-2DF9806E95A3-LeaderElection49] INFO  server.RaftServerConfigKeys (ConfUtils.java:logGet(44)) - raft.server.log.appender.buffer.element-limit = 1 (custom)
2021-02-14 01:50:14,694 [23cc1cc1-0040-4236-a819-0d718e7e646a@group-2DF9806E95A3-LeaderElection49] INFO  grpc.GrpcConfigKeys (ConfUtils.java:logGet(44)) - raft.grpc.server.leader.outstanding.appends.max = 128 (default)
2021-02-14 01:50:14,694 [23cc1cc1-0040-4236-a819-0d718e7e646a@group-2DF9806E95A3-LeaderElection49] INFO  server.RaftServerConfigKeys (ConfUtils.java:logGet(44)) - raft.server.rpc.request.timeout = 3000ms (default)
2021-02-14 01:50:14,694 [23cc1cc1-0040-4236-a819-0d718e7e646a@group-2DF9806E95A3-LeaderElection49] INFO  server.RaftServerConfigKeys (ConfUtils.java:logGet(44)) - raft.server.log.appender.install.snapshot.enabled = false (custom)
2021-02-14 01:50:14,695 [23cc1cc1-0040-4236-a819-0d718e7e646a@group-2DF9806E95A3-LeaderElection49] INFO  metrics.RatisMetrics (RatisMetrics.java:lambda$create$0(36)) - Creating Metrics Registry : ratis_grpc.log_appender.23cc1cc1-0040-4236-a819-0d718e7e646a@group-2DF9806E95A3
2021-02-14 01:50:14,696 [23cc1cc1-0040-4236-a819-0d718e7e646a@group-2DF9806E95A3-LeaderElection49] INFO  server.RaftServerConfigKeys (ConfUtils.java:logGet(44)) - raft.server.log.appender.snapshot.chunk.size.max = 16MB (=16777216) (default)
2021-02-14 01:50:14,696 [23cc1cc1-0040-4236-a819-0d718e7e646a@group-2DF9806E95A3-LeaderElection49] INFO  server.RaftServerConfigKeys (ConfUtils.java:logGet(44)) - raft.server.log.appender.buffer.byte-limit = 33554432 (custom)
2021-02-14 01:50:14,696 [23cc1cc1-0040-4236-a819-0d718e7e646a@group-2DF9806E95A3-LeaderElection49] INFO  server.RaftServerConfigKeys (ConfUtils.java:logGet(44)) - raft.server.log.appender.buffer.element-limit = 1 (custom)
2021-02-14 01:50:14,696 [23cc1cc1-0040-4236-a819-0d718e7e646a@group-2DF9806E95A3-LeaderElection49] INFO  grpc.GrpcConfigKeys (ConfUtils.java:logGet(44)) - raft.grpc.server.leader.outstanding.appends.max = 128 (default)
2021-02-14 01:50:14,696 [23cc1cc1-0040-4236-a819-0d718e7e646a@group-2DF9806E95A3-LeaderElection49] INFO  server.RaftServerConfigKeys (ConfUtils.java:logGet(44)) - raft.server.rpc.request.timeout = 3000ms (default)
2021-02-14 01:50:14,696 [23cc1cc1-0040-4236-a819-0d718e7e646a@group-2DF9806E95A3-LeaderElection49] INFO  server.RaftServerConfigKeys (ConfUtils.java:logGet(44)) - raft.server.log.appender.install.snapshot.enabled = false (custom)
2021-02-14 01:50:14,697 [23cc1cc1-0040-4236-a819-0d718e7e646a@group-2DF9806E95A3-LeaderElection49] INFO  impl.RoleInfo (RoleInfo.java:updateAndGet(130)) - 23cc1cc1-0040-4236-a819-0d718e7e646a: start 23cc1cc1-0040-4236-a819-0d718e7e646a@group-2DF9806E95A3-LeaderStateImpl
2021-02-14 01:50:14,697 [23cc1cc1-0040-4236-a819-0d718e7e646a@group-2DF9806E95A3-LeaderElection49] INFO  segmented.SegmentedRaftLogWorker (SegmentedRaftLogWorker.java:rollLogSegment(397)) - 23cc1cc1-0040-4236-a819-0d718e7e646a@group-2DF9806E95A3-SegmentedRaftLogWorker: Rolling segment log-0_0 to index:0
2021-02-14 01:50:14,698 [23cc1cc1-0040-4236-a819-0d718e7e646a@group-2DF9806E95A3-SegmentedRaftLogWorker] INFO  segmented.SegmentedRaftLogWorker (SegmentedRaftLogWorker.java:execute(556)) - 23cc1cc1-0040-4236-a819-0d718e7e646a@group-2DF9806E95A3-SegmentedRaftLogWorker: Rolled log segment from /github/workspace/mnt/ozone/hadoop-ozone/integration-test/target/test-dir/MiniOzoneClusterImpl-b3eef9e8-6bea-4ca1-9f7b-091cac69c924/datanode-5/data/ratis/d3f2502a-8941-4805-a183-2df9806e95a3/current/log_inprogress_0 to /github/workspace/mnt/ozone/hadoop-ozone/integration-test/target/test-dir/MiniOzoneClusterImpl-b3eef9e8-6bea-4ca1-9f7b-091cac69c924/datanode-5/data/ratis/d3f2502a-8941-4805-a183-2df9806e95a3/current/log_0-0
2021-02-14 01:50:14,699 [23cc1cc1-0040-4236-a819-0d718e7e646a@group-2DF9806E95A3-SegmentedRaftLogWorker] INFO  segmented.SegmentedRaftLogWorker (SegmentedRaftLogWorker.java:execute(599)) - 23cc1cc1-0040-4236-a819-0d718e7e646a@group-2DF9806E95A3-SegmentedRaftLogWorker: created new log segment /github/workspace/mnt/ozone/hadoop-ozone/integration-test/target/test-dir/MiniOzoneClusterImpl-b3eef9e8-6bea-4ca1-9f7b-091cac69c924/datanode-5/data/ratis/d3f2502a-8941-4805-a183-2df9806e95a3/current/log_inprogress_1
2021-02-14 01:50:14,709 [grpc-default-executor-4] WARN  server.GrpcLogAppender (LogUtils.java:warn(122)) - 23cc1cc1-0040-4236-a819-0d718e7e646a@group-2DF9806E95A3->67ae471d-b492-4f31-a24b-cc05e6e2b64e-AppendLogResponseHandler: Failed appendEntries: org.apache.ratis.thirdparty.io.grpc.StatusRuntimeException: UNAVAILABLE: io exception
2021-02-14 01:50:14,710 [23cc1cc1-0040-4236-a819-0d718e7e646a@group-2DF9806E95A3-LeaderElection49] INFO  server.RaftServer$Division (ServerState.java:setRaftConf(373)) - 23cc1cc1-0040-4236-a819-0d718e7e646a@group-2DF9806E95A3: set configuration 1: [67ae471d-b492-4f31-a24b-cc05e6e2b64e|rpc:172.17.0.2:46819|dataStream:|priority:1, 23cc1cc1-0040-4236-a819-0d718e7e646a|rpc:172.17.0.2:45489|dataStream:|priority:0, 7f0f79db-cac0-4201-a2ab-ddfae922df70|rpc:172.17.0.2:36067|dataStream:|priority:0], old=null
2021-02-14 01:50:14,719 [grpc-default-executor-4] WARN  server.GrpcLogAppender (GrpcLogAppender.java:resetClient(111)) - 23cc1cc1-0040-4236-a819-0d718e7e646a@group-2DF9806E95A3->67ae471d-b492-4f31-a24b-cc05e6e2b64e-GrpcLogAppender: Leader has not got in touch with Follower 23cc1cc1-0040-4236-a819-0d718e7e646a@group-2DF9806E95A3->67ae471d-b492-4f31-a24b-cc05e6e2b64e(c-1,m0,n2, attendVote=true, lastRpcSendTime=9, lastRpcResponseTime=5224) yet, just keep nextIndex unchanged and retry.
2021-02-14 01:50:14,721 [grpc-default-executor-4] INFO  ratis.XceiverServerRatis (XceiverServerRatis.java:handleLeaderChangedNotification(899)) - Leader change notification received for group: group-2DF9806E95A3 with new leaderId: 23cc1cc1-0040-4236-a819-0d718e7e646a
2021-02-14 01:50:14,721 [grpc-default-executor-4] INFO  server.RaftServer$Division (ServerState.java:setLeader(271)) - 7f0f79db-cac0-4201-a2ab-ddfae922df70@group-2DF9806E95A3: change Leader from null to 23cc1cc1-0040-4236-a819-0d718e7e646a at term 4 for appendEntries, leader elected after 31ms
2021-02-14 01:50:14,723 [grpc-default-executor-4] INFO  server.RaftServer$Division (ServerState.java:setRaftConf(373)) - 7f0f79db-cac0-4201-a2ab-ddfae922df70@group-2DF9806E95A3: set configuration 1: [67ae471d-b492-4f31-a24b-cc05e6e2b64e|rpc:172.17.0.2:46819|dataStream:|priority:1, 23cc1cc1-0040-4236-a819-0d718e7e646a|rpc:172.17.0.2:45489|dataStream:|priority:0, 7f0f79db-cac0-4201-a2ab-ddfae922df70|rpc:172.17.0.2:36067|dataStream:|priority:0], old=null
2021-02-14 01:50:14,724 [grpc-default-executor-4] INFO  segmented.SegmentedRaftLogWorker (SegmentedRaftLogWorker.java:rollLogSegment(397)) - 7f0f79db-cac0-4201-a2ab-ddfae922df70@group-2DF9806E95A3-SegmentedRaftLogWorker: Rolling segment log-0_0 to index:0
2021-02-14 01:50:14,728 [7f0f79db-cac0-4201-a2ab-ddfae922df70@group-2DF9806E95A3-SegmentedRaftLogWorker] INFO  segmented.SegmentedRaftLogWorker (SegmentedRaftLogWorker.java:execute(556)) - 7f0f79db-cac0-4201-a2ab-ddfae922df70@group-2DF9806E95A3-SegmentedRaftLogWorker: Rolled log segment from /github/workspace/mnt/ozone/hadoop-ozone/integration-test/target/test-dir/MiniOzoneClusterImpl-b3eef9e8-6bea-4ca1-9f7b-091cac69c924/datanode-3/data/ratis/d3f2502a-8941-4805-a183-2df9806e95a3/current/log_inprogress_0 to /github/workspace/mnt/ozone/hadoop-ozone/integration-test/target/test-dir/MiniOzoneClusterImpl-b3eef9e8-6bea-4ca1-9f7b-091cac69c924/datanode-3/data/ratis/d3f2502a-8941-4805-a183-2df9806e95a3/current/log_0-0
2021-02-14 01:50:14,729 [7f0f79db-cac0-4201-a2ab-ddfae922df70@group-2DF9806E95A3-SegmentedRaftLogWorker] INFO  segmented.SegmentedRaftLogWorker (SegmentedRaftLogWorker.java:execute(599)) - 7f0f79db-cac0-4201-a2ab-ddfae922df70@group-2DF9806E95A3-SegmentedRaftLogWorker: created new log segment /github/workspace/mnt/ozone/hadoop-ozone/integration-test/target/test-dir/MiniOzoneClusterImpl-b3eef9e8-6bea-4ca1-9f7b-091cac69c924/datanode-3/data/ratis/d3f2502a-8941-4805-a183-2df9806e95a3/current/log_inprogress_1
2021-02-14 01:50:14,739 [grpc-default-executor-4] WARN  server.GrpcLogAppender (LogUtils.java:warn(122)) - 23cc1cc1-0040-4236-a819-0d718e7e646a@group-2DF9806E95A3->67ae471d-b492-4f31-a24b-cc05e6e2b64e-AppendLogResponseHandler: Failed appendEntries: org.apache.ratis.thirdparty.io.grpc.StatusRuntimeException: UNAVAILABLE: io exception
2021-02-14 01:50:14,739 [grpc-default-executor-4] WARN  server.GrpcLogAppender (GrpcLogAppender.java:resetClient(111)) - 23cc1cc1-0040-4236-a819-0d718e7e646a@group-2DF9806E95A3->67ae471d-b492-4f31-a24b-cc05e6e2b64e-GrpcLogAppender: Leader has not got in touch with Follower 23cc1cc1-0040-4236-a819-0d718e7e646a@group-2DF9806E95A3->67ae471d-b492-4f31-a24b-cc05e6e2b64e(c-1,m0,n3, attendVote=true, lastRpcSendTime=29, lastRpcResponseTime=5244) yet, just keep nextIndex unchanged and retry.
2021-02-14 01:50:15,660 [Listener at 127.0.0.1/42551] INFO  ozoneimpl.OzoneContainer (OzoneContainer.java:stop(273)) - Attempting to stop container services.
2021-02-14 01:50:15,661 [Listener at 127.0.0.1/42551] INFO  server.RaftServer (RaftServerProxy.java:lambda$close$6(391)) - 23cc1cc1-0040-4236-a819-0d718e7e646a: close
2021-02-14 01:50:15,661 [Listener at 127.0.0.1/42551] INFO  server.RaftServer$Division (RaftServerImpl.java:lambda$close$4(406)) - 23cc1cc1-0040-4236-a819-0d718e7e646a@group-B144DF9921B5: shutdown
2021-02-14 01:50:15,661 [Listener at 127.0.0.1/42551] INFO  util.JmxRegister (JmxRegister.java:unregister(73)) - Successfully un-registered JMX Bean with object name Ratis:service=RaftServer,group=group-B144DF9921B5,id=23cc1cc1-0040-4236-a819-0d718e7e646a
2021-02-14 01:50:15,661 [Listener at 127.0.0.1/42551] INFO  impl.RoleInfo (RoleInfo.java:shutdownLeaderState(91)) - 23cc1cc1-0040-4236-a819-0d718e7e646a: shutdown 23cc1cc1-0040-4236-a819-0d718e7e646a@group-B144DF9921B5-LeaderStateImpl
2021-02-14 01:50:15,661 [Listener at 127.0.0.1/42551] INFO  impl.PendingRequests (PendingRequests.java:sendNotLeaderResponses(249)) - 23cc1cc1-0040-4236-a819-0d718e7e646a@group-B144DF9921B5-PendingRequests: sendNotLeaderResponses
2021-02-14 01:50:15,662 [Listener at 127.0.0.1/42551] INFO  metrics.RatisMetrics (RatisMetrics.java:unregister(43)) - Unregistering Metrics Registry : ratis.log_appender.23cc1cc1-0040-4236-a819-0d718e7e646a@group-B144DF9921B5
2021-02-14 01:50:15,662 [Listener at 127.0.0.1/42551] INFO  metrics.RatisMetrics (RatisMetrics.java:unregister(43)) - Unregistering Metrics Registry : ratis.server.23cc1cc1-0040-4236-a819-0d718e7e646a@group-B144DF9921B5
2021-02-14 01:50:15,663 [ForkJoinPool.commonPool-worker-1] INFO  ozoneimpl.OzoneContainer (OzoneContainer.java:stop(273)) - Attempting to stop container services.
2021-02-14 01:50:15,663 [23cc1cc1-0040-4236-a819-0d718e7e646a@group-B144DF9921B5-StateMachineUpdater] INFO  ratis.ContainerStateMachine (ContainerStateMachine.java:takeSnapshot(291)) - group-B144DF9921B5: Taking a snapshot at:(t:1, i:0) file /github/workspace/mnt/ozone/hadoop-ozone/integration-test/target/test-dir/MiniOzoneClusterImpl-b3eef9e8-6bea-4ca1-9f7b-091cac69c924/datanode-5/data/ratis/32a2fa4b-0613-47fd-a4d9-b144df9921b5/sm/snapshot.1_0
2021-02-14 01:50:15,664 [ForkJoinPool.commonPool-worker-1] INFO  server.RaftServer (RaftServerProxy.java:lambda$close$6(391)) - 7f0f79db-cac0-4201-a2ab-ddfae922df70: close
2021-02-14 01:50:15,664 [Listener at 127.0.0.1/42551] INFO  impl.StateMachineUpdater (StateMachineUpdater.java:stopAndJoin(148)) - 23cc1cc1-0040-4236-a819-0d718e7e646a@group-B144DF9921B5-StateMachineUpdater: set stopIndex = 0
2021-02-14 01:50:15,664 [ForkJoinPool.commonPool-worker-1] INFO  server.RaftServer$Division (RaftServerImpl.java:lambda$close$4(406)) - 7f0f79db-cac0-4201-a2ab-ddfae922df70@group-43522AE5BFCA: shutdown
2021-02-14 01:50:15,664 [ForkJoinPool.commonPool-worker-1] INFO  util.JmxRegister (JmxRegister.java:unregister(73)) - Successfully un-registered JMX Bean with object name Ratis:service=RaftServer,group=group-43522AE5BFCA,id=7f0f79db-cac0-4201-a2ab-ddfae922df70
2021-02-14 01:50:15,664 [ForkJoinPool.commonPool-worker-1] INFO  impl.RoleInfo (RoleInfo.java:shutdownLeaderState(91)) - 7f0f79db-cac0-4201-a2ab-ddfae922df70: shutdown 7f0f79db-cac0-4201-a2ab-ddfae922df70@group-43522AE5BFCA-LeaderStateImpl
2021-02-14 01:50:15,665 [23cc1cc1-0040-4236-a819-0d718e7e646a@group-B144DF9921B5-StateMachineUpdater] INFO  ratis.ContainerStateMachine (ContainerStateMachine.java:takeSnapshot(302)) - group-B144DF9921B5: Finished taking a snapshot at:(t:1, i:0) file:/github/workspace/mnt/ozone/hadoop-ozone/integration-test/target/test-dir/MiniOzoneClusterImpl-b3eef9e8-6bea-4ca1-9f7b-091cac69c924/datanode-5/data/ratis/32a2fa4b-0613-47fd-a4d9-b144df9921b5/sm/snapshot.1_0 took: 1 ms
2021-02-14 01:50:15,665 [ForkJoinPool.commonPool-worker-1] INFO  impl.PendingRequests (PendingRequests.java:sendNotLeaderResponses(249)) - 7f0f79db-cac0-4201-a2ab-ddfae922df70@group-43522AE5BFCA-PendingRequests: sendNotLeaderResponses
2021-02-14 01:50:15,665 [23cc1cc1-0040-4236-a819-0d718e7e646a@group-B144DF9921B5-StateMachineUpdater] INFO  impl.StateMachineUpdater (StateMachineUpdater.java:takeSnapshot(279)) - 23cc1cc1-0040-4236-a819-0d718e7e646a@group-B144DF9921B5-StateMachineUpdater: Took a snapshot at index 0
2021-02-14 01:50:15,665 [23cc1cc1-0040-4236-a819-0d718e7e646a@group-B144DF9921B5-StateMachineUpdater] INFO  impl.StateMachineUpdater (StateMachineUpdater.java:lambda$new$0(88)) - 23cc1cc1-0040-4236-a819-0d718e7e646a@group-B144DF9921B5-StateMachineUpdater: snapshotIndex: updateIncreasingly -1 -> 0
2021-02-14 01:50:15,665 [ForkJoinPool.commonPool-worker-1] INFO  metrics.RatisMetrics (RatisMetrics.java:unregister(43)) - Unregistering Metrics Registry : ratis.log_appender.7f0f79db-cac0-4201-a2ab-ddfae922df70@group-43522AE5BFCA
2021-02-14 01:50:15,665 [23cc1cc1-0040-4236-a819-0d718e7e646a@group-B144DF9921B5-StateMachineUpdater] INFO  metrics.RatisMetrics (RatisMetrics.java:unregister(43)) - Unregistering Metrics Registry : ratis.state_machine.23cc1cc1-0040-4236-a819-0d718e7e646a@group-B144DF9921B5
2021-02-14 01:50:15,665 [ForkJoinPool.commonPool-worker-1] INFO  metrics.RatisMetrics (RatisMetrics.java:unregister(43)) - Unregistering Metrics Registry : ratis.server.7f0f79db-cac0-4201-a2ab-ddfae922df70@group-43522AE5BFCA
2021-02-14 01:50:15,666 [ForkJoinPool.commonPool-worker-1] INFO  impl.StateMachineUpdater (StateMachineUpdater.java:stopAndJoin(148)) - 7f0f79db-cac0-4201-a2ab-ddfae922df70@group-43522AE5BFCA-StateMachineUpdater: set stopIndex = 0
2021-02-14 01:50:15,666 [Listener at 127.0.0.1/42551] INFO  server.RaftServer$Division (ServerState.java:close(405)) - 23cc1cc1-0040-4236-a819-0d718e7e646a@group-B144DF9921B5: closes. applyIndex: 0
2021-02-14 01:50:15,667 [7f0f79db-cac0-4201-a2ab-ddfae922df70@group-43522AE5BFCA-StateMachineUpdater] INFO  ratis.ContainerStateMachine (ContainerStateMachine.java:takeSnapshot(291)) - group-43522AE5BFCA: Taking a snapshot at:(t:1, i:0) file /github/workspace/mnt/ozone/hadoop-ozone/integration-test/target/test-dir/MiniOzoneClusterImpl-b3eef9e8-6bea-4ca1-9f7b-091cac69c924/datanode-3/data/ratis/4183d737-3a04-4f60-a92d-43522ae5bfca/sm/snapshot.1_0
2021-02-14 01:50:15,667 [23cc1cc1-0040-4236-a819-0d718e7e646a@group-B144DF9921B5-SegmentedRaftLogWorker] INFO  segmented.SegmentedRaftLogWorker (SegmentedRaftLogWorker.java:run(326)) - 23cc1cc1-0040-4236-a819-0d718e7e646a@group-B144DF9921B5-SegmentedRaftLogWorker was interrupted, exiting. There are 0 tasks remaining in the queue.
2021-02-14 01:50:15,668 [7f0f79db-cac0-4201-a2ab-ddfae922df70@group-43522AE5BFCA-StateMachineUpdater] INFO  ratis.ContainerStateMachine (ContainerStateMachine.java:takeSnapshot(302)) - group-43522AE5BFCA: Finished taking a snapshot at:(t:1, i:0) file:/github/workspace/mnt/ozone/hadoop-ozone/integration-test/target/test-dir/MiniOzoneClusterImpl-b3eef9e8-6bea-4ca1-9f7b-091cac69c924/datanode-3/data/ratis/4183d737-3a04-4f60-a92d-43522ae5bfca/sm/snapshot.1_0 took: 1 ms
2021-02-14 01:50:15,668 [Listener at 127.0.0.1/42551] INFO  segmented.SegmentedRaftLogWorker (SegmentedRaftLogWorker.java:close(236)) - 23cc1cc1-0040-4236-a819-0d718e7e646a@group-B144DF9921B5-SegmentedRaftLogWorker close()
2021-02-14 01:50:15,669 [Listener at 127.0.0.1/42551] INFO  metrics.RatisMetrics (RatisMetrics.java:unregister(43)) - Unregistering Metrics Registry : ratis.log_worker.23cc1cc1-0040-4236-a819-0d718e7e646a@group-B144DF9921B5
2021-02-14 01:50:15,669 [7f0f79db-cac0-4201-a2ab-ddfae922df70@group-43522AE5BFCA-StateMachineUpdater] INFO  impl.StateMachineUpdater (StateMachineUpdater.java:takeSnapshot(279)) - 7f0f79db-cac0-4201-a2ab-ddfae922df70@group-43522AE5BFCA-StateMachineUpdater: Took a snapshot at index 0
2021-02-14 01:50:15,670 [7f0f79db-cac0-4201-a2ab-ddfae922df70@group-43522AE5BFCA-StateMachineUpdater] INFO  impl.StateMachineUpdater (StateMachineUpdater.java:lambda$new$0(88)) - 7f0f79db-cac0-4201-a2ab-ddfae922df70@group-43522AE5BFCA-StateMachineUpdater: snapshotIndex: updateIncreasingly -1 -> 0
2021-02-14 01:50:15,670 [7f0f79db-cac0-4201-a2ab-ddfae922df70@group-43522AE5BFCA-StateMachineUpdater] INFO  metrics.RatisMetrics (RatisMetrics.java:unregister(43)) - Unregistering Metrics Registry : ratis.state_machine.7f0f79db-cac0-4201-a2ab-ddfae922df70@group-43522AE5BFCA
2021-02-14 01:50:15,670 [ForkJoinPool.commonPool-worker-1] INFO  server.RaftServer$Division (ServerState.java:close(405)) - 7f0f79db-cac0-4201-a2ab-ddfae922df70@group-43522AE5BFCA: closes. applyIndex: 0
2021-02-14 01:50:15,670 [7f0f79db-cac0-4201-a2ab-ddfae922df70@group-43522AE5BFCA-SegmentedRaftLogWorker] INFO  segmented.SegmentedRaftLogWorker (SegmentedRaftLogWorker.java:run(326)) - 7f0f79db-cac0-4201-a2ab-ddfae922df70@group-43522AE5BFCA-SegmentedRaftLogWorker was interrupted, exiting. There are 0 tasks remaining in the queue.
2021-02-14 01:50:15,671 [Listener at 127.0.0.1/42551] INFO  metrics.RatisMetrics (RatisMetrics.java:unregister(43)) - Unregistering Metrics Registry : ratis.leader_election.23cc1cc1-0040-4236-a819-0d718e7e646a@group-B144DF9921B5
2021-02-14 01:50:15,671 [Listener at 127.0.0.1/42551] INFO  metrics.RatisMetrics (RatisMetrics.java:unregister(43)) - Unregistering Metrics Registry : ratis.server.23cc1cc1-0040-4236-a819-0d718e7e646a@group-B144DF9921B5
2021-02-14 01:50:15,672 [Listener at 127.0.0.1/42551] INFO  server.RaftServer$Division (RaftServerImpl.java:lambda$close$4(406)) - 23cc1cc1-0040-4236-a819-0d718e7e646a@group-2DF9806E95A3: shutdown
2021-02-14 01:50:15,672 [Listener at 127.0.0.1/42551] INFO  util.JmxRegister (JmxRegister.java:unregister(73)) - Successfully un-registered JMX Bean with object name Ratis:service=RaftServer,group=group-2DF9806E95A3,id=23cc1cc1-0040-4236-a819-0d718e7e646a
2021-02-14 01:50:15,672 [Listener at 127.0.0.1/42551] INFO  impl.RoleInfo (RoleInfo.java:shutdownLeaderState(91)) - 23cc1cc1-0040-4236-a819-0d718e7e646a: shutdown 23cc1cc1-0040-4236-a819-0d718e7e646a@group-2DF9806E95A3-LeaderStateImpl
2021-02-14 01:50:15,673 [Listener at 127.0.0.1/42551] INFO  metrics.RatisMetrics (RatisMetrics.java:unregister(43)) - Unregistering Metrics Registry : ratis_grpc.log_appender.23cc1cc1-0040-4236-a819-0d718e7e646a@group-2DF9806E95A3
2021-02-14 01:50:15,672 [ForkJoinPool.commonPool-worker-1] INFO  segmented.SegmentedRaftLogWorker (SegmentedRaftLogWorker.java:close(236)) - 7f0f79db-cac0-4201-a2ab-ddfae922df70@group-43522AE5BFCA-SegmentedRaftLogWorker close()
2021-02-14 01:50:15,673 [Listener at 127.0.0.1/42551] INFO  metrics.RatisMetrics (RatisMetrics.java:unregister(43)) - Unregistering Metrics Registry : ratis_grpc.log_appender.23cc1cc1-0040-4236-a819-0d718e7e646a@group-2DF9806E95A3
2021-02-14 01:50:15,674 [Listener at 127.0.0.1/42551] INFO  impl.PendingRequests (PendingRequests.java:sendNotLeaderResponses(249)) - 23cc1cc1-0040-4236-a819-0d718e7e646a@group-2DF9806E95A3-PendingRequests: sendNotLeaderResponses
2021-02-14 01:50:15,673 [ForkJoinPool.commonPool-worker-1] INFO  metrics.RatisMetrics (RatisMetrics.java:unregister(43)) - Unregistering Metrics Registry : ratis.log_worker.7f0f79db-cac0-4201-a2ab-ddfae922df70@group-43522AE5BFCA
2021-02-14 01:50:15,674 [ForkJoinPool.commonPool-worker-1] INFO  metrics.RatisMetrics (RatisMetrics.java:unregister(43)) - Unregistering Metrics Registry : ratis.leader_election.7f0f79db-cac0-4201-a2ab-ddfae922df70@group-43522AE5BFCA
2021-02-14 01:50:15,674 [ForkJoinPool.commonPool-worker-1] INFO  metrics.RatisMetrics (RatisMetrics.java:unregister(43)) - Unregistering Metrics Registry : ratis.server.7f0f79db-cac0-4201-a2ab-ddfae922df70@group-43522AE5BFCA
2021-02-14 01:50:15,674 [ForkJoinPool.commonPool-worker-1] INFO  server.RaftServer$Division (RaftServerImpl.java:lambda$close$4(406)) - 7f0f79db-cac0-4201-a2ab-ddfae922df70@group-2DF9806E95A3: shutdown
2021-02-14 01:50:15,674 [ForkJoinPool.commonPool-worker-1] INFO  util.JmxRegister (JmxRegister.java:unregister(73)) - Successfully un-registered JMX Bean with object name Ratis:service=RaftServer,group=group-2DF9806E95A3,id=7f0f79db-cac0-4201-a2ab-ddfae922df70
2021-02-14 01:50:15,674 [ForkJoinPool.commonPool-worker-1] INFO  impl.RoleInfo (RoleInfo.java:shutdownFollowerState(108)) - 7f0f79db-cac0-4201-a2ab-ddfae922df70: shutdown 7f0f79db-cac0-4201-a2ab-ddfae922df70@group-2DF9806E95A3-FollowerState
2021-02-14 01:50:15,674 [23cc1cc1-0040-4236-a819-0d718e7e646a@group-2DF9806E95A3->7f0f79db-cac0-4201-a2ab-ddfae922df70-GrpcLogAppender-LogAppenderDaemon] WARN  server.GrpcLogAppender (GrpcLogAppender.java:mayWait(175)) - 23cc1cc1-0040-4236-a819-0d718e7e646a@group-2DF9806E95A3->7f0f79db-cac0-4201-a2ab-ddfae922df70-GrpcLogAppender: Wait interrupted by java.lang.InterruptedException
2021-02-14 01:50:15,675 [Thread-1047] INFO  impl.FollowerState (FollowerState.java:run(142)) - 7f0f79db-cac0-4201-a2ab-ddfae922df70@group-2DF9806E95A3-FollowerState was interrupted: {}
java.lang.InterruptedException: sleep interrupted
	at java.lang.Thread.sleep(Native Method)
	at java.lang.Thread.sleep(Thread.java:340)
	at java.util.concurrent.TimeUnit.sleep(TimeUnit.java:386)
	at org.apache.ratis.util.TimeDuration.sleep(TimeDuration.java:324)
	at org.apache.ratis.util.TimeDuration.sleep(TimeDuration.java:309)
	at org.apache.ratis.server.impl.FollowerState.run(FollowerState.java:117)
2021-02-14 01:50:15,675 [7f0f79db-cac0-4201-a2ab-ddfae922df70@group-2DF9806E95A3-StateMachineUpdater] INFO  ratis.ContainerStateMachine (ContainerStateMachine.java:takeSnapshot(291)) - group-2DF9806E95A3: Taking a snapshot at:(t:4, i:1) file /github/workspace/mnt/ozone/hadoop-ozone/integration-test/target/test-dir/MiniOzoneClusterImpl-b3eef9e8-6bea-4ca1-9f7b-091cac69c924/datanode-3/data/ratis/d3f2502a-8941-4805-a183-2df9806e95a3/sm/snapshot.4_1
2021-02-14 01:50:15,675 [ForkJoinPool.commonPool-worker-1] INFO  impl.StateMachineUpdater (StateMachineUpdater.java:stopAndJoin(148)) - 7f0f79db-cac0-4201-a2ab-ddfae922df70@group-2DF9806E95A3-StateMachineUpdater: set stopIndex = 1
2021-02-14 01:50:15,676 [7f0f79db-cac0-4201-a2ab-ddfae922df70@group-2DF9806E95A3-StateMachineUpdater] INFO  ratis.ContainerStateMachine (ContainerStateMachine.java:takeSnapshot(302)) - group-2DF9806E95A3: Finished taking a snapshot at:(t:4, i:1) file:/github/workspace/mnt/ozone/hadoop-ozone/integration-test/target/test-dir/MiniOzoneClusterImpl-b3eef9e8-6bea-4ca1-9f7b-091cac69c924/datanode-3/data/ratis/d3f2502a-8941-4805-a183-2df9806e95a3/sm/snapshot.4_1 took: 2 ms
2021-02-14 01:50:15,676 [7f0f79db-cac0-4201-a2ab-ddfae922df70@group-2DF9806E95A3-StateMachineUpdater] INFO  impl.StateMachineUpdater (StateMachineUpdater.java:takeSnapshot(279)) - 7f0f79db-cac0-4201-a2ab-ddfae922df70@group-2DF9806E95A3-StateMachineUpdater: Took a snapshot at index 1
2021-02-14 01:50:15,676 [7f0f79db-cac0-4201-a2ab-ddfae922df70@group-2DF9806E95A3-StateMachineUpdater] INFO  impl.StateMachineUpdater (StateMachineUpdater.java:lambda$new$0(88)) - 7f0f79db-cac0-4201-a2ab-ddfae922df70@group-2DF9806E95A3-StateMachineUpdater: snapshotIndex: updateIncreasingly -1 -> 1
2021-02-14 01:50:15,676 [7f0f79db-cac0-4201-a2ab-ddfae922df70@group-2DF9806E95A3-StateMachineUpdater] INFO  metrics.RatisMetrics (RatisMetrics.java:unregister(43)) - Unregistering Metrics Registry : ratis.state_machine.7f0f79db-cac0-4201-a2ab-ddfae922df70@group-2DF9806E95A3
2021-02-14 01:50:15,677 [grpc-default-executor-2] INFO  server.GrpcServerProtocolService (GrpcServerProtocolService.java:onCompleted(138)) - 7f0f79db-cac0-4201-a2ab-ddfae922df70: Completed APPEND_ENTRIES, lastRequest: 23cc1cc1-0040-4236-a819-0d718e7e646a->7f0f79db-cac0-4201-a2ab-ddfae922df70#2-t4,previous=(t:4, i:1),leaderCommit=1,initializing? true,entries: size=1, first=(t:4, i:2), METADATAENTRY(c:1)
2021-02-14 01:50:15,677 [grpc-default-executor-4] INFO  server.GrpcLogAppender (GrpcLogAppender.java:onCompleted(344)) - 23cc1cc1-0040-4236-a819-0d718e7e646a@group-2DF9806E95A3->7f0f79db-cac0-4201-a2ab-ddfae922df70-AppendLogResponseHandler: follower responses appendEntries COMPLETED
2021-02-14 01:50:15,677 [grpc-default-executor-4] INFO  leader.FollowerInfo (FollowerInfoImpl.java:lambda$new$0(46)) - 23cc1cc1-0040-4236-a819-0d718e7e646a@group-2DF9806E95A3->7f0f79db-cac0-4201-a2ab-ddfae922df70: nextIndex: updateUnconditionally 3 -> 2
2021-02-14 01:50:15,678 [ForkJoinPool.commonPool-worker-1] INFO  server.RaftServer$Division (ServerState.java:close(405)) - 7f0f79db-cac0-4201-a2ab-ddfae922df70@group-2DF9806E95A3: closes. applyIndex: 1
2021-02-14 01:50:15,678 [7f0f79db-cac0-4201-a2ab-ddfae922df70@group-2DF9806E95A3-SegmentedRaftLogWorker] INFO  segmented.SegmentedRaftLogWorker (SegmentedRaftLogWorker.java:run(326)) - 7f0f79db-cac0-4201-a2ab-ddfae922df70@group-2DF9806E95A3-SegmentedRaftLogWorker was interrupted, exiting. There are 0 tasks remaining in the queue.
2021-02-14 01:50:15,679 [ForkJoinPool.commonPool-worker-1] INFO  segmented.SegmentedRaftLogWorker (SegmentedRaftLogWorker.java:close(236)) - 7f0f79db-cac0-4201-a2ab-ddfae922df70@group-2DF9806E95A3-SegmentedRaftLogWorker close()
2021-02-14 01:50:15,679 [Listener at 127.0.0.1/42551] INFO  metrics.RatisMetrics (RatisMetrics.java:unregister(43)) - Unregistering Metrics Registry : ratis.log_appender.23cc1cc1-0040-4236-a819-0d718e7e646a@group-2DF9806E95A3
2021-02-14 01:50:15,679 [Listener at 127.0.0.1/42551] INFO  metrics.RatisMetrics (RatisMetrics.java:unregister(43)) - Unregistering Metrics Registry : ratis.server.23cc1cc1-0040-4236-a819-0d718e7e646a@group-2DF9806E95A3
2021-02-14 01:50:15,680 [Listener at 127.0.0.1/42551] INFO  impl.StateMachineUpdater (StateMachineUpdater.java:stopAndJoin(148)) - 23cc1cc1-0040-4236-a819-0d718e7e646a@group-2DF9806E95A3-StateMachineUpdater: set stopIndex = 2
2021-02-14 01:50:15,680 [23cc1cc1-0040-4236-a819-0d718e7e646a@group-2DF9806E95A3-StateMachineUpdater] INFO  ratis.ContainerStateMachine (ContainerStateMachine.java:takeSnapshot(291)) - group-2DF9806E95A3: Taking a snapshot at:(t:4, i:2) file /github/workspace/mnt/ozone/hadoop-ozone/integration-test/target/test-dir/MiniOzoneClusterImpl-b3eef9e8-6bea-4ca1-9f7b-091cac69c924/datanode-5/data/ratis/d3f2502a-8941-4805-a183-2df9806e95a3/sm/snapshot.4_2
2021-02-14 01:50:15,680 [ForkJoinPool.commonPool-worker-1] INFO  metrics.RatisMetrics (RatisMetrics.java:unregister(43)) - Unregistering Metrics Registry : ratis.log_worker.7f0f79db-cac0-4201-a2ab-ddfae922df70@group-2DF9806E95A3
2021-02-14 01:50:15,681 [ForkJoinPool.commonPool-worker-1] INFO  metrics.RatisMetrics (RatisMetrics.java:unregister(43)) - Unregistering Metrics Registry : ratis.leader_election.7f0f79db-cac0-4201-a2ab-ddfae922df70@group-2DF9806E95A3
2021-02-14 01:50:15,681 [ForkJoinPool.commonPool-worker-1] INFO  metrics.RatisMetrics (RatisMetrics.java:unregister(43)) - Unregistering Metrics Registry : ratis.server.7f0f79db-cac0-4201-a2ab-ddfae922df70@group-2DF9806E95A3
2021-02-14 01:50:15,681 [ForkJoinPool.commonPool-worker-1] INFO  server.GrpcService (GrpcService.java:closeImpl(262)) - 7f0f79db-cac0-4201-a2ab-ddfae922df70: shutdown server with port 36067 now
2021-02-14 01:50:15,681 [23cc1cc1-0040-4236-a819-0d718e7e646a@group-2DF9806E95A3-StateMachineUpdater] INFO  ratis.ContainerStateMachine (ContainerStateMachine.java:takeSnapshot(302)) - group-2DF9806E95A3: Finished taking a snapshot at:(t:4, i:2) file:/github/workspace/mnt/ozone/hadoop-ozone/integration-test/target/test-dir/MiniOzoneClusterImpl-b3eef9e8-6bea-4ca1-9f7b-091cac69c924/datanode-5/data/ratis/d3f2502a-8941-4805-a183-2df9806e95a3/sm/snapshot.4_2 took: 2 ms
2021-02-14 01:50:15,681 [23cc1cc1-0040-4236-a819-0d718e7e646a@group-2DF9806E95A3-StateMachineUpdater] INFO  impl.StateMachineUpdater (StateMachineUpdater.java:takeSnapshot(279)) - 23cc1cc1-0040-4236-a819-0d718e7e646a@group-2DF9806E95A3-StateMachineUpdater: Took a snapshot at index 2
2021-02-14 01:50:15,681 [23cc1cc1-0040-4236-a819-0d718e7e646a@group-2DF9806E95A3-StateMachineUpdater] INFO  impl.StateMachineUpdater (StateMachineUpdater.java:lambda$new$0(88)) - 23cc1cc1-0040-4236-a819-0d718e7e646a@group-2DF9806E95A3-StateMachineUpdater: snapshotIndex: updateIncreasingly -1 -> 2
2021-02-14 01:50:15,682 [23cc1cc1-0040-4236-a819-0d718e7e646a@group-2DF9806E95A3-StateMachineUpdater] INFO  metrics.RatisMetrics (RatisMetrics.java:unregister(43)) - Unregistering Metrics Registry : ratis.state_machine.23cc1cc1-0040-4236-a819-0d718e7e646a@group-2DF9806E95A3
2021-02-14 01:50:15,683 [Listener at 127.0.0.1/42551] INFO  server.RaftServer$Division (ServerState.java:close(405)) - 23cc1cc1-0040-4236-a819-0d718e7e646a@group-2DF9806E95A3: closes. applyIndex: 2
2021-02-14 01:50:15,684 [23cc1cc1-0040-4236-a819-0d718e7e646a@group-2DF9806E95A3-SegmentedRaftLogWorker] INFO  segmented.SegmentedRaftLogWorker (SegmentedRaftLogWorker.java:run(326)) - 23cc1cc1-0040-4236-a819-0d718e7e646a@group-2DF9806E95A3-SegmentedRaftLogWorker was interrupted, exiting. There are 0 tasks remaining in the queue.
2021-02-14 01:50:15,685 [ForkJoinPool.commonPool-worker-1] INFO  server.GrpcService (GrpcService.java:closeImpl(271)) - 7f0f79db-cac0-4201-a2ab-ddfae922df70: shutdown server with port 36067 successfully
2021-02-14 01:50:15,685 [org.apache.ratis.util.JvmPauseMonitor$$Lambda$504/2142442467@d296b32] INFO  util.JvmPauseMonitor (JvmPauseMonitor.java:run(109)) - JvmPauseMonitor-7f0f79db-cac0-4201-a2ab-ddfae922df70: Stopped
2021-02-14 01:50:15,685 [Listener at 127.0.0.1/42551] INFO  segmented.SegmentedRaftLogWorker (SegmentedRaftLogWorker.java:close(236)) - 23cc1cc1-0040-4236-a819-0d718e7e646a@group-2DF9806E95A3-SegmentedRaftLogWorker close()
2021-02-14 01:50:15,686 [Listener at 127.0.0.1/42551] INFO  metrics.RatisMetrics (RatisMetrics.java:unregister(43)) - Unregistering Metrics Registry : ratis.log_worker.23cc1cc1-0040-4236-a819-0d718e7e646a@group-2DF9806E95A3
2021-02-14 01:50:15,687 [Listener at 127.0.0.1/42551] INFO  metrics.RatisMetrics (RatisMetrics.java:unregister(43)) - Unregistering Metrics Registry : ratis.leader_election.23cc1cc1-0040-4236-a819-0d718e7e646a@group-2DF9806E95A3
2021-02-14 01:50:15,687 [Listener at 127.0.0.1/42551] INFO  metrics.RatisMetrics (RatisMetrics.java:unregister(43)) - Unregistering Metrics Registry : ratis.server.23cc1cc1-0040-4236-a819-0d718e7e646a@group-2DF9806E95A3
2021-02-14 01:50:15,687 [Listener at 127.0.0.1/42551] INFO  server.GrpcService (GrpcService.java:closeImpl(262)) - 23cc1cc1-0040-4236-a819-0d718e7e646a: shutdown server with port 45489 now
2021-02-14 01:50:15,688 [ForkJoinPool.commonPool-worker-1] INFO  utils.BackgroundService (BackgroundService.java:shutdown(132)) - Shutting down service BlockDeletingService
2021-02-14 01:50:15,690 [Listener at 127.0.0.1/42551] INFO  server.GrpcService (GrpcService.java:closeImpl(271)) - 23cc1cc1-0040-4236-a819-0d718e7e646a: shutdown server with port 45489 successfully
2021-02-14 01:50:15,690 [org.apache.ratis.util.JvmPauseMonitor$$Lambda$504/2142442467@3fa94f12] INFO  util.JvmPauseMonitor (JvmPauseMonitor.java:run(109)) - JvmPauseMonitor-23cc1cc1-0040-4236-a819-0d718e7e646a: Stopped
2021-02-14 01:50:15,692 [Listener at 127.0.0.1/42551] INFO  utils.BackgroundService (BackgroundService.java:shutdown(132)) - Shutting down service BlockDeletingService
2021-02-14 01:50:15,693 [ForkJoinPool.commonPool-worker-1] INFO  statemachine.DatanodeStateMachine (DatanodeStateMachine.java:stopDaemon(470)) - Ozone container server stopped.
2021-02-14 01:50:15,703 [Listener at 127.0.0.1/42551] INFO  statemachine.DatanodeStateMachine (DatanodeStateMachine.java:stopDaemon(470)) - Ozone container server stopped.
2021-02-14 01:50:15,706 [ForkJoinPool.commonPool-worker-1] INFO  handler.ContextHandler (ContextHandler.java:doStop(1154)) - Stopped o.e.j.w.WebAppContext@54e9d42e{hddsDatanode,/,null,STOPPED}{jar:file:/home/user/.m2/repository/org/apache/hadoop/hadoop-hdds-container-service/1.1.0-SNAPSHOT/hadoop-hdds-container-service-1.1.0-SNAPSHOT.jar!/webapps/hddsDatanode}
2021-02-14 01:50:15,707 [ForkJoinPool.commonPool-worker-1] INFO  server.AbstractConnector (AbstractConnector.java:doStop(381)) - Stopped ServerConnector@23943a02{HTTP/1.1, (http/1.1)}{0.0.0.0:0}
2021-02-14 01:50:15,707 [ForkJoinPool.commonPool-worker-1] INFO  server.session (HouseKeeper.java:stopScavenging(149)) - node0 Stopped scavenging
2021-02-14 01:50:15,708 [ForkJoinPool.commonPool-worker-1] INFO  handler.ContextHandler (ContextHandler.java:doStop(1154)) - Stopped o.e.j.s.ServletContextHandler@11972f4a{static,/static,jar:file:/home/user/.m2/repository/org/apache/hadoop/hadoop-hdds-container-service/1.1.0-SNAPSHOT/hadoop-hdds-container-service-1.1.0-SNAPSHOT.jar!/webapps/static,STOPPED}
2021-02-14 01:50:15,710 [ForkJoinPool.commonPool-worker-1] INFO  handler.ContextHandler (ContextHandler.java:doStop(1154)) - Stopped o.e.j.s.ServletContextHandler@52757583{logs,/logs,file:///github/workspace/mnt/ozone/hadoop-ozone/integration-test/target/log,STOPPED}
2021-02-14 01:50:15,715 [Listener at 127.0.0.1/42551] INFO  handler.ContextHandler (ContextHandler.java:doStop(1154)) - Stopped o.e.j.w.WebAppContext@668d6dc7{hddsDatanode,/,null,STOPPED}{jar:file:/home/user/.m2/repository/org/apache/hadoop/hadoop-hdds-container-service/1.1.0-SNAPSHOT/hadoop-hdds-container-service-1.1.0-SNAPSHOT.jar!/webapps/hddsDatanode}
2021-02-14 01:50:15,715 [Listener at 127.0.0.1/42551] INFO  server.AbstractConnector (AbstractConnector.java:doStop(381)) - Stopped ServerConnector@4daa4a5a{HTTP/1.1, (http/1.1)}{0.0.0.0:0}
2021-02-14 01:50:15,715 [Listener at 127.0.0.1/42551] INFO  server.session (HouseKeeper.java:stopScavenging(149)) - node0 Stopped scavenging
2021-02-14 01:50:15,716 [Listener at 127.0.0.1/42551] INFO  handler.ContextHandler (ContextHandler.java:doStop(1154)) - Stopped o.e.j.s.ServletContextHandler@49c50140{static,/static,jar:file:/home/user/.m2/repository/org/apache/hadoop/hadoop-hdds-container-service/1.1.0-SNAPSHOT/hadoop-hdds-container-service-1.1.0-SNAPSHOT.jar!/webapps/static,STOPPED}
2021-02-14 01:50:15,716 [Listener at 127.0.0.1/42551] INFO  handler.ContextHandler (ContextHandler.java:doStop(1154)) - Stopped o.e.j.s.ServletContextHandler@473a66a0{logs,/logs,file:///github/workspace/mnt/ozone/hadoop-ozone/integration-test/target/log,STOPPED}
2021-02-14 01:50:16,151 [Datanode State Machine Thread - 0] INFO  statemachine.DatanodeStateMachine (DatanodeStateMachine.java:lambda$startDaemon$0(412)) - Ozone container server started.
2021-02-14 01:50:16,574 [Datanode State Machine Thread - 0] INFO  statemachine.DatanodeStateMachine (DatanodeStateMachine.java:lambda$startDaemon$0(412)) - Ozone container server started.
2021-02-14 01:50:19,036 [Thread-1042] INFO  impl.FollowerState (FollowerState.java:run(133)) - 13da2f53-0476-4a03-b606-a9c3a1877f5a@group-248E97A0B5F6-FollowerState: change to CANDIDATE, lastRpcElapsedTime:5097868112ns, electionTimeout:5097ms
2021-02-14 01:50:19,037 [Thread-1042] INFO  impl.RoleInfo (RoleInfo.java:shutdownFollowerState(108)) - 13da2f53-0476-4a03-b606-a9c3a1877f5a: shutdown 13da2f53-0476-4a03-b606-a9c3a1877f5a@group-248E97A0B5F6-FollowerState
2021-02-14 01:50:19,037 [Thread-1042] INFO  server.RaftServer$Division (RaftServerImpl.java:setRole(284)) - 13da2f53-0476-4a03-b606-a9c3a1877f5a@group-248E97A0B5F6: changes role from  FOLLOWER to CANDIDATE at term 8 for changeToCandidate
2021-02-14 01:50:19,037 [Thread-1042] INFO  server.RaftServerConfigKeys (ConfUtils.java:logGet(44)) - raft.server.leaderelection.pre-vote = false (custom)
2021-02-14 01:50:19,037 [Thread-1042] INFO  impl.RoleInfo (RoleInfo.java:updateAndGet(130)) - 13da2f53-0476-4a03-b606-a9c3a1877f5a: start 13da2f53-0476-4a03-b606-a9c3a1877f5a@group-248E97A0B5F6-LeaderElection50
2021-02-14 01:50:19,039 [13da2f53-0476-4a03-b606-a9c3a1877f5a@group-248E97A0B5F6-LeaderElection50] INFO  impl.LeaderElection (LeaderElection.java:askForVotes(307)) - 13da2f53-0476-4a03-b606-a9c3a1877f5a@group-248E97A0B5F6-LeaderElection50 ELECTION round 0: submit vote requests at term 9 for 1: [2ec71a43-acc1-42a3-b8ca-de3ee762a3c9|rpc:172.17.0.2:42675|dataStream:|priority:0, f8feeaac-d8ae-4c99-8c47-cf05d6facd09|rpc:172.17.0.2:42991|dataStream:|priority:0, 13da2f53-0476-4a03-b606-a9c3a1877f5a|rpc:172.17.0.2:44773|dataStream:|priority:1], old=null
2021-02-14 01:50:19,043 [13da2f53-0476-4a03-b606-a9c3a1877f5a@group-248E97A0B5F6-LeaderElection50] INFO  impl.LeaderElection (LogUtils.java:infoOrTrace(137)) - 13da2f53-0476-4a03-b606-a9c3a1877f5a@group-248E97A0B5F6-LeaderElection50 got exception when requesting votes: java.util.concurrent.ExecutionException: org.apache.ratis.thirdparty.io.grpc.StatusRuntimeException: UNAVAILABLE: io exception
2021-02-14 01:50:19,044 [grpc-default-executor-2] INFO  server.RaftServer$Division (RaftServerImpl.java:requestVote(1025)) - f8feeaac-d8ae-4c99-8c47-cf05d6facd09@group-248E97A0B5F6: receive requestVote(ELECTION, 13da2f53-0476-4a03-b606-a9c3a1877f5a, group-248E97A0B5F6, 9, (t:5, i:1))
2021-02-14 01:50:19,044 [grpc-default-executor-2] INFO  impl.VoteContext (VoteContext.java:log(48)) - f8feeaac-d8ae-4c99-8c47-cf05d6facd09@group-248E97A0B5F6-FOLLOWER: accept ELECTION from 13da2f53-0476-4a03-b606-a9c3a1877f5a: our last entry null < candidate's last entry (t:5, i:1)
2021-02-14 01:50:19,044 [grpc-default-executor-2] INFO  server.RaftServer$Division (RaftServerImpl.java:setRole(284)) - f8feeaac-d8ae-4c99-8c47-cf05d6facd09@group-248E97A0B5F6: changes role from  FOLLOWER to FOLLOWER at term 9 for candidate:13da2f53-0476-4a03-b606-a9c3a1877f5a
2021-02-14 01:50:19,044 [grpc-default-executor-2] INFO  impl.RoleInfo (RoleInfo.java:shutdownFollowerState(108)) - f8feeaac-d8ae-4c99-8c47-cf05d6facd09: shutdown f8feeaac-d8ae-4c99-8c47-cf05d6facd09@group-248E97A0B5F6-FollowerState
2021-02-14 01:50:19,044 [grpc-default-executor-2] INFO  impl.RoleInfo (RoleInfo.java:updateAndGet(130)) - f8feeaac-d8ae-4c99-8c47-cf05d6facd09: start f8feeaac-d8ae-4c99-8c47-cf05d6facd09@group-248E97A0B5F6-FollowerState
2021-02-14 01:50:19,044 [Thread-1043] INFO  impl.FollowerState (FollowerState.java:run(142)) - f8feeaac-d8ae-4c99-8c47-cf05d6facd09@group-248E97A0B5F6-FollowerState was interrupted: {}
java.lang.InterruptedException: sleep interrupted
	at java.lang.Thread.sleep(Native Method)
	at java.lang.Thread.sleep(Thread.java:340)
	at java.util.concurrent.TimeUnit.sleep(TimeUnit.java:386)
	at org.apache.ratis.util.TimeDuration.sleep(TimeDuration.java:324)
	at org.apache.ratis.util.TimeDuration.sleep(TimeDuration.java:309)
	at org.apache.ratis.server.impl.FollowerState.run(FollowerState.java:117)
2021-02-14 01:50:19,045 [grpc-default-executor-2] INFO  server.RaftServer$Division (RaftServerImpl.java:requestVote(1057)) - f8feeaac-d8ae-4c99-8c47-cf05d6facd09@group-248E97A0B5F6 replies to ELECTION vote request: 13da2f53-0476-4a03-b606-a9c3a1877f5a<-f8feeaac-d8ae-4c99-8c47-cf05d6facd09#0:OK-t9. Peer's state: f8feeaac-d8ae-4c99-8c47-cf05d6facd09@group-248E97A0B5F6:t9, leader=null, voted=13da2f53-0476-4a03-b606-a9c3a1877f5a, raftlog=f8feeaac-d8ae-4c99-8c47-cf05d6facd09@group-248E97A0B5F6-SegmentedRaftLog:OPENED:c-1,f-1,i0, conf=-1: [2ec71a43-acc1-42a3-b8ca-de3ee762a3c9|rpc:172.17.0.2:42675|priority:0, f8feeaac-d8ae-4c99-8c47-cf05d6facd09|rpc:172.17.0.2:42991|priority:0, 13da2f53-0476-4a03-b606-a9c3a1877f5a|rpc:172.17.0.2:44773|priority:1], old=null
2021-02-14 01:50:19,048 [13da2f53-0476-4a03-b606-a9c3a1877f5a@group-248E97A0B5F6-LeaderElection50] INFO  impl.LeaderElection (LeaderElection.java:logAndReturn(89)) - 13da2f53-0476-4a03-b606-a9c3a1877f5a@group-248E97A0B5F6-LeaderElection50: ELECTION PASSED received 1 response(s) and 1 exception(s):
2021-02-14 01:50:19,048 [13da2f53-0476-4a03-b606-a9c3a1877f5a@group-248E97A0B5F6-LeaderElection50] INFO  impl.LeaderElection (LeaderElection.java:logAndReturn(93)) -   Response 0: 13da2f53-0476-4a03-b606-a9c3a1877f5a<-f8feeaac-d8ae-4c99-8c47-cf05d6facd09#0:OK-t9
2021-02-14 01:50:19,048 [13da2f53-0476-4a03-b606-a9c3a1877f5a@group-248E97A0B5F6-LeaderElection50] INFO  impl.LeaderElection (LogUtils.java:infoOrTrace(137)) -   Exception 1: java.util.concurrent.ExecutionException: org.apache.ratis.thirdparty.io.grpc.StatusRuntimeException: UNAVAILABLE: io exception
2021-02-14 01:50:19,048 [13da2f53-0476-4a03-b606-a9c3a1877f5a@group-248E97A0B5F6-LeaderElection50] INFO  impl.LeaderElection (LeaderElection.java:askForVotes(309)) - 13da2f53-0476-4a03-b606-a9c3a1877f5a@group-248E97A0B5F6-LeaderElection50 ELECTION round 0: result PASSED
2021-02-14 01:50:19,048 [13da2f53-0476-4a03-b606-a9c3a1877f5a@group-248E97A0B5F6-LeaderElection50] INFO  impl.RoleInfo (RoleInfo.java:shutdownLeaderElection(121)) - 13da2f53-0476-4a03-b606-a9c3a1877f5a: shutdown 13da2f53-0476-4a03-b606-a9c3a1877f5a@group-248E97A0B5F6-LeaderElection50
2021-02-14 01:50:19,048 [13da2f53-0476-4a03-b606-a9c3a1877f5a@group-248E97A0B5F6-LeaderElection50] INFO  server.RaftServer$Division (RaftServerImpl.java:setRole(284)) - 13da2f53-0476-4a03-b606-a9c3a1877f5a@group-248E97A0B5F6: changes role from CANDIDATE to LEADER at term 9 for changeToLeader
2021-02-14 01:50:19,048 [13da2f53-0476-4a03-b606-a9c3a1877f5a@group-248E97A0B5F6-LeaderElection50] INFO  ratis.XceiverServerRatis (XceiverServerRatis.java:handleLeaderChangedNotification(899)) - Leader change notification received for group: group-248E97A0B5F6 with new leaderId: 13da2f53-0476-4a03-b606-a9c3a1877f5a
2021-02-14 01:50:19,049 [13da2f53-0476-4a03-b606-a9c3a1877f5a@group-248E97A0B5F6-LeaderElection50] INFO  server.RaftServer$Division (ServerState.java:setLeader(271)) - 13da2f53-0476-4a03-b606-a9c3a1877f5a@group-248E97A0B5F6: change Leader from null to 13da2f53-0476-4a03-b606-a9c3a1877f5a at term 9 for becomeLeader, leader elected after 15236ms
2021-02-14 01:50:19,053 [13da2f53-0476-4a03-b606-a9c3a1877f5a@group-248E97A0B5F6-LeaderElection50] INFO  server.RaftServerConfigKeys (ConfUtils.java:logGet(44)) - raft.server.staging.catchup.gap = 1000 (default)
2021-02-14 01:50:19,053 [13da2f53-0476-4a03-b606-a9c3a1877f5a@group-248E97A0B5F6-LeaderElection50] INFO  metrics.RatisMetrics (RatisMetrics.java:lambda$create$0(36)) - Creating Metrics Registry : ratis.log_appender.13da2f53-0476-4a03-b606-a9c3a1877f5a@group-248E97A0B5F6
2021-02-14 01:50:19,053 [13da2f53-0476-4a03-b606-a9c3a1877f5a@group-248E97A0B5F6-LeaderElection50] INFO  server.RaftServerConfigKeys (ConfUtils.java:logGet(44)) - raft.server.write.element-limit = 1024 (custom)
2021-02-14 01:50:19,053 [13da2f53-0476-4a03-b606-a9c3a1877f5a@group-248E97A0B5F6-LeaderElection50] INFO  server.RaftServerConfigKeys (ConfUtils.java:logGet(44)) - raft.server.write.byte-limit = 1073741824 (custom)
2021-02-14 01:50:19,054 [13da2f53-0476-4a03-b606-a9c3a1877f5a@group-248E97A0B5F6-LeaderElection50] INFO  server.RaftServerConfigKeys (ConfUtils.java:logGet(44)) - raft.server.watch.timeout = 3000ms (custom)
2021-02-14 01:50:19,054 [13da2f53-0476-4a03-b606-a9c3a1877f5a@group-248E97A0B5F6-LeaderElection50] INFO  server.RaftServerConfigKeys (ConfUtils.java:logGet(44)) - raft.server.watch.timeout.denomination = 1s (default)
2021-02-14 01:50:19,054 [13da2f53-0476-4a03-b606-a9c3a1877f5a@group-248E97A0B5F6-LeaderElection50] INFO  server.RaftServerConfigKeys (ConfUtils.java:logGet(44)) - raft.server.watch.element-limit = 65536 (default)
2021-02-14 01:50:19,054 [13da2f53-0476-4a03-b606-a9c3a1877f5a@group-248E97A0B5F6-LeaderElection50] INFO  server.RaftServerConfigKeys (ConfUtils.java:logGet(44)) - raft.server.log.appender.snapshot.chunk.size.max = 16MB (=16777216) (default)
2021-02-14 01:50:19,054 [13da2f53-0476-4a03-b606-a9c3a1877f5a@group-248E97A0B5F6-LeaderElection50] INFO  server.RaftServerConfigKeys (ConfUtils.java:logGet(44)) - raft.server.log.appender.buffer.byte-limit = 33554432 (custom)
2021-02-14 01:50:19,054 [13da2f53-0476-4a03-b606-a9c3a1877f5a@group-248E97A0B5F6-LeaderElection50] INFO  server.RaftServerConfigKeys (ConfUtils.java:logGet(44)) - raft.server.log.appender.buffer.element-limit = 1 (custom)
2021-02-14 01:50:19,054 [13da2f53-0476-4a03-b606-a9c3a1877f5a@group-248E97A0B5F6-LeaderElection50] INFO  grpc.GrpcConfigKeys (ConfUtils.java:logGet(44)) - raft.grpc.server.leader.outstanding.appends.max = 128 (default)
2021-02-14 01:50:19,054 [13da2f53-0476-4a03-b606-a9c3a1877f5a@group-248E97A0B5F6-LeaderElection50] INFO  server.RaftServerConfigKeys (ConfUtils.java:logGet(44)) - raft.server.rpc.request.timeout = 3000ms (default)
2021-02-14 01:50:19,054 [13da2f53-0476-4a03-b606-a9c3a1877f5a@group-248E97A0B5F6-LeaderElection50] INFO  server.RaftServerConfigKeys (ConfUtils.java:logGet(44)) - raft.server.log.appender.install.snapshot.enabled = false (custom)
2021-02-14 01:50:19,055 [13da2f53-0476-4a03-b606-a9c3a1877f5a@group-248E97A0B5F6-LeaderElection50] INFO  metrics.RatisMetrics (RatisMetrics.java:lambda$create$0(36)) - Creating Metrics Registry : ratis_grpc.log_appender.13da2f53-0476-4a03-b606-a9c3a1877f5a@group-248E97A0B5F6
2021-02-14 01:50:19,055 [13da2f53-0476-4a03-b606-a9c3a1877f5a@group-248E97A0B5F6-LeaderElection50] INFO  server.RaftServerConfigKeys (ConfUtils.java:logGet(44)) - raft.server.log.appender.snapshot.chunk.size.max = 16MB (=16777216) (default)
2021-02-14 01:50:19,056 [13da2f53-0476-4a03-b606-a9c3a1877f5a@group-248E97A0B5F6-LeaderElection50] INFO  server.RaftServerConfigKeys (ConfUtils.java:logGet(44)) - raft.server.log.appender.buffer.byte-limit = 33554432 (custom)
2021-02-14 01:50:19,056 [13da2f53-0476-4a03-b606-a9c3a1877f5a@group-248E97A0B5F6-LeaderElection50] INFO  server.RaftServerConfigKeys (ConfUtils.java:logGet(44)) - raft.server.log.appender.buffer.element-limit = 1 (custom)
2021-02-14 01:50:19,056 [13da2f53-0476-4a03-b606-a9c3a1877f5a@group-248E97A0B5F6-LeaderElection50] INFO  grpc.GrpcConfigKeys (ConfUtils.java:logGet(44)) - raft.grpc.server.leader.outstanding.appends.max = 128 (default)
2021-02-14 01:50:19,056 [13da2f53-0476-4a03-b606-a9c3a1877f5a@group-248E97A0B5F6-LeaderElection50] INFO  server.RaftServerConfigKeys (ConfUtils.java:logGet(44)) - raft.server.rpc.request.timeout = 3000ms (default)
2021-02-14 01:50:19,056 [13da2f53-0476-4a03-b606-a9c3a1877f5a@group-248E97A0B5F6-LeaderElection50] INFO  server.RaftServerConfigKeys (ConfUtils.java:logGet(44)) - raft.server.log.appender.install.snapshot.enabled = false (custom)
2021-02-14 01:50:19,057 [13da2f53-0476-4a03-b606-a9c3a1877f5a@group-248E97A0B5F6-LeaderElection50] INFO  impl.RoleInfo (RoleInfo.java:updateAndGet(130)) - 13da2f53-0476-4a03-b606-a9c3a1877f5a: start 13da2f53-0476-4a03-b606-a9c3a1877f5a@group-248E97A0B5F6-LeaderStateImpl
2021-02-14 01:50:19,057 [13da2f53-0476-4a03-b606-a9c3a1877f5a@group-248E97A0B5F6-LeaderElection50] INFO  segmented.SegmentedRaftLogWorker (SegmentedRaftLogWorker.java:rollLogSegment(397)) - 13da2f53-0476-4a03-b606-a9c3a1877f5a@group-248E97A0B5F6-SegmentedRaftLogWorker: Rolling segment log-1_1 to index:1
2021-02-14 01:50:19,057 [13da2f53-0476-4a03-b606-a9c3a1877f5a@group-248E97A0B5F6-SegmentedRaftLogWorker] INFO  segmented.SegmentedRaftLogWorker (SegmentedRaftLogWorker.java:execute(556)) - 13da2f53-0476-4a03-b606-a9c3a1877f5a@group-248E97A0B5F6-SegmentedRaftLogWorker: Rolled log segment from /github/workspace/mnt/ozone/hadoop-ozone/integration-test/target/test-dir/MiniOzoneClusterImpl-b3eef9e8-6bea-4ca1-9f7b-091cac69c924/datanode-1/data/ratis/12b43190-c0bf-432e-b224-248e97a0b5f6/current/log_inprogress_1 to /github/workspace/mnt/ozone/hadoop-ozone/integration-test/target/test-dir/MiniOzoneClusterImpl-b3eef9e8-6bea-4ca1-9f7b-091cac69c924/datanode-1/data/ratis/12b43190-c0bf-432e-b224-248e97a0b5f6/current/log_1-1
2021-02-14 01:50:19,059 [13da2f53-0476-4a03-b606-a9c3a1877f5a@group-248E97A0B5F6-SegmentedRaftLogWorker] INFO  segmented.SegmentedRaftLogWorker (SegmentedRaftLogWorker.java:execute(599)) - 13da2f53-0476-4a03-b606-a9c3a1877f5a@group-248E97A0B5F6-SegmentedRaftLogWorker: created new log segment /github/workspace/mnt/ozone/hadoop-ozone/integration-test/target/test-dir/MiniOzoneClusterImpl-b3eef9e8-6bea-4ca1-9f7b-091cac69c924/datanode-1/data/ratis/12b43190-c0bf-432e-b224-248e97a0b5f6/current/log_inprogress_2
2021-02-14 01:50:19,059 [13da2f53-0476-4a03-b606-a9c3a1877f5a@group-248E97A0B5F6-LeaderElection50] INFO  server.RaftServer$Division (ServerState.java:setRaftConf(373)) - 13da2f53-0476-4a03-b606-a9c3a1877f5a@group-248E97A0B5F6: set configuration 2: [2ec71a43-acc1-42a3-b8ca-de3ee762a3c9|rpc:172.17.0.2:42675|dataStream:|priority:0, f8feeaac-d8ae-4c99-8c47-cf05d6facd09|rpc:172.17.0.2:42991|dataStream:|priority:0, 13da2f53-0476-4a03-b606-a9c3a1877f5a|rpc:172.17.0.2:44773|dataStream:|priority:1], old=null
2021-02-14 01:50:19,086 [grpc-default-executor-2] WARN  server.GrpcLogAppender (LogUtils.java:warn(122)) - 13da2f53-0476-4a03-b606-a9c3a1877f5a@group-248E97A0B5F6->2ec71a43-acc1-42a3-b8ca-de3ee762a3c9-AppendLogResponseHandler: Failed appendEntries: org.apache.ratis.thirdparty.io.grpc.StatusRuntimeException: UNAVAILABLE: io exception
2021-02-14 01:50:19,102 [grpc-default-executor-3] INFO  ratis.XceiverServerRatis (XceiverServerRatis.java:handleLeaderChangedNotification(899)) - Leader change notification received for group: group-248E97A0B5F6 with new leaderId: 13da2f53-0476-4a03-b606-a9c3a1877f5a
2021-02-14 01:50:19,102 [grpc-default-executor-3] INFO  server.RaftServer$Division (ServerState.java:setLeader(271)) - f8feeaac-d8ae-4c99-8c47-cf05d6facd09@group-248E97A0B5F6: change Leader from null to 13da2f53-0476-4a03-b606-a9c3a1877f5a at term 9 for appendEntries, leader elected after 15281ms
2021-02-14 01:50:19,103 [grpc-default-executor-3] INFO  server.RaftServer$Division (RaftServerImpl.java:checkInconsistentAppendEntries(1301)) - f8feeaac-d8ae-4c99-8c47-cf05d6facd09@group-248E97A0B5F6: Failed appendEntries as previous log entry ((t:5, i:1)) is not found
2021-02-14 01:50:19,103 [grpc-default-executor-3] INFO  server.RaftServer$Division (RaftServerImpl.java:checkInconsistentAppendEntries(1267)) - f8feeaac-d8ae-4c99-8c47-cf05d6facd09@group-248E97A0B5F6: inconsistency entries. Reply:13da2f53-0476-4a03-b606-a9c3a1877f5a<-f8feeaac-d8ae-4c99-8c47-cf05d6facd09#0:FAIL-t9,INCONSISTENCY,nextIndex=1,followerCommit=-1
2021-02-14 01:50:19,103 [grpc-default-executor-3] INFO  server.RaftServer$Division (RaftServerImpl.java:checkInconsistentAppendEntries(1301)) - f8feeaac-d8ae-4c99-8c47-cf05d6facd09@group-248E97A0B5F6: Failed appendEntries as previous log entry ((t:5, i:1)) is not found
2021-02-14 01:50:19,104 [grpc-default-executor-3] INFO  server.RaftServer$Division (RaftServerImpl.java:checkInconsistentAppendEntries(1267)) - f8feeaac-d8ae-4c99-8c47-cf05d6facd09@group-248E97A0B5F6: inconsistency entries. Reply:13da2f53-0476-4a03-b606-a9c3a1877f5a<-f8feeaac-d8ae-4c99-8c47-cf05d6facd09#1:FAIL-t9,INCONSISTENCY,nextIndex=1,followerCommit=-1
2021-02-14 01:50:19,104 [grpc-default-executor-4] INFO  leader.FollowerInfo (FollowerInfoImpl.java:lambda$new$0(46)) - 13da2f53-0476-4a03-b606-a9c3a1877f5a@group-248E97A0B5F6->f8feeaac-d8ae-4c99-8c47-cf05d6facd09: nextIndex: updateUnconditionally 3 -> 1
2021-02-14 01:50:19,104 [grpc-default-executor-2] WARN  server.GrpcLogAppender (GrpcLogAppender.java:resetClient(111)) - 13da2f53-0476-4a03-b606-a9c3a1877f5a@group-248E97A0B5F6->2ec71a43-acc1-42a3-b8ca-de3ee762a3c9-GrpcLogAppender: Leader has not got in touch with Follower 13da2f53-0476-4a03-b606-a9c3a1877f5a@group-248E97A0B5F6->2ec71a43-acc1-42a3-b8ca-de3ee762a3c9(c-1,m0,n3, attendVote=true, lastRpcSendTime=0, lastRpcResponseTime=5250) yet, just keep nextIndex unchanged and retry.
2021-02-14 01:50:19,105 [grpc-default-executor-4] INFO  server.RaftServer$Division (RaftServerImpl.java:checkInconsistentAppendEntries(1301)) - f8feeaac-d8ae-4c99-8c47-cf05d6facd09@group-248E97A0B5F6: Failed appendEntries as previous log entry ((t:1, i:0)) is not found
2021-02-14 01:50:19,105 [grpc-default-executor-4] INFO  server.RaftServer$Division (RaftServerImpl.java:checkInconsistentAppendEntries(1267)) - f8feeaac-d8ae-4c99-8c47-cf05d6facd09@group-248E97A0B5F6: inconsistency entries. Reply:13da2f53-0476-4a03-b606-a9c3a1877f5a<-f8feeaac-d8ae-4c99-8c47-cf05d6facd09#2:FAIL-t9,INCONSISTENCY,nextIndex=0,followerCommit=-1
2021-02-14 01:50:19,106 [grpc-default-executor-2] INFO  leader.FollowerInfo (FollowerInfoImpl.java:lambda$new$0(46)) - 13da2f53-0476-4a03-b606-a9c3a1877f5a@group-248E97A0B5F6->f8feeaac-d8ae-4c99-8c47-cf05d6facd09: nextIndex: updateUnconditionally 3 -> 1
2021-02-14 01:50:19,107 [grpc-default-executor-4] INFO  server.RaftServer$Division (RaftServerImpl.java:checkInconsistentAppendEntries(1301)) - f8feeaac-d8ae-4c99-8c47-cf05d6facd09@group-248E97A0B5F6: Failed appendEntries as previous log entry ((t:5, i:1)) is not found
2021-02-14 01:50:19,107 [grpc-default-executor-4] INFO  server.RaftServer$Division (RaftServerImpl.java:checkInconsistentAppendEntries(1267)) - f8feeaac-d8ae-4c99-8c47-cf05d6facd09@group-248E97A0B5F6: inconsistency entries. Reply:13da2f53-0476-4a03-b606-a9c3a1877f5a<-f8feeaac-d8ae-4c99-8c47-cf05d6facd09#3:FAIL-t9,INCONSISTENCY,nextIndex=1,followerCommit=-1
2021-02-14 01:50:19,107 [grpc-default-executor-2] INFO  leader.FollowerInfo (FollowerInfoImpl.java:lambda$new$0(46)) - 13da2f53-0476-4a03-b606-a9c3a1877f5a@group-248E97A0B5F6->f8feeaac-d8ae-4c99-8c47-cf05d6facd09: nextIndex: updateUnconditionally 3 -> 0
2021-02-14 01:50:19,107 [grpc-default-executor-2] INFO  leader.FollowerInfo (FollowerInfoImpl.java:lambda$new$0(46)) - 13da2f53-0476-4a03-b606-a9c3a1877f5a@group-248E97A0B5F6->f8feeaac-d8ae-4c99-8c47-cf05d6facd09: nextIndex: updateUnconditionally 2 -> 1
2021-02-14 01:50:19,108 [grpc-default-executor-4] INFO  server.RaftServer$Division (RaftServerImpl.java:checkInconsistentAppendEntries(1301)) - f8feeaac-d8ae-4c99-8c47-cf05d6facd09@group-248E97A0B5F6: Failed appendEntries as previous log entry ((t:1, i:0)) is not found
2021-02-14 01:50:19,108 [grpc-default-executor-4] INFO  server.RaftServer$Division (RaftServerImpl.java:checkInconsistentAppendEntries(1267)) - f8feeaac-d8ae-4c99-8c47-cf05d6facd09@group-248E97A0B5F6: inconsistency entries. Reply:13da2f53-0476-4a03-b606-a9c3a1877f5a<-f8feeaac-d8ae-4c99-8c47-cf05d6facd09#4:FAIL-t9,INCONSISTENCY,nextIndex=0,followerCommit=-1
2021-02-14 01:50:19,108 [grpc-default-executor-2] INFO  leader.FollowerInfo (FollowerInfoImpl.java:lambda$new$0(46)) - 13da2f53-0476-4a03-b606-a9c3a1877f5a@group-248E97A0B5F6->f8feeaac-d8ae-4c99-8c47-cf05d6facd09: nextIndex: updateUnconditionally 3 -> 0
2021-02-14 01:50:19,108 [grpc-default-executor-4] INFO  server.RaftServer$Division (RaftServerImpl.java:checkInconsistentAppendEntries(1301)) - f8feeaac-d8ae-4c99-8c47-cf05d6facd09@group-248E97A0B5F6: Failed appendEntries as previous log entry ((t:5, i:1)) is not found
2021-02-14 01:50:19,109 [grpc-default-executor-4] INFO  server.RaftServer$Division (RaftServerImpl.java:checkInconsistentAppendEntries(1267)) - f8feeaac-d8ae-4c99-8c47-cf05d6facd09@group-248E97A0B5F6: inconsistency entries. Reply:13da2f53-0476-4a03-b606-a9c3a1877f5a<-f8feeaac-d8ae-4c99-8c47-cf05d6facd09#5:FAIL-t9,INCONSISTENCY,nextIndex=1,followerCommit=-1
2021-02-14 01:50:19,109 [grpc-default-executor-2] INFO  leader.FollowerInfo (FollowerInfoImpl.java:lambda$new$0(46)) - 13da2f53-0476-4a03-b606-a9c3a1877f5a@group-248E97A0B5F6->f8feeaac-d8ae-4c99-8c47-cf05d6facd09: nextIndex: updateUnconditionally 3 -> 1
2021-02-14 01:50:19,110 [grpc-default-executor-4] INFO  server.RaftServer$Division (ServerState.java:setRaftConf(373)) - f8feeaac-d8ae-4c99-8c47-cf05d6facd09@group-248E97A0B5F6: set configuration 0: [2ec71a43-acc1-42a3-b8ca-de3ee762a3c9|rpc:172.17.0.2:42675|dataStream:|priority:0, f8feeaac-d8ae-4c99-8c47-cf05d6facd09|rpc:172.17.0.2:42991|dataStream:|priority:0, 13da2f53-0476-4a03-b606-a9c3a1877f5a|rpc:172.17.0.2:44773|dataStream:|priority:1], old=null
2021-02-14 01:50:19,110 [grpc-default-executor-4] INFO  segmented.SegmentedRaftLogWorker (SegmentedRaftLogWorker.java:startLogSegment(392)) - f8feeaac-d8ae-4c99-8c47-cf05d6facd09@group-248E97A0B5F6-SegmentedRaftLogWorker: Starting segment from index:0
2021-02-14 01:50:19,111 [grpc-default-executor-4] INFO  server.RaftServer$Division (ServerState.java:setRaftConf(373)) - f8feeaac-d8ae-4c99-8c47-cf05d6facd09@group-248E97A0B5F6: set configuration 1: [2ec71a43-acc1-42a3-b8ca-de3ee762a3c9|rpc:172.17.0.2:42675|dataStream:|priority:0, f8feeaac-d8ae-4c99-8c47-cf05d6facd09|rpc:172.17.0.2:42991|dataStream:|priority:0, 13da2f53-0476-4a03-b606-a9c3a1877f5a|rpc:172.17.0.2:44773|dataStream:|priority:1], old=null
2021-02-14 01:50:19,111 [grpc-default-executor-4] INFO  segmented.SegmentedRaftLogWorker (SegmentedRaftLogWorker.java:rollLogSegment(397)) - f8feeaac-d8ae-4c99-8c47-cf05d6facd09@group-248E97A0B5F6-SegmentedRaftLogWorker: Rolling segment log-0_0 to index:0
2021-02-14 01:50:19,112 [f8feeaac-d8ae-4c99-8c47-cf05d6facd09@group-248E97A0B5F6-SegmentedRaftLogWorker] INFO  segmented.SegmentedRaftLogWorker (SegmentedRaftLogWorker.java:execute(599)) - f8feeaac-d8ae-4c99-8c47-cf05d6facd09@group-248E97A0B5F6-SegmentedRaftLogWorker: created new log segment /github/workspace/mnt/ozone/hadoop-ozone/integration-test/target/test-dir/MiniOzoneClusterImpl-b3eef9e8-6bea-4ca1-9f7b-091cac69c924/datanode-0/data/ratis/12b43190-c0bf-432e-b224-248e97a0b5f6/current/log_inprogress_0
2021-02-14 01:50:19,112 [grpc-default-executor-4] INFO  server.RaftServer$Division (ServerState.java:setRaftConf(373)) - f8feeaac-d8ae-4c99-8c47-cf05d6facd09@group-248E97A0B5F6: set configuration 1: [2ec71a43-acc1-42a3-b8ca-de3ee762a3c9|rpc:172.17.0.2:42675|dataStream:|priority:0, f8feeaac-d8ae-4c99-8c47-cf05d6facd09|rpc:172.17.0.2:42991|dataStream:|priority:0, 13da2f53-0476-4a03-b606-a9c3a1877f5a|rpc:172.17.0.2:44773|dataStream:|priority:1], old=null
2021-02-14 01:50:19,120 [grpc-default-executor-4] INFO  server.RaftServer$Division (ServerState.java:setRaftConf(373)) - f8feeaac-d8ae-4c99-8c47-cf05d6facd09@group-248E97A0B5F6: set configuration 2: [2ec71a43-acc1-42a3-b8ca-de3ee762a3c9|rpc:172.17.0.2:42675|dataStream:|priority:0, f8feeaac-d8ae-4c99-8c47-cf05d6facd09|rpc:172.17.0.2:42991|dataStream:|priority:0, 13da2f53-0476-4a03-b606-a9c3a1877f5a|rpc:172.17.0.2:44773|dataStream:|priority:1], old=null
2021-02-14 01:50:19,121 [grpc-default-executor-4] INFO  segmented.SegmentedRaftLogWorker (SegmentedRaftLogWorker.java:rollLogSegment(397)) - f8feeaac-d8ae-4c99-8c47-cf05d6facd09@group-248E97A0B5F6-SegmentedRaftLogWorker: Rolling segment log-1_1 to index:1
2021-02-14 01:50:19,121 [grpc-default-executor-4] INFO  server.RaftServer$Division (ServerState.java:setRaftConf(373)) - f8feeaac-d8ae-4c99-8c47-cf05d6facd09@group-248E97A0B5F6: set configuration 0: [2ec71a43-acc1-42a3-b8ca-de3ee762a3c9|rpc:172.17.0.2:42675|dataStream:|priority:0, f8feeaac-d8ae-4c99-8c47-cf05d6facd09|rpc:172.17.0.2:42991|dataStream:|priority:0, 13da2f53-0476-4a03-b606-a9c3a1877f5a|rpc:172.17.0.2:44773|dataStream:|priority:1], old=null
2021-02-14 01:50:19,122 [f8feeaac-d8ae-4c99-8c47-cf05d6facd09@group-248E97A0B5F6-SegmentedRaftLogWorker] INFO  segmented.SegmentedRaftLogWorker (SegmentedRaftLogWorker.java:execute(556)) - f8feeaac-d8ae-4c99-8c47-cf05d6facd09@group-248E97A0B5F6-SegmentedRaftLogWorker: Rolled log segment from /github/workspace/mnt/ozone/hadoop-ozone/integration-test/target/test-dir/MiniOzoneClusterImpl-b3eef9e8-6bea-4ca1-9f7b-091cac69c924/datanode-0/data/ratis/12b43190-c0bf-432e-b224-248e97a0b5f6/current/log_inprogress_0 to /github/workspace/mnt/ozone/hadoop-ozone/integration-test/target/test-dir/MiniOzoneClusterImpl-b3eef9e8-6bea-4ca1-9f7b-091cac69c924/datanode-0/data/ratis/12b43190-c0bf-432e-b224-248e97a0b5f6/current/log_0-0
2021-02-14 01:50:19,124 [f8feeaac-d8ae-4c99-8c47-cf05d6facd09@group-248E97A0B5F6-SegmentedRaftLogWorker] INFO  segmented.SegmentedRaftLogWorker (SegmentedRaftLogWorker.java:execute(599)) - f8feeaac-d8ae-4c99-8c47-cf05d6facd09@group-248E97A0B5F6-SegmentedRaftLogWorker: created new log segment /github/workspace/mnt/ozone/hadoop-ozone/integration-test/target/test-dir/MiniOzoneClusterImpl-b3eef9e8-6bea-4ca1-9f7b-091cac69c924/datanode-0/data/ratis/12b43190-c0bf-432e-b224-248e97a0b5f6/current/log_inprogress_1
2021-02-14 01:50:19,127 [f8feeaac-d8ae-4c99-8c47-cf05d6facd09@group-248E97A0B5F6-SegmentedRaftLogWorker] INFO  segmented.SegmentedRaftLogWorker (SegmentedRaftLogWorker.java:execute(556)) - f8feeaac-d8ae-4c99-8c47-cf05d6facd09@group-248E97A0B5F6-SegmentedRaftLogWorker: Rolled log segment from /github/workspace/mnt/ozone/hadoop-ozone/integration-test/target/test-dir/MiniOzoneClusterImpl-b3eef9e8-6bea-4ca1-9f7b-091cac69c924/datanode-0/data/ratis/12b43190-c0bf-432e-b224-248e97a0b5f6/current/log_inprogress_1 to /github/workspace/mnt/ozone/hadoop-ozone/integration-test/target/test-dir/MiniOzoneClusterImpl-b3eef9e8-6bea-4ca1-9f7b-091cac69c924/datanode-0/data/ratis/12b43190-c0bf-432e-b224-248e97a0b5f6/current/log_1-1
2021-02-14 01:50:19,128 [grpc-default-executor-4] INFO  server.RaftServer$Division (ServerState.java:setRaftConf(373)) - f8feeaac-d8ae-4c99-8c47-cf05d6facd09@group-248E97A0B5F6: set configuration 1: [2ec71a43-acc1-42a3-b8ca-de3ee762a3c9|rpc:172.17.0.2:42675|dataStream:|priority:0, f8feeaac-d8ae-4c99-8c47-cf05d6facd09|rpc:172.17.0.2:42991|dataStream:|priority:0, 13da2f53-0476-4a03-b606-a9c3a1877f5a|rpc:172.17.0.2:44773|dataStream:|priority:1], old=null
2021-02-14 01:50:19,133 [grpc-default-executor-4] INFO  server.RaftServer$Division (ServerState.java:setRaftConf(373)) - f8feeaac-d8ae-4c99-8c47-cf05d6facd09@group-248E97A0B5F6: set configuration 2: [2ec71a43-acc1-42a3-b8ca-de3ee762a3c9|rpc:172.17.0.2:42675|dataStream:|priority:0, f8feeaac-d8ae-4c99-8c47-cf05d6facd09|rpc:172.17.0.2:42991|dataStream:|priority:0, 13da2f53-0476-4a03-b606-a9c3a1877f5a|rpc:172.17.0.2:44773|dataStream:|priority:1], old=null
2021-02-14 01:50:19,140 [f8feeaac-d8ae-4c99-8c47-cf05d6facd09@group-248E97A0B5F6-SegmentedRaftLogWorker] INFO  segmented.SegmentedRaftLogWorker (SegmentedRaftLogWorker.java:execute(599)) - f8feeaac-d8ae-4c99-8c47-cf05d6facd09@group-248E97A0B5F6-SegmentedRaftLogWorker: created new log segment /github/workspace/mnt/ozone/hadoop-ozone/integration-test/target/test-dir/MiniOzoneClusterImpl-b3eef9e8-6bea-4ca1-9f7b-091cac69c924/datanode-0/data/ratis/12b43190-c0bf-432e-b224-248e97a0b5f6/current/log_inprogress_2
2021-02-14 01:50:19,144 [grpc-default-executor-4] INFO  server.RaftServer$Division (ServerState.java:setRaftConf(373)) - f8feeaac-d8ae-4c99-8c47-cf05d6facd09@group-248E97A0B5F6: set configuration 1: [2ec71a43-acc1-42a3-b8ca-de3ee762a3c9|rpc:172.17.0.2:42675|dataStream:|priority:0, f8feeaac-d8ae-4c99-8c47-cf05d6facd09|rpc:172.17.0.2:42991|dataStream:|priority:0, 13da2f53-0476-4a03-b606-a9c3a1877f5a|rpc:172.17.0.2:44773|dataStream:|priority:1], old=null
2021-02-14 01:50:19,155 [grpc-default-executor-2] WARN  server.GrpcLogAppender (LogUtils.java:warn(122)) - 13da2f53-0476-4a03-b606-a9c3a1877f5a@group-248E97A0B5F6->2ec71a43-acc1-42a3-b8ca-de3ee762a3c9-AppendLogResponseHandler: Failed appendEntries: org.apache.ratis.thirdparty.io.grpc.StatusRuntimeException: UNAVAILABLE: io exception
2021-02-14 01:50:19,155 [grpc-default-executor-2] WARN  server.GrpcLogAppender (GrpcLogAppender.java:resetClient(111)) - 13da2f53-0476-4a03-b606-a9c3a1877f5a@group-248E97A0B5F6->2ec71a43-acc1-42a3-b8ca-de3ee762a3c9-GrpcLogAppender: Leader has not got in touch with Follower 13da2f53-0476-4a03-b606-a9c3a1877f5a@group-248E97A0B5F6->2ec71a43-acc1-42a3-b8ca-de3ee762a3c9(c-1,m0,n4, attendVote=true, lastRpcSendTime=51, lastRpcResponseTime=5301) yet, just keep nextIndex unchanged and retry.
2021-02-14 01:50:19,156 [grpc-default-executor-4] INFO  server.RaftServer$Division (ServerState.java:setRaftConf(373)) - f8feeaac-d8ae-4c99-8c47-cf05d6facd09@group-248E97A0B5F6: set configuration 2: [2ec71a43-acc1-42a3-b8ca-de3ee762a3c9|rpc:172.17.0.2:42675|dataStream:|priority:0, f8feeaac-d8ae-4c99-8c47-cf05d6facd09|rpc:172.17.0.2:42991|dataStream:|priority:0, 13da2f53-0476-4a03-b606-a9c3a1877f5a|rpc:172.17.0.2:44773|dataStream:|priority:1], old=null
2021-02-14 01:50:20,714 [ForkJoinPool.commonPool-worker-1] INFO  ozoneimpl.OzoneContainer (OzoneContainer.java:stop(273)) - Attempting to stop container services.
2021-02-14 01:50:20,715 [ForkJoinPool.commonPool-worker-1] INFO  server.RaftServer (RaftServerProxy.java:lambda$close$6(391)) - f8feeaac-d8ae-4c99-8c47-cf05d6facd09: close
2021-02-14 01:50:20,715 [ForkJoinPool.commonPool-worker-1] INFO  server.RaftServer$Division (RaftServerImpl.java:lambda$close$4(406)) - f8feeaac-d8ae-4c99-8c47-cf05d6facd09@group-248E97A0B5F6: shutdown
2021-02-14 01:50:20,715 [ForkJoinPool.commonPool-worker-1] INFO  util.JmxRegister (JmxRegister.java:unregister(73)) - Successfully un-registered JMX Bean with object name Ratis:service=RaftServer,group=group-248E97A0B5F6,id=f8feeaac-d8ae-4c99-8c47-cf05d6facd09
2021-02-14 01:50:20,715 [ForkJoinPool.commonPool-worker-1] INFO  impl.RoleInfo (RoleInfo.java:shutdownFollowerState(108)) - f8feeaac-d8ae-4c99-8c47-cf05d6facd09: shutdown f8feeaac-d8ae-4c99-8c47-cf05d6facd09@group-248E97A0B5F6-FollowerState
2021-02-14 01:50:20,715 [ForkJoinPool.commonPool-worker-1] INFO  impl.StateMachineUpdater (StateMachineUpdater.java:stopAndJoin(148)) - f8feeaac-d8ae-4c99-8c47-cf05d6facd09@group-248E97A0B5F6-StateMachineUpdater: set stopIndex = 2
2021-02-14 01:50:20,715 [Thread-1061] INFO  impl.FollowerState (FollowerState.java:run(142)) - f8feeaac-d8ae-4c99-8c47-cf05d6facd09@group-248E97A0B5F6-FollowerState was interrupted: {}
java.lang.InterruptedException: sleep interrupted
	at java.lang.Thread.sleep(Native Method)
	at java.lang.Thread.sleep(Thread.java:340)
	at java.util.concurrent.TimeUnit.sleep(TimeUnit.java:386)
	at org.apache.ratis.util.TimeDuration.sleep(TimeDuration.java:324)
	at org.apache.ratis.util.TimeDuration.sleep(TimeDuration.java:309)
	at org.apache.ratis.server.impl.FollowerState.run(FollowerState.java:117)
2021-02-14 01:50:20,716 [f8feeaac-d8ae-4c99-8c47-cf05d6facd09@group-248E97A0B5F6-StateMachineUpdater] INFO  ratis.ContainerStateMachine (ContainerStateMachine.java:takeSnapshot(291)) - group-248E97A0B5F6: Taking a snapshot at:(t:9, i:2) file /github/workspace/mnt/ozone/hadoop-ozone/integration-test/target/test-dir/MiniOzoneClusterImpl-b3eef9e8-6bea-4ca1-9f7b-091cac69c924/datanode-0/data/ratis/12b43190-c0bf-432e-b224-248e97a0b5f6/sm/snapshot.9_2
2021-02-14 01:50:20,717 [f8feeaac-d8ae-4c99-8c47-cf05d6facd09@group-248E97A0B5F6-StateMachineUpdater] INFO  ratis.ContainerStateMachine (ContainerStateMachine.java:takeSnapshot(302)) - group-248E97A0B5F6: Finished taking a snapshot at:(t:9, i:2) file:/github/workspace/mnt/ozone/hadoop-ozone/integration-test/target/test-dir/MiniOzoneClusterImpl-b3eef9e8-6bea-4ca1-9f7b-091cac69c924/datanode-0/data/ratis/12b43190-c0bf-432e-b224-248e97a0b5f6/sm/snapshot.9_2 took: 1 ms
2021-02-14 01:50:20,717 [f8feeaac-d8ae-4c99-8c47-cf05d6facd09@group-248E97A0B5F6-StateMachineUpdater] INFO  impl.StateMachineUpdater (StateMachineUpdater.java:takeSnapshot(279)) - f8feeaac-d8ae-4c99-8c47-cf05d6facd09@group-248E97A0B5F6-StateMachineUpdater: Took a snapshot at index 2
2021-02-14 01:50:20,717 [f8feeaac-d8ae-4c99-8c47-cf05d6facd09@group-248E97A0B5F6-StateMachineUpdater] INFO  impl.StateMachineUpdater (StateMachineUpdater.java:lambda$new$0(88)) - f8feeaac-d8ae-4c99-8c47-cf05d6facd09@group-248E97A0B5F6-StateMachineUpdater: snapshotIndex: updateIncreasingly -1 -> 2
2021-02-14 01:50:20,717 [f8feeaac-d8ae-4c99-8c47-cf05d6facd09@group-248E97A0B5F6-StateMachineUpdater] INFO  metrics.RatisMetrics (RatisMetrics.java:unregister(43)) - Unregistering Metrics Registry : ratis.state_machine.f8feeaac-d8ae-4c99-8c47-cf05d6facd09@group-248E97A0B5F6
2021-02-14 01:50:20,718 [Listener at 127.0.0.1/42551] INFO  ozoneimpl.OzoneContainer (OzoneContainer.java:stop(273)) - Attempting to stop container services.
2021-02-14 01:50:20,719 [Listener at 127.0.0.1/42551] INFO  server.RaftServer (RaftServerProxy.java:lambda$close$6(391)) - fe88e678-cae2-4575-8bb5-90c5b4ef55f6: close
2021-02-14 01:50:20,719 [ForkJoinPool.commonPool-worker-1] INFO  server.RaftServer$Division (ServerState.java:close(405)) - f8feeaac-d8ae-4c99-8c47-cf05d6facd09@group-248E97A0B5F6: closes. applyIndex: 2
2021-02-14 01:50:20,719 [f8feeaac-d8ae-4c99-8c47-cf05d6facd09@group-248E97A0B5F6-SegmentedRaftLogWorker] INFO  segmented.SegmentedRaftLogWorker (SegmentedRaftLogWorker.java:run(326)) - f8feeaac-d8ae-4c99-8c47-cf05d6facd09@group-248E97A0B5F6-SegmentedRaftLogWorker was interrupted, exiting. There are 0 tasks remaining in the queue.
2021-02-14 01:50:20,719 [Listener at 127.0.0.1/42551] INFO  server.RaftServer$Division (RaftServerImpl.java:lambda$close$4(406)) - fe88e678-cae2-4575-8bb5-90c5b4ef55f6@group-14ED30695F7D: shutdown
2021-02-14 01:50:20,720 [Listener at 127.0.0.1/42551] INFO  util.JmxRegister (JmxRegister.java:unregister(73)) - Successfully un-registered JMX Bean with object name Ratis:service=RaftServer,group=group-14ED30695F7D,id=fe88e678-cae2-4575-8bb5-90c5b4ef55f6
2021-02-14 01:50:20,720 [Listener at 127.0.0.1/42551] INFO  impl.RoleInfo (RoleInfo.java:shutdownFollowerState(108)) - fe88e678-cae2-4575-8bb5-90c5b4ef55f6: shutdown fe88e678-cae2-4575-8bb5-90c5b4ef55f6@group-14ED30695F7D-FollowerState
2021-02-14 01:50:20,720 [Listener at 127.0.0.1/42551] INFO  impl.StateMachineUpdater (StateMachineUpdater.java:stopAndJoin(148)) - fe88e678-cae2-4575-8bb5-90c5b4ef55f6@group-14ED30695F7D-StateMachineUpdater: set stopIndex = 0
2021-02-14 01:50:20,720 [fe88e678-cae2-4575-8bb5-90c5b4ef55f6@group-14ED30695F7D-StateMachineUpdater] INFO  ratis.ContainerStateMachine (ContainerStateMachine.java:takeSnapshot(291)) - group-14ED30695F7D: Taking a snapshot at:(t:1, i:0) file /github/workspace/mnt/ozone/hadoop-ozone/integration-test/target/test-dir/MiniOzoneClusterImpl-b3eef9e8-6bea-4ca1-9f7b-091cac69c924/datanode-7/data/ratis/eaedb741-cb4a-4d2d-8b23-14ed30695f7d/sm/snapshot.1_0
2021-02-14 01:50:20,720 [Thread-941] INFO  impl.FollowerState (FollowerState.java:run(142)) - fe88e678-cae2-4575-8bb5-90c5b4ef55f6@group-14ED30695F7D-FollowerState was interrupted: {}
java.lang.InterruptedException: sleep interrupted
	at java.lang.Thread.sleep(Native Method)
	at java.lang.Thread.sleep(Thread.java:340)
	at java.util.concurrent.TimeUnit.sleep(TimeUnit.java:386)
	at org.apache.ratis.util.TimeDuration.sleep(TimeDuration.java:324)
	at org.apache.ratis.util.TimeDuration.sleep(TimeDuration.java:309)
	at org.apache.ratis.server.impl.FollowerState.run(FollowerState.java:117)
2021-02-14 01:50:20,721 [fe88e678-cae2-4575-8bb5-90c5b4ef55f6@group-14ED30695F7D-StateMachineUpdater] INFO  ratis.ContainerStateMachine (ContainerStateMachine.java:takeSnapshot(302)) - group-14ED30695F7D: Finished taking a snapshot at:(t:1, i:0) file:/github/workspace/mnt/ozone/hadoop-ozone/integration-test/target/test-dir/MiniOzoneClusterImpl-b3eef9e8-6bea-4ca1-9f7b-091cac69c924/datanode-7/data/ratis/eaedb741-cb4a-4d2d-8b23-14ed30695f7d/sm/snapshot.1_0 took: 1 ms
2021-02-14 01:50:20,721 [ForkJoinPool.commonPool-worker-1] INFO  segmented.SegmentedRaftLogWorker (SegmentedRaftLogWorker.java:close(236)) - f8feeaac-d8ae-4c99-8c47-cf05d6facd09@group-248E97A0B5F6-SegmentedRaftLogWorker close()
2021-02-14 01:50:20,722 [fe88e678-cae2-4575-8bb5-90c5b4ef55f6@group-14ED30695F7D-StateMachineUpdater] INFO  impl.StateMachineUpdater (StateMachineUpdater.java:takeSnapshot(279)) - fe88e678-cae2-4575-8bb5-90c5b4ef55f6@group-14ED30695F7D-StateMachineUpdater: Took a snapshot at index 0
2021-02-14 01:50:20,722 [fe88e678-cae2-4575-8bb5-90c5b4ef55f6@group-14ED30695F7D-StateMachineUpdater] INFO  impl.StateMachineUpdater (StateMachineUpdater.java:lambda$new$0(88)) - fe88e678-cae2-4575-8bb5-90c5b4ef55f6@group-14ED30695F7D-StateMachineUpdater: snapshotIndex: updateIncreasingly -1 -> 0
2021-02-14 01:50:20,724 [ForkJoinPool.commonPool-worker-1] INFO  metrics.RatisMetrics (RatisMetrics.java:unregister(43)) - Unregistering Metrics Registry : ratis.log_worker.f8feeaac-d8ae-4c99-8c47-cf05d6facd09@group-248E97A0B5F6
2021-02-14 01:50:20,724 [fe88e678-cae2-4575-8bb5-90c5b4ef55f6@group-14ED30695F7D-StateMachineUpdater] INFO  metrics.RatisMetrics (RatisMetrics.java:unregister(43)) - Unregistering Metrics Registry : ratis.state_machine.fe88e678-cae2-4575-8bb5-90c5b4ef55f6@group-14ED30695F7D
2021-02-14 01:50:20,724 [ForkJoinPool.commonPool-worker-1] INFO  metrics.RatisMetrics (RatisMetrics.java:unregister(43)) - Unregistering Metrics Registry : ratis.leader_election.f8feeaac-d8ae-4c99-8c47-cf05d6facd09@group-248E97A0B5F6
2021-02-14 01:50:20,724 [ForkJoinPool.commonPool-worker-1] INFO  metrics.RatisMetrics (RatisMetrics.java:unregister(43)) - Unregistering Metrics Registry : ratis.server.f8feeaac-d8ae-4c99-8c47-cf05d6facd09@group-248E97A0B5F6
2021-02-14 01:50:20,724 [ForkJoinPool.commonPool-worker-1] INFO  server.RaftServer$Division (RaftServerImpl.java:lambda$close$4(406)) - f8feeaac-d8ae-4c99-8c47-cf05d6facd09@group-C285933B05BF: shutdown
2021-02-14 01:50:20,725 [ForkJoinPool.commonPool-worker-1] INFO  util.JmxRegister (JmxRegister.java:unregister(73)) - Successfully un-registered JMX Bean with object name Ratis:service=RaftServer,group=group-C285933B05BF,id=f8feeaac-d8ae-4c99-8c47-cf05d6facd09
2021-02-14 01:50:20,725 [ForkJoinPool.commonPool-worker-1] INFO  impl.RoleInfo (RoleInfo.java:shutdownLeaderState(91)) - f8feeaac-d8ae-4c99-8c47-cf05d6facd09: shutdown f8feeaac-d8ae-4c99-8c47-cf05d6facd09@group-C285933B05BF-LeaderStateImpl
2021-02-14 01:50:20,725 [ForkJoinPool.commonPool-worker-1] INFO  impl.PendingRequests (PendingRequests.java:sendNotLeaderResponses(249)) - f8feeaac-d8ae-4c99-8c47-cf05d6facd09@group-C285933B05BF-PendingRequests: sendNotLeaderResponses
2021-02-14 01:50:20,725 [ForkJoinPool.commonPool-worker-1] INFO  metrics.RatisMetrics (RatisMetrics.java:unregister(43)) - Unregistering Metrics Registry : ratis.log_appender.f8feeaac-d8ae-4c99-8c47-cf05d6facd09@group-C285933B05BF
2021-02-14 01:50:20,725 [ForkJoinPool.commonPool-worker-1] INFO  metrics.RatisMetrics (RatisMetrics.java:unregister(43)) - Unregistering Metrics Registry : ratis.server.f8feeaac-d8ae-4c99-8c47-cf05d6facd09@group-C285933B05BF
2021-02-14 01:50:20,726 [Listener at 127.0.0.1/42551] INFO  server.RaftServer$Division (ServerState.java:close(405)) - fe88e678-cae2-4575-8bb5-90c5b4ef55f6@group-14ED30695F7D: closes. applyIndex: 0
2021-02-14 01:50:20,726 [fe88e678-cae2-4575-8bb5-90c5b4ef55f6@group-14ED30695F7D-SegmentedRaftLogWorker] INFO  segmented.SegmentedRaftLogWorker (SegmentedRaftLogWorker.java:run(326)) - fe88e678-cae2-4575-8bb5-90c5b4ef55f6@group-14ED30695F7D-SegmentedRaftLogWorker was interrupted, exiting. There are 0 tasks remaining in the queue.
2021-02-14 01:50:20,726 [Listener at 127.0.0.1/42551] INFO  segmented.SegmentedRaftLogWorker (SegmentedRaftLogWorker.java:close(236)) - fe88e678-cae2-4575-8bb5-90c5b4ef55f6@group-14ED30695F7D-SegmentedRaftLogWorker close()
2021-02-14 01:50:20,726 [Listener at 127.0.0.1/42551] INFO  metrics.RatisMetrics (RatisMetrics.java:unregister(43)) - Unregistering Metrics Registry : ratis.log_worker.fe88e678-cae2-4575-8bb5-90c5b4ef55f6@group-14ED30695F7D
2021-02-14 01:50:20,727 [Listener at 127.0.0.1/42551] INFO  metrics.RatisMetrics (RatisMetrics.java:unregister(43)) - Unregistering Metrics Registry : ratis.leader_election.fe88e678-cae2-4575-8bb5-90c5b4ef55f6@group-14ED30695F7D
2021-02-14 01:50:20,727 [Listener at 127.0.0.1/42551] INFO  metrics.RatisMetrics (RatisMetrics.java:unregister(43)) - Unregistering Metrics Registry : ratis.server.fe88e678-cae2-4575-8bb5-90c5b4ef55f6@group-14ED30695F7D
2021-02-14 01:50:20,727 [Listener at 127.0.0.1/42551] INFO  server.RaftServer$Division (RaftServerImpl.java:lambda$close$4(406)) - fe88e678-cae2-4575-8bb5-90c5b4ef55f6@group-A859AEB29FAB: shutdown
2021-02-14 01:50:20,727 [Listener at 127.0.0.1/42551] INFO  util.JmxRegister (JmxRegister.java:unregister(73)) - Successfully un-registered JMX Bean with object name Ratis:service=RaftServer,group=group-A859AEB29FAB,id=fe88e678-cae2-4575-8bb5-90c5b4ef55f6
2021-02-14 01:50:20,728 [Listener at 127.0.0.1/42551] INFO  impl.RoleInfo (RoleInfo.java:shutdownLeaderState(91)) - fe88e678-cae2-4575-8bb5-90c5b4ef55f6: shutdown fe88e678-cae2-4575-8bb5-90c5b4ef55f6@group-A859AEB29FAB-LeaderStateImpl
2021-02-14 01:50:20,728 [Listener at 127.0.0.1/42551] INFO  impl.PendingRequests (PendingRequests.java:sendNotLeaderResponses(249)) - fe88e678-cae2-4575-8bb5-90c5b4ef55f6@group-A859AEB29FAB-PendingRequests: sendNotLeaderResponses
2021-02-14 01:50:20,728 [Listener at 127.0.0.1/42551] INFO  metrics.RatisMetrics (RatisMetrics.java:unregister(43)) - Unregistering Metrics Registry : ratis.log_appender.fe88e678-cae2-4575-8bb5-90c5b4ef55f6@group-A859AEB29FAB
2021-02-14 01:50:20,728 [Listener at 127.0.0.1/42551] INFO  metrics.RatisMetrics (RatisMetrics.java:unregister(43)) - Unregistering Metrics Registry : ratis.server.fe88e678-cae2-4575-8bb5-90c5b4ef55f6@group-A859AEB29FAB
2021-02-14 01:50:20,731 [f8feeaac-d8ae-4c99-8c47-cf05d6facd09@group-C285933B05BF-StateMachineUpdater] INFO  ratis.ContainerStateMachine (ContainerStateMachine.java:takeSnapshot(291)) - group-C285933B05BF: Taking a snapshot at:(t:1, i:0) file /github/workspace/mnt/ozone/hadoop-ozone/integration-test/target/test-dir/MiniOzoneClusterImpl-b3eef9e8-6bea-4ca1-9f7b-091cac69c924/datanode-0/data/ratis/03ed08a1-e577-4700-acf7-c285933b05bf/sm/snapshot.1_0
2021-02-14 01:50:20,731 [ForkJoinPool.commonPool-worker-1] INFO  impl.StateMachineUpdater (StateMachineUpdater.java:stopAndJoin(148)) - f8feeaac-d8ae-4c99-8c47-cf05d6facd09@group-C285933B05BF-StateMachineUpdater: set stopIndex = 0
2021-02-14 01:50:20,731 [f8feeaac-d8ae-4c99-8c47-cf05d6facd09@group-C285933B05BF-StateMachineUpdater] INFO  ratis.ContainerStateMachine (ContainerStateMachine.java:takeSnapshot(302)) - group-C285933B05BF: Finished taking a snapshot at:(t:1, i:0) file:/github/workspace/mnt/ozone/hadoop-ozone/integration-test/target/test-dir/MiniOzoneClusterImpl-b3eef9e8-6bea-4ca1-9f7b-091cac69c924/datanode-0/data/ratis/03ed08a1-e577-4700-acf7-c285933b05bf/sm/snapshot.1_0 took: 1 ms
2021-02-14 01:50:20,732 [f8feeaac-d8ae-4c99-8c47-cf05d6facd09@group-C285933B05BF-StateMachineUpdater] INFO  impl.StateMachineUpdater (StateMachineUpdater.java:takeSnapshot(279)) - f8feeaac-d8ae-4c99-8c47-cf05d6facd09@group-C285933B05BF-StateMachineUpdater: Took a snapshot at index 0
2021-02-14 01:50:20,732 [f8feeaac-d8ae-4c99-8c47-cf05d6facd09@group-C285933B05BF-StateMachineUpdater] INFO  impl.StateMachineUpdater (StateMachineUpdater.java:lambda$new$0(88)) - f8feeaac-d8ae-4c99-8c47-cf05d6facd09@group-C285933B05BF-StateMachineUpdater: snapshotIndex: updateIncreasingly -1 -> 0
2021-02-14 01:50:20,732 [f8feeaac-d8ae-4c99-8c47-cf05d6facd09@group-C285933B05BF-StateMachineUpdater] INFO  metrics.RatisMetrics (RatisMetrics.java:unregister(43)) - Unregistering Metrics Registry : ratis.state_machine.f8feeaac-d8ae-4c99-8c47-cf05d6facd09@group-C285933B05BF
2021-02-14 01:50:20,732 [ForkJoinPool.commonPool-worker-1] INFO  server.RaftServer$Division (ServerState.java:close(405)) - f8feeaac-d8ae-4c99-8c47-cf05d6facd09@group-C285933B05BF: closes. applyIndex: 0
2021-02-14 01:50:20,733 [f8feeaac-d8ae-4c99-8c47-cf05d6facd09@group-C285933B05BF-SegmentedRaftLogWorker] INFO  segmented.SegmentedRaftLogWorker (SegmentedRaftLogWorker.java:run(326)) - f8feeaac-d8ae-4c99-8c47-cf05d6facd09@group-C285933B05BF-SegmentedRaftLogWorker was interrupted, exiting. There are 0 tasks remaining in the queue.
2021-02-14 01:50:20,733 [ForkJoinPool.commonPool-worker-1] INFO  segmented.SegmentedRaftLogWorker (SegmentedRaftLogWorker.java:close(236)) - f8feeaac-d8ae-4c99-8c47-cf05d6facd09@group-C285933B05BF-SegmentedRaftLogWorker close()
2021-02-14 01:50:20,734 [ForkJoinPool.commonPool-worker-1] INFO  metrics.RatisMetrics (RatisMetrics.java:unregister(43)) - Unregistering Metrics Registry : ratis.log_worker.f8feeaac-d8ae-4c99-8c47-cf05d6facd09@group-C285933B05BF
2021-02-14 01:50:20,734 [ForkJoinPool.commonPool-worker-1] INFO  metrics.RatisMetrics (RatisMetrics.java:unregister(43)) - Unregistering Metrics Registry : ratis.leader_election.f8feeaac-d8ae-4c99-8c47-cf05d6facd09@group-C285933B05BF
2021-02-14 01:50:20,734 [ForkJoinPool.commonPool-worker-1] INFO  metrics.RatisMetrics (RatisMetrics.java:unregister(43)) - Unregistering Metrics Registry : ratis.server.f8feeaac-d8ae-4c99-8c47-cf05d6facd09@group-C285933B05BF
2021-02-14 01:50:20,734 [ForkJoinPool.commonPool-worker-1] INFO  server.GrpcService (GrpcService.java:closeImpl(262)) - f8feeaac-d8ae-4c99-8c47-cf05d6facd09: shutdown server with port 42991 now
2021-02-14 01:50:20,734 [Listener at 127.0.0.1/42551] INFO  impl.StateMachineUpdater (StateMachineUpdater.java:stopAndJoin(148)) - fe88e678-cae2-4575-8bb5-90c5b4ef55f6@group-A859AEB29FAB-StateMachineUpdater: set stopIndex = 0
2021-02-14 01:50:20,734 [fe88e678-cae2-4575-8bb5-90c5b4ef55f6@group-A859AEB29FAB-StateMachineUpdater] INFO  ratis.ContainerStateMachine (ContainerStateMachine.java:takeSnapshot(291)) - group-A859AEB29FAB: Taking a snapshot at:(t:1, i:0) file /github/workspace/mnt/ozone/hadoop-ozone/integration-test/target/test-dir/MiniOzoneClusterImpl-b3eef9e8-6bea-4ca1-9f7b-091cac69c924/datanode-7/data/ratis/7b7b9b3c-1cf5-423c-a920-a859aeb29fab/sm/snapshot.1_0
2021-02-14 01:50:20,746 [ForkJoinPool.commonPool-worker-1] INFO  server.GrpcService (GrpcService.java:closeImpl(271)) - f8feeaac-d8ae-4c99-8c47-cf05d6facd09: shutdown server with port 42991 successfully
2021-02-14 01:50:20,741 [grpc-default-executor-1] WARN  client.GrpcClientProtocolService (LogUtils.java:warn(122)) - 1-OrderedRequestStreamObserver1: onError: org.apache.ratis.thirdparty.io.grpc.StatusRuntimeException: CANCELLED: client cancelled
2021-02-14 01:50:20,756 [org.apache.ratis.util.JvmPauseMonitor$$Lambda$504/2142442467@7936e28d] INFO  util.JvmPauseMonitor (JvmPauseMonitor.java:run(109)) - JvmPauseMonitor-f8feeaac-d8ae-4c99-8c47-cf05d6facd09: Stopped
2021-02-14 01:50:20,742 [grpc-default-executor-2] WARN  server.GrpcLogAppender (LogUtils.java:warn(122)) - 13da2f53-0476-4a03-b606-a9c3a1877f5a@group-248E97A0B5F6->f8feeaac-d8ae-4c99-8c47-cf05d6facd09-AppendLogResponseHandler: Failed appendEntries: org.apache.ratis.thirdparty.io.grpc.StatusRuntimeException: CANCELLED: HTTP/2 error code: CANCEL
Received Rst Stream
2021-02-14 01:50:20,758 [ForkJoinPool.commonPool-worker-1] INFO  utils.BackgroundService (BackgroundService.java:shutdown(132)) - Shutting down service BlockDeletingService
2021-02-14 01:50:20,740 [grpc-default-executor-4] WARN  server.GrpcServerProtocolService (LogUtils.java:warn(122)) - f8feeaac-d8ae-4c99-8c47-cf05d6facd09: installSnapshot onError, lastRequest: 13da2f53-0476-4a03-b606-a9c3a1877f5a->f8feeaac-d8ae-4c99-8c47-cf05d6facd09#16-t9,previous=(t:9, i:2),leaderCommit=2,initializing? true,entries: size=1, first=(t:9, i:3), METADATAENTRY(c:2): org.apache.ratis.thirdparty.io.grpc.StatusRuntimeException: CANCELLED: client cancelled
2021-02-14 01:50:20,758 [grpc-default-executor-2] INFO  leader.FollowerInfo (FollowerInfoImpl.java:lambda$new$0(46)) - 13da2f53-0476-4a03-b606-a9c3a1877f5a@group-248E97A0B5F6->f8feeaac-d8ae-4c99-8c47-cf05d6facd09: nextIndex: updateUnconditionally 4 -> 3
2021-02-14 01:50:20,758 [fe88e678-cae2-4575-8bb5-90c5b4ef55f6@group-A859AEB29FAB-StateMachineUpdater] INFO  ratis.ContainerStateMachine (ContainerStateMachine.java:takeSnapshot(302)) - group-A859AEB29FAB: Finished taking a snapshot at:(t:1, i:0) file:/github/workspace/mnt/ozone/hadoop-ozone/integration-test/target/test-dir/MiniOzoneClusterImpl-b3eef9e8-6bea-4ca1-9f7b-091cac69c924/datanode-7/data/ratis/7b7b9b3c-1cf5-423c-a920-a859aeb29fab/sm/snapshot.1_0 took: 24 ms
2021-02-14 01:50:20,760 [fe88e678-cae2-4575-8bb5-90c5b4ef55f6@group-A859AEB29FAB-StateMachineUpdater] INFO  impl.StateMachineUpdater (StateMachineUpdater.java:takeSnapshot(279)) - fe88e678-cae2-4575-8bb5-90c5b4ef55f6@group-A859AEB29FAB-StateMachineUpdater: Took a snapshot at index 0
2021-02-14 01:50:20,760 [fe88e678-cae2-4575-8bb5-90c5b4ef55f6@group-A859AEB29FAB-StateMachineUpdater] INFO  impl.StateMachineUpdater (StateMachineUpdater.java:lambda$new$0(88)) - fe88e678-cae2-4575-8bb5-90c5b4ef55f6@group-A859AEB29FAB-StateMachineUpdater: snapshotIndex: updateIncreasingly -1 -> 0
2021-02-14 01:50:20,761 [fe88e678-cae2-4575-8bb5-90c5b4ef55f6@group-A859AEB29FAB-StateMachineUpdater] INFO  metrics.RatisMetrics (RatisMetrics.java:unregister(43)) - Unregistering Metrics Registry : ratis.state_machine.fe88e678-cae2-4575-8bb5-90c5b4ef55f6@group-A859AEB29FAB
2021-02-14 01:50:20,761 [Listener at 127.0.0.1/42551] INFO  server.RaftServer$Division (ServerState.java:close(405)) - fe88e678-cae2-4575-8bb5-90c5b4ef55f6@group-A859AEB29FAB: closes. applyIndex: 0
2021-02-14 01:50:20,762 [fe88e678-cae2-4575-8bb5-90c5b4ef55f6@group-A859AEB29FAB-SegmentedRaftLogWorker] INFO  segmented.SegmentedRaftLogWorker (SegmentedRaftLogWorker.java:run(326)) - fe88e678-cae2-4575-8bb5-90c5b4ef55f6@group-A859AEB29FAB-SegmentedRaftLogWorker was interrupted, exiting. There are 0 tasks remaining in the queue.
2021-02-14 01:50:20,762 [Listener at 127.0.0.1/42551] INFO  segmented.SegmentedRaftLogWorker (SegmentedRaftLogWorker.java:close(236)) - fe88e678-cae2-4575-8bb5-90c5b4ef55f6@group-A859AEB29FAB-SegmentedRaftLogWorker close()
2021-02-14 01:50:20,763 [Listener at 127.0.0.1/42551] INFO  metrics.RatisMetrics (RatisMetrics.java:unregister(43)) - Unregistering Metrics Registry : ratis.log_worker.fe88e678-cae2-4575-8bb5-90c5b4ef55f6@group-A859AEB29FAB
2021-02-14 01:50:20,763 [Listener at 127.0.0.1/42551] INFO  metrics.RatisMetrics (RatisMetrics.java:unregister(43)) - Unregistering Metrics Registry : ratis.leader_election.fe88e678-cae2-4575-8bb5-90c5b4ef55f6@group-A859AEB29FAB
2021-02-14 01:50:20,763 [Listener at 127.0.0.1/42551] INFO  metrics.RatisMetrics (RatisMetrics.java:unregister(43)) - Unregistering Metrics Registry : ratis.server.fe88e678-cae2-4575-8bb5-90c5b4ef55f6@group-A859AEB29FAB
2021-02-14 01:50:20,763 [Listener at 127.0.0.1/42551] INFO  server.GrpcService (GrpcService.java:closeImpl(262)) - fe88e678-cae2-4575-8bb5-90c5b4ef55f6: shutdown server with port 43003 now
2021-02-14 01:50:20,764 [ForkJoinPool.commonPool-worker-1] INFO  statemachine.DatanodeStateMachine (DatanodeStateMachine.java:stopDaemon(470)) - Ozone container server stopped.
2021-02-14 01:50:20,766 [grpc-default-executor-4] WARN  server.GrpcLogAppender (LogUtils.java:warn(122)) - 13da2f53-0476-4a03-b606-a9c3a1877f5a@group-248E97A0B5F6->f8feeaac-d8ae-4c99-8c47-cf05d6facd09-AppendLogResponseHandler: Failed appendEntries: org.apache.ratis.thirdparty.io.grpc.StatusRuntimeException: UNAVAILABLE: io exception
2021-02-14 01:50:20,767 [grpc-default-executor-4] INFO  leader.FollowerInfo (FollowerInfoImpl.java:lambda$new$0(46)) - 13da2f53-0476-4a03-b606-a9c3a1877f5a@group-248E97A0B5F6->f8feeaac-d8ae-4c99-8c47-cf05d6facd09: nextIndex: updateUnconditionally 4 -> 3
2021-02-14 01:50:20,770 [grpc-default-executor-2] WARN  server.GrpcServerProtocolService (LogUtils.java:warn(122)) - fe88e678-cae2-4575-8bb5-90c5b4ef55f6: installSnapshot onError, lastRequest: 46453c06-aa66-4ab8-8a2c-ab2255a053c6->fe88e678-cae2-4575-8bb5-90c5b4ef55f6#1-t1,previous=(t:0, i:0),leaderCommit=0,initializing? true,entries: size=1, first=(t:1, i:0), CONFIGURATIONENTRY: org.apache.ratis.thirdparty.io.grpc.StatusRuntimeException: CANCELLED: client cancelled
2021-02-14 01:50:20,770 [grpc-default-executor-2] WARN  server.GrpcLogAppender (LogUtils.java:warn(122)) - 46453c06-aa66-4ab8-8a2c-ab2255a053c6@group-14ED30695F7D->fe88e678-cae2-4575-8bb5-90c5b4ef55f6-AppendLogResponseHandler: Failed appendEntries: org.apache.ratis.thirdparty.io.grpc.StatusRuntimeException: CANCELLED: HTTP/2 error code: CANCEL
Received Rst Stream
2021-02-14 01:50:20,770 [grpc-default-executor-2] WARN  server.GrpcLogAppender (GrpcLogAppender.java:resetClient(111)) - 46453c06-aa66-4ab8-8a2c-ab2255a053c6@group-14ED30695F7D->fe88e678-cae2-4575-8bb5-90c5b4ef55f6-GrpcLogAppender: Leader has not got in touch with Follower 46453c06-aa66-4ab8-8a2c-ab2255a053c6@group-14ED30695F7D->fe88e678-cae2-4575-8bb5-90c5b4ef55f6(c0,m0,n1, attendVote=true, lastRpcSendTime=704, lastRpcResponseTime=698) yet, just keep nextIndex unchanged and retry.
2021-02-14 01:50:20,770 [Listener at 127.0.0.1/42551] INFO  server.GrpcService (GrpcService.java:closeImpl(271)) - fe88e678-cae2-4575-8bb5-90c5b4ef55f6: shutdown server with port 43003 successfully
2021-02-14 01:50:20,772 [org.apache.ratis.util.JvmPauseMonitor$$Lambda$504/2142442467@c522767] INFO  util.JvmPauseMonitor (JvmPauseMonitor.java:run(109)) - JvmPauseMonitor-fe88e678-cae2-4575-8bb5-90c5b4ef55f6: Stopped
2021-02-14 01:50:20,780 [Listener at 127.0.0.1/42551] INFO  utils.BackgroundService (BackgroundService.java:shutdown(132)) - Shutting down service BlockDeletingService
2021-02-14 01:50:20,782 [Listener at 127.0.0.1/42551] INFO  statemachine.DatanodeStateMachine (DatanodeStateMachine.java:stopDaemon(470)) - Ozone container server stopped.
2021-02-14 01:50:20,828 [ForkJoinPool.commonPool-worker-1] INFO  handler.ContextHandler (ContextHandler.java:doStop(1154)) - Stopped o.e.j.w.WebAppContext@207d6c18{hddsDatanode,/,null,STOPPED}{jar:file:/home/user/.m2/repository/org/apache/hadoop/hadoop-hdds-container-service/1.1.0-SNAPSHOT/hadoop-hdds-container-service-1.1.0-SNAPSHOT.jar!/webapps/hddsDatanode}
2021-02-14 01:50:20,829 [Listener at 127.0.0.1/42551] INFO  handler.ContextHandler (ContextHandler.java:doStop(1154)) - Stopped o.e.j.w.WebAppContext@108b257f{hddsDatanode,/,null,STOPPED}{jar:file:/home/user/.m2/repository/org/apache/hadoop/hadoop-hdds-container-service/1.1.0-SNAPSHOT/hadoop-hdds-container-service-1.1.0-SNAPSHOT.jar!/webapps/hddsDatanode}
2021-02-14 01:50:20,830 [ForkJoinPool.commonPool-worker-1] INFO  server.AbstractConnector (AbstractConnector.java:doStop(381)) - Stopped ServerConnector@378a5302{HTTP/1.1, (http/1.1)}{0.0.0.0:0}
2021-02-14 01:50:20,830 [ForkJoinPool.commonPool-worker-1] INFO  server.session (HouseKeeper.java:stopScavenging(149)) - node0 Stopped scavenging
2021-02-14 01:50:20,830 [Listener at 127.0.0.1/42551] INFO  server.AbstractConnector (AbstractConnector.java:doStop(381)) - Stopped ServerConnector@4288c5a8{HTTP/1.1, (http/1.1)}{0.0.0.0:0}
2021-02-14 01:50:20,831 [Listener at 127.0.0.1/42551] INFO  server.session (HouseKeeper.java:stopScavenging(149)) - node0 Stopped scavenging
2021-02-14 01:50:20,832 [Listener at 127.0.0.1/42551] INFO  handler.ContextHandler (ContextHandler.java:doStop(1154)) - Stopped o.e.j.s.ServletContextHandler@66e33cea{static,/static,jar:file:/home/user/.m2/repository/org/apache/hadoop/hadoop-hdds-container-service/1.1.0-SNAPSHOT/hadoop-hdds-container-service-1.1.0-SNAPSHOT.jar!/webapps/static,STOPPED}
2021-02-14 01:50:20,832 [Listener at 127.0.0.1/42551] INFO  handler.ContextHandler (ContextHandler.java:doStop(1154)) - Stopped o.e.j.s.ServletContextHandler@24fb3e2a{logs,/logs,file:///github/workspace/mnt/ozone/hadoop-ozone/integration-test/target/log,STOPPED}
2021-02-14 01:50:20,842 [ForkJoinPool.commonPool-worker-1] INFO  handler.ContextHandler (ContextHandler.java:doStop(1154)) - Stopped o.e.j.s.ServletContextHandler@76ccefaf{static,/static,jar:file:/home/user/.m2/repository/org/apache/hadoop/hadoop-hdds-container-service/1.1.0-SNAPSHOT/hadoop-hdds-container-service-1.1.0-SNAPSHOT.jar!/webapps/static,STOPPED}
2021-02-14 01:50:20,842 [ForkJoinPool.commonPool-worker-1] INFO  handler.ContextHandler (ContextHandler.java:doStop(1154)) - Stopped o.e.j.s.ServletContextHandler@4fe1238a{logs,/logs,file:///github/workspace/mnt/ozone/hadoop-ozone/integration-test/target/log,STOPPED}
2021-02-14 01:50:21,048 [Datanode State Machine Thread - 0] INFO  statemachine.DatanodeStateMachine (DatanodeStateMachine.java:lambda$startDaemon$0(412)) - Ozone container server started.
2021-02-14 01:50:21,424 [Datanode State Machine Thread - 0] INFO  statemachine.DatanodeStateMachine (DatanodeStateMachine.java:lambda$startDaemon$0(412)) - Ozone container server started.
2021-02-14 01:50:21,660 [grpc-default-executor-4] WARN  server.GrpcLogAppender (LogUtils.java:warn(122)) - 13da2f53-0476-4a03-b606-a9c3a1877f5a@group-248E97A0B5F6->2ec71a43-acc1-42a3-b8ca-de3ee762a3c9-AppendLogResponseHandler: Failed appendEntries: org.apache.ratis.thirdparty.io.grpc.StatusRuntimeException: UNAVAILABLE: io exception
2021-02-14 01:50:21,661 [grpc-default-executor-4] WARN  server.GrpcLogAppender (GrpcLogAppender.java:resetClient(111)) - 13da2f53-0476-4a03-b606-a9c3a1877f5a@group-248E97A0B5F6->2ec71a43-acc1-42a3-b8ca-de3ee762a3c9-GrpcLogAppender: Leader has not got in touch with Follower 13da2f53-0476-4a03-b606-a9c3a1877f5a@group-248E97A0B5F6->2ec71a43-acc1-42a3-b8ca-de3ee762a3c9(c-1,m0,n4, attendVote=true, lastRpcSendTime=2504, lastRpcResponseTime=7806) yet, just keep nextIndex unchanged and retry.
2021-02-14 01:50:22,574 [grpc-default-executor-2] WARN  server.GrpcLogAppender (LogUtils.java:warn(122)) - 46453c06-aa66-4ab8-8a2c-ab2255a053c6@group-14ED30695F7D->fe88e678-cae2-4575-8bb5-90c5b4ef55f6-AppendLogResponseHandler: Failed appendEntries: org.apache.ratis.thirdparty.io.grpc.StatusRuntimeException: UNAVAILABLE: io exception
2021-02-14 01:50:22,574 [grpc-default-executor-2] WARN  server.GrpcLogAppender (GrpcLogAppender.java:resetClient(111)) - 46453c06-aa66-4ab8-8a2c-ab2255a053c6@group-14ED30695F7D->fe88e678-cae2-4575-8bb5-90c5b4ef55f6-GrpcLogAppender: Leader has not got in touch with Follower 46453c06-aa66-4ab8-8a2c-ab2255a053c6@group-14ED30695F7D->fe88e678-cae2-4575-8bb5-90c5b4ef55f6(c0,m0,n1, attendVote=true, lastRpcSendTime=0, lastRpcResponseTime=2501) yet, just keep nextIndex unchanged and retry.
2021-02-14 01:50:23,266 [grpc-default-executor-4] WARN  server.GrpcLogAppender (LogUtils.java:warn(122)) - 13da2f53-0476-4a03-b606-a9c3a1877f5a@group-248E97A0B5F6->f8feeaac-d8ae-4c99-8c47-cf05d6facd09-AppendLogResponseHandler: Failed appendEntries: org.apache.ratis.thirdparty.io.grpc.StatusRuntimeException: UNAVAILABLE: io exception
2021-02-14 01:50:23,267 [grpc-default-executor-4] INFO  leader.FollowerInfo (FollowerInfoImpl.java:lambda$new$0(46)) - 13da2f53-0476-4a03-b606-a9c3a1877f5a@group-248E97A0B5F6->f8feeaac-d8ae-4c99-8c47-cf05d6facd09: nextIndex: updateUnconditionally 4 -> 3
2021-02-14 01:50:24,164 [grpc-default-executor-4] WARN  server.GrpcLogAppender (LogUtils.java:warn(122)) - 13da2f53-0476-4a03-b606-a9c3a1877f5a@group-248E97A0B5F6->2ec71a43-acc1-42a3-b8ca-de3ee762a3c9-AppendLogResponseHandler: Failed appendEntries: org.apache.ratis.thirdparty.io.grpc.StatusRuntimeException: UNAVAILABLE: io exception
2021-02-14 01:50:24,164 [grpc-default-executor-4] WARN  server.GrpcLogAppender (GrpcLogAppender.java:resetClient(111)) - 13da2f53-0476-4a03-b606-a9c3a1877f5a@group-248E97A0B5F6->2ec71a43-acc1-42a3-b8ca-de3ee762a3c9-GrpcLogAppender: Leader has not got in touch with Follower 13da2f53-0476-4a03-b606-a9c3a1877f5a@group-248E97A0B5F6->2ec71a43-acc1-42a3-b8ca-de3ee762a3c9(c-1,m0,n4, attendVote=true, lastRpcSendTime=2501, lastRpcResponseTime=10310) yet, just keep nextIndex unchanged and retry.
2021-02-14 01:50:25,074 [grpc-default-executor-4] WARN  server.GrpcLogAppender (LogUtils.java:warn(122)) - 46453c06-aa66-4ab8-8a2c-ab2255a053c6@group-14ED30695F7D->fe88e678-cae2-4575-8bb5-90c5b4ef55f6-AppendLogResponseHandler: Failed appendEntries: org.apache.ratis.thirdparty.io.grpc.StatusRuntimeException: UNAVAILABLE: io exception
2021-02-14 01:50:25,074 [grpc-default-executor-4] WARN  server.GrpcLogAppender (GrpcLogAppender.java:resetClient(111)) - 46453c06-aa66-4ab8-8a2c-ab2255a053c6@group-14ED30695F7D->fe88e678-cae2-4575-8bb5-90c5b4ef55f6-GrpcLogAppender: Leader has not got in touch with Follower 46453c06-aa66-4ab8-8a2c-ab2255a053c6@group-14ED30695F7D->fe88e678-cae2-4575-8bb5-90c5b4ef55f6(c0,m0,n1, attendVote=true, lastRpcSendTime=0, lastRpcResponseTime=5002) yet, just keep nextIndex unchanged and retry.
2021-02-14 01:50:25,766 [grpc-default-executor-4] WARN  server.GrpcLogAppender (LogUtils.java:warn(122)) - 13da2f53-0476-4a03-b606-a9c3a1877f5a@group-248E97A0B5F6->f8feeaac-d8ae-4c99-8c47-cf05d6facd09-AppendLogResponseHandler: Failed appendEntries: org.apache.ratis.thirdparty.io.grpc.StatusRuntimeException: UNAVAILABLE: io exception
2021-02-14 01:50:25,767 [grpc-default-executor-4] INFO  leader.FollowerInfo (FollowerInfoImpl.java:lambda$new$0(46)) - 13da2f53-0476-4a03-b606-a9c3a1877f5a@group-248E97A0B5F6->f8feeaac-d8ae-4c99-8c47-cf05d6facd09: nextIndex: updateUnconditionally 4 -> 3
2021-02-14 01:50:25,833 [Listener at 127.0.0.1/42551] INFO  ozoneimpl.OzoneContainer (OzoneContainer.java:stop(273)) - Attempting to stop container services.
2021-02-14 01:50:25,834 [Listener at 127.0.0.1/42551] INFO  server.RaftServer (RaftServerProxy.java:lambda$close$6(391)) - 66662ab8-1b94-466a-9131-2b6af2fadcad: close
2021-02-14 01:50:25,834 [Listener at 127.0.0.1/42551] INFO  server.RaftServer$Division (RaftServerImpl.java:lambda$close$4(406)) - 66662ab8-1b94-466a-9131-2b6af2fadcad@group-14ED30695F7D: shutdown
2021-02-14 01:50:25,835 [Listener at 127.0.0.1/42551] INFO  util.JmxRegister (JmxRegister.java:unregister(73)) - Successfully un-registered JMX Bean with object name Ratis:service=RaftServer,group=group-14ED30695F7D,id=66662ab8-1b94-466a-9131-2b6af2fadcad
2021-02-14 01:50:25,835 [Listener at 127.0.0.1/42551] INFO  impl.RoleInfo (RoleInfo.java:shutdownFollowerState(108)) - 66662ab8-1b94-466a-9131-2b6af2fadcad: shutdown 66662ab8-1b94-466a-9131-2b6af2fadcad@group-14ED30695F7D-FollowerState
2021-02-14 01:50:25,835 [Listener at 127.0.0.1/42551] INFO  impl.StateMachineUpdater (StateMachineUpdater.java:stopAndJoin(148)) - 66662ab8-1b94-466a-9131-2b6af2fadcad@group-14ED30695F7D-StateMachineUpdater: set stopIndex = 0
2021-02-14 01:50:25,835 [66662ab8-1b94-466a-9131-2b6af2fadcad@group-14ED30695F7D-StateMachineUpdater] INFO  ratis.ContainerStateMachine (ContainerStateMachine.java:takeSnapshot(291)) - group-14ED30695F7D: Taking a snapshot at:(t:1, i:0) file /github/workspace/mnt/ozone/hadoop-ozone/integration-test/target/test-dir/MiniOzoneClusterImpl-b3eef9e8-6bea-4ca1-9f7b-091cac69c924/datanode-8/data/ratis/eaedb741-cb4a-4d2d-8b23-14ed30695f7d/sm/snapshot.1_0
2021-02-14 01:50:25,835 [Thread-940] INFO  impl.FollowerState (FollowerState.java:run(142)) - 66662ab8-1b94-466a-9131-2b6af2fadcad@group-14ED30695F7D-FollowerState was interrupted: {}
java.lang.InterruptedException: sleep interrupted
	at java.lang.Thread.sleep(Native Method)
	at java.lang.Thread.sleep(Thread.java:340)
	at java.util.concurrent.TimeUnit.sleep(TimeUnit.java:386)
	at org.apache.ratis.util.TimeDuration.sleep(TimeDuration.java:324)
	at org.apache.ratis.util.TimeDuration.sleep(TimeDuration.java:309)
	at org.apache.ratis.server.impl.FollowerState.run(FollowerState.java:117)
2021-02-14 01:50:25,837 [66662ab8-1b94-466a-9131-2b6af2fadcad@group-14ED30695F7D-StateMachineUpdater] INFO  ratis.ContainerStateMachine (ContainerStateMachine.java:takeSnapshot(302)) - group-14ED30695F7D: Finished taking a snapshot at:(t:1, i:0) file:/github/workspace/mnt/ozone/hadoop-ozone/integration-test/target/test-dir/MiniOzoneClusterImpl-b3eef9e8-6bea-4ca1-9f7b-091cac69c924/datanode-8/data/ratis/eaedb741-cb4a-4d2d-8b23-14ed30695f7d/sm/snapshot.1_0 took: 2 ms
2021-02-14 01:50:25,837 [66662ab8-1b94-466a-9131-2b6af2fadcad@group-14ED30695F7D-StateMachineUpdater] INFO  impl.StateMachineUpdater (StateMachineUpdater.java:takeSnapshot(279)) - 66662ab8-1b94-466a-9131-2b6af2fadcad@group-14ED30695F7D-StateMachineUpdater: Took a snapshot at index 0
2021-02-14 01:50:25,837 [66662ab8-1b94-466a-9131-2b6af2fadcad@group-14ED30695F7D-StateMachineUpdater] INFO  impl.StateMachineUpdater (StateMachineUpdater.java:lambda$new$0(88)) - 66662ab8-1b94-466a-9131-2b6af2fadcad@group-14ED30695F7D-StateMachineUpdater: snapshotIndex: updateIncreasingly -1 -> 0
2021-02-14 01:50:25,838 [66662ab8-1b94-466a-9131-2b6af2fadcad@group-14ED30695F7D-StateMachineUpdater] INFO  metrics.RatisMetrics (RatisMetrics.java:unregister(43)) - Unregistering Metrics Registry : ratis.state_machine.66662ab8-1b94-466a-9131-2b6af2fadcad@group-14ED30695F7D
2021-02-14 01:50:25,838 [Listener at 127.0.0.1/42551] INFO  server.RaftServer$Division (ServerState.java:close(405)) - 66662ab8-1b94-466a-9131-2b6af2fadcad@group-14ED30695F7D: closes. applyIndex: 0
2021-02-14 01:50:25,838 [66662ab8-1b94-466a-9131-2b6af2fadcad@group-14ED30695F7D-SegmentedRaftLogWorker] INFO  segmented.SegmentedRaftLogWorker (SegmentedRaftLogWorker.java:run(326)) - 66662ab8-1b94-466a-9131-2b6af2fadcad@group-14ED30695F7D-SegmentedRaftLogWorker was interrupted, exiting. There are 0 tasks remaining in the queue.
2021-02-14 01:50:25,838 [Listener at 127.0.0.1/42551] INFO  segmented.SegmentedRaftLogWorker (SegmentedRaftLogWorker.java:close(236)) - 66662ab8-1b94-466a-9131-2b6af2fadcad@group-14ED30695F7D-SegmentedRaftLogWorker close()
2021-02-14 01:50:25,838 [Listener at 127.0.0.1/42551] INFO  metrics.RatisMetrics (RatisMetrics.java:unregister(43)) - Unregistering Metrics Registry : ratis.log_worker.66662ab8-1b94-466a-9131-2b6af2fadcad@group-14ED30695F7D
2021-02-14 01:50:25,839 [Listener at 127.0.0.1/42551] INFO  metrics.RatisMetrics (RatisMetrics.java:unregister(43)) - Unregistering Metrics Registry : ratis.leader_election.66662ab8-1b94-466a-9131-2b6af2fadcad@group-14ED30695F7D
2021-02-14 01:50:25,839 [Listener at 127.0.0.1/42551] INFO  metrics.RatisMetrics (RatisMetrics.java:unregister(43)) - Unregistering Metrics Registry : ratis.server.66662ab8-1b94-466a-9131-2b6af2fadcad@group-14ED30695F7D
2021-02-14 01:50:25,839 [Listener at 127.0.0.1/42551] INFO  server.RaftServer$Division (RaftServerImpl.java:lambda$close$4(406)) - 66662ab8-1b94-466a-9131-2b6af2fadcad@group-6AD96DC41103: shutdown
2021-02-14 01:50:25,839 [Listener at 127.0.0.1/42551] INFO  util.JmxRegister (JmxRegister.java:unregister(73)) - Successfully un-registered JMX Bean with object name Ratis:service=RaftServer,group=group-6AD96DC41103,id=66662ab8-1b94-466a-9131-2b6af2fadcad
2021-02-14 01:50:25,839 [Listener at 127.0.0.1/42551] INFO  impl.RoleInfo (RoleInfo.java:shutdownLeaderState(91)) - 66662ab8-1b94-466a-9131-2b6af2fadcad: shutdown 66662ab8-1b94-466a-9131-2b6af2fadcad@group-6AD96DC41103-LeaderStateImpl
2021-02-14 01:50:25,840 [Listener at 127.0.0.1/42551] INFO  impl.PendingRequests (PendingRequests.java:sendNotLeaderResponses(249)) - 66662ab8-1b94-466a-9131-2b6af2fadcad@group-6AD96DC41103-PendingRequests: sendNotLeaderResponses
2021-02-14 01:50:25,841 [Listener at 127.0.0.1/42551] INFO  metrics.RatisMetrics (RatisMetrics.java:unregister(43)) - Unregistering Metrics Registry : ratis.log_appender.66662ab8-1b94-466a-9131-2b6af2fadcad@group-6AD96DC41103
2021-02-14 01:50:25,841 [Listener at 127.0.0.1/42551] INFO  metrics.RatisMetrics (RatisMetrics.java:unregister(43)) - Unregistering Metrics Registry : ratis.server.66662ab8-1b94-466a-9131-2b6af2fadcad@group-6AD96DC41103
2021-02-14 01:50:25,842 [Listener at 127.0.0.1/42551] INFO  impl.StateMachineUpdater (StateMachineUpdater.java:stopAndJoin(148)) - 66662ab8-1b94-466a-9131-2b6af2fadcad@group-6AD96DC41103-StateMachineUpdater: set stopIndex = 0
2021-02-14 01:50:25,842 [66662ab8-1b94-466a-9131-2b6af2fadcad@group-6AD96DC41103-StateMachineUpdater] INFO  ratis.ContainerStateMachine (ContainerStateMachine.java:takeSnapshot(291)) - group-6AD96DC41103: Taking a snapshot at:(t:1, i:0) file /github/workspace/mnt/ozone/hadoop-ozone/integration-test/target/test-dir/MiniOzoneClusterImpl-b3eef9e8-6bea-4ca1-9f7b-091cac69c924/datanode-8/data/ratis/46603de1-c73c-4eae-85c9-6ad96dc41103/sm/snapshot.1_0
2021-02-14 01:50:25,843 [66662ab8-1b94-466a-9131-2b6af2fadcad@group-6AD96DC41103-StateMachineUpdater] INFO  ratis.ContainerStateMachine (ContainerStateMachine.java:takeSnapshot(302)) - group-6AD96DC41103: Finished taking a snapshot at:(t:1, i:0) file:/github/workspace/mnt/ozone/hadoop-ozone/integration-test/target/test-dir/MiniOzoneClusterImpl-b3eef9e8-6bea-4ca1-9f7b-091cac69c924/datanode-8/data/ratis/46603de1-c73c-4eae-85c9-6ad96dc41103/sm/snapshot.1_0 took: 1 ms
2021-02-14 01:50:25,843 [66662ab8-1b94-466a-9131-2b6af2fadcad@group-6AD96DC41103-StateMachineUpdater] INFO  impl.StateMachineUpdater (StateMachineUpdater.java:takeSnapshot(279)) - 66662ab8-1b94-466a-9131-2b6af2fadcad@group-6AD96DC41103-StateMachineUpdater: Took a snapshot at index 0
2021-02-14 01:50:25,843 [66662ab8-1b94-466a-9131-2b6af2fadcad@group-6AD96DC41103-StateMachineUpdater] INFO  impl.StateMachineUpdater (StateMachineUpdater.java:lambda$new$0(88)) - 66662ab8-1b94-466a-9131-2b6af2fadcad@group-6AD96DC41103-StateMachineUpdater: snapshotIndex: updateIncreasingly -1 -> 0
2021-02-14 01:50:25,843 [66662ab8-1b94-466a-9131-2b6af2fadcad@group-6AD96DC41103-StateMachineUpdater] INFO  metrics.RatisMetrics (RatisMetrics.java:unregister(43)) - Unregistering Metrics Registry : ratis.state_machine.66662ab8-1b94-466a-9131-2b6af2fadcad@group-6AD96DC41103
2021-02-14 01:50:25,844 [Listener at 127.0.0.1/42551] INFO  server.RaftServer$Division (ServerState.java:close(405)) - 66662ab8-1b94-466a-9131-2b6af2fadcad@group-6AD96DC41103: closes. applyIndex: 0
2021-02-14 01:50:25,844 [ForkJoinPool.commonPool-worker-1] INFO  ozoneimpl.OzoneContainer (OzoneContainer.java:stop(273)) - Attempting to stop container services.
2021-02-14 01:50:25,844 [66662ab8-1b94-466a-9131-2b6af2fadcad@group-6AD96DC41103-SegmentedRaftLogWorker] INFO  segmented.SegmentedRaftLogWorker (SegmentedRaftLogWorker.java:run(326)) - 66662ab8-1b94-466a-9131-2b6af2fadcad@group-6AD96DC41103-SegmentedRaftLogWorker was interrupted, exiting. There are 0 tasks remaining in the queue.
2021-02-14 01:50:25,845 [Listener at 127.0.0.1/42551] INFO  segmented.SegmentedRaftLogWorker (SegmentedRaftLogWorker.java:close(236)) - 66662ab8-1b94-466a-9131-2b6af2fadcad@group-6AD96DC41103-SegmentedRaftLogWorker close()
2021-02-14 01:50:25,845 [ForkJoinPool.commonPool-worker-1] INFO  server.RaftServer (RaftServerProxy.java:lambda$close$6(391)) - 13da2f53-0476-4a03-b606-a9c3a1877f5a: close
2021-02-14 01:50:25,845 [ForkJoinPool.commonPool-worker-1] INFO  server.RaftServer$Division (RaftServerImpl.java:lambda$close$4(406)) - 13da2f53-0476-4a03-b606-a9c3a1877f5a@group-88E6FB4C8968: shutdown
2021-02-14 01:50:25,845 [ForkJoinPool.commonPool-worker-1] INFO  util.JmxRegister (JmxRegister.java:unregister(73)) - Successfully un-registered JMX Bean with object name Ratis:service=RaftServer,group=group-88E6FB4C8968,id=13da2f53-0476-4a03-b606-a9c3a1877f5a
2021-02-14 01:50:25,846 [ForkJoinPool.commonPool-worker-1] INFO  impl.RoleInfo (RoleInfo.java:shutdownLeaderState(91)) - 13da2f53-0476-4a03-b606-a9c3a1877f5a: shutdown 13da2f53-0476-4a03-b606-a9c3a1877f5a@group-88E6FB4C8968-LeaderStateImpl
2021-02-14 01:50:25,846 [ForkJoinPool.commonPool-worker-1] INFO  impl.PendingRequests (PendingRequests.java:sendNotLeaderResponses(249)) - 13da2f53-0476-4a03-b606-a9c3a1877f5a@group-88E6FB4C8968-PendingRequests: sendNotLeaderResponses
2021-02-14 01:50:25,846 [ForkJoinPool.commonPool-worker-1] INFO  metrics.RatisMetrics (RatisMetrics.java:unregister(43)) - Unregistering Metrics Registry : ratis.log_appender.13da2f53-0476-4a03-b606-a9c3a1877f5a@group-88E6FB4C8968
2021-02-14 01:50:25,846 [ForkJoinPool.commonPool-worker-1] INFO  metrics.RatisMetrics (RatisMetrics.java:unregister(43)) - Unregistering Metrics Registry : ratis.server.13da2f53-0476-4a03-b606-a9c3a1877f5a@group-88E6FB4C8968
2021-02-14 01:50:25,847 [ForkJoinPool.commonPool-worker-1] INFO  impl.StateMachineUpdater (StateMachineUpdater.java:stopAndJoin(148)) - 13da2f53-0476-4a03-b606-a9c3a1877f5a@group-88E6FB4C8968-StateMachineUpdater: set stopIndex = 0
2021-02-14 01:50:25,847 [Listener at 127.0.0.1/42551] INFO  metrics.RatisMetrics (RatisMetrics.java:unregister(43)) - Unregistering Metrics Registry : ratis.log_worker.66662ab8-1b94-466a-9131-2b6af2fadcad@group-6AD96DC41103
2021-02-14 01:50:25,847 [13da2f53-0476-4a03-b606-a9c3a1877f5a@group-88E6FB4C8968-StateMachineUpdater] INFO  ratis.ContainerStateMachine (ContainerStateMachine.java:takeSnapshot(291)) - group-88E6FB4C8968: Taking a snapshot at:(t:1, i:0) file /github/workspace/mnt/ozone/hadoop-ozone/integration-test/target/test-dir/MiniOzoneClusterImpl-b3eef9e8-6bea-4ca1-9f7b-091cac69c924/datanode-1/data/ratis/62741a13-1100-4dfe-82cb-88e6fb4c8968/sm/snapshot.1_0
2021-02-14 01:50:25,848 [13da2f53-0476-4a03-b606-a9c3a1877f5a@group-88E6FB4C8968-StateMachineUpdater] INFO  ratis.ContainerStateMachine (ContainerStateMachine.java:takeSnapshot(302)) - group-88E6FB4C8968: Finished taking a snapshot at:(t:1, i:0) file:/github/workspace/mnt/ozone/hadoop-ozone/integration-test/target/test-dir/MiniOzoneClusterImpl-b3eef9e8-6bea-4ca1-9f7b-091cac69c924/datanode-1/data/ratis/62741a13-1100-4dfe-82cb-88e6fb4c8968/sm/snapshot.1_0 took: 1 ms
2021-02-14 01:50:25,847 [Listener at 127.0.0.1/42551] INFO  metrics.RatisMetrics (RatisMetrics.java:unregister(43)) - Unregistering Metrics Registry : ratis.leader_election.66662ab8-1b94-466a-9131-2b6af2fadcad@group-6AD96DC41103
2021-02-14 01:50:25,848 [13da2f53-0476-4a03-b606-a9c3a1877f5a@group-88E6FB4C8968-StateMachineUpdater] INFO  impl.StateMachineUpdater (StateMachineUpdater.java:takeSnapshot(279)) - 13da2f53-0476-4a03-b606-a9c3a1877f5a@group-88E6FB4C8968-StateMachineUpdater: Took a snapshot at index 0
2021-02-14 01:50:25,848 [13da2f53-0476-4a03-b606-a9c3a1877f5a@group-88E6FB4C8968-StateMachineUpdater] INFO  impl.StateMachineUpdater (StateMachineUpdater.java:lambda$new$0(88)) - 13da2f53-0476-4a03-b606-a9c3a1877f5a@group-88E6FB4C8968-StateMachineUpdater: snapshotIndex: updateIncreasingly -1 -> 0
2021-02-14 01:50:25,848 [13da2f53-0476-4a03-b606-a9c3a1877f5a@group-88E6FB4C8968-StateMachineUpdater] INFO  metrics.RatisMetrics (RatisMetrics.java:unregister(43)) - Unregistering Metrics Registry : ratis.state_machine.13da2f53-0476-4a03-b606-a9c3a1877f5a@group-88E6FB4C8968
2021-02-14 01:50:25,848 [ForkJoinPool.commonPool-worker-1] INFO  server.RaftServer$Division (ServerState.java:close(405)) - 13da2f53-0476-4a03-b606-a9c3a1877f5a@group-88E6FB4C8968: closes. applyIndex: 0
2021-02-14 01:50:25,848 [Listener at 127.0.0.1/42551] INFO  metrics.RatisMetrics (RatisMetrics.java:unregister(43)) - Unregistering Metrics Registry : ratis.server.66662ab8-1b94-466a-9131-2b6af2fadcad@group-6AD96DC41103
2021-02-14 01:50:25,848 [13da2f53-0476-4a03-b606-a9c3a1877f5a@group-88E6FB4C8968-SegmentedRaftLogWorker] INFO  segmented.SegmentedRaftLogWorker (SegmentedRaftLogWorker.java:run(326)) - 13da2f53-0476-4a03-b606-a9c3a1877f5a@group-88E6FB4C8968-SegmentedRaftLogWorker was interrupted, exiting. There are 0 tasks remaining in the queue.
2021-02-14 01:50:25,849 [ForkJoinPool.commonPool-worker-1] INFO  segmented.SegmentedRaftLogWorker (SegmentedRaftLogWorker.java:close(236)) - 13da2f53-0476-4a03-b606-a9c3a1877f5a@group-88E6FB4C8968-SegmentedRaftLogWorker close()
2021-02-14 01:50:25,849 [ForkJoinPool.commonPool-worker-1] INFO  metrics.RatisMetrics (RatisMetrics.java:unregister(43)) - Unregistering Metrics Registry : ratis.log_worker.13da2f53-0476-4a03-b606-a9c3a1877f5a@group-88E6FB4C8968
2021-02-14 01:50:25,849 [ForkJoinPool.commonPool-worker-1] INFO  metrics.RatisMetrics (RatisMetrics.java:unregister(43)) - Unregistering Metrics Registry : ratis.leader_election.13da2f53-0476-4a03-b606-a9c3a1877f5a@group-88E6FB4C8968
2021-02-14 01:50:25,849 [ForkJoinPool.commonPool-worker-1] INFO  metrics.RatisMetrics (RatisMetrics.java:unregister(43)) - Unregistering Metrics Registry : ratis.server.13da2f53-0476-4a03-b606-a9c3a1877f5a@group-88E6FB4C8968
2021-02-14 01:50:25,849 [ForkJoinPool.commonPool-worker-1] INFO  server.RaftServer$Division (RaftServerImpl.java:lambda$close$4(406)) - 13da2f53-0476-4a03-b606-a9c3a1877f5a@group-248E97A0B5F6: shutdown
2021-02-14 01:50:25,849 [ForkJoinPool.commonPool-worker-1] INFO  util.JmxRegister (JmxRegister.java:unregister(73)) - Successfully un-registered JMX Bean with object name Ratis:service=RaftServer,group=group-248E97A0B5F6,id=13da2f53-0476-4a03-b606-a9c3a1877f5a
2021-02-14 01:50:25,850 [ForkJoinPool.commonPool-worker-1] INFO  impl.RoleInfo (RoleInfo.java:shutdownLeaderState(91)) - 13da2f53-0476-4a03-b606-a9c3a1877f5a: shutdown 13da2f53-0476-4a03-b606-a9c3a1877f5a@group-248E97A0B5F6-LeaderStateImpl
2021-02-14 01:50:25,850 [ForkJoinPool.commonPool-worker-1] INFO  metrics.RatisMetrics (RatisMetrics.java:unregister(43)) - Unregistering Metrics Registry : ratis_grpc.log_appender.13da2f53-0476-4a03-b606-a9c3a1877f5a@group-248E97A0B5F6
2021-02-14 01:50:25,850 [ForkJoinPool.commonPool-worker-1] INFO  metrics.RatisMetrics (RatisMetrics.java:unregister(43)) - Unregistering Metrics Registry : ratis_grpc.log_appender.13da2f53-0476-4a03-b606-a9c3a1877f5a@group-248E97A0B5F6
2021-02-14 01:50:25,850 [ForkJoinPool.commonPool-worker-1] INFO  impl.PendingRequests (PendingRequests.java:sendNotLeaderResponses(249)) - 13da2f53-0476-4a03-b606-a9c3a1877f5a@group-248E97A0B5F6-PendingRequests: sendNotLeaderResponses
2021-02-14 01:50:25,849 [Listener at 127.0.0.1/42551] INFO  server.GrpcService (GrpcService.java:closeImpl(262)) - 66662ab8-1b94-466a-9131-2b6af2fadcad: shutdown server with port 46429 now
2021-02-14 01:50:25,850 [13da2f53-0476-4a03-b606-a9c3a1877f5a@group-248E97A0B5F6->f8feeaac-d8ae-4c99-8c47-cf05d6facd09-GrpcLogAppender-LogAppenderDaemon] WARN  server.GrpcLogAppender (GrpcLogAppender.java:mayWait(175)) - 13da2f53-0476-4a03-b606-a9c3a1877f5a@group-248E97A0B5F6->f8feeaac-d8ae-4c99-8c47-cf05d6facd09-GrpcLogAppender: Wait interrupted by java.lang.InterruptedException
2021-02-14 01:50:25,852 [ForkJoinPool.commonPool-worker-1] INFO  metrics.RatisMetrics (RatisMetrics.java:unregister(43)) - Unregistering Metrics Registry : ratis.log_appender.13da2f53-0476-4a03-b606-a9c3a1877f5a@group-248E97A0B5F6
2021-02-14 01:50:25,853 [ForkJoinPool.commonPool-worker-1] INFO  metrics.RatisMetrics (RatisMetrics.java:unregister(43)) - Unregistering Metrics Registry : ratis.server.13da2f53-0476-4a03-b606-a9c3a1877f5a@group-248E97A0B5F6
2021-02-14 01:50:25,853 [13da2f53-0476-4a03-b606-a9c3a1877f5a@group-248E97A0B5F6-StateMachineUpdater] INFO  ratis.ContainerStateMachine (ContainerStateMachine.java:takeSnapshot(291)) - group-248E97A0B5F6: Taking a snapshot at:(t:9, i:3) file /github/workspace/mnt/ozone/hadoop-ozone/integration-test/target/test-dir/MiniOzoneClusterImpl-b3eef9e8-6bea-4ca1-9f7b-091cac69c924/datanode-1/data/ratis/12b43190-c0bf-432e-b224-248e97a0b5f6/sm/snapshot.9_3
2021-02-14 01:50:25,854 [ForkJoinPool.commonPool-worker-1] INFO  impl.StateMachineUpdater (StateMachineUpdater.java:stopAndJoin(148)) - 13da2f53-0476-4a03-b606-a9c3a1877f5a@group-248E97A0B5F6-StateMachineUpdater: set stopIndex = 3
2021-02-14 01:50:25,855 [13da2f53-0476-4a03-b606-a9c3a1877f5a@group-248E97A0B5F6-StateMachineUpdater] INFO  ratis.ContainerStateMachine (ContainerStateMachine.java:takeSnapshot(302)) - group-248E97A0B5F6: Finished taking a snapshot at:(t:9, i:3) file:/github/workspace/mnt/ozone/hadoop-ozone/integration-test/target/test-dir/MiniOzoneClusterImpl-b3eef9e8-6bea-4ca1-9f7b-091cac69c924/datanode-1/data/ratis/12b43190-c0bf-432e-b224-248e97a0b5f6/sm/snapshot.9_3 took: 1 ms
2021-02-14 01:50:25,855 [13da2f53-0476-4a03-b606-a9c3a1877f5a@group-248E97A0B5F6-StateMachineUpdater] INFO  impl.StateMachineUpdater (StateMachineUpdater.java:takeSnapshot(279)) - 13da2f53-0476-4a03-b606-a9c3a1877f5a@group-248E97A0B5F6-StateMachineUpdater: Took a snapshot at index 3
2021-02-14 01:50:25,855 [13da2f53-0476-4a03-b606-a9c3a1877f5a@group-248E97A0B5F6-StateMachineUpdater] INFO  impl.StateMachineUpdater (StateMachineUpdater.java:lambda$new$0(88)) - 13da2f53-0476-4a03-b606-a9c3a1877f5a@group-248E97A0B5F6-StateMachineUpdater: snapshotIndex: updateIncreasingly -1 -> 3
2021-02-14 01:50:25,855 [13da2f53-0476-4a03-b606-a9c3a1877f5a@group-248E97A0B5F6-StateMachineUpdater] INFO  metrics.RatisMetrics (RatisMetrics.java:unregister(43)) - Unregistering Metrics Registry : ratis.state_machine.13da2f53-0476-4a03-b606-a9c3a1877f5a@group-248E97A0B5F6
2021-02-14 01:50:25,856 [ForkJoinPool.commonPool-worker-1] INFO  server.RaftServer$Division (ServerState.java:close(405)) - 13da2f53-0476-4a03-b606-a9c3a1877f5a@group-248E97A0B5F6: closes. applyIndex: 3
2021-02-14 01:50:25,856 [13da2f53-0476-4a03-b606-a9c3a1877f5a@group-248E97A0B5F6-SegmentedRaftLogWorker] INFO  segmented.SegmentedRaftLogWorker (SegmentedRaftLogWorker.java:run(326)) - 13da2f53-0476-4a03-b606-a9c3a1877f5a@group-248E97A0B5F6-SegmentedRaftLogWorker was interrupted, exiting. There are 0 tasks remaining in the queue.
2021-02-14 01:50:25,856 [ForkJoinPool.commonPool-worker-1] INFO  segmented.SegmentedRaftLogWorker (SegmentedRaftLogWorker.java:close(236)) - 13da2f53-0476-4a03-b606-a9c3a1877f5a@group-248E97A0B5F6-SegmentedRaftLogWorker close()
2021-02-14 01:50:25,856 [ForkJoinPool.commonPool-worker-1] INFO  metrics.RatisMetrics (RatisMetrics.java:unregister(43)) - Unregistering Metrics Registry : ratis.log_worker.13da2f53-0476-4a03-b606-a9c3a1877f5a@group-248E97A0B5F6
2021-02-14 01:50:25,857 [grpc-default-executor-2] WARN  server.GrpcServerProtocolService (LogUtils.java:warn(122)) - 66662ab8-1b94-466a-9131-2b6af2fadcad: installSnapshot onError, lastRequest: 46453c06-aa66-4ab8-8a2c-ab2255a053c6->66662ab8-1b94-466a-9131-2b6af2fadcad#1-t1,previous=(t:0, i:0),leaderCommit=0,initializing? true,entries: size=1, first=(t:1, i:0), CONFIGURATIONENTRY: org.apache.ratis.thirdparty.io.grpc.StatusRuntimeException: CANCELLED: client cancelled
2021-02-14 01:50:25,857 [Listener at 127.0.0.1/42551] INFO  server.GrpcService (GrpcService.java:closeImpl(271)) - 66662ab8-1b94-466a-9131-2b6af2fadcad: shutdown server with port 46429 successfully
2021-02-14 01:50:25,857 [ForkJoinPool.commonPool-worker-1] INFO  metrics.RatisMetrics (RatisMetrics.java:unregister(43)) - Unregistering Metrics Registry : ratis.leader_election.13da2f53-0476-4a03-b606-a9c3a1877f5a@group-248E97A0B5F6
2021-02-14 01:50:25,857 [ForkJoinPool.commonPool-worker-1] INFO  metrics.RatisMetrics (RatisMetrics.java:unregister(43)) - Unregistering Metrics Registry : ratis.server.13da2f53-0476-4a03-b606-a9c3a1877f5a@group-248E97A0B5F6
2021-02-14 01:50:25,857 [ForkJoinPool.commonPool-worker-1] INFO  server.GrpcService (GrpcService.java:closeImpl(262)) - 13da2f53-0476-4a03-b606-a9c3a1877f5a: shutdown server with port 44773 now
2021-02-14 01:50:25,857 [grpc-default-executor-4] WARN  server.GrpcLogAppender (LogUtils.java:warn(122)) - 46453c06-aa66-4ab8-8a2c-ab2255a053c6@group-14ED30695F7D->66662ab8-1b94-466a-9131-2b6af2fadcad-AppendLogResponseHandler: Failed appendEntries: org.apache.ratis.thirdparty.io.grpc.StatusRuntimeException: CANCELLED: HTTP/2 error code: CANCEL
Received Rst Stream
2021-02-14 01:50:25,857 [org.apache.ratis.util.JvmPauseMonitor$$Lambda$504/2142442467@54ea0059] INFO  util.JvmPauseMonitor (JvmPauseMonitor.java:run(109)) - JvmPauseMonitor-66662ab8-1b94-466a-9131-2b6af2fadcad: Stopped
2021-02-14 01:50:25,857 [grpc-default-executor-4] WARN  server.GrpcLogAppender (GrpcLogAppender.java:resetClient(111)) - 46453c06-aa66-4ab8-8a2c-ab2255a053c6@group-14ED30695F7D->66662ab8-1b94-466a-9131-2b6af2fadcad-GrpcLogAppender: Leader has not got in touch with Follower 46453c06-aa66-4ab8-8a2c-ab2255a053c6@group-14ED30695F7D->66662ab8-1b94-466a-9131-2b6af2fadcad(c0,m0,n1, attendVote=true, lastRpcSendTime=781, lastRpcResponseTime=780) yet, just keep nextIndex unchanged and retry.
2021-02-14 01:50:25,859 [Listener at 127.0.0.1/42551] INFO  utils.BackgroundService (BackgroundService.java:shutdown(132)) - Shutting down service BlockDeletingService
2021-02-14 01:50:25,863 [Listener at 127.0.0.1/42551] INFO  statemachine.DatanodeStateMachine (DatanodeStateMachine.java:stopDaemon(470)) - Ozone container server stopped.
2021-02-14 01:50:25,900 [ForkJoinPool.commonPool-worker-1] INFO  server.GrpcService (GrpcService.java:closeImpl(271)) - 13da2f53-0476-4a03-b606-a9c3a1877f5a: shutdown server with port 44773 successfully
2021-02-14 01:50:25,901 [org.apache.ratis.util.JvmPauseMonitor$$Lambda$504/2142442467@1f499241] INFO  util.JvmPauseMonitor (JvmPauseMonitor.java:run(109)) - JvmPauseMonitor-13da2f53-0476-4a03-b606-a9c3a1877f5a: Stopped
2021-02-14 01:50:25,904 [Listener at 127.0.0.1/42551] INFO  handler.ContextHandler (ContextHandler.java:doStop(1154)) - Stopped o.e.j.w.WebAppContext@5b0bfe86{hddsDatanode,/,null,STOPPED}{jar:file:/home/user/.m2/repository/org/apache/hadoop/hadoop-hdds-container-service/1.1.0-SNAPSHOT/hadoop-hdds-container-service-1.1.0-SNAPSHOT.jar!/webapps/hddsDatanode}
2021-02-14 01:50:25,911 [Listener at 127.0.0.1/42551] INFO  server.AbstractConnector (AbstractConnector.java:doStop(381)) - Stopped ServerConnector@495cae6c{HTTP/1.1, (http/1.1)}{0.0.0.0:0}
2021-02-14 01:50:25,912 [Listener at 127.0.0.1/42551] INFO  server.session (HouseKeeper.java:stopScavenging(149)) - node0 Stopped scavenging
2021-02-14 01:50:25,912 [Listener at 127.0.0.1/42551] INFO  handler.ContextHandler (ContextHandler.java:doStop(1154)) - Stopped o.e.j.s.ServletContextHandler@3fddbcb1{static,/static,jar:file:/home/user/.m2/repository/org/apache/hadoop/hadoop-hdds-container-service/1.1.0-SNAPSHOT/hadoop-hdds-container-service-1.1.0-SNAPSHOT.jar!/webapps/static,STOPPED}
2021-02-14 01:50:25,912 [Listener at 127.0.0.1/42551] INFO  handler.ContextHandler (ContextHandler.java:doStop(1154)) - Stopped o.e.j.s.ServletContextHandler@3f324b5a{logs,/logs,file:///github/workspace/mnt/ozone/hadoop-ozone/integration-test/target/log,STOPPED}
2021-02-14 01:50:25,969 [ForkJoinPool.commonPool-worker-1] INFO  utils.BackgroundService (BackgroundService.java:shutdown(132)) - Shutting down service BlockDeletingService
2021-02-14 01:50:25,971 [ForkJoinPool.commonPool-worker-1] INFO  statemachine.DatanodeStateMachine (DatanodeStateMachine.java:stopDaemon(470)) - Ozone container server stopped.
2021-02-14 01:50:26,028 [ForkJoinPool.commonPool-worker-1] INFO  handler.ContextHandler (ContextHandler.java:doStop(1154)) - Stopped o.e.j.w.WebAppContext@1abd92c6{hddsDatanode,/,null,STOPPED}{jar:file:/home/user/.m2/repository/org/apache/hadoop/hadoop-hdds-container-service/1.1.0-SNAPSHOT/hadoop-hdds-container-service-1.1.0-SNAPSHOT.jar!/webapps/hddsDatanode}
2021-02-14 01:50:26,029 [ForkJoinPool.commonPool-worker-1] INFO  server.AbstractConnector (AbstractConnector.java:doStop(381)) - Stopped ServerConnector@17163282{HTTP/1.1, (http/1.1)}{0.0.0.0:0}
2021-02-14 01:50:26,029 [ForkJoinPool.commonPool-worker-1] INFO  server.session (HouseKeeper.java:stopScavenging(149)) - node0 Stopped scavenging
2021-02-14 01:50:26,029 [ForkJoinPool.commonPool-worker-1] INFO  handler.ContextHandler (ContextHandler.java:doStop(1154)) - Stopped o.e.j.s.ServletContextHandler@6d1aa79c{static,/static,jar:file:/home/user/.m2/repository/org/apache/hadoop/hadoop-hdds-container-service/1.1.0-SNAPSHOT/hadoop-hdds-container-service-1.1.0-SNAPSHOT.jar!/webapps/static,STOPPED}
2021-02-14 01:50:26,029 [ForkJoinPool.commonPool-worker-1] INFO  handler.ContextHandler (ContextHandler.java:doStop(1154)) - Stopped o.e.j.s.ServletContextHandler@6ea4403f{logs,/logs,file:///github/workspace/mnt/ozone/hadoop-ozone/integration-test/target/log,STOPPED}
2021-02-14 01:50:26,045 [Datanode State Machine Thread - 0] INFO  statemachine.DatanodeStateMachine (DatanodeStateMachine.java:lambda$startDaemon$0(412)) - Ozone container server started.
2021-02-14 01:50:27,574 [grpc-default-executor-4] WARN  server.GrpcLogAppender (LogUtils.java:warn(122)) - 46453c06-aa66-4ab8-8a2c-ab2255a053c6@group-14ED30695F7D->fe88e678-cae2-4575-8bb5-90c5b4ef55f6-AppendLogResponseHandler: Failed appendEntries: org.apache.ratis.thirdparty.io.grpc.StatusRuntimeException: UNAVAILABLE: io exception
2021-02-14 01:50:27,575 [grpc-default-executor-4] WARN  server.GrpcLogAppender (GrpcLogAppender.java:resetClient(111)) - 46453c06-aa66-4ab8-8a2c-ab2255a053c6@group-14ED30695F7D->fe88e678-cae2-4575-8bb5-90c5b4ef55f6-GrpcLogAppender: Leader has not got in touch with Follower 46453c06-aa66-4ab8-8a2c-ab2255a053c6@group-14ED30695F7D->fe88e678-cae2-4575-8bb5-90c5b4ef55f6(c0,m0,n1, attendVote=true, lastRpcSendTime=2501, lastRpcResponseTime=7502) yet, just keep nextIndex unchanged and retry.
2021-02-14 01:50:27,578 [grpc-default-executor-2] WARN  server.GrpcLogAppender (LogUtils.java:warn(122)) - 46453c06-aa66-4ab8-8a2c-ab2255a053c6@group-14ED30695F7D->66662ab8-1b94-466a-9131-2b6af2fadcad-AppendLogResponseHandler: Failed appendEntries: org.apache.ratis.thirdparty.io.grpc.StatusRuntimeException: UNAVAILABLE: io exception
2021-02-14 01:50:27,579 [grpc-default-executor-2] WARN  server.GrpcLogAppender (GrpcLogAppender.java:resetClient(111)) - 46453c06-aa66-4ab8-8a2c-ab2255a053c6@group-14ED30695F7D->66662ab8-1b94-466a-9131-2b6af2fadcad-GrpcLogAppender: Leader has not got in touch with Follower 46453c06-aa66-4ab8-8a2c-ab2255a053c6@group-14ED30695F7D->66662ab8-1b94-466a-9131-2b6af2fadcad(c0,m0,n1, attendVote=true, lastRpcSendTime=1, lastRpcResponseTime=2501) yet, just keep nextIndex unchanged and retry.
2021-02-14 01:50:30,077 [grpc-default-executor-2] WARN  server.GrpcLogAppender (LogUtils.java:warn(122)) - 46453c06-aa66-4ab8-8a2c-ab2255a053c6@group-14ED30695F7D->fe88e678-cae2-4575-8bb5-90c5b4ef55f6-AppendLogResponseHandler: Failed appendEntries: org.apache.ratis.thirdparty.io.grpc.StatusRuntimeException: UNAVAILABLE: io exception
2021-02-14 01:50:30,077 [grpc-default-executor-2] WARN  server.GrpcLogAppender (GrpcLogAppender.java:resetClient(111)) - 46453c06-aa66-4ab8-8a2c-ab2255a053c6@group-14ED30695F7D->fe88e678-cae2-4575-8bb5-90c5b4ef55f6-GrpcLogAppender: Leader has not got in touch with Follower 46453c06-aa66-4ab8-8a2c-ab2255a053c6@group-14ED30695F7D->fe88e678-cae2-4575-8bb5-90c5b4ef55f6(c0,m0,n1, attendVote=true, lastRpcSendTime=2501, lastRpcResponseTime=10005) yet, just keep nextIndex unchanged and retry.
2021-02-14 01:50:30,078 [grpc-default-executor-2] WARN  server.GrpcLogAppender (LogUtils.java:warn(122)) - 46453c06-aa66-4ab8-8a2c-ab2255a053c6@group-14ED30695F7D->66662ab8-1b94-466a-9131-2b6af2fadcad-AppendLogResponseHandler: Failed appendEntries: org.apache.ratis.thirdparty.io.grpc.StatusRuntimeException: UNAVAILABLE: io exception
2021-02-14 01:50:30,078 [grpc-default-executor-2] WARN  server.GrpcLogAppender (GrpcLogAppender.java:resetClient(111)) - 46453c06-aa66-4ab8-8a2c-ab2255a053c6@group-14ED30695F7D->66662ab8-1b94-466a-9131-2b6af2fadcad-GrpcLogAppender: Leader has not got in touch with Follower 46453c06-aa66-4ab8-8a2c-ab2255a053c6@group-14ED30695F7D->66662ab8-1b94-466a-9131-2b6af2fadcad(c0,m0,n1, attendVote=true, lastRpcSendTime=0, lastRpcResponseTime=5001) yet, just keep nextIndex unchanged and retry.
2021-02-14 01:50:30,970 [Listener at 127.0.0.1/42551] INFO  ozoneimpl.OzoneContainer (OzoneContainer.java:stop(273)) - Attempting to stop container services.
2021-02-14 01:50:30,971 [Listener at 127.0.0.1/42551] INFO  server.RaftServer (RaftServerProxy.java:lambda$close$6(391)) - 46453c06-aa66-4ab8-8a2c-ab2255a053c6: close
2021-02-14 01:50:30,977 [Listener at 127.0.0.1/42551] INFO  server.RaftServer$Division (RaftServerImpl.java:lambda$close$4(406)) - 46453c06-aa66-4ab8-8a2c-ab2255a053c6@group-14ED30695F7D: shutdown
2021-02-14 01:50:30,978 [Listener at 127.0.0.1/42551] INFO  util.JmxRegister (JmxRegister.java:unregister(73)) - Successfully un-registered JMX Bean with object name Ratis:service=RaftServer,group=group-14ED30695F7D,id=46453c06-aa66-4ab8-8a2c-ab2255a053c6
2021-02-14 01:50:30,978 [Listener at 127.0.0.1/42551] INFO  impl.RoleInfo (RoleInfo.java:shutdownLeaderState(91)) - 46453c06-aa66-4ab8-8a2c-ab2255a053c6: shutdown 46453c06-aa66-4ab8-8a2c-ab2255a053c6@group-14ED30695F7D-LeaderStateImpl
2021-02-14 01:50:30,978 [Listener at 127.0.0.1/42551] INFO  metrics.RatisMetrics (RatisMetrics.java:unregister(43)) - Unregistering Metrics Registry : ratis_grpc.log_appender.46453c06-aa66-4ab8-8a2c-ab2255a053c6@group-14ED30695F7D
2021-02-14 01:50:30,978 [Listener at 127.0.0.1/42551] INFO  metrics.RatisMetrics (RatisMetrics.java:unregister(43)) - Unregistering Metrics Registry : ratis_grpc.log_appender.46453c06-aa66-4ab8-8a2c-ab2255a053c6@group-14ED30695F7D
2021-02-14 01:50:30,979 [Listener at 127.0.0.1/42551] INFO  impl.PendingRequests (PendingRequests.java:sendNotLeaderResponses(249)) - 46453c06-aa66-4ab8-8a2c-ab2255a053c6@group-14ED30695F7D-PendingRequests: sendNotLeaderResponses
2021-02-14 01:50:30,979 [Listener at 127.0.0.1/42551] INFO  metrics.RatisMetrics (RatisMetrics.java:unregister(43)) - Unregistering Metrics Registry : ratis.log_appender.46453c06-aa66-4ab8-8a2c-ab2255a053c6@group-14ED30695F7D
2021-02-14 01:50:30,979 [Listener at 127.0.0.1/42551] INFO  metrics.RatisMetrics (RatisMetrics.java:unregister(43)) - Unregistering Metrics Registry : ratis.server.46453c06-aa66-4ab8-8a2c-ab2255a053c6@group-14ED30695F7D
2021-02-14 01:50:30,980 [46453c06-aa66-4ab8-8a2c-ab2255a053c6@group-14ED30695F7D-StateMachineUpdater] INFO  ratis.ContainerStateMachine (ContainerStateMachine.java:takeSnapshot(291)) - group-14ED30695F7D: Taking a snapshot at:(t:1, i:0) file /github/workspace/mnt/ozone/hadoop-ozone/integration-test/target/test-dir/MiniOzoneClusterImpl-b3eef9e8-6bea-4ca1-9f7b-091cac69c924/datanode-6/data/ratis/eaedb741-cb4a-4d2d-8b23-14ed30695f7d/sm/snapshot.1_0
2021-02-14 01:50:30,980 [Listener at 127.0.0.1/42551] INFO  impl.StateMachineUpdater (StateMachineUpdater.java:stopAndJoin(148)) - 46453c06-aa66-4ab8-8a2c-ab2255a053c6@group-14ED30695F7D-StateMachineUpdater: set stopIndex = 0
2021-02-14 01:50:30,981 [46453c06-aa66-4ab8-8a2c-ab2255a053c6@group-14ED30695F7D-StateMachineUpdater] INFO  ratis.ContainerStateMachine (ContainerStateMachine.java:takeSnapshot(302)) - group-14ED30695F7D: Finished taking a snapshot at:(t:1, i:0) file:/github/workspace/mnt/ozone/hadoop-ozone/integration-test/target/test-dir/MiniOzoneClusterImpl-b3eef9e8-6bea-4ca1-9f7b-091cac69c924/datanode-6/data/ratis/eaedb741-cb4a-4d2d-8b23-14ed30695f7d/sm/snapshot.1_0 took: 1 ms
2021-02-14 01:50:30,981 [46453c06-aa66-4ab8-8a2c-ab2255a053c6@group-14ED30695F7D-StateMachineUpdater] INFO  impl.StateMachineUpdater (StateMachineUpdater.java:takeSnapshot(279)) - 46453c06-aa66-4ab8-8a2c-ab2255a053c6@group-14ED30695F7D-StateMachineUpdater: Took a snapshot at index 0
2021-02-14 01:50:30,981 [46453c06-aa66-4ab8-8a2c-ab2255a053c6@group-14ED30695F7D-StateMachineUpdater] INFO  impl.StateMachineUpdater (StateMachineUpdater.java:lambda$new$0(88)) - 46453c06-aa66-4ab8-8a2c-ab2255a053c6@group-14ED30695F7D-StateMachineUpdater: snapshotIndex: updateIncreasingly -1 -> 0
2021-02-14 01:50:30,981 [46453c06-aa66-4ab8-8a2c-ab2255a053c6@group-14ED30695F7D-StateMachineUpdater] INFO  metrics.RatisMetrics (RatisMetrics.java:unregister(43)) - Unregistering Metrics Registry : ratis.state_machine.46453c06-aa66-4ab8-8a2c-ab2255a053c6@group-14ED30695F7D
2021-02-14 01:50:30,982 [Listener at 127.0.0.1/42551] INFO  server.RaftServer$Division (ServerState.java:close(405)) - 46453c06-aa66-4ab8-8a2c-ab2255a053c6@group-14ED30695F7D: closes. applyIndex: 0
2021-02-14 01:50:30,982 [46453c06-aa66-4ab8-8a2c-ab2255a053c6@group-14ED30695F7D-SegmentedRaftLogWorker] INFO  segmented.SegmentedRaftLogWorker (SegmentedRaftLogWorker.java:run(326)) - 46453c06-aa66-4ab8-8a2c-ab2255a053c6@group-14ED30695F7D-SegmentedRaftLogWorker was interrupted, exiting. There are 0 tasks remaining in the queue.
2021-02-14 01:50:30,982 [Listener at 127.0.0.1/42551] INFO  segmented.SegmentedRaftLogWorker (SegmentedRaftLogWorker.java:close(236)) - 46453c06-aa66-4ab8-8a2c-ab2255a053c6@group-14ED30695F7D-SegmentedRaftLogWorker close()
2021-02-14 01:50:30,983 [Listener at 127.0.0.1/42551] INFO  metrics.RatisMetrics (RatisMetrics.java:unregister(43)) - Unregistering Metrics Registry : ratis.log_worker.46453c06-aa66-4ab8-8a2c-ab2255a053c6@group-14ED30695F7D
2021-02-14 01:50:30,983 [Listener at 127.0.0.1/42551] INFO  metrics.RatisMetrics (RatisMetrics.java:unregister(43)) - Unregistering Metrics Registry : ratis.leader_election.46453c06-aa66-4ab8-8a2c-ab2255a053c6@group-14ED30695F7D
2021-02-14 01:50:30,983 [Listener at 127.0.0.1/42551] INFO  metrics.RatisMetrics (RatisMetrics.java:unregister(43)) - Unregistering Metrics Registry : ratis.server.46453c06-aa66-4ab8-8a2c-ab2255a053c6@group-14ED30695F7D
2021-02-14 01:50:30,983 [Listener at 127.0.0.1/42551] INFO  server.RaftServer$Division (RaftServerImpl.java:lambda$close$4(406)) - 46453c06-aa66-4ab8-8a2c-ab2255a053c6@group-C82870DBEF24: shutdown
2021-02-14 01:50:30,983 [Listener at 127.0.0.1/42551] INFO  util.JmxRegister (JmxRegister.java:unregister(73)) - Successfully un-registered JMX Bean with object name Ratis:service=RaftServer,group=group-C82870DBEF24,id=46453c06-aa66-4ab8-8a2c-ab2255a053c6
2021-02-14 01:50:30,984 [Listener at 127.0.0.1/42551] INFO  impl.RoleInfo (RoleInfo.java:shutdownLeaderState(91)) - 46453c06-aa66-4ab8-8a2c-ab2255a053c6: shutdown 46453c06-aa66-4ab8-8a2c-ab2255a053c6@group-C82870DBEF24-LeaderStateImpl
2021-02-14 01:50:30,984 [Listener at 127.0.0.1/42551] INFO  impl.PendingRequests (PendingRequests.java:sendNotLeaderResponses(249)) - 46453c06-aa66-4ab8-8a2c-ab2255a053c6@group-C82870DBEF24-PendingRequests: sendNotLeaderResponses
2021-02-14 01:50:30,984 [Listener at 127.0.0.1/42551] INFO  metrics.RatisMetrics (RatisMetrics.java:unregister(43)) - Unregistering Metrics Registry : ratis.log_appender.46453c06-aa66-4ab8-8a2c-ab2255a053c6@group-C82870DBEF24
2021-02-14 01:50:30,984 [Listener at 127.0.0.1/42551] INFO  metrics.RatisMetrics (RatisMetrics.java:unregister(43)) - Unregistering Metrics Registry : ratis.server.46453c06-aa66-4ab8-8a2c-ab2255a053c6@group-C82870DBEF24
2021-02-14 01:50:30,986 [46453c06-aa66-4ab8-8a2c-ab2255a053c6@group-C82870DBEF24-StateMachineUpdater] INFO  ratis.ContainerStateMachine (ContainerStateMachine.java:takeSnapshot(291)) - group-C82870DBEF24: Taking a snapshot at:(t:1, i:0) file /github/workspace/mnt/ozone/hadoop-ozone/integration-test/target/test-dir/MiniOzoneClusterImpl-b3eef9e8-6bea-4ca1-9f7b-091cac69c924/datanode-6/data/ratis/680ca34b-de7d-45f2-9604-c82870dbef24/sm/snapshot.1_0
2021-02-14 01:50:30,986 [Listener at 127.0.0.1/42551] INFO  impl.StateMachineUpdater (StateMachineUpdater.java:stopAndJoin(148)) - 46453c06-aa66-4ab8-8a2c-ab2255a053c6@group-C82870DBEF24-StateMachineUpdater: set stopIndex = 0
2021-02-14 01:50:30,986 [46453c06-aa66-4ab8-8a2c-ab2255a053c6@group-C82870DBEF24-StateMachineUpdater] INFO  ratis.ContainerStateMachine (ContainerStateMachine.java:takeSnapshot(302)) - group-C82870DBEF24: Finished taking a snapshot at:(t:1, i:0) file:/github/workspace/mnt/ozone/hadoop-ozone/integration-test/target/test-dir/MiniOzoneClusterImpl-b3eef9e8-6bea-4ca1-9f7b-091cac69c924/datanode-6/data/ratis/680ca34b-de7d-45f2-9604-c82870dbef24/sm/snapshot.1_0 took: 1 ms
2021-02-14 01:50:30,986 [46453c06-aa66-4ab8-8a2c-ab2255a053c6@group-C82870DBEF24-StateMachineUpdater] INFO  impl.StateMachineUpdater (StateMachineUpdater.java:takeSnapshot(279)) - 46453c06-aa66-4ab8-8a2c-ab2255a053c6@group-C82870DBEF24-StateMachineUpdater: Took a snapshot at index 0
2021-02-14 01:50:30,986 [46453c06-aa66-4ab8-8a2c-ab2255a053c6@group-C82870DBEF24-StateMachineUpdater] INFO  impl.StateMachineUpdater (StateMachineUpdater.java:lambda$new$0(88)) - 46453c06-aa66-4ab8-8a2c-ab2255a053c6@group-C82870DBEF24-StateMachineUpdater: snapshotIndex: updateIncreasingly -1 -> 0
2021-02-14 01:50:30,987 [46453c06-aa66-4ab8-8a2c-ab2255a053c6@group-C82870DBEF24-StateMachineUpdater] INFO  metrics.RatisMetrics (RatisMetrics.java:unregister(43)) - Unregistering Metrics Registry : ratis.state_machine.46453c06-aa66-4ab8-8a2c-ab2255a053c6@group-C82870DBEF24
2021-02-14 01:50:30,987 [Listener at 127.0.0.1/42551] INFO  server.RaftServer$Division (ServerState.java:close(405)) - 46453c06-aa66-4ab8-8a2c-ab2255a053c6@group-C82870DBEF24: closes. applyIndex: 0
2021-02-14 01:50:30,987 [46453c06-aa66-4ab8-8a2c-ab2255a053c6@group-C82870DBEF24-SegmentedRaftLogWorker] INFO  segmented.SegmentedRaftLogWorker (SegmentedRaftLogWorker.java:run(326)) - 46453c06-aa66-4ab8-8a2c-ab2255a053c6@group-C82870DBEF24-SegmentedRaftLogWorker was interrupted, exiting. There are 0 tasks remaining in the queue.
2021-02-14 01:50:30,987 [Listener at 127.0.0.1/42551] INFO  segmented.SegmentedRaftLogWorker (SegmentedRaftLogWorker.java:close(236)) - 46453c06-aa66-4ab8-8a2c-ab2255a053c6@group-C82870DBEF24-SegmentedRaftLogWorker close()
2021-02-14 01:50:30,988 [Listener at 127.0.0.1/42551] INFO  metrics.RatisMetrics (RatisMetrics.java:unregister(43)) - Unregistering Metrics Registry : ratis.log_worker.46453c06-aa66-4ab8-8a2c-ab2255a053c6@group-C82870DBEF24
2021-02-14 01:50:30,988 [Listener at 127.0.0.1/42551] INFO  metrics.RatisMetrics (RatisMetrics.java:unregister(43)) - Unregistering Metrics Registry : ratis.leader_election.46453c06-aa66-4ab8-8a2c-ab2255a053c6@group-C82870DBEF24
2021-02-14 01:50:30,988 [Listener at 127.0.0.1/42551] INFO  metrics.RatisMetrics (RatisMetrics.java:unregister(43)) - Unregistering Metrics Registry : ratis.server.46453c06-aa66-4ab8-8a2c-ab2255a053c6@group-C82870DBEF24
2021-02-14 01:50:30,988 [Listener at 127.0.0.1/42551] INFO  server.GrpcService (GrpcService.java:closeImpl(262)) - 46453c06-aa66-4ab8-8a2c-ab2255a053c6: shutdown server with port 45889 now
2021-02-14 01:50:30,997 [Listener at 127.0.0.1/42551] INFO  server.GrpcService (GrpcService.java:closeImpl(271)) - 46453c06-aa66-4ab8-8a2c-ab2255a053c6: shutdown server with port 45889 successfully
2021-02-14 01:50:30,998 [org.apache.ratis.util.JvmPauseMonitor$$Lambda$504/2142442467@6748a311] INFO  util.JvmPauseMonitor (JvmPauseMonitor.java:run(109)) - JvmPauseMonitor-46453c06-aa66-4ab8-8a2c-ab2255a053c6: Stopped
2021-02-14 01:50:30,998 [Listener at 127.0.0.1/42551] INFO  utils.BackgroundService (BackgroundService.java:shutdown(132)) - Shutting down service BlockDeletingService
2021-02-14 01:50:31,001 [Listener at 127.0.0.1/42551] INFO  statemachine.DatanodeStateMachine (DatanodeStateMachine.java:stopDaemon(470)) - Ozone container server stopped.
2021-02-14 01:50:31,011 [Listener at 127.0.0.1/42551] INFO  handler.ContextHandler (ContextHandler.java:doStop(1154)) - Stopped o.e.j.w.WebAppContext@5ac3a89d{hddsDatanode,/,null,STOPPED}{jar:file:/home/user/.m2/repository/org/apache/hadoop/hadoop-hdds-container-service/1.1.0-SNAPSHOT/hadoop-hdds-container-service-1.1.0-SNAPSHOT.jar!/webapps/hddsDatanode}
2021-02-14 01:50:31,011 [Listener at 127.0.0.1/42551] INFO  server.AbstractConnector (AbstractConnector.java:doStop(381)) - Stopped ServerConnector@5a2c6a67{HTTP/1.1, (http/1.1)}{0.0.0.0:0}
2021-02-14 01:50:31,011 [Listener at 127.0.0.1/42551] INFO  server.session (HouseKeeper.java:stopScavenging(149)) - node0 Stopped scavenging
2021-02-14 01:50:31,012 [Listener at 127.0.0.1/42551] INFO  handler.ContextHandler (ContextHandler.java:doStop(1154)) - Stopped o.e.j.s.ServletContextHandler@5c6e4d6b{static,/static,jar:file:/home/user/.m2/repository/org/apache/hadoop/hadoop-hdds-container-service/1.1.0-SNAPSHOT/hadoop-hdds-container-service-1.1.0-SNAPSHOT.jar!/webapps/static,STOPPED}
2021-02-14 01:50:31,012 [Listener at 127.0.0.1/42551] INFO  handler.ContextHandler (ContextHandler.java:doStop(1154)) - Stopped o.e.j.s.ServletContextHandler@3f0c27dc{logs,/logs,file:///github/workspace/mnt/ozone/hadoop-ozone/integration-test/target/log,STOPPED}
2021-02-14 01:50:31,013 [Listener at 127.0.0.1/42551] INFO  ozone.MiniOzoneClusterImpl (MiniOzoneClusterImpl.java:stopSCM(489)) - Stopping the StorageContainerManager
2021-02-14 01:50:31,013 [Listener at 127.0.0.1/42551] INFO  server.StorageContainerManager (StorageContainerManager.java:stop(835)) - Stopping Replication Manager Service.
2021-02-14 01:50:31,014 [Listener at 127.0.0.1/42551] INFO  container.ReplicationManager (ReplicationManager.java:stop(227)) - Stopping Replication Monitor Thread.
2021-02-14 01:50:31,014 [Listener at 127.0.0.1/42551] INFO  server.StorageContainerManager (StorageContainerManager.java:stop(842)) - Stopping the Datanode Admin Monitor.
2021-02-14 01:50:31,014 [Listener at 127.0.0.1/42551] INFO  server.StorageContainerManager (StorageContainerManager.java:stop(849)) - Stopping Lease Manager of the command watchers
2021-02-14 01:50:31,014 [Listener at 127.0.0.1/42551] INFO  server.StorageContainerManager (StorageContainerManager.java:stop(856)) - Stopping datanode service RPC server
2021-02-14 01:50:31,015 [Listener at 127.0.0.1/42551] INFO  server.SCMDatanodeProtocolServer (SCMDatanodeProtocolServer.java:stop(369)) - Stopping the RPC server for DataNodes
2021-02-14 01:50:31,015 [Listener at 127.0.0.1/42551] INFO  ipc.Server (Server.java:stop(3403)) - Stopping server on 34627
2021-02-14 01:50:31,015 [IPC Server listener on 0] INFO  ipc.Server (Server.java:run(1366)) - Stopping IPC Server listener on 0
2021-02-14 01:50:31,017 [IPC Server Responder] INFO  ipc.Server (Server.java:run(1502)) - Stopping IPC Server Responder
2021-02-14 01:50:31,024 [SCM Heartbeat Processing Thread - 0] WARN  node.NodeStateManager (NodeStateManager.java:scheduleNextHealthCheck(688)) - Current Thread is interrupted, shutting down HB processing thread for Node Manager.
2021-02-14 01:50:31,025 [Listener at 127.0.0.1/42551] INFO  server.StorageContainerManager (StorageContainerManager.java:stop(864)) - Stopping block service RPC server
2021-02-14 01:50:31,025 [Listener at 127.0.0.1/42551] INFO  server.SCMBlockProtocolServer (SCMBlockProtocolServer.java:stop(159)) - Stopping the RPC server for Block Protocol
2021-02-14 01:50:31,025 [Listener at 127.0.0.1/42551] INFO  ipc.Server (Server.java:stop(3403)) - Stopping server on 46827
2021-02-14 01:50:31,027 [IPC Server listener on 0] INFO  ipc.Server (Server.java:run(1366)) - Stopping IPC Server listener on 0
2021-02-14 01:50:31,034 [IPC Server Responder] INFO  ipc.Server (Server.java:run(1502)) - Stopping IPC Server Responder
2021-02-14 01:50:31,034 [Listener at 127.0.0.1/42551] INFO  server.StorageContainerManager (StorageContainerManager.java:stop(871)) - Stopping the StorageContainerLocationProtocol RPC server
2021-02-14 01:50:31,034 [Listener at 127.0.0.1/42551] INFO  server.SCMClientProtocolServer (SCMClientProtocolServer.java:stop(168)) - Stopping the RPC server for Client Protocol
2021-02-14 01:50:31,034 [Listener at 127.0.0.1/42551] INFO  ipc.Server (Server.java:stop(3403)) - Stopping server on 45035
2021-02-14 01:50:31,035 [IPC Server listener on 0] INFO  ipc.Server (Server.java:run(1366)) - Stopping IPC Server listener on 0
2021-02-14 01:50:31,036 [IPC Server Responder] INFO  ipc.Server (Server.java:run(1502)) - Stopping IPC Server Responder
2021-02-14 01:50:31,037 [Listener at 127.0.0.1/42551] INFO  server.StorageContainerManager (StorageContainerManager.java:stop(878)) - Stopping Storage Container Manager HTTP server.
2021-02-14 01:50:31,037 [Listener at 127.0.0.1/42551] INFO  handler.ContextHandler (ContextHandler.java:doStop(1154)) - Stopped o.e.j.w.WebAppContext@7a21e1d4{scm,/,null,STOPPED}{file:/github/workspace/mnt/ozone/hadoop-ozone/integration-test/target/test-classes/webapps/scm}
2021-02-14 01:50:31,038 [Listener at 127.0.0.1/42551] INFO  server.AbstractConnector (AbstractConnector.java:doStop(381)) - Stopped ServerConnector@5e9e1383{HTTP/1.1, (http/1.1)}{0.0.0.0:0}
2021-02-14 01:50:31,038 [Listener at 127.0.0.1/42551] INFO  server.session (HouseKeeper.java:stopScavenging(149)) - node0 Stopped scavenging
2021-02-14 01:50:31,038 [Listener at 127.0.0.1/42551] INFO  handler.ContextHandler (ContextHandler.java:doStop(1154)) - Stopped o.e.j.s.ServletContextHandler@4ab4f6d7{static,/static,file:///github/workspace/mnt/ozone/hadoop-ozone/integration-test/target/test-classes/webapps/static,STOPPED}
2021-02-14 01:50:31,039 [Listener at 127.0.0.1/42551] INFO  handler.ContextHandler (ContextHandler.java:doStop(1154)) - Stopped o.e.j.s.ServletContextHandler@4c489191{logs,/logs,file:///github/workspace/mnt/ozone/hadoop-ozone/integration-test/target/log,STOPPED}
2021-02-14 01:50:31,040 [Listener at 127.0.0.1/42551] INFO  server.StorageContainerManager (StorageContainerManager.java:stop(889)) - Stopping Block Manager Service.
2021-02-14 01:50:31,040 [Listener at 127.0.0.1/42551] INFO  utils.BackgroundService (BackgroundService.java:shutdown(132)) - Shutting down service SCMBlockDeletingService
2021-02-14 01:50:31,041 [Listener at 127.0.0.1/42551] INFO  utils.BackgroundService (BackgroundService.java:shutdown(132)) - Shutting down service SCMBlockDeletingService
2021-02-14 01:50:31,041 [Listener at 127.0.0.1/42551] INFO  server.StorageContainerManager (StorageContainerManager.java:stop(914)) - Stopping SCM Event Queue.
2021-02-14 01:50:31,045 [Listener at 127.0.0.1/42551] INFO  impl.MetricsSystemImpl (MetricsSystemImpl.java:stop(210)) - Stopping HddsDatanode metrics system...
2021-02-14 01:50:31,055 [prometheus] INFO  impl.MetricsSinkAdapter (MetricsSinkAdapter.java:publishMetricsFromQueue(141)) - prometheus thread interrupted.
2021-02-14 01:50:31,055 [Listener at 127.0.0.1/42551] INFO  impl.MetricsSystemImpl (MetricsSystemImpl.java:stop(216)) - HddsDatanode metrics system stopped.
]]></system-out>
    <system-err><![CDATA[Feb 14, 2021 1:50:25 AM org.apache.ratis.thirdparty.io.grpc.internal.ManagedChannelOrphanWrapper$ManagedChannelReference cleanQueue
SEVERE: *~*~*~ Channel ManagedChannelImpl{logId=526, target=172.17.0.2:42991} was not shutdown properly!!! ~*~*~*
    Make sure to call shutdown()/shutdownNow() and wait until awaitTermination() returns true.
java.lang.RuntimeException: ManagedChannel allocation site
	at org.apache.ratis.thirdparty.io.grpc.internal.ManagedChannelOrphanWrapper$ManagedChannelReference.<init>(ManagedChannelOrphanWrapper.java:93)
	at org.apache.ratis.thirdparty.io.grpc.internal.ManagedChannelOrphanWrapper.<init>(ManagedChannelOrphanWrapper.java:53)
	at org.apache.ratis.thirdparty.io.grpc.internal.ManagedChannelOrphanWrapper.<init>(ManagedChannelOrphanWrapper.java:44)
	at org.apache.ratis.thirdparty.io.grpc.internal.ManagedChannelImplBuilder.build(ManagedChannelImplBuilder.java:596)
	at org.apache.ratis.thirdparty.io.grpc.ForwardingChannelBuilder.build(ForwardingChannelBuilder.java:255)
	at org.apache.ratis.grpc.client.GrpcClientProtocolClient.buildChannel(GrpcClientProtocolClient.java:159)
	at org.apache.ratis.grpc.client.GrpcClientProtocolClient.<init>(GrpcClientProtocolClient.java:110)
	at org.apache.ratis.grpc.client.GrpcClientRpc.lambda$new$0(GrpcClientRpc.java:57)
	at org.apache.ratis.util.PeerProxyMap$PeerAndProxy.lambda$getProxy$0(PeerProxyMap.java:63)
	at org.apache.ratis.util.LifeCycle.startAndTransition(LifeCycle.java:270)
	at org.apache.ratis.util.PeerProxyMap$PeerAndProxy.getProxy(PeerProxyMap.java:62)
	at org.apache.ratis.util.PeerProxyMap.getProxy(PeerProxyMap.java:114)
	at org.apache.ratis.grpc.client.GrpcClientRpc.sendRequestAsync(GrpcClientRpc.java:67)
	at org.apache.ratis.client.impl.OrderedAsync.sendRequest(OrderedAsync.java:235)
	at org.apache.ratis.client.impl.OrderedAsync.sendRequestWithRetry(OrderedAsync.java:189)
	at org.apache.ratis.util.SlidingWindow$Client.sendOrDelayRequest(SlidingWindow.java:278)
	at org.apache.ratis.util.SlidingWindow$Client.retry(SlidingWindow.java:294)
	at org.apache.ratis.client.impl.OrderedAsync.lambda$scheduleWithTimeout$7(OrderedAsync.java:222)
	at org.apache.ratis.util.TimeoutScheduler.lambda$onTimeout$0(TimeoutScheduler.java:141)
	at org.apache.ratis.util.TimeoutScheduler.lambda$onTimeout$1(TimeoutScheduler.java:155)
	at org.apache.ratis.util.LogUtils.runAndLog(LogUtils.java:38)
	at org.apache.ratis.util.LogUtils$1.run(LogUtils.java:79)
	at java.util.concurrent.Executors$RunnableAdapter.call(Executors.java:511)
	at java.util.concurrent.FutureTask.run(FutureTask.java:266)
	at java.util.concurrent.ScheduledThreadPoolExecutor$ScheduledFutureTask.access$201(ScheduledThreadPoolExecutor.java:180)
	at java.util.concurrent.ScheduledThreadPoolExecutor$ScheduledFutureTask.run(ScheduledThreadPoolExecutor.java:293)
	at java.util.concurrent.ThreadPoolExecutor.runWorker(ThreadPoolExecutor.java:1149)
	at java.util.concurrent.ThreadPoolExecutor$Worker.run(ThreadPoolExecutor.java:624)
	at java.lang.Thread.run(Thread.java:748)

]]></system-err>
  </testcase>
  <testcase name="testWatchForCommitForGroupMismatchException" classname="org.apache.hadoop.ozone.client.rpc.TestWatchForCommit" time="42.045"/>
  <testcase name="test2WayCommitForTimeoutException" classname="org.apache.hadoop.ozone.client.rpc.TestWatchForCommit" time="42.482"/>
</testsuite>