<?xml version="1.0" encoding="UTF-8"?>
<testsuite xmlns:xsi="http://www.w3.org/2001/XMLSchema-instance" xsi:noNamespaceSchemaLocation="https://maven.apache.org/surefire/maven-surefire-plugin/xsd/surefire-test-report.xsd" name="org.apache.hadoop.ozone.scm.TestSCMInstallSnapshotWithHA" time="287.203" tests="3" errors="1" skipped="0" failures="0">
  <properties>
    <property name="awt.toolkit" value="sun.awt.X11.XToolkit"/>
    <property name="file.encoding.pkg" value="sun.io"/>
    <property name="java.specification.version" value="1.8"/>
    <property name="sun.cpu.isalist" value=""/>
    <property name="sun.jnu.encoding" value="UTF-8"/>
    <property name="java.class.path" value="/home/runner/work/ozone/ozone/hadoop-ozone/integration-test/target/test-classes:/home/runner/work/ozone/ozone/hadoop-ozone/integration-test/target/classes:/home/runner/.m2/repository/org/apache/ozone/ozone-common/1.2.0-SNAPSHOT/ozone-common-1.2.0-SNAPSHOT.jar:/home/runner/.m2/repository/org/apache/commons/commons-compress/1.21/commons-compress-1.21.jar:/home/runner/.m2/repository/org/apache/ozone/hdds-common/1.2.0-SNAPSHOT/hdds-common-1.2.0-SNAPSHOT.jar:/home/runner/.m2/repository/org/apache/ozone/hdds-client/1.2.0-SNAPSHOT/hdds-client-1.2.0-SNAPSHOT.jar:/home/runner/.m2/repository/org/apache/ozone/ozone-interface-client/1.2.0-SNAPSHOT/ozone-interface-client-1.2.0-SNAPSHOT.jar:/home/runner/.m2/repository/org/apache/ozone/hdds-server-framework/1.2.0-SNAPSHOT/hdds-server-framework-1.2.0-SNAPSHOT.jar:/home/runner/.m2/repository/org/apache/ozone/hdds-interface-server/1.2.0-SNAPSHOT/hdds-interface-server-1.2.0-SNAPSHOT.jar:/home/runner/.m2/repository/org/eclipse/jetty/jetty-servlet/9.4.43.v20210629/jetty-servlet-9.4.43.v20210629.jar:/home/runner/.m2/repository/org/eclipse/jetty/jetty-security/9.4.43.v20210629/jetty-security-9.4.43.v20210629.jar:/home/runner/.m2/repository/org/rocksdb/rocksdbjni/6.20.3/rocksdbjni-6.20.3.jar:/home/runner/.m2/repository/io/prometheus/simpleclient_dropwizard/0.7.0/simpleclient_dropwizard-0.7.0.jar:/home/runner/.m2/repository/io/prometheus/simpleclient/0.7.0/simpleclient-0.7.0.jar:/home/runner/.m2/repository/io/prometheus/simpleclient_common/0.7.0/simpleclient_common-0.7.0.jar:/home/runner/.m2/repository/com/fasterxml/jackson/datatype/jackson-datatype-jsr310/2.12.1/jackson-datatype-jsr310-2.12.1.jar:/home/runner/.m2/repository/org/apache/ozone/hdds-test-utils/1.2.0-SNAPSHOT/hdds-test-utils-1.2.0-SNAPSHOT.jar:/home/runner/.m2/repository/com/google/guava/guava/30.1.1-jre/guava-30.1.1-jre.jar:/home/runner/.m2/repository/com/google/guava/failureaccess/1.0.1/failureaccess-1.0.1.jar:/home/runner/.m2/repository/com/google/guava/listenablefuture/9999.0-empty-to-avoid-conflict-with-guava/listenablefuture-9999.0-empty-to-avoid-conflict-with-guava.jar:/home/runner/.m2/repository/com/google/code/findbugs/jsr305/3.0.0/jsr305-3.0.0.jar:/home/runner/.m2/repository/org/checkerframework/checker-qual/3.8.0/checker-qual-3.8.0.jar:/home/runner/.m2/repository/com/google/errorprone/error_prone_annotations/2.2.0/error_prone_annotations-2.2.0.jar:/home/runner/.m2/repository/com/google/j2objc/j2objc-annotations/1.3/j2objc-annotations-1.3.jar:/home/runner/.m2/repository/commons-io/commons-io/2.11.0/commons-io-2.11.0.jar:/home/runner/.m2/repository/commons-logging/commons-logging/1.2/commons-logging-1.2.jar:/home/runner/.m2/repository/log4j/log4j/1.2.17/log4j-1.2.17.jar:/home/runner/.m2/repository/org/slf4j/slf4j-api/1.7.30/slf4j-api-1.7.30.jar:/home/runner/.m2/repository/org/apache/ozone/hdds-server-scm/1.2.0-SNAPSHOT/hdds-server-scm-1.2.0-SNAPSHOT.jar:/home/runner/.m2/repository/org/apache/ozone/hdds-container-service/1.2.0-SNAPSHOT/hdds-container-service-1.2.0-SNAPSHOT.jar:/home/runner/.m2/repository/org/apache/ozone/hdds-hadoop-dependency-server/1.2.0-SNAPSHOT/hdds-hadoop-dependency-server-1.2.0-SNAPSHOT.jar:/home/runner/.m2/repository/org/apache/hadoop/hadoop-hdfs/3.3.1/hadoop-hdfs-3.3.1.jar:/home/runner/.m2/repository/io/dropwizard/metrics/metrics-core/3.2.4/metrics-core-3.2.4.jar:/home/runner/.m2/repository/org/apache/hadoop/hadoop-hdfs-client/3.3.1/hadoop-hdfs-client-3.3.1.jar:/home/runner/.m2/repository/org/bouncycastle/bcprov-jdk15on/1.67/bcprov-jdk15on-1.67.jar:/home/runner/.m2/repository/com/google/protobuf/protobuf-java/2.5.0/protobuf-java-2.5.0.jar:/home/runner/.m2/repository/org/apache/ozone/ozone-manager/1.2.0-SNAPSHOT/ozone-manager-1.2.0-SNAPSHOT.jar:/home/runner/.m2/repository/org/aspectj/aspectjrt/1.9.7/aspectjrt-1.9.7.jar:/home/runner/.m2/repository/org/aspectj/aspectjweaver/1.9.7/aspectjweaver-1.9.7.jar:/home/runner/.m2/repository/org/apache/ozone/hdds-interface-client/1.2.0-SNAPSHOT/hdds-interface-client-1.2.0-SNAPSHOT.jar:/home/runner/.m2/repository/org/apache/hadoop/thirdparty/hadoop-shaded-protobuf_3_7/1.1.1/hadoop-shaded-protobuf_3_7-1.1.1.jar:/home/runner/.m2/repository/org/apache/ozone/ozone-interface-storage/1.2.0-SNAPSHOT/ozone-interface-storage-1.2.0-SNAPSHOT.jar:/home/runner/.m2/repository/org/reflections/reflections/0.9.11/reflections-0.9.11.jar:/home/runner/.m2/repository/org/apache/hadoop/hadoop-minikdc/3.3.1/hadoop-minikdc-3.3.1.jar:/home/runner/.m2/repository/org/apache/kerby/kerb-simplekdc/1.0.1/kerb-simplekdc-1.0.1.jar:/home/runner/.m2/repository/org/apache/kerby/kerb-client/1.0.1/kerb-client-1.0.1.jar:/home/runner/.m2/repository/org/apache/kerby/kerby-config/1.0.1/kerby-config-1.0.1.jar:/home/runner/.m2/repository/org/apache/kerby/kerb-common/1.0.1/kerb-common-1.0.1.jar:/home/runner/.m2/repository/org/apache/kerby/kerb-crypto/1.0.1/kerb-crypto-1.0.1.jar:/home/runner/.m2/repository/org/apache/kerby/kerb-util/1.0.1/kerb-util-1.0.1.jar:/home/runner/.m2/repository/org/apache/kerby/token-provider/1.0.1/token-provider-1.0.1.jar:/home/runner/.m2/repository/org/apache/kerby/kerb-admin/1.0.1/kerb-admin-1.0.1.jar:/home/runner/.m2/repository/org/apache/kerby/kerb-server/1.0.1/kerb-server-1.0.1.jar:/home/runner/.m2/repository/org/apache/kerby/kerb-identity/1.0.1/kerb-identity-1.0.1.jar:/home/runner/.m2/repository/org/apache/kerby/kerby-xdr/1.0.1/kerby-xdr-1.0.1.jar:/home/runner/.m2/repository/org/slf4j/slf4j-log4j12/1.7.30/slf4j-log4j12-1.7.30.jar:/home/runner/.m2/repository/org/apache/ozone/ozone-s3gateway/1.2.0-SNAPSHOT/ozone-s3gateway-1.2.0-SNAPSHOT.jar:/home/runner/.m2/repository/org/javassist/javassist/3.21.0-GA/javassist-3.21.0-GA.jar:/home/runner/.m2/repository/org/jboss/weld/servlet/weld-servlet/2.4.7.Final/weld-servlet-2.4.7.Final.jar:/home/runner/.m2/repository/org/glassfish/jersey/containers/jersey-container-servlet-core/2.33/jersey-container-servlet-core-2.33.jar:/home/runner/.m2/repository/org/glassfish/hk2/external/jakarta.inject/2.6.1/jakarta.inject-2.6.1.jar:/home/runner/.m2/repository/org/glassfish/jersey/core/jersey-common/2.33/jersey-common-2.33.jar:/home/runner/.m2/repository/jakarta/ws/rs/jakarta.ws.rs-api/2.1.6/jakarta.ws.rs-api-2.1.6.jar:/home/runner/.m2/repository/org/glassfish/jersey/ext/cdi/jersey-cdi1x/2.33/jersey-cdi1x-2.33.jar:/home/runner/.m2/repository/org/glassfish/jersey/inject/jersey-hk2/2.33/jersey-hk2-2.33.jar:/home/runner/.m2/repository/org/glassfish/hk2/hk2-locator/2.6.1/hk2-locator-2.6.1.jar:/home/runner/.m2/repository/org/glassfish/jersey/media/jersey-media-jaxb/2.33/jersey-media-jaxb-2.33.jar:/home/runner/.m2/repository/org/glassfish/hk2/osgi-resource-locator/1.0.3/osgi-resource-locator-1.0.3.jar:/home/runner/.m2/repository/org/glassfish/hk2/hk2-api/2.5.0/hk2-api-2.5.0.jar:/home/runner/.m2/repository/org/glassfish/hk2/hk2-utils/2.5.0/hk2-utils-2.5.0.jar:/home/runner/.m2/repository/org/glassfish/hk2/external/aopalliance-repackaged/2.5.0/aopalliance-repackaged-2.5.0.jar:/home/runner/.m2/repository/com/fasterxml/jackson/dataformat/jackson-dataformat-xml/2.12.1/jackson-dataformat-xml-2.12.1.jar:/home/runner/.m2/repository/com/fasterxml/jackson/core/jackson-core/2.12.1/jackson-core-2.12.1.jar:/home/runner/.m2/repository/com/fasterxml/jackson/module/jackson-module-jaxb-annotations/2.12.1/jackson-module-jaxb-annotations-2.12.1.jar:/home/runner/.m2/repository/jakarta/xml/bind/jakarta.xml.bind-api/2.3.2/jakarta.xml.bind-api-2.3.2.jar:/home/runner/.m2/repository/org/codehaus/woodstox/stax2-api/3.1.4/stax2-api-3.1.4.jar:/home/runner/.m2/repository/com/fasterxml/woodstox/woodstox-core/5.0.3/woodstox-core-5.0.3.jar:/home/runner/.m2/repository/javax/enterprise/cdi-api/1.2/cdi-api-1.2.jar:/home/runner/.m2/repository/javax/el/javax.el-api/3.0.0/javax.el-api-3.0.0.jar:/home/runner/.m2/repository/javax/interceptor/javax.interceptor-api/1.2/javax.interceptor-api-1.2.jar:/home/runner/.m2/repository/javax/inject/javax.inject/1/javax.inject-1.jar:/home/runner/.m2/repository/javax/xml/bind/jaxb-api/2.3.0/jaxb-api-2.3.0.jar:/home/runner/.m2/repository/org/glassfish/jaxb/jaxb-runtime/2.3.0.1/jaxb-runtime-2.3.0.1.jar:/home/runner/.m2/repository/org/glassfish/jaxb/jaxb-core/2.3.0.1/jaxb-core-2.3.0.1.jar:/home/runner/.m2/repository/org/glassfish/jaxb/txw2/2.3.0.1/txw2-2.3.0.1.jar:/home/runner/.m2/repository/com/sun/istack/istack-commons-runtime/3.0.5/istack-commons-runtime-3.0.5.jar:/home/runner/.m2/repository/org/jvnet/staxex/stax-ex/1.7.8/stax-ex-1.7.8.jar:/home/runner/.m2/repository/com/sun/xml/fastinfoset/FastInfoset/1.2.13/FastInfoset-1.2.13.jar:/home/runner/.m2/repository/javax/activation/activation/1.1.1/activation-1.1.1.jar:/home/runner/.m2/repository/org/apache/ozone/ozone-csi/1.2.0-SNAPSHOT/ozone-csi-1.2.0-SNAPSHOT.jar:/home/runner/.m2/repository/com/google/protobuf/protobuf-java-util/3.12.0/protobuf-java-util-3.12.0.jar:/home/runner/.m2/repository/com/google/code/gson/gson/2.2.4/gson-2.2.4.jar:/home/runner/.m2/repository/org/apache/ozone/hdds-config/1.2.0-SNAPSHOT/hdds-config-1.2.0-SNAPSHOT.jar:/home/runner/.m2/repository/io/grpc/grpc-netty/1.33.0/grpc-netty-1.33.0.jar:/home/runner/.m2/repository/io/grpc/grpc-core/1.33.0/grpc-core-1.33.0.jar:/home/runner/.m2/repository/com/google/android/annotations/4.1.1.4/annotations-4.1.1.4.jar:/home/runner/.m2/repository/io/netty/netty-codec-http2/4.1.63.Final/netty-codec-http2-4.1.63.Final.jar:/home/runner/.m2/repository/io/netty/netty-codec-http/4.1.63.Final/netty-codec-http-4.1.63.Final.jar:/home/runner/.m2/repository/io/netty/netty-handler-proxy/4.1.63.Final/netty-handler-proxy-4.1.63.Final.jar:/home/runner/.m2/repository/io/netty/netty-codec-socks/4.1.63.Final/netty-codec-socks-4.1.63.Final.jar:/home/runner/.m2/repository/io/perfmark/perfmark-api/0.19.0/perfmark-api-0.19.0.jar:/home/runner/.m2/repository/org/codehaus/mojo/animal-sniffer-annotations/1.18/animal-sniffer-annotations-1.18.jar:/home/runner/.m2/repository/io/netty/netty-transport-native-epoll/4.1.63.Final/netty-transport-native-epoll-4.1.63.Final.jar:/home/runner/.m2/repository/io/netty/netty-common/4.1.63.Final/netty-common-4.1.63.Final.jar:/home/runner/.m2/repository/io/netty/netty-buffer/4.1.63.Final/netty-buffer-4.1.63.Final.jar:/home/runner/.m2/repository/io/netty/netty-transport-native-unix-common/4.1.63.Final/netty-transport-native-unix-common-4.1.63.Final.jar:/home/runner/.m2/repository/io/grpc/grpc-protobuf/1.33.0/grpc-protobuf-1.33.0.jar:/home/runner/.m2/repository/io/grpc/grpc-api/1.33.0/grpc-api-1.33.0.jar:/home/runner/.m2/repository/io/grpc/grpc-context/1.33.0/grpc-context-1.33.0.jar:/home/runner/.m2/repository/com/google/api/grpc/proto-google-common-protos/1.17.0/proto-google-common-protos-1.17.0.jar:/home/runner/.m2/repository/io/grpc/grpc-protobuf-lite/1.33.0/grpc-protobuf-lite-1.33.0.jar:/home/runner/.m2/repository/io/grpc/grpc-stub/1.33.0/grpc-stub-1.33.0.jar:/home/runner/.m2/repository/org/apache/ozone/ozone-recon/1.2.0-SNAPSHOT/ozone-recon-1.2.0-SNAPSHOT.jar:/home/runner/.m2/repository/org/apache/ozone/ozone-reconcodegen/1.2.0-SNAPSHOT/ozone-reconcodegen-1.2.0-SNAPSHOT.jar:/home/runner/.m2/repository/com/google/inject/extensions/guice-multibindings/4.0/guice-multibindings-4.0.jar:/home/runner/.m2/repository/com/google/inject/guice/4.0/guice-4.0.jar:/home/runner/.m2/repository/aopalliance/aopalliance/1.0/aopalliance-1.0.jar:/home/runner/.m2/repository/com/google/inject/extensions/guice-assistedinject/4.0/guice-assistedinject-4.0.jar:/home/runner/.m2/repository/com/google/inject/extensions/guice-servlet/4.0/guice-servlet-4.0.jar:/home/runner/.m2/repository/org/glassfish/jersey/containers/jersey-container-servlet/2.33/jersey-container-servlet-2.33.jar:/home/runner/.m2/repository/org/glassfish/hk2/guice-bridge/2.5.0/guice-bridge-2.5.0.jar:/home/runner/.m2/repository/org/glassfish/jersey/core/jersey-server/2.33/jersey-server-2.33.jar:/home/runner/.m2/repository/org/glassfish/jersey/core/jersey-client/2.33/jersey-client-2.33.jar:/home/runner/.m2/repository/jakarta/annotation/jakarta.annotation-api/1.3.5/jakarta.annotation-api-1.3.5.jar:/home/runner/.m2/repository/jakarta/validation/jakarta.validation-api/2.0.2/jakarta.validation-api-2.0.2.jar:/home/runner/.m2/repository/org/glassfish/jersey/media/jersey-media-json-jackson/2.33/jersey-media-json-jackson-2.33.jar:/home/runner/.m2/repository/org/glassfish/jersey/ext/jersey-entity-filtering/2.33/jersey-entity-filtering-2.33.jar:/home/runner/.m2/repository/org/jooq/jooq/3.11.10/jooq-3.11.10.jar:/home/runner/.m2/repository/org/jooq/jooq-meta/3.11.10/jooq-meta-3.11.10.jar:/home/runner/.m2/repository/org/jooq/jooq-codegen/3.11.10/jooq-codegen-3.11.10.jar:/home/runner/.m2/repository/com/jolbox/bonecp/0.8.0.RELEASE/bonecp-0.8.0.RELEASE.jar:/home/runner/.m2/repository/org/apache/derby/derby/10.14.2.0/derby-10.14.2.0.jar:/home/runner/.m2/repository/org/xerial/sqlite-jdbc/3.25.2/sqlite-jdbc-3.25.2.jar:/home/runner/.m2/repository/org/springframework/spring-jdbc/5.2.17.RELEASE/spring-jdbc-5.2.17.RELEASE.jar:/home/runner/.m2/repository/org/springframework/spring-beans/5.2.17.RELEASE/spring-beans-5.2.17.RELEASE.jar:/home/runner/.m2/repository/org/springframework/spring-core/5.2.17.RELEASE/spring-core-5.2.17.RELEASE.jar:/home/runner/.m2/repository/org/springframework/spring-jcl/5.2.17.RELEASE/spring-jcl-5.2.17.RELEASE.jar:/home/runner/.m2/repository/org/springframework/spring-tx/5.2.17.RELEASE/spring-tx-5.2.17.RELEASE.jar:/home/runner/.m2/repository/org/apache/ozone/ozone-client/1.2.0-SNAPSHOT/ozone-client-1.2.0-SNAPSHOT.jar:/home/runner/.m2/repository/org/apache/ozone/ozone-filesystem/1.2.0-SNAPSHOT/ozone-filesystem-1.2.0-SNAPSHOT.jar:/home/runner/.m2/repository/org/apache/ozone/ozone-filesystem-common/1.2.0-SNAPSHOT/ozone-filesystem-common-1.2.0-SNAPSHOT.jar:/home/runner/.m2/repository/org/apache/ozone/ozone-tools/1.2.0-SNAPSHOT/ozone-tools-1.2.0-SNAPSHOT.jar:/home/runner/.m2/repository/org/apache/ratis/ratis-tools/2.2.0/ratis-tools-2.2.0.jar:/home/runner/.m2/repository/com/amazonaws/aws-java-sdk-core/1.11.1034/aws-java-sdk-core-1.11.1034.jar:/home/runner/.m2/repository/org/apache/httpcomponents/httpclient/4.5.13/httpclient-4.5.13.jar:/home/runner/.m2/repository/org/apache/httpcomponents/httpcore/4.4.13/httpcore-4.4.13.jar:/home/runner/.m2/repository/software/amazon/ion/ion-java/1.0.2/ion-java-1.0.2.jar:/home/runner/.m2/repository/com/fasterxml/jackson/dataformat/jackson-dataformat-cbor/2.12.1/jackson-dataformat-cbor-2.12.1.jar:/home/runner/.m2/repository/joda-time/joda-time/2.8.1/joda-time-2.8.1.jar:/home/runner/.m2/repository/com/amazonaws/aws-java-sdk-s3/1.11.1034/aws-java-sdk-s3-1.11.1034.jar:/home/runner/.m2/repository/com/amazonaws/aws-java-sdk-kms/1.11.1034/aws-java-sdk-kms-1.11.1034.jar:/home/runner/.m2/repository/com/amazonaws/jmespath-java/1.11.1034/jmespath-java-1.11.1034.jar:/home/runner/.m2/repository/org/kohsuke/metainf-services/metainf-services/1.8/metainf-services-1.8.jar:/home/runner/.m2/repository/org/apache/ozone/hdds-tools/1.2.0-SNAPSHOT/hdds-tools-1.2.0-SNAPSHOT.jar:/home/runner/.m2/repository/commons-cli/commons-cli/1.2/commons-cli-1.2.jar:/home/runner/.m2/repository/org/apache/commons/commons-lang3/3.7/commons-lang3-3.7.jar:/home/runner/.m2/repository/org/apache/ozone/ozone-manager/1.2.0-SNAPSHOT/ozone-manager-1.2.0-SNAPSHOT-tests.jar:/home/runner/.m2/repository/org/apache/ozone/hdds-common/1.2.0-SNAPSHOT/hdds-common-1.2.0-SNAPSHOT-tests.jar:/home/runner/.m2/repository/org/apache/ozone/hdds-hadoop-dependency-client/1.2.0-SNAPSHOT/hdds-hadoop-dependency-client-1.2.0-SNAPSHOT.jar:/home/runner/.m2/repository/info/picocli/picocli/4.6.1/picocli-4.6.1.jar:/home/runner/.m2/repository/com/fasterxml/jackson/core/jackson-annotations/2.12.1/jackson-annotations-2.12.1.jar:/home/runner/.m2/repository/javax/annotation/javax.annotation-api/1.2/javax.annotation-api-1.2.jar:/home/runner/.m2/repository/org/apache/ratis/ratis-server/2.2.0/ratis-server-2.2.0.jar:/home/runner/.m2/repository/org/apache/ratis/ratis-client/2.2.0/ratis-client-2.2.0.jar:/home/runner/.m2/repository/org/apache/ratis/ratis-server-api/2.2.0/ratis-server-api-2.2.0.jar:/home/runner/.m2/repository/org/apache/ratis/ratis-metrics/2.2.0/ratis-metrics-2.2.0.jar:/home/runner/.m2/repository/org/apache/ratis/ratis-netty/2.2.0/ratis-netty-2.2.0.jar:/home/runner/.m2/repository/org/apache/ratis/ratis-grpc/2.2.0/ratis-grpc-2.2.0.jar:/home/runner/.m2/repository/org/apache/logging/log4j/log4j-api/2.13.3/log4j-api-2.13.3.jar:/home/runner/.m2/repository/org/apache/logging/log4j/log4j-core/2.13.3/log4j-core-2.13.3.jar:/home/runner/.m2/repository/com/lmax/disruptor/3.4.2/disruptor-3.4.2.jar:/home/runner/.m2/repository/org/apache/commons/commons-pool2/2.6.0/commons-pool2-2.6.0.jar:/home/runner/.m2/repository/org/bouncycastle/bcpkix-jdk15on/1.67/bcpkix-jdk15on-1.67.jar:/home/runner/.m2/repository/commons-validator/commons-validator/1.6/commons-validator-1.6.jar:/home/runner/.m2/repository/commons-beanutils/commons-beanutils/1.9.4/commons-beanutils-1.9.4.jar:/home/runner/.m2/repository/commons-digester/commons-digester/1.8.1/commons-digester-1.8.1.jar:/home/runner/.m2/repository/commons-collections/commons-collections/3.2.2/commons-collections-3.2.2.jar:/home/runner/.m2/repository/io/jaegertracing/jaeger-client/1.6.0/jaeger-client-1.6.0.jar:/home/runner/.m2/repository/io/jaegertracing/jaeger-thrift/1.6.0/jaeger-thrift-1.6.0.jar:/home/runner/.m2/repository/org/apache/thrift/libthrift/0.14.1/libthrift-0.14.1.jar:/home/runner/.m2/repository/com/squareup/okhttp3/okhttp/4.9.0/okhttp-4.9.0.jar:/home/runner/.m2/repository/com/squareup/okio/okio/2.8.0/okio-2.8.0.jar:/home/runner/.m2/repository/io/jaegertracing/jaeger-core/1.6.0/jaeger-core-1.6.0.jar:/home/runner/.m2/repository/io/jaegertracing/jaeger-tracerresolver/1.6.0/jaeger-tracerresolver-1.6.0.jar:/home/runner/.m2/repository/io/opentracing/contrib/opentracing-tracerresolver/0.1.8/opentracing-tracerresolver-0.1.8.jar:/home/runner/.m2/repository/org/jetbrains/kotlin/kotlin-stdlib/1.4.31/kotlin-stdlib-1.4.31.jar:/home/runner/.m2/repository/org/jetbrains/kotlin/kotlin-stdlib-common/1.4.31/kotlin-stdlib-common-1.4.31.jar:/home/runner/.m2/repository/org/jetbrains/annotations/13.0/annotations-13.0.jar:/home/runner/.m2/repository/io/opentracing/opentracing-util/0.33.0/opentracing-util-0.33.0.jar:/home/runner/.m2/repository/io/opentracing/opentracing-api/0.33.0/opentracing-api-0.33.0.jar:/home/runner/.m2/repository/io/opentracing/opentracing-noop/0.33.0/opentracing-noop-0.33.0.jar:/home/runner/.m2/repository/org/yaml/snakeyaml/1.26/snakeyaml-1.26.jar:/home/runner/.m2/repository/org/apache/ozone/hdds-interface-admin/1.2.0-SNAPSHOT/hdds-interface-admin-1.2.0-SNAPSHOT.jar:/home/runner/.m2/repository/junit/junit/4.13.1/junit-4.13.1.jar:/home/runner/.m2/repository/org/hamcrest/hamcrest-core/1.3/hamcrest-core-1.3.jar:/home/runner/.m2/repository/org/junit/jupiter/junit-jupiter-api/5.7.0/junit-jupiter-api-5.7.0.jar:/home/runner/.m2/repository/org/apiguardian/apiguardian-api/1.1.0/apiguardian-api-1.1.0.jar:/home/runner/.m2/repository/org/opentest4j/opentest4j/1.2.0/opentest4j-1.2.0.jar:/home/runner/.m2/repository/org/junit/platform/junit-platform-commons/1.7.0/junit-platform-commons-1.7.0.jar:/home/runner/.m2/repository/org/junit/jupiter/junit-jupiter-engine/5.7.0/junit-jupiter-engine-5.7.0.jar:/home/runner/.m2/repository/org/junit/platform/junit-platform-engine/1.7.0/junit-platform-engine-1.7.0.jar:/home/runner/.m2/repository/org/junit/vintage/junit-vintage-engine/5.7.0/junit-vintage-engine-5.7.0.jar:/home/runner/.m2/repository/org/junit/platform/junit-platform-launcher/1.7.0/junit-platform-launcher-1.7.0.jar:/home/runner/.m2/repository/org/openjdk/jmh/jmh-core/1.19/jmh-core-1.19.jar:/home/runner/.m2/repository/net/sf/jopt-simple/jopt-simple/4.6/jopt-simple-4.6.jar:/home/runner/.m2/repository/org/apache/commons/commons-math3/3.1.1/commons-math3-3.1.1.jar:/home/runner/.m2/repository/org/openjdk/jmh/jmh-generator-annprocess/1.19/jmh-generator-annprocess-1.19.jar:/home/runner/.m2/repository/org/mockito/mockito-core/2.28.2/mockito-core-2.28.2.jar:/home/runner/.m2/repository/net/bytebuddy/byte-buddy/1.9.10/byte-buddy-1.9.10.jar:/home/runner/.m2/repository/net/bytebuddy/byte-buddy-agent/1.9.10/byte-buddy-agent-1.9.10.jar:/home/runner/.m2/repository/org/objenesis/objenesis/1.0/objenesis-1.0.jar:/home/runner/.m2/repository/org/apache/hadoop/hadoop-kms/3.3.1/hadoop-kms-3.3.1.jar:/home/runner/.m2/repository/org/apache/hadoop/hadoop-auth/3.3.1/hadoop-auth-3.3.1.jar:/home/runner/.m2/repository/com/nimbusds/nimbus-jose-jwt/7.9/nimbus-jose-jwt-7.9.jar:/home/runner/.m2/repository/com/github/stephenc/jcip/jcip-annotations/1.0-1/jcip-annotations-1.0-1.jar:/home/runner/.m2/repository/net/minidev/json-smart/2.3.1/json-smart-2.3.1.jar:/home/runner/.m2/repository/net/minidev/accessors-smart/2.3.1/accessors-smart-2.3.1.jar:/home/runner/.m2/repository/org/ow2/asm/asm/5.0.4/asm-5.0.4.jar:/home/runner/.m2/repository/org/apache/zookeeper/zookeeper/3.5.6/zookeeper-3.5.6.jar:/home/runner/.m2/repository/org/apache/zookeeper/zookeeper-jute/3.5.6/zookeeper-jute-3.5.6.jar:/home/runner/.m2/repository/org/apache/yetus/audience-annotations/0.5.0/audience-annotations-0.5.0.jar:/home/runner/.m2/repository/org/apache/curator/curator-framework/4.2.0/curator-framework-4.2.0.jar:/home/runner/.m2/repository/org/apache/hadoop/thirdparty/hadoop-shaded-guava/1.1.1/hadoop-shaded-guava-1.1.1.jar:/home/runner/.m2/repository/com/sun/jersey/jersey-core/1.19/jersey-core-1.19.jar:/home/runner/.m2/repository/javax/ws/rs/jsr311-api/1.1.1/jsr311-api-1.1.1.jar:/home/runner/.m2/repository/com/sun/jersey/jersey-server/1.19/jersey-server-1.19.jar:/home/runner/.m2/repository/javax/servlet/javax.servlet-api/3.1.0/javax.servlet-api-3.1.0.jar:/home/runner/.m2/repository/org/eclipse/jetty/jetty-server/9.4.43.v20210629/jetty-server-9.4.43.v20210629.jar:/home/runner/.m2/repository/org/eclipse/jetty/jetty-http/9.4.43.v20210629/jetty-http-9.4.43.v20210629.jar:/home/runner/.m2/repository/org/eclipse/jetty/jetty-io/9.4.43.v20210629/jetty-io-9.4.43.v20210629.jar:/home/runner/.m2/repository/org/eclipse/jetty/jetty-webapp/9.4.43.v20210629/jetty-webapp-9.4.43.v20210629.jar:/home/runner/.m2/repository/org/eclipse/jetty/jetty-xml/9.4.43.v20210629/jetty-xml-9.4.43.v20210629.jar:/home/runner/.m2/repository/org/apache/hadoop/hadoop-common/3.3.1/hadoop-common-3.3.1.jar:/home/runner/.m2/repository/commons-net/commons-net/3.6/commons-net-3.6.jar:/home/runner/.m2/repository/jakarta/activation/jakarta.activation-api/1.2.1/jakarta.activation-api-1.2.1.jar:/home/runner/.m2/repository/com/sun/jersey/jersey-servlet/1.19/jersey-servlet-1.19.jar:/home/runner/.m2/repository/com/sun/jersey/jersey-json/1.19/jersey-json-1.19.jar:/home/runner/.m2/repository/org/codehaus/jettison/jettison/1.1/jettison-1.1.jar:/home/runner/.m2/repository/com/sun/xml/bind/jaxb-impl/2.2.3-1/jaxb-impl-2.2.3-1.jar:/home/runner/.m2/repository/org/codehaus/jackson/jackson-jaxrs/1.9.2/jackson-jaxrs-1.9.2.jar:/home/runner/.m2/repository/org/codehaus/jackson/jackson-xc/1.9.2/jackson-xc-1.9.2.jar:/home/runner/.m2/repository/org/apache/commons/commons-configuration2/2.1.1/commons-configuration2-2.1.1.jar:/home/runner/.m2/repository/org/apache/commons/commons-text/1.4/commons-text-1.4.jar:/home/runner/.m2/repository/com/google/re2j/re2j/1.1/re2j-1.1.jar:/home/runner/.m2/repository/com/jcraft/jsch/0.1.54/jsch-0.1.54.jar:/home/runner/.m2/repository/org/apache/curator/curator-client/4.2.0/curator-client-4.2.0.jar:/home/runner/.m2/repository/org/apache/curator/curator-recipes/4.2.0/curator-recipes-4.2.0.jar:/home/runner/.m2/repository/org/apache/kerby/kerb-core/1.0.1/kerb-core-1.0.1.jar:/home/runner/.m2/repository/org/apache/kerby/kerby-pkix/1.0.1/kerby-pkix-1.0.1.jar:/home/runner/.m2/repository/org/apache/kerby/kerby-asn1/1.0.1/kerby-asn1-1.0.1.jar:/home/runner/.m2/repository/org/apache/kerby/kerby-util/1.0.1/kerby-util-1.0.1.jar:/home/runner/.m2/repository/dnsjava/dnsjava/2.1.7/dnsjava-2.1.7.jar:/home/runner/.m2/repository/org/xerial/snappy/snappy-java/1.1.8.2/snappy-java-1.1.8.2.jar:/home/runner/.m2/repository/org/slf4j/jul-to-slf4j/1.7.30/jul-to-slf4j-1.7.30.jar:/home/runner/.m2/repository/org/eclipse/jetty/jetty-util/9.4.43.v20210629/jetty-util-9.4.43.v20210629.jar:/home/runner/.m2/repository/com/fasterxml/jackson/core/jackson-databind/2.12.1/jackson-databind-2.12.1.jar:/home/runner/.m2/repository/org/apache/hadoop/hadoop-kms/3.3.1/hadoop-kms-3.3.1-tests.jar:/home/runner/.m2/repository/org/apache/ozone/hdds-server-scm/1.2.0-SNAPSHOT/hdds-server-scm-1.2.0-SNAPSHOT-tests.jar:/home/runner/.m2/repository/org/apache/ozone/hdds-container-service/1.2.0-SNAPSHOT/hdds-container-service-1.2.0-SNAPSHOT-tests.jar:/home/runner/.m2/repository/commons-codec/commons-codec/1.11/commons-codec-1.11.jar:/home/runner/.m2/repository/io/netty/netty-transport/4.1.63.Final/netty-transport-4.1.63.Final.jar:/home/runner/.m2/repository/io/netty/netty-resolver/4.1.63.Final/netty-resolver-4.1.63.Final.jar:/home/runner/.m2/repository/io/netty/netty-codec/4.1.63.Final/netty-codec-4.1.63.Final.jar:/home/runner/.m2/repository/io/netty/netty-handler/4.1.63.Final/netty-handler-4.1.63.Final.jar:/home/runner/.m2/repository/org/apache/ozone/hdds-hadoop-dependency-test/1.2.0-SNAPSHOT/hdds-hadoop-dependency-test-1.2.0-SNAPSHOT.jar:/home/runner/.m2/repository/org/apache/hadoop/hadoop-common/3.3.1/hadoop-common-3.3.1-tests.jar:/home/runner/.m2/repository/org/assertj/assertj-core/3.12.2/assertj-core-3.12.2.jar:/home/runner/.m2/repository/org/apache/hadoop/hadoop-hdfs/3.3.1/hadoop-hdfs-3.3.1-tests.jar:/home/runner/.m2/repository/org/eclipse/jetty/jetty-util-ajax/9.4.43.v20210629/jetty-util-ajax-9.4.43.v20210629.jar:/home/runner/.m2/repository/commons-daemon/commons-daemon/1.0.13/commons-daemon-1.0.13.jar:/home/runner/.m2/repository/io/netty/netty/3.10.6.Final/netty-3.10.6.Final.jar:/home/runner/.m2/repository/io/netty/netty-all/4.1.63.Final/netty-all-4.1.63.Final.jar:/home/runner/.m2/repository/org/apache/htrace/htrace-core4/4.1.0-incubating/htrace-core4-4.1.0-incubating.jar:/home/runner/.m2/repository/org/fusesource/leveldbjni/leveldbjni-all/1.8/leveldbjni-all-1.8.jar:/home/runner/.m2/repository/org/apache/hadoop/hadoop-distcp/3.3.1/hadoop-distcp-3.3.1.jar:/home/runner/.m2/repository/org/apache/hadoop/hadoop-mapreduce-client-jobclient/3.3.1/hadoop-mapreduce-client-jobclient-3.3.1.jar:/home/runner/.m2/repository/org/apache/hadoop/hadoop-mapreduce-client-common/3.3.1/hadoop-mapreduce-client-common-3.3.1.jar:/home/runner/.m2/repository/org/apache/hadoop/hadoop-yarn-common/3.3.1/hadoop-yarn-common-3.3.1.jar:/home/runner/.m2/repository/org/apache/hadoop/hadoop-yarn-api/3.3.1/hadoop-yarn-api-3.3.1.jar:/home/runner/.m2/repository/com/sun/jersey/jersey-client/1.19/jersey-client-1.19.jar:/home/runner/.m2/repository/com/sun/jersey/contribs/jersey-guice/1.19/jersey-guice-1.19.jar:/home/runner/.m2/repository/com/fasterxml/jackson/jaxrs/jackson-jaxrs-json-provider/2.12.1/jackson-jaxrs-json-provider-2.12.1.jar:/home/runner/.m2/repository/com/fasterxml/jackson/jaxrs/jackson-jaxrs-base/2.12.1/jackson-jaxrs-base-2.12.1.jar:/home/runner/.m2/repository/org/apache/hadoop/hadoop-yarn-client/3.3.1/hadoop-yarn-client-3.3.1.jar:/home/runner/.m2/repository/org/eclipse/jetty/websocket/websocket-client/9.4.40.v20210413/websocket-client-9.4.40.v20210413.jar:/home/runner/.m2/repository/org/eclipse/jetty/jetty-client/9.4.40.v20210413/jetty-client-9.4.40.v20210413.jar:/home/runner/.m2/repository/org/eclipse/jetty/websocket/websocket-common/9.4.40.v20210413/websocket-common-9.4.40.v20210413.jar:/home/runner/.m2/repository/org/eclipse/jetty/websocket/websocket-api/9.4.40.v20210413/websocket-api-9.4.40.v20210413.jar:/home/runner/.m2/repository/org/jline/jline/3.9.0/jline-3.9.0.jar:/home/runner/.m2/repository/org/apache/hadoop/hadoop-mapreduce-client-core/3.3.1/hadoop-mapreduce-client-core-3.3.1.jar:/home/runner/.m2/repository/org/apache/avro/avro/1.7.7/avro-1.7.7.jar:/home/runner/.m2/repository/org/codehaus/jackson/jackson-core-asl/1.9.13/jackson-core-asl-1.9.13.jar:/home/runner/.m2/repository/org/codehaus/jackson/jackson-mapper-asl/1.9.13/jackson-mapper-asl-1.9.13.jar:/home/runner/.m2/repository/com/thoughtworks/paranamer/paranamer/2.3/paranamer-2.3.jar:/home/runner/.m2/repository/org/apache/hadoop/hadoop-annotations/3.3.1/hadoop-annotations-3.3.1.jar:/usr/lib/jvm/adoptopenjdk-8-hotspot-amd64/jre/../lib/tools.jar:/home/runner/.m2/repository/org/apache/hadoop/hadoop-distcp/3.3.1/hadoop-distcp-3.3.1-tests.jar:/home/runner/.m2/repository/org/apache/ratis/ratis-common/2.2.0/ratis-common-2.2.0.jar:/home/runner/.m2/repository/org/apache/ratis/ratis-thirdparty-misc/0.7.0/ratis-thirdparty-misc-0.7.0.jar:/home/runner/.m2/repository/org/apache/ratis/ratis-proto/2.2.0/ratis-proto-2.2.0.jar:"/>
    <property name="java.vm.vendor" value="AdoptOpenJDK"/>
    <property name="sun.arch.data.model" value="64"/>
    <property name="test.build.dir" value="/home/runner/work/ozone/ozone/hadoop-ozone/integration-test/target/test-dir"/>
    <property name="test.cache.data" value=""/>
    <property name="java.vendor.url" value="https://adoptopenjdk.net/"/>
    <property name="user.timezone" value=""/>
    <property name="java.vm.specification.version" value="1.8"/>
    <property name="os.name" value="Linux"/>
    <property name="test.build.data" value="/home/runner/work/ozone/ozone/hadoop-ozone/integration-test/target/test-dir"/>
    <property name="sun.java.launcher" value="SUN_STANDARD"/>
    <property name="sun.boot.library.path" value="/usr/lib/jvm/adoptopenjdk-8-hotspot-amd64/jre/lib/amd64"/>
    <property name="sun.java.command" value="/home/runner/work/ozone/ozone/hadoop-ozone/integration-test/target/surefire/surefirebooter5662859877503963276.jar /home/runner/work/ozone/ozone/hadoop-ozone/integration-test/target/surefire 2021-10-28T02-01-12_098-jvmRun1 surefire7413811267683362736tmp surefire_677270904067852342263tmp"/>
    <property name="surefire.test.class.path" value="/home/runner/work/ozone/ozone/hadoop-ozone/integration-test/target/test-classes:/home/runner/work/ozone/ozone/hadoop-ozone/integration-test/target/classes:/home/runner/.m2/repository/org/apache/ozone/ozone-common/1.2.0-SNAPSHOT/ozone-common-1.2.0-SNAPSHOT.jar:/home/runner/.m2/repository/org/apache/commons/commons-compress/1.21/commons-compress-1.21.jar:/home/runner/.m2/repository/org/apache/ozone/hdds-common/1.2.0-SNAPSHOT/hdds-common-1.2.0-SNAPSHOT.jar:/home/runner/.m2/repository/org/apache/ozone/hdds-client/1.2.0-SNAPSHOT/hdds-client-1.2.0-SNAPSHOT.jar:/home/runner/.m2/repository/org/apache/ozone/ozone-interface-client/1.2.0-SNAPSHOT/ozone-interface-client-1.2.0-SNAPSHOT.jar:/home/runner/.m2/repository/org/apache/ozone/hdds-server-framework/1.2.0-SNAPSHOT/hdds-server-framework-1.2.0-SNAPSHOT.jar:/home/runner/.m2/repository/org/apache/ozone/hdds-interface-server/1.2.0-SNAPSHOT/hdds-interface-server-1.2.0-SNAPSHOT.jar:/home/runner/.m2/repository/org/eclipse/jetty/jetty-servlet/9.4.43.v20210629/jetty-servlet-9.4.43.v20210629.jar:/home/runner/.m2/repository/org/eclipse/jetty/jetty-security/9.4.43.v20210629/jetty-security-9.4.43.v20210629.jar:/home/runner/.m2/repository/org/rocksdb/rocksdbjni/6.20.3/rocksdbjni-6.20.3.jar:/home/runner/.m2/repository/io/prometheus/simpleclient_dropwizard/0.7.0/simpleclient_dropwizard-0.7.0.jar:/home/runner/.m2/repository/io/prometheus/simpleclient/0.7.0/simpleclient-0.7.0.jar:/home/runner/.m2/repository/io/prometheus/simpleclient_common/0.7.0/simpleclient_common-0.7.0.jar:/home/runner/.m2/repository/com/fasterxml/jackson/datatype/jackson-datatype-jsr310/2.12.1/jackson-datatype-jsr310-2.12.1.jar:/home/runner/.m2/repository/org/apache/ozone/hdds-test-utils/1.2.0-SNAPSHOT/hdds-test-utils-1.2.0-SNAPSHOT.jar:/home/runner/.m2/repository/com/google/guava/guava/30.1.1-jre/guava-30.1.1-jre.jar:/home/runner/.m2/repository/com/google/guava/failureaccess/1.0.1/failureaccess-1.0.1.jar:/home/runner/.m2/repository/com/google/guava/listenablefuture/9999.0-empty-to-avoid-conflict-with-guava/listenablefuture-9999.0-empty-to-avoid-conflict-with-guava.jar:/home/runner/.m2/repository/com/google/code/findbugs/jsr305/3.0.0/jsr305-3.0.0.jar:/home/runner/.m2/repository/org/checkerframework/checker-qual/3.8.0/checker-qual-3.8.0.jar:/home/runner/.m2/repository/com/google/errorprone/error_prone_annotations/2.2.0/error_prone_annotations-2.2.0.jar:/home/runner/.m2/repository/com/google/j2objc/j2objc-annotations/1.3/j2objc-annotations-1.3.jar:/home/runner/.m2/repository/commons-io/commons-io/2.11.0/commons-io-2.11.0.jar:/home/runner/.m2/repository/commons-logging/commons-logging/1.2/commons-logging-1.2.jar:/home/runner/.m2/repository/log4j/log4j/1.2.17/log4j-1.2.17.jar:/home/runner/.m2/repository/org/slf4j/slf4j-api/1.7.30/slf4j-api-1.7.30.jar:/home/runner/.m2/repository/org/apache/ozone/hdds-server-scm/1.2.0-SNAPSHOT/hdds-server-scm-1.2.0-SNAPSHOT.jar:/home/runner/.m2/repository/org/apache/ozone/hdds-container-service/1.2.0-SNAPSHOT/hdds-container-service-1.2.0-SNAPSHOT.jar:/home/runner/.m2/repository/org/apache/ozone/hdds-hadoop-dependency-server/1.2.0-SNAPSHOT/hdds-hadoop-dependency-server-1.2.0-SNAPSHOT.jar:/home/runner/.m2/repository/org/apache/hadoop/hadoop-hdfs/3.3.1/hadoop-hdfs-3.3.1.jar:/home/runner/.m2/repository/io/dropwizard/metrics/metrics-core/3.2.4/metrics-core-3.2.4.jar:/home/runner/.m2/repository/org/apache/hadoop/hadoop-hdfs-client/3.3.1/hadoop-hdfs-client-3.3.1.jar:/home/runner/.m2/repository/org/bouncycastle/bcprov-jdk15on/1.67/bcprov-jdk15on-1.67.jar:/home/runner/.m2/repository/com/google/protobuf/protobuf-java/2.5.0/protobuf-java-2.5.0.jar:/home/runner/.m2/repository/org/apache/ozone/ozone-manager/1.2.0-SNAPSHOT/ozone-manager-1.2.0-SNAPSHOT.jar:/home/runner/.m2/repository/org/aspectj/aspectjrt/1.9.7/aspectjrt-1.9.7.jar:/home/runner/.m2/repository/org/aspectj/aspectjweaver/1.9.7/aspectjweaver-1.9.7.jar:/home/runner/.m2/repository/org/apache/ozone/hdds-interface-client/1.2.0-SNAPSHOT/hdds-interface-client-1.2.0-SNAPSHOT.jar:/home/runner/.m2/repository/org/apache/hadoop/thirdparty/hadoop-shaded-protobuf_3_7/1.1.1/hadoop-shaded-protobuf_3_7-1.1.1.jar:/home/runner/.m2/repository/org/apache/ozone/ozone-interface-storage/1.2.0-SNAPSHOT/ozone-interface-storage-1.2.0-SNAPSHOT.jar:/home/runner/.m2/repository/org/reflections/reflections/0.9.11/reflections-0.9.11.jar:/home/runner/.m2/repository/org/apache/hadoop/hadoop-minikdc/3.3.1/hadoop-minikdc-3.3.1.jar:/home/runner/.m2/repository/org/apache/kerby/kerb-simplekdc/1.0.1/kerb-simplekdc-1.0.1.jar:/home/runner/.m2/repository/org/apache/kerby/kerb-client/1.0.1/kerb-client-1.0.1.jar:/home/runner/.m2/repository/org/apache/kerby/kerby-config/1.0.1/kerby-config-1.0.1.jar:/home/runner/.m2/repository/org/apache/kerby/kerb-common/1.0.1/kerb-common-1.0.1.jar:/home/runner/.m2/repository/org/apache/kerby/kerb-crypto/1.0.1/kerb-crypto-1.0.1.jar:/home/runner/.m2/repository/org/apache/kerby/kerb-util/1.0.1/kerb-util-1.0.1.jar:/home/runner/.m2/repository/org/apache/kerby/token-provider/1.0.1/token-provider-1.0.1.jar:/home/runner/.m2/repository/org/apache/kerby/kerb-admin/1.0.1/kerb-admin-1.0.1.jar:/home/runner/.m2/repository/org/apache/kerby/kerb-server/1.0.1/kerb-server-1.0.1.jar:/home/runner/.m2/repository/org/apache/kerby/kerb-identity/1.0.1/kerb-identity-1.0.1.jar:/home/runner/.m2/repository/org/apache/kerby/kerby-xdr/1.0.1/kerby-xdr-1.0.1.jar:/home/runner/.m2/repository/org/slf4j/slf4j-log4j12/1.7.30/slf4j-log4j12-1.7.30.jar:/home/runner/.m2/repository/org/apache/ozone/ozone-s3gateway/1.2.0-SNAPSHOT/ozone-s3gateway-1.2.0-SNAPSHOT.jar:/home/runner/.m2/repository/org/javassist/javassist/3.21.0-GA/javassist-3.21.0-GA.jar:/home/runner/.m2/repository/org/jboss/weld/servlet/weld-servlet/2.4.7.Final/weld-servlet-2.4.7.Final.jar:/home/runner/.m2/repository/org/glassfish/jersey/containers/jersey-container-servlet-core/2.33/jersey-container-servlet-core-2.33.jar:/home/runner/.m2/repository/org/glassfish/hk2/external/jakarta.inject/2.6.1/jakarta.inject-2.6.1.jar:/home/runner/.m2/repository/org/glassfish/jersey/core/jersey-common/2.33/jersey-common-2.33.jar:/home/runner/.m2/repository/jakarta/ws/rs/jakarta.ws.rs-api/2.1.6/jakarta.ws.rs-api-2.1.6.jar:/home/runner/.m2/repository/org/glassfish/jersey/ext/cdi/jersey-cdi1x/2.33/jersey-cdi1x-2.33.jar:/home/runner/.m2/repository/org/glassfish/jersey/inject/jersey-hk2/2.33/jersey-hk2-2.33.jar:/home/runner/.m2/repository/org/glassfish/hk2/hk2-locator/2.6.1/hk2-locator-2.6.1.jar:/home/runner/.m2/repository/org/glassfish/jersey/media/jersey-media-jaxb/2.33/jersey-media-jaxb-2.33.jar:/home/runner/.m2/repository/org/glassfish/hk2/osgi-resource-locator/1.0.3/osgi-resource-locator-1.0.3.jar:/home/runner/.m2/repository/org/glassfish/hk2/hk2-api/2.5.0/hk2-api-2.5.0.jar:/home/runner/.m2/repository/org/glassfish/hk2/hk2-utils/2.5.0/hk2-utils-2.5.0.jar:/home/runner/.m2/repository/org/glassfish/hk2/external/aopalliance-repackaged/2.5.0/aopalliance-repackaged-2.5.0.jar:/home/runner/.m2/repository/com/fasterxml/jackson/dataformat/jackson-dataformat-xml/2.12.1/jackson-dataformat-xml-2.12.1.jar:/home/runner/.m2/repository/com/fasterxml/jackson/core/jackson-core/2.12.1/jackson-core-2.12.1.jar:/home/runner/.m2/repository/com/fasterxml/jackson/module/jackson-module-jaxb-annotations/2.12.1/jackson-module-jaxb-annotations-2.12.1.jar:/home/runner/.m2/repository/jakarta/xml/bind/jakarta.xml.bind-api/2.3.2/jakarta.xml.bind-api-2.3.2.jar:/home/runner/.m2/repository/org/codehaus/woodstox/stax2-api/3.1.4/stax2-api-3.1.4.jar:/home/runner/.m2/repository/com/fasterxml/woodstox/woodstox-core/5.0.3/woodstox-core-5.0.3.jar:/home/runner/.m2/repository/javax/enterprise/cdi-api/1.2/cdi-api-1.2.jar:/home/runner/.m2/repository/javax/el/javax.el-api/3.0.0/javax.el-api-3.0.0.jar:/home/runner/.m2/repository/javax/interceptor/javax.interceptor-api/1.2/javax.interceptor-api-1.2.jar:/home/runner/.m2/repository/javax/inject/javax.inject/1/javax.inject-1.jar:/home/runner/.m2/repository/javax/xml/bind/jaxb-api/2.3.0/jaxb-api-2.3.0.jar:/home/runner/.m2/repository/org/glassfish/jaxb/jaxb-runtime/2.3.0.1/jaxb-runtime-2.3.0.1.jar:/home/runner/.m2/repository/org/glassfish/jaxb/jaxb-core/2.3.0.1/jaxb-core-2.3.0.1.jar:/home/runner/.m2/repository/org/glassfish/jaxb/txw2/2.3.0.1/txw2-2.3.0.1.jar:/home/runner/.m2/repository/com/sun/istack/istack-commons-runtime/3.0.5/istack-commons-runtime-3.0.5.jar:/home/runner/.m2/repository/org/jvnet/staxex/stax-ex/1.7.8/stax-ex-1.7.8.jar:/home/runner/.m2/repository/com/sun/xml/fastinfoset/FastInfoset/1.2.13/FastInfoset-1.2.13.jar:/home/runner/.m2/repository/javax/activation/activation/1.1.1/activation-1.1.1.jar:/home/runner/.m2/repository/org/apache/ozone/ozone-csi/1.2.0-SNAPSHOT/ozone-csi-1.2.0-SNAPSHOT.jar:/home/runner/.m2/repository/com/google/protobuf/protobuf-java-util/3.12.0/protobuf-java-util-3.12.0.jar:/home/runner/.m2/repository/com/google/code/gson/gson/2.2.4/gson-2.2.4.jar:/home/runner/.m2/repository/org/apache/ozone/hdds-config/1.2.0-SNAPSHOT/hdds-config-1.2.0-SNAPSHOT.jar:/home/runner/.m2/repository/io/grpc/grpc-netty/1.33.0/grpc-netty-1.33.0.jar:/home/runner/.m2/repository/io/grpc/grpc-core/1.33.0/grpc-core-1.33.0.jar:/home/runner/.m2/repository/com/google/android/annotations/4.1.1.4/annotations-4.1.1.4.jar:/home/runner/.m2/repository/io/netty/netty-codec-http2/4.1.63.Final/netty-codec-http2-4.1.63.Final.jar:/home/runner/.m2/repository/io/netty/netty-codec-http/4.1.63.Final/netty-codec-http-4.1.63.Final.jar:/home/runner/.m2/repository/io/netty/netty-handler-proxy/4.1.63.Final/netty-handler-proxy-4.1.63.Final.jar:/home/runner/.m2/repository/io/netty/netty-codec-socks/4.1.63.Final/netty-codec-socks-4.1.63.Final.jar:/home/runner/.m2/repository/io/perfmark/perfmark-api/0.19.0/perfmark-api-0.19.0.jar:/home/runner/.m2/repository/org/codehaus/mojo/animal-sniffer-annotations/1.18/animal-sniffer-annotations-1.18.jar:/home/runner/.m2/repository/io/netty/netty-transport-native-epoll/4.1.63.Final/netty-transport-native-epoll-4.1.63.Final.jar:/home/runner/.m2/repository/io/netty/netty-common/4.1.63.Final/netty-common-4.1.63.Final.jar:/home/runner/.m2/repository/io/netty/netty-buffer/4.1.63.Final/netty-buffer-4.1.63.Final.jar:/home/runner/.m2/repository/io/netty/netty-transport-native-unix-common/4.1.63.Final/netty-transport-native-unix-common-4.1.63.Final.jar:/home/runner/.m2/repository/io/grpc/grpc-protobuf/1.33.0/grpc-protobuf-1.33.0.jar:/home/runner/.m2/repository/io/grpc/grpc-api/1.33.0/grpc-api-1.33.0.jar:/home/runner/.m2/repository/io/grpc/grpc-context/1.33.0/grpc-context-1.33.0.jar:/home/runner/.m2/repository/com/google/api/grpc/proto-google-common-protos/1.17.0/proto-google-common-protos-1.17.0.jar:/home/runner/.m2/repository/io/grpc/grpc-protobuf-lite/1.33.0/grpc-protobuf-lite-1.33.0.jar:/home/runner/.m2/repository/io/grpc/grpc-stub/1.33.0/grpc-stub-1.33.0.jar:/home/runner/.m2/repository/org/apache/ozone/ozone-recon/1.2.0-SNAPSHOT/ozone-recon-1.2.0-SNAPSHOT.jar:/home/runner/.m2/repository/org/apache/ozone/ozone-reconcodegen/1.2.0-SNAPSHOT/ozone-reconcodegen-1.2.0-SNAPSHOT.jar:/home/runner/.m2/repository/com/google/inject/extensions/guice-multibindings/4.0/guice-multibindings-4.0.jar:/home/runner/.m2/repository/com/google/inject/guice/4.0/guice-4.0.jar:/home/runner/.m2/repository/aopalliance/aopalliance/1.0/aopalliance-1.0.jar:/home/runner/.m2/repository/com/google/inject/extensions/guice-assistedinject/4.0/guice-assistedinject-4.0.jar:/home/runner/.m2/repository/com/google/inject/extensions/guice-servlet/4.0/guice-servlet-4.0.jar:/home/runner/.m2/repository/org/glassfish/jersey/containers/jersey-container-servlet/2.33/jersey-container-servlet-2.33.jar:/home/runner/.m2/repository/org/glassfish/hk2/guice-bridge/2.5.0/guice-bridge-2.5.0.jar:/home/runner/.m2/repository/org/glassfish/jersey/core/jersey-server/2.33/jersey-server-2.33.jar:/home/runner/.m2/repository/org/glassfish/jersey/core/jersey-client/2.33/jersey-client-2.33.jar:/home/runner/.m2/repository/jakarta/annotation/jakarta.annotation-api/1.3.5/jakarta.annotation-api-1.3.5.jar:/home/runner/.m2/repository/jakarta/validation/jakarta.validation-api/2.0.2/jakarta.validation-api-2.0.2.jar:/home/runner/.m2/repository/org/glassfish/jersey/media/jersey-media-json-jackson/2.33/jersey-media-json-jackson-2.33.jar:/home/runner/.m2/repository/org/glassfish/jersey/ext/jersey-entity-filtering/2.33/jersey-entity-filtering-2.33.jar:/home/runner/.m2/repository/org/jooq/jooq/3.11.10/jooq-3.11.10.jar:/home/runner/.m2/repository/org/jooq/jooq-meta/3.11.10/jooq-meta-3.11.10.jar:/home/runner/.m2/repository/org/jooq/jooq-codegen/3.11.10/jooq-codegen-3.11.10.jar:/home/runner/.m2/repository/com/jolbox/bonecp/0.8.0.RELEASE/bonecp-0.8.0.RELEASE.jar:/home/runner/.m2/repository/org/apache/derby/derby/10.14.2.0/derby-10.14.2.0.jar:/home/runner/.m2/repository/org/xerial/sqlite-jdbc/3.25.2/sqlite-jdbc-3.25.2.jar:/home/runner/.m2/repository/org/springframework/spring-jdbc/5.2.17.RELEASE/spring-jdbc-5.2.17.RELEASE.jar:/home/runner/.m2/repository/org/springframework/spring-beans/5.2.17.RELEASE/spring-beans-5.2.17.RELEASE.jar:/home/runner/.m2/repository/org/springframework/spring-core/5.2.17.RELEASE/spring-core-5.2.17.RELEASE.jar:/home/runner/.m2/repository/org/springframework/spring-jcl/5.2.17.RELEASE/spring-jcl-5.2.17.RELEASE.jar:/home/runner/.m2/repository/org/springframework/spring-tx/5.2.17.RELEASE/spring-tx-5.2.17.RELEASE.jar:/home/runner/.m2/repository/org/apache/ozone/ozone-client/1.2.0-SNAPSHOT/ozone-client-1.2.0-SNAPSHOT.jar:/home/runner/.m2/repository/org/apache/ozone/ozone-filesystem/1.2.0-SNAPSHOT/ozone-filesystem-1.2.0-SNAPSHOT.jar:/home/runner/.m2/repository/org/apache/ozone/ozone-filesystem-common/1.2.0-SNAPSHOT/ozone-filesystem-common-1.2.0-SNAPSHOT.jar:/home/runner/.m2/repository/org/apache/ozone/ozone-tools/1.2.0-SNAPSHOT/ozone-tools-1.2.0-SNAPSHOT.jar:/home/runner/.m2/repository/org/apache/ratis/ratis-tools/2.2.0/ratis-tools-2.2.0.jar:/home/runner/.m2/repository/com/amazonaws/aws-java-sdk-core/1.11.1034/aws-java-sdk-core-1.11.1034.jar:/home/runner/.m2/repository/org/apache/httpcomponents/httpclient/4.5.13/httpclient-4.5.13.jar:/home/runner/.m2/repository/org/apache/httpcomponents/httpcore/4.4.13/httpcore-4.4.13.jar:/home/runner/.m2/repository/software/amazon/ion/ion-java/1.0.2/ion-java-1.0.2.jar:/home/runner/.m2/repository/com/fasterxml/jackson/dataformat/jackson-dataformat-cbor/2.12.1/jackson-dataformat-cbor-2.12.1.jar:/home/runner/.m2/repository/joda-time/joda-time/2.8.1/joda-time-2.8.1.jar:/home/runner/.m2/repository/com/amazonaws/aws-java-sdk-s3/1.11.1034/aws-java-sdk-s3-1.11.1034.jar:/home/runner/.m2/repository/com/amazonaws/aws-java-sdk-kms/1.11.1034/aws-java-sdk-kms-1.11.1034.jar:/home/runner/.m2/repository/com/amazonaws/jmespath-java/1.11.1034/jmespath-java-1.11.1034.jar:/home/runner/.m2/repository/org/kohsuke/metainf-services/metainf-services/1.8/metainf-services-1.8.jar:/home/runner/.m2/repository/org/apache/ozone/hdds-tools/1.2.0-SNAPSHOT/hdds-tools-1.2.0-SNAPSHOT.jar:/home/runner/.m2/repository/commons-cli/commons-cli/1.2/commons-cli-1.2.jar:/home/runner/.m2/repository/org/apache/commons/commons-lang3/3.7/commons-lang3-3.7.jar:/home/runner/.m2/repository/org/apache/ozone/ozone-manager/1.2.0-SNAPSHOT/ozone-manager-1.2.0-SNAPSHOT-tests.jar:/home/runner/.m2/repository/org/apache/ozone/hdds-common/1.2.0-SNAPSHOT/hdds-common-1.2.0-SNAPSHOT-tests.jar:/home/runner/.m2/repository/org/apache/ozone/hdds-hadoop-dependency-client/1.2.0-SNAPSHOT/hdds-hadoop-dependency-client-1.2.0-SNAPSHOT.jar:/home/runner/.m2/repository/info/picocli/picocli/4.6.1/picocli-4.6.1.jar:/home/runner/.m2/repository/com/fasterxml/jackson/core/jackson-annotations/2.12.1/jackson-annotations-2.12.1.jar:/home/runner/.m2/repository/javax/annotation/javax.annotation-api/1.2/javax.annotation-api-1.2.jar:/home/runner/.m2/repository/org/apache/ratis/ratis-server/2.2.0/ratis-server-2.2.0.jar:/home/runner/.m2/repository/org/apache/ratis/ratis-client/2.2.0/ratis-client-2.2.0.jar:/home/runner/.m2/repository/org/apache/ratis/ratis-server-api/2.2.0/ratis-server-api-2.2.0.jar:/home/runner/.m2/repository/org/apache/ratis/ratis-metrics/2.2.0/ratis-metrics-2.2.0.jar:/home/runner/.m2/repository/org/apache/ratis/ratis-netty/2.2.0/ratis-netty-2.2.0.jar:/home/runner/.m2/repository/org/apache/ratis/ratis-grpc/2.2.0/ratis-grpc-2.2.0.jar:/home/runner/.m2/repository/org/apache/logging/log4j/log4j-api/2.13.3/log4j-api-2.13.3.jar:/home/runner/.m2/repository/org/apache/logging/log4j/log4j-core/2.13.3/log4j-core-2.13.3.jar:/home/runner/.m2/repository/com/lmax/disruptor/3.4.2/disruptor-3.4.2.jar:/home/runner/.m2/repository/org/apache/commons/commons-pool2/2.6.0/commons-pool2-2.6.0.jar:/home/runner/.m2/repository/org/bouncycastle/bcpkix-jdk15on/1.67/bcpkix-jdk15on-1.67.jar:/home/runner/.m2/repository/commons-validator/commons-validator/1.6/commons-validator-1.6.jar:/home/runner/.m2/repository/commons-beanutils/commons-beanutils/1.9.4/commons-beanutils-1.9.4.jar:/home/runner/.m2/repository/commons-digester/commons-digester/1.8.1/commons-digester-1.8.1.jar:/home/runner/.m2/repository/commons-collections/commons-collections/3.2.2/commons-collections-3.2.2.jar:/home/runner/.m2/repository/io/jaegertracing/jaeger-client/1.6.0/jaeger-client-1.6.0.jar:/home/runner/.m2/repository/io/jaegertracing/jaeger-thrift/1.6.0/jaeger-thrift-1.6.0.jar:/home/runner/.m2/repository/org/apache/thrift/libthrift/0.14.1/libthrift-0.14.1.jar:/home/runner/.m2/repository/com/squareup/okhttp3/okhttp/4.9.0/okhttp-4.9.0.jar:/home/runner/.m2/repository/com/squareup/okio/okio/2.8.0/okio-2.8.0.jar:/home/runner/.m2/repository/io/jaegertracing/jaeger-core/1.6.0/jaeger-core-1.6.0.jar:/home/runner/.m2/repository/io/jaegertracing/jaeger-tracerresolver/1.6.0/jaeger-tracerresolver-1.6.0.jar:/home/runner/.m2/repository/io/opentracing/contrib/opentracing-tracerresolver/0.1.8/opentracing-tracerresolver-0.1.8.jar:/home/runner/.m2/repository/org/jetbrains/kotlin/kotlin-stdlib/1.4.31/kotlin-stdlib-1.4.31.jar:/home/runner/.m2/repository/org/jetbrains/kotlin/kotlin-stdlib-common/1.4.31/kotlin-stdlib-common-1.4.31.jar:/home/runner/.m2/repository/org/jetbrains/annotations/13.0/annotations-13.0.jar:/home/runner/.m2/repository/io/opentracing/opentracing-util/0.33.0/opentracing-util-0.33.0.jar:/home/runner/.m2/repository/io/opentracing/opentracing-api/0.33.0/opentracing-api-0.33.0.jar:/home/runner/.m2/repository/io/opentracing/opentracing-noop/0.33.0/opentracing-noop-0.33.0.jar:/home/runner/.m2/repository/org/yaml/snakeyaml/1.26/snakeyaml-1.26.jar:/home/runner/.m2/repository/org/apache/ozone/hdds-interface-admin/1.2.0-SNAPSHOT/hdds-interface-admin-1.2.0-SNAPSHOT.jar:/home/runner/.m2/repository/junit/junit/4.13.1/junit-4.13.1.jar:/home/runner/.m2/repository/org/hamcrest/hamcrest-core/1.3/hamcrest-core-1.3.jar:/home/runner/.m2/repository/org/junit/jupiter/junit-jupiter-api/5.7.0/junit-jupiter-api-5.7.0.jar:/home/runner/.m2/repository/org/apiguardian/apiguardian-api/1.1.0/apiguardian-api-1.1.0.jar:/home/runner/.m2/repository/org/opentest4j/opentest4j/1.2.0/opentest4j-1.2.0.jar:/home/runner/.m2/repository/org/junit/platform/junit-platform-commons/1.7.0/junit-platform-commons-1.7.0.jar:/home/runner/.m2/repository/org/junit/jupiter/junit-jupiter-engine/5.7.0/junit-jupiter-engine-5.7.0.jar:/home/runner/.m2/repository/org/junit/platform/junit-platform-engine/1.7.0/junit-platform-engine-1.7.0.jar:/home/runner/.m2/repository/org/junit/vintage/junit-vintage-engine/5.7.0/junit-vintage-engine-5.7.0.jar:/home/runner/.m2/repository/org/junit/platform/junit-platform-launcher/1.7.0/junit-platform-launcher-1.7.0.jar:/home/runner/.m2/repository/org/openjdk/jmh/jmh-core/1.19/jmh-core-1.19.jar:/home/runner/.m2/repository/net/sf/jopt-simple/jopt-simple/4.6/jopt-simple-4.6.jar:/home/runner/.m2/repository/org/apache/commons/commons-math3/3.1.1/commons-math3-3.1.1.jar:/home/runner/.m2/repository/org/openjdk/jmh/jmh-generator-annprocess/1.19/jmh-generator-annprocess-1.19.jar:/home/runner/.m2/repository/org/mockito/mockito-core/2.28.2/mockito-core-2.28.2.jar:/home/runner/.m2/repository/net/bytebuddy/byte-buddy/1.9.10/byte-buddy-1.9.10.jar:/home/runner/.m2/repository/net/bytebuddy/byte-buddy-agent/1.9.10/byte-buddy-agent-1.9.10.jar:/home/runner/.m2/repository/org/objenesis/objenesis/1.0/objenesis-1.0.jar:/home/runner/.m2/repository/org/apache/hadoop/hadoop-kms/3.3.1/hadoop-kms-3.3.1.jar:/home/runner/.m2/repository/org/apache/hadoop/hadoop-auth/3.3.1/hadoop-auth-3.3.1.jar:/home/runner/.m2/repository/com/nimbusds/nimbus-jose-jwt/7.9/nimbus-jose-jwt-7.9.jar:/home/runner/.m2/repository/com/github/stephenc/jcip/jcip-annotations/1.0-1/jcip-annotations-1.0-1.jar:/home/runner/.m2/repository/net/minidev/json-smart/2.3.1/json-smart-2.3.1.jar:/home/runner/.m2/repository/net/minidev/accessors-smart/2.3.1/accessors-smart-2.3.1.jar:/home/runner/.m2/repository/org/ow2/asm/asm/5.0.4/asm-5.0.4.jar:/home/runner/.m2/repository/org/apache/zookeeper/zookeeper/3.5.6/zookeeper-3.5.6.jar:/home/runner/.m2/repository/org/apache/zookeeper/zookeeper-jute/3.5.6/zookeeper-jute-3.5.6.jar:/home/runner/.m2/repository/org/apache/yetus/audience-annotations/0.5.0/audience-annotations-0.5.0.jar:/home/runner/.m2/repository/org/apache/curator/curator-framework/4.2.0/curator-framework-4.2.0.jar:/home/runner/.m2/repository/org/apache/hadoop/thirdparty/hadoop-shaded-guava/1.1.1/hadoop-shaded-guava-1.1.1.jar:/home/runner/.m2/repository/com/sun/jersey/jersey-core/1.19/jersey-core-1.19.jar:/home/runner/.m2/repository/javax/ws/rs/jsr311-api/1.1.1/jsr311-api-1.1.1.jar:/home/runner/.m2/repository/com/sun/jersey/jersey-server/1.19/jersey-server-1.19.jar:/home/runner/.m2/repository/javax/servlet/javax.servlet-api/3.1.0/javax.servlet-api-3.1.0.jar:/home/runner/.m2/repository/org/eclipse/jetty/jetty-server/9.4.43.v20210629/jetty-server-9.4.43.v20210629.jar:/home/runner/.m2/repository/org/eclipse/jetty/jetty-http/9.4.43.v20210629/jetty-http-9.4.43.v20210629.jar:/home/runner/.m2/repository/org/eclipse/jetty/jetty-io/9.4.43.v20210629/jetty-io-9.4.43.v20210629.jar:/home/runner/.m2/repository/org/eclipse/jetty/jetty-webapp/9.4.43.v20210629/jetty-webapp-9.4.43.v20210629.jar:/home/runner/.m2/repository/org/eclipse/jetty/jetty-xml/9.4.43.v20210629/jetty-xml-9.4.43.v20210629.jar:/home/runner/.m2/repository/org/apache/hadoop/hadoop-common/3.3.1/hadoop-common-3.3.1.jar:/home/runner/.m2/repository/commons-net/commons-net/3.6/commons-net-3.6.jar:/home/runner/.m2/repository/jakarta/activation/jakarta.activation-api/1.2.1/jakarta.activation-api-1.2.1.jar:/home/runner/.m2/repository/com/sun/jersey/jersey-servlet/1.19/jersey-servlet-1.19.jar:/home/runner/.m2/repository/com/sun/jersey/jersey-json/1.19/jersey-json-1.19.jar:/home/runner/.m2/repository/org/codehaus/jettison/jettison/1.1/jettison-1.1.jar:/home/runner/.m2/repository/com/sun/xml/bind/jaxb-impl/2.2.3-1/jaxb-impl-2.2.3-1.jar:/home/runner/.m2/repository/org/codehaus/jackson/jackson-jaxrs/1.9.2/jackson-jaxrs-1.9.2.jar:/home/runner/.m2/repository/org/codehaus/jackson/jackson-xc/1.9.2/jackson-xc-1.9.2.jar:/home/runner/.m2/repository/org/apache/commons/commons-configuration2/2.1.1/commons-configuration2-2.1.1.jar:/home/runner/.m2/repository/org/apache/commons/commons-text/1.4/commons-text-1.4.jar:/home/runner/.m2/repository/com/google/re2j/re2j/1.1/re2j-1.1.jar:/home/runner/.m2/repository/com/jcraft/jsch/0.1.54/jsch-0.1.54.jar:/home/runner/.m2/repository/org/apache/curator/curator-client/4.2.0/curator-client-4.2.0.jar:/home/runner/.m2/repository/org/apache/curator/curator-recipes/4.2.0/curator-recipes-4.2.0.jar:/home/runner/.m2/repository/org/apache/kerby/kerb-core/1.0.1/kerb-core-1.0.1.jar:/home/runner/.m2/repository/org/apache/kerby/kerby-pkix/1.0.1/kerby-pkix-1.0.1.jar:/home/runner/.m2/repository/org/apache/kerby/kerby-asn1/1.0.1/kerby-asn1-1.0.1.jar:/home/runner/.m2/repository/org/apache/kerby/kerby-util/1.0.1/kerby-util-1.0.1.jar:/home/runner/.m2/repository/dnsjava/dnsjava/2.1.7/dnsjava-2.1.7.jar:/home/runner/.m2/repository/org/xerial/snappy/snappy-java/1.1.8.2/snappy-java-1.1.8.2.jar:/home/runner/.m2/repository/org/slf4j/jul-to-slf4j/1.7.30/jul-to-slf4j-1.7.30.jar:/home/runner/.m2/repository/org/eclipse/jetty/jetty-util/9.4.43.v20210629/jetty-util-9.4.43.v20210629.jar:/home/runner/.m2/repository/com/fasterxml/jackson/core/jackson-databind/2.12.1/jackson-databind-2.12.1.jar:/home/runner/.m2/repository/org/apache/hadoop/hadoop-kms/3.3.1/hadoop-kms-3.3.1-tests.jar:/home/runner/.m2/repository/org/apache/ozone/hdds-server-scm/1.2.0-SNAPSHOT/hdds-server-scm-1.2.0-SNAPSHOT-tests.jar:/home/runner/.m2/repository/org/apache/ozone/hdds-container-service/1.2.0-SNAPSHOT/hdds-container-service-1.2.0-SNAPSHOT-tests.jar:/home/runner/.m2/repository/commons-codec/commons-codec/1.11/commons-codec-1.11.jar:/home/runner/.m2/repository/io/netty/netty-transport/4.1.63.Final/netty-transport-4.1.63.Final.jar:/home/runner/.m2/repository/io/netty/netty-resolver/4.1.63.Final/netty-resolver-4.1.63.Final.jar:/home/runner/.m2/repository/io/netty/netty-codec/4.1.63.Final/netty-codec-4.1.63.Final.jar:/home/runner/.m2/repository/io/netty/netty-handler/4.1.63.Final/netty-handler-4.1.63.Final.jar:/home/runner/.m2/repository/org/apache/ozone/hdds-hadoop-dependency-test/1.2.0-SNAPSHOT/hdds-hadoop-dependency-test-1.2.0-SNAPSHOT.jar:/home/runner/.m2/repository/org/apache/hadoop/hadoop-common/3.3.1/hadoop-common-3.3.1-tests.jar:/home/runner/.m2/repository/org/assertj/assertj-core/3.12.2/assertj-core-3.12.2.jar:/home/runner/.m2/repository/org/apache/hadoop/hadoop-hdfs/3.3.1/hadoop-hdfs-3.3.1-tests.jar:/home/runner/.m2/repository/org/eclipse/jetty/jetty-util-ajax/9.4.43.v20210629/jetty-util-ajax-9.4.43.v20210629.jar:/home/runner/.m2/repository/commons-daemon/commons-daemon/1.0.13/commons-daemon-1.0.13.jar:/home/runner/.m2/repository/io/netty/netty/3.10.6.Final/netty-3.10.6.Final.jar:/home/runner/.m2/repository/io/netty/netty-all/4.1.63.Final/netty-all-4.1.63.Final.jar:/home/runner/.m2/repository/org/apache/htrace/htrace-core4/4.1.0-incubating/htrace-core4-4.1.0-incubating.jar:/home/runner/.m2/repository/org/fusesource/leveldbjni/leveldbjni-all/1.8/leveldbjni-all-1.8.jar:/home/runner/.m2/repository/org/apache/hadoop/hadoop-distcp/3.3.1/hadoop-distcp-3.3.1.jar:/home/runner/.m2/repository/org/apache/hadoop/hadoop-mapreduce-client-jobclient/3.3.1/hadoop-mapreduce-client-jobclient-3.3.1.jar:/home/runner/.m2/repository/org/apache/hadoop/hadoop-mapreduce-client-common/3.3.1/hadoop-mapreduce-client-common-3.3.1.jar:/home/runner/.m2/repository/org/apache/hadoop/hadoop-yarn-common/3.3.1/hadoop-yarn-common-3.3.1.jar:/home/runner/.m2/repository/org/apache/hadoop/hadoop-yarn-api/3.3.1/hadoop-yarn-api-3.3.1.jar:/home/runner/.m2/repository/com/sun/jersey/jersey-client/1.19/jersey-client-1.19.jar:/home/runner/.m2/repository/com/sun/jersey/contribs/jersey-guice/1.19/jersey-guice-1.19.jar:/home/runner/.m2/repository/com/fasterxml/jackson/jaxrs/jackson-jaxrs-json-provider/2.12.1/jackson-jaxrs-json-provider-2.12.1.jar:/home/runner/.m2/repository/com/fasterxml/jackson/jaxrs/jackson-jaxrs-base/2.12.1/jackson-jaxrs-base-2.12.1.jar:/home/runner/.m2/repository/org/apache/hadoop/hadoop-yarn-client/3.3.1/hadoop-yarn-client-3.3.1.jar:/home/runner/.m2/repository/org/eclipse/jetty/websocket/websocket-client/9.4.40.v20210413/websocket-client-9.4.40.v20210413.jar:/home/runner/.m2/repository/org/eclipse/jetty/jetty-client/9.4.40.v20210413/jetty-client-9.4.40.v20210413.jar:/home/runner/.m2/repository/org/eclipse/jetty/websocket/websocket-common/9.4.40.v20210413/websocket-common-9.4.40.v20210413.jar:/home/runner/.m2/repository/org/eclipse/jetty/websocket/websocket-api/9.4.40.v20210413/websocket-api-9.4.40.v20210413.jar:/home/runner/.m2/repository/org/jline/jline/3.9.0/jline-3.9.0.jar:/home/runner/.m2/repository/org/apache/hadoop/hadoop-mapreduce-client-core/3.3.1/hadoop-mapreduce-client-core-3.3.1.jar:/home/runner/.m2/repository/org/apache/avro/avro/1.7.7/avro-1.7.7.jar:/home/runner/.m2/repository/org/codehaus/jackson/jackson-core-asl/1.9.13/jackson-core-asl-1.9.13.jar:/home/runner/.m2/repository/org/codehaus/jackson/jackson-mapper-asl/1.9.13/jackson-mapper-asl-1.9.13.jar:/home/runner/.m2/repository/com/thoughtworks/paranamer/paranamer/2.3/paranamer-2.3.jar:/home/runner/.m2/repository/org/apache/hadoop/hadoop-annotations/3.3.1/hadoop-annotations-3.3.1.jar:/usr/lib/jvm/adoptopenjdk-8-hotspot-amd64/jre/../lib/tools.jar:/home/runner/.m2/repository/org/apache/hadoop/hadoop-distcp/3.3.1/hadoop-distcp-3.3.1-tests.jar:/home/runner/.m2/repository/org/apache/ratis/ratis-common/2.2.0/ratis-common-2.2.0.jar:/home/runner/.m2/repository/org/apache/ratis/ratis-thirdparty-misc/0.7.0/ratis-thirdparty-misc-0.7.0.jar:/home/runner/.m2/repository/org/apache/ratis/ratis-proto/2.2.0/ratis-proto-2.2.0.jar:"/>
    <property name="sun.cpu.endian" value="little"/>
    <property name="user.home" value="/home/runner"/>
    <property name="user.language" value="en"/>
    <property name="java.specification.vendor" value="Oracle Corporation"/>
    <property name="java.home" value="/usr/lib/jvm/adoptopenjdk-8-hotspot-amd64/jre"/>
    <property name="java.security.krb5.conf" value="/home/runner/work/ozone/ozone/hadoop-ozone/integration-test/target/test-classes/krb5.conf"/>
    <property name="basedir" value="/home/runner/work/ozone/ozone/hadoop-ozone/integration-test"/>
    <property name="file.separator" value="/"/>
    <property name="line.separator" value="&#10;"/>
    <property name="java.vm.specification.vendor" value="Oracle Corporation"/>
    <property name="java.specification.name" value="Java Platform API Specification"/>
    <property name="java.awt.graphicsenv" value="sun.awt.X11GraphicsEnvironment"/>
    <property name="skip.installnpx" value="true"/>
    <property name="surefire.real.class.path" value="/home/runner/work/ozone/ozone/hadoop-ozone/integration-test/target/surefire/surefirebooter5662859877503963276.jar:/home/runner/.m2/repository/org/jacoco/org.jacoco.agent/0.8.5/org.jacoco.agent-0.8.5-runtime.jar"/>
    <property name="hadoop.log.dir" value="/home/runner/work/ozone/ozone/hadoop-ozone/integration-test/target/log"/>
    <property name="sun.boot.class.path" value="/usr/lib/jvm/adoptopenjdk-8-hotspot-amd64/jre/lib/resources.jar:/usr/lib/jvm/adoptopenjdk-8-hotspot-amd64/jre/lib/rt.jar:/usr/lib/jvm/adoptopenjdk-8-hotspot-amd64/jre/lib/sunrsasign.jar:/usr/lib/jvm/adoptopenjdk-8-hotspot-amd64/jre/lib/jsse.jar:/usr/lib/jvm/adoptopenjdk-8-hotspot-amd64/jre/lib/jce.jar:/usr/lib/jvm/adoptopenjdk-8-hotspot-amd64/jre/lib/charsets.jar:/usr/lib/jvm/adoptopenjdk-8-hotspot-amd64/jre/lib/jfr.jar:/usr/lib/jvm/adoptopenjdk-8-hotspot-amd64/jre/classes"/>
    <property name="sun.management.compiler" value="HotSpot 64-Bit Tiered Compilers"/>
    <property name="skip.npx" value="true"/>
    <property name="java.runtime.version" value="1.8.0_292-b10"/>
    <property name="java.net.preferIPv4Stack" value="true"/>
    <property name="user.name" value="runner"/>
    <property name="path.separator" value=":"/>
    <property name="java.security.egd" value="file:///dev/urandom"/>
    <property name="os.version" value="5.4.0-1061-azure"/>
    <property name="java.endorsed.dirs" value="/usr/lib/jvm/adoptopenjdk-8-hotspot-amd64/jre/lib/endorsed"/>
    <property name="java.runtime.name" value="OpenJDK Runtime Environment"/>
    <property name="file.encoding" value="UTF-8"/>
    <property name="java.vm.name" value="OpenJDK 64-Bit Server VM"/>
    <property name="test.build.webapps" value=""/>
    <property name="localRepository" value="/home/runner/.m2/repository"/>
    <property name="java.vendor.url.bug" value="https://github.com/AdoptOpenJDK/openjdk-support/issues"/>
    <property name="java.io.tmpdir" value="/tmp"/>
    <property name="require.test.libhadoop" value=""/>
    <property name="java.version" value="1.8.0_292"/>
    <property name="user.dir" value="/home/runner/work/ozone/ozone/hadoop-ozone/integration-test"/>
    <property name="os.arch" value="amd64"/>
    <property name="java.vm.specification.name" value="Java Virtual Machine Specification"/>
    <property name="test.build.classes" value="/home/runner/work/ozone/ozone/hadoop-ozone/integration-test/target/test-classes"/>
    <property name="java.awt.printerjob" value="sun.print.PSPrinterJob"/>
    <property name="sun.os.patch.level" value="unknown"/>
    <property name="hadoop.tmp.dir" value="/home/runner/work/ozone/ozone/hadoop-ozone/integration-test/target/tmp"/>
    <property name="java.library.path" value="/usr/java/packages/lib/amd64:/usr/lib64:/lib64:/lib:/usr/lib"/>
    <property name="java.vm.info" value="mixed mode"/>
    <property name="java.vendor" value="AdoptOpenJDK"/>
    <property name="java.vm.version" value="25.292-b10"/>
    <property name="java.ext.dirs" value="/usr/lib/jvm/adoptopenjdk-8-hotspot-amd64/jre/lib/ext:/usr/java/packages/lib/ext"/>
    <property name="sun.io.unicode.encoding" value="UnicodeLittle"/>
    <property name="java.class.version" value="52.0"/>
  </properties>
  <testcase name="testInstallSnapshot" classname="org.apache.hadoop.ozone.scm.TestSCMInstallSnapshotWithHA" time="72.997"/>
  <testcase name="testInstallOldCheckpointFailure" classname="org.apache.hadoop.ozone.scm.TestSCMInstallSnapshotWithHA" time="55.818"/>
  <testcase name="testInstallCorruptedCheckpointFailure" classname="org.apache.hadoop.ozone.scm.TestSCMInstallSnapshotWithHA" time="158.363">
    <error message="Timed out waiting for condition. Thread diagnostics:&#10;Timestamp: 2021-10-28 03:03:57,882&#10;&#10;&quot;Command processor thread&quot; daemon prio=5 tid=2647 timed_waiting&#10;java.lang.Thread.State: TIMED_WAITING&#10;        at java.lang.Thread.sleep(Native Method)&#10;        at org.apache.hadoop.ozone.container.common.statemachine.DatanodeStateMachine.lambda$initCommandHandlerThread$2(DatanodeStateMachine.java:574)&#10;        at org.apache.hadoop.ozone.container.common.statemachine.DatanodeStateMachine$$Lambda$893/554852437.run(Unknown Source)&#10;        at java.lang.Thread.run(Thread.java:748)&#10;&quot;IPC Server handler 13 on default port 13033&quot; daemon prio=5 tid=2323 timed_waiting&#10;java.lang.Thread.State: TIMED_WAITING&#10;        at sun.misc.Unsafe.park(Native Method)&#10;        at java.util.concurrent.locks.LockSupport.parkNanos(LockSupport.java:215)&#10;        at java.util.concurrent.locks.AbstractQueuedSynchronizer$ConditionObject.awaitNanos(AbstractQueuedSynchronizer.java:2078)&#10;        at java.util.concurrent.LinkedBlockingQueue.poll(LinkedBlockingQueue.java:467)&#10;        at org.apache.hadoop.ipc.CallQueueManager.take(CallQueueManager.java:317)&#10;        at org.apache.hadoop.ipc.Server$Handler.run(Server.java:2932)&#10;&quot;IPC Server handler 88 on default port 13034&quot; daemon prio=5 tid=2279 timed_waiting&#10;java.lang.Thread.State: TIMED_WAITING&#10;        at sun.misc.Unsafe.park(Native Method)&#10;        at java.util.concurrent.locks.LockSupport.parkNanos(LockSupport.java:215)&#10;        at java.util.concurrent.locks.AbstractQueuedSynchronizer$ConditionObject.awaitNanos(AbstractQueuedSynchronizer.java:2078)&#10;        at java.util.concurrent.LinkedBlockingQueue.poll(LinkedBlockingQueue.java:467)&#10;        at org.apache.hadoop.ipc.CallQueueManager.take(CallQueueManager.java:317)&#10;        at org.apache.hadoop.ipc.Server$Handler.run(Server.java:2932)&#10;&quot;qtp1667630446-2663&quot; daemon prio=5 tid=2663 timed_waiting&#10;java.lang.Thread.State: TIMED_WAITING&#10;        at sun.misc.Unsafe.park(Native Method)&#10;        at java.util.concurrent.locks.LockSupport.parkNanos(LockSupport.java:215)&#10;        at java.util.concurrent.locks.AbstractQueuedSynchronizer$ConditionObject.awaitNanos(AbstractQueuedSynchronizer.java:2078)&#10;        at org.eclipse.jetty.util.BlockingArrayQueue.poll(BlockingArrayQueue.java:382)&#10;        at org.eclipse.jetty.util.thread.QueuedThreadPool$Runner.idleJobPoll(QueuedThreadPool.java:974)&#10;        at org.eclipse.jetty.util.thread.QueuedThreadPool$Runner.run(QueuedThreadPool.java:1018)&#10;        at java.lang.Thread.run(Thread.java:748)&#10;&quot;qtp1999374326-2573&quot; daemon prio=5 tid=2573 timed_waiting&#10;java.lang.Thread.State: TIMED_WAITING&#10;        at sun.misc.Unsafe.park(Native Method)&#10;        at java.util.concurrent.locks.LockSupport.parkNanos(LockSupport.java:215)&#10;        at java.util.concurrent.locks.AbstractQueuedSynchronizer$ConditionObject.awaitNanos(AbstractQueuedSynchronizer.java:2078)&#10;        at org.eclipse.jetty.util.BlockingArrayQueue.poll(BlockingArrayQueue.java:382)&#10;        at org.eclipse.jetty.util.thread.QueuedThreadPool$Runner.idleJobPoll(QueuedThreadPool.java:974)&#10;        at org.eclipse.jetty.util.thread.QueuedThreadPool$Runner.run(QueuedThreadPool.java:1018)&#10;        at java.lang.Thread.run(Thread.java:748)&#10;&quot;omNode-1@group-523986131536-SegmentedRaftLogWorker&quot;  prio=5 tid=2559 timed_waiting&#10;java.lang.Thread.State: TIMED_WAITING&#10;        at sun.misc.Unsafe.park(Native Method)&#10;        at java.util.concurrent.locks.LockSupport.parkNanos(LockSupport.java:215)&#10;        at java.util.concurrent.locks.AbstractQueuedSynchronizer$ConditionObject.awaitNanos(AbstractQueuedSynchronizer.java:2078)&#10;        at org.apache.ratis.util.DataBlockingQueue.poll(DataBlockingQueue.java:137)&#10;        at org.apache.ratis.server.raftlog.segmented.SegmentedRaftLogWorker.run(SegmentedRaftLogWorker.java:292)&#10;        at org.apache.ratis.server.raftlog.segmented.SegmentedRaftLogWorker$$Lambda$435/2075927136.run(Unknown Source)&#10;        at java.lang.Thread.run(Thread.java:748)&#10;&quot;Datanode ReportManager Thread - 4&quot; daemon prio=5 tid=2646 in Object.wait()&#10;java.lang.Thread.State: WAITING (on object monitor)&#10;        at sun.misc.Unsafe.park(Native Method)&#10;        at java.util.concurrent.locks.LockSupport.park(LockSupport.java:175)&#10;        at java.util.concurrent.locks.AbstractQueuedSynchronizer$ConditionObject.await(AbstractQueuedSynchronizer.java:2039)&#10;        at java.util.concurrent.ScheduledThreadPoolExecutor$DelayedWorkQueue.take(ScheduledThreadPoolExecutor.java:1088)&#10;        at java.util.concurrent.ScheduledThreadPoolExecutor$DelayedWorkQueue.take(ScheduledThreadPoolExecutor.java:809)&#10;        at java.util.concurrent.ThreadPoolExecutor.getTask(ThreadPoolExecutor.java:1074)&#10;        at java.util.concurrent.ThreadPoolExecutor.runWorker(ThreadPoolExecutor.java:1134)&#10;        at java.util.concurrent.ThreadPoolExecutor$Worker.run(ThreadPoolExecutor.java:624)&#10;        at java.lang.Thread.run(Thread.java:748)&#10;&quot;IPC Server handler 0 on default port 13043&quot; daemon prio=5 tid=2455 timed_waiting&#10;java.lang.Thread.State: TIMED_WAITING&#10;        at sun.misc.Unsafe.park(Native Method)&#10;        at java.util.concurrent.locks.LockSupport.parkNanos(LockSupport.java:215)&#10;        at java.util.concurrent.locks.AbstractQueuedSynchronizer$ConditionObject.awaitNanos(AbstractQueuedSynchronizer.java:2078)&#10;        at java.util.concurrent.LinkedBlockingQueue.poll(LinkedBlockingQueue.java:467)&#10;        at org.apache.hadoop.ipc.CallQueueManager.take(CallQueueManager.java:317)&#10;        at org.apache.hadoop.ipc.Server$Handler.run(Server.java:2932)&#10;&quot;BlockDeletingService#1&quot; daemon prio=5 tid=2717 timed_waiting&#10;java.lang.Thread.State: TIMED_WAITING&#10;        at sun.misc.Unsafe.park(Native Method)&#10;        at java.util.concurrent.locks.LockSupport.parkNanos(LockSupport.java:215)&#10;        at java.util.concurrent.locks.AbstractQueuedSynchronizer$ConditionObject.awaitNanos(AbstractQueuedSynchronizer.java:2078)&#10;        at java.util.concurrent.ScheduledThreadPoolExecutor$DelayedWorkQueue.take(ScheduledThreadPoolExecutor.java:1093)&#10;        at java.util.concurrent.ScheduledThreadPoolExecutor$DelayedWorkQueue.take(ScheduledThreadPoolExecutor.java:809)&#10;        at java.util.concurrent.ThreadPoolExecutor.getTask(ThreadPoolExecutor.java:1074)&#10;        at java.util.concurrent.ThreadPoolExecutor.runWorker(ThreadPoolExecutor.java:1134)&#10;        at java.util.concurrent.ThreadPoolExecutor$Worker.run(ThreadPoolExecutor.java:624)&#10;        at java.lang.Thread.run(Thread.java:748)&#10;&quot;IPC Server handler 96 on default port 13034&quot; daemon prio=5 tid=2287 timed_waiting&#10;java.lang.Thread.State: TIMED_WAITING&#10;        at sun.misc.Unsafe.park(Native Method)&#10;        at java.util.concurrent.locks.LockSupport.parkNanos(LockSupport.java:215)&#10;        at java.util.concurrent.locks.AbstractQueuedSynchronizer$ConditionObject.awaitNanos(AbstractQueuedSynchronizer.java:2078)&#10;        at java.util.concurrent.LinkedBlockingQueue.poll(LinkedBlockingQueue.java:467)&#10;        at org.apache.hadoop.ipc.CallQueueManager.take(CallQueueManager.java:317)&#10;        at org.apache.hadoop.ipc.Server$Handler.run(Server.java:2932)&#10;&quot;Datanode ReportManager Thread - 0&quot; daemon prio=5 tid=2614 timed_waiting&#10;java.lang.Thread.State: TIMED_WAITING&#10;        at sun.misc.Unsafe.park(Native Method)&#10;        at java.util.concurrent.locks.LockSupport.parkNanos(LockSupport.java:215)&#10;        at java.util.concurrent.locks.AbstractQueuedSynchronizer$ConditionObject.awaitNanos(AbstractQueuedSynchronizer.java:2078)&#10;        at java.util.concurrent.ScheduledThreadPoolExecutor$DelayedWorkQueue.take(ScheduledThreadPoolExecutor.java:1093)&#10;        at java.util.concurrent.ScheduledThreadPoolExecutor$DelayedWorkQueue.take(ScheduledThreadPoolExecutor.java:809)&#10;        at java.util.concurrent.ThreadPoolExecutor.getTask(ThreadPoolExecutor.java:1074)&#10;        at java.util.concurrent.ThreadPoolExecutor.runWorker(ThreadPoolExecutor.java:1134)&#10;        at java.util.concurrent.ThreadPoolExecutor$Worker.run(ThreadPoolExecutor.java:624)&#10;        at java.lang.Thread.run(Thread.java:748)&#10;&quot;qtp1813996673-2604&quot; daemon prio=5 tid=2604 runnable&#10;java.lang.Thread.State: RUNNABLE&#10;        at sun.nio.ch.EPollArrayWrapper.epollWait(Native Method)&#10;        at sun.nio.ch.EPollArrayWrapper.poll(EPollArrayWrapper.java:269)&#10;        at sun.nio.ch.EPollSelectorImpl.doSelect(EPollSelectorImpl.java:93)&#10;        at sun.nio.ch.SelectorImpl.lockAndDoSelect(SelectorImpl.java:86)&#10;        at sun.nio.ch.SelectorImpl.select(SelectorImpl.java:97)&#10;        at sun.nio.ch.SelectorImpl.select(SelectorImpl.java:101)&#10;        at org.eclipse.jetty.io.ManagedSelector.nioSelect(ManagedSelector.java:183)&#10;        at org.eclipse.jetty.io.ManagedSelector.select(ManagedSelector.java:190)&#10;        at org.eclipse.jetty.io.ManagedSelector$SelectorProducer.select(ManagedSelector.java:606)&#10;        at org.eclipse.jetty.io.ManagedSelector$SelectorProducer.produce(ManagedSelector.java:543)&#10;        at org.eclipse.jetty.util.thread.strategy.EatWhatYouKill.produceTask(EatWhatYouKill.java:362)&#10;        at org.eclipse.jetty.util.thread.strategy.EatWhatYouKill.doProduce(EatWhatYouKill.java:186)&#10;        at org.eclipse.jetty.util.thread.strategy.EatWhatYouKill.tryProduce(EatWhatYouKill.java:173)&#10;        at org.eclipse.jetty.util.thread.strategy.EatWhatYouKill.produce(EatWhatYouKill.java:137)&#10;        at org.eclipse.jetty.io.ManagedSelector$$Lambda$707/237279395.run(Unknown Source)&#10;        at org.eclipse.jetty.util.thread.QueuedThreadPool.runJob(QueuedThreadPool.java:883)&#10;        at org.eclipse.jetty.util.thread.QueuedThreadPool$Runner.run(QueuedThreadPool.java:1034)&#10;        at java.lang.Thread.run(Thread.java:748)&#10;&quot;Datanode ReportManager Thread - 3&quot; daemon prio=5 tid=1744 in Object.wait()&#10;java.lang.Thread.State: WAITING (on object monitor)&#10;        at sun.misc.Unsafe.park(Native Method)&#10;        at java.util.concurrent.locks.LockSupport.park(LockSupport.java:175)&#10;        at java.util.concurrent.locks.AbstractQueuedSynchronizer$ConditionObject.await(AbstractQueuedSynchronizer.java:2039)&#10;        at java.util.concurrent.ScheduledThreadPoolExecutor$DelayedWorkQueue.take(ScheduledThreadPoolExecutor.java:1088)&#10;        at java.util.concurrent.ScheduledThreadPoolExecutor$DelayedWorkQueue.take(ScheduledThreadPoolExecutor.java:809)&#10;        at java.util.concurrent.ThreadPoolExecutor.getTask(ThreadPoolExecutor.java:1074)&#10;        at java.util.concurrent.ThreadPoolExecutor.runWorker(ThreadPoolExecutor.java:1134)&#10;        at java.util.concurrent.ThreadPoolExecutor$Worker.run(ThreadPoolExecutor.java:624)&#10;        at java.lang.Thread.run(Thread.java:748)&#10;&quot;Datanode ReportManager Thread - 2&quot; daemon prio=5 tid=2669 in Object.wait()&#10;java.lang.Thread.State: WAITING (on object monitor)&#10;        at sun.misc.Unsafe.park(Native Method)&#10;        at java.util.concurrent.locks.LockSupport.park(LockSupport.java:175)&#10;        at java.util.concurrent.locks.AbstractQueuedSynchronizer$ConditionObject.await(AbstractQueuedSynchronizer.java:2039)&#10;        at java.util.concurrent.ScheduledThreadPoolExecutor$DelayedWorkQueue.take(ScheduledThreadPoolExecutor.java:1088)&#10;        at java.util.concurrent.ScheduledThreadPoolExecutor$DelayedWorkQueue.take(ScheduledThreadPoolExecutor.java:809)&#10;        at java.util.concurrent.ThreadPoolExecutor.getTask(ThreadPoolExecutor.java:1074)&#10;        at java.util.concurrent.ThreadPoolExecutor.runWorker(ThreadPoolExecutor.java:1134)&#10;        at java.util.concurrent.ThreadPoolExecutor$Worker.run(ThreadPoolExecutor.java:624)&#10;        at java.lang.Thread.run(Thread.java:748)&#10;&quot;EventQueue-ContainerReportForContainerReportHandler&quot; daemon prio=5 tid=2730 in Object.wait()&#10;java.lang.Thread.State: WAITING (on object monitor)&#10;        at sun.misc.Unsafe.park(Native Method)&#10;        at java.util.concurrent.locks.LockSupport.park(LockSupport.java:175)&#10;        at java.util.concurrent.locks.AbstractQueuedSynchronizer$ConditionObject.await(AbstractQueuedSynchronizer.java:2039)&#10;        at java.util.concurrent.LinkedBlockingQueue.take(LinkedBlockingQueue.java:442)&#10;        at java.util.concurrent.ThreadPoolExecutor.getTask(ThreadPoolExecutor.java:1074)&#10;        at java.util.concurrent.ThreadPoolExecutor.runWorker(ThreadPoolExecutor.java:1134)&#10;        at java.util.concurrent.ThreadPoolExecutor$Worker.run(ThreadPoolExecutor.java:624)&#10;        at java.lang.Thread.run(Thread.java:748)&#10;&quot;org.apache.hadoop.ozone.container.common.statemachine.commandhandler.DeleteBlocksCommandHandler$DeleteCmdWorker@28b1ccd1&quot; daemon prio=5 tid=576 runnable&#10;java.lang.Thread.State: RUNNABLE&#10;        at java.lang.Thread.sleep(Native Method)&#10;        at org.apache.hadoop.ozone.container.common.statemachine.commandhandler.DeleteBlocksCommandHandler$DeleteCmdWorker.run(DeleteBlocksCommandHandler.java:175)&#10;        at java.lang.Thread.run(Thread.java:748)&#10;&quot;EventQueue-ContainerReportForContainerReportHandler&quot; daemon prio=5 tid=2725 in Object.wait()&#10;java.lang.Thread.State: WAITING (on object monitor)&#10;        at sun.misc.Unsafe.park(Native Method)&#10;        at java.util.concurrent.locks.LockSupport.park(LockSupport.java:175)&#10;        at java.util.concurrent.locks.AbstractQueuedSynchronizer$ConditionObject.await(AbstractQueuedSynchronizer.java:2039)&#10;        at java.util.concurrent.LinkedBlockingQueue.take(LinkedBlockingQueue.java:442)&#10;        at java.util.concurrent.ThreadPoolExecutor.getTask(ThreadPoolExecutor.java:1074)&#10;        at java.util.concurrent.ThreadPoolExecutor.runWorker(ThreadPoolExecutor.java:1134)&#10;        at java.util.concurrent.ThreadPoolExecutor$Worker.run(ThreadPoolExecutor.java:624)&#10;        at java.lang.Thread.run(Thread.java:748)&#10;&quot;prometheus&quot; daemon prio=5 tid=2089 in Object.wait()&#10;java.lang.Thread.State: WAITING (on object monitor)&#10;        at java.lang.Object.wait(Native Method)&#10;        at java.lang.Object.wait(Object.java:502)&#10;        at org.apache.hadoop.metrics2.impl.SinkQueue.waitForData(SinkQueue.java:114)&#10;        at org.apache.hadoop.metrics2.impl.SinkQueue.consumeAll(SinkQueue.java:83)&#10;        at org.apache.hadoop.metrics2.impl.MetricsSinkAdapter.publishMetricsFromQueue(MetricsSinkAdapter.java:135)&#10;        at org.apache.hadoop.metrics2.impl.MetricsSinkAdapter$1.run(MetricsSinkAdapter.java:89)&#10;&quot;Datanode ReportManager Thread - 4&quot; daemon prio=5 tid=1693 timed_waiting&#10;java.lang.Thread.State: TIMED_WAITING&#10;        at sun.misc.Unsafe.park(Native Method)&#10;        at java.util.concurrent.locks.LockSupport.parkNanos(LockSupport.java:215)&#10;        at java.util.concurrent.locks.AbstractQueuedSynchronizer$ConditionObject.awaitNanos(AbstractQueuedSynchronizer.java:2078)&#10;        at java.util.concurrent.ScheduledThreadPoolExecutor$DelayedWorkQueue.take(ScheduledThreadPoolExecutor.java:1093)&#10;        at java.util.concurrent.ScheduledThreadPoolExecutor$DelayedWorkQueue.take(ScheduledThreadPoolExecutor.java:809)&#10;        at java.util.concurrent.ThreadPoolExecutor.getTask(ThreadPoolExecutor.java:1074)&#10;        at java.util.concurrent.ThreadPoolExecutor.runWorker(ThreadPoolExecutor.java:1134)&#10;        at java.util.concurrent.ThreadPoolExecutor$Worker.run(ThreadPoolExecutor.java:624)&#10;        at java.lang.Thread.run(Thread.java:748)&#10;&quot;IPC Server handler 73 on default port 13034&quot; daemon prio=5 tid=2264 timed_waiting&#10;java.lang.Thread.State: TIMED_WAITING&#10;        at sun.misc.Unsafe.park(Native Method)&#10;        at java.util.concurrent.locks.LockSupport.parkNanos(LockSupport.java:215)&#10;        at java.util.concurrent.locks.AbstractQueuedSynchronizer$ConditionObject.awaitNanos(AbstractQueuedSynchronizer.java:2078)&#10;        at java.util.concurrent.LinkedBlockingQueue.poll(LinkedBlockingQueue.java:467)&#10;        at org.apache.hadoop.ipc.CallQueueManager.take(CallQueueManager.java:317)&#10;        at org.apache.hadoop.ipc.Server$Handler.run(Server.java:2932)&#10;&quot;org.apache.hadoop.util.JvmPauseMonitor$Monitor@145f4f6c&quot; daemon prio=5 tid=2518 timed_waiting&#10;java.lang.Thread.State: TIMED_WAITING&#10;        at java.lang.Thread.sleep(Native Method)&#10;        at org.apache.hadoop.util.JvmPauseMonitor$Monitor.run(JvmPauseMonitor.java:192)&#10;        at java.lang.Thread.run(Thread.java:748)&#10;&quot;IPC Server handler 58 on default port 13034&quot; daemon prio=5 tid=2249 timed_waiting&#10;java.lang.Thread.State: TIMED_WAITING&#10;        at sun.misc.Unsafe.park(Native Method)&#10;        at java.util.concurrent.locks.LockSupport.parkNanos(LockSupport.java:215)&#10;        at java.util.concurrent.locks.AbstractQueuedSynchronizer$ConditionObject.awaitNanos(AbstractQueuedSynchronizer.java:2078)&#10;        at java.util.concurrent.LinkedBlockingQueue.poll(LinkedBlockingQueue.java:467)&#10;        at org.apache.hadoop.ipc.CallQueueManager.take(CallQueueManager.java:317)&#10;        at org.apache.hadoop.ipc.Server$Handler.run(Server.java:2932)&#10;&quot;91f27009-ec66-4294-9321-b0739729fb6b@group-1FC4E3DC1381-FollowerState&quot; daemon prio=5 tid=2892 timed_waiting&#10;java.lang.Thread.State: TIMED_WAITING&#10;        at java.lang.Thread.sleep(Native Method)&#10;        at java.lang.Thread.sleep(Thread.java:340)&#10;        at java.util.concurrent.TimeUnit.sleep(TimeUnit.java:386)&#10;        at org.apache.ratis.util.TimeDuration.sleep(TimeDuration.java:324)&#10;        at org.apache.ratis.util.TimeDuration.sleep(TimeDuration.java:309)&#10;        at org.apache.ratis.server.impl.FollowerState.run(FollowerState.java:118)&#10;&quot;org.apache.hadoop.ozone.container.common.statemachine.commandhandler.DeleteBlocksCommandHandler$DeleteCmdWorker@22520d2c&quot; daemon prio=5 tid=2627 timed_waiting&#10;java.lang.Thread.State: TIMED_WAITING&#10;        at java.lang.Thread.sleep(Native Method)&#10;        at org.apache.hadoop.ozone.container.common.statemachine.commandhandler.DeleteBlocksCommandHandler$DeleteCmdWorker.run(DeleteBlocksCommandHandler.java:175)&#10;        at java.lang.Thread.run(Thread.java:748)&#10;&quot;IPC Server handler 15 on default port 11132&quot; daemon prio=5 tid=2591 timed_waiting&#10;java.lang.Thread.State: TIMED_WAITING&#10;        at sun.misc.Unsafe.park(Native Method)&#10;        at java.util.concurrent.locks.LockSupport.parkNanos(LockSupport.java:215)&#10;        at java.util.concurrent.locks.AbstractQueuedSynchronizer$ConditionObject.awaitNanos(AbstractQueuedSynchronizer.java:2078)&#10;        at java.util.concurrent.LinkedBlockingQueue.poll(LinkedBlockingQueue.java:467)&#10;        at org.apache.hadoop.ipc.CallQueueManager.take(CallQueueManager.java:317)&#10;        at org.apache.hadoop.ipc.Server$Handler.run(Server.java:2932)&#10;&quot;IPC Server handler 9 on default port 13043&quot; daemon prio=5 tid=2464 timed_waiting&#10;java.lang.Thread.State: TIMED_WAITING&#10;        at sun.misc.Unsafe.park(Native Method)&#10;        at java.util.concurrent.locks.LockSupport.parkNanos(LockSupport.java:215)&#10;        at java.util.concurrent.locks.AbstractQueuedSynchronizer$ConditionObject.awaitNanos(AbstractQueuedSynchronizer.java:2078)&#10;        at java.util.concurrent.LinkedBlockingQueue.poll(LinkedBlockingQueue.java:467)&#10;        at org.apache.hadoop.ipc.CallQueueManager.take(CallQueueManager.java:317)&#10;        at org.apache.hadoop.ipc.Server$Handler.run(Server.java:2932)&#10;&quot;IPC Server handler 91 on default port 13034&quot; daemon prio=5 tid=2282 timed_waiting&#10;java.lang.Thread.State: TIMED_WAITING&#10;        at sun.misc.Unsafe.park(Native Method)&#10;        at java.util.concurrent.locks.LockSupport.parkNanos(LockSupport.java:215)&#10;        at java.util.concurrent.locks.AbstractQueuedSynchronizer$ConditionObject.awaitNanos(AbstractQueuedSynchronizer.java:2078)&#10;        at java.util.concurrent.LinkedBlockingQueue.poll(LinkedBlockingQueue.java:467)&#10;        at org.apache.hadoop.ipc.CallQueueManager.take(CallQueueManager.java:317)&#10;        at org.apache.hadoop.ipc.Server$Handler.run(Server.java:2932)&#10;&quot;7e7f778f-92a3-4c6a-870c-2544e6325884@group-1FC4E3DC1381-&gt;91f27009-ec66-4294-9321-b0739729fb6b-GrpcLogAppender-LogAppenderDaemon&quot; daemon prio=5 tid=2886 timed_waiting&#10;java.lang.Thread.State: TIMED_WAITING&#10;        at java.lang.Object.wait(Native Method)&#10;        at org.apache.ratis.grpc.server.GrpcLogAppender.mayWait(GrpcLogAppender.java:175)&#10;        at org.apache.ratis.grpc.server.GrpcLogAppender.run(GrpcLogAppender.java:127)&#10;        at org.apache.ratis.server.leader.LogAppenderDaemon.run(LogAppenderDaemon.java:77)&#10;        at org.apache.ratis.server.leader.LogAppenderDaemon$$Lambda$739/1789928744.run(Unknown Source)&#10;        at java.lang.Thread.run(Thread.java:748)&#10;&quot;IPC Server handler 21 on default port 13033&quot; daemon prio=5 tid=2331 timed_waiting&#10;java.lang.Thread.State: TIMED_WAITING&#10;        at sun.misc.Unsafe.park(Native Method)&#10;        at java.util.concurrent.locks.LockSupport.parkNanos(LockSupport.java:215)&#10;        at java.util.concurrent.locks.AbstractQueuedSynchronizer$ConditionObject.awaitNanos(AbstractQueuedSynchronizer.java:2078)&#10;        at java.util.concurrent.LinkedBlockingQueue.poll(LinkedBlockingQueue.java:467)&#10;        at org.apache.hadoop.ipc.CallQueueManager.take(CallQueueManager.java:317)&#10;        at org.apache.hadoop.ipc.Server$Handler.run(Server.java:2932)&#10;&quot;IPC Server listener on 13034&quot; daemon prio=5 tid=2078 runnable&#10;java.lang.Thread.State: RUNNABLE&#10;        at sun.nio.ch.EPollArrayWrapper.epollWait(Native Method)&#10;        at sun.nio.ch.EPollArrayWrapper.poll(EPollArrayWrapper.java:269)&#10;        at sun.nio.ch.EPollSelectorImpl.doSelect(EPollSelectorImpl.java:93)&#10;        at sun.nio.ch.SelectorImpl.lockAndDoSelect(SelectorImpl.java:86)&#10;        at sun.nio.ch.SelectorImpl.select(SelectorImpl.java:97)&#10;        at sun.nio.ch.SelectorImpl.select(SelectorImpl.java:101)&#10;        at org.apache.hadoop.ipc.Server$Listener.run(Server.java:1350)&#10;&quot;qtp1613570136-2520&quot; daemon prio=5 tid=2520 runnable&#10;java.lang.Thread.State: RUNNABLE&#10;        at sun.nio.ch.EPollArrayWrapper.epollWait(Native Method)&#10;        at sun.nio.ch.EPollArrayWrapper.poll(EPollArrayWrapper.java:269)&#10;        at sun.nio.ch.EPollSelectorImpl.doSelect(EPollSelectorImpl.java:93)&#10;        at sun.nio.ch.SelectorImpl.lockAndDoSelect(SelectorImpl.java:86)&#10;        at sun.nio.ch.SelectorImpl.select(SelectorImpl.java:97)&#10;        at sun.nio.ch.SelectorImpl.select(SelectorImpl.java:101)&#10;        at org.eclipse.jetty.io.ManagedSelector.nioSelect(ManagedSelector.java:183)&#10;        at org.eclipse.jetty.io.ManagedSelector.select(ManagedSelector.java:190)&#10;        at org.eclipse.jetty.io.ManagedSelector$SelectorProducer.select(ManagedSelector.java:606)&#10;        at org.eclipse.jetty.io.ManagedSelector$SelectorProducer.produce(ManagedSelector.java:543)&#10;        at org.eclipse.jetty.util.thread.strategy.EatWhatYouKill.produceTask(EatWhatYouKill.java:362)&#10;        at org.eclipse.jetty.util.thread.strategy.EatWhatYouKill.doProduce(EatWhatYouKill.java:186)&#10;        at org.eclipse.jetty.util.thread.strategy.EatWhatYouKill.tryProduce(EatWhatYouKill.java:173)&#10;        at org.eclipse.jetty.util.thread.strategy.EatWhatYouKill.produce(EatWhatYouKill.java:137)&#10;        at org.eclipse.jetty.io.ManagedSelector$$Lambda$707/237279395.run(Unknown Source)&#10;        at org.eclipse.jetty.util.thread.QueuedThreadPool.runJob(QueuedThreadPool.java:883)&#10;        at org.eclipse.jetty.util.thread.QueuedThreadPool$Runner.run(QueuedThreadPool.java:1034)&#10;        at java.lang.Thread.run(Thread.java:748)&#10;&quot;IPC Server handler 82 on default port 13035&quot; daemon prio=5 tid=2173 timed_waiting&#10;java.lang.Thread.State: TIMED_WAITING&#10;        at sun.misc.Unsafe.park(Native Method)&#10;        at java.util.concurrent.locks.LockSupport.parkNanos(LockSupport.java:215)&#10;        at java.util.concurrent.locks.AbstractQueuedSynchronizer$ConditionObject.awaitNanos(AbstractQueuedSynchronizer.java:2078)&#10;        at java.util.concurrent.LinkedBlockingQueue.poll(LinkedBlockingQueue.java:467)&#10;        at org.apache.hadoop.ipc.CallQueueManager.take(CallQueueManager.java:317)&#10;        at org.apache.hadoop.ipc.Server$Handler.run(Server.java:2932)&#10;&quot;pool-408-thread-1&quot;  prio=5 tid=2443 in Object.wait()&#10;java.lang.Thread.State: WAITING (on object monitor)&#10;        at sun.misc.Unsafe.park(Native Method)&#10;        at java.util.concurrent.locks.LockSupport.park(LockSupport.java:175)&#10;        at java.util.concurrent.locks.AbstractQueuedSynchronizer$ConditionObject.await(AbstractQueuedSynchronizer.java:2039)&#10;        at java.util.concurrent.LinkedBlockingQueue.take(LinkedBlockingQueue.java:442)&#10;        at java.util.concurrent.ThreadPoolExecutor.getTask(ThreadPoolExecutor.java:1074)&#10;        at java.util.concurrent.ThreadPoolExecutor.runWorker(ThreadPoolExecutor.java:1134)&#10;        at java.util.concurrent.ThreadPoolExecutor$Worker.run(ThreadPoolExecutor.java:624)&#10;        at java.lang.Thread.run(Thread.java:748)&#10;&quot;Datanode ReportManager Thread - 3&quot; daemon prio=5 tid=2645 in Object.wait()&#10;java.lang.Thread.State: WAITING (on object monitor)&#10;        at sun.misc.Unsafe.park(Native Method)&#10;        at java.util.concurrent.locks.LockSupport.park(LockSupport.java:175)&#10;        at java.util.concurrent.locks.AbstractQueuedSynchronizer$ConditionObject.await(AbstractQueuedSynchronizer.java:2039)&#10;        at java.util.concurrent.ScheduledThreadPoolExecutor$DelayedWorkQueue.take(ScheduledThreadPoolExecutor.java:1088)&#10;        at java.util.concurrent.ScheduledThreadPoolExecutor$DelayedWorkQueue.take(ScheduledThreadPoolExecutor.java:809)&#10;        at java.util.concurrent.ThreadPoolExecutor.getTask(ThreadPoolExecutor.java:1074)&#10;        at java.util.concurrent.ThreadPoolExecutor.runWorker(ThreadPoolExecutor.java:1134)&#10;        at java.util.concurrent.ThreadPoolExecutor$Worker.run(ThreadPoolExecutor.java:624)&#10;        at java.lang.Thread.run(Thread.java:748)&#10;&quot;IPC Server handler 16 on default port 13043&quot; daemon prio=5 tid=2471 timed_waiting&#10;java.lang.Thread.State: TIMED_WAITING&#10;        at sun.misc.Unsafe.park(Native Method)&#10;        at java.util.concurrent.locks.LockSupport.parkNanos(LockSupport.java:215)&#10;        at java.util.concurrent.locks.AbstractQueuedSynchronizer$ConditionObject.awaitNanos(AbstractQueuedSynchronizer.java:2078)&#10;        at java.util.concurrent.LinkedBlockingQueue.poll(LinkedBlockingQueue.java:467)&#10;        at org.apache.hadoop.ipc.CallQueueManager.take(CallQueueManager.java:317)&#10;        at org.apache.hadoop.ipc.Server$Handler.run(Server.java:2932)&#10;&quot;91f27009-ec66-4294-9321-b0739729fb6b@group-A37BCEEDED0F-&gt;d262ff89-3d5e-4ab4-981f-dc8616a3cc4b-GrpcLogAppender-LogAppenderDaemon&quot; daemon prio=5 tid=2935 timed_waiting&#10;java.lang.Thread.State: TIMED_WAITING&#10;        at java.lang.Object.wait(Native Method)&#10;        at org.apache.ratis.grpc.server.GrpcLogAppender.mayWait(GrpcLogAppender.java:175)&#10;        at org.apache.ratis.grpc.server.GrpcLogAppender.run(GrpcLogAppender.java:127)&#10;        at org.apache.ratis.server.leader.LogAppenderDaemon.run(LogAppenderDaemon.java:77)&#10;        at org.apache.ratis.server.leader.LogAppenderDaemon$$Lambda$739/1789928744.run(Unknown Source)&#10;        at java.lang.Thread.run(Thread.java:748)&#10;&quot;IPC Server handler 74 on default port 13033&quot; daemon prio=5 tid=2384 timed_waiting&#10;java.lang.Thread.State: TIMED_WAITING&#10;        at sun.misc.Unsafe.park(Native Method)&#10;        at java.util.concurrent.locks.LockSupport.parkNanos(LockSupport.java:215)&#10;        at java.util.concurrent.locks.AbstractQueuedSynchronizer$ConditionObject.awaitNanos(AbstractQueuedSynchronizer.java:2078)&#10;        at java.util.concurrent.LinkedBlockingQueue.poll(LinkedBlockingQueue.java:467)&#10;        at org.apache.hadoop.ipc.CallQueueManager.take(CallQueueManager.java:317)&#10;        at org.apache.hadoop.ipc.Server$Handler.run(Server.java:2932)&#10;&quot;IPC Server handler 4 on default port 11132&quot; daemon prio=5 tid=2580 timed_waiting&#10;java.lang.Thread.State: TIMED_WAITING&#10;        at sun.misc.Unsafe.park(Native Method)&#10;        at java.util.concurrent.locks.LockSupport.parkNanos(LockSupport.java:215)&#10;        at java.util.concurrent.locks.AbstractQueuedSynchronizer$ConditionObject.awaitNanos(AbstractQueuedSynchronizer.java:2078)&#10;        at java.util.concurrent.LinkedBlockingQueue.poll(LinkedBlockingQueue.java:467)&#10;        at org.apache.hadoop.ipc.CallQueueManager.take(CallQueueManager.java:317)&#10;        at org.apache.hadoop.ipc.Server$Handler.run(Server.java:2932)&#10;&quot;EndpointStateMachine task thread for /127.0.0.1:13023 - 0 &quot;  prio=5 tid=643 in Object.wait()&#10;java.lang.Thread.State: WAITING (on object monitor)&#10;        at sun.misc.Unsafe.park(Native Method)&#10;        at java.util.concurrent.locks.LockSupport.park(LockSupport.java:175)&#10;        at java.util.concurrent.locks.AbstractQueuedSynchronizer$ConditionObject.await(AbstractQueuedSynchronizer.java:2039)&#10;        at java.util.concurrent.LinkedBlockingQueue.take(LinkedBlockingQueue.java:442)&#10;        at java.util.concurrent.ThreadPoolExecutor.getTask(ThreadPoolExecutor.java:1074)&#10;        at java.util.concurrent.ThreadPoolExecutor.runWorker(ThreadPoolExecutor.java:1134)&#10;        at java.util.concurrent.ThreadPoolExecutor$Worker.run(ThreadPoolExecutor.java:624)&#10;        at java.lang.Thread.run(Thread.java:748)&#10;&quot;qtp708676185-2631&quot; daemon prio=5 tid=2631 timed_waiting&#10;java.lang.Thread.State: TIMED_WAITING&#10;        at sun.misc.Unsafe.park(Native Method)&#10;        at java.util.concurrent.locks.LockSupport.parkNanos(LockSupport.java:215)&#10;        at java.util.concurrent.locks.AbstractQueuedSynchronizer$ConditionObject.awaitNanos(AbstractQueuedSynchronizer.java:2078)&#10;        at org.eclipse.jetty.util.BlockingArrayQueue.poll(BlockingArrayQueue.java:382)&#10;        at org.eclipse.jetty.util.thread.QueuedThreadPool$Runner.idleJobPoll(QueuedThreadPool.java:974)&#10;        at org.eclipse.jetty.util.thread.QueuedThreadPool$Runner.run(QueuedThreadPool.java:1018)&#10;        at java.lang.Thread.run(Thread.java:748)&#10;&quot;IPC Server Responder&quot; daemon prio=5 tid=2558 runnable&#10;java.lang.Thread.State: RUNNABLE&#10;        at sun.nio.ch.EPollArrayWrapper.epollWait(Native Method)&#10;        at sun.nio.ch.EPollArrayWrapper.poll(EPollArrayWrapper.java:269)&#10;        at sun.nio.ch.EPollSelectorImpl.doSelect(EPollSelectorImpl.java:93)&#10;        at sun.nio.ch.SelectorImpl.lockAndDoSelect(SelectorImpl.java:86)&#10;        at sun.nio.ch.SelectorImpl.select(SelectorImpl.java:97)&#10;        at org.apache.hadoop.ipc.Server$Responder.doRunLoop(Server.java:1527)&#10;        at org.apache.hadoop.ipc.Server$Responder.run(Server.java:1510)&#10;&quot;IPC Server idle connection scanner for port 13035&quot; daemon prio=5 tid=2084 timed_waiting&#10;java.lang.Thread.State: TIMED_WAITING&#10;        at java.lang.Object.wait(Native Method)&#10;        at java.util.TimerThread.mainLoop(Timer.java:552)&#10;        at java.util.TimerThread.run(Timer.java:505)&#10;&quot;qtp1813996673-2605-acceptor-0@7cbf0bae-ServerConnector@6203f71{HTTP/1.1, (http/1.1)}{0.0.0.0:35467}&quot; daemon prio=3 tid=2605 runnable&#10;java.lang.Thread.State: RUNNABLE&#10;        at sun.nio.ch.ServerSocketChannelImpl.accept0(Native Method)&#10;        at sun.nio.ch.ServerSocketChannelImpl.accept(ServerSocketChannelImpl.java:421)&#10;        at sun.nio.ch.ServerSocketChannelImpl.accept(ServerSocketChannelImpl.java:249)&#10;        at org.eclipse.jetty.server.ServerConnector.accept(ServerConnector.java:388)&#10;        at org.eclipse.jetty.server.AbstractConnector$Acceptor.run(AbstractConnector.java:702)&#10;        at org.eclipse.jetty.util.thread.QueuedThreadPool.runJob(QueuedThreadPool.java:883)&#10;        at org.eclipse.jetty.util.thread.QueuedThreadPool$Runner.run(QueuedThreadPool.java:1034)&#10;        at java.lang.Thread.run(Thread.java:748)&#10;&quot;IPC Server handler 77 on default port 13033&quot; daemon prio=5 tid=2387 timed_waiting&#10;java.lang.Thread.State: TIMED_WAITING&#10;        at sun.misc.Unsafe.park(Native Method)&#10;        at java.util.concurrent.locks.LockSupport.parkNanos(LockSupport.java:215)&#10;        at java.util.concurrent.locks.AbstractQueuedSynchronizer$ConditionObject.awaitNanos(AbstractQueuedSynchronizer.java:2078)&#10;        at java.util.concurrent.LinkedBlockingQueue.poll(LinkedBlockingQueue.java:467)&#10;        at org.apache.hadoop.ipc.CallQueueManager.take(CallQueueManager.java:317)&#10;        at org.apache.hadoop.ipc.Server$Handler.run(Server.java:2932)&#10;&quot;Datanode ReportManager Thread - 3&quot; daemon prio=5 tid=618 in Object.wait()&#10;java.lang.Thread.State: WAITING (on object monitor)&#10;        at sun.misc.Unsafe.park(Native Method)&#10;        at java.util.concurrent.locks.LockSupport.park(LockSupport.java:175)&#10;        at java.util.concurrent.locks.AbstractQueuedSynchronizer$ConditionObject.await(AbstractQueuedSynchronizer.java:2039)&#10;        at java.util.concurrent.ScheduledThreadPoolExecutor$DelayedWorkQueue.take(ScheduledThreadPoolExecutor.java:1088)&#10;        at java.util.concurrent.ScheduledThreadPoolExecutor$DelayedWorkQueue.take(ScheduledThreadPoolExecutor.java:809)&#10;        at java.util.concurrent.ThreadPoolExecutor.getTask(ThreadPoolExecutor.java:1074)&#10;        at java.util.concurrent.ThreadPoolExecutor.runWorker(ThreadPoolExecutor.java:1134)&#10;        at java.util.concurrent.ThreadPoolExecutor$Worker.run(ThreadPoolExecutor.java:624)&#10;        at java.lang.Thread.run(Thread.java:748)&#10;&quot;IPC Server handler 14 on default port 13044&quot; daemon prio=5 tid=2511 timed_waiting&#10;java.lang.Thread.State: TIMED_WAITING&#10;        at sun.misc.Unsafe.park(Native Method)&#10;        at java.util.concurrent.locks.LockSupport.parkNanos(LockSupport.java:215)&#10;        at java.util.concurrent.locks.AbstractQueuedSynchronizer$ConditionObject.awaitNanos(AbstractQueuedSynchronizer.java:2078)&#10;        at java.util.concurrent.LinkedBlockingQueue.poll(LinkedBlockingQueue.java:467)&#10;        at org.apache.hadoop.ipc.CallQueueManager.take(CallQueueManager.java:317)&#10;        at org.apache.hadoop.ipc.Server$Handler.run(Server.java:2932)&#10;&quot;IPC Server handler 76 on default port 13033&quot; daemon prio=5 tid=2386 timed_waiting&#10;java.lang.Thread.State: TIMED_WAITING&#10;        at sun.misc.Unsafe.park(Native Method)&#10;        at java.util.concurrent.locks.LockSupport.parkNanos(LockSupport.java:215)&#10;        at java.util.concurrent.locks.AbstractQueuedSynchronizer$ConditionObject.awaitNanos(AbstractQueuedSynchronizer.java:2078)&#10;        at java.util.concurrent.LinkedBlockingQueue.poll(LinkedBlockingQueue.java:467)&#10;        at org.apache.hadoop.ipc.CallQueueManager.take(CallQueueManager.java:317)&#10;        at org.apache.hadoop.ipc.Server$Handler.run(Server.java:2932)&#10;&quot;EndpointStateMachine task thread for /127.0.0.1:12199 - 0 &quot;  prio=5 tid=1770 in Object.wait()&#10;java.lang.Thread.State: WAITING (on object monitor)&#10;        at sun.misc.Unsafe.park(Native Method)&#10;        at java.util.concurrent.locks.LockSupport.park(LockSupport.java:175)&#10;        at java.util.concurrent.locks.AbstractQueuedSynchronizer$ConditionObject.await(AbstractQueuedSynchronizer.java:2039)&#10;        at java.util.concurrent.LinkedBlockingQueue.take(LinkedBlockingQueue.java:442)&#10;        at java.util.concurrent.ThreadPoolExecutor.getTask(ThreadPoolExecutor.java:1074)&#10;        at java.util.concurrent.ThreadPoolExecutor.runWorker(ThreadPoolExecutor.java:1134)&#10;        at java.util.concurrent.ThreadPoolExecutor$Worker.run(ThreadPoolExecutor.java:624)&#10;        at java.lang.Thread.run(Thread.java:748)&#10;&quot;org.apache.hadoop.util.JvmPauseMonitor$Monitor@4ba0ab66&quot; daemon prio=5 tid=2292 timed_waiting&#10;java.lang.Thread.State: TIMED_WAITING&#10;        at java.lang.Thread.sleep(Native Method)&#10;        at org.apache.hadoop.util.JvmPauseMonitor$Monitor.run(JvmPauseMonitor.java:192)&#10;        at java.lang.Thread.run(Thread.java:748)&#10;&quot;IPC Server handler 78 on default port 13035&quot; daemon prio=5 tid=2169 timed_waiting&#10;java.lang.Thread.State: TIMED_WAITING&#10;        at sun.misc.Unsafe.park(Native Method)&#10;        at java.util.concurrent.locks.LockSupport.parkNanos(LockSupport.java:215)&#10;        at java.util.concurrent.locks.AbstractQueuedSynchronizer$ConditionObject.awaitNanos(AbstractQueuedSynchronizer.java:2078)&#10;        at java.util.concurrent.LinkedBlockingQueue.poll(LinkedBlockingQueue.java:467)&#10;        at org.apache.hadoop.ipc.CallQueueManager.take(CallQueueManager.java:317)&#10;        at org.apache.hadoop.ipc.Server$Handler.run(Server.java:2932)&#10;&quot;IPC Server handler 30 on default port 13034&quot; daemon prio=5 tid=2221 timed_waiting&#10;java.lang.Thread.State: TIMED_WAITING&#10;        at sun.misc.Unsafe.park(Native Method)&#10;        at java.util.concurrent.locks.LockSupport.parkNanos(LockSupport.java:215)&#10;        at java.util.concurrent.locks.AbstractQueuedSynchronizer$ConditionObject.awaitNanos(AbstractQueuedSynchronizer.java:2078)&#10;        at java.util.concurrent.LinkedBlockingQueue.poll(LinkedBlockingQueue.java:467)&#10;        at org.apache.hadoop.ipc.CallQueueManager.take(CallQueueManager.java:317)&#10;        at org.apache.hadoop.ipc.Server$Handler.run(Server.java:2932)&#10;&quot;IPC Server handler 23 on default port 13034&quot; daemon prio=5 tid=2214 timed_waiting&#10;java.lang.Thread.State: TIMED_WAITING&#10;        at sun.misc.Unsafe.park(Native Method)&#10;        at java.util.concurrent.locks.LockSupport.parkNanos(LockSupport.java:215)&#10;        at java.util.concurrent.locks.AbstractQueuedSynchronizer$ConditionObject.awaitNanos(AbstractQueuedSynchronizer.java:2078)&#10;        at java.util.concurrent.LinkedBlockingQueue.poll(LinkedBlockingQueue.java:467)&#10;        at org.apache.hadoop.ipc.CallQueueManager.take(CallQueueManager.java:317)&#10;        at org.apache.hadoop.ipc.Server$Handler.run(Server.java:2932)&#10;&quot;IPC Server handler 94 on default port 13035&quot; daemon prio=5 tid=2185 timed_waiting&#10;java.lang.Thread.State: TIMED_WAITING&#10;        at sun.misc.Unsafe.park(Native Method)&#10;        at java.util.concurrent.locks.LockSupport.parkNanos(LockSupport.java:215)&#10;        at java.util.concurrent.locks.AbstractQueuedSynchronizer$ConditionObject.awaitNanos(AbstractQueuedSynchronizer.java:2078)&#10;        at java.util.concurrent.LinkedBlockingQueue.poll(LinkedBlockingQueue.java:467)&#10;        at org.apache.hadoop.ipc.CallQueueManager.take(CallQueueManager.java:317)&#10;        at org.apache.hadoop.ipc.Server$Handler.run(Server.java:2932)&#10;&quot;SCM Heartbeat Processing Thread - 0&quot; daemon prio=5 tid=2420 timed_waiting&#10;java.lang.Thread.State: TIMED_WAITING&#10;        at sun.misc.Unsafe.park(Native Method)&#10;        at java.util.concurrent.locks.LockSupport.parkNanos(LockSupport.java:215)&#10;        at java.util.concurrent.locks.AbstractQueuedSynchronizer$ConditionObject.awaitNanos(AbstractQueuedSynchronizer.java:2078)&#10;        at java.util.concurrent.ScheduledThreadPoolExecutor$DelayedWorkQueue.take(ScheduledThreadPoolExecutor.java:1093)&#10;        at java.util.concurrent.ScheduledThreadPoolExecutor$DelayedWorkQueue.take(ScheduledThreadPoolExecutor.java:809)&#10;        at java.util.concurrent.ThreadPoolExecutor.getTask(ThreadPoolExecutor.java:1074)&#10;        at java.util.concurrent.ThreadPoolExecutor.runWorker(ThreadPoolExecutor.java:1134)&#10;        at java.util.concurrent.ThreadPoolExecutor$Worker.run(ThreadPoolExecutor.java:624)&#10;        at java.lang.Thread.run(Thread.java:748)&#10;&quot;IPC Server handler 17 on default port 13035&quot; daemon prio=5 tid=2108 timed_waiting&#10;java.lang.Thread.State: TIMED_WAITING&#10;        at sun.misc.Unsafe.park(Native Method)&#10;        at java.util.concurrent.locks.LockSupport.parkNanos(LockSupport.java:215)&#10;        at java.util.concurrent.locks.AbstractQueuedSynchronizer$ConditionObject.awaitNanos(AbstractQueuedSynchronizer.java:2078)&#10;        at java.util.concurrent.LinkedBlockingQueue.poll(LinkedBlockingQueue.java:467)&#10;        at org.apache.hadoop.ipc.CallQueueManager.take(CallQueueManager.java:317)&#10;        at org.apache.hadoop.ipc.Server$Handler.run(Server.java:2932)&#10;&quot;BlockDeletingService#2&quot; daemon prio=5 tid=2980 in Object.wait()&#10;java.lang.Thread.State: WAITING (on object monitor)&#10;        at sun.misc.Unsafe.park(Native Method)&#10;        at java.util.concurrent.locks.LockSupport.park(LockSupport.java:175)&#10;        at java.util.concurrent.locks.AbstractQueuedSynchronizer$ConditionObject.await(AbstractQueuedSynchronizer.java:2039)&#10;        at java.util.concurrent.ScheduledThreadPoolExecutor$DelayedWorkQueue.take(ScheduledThreadPoolExecutor.java:1088)&#10;        at java.util.concurrent.ScheduledThreadPoolExecutor$DelayedWorkQueue.take(ScheduledThreadPoolExecutor.java:809)&#10;        at java.util.concurrent.ThreadPoolExecutor.getTask(ThreadPoolExecutor.java:1074)&#10;        at java.util.concurrent.ThreadPoolExecutor.runWorker(ThreadPoolExecutor.java:1134)&#10;        at java.util.concurrent.ThreadPoolExecutor$Worker.run(ThreadPoolExecutor.java:624)&#10;        at java.lang.Thread.run(Thread.java:748)&#10;&quot;SCMBlockDeletingService#0&quot; daemon prio=5 tid=2517 timed_waiting&#10;java.lang.Thread.State: TIMED_WAITING&#10;        at sun.misc.Unsafe.park(Native Method)&#10;        at java.util.concurrent.locks.LockSupport.parkNanos(LockSupport.java:215)&#10;        at java.util.concurrent.locks.AbstractQueuedSynchronizer$ConditionObject.awaitNanos(AbstractQueuedSynchronizer.java:2078)&#10;        at java.util.concurrent.ScheduledThreadPoolExecutor$DelayedWorkQueue.take(ScheduledThreadPoolExecutor.java:1093)&#10;        at java.util.concurrent.ScheduledThreadPoolExecutor$DelayedWorkQueue.take(ScheduledThreadPoolExecutor.java:809)&#10;        at java.util.concurrent.ThreadPoolExecutor.getTask(ThreadPoolExecutor.java:1074)&#10;        at java.util.concurrent.ThreadPoolExecutor.runWorker(ThreadPoolExecutor.java:1134)&#10;        at java.util.concurrent.ThreadPoolExecutor$Worker.run(ThreadPoolExecutor.java:624)&#10;        at java.lang.Thread.run(Thread.java:748)&#10;&quot;IPC Server handler 7 on default port 13044&quot; daemon prio=5 tid=2504 timed_waiting&#10;java.lang.Thread.State: TIMED_WAITING&#10;        at sun.misc.Unsafe.park(Native Method)&#10;        at java.util.concurrent.locks.LockSupport.parkNanos(LockSupport.java:215)&#10;        at java.util.concurrent.locks.AbstractQueuedSynchronizer$ConditionObject.awaitNanos(AbstractQueuedSynchronizer.java:2078)&#10;        at java.util.concurrent.LinkedBlockingQueue.poll(LinkedBlockingQueue.java:467)&#10;        at org.apache.hadoop.ipc.CallQueueManager.take(CallQueueManager.java:317)&#10;        at org.apache.hadoop.ipc.Server$Handler.run(Server.java:2932)&#10;&quot;Datanode State Machine Task Thread - 2&quot;  prio=5 tid=2692 in Object.wait()&#10;java.lang.Thread.State: WAITING (on object monitor)&#10;        at sun.misc.Unsafe.park(Native Method)&#10;        at java.util.concurrent.locks.LockSupport.park(LockSupport.java:175)&#10;        at java.util.concurrent.locks.AbstractQueuedSynchronizer$ConditionObject.await(AbstractQueuedSynchronizer.java:2039)&#10;        at java.util.concurrent.LinkedBlockingQueue.take(LinkedBlockingQueue.java:442)&#10;        at java.util.concurrent.ThreadPoolExecutor.getTask(ThreadPoolExecutor.java:1074)&#10;        at java.util.concurrent.ThreadPoolExecutor.runWorker(ThreadPoolExecutor.java:1134)&#10;        at java.util.concurrent.ThreadPoolExecutor$Worker.run(ThreadPoolExecutor.java:624)&#10;        at java.lang.Thread.run(Thread.java:748)&#10;&quot;Datanode ReportManager Thread - 3&quot; daemon prio=5 tid=2670 timed_waiting&#10;java.lang.Thread.State: TIMED_WAITING&#10;        at sun.misc.Unsafe.park(Native Method)&#10;        at java.util.concurrent.locks.LockSupport.parkNanos(LockSupport.java:215)&#10;        at java.util.concurrent.locks.AbstractQueuedSynchronizer$ConditionObject.awaitNanos(AbstractQueuedSynchronizer.java:2078)&#10;        at java.util.concurrent.ScheduledThreadPoolExecutor$DelayedWorkQueue.take(ScheduledThreadPoolExecutor.java:1093)&#10;        at java.util.concurrent.ScheduledThreadPoolExecutor$DelayedWorkQueue.take(ScheduledThreadPoolExecutor.java:809)&#10;        at java.util.concurrent.ThreadPoolExecutor.getTask(ThreadPoolExecutor.java:1074)&#10;        at java.util.concurrent.ThreadPoolExecutor.runWorker(ThreadPoolExecutor.java:1134)&#10;        at java.util.concurrent.ThreadPoolExecutor$Worker.run(ThreadPoolExecutor.java:624)&#10;        at java.lang.Thread.run(Thread.java:748)&#10;&quot;IPC Server handler 18 on default port 11132&quot; daemon prio=5 tid=2594 timed_waiting&#10;java.lang.Thread.State: TIMED_WAITING&#10;        at sun.misc.Unsafe.park(Native Method)&#10;        at java.util.concurrent.locks.LockSupport.parkNanos(LockSupport.java:215)&#10;        at java.util.concurrent.locks.AbstractQueuedSynchronizer$ConditionObject.awaitNanos(AbstractQueuedSynchronizer.java:2078)&#10;        at java.util.concurrent.LinkedBlockingQueue.poll(LinkedBlockingQueue.java:467)&#10;        at org.apache.hadoop.ipc.CallQueueManager.take(CallQueueManager.java:317)&#10;        at org.apache.hadoop.ipc.Server$Handler.run(Server.java:2932)&#10;&quot;IPC Server handler 58 on default port 13035&quot; daemon prio=5 tid=2149 timed_waiting&#10;java.lang.Thread.State: TIMED_WAITING&#10;        at sun.misc.Unsafe.park(Native Method)&#10;        at java.util.concurrent.locks.LockSupport.parkNanos(LockSupport.java:215)&#10;        at java.util.concurrent.locks.AbstractQueuedSynchronizer$ConditionObject.awaitNanos(AbstractQueuedSynchronizer.java:2078)&#10;        at java.util.concurrent.LinkedBlockingQueue.poll(LinkedBlockingQueue.java:467)&#10;        at org.apache.hadoop.ipc.CallQueueManager.take(CallQueueManager.java:317)&#10;        at org.apache.hadoop.ipc.Server$Handler.run(Server.java:2932)&#10;&quot;IPC Server handler 59 on default port 13035&quot; daemon prio=5 tid=2150 timed_waiting&#10;java.lang.Thread.State: TIMED_WAITING&#10;        at sun.misc.Unsafe.park(Native Method)&#10;        at java.util.concurrent.locks.LockSupport.parkNanos(LockSupport.java:215)&#10;        at java.util.concurrent.locks.AbstractQueuedSynchronizer$ConditionObject.awaitNanos(AbstractQueuedSynchronizer.java:2078)&#10;        at java.util.concurrent.LinkedBlockingQueue.poll(LinkedBlockingQueue.java:467)&#10;        at org.apache.hadoop.ipc.CallQueueManager.take(CallQueueManager.java:317)&#10;        at org.apache.hadoop.ipc.Server$Handler.run(Server.java:2932)&#10;&quot;IPC Server handler 8 on default port 13044&quot; daemon prio=5 tid=2505 timed_waiting&#10;java.lang.Thread.State: TIMED_WAITING&#10;        at sun.misc.Unsafe.park(Native Method)&#10;        at java.util.concurrent.locks.LockSupport.parkNanos(LockSupport.java:215)&#10;        at java.util.concurrent.locks.AbstractQueuedSynchronizer$ConditionObject.awaitNanos(AbstractQueuedSynchronizer.java:2078)&#10;        at java.util.concurrent.LinkedBlockingQueue.poll(LinkedBlockingQueue.java:467)&#10;        at org.apache.hadoop.ipc.CallQueueManager.take(CallQueueManager.java:317)&#10;        at org.apache.hadoop.ipc.Server$Handler.run(Server.java:2932)&#10;&quot;IPC Server handler 79 on default port 13035&quot; daemon prio=5 tid=2170 timed_waiting&#10;java.lang.Thread.State: TIMED_WAITING&#10;        at sun.misc.Unsafe.park(Native Method)&#10;        at java.util.concurrent.locks.LockSupport.parkNanos(LockSupport.java:215)&#10;        at java.util.concurrent.locks.AbstractQueuedSynchronizer$ConditionObject.awaitNanos(AbstractQueuedSynchronizer.java:2078)&#10;        at java.util.concurrent.LinkedBlockingQueue.poll(LinkedBlockingQueue.java:467)&#10;        at org.apache.hadoop.ipc.CallQueueManager.take(CallQueueManager.java:317)&#10;        at org.apache.hadoop.ipc.Server$Handler.run(Server.java:2932)&#10;&quot;IPC Server handler 66 on default port 13035&quot; daemon prio=5 tid=2157 timed_waiting&#10;java.lang.Thread.State: TIMED_WAITING&#10;        at sun.misc.Unsafe.park(Native Method)&#10;        at java.util.concurrent.locks.LockSupport.parkNanos(LockSupport.java:215)&#10;        at java.util.concurrent.locks.AbstractQueuedSynchronizer$ConditionObject.awaitNanos(AbstractQueuedSynchronizer.java:2078)&#10;        at java.util.concurrent.LinkedBlockingQueue.poll(LinkedBlockingQueue.java:467)&#10;        at org.apache.hadoop.ipc.CallQueueManager.take(CallQueueManager.java:317)&#10;        at org.apache.hadoop.ipc.Server$Handler.run(Server.java:2932)&#10;&quot;DatanodeAdminManager-0&quot; daemon prio=5 tid=2423 timed_waiting&#10;java.lang.Thread.State: TIMED_WAITING&#10;        at sun.misc.Unsafe.park(Native Method)&#10;        at java.util.concurrent.locks.LockSupport.parkNanos(LockSupport.java:215)&#10;        at java.util.concurrent.locks.AbstractQueuedSynchronizer$ConditionObject.awaitNanos(AbstractQueuedSynchronizer.java:2078)&#10;        at java.util.concurrent.ScheduledThreadPoolExecutor$DelayedWorkQueue.take(ScheduledThreadPoolExecutor.java:1093)&#10;        at java.util.concurrent.ScheduledThreadPoolExecutor$DelayedWorkQueue.take(ScheduledThreadPoolExecutor.java:809)&#10;        at java.util.concurrent.ThreadPoolExecutor.getTask(ThreadPoolExecutor.java:1074)&#10;        at java.util.concurrent.ThreadPoolExecutor.runWorker(ThreadPoolExecutor.java:1134)&#10;        at java.util.concurrent.ThreadPoolExecutor$Worker.run(ThreadPoolExecutor.java:624)&#10;        at java.lang.Thread.run(Thread.java:748)&#10;&quot;IPC Server handler 75 on default port 13033&quot; daemon prio=5 tid=2385 timed_waiting&#10;java.lang.Thread.State: TIMED_WAITING&#10;        at sun.misc.Unsafe.park(Native Method)&#10;        at java.util.concurrent.locks.LockSupport.parkNanos(LockSupport.java:215)&#10;        at java.util.concurrent.locks.AbstractQueuedSynchronizer$ConditionObject.awaitNanos(AbstractQueuedSynchronizer.java:2078)&#10;        at java.util.concurrent.LinkedBlockingQueue.poll(LinkedBlockingQueue.java:467)&#10;        at org.apache.hadoop.ipc.CallQueueManager.take(CallQueueManager.java:317)&#10;        at org.apache.hadoop.ipc.Server$Handler.run(Server.java:2932)&#10;&quot;d262ff89-3d5e-4ab4-981f-dc8616a3cc4b@group-1FC4E3DC1381-FollowerState&quot; daemon prio=5 tid=2882 timed_waiting&#10;java.lang.Thread.State: TIMED_WAITING&#10;        at java.lang.Thread.sleep(Native Method)&#10;        at java.lang.Thread.sleep(Thread.java:340)&#10;        at java.util.concurrent.TimeUnit.sleep(TimeUnit.java:386)&#10;        at org.apache.ratis.util.TimeDuration.sleep(TimeDuration.java:324)&#10;        at org.apache.ratis.util.TimeDuration.sleep(TimeDuration.java:309)&#10;        at org.apache.ratis.server.impl.FollowerState.run(FollowerState.java:118)&#10;&quot;IPC Server handler 35 on default port 13033&quot; daemon prio=5 tid=2345 timed_waiting&#10;java.lang.Thread.State: TIMED_WAITING&#10;        at sun.misc.Unsafe.park(Native Method)&#10;        at java.util.concurrent.locks.LockSupport.parkNanos(LockSupport.java:215)&#10;        at java.util.concurrent.locks.AbstractQueuedSynchronizer$ConditionObject.awaitNanos(AbstractQueuedSynchronizer.java:2078)&#10;        at java.util.concurrent.LinkedBlockingQueue.poll(LinkedBlockingQueue.java:467)&#10;        at org.apache.hadoop.ipc.CallQueueManager.take(CallQueueManager.java:317)&#10;        at org.apache.hadoop.ipc.Server$Handler.run(Server.java:2932)&#10;&quot;IPC Server handler 4 on default port 13035&quot; daemon prio=5 tid=2095 timed_waiting&#10;java.lang.Thread.State: TIMED_WAITING&#10;        at sun.misc.Unsafe.park(Native Method)&#10;        at java.util.concurrent.locks.LockSupport.parkNanos(LockSupport.java:215)&#10;        at java.util.concurrent.locks.AbstractQueuedSynchronizer$ConditionObject.awaitNanos(AbstractQueuedSynchronizer.java:2078)&#10;        at java.util.concurrent.LinkedBlockingQueue.poll(LinkedBlockingQueue.java:467)&#10;        at org.apache.hadoop.ipc.CallQueueManager.take(CallQueueManager.java:317)&#10;        at org.apache.hadoop.ipc.Server$Handler.run(Server.java:2932)&#10;&quot;IPC Server handler 15 on default port 13045&quot; daemon prio=5 tid=2492 timed_waiting&#10;java.lang.Thread.State: TIMED_WAITING&#10;        at sun.misc.Unsafe.park(Native Method)&#10;        at java.util.concurrent.locks.LockSupport.parkNanos(LockSupport.java:215)&#10;        at java.util.concurrent.locks.AbstractQueuedSynchronizer$ConditionObject.awaitNanos(AbstractQueuedSynchronizer.java:2078)&#10;        at java.util.concurrent.LinkedBlockingQueue.poll(LinkedBlockingQueue.java:467)&#10;        at org.apache.hadoop.ipc.CallQueueManager.take(CallQueueManager.java:317)&#10;        at org.apache.hadoop.ipc.Server$Handler.run(Server.java:2932)&#10;&quot;IPC Server handler 84 on default port 13034&quot; daemon prio=5 tid=2275 timed_waiting&#10;java.lang.Thread.State: TIMED_WAITING&#10;        at sun.misc.Unsafe.park(Native Method)&#10;        at java.util.concurrent.locks.LockSupport.parkNanos(LockSupport.java:215)&#10;        at java.util.concurrent.locks.AbstractQueuedSynchronizer$ConditionObject.awaitNanos(AbstractQueuedSynchronizer.java:2078)&#10;        at java.util.concurrent.LinkedBlockingQueue.poll(LinkedBlockingQueue.java:467)&#10;        at org.apache.hadoop.ipc.CallQueueManager.take(CallQueueManager.java:317)&#10;        at org.apache.hadoop.ipc.Server$Handler.run(Server.java:2932)&#10;&quot;IPC Server handler 60 on default port 13035&quot; daemon prio=5 tid=2151 timed_waiting&#10;java.lang.Thread.State: TIMED_WAITING&#10;        at sun.misc.Unsafe.park(Native Method)&#10;        at java.util.concurrent.locks.LockSupport.parkNanos(LockSupport.java:215)&#10;        at java.util.concurrent.locks.AbstractQueuedSynchronizer$ConditionObject.awaitNanos(AbstractQueuedSynchronizer.java:2078)&#10;        at java.util.concurrent.LinkedBlockingQueue.poll(LinkedBlockingQueue.java:467)&#10;        at org.apache.hadoop.ipc.CallQueueManager.take(CallQueueManager.java:317)&#10;        at org.apache.hadoop.ipc.Server$Handler.run(Server.java:2932)&#10;&quot;IPC Server handler 19 on default port 13034&quot; daemon prio=5 tid=2210 timed_waiting&#10;java.lang.Thread.State: TIMED_WAITING&#10;        at sun.misc.Unsafe.park(Native Method)&#10;        at java.util.concurrent.locks.LockSupport.parkNanos(LockSupport.java:215)&#10;        at java.util.concurrent.locks.AbstractQueuedSynchronizer$ConditionObject.awaitNanos(AbstractQueuedSynchronizer.java:2078)&#10;        at java.util.concurrent.LinkedBlockingQueue.poll(LinkedBlockingQueue.java:467)&#10;        at org.apache.hadoop.ipc.CallQueueManager.take(CallQueueManager.java:317)&#10;        at org.apache.hadoop.ipc.Server$Handler.run(Server.java:2932)&#10;&quot;EndpointStateMachine task thread for /127.0.0.1:13053 - 0 &quot;  prio=5 tid=2710 in Object.wait()&#10;java.lang.Thread.State: WAITING (on object monitor)&#10;        at java.lang.Object.wait(Native Method)&#10;        at java.lang.Object.wait(Object.java:502)&#10;        at org.apache.hadoop.util.concurrent.AsyncGet$Util.wait(AsyncGet.java:59)&#10;        at org.apache.hadoop.ipc.Client.getRpcResponse(Client.java:1561)&#10;        at org.apache.hadoop.ipc.Client.call(Client.java:1519)&#10;        at org.apache.hadoop.ipc.Client.call(Client.java:1416)&#10;        at org.apache.hadoop.ipc.ProtobufRpcEngine$Invoker.invoke(ProtobufRpcEngine.java:236)&#10;        at org.apache.hadoop.ipc.ProtobufRpcEngine$Invoker.invoke(ProtobufRpcEngine.java:123)&#10;        at com.sun.proxy.$Proxy48.submitRequest(Unknown Source)&#10;        at org.apache.hadoop.ozone.protocolPB.StorageContainerDatanodeProtocolClientSideTranslatorPB.submitRequest(StorageContainerDatanodeProtocolClientSideTranslatorPB.java:117)&#10;        at org.apache.hadoop.ozone.protocolPB.StorageContainerDatanodeProtocolClientSideTranslatorPB.getVersion(StorageContainerDatanodeProtocolClientSideTranslatorPB.java:133)&#10;        at org.apache.hadoop.ozone.container.common.states.endpoint.VersionEndpointTask.call(VersionEndpointTask.java:71)&#10;        at org.apache.hadoop.ozone.container.common.states.endpoint.VersionEndpointTask.call(VersionEndpointTask.java:42)&#10;        at java.util.concurrent.FutureTask.run(FutureTask.java:266)&#10;        at java.util.concurrent.ThreadPoolExecutor.runWorker(ThreadPoolExecutor.java:1149)&#10;        at java.util.concurrent.ThreadPoolExecutor$Worker.run(ThreadPoolExecutor.java:624)&#10;        at java.lang.Thread.run(Thread.java:748)&#10;&quot;Datanode State Machine Task Thread - 0&quot;  prio=5 tid=2674 in Object.wait()&#10;java.lang.Thread.State: WAITING (on object monitor)&#10;        at sun.misc.Unsafe.park(Native Method)&#10;        at java.util.concurrent.locks.LockSupport.park(LockSupport.java:175)&#10;        at java.util.concurrent.locks.AbstractQueuedSynchronizer$ConditionObject.await(AbstractQueuedSynchronizer.java:2039)&#10;        at java.util.concurrent.LinkedBlockingQueue.take(LinkedBlockingQueue.java:442)&#10;        at java.util.concurrent.ThreadPoolExecutor.getTask(ThreadPoolExecutor.java:1074)&#10;        at java.util.concurrent.ThreadPoolExecutor.runWorker(ThreadPoolExecutor.java:1134)&#10;        at java.util.concurrent.ThreadPoolExecutor$Worker.run(ThreadPoolExecutor.java:624)&#10;        at java.lang.Thread.run(Thread.java:748)&#10;&quot;IPC Server handler 80 on default port 13033&quot; daemon prio=5 tid=2390 timed_waiting&#10;java.lang.Thread.State: TIMED_WAITING&#10;        at sun.misc.Unsafe.park(Native Method)&#10;        at java.util.concurrent.locks.LockSupport.parkNanos(LockSupport.java:215)&#10;        at java.util.concurrent.locks.AbstractQueuedSynchronizer$ConditionObject.awaitNanos(AbstractQueuedSynchronizer.java:2078)&#10;        at java.util.concurrent.LinkedBlockingQueue.poll(LinkedBlockingQueue.java:467)&#10;        at org.apache.hadoop.ipc.CallQueueManager.take(CallQueueManager.java:317)&#10;        at org.apache.hadoop.ipc.Server$Handler.run(Server.java:2932)&#10;&quot;IPC Server handler 55 on default port 13034&quot; daemon prio=5 tid=2246 timed_waiting&#10;java.lang.Thread.State: TIMED_WAITING&#10;        at sun.misc.Unsafe.park(Native Method)&#10;        at java.util.concurrent.locks.LockSupport.parkNanos(LockSupport.java:215)&#10;        at java.util.concurrent.locks.AbstractQueuedSynchronizer$ConditionObject.awaitNanos(AbstractQueuedSynchronizer.java:2078)&#10;        at java.util.concurrent.LinkedBlockingQueue.poll(LinkedBlockingQueue.java:467)&#10;        at org.apache.hadoop.ipc.CallQueueManager.take(CallQueueManager.java:317)&#10;        at org.apache.hadoop.ipc.Server$Handler.run(Server.java:2932)&#10;&quot;grpc-default-executor-0&quot; daemon prio=5 tid=2440 timed_waiting&#10;java.lang.Thread.State: TIMED_WAITING&#10;        at sun.misc.Unsafe.park(Native Method)&#10;        at java.util.concurrent.locks.LockSupport.parkNanos(LockSupport.java:215)&#10;        at java.util.concurrent.SynchronousQueue$TransferStack.awaitFulfill(SynchronousQueue.java:460)&#10;        at java.util.concurrent.SynchronousQueue$TransferStack.transfer(SynchronousQueue.java:362)&#10;        at java.util.concurrent.SynchronousQueue.poll(SynchronousQueue.java:941)&#10;        at java.util.concurrent.ThreadPoolExecutor.getTask(ThreadPoolExecutor.java:1073)&#10;        at java.util.concurrent.ThreadPoolExecutor.runWorker(ThreadPoolExecutor.java:1134)&#10;        at java.util.concurrent.ThreadPoolExecutor$Worker.run(ThreadPoolExecutor.java:624)&#10;        at java.lang.Thread.run(Thread.java:748)&#10;&quot;IPC Server handler 16 on default port 13034&quot; daemon prio=5 tid=2207 timed_waiting&#10;java.lang.Thread.State: TIMED_WAITING&#10;        at sun.misc.Unsafe.park(Native Method)&#10;        at java.util.concurrent.locks.LockSupport.parkNanos(LockSupport.java:215)&#10;        at java.util.concurrent.locks.AbstractQueuedSynchronizer$ConditionObject.awaitNanos(AbstractQueuedSynchronizer.java:2078)&#10;        at java.util.concurrent.LinkedBlockingQueue.poll(LinkedBlockingQueue.java:467)&#10;        at org.apache.hadoop.ipc.CallQueueManager.take(CallQueueManager.java:317)&#10;        at org.apache.hadoop.ipc.Server$Handler.run(Server.java:2932)&#10;&quot;java.util.concurrent.ThreadPoolExecutor$Worker@13d023ec[State = -1, empty queue]&quot; daemon prio=5 tid=2774 timed_waiting&#10;java.lang.Thread.State: TIMED_WAITING&#10;        at sun.misc.Unsafe.park(Native Method)&#10;        at java.util.concurrent.locks.LockSupport.parkNanos(LockSupport.java:215)&#10;        at java.util.concurrent.locks.AbstractQueuedSynchronizer$ConditionObject.awaitNanos(AbstractQueuedSynchronizer.java:2078)&#10;        at java.util.concurrent.ScheduledThreadPoolExecutor$DelayedWorkQueue.take(ScheduledThreadPoolExecutor.java:1093)&#10;        at java.util.concurrent.ScheduledThreadPoolExecutor$DelayedWorkQueue.take(ScheduledThreadPoolExecutor.java:809)&#10;        at java.util.concurrent.ThreadPoolExecutor.getTask(ThreadPoolExecutor.java:1074)&#10;        at java.util.concurrent.ThreadPoolExecutor.runWorker(ThreadPoolExecutor.java:1134)&#10;        at java.util.concurrent.ThreadPoolExecutor$Worker.run(ThreadPoolExecutor.java:624)&#10;        at java.lang.Thread.run(Thread.java:748)&#10;&quot;Listener at 127.0.0.1/11132&quot;  prio=5 tid=1 runnable&#10;java.lang.Thread.State: RUNNABLE&#10;        at java.lang.Thread.dumpThreads(Native Method)&#10;        at java.lang.Thread.getAllStackTraces(Thread.java:1610)&#10;        at org.apache.ozone.test.TimedOutTestsListener.buildThreadDump(TimedOutTestsListener.java:93)&#10;        at org.apache.ozone.test.TimedOutTestsListener.buildThreadDiagnosticString(TimedOutTestsListener.java:79)&#10;        at org.apache.ozone.test.GenericTestUtils.waitFor(GenericTestUtils.java:225)&#10;        at org.apache.hadoop.ozone.MiniOzoneClusterImpl.waitForClusterToBeReady(MiniOzoneClusterImpl.java:228)&#10;        at org.apache.hadoop.ozone.scm.TestSCMInstallSnapshotWithHA.init(TestSCMInstallSnapshotWithHA.java:104)&#10;        at sun.reflect.NativeMethodAccessorImpl.invoke0(Native Method)&#10;        at sun.reflect.NativeMethodAccessorImpl.invoke(NativeMethodAccessorImpl.java:62)&#10;        at sun.reflect.DelegatingMethodAccessorImpl.invoke(DelegatingMethodAccessorImpl.java:43)&#10;        at java.lang.reflect.Method.invoke(Method.java:498)&#10;        at org.junit.platform.commons.util.ReflectionUtils.invokeMethod(ReflectionUtils.java:688)&#10;        at org.junit.jupiter.engine.execution.MethodInvocation.proceed(MethodInvocation.java:60)&#10;        at org.junit.jupiter.engine.execution.InvocationInterceptorChain$ValidatingInvocation.proceed(InvocationInterceptorChain.java:131)&#10;        at org.junit.jupiter.engine.extension.TimeoutExtension.intercept(TimeoutExtension.java:149)&#10;        at org.junit.jupiter.engine.extension.TimeoutExtension.interceptLifecycleMethod(TimeoutExtension.java:126)&#10;        at org.junit.jupiter.engine.extension.TimeoutExtension.interceptBeforeEachMethod(TimeoutExtension.java:76)&#10;        at org.junit.jupiter.engine.descriptor.ClassBasedTestDescriptor$$Lambda$272/548554586.apply(Unknown Source)&#10;        at org.junit.jupiter.engine.execution.ExecutableInvoker$ReflectiveInterceptorCall.lambda$ofVoidMethod$0(ExecutableInvoker.java:115)&#10;        at org.junit.jupiter.engine.execution.ExecutableInvoker$ReflectiveInterceptorCall$$Lambda$125/1431467659.apply(Unknown Source)&#10;        at org.junit.jupiter.engine.execution.ExecutableInvoker.lambda$invoke$0(ExecutableInvoker.java:105)&#10;        at org.junit.jupiter.engine.execution.ExecutableInvoker$$Lambda$260/231202600.apply(Unknown Source)&#10;        at org.junit.jupiter.engine.execution.InvocationInterceptorChain$InterceptedInvocation.proceed(InvocationInterceptorChain.java:106)&#10;        at org.junit.jupiter.engine.execution.InvocationInterceptorChain.proceed(InvocationInterceptorChain.java:64)&#10;        at org.junit.jupiter.engine.execution.InvocationInterceptorChain.chainAndInvoke(InvocationInterceptorChain.java:45)&#10;        at org.junit.jupiter.engine.execution.InvocationInterceptorChain.invoke(InvocationInterceptorChain.java:37)&#10;        at org.junit.jupiter.engine.execution.ExecutableInvoker.invoke(ExecutableInvoker.java:104)&#10;        at org.junit.jupiter.engine.execution.ExecutableInvoker.invoke(ExecutableInvoker.java:98)&#10;        at org.junit.jupiter.engine.descriptor.ClassBasedTestDescriptor.invokeMethodInExtensionContext(ClassBasedTestDescriptor.java:490)&#10;        at org.junit.jupiter.engine.descriptor.ClassBasedTestDescriptor.lambda$synthesizeBeforeEachMethodAdapter$19(ClassBasedTestDescriptor.java:475)&#10;        at org.junit.jupiter.engine.descriptor.ClassBasedTestDescriptor$$Lambda$232/1396431506.invokeBeforeEachMethod(Unknown Source)&#10;        at org.junit.jupiter.engine.descriptor.TestMethodTestDescriptor.lambda$invokeBeforeEachMethods$2(TestMethodTestDescriptor.java:167)&#10;        at org.junit.jupiter.engine.descriptor.TestMethodTestDescriptor$$Lambda$271/554348863.invoke(Unknown Source)&#10;        at org.junit.jupiter.engine.descriptor.TestMethodTestDescriptor.lambda$invokeBeforeMethodsOrCallbacksUntilExceptionOccurs$5(TestMethodTestDescriptor.java:195)&#10;        at org.junit.jupiter.engine.descriptor.TestMethodTestDescriptor$$Lambda$268/136393487.execute(Unknown Source)&#10;        at org.junit.platform.engine.support.hierarchical.ThrowableCollector.execute(ThrowableCollector.java:73)&#10;        at org.junit.jupiter.engine.descriptor.TestMethodTestDescriptor.invokeBeforeMethodsOrCallbacksUntilExceptionOccurs(TestMethodTestDescriptor.java:195)&#10;        at org.junit.jupiter.engine.descriptor.TestMethodTestDescriptor.invokeBeforeEachMethods(TestMethodTestDescriptor.java:164)&#10;        at org.junit.jupiter.engine.descriptor.TestMethodTestDescriptor.execute(TestMethodTestDescriptor.java:127)&#10;        at org.junit.jupiter.engine.descriptor.TestMethodTestDescriptor.execute(TestMethodTestDescriptor.java:65)&#10;        at org.junit.platform.engine.support.hierarchical.NodeTestTask.lambda$executeRecursively$5(NodeTestTask.java:139)&#10;        at org.junit.platform.engine.support.hierarchical.NodeTestTask$$Lambda$206/1876682596.execute(Unknown Source)&#10;        at org.junit.platform.engine.support.hierarchical.ThrowableCollector.execute(ThrowableCollector.java:73)&#10;        at org.junit.platform.engine.support.hierarchical.NodeTestTask.lambda$executeRecursively$7(NodeTestTask.java:129)&#10;        at org.junit.platform.engine.support.hierarchical.NodeTestTask$$Lambda$205/171493374.invoke(Unknown Source)&#10;        at org.junit.platform.engine.support.hierarchical.Node.around(Node.java:137)&#10;        at org.junit.platform.engine.support.hierarchical.NodeTestTask.lambda$executeRecursively$8(NodeTestTask.java:127)&#10;        at org.junit.platform.engine.support.hierarchical.NodeTestTask$$Lambda$204/1466785259.execute(Unknown Source)&#10;        at org.junit.platform.engine.support.hierarchical.ThrowableCollector.execute(ThrowableCollector.java:73)&#10;        at org.junit.platform.engine.support.hierarchical.NodeTestTask.executeRecursively(NodeTestTask.java:126)&#10;        at org.junit.platform.engine.support.hierarchical.NodeTestTask.execute(NodeTestTask.java:84)&#10;        at org.junit.platform.engine.support.hierarchical.SameThreadHierarchicalTestExecutorService$$Lambda$210/627318073.accept(Unknown Source)&#10;        at java.util.ArrayList.forEach(ArrayList.java:1259)&#10;        at org.junit.platform.engine.support.hierarchical.SameThreadHierarchicalTestExecutorService.invokeAll(SameThreadHierarchicalTestExecutorService.java:38)&#10;        at org.junit.platform.engine.support.hierarchical.NodeTestTask.lambda$executeRecursively$5(NodeTestTask.java:143)&#10;        at org.junit.platform.engine.support.hierarchical.NodeTestTask$$Lambda$206/1876682596.execute(Unknown Source)&#10;        at org.junit.platform.engine.support.hierarchical.ThrowableCollector.execute(ThrowableCollector.java:73)&#10;        at org.junit.platform.engine.support.hierarchical.NodeTestTask.lambda$executeRecursively$7(NodeTestTask.java:129)&#10;        at org.junit.platform.engine.support.hierarchical.NodeTestTask$$Lambda$205/171493374.invoke(Unknown Source)&#10;        at org.junit.platform.engine.support.hierarchical.Node.around(Node.java:137)&#10;        at org.junit.platform.engine.support.hierarchical.NodeTestTask.lambda$executeRecursively$8(NodeTestTask.java:127)&#10;        at org.junit.platform.engine.support.hierarchical.NodeTestTask$$Lambda$204/1466785259.execute(Unknown Source)&#10;        at org.junit.platform.engine.support.hierarchical.ThrowableCollector.execute(ThrowableCollector.java:73)&#10;        at org.junit.platform.engine.support.hierarchical.NodeTestTask.executeRecursively(NodeTestTask.java:126)&#10;        at org.junit.platform.engine.support.hierarchical.NodeTestTask.execute(NodeTestTask.java:84)&#10;        at org.junit.platform.engine.support.hierarchical.SameThreadHierarchicalTestExecutorService$$Lambda$210/627318073.accept(Unknown Source)&#10;        at java.util.ArrayList.forEach(ArrayList.java:1259)&#10;        at org.junit.platform.engine.support.hierarchical.SameThreadHierarchicalTestExecutorService.invokeAll(SameThreadHierarchicalTestExecutorService.java:38)&#10;        at org.junit.platform.engine.support.hierarchical.NodeTestTask.lambda$executeRecursively$5(NodeTestTask.java:143)&#10;        at org.junit.platform.engine.support.hierarchical.NodeTestTask$$Lambda$206/1876682596.execute(Unknown Source)&#10;        at org.junit.platform.engine.support.hierarchical.ThrowableCollector.execute(ThrowableCollector.java:73)&#10;        at org.junit.platform.engine.support.hierarchical.NodeTestTask.lambda$executeRecursively$7(NodeTestTask.java:129)&#10;        at org.junit.platform.engine.support.hierarchical.NodeTestTask$$Lambda$205/171493374.invoke(Unknown Source)&#10;        at org.junit.platform.engine.support.hierarchical.Node.around(Node.java:137)&#10;        at org.junit.platform.engine.support.hierarchical.NodeTestTask.lambda$executeRecursively$8(NodeTestTask.java:127)&#10;        at org.junit.platform.engine.support.hierarchical.NodeTestTask$$Lambda$204/1466785259.execute(Unknown Source)&#10;        at org.junit.platform.engine.support.hierarchical.ThrowableCollector.execute(ThrowableCollector.java:73)&#10;        at org.junit.platform.engine.support.hierarchical.NodeTestTask.executeRecursively(NodeTestTask.java:126)&#10;        at org.junit.platform.engine.support.hierarchical.NodeTestTask.execute(NodeTestTask.java:84)&#10;        at org.junit.platform.engine.support.hierarchical.SameThreadHierarchicalTestExecutorService.submit(SameThreadHierarchicalTestExecutorService.java:32)&#10;        at org.junit.platform.engine.support.hierarchical.HierarchicalTestExecutor.execute(HierarchicalTestExecutor.java:57)&#10;        at org.junit.platform.engine.support.hierarchical.HierarchicalTestEngine.execute(HierarchicalTestEngine.java:51)&#10;        at org.junit.platform.launcher.core.EngineExecutionOrchestrator.execute(EngineExecutionOrchestrator.java:108)&#10;        at org.junit.platform.launcher.core.EngineExecutionOrchestrator.execute(EngineExecutionOrchestrator.java:88)&#10;        at org.junit.platform.launcher.core.EngineExecutionOrchestrator.lambda$execute$0(EngineExecutionOrchestrator.java:54)&#10;        at org.junit.platform.launcher.core.EngineExecutionOrchestrator$$Lambda$166/1249875355.accept(Unknown Source)&#10;        at org.junit.platform.launcher.core.EngineExecutionOrchestrator.withInterceptedStreams(EngineExecutionOrchestrator.java:67)&#10;        at org.junit.platform.launcher.core.EngineExecutionOrchestrator.execute(EngineExecutionOrchestrator.java:52)&#10;        at org.junit.platform.launcher.core.DefaultLauncher.execute(DefaultLauncher.java:96)&#10;        at org.junit.platform.launcher.core.DefaultLauncher.execute(DefaultLauncher.java:75)&#10;        at org.apache.maven.surefire.junitplatform.JUnitPlatformProvider.invokeAllTests(JUnitPlatformProvider.java:142)&#10;        at org.apache.maven.surefire.junitplatform.JUnitPlatformProvider.invoke(JUnitPlatformProvider.java:113)&#10;        at org.apache.maven.surefire.booter.ForkedBooter.invokeProviderInSameClassLoader(ForkedBooter.java:384)&#10;        at org.apache.maven.surefire.booter.ForkedBooter.runSuitesInProcess(ForkedBooter.java:345)&#10;        at org.apache.maven.surefire.booter.ForkedBooter.execute(ForkedBooter.java:126)&#10;        at org.apache.maven.surefire.booter.ForkedBooter.main(ForkedBooter.java:418)&#10;&quot;Session-HouseKeeper-7b78a31e-1&quot;  prio=5 tid=2302 timed_waiting&#10;java.lang.Thread.State: TIMED_WAITING&#10;        at sun.misc.Unsafe.park(Native Method)&#10;        at java.util.concurrent.locks.LockSupport.parkNanos(LockSupport.java:215)&#10;        at java.util.concurrent.locks.AbstractQueuedSynchronizer$ConditionObject.awaitNanos(AbstractQueuedSynchronizer.java:2078)&#10;        at java.util.concurrent.ScheduledThreadPoolExecutor$DelayedWorkQueue.take(ScheduledThreadPoolExecutor.java:1093)&#10;        at java.util.concurrent.ScheduledThreadPoolExecutor$DelayedWorkQueue.take(ScheduledThreadPoolExecutor.java:809)&#10;        at java.util.concurrent.ThreadPoolExecutor.getTask(ThreadPoolExecutor.java:1074)&#10;        at java.util.concurrent.ThreadPoolExecutor.runWorker(ThreadPoolExecutor.java:1134)&#10;        at java.util.concurrent.ThreadPoolExecutor$Worker.run(ThreadPoolExecutor.java:624)&#10;        at java.lang.Thread.run(Thread.java:748)&#10;&quot;IPC Server handler 19 on default port 13043&quot; daemon prio=5 tid=2474 timed_waiting&#10;java.lang.Thread.State: TIMED_WAITING&#10;        at sun.misc.Unsafe.park(Native Method)&#10;        at java.util.concurrent.locks.LockSupport.parkNanos(LockSupport.java:215)&#10;        at java.util.concurrent.locks.AbstractQueuedSynchronizer$ConditionObject.awaitNanos(AbstractQueuedSynchronizer.java:2078)&#10;        at java.util.concurrent.LinkedBlockingQueue.poll(LinkedBlockingQueue.java:467)&#10;        at org.apache.hadoop.ipc.CallQueueManager.take(CallQueueManager.java:317)&#10;        at org.apache.hadoop.ipc.Server$Handler.run(Server.java:2932)&#10;&quot;IPC Server handler 48 on default port 13034&quot; daemon prio=5 tid=2239 timed_waiting&#10;java.lang.Thread.State: TIMED_WAITING&#10;        at sun.misc.Unsafe.park(Native Method)&#10;        at java.util.concurrent.locks.LockSupport.parkNanos(LockSupport.java:215)&#10;        at java.util.concurrent.locks.AbstractQueuedSynchronizer$ConditionObject.awaitNanos(AbstractQueuedSynchronizer.java:2078)&#10;        at java.util.concurrent.LinkedBlockingQueue.poll(LinkedBlockingQueue.java:467)&#10;        at org.apache.hadoop.ipc.CallQueueManager.take(CallQueueManager.java:317)&#10;        at org.apache.hadoop.ipc.Server$Handler.run(Server.java:2932)&#10;&quot;IPC Server handler 99 on default port 13035&quot; daemon prio=5 tid=2190 timed_waiting&#10;java.lang.Thread.State: TIMED_WAITING&#10;        at sun.misc.Unsafe.park(Native Method)&#10;        at java.util.concurrent.locks.LockSupport.parkNanos(LockSupport.java:215)&#10;        at java.util.concurrent.locks.AbstractQueuedSynchronizer$ConditionObject.awaitNanos(AbstractQueuedSynchronizer.java:2078)&#10;        at java.util.concurrent.LinkedBlockingQueue.poll(LinkedBlockingQueue.java:467)&#10;        at org.apache.hadoop.ipc.CallQueueManager.take(CallQueueManager.java:317)&#10;        at org.apache.hadoop.ipc.Server$Handler.run(Server.java:2932)&#10;&quot;IPC Server handler 21 on default port 13035&quot; daemon prio=5 tid=2112 timed_waiting&#10;java.lang.Thread.State: TIMED_WAITING&#10;        at sun.misc.Unsafe.park(Native Method)&#10;        at java.util.concurrent.locks.LockSupport.parkNanos(LockSupport.java:215)&#10;        at java.util.concurrent.locks.AbstractQueuedSynchronizer$ConditionObject.awaitNanos(AbstractQueuedSynchronizer.java:2078)&#10;        at java.util.concurrent.LinkedBlockingQueue.poll(LinkedBlockingQueue.java:467)&#10;        at org.apache.hadoop.ipc.CallQueueManager.take(CallQueueManager.java:317)&#10;        at org.apache.hadoop.ipc.Server$Handler.run(Server.java:2932)&#10;&quot;IPC Server handler 89 on default port 13035&quot; daemon prio=5 tid=2180 timed_waiting&#10;java.lang.Thread.State: TIMED_WAITING&#10;        at sun.misc.Unsafe.park(Native Method)&#10;        at java.util.concurrent.locks.LockSupport.parkNanos(LockSupport.java:215)&#10;        at java.util.concurrent.locks.AbstractQueuedSynchronizer$ConditionObject.awaitNanos(AbstractQueuedSynchronizer.java:2078)&#10;        at java.util.concurrent.LinkedBlockingQueue.poll(LinkedBlockingQueue.java:467)&#10;        at org.apache.hadoop.ipc.CallQueueManager.take(CallQueueManager.java:317)&#10;        at org.apache.hadoop.ipc.Server$Handler.run(Server.java:2932)&#10;&quot;13676ba2-e17b-4a8f-9926-6ead84168abe@group-390751046F7B-FollowerState&quot; daemon prio=5 tid=2447 timed_waiting&#10;java.lang.Thread.State: TIMED_WAITING&#10;        at java.lang.Thread.sleep(Native Method)&#10;        at java.lang.Thread.sleep(Thread.java:340)&#10;        at java.util.concurrent.TimeUnit.sleep(TimeUnit.java:386)&#10;        at org.apache.ratis.util.TimeDuration.sleep(TimeDuration.java:324)&#10;        at org.apache.ratis.util.TimeDuration.sleep(TimeDuration.java:309)&#10;        at org.apache.ratis.server.impl.FollowerState.run(FollowerState.java:118)&#10;&quot;Reference Handler&quot; daemon prio=10 tid=2 in Object.wait()&#10;java.lang.Thread.State: WAITING (on object monitor)&#10;        at java.lang.Object.wait(Native Method)&#10;        at java.lang.Object.wait(Object.java:502)&#10;        at java.lang.ref.Reference.tryHandlePending(Reference.java:191)&#10;        at java.lang.ref.Reference$ReferenceHandler.run(Reference.java:153)&#10;&quot;BlockDeletingService#2&quot; daemon prio=5 tid=2982 in Object.wait()&#10;java.lang.Thread.State: WAITING (on object monitor)&#10;        at sun.misc.Unsafe.park(Native Method)&#10;        at java.util.concurrent.locks.LockSupport.park(LockSupport.java:175)&#10;        at java.util.concurrent.locks.AbstractQueuedSynchronizer$ConditionObject.await(AbstractQueuedSynchronizer.java:2039)&#10;        at java.util.concurrent.ScheduledThreadPoolExecutor$DelayedWorkQueue.take(ScheduledThreadPoolExecutor.java:1088)&#10;        at java.util.concurrent.ScheduledThreadPoolExecutor$DelayedWorkQueue.take(ScheduledThreadPoolExecutor.java:809)&#10;        at java.util.concurrent.ThreadPoolExecutor.getTask(ThreadPoolExecutor.java:1074)&#10;        at java.util.concurrent.ThreadPoolExecutor.runWorker(ThreadPoolExecutor.java:1134)&#10;        at java.util.concurrent.ThreadPoolExecutor$Worker.run(ThreadPoolExecutor.java:624)&#10;        at java.lang.Thread.run(Thread.java:748)&#10;&quot;IPC Server handler 39 on default port 13033&quot; daemon prio=5 tid=2349 timed_waiting&#10;java.lang.Thread.State: TIMED_WAITING&#10;        at sun.misc.Unsafe.park(Native Method)&#10;        at java.util.concurrent.locks.LockSupport.parkNanos(LockSupport.java:215)&#10;        at java.util.concurrent.locks.AbstractQueuedSynchronizer$ConditionObject.awaitNanos(AbstractQueuedSynchronizer.java:2078)&#10;        at java.util.concurrent.LinkedBlockingQueue.poll(LinkedBlockingQueue.java:467)&#10;        at org.apache.hadoop.ipc.CallQueueManager.take(CallQueueManager.java:317)&#10;        at org.apache.hadoop.ipc.Server$Handler.run(Server.java:2932)&#10;&quot;EventQueue-OpenPipelineForHealthyPipelineSafeModeRule&quot; daemon prio=5 tid=2743 in Object.wait()&#10;java.lang.Thread.State: WAITING (on object monitor)&#10;        at sun.misc.Unsafe.park(Native Method)&#10;        at java.util.concurrent.locks.LockSupport.park(LockSupport.java:175)&#10;        at java.util.concurrent.locks.AbstractQueuedSynchronizer$ConditionObject.await(AbstractQueuedSynchronizer.java:2039)&#10;        at java.util.concurrent.LinkedBlockingQueue.take(LinkedBlockingQueue.java:442)&#10;        at java.util.concurrent.ThreadPoolExecutor.getTask(ThreadPoolExecutor.java:1074)&#10;        at java.util.concurrent.ThreadPoolExecutor.runWorker(ThreadPoolExecutor.java:1134)&#10;        at java.util.concurrent.ThreadPoolExecutor$Worker.run(ThreadPoolExecutor.java:624)&#10;        at java.lang.Thread.run(Thread.java:748)&#10;&quot;IPC Server handler 40 on default port 13033&quot; daemon prio=5 tid=2350 timed_waiting&#10;java.lang.Thread.State: TIMED_WAITING&#10;        at sun.misc.Unsafe.park(Native Method)&#10;        at java.util.concurrent.locks.LockSupport.parkNanos(LockSupport.java:215)&#10;        at java.util.concurrent.locks.AbstractQueuedSynchronizer$ConditionObject.awaitNanos(AbstractQueuedSynchronizer.java:2078)&#10;        at java.util.concurrent.LinkedBlockingQueue.poll(LinkedBlockingQueue.java:467)&#10;        at org.apache.hadoop.ipc.CallQueueManager.take(CallQueueManager.java:317)&#10;        at org.apache.hadoop.ipc.Server$Handler.run(Server.java:2932)&#10;&quot;IPC Server handler 10 on default port 13033&quot; daemon prio=5 tid=2320 timed_waiting&#10;java.lang.Thread.State: TIMED_WAITING&#10;        at sun.misc.Unsafe.park(Native Method)&#10;        at java.util.concurrent.locks.LockSupport.parkNanos(LockSupport.java:215)&#10;        at java.util.concurrent.locks.AbstractQueuedSynchronizer$ConditionObject.awaitNanos(AbstractQueuedSynchronizer.java:2078)&#10;        at java.util.concurrent.LinkedBlockingQueue.poll(LinkedBlockingQueue.java:467)&#10;        at org.apache.hadoop.ipc.CallQueueManager.take(CallQueueManager.java:317)&#10;        at org.apache.hadoop.ipc.Server$Handler.run(Server.java:2932)&#10;&quot;IPC Server handler 9 on default port 11132&quot; daemon prio=5 tid=2585 timed_waiting&#10;java.lang.Thread.State: TIMED_WAITING&#10;        at sun.misc.Unsafe.park(Native Method)&#10;        at java.util.concurrent.locks.LockSupport.parkNanos(LockSupport.java:215)&#10;        at java.util.concurrent.locks.AbstractQueuedSynchronizer$ConditionObject.awaitNanos(AbstractQueuedSynchronizer.java:2078)&#10;        at java.util.concurrent.LinkedBlockingQueue.poll(LinkedBlockingQueue.java:467)&#10;        at org.apache.hadoop.ipc.CallQueueManager.take(CallQueueManager.java:317)&#10;        at org.apache.hadoop.ipc.Server$Handler.run(Server.java:2932)&#10;&quot;ReplicationMonitor&quot; daemon prio=5 tid=2535 timed_waiting&#10;java.lang.Thread.State: TIMED_WAITING&#10;        at java.lang.Object.wait(Native Method)&#10;        at org.apache.hadoop.hdds.scm.container.ReplicationManager.run(ReplicationManager.java:384)&#10;        at org.apache.hadoop.hdds.scm.container.ReplicationManager$$Lambda$645/1827573818.run(Unknown Source)&#10;        at java.lang.Thread.run(Thread.java:748)&#10;&quot;EventQueue-ContainerReportForContainerReportHandler&quot; daemon prio=5 tid=2729 in Object.wait()&#10;java.lang.Thread.State: WAITING (on object monitor)&#10;        at sun.misc.Unsafe.park(Native Method)&#10;        at java.util.concurrent.locks.LockSupport.park(LockSupport.java:175)&#10;        at java.util.concurrent.locks.AbstractQueuedSynchronizer$ConditionObject.await(AbstractQueuedSynchronizer.java:2039)&#10;        at java.util.concurrent.LinkedBlockingQueue.take(LinkedBlockingQueue.java:442)&#10;        at java.util.concurrent.ThreadPoolExecutor.getTask(ThreadPoolExecutor.java:1074)&#10;        at java.util.concurrent.ThreadPoolExecutor.runWorker(ThreadPoolExecutor.java:1134)&#10;        at java.util.concurrent.ThreadPoolExecutor$Worker.run(ThreadPoolExecutor.java:624)&#10;        at java.lang.Thread.run(Thread.java:748)&#10;&quot;EventQueue-NewNodeForNewNodeHandler&quot; daemon prio=5 tid=2719 in Object.wait()&#10;java.lang.Thread.State: WAITING (on object monitor)&#10;        at sun.misc.Unsafe.park(Native Method)&#10;        at java.util.concurrent.locks.LockSupport.park(LockSupport.java:175)&#10;        at java.util.concurrent.locks.AbstractQueuedSynchronizer$ConditionObject.await(AbstractQueuedSynchronizer.java:2039)&#10;        at java.util.concurrent.LinkedBlockingQueue.take(LinkedBlockingQueue.java:442)&#10;        at java.util.concurrent.ThreadPoolExecutor.getTask(ThreadPoolExecutor.java:1074)&#10;        at java.util.concurrent.ThreadPoolExecutor.runWorker(ThreadPoolExecutor.java:1134)&#10;        at java.util.concurrent.ThreadPoolExecutor$Worker.run(ThreadPoolExecutor.java:624)&#10;        at java.lang.Thread.run(Thread.java:748)&#10;&quot;IPC Server handler 19 on default port 11132&quot; daemon prio=5 tid=2595 timed_waiting&#10;java.lang.Thread.State: TIMED_WAITING&#10;        at sun.misc.Unsafe.park(Native Method)&#10;        at java.util.concurrent.locks.LockSupport.parkNanos(LockSupport.java:215)&#10;        at java.util.concurrent.locks.AbstractQueuedSynchronizer$ConditionObject.awaitNanos(AbstractQueuedSynchronizer.java:2078)&#10;        at java.util.concurrent.LinkedBlockingQueue.poll(LinkedBlockingQueue.java:467)&#10;        at org.apache.hadoop.ipc.CallQueueManager.take(CallQueueManager.java:317)&#10;        at org.apache.hadoop.ipc.Server$Handler.run(Server.java:2932)&#10;&quot;IPC Server handler 20 on default port 13035&quot; daemon prio=5 tid=2111 timed_waiting&#10;java.lang.Thread.State: TIMED_WAITING&#10;        at sun.misc.Unsafe.park(Native Method)&#10;        at java.util.concurrent.locks.LockSupport.parkNanos(LockSupport.java:215)&#10;        at java.util.concurrent.locks.AbstractQueuedSynchronizer$ConditionObject.awaitNanos(AbstractQueuedSynchronizer.java:2078)&#10;        at java.util.concurrent.LinkedBlockingQueue.poll(LinkedBlockingQueue.java:467)&#10;        at org.apache.hadoop.ipc.CallQueueManager.take(CallQueueManager.java:317)&#10;        at org.apache.hadoop.ipc.Server$Handler.run(Server.java:2932)&#10;&quot;IPC Server handler 69 on default port 13034&quot; daemon prio=5 tid=2260 timed_waiting&#10;java.lang.Thread.State: TIMED_WAITING&#10;        at sun.misc.Unsafe.park(Native Method)&#10;        at java.util.concurrent.locks.LockSupport.parkNanos(LockSupport.java:215)&#10;        at java.util.concurrent.locks.AbstractQueuedSynchronizer$ConditionObject.awaitNanos(AbstractQueuedSynchronizer.java:2078)&#10;        at java.util.concurrent.LinkedBlockingQueue.poll(LinkedBlockingQueue.java:467)&#10;        at org.apache.hadoop.ipc.CallQueueManager.take(CallQueueManager.java:317)&#10;        at org.apache.hadoop.ipc.Server$Handler.run(Server.java:2932)&#10;&quot;org.apache.hadoop.util.JvmPauseMonitor$Monitor@fd073da&quot; daemon prio=5 tid=2673 timed_waiting&#10;java.lang.Thread.State: TIMED_WAITING&#10;        at java.lang.Thread.sleep(Native Method)&#10;        at org.apache.hadoop.util.JvmPauseMonitor$Monitor.run(JvmPauseMonitor.java:192)&#10;        at java.lang.Thread.run(Thread.java:748)&#10;&quot;IPC Server handler 39 on default port 13034&quot; daemon prio=5 tid=2230 timed_waiting&#10;java.lang.Thread.State: TIMED_WAITING&#10;        at sun.misc.Unsafe.park(Native Method)&#10;        at java.util.concurrent.locks.LockSupport.parkNanos(LockSupport.java:215)&#10;        at java.util.concurrent.locks.AbstractQueuedSynchronizer$ConditionObject.awaitNanos(AbstractQueuedSynchronizer.java:2078)&#10;        at java.util.concurrent.LinkedBlockingQueue.poll(LinkedBlockingQueue.java:467)&#10;        at org.apache.hadoop.ipc.CallQueueManager.take(CallQueueManager.java:317)&#10;        at org.apache.hadoop.ipc.Server$Handler.run(Server.java:2932)&#10;&quot;IPC Server handler 3 on default port 13034&quot; daemon prio=5 tid=2194 timed_waiting&#10;java.lang.Thread.State: TIMED_WAITING&#10;        at sun.misc.Unsafe.park(Native Method)&#10;        at java.util.concurrent.locks.LockSupport.parkNanos(LockSupport.java:215)&#10;        at java.util.concurrent.locks.AbstractQueuedSynchronizer$ConditionObject.awaitNanos(AbstractQueuedSynchronizer.java:2078)&#10;        at java.util.concurrent.LinkedBlockingQueue.poll(LinkedBlockingQueue.java:467)&#10;        at org.apache.hadoop.ipc.CallQueueManager.take(CallQueueManager.java:317)&#10;        at org.apache.hadoop.ipc.Server$Handler.run(Server.java:2932)&#10;&quot;IPC Server Responder&quot; daemon prio=5 tid=2077 runnable&#10;java.lang.Thread.State: RUNNABLE&#10;        at sun.nio.ch.EPollArrayWrapper.epollWait(Native Method)&#10;        at sun.nio.ch.EPollArrayWrapper.poll(EPollArrayWrapper.java:269)&#10;        at sun.nio.ch.EPollSelectorImpl.doSelect(EPollSelectorImpl.java:93)&#10;        at sun.nio.ch.SelectorImpl.lockAndDoSelect(SelectorImpl.java:86)&#10;        at sun.nio.ch.SelectorImpl.select(SelectorImpl.java:97)&#10;        at org.apache.hadoop.ipc.Server$Responder.doRunLoop(Server.java:1527)&#10;        at org.apache.hadoop.ipc.Server$Responder.run(Server.java:1510)&#10;&quot;91f27009-ec66-4294-9321-b0739729fb6b@group-A37BCEEDED0F-StateMachineUpdater&quot; daemon prio=5 tid=2769 in Object.wait()&#10;java.lang.Thread.State: WAITING (on object monitor)&#10;        at java.lang.Object.wait(Native Method)&#10;        at java.lang.Object.wait(Object.java:502)&#10;        at org.apache.ratis.server.impl.StateMachineUpdater.waitForCommit(StateMachineUpdater.java:204)&#10;        at org.apache.ratis.server.impl.StateMachineUpdater.run(StateMachineUpdater.java:173)&#10;        at java.lang.Thread.run(Thread.java:748)&#10;&quot;IPC Server handler 59 on default port 13034&quot; daemon prio=5 tid=2250 timed_waiting&#10;java.lang.Thread.State: TIMED_WAITING&#10;        at sun.misc.Unsafe.park(Native Method)&#10;        at java.util.concurrent.locks.LockSupport.parkNanos(LockSupport.java:215)&#10;        at java.util.concurrent.locks.AbstractQueuedSynchronizer$ConditionObject.awaitNanos(AbstractQueuedSynchronizer.java:2078)&#10;        at java.util.concurrent.LinkedBlockingQueue.poll(LinkedBlockingQueue.java:467)&#10;        at org.apache.hadoop.ipc.CallQueueManager.take(CallQueueManager.java:317)&#10;        at org.apache.hadoop.ipc.Server$Handler.run(Server.java:2932)&#10;&quot;EndpointStateMachine task thread for /127.0.0.1:13013 - 0 &quot;  prio=5 tid=645 in Object.wait()&#10;java.lang.Thread.State: WAITING (on object monitor)&#10;        at sun.misc.Unsafe.park(Native Method)&#10;        at java.util.concurrent.locks.LockSupport.park(LockSupport.java:175)&#10;        at java.util.concurrent.locks.AbstractQueuedSynchronizer$ConditionObject.await(AbstractQueuedSynchronizer.java:2039)&#10;        at java.util.concurrent.LinkedBlockingQueue.take(LinkedBlockingQueue.java:442)&#10;        at java.util.concurrent.ThreadPoolExecutor.getTask(ThreadPoolExecutor.java:1074)&#10;        at java.util.concurrent.ThreadPoolExecutor.runWorker(ThreadPoolExecutor.java:1134)&#10;        at java.util.concurrent.ThreadPoolExecutor$Worker.run(ThreadPoolExecutor.java:624)&#10;        at java.lang.Thread.run(Thread.java:748)&#10;&quot;IPC Server handler 11 on default port 13034&quot; daemon prio=5 tid=2202 timed_waiting&#10;java.lang.Thread.State: TIMED_WAITING&#10;        at sun.misc.Unsafe.park(Native Method)&#10;        at java.util.concurrent.locks.LockSupport.parkNanos(LockSupport.java:215)&#10;        at java.util.concurrent.locks.AbstractQueuedSynchronizer$ConditionObject.awaitNanos(AbstractQueuedSynchronizer.java:2078)&#10;        at java.util.concurrent.LinkedBlockingQueue.poll(LinkedBlockingQueue.java:467)&#10;        at org.apache.hadoop.ipc.CallQueueManager.take(CallQueueManager.java:317)&#10;        at org.apache.hadoop.ipc.Server$Handler.run(Server.java:2932)&#10;&quot;EndpointStateMachine task thread for /127.0.0.1:13033 - 0 &quot;  prio=5 tid=2680 in Object.wait()&#10;java.lang.Thread.State: WAITING (on object monitor)&#10;        at sun.misc.Unsafe.park(Native Method)&#10;        at java.util.concurrent.locks.LockSupport.park(LockSupport.java:175)&#10;        at java.util.concurrent.locks.AbstractQueuedSynchronizer$ConditionObject.await(AbstractQueuedSynchronizer.java:2039)&#10;        at java.util.concurrent.LinkedBlockingQueue.take(LinkedBlockingQueue.java:442)&#10;        at java.util.concurrent.ThreadPoolExecutor.getTask(ThreadPoolExecutor.java:1074)&#10;        at java.util.concurrent.ThreadPoolExecutor.runWorker(ThreadPoolExecutor.java:1134)&#10;        at java.util.concurrent.ThreadPoolExecutor$Worker.run(ThreadPoolExecutor.java:624)&#10;        at java.lang.Thread.run(Thread.java:748)&#10;&quot;IPC Server handler 93 on default port 13035&quot; daemon prio=5 tid=2184 timed_waiting&#10;java.lang.Thread.State: TIMED_WAITING&#10;        at sun.misc.Unsafe.park(Native Method)&#10;        at java.util.concurrent.locks.LockSupport.parkNanos(LockSupport.java:215)&#10;        at java.util.concurrent.locks.AbstractQueuedSynchronizer$ConditionObject.awaitNanos(AbstractQueuedSynchronizer.java:2078)&#10;        at java.util.concurrent.LinkedBlockingQueue.poll(LinkedBlockingQueue.java:467)&#10;        at org.apache.hadoop.ipc.CallQueueManager.take(CallQueueManager.java:317)&#10;        at org.apache.hadoop.ipc.Server$Handler.run(Server.java:2932)&#10;&quot;IPC Server handler 9 on default port 13035&quot; daemon prio=5 tid=2100 timed_waiting&#10;java.lang.Thread.State: TIMED_WAITING&#10;        at sun.misc.Unsafe.park(Native Method)&#10;        at java.util.concurrent.locks.LockSupport.parkNanos(LockSupport.java:215)&#10;        at java.util.concurrent.locks.AbstractQueuedSynchronizer$ConditionObject.awaitNanos(AbstractQueuedSynchronizer.java:2078)&#10;        at java.util.concurrent.LinkedBlockingQueue.poll(LinkedBlockingQueue.java:467)&#10;        at org.apache.hadoop.ipc.CallQueueManager.take(CallQueueManager.java:317)&#10;        at org.apache.hadoop.ipc.Server$Handler.run(Server.java:2932)&#10;&quot;IPC Server idle connection scanner for port 13053&quot; daemon prio=5 tid=2539 in Object.wait()&#10;java.lang.Thread.State: WAITING (on object monitor)&#10;        at java.lang.Object.wait(Native Method)&#10;        at java.lang.Object.wait(Object.java:502)&#10;        at java.util.TimerThread.mainLoop(Timer.java:526)&#10;        at java.util.TimerThread.run(Timer.java:505)&#10;&quot;Datanode ReportManager Thread - 2&quot; daemon prio=5 tid=1743 timed_waiting&#10;java.lang.Thread.State: TIMED_WAITING&#10;        at sun.misc.Unsafe.park(Native Method)&#10;        at java.util.concurrent.locks.LockSupport.parkNanos(LockSupport.java:215)&#10;        at java.util.concurrent.locks.AbstractQueuedSynchronizer$ConditionObject.awaitNanos(AbstractQueuedSynchronizer.java:2078)&#10;        at java.util.concurrent.ScheduledThreadPoolExecutor$DelayedWorkQueue.take(ScheduledThreadPoolExecutor.java:1093)&#10;        at java.util.concurrent.ScheduledThreadPoolExecutor$DelayedWorkQueue.take(ScheduledThreadPoolExecutor.java:809)&#10;        at java.util.concurrent.ThreadPoolExecutor.getTask(ThreadPoolExecutor.java:1074)&#10;        at java.util.concurrent.ThreadPoolExecutor.runWorker(ThreadPoolExecutor.java:1134)&#10;        at java.util.concurrent.ThreadPoolExecutor$Worker.run(ThreadPoolExecutor.java:624)&#10;        at java.lang.Thread.run(Thread.java:748)&#10;&quot;IPC Server handler 9 on default port 13033&quot; daemon prio=5 tid=2319 timed_waiting&#10;java.lang.Thread.State: TIMED_WAITING&#10;        at sun.misc.Unsafe.park(Native Method)&#10;        at java.util.concurrent.locks.LockSupport.parkNanos(LockSupport.java:215)&#10;        at java.util.concurrent.locks.AbstractQueuedSynchronizer$ConditionObject.awaitNanos(AbstractQueuedSynchronizer.java:2078)&#10;        at java.util.concurrent.LinkedBlockingQueue.poll(LinkedBlockingQueue.java:467)&#10;        at org.apache.hadoop.ipc.CallQueueManager.take(CallQueueManager.java:317)&#10;        at org.apache.hadoop.ipc.Server$Handler.run(Server.java:2932)&#10;&quot;qtp1029395488-2294&quot; daemon prio=5 tid=2294 timed_waiting&#10;java.lang.Thread.State: TIMED_WAITING&#10;        at sun.misc.Unsafe.park(Native Method)&#10;        at java.util.concurrent.locks.LockSupport.parkNanos(LockSupport.java:215)&#10;        at java.util.concurrent.locks.AbstractQueuedSynchronizer$ConditionObject.awaitNanos(AbstractQueuedSynchronizer.java:2078)&#10;        at org.eclipse.jetty.util.BlockingArrayQueue.poll(BlockingArrayQueue.java:382)&#10;        at org.eclipse.jetty.util.thread.QueuedThreadPool$Runner.idleJobPoll(QueuedThreadPool.java:974)&#10;        at org.eclipse.jetty.util.thread.QueuedThreadPool$Runner.run(QueuedThreadPool.java:1018)&#10;        at java.lang.Thread.run(Thread.java:748)&#10;&quot;IPC Server handler 94 on default port 13033&quot; daemon prio=5 tid=2404 timed_waiting&#10;java.lang.Thread.State: TIMED_WAITING&#10;        at sun.misc.Unsafe.park(Native Method)&#10;        at java.util.concurrent.locks.LockSupport.parkNanos(LockSupport.java:215)&#10;        at java.util.concurrent.locks.AbstractQueuedSynchronizer$ConditionObject.awaitNanos(AbstractQueuedSynchronizer.java:2078)&#10;        at java.util.concurrent.LinkedBlockingQueue.poll(LinkedBlockingQueue.java:467)&#10;        at org.apache.hadoop.ipc.CallQueueManager.take(CallQueueManager.java:317)&#10;        at org.apache.hadoop.ipc.Server$Handler.run(Server.java:2932)&#10;&quot;org.apache.ratis.util.JvmPauseMonitor$$Lambda$499/17331878@4b1f242d&quot; daemon prio=5 tid=2701 timed_waiting&#10;java.lang.Thread.State: TIMED_WAITING&#10;        at java.lang.Thread.sleep(Native Method)&#10;        at java.lang.Thread.sleep(Thread.java:340)&#10;        at java.util.concurrent.TimeUnit.sleep(TimeUnit.java:386)&#10;        at org.apache.ratis.util.TimeDuration.sleep(TimeDuration.java:324)&#10;        at org.apache.ratis.util.TimeDuration.sleep(TimeDuration.java:309)&#10;        at org.apache.ratis.util.JvmPauseMonitor.detectPause(JvmPauseMonitor.java:117)&#10;        at org.apache.ratis.util.JvmPauseMonitor.run(JvmPauseMonitor.java:106)&#10;        at org.apache.ratis.util.JvmPauseMonitor$$Lambda$499/17331878.run(Unknown Source)&#10;        at java.lang.Thread.run(Thread.java:748)&#10;&quot;IPC Client (685606790) connection to /127.0.0.1:13033 from runner&quot; daemon prio=5 tid=2682 timed_waiting&#10;java.lang.Thread.State: TIMED_WAITING&#10;        at java.lang.Object.wait(Native Method)&#10;        at org.apache.hadoop.ipc.Client$Connection.waitForWork(Client.java:1053)&#10;        at org.apache.hadoop.ipc.Client$Connection.run(Client.java:1097)&#10;&quot;IPC Server handler 53 on default port 13033&quot; daemon prio=5 tid=2363 timed_waiting&#10;java.lang.Thread.State: TIMED_WAITING&#10;        at sun.misc.Unsafe.park(Native Method)&#10;        at java.util.concurrent.locks.LockSupport.parkNanos(LockSupport.java:215)&#10;        at java.util.concurrent.locks.AbstractQueuedSynchronizer$ConditionObject.awaitNanos(AbstractQueuedSynchronizer.java:2078)&#10;        at java.util.concurrent.LinkedBlockingQueue.poll(LinkedBlockingQueue.java:467)&#10;        at org.apache.hadoop.ipc.CallQueueManager.take(CallQueueManager.java:317)&#10;        at org.apache.hadoop.ipc.Server$Handler.run(Server.java:2932)&#10;&quot;Datanode State Machine Task Thread - 3&quot;  prio=5 tid=2707 in Object.wait()&#10;java.lang.Thread.State: WAITING (on object monitor)&#10;        at sun.misc.Unsafe.park(Native Method)&#10;        at java.util.concurrent.locks.LockSupport.park(LockSupport.java:175)&#10;        at java.util.concurrent.locks.AbstractQueuedSynchronizer$ConditionObject.await(AbstractQueuedSynchronizer.java:2039)&#10;        at java.util.concurrent.LinkedBlockingQueue.take(LinkedBlockingQueue.java:442)&#10;        at java.util.concurrent.ThreadPoolExecutor.getTask(ThreadPoolExecutor.java:1074)&#10;        at java.util.concurrent.ThreadPoolExecutor.runWorker(ThreadPoolExecutor.java:1134)&#10;        at java.util.concurrent.ThreadPoolExecutor$Worker.run(ThreadPoolExecutor.java:624)&#10;        at java.lang.Thread.run(Thread.java:748)&#10;&quot;EndpointStateMachine task thread for /127.0.0.1:13033 - 0 &quot;  prio=5 tid=2695 in Object.wait()&#10;java.lang.Thread.State: WAITING (on object monitor)&#10;        at sun.misc.Unsafe.park(Native Method)&#10;        at java.util.concurrent.locks.LockSupport.park(LockSupport.java:175)&#10;        at java.util.concurrent.locks.AbstractQueuedSynchronizer$ConditionObject.await(AbstractQueuedSynchronizer.java:2039)&#10;        at java.util.concurrent.LinkedBlockingQueue.take(LinkedBlockingQueue.java:442)&#10;        at java.util.concurrent.ThreadPoolExecutor.getTask(ThreadPoolExecutor.java:1074)&#10;        at java.util.concurrent.ThreadPoolExecutor.runWorker(ThreadPoolExecutor.java:1134)&#10;        at java.util.concurrent.ThreadPoolExecutor$Worker.run(ThreadPoolExecutor.java:624)&#10;        at java.lang.Thread.run(Thread.java:748)&#10;&quot;qtp1667630446-2662&quot; daemon prio=5 tid=2662 timed_waiting&#10;java.lang.Thread.State: TIMED_WAITING&#10;        at sun.misc.Unsafe.park(Native Method)&#10;        at java.util.concurrent.locks.LockSupport.parkNanos(LockSupport.java:215)&#10;        at java.util.concurrent.locks.AbstractQueuedSynchronizer$ConditionObject.awaitNanos(AbstractQueuedSynchronizer.java:2078)&#10;        at org.eclipse.jetty.util.BlockingArrayQueue.poll(BlockingArrayQueue.java:382)&#10;        at org.eclipse.jetty.util.thread.QueuedThreadPool$Runner.idleJobPoll(QueuedThreadPool.java:974)&#10;        at org.eclipse.jetty.util.thread.QueuedThreadPool$Runner.run(QueuedThreadPool.java:1018)&#10;        at java.lang.Thread.run(Thread.java:748)&#10;&quot;IPC Server handler 6 on default port 13035&quot; daemon prio=5 tid=2097 timed_waiting&#10;java.lang.Thread.State: TIMED_WAITING&#10;        at sun.misc.Unsafe.park(Native Method)&#10;        at java.util.concurrent.locks.LockSupport.parkNanos(LockSupport.java:215)&#10;        at java.util.concurrent.locks.AbstractQueuedSynchronizer$ConditionObject.awaitNanos(AbstractQueuedSynchronizer.java:2078)&#10;        at java.util.concurrent.LinkedBlockingQueue.poll(LinkedBlockingQueue.java:467)&#10;        at org.apache.hadoop.ipc.CallQueueManager.take(CallQueueManager.java:317)&#10;        at org.apache.hadoop.ipc.Server$Handler.run(Server.java:2932)&#10;&quot;qtp1613570136-2522&quot; daemon prio=5 tid=2522 timed_waiting&#10;java.lang.Thread.State: TIMED_WAITING&#10;        at sun.misc.Unsafe.park(Native Method)&#10;        at java.util.concurrent.locks.LockSupport.parkNanos(LockSupport.java:215)&#10;        at java.util.concurrent.locks.AbstractQueuedSynchronizer$ConditionObject.awaitNanos(AbstractQueuedSynchronizer.java:2078)&#10;        at org.eclipse.jetty.util.BlockingArrayQueue.poll(BlockingArrayQueue.java:382)&#10;        at org.eclipse.jetty.util.thread.QueuedThreadPool$Runner.idleJobPoll(QueuedThreadPool.java:974)&#10;        at org.eclipse.jetty.util.thread.QueuedThreadPool$Runner.run(QueuedThreadPool.java:1018)&#10;        at java.lang.Thread.run(Thread.java:748)&#10;&quot;IPC Server idle connection scanner for port 11132&quot; daemon prio=5 tid=2557 timed_waiting&#10;java.lang.Thread.State: TIMED_WAITING&#10;        at java.lang.Object.wait(Native Method)&#10;        at java.util.TimerThread.mainLoop(Timer.java:552)&#10;        at java.util.TimerThread.run(Timer.java:505)&#10;&quot;IPC Server handler 33 on default port 13035&quot; daemon prio=5 tid=2124 timed_waiting&#10;java.lang.Thread.State: TIMED_WAITING&#10;        at sun.misc.Unsafe.park(Native Method)&#10;        at java.util.concurrent.locks.LockSupport.parkNanos(LockSupport.java:215)&#10;        at java.util.concurrent.locks.AbstractQueuedSynchronizer$ConditionObject.awaitNanos(AbstractQueuedSynchronizer.java:2078)&#10;        at java.util.concurrent.LinkedBlockingQueue.poll(LinkedBlockingQueue.java:467)&#10;        at org.apache.hadoop.ipc.CallQueueManager.take(CallQueueManager.java:317)&#10;        at org.apache.hadoop.ipc.Server$Handler.run(Server.java:2932)&#10;&quot;IPC Server handler 3 on default port 13035&quot; daemon prio=5 tid=2094 timed_waiting&#10;java.lang.Thread.State: TIMED_WAITING&#10;        at sun.misc.Unsafe.park(Native Method)&#10;        at java.util.concurrent.locks.LockSupport.parkNanos(LockSupport.java:215)&#10;        at java.util.concurrent.locks.AbstractQueuedSynchronizer$ConditionObject.awaitNanos(AbstractQueuedSynchronizer.java:2078)&#10;        at java.util.concurrent.LinkedBlockingQueue.poll(LinkedBlockingQueue.java:467)&#10;        at org.apache.hadoop.ipc.CallQueueManager.take(CallQueueManager.java:317)&#10;        at org.apache.hadoop.ipc.Server$Handler.run(Server.java:2932)&#10;&quot;IPC Server handler 6 on default port 13045&quot; daemon prio=5 tid=2483 timed_waiting&#10;java.lang.Thread.State: TIMED_WAITING&#10;        at sun.misc.Unsafe.park(Native Method)&#10;        at java.util.concurrent.locks.LockSupport.parkNanos(LockSupport.java:215)&#10;        at java.util.concurrent.locks.AbstractQueuedSynchronizer$ConditionObject.awaitNanos(AbstractQueuedSynchronizer.java:2078)&#10;        at java.util.concurrent.LinkedBlockingQueue.poll(LinkedBlockingQueue.java:467)&#10;        at org.apache.hadoop.ipc.CallQueueManager.take(CallQueueManager.java:317)&#10;        at org.apache.hadoop.ipc.Server$Handler.run(Server.java:2932)&#10;&quot;Session-HouseKeeper-1e709a4e-1&quot;  prio=5 tid=2528 timed_waiting&#10;java.lang.Thread.State: TIMED_WAITING&#10;        at sun.misc.Unsafe.park(Native Method)&#10;        at java.util.concurrent.locks.LockSupport.parkNanos(LockSupport.java:215)&#10;        at java.util.concurrent.locks.AbstractQueuedSynchronizer$ConditionObject.awaitNanos(AbstractQueuedSynchronizer.java:2078)&#10;        at java.util.concurrent.ScheduledThreadPoolExecutor$DelayedWorkQueue.take(ScheduledThreadPoolExecutor.java:1093)&#10;        at java.util.concurrent.ScheduledThreadPoolExecutor$DelayedWorkQueue.take(ScheduledThreadPoolExecutor.java:809)&#10;        at java.util.concurrent.ThreadPoolExecutor.getTask(ThreadPoolExecutor.java:1074)&#10;        at java.util.concurrent.ThreadPoolExecutor.runWorker(ThreadPoolExecutor.java:1134)&#10;        at java.util.concurrent.ThreadPoolExecutor$Worker.run(ThreadPoolExecutor.java:624)&#10;        at java.lang.Thread.run(Thread.java:748)&#10;&quot;IPC Server handler 7 on default port 13035&quot; daemon prio=5 tid=2098 timed_waiting&#10;java.lang.Thread.State: TIMED_WAITING&#10;        at sun.misc.Unsafe.park(Native Method)&#10;        at java.util.concurrent.locks.LockSupport.parkNanos(LockSupport.java:215)&#10;        at java.util.concurrent.locks.AbstractQueuedSynchronizer$ConditionObject.awaitNanos(AbstractQueuedSynchronizer.java:2078)&#10;        at java.util.concurrent.LinkedBlockingQueue.poll(LinkedBlockingQueue.java:467)&#10;        at org.apache.hadoop.ipc.CallQueueManager.take(CallQueueManager.java:317)&#10;        at org.apache.hadoop.ipc.Server$Handler.run(Server.java:2932)&#10;&quot;IPC Server handler 19 on default port 13035&quot; daemon prio=5 tid=2110 timed_waiting&#10;java.lang.Thread.State: TIMED_WAITING&#10;        at sun.misc.Unsafe.park(Native Method)&#10;        at java.util.concurrent.locks.LockSupport.parkNanos(LockSupport.java:215)&#10;        at java.util.concurrent.locks.AbstractQueuedSynchronizer$ConditionObject.awaitNanos(AbstractQueuedSynchronizer.java:2078)&#10;        at java.util.concurrent.LinkedBlockingQueue.poll(LinkedBlockingQueue.java:467)&#10;        at org.apache.hadoop.ipc.CallQueueManager.take(CallQueueManager.java:317)&#10;        at org.apache.hadoop.ipc.Server$Handler.run(Server.java:2932)&#10;&quot;EndpointStateMachine task thread for /127.0.0.1:13013 - 0 &quot;  prio=5 tid=628 in Object.wait()&#10;java.lang.Thread.State: WAITING (on object monitor)&#10;        at sun.misc.Unsafe.park(Native Method)&#10;        at java.util.concurrent.locks.LockSupport.park(LockSupport.java:175)&#10;        at java.util.concurrent.locks.AbstractQueuedSynchronizer$ConditionObject.await(AbstractQueuedSynchronizer.java:2039)&#10;        at java.util.concurrent.LinkedBlockingQueue.take(LinkedBlockingQueue.java:442)&#10;        at java.util.concurrent.ThreadPoolExecutor.getTask(ThreadPoolExecutor.java:1074)&#10;        at java.util.concurrent.ThreadPoolExecutor.runWorker(ThreadPoolExecutor.java:1134)&#10;        at java.util.concurrent.ThreadPoolExecutor$Worker.run(ThreadPoolExecutor.java:624)&#10;        at java.lang.Thread.run(Thread.java:748)&#10;&quot;EventQueue-NodeRegistrationContainerReportForContainerSafeModeRule&quot; daemon prio=5 tid=2413 in Object.wait()&#10;java.lang.Thread.State: WAITING (on object monitor)&#10;        at sun.misc.Unsafe.park(Native Method)&#10;        at java.util.concurrent.locks.LockSupport.park(LockSupport.java:175)&#10;        at java.util.concurrent.locks.AbstractQueuedSynchronizer$ConditionObject.await(AbstractQueuedSynchronizer.java:2039)&#10;        at java.util.concurrent.LinkedBlockingQueue.take(LinkedBlockingQueue.java:442)&#10;        at java.util.concurrent.ThreadPoolExecutor.getTask(ThreadPoolExecutor.java:1074)&#10;        at java.util.concurrent.ThreadPoolExecutor.runWorker(ThreadPoolExecutor.java:1134)&#10;        at java.util.concurrent.ThreadPoolExecutor$Worker.run(ThreadPoolExecutor.java:624)&#10;        at java.lang.Thread.run(Thread.java:748)&#10;&quot;IPC Server handler 8 on default port 13035&quot; daemon prio=5 tid=2099 timed_waiting&#10;java.lang.Thread.State: TIMED_WAITING&#10;        at sun.misc.Unsafe.park(Native Method)&#10;        at java.util.concurrent.locks.LockSupport.parkNanos(LockSupport.java:215)&#10;        at java.util.concurrent.locks.AbstractQueuedSynchronizer$ConditionObject.awaitNanos(AbstractQueuedSynchronizer.java:2078)&#10;        at java.util.concurrent.LinkedBlockingQueue.poll(LinkedBlockingQueue.java:467)&#10;        at org.apache.hadoop.ipc.CallQueueManager.take(CallQueueManager.java:317)&#10;        at org.apache.hadoop.ipc.Server$Handler.run(Server.java:2932)&#10;&quot;IPC Server listener on 13043&quot; daemon prio=5 tid=2424 runnable&#10;java.lang.Thread.State: RUNNABLE&#10;        at sun.nio.ch.EPollArrayWrapper.epollWait(Native Method)&#10;        at sun.nio.ch.EPollArrayWrapper.poll(EPollArrayWrapper.java:269)&#10;        at sun.nio.ch.EPollSelectorImpl.doSelect(EPollSelectorImpl.java:93)&#10;        at sun.nio.ch.SelectorImpl.lockAndDoSelect(SelectorImpl.java:86)&#10;        at sun.nio.ch.SelectorImpl.select(SelectorImpl.java:97)&#10;        at sun.nio.ch.SelectorImpl.select(SelectorImpl.java:101)&#10;        at org.apache.hadoop.ipc.Server$Listener.run(Server.java:1350)&#10;&quot;IPC Server handler 31 on default port 13034&quot; daemon prio=5 tid=2222 timed_waiting&#10;java.lang.Thread.State: TIMED_WAITING&#10;        at sun.misc.Unsafe.park(Native Method)&#10;        at java.util.concurrent.locks.LockSupport.parkNanos(LockSupport.java:215)&#10;        at java.util.concurrent.locks.AbstractQueuedSynchronizer$ConditionObject.awaitNanos(AbstractQueuedSynchronizer.java:2078)&#10;        at java.util.concurrent.LinkedBlockingQueue.poll(LinkedBlockingQueue.java:467)&#10;        at org.apache.hadoop.ipc.CallQueueManager.take(CallQueueManager.java:317)&#10;        at org.apache.hadoop.ipc.Server$Handler.run(Server.java:2932)&#10;&quot;IPC Server handler 25 on default port 13035&quot; daemon prio=5 tid=2116 timed_waiting&#10;java.lang.Thread.State: TIMED_WAITING&#10;        at sun.misc.Unsafe.park(Native Method)&#10;        at java.util.concurrent.locks.LockSupport.parkNanos(LockSupport.java:215)&#10;        at java.util.concurrent.locks.AbstractQueuedSynchronizer$ConditionObject.awaitNanos(AbstractQueuedSynchronizer.java:2078)&#10;        at java.util.concurrent.LinkedBlockingQueue.poll(LinkedBlockingQueue.java:467)&#10;        at org.apache.hadoop.ipc.CallQueueManager.take(CallQueueManager.java:317)&#10;        at org.apache.hadoop.ipc.Server$Handler.run(Server.java:2932)&#10;&quot;IPC Server handler 79 on default port 13034&quot; daemon prio=5 tid=2270 timed_waiting&#10;java.lang.Thread.State: TIMED_WAITING&#10;        at sun.misc.Unsafe.park(Native Method)&#10;        at java.util.concurrent.locks.LockSupport.parkNanos(LockSupport.java:215)&#10;        at java.util.concurrent.locks.AbstractQueuedSynchronizer$ConditionObject.awaitNanos(AbstractQueuedSynchronizer.java:2078)&#10;        at java.util.concurrent.LinkedBlockingQueue.poll(LinkedBlockingQueue.java:467)&#10;        at org.apache.hadoop.ipc.CallQueueManager.take(CallQueueManager.java:317)&#10;        at org.apache.hadoop.ipc.Server$Handler.run(Server.java:2932)&#10;&quot;org.apache.ratis.util.JvmPauseMonitor$$Lambda$499/17331878@3ec616af&quot; daemon prio=5 tid=2087 timed_waiting&#10;java.lang.Thread.State: TIMED_WAITING&#10;        at java.lang.Thread.sleep(Native Method)&#10;        at java.lang.Thread.sleep(Thread.java:340)&#10;        at java.util.concurrent.TimeUnit.sleep(TimeUnit.java:386)&#10;        at org.apache.ratis.util.TimeDuration.sleep(TimeDuration.java:324)&#10;        at org.apache.ratis.util.TimeDuration.sleep(TimeDuration.java:309)&#10;        at org.apache.ratis.util.JvmPauseMonitor.detectPause(JvmPauseMonitor.java:117)&#10;        at org.apache.ratis.util.JvmPauseMonitor.run(JvmPauseMonitor.java:106)&#10;        at org.apache.ratis.util.JvmPauseMonitor$$Lambda$499/17331878.run(Unknown Source)&#10;        at java.lang.Thread.run(Thread.java:748)&#10;&quot;EndpointStateMachine task thread for /127.0.0.1:13033 - 0 &quot;  prio=5 tid=659 in Object.wait()&#10;java.lang.Thread.State: WAITING (on object monitor)&#10;        at sun.misc.Unsafe.park(Native Method)&#10;        at java.util.concurrent.locks.LockSupport.park(LockSupport.java:175)&#10;        at java.util.concurrent.locks.AbstractQueuedSynchronizer$ConditionObject.await(AbstractQueuedSynchronizer.java:2039)&#10;        at java.util.concurrent.LinkedBlockingQueue.take(LinkedBlockingQueue.java:442)&#10;        at java.util.concurrent.ThreadPoolExecutor.getTask(ThreadPoolExecutor.java:1074)&#10;        at java.util.concurrent.ThreadPoolExecutor.runWorker(ThreadPoolExecutor.java:1134)&#10;        at java.util.concurrent.ThreadPoolExecutor$Worker.run(ThreadPoolExecutor.java:624)&#10;        at java.lang.Thread.run(Thread.java:748)&#10;&quot;IPC Server handler 16 on default port 13035&quot; daemon prio=5 tid=2107 timed_waiting&#10;java.lang.Thread.State: TIMED_WAITING&#10;        at sun.misc.Unsafe.park(Native Method)&#10;        at java.util.concurrent.locks.LockSupport.parkNanos(LockSupport.java:215)&#10;        at java.util.concurrent.locks.AbstractQueuedSynchronizer$ConditionObject.awaitNanos(AbstractQueuedSynchronizer.java:2078)&#10;        at java.util.concurrent.LinkedBlockingQueue.poll(LinkedBlockingQueue.java:467)&#10;        at org.apache.hadoop.ipc.CallQueueManager.take(CallQueueManager.java:317)&#10;        at org.apache.hadoop.ipc.Server$Handler.run(Server.java:2932)&#10;&quot;IPC Server handler 16 on default port 13045&quot; daemon prio=5 tid=2493 timed_waiting&#10;java.lang.Thread.State: TIMED_WAITING&#10;        at sun.misc.Unsafe.park(Native Method)&#10;        at java.util.concurrent.locks.LockSupport.parkNanos(LockSupport.java:215)&#10;        at java.util.concurrent.locks.AbstractQueuedSynchronizer$ConditionObject.awaitNanos(AbstractQueuedSynchronizer.java:2078)&#10;        at java.util.concurrent.LinkedBlockingQueue.poll(LinkedBlockingQueue.java:467)&#10;        at org.apache.hadoop.ipc.CallQueueManager.take(CallQueueManager.java:317)&#10;        at org.apache.hadoop.ipc.Server$Handler.run(Server.java:2932)&#10;&quot;IPC Parameter Sending Thread #3&quot; daemon prio=5 tid=3047 timed_waiting&#10;java.lang.Thread.State: TIMED_WAITING&#10;        at sun.misc.Unsafe.park(Native Method)&#10;        at java.util.concurrent.locks.LockSupport.parkNanos(LockSupport.java:215)&#10;        at java.util.concurrent.SynchronousQueue$TransferStack.awaitFulfill(SynchronousQueue.java:460)&#10;        at java.util.concurrent.SynchronousQueue$TransferStack.transfer(SynchronousQueue.java:362)&#10;        at java.util.concurrent.SynchronousQueue.poll(SynchronousQueue.java:941)&#10;        at java.util.concurrent.ThreadPoolExecutor.getTask(ThreadPoolExecutor.java:1073)&#10;        at java.util.concurrent.ThreadPoolExecutor.runWorker(ThreadPoolExecutor.java:1134)&#10;        at java.util.concurrent.ThreadPoolExecutor$Worker.run(ThreadPoolExecutor.java:624)&#10;        at java.lang.Thread.run(Thread.java:748)&#10;&quot;IPC Server handler 14 on default port 13043&quot; daemon prio=5 tid=2469 timed_waiting&#10;java.lang.Thread.State: TIMED_WAITING&#10;        at sun.misc.Unsafe.park(Native Method)&#10;        at java.util.concurrent.locks.LockSupport.parkNanos(LockSupport.java:215)&#10;        at java.util.concurrent.locks.AbstractQueuedSynchronizer$ConditionObject.awaitNanos(AbstractQueuedSynchronizer.java:2078)&#10;        at java.util.concurrent.LinkedBlockingQueue.poll(LinkedBlockingQueue.java:467)&#10;        at org.apache.hadoop.ipc.CallQueueManager.take(CallQueueManager.java:317)&#10;        at org.apache.hadoop.ipc.Server$Handler.run(Server.java:2932)&#10;&quot;IPC Server handler 77 on default port 13035&quot; daemon prio=5 tid=2168 timed_waiting&#10;java.lang.Thread.State: TIMED_WAITING&#10;        at sun.misc.Unsafe.park(Native Method)&#10;        at java.util.concurrent.locks.LockSupport.parkNanos(LockSupport.java:215)&#10;        at java.util.concurrent.locks.AbstractQueuedSynchronizer$ConditionObject.awaitNanos(AbstractQueuedSynchronizer.java:2078)&#10;        at java.util.concurrent.LinkedBlockingQueue.poll(LinkedBlockingQueue.java:467)&#10;        at org.apache.hadoop.ipc.CallQueueManager.take(CallQueueManager.java:317)&#10;        at org.apache.hadoop.ipc.Server$Handler.run(Server.java:2932)&#10;&quot;IPC Server handler 97 on default port 13033&quot; daemon prio=5 tid=2407 timed_waiting&#10;java.lang.Thread.State: TIMED_WAITING&#10;        at sun.misc.Unsafe.park(Native Method)&#10;        at java.util.concurrent.locks.LockSupport.parkNanos(LockSupport.java:215)&#10;        at java.util.concurrent.locks.AbstractQueuedSynchronizer$ConditionObject.awaitNanos(AbstractQueuedSynchronizer.java:2078)&#10;        at java.util.concurrent.LinkedBlockingQueue.poll(LinkedBlockingQueue.java:467)&#10;        at org.apache.hadoop.ipc.CallQueueManager.take(CallQueueManager.java:317)&#10;        at org.apache.hadoop.ipc.Server$Handler.run(Server.java:2932)&#10;&quot;Datanode ReportManager Thread - 2&quot; daemon prio=5 tid=617 in Object.wait()&#10;java.lang.Thread.State: WAITING (on object monitor)&#10;        at sun.misc.Unsafe.park(Native Method)&#10;        at java.util.concurrent.locks.LockSupport.park(LockSupport.java:175)&#10;        at java.util.concurrent.locks.AbstractQueuedSynchronizer$ConditionObject.await(AbstractQueuedSynchronizer.java:2039)&#10;        at java.util.concurrent.ScheduledThreadPoolExecutor$DelayedWorkQueue.take(ScheduledThreadPoolExecutor.java:1088)&#10;        at java.util.concurrent.ScheduledThreadPoolExecutor$DelayedWorkQueue.take(ScheduledThreadPoolExecutor.java:809)&#10;        at java.util.concurrent.ThreadPoolExecutor.getTask(ThreadPoolExecutor.java:1074)&#10;        at java.util.concurrent.ThreadPoolExecutor.runWorker(ThreadPoolExecutor.java:1134)&#10;        at java.util.concurrent.ThreadPoolExecutor$Worker.run(ThreadPoolExecutor.java:624)&#10;        at java.lang.Thread.run(Thread.java:748)&#10;&quot;IPC Server handler 69 on default port 13033&quot; daemon prio=5 tid=2379 timed_waiting&#10;java.lang.Thread.State: TIMED_WAITING&#10;        at sun.misc.Unsafe.park(Native Method)&#10;        at java.util.concurrent.locks.LockSupport.parkNanos(LockSupport.java:215)&#10;        at java.util.concurrent.locks.AbstractQueuedSynchronizer$ConditionObject.awaitNanos(AbstractQueuedSynchronizer.java:2078)&#10;        at java.util.concurrent.LinkedBlockingQueue.poll(LinkedBlockingQueue.java:467)&#10;        at org.apache.hadoop.ipc.CallQueueManager.take(CallQueueManager.java:317)&#10;        at org.apache.hadoop.ipc.Server$Handler.run(Server.java:2932)&#10;&quot;qtp1613570136-2526&quot; daemon prio=5 tid=2526 timed_waiting&#10;java.lang.Thread.State: TIMED_WAITING&#10;        at sun.misc.Unsafe.park(Native Method)&#10;        at java.util.concurrent.locks.LockSupport.parkNanos(LockSupport.java:215)&#10;        at java.util.concurrent.locks.AbstractQueuedSynchronizer$ConditionObject.awaitNanos(AbstractQueuedSynchronizer.java:2078)&#10;        at org.eclipse.jetty.util.BlockingArrayQueue.poll(BlockingArrayQueue.java:382)&#10;        at org.eclipse.jetty.util.thread.QueuedThreadPool$Runner.idleJobPoll(QueuedThreadPool.java:974)&#10;        at org.eclipse.jetty.util.thread.QueuedThreadPool$Runner.run(QueuedThreadPool.java:1018)&#10;        at java.lang.Thread.run(Thread.java:748)&#10;&quot;EventQueue-ContainerReportForContainerReportHandler&quot; daemon prio=5 tid=2720 in Object.wait()&#10;java.lang.Thread.State: WAITING (on object monitor)&#10;        at sun.misc.Unsafe.park(Native Method)&#10;        at java.util.concurrent.locks.LockSupport.park(LockSupport.java:175)&#10;        at java.util.concurrent.locks.AbstractQueuedSynchronizer$ConditionObject.await(AbstractQueuedSynchronizer.java:2039)&#10;        at java.util.concurrent.LinkedBlockingQueue.take(LinkedBlockingQueue.java:442)&#10;        at java.util.concurrent.ThreadPoolExecutor.getTask(ThreadPoolExecutor.java:1074)&#10;        at java.util.concurrent.ThreadPoolExecutor.runWorker(ThreadPoolExecutor.java:1134)&#10;        at java.util.concurrent.ThreadPoolExecutor$Worker.run(ThreadPoolExecutor.java:624)&#10;        at java.lang.Thread.run(Thread.java:748)&#10;&quot;Datanode State Machine Task Thread - 1&quot;  prio=5 tid=2691 in Object.wait()&#10;java.lang.Thread.State: WAITING (on object monitor)&#10;        at sun.misc.Unsafe.park(Native Method)&#10;        at java.util.concurrent.locks.LockSupport.park(LockSupport.java:175)&#10;        at java.util.concurrent.locks.AbstractQueuedSynchronizer$ConditionObject.await(AbstractQueuedSynchronizer.java:2039)&#10;        at java.util.concurrent.LinkedBlockingQueue.take(LinkedBlockingQueue.java:442)&#10;        at java.util.concurrent.ThreadPoolExecutor.getTask(ThreadPoolExecutor.java:1074)&#10;        at java.util.concurrent.ThreadPoolExecutor.runWorker(ThreadPoolExecutor.java:1134)&#10;        at java.util.concurrent.ThreadPoolExecutor$Worker.run(ThreadPoolExecutor.java:624)&#10;        at java.lang.Thread.run(Thread.java:748)&#10;&quot;IPC Server handler 5 on default port 13035&quot; daemon prio=5 tid=2096 timed_waiting&#10;java.lang.Thread.State: TIMED_WAITING&#10;        at sun.misc.Unsafe.park(Native Method)&#10;        at java.util.concurrent.locks.LockSupport.parkNanos(LockSupport.java:215)&#10;        at java.util.concurrent.locks.AbstractQueuedSynchronizer$ConditionObject.awaitNanos(AbstractQueuedSynchronizer.java:2078)&#10;        at java.util.concurrent.LinkedBlockingQueue.poll(LinkedBlockingQueue.java:467)&#10;        at org.apache.hadoop.ipc.CallQueueManager.take(CallQueueManager.java:317)&#10;        at org.apache.hadoop.ipc.Server$Handler.run(Server.java:2932)&#10;&quot;IPC Server handler 13 on default port 11132&quot; daemon prio=5 tid=2589 timed_waiting&#10;java.lang.Thread.State: TIMED_WAITING&#10;        at sun.misc.Unsafe.park(Native Method)&#10;        at java.util.concurrent.locks.LockSupport.parkNanos(LockSupport.java:215)&#10;        at java.util.concurrent.locks.AbstractQueuedSynchronizer$ConditionObject.awaitNanos(AbstractQueuedSynchronizer.java:2078)&#10;        at java.util.concurrent.LinkedBlockingQueue.poll(LinkedBlockingQueue.java:467)&#10;        at org.apache.hadoop.ipc.CallQueueManager.take(CallQueueManager.java:317)&#10;        at org.apache.hadoop.ipc.Server$Handler.run(Server.java:2932)&#10;&quot;Session-HouseKeeper-4756a913-1&quot;  prio=5 tid=2612 timed_waiting&#10;java.lang.Thread.State: TIMED_WAITING&#10;        at sun.misc.Unsafe.park(Native Method)&#10;        at java.util.concurrent.locks.LockSupport.parkNanos(LockSupport.java:215)&#10;        at java.util.concurrent.locks.AbstractQueuedSynchronizer$ConditionObject.awaitNanos(AbstractQueuedSynchronizer.java:2078)&#10;        at java.util.concurrent.ScheduledThreadPoolExecutor$DelayedWorkQueue.take(ScheduledThreadPoolExecutor.java:1093)&#10;        at java.util.concurrent.ScheduledThreadPoolExecutor$DelayedWorkQueue.take(ScheduledThreadPoolExecutor.java:809)&#10;        at java.util.concurrent.ThreadPoolExecutor.getTask(ThreadPoolExecutor.java:1074)&#10;        at java.util.concurrent.ThreadPoolExecutor.runWorker(ThreadPoolExecutor.java:1134)&#10;        at java.util.concurrent.ThreadPoolExecutor$Worker.run(ThreadPoolExecutor.java:624)&#10;        at java.lang.Thread.run(Thread.java:748)&#10;&quot;qtp1667630446-2661&quot; daemon prio=5 tid=2661 timed_waiting&#10;java.lang.Thread.State: TIMED_WAITING&#10;        at sun.misc.Unsafe.park(Native Method)&#10;        at java.util.concurrent.locks.LockSupport.parkNanos(LockSupport.java:215)&#10;        at java.util.concurrent.locks.AbstractQueuedSynchronizer$ConditionObject.awaitNanos(AbstractQueuedSynchronizer.java:2078)&#10;        at org.eclipse.jetty.util.BlockingArrayQueue.poll(BlockingArrayQueue.java:382)&#10;        at org.eclipse.jetty.util.thread.QueuedThreadPool$Runner.idleJobPoll(QueuedThreadPool.java:974)&#10;        at org.eclipse.jetty.util.thread.QueuedThreadPool$Runner.run(QueuedThreadPool.java:1018)&#10;        at java.lang.Thread.run(Thread.java:748)&#10;&quot;IPC Server handler 88 on default port 13033&quot; daemon prio=5 tid=2398 timed_waiting&#10;java.lang.Thread.State: TIMED_WAITING&#10;        at sun.misc.Unsafe.park(Native Method)&#10;        at java.util.concurrent.locks.LockSupport.parkNanos(LockSupport.java:215)&#10;        at java.util.concurrent.locks.AbstractQueuedSynchronizer$ConditionObject.awaitNanos(AbstractQueuedSynchronizer.java:2078)&#10;        at java.util.concurrent.LinkedBlockingQueue.poll(LinkedBlockingQueue.java:467)&#10;        at org.apache.hadoop.ipc.CallQueueManager.take(CallQueueManager.java:317)&#10;        at org.apache.hadoop.ipc.Server$Handler.run(Server.java:2932)&#10;&quot;pool-499-thread-1&quot;  prio=5 tid=2756 in Object.wait()&#10;java.lang.Thread.State: WAITING (on object monitor)&#10;        at sun.misc.Unsafe.park(Native Method)&#10;        at java.util.concurrent.locks.LockSupport.park(LockSupport.java:175)&#10;        at java.util.concurrent.locks.AbstractQueuedSynchronizer$ConditionObject.await(AbstractQueuedSynchronizer.java:2039)&#10;        at java.util.concurrent.LinkedBlockingQueue.take(LinkedBlockingQueue.java:442)&#10;        at java.util.concurrent.ThreadPoolExecutor.getTask(ThreadPoolExecutor.java:1074)&#10;        at java.util.concurrent.ThreadPoolExecutor.runWorker(ThreadPoolExecutor.java:1134)&#10;        at java.util.concurrent.ThreadPoolExecutor$Worker.run(ThreadPoolExecutor.java:624)&#10;        at java.lang.Thread.run(Thread.java:748)&#10;&quot;qtp1667630446-2660&quot; daemon prio=5 tid=2660 timed_waiting&#10;java.lang.Thread.State: TIMED_WAITING&#10;        at sun.misc.Unsafe.park(Native Method)&#10;        at java.util.concurrent.locks.LockSupport.parkNanos(LockSupport.java:215)&#10;        at java.util.concurrent.locks.AbstractQueuedSynchronizer$ConditionObject.awaitNanos(AbstractQueuedSynchronizer.java:2078)&#10;        at org.eclipse.jetty.util.BlockingArrayQueue.poll(BlockingArrayQueue.java:382)&#10;        at org.eclipse.jetty.util.thread.QueuedThreadPool$Runner.idleJobPoll(QueuedThreadPool.java:974)&#10;        at org.eclipse.jetty.util.thread.QueuedThreadPool$Runner.run(QueuedThreadPool.java:1018)&#10;        at java.lang.Thread.run(Thread.java:748)&#10;&quot;IPC Server handler 1 on default port 11132&quot; daemon prio=5 tid=2577 timed_waiting&#10;java.lang.Thread.State: TIMED_WAITING&#10;        at sun.misc.Unsafe.park(Native Method)&#10;        at java.util.concurrent.locks.LockSupport.parkNanos(LockSupport.java:215)&#10;        at java.util.concurrent.locks.AbstractQueuedSynchronizer$ConditionObject.awaitNanos(AbstractQueuedSynchronizer.java:2078)&#10;        at java.util.concurrent.LinkedBlockingQueue.poll(LinkedBlockingQueue.java:467)&#10;        at org.apache.hadoop.ipc.CallQueueManager.take(CallQueueManager.java:317)&#10;        at org.apache.hadoop.ipc.Server$Handler.run(Server.java:2932)&#10;&quot;IPC Server handler 89 on default port 13034&quot; daemon prio=5 tid=2280 timed_waiting&#10;java.lang.Thread.State: TIMED_WAITING&#10;        at sun.misc.Unsafe.park(Native Method)&#10;        at java.util.concurrent.locks.LockSupport.parkNanos(LockSupport.java:215)&#10;        at java.util.concurrent.locks.AbstractQueuedSynchronizer$ConditionObject.awaitNanos(AbstractQueuedSynchronizer.java:2078)&#10;        at java.util.concurrent.LinkedBlockingQueue.poll(LinkedBlockingQueue.java:467)&#10;        at org.apache.hadoop.ipc.CallQueueManager.take(CallQueueManager.java:317)&#10;        at org.apache.hadoop.ipc.Server$Handler.run(Server.java:2932)&#10;&quot;junit-jupiter-timeout-watcher&quot;  prio=10 tid=793 timed_waiting&#10;java.lang.Thread.State: TIMED_WAITING&#10;        at sun.misc.Unsafe.park(Native Method)&#10;        at java.util.concurrent.locks.LockSupport.parkNanos(LockSupport.java:215)&#10;        at java.util.concurrent.locks.AbstractQueuedSynchronizer$ConditionObject.awaitNanos(AbstractQueuedSynchronizer.java:2078)&#10;        at java.util.concurrent.ScheduledThreadPoolExecutor$DelayedWorkQueue.take(ScheduledThreadPoolExecutor.java:1093)&#10;        at java.util.concurrent.ScheduledThreadPoolExecutor$DelayedWorkQueue.take(ScheduledThreadPoolExecutor.java:809)&#10;        at java.util.concurrent.ThreadPoolExecutor.getTask(ThreadPoolExecutor.java:1074)&#10;        at java.util.concurrent.ThreadPoolExecutor.runWorker(ThreadPoolExecutor.java:1134)&#10;        at java.util.concurrent.ThreadPoolExecutor$Worker.run(ThreadPoolExecutor.java:624)&#10;        at java.lang.Thread.run(Thread.java:748)&#10;&quot;Datanode ReportManager Thread - 4&quot; daemon prio=5 tid=567 timed_waiting&#10;java.lang.Thread.State: TIMED_WAITING&#10;        at sun.misc.Unsafe.park(Native Method)&#10;        at java.util.concurrent.locks.LockSupport.parkNanos(LockSupport.java:215)&#10;        at java.util.concurrent.locks.AbstractQueuedSynchronizer$ConditionObject.awaitNanos(AbstractQueuedSynchronizer.java:2078)&#10;        at java.util.concurrent.ScheduledThreadPoolExecutor$DelayedWorkQueue.take(ScheduledThreadPoolExecutor.java:1093)&#10;        at java.util.concurrent.ScheduledThreadPoolExecutor$DelayedWorkQueue.take(ScheduledThreadPoolExecutor.java:809)&#10;        at java.util.concurrent.ThreadPoolExecutor.getTask(ThreadPoolExecutor.java:1074)&#10;        at java.util.concurrent.ThreadPoolExecutor.runWorker(ThreadPoolExecutor.java:1134)&#10;        at java.util.concurrent.ThreadPoolExecutor$Worker.run(ThreadPoolExecutor.java:624)&#10;        at java.lang.Thread.run(Thread.java:748)&#10;&quot;SCM Heartbeat Processing Thread - 0&quot; daemon prio=5 tid=2070 timed_waiting&#10;java.lang.Thread.State: TIMED_WAITING&#10;        at sun.misc.Unsafe.park(Native Method)&#10;        at java.util.concurrent.locks.LockSupport.parkNanos(LockSupport.java:215)&#10;        at java.util.concurrent.locks.AbstractQueuedSynchronizer$ConditionObject.awaitNanos(AbstractQueuedSynchronizer.java:2078)&#10;        at java.util.concurrent.ScheduledThreadPoolExecutor$DelayedWorkQueue.take(ScheduledThreadPoolExecutor.java:1093)&#10;        at java.util.concurrent.ScheduledThreadPoolExecutor$DelayedWorkQueue.take(ScheduledThreadPoolExecutor.java:809)&#10;        at java.util.concurrent.ThreadPoolExecutor.getTask(ThreadPoolExecutor.java:1074)&#10;        at java.util.concurrent.ThreadPoolExecutor.runWorker(ThreadPoolExecutor.java:1134)&#10;        at java.util.concurrent.ThreadPoolExecutor$Worker.run(ThreadPoolExecutor.java:624)&#10;        at java.lang.Thread.run(Thread.java:748)&#10;&quot;IPC Server handler 41 on default port 13034&quot; daemon prio=5 tid=2232 timed_waiting&#10;java.lang.Thread.State: TIMED_WAITING&#10;        at sun.misc.Unsafe.park(Native Method)&#10;        at java.util.concurrent.locks.LockSupport.parkNanos(LockSupport.java:215)&#10;        at java.util.concurrent.locks.AbstractQueuedSynchronizer$ConditionObject.awaitNanos(AbstractQueuedSynchronizer.java:2078)&#10;        at java.util.concurrent.LinkedBlockingQueue.poll(LinkedBlockingQueue.java:467)&#10;        at org.apache.hadoop.ipc.CallQueueManager.take(CallQueueManager.java:317)&#10;        at org.apache.hadoop.ipc.Server$Handler.run(Server.java:2932)&#10;&quot;IPC Server handler 6 on default port 13034&quot; daemon prio=5 tid=2197 timed_waiting&#10;java.lang.Thread.State: TIMED_WAITING&#10;        at sun.misc.Unsafe.park(Native Method)&#10;        at java.util.concurrent.locks.LockSupport.parkNanos(LockSupport.java:215)&#10;        at java.util.concurrent.locks.AbstractQueuedSynchronizer$ConditionObject.awaitNanos(AbstractQueuedSynchronizer.java:2078)&#10;        at java.util.concurrent.LinkedBlockingQueue.poll(LinkedBlockingQueue.java:467)&#10;        at org.apache.hadoop.ipc.CallQueueManager.take(CallQueueManager.java:317)&#10;        at org.apache.hadoop.ipc.Server$Handler.run(Server.java:2932)&#10;&quot;IPC Server handler 69 on default port 13035&quot; daemon prio=5 tid=2160 timed_waiting&#10;java.lang.Thread.State: TIMED_WAITING&#10;        at sun.misc.Unsafe.park(Native Method)&#10;        at java.util.concurrent.locks.LockSupport.parkNanos(LockSupport.java:215)&#10;        at java.util.concurrent.locks.AbstractQueuedSynchronizer$ConditionObject.awaitNanos(AbstractQueuedSynchronizer.java:2078)&#10;        at java.util.concurrent.LinkedBlockingQueue.poll(LinkedBlockingQueue.java:467)&#10;        at org.apache.hadoop.ipc.CallQueueManager.take(CallQueueManager.java:317)&#10;        at org.apache.hadoop.ipc.Server$Handler.run(Server.java:2932)&#10;&quot;IPC Server handler 55 on default port 13033&quot; daemon prio=5 tid=2365 timed_waiting&#10;java.lang.Thread.State: TIMED_WAITING&#10;        at sun.misc.Unsafe.park(Native Method)&#10;        at java.util.concurrent.locks.LockSupport.parkNanos(LockSupport.java:215)&#10;        at java.util.concurrent.locks.AbstractQueuedSynchronizer$ConditionObject.awaitNanos(AbstractQueuedSynchronizer.java:2078)&#10;        at java.util.concurrent.LinkedBlockingQueue.poll(LinkedBlockingQueue.java:467)&#10;        at org.apache.hadoop.ipc.CallQueueManager.take(CallQueueManager.java:317)&#10;        at org.apache.hadoop.ipc.Server$Handler.run(Server.java:2932)&#10;&quot;qtp1029395488-2298&quot; daemon prio=5 tid=2298 timed_waiting&#10;java.lang.Thread.State: TIMED_WAITING&#10;        at sun.misc.Unsafe.park(Native Method)&#10;        at java.util.concurrent.locks.LockSupport.parkNanos(LockSupport.java:215)&#10;        at java.util.concurrent.locks.AbstractQueuedSynchronizer$ConditionObject.awaitNanos(AbstractQueuedSynchronizer.java:2078)&#10;        at org.eclipse.jetty.util.BlockingArrayQueue.poll(BlockingArrayQueue.java:382)&#10;        at org.eclipse.jetty.util.thread.QueuedThreadPool$Runner.idleJobPoll(QueuedThreadPool.java:974)&#10;        at org.eclipse.jetty.util.thread.QueuedThreadPool$Runner.run(QueuedThreadPool.java:1018)&#10;        at java.lang.Thread.run(Thread.java:748)&#10;&quot;surefire-forkedjvm-ping-30s&quot; daemon prio=5 tid=10 timed_waiting&#10;java.lang.Thread.State: TIMED_WAITING&#10;        at sun.misc.Unsafe.park(Native Method)&#10;        at java.util.concurrent.locks.LockSupport.parkNanos(LockSupport.java:215)&#10;        at java.util.concurrent.locks.AbstractQueuedSynchronizer$ConditionObject.awaitNanos(AbstractQueuedSynchronizer.java:2078)&#10;        at java.util.concurrent.ScheduledThreadPoolExecutor$DelayedWorkQueue.take(ScheduledThreadPoolExecutor.java:1093)&#10;        at java.util.concurrent.ScheduledThreadPoolExecutor$DelayedWorkQueue.take(ScheduledThreadPoolExecutor.java:809)&#10;        at java.util.concurrent.ThreadPoolExecutor.getTask(ThreadPoolExecutor.java:1074)&#10;        at java.util.concurrent.ThreadPoolExecutor.runWorker(ThreadPoolExecutor.java:1134)&#10;        at java.util.concurrent.ThreadPoolExecutor$Worker.run(ThreadPoolExecutor.java:624)&#10;        at java.lang.Thread.run(Thread.java:748)&#10;&quot;omNode-1@group-523986131536-StateMachineUpdater&quot; daemon prio=5 tid=2560 in Object.wait()&#10;java.lang.Thread.State: WAITING (on object monitor)&#10;        at java.lang.Object.wait(Native Method)&#10;        at java.lang.Object.wait(Object.java:502)&#10;        at org.apache.ratis.server.impl.StateMachineUpdater.waitForCommit(StateMachineUpdater.java:204)&#10;        at org.apache.ratis.server.impl.StateMachineUpdater.run(StateMachineUpdater.java:173)&#10;        at java.lang.Thread.run(Thread.java:748)&#10;&quot;ChunkWriter-2-0&quot; daemon prio=5 tid=2713 in Object.wait()&#10;java.lang.Thread.State: WAITING (on object monitor)&#10;        at sun.misc.Unsafe.park(Native Method)&#10;        at java.util.concurrent.locks.LockSupport.park(LockSupport.java:175)&#10;        at java.util.concurrent.locks.AbstractQueuedSynchronizer$ConditionObject.await(AbstractQueuedSynchronizer.java:2039)&#10;        at java.util.concurrent.LinkedBlockingDeque.takeFirst(LinkedBlockingDeque.java:492)&#10;        at java.util.concurrent.LinkedBlockingDeque.take(LinkedBlockingDeque.java:680)&#10;        at java.util.concurrent.ThreadPoolExecutor.getTask(ThreadPoolExecutor.java:1074)&#10;        at java.util.concurrent.ThreadPoolExecutor.runWorker(ThreadPoolExecutor.java:1134)&#10;        at java.util.concurrent.ThreadPoolExecutor$Worker.run(ThreadPoolExecutor.java:624)&#10;        at java.lang.Thread.run(Thread.java:748)&#10;&quot;IPC Server handler 92 on default port 13034&quot; daemon prio=5 tid=2283 timed_waiting&#10;java.lang.Thread.State: TIMED_WAITING&#10;        at sun.misc.Unsafe.park(Native Method)&#10;        at java.util.concurrent.locks.LockSupport.parkNanos(LockSupport.java:215)&#10;        at java.util.concurrent.locks.AbstractQueuedSynchronizer$ConditionObject.awaitNanos(AbstractQueuedSynchronizer.java:2078)&#10;        at java.util.concurrent.LinkedBlockingQueue.poll(LinkedBlockingQueue.java:467)&#10;        at org.apache.hadoop.ipc.CallQueueManager.take(CallQueueManager.java:317)&#10;        at org.apache.hadoop.ipc.Server$Handler.run(Server.java:2932)&#10;&quot;Datanode ReportManager Thread - 1&quot; daemon prio=5 tid=1742 in Object.wait()&#10;java.lang.Thread.State: WAITING (on object monitor)&#10;        at sun.misc.Unsafe.park(Native Method)&#10;        at java.util.concurrent.locks.LockSupport.park(LockSupport.java:175)&#10;        at java.util.concurrent.locks.AbstractQueuedSynchronizer$ConditionObject.await(AbstractQueuedSynchronizer.java:2039)&#10;        at java.util.concurrent.ScheduledThreadPoolExecutor$DelayedWorkQueue.take(ScheduledThreadPoolExecutor.java:1088)&#10;        at java.util.concurrent.ScheduledThreadPoolExecutor$DelayedWorkQueue.take(ScheduledThreadPoolExecutor.java:809)&#10;        at java.util.concurrent.ThreadPoolExecutor.getTask(ThreadPoolExecutor.java:1074)&#10;        at java.util.concurrent.ThreadPoolExecutor.runWorker(ThreadPoolExecutor.java:1134)&#10;        at java.util.concurrent.ThreadPoolExecutor$Worker.run(ThreadPoolExecutor.java:624)&#10;        at java.lang.Thread.run(Thread.java:748)&#10;&quot;IPC Server handler 40 on default port 13035&quot; daemon prio=5 tid=2131 timed_waiting&#10;java.lang.Thread.State: TIMED_WAITING&#10;        at sun.misc.Unsafe.park(Native Method)&#10;        at java.util.concurrent.locks.LockSupport.parkNanos(LockSupport.java:215)&#10;        at java.util.concurrent.locks.AbstractQueuedSynchronizer$ConditionObject.awaitNanos(AbstractQueuedSynchronizer.java:2078)&#10;        at java.util.concurrent.LinkedBlockingQueue.poll(LinkedBlockingQueue.java:467)&#10;        at org.apache.hadoop.ipc.CallQueueManager.take(CallQueueManager.java:317)&#10;        at org.apache.hadoop.ipc.Server$Handler.run(Server.java:2932)&#10;&quot;IPC Server handler 95 on default port 13033&quot; daemon prio=5 tid=2405 timed_waiting&#10;java.lang.Thread.State: TIMED_WAITING&#10;        at sun.misc.Unsafe.park(Native Method)&#10;        at java.util.concurrent.locks.LockSupport.parkNanos(LockSupport.java:215)&#10;        at java.util.concurrent.locks.AbstractQueuedSynchronizer$ConditionObject.awaitNanos(AbstractQueuedSynchronizer.java:2078)&#10;        at java.util.concurrent.LinkedBlockingQueue.poll(LinkedBlockingQueue.java:467)&#10;        at org.apache.hadoop.ipc.CallQueueManager.take(CallQueueManager.java:317)&#10;        at org.apache.hadoop.ipc.Server$Handler.run(Server.java:2932)&#10;&quot;IPC Server handler 61 on default port 13033&quot; daemon prio=5 tid=2371 timed_waiting&#10;java.lang.Thread.State: TIMED_WAITING&#10;        at sun.misc.Unsafe.park(Native Method)&#10;        at java.util.concurrent.locks.LockSupport.parkNanos(LockSupport.java:215)&#10;        at java.util.concurrent.locks.AbstractQueuedSynchronizer$ConditionObject.awaitNanos(AbstractQueuedSynchronizer.java:2078)&#10;        at java.util.concurrent.LinkedBlockingQueue.poll(LinkedBlockingQueue.java:467)&#10;        at org.apache.hadoop.ipc.CallQueueManager.take(CallQueueManager.java:317)&#10;        at org.apache.hadoop.ipc.Server$Handler.run(Server.java:2932)&#10;&quot;f925c0d7-10bd-441b-a371-a3422131d7f8@group-390751046F7B-SegmentedRaftLogWorker&quot;  prio=5 tid=2531 timed_waiting&#10;java.lang.Thread.State: TIMED_WAITING&#10;        at sun.misc.Unsafe.park(Native Method)&#10;        at java.util.concurrent.locks.LockSupport.parkNanos(LockSupport.java:215)&#10;        at java.util.concurrent.locks.AbstractQueuedSynchronizer$ConditionObject.awaitNanos(AbstractQueuedSynchronizer.java:2078)&#10;        at org.apache.ratis.util.DataBlockingQueue.poll(DataBlockingQueue.java:137)&#10;        at org.apache.ratis.server.raftlog.segmented.SegmentedRaftLogWorker.run(SegmentedRaftLogWorker.java:292)&#10;        at org.apache.ratis.server.raftlog.segmented.SegmentedRaftLogWorker$$Lambda$435/2075927136.run(Unknown Source)&#10;        at java.lang.Thread.run(Thread.java:748)&#10;&quot;qtp1813996673-2610&quot; daemon prio=5 tid=2610 timed_waiting&#10;java.lang.Thread.State: TIMED_WAITING&#10;        at sun.misc.Unsafe.park(Native Method)&#10;        at java.util.concurrent.locks.LockSupport.parkNanos(LockSupport.java:215)&#10;        at java.util.concurrent.locks.AbstractQueuedSynchronizer$ConditionObject.awaitNanos(AbstractQueuedSynchronizer.java:2078)&#10;        at org.eclipse.jetty.util.BlockingArrayQueue.poll(BlockingArrayQueue.java:382)&#10;        at org.eclipse.jetty.util.thread.QueuedThreadPool$Runner.idleJobPoll(QueuedThreadPool.java:974)&#10;        at org.eclipse.jetty.util.thread.QueuedThreadPool$Runner.run(QueuedThreadPool.java:1018)&#10;        at java.lang.Thread.run(Thread.java:748)&#10;&quot;qtp1029395488-2300&quot; daemon prio=5 tid=2300 timed_waiting&#10;java.lang.Thread.State: TIMED_WAITING&#10;        at sun.misc.Unsafe.park(Native Method)&#10;        at java.util.concurrent.locks.LockSupport.parkNanos(LockSupport.java:215)&#10;        at java.util.concurrent.locks.AbstractQueuedSynchronizer$ConditionObject.awaitNanos(AbstractQueuedSynchronizer.java:2078)&#10;        at org.eclipse.jetty.util.BlockingArrayQueue.poll(BlockingArrayQueue.java:382)&#10;        at org.eclipse.jetty.util.thread.QueuedThreadPool$Runner.idleJobPoll(QueuedThreadPool.java:974)&#10;        at org.eclipse.jetty.util.thread.QueuedThreadPool$Runner.run(QueuedThreadPool.java:1018)&#10;        at java.lang.Thread.run(Thread.java:748)&#10;&quot;IPC Server listener on 13044&quot; daemon prio=5 tid=2428 runnable&#10;java.lang.Thread.State: RUNNABLE&#10;        at sun.nio.ch.EPollArrayWrapper.epollWait(Native Method)&#10;        at sun.nio.ch.EPollArrayWrapper.poll(EPollArrayWrapper.java:269)&#10;        at sun.nio.ch.EPollSelectorImpl.doSelect(EPollSelectorImpl.java:93)&#10;        at sun.nio.ch.SelectorImpl.lockAndDoSelect(SelectorImpl.java:86)&#10;        at sun.nio.ch.SelectorImpl.select(SelectorImpl.java:97)&#10;        at sun.nio.ch.SelectorImpl.select(SelectorImpl.java:101)&#10;        at org.apache.hadoop.ipc.Server$Listener.run(Server.java:1350)&#10;&quot;Datanode ReportManager Thread - 4&quot; daemon prio=5 tid=2671 in Object.wait()&#10;java.lang.Thread.State: WAITING (on object monitor)&#10;        at sun.misc.Unsafe.park(Native Method)&#10;        at java.util.concurrent.locks.LockSupport.park(LockSupport.java:175)&#10;        at java.util.concurrent.locks.AbstractQueuedSynchronizer$ConditionObject.await(AbstractQueuedSynchronizer.java:2039)&#10;        at java.util.concurrent.ScheduledThreadPoolExecutor$DelayedWorkQueue.take(ScheduledThreadPoolExecutor.java:1088)&#10;        at java.util.concurrent.ScheduledThreadPoolExecutor$DelayedWorkQueue.take(ScheduledThreadPoolExecutor.java:809)&#10;        at java.util.concurrent.ThreadPoolExecutor.getTask(ThreadPoolExecutor.java:1074)&#10;        at java.util.concurrent.ThreadPoolExecutor.runWorker(ThreadPoolExecutor.java:1134)&#10;        at java.util.concurrent.ThreadPoolExecutor$Worker.run(ThreadPoolExecutor.java:624)&#10;        at java.lang.Thread.run(Thread.java:748)&#10;&quot;qtp1999374326-2568-acceptor-0@714c284b-ServerConnector@245ece8d{HTTP/1.1, (http/1.1)}{0.0.0.0:11134}&quot; daemon prio=3 tid=2568 runnable&#10;java.lang.Thread.State: RUNNABLE&#10;        at sun.nio.ch.ServerSocketChannelImpl.accept0(Native Method)&#10;        at sun.nio.ch.ServerSocketChannelImpl.accept(ServerSocketChannelImpl.java:421)&#10;        at sun.nio.ch.ServerSocketChannelImpl.accept(ServerSocketChannelImpl.java:249)&#10;        at org.eclipse.jetty.server.ServerConnector.accept(ServerConnector.java:388)&#10;        at org.eclipse.jetty.server.AbstractConnector$Acceptor.run(AbstractConnector.java:702)&#10;        at org.eclipse.jetty.util.thread.QueuedThreadPool.runJob(QueuedThreadPool.java:883)&#10;        at org.eclipse.jetty.util.thread.QueuedThreadPool$Runner.run(QueuedThreadPool.java:1034)&#10;        at java.lang.Thread.run(Thread.java:748)&#10;&quot;pool-525-thread-1&quot;  prio=5 tid=2656 timed_waiting&#10;java.lang.Thread.State: TIMED_WAITING&#10;        at sun.misc.Unsafe.park(Native Method)&#10;        at java.util.concurrent.locks.LockSupport.parkNanos(LockSupport.java:215)&#10;        at java.util.concurrent.locks.AbstractQueuedSynchronizer$ConditionObject.awaitNanos(AbstractQueuedSynchronizer.java:2078)&#10;        at java.util.concurrent.ScheduledThreadPoolExecutor$DelayedWorkQueue.take(ScheduledThreadPoolExecutor.java:1093)&#10;        at java.util.concurrent.ScheduledThreadPoolExecutor$DelayedWorkQueue.take(ScheduledThreadPoolExecutor.java:809)&#10;        at java.util.concurrent.ThreadPoolExecutor.getTask(ThreadPoolExecutor.java:1074)&#10;        at java.util.concurrent.ThreadPoolExecutor.runWorker(ThreadPoolExecutor.java:1134)&#10;        at java.util.concurrent.ThreadPoolExecutor$Worker.run(ThreadPoolExecutor.java:624)&#10;        at java.lang.Thread.run(Thread.java:748)&#10;&quot;pool-513-thread-1&quot; daemon prio=5 tid=2653 timed_waiting&#10;java.lang.Thread.State: TIMED_WAITING&#10;        at sun.misc.Unsafe.park(Native Method)&#10;        at java.util.concurrent.locks.LockSupport.parkNanos(LockSupport.java:215)&#10;        at java.util.concurrent.locks.AbstractQueuedSynchronizer$ConditionObject.awaitNanos(AbstractQueuedSynchronizer.java:2078)&#10;        at java.util.concurrent.ScheduledThreadPoolExecutor$DelayedWorkQueue.take(ScheduledThreadPoolExecutor.java:1093)&#10;        at java.util.concurrent.ScheduledThreadPoolExecutor$DelayedWorkQueue.take(ScheduledThreadPoolExecutor.java:809)&#10;        at java.util.concurrent.ThreadPoolExecutor.getTask(ThreadPoolExecutor.java:1074)&#10;        at java.util.concurrent.ThreadPoolExecutor.runWorker(ThreadPoolExecutor.java:1134)&#10;        at java.util.concurrent.ThreadPoolExecutor$Worker.run(ThreadPoolExecutor.java:624)&#10;        at java.lang.Thread.run(Thread.java:748)&#10;&quot;IPC Server handler 92 on default port 13035&quot; daemon prio=5 tid=2183 timed_waiting&#10;java.lang.Thread.State: TIMED_WAITING&#10;        at sun.misc.Unsafe.park(Native Method)&#10;        at java.util.concurrent.locks.LockSupport.parkNanos(LockSupport.java:215)&#10;        at java.util.concurrent.locks.AbstractQueuedSynchronizer$ConditionObject.awaitNanos(AbstractQueuedSynchronizer.java:2078)&#10;        at java.util.concurrent.LinkedBlockingQueue.poll(LinkedBlockingQueue.java:467)&#10;        at org.apache.hadoop.ipc.CallQueueManager.take(CallQueueManager.java:317)&#10;        at org.apache.hadoop.ipc.Server$Handler.run(Server.java:2932)&#10;&quot;7e7f778f-92a3-4c6a-870c-2544e6325884@group-A37BCEEDED0F-StateMachineUpdater&quot; daemon prio=5 tid=2762 in Object.wait()&#10;java.lang.Thread.State: WAITING (on object monitor)&#10;        at java.lang.Object.wait(Native Method)&#10;        at java.lang.Object.wait(Object.java:502)&#10;        at org.apache.ratis.server.impl.StateMachineUpdater.waitForCommit(StateMachineUpdater.java:204)&#10;        at org.apache.ratis.server.impl.StateMachineUpdater.run(StateMachineUpdater.java:173)&#10;        at java.lang.Thread.run(Thread.java:748)&#10;&quot;IPC Server handler 53 on default port 13034&quot; daemon prio=5 tid=2244 timed_waiting&#10;java.lang.Thread.State: TIMED_WAITING&#10;        at sun.misc.Unsafe.park(Native Method)&#10;        at java.util.concurrent.locks.LockSupport.parkNanos(LockSupport.java:215)&#10;        at java.util.concurrent.locks.AbstractQueuedSynchronizer$ConditionObject.awaitNanos(AbstractQueuedSynchronizer.java:2078)&#10;        at java.util.concurrent.LinkedBlockingQueue.poll(LinkedBlockingQueue.java:467)&#10;        at org.apache.hadoop.ipc.CallQueueManager.take(CallQueueManager.java:317)&#10;        at org.apache.hadoop.ipc.Server$Handler.run(Server.java:2932)&#10;&quot;IPC Server handler 1 on default port 13034&quot; daemon prio=5 tid=2192 timed_waiting&#10;java.lang.Thread.State: TIMED_WAITING&#10;        at sun.misc.Unsafe.park(Native Method)&#10;        at java.util.concurrent.locks.LockSupport.parkNanos(LockSupport.java:215)&#10;        at java.util.concurrent.locks.AbstractQueuedSynchronizer$ConditionObject.awaitNanos(AbstractQueuedSynchronizer.java:2078)&#10;        at java.util.concurrent.LinkedBlockingQueue.poll(LinkedBlockingQueue.java:467)&#10;        at org.apache.hadoop.ipc.CallQueueManager.take(CallQueueManager.java:317)&#10;        at org.apache.hadoop.ipc.Server$Handler.run(Server.java:2932)&#10;&quot;IPC Client (685606790) connection to localhost/127.0.0.1:13053 from runner&quot; daemon prio=5 tid=3117 runnable&#10;java.lang.Thread.State: RUNNABLE&#10;        at sun.nio.ch.EPollArrayWrapper.epollWait(Native Method)&#10;        at sun.nio.ch.EPollArrayWrapper.poll(EPollArrayWrapper.java:269)&#10;        at sun.nio.ch.EPollSelectorImpl.doSelect(EPollSelectorImpl.java:93)&#10;        at sun.nio.ch.SelectorImpl.lockAndDoSelect(SelectorImpl.java:86)&#10;        at sun.nio.ch.SelectorImpl.select(SelectorImpl.java:97)&#10;        at org.apache.hadoop.net.SocketIOWithTimeout$SelectorPool.select(SocketIOWithTimeout.java:336)&#10;        at org.apache.hadoop.net.SocketIOWithTimeout.doIO(SocketIOWithTimeout.java:157)&#10;        at org.apache.hadoop.net.SocketInputStream.read(SocketInputStream.java:161)&#10;        at org.apache.hadoop.net.SocketInputStream.read(SocketInputStream.java:131)&#10;        at java.io.FilterInputStream.read(FilterInputStream.java:133)&#10;        at java.io.BufferedInputStream.fill(BufferedInputStream.java:246)&#10;        at java.io.BufferedInputStream.read(BufferedInputStream.java:265)&#10;        at java.io.FilterInputStream.read(FilterInputStream.java:83)&#10;        at java.io.FilterInputStream.read(FilterInputStream.java:83)&#10;        at org.apache.hadoop.ipc.Client$Connection$PingInputStream.read(Client.java:563)&#10;        at java.io.DataInputStream.readInt(DataInputStream.java:387)&#10;        at org.apache.hadoop.ipc.Client$IpcStreams.readResponse(Client.java:1892)&#10;        at org.apache.hadoop.ipc.Client$Connection.receiveRpcResponse(Client.java:1202)&#10;        at org.apache.hadoop.ipc.Client$Connection.run(Client.java:1098)&#10;&quot;BlockDeletingService#0&quot; daemon prio=5 tid=2689 in Object.wait()&#10;java.lang.Thread.State: WAITING (on object monitor)&#10;        at sun.misc.Unsafe.park(Native Method)&#10;        at java.util.concurrent.locks.LockSupport.park(LockSupport.java:175)&#10;        at java.util.concurrent.locks.AbstractQueuedSynchronizer$ConditionObject.await(AbstractQueuedSynchronizer.java:2039)&#10;        at java.util.concurrent.ScheduledThreadPoolExecutor$DelayedWorkQueue.take(ScheduledThreadPoolExecutor.java:1088)&#10;        at java.util.concurrent.ScheduledThreadPoolExecutor$DelayedWorkQueue.take(ScheduledThreadPoolExecutor.java:809)&#10;        at java.util.concurrent.ThreadPoolExecutor.getTask(ThreadPoolExecutor.java:1074)&#10;        at java.util.concurrent.ThreadPoolExecutor.runWorker(ThreadPoolExecutor.java:1134)&#10;        at java.util.concurrent.ThreadPoolExecutor$Worker.run(ThreadPoolExecutor.java:624)&#10;        at java.lang.Thread.run(Thread.java:748)&#10;&quot;Socket Reader #1 for port 13044&quot;  prio=5 tid=2429 runnable&#10;java.lang.Thread.State: RUNNABLE&#10;        at sun.nio.ch.EPollArrayWrapper.epollWait(Native Method)&#10;        at sun.nio.ch.EPollArrayWrapper.poll(EPollArrayWrapper.java:269)&#10;        at sun.nio.ch.EPollSelectorImpl.doSelect(EPollSelectorImpl.java:93)&#10;        at sun.nio.ch.SelectorImpl.lockAndDoSelect(SelectorImpl.java:86)&#10;        at sun.nio.ch.SelectorImpl.select(SelectorImpl.java:97)&#10;        at sun.nio.ch.SelectorImpl.select(SelectorImpl.java:101)&#10;        at org.apache.hadoop.ipc.Server$Listener$Reader.doRunLoop(Server.java:1288)&#10;        at org.apache.hadoop.ipc.Server$Listener$Reader.run(Server.java:1267)&#10;&quot;org.apache.ratis.util.JvmPauseMonitor$$Lambda$499/17331878@70ac80bd&quot; daemon prio=5 tid=2715 timed_waiting&#10;java.lang.Thread.State: TIMED_WAITING&#10;        at java.lang.Thread.sleep(Native Method)&#10;        at java.lang.Thread.sleep(Thread.java:340)&#10;        at java.util.concurrent.TimeUnit.sleep(TimeUnit.java:386)&#10;        at org.apache.ratis.util.TimeDuration.sleep(TimeDuration.java:324)&#10;        at org.apache.ratis.util.TimeDuration.sleep(TimeDuration.java:309)&#10;        at org.apache.ratis.util.JvmPauseMonitor.detectPause(JvmPauseMonitor.java:117)&#10;        at org.apache.ratis.util.JvmPauseMonitor.run(JvmPauseMonitor.java:106)&#10;        at org.apache.ratis.util.JvmPauseMonitor$$Lambda$499/17331878.run(Unknown Source)&#10;        at java.lang.Thread.run(Thread.java:748)&#10;&quot;qtp1813996673-2611&quot; daemon prio=5 tid=2611 timed_waiting&#10;java.lang.Thread.State: TIMED_WAITING&#10;        at sun.misc.Unsafe.park(Native Method)&#10;        at java.util.concurrent.locks.LockSupport.parkNanos(LockSupport.java:215)&#10;        at java.util.concurrent.locks.AbstractQueuedSynchronizer$ConditionObject.awaitNanos(AbstractQueuedSynchronizer.java:2078)&#10;        at org.eclipse.jetty.util.BlockingArrayQueue.poll(BlockingArrayQueue.java:382)&#10;        at org.eclipse.jetty.util.thread.QueuedThreadPool$Runner.idleJobPoll(QueuedThreadPool.java:974)&#10;        at org.eclipse.jetty.util.thread.QueuedThreadPool$Runner.run(QueuedThreadPool.java:1018)&#10;        at java.lang.Thread.run(Thread.java:748)&#10;&quot;Datanode State Machine Task Thread - 2&quot;  prio=5 tid=2676 in Object.wait()&#10;java.lang.Thread.State: WAITING (on object monitor)&#10;        at sun.misc.Unsafe.park(Native Method)&#10;        at java.util.concurrent.locks.LockSupport.park(LockSupport.java:175)&#10;        at java.util.concurrent.locks.AbstractQueuedSynchronizer$ConditionObject.await(AbstractQueuedSynchronizer.java:2039)&#10;        at java.util.concurrent.LinkedBlockingQueue.take(LinkedBlockingQueue.java:442)&#10;        at java.util.concurrent.ThreadPoolExecutor.getTask(ThreadPoolExecutor.java:1074)&#10;        at java.util.concurrent.ThreadPoolExecutor.runWorker(ThreadPoolExecutor.java:1134)&#10;        at java.util.concurrent.ThreadPoolExecutor$Worker.run(ThreadPoolExecutor.java:624)&#10;        at java.lang.Thread.run(Thread.java:748)&#10;&quot;IPC Server handler 35 on default port 13034&quot; daemon prio=5 tid=2226 timed_waiting&#10;java.lang.Thread.State: TIMED_WAITING&#10;        at sun.misc.Unsafe.park(Native Method)&#10;        at java.util.concurrent.locks.LockSupport.parkNanos(LockSupport.java:215)&#10;        at java.util.concurrent.locks.AbstractQueuedSynchronizer$ConditionObject.awaitNanos(AbstractQueuedSynchronizer.java:2078)&#10;        at java.util.concurrent.LinkedBlockingQueue.poll(LinkedBlockingQueue.java:467)&#10;        at org.apache.hadoop.ipc.CallQueueManager.take(CallQueueManager.java:317)&#10;        at org.apache.hadoop.ipc.Server$Handler.run(Server.java:2932)&#10;&quot;EventQueue-NodeRegistrationContainerReportForContainerSafeModeRule&quot; daemon prio=5 tid=2721 in Object.wait()&#10;java.lang.Thread.State: WAITING (on object monitor)&#10;        at sun.misc.Unsafe.park(Native Method)&#10;        at java.util.concurrent.locks.LockSupport.park(LockSupport.java:175)&#10;        at java.util.concurrent.locks.AbstractQueuedSynchronizer$ConditionObject.await(AbstractQueuedSynchronizer.java:2039)&#10;        at java.util.concurrent.LinkedBlockingQueue.take(LinkedBlockingQueue.java:442)&#10;        at java.util.concurrent.ThreadPoolExecutor.getTask(ThreadPoolExecutor.java:1074)&#10;        at java.util.concurrent.ThreadPoolExecutor.runWorker(ThreadPoolExecutor.java:1134)&#10;        at java.util.concurrent.ThreadPoolExecutor$Worker.run(ThreadPoolExecutor.java:624)&#10;        at java.lang.Thread.run(Thread.java:748)&#10;&quot;IPC Server handler 46 on default port 13035&quot; daemon prio=5 tid=2137 timed_waiting&#10;java.lang.Thread.State: TIMED_WAITING&#10;        at sun.misc.Unsafe.park(Native Method)&#10;        at java.util.concurrent.locks.LockSupport.parkNanos(LockSupport.java:215)&#10;        at java.util.concurrent.locks.AbstractQueuedSynchronizer$ConditionObject.awaitNanos(AbstractQueuedSynchronizer.java:2078)&#10;        at java.util.concurrent.LinkedBlockingQueue.poll(LinkedBlockingQueue.java:467)&#10;        at org.apache.hadoop.ipc.CallQueueManager.take(CallQueueManager.java:317)&#10;        at org.apache.hadoop.ipc.Server$Handler.run(Server.java:2932)&#10;&quot;ReplicationMonitor&quot; daemon prio=5 tid=2072 timed_waiting&#10;java.lang.Thread.State: TIMED_WAITING&#10;        at java.lang.Object.wait(Native Method)&#10;        at org.apache.hadoop.hdds.scm.container.ReplicationManager.run(ReplicationManager.java:384)&#10;        at org.apache.hadoop.hdds.scm.container.ReplicationManager$$Lambda$645/1827573818.run(Unknown Source)&#10;        at java.lang.Thread.run(Thread.java:748)&#10;&quot;IPC Server handler 20 on default port 13033&quot; daemon prio=5 tid=2330 timed_waiting&#10;java.lang.Thread.State: TIMED_WAITING&#10;        at sun.misc.Unsafe.park(Native Method)&#10;        at java.util.concurrent.locks.LockSupport.parkNanos(LockSupport.java:215)&#10;        at java.util.concurrent.locks.AbstractQueuedSynchronizer$ConditionObject.awaitNanos(AbstractQueuedSynchronizer.java:2078)&#10;        at java.util.concurrent.LinkedBlockingQueue.poll(LinkedBlockingQueue.java:467)&#10;        at org.apache.hadoop.ipc.CallQueueManager.take(CallQueueManager.java:317)&#10;        at org.apache.hadoop.ipc.Server$Handler.run(Server.java:2932)&#10;&quot;IPC Server handler 68 on default port 13033&quot; daemon prio=5 tid=2378 timed_waiting&#10;java.lang.Thread.State: TIMED_WAITING&#10;        at sun.misc.Unsafe.park(Native Method)&#10;        at java.util.concurrent.locks.LockSupport.parkNanos(LockSupport.java:215)&#10;        at java.util.concurrent.locks.AbstractQueuedSynchronizer$ConditionObject.awaitNanos(AbstractQueuedSynchronizer.java:2078)&#10;        at java.util.concurrent.LinkedBlockingQueue.poll(LinkedBlockingQueue.java:467)&#10;        at org.apache.hadoop.ipc.CallQueueManager.take(CallQueueManager.java:317)&#10;        at org.apache.hadoop.ipc.Server$Handler.run(Server.java:2932)&#10;&quot;qtp1813996673-2609&quot; daemon prio=5 tid=2609 timed_waiting&#10;java.lang.Thread.State: TIMED_WAITING&#10;        at sun.misc.Unsafe.park(Native Method)&#10;        at java.util.concurrent.locks.LockSupport.parkNanos(LockSupport.java:215)&#10;        at java.util.concurrent.locks.AbstractQueuedSynchronizer$ConditionObject.awaitNanos(AbstractQueuedSynchronizer.java:2078)&#10;        at org.eclipse.jetty.util.BlockingArrayQueue.poll(BlockingArrayQueue.java:382)&#10;        at org.eclipse.jetty.util.thread.QueuedThreadPool$Runner.idleJobPoll(QueuedThreadPool.java:974)&#10;        at org.eclipse.jetty.util.thread.QueuedThreadPool$Runner.run(QueuedThreadPool.java:1018)&#10;        at java.lang.Thread.run(Thread.java:748)&#10;&quot;IPC Server handler 71 on default port 13034&quot; daemon prio=5 tid=2262 timed_waiting&#10;java.lang.Thread.State: TIMED_WAITING&#10;        at sun.misc.Unsafe.park(Native Method)&#10;        at java.util.concurrent.locks.LockSupport.parkNanos(LockSupport.java:215)&#10;        at java.util.concurrent.locks.AbstractQueuedSynchronizer$ConditionObject.awaitNanos(AbstractQueuedSynchronizer.java:2078)&#10;        at java.util.concurrent.LinkedBlockingQueue.poll(LinkedBlockingQueue.java:467)&#10;        at org.apache.hadoop.ipc.CallQueueManager.take(CallQueueManager.java:317)&#10;        at org.apache.hadoop.ipc.Server$Handler.run(Server.java:2932)&#10;&quot;IPC Server handler 7 on default port 13043&quot; daemon prio=5 tid=2462 timed_waiting&#10;java.lang.Thread.State: TIMED_WAITING&#10;        at sun.misc.Unsafe.park(Native Method)&#10;        at java.util.concurrent.locks.LockSupport.parkNanos(LockSupport.java:215)&#10;        at java.util.concurrent.locks.AbstractQueuedSynchronizer$ConditionObject.awaitNanos(AbstractQueuedSynchronizer.java:2078)&#10;        at java.util.concurrent.LinkedBlockingQueue.poll(LinkedBlockingQueue.java:467)&#10;        at org.apache.hadoop.ipc.CallQueueManager.take(CallQueueManager.java:317)&#10;        at org.apache.hadoop.ipc.Server$Handler.run(Server.java:2932)&#10;&quot;IPC Server handler 42 on default port 13035&quot; daemon prio=5 tid=2133 timed_waiting&#10;java.lang.Thread.State: TIMED_WAITING&#10;        at sun.misc.Unsafe.park(Native Method)&#10;        at java.util.concurrent.locks.LockSupport.parkNanos(LockSupport.java:215)&#10;        at java.util.concurrent.locks.AbstractQueuedSynchronizer$ConditionObject.awaitNanos(AbstractQueuedSynchronizer.java:2078)&#10;        at java.util.concurrent.LinkedBlockingQueue.poll(LinkedBlockingQueue.java:467)&#10;        at org.apache.hadoop.ipc.CallQueueManager.take(CallQueueManager.java:317)&#10;        at org.apache.hadoop.ipc.Server$Handler.run(Server.java:2932)&#10;&quot;IPC Server handler 24 on default port 13034&quot; daemon prio=5 tid=2215 timed_waiting&#10;java.lang.Thread.State: TIMED_WAITING&#10;        at sun.misc.Unsafe.park(Native Method)&#10;        at java.util.concurrent.locks.LockSupport.parkNanos(LockSupport.java:215)&#10;        at java.util.concurrent.locks.AbstractQueuedSynchronizer$ConditionObject.awaitNanos(AbstractQueuedSynchronizer.java:2078)&#10;        at java.util.concurrent.LinkedBlockingQueue.poll(LinkedBlockingQueue.java:467)&#10;        at org.apache.hadoop.ipc.CallQueueManager.take(CallQueueManager.java:317)&#10;        at org.apache.hadoop.ipc.Server$Handler.run(Server.java:2932)&#10;&quot;grpc-default-worker-ELG-7-1&quot; daemon prio=5 tid=2439 runnable&#10;java.lang.Thread.State: RUNNABLE&#10;        at org.apache.ratis.thirdparty.io.netty.channel.epoll.Native.epollWait(Native Method)&#10;        at org.apache.ratis.thirdparty.io.netty.channel.epoll.Native.epollWait(Native.java:177)&#10;        at org.apache.ratis.thirdparty.io.netty.channel.epoll.Native.epollWait(Native.java:170)&#10;        at org.apache.ratis.thirdparty.io.netty.channel.epoll.EpollEventLoop.epollWaitNoTimerChange(EpollEventLoop.java:290)&#10;        at org.apache.ratis.thirdparty.io.netty.channel.epoll.EpollEventLoop.run(EpollEventLoop.java:347)&#10;        at org.apache.ratis.thirdparty.io.netty.util.concurrent.SingleThreadEventExecutor$4.run(SingleThreadEventExecutor.java:989)&#10;        at org.apache.ratis.thirdparty.io.netty.util.internal.ThreadExecutorMap$2.run(ThreadExecutorMap.java:74)&#10;        at org.apache.ratis.thirdparty.io.netty.util.concurrent.FastThreadLocalRunnable.run(FastThreadLocalRunnable.java:30)&#10;        at java.lang.Thread.run(Thread.java:748)&#10;&quot;IPC Server handler 37 on default port 13035&quot; daemon prio=5 tid=2128 timed_waiting&#10;java.lang.Thread.State: TIMED_WAITING&#10;        at sun.misc.Unsafe.park(Native Method)&#10;        at java.util.concurrent.locks.LockSupport.parkNanos(LockSupport.java:215)&#10;        at java.util.concurrent.locks.AbstractQueuedSynchronizer$ConditionObject.awaitNanos(AbstractQueuedSynchronizer.java:2078)&#10;        at java.util.concurrent.LinkedBlockingQueue.poll(LinkedBlockingQueue.java:467)&#10;        at org.apache.hadoop.ipc.CallQueueManager.take(CallQueueManager.java:317)&#10;        at org.apache.hadoop.ipc.Server$Handler.run(Server.java:2932)&#10;&quot;d262ff89-3d5e-4ab4-981f-dc8616a3cc4b@group-1FC4E3DC1381-SegmentedRaftLogWorker&quot;  prio=5 tid=2744 timed_waiting&#10;java.lang.Thread.State: TIMED_WAITING&#10;        at sun.misc.Unsafe.park(Native Method)&#10;        at java.util.concurrent.locks.LockSupport.parkNanos(LockSupport.java:215)&#10;        at java.util.concurrent.locks.AbstractQueuedSynchronizer$ConditionObject.awaitNanos(AbstractQueuedSynchronizer.java:2078)&#10;        at org.apache.ratis.util.DataBlockingQueue.poll(DataBlockingQueue.java:137)&#10;        at org.apache.ratis.server.raftlog.segmented.SegmentedRaftLogWorker.run(SegmentedRaftLogWorker.java:292)&#10;        at org.apache.ratis.server.raftlog.segmented.SegmentedRaftLogWorker$$Lambda$435/2075927136.run(Unknown Source)&#10;        at java.lang.Thread.run(Thread.java:748)&#10;&quot;7e7f778f-92a3-4c6a-870c-2544e6325884@group-A37BCEEDED0F-FollowerState&quot; daemon prio=5 tid=2931 timed_waiting&#10;java.lang.Thread.State: TIMED_WAITING&#10;        at java.lang.Thread.sleep(Native Method)&#10;        at java.lang.Thread.sleep(Thread.java:340)&#10;        at java.util.concurrent.TimeUnit.sleep(TimeUnit.java:386)&#10;        at org.apache.ratis.util.TimeDuration.sleep(TimeDuration.java:324)&#10;        at org.apache.ratis.util.TimeDuration.sleep(TimeDuration.java:309)&#10;        at org.apache.ratis.server.impl.FollowerState.run(FollowerState.java:118)&#10;&quot;IPC Server handler 18 on default port 13044&quot; daemon prio=5 tid=2515 timed_waiting&#10;java.lang.Thread.State: TIMED_WAITING&#10;        at sun.misc.Unsafe.park(Native Method)&#10;        at java.util.concurrent.locks.LockSupport.parkNanos(LockSupport.java:215)&#10;        at java.util.concurrent.locks.AbstractQueuedSynchronizer$ConditionObject.awaitNanos(AbstractQueuedSynchronizer.java:2078)&#10;        at java.util.concurrent.LinkedBlockingQueue.poll(LinkedBlockingQueue.java:467)&#10;        at org.apache.hadoop.ipc.CallQueueManager.take(CallQueueManager.java:317)&#10;        at org.apache.hadoop.ipc.Server$Handler.run(Server.java:2932)&#10;&quot;qtp1667630446-2664&quot; daemon prio=5 tid=2664 timed_waiting&#10;java.lang.Thread.State: TIMED_WAITING&#10;        at sun.misc.Unsafe.park(Native Method)&#10;        at java.util.concurrent.locks.LockSupport.parkNanos(LockSupport.java:215)&#10;        at java.util.concurrent.locks.AbstractQueuedSynchronizer$ConditionObject.awaitNanos(AbstractQueuedSynchronizer.java:2078)&#10;        at org.eclipse.jetty.util.BlockingArrayQueue.poll(BlockingArrayQueue.java:382)&#10;        at org.eclipse.jetty.util.thread.QueuedThreadPool$Runner.idleJobPoll(QueuedThreadPool.java:974)&#10;        at org.eclipse.jetty.util.thread.QueuedThreadPool$Runner.run(QueuedThreadPool.java:1018)&#10;        at java.lang.Thread.run(Thread.java:748)&#10;&quot;IPC Server handler 19 on default port 13033&quot; daemon prio=5 tid=2329 timed_waiting&#10;java.lang.Thread.State: TIMED_WAITING&#10;        at sun.misc.Unsafe.park(Native Method)&#10;        at java.util.concurrent.locks.LockSupport.parkNanos(LockSupport.java:215)&#10;        at java.util.concurrent.locks.AbstractQueuedSynchronizer$ConditionObject.awaitNanos(AbstractQueuedSynchronizer.java:2078)&#10;        at java.util.concurrent.LinkedBlockingQueue.poll(LinkedBlockingQueue.java:467)&#10;        at org.apache.hadoop.ipc.CallQueueManager.take(CallQueueManager.java:317)&#10;        at org.apache.hadoop.ipc.Server$Handler.run(Server.java:2932)&#10;&quot;IPC Server handler 45 on default port 13033&quot; daemon prio=5 tid=2355 timed_waiting&#10;java.lang.Thread.State: TIMED_WAITING&#10;        at sun.misc.Unsafe.park(Native Method)&#10;        at java.util.concurrent.locks.LockSupport.parkNanos(LockSupport.java:215)&#10;        at java.util.concurrent.locks.AbstractQueuedSynchronizer$ConditionObject.awaitNanos(AbstractQueuedSynchronizer.java:2078)&#10;        at java.util.concurrent.LinkedBlockingQueue.poll(LinkedBlockingQueue.java:467)&#10;        at org.apache.hadoop.ipc.CallQueueManager.take(CallQueueManager.java:317)&#10;        at org.apache.hadoop.ipc.Server$Handler.run(Server.java:2932)&#10;&quot;Datanode State Machine Task Thread - 0&quot;  prio=5 tid=2649 in Object.wait()&#10;java.lang.Thread.State: WAITING (on object monitor)&#10;        at sun.misc.Unsafe.park(Native Method)&#10;        at java.util.concurrent.locks.LockSupport.park(LockSupport.java:175)&#10;        at java.util.concurrent.locks.AbstractQueuedSynchronizer$ConditionObject.await(AbstractQueuedSynchronizer.java:2039)&#10;        at java.util.concurrent.LinkedBlockingQueue.take(LinkedBlockingQueue.java:442)&#10;        at java.util.concurrent.ThreadPoolExecutor.getTask(ThreadPoolExecutor.java:1074)&#10;        at java.util.concurrent.ThreadPoolExecutor.runWorker(ThreadPoolExecutor.java:1134)&#10;        at java.util.concurrent.ThreadPoolExecutor$Worker.run(ThreadPoolExecutor.java:624)&#10;        at java.lang.Thread.run(Thread.java:748)&#10;&quot;org.apache.ratis.util.JvmPauseMonitor$$Lambda$499/17331878@24d288e0&quot; daemon prio=5 tid=2688 timed_waiting&#10;java.lang.Thread.State: TIMED_WAITING&#10;        at java.lang.Thread.sleep(Native Method)&#10;        at java.lang.Thread.sleep(Thread.java:340)&#10;        at java.util.concurrent.TimeUnit.sleep(TimeUnit.java:386)&#10;        at org.apache.ratis.util.TimeDuration.sleep(TimeDuration.java:324)&#10;        at org.apache.ratis.util.TimeDuration.sleep(TimeDuration.java:309)&#10;        at org.apache.ratis.util.JvmPauseMonitor.detectPause(JvmPauseMonitor.java:117)&#10;        at org.apache.ratis.util.JvmPauseMonitor.run(JvmPauseMonitor.java:106)&#10;        at org.apache.ratis.util.JvmPauseMonitor$$Lambda$499/17331878.run(Unknown Source)&#10;        at java.lang.Thread.run(Thread.java:748)&#10;&quot;IPC Server handler 8 on default port 11132&quot; daemon prio=5 tid=2584 timed_waiting&#10;java.lang.Thread.State: TIMED_WAITING&#10;        at sun.misc.Unsafe.park(Native Method)&#10;        at java.util.concurrent.locks.LockSupport.parkNanos(LockSupport.java:215)&#10;        at java.util.concurrent.locks.AbstractQueuedSynchronizer$ConditionObject.awaitNanos(AbstractQueuedSynchronizer.java:2078)&#10;        at java.util.concurrent.LinkedBlockingQueue.poll(LinkedBlockingQueue.java:467)&#10;        at org.apache.hadoop.ipc.CallQueueManager.take(CallQueueManager.java:317)&#10;        at org.apache.hadoop.ipc.Server$Handler.run(Server.java:2932)&#10;&quot;IPC Server handler 38 on default port 13035&quot; daemon prio=5 tid=2129 timed_waiting&#10;java.lang.Thread.State: TIMED_WAITING&#10;        at sun.misc.Unsafe.park(Native Method)&#10;        at java.util.concurrent.locks.LockSupport.parkNanos(LockSupport.java:215)&#10;        at java.util.concurrent.locks.AbstractQueuedSynchronizer$ConditionObject.awaitNanos(AbstractQueuedSynchronizer.java:2078)&#10;        at java.util.concurrent.LinkedBlockingQueue.poll(LinkedBlockingQueue.java:467)&#10;        at org.apache.hadoop.ipc.CallQueueManager.take(CallQueueManager.java:317)&#10;        at org.apache.hadoop.ipc.Server$Handler.run(Server.java:2932)&#10;&quot;BlockDeletingService#2&quot; daemon prio=5 tid=2979 in Object.wait()&#10;java.lang.Thread.State: WAITING (on object monitor)&#10;        at sun.misc.Unsafe.park(Native Method)&#10;        at java.util.concurrent.locks.LockSupport.park(LockSupport.java:175)&#10;        at java.util.concurrent.locks.AbstractQueuedSynchronizer$ConditionObject.await(AbstractQueuedSynchronizer.java:2039)&#10;        at java.util.concurrent.ScheduledThreadPoolExecutor$DelayedWorkQueue.take(ScheduledThreadPoolExecutor.java:1088)&#10;        at java.util.concurrent.ScheduledThreadPoolExecutor$DelayedWorkQueue.take(ScheduledThreadPoolExecutor.java:809)&#10;        at java.util.concurrent.ThreadPoolExecutor.getTask(ThreadPoolExecutor.java:1074)&#10;        at java.util.concurrent.ThreadPoolExecutor.runWorker(ThreadPoolExecutor.java:1134)&#10;        at java.util.concurrent.ThreadPoolExecutor$Worker.run(ThreadPoolExecutor.java:624)&#10;        at java.lang.Thread.run(Thread.java:748)&#10;&quot;Session-HouseKeeper-5494cf4b-1&quot;  prio=5 tid=2637 timed_waiting&#10;java.lang.Thread.State: TIMED_WAITING&#10;        at sun.misc.Unsafe.park(Native Method)&#10;        at java.util.concurrent.locks.LockSupport.parkNanos(LockSupport.java:215)&#10;        at java.util.concurrent.locks.AbstractQueuedSynchronizer$ConditionObject.awaitNanos(AbstractQueuedSynchronizer.java:2078)&#10;        at java.util.concurrent.ScheduledThreadPoolExecutor$DelayedWorkQueue.take(ScheduledThreadPoolExecutor.java:1093)&#10;        at java.util.concurrent.ScheduledThreadPoolExecutor$DelayedWorkQueue.take(ScheduledThreadPoolExecutor.java:809)&#10;        at java.util.concurrent.ThreadPoolExecutor.getTask(ThreadPoolExecutor.java:1074)&#10;        at java.util.concurrent.ThreadPoolExecutor.runWorker(ThreadPoolExecutor.java:1134)&#10;        at java.util.concurrent.ThreadPoolExecutor$Worker.run(ThreadPoolExecutor.java:624)&#10;        at java.lang.Thread.run(Thread.java:748)&#10;&quot;IPC Server handler 7 on default port 13045&quot; daemon prio=5 tid=2484 timed_waiting&#10;java.lang.Thread.State: TIMED_WAITING&#10;        at sun.misc.Unsafe.park(Native Method)&#10;        at java.util.concurrent.locks.LockSupport.parkNanos(LockSupport.java:215)&#10;        at java.util.concurrent.locks.AbstractQueuedSynchronizer$ConditionObject.awaitNanos(AbstractQueuedSynchronizer.java:2078)&#10;        at java.util.concurrent.LinkedBlockingQueue.poll(LinkedBlockingQueue.java:467)&#10;        at org.apache.hadoop.ipc.CallQueueManager.take(CallQueueManager.java:317)&#10;        at org.apache.hadoop.ipc.Server$Handler.run(Server.java:2932)&#10;&quot;IPC Server handler 1 on default port 13035&quot; daemon prio=5 tid=2092 timed_waiting&#10;java.lang.Thread.State: TIMED_WAITING&#10;        at sun.misc.Unsafe.park(Native Method)&#10;        at java.util.concurrent.locks.LockSupport.parkNanos(LockSupport.java:215)&#10;        at java.util.concurrent.locks.AbstractQueuedSynchronizer$ConditionObject.awaitNanos(AbstractQueuedSynchronizer.java:2078)&#10;        at java.util.concurrent.LinkedBlockingQueue.poll(LinkedBlockingQueue.java:467)&#10;        at org.apache.hadoop.ipc.CallQueueManager.take(CallQueueManager.java:317)&#10;        at org.apache.hadoop.ipc.Server$Handler.run(Server.java:2932)&#10;&quot;IPC Server handler 65 on default port 13035&quot; daemon prio=5 tid=2156 timed_waiting&#10;java.lang.Thread.State: TIMED_WAITING&#10;        at sun.misc.Unsafe.park(Native Method)&#10;        at java.util.concurrent.locks.LockSupport.parkNanos(LockSupport.java:215)&#10;        at java.util.concurrent.locks.AbstractQueuedSynchronizer$ConditionObject.awaitNanos(AbstractQueuedSynchronizer.java:2078)&#10;        at java.util.concurrent.LinkedBlockingQueue.poll(LinkedBlockingQueue.java:467)&#10;        at org.apache.hadoop.ipc.CallQueueManager.take(CallQueueManager.java:317)&#10;        at org.apache.hadoop.ipc.Server$Handler.run(Server.java:2932)&#10;&quot;IPC Server handler 18 on default port 13035&quot; daemon prio=5 tid=2109 timed_waiting&#10;java.lang.Thread.State: TIMED_WAITING&#10;        at sun.misc.Unsafe.park(Native Method)&#10;        at java.util.concurrent.locks.LockSupport.parkNanos(LockSupport.java:215)&#10;        at java.util.concurrent.locks.AbstractQueuedSynchronizer$ConditionObject.awaitNanos(AbstractQueuedSynchronizer.java:2078)&#10;        at java.util.concurrent.LinkedBlockingQueue.poll(LinkedBlockingQueue.java:467)&#10;        at org.apache.hadoop.ipc.CallQueueManager.take(CallQueueManager.java:317)&#10;        at org.apache.hadoop.ipc.Server$Handler.run(Server.java:2932)&#10;&quot;IPC Server handler 11 on default port 13045&quot; daemon prio=5 tid=2488 timed_waiting&#10;java.lang.Thread.State: TIMED_WAITING&#10;        at sun.misc.Unsafe.park(Native Method)&#10;        at java.util.concurrent.locks.LockSupport.parkNanos(LockSupport.java:215)&#10;        at java.util.concurrent.locks.AbstractQueuedSynchronizer$ConditionObject.awaitNanos(AbstractQueuedSynchronizer.java:2078)&#10;        at java.util.concurrent.LinkedBlockingQueue.poll(LinkedBlockingQueue.java:467)&#10;        at org.apache.hadoop.ipc.CallQueueManager.take(CallQueueManager.java:317)&#10;        at org.apache.hadoop.ipc.Server$Handler.run(Server.java:2932)&#10;&quot;IPC Server handler 0 on default port 13033&quot; daemon prio=5 tid=2310 timed_waiting&#10;java.lang.Thread.State: TIMED_WAITING&#10;        at sun.misc.Unsafe.park(Native Method)&#10;        at java.util.concurrent.locks.LockSupport.parkNanos(LockSupport.java:215)&#10;        at java.util.concurrent.locks.AbstractQueuedSynchronizer$ConditionObject.awaitNanos(AbstractQueuedSynchronizer.java:2078)&#10;        at java.util.concurrent.LinkedBlockingQueue.poll(LinkedBlockingQueue.java:467)&#10;        at org.apache.hadoop.ipc.CallQueueManager.take(CallQueueManager.java:317)&#10;        at org.apache.hadoop.ipc.Server$Handler.run(Server.java:2932)&#10;&quot;IPC Server handler 78 on default port 13034&quot; daemon prio=5 tid=2269 timed_waiting&#10;java.lang.Thread.State: TIMED_WAITING&#10;        at sun.misc.Unsafe.park(Native Method)&#10;        at java.util.concurrent.locks.LockSupport.parkNanos(LockSupport.java:215)&#10;        at java.util.concurrent.locks.AbstractQueuedSynchronizer$ConditionObject.awaitNanos(AbstractQueuedSynchronizer.java:2078)&#10;        at java.util.concurrent.LinkedBlockingQueue.poll(LinkedBlockingQueue.java:467)&#10;        at org.apache.hadoop.ipc.CallQueueManager.take(CallQueueManager.java:317)&#10;        at org.apache.hadoop.ipc.Server$Handler.run(Server.java:2932)&#10;&quot;IPC Server handler 14 on default port 13035&quot; daemon prio=5 tid=2105 timed_waiting&#10;java.lang.Thread.State: TIMED_WAITING&#10;        at sun.misc.Unsafe.park(Native Method)&#10;        at java.util.concurrent.locks.LockSupport.parkNanos(LockSupport.java:215)&#10;        at java.util.concurrent.locks.AbstractQueuedSynchronizer$ConditionObject.awaitNanos(AbstractQueuedSynchronizer.java:2078)&#10;        at java.util.concurrent.LinkedBlockingQueue.poll(LinkedBlockingQueue.java:467)&#10;        at org.apache.hadoop.ipc.CallQueueManager.take(CallQueueManager.java:317)&#10;        at org.apache.hadoop.ipc.Server$Handler.run(Server.java:2932)&#10;&quot;6dac361e-3d50-41be-ba36-b7bec097cbe9@group-390751046F7B-StateMachineUpdater&quot; daemon prio=5 tid=2069 in Object.wait()&#10;java.lang.Thread.State: WAITING (on object monitor)&#10;        at java.lang.Object.wait(Native Method)&#10;        at java.lang.Object.wait(Object.java:502)&#10;        at org.apache.ratis.server.impl.StateMachineUpdater.waitForCommit(StateMachineUpdater.java:204)&#10;        at org.apache.ratis.server.impl.StateMachineUpdater.run(StateMachineUpdater.java:173)&#10;        at java.lang.Thread.run(Thread.java:748)&#10;&quot;qtp1029395488-2295&quot; daemon prio=5 tid=2295 runnable&#10;java.lang.Thread.State: RUNNABLE&#10;        at sun.nio.ch.EPollArrayWrapper.epollWait(Native Method)&#10;        at sun.nio.ch.EPollArrayWrapper.poll(EPollArrayWrapper.java:269)&#10;        at sun.nio.ch.EPollSelectorImpl.doSelect(EPollSelectorImpl.java:93)&#10;        at sun.nio.ch.SelectorImpl.lockAndDoSelect(SelectorImpl.java:86)&#10;        at sun.nio.ch.SelectorImpl.select(SelectorImpl.java:97)&#10;        at sun.nio.ch.SelectorImpl.select(SelectorImpl.java:101)&#10;        at org.eclipse.jetty.io.ManagedSelector.nioSelect(ManagedSelector.java:183)&#10;        at org.eclipse.jetty.io.ManagedSelector.select(ManagedSelector.java:190)&#10;        at org.eclipse.jetty.io.ManagedSelector$SelectorProducer.select(ManagedSelector.java:606)&#10;        at org.eclipse.jetty.io.ManagedSelector$SelectorProducer.produce(ManagedSelector.java:543)&#10;        at org.eclipse.jetty.util.thread.strategy.EatWhatYouKill.produceTask(EatWhatYouKill.java:362)&#10;        at org.eclipse.jetty.util.thread.strategy.EatWhatYouKill.doProduce(EatWhatYouKill.java:186)&#10;        at org.eclipse.jetty.util.thread.strategy.EatWhatYouKill.tryProduce(EatWhatYouKill.java:173)&#10;        at org.eclipse.jetty.util.thread.strategy.EatWhatYouKill.produce(EatWhatYouKill.java:137)&#10;        at org.eclipse.jetty.io.ManagedSelector$$Lambda$707/237279395.run(Unknown Source)&#10;        at org.eclipse.jetty.util.thread.QueuedThreadPool.runJob(QueuedThreadPool.java:883)&#10;        at org.eclipse.jetty.util.thread.QueuedThreadPool$Runner.run(QueuedThreadPool.java:1034)&#10;        at java.lang.Thread.run(Thread.java:748)&#10;&quot;IPC Server handler 29 on default port 13034&quot; daemon prio=5 tid=2220 timed_waiting&#10;java.lang.Thread.State: TIMED_WAITING&#10;        at sun.misc.Unsafe.park(Native Method)&#10;        at java.util.concurrent.locks.LockSupport.parkNanos(LockSupport.java:215)&#10;        at java.util.concurrent.locks.AbstractQueuedSynchronizer$ConditionObject.awaitNanos(AbstractQueuedSynchronizer.java:2078)&#10;        at java.util.concurrent.LinkedBlockingQueue.poll(LinkedBlockingQueue.java:467)&#10;        at org.apache.hadoop.ipc.CallQueueManager.take(CallQueueManager.java:317)&#10;        at org.apache.hadoop.ipc.Server$Handler.run(Server.java:2932)&#10;&quot;IPC Server handler 34 on default port 13034&quot; daemon prio=5 tid=2225 timed_waiting&#10;java.lang.Thread.State: TIMED_WAITING&#10;        at sun.misc.Unsafe.park(Native Method)&#10;        at java.util.concurrent.locks.LockSupport.parkNanos(LockSupport.java:215)&#10;        at java.util.concurrent.locks.AbstractQueuedSynchronizer$ConditionObject.awaitNanos(AbstractQueuedSynchronizer.java:2078)&#10;        at java.util.concurrent.LinkedBlockingQueue.poll(LinkedBlockingQueue.java:467)&#10;        at org.apache.hadoop.ipc.CallQueueManager.take(CallQueueManager.java:317)&#10;        at org.apache.hadoop.ipc.Server$Handler.run(Server.java:2932)&#10;&quot;7e7f778f-92a3-4c6a-870c-2544e6325884@group-1FC4E3DC1381-&gt;d262ff89-3d5e-4ab4-981f-dc8616a3cc4b-GrpcLogAppender-LogAppenderDaemon&quot; daemon prio=5 tid=2885 timed_waiting&#10;java.lang.Thread.State: TIMED_WAITING&#10;        at java.lang.Object.wait(Native Method)&#10;        at org.apache.ratis.grpc.server.GrpcLogAppender.mayWait(GrpcLogAppender.java:175)&#10;        at org.apache.ratis.grpc.server.GrpcLogAppender.run(GrpcLogAppender.java:127)&#10;        at org.apache.ratis.server.leader.LogAppenderDaemon.run(LogAppenderDaemon.java:77)&#10;        at org.apache.ratis.server.leader.LogAppenderDaemon$$Lambda$739/1789928744.run(Unknown Source)&#10;        at java.lang.Thread.run(Thread.java:748)&#10;&quot;IPC Server idle connection scanner for port 13055&quot; daemon prio=5 tid=2547 in Object.wait()&#10;java.lang.Thread.State: WAITING (on object monitor)&#10;        at java.lang.Object.wait(Native Method)&#10;        at java.lang.Object.wait(Object.java:502)&#10;        at java.util.TimerThread.mainLoop(Timer.java:526)&#10;        at java.util.TimerThread.run(Timer.java:505)&#10;&quot;Datanode State Machine Daemon Thread&quot; daemon prio=5 tid=2613 timed_waiting&#10;java.lang.Thread.State: TIMED_WAITING&#10;        at sun.misc.Unsafe.park(Native Method)&#10;        at java.util.concurrent.locks.LockSupport.parkNanos(LockSupport.java:215)&#10;        at java.util.concurrent.locks.AbstractQueuedSynchronizer$ConditionObject.awaitNanos(AbstractQueuedSynchronizer.java:2078)&#10;        at java.util.concurrent.LinkedBlockingQueue.poll(LinkedBlockingQueue.java:467)&#10;        at java.util.concurrent.ExecutorCompletionService.poll(ExecutorCompletionService.java:202)&#10;        at org.apache.hadoop.ozone.container.common.states.datanode.RunningDatanodeState.await(RunningDatanodeState.java:224)&#10;        at org.apache.hadoop.ozone.container.common.states.datanode.RunningDatanodeState.await(RunningDatanodeState.java:50)&#10;        at org.apache.hadoop.ozone.container.common.statemachine.StateContext.execute(StateContext.java:633)&#10;        at org.apache.hadoop.ozone.container.common.statemachine.DatanodeStateMachine.start(DatanodeStateMachine.java:280)&#10;        at org.apache.hadoop.ozone.container.common.statemachine.DatanodeStateMachine.lambda$startDaemon$0(DatanodeStateMachine.java:468)&#10;        at org.apache.hadoop.ozone.container.common.statemachine.DatanodeStateMachine$$Lambda$891/1964303960.run(Unknown Source)&#10;        at java.lang.Thread.run(Thread.java:748)&#10;&quot;IPC Server handler 99 on default port 13034&quot; daemon prio=5 tid=2290 timed_waiting&#10;java.lang.Thread.State: TIMED_WAITING&#10;        at sun.misc.Unsafe.park(Native Method)&#10;        at java.util.concurrent.locks.LockSupport.parkNanos(LockSupport.java:215)&#10;        at java.util.concurrent.locks.AbstractQueuedSynchronizer$ConditionObject.awaitNanos(AbstractQueuedSynchronizer.java:2078)&#10;        at java.util.concurrent.LinkedBlockingQueue.poll(LinkedBlockingQueue.java:467)&#10;        at org.apache.hadoop.ipc.CallQueueManager.take(CallQueueManager.java:317)&#10;        at org.apache.hadoop.ipc.Server$Handler.run(Server.java:2932)&#10;&quot;qtp1999374326-2569&quot; daemon prio=5 tid=2569 timed_waiting&#10;java.lang.Thread.State: TIMED_WAITING&#10;        at sun.misc.Unsafe.park(Native Method)&#10;        at java.util.concurrent.locks.LockSupport.parkNanos(LockSupport.java:215)&#10;        at java.util.concurrent.locks.AbstractQueuedSynchronizer$ConditionObject.awaitNanos(AbstractQueuedSynchronizer.java:2078)&#10;        at org.eclipse.jetty.util.BlockingArrayQueue.poll(BlockingArrayQueue.java:382)&#10;        at org.eclipse.jetty.util.thread.QueuedThreadPool$Runner.idleJobPoll(QueuedThreadPool.java:974)&#10;        at org.eclipse.jetty.util.thread.QueuedThreadPool$Runner.run(QueuedThreadPool.java:1018)&#10;        at java.lang.Thread.run(Thread.java:748)&#10;&quot;qtp1999374326-2570&quot; daemon prio=5 tid=2570 timed_waiting&#10;java.lang.Thread.State: TIMED_WAITING&#10;        at sun.misc.Unsafe.park(Native Method)&#10;        at java.util.concurrent.locks.LockSupport.parkNanos(LockSupport.java:215)&#10;        at java.util.concurrent.locks.AbstractQueuedSynchronizer$ConditionObject.awaitNanos(AbstractQueuedSynchronizer.java:2078)&#10;        at org.eclipse.jetty.util.BlockingArrayQueue.poll(BlockingArrayQueue.java:382)&#10;        at org.eclipse.jetty.util.thread.QueuedThreadPool$Runner.idleJobPoll(QueuedThreadPool.java:974)&#10;        at org.eclipse.jetty.util.thread.QueuedThreadPool$Runner.run(QueuedThreadPool.java:1018)&#10;        at java.lang.Thread.run(Thread.java:748)&#10;&quot;IPC Server handler 1 on default port 13033&quot; daemon prio=5 tid=2311 timed_waiting&#10;java.lang.Thread.State: TIMED_WAITING&#10;        at sun.misc.Unsafe.park(Native Method)&#10;        at java.util.concurrent.locks.LockSupport.parkNanos(LockSupport.java:215)&#10;        at java.util.concurrent.locks.AbstractQueuedSynchronizer$ConditionObject.awaitNanos(AbstractQueuedSynchronizer.java:2078)&#10;        at java.util.concurrent.LinkedBlockingQueue.poll(LinkedBlockingQueue.java:467)&#10;        at org.apache.hadoop.ipc.CallQueueManager.take(CallQueueManager.java:317)&#10;        at org.apache.hadoop.ipc.Server$Handler.run(Server.java:2932)&#10;&quot;IPC Server handler 47 on default port 13035&quot; daemon prio=5 tid=2138 timed_waiting&#10;java.lang.Thread.State: TIMED_WAITING&#10;        at sun.misc.Unsafe.park(Native Method)&#10;        at java.util.concurrent.locks.LockSupport.parkNanos(LockSupport.java:215)&#10;        at java.util.concurrent.locks.AbstractQueuedSynchronizer$ConditionObject.awaitNanos(AbstractQueuedSynchronizer.java:2078)&#10;        at java.util.concurrent.LinkedBlockingQueue.poll(LinkedBlockingQueue.java:467)&#10;        at org.apache.hadoop.ipc.CallQueueManager.take(CallQueueManager.java:317)&#10;        at org.apache.hadoop.ipc.Server$Handler.run(Server.java:2932)&#10;&quot;IPC Server handler 12 on default port 13033&quot; daemon prio=5 tid=2322 timed_waiting&#10;java.lang.Thread.State: TIMED_WAITING&#10;        at sun.misc.Unsafe.park(Native Method)&#10;        at java.util.concurrent.locks.LockSupport.parkNanos(LockSupport.java:215)&#10;        at java.util.concurrent.locks.AbstractQueuedSynchronizer$ConditionObject.awaitNanos(AbstractQueuedSynchronizer.java:2078)&#10;        at java.util.concurrent.LinkedBlockingQueue.poll(LinkedBlockingQueue.java:467)&#10;        at org.apache.hadoop.ipc.CallQueueManager.take(CallQueueManager.java:317)&#10;        at org.apache.hadoop.ipc.Server$Handler.run(Server.java:2932)&#10;&quot;IPC Server handler 94 on default port 13034&quot; daemon prio=5 tid=2285 timed_waiting&#10;java.lang.Thread.State: TIMED_WAITING&#10;        at sun.misc.Unsafe.park(Native Method)&#10;        at java.util.concurrent.locks.LockSupport.parkNanos(LockSupport.java:215)&#10;        at java.util.concurrent.locks.AbstractQueuedSynchronizer$ConditionObject.awaitNanos(AbstractQueuedSynchronizer.java:2078)&#10;        at java.util.concurrent.LinkedBlockingQueue.poll(LinkedBlockingQueue.java:467)&#10;        at org.apache.hadoop.ipc.CallQueueManager.take(CallQueueManager.java:317)&#10;        at org.apache.hadoop.ipc.Server$Handler.run(Server.java:2932)&#10;&quot;IPC Server handler 1 on default port 13044&quot; daemon prio=5 tid=2498 timed_waiting&#10;java.lang.Thread.State: TIMED_WAITING&#10;        at sun.misc.Unsafe.park(Native Method)&#10;        at java.util.concurrent.locks.LockSupport.parkNanos(LockSupport.java:215)&#10;        at java.util.concurrent.locks.AbstractQueuedSynchronizer$ConditionObject.awaitNanos(AbstractQueuedSynchronizer.java:2078)&#10;        at java.util.concurrent.LinkedBlockingQueue.poll(LinkedBlockingQueue.java:467)&#10;        at org.apache.hadoop.ipc.CallQueueManager.take(CallQueueManager.java:317)&#10;        at org.apache.hadoop.ipc.Server$Handler.run(Server.java:2932)&#10;&quot;IPC Server handler 80 on default port 13035&quot; daemon prio=5 tid=2171 timed_waiting&#10;java.lang.Thread.State: TIMED_WAITING&#10;        at sun.misc.Unsafe.park(Native Method)&#10;        at java.util.concurrent.locks.LockSupport.parkNanos(LockSupport.java:215)&#10;        at java.util.concurrent.locks.AbstractQueuedSynchronizer$ConditionObject.awaitNanos(AbstractQueuedSynchronizer.java:2078)&#10;        at java.util.concurrent.LinkedBlockingQueue.poll(LinkedBlockingQueue.java:467)&#10;        at org.apache.hadoop.ipc.CallQueueManager.take(CallQueueManager.java:317)&#10;        at org.apache.hadoop.ipc.Server$Handler.run(Server.java:2932)&#10;&quot;6dac361e-3d50-41be-ba36-b7bec097cbe9@group-390751046F7B-SegmentedRaftLogWorker&quot;  prio=5 tid=2068 timed_waiting&#10;java.lang.Thread.State: TIMED_WAITING&#10;        at sun.misc.Unsafe.park(Native Method)&#10;        at java.util.concurrent.locks.LockSupport.parkNanos(LockSupport.java:215)&#10;        at java.util.concurrent.locks.AbstractQueuedSynchronizer$ConditionObject.awaitNanos(AbstractQueuedSynchronizer.java:2078)&#10;        at org.apache.ratis.util.DataBlockingQueue.poll(DataBlockingQueue.java:137)&#10;        at org.apache.ratis.server.raftlog.segmented.SegmentedRaftLogWorker.run(SegmentedRaftLogWorker.java:292)&#10;        at org.apache.ratis.server.raftlog.segmented.SegmentedRaftLogWorker$$Lambda$435/2075927136.run(Unknown Source)&#10;        at java.lang.Thread.run(Thread.java:748)&#10;&quot;Socket Reader #1 for port 13045&quot;  prio=5 tid=2433 runnable&#10;java.lang.Thread.State: RUNNABLE&#10;        at sun.nio.ch.EPollArrayWrapper.epollWait(Native Method)&#10;        at sun.nio.ch.EPollArrayWrapper.poll(EPollArrayWrapper.java:269)&#10;        at sun.nio.ch.EPollSelectorImpl.doSelect(EPollSelectorImpl.java:93)&#10;        at sun.nio.ch.SelectorImpl.lockAndDoSelect(SelectorImpl.java:86)&#10;        at sun.nio.ch.SelectorImpl.select(SelectorImpl.java:97)&#10;        at sun.nio.ch.SelectorImpl.select(SelectorImpl.java:101)&#10;        at org.apache.hadoop.ipc.Server$Listener$Reader.doRunLoop(Server.java:1288)&#10;        at org.apache.hadoop.ipc.Server$Listener$Reader.run(Server.java:1267)&#10;&quot;IPC Server handler 45 on default port 13034&quot; daemon prio=5 tid=2236 timed_waiting&#10;java.lang.Thread.State: TIMED_WAITING&#10;        at sun.misc.Unsafe.park(Native Method)&#10;        at java.util.concurrent.locks.LockSupport.parkNanos(LockSupport.java:215)&#10;        at java.util.concurrent.locks.AbstractQueuedSynchronizer$ConditionObject.awaitNanos(AbstractQueuedSynchronizer.java:2078)&#10;        at java.util.concurrent.LinkedBlockingQueue.poll(LinkedBlockingQueue.java:467)&#10;        at org.apache.hadoop.ipc.CallQueueManager.take(CallQueueManager.java:317)&#10;        at org.apache.hadoop.ipc.Server$Handler.run(Server.java:2932)&#10;&quot;IPC Server handler 25 on default port 13033&quot; daemon prio=5 tid=2335 timed_waiting&#10;java.lang.Thread.State: TIMED_WAITING&#10;        at sun.misc.Unsafe.park(Native Method)&#10;        at java.util.concurrent.locks.LockSupport.parkNanos(LockSupport.java:215)&#10;        at java.util.concurrent.locks.AbstractQueuedSynchronizer$ConditionObject.awaitNanos(AbstractQueuedSynchronizer.java:2078)&#10;        at java.util.concurrent.LinkedBlockingQueue.poll(LinkedBlockingQueue.java:467)&#10;        at org.apache.hadoop.ipc.CallQueueManager.take(CallQueueManager.java:317)&#10;        at org.apache.hadoop.ipc.Server$Handler.run(Server.java:2932)&#10;&quot;d262ff89-3d5e-4ab4-981f-dc8616a3cc4b@group-5B58ED6D724D-StateMachineUpdater&quot; daemon prio=5 tid=2740 in Object.wait()&#10;java.lang.Thread.State: WAITING (on object monitor)&#10;        at java.lang.Object.wait(Native Method)&#10;        at java.lang.Object.wait(Object.java:502)&#10;        at org.apache.ratis.server.impl.StateMachineUpdater.waitForCommit(StateMachineUpdater.java:204)&#10;        at org.apache.ratis.server.impl.StateMachineUpdater.run(StateMachineUpdater.java:173)&#10;        at java.lang.Thread.run(Thread.java:748)&#10;&quot;IPC Server handler 8 on default port 13043&quot; daemon prio=5 tid=2463 timed_waiting&#10;java.lang.Thread.State: TIMED_WAITING&#10;        at sun.misc.Unsafe.park(Native Method)&#10;        at java.util.concurrent.locks.LockSupport.parkNanos(LockSupport.java:215)&#10;        at java.util.concurrent.locks.AbstractQueuedSynchronizer$ConditionObject.awaitNanos(AbstractQueuedSynchronizer.java:2078)&#10;        at java.util.concurrent.LinkedBlockingQueue.poll(LinkedBlockingQueue.java:467)&#10;        at org.apache.hadoop.ipc.CallQueueManager.take(CallQueueManager.java:317)&#10;        at org.apache.hadoop.ipc.Server$Handler.run(Server.java:2932)&#10;&quot;IPC Server handler 68 on default port 13034&quot; daemon prio=5 tid=2259 timed_waiting&#10;java.lang.Thread.State: TIMED_WAITING&#10;        at sun.misc.Unsafe.park(Native Method)&#10;        at java.util.concurrent.locks.LockSupport.parkNanos(LockSupport.java:215)&#10;        at java.util.concurrent.locks.AbstractQueuedSynchronizer$ConditionObject.awaitNanos(AbstractQueuedSynchronizer.java:2078)&#10;        at java.util.concurrent.LinkedBlockingQueue.poll(LinkedBlockingQueue.java:467)&#10;        at org.apache.hadoop.ipc.CallQueueManager.take(CallQueueManager.java:317)&#10;        at org.apache.hadoop.ipc.Server$Handler.run(Server.java:2932)&#10;&quot;IPC Server handler 74 on default port 13034&quot; daemon prio=5 tid=2265 timed_waiting&#10;java.lang.Thread.State: TIMED_WAITING&#10;        at sun.misc.Unsafe.park(Native Method)&#10;        at java.util.concurrent.locks.LockSupport.parkNanos(LockSupport.java:215)&#10;        at java.util.concurrent.locks.AbstractQueuedSynchronizer$ConditionObject.awaitNanos(AbstractQueuedSynchronizer.java:2078)&#10;        at java.util.concurrent.LinkedBlockingQueue.poll(LinkedBlockingQueue.java:467)&#10;        at org.apache.hadoop.ipc.CallQueueManager.take(CallQueueManager.java:317)&#10;        at org.apache.hadoop.ipc.Server$Handler.run(Server.java:2932)&#10;&quot;IPC Server handler 77 on default port 13034&quot; daemon prio=5 tid=2268 timed_waiting&#10;java.lang.Thread.State: TIMED_WAITING&#10;        at sun.misc.Unsafe.park(Native Method)&#10;        at java.util.concurrent.locks.LockSupport.parkNanos(LockSupport.java:215)&#10;        at java.util.concurrent.locks.AbstractQueuedSynchronizer$ConditionObject.awaitNanos(AbstractQueuedSynchronizer.java:2078)&#10;        at java.util.concurrent.LinkedBlockingQueue.poll(LinkedBlockingQueue.java:467)&#10;        at org.apache.hadoop.ipc.CallQueueManager.take(CallQueueManager.java:317)&#10;        at org.apache.hadoop.ipc.Server$Handler.run(Server.java:2932)&#10;&quot;IPC Server handler 90 on default port 13033&quot; daemon prio=5 tid=2400 timed_waiting&#10;java.lang.Thread.State: TIMED_WAITING&#10;        at sun.misc.Unsafe.park(Native Method)&#10;        at java.util.concurrent.locks.LockSupport.parkNanos(LockSupport.java:215)&#10;        at java.util.concurrent.locks.AbstractQueuedSynchronizer$ConditionObject.awaitNanos(AbstractQueuedSynchronizer.java:2078)&#10;        at java.util.concurrent.LinkedBlockingQueue.poll(LinkedBlockingQueue.java:467)&#10;        at org.apache.hadoop.ipc.CallQueueManager.take(CallQueueManager.java:317)&#10;        at org.apache.hadoop.ipc.Server$Handler.run(Server.java:2932)&#10;&quot;IPC Server handler 25 on default port 13034&quot; daemon prio=5 tid=2216 timed_waiting&#10;java.lang.Thread.State: TIMED_WAITING&#10;        at sun.misc.Unsafe.park(Native Method)&#10;        at java.util.concurrent.locks.LockSupport.parkNanos(LockSupport.java:215)&#10;        at java.util.concurrent.locks.AbstractQueuedSynchronizer$ConditionObject.awaitNanos(AbstractQueuedSynchronizer.java:2078)&#10;        at java.util.concurrent.LinkedBlockingQueue.poll(LinkedBlockingQueue.java:467)&#10;        at org.apache.hadoop.ipc.CallQueueManager.take(CallQueueManager.java:317)&#10;        at org.apache.hadoop.ipc.Server$Handler.run(Server.java:2932)&#10;&quot;org.apache.ratis.util.JvmPauseMonitor$$Lambda$499/17331878@79749108&quot; daemon prio=5 tid=2562 timed_waiting&#10;java.lang.Thread.State: TIMED_WAITING&#10;        at java.lang.Thread.sleep(Native Method)&#10;        at java.lang.Thread.sleep(Thread.java:340)&#10;        at java.util.concurrent.TimeUnit.sleep(TimeUnit.java:386)&#10;        at org.apache.ratis.util.TimeDuration.sleep(TimeDuration.java:324)&#10;        at org.apache.ratis.util.TimeDuration.sleep(TimeDuration.java:309)&#10;        at org.apache.ratis.util.JvmPauseMonitor.detectPause(JvmPauseMonitor.java:117)&#10;        at org.apache.ratis.util.JvmPauseMonitor.run(JvmPauseMonitor.java:106)&#10;        at org.apache.ratis.util.JvmPauseMonitor$$Lambda$499/17331878.run(Unknown Source)&#10;        at java.lang.Thread.run(Thread.java:748)&#10;&quot;qtp1999374326-2572&quot; daemon prio=5 tid=2572 timed_waiting&#10;java.lang.Thread.State: TIMED_WAITING&#10;        at sun.misc.Unsafe.park(Native Method)&#10;        at java.util.concurrent.locks.LockSupport.parkNanos(LockSupport.java:215)&#10;        at java.util.concurrent.locks.AbstractQueuedSynchronizer$ConditionObject.awaitNanos(AbstractQueuedSynchronizer.java:2078)&#10;        at org.eclipse.jetty.util.BlockingArrayQueue.poll(BlockingArrayQueue.java:382)&#10;        at org.eclipse.jetty.util.thread.QueuedThreadPool$Runner.idleJobPoll(QueuedThreadPool.java:974)&#10;        at org.eclipse.jetty.util.thread.QueuedThreadPool$Runner.run(QueuedThreadPool.java:1018)&#10;        at java.lang.Thread.run(Thread.java:748)&#10;&quot;EventQueue-PipelineReportForPipelineReportHandler&quot; daemon prio=5 tid=2724 in Object.wait()&#10;java.lang.Thread.State: WAITING (on object monitor)&#10;        at sun.misc.Unsafe.park(Native Method)&#10;        at java.util.concurrent.locks.LockSupport.park(LockSupport.java:175)&#10;        at java.util.concurrent.locks.AbstractQueuedSynchronizer$ConditionObject.await(AbstractQueuedSynchronizer.java:2039)&#10;        at java.util.concurrent.LinkedBlockingQueue.take(LinkedBlockingQueue.java:442)&#10;        at java.util.concurrent.ThreadPoolExecutor.getTask(ThreadPoolExecutor.java:1074)&#10;        at java.util.concurrent.ThreadPoolExecutor.runWorker(ThreadPoolExecutor.java:1134)&#10;        at java.util.concurrent.ThreadPoolExecutor$Worker.run(ThreadPoolExecutor.java:624)&#10;        at java.lang.Thread.run(Thread.java:748)&#10;&quot;qtp708676185-2635&quot; daemon prio=5 tid=2635 timed_waiting&#10;java.lang.Thread.State: TIMED_WAITING&#10;        at sun.misc.Unsafe.park(Native Method)&#10;        at java.util.concurrent.locks.LockSupport.parkNanos(LockSupport.java:215)&#10;        at java.util.concurrent.locks.AbstractQueuedSynchronizer$ConditionObject.awaitNanos(AbstractQueuedSynchronizer.java:2078)&#10;        at org.eclipse.jetty.util.BlockingArrayQueue.poll(BlockingArrayQueue.java:382)&#10;        at org.eclipse.jetty.util.thread.QueuedThreadPool$Runner.idleJobPoll(QueuedThreadPool.java:974)&#10;        at org.eclipse.jetty.util.thread.QueuedThreadPool$Runner.run(QueuedThreadPool.java:1018)&#10;        at java.lang.Thread.run(Thread.java:748)&#10;&quot;Datanode ReportManager Thread - 1&quot; daemon prio=5 tid=2668 in Object.wait()&#10;java.lang.Thread.State: WAITING (on object monitor)&#10;        at sun.misc.Unsafe.park(Native Method)&#10;        at java.util.concurrent.locks.LockSupport.park(LockSupport.java:175)&#10;        at java.util.concurrent.locks.AbstractQueuedSynchronizer$ConditionObject.await(AbstractQueuedSynchronizer.java:2039)&#10;        at java.util.concurrent.ScheduledThreadPoolExecutor$DelayedWorkQueue.take(ScheduledThreadPoolExecutor.java:1088)&#10;        at java.util.concurrent.ScheduledThreadPoolExecutor$DelayedWorkQueue.take(ScheduledThreadPoolExecutor.java:809)&#10;        at java.util.concurrent.ThreadPoolExecutor.getTask(ThreadPoolExecutor.java:1074)&#10;        at java.util.concurrent.ThreadPoolExecutor.runWorker(ThreadPoolExecutor.java:1134)&#10;        at java.util.concurrent.ThreadPoolExecutor$Worker.run(ThreadPoolExecutor.java:624)&#10;        at java.lang.Thread.run(Thread.java:748)&#10;&quot;IPC Server handler 22 on default port 13033&quot; daemon prio=5 tid=2332 timed_waiting&#10;java.lang.Thread.State: TIMED_WAITING&#10;        at sun.misc.Unsafe.park(Native Method)&#10;        at java.util.concurrent.locks.LockSupport.parkNanos(LockSupport.java:215)&#10;        at java.util.concurrent.locks.AbstractQueuedSynchronizer$ConditionObject.awaitNanos(AbstractQueuedSynchronizer.java:2078)&#10;        at java.util.concurrent.LinkedBlockingQueue.poll(LinkedBlockingQueue.java:467)&#10;        at org.apache.hadoop.ipc.CallQueueManager.take(CallQueueManager.java:317)&#10;        at org.apache.hadoop.ipc.Server$Handler.run(Server.java:2932)&#10;&quot;qtp1999374326-2574&quot; daemon prio=5 tid=2574 timed_waiting&#10;java.lang.Thread.State: TIMED_WAITING&#10;        at sun.misc.Unsafe.park(Native Method)&#10;        at java.util.concurrent.locks.LockSupport.parkNanos(LockSupport.java:215)&#10;        at java.util.concurrent.locks.AbstractQueuedSynchronizer$ConditionObject.awaitNanos(AbstractQueuedSynchronizer.java:2078)&#10;        at org.eclipse.jetty.util.BlockingArrayQueue.poll(BlockingArrayQueue.java:382)&#10;        at org.eclipse.jetty.util.thread.QueuedThreadPool$Runner.idleJobPoll(QueuedThreadPool.java:974)&#10;        at org.eclipse.jetty.util.thread.QueuedThreadPool$Runner.run(QueuedThreadPool.java:1018)&#10;        at java.lang.Thread.run(Thread.java:748)&#10;&quot;Session-HouseKeeper-16352a9f-1&quot;  prio=5 tid=2575 timed_waiting&#10;java.lang.Thread.State: TIMED_WAITING&#10;        at sun.misc.Unsafe.park(Native Method)&#10;        at java.util.concurrent.locks.LockSupport.parkNanos(LockSupport.java:215)&#10;        at java.util.concurrent.locks.AbstractQueuedSynchronizer$ConditionObject.awaitNanos(AbstractQueuedSynchronizer.java:2078)&#10;        at java.util.concurrent.ScheduledThreadPoolExecutor$DelayedWorkQueue.take(ScheduledThreadPoolExecutor.java:1093)&#10;        at java.util.concurrent.ScheduledThreadPoolExecutor$DelayedWorkQueue.take(ScheduledThreadPoolExecutor.java:809)&#10;        at java.util.concurrent.ThreadPoolExecutor.getTask(ThreadPoolExecutor.java:1074)&#10;        at java.util.concurrent.ThreadPoolExecutor.runWorker(ThreadPoolExecutor.java:1134)&#10;        at java.util.concurrent.ThreadPoolExecutor$Worker.run(ThreadPoolExecutor.java:624)&#10;        at java.lang.Thread.run(Thread.java:748)&#10;&quot;IPC Server handler 46 on default port 13033&quot; daemon prio=5 tid=2356 timed_waiting&#10;java.lang.Thread.State: TIMED_WAITING&#10;        at sun.misc.Unsafe.park(Native Method)&#10;        at java.util.concurrent.locks.LockSupport.parkNanos(LockSupport.java:215)&#10;        at java.util.concurrent.locks.AbstractQueuedSynchronizer$ConditionObject.awaitNanos(AbstractQueuedSynchronizer.java:2078)&#10;        at java.util.concurrent.LinkedBlockingQueue.poll(LinkedBlockingQueue.java:467)&#10;        at org.apache.hadoop.ipc.CallQueueManager.take(CallQueueManager.java:317)&#10;        at org.apache.hadoop.ipc.Server$Handler.run(Server.java:2932)&#10;&quot;IPC Server idle connection scanner for port 13045&quot; daemon prio=5 tid=2434 timed_waiting&#10;java.lang.Thread.State: TIMED_WAITING&#10;        at java.lang.Object.wait(Native Method)&#10;        at java.util.TimerThread.mainLoop(Timer.java:552)&#10;        at java.util.TimerThread.run(Timer.java:505)&#10;&quot;Datanode ReportManager Thread - 4&quot; daemon prio=5 tid=2618 in Object.wait()&#10;java.lang.Thread.State: WAITING (on object monitor)&#10;        at sun.misc.Unsafe.park(Native Method)&#10;        at java.util.concurrent.locks.LockSupport.park(LockSupport.java:175)&#10;        at java.util.concurrent.locks.AbstractQueuedSynchronizer$ConditionObject.await(AbstractQueuedSynchronizer.java:2039)&#10;        at java.util.concurrent.ScheduledThreadPoolExecutor$DelayedWorkQueue.take(ScheduledThreadPoolExecutor.java:1088)&#10;        at java.util.concurrent.ScheduledThreadPoolExecutor$DelayedWorkQueue.take(ScheduledThreadPoolExecutor.java:809)&#10;        at java.util.concurrent.ThreadPoolExecutor.getTask(ThreadPoolExecutor.java:1074)&#10;        at java.util.concurrent.ThreadPoolExecutor.runWorker(ThreadPoolExecutor.java:1134)&#10;        at java.util.concurrent.ThreadPoolExecutor$Worker.run(ThreadPoolExecutor.java:624)&#10;        at java.lang.Thread.run(Thread.java:748)&#10;&quot;IPC Server handler 85 on default port 13033&quot; daemon prio=5 tid=2395 timed_waiting&#10;java.lang.Thread.State: TIMED_WAITING&#10;        at sun.misc.Unsafe.park(Native Method)&#10;        at java.util.concurrent.locks.LockSupport.parkNanos(LockSupport.java:215)&#10;        at java.util.concurrent.locks.AbstractQueuedSynchronizer$ConditionObject.awaitNanos(AbstractQueuedSynchronizer.java:2078)&#10;        at java.util.concurrent.LinkedBlockingQueue.poll(LinkedBlockingQueue.java:467)&#10;        at org.apache.hadoop.ipc.CallQueueManager.take(CallQueueManager.java:317)&#10;        at org.apache.hadoop.ipc.Server$Handler.run(Server.java:2932)&#10;&quot;grpc-default-executor-2&quot; daemon prio=5 tid=2444 timed_waiting&#10;java.lang.Thread.State: TIMED_WAITING&#10;        at sun.misc.Unsafe.park(Native Method)&#10;        at java.util.concurrent.locks.LockSupport.parkNanos(LockSupport.java:215)&#10;        at java.util.concurrent.SynchronousQueue$TransferStack.awaitFulfill(SynchronousQueue.java:460)&#10;        at java.util.concurrent.SynchronousQueue$TransferStack.transfer(SynchronousQueue.java:362)&#10;        at java.util.concurrent.SynchronousQueue.poll(SynchronousQueue.java:941)&#10;        at java.util.concurrent.ThreadPoolExecutor.getTask(ThreadPoolExecutor.java:1073)&#10;        at java.util.concurrent.ThreadPoolExecutor.runWorker(ThreadPoolExecutor.java:1134)&#10;        at java.util.concurrent.ThreadPoolExecutor$Worker.run(ThreadPoolExecutor.java:624)&#10;        at java.lang.Thread.run(Thread.java:748)&#10;&quot;IPC Server handler 9 on default port 13045&quot; daemon prio=5 tid=2486 timed_waiting&#10;java.lang.Thread.State: TIMED_WAITING&#10;        at sun.misc.Unsafe.park(Native Method)&#10;        at java.util.concurrent.locks.LockSupport.parkNanos(LockSupport.java:215)&#10;        at java.util.concurrent.locks.AbstractQueuedSynchronizer$ConditionObject.awaitNanos(AbstractQueuedSynchronizer.java:2078)&#10;        at java.util.concurrent.LinkedBlockingQueue.poll(LinkedBlockingQueue.java:467)&#10;        at org.apache.hadoop.ipc.CallQueueManager.take(CallQueueManager.java:317)&#10;        at org.apache.hadoop.ipc.Server$Handler.run(Server.java:2932)&#10;&quot;EventQueue-ContainerReportForContainerReportHandler&quot; daemon prio=5 tid=2731 in Object.wait()&#10;java.lang.Thread.State: WAITING (on object monitor)&#10;        at sun.misc.Unsafe.park(Native Method)&#10;        at java.util.concurrent.locks.LockSupport.park(LockSupport.java:175)&#10;        at java.util.concurrent.locks.AbstractQueuedSynchronizer$ConditionObject.await(AbstractQueuedSynchronizer.java:2039)&#10;        at java.util.concurrent.LinkedBlockingQueue.take(LinkedBlockingQueue.java:442)&#10;        at java.util.concurrent.ThreadPoolExecutor.getTask(ThreadPoolExecutor.java:1074)&#10;        at java.util.concurrent.ThreadPoolExecutor.runWorker(ThreadPoolExecutor.java:1134)&#10;        at java.util.concurrent.ThreadPoolExecutor$Worker.run(ThreadPoolExecutor.java:624)&#10;        at java.lang.Thread.run(Thread.java:748)&#10;&quot;IPC Server handler 10 on default port 11132&quot; daemon prio=5 tid=2586 timed_waiting&#10;java.lang.Thread.State: TIMED_WAITING&#10;        at sun.misc.Unsafe.park(Native Method)&#10;        at java.util.concurrent.locks.LockSupport.parkNanos(LockSupport.java:215)&#10;        at java.util.concurrent.locks.AbstractQueuedSynchronizer$ConditionObject.awaitNanos(AbstractQueuedSynchronizer.java:2078)&#10;        at java.util.concurrent.LinkedBlockingQueue.poll(LinkedBlockingQueue.java:467)&#10;        at org.apache.hadoop.ipc.CallQueueManager.take(CallQueueManager.java:317)&#10;        at org.apache.hadoop.ipc.Server$Handler.run(Server.java:2932)&#10;&quot;IPC Server handler 18 on default port 13043&quot; daemon prio=5 tid=2473 timed_waiting&#10;java.lang.Thread.State: TIMED_WAITING&#10;        at sun.misc.Unsafe.park(Native Method)&#10;        at java.util.concurrent.locks.LockSupport.parkNanos(LockSupport.java:215)&#10;        at java.util.concurrent.locks.AbstractQueuedSynchronizer$ConditionObject.awaitNanos(AbstractQueuedSynchronizer.java:2078)&#10;        at java.util.concurrent.LinkedBlockingQueue.poll(LinkedBlockingQueue.java:467)&#10;        at org.apache.hadoop.ipc.CallQueueManager.take(CallQueueManager.java:317)&#10;        at org.apache.hadoop.ipc.Server$Handler.run(Server.java:2932)&#10;&quot;IPC Server handler 31 on default port 13035&quot; daemon prio=5 tid=2122 timed_waiting&#10;java.lang.Thread.State: TIMED_WAITING&#10;        at sun.misc.Unsafe.park(Native Method)&#10;        at java.util.concurrent.locks.LockSupport.parkNanos(LockSupport.java:215)&#10;        at java.util.concurrent.locks.AbstractQueuedSynchronizer$ConditionObject.awaitNanos(AbstractQueuedSynchronizer.java:2078)&#10;        at java.util.concurrent.LinkedBlockingQueue.poll(LinkedBlockingQueue.java:467)&#10;        at org.apache.hadoop.ipc.CallQueueManager.take(CallQueueManager.java:317)&#10;        at org.apache.hadoop.ipc.Server$Handler.run(Server.java:2932)&#10;&quot;IPC Server handler 72 on default port 13034&quot; daemon prio=5 tid=2263 timed_waiting&#10;java.lang.Thread.State: TIMED_WAITING&#10;        at sun.misc.Unsafe.park(Native Method)&#10;        at java.util.concurrent.locks.LockSupport.parkNanos(LockSupport.java:215)&#10;        at java.util.concurrent.locks.AbstractQueuedSynchronizer$ConditionObject.awaitNanos(AbstractQueuedSynchronizer.java:2078)&#10;        at java.util.concurrent.LinkedBlockingQueue.poll(LinkedBlockingQueue.java:467)&#10;        at org.apache.hadoop.ipc.CallQueueManager.take(CallQueueManager.java:317)&#10;        at org.apache.hadoop.ipc.Server$Handler.run(Server.java:2932)&#10;&quot;IPC Server idle connection scanner for port 13034&quot; daemon prio=5 tid=2080 timed_waiting&#10;java.lang.Thread.State: TIMED_WAITING&#10;        at java.lang.Object.wait(Native Method)&#10;        at java.util.TimerThread.mainLoop(Timer.java:552)&#10;        at java.util.TimerThread.run(Timer.java:505)&#10;&quot;IPC Server idle connection scanner for port 13033&quot; daemon prio=5 tid=2076 timed_waiting&#10;java.lang.Thread.State: TIMED_WAITING&#10;        at java.lang.Object.wait(Native Method)&#10;        at java.util.TimerThread.mainLoop(Timer.java:552)&#10;        at java.util.TimerThread.run(Timer.java:505)&#10;&quot;IPC Server handler 43 on default port 13035&quot; daemon prio=5 tid=2134 timed_waiting&#10;java.lang.Thread.State: TIMED_WAITING&#10;        at sun.misc.Unsafe.park(Native Method)&#10;        at java.util.concurrent.locks.LockSupport.parkNanos(LockSupport.java:215)&#10;        at java.util.concurrent.locks.AbstractQueuedSynchronizer$ConditionObject.awaitNanos(AbstractQueuedSynchronizer.java:2078)&#10;        at java.util.concurrent.LinkedBlockingQueue.poll(LinkedBlockingQueue.java:467)&#10;        at org.apache.hadoop.ipc.CallQueueManager.take(CallQueueManager.java:317)&#10;        at org.apache.hadoop.ipc.Server$Handler.run(Server.java:2932)&#10;&quot;IPC Server handler 2 on default port 13035&quot; daemon prio=5 tid=2093 timed_waiting&#10;java.lang.Thread.State: TIMED_WAITING&#10;        at sun.misc.Unsafe.park(Native Method)&#10;        at java.util.concurrent.locks.LockSupport.parkNanos(LockSupport.java:215)&#10;        at java.util.concurrent.locks.AbstractQueuedSynchronizer$ConditionObject.awaitNanos(AbstractQueuedSynchronizer.java:2078)&#10;        at java.util.concurrent.LinkedBlockingQueue.poll(LinkedBlockingQueue.java:467)&#10;        at org.apache.hadoop.ipc.CallQueueManager.take(CallQueueManager.java:317)&#10;        at org.apache.hadoop.ipc.Server$Handler.run(Server.java:2932)&#10;&quot;qtp1613570136-2525&quot; daemon prio=5 tid=2525 timed_waiting&#10;java.lang.Thread.State: TIMED_WAITING&#10;        at sun.misc.Unsafe.park(Native Method)&#10;        at java.util.concurrent.locks.LockSupport.parkNanos(LockSupport.java:215)&#10;        at java.util.concurrent.locks.AbstractQueuedSynchronizer$ConditionObject.awaitNanos(AbstractQueuedSynchronizer.java:2078)&#10;        at org.eclipse.jetty.util.BlockingArrayQueue.poll(BlockingArrayQueue.java:382)&#10;        at org.eclipse.jetty.util.thread.QueuedThreadPool$Runner.idleJobPoll(QueuedThreadPool.java:974)&#10;        at org.eclipse.jetty.util.thread.QueuedThreadPool$Runner.run(QueuedThreadPool.java:1018)&#10;        at java.lang.Thread.run(Thread.java:748)&#10;&quot;org.apache.hadoop.ozone.container.common.statemachine.commandhandler.DeleteBlocksCommandHandler$DeleteCmdWorker@189738f4&quot; daemon prio=5 tid=1702 runnable&#10;java.lang.Thread.State: RUNNABLE&#10;        at java.lang.Thread.sleep(Native Method)&#10;        at org.apache.hadoop.ozone.container.common.statemachine.commandhandler.DeleteBlocksCommandHandler$DeleteCmdWorker.run(DeleteBlocksCommandHandler.java:175)&#10;        at java.lang.Thread.run(Thread.java:748)&#10;&quot;IPC Server handler 10 on default port 13043&quot; daemon prio=5 tid=2465 timed_waiting&#10;java.lang.Thread.State: TIMED_WAITING&#10;        at sun.misc.Unsafe.park(Native Method)&#10;        at java.util.concurrent.locks.LockSupport.parkNanos(LockSupport.java:215)&#10;        at java.util.concurrent.locks.AbstractQueuedSynchronizer$ConditionObject.awaitNanos(AbstractQueuedSynchronizer.java:2078)&#10;        at java.util.concurrent.LinkedBlockingQueue.poll(LinkedBlockingQueue.java:467)&#10;        at org.apache.hadoop.ipc.CallQueueManager.take(CallQueueManager.java:317)&#10;        at org.apache.hadoop.ipc.Server$Handler.run(Server.java:2932)&#10;&quot;qtp708676185-2633&quot; daemon prio=5 tid=2633 timed_waiting&#10;java.lang.Thread.State: TIMED_WAITING&#10;        at sun.misc.Unsafe.park(Native Method)&#10;        at java.util.concurrent.locks.LockSupport.parkNanos(LockSupport.java:215)&#10;        at java.util.concurrent.locks.AbstractQueuedSynchronizer$ConditionObject.awaitNanos(AbstractQueuedSynchronizer.java:2078)&#10;        at org.eclipse.jetty.util.BlockingArrayQueue.poll(BlockingArrayQueue.java:382)&#10;        at org.eclipse.jetty.util.thread.QueuedThreadPool$Runner.idleJobPoll(QueuedThreadPool.java:974)&#10;        at org.eclipse.jetty.util.thread.QueuedThreadPool$Runner.run(QueuedThreadPool.java:1018)&#10;        at java.lang.Thread.run(Thread.java:748)&#10;&quot;IPC Server handler 2 on default port 13034&quot; daemon prio=5 tid=2193 timed_waiting&#10;java.lang.Thread.State: TIMED_WAITING&#10;        at sun.misc.Unsafe.park(Native Method)&#10;        at java.util.concurrent.locks.LockSupport.parkNanos(LockSupport.java:215)&#10;        at java.util.concurrent.locks.AbstractQueuedSynchronizer$ConditionObject.awaitNanos(AbstractQueuedSynchronizer.java:2078)&#10;        at java.util.concurrent.LinkedBlockingQueue.poll(LinkedBlockingQueue.java:467)&#10;        at org.apache.hadoop.ipc.CallQueueManager.take(CallQueueManager.java:317)&#10;        at org.apache.hadoop.ipc.Server$Handler.run(Server.java:2932)&#10;&quot;IPC Server handler 67 on default port 13034&quot; daemon prio=5 tid=2258 timed_waiting&#10;java.lang.Thread.State: TIMED_WAITING&#10;        at sun.misc.Unsafe.park(Native Method)&#10;        at java.util.concurrent.locks.LockSupport.parkNanos(LockSupport.java:215)&#10;        at java.util.concurrent.locks.AbstractQueuedSynchronizer$ConditionObject.awaitNanos(AbstractQueuedSynchronizer.java:2078)&#10;        at java.util.concurrent.LinkedBlockingQueue.poll(LinkedBlockingQueue.java:467)&#10;        at org.apache.hadoop.ipc.CallQueueManager.take(CallQueueManager.java:317)&#10;        at org.apache.hadoop.ipc.Server$Handler.run(Server.java:2932)&#10;&quot;Finalizer&quot; daemon prio=8 tid=3 in Object.wait()&#10;java.lang.Thread.State: WAITING (on object monitor)&#10;        at java.lang.Object.wait(Native Method)&#10;        at java.lang.ref.ReferenceQueue.remove(ReferenceQueue.java:144)&#10;        at java.lang.ref.ReferenceQueue.remove(ReferenceQueue.java:165)&#10;        at java.lang.ref.Finalizer$FinalizerThread.run(Finalizer.java:216)&#10;&quot;IPC Server handler 3 on default port 13044&quot; daemon prio=5 tid=2500 timed_waiting&#10;java.lang.Thread.State: TIMED_WAITING&#10;        at sun.misc.Unsafe.park(Native Method)&#10;        at java.util.concurrent.locks.LockSupport.parkNanos(LockSupport.java:215)&#10;        at java.util.concurrent.locks.AbstractQueuedSynchronizer$ConditionObject.awaitNanos(AbstractQueuedSynchronizer.java:2078)&#10;        at java.util.concurrent.LinkedBlockingQueue.poll(LinkedBlockingQueue.java:467)&#10;        at org.apache.hadoop.ipc.CallQueueManager.take(CallQueueManager.java:317)&#10;        at org.apache.hadoop.ipc.Server$Handler.run(Server.java:2932)&#10;&quot;IPC Server handler 50 on default port 13033&quot; daemon prio=5 tid=2360 timed_waiting&#10;java.lang.Thread.State: TIMED_WAITING&#10;        at sun.misc.Unsafe.park(Native Method)&#10;        at java.util.concurrent.locks.LockSupport.parkNanos(LockSupport.java:215)&#10;        at java.util.concurrent.locks.AbstractQueuedSynchronizer$ConditionObject.awaitNanos(AbstractQueuedSynchronizer.java:2078)&#10;        at java.util.concurrent.LinkedBlockingQueue.poll(LinkedBlockingQueue.java:467)&#10;        at org.apache.hadoop.ipc.CallQueueManager.take(CallQueueManager.java:317)&#10;        at org.apache.hadoop.ipc.Server$Handler.run(Server.java:2932)&#10;&quot;SCMBlockDeletingService#0&quot; daemon prio=5 tid=2291 timed_waiting&#10;java.lang.Thread.State: TIMED_WAITING&#10;        at sun.misc.Unsafe.park(Native Method)&#10;        at java.util.concurrent.locks.LockSupport.parkNanos(LockSupport.java:215)&#10;        at java.util.concurrent.locks.AbstractQueuedSynchronizer$ConditionObject.awaitNanos(AbstractQueuedSynchronizer.java:2078)&#10;        at java.util.concurrent.ScheduledThreadPoolExecutor$DelayedWorkQueue.take(ScheduledThreadPoolExecutor.java:1093)&#10;        at java.util.concurrent.ScheduledThreadPoolExecutor$DelayedWorkQueue.take(ScheduledThreadPoolExecutor.java:809)&#10;        at java.util.concurrent.ThreadPoolExecutor.getTask(ThreadPoolExecutor.java:1074)&#10;        at java.util.concurrent.ThreadPoolExecutor.runWorker(ThreadPoolExecutor.java:1134)&#10;        at java.util.concurrent.ThreadPoolExecutor$Worker.run(ThreadPoolExecutor.java:624)&#10;        at java.lang.Thread.run(Thread.java:748)&#10;&quot;d262ff89-3d5e-4ab4-981f-dc8616a3cc4b@group-A37BCEEDED0F-FollowerState&quot; daemon prio=5 tid=2932 timed_waiting&#10;java.lang.Thread.State: TIMED_WAITING&#10;        at java.lang.Thread.sleep(Native Method)&#10;        at java.lang.Thread.sleep(Thread.java:340)&#10;        at java.util.concurrent.TimeUnit.sleep(TimeUnit.java:386)&#10;        at org.apache.ratis.util.TimeDuration.sleep(TimeDuration.java:324)&#10;        at org.apache.ratis.util.TimeDuration.sleep(TimeDuration.java:309)&#10;        at org.apache.ratis.server.impl.FollowerState.run(FollowerState.java:118)&#10;&quot;IPC Server handler 13 on default port 13044&quot; daemon prio=5 tid=2510 timed_waiting&#10;java.lang.Thread.State: TIMED_WAITING&#10;        at sun.misc.Unsafe.park(Native Method)&#10;        at java.util.concurrent.locks.LockSupport.parkNanos(LockSupport.java:215)&#10;        at java.util.concurrent.locks.AbstractQueuedSynchronizer$ConditionObject.awaitNanos(AbstractQueuedSynchronizer.java:2078)&#10;        at java.util.concurrent.LinkedBlockingQueue.poll(LinkedBlockingQueue.java:467)&#10;        at org.apache.hadoop.ipc.CallQueueManager.take(CallQueueManager.java:317)&#10;        at org.apache.hadoop.ipc.Server$Handler.run(Server.java:2932)&#10;&quot;pool-504-thread-1&quot;  prio=5 tid=2628 timed_waiting&#10;java.lang.Thread.State: TIMED_WAITING&#10;        at sun.misc.Unsafe.park(Native Method)&#10;        at java.util.concurrent.locks.LockSupport.parkNanos(LockSupport.java:215)&#10;        at java.util.concurrent.locks.AbstractQueuedSynchronizer$ConditionObject.awaitNanos(AbstractQueuedSynchronizer.java:2078)&#10;        at java.util.concurrent.ScheduledThreadPoolExecutor$DelayedWorkQueue.take(ScheduledThreadPoolExecutor.java:1093)&#10;        at java.util.concurrent.ScheduledThreadPoolExecutor$DelayedWorkQueue.take(ScheduledThreadPoolExecutor.java:809)&#10;        at java.util.concurrent.ThreadPoolExecutor.getTask(ThreadPoolExecutor.java:1074)&#10;        at java.util.concurrent.ThreadPoolExecutor.runWorker(ThreadPoolExecutor.java:1134)&#10;        at java.util.concurrent.ThreadPoolExecutor$Worker.run(ThreadPoolExecutor.java:624)&#10;        at java.lang.Thread.run(Thread.java:748)&#10;&quot;IPC Server handler 11 on default port 11132&quot; daemon prio=5 tid=2587 timed_waiting&#10;java.lang.Thread.State: TIMED_WAITING&#10;        at sun.misc.Unsafe.park(Native Method)&#10;        at java.util.concurrent.locks.LockSupport.parkNanos(LockSupport.java:215)&#10;        at java.util.concurrent.locks.AbstractQueuedSynchronizer$ConditionObject.awaitNanos(AbstractQueuedSynchronizer.java:2078)&#10;        at java.util.concurrent.LinkedBlockingQueue.poll(LinkedBlockingQueue.java:467)&#10;        at org.apache.hadoop.ipc.CallQueueManager.take(CallQueueManager.java:317)&#10;        at org.apache.hadoop.ipc.Server$Handler.run(Server.java:2932)&#10;&quot;Socket Reader #1 for port 13035&quot;  prio=5 tid=2083 runnable&#10;java.lang.Thread.State: RUNNABLE&#10;        at sun.nio.ch.EPollArrayWrapper.epollWait(Native Method)&#10;        at sun.nio.ch.EPollArrayWrapper.poll(EPollArrayWrapper.java:269)&#10;        at sun.nio.ch.EPollSelectorImpl.doSelect(EPollSelectorImpl.java:93)&#10;        at sun.nio.ch.SelectorImpl.lockAndDoSelect(SelectorImpl.java:86)&#10;        at sun.nio.ch.SelectorImpl.select(SelectorImpl.java:97)&#10;        at sun.nio.ch.SelectorImpl.select(SelectorImpl.java:101)&#10;        at org.apache.hadoop.ipc.Server$Listener$Reader.doRunLoop(Server.java:1288)&#10;        at org.apache.hadoop.ipc.Server$Listener$Reader.run(Server.java:1267)&#10;&quot;Datanode ReportManager Thread - 0&quot; daemon prio=5 tid=2667 in Object.wait()&#10;java.lang.Thread.State: WAITING (on object monitor)&#10;        at sun.misc.Unsafe.park(Native Method)&#10;        at java.util.concurrent.locks.LockSupport.park(LockSupport.java:175)&#10;        at java.util.concurrent.locks.AbstractQueuedSynchronizer$ConditionObject.await(AbstractQueuedSynchronizer.java:2039)&#10;        at java.util.concurrent.ScheduledThreadPoolExecutor$DelayedWorkQueue.take(ScheduledThreadPoolExecutor.java:1088)&#10;        at java.util.concurrent.ScheduledThreadPoolExecutor$DelayedWorkQueue.take(ScheduledThreadPoolExecutor.java:809)&#10;        at java.util.concurrent.ThreadPoolExecutor.getTask(ThreadPoolExecutor.java:1074)&#10;        at java.util.concurrent.ThreadPoolExecutor.runWorker(ThreadPoolExecutor.java:1134)&#10;        at java.util.concurrent.ThreadPoolExecutor$Worker.run(ThreadPoolExecutor.java:624)&#10;        at java.lang.Thread.run(Thread.java:748)&#10;&quot;IPC Server handler 1 on default port 13045&quot; daemon prio=5 tid=2478 timed_waiting&#10;java.lang.Thread.State: TIMED_WAITING&#10;        at sun.misc.Unsafe.park(Native Method)&#10;        at java.util.concurrent.locks.LockSupport.parkNanos(LockSupport.java:215)&#10;        at java.util.concurrent.locks.AbstractQueuedSynchronizer$ConditionObject.awaitNanos(AbstractQueuedSynchronizer.java:2078)&#10;        at java.util.concurrent.LinkedBlockingQueue.poll(LinkedBlockingQueue.java:467)&#10;        at org.apache.hadoop.ipc.CallQueueManager.take(CallQueueManager.java:317)&#10;        at org.apache.hadoop.ipc.Server$Handler.run(Server.java:2932)&#10;&quot;IPC Server handler 31 on default port 13033&quot; daemon prio=5 tid=2341 timed_waiting&#10;java.lang.Thread.State: TIMED_WAITING&#10;        at sun.misc.Unsafe.park(Native Method)&#10;        at java.util.concurrent.locks.LockSupport.parkNanos(LockSupport.java:215)&#10;        at java.util.concurrent.locks.AbstractQueuedSynchronizer$ConditionObject.awaitNanos(AbstractQueuedSynchronizer.java:2078)&#10;        at java.util.concurrent.LinkedBlockingQueue.poll(LinkedBlockingQueue.java:467)&#10;        at org.apache.hadoop.ipc.CallQueueManager.take(CallQueueManager.java:317)&#10;        at org.apache.hadoop.ipc.Server$Handler.run(Server.java:2932)&#10;&quot;EndpointStateMachine task thread for /127.0.0.1:12189 - 0 &quot;  prio=5 tid=1771 in Object.wait()&#10;java.lang.Thread.State: WAITING (on object monitor)&#10;        at sun.misc.Unsafe.park(Native Method)&#10;        at java.util.concurrent.locks.LockSupport.park(LockSupport.java:175)&#10;        at java.util.concurrent.locks.AbstractQueuedSynchronizer$ConditionObject.await(AbstractQueuedSynchronizer.java:2039)&#10;        at java.util.concurrent.LinkedBlockingQueue.take(LinkedBlockingQueue.java:442)&#10;        at java.util.concurrent.ThreadPoolExecutor.getTask(ThreadPoolExecutor.java:1074)&#10;        at java.util.concurrent.ThreadPoolExecutor.runWorker(ThreadPoolExecutor.java:1134)&#10;        at java.util.concurrent.ThreadPoolExecutor$Worker.run(ThreadPoolExecutor.java:624)&#10;        at java.lang.Thread.run(Thread.java:748)&#10;&quot;qtp1667630446-2657&quot; daemon prio=5 tid=2657 runnable&#10;java.lang.Thread.State: RUNNABLE&#10;        at sun.nio.ch.EPollArrayWrapper.epollWait(Native Method)&#10;        at sun.nio.ch.EPollArrayWrapper.poll(EPollArrayWrapper.java:269)&#10;        at sun.nio.ch.EPollSelectorImpl.doSelect(EPollSelectorImpl.java:93)&#10;        at sun.nio.ch.SelectorImpl.lockAndDoSelect(SelectorImpl.java:86)&#10;        at sun.nio.ch.SelectorImpl.select(SelectorImpl.java:97)&#10;        at sun.nio.ch.SelectorImpl.select(SelectorImpl.java:101)&#10;        at org.eclipse.jetty.io.ManagedSelector.nioSelect(ManagedSelector.java:183)&#10;        at org.eclipse.jetty.io.ManagedSelector.select(ManagedSelector.java:190)&#10;        at org.eclipse.jetty.io.ManagedSelector$SelectorProducer.select(ManagedSelector.java:606)&#10;        at org.eclipse.jetty.io.ManagedSelector$SelectorProducer.produce(ManagedSelector.java:543)&#10;        at org.eclipse.jetty.util.thread.strategy.EatWhatYouKill.produceTask(EatWhatYouKill.java:362)&#10;        at org.eclipse.jetty.util.thread.strategy.EatWhatYouKill.doProduce(EatWhatYouKill.java:186)&#10;        at org.eclipse.jetty.util.thread.strategy.EatWhatYouKill.tryProduce(EatWhatYouKill.java:173)&#10;        at org.eclipse.jetty.util.thread.strategy.EatWhatYouKill.produce(EatWhatYouKill.java:137)&#10;        at org.eclipse.jetty.io.ManagedSelector$$Lambda$707/237279395.run(Unknown Source)&#10;        at org.eclipse.jetty.util.thread.QueuedThreadPool.runJob(QueuedThreadPool.java:883)&#10;        at org.eclipse.jetty.util.thread.QueuedThreadPool$Runner.run(QueuedThreadPool.java:1034)&#10;        at java.lang.Thread.run(Thread.java:748)&#10;&quot;BlockDeletingService#0&quot; daemon prio=5 tid=2702 in Object.wait()&#10;java.lang.Thread.State: WAITING (on object monitor)&#10;        at sun.misc.Unsafe.park(Native Method)&#10;        at java.util.concurrent.locks.LockSupport.park(LockSupport.java:175)&#10;        at java.util.concurrent.locks.AbstractQueuedSynchronizer$ConditionObject.await(AbstractQueuedSynchronizer.java:2039)&#10;        at java.util.concurrent.ScheduledThreadPoolExecutor$DelayedWorkQueue.take(ScheduledThreadPoolExecutor.java:1088)&#10;        at java.util.concurrent.ScheduledThreadPoolExecutor$DelayedWorkQueue.take(ScheduledThreadPoolExecutor.java:809)&#10;        at java.util.concurrent.ThreadPoolExecutor.getTask(ThreadPoolExecutor.java:1074)&#10;        at java.util.concurrent.ThreadPoolExecutor.runWorker(ThreadPoolExecutor.java:1134)&#10;        at java.util.concurrent.ThreadPoolExecutor$Worker.run(ThreadPoolExecutor.java:624)&#10;        at java.lang.Thread.run(Thread.java:748)&#10;&quot;IPC Server handler 32 on default port 13035&quot; daemon prio=5 tid=2123 timed_waiting&#10;java.lang.Thread.State: TIMED_WAITING&#10;        at sun.misc.Unsafe.park(Native Method)&#10;        at java.util.concurrent.locks.LockSupport.parkNanos(LockSupport.java:215)&#10;        at java.util.concurrent.locks.AbstractQueuedSynchronizer$ConditionObject.awaitNanos(AbstractQueuedSynchronizer.java:2078)&#10;        at java.util.concurrent.LinkedBlockingQueue.poll(LinkedBlockingQueue.java:467)&#10;        at org.apache.hadoop.ipc.CallQueueManager.take(CallQueueManager.java:317)&#10;        at org.apache.hadoop.ipc.Server$Handler.run(Server.java:2932)&#10;&quot;qtp1613570136-2523&quot; daemon prio=5 tid=2523 timed_waiting&#10;java.lang.Thread.State: TIMED_WAITING&#10;        at sun.misc.Unsafe.park(Native Method)&#10;        at java.util.concurrent.locks.LockSupport.parkNanos(LockSupport.java:215)&#10;        at java.util.concurrent.locks.AbstractQueuedSynchronizer$ConditionObject.awaitNanos(AbstractQueuedSynchronizer.java:2078)&#10;        at org.eclipse.jetty.util.BlockingArrayQueue.poll(BlockingArrayQueue.java:382)&#10;        at org.eclipse.jetty.util.thread.QueuedThreadPool$Runner.idleJobPoll(QueuedThreadPool.java:974)&#10;        at org.eclipse.jetty.util.thread.QueuedThreadPool$Runner.run(QueuedThreadPool.java:1018)&#10;        at java.lang.Thread.run(Thread.java:748)&#10;&quot;Datanode ReportManager Thread - 1&quot; daemon prio=5 tid=1715 in Object.wait()&#10;java.lang.Thread.State: WAITING (on object monitor)&#10;        at sun.misc.Unsafe.park(Native Method)&#10;        at java.util.concurrent.locks.LockSupport.park(LockSupport.java:175)&#10;        at java.util.concurrent.locks.AbstractQueuedSynchronizer$ConditionObject.await(AbstractQueuedSynchronizer.java:2039)&#10;        at java.util.concurrent.ScheduledThreadPoolExecutor$DelayedWorkQueue.take(ScheduledThreadPoolExecutor.java:1088)&#10;        at java.util.concurrent.ScheduledThreadPoolExecutor$DelayedWorkQueue.take(ScheduledThreadPoolExecutor.java:809)&#10;        at java.util.concurrent.ThreadPoolExecutor.getTask(ThreadPoolExecutor.java:1074)&#10;        at java.util.concurrent.ThreadPoolExecutor.runWorker(ThreadPoolExecutor.java:1134)&#10;        at java.util.concurrent.ThreadPoolExecutor$Worker.run(ThreadPoolExecutor.java:624)&#10;        at java.lang.Thread.run(Thread.java:748)&#10;&quot;EndpointStateMachine task thread for /127.0.0.1:12209 - 0 &quot;  prio=5 tid=1753 in Object.wait()&#10;java.lang.Thread.State: WAITING (on object monitor)&#10;        at sun.misc.Unsafe.park(Native Method)&#10;        at java.util.concurrent.locks.LockSupport.park(LockSupport.java:175)&#10;        at java.util.concurrent.locks.AbstractQueuedSynchronizer$ConditionObject.await(AbstractQueuedSynchronizer.java:2039)&#10;        at java.util.concurrent.LinkedBlockingQueue.take(LinkedBlockingQueue.java:442)&#10;        at java.util.concurrent.ThreadPoolExecutor.getTask(ThreadPoolExecutor.java:1074)&#10;        at java.util.concurrent.ThreadPoolExecutor.runWorker(ThreadPoolExecutor.java:1134)&#10;        at java.util.concurrent.ThreadPoolExecutor$Worker.run(ThreadPoolExecutor.java:624)&#10;        at java.lang.Thread.run(Thread.java:748)&#10;&quot;IPC Server handler 82 on default port 13033&quot; daemon prio=5 tid=2392 timed_waiting&#10;java.lang.Thread.State: TIMED_WAITING&#10;        at sun.misc.Unsafe.park(Native Method)&#10;        at java.util.concurrent.locks.LockSupport.parkNanos(LockSupport.java:215)&#10;        at java.util.concurrent.locks.AbstractQueuedSynchronizer$ConditionObject.awaitNanos(AbstractQueuedSynchronizer.java:2078)&#10;        at java.util.concurrent.LinkedBlockingQueue.poll(LinkedBlockingQueue.java:467)&#10;        at org.apache.hadoop.ipc.CallQueueManager.take(CallQueueManager.java:317)&#10;        at org.apache.hadoop.ipc.Server$Handler.run(Server.java:2932)&#10;&quot;91f27009-ec66-4294-9321-b0739729fb6b@group-A37BCEEDED0F-SegmentedRaftLogWorker&quot;  prio=5 tid=2768 timed_waiting&#10;java.lang.Thread.State: TIMED_WAITING&#10;        at sun.misc.Unsafe.park(Native Method)&#10;        at java.util.concurrent.locks.LockSupport.parkNanos(LockSupport.java:215)&#10;        at java.util.concurrent.locks.AbstractQueuedSynchronizer$ConditionObject.awaitNanos(AbstractQueuedSynchronizer.java:2078)&#10;        at org.apache.ratis.util.DataBlockingQueue.poll(DataBlockingQueue.java:137)&#10;        at org.apache.ratis.server.raftlog.segmented.SegmentedRaftLogWorker.run(SegmentedRaftLogWorker.java:292)&#10;        at org.apache.ratis.server.raftlog.segmented.SegmentedRaftLogWorker$$Lambda$435/2075927136.run(Unknown Source)&#10;        at java.lang.Thread.run(Thread.java:748)&#10;&quot;d262ff89-3d5e-4ab4-981f-dc8616a3cc4b@group-1FC4E3DC1381-StateMachineUpdater&quot; daemon prio=5 tid=2745 in Object.wait()&#10;java.lang.Thread.State: WAITING (on object monitor)&#10;        at java.lang.Object.wait(Native Method)&#10;        at java.lang.Object.wait(Object.java:502)&#10;        at org.apache.ratis.server.impl.StateMachineUpdater.waitForCommit(StateMachineUpdater.java:204)&#10;        at org.apache.ratis.server.impl.StateMachineUpdater.run(StateMachineUpdater.java:173)&#10;        at java.lang.Thread.run(Thread.java:748)&#10;&quot;IPC Server handler 48 on default port 13033&quot; daemon prio=5 tid=2358 timed_waiting&#10;java.lang.Thread.State: TIMED_WAITING&#10;        at sun.misc.Unsafe.park(Native Method)&#10;        at java.util.concurrent.locks.LockSupport.parkNanos(LockSupport.java:215)&#10;        at java.util.concurrent.locks.AbstractQueuedSynchronizer$ConditionObject.awaitNanos(AbstractQueuedSynchronizer.java:2078)&#10;        at java.util.concurrent.LinkedBlockingQueue.poll(LinkedBlockingQueue.java:467)&#10;        at org.apache.hadoop.ipc.CallQueueManager.take(CallQueueManager.java:317)&#10;        at org.apache.hadoop.ipc.Server$Handler.run(Server.java:2932)&#10;&quot;IPC Server handler 28 on default port 13034&quot; daemon prio=5 tid=2219 timed_waiting&#10;java.lang.Thread.State: TIMED_WAITING&#10;        at sun.misc.Unsafe.park(Native Method)&#10;        at java.util.concurrent.locks.LockSupport.parkNanos(LockSupport.java:215)&#10;        at java.util.concurrent.locks.AbstractQueuedSynchronizer$ConditionObject.awaitNanos(AbstractQueuedSynchronizer.java:2078)&#10;        at java.util.concurrent.LinkedBlockingQueue.poll(LinkedBlockingQueue.java:467)&#10;        at org.apache.hadoop.ipc.CallQueueManager.take(CallQueueManager.java:317)&#10;        at org.apache.hadoop.ipc.Server$Handler.run(Server.java:2932)&#10;&quot;IPC Server handler 63 on default port 13034&quot; daemon prio=5 tid=2254 timed_waiting&#10;java.lang.Thread.State: TIMED_WAITING&#10;        at sun.misc.Unsafe.park(Native Method)&#10;        at java.util.concurrent.locks.LockSupport.parkNanos(LockSupport.java:215)&#10;        at java.util.concurrent.locks.AbstractQueuedSynchronizer$ConditionObject.awaitNanos(AbstractQueuedSynchronizer.java:2078)&#10;        at java.util.concurrent.LinkedBlockingQueue.poll(LinkedBlockingQueue.java:467)&#10;        at org.apache.hadoop.ipc.CallQueueManager.take(CallQueueManager.java:317)&#10;        at org.apache.hadoop.ipc.Server$Handler.run(Server.java:2932)&#10;&quot;ChunkWriter-3-0&quot; daemon prio=5 tid=2714 in Object.wait()&#10;java.lang.Thread.State: WAITING (on object monitor)&#10;        at sun.misc.Unsafe.park(Native Method)&#10;        at java.util.concurrent.locks.LockSupport.park(LockSupport.java:175)&#10;        at java.util.concurrent.locks.AbstractQueuedSynchronizer$ConditionObject.await(AbstractQueuedSynchronizer.java:2039)&#10;        at java.util.concurrent.LinkedBlockingDeque.takeFirst(LinkedBlockingDeque.java:492)&#10;        at java.util.concurrent.LinkedBlockingDeque.take(LinkedBlockingDeque.java:680)&#10;        at java.util.concurrent.ThreadPoolExecutor.getTask(ThreadPoolExecutor.java:1074)&#10;        at java.util.concurrent.ThreadPoolExecutor.runWorker(ThreadPoolExecutor.java:1134)&#10;        at java.util.concurrent.ThreadPoolExecutor$Worker.run(ThreadPoolExecutor.java:624)&#10;        at java.lang.Thread.run(Thread.java:748)&#10;&quot;IPC Server handler 87 on default port 13033&quot; daemon prio=5 tid=2397 timed_waiting&#10;java.lang.Thread.State: TIMED_WAITING&#10;        at sun.misc.Unsafe.park(Native Method)&#10;        at java.util.concurrent.locks.LockSupport.parkNanos(LockSupport.java:215)&#10;        at java.util.concurrent.locks.AbstractQueuedSynchronizer$ConditionObject.awaitNanos(AbstractQueuedSynchronizer.java:2078)&#10;        at java.util.concurrent.LinkedBlockingQueue.poll(LinkedBlockingQueue.java:467)&#10;        at org.apache.hadoop.ipc.CallQueueManager.take(CallQueueManager.java:317)&#10;        at org.apache.hadoop.ipc.Server$Handler.run(Server.java:2932)&#10;&quot;IPC Server handler 97 on default port 13034&quot; daemon prio=5 tid=2288 timed_waiting&#10;java.lang.Thread.State: TIMED_WAITING&#10;        at sun.misc.Unsafe.park(Native Method)&#10;        at java.util.concurrent.locks.LockSupport.parkNanos(LockSupport.java:215)&#10;        at java.util.concurrent.locks.AbstractQueuedSynchronizer$ConditionObject.awaitNanos(AbstractQueuedSynchronizer.java:2078)&#10;        at java.util.concurrent.LinkedBlockingQueue.poll(LinkedBlockingQueue.java:467)&#10;        at org.apache.hadoop.ipc.CallQueueManager.take(CallQueueManager.java:317)&#10;        at org.apache.hadoop.ipc.Server$Handler.run(Server.java:2932)&#10;&quot;IPC Server handler 17 on default port 13044&quot; daemon prio=5 tid=2514 timed_waiting&#10;java.lang.Thread.State: TIMED_WAITING&#10;        at sun.misc.Unsafe.park(Native Method)&#10;        at java.util.concurrent.locks.LockSupport.parkNanos(LockSupport.java:215)&#10;        at java.util.concurrent.locks.AbstractQueuedSynchronizer$ConditionObject.awaitNanos(AbstractQueuedSynchronizer.java:2078)&#10;        at java.util.concurrent.LinkedBlockingQueue.poll(LinkedBlockingQueue.java:467)&#10;        at org.apache.hadoop.ipc.CallQueueManager.take(CallQueueManager.java:317)&#10;        at org.apache.hadoop.ipc.Server$Handler.run(Server.java:2932)&#10;&quot;qtp1667630446-2658-acceptor-0@6a28d860-ServerConnector@18b1c737{HTTP/1.1, (http/1.1)}{0.0.0.0:38755}&quot; daemon prio=3 tid=2658 runnable&#10;java.lang.Thread.State: RUNNABLE&#10;        at sun.nio.ch.ServerSocketChannelImpl.accept0(Native Method)&#10;        at sun.nio.ch.ServerSocketChannelImpl.accept(ServerSocketChannelImpl.java:421)&#10;        at sun.nio.ch.ServerSocketChannelImpl.accept(ServerSocketChannelImpl.java:249)&#10;        at org.eclipse.jetty.server.ServerConnector.accept(ServerConnector.java:388)&#10;        at org.eclipse.jetty.server.AbstractConnector$Acceptor.run(AbstractConnector.java:702)&#10;        at org.eclipse.jetty.util.thread.QueuedThreadPool.runJob(QueuedThreadPool.java:883)&#10;        at org.eclipse.jetty.util.thread.QueuedThreadPool$Runner.run(QueuedThreadPool.java:1034)&#10;        at java.lang.Thread.run(Thread.java:748)&#10;&quot;91f27009-ec66-4294-9321-b0739729fb6b@group-1FC4E3DC1381-StateMachineUpdater&quot; daemon prio=5 tid=2752 in Object.wait()&#10;java.lang.Thread.State: WAITING (on object monitor)&#10;        at java.lang.Object.wait(Native Method)&#10;        at java.lang.Object.wait(Object.java:502)&#10;        at org.apache.ratis.server.impl.StateMachineUpdater.waitForCommit(StateMachineUpdater.java:204)&#10;        at org.apache.ratis.server.impl.StateMachineUpdater.run(StateMachineUpdater.java:173)&#10;        at java.lang.Thread.run(Thread.java:748)&#10;&quot;pool-471-thread-1&quot; daemon prio=5 tid=2600 timed_waiting&#10;java.lang.Thread.State: TIMED_WAITING&#10;        at sun.misc.Unsafe.park(Native Method)&#10;        at java.util.concurrent.locks.LockSupport.parkNanos(LockSupport.java:215)&#10;        at java.util.concurrent.locks.AbstractQueuedSynchronizer$ConditionObject.awaitNanos(AbstractQueuedSynchronizer.java:2078)&#10;        at java.util.concurrent.ScheduledThreadPoolExecutor$DelayedWorkQueue.take(ScheduledThreadPoolExecutor.java:1093)&#10;        at java.util.concurrent.ScheduledThreadPoolExecutor$DelayedWorkQueue.take(ScheduledThreadPoolExecutor.java:809)&#10;        at java.util.concurrent.ThreadPoolExecutor.getTask(ThreadPoolExecutor.java:1074)&#10;        at java.util.concurrent.ThreadPoolExecutor.runWorker(ThreadPoolExecutor.java:1134)&#10;        at java.util.concurrent.ThreadPoolExecutor$Worker.run(ThreadPoolExecutor.java:624)&#10;        at java.lang.Thread.run(Thread.java:748)&#10;&quot;IPC Server handler 0 on default port 13034&quot; daemon prio=5 tid=2191 timed_waiting&#10;java.lang.Thread.State: TIMED_WAITING&#10;        at sun.misc.Unsafe.park(Native Method)&#10;        at java.util.concurrent.locks.LockSupport.parkNanos(LockSupport.java:215)&#10;        at java.util.concurrent.locks.AbstractQueuedSynchronizer$ConditionObject.awaitNanos(AbstractQueuedSynchronizer.java:2078)&#10;        at java.util.concurrent.LinkedBlockingQueue.poll(LinkedBlockingQueue.java:467)&#10;        at org.apache.hadoop.ipc.CallQueueManager.take(CallQueueManager.java:317)&#10;        at org.apache.hadoop.ipc.Server$Handler.run(Server.java:2932)&#10;&quot;IPC Server handler 87 on default port 13034&quot; daemon prio=5 tid=2278 timed_waiting&#10;java.lang.Thread.State: TIMED_WAITING&#10;        at sun.misc.Unsafe.park(Native Method)&#10;        at java.util.concurrent.locks.LockSupport.parkNanos(LockSupport.java:215)&#10;        at java.util.concurrent.locks.AbstractQueuedSynchronizer$ConditionObject.awaitNanos(AbstractQueuedSynchronizer.java:2078)&#10;        at java.util.concurrent.LinkedBlockingQueue.poll(LinkedBlockingQueue.java:467)&#10;        at org.apache.hadoop.ipc.CallQueueManager.take(CallQueueManager.java:317)&#10;        at org.apache.hadoop.ipc.Server$Handler.run(Server.java:2932)&#10;&quot;IPC Server handler 35 on default port 13035&quot; daemon prio=5 tid=2126 timed_waiting&#10;java.lang.Thread.State: TIMED_WAITING&#10;        at sun.misc.Unsafe.park(Native Method)&#10;        at java.util.concurrent.locks.LockSupport.parkNanos(LockSupport.java:215)&#10;        at java.util.concurrent.locks.AbstractQueuedSynchronizer$ConditionObject.awaitNanos(AbstractQueuedSynchronizer.java:2078)&#10;        at java.util.concurrent.LinkedBlockingQueue.poll(LinkedBlockingQueue.java:467)&#10;        at org.apache.hadoop.ipc.CallQueueManager.take(CallQueueManager.java:317)&#10;        at org.apache.hadoop.ipc.Server$Handler.run(Server.java:2932)&#10;&quot;pool-407-thread-1&quot;  prio=5 tid=2417 in Object.wait()&#10;java.lang.Thread.State: WAITING (on object monitor)&#10;        at sun.misc.Unsafe.park(Native Method)&#10;        at java.util.concurrent.locks.LockSupport.park(LockSupport.java:175)&#10;        at java.util.concurrent.locks.AbstractQueuedSynchronizer$ConditionObject.await(AbstractQueuedSynchronizer.java:2039)&#10;        at java.util.concurrent.LinkedBlockingQueue.take(LinkedBlockingQueue.java:442)&#10;        at java.util.concurrent.ThreadPoolExecutor.getTask(ThreadPoolExecutor.java:1074)&#10;        at java.util.concurrent.ThreadPoolExecutor.runWorker(ThreadPoolExecutor.java:1134)&#10;        at java.util.concurrent.ThreadPoolExecutor$Worker.run(ThreadPoolExecutor.java:624)&#10;        at java.lang.Thread.run(Thread.java:748)&#10;&quot;IPC Server handler 98 on default port 13033&quot; daemon prio=5 tid=2408 timed_waiting&#10;java.lang.Thread.State: TIMED_WAITING&#10;        at sun.misc.Unsafe.park(Native Method)&#10;        at java.util.concurrent.locks.LockSupport.parkNanos(LockSupport.java:215)&#10;        at java.util.concurrent.locks.AbstractQueuedSynchronizer$ConditionObject.awaitNanos(AbstractQueuedSynchronizer.java:2078)&#10;        at java.util.concurrent.LinkedBlockingQueue.poll(LinkedBlockingQueue.java:467)&#10;        at org.apache.hadoop.ipc.CallQueueManager.take(CallQueueManager.java:317)&#10;        at org.apache.hadoop.ipc.Server$Handler.run(Server.java:2932)&#10;&quot;EventQueue-PipelineReportForOneReplicaPipelineSafeModeRule&quot; daemon prio=5 tid=2414 in Object.wait()&#10;java.lang.Thread.State: WAITING (on object monitor)&#10;        at sun.misc.Unsafe.park(Native Method)&#10;        at java.util.concurrent.locks.LockSupport.park(LockSupport.java:175)&#10;        at java.util.concurrent.locks.AbstractQueuedSynchronizer$ConditionObject.await(AbstractQueuedSynchronizer.java:2039)&#10;        at java.util.concurrent.LinkedBlockingQueue.take(LinkedBlockingQueue.java:442)&#10;        at java.util.concurrent.ThreadPoolExecutor.getTask(ThreadPoolExecutor.java:1074)&#10;        at java.util.concurrent.ThreadPoolExecutor.runWorker(ThreadPoolExecutor.java:1134)&#10;        at java.util.concurrent.ThreadPoolExecutor$Worker.run(ThreadPoolExecutor.java:624)&#10;        at java.lang.Thread.run(Thread.java:748)&#10;&quot;process reaper&quot; daemon prio=10 tid=11 timed_waiting&#10;java.lang.Thread.State: TIMED_WAITING&#10;        at sun.misc.Unsafe.park(Native Method)&#10;        at java.util.concurrent.locks.LockSupport.parkNanos(LockSupport.java:215)&#10;        at java.util.concurrent.SynchronousQueue$TransferStack.awaitFulfill(SynchronousQueue.java:460)&#10;        at java.util.concurrent.SynchronousQueue$TransferStack.transfer(SynchronousQueue.java:362)&#10;        at java.util.concurrent.SynchronousQueue.poll(SynchronousQueue.java:941)&#10;        at java.util.concurrent.ThreadPoolExecutor.getTask(ThreadPoolExecutor.java:1073)&#10;        at java.util.concurrent.ThreadPoolExecutor.runWorker(ThreadPoolExecutor.java:1134)&#10;        at java.util.concurrent.ThreadPoolExecutor$Worker.run(ThreadPoolExecutor.java:624)&#10;        at java.lang.Thread.run(Thread.java:748)&#10;&quot;Datanode ReportManager Thread - 4&quot; daemon prio=5 tid=1745 in Object.wait()&#10;java.lang.Thread.State: WAITING (on object monitor)&#10;        at sun.misc.Unsafe.park(Native Method)&#10;        at java.util.concurrent.locks.LockSupport.park(LockSupport.java:175)&#10;        at java.util.concurrent.locks.AbstractQueuedSynchronizer$ConditionObject.await(AbstractQueuedSynchronizer.java:2039)&#10;        at java.util.concurrent.ScheduledThreadPoolExecutor$DelayedWorkQueue.take(ScheduledThreadPoolExecutor.java:1088)&#10;        at java.util.concurrent.ScheduledThreadPoolExecutor$DelayedWorkQueue.take(ScheduledThreadPoolExecutor.java:809)&#10;        at java.util.concurrent.ThreadPoolExecutor.getTask(ThreadPoolExecutor.java:1074)&#10;        at java.util.concurrent.ThreadPoolExecutor.runWorker(ThreadPoolExecutor.java:1134)&#10;        at java.util.concurrent.ThreadPoolExecutor$Worker.run(ThreadPoolExecutor.java:624)&#10;        at java.lang.Thread.run(Thread.java:748)&#10;&quot;Socket Reader #1 for port 13043&quot;  prio=5 tid=2425 runnable&#10;java.lang.Thread.State: RUNNABLE&#10;        at sun.nio.ch.EPollArrayWrapper.epollWait(Native Method)&#10;        at sun.nio.ch.EPollArrayWrapper.poll(EPollArrayWrapper.java:269)&#10;        at sun.nio.ch.EPollSelectorImpl.doSelect(EPollSelectorImpl.java:93)&#10;        at sun.nio.ch.SelectorImpl.lockAndDoSelect(SelectorImpl.java:86)&#10;        at sun.nio.ch.SelectorImpl.select(SelectorImpl.java:97)&#10;        at sun.nio.ch.SelectorImpl.select(SelectorImpl.java:101)&#10;        at org.apache.hadoop.ipc.Server$Listener$Reader.doRunLoop(Server.java:1288)&#10;        at org.apache.hadoop.ipc.Server$Listener$Reader.run(Server.java:1267)&#10;&quot;Socket Reader #1 for port 13033&quot;  prio=5 tid=2075 runnable&#10;java.lang.Thread.State: RUNNABLE&#10;        at sun.nio.ch.EPollArrayWrapper.epollWait(Native Method)&#10;        at sun.nio.ch.EPollArrayWrapper.poll(EPollArrayWrapper.java:269)&#10;        at sun.nio.ch.EPollSelectorImpl.doSelect(EPollSelectorImpl.java:93)&#10;        at sun.nio.ch.SelectorImpl.lockAndDoSelect(SelectorImpl.java:86)&#10;        at sun.nio.ch.SelectorImpl.select(SelectorImpl.java:97)&#10;        at sun.nio.ch.SelectorImpl.select(SelectorImpl.java:101)&#10;        at org.apache.hadoop.ipc.Server$Listener$Reader.doRunLoop(Server.java:1288)&#10;        at org.apache.hadoop.ipc.Server$Listener$Reader.run(Server.java:1267)&#10;&quot;RatisPipelineUtilsThread - 0&quot;  prio=5 tid=2534 timed_waiting&#10;java.lang.Thread.State: TIMED_WAITING&#10;        at java.lang.Object.wait(Native Method)&#10;        at org.apache.hadoop.hdds.scm.pipeline.BackgroundPipelineCreator.run(BackgroundPipelineCreator.java:183)&#10;        at org.apache.hadoop.hdds.scm.pipeline.BackgroundPipelineCreator$$Lambda$642/140163428.run(Unknown Source)&#10;        at java.lang.Thread.run(Thread.java:748)&#10;&quot;IPC Server handler 79 on default port 13033&quot; daemon prio=5 tid=2389 timed_waiting&#10;java.lang.Thread.State: TIMED_WAITING&#10;        at sun.misc.Unsafe.park(Native Method)&#10;        at java.util.concurrent.locks.LockSupport.parkNanos(LockSupport.java:215)&#10;        at java.util.concurrent.locks.AbstractQueuedSynchronizer$ConditionObject.awaitNanos(AbstractQueuedSynchronizer.java:2078)&#10;        at java.util.concurrent.LinkedBlockingQueue.poll(LinkedBlockingQueue.java:467)&#10;        at org.apache.hadoop.ipc.CallQueueManager.take(CallQueueManager.java:317)&#10;        at org.apache.hadoop.ipc.Server$Handler.run(Server.java:2932)&#10;&quot;IPC Server handler 18 on default port 13034&quot; daemon prio=5 tid=2209 timed_waiting&#10;java.lang.Thread.State: TIMED_WAITING&#10;        at sun.misc.Unsafe.park(Native Method)&#10;        at java.util.concurrent.locks.LockSupport.parkNanos(LockSupport.java:215)&#10;        at java.util.concurrent.locks.AbstractQueuedSynchronizer$ConditionObject.awaitNanos(AbstractQueuedSynchronizer.java:2078)&#10;        at java.util.concurrent.LinkedBlockingQueue.poll(LinkedBlockingQueue.java:467)&#10;        at org.apache.hadoop.ipc.CallQueueManager.take(CallQueueManager.java:317)&#10;        at org.apache.hadoop.ipc.Server$Handler.run(Server.java:2932)&#10;&quot;IPC Server handler 54 on default port 13034&quot; daemon prio=5 tid=2245 timed_waiting&#10;java.lang.Thread.State: TIMED_WAITING&#10;        at sun.misc.Unsafe.park(Native Method)&#10;        at java.util.concurrent.locks.LockSupport.parkNanos(LockSupport.java:215)&#10;        at java.util.concurrent.locks.AbstractQueuedSynchronizer$ConditionObject.awaitNanos(AbstractQueuedSynchronizer.java:2078)&#10;        at java.util.concurrent.LinkedBlockingQueue.poll(LinkedBlockingQueue.java:467)&#10;        at org.apache.hadoop.ipc.CallQueueManager.take(CallQueueManager.java:317)&#10;        at org.apache.hadoop.ipc.Server$Handler.run(Server.java:2932)&#10;&quot;IPC Server handler 29 on default port 13033&quot; daemon prio=5 tid=2339 timed_waiting&#10;java.lang.Thread.State: TIMED_WAITING&#10;        at sun.misc.Unsafe.park(Native Method)&#10;        at java.util.concurrent.locks.LockSupport.parkNanos(LockSupport.java:215)&#10;        at java.util.concurrent.locks.AbstractQueuedSynchronizer$ConditionObject.awaitNanos(AbstractQueuedSynchronizer.java:2078)&#10;        at java.util.concurrent.LinkedBlockingQueue.poll(LinkedBlockingQueue.java:467)&#10;        at org.apache.hadoop.ipc.CallQueueManager.take(CallQueueManager.java:317)&#10;        at org.apache.hadoop.ipc.Server$Handler.run(Server.java:2932)&#10;&quot;IPC Server Responder&quot; daemon prio=5 tid=2081 runnable&#10;java.lang.Thread.State: RUNNABLE&#10;        at sun.nio.ch.EPollArrayWrapper.epollWait(Native Method)&#10;        at sun.nio.ch.EPollArrayWrapper.poll(EPollArrayWrapper.java:269)&#10;        at sun.nio.ch.EPollSelectorImpl.doSelect(EPollSelectorImpl.java:93)&#10;        at sun.nio.ch.SelectorImpl.lockAndDoSelect(SelectorImpl.java:86)&#10;        at sun.nio.ch.SelectorImpl.select(SelectorImpl.java:97)&#10;        at org.apache.hadoop.ipc.Server$Responder.doRunLoop(Server.java:1527)&#10;        at org.apache.hadoop.ipc.Server$Responder.run(Server.java:1510)&#10;&quot;IPC Server handler 51 on default port 13034&quot; daemon prio=5 tid=2242 timed_waiting&#10;java.lang.Thread.State: TIMED_WAITING&#10;        at sun.misc.Unsafe.park(Native Method)&#10;        at java.util.concurrent.locks.LockSupport.parkNanos(LockSupport.java:215)&#10;        at java.util.concurrent.locks.AbstractQueuedSynchronizer$ConditionObject.awaitNanos(AbstractQueuedSynchronizer.java:2078)&#10;        at java.util.concurrent.LinkedBlockingQueue.poll(LinkedBlockingQueue.java:467)&#10;        at org.apache.hadoop.ipc.CallQueueManager.take(CallQueueManager.java:317)&#10;        at org.apache.hadoop.ipc.Server$Handler.run(Server.java:2932)&#10;&quot;IPC Server handler 75 on default port 13034&quot; daemon prio=5 tid=2266 timed_waiting&#10;java.lang.Thread.State: TIMED_WAITING&#10;        at sun.misc.Unsafe.park(Native Method)&#10;        at java.util.concurrent.locks.LockSupport.parkNanos(LockSupport.java:215)&#10;        at java.util.concurrent.locks.AbstractQueuedSynchronizer$ConditionObject.awaitNanos(AbstractQueuedSynchronizer.java:2078)&#10;        at java.util.concurrent.LinkedBlockingQueue.poll(LinkedBlockingQueue.java:467)&#10;        at org.apache.hadoop.ipc.CallQueueManager.take(CallQueueManager.java:317)&#10;        at org.apache.hadoop.ipc.Server$Handler.run(Server.java:2932)&#10;&quot;IPC Server handler 99 on default port 13033&quot; daemon prio=5 tid=2409 timed_waiting&#10;java.lang.Thread.State: TIMED_WAITING&#10;        at sun.misc.Unsafe.park(Native Method)&#10;        at java.util.concurrent.locks.LockSupport.parkNanos(LockSupport.java:215)&#10;        at java.util.concurrent.locks.AbstractQueuedSynchronizer$ConditionObject.awaitNanos(AbstractQueuedSynchronizer.java:2078)&#10;        at java.util.concurrent.LinkedBlockingQueue.poll(LinkedBlockingQueue.java:467)&#10;        at org.apache.hadoop.ipc.CallQueueManager.take(CallQueueManager.java:317)&#10;        at org.apache.hadoop.ipc.Server$Handler.run(Server.java:2932)&#10;&quot;IPC Server handler 88 on default port 13035&quot; daemon prio=5 tid=2179 timed_waiting&#10;java.lang.Thread.State: TIMED_WAITING&#10;        at sun.misc.Unsafe.park(Native Method)&#10;        at java.util.concurrent.locks.LockSupport.parkNanos(LockSupport.java:215)&#10;        at java.util.concurrent.locks.AbstractQueuedSynchronizer$ConditionObject.awaitNanos(AbstractQueuedSynchronizer.java:2078)&#10;        at java.util.concurrent.LinkedBlockingQueue.poll(LinkedBlockingQueue.java:467)&#10;        at org.apache.hadoop.ipc.CallQueueManager.take(CallQueueManager.java:317)&#10;        at org.apache.hadoop.ipc.Server$Handler.run(Server.java:2932)&#10;&quot;IPC Server handler 6 on default port 11132&quot; daemon prio=5 tid=2582 timed_waiting&#10;java.lang.Thread.State: TIMED_WAITING&#10;        at sun.misc.Unsafe.park(Native Method)&#10;        at java.util.concurrent.locks.LockSupport.parkNanos(LockSupport.java:215)&#10;        at java.util.concurrent.locks.AbstractQueuedSynchronizer$ConditionObject.awaitNanos(AbstractQueuedSynchronizer.java:2078)&#10;        at java.util.concurrent.LinkedBlockingQueue.poll(LinkedBlockingQueue.java:467)&#10;        at org.apache.hadoop.ipc.CallQueueManager.take(CallQueueManager.java:317)&#10;        at org.apache.hadoop.ipc.Server$Handler.run(Server.java:2932)&#10;&quot;qtp1999374326-2567&quot; daemon prio=5 tid=2567 runnable&#10;java.lang.Thread.State: RUNNABLE&#10;        at sun.nio.ch.EPollArrayWrapper.epollWait(Native Method)&#10;        at sun.nio.ch.EPollArrayWrapper.poll(EPollArrayWrapper.java:269)&#10;        at sun.nio.ch.EPollSelectorImpl.doSelect(EPollSelectorImpl.java:93)&#10;        at sun.nio.ch.SelectorImpl.lockAndDoSelect(SelectorImpl.java:86)&#10;        at sun.nio.ch.SelectorImpl.select(SelectorImpl.java:97)&#10;        at sun.nio.ch.SelectorImpl.select(SelectorImpl.java:101)&#10;        at org.eclipse.jetty.io.ManagedSelector.nioSelect(ManagedSelector.java:183)&#10;        at org.eclipse.jetty.io.ManagedSelector.select(ManagedSelector.java:190)&#10;        at org.eclipse.jetty.io.ManagedSelector$SelectorProducer.select(ManagedSelector.java:606)&#10;        at org.eclipse.jetty.io.ManagedSelector$SelectorProducer.produce(ManagedSelector.java:543)&#10;        at org.eclipse.jetty.util.thread.strategy.EatWhatYouKill.produceTask(EatWhatYouKill.java:362)&#10;        at org.eclipse.jetty.util.thread.strategy.EatWhatYouKill.doProduce(EatWhatYouKill.java:186)&#10;        at org.eclipse.jetty.util.thread.strategy.EatWhatYouKill.tryProduce(EatWhatYouKill.java:173)&#10;        at org.eclipse.jetty.util.thread.strategy.EatWhatYouKill.produce(EatWhatYouKill.java:137)&#10;        at org.eclipse.jetty.io.ManagedSelector$$Lambda$707/237279395.run(Unknown Source)&#10;        at org.eclipse.jetty.util.thread.QueuedThreadPool.runJob(QueuedThreadPool.java:883)&#10;        at org.eclipse.jetty.util.thread.QueuedThreadPool$Runner.run(QueuedThreadPool.java:1034)&#10;        at java.lang.Thread.run(Thread.java:748)&#10;&quot;IPC Server handler 8 on default port 13034&quot; daemon prio=5 tid=2199 timed_waiting&#10;java.lang.Thread.State: TIMED_WAITING&#10;        at sun.misc.Unsafe.park(Native Method)&#10;        at java.util.concurrent.locks.LockSupport.parkNanos(LockSupport.java:215)&#10;        at java.util.concurrent.locks.AbstractQueuedSynchronizer$ConditionObject.awaitNanos(AbstractQueuedSynchronizer.java:2078)&#10;        at java.util.concurrent.LinkedBlockingQueue.poll(LinkedBlockingQueue.java:467)&#10;        at org.apache.hadoop.ipc.CallQueueManager.take(CallQueueManager.java:317)&#10;        at org.apache.hadoop.ipc.Server$Handler.run(Server.java:2932)&#10;&quot;qtp1029395488-2296-acceptor-0@35466bac-ServerConnector@4b4989f6{HTTP/1.1, (http/1.1)}{0.0.0.0:13030}&quot; daemon prio=3 tid=2296 runnable&#10;java.lang.Thread.State: RUNNABLE&#10;        at sun.nio.ch.ServerSocketChannelImpl.accept0(Native Method)&#10;        at sun.nio.ch.ServerSocketChannelImpl.accept(ServerSocketChannelImpl.java:421)&#10;        at sun.nio.ch.ServerSocketChannelImpl.accept(ServerSocketChannelImpl.java:249)&#10;        at org.eclipse.jetty.server.ServerConnector.accept(ServerConnector.java:388)&#10;        at org.eclipse.jetty.server.AbstractConnector$Acceptor.run(AbstractConnector.java:702)&#10;        at org.eclipse.jetty.util.thread.QueuedThreadPool.runJob(QueuedThreadPool.java:883)&#10;        at org.eclipse.jetty.util.thread.QueuedThreadPool$Runner.run(QueuedThreadPool.java:1034)&#10;        at java.lang.Thread.run(Thread.java:748)&#10;&quot;IPC Server handler 28 on default port 13035&quot; daemon prio=5 tid=2119 timed_waiting&#10;java.lang.Thread.State: TIMED_WAITING&#10;        at sun.misc.Unsafe.park(Native Method)&#10;        at java.util.concurrent.locks.LockSupport.parkNanos(LockSupport.java:215)&#10;        at java.util.concurrent.locks.AbstractQueuedSynchronizer$ConditionObject.awaitNanos(AbstractQueuedSynchronizer.java:2078)&#10;        at java.util.concurrent.LinkedBlockingQueue.poll(LinkedBlockingQueue.java:467)&#10;        at org.apache.hadoop.ipc.CallQueueManager.take(CallQueueManager.java:317)&#10;        at org.apache.hadoop.ipc.Server$Handler.run(Server.java:2932)&#10;&quot;Datanode State Machine Daemon Thread&quot; daemon prio=5 tid=2666 timed_waiting&#10;java.lang.Thread.State: TIMED_WAITING&#10;        at sun.misc.Unsafe.park(Native Method)&#10;        at java.util.concurrent.locks.LockSupport.parkNanos(LockSupport.java:215)&#10;        at java.util.concurrent.locks.AbstractQueuedSynchronizer$ConditionObject.awaitNanos(AbstractQueuedSynchronizer.java:2078)&#10;        at java.util.concurrent.LinkedBlockingQueue.poll(LinkedBlockingQueue.java:467)&#10;        at java.util.concurrent.ExecutorCompletionService.poll(ExecutorCompletionService.java:202)&#10;        at org.apache.hadoop.ozone.container.common.states.datanode.RunningDatanodeState.await(RunningDatanodeState.java:224)&#10;        at org.apache.hadoop.ozone.container.common.states.datanode.RunningDatanodeState.await(RunningDatanodeState.java:50)&#10;        at org.apache.hadoop.ozone.container.common.statemachine.StateContext.execute(StateContext.java:633)&#10;        at org.apache.hadoop.ozone.container.common.statemachine.DatanodeStateMachine.start(DatanodeStateMachine.java:280)&#10;        at org.apache.hadoop.ozone.container.common.statemachine.DatanodeStateMachine.lambda$startDaemon$0(DatanodeStateMachine.java:468)&#10;        at org.apache.hadoop.ozone.container.common.statemachine.DatanodeStateMachine$$Lambda$891/1964303960.run(Unknown Source)&#10;        at java.lang.Thread.run(Thread.java:748)&#10;&quot;IPC Server handler 5 on default port 13045&quot; daemon prio=5 tid=2482 timed_waiting&#10;java.lang.Thread.State: TIMED_WAITING&#10;        at sun.misc.Unsafe.park(Native Method)&#10;        at java.util.concurrent.locks.LockSupport.parkNanos(LockSupport.java:215)&#10;        at java.util.concurrent.locks.AbstractQueuedSynchronizer$ConditionObject.awaitNanos(AbstractQueuedSynchronizer.java:2078)&#10;        at java.util.concurrent.LinkedBlockingQueue.poll(LinkedBlockingQueue.java:467)&#10;        at org.apache.hadoop.ipc.CallQueueManager.take(CallQueueManager.java:317)&#10;        at org.apache.hadoop.ipc.Server$Handler.run(Server.java:2932)&#10;&quot;IPC Server handler 63 on default port 13035&quot; daemon prio=5 tid=2154 timed_waiting&#10;java.lang.Thread.State: TIMED_WAITING&#10;        at sun.misc.Unsafe.park(Native Method)&#10;        at java.util.concurrent.locks.LockSupport.parkNanos(LockSupport.java:215)&#10;        at java.util.concurrent.locks.AbstractQueuedSynchronizer$ConditionObject.awaitNanos(AbstractQueuedSynchronizer.java:2078)&#10;        at java.util.concurrent.LinkedBlockingQueue.poll(LinkedBlockingQueue.java:467)&#10;        at org.apache.hadoop.ipc.CallQueueManager.take(CallQueueManager.java:317)&#10;        at org.apache.hadoop.ipc.Server$Handler.run(Server.java:2932)&#10;&quot;IPC Server handler 9 on default port 13034&quot; daemon prio=5 tid=2200 timed_waiting&#10;java.lang.Thread.State: TIMED_WAITING&#10;        at sun.misc.Unsafe.park(Native Method)&#10;        at java.util.concurrent.locks.LockSupport.parkNanos(LockSupport.java:215)&#10;        at java.util.concurrent.locks.AbstractQueuedSynchronizer$ConditionObject.awaitNanos(AbstractQueuedSynchronizer.java:2078)&#10;        at java.util.concurrent.LinkedBlockingQueue.poll(LinkedBlockingQueue.java:467)&#10;        at org.apache.hadoop.ipc.CallQueueManager.take(CallQueueManager.java:317)&#10;        at org.apache.hadoop.ipc.Server$Handler.run(Server.java:2932)&#10;&quot;IPC Server handler 27 on default port 13034&quot; daemon prio=5 tid=2218 timed_waiting&#10;java.lang.Thread.State: TIMED_WAITING&#10;        at sun.misc.Unsafe.park(Native Method)&#10;        at java.util.concurrent.locks.LockSupport.parkNanos(LockSupport.java:215)&#10;        at java.util.concurrent.locks.AbstractQueuedSynchronizer$ConditionObject.awaitNanos(AbstractQueuedSynchronizer.java:2078)&#10;        at java.util.concurrent.LinkedBlockingQueue.poll(LinkedBlockingQueue.java:467)&#10;        at org.apache.hadoop.ipc.CallQueueManager.take(CallQueueManager.java:317)&#10;        at org.apache.hadoop.ipc.Server$Handler.run(Server.java:2932)&#10;&quot;IPC Server handler 49 on default port 13034&quot; daemon prio=5 tid=2240 timed_waiting&#10;java.lang.Thread.State: TIMED_WAITING&#10;        at sun.misc.Unsafe.park(Native Method)&#10;        at java.util.concurrent.locks.LockSupport.parkNanos(LockSupport.java:215)&#10;        at java.util.concurrent.locks.AbstractQueuedSynchronizer$ConditionObject.awaitNanos(AbstractQueuedSynchronizer.java:2078)&#10;        at java.util.concurrent.LinkedBlockingQueue.poll(LinkedBlockingQueue.java:467)&#10;        at org.apache.hadoop.ipc.CallQueueManager.take(CallQueueManager.java:317)&#10;        at org.apache.hadoop.ipc.Server$Handler.run(Server.java:2932)&#10;&quot;IPC Server handler 7 on default port 13034&quot; daemon prio=5 tid=2198 timed_waiting&#10;java.lang.Thread.State: TIMED_WAITING&#10;        at sun.misc.Unsafe.park(Native Method)&#10;        at java.util.concurrent.locks.LockSupport.parkNanos(LockSupport.java:215)&#10;        at java.util.concurrent.locks.AbstractQueuedSynchronizer$ConditionObject.awaitNanos(AbstractQueuedSynchronizer.java:2078)&#10;        at java.util.concurrent.LinkedBlockingQueue.poll(LinkedBlockingQueue.java:467)&#10;        at org.apache.hadoop.ipc.CallQueueManager.take(CallQueueManager.java:317)&#10;        at org.apache.hadoop.ipc.Server$Handler.run(Server.java:2932)&#10;&quot;IPC Server handler 43 on default port 13034&quot; daemon prio=5 tid=2234 timed_waiting&#10;java.lang.Thread.State: TIMED_WAITING&#10;        at sun.misc.Unsafe.park(Native Method)&#10;        at java.util.concurrent.locks.LockSupport.parkNanos(LockSupport.java:215)&#10;        at java.util.concurrent.locks.AbstractQueuedSynchronizer$ConditionObject.awaitNanos(AbstractQueuedSynchronizer.java:2078)&#10;        at java.util.concurrent.LinkedBlockingQueue.poll(LinkedBlockingQueue.java:467)&#10;        at org.apache.hadoop.ipc.CallQueueManager.take(CallQueueManager.java:317)&#10;        at org.apache.hadoop.ipc.Server$Handler.run(Server.java:2932)&#10;&quot;org.apache.ratis.util.JvmPauseMonitor$$Lambda$499/17331878@152eed56&quot; daemon prio=5 tid=2436 timed_waiting&#10;java.lang.Thread.State: TIMED_WAITING&#10;        at java.lang.Thread.sleep(Native Method)&#10;        at java.lang.Thread.sleep(Thread.java:340)&#10;        at java.util.concurrent.TimeUnit.sleep(TimeUnit.java:386)&#10;        at org.apache.ratis.util.TimeDuration.sleep(TimeDuration.java:324)&#10;        at org.apache.ratis.util.TimeDuration.sleep(TimeDuration.java:309)&#10;        at org.apache.ratis.util.JvmPauseMonitor.detectPause(JvmPauseMonitor.java:117)&#10;        at org.apache.ratis.util.JvmPauseMonitor.run(JvmPauseMonitor.java:106)&#10;        at org.apache.ratis.util.JvmPauseMonitor$$Lambda$499/17331878.run(Unknown Source)&#10;        at java.lang.Thread.run(Thread.java:748)&#10;&quot;IPC Server handler 11 on default port 13033&quot; daemon prio=5 tid=2321 timed_waiting&#10;java.lang.Thread.State: TIMED_WAITING&#10;        at sun.misc.Unsafe.park(Native Method)&#10;        at java.util.concurrent.locks.LockSupport.parkNanos(LockSupport.java:215)&#10;        at java.util.concurrent.locks.AbstractQueuedSynchronizer$ConditionObject.awaitNanos(AbstractQueuedSynchronizer.java:2078)&#10;        at java.util.concurrent.LinkedBlockingQueue.poll(LinkedBlockingQueue.java:467)&#10;        at org.apache.hadoop.ipc.CallQueueManager.take(CallQueueManager.java:317)&#10;        at org.apache.hadoop.ipc.Server$Handler.run(Server.java:2932)&#10;&quot;IPC Server handler 47 on default port 13034&quot; daemon prio=5 tid=2238 timed_waiting&#10;java.lang.Thread.State: TIMED_WAITING&#10;        at sun.misc.Unsafe.park(Native Method)&#10;        at java.util.concurrent.locks.LockSupport.parkNanos(LockSupport.java:215)&#10;        at java.util.concurrent.locks.AbstractQueuedSynchronizer$ConditionObject.awaitNanos(AbstractQueuedSynchronizer.java:2078)&#10;        at java.util.concurrent.LinkedBlockingQueue.poll(LinkedBlockingQueue.java:467)&#10;        at org.apache.hadoop.ipc.CallQueueManager.take(CallQueueManager.java:317)&#10;        at org.apache.hadoop.ipc.Server$Handler.run(Server.java:2932)&#10;&quot;qtp1813996673-2606&quot; daemon prio=5 tid=2606 timed_waiting&#10;java.lang.Thread.State: TIMED_WAITING&#10;        at sun.misc.Unsafe.park(Native Method)&#10;        at java.util.concurrent.locks.LockSupport.parkNanos(LockSupport.java:215)&#10;        at java.util.concurrent.locks.AbstractQueuedSynchronizer$ConditionObject.awaitNanos(AbstractQueuedSynchronizer.java:2078)&#10;        at org.eclipse.jetty.util.BlockingArrayQueue.poll(BlockingArrayQueue.java:382)&#10;        at org.eclipse.jetty.util.thread.QueuedThreadPool$Runner.idleJobPoll(QueuedThreadPool.java:974)&#10;        at org.eclipse.jetty.util.thread.QueuedThreadPool$Runner.run(QueuedThreadPool.java:1018)&#10;        at java.lang.Thread.run(Thread.java:748)&#10;&quot;IPC Server handler 21 on default port 13034&quot; daemon prio=5 tid=2212 timed_waiting&#10;java.lang.Thread.State: TIMED_WAITING&#10;        at sun.misc.Unsafe.park(Native Method)&#10;        at java.util.concurrent.locks.LockSupport.parkNanos(LockSupport.java:215)&#10;        at java.util.concurrent.locks.AbstractQueuedSynchronizer$ConditionObject.awaitNanos(AbstractQueuedSynchronizer.java:2078)&#10;        at java.util.concurrent.LinkedBlockingQueue.poll(LinkedBlockingQueue.java:467)&#10;        at org.apache.hadoop.ipc.CallQueueManager.take(CallQueueManager.java:317)&#10;        at org.apache.hadoop.ipc.Server$Handler.run(Server.java:2932)&#10;&quot;IPC Server handler 8 on default port 13045&quot; daemon prio=5 tid=2485 timed_waiting&#10;java.lang.Thread.State: TIMED_WAITING&#10;        at sun.misc.Unsafe.park(Native Method)&#10;        at java.util.concurrent.locks.LockSupport.parkNanos(LockSupport.java:215)&#10;        at java.util.concurrent.locks.AbstractQueuedSynchronizer$ConditionObject.awaitNanos(AbstractQueuedSynchronizer.java:2078)&#10;        at java.util.concurrent.LinkedBlockingQueue.poll(LinkedBlockingQueue.java:467)&#10;        at org.apache.hadoop.ipc.CallQueueManager.take(CallQueueManager.java:317)&#10;        at org.apache.hadoop.ipc.Server$Handler.run(Server.java:2932)&#10;&quot;IPC Server handler 64 on default port 13035&quot; daemon prio=5 tid=2155 timed_waiting&#10;java.lang.Thread.State: TIMED_WAITING&#10;        at sun.misc.Unsafe.park(Native Method)&#10;        at java.util.concurrent.locks.LockSupport.parkNanos(LockSupport.java:215)&#10;        at java.util.concurrent.locks.AbstractQueuedSynchronizer$ConditionObject.awaitNanos(AbstractQueuedSynchronizer.java:2078)&#10;        at java.util.concurrent.LinkedBlockingQueue.poll(LinkedBlockingQueue.java:467)&#10;        at org.apache.hadoop.ipc.CallQueueManager.take(CallQueueManager.java:317)&#10;        at org.apache.hadoop.ipc.Server$Handler.run(Server.java:2932)&#10;&quot;IPC Server handler 49 on default port 13035&quot; daemon prio=5 tid=2140 timed_waiting&#10;java.lang.Thread.State: TIMED_WAITING&#10;        at sun.misc.Unsafe.park(Native Method)&#10;        at java.util.concurrent.locks.LockSupport.parkNanos(LockSupport.java:215)&#10;        at java.util.concurrent.locks.AbstractQueuedSynchronizer$ConditionObject.awaitNanos(AbstractQueuedSynchronizer.java:2078)&#10;        at java.util.concurrent.LinkedBlockingQueue.poll(LinkedBlockingQueue.java:467)&#10;        at org.apache.hadoop.ipc.CallQueueManager.take(CallQueueManager.java:317)&#10;        at org.apache.hadoop.ipc.Server$Handler.run(Server.java:2932)&#10;&quot;IPC Server handler 59 on default port 13033&quot; daemon prio=5 tid=2369 timed_waiting&#10;java.lang.Thread.State: TIMED_WAITING&#10;        at sun.misc.Unsafe.park(Native Method)&#10;        at java.util.concurrent.locks.LockSupport.parkNanos(LockSupport.java:215)&#10;        at java.util.concurrent.locks.AbstractQueuedSynchronizer$ConditionObject.awaitNanos(AbstractQueuedSynchronizer.java:2078)&#10;        at java.util.concurrent.LinkedBlockingQueue.poll(LinkedBlockingQueue.java:467)&#10;        at org.apache.hadoop.ipc.CallQueueManager.take(CallQueueManager.java:317)&#10;        at org.apache.hadoop.ipc.Server$Handler.run(Server.java:2932)&#10;&quot;Datanode ReportManager Thread - 0&quot; daemon prio=5 tid=588 in Object.wait()&#10;java.lang.Thread.State: WAITING (on object monitor)&#10;        at sun.misc.Unsafe.park(Native Method)&#10;        at java.util.concurrent.locks.LockSupport.park(LockSupport.java:175)&#10;        at java.util.concurrent.locks.AbstractQueuedSynchronizer$ConditionObject.await(AbstractQueuedSynchronizer.java:2039)&#10;        at java.util.concurrent.ScheduledThreadPoolExecutor$DelayedWorkQueue.take(ScheduledThreadPoolExecutor.java:1088)&#10;        at java.util.concurrent.ScheduledThreadPoolExecutor$DelayedWorkQueue.take(ScheduledThreadPoolExecutor.java:809)&#10;        at java.util.concurrent.ThreadPoolExecutor.getTask(ThreadPoolExecutor.java:1074)&#10;        at java.util.concurrent.ThreadPoolExecutor.runWorker(ThreadPoolExecutor.java:1134)&#10;        at java.util.concurrent.ThreadPoolExecutor$Worker.run(ThreadPoolExecutor.java:624)&#10;        at java.lang.Thread.run(Thread.java:748)&#10;&quot;Datanode ReportManager Thread - 0&quot; daemon prio=5 tid=1741 in Object.wait()&#10;java.lang.Thread.State: WAITING (on object monitor)&#10;        at sun.misc.Unsafe.park(Native Method)&#10;        at java.util.concurrent.locks.LockSupport.park(LockSupport.java:175)&#10;        at java.util.concurrent.locks.AbstractQueuedSynchronizer$ConditionObject.await(AbstractQueuedSynchronizer.java:2039)&#10;        at java.util.concurrent.ScheduledThreadPoolExecutor$DelayedWorkQueue.take(ScheduledThreadPoolExecutor.java:1088)&#10;        at java.util.concurrent.ScheduledThreadPoolExecutor$DelayedWorkQueue.take(ScheduledThreadPoolExecutor.java:809)&#10;        at java.util.concurrent.ThreadPoolExecutor.getTask(ThreadPoolExecutor.java:1074)&#10;        at java.util.concurrent.ThreadPoolExecutor.runWorker(ThreadPoolExecutor.java:1134)&#10;        at java.util.concurrent.ThreadPoolExecutor$Worker.run(ThreadPoolExecutor.java:624)&#10;        at java.lang.Thread.run(Thread.java:748)&#10;&quot;Datanode ReportManager Thread - 3&quot; daemon prio=5 tid=566 in Object.wait()&#10;java.lang.Thread.State: WAITING (on object monitor)&#10;        at sun.misc.Unsafe.park(Native Method)&#10;        at java.util.concurrent.locks.LockSupport.park(LockSupport.java:175)&#10;        at java.util.concurrent.locks.AbstractQueuedSynchronizer$ConditionObject.await(AbstractQueuedSynchronizer.java:2039)&#10;        at java.util.concurrent.ScheduledThreadPoolExecutor$DelayedWorkQueue.take(ScheduledThreadPoolExecutor.java:1088)&#10;        at java.util.concurrent.ScheduledThreadPoolExecutor$DelayedWorkQueue.take(ScheduledThreadPoolExecutor.java:809)&#10;        at java.util.concurrent.ThreadPoolExecutor.getTask(ThreadPoolExecutor.java:1074)&#10;        at java.util.concurrent.ThreadPoolExecutor.runWorker(ThreadPoolExecutor.java:1134)&#10;        at java.util.concurrent.ThreadPoolExecutor$Worker.run(ThreadPoolExecutor.java:624)&#10;        at java.lang.Thread.run(Thread.java:748)&#10;&quot;IPC Server handler 30 on default port 13035&quot; daemon prio=5 tid=2121 timed_waiting&#10;java.lang.Thread.State: TIMED_WAITING&#10;        at sun.misc.Unsafe.park(Native Method)&#10;        at java.util.concurrent.locks.LockSupport.parkNanos(LockSupport.java:215)&#10;        at java.util.concurrent.locks.AbstractQueuedSynchronizer$ConditionObject.awaitNanos(AbstractQueuedSynchronizer.java:2078)&#10;        at java.util.concurrent.LinkedBlockingQueue.poll(LinkedBlockingQueue.java:467)&#10;        at org.apache.hadoop.ipc.CallQueueManager.take(CallQueueManager.java:317)&#10;        at org.apache.hadoop.ipc.Server$Handler.run(Server.java:2932)&#10;&quot;IPC Server handler 70 on default port 13033&quot; daemon prio=5 tid=2380 timed_waiting&#10;java.lang.Thread.State: TIMED_WAITING&#10;        at sun.misc.Unsafe.park(Native Method)&#10;        at java.util.concurrent.locks.LockSupport.parkNanos(LockSupport.java:215)&#10;        at java.util.concurrent.locks.AbstractQueuedSynchronizer$ConditionObject.awaitNanos(AbstractQueuedSynchronizer.java:2078)&#10;        at java.util.concurrent.LinkedBlockingQueue.poll(LinkedBlockingQueue.java:467)&#10;        at org.apache.hadoop.ipc.CallQueueManager.take(CallQueueManager.java:317)&#10;        at org.apache.hadoop.ipc.Server$Handler.run(Server.java:2932)&#10;&quot;ChunkWriter-0-0&quot; daemon prio=5 tid=2711 in Object.wait()&#10;java.lang.Thread.State: WAITING (on object monitor)&#10;        at sun.misc.Unsafe.park(Native Method)&#10;        at java.util.concurrent.locks.LockSupport.park(LockSupport.java:175)&#10;        at java.util.concurrent.locks.AbstractQueuedSynchronizer$ConditionObject.await(AbstractQueuedSynchronizer.java:2039)&#10;        at java.util.concurrent.LinkedBlockingDeque.takeFirst(LinkedBlockingDeque.java:492)&#10;        at java.util.concurrent.LinkedBlockingDeque.take(LinkedBlockingDeque.java:680)&#10;        at java.util.concurrent.ThreadPoolExecutor.getTask(ThreadPoolExecutor.java:1074)&#10;        at java.util.concurrent.ThreadPoolExecutor.runWorker(ThreadPoolExecutor.java:1134)&#10;        at java.util.concurrent.ThreadPoolExecutor$Worker.run(ThreadPoolExecutor.java:624)&#10;        at java.lang.Thread.run(Thread.java:748)&#10;&quot;IPC Server handler 83 on default port 13035&quot; daemon prio=5 tid=2174 timed_waiting&#10;java.lang.Thread.State: TIMED_WAITING&#10;        at sun.misc.Unsafe.park(Native Method)&#10;        at java.util.concurrent.locks.LockSupport.parkNanos(LockSupport.java:215)&#10;        at java.util.concurrent.locks.AbstractQueuedSynchronizer$ConditionObject.awaitNanos(AbstractQueuedSynchronizer.java:2078)&#10;        at java.util.concurrent.LinkedBlockingQueue.poll(LinkedBlockingQueue.java:467)&#10;        at org.apache.hadoop.ipc.CallQueueManager.take(CallQueueManager.java:317)&#10;        at org.apache.hadoop.ipc.Server$Handler.run(Server.java:2932)&#10;&quot;Datanode ReportManager Thread - 0&quot; daemon prio=5 tid=1689 in Object.wait()&#10;java.lang.Thread.State: WAITING (on object monitor)&#10;        at sun.misc.Unsafe.park(Native Method)&#10;        at java.util.concurrent.locks.LockSupport.park(LockSupport.java:175)&#10;        at java.util.concurrent.locks.AbstractQueuedSynchronizer$ConditionObject.await(AbstractQueuedSynchronizer.java:2039)&#10;        at java.util.concurrent.ScheduledThreadPoolExecutor$DelayedWorkQueue.take(ScheduledThreadPoolExecutor.java:1088)&#10;        at java.util.concurrent.ScheduledThreadPoolExecutor$DelayedWorkQueue.take(ScheduledThreadPoolExecutor.java:809)&#10;        at java.util.concurrent.ThreadPoolExecutor.getTask(ThreadPoolExecutor.java:1074)&#10;        at java.util.concurrent.ThreadPoolExecutor.runWorker(ThreadPoolExecutor.java:1134)&#10;        at java.util.concurrent.ThreadPoolExecutor$Worker.run(ThreadPoolExecutor.java:624)&#10;        at java.lang.Thread.run(Thread.java:748)&#10;&quot;IPC Server handler 38 on default port 13033&quot; daemon prio=5 tid=2348 timed_waiting&#10;java.lang.Thread.State: TIMED_WAITING&#10;        at sun.misc.Unsafe.park(Native Method)&#10;        at java.util.concurrent.locks.LockSupport.parkNanos(LockSupport.java:215)&#10;        at java.util.concurrent.locks.AbstractQueuedSynchronizer$ConditionObject.awaitNanos(AbstractQueuedSynchronizer.java:2078)&#10;        at java.util.concurrent.LinkedBlockingQueue.poll(LinkedBlockingQueue.java:467)&#10;        at org.apache.hadoop.ipc.CallQueueManager.take(CallQueueManager.java:317)&#10;        at org.apache.hadoop.ipc.Server$Handler.run(Server.java:2932)&#10;&quot;qtp1813996673-2608&quot; daemon prio=5 tid=2608 timed_waiting&#10;java.lang.Thread.State: TIMED_WAITING&#10;        at sun.misc.Unsafe.park(Native Method)&#10;        at java.util.concurrent.locks.LockSupport.parkNanos(LockSupport.java:215)&#10;        at java.util.concurrent.locks.AbstractQueuedSynchronizer$ConditionObject.awaitNanos(AbstractQueuedSynchronizer.java:2078)&#10;        at org.eclipse.jetty.util.BlockingArrayQueue.poll(BlockingArrayQueue.java:382)&#10;        at org.eclipse.jetty.util.thread.QueuedThreadPool$Runner.idleJobPoll(QueuedThreadPool.java:974)&#10;        at org.eclipse.jetty.util.thread.QueuedThreadPool$Runner.run(QueuedThreadPool.java:1018)&#10;        at java.lang.Thread.run(Thread.java:748)&#10;&quot;ChunkWriter-3-0&quot; daemon prio=5 tid=2700 in Object.wait()&#10;java.lang.Thread.State: WAITING (on object monitor)&#10;        at sun.misc.Unsafe.park(Native Method)&#10;        at java.util.concurrent.locks.LockSupport.park(LockSupport.java:175)&#10;        at java.util.concurrent.locks.AbstractQueuedSynchronizer$ConditionObject.await(AbstractQueuedSynchronizer.java:2039)&#10;        at java.util.concurrent.LinkedBlockingDeque.takeFirst(LinkedBlockingDeque.java:492)&#10;        at java.util.concurrent.LinkedBlockingDeque.take(LinkedBlockingDeque.java:680)&#10;        at java.util.concurrent.ThreadPoolExecutor.getTask(ThreadPoolExecutor.java:1074)&#10;        at java.util.concurrent.ThreadPoolExecutor.runWorker(ThreadPoolExecutor.java:1134)&#10;        at java.util.concurrent.ThreadPoolExecutor$Worker.run(ThreadPoolExecutor.java:624)&#10;        at java.lang.Thread.run(Thread.java:748)&#10;&quot;Socket Reader #1 for port 11132&quot;  prio=5 tid=2556 runnable&#10;java.lang.Thread.State: RUNNABLE&#10;        at sun.nio.ch.EPollArrayWrapper.epollWait(Native Method)&#10;        at sun.nio.ch.EPollArrayWrapper.poll(EPollArrayWrapper.java:269)&#10;        at sun.nio.ch.EPollSelectorImpl.doSelect(EPollSelectorImpl.java:93)&#10;        at sun.nio.ch.SelectorImpl.lockAndDoSelect(SelectorImpl.java:86)&#10;        at sun.nio.ch.SelectorImpl.select(SelectorImpl.java:97)&#10;        at sun.nio.ch.SelectorImpl.select(SelectorImpl.java:101)&#10;        at org.apache.hadoop.ipc.Server$Listener$Reader.doRunLoop(Server.java:1288)&#10;        at org.apache.hadoop.ipc.Server$Listener$Reader.run(Server.java:1267)&#10;&quot;Datanode ReportManager Thread - 2&quot; daemon prio=5 tid=2616 in Object.wait()&#10;java.lang.Thread.State: WAITING (on object monitor)&#10;        at sun.misc.Unsafe.park(Native Method)&#10;        at java.util.concurrent.locks.LockSupport.park(LockSupport.java:175)&#10;        at java.util.concurrent.locks.AbstractQueuedSynchronizer$ConditionObject.await(AbstractQueuedSynchronizer.java:2039)&#10;        at java.util.concurrent.ScheduledThreadPoolExecutor$DelayedWorkQueue.take(ScheduledThreadPoolExecutor.java:1088)&#10;        at java.util.concurrent.ScheduledThreadPoolExecutor$DelayedWorkQueue.take(ScheduledThreadPoolExecutor.java:809)&#10;        at java.util.concurrent.ThreadPoolExecutor.getTask(ThreadPoolExecutor.java:1074)&#10;        at java.util.concurrent.ThreadPoolExecutor.runWorker(ThreadPoolExecutor.java:1134)&#10;        at java.util.concurrent.ThreadPoolExecutor$Worker.run(ThreadPoolExecutor.java:624)&#10;        at java.lang.Thread.run(Thread.java:748)&#10;&quot;IPC Server handler 26 on default port 13033&quot; daemon prio=5 tid=2336 timed_waiting&#10;java.lang.Thread.State: TIMED_WAITING&#10;        at sun.misc.Unsafe.park(Native Method)&#10;        at java.util.concurrent.locks.LockSupport.parkNanos(LockSupport.java:215)&#10;        at java.util.concurrent.locks.AbstractQueuedSynchronizer$ConditionObject.awaitNanos(AbstractQueuedSynchronizer.java:2078)&#10;        at java.util.concurrent.LinkedBlockingQueue.poll(LinkedBlockingQueue.java:467)&#10;        at org.apache.hadoop.ipc.CallQueueManager.take(CallQueueManager.java:317)&#10;        at org.apache.hadoop.ipc.Server$Handler.run(Server.java:2932)&#10;&quot;Periodic HDDS volume checker&quot; daemon prio=5 tid=2598 timed_waiting&#10;java.lang.Thread.State: TIMED_WAITING&#10;        at sun.misc.Unsafe.park(Native Method)&#10;        at java.util.concurrent.locks.LockSupport.parkNanos(LockSupport.java:215)&#10;        at java.util.concurrent.locks.AbstractQueuedSynchronizer$ConditionObject.awaitNanos(AbstractQueuedSynchronizer.java:2078)&#10;        at java.util.concurrent.ScheduledThreadPoolExecutor$DelayedWorkQueue.take(ScheduledThreadPoolExecutor.java:1093)&#10;        at java.util.concurrent.ScheduledThreadPoolExecutor$DelayedWorkQueue.take(ScheduledThreadPoolExecutor.java:809)&#10;        at java.util.concurrent.ThreadPoolExecutor.getTask(ThreadPoolExecutor.java:1074)&#10;        at java.util.concurrent.ThreadPoolExecutor.runWorker(ThreadPoolExecutor.java:1134)&#10;        at java.util.concurrent.ThreadPoolExecutor$Worker.run(ThreadPoolExecutor.java:624)&#10;        at java.lang.Thread.run(Thread.java:748)&#10;&quot;Datanode State Machine Task Thread - 2&quot;  prio=5 tid=2706 in Object.wait()&#10;java.lang.Thread.State: WAITING (on object monitor)&#10;        at sun.misc.Unsafe.park(Native Method)&#10;        at java.util.concurrent.locks.LockSupport.park(LockSupport.java:175)&#10;        at java.util.concurrent.locks.AbstractQueuedSynchronizer$ConditionObject.await(AbstractQueuedSynchronizer.java:2039)&#10;        at java.util.concurrent.LinkedBlockingQueue.take(LinkedBlockingQueue.java:442)&#10;        at java.util.concurrent.ThreadPoolExecutor.getTask(ThreadPoolExecutor.java:1074)&#10;        at java.util.concurrent.ThreadPoolExecutor.runWorker(ThreadPoolExecutor.java:1134)&#10;        at java.util.concurrent.ThreadPoolExecutor$Worker.run(ThreadPoolExecutor.java:624)&#10;        at java.lang.Thread.run(Thread.java:748)&#10;&quot;IPC Server handler 24 on default port 13035&quot; daemon prio=5 tid=2115 timed_waiting&#10;java.lang.Thread.State: TIMED_WAITING&#10;        at sun.misc.Unsafe.park(Native Method)&#10;        at java.util.concurrent.locks.LockSupport.parkNanos(LockSupport.java:215)&#10;        at java.util.concurrent.locks.AbstractQueuedSynchronizer$ConditionObject.awaitNanos(AbstractQueuedSynchronizer.java:2078)&#10;        at java.util.concurrent.LinkedBlockingQueue.poll(LinkedBlockingQueue.java:467)&#10;        at org.apache.hadoop.ipc.CallQueueManager.take(CallQueueManager.java:317)&#10;        at org.apache.hadoop.ipc.Server$Handler.run(Server.java:2932)&#10;&quot;Datanode State Machine Task Thread - 0&quot;  prio=5 tid=2621 in Object.wait()&#10;java.lang.Thread.State: WAITING (on object monitor)&#10;        at sun.misc.Unsafe.park(Native Method)&#10;        at java.util.concurrent.locks.LockSupport.park(LockSupport.java:175)&#10;        at java.util.concurrent.locks.AbstractQueuedSynchronizer$ConditionObject.await(AbstractQueuedSynchronizer.java:2039)&#10;        at java.util.concurrent.LinkedBlockingQueue.take(LinkedBlockingQueue.java:442)&#10;        at java.util.concurrent.ThreadPoolExecutor.getTask(ThreadPoolExecutor.java:1074)&#10;        at java.util.concurrent.ThreadPoolExecutor.runWorker(ThreadPoolExecutor.java:1134)&#10;        at java.util.concurrent.ThreadPoolExecutor$Worker.run(ThreadPoolExecutor.java:624)&#10;        at java.lang.Thread.run(Thread.java:748)&#10;&quot;IPC Server handler 2 on default port 13045&quot; daemon prio=5 tid=2479 timed_waiting&#10;java.lang.Thread.State: TIMED_WAITING&#10;        at sun.misc.Unsafe.park(Native Method)&#10;        at java.util.concurrent.locks.LockSupport.parkNanos(LockSupport.java:215)&#10;        at java.util.concurrent.locks.AbstractQueuedSynchronizer$ConditionObject.awaitNanos(AbstractQueuedSynchronizer.java:2078)&#10;        at java.util.concurrent.LinkedBlockingQueue.poll(LinkedBlockingQueue.java:467)&#10;        at org.apache.hadoop.ipc.CallQueueManager.take(CallQueueManager.java:317)&#10;        at org.apache.hadoop.ipc.Server$Handler.run(Server.java:2932)&#10;&quot;IPC Server handler 12 on default port 13043&quot; daemon prio=5 tid=2467 timed_waiting&#10;java.lang.Thread.State: TIMED_WAITING&#10;        at sun.misc.Unsafe.park(Native Method)&#10;        at java.util.concurrent.locks.LockSupport.parkNanos(LockSupport.java:215)&#10;        at java.util.concurrent.locks.AbstractQueuedSynchronizer$ConditionObject.awaitNanos(AbstractQueuedSynchronizer.java:2078)&#10;        at java.util.concurrent.LinkedBlockingQueue.poll(LinkedBlockingQueue.java:467)&#10;        at org.apache.hadoop.ipc.CallQueueManager.take(CallQueueManager.java:317)&#10;        at org.apache.hadoop.ipc.Server$Handler.run(Server.java:2932)&#10;&quot;IPC Server handler 6 on default port 13033&quot; daemon prio=5 tid=2316 timed_waiting&#10;java.lang.Thread.State: TIMED_WAITING&#10;        at sun.misc.Unsafe.park(Native Method)&#10;        at java.util.concurrent.locks.LockSupport.parkNanos(LockSupport.java:215)&#10;        at java.util.concurrent.locks.AbstractQueuedSynchronizer$ConditionObject.awaitNanos(AbstractQueuedSynchronizer.java:2078)&#10;        at java.util.concurrent.LinkedBlockingQueue.poll(LinkedBlockingQueue.java:467)&#10;        at org.apache.hadoop.ipc.CallQueueManager.take(CallQueueManager.java:317)&#10;        at org.apache.hadoop.ipc.Server$Handler.run(Server.java:2932)&#10;&quot;Session-HouseKeeper-3c91189-1&quot;  prio=5 tid=2665 timed_waiting&#10;java.lang.Thread.State: TIMED_WAITING&#10;        at sun.misc.Unsafe.park(Native Method)&#10;        at java.util.concurrent.locks.LockSupport.parkNanos(LockSupport.java:215)&#10;        at java.util.concurrent.locks.AbstractQueuedSynchronizer$ConditionObject.awaitNanos(AbstractQueuedSynchronizer.java:2078)&#10;        at java.util.concurrent.ScheduledThreadPoolExecutor$DelayedWorkQueue.take(ScheduledThreadPoolExecutor.java:1093)&#10;        at java.util.concurrent.ScheduledThreadPoolExecutor$DelayedWorkQueue.take(ScheduledThreadPoolExecutor.java:809)&#10;        at java.util.concurrent.ThreadPoolExecutor.getTask(ThreadPoolExecutor.java:1074)&#10;        at java.util.concurrent.ThreadPoolExecutor.runWorker(ThreadPoolExecutor.java:1134)&#10;        at java.util.concurrent.ThreadPoolExecutor$Worker.run(ThreadPoolExecutor.java:624)&#10;        at java.lang.Thread.run(Thread.java:748)&#10;&quot;Socket Reader #1 for port 13054&quot;  prio=5 tid=2542 runnable&#10;java.lang.Thread.State: RUNNABLE&#10;        at sun.nio.ch.EPollArrayWrapper.epollWait(Native Method)&#10;        at sun.nio.ch.EPollArrayWrapper.poll(EPollArrayWrapper.java:269)&#10;        at sun.nio.ch.EPollSelectorImpl.doSelect(EPollSelectorImpl.java:93)&#10;        at sun.nio.ch.SelectorImpl.lockAndDoSelect(SelectorImpl.java:86)&#10;        at sun.nio.ch.SelectorImpl.select(SelectorImpl.java:97)&#10;        at sun.nio.ch.SelectorImpl.select(SelectorImpl.java:101)&#10;        at org.apache.hadoop.ipc.Server$Listener$Reader.doRunLoop(Server.java:1288)&#10;        at org.apache.hadoop.ipc.Server$Listener$Reader.run(Server.java:1267)&#10;&quot;IPC Server handler 15 on default port 13035&quot; daemon prio=5 tid=2106 timed_waiting&#10;java.lang.Thread.State: TIMED_WAITING&#10;        at sun.misc.Unsafe.park(Native Method)&#10;        at java.util.concurrent.locks.LockSupport.parkNanos(LockSupport.java:215)&#10;        at java.util.concurrent.locks.AbstractQueuedSynchronizer$ConditionObject.awaitNanos(AbstractQueuedSynchronizer.java:2078)&#10;        at java.util.concurrent.LinkedBlockingQueue.poll(LinkedBlockingQueue.java:467)&#10;        at org.apache.hadoop.ipc.CallQueueManager.take(CallQueueManager.java:317)&#10;        at org.apache.hadoop.ipc.Server$Handler.run(Server.java:2932)&#10;&quot;ChunkWriter-0-0&quot; daemon prio=5 tid=2697 in Object.wait()&#10;java.lang.Thread.State: WAITING (on object monitor)&#10;        at sun.misc.Unsafe.park(Native Method)&#10;        at java.util.concurrent.locks.LockSupport.park(LockSupport.java:175)&#10;        at java.util.concurrent.locks.AbstractQueuedSynchronizer$ConditionObject.await(AbstractQueuedSynchronizer.java:2039)&#10;        at java.util.concurrent.LinkedBlockingDeque.takeFirst(LinkedBlockingDeque.java:492)&#10;        at java.util.concurrent.LinkedBlockingDeque.take(LinkedBlockingDeque.java:680)&#10;        at java.util.concurrent.ThreadPoolExecutor.getTask(ThreadPoolExecutor.java:1074)&#10;        at java.util.concurrent.ThreadPoolExecutor.runWorker(ThreadPoolExecutor.java:1134)&#10;        at java.util.concurrent.ThreadPoolExecutor$Worker.run(ThreadPoolExecutor.java:624)&#10;        at java.lang.Thread.run(Thread.java:748)&#10;&quot;IPC Server handler 15 on default port 13033&quot; daemon prio=5 tid=2325 timed_waiting&#10;java.lang.Thread.State: TIMED_WAITING&#10;        at sun.misc.Unsafe.park(Native Method)&#10;        at java.util.concurrent.locks.LockSupport.parkNanos(LockSupport.java:215)&#10;        at java.util.concurrent.locks.AbstractQueuedSynchronizer$ConditionObject.awaitNanos(AbstractQueuedSynchronizer.java:2078)&#10;        at java.util.concurrent.LinkedBlockingQueue.poll(LinkedBlockingQueue.java:467)&#10;        at org.apache.hadoop.ipc.CallQueueManager.take(CallQueueManager.java:317)&#10;        at org.apache.hadoop.ipc.Server$Handler.run(Server.java:2932)&#10;&quot;IPC Server handler 74 on default port 13035&quot; daemon prio=5 tid=2165 timed_waiting&#10;java.lang.Thread.State: TIMED_WAITING&#10;        at sun.misc.Unsafe.park(Native Method)&#10;        at java.util.concurrent.locks.LockSupport.parkNanos(LockSupport.java:215)&#10;        at java.util.concurrent.locks.AbstractQueuedSynchronizer$ConditionObject.awaitNanos(AbstractQueuedSynchronizer.java:2078)&#10;        at java.util.concurrent.LinkedBlockingQueue.poll(LinkedBlockingQueue.java:467)&#10;        at org.apache.hadoop.ipc.CallQueueManager.take(CallQueueManager.java:317)&#10;        at org.apache.hadoop.ipc.Server$Handler.run(Server.java:2932)&#10;&quot;IPC Server handler 73 on default port 13035&quot; daemon prio=5 tid=2164 timed_waiting&#10;java.lang.Thread.State: TIMED_WAITING&#10;        at sun.misc.Unsafe.park(Native Method)&#10;        at java.util.concurrent.locks.LockSupport.parkNanos(LockSupport.java:215)&#10;        at java.util.concurrent.locks.AbstractQueuedSynchronizer$ConditionObject.awaitNanos(AbstractQueuedSynchronizer.java:2078)&#10;        at java.util.concurrent.LinkedBlockingQueue.poll(LinkedBlockingQueue.java:467)&#10;        at org.apache.hadoop.ipc.CallQueueManager.take(CallQueueManager.java:317)&#10;        at org.apache.hadoop.ipc.Server$Handler.run(Server.java:2932)&#10;&quot;Periodic HDDS volume checker&quot; daemon prio=5 tid=2623 timed_waiting&#10;java.lang.Thread.State: TIMED_WAITING&#10;        at sun.misc.Unsafe.park(Native Method)&#10;        at java.util.concurrent.locks.LockSupport.parkNanos(LockSupport.java:215)&#10;        at java.util.concurrent.locks.AbstractQueuedSynchronizer$ConditionObject.awaitNanos(AbstractQueuedSynchronizer.java:2078)&#10;        at java.util.concurrent.ScheduledThreadPoolExecutor$DelayedWorkQueue.take(ScheduledThreadPoolExecutor.java:1093)&#10;        at java.util.concurrent.ScheduledThreadPoolExecutor$DelayedWorkQueue.take(ScheduledThreadPoolExecutor.java:809)&#10;        at java.util.concurrent.ThreadPoolExecutor.getTask(ThreadPoolExecutor.java:1074)&#10;        at java.util.concurrent.ThreadPoolExecutor.runWorker(ThreadPoolExecutor.java:1134)&#10;        at java.util.concurrent.ThreadPoolExecutor$Worker.run(ThreadPoolExecutor.java:624)&#10;        at java.lang.Thread.run(Thread.java:748)&#10;&quot;IPC Server handler 50 on default port 13035&quot; daemon prio=5 tid=2141 timed_waiting&#10;java.lang.Thread.State: TIMED_WAITING&#10;        at sun.misc.Unsafe.park(Native Method)&#10;        at java.util.concurrent.locks.LockSupport.parkNanos(LockSupport.java:215)&#10;        at java.util.concurrent.locks.AbstractQueuedSynchronizer$ConditionObject.awaitNanos(AbstractQueuedSynchronizer.java:2078)&#10;        at java.util.concurrent.LinkedBlockingQueue.poll(LinkedBlockingQueue.java:467)&#10;        at org.apache.hadoop.ipc.CallQueueManager.take(CallQueueManager.java:317)&#10;        at org.apache.hadoop.ipc.Server$Handler.run(Server.java:2932)&#10;&quot;IPC Server handler 6 on default port 13043&quot; daemon prio=5 tid=2461 timed_waiting&#10;java.lang.Thread.State: TIMED_WAITING&#10;        at sun.misc.Unsafe.park(Native Method)&#10;        at java.util.concurrent.locks.LockSupport.parkNanos(LockSupport.java:215)&#10;        at java.util.concurrent.locks.AbstractQueuedSynchronizer$ConditionObject.awaitNanos(AbstractQueuedSynchronizer.java:2078)&#10;        at java.util.concurrent.LinkedBlockingQueue.poll(LinkedBlockingQueue.java:467)&#10;        at org.apache.hadoop.ipc.CallQueueManager.take(CallQueueManager.java:317)&#10;        at org.apache.hadoop.ipc.Server$Handler.run(Server.java:2932)&#10;&quot;IPC Server Responder&quot; daemon prio=5 tid=2427 runnable&#10;java.lang.Thread.State: RUNNABLE&#10;        at sun.nio.ch.EPollArrayWrapper.epollWait(Native Method)&#10;        at sun.nio.ch.EPollArrayWrapper.poll(EPollArrayWrapper.java:269)&#10;        at sun.nio.ch.EPollSelectorImpl.doSelect(EPollSelectorImpl.java:93)&#10;        at sun.nio.ch.SelectorImpl.lockAndDoSelect(SelectorImpl.java:86)&#10;        at sun.nio.ch.SelectorImpl.select(SelectorImpl.java:97)&#10;        at org.apache.hadoop.ipc.Server$Responder.doRunLoop(Server.java:1527)&#10;        at org.apache.hadoop.ipc.Server$Responder.run(Server.java:1510)&#10;&quot;IPC Server handler 12 on default port 13035&quot; daemon prio=5 tid=2103 timed_waiting&#10;java.lang.Thread.State: TIMED_WAITING&#10;        at sun.misc.Unsafe.park(Native Method)&#10;        at java.util.concurrent.locks.LockSupport.parkNanos(LockSupport.java:215)&#10;        at java.util.concurrent.locks.AbstractQueuedSynchronizer$ConditionObject.awaitNanos(AbstractQueuedSynchronizer.java:2078)&#10;        at java.util.concurrent.LinkedBlockingQueue.poll(LinkedBlockingQueue.java:467)&#10;        at org.apache.hadoop.ipc.CallQueueManager.take(CallQueueManager.java:317)&#10;        at org.apache.hadoop.ipc.Server$Handler.run(Server.java:2932)&#10;&quot;Datanode ReportManager Thread - 1&quot; daemon prio=5 tid=2615 in Object.wait()&#10;java.lang.Thread.State: WAITING (on object monitor)&#10;        at sun.misc.Unsafe.park(Native Method)&#10;        at java.util.concurrent.locks.LockSupport.park(LockSupport.java:175)&#10;        at java.util.concurrent.locks.AbstractQueuedSynchronizer$ConditionObject.await(AbstractQueuedSynchronizer.java:2039)&#10;        at java.util.concurrent.ScheduledThreadPoolExecutor$DelayedWorkQueue.take(ScheduledThreadPoolExecutor.java:1088)&#10;        at java.util.concurrent.ScheduledThreadPoolExecutor$DelayedWorkQueue.take(ScheduledThreadPoolExecutor.java:809)&#10;        at java.util.concurrent.ThreadPoolExecutor.getTask(ThreadPoolExecutor.java:1074)&#10;        at java.util.concurrent.ThreadPoolExecutor.runWorker(ThreadPoolExecutor.java:1134)&#10;        at java.util.concurrent.ThreadPoolExecutor$Worker.run(ThreadPoolExecutor.java:624)&#10;        at java.lang.Thread.run(Thread.java:748)&#10;&quot;IPC Server handler 3 on default port 13043&quot; daemon prio=5 tid=2458 timed_waiting&#10;java.lang.Thread.State: TIMED_WAITING&#10;        at sun.misc.Unsafe.park(Native Method)&#10;        at java.util.concurrent.locks.LockSupport.parkNanos(LockSupport.java:215)&#10;        at java.util.concurrent.locks.AbstractQueuedSynchronizer$ConditionObject.awaitNanos(AbstractQueuedSynchronizer.java:2078)&#10;        at java.util.concurrent.LinkedBlockingQueue.poll(LinkedBlockingQueue.java:467)&#10;        at org.apache.hadoop.ipc.CallQueueManager.take(CallQueueManager.java:317)&#10;        at org.apache.hadoop.ipc.Server$Handler.run(Server.java:2932)&#10;&quot;Datanode ReportManager Thread - 1&quot; daemon prio=5 tid=564 in Object.wait()&#10;java.lang.Thread.State: WAITING (on object monitor)&#10;        at sun.misc.Unsafe.park(Native Method)&#10;        at java.util.concurrent.locks.LockSupport.park(LockSupport.java:175)&#10;        at java.util.concurrent.locks.AbstractQueuedSynchronizer$ConditionObject.await(AbstractQueuedSynchronizer.java:2039)&#10;        at java.util.concurrent.ScheduledThreadPoolExecutor$DelayedWorkQueue.take(ScheduledThreadPoolExecutor.java:1088)&#10;        at java.util.concurrent.ScheduledThreadPoolExecutor$DelayedWorkQueue.take(ScheduledThreadPoolExecutor.java:809)&#10;        at java.util.concurrent.ThreadPoolExecutor.getTask(ThreadPoolExecutor.java:1074)&#10;        at java.util.concurrent.ThreadPoolExecutor.runWorker(ThreadPoolExecutor.java:1134)&#10;        at java.util.concurrent.ThreadPoolExecutor$Worker.run(ThreadPoolExecutor.java:624)&#10;        at java.lang.Thread.run(Thread.java:748)&#10;&quot;qtp1029395488-2301&quot; daemon prio=5 tid=2301 timed_waiting&#10;java.lang.Thread.State: TIMED_WAITING&#10;        at sun.misc.Unsafe.park(Native Method)&#10;        at java.util.concurrent.locks.LockSupport.parkNanos(LockSupport.java:215)&#10;        at java.util.concurrent.locks.AbstractQueuedSynchronizer$ConditionObject.awaitNanos(AbstractQueuedSynchronizer.java:2078)&#10;        at org.eclipse.jetty.util.BlockingArrayQueue.poll(BlockingArrayQueue.java:382)&#10;        at org.eclipse.jetty.util.thread.QueuedThreadPool$Runner.idleJobPoll(QueuedThreadPool.java:974)&#10;        at org.eclipse.jetty.util.thread.QueuedThreadPool$Runner.run(QueuedThreadPool.java:1018)&#10;        at java.lang.Thread.run(Thread.java:748)&#10;&quot;pool-428-thread-1&quot;  prio=5 tid=2519 timed_waiting&#10;java.lang.Thread.State: TIMED_WAITING&#10;        at sun.misc.Unsafe.park(Native Method)&#10;        at java.util.concurrent.locks.LockSupport.parkNanos(LockSupport.java:215)&#10;        at java.util.concurrent.locks.AbstractQueuedSynchronizer$ConditionObject.awaitNanos(AbstractQueuedSynchronizer.java:2078)&#10;        at java.util.concurrent.ScheduledThreadPoolExecutor$DelayedWorkQueue.take(ScheduledThreadPoolExecutor.java:1093)&#10;        at java.util.concurrent.ScheduledThreadPoolExecutor$DelayedWorkQueue.take(ScheduledThreadPoolExecutor.java:809)&#10;        at java.util.concurrent.ThreadPoolExecutor.getTask(ThreadPoolExecutor.java:1074)&#10;        at java.util.concurrent.ThreadPoolExecutor.runWorker(ThreadPoolExecutor.java:1134)&#10;        at java.util.concurrent.ThreadPoolExecutor$Worker.run(ThreadPoolExecutor.java:624)&#10;        at java.lang.Thread.run(Thread.java:748)&#10;&quot;IPC Server handler 13 on default port 13035&quot; daemon prio=5 tid=2104 timed_waiting&#10;java.lang.Thread.State: TIMED_WAITING&#10;        at sun.misc.Unsafe.park(Native Method)&#10;        at java.util.concurrent.locks.LockSupport.parkNanos(LockSupport.java:215)&#10;        at java.util.concurrent.locks.AbstractQueuedSynchronizer$ConditionObject.awaitNanos(AbstractQueuedSynchronizer.java:2078)&#10;        at java.util.concurrent.LinkedBlockingQueue.poll(LinkedBlockingQueue.java:467)&#10;        at org.apache.hadoop.ipc.CallQueueManager.take(CallQueueManager.java:317)&#10;        at org.apache.hadoop.ipc.Server$Handler.run(Server.java:2932)&#10;&quot;Timer for &apos;StorageContainerManager&apos; metrics system&quot; daemon prio=5 tid=2088 timed_waiting&#10;java.lang.Thread.State: TIMED_WAITING&#10;        at java.lang.Object.wait(Native Method)&#10;        at java.util.TimerThread.mainLoop(Timer.java:552)&#10;        at java.util.TimerThread.run(Timer.java:505)&#10;&quot;Datanode ReportManager Thread - 0&quot; daemon prio=5 tid=563 in Object.wait()&#10;java.lang.Thread.State: WAITING (on object monitor)&#10;        at sun.misc.Unsafe.park(Native Method)&#10;        at java.util.concurrent.locks.LockSupport.park(LockSupport.java:175)&#10;        at java.util.concurrent.locks.AbstractQueuedSynchronizer$ConditionObject.await(AbstractQueuedSynchronizer.java:2039)&#10;        at java.util.concurrent.ScheduledThreadPoolExecutor$DelayedWorkQueue.take(ScheduledThreadPoolExecutor.java:1088)&#10;        at java.util.concurrent.ScheduledThreadPoolExecutor$DelayedWorkQueue.take(ScheduledThreadPoolExecutor.java:809)&#10;        at java.util.concurrent.ThreadPoolExecutor.getTask(ThreadPoolExecutor.java:1074)&#10;        at java.util.concurrent.ThreadPoolExecutor.runWorker(ThreadPoolExecutor.java:1134)&#10;        at java.util.concurrent.ThreadPoolExecutor$Worker.run(ThreadPoolExecutor.java:624)&#10;        at java.lang.Thread.run(Thread.java:748)&#10;&quot;IPC Server handler 71 on default port 13033&quot; daemon prio=5 tid=2381 timed_waiting&#10;java.lang.Thread.State: TIMED_WAITING&#10;        at sun.misc.Unsafe.park(Native Method)&#10;        at java.util.concurrent.locks.LockSupport.parkNanos(LockSupport.java:215)&#10;        at java.util.concurrent.locks.AbstractQueuedSynchronizer$ConditionObject.awaitNanos(AbstractQueuedSynchronizer.java:2078)&#10;        at java.util.concurrent.LinkedBlockingQueue.poll(LinkedBlockingQueue.java:467)&#10;        at org.apache.hadoop.ipc.CallQueueManager.take(CallQueueManager.java:317)&#10;        at org.apache.hadoop.ipc.Server$Handler.run(Server.java:2932)&#10;&quot;qtp1613570136-2521-acceptor-0@214bdb54-ServerConnector@57dd604b{HTTP/1.1, (http/1.1)}{0.0.0.0:13040}&quot; daemon prio=3 tid=2521 runnable&#10;java.lang.Thread.State: RUNNABLE&#10;        at sun.nio.ch.ServerSocketChannelImpl.accept0(Native Method)&#10;        at sun.nio.ch.ServerSocketChannelImpl.accept(ServerSocketChannelImpl.java:421)&#10;        at sun.nio.ch.ServerSocketChannelImpl.accept(ServerSocketChannelImpl.java:249)&#10;        at org.eclipse.jetty.server.ServerConnector.accept(ServerConnector.java:388)&#10;        at org.eclipse.jetty.server.AbstractConnector$Acceptor.run(AbstractConnector.java:702)&#10;        at org.eclipse.jetty.util.thread.QueuedThreadPool.runJob(QueuedThreadPool.java:883)&#10;        at org.eclipse.jetty.util.thread.QueuedThreadPool$Runner.run(QueuedThreadPool.java:1034)&#10;        at java.lang.Thread.run(Thread.java:748)&#10;&quot;IPC Client (685606790) connection to /127.0.0.1:13043 from runner&quot; daemon prio=5 tid=2678 timed_waiting&#10;java.lang.Thread.State: TIMED_WAITING&#10;        at java.lang.Object.wait(Native Method)&#10;        at org.apache.hadoop.ipc.Client$Connection.waitForWork(Client.java:1053)&#10;        at org.apache.hadoop.ipc.Client$Connection.run(Client.java:1097)&#10;&quot;IPC Server handler 55 on default port 13035&quot; daemon prio=5 tid=2146 timed_waiting&#10;java.lang.Thread.State: TIMED_WAITING&#10;        at sun.misc.Unsafe.park(Native Method)&#10;        at java.util.concurrent.locks.LockSupport.parkNanos(LockSupport.java:215)&#10;        at java.util.concurrent.locks.AbstractQueuedSynchronizer$ConditionObject.awaitNanos(AbstractQueuedSynchronizer.java:2078)&#10;        at java.util.concurrent.LinkedBlockingQueue.poll(LinkedBlockingQueue.java:467)&#10;        at org.apache.hadoop.ipc.CallQueueManager.take(CallQueueManager.java:317)&#10;        at org.apache.hadoop.ipc.Server$Handler.run(Server.java:2932)&#10;&quot;IPC Server handler 91 on default port 13033&quot; daemon prio=5 tid=2401 timed_waiting&#10;java.lang.Thread.State: TIMED_WAITING&#10;        at sun.misc.Unsafe.park(Native Method)&#10;        at java.util.concurrent.locks.LockSupport.parkNanos(LockSupport.java:215)&#10;        at java.util.concurrent.locks.AbstractQueuedSynchronizer$ConditionObject.awaitNanos(AbstractQueuedSynchronizer.java:2078)&#10;        at java.util.concurrent.LinkedBlockingQueue.poll(LinkedBlockingQueue.java:467)&#10;        at org.apache.hadoop.ipc.CallQueueManager.take(CallQueueManager.java:317)&#10;        at org.apache.hadoop.ipc.Server$Handler.run(Server.java:2932)&#10;&quot;IPC Server handler 52 on default port 13035&quot; daemon prio=5 tid=2143 timed_waiting&#10;java.lang.Thread.State: TIMED_WAITING&#10;        at sun.misc.Unsafe.park(Native Method)&#10;        at java.util.concurrent.locks.LockSupport.parkNanos(LockSupport.java:215)&#10;        at java.util.concurrent.locks.AbstractQueuedSynchronizer$ConditionObject.awaitNanos(AbstractQueuedSynchronizer.java:2078)&#10;        at java.util.concurrent.LinkedBlockingQueue.poll(LinkedBlockingQueue.java:467)&#10;        at org.apache.hadoop.ipc.CallQueueManager.take(CallQueueManager.java:317)&#10;        at org.apache.hadoop.ipc.Server$Handler.run(Server.java:2932)&#10;&quot;Signal Dispatcher&quot; daemon prio=9 tid=4 runnable&#10;java.lang.Thread.State: RUNNABLE&#10;&quot;DatanodeAdminManager-0&quot; daemon prio=5 tid=2536 timed_waiting&#10;java.lang.Thread.State: TIMED_WAITING&#10;        at sun.misc.Unsafe.park(Native Method)&#10;        at java.util.concurrent.locks.LockSupport.parkNanos(LockSupport.java:215)&#10;        at java.util.concurrent.locks.AbstractQueuedSynchronizer$ConditionObject.awaitNanos(AbstractQueuedSynchronizer.java:2078)&#10;        at java.util.concurrent.ScheduledThreadPoolExecutor$DelayedWorkQueue.take(ScheduledThreadPoolExecutor.java:1093)&#10;        at java.util.concurrent.ScheduledThreadPoolExecutor$DelayedWorkQueue.take(ScheduledThreadPoolExecutor.java:809)&#10;        at java.util.concurrent.ThreadPoolExecutor.getTask(ThreadPoolExecutor.java:1074)&#10;        at java.util.concurrent.ThreadPoolExecutor.runWorker(ThreadPoolExecutor.java:1134)&#10;        at java.util.concurrent.ThreadPoolExecutor$Worker.run(ThreadPoolExecutor.java:624)&#10;        at java.lang.Thread.run(Thread.java:748)&#10;&quot;IPC Server handler 11 on default port 13044&quot; daemon prio=5 tid=2508 timed_waiting&#10;java.lang.Thread.State: TIMED_WAITING&#10;        at sun.misc.Unsafe.park(Native Method)&#10;        at java.util.concurrent.locks.LockSupport.parkNanos(LockSupport.java:215)&#10;        at java.util.concurrent.locks.AbstractQueuedSynchronizer$ConditionObject.awaitNanos(AbstractQueuedSynchronizer.java:2078)&#10;        at java.util.concurrent.LinkedBlockingQueue.poll(LinkedBlockingQueue.java:467)&#10;        at org.apache.hadoop.ipc.CallQueueManager.take(CallQueueManager.java:317)&#10;        at org.apache.hadoop.ipc.Server$Handler.run(Server.java:2932)&#10;&quot;ChunkWriter-1-0&quot; daemon prio=5 tid=2698 in Object.wait()&#10;java.lang.Thread.State: WAITING (on object monitor)&#10;        at sun.misc.Unsafe.park(Native Method)&#10;        at java.util.concurrent.locks.LockSupport.park(LockSupport.java:175)&#10;        at java.util.concurrent.locks.AbstractQueuedSynchronizer$ConditionObject.await(AbstractQueuedSynchronizer.java:2039)&#10;        at java.util.concurrent.LinkedBlockingDeque.takeFirst(LinkedBlockingDeque.java:492)&#10;        at java.util.concurrent.LinkedBlockingDeque.take(LinkedBlockingDeque.java:680)&#10;        at java.util.concurrent.ThreadPoolExecutor.getTask(ThreadPoolExecutor.java:1074)&#10;        at java.util.concurrent.ThreadPoolExecutor.runWorker(ThreadPoolExecutor.java:1134)&#10;        at java.util.concurrent.ThreadPoolExecutor$Worker.run(ThreadPoolExecutor.java:624)&#10;        at java.lang.Thread.run(Thread.java:748)&#10;&quot;IPC Server handler 20 on default port 13034&quot; daemon prio=5 tid=2211 timed_waiting&#10;java.lang.Thread.State: TIMED_WAITING&#10;        at sun.misc.Unsafe.park(Native Method)&#10;        at java.util.concurrent.locks.LockSupport.parkNanos(LockSupport.java:215)&#10;        at java.util.concurrent.locks.AbstractQueuedSynchronizer$ConditionObject.awaitNanos(AbstractQueuedSynchronizer.java:2078)&#10;        at java.util.concurrent.LinkedBlockingQueue.poll(LinkedBlockingQueue.java:467)&#10;        at org.apache.hadoop.ipc.CallQueueManager.take(CallQueueManager.java:317)&#10;        at org.apache.hadoop.ipc.Server$Handler.run(Server.java:2932)&#10;&quot;IPC Server handler 86 on default port 13035&quot; daemon prio=5 tid=2177 timed_waiting&#10;java.lang.Thread.State: TIMED_WAITING&#10;        at sun.misc.Unsafe.park(Native Method)&#10;        at java.util.concurrent.locks.LockSupport.parkNanos(LockSupport.java:215)&#10;        at java.util.concurrent.locks.AbstractQueuedSynchronizer$ConditionObject.awaitNanos(AbstractQueuedSynchronizer.java:2078)&#10;        at java.util.concurrent.LinkedBlockingQueue.poll(LinkedBlockingQueue.java:467)&#10;        at org.apache.hadoop.ipc.CallQueueManager.take(CallQueueManager.java:317)&#10;        at org.apache.hadoop.ipc.Server$Handler.run(Server.java:2932)&#10;&quot;IPC Server handler 92 on default port 13033&quot; daemon prio=5 tid=2402 timed_waiting&#10;java.lang.Thread.State: TIMED_WAITING&#10;        at sun.misc.Unsafe.park(Native Method)&#10;        at java.util.concurrent.locks.LockSupport.parkNanos(LockSupport.java:215)&#10;        at java.util.concurrent.locks.AbstractQueuedSynchronizer$ConditionObject.awaitNanos(AbstractQueuedSynchronizer.java:2078)&#10;        at java.util.concurrent.LinkedBlockingQueue.poll(LinkedBlockingQueue.java:467)&#10;        at org.apache.hadoop.ipc.CallQueueManager.take(CallQueueManager.java:317)&#10;        at org.apache.hadoop.ipc.Server$Handler.run(Server.java:2932)&#10;&quot;Datanode ReportManager Thread - 1&quot; daemon prio=5 tid=2643 in Object.wait()&#10;java.lang.Thread.State: WAITING (on object monitor)&#10;        at sun.misc.Unsafe.park(Native Method)&#10;        at java.util.concurrent.locks.LockSupport.park(LockSupport.java:175)&#10;        at java.util.concurrent.locks.AbstractQueuedSynchronizer$ConditionObject.await(AbstractQueuedSynchronizer.java:2039)&#10;        at java.util.concurrent.ScheduledThreadPoolExecutor$DelayedWorkQueue.take(ScheduledThreadPoolExecutor.java:1088)&#10;        at java.util.concurrent.ScheduledThreadPoolExecutor$DelayedWorkQueue.take(ScheduledThreadPoolExecutor.java:809)&#10;        at java.util.concurrent.ThreadPoolExecutor.getTask(ThreadPoolExecutor.java:1074)&#10;        at java.util.concurrent.ThreadPoolExecutor.runWorker(ThreadPoolExecutor.java:1134)&#10;        at java.util.concurrent.ThreadPoolExecutor$Worker.run(ThreadPoolExecutor.java:624)&#10;        at java.lang.Thread.run(Thread.java:748)&#10;&quot;IPC Server listener on 13045&quot; daemon prio=5 tid=2432 runnable&#10;java.lang.Thread.State: RUNNABLE&#10;        at sun.nio.ch.EPollArrayWrapper.epollWait(Native Method)&#10;        at sun.nio.ch.EPollArrayWrapper.poll(EPollArrayWrapper.java:269)&#10;        at sun.nio.ch.EPollSelectorImpl.doSelect(EPollSelectorImpl.java:93)&#10;        at sun.nio.ch.SelectorImpl.lockAndDoSelect(SelectorImpl.java:86)&#10;        at sun.nio.ch.SelectorImpl.select(SelectorImpl.java:97)&#10;        at sun.nio.ch.SelectorImpl.select(SelectorImpl.java:101)&#10;        at org.apache.hadoop.ipc.Server$Listener.run(Server.java:1350)&#10;&quot;IPC Server handler 63 on default port 13033&quot; daemon prio=5 tid=2373 timed_waiting&#10;java.lang.Thread.State: TIMED_WAITING&#10;        at sun.misc.Unsafe.park(Native Method)&#10;        at java.util.concurrent.locks.LockSupport.parkNanos(LockSupport.java:215)&#10;        at java.util.concurrent.locks.AbstractQueuedSynchronizer$ConditionObject.awaitNanos(AbstractQueuedSynchronizer.java:2078)&#10;        at java.util.concurrent.LinkedBlockingQueue.poll(LinkedBlockingQueue.java:467)&#10;        at org.apache.hadoop.ipc.CallQueueManager.take(CallQueueManager.java:317)&#10;        at org.apache.hadoop.ipc.Server$Handler.run(Server.java:2932)&#10;&quot;EventQueue-PipelineReportForPipelineReportHandler&quot; daemon prio=5 tid=2415 in Object.wait()&#10;java.lang.Thread.State: WAITING (on object monitor)&#10;        at sun.misc.Unsafe.park(Native Method)&#10;        at java.util.concurrent.locks.LockSupport.park(LockSupport.java:175)&#10;        at java.util.concurrent.locks.AbstractQueuedSynchronizer$ConditionObject.await(AbstractQueuedSynchronizer.java:2039)&#10;        at java.util.concurrent.LinkedBlockingQueue.take(LinkedBlockingQueue.java:442)&#10;        at java.util.concurrent.ThreadPoolExecutor.getTask(ThreadPoolExecutor.java:1074)&#10;        at java.util.concurrent.ThreadPoolExecutor.runWorker(ThreadPoolExecutor.java:1134)&#10;        at java.util.concurrent.ThreadPoolExecutor$Worker.run(ThreadPoolExecutor.java:624)&#10;        at java.lang.Thread.run(Thread.java:748)&#10;&quot;IPC Server handler 41 on default port 13033&quot; daemon prio=5 tid=2351 timed_waiting&#10;java.lang.Thread.State: TIMED_WAITING&#10;        at sun.misc.Unsafe.park(Native Method)&#10;        at java.util.concurrent.locks.LockSupport.parkNanos(LockSupport.java:215)&#10;        at java.util.concurrent.locks.AbstractQueuedSynchronizer$ConditionObject.awaitNanos(AbstractQueuedSynchronizer.java:2078)&#10;        at java.util.concurrent.LinkedBlockingQueue.poll(LinkedBlockingQueue.java:467)&#10;        at org.apache.hadoop.ipc.CallQueueManager.take(CallQueueManager.java:317)&#10;        at org.apache.hadoop.ipc.Server$Handler.run(Server.java:2932)&#10;&quot;IPC Server handler 29 on default port 13035&quot; daemon prio=5 tid=2120 timed_waiting&#10;java.lang.Thread.State: TIMED_WAITING&#10;        at sun.misc.Unsafe.park(Native Method)&#10;        at java.util.concurrent.locks.LockSupport.parkNanos(LockSupport.java:215)&#10;        at java.util.concurrent.locks.AbstractQueuedSynchronizer$ConditionObject.awaitNanos(AbstractQueuedSynchronizer.java:2078)&#10;        at java.util.concurrent.LinkedBlockingQueue.poll(LinkedBlockingQueue.java:467)&#10;        at org.apache.hadoop.ipc.CallQueueManager.take(CallQueueManager.java:317)&#10;        at org.apache.hadoop.ipc.Server$Handler.run(Server.java:2932)&#10;&quot;pool-394-thread-1&quot;  prio=5 tid=2293 timed_waiting&#10;java.lang.Thread.State: TIMED_WAITING&#10;        at sun.misc.Unsafe.park(Native Method)&#10;        at java.util.concurrent.locks.LockSupport.parkNanos(LockSupport.java:215)&#10;        at java.util.concurrent.locks.AbstractQueuedSynchronizer$ConditionObject.awaitNanos(AbstractQueuedSynchronizer.java:2078)&#10;        at java.util.concurrent.ScheduledThreadPoolExecutor$DelayedWorkQueue.take(ScheduledThreadPoolExecutor.java:1093)&#10;        at java.util.concurrent.ScheduledThreadPoolExecutor$DelayedWorkQueue.take(ScheduledThreadPoolExecutor.java:809)&#10;        at java.util.concurrent.ThreadPoolExecutor.getTask(ThreadPoolExecutor.java:1074)&#10;        at java.util.concurrent.ThreadPoolExecutor.runWorker(ThreadPoolExecutor.java:1134)&#10;        at java.util.concurrent.ThreadPoolExecutor$Worker.run(ThreadPoolExecutor.java:624)&#10;        at java.lang.Thread.run(Thread.java:748)&#10;&quot;IPC Server handler 62 on default port 13034&quot; daemon prio=5 tid=2253 timed_waiting&#10;java.lang.Thread.State: TIMED_WAITING&#10;        at sun.misc.Unsafe.park(Native Method)&#10;        at java.util.concurrent.locks.LockSupport.parkNanos(LockSupport.java:215)&#10;        at java.util.concurrent.locks.AbstractQueuedSynchronizer$ConditionObject.awaitNanos(AbstractQueuedSynchronizer.java:2078)&#10;        at java.util.concurrent.LinkedBlockingQueue.poll(LinkedBlockingQueue.java:467)&#10;        at org.apache.hadoop.ipc.CallQueueManager.take(CallQueueManager.java:317)&#10;        at org.apache.hadoop.ipc.Server$Handler.run(Server.java:2932)&#10;&quot;EndpointStateMachine task thread for /127.0.0.1:12209 - 0 &quot;  prio=5 tid=1782 in Object.wait()&#10;java.lang.Thread.State: WAITING (on object monitor)&#10;        at sun.misc.Unsafe.park(Native Method)&#10;        at java.util.concurrent.locks.LockSupport.park(LockSupport.java:175)&#10;        at java.util.concurrent.locks.AbstractQueuedSynchronizer$ConditionObject.await(AbstractQueuedSynchronizer.java:2039)&#10;        at java.util.concurrent.LinkedBlockingQueue.take(LinkedBlockingQueue.java:442)&#10;        at java.util.concurrent.ThreadPoolExecutor.getTask(ThreadPoolExecutor.java:1074)&#10;        at java.util.concurrent.ThreadPoolExecutor.runWorker(ThreadPoolExecutor.java:1134)&#10;        at java.util.concurrent.ThreadPoolExecutor$Worker.run(ThreadPoolExecutor.java:624)&#10;        at java.lang.Thread.run(Thread.java:748)&#10;&quot;IPC Server handler 23 on default port 13035&quot; daemon prio=5 tid=2114 timed_waiting&#10;java.lang.Thread.State: TIMED_WAITING&#10;        at sun.misc.Unsafe.park(Native Method)&#10;        at java.util.concurrent.locks.LockSupport.parkNanos(LockSupport.java:215)&#10;        at java.util.concurrent.locks.AbstractQueuedSynchronizer$ConditionObject.awaitNanos(AbstractQueuedSynchronizer.java:2078)&#10;        at java.util.concurrent.LinkedBlockingQueue.poll(LinkedBlockingQueue.java:467)&#10;        at org.apache.hadoop.ipc.CallQueueManager.take(CallQueueManager.java:317)&#10;        at org.apache.hadoop.ipc.Server$Handler.run(Server.java:2932)&#10;&quot;EventQueue-PipelineReportForOneReplicaPipelineSafeModeRule&quot; daemon prio=5 tid=2723 in Object.wait()&#10;java.lang.Thread.State: WAITING (on object monitor)&#10;        at sun.misc.Unsafe.park(Native Method)&#10;        at java.util.concurrent.locks.LockSupport.park(LockSupport.java:175)&#10;        at java.util.concurrent.locks.AbstractQueuedSynchronizer$ConditionObject.await(AbstractQueuedSynchronizer.java:2039)&#10;        at java.util.concurrent.LinkedBlockingQueue.take(LinkedBlockingQueue.java:442)&#10;        at java.util.concurrent.ThreadPoolExecutor.getTask(ThreadPoolExecutor.java:1074)&#10;        at java.util.concurrent.ThreadPoolExecutor.runWorker(ThreadPoolExecutor.java:1134)&#10;        at java.util.concurrent.ThreadPoolExecutor$Worker.run(ThreadPoolExecutor.java:624)&#10;        at java.lang.Thread.run(Thread.java:748)&#10;&quot;IPC Server handler 17 on default port 13033&quot; daemon prio=5 tid=2327 timed_waiting&#10;java.lang.Thread.State: TIMED_WAITING&#10;        at sun.misc.Unsafe.park(Native Method)&#10;        at java.util.concurrent.locks.LockSupport.parkNanos(LockSupport.java:215)&#10;        at java.util.concurrent.locks.AbstractQueuedSynchronizer$ConditionObject.awaitNanos(AbstractQueuedSynchronizer.java:2078)&#10;        at java.util.concurrent.LinkedBlockingQueue.poll(LinkedBlockingQueue.java:467)&#10;        at org.apache.hadoop.ipc.CallQueueManager.take(CallQueueManager.java:317)&#10;        at org.apache.hadoop.ipc.Server$Handler.run(Server.java:2932)&#10;&quot;IPC Server handler 2 on default port 13043&quot; daemon prio=5 tid=2457 timed_waiting&#10;java.lang.Thread.State: TIMED_WAITING&#10;        at sun.misc.Unsafe.park(Native Method)&#10;        at java.util.concurrent.locks.LockSupport.parkNanos(LockSupport.java:215)&#10;        at java.util.concurrent.locks.AbstractQueuedSynchronizer$ConditionObject.awaitNanos(AbstractQueuedSynchronizer.java:2078)&#10;        at java.util.concurrent.LinkedBlockingQueue.poll(LinkedBlockingQueue.java:467)&#10;        at org.apache.hadoop.ipc.CallQueueManager.take(CallQueueManager.java:317)&#10;        at org.apache.hadoop.ipc.Server$Handler.run(Server.java:2932)&#10;&quot;IPC Server handler 78 on default port 13033&quot; daemon prio=5 tid=2388 timed_waiting&#10;java.lang.Thread.State: TIMED_WAITING&#10;        at sun.misc.Unsafe.park(Native Method)&#10;        at java.util.concurrent.locks.LockSupport.parkNanos(LockSupport.java:215)&#10;        at java.util.concurrent.locks.AbstractQueuedSynchronizer$ConditionObject.awaitNanos(AbstractQueuedSynchronizer.java:2078)&#10;        at java.util.concurrent.LinkedBlockingQueue.poll(LinkedBlockingQueue.java:467)&#10;        at org.apache.hadoop.ipc.CallQueueManager.take(CallQueueManager.java:317)&#10;        at org.apache.hadoop.ipc.Server$Handler.run(Server.java:2932)&#10;&quot;IPC Server handler 66 on default port 13034&quot; daemon prio=5 tid=2257 timed_waiting&#10;java.lang.Thread.State: TIMED_WAITING&#10;        at sun.misc.Unsafe.park(Native Method)&#10;        at java.util.concurrent.locks.LockSupport.parkNanos(LockSupport.java:215)&#10;        at java.util.concurrent.locks.AbstractQueuedSynchronizer$ConditionObject.awaitNanos(AbstractQueuedSynchronizer.java:2078)&#10;        at java.util.concurrent.LinkedBlockingQueue.poll(LinkedBlockingQueue.java:467)&#10;        at org.apache.hadoop.ipc.CallQueueManager.take(CallQueueManager.java:317)&#10;        at org.apache.hadoop.ipc.Server$Handler.run(Server.java:2932)&#10;&quot;IPC Server handler 33 on default port 13033&quot; daemon prio=5 tid=2343 timed_waiting&#10;java.lang.Thread.State: TIMED_WAITING&#10;        at sun.misc.Unsafe.park(Native Method)&#10;        at java.util.concurrent.locks.LockSupport.parkNanos(LockSupport.java:215)&#10;        at java.util.concurrent.locks.AbstractQueuedSynchronizer$ConditionObject.awaitNanos(AbstractQueuedSynchronizer.java:2078)&#10;        at java.util.concurrent.LinkedBlockingQueue.poll(LinkedBlockingQueue.java:467)&#10;        at org.apache.hadoop.ipc.CallQueueManager.take(CallQueueManager.java:317)&#10;        at org.apache.hadoop.ipc.Server$Handler.run(Server.java:2932)&#10;&quot;IPC Server handler 4 on default port 13034&quot; daemon prio=5 tid=2195 timed_waiting&#10;java.lang.Thread.State: TIMED_WAITING&#10;        at sun.misc.Unsafe.park(Native Method)&#10;        at java.util.concurrent.locks.LockSupport.parkNanos(LockSupport.java:215)&#10;        at java.util.concurrent.locks.AbstractQueuedSynchronizer$ConditionObject.awaitNanos(AbstractQueuedSynchronizer.java:2078)&#10;        at java.util.concurrent.LinkedBlockingQueue.poll(LinkedBlockingQueue.java:467)&#10;        at org.apache.hadoop.ipc.CallQueueManager.take(CallQueueManager.java:317)&#10;        at org.apache.hadoop.ipc.Server$Handler.run(Server.java:2932)&#10;&quot;Timer-2&quot;  prio=5 tid=2563 timed_waiting&#10;java.lang.Thread.State: TIMED_WAITING&#10;        at java.lang.Object.wait(Native Method)&#10;        at java.util.TimerThread.mainLoop(Timer.java:552)&#10;        at java.util.TimerThread.run(Timer.java:505)&#10;&quot;qtp1813996673-2607&quot; daemon prio=5 tid=2607 timed_waiting&#10;java.lang.Thread.State: TIMED_WAITING&#10;        at sun.misc.Unsafe.park(Native Method)&#10;        at java.util.concurrent.locks.LockSupport.parkNanos(LockSupport.java:215)&#10;        at java.util.concurrent.locks.AbstractQueuedSynchronizer$ConditionObject.awaitNanos(AbstractQueuedSynchronizer.java:2078)&#10;        at org.eclipse.jetty.util.BlockingArrayQueue.poll(BlockingArrayQueue.java:382)&#10;        at org.eclipse.jetty.util.thread.QueuedThreadPool$Runner.idleJobPoll(QueuedThreadPool.java:974)&#10;        at org.eclipse.jetty.util.thread.QueuedThreadPool$Runner.run(QueuedThreadPool.java:1018)&#10;        at java.lang.Thread.run(Thread.java:748)&#10;&quot;IPC Server handler 17 on default port 13045&quot; daemon prio=5 tid=2494 timed_waiting&#10;java.lang.Thread.State: TIMED_WAITING&#10;        at sun.misc.Unsafe.park(Native Method)&#10;        at java.util.concurrent.locks.LockSupport.parkNanos(LockSupport.java:215)&#10;        at java.util.concurrent.locks.AbstractQueuedSynchronizer$ConditionObject.awaitNanos(AbstractQueuedSynchronizer.java:2078)&#10;        at java.util.concurrent.LinkedBlockingQueue.poll(LinkedBlockingQueue.java:467)&#10;        at org.apache.hadoop.ipc.CallQueueManager.take(CallQueueManager.java:317)&#10;        at org.apache.hadoop.ipc.Server$Handler.run(Server.java:2932)&#10;&quot;IPC Server handler 90 on default port 13034&quot; daemon prio=5 tid=2281 timed_waiting&#10;java.lang.Thread.State: TIMED_WAITING&#10;        at sun.misc.Unsafe.park(Native Method)&#10;        at java.util.concurrent.locks.LockSupport.parkNanos(LockSupport.java:215)&#10;        at java.util.concurrent.locks.AbstractQueuedSynchronizer$ConditionObject.awaitNanos(AbstractQueuedSynchronizer.java:2078)&#10;        at java.util.concurrent.LinkedBlockingQueue.poll(LinkedBlockingQueue.java:467)&#10;        at org.apache.hadoop.ipc.CallQueueManager.take(CallQueueManager.java:317)&#10;        at org.apache.hadoop.ipc.Server$Handler.run(Server.java:2932)&#10;&quot;IPC Server handler 57 on default port 13033&quot; daemon prio=5 tid=2367 timed_waiting&#10;java.lang.Thread.State: TIMED_WAITING&#10;        at sun.misc.Unsafe.park(Native Method)&#10;        at java.util.concurrent.locks.LockSupport.parkNanos(LockSupport.java:215)&#10;        at java.util.concurrent.locks.AbstractQueuedSynchronizer$ConditionObject.awaitNanos(AbstractQueuedSynchronizer.java:2078)&#10;        at java.util.concurrent.LinkedBlockingQueue.poll(LinkedBlockingQueue.java:467)&#10;        at org.apache.hadoop.ipc.CallQueueManager.take(CallQueueManager.java:317)&#10;        at org.apache.hadoop.ipc.Server$Handler.run(Server.java:2932)&#10;&quot;IPC Server handler 4 on default port 13045&quot; daemon prio=5 tid=2481 timed_waiting&#10;java.lang.Thread.State: TIMED_WAITING&#10;        at sun.misc.Unsafe.park(Native Method)&#10;        at java.util.concurrent.locks.LockSupport.parkNanos(LockSupport.java:215)&#10;        at java.util.concurrent.locks.AbstractQueuedSynchronizer$ConditionObject.awaitNanos(AbstractQueuedSynchronizer.java:2078)&#10;        at java.util.concurrent.LinkedBlockingQueue.poll(LinkedBlockingQueue.java:467)&#10;        at org.apache.hadoop.ipc.CallQueueManager.take(CallQueueManager.java:317)&#10;        at org.apache.hadoop.ipc.Server$Handler.run(Server.java:2932)&#10;&quot;IPC Server handler 16 on default port 11132&quot; daemon prio=5 tid=2592 timed_waiting&#10;java.lang.Thread.State: TIMED_WAITING&#10;        at sun.misc.Unsafe.park(Native Method)&#10;        at java.util.concurrent.locks.LockSupport.parkNanos(LockSupport.java:215)&#10;        at java.util.concurrent.locks.AbstractQueuedSynchronizer$ConditionObject.awaitNanos(AbstractQueuedSynchronizer.java:2078)&#10;        at java.util.concurrent.LinkedBlockingQueue.poll(LinkedBlockingQueue.java:467)&#10;        at org.apache.hadoop.ipc.CallQueueManager.take(CallQueueManager.java:317)&#10;        at org.apache.hadoop.ipc.Server$Handler.run(Server.java:2932)&#10;&quot;IPC Server handler 12 on default port 13045&quot; daemon prio=5 tid=2489 timed_waiting&#10;java.lang.Thread.State: TIMED_WAITING&#10;        at sun.misc.Unsafe.park(Native Method)&#10;        at java.util.concurrent.locks.LockSupport.parkNanos(LockSupport.java:215)&#10;        at java.util.concurrent.locks.AbstractQueuedSynchronizer$ConditionObject.awaitNanos(AbstractQueuedSynchronizer.java:2078)&#10;        at java.util.concurrent.LinkedBlockingQueue.poll(LinkedBlockingQueue.java:467)&#10;        at org.apache.hadoop.ipc.CallQueueManager.take(CallQueueManager.java:317)&#10;        at org.apache.hadoop.ipc.Server$Handler.run(Server.java:2932)&#10;&quot;IPC Server handler 97 on default port 13035&quot; daemon prio=5 tid=2188 timed_waiting&#10;java.lang.Thread.State: TIMED_WAITING&#10;        at sun.misc.Unsafe.park(Native Method)&#10;        at java.util.concurrent.locks.LockSupport.parkNanos(LockSupport.java:215)&#10;        at java.util.concurrent.locks.AbstractQueuedSynchronizer$ConditionObject.awaitNanos(AbstractQueuedSynchronizer.java:2078)&#10;        at java.util.concurrent.LinkedBlockingQueue.poll(LinkedBlockingQueue.java:467)&#10;        at org.apache.hadoop.ipc.CallQueueManager.take(CallQueueManager.java:317)&#10;        at org.apache.hadoop.ipc.Server$Handler.run(Server.java:2932)&#10;&quot;IPC Server handler 72 on default port 13035&quot; daemon prio=5 tid=2163 timed_waiting&#10;java.lang.Thread.State: TIMED_WAITING&#10;        at sun.misc.Unsafe.park(Native Method)&#10;        at java.util.concurrent.locks.LockSupport.parkNanos(LockSupport.java:215)&#10;        at java.util.concurrent.locks.AbstractQueuedSynchronizer$ConditionObject.awaitNanos(AbstractQueuedSynchronizer.java:2078)&#10;        at java.util.concurrent.LinkedBlockingQueue.poll(LinkedBlockingQueue.java:467)&#10;        at org.apache.hadoop.ipc.CallQueueManager.take(CallQueueManager.java:317)&#10;        at org.apache.hadoop.ipc.Server$Handler.run(Server.java:2932)&#10;&quot;7e7f778f-92a3-4c6a-870c-2544e6325884@group-1FC4E3DC1381-SegmentedRaftLogWorker&quot;  prio=5 tid=2757 timed_waiting&#10;java.lang.Thread.State: TIMED_WAITING&#10;        at sun.misc.Unsafe.park(Native Method)&#10;        at java.util.concurrent.locks.LockSupport.parkNanos(LockSupport.java:215)&#10;        at java.util.concurrent.locks.AbstractQueuedSynchronizer$ConditionObject.awaitNanos(AbstractQueuedSynchronizer.java:2078)&#10;        at org.apache.ratis.util.DataBlockingQueue.poll(DataBlockingQueue.java:137)&#10;        at org.apache.ratis.server.raftlog.segmented.SegmentedRaftLogWorker.run(SegmentedRaftLogWorker.java:292)&#10;        at org.apache.ratis.server.raftlog.segmented.SegmentedRaftLogWorker$$Lambda$435/2075927136.run(Unknown Source)&#10;        at java.lang.Thread.run(Thread.java:748)&#10;&quot;IPC Server handler 10 on default port 13035&quot; daemon prio=5 tid=2101 timed_waiting&#10;java.lang.Thread.State: TIMED_WAITING&#10;        at sun.misc.Unsafe.park(Native Method)&#10;        at java.util.concurrent.locks.LockSupport.parkNanos(LockSupport.java:215)&#10;        at java.util.concurrent.locks.AbstractQueuedSynchronizer$ConditionObject.awaitNanos(AbstractQueuedSynchronizer.java:2078)&#10;        at java.util.concurrent.LinkedBlockingQueue.poll(LinkedBlockingQueue.java:467)&#10;        at org.apache.hadoop.ipc.CallQueueManager.take(CallQueueManager.java:317)&#10;        at org.apache.hadoop.ipc.Server$Handler.run(Server.java:2932)&#10;&quot;IPC Server handler 95 on default port 13034&quot; daemon prio=5 tid=2286 timed_waiting&#10;java.lang.Thread.State: TIMED_WAITING&#10;        at sun.misc.Unsafe.park(Native Method)&#10;        at java.util.concurrent.locks.LockSupport.parkNanos(LockSupport.java:215)&#10;        at java.util.concurrent.locks.AbstractQueuedSynchronizer$ConditionObject.awaitNanos(AbstractQueuedSynchronizer.java:2078)&#10;        at java.util.concurrent.LinkedBlockingQueue.poll(LinkedBlockingQueue.java:467)&#10;        at org.apache.hadoop.ipc.CallQueueManager.take(CallQueueManager.java:317)&#10;        at org.apache.hadoop.ipc.Server$Handler.run(Server.java:2932)&#10;&quot;IPC Server handler 14 on default port 13034&quot; daemon prio=5 tid=2205 timed_waiting&#10;java.lang.Thread.State: TIMED_WAITING&#10;        at sun.misc.Unsafe.park(Native Method)&#10;        at java.util.concurrent.locks.LockSupport.parkNanos(LockSupport.java:215)&#10;        at java.util.concurrent.locks.AbstractQueuedSynchronizer$ConditionObject.awaitNanos(AbstractQueuedSynchronizer.java:2078)&#10;        at java.util.concurrent.LinkedBlockingQueue.poll(LinkedBlockingQueue.java:467)&#10;        at org.apache.hadoop.ipc.CallQueueManager.take(CallQueueManager.java:317)&#10;        at org.apache.hadoop.ipc.Server$Handler.run(Server.java:2932)&#10;&quot;IPC Server handler 22 on default port 13035&quot; daemon prio=5 tid=2113 timed_waiting&#10;java.lang.Thread.State: TIMED_WAITING&#10;        at sun.misc.Unsafe.park(Native Method)&#10;        at java.util.concurrent.locks.LockSupport.parkNanos(LockSupport.java:215)&#10;        at java.util.concurrent.locks.AbstractQueuedSynchronizer$ConditionObject.awaitNanos(AbstractQueuedSynchronizer.java:2078)&#10;        at java.util.concurrent.LinkedBlockingQueue.poll(LinkedBlockingQueue.java:467)&#10;        at org.apache.hadoop.ipc.CallQueueManager.take(CallQueueManager.java:317)&#10;        at org.apache.hadoop.ipc.Server$Handler.run(Server.java:2932)&#10;&quot;EndpointStateMachine task thread for /127.0.0.1:13013 - 0 &quot;  prio=5 tid=658 in Object.wait()&#10;java.lang.Thread.State: WAITING (on object monitor)&#10;        at sun.misc.Unsafe.park(Native Method)&#10;        at java.util.concurrent.locks.LockSupport.park(LockSupport.java:175)&#10;        at java.util.concurrent.locks.AbstractQueuedSynchronizer$ConditionObject.await(AbstractQueuedSynchronizer.java:2039)&#10;        at java.util.concurrent.LinkedBlockingQueue.take(LinkedBlockingQueue.java:442)&#10;        at java.util.concurrent.ThreadPoolExecutor.getTask(ThreadPoolExecutor.java:1074)&#10;        at java.util.concurrent.ThreadPoolExecutor.runWorker(ThreadPoolExecutor.java:1134)&#10;        at java.util.concurrent.ThreadPoolExecutor$Worker.run(ThreadPoolExecutor.java:624)&#10;        at java.lang.Thread.run(Thread.java:748)&#10;&quot;BlockDeletingService#0&quot; daemon prio=5 tid=2716 in Object.wait()&#10;java.lang.Thread.State: WAITING (on object monitor)&#10;        at sun.misc.Unsafe.park(Native Method)&#10;        at java.util.concurrent.locks.LockSupport.park(LockSupport.java:175)&#10;        at java.util.concurrent.locks.AbstractQueuedSynchronizer$ConditionObject.await(AbstractQueuedSynchronizer.java:2039)&#10;        at java.util.concurrent.ScheduledThreadPoolExecutor$DelayedWorkQueue.take(ScheduledThreadPoolExecutor.java:1088)&#10;        at java.util.concurrent.ScheduledThreadPoolExecutor$DelayedWorkQueue.take(ScheduledThreadPoolExecutor.java:809)&#10;        at java.util.concurrent.ThreadPoolExecutor.getTask(ThreadPoolExecutor.java:1074)&#10;        at java.util.concurrent.ThreadPoolExecutor.runWorker(ThreadPoolExecutor.java:1134)&#10;        at java.util.concurrent.ThreadPoolExecutor$Worker.run(ThreadPoolExecutor.java:624)&#10;        at java.lang.Thread.run(Thread.java:748)&#10;&quot;d262ff89-3d5e-4ab4-981f-dc8616a3cc4b@group-5B58ED6D724D-SegmentedRaftLogWorker&quot;  prio=5 tid=2737 timed_waiting&#10;java.lang.Thread.State: TIMED_WAITING&#10;        at sun.misc.Unsafe.park(Native Method)&#10;        at java.util.concurrent.locks.LockSupport.parkNanos(LockSupport.java:215)&#10;        at java.util.concurrent.locks.AbstractQueuedSynchronizer$ConditionObject.awaitNanos(AbstractQueuedSynchronizer.java:2078)&#10;        at org.apache.ratis.util.DataBlockingQueue.poll(DataBlockingQueue.java:137)&#10;        at org.apache.ratis.server.raftlog.segmented.SegmentedRaftLogWorker.run(SegmentedRaftLogWorker.java:292)&#10;        at org.apache.ratis.server.raftlog.segmented.SegmentedRaftLogWorker$$Lambda$435/2075927136.run(Unknown Source)&#10;        at java.lang.Thread.run(Thread.java:748)&#10;&quot;ChunkWriter-1-0&quot; daemon prio=5 tid=2712 in Object.wait()&#10;java.lang.Thread.State: WAITING (on object monitor)&#10;        at sun.misc.Unsafe.park(Native Method)&#10;        at java.util.concurrent.locks.LockSupport.park(LockSupport.java:175)&#10;        at java.util.concurrent.locks.AbstractQueuedSynchronizer$ConditionObject.await(AbstractQueuedSynchronizer.java:2039)&#10;        at java.util.concurrent.LinkedBlockingDeque.takeFirst(LinkedBlockingDeque.java:492)&#10;        at java.util.concurrent.LinkedBlockingDeque.take(LinkedBlockingDeque.java:680)&#10;        at java.util.concurrent.ThreadPoolExecutor.getTask(ThreadPoolExecutor.java:1074)&#10;        at java.util.concurrent.ThreadPoolExecutor.runWorker(ThreadPoolExecutor.java:1134)&#10;        at java.util.concurrent.ThreadPoolExecutor$Worker.run(ThreadPoolExecutor.java:624)&#10;        at java.lang.Thread.run(Thread.java:748)&#10;&quot;IPC Server handler 15 on default port 13044&quot; daemon prio=5 tid=2512 timed_waiting&#10;java.lang.Thread.State: TIMED_WAITING&#10;        at sun.misc.Unsafe.park(Native Method)&#10;        at java.util.concurrent.locks.LockSupport.parkNanos(LockSupport.java:215)&#10;        at java.util.concurrent.locks.AbstractQueuedSynchronizer$ConditionObject.awaitNanos(AbstractQueuedSynchronizer.java:2078)&#10;        at java.util.concurrent.LinkedBlockingQueue.poll(LinkedBlockingQueue.java:467)&#10;        at org.apache.hadoop.ipc.CallQueueManager.take(CallQueueManager.java:317)&#10;        at org.apache.hadoop.ipc.Server$Handler.run(Server.java:2932)&#10;&quot;Datanode ReportManager Thread - 3&quot; daemon prio=5 tid=591 timed_waiting&#10;java.lang.Thread.State: TIMED_WAITING&#10;        at sun.misc.Unsafe.park(Native Method)&#10;        at java.util.concurrent.locks.LockSupport.parkNanos(LockSupport.java:215)&#10;        at java.util.concurrent.locks.AbstractQueuedSynchronizer$ConditionObject.awaitNanos(AbstractQueuedSynchronizer.java:2078)&#10;        at java.util.concurrent.ScheduledThreadPoolExecutor$DelayedWorkQueue.take(ScheduledThreadPoolExecutor.java:1093)&#10;        at java.util.concurrent.ScheduledThreadPoolExecutor$DelayedWorkQueue.take(ScheduledThreadPoolExecutor.java:809)&#10;        at java.util.concurrent.ThreadPoolExecutor.getTask(ThreadPoolExecutor.java:1074)&#10;        at java.util.concurrent.ThreadPoolExecutor.runWorker(ThreadPoolExecutor.java:1134)&#10;        at java.util.concurrent.ThreadPoolExecutor$Worker.run(ThreadPoolExecutor.java:624)&#10;        at java.lang.Thread.run(Thread.java:748)&#10;&quot;IPC Server handler 89 on default port 13033&quot; daemon prio=5 tid=2399 timed_waiting&#10;java.lang.Thread.State: TIMED_WAITING&#10;        at sun.misc.Unsafe.park(Native Method)&#10;        at java.util.concurrent.locks.LockSupport.parkNanos(LockSupport.java:215)&#10;        at java.util.concurrent.locks.AbstractQueuedSynchronizer$ConditionObject.awaitNanos(AbstractQueuedSynchronizer.java:2078)&#10;        at java.util.concurrent.LinkedBlockingQueue.poll(LinkedBlockingQueue.java:467)&#10;        at org.apache.hadoop.ipc.CallQueueManager.take(CallQueueManager.java:317)&#10;        at org.apache.hadoop.ipc.Server$Handler.run(Server.java:2932)&#10;&quot;IPC Server handler 17 on default port 13034&quot; daemon prio=5 tid=2208 timed_waiting&#10;java.lang.Thread.State: TIMED_WAITING&#10;        at sun.misc.Unsafe.park(Native Method)&#10;        at java.util.concurrent.locks.LockSupport.parkNanos(LockSupport.java:215)&#10;        at java.util.concurrent.locks.AbstractQueuedSynchronizer$ConditionObject.awaitNanos(AbstractQueuedSynchronizer.java:2078)&#10;        at java.util.concurrent.LinkedBlockingQueue.poll(LinkedBlockingQueue.java:467)&#10;        at org.apache.hadoop.ipc.CallQueueManager.take(CallQueueManager.java:317)&#10;        at org.apache.hadoop.ipc.Server$Handler.run(Server.java:2932)&#10;&quot;IPC Server handler 14 on default port 13033&quot; daemon prio=5 tid=2324 timed_waiting&#10;java.lang.Thread.State: TIMED_WAITING&#10;        at sun.misc.Unsafe.park(Native Method)&#10;        at java.util.concurrent.locks.LockSupport.parkNanos(LockSupport.java:215)&#10;        at java.util.concurrent.locks.AbstractQueuedSynchronizer$ConditionObject.awaitNanos(AbstractQueuedSynchronizer.java:2078)&#10;        at java.util.concurrent.LinkedBlockingQueue.poll(LinkedBlockingQueue.java:467)&#10;        at org.apache.hadoop.ipc.CallQueueManager.take(CallQueueManager.java:317)&#10;        at org.apache.hadoop.ipc.Server$Handler.run(Server.java:2932)&#10;&quot;IPC Server handler 39 on default port 13035&quot; daemon prio=5 tid=2130 timed_waiting&#10;java.lang.Thread.State: TIMED_WAITING&#10;        at sun.misc.Unsafe.park(Native Method)&#10;        at java.util.concurrent.locks.LockSupport.parkNanos(LockSupport.java:215)&#10;        at java.util.concurrent.locks.AbstractQueuedSynchronizer$ConditionObject.awaitNanos(AbstractQueuedSynchronizer.java:2078)&#10;        at java.util.concurrent.LinkedBlockingQueue.poll(LinkedBlockingQueue.java:467)&#10;        at org.apache.hadoop.ipc.CallQueueManager.take(CallQueueManager.java:317)&#10;        at org.apache.hadoop.ipc.Server$Handler.run(Server.java:2932)&#10;&quot;IPC Server handler 10 on default port 13034&quot; daemon prio=5 tid=2201 timed_waiting&#10;java.lang.Thread.State: TIMED_WAITING&#10;        at sun.misc.Unsafe.park(Native Method)&#10;        at java.util.concurrent.locks.LockSupport.parkNanos(LockSupport.java:215)&#10;        at java.util.concurrent.locks.AbstractQueuedSynchronizer$ConditionObject.awaitNanos(AbstractQueuedSynchronizer.java:2078)&#10;        at java.util.concurrent.LinkedBlockingQueue.poll(LinkedBlockingQueue.java:467)&#10;        at org.apache.hadoop.ipc.CallQueueManager.take(CallQueueManager.java:317)&#10;        at org.apache.hadoop.ipc.Server$Handler.run(Server.java:2932)&#10;&quot;IPC Server handler 57 on default port 13034&quot; daemon prio=5 tid=2248 timed_waiting&#10;java.lang.Thread.State: TIMED_WAITING&#10;        at sun.misc.Unsafe.park(Native Method)&#10;        at java.util.concurrent.locks.LockSupport.parkNanos(LockSupport.java:215)&#10;        at java.util.concurrent.locks.AbstractQueuedSynchronizer$ConditionObject.awaitNanos(AbstractQueuedSynchronizer.java:2078)&#10;        at java.util.concurrent.LinkedBlockingQueue.poll(LinkedBlockingQueue.java:467)&#10;        at org.apache.hadoop.ipc.CallQueueManager.take(CallQueueManager.java:317)&#10;        at org.apache.hadoop.ipc.Server$Handler.run(Server.java:2932)&#10;&quot;IPC Server handler 81 on default port 13034&quot; daemon prio=5 tid=2272 timed_waiting&#10;java.lang.Thread.State: TIMED_WAITING&#10;        at sun.misc.Unsafe.park(Native Method)&#10;        at java.util.concurrent.locks.LockSupport.parkNanos(LockSupport.java:215)&#10;        at java.util.concurrent.locks.AbstractQueuedSynchronizer$ConditionObject.awaitNanos(AbstractQueuedSynchronizer.java:2078)&#10;        at java.util.concurrent.LinkedBlockingQueue.poll(LinkedBlockingQueue.java:467)&#10;        at org.apache.hadoop.ipc.CallQueueManager.take(CallQueueManager.java:317)&#10;        at org.apache.hadoop.ipc.Server$Handler.run(Server.java:2932)&#10;&quot;pool-520-thread-1&quot;  prio=5 tid=2748 in Object.wait()&#10;java.lang.Thread.State: WAITING (on object monitor)&#10;        at sun.misc.Unsafe.park(Native Method)&#10;        at java.util.concurrent.locks.LockSupport.park(LockSupport.java:175)&#10;        at java.util.concurrent.locks.AbstractQueuedSynchronizer$ConditionObject.await(AbstractQueuedSynchronizer.java:2039)&#10;        at java.util.concurrent.LinkedBlockingQueue.take(LinkedBlockingQueue.java:442)&#10;        at java.util.concurrent.ThreadPoolExecutor.getTask(ThreadPoolExecutor.java:1074)&#10;        at java.util.concurrent.ThreadPoolExecutor.runWorker(ThreadPoolExecutor.java:1134)&#10;        at java.util.concurrent.ThreadPoolExecutor$Worker.run(ThreadPoolExecutor.java:624)&#10;        at java.lang.Thread.run(Thread.java:748)&#10;&quot;org.apache.hadoop.ozone.container.common.statemachine.commandhandler.DeleteBlocksCommandHandler$DeleteCmdWorker@3dba2e0b&quot; daemon prio=5 tid=2655 timed_waiting&#10;java.lang.Thread.State: TIMED_WAITING&#10;        at java.lang.Thread.sleep(Native Method)&#10;        at org.apache.hadoop.ozone.container.common.statemachine.commandhandler.DeleteBlocksCommandHandler$DeleteCmdWorker.run(DeleteBlocksCommandHandler.java:175)&#10;        at java.lang.Thread.run(Thread.java:748)&#10;&quot;IPC Server handler 70 on default port 13035&quot; daemon prio=5 tid=2161 timed_waiting&#10;java.lang.Thread.State: TIMED_WAITING&#10;        at sun.misc.Unsafe.park(Native Method)&#10;        at java.util.concurrent.locks.LockSupport.parkNanos(LockSupport.java:215)&#10;        at java.util.concurrent.locks.AbstractQueuedSynchronizer$ConditionObject.awaitNanos(AbstractQueuedSynchronizer.java:2078)&#10;        at java.util.concurrent.LinkedBlockingQueue.poll(LinkedBlockingQueue.java:467)&#10;        at org.apache.hadoop.ipc.CallQueueManager.take(CallQueueManager.java:317)&#10;        at org.apache.hadoop.ipc.Server$Handler.run(Server.java:2932)&#10;&quot;IPC Server handler 10 on default port 13044&quot; daemon prio=5 tid=2507 timed_waiting&#10;java.lang.Thread.State: TIMED_WAITING&#10;        at sun.misc.Unsafe.park(Native Method)&#10;        at java.util.concurrent.locks.LockSupport.parkNanos(LockSupport.java:215)&#10;        at java.util.concurrent.locks.AbstractQueuedSynchronizer$ConditionObject.awaitNanos(AbstractQueuedSynchronizer.java:2078)&#10;        at java.util.concurrent.LinkedBlockingQueue.poll(LinkedBlockingQueue.java:467)&#10;        at org.apache.hadoop.ipc.CallQueueManager.take(CallQueueManager.java:317)&#10;        at org.apache.hadoop.ipc.Server$Handler.run(Server.java:2932)&#10;&quot;IPC Server handler 84 on default port 13033&quot; daemon prio=5 tid=2394 timed_waiting&#10;java.lang.Thread.State: TIMED_WAITING&#10;        at sun.misc.Unsafe.park(Native Method)&#10;        at java.util.concurrent.locks.LockSupport.parkNanos(LockSupport.java:215)&#10;        at java.util.concurrent.locks.AbstractQueuedSynchronizer$ConditionObject.awaitNanos(AbstractQueuedSynchronizer.java:2078)&#10;        at java.util.concurrent.LinkedBlockingQueue.poll(LinkedBlockingQueue.java:467)&#10;        at org.apache.hadoop.ipc.CallQueueManager.take(CallQueueManager.java:317)&#10;        at org.apache.hadoop.ipc.Server$Handler.run(Server.java:2932)&#10;&quot;IPC Server handler 11 on default port 13035&quot; daemon prio=5 tid=2102 timed_waiting&#10;java.lang.Thread.State: TIMED_WAITING&#10;        at sun.misc.Unsafe.park(Native Method)&#10;        at java.util.concurrent.locks.LockSupport.parkNanos(LockSupport.java:215)&#10;        at java.util.concurrent.locks.AbstractQueuedSynchronizer$ConditionObject.awaitNanos(AbstractQueuedSynchronizer.java:2078)&#10;        at java.util.concurrent.LinkedBlockingQueue.poll(LinkedBlockingQueue.java:467)&#10;        at org.apache.hadoop.ipc.CallQueueManager.take(CallQueueManager.java:317)&#10;        at org.apache.hadoop.ipc.Server$Handler.run(Server.java:2932)&#10;&quot;EventQueue-NodeRegistrationContainerReportForDataNodeSafeModeRule&quot; daemon prio=5 tid=2722 in Object.wait()&#10;java.lang.Thread.State: WAITING (on object monitor)&#10;        at sun.misc.Unsafe.park(Native Method)&#10;        at java.util.concurrent.locks.LockSupport.park(LockSupport.java:175)&#10;        at java.util.concurrent.locks.AbstractQueuedSynchronizer$ConditionObject.await(AbstractQueuedSynchronizer.java:2039)&#10;        at java.util.concurrent.LinkedBlockingQueue.take(LinkedBlockingQueue.java:442)&#10;        at java.util.concurrent.ThreadPoolExecutor.getTask(ThreadPoolExecutor.java:1074)&#10;        at java.util.concurrent.ThreadPoolExecutor.runWorker(ThreadPoolExecutor.java:1134)&#10;        at java.util.concurrent.ThreadPoolExecutor$Worker.run(ThreadPoolExecutor.java:624)&#10;        at java.lang.Thread.run(Thread.java:748)&#10;&quot;org.apache.hadoop.ozone.container.common.statemachine.commandhandler.DeleteBlocksCommandHandler$DeleteCmdWorker@2219ca9f&quot; daemon prio=5 tid=551 runnable&#10;java.lang.Thread.State: RUNNABLE&#10;        at java.lang.Thread.sleep(Native Method)&#10;        at org.apache.hadoop.ozone.container.common.statemachine.commandhandler.DeleteBlocksCommandHandler$DeleteCmdWorker.run(DeleteBlocksCommandHandler.java:175)&#10;        at java.lang.Thread.run(Thread.java:748)&#10;&quot;IPC Server handler 4 on default port 13044&quot; daemon prio=5 tid=2501 timed_waiting&#10;java.lang.Thread.State: TIMED_WAITING&#10;        at sun.misc.Unsafe.park(Native Method)&#10;        at java.util.concurrent.locks.LockSupport.parkNanos(LockSupport.java:215)&#10;        at java.util.concurrent.locks.AbstractQueuedSynchronizer$ConditionObject.awaitNanos(AbstractQueuedSynchronizer.java:2078)&#10;        at java.util.concurrent.LinkedBlockingQueue.poll(LinkedBlockingQueue.java:467)&#10;        at org.apache.hadoop.ipc.CallQueueManager.take(CallQueueManager.java:317)&#10;        at org.apache.hadoop.ipc.Server$Handler.run(Server.java:2932)&#10;&quot;Datanode ReportManager Thread - 4&quot; daemon prio=5 tid=592 in Object.wait()&#10;java.lang.Thread.State: WAITING (on object monitor)&#10;        at sun.misc.Unsafe.park(Native Method)&#10;        at java.util.concurrent.locks.LockSupport.park(LockSupport.java:175)&#10;        at java.util.concurrent.locks.AbstractQueuedSynchronizer$ConditionObject.await(AbstractQueuedSynchronizer.java:2039)&#10;        at java.util.concurrent.ScheduledThreadPoolExecutor$DelayedWorkQueue.take(ScheduledThreadPoolExecutor.java:1088)&#10;        at java.util.concurrent.ScheduledThreadPoolExecutor$DelayedWorkQueue.take(ScheduledThreadPoolExecutor.java:809)&#10;        at java.util.concurrent.ThreadPoolExecutor.getTask(ThreadPoolExecutor.java:1074)&#10;        at java.util.concurrent.ThreadPoolExecutor.runWorker(ThreadPoolExecutor.java:1134)&#10;        at java.util.concurrent.ThreadPoolExecutor$Worker.run(ThreadPoolExecutor.java:624)&#10;        at java.lang.Thread.run(Thread.java:748)&#10;&quot;qtp708676185-2636&quot; daemon prio=5 tid=2636 timed_waiting&#10;java.lang.Thread.State: TIMED_WAITING&#10;        at sun.misc.Unsafe.park(Native Method)&#10;        at java.util.concurrent.locks.LockSupport.parkNanos(LockSupport.java:215)&#10;        at java.util.concurrent.locks.AbstractQueuedSynchronizer$ConditionObject.awaitNanos(AbstractQueuedSynchronizer.java:2078)&#10;        at org.eclipse.jetty.util.BlockingArrayQueue.poll(BlockingArrayQueue.java:382)&#10;        at org.eclipse.jetty.util.thread.QueuedThreadPool$Runner.idleJobPoll(QueuedThreadPool.java:974)&#10;        at org.eclipse.jetty.util.thread.QueuedThreadPool$Runner.run(QueuedThreadPool.java:1018)&#10;        at java.lang.Thread.run(Thread.java:748)&#10;&quot;Datanode State Machine Task Thread - 3&quot;  prio=5 tid=2693 timed_waiting&#10;java.lang.Thread.State: TIMED_WAITING&#10;        at sun.misc.Unsafe.park(Native Method)&#10;        at java.util.concurrent.locks.LockSupport.parkNanos(LockSupport.java:215)&#10;        at java.util.concurrent.FutureTask.awaitDone(FutureTask.java:426)&#10;        at java.util.concurrent.FutureTask.get(FutureTask.java:204)&#10;        at org.apache.hadoop.ozone.container.common.states.datanode.RunningDatanodeState.lambda$execute$0(RunningDatanodeState.java:149)&#10;        at org.apache.hadoop.ozone.container.common.states.datanode.RunningDatanodeState$$Lambda$904/1783042161.call(Unknown Source)&#10;        at java.util.concurrent.FutureTask.run(FutureTask.java:266)&#10;        at java.util.concurrent.Executors$RunnableAdapter.call(Executors.java:511)&#10;        at java.util.concurrent.FutureTask.run(FutureTask.java:266)&#10;        at java.util.concurrent.ThreadPoolExecutor.runWorker(ThreadPoolExecutor.java:1149)&#10;        at java.util.concurrent.ThreadPoolExecutor$Worker.run(ThreadPoolExecutor.java:624)&#10;        at java.lang.Thread.run(Thread.java:748)&#10;&quot;pool-478-thread-1&quot;  prio=5 tid=2736 in Object.wait()&#10;java.lang.Thread.State: WAITING (on object monitor)&#10;        at sun.misc.Unsafe.park(Native Method)&#10;        at java.util.concurrent.locks.LockSupport.park(LockSupport.java:175)&#10;        at java.util.concurrent.locks.AbstractQueuedSynchronizer$ConditionObject.await(AbstractQueuedSynchronizer.java:2039)&#10;        at java.util.concurrent.LinkedBlockingQueue.take(LinkedBlockingQueue.java:442)&#10;        at java.util.concurrent.ThreadPoolExecutor.getTask(ThreadPoolExecutor.java:1074)&#10;        at java.util.concurrent.ThreadPoolExecutor.runWorker(ThreadPoolExecutor.java:1134)&#10;        at java.util.concurrent.ThreadPoolExecutor$Worker.run(ThreadPoolExecutor.java:624)&#10;        at java.lang.Thread.run(Thread.java:748)&#10;&quot;Datanode ReportManager Thread - 0&quot; daemon prio=5 tid=1714 in Object.wait()&#10;java.lang.Thread.State: WAITING (on object monitor)&#10;        at sun.misc.Unsafe.park(Native Method)&#10;        at java.util.concurrent.locks.LockSupport.park(LockSupport.java:175)&#10;        at java.util.concurrent.locks.AbstractQueuedSynchronizer$ConditionObject.await(AbstractQueuedSynchronizer.java:2039)&#10;        at java.util.concurrent.ScheduledThreadPoolExecutor$DelayedWorkQueue.take(ScheduledThreadPoolExecutor.java:1088)&#10;        at java.util.concurrent.ScheduledThreadPoolExecutor$DelayedWorkQueue.take(ScheduledThreadPoolExecutor.java:809)&#10;        at java.util.concurrent.ThreadPoolExecutor.getTask(ThreadPoolExecutor.java:1074)&#10;        at java.util.concurrent.ThreadPoolExecutor.runWorker(ThreadPoolExecutor.java:1134)&#10;        at java.util.concurrent.ThreadPoolExecutor$Worker.run(ThreadPoolExecutor.java:624)&#10;        at java.lang.Thread.run(Thread.java:748)&#10;&quot;IPC Server handler 16 on default port 13044&quot; daemon prio=5 tid=2513 timed_waiting&#10;java.lang.Thread.State: TIMED_WAITING&#10;        at sun.misc.Unsafe.park(Native Method)&#10;        at java.util.concurrent.locks.LockSupport.parkNanos(LockSupport.java:215)&#10;        at java.util.concurrent.locks.AbstractQueuedSynchronizer$ConditionObject.awaitNanos(AbstractQueuedSynchronizer.java:2078)&#10;        at java.util.concurrent.LinkedBlockingQueue.poll(LinkedBlockingQueue.java:467)&#10;        at org.apache.hadoop.ipc.CallQueueManager.take(CallQueueManager.java:317)&#10;        at org.apache.hadoop.ipc.Server$Handler.run(Server.java:2932)&#10;&quot;ChunkWriter-1-0&quot; daemon prio=5 tid=2685 in Object.wait()&#10;java.lang.Thread.State: WAITING (on object monitor)&#10;        at sun.misc.Unsafe.park(Native Method)&#10;        at java.util.concurrent.locks.LockSupport.park(LockSupport.java:175)&#10;        at java.util.concurrent.locks.AbstractQueuedSynchronizer$ConditionObject.await(AbstractQueuedSynchronizer.java:2039)&#10;        at java.util.concurrent.LinkedBlockingDeque.takeFirst(LinkedBlockingDeque.java:492)&#10;        at java.util.concurrent.LinkedBlockingDeque.take(LinkedBlockingDeque.java:680)&#10;        at java.util.concurrent.ThreadPoolExecutor.getTask(ThreadPoolExecutor.java:1074)&#10;        at java.util.concurrent.ThreadPoolExecutor.runWorker(ThreadPoolExecutor.java:1134)&#10;        at java.util.concurrent.ThreadPoolExecutor$Worker.run(ThreadPoolExecutor.java:624)&#10;        at java.lang.Thread.run(Thread.java:748)&#10;&quot;IPC Server handler 18 on default port 13045&quot; daemon prio=5 tid=2495 timed_waiting&#10;java.lang.Thread.State: TIMED_WAITING&#10;        at sun.misc.Unsafe.park(Native Method)&#10;        at java.util.concurrent.locks.LockSupport.parkNanos(LockSupport.java:215)&#10;        at java.util.concurrent.locks.AbstractQueuedSynchronizer$ConditionObject.awaitNanos(AbstractQueuedSynchronizer.java:2078)&#10;        at java.util.concurrent.LinkedBlockingQueue.poll(LinkedBlockingQueue.java:467)&#10;        at org.apache.hadoop.ipc.CallQueueManager.take(CallQueueManager.java:317)&#10;        at org.apache.hadoop.ipc.Server$Handler.run(Server.java:2932)&#10;&quot;IPC Server handler 34 on default port 13035&quot; daemon prio=5 tid=2125 timed_waiting&#10;java.lang.Thread.State: TIMED_WAITING&#10;        at sun.misc.Unsafe.park(Native Method)&#10;        at java.util.concurrent.locks.LockSupport.parkNanos(LockSupport.java:215)&#10;        at java.util.concurrent.locks.AbstractQueuedSynchronizer$ConditionObject.awaitNanos(AbstractQueuedSynchronizer.java:2078)&#10;        at java.util.concurrent.LinkedBlockingQueue.poll(LinkedBlockingQueue.java:467)&#10;        at org.apache.hadoop.ipc.CallQueueManager.take(CallQueueManager.java:317)&#10;        at org.apache.hadoop.ipc.Server$Handler.run(Server.java:2932)&#10;&quot;EndpointStateMachine task thread for /127.0.0.1:13053 - 0 &quot;  prio=5 tid=2696 in Object.wait()&#10;java.lang.Thread.State: WAITING (on object monitor)&#10;        at java.lang.Object.wait(Native Method)&#10;        at java.lang.Object.wait(Object.java:502)&#10;        at org.apache.hadoop.util.concurrent.AsyncGet$Util.wait(AsyncGet.java:59)&#10;        at org.apache.hadoop.ipc.Client.getRpcResponse(Client.java:1561)&#10;        at org.apache.hadoop.ipc.Client.call(Client.java:1519)&#10;        at org.apache.hadoop.ipc.Client.call(Client.java:1416)&#10;        at org.apache.hadoop.ipc.ProtobufRpcEngine$Invoker.invoke(ProtobufRpcEngine.java:236)&#10;        at org.apache.hadoop.ipc.ProtobufRpcEngine$Invoker.invoke(ProtobufRpcEngine.java:123)&#10;        at com.sun.proxy.$Proxy48.submitRequest(Unknown Source)&#10;        at org.apache.hadoop.ozone.protocolPB.StorageContainerDatanodeProtocolClientSideTranslatorPB.submitRequest(StorageContainerDatanodeProtocolClientSideTranslatorPB.java:117)&#10;        at org.apache.hadoop.ozone.protocolPB.StorageContainerDatanodeProtocolClientSideTranslatorPB.getVersion(StorageContainerDatanodeProtocolClientSideTranslatorPB.java:133)&#10;        at org.apache.hadoop.ozone.container.common.states.endpoint.VersionEndpointTask.call(VersionEndpointTask.java:71)&#10;        at org.apache.hadoop.ozone.container.common.states.endpoint.VersionEndpointTask.call(VersionEndpointTask.java:42)&#10;        at java.util.concurrent.FutureTask.run(FutureTask.java:266)&#10;        at java.util.concurrent.ThreadPoolExecutor.runWorker(ThreadPoolExecutor.java:1149)&#10;        at java.util.concurrent.ThreadPoolExecutor$Worker.run(ThreadPoolExecutor.java:624)&#10;        at java.lang.Thread.run(Thread.java:748)&#10;&quot;EventQueue-DatanodeCommandForSCMNodeManager&quot; daemon prio=5 tid=2416 in Object.wait()&#10;java.lang.Thread.State: WAITING (on object monitor)&#10;        at sun.misc.Unsafe.park(Native Method)&#10;        at java.util.concurrent.locks.LockSupport.park(LockSupport.java:175)&#10;        at java.util.concurrent.locks.AbstractQueuedSynchronizer$ConditionObject.await(AbstractQueuedSynchronizer.java:2039)&#10;        at java.util.concurrent.LinkedBlockingQueue.take(LinkedBlockingQueue.java:442)&#10;        at java.util.concurrent.ThreadPoolExecutor.getTask(ThreadPoolExecutor.java:1074)&#10;        at java.util.concurrent.ThreadPoolExecutor.runWorker(ThreadPoolExecutor.java:1134)&#10;        at java.util.concurrent.ThreadPoolExecutor$Worker.run(ThreadPoolExecutor.java:624)&#10;        at java.lang.Thread.run(Thread.java:748)&#10;&quot;IPC Server handler 86 on default port 13034&quot; daemon prio=5 tid=2277 timed_waiting&#10;java.lang.Thread.State: TIMED_WAITING&#10;        at sun.misc.Unsafe.park(Native Method)&#10;        at java.util.concurrent.locks.LockSupport.parkNanos(LockSupport.java:215)&#10;        at java.util.concurrent.locks.AbstractQueuedSynchronizer$ConditionObject.awaitNanos(AbstractQueuedSynchronizer.java:2078)&#10;        at java.util.concurrent.LinkedBlockingQueue.poll(LinkedBlockingQueue.java:467)&#10;        at org.apache.hadoop.ipc.CallQueueManager.take(CallQueueManager.java:317)&#10;        at org.apache.hadoop.ipc.Server$Handler.run(Server.java:2932)&#10;&quot;DatanodeAdminManager-0&quot; daemon prio=5 tid=2073 timed_waiting&#10;java.lang.Thread.State: TIMED_WAITING&#10;        at sun.misc.Unsafe.park(Native Method)&#10;        at java.util.concurrent.locks.LockSupport.parkNanos(LockSupport.java:215)&#10;        at java.util.concurrent.locks.AbstractQueuedSynchronizer$ConditionObject.awaitNanos(AbstractQueuedSynchronizer.java:2078)&#10;        at java.util.concurrent.ScheduledThreadPoolExecutor$DelayedWorkQueue.take(ScheduledThreadPoolExecutor.java:1093)&#10;        at java.util.concurrent.ScheduledThreadPoolExecutor$DelayedWorkQueue.take(ScheduledThreadPoolExecutor.java:809)&#10;        at java.util.concurrent.ThreadPoolExecutor.getTask(ThreadPoolExecutor.java:1074)&#10;        at java.util.concurrent.ThreadPoolExecutor.runWorker(ThreadPoolExecutor.java:1134)&#10;        at java.util.concurrent.ThreadPoolExecutor$Worker.run(ThreadPoolExecutor.java:624)&#10;        at java.lang.Thread.run(Thread.java:748)&#10;&quot;EndpointStateMachine task thread for /127.0.0.1:13033 - 0 &quot;  prio=5 tid=646 in Object.wait()&#10;java.lang.Thread.State: WAITING (on object monitor)&#10;        at sun.misc.Unsafe.park(Native Method)&#10;        at java.util.concurrent.locks.LockSupport.park(LockSupport.java:175)&#10;        at java.util.concurrent.locks.AbstractQueuedSynchronizer$ConditionObject.await(AbstractQueuedSynchronizer.java:2039)&#10;        at java.util.concurrent.LinkedBlockingQueue.take(LinkedBlockingQueue.java:442)&#10;        at java.util.concurrent.ThreadPoolExecutor.getTask(ThreadPoolExecutor.java:1074)&#10;        at java.util.concurrent.ThreadPoolExecutor.runWorker(ThreadPoolExecutor.java:1134)&#10;        at java.util.concurrent.ThreadPoolExecutor$Worker.run(ThreadPoolExecutor.java:624)&#10;        at java.lang.Thread.run(Thread.java:748)&#10;&quot;13676ba2-e17b-4a8f-9926-6ead84168abe@group-390751046F7B-SegmentedRaftLogWorker&quot;  prio=5 tid=2418 timed_waiting&#10;java.lang.Thread.State: TIMED_WAITING&#10;        at sun.misc.Unsafe.park(Native Method)&#10;        at java.util.concurrent.locks.LockSupport.parkNanos(LockSupport.java:215)&#10;        at java.util.concurrent.locks.AbstractQueuedSynchronizer$ConditionObject.awaitNanos(AbstractQueuedSynchronizer.java:2078)&#10;        at org.apache.ratis.util.DataBlockingQueue.poll(DataBlockingQueue.java:137)&#10;        at org.apache.ratis.server.raftlog.segmented.SegmentedRaftLogWorker.run(SegmentedRaftLogWorker.java:292)&#10;        at org.apache.ratis.server.raftlog.segmented.SegmentedRaftLogWorker$$Lambda$435/2075927136.run(Unknown Source)&#10;        at java.lang.Thread.run(Thread.java:748)&#10;&quot;EndpointStateMachine task thread for /127.0.0.1:13033 - 0 &quot;  prio=5 tid=2709 in Object.wait()&#10;java.lang.Thread.State: WAITING (on object monitor)&#10;        at sun.misc.Unsafe.park(Native Method)&#10;        at java.util.concurrent.locks.LockSupport.park(LockSupport.java:175)&#10;        at java.util.concurrent.locks.AbstractQueuedSynchronizer$ConditionObject.await(AbstractQueuedSynchronizer.java:2039)&#10;        at java.util.concurrent.LinkedBlockingQueue.take(LinkedBlockingQueue.java:442)&#10;        at java.util.concurrent.ThreadPoolExecutor.getTask(ThreadPoolExecutor.java:1074)&#10;        at java.util.concurrent.ThreadPoolExecutor.runWorker(ThreadPoolExecutor.java:1134)&#10;        at java.util.concurrent.ThreadPoolExecutor$Worker.run(ThreadPoolExecutor.java:624)&#10;        at java.lang.Thread.run(Thread.java:748)&#10;&quot;qtp708676185-2632&quot; daemon prio=5 tid=2632 timed_waiting&#10;java.lang.Thread.State: TIMED_WAITING&#10;        at sun.misc.Unsafe.park(Native Method)&#10;        at java.util.concurrent.locks.LockSupport.parkNanos(LockSupport.java:215)&#10;        at java.util.concurrent.locks.AbstractQueuedSynchronizer$ConditionObject.awaitNanos(AbstractQueuedSynchronizer.java:2078)&#10;        at org.eclipse.jetty.util.BlockingArrayQueue.poll(BlockingArrayQueue.java:382)&#10;        at org.eclipse.jetty.util.thread.QueuedThreadPool$Runner.idleJobPoll(QueuedThreadPool.java:974)&#10;        at org.eclipse.jetty.util.thread.QueuedThreadPool$Runner.run(QueuedThreadPool.java:1018)&#10;        at java.lang.Thread.run(Thread.java:748)&#10;&quot;org.apache.hadoop.util.JvmPauseMonitor$Monitor@2b6c86fc&quot; daemon prio=5 tid=2648 timed_waiting&#10;java.lang.Thread.State: TIMED_WAITING&#10;        at java.lang.Thread.sleep(Native Method)&#10;        at org.apache.hadoop.util.JvmPauseMonitor$Monitor.run(JvmPauseMonitor.java:192)&#10;        at java.lang.Thread.run(Thread.java:748)&#10;&quot;qtp1613570136-2524&quot; daemon prio=5 tid=2524 timed_waiting&#10;java.lang.Thread.State: TIMED_WAITING&#10;        at sun.misc.Unsafe.park(Native Method)&#10;        at java.util.concurrent.locks.LockSupport.parkNanos(LockSupport.java:215)&#10;        at java.util.concurrent.locks.AbstractQueuedSynchronizer$ConditionObject.awaitNanos(AbstractQueuedSynchronizer.java:2078)&#10;        at org.eclipse.jetty.util.BlockingArrayQueue.poll(BlockingArrayQueue.java:382)&#10;        at org.eclipse.jetty.util.thread.QueuedThreadPool$Runner.idleJobPoll(QueuedThreadPool.java:974)&#10;        at org.eclipse.jetty.util.thread.QueuedThreadPool$Runner.run(QueuedThreadPool.java:1018)&#10;        at java.lang.Thread.run(Thread.java:748)&#10;&quot;grpc-default-worker-ELG-7-2&quot; daemon prio=5 tid=2441 runnable&#10;java.lang.Thread.State: RUNNABLE&#10;        at org.apache.ratis.thirdparty.io.netty.channel.epoll.Native.epollWait(Native Method)&#10;        at org.apache.ratis.thirdparty.io.netty.channel.epoll.Native.epollWait(Native.java:177)&#10;        at org.apache.ratis.thirdparty.io.netty.channel.epoll.Native.epollWait(Native.java:170)&#10;        at org.apache.ratis.thirdparty.io.netty.channel.epoll.EpollEventLoop.epollWaitNoTimerChange(EpollEventLoop.java:290)&#10;        at org.apache.ratis.thirdparty.io.netty.channel.epoll.EpollEventLoop.run(EpollEventLoop.java:347)&#10;        at org.apache.ratis.thirdparty.io.netty.util.concurrent.SingleThreadEventExecutor$4.run(SingleThreadEventExecutor.java:989)&#10;        at org.apache.ratis.thirdparty.io.netty.util.internal.ThreadExecutorMap$2.run(ThreadExecutorMap.java:74)&#10;        at org.apache.ratis.thirdparty.io.netty.util.concurrent.FastThreadLocalRunnable.run(FastThreadLocalRunnable.java:30)&#10;        at java.lang.Thread.run(Thread.java:748)&#10;&quot;IPC Server handler 56 on default port 13035&quot; daemon prio=5 tid=2147 timed_waiting&#10;java.lang.Thread.State: TIMED_WAITING&#10;        at sun.misc.Unsafe.park(Native Method)&#10;        at java.util.concurrent.locks.LockSupport.parkNanos(LockSupport.java:215)&#10;        at java.util.concurrent.locks.AbstractQueuedSynchronizer$ConditionObject.awaitNanos(AbstractQueuedSynchronizer.java:2078)&#10;        at java.util.concurrent.LinkedBlockingQueue.poll(LinkedBlockingQueue.java:467)&#10;        at org.apache.hadoop.ipc.CallQueueManager.take(CallQueueManager.java:317)&#10;        at org.apache.hadoop.ipc.Server$Handler.run(Server.java:2932)&#10;&quot;org.apache.hadoop.util.JvmPauseMonitor$Monitor@7103ba38&quot; daemon prio=5 tid=2596 timed_waiting&#10;java.lang.Thread.State: TIMED_WAITING&#10;        at java.lang.Thread.sleep(Native Method)&#10;        at org.apache.hadoop.util.JvmPauseMonitor$Monitor.run(JvmPauseMonitor.java:192)&#10;        at java.lang.Thread.run(Thread.java:748)&#10;&quot;CommandWatcher-LeaseManager#LeaseMonitor&quot; daemon prio=5 tid=2090 timed_waiting&#10;java.lang.Thread.State: TIMED_WAITING&#10;        at java.lang.Object.wait(Native Method)&#10;        at org.apache.hadoop.ozone.lease.LeaseManager$LeaseMonitor.run(LeaseManager.java:238)&#10;        at java.lang.Thread.run(Thread.java:748)&#10;&quot;Datanode ReportManager Thread - 1&quot; daemon prio=5 tid=616 in Object.wait()&#10;java.lang.Thread.State: WAITING (on object monitor)&#10;        at sun.misc.Unsafe.park(Native Method)&#10;        at java.util.concurrent.locks.LockSupport.park(LockSupport.java:175)&#10;        at java.util.concurrent.locks.AbstractQueuedSynchronizer$ConditionObject.await(AbstractQueuedSynchronizer.java:2039)&#10;        at java.util.concurrent.ScheduledThreadPoolExecutor$DelayedWorkQueue.take(ScheduledThreadPoolExecutor.java:1088)&#10;        at java.util.concurrent.ScheduledThreadPoolExecutor$DelayedWorkQueue.take(ScheduledThreadPoolExecutor.java:809)&#10;        at java.util.concurrent.ThreadPoolExecutor.getTask(ThreadPoolExecutor.java:1074)&#10;        at java.util.concurrent.ThreadPoolExecutor.runWorker(ThreadPoolExecutor.java:1134)&#10;        at java.util.concurrent.ThreadPoolExecutor$Worker.run(ThreadPoolExecutor.java:624)&#10;        at java.lang.Thread.run(Thread.java:748)&#10;&quot;Datanode ReportManager Thread - 0&quot; daemon prio=5 tid=615 timed_waiting&#10;java.lang.Thread.State: TIMED_WAITING&#10;        at sun.misc.Unsafe.park(Native Method)&#10;        at java.util.concurrent.locks.LockSupport.parkNanos(LockSupport.java:215)&#10;        at java.util.concurrent.locks.AbstractQueuedSynchronizer$ConditionObject.awaitNanos(AbstractQueuedSynchronizer.java:2078)&#10;        at java.util.concurrent.ScheduledThreadPoolExecutor$DelayedWorkQueue.take(ScheduledThreadPoolExecutor.java:1093)&#10;        at java.util.concurrent.ScheduledThreadPoolExecutor$DelayedWorkQueue.take(ScheduledThreadPoolExecutor.java:809)&#10;        at java.util.concurrent.ThreadPoolExecutor.getTask(ThreadPoolExecutor.java:1074)&#10;        at java.util.concurrent.ThreadPoolExecutor.runWorker(ThreadPoolExecutor.java:1134)&#10;        at java.util.concurrent.ThreadPoolExecutor$Worker.run(ThreadPoolExecutor.java:624)&#10;        at java.lang.Thread.run(Thread.java:748)&#10;&quot;7e7f778f-92a3-4c6a-870c-2544e6325884@group-1FC4E3DC1381-StateMachineUpdater&quot; daemon prio=5 tid=2758 in Object.wait()&#10;java.lang.Thread.State: WAITING (on object monitor)&#10;        at java.lang.Object.wait(Native Method)&#10;        at java.lang.Object.wait(Object.java:502)&#10;        at org.apache.ratis.server.impl.StateMachineUpdater.waitForCommit(StateMachineUpdater.java:204)&#10;        at org.apache.ratis.server.impl.StateMachineUpdater.run(StateMachineUpdater.java:173)&#10;        at java.lang.Thread.run(Thread.java:748)&#10;&quot;IPC Server handler 72 on default port 13033&quot; daemon prio=5 tid=2382 timed_waiting&#10;java.lang.Thread.State: TIMED_WAITING&#10;        at sun.misc.Unsafe.park(Native Method)&#10;        at java.util.concurrent.locks.LockSupport.parkNanos(LockSupport.java:215)&#10;        at java.util.concurrent.locks.AbstractQueuedSynchronizer$ConditionObject.awaitNanos(AbstractQueuedSynchronizer.java:2078)&#10;        at java.util.concurrent.LinkedBlockingQueue.poll(LinkedBlockingQueue.java:467)&#10;        at org.apache.hadoop.ipc.CallQueueManager.take(CallQueueManager.java:317)&#10;        at org.apache.hadoop.ipc.Server$Handler.run(Server.java:2932)&#10;&quot;IPC Server handler 61 on default port 13035&quot; daemon prio=5 tid=2152 timed_waiting&#10;java.lang.Thread.State: TIMED_WAITING&#10;        at sun.misc.Unsafe.park(Native Method)&#10;        at java.util.concurrent.locks.LockSupport.parkNanos(LockSupport.java:215)&#10;        at java.util.concurrent.locks.AbstractQueuedSynchronizer$ConditionObject.awaitNanos(AbstractQueuedSynchronizer.java:2078)&#10;        at java.util.concurrent.LinkedBlockingQueue.poll(LinkedBlockingQueue.java:467)&#10;        at org.apache.hadoop.ipc.CallQueueManager.take(CallQueueManager.java:317)&#10;        at org.apache.hadoop.ipc.Server$Handler.run(Server.java:2932)&#10;&quot;CommandWatcher-LeaseManager#LeaseMonitor&quot; daemon prio=5 tid=2476 timed_waiting&#10;java.lang.Thread.State: TIMED_WAITING&#10;        at java.lang.Object.wait(Native Method)&#10;        at org.apache.hadoop.ozone.lease.LeaseManager$LeaseMonitor.run(LeaseManager.java:238)&#10;        at java.lang.Thread.run(Thread.java:748)&#10;&quot;IPC Server handler 60 on default port 13034&quot; daemon prio=5 tid=2251 timed_waiting&#10;java.lang.Thread.State: TIMED_WAITING&#10;        at sun.misc.Unsafe.park(Native Method)&#10;        at java.util.concurrent.locks.LockSupport.parkNanos(LockSupport.java:215)&#10;        at java.util.concurrent.locks.AbstractQueuedSynchronizer$ConditionObject.awaitNanos(AbstractQueuedSynchronizer.java:2078)&#10;        at java.util.concurrent.LinkedBlockingQueue.poll(LinkedBlockingQueue.java:467)&#10;        at org.apache.hadoop.ipc.CallQueueManager.take(CallQueueManager.java:317)&#10;        at org.apache.hadoop.ipc.Server$Handler.run(Server.java:2932)&#10;&quot;Datanode ReportManager Thread - 3&quot; daemon prio=5 tid=2617 in Object.wait()&#10;java.lang.Thread.State: WAITING (on object monitor)&#10;        at sun.misc.Unsafe.park(Native Method)&#10;        at java.util.concurrent.locks.LockSupport.park(LockSupport.java:175)&#10;        at java.util.concurrent.locks.AbstractQueuedSynchronizer$ConditionObject.await(AbstractQueuedSynchronizer.java:2039)&#10;        at java.util.concurrent.ScheduledThreadPoolExecutor$DelayedWorkQueue.take(ScheduledThreadPoolExecutor.java:1088)&#10;        at java.util.concurrent.ScheduledThreadPoolExecutor$DelayedWorkQueue.take(ScheduledThreadPoolExecutor.java:809)&#10;        at java.util.concurrent.ThreadPoolExecutor.getTask(ThreadPoolExecutor.java:1074)&#10;        at java.util.concurrent.ThreadPoolExecutor.runWorker(ThreadPoolExecutor.java:1134)&#10;        at java.util.concurrent.ThreadPoolExecutor$Worker.run(ThreadPoolExecutor.java:624)&#10;        at java.lang.Thread.run(Thread.java:748)&#10;&quot;EndpointStateMachine task thread for /127.0.0.1:13033 - 0 &quot;  prio=5 tid=629 in Object.wait()&#10;java.lang.Thread.State: WAITING (on object monitor)&#10;        at sun.misc.Unsafe.park(Native Method)&#10;        at java.util.concurrent.locks.LockSupport.park(LockSupport.java:175)&#10;        at java.util.concurrent.locks.AbstractQueuedSynchronizer$ConditionObject.await(AbstractQueuedSynchronizer.java:2039)&#10;        at java.util.concurrent.LinkedBlockingQueue.take(LinkedBlockingQueue.java:442)&#10;        at java.util.concurrent.ThreadPoolExecutor.getTask(ThreadPoolExecutor.java:1074)&#10;        at java.util.concurrent.ThreadPoolExecutor.runWorker(ThreadPoolExecutor.java:1134)&#10;        at java.util.concurrent.ThreadPoolExecutor$Worker.run(ThreadPoolExecutor.java:624)&#10;        at java.lang.Thread.run(Thread.java:748)&#10;&quot;IPC Server handler 4 on default port 13033&quot; daemon prio=5 tid=2314 timed_waiting&#10;java.lang.Thread.State: TIMED_WAITING&#10;        at sun.misc.Unsafe.park(Native Method)&#10;        at java.util.concurrent.locks.LockSupport.parkNanos(LockSupport.java:215)&#10;        at java.util.concurrent.locks.AbstractQueuedSynchronizer$ConditionObject.awaitNanos(AbstractQueuedSynchronizer.java:2078)&#10;        at java.util.concurrent.LinkedBlockingQueue.poll(LinkedBlockingQueue.java:467)&#10;        at org.apache.hadoop.ipc.CallQueueManager.take(CallQueueManager.java:317)&#10;        at org.apache.hadoop.ipc.Server$Handler.run(Server.java:2932)&#10;&quot;qtp708676185-2629&quot; daemon prio=5 tid=2629 runnable&#10;java.lang.Thread.State: RUNNABLE&#10;        at sun.nio.ch.EPollArrayWrapper.epollWait(Native Method)&#10;        at sun.nio.ch.EPollArrayWrapper.poll(EPollArrayWrapper.java:269)&#10;        at sun.nio.ch.EPollSelectorImpl.doSelect(EPollSelectorImpl.java:93)&#10;        at sun.nio.ch.SelectorImpl.lockAndDoSelect(SelectorImpl.java:86)&#10;        at sun.nio.ch.SelectorImpl.select(SelectorImpl.java:97)&#10;        at sun.nio.ch.SelectorImpl.select(SelectorImpl.java:101)&#10;        at org.eclipse.jetty.io.ManagedSelector.nioSelect(ManagedSelector.java:183)&#10;        at org.eclipse.jetty.io.ManagedSelector.select(ManagedSelector.java:190)&#10;        at org.eclipse.jetty.io.ManagedSelector$SelectorProducer.select(ManagedSelector.java:606)&#10;        at org.eclipse.jetty.io.ManagedSelector$SelectorProducer.produce(ManagedSelector.java:543)&#10;        at org.eclipse.jetty.util.thread.strategy.EatWhatYouKill.produceTask(EatWhatYouKill.java:362)&#10;        at org.eclipse.jetty.util.thread.strategy.EatWhatYouKill.doProduce(EatWhatYouKill.java:186)&#10;        at org.eclipse.jetty.util.thread.strategy.EatWhatYouKill.tryProduce(EatWhatYouKill.java:173)&#10;        at org.eclipse.jetty.util.thread.strategy.EatWhatYouKill.produce(EatWhatYouKill.java:137)&#10;        at org.eclipse.jetty.io.ManagedSelector$$Lambda$707/237279395.run(Unknown Source)&#10;        at org.eclipse.jetty.util.thread.QueuedThreadPool.runJob(QueuedThreadPool.java:883)&#10;        at org.eclipse.jetty.util.thread.QueuedThreadPool$Runner.run(QueuedThreadPool.java:1034)&#10;        at java.lang.Thread.run(Thread.java:748)&#10;&quot;IPC Server handler 34 on default port 13033&quot; daemon prio=5 tid=2344 timed_waiting&#10;java.lang.Thread.State: TIMED_WAITING&#10;        at sun.misc.Unsafe.park(Native Method)&#10;        at java.util.concurrent.locks.LockSupport.parkNanos(LockSupport.java:215)&#10;        at java.util.concurrent.locks.AbstractQueuedSynchronizer$ConditionObject.awaitNanos(AbstractQueuedSynchronizer.java:2078)&#10;        at java.util.concurrent.LinkedBlockingQueue.poll(LinkedBlockingQueue.java:467)&#10;        at org.apache.hadoop.ipc.CallQueueManager.take(CallQueueManager.java:317)&#10;        at org.apache.hadoop.ipc.Server$Handler.run(Server.java:2932)&#10;&quot;IPC Server handler 83 on default port 13034&quot; daemon prio=5 tid=2274 timed_waiting&#10;java.lang.Thread.State: TIMED_WAITING&#10;        at sun.misc.Unsafe.park(Native Method)&#10;        at java.util.concurrent.locks.LockSupport.parkNanos(LockSupport.java:215)&#10;        at java.util.concurrent.locks.AbstractQueuedSynchronizer$ConditionObject.awaitNanos(AbstractQueuedSynchronizer.java:2078)&#10;        at java.util.concurrent.LinkedBlockingQueue.poll(LinkedBlockingQueue.java:467)&#10;        at org.apache.hadoop.ipc.CallQueueManager.take(CallQueueManager.java:317)&#10;        at org.apache.hadoop.ipc.Server$Handler.run(Server.java:2932)&#10;&quot;IPC Server handler 42 on default port 13033&quot; daemon prio=5 tid=2352 timed_waiting&#10;java.lang.Thread.State: TIMED_WAITING&#10;        at sun.misc.Unsafe.park(Native Method)&#10;        at java.util.concurrent.locks.LockSupport.parkNanos(LockSupport.java:215)&#10;        at java.util.concurrent.locks.AbstractQueuedSynchronizer$ConditionObject.awaitNanos(AbstractQueuedSynchronizer.java:2078)&#10;        at java.util.concurrent.LinkedBlockingQueue.poll(LinkedBlockingQueue.java:467)&#10;        at org.apache.hadoop.ipc.CallQueueManager.take(CallQueueManager.java:317)&#10;        at org.apache.hadoop.ipc.Server$Handler.run(Server.java:2932)&#10;&quot;IPC Server handler 44 on default port 13033&quot; daemon prio=5 tid=2354 timed_waiting&#10;java.lang.Thread.State: TIMED_WAITING&#10;        at sun.misc.Unsafe.park(Native Method)&#10;        at java.util.concurrent.locks.LockSupport.parkNanos(LockSupport.java:215)&#10;        at java.util.concurrent.locks.AbstractQueuedSynchronizer$ConditionObject.awaitNanos(AbstractQueuedSynchronizer.java:2078)&#10;        at java.util.concurrent.LinkedBlockingQueue.poll(LinkedBlockingQueue.java:467)&#10;        at org.apache.hadoop.ipc.CallQueueManager.take(CallQueueManager.java:317)&#10;        at org.apache.hadoop.ipc.Server$Handler.run(Server.java:2932)&#10;&quot;IPC Server handler 93 on default port 13034&quot; daemon prio=5 tid=2284 timed_waiting&#10;java.lang.Thread.State: TIMED_WAITING&#10;        at sun.misc.Unsafe.park(Native Method)&#10;        at java.util.concurrent.locks.LockSupport.parkNanos(LockSupport.java:215)&#10;        at java.util.concurrent.locks.AbstractQueuedSynchronizer$ConditionObject.awaitNanos(AbstractQueuedSynchronizer.java:2078)&#10;        at java.util.concurrent.LinkedBlockingQueue.poll(LinkedBlockingQueue.java:467)&#10;        at org.apache.hadoop.ipc.CallQueueManager.take(CallQueueManager.java:317)&#10;        at org.apache.hadoop.ipc.Server$Handler.run(Server.java:2932)&#10;&quot;IPC Server handler 22 on default port 13034&quot; daemon prio=5 tid=2213 timed_waiting&#10;java.lang.Thread.State: TIMED_WAITING&#10;        at sun.misc.Unsafe.park(Native Method)&#10;        at java.util.concurrent.locks.LockSupport.parkNanos(LockSupport.java:215)&#10;        at java.util.concurrent.locks.AbstractQueuedSynchronizer$ConditionObject.awaitNanos(AbstractQueuedSynchronizer.java:2078)&#10;        at java.util.concurrent.LinkedBlockingQueue.poll(LinkedBlockingQueue.java:467)&#10;        at org.apache.hadoop.ipc.CallQueueManager.take(CallQueueManager.java:317)&#10;        at org.apache.hadoop.ipc.Server$Handler.run(Server.java:2932)&#10;&quot;IPC Server handler 0 on default port 13035&quot; daemon prio=5 tid=2091 timed_waiting&#10;java.lang.Thread.State: TIMED_WAITING&#10;        at sun.misc.Unsafe.park(Native Method)&#10;        at java.util.concurrent.locks.LockSupport.parkNanos(LockSupport.java:215)&#10;        at java.util.concurrent.locks.AbstractQueuedSynchronizer$ConditionObject.awaitNanos(AbstractQueuedSynchronizer.java:2078)&#10;        at java.util.concurrent.LinkedBlockingQueue.poll(LinkedBlockingQueue.java:467)&#10;        at org.apache.hadoop.ipc.CallQueueManager.take(CallQueueManager.java:317)&#10;        at org.apache.hadoop.ipc.Server$Handler.run(Server.java:2932)&#10;&quot;IPC Server handler 11 on default port 13043&quot; daemon prio=5 tid=2466 timed_waiting&#10;java.lang.Thread.State: TIMED_WAITING&#10;        at sun.misc.Unsafe.park(Native Method)&#10;        at java.util.concurrent.locks.LockSupport.parkNanos(LockSupport.java:215)&#10;        at java.util.concurrent.locks.AbstractQueuedSynchronizer$ConditionObject.awaitNanos(AbstractQueuedSynchronizer.java:2078)&#10;        at java.util.concurrent.LinkedBlockingQueue.poll(LinkedBlockingQueue.java:467)&#10;        at org.apache.hadoop.ipc.CallQueueManager.take(CallQueueManager.java:317)&#10;        at org.apache.hadoop.ipc.Server$Handler.run(Server.java:2932)&#10;&quot;IPC Server handler 2 on default port 13044&quot; daemon prio=5 tid=2499 timed_waiting&#10;java.lang.Thread.State: TIMED_WAITING&#10;        at sun.misc.Unsafe.park(Native Method)&#10;        at java.util.concurrent.locks.LockSupport.parkNanos(LockSupport.java:215)&#10;        at java.util.concurrent.locks.AbstractQueuedSynchronizer$ConditionObject.awaitNanos(AbstractQueuedSynchronizer.java:2078)&#10;        at java.util.concurrent.LinkedBlockingQueue.poll(LinkedBlockingQueue.java:467)&#10;        at org.apache.hadoop.ipc.CallQueueManager.take(CallQueueManager.java:317)&#10;        at org.apache.hadoop.ipc.Server$Handler.run(Server.java:2932)&#10;&quot;IPC Server handler 0 on default port 13045&quot; daemon prio=5 tid=2477 timed_waiting&#10;java.lang.Thread.State: TIMED_WAITING&#10;        at sun.misc.Unsafe.park(Native Method)&#10;        at java.util.concurrent.locks.LockSupport.parkNanos(LockSupport.java:215)&#10;        at java.util.concurrent.locks.AbstractQueuedSynchronizer$ConditionObject.awaitNanos(AbstractQueuedSynchronizer.java:2078)&#10;        at java.util.concurrent.LinkedBlockingQueue.poll(LinkedBlockingQueue.java:467)&#10;        at org.apache.hadoop.ipc.CallQueueManager.take(CallQueueManager.java:317)&#10;        at org.apache.hadoop.ipc.Server$Handler.run(Server.java:2932)&#10;&quot;IPC Server handler 93 on default port 13033&quot; daemon prio=5 tid=2403 timed_waiting&#10;java.lang.Thread.State: TIMED_WAITING&#10;        at sun.misc.Unsafe.park(Native Method)&#10;        at java.util.concurrent.locks.LockSupport.parkNanos(LockSupport.java:215)&#10;        at java.util.concurrent.locks.AbstractQueuedSynchronizer$ConditionObject.awaitNanos(AbstractQueuedSynchronizer.java:2078)&#10;        at java.util.concurrent.LinkedBlockingQueue.poll(LinkedBlockingQueue.java:467)&#10;        at org.apache.hadoop.ipc.CallQueueManager.take(CallQueueManager.java:317)&#10;        at org.apache.hadoop.ipc.Server$Handler.run(Server.java:2932)&#10;&quot;IPC Server handler 42 on default port 13034&quot; daemon prio=5 tid=2233 timed_waiting&#10;java.lang.Thread.State: TIMED_WAITING&#10;        at sun.misc.Unsafe.park(Native Method)&#10;        at java.util.concurrent.locks.LockSupport.parkNanos(LockSupport.java:215)&#10;        at java.util.concurrent.locks.AbstractQueuedSynchronizer$ConditionObject.awaitNanos(AbstractQueuedSynchronizer.java:2078)&#10;        at java.util.concurrent.LinkedBlockingQueue.poll(LinkedBlockingQueue.java:467)&#10;        at org.apache.hadoop.ipc.CallQueueManager.take(CallQueueManager.java:317)&#10;        at org.apache.hadoop.ipc.Server$Handler.run(Server.java:2932)&#10;&quot;IPC Server handler 98 on default port 13035&quot; daemon prio=5 tid=2189 timed_waiting&#10;java.lang.Thread.State: TIMED_WAITING&#10;        at sun.misc.Unsafe.park(Native Method)&#10;        at java.util.concurrent.locks.LockSupport.parkNanos(LockSupport.java:215)&#10;        at java.util.concurrent.locks.AbstractQueuedSynchronizer$ConditionObject.awaitNanos(AbstractQueuedSynchronizer.java:2078)&#10;        at java.util.concurrent.LinkedBlockingQueue.poll(LinkedBlockingQueue.java:467)&#10;        at org.apache.hadoop.ipc.CallQueueManager.take(CallQueueManager.java:317)&#10;        at org.apache.hadoop.ipc.Server$Handler.run(Server.java:2932)&#10;&quot;Periodic HDDS volume checker&quot; daemon prio=5 tid=2651 timed_waiting&#10;java.lang.Thread.State: TIMED_WAITING&#10;        at sun.misc.Unsafe.park(Native Method)&#10;        at java.util.concurrent.locks.LockSupport.parkNanos(LockSupport.java:215)&#10;        at java.util.concurrent.locks.AbstractQueuedSynchronizer$ConditionObject.awaitNanos(AbstractQueuedSynchronizer.java:2078)&#10;        at java.util.concurrent.ScheduledThreadPoolExecutor$DelayedWorkQueue.take(ScheduledThreadPoolExecutor.java:1093)&#10;        at java.util.concurrent.ScheduledThreadPoolExecutor$DelayedWorkQueue.take(ScheduledThreadPoolExecutor.java:809)&#10;        at java.util.concurrent.ThreadPoolExecutor.getTask(ThreadPoolExecutor.java:1074)&#10;        at java.util.concurrent.ThreadPoolExecutor.runWorker(ThreadPoolExecutor.java:1134)&#10;        at java.util.concurrent.ThreadPoolExecutor$Worker.run(ThreadPoolExecutor.java:624)&#10;        at java.lang.Thread.run(Thread.java:748)&#10;&quot;SCM Heartbeat Processing Thread - 0&quot; daemon prio=5 tid=2533 timed_waiting&#10;java.lang.Thread.State: TIMED_WAITING&#10;        at sun.misc.Unsafe.park(Native Method)&#10;        at java.util.concurrent.locks.LockSupport.parkNanos(LockSupport.java:215)&#10;        at java.util.concurrent.locks.AbstractQueuedSynchronizer$ConditionObject.awaitNanos(AbstractQueuedSynchronizer.java:2078)&#10;        at java.util.concurrent.ScheduledThreadPoolExecutor$DelayedWorkQueue.take(ScheduledThreadPoolExecutor.java:1093)&#10;        at java.util.concurrent.ScheduledThreadPoolExecutor$DelayedWorkQueue.take(ScheduledThreadPoolExecutor.java:809)&#10;        at java.util.concurrent.ThreadPoolExecutor.getTask(ThreadPoolExecutor.java:1074)&#10;        at java.util.concurrent.ThreadPoolExecutor.runWorker(ThreadPoolExecutor.java:1134)&#10;        at java.util.concurrent.ThreadPoolExecutor$Worker.run(ThreadPoolExecutor.java:624)&#10;        at java.lang.Thread.run(Thread.java:748)&#10;&quot;IPC Server handler 0 on default port 13044&quot; daemon prio=5 tid=2497 timed_waiting&#10;java.lang.Thread.State: TIMED_WAITING&#10;        at sun.misc.Unsafe.park(Native Method)&#10;        at java.util.concurrent.locks.LockSupport.parkNanos(LockSupport.java:215)&#10;        at java.util.concurrent.locks.AbstractQueuedSynchronizer$ConditionObject.awaitNanos(AbstractQueuedSynchronizer.java:2078)&#10;        at java.util.concurrent.LinkedBlockingQueue.poll(LinkedBlockingQueue.java:467)&#10;        at org.apache.hadoop.ipc.CallQueueManager.take(CallQueueManager.java:317)&#10;        at org.apache.hadoop.ipc.Server$Handler.run(Server.java:2932)&#10;&quot;IPC Server handler 81 on default port 13035&quot; daemon prio=5 tid=2172 timed_waiting&#10;java.lang.Thread.State: TIMED_WAITING&#10;        at sun.misc.Unsafe.park(Native Method)&#10;        at java.util.concurrent.locks.LockSupport.parkNanos(LockSupport.java:215)&#10;        at java.util.concurrent.locks.AbstractQueuedSynchronizer$ConditionObject.awaitNanos(AbstractQueuedSynchronizer.java:2078)&#10;        at java.util.concurrent.LinkedBlockingQueue.poll(LinkedBlockingQueue.java:467)&#10;        at org.apache.hadoop.ipc.CallQueueManager.take(CallQueueManager.java:317)&#10;        at org.apache.hadoop.ipc.Server$Handler.run(Server.java:2932)&#10;&quot;IPC Server handler 13 on default port 13034&quot; daemon prio=5 tid=2204 timed_waiting&#10;java.lang.Thread.State: TIMED_WAITING&#10;        at sun.misc.Unsafe.park(Native Method)&#10;        at java.util.concurrent.locks.LockSupport.parkNanos(LockSupport.java:215)&#10;        at java.util.concurrent.locks.AbstractQueuedSynchronizer$ConditionObject.awaitNanos(AbstractQueuedSynchronizer.java:2078)&#10;        at java.util.concurrent.LinkedBlockingQueue.poll(LinkedBlockingQueue.java:467)&#10;        at org.apache.hadoop.ipc.CallQueueManager.take(CallQueueManager.java:317)&#10;        at org.apache.hadoop.ipc.Server$Handler.run(Server.java:2932)&#10;&quot;pool-441-thread-1&quot;  prio=5 tid=2530 in Object.wait()&#10;java.lang.Thread.State: WAITING (on object monitor)&#10;        at sun.misc.Unsafe.park(Native Method)&#10;        at java.util.concurrent.locks.LockSupport.park(LockSupport.java:175)&#10;        at java.util.concurrent.locks.AbstractQueuedSynchronizer$ConditionObject.await(AbstractQueuedSynchronizer.java:2039)&#10;        at java.util.concurrent.LinkedBlockingQueue.take(LinkedBlockingQueue.java:442)&#10;        at java.util.concurrent.ThreadPoolExecutor.getTask(ThreadPoolExecutor.java:1074)&#10;        at java.util.concurrent.ThreadPoolExecutor.runWorker(ThreadPoolExecutor.java:1134)&#10;        at java.util.concurrent.ThreadPoolExecutor$Worker.run(ThreadPoolExecutor.java:624)&#10;        at java.lang.Thread.run(Thread.java:748)&#10;&quot;EndpointStateMachine task thread for /127.0.0.1:13043 - 0 &quot;  prio=5 tid=2677 in Object.wait()&#10;java.lang.Thread.State: WAITING (on object monitor)&#10;        at sun.misc.Unsafe.park(Native Method)&#10;        at java.util.concurrent.locks.LockSupport.park(LockSupport.java:175)&#10;        at java.util.concurrent.locks.AbstractQueuedSynchronizer$ConditionObject.await(AbstractQueuedSynchronizer.java:2039)&#10;        at java.util.concurrent.LinkedBlockingQueue.take(LinkedBlockingQueue.java:442)&#10;        at java.util.concurrent.ThreadPoolExecutor.getTask(ThreadPoolExecutor.java:1074)&#10;        at java.util.concurrent.ThreadPoolExecutor.runWorker(ThreadPoolExecutor.java:1134)&#10;        at java.util.concurrent.ThreadPoolExecutor$Worker.run(ThreadPoolExecutor.java:624)&#10;        at java.lang.Thread.run(Thread.java:748)&#10;&quot;IPC Server handler 61 on default port 13034&quot; daemon prio=5 tid=2252 timed_waiting&#10;java.lang.Thread.State: TIMED_WAITING&#10;        at sun.misc.Unsafe.park(Native Method)&#10;        at java.util.concurrent.locks.LockSupport.parkNanos(LockSupport.java:215)&#10;        at java.util.concurrent.locks.AbstractQueuedSynchronizer$ConditionObject.awaitNanos(AbstractQueuedSynchronizer.java:2078)&#10;        at java.util.concurrent.LinkedBlockingQueue.poll(LinkedBlockingQueue.java:467)&#10;        at org.apache.hadoop.ipc.CallQueueManager.take(CallQueueManager.java:317)&#10;        at org.apache.hadoop.ipc.Server$Handler.run(Server.java:2932)&#10;&quot;qtp1999374326-2571&quot; daemon prio=5 tid=2571 timed_waiting&#10;java.lang.Thread.State: TIMED_WAITING&#10;        at sun.misc.Unsafe.park(Native Method)&#10;        at java.util.concurrent.locks.LockSupport.parkNanos(LockSupport.java:215)&#10;        at java.util.concurrent.locks.AbstractQueuedSynchronizer$ConditionObject.awaitNanos(AbstractQueuedSynchronizer.java:2078)&#10;        at org.eclipse.jetty.util.BlockingArrayQueue.poll(BlockingArrayQueue.java:382)&#10;        at org.eclipse.jetty.util.thread.QueuedThreadPool$Runner.idleJobPoll(QueuedThreadPool.java:974)&#10;        at org.eclipse.jetty.util.thread.QueuedThreadPool$Runner.run(QueuedThreadPool.java:1018)&#10;        at java.lang.Thread.run(Thread.java:748)&#10;&quot;IPC Server handler 37 on default port 13033&quot; daemon prio=5 tid=2347 timed_waiting&#10;java.lang.Thread.State: TIMED_WAITING&#10;        at sun.misc.Unsafe.park(Native Method)&#10;        at java.util.concurrent.locks.LockSupport.parkNanos(LockSupport.java:215)&#10;        at java.util.concurrent.locks.AbstractQueuedSynchronizer$ConditionObject.awaitNanos(AbstractQueuedSynchronizer.java:2078)&#10;        at java.util.concurrent.LinkedBlockingQueue.poll(LinkedBlockingQueue.java:467)&#10;        at org.apache.hadoop.ipc.CallQueueManager.take(CallQueueManager.java:317)&#10;        at org.apache.hadoop.ipc.Server$Handler.run(Server.java:2932)&#10;&quot;IPC Server handler 14 on default port 11132&quot; daemon prio=5 tid=2590 timed_waiting&#10;java.lang.Thread.State: TIMED_WAITING&#10;        at sun.misc.Unsafe.park(Native Method)&#10;        at java.util.concurrent.locks.LockSupport.parkNanos(LockSupport.java:215)&#10;        at java.util.concurrent.locks.AbstractQueuedSynchronizer$ConditionObject.awaitNanos(AbstractQueuedSynchronizer.java:2078)&#10;        at java.util.concurrent.LinkedBlockingQueue.poll(LinkedBlockingQueue.java:467)&#10;        at org.apache.hadoop.ipc.CallQueueManager.take(CallQueueManager.java:317)&#10;        at org.apache.hadoop.ipc.Server$Handler.run(Server.java:2932)&#10;&quot;Socket Reader #1 for port 13053&quot;  prio=5 tid=2538 runnable&#10;java.lang.Thread.State: RUNNABLE&#10;        at sun.nio.ch.EPollArrayWrapper.epollWait(Native Method)&#10;        at sun.nio.ch.EPollArrayWrapper.poll(EPollArrayWrapper.java:269)&#10;        at sun.nio.ch.EPollSelectorImpl.doSelect(EPollSelectorImpl.java:93)&#10;        at sun.nio.ch.SelectorImpl.lockAndDoSelect(SelectorImpl.java:86)&#10;        at sun.nio.ch.SelectorImpl.select(SelectorImpl.java:97)&#10;        at sun.nio.ch.SelectorImpl.select(SelectorImpl.java:101)&#10;        at org.apache.hadoop.ipc.Server$Listener$Reader.doRunLoop(Server.java:1288)&#10;        at org.apache.hadoop.ipc.Server$Listener$Reader.run(Server.java:1267)&#10;&quot;EndpointStateMachine task thread for /127.0.0.1:13023 - 0 &quot;  prio=5 tid=657 in Object.wait()&#10;java.lang.Thread.State: WAITING (on object monitor)&#10;        at sun.misc.Unsafe.park(Native Method)&#10;        at java.util.concurrent.locks.LockSupport.park(LockSupport.java:175)&#10;        at java.util.concurrent.locks.AbstractQueuedSynchronizer$ConditionObject.await(AbstractQueuedSynchronizer.java:2039)&#10;        at java.util.concurrent.LinkedBlockingQueue.take(LinkedBlockingQueue.java:442)&#10;        at java.util.concurrent.ThreadPoolExecutor.getTask(ThreadPoolExecutor.java:1074)&#10;        at java.util.concurrent.ThreadPoolExecutor.runWorker(ThreadPoolExecutor.java:1134)&#10;        at java.util.concurrent.ThreadPoolExecutor$Worker.run(ThreadPoolExecutor.java:624)&#10;        at java.lang.Thread.run(Thread.java:748)&#10;&quot;Socket Reader #1 for port 13055&quot;  prio=5 tid=2546 runnable&#10;java.lang.Thread.State: RUNNABLE&#10;        at sun.nio.ch.EPollArrayWrapper.epollWait(Native Method)&#10;        at sun.nio.ch.EPollArrayWrapper.poll(EPollArrayWrapper.java:269)&#10;        at sun.nio.ch.EPollSelectorImpl.doSelect(EPollSelectorImpl.java:93)&#10;        at sun.nio.ch.SelectorImpl.lockAndDoSelect(SelectorImpl.java:86)&#10;        at sun.nio.ch.SelectorImpl.select(SelectorImpl.java:97)&#10;        at sun.nio.ch.SelectorImpl.select(SelectorImpl.java:101)&#10;        at org.apache.hadoop.ipc.Server$Listener$Reader.doRunLoop(Server.java:1288)&#10;        at org.apache.hadoop.ipc.Server$Listener$Reader.run(Server.java:1267)&#10;&quot;org.apache.hadoop.ozone.container.common.statemachine.commandhandler.DeleteBlocksCommandHandler$DeleteCmdWorker@5da48ec5&quot; daemon prio=5 tid=1677 runnable&#10;java.lang.Thread.State: RUNNABLE&#10;        at java.lang.Thread.sleep(Native Method)&#10;        at org.apache.hadoop.ozone.container.common.statemachine.commandhandler.DeleteBlocksCommandHandler$DeleteCmdWorker.run(DeleteBlocksCommandHandler.java:175)&#10;        at java.lang.Thread.run(Thread.java:748)&#10;&quot;Datanode ReportManager Thread - 3&quot; daemon prio=5 tid=1692 in Object.wait()&#10;java.lang.Thread.State: WAITING (on object monitor)&#10;        at sun.misc.Unsafe.park(Native Method)&#10;        at java.util.concurrent.locks.LockSupport.park(LockSupport.java:175)&#10;        at java.util.concurrent.locks.AbstractQueuedSynchronizer$ConditionObject.await(AbstractQueuedSynchronizer.java:2039)&#10;        at java.util.concurrent.ScheduledThreadPoolExecutor$DelayedWorkQueue.take(ScheduledThreadPoolExecutor.java:1088)&#10;        at java.util.concurrent.ScheduledThreadPoolExecutor$DelayedWorkQueue.take(ScheduledThreadPoolExecutor.java:809)&#10;        at java.util.concurrent.ThreadPoolExecutor.getTask(ThreadPoolExecutor.java:1074)&#10;        at java.util.concurrent.ThreadPoolExecutor.runWorker(ThreadPoolExecutor.java:1134)&#10;        at java.util.concurrent.ThreadPoolExecutor$Worker.run(ThreadPoolExecutor.java:624)&#10;        at java.lang.Thread.run(Thread.java:748)&#10;&quot;IPC Server handler 4 on default port 13043&quot; daemon prio=5 tid=2459 timed_waiting&#10;java.lang.Thread.State: TIMED_WAITING&#10;        at sun.misc.Unsafe.park(Native Method)&#10;        at java.util.concurrent.locks.LockSupport.parkNanos(LockSupport.java:215)&#10;        at java.util.concurrent.locks.AbstractQueuedSynchronizer$ConditionObject.awaitNanos(AbstractQueuedSynchronizer.java:2078)&#10;        at java.util.concurrent.LinkedBlockingQueue.poll(LinkedBlockingQueue.java:467)&#10;        at org.apache.hadoop.ipc.CallQueueManager.take(CallQueueManager.java:317)&#10;        at org.apache.hadoop.ipc.Server$Handler.run(Server.java:2932)&#10;&quot;d262ff89-3d5e-4ab4-981f-dc8616a3cc4b@group-5B58ED6D724D-LeaderStateImpl&quot; daemon prio=5 tid=2788 timed_waiting&#10;java.lang.Thread.State: TIMED_WAITING&#10;        at sun.misc.Unsafe.park(Native Method)&#10;        at java.util.concurrent.locks.LockSupport.parkNanos(LockSupport.java:215)&#10;        at java.util.concurrent.locks.AbstractQueuedSynchronizer$ConditionObject.awaitNanos(AbstractQueuedSynchronizer.java:2078)&#10;        at java.util.concurrent.ArrayBlockingQueue.poll(ArrayBlockingQueue.java:418)&#10;        at org.apache.ratis.server.impl.LeaderStateImpl$EventQueue.poll(LeaderStateImpl.java:156)&#10;        at org.apache.ratis.server.impl.LeaderStateImpl$EventProcessor.run(LeaderStateImpl.java:600)&#10;&quot;Datanode State Machine Daemon Thread&quot; daemon prio=5 tid=2640 timed_waiting&#10;java.lang.Thread.State: TIMED_WAITING&#10;        at sun.misc.Unsafe.park(Native Method)&#10;        at java.util.concurrent.locks.LockSupport.parkNanos(LockSupport.java:215)&#10;        at java.util.concurrent.locks.AbstractQueuedSynchronizer$ConditionObject.awaitNanos(AbstractQueuedSynchronizer.java:2078)&#10;        at java.util.concurrent.LinkedBlockingQueue.poll(LinkedBlockingQueue.java:467)&#10;        at java.util.concurrent.ExecutorCompletionService.poll(ExecutorCompletionService.java:202)&#10;        at org.apache.hadoop.ozone.container.common.states.datanode.RunningDatanodeState.await(RunningDatanodeState.java:224)&#10;        at org.apache.hadoop.ozone.container.common.states.datanode.RunningDatanodeState.await(RunningDatanodeState.java:50)&#10;        at org.apache.hadoop.ozone.container.common.statemachine.StateContext.execute(StateContext.java:633)&#10;        at org.apache.hadoop.ozone.container.common.statemachine.DatanodeStateMachine.start(DatanodeStateMachine.java:280)&#10;        at org.apache.hadoop.ozone.container.common.statemachine.DatanodeStateMachine.lambda$startDaemon$0(DatanodeStateMachine.java:468)&#10;        at org.apache.hadoop.ozone.container.common.statemachine.DatanodeStateMachine$$Lambda$891/1964303960.run(Unknown Source)&#10;        at java.lang.Thread.run(Thread.java:748)&#10;&quot;IPC Server handler 0 on default port 11132&quot; daemon prio=5 tid=2576 timed_waiting&#10;java.lang.Thread.State: TIMED_WAITING&#10;        at sun.misc.Unsafe.park(Native Method)&#10;        at java.util.concurrent.locks.LockSupport.parkNanos(LockSupport.java:215)&#10;        at java.util.concurrent.locks.AbstractQueuedSynchronizer$ConditionObject.awaitNanos(AbstractQueuedSynchronizer.java:2078)&#10;        at java.util.concurrent.LinkedBlockingQueue.poll(LinkedBlockingQueue.java:467)&#10;        at org.apache.hadoop.ipc.CallQueueManager.take(CallQueueManager.java:317)&#10;        at org.apache.hadoop.ipc.Server$Handler.run(Server.java:2932)&#10;&quot;IPC Server handler 27 on default port 13035&quot; daemon prio=5 tid=2118 timed_waiting&#10;java.lang.Thread.State: TIMED_WAITING&#10;        at sun.misc.Unsafe.park(Native Method)&#10;        at java.util.concurrent.locks.LockSupport.parkNanos(LockSupport.java:215)&#10;        at java.util.concurrent.locks.AbstractQueuedSynchronizer$ConditionObject.awaitNanos(AbstractQueuedSynchronizer.java:2078)&#10;        at java.util.concurrent.LinkedBlockingQueue.poll(LinkedBlockingQueue.java:467)&#10;        at org.apache.hadoop.ipc.CallQueueManager.take(CallQueueManager.java:317)&#10;        at org.apache.hadoop.ipc.Server$Handler.run(Server.java:2932)&#10;&quot;OMDoubleBufferFlushThread&quot; daemon prio=5 tid=2553 timed_waiting&#10;java.lang.Thread.State: TIMED_WAITING&#10;        at java.lang.Object.wait(Native Method)&#10;        at org.apache.hadoop.ozone.om.ratis.OzoneManagerDoubleBuffer.canFlush(OzoneManagerDoubleBuffer.java:509)&#10;        at org.apache.hadoop.ozone.om.ratis.OzoneManagerDoubleBuffer.flushTransactions(OzoneManagerDoubleBuffer.java:241)&#10;        at org.apache.hadoop.ozone.om.ratis.OzoneManagerDoubleBuffer$$Lambda$853/1880470171.run(Unknown Source)&#10;        at java.lang.Thread.run(Thread.java:748)&#10;&quot;IPC Server handler 36 on default port 13035&quot; daemon prio=5 tid=2127 timed_waiting&#10;java.lang.Thread.State: TIMED_WAITING&#10;        at sun.misc.Unsafe.park(Native Method)&#10;        at java.util.concurrent.locks.LockSupport.parkNanos(LockSupport.java:215)&#10;        at java.util.concurrent.locks.AbstractQueuedSynchronizer$ConditionObject.awaitNanos(AbstractQueuedSynchronizer.java:2078)&#10;        at java.util.concurrent.LinkedBlockingQueue.poll(LinkedBlockingQueue.java:467)&#10;        at org.apache.hadoop.ipc.CallQueueManager.take(CallQueueManager.java:317)&#10;        at org.apache.hadoop.ipc.Server$Handler.run(Server.java:2932)&#10;&quot;pool-388-thread-1&quot;  prio=5 tid=2067 in Object.wait()&#10;java.lang.Thread.State: WAITING (on object monitor)&#10;        at sun.misc.Unsafe.park(Native Method)&#10;        at java.util.concurrent.locks.LockSupport.park(LockSupport.java:175)&#10;        at java.util.concurrent.locks.AbstractQueuedSynchronizer$ConditionObject.await(AbstractQueuedSynchronizer.java:2039)&#10;        at java.util.concurrent.LinkedBlockingQueue.take(LinkedBlockingQueue.java:442)&#10;        at java.util.concurrent.ThreadPoolExecutor.getTask(ThreadPoolExecutor.java:1074)&#10;        at java.util.concurrent.ThreadPoolExecutor.runWorker(ThreadPoolExecutor.java:1134)&#10;        at java.util.concurrent.ThreadPoolExecutor$Worker.run(ThreadPoolExecutor.java:624)&#10;        at java.lang.Thread.run(Thread.java:748)&#10;&quot;IPC Server handler 71 on default port 13035&quot; daemon prio=5 tid=2162 timed_waiting&#10;java.lang.Thread.State: TIMED_WAITING&#10;        at sun.misc.Unsafe.park(Native Method)&#10;        at java.util.concurrent.locks.LockSupport.parkNanos(LockSupport.java:215)&#10;        at java.util.concurrent.locks.AbstractQueuedSynchronizer$ConditionObject.awaitNanos(AbstractQueuedSynchronizer.java:2078)&#10;        at java.util.concurrent.LinkedBlockingQueue.poll(LinkedBlockingQueue.java:467)&#10;        at org.apache.hadoop.ipc.CallQueueManager.take(CallQueueManager.java:317)&#10;        at org.apache.hadoop.ipc.Server$Handler.run(Server.java:2932)&#10;&quot;91f27009-ec66-4294-9321-b0739729fb6b@group-1FC4E3DC1381-SegmentedRaftLogWorker&quot;  prio=5 tid=2751 timed_waiting&#10;java.lang.Thread.State: TIMED_WAITING&#10;        at sun.misc.Unsafe.park(Native Method)&#10;        at java.util.concurrent.locks.LockSupport.parkNanos(LockSupport.java:215)&#10;        at java.util.concurrent.locks.AbstractQueuedSynchronizer$ConditionObject.awaitNanos(AbstractQueuedSynchronizer.java:2078)&#10;        at org.apache.ratis.util.DataBlockingQueue.poll(DataBlockingQueue.java:137)&#10;        at org.apache.ratis.server.raftlog.segmented.SegmentedRaftLogWorker.run(SegmentedRaftLogWorker.java:292)&#10;        at org.apache.ratis.server.raftlog.segmented.SegmentedRaftLogWorker$$Lambda$435/2075927136.run(Unknown Source)&#10;        at java.lang.Thread.run(Thread.java:748)&#10;&quot;IPC Server handler 5 on default port 11132&quot; daemon prio=5 tid=2581 timed_waiting&#10;java.lang.Thread.State: TIMED_WAITING&#10;        at sun.misc.Unsafe.park(Native Method)&#10;        at java.util.concurrent.locks.LockSupport.parkNanos(LockSupport.java:215)&#10;        at java.util.concurrent.locks.AbstractQueuedSynchronizer$ConditionObject.awaitNanos(AbstractQueuedSynchronizer.java:2078)&#10;        at java.util.concurrent.LinkedBlockingQueue.poll(LinkedBlockingQueue.java:467)&#10;        at org.apache.hadoop.ipc.CallQueueManager.take(CallQueueManager.java:317)&#10;        at org.apache.hadoop.ipc.Server$Handler.run(Server.java:2932)&#10;&quot;IPC Server handler 36 on default port 13033&quot; daemon prio=5 tid=2346 timed_waiting&#10;java.lang.Thread.State: TIMED_WAITING&#10;        at sun.misc.Unsafe.park(Native Method)&#10;        at java.util.concurrent.locks.LockSupport.parkNanos(LockSupport.java:215)&#10;        at java.util.concurrent.locks.AbstractQueuedSynchronizer$ConditionObject.awaitNanos(AbstractQueuedSynchronizer.java:2078)&#10;        at java.util.concurrent.LinkedBlockingQueue.poll(LinkedBlockingQueue.java:467)&#10;        at org.apache.hadoop.ipc.CallQueueManager.take(CallQueueManager.java:317)&#10;        at org.apache.hadoop.ipc.Server$Handler.run(Server.java:2932)&#10;&quot;org.apache.hadoop.ozone.container.common.statemachine.commandhandler.DeleteBlocksCommandHandler$DeleteCmdWorker@223b6e94&quot; daemon prio=5 tid=602 runnable&#10;java.lang.Thread.State: RUNNABLE&#10;        at java.lang.Thread.sleep(Native Method)&#10;        at org.apache.hadoop.ozone.container.common.statemachine.commandhandler.DeleteBlocksCommandHandler$DeleteCmdWorker.run(DeleteBlocksCommandHandler.java:175)&#10;        at java.lang.Thread.run(Thread.java:748)&#10;&quot;IPC Server handler 51 on default port 13035&quot; daemon prio=5 tid=2142 timed_waiting&#10;java.lang.Thread.State: TIMED_WAITING&#10;        at sun.misc.Unsafe.park(Native Method)&#10;        at java.util.concurrent.locks.LockSupport.parkNanos(LockSupport.java:215)&#10;        at java.util.concurrent.locks.AbstractQueuedSynchronizer$ConditionObject.awaitNanos(AbstractQueuedSynchronizer.java:2078)&#10;        at java.util.concurrent.LinkedBlockingQueue.poll(LinkedBlockingQueue.java:467)&#10;        at org.apache.hadoop.ipc.CallQueueManager.take(CallQueueManager.java:317)&#10;        at org.apache.hadoop.ipc.Server$Handler.run(Server.java:2932)&#10;&quot;IPC Parameter Sending Thread #1&quot; daemon prio=5 tid=633 timed_waiting&#10;java.lang.Thread.State: TIMED_WAITING&#10;        at sun.misc.Unsafe.park(Native Method)&#10;        at java.util.concurrent.locks.LockSupport.parkNanos(LockSupport.java:215)&#10;        at java.util.concurrent.SynchronousQueue$TransferStack.awaitFulfill(SynchronousQueue.java:460)&#10;        at java.util.concurrent.SynchronousQueue$TransferStack.transfer(SynchronousQueue.java:362)&#10;        at java.util.concurrent.SynchronousQueue.poll(SynchronousQueue.java:941)&#10;        at java.util.concurrent.ThreadPoolExecutor.getTask(ThreadPoolExecutor.java:1073)&#10;        at java.util.concurrent.ThreadPoolExecutor.runWorker(ThreadPoolExecutor.java:1134)&#10;        at java.util.concurrent.ThreadPoolExecutor$Worker.run(ThreadPoolExecutor.java:624)&#10;        at java.lang.Thread.run(Thread.java:748)&#10;&quot;IPC Server handler 15 on default port 13034&quot; daemon prio=5 tid=2206 timed_waiting&#10;java.lang.Thread.State: TIMED_WAITING&#10;        at sun.misc.Unsafe.park(Native Method)&#10;        at java.util.concurrent.locks.LockSupport.parkNanos(LockSupport.java:215)&#10;        at java.util.concurrent.locks.AbstractQueuedSynchronizer$ConditionObject.awaitNanos(AbstractQueuedSynchronizer.java:2078)&#10;        at java.util.concurrent.LinkedBlockingQueue.poll(LinkedBlockingQueue.java:467)&#10;        at org.apache.hadoop.ipc.CallQueueManager.take(CallQueueManager.java:317)&#10;        at org.apache.hadoop.ipc.Server$Handler.run(Server.java:2932)&#10;&quot;pool-465-thread-1&quot;  prio=5 tid=2554 in Object.wait()&#10;java.lang.Thread.State: WAITING (on object monitor)&#10;        at sun.misc.Unsafe.park(Native Method)&#10;        at java.util.concurrent.locks.LockSupport.park(LockSupport.java:175)&#10;        at java.util.concurrent.locks.AbstractQueuedSynchronizer$ConditionObject.await(AbstractQueuedSynchronizer.java:2039)&#10;        at java.util.concurrent.LinkedBlockingQueue.take(LinkedBlockingQueue.java:442)&#10;        at java.util.concurrent.ThreadPoolExecutor.getTask(ThreadPoolExecutor.java:1074)&#10;        at java.util.concurrent.ThreadPoolExecutor.runWorker(ThreadPoolExecutor.java:1134)&#10;        at java.util.concurrent.ThreadPoolExecutor$Worker.run(ThreadPoolExecutor.java:624)&#10;        at java.lang.Thread.run(Thread.java:748)&#10;&quot;6dac361e-3d50-41be-ba36-b7bec097cbe9@group-390751046F7B-LeaderStateImpl&quot; daemon prio=5 tid=2309 timed_waiting&#10;java.lang.Thread.State: TIMED_WAITING&#10;        at sun.misc.Unsafe.park(Native Method)&#10;        at java.util.concurrent.locks.LockSupport.parkNanos(LockSupport.java:215)&#10;        at java.util.concurrent.locks.AbstractQueuedSynchronizer$ConditionObject.awaitNanos(AbstractQueuedSynchronizer.java:2078)&#10;        at java.util.concurrent.ArrayBlockingQueue.poll(ArrayBlockingQueue.java:418)&#10;        at org.apache.ratis.server.impl.LeaderStateImpl$EventQueue.poll(LeaderStateImpl.java:156)&#10;        at org.apache.ratis.server.impl.LeaderStateImpl$EventProcessor.run(LeaderStateImpl.java:600)&#10;&quot;Datanode ReportManager Thread - 2&quot; daemon prio=5 tid=565 in Object.wait()&#10;java.lang.Thread.State: WAITING (on object monitor)&#10;        at sun.misc.Unsafe.park(Native Method)&#10;        at java.util.concurrent.locks.LockSupport.park(LockSupport.java:175)&#10;        at java.util.concurrent.locks.AbstractQueuedSynchronizer$ConditionObject.await(AbstractQueuedSynchronizer.java:2039)&#10;        at java.util.concurrent.ScheduledThreadPoolExecutor$DelayedWorkQueue.take(ScheduledThreadPoolExecutor.java:1088)&#10;        at java.util.concurrent.ScheduledThreadPoolExecutor$DelayedWorkQueue.take(ScheduledThreadPoolExecutor.java:809)&#10;        at java.util.concurrent.ThreadPoolExecutor.getTask(ThreadPoolExecutor.java:1074)&#10;        at java.util.concurrent.ThreadPoolExecutor.runWorker(ThreadPoolExecutor.java:1134)&#10;        at java.util.concurrent.ThreadPoolExecutor$Worker.run(ThreadPoolExecutor.java:624)&#10;        at java.lang.Thread.run(Thread.java:748)&#10;&quot;ChunkWriter-0-0&quot; daemon prio=5 tid=2684 in Object.wait()&#10;java.lang.Thread.State: WAITING (on object monitor)&#10;        at sun.misc.Unsafe.park(Native Method)&#10;        at java.util.concurrent.locks.LockSupport.park(LockSupport.java:175)&#10;        at java.util.concurrent.locks.AbstractQueuedSynchronizer$ConditionObject.await(AbstractQueuedSynchronizer.java:2039)&#10;        at java.util.concurrent.LinkedBlockingDeque.takeFirst(LinkedBlockingDeque.java:492)&#10;        at java.util.concurrent.LinkedBlockingDeque.take(LinkedBlockingDeque.java:680)&#10;        at java.util.concurrent.ThreadPoolExecutor.getTask(ThreadPoolExecutor.java:1074)&#10;        at java.util.concurrent.ThreadPoolExecutor.runWorker(ThreadPoolExecutor.java:1134)&#10;        at java.util.concurrent.ThreadPoolExecutor$Worker.run(ThreadPoolExecutor.java:624)&#10;        at java.lang.Thread.run(Thread.java:748)&#10;&quot;IPC Server handler 17 on default port 11132&quot; daemon prio=5 tid=2593 timed_waiting&#10;java.lang.Thread.State: TIMED_WAITING&#10;        at sun.misc.Unsafe.park(Native Method)&#10;        at java.util.concurrent.locks.LockSupport.parkNanos(LockSupport.java:215)&#10;        at java.util.concurrent.locks.AbstractQueuedSynchronizer$ConditionObject.awaitNanos(AbstractQueuedSynchronizer.java:2078)&#10;        at java.util.concurrent.LinkedBlockingQueue.poll(LinkedBlockingQueue.java:467)&#10;        at org.apache.hadoop.ipc.CallQueueManager.take(CallQueueManager.java:317)&#10;        at org.apache.hadoop.ipc.Server$Handler.run(Server.java:2932)&#10;&quot;IPC Server handler 54 on default port 13033&quot; daemon prio=5 tid=2364 timed_waiting&#10;java.lang.Thread.State: TIMED_WAITING&#10;        at sun.misc.Unsafe.park(Native Method)&#10;        at java.util.concurrent.locks.LockSupport.parkNanos(LockSupport.java:215)&#10;        at java.util.concurrent.locks.AbstractQueuedSynchronizer$ConditionObject.awaitNanos(AbstractQueuedSynchronizer.java:2078)&#10;        at java.util.concurrent.LinkedBlockingQueue.poll(LinkedBlockingQueue.java:467)&#10;        at org.apache.hadoop.ipc.CallQueueManager.take(CallQueueManager.java:317)&#10;        at org.apache.hadoop.ipc.Server$Handler.run(Server.java:2932)&#10;&quot;IPC Server handler 70 on default port 13034&quot; daemon prio=5 tid=2261 timed_waiting&#10;java.lang.Thread.State: TIMED_WAITING&#10;        at sun.misc.Unsafe.park(Native Method)&#10;        at java.util.concurrent.locks.LockSupport.parkNanos(LockSupport.java:215)&#10;        at java.util.concurrent.locks.AbstractQueuedSynchronizer$ConditionObject.awaitNanos(AbstractQueuedSynchronizer.java:2078)&#10;        at java.util.concurrent.LinkedBlockingQueue.poll(LinkedBlockingQueue.java:467)&#10;        at org.apache.hadoop.ipc.CallQueueManager.take(CallQueueManager.java:317)&#10;        at org.apache.hadoop.ipc.Server$Handler.run(Server.java:2932)&#10;&quot;IPC Server handler 12 on default port 13034&quot; daemon prio=5 tid=2203 timed_waiting&#10;java.lang.Thread.State: TIMED_WAITING&#10;        at sun.misc.Unsafe.park(Native Method)&#10;        at java.util.concurrent.locks.LockSupport.parkNanos(LockSupport.java:215)&#10;        at java.util.concurrent.locks.AbstractQueuedSynchronizer$ConditionObject.awaitNanos(AbstractQueuedSynchronizer.java:2078)&#10;        at java.util.concurrent.LinkedBlockingQueue.poll(LinkedBlockingQueue.java:467)&#10;        at org.apache.hadoop.ipc.CallQueueManager.take(CallQueueManager.java:317)&#10;        at org.apache.hadoop.ipc.Server$Handler.run(Server.java:2932)&#10;&quot;d262ff89-3d5e-4ab4-981f-dc8616a3cc4b@group-A37BCEEDED0F-SegmentedRaftLogWorker&quot;  prio=5 tid=2764 timed_waiting&#10;java.lang.Thread.State: TIMED_WAITING&#10;        at sun.misc.Unsafe.park(Native Method)&#10;        at java.util.concurrent.locks.LockSupport.parkNanos(LockSupport.java:215)&#10;        at java.util.concurrent.locks.AbstractQueuedSynchronizer$ConditionObject.awaitNanos(AbstractQueuedSynchronizer.java:2078)&#10;        at org.apache.ratis.util.DataBlockingQueue.poll(DataBlockingQueue.java:137)&#10;        at org.apache.ratis.server.raftlog.segmented.SegmentedRaftLogWorker.run(SegmentedRaftLogWorker.java:292)&#10;        at org.apache.ratis.server.raftlog.segmented.SegmentedRaftLogWorker$$Lambda$435/2075927136.run(Unknown Source)&#10;        at java.lang.Thread.run(Thread.java:748)&#10;&quot;IPC Server idle connection scanner for port 13043&quot; daemon prio=5 tid=2426 timed_waiting&#10;java.lang.Thread.State: TIMED_WAITING&#10;        at java.lang.Object.wait(Native Method)&#10;        at java.util.TimerThread.mainLoop(Timer.java:552)&#10;        at java.util.TimerThread.run(Timer.java:505)&#10;&quot;ChunkWriter-3-0&quot; daemon prio=5 tid=2687 in Object.wait()&#10;java.lang.Thread.State: WAITING (on object monitor)&#10;        at sun.misc.Unsafe.park(Native Method)&#10;        at java.util.concurrent.locks.LockSupport.park(LockSupport.java:175)&#10;        at java.util.concurrent.locks.AbstractQueuedSynchronizer$ConditionObject.await(AbstractQueuedSynchronizer.java:2039)&#10;        at java.util.concurrent.LinkedBlockingDeque.takeFirst(LinkedBlockingDeque.java:492)&#10;        at java.util.concurrent.LinkedBlockingDeque.take(LinkedBlockingDeque.java:680)&#10;        at java.util.concurrent.ThreadPoolExecutor.getTask(ThreadPoolExecutor.java:1074)&#10;        at java.util.concurrent.ThreadPoolExecutor.runWorker(ThreadPoolExecutor.java:1134)&#10;        at java.util.concurrent.ThreadPoolExecutor$Worker.run(ThreadPoolExecutor.java:624)&#10;        at java.lang.Thread.run(Thread.java:748)&#10;&quot;IPC Server handler 73 on default port 13033&quot; daemon prio=5 tid=2383 timed_waiting&#10;java.lang.Thread.State: TIMED_WAITING&#10;        at sun.misc.Unsafe.park(Native Method)&#10;        at java.util.concurrent.locks.LockSupport.parkNanos(LockSupport.java:215)&#10;        at java.util.concurrent.locks.AbstractQueuedSynchronizer$ConditionObject.awaitNanos(AbstractQueuedSynchronizer.java:2078)&#10;        at java.util.concurrent.LinkedBlockingQueue.poll(LinkedBlockingQueue.java:467)&#10;        at org.apache.hadoop.ipc.CallQueueManager.take(CallQueueManager.java:317)&#10;        at org.apache.hadoop.ipc.Server$Handler.run(Server.java:2932)&#10;&quot;Datanode ReportManager Thread - 0&quot; daemon prio=5 tid=2642 timed_waiting&#10;java.lang.Thread.State: TIMED_WAITING&#10;        at sun.misc.Unsafe.park(Native Method)&#10;        at java.util.concurrent.locks.LockSupport.parkNanos(LockSupport.java:215)&#10;        at java.util.concurrent.locks.AbstractQueuedSynchronizer$ConditionObject.awaitNanos(AbstractQueuedSynchronizer.java:2078)&#10;        at java.util.concurrent.ScheduledThreadPoolExecutor$DelayedWorkQueue.take(ScheduledThreadPoolExecutor.java:1093)&#10;        at java.util.concurrent.ScheduledThreadPoolExecutor$DelayedWorkQueue.take(ScheduledThreadPoolExecutor.java:809)&#10;        at java.util.concurrent.ThreadPoolExecutor.getTask(ThreadPoolExecutor.java:1074)&#10;        at java.util.concurrent.ThreadPoolExecutor.runWorker(ThreadPoolExecutor.java:1134)&#10;        at java.util.concurrent.ThreadPoolExecutor$Worker.run(ThreadPoolExecutor.java:624)&#10;        at java.lang.Thread.run(Thread.java:748)&#10;&quot;IPC Server handler 3 on default port 13033&quot; daemon prio=5 tid=2313 timed_waiting&#10;java.lang.Thread.State: TIMED_WAITING&#10;        at sun.misc.Unsafe.park(Native Method)&#10;        at java.util.concurrent.locks.LockSupport.parkNanos(LockSupport.java:215)&#10;        at java.util.concurrent.locks.AbstractQueuedSynchronizer$ConditionObject.awaitNanos(AbstractQueuedSynchronizer.java:2078)&#10;        at java.util.concurrent.LinkedBlockingQueue.poll(LinkedBlockingQueue.java:467)&#10;        at org.apache.hadoop.ipc.CallQueueManager.take(CallQueueManager.java:317)&#10;        at org.apache.hadoop.ipc.Server$Handler.run(Server.java:2932)&#10;&quot;IPC Server handler 43 on default port 13033&quot; daemon prio=5 tid=2353 timed_waiting&#10;java.lang.Thread.State: TIMED_WAITING&#10;        at sun.misc.Unsafe.park(Native Method)&#10;        at java.util.concurrent.locks.LockSupport.parkNanos(LockSupport.java:215)&#10;        at java.util.concurrent.locks.AbstractQueuedSynchronizer$ConditionObject.awaitNanos(AbstractQueuedSynchronizer.java:2078)&#10;        at java.util.concurrent.LinkedBlockingQueue.poll(LinkedBlockingQueue.java:467)&#10;        at org.apache.hadoop.ipc.CallQueueManager.take(CallQueueManager.java:317)&#10;        at org.apache.hadoop.ipc.Server$Handler.run(Server.java:2932)&#10;&quot;IPC Server handler 7 on default port 13033&quot; daemon prio=5 tid=2317 timed_waiting&#10;java.lang.Thread.State: TIMED_WAITING&#10;        at sun.misc.Unsafe.park(Native Method)&#10;        at java.util.concurrent.locks.LockSupport.parkNanos(LockSupport.java:215)&#10;        at java.util.concurrent.locks.AbstractQueuedSynchronizer$ConditionObject.awaitNanos(AbstractQueuedSynchronizer.java:2078)&#10;        at java.util.concurrent.LinkedBlockingQueue.poll(LinkedBlockingQueue.java:467)&#10;        at org.apache.hadoop.ipc.CallQueueManager.take(CallQueueManager.java:317)&#10;        at org.apache.hadoop.ipc.Server$Handler.run(Server.java:2932)&#10;&quot;IPC Server handler 26 on default port 13035&quot; daemon prio=5 tid=2117 timed_waiting&#10;java.lang.Thread.State: TIMED_WAITING&#10;        at sun.misc.Unsafe.park(Native Method)&#10;        at java.util.concurrent.locks.LockSupport.parkNanos(LockSupport.java:215)&#10;        at java.util.concurrent.locks.AbstractQueuedSynchronizer$ConditionObject.awaitNanos(AbstractQueuedSynchronizer.java:2078)&#10;        at java.util.concurrent.LinkedBlockingQueue.poll(LinkedBlockingQueue.java:467)&#10;        at org.apache.hadoop.ipc.CallQueueManager.take(CallQueueManager.java:317)&#10;        at org.apache.hadoop.ipc.Server$Handler.run(Server.java:2932)&#10;&quot;Datanode ReportManager Thread - 2&quot; daemon prio=5 tid=2644 in Object.wait()&#10;java.lang.Thread.State: WAITING (on object monitor)&#10;        at sun.misc.Unsafe.park(Native Method)&#10;        at java.util.concurrent.locks.LockSupport.park(LockSupport.java:175)&#10;        at java.util.concurrent.locks.AbstractQueuedSynchronizer$ConditionObject.await(AbstractQueuedSynchronizer.java:2039)&#10;        at java.util.concurrent.ScheduledThreadPoolExecutor$DelayedWorkQueue.take(ScheduledThreadPoolExecutor.java:1088)&#10;        at java.util.concurrent.ScheduledThreadPoolExecutor$DelayedWorkQueue.take(ScheduledThreadPoolExecutor.java:809)&#10;        at java.util.concurrent.ThreadPoolExecutor.getTask(ThreadPoolExecutor.java:1074)&#10;        at java.util.concurrent.ThreadPoolExecutor.runWorker(ThreadPoolExecutor.java:1134)&#10;        at java.util.concurrent.ThreadPoolExecutor$Worker.run(ThreadPoolExecutor.java:624)&#10;        at java.lang.Thread.run(Thread.java:748)&#10;&quot;IPC Server handler 85 on default port 13034&quot; daemon prio=5 tid=2276 timed_waiting&#10;java.lang.Thread.State: TIMED_WAITING&#10;        at sun.misc.Unsafe.park(Native Method)&#10;        at java.util.concurrent.locks.LockSupport.parkNanos(LockSupport.java:215)&#10;        at java.util.concurrent.locks.AbstractQueuedSynchronizer$ConditionObject.awaitNanos(AbstractQueuedSynchronizer.java:2078)&#10;        at java.util.concurrent.LinkedBlockingQueue.poll(LinkedBlockingQueue.java:467)&#10;        at org.apache.hadoop.ipc.CallQueueManager.take(CallQueueManager.java:317)&#10;        at org.apache.hadoop.ipc.Server$Handler.run(Server.java:2932)&#10;&quot;surefire-forkedjvm-command-thread&quot; daemon prio=5 tid=9 runnable&#10;java.lang.Thread.State: RUNNABLE&#10;        at java.io.FileInputStream.readBytes(Native Method)&#10;        at java.io.FileInputStream.read(FileInputStream.java:255)&#10;        at java.io.BufferedInputStream.fill(BufferedInputStream.java:246)&#10;        at java.io.BufferedInputStream.read(BufferedInputStream.java:265)&#10;        at java.io.DataInputStream.readInt(DataInputStream.java:387)&#10;        at org.apache.maven.surefire.booter.MasterProcessCommand.decode(MasterProcessCommand.java:115)&#10;        at org.apache.maven.surefire.booter.CommandReader$CommandRunnable.run(CommandReader.java:390)&#10;        at java.lang.Thread.run(Thread.java:748)&#10;&quot;EndpointStateMachine task thread for /127.0.0.1:12199 - 0 &quot;  prio=5 tid=1754 in Object.wait()&#10;java.lang.Thread.State: WAITING (on object monitor)&#10;        at sun.misc.Unsafe.park(Native Method)&#10;        at java.util.concurrent.locks.LockSupport.park(LockSupport.java:175)&#10;        at java.util.concurrent.locks.AbstractQueuedSynchronizer$ConditionObject.await(AbstractQueuedSynchronizer.java:2039)&#10;        at java.util.concurrent.LinkedBlockingQueue.take(LinkedBlockingQueue.java:442)&#10;        at java.util.concurrent.ThreadPoolExecutor.getTask(ThreadPoolExecutor.java:1074)&#10;        at java.util.concurrent.ThreadPoolExecutor.runWorker(ThreadPoolExecutor.java:1134)&#10;        at java.util.concurrent.ThreadPoolExecutor$Worker.run(ThreadPoolExecutor.java:624)&#10;        at java.lang.Thread.run(Thread.java:748)&#10;&quot;qtp708676185-2630-acceptor-0@3463cf05-ServerConnector@461c6f{HTTP/1.1, (http/1.1)}{0.0.0.0:45669}&quot; daemon prio=3 tid=2630 runnable&#10;java.lang.Thread.State: RUNNABLE&#10;        at sun.nio.ch.ServerSocketChannelImpl.accept0(Native Method)&#10;        at sun.nio.ch.ServerSocketChannelImpl.accept(ServerSocketChannelImpl.java:421)&#10;        at sun.nio.ch.ServerSocketChannelImpl.accept(ServerSocketChannelImpl.java:249)&#10;        at org.eclipse.jetty.server.ServerConnector.accept(ServerConnector.java:388)&#10;        at org.eclipse.jetty.server.AbstractConnector$Acceptor.run(AbstractConnector.java:702)&#10;        at org.eclipse.jetty.util.thread.QueuedThreadPool.runJob(QueuedThreadPool.java:883)&#10;        at org.eclipse.jetty.util.thread.QueuedThreadPool$Runner.run(QueuedThreadPool.java:1034)&#10;        at java.lang.Thread.run(Thread.java:748)&#10;&quot;IPC Server handler 17 on default port 13043&quot; daemon prio=5 tid=2472 timed_waiting&#10;java.lang.Thread.State: TIMED_WAITING&#10;        at sun.misc.Unsafe.park(Native Method)&#10;        at java.util.concurrent.locks.LockSupport.parkNanos(LockSupport.java:215)&#10;        at java.util.concurrent.locks.AbstractQueuedSynchronizer$ConditionObject.awaitNanos(AbstractQueuedSynchronizer.java:2078)&#10;        at java.util.concurrent.LinkedBlockingQueue.poll(LinkedBlockingQueue.java:467)&#10;        at org.apache.hadoop.ipc.CallQueueManager.take(CallQueueManager.java:317)&#10;        at org.apache.hadoop.ipc.Server$Handler.run(Server.java:2932)&#10;&quot;IPC Server handler 62 on default port 13033&quot; daemon prio=5 tid=2372 timed_waiting&#10;java.lang.Thread.State: TIMED_WAITING&#10;        at sun.misc.Unsafe.park(Native Method)&#10;        at java.util.concurrent.locks.LockSupport.parkNanos(LockSupport.java:215)&#10;        at java.util.concurrent.locks.AbstractQueuedSynchronizer$ConditionObject.awaitNanos(AbstractQueuedSynchronizer.java:2078)&#10;        at java.util.concurrent.LinkedBlockingQueue.poll(LinkedBlockingQueue.java:467)&#10;        at org.apache.hadoop.ipc.CallQueueManager.take(CallQueueManager.java:317)&#10;        at org.apache.hadoop.ipc.Server$Handler.run(Server.java:2932)&#10;&quot;Datanode State Machine Task Thread - 1&quot;  prio=5 tid=2705 timed_waiting&#10;java.lang.Thread.State: TIMED_WAITING&#10;        at sun.misc.Unsafe.park(Native Method)&#10;        at java.util.concurrent.locks.LockSupport.parkNanos(LockSupport.java:215)&#10;        at java.util.concurrent.FutureTask.awaitDone(FutureTask.java:426)&#10;        at java.util.concurrent.FutureTask.get(FutureTask.java:204)&#10;        at org.apache.hadoop.ozone.container.common.states.datanode.RunningDatanodeState.lambda$execute$0(RunningDatanodeState.java:149)&#10;        at org.apache.hadoop.ozone.container.common.states.datanode.RunningDatanodeState$$Lambda$904/1783042161.call(Unknown Source)&#10;        at java.util.concurrent.FutureTask.run(FutureTask.java:266)&#10;        at java.util.concurrent.Executors$RunnableAdapter.call(Executors.java:511)&#10;        at java.util.concurrent.FutureTask.run(FutureTask.java:266)&#10;        at java.util.concurrent.ThreadPoolExecutor.runWorker(ThreadPoolExecutor.java:1149)&#10;        at java.util.concurrent.ThreadPoolExecutor$Worker.run(ThreadPoolExecutor.java:624)&#10;        at java.lang.Thread.run(Thread.java:748)&#10;&quot;IPC Server handler 19 on default port 13045&quot; daemon prio=5 tid=2496 timed_waiting&#10;java.lang.Thread.State: TIMED_WAITING&#10;        at sun.misc.Unsafe.park(Native Method)&#10;        at java.util.concurrent.locks.LockSupport.parkNanos(LockSupport.java:215)&#10;        at java.util.concurrent.locks.AbstractQueuedSynchronizer$ConditionObject.awaitNanos(AbstractQueuedSynchronizer.java:2078)&#10;        at java.util.concurrent.LinkedBlockingQueue.poll(LinkedBlockingQueue.java:467)&#10;        at org.apache.hadoop.ipc.CallQueueManager.take(CallQueueManager.java:317)&#10;        at org.apache.hadoop.ipc.Server$Handler.run(Server.java:2932)&#10;&quot;grpc-shared-destroyer-0&quot; daemon prio=5 tid=2066 in Object.wait()&#10;java.lang.Thread.State: WAITING (on object monitor)&#10;        at sun.misc.Unsafe.park(Native Method)&#10;        at java.util.concurrent.locks.LockSupport.park(LockSupport.java:175)&#10;        at java.util.concurrent.locks.AbstractQueuedSynchronizer$ConditionObject.await(AbstractQueuedSynchronizer.java:2039)&#10;        at java.util.concurrent.ScheduledThreadPoolExecutor$DelayedWorkQueue.take(ScheduledThreadPoolExecutor.java:1081)&#10;        at java.util.concurrent.ScheduledThreadPoolExecutor$DelayedWorkQueue.take(ScheduledThreadPoolExecutor.java:809)&#10;        at java.util.concurrent.ThreadPoolExecutor.getTask(ThreadPoolExecutor.java:1074)&#10;        at java.util.concurrent.ThreadPoolExecutor.runWorker(ThreadPoolExecutor.java:1134)&#10;        at java.util.concurrent.ThreadPoolExecutor$Worker.run(ThreadPoolExecutor.java:624)&#10;        at java.lang.Thread.run(Thread.java:748)&#10;&quot;IPC Server handler 62 on default port 13035&quot; daemon prio=5 tid=2153 timed_waiting&#10;java.lang.Thread.State: TIMED_WAITING&#10;        at sun.misc.Unsafe.park(Native Method)&#10;        at java.util.concurrent.locks.LockSupport.parkNanos(LockSupport.java:215)&#10;        at java.util.concurrent.locks.AbstractQueuedSynchronizer$ConditionObject.awaitNanos(AbstractQueuedSynchronizer.java:2078)&#10;        at java.util.concurrent.LinkedBlockingQueue.poll(LinkedBlockingQueue.java:467)&#10;        at org.apache.hadoop.ipc.CallQueueManager.take(CallQueueManager.java:317)&#10;        at org.apache.hadoop.ipc.Server$Handler.run(Server.java:2932)&#10;&quot;EventQueue-OpenPipelineForHealthyPipelineSafeModeRule&quot; daemon prio=5 tid=2746 in Object.wait()&#10;java.lang.Thread.State: WAITING (on object monitor)&#10;        at sun.misc.Unsafe.park(Native Method)&#10;        at java.util.concurrent.locks.LockSupport.park(LockSupport.java:175)&#10;        at java.util.concurrent.locks.AbstractQueuedSynchronizer$ConditionObject.await(AbstractQueuedSynchronizer.java:2039)&#10;        at java.util.concurrent.LinkedBlockingQueue.take(LinkedBlockingQueue.java:442)&#10;        at java.util.concurrent.ThreadPoolExecutor.getTask(ThreadPoolExecutor.java:1074)&#10;        at java.util.concurrent.ThreadPoolExecutor.runWorker(ThreadPoolExecutor.java:1134)&#10;        at java.util.concurrent.ThreadPoolExecutor$Worker.run(ThreadPoolExecutor.java:624)&#10;        at java.lang.Thread.run(Thread.java:748)&#10;&quot;omNode-1@group-523986131536-LeaderStateImpl&quot; daemon prio=5 tid=2641 timed_waiting&#10;java.lang.Thread.State: TIMED_WAITING&#10;        at sun.misc.Unsafe.park(Native Method)&#10;        at java.util.concurrent.locks.LockSupport.parkNanos(LockSupport.java:215)&#10;        at java.util.concurrent.locks.AbstractQueuedSynchronizer$ConditionObject.awaitNanos(AbstractQueuedSynchronizer.java:2078)&#10;        at java.util.concurrent.ArrayBlockingQueue.poll(ArrayBlockingQueue.java:418)&#10;        at org.apache.ratis.server.impl.LeaderStateImpl$EventQueue.poll(LeaderStateImpl.java:156)&#10;        at org.apache.ratis.server.impl.LeaderStateImpl$EventProcessor.run(LeaderStateImpl.java:600)&#10;&quot;IPC Server listener on 13033&quot; daemon prio=5 tid=2074 runnable&#10;java.lang.Thread.State: RUNNABLE&#10;        at sun.nio.ch.EPollArrayWrapper.epollWait(Native Method)&#10;        at sun.nio.ch.EPollArrayWrapper.poll(EPollArrayWrapper.java:269)&#10;        at sun.nio.ch.EPollSelectorImpl.doSelect(EPollSelectorImpl.java:93)&#10;        at sun.nio.ch.SelectorImpl.lockAndDoSelect(SelectorImpl.java:86)&#10;        at sun.nio.ch.SelectorImpl.select(SelectorImpl.java:97)&#10;        at sun.nio.ch.SelectorImpl.select(SelectorImpl.java:101)&#10;        at org.apache.hadoop.ipc.Server$Listener.run(Server.java:1350)&#10;&quot;qtp1029395488-2299&quot; daemon prio=5 tid=2299 timed_waiting&#10;java.lang.Thread.State: TIMED_WAITING&#10;        at sun.misc.Unsafe.park(Native Method)&#10;        at java.util.concurrent.locks.LockSupport.parkNanos(LockSupport.java:215)&#10;        at java.util.concurrent.locks.AbstractQueuedSynchronizer$ConditionObject.awaitNanos(AbstractQueuedSynchronizer.java:2078)&#10;        at org.eclipse.jetty.util.BlockingArrayQueue.poll(BlockingArrayQueue.java:382)&#10;        at org.eclipse.jetty.util.thread.QueuedThreadPool$Runner.idleJobPoll(QueuedThreadPool.java:974)&#10;        at org.eclipse.jetty.util.thread.QueuedThreadPool$Runner.run(QueuedThreadPool.java:1018)&#10;        at java.lang.Thread.run(Thread.java:748)&#10;&quot;IPC Server handler 57 on default port 13035&quot; daemon prio=5 tid=2148 timed_waiting&#10;java.lang.Thread.State: TIMED_WAITING&#10;        at sun.misc.Unsafe.park(Native Method)&#10;        at java.util.concurrent.locks.LockSupport.parkNanos(LockSupport.java:215)&#10;        at java.util.concurrent.locks.AbstractQueuedSynchronizer$ConditionObject.awaitNanos(AbstractQueuedSynchronizer.java:2078)&#10;        at java.util.concurrent.LinkedBlockingQueue.poll(LinkedBlockingQueue.java:467)&#10;        at org.apache.hadoop.ipc.CallQueueManager.take(CallQueueManager.java:317)&#10;        at org.apache.hadoop.ipc.Server$Handler.run(Server.java:2932)&#10;&quot;org.apache.hadoop.ozone.container.common.statemachine.commandhandler.DeleteBlocksCommandHandler$DeleteCmdWorker@3b626720&quot; daemon prio=5 tid=1727 runnable&#10;java.lang.Thread.State: RUNNABLE&#10;        at java.lang.Thread.sleep(Native Method)&#10;        at org.apache.hadoop.ozone.container.common.statemachine.commandhandler.DeleteBlocksCommandHandler$DeleteCmdWorker.run(DeleteBlocksCommandHandler.java:175)&#10;        at java.lang.Thread.run(Thread.java:748)&#10;&quot;IPC Server handler 6 on default port 13044&quot; daemon prio=5 tid=2503 timed_waiting&#10;java.lang.Thread.State: TIMED_WAITING&#10;        at sun.misc.Unsafe.park(Native Method)&#10;        at java.util.concurrent.locks.LockSupport.parkNanos(LockSupport.java:215)&#10;        at java.util.concurrent.locks.AbstractQueuedSynchronizer$ConditionObject.awaitNanos(AbstractQueuedSynchronizer.java:2078)&#10;        at java.util.concurrent.LinkedBlockingQueue.poll(LinkedBlockingQueue.java:467)&#10;        at org.apache.hadoop.ipc.CallQueueManager.take(CallQueueManager.java:317)&#10;        at org.apache.hadoop.ipc.Server$Handler.run(Server.java:2932)&#10;&quot;Datanode ReportManager Thread - 4&quot; daemon prio=5 tid=619 in Object.wait()&#10;java.lang.Thread.State: WAITING (on object monitor)&#10;        at sun.misc.Unsafe.park(Native Method)&#10;        at java.util.concurrent.locks.LockSupport.park(LockSupport.java:175)&#10;        at java.util.concurrent.locks.AbstractQueuedSynchronizer$ConditionObject.await(AbstractQueuedSynchronizer.java:2039)&#10;        at java.util.concurrent.ScheduledThreadPoolExecutor$DelayedWorkQueue.take(ScheduledThreadPoolExecutor.java:1088)&#10;        at java.util.concurrent.ScheduledThreadPoolExecutor$DelayedWorkQueue.take(ScheduledThreadPoolExecutor.java:809)&#10;        at java.util.concurrent.ThreadPoolExecutor.getTask(ThreadPoolExecutor.java:1074)&#10;        at java.util.concurrent.ThreadPoolExecutor.runWorker(ThreadPoolExecutor.java:1134)&#10;        at java.util.concurrent.ThreadPoolExecutor$Worker.run(ThreadPoolExecutor.java:624)&#10;        at java.lang.Thread.run(Thread.java:748)&#10;&quot;IPC Server handler 1 on default port 13043&quot; daemon prio=5 tid=2456 timed_waiting&#10;java.lang.Thread.State: TIMED_WAITING&#10;        at sun.misc.Unsafe.park(Native Method)&#10;        at java.util.concurrent.locks.LockSupport.parkNanos(LockSupport.java:215)&#10;        at java.util.concurrent.locks.AbstractQueuedSynchronizer$ConditionObject.awaitNanos(AbstractQueuedSynchronizer.java:2078)&#10;        at java.util.concurrent.LinkedBlockingQueue.poll(LinkedBlockingQueue.java:467)&#10;        at org.apache.hadoop.ipc.CallQueueManager.take(CallQueueManager.java:317)&#10;        at org.apache.hadoop.ipc.Server$Handler.run(Server.java:2932)&#10;&quot;IPC Server handler 19 on default port 13044&quot; daemon prio=5 tid=2516 timed_waiting&#10;java.lang.Thread.State: TIMED_WAITING&#10;        at sun.misc.Unsafe.park(Native Method)&#10;        at java.util.concurrent.locks.LockSupport.parkNanos(LockSupport.java:215)&#10;        at java.util.concurrent.locks.AbstractQueuedSynchronizer$ConditionObject.awaitNanos(AbstractQueuedSynchronizer.java:2078)&#10;        at java.util.concurrent.LinkedBlockingQueue.poll(LinkedBlockingQueue.java:467)&#10;        at org.apache.hadoop.ipc.CallQueueManager.take(CallQueueManager.java:317)&#10;        at org.apache.hadoop.ipc.Server$Handler.run(Server.java:2932)&#10;&quot;91f27009-ec66-4294-9321-b0739729fb6b@group-A37BCEEDED0F-LeaderStateImpl&quot; daemon prio=5 tid=2933 timed_waiting&#10;java.lang.Thread.State: TIMED_WAITING&#10;        at sun.misc.Unsafe.park(Native Method)&#10;        at java.util.concurrent.locks.LockSupport.parkNanos(LockSupport.java:215)&#10;        at java.util.concurrent.locks.AbstractQueuedSynchronizer$ConditionObject.awaitNanos(AbstractQueuedSynchronizer.java:2078)&#10;        at java.util.concurrent.ArrayBlockingQueue.poll(ArrayBlockingQueue.java:418)&#10;        at org.apache.ratis.server.impl.LeaderStateImpl$EventQueue.poll(LeaderStateImpl.java:156)&#10;        at org.apache.ratis.server.impl.LeaderStateImpl$EventProcessor.run(LeaderStateImpl.java:600)&#10;&quot;IPC Server handler 32 on default port 13034&quot; daemon prio=5 tid=2223 timed_waiting&#10;java.lang.Thread.State: TIMED_WAITING&#10;        at sun.misc.Unsafe.park(Native Method)&#10;        at java.util.concurrent.locks.LockSupport.parkNanos(LockSupport.java:215)&#10;        at java.util.concurrent.locks.AbstractQueuedSynchronizer$ConditionObject.awaitNanos(AbstractQueuedSynchronizer.java:2078)&#10;        at java.util.concurrent.LinkedBlockingQueue.poll(LinkedBlockingQueue.java:467)&#10;        at org.apache.hadoop.ipc.CallQueueManager.take(CallQueueManager.java:317)&#10;        at org.apache.hadoop.ipc.Server$Handler.run(Server.java:2932)&#10;&quot;IPC Server handler 96 on default port 13035&quot; daemon prio=5 tid=2187 timed_waiting&#10;java.lang.Thread.State: TIMED_WAITING&#10;        at sun.misc.Unsafe.park(Native Method)&#10;        at java.util.concurrent.locks.LockSupport.parkNanos(LockSupport.java:215)&#10;        at java.util.concurrent.locks.AbstractQueuedSynchronizer$ConditionObject.awaitNanos(AbstractQueuedSynchronizer.java:2078)&#10;        at java.util.concurrent.LinkedBlockingQueue.poll(LinkedBlockingQueue.java:467)&#10;        at org.apache.hadoop.ipc.CallQueueManager.take(CallQueueManager.java:317)&#10;        at org.apache.hadoop.ipc.Server$Handler.run(Server.java:2932)&#10;&quot;KeyDeletingService#0&quot; daemon prio=5 tid=2564 timed_waiting&#10;java.lang.Thread.State: TIMED_WAITING&#10;        at sun.misc.Unsafe.park(Native Method)&#10;        at java.util.concurrent.locks.LockSupport.parkNanos(LockSupport.java:215)&#10;        at java.util.concurrent.locks.AbstractQueuedSynchronizer$ConditionObject.awaitNanos(AbstractQueuedSynchronizer.java:2078)&#10;        at java.util.concurrent.ScheduledThreadPoolExecutor$DelayedWorkQueue.take(ScheduledThreadPoolExecutor.java:1093)&#10;        at java.util.concurrent.ScheduledThreadPoolExecutor$DelayedWorkQueue.take(ScheduledThreadPoolExecutor.java:809)&#10;        at java.util.concurrent.ThreadPoolExecutor.getTask(ThreadPoolExecutor.java:1074)&#10;        at java.util.concurrent.ThreadPoolExecutor.runWorker(ThreadPoolExecutor.java:1134)&#10;        at java.util.concurrent.ThreadPoolExecutor$Worker.run(ThreadPoolExecutor.java:624)&#10;        at java.lang.Thread.run(Thread.java:748)&#10;&quot;IPC Server handler 24 on default port 13033&quot; daemon prio=5 tid=2334 timed_waiting&#10;java.lang.Thread.State: TIMED_WAITING&#10;        at sun.misc.Unsafe.park(Native Method)&#10;        at java.util.concurrent.locks.LockSupport.parkNanos(LockSupport.java:215)&#10;        at java.util.concurrent.locks.AbstractQueuedSynchronizer$ConditionObject.awaitNanos(AbstractQueuedSynchronizer.java:2078)&#10;        at java.util.concurrent.LinkedBlockingQueue.poll(LinkedBlockingQueue.java:467)&#10;        at org.apache.hadoop.ipc.CallQueueManager.take(CallQueueManager.java:317)&#10;        at org.apache.hadoop.ipc.Server$Handler.run(Server.java:2932)&#10;&quot;IPC Server handler 16 on default port 13033&quot; daemon prio=5 tid=2326 timed_waiting&#10;java.lang.Thread.State: TIMED_WAITING&#10;        at sun.misc.Unsafe.park(Native Method)&#10;        at java.util.concurrent.locks.LockSupport.parkNanos(LockSupport.java:215)&#10;        at java.util.concurrent.locks.AbstractQueuedSynchronizer$ConditionObject.awaitNanos(AbstractQueuedSynchronizer.java:2078)&#10;        at java.util.concurrent.LinkedBlockingQueue.poll(LinkedBlockingQueue.java:467)&#10;        at org.apache.hadoop.ipc.CallQueueManager.take(CallQueueManager.java:317)&#10;        at org.apache.hadoop.ipc.Server$Handler.run(Server.java:2932)&#10;&quot;BlockDeletingService#1&quot; daemon prio=5 tid=2690 timed_waiting&#10;java.lang.Thread.State: TIMED_WAITING&#10;        at sun.misc.Unsafe.park(Native Method)&#10;        at java.util.concurrent.locks.LockSupport.parkNanos(LockSupport.java:215)&#10;        at java.util.concurrent.locks.AbstractQueuedSynchronizer$ConditionObject.awaitNanos(AbstractQueuedSynchronizer.java:2078)&#10;        at java.util.concurrent.ScheduledThreadPoolExecutor$DelayedWorkQueue.take(ScheduledThreadPoolExecutor.java:1093)&#10;        at java.util.concurrent.ScheduledThreadPoolExecutor$DelayedWorkQueue.take(ScheduledThreadPoolExecutor.java:809)&#10;        at java.util.concurrent.ThreadPoolExecutor.getTask(ThreadPoolExecutor.java:1074)&#10;        at java.util.concurrent.ThreadPoolExecutor.runWorker(ThreadPoolExecutor.java:1134)&#10;        at java.util.concurrent.ThreadPoolExecutor$Worker.run(ThreadPoolExecutor.java:624)&#10;        at java.lang.Thread.run(Thread.java:748)&#10;&quot;IPC Server handler 68 on default port 13035&quot; daemon prio=5 tid=2159 timed_waiting&#10;java.lang.Thread.State: TIMED_WAITING&#10;        at sun.misc.Unsafe.park(Native Method)&#10;        at java.util.concurrent.locks.LockSupport.parkNanos(LockSupport.java:215)&#10;        at java.util.concurrent.locks.AbstractQueuedSynchronizer$ConditionObject.awaitNanos(AbstractQueuedSynchronizer.java:2078)&#10;        at java.util.concurrent.LinkedBlockingQueue.poll(LinkedBlockingQueue.java:467)&#10;        at org.apache.hadoop.ipc.CallQueueManager.take(CallQueueManager.java:317)&#10;        at org.apache.hadoop.ipc.Server$Handler.run(Server.java:2932)&#10;&quot;org.apache.hadoop.util.JvmPauseMonitor$Monitor@63bc0320&quot; daemon prio=5 tid=2620 timed_waiting&#10;java.lang.Thread.State: TIMED_WAITING&#10;        at java.lang.Thread.sleep(Native Method)&#10;        at org.apache.hadoop.util.JvmPauseMonitor$Monitor.run(JvmPauseMonitor.java:192)&#10;        at java.lang.Thread.run(Thread.java:748)&#10;&quot;Datanode State Machine Task Thread - 3&quot;  prio=5 tid=2679 timed_waiting&#10;java.lang.Thread.State: TIMED_WAITING&#10;        at sun.misc.Unsafe.park(Native Method)&#10;        at java.util.concurrent.locks.LockSupport.parkNanos(LockSupport.java:215)&#10;        at java.util.concurrent.FutureTask.awaitDone(FutureTask.java:426)&#10;        at java.util.concurrent.FutureTask.get(FutureTask.java:204)&#10;        at org.apache.hadoop.ozone.container.common.states.datanode.RunningDatanodeState.lambda$execute$0(RunningDatanodeState.java:149)&#10;        at org.apache.hadoop.ozone.container.common.states.datanode.RunningDatanodeState$$Lambda$904/1783042161.call(Unknown Source)&#10;        at java.util.concurrent.FutureTask.run(FutureTask.java:266)&#10;        at java.util.concurrent.Executors$RunnableAdapter.call(Executors.java:511)&#10;        at java.util.concurrent.FutureTask.run(FutureTask.java:266)&#10;        at java.util.concurrent.ThreadPoolExecutor.runWorker(ThreadPoolExecutor.java:1149)&#10;        at java.util.concurrent.ThreadPoolExecutor$Worker.run(ThreadPoolExecutor.java:624)&#10;        at java.lang.Thread.run(Thread.java:748)&#10;&quot;IPC Server handler 12 on default port 13044&quot; daemon prio=5 tid=2509 timed_waiting&#10;java.lang.Thread.State: TIMED_WAITING&#10;        at sun.misc.Unsafe.park(Native Method)&#10;        at java.util.concurrent.locks.LockSupport.parkNanos(LockSupport.java:215)&#10;        at java.util.concurrent.locks.AbstractQueuedSynchronizer$ConditionObject.awaitNanos(AbstractQueuedSynchronizer.java:2078)&#10;        at java.util.concurrent.LinkedBlockingQueue.poll(LinkedBlockingQueue.java:467)&#10;        at org.apache.hadoop.ipc.CallQueueManager.take(CallQueueManager.java:317)&#10;        at org.apache.hadoop.ipc.Server$Handler.run(Server.java:2932)&#10;&quot;IPC Server handler 48 on default port 13035&quot; daemon prio=5 tid=2139 timed_waiting&#10;java.lang.Thread.State: TIMED_WAITING&#10;        at sun.misc.Unsafe.park(Native Method)&#10;        at java.util.concurrent.locks.LockSupport.parkNanos(LockSupport.java:215)&#10;        at java.util.concurrent.locks.AbstractQueuedSynchronizer$ConditionObject.awaitNanos(AbstractQueuedSynchronizer.java:2078)&#10;        at java.util.concurrent.LinkedBlockingQueue.poll(LinkedBlockingQueue.java:467)&#10;        at org.apache.hadoop.ipc.CallQueueManager.take(CallQueueManager.java:317)&#10;        at org.apache.hadoop.ipc.Server$Handler.run(Server.java:2932)&#10;&quot;EndpointStateMachine task thread for /127.0.0.1:12209 - 0 &quot;  prio=5 tid=1769 in Object.wait()&#10;java.lang.Thread.State: WAITING (on object monitor)&#10;        at sun.misc.Unsafe.park(Native Method)&#10;        at java.util.concurrent.locks.LockSupport.park(LockSupport.java:175)&#10;        at java.util.concurrent.locks.AbstractQueuedSynchronizer$ConditionObject.await(AbstractQueuedSynchronizer.java:2039)&#10;        at java.util.concurrent.LinkedBlockingQueue.take(LinkedBlockingQueue.java:442)&#10;        at java.util.concurrent.ThreadPoolExecutor.getTask(ThreadPoolExecutor.java:1074)&#10;        at java.util.concurrent.ThreadPoolExecutor.runWorker(ThreadPoolExecutor.java:1134)&#10;        at java.util.concurrent.ThreadPoolExecutor$Worker.run(ThreadPoolExecutor.java:624)&#10;        at java.lang.Thread.run(Thread.java:748)&#10;&quot;ChunkWriter-2-0&quot; daemon prio=5 tid=2686 in Object.wait()&#10;java.lang.Thread.State: WAITING (on object monitor)&#10;        at sun.misc.Unsafe.park(Native Method)&#10;        at java.util.concurrent.locks.LockSupport.park(LockSupport.java:175)&#10;        at java.util.concurrent.locks.AbstractQueuedSynchronizer$ConditionObject.await(AbstractQueuedSynchronizer.java:2039)&#10;        at java.util.concurrent.LinkedBlockingDeque.takeFirst(LinkedBlockingDeque.java:492)&#10;        at java.util.concurrent.LinkedBlockingDeque.take(LinkedBlockingDeque.java:680)&#10;        at java.util.concurrent.ThreadPoolExecutor.getTask(ThreadPoolExecutor.java:1074)&#10;        at java.util.concurrent.ThreadPoolExecutor.runWorker(ThreadPoolExecutor.java:1134)&#10;        at java.util.concurrent.ThreadPoolExecutor$Worker.run(ThreadPoolExecutor.java:624)&#10;        at java.lang.Thread.run(Thread.java:748)&#10;&quot;EndpointStateMachine task thread for /127.0.0.1:13053 - 0 &quot;  prio=5 tid=2681 in Object.wait()&#10;java.lang.Thread.State: WAITING (on object monitor)&#10;        at java.lang.Object.wait(Native Method)&#10;        at java.lang.Object.wait(Object.java:502)&#10;        at org.apache.hadoop.util.concurrent.AsyncGet$Util.wait(AsyncGet.java:59)&#10;        at org.apache.hadoop.ipc.Client.getRpcResponse(Client.java:1561)&#10;        at org.apache.hadoop.ipc.Client.call(Client.java:1519)&#10;        at org.apache.hadoop.ipc.Client.call(Client.java:1416)&#10;        at org.apache.hadoop.ipc.ProtobufRpcEngine$Invoker.invoke(ProtobufRpcEngine.java:236)&#10;        at org.apache.hadoop.ipc.ProtobufRpcEngine$Invoker.invoke(ProtobufRpcEngine.java:123)&#10;        at com.sun.proxy.$Proxy48.submitRequest(Unknown Source)&#10;        at org.apache.hadoop.ozone.protocolPB.StorageContainerDatanodeProtocolClientSideTranslatorPB.submitRequest(StorageContainerDatanodeProtocolClientSideTranslatorPB.java:117)&#10;        at org.apache.hadoop.ozone.protocolPB.StorageContainerDatanodeProtocolClientSideTranslatorPB.getVersion(StorageContainerDatanodeProtocolClientSideTranslatorPB.java:133)&#10;        at org.apache.hadoop.ozone.container.common.states.endpoint.VersionEndpointTask.call(VersionEndpointTask.java:71)&#10;        at org.apache.hadoop.ozone.container.common.states.endpoint.VersionEndpointTask.call(VersionEndpointTask.java:42)&#10;        at java.util.concurrent.FutureTask.run(FutureTask.java:266)&#10;        at java.util.concurrent.ThreadPoolExecutor.runWorker(ThreadPoolExecutor.java:1149)&#10;        at java.util.concurrent.ThreadPoolExecutor$Worker.run(ThreadPoolExecutor.java:624)&#10;        at java.lang.Thread.run(Thread.java:748)&#10;&quot;qtp1613570136-2527&quot; daemon prio=5 tid=2527 timed_waiting&#10;java.lang.Thread.State: TIMED_WAITING&#10;        at sun.misc.Unsafe.park(Native Method)&#10;        at java.util.concurrent.locks.LockSupport.parkNanos(LockSupport.java:215)&#10;        at java.util.concurrent.locks.AbstractQueuedSynchronizer$ConditionObject.awaitNanos(AbstractQueuedSynchronizer.java:2078)&#10;        at org.eclipse.jetty.util.BlockingArrayQueue.poll(BlockingArrayQueue.java:382)&#10;        at org.eclipse.jetty.util.thread.QueuedThreadPool$Runner.idleJobPoll(QueuedThreadPool.java:974)&#10;        at org.eclipse.jetty.util.thread.QueuedThreadPool$Runner.run(QueuedThreadPool.java:1018)&#10;        at java.lang.Thread.run(Thread.java:748)&#10;&quot;ReplicationMonitor&quot; daemon prio=5 tid=2422 timed_waiting&#10;java.lang.Thread.State: TIMED_WAITING&#10;        at java.lang.Object.wait(Native Method)&#10;        at org.apache.hadoop.hdds.scm.container.ReplicationManager.run(ReplicationManager.java:384)&#10;        at org.apache.hadoop.hdds.scm.container.ReplicationManager$$Lambda$645/1827573818.run(Unknown Source)&#10;        at java.lang.Thread.run(Thread.java:748)&#10;&quot;pool-492-thread-1&quot; daemon prio=5 tid=2625 timed_waiting&#10;java.lang.Thread.State: TIMED_WAITING&#10;        at sun.misc.Unsafe.park(Native Method)&#10;        at java.util.concurrent.locks.LockSupport.parkNanos(LockSupport.java:215)&#10;        at java.util.concurrent.locks.AbstractQueuedSynchronizer$ConditionObject.awaitNanos(AbstractQueuedSynchronizer.java:2078)&#10;        at java.util.concurrent.ScheduledThreadPoolExecutor$DelayedWorkQueue.take(ScheduledThreadPoolExecutor.java:1093)&#10;        at java.util.concurrent.ScheduledThreadPoolExecutor$DelayedWorkQueue.take(ScheduledThreadPoolExecutor.java:809)&#10;        at java.util.concurrent.ThreadPoolExecutor.getTask(ThreadPoolExecutor.java:1074)&#10;        at java.util.concurrent.ThreadPoolExecutor.runWorker(ThreadPoolExecutor.java:1134)&#10;        at java.util.concurrent.ThreadPoolExecutor$Worker.run(ThreadPoolExecutor.java:624)&#10;        at java.lang.Thread.run(Thread.java:748)&#10;&quot;IPC Server handler 23 on default port 13033&quot; daemon prio=5 tid=2333 timed_waiting&#10;java.lang.Thread.State: TIMED_WAITING&#10;        at sun.misc.Unsafe.park(Native Method)&#10;        at java.util.concurrent.locks.LockSupport.parkNanos(LockSupport.java:215)&#10;        at java.util.concurrent.locks.AbstractQueuedSynchronizer$ConditionObject.awaitNanos(AbstractQueuedSynchronizer.java:2078)&#10;        at java.util.concurrent.LinkedBlockingQueue.poll(LinkedBlockingQueue.java:467)&#10;        at org.apache.hadoop.ipc.CallQueueManager.take(CallQueueManager.java:317)&#10;        at org.apache.hadoop.ipc.Server$Handler.run(Server.java:2932)&#10;&quot;IPC Server Responder&quot; daemon prio=5 tid=2085 runnable&#10;java.lang.Thread.State: RUNNABLE&#10;        at sun.nio.ch.EPollArrayWrapper.epollWait(Native Method)&#10;        at sun.nio.ch.EPollArrayWrapper.poll(EPollArrayWrapper.java:269)&#10;        at sun.nio.ch.EPollSelectorImpl.doSelect(EPollSelectorImpl.java:93)&#10;        at sun.nio.ch.SelectorImpl.lockAndDoSelect(SelectorImpl.java:86)&#10;        at sun.nio.ch.SelectorImpl.select(SelectorImpl.java:97)&#10;        at org.apache.hadoop.ipc.Server$Responder.doRunLoop(Server.java:1527)&#10;        at org.apache.hadoop.ipc.Server$Responder.run(Server.java:1510)&#10;&quot;IPC Server listener on 11132&quot; daemon prio=5 tid=2555 runnable&#10;java.lang.Thread.State: RUNNABLE&#10;        at sun.nio.ch.EPollArrayWrapper.epollWait(Native Method)&#10;        at sun.nio.ch.EPollArrayWrapper.poll(EPollArrayWrapper.java:269)&#10;        at sun.nio.ch.EPollSelectorImpl.doSelect(EPollSelectorImpl.java:93)&#10;        at sun.nio.ch.SelectorImpl.lockAndDoSelect(SelectorImpl.java:86)&#10;        at sun.nio.ch.SelectorImpl.select(SelectorImpl.java:97)&#10;        at sun.nio.ch.SelectorImpl.select(SelectorImpl.java:101)&#10;        at org.apache.hadoop.ipc.Server$Listener.run(Server.java:1350)&#10;&quot;IPC Server Responder&quot; daemon prio=5 tid=2431 runnable&#10;java.lang.Thread.State: RUNNABLE&#10;        at sun.nio.ch.EPollArrayWrapper.epollWait(Native Method)&#10;        at sun.nio.ch.EPollArrayWrapper.poll(EPollArrayWrapper.java:269)&#10;        at sun.nio.ch.EPollSelectorImpl.doSelect(EPollSelectorImpl.java:93)&#10;        at sun.nio.ch.SelectorImpl.lockAndDoSelect(SelectorImpl.java:86)&#10;        at sun.nio.ch.SelectorImpl.select(SelectorImpl.java:97)&#10;        at org.apache.hadoop.ipc.Server$Responder.doRunLoop(Server.java:1527)&#10;        at org.apache.hadoop.ipc.Server$Responder.run(Server.java:1510)&#10;&quot;IPC Server handler 30 on default port 13033&quot; daemon prio=5 tid=2340 timed_waiting&#10;java.lang.Thread.State: TIMED_WAITING&#10;        at sun.misc.Unsafe.park(Native Method)&#10;        at java.util.concurrent.locks.LockSupport.parkNanos(LockSupport.java:215)&#10;        at java.util.concurrent.locks.AbstractQueuedSynchronizer$ConditionObject.awaitNanos(AbstractQueuedSynchronizer.java:2078)&#10;        at java.util.concurrent.LinkedBlockingQueue.poll(LinkedBlockingQueue.java:467)&#10;        at org.apache.hadoop.ipc.CallQueueManager.take(CallQueueManager.java:317)&#10;        at org.apache.hadoop.ipc.Server$Handler.run(Server.java:2932)&#10;&quot;IPC Server handler 5 on default port 13033&quot; daemon prio=5 tid=2315 timed_waiting&#10;java.lang.Thread.State: TIMED_WAITING&#10;        at sun.misc.Unsafe.park(Native Method)&#10;        at java.util.concurrent.locks.LockSupport.parkNanos(LockSupport.java:215)&#10;        at java.util.concurrent.locks.AbstractQueuedSynchronizer$ConditionObject.awaitNanos(AbstractQueuedSynchronizer.java:2078)&#10;        at java.util.concurrent.LinkedBlockingQueue.poll(LinkedBlockingQueue.java:467)&#10;        at org.apache.hadoop.ipc.CallQueueManager.take(CallQueueManager.java:317)&#10;        at org.apache.hadoop.ipc.Server$Handler.run(Server.java:2932)&#10;&quot;IPC Server handler 56 on default port 13033&quot; daemon prio=5 tid=2366 timed_waiting&#10;java.lang.Thread.State: TIMED_WAITING&#10;        at sun.misc.Unsafe.park(Native Method)&#10;        at java.util.concurrent.locks.LockSupport.parkNanos(LockSupport.java:215)&#10;        at java.util.concurrent.locks.AbstractQueuedSynchronizer$ConditionObject.awaitNanos(AbstractQueuedSynchronizer.java:2078)&#10;        at java.util.concurrent.LinkedBlockingQueue.poll(LinkedBlockingQueue.java:467)&#10;        at org.apache.hadoop.ipc.CallQueueManager.take(CallQueueManager.java:317)&#10;        at org.apache.hadoop.ipc.Server$Handler.run(Server.java:2932)&#10;&quot;Datanode ReportManager Thread - 2&quot; daemon prio=5 tid=1691 in Object.wait()&#10;java.lang.Thread.State: WAITING (on object monitor)&#10;        at sun.misc.Unsafe.park(Native Method)&#10;        at java.util.concurrent.locks.LockSupport.park(LockSupport.java:175)&#10;        at java.util.concurrent.locks.AbstractQueuedSynchronizer$ConditionObject.await(AbstractQueuedSynchronizer.java:2039)&#10;        at java.util.concurrent.ScheduledThreadPoolExecutor$DelayedWorkQueue.take(ScheduledThreadPoolExecutor.java:1088)&#10;        at java.util.concurrent.ScheduledThreadPoolExecutor$DelayedWorkQueue.take(ScheduledThreadPoolExecutor.java:809)&#10;        at java.util.concurrent.ThreadPoolExecutor.getTask(ThreadPoolExecutor.java:1074)&#10;        at java.util.concurrent.ThreadPoolExecutor.runWorker(ThreadPoolExecutor.java:1134)&#10;        at java.util.concurrent.ThreadPoolExecutor$Worker.run(ThreadPoolExecutor.java:624)&#10;        at java.lang.Thread.run(Thread.java:748)&#10;&quot;Datanode ReportManager Thread - 4&quot; daemon prio=5 tid=1718 timed_waiting&#10;java.lang.Thread.State: TIMED_WAITING&#10;        at sun.misc.Unsafe.park(Native Method)&#10;        at java.util.concurrent.locks.LockSupport.parkNanos(LockSupport.java:215)&#10;        at java.util.concurrent.locks.AbstractQueuedSynchronizer$ConditionObject.awaitNanos(AbstractQueuedSynchronizer.java:2078)&#10;        at java.util.concurrent.ScheduledThreadPoolExecutor$DelayedWorkQueue.take(ScheduledThreadPoolExecutor.java:1093)&#10;        at java.util.concurrent.ScheduledThreadPoolExecutor$DelayedWorkQueue.take(ScheduledThreadPoolExecutor.java:809)&#10;        at java.util.concurrent.ThreadPoolExecutor.getTask(ThreadPoolExecutor.java:1074)&#10;        at java.util.concurrent.ThreadPoolExecutor.runWorker(ThreadPoolExecutor.java:1134)&#10;        at java.util.concurrent.ThreadPoolExecutor$Worker.run(ThreadPoolExecutor.java:624)&#10;        at java.lang.Thread.run(Thread.java:748)&#10;&quot;IPC Server handler 8 on default port 13033&quot; daemon prio=5 tid=2318 timed_waiting&#10;java.lang.Thread.State: TIMED_WAITING&#10;        at sun.misc.Unsafe.park(Native Method)&#10;        at java.util.concurrent.locks.LockSupport.parkNanos(LockSupport.java:215)&#10;        at java.util.concurrent.locks.AbstractQueuedSynchronizer$ConditionObject.awaitNanos(AbstractQueuedSynchronizer.java:2078)&#10;        at java.util.concurrent.LinkedBlockingQueue.poll(LinkedBlockingQueue.java:467)&#10;        at org.apache.hadoop.ipc.CallQueueManager.take(CallQueueManager.java:317)&#10;        at org.apache.hadoop.ipc.Server$Handler.run(Server.java:2932)&#10;&quot;EventQueue-NodeReportForNodeReportHandler&quot; daemon prio=5 tid=2973 in Object.wait()&#10;java.lang.Thread.State: WAITING (on object monitor)&#10;        at sun.misc.Unsafe.park(Native Method)&#10;        at java.util.concurrent.locks.LockSupport.park(LockSupport.java:175)&#10;        at java.util.concurrent.locks.AbstractQueuedSynchronizer$ConditionObject.await(AbstractQueuedSynchronizer.java:2039)&#10;        at java.util.concurrent.LinkedBlockingQueue.take(LinkedBlockingQueue.java:442)&#10;        at java.util.concurrent.ThreadPoolExecutor.getTask(ThreadPoolExecutor.java:1074)&#10;        at java.util.concurrent.ThreadPoolExecutor.runWorker(ThreadPoolExecutor.java:1134)&#10;        at java.util.concurrent.ThreadPoolExecutor$Worker.run(ThreadPoolExecutor.java:624)&#10;        at java.lang.Thread.run(Thread.java:748)&#10;&quot;IPC Server handler 60 on default port 13033&quot; daemon prio=5 tid=2370 timed_waiting&#10;java.lang.Thread.State: TIMED_WAITING&#10;        at sun.misc.Unsafe.park(Native Method)&#10;        at java.util.concurrent.locks.LockSupport.parkNanos(LockSupport.java:215)&#10;        at java.util.concurrent.locks.AbstractQueuedSynchronizer$ConditionObject.awaitNanos(AbstractQueuedSynchronizer.java:2078)&#10;        at java.util.concurrent.LinkedBlockingQueue.poll(LinkedBlockingQueue.java:467)&#10;        at org.apache.hadoop.ipc.CallQueueManager.take(CallQueueManager.java:317)&#10;        at org.apache.hadoop.ipc.Server$Handler.run(Server.java:2932)&#10;&quot;IPC Server handler 64 on default port 13034&quot; daemon prio=5 tid=2255 timed_waiting&#10;java.lang.Thread.State: TIMED_WAITING&#10;        at sun.misc.Unsafe.park(Native Method)&#10;        at java.util.concurrent.locks.LockSupport.parkNanos(LockSupport.java:215)&#10;        at java.util.concurrent.locks.AbstractQueuedSynchronizer$ConditionObject.awaitNanos(AbstractQueuedSynchronizer.java:2078)&#10;        at java.util.concurrent.LinkedBlockingQueue.poll(LinkedBlockingQueue.java:467)&#10;        at org.apache.hadoop.ipc.CallQueueManager.take(CallQueueManager.java:317)&#10;        at org.apache.hadoop.ipc.Server$Handler.run(Server.java:2932)&#10;&quot;IPC Server handler 64 on default port 13033&quot; daemon prio=5 tid=2374 timed_waiting&#10;java.lang.Thread.State: TIMED_WAITING&#10;        at sun.misc.Unsafe.park(Native Method)&#10;        at java.util.concurrent.locks.LockSupport.parkNanos(LockSupport.java:215)&#10;        at java.util.concurrent.locks.AbstractQueuedSynchronizer$ConditionObject.awaitNanos(AbstractQueuedSynchronizer.java:2078)&#10;        at java.util.concurrent.LinkedBlockingQueue.poll(LinkedBlockingQueue.java:467)&#10;        at org.apache.hadoop.ipc.CallQueueManager.take(CallQueueManager.java:317)&#10;        at org.apache.hadoop.ipc.Server$Handler.run(Server.java:2932)&#10;&quot;IPC Server handler 52 on default port 13033&quot; daemon prio=5 tid=2362 timed_waiting&#10;java.lang.Thread.State: TIMED_WAITING&#10;        at sun.misc.Unsafe.park(Native Method)&#10;        at java.util.concurrent.locks.LockSupport.parkNanos(LockSupport.java:215)&#10;        at java.util.concurrent.locks.AbstractQueuedSynchronizer$ConditionObject.awaitNanos(AbstractQueuedSynchronizer.java:2078)&#10;        at java.util.concurrent.LinkedBlockingQueue.poll(LinkedBlockingQueue.java:467)&#10;        at org.apache.hadoop.ipc.CallQueueManager.take(CallQueueManager.java:317)&#10;        at org.apache.hadoop.ipc.Server$Handler.run(Server.java:2932)&#10;&quot;IPC Server Responder&quot; daemon prio=5 tid=2435 runnable&#10;java.lang.Thread.State: RUNNABLE&#10;        at sun.nio.ch.EPollArrayWrapper.epollWait(Native Method)&#10;        at sun.nio.ch.EPollArrayWrapper.poll(EPollArrayWrapper.java:269)&#10;        at sun.nio.ch.EPollSelectorImpl.doSelect(EPollSelectorImpl.java:93)&#10;        at sun.nio.ch.SelectorImpl.lockAndDoSelect(SelectorImpl.java:86)&#10;        at sun.nio.ch.SelectorImpl.select(SelectorImpl.java:97)&#10;        at org.apache.hadoop.ipc.Server$Responder.doRunLoop(Server.java:1527)&#10;        at org.apache.hadoop.ipc.Server$Responder.run(Server.java:1510)&#10;&quot;ChunkWriter-2-0&quot; daemon prio=5 tid=2699 in Object.wait()&#10;java.lang.Thread.State: WAITING (on object monitor)&#10;        at sun.misc.Unsafe.park(Native Method)&#10;        at java.util.concurrent.locks.LockSupport.park(LockSupport.java:175)&#10;        at java.util.concurrent.locks.AbstractQueuedSynchronizer$ConditionObject.await(AbstractQueuedSynchronizer.java:2039)&#10;        at java.util.concurrent.LinkedBlockingDeque.takeFirst(LinkedBlockingDeque.java:492)&#10;        at java.util.concurrent.LinkedBlockingDeque.take(LinkedBlockingDeque.java:680)&#10;        at java.util.concurrent.ThreadPoolExecutor.getTask(ThreadPoolExecutor.java:1074)&#10;        at java.util.concurrent.ThreadPoolExecutor.runWorker(ThreadPoolExecutor.java:1134)&#10;        at java.util.concurrent.ThreadPoolExecutor$Worker.run(ThreadPoolExecutor.java:624)&#10;        at java.lang.Thread.run(Thread.java:748)&#10;&quot;EventQueue-ContainerReportForContainerReportHandler&quot; daemon prio=5 tid=2411 in Object.wait()&#10;java.lang.Thread.State: WAITING (on object monitor)&#10;        at sun.misc.Unsafe.park(Native Method)&#10;        at java.util.concurrent.locks.LockSupport.park(LockSupport.java:175)&#10;        at java.util.concurrent.locks.AbstractQueuedSynchronizer$ConditionObject.await(AbstractQueuedSynchronizer.java:2039)&#10;        at java.util.concurrent.LinkedBlockingQueue.take(LinkedBlockingQueue.java:442)&#10;        at java.util.concurrent.ThreadPoolExecutor.getTask(ThreadPoolExecutor.java:1074)&#10;        at java.util.concurrent.ThreadPoolExecutor.runWorker(ThreadPoolExecutor.java:1134)&#10;        at java.util.concurrent.ThreadPoolExecutor$Worker.run(ThreadPoolExecutor.java:624)&#10;        at java.lang.Thread.run(Thread.java:748)&#10;&quot;DirectoryDeletingService#0&quot; daemon prio=5 tid=2565 timed_waiting&#10;java.lang.Thread.State: TIMED_WAITING&#10;        at sun.misc.Unsafe.park(Native Method)&#10;        at java.util.concurrent.locks.LockSupport.parkNanos(LockSupport.java:215)&#10;        at java.util.concurrent.locks.AbstractQueuedSynchronizer$ConditionObject.awaitNanos(AbstractQueuedSynchronizer.java:2078)&#10;        at java.util.concurrent.ScheduledThreadPoolExecutor$DelayedWorkQueue.take(ScheduledThreadPoolExecutor.java:1093)&#10;        at java.util.concurrent.ScheduledThreadPoolExecutor$DelayedWorkQueue.take(ScheduledThreadPoolExecutor.java:809)&#10;        at java.util.concurrent.ThreadPoolExecutor.getTask(ThreadPoolExecutor.java:1074)&#10;        at java.util.concurrent.ThreadPoolExecutor.runWorker(ThreadPoolExecutor.java:1134)&#10;        at java.util.concurrent.ThreadPoolExecutor$Worker.run(ThreadPoolExecutor.java:624)&#10;        at java.lang.Thread.run(Thread.java:748)&#10;&quot;IPC Server handler 33 on default port 13034&quot; daemon prio=5 tid=2224 timed_waiting&#10;java.lang.Thread.State: TIMED_WAITING&#10;        at sun.misc.Unsafe.park(Native Method)&#10;        at java.util.concurrent.locks.LockSupport.parkNanos(LockSupport.java:215)&#10;        at java.util.concurrent.locks.AbstractQueuedSynchronizer$ConditionObject.awaitNanos(AbstractQueuedSynchronizer.java:2078)&#10;        at java.util.concurrent.LinkedBlockingQueue.poll(LinkedBlockingQueue.java:467)&#10;        at org.apache.hadoop.ipc.CallQueueManager.take(CallQueueManager.java:317)&#10;        at org.apache.hadoop.ipc.Server$Handler.run(Server.java:2932)&#10;&quot;EndpointStateMachine task thread for /127.0.0.1:13043 - 0 &quot;  prio=5 tid=2694 in Object.wait()&#10;java.lang.Thread.State: WAITING (on object monitor)&#10;        at sun.misc.Unsafe.park(Native Method)&#10;        at java.util.concurrent.locks.LockSupport.park(LockSupport.java:175)&#10;        at java.util.concurrent.locks.AbstractQueuedSynchronizer$ConditionObject.await(AbstractQueuedSynchronizer.java:2039)&#10;        at java.util.concurrent.LinkedBlockingQueue.take(LinkedBlockingQueue.java:442)&#10;        at java.util.concurrent.ThreadPoolExecutor.getTask(ThreadPoolExecutor.java:1074)&#10;        at java.util.concurrent.ThreadPoolExecutor.runWorker(ThreadPoolExecutor.java:1134)&#10;        at java.util.concurrent.ThreadPoolExecutor$Worker.run(ThreadPoolExecutor.java:624)&#10;        at java.lang.Thread.run(Thread.java:748)&#10;&quot;IPC Server handler 90 on default port 13035&quot; daemon prio=5 tid=2181 timed_waiting&#10;java.lang.Thread.State: TIMED_WAITING&#10;        at sun.misc.Unsafe.park(Native Method)&#10;        at java.util.concurrent.locks.LockSupport.parkNanos(LockSupport.java:215)&#10;        at java.util.concurrent.locks.AbstractQueuedSynchronizer$ConditionObject.awaitNanos(AbstractQueuedSynchronizer.java:2078)&#10;        at java.util.concurrent.LinkedBlockingQueue.poll(LinkedBlockingQueue.java:467)&#10;        at org.apache.hadoop.ipc.CallQueueManager.take(CallQueueManager.java:317)&#10;        at org.apache.hadoop.ipc.Server$Handler.run(Server.java:2932)&#10;&quot;IPC Server handler 9 on default port 13044&quot; daemon prio=5 tid=2506 timed_waiting&#10;java.lang.Thread.State: TIMED_WAITING&#10;        at sun.misc.Unsafe.park(Native Method)&#10;        at java.util.concurrent.locks.LockSupport.parkNanos(LockSupport.java:215)&#10;        at java.util.concurrent.locks.AbstractQueuedSynchronizer$ConditionObject.awaitNanos(AbstractQueuedSynchronizer.java:2078)&#10;        at java.util.concurrent.LinkedBlockingQueue.poll(LinkedBlockingQueue.java:467)&#10;        at org.apache.hadoop.ipc.CallQueueManager.take(CallQueueManager.java:317)&#10;        at org.apache.hadoop.ipc.Server$Handler.run(Server.java:2932)&#10;&quot;13676ba2-e17b-4a8f-9926-6ead84168abe@group-390751046F7B-StateMachineUpdater&quot; daemon prio=5 tid=2419 in Object.wait()&#10;java.lang.Thread.State: WAITING (on object monitor)&#10;        at java.lang.Object.wait(Native Method)&#10;        at java.lang.Object.wait(Object.java:502)&#10;        at org.apache.ratis.server.impl.StateMachineUpdater.waitForCommit(StateMachineUpdater.java:204)&#10;        at org.apache.ratis.server.impl.StateMachineUpdater.run(StateMachineUpdater.java:173)&#10;        at java.lang.Thread.run(Thread.java:748)&#10;&quot;Datanode ReportManager Thread - 1&quot; daemon prio=5 tid=1690 in Object.wait()&#10;java.lang.Thread.State: WAITING (on object monitor)&#10;        at sun.misc.Unsafe.park(Native Method)&#10;        at java.util.concurrent.locks.LockSupport.park(LockSupport.java:175)&#10;        at java.util.concurrent.locks.AbstractQueuedSynchronizer$ConditionObject.await(AbstractQueuedSynchronizer.java:2039)&#10;        at java.util.concurrent.ScheduledThreadPoolExecutor$DelayedWorkQueue.take(ScheduledThreadPoolExecutor.java:1088)&#10;        at java.util.concurrent.ScheduledThreadPoolExecutor$DelayedWorkQueue.take(ScheduledThreadPoolExecutor.java:809)&#10;        at java.util.concurrent.ThreadPoolExecutor.getTask(ThreadPoolExecutor.java:1074)&#10;        at java.util.concurrent.ThreadPoolExecutor.runWorker(ThreadPoolExecutor.java:1134)&#10;        at java.util.concurrent.ThreadPoolExecutor$Worker.run(ThreadPoolExecutor.java:624)&#10;        at java.lang.Thread.run(Thread.java:748)&#10;&quot;7e7f778f-92a3-4c6a-870c-2544e6325884@group-A37BCEEDED0F-SegmentedRaftLogWorker&quot;  prio=5 tid=2761 timed_waiting&#10;java.lang.Thread.State: TIMED_WAITING&#10;        at sun.misc.Unsafe.park(Native Method)&#10;        at java.util.concurrent.locks.LockSupport.parkNanos(LockSupport.java:215)&#10;        at java.util.concurrent.locks.AbstractQueuedSynchronizer$ConditionObject.awaitNanos(AbstractQueuedSynchronizer.java:2078)&#10;        at org.apache.ratis.util.DataBlockingQueue.poll(DataBlockingQueue.java:137)&#10;        at org.apache.ratis.server.raftlog.segmented.SegmentedRaftLogWorker.run(SegmentedRaftLogWorker.java:292)&#10;        at org.apache.ratis.server.raftlog.segmented.SegmentedRaftLogWorker$$Lambda$435/2075927136.run(Unknown Source)&#10;        at java.lang.Thread.run(Thread.java:748)&#10;&quot;Datanode ReportManager Thread - 1&quot; daemon prio=5 tid=589 in Object.wait()&#10;java.lang.Thread.State: WAITING (on object monitor)&#10;        at sun.misc.Unsafe.park(Native Method)&#10;        at java.util.concurrent.locks.LockSupport.park(LockSupport.java:175)&#10;        at java.util.concurrent.locks.AbstractQueuedSynchronizer$ConditionObject.await(AbstractQueuedSynchronizer.java:2039)&#10;        at java.util.concurrent.ScheduledThreadPoolExecutor$DelayedWorkQueue.take(ScheduledThreadPoolExecutor.java:1088)&#10;        at java.util.concurrent.ScheduledThreadPoolExecutor$DelayedWorkQueue.take(ScheduledThreadPoolExecutor.java:809)&#10;        at java.util.concurrent.ThreadPoolExecutor.getTask(ThreadPoolExecutor.java:1074)&#10;        at java.util.concurrent.ThreadPoolExecutor.runWorker(ThreadPoolExecutor.java:1134)&#10;        at java.util.concurrent.ThreadPoolExecutor$Worker.run(ThreadPoolExecutor.java:624)&#10;        at java.lang.Thread.run(Thread.java:748)&#10;&quot;IPC Server handler 13 on default port 13043&quot; daemon prio=5 tid=2468 timed_waiting&#10;java.lang.Thread.State: TIMED_WAITING&#10;        at sun.misc.Unsafe.park(Native Method)&#10;        at java.util.concurrent.locks.LockSupport.parkNanos(LockSupport.java:215)&#10;        at java.util.concurrent.locks.AbstractQueuedSynchronizer$ConditionObject.awaitNanos(AbstractQueuedSynchronizer.java:2078)&#10;        at java.util.concurrent.LinkedBlockingQueue.poll(LinkedBlockingQueue.java:467)&#10;        at org.apache.hadoop.ipc.CallQueueManager.take(CallQueueManager.java:317)&#10;        at org.apache.hadoop.ipc.Server$Handler.run(Server.java:2932)&#10;&quot;IPC Server handler 58 on default port 13033&quot; daemon prio=5 tid=2368 timed_waiting&#10;java.lang.Thread.State: TIMED_WAITING&#10;        at sun.misc.Unsafe.park(Native Method)&#10;        at java.util.concurrent.locks.LockSupport.parkNanos(LockSupport.java:215)&#10;        at java.util.concurrent.locks.AbstractQueuedSynchronizer$ConditionObject.awaitNanos(AbstractQueuedSynchronizer.java:2078)&#10;        at java.util.concurrent.LinkedBlockingQueue.poll(LinkedBlockingQueue.java:467)&#10;        at org.apache.hadoop.ipc.CallQueueManager.take(CallQueueManager.java:317)&#10;        at org.apache.hadoop.ipc.Server$Handler.run(Server.java:2932)&#10;&quot;IPC Server handler 2 on default port 11132&quot; daemon prio=5 tid=2578 timed_waiting&#10;java.lang.Thread.State: TIMED_WAITING&#10;        at sun.misc.Unsafe.park(Native Method)&#10;        at java.util.concurrent.locks.LockSupport.parkNanos(LockSupport.java:215)&#10;        at java.util.concurrent.locks.AbstractQueuedSynchronizer$ConditionObject.awaitNanos(AbstractQueuedSynchronizer.java:2078)&#10;        at java.util.concurrent.LinkedBlockingQueue.poll(LinkedBlockingQueue.java:467)&#10;        at org.apache.hadoop.ipc.CallQueueManager.take(CallQueueManager.java:317)&#10;        at org.apache.hadoop.ipc.Server$Handler.run(Server.java:2932)&#10;&quot;IPC Server handler 44 on default port 13035&quot; daemon prio=5 tid=2135 timed_waiting&#10;java.lang.Thread.State: TIMED_WAITING&#10;        at sun.misc.Unsafe.park(Native Method)&#10;        at java.util.concurrent.locks.LockSupport.parkNanos(LockSupport.java:215)&#10;        at java.util.concurrent.locks.AbstractQueuedSynchronizer$ConditionObject.awaitNanos(AbstractQueuedSynchronizer.java:2078)&#10;        at java.util.concurrent.LinkedBlockingQueue.poll(LinkedBlockingQueue.java:467)&#10;        at org.apache.hadoop.ipc.CallQueueManager.take(CallQueueManager.java:317)&#10;        at org.apache.hadoop.ipc.Server$Handler.run(Server.java:2932)&#10;&quot;IPC Server handler 75 on default port 13035&quot; daemon prio=5 tid=2166 timed_waiting&#10;java.lang.Thread.State: TIMED_WAITING&#10;        at sun.misc.Unsafe.park(Native Method)&#10;        at java.util.concurrent.locks.LockSupport.parkNanos(LockSupport.java:215)&#10;        at java.util.concurrent.locks.AbstractQueuedSynchronizer$ConditionObject.awaitNanos(AbstractQueuedSynchronizer.java:2078)&#10;        at java.util.concurrent.LinkedBlockingQueue.poll(LinkedBlockingQueue.java:467)&#10;        at org.apache.hadoop.ipc.CallQueueManager.take(CallQueueManager.java:317)&#10;        at org.apache.hadoop.ipc.Server$Handler.run(Server.java:2932)&#10;&quot;EndpointStateMachine task thread for /127.0.0.1:13043 - 0 &quot;  prio=5 tid=2708 in Object.wait()&#10;java.lang.Thread.State: WAITING (on object monitor)&#10;        at sun.misc.Unsafe.park(Native Method)&#10;        at java.util.concurrent.locks.LockSupport.park(LockSupport.java:175)&#10;        at java.util.concurrent.locks.AbstractQueuedSynchronizer$ConditionObject.await(AbstractQueuedSynchronizer.java:2039)&#10;        at java.util.concurrent.LinkedBlockingQueue.take(LinkedBlockingQueue.java:442)&#10;        at java.util.concurrent.ThreadPoolExecutor.getTask(ThreadPoolExecutor.java:1074)&#10;        at java.util.concurrent.ThreadPoolExecutor.runWorker(ThreadPoolExecutor.java:1134)&#10;        at java.util.concurrent.ThreadPoolExecutor$Worker.run(ThreadPoolExecutor.java:624)&#10;        at java.lang.Thread.run(Thread.java:748)&#10;&quot;pool-483-thread-1&quot;  prio=5 tid=2603 timed_waiting&#10;java.lang.Thread.State: TIMED_WAITING&#10;        at sun.misc.Unsafe.park(Native Method)&#10;        at java.util.concurrent.locks.LockSupport.parkNanos(LockSupport.java:215)&#10;        at java.util.concurrent.locks.AbstractQueuedSynchronizer$ConditionObject.awaitNanos(AbstractQueuedSynchronizer.java:2078)&#10;        at java.util.concurrent.ScheduledThreadPoolExecutor$DelayedWorkQueue.take(ScheduledThreadPoolExecutor.java:1093)&#10;        at java.util.concurrent.ScheduledThreadPoolExecutor$DelayedWorkQueue.take(ScheduledThreadPoolExecutor.java:809)&#10;        at java.util.concurrent.ThreadPoolExecutor.getTask(ThreadPoolExecutor.java:1074)&#10;        at java.util.concurrent.ThreadPoolExecutor.runWorker(ThreadPoolExecutor.java:1134)&#10;        at java.util.concurrent.ThreadPoolExecutor$Worker.run(ThreadPoolExecutor.java:624)&#10;        at java.lang.Thread.run(Thread.java:748)&#10;&quot;IPC Server handler 86 on default port 13033&quot; daemon prio=5 tid=2396 timed_waiting&#10;java.lang.Thread.State: TIMED_WAITING&#10;        at sun.misc.Unsafe.park(Native Method)&#10;        at java.util.concurrent.locks.LockSupport.parkNanos(LockSupport.java:215)&#10;        at java.util.concurrent.locks.AbstractQueuedSynchronizer$ConditionObject.awaitNanos(AbstractQueuedSynchronizer.java:2078)&#10;        at java.util.concurrent.LinkedBlockingQueue.poll(LinkedBlockingQueue.java:467)&#10;        at org.apache.hadoop.ipc.CallQueueManager.take(CallQueueManager.java:317)&#10;        at org.apache.hadoop.ipc.Server$Handler.run(Server.java:2932)&#10;&quot;IPC Server handler 65 on default port 13034&quot; daemon prio=5 tid=2256 timed_waiting&#10;java.lang.Thread.State: TIMED_WAITING&#10;        at sun.misc.Unsafe.park(Native Method)&#10;        at java.util.concurrent.locks.LockSupport.parkNanos(LockSupport.java:215)&#10;        at java.util.concurrent.locks.AbstractQueuedSynchronizer$ConditionObject.awaitNanos(AbstractQueuedSynchronizer.java:2078)&#10;        at java.util.concurrent.LinkedBlockingQueue.poll(LinkedBlockingQueue.java:467)&#10;        at org.apache.hadoop.ipc.CallQueueManager.take(CallQueueManager.java:317)&#10;        at org.apache.hadoop.ipc.Server$Handler.run(Server.java:2932)&#10;&quot;Command processor thread&quot; daemon prio=5 tid=2672 timed_waiting&#10;java.lang.Thread.State: TIMED_WAITING&#10;        at java.lang.Thread.sleep(Native Method)&#10;        at org.apache.hadoop.ozone.container.common.statemachine.DatanodeStateMachine.lambda$initCommandHandlerThread$2(DatanodeStateMachine.java:574)&#10;        at org.apache.hadoop.ozone.container.common.statemachine.DatanodeStateMachine$$Lambda$893/554852437.run(Unknown Source)&#10;        at java.lang.Thread.run(Thread.java:748)&#10;&quot;IPC Server handler 15 on default port 13043&quot; daemon prio=5 tid=2470 timed_waiting&#10;java.lang.Thread.State: TIMED_WAITING&#10;        at sun.misc.Unsafe.park(Native Method)&#10;        at java.util.concurrent.locks.LockSupport.parkNanos(LockSupport.java:215)&#10;        at java.util.concurrent.locks.AbstractQueuedSynchronizer$ConditionObject.awaitNanos(AbstractQueuedSynchronizer.java:2078)&#10;        at java.util.concurrent.LinkedBlockingQueue.poll(LinkedBlockingQueue.java:467)&#10;        at org.apache.hadoop.ipc.CallQueueManager.take(CallQueueManager.java:317)&#10;        at org.apache.hadoop.ipc.Server$Handler.run(Server.java:2932)&#10;&quot;pool-466-thread-1&quot;  prio=5 tid=2566 timed_waiting&#10;java.lang.Thread.State: TIMED_WAITING&#10;        at sun.misc.Unsafe.park(Native Method)&#10;        at java.util.concurrent.locks.LockSupport.parkNanos(LockSupport.java:215)&#10;        at java.util.concurrent.locks.AbstractQueuedSynchronizer$ConditionObject.awaitNanos(AbstractQueuedSynchronizer.java:2078)&#10;        at java.util.concurrent.ScheduledThreadPoolExecutor$DelayedWorkQueue.take(ScheduledThreadPoolExecutor.java:1093)&#10;        at java.util.concurrent.ScheduledThreadPoolExecutor$DelayedWorkQueue.take(ScheduledThreadPoolExecutor.java:809)&#10;        at java.util.concurrent.ThreadPoolExecutor.getTask(ThreadPoolExecutor.java:1074)&#10;        at java.util.concurrent.ThreadPoolExecutor.runWorker(ThreadPoolExecutor.java:1134)&#10;        at java.util.concurrent.ThreadPoolExecutor$Worker.run(ThreadPoolExecutor.java:624)&#10;        at java.lang.Thread.run(Thread.java:748)&#10;&quot;BlockDeletingService#1&quot; daemon prio=5 tid=2703 timed_waiting&#10;java.lang.Thread.State: TIMED_WAITING&#10;        at sun.misc.Unsafe.park(Native Method)&#10;        at java.util.concurrent.locks.LockSupport.parkNanos(LockSupport.java:215)&#10;        at java.util.concurrent.locks.AbstractQueuedSynchronizer$ConditionObject.awaitNanos(AbstractQueuedSynchronizer.java:2078)&#10;        at java.util.concurrent.ScheduledThreadPoolExecutor$DelayedWorkQueue.take(ScheduledThreadPoolExecutor.java:1093)&#10;        at java.util.concurrent.ScheduledThreadPoolExecutor$DelayedWorkQueue.take(ScheduledThreadPoolExecutor.java:809)&#10;        at java.util.concurrent.ThreadPoolExecutor.getTask(ThreadPoolExecutor.java:1074)&#10;        at java.util.concurrent.ThreadPoolExecutor.runWorker(ThreadPoolExecutor.java:1134)&#10;        at java.util.concurrent.ThreadPoolExecutor$Worker.run(ThreadPoolExecutor.java:624)&#10;        at java.lang.Thread.run(Thread.java:748)&#10;&quot;IPC Server handler 81 on default port 13033&quot; daemon prio=5 tid=2391 timed_waiting&#10;java.lang.Thread.State: TIMED_WAITING&#10;        at sun.misc.Unsafe.park(Native Method)&#10;        at java.util.concurrent.locks.LockSupport.parkNanos(LockSupport.java:215)&#10;        at java.util.concurrent.locks.AbstractQueuedSynchronizer$ConditionObject.awaitNanos(AbstractQueuedSynchronizer.java:2078)&#10;        at java.util.concurrent.LinkedBlockingQueue.poll(LinkedBlockingQueue.java:467)&#10;        at org.apache.hadoop.ipc.CallQueueManager.take(CallQueueManager.java:317)&#10;        at org.apache.hadoop.ipc.Server$Handler.run(Server.java:2932)&#10;&quot;IPC Server handler 51 on default port 13033&quot; daemon prio=5 tid=2361 timed_waiting&#10;java.lang.Thread.State: TIMED_WAITING&#10;        at sun.misc.Unsafe.park(Native Method)&#10;        at java.util.concurrent.locks.LockSupport.parkNanos(LockSupport.java:215)&#10;        at java.util.concurrent.locks.AbstractQueuedSynchronizer$ConditionObject.awaitNanos(AbstractQueuedSynchronizer.java:2078)&#10;        at java.util.concurrent.LinkedBlockingQueue.poll(LinkedBlockingQueue.java:467)&#10;        at org.apache.hadoop.ipc.CallQueueManager.take(CallQueueManager.java:317)&#10;        at org.apache.hadoop.ipc.Server$Handler.run(Server.java:2932)&#10;&quot;Command processor thread&quot; daemon prio=5 tid=2619 timed_waiting&#10;java.lang.Thread.State: TIMED_WAITING&#10;        at java.lang.Thread.sleep(Native Method)&#10;        at org.apache.hadoop.ozone.container.common.statemachine.DatanodeStateMachine.lambda$initCommandHandlerThread$2(DatanodeStateMachine.java:574)&#10;        at org.apache.hadoop.ozone.container.common.statemachine.DatanodeStateMachine$$Lambda$893/554852437.run(Unknown Source)&#10;        at java.lang.Thread.run(Thread.java:748)&#10;&quot;Datanode ReportManager Thread - 2&quot; daemon prio=5 tid=1716 in Object.wait()&#10;java.lang.Thread.State: WAITING (on object monitor)&#10;        at sun.misc.Unsafe.park(Native Method)&#10;        at java.util.concurrent.locks.LockSupport.park(LockSupport.java:175)&#10;        at java.util.concurrent.locks.AbstractQueuedSynchronizer$ConditionObject.await(AbstractQueuedSynchronizer.java:2039)&#10;        at java.util.concurrent.ScheduledThreadPoolExecutor$DelayedWorkQueue.take(ScheduledThreadPoolExecutor.java:1088)&#10;        at java.util.concurrent.ScheduledThreadPoolExecutor$DelayedWorkQueue.take(ScheduledThreadPoolExecutor.java:809)&#10;        at java.util.concurrent.ThreadPoolExecutor.getTask(ThreadPoolExecutor.java:1074)&#10;        at java.util.concurrent.ThreadPoolExecutor.runWorker(ThreadPoolExecutor.java:1134)&#10;        at java.util.concurrent.ThreadPoolExecutor$Worker.run(ThreadPoolExecutor.java:624)&#10;        at java.lang.Thread.run(Thread.java:748)&#10;&quot;qtp708676185-2634&quot; daemon prio=5 tid=2634 timed_waiting&#10;java.lang.Thread.State: TIMED_WAITING&#10;        at sun.misc.Unsafe.park(Native Method)&#10;        at java.util.concurrent.locks.LockSupport.parkNanos(LockSupport.java:215)&#10;        at java.util.concurrent.locks.AbstractQueuedSynchronizer$ConditionObject.awaitNanos(AbstractQueuedSynchronizer.java:2078)&#10;        at org.eclipse.jetty.util.BlockingArrayQueue.poll(BlockingArrayQueue.java:382)&#10;        at org.eclipse.jetty.util.thread.QueuedThreadPool$Runner.idleJobPoll(QueuedThreadPool.java:974)&#10;        at org.eclipse.jetty.util.thread.QueuedThreadPool$Runner.run(QueuedThreadPool.java:1018)&#10;        at java.lang.Thread.run(Thread.java:748)&#10;&quot;IPC Server handler 50 on default port 13034&quot; daemon prio=5 tid=2241 timed_waiting&#10;java.lang.Thread.State: TIMED_WAITING&#10;        at sun.misc.Unsafe.park(Native Method)&#10;        at java.util.concurrent.locks.LockSupport.parkNanos(LockSupport.java:215)&#10;        at java.util.concurrent.locks.AbstractQueuedSynchronizer$ConditionObject.awaitNanos(AbstractQueuedSynchronizer.java:2078)&#10;        at java.util.concurrent.LinkedBlockingQueue.poll(LinkedBlockingQueue.java:467)&#10;        at org.apache.hadoop.ipc.CallQueueManager.take(CallQueueManager.java:317)&#10;        at org.apache.hadoop.ipc.Server$Handler.run(Server.java:2932)&#10;&quot;IPC Server handler 56 on default port 13034&quot; daemon prio=5 tid=2247 timed_waiting&#10;java.lang.Thread.State: TIMED_WAITING&#10;        at sun.misc.Unsafe.park(Native Method)&#10;        at java.util.concurrent.locks.LockSupport.parkNanos(LockSupport.java:215)&#10;        at java.util.concurrent.locks.AbstractQueuedSynchronizer$ConditionObject.awaitNanos(AbstractQueuedSynchronizer.java:2078)&#10;        at java.util.concurrent.LinkedBlockingQueue.poll(LinkedBlockingQueue.java:467)&#10;        at org.apache.hadoop.ipc.CallQueueManager.take(CallQueueManager.java:317)&#10;        at org.apache.hadoop.ipc.Server$Handler.run(Server.java:2932)&#10;&quot;IPC Server idle connection scanner for port 13044&quot; daemon prio=5 tid=2430 timed_waiting&#10;java.lang.Thread.State: TIMED_WAITING&#10;        at java.lang.Object.wait(Native Method)&#10;        at java.util.TimerThread.mainLoop(Timer.java:552)&#10;        at java.util.TimerThread.run(Timer.java:505)&#10;&quot;7e7f778f-92a3-4c6a-870c-2544e6325884@group-1FC4E3DC1381-LeaderStateImpl&quot; daemon prio=5 tid=2884 timed_waiting&#10;java.lang.Thread.State: TIMED_WAITING&#10;        at sun.misc.Unsafe.park(Native Method)&#10;        at java.util.concurrent.locks.LockSupport.parkNanos(LockSupport.java:215)&#10;        at java.util.concurrent.locks.AbstractQueuedSynchronizer$ConditionObject.awaitNanos(AbstractQueuedSynchronizer.java:2078)&#10;        at java.util.concurrent.ArrayBlockingQueue.poll(ArrayBlockingQueue.java:418)&#10;        at org.apache.ratis.server.impl.LeaderStateImpl$EventQueue.poll(LeaderStateImpl.java:156)&#10;        at org.apache.ratis.server.impl.LeaderStateImpl$EventProcessor.run(LeaderStateImpl.java:600)&#10;&quot;IPC Server handler 44 on default port 13034&quot; daemon prio=5 tid=2235 timed_waiting&#10;java.lang.Thread.State: TIMED_WAITING&#10;        at sun.misc.Unsafe.park(Native Method)&#10;        at java.util.concurrent.locks.LockSupport.parkNanos(LockSupport.java:215)&#10;        at java.util.concurrent.locks.AbstractQueuedSynchronizer$ConditionObject.awaitNanos(AbstractQueuedSynchronizer.java:2078)&#10;        at java.util.concurrent.LinkedBlockingQueue.poll(LinkedBlockingQueue.java:467)&#10;        at org.apache.hadoop.ipc.CallQueueManager.take(CallQueueManager.java:317)&#10;        at org.apache.hadoop.ipc.Server$Handler.run(Server.java:2932)&#10;&quot;IPC Server handler 12 on default port 11132&quot; daemon prio=5 tid=2588 timed_waiting&#10;java.lang.Thread.State: TIMED_WAITING&#10;        at sun.misc.Unsafe.park(Native Method)&#10;        at java.util.concurrent.locks.LockSupport.parkNanos(LockSupport.java:215)&#10;        at java.util.concurrent.locks.AbstractQueuedSynchronizer$ConditionObject.awaitNanos(AbstractQueuedSynchronizer.java:2078)&#10;        at java.util.concurrent.LinkedBlockingQueue.poll(LinkedBlockingQueue.java:467)&#10;        at org.apache.hadoop.ipc.CallQueueManager.take(CallQueueManager.java:317)&#10;        at org.apache.hadoop.ipc.Server$Handler.run(Server.java:2932)&#10;&quot;EventQueue-NodeRegistrationContainerReportForDataNodeSafeModeRule&quot; daemon prio=5 tid=2412 in Object.wait()&#10;java.lang.Thread.State: WAITING (on object monitor)&#10;        at sun.misc.Unsafe.park(Native Method)&#10;        at java.util.concurrent.locks.LockSupport.park(LockSupport.java:175)&#10;        at java.util.concurrent.locks.AbstractQueuedSynchronizer$ConditionObject.await(AbstractQueuedSynchronizer.java:2039)&#10;        at java.util.concurrent.LinkedBlockingQueue.take(LinkedBlockingQueue.java:442)&#10;        at java.util.concurrent.ThreadPoolExecutor.getTask(ThreadPoolExecutor.java:1074)&#10;        at java.util.concurrent.ThreadPoolExecutor.runWorker(ThreadPoolExecutor.java:1134)&#10;        at java.util.concurrent.ThreadPoolExecutor$Worker.run(ThreadPoolExecutor.java:624)&#10;        at java.lang.Thread.run(Thread.java:748)&#10;&quot;IPC Server handler 45 on default port 13035&quot; daemon prio=5 tid=2136 timed_waiting&#10;java.lang.Thread.State: TIMED_WAITING&#10;        at sun.misc.Unsafe.park(Native Method)&#10;        at java.util.concurrent.locks.LockSupport.parkNanos(LockSupport.java:215)&#10;        at java.util.concurrent.locks.AbstractQueuedSynchronizer$ConditionObject.awaitNanos(AbstractQueuedSynchronizer.java:2078)&#10;        at java.util.concurrent.LinkedBlockingQueue.poll(LinkedBlockingQueue.java:467)&#10;        at org.apache.hadoop.ipc.CallQueueManager.take(CallQueueManager.java:317)&#10;        at org.apache.hadoop.ipc.Server$Handler.run(Server.java:2932)&#10;&quot;IPC Server handler 10 on default port 13045&quot; daemon prio=5 tid=2487 timed_waiting&#10;java.lang.Thread.State: TIMED_WAITING&#10;        at sun.misc.Unsafe.park(Native Method)&#10;        at java.util.concurrent.locks.LockSupport.parkNanos(LockSupport.java:215)&#10;        at java.util.concurrent.locks.AbstractQueuedSynchronizer$ConditionObject.awaitNanos(AbstractQueuedSynchronizer.java:2078)&#10;        at java.util.concurrent.LinkedBlockingQueue.poll(LinkedBlockingQueue.java:467)&#10;        at org.apache.hadoop.ipc.CallQueueManager.take(CallQueueManager.java:317)&#10;        at org.apache.hadoop.ipc.Server$Handler.run(Server.java:2932)&#10;&quot;IPC Server handler 40 on default port 13034&quot; daemon prio=5 tid=2231 timed_waiting&#10;java.lang.Thread.State: TIMED_WAITING&#10;        at sun.misc.Unsafe.park(Native Method)&#10;        at java.util.concurrent.locks.LockSupport.parkNanos(LockSupport.java:215)&#10;        at java.util.concurrent.locks.AbstractQueuedSynchronizer$ConditionObject.awaitNanos(AbstractQueuedSynchronizer.java:2078)&#10;        at java.util.concurrent.LinkedBlockingQueue.poll(LinkedBlockingQueue.java:467)&#10;        at org.apache.hadoop.ipc.CallQueueManager.take(CallQueueManager.java:317)&#10;        at org.apache.hadoop.ipc.Server$Handler.run(Server.java:2932)&#10;&quot;IPC Server handler 32 on default port 13033&quot; daemon prio=5 tid=2342 timed_waiting&#10;java.lang.Thread.State: TIMED_WAITING&#10;        at sun.misc.Unsafe.park(Native Method)&#10;        at java.util.concurrent.locks.LockSupport.parkNanos(LockSupport.java:215)&#10;        at java.util.concurrent.locks.AbstractQueuedSynchronizer$ConditionObject.awaitNanos(AbstractQueuedSynchronizer.java:2078)&#10;        at java.util.concurrent.LinkedBlockingQueue.poll(LinkedBlockingQueue.java:467)&#10;        at org.apache.hadoop.ipc.CallQueueManager.take(CallQueueManager.java:317)&#10;        at org.apache.hadoop.ipc.Server$Handler.run(Server.java:2932)&#10;&quot;EventQueue-NodeReportForNodeReportHandler&quot; daemon prio=5 tid=2972 in Object.wait()&#10;java.lang.Thread.State: WAITING (on object monitor)&#10;        at sun.misc.Unsafe.park(Native Method)&#10;        at java.util.concurrent.locks.LockSupport.park(LockSupport.java:175)&#10;        at java.util.concurrent.locks.AbstractQueuedSynchronizer$ConditionObject.await(AbstractQueuedSynchronizer.java:2039)&#10;        at java.util.concurrent.LinkedBlockingQueue.take(LinkedBlockingQueue.java:442)&#10;        at java.util.concurrent.ThreadPoolExecutor.getTask(ThreadPoolExecutor.java:1074)&#10;        at java.util.concurrent.ThreadPoolExecutor.runWorker(ThreadPoolExecutor.java:1134)&#10;        at java.util.concurrent.ThreadPoolExecutor$Worker.run(ThreadPoolExecutor.java:624)&#10;        at java.lang.Thread.run(Thread.java:748)&#10;&quot;IPC Server handler 14 on default port 13045&quot; daemon prio=5 tid=2491 timed_waiting&#10;java.lang.Thread.State: TIMED_WAITING&#10;        at sun.misc.Unsafe.park(Native Method)&#10;        at java.util.concurrent.locks.LockSupport.parkNanos(LockSupport.java:215)&#10;        at java.util.concurrent.locks.AbstractQueuedSynchronizer$ConditionObject.awaitNanos(AbstractQueuedSynchronizer.java:2078)&#10;        at java.util.concurrent.LinkedBlockingQueue.poll(LinkedBlockingQueue.java:467)&#10;        at org.apache.hadoop.ipc.CallQueueManager.take(CallQueueManager.java:317)&#10;        at org.apache.hadoop.ipc.Server$Handler.run(Server.java:2932)&#10;&quot;IPC Server handler 87 on default port 13035&quot; daemon prio=5 tid=2178 timed_waiting&#10;java.lang.Thread.State: TIMED_WAITING&#10;        at sun.misc.Unsafe.park(Native Method)&#10;        at java.util.concurrent.locks.LockSupport.parkNanos(LockSupport.java:215)&#10;        at java.util.concurrent.locks.AbstractQueuedSynchronizer$ConditionObject.awaitNanos(AbstractQueuedSynchronizer.java:2078)&#10;        at java.util.concurrent.LinkedBlockingQueue.poll(LinkedBlockingQueue.java:467)&#10;        at org.apache.hadoop.ipc.CallQueueManager.take(CallQueueManager.java:317)&#10;        at org.apache.hadoop.ipc.Server$Handler.run(Server.java:2932)&#10;&quot;IPC Server handler 83 on default port 13033&quot; daemon prio=5 tid=2393 timed_waiting&#10;java.lang.Thread.State: TIMED_WAITING&#10;        at sun.misc.Unsafe.park(Native Method)&#10;        at java.util.concurrent.locks.LockSupport.parkNanos(LockSupport.java:215)&#10;        at java.util.concurrent.locks.AbstractQueuedSynchronizer$ConditionObject.awaitNanos(AbstractQueuedSynchronizer.java:2078)&#10;        at java.util.concurrent.LinkedBlockingQueue.poll(LinkedBlockingQueue.java:467)&#10;        at org.apache.hadoop.ipc.CallQueueManager.take(CallQueueManager.java:317)&#10;        at org.apache.hadoop.ipc.Server$Handler.run(Server.java:2932)&#10;&quot;IPC Server handler 37 on default port 13034&quot; daemon prio=5 tid=2228 timed_waiting&#10;java.lang.Thread.State: TIMED_WAITING&#10;        at sun.misc.Unsafe.park(Native Method)&#10;        at java.util.concurrent.locks.LockSupport.parkNanos(LockSupport.java:215)&#10;        at java.util.concurrent.locks.AbstractQueuedSynchronizer$ConditionObject.awaitNanos(AbstractQueuedSynchronizer.java:2078)&#10;        at java.util.concurrent.LinkedBlockingQueue.poll(LinkedBlockingQueue.java:467)&#10;        at org.apache.hadoop.ipc.CallQueueManager.take(CallQueueManager.java:317)&#10;        at org.apache.hadoop.ipc.Server$Handler.run(Server.java:2932)&#10;&quot;IPC Server handler 66 on default port 13033&quot; daemon prio=5 tid=2376 timed_waiting&#10;java.lang.Thread.State: TIMED_WAITING&#10;        at sun.misc.Unsafe.park(Native Method)&#10;        at java.util.concurrent.locks.LockSupport.parkNanos(LockSupport.java:215)&#10;        at java.util.concurrent.locks.AbstractQueuedSynchronizer$ConditionObject.awaitNanos(AbstractQueuedSynchronizer.java:2078)&#10;        at java.util.concurrent.LinkedBlockingQueue.poll(LinkedBlockingQueue.java:467)&#10;        at org.apache.hadoop.ipc.CallQueueManager.take(CallQueueManager.java:317)&#10;        at org.apache.hadoop.ipc.Server$Handler.run(Server.java:2932)&#10;&quot;IPC Server handler 18 on default port 13033&quot; daemon prio=5 tid=2328 timed_waiting&#10;java.lang.Thread.State: TIMED_WAITING&#10;        at sun.misc.Unsafe.park(Native Method)&#10;        at java.util.concurrent.locks.LockSupport.parkNanos(LockSupport.java:215)&#10;        at java.util.concurrent.locks.AbstractQueuedSynchronizer$ConditionObject.awaitNanos(AbstractQueuedSynchronizer.java:2078)&#10;        at java.util.concurrent.LinkedBlockingQueue.poll(LinkedBlockingQueue.java:467)&#10;        at org.apache.hadoop.ipc.CallQueueManager.take(CallQueueManager.java:317)&#10;        at org.apache.hadoop.ipc.Server$Handler.run(Server.java:2932)&#10;&quot;EndpointStateMachine task thread for /127.0.0.1:13023 - 0 &quot;  prio=5 tid=627 in Object.wait()&#10;java.lang.Thread.State: WAITING (on object monitor)&#10;        at sun.misc.Unsafe.park(Native Method)&#10;        at java.util.concurrent.locks.LockSupport.park(LockSupport.java:175)&#10;        at java.util.concurrent.locks.AbstractQueuedSynchronizer$ConditionObject.await(AbstractQueuedSynchronizer.java:2039)&#10;        at java.util.concurrent.LinkedBlockingQueue.take(LinkedBlockingQueue.java:442)&#10;        at java.util.concurrent.ThreadPoolExecutor.getTask(ThreadPoolExecutor.java:1074)&#10;        at java.util.concurrent.ThreadPoolExecutor.runWorker(ThreadPoolExecutor.java:1134)&#10;        at java.util.concurrent.ThreadPoolExecutor$Worker.run(ThreadPoolExecutor.java:624)&#10;        at java.lang.Thread.run(Thread.java:748)&#10;&quot;IPC Server idle connection scanner for port 13054&quot; daemon prio=5 tid=2543 in Object.wait()&#10;java.lang.Thread.State: WAITING (on object monitor)&#10;        at java.lang.Object.wait(Native Method)&#10;        at java.lang.Object.wait(Object.java:502)&#10;        at java.util.TimerThread.mainLoop(Timer.java:526)&#10;        at java.util.TimerThread.run(Timer.java:505)&#10;&quot;6dac361e-3d50-41be-ba36-b7bec097cbe9@group-390751046F7B-&gt;13676ba2-e17b-4a8f-9926-6ead84168abe-GrpcLogAppender-LogAppenderDaemon&quot; daemon prio=5 tid=2438 timed_waiting&#10;java.lang.Thread.State: TIMED_WAITING&#10;        at java.lang.Object.wait(Native Method)&#10;        at org.apache.ratis.grpc.server.GrpcLogAppender.mayWait(GrpcLogAppender.java:175)&#10;        at org.apache.ratis.grpc.server.GrpcLogAppender.run(GrpcLogAppender.java:127)&#10;        at org.apache.ratis.server.leader.LogAppenderDaemon.run(LogAppenderDaemon.java:77)&#10;        at org.apache.ratis.server.leader.LogAppenderDaemon$$Lambda$739/1789928744.run(Unknown Source)&#10;        at java.lang.Thread.run(Thread.java:748)&#10;&quot;IPC Server handler 3 on default port 11132&quot; daemon prio=5 tid=2579 timed_waiting&#10;java.lang.Thread.State: TIMED_WAITING&#10;        at sun.misc.Unsafe.park(Native Method)&#10;        at java.util.concurrent.locks.LockSupport.parkNanos(LockSupport.java:215)&#10;        at java.util.concurrent.locks.AbstractQueuedSynchronizer$ConditionObject.awaitNanos(AbstractQueuedSynchronizer.java:2078)&#10;        at java.util.concurrent.LinkedBlockingQueue.poll(LinkedBlockingQueue.java:467)&#10;        at org.apache.hadoop.ipc.CallQueueManager.take(CallQueueManager.java:317)&#10;        at org.apache.hadoop.ipc.Server$Handler.run(Server.java:2932)&#10;&quot;IPC Server handler 47 on default port 13033&quot; daemon prio=5 tid=2357 timed_waiting&#10;java.lang.Thread.State: TIMED_WAITING&#10;        at sun.misc.Unsafe.park(Native Method)&#10;        at java.util.concurrent.locks.LockSupport.parkNanos(LockSupport.java:215)&#10;        at java.util.concurrent.locks.AbstractQueuedSynchronizer$ConditionObject.awaitNanos(AbstractQueuedSynchronizer.java:2078)&#10;        at java.util.concurrent.LinkedBlockingQueue.poll(LinkedBlockingQueue.java:467)&#10;        at org.apache.hadoop.ipc.CallQueueManager.take(CallQueueManager.java:317)&#10;        at org.apache.hadoop.ipc.Server$Handler.run(Server.java:2932)&#10;&quot;IPC Server handler 65 on default port 13033&quot; daemon prio=5 tid=2375 timed_waiting&#10;java.lang.Thread.State: TIMED_WAITING&#10;        at sun.misc.Unsafe.park(Native Method)&#10;        at java.util.concurrent.locks.LockSupport.parkNanos(LockSupport.java:215)&#10;        at java.util.concurrent.locks.AbstractQueuedSynchronizer$ConditionObject.awaitNanos(AbstractQueuedSynchronizer.java:2078)&#10;        at java.util.concurrent.LinkedBlockingQueue.poll(LinkedBlockingQueue.java:467)&#10;        at org.apache.hadoop.ipc.CallQueueManager.take(CallQueueManager.java:317)&#10;        at org.apache.hadoop.ipc.Server$Handler.run(Server.java:2932)&#10;&quot;IPC Server handler 27 on default port 13033&quot; daemon prio=5 tid=2337 timed_waiting&#10;java.lang.Thread.State: TIMED_WAITING&#10;        at sun.misc.Unsafe.park(Native Method)&#10;        at java.util.concurrent.locks.LockSupport.parkNanos(LockSupport.java:215)&#10;        at java.util.concurrent.locks.AbstractQueuedSynchronizer$ConditionObject.awaitNanos(AbstractQueuedSynchronizer.java:2078)&#10;        at java.util.concurrent.LinkedBlockingQueue.poll(LinkedBlockingQueue.java:467)&#10;        at org.apache.hadoop.ipc.CallQueueManager.take(CallQueueManager.java:317)&#10;        at org.apache.hadoop.ipc.Server$Handler.run(Server.java:2932)&#10;&quot;EndpointStateMachine task thread for /127.0.0.1:12199 - 0 &quot;  prio=5 tid=1783 timed_waiting&#10;java.lang.Thread.State: TIMED_WAITING&#10;        at java.lang.Thread.sleep(Native Method)&#10;        at org.apache.hadoop.ipc.Client$Connection.handleConnectionFailure(Client.java:972)&#10;        at org.apache.hadoop.ipc.Client$Connection.setupConnection(Client.java:724)&#10;        at org.apache.hadoop.ipc.Client$Connection.setupIOstreams(Client.java:822)&#10;        at org.apache.hadoop.ipc.Client$Connection.access$3800(Client.java:414)&#10;        at org.apache.hadoop.ipc.Client.getConnection(Client.java:1647)&#10;        at org.apache.hadoop.ipc.Client.call(Client.java:1463)&#10;        at org.apache.hadoop.ipc.Client.call(Client.java:1416)&#10;        at org.apache.hadoop.ipc.ProtobufRpcEngine$Invoker.invoke(ProtobufRpcEngine.java:236)&#10;        at org.apache.hadoop.ipc.ProtobufRpcEngine$Invoker.invoke(ProtobufRpcEngine.java:123)&#10;        at com.sun.proxy.$Proxy48.submitRequest(Unknown Source)&#10;        at org.apache.hadoop.ozone.protocolPB.StorageContainerDatanodeProtocolClientSideTranslatorPB.submitRequest(StorageContainerDatanodeProtocolClientSideTranslatorPB.java:117)&#10;        at org.apache.hadoop.ozone.protocolPB.StorageContainerDatanodeProtocolClientSideTranslatorPB.sendHeartbeat(StorageContainerDatanodeProtocolClientSideTranslatorPB.java:149)&#10;        at org.apache.hadoop.ozone.container.common.states.endpoint.HeartbeatEndpointTask.call(HeartbeatEndpointTask.java:179)&#10;        at org.apache.hadoop.ozone.container.common.states.endpoint.HeartbeatEndpointTask.call(HeartbeatEndpointTask.java:82)&#10;        at java.util.concurrent.FutureTask.run(FutureTask.java:266)&#10;        at java.util.concurrent.ThreadPoolExecutor.runWorker(ThreadPoolExecutor.java:1149)&#10;        at java.util.concurrent.ThreadPoolExecutor$Worker.run(ThreadPoolExecutor.java:624)&#10;        at java.lang.Thread.run(Thread.java:748)&#10;&quot;IPC Server handler 98 on default port 13034&quot; daemon prio=5 tid=2289 timed_waiting&#10;java.lang.Thread.State: TIMED_WAITING&#10;        at sun.misc.Unsafe.park(Native Method)&#10;        at java.util.concurrent.locks.LockSupport.parkNanos(LockSupport.java:215)&#10;        at java.util.concurrent.locks.AbstractQueuedSynchronizer$ConditionObject.awaitNanos(AbstractQueuedSynchronizer.java:2078)&#10;        at java.util.concurrent.LinkedBlockingQueue.poll(LinkedBlockingQueue.java:467)&#10;        at org.apache.hadoop.ipc.CallQueueManager.take(CallQueueManager.java:317)&#10;        at org.apache.hadoop.ipc.Server$Handler.run(Server.java:2932)&#10;&quot;IPC Server handler 5 on default port 13043&quot; daemon prio=5 tid=2460 timed_waiting&#10;java.lang.Thread.State: TIMED_WAITING&#10;        at sun.misc.Unsafe.park(Native Method)&#10;        at java.util.concurrent.locks.LockSupport.parkNanos(LockSupport.java:215)&#10;        at java.util.concurrent.locks.AbstractQueuedSynchronizer$ConditionObject.awaitNanos(AbstractQueuedSynchronizer.java:2078)&#10;        at java.util.concurrent.LinkedBlockingQueue.poll(LinkedBlockingQueue.java:467)&#10;        at org.apache.hadoop.ipc.CallQueueManager.take(CallQueueManager.java:317)&#10;        at org.apache.hadoop.ipc.Server$Handler.run(Server.java:2932)&#10;&quot;IPC Server handler 36 on default port 13034&quot; daemon prio=5 tid=2227 timed_waiting&#10;java.lang.Thread.State: TIMED_WAITING&#10;        at sun.misc.Unsafe.park(Native Method)&#10;        at java.util.concurrent.locks.LockSupport.parkNanos(LockSupport.java:215)&#10;        at java.util.concurrent.locks.AbstractQueuedSynchronizer$ConditionObject.awaitNanos(AbstractQueuedSynchronizer.java:2078)&#10;        at java.util.concurrent.LinkedBlockingQueue.poll(LinkedBlockingQueue.java:467)&#10;        at org.apache.hadoop.ipc.CallQueueManager.take(CallQueueManager.java:317)&#10;        at org.apache.hadoop.ipc.Server$Handler.run(Server.java:2932)&#10;&quot;IPC Server handler 41 on default port 13035&quot; daemon prio=5 tid=2132 timed_waiting&#10;java.lang.Thread.State: TIMED_WAITING&#10;        at sun.misc.Unsafe.park(Native Method)&#10;        at java.util.concurrent.locks.LockSupport.parkNanos(LockSupport.java:215)&#10;        at java.util.concurrent.locks.AbstractQueuedSynchronizer$ConditionObject.awaitNanos(AbstractQueuedSynchronizer.java:2078)&#10;        at java.util.concurrent.LinkedBlockingQueue.poll(LinkedBlockingQueue.java:467)&#10;        at org.apache.hadoop.ipc.CallQueueManager.take(CallQueueManager.java:317)&#10;        at org.apache.hadoop.ipc.Server$Handler.run(Server.java:2932)&#10;&quot;qtp1667630446-2659&quot; daemon prio=5 tid=2659 timed_waiting&#10;java.lang.Thread.State: TIMED_WAITING&#10;        at sun.misc.Unsafe.park(Native Method)&#10;        at java.util.concurrent.locks.LockSupport.parkNanos(LockSupport.java:215)&#10;        at java.util.concurrent.locks.AbstractQueuedSynchronizer$ConditionObject.awaitNanos(AbstractQueuedSynchronizer.java:2078)&#10;        at org.eclipse.jetty.util.BlockingArrayQueue.poll(BlockingArrayQueue.java:382)&#10;        at org.eclipse.jetty.util.thread.QueuedThreadPool$Runner.idleJobPoll(QueuedThreadPool.java:974)&#10;        at org.eclipse.jetty.util.thread.QueuedThreadPool$Runner.run(QueuedThreadPool.java:1018)&#10;        at java.lang.Thread.run(Thread.java:748)&#10;&quot;IPC Server handler 49 on default port 13033&quot; daemon prio=5 tid=2359 timed_waiting&#10;java.lang.Thread.State: TIMED_WAITING&#10;        at sun.misc.Unsafe.park(Native Method)&#10;        at java.util.concurrent.locks.LockSupport.parkNanos(LockSupport.java:215)&#10;        at java.util.concurrent.locks.AbstractQueuedSynchronizer$ConditionObject.awaitNanos(AbstractQueuedSynchronizer.java:2078)&#10;        at java.util.concurrent.LinkedBlockingQueue.poll(LinkedBlockingQueue.java:467)&#10;        at org.apache.hadoop.ipc.CallQueueManager.take(CallQueueManager.java:317)&#10;        at org.apache.hadoop.ipc.Server$Handler.run(Server.java:2932)&#10;&quot;RatisPipelineUtilsThread - 0&quot;  prio=5 tid=2421 timed_waiting&#10;java.lang.Thread.State: TIMED_WAITING&#10;        at java.lang.Object.wait(Native Method)&#10;        at org.apache.hadoop.hdds.scm.pipeline.BackgroundPipelineCreator.run(BackgroundPipelineCreator.java:183)&#10;        at org.apache.hadoop.hdds.scm.pipeline.BackgroundPipelineCreator$$Lambda$642/140163428.run(Unknown Source)&#10;        at java.lang.Thread.run(Thread.java:748)&#10;&quot;IPC Server handler 76 on default port 13035&quot; daemon prio=5 tid=2167 timed_waiting&#10;java.lang.Thread.State: TIMED_WAITING&#10;        at sun.misc.Unsafe.park(Native Method)&#10;        at java.util.concurrent.locks.LockSupport.parkNanos(LockSupport.java:215)&#10;        at java.util.concurrent.locks.AbstractQueuedSynchronizer$ConditionObject.awaitNanos(AbstractQueuedSynchronizer.java:2078)&#10;        at java.util.concurrent.LinkedBlockingQueue.poll(LinkedBlockingQueue.java:467)&#10;        at org.apache.hadoop.ipc.CallQueueManager.take(CallQueueManager.java:317)&#10;        at org.apache.hadoop.ipc.Server$Handler.run(Server.java:2932)&#10;&quot;Datanode ReportManager Thread - 3&quot; daemon prio=5 tid=1717 in Object.wait()&#10;java.lang.Thread.State: WAITING (on object monitor)&#10;        at sun.misc.Unsafe.park(Native Method)&#10;        at java.util.concurrent.locks.LockSupport.park(LockSupport.java:175)&#10;        at java.util.concurrent.locks.AbstractQueuedSynchronizer$ConditionObject.await(AbstractQueuedSynchronizer.java:2039)&#10;        at java.util.concurrent.ScheduledThreadPoolExecutor$DelayedWorkQueue.take(ScheduledThreadPoolExecutor.java:1088)&#10;        at java.util.concurrent.ScheduledThreadPoolExecutor$DelayedWorkQueue.take(ScheduledThreadPoolExecutor.java:809)&#10;        at java.util.concurrent.ThreadPoolExecutor.getTask(ThreadPoolExecutor.java:1074)&#10;        at java.util.concurrent.ThreadPoolExecutor.runWorker(ThreadPoolExecutor.java:1134)&#10;        at java.util.concurrent.ThreadPoolExecutor$Worker.run(ThreadPoolExecutor.java:624)&#10;        at java.lang.Thread.run(Thread.java:748)&#10;&quot;IPC Server handler 96 on default port 13033&quot; daemon prio=5 tid=2406 timed_waiting&#10;java.lang.Thread.State: TIMED_WAITING&#10;        at sun.misc.Unsafe.park(Native Method)&#10;        at java.util.concurrent.locks.LockSupport.parkNanos(LockSupport.java:215)&#10;        at java.util.concurrent.locks.AbstractQueuedSynchronizer$ConditionObject.awaitNanos(AbstractQueuedSynchronizer.java:2078)&#10;        at java.util.concurrent.LinkedBlockingQueue.poll(LinkedBlockingQueue.java:467)&#10;        at org.apache.hadoop.ipc.CallQueueManager.take(CallQueueManager.java:317)&#10;        at org.apache.hadoop.ipc.Server$Handler.run(Server.java:2932)&#10;&quot;d262ff89-3d5e-4ab4-981f-dc8616a3cc4b@group-A37BCEEDED0F-StateMachineUpdater&quot; daemon prio=5 tid=2765 in Object.wait()&#10;java.lang.Thread.State: WAITING (on object monitor)&#10;        at java.lang.Object.wait(Native Method)&#10;        at java.lang.Object.wait(Object.java:502)&#10;        at org.apache.ratis.server.impl.StateMachineUpdater.waitForCommit(StateMachineUpdater.java:204)&#10;        at org.apache.ratis.server.impl.StateMachineUpdater.run(StateMachineUpdater.java:173)&#10;        at java.lang.Thread.run(Thread.java:748)&#10;&quot;IPC Server handler 3 on default port 13045&quot; daemon prio=5 tid=2480 timed_waiting&#10;java.lang.Thread.State: TIMED_WAITING&#10;        at sun.misc.Unsafe.park(Native Method)&#10;        at java.util.concurrent.locks.LockSupport.parkNanos(LockSupport.java:215)&#10;        at java.util.concurrent.locks.AbstractQueuedSynchronizer$ConditionObject.awaitNanos(AbstractQueuedSynchronizer.java:2078)&#10;        at java.util.concurrent.LinkedBlockingQueue.poll(LinkedBlockingQueue.java:467)&#10;        at org.apache.hadoop.ipc.CallQueueManager.take(CallQueueManager.java:317)&#10;        at org.apache.hadoop.ipc.Server$Handler.run(Server.java:2932)&#10;&quot;Socket Reader #1 for port 13034&quot;  prio=5 tid=2079 runnable&#10;java.lang.Thread.State: RUNNABLE&#10;        at sun.nio.ch.EPollArrayWrapper.epollWait(Native Method)&#10;        at sun.nio.ch.EPollArrayWrapper.poll(EPollArrayWrapper.java:269)&#10;        at sun.nio.ch.EPollSelectorImpl.doSelect(EPollSelectorImpl.java:93)&#10;        at sun.nio.ch.SelectorImpl.lockAndDoSelect(SelectorImpl.java:86)&#10;        at sun.nio.ch.SelectorImpl.select(SelectorImpl.java:97)&#10;        at sun.nio.ch.SelectorImpl.select(SelectorImpl.java:101)&#10;        at org.apache.hadoop.ipc.Server$Listener$Reader.doRunLoop(Server.java:1288)&#10;        at org.apache.hadoop.ipc.Server$Listener$Reader.run(Server.java:1267)&#10;&quot;IPC Server handler 54 on default port 13035&quot; daemon prio=5 tid=2145 timed_waiting&#10;java.lang.Thread.State: TIMED_WAITING&#10;        at sun.misc.Unsafe.park(Native Method)&#10;        at java.util.concurrent.locks.LockSupport.parkNanos(LockSupport.java:215)&#10;        at java.util.concurrent.locks.AbstractQueuedSynchronizer$ConditionObject.awaitNanos(AbstractQueuedSynchronizer.java:2078)&#10;        at java.util.concurrent.LinkedBlockingQueue.poll(LinkedBlockingQueue.java:467)&#10;        at org.apache.hadoop.ipc.CallQueueManager.take(CallQueueManager.java:317)&#10;        at org.apache.hadoop.ipc.Server$Handler.run(Server.java:2932)&#10;&quot;IPC Server handler 76 on default port 13034&quot; daemon prio=5 tid=2267 timed_waiting&#10;java.lang.Thread.State: TIMED_WAITING&#10;        at sun.misc.Unsafe.park(Native Method)&#10;        at java.util.concurrent.locks.LockSupport.parkNanos(LockSupport.java:215)&#10;        at java.util.concurrent.locks.AbstractQueuedSynchronizer$ConditionObject.awaitNanos(AbstractQueuedSynchronizer.java:2078)&#10;        at java.util.concurrent.LinkedBlockingQueue.poll(LinkedBlockingQueue.java:467)&#10;        at org.apache.hadoop.ipc.CallQueueManager.take(CallQueueManager.java:317)&#10;        at org.apache.hadoop.ipc.Server$Handler.run(Server.java:2932)&#10;&quot;IPC Server handler 52 on default port 13034&quot; daemon prio=5 tid=2243 timed_waiting&#10;java.lang.Thread.State: TIMED_WAITING&#10;        at sun.misc.Unsafe.park(Native Method)&#10;        at java.util.concurrent.locks.LockSupport.parkNanos(LockSupport.java:215)&#10;        at java.util.concurrent.locks.AbstractQueuedSynchronizer$ConditionObject.awaitNanos(AbstractQueuedSynchronizer.java:2078)&#10;        at java.util.concurrent.LinkedBlockingQueue.poll(LinkedBlockingQueue.java:467)&#10;        at org.apache.hadoop.ipc.CallQueueManager.take(CallQueueManager.java:317)&#10;        at org.apache.hadoop.ipc.Server$Handler.run(Server.java:2932)&#10;&quot;RatisPipelineUtilsThread - 0&quot;  prio=5 tid=2071 timed_waiting&#10;java.lang.Thread.State: TIMED_WAITING&#10;        at java.lang.Object.wait(Native Method)&#10;        at org.apache.hadoop.hdds.scm.pipeline.BackgroundPipelineCreator.run(BackgroundPipelineCreator.java:183)&#10;        at org.apache.hadoop.hdds.scm.pipeline.BackgroundPipelineCreator$$Lambda$642/140163428.run(Unknown Source)&#10;        at java.lang.Thread.run(Thread.java:748)&#10;&quot;IPC Server handler 46 on default port 13034&quot; daemon prio=5 tid=2237 timed_waiting&#10;java.lang.Thread.State: TIMED_WAITING&#10;        at sun.misc.Unsafe.park(Native Method)&#10;        at java.util.concurrent.locks.LockSupport.parkNanos(LockSupport.java:215)&#10;        at java.util.concurrent.locks.AbstractQueuedSynchronizer$ConditionObject.awaitNanos(AbstractQueuedSynchronizer.java:2078)&#10;        at java.util.concurrent.LinkedBlockingQueue.poll(LinkedBlockingQueue.java:467)&#10;        at org.apache.hadoop.ipc.CallQueueManager.take(CallQueueManager.java:317)&#10;        at org.apache.hadoop.ipc.Server$Handler.run(Server.java:2932)&#10;&quot;EndpointStateMachine task thread for /127.0.0.1:12189 - 0 &quot;  prio=5 tid=1784 timed_waiting&#10;java.lang.Thread.State: TIMED_WAITING&#10;        at java.lang.Thread.sleep(Native Method)&#10;        at org.apache.hadoop.ipc.Client$Connection.handleConnectionFailure(Client.java:972)&#10;        at org.apache.hadoop.ipc.Client$Connection.setupConnection(Client.java:724)&#10;        at org.apache.hadoop.ipc.Client$Connection.setupIOstreams(Client.java:822)&#10;        at org.apache.hadoop.ipc.Client$Connection.access$3800(Client.java:414)&#10;        at org.apache.hadoop.ipc.Client.getConnection(Client.java:1647)&#10;        at org.apache.hadoop.ipc.Client.call(Client.java:1463)&#10;        at org.apache.hadoop.ipc.Client.call(Client.java:1416)&#10;        at org.apache.hadoop.ipc.ProtobufRpcEngine$Invoker.invoke(ProtobufRpcEngine.java:236)&#10;        at org.apache.hadoop.ipc.ProtobufRpcEngine$Invoker.invoke(ProtobufRpcEngine.java:123)&#10;        at com.sun.proxy.$Proxy48.submitRequest(Unknown Source)&#10;        at org.apache.hadoop.ozone.protocolPB.StorageContainerDatanodeProtocolClientSideTranslatorPB.submitRequest(StorageContainerDatanodeProtocolClientSideTranslatorPB.java:117)&#10;        at org.apache.hadoop.ozone.protocolPB.StorageContainerDatanodeProtocolClientSideTranslatorPB.sendHeartbeat(StorageContainerDatanodeProtocolClientSideTranslatorPB.java:149)&#10;        at org.apache.hadoop.ozone.container.common.states.endpoint.HeartbeatEndpointTask.call(HeartbeatEndpointTask.java:179)&#10;        at org.apache.hadoop.ozone.container.common.states.endpoint.HeartbeatEndpointTask.call(HeartbeatEndpointTask.java:82)&#10;        at java.util.concurrent.FutureTask.run(FutureTask.java:266)&#10;        at java.util.concurrent.ThreadPoolExecutor.runWorker(ThreadPoolExecutor.java:1149)&#10;        at java.util.concurrent.ThreadPoolExecutor$Worker.run(ThreadPoolExecutor.java:624)&#10;        at java.lang.Thread.run(Thread.java:748)&#10;&quot;EndpointStateMachine task thread for /127.0.0.1:12189 - 0 &quot;  prio=5 tid=1755 in Object.wait()&#10;java.lang.Thread.State: WAITING (on object monitor)&#10;        at sun.misc.Unsafe.park(Native Method)&#10;        at java.util.concurrent.locks.LockSupport.park(LockSupport.java:175)&#10;        at java.util.concurrent.locks.AbstractQueuedSynchronizer$ConditionObject.await(AbstractQueuedSynchronizer.java:2039)&#10;        at java.util.concurrent.LinkedBlockingQueue.take(LinkedBlockingQueue.java:442)&#10;        at java.util.concurrent.ThreadPoolExecutor.getTask(ThreadPoolExecutor.java:1074)&#10;        at java.util.concurrent.ThreadPoolExecutor.runWorker(ThreadPoolExecutor.java:1134)&#10;        at java.util.concurrent.ThreadPoolExecutor$Worker.run(ThreadPoolExecutor.java:624)&#10;        at java.lang.Thread.run(Thread.java:748)&#10;&quot;org.apache.hadoop.ozone.container.common.statemachine.commandhandler.DeleteBlocksCommandHandler$DeleteCmdWorker@233c4b40&quot; daemon prio=5 tid=2602 timed_waiting&#10;java.lang.Thread.State: TIMED_WAITING&#10;        at java.lang.Thread.sleep(Native Method)&#10;        at org.apache.hadoop.ozone.container.common.statemachine.commandhandler.DeleteBlocksCommandHandler$DeleteCmdWorker.run(DeleteBlocksCommandHandler.java:175)&#10;        at java.lang.Thread.run(Thread.java:748)&#10;&quot;IPC Server handler 91 on default port 13035&quot; daemon prio=5 tid=2182 timed_waiting&#10;java.lang.Thread.State: TIMED_WAITING&#10;        at sun.misc.Unsafe.park(Native Method)&#10;        at java.util.concurrent.locks.LockSupport.parkNanos(LockSupport.java:215)&#10;        at java.util.concurrent.locks.AbstractQueuedSynchronizer$ConditionObject.awaitNanos(AbstractQueuedSynchronizer.java:2078)&#10;        at java.util.concurrent.LinkedBlockingQueue.poll(LinkedBlockingQueue.java:467)&#10;        at org.apache.hadoop.ipc.CallQueueManager.take(CallQueueManager.java:317)&#10;        at org.apache.hadoop.ipc.Server$Handler.run(Server.java:2932)&#10;&quot;IPC Server handler 82 on default port 13034&quot; daemon prio=5 tid=2273 timed_waiting&#10;java.lang.Thread.State: TIMED_WAITING&#10;        at sun.misc.Unsafe.park(Native Method)&#10;        at java.util.concurrent.locks.LockSupport.parkNanos(LockSupport.java:215)&#10;        at java.util.concurrent.locks.AbstractQueuedSynchronizer$ConditionObject.awaitNanos(AbstractQueuedSynchronizer.java:2078)&#10;        at java.util.concurrent.LinkedBlockingQueue.poll(LinkedBlockingQueue.java:467)&#10;        at org.apache.hadoop.ipc.CallQueueManager.take(CallQueueManager.java:317)&#10;        at org.apache.hadoop.ipc.Server$Handler.run(Server.java:2932)&#10;&quot;EventQueue-ContainerReportForContainerReportHandler&quot; daemon prio=5 tid=2728 in Object.wait()&#10;java.lang.Thread.State: WAITING (on object monitor)&#10;        at sun.misc.Unsafe.park(Native Method)&#10;        at java.util.concurrent.locks.LockSupport.park(LockSupport.java:175)&#10;        at java.util.concurrent.locks.AbstractQueuedSynchronizer$ConditionObject.await(AbstractQueuedSynchronizer.java:2039)&#10;        at java.util.concurrent.LinkedBlockingQueue.take(LinkedBlockingQueue.java:442)&#10;        at java.util.concurrent.ThreadPoolExecutor.getTask(ThreadPoolExecutor.java:1074)&#10;        at java.util.concurrent.ThreadPoolExecutor.runWorker(ThreadPoolExecutor.java:1134)&#10;        at java.util.concurrent.ThreadPoolExecutor$Worker.run(ThreadPoolExecutor.java:624)&#10;        at java.lang.Thread.run(Thread.java:748)&#10;&quot;IPC Server handler 38 on default port 13034&quot; daemon prio=5 tid=2229 timed_waiting&#10;java.lang.Thread.State: TIMED_WAITING&#10;        at sun.misc.Unsafe.park(Native Method)&#10;        at java.util.concurrent.locks.LockSupport.parkNanos(LockSupport.java:215)&#10;        at java.util.concurrent.locks.AbstractQueuedSynchronizer$ConditionObject.awaitNanos(AbstractQueuedSynchronizer.java:2078)&#10;        at java.util.concurrent.LinkedBlockingQueue.poll(LinkedBlockingQueue.java:467)&#10;        at org.apache.hadoop.ipc.CallQueueManager.take(CallQueueManager.java:317)&#10;        at org.apache.hadoop.ipc.Server$Handler.run(Server.java:2932)&#10;&quot;Datanode ReportManager Thread - 2&quot; daemon prio=5 tid=590 in Object.wait()&#10;java.lang.Thread.State: WAITING (on object monitor)&#10;        at sun.misc.Unsafe.park(Native Method)&#10;        at java.util.concurrent.locks.LockSupport.park(LockSupport.java:175)&#10;        at java.util.concurrent.locks.AbstractQueuedSynchronizer$ConditionObject.await(AbstractQueuedSynchronizer.java:2039)&#10;        at java.util.concurrent.ScheduledThreadPoolExecutor$DelayedWorkQueue.take(ScheduledThreadPoolExecutor.java:1088)&#10;        at java.util.concurrent.ScheduledThreadPoolExecutor$DelayedWorkQueue.take(ScheduledThreadPoolExecutor.java:809)&#10;        at java.util.concurrent.ThreadPoolExecutor.getTask(ThreadPoolExecutor.java:1074)&#10;        at java.util.concurrent.ThreadPoolExecutor.runWorker(ThreadPoolExecutor.java:1134)&#10;        at java.util.concurrent.ThreadPoolExecutor$Worker.run(ThreadPoolExecutor.java:624)&#10;        at java.lang.Thread.run(Thread.java:748)&#10;&quot;qtp1029395488-2297&quot; daemon prio=5 tid=2297 timed_waiting&#10;java.lang.Thread.State: TIMED_WAITING&#10;        at sun.misc.Unsafe.park(Native Method)&#10;        at java.util.concurrent.locks.LockSupport.parkNanos(LockSupport.java:215)&#10;        at java.util.concurrent.locks.AbstractQueuedSynchronizer$ConditionObject.awaitNanos(AbstractQueuedSynchronizer.java:2078)&#10;        at org.eclipse.jetty.util.BlockingArrayQueue.poll(BlockingArrayQueue.java:382)&#10;        at org.eclipse.jetty.util.thread.QueuedThreadPool$Runner.idleJobPoll(QueuedThreadPool.java:974)&#10;        at org.eclipse.jetty.util.thread.QueuedThreadPool$Runner.run(QueuedThreadPool.java:1018)&#10;        at java.lang.Thread.run(Thread.java:748)&#10;&quot;IPC Server handler 95 on default port 13035&quot; daemon prio=5 tid=2186 timed_waiting&#10;java.lang.Thread.State: TIMED_WAITING&#10;        at sun.misc.Unsafe.park(Native Method)&#10;        at java.util.concurrent.locks.LockSupport.parkNanos(LockSupport.java:215)&#10;        at java.util.concurrent.locks.AbstractQueuedSynchronizer$ConditionObject.awaitNanos(AbstractQueuedSynchronizer.java:2078)&#10;        at java.util.concurrent.LinkedBlockingQueue.poll(LinkedBlockingQueue.java:467)&#10;        at org.apache.hadoop.ipc.CallQueueManager.take(CallQueueManager.java:317)&#10;        at org.apache.hadoop.ipc.Server$Handler.run(Server.java:2932)&#10;&quot;IPC Server handler 5 on default port 13044&quot; daemon prio=5 tid=2502 timed_waiting&#10;java.lang.Thread.State: TIMED_WAITING&#10;        at sun.misc.Unsafe.park(Native Method)&#10;        at java.util.concurrent.locks.LockSupport.parkNanos(LockSupport.java:215)&#10;        at java.util.concurrent.locks.AbstractQueuedSynchronizer$ConditionObject.awaitNanos(AbstractQueuedSynchronizer.java:2078)&#10;        at java.util.concurrent.LinkedBlockingQueue.poll(LinkedBlockingQueue.java:467)&#10;        at org.apache.hadoop.ipc.CallQueueManager.take(CallQueueManager.java:317)&#10;        at org.apache.hadoop.ipc.Server$Handler.run(Server.java:2932)&#10;&quot;IPC Server listener on 13035&quot; daemon prio=5 tid=2082 runnable&#10;java.lang.Thread.State: RUNNABLE&#10;        at sun.nio.ch.EPollArrayWrapper.epollWait(Native Method)&#10;        at sun.nio.ch.EPollArrayWrapper.poll(EPollArrayWrapper.java:269)&#10;        at sun.nio.ch.EPollSelectorImpl.doSelect(EPollSelectorImpl.java:93)&#10;        at sun.nio.ch.SelectorImpl.lockAndDoSelect(SelectorImpl.java:86)&#10;        at sun.nio.ch.SelectorImpl.select(SelectorImpl.java:97)&#10;        at sun.nio.ch.SelectorImpl.select(SelectorImpl.java:101)&#10;        at org.apache.hadoop.ipc.Server$Listener.run(Server.java:1350)&#10;&quot;IPC Server handler 7 on default port 11132&quot; daemon prio=5 tid=2583 timed_waiting&#10;java.lang.Thread.State: TIMED_WAITING&#10;        at sun.misc.Unsafe.park(Native Method)&#10;        at java.util.concurrent.locks.LockSupport.parkNanos(LockSupport.java:215)&#10;        at java.util.concurrent.locks.AbstractQueuedSynchronizer$ConditionObject.awaitNanos(AbstractQueuedSynchronizer.java:2078)&#10;        at java.util.concurrent.LinkedBlockingQueue.poll(LinkedBlockingQueue.java:467)&#10;        at org.apache.hadoop.ipc.CallQueueManager.take(CallQueueManager.java:317)&#10;        at org.apache.hadoop.ipc.Server$Handler.run(Server.java:2932)&#10;&quot;IPC Server handler 67 on default port 13033&quot; daemon prio=5 tid=2377 timed_waiting&#10;java.lang.Thread.State: TIMED_WAITING&#10;        at sun.misc.Unsafe.park(Native Method)&#10;        at java.util.concurrent.locks.LockSupport.parkNanos(LockSupport.java:215)&#10;        at java.util.concurrent.locks.AbstractQueuedSynchronizer$ConditionObject.awaitNanos(AbstractQueuedSynchronizer.java:2078)&#10;        at java.util.concurrent.LinkedBlockingQueue.poll(LinkedBlockingQueue.java:467)&#10;        at org.apache.hadoop.ipc.CallQueueManager.take(CallQueueManager.java:317)&#10;        at org.apache.hadoop.ipc.Server$Handler.run(Server.java:2932)&#10;&quot;IPC Server handler 5 on default port 13034&quot; daemon prio=5 tid=2196 timed_waiting&#10;java.lang.Thread.State: TIMED_WAITING&#10;        at sun.misc.Unsafe.park(Native Method)&#10;        at java.util.concurrent.locks.LockSupport.parkNanos(LockSupport.java:215)&#10;        at java.util.concurrent.locks.AbstractQueuedSynchronizer$ConditionObject.awaitNanos(AbstractQueuedSynchronizer.java:2078)&#10;        at java.util.concurrent.LinkedBlockingQueue.poll(LinkedBlockingQueue.java:467)&#10;        at org.apache.hadoop.ipc.CallQueueManager.take(CallQueueManager.java:317)&#10;        at org.apache.hadoop.ipc.Server$Handler.run(Server.java:2932)&#10;&quot;IPC Parameter Sending Thread #2&quot; daemon prio=5 tid=1108 timed_waiting&#10;java.lang.Thread.State: TIMED_WAITING&#10;        at sun.misc.Unsafe.park(Native Method)&#10;        at java.util.concurrent.locks.LockSupport.parkNanos(LockSupport.java:215)&#10;        at java.util.concurrent.SynchronousQueue$TransferStack.awaitFulfill(SynchronousQueue.java:460)&#10;        at java.util.concurrent.SynchronousQueue$TransferStack.transfer(SynchronousQueue.java:362)&#10;        at java.util.concurrent.SynchronousQueue.poll(SynchronousQueue.java:941)&#10;        at java.util.concurrent.ThreadPoolExecutor.getTask(ThreadPoolExecutor.java:1073)&#10;        at java.util.concurrent.ThreadPoolExecutor.runWorker(ThreadPoolExecutor.java:1134)&#10;        at java.util.concurrent.ThreadPoolExecutor$Worker.run(ThreadPoolExecutor.java:624)&#10;        at java.lang.Thread.run(Thread.java:748)&#10;&quot;IPC Server handler 2 on default port 13033&quot; daemon prio=5 tid=2312 timed_waiting&#10;java.lang.Thread.State: TIMED_WAITING&#10;        at sun.misc.Unsafe.park(Native Method)&#10;        at java.util.concurrent.locks.LockSupport.parkNanos(LockSupport.java:215)&#10;        at java.util.concurrent.locks.AbstractQueuedSynchronizer$ConditionObject.awaitNanos(AbstractQueuedSynchronizer.java:2078)&#10;        at java.util.concurrent.LinkedBlockingQueue.poll(LinkedBlockingQueue.java:467)&#10;        at org.apache.hadoop.ipc.CallQueueManager.take(CallQueueManager.java:317)&#10;        at org.apache.hadoop.ipc.Server$Handler.run(Server.java:2932)&#10;&quot;grpc-default-boss-ELG-6-1&quot; daemon prio=5 tid=2059 runnable&#10;java.lang.Thread.State: RUNNABLE&#10;        at org.apache.ratis.thirdparty.io.netty.channel.epoll.Native.epollWait(Native Method)&#10;        at org.apache.ratis.thirdparty.io.netty.channel.epoll.Native.epollWait(Native.java:177)&#10;        at org.apache.ratis.thirdparty.io.netty.channel.epoll.Native.epollWait(Native.java:170)&#10;        at org.apache.ratis.thirdparty.io.netty.channel.epoll.EpollEventLoop.epollWaitNoTimerChange(EpollEventLoop.java:290)&#10;        at org.apache.ratis.thirdparty.io.netty.channel.epoll.EpollEventLoop.run(EpollEventLoop.java:347)&#10;        at org.apache.ratis.thirdparty.io.netty.util.concurrent.SingleThreadEventExecutor$4.run(SingleThreadEventExecutor.java:989)&#10;        at org.apache.ratis.thirdparty.io.netty.util.internal.ThreadExecutorMap$2.run(ThreadExecutorMap.java:74)&#10;        at org.apache.ratis.thirdparty.io.netty.util.concurrent.FastThreadLocalRunnable.run(FastThreadLocalRunnable.java:30)&#10;        at java.lang.Thread.run(Thread.java:748)&#10;&quot;IPC Server handler 26 on default port 13034&quot; daemon prio=5 tid=2217 timed_waiting&#10;java.lang.Thread.State: TIMED_WAITING&#10;        at sun.misc.Unsafe.park(Native Method)&#10;        at java.util.concurrent.locks.LockSupport.parkNanos(LockSupport.java:215)&#10;        at java.util.concurrent.locks.AbstractQueuedSynchronizer$ConditionObject.awaitNanos(AbstractQueuedSynchronizer.java:2078)&#10;        at java.util.concurrent.LinkedBlockingQueue.poll(LinkedBlockingQueue.java:467)&#10;        at org.apache.hadoop.ipc.CallQueueManager.take(CallQueueManager.java:317)&#10;        at org.apache.hadoop.ipc.Server$Handler.run(Server.java:2932)&#10;&quot;IPC Server handler 13 on default port 13045&quot; daemon prio=5 tid=2490 timed_waiting&#10;java.lang.Thread.State: TIMED_WAITING&#10;        at sun.misc.Unsafe.park(Native Method)&#10;        at java.util.concurrent.locks.LockSupport.parkNanos(LockSupport.java:215)&#10;        at java.util.concurrent.locks.AbstractQueuedSynchronizer$ConditionObject.awaitNanos(AbstractQueuedSynchronizer.java:2078)&#10;        at java.util.concurrent.LinkedBlockingQueue.poll(LinkedBlockingQueue.java:467)&#10;        at org.apache.hadoop.ipc.CallQueueManager.take(CallQueueManager.java:317)&#10;        at org.apache.hadoop.ipc.Server$Handler.run(Server.java:2932)&#10;&quot;Datanode State Machine Task Thread - 1&quot;  prio=5 tid=2675 in Object.wait()&#10;java.lang.Thread.State: WAITING (on object monitor)&#10;        at sun.misc.Unsafe.park(Native Method)&#10;        at java.util.concurrent.locks.LockSupport.park(LockSupport.java:175)&#10;        at java.util.concurrent.locks.AbstractQueuedSynchronizer$ConditionObject.await(AbstractQueuedSynchronizer.java:2039)&#10;        at java.util.concurrent.LinkedBlockingQueue.take(LinkedBlockingQueue.java:442)&#10;        at java.util.concurrent.ThreadPoolExecutor.getTask(ThreadPoolExecutor.java:1074)&#10;        at java.util.concurrent.ThreadPoolExecutor.runWorker(ThreadPoolExecutor.java:1134)&#10;        at java.util.concurrent.ThreadPoolExecutor$Worker.run(ThreadPoolExecutor.java:624)&#10;        at java.lang.Thread.run(Thread.java:748)&#10;&quot;IPC Server handler 85 on default port 13035&quot; daemon prio=5 tid=2176 timed_waiting&#10;java.lang.Thread.State: TIMED_WAITING&#10;        at sun.misc.Unsafe.park(Native Method)&#10;        at java.util.concurrent.locks.LockSupport.parkNanos(LockSupport.java:215)&#10;        at java.util.concurrent.locks.AbstractQueuedSynchronizer$ConditionObject.awaitNanos(AbstractQueuedSynchronizer.java:2078)&#10;        at java.util.concurrent.LinkedBlockingQueue.poll(LinkedBlockingQueue.java:467)&#10;        at org.apache.hadoop.ipc.CallQueueManager.take(CallQueueManager.java:317)&#10;        at org.apache.hadoop.ipc.Server$Handler.run(Server.java:2932)&#10;&quot;91f27009-ec66-4294-9321-b0739729fb6b@group-A37BCEEDED0F-&gt;7e7f778f-92a3-4c6a-870c-2544e6325884-GrpcLogAppender-LogAppenderDaemon&quot; daemon prio=5 tid=2934 timed_waiting&#10;java.lang.Thread.State: TIMED_WAITING&#10;        at java.lang.Object.wait(Native Method)&#10;        at org.apache.ratis.grpc.server.GrpcLogAppender.mayWait(GrpcLogAppender.java:175)&#10;        at org.apache.ratis.grpc.server.GrpcLogAppender.run(GrpcLogAppender.java:127)&#10;        at org.apache.ratis.server.leader.LogAppenderDaemon.run(LogAppenderDaemon.java:77)&#10;        at org.apache.ratis.server.leader.LogAppenderDaemon$$Lambda$739/1789928744.run(Unknown Source)&#10;        at java.lang.Thread.run(Thread.java:748)&#10;&quot;IPC Server handler 53 on default port 13035&quot; daemon prio=5 tid=2144 timed_waiting&#10;java.lang.Thread.State: TIMED_WAITING&#10;        at sun.misc.Unsafe.park(Native Method)&#10;        at java.util.concurrent.locks.LockSupport.parkNanos(LockSupport.java:215)&#10;        at java.util.concurrent.locks.AbstractQueuedSynchronizer$ConditionObject.awaitNanos(AbstractQueuedSynchronizer.java:2078)&#10;        at java.util.concurrent.LinkedBlockingQueue.poll(LinkedBlockingQueue.java:467)&#10;        at org.apache.hadoop.ipc.CallQueueManager.take(CallQueueManager.java:317)&#10;        at org.apache.hadoop.ipc.Server$Handler.run(Server.java:2932)&#10;&quot;IPC Server handler 80 on default port 13034&quot; daemon prio=5 tid=2271 timed_waiting&#10;java.lang.Thread.State: TIMED_WAITING&#10;        at sun.misc.Unsafe.park(Native Method)&#10;        at java.util.concurrent.locks.LockSupport.parkNanos(LockSupport.java:215)&#10;        at java.util.concurrent.locks.AbstractQueuedSynchronizer$ConditionObject.awaitNanos(AbstractQueuedSynchronizer.java:2078)&#10;        at java.util.concurrent.LinkedBlockingQueue.poll(LinkedBlockingQueue.java:467)&#10;        at org.apache.hadoop.ipc.CallQueueManager.take(CallQueueManager.java:317)&#10;        at org.apache.hadoop.ipc.Server$Handler.run(Server.java:2932)&#10;&quot;IPC Server handler 84 on default port 13035&quot; daemon prio=5 tid=2175 timed_waiting&#10;java.lang.Thread.State: TIMED_WAITING&#10;        at sun.misc.Unsafe.park(Native Method)&#10;        at java.util.concurrent.locks.LockSupport.parkNanos(LockSupport.java:215)&#10;        at java.util.concurrent.locks.AbstractQueuedSynchronizer$ConditionObject.awaitNanos(AbstractQueuedSynchronizer.java:2078)&#10;        at java.util.concurrent.LinkedBlockingQueue.poll(LinkedBlockingQueue.java:467)&#10;        at org.apache.hadoop.ipc.CallQueueManager.take(CallQueueManager.java:317)&#10;        at org.apache.hadoop.ipc.Server$Handler.run(Server.java:2932)&#10;&quot;EventQueue-NewNodeForNewNodeHandler&quot; daemon prio=5 tid=2410 in Object.wait()&#10;java.lang.Thread.State: WAITING (on object monitor)&#10;        at sun.misc.Unsafe.park(Native Method)&#10;        at java.util.concurrent.locks.LockSupport.park(LockSupport.java:175)&#10;        at java.util.concurrent.locks.AbstractQueuedSynchronizer$ConditionObject.await(AbstractQueuedSynchronizer.java:2039)&#10;        at java.util.concurrent.LinkedBlockingQueue.take(LinkedBlockingQueue.java:442)&#10;        at java.util.concurrent.ThreadPoolExecutor.getTask(ThreadPoolExecutor.java:1074)&#10;        at java.util.concurrent.ThreadPoolExecutor.runWorker(ThreadPoolExecutor.java:1134)&#10;        at java.util.concurrent.ThreadPoolExecutor$Worker.run(ThreadPoolExecutor.java:624)&#10;        at java.lang.Thread.run(Thread.java:748)&#10;&quot;IPC Server handler 67 on default port 13035&quot; daemon prio=5 tid=2158 timed_waiting&#10;java.lang.Thread.State: TIMED_WAITING&#10;        at sun.misc.Unsafe.park(Native Method)&#10;        at java.util.concurrent.locks.LockSupport.parkNanos(LockSupport.java:215)&#10;        at java.util.concurrent.locks.AbstractQueuedSynchronizer$ConditionObject.awaitNanos(AbstractQueuedSynchronizer.java:2078)&#10;        at java.util.concurrent.LinkedBlockingQueue.poll(LinkedBlockingQueue.java:467)&#10;        at org.apache.hadoop.ipc.CallQueueManager.take(CallQueueManager.java:317)&#10;        at org.apache.hadoop.ipc.Server$Handler.run(Server.java:2932)&#10;&quot;IPC Server handler 28 on default port 13033&quot; daemon prio=5 tid=2338 timed_waiting&#10;java.lang.Thread.State: TIMED_WAITING&#10;        at sun.misc.Unsafe.park(Native Method)&#10;        at java.util.concurrent.locks.LockSupport.parkNanos(LockSupport.java:215)&#10;        at java.util.concurrent.locks.AbstractQueuedSynchronizer$ConditionObject.awaitNanos(AbstractQueuedSynchronizer.java:2078)&#10;        at java.util.concurrent.LinkedBlockingQueue.poll(LinkedBlockingQueue.java:467)&#10;        at org.apache.hadoop.ipc.CallQueueManager.take(CallQueueManager.java:317)&#10;        at org.apache.hadoop.ipc.Server$Handler.run(Server.java:2932)&#10;&#10;" type="java.util.concurrent.TimeoutException">java.util.concurrent.TimeoutException: 
Timed out waiting for condition. Thread diagnostics:
Timestamp: 2021-10-28 03:03:57,882

"Command processor thread" daemon prio=5 tid=2647 timed_waiting
java.lang.Thread.State: TIMED_WAITING
        at java.lang.Thread.sleep(Native Method)
        at org.apache.hadoop.ozone.container.common.statemachine.DatanodeStateMachine.lambda$initCommandHandlerThread$2(DatanodeStateMachine.java:574)
        at org.apache.hadoop.ozone.container.common.statemachine.DatanodeStateMachine$$Lambda$893/554852437.run(Unknown Source)
        at java.lang.Thread.run(Thread.java:748)
"IPC Server handler 13 on default port 13033" daemon prio=5 tid=2323 timed_waiting
java.lang.Thread.State: TIMED_WAITING
        at sun.misc.Unsafe.park(Native Method)
        at java.util.concurrent.locks.LockSupport.parkNanos(LockSupport.java:215)
        at java.util.concurrent.locks.AbstractQueuedSynchronizer$ConditionObject.awaitNanos(AbstractQueuedSynchronizer.java:2078)
        at java.util.concurrent.LinkedBlockingQueue.poll(LinkedBlockingQueue.java:467)
        at org.apache.hadoop.ipc.CallQueueManager.take(CallQueueManager.java:317)
        at org.apache.hadoop.ipc.Server$Handler.run(Server.java:2932)
"IPC Server handler 88 on default port 13034" daemon prio=5 tid=2279 timed_waiting
java.lang.Thread.State: TIMED_WAITING
        at sun.misc.Unsafe.park(Native Method)
        at java.util.concurrent.locks.LockSupport.parkNanos(LockSupport.java:215)
        at java.util.concurrent.locks.AbstractQueuedSynchronizer$ConditionObject.awaitNanos(AbstractQueuedSynchronizer.java:2078)
        at java.util.concurrent.LinkedBlockingQueue.poll(LinkedBlockingQueue.java:467)
        at org.apache.hadoop.ipc.CallQueueManager.take(CallQueueManager.java:317)
        at org.apache.hadoop.ipc.Server$Handler.run(Server.java:2932)
"qtp1667630446-2663" daemon prio=5 tid=2663 timed_waiting
java.lang.Thread.State: TIMED_WAITING
        at sun.misc.Unsafe.park(Native Method)
        at java.util.concurrent.locks.LockSupport.parkNanos(LockSupport.java:215)
        at java.util.concurrent.locks.AbstractQueuedSynchronizer$ConditionObject.awaitNanos(AbstractQueuedSynchronizer.java:2078)
        at org.eclipse.jetty.util.BlockingArrayQueue.poll(BlockingArrayQueue.java:382)
        at org.eclipse.jetty.util.thread.QueuedThreadPool$Runner.idleJobPoll(QueuedThreadPool.java:974)
        at org.eclipse.jetty.util.thread.QueuedThreadPool$Runner.run(QueuedThreadPool.java:1018)
        at java.lang.Thread.run(Thread.java:748)
"qtp1999374326-2573" daemon prio=5 tid=2573 timed_waiting
java.lang.Thread.State: TIMED_WAITING
        at sun.misc.Unsafe.park(Native Method)
        at java.util.concurrent.locks.LockSupport.parkNanos(LockSupport.java:215)
        at java.util.concurrent.locks.AbstractQueuedSynchronizer$ConditionObject.awaitNanos(AbstractQueuedSynchronizer.java:2078)
        at org.eclipse.jetty.util.BlockingArrayQueue.poll(BlockingArrayQueue.java:382)
        at org.eclipse.jetty.util.thread.QueuedThreadPool$Runner.idleJobPoll(QueuedThreadPool.java:974)
        at org.eclipse.jetty.util.thread.QueuedThreadPool$Runner.run(QueuedThreadPool.java:1018)
        at java.lang.Thread.run(Thread.java:748)
"omNode-1@group-523986131536-SegmentedRaftLogWorker"  prio=5 tid=2559 timed_waiting
java.lang.Thread.State: TIMED_WAITING
        at sun.misc.Unsafe.park(Native Method)
        at java.util.concurrent.locks.LockSupport.parkNanos(LockSupport.java:215)
        at java.util.concurrent.locks.AbstractQueuedSynchronizer$ConditionObject.awaitNanos(AbstractQueuedSynchronizer.java:2078)
        at org.apache.ratis.util.DataBlockingQueue.poll(DataBlockingQueue.java:137)
        at org.apache.ratis.server.raftlog.segmented.SegmentedRaftLogWorker.run(SegmentedRaftLogWorker.java:292)
        at org.apache.ratis.server.raftlog.segmented.SegmentedRaftLogWorker$$Lambda$435/2075927136.run(Unknown Source)
        at java.lang.Thread.run(Thread.java:748)
"Datanode ReportManager Thread - 4" daemon prio=5 tid=2646 in Object.wait()
java.lang.Thread.State: WAITING (on object monitor)
        at sun.misc.Unsafe.park(Native Method)
        at java.util.concurrent.locks.LockSupport.park(LockSupport.java:175)
        at java.util.concurrent.locks.AbstractQueuedSynchronizer$ConditionObject.await(AbstractQueuedSynchronizer.java:2039)
        at java.util.concurrent.ScheduledThreadPoolExecutor$DelayedWorkQueue.take(ScheduledThreadPoolExecutor.java:1088)
        at java.util.concurrent.ScheduledThreadPoolExecutor$DelayedWorkQueue.take(ScheduledThreadPoolExecutor.java:809)
        at java.util.concurrent.ThreadPoolExecutor.getTask(ThreadPoolExecutor.java:1074)
        at java.util.concurrent.ThreadPoolExecutor.runWorker(ThreadPoolExecutor.java:1134)
        at java.util.concurrent.ThreadPoolExecutor$Worker.run(ThreadPoolExecutor.java:624)
        at java.lang.Thread.run(Thread.java:748)
"IPC Server handler 0 on default port 13043" daemon prio=5 tid=2455 timed_waiting
java.lang.Thread.State: TIMED_WAITING
        at sun.misc.Unsafe.park(Native Method)
        at java.util.concurrent.locks.LockSupport.parkNanos(LockSupport.java:215)
        at java.util.concurrent.locks.AbstractQueuedSynchronizer$ConditionObject.awaitNanos(AbstractQueuedSynchronizer.java:2078)
        at java.util.concurrent.LinkedBlockingQueue.poll(LinkedBlockingQueue.java:467)
        at org.apache.hadoop.ipc.CallQueueManager.take(CallQueueManager.java:317)
        at org.apache.hadoop.ipc.Server$Handler.run(Server.java:2932)
"BlockDeletingService#1" daemon prio=5 tid=2717 timed_waiting
java.lang.Thread.State: TIMED_WAITING
        at sun.misc.Unsafe.park(Native Method)
        at java.util.concurrent.locks.LockSupport.parkNanos(LockSupport.java:215)
        at java.util.concurrent.locks.AbstractQueuedSynchronizer$ConditionObject.awaitNanos(AbstractQueuedSynchronizer.java:2078)
        at java.util.concurrent.ScheduledThreadPoolExecutor$DelayedWorkQueue.take(ScheduledThreadPoolExecutor.java:1093)
        at java.util.concurrent.ScheduledThreadPoolExecutor$DelayedWorkQueue.take(ScheduledThreadPoolExecutor.java:809)
        at java.util.concurrent.ThreadPoolExecutor.getTask(ThreadPoolExecutor.java:1074)
        at java.util.concurrent.ThreadPoolExecutor.runWorker(ThreadPoolExecutor.java:1134)
        at java.util.concurrent.ThreadPoolExecutor$Worker.run(ThreadPoolExecutor.java:624)
        at java.lang.Thread.run(Thread.java:748)
"IPC Server handler 96 on default port 13034" daemon prio=5 tid=2287 timed_waiting
java.lang.Thread.State: TIMED_WAITING
        at sun.misc.Unsafe.park(Native Method)
        at java.util.concurrent.locks.LockSupport.parkNanos(LockSupport.java:215)
        at java.util.concurrent.locks.AbstractQueuedSynchronizer$ConditionObject.awaitNanos(AbstractQueuedSynchronizer.java:2078)
        at java.util.concurrent.LinkedBlockingQueue.poll(LinkedBlockingQueue.java:467)
        at org.apache.hadoop.ipc.CallQueueManager.take(CallQueueManager.java:317)
        at org.apache.hadoop.ipc.Server$Handler.run(Server.java:2932)
"Datanode ReportManager Thread - 0" daemon prio=5 tid=2614 timed_waiting
java.lang.Thread.State: TIMED_WAITING
        at sun.misc.Unsafe.park(Native Method)
        at java.util.concurrent.locks.LockSupport.parkNanos(LockSupport.java:215)
        at java.util.concurrent.locks.AbstractQueuedSynchronizer$ConditionObject.awaitNanos(AbstractQueuedSynchronizer.java:2078)
        at java.util.concurrent.ScheduledThreadPoolExecutor$DelayedWorkQueue.take(ScheduledThreadPoolExecutor.java:1093)
        at java.util.concurrent.ScheduledThreadPoolExecutor$DelayedWorkQueue.take(ScheduledThreadPoolExecutor.java:809)
        at java.util.concurrent.ThreadPoolExecutor.getTask(ThreadPoolExecutor.java:1074)
        at java.util.concurrent.ThreadPoolExecutor.runWorker(ThreadPoolExecutor.java:1134)
        at java.util.concurrent.ThreadPoolExecutor$Worker.run(ThreadPoolExecutor.java:624)
        at java.lang.Thread.run(Thread.java:748)
"qtp1813996673-2604" daemon prio=5 tid=2604 runnable
java.lang.Thread.State: RUNNABLE
        at sun.nio.ch.EPollArrayWrapper.epollWait(Native Method)
        at sun.nio.ch.EPollArrayWrapper.poll(EPollArrayWrapper.java:269)
        at sun.nio.ch.EPollSelectorImpl.doSelect(EPollSelectorImpl.java:93)
        at sun.nio.ch.SelectorImpl.lockAndDoSelect(SelectorImpl.java:86)
        at sun.nio.ch.SelectorImpl.select(SelectorImpl.java:97)
        at sun.nio.ch.SelectorImpl.select(SelectorImpl.java:101)
        at org.eclipse.jetty.io.ManagedSelector.nioSelect(ManagedSelector.java:183)
        at org.eclipse.jetty.io.ManagedSelector.select(ManagedSelector.java:190)
        at org.eclipse.jetty.io.ManagedSelector$SelectorProducer.select(ManagedSelector.java:606)
        at org.eclipse.jetty.io.ManagedSelector$SelectorProducer.produce(ManagedSelector.java:543)
        at org.eclipse.jetty.util.thread.strategy.EatWhatYouKill.produceTask(EatWhatYouKill.java:362)
        at org.eclipse.jetty.util.thread.strategy.EatWhatYouKill.doProduce(EatWhatYouKill.java:186)
        at org.eclipse.jetty.util.thread.strategy.EatWhatYouKill.tryProduce(EatWhatYouKill.java:173)
        at org.eclipse.jetty.util.thread.strategy.EatWhatYouKill.produce(EatWhatYouKill.java:137)
        at org.eclipse.jetty.io.ManagedSelector$$Lambda$707/237279395.run(Unknown Source)
        at org.eclipse.jetty.util.thread.QueuedThreadPool.runJob(QueuedThreadPool.java:883)
        at org.eclipse.jetty.util.thread.QueuedThreadPool$Runner.run(QueuedThreadPool.java:1034)
        at java.lang.Thread.run(Thread.java:748)
"Datanode ReportManager Thread - 3" daemon prio=5 tid=1744 in Object.wait()
java.lang.Thread.State: WAITING (on object monitor)
        at sun.misc.Unsafe.park(Native Method)
        at java.util.concurrent.locks.LockSupport.park(LockSupport.java:175)
        at java.util.concurrent.locks.AbstractQueuedSynchronizer$ConditionObject.await(AbstractQueuedSynchronizer.java:2039)
        at java.util.concurrent.ScheduledThreadPoolExecutor$DelayedWorkQueue.take(ScheduledThreadPoolExecutor.java:1088)
        at java.util.concurrent.ScheduledThreadPoolExecutor$DelayedWorkQueue.take(ScheduledThreadPoolExecutor.java:809)
        at java.util.concurrent.ThreadPoolExecutor.getTask(ThreadPoolExecutor.java:1074)
        at java.util.concurrent.ThreadPoolExecutor.runWorker(ThreadPoolExecutor.java:1134)
        at java.util.concurrent.ThreadPoolExecutor$Worker.run(ThreadPoolExecutor.java:624)
        at java.lang.Thread.run(Thread.java:748)
"Datanode ReportManager Thread - 2" daemon prio=5 tid=2669 in Object.wait()
java.lang.Thread.State: WAITING (on object monitor)
        at sun.misc.Unsafe.park(Native Method)
        at java.util.concurrent.locks.LockSupport.park(LockSupport.java:175)
        at java.util.concurrent.locks.AbstractQueuedSynchronizer$ConditionObject.await(AbstractQueuedSynchronizer.java:2039)
        at java.util.concurrent.ScheduledThreadPoolExecutor$DelayedWorkQueue.take(ScheduledThreadPoolExecutor.java:1088)
        at java.util.concurrent.ScheduledThreadPoolExecutor$DelayedWorkQueue.take(ScheduledThreadPoolExecutor.java:809)
        at java.util.concurrent.ThreadPoolExecutor.getTask(ThreadPoolExecutor.java:1074)
        at java.util.concurrent.ThreadPoolExecutor.runWorker(ThreadPoolExecutor.java:1134)
        at java.util.concurrent.ThreadPoolExecutor$Worker.run(ThreadPoolExecutor.java:624)
        at java.lang.Thread.run(Thread.java:748)
"EventQueue-ContainerReportForContainerReportHandler" daemon prio=5 tid=2730 in Object.wait()
java.lang.Thread.State: WAITING (on object monitor)
        at sun.misc.Unsafe.park(Native Method)
        at java.util.concurrent.locks.LockSupport.park(LockSupport.java:175)
        at java.util.concurrent.locks.AbstractQueuedSynchronizer$ConditionObject.await(AbstractQueuedSynchronizer.java:2039)
        at java.util.concurrent.LinkedBlockingQueue.take(LinkedBlockingQueue.java:442)
        at java.util.concurrent.ThreadPoolExecutor.getTask(ThreadPoolExecutor.java:1074)
        at java.util.concurrent.ThreadPoolExecutor.runWorker(ThreadPoolExecutor.java:1134)
        at java.util.concurrent.ThreadPoolExecutor$Worker.run(ThreadPoolExecutor.java:624)
        at java.lang.Thread.run(Thread.java:748)
"org.apache.hadoop.ozone.container.common.statemachine.commandhandler.DeleteBlocksCommandHandler$DeleteCmdWorker@28b1ccd1" daemon prio=5 tid=576 runnable
java.lang.Thread.State: RUNNABLE
        at java.lang.Thread.sleep(Native Method)
        at org.apache.hadoop.ozone.container.common.statemachine.commandhandler.DeleteBlocksCommandHandler$DeleteCmdWorker.run(DeleteBlocksCommandHandler.java:175)
        at java.lang.Thread.run(Thread.java:748)
"EventQueue-ContainerReportForContainerReportHandler" daemon prio=5 tid=2725 in Object.wait()
java.lang.Thread.State: WAITING (on object monitor)
        at sun.misc.Unsafe.park(Native Method)
        at java.util.concurrent.locks.LockSupport.park(LockSupport.java:175)
        at java.util.concurrent.locks.AbstractQueuedSynchronizer$ConditionObject.await(AbstractQueuedSynchronizer.java:2039)
        at java.util.concurrent.LinkedBlockingQueue.take(LinkedBlockingQueue.java:442)
        at java.util.concurrent.ThreadPoolExecutor.getTask(ThreadPoolExecutor.java:1074)
        at java.util.concurrent.ThreadPoolExecutor.runWorker(ThreadPoolExecutor.java:1134)
        at java.util.concurrent.ThreadPoolExecutor$Worker.run(ThreadPoolExecutor.java:624)
        at java.lang.Thread.run(Thread.java:748)
"prometheus" daemon prio=5 tid=2089 in Object.wait()
java.lang.Thread.State: WAITING (on object monitor)
        at java.lang.Object.wait(Native Method)
        at java.lang.Object.wait(Object.java:502)
        at org.apache.hadoop.metrics2.impl.SinkQueue.waitForData(SinkQueue.java:114)
        at org.apache.hadoop.metrics2.impl.SinkQueue.consumeAll(SinkQueue.java:83)
        at org.apache.hadoop.metrics2.impl.MetricsSinkAdapter.publishMetricsFromQueue(MetricsSinkAdapter.java:135)
        at org.apache.hadoop.metrics2.impl.MetricsSinkAdapter$1.run(MetricsSinkAdapter.java:89)
"Datanode ReportManager Thread - 4" daemon prio=5 tid=1693 timed_waiting
java.lang.Thread.State: TIMED_WAITING
        at sun.misc.Unsafe.park(Native Method)
        at java.util.concurrent.locks.LockSupport.parkNanos(LockSupport.java:215)
        at java.util.concurrent.locks.AbstractQueuedSynchronizer$ConditionObject.awaitNanos(AbstractQueuedSynchronizer.java:2078)
        at java.util.concurrent.ScheduledThreadPoolExecutor$DelayedWorkQueue.take(ScheduledThreadPoolExecutor.java:1093)
        at java.util.concurrent.ScheduledThreadPoolExecutor$DelayedWorkQueue.take(ScheduledThreadPoolExecutor.java:809)
        at java.util.concurrent.ThreadPoolExecutor.getTask(ThreadPoolExecutor.java:1074)
        at java.util.concurrent.ThreadPoolExecutor.runWorker(ThreadPoolExecutor.java:1134)
        at java.util.concurrent.ThreadPoolExecutor$Worker.run(ThreadPoolExecutor.java:624)
        at java.lang.Thread.run(Thread.java:748)
"IPC Server handler 73 on default port 13034" daemon prio=5 tid=2264 timed_waiting
java.lang.Thread.State: TIMED_WAITING
        at sun.misc.Unsafe.park(Native Method)
        at java.util.concurrent.locks.LockSupport.parkNanos(LockSupport.java:215)
        at java.util.concurrent.locks.AbstractQueuedSynchronizer$ConditionObject.awaitNanos(AbstractQueuedSynchronizer.java:2078)
        at java.util.concurrent.LinkedBlockingQueue.poll(LinkedBlockingQueue.java:467)
        at org.apache.hadoop.ipc.CallQueueManager.take(CallQueueManager.java:317)
        at org.apache.hadoop.ipc.Server$Handler.run(Server.java:2932)
"org.apache.hadoop.util.JvmPauseMonitor$Monitor@145f4f6c" daemon prio=5 tid=2518 timed_waiting
java.lang.Thread.State: TIMED_WAITING
        at java.lang.Thread.sleep(Native Method)
        at org.apache.hadoop.util.JvmPauseMonitor$Monitor.run(JvmPauseMonitor.java:192)
        at java.lang.Thread.run(Thread.java:748)
"IPC Server handler 58 on default port 13034" daemon prio=5 tid=2249 timed_waiting
java.lang.Thread.State: TIMED_WAITING
        at sun.misc.Unsafe.park(Native Method)
        at java.util.concurrent.locks.LockSupport.parkNanos(LockSupport.java:215)
        at java.util.concurrent.locks.AbstractQueuedSynchronizer$ConditionObject.awaitNanos(AbstractQueuedSynchronizer.java:2078)
        at java.util.concurrent.LinkedBlockingQueue.poll(LinkedBlockingQueue.java:467)
        at org.apache.hadoop.ipc.CallQueueManager.take(CallQueueManager.java:317)
        at org.apache.hadoop.ipc.Server$Handler.run(Server.java:2932)
"91f27009-ec66-4294-9321-b0739729fb6b@group-1FC4E3DC1381-FollowerState" daemon prio=5 tid=2892 timed_waiting
java.lang.Thread.State: TIMED_WAITING
        at java.lang.Thread.sleep(Native Method)
        at java.lang.Thread.sleep(Thread.java:340)
        at java.util.concurrent.TimeUnit.sleep(TimeUnit.java:386)
        at org.apache.ratis.util.TimeDuration.sleep(TimeDuration.java:324)
        at org.apache.ratis.util.TimeDuration.sleep(TimeDuration.java:309)
        at org.apache.ratis.server.impl.FollowerState.run(FollowerState.java:118)
"org.apache.hadoop.ozone.container.common.statemachine.commandhandler.DeleteBlocksCommandHandler$DeleteCmdWorker@22520d2c" daemon prio=5 tid=2627 timed_waiting
java.lang.Thread.State: TIMED_WAITING
        at java.lang.Thread.sleep(Native Method)
        at org.apache.hadoop.ozone.container.common.statemachine.commandhandler.DeleteBlocksCommandHandler$DeleteCmdWorker.run(DeleteBlocksCommandHandler.java:175)
        at java.lang.Thread.run(Thread.java:748)
"IPC Server handler 15 on default port 11132" daemon prio=5 tid=2591 timed_waiting
java.lang.Thread.State: TIMED_WAITING
        at sun.misc.Unsafe.park(Native Method)
        at java.util.concurrent.locks.LockSupport.parkNanos(LockSupport.java:215)
        at java.util.concurrent.locks.AbstractQueuedSynchronizer$ConditionObject.awaitNanos(AbstractQueuedSynchronizer.java:2078)
        at java.util.concurrent.LinkedBlockingQueue.poll(LinkedBlockingQueue.java:467)
        at org.apache.hadoop.ipc.CallQueueManager.take(CallQueueManager.java:317)
        at org.apache.hadoop.ipc.Server$Handler.run(Server.java:2932)
"IPC Server handler 9 on default port 13043" daemon prio=5 tid=2464 timed_waiting
java.lang.Thread.State: TIMED_WAITING
        at sun.misc.Unsafe.park(Native Method)
        at java.util.concurrent.locks.LockSupport.parkNanos(LockSupport.java:215)
        at java.util.concurrent.locks.AbstractQueuedSynchronizer$ConditionObject.awaitNanos(AbstractQueuedSynchronizer.java:2078)
        at java.util.concurrent.LinkedBlockingQueue.poll(LinkedBlockingQueue.java:467)
        at org.apache.hadoop.ipc.CallQueueManager.take(CallQueueManager.java:317)
        at org.apache.hadoop.ipc.Server$Handler.run(Server.java:2932)
"IPC Server handler 91 on default port 13034" daemon prio=5 tid=2282 timed_waiting
java.lang.Thread.State: TIMED_WAITING
        at sun.misc.Unsafe.park(Native Method)
        at java.util.concurrent.locks.LockSupport.parkNanos(LockSupport.java:215)
        at java.util.concurrent.locks.AbstractQueuedSynchronizer$ConditionObject.awaitNanos(AbstractQueuedSynchronizer.java:2078)
        at java.util.concurrent.LinkedBlockingQueue.poll(LinkedBlockingQueue.java:467)
        at org.apache.hadoop.ipc.CallQueueManager.take(CallQueueManager.java:317)
        at org.apache.hadoop.ipc.Server$Handler.run(Server.java:2932)
"7e7f778f-92a3-4c6a-870c-2544e6325884@group-1FC4E3DC1381->91f27009-ec66-4294-9321-b0739729fb6b-GrpcLogAppender-LogAppenderDaemon" daemon prio=5 tid=2886 timed_waiting
java.lang.Thread.State: TIMED_WAITING
        at java.lang.Object.wait(Native Method)
        at org.apache.ratis.grpc.server.GrpcLogAppender.mayWait(GrpcLogAppender.java:175)
        at org.apache.ratis.grpc.server.GrpcLogAppender.run(GrpcLogAppender.java:127)
        at org.apache.ratis.server.leader.LogAppenderDaemon.run(LogAppenderDaemon.java:77)
        at org.apache.ratis.server.leader.LogAppenderDaemon$$Lambda$739/1789928744.run(Unknown Source)
        at java.lang.Thread.run(Thread.java:748)
"IPC Server handler 21 on default port 13033" daemon prio=5 tid=2331 timed_waiting
java.lang.Thread.State: TIMED_WAITING
        at sun.misc.Unsafe.park(Native Method)
        at java.util.concurrent.locks.LockSupport.parkNanos(LockSupport.java:215)
        at java.util.concurrent.locks.AbstractQueuedSynchronizer$ConditionObject.awaitNanos(AbstractQueuedSynchronizer.java:2078)
        at java.util.concurrent.LinkedBlockingQueue.poll(LinkedBlockingQueue.java:467)
        at org.apache.hadoop.ipc.CallQueueManager.take(CallQueueManager.java:317)
        at org.apache.hadoop.ipc.Server$Handler.run(Server.java:2932)
"IPC Server listener on 13034" daemon prio=5 tid=2078 runnable
java.lang.Thread.State: RUNNABLE
        at sun.nio.ch.EPollArrayWrapper.epollWait(Native Method)
        at sun.nio.ch.EPollArrayWrapper.poll(EPollArrayWrapper.java:269)
        at sun.nio.ch.EPollSelectorImpl.doSelect(EPollSelectorImpl.java:93)
        at sun.nio.ch.SelectorImpl.lockAndDoSelect(SelectorImpl.java:86)
        at sun.nio.ch.SelectorImpl.select(SelectorImpl.java:97)
        at sun.nio.ch.SelectorImpl.select(SelectorImpl.java:101)
        at org.apache.hadoop.ipc.Server$Listener.run(Server.java:1350)
"qtp1613570136-2520" daemon prio=5 tid=2520 runnable
java.lang.Thread.State: RUNNABLE
        at sun.nio.ch.EPollArrayWrapper.epollWait(Native Method)
        at sun.nio.ch.EPollArrayWrapper.poll(EPollArrayWrapper.java:269)
        at sun.nio.ch.EPollSelectorImpl.doSelect(EPollSelectorImpl.java:93)
        at sun.nio.ch.SelectorImpl.lockAndDoSelect(SelectorImpl.java:86)
        at sun.nio.ch.SelectorImpl.select(SelectorImpl.java:97)
        at sun.nio.ch.SelectorImpl.select(SelectorImpl.java:101)
        at org.eclipse.jetty.io.ManagedSelector.nioSelect(ManagedSelector.java:183)
        at org.eclipse.jetty.io.ManagedSelector.select(ManagedSelector.java:190)
        at org.eclipse.jetty.io.ManagedSelector$SelectorProducer.select(ManagedSelector.java:606)
        at org.eclipse.jetty.io.ManagedSelector$SelectorProducer.produce(ManagedSelector.java:543)
        at org.eclipse.jetty.util.thread.strategy.EatWhatYouKill.produceTask(EatWhatYouKill.java:362)
        at org.eclipse.jetty.util.thread.strategy.EatWhatYouKill.doProduce(EatWhatYouKill.java:186)
        at org.eclipse.jetty.util.thread.strategy.EatWhatYouKill.tryProduce(EatWhatYouKill.java:173)
        at org.eclipse.jetty.util.thread.strategy.EatWhatYouKill.produce(EatWhatYouKill.java:137)
        at org.eclipse.jetty.io.ManagedSelector$$Lambda$707/237279395.run(Unknown Source)
        at org.eclipse.jetty.util.thread.QueuedThreadPool.runJob(QueuedThreadPool.java:883)
        at org.eclipse.jetty.util.thread.QueuedThreadPool$Runner.run(QueuedThreadPool.java:1034)
        at java.lang.Thread.run(Thread.java:748)
"IPC Server handler 82 on default port 13035" daemon prio=5 tid=2173 timed_waiting
java.lang.Thread.State: TIMED_WAITING
        at sun.misc.Unsafe.park(Native Method)
        at java.util.concurrent.locks.LockSupport.parkNanos(LockSupport.java:215)
        at java.util.concurrent.locks.AbstractQueuedSynchronizer$ConditionObject.awaitNanos(AbstractQueuedSynchronizer.java:2078)
        at java.util.concurrent.LinkedBlockingQueue.poll(LinkedBlockingQueue.java:467)
        at org.apache.hadoop.ipc.CallQueueManager.take(CallQueueManager.java:317)
        at org.apache.hadoop.ipc.Server$Handler.run(Server.java:2932)
"pool-408-thread-1"  prio=5 tid=2443 in Object.wait()
java.lang.Thread.State: WAITING (on object monitor)
        at sun.misc.Unsafe.park(Native Method)
        at java.util.concurrent.locks.LockSupport.park(LockSupport.java:175)
        at java.util.concurrent.locks.AbstractQueuedSynchronizer$ConditionObject.await(AbstractQueuedSynchronizer.java:2039)
        at java.util.concurrent.LinkedBlockingQueue.take(LinkedBlockingQueue.java:442)
        at java.util.concurrent.ThreadPoolExecutor.getTask(ThreadPoolExecutor.java:1074)
        at java.util.concurrent.ThreadPoolExecutor.runWorker(ThreadPoolExecutor.java:1134)
        at java.util.concurrent.ThreadPoolExecutor$Worker.run(ThreadPoolExecutor.java:624)
        at java.lang.Thread.run(Thread.java:748)
"Datanode ReportManager Thread - 3" daemon prio=5 tid=2645 in Object.wait()
java.lang.Thread.State: WAITING (on object monitor)
        at sun.misc.Unsafe.park(Native Method)
        at java.util.concurrent.locks.LockSupport.park(LockSupport.java:175)
        at java.util.concurrent.locks.AbstractQueuedSynchronizer$ConditionObject.await(AbstractQueuedSynchronizer.java:2039)
        at java.util.concurrent.ScheduledThreadPoolExecutor$DelayedWorkQueue.take(ScheduledThreadPoolExecutor.java:1088)
        at java.util.concurrent.ScheduledThreadPoolExecutor$DelayedWorkQueue.take(ScheduledThreadPoolExecutor.java:809)
        at java.util.concurrent.ThreadPoolExecutor.getTask(ThreadPoolExecutor.java:1074)
        at java.util.concurrent.ThreadPoolExecutor.runWorker(ThreadPoolExecutor.java:1134)
        at java.util.concurrent.ThreadPoolExecutor$Worker.run(ThreadPoolExecutor.java:624)
        at java.lang.Thread.run(Thread.java:748)
"IPC Server handler 16 on default port 13043" daemon prio=5 tid=2471 timed_waiting
java.lang.Thread.State: TIMED_WAITING
        at sun.misc.Unsafe.park(Native Method)
        at java.util.concurrent.locks.LockSupport.parkNanos(LockSupport.java:215)
        at java.util.concurrent.locks.AbstractQueuedSynchronizer$ConditionObject.awaitNanos(AbstractQueuedSynchronizer.java:2078)
        at java.util.concurrent.LinkedBlockingQueue.poll(LinkedBlockingQueue.java:467)
        at org.apache.hadoop.ipc.CallQueueManager.take(CallQueueManager.java:317)
        at org.apache.hadoop.ipc.Server$Handler.run(Server.java:2932)
"91f27009-ec66-4294-9321-b0739729fb6b@group-A37BCEEDED0F->d262ff89-3d5e-4ab4-981f-dc8616a3cc4b-GrpcLogAppender-LogAppenderDaemon" daemon prio=5 tid=2935 timed_waiting
java.lang.Thread.State: TIMED_WAITING
        at java.lang.Object.wait(Native Method)
        at org.apache.ratis.grpc.server.GrpcLogAppender.mayWait(GrpcLogAppender.java:175)
        at org.apache.ratis.grpc.server.GrpcLogAppender.run(GrpcLogAppender.java:127)
        at org.apache.ratis.server.leader.LogAppenderDaemon.run(LogAppenderDaemon.java:77)
        at org.apache.ratis.server.leader.LogAppenderDaemon$$Lambda$739/1789928744.run(Unknown Source)
        at java.lang.Thread.run(Thread.java:748)
"IPC Server handler 74 on default port 13033" daemon prio=5 tid=2384 timed_waiting
java.lang.Thread.State: TIMED_WAITING
        at sun.misc.Unsafe.park(Native Method)
        at java.util.concurrent.locks.LockSupport.parkNanos(LockSupport.java:215)
        at java.util.concurrent.locks.AbstractQueuedSynchronizer$ConditionObject.awaitNanos(AbstractQueuedSynchronizer.java:2078)
        at java.util.concurrent.LinkedBlockingQueue.poll(LinkedBlockingQueue.java:467)
        at org.apache.hadoop.ipc.CallQueueManager.take(CallQueueManager.java:317)
        at org.apache.hadoop.ipc.Server$Handler.run(Server.java:2932)
"IPC Server handler 4 on default port 11132" daemon prio=5 tid=2580 timed_waiting
java.lang.Thread.State: TIMED_WAITING
        at sun.misc.Unsafe.park(Native Method)
        at java.util.concurrent.locks.LockSupport.parkNanos(LockSupport.java:215)
        at java.util.concurrent.locks.AbstractQueuedSynchronizer$ConditionObject.awaitNanos(AbstractQueuedSynchronizer.java:2078)
        at java.util.concurrent.LinkedBlockingQueue.poll(LinkedBlockingQueue.java:467)
        at org.apache.hadoop.ipc.CallQueueManager.take(CallQueueManager.java:317)
        at org.apache.hadoop.ipc.Server$Handler.run(Server.java:2932)
"EndpointStateMachine task thread for /127.0.0.1:13023 - 0 "  prio=5 tid=643 in Object.wait()
java.lang.Thread.State: WAITING (on object monitor)
        at sun.misc.Unsafe.park(Native Method)
        at java.util.concurrent.locks.LockSupport.park(LockSupport.java:175)
        at java.util.concurrent.locks.AbstractQueuedSynchronizer$ConditionObject.await(AbstractQueuedSynchronizer.java:2039)
        at java.util.concurrent.LinkedBlockingQueue.take(LinkedBlockingQueue.java:442)
        at java.util.concurrent.ThreadPoolExecutor.getTask(ThreadPoolExecutor.java:1074)
        at java.util.concurrent.ThreadPoolExecutor.runWorker(ThreadPoolExecutor.java:1134)
        at java.util.concurrent.ThreadPoolExecutor$Worker.run(ThreadPoolExecutor.java:624)
        at java.lang.Thread.run(Thread.java:748)
"qtp708676185-2631" daemon prio=5 tid=2631 timed_waiting
java.lang.Thread.State: TIMED_WAITING
        at sun.misc.Unsafe.park(Native Method)
        at java.util.concurrent.locks.LockSupport.parkNanos(LockSupport.java:215)
        at java.util.concurrent.locks.AbstractQueuedSynchronizer$ConditionObject.awaitNanos(AbstractQueuedSynchronizer.java:2078)
        at org.eclipse.jetty.util.BlockingArrayQueue.poll(BlockingArrayQueue.java:382)
        at org.eclipse.jetty.util.thread.QueuedThreadPool$Runner.idleJobPoll(QueuedThreadPool.java:974)
        at org.eclipse.jetty.util.thread.QueuedThreadPool$Runner.run(QueuedThreadPool.java:1018)
        at java.lang.Thread.run(Thread.java:748)
"IPC Server Responder" daemon prio=5 tid=2558 runnable
java.lang.Thread.State: RUNNABLE
        at sun.nio.ch.EPollArrayWrapper.epollWait(Native Method)
        at sun.nio.ch.EPollArrayWrapper.poll(EPollArrayWrapper.java:269)
        at sun.nio.ch.EPollSelectorImpl.doSelect(EPollSelectorImpl.java:93)
        at sun.nio.ch.SelectorImpl.lockAndDoSelect(SelectorImpl.java:86)
        at sun.nio.ch.SelectorImpl.select(SelectorImpl.java:97)
        at org.apache.hadoop.ipc.Server$Responder.doRunLoop(Server.java:1527)
        at org.apache.hadoop.ipc.Server$Responder.run(Server.java:1510)
"IPC Server idle connection scanner for port 13035" daemon prio=5 tid=2084 timed_waiting
java.lang.Thread.State: TIMED_WAITING
        at java.lang.Object.wait(Native Method)
        at java.util.TimerThread.mainLoop(Timer.java:552)
        at java.util.TimerThread.run(Timer.java:505)
"qtp1813996673-2605-acceptor-0@7cbf0bae-ServerConnector@6203f71{HTTP/1.1, (http/1.1)}{0.0.0.0:35467}" daemon prio=3 tid=2605 runnable
java.lang.Thread.State: RUNNABLE
        at sun.nio.ch.ServerSocketChannelImpl.accept0(Native Method)
        at sun.nio.ch.ServerSocketChannelImpl.accept(ServerSocketChannelImpl.java:421)
        at sun.nio.ch.ServerSocketChannelImpl.accept(ServerSocketChannelImpl.java:249)
        at org.eclipse.jetty.server.ServerConnector.accept(ServerConnector.java:388)
        at org.eclipse.jetty.server.AbstractConnector$Acceptor.run(AbstractConnector.java:702)
        at org.eclipse.jetty.util.thread.QueuedThreadPool.runJob(QueuedThreadPool.java:883)
        at org.eclipse.jetty.util.thread.QueuedThreadPool$Runner.run(QueuedThreadPool.java:1034)
        at java.lang.Thread.run(Thread.java:748)
"IPC Server handler 77 on default port 13033" daemon prio=5 tid=2387 timed_waiting
java.lang.Thread.State: TIMED_WAITING
        at sun.misc.Unsafe.park(Native Method)
        at java.util.concurrent.locks.LockSupport.parkNanos(LockSupport.java:215)
        at java.util.concurrent.locks.AbstractQueuedSynchronizer$ConditionObject.awaitNanos(AbstractQueuedSynchronizer.java:2078)
        at java.util.concurrent.LinkedBlockingQueue.poll(LinkedBlockingQueue.java:467)
        at org.apache.hadoop.ipc.CallQueueManager.take(CallQueueManager.java:317)
        at org.apache.hadoop.ipc.Server$Handler.run(Server.java:2932)
"Datanode ReportManager Thread - 3" daemon prio=5 tid=618 in Object.wait()
java.lang.Thread.State: WAITING (on object monitor)
        at sun.misc.Unsafe.park(Native Method)
        at java.util.concurrent.locks.LockSupport.park(LockSupport.java:175)
        at java.util.concurrent.locks.AbstractQueuedSynchronizer$ConditionObject.await(AbstractQueuedSynchronizer.java:2039)
        at java.util.concurrent.ScheduledThreadPoolExecutor$DelayedWorkQueue.take(ScheduledThreadPoolExecutor.java:1088)
        at java.util.concurrent.ScheduledThreadPoolExecutor$DelayedWorkQueue.take(ScheduledThreadPoolExecutor.java:809)
        at java.util.concurrent.ThreadPoolExecutor.getTask(ThreadPoolExecutor.java:1074)
        at java.util.concurrent.ThreadPoolExecutor.runWorker(ThreadPoolExecutor.java:1134)
        at java.util.concurrent.ThreadPoolExecutor$Worker.run(ThreadPoolExecutor.java:624)
        at java.lang.Thread.run(Thread.java:748)
"IPC Server handler 14 on default port 13044" daemon prio=5 tid=2511 timed_waiting
java.lang.Thread.State: TIMED_WAITING
        at sun.misc.Unsafe.park(Native Method)
        at java.util.concurrent.locks.LockSupport.parkNanos(LockSupport.java:215)
        at java.util.concurrent.locks.AbstractQueuedSynchronizer$ConditionObject.awaitNanos(AbstractQueuedSynchronizer.java:2078)
        at java.util.concurrent.LinkedBlockingQueue.poll(LinkedBlockingQueue.java:467)
        at org.apache.hadoop.ipc.CallQueueManager.take(CallQueueManager.java:317)
        at org.apache.hadoop.ipc.Server$Handler.run(Server.java:2932)
"IPC Server handler 76 on default port 13033" daemon prio=5 tid=2386 timed_waiting
java.lang.Thread.State: TIMED_WAITING
        at sun.misc.Unsafe.park(Native Method)
        at java.util.concurrent.locks.LockSupport.parkNanos(LockSupport.java:215)
        at java.util.concurrent.locks.AbstractQueuedSynchronizer$ConditionObject.awaitNanos(AbstractQueuedSynchronizer.java:2078)
        at java.util.concurrent.LinkedBlockingQueue.poll(LinkedBlockingQueue.java:467)
        at org.apache.hadoop.ipc.CallQueueManager.take(CallQueueManager.java:317)
        at org.apache.hadoop.ipc.Server$Handler.run(Server.java:2932)
"EndpointStateMachine task thread for /127.0.0.1:12199 - 0 "  prio=5 tid=1770 in Object.wait()
java.lang.Thread.State: WAITING (on object monitor)
        at sun.misc.Unsafe.park(Native Method)
        at java.util.concurrent.locks.LockSupport.park(LockSupport.java:175)
        at java.util.concurrent.locks.AbstractQueuedSynchronizer$ConditionObject.await(AbstractQueuedSynchronizer.java:2039)
        at java.util.concurrent.LinkedBlockingQueue.take(LinkedBlockingQueue.java:442)
        at java.util.concurrent.ThreadPoolExecutor.getTask(ThreadPoolExecutor.java:1074)
        at java.util.concurrent.ThreadPoolExecutor.runWorker(ThreadPoolExecutor.java:1134)
        at java.util.concurrent.ThreadPoolExecutor$Worker.run(ThreadPoolExecutor.java:624)
        at java.lang.Thread.run(Thread.java:748)
"org.apache.hadoop.util.JvmPauseMonitor$Monitor@4ba0ab66" daemon prio=5 tid=2292 timed_waiting
java.lang.Thread.State: TIMED_WAITING
        at java.lang.Thread.sleep(Native Method)
        at org.apache.hadoop.util.JvmPauseMonitor$Monitor.run(JvmPauseMonitor.java:192)
        at java.lang.Thread.run(Thread.java:748)
"IPC Server handler 78 on default port 13035" daemon prio=5 tid=2169 timed_waiting
java.lang.Thread.State: TIMED_WAITING
        at sun.misc.Unsafe.park(Native Method)
        at java.util.concurrent.locks.LockSupport.parkNanos(LockSupport.java:215)
        at java.util.concurrent.locks.AbstractQueuedSynchronizer$ConditionObject.awaitNanos(AbstractQueuedSynchronizer.java:2078)
        at java.util.concurrent.LinkedBlockingQueue.poll(LinkedBlockingQueue.java:467)
        at org.apache.hadoop.ipc.CallQueueManager.take(CallQueueManager.java:317)
        at org.apache.hadoop.ipc.Server$Handler.run(Server.java:2932)
"IPC Server handler 30 on default port 13034" daemon prio=5 tid=2221 timed_waiting
java.lang.Thread.State: TIMED_WAITING
        at sun.misc.Unsafe.park(Native Method)
        at java.util.concurrent.locks.LockSupport.parkNanos(LockSupport.java:215)
        at java.util.concurrent.locks.AbstractQueuedSynchronizer$ConditionObject.awaitNanos(AbstractQueuedSynchronizer.java:2078)
        at java.util.concurrent.LinkedBlockingQueue.poll(LinkedBlockingQueue.java:467)
        at org.apache.hadoop.ipc.CallQueueManager.take(CallQueueManager.java:317)
        at org.apache.hadoop.ipc.Server$Handler.run(Server.java:2932)
"IPC Server handler 23 on default port 13034" daemon prio=5 tid=2214 timed_waiting
java.lang.Thread.State: TIMED_WAITING
        at sun.misc.Unsafe.park(Native Method)
        at java.util.concurrent.locks.LockSupport.parkNanos(LockSupport.java:215)
        at java.util.concurrent.locks.AbstractQueuedSynchronizer$ConditionObject.awaitNanos(AbstractQueuedSynchronizer.java:2078)
        at java.util.concurrent.LinkedBlockingQueue.poll(LinkedBlockingQueue.java:467)
        at org.apache.hadoop.ipc.CallQueueManager.take(CallQueueManager.java:317)
        at org.apache.hadoop.ipc.Server$Handler.run(Server.java:2932)
"IPC Server handler 94 on default port 13035" daemon prio=5 tid=2185 timed_waiting
java.lang.Thread.State: TIMED_WAITING
        at sun.misc.Unsafe.park(Native Method)
        at java.util.concurrent.locks.LockSupport.parkNanos(LockSupport.java:215)
        at java.util.concurrent.locks.AbstractQueuedSynchronizer$ConditionObject.awaitNanos(AbstractQueuedSynchronizer.java:2078)
        at java.util.concurrent.LinkedBlockingQueue.poll(LinkedBlockingQueue.java:467)
        at org.apache.hadoop.ipc.CallQueueManager.take(CallQueueManager.java:317)
        at org.apache.hadoop.ipc.Server$Handler.run(Server.java:2932)
"SCM Heartbeat Processing Thread - 0" daemon prio=5 tid=2420 timed_waiting
java.lang.Thread.State: TIMED_WAITING
        at sun.misc.Unsafe.park(Native Method)
        at java.util.concurrent.locks.LockSupport.parkNanos(LockSupport.java:215)
        at java.util.concurrent.locks.AbstractQueuedSynchronizer$ConditionObject.awaitNanos(AbstractQueuedSynchronizer.java:2078)
        at java.util.concurrent.ScheduledThreadPoolExecutor$DelayedWorkQueue.take(ScheduledThreadPoolExecutor.java:1093)
        at java.util.concurrent.ScheduledThreadPoolExecutor$DelayedWorkQueue.take(ScheduledThreadPoolExecutor.java:809)
        at java.util.concurrent.ThreadPoolExecutor.getTask(ThreadPoolExecutor.java:1074)
        at java.util.concurrent.ThreadPoolExecutor.runWorker(ThreadPoolExecutor.java:1134)
        at java.util.concurrent.ThreadPoolExecutor$Worker.run(ThreadPoolExecutor.java:624)
        at java.lang.Thread.run(Thread.java:748)
"IPC Server handler 17 on default port 13035" daemon prio=5 tid=2108 timed_waiting
java.lang.Thread.State: TIMED_WAITING
        at sun.misc.Unsafe.park(Native Method)
        at java.util.concurrent.locks.LockSupport.parkNanos(LockSupport.java:215)
        at java.util.concurrent.locks.AbstractQueuedSynchronizer$ConditionObject.awaitNanos(AbstractQueuedSynchronizer.java:2078)
        at java.util.concurrent.LinkedBlockingQueue.poll(LinkedBlockingQueue.java:467)
        at org.apache.hadoop.ipc.CallQueueManager.take(CallQueueManager.java:317)
        at org.apache.hadoop.ipc.Server$Handler.run(Server.java:2932)
"BlockDeletingService#2" daemon prio=5 tid=2980 in Object.wait()
java.lang.Thread.State: WAITING (on object monitor)
        at sun.misc.Unsafe.park(Native Method)
        at java.util.concurrent.locks.LockSupport.park(LockSupport.java:175)
        at java.util.concurrent.locks.AbstractQueuedSynchronizer$ConditionObject.await(AbstractQueuedSynchronizer.java:2039)
        at java.util.concurrent.ScheduledThreadPoolExecutor$DelayedWorkQueue.take(ScheduledThreadPoolExecutor.java:1088)
        at java.util.concurrent.ScheduledThreadPoolExecutor$DelayedWorkQueue.take(ScheduledThreadPoolExecutor.java:809)
        at java.util.concurrent.ThreadPoolExecutor.getTask(ThreadPoolExecutor.java:1074)
        at java.util.concurrent.ThreadPoolExecutor.runWorker(ThreadPoolExecutor.java:1134)
        at java.util.concurrent.ThreadPoolExecutor$Worker.run(ThreadPoolExecutor.java:624)
        at java.lang.Thread.run(Thread.java:748)
"SCMBlockDeletingService#0" daemon prio=5 tid=2517 timed_waiting
java.lang.Thread.State: TIMED_WAITING
        at sun.misc.Unsafe.park(Native Method)
        at java.util.concurrent.locks.LockSupport.parkNanos(LockSupport.java:215)
        at java.util.concurrent.locks.AbstractQueuedSynchronizer$ConditionObject.awaitNanos(AbstractQueuedSynchronizer.java:2078)
        at java.util.concurrent.ScheduledThreadPoolExecutor$DelayedWorkQueue.take(ScheduledThreadPoolExecutor.java:1093)
        at java.util.concurrent.ScheduledThreadPoolExecutor$DelayedWorkQueue.take(ScheduledThreadPoolExecutor.java:809)
        at java.util.concurrent.ThreadPoolExecutor.getTask(ThreadPoolExecutor.java:1074)
        at java.util.concurrent.ThreadPoolExecutor.runWorker(ThreadPoolExecutor.java:1134)
        at java.util.concurrent.ThreadPoolExecutor$Worker.run(ThreadPoolExecutor.java:624)
        at java.lang.Thread.run(Thread.java:748)
"IPC Server handler 7 on default port 13044" daemon prio=5 tid=2504 timed_waiting
java.lang.Thread.State: TIMED_WAITING
        at sun.misc.Unsafe.park(Native Method)
        at java.util.concurrent.locks.LockSupport.parkNanos(LockSupport.java:215)
        at java.util.concurrent.locks.AbstractQueuedSynchronizer$ConditionObject.awaitNanos(AbstractQueuedSynchronizer.java:2078)
        at java.util.concurrent.LinkedBlockingQueue.poll(LinkedBlockingQueue.java:467)
        at org.apache.hadoop.ipc.CallQueueManager.take(CallQueueManager.java:317)
        at org.apache.hadoop.ipc.Server$Handler.run(Server.java:2932)
"Datanode State Machine Task Thread - 2"  prio=5 tid=2692 in Object.wait()
java.lang.Thread.State: WAITING (on object monitor)
        at sun.misc.Unsafe.park(Native Method)
        at java.util.concurrent.locks.LockSupport.park(LockSupport.java:175)
        at java.util.concurrent.locks.AbstractQueuedSynchronizer$ConditionObject.await(AbstractQueuedSynchronizer.java:2039)
        at java.util.concurrent.LinkedBlockingQueue.take(LinkedBlockingQueue.java:442)
        at java.util.concurrent.ThreadPoolExecutor.getTask(ThreadPoolExecutor.java:1074)
        at java.util.concurrent.ThreadPoolExecutor.runWorker(ThreadPoolExecutor.java:1134)
        at java.util.concurrent.ThreadPoolExecutor$Worker.run(ThreadPoolExecutor.java:624)
        at java.lang.Thread.run(Thread.java:748)
"Datanode ReportManager Thread - 3" daemon prio=5 tid=2670 timed_waiting
java.lang.Thread.State: TIMED_WAITING
        at sun.misc.Unsafe.park(Native Method)
        at java.util.concurrent.locks.LockSupport.parkNanos(LockSupport.java:215)
        at java.util.concurrent.locks.AbstractQueuedSynchronizer$ConditionObject.awaitNanos(AbstractQueuedSynchronizer.java:2078)
        at java.util.concurrent.ScheduledThreadPoolExecutor$DelayedWorkQueue.take(ScheduledThreadPoolExecutor.java:1093)
        at java.util.concurrent.ScheduledThreadPoolExecutor$DelayedWorkQueue.take(ScheduledThreadPoolExecutor.java:809)
        at java.util.concurrent.ThreadPoolExecutor.getTask(ThreadPoolExecutor.java:1074)
        at java.util.concurrent.ThreadPoolExecutor.runWorker(ThreadPoolExecutor.java:1134)
        at java.util.concurrent.ThreadPoolExecutor$Worker.run(ThreadPoolExecutor.java:624)
        at java.lang.Thread.run(Thread.java:748)
"IPC Server handler 18 on default port 11132" daemon prio=5 tid=2594 timed_waiting
java.lang.Thread.State: TIMED_WAITING
        at sun.misc.Unsafe.park(Native Method)
        at java.util.concurrent.locks.LockSupport.parkNanos(LockSupport.java:215)
        at java.util.concurrent.locks.AbstractQueuedSynchronizer$ConditionObject.awaitNanos(AbstractQueuedSynchronizer.java:2078)
        at java.util.concurrent.LinkedBlockingQueue.poll(LinkedBlockingQueue.java:467)
        at org.apache.hadoop.ipc.CallQueueManager.take(CallQueueManager.java:317)
        at org.apache.hadoop.ipc.Server$Handler.run(Server.java:2932)
"IPC Server handler 58 on default port 13035" daemon prio=5 tid=2149 timed_waiting
java.lang.Thread.State: TIMED_WAITING
        at sun.misc.Unsafe.park(Native Method)
        at java.util.concurrent.locks.LockSupport.parkNanos(LockSupport.java:215)
        at java.util.concurrent.locks.AbstractQueuedSynchronizer$ConditionObject.awaitNanos(AbstractQueuedSynchronizer.java:2078)
        at java.util.concurrent.LinkedBlockingQueue.poll(LinkedBlockingQueue.java:467)
        at org.apache.hadoop.ipc.CallQueueManager.take(CallQueueManager.java:317)
        at org.apache.hadoop.ipc.Server$Handler.run(Server.java:2932)
"IPC Server handler 59 on default port 13035" daemon prio=5 tid=2150 timed_waiting
java.lang.Thread.State: TIMED_WAITING
        at sun.misc.Unsafe.park(Native Method)
        at java.util.concurrent.locks.LockSupport.parkNanos(LockSupport.java:215)
        at java.util.concurrent.locks.AbstractQueuedSynchronizer$ConditionObject.awaitNanos(AbstractQueuedSynchronizer.java:2078)
        at java.util.concurrent.LinkedBlockingQueue.poll(LinkedBlockingQueue.java:467)
        at org.apache.hadoop.ipc.CallQueueManager.take(CallQueueManager.java:317)
        at org.apache.hadoop.ipc.Server$Handler.run(Server.java:2932)
"IPC Server handler 8 on default port 13044" daemon prio=5 tid=2505 timed_waiting
java.lang.Thread.State: TIMED_WAITING
        at sun.misc.Unsafe.park(Native Method)
        at java.util.concurrent.locks.LockSupport.parkNanos(LockSupport.java:215)
        at java.util.concurrent.locks.AbstractQueuedSynchronizer$ConditionObject.awaitNanos(AbstractQueuedSynchronizer.java:2078)
        at java.util.concurrent.LinkedBlockingQueue.poll(LinkedBlockingQueue.java:467)
        at org.apache.hadoop.ipc.CallQueueManager.take(CallQueueManager.java:317)
        at org.apache.hadoop.ipc.Server$Handler.run(Server.java:2932)
"IPC Server handler 79 on default port 13035" daemon prio=5 tid=2170 timed_waiting
java.lang.Thread.State: TIMED_WAITING
        at sun.misc.Unsafe.park(Native Method)
        at java.util.concurrent.locks.LockSupport.parkNanos(LockSupport.java:215)
        at java.util.concurrent.locks.AbstractQueuedSynchronizer$ConditionObject.awaitNanos(AbstractQueuedSynchronizer.java:2078)
        at java.util.concurrent.LinkedBlockingQueue.poll(LinkedBlockingQueue.java:467)
        at org.apache.hadoop.ipc.CallQueueManager.take(CallQueueManager.java:317)
        at org.apache.hadoop.ipc.Server$Handler.run(Server.java:2932)
"IPC Server handler 66 on default port 13035" daemon prio=5 tid=2157 timed_waiting
java.lang.Thread.State: TIMED_WAITING
        at sun.misc.Unsafe.park(Native Method)
        at java.util.concurrent.locks.LockSupport.parkNanos(LockSupport.java:215)
        at java.util.concurrent.locks.AbstractQueuedSynchronizer$ConditionObject.awaitNanos(AbstractQueuedSynchronizer.java:2078)
        at java.util.concurrent.LinkedBlockingQueue.poll(LinkedBlockingQueue.java:467)
        at org.apache.hadoop.ipc.CallQueueManager.take(CallQueueManager.java:317)
        at org.apache.hadoop.ipc.Server$Handler.run(Server.java:2932)
"DatanodeAdminManager-0" daemon prio=5 tid=2423 timed_waiting
java.lang.Thread.State: TIMED_WAITING
        at sun.misc.Unsafe.park(Native Method)
        at java.util.concurrent.locks.LockSupport.parkNanos(LockSupport.java:215)
        at java.util.concurrent.locks.AbstractQueuedSynchronizer$ConditionObject.awaitNanos(AbstractQueuedSynchronizer.java:2078)
        at java.util.concurrent.ScheduledThreadPoolExecutor$DelayedWorkQueue.take(ScheduledThreadPoolExecutor.java:1093)
        at java.util.concurrent.ScheduledThreadPoolExecutor$DelayedWorkQueue.take(ScheduledThreadPoolExecutor.java:809)
        at java.util.concurrent.ThreadPoolExecutor.getTask(ThreadPoolExecutor.java:1074)
        at java.util.concurrent.ThreadPoolExecutor.runWorker(ThreadPoolExecutor.java:1134)
        at java.util.concurrent.ThreadPoolExecutor$Worker.run(ThreadPoolExecutor.java:624)
        at java.lang.Thread.run(Thread.java:748)
"IPC Server handler 75 on default port 13033" daemon prio=5 tid=2385 timed_waiting
java.lang.Thread.State: TIMED_WAITING
        at sun.misc.Unsafe.park(Native Method)
        at java.util.concurrent.locks.LockSupport.parkNanos(LockSupport.java:215)
        at java.util.concurrent.locks.AbstractQueuedSynchronizer$ConditionObject.awaitNanos(AbstractQueuedSynchronizer.java:2078)
        at java.util.concurrent.LinkedBlockingQueue.poll(LinkedBlockingQueue.java:467)
        at org.apache.hadoop.ipc.CallQueueManager.take(CallQueueManager.java:317)
        at org.apache.hadoop.ipc.Server$Handler.run(Server.java:2932)
"d262ff89-3d5e-4ab4-981f-dc8616a3cc4b@group-1FC4E3DC1381-FollowerState" daemon prio=5 tid=2882 timed_waiting
java.lang.Thread.State: TIMED_WAITING
        at java.lang.Thread.sleep(Native Method)
        at java.lang.Thread.sleep(Thread.java:340)
        at java.util.concurrent.TimeUnit.sleep(TimeUnit.java:386)
        at org.apache.ratis.util.TimeDuration.sleep(TimeDuration.java:324)
        at org.apache.ratis.util.TimeDuration.sleep(TimeDuration.java:309)
        at org.apache.ratis.server.impl.FollowerState.run(FollowerState.java:118)
"IPC Server handler 35 on default port 13033" daemon prio=5 tid=2345 timed_waiting
java.lang.Thread.State: TIMED_WAITING
        at sun.misc.Unsafe.park(Native Method)
        at java.util.concurrent.locks.LockSupport.parkNanos(LockSupport.java:215)
        at java.util.concurrent.locks.AbstractQueuedSynchronizer$ConditionObject.awaitNanos(AbstractQueuedSynchronizer.java:2078)
        at java.util.concurrent.LinkedBlockingQueue.poll(LinkedBlockingQueue.java:467)
        at org.apache.hadoop.ipc.CallQueueManager.take(CallQueueManager.java:317)
        at org.apache.hadoop.ipc.Server$Handler.run(Server.java:2932)
"IPC Server handler 4 on default port 13035" daemon prio=5 tid=2095 timed_waiting
java.lang.Thread.State: TIMED_WAITING
        at sun.misc.Unsafe.park(Native Method)
        at java.util.concurrent.locks.LockSupport.parkNanos(LockSupport.java:215)
        at java.util.concurrent.locks.AbstractQueuedSynchronizer$ConditionObject.awaitNanos(AbstractQueuedSynchronizer.java:2078)
        at java.util.concurrent.LinkedBlockingQueue.poll(LinkedBlockingQueue.java:467)
        at org.apache.hadoop.ipc.CallQueueManager.take(CallQueueManager.java:317)
        at org.apache.hadoop.ipc.Server$Handler.run(Server.java:2932)
"IPC Server handler 15 on default port 13045" daemon prio=5 tid=2492 timed_waiting
java.lang.Thread.State: TIMED_WAITING
        at sun.misc.Unsafe.park(Native Method)
        at java.util.concurrent.locks.LockSupport.parkNanos(LockSupport.java:215)
        at java.util.concurrent.locks.AbstractQueuedSynchronizer$ConditionObject.awaitNanos(AbstractQueuedSynchronizer.java:2078)
        at java.util.concurrent.LinkedBlockingQueue.poll(LinkedBlockingQueue.java:467)
        at org.apache.hadoop.ipc.CallQueueManager.take(CallQueueManager.java:317)
        at org.apache.hadoop.ipc.Server$Handler.run(Server.java:2932)
"IPC Server handler 84 on default port 13034" daemon prio=5 tid=2275 timed_waiting
java.lang.Thread.State: TIMED_WAITING
        at sun.misc.Unsafe.park(Native Method)
        at java.util.concurrent.locks.LockSupport.parkNanos(LockSupport.java:215)
        at java.util.concurrent.locks.AbstractQueuedSynchronizer$ConditionObject.awaitNanos(AbstractQueuedSynchronizer.java:2078)
        at java.util.concurrent.LinkedBlockingQueue.poll(LinkedBlockingQueue.java:467)
        at org.apache.hadoop.ipc.CallQueueManager.take(CallQueueManager.java:317)
        at org.apache.hadoop.ipc.Server$Handler.run(Server.java:2932)
"IPC Server handler 60 on default port 13035" daemon prio=5 tid=2151 timed_waiting
java.lang.Thread.State: TIMED_WAITING
        at sun.misc.Unsafe.park(Native Method)
        at java.util.concurrent.locks.LockSupport.parkNanos(LockSupport.java:215)
        at java.util.concurrent.locks.AbstractQueuedSynchronizer$ConditionObject.awaitNanos(AbstractQueuedSynchronizer.java:2078)
        at java.util.concurrent.LinkedBlockingQueue.poll(LinkedBlockingQueue.java:467)
        at org.apache.hadoop.ipc.CallQueueManager.take(CallQueueManager.java:317)
        at org.apache.hadoop.ipc.Server$Handler.run(Server.java:2932)
"IPC Server handler 19 on default port 13034" daemon prio=5 tid=2210 timed_waiting
java.lang.Thread.State: TIMED_WAITING
        at sun.misc.Unsafe.park(Native Method)
        at java.util.concurrent.locks.LockSupport.parkNanos(LockSupport.java:215)
        at java.util.concurrent.locks.AbstractQueuedSynchronizer$ConditionObject.awaitNanos(AbstractQueuedSynchronizer.java:2078)
        at java.util.concurrent.LinkedBlockingQueue.poll(LinkedBlockingQueue.java:467)
        at org.apache.hadoop.ipc.CallQueueManager.take(CallQueueManager.java:317)
        at org.apache.hadoop.ipc.Server$Handler.run(Server.java:2932)
"EndpointStateMachine task thread for /127.0.0.1:13053 - 0 "  prio=5 tid=2710 in Object.wait()
java.lang.Thread.State: WAITING (on object monitor)
        at java.lang.Object.wait(Native Method)
        at java.lang.Object.wait(Object.java:502)
        at org.apache.hadoop.util.concurrent.AsyncGet$Util.wait(AsyncGet.java:59)
        at org.apache.hadoop.ipc.Client.getRpcResponse(Client.java:1561)
        at org.apache.hadoop.ipc.Client.call(Client.java:1519)
        at org.apache.hadoop.ipc.Client.call(Client.java:1416)
        at org.apache.hadoop.ipc.ProtobufRpcEngine$Invoker.invoke(ProtobufRpcEngine.java:236)
        at org.apache.hadoop.ipc.ProtobufRpcEngine$Invoker.invoke(ProtobufRpcEngine.java:123)
        at com.sun.proxy.$Proxy48.submitRequest(Unknown Source)
        at org.apache.hadoop.ozone.protocolPB.StorageContainerDatanodeProtocolClientSideTranslatorPB.submitRequest(StorageContainerDatanodeProtocolClientSideTranslatorPB.java:117)
        at org.apache.hadoop.ozone.protocolPB.StorageContainerDatanodeProtocolClientSideTranslatorPB.getVersion(StorageContainerDatanodeProtocolClientSideTranslatorPB.java:133)
        at org.apache.hadoop.ozone.container.common.states.endpoint.VersionEndpointTask.call(VersionEndpointTask.java:71)
        at org.apache.hadoop.ozone.container.common.states.endpoint.VersionEndpointTask.call(VersionEndpointTask.java:42)
        at java.util.concurrent.FutureTask.run(FutureTask.java:266)
        at java.util.concurrent.ThreadPoolExecutor.runWorker(ThreadPoolExecutor.java:1149)
        at java.util.concurrent.ThreadPoolExecutor$Worker.run(ThreadPoolExecutor.java:624)
        at java.lang.Thread.run(Thread.java:748)
"Datanode State Machine Task Thread - 0"  prio=5 tid=2674 in Object.wait()
java.lang.Thread.State: WAITING (on object monitor)
        at sun.misc.Unsafe.park(Native Method)
        at java.util.concurrent.locks.LockSupport.park(LockSupport.java:175)
        at java.util.concurrent.locks.AbstractQueuedSynchronizer$ConditionObject.await(AbstractQueuedSynchronizer.java:2039)
        at java.util.concurrent.LinkedBlockingQueue.take(LinkedBlockingQueue.java:442)
        at java.util.concurrent.ThreadPoolExecutor.getTask(ThreadPoolExecutor.java:1074)
        at java.util.concurrent.ThreadPoolExecutor.runWorker(ThreadPoolExecutor.java:1134)
        at java.util.concurrent.ThreadPoolExecutor$Worker.run(ThreadPoolExecutor.java:624)
        at java.lang.Thread.run(Thread.java:748)
"IPC Server handler 80 on default port 13033" daemon prio=5 tid=2390 timed_waiting
java.lang.Thread.State: TIMED_WAITING
        at sun.misc.Unsafe.park(Native Method)
        at java.util.concurrent.locks.LockSupport.parkNanos(LockSupport.java:215)
        at java.util.concurrent.locks.AbstractQueuedSynchronizer$ConditionObject.awaitNanos(AbstractQueuedSynchronizer.java:2078)
        at java.util.concurrent.LinkedBlockingQueue.poll(LinkedBlockingQueue.java:467)
        at org.apache.hadoop.ipc.CallQueueManager.take(CallQueueManager.java:317)
        at org.apache.hadoop.ipc.Server$Handler.run(Server.java:2932)
"IPC Server handler 55 on default port 13034" daemon prio=5 tid=2246 timed_waiting
java.lang.Thread.State: TIMED_WAITING
        at sun.misc.Unsafe.park(Native Method)
        at java.util.concurrent.locks.LockSupport.parkNanos(LockSupport.java:215)
        at java.util.concurrent.locks.AbstractQueuedSynchronizer$ConditionObject.awaitNanos(AbstractQueuedSynchronizer.java:2078)
        at java.util.concurrent.LinkedBlockingQueue.poll(LinkedBlockingQueue.java:467)
        at org.apache.hadoop.ipc.CallQueueManager.take(CallQueueManager.java:317)
        at org.apache.hadoop.ipc.Server$Handler.run(Server.java:2932)
"grpc-default-executor-0" daemon prio=5 tid=2440 timed_waiting
java.lang.Thread.State: TIMED_WAITING
        at sun.misc.Unsafe.park(Native Method)
        at java.util.concurrent.locks.LockSupport.parkNanos(LockSupport.java:215)
        at java.util.concurrent.SynchronousQueue$TransferStack.awaitFulfill(SynchronousQueue.java:460)
        at java.util.concurrent.SynchronousQueue$TransferStack.transfer(SynchronousQueue.java:362)
        at java.util.concurrent.SynchronousQueue.poll(SynchronousQueue.java:941)
        at java.util.concurrent.ThreadPoolExecutor.getTask(ThreadPoolExecutor.java:1073)
        at java.util.concurrent.ThreadPoolExecutor.runWorker(ThreadPoolExecutor.java:1134)
        at java.util.concurrent.ThreadPoolExecutor$Worker.run(ThreadPoolExecutor.java:624)
        at java.lang.Thread.run(Thread.java:748)
"IPC Server handler 16 on default port 13034" daemon prio=5 tid=2207 timed_waiting
java.lang.Thread.State: TIMED_WAITING
        at sun.misc.Unsafe.park(Native Method)
        at java.util.concurrent.locks.LockSupport.parkNanos(LockSupport.java:215)
        at java.util.concurrent.locks.AbstractQueuedSynchronizer$ConditionObject.awaitNanos(AbstractQueuedSynchronizer.java:2078)
        at java.util.concurrent.LinkedBlockingQueue.poll(LinkedBlockingQueue.java:467)
        at org.apache.hadoop.ipc.CallQueueManager.take(CallQueueManager.java:317)
        at org.apache.hadoop.ipc.Server$Handler.run(Server.java:2932)
"java.util.concurrent.ThreadPoolExecutor$Worker@13d023ec[State = -1, empty queue]" daemon prio=5 tid=2774 timed_waiting
java.lang.Thread.State: TIMED_WAITING
        at sun.misc.Unsafe.park(Native Method)
        at java.util.concurrent.locks.LockSupport.parkNanos(LockSupport.java:215)
        at java.util.concurrent.locks.AbstractQueuedSynchronizer$ConditionObject.awaitNanos(AbstractQueuedSynchronizer.java:2078)
        at java.util.concurrent.ScheduledThreadPoolExecutor$DelayedWorkQueue.take(ScheduledThreadPoolExecutor.java:1093)
        at java.util.concurrent.ScheduledThreadPoolExecutor$DelayedWorkQueue.take(ScheduledThreadPoolExecutor.java:809)
        at java.util.concurrent.ThreadPoolExecutor.getTask(ThreadPoolExecutor.java:1074)
        at java.util.concurrent.ThreadPoolExecutor.runWorker(ThreadPoolExecutor.java:1134)
        at java.util.concurrent.ThreadPoolExecutor$Worker.run(ThreadPoolExecutor.java:624)
        at java.lang.Thread.run(Thread.java:748)
"Listener at 127.0.0.1/11132"  prio=5 tid=1 runnable
java.lang.Thread.State: RUNNABLE
        at java.lang.Thread.dumpThreads(Native Method)
        at java.lang.Thread.getAllStackTraces(Thread.java:1610)
        at org.apache.ozone.test.TimedOutTestsListener.buildThreadDump(TimedOutTestsListener.java:93)
        at org.apache.ozone.test.TimedOutTestsListener.buildThreadDiagnosticString(TimedOutTestsListener.java:79)
        at org.apache.ozone.test.GenericTestUtils.waitFor(GenericTestUtils.java:225)
        at org.apache.hadoop.ozone.MiniOzoneClusterImpl.waitForClusterToBeReady(MiniOzoneClusterImpl.java:228)
        at org.apache.hadoop.ozone.scm.TestSCMInstallSnapshotWithHA.init(TestSCMInstallSnapshotWithHA.java:104)
        at sun.reflect.NativeMethodAccessorImpl.invoke0(Native Method)
        at sun.reflect.NativeMethodAccessorImpl.invoke(NativeMethodAccessorImpl.java:62)
        at sun.reflect.DelegatingMethodAccessorImpl.invoke(DelegatingMethodAccessorImpl.java:43)
        at java.lang.reflect.Method.invoke(Method.java:498)
        at org.junit.platform.commons.util.ReflectionUtils.invokeMethod(ReflectionUtils.java:688)
        at org.junit.jupiter.engine.execution.MethodInvocation.proceed(MethodInvocation.java:60)
        at org.junit.jupiter.engine.execution.InvocationInterceptorChain$ValidatingInvocation.proceed(InvocationInterceptorChain.java:131)
        at org.junit.jupiter.engine.extension.TimeoutExtension.intercept(TimeoutExtension.java:149)
        at org.junit.jupiter.engine.extension.TimeoutExtension.interceptLifecycleMethod(TimeoutExtension.java:126)
        at org.junit.jupiter.engine.extension.TimeoutExtension.interceptBeforeEachMethod(TimeoutExtension.java:76)
        at org.junit.jupiter.engine.descriptor.ClassBasedTestDescriptor$$Lambda$272/548554586.apply(Unknown Source)
        at org.junit.jupiter.engine.execution.ExecutableInvoker$ReflectiveInterceptorCall.lambda$ofVoidMethod$0(ExecutableInvoker.java:115)
        at org.junit.jupiter.engine.execution.ExecutableInvoker$ReflectiveInterceptorCall$$Lambda$125/1431467659.apply(Unknown Source)
        at org.junit.jupiter.engine.execution.ExecutableInvoker.lambda$invoke$0(ExecutableInvoker.java:105)
        at org.junit.jupiter.engine.execution.ExecutableInvoker$$Lambda$260/231202600.apply(Unknown Source)
        at org.junit.jupiter.engine.execution.InvocationInterceptorChain$InterceptedInvocation.proceed(InvocationInterceptorChain.java:106)
        at org.junit.jupiter.engine.execution.InvocationInterceptorChain.proceed(InvocationInterceptorChain.java:64)
        at org.junit.jupiter.engine.execution.InvocationInterceptorChain.chainAndInvoke(InvocationInterceptorChain.java:45)
        at org.junit.jupiter.engine.execution.InvocationInterceptorChain.invoke(InvocationInterceptorChain.java:37)
        at org.junit.jupiter.engine.execution.ExecutableInvoker.invoke(ExecutableInvoker.java:104)
        at org.junit.jupiter.engine.execution.ExecutableInvoker.invoke(ExecutableInvoker.java:98)
        at org.junit.jupiter.engine.descriptor.ClassBasedTestDescriptor.invokeMethodInExtensionContext(ClassBasedTestDescriptor.java:490)
        at org.junit.jupiter.engine.descriptor.ClassBasedTestDescriptor.lambda$synthesizeBeforeEachMethodAdapter$19(ClassBasedTestDescriptor.java:475)
        at org.junit.jupiter.engine.descriptor.ClassBasedTestDescriptor$$Lambda$232/1396431506.invokeBeforeEachMethod(Unknown Source)
        at org.junit.jupiter.engine.descriptor.TestMethodTestDescriptor.lambda$invokeBeforeEachMethods$2(TestMethodTestDescriptor.java:167)
        at org.junit.jupiter.engine.descriptor.TestMethodTestDescriptor$$Lambda$271/554348863.invoke(Unknown Source)
        at org.junit.jupiter.engine.descriptor.TestMethodTestDescriptor.lambda$invokeBeforeMethodsOrCallbacksUntilExceptionOccurs$5(TestMethodTestDescriptor.java:195)
        at org.junit.jupiter.engine.descriptor.TestMethodTestDescriptor$$Lambda$268/136393487.execute(Unknown Source)
        at org.junit.platform.engine.support.hierarchical.ThrowableCollector.execute(ThrowableCollector.java:73)
        at org.junit.jupiter.engine.descriptor.TestMethodTestDescriptor.invokeBeforeMethodsOrCallbacksUntilExceptionOccurs(TestMethodTestDescriptor.java:195)
        at org.junit.jupiter.engine.descriptor.TestMethodTestDescriptor.invokeBeforeEachMethods(TestMethodTestDescriptor.java:164)
        at org.junit.jupiter.engine.descriptor.TestMethodTestDescriptor.execute(TestMethodTestDescriptor.java:127)
        at org.junit.jupiter.engine.descriptor.TestMethodTestDescriptor.execute(TestMethodTestDescriptor.java:65)
        at org.junit.platform.engine.support.hierarchical.NodeTestTask.lambda$executeRecursively$5(NodeTestTask.java:139)
        at org.junit.platform.engine.support.hierarchical.NodeTestTask$$Lambda$206/1876682596.execute(Unknown Source)
        at org.junit.platform.engine.support.hierarchical.ThrowableCollector.execute(ThrowableCollector.java:73)
        at org.junit.platform.engine.support.hierarchical.NodeTestTask.lambda$executeRecursively$7(NodeTestTask.java:129)
        at org.junit.platform.engine.support.hierarchical.NodeTestTask$$Lambda$205/171493374.invoke(Unknown Source)
        at org.junit.platform.engine.support.hierarchical.Node.around(Node.java:137)
        at org.junit.platform.engine.support.hierarchical.NodeTestTask.lambda$executeRecursively$8(NodeTestTask.java:127)
        at org.junit.platform.engine.support.hierarchical.NodeTestTask$$Lambda$204/1466785259.execute(Unknown Source)
        at org.junit.platform.engine.support.hierarchical.ThrowableCollector.execute(ThrowableCollector.java:73)
        at org.junit.platform.engine.support.hierarchical.NodeTestTask.executeRecursively(NodeTestTask.java:126)
        at org.junit.platform.engine.support.hierarchical.NodeTestTask.execute(NodeTestTask.java:84)
        at org.junit.platform.engine.support.hierarchical.SameThreadHierarchicalTestExecutorService$$Lambda$210/627318073.accept(Unknown Source)
        at java.util.ArrayList.forEach(ArrayList.java:1259)
        at org.junit.platform.engine.support.hierarchical.SameThreadHierarchicalTestExecutorService.invokeAll(SameThreadHierarchicalTestExecutorService.java:38)
        at org.junit.platform.engine.support.hierarchical.NodeTestTask.lambda$executeRecursively$5(NodeTestTask.java:143)
        at org.junit.platform.engine.support.hierarchical.NodeTestTask$$Lambda$206/1876682596.execute(Unknown Source)
        at org.junit.platform.engine.support.hierarchical.ThrowableCollector.execute(ThrowableCollector.java:73)
        at org.junit.platform.engine.support.hierarchical.NodeTestTask.lambda$executeRecursively$7(NodeTestTask.java:129)
        at org.junit.platform.engine.support.hierarchical.NodeTestTask$$Lambda$205/171493374.invoke(Unknown Source)
        at org.junit.platform.engine.support.hierarchical.Node.around(Node.java:137)
        at org.junit.platform.engine.support.hierarchical.NodeTestTask.lambda$executeRecursively$8(NodeTestTask.java:127)
        at org.junit.platform.engine.support.hierarchical.NodeTestTask$$Lambda$204/1466785259.execute(Unknown Source)
        at org.junit.platform.engine.support.hierarchical.ThrowableCollector.execute(ThrowableCollector.java:73)
        at org.junit.platform.engine.support.hierarchical.NodeTestTask.executeRecursively(NodeTestTask.java:126)
        at org.junit.platform.engine.support.hierarchical.NodeTestTask.execute(NodeTestTask.java:84)
        at org.junit.platform.engine.support.hierarchical.SameThreadHierarchicalTestExecutorService$$Lambda$210/627318073.accept(Unknown Source)
        at java.util.ArrayList.forEach(ArrayList.java:1259)
        at org.junit.platform.engine.support.hierarchical.SameThreadHierarchicalTestExecutorService.invokeAll(SameThreadHierarchicalTestExecutorService.java:38)
        at org.junit.platform.engine.support.hierarchical.NodeTestTask.lambda$executeRecursively$5(NodeTestTask.java:143)
        at org.junit.platform.engine.support.hierarchical.NodeTestTask$$Lambda$206/1876682596.execute(Unknown Source)
        at org.junit.platform.engine.support.hierarchical.ThrowableCollector.execute(ThrowableCollector.java:73)
        at org.junit.platform.engine.support.hierarchical.NodeTestTask.lambda$executeRecursively$7(NodeTestTask.java:129)
        at org.junit.platform.engine.support.hierarchical.NodeTestTask$$Lambda$205/171493374.invoke(Unknown Source)
        at org.junit.platform.engine.support.hierarchical.Node.around(Node.java:137)
        at org.junit.platform.engine.support.hierarchical.NodeTestTask.lambda$executeRecursively$8(NodeTestTask.java:127)
        at org.junit.platform.engine.support.hierarchical.NodeTestTask$$Lambda$204/1466785259.execute(Unknown Source)
        at org.junit.platform.engine.support.hierarchical.ThrowableCollector.execute(ThrowableCollector.java:73)
        at org.junit.platform.engine.support.hierarchical.NodeTestTask.executeRecursively(NodeTestTask.java:126)
        at org.junit.platform.engine.support.hierarchical.NodeTestTask.execute(NodeTestTask.java:84)
        at org.junit.platform.engine.support.hierarchical.SameThreadHierarchicalTestExecutorService.submit(SameThreadHierarchicalTestExecutorService.java:32)
        at org.junit.platform.engine.support.hierarchical.HierarchicalTestExecutor.execute(HierarchicalTestExecutor.java:57)
        at org.junit.platform.engine.support.hierarchical.HierarchicalTestEngine.execute(HierarchicalTestEngine.java:51)
        at org.junit.platform.launcher.core.EngineExecutionOrchestrator.execute(EngineExecutionOrchestrator.java:108)
        at org.junit.platform.launcher.core.EngineExecutionOrchestrator.execute(EngineExecutionOrchestrator.java:88)
        at org.junit.platform.launcher.core.EngineExecutionOrchestrator.lambda$execute$0(EngineExecutionOrchestrator.java:54)
        at org.junit.platform.launcher.core.EngineExecutionOrchestrator$$Lambda$166/1249875355.accept(Unknown Source)
        at org.junit.platform.launcher.core.EngineExecutionOrchestrator.withInterceptedStreams(EngineExecutionOrchestrator.java:67)
        at org.junit.platform.launcher.core.EngineExecutionOrchestrator.execute(EngineExecutionOrchestrator.java:52)
        at org.junit.platform.launcher.core.DefaultLauncher.execute(DefaultLauncher.java:96)
        at org.junit.platform.launcher.core.DefaultLauncher.execute(DefaultLauncher.java:75)
        at org.apache.maven.surefire.junitplatform.JUnitPlatformProvider.invokeAllTests(JUnitPlatformProvider.java:142)
        at org.apache.maven.surefire.junitplatform.JUnitPlatformProvider.invoke(JUnitPlatformProvider.java:113)
        at org.apache.maven.surefire.booter.ForkedBooter.invokeProviderInSameClassLoader(ForkedBooter.java:384)
        at org.apache.maven.surefire.booter.ForkedBooter.runSuitesInProcess(ForkedBooter.java:345)
        at org.apache.maven.surefire.booter.ForkedBooter.execute(ForkedBooter.java:126)
        at org.apache.maven.surefire.booter.ForkedBooter.main(ForkedBooter.java:418)
"Session-HouseKeeper-7b78a31e-1"  prio=5 tid=2302 timed_waiting
java.lang.Thread.State: TIMED_WAITING
        at sun.misc.Unsafe.park(Native Method)
        at java.util.concurrent.locks.LockSupport.parkNanos(LockSupport.java:215)
        at java.util.concurrent.locks.AbstractQueuedSynchronizer$ConditionObject.awaitNanos(AbstractQueuedSynchronizer.java:2078)
        at java.util.concurrent.ScheduledThreadPoolExecutor$DelayedWorkQueue.take(ScheduledThreadPoolExecutor.java:1093)
        at java.util.concurrent.ScheduledThreadPoolExecutor$DelayedWorkQueue.take(ScheduledThreadPoolExecutor.java:809)
        at java.util.concurrent.ThreadPoolExecutor.getTask(ThreadPoolExecutor.java:1074)
        at java.util.concurrent.ThreadPoolExecutor.runWorker(ThreadPoolExecutor.java:1134)
        at java.util.concurrent.ThreadPoolExecutor$Worker.run(ThreadPoolExecutor.java:624)
        at java.lang.Thread.run(Thread.java:748)
"IPC Server handler 19 on default port 13043" daemon prio=5 tid=2474 timed_waiting
java.lang.Thread.State: TIMED_WAITING
        at sun.misc.Unsafe.park(Native Method)
        at java.util.concurrent.locks.LockSupport.parkNanos(LockSupport.java:215)
        at java.util.concurrent.locks.AbstractQueuedSynchronizer$ConditionObject.awaitNanos(AbstractQueuedSynchronizer.java:2078)
        at java.util.concurrent.LinkedBlockingQueue.poll(LinkedBlockingQueue.java:467)
        at org.apache.hadoop.ipc.CallQueueManager.take(CallQueueManager.java:317)
        at org.apache.hadoop.ipc.Server$Handler.run(Server.java:2932)
"IPC Server handler 48 on default port 13034" daemon prio=5 tid=2239 timed_waiting
java.lang.Thread.State: TIMED_WAITING
        at sun.misc.Unsafe.park(Native Method)
        at java.util.concurrent.locks.LockSupport.parkNanos(LockSupport.java:215)
        at java.util.concurrent.locks.AbstractQueuedSynchronizer$ConditionObject.awaitNanos(AbstractQueuedSynchronizer.java:2078)
        at java.util.concurrent.LinkedBlockingQueue.poll(LinkedBlockingQueue.java:467)
        at org.apache.hadoop.ipc.CallQueueManager.take(CallQueueManager.java:317)
        at org.apache.hadoop.ipc.Server$Handler.run(Server.java:2932)
"IPC Server handler 99 on default port 13035" daemon prio=5 tid=2190 timed_waiting
java.lang.Thread.State: TIMED_WAITING
        at sun.misc.Unsafe.park(Native Method)
        at java.util.concurrent.locks.LockSupport.parkNanos(LockSupport.java:215)
        at java.util.concurrent.locks.AbstractQueuedSynchronizer$ConditionObject.awaitNanos(AbstractQueuedSynchronizer.java:2078)
        at java.util.concurrent.LinkedBlockingQueue.poll(LinkedBlockingQueue.java:467)
        at org.apache.hadoop.ipc.CallQueueManager.take(CallQueueManager.java:317)
        at org.apache.hadoop.ipc.Server$Handler.run(Server.java:2932)
"IPC Server handler 21 on default port 13035" daemon prio=5 tid=2112 timed_waiting
java.lang.Thread.State: TIMED_WAITING
        at sun.misc.Unsafe.park(Native Method)
        at java.util.concurrent.locks.LockSupport.parkNanos(LockSupport.java:215)
        at java.util.concurrent.locks.AbstractQueuedSynchronizer$ConditionObject.awaitNanos(AbstractQueuedSynchronizer.java:2078)
        at java.util.concurrent.LinkedBlockingQueue.poll(LinkedBlockingQueue.java:467)
        at org.apache.hadoop.ipc.CallQueueManager.take(CallQueueManager.java:317)
        at org.apache.hadoop.ipc.Server$Handler.run(Server.java:2932)
"IPC Server handler 89 on default port 13035" daemon prio=5 tid=2180 timed_waiting
java.lang.Thread.State: TIMED_WAITING
        at sun.misc.Unsafe.park(Native Method)
        at java.util.concurrent.locks.LockSupport.parkNanos(LockSupport.java:215)
        at java.util.concurrent.locks.AbstractQueuedSynchronizer$ConditionObject.awaitNanos(AbstractQueuedSynchronizer.java:2078)
        at java.util.concurrent.LinkedBlockingQueue.poll(LinkedBlockingQueue.java:467)
        at org.apache.hadoop.ipc.CallQueueManager.take(CallQueueManager.java:317)
        at org.apache.hadoop.ipc.Server$Handler.run(Server.java:2932)
"13676ba2-e17b-4a8f-9926-6ead84168abe@group-390751046F7B-FollowerState" daemon prio=5 tid=2447 timed_waiting
java.lang.Thread.State: TIMED_WAITING
        at java.lang.Thread.sleep(Native Method)
        at java.lang.Thread.sleep(Thread.java:340)
        at java.util.concurrent.TimeUnit.sleep(TimeUnit.java:386)
        at org.apache.ratis.util.TimeDuration.sleep(TimeDuration.java:324)
        at org.apache.ratis.util.TimeDuration.sleep(TimeDuration.java:309)
        at org.apache.ratis.server.impl.FollowerState.run(FollowerState.java:118)
"Reference Handler" daemon prio=10 tid=2 in Object.wait()
java.lang.Thread.State: WAITING (on object monitor)
        at java.lang.Object.wait(Native Method)
        at java.lang.Object.wait(Object.java:502)
        at java.lang.ref.Reference.tryHandlePending(Reference.java:191)
        at java.lang.ref.Reference$ReferenceHandler.run(Reference.java:153)
"BlockDeletingService#2" daemon prio=5 tid=2982 in Object.wait()
java.lang.Thread.State: WAITING (on object monitor)
        at sun.misc.Unsafe.park(Native Method)
        at java.util.concurrent.locks.LockSupport.park(LockSupport.java:175)
        at java.util.concurrent.locks.AbstractQueuedSynchronizer$ConditionObject.await(AbstractQueuedSynchronizer.java:2039)
        at java.util.concurrent.ScheduledThreadPoolExecutor$DelayedWorkQueue.take(ScheduledThreadPoolExecutor.java:1088)
        at java.util.concurrent.ScheduledThreadPoolExecutor$DelayedWorkQueue.take(ScheduledThreadPoolExecutor.java:809)
        at java.util.concurrent.ThreadPoolExecutor.getTask(ThreadPoolExecutor.java:1074)
        at java.util.concurrent.ThreadPoolExecutor.runWorker(ThreadPoolExecutor.java:1134)
        at java.util.concurrent.ThreadPoolExecutor$Worker.run(ThreadPoolExecutor.java:624)
        at java.lang.Thread.run(Thread.java:748)
"IPC Server handler 39 on default port 13033" daemon prio=5 tid=2349 timed_waiting
java.lang.Thread.State: TIMED_WAITING
        at sun.misc.Unsafe.park(Native Method)
        at java.util.concurrent.locks.LockSupport.parkNanos(LockSupport.java:215)
        at java.util.concurrent.locks.AbstractQueuedSynchronizer$ConditionObject.awaitNanos(AbstractQueuedSynchronizer.java:2078)
        at java.util.concurrent.LinkedBlockingQueue.poll(LinkedBlockingQueue.java:467)
        at org.apache.hadoop.ipc.CallQueueManager.take(CallQueueManager.java:317)
        at org.apache.hadoop.ipc.Server$Handler.run(Server.java:2932)
"EventQueue-OpenPipelineForHealthyPipelineSafeModeRule" daemon prio=5 tid=2743 in Object.wait()
java.lang.Thread.State: WAITING (on object monitor)
        at sun.misc.Unsafe.park(Native Method)
        at java.util.concurrent.locks.LockSupport.park(LockSupport.java:175)
        at java.util.concurrent.locks.AbstractQueuedSynchronizer$ConditionObject.await(AbstractQueuedSynchronizer.java:2039)
        at java.util.concurrent.LinkedBlockingQueue.take(LinkedBlockingQueue.java:442)
        at java.util.concurrent.ThreadPoolExecutor.getTask(ThreadPoolExecutor.java:1074)
        at java.util.concurrent.ThreadPoolExecutor.runWorker(ThreadPoolExecutor.java:1134)
        at java.util.concurrent.ThreadPoolExecutor$Worker.run(ThreadPoolExecutor.java:624)
        at java.lang.Thread.run(Thread.java:748)
"IPC Server handler 40 on default port 13033" daemon prio=5 tid=2350 timed_waiting
java.lang.Thread.State: TIMED_WAITING
        at sun.misc.Unsafe.park(Native Method)
        at java.util.concurrent.locks.LockSupport.parkNanos(LockSupport.java:215)
        at java.util.concurrent.locks.AbstractQueuedSynchronizer$ConditionObject.awaitNanos(AbstractQueuedSynchronizer.java:2078)
        at java.util.concurrent.LinkedBlockingQueue.poll(LinkedBlockingQueue.java:467)
        at org.apache.hadoop.ipc.CallQueueManager.take(CallQueueManager.java:317)
        at org.apache.hadoop.ipc.Server$Handler.run(Server.java:2932)
"IPC Server handler 10 on default port 13033" daemon prio=5 tid=2320 timed_waiting
java.lang.Thread.State: TIMED_WAITING
        at sun.misc.Unsafe.park(Native Method)
        at java.util.concurrent.locks.LockSupport.parkNanos(LockSupport.java:215)
        at java.util.concurrent.locks.AbstractQueuedSynchronizer$ConditionObject.awaitNanos(AbstractQueuedSynchronizer.java:2078)
        at java.util.concurrent.LinkedBlockingQueue.poll(LinkedBlockingQueue.java:467)
        at org.apache.hadoop.ipc.CallQueueManager.take(CallQueueManager.java:317)
        at org.apache.hadoop.ipc.Server$Handler.run(Server.java:2932)
"IPC Server handler 9 on default port 11132" daemon prio=5 tid=2585 timed_waiting
java.lang.Thread.State: TIMED_WAITING
        at sun.misc.Unsafe.park(Native Method)
        at java.util.concurrent.locks.LockSupport.parkNanos(LockSupport.java:215)
        at java.util.concurrent.locks.AbstractQueuedSynchronizer$ConditionObject.awaitNanos(AbstractQueuedSynchronizer.java:2078)
        at java.util.concurrent.LinkedBlockingQueue.poll(LinkedBlockingQueue.java:467)
        at org.apache.hadoop.ipc.CallQueueManager.take(CallQueueManager.java:317)
        at org.apache.hadoop.ipc.Server$Handler.run(Server.java:2932)
"ReplicationMonitor" daemon prio=5 tid=2535 timed_waiting
java.lang.Thread.State: TIMED_WAITING
        at java.lang.Object.wait(Native Method)
        at org.apache.hadoop.hdds.scm.container.ReplicationManager.run(ReplicationManager.java:384)
        at org.apache.hadoop.hdds.scm.container.ReplicationManager$$Lambda$645/1827573818.run(Unknown Source)
        at java.lang.Thread.run(Thread.java:748)
"EventQueue-ContainerReportForContainerReportHandler" daemon prio=5 tid=2729 in Object.wait()
java.lang.Thread.State: WAITING (on object monitor)
        at sun.misc.Unsafe.park(Native Method)
        at java.util.concurrent.locks.LockSupport.park(LockSupport.java:175)
        at java.util.concurrent.locks.AbstractQueuedSynchronizer$ConditionObject.await(AbstractQueuedSynchronizer.java:2039)
        at java.util.concurrent.LinkedBlockingQueue.take(LinkedBlockingQueue.java:442)
        at java.util.concurrent.ThreadPoolExecutor.getTask(ThreadPoolExecutor.java:1074)
        at java.util.concurrent.ThreadPoolExecutor.runWorker(ThreadPoolExecutor.java:1134)
        at java.util.concurrent.ThreadPoolExecutor$Worker.run(ThreadPoolExecutor.java:624)
        at java.lang.Thread.run(Thread.java:748)
"EventQueue-NewNodeForNewNodeHandler" daemon prio=5 tid=2719 in Object.wait()
java.lang.Thread.State: WAITING (on object monitor)
        at sun.misc.Unsafe.park(Native Method)
        at java.util.concurrent.locks.LockSupport.park(LockSupport.java:175)
        at java.util.concurrent.locks.AbstractQueuedSynchronizer$ConditionObject.await(AbstractQueuedSynchronizer.java:2039)
        at java.util.concurrent.LinkedBlockingQueue.take(LinkedBlockingQueue.java:442)
        at java.util.concurrent.ThreadPoolExecutor.getTask(ThreadPoolExecutor.java:1074)
        at java.util.concurrent.ThreadPoolExecutor.runWorker(ThreadPoolExecutor.java:1134)
        at java.util.concurrent.ThreadPoolExecutor$Worker.run(ThreadPoolExecutor.java:624)
        at java.lang.Thread.run(Thread.java:748)
"IPC Server handler 19 on default port 11132" daemon prio=5 tid=2595 timed_waiting
java.lang.Thread.State: TIMED_WAITING
        at sun.misc.Unsafe.park(Native Method)
        at java.util.concurrent.locks.LockSupport.parkNanos(LockSupport.java:215)
        at java.util.concurrent.locks.AbstractQueuedSynchronizer$ConditionObject.awaitNanos(AbstractQueuedSynchronizer.java:2078)
        at java.util.concurrent.LinkedBlockingQueue.poll(LinkedBlockingQueue.java:467)
        at org.apache.hadoop.ipc.CallQueueManager.take(CallQueueManager.java:317)
        at org.apache.hadoop.ipc.Server$Handler.run(Server.java:2932)
"IPC Server handler 20 on default port 13035" daemon prio=5 tid=2111 timed_waiting
java.lang.Thread.State: TIMED_WAITING
        at sun.misc.Unsafe.park(Native Method)
        at java.util.concurrent.locks.LockSupport.parkNanos(LockSupport.java:215)
        at java.util.concurrent.locks.AbstractQueuedSynchronizer$ConditionObject.awaitNanos(AbstractQueuedSynchronizer.java:2078)
        at java.util.concurrent.LinkedBlockingQueue.poll(LinkedBlockingQueue.java:467)
        at org.apache.hadoop.ipc.CallQueueManager.take(CallQueueManager.java:317)
        at org.apache.hadoop.ipc.Server$Handler.run(Server.java:2932)
"IPC Server handler 69 on default port 13034" daemon prio=5 tid=2260 timed_waiting
java.lang.Thread.State: TIMED_WAITING
        at sun.misc.Unsafe.park(Native Method)
        at java.util.concurrent.locks.LockSupport.parkNanos(LockSupport.java:215)
        at java.util.concurrent.locks.AbstractQueuedSynchronizer$ConditionObject.awaitNanos(AbstractQueuedSynchronizer.java:2078)
        at java.util.concurrent.LinkedBlockingQueue.poll(LinkedBlockingQueue.java:467)
        at org.apache.hadoop.ipc.CallQueueManager.take(CallQueueManager.java:317)
        at org.apache.hadoop.ipc.Server$Handler.run(Server.java:2932)
"org.apache.hadoop.util.JvmPauseMonitor$Monitor@fd073da" daemon prio=5 tid=2673 timed_waiting
java.lang.Thread.State: TIMED_WAITING
        at java.lang.Thread.sleep(Native Method)
        at org.apache.hadoop.util.JvmPauseMonitor$Monitor.run(JvmPauseMonitor.java:192)
        at java.lang.Thread.run(Thread.java:748)
"IPC Server handler 39 on default port 13034" daemon prio=5 tid=2230 timed_waiting
java.lang.Thread.State: TIMED_WAITING
        at sun.misc.Unsafe.park(Native Method)
        at java.util.concurrent.locks.LockSupport.parkNanos(LockSupport.java:215)
        at java.util.concurrent.locks.AbstractQueuedSynchronizer$ConditionObject.awaitNanos(AbstractQueuedSynchronizer.java:2078)
        at java.util.concurrent.LinkedBlockingQueue.poll(LinkedBlockingQueue.java:467)
        at org.apache.hadoop.ipc.CallQueueManager.take(CallQueueManager.java:317)
        at org.apache.hadoop.ipc.Server$Handler.run(Server.java:2932)
"IPC Server handler 3 on default port 13034" daemon prio=5 tid=2194 timed_waiting
java.lang.Thread.State: TIMED_WAITING
        at sun.misc.Unsafe.park(Native Method)
        at java.util.concurrent.locks.LockSupport.parkNanos(LockSupport.java:215)
        at java.util.concurrent.locks.AbstractQueuedSynchronizer$ConditionObject.awaitNanos(AbstractQueuedSynchronizer.java:2078)
        at java.util.concurrent.LinkedBlockingQueue.poll(LinkedBlockingQueue.java:467)
        at org.apache.hadoop.ipc.CallQueueManager.take(CallQueueManager.java:317)
        at org.apache.hadoop.ipc.Server$Handler.run(Server.java:2932)
"IPC Server Responder" daemon prio=5 tid=2077 runnable
java.lang.Thread.State: RUNNABLE
        at sun.nio.ch.EPollArrayWrapper.epollWait(Native Method)
        at sun.nio.ch.EPollArrayWrapper.poll(EPollArrayWrapper.java:269)
        at sun.nio.ch.EPollSelectorImpl.doSelect(EPollSelectorImpl.java:93)
        at sun.nio.ch.SelectorImpl.lockAndDoSelect(SelectorImpl.java:86)
        at sun.nio.ch.SelectorImpl.select(SelectorImpl.java:97)
        at org.apache.hadoop.ipc.Server$Responder.doRunLoop(Server.java:1527)
        at org.apache.hadoop.ipc.Server$Responder.run(Server.java:1510)
"91f27009-ec66-4294-9321-b0739729fb6b@group-A37BCEEDED0F-StateMachineUpdater" daemon prio=5 tid=2769 in Object.wait()
java.lang.Thread.State: WAITING (on object monitor)
        at java.lang.Object.wait(Native Method)
        at java.lang.Object.wait(Object.java:502)
        at org.apache.ratis.server.impl.StateMachineUpdater.waitForCommit(StateMachineUpdater.java:204)
        at org.apache.ratis.server.impl.StateMachineUpdater.run(StateMachineUpdater.java:173)
        at java.lang.Thread.run(Thread.java:748)
"IPC Server handler 59 on default port 13034" daemon prio=5 tid=2250 timed_waiting
java.lang.Thread.State: TIMED_WAITING
        at sun.misc.Unsafe.park(Native Method)
        at java.util.concurrent.locks.LockSupport.parkNanos(LockSupport.java:215)
        at java.util.concurrent.locks.AbstractQueuedSynchronizer$ConditionObject.awaitNanos(AbstractQueuedSynchronizer.java:2078)
        at java.util.concurrent.LinkedBlockingQueue.poll(LinkedBlockingQueue.java:467)
        at org.apache.hadoop.ipc.CallQueueManager.take(CallQueueManager.java:317)
        at org.apache.hadoop.ipc.Server$Handler.run(Server.java:2932)
"EndpointStateMachine task thread for /127.0.0.1:13013 - 0 "  prio=5 tid=645 in Object.wait()
java.lang.Thread.State: WAITING (on object monitor)
        at sun.misc.Unsafe.park(Native Method)
        at java.util.concurrent.locks.LockSupport.park(LockSupport.java:175)
        at java.util.concurrent.locks.AbstractQueuedSynchronizer$ConditionObject.await(AbstractQueuedSynchronizer.java:2039)
        at java.util.concurrent.LinkedBlockingQueue.take(LinkedBlockingQueue.java:442)
        at java.util.concurrent.ThreadPoolExecutor.getTask(ThreadPoolExecutor.java:1074)
        at java.util.concurrent.ThreadPoolExecutor.runWorker(ThreadPoolExecutor.java:1134)
        at java.util.concurrent.ThreadPoolExecutor$Worker.run(ThreadPoolExecutor.java:624)
        at java.lang.Thread.run(Thread.java:748)
"IPC Server handler 11 on default port 13034" daemon prio=5 tid=2202 timed_waiting
java.lang.Thread.State: TIMED_WAITING
        at sun.misc.Unsafe.park(Native Method)
        at java.util.concurrent.locks.LockSupport.parkNanos(LockSupport.java:215)
        at java.util.concurrent.locks.AbstractQueuedSynchronizer$ConditionObject.awaitNanos(AbstractQueuedSynchronizer.java:2078)
        at java.util.concurrent.LinkedBlockingQueue.poll(LinkedBlockingQueue.java:467)
        at org.apache.hadoop.ipc.CallQueueManager.take(CallQueueManager.java:317)
        at org.apache.hadoop.ipc.Server$Handler.run(Server.java:2932)
"EndpointStateMachine task thread for /127.0.0.1:13033 - 0 "  prio=5 tid=2680 in Object.wait()
java.lang.Thread.State: WAITING (on object monitor)
        at sun.misc.Unsafe.park(Native Method)
        at java.util.concurrent.locks.LockSupport.park(LockSupport.java:175)
        at java.util.concurrent.locks.AbstractQueuedSynchronizer$ConditionObject.await(AbstractQueuedSynchronizer.java:2039)
        at java.util.concurrent.LinkedBlockingQueue.take(LinkedBlockingQueue.java:442)
        at java.util.concurrent.ThreadPoolExecutor.getTask(ThreadPoolExecutor.java:1074)
        at java.util.concurrent.ThreadPoolExecutor.runWorker(ThreadPoolExecutor.java:1134)
        at java.util.concurrent.ThreadPoolExecutor$Worker.run(ThreadPoolExecutor.java:624)
        at java.lang.Thread.run(Thread.java:748)
"IPC Server handler 93 on default port 13035" daemon prio=5 tid=2184 timed_waiting
java.lang.Thread.State: TIMED_WAITING
        at sun.misc.Unsafe.park(Native Method)
        at java.util.concurrent.locks.LockSupport.parkNanos(LockSupport.java:215)
        at java.util.concurrent.locks.AbstractQueuedSynchronizer$ConditionObject.awaitNanos(AbstractQueuedSynchronizer.java:2078)
        at java.util.concurrent.LinkedBlockingQueue.poll(LinkedBlockingQueue.java:467)
        at org.apache.hadoop.ipc.CallQueueManager.take(CallQueueManager.java:317)
        at org.apache.hadoop.ipc.Server$Handler.run(Server.java:2932)
"IPC Server handler 9 on default port 13035" daemon prio=5 tid=2100 timed_waiting
java.lang.Thread.State: TIMED_WAITING
        at sun.misc.Unsafe.park(Native Method)
        at java.util.concurrent.locks.LockSupport.parkNanos(LockSupport.java:215)
        at java.util.concurrent.locks.AbstractQueuedSynchronizer$ConditionObject.awaitNanos(AbstractQueuedSynchronizer.java:2078)
        at java.util.concurrent.LinkedBlockingQueue.poll(LinkedBlockingQueue.java:467)
        at org.apache.hadoop.ipc.CallQueueManager.take(CallQueueManager.java:317)
        at org.apache.hadoop.ipc.Server$Handler.run(Server.java:2932)
"IPC Server idle connection scanner for port 13053" daemon prio=5 tid=2539 in Object.wait()
java.lang.Thread.State: WAITING (on object monitor)
        at java.lang.Object.wait(Native Method)
        at java.lang.Object.wait(Object.java:502)
        at java.util.TimerThread.mainLoop(Timer.java:526)
        at java.util.TimerThread.run(Timer.java:505)
"Datanode ReportManager Thread - 2" daemon prio=5 tid=1743 timed_waiting
java.lang.Thread.State: TIMED_WAITING
        at sun.misc.Unsafe.park(Native Method)
        at java.util.concurrent.locks.LockSupport.parkNanos(LockSupport.java:215)
        at java.util.concurrent.locks.AbstractQueuedSynchronizer$ConditionObject.awaitNanos(AbstractQueuedSynchronizer.java:2078)
        at java.util.concurrent.ScheduledThreadPoolExecutor$DelayedWorkQueue.take(ScheduledThreadPoolExecutor.java:1093)
        at java.util.concurrent.ScheduledThreadPoolExecutor$DelayedWorkQueue.take(ScheduledThreadPoolExecutor.java:809)
        at java.util.concurrent.ThreadPoolExecutor.getTask(ThreadPoolExecutor.java:1074)
        at java.util.concurrent.ThreadPoolExecutor.runWorker(ThreadPoolExecutor.java:1134)
        at java.util.concurrent.ThreadPoolExecutor$Worker.run(ThreadPoolExecutor.java:624)
        at java.lang.Thread.run(Thread.java:748)
"IPC Server handler 9 on default port 13033" daemon prio=5 tid=2319 timed_waiting
java.lang.Thread.State: TIMED_WAITING
        at sun.misc.Unsafe.park(Native Method)
        at java.util.concurrent.locks.LockSupport.parkNanos(LockSupport.java:215)
        at java.util.concurrent.locks.AbstractQueuedSynchronizer$ConditionObject.awaitNanos(AbstractQueuedSynchronizer.java:2078)
        at java.util.concurrent.LinkedBlockingQueue.poll(LinkedBlockingQueue.java:467)
        at org.apache.hadoop.ipc.CallQueueManager.take(CallQueueManager.java:317)
        at org.apache.hadoop.ipc.Server$Handler.run(Server.java:2932)
"qtp1029395488-2294" daemon prio=5 tid=2294 timed_waiting
java.lang.Thread.State: TIMED_WAITING
        at sun.misc.Unsafe.park(Native Method)
        at java.util.concurrent.locks.LockSupport.parkNanos(LockSupport.java:215)
        at java.util.concurrent.locks.AbstractQueuedSynchronizer$ConditionObject.awaitNanos(AbstractQueuedSynchronizer.java:2078)
        at org.eclipse.jetty.util.BlockingArrayQueue.poll(BlockingArrayQueue.java:382)
        at org.eclipse.jetty.util.thread.QueuedThreadPool$Runner.idleJobPoll(QueuedThreadPool.java:974)
        at org.eclipse.jetty.util.thread.QueuedThreadPool$Runner.run(QueuedThreadPool.java:1018)
        at java.lang.Thread.run(Thread.java:748)
"IPC Server handler 94 on default port 13033" daemon prio=5 tid=2404 timed_waiting
java.lang.Thread.State: TIMED_WAITING
        at sun.misc.Unsafe.park(Native Method)
        at java.util.concurrent.locks.LockSupport.parkNanos(LockSupport.java:215)
        at java.util.concurrent.locks.AbstractQueuedSynchronizer$ConditionObject.awaitNanos(AbstractQueuedSynchronizer.java:2078)
        at java.util.concurrent.LinkedBlockingQueue.poll(LinkedBlockingQueue.java:467)
        at org.apache.hadoop.ipc.CallQueueManager.take(CallQueueManager.java:317)
        at org.apache.hadoop.ipc.Server$Handler.run(Server.java:2932)
"org.apache.ratis.util.JvmPauseMonitor$$Lambda$499/17331878@4b1f242d" daemon prio=5 tid=2701 timed_waiting
java.lang.Thread.State: TIMED_WAITING
        at java.lang.Thread.sleep(Native Method)
        at java.lang.Thread.sleep(Thread.java:340)
        at java.util.concurrent.TimeUnit.sleep(TimeUnit.java:386)
        at org.apache.ratis.util.TimeDuration.sleep(TimeDuration.java:324)
        at org.apache.ratis.util.TimeDuration.sleep(TimeDuration.java:309)
        at org.apache.ratis.util.JvmPauseMonitor.detectPause(JvmPauseMonitor.java:117)
        at org.apache.ratis.util.JvmPauseMonitor.run(JvmPauseMonitor.java:106)
        at org.apache.ratis.util.JvmPauseMonitor$$Lambda$499/17331878.run(Unknown Source)
        at java.lang.Thread.run(Thread.java:748)
"IPC Client (685606790) connection to /127.0.0.1:13033 from runner" daemon prio=5 tid=2682 timed_waiting
java.lang.Thread.State: TIMED_WAITING
        at java.lang.Object.wait(Native Method)
        at org.apache.hadoop.ipc.Client$Connection.waitForWork(Client.java:1053)
        at org.apache.hadoop.ipc.Client$Connection.run(Client.java:1097)
"IPC Server handler 53 on default port 13033" daemon prio=5 tid=2363 timed_waiting
java.lang.Thread.State: TIMED_WAITING
        at sun.misc.Unsafe.park(Native Method)
        at java.util.concurrent.locks.LockSupport.parkNanos(LockSupport.java:215)
        at java.util.concurrent.locks.AbstractQueuedSynchronizer$ConditionObject.awaitNanos(AbstractQueuedSynchronizer.java:2078)
        at java.util.concurrent.LinkedBlockingQueue.poll(LinkedBlockingQueue.java:467)
        at org.apache.hadoop.ipc.CallQueueManager.take(CallQueueManager.java:317)
        at org.apache.hadoop.ipc.Server$Handler.run(Server.java:2932)
"Datanode State Machine Task Thread - 3"  prio=5 tid=2707 in Object.wait()
java.lang.Thread.State: WAITING (on object monitor)
        at sun.misc.Unsafe.park(Native Method)
        at java.util.concurrent.locks.LockSupport.park(LockSupport.java:175)
        at java.util.concurrent.locks.AbstractQueuedSynchronizer$ConditionObject.await(AbstractQueuedSynchronizer.java:2039)
        at java.util.concurrent.LinkedBlockingQueue.take(LinkedBlockingQueue.java:442)
        at java.util.concurrent.ThreadPoolExecutor.getTask(ThreadPoolExecutor.java:1074)
        at java.util.concurrent.ThreadPoolExecutor.runWorker(ThreadPoolExecutor.java:1134)
        at java.util.concurrent.ThreadPoolExecutor$Worker.run(ThreadPoolExecutor.java:624)
        at java.lang.Thread.run(Thread.java:748)
"EndpointStateMachine task thread for /127.0.0.1:13033 - 0 "  prio=5 tid=2695 in Object.wait()
java.lang.Thread.State: WAITING (on object monitor)
        at sun.misc.Unsafe.park(Native Method)
        at java.util.concurrent.locks.LockSupport.park(LockSupport.java:175)
        at java.util.concurrent.locks.AbstractQueuedSynchronizer$ConditionObject.await(AbstractQueuedSynchronizer.java:2039)
        at java.util.concurrent.LinkedBlockingQueue.take(LinkedBlockingQueue.java:442)
        at java.util.concurrent.ThreadPoolExecutor.getTask(ThreadPoolExecutor.java:1074)
        at java.util.concurrent.ThreadPoolExecutor.runWorker(ThreadPoolExecutor.java:1134)
        at java.util.concurrent.ThreadPoolExecutor$Worker.run(ThreadPoolExecutor.java:624)
        at java.lang.Thread.run(Thread.java:748)
"qtp1667630446-2662" daemon prio=5 tid=2662 timed_waiting
java.lang.Thread.State: TIMED_WAITING
        at sun.misc.Unsafe.park(Native Method)
        at java.util.concurrent.locks.LockSupport.parkNanos(LockSupport.java:215)
        at java.util.concurrent.locks.AbstractQueuedSynchronizer$ConditionObject.awaitNanos(AbstractQueuedSynchronizer.java:2078)
        at org.eclipse.jetty.util.BlockingArrayQueue.poll(BlockingArrayQueue.java:382)
        at org.eclipse.jetty.util.thread.QueuedThreadPool$Runner.idleJobPoll(QueuedThreadPool.java:974)
        at org.eclipse.jetty.util.thread.QueuedThreadPool$Runner.run(QueuedThreadPool.java:1018)
        at java.lang.Thread.run(Thread.java:748)
"IPC Server handler 6 on default port 13035" daemon prio=5 tid=2097 timed_waiting
java.lang.Thread.State: TIMED_WAITING
        at sun.misc.Unsafe.park(Native Method)
        at java.util.concurrent.locks.LockSupport.parkNanos(LockSupport.java:215)
        at java.util.concurrent.locks.AbstractQueuedSynchronizer$ConditionObject.awaitNanos(AbstractQueuedSynchronizer.java:2078)
        at java.util.concurrent.LinkedBlockingQueue.poll(LinkedBlockingQueue.java:467)
        at org.apache.hadoop.ipc.CallQueueManager.take(CallQueueManager.java:317)
        at org.apache.hadoop.ipc.Server$Handler.run(Server.java:2932)
"qtp1613570136-2522" daemon prio=5 tid=2522 timed_waiting
java.lang.Thread.State: TIMED_WAITING
        at sun.misc.Unsafe.park(Native Method)
        at java.util.concurrent.locks.LockSupport.parkNanos(LockSupport.java:215)
        at java.util.concurrent.locks.AbstractQueuedSynchronizer$ConditionObject.awaitNanos(AbstractQueuedSynchronizer.java:2078)
        at org.eclipse.jetty.util.BlockingArrayQueue.poll(BlockingArrayQueue.java:382)
        at org.eclipse.jetty.util.thread.QueuedThreadPool$Runner.idleJobPoll(QueuedThreadPool.java:974)
        at org.eclipse.jetty.util.thread.QueuedThreadPool$Runner.run(QueuedThreadPool.java:1018)
        at java.lang.Thread.run(Thread.java:748)
"IPC Server idle connection scanner for port 11132" daemon prio=5 tid=2557 timed_waiting
java.lang.Thread.State: TIMED_WAITING
        at java.lang.Object.wait(Native Method)
        at java.util.TimerThread.mainLoop(Timer.java:552)
        at java.util.TimerThread.run(Timer.java:505)
"IPC Server handler 33 on default port 13035" daemon prio=5 tid=2124 timed_waiting
java.lang.Thread.State: TIMED_WAITING
        at sun.misc.Unsafe.park(Native Method)
        at java.util.concurrent.locks.LockSupport.parkNanos(LockSupport.java:215)
        at java.util.concurrent.locks.AbstractQueuedSynchronizer$ConditionObject.awaitNanos(AbstractQueuedSynchronizer.java:2078)
        at java.util.concurrent.LinkedBlockingQueue.poll(LinkedBlockingQueue.java:467)
        at org.apache.hadoop.ipc.CallQueueManager.take(CallQueueManager.java:317)
        at org.apache.hadoop.ipc.Server$Handler.run(Server.java:2932)
"IPC Server handler 3 on default port 13035" daemon prio=5 tid=2094 timed_waiting
java.lang.Thread.State: TIMED_WAITING
        at sun.misc.Unsafe.park(Native Method)
        at java.util.concurrent.locks.LockSupport.parkNanos(LockSupport.java:215)
        at java.util.concurrent.locks.AbstractQueuedSynchronizer$ConditionObject.awaitNanos(AbstractQueuedSynchronizer.java:2078)
        at java.util.concurrent.LinkedBlockingQueue.poll(LinkedBlockingQueue.java:467)
        at org.apache.hadoop.ipc.CallQueueManager.take(CallQueueManager.java:317)
        at org.apache.hadoop.ipc.Server$Handler.run(Server.java:2932)
"IPC Server handler 6 on default port 13045" daemon prio=5 tid=2483 timed_waiting
java.lang.Thread.State: TIMED_WAITING
        at sun.misc.Unsafe.park(Native Method)
        at java.util.concurrent.locks.LockSupport.parkNanos(LockSupport.java:215)
        at java.util.concurrent.locks.AbstractQueuedSynchronizer$ConditionObject.awaitNanos(AbstractQueuedSynchronizer.java:2078)
        at java.util.concurrent.LinkedBlockingQueue.poll(LinkedBlockingQueue.java:467)
        at org.apache.hadoop.ipc.CallQueueManager.take(CallQueueManager.java:317)
        at org.apache.hadoop.ipc.Server$Handler.run(Server.java:2932)
"Session-HouseKeeper-1e709a4e-1"  prio=5 tid=2528 timed_waiting
java.lang.Thread.State: TIMED_WAITING
        at sun.misc.Unsafe.park(Native Method)
        at java.util.concurrent.locks.LockSupport.parkNanos(LockSupport.java:215)
        at java.util.concurrent.locks.AbstractQueuedSynchronizer$ConditionObject.awaitNanos(AbstractQueuedSynchronizer.java:2078)
        at java.util.concurrent.ScheduledThreadPoolExecutor$DelayedWorkQueue.take(ScheduledThreadPoolExecutor.java:1093)
        at java.util.concurrent.ScheduledThreadPoolExecutor$DelayedWorkQueue.take(ScheduledThreadPoolExecutor.java:809)
        at java.util.concurrent.ThreadPoolExecutor.getTask(ThreadPoolExecutor.java:1074)
        at java.util.concurrent.ThreadPoolExecutor.runWorker(ThreadPoolExecutor.java:1134)
        at java.util.concurrent.ThreadPoolExecutor$Worker.run(ThreadPoolExecutor.java:624)
        at java.lang.Thread.run(Thread.java:748)
"IPC Server handler 7 on default port 13035" daemon prio=5 tid=2098 timed_waiting
java.lang.Thread.State: TIMED_WAITING
        at sun.misc.Unsafe.park(Native Method)
        at java.util.concurrent.locks.LockSupport.parkNanos(LockSupport.java:215)
        at java.util.concurrent.locks.AbstractQueuedSynchronizer$ConditionObject.awaitNanos(AbstractQueuedSynchronizer.java:2078)
        at java.util.concurrent.LinkedBlockingQueue.poll(LinkedBlockingQueue.java:467)
        at org.apache.hadoop.ipc.CallQueueManager.take(CallQueueManager.java:317)
        at org.apache.hadoop.ipc.Server$Handler.run(Server.java:2932)
"IPC Server handler 19 on default port 13035" daemon prio=5 tid=2110 timed_waiting
java.lang.Thread.State: TIMED_WAITING
        at sun.misc.Unsafe.park(Native Method)
        at java.util.concurrent.locks.LockSupport.parkNanos(LockSupport.java:215)
        at java.util.concurrent.locks.AbstractQueuedSynchronizer$ConditionObject.awaitNanos(AbstractQueuedSynchronizer.java:2078)
        at java.util.concurrent.LinkedBlockingQueue.poll(LinkedBlockingQueue.java:467)
        at org.apache.hadoop.ipc.CallQueueManager.take(CallQueueManager.java:317)
        at org.apache.hadoop.ipc.Server$Handler.run(Server.java:2932)
"EndpointStateMachine task thread for /127.0.0.1:13013 - 0 "  prio=5 tid=628 in Object.wait()
java.lang.Thread.State: WAITING (on object monitor)
        at sun.misc.Unsafe.park(Native Method)
        at java.util.concurrent.locks.LockSupport.park(LockSupport.java:175)
        at java.util.concurrent.locks.AbstractQueuedSynchronizer$ConditionObject.await(AbstractQueuedSynchronizer.java:2039)
        at java.util.concurrent.LinkedBlockingQueue.take(LinkedBlockingQueue.java:442)
        at java.util.concurrent.ThreadPoolExecutor.getTask(ThreadPoolExecutor.java:1074)
        at java.util.concurrent.ThreadPoolExecutor.runWorker(ThreadPoolExecutor.java:1134)
        at java.util.concurrent.ThreadPoolExecutor$Worker.run(ThreadPoolExecutor.java:624)
        at java.lang.Thread.run(Thread.java:748)
"EventQueue-NodeRegistrationContainerReportForContainerSafeModeRule" daemon prio=5 tid=2413 in Object.wait()
java.lang.Thread.State: WAITING (on object monitor)
        at sun.misc.Unsafe.park(Native Method)
        at java.util.concurrent.locks.LockSupport.park(LockSupport.java:175)
        at java.util.concurrent.locks.AbstractQueuedSynchronizer$ConditionObject.await(AbstractQueuedSynchronizer.java:2039)
        at java.util.concurrent.LinkedBlockingQueue.take(LinkedBlockingQueue.java:442)
        at java.util.concurrent.ThreadPoolExecutor.getTask(ThreadPoolExecutor.java:1074)
        at java.util.concurrent.ThreadPoolExecutor.runWorker(ThreadPoolExecutor.java:1134)
        at java.util.concurrent.ThreadPoolExecutor$Worker.run(ThreadPoolExecutor.java:624)
        at java.lang.Thread.run(Thread.java:748)
"IPC Server handler 8 on default port 13035" daemon prio=5 tid=2099 timed_waiting
java.lang.Thread.State: TIMED_WAITING
        at sun.misc.Unsafe.park(Native Method)
        at java.util.concurrent.locks.LockSupport.parkNanos(LockSupport.java:215)
        at java.util.concurrent.locks.AbstractQueuedSynchronizer$ConditionObject.awaitNanos(AbstractQueuedSynchronizer.java:2078)
        at java.util.concurrent.LinkedBlockingQueue.poll(LinkedBlockingQueue.java:467)
        at org.apache.hadoop.ipc.CallQueueManager.take(CallQueueManager.java:317)
        at org.apache.hadoop.ipc.Server$Handler.run(Server.java:2932)
"IPC Server listener on 13043" daemon prio=5 tid=2424 runnable
java.lang.Thread.State: RUNNABLE
        at sun.nio.ch.EPollArrayWrapper.epollWait(Native Method)
        at sun.nio.ch.EPollArrayWrapper.poll(EPollArrayWrapper.java:269)
        at sun.nio.ch.EPollSelectorImpl.doSelect(EPollSelectorImpl.java:93)
        at sun.nio.ch.SelectorImpl.lockAndDoSelect(SelectorImpl.java:86)
        at sun.nio.ch.SelectorImpl.select(SelectorImpl.java:97)
        at sun.nio.ch.SelectorImpl.select(SelectorImpl.java:101)
        at org.apache.hadoop.ipc.Server$Listener.run(Server.java:1350)
"IPC Server handler 31 on default port 13034" daemon prio=5 tid=2222 timed_waiting
java.lang.Thread.State: TIMED_WAITING
        at sun.misc.Unsafe.park(Native Method)
        at java.util.concurrent.locks.LockSupport.parkNanos(LockSupport.java:215)
        at java.util.concurrent.locks.AbstractQueuedSynchronizer$ConditionObject.awaitNanos(AbstractQueuedSynchronizer.java:2078)
        at java.util.concurrent.LinkedBlockingQueue.poll(LinkedBlockingQueue.java:467)
        at org.apache.hadoop.ipc.CallQueueManager.take(CallQueueManager.java:317)
        at org.apache.hadoop.ipc.Server$Handler.run(Server.java:2932)
"IPC Server handler 25 on default port 13035" daemon prio=5 tid=2116 timed_waiting
java.lang.Thread.State: TIMED_WAITING
        at sun.misc.Unsafe.park(Native Method)
        at java.util.concurrent.locks.LockSupport.parkNanos(LockSupport.java:215)
        at java.util.concurrent.locks.AbstractQueuedSynchronizer$ConditionObject.awaitNanos(AbstractQueuedSynchronizer.java:2078)
        at java.util.concurrent.LinkedBlockingQueue.poll(LinkedBlockingQueue.java:467)
        at org.apache.hadoop.ipc.CallQueueManager.take(CallQueueManager.java:317)
        at org.apache.hadoop.ipc.Server$Handler.run(Server.java:2932)
"IPC Server handler 79 on default port 13034" daemon prio=5 tid=2270 timed_waiting
java.lang.Thread.State: TIMED_WAITING
        at sun.misc.Unsafe.park(Native Method)
        at java.util.concurrent.locks.LockSupport.parkNanos(LockSupport.java:215)
        at java.util.concurrent.locks.AbstractQueuedSynchronizer$ConditionObject.awaitNanos(AbstractQueuedSynchronizer.java:2078)
        at java.util.concurrent.LinkedBlockingQueue.poll(LinkedBlockingQueue.java:467)
        at org.apache.hadoop.ipc.CallQueueManager.take(CallQueueManager.java:317)
        at org.apache.hadoop.ipc.Server$Handler.run(Server.java:2932)
"org.apache.ratis.util.JvmPauseMonitor$$Lambda$499/17331878@3ec616af" daemon prio=5 tid=2087 timed_waiting
java.lang.Thread.State: TIMED_WAITING
        at java.lang.Thread.sleep(Native Method)
        at java.lang.Thread.sleep(Thread.java:340)
        at java.util.concurrent.TimeUnit.sleep(TimeUnit.java:386)
        at org.apache.ratis.util.TimeDuration.sleep(TimeDuration.java:324)
        at org.apache.ratis.util.TimeDuration.sleep(TimeDuration.java:309)
        at org.apache.ratis.util.JvmPauseMonitor.detectPause(JvmPauseMonitor.java:117)
        at org.apache.ratis.util.JvmPauseMonitor.run(JvmPauseMonitor.java:106)
        at org.apache.ratis.util.JvmPauseMonitor$$Lambda$499/17331878.run(Unknown Source)
        at java.lang.Thread.run(Thread.java:748)
"EndpointStateMachine task thread for /127.0.0.1:13033 - 0 "  prio=5 tid=659 in Object.wait()
java.lang.Thread.State: WAITING (on object monitor)
        at sun.misc.Unsafe.park(Native Method)
        at java.util.concurrent.locks.LockSupport.park(LockSupport.java:175)
        at java.util.concurrent.locks.AbstractQueuedSynchronizer$ConditionObject.await(AbstractQueuedSynchronizer.java:2039)
        at java.util.concurrent.LinkedBlockingQueue.take(LinkedBlockingQueue.java:442)
        at java.util.concurrent.ThreadPoolExecutor.getTask(ThreadPoolExecutor.java:1074)
        at java.util.concurrent.ThreadPoolExecutor.runWorker(ThreadPoolExecutor.java:1134)
        at java.util.concurrent.ThreadPoolExecutor$Worker.run(ThreadPoolExecutor.java:624)
        at java.lang.Thread.run(Thread.java:748)
"IPC Server handler 16 on default port 13035" daemon prio=5 tid=2107 timed_waiting
java.lang.Thread.State: TIMED_WAITING
        at sun.misc.Unsafe.park(Native Method)
        at java.util.concurrent.locks.LockSupport.parkNanos(LockSupport.java:215)
        at java.util.concurrent.locks.AbstractQueuedSynchronizer$ConditionObject.awaitNanos(AbstractQueuedSynchronizer.java:2078)
        at java.util.concurrent.LinkedBlockingQueue.poll(LinkedBlockingQueue.java:467)
        at org.apache.hadoop.ipc.CallQueueManager.take(CallQueueManager.java:317)
        at org.apache.hadoop.ipc.Server$Handler.run(Server.java:2932)
"IPC Server handler 16 on default port 13045" daemon prio=5 tid=2493 timed_waiting
java.lang.Thread.State: TIMED_WAITING
        at sun.misc.Unsafe.park(Native Method)
        at java.util.concurrent.locks.LockSupport.parkNanos(LockSupport.java:215)
        at java.util.concurrent.locks.AbstractQueuedSynchronizer$ConditionObject.awaitNanos(AbstractQueuedSynchronizer.java:2078)
        at java.util.concurrent.LinkedBlockingQueue.poll(LinkedBlockingQueue.java:467)
        at org.apache.hadoop.ipc.CallQueueManager.take(CallQueueManager.java:317)
        at org.apache.hadoop.ipc.Server$Handler.run(Server.java:2932)
"IPC Parameter Sending Thread #3" daemon prio=5 tid=3047 timed_waiting
java.lang.Thread.State: TIMED_WAITING
        at sun.misc.Unsafe.park(Native Method)
        at java.util.concurrent.locks.LockSupport.parkNanos(LockSupport.java:215)
        at java.util.concurrent.SynchronousQueue$TransferStack.awaitFulfill(SynchronousQueue.java:460)
        at java.util.concurrent.SynchronousQueue$TransferStack.transfer(SynchronousQueue.java:362)
        at java.util.concurrent.SynchronousQueue.poll(SynchronousQueue.java:941)
        at java.util.concurrent.ThreadPoolExecutor.getTask(ThreadPoolExecutor.java:1073)
        at java.util.concurrent.ThreadPoolExecutor.runWorker(ThreadPoolExecutor.java:1134)
        at java.util.concurrent.ThreadPoolExecutor$Worker.run(ThreadPoolExecutor.java:624)
        at java.lang.Thread.run(Thread.java:748)
"IPC Server handler 14 on default port 13043" daemon prio=5 tid=2469 timed_waiting
java.lang.Thread.State: TIMED_WAITING
        at sun.misc.Unsafe.park(Native Method)
        at java.util.concurrent.locks.LockSupport.parkNanos(LockSupport.java:215)
        at java.util.concurrent.locks.AbstractQueuedSynchronizer$ConditionObject.awaitNanos(AbstractQueuedSynchronizer.java:2078)
        at java.util.concurrent.LinkedBlockingQueue.poll(LinkedBlockingQueue.java:467)
        at org.apache.hadoop.ipc.CallQueueManager.take(CallQueueManager.java:317)
        at org.apache.hadoop.ipc.Server$Handler.run(Server.java:2932)
"IPC Server handler 77 on default port 13035" daemon prio=5 tid=2168 timed_waiting
java.lang.Thread.State: TIMED_WAITING
        at sun.misc.Unsafe.park(Native Method)
        at java.util.concurrent.locks.LockSupport.parkNanos(LockSupport.java:215)
        at java.util.concurrent.locks.AbstractQueuedSynchronizer$ConditionObject.awaitNanos(AbstractQueuedSynchronizer.java:2078)
        at java.util.concurrent.LinkedBlockingQueue.poll(LinkedBlockingQueue.java:467)
        at org.apache.hadoop.ipc.CallQueueManager.take(CallQueueManager.java:317)
        at org.apache.hadoop.ipc.Server$Handler.run(Server.java:2932)
"IPC Server handler 97 on default port 13033" daemon prio=5 tid=2407 timed_waiting
java.lang.Thread.State: TIMED_WAITING
        at sun.misc.Unsafe.park(Native Method)
        at java.util.concurrent.locks.LockSupport.parkNanos(LockSupport.java:215)
        at java.util.concurrent.locks.AbstractQueuedSynchronizer$ConditionObject.awaitNanos(AbstractQueuedSynchronizer.java:2078)
        at java.util.concurrent.LinkedBlockingQueue.poll(LinkedBlockingQueue.java:467)
        at org.apache.hadoop.ipc.CallQueueManager.take(CallQueueManager.java:317)
        at org.apache.hadoop.ipc.Server$Handler.run(Server.java:2932)
"Datanode ReportManager Thread - 2" daemon prio=5 tid=617 in Object.wait()
java.lang.Thread.State: WAITING (on object monitor)
        at sun.misc.Unsafe.park(Native Method)
        at java.util.concurrent.locks.LockSupport.park(LockSupport.java:175)
        at java.util.concurrent.locks.AbstractQueuedSynchronizer$ConditionObject.await(AbstractQueuedSynchronizer.java:2039)
        at java.util.concurrent.ScheduledThreadPoolExecutor$DelayedWorkQueue.take(ScheduledThreadPoolExecutor.java:1088)
        at java.util.concurrent.ScheduledThreadPoolExecutor$DelayedWorkQueue.take(ScheduledThreadPoolExecutor.java:809)
        at java.util.concurrent.ThreadPoolExecutor.getTask(ThreadPoolExecutor.java:1074)
        at java.util.concurrent.ThreadPoolExecutor.runWorker(ThreadPoolExecutor.java:1134)
        at java.util.concurrent.ThreadPoolExecutor$Worker.run(ThreadPoolExecutor.java:624)
        at java.lang.Thread.run(Thread.java:748)
"IPC Server handler 69 on default port 13033" daemon prio=5 tid=2379 timed_waiting
java.lang.Thread.State: TIMED_WAITING
        at sun.misc.Unsafe.park(Native Method)
        at java.util.concurrent.locks.LockSupport.parkNanos(LockSupport.java:215)
        at java.util.concurrent.locks.AbstractQueuedSynchronizer$ConditionObject.awaitNanos(AbstractQueuedSynchronizer.java:2078)
        at java.util.concurrent.LinkedBlockingQueue.poll(LinkedBlockingQueue.java:467)
        at org.apache.hadoop.ipc.CallQueueManager.take(CallQueueManager.java:317)
        at org.apache.hadoop.ipc.Server$Handler.run(Server.java:2932)
"qtp1613570136-2526" daemon prio=5 tid=2526 timed_waiting
java.lang.Thread.State: TIMED_WAITING
        at sun.misc.Unsafe.park(Native Method)
        at java.util.concurrent.locks.LockSupport.parkNanos(LockSupport.java:215)
        at java.util.concurrent.locks.AbstractQueuedSynchronizer$ConditionObject.awaitNanos(AbstractQueuedSynchronizer.java:2078)
        at org.eclipse.jetty.util.BlockingArrayQueue.poll(BlockingArrayQueue.java:382)
        at org.eclipse.jetty.util.thread.QueuedThreadPool$Runner.idleJobPoll(QueuedThreadPool.java:974)
        at org.eclipse.jetty.util.thread.QueuedThreadPool$Runner.run(QueuedThreadPool.java:1018)
        at java.lang.Thread.run(Thread.java:748)
"EventQueue-ContainerReportForContainerReportHandler" daemon prio=5 tid=2720 in Object.wait()
java.lang.Thread.State: WAITING (on object monitor)
        at sun.misc.Unsafe.park(Native Method)
        at java.util.concurrent.locks.LockSupport.park(LockSupport.java:175)
        at java.util.concurrent.locks.AbstractQueuedSynchronizer$ConditionObject.await(AbstractQueuedSynchronizer.java:2039)
        at java.util.concurrent.LinkedBlockingQueue.take(LinkedBlockingQueue.java:442)
        at java.util.concurrent.ThreadPoolExecutor.getTask(ThreadPoolExecutor.java:1074)
        at java.util.concurrent.ThreadPoolExecutor.runWorker(ThreadPoolExecutor.java:1134)
        at java.util.concurrent.ThreadPoolExecutor$Worker.run(ThreadPoolExecutor.java:624)
        at java.lang.Thread.run(Thread.java:748)
"Datanode State Machine Task Thread - 1"  prio=5 tid=2691 in Object.wait()
java.lang.Thread.State: WAITING (on object monitor)
        at sun.misc.Unsafe.park(Native Method)
        at java.util.concurrent.locks.LockSupport.park(LockSupport.java:175)
        at java.util.concurrent.locks.AbstractQueuedSynchronizer$ConditionObject.await(AbstractQueuedSynchronizer.java:2039)
        at java.util.concurrent.LinkedBlockingQueue.take(LinkedBlockingQueue.java:442)
        at java.util.concurrent.ThreadPoolExecutor.getTask(ThreadPoolExecutor.java:1074)
        at java.util.concurrent.ThreadPoolExecutor.runWorker(ThreadPoolExecutor.java:1134)
        at java.util.concurrent.ThreadPoolExecutor$Worker.run(ThreadPoolExecutor.java:624)
        at java.lang.Thread.run(Thread.java:748)
"IPC Server handler 5 on default port 13035" daemon prio=5 tid=2096 timed_waiting
java.lang.Thread.State: TIMED_WAITING
        at sun.misc.Unsafe.park(Native Method)
        at java.util.concurrent.locks.LockSupport.parkNanos(LockSupport.java:215)
        at java.util.concurrent.locks.AbstractQueuedSynchronizer$ConditionObject.awaitNanos(AbstractQueuedSynchronizer.java:2078)
        at java.util.concurrent.LinkedBlockingQueue.poll(LinkedBlockingQueue.java:467)
        at org.apache.hadoop.ipc.CallQueueManager.take(CallQueueManager.java:317)
        at org.apache.hadoop.ipc.Server$Handler.run(Server.java:2932)
"IPC Server handler 13 on default port 11132" daemon prio=5 tid=2589 timed_waiting
java.lang.Thread.State: TIMED_WAITING
        at sun.misc.Unsafe.park(Native Method)
        at java.util.concurrent.locks.LockSupport.parkNanos(LockSupport.java:215)
        at java.util.concurrent.locks.AbstractQueuedSynchronizer$ConditionObject.awaitNanos(AbstractQueuedSynchronizer.java:2078)
        at java.util.concurrent.LinkedBlockingQueue.poll(LinkedBlockingQueue.java:467)
        at org.apache.hadoop.ipc.CallQueueManager.take(CallQueueManager.java:317)
        at org.apache.hadoop.ipc.Server$Handler.run(Server.java:2932)
"Session-HouseKeeper-4756a913-1"  prio=5 tid=2612 timed_waiting
java.lang.Thread.State: TIMED_WAITING
        at sun.misc.Unsafe.park(Native Method)
        at java.util.concurrent.locks.LockSupport.parkNanos(LockSupport.java:215)
        at java.util.concurrent.locks.AbstractQueuedSynchronizer$ConditionObject.awaitNanos(AbstractQueuedSynchronizer.java:2078)
        at java.util.concurrent.ScheduledThreadPoolExecutor$DelayedWorkQueue.take(ScheduledThreadPoolExecutor.java:1093)
        at java.util.concurrent.ScheduledThreadPoolExecutor$DelayedWorkQueue.take(ScheduledThreadPoolExecutor.java:809)
        at java.util.concurrent.ThreadPoolExecutor.getTask(ThreadPoolExecutor.java:1074)
        at java.util.concurrent.ThreadPoolExecutor.runWorker(ThreadPoolExecutor.java:1134)
        at java.util.concurrent.ThreadPoolExecutor$Worker.run(ThreadPoolExecutor.java:624)
        at java.lang.Thread.run(Thread.java:748)
"qtp1667630446-2661" daemon prio=5 tid=2661 timed_waiting
java.lang.Thread.State: TIMED_WAITING
        at sun.misc.Unsafe.park(Native Method)
        at java.util.concurrent.locks.LockSupport.parkNanos(LockSupport.java:215)
        at java.util.concurrent.locks.AbstractQueuedSynchronizer$ConditionObject.awaitNanos(AbstractQueuedSynchronizer.java:2078)
        at org.eclipse.jetty.util.BlockingArrayQueue.poll(BlockingArrayQueue.java:382)
        at org.eclipse.jetty.util.thread.QueuedThreadPool$Runner.idleJobPoll(QueuedThreadPool.java:974)
        at org.eclipse.jetty.util.thread.QueuedThreadPool$Runner.run(QueuedThreadPool.java:1018)
        at java.lang.Thread.run(Thread.java:748)
"IPC Server handler 88 on default port 13033" daemon prio=5 tid=2398 timed_waiting
java.lang.Thread.State: TIMED_WAITING
        at sun.misc.Unsafe.park(Native Method)
        at java.util.concurrent.locks.LockSupport.parkNanos(LockSupport.java:215)
        at java.util.concurrent.locks.AbstractQueuedSynchronizer$ConditionObject.awaitNanos(AbstractQueuedSynchronizer.java:2078)
        at java.util.concurrent.LinkedBlockingQueue.poll(LinkedBlockingQueue.java:467)
        at org.apache.hadoop.ipc.CallQueueManager.take(CallQueueManager.java:317)
        at org.apache.hadoop.ipc.Server$Handler.run(Server.java:2932)
"pool-499-thread-1"  prio=5 tid=2756 in Object.wait()
java.lang.Thread.State: WAITING (on object monitor)
        at sun.misc.Unsafe.park(Native Method)
        at java.util.concurrent.locks.LockSupport.park(LockSupport.java:175)
        at java.util.concurrent.locks.AbstractQueuedSynchronizer$ConditionObject.await(AbstractQueuedSynchronizer.java:2039)
        at java.util.concurrent.LinkedBlockingQueue.take(LinkedBlockingQueue.java:442)
        at java.util.concurrent.ThreadPoolExecutor.getTask(ThreadPoolExecutor.java:1074)
        at java.util.concurrent.ThreadPoolExecutor.runWorker(ThreadPoolExecutor.java:1134)
        at java.util.concurrent.ThreadPoolExecutor$Worker.run(ThreadPoolExecutor.java:624)
        at java.lang.Thread.run(Thread.java:748)
"qtp1667630446-2660" daemon prio=5 tid=2660 timed_waiting
java.lang.Thread.State: TIMED_WAITING
        at sun.misc.Unsafe.park(Native Method)
        at java.util.concurrent.locks.LockSupport.parkNanos(LockSupport.java:215)
        at java.util.concurrent.locks.AbstractQueuedSynchronizer$ConditionObject.awaitNanos(AbstractQueuedSynchronizer.java:2078)
        at org.eclipse.jetty.util.BlockingArrayQueue.poll(BlockingArrayQueue.java:382)
        at org.eclipse.jetty.util.thread.QueuedThreadPool$Runner.idleJobPoll(QueuedThreadPool.java:974)
        at org.eclipse.jetty.util.thread.QueuedThreadPool$Runner.run(QueuedThreadPool.java:1018)
        at java.lang.Thread.run(Thread.java:748)
"IPC Server handler 1 on default port 11132" daemon prio=5 tid=2577 timed_waiting
java.lang.Thread.State: TIMED_WAITING
        at sun.misc.Unsafe.park(Native Method)
        at java.util.concurrent.locks.LockSupport.parkNanos(LockSupport.java:215)
        at java.util.concurrent.locks.AbstractQueuedSynchronizer$ConditionObject.awaitNanos(AbstractQueuedSynchronizer.java:2078)
        at java.util.concurrent.LinkedBlockingQueue.poll(LinkedBlockingQueue.java:467)
        at org.apache.hadoop.ipc.CallQueueManager.take(CallQueueManager.java:317)
        at org.apache.hadoop.ipc.Server$Handler.run(Server.java:2932)
"IPC Server handler 89 on default port 13034" daemon prio=5 tid=2280 timed_waiting
java.lang.Thread.State: TIMED_WAITING
        at sun.misc.Unsafe.park(Native Method)
        at java.util.concurrent.locks.LockSupport.parkNanos(LockSupport.java:215)
        at java.util.concurrent.locks.AbstractQueuedSynchronizer$ConditionObject.awaitNanos(AbstractQueuedSynchronizer.java:2078)
        at java.util.concurrent.LinkedBlockingQueue.poll(LinkedBlockingQueue.java:467)
        at org.apache.hadoop.ipc.CallQueueManager.take(CallQueueManager.java:317)
        at org.apache.hadoop.ipc.Server$Handler.run(Server.java:2932)
"junit-jupiter-timeout-watcher"  prio=10 tid=793 timed_waiting
java.lang.Thread.State: TIMED_WAITING
        at sun.misc.Unsafe.park(Native Method)
        at java.util.concurrent.locks.LockSupport.parkNanos(LockSupport.java:215)
        at java.util.concurrent.locks.AbstractQueuedSynchronizer$ConditionObject.awaitNanos(AbstractQueuedSynchronizer.java:2078)
        at java.util.concurrent.ScheduledThreadPoolExecutor$DelayedWorkQueue.take(ScheduledThreadPoolExecutor.java:1093)
        at java.util.concurrent.ScheduledThreadPoolExecutor$DelayedWorkQueue.take(ScheduledThreadPoolExecutor.java:809)
        at java.util.concurrent.ThreadPoolExecutor.getTask(ThreadPoolExecutor.java:1074)
        at java.util.concurrent.ThreadPoolExecutor.runWorker(ThreadPoolExecutor.java:1134)
        at java.util.concurrent.ThreadPoolExecutor$Worker.run(ThreadPoolExecutor.java:624)
        at java.lang.Thread.run(Thread.java:748)
"Datanode ReportManager Thread - 4" daemon prio=5 tid=567 timed_waiting
java.lang.Thread.State: TIMED_WAITING
        at sun.misc.Unsafe.park(Native Method)
        at java.util.concurrent.locks.LockSupport.parkNanos(LockSupport.java:215)
        at java.util.concurrent.locks.AbstractQueuedSynchronizer$ConditionObject.awaitNanos(AbstractQueuedSynchronizer.java:2078)
        at java.util.concurrent.ScheduledThreadPoolExecutor$DelayedWorkQueue.take(ScheduledThreadPoolExecutor.java:1093)
        at java.util.concurrent.ScheduledThreadPoolExecutor$DelayedWorkQueue.take(ScheduledThreadPoolExecutor.java:809)
        at java.util.concurrent.ThreadPoolExecutor.getTask(ThreadPoolExecutor.java:1074)
        at java.util.concurrent.ThreadPoolExecutor.runWorker(ThreadPoolExecutor.java:1134)
        at java.util.concurrent.ThreadPoolExecutor$Worker.run(ThreadPoolExecutor.java:624)
        at java.lang.Thread.run(Thread.java:748)
"SCM Heartbeat Processing Thread - 0" daemon prio=5 tid=2070 timed_waiting
java.lang.Thread.State: TIMED_WAITING
        at sun.misc.Unsafe.park(Native Method)
        at java.util.concurrent.locks.LockSupport.parkNanos(LockSupport.java:215)
        at java.util.concurrent.locks.AbstractQueuedSynchronizer$ConditionObject.awaitNanos(AbstractQueuedSynchronizer.java:2078)
        at java.util.concurrent.ScheduledThreadPoolExecutor$DelayedWorkQueue.take(ScheduledThreadPoolExecutor.java:1093)
        at java.util.concurrent.ScheduledThreadPoolExecutor$DelayedWorkQueue.take(ScheduledThreadPoolExecutor.java:809)
        at java.util.concurrent.ThreadPoolExecutor.getTask(ThreadPoolExecutor.java:1074)
        at java.util.concurrent.ThreadPoolExecutor.runWorker(ThreadPoolExecutor.java:1134)
        at java.util.concurrent.ThreadPoolExecutor$Worker.run(ThreadPoolExecutor.java:624)
        at java.lang.Thread.run(Thread.java:748)
"IPC Server handler 41 on default port 13034" daemon prio=5 tid=2232 timed_waiting
java.lang.Thread.State: TIMED_WAITING
        at sun.misc.Unsafe.park(Native Method)
        at java.util.concurrent.locks.LockSupport.parkNanos(LockSupport.java:215)
        at java.util.concurrent.locks.AbstractQueuedSynchronizer$ConditionObject.awaitNanos(AbstractQueuedSynchronizer.java:2078)
        at java.util.concurrent.LinkedBlockingQueue.poll(LinkedBlockingQueue.java:467)
        at org.apache.hadoop.ipc.CallQueueManager.take(CallQueueManager.java:317)
        at org.apache.hadoop.ipc.Server$Handler.run(Server.java:2932)
"IPC Server handler 6 on default port 13034" daemon prio=5 tid=2197 timed_waiting
java.lang.Thread.State: TIMED_WAITING
        at sun.misc.Unsafe.park(Native Method)
        at java.util.concurrent.locks.LockSupport.parkNanos(LockSupport.java:215)
        at java.util.concurrent.locks.AbstractQueuedSynchronizer$ConditionObject.awaitNanos(AbstractQueuedSynchronizer.java:2078)
        at java.util.concurrent.LinkedBlockingQueue.poll(LinkedBlockingQueue.java:467)
        at org.apache.hadoop.ipc.CallQueueManager.take(CallQueueManager.java:317)
        at org.apache.hadoop.ipc.Server$Handler.run(Server.java:2932)
"IPC Server handler 69 on default port 13035" daemon prio=5 tid=2160 timed_waiting
java.lang.Thread.State: TIMED_WAITING
        at sun.misc.Unsafe.park(Native Method)
        at java.util.concurrent.locks.LockSupport.parkNanos(LockSupport.java:215)
        at java.util.concurrent.locks.AbstractQueuedSynchronizer$ConditionObject.awaitNanos(AbstractQueuedSynchronizer.java:2078)
        at java.util.concurrent.LinkedBlockingQueue.poll(LinkedBlockingQueue.java:467)
        at org.apache.hadoop.ipc.CallQueueManager.take(CallQueueManager.java:317)
        at org.apache.hadoop.ipc.Server$Handler.run(Server.java:2932)
"IPC Server handler 55 on default port 13033" daemon prio=5 tid=2365 timed_waiting
java.lang.Thread.State: TIMED_WAITING
        at sun.misc.Unsafe.park(Native Method)
        at java.util.concurrent.locks.LockSupport.parkNanos(LockSupport.java:215)
        at java.util.concurrent.locks.AbstractQueuedSynchronizer$ConditionObject.awaitNanos(AbstractQueuedSynchronizer.java:2078)
        at java.util.concurrent.LinkedBlockingQueue.poll(LinkedBlockingQueue.java:467)
        at org.apache.hadoop.ipc.CallQueueManager.take(CallQueueManager.java:317)
        at org.apache.hadoop.ipc.Server$Handler.run(Server.java:2932)
"qtp1029395488-2298" daemon prio=5 tid=2298 timed_waiting
java.lang.Thread.State: TIMED_WAITING
        at sun.misc.Unsafe.park(Native Method)
        at java.util.concurrent.locks.LockSupport.parkNanos(LockSupport.java:215)
        at java.util.concurrent.locks.AbstractQueuedSynchronizer$ConditionObject.awaitNanos(AbstractQueuedSynchronizer.java:2078)
        at org.eclipse.jetty.util.BlockingArrayQueue.poll(BlockingArrayQueue.java:382)
        at org.eclipse.jetty.util.thread.QueuedThreadPool$Runner.idleJobPoll(QueuedThreadPool.java:974)
        at org.eclipse.jetty.util.thread.QueuedThreadPool$Runner.run(QueuedThreadPool.java:1018)
        at java.lang.Thread.run(Thread.java:748)
"surefire-forkedjvm-ping-30s" daemon prio=5 tid=10 timed_waiting
java.lang.Thread.State: TIMED_WAITING
        at sun.misc.Unsafe.park(Native Method)
        at java.util.concurrent.locks.LockSupport.parkNanos(LockSupport.java:215)
        at java.util.concurrent.locks.AbstractQueuedSynchronizer$ConditionObject.awaitNanos(AbstractQueuedSynchronizer.java:2078)
        at java.util.concurrent.ScheduledThreadPoolExecutor$DelayedWorkQueue.take(ScheduledThreadPoolExecutor.java:1093)
        at java.util.concurrent.ScheduledThreadPoolExecutor$DelayedWorkQueue.take(ScheduledThreadPoolExecutor.java:809)
        at java.util.concurrent.ThreadPoolExecutor.getTask(ThreadPoolExecutor.java:1074)
        at java.util.concurrent.ThreadPoolExecutor.runWorker(ThreadPoolExecutor.java:1134)
        at java.util.concurrent.ThreadPoolExecutor$Worker.run(ThreadPoolExecutor.java:624)
        at java.lang.Thread.run(Thread.java:748)
"omNode-1@group-523986131536-StateMachineUpdater" daemon prio=5 tid=2560 in Object.wait()
java.lang.Thread.State: WAITING (on object monitor)
        at java.lang.Object.wait(Native Method)
        at java.lang.Object.wait(Object.java:502)
        at org.apache.ratis.server.impl.StateMachineUpdater.waitForCommit(StateMachineUpdater.java:204)
        at org.apache.ratis.server.impl.StateMachineUpdater.run(StateMachineUpdater.java:173)
        at java.lang.Thread.run(Thread.java:748)
"ChunkWriter-2-0" daemon prio=5 tid=2713 in Object.wait()
java.lang.Thread.State: WAITING (on object monitor)
        at sun.misc.Unsafe.park(Native Method)
        at java.util.concurrent.locks.LockSupport.park(LockSupport.java:175)
        at java.util.concurrent.locks.AbstractQueuedSynchronizer$ConditionObject.await(AbstractQueuedSynchronizer.java:2039)
        at java.util.concurrent.LinkedBlockingDeque.takeFirst(LinkedBlockingDeque.java:492)
        at java.util.concurrent.LinkedBlockingDeque.take(LinkedBlockingDeque.java:680)
        at java.util.concurrent.ThreadPoolExecutor.getTask(ThreadPoolExecutor.java:1074)
        at java.util.concurrent.ThreadPoolExecutor.runWorker(ThreadPoolExecutor.java:1134)
        at java.util.concurrent.ThreadPoolExecutor$Worker.run(ThreadPoolExecutor.java:624)
        at java.lang.Thread.run(Thread.java:748)
"IPC Server handler 92 on default port 13034" daemon prio=5 tid=2283 timed_waiting
java.lang.Thread.State: TIMED_WAITING
        at sun.misc.Unsafe.park(Native Method)
        at java.util.concurrent.locks.LockSupport.parkNanos(LockSupport.java:215)
        at java.util.concurrent.locks.AbstractQueuedSynchronizer$ConditionObject.awaitNanos(AbstractQueuedSynchronizer.java:2078)
        at java.util.concurrent.LinkedBlockingQueue.poll(LinkedBlockingQueue.java:467)
        at org.apache.hadoop.ipc.CallQueueManager.take(CallQueueManager.java:317)
        at org.apache.hadoop.ipc.Server$Handler.run(Server.java:2932)
"Datanode ReportManager Thread - 1" daemon prio=5 tid=1742 in Object.wait()
java.lang.Thread.State: WAITING (on object monitor)
        at sun.misc.Unsafe.park(Native Method)
        at java.util.concurrent.locks.LockSupport.park(LockSupport.java:175)
        at java.util.concurrent.locks.AbstractQueuedSynchronizer$ConditionObject.await(AbstractQueuedSynchronizer.java:2039)
        at java.util.concurrent.ScheduledThreadPoolExecutor$DelayedWorkQueue.take(ScheduledThreadPoolExecutor.java:1088)
        at java.util.concurrent.ScheduledThreadPoolExecutor$DelayedWorkQueue.take(ScheduledThreadPoolExecutor.java:809)
        at java.util.concurrent.ThreadPoolExecutor.getTask(ThreadPoolExecutor.java:1074)
        at java.util.concurrent.ThreadPoolExecutor.runWorker(ThreadPoolExecutor.java:1134)
        at java.util.concurrent.ThreadPoolExecutor$Worker.run(ThreadPoolExecutor.java:624)
        at java.lang.Thread.run(Thread.java:748)
"IPC Server handler 40 on default port 13035" daemon prio=5 tid=2131 timed_waiting
java.lang.Thread.State: TIMED_WAITING
        at sun.misc.Unsafe.park(Native Method)
        at java.util.concurrent.locks.LockSupport.parkNanos(LockSupport.java:215)
        at java.util.concurrent.locks.AbstractQueuedSynchronizer$ConditionObject.awaitNanos(AbstractQueuedSynchronizer.java:2078)
        at java.util.concurrent.LinkedBlockingQueue.poll(LinkedBlockingQueue.java:467)
        at org.apache.hadoop.ipc.CallQueueManager.take(CallQueueManager.java:317)
        at org.apache.hadoop.ipc.Server$Handler.run(Server.java:2932)
"IPC Server handler 95 on default port 13033" daemon prio=5 tid=2405 timed_waiting
java.lang.Thread.State: TIMED_WAITING
        at sun.misc.Unsafe.park(Native Method)
        at java.util.concurrent.locks.LockSupport.parkNanos(LockSupport.java:215)
        at java.util.concurrent.locks.AbstractQueuedSynchronizer$ConditionObject.awaitNanos(AbstractQueuedSynchronizer.java:2078)
        at java.util.concurrent.LinkedBlockingQueue.poll(LinkedBlockingQueue.java:467)
        at org.apache.hadoop.ipc.CallQueueManager.take(CallQueueManager.java:317)
        at org.apache.hadoop.ipc.Server$Handler.run(Server.java:2932)
"IPC Server handler 61 on default port 13033" daemon prio=5 tid=2371 timed_waiting
java.lang.Thread.State: TIMED_WAITING
        at sun.misc.Unsafe.park(Native Method)
        at java.util.concurrent.locks.LockSupport.parkNanos(LockSupport.java:215)
        at java.util.concurrent.locks.AbstractQueuedSynchronizer$ConditionObject.awaitNanos(AbstractQueuedSynchronizer.java:2078)
        at java.util.concurrent.LinkedBlockingQueue.poll(LinkedBlockingQueue.java:467)
        at org.apache.hadoop.ipc.CallQueueManager.take(CallQueueManager.java:317)
        at org.apache.hadoop.ipc.Server$Handler.run(Server.java:2932)
"f925c0d7-10bd-441b-a371-a3422131d7f8@group-390751046F7B-SegmentedRaftLogWorker"  prio=5 tid=2531 timed_waiting
java.lang.Thread.State: TIMED_WAITING
        at sun.misc.Unsafe.park(Native Method)
        at java.util.concurrent.locks.LockSupport.parkNanos(LockSupport.java:215)
        at java.util.concurrent.locks.AbstractQueuedSynchronizer$ConditionObject.awaitNanos(AbstractQueuedSynchronizer.java:2078)
        at org.apache.ratis.util.DataBlockingQueue.poll(DataBlockingQueue.java:137)
        at org.apache.ratis.server.raftlog.segmented.SegmentedRaftLogWorker.run(SegmentedRaftLogWorker.java:292)
        at org.apache.ratis.server.raftlog.segmented.SegmentedRaftLogWorker$$Lambda$435/2075927136.run(Unknown Source)
        at java.lang.Thread.run(Thread.java:748)
"qtp1813996673-2610" daemon prio=5 tid=2610 timed_waiting
java.lang.Thread.State: TIMED_WAITING
        at sun.misc.Unsafe.park(Native Method)
        at java.util.concurrent.locks.LockSupport.parkNanos(LockSupport.java:215)
        at java.util.concurrent.locks.AbstractQueuedSynchronizer$ConditionObject.awaitNanos(AbstractQueuedSynchronizer.java:2078)
        at org.eclipse.jetty.util.BlockingArrayQueue.poll(BlockingArrayQueue.java:382)
        at org.eclipse.jetty.util.thread.QueuedThreadPool$Runner.idleJobPoll(QueuedThreadPool.java:974)
        at org.eclipse.jetty.util.thread.QueuedThreadPool$Runner.run(QueuedThreadPool.java:1018)
        at java.lang.Thread.run(Thread.java:748)
"qtp1029395488-2300" daemon prio=5 tid=2300 timed_waiting
java.lang.Thread.State: TIMED_WAITING
        at sun.misc.Unsafe.park(Native Method)
        at java.util.concurrent.locks.LockSupport.parkNanos(LockSupport.java:215)
        at java.util.concurrent.locks.AbstractQueuedSynchronizer$ConditionObject.awaitNanos(AbstractQueuedSynchronizer.java:2078)
        at org.eclipse.jetty.util.BlockingArrayQueue.poll(BlockingArrayQueue.java:382)
        at org.eclipse.jetty.util.thread.QueuedThreadPool$Runner.idleJobPoll(QueuedThreadPool.java:974)
        at org.eclipse.jetty.util.thread.QueuedThreadPool$Runner.run(QueuedThreadPool.java:1018)
        at java.lang.Thread.run(Thread.java:748)
"IPC Server listener on 13044" daemon prio=5 tid=2428 runnable
java.lang.Thread.State: RUNNABLE
        at sun.nio.ch.EPollArrayWrapper.epollWait(Native Method)
        at sun.nio.ch.EPollArrayWrapper.poll(EPollArrayWrapper.java:269)
        at sun.nio.ch.EPollSelectorImpl.doSelect(EPollSelectorImpl.java:93)
        at sun.nio.ch.SelectorImpl.lockAndDoSelect(SelectorImpl.java:86)
        at sun.nio.ch.SelectorImpl.select(SelectorImpl.java:97)
        at sun.nio.ch.SelectorImpl.select(SelectorImpl.java:101)
        at org.apache.hadoop.ipc.Server$Listener.run(Server.java:1350)
"Datanode ReportManager Thread - 4" daemon prio=5 tid=2671 in Object.wait()
java.lang.Thread.State: WAITING (on object monitor)
        at sun.misc.Unsafe.park(Native Method)
        at java.util.concurrent.locks.LockSupport.park(LockSupport.java:175)
        at java.util.concurrent.locks.AbstractQueuedSynchronizer$ConditionObject.await(AbstractQueuedSynchronizer.java:2039)
        at java.util.concurrent.ScheduledThreadPoolExecutor$DelayedWorkQueue.take(ScheduledThreadPoolExecutor.java:1088)
        at java.util.concurrent.ScheduledThreadPoolExecutor$DelayedWorkQueue.take(ScheduledThreadPoolExecutor.java:809)
        at java.util.concurrent.ThreadPoolExecutor.getTask(ThreadPoolExecutor.java:1074)
        at java.util.concurrent.ThreadPoolExecutor.runWorker(ThreadPoolExecutor.java:1134)
        at java.util.concurrent.ThreadPoolExecutor$Worker.run(ThreadPoolExecutor.java:624)
        at java.lang.Thread.run(Thread.java:748)
"qtp1999374326-2568-acceptor-0@714c284b-ServerConnector@245ece8d{HTTP/1.1, (http/1.1)}{0.0.0.0:11134}" daemon prio=3 tid=2568 runnable
java.lang.Thread.State: RUNNABLE
        at sun.nio.ch.ServerSocketChannelImpl.accept0(Native Method)
        at sun.nio.ch.ServerSocketChannelImpl.accept(ServerSocketChannelImpl.java:421)
        at sun.nio.ch.ServerSocketChannelImpl.accept(ServerSocketChannelImpl.java:249)
        at org.eclipse.jetty.server.ServerConnector.accept(ServerConnector.java:388)
        at org.eclipse.jetty.server.AbstractConnector$Acceptor.run(AbstractConnector.java:702)
        at org.eclipse.jetty.util.thread.QueuedThreadPool.runJob(QueuedThreadPool.java:883)
        at org.eclipse.jetty.util.thread.QueuedThreadPool$Runner.run(QueuedThreadPool.java:1034)
        at java.lang.Thread.run(Thread.java:748)
"pool-525-thread-1"  prio=5 tid=2656 timed_waiting
java.lang.Thread.State: TIMED_WAITING
        at sun.misc.Unsafe.park(Native Method)
        at java.util.concurrent.locks.LockSupport.parkNanos(LockSupport.java:215)
        at java.util.concurrent.locks.AbstractQueuedSynchronizer$ConditionObject.awaitNanos(AbstractQueuedSynchronizer.java:2078)
        at java.util.concurrent.ScheduledThreadPoolExecutor$DelayedWorkQueue.take(ScheduledThreadPoolExecutor.java:1093)
        at java.util.concurrent.ScheduledThreadPoolExecutor$DelayedWorkQueue.take(ScheduledThreadPoolExecutor.java:809)
        at java.util.concurrent.ThreadPoolExecutor.getTask(ThreadPoolExecutor.java:1074)
        at java.util.concurrent.ThreadPoolExecutor.runWorker(ThreadPoolExecutor.java:1134)
        at java.util.concurrent.ThreadPoolExecutor$Worker.run(ThreadPoolExecutor.java:624)
        at java.lang.Thread.run(Thread.java:748)
"pool-513-thread-1" daemon prio=5 tid=2653 timed_waiting
java.lang.Thread.State: TIMED_WAITING
        at sun.misc.Unsafe.park(Native Method)
        at java.util.concurrent.locks.LockSupport.parkNanos(LockSupport.java:215)
        at java.util.concurrent.locks.AbstractQueuedSynchronizer$ConditionObject.awaitNanos(AbstractQueuedSynchronizer.java:2078)
        at java.util.concurrent.ScheduledThreadPoolExecutor$DelayedWorkQueue.take(ScheduledThreadPoolExecutor.java:1093)
        at java.util.concurrent.ScheduledThreadPoolExecutor$DelayedWorkQueue.take(ScheduledThreadPoolExecutor.java:809)
        at java.util.concurrent.ThreadPoolExecutor.getTask(ThreadPoolExecutor.java:1074)
        at java.util.concurrent.ThreadPoolExecutor.runWorker(ThreadPoolExecutor.java:1134)
        at java.util.concurrent.ThreadPoolExecutor$Worker.run(ThreadPoolExecutor.java:624)
        at java.lang.Thread.run(Thread.java:748)
"IPC Server handler 92 on default port 13035" daemon prio=5 tid=2183 timed_waiting
java.lang.Thread.State: TIMED_WAITING
        at sun.misc.Unsafe.park(Native Method)
        at java.util.concurrent.locks.LockSupport.parkNanos(LockSupport.java:215)
        at java.util.concurrent.locks.AbstractQueuedSynchronizer$ConditionObject.awaitNanos(AbstractQueuedSynchronizer.java:2078)
        at java.util.concurrent.LinkedBlockingQueue.poll(LinkedBlockingQueue.java:467)
        at org.apache.hadoop.ipc.CallQueueManager.take(CallQueueManager.java:317)
        at org.apache.hadoop.ipc.Server$Handler.run(Server.java:2932)
"7e7f778f-92a3-4c6a-870c-2544e6325884@group-A37BCEEDED0F-StateMachineUpdater" daemon prio=5 tid=2762 in Object.wait()
java.lang.Thread.State: WAITING (on object monitor)
        at java.lang.Object.wait(Native Method)
        at java.lang.Object.wait(Object.java:502)
        at org.apache.ratis.server.impl.StateMachineUpdater.waitForCommit(StateMachineUpdater.java:204)
        at org.apache.ratis.server.impl.StateMachineUpdater.run(StateMachineUpdater.java:173)
        at java.lang.Thread.run(Thread.java:748)
"IPC Server handler 53 on default port 13034" daemon prio=5 tid=2244 timed_waiting
java.lang.Thread.State: TIMED_WAITING
        at sun.misc.Unsafe.park(Native Method)
        at java.util.concurrent.locks.LockSupport.parkNanos(LockSupport.java:215)
        at java.util.concurrent.locks.AbstractQueuedSynchronizer$ConditionObject.awaitNanos(AbstractQueuedSynchronizer.java:2078)
        at java.util.concurrent.LinkedBlockingQueue.poll(LinkedBlockingQueue.java:467)
        at org.apache.hadoop.ipc.CallQueueManager.take(CallQueueManager.java:317)
        at org.apache.hadoop.ipc.Server$Handler.run(Server.java:2932)
"IPC Server handler 1 on default port 13034" daemon prio=5 tid=2192 timed_waiting
java.lang.Thread.State: TIMED_WAITING
        at sun.misc.Unsafe.park(Native Method)
        at java.util.concurrent.locks.LockSupport.parkNanos(LockSupport.java:215)
        at java.util.concurrent.locks.AbstractQueuedSynchronizer$ConditionObject.awaitNanos(AbstractQueuedSynchronizer.java:2078)
        at java.util.concurrent.LinkedBlockingQueue.poll(LinkedBlockingQueue.java:467)
        at org.apache.hadoop.ipc.CallQueueManager.take(CallQueueManager.java:317)
        at org.apache.hadoop.ipc.Server$Handler.run(Server.java:2932)
"IPC Client (685606790) connection to localhost/127.0.0.1:13053 from runner" daemon prio=5 tid=3117 runnable
java.lang.Thread.State: RUNNABLE
        at sun.nio.ch.EPollArrayWrapper.epollWait(Native Method)
        at sun.nio.ch.EPollArrayWrapper.poll(EPollArrayWrapper.java:269)
        at sun.nio.ch.EPollSelectorImpl.doSelect(EPollSelectorImpl.java:93)
        at sun.nio.ch.SelectorImpl.lockAndDoSelect(SelectorImpl.java:86)
        at sun.nio.ch.SelectorImpl.select(SelectorImpl.java:97)
        at org.apache.hadoop.net.SocketIOWithTimeout$SelectorPool.select(SocketIOWithTimeout.java:336)
        at org.apache.hadoop.net.SocketIOWithTimeout.doIO(SocketIOWithTimeout.java:157)
        at org.apache.hadoop.net.SocketInputStream.read(SocketInputStream.java:161)
        at org.apache.hadoop.net.SocketInputStream.read(SocketInputStream.java:131)
        at java.io.FilterInputStream.read(FilterInputStream.java:133)
        at java.io.BufferedInputStream.fill(BufferedInputStream.java:246)
        at java.io.BufferedInputStream.read(BufferedInputStream.java:265)
        at java.io.FilterInputStream.read(FilterInputStream.java:83)
        at java.io.FilterInputStream.read(FilterInputStream.java:83)
        at org.apache.hadoop.ipc.Client$Connection$PingInputStream.read(Client.java:563)
        at java.io.DataInputStream.readInt(DataInputStream.java:387)
        at org.apache.hadoop.ipc.Client$IpcStreams.readResponse(Client.java:1892)
        at org.apache.hadoop.ipc.Client$Connection.receiveRpcResponse(Client.java:1202)
        at org.apache.hadoop.ipc.Client$Connection.run(Client.java:1098)
"BlockDeletingService#0" daemon prio=5 tid=2689 in Object.wait()
java.lang.Thread.State: WAITING (on object monitor)
        at sun.misc.Unsafe.park(Native Method)
        at java.util.concurrent.locks.LockSupport.park(LockSupport.java:175)
        at java.util.concurrent.locks.AbstractQueuedSynchronizer$ConditionObject.await(AbstractQueuedSynchronizer.java:2039)
        at java.util.concurrent.ScheduledThreadPoolExecutor$DelayedWorkQueue.take(ScheduledThreadPoolExecutor.java:1088)
        at java.util.concurrent.ScheduledThreadPoolExecutor$DelayedWorkQueue.take(ScheduledThreadPoolExecutor.java:809)
        at java.util.concurrent.ThreadPoolExecutor.getTask(ThreadPoolExecutor.java:1074)
        at java.util.concurrent.ThreadPoolExecutor.runWorker(ThreadPoolExecutor.java:1134)
        at java.util.concurrent.ThreadPoolExecutor$Worker.run(ThreadPoolExecutor.java:624)
        at java.lang.Thread.run(Thread.java:748)
"Socket Reader #1 for port 13044"  prio=5 tid=2429 runnable
java.lang.Thread.State: RUNNABLE
        at sun.nio.ch.EPollArrayWrapper.epollWait(Native Method)
        at sun.nio.ch.EPollArrayWrapper.poll(EPollArrayWrapper.java:269)
        at sun.nio.ch.EPollSelectorImpl.doSelect(EPollSelectorImpl.java:93)
        at sun.nio.ch.SelectorImpl.lockAndDoSelect(SelectorImpl.java:86)
        at sun.nio.ch.SelectorImpl.select(SelectorImpl.java:97)
        at sun.nio.ch.SelectorImpl.select(SelectorImpl.java:101)
        at org.apache.hadoop.ipc.Server$Listener$Reader.doRunLoop(Server.java:1288)
        at org.apache.hadoop.ipc.Server$Listener$Reader.run(Server.java:1267)
"org.apache.ratis.util.JvmPauseMonitor$$Lambda$499/17331878@70ac80bd" daemon prio=5 tid=2715 timed_waiting
java.lang.Thread.State: TIMED_WAITING
        at java.lang.Thread.sleep(Native Method)
        at java.lang.Thread.sleep(Thread.java:340)
        at java.util.concurrent.TimeUnit.sleep(TimeUnit.java:386)
        at org.apache.ratis.util.TimeDuration.sleep(TimeDuration.java:324)
        at org.apache.ratis.util.TimeDuration.sleep(TimeDuration.java:309)
        at org.apache.ratis.util.JvmPauseMonitor.detectPause(JvmPauseMonitor.java:117)
        at org.apache.ratis.util.JvmPauseMonitor.run(JvmPauseMonitor.java:106)
        at org.apache.ratis.util.JvmPauseMonitor$$Lambda$499/17331878.run(Unknown Source)
        at java.lang.Thread.run(Thread.java:748)
"qtp1813996673-2611" daemon prio=5 tid=2611 timed_waiting
java.lang.Thread.State: TIMED_WAITING
        at sun.misc.Unsafe.park(Native Method)
        at java.util.concurrent.locks.LockSupport.parkNanos(LockSupport.java:215)
        at java.util.concurrent.locks.AbstractQueuedSynchronizer$ConditionObject.awaitNanos(AbstractQueuedSynchronizer.java:2078)
        at org.eclipse.jetty.util.BlockingArrayQueue.poll(BlockingArrayQueue.java:382)
        at org.eclipse.jetty.util.thread.QueuedThreadPool$Runner.idleJobPoll(QueuedThreadPool.java:974)
        at org.eclipse.jetty.util.thread.QueuedThreadPool$Runner.run(QueuedThreadPool.java:1018)
        at java.lang.Thread.run(Thread.java:748)
"Datanode State Machine Task Thread - 2"  prio=5 tid=2676 in Object.wait()
java.lang.Thread.State: WAITING (on object monitor)
        at sun.misc.Unsafe.park(Native Method)
        at java.util.concurrent.locks.LockSupport.park(LockSupport.java:175)
        at java.util.concurrent.locks.AbstractQueuedSynchronizer$ConditionObject.await(AbstractQueuedSynchronizer.java:2039)
        at java.util.concurrent.LinkedBlockingQueue.take(LinkedBlockingQueue.java:442)
        at java.util.concurrent.ThreadPoolExecutor.getTask(ThreadPoolExecutor.java:1074)
        at java.util.concurrent.ThreadPoolExecutor.runWorker(ThreadPoolExecutor.java:1134)
        at java.util.concurrent.ThreadPoolExecutor$Worker.run(ThreadPoolExecutor.java:624)
        at java.lang.Thread.run(Thread.java:748)
"IPC Server handler 35 on default port 13034" daemon prio=5 tid=2226 timed_waiting
java.lang.Thread.State: TIMED_WAITING
        at sun.misc.Unsafe.park(Native Method)
        at java.util.concurrent.locks.LockSupport.parkNanos(LockSupport.java:215)
        at java.util.concurrent.locks.AbstractQueuedSynchronizer$ConditionObject.awaitNanos(AbstractQueuedSynchronizer.java:2078)
        at java.util.concurrent.LinkedBlockingQueue.poll(LinkedBlockingQueue.java:467)
        at org.apache.hadoop.ipc.CallQueueManager.take(CallQueueManager.java:317)
        at org.apache.hadoop.ipc.Server$Handler.run(Server.java:2932)
"EventQueue-NodeRegistrationContainerReportForContainerSafeModeRule" daemon prio=5 tid=2721 in Object.wait()
java.lang.Thread.State: WAITING (on object monitor)
        at sun.misc.Unsafe.park(Native Method)
        at java.util.concurrent.locks.LockSupport.park(LockSupport.java:175)
        at java.util.concurrent.locks.AbstractQueuedSynchronizer$ConditionObject.await(AbstractQueuedSynchronizer.java:2039)
        at java.util.concurrent.LinkedBlockingQueue.take(LinkedBlockingQueue.java:442)
        at java.util.concurrent.ThreadPoolExecutor.getTask(ThreadPoolExecutor.java:1074)
        at java.util.concurrent.ThreadPoolExecutor.runWorker(ThreadPoolExecutor.java:1134)
        at java.util.concurrent.ThreadPoolExecutor$Worker.run(ThreadPoolExecutor.java:624)
        at java.lang.Thread.run(Thread.java:748)
"IPC Server handler 46 on default port 13035" daemon prio=5 tid=2137 timed_waiting
java.lang.Thread.State: TIMED_WAITING
        at sun.misc.Unsafe.park(Native Method)
        at java.util.concurrent.locks.LockSupport.parkNanos(LockSupport.java:215)
        at java.util.concurrent.locks.AbstractQueuedSynchronizer$ConditionObject.awaitNanos(AbstractQueuedSynchronizer.java:2078)
        at java.util.concurrent.LinkedBlockingQueue.poll(LinkedBlockingQueue.java:467)
        at org.apache.hadoop.ipc.CallQueueManager.take(CallQueueManager.java:317)
        at org.apache.hadoop.ipc.Server$Handler.run(Server.java:2932)
"ReplicationMonitor" daemon prio=5 tid=2072 timed_waiting
java.lang.Thread.State: TIMED_WAITING
        at java.lang.Object.wait(Native Method)
        at org.apache.hadoop.hdds.scm.container.ReplicationManager.run(ReplicationManager.java:384)
        at org.apache.hadoop.hdds.scm.container.ReplicationManager$$Lambda$645/1827573818.run(Unknown Source)
        at java.lang.Thread.run(Thread.java:748)
"IPC Server handler 20 on default port 13033" daemon prio=5 tid=2330 timed_waiting
java.lang.Thread.State: TIMED_WAITING
        at sun.misc.Unsafe.park(Native Method)
        at java.util.concurrent.locks.LockSupport.parkNanos(LockSupport.java:215)
        at java.util.concurrent.locks.AbstractQueuedSynchronizer$ConditionObject.awaitNanos(AbstractQueuedSynchronizer.java:2078)
        at java.util.concurrent.LinkedBlockingQueue.poll(LinkedBlockingQueue.java:467)
        at org.apache.hadoop.ipc.CallQueueManager.take(CallQueueManager.java:317)
        at org.apache.hadoop.ipc.Server$Handler.run(Server.java:2932)
"IPC Server handler 68 on default port 13033" daemon prio=5 tid=2378 timed_waiting
java.lang.Thread.State: TIMED_WAITING
        at sun.misc.Unsafe.park(Native Method)
        at java.util.concurrent.locks.LockSupport.parkNanos(LockSupport.java:215)
        at java.util.concurrent.locks.AbstractQueuedSynchronizer$ConditionObject.awaitNanos(AbstractQueuedSynchronizer.java:2078)
        at java.util.concurrent.LinkedBlockingQueue.poll(LinkedBlockingQueue.java:467)
        at org.apache.hadoop.ipc.CallQueueManager.take(CallQueueManager.java:317)
        at org.apache.hadoop.ipc.Server$Handler.run(Server.java:2932)
"qtp1813996673-2609" daemon prio=5 tid=2609 timed_waiting
java.lang.Thread.State: TIMED_WAITING
        at sun.misc.Unsafe.park(Native Method)
        at java.util.concurrent.locks.LockSupport.parkNanos(LockSupport.java:215)
        at java.util.concurrent.locks.AbstractQueuedSynchronizer$ConditionObject.awaitNanos(AbstractQueuedSynchronizer.java:2078)
        at org.eclipse.jetty.util.BlockingArrayQueue.poll(BlockingArrayQueue.java:382)
        at org.eclipse.jetty.util.thread.QueuedThreadPool$Runner.idleJobPoll(QueuedThreadPool.java:974)
        at org.eclipse.jetty.util.thread.QueuedThreadPool$Runner.run(QueuedThreadPool.java:1018)
        at java.lang.Thread.run(Thread.java:748)
"IPC Server handler 71 on default port 13034" daemon prio=5 tid=2262 timed_waiting
java.lang.Thread.State: TIMED_WAITING
        at sun.misc.Unsafe.park(Native Method)
        at java.util.concurrent.locks.LockSupport.parkNanos(LockSupport.java:215)
        at java.util.concurrent.locks.AbstractQueuedSynchronizer$ConditionObject.awaitNanos(AbstractQueuedSynchronizer.java:2078)
        at java.util.concurrent.LinkedBlockingQueue.poll(LinkedBlockingQueue.java:467)
        at org.apache.hadoop.ipc.CallQueueManager.take(CallQueueManager.java:317)
        at org.apache.hadoop.ipc.Server$Handler.run(Server.java:2932)
"IPC Server handler 7 on default port 13043" daemon prio=5 tid=2462 timed_waiting
java.lang.Thread.State: TIMED_WAITING
        at sun.misc.Unsafe.park(Native Method)
        at java.util.concurrent.locks.LockSupport.parkNanos(LockSupport.java:215)
        at java.util.concurrent.locks.AbstractQueuedSynchronizer$ConditionObject.awaitNanos(AbstractQueuedSynchronizer.java:2078)
        at java.util.concurrent.LinkedBlockingQueue.poll(LinkedBlockingQueue.java:467)
        at org.apache.hadoop.ipc.CallQueueManager.take(CallQueueManager.java:317)
        at org.apache.hadoop.ipc.Server$Handler.run(Server.java:2932)
"IPC Server handler 42 on default port 13035" daemon prio=5 tid=2133 timed_waiting
java.lang.Thread.State: TIMED_WAITING
        at sun.misc.Unsafe.park(Native Method)
        at java.util.concurrent.locks.LockSupport.parkNanos(LockSupport.java:215)
        at java.util.concurrent.locks.AbstractQueuedSynchronizer$ConditionObject.awaitNanos(AbstractQueuedSynchronizer.java:2078)
        at java.util.concurrent.LinkedBlockingQueue.poll(LinkedBlockingQueue.java:467)
        at org.apache.hadoop.ipc.CallQueueManager.take(CallQueueManager.java:317)
        at org.apache.hadoop.ipc.Server$Handler.run(Server.java:2932)
"IPC Server handler 24 on default port 13034" daemon prio=5 tid=2215 timed_waiting
java.lang.Thread.State: TIMED_WAITING
        at sun.misc.Unsafe.park(Native Method)
        at java.util.concurrent.locks.LockSupport.parkNanos(LockSupport.java:215)
        at java.util.concurrent.locks.AbstractQueuedSynchronizer$ConditionObject.awaitNanos(AbstractQueuedSynchronizer.java:2078)
        at java.util.concurrent.LinkedBlockingQueue.poll(LinkedBlockingQueue.java:467)
        at org.apache.hadoop.ipc.CallQueueManager.take(CallQueueManager.java:317)
        at org.apache.hadoop.ipc.Server$Handler.run(Server.java:2932)
"grpc-default-worker-ELG-7-1" daemon prio=5 tid=2439 runnable
java.lang.Thread.State: RUNNABLE
        at org.apache.ratis.thirdparty.io.netty.channel.epoll.Native.epollWait(Native Method)
        at org.apache.ratis.thirdparty.io.netty.channel.epoll.Native.epollWait(Native.java:177)
        at org.apache.ratis.thirdparty.io.netty.channel.epoll.Native.epollWait(Native.java:170)
        at org.apache.ratis.thirdparty.io.netty.channel.epoll.EpollEventLoop.epollWaitNoTimerChange(EpollEventLoop.java:290)
        at org.apache.ratis.thirdparty.io.netty.channel.epoll.EpollEventLoop.run(EpollEventLoop.java:347)
        at org.apache.ratis.thirdparty.io.netty.util.concurrent.SingleThreadEventExecutor$4.run(SingleThreadEventExecutor.java:989)
        at org.apache.ratis.thirdparty.io.netty.util.internal.ThreadExecutorMap$2.run(ThreadExecutorMap.java:74)
        at org.apache.ratis.thirdparty.io.netty.util.concurrent.FastThreadLocalRunnable.run(FastThreadLocalRunnable.java:30)
        at java.lang.Thread.run(Thread.java:748)
"IPC Server handler 37 on default port 13035" daemon prio=5 tid=2128 timed_waiting
java.lang.Thread.State: TIMED_WAITING
        at sun.misc.Unsafe.park(Native Method)
        at java.util.concurrent.locks.LockSupport.parkNanos(LockSupport.java:215)
        at java.util.concurrent.locks.AbstractQueuedSynchronizer$ConditionObject.awaitNanos(AbstractQueuedSynchronizer.java:2078)
        at java.util.concurrent.LinkedBlockingQueue.poll(LinkedBlockingQueue.java:467)
        at org.apache.hadoop.ipc.CallQueueManager.take(CallQueueManager.java:317)
        at org.apache.hadoop.ipc.Server$Handler.run(Server.java:2932)
"d262ff89-3d5e-4ab4-981f-dc8616a3cc4b@group-1FC4E3DC1381-SegmentedRaftLogWorker"  prio=5 tid=2744 timed_waiting
java.lang.Thread.State: TIMED_WAITING
        at sun.misc.Unsafe.park(Native Method)
        at java.util.concurrent.locks.LockSupport.parkNanos(LockSupport.java:215)
        at java.util.concurrent.locks.AbstractQueuedSynchronizer$ConditionObject.awaitNanos(AbstractQueuedSynchronizer.java:2078)
        at org.apache.ratis.util.DataBlockingQueue.poll(DataBlockingQueue.java:137)
        at org.apache.ratis.server.raftlog.segmented.SegmentedRaftLogWorker.run(SegmentedRaftLogWorker.java:292)
        at org.apache.ratis.server.raftlog.segmented.SegmentedRaftLogWorker$$Lambda$435/2075927136.run(Unknown Source)
        at java.lang.Thread.run(Thread.java:748)
"7e7f778f-92a3-4c6a-870c-2544e6325884@group-A37BCEEDED0F-FollowerState" daemon prio=5 tid=2931 timed_waiting
java.lang.Thread.State: TIMED_WAITING
        at java.lang.Thread.sleep(Native Method)
        at java.lang.Thread.sleep(Thread.java:340)
        at java.util.concurrent.TimeUnit.sleep(TimeUnit.java:386)
        at org.apache.ratis.util.TimeDuration.sleep(TimeDuration.java:324)
        at org.apache.ratis.util.TimeDuration.sleep(TimeDuration.java:309)
        at org.apache.ratis.server.impl.FollowerState.run(FollowerState.java:118)
"IPC Server handler 18 on default port 13044" daemon prio=5 tid=2515 timed_waiting
java.lang.Thread.State: TIMED_WAITING
        at sun.misc.Unsafe.park(Native Method)
        at java.util.concurrent.locks.LockSupport.parkNanos(LockSupport.java:215)
        at java.util.concurrent.locks.AbstractQueuedSynchronizer$ConditionObject.awaitNanos(AbstractQueuedSynchronizer.java:2078)
        at java.util.concurrent.LinkedBlockingQueue.poll(LinkedBlockingQueue.java:467)
        at org.apache.hadoop.ipc.CallQueueManager.take(CallQueueManager.java:317)
        at org.apache.hadoop.ipc.Server$Handler.run(Server.java:2932)
"qtp1667630446-2664" daemon prio=5 tid=2664 timed_waiting
java.lang.Thread.State: TIMED_WAITING
        at sun.misc.Unsafe.park(Native Method)
        at java.util.concurrent.locks.LockSupport.parkNanos(LockSupport.java:215)
        at java.util.concurrent.locks.AbstractQueuedSynchronizer$ConditionObject.awaitNanos(AbstractQueuedSynchronizer.java:2078)
        at org.eclipse.jetty.util.BlockingArrayQueue.poll(BlockingArrayQueue.java:382)
        at org.eclipse.jetty.util.thread.QueuedThreadPool$Runner.idleJobPoll(QueuedThreadPool.java:974)
        at org.eclipse.jetty.util.thread.QueuedThreadPool$Runner.run(QueuedThreadPool.java:1018)
        at java.lang.Thread.run(Thread.java:748)
"IPC Server handler 19 on default port 13033" daemon prio=5 tid=2329 timed_waiting
java.lang.Thread.State: TIMED_WAITING
        at sun.misc.Unsafe.park(Native Method)
        at java.util.concurrent.locks.LockSupport.parkNanos(LockSupport.java:215)
        at java.util.concurrent.locks.AbstractQueuedSynchronizer$ConditionObject.awaitNanos(AbstractQueuedSynchronizer.java:2078)
        at java.util.concurrent.LinkedBlockingQueue.poll(LinkedBlockingQueue.java:467)
        at org.apache.hadoop.ipc.CallQueueManager.take(CallQueueManager.java:317)
        at org.apache.hadoop.ipc.Server$Handler.run(Server.java:2932)
"IPC Server handler 45 on default port 13033" daemon prio=5 tid=2355 timed_waiting
java.lang.Thread.State: TIMED_WAITING
        at sun.misc.Unsafe.park(Native Method)
        at java.util.concurrent.locks.LockSupport.parkNanos(LockSupport.java:215)
        at java.util.concurrent.locks.AbstractQueuedSynchronizer$ConditionObject.awaitNanos(AbstractQueuedSynchronizer.java:2078)
        at java.util.concurrent.LinkedBlockingQueue.poll(LinkedBlockingQueue.java:467)
        at org.apache.hadoop.ipc.CallQueueManager.take(CallQueueManager.java:317)
        at org.apache.hadoop.ipc.Server$Handler.run(Server.java:2932)
"Datanode State Machine Task Thread - 0"  prio=5 tid=2649 in Object.wait()
java.lang.Thread.State: WAITING (on object monitor)
        at sun.misc.Unsafe.park(Native Method)
        at java.util.concurrent.locks.LockSupport.park(LockSupport.java:175)
        at java.util.concurrent.locks.AbstractQueuedSynchronizer$ConditionObject.await(AbstractQueuedSynchronizer.java:2039)
        at java.util.concurrent.LinkedBlockingQueue.take(LinkedBlockingQueue.java:442)
        at java.util.concurrent.ThreadPoolExecutor.getTask(ThreadPoolExecutor.java:1074)
        at java.util.concurrent.ThreadPoolExecutor.runWorker(ThreadPoolExecutor.java:1134)
        at java.util.concurrent.ThreadPoolExecutor$Worker.run(ThreadPoolExecutor.java:624)
        at java.lang.Thread.run(Thread.java:748)
"org.apache.ratis.util.JvmPauseMonitor$$Lambda$499/17331878@24d288e0" daemon prio=5 tid=2688 timed_waiting
java.lang.Thread.State: TIMED_WAITING
        at java.lang.Thread.sleep(Native Method)
        at java.lang.Thread.sleep(Thread.java:340)
        at java.util.concurrent.TimeUnit.sleep(TimeUnit.java:386)
        at org.apache.ratis.util.TimeDuration.sleep(TimeDuration.java:324)
        at org.apache.ratis.util.TimeDuration.sleep(TimeDuration.java:309)
        at org.apache.ratis.util.JvmPauseMonitor.detectPause(JvmPauseMonitor.java:117)
        at org.apache.ratis.util.JvmPauseMonitor.run(JvmPauseMonitor.java:106)
        at org.apache.ratis.util.JvmPauseMonitor$$Lambda$499/17331878.run(Unknown Source)
        at java.lang.Thread.run(Thread.java:748)
"IPC Server handler 8 on default port 11132" daemon prio=5 tid=2584 timed_waiting
java.lang.Thread.State: TIMED_WAITING
        at sun.misc.Unsafe.park(Native Method)
        at java.util.concurrent.locks.LockSupport.parkNanos(LockSupport.java:215)
        at java.util.concurrent.locks.AbstractQueuedSynchronizer$ConditionObject.awaitNanos(AbstractQueuedSynchronizer.java:2078)
        at java.util.concurrent.LinkedBlockingQueue.poll(LinkedBlockingQueue.java:467)
        at org.apache.hadoop.ipc.CallQueueManager.take(CallQueueManager.java:317)
        at org.apache.hadoop.ipc.Server$Handler.run(Server.java:2932)
"IPC Server handler 38 on default port 13035" daemon prio=5 tid=2129 timed_waiting
java.lang.Thread.State: TIMED_WAITING
        at sun.misc.Unsafe.park(Native Method)
        at java.util.concurrent.locks.LockSupport.parkNanos(LockSupport.java:215)
        at java.util.concurrent.locks.AbstractQueuedSynchronizer$ConditionObject.awaitNanos(AbstractQueuedSynchronizer.java:2078)
        at java.util.concurrent.LinkedBlockingQueue.poll(LinkedBlockingQueue.java:467)
        at org.apache.hadoop.ipc.CallQueueManager.take(CallQueueManager.java:317)
        at org.apache.hadoop.ipc.Server$Handler.run(Server.java:2932)
"BlockDeletingService#2" daemon prio=5 tid=2979 in Object.wait()
java.lang.Thread.State: WAITING (on object monitor)
        at sun.misc.Unsafe.park(Native Method)
        at java.util.concurrent.locks.LockSupport.park(LockSupport.java:175)
        at java.util.concurrent.locks.AbstractQueuedSynchronizer$ConditionObject.await(AbstractQueuedSynchronizer.java:2039)
        at java.util.concurrent.ScheduledThreadPoolExecutor$DelayedWorkQueue.take(ScheduledThreadPoolExecutor.java:1088)
        at java.util.concurrent.ScheduledThreadPoolExecutor$DelayedWorkQueue.take(ScheduledThreadPoolExecutor.java:809)
        at java.util.concurrent.ThreadPoolExecutor.getTask(ThreadPoolExecutor.java:1074)
        at java.util.concurrent.ThreadPoolExecutor.runWorker(ThreadPoolExecutor.java:1134)
        at java.util.concurrent.ThreadPoolExecutor$Worker.run(ThreadPoolExecutor.java:624)
        at java.lang.Thread.run(Thread.java:748)
"Session-HouseKeeper-5494cf4b-1"  prio=5 tid=2637 timed_waiting
java.lang.Thread.State: TIMED_WAITING
        at sun.misc.Unsafe.park(Native Method)
        at java.util.concurrent.locks.LockSupport.parkNanos(LockSupport.java:215)
        at java.util.concurrent.locks.AbstractQueuedSynchronizer$ConditionObject.awaitNanos(AbstractQueuedSynchronizer.java:2078)
        at java.util.concurrent.ScheduledThreadPoolExecutor$DelayedWorkQueue.take(ScheduledThreadPoolExecutor.java:1093)
        at java.util.concurrent.ScheduledThreadPoolExecutor$DelayedWorkQueue.take(ScheduledThreadPoolExecutor.java:809)
        at java.util.concurrent.ThreadPoolExecutor.getTask(ThreadPoolExecutor.java:1074)
        at java.util.concurrent.ThreadPoolExecutor.runWorker(ThreadPoolExecutor.java:1134)
        at java.util.concurrent.ThreadPoolExecutor$Worker.run(ThreadPoolExecutor.java:624)
        at java.lang.Thread.run(Thread.java:748)
"IPC Server handler 7 on default port 13045" daemon prio=5 tid=2484 timed_waiting
java.lang.Thread.State: TIMED_WAITING
        at sun.misc.Unsafe.park(Native Method)
        at java.util.concurrent.locks.LockSupport.parkNanos(LockSupport.java:215)
        at java.util.concurrent.locks.AbstractQueuedSynchronizer$ConditionObject.awaitNanos(AbstractQueuedSynchronizer.java:2078)
        at java.util.concurrent.LinkedBlockingQueue.poll(LinkedBlockingQueue.java:467)
        at org.apache.hadoop.ipc.CallQueueManager.take(CallQueueManager.java:317)
        at org.apache.hadoop.ipc.Server$Handler.run(Server.java:2932)
"IPC Server handler 1 on default port 13035" daemon prio=5 tid=2092 timed_waiting
java.lang.Thread.State: TIMED_WAITING
        at sun.misc.Unsafe.park(Native Method)
        at java.util.concurrent.locks.LockSupport.parkNanos(LockSupport.java:215)
        at java.util.concurrent.locks.AbstractQueuedSynchronizer$ConditionObject.awaitNanos(AbstractQueuedSynchronizer.java:2078)
        at java.util.concurrent.LinkedBlockingQueue.poll(LinkedBlockingQueue.java:467)
        at org.apache.hadoop.ipc.CallQueueManager.take(CallQueueManager.java:317)
        at org.apache.hadoop.ipc.Server$Handler.run(Server.java:2932)
"IPC Server handler 65 on default port 13035" daemon prio=5 tid=2156 timed_waiting
java.lang.Thread.State: TIMED_WAITING
        at sun.misc.Unsafe.park(Native Method)
        at java.util.concurrent.locks.LockSupport.parkNanos(LockSupport.java:215)
        at java.util.concurrent.locks.AbstractQueuedSynchronizer$ConditionObject.awaitNanos(AbstractQueuedSynchronizer.java:2078)
        at java.util.concurrent.LinkedBlockingQueue.poll(LinkedBlockingQueue.java:467)
        at org.apache.hadoop.ipc.CallQueueManager.take(CallQueueManager.java:317)
        at org.apache.hadoop.ipc.Server$Handler.run(Server.java:2932)
"IPC Server handler 18 on default port 13035" daemon prio=5 tid=2109 timed_waiting
java.lang.Thread.State: TIMED_WAITING
        at sun.misc.Unsafe.park(Native Method)
        at java.util.concurrent.locks.LockSupport.parkNanos(LockSupport.java:215)
        at java.util.concurrent.locks.AbstractQueuedSynchronizer$ConditionObject.awaitNanos(AbstractQueuedSynchronizer.java:2078)
        at java.util.concurrent.LinkedBlockingQueue.poll(LinkedBlockingQueue.java:467)
        at org.apache.hadoop.ipc.CallQueueManager.take(CallQueueManager.java:317)
        at org.apache.hadoop.ipc.Server$Handler.run(Server.java:2932)
"IPC Server handler 11 on default port 13045" daemon prio=5 tid=2488 timed_waiting
java.lang.Thread.State: TIMED_WAITING
        at sun.misc.Unsafe.park(Native Method)
        at java.util.concurrent.locks.LockSupport.parkNanos(LockSupport.java:215)
        at java.util.concurrent.locks.AbstractQueuedSynchronizer$ConditionObject.awaitNanos(AbstractQueuedSynchronizer.java:2078)
        at java.util.concurrent.LinkedBlockingQueue.poll(LinkedBlockingQueue.java:467)
        at org.apache.hadoop.ipc.CallQueueManager.take(CallQueueManager.java:317)
        at org.apache.hadoop.ipc.Server$Handler.run(Server.java:2932)
"IPC Server handler 0 on default port 13033" daemon prio=5 tid=2310 timed_waiting
java.lang.Thread.State: TIMED_WAITING
        at sun.misc.Unsafe.park(Native Method)
        at java.util.concurrent.locks.LockSupport.parkNanos(LockSupport.java:215)
        at java.util.concurrent.locks.AbstractQueuedSynchronizer$ConditionObject.awaitNanos(AbstractQueuedSynchronizer.java:2078)
        at java.util.concurrent.LinkedBlockingQueue.poll(LinkedBlockingQueue.java:467)
        at org.apache.hadoop.ipc.CallQueueManager.take(CallQueueManager.java:317)
        at org.apache.hadoop.ipc.Server$Handler.run(Server.java:2932)
"IPC Server handler 78 on default port 13034" daemon prio=5 tid=2269 timed_waiting
java.lang.Thread.State: TIMED_WAITING
        at sun.misc.Unsafe.park(Native Method)
        at java.util.concurrent.locks.LockSupport.parkNanos(LockSupport.java:215)
        at java.util.concurrent.locks.AbstractQueuedSynchronizer$ConditionObject.awaitNanos(AbstractQueuedSynchronizer.java:2078)
        at java.util.concurrent.LinkedBlockingQueue.poll(LinkedBlockingQueue.java:467)
        at org.apache.hadoop.ipc.CallQueueManager.take(CallQueueManager.java:317)
        at org.apache.hadoop.ipc.Server$Handler.run(Server.java:2932)
"IPC Server handler 14 on default port 13035" daemon prio=5 tid=2105 timed_waiting
java.lang.Thread.State: TIMED_WAITING
        at sun.misc.Unsafe.park(Native Method)
        at java.util.concurrent.locks.LockSupport.parkNanos(LockSupport.java:215)
        at java.util.concurrent.locks.AbstractQueuedSynchronizer$ConditionObject.awaitNanos(AbstractQueuedSynchronizer.java:2078)
        at java.util.concurrent.LinkedBlockingQueue.poll(LinkedBlockingQueue.java:467)
        at org.apache.hadoop.ipc.CallQueueManager.take(CallQueueManager.java:317)
        at org.apache.hadoop.ipc.Server$Handler.run(Server.java:2932)
"6dac361e-3d50-41be-ba36-b7bec097cbe9@group-390751046F7B-StateMachineUpdater" daemon prio=5 tid=2069 in Object.wait()
java.lang.Thread.State: WAITING (on object monitor)
        at java.lang.Object.wait(Native Method)
        at java.lang.Object.wait(Object.java:502)
        at org.apache.ratis.server.impl.StateMachineUpdater.waitForCommit(StateMachineUpdater.java:204)
        at org.apache.ratis.server.impl.StateMachineUpdater.run(StateMachineUpdater.java:173)
        at java.lang.Thread.run(Thread.java:748)
"qtp1029395488-2295" daemon prio=5 tid=2295 runnable
java.lang.Thread.State: RUNNABLE
        at sun.nio.ch.EPollArrayWrapper.epollWait(Native Method)
        at sun.nio.ch.EPollArrayWrapper.poll(EPollArrayWrapper.java:269)
        at sun.nio.ch.EPollSelectorImpl.doSelect(EPollSelectorImpl.java:93)
        at sun.nio.ch.SelectorImpl.lockAndDoSelect(SelectorImpl.java:86)
        at sun.nio.ch.SelectorImpl.select(SelectorImpl.java:97)
        at sun.nio.ch.SelectorImpl.select(SelectorImpl.java:101)
        at org.eclipse.jetty.io.ManagedSelector.nioSelect(ManagedSelector.java:183)
        at org.eclipse.jetty.io.ManagedSelector.select(ManagedSelector.java:190)
        at org.eclipse.jetty.io.ManagedSelector$SelectorProducer.select(ManagedSelector.java:606)
        at org.eclipse.jetty.io.ManagedSelector$SelectorProducer.produce(ManagedSelector.java:543)
        at org.eclipse.jetty.util.thread.strategy.EatWhatYouKill.produceTask(EatWhatYouKill.java:362)
        at org.eclipse.jetty.util.thread.strategy.EatWhatYouKill.doProduce(EatWhatYouKill.java:186)
        at org.eclipse.jetty.util.thread.strategy.EatWhatYouKill.tryProduce(EatWhatYouKill.java:173)
        at org.eclipse.jetty.util.thread.strategy.EatWhatYouKill.produce(EatWhatYouKill.java:137)
        at org.eclipse.jetty.io.ManagedSelector$$Lambda$707/237279395.run(Unknown Source)
        at org.eclipse.jetty.util.thread.QueuedThreadPool.runJob(QueuedThreadPool.java:883)
        at org.eclipse.jetty.util.thread.QueuedThreadPool$Runner.run(QueuedThreadPool.java:1034)
        at java.lang.Thread.run(Thread.java:748)
"IPC Server handler 29 on default port 13034" daemon prio=5 tid=2220 timed_waiting
java.lang.Thread.State: TIMED_WAITING
        at sun.misc.Unsafe.park(Native Method)
        at java.util.concurrent.locks.LockSupport.parkNanos(LockSupport.java:215)
        at java.util.concurrent.locks.AbstractQueuedSynchronizer$ConditionObject.awaitNanos(AbstractQueuedSynchronizer.java:2078)
        at java.util.concurrent.LinkedBlockingQueue.poll(LinkedBlockingQueue.java:467)
        at org.apache.hadoop.ipc.CallQueueManager.take(CallQueueManager.java:317)
        at org.apache.hadoop.ipc.Server$Handler.run(Server.java:2932)
"IPC Server handler 34 on default port 13034" daemon prio=5 tid=2225 timed_waiting
java.lang.Thread.State: TIMED_WAITING
        at sun.misc.Unsafe.park(Native Method)
        at java.util.concurrent.locks.LockSupport.parkNanos(LockSupport.java:215)
        at java.util.concurrent.locks.AbstractQueuedSynchronizer$ConditionObject.awaitNanos(AbstractQueuedSynchronizer.java:2078)
        at java.util.concurrent.LinkedBlockingQueue.poll(LinkedBlockingQueue.java:467)
        at org.apache.hadoop.ipc.CallQueueManager.take(CallQueueManager.java:317)
        at org.apache.hadoop.ipc.Server$Handler.run(Server.java:2932)
"7e7f778f-92a3-4c6a-870c-2544e6325884@group-1FC4E3DC1381->d262ff89-3d5e-4ab4-981f-dc8616a3cc4b-GrpcLogAppender-LogAppenderDaemon" daemon prio=5 tid=2885 timed_waiting
java.lang.Thread.State: TIMED_WAITING
        at java.lang.Object.wait(Native Method)
        at org.apache.ratis.grpc.server.GrpcLogAppender.mayWait(GrpcLogAppender.java:175)
        at org.apache.ratis.grpc.server.GrpcLogAppender.run(GrpcLogAppender.java:127)
        at org.apache.ratis.server.leader.LogAppenderDaemon.run(LogAppenderDaemon.java:77)
        at org.apache.ratis.server.leader.LogAppenderDaemon$$Lambda$739/1789928744.run(Unknown Source)
        at java.lang.Thread.run(Thread.java:748)
"IPC Server idle connection scanner for port 13055" daemon prio=5 tid=2547 in Object.wait()
java.lang.Thread.State: WAITING (on object monitor)
        at java.lang.Object.wait(Native Method)
        at java.lang.Object.wait(Object.java:502)
        at java.util.TimerThread.mainLoop(Timer.java:526)
        at java.util.TimerThread.run(Timer.java:505)
"Datanode State Machine Daemon Thread" daemon prio=5 tid=2613 timed_waiting
java.lang.Thread.State: TIMED_WAITING
        at sun.misc.Unsafe.park(Native Method)
        at java.util.concurrent.locks.LockSupport.parkNanos(LockSupport.java:215)
        at java.util.concurrent.locks.AbstractQueuedSynchronizer$ConditionObject.awaitNanos(AbstractQueuedSynchronizer.java:2078)
        at java.util.concurrent.LinkedBlockingQueue.poll(LinkedBlockingQueue.java:467)
        at java.util.concurrent.ExecutorCompletionService.poll(ExecutorCompletionService.java:202)
        at org.apache.hadoop.ozone.container.common.states.datanode.RunningDatanodeState.await(RunningDatanodeState.java:224)
        at org.apache.hadoop.ozone.container.common.states.datanode.RunningDatanodeState.await(RunningDatanodeState.java:50)
        at org.apache.hadoop.ozone.container.common.statemachine.StateContext.execute(StateContext.java:633)
        at org.apache.hadoop.ozone.container.common.statemachine.DatanodeStateMachine.start(DatanodeStateMachine.java:280)
        at org.apache.hadoop.ozone.container.common.statemachine.DatanodeStateMachine.lambda$startDaemon$0(DatanodeStateMachine.java:468)
        at org.apache.hadoop.ozone.container.common.statemachine.DatanodeStateMachine$$Lambda$891/1964303960.run(Unknown Source)
        at java.lang.Thread.run(Thread.java:748)
"IPC Server handler 99 on default port 13034" daemon prio=5 tid=2290 timed_waiting
java.lang.Thread.State: TIMED_WAITING
        at sun.misc.Unsafe.park(Native Method)
        at java.util.concurrent.locks.LockSupport.parkNanos(LockSupport.java:215)
        at java.util.concurrent.locks.AbstractQueuedSynchronizer$ConditionObject.awaitNanos(AbstractQueuedSynchronizer.java:2078)
        at java.util.concurrent.LinkedBlockingQueue.poll(LinkedBlockingQueue.java:467)
        at org.apache.hadoop.ipc.CallQueueManager.take(CallQueueManager.java:317)
        at org.apache.hadoop.ipc.Server$Handler.run(Server.java:2932)
"qtp1999374326-2569" daemon prio=5 tid=2569 timed_waiting
java.lang.Thread.State: TIMED_WAITING
        at sun.misc.Unsafe.park(Native Method)
        at java.util.concurrent.locks.LockSupport.parkNanos(LockSupport.java:215)
        at java.util.concurrent.locks.AbstractQueuedSynchronizer$ConditionObject.awaitNanos(AbstractQueuedSynchronizer.java:2078)
        at org.eclipse.jetty.util.BlockingArrayQueue.poll(BlockingArrayQueue.java:382)
        at org.eclipse.jetty.util.thread.QueuedThreadPool$Runner.idleJobPoll(QueuedThreadPool.java:974)
        at org.eclipse.jetty.util.thread.QueuedThreadPool$Runner.run(QueuedThreadPool.java:1018)
        at java.lang.Thread.run(Thread.java:748)
"qtp1999374326-2570" daemon prio=5 tid=2570 timed_waiting
java.lang.Thread.State: TIMED_WAITING
        at sun.misc.Unsafe.park(Native Method)
        at java.util.concurrent.locks.LockSupport.parkNanos(LockSupport.java:215)
        at java.util.concurrent.locks.AbstractQueuedSynchronizer$ConditionObject.awaitNanos(AbstractQueuedSynchronizer.java:2078)
        at org.eclipse.jetty.util.BlockingArrayQueue.poll(BlockingArrayQueue.java:382)
        at org.eclipse.jetty.util.thread.QueuedThreadPool$Runner.idleJobPoll(QueuedThreadPool.java:974)
        at org.eclipse.jetty.util.thread.QueuedThreadPool$Runner.run(QueuedThreadPool.java:1018)
        at java.lang.Thread.run(Thread.java:748)
"IPC Server handler 1 on default port 13033" daemon prio=5 tid=2311 timed_waiting
java.lang.Thread.State: TIMED_WAITING
        at sun.misc.Unsafe.park(Native Method)
        at java.util.concurrent.locks.LockSupport.parkNanos(LockSupport.java:215)
        at java.util.concurrent.locks.AbstractQueuedSynchronizer$ConditionObject.awaitNanos(AbstractQueuedSynchronizer.java:2078)
        at java.util.concurrent.LinkedBlockingQueue.poll(LinkedBlockingQueue.java:467)
        at org.apache.hadoop.ipc.CallQueueManager.take(CallQueueManager.java:317)
        at org.apache.hadoop.ipc.Server$Handler.run(Server.java:2932)
"IPC Server handler 47 on default port 13035" daemon prio=5 tid=2138 timed_waiting
java.lang.Thread.State: TIMED_WAITING
        at sun.misc.Unsafe.park(Native Method)
        at java.util.concurrent.locks.LockSupport.parkNanos(LockSupport.java:215)
        at java.util.concurrent.locks.AbstractQueuedSynchronizer$ConditionObject.awaitNanos(AbstractQueuedSynchronizer.java:2078)
        at java.util.concurrent.LinkedBlockingQueue.poll(LinkedBlockingQueue.java:467)
        at org.apache.hadoop.ipc.CallQueueManager.take(CallQueueManager.java:317)
        at org.apache.hadoop.ipc.Server$Handler.run(Server.java:2932)
"IPC Server handler 12 on default port 13033" daemon prio=5 tid=2322 timed_waiting
java.lang.Thread.State: TIMED_WAITING
        at sun.misc.Unsafe.park(Native Method)
        at java.util.concurrent.locks.LockSupport.parkNanos(LockSupport.java:215)
        at java.util.concurrent.locks.AbstractQueuedSynchronizer$ConditionObject.awaitNanos(AbstractQueuedSynchronizer.java:2078)
        at java.util.concurrent.LinkedBlockingQueue.poll(LinkedBlockingQueue.java:467)
        at org.apache.hadoop.ipc.CallQueueManager.take(CallQueueManager.java:317)
        at org.apache.hadoop.ipc.Server$Handler.run(Server.java:2932)
"IPC Server handler 94 on default port 13034" daemon prio=5 tid=2285 timed_waiting
java.lang.Thread.State: TIMED_WAITING
        at sun.misc.Unsafe.park(Native Method)
        at java.util.concurrent.locks.LockSupport.parkNanos(LockSupport.java:215)
        at java.util.concurrent.locks.AbstractQueuedSynchronizer$ConditionObject.awaitNanos(AbstractQueuedSynchronizer.java:2078)
        at java.util.concurrent.LinkedBlockingQueue.poll(LinkedBlockingQueue.java:467)
        at org.apache.hadoop.ipc.CallQueueManager.take(CallQueueManager.java:317)
        at org.apache.hadoop.ipc.Server$Handler.run(Server.java:2932)
"IPC Server handler 1 on default port 13044" daemon prio=5 tid=2498 timed_waiting
java.lang.Thread.State: TIMED_WAITING
        at sun.misc.Unsafe.park(Native Method)
        at java.util.concurrent.locks.LockSupport.parkNanos(LockSupport.java:215)
        at java.util.concurrent.locks.AbstractQueuedSynchronizer$ConditionObject.awaitNanos(AbstractQueuedSynchronizer.java:2078)
        at java.util.concurrent.LinkedBlockingQueue.poll(LinkedBlockingQueue.java:467)
        at org.apache.hadoop.ipc.CallQueueManager.take(CallQueueManager.java:317)
        at org.apache.hadoop.ipc.Server$Handler.run(Server.java:2932)
"IPC Server handler 80 on default port 13035" daemon prio=5 tid=2171 timed_waiting
java.lang.Thread.State: TIMED_WAITING
        at sun.misc.Unsafe.park(Native Method)
        at java.util.concurrent.locks.LockSupport.parkNanos(LockSupport.java:215)
        at java.util.concurrent.locks.AbstractQueuedSynchronizer$ConditionObject.awaitNanos(AbstractQueuedSynchronizer.java:2078)
        at java.util.concurrent.LinkedBlockingQueue.poll(LinkedBlockingQueue.java:467)
        at org.apache.hadoop.ipc.CallQueueManager.take(CallQueueManager.java:317)
        at org.apache.hadoop.ipc.Server$Handler.run(Server.java:2932)
"6dac361e-3d50-41be-ba36-b7bec097cbe9@group-390751046F7B-SegmentedRaftLogWorker"  prio=5 tid=2068 timed_waiting
java.lang.Thread.State: TIMED_WAITING
        at sun.misc.Unsafe.park(Native Method)
        at java.util.concurrent.locks.LockSupport.parkNanos(LockSupport.java:215)
        at java.util.concurrent.locks.AbstractQueuedSynchronizer$ConditionObject.awaitNanos(AbstractQueuedSynchronizer.java:2078)
        at org.apache.ratis.util.DataBlockingQueue.poll(DataBlockingQueue.java:137)
        at org.apache.ratis.server.raftlog.segmented.SegmentedRaftLogWorker.run(SegmentedRaftLogWorker.java:292)
        at org.apache.ratis.server.raftlog.segmented.SegmentedRaftLogWorker$$Lambda$435/2075927136.run(Unknown Source)
        at java.lang.Thread.run(Thread.java:748)
"Socket Reader #1 for port 13045"  prio=5 tid=2433 runnable
java.lang.Thread.State: RUNNABLE
        at sun.nio.ch.EPollArrayWrapper.epollWait(Native Method)
        at sun.nio.ch.EPollArrayWrapper.poll(EPollArrayWrapper.java:269)
        at sun.nio.ch.EPollSelectorImpl.doSelect(EPollSelectorImpl.java:93)
        at sun.nio.ch.SelectorImpl.lockAndDoSelect(SelectorImpl.java:86)
        at sun.nio.ch.SelectorImpl.select(SelectorImpl.java:97)
        at sun.nio.ch.SelectorImpl.select(SelectorImpl.java:101)
        at org.apache.hadoop.ipc.Server$Listener$Reader.doRunLoop(Server.java:1288)
        at org.apache.hadoop.ipc.Server$Listener$Reader.run(Server.java:1267)
"IPC Server handler 45 on default port 13034" daemon prio=5 tid=2236 timed_waiting
java.lang.Thread.State: TIMED_WAITING
        at sun.misc.Unsafe.park(Native Method)
        at java.util.concurrent.locks.LockSupport.parkNanos(LockSupport.java:215)
        at java.util.concurrent.locks.AbstractQueuedSynchronizer$ConditionObject.awaitNanos(AbstractQueuedSynchronizer.java:2078)
        at java.util.concurrent.LinkedBlockingQueue.poll(LinkedBlockingQueue.java:467)
        at org.apache.hadoop.ipc.CallQueueManager.take(CallQueueManager.java:317)
        at org.apache.hadoop.ipc.Server$Handler.run(Server.java:2932)
"IPC Server handler 25 on default port 13033" daemon prio=5 tid=2335 timed_waiting
java.lang.Thread.State: TIMED_WAITING
        at sun.misc.Unsafe.park(Native Method)
        at java.util.concurrent.locks.LockSupport.parkNanos(LockSupport.java:215)
        at java.util.concurrent.locks.AbstractQueuedSynchronizer$ConditionObject.awaitNanos(AbstractQueuedSynchronizer.java:2078)
        at java.util.concurrent.LinkedBlockingQueue.poll(LinkedBlockingQueue.java:467)
        at org.apache.hadoop.ipc.CallQueueManager.take(CallQueueManager.java:317)
        at org.apache.hadoop.ipc.Server$Handler.run(Server.java:2932)
"d262ff89-3d5e-4ab4-981f-dc8616a3cc4b@group-5B58ED6D724D-StateMachineUpdater" daemon prio=5 tid=2740 in Object.wait()
java.lang.Thread.State: WAITING (on object monitor)
        at java.lang.Object.wait(Native Method)
        at java.lang.Object.wait(Object.java:502)
        at org.apache.ratis.server.impl.StateMachineUpdater.waitForCommit(StateMachineUpdater.java:204)
        at org.apache.ratis.server.impl.StateMachineUpdater.run(StateMachineUpdater.java:173)
        at java.lang.Thread.run(Thread.java:748)
"IPC Server handler 8 on default port 13043" daemon prio=5 tid=2463 timed_waiting
java.lang.Thread.State: TIMED_WAITING
        at sun.misc.Unsafe.park(Native Method)
        at java.util.concurrent.locks.LockSupport.parkNanos(LockSupport.java:215)
        at java.util.concurrent.locks.AbstractQueuedSynchronizer$ConditionObject.awaitNanos(AbstractQueuedSynchronizer.java:2078)
        at java.util.concurrent.LinkedBlockingQueue.poll(LinkedBlockingQueue.java:467)
        at org.apache.hadoop.ipc.CallQueueManager.take(CallQueueManager.java:317)
        at org.apache.hadoop.ipc.Server$Handler.run(Server.java:2932)
"IPC Server handler 68 on default port 13034" daemon prio=5 tid=2259 timed_waiting
java.lang.Thread.State: TIMED_WAITING
        at sun.misc.Unsafe.park(Native Method)
        at java.util.concurrent.locks.LockSupport.parkNanos(LockSupport.java:215)
        at java.util.concurrent.locks.AbstractQueuedSynchronizer$ConditionObject.awaitNanos(AbstractQueuedSynchronizer.java:2078)
        at java.util.concurrent.LinkedBlockingQueue.poll(LinkedBlockingQueue.java:467)
        at org.apache.hadoop.ipc.CallQueueManager.take(CallQueueManager.java:317)
        at org.apache.hadoop.ipc.Server$Handler.run(Server.java:2932)
"IPC Server handler 74 on default port 13034" daemon prio=5 tid=2265 timed_waiting
java.lang.Thread.State: TIMED_WAITING
        at sun.misc.Unsafe.park(Native Method)
        at java.util.concurrent.locks.LockSupport.parkNanos(LockSupport.java:215)
        at java.util.concurrent.locks.AbstractQueuedSynchronizer$ConditionObject.awaitNanos(AbstractQueuedSynchronizer.java:2078)
        at java.util.concurrent.LinkedBlockingQueue.poll(LinkedBlockingQueue.java:467)
        at org.apache.hadoop.ipc.CallQueueManager.take(CallQueueManager.java:317)
        at org.apache.hadoop.ipc.Server$Handler.run(Server.java:2932)
"IPC Server handler 77 on default port 13034" daemon prio=5 tid=2268 timed_waiting
java.lang.Thread.State: TIMED_WAITING
        at sun.misc.Unsafe.park(Native Method)
        at java.util.concurrent.locks.LockSupport.parkNanos(LockSupport.java:215)
        at java.util.concurrent.locks.AbstractQueuedSynchronizer$ConditionObject.awaitNanos(AbstractQueuedSynchronizer.java:2078)
        at java.util.concurrent.LinkedBlockingQueue.poll(LinkedBlockingQueue.java:467)
        at org.apache.hadoop.ipc.CallQueueManager.take(CallQueueManager.java:317)
        at org.apache.hadoop.ipc.Server$Handler.run(Server.java:2932)
"IPC Server handler 90 on default port 13033" daemon prio=5 tid=2400 timed_waiting
java.lang.Thread.State: TIMED_WAITING
        at sun.misc.Unsafe.park(Native Method)
        at java.util.concurrent.locks.LockSupport.parkNanos(LockSupport.java:215)
        at java.util.concurrent.locks.AbstractQueuedSynchronizer$ConditionObject.awaitNanos(AbstractQueuedSynchronizer.java:2078)
        at java.util.concurrent.LinkedBlockingQueue.poll(LinkedBlockingQueue.java:467)
        at org.apache.hadoop.ipc.CallQueueManager.take(CallQueueManager.java:317)
        at org.apache.hadoop.ipc.Server$Handler.run(Server.java:2932)
"IPC Server handler 25 on default port 13034" daemon prio=5 tid=2216 timed_waiting
java.lang.Thread.State: TIMED_WAITING
        at sun.misc.Unsafe.park(Native Method)
        at java.util.concurrent.locks.LockSupport.parkNanos(LockSupport.java:215)
        at java.util.concurrent.locks.AbstractQueuedSynchronizer$ConditionObject.awaitNanos(AbstractQueuedSynchronizer.java:2078)
        at java.util.concurrent.LinkedBlockingQueue.poll(LinkedBlockingQueue.java:467)
        at org.apache.hadoop.ipc.CallQueueManager.take(CallQueueManager.java:317)
        at org.apache.hadoop.ipc.Server$Handler.run(Server.java:2932)
"org.apache.ratis.util.JvmPauseMonitor$$Lambda$499/17331878@79749108" daemon prio=5 tid=2562 timed_waiting
java.lang.Thread.State: TIMED_WAITING
        at java.lang.Thread.sleep(Native Method)
        at java.lang.Thread.sleep(Thread.java:340)
        at java.util.concurrent.TimeUnit.sleep(TimeUnit.java:386)
        at org.apache.ratis.util.TimeDuration.sleep(TimeDuration.java:324)
        at org.apache.ratis.util.TimeDuration.sleep(TimeDuration.java:309)
        at org.apache.ratis.util.JvmPauseMonitor.detectPause(JvmPauseMonitor.java:117)
        at org.apache.ratis.util.JvmPauseMonitor.run(JvmPauseMonitor.java:106)
        at org.apache.ratis.util.JvmPauseMonitor$$Lambda$499/17331878.run(Unknown Source)
        at java.lang.Thread.run(Thread.java:748)
"qtp1999374326-2572" daemon prio=5 tid=2572 timed_waiting
java.lang.Thread.State: TIMED_WAITING
        at sun.misc.Unsafe.park(Native Method)
        at java.util.concurrent.locks.LockSupport.parkNanos(LockSupport.java:215)
        at java.util.concurrent.locks.AbstractQueuedSynchronizer$ConditionObject.awaitNanos(AbstractQueuedSynchronizer.java:2078)
        at org.eclipse.jetty.util.BlockingArrayQueue.poll(BlockingArrayQueue.java:382)
        at org.eclipse.jetty.util.thread.QueuedThreadPool$Runner.idleJobPoll(QueuedThreadPool.java:974)
        at org.eclipse.jetty.util.thread.QueuedThreadPool$Runner.run(QueuedThreadPool.java:1018)
        at java.lang.Thread.run(Thread.java:748)
"EventQueue-PipelineReportForPipelineReportHandler" daemon prio=5 tid=2724 in Object.wait()
java.lang.Thread.State: WAITING (on object monitor)
        at sun.misc.Unsafe.park(Native Method)
        at java.util.concurrent.locks.LockSupport.park(LockSupport.java:175)
        at java.util.concurrent.locks.AbstractQueuedSynchronizer$ConditionObject.await(AbstractQueuedSynchronizer.java:2039)
        at java.util.concurrent.LinkedBlockingQueue.take(LinkedBlockingQueue.java:442)
        at java.util.concurrent.ThreadPoolExecutor.getTask(ThreadPoolExecutor.java:1074)
        at java.util.concurrent.ThreadPoolExecutor.runWorker(ThreadPoolExecutor.java:1134)
        at java.util.concurrent.ThreadPoolExecutor$Worker.run(ThreadPoolExecutor.java:624)
        at java.lang.Thread.run(Thread.java:748)
"qtp708676185-2635" daemon prio=5 tid=2635 timed_waiting
java.lang.Thread.State: TIMED_WAITING
        at sun.misc.Unsafe.park(Native Method)
        at java.util.concurrent.locks.LockSupport.parkNanos(LockSupport.java:215)
        at java.util.concurrent.locks.AbstractQueuedSynchronizer$ConditionObject.awaitNanos(AbstractQueuedSynchronizer.java:2078)
        at org.eclipse.jetty.util.BlockingArrayQueue.poll(BlockingArrayQueue.java:382)
        at org.eclipse.jetty.util.thread.QueuedThreadPool$Runner.idleJobPoll(QueuedThreadPool.java:974)
        at org.eclipse.jetty.util.thread.QueuedThreadPool$Runner.run(QueuedThreadPool.java:1018)
        at java.lang.Thread.run(Thread.java:748)
"Datanode ReportManager Thread - 1" daemon prio=5 tid=2668 in Object.wait()
java.lang.Thread.State: WAITING (on object monitor)
        at sun.misc.Unsafe.park(Native Method)
        at java.util.concurrent.locks.LockSupport.park(LockSupport.java:175)
        at java.util.concurrent.locks.AbstractQueuedSynchronizer$ConditionObject.await(AbstractQueuedSynchronizer.java:2039)
        at java.util.concurrent.ScheduledThreadPoolExecutor$DelayedWorkQueue.take(ScheduledThreadPoolExecutor.java:1088)
        at java.util.concurrent.ScheduledThreadPoolExecutor$DelayedWorkQueue.take(ScheduledThreadPoolExecutor.java:809)
        at java.util.concurrent.ThreadPoolExecutor.getTask(ThreadPoolExecutor.java:1074)
        at java.util.concurrent.ThreadPoolExecutor.runWorker(ThreadPoolExecutor.java:1134)
        at java.util.concurrent.ThreadPoolExecutor$Worker.run(ThreadPoolExecutor.java:624)
        at java.lang.Thread.run(Thread.java:748)
"IPC Server handler 22 on default port 13033" daemon prio=5 tid=2332 timed_waiting
java.lang.Thread.State: TIMED_WAITING
        at sun.misc.Unsafe.park(Native Method)
        at java.util.concurrent.locks.LockSupport.parkNanos(LockSupport.java:215)
        at java.util.concurrent.locks.AbstractQueuedSynchronizer$ConditionObject.awaitNanos(AbstractQueuedSynchronizer.java:2078)
        at java.util.concurrent.LinkedBlockingQueue.poll(LinkedBlockingQueue.java:467)
        at org.apache.hadoop.ipc.CallQueueManager.take(CallQueueManager.java:317)
        at org.apache.hadoop.ipc.Server$Handler.run(Server.java:2932)
"qtp1999374326-2574" daemon prio=5 tid=2574 timed_waiting
java.lang.Thread.State: TIMED_WAITING
        at sun.misc.Unsafe.park(Native Method)
        at java.util.concurrent.locks.LockSupport.parkNanos(LockSupport.java:215)
        at java.util.concurrent.locks.AbstractQueuedSynchronizer$ConditionObject.awaitNanos(AbstractQueuedSynchronizer.java:2078)
        at org.eclipse.jetty.util.BlockingArrayQueue.poll(BlockingArrayQueue.java:382)
        at org.eclipse.jetty.util.thread.QueuedThreadPool$Runner.idleJobPoll(QueuedThreadPool.java:974)
        at org.eclipse.jetty.util.thread.QueuedThreadPool$Runner.run(QueuedThreadPool.java:1018)
        at java.lang.Thread.run(Thread.java:748)
"Session-HouseKeeper-16352a9f-1"  prio=5 tid=2575 timed_waiting
java.lang.Thread.State: TIMED_WAITING
        at sun.misc.Unsafe.park(Native Method)
        at java.util.concurrent.locks.LockSupport.parkNanos(LockSupport.java:215)
        at java.util.concurrent.locks.AbstractQueuedSynchronizer$ConditionObject.awaitNanos(AbstractQueuedSynchronizer.java:2078)
        at java.util.concurrent.ScheduledThreadPoolExecutor$DelayedWorkQueue.take(ScheduledThreadPoolExecutor.java:1093)
        at java.util.concurrent.ScheduledThreadPoolExecutor$DelayedWorkQueue.take(ScheduledThreadPoolExecutor.java:809)
        at java.util.concurrent.ThreadPoolExecutor.getTask(ThreadPoolExecutor.java:1074)
        at java.util.concurrent.ThreadPoolExecutor.runWorker(ThreadPoolExecutor.java:1134)
        at java.util.concurrent.ThreadPoolExecutor$Worker.run(ThreadPoolExecutor.java:624)
        at java.lang.Thread.run(Thread.java:748)
"IPC Server handler 46 on default port 13033" daemon prio=5 tid=2356 timed_waiting
java.lang.Thread.State: TIMED_WAITING
        at sun.misc.Unsafe.park(Native Method)
        at java.util.concurrent.locks.LockSupport.parkNanos(LockSupport.java:215)
        at java.util.concurrent.locks.AbstractQueuedSynchronizer$ConditionObject.awaitNanos(AbstractQueuedSynchronizer.java:2078)
        at java.util.concurrent.LinkedBlockingQueue.poll(LinkedBlockingQueue.java:467)
        at org.apache.hadoop.ipc.CallQueueManager.take(CallQueueManager.java:317)
        at org.apache.hadoop.ipc.Server$Handler.run(Server.java:2932)
"IPC Server idle connection scanner for port 13045" daemon prio=5 tid=2434 timed_waiting
java.lang.Thread.State: TIMED_WAITING
        at java.lang.Object.wait(Native Method)
        at java.util.TimerThread.mainLoop(Timer.java:552)
        at java.util.TimerThread.run(Timer.java:505)
"Datanode ReportManager Thread - 4" daemon prio=5 tid=2618 in Object.wait()
java.lang.Thread.State: WAITING (on object monitor)
        at sun.misc.Unsafe.park(Native Method)
        at java.util.concurrent.locks.LockSupport.park(LockSupport.java:175)
        at java.util.concurrent.locks.AbstractQueuedSynchronizer$ConditionObject.await(AbstractQueuedSynchronizer.java:2039)
        at java.util.concurrent.ScheduledThreadPoolExecutor$DelayedWorkQueue.take(ScheduledThreadPoolExecutor.java:1088)
        at java.util.concurrent.ScheduledThreadPoolExecutor$DelayedWorkQueue.take(ScheduledThreadPoolExecutor.java:809)
        at java.util.concurrent.ThreadPoolExecutor.getTask(ThreadPoolExecutor.java:1074)
        at java.util.concurrent.ThreadPoolExecutor.runWorker(ThreadPoolExecutor.java:1134)
        at java.util.concurrent.ThreadPoolExecutor$Worker.run(ThreadPoolExecutor.java:624)
        at java.lang.Thread.run(Thread.java:748)
"IPC Server handler 85 on default port 13033" daemon prio=5 tid=2395 timed_waiting
java.lang.Thread.State: TIMED_WAITING
        at sun.misc.Unsafe.park(Native Method)
        at java.util.concurrent.locks.LockSupport.parkNanos(LockSupport.java:215)
        at java.util.concurrent.locks.AbstractQueuedSynchronizer$ConditionObject.awaitNanos(AbstractQueuedSynchronizer.java:2078)
        at java.util.concurrent.LinkedBlockingQueue.poll(LinkedBlockingQueue.java:467)
        at org.apache.hadoop.ipc.CallQueueManager.take(CallQueueManager.java:317)
        at org.apache.hadoop.ipc.Server$Handler.run(Server.java:2932)
"grpc-default-executor-2" daemon prio=5 tid=2444 timed_waiting
java.lang.Thread.State: TIMED_WAITING
        at sun.misc.Unsafe.park(Native Method)
        at java.util.concurrent.locks.LockSupport.parkNanos(LockSupport.java:215)
        at java.util.concurrent.SynchronousQueue$TransferStack.awaitFulfill(SynchronousQueue.java:460)
        at java.util.concurrent.SynchronousQueue$TransferStack.transfer(SynchronousQueue.java:362)
        at java.util.concurrent.SynchronousQueue.poll(SynchronousQueue.java:941)
        at java.util.concurrent.ThreadPoolExecutor.getTask(ThreadPoolExecutor.java:1073)
        at java.util.concurrent.ThreadPoolExecutor.runWorker(ThreadPoolExecutor.java:1134)
        at java.util.concurrent.ThreadPoolExecutor$Worker.run(ThreadPoolExecutor.java:624)
        at java.lang.Thread.run(Thread.java:748)
"IPC Server handler 9 on default port 13045" daemon prio=5 tid=2486 timed_waiting
java.lang.Thread.State: TIMED_WAITING
        at sun.misc.Unsafe.park(Native Method)
        at java.util.concurrent.locks.LockSupport.parkNanos(LockSupport.java:215)
        at java.util.concurrent.locks.AbstractQueuedSynchronizer$ConditionObject.awaitNanos(AbstractQueuedSynchronizer.java:2078)
        at java.util.concurrent.LinkedBlockingQueue.poll(LinkedBlockingQueue.java:467)
        at org.apache.hadoop.ipc.CallQueueManager.take(CallQueueManager.java:317)
        at org.apache.hadoop.ipc.Server$Handler.run(Server.java:2932)
"EventQueue-ContainerReportForContainerReportHandler" daemon prio=5 tid=2731 in Object.wait()
java.lang.Thread.State: WAITING (on object monitor)
        at sun.misc.Unsafe.park(Native Method)
        at java.util.concurrent.locks.LockSupport.park(LockSupport.java:175)
        at java.util.concurrent.locks.AbstractQueuedSynchronizer$ConditionObject.await(AbstractQueuedSynchronizer.java:2039)
        at java.util.concurrent.LinkedBlockingQueue.take(LinkedBlockingQueue.java:442)
        at java.util.concurrent.ThreadPoolExecutor.getTask(ThreadPoolExecutor.java:1074)
        at java.util.concurrent.ThreadPoolExecutor.runWorker(ThreadPoolExecutor.java:1134)
        at java.util.concurrent.ThreadPoolExecutor$Worker.run(ThreadPoolExecutor.java:624)
        at java.lang.Thread.run(Thread.java:748)
"IPC Server handler 10 on default port 11132" daemon prio=5 tid=2586 timed_waiting
java.lang.Thread.State: TIMED_WAITING
        at sun.misc.Unsafe.park(Native Method)
        at java.util.concurrent.locks.LockSupport.parkNanos(LockSupport.java:215)
        at java.util.concurrent.locks.AbstractQueuedSynchronizer$ConditionObject.awaitNanos(AbstractQueuedSynchronizer.java:2078)
        at java.util.concurrent.LinkedBlockingQueue.poll(LinkedBlockingQueue.java:467)
        at org.apache.hadoop.ipc.CallQueueManager.take(CallQueueManager.java:317)
        at org.apache.hadoop.ipc.Server$Handler.run(Server.java:2932)
"IPC Server handler 18 on default port 13043" daemon prio=5 tid=2473 timed_waiting
java.lang.Thread.State: TIMED_WAITING
        at sun.misc.Unsafe.park(Native Method)
        at java.util.concurrent.locks.LockSupport.parkNanos(LockSupport.java:215)
        at java.util.concurrent.locks.AbstractQueuedSynchronizer$ConditionObject.awaitNanos(AbstractQueuedSynchronizer.java:2078)
        at java.util.concurrent.LinkedBlockingQueue.poll(LinkedBlockingQueue.java:467)
        at org.apache.hadoop.ipc.CallQueueManager.take(CallQueueManager.java:317)
        at org.apache.hadoop.ipc.Server$Handler.run(Server.java:2932)
"IPC Server handler 31 on default port 13035" daemon prio=5 tid=2122 timed_waiting
java.lang.Thread.State: TIMED_WAITING
        at sun.misc.Unsafe.park(Native Method)
        at java.util.concurrent.locks.LockSupport.parkNanos(LockSupport.java:215)
        at java.util.concurrent.locks.AbstractQueuedSynchronizer$ConditionObject.awaitNanos(AbstractQueuedSynchronizer.java:2078)
        at java.util.concurrent.LinkedBlockingQueue.poll(LinkedBlockingQueue.java:467)
        at org.apache.hadoop.ipc.CallQueueManager.take(CallQueueManager.java:317)
        at org.apache.hadoop.ipc.Server$Handler.run(Server.java:2932)
"IPC Server handler 72 on default port 13034" daemon prio=5 tid=2263 timed_waiting
java.lang.Thread.State: TIMED_WAITING
        at sun.misc.Unsafe.park(Native Method)
        at java.util.concurrent.locks.LockSupport.parkNanos(LockSupport.java:215)
        at java.util.concurrent.locks.AbstractQueuedSynchronizer$ConditionObject.awaitNanos(AbstractQueuedSynchronizer.java:2078)
        at java.util.concurrent.LinkedBlockingQueue.poll(LinkedBlockingQueue.java:467)
        at org.apache.hadoop.ipc.CallQueueManager.take(CallQueueManager.java:317)
        at org.apache.hadoop.ipc.Server$Handler.run(Server.java:2932)
"IPC Server idle connection scanner for port 13034" daemon prio=5 tid=2080 timed_waiting
java.lang.Thread.State: TIMED_WAITING
        at java.lang.Object.wait(Native Method)
        at java.util.TimerThread.mainLoop(Timer.java:552)
        at java.util.TimerThread.run(Timer.java:505)
"IPC Server idle connection scanner for port 13033" daemon prio=5 tid=2076 timed_waiting
java.lang.Thread.State: TIMED_WAITING
        at java.lang.Object.wait(Native Method)
        at java.util.TimerThread.mainLoop(Timer.java:552)
        at java.util.TimerThread.run(Timer.java:505)
"IPC Server handler 43 on default port 13035" daemon prio=5 tid=2134 timed_waiting
java.lang.Thread.State: TIMED_WAITING
        at sun.misc.Unsafe.park(Native Method)
        at java.util.concurrent.locks.LockSupport.parkNanos(LockSupport.java:215)
        at java.util.concurrent.locks.AbstractQueuedSynchronizer$ConditionObject.awaitNanos(AbstractQueuedSynchronizer.java:2078)
        at java.util.concurrent.LinkedBlockingQueue.poll(LinkedBlockingQueue.java:467)
        at org.apache.hadoop.ipc.CallQueueManager.take(CallQueueManager.java:317)
        at org.apache.hadoop.ipc.Server$Handler.run(Server.java:2932)
"IPC Server handler 2 on default port 13035" daemon prio=5 tid=2093 timed_waiting
java.lang.Thread.State: TIMED_WAITING
        at sun.misc.Unsafe.park(Native Method)
        at java.util.concurrent.locks.LockSupport.parkNanos(LockSupport.java:215)
        at java.util.concurrent.locks.AbstractQueuedSynchronizer$ConditionObject.awaitNanos(AbstractQueuedSynchronizer.java:2078)
        at java.util.concurrent.LinkedBlockingQueue.poll(LinkedBlockingQueue.java:467)
        at org.apache.hadoop.ipc.CallQueueManager.take(CallQueueManager.java:317)
        at org.apache.hadoop.ipc.Server$Handler.run(Server.java:2932)
"qtp1613570136-2525" daemon prio=5 tid=2525 timed_waiting
java.lang.Thread.State: TIMED_WAITING
        at sun.misc.Unsafe.park(Native Method)
        at java.util.concurrent.locks.LockSupport.parkNanos(LockSupport.java:215)
        at java.util.concurrent.locks.AbstractQueuedSynchronizer$ConditionObject.awaitNanos(AbstractQueuedSynchronizer.java:2078)
        at org.eclipse.jetty.util.BlockingArrayQueue.poll(BlockingArrayQueue.java:382)
        at org.eclipse.jetty.util.thread.QueuedThreadPool$Runner.idleJobPoll(QueuedThreadPool.java:974)
        at org.eclipse.jetty.util.thread.QueuedThreadPool$Runner.run(QueuedThreadPool.java:1018)
        at java.lang.Thread.run(Thread.java:748)
"org.apache.hadoop.ozone.container.common.statemachine.commandhandler.DeleteBlocksCommandHandler$DeleteCmdWorker@189738f4" daemon prio=5 tid=1702 runnable
java.lang.Thread.State: RUNNABLE
        at java.lang.Thread.sleep(Native Method)
        at org.apache.hadoop.ozone.container.common.statemachine.commandhandler.DeleteBlocksCommandHandler$DeleteCmdWorker.run(DeleteBlocksCommandHandler.java:175)
        at java.lang.Thread.run(Thread.java:748)
"IPC Server handler 10 on default port 13043" daemon prio=5 tid=2465 timed_waiting
java.lang.Thread.State: TIMED_WAITING
        at sun.misc.Unsafe.park(Native Method)
        at java.util.concurrent.locks.LockSupport.parkNanos(LockSupport.java:215)
        at java.util.concurrent.locks.AbstractQueuedSynchronizer$ConditionObject.awaitNanos(AbstractQueuedSynchronizer.java:2078)
        at java.util.concurrent.LinkedBlockingQueue.poll(LinkedBlockingQueue.java:467)
        at org.apache.hadoop.ipc.CallQueueManager.take(CallQueueManager.java:317)
        at org.apache.hadoop.ipc.Server$Handler.run(Server.java:2932)
"qtp708676185-2633" daemon prio=5 tid=2633 timed_waiting
java.lang.Thread.State: TIMED_WAITING
        at sun.misc.Unsafe.park(Native Method)
        at java.util.concurrent.locks.LockSupport.parkNanos(LockSupport.java:215)
        at java.util.concurrent.locks.AbstractQueuedSynchronizer$ConditionObject.awaitNanos(AbstractQueuedSynchronizer.java:2078)
        at org.eclipse.jetty.util.BlockingArrayQueue.poll(BlockingArrayQueue.java:382)
        at org.eclipse.jetty.util.thread.QueuedThreadPool$Runner.idleJobPoll(QueuedThreadPool.java:974)
        at org.eclipse.jetty.util.thread.QueuedThreadPool$Runner.run(QueuedThreadPool.java:1018)
        at java.lang.Thread.run(Thread.java:748)
"IPC Server handler 2 on default port 13034" daemon prio=5 tid=2193 timed_waiting
java.lang.Thread.State: TIMED_WAITING
        at sun.misc.Unsafe.park(Native Method)
        at java.util.concurrent.locks.LockSupport.parkNanos(LockSupport.java:215)
        at java.util.concurrent.locks.AbstractQueuedSynchronizer$ConditionObject.awaitNanos(AbstractQueuedSynchronizer.java:2078)
        at java.util.concurrent.LinkedBlockingQueue.poll(LinkedBlockingQueue.java:467)
        at org.apache.hadoop.ipc.CallQueueManager.take(CallQueueManager.java:317)
        at org.apache.hadoop.ipc.Server$Handler.run(Server.java:2932)
"IPC Server handler 67 on default port 13034" daemon prio=5 tid=2258 timed_waiting
java.lang.Thread.State: TIMED_WAITING
        at sun.misc.Unsafe.park(Native Method)
        at java.util.concurrent.locks.LockSupport.parkNanos(LockSupport.java:215)
        at java.util.concurrent.locks.AbstractQueuedSynchronizer$ConditionObject.awaitNanos(AbstractQueuedSynchronizer.java:2078)
        at java.util.concurrent.LinkedBlockingQueue.poll(LinkedBlockingQueue.java:467)
        at org.apache.hadoop.ipc.CallQueueManager.take(CallQueueManager.java:317)
        at org.apache.hadoop.ipc.Server$Handler.run(Server.java:2932)
"Finalizer" daemon prio=8 tid=3 in Object.wait()
java.lang.Thread.State: WAITING (on object monitor)
        at java.lang.Object.wait(Native Method)
        at java.lang.ref.ReferenceQueue.remove(ReferenceQueue.java:144)
        at java.lang.ref.ReferenceQueue.remove(ReferenceQueue.java:165)
        at java.lang.ref.Finalizer$FinalizerThread.run(Finalizer.java:216)
"IPC Server handler 3 on default port 13044" daemon prio=5 tid=2500 timed_waiting
java.lang.Thread.State: TIMED_WAITING
        at sun.misc.Unsafe.park(Native Method)
        at java.util.concurrent.locks.LockSupport.parkNanos(LockSupport.java:215)
        at java.util.concurrent.locks.AbstractQueuedSynchronizer$ConditionObject.awaitNanos(AbstractQueuedSynchronizer.java:2078)
        at java.util.concurrent.LinkedBlockingQueue.poll(LinkedBlockingQueue.java:467)
        at org.apache.hadoop.ipc.CallQueueManager.take(CallQueueManager.java:317)
        at org.apache.hadoop.ipc.Server$Handler.run(Server.java:2932)
"IPC Server handler 50 on default port 13033" daemon prio=5 tid=2360 timed_waiting
java.lang.Thread.State: TIMED_WAITING
        at sun.misc.Unsafe.park(Native Method)
        at java.util.concurrent.locks.LockSupport.parkNanos(LockSupport.java:215)
        at java.util.concurrent.locks.AbstractQueuedSynchronizer$ConditionObject.awaitNanos(AbstractQueuedSynchronizer.java:2078)
        at java.util.concurrent.LinkedBlockingQueue.poll(LinkedBlockingQueue.java:467)
        at org.apache.hadoop.ipc.CallQueueManager.take(CallQueueManager.java:317)
        at org.apache.hadoop.ipc.Server$Handler.run(Server.java:2932)
"SCMBlockDeletingService#0" daemon prio=5 tid=2291 timed_waiting
java.lang.Thread.State: TIMED_WAITING
        at sun.misc.Unsafe.park(Native Method)
        at java.util.concurrent.locks.LockSupport.parkNanos(LockSupport.java:215)
        at java.util.concurrent.locks.AbstractQueuedSynchronizer$ConditionObject.awaitNanos(AbstractQueuedSynchronizer.java:2078)
        at java.util.concurrent.ScheduledThreadPoolExecutor$DelayedWorkQueue.take(ScheduledThreadPoolExecutor.java:1093)
        at java.util.concurrent.ScheduledThreadPoolExecutor$DelayedWorkQueue.take(ScheduledThreadPoolExecutor.java:809)
        at java.util.concurrent.ThreadPoolExecutor.getTask(ThreadPoolExecutor.java:1074)
        at java.util.concurrent.ThreadPoolExecutor.runWorker(ThreadPoolExecutor.java:1134)
        at java.util.concurrent.ThreadPoolExecutor$Worker.run(ThreadPoolExecutor.java:624)
        at java.lang.Thread.run(Thread.java:748)
"d262ff89-3d5e-4ab4-981f-dc8616a3cc4b@group-A37BCEEDED0F-FollowerState" daemon prio=5 tid=2932 timed_waiting
java.lang.Thread.State: TIMED_WAITING
        at java.lang.Thread.sleep(Native Method)
        at java.lang.Thread.sleep(Thread.java:340)
        at java.util.concurrent.TimeUnit.sleep(TimeUnit.java:386)
        at org.apache.ratis.util.TimeDuration.sleep(TimeDuration.java:324)
        at org.apache.ratis.util.TimeDuration.sleep(TimeDuration.java:309)
        at org.apache.ratis.server.impl.FollowerState.run(FollowerState.java:118)
"IPC Server handler 13 on default port 13044" daemon prio=5 tid=2510 timed_waiting
java.lang.Thread.State: TIMED_WAITING
        at sun.misc.Unsafe.park(Native Method)
        at java.util.concurrent.locks.LockSupport.parkNanos(LockSupport.java:215)
        at java.util.concurrent.locks.AbstractQueuedSynchronizer$ConditionObject.awaitNanos(AbstractQueuedSynchronizer.java:2078)
        at java.util.concurrent.LinkedBlockingQueue.poll(LinkedBlockingQueue.java:467)
        at org.apache.hadoop.ipc.CallQueueManager.take(CallQueueManager.java:317)
        at org.apache.hadoop.ipc.Server$Handler.run(Server.java:2932)
"pool-504-thread-1"  prio=5 tid=2628 timed_waiting
java.lang.Thread.State: TIMED_WAITING
        at sun.misc.Unsafe.park(Native Method)
        at java.util.concurrent.locks.LockSupport.parkNanos(LockSupport.java:215)
        at java.util.concurrent.locks.AbstractQueuedSynchronizer$ConditionObject.awaitNanos(AbstractQueuedSynchronizer.java:2078)
        at java.util.concurrent.ScheduledThreadPoolExecutor$DelayedWorkQueue.take(ScheduledThreadPoolExecutor.java:1093)
        at java.util.concurrent.ScheduledThreadPoolExecutor$DelayedWorkQueue.take(ScheduledThreadPoolExecutor.java:809)
        at java.util.concurrent.ThreadPoolExecutor.getTask(ThreadPoolExecutor.java:1074)
        at java.util.concurrent.ThreadPoolExecutor.runWorker(ThreadPoolExecutor.java:1134)
        at java.util.concurrent.ThreadPoolExecutor$Worker.run(ThreadPoolExecutor.java:624)
        at java.lang.Thread.run(Thread.java:748)
"IPC Server handler 11 on default port 11132" daemon prio=5 tid=2587 timed_waiting
java.lang.Thread.State: TIMED_WAITING
        at sun.misc.Unsafe.park(Native Method)
        at java.util.concurrent.locks.LockSupport.parkNanos(LockSupport.java:215)
        at java.util.concurrent.locks.AbstractQueuedSynchronizer$ConditionObject.awaitNanos(AbstractQueuedSynchronizer.java:2078)
        at java.util.concurrent.LinkedBlockingQueue.poll(LinkedBlockingQueue.java:467)
        at org.apache.hadoop.ipc.CallQueueManager.take(CallQueueManager.java:317)
        at org.apache.hadoop.ipc.Server$Handler.run(Server.java:2932)
"Socket Reader #1 for port 13035"  prio=5 tid=2083 runnable
java.lang.Thread.State: RUNNABLE
        at sun.nio.ch.EPollArrayWrapper.epollWait(Native Method)
        at sun.nio.ch.EPollArrayWrapper.poll(EPollArrayWrapper.java:269)
        at sun.nio.ch.EPollSelectorImpl.doSelect(EPollSelectorImpl.java:93)
        at sun.nio.ch.SelectorImpl.lockAndDoSelect(SelectorImpl.java:86)
        at sun.nio.ch.SelectorImpl.select(SelectorImpl.java:97)
        at sun.nio.ch.SelectorImpl.select(SelectorImpl.java:101)
        at org.apache.hadoop.ipc.Server$Listener$Reader.doRunLoop(Server.java:1288)
        at org.apache.hadoop.ipc.Server$Listener$Reader.run(Server.java:1267)
"Datanode ReportManager Thread - 0" daemon prio=5 tid=2667 in Object.wait()
java.lang.Thread.State: WAITING (on object monitor)
        at sun.misc.Unsafe.park(Native Method)
        at java.util.concurrent.locks.LockSupport.park(LockSupport.java:175)
        at java.util.concurrent.locks.AbstractQueuedSynchronizer$ConditionObject.await(AbstractQueuedSynchronizer.java:2039)
        at java.util.concurrent.ScheduledThreadPoolExecutor$DelayedWorkQueue.take(ScheduledThreadPoolExecutor.java:1088)
        at java.util.concurrent.ScheduledThreadPoolExecutor$DelayedWorkQueue.take(ScheduledThreadPoolExecutor.java:809)
        at java.util.concurrent.ThreadPoolExecutor.getTask(ThreadPoolExecutor.java:1074)
        at java.util.concurrent.ThreadPoolExecutor.runWorker(ThreadPoolExecutor.java:1134)
        at java.util.concurrent.ThreadPoolExecutor$Worker.run(ThreadPoolExecutor.java:624)
        at java.lang.Thread.run(Thread.java:748)
"IPC Server handler 1 on default port 13045" daemon prio=5 tid=2478 timed_waiting
java.lang.Thread.State: TIMED_WAITING
        at sun.misc.Unsafe.park(Native Method)
        at java.util.concurrent.locks.LockSupport.parkNanos(LockSupport.java:215)
        at java.util.concurrent.locks.AbstractQueuedSynchronizer$ConditionObject.awaitNanos(AbstractQueuedSynchronizer.java:2078)
        at java.util.concurrent.LinkedBlockingQueue.poll(LinkedBlockingQueue.java:467)
        at org.apache.hadoop.ipc.CallQueueManager.take(CallQueueManager.java:317)
        at org.apache.hadoop.ipc.Server$Handler.run(Server.java:2932)
"IPC Server handler 31 on default port 13033" daemon prio=5 tid=2341 timed_waiting
java.lang.Thread.State: TIMED_WAITING
        at sun.misc.Unsafe.park(Native Method)
        at java.util.concurrent.locks.LockSupport.parkNanos(LockSupport.java:215)
        at java.util.concurrent.locks.AbstractQueuedSynchronizer$ConditionObject.awaitNanos(AbstractQueuedSynchronizer.java:2078)
        at java.util.concurrent.LinkedBlockingQueue.poll(LinkedBlockingQueue.java:467)
        at org.apache.hadoop.ipc.CallQueueManager.take(CallQueueManager.java:317)
        at org.apache.hadoop.ipc.Server$Handler.run(Server.java:2932)
"EndpointStateMachine task thread for /127.0.0.1:12189 - 0 "  prio=5 tid=1771 in Object.wait()
java.lang.Thread.State: WAITING (on object monitor)
        at sun.misc.Unsafe.park(Native Method)
        at java.util.concurrent.locks.LockSupport.park(LockSupport.java:175)
        at java.util.concurrent.locks.AbstractQueuedSynchronizer$ConditionObject.await(AbstractQueuedSynchronizer.java:2039)
        at java.util.concurrent.LinkedBlockingQueue.take(LinkedBlockingQueue.java:442)
        at java.util.concurrent.ThreadPoolExecutor.getTask(ThreadPoolExecutor.java:1074)
        at java.util.concurrent.ThreadPoolExecutor.runWorker(ThreadPoolExecutor.java:1134)
        at java.util.concurrent.ThreadPoolExecutor$Worker.run(ThreadPoolExecutor.java:624)
        at java.lang.Thread.run(Thread.java:748)
"qtp1667630446-2657" daemon prio=5 tid=2657 runnable
java.lang.Thread.State: RUNNABLE
        at sun.nio.ch.EPollArrayWrapper.epollWait(Native Method)
        at sun.nio.ch.EPollArrayWrapper.poll(EPollArrayWrapper.java:269)
        at sun.nio.ch.EPollSelectorImpl.doSelect(EPollSelectorImpl.java:93)
        at sun.nio.ch.SelectorImpl.lockAndDoSelect(SelectorImpl.java:86)
        at sun.nio.ch.SelectorImpl.select(SelectorImpl.java:97)
        at sun.nio.ch.SelectorImpl.select(SelectorImpl.java:101)
        at org.eclipse.jetty.io.ManagedSelector.nioSelect(ManagedSelector.java:183)
        at org.eclipse.jetty.io.ManagedSelector.select(ManagedSelector.java:190)
        at org.eclipse.jetty.io.ManagedSelector$SelectorProducer.select(ManagedSelector.java:606)
        at org.eclipse.jetty.io.ManagedSelector$SelectorProducer.produce(ManagedSelector.java:543)
        at org.eclipse.jetty.util.thread.strategy.EatWhatYouKill.produceTask(EatWhatYouKill.java:362)
        at org.eclipse.jetty.util.thread.strategy.EatWhatYouKill.doProduce(EatWhatYouKill.java:186)
        at org.eclipse.jetty.util.thread.strategy.EatWhatYouKill.tryProduce(EatWhatYouKill.java:173)
        at org.eclipse.jetty.util.thread.strategy.EatWhatYouKill.produce(EatWhatYouKill.java:137)
        at org.eclipse.jetty.io.ManagedSelector$$Lambda$707/237279395.run(Unknown Source)
        at org.eclipse.jetty.util.thread.QueuedThreadPool.runJob(QueuedThreadPool.java:883)
        at org.eclipse.jetty.util.thread.QueuedThreadPool$Runner.run(QueuedThreadPool.java:1034)
        at java.lang.Thread.run(Thread.java:748)
"BlockDeletingService#0" daemon prio=5 tid=2702 in Object.wait()
java.lang.Thread.State: WAITING (on object monitor)
        at sun.misc.Unsafe.park(Native Method)
        at java.util.concurrent.locks.LockSupport.park(LockSupport.java:175)
        at java.util.concurrent.locks.AbstractQueuedSynchronizer$ConditionObject.await(AbstractQueuedSynchronizer.java:2039)
        at java.util.concurrent.ScheduledThreadPoolExecutor$DelayedWorkQueue.take(ScheduledThreadPoolExecutor.java:1088)
        at java.util.concurrent.ScheduledThreadPoolExecutor$DelayedWorkQueue.take(ScheduledThreadPoolExecutor.java:809)
        at java.util.concurrent.ThreadPoolExecutor.getTask(ThreadPoolExecutor.java:1074)
        at java.util.concurrent.ThreadPoolExecutor.runWorker(ThreadPoolExecutor.java:1134)
        at java.util.concurrent.ThreadPoolExecutor$Worker.run(ThreadPoolExecutor.java:624)
        at java.lang.Thread.run(Thread.java:748)
"IPC Server handler 32 on default port 13035" daemon prio=5 tid=2123 timed_waiting
java.lang.Thread.State: TIMED_WAITING
        at sun.misc.Unsafe.park(Native Method)
        at java.util.concurrent.locks.LockSupport.parkNanos(LockSupport.java:215)
        at java.util.concurrent.locks.AbstractQueuedSynchronizer$ConditionObject.awaitNanos(AbstractQueuedSynchronizer.java:2078)
        at java.util.concurrent.LinkedBlockingQueue.poll(LinkedBlockingQueue.java:467)
        at org.apache.hadoop.ipc.CallQueueManager.take(CallQueueManager.java:317)
        at org.apache.hadoop.ipc.Server$Handler.run(Server.java:2932)
"qtp1613570136-2523" daemon prio=5 tid=2523 timed_waiting
java.lang.Thread.State: TIMED_WAITING
        at sun.misc.Unsafe.park(Native Method)
        at java.util.concurrent.locks.LockSupport.parkNanos(LockSupport.java:215)
        at java.util.concurrent.locks.AbstractQueuedSynchronizer$ConditionObject.awaitNanos(AbstractQueuedSynchronizer.java:2078)
        at org.eclipse.jetty.util.BlockingArrayQueue.poll(BlockingArrayQueue.java:382)
        at org.eclipse.jetty.util.thread.QueuedThreadPool$Runner.idleJobPoll(QueuedThreadPool.java:974)
        at org.eclipse.jetty.util.thread.QueuedThreadPool$Runner.run(QueuedThreadPool.java:1018)
        at java.lang.Thread.run(Thread.java:748)
"Datanode ReportManager Thread - 1" daemon prio=5 tid=1715 in Object.wait()
java.lang.Thread.State: WAITING (on object monitor)
        at sun.misc.Unsafe.park(Native Method)
        at java.util.concurrent.locks.LockSupport.park(LockSupport.java:175)
        at java.util.concurrent.locks.AbstractQueuedSynchronizer$ConditionObject.await(AbstractQueuedSynchronizer.java:2039)
        at java.util.concurrent.ScheduledThreadPoolExecutor$DelayedWorkQueue.take(ScheduledThreadPoolExecutor.java:1088)
        at java.util.concurrent.ScheduledThreadPoolExecutor$DelayedWorkQueue.take(ScheduledThreadPoolExecutor.java:809)
        at java.util.concurrent.ThreadPoolExecutor.getTask(ThreadPoolExecutor.java:1074)
        at java.util.concurrent.ThreadPoolExecutor.runWorker(ThreadPoolExecutor.java:1134)
        at java.util.concurrent.ThreadPoolExecutor$Worker.run(ThreadPoolExecutor.java:624)
        at java.lang.Thread.run(Thread.java:748)
"EndpointStateMachine task thread for /127.0.0.1:12209 - 0 "  prio=5 tid=1753 in Object.wait()
java.lang.Thread.State: WAITING (on object monitor)
        at sun.misc.Unsafe.park(Native Method)
        at java.util.concurrent.locks.LockSupport.park(LockSupport.java:175)
        at java.util.concurrent.locks.AbstractQueuedSynchronizer$ConditionObject.await(AbstractQueuedSynchronizer.java:2039)
        at java.util.concurrent.LinkedBlockingQueue.take(LinkedBlockingQueue.java:442)
        at java.util.concurrent.ThreadPoolExecutor.getTask(ThreadPoolExecutor.java:1074)
        at java.util.concurrent.ThreadPoolExecutor.runWorker(ThreadPoolExecutor.java:1134)
        at java.util.concurrent.ThreadPoolExecutor$Worker.run(ThreadPoolExecutor.java:624)
        at java.lang.Thread.run(Thread.java:748)
"IPC Server handler 82 on default port 13033" daemon prio=5 tid=2392 timed_waiting
java.lang.Thread.State: TIMED_WAITING
        at sun.misc.Unsafe.park(Native Method)
        at java.util.concurrent.locks.LockSupport.parkNanos(LockSupport.java:215)
        at java.util.concurrent.locks.AbstractQueuedSynchronizer$ConditionObject.awaitNanos(AbstractQueuedSynchronizer.java:2078)
        at java.util.concurrent.LinkedBlockingQueue.poll(LinkedBlockingQueue.java:467)
        at org.apache.hadoop.ipc.CallQueueManager.take(CallQueueManager.java:317)
        at org.apache.hadoop.ipc.Server$Handler.run(Server.java:2932)
"91f27009-ec66-4294-9321-b0739729fb6b@group-A37BCEEDED0F-SegmentedRaftLogWorker"  prio=5 tid=2768 timed_waiting
java.lang.Thread.State: TIMED_WAITING
        at sun.misc.Unsafe.park(Native Method)
        at java.util.concurrent.locks.LockSupport.parkNanos(LockSupport.java:215)
        at java.util.concurrent.locks.AbstractQueuedSynchronizer$ConditionObject.awaitNanos(AbstractQueuedSynchronizer.java:2078)
        at org.apache.ratis.util.DataBlockingQueue.poll(DataBlockingQueue.java:137)
        at org.apache.ratis.server.raftlog.segmented.SegmentedRaftLogWorker.run(SegmentedRaftLogWorker.java:292)
        at org.apache.ratis.server.raftlog.segmented.SegmentedRaftLogWorker$$Lambda$435/2075927136.run(Unknown Source)
        at java.lang.Thread.run(Thread.java:748)
"d262ff89-3d5e-4ab4-981f-dc8616a3cc4b@group-1FC4E3DC1381-StateMachineUpdater" daemon prio=5 tid=2745 in Object.wait()
java.lang.Thread.State: WAITING (on object monitor)
        at java.lang.Object.wait(Native Method)
        at java.lang.Object.wait(Object.java:502)
        at org.apache.ratis.server.impl.StateMachineUpdater.waitForCommit(StateMachineUpdater.java:204)
        at org.apache.ratis.server.impl.StateMachineUpdater.run(StateMachineUpdater.java:173)
        at java.lang.Thread.run(Thread.java:748)
"IPC Server handler 48 on default port 13033" daemon prio=5 tid=2358 timed_waiting
java.lang.Thread.State: TIMED_WAITING
        at sun.misc.Unsafe.park(Native Method)
        at java.util.concurrent.locks.LockSupport.parkNanos(LockSupport.java:215)
        at java.util.concurrent.locks.AbstractQueuedSynchronizer$ConditionObject.awaitNanos(AbstractQueuedSynchronizer.java:2078)
        at java.util.concurrent.LinkedBlockingQueue.poll(LinkedBlockingQueue.java:467)
        at org.apache.hadoop.ipc.CallQueueManager.take(CallQueueManager.java:317)
        at org.apache.hadoop.ipc.Server$Handler.run(Server.java:2932)
"IPC Server handler 28 on default port 13034" daemon prio=5 tid=2219 timed_waiting
java.lang.Thread.State: TIMED_WAITING
        at sun.misc.Unsafe.park(Native Method)
        at java.util.concurrent.locks.LockSupport.parkNanos(LockSupport.java:215)
        at java.util.concurrent.locks.AbstractQueuedSynchronizer$ConditionObject.awaitNanos(AbstractQueuedSynchronizer.java:2078)
        at java.util.concurrent.LinkedBlockingQueue.poll(LinkedBlockingQueue.java:467)
        at org.apache.hadoop.ipc.CallQueueManager.take(CallQueueManager.java:317)
        at org.apache.hadoop.ipc.Server$Handler.run(Server.java:2932)
"IPC Server handler 63 on default port 13034" daemon prio=5 tid=2254 timed_waiting
java.lang.Thread.State: TIMED_WAITING
        at sun.misc.Unsafe.park(Native Method)
        at java.util.concurrent.locks.LockSupport.parkNanos(LockSupport.java:215)
        at java.util.concurrent.locks.AbstractQueuedSynchronizer$ConditionObject.awaitNanos(AbstractQueuedSynchronizer.java:2078)
        at java.util.concurrent.LinkedBlockingQueue.poll(LinkedBlockingQueue.java:467)
        at org.apache.hadoop.ipc.CallQueueManager.take(CallQueueManager.java:317)
        at org.apache.hadoop.ipc.Server$Handler.run(Server.java:2932)
"ChunkWriter-3-0" daemon prio=5 tid=2714 in Object.wait()
java.lang.Thread.State: WAITING (on object monitor)
        at sun.misc.Unsafe.park(Native Method)
        at java.util.concurrent.locks.LockSupport.park(LockSupport.java:175)
        at java.util.concurrent.locks.AbstractQueuedSynchronizer$ConditionObject.await(AbstractQueuedSynchronizer.java:2039)
        at java.util.concurrent.LinkedBlockingDeque.takeFirst(LinkedBlockingDeque.java:492)
        at java.util.concurrent.LinkedBlockingDeque.take(LinkedBlockingDeque.java:680)
        at java.util.concurrent.ThreadPoolExecutor.getTask(ThreadPoolExecutor.java:1074)
        at java.util.concurrent.ThreadPoolExecutor.runWorker(ThreadPoolExecutor.java:1134)
        at java.util.concurrent.ThreadPoolExecutor$Worker.run(ThreadPoolExecutor.java:624)
        at java.lang.Thread.run(Thread.java:748)
"IPC Server handler 87 on default port 13033" daemon prio=5 tid=2397 timed_waiting
java.lang.Thread.State: TIMED_WAITING
        at sun.misc.Unsafe.park(Native Method)
        at java.util.concurrent.locks.LockSupport.parkNanos(LockSupport.java:215)
        at java.util.concurrent.locks.AbstractQueuedSynchronizer$ConditionObject.awaitNanos(AbstractQueuedSynchronizer.java:2078)
        at java.util.concurrent.LinkedBlockingQueue.poll(LinkedBlockingQueue.java:467)
        at org.apache.hadoop.ipc.CallQueueManager.take(CallQueueManager.java:317)
        at org.apache.hadoop.ipc.Server$Handler.run(Server.java:2932)
"IPC Server handler 97 on default port 13034" daemon prio=5 tid=2288 timed_waiting
java.lang.Thread.State: TIMED_WAITING
        at sun.misc.Unsafe.park(Native Method)
        at java.util.concurrent.locks.LockSupport.parkNanos(LockSupport.java:215)
        at java.util.concurrent.locks.AbstractQueuedSynchronizer$ConditionObject.awaitNanos(AbstractQueuedSynchronizer.java:2078)
        at java.util.concurrent.LinkedBlockingQueue.poll(LinkedBlockingQueue.java:467)
        at org.apache.hadoop.ipc.CallQueueManager.take(CallQueueManager.java:317)
        at org.apache.hadoop.ipc.Server$Handler.run(Server.java:2932)
"IPC Server handler 17 on default port 13044" daemon prio=5 tid=2514 timed_waiting
java.lang.Thread.State: TIMED_WAITING
        at sun.misc.Unsafe.park(Native Method)
        at java.util.concurrent.locks.LockSupport.parkNanos(LockSupport.java:215)
        at java.util.concurrent.locks.AbstractQueuedSynchronizer$ConditionObject.awaitNanos(AbstractQueuedSynchronizer.java:2078)
        at java.util.concurrent.LinkedBlockingQueue.poll(LinkedBlockingQueue.java:467)
        at org.apache.hadoop.ipc.CallQueueManager.take(CallQueueManager.java:317)
        at org.apache.hadoop.ipc.Server$Handler.run(Server.java:2932)
"qtp1667630446-2658-acceptor-0@6a28d860-ServerConnector@18b1c737{HTTP/1.1, (http/1.1)}{0.0.0.0:38755}" daemon prio=3 tid=2658 runnable
java.lang.Thread.State: RUNNABLE
        at sun.nio.ch.ServerSocketChannelImpl.accept0(Native Method)
        at sun.nio.ch.ServerSocketChannelImpl.accept(ServerSocketChannelImpl.java:421)
        at sun.nio.ch.ServerSocketChannelImpl.accept(ServerSocketChannelImpl.java:249)
        at org.eclipse.jetty.server.ServerConnector.accept(ServerConnector.java:388)
        at org.eclipse.jetty.server.AbstractConnector$Acceptor.run(AbstractConnector.java:702)
        at org.eclipse.jetty.util.thread.QueuedThreadPool.runJob(QueuedThreadPool.java:883)
        at org.eclipse.jetty.util.thread.QueuedThreadPool$Runner.run(QueuedThreadPool.java:1034)
        at java.lang.Thread.run(Thread.java:748)
"91f27009-ec66-4294-9321-b0739729fb6b@group-1FC4E3DC1381-StateMachineUpdater" daemon prio=5 tid=2752 in Object.wait()
java.lang.Thread.State: WAITING (on object monitor)
        at java.lang.Object.wait(Native Method)
        at java.lang.Object.wait(Object.java:502)
        at org.apache.ratis.server.impl.StateMachineUpdater.waitForCommit(StateMachineUpdater.java:204)
        at org.apache.ratis.server.impl.StateMachineUpdater.run(StateMachineUpdater.java:173)
        at java.lang.Thread.run(Thread.java:748)
"pool-471-thread-1" daemon prio=5 tid=2600 timed_waiting
java.lang.Thread.State: TIMED_WAITING
        at sun.misc.Unsafe.park(Native Method)
        at java.util.concurrent.locks.LockSupport.parkNanos(LockSupport.java:215)
        at java.util.concurrent.locks.AbstractQueuedSynchronizer$ConditionObject.awaitNanos(AbstractQueuedSynchronizer.java:2078)
        at java.util.concurrent.ScheduledThreadPoolExecutor$DelayedWorkQueue.take(ScheduledThreadPoolExecutor.java:1093)
        at java.util.concurrent.ScheduledThreadPoolExecutor$DelayedWorkQueue.take(ScheduledThreadPoolExecutor.java:809)
        at java.util.concurrent.ThreadPoolExecutor.getTask(ThreadPoolExecutor.java:1074)
        at java.util.concurrent.ThreadPoolExecutor.runWorker(ThreadPoolExecutor.java:1134)
        at java.util.concurrent.ThreadPoolExecutor$Worker.run(ThreadPoolExecutor.java:624)
        at java.lang.Thread.run(Thread.java:748)
"IPC Server handler 0 on default port 13034" daemon prio=5 tid=2191 timed_waiting
java.lang.Thread.State: TIMED_WAITING
        at sun.misc.Unsafe.park(Native Method)
        at java.util.concurrent.locks.LockSupport.parkNanos(LockSupport.java:215)
        at java.util.concurrent.locks.AbstractQueuedSynchronizer$ConditionObject.awaitNanos(AbstractQueuedSynchronizer.java:2078)
        at java.util.concurrent.LinkedBlockingQueue.poll(LinkedBlockingQueue.java:467)
        at org.apache.hadoop.ipc.CallQueueManager.take(CallQueueManager.java:317)
        at org.apache.hadoop.ipc.Server$Handler.run(Server.java:2932)
"IPC Server handler 87 on default port 13034" daemon prio=5 tid=2278 timed_waiting
java.lang.Thread.State: TIMED_WAITING
        at sun.misc.Unsafe.park(Native Method)
        at java.util.concurrent.locks.LockSupport.parkNanos(LockSupport.java:215)
        at java.util.concurrent.locks.AbstractQueuedSynchronizer$ConditionObject.awaitNanos(AbstractQueuedSynchronizer.java:2078)
        at java.util.concurrent.LinkedBlockingQueue.poll(LinkedBlockingQueue.java:467)
        at org.apache.hadoop.ipc.CallQueueManager.take(CallQueueManager.java:317)
        at org.apache.hadoop.ipc.Server$Handler.run(Server.java:2932)
"IPC Server handler 35 on default port 13035" daemon prio=5 tid=2126 timed_waiting
java.lang.Thread.State: TIMED_WAITING
        at sun.misc.Unsafe.park(Native Method)
        at java.util.concurrent.locks.LockSupport.parkNanos(LockSupport.java:215)
        at java.util.concurrent.locks.AbstractQueuedSynchronizer$ConditionObject.awaitNanos(AbstractQueuedSynchronizer.java:2078)
        at java.util.concurrent.LinkedBlockingQueue.poll(LinkedBlockingQueue.java:467)
        at org.apache.hadoop.ipc.CallQueueManager.take(CallQueueManager.java:317)
        at org.apache.hadoop.ipc.Server$Handler.run(Server.java:2932)
"pool-407-thread-1"  prio=5 tid=2417 in Object.wait()
java.lang.Thread.State: WAITING (on object monitor)
        at sun.misc.Unsafe.park(Native Method)
        at java.util.concurrent.locks.LockSupport.park(LockSupport.java:175)
        at java.util.concurrent.locks.AbstractQueuedSynchronizer$ConditionObject.await(AbstractQueuedSynchronizer.java:2039)
        at java.util.concurrent.LinkedBlockingQueue.take(LinkedBlockingQueue.java:442)
        at java.util.concurrent.ThreadPoolExecutor.getTask(ThreadPoolExecutor.java:1074)
        at java.util.concurrent.ThreadPoolExecutor.runWorker(ThreadPoolExecutor.java:1134)
        at java.util.concurrent.ThreadPoolExecutor$Worker.run(ThreadPoolExecutor.java:624)
        at java.lang.Thread.run(Thread.java:748)
"IPC Server handler 98 on default port 13033" daemon prio=5 tid=2408 timed_waiting
java.lang.Thread.State: TIMED_WAITING
        at sun.misc.Unsafe.park(Native Method)
        at java.util.concurrent.locks.LockSupport.parkNanos(LockSupport.java:215)
        at java.util.concurrent.locks.AbstractQueuedSynchronizer$ConditionObject.awaitNanos(AbstractQueuedSynchronizer.java:2078)
        at java.util.concurrent.LinkedBlockingQueue.poll(LinkedBlockingQueue.java:467)
        at org.apache.hadoop.ipc.CallQueueManager.take(CallQueueManager.java:317)
        at org.apache.hadoop.ipc.Server$Handler.run(Server.java:2932)
"EventQueue-PipelineReportForOneReplicaPipelineSafeModeRule" daemon prio=5 tid=2414 in Object.wait()
java.lang.Thread.State: WAITING (on object monitor)
        at sun.misc.Unsafe.park(Native Method)
        at java.util.concurrent.locks.LockSupport.park(LockSupport.java:175)
        at java.util.concurrent.locks.AbstractQueuedSynchronizer$ConditionObject.await(AbstractQueuedSynchronizer.java:2039)
        at java.util.concurrent.LinkedBlockingQueue.take(LinkedBlockingQueue.java:442)
        at java.util.concurrent.ThreadPoolExecutor.getTask(ThreadPoolExecutor.java:1074)
        at java.util.concurrent.ThreadPoolExecutor.runWorker(ThreadPoolExecutor.java:1134)
        at java.util.concurrent.ThreadPoolExecutor$Worker.run(ThreadPoolExecutor.java:624)
        at java.lang.Thread.run(Thread.java:748)
"process reaper" daemon prio=10 tid=11 timed_waiting
java.lang.Thread.State: TIMED_WAITING
        at sun.misc.Unsafe.park(Native Method)
        at java.util.concurrent.locks.LockSupport.parkNanos(LockSupport.java:215)
        at java.util.concurrent.SynchronousQueue$TransferStack.awaitFulfill(SynchronousQueue.java:460)
        at java.util.concurrent.SynchronousQueue$TransferStack.transfer(SynchronousQueue.java:362)
        at java.util.concurrent.SynchronousQueue.poll(SynchronousQueue.java:941)
        at java.util.concurrent.ThreadPoolExecutor.getTask(ThreadPoolExecutor.java:1073)
        at java.util.concurrent.ThreadPoolExecutor.runWorker(ThreadPoolExecutor.java:1134)
        at java.util.concurrent.ThreadPoolExecutor$Worker.run(ThreadPoolExecutor.java:624)
        at java.lang.Thread.run(Thread.java:748)
"Datanode ReportManager Thread - 4" daemon prio=5 tid=1745 in Object.wait()
java.lang.Thread.State: WAITING (on object monitor)
        at sun.misc.Unsafe.park(Native Method)
        at java.util.concurrent.locks.LockSupport.park(LockSupport.java:175)
        at java.util.concurrent.locks.AbstractQueuedSynchronizer$ConditionObject.await(AbstractQueuedSynchronizer.java:2039)
        at java.util.concurrent.ScheduledThreadPoolExecutor$DelayedWorkQueue.take(ScheduledThreadPoolExecutor.java:1088)
        at java.util.concurrent.ScheduledThreadPoolExecutor$DelayedWorkQueue.take(ScheduledThreadPoolExecutor.java:809)
        at java.util.concurrent.ThreadPoolExecutor.getTask(ThreadPoolExecutor.java:1074)
        at java.util.concurrent.ThreadPoolExecutor.runWorker(ThreadPoolExecutor.java:1134)
        at java.util.concurrent.ThreadPoolExecutor$Worker.run(ThreadPoolExecutor.java:624)
        at java.lang.Thread.run(Thread.java:748)
"Socket Reader #1 for port 13043"  prio=5 tid=2425 runnable
java.lang.Thread.State: RUNNABLE
        at sun.nio.ch.EPollArrayWrapper.epollWait(Native Method)
        at sun.nio.ch.EPollArrayWrapper.poll(EPollArrayWrapper.java:269)
        at sun.nio.ch.EPollSelectorImpl.doSelect(EPollSelectorImpl.java:93)
        at sun.nio.ch.SelectorImpl.lockAndDoSelect(SelectorImpl.java:86)
        at sun.nio.ch.SelectorImpl.select(SelectorImpl.java:97)
        at sun.nio.ch.SelectorImpl.select(SelectorImpl.java:101)
        at org.apache.hadoop.ipc.Server$Listener$Reader.doRunLoop(Server.java:1288)
        at org.apache.hadoop.ipc.Server$Listener$Reader.run(Server.java:1267)
"Socket Reader #1 for port 13033"  prio=5 tid=2075 runnable
java.lang.Thread.State: RUNNABLE
        at sun.nio.ch.EPollArrayWrapper.epollWait(Native Method)
        at sun.nio.ch.EPollArrayWrapper.poll(EPollArrayWrapper.java:269)
        at sun.nio.ch.EPollSelectorImpl.doSelect(EPollSelectorImpl.java:93)
        at sun.nio.ch.SelectorImpl.lockAndDoSelect(SelectorImpl.java:86)
        at sun.nio.ch.SelectorImpl.select(SelectorImpl.java:97)
        at sun.nio.ch.SelectorImpl.select(SelectorImpl.java:101)
        at org.apache.hadoop.ipc.Server$Listener$Reader.doRunLoop(Server.java:1288)
        at org.apache.hadoop.ipc.Server$Listener$Reader.run(Server.java:1267)
"RatisPipelineUtilsThread - 0"  prio=5 tid=2534 timed_waiting
java.lang.Thread.State: TIMED_WAITING
        at java.lang.Object.wait(Native Method)
        at org.apache.hadoop.hdds.scm.pipeline.BackgroundPipelineCreator.run(BackgroundPipelineCreator.java:183)
        at org.apache.hadoop.hdds.scm.pipeline.BackgroundPipelineCreator$$Lambda$642/140163428.run(Unknown Source)
        at java.lang.Thread.run(Thread.java:748)
"IPC Server handler 79 on default port 13033" daemon prio=5 tid=2389 timed_waiting
java.lang.Thread.State: TIMED_WAITING
        at sun.misc.Unsafe.park(Native Method)
        at java.util.concurrent.locks.LockSupport.parkNanos(LockSupport.java:215)
        at java.util.concurrent.locks.AbstractQueuedSynchronizer$ConditionObject.awaitNanos(AbstractQueuedSynchronizer.java:2078)
        at java.util.concurrent.LinkedBlockingQueue.poll(LinkedBlockingQueue.java:467)
        at org.apache.hadoop.ipc.CallQueueManager.take(CallQueueManager.java:317)
        at org.apache.hadoop.ipc.Server$Handler.run(Server.java:2932)
"IPC Server handler 18 on default port 13034" daemon prio=5 tid=2209 timed_waiting
java.lang.Thread.State: TIMED_WAITING
        at sun.misc.Unsafe.park(Native Method)
        at java.util.concurrent.locks.LockSupport.parkNanos(LockSupport.java:215)
        at java.util.concurrent.locks.AbstractQueuedSynchronizer$ConditionObject.awaitNanos(AbstractQueuedSynchronizer.java:2078)
        at java.util.concurrent.LinkedBlockingQueue.poll(LinkedBlockingQueue.java:467)
        at org.apache.hadoop.ipc.CallQueueManager.take(CallQueueManager.java:317)
        at org.apache.hadoop.ipc.Server$Handler.run(Server.java:2932)
"IPC Server handler 54 on default port 13034" daemon prio=5 tid=2245 timed_waiting
java.lang.Thread.State: TIMED_WAITING
        at sun.misc.Unsafe.park(Native Method)
        at java.util.concurrent.locks.LockSupport.parkNanos(LockSupport.java:215)
        at java.util.concurrent.locks.AbstractQueuedSynchronizer$ConditionObject.awaitNanos(AbstractQueuedSynchronizer.java:2078)
        at java.util.concurrent.LinkedBlockingQueue.poll(LinkedBlockingQueue.java:467)
        at org.apache.hadoop.ipc.CallQueueManager.take(CallQueueManager.java:317)
        at org.apache.hadoop.ipc.Server$Handler.run(Server.java:2932)
"IPC Server handler 29 on default port 13033" daemon prio=5 tid=2339 timed_waiting
java.lang.Thread.State: TIMED_WAITING
        at sun.misc.Unsafe.park(Native Method)
        at java.util.concurrent.locks.LockSupport.parkNanos(LockSupport.java:215)
        at java.util.concurrent.locks.AbstractQueuedSynchronizer$ConditionObject.awaitNanos(AbstractQueuedSynchronizer.java:2078)
        at java.util.concurrent.LinkedBlockingQueue.poll(LinkedBlockingQueue.java:467)
        at org.apache.hadoop.ipc.CallQueueManager.take(CallQueueManager.java:317)
        at org.apache.hadoop.ipc.Server$Handler.run(Server.java:2932)
"IPC Server Responder" daemon prio=5 tid=2081 runnable
java.lang.Thread.State: RUNNABLE
        at sun.nio.ch.EPollArrayWrapper.epollWait(Native Method)
        at sun.nio.ch.EPollArrayWrapper.poll(EPollArrayWrapper.java:269)
        at sun.nio.ch.EPollSelectorImpl.doSelect(EPollSelectorImpl.java:93)
        at sun.nio.ch.SelectorImpl.lockAndDoSelect(SelectorImpl.java:86)
        at sun.nio.ch.SelectorImpl.select(SelectorImpl.java:97)
        at org.apache.hadoop.ipc.Server$Responder.doRunLoop(Server.java:1527)
        at org.apache.hadoop.ipc.Server$Responder.run(Server.java:1510)
"IPC Server handler 51 on default port 13034" daemon prio=5 tid=2242 timed_waiting
java.lang.Thread.State: TIMED_WAITING
        at sun.misc.Unsafe.park(Native Method)
        at java.util.concurrent.locks.LockSupport.parkNanos(LockSupport.java:215)
        at java.util.concurrent.locks.AbstractQueuedSynchronizer$ConditionObject.awaitNanos(AbstractQueuedSynchronizer.java:2078)
        at java.util.concurrent.LinkedBlockingQueue.poll(LinkedBlockingQueue.java:467)
        at org.apache.hadoop.ipc.CallQueueManager.take(CallQueueManager.java:317)
        at org.apache.hadoop.ipc.Server$Handler.run(Server.java:2932)
"IPC Server handler 75 on default port 13034" daemon prio=5 tid=2266 timed_waiting
java.lang.Thread.State: TIMED_WAITING
        at sun.misc.Unsafe.park(Native Method)
        at java.util.concurrent.locks.LockSupport.parkNanos(LockSupport.java:215)
        at java.util.concurrent.locks.AbstractQueuedSynchronizer$ConditionObject.awaitNanos(AbstractQueuedSynchronizer.java:2078)
        at java.util.concurrent.LinkedBlockingQueue.poll(LinkedBlockingQueue.java:467)
        at org.apache.hadoop.ipc.CallQueueManager.take(CallQueueManager.java:317)
        at org.apache.hadoop.ipc.Server$Handler.run(Server.java:2932)
"IPC Server handler 99 on default port 13033" daemon prio=5 tid=2409 timed_waiting
java.lang.Thread.State: TIMED_WAITING
        at sun.misc.Unsafe.park(Native Method)
        at java.util.concurrent.locks.LockSupport.parkNanos(LockSupport.java:215)
        at java.util.concurrent.locks.AbstractQueuedSynchronizer$ConditionObject.awaitNanos(AbstractQueuedSynchronizer.java:2078)
        at java.util.concurrent.LinkedBlockingQueue.poll(LinkedBlockingQueue.java:467)
        at org.apache.hadoop.ipc.CallQueueManager.take(CallQueueManager.java:317)
        at org.apache.hadoop.ipc.Server$Handler.run(Server.java:2932)
"IPC Server handler 88 on default port 13035" daemon prio=5 tid=2179 timed_waiting
java.lang.Thread.State: TIMED_WAITING
        at sun.misc.Unsafe.park(Native Method)
        at java.util.concurrent.locks.LockSupport.parkNanos(LockSupport.java:215)
        at java.util.concurrent.locks.AbstractQueuedSynchronizer$ConditionObject.awaitNanos(AbstractQueuedSynchronizer.java:2078)
        at java.util.concurrent.LinkedBlockingQueue.poll(LinkedBlockingQueue.java:467)
        at org.apache.hadoop.ipc.CallQueueManager.take(CallQueueManager.java:317)
        at org.apache.hadoop.ipc.Server$Handler.run(Server.java:2932)
"IPC Server handler 6 on default port 11132" daemon prio=5 tid=2582 timed_waiting
java.lang.Thread.State: TIMED_WAITING
        at sun.misc.Unsafe.park(Native Method)
        at java.util.concurrent.locks.LockSupport.parkNanos(LockSupport.java:215)
        at java.util.concurrent.locks.AbstractQueuedSynchronizer$ConditionObject.awaitNanos(AbstractQueuedSynchronizer.java:2078)
        at java.util.concurrent.LinkedBlockingQueue.poll(LinkedBlockingQueue.java:467)
        at org.apache.hadoop.ipc.CallQueueManager.take(CallQueueManager.java:317)
        at org.apache.hadoop.ipc.Server$Handler.run(Server.java:2932)
"qtp1999374326-2567" daemon prio=5 tid=2567 runnable
java.lang.Thread.State: RUNNABLE
        at sun.nio.ch.EPollArrayWrapper.epollWait(Native Method)
        at sun.nio.ch.EPollArrayWrapper.poll(EPollArrayWrapper.java:269)
        at sun.nio.ch.EPollSelectorImpl.doSelect(EPollSelectorImpl.java:93)
        at sun.nio.ch.SelectorImpl.lockAndDoSelect(SelectorImpl.java:86)
        at sun.nio.ch.SelectorImpl.select(SelectorImpl.java:97)
        at sun.nio.ch.SelectorImpl.select(SelectorImpl.java:101)
        at org.eclipse.jetty.io.ManagedSelector.nioSelect(ManagedSelector.java:183)
        at org.eclipse.jetty.io.ManagedSelector.select(ManagedSelector.java:190)
        at org.eclipse.jetty.io.ManagedSelector$SelectorProducer.select(ManagedSelector.java:606)
        at org.eclipse.jetty.io.ManagedSelector$SelectorProducer.produce(ManagedSelector.java:543)
        at org.eclipse.jetty.util.thread.strategy.EatWhatYouKill.produceTask(EatWhatYouKill.java:362)
        at org.eclipse.jetty.util.thread.strategy.EatWhatYouKill.doProduce(EatWhatYouKill.java:186)
        at org.eclipse.jetty.util.thread.strategy.EatWhatYouKill.tryProduce(EatWhatYouKill.java:173)
        at org.eclipse.jetty.util.thread.strategy.EatWhatYouKill.produce(EatWhatYouKill.java:137)
        at org.eclipse.jetty.io.ManagedSelector$$Lambda$707/237279395.run(Unknown Source)
        at org.eclipse.jetty.util.thread.QueuedThreadPool.runJob(QueuedThreadPool.java:883)
        at org.eclipse.jetty.util.thread.QueuedThreadPool$Runner.run(QueuedThreadPool.java:1034)
        at java.lang.Thread.run(Thread.java:748)
"IPC Server handler 8 on default port 13034" daemon prio=5 tid=2199 timed_waiting
java.lang.Thread.State: TIMED_WAITING
        at sun.misc.Unsafe.park(Native Method)
        at java.util.concurrent.locks.LockSupport.parkNanos(LockSupport.java:215)
        at java.util.concurrent.locks.AbstractQueuedSynchronizer$ConditionObject.awaitNanos(AbstractQueuedSynchronizer.java:2078)
        at java.util.concurrent.LinkedBlockingQueue.poll(LinkedBlockingQueue.java:467)
        at org.apache.hadoop.ipc.CallQueueManager.take(CallQueueManager.java:317)
        at org.apache.hadoop.ipc.Server$Handler.run(Server.java:2932)
"qtp1029395488-2296-acceptor-0@35466bac-ServerConnector@4b4989f6{HTTP/1.1, (http/1.1)}{0.0.0.0:13030}" daemon prio=3 tid=2296 runnable
java.lang.Thread.State: RUNNABLE
        at sun.nio.ch.ServerSocketChannelImpl.accept0(Native Method)
        at sun.nio.ch.ServerSocketChannelImpl.accept(ServerSocketChannelImpl.java:421)
        at sun.nio.ch.ServerSocketChannelImpl.accept(ServerSocketChannelImpl.java:249)
        at org.eclipse.jetty.server.ServerConnector.accept(ServerConnector.java:388)
        at org.eclipse.jetty.server.AbstractConnector$Acceptor.run(AbstractConnector.java:702)
        at org.eclipse.jetty.util.thread.QueuedThreadPool.runJob(QueuedThreadPool.java:883)
        at org.eclipse.jetty.util.thread.QueuedThreadPool$Runner.run(QueuedThreadPool.java:1034)
        at java.lang.Thread.run(Thread.java:748)
"IPC Server handler 28 on default port 13035" daemon prio=5 tid=2119 timed_waiting
java.lang.Thread.State: TIMED_WAITING
        at sun.misc.Unsafe.park(Native Method)
        at java.util.concurrent.locks.LockSupport.parkNanos(LockSupport.java:215)
        at java.util.concurrent.locks.AbstractQueuedSynchronizer$ConditionObject.awaitNanos(AbstractQueuedSynchronizer.java:2078)
        at java.util.concurrent.LinkedBlockingQueue.poll(LinkedBlockingQueue.java:467)
        at org.apache.hadoop.ipc.CallQueueManager.take(CallQueueManager.java:317)
        at org.apache.hadoop.ipc.Server$Handler.run(Server.java:2932)
"Datanode State Machine Daemon Thread" daemon prio=5 tid=2666 timed_waiting
java.lang.Thread.State: TIMED_WAITING
        at sun.misc.Unsafe.park(Native Method)
        at java.util.concurrent.locks.LockSupport.parkNanos(LockSupport.java:215)
        at java.util.concurrent.locks.AbstractQueuedSynchronizer$ConditionObject.awaitNanos(AbstractQueuedSynchronizer.java:2078)
        at java.util.concurrent.LinkedBlockingQueue.poll(LinkedBlockingQueue.java:467)
        at java.util.concurrent.ExecutorCompletionService.poll(ExecutorCompletionService.java:202)
        at org.apache.hadoop.ozone.container.common.states.datanode.RunningDatanodeState.await(RunningDatanodeState.java:224)
        at org.apache.hadoop.ozone.container.common.states.datanode.RunningDatanodeState.await(RunningDatanodeState.java:50)
        at org.apache.hadoop.ozone.container.common.statemachine.StateContext.execute(StateContext.java:633)
        at org.apache.hadoop.ozone.container.common.statemachine.DatanodeStateMachine.start(DatanodeStateMachine.java:280)
        at org.apache.hadoop.ozone.container.common.statemachine.DatanodeStateMachine.lambda$startDaemon$0(DatanodeStateMachine.java:468)
        at org.apache.hadoop.ozone.container.common.statemachine.DatanodeStateMachine$$Lambda$891/1964303960.run(Unknown Source)
        at java.lang.Thread.run(Thread.java:748)
"IPC Server handler 5 on default port 13045" daemon prio=5 tid=2482 timed_waiting
java.lang.Thread.State: TIMED_WAITING
        at sun.misc.Unsafe.park(Native Method)
        at java.util.concurrent.locks.LockSupport.parkNanos(LockSupport.java:215)
        at java.util.concurrent.locks.AbstractQueuedSynchronizer$ConditionObject.awaitNanos(AbstractQueuedSynchronizer.java:2078)
        at java.util.concurrent.LinkedBlockingQueue.poll(LinkedBlockingQueue.java:467)
        at org.apache.hadoop.ipc.CallQueueManager.take(CallQueueManager.java:317)
        at org.apache.hadoop.ipc.Server$Handler.run(Server.java:2932)
"IPC Server handler 63 on default port 13035" daemon prio=5 tid=2154 timed_waiting
java.lang.Thread.State: TIMED_WAITING
        at sun.misc.Unsafe.park(Native Method)
        at java.util.concurrent.locks.LockSupport.parkNanos(LockSupport.java:215)
        at java.util.concurrent.locks.AbstractQueuedSynchronizer$ConditionObject.awaitNanos(AbstractQueuedSynchronizer.java:2078)
        at java.util.concurrent.LinkedBlockingQueue.poll(LinkedBlockingQueue.java:467)
        at org.apache.hadoop.ipc.CallQueueManager.take(CallQueueManager.java:317)
        at org.apache.hadoop.ipc.Server$Handler.run(Server.java:2932)
"IPC Server handler 9 on default port 13034" daemon prio=5 tid=2200 timed_waiting
java.lang.Thread.State: TIMED_WAITING
        at sun.misc.Unsafe.park(Native Method)
        at java.util.concurrent.locks.LockSupport.parkNanos(LockSupport.java:215)
        at java.util.concurrent.locks.AbstractQueuedSynchronizer$ConditionObject.awaitNanos(AbstractQueuedSynchronizer.java:2078)
        at java.util.concurrent.LinkedBlockingQueue.poll(LinkedBlockingQueue.java:467)
        at org.apache.hadoop.ipc.CallQueueManager.take(CallQueueManager.java:317)
        at org.apache.hadoop.ipc.Server$Handler.run(Server.java:2932)
"IPC Server handler 27 on default port 13034" daemon prio=5 tid=2218 timed_waiting
java.lang.Thread.State: TIMED_WAITING
        at sun.misc.Unsafe.park(Native Method)
        at java.util.concurrent.locks.LockSupport.parkNanos(LockSupport.java:215)
        at java.util.concurrent.locks.AbstractQueuedSynchronizer$ConditionObject.awaitNanos(AbstractQueuedSynchronizer.java:2078)
        at java.util.concurrent.LinkedBlockingQueue.poll(LinkedBlockingQueue.java:467)
        at org.apache.hadoop.ipc.CallQueueManager.take(CallQueueManager.java:317)
        at org.apache.hadoop.ipc.Server$Handler.run(Server.java:2932)
"IPC Server handler 49 on default port 13034" daemon prio=5 tid=2240 timed_waiting
java.lang.Thread.State: TIMED_WAITING
        at sun.misc.Unsafe.park(Native Method)
        at java.util.concurrent.locks.LockSupport.parkNanos(LockSupport.java:215)
        at java.util.concurrent.locks.AbstractQueuedSynchronizer$ConditionObject.awaitNanos(AbstractQueuedSynchronizer.java:2078)
        at java.util.concurrent.LinkedBlockingQueue.poll(LinkedBlockingQueue.java:467)
        at org.apache.hadoop.ipc.CallQueueManager.take(CallQueueManager.java:317)
        at org.apache.hadoop.ipc.Server$Handler.run(Server.java:2932)
"IPC Server handler 7 on default port 13034" daemon prio=5 tid=2198 timed_waiting
java.lang.Thread.State: TIMED_WAITING
        at sun.misc.Unsafe.park(Native Method)
        at java.util.concurrent.locks.LockSupport.parkNanos(LockSupport.java:215)
        at java.util.concurrent.locks.AbstractQueuedSynchronizer$ConditionObject.awaitNanos(AbstractQueuedSynchronizer.java:2078)
        at java.util.concurrent.LinkedBlockingQueue.poll(LinkedBlockingQueue.java:467)
        at org.apache.hadoop.ipc.CallQueueManager.take(CallQueueManager.java:317)
        at org.apache.hadoop.ipc.Server$Handler.run(Server.java:2932)
"IPC Server handler 43 on default port 13034" daemon prio=5 tid=2234 timed_waiting
java.lang.Thread.State: TIMED_WAITING
        at sun.misc.Unsafe.park(Native Method)
        at java.util.concurrent.locks.LockSupport.parkNanos(LockSupport.java:215)
        at java.util.concurrent.locks.AbstractQueuedSynchronizer$ConditionObject.awaitNanos(AbstractQueuedSynchronizer.java:2078)
        at java.util.concurrent.LinkedBlockingQueue.poll(LinkedBlockingQueue.java:467)
        at org.apache.hadoop.ipc.CallQueueManager.take(CallQueueManager.java:317)
        at org.apache.hadoop.ipc.Server$Handler.run(Server.java:2932)
"org.apache.ratis.util.JvmPauseMonitor$$Lambda$499/17331878@152eed56" daemon prio=5 tid=2436 timed_waiting
java.lang.Thread.State: TIMED_WAITING
        at java.lang.Thread.sleep(Native Method)
        at java.lang.Thread.sleep(Thread.java:340)
        at java.util.concurrent.TimeUnit.sleep(TimeUnit.java:386)
        at org.apache.ratis.util.TimeDuration.sleep(TimeDuration.java:324)
        at org.apache.ratis.util.TimeDuration.sleep(TimeDuration.java:309)
        at org.apache.ratis.util.JvmPauseMonitor.detectPause(JvmPauseMonitor.java:117)
        at org.apache.ratis.util.JvmPauseMonitor.run(JvmPauseMonitor.java:106)
        at org.apache.ratis.util.JvmPauseMonitor$$Lambda$499/17331878.run(Unknown Source)
        at java.lang.Thread.run(Thread.java:748)
"IPC Server handler 11 on default port 13033" daemon prio=5 tid=2321 timed_waiting
java.lang.Thread.State: TIMED_WAITING
        at sun.misc.Unsafe.park(Native Method)
        at java.util.concurrent.locks.LockSupport.parkNanos(LockSupport.java:215)
        at java.util.concurrent.locks.AbstractQueuedSynchronizer$ConditionObject.awaitNanos(AbstractQueuedSynchronizer.java:2078)
        at java.util.concurrent.LinkedBlockingQueue.poll(LinkedBlockingQueue.java:467)
        at org.apache.hadoop.ipc.CallQueueManager.take(CallQueueManager.java:317)
        at org.apache.hadoop.ipc.Server$Handler.run(Server.java:2932)
"IPC Server handler 47 on default port 13034" daemon prio=5 tid=2238 timed_waiting
java.lang.Thread.State: TIMED_WAITING
        at sun.misc.Unsafe.park(Native Method)
        at java.util.concurrent.locks.LockSupport.parkNanos(LockSupport.java:215)
        at java.util.concurrent.locks.AbstractQueuedSynchronizer$ConditionObject.awaitNanos(AbstractQueuedSynchronizer.java:2078)
        at java.util.concurrent.LinkedBlockingQueue.poll(LinkedBlockingQueue.java:467)
        at org.apache.hadoop.ipc.CallQueueManager.take(CallQueueManager.java:317)
        at org.apache.hadoop.ipc.Server$Handler.run(Server.java:2932)
"qtp1813996673-2606" daemon prio=5 tid=2606 timed_waiting
java.lang.Thread.State: TIMED_WAITING
        at sun.misc.Unsafe.park(Native Method)
        at java.util.concurrent.locks.LockSupport.parkNanos(LockSupport.java:215)
        at java.util.concurrent.locks.AbstractQueuedSynchronizer$ConditionObject.awaitNanos(AbstractQueuedSynchronizer.java:2078)
        at org.eclipse.jetty.util.BlockingArrayQueue.poll(BlockingArrayQueue.java:382)
        at org.eclipse.jetty.util.thread.QueuedThreadPool$Runner.idleJobPoll(QueuedThreadPool.java:974)
        at org.eclipse.jetty.util.thread.QueuedThreadPool$Runner.run(QueuedThreadPool.java:1018)
        at java.lang.Thread.run(Thread.java:748)
"IPC Server handler 21 on default port 13034" daemon prio=5 tid=2212 timed_waiting
java.lang.Thread.State: TIMED_WAITING
        at sun.misc.Unsafe.park(Native Method)
        at java.util.concurrent.locks.LockSupport.parkNanos(LockSupport.java:215)
        at java.util.concurrent.locks.AbstractQueuedSynchronizer$ConditionObject.awaitNanos(AbstractQueuedSynchronizer.java:2078)
        at java.util.concurrent.LinkedBlockingQueue.poll(LinkedBlockingQueue.java:467)
        at org.apache.hadoop.ipc.CallQueueManager.take(CallQueueManager.java:317)
        at org.apache.hadoop.ipc.Server$Handler.run(Server.java:2932)
"IPC Server handler 8 on default port 13045" daemon prio=5 tid=2485 timed_waiting
java.lang.Thread.State: TIMED_WAITING
        at sun.misc.Unsafe.park(Native Method)
        at java.util.concurrent.locks.LockSupport.parkNanos(LockSupport.java:215)
        at java.util.concurrent.locks.AbstractQueuedSynchronizer$ConditionObject.awaitNanos(AbstractQueuedSynchronizer.java:2078)
        at java.util.concurrent.LinkedBlockingQueue.poll(LinkedBlockingQueue.java:467)
        at org.apache.hadoop.ipc.CallQueueManager.take(CallQueueManager.java:317)
        at org.apache.hadoop.ipc.Server$Handler.run(Server.java:2932)
"IPC Server handler 64 on default port 13035" daemon prio=5 tid=2155 timed_waiting
java.lang.Thread.State: TIMED_WAITING
        at sun.misc.Unsafe.park(Native Method)
        at java.util.concurrent.locks.LockSupport.parkNanos(LockSupport.java:215)
        at java.util.concurrent.locks.AbstractQueuedSynchronizer$ConditionObject.awaitNanos(AbstractQueuedSynchronizer.java:2078)
        at java.util.concurrent.LinkedBlockingQueue.poll(LinkedBlockingQueue.java:467)
        at org.apache.hadoop.ipc.CallQueueManager.take(CallQueueManager.java:317)
        at org.apache.hadoop.ipc.Server$Handler.run(Server.java:2932)
"IPC Server handler 49 on default port 13035" daemon prio=5 tid=2140 timed_waiting
java.lang.Thread.State: TIMED_WAITING
        at sun.misc.Unsafe.park(Native Method)
        at java.util.concurrent.locks.LockSupport.parkNanos(LockSupport.java:215)
        at java.util.concurrent.locks.AbstractQueuedSynchronizer$ConditionObject.awaitNanos(AbstractQueuedSynchronizer.java:2078)
        at java.util.concurrent.LinkedBlockingQueue.poll(LinkedBlockingQueue.java:467)
        at org.apache.hadoop.ipc.CallQueueManager.take(CallQueueManager.java:317)
        at org.apache.hadoop.ipc.Server$Handler.run(Server.java:2932)
"IPC Server handler 59 on default port 13033" daemon prio=5 tid=2369 timed_waiting
java.lang.Thread.State: TIMED_WAITING
        at sun.misc.Unsafe.park(Native Method)
        at java.util.concurrent.locks.LockSupport.parkNanos(LockSupport.java:215)
        at java.util.concurrent.locks.AbstractQueuedSynchronizer$ConditionObject.awaitNanos(AbstractQueuedSynchronizer.java:2078)
        at java.util.concurrent.LinkedBlockingQueue.poll(LinkedBlockingQueue.java:467)
        at org.apache.hadoop.ipc.CallQueueManager.take(CallQueueManager.java:317)
        at org.apache.hadoop.ipc.Server$Handler.run(Server.java:2932)
"Datanode ReportManager Thread - 0" daemon prio=5 tid=588 in Object.wait()
java.lang.Thread.State: WAITING (on object monitor)
        at sun.misc.Unsafe.park(Native Method)
        at java.util.concurrent.locks.LockSupport.park(LockSupport.java:175)
        at java.util.concurrent.locks.AbstractQueuedSynchronizer$ConditionObject.await(AbstractQueuedSynchronizer.java:2039)
        at java.util.concurrent.ScheduledThreadPoolExecutor$DelayedWorkQueue.take(ScheduledThreadPoolExecutor.java:1088)
        at java.util.concurrent.ScheduledThreadPoolExecutor$DelayedWorkQueue.take(ScheduledThreadPoolExecutor.java:809)
        at java.util.concurrent.ThreadPoolExecutor.getTask(ThreadPoolExecutor.java:1074)
        at java.util.concurrent.ThreadPoolExecutor.runWorker(ThreadPoolExecutor.java:1134)
        at java.util.concurrent.ThreadPoolExecutor$Worker.run(ThreadPoolExecutor.java:624)
        at java.lang.Thread.run(Thread.java:748)
"Datanode ReportManager Thread - 0" daemon prio=5 tid=1741 in Object.wait()
java.lang.Thread.State: WAITING (on object monitor)
        at sun.misc.Unsafe.park(Native Method)
        at java.util.concurrent.locks.LockSupport.park(LockSupport.java:175)
        at java.util.concurrent.locks.AbstractQueuedSynchronizer$ConditionObject.await(AbstractQueuedSynchronizer.java:2039)
        at java.util.concurrent.ScheduledThreadPoolExecutor$DelayedWorkQueue.take(ScheduledThreadPoolExecutor.java:1088)
        at java.util.concurrent.ScheduledThreadPoolExecutor$DelayedWorkQueue.take(ScheduledThreadPoolExecutor.java:809)
        at java.util.concurrent.ThreadPoolExecutor.getTask(ThreadPoolExecutor.java:1074)
        at java.util.concurrent.ThreadPoolExecutor.runWorker(ThreadPoolExecutor.java:1134)
        at java.util.concurrent.ThreadPoolExecutor$Worker.run(ThreadPoolExecutor.java:624)
        at java.lang.Thread.run(Thread.java:748)
"Datanode ReportManager Thread - 3" daemon prio=5 tid=566 in Object.wait()
java.lang.Thread.State: WAITING (on object monitor)
        at sun.misc.Unsafe.park(Native Method)
        at java.util.concurrent.locks.LockSupport.park(LockSupport.java:175)
        at java.util.concurrent.locks.AbstractQueuedSynchronizer$ConditionObject.await(AbstractQueuedSynchronizer.java:2039)
        at java.util.concurrent.ScheduledThreadPoolExecutor$DelayedWorkQueue.take(ScheduledThreadPoolExecutor.java:1088)
        at java.util.concurrent.ScheduledThreadPoolExecutor$DelayedWorkQueue.take(ScheduledThreadPoolExecutor.java:809)
        at java.util.concurrent.ThreadPoolExecutor.getTask(ThreadPoolExecutor.java:1074)
        at java.util.concurrent.ThreadPoolExecutor.runWorker(ThreadPoolExecutor.java:1134)
        at java.util.concurrent.ThreadPoolExecutor$Worker.run(ThreadPoolExecutor.java:624)
        at java.lang.Thread.run(Thread.java:748)
"IPC Server handler 30 on default port 13035" daemon prio=5 tid=2121 timed_waiting
java.lang.Thread.State: TIMED_WAITING
        at sun.misc.Unsafe.park(Native Method)
        at java.util.concurrent.locks.LockSupport.parkNanos(LockSupport.java:215)
        at java.util.concurrent.locks.AbstractQueuedSynchronizer$ConditionObject.awaitNanos(AbstractQueuedSynchronizer.java:2078)
        at java.util.concurrent.LinkedBlockingQueue.poll(LinkedBlockingQueue.java:467)
        at org.apache.hadoop.ipc.CallQueueManager.take(CallQueueManager.java:317)
        at org.apache.hadoop.ipc.Server$Handler.run(Server.java:2932)
"IPC Server handler 70 on default port 13033" daemon prio=5 tid=2380 timed_waiting
java.lang.Thread.State: TIMED_WAITING
        at sun.misc.Unsafe.park(Native Method)
        at java.util.concurrent.locks.LockSupport.parkNanos(LockSupport.java:215)
        at java.util.concurrent.locks.AbstractQueuedSynchronizer$ConditionObject.awaitNanos(AbstractQueuedSynchronizer.java:2078)
        at java.util.concurrent.LinkedBlockingQueue.poll(LinkedBlockingQueue.java:467)
        at org.apache.hadoop.ipc.CallQueueManager.take(CallQueueManager.java:317)
        at org.apache.hadoop.ipc.Server$Handler.run(Server.java:2932)
"ChunkWriter-0-0" daemon prio=5 tid=2711 in Object.wait()
java.lang.Thread.State: WAITING (on object monitor)
        at sun.misc.Unsafe.park(Native Method)
        at java.util.concurrent.locks.LockSupport.park(LockSupport.java:175)
        at java.util.concurrent.locks.AbstractQueuedSynchronizer$ConditionObject.await(AbstractQueuedSynchronizer.java:2039)
        at java.util.concurrent.LinkedBlockingDeque.takeFirst(LinkedBlockingDeque.java:492)
        at java.util.concurrent.LinkedBlockingDeque.take(LinkedBlockingDeque.java:680)
        at java.util.concurrent.ThreadPoolExecutor.getTask(ThreadPoolExecutor.java:1074)
        at java.util.concurrent.ThreadPoolExecutor.runWorker(ThreadPoolExecutor.java:1134)
        at java.util.concurrent.ThreadPoolExecutor$Worker.run(ThreadPoolExecutor.java:624)
        at java.lang.Thread.run(Thread.java:748)
"IPC Server handler 83 on default port 13035" daemon prio=5 tid=2174 timed_waiting
java.lang.Thread.State: TIMED_WAITING
        at sun.misc.Unsafe.park(Native Method)
        at java.util.concurrent.locks.LockSupport.parkNanos(LockSupport.java:215)
        at java.util.concurrent.locks.AbstractQueuedSynchronizer$ConditionObject.awaitNanos(AbstractQueuedSynchronizer.java:2078)
        at java.util.concurrent.LinkedBlockingQueue.poll(LinkedBlockingQueue.java:467)
        at org.apache.hadoop.ipc.CallQueueManager.take(CallQueueManager.java:317)
        at org.apache.hadoop.ipc.Server$Handler.run(Server.java:2932)
"Datanode ReportManager Thread - 0" daemon prio=5 tid=1689 in Object.wait()
java.lang.Thread.State: WAITING (on object monitor)
        at sun.misc.Unsafe.park(Native Method)
        at java.util.concurrent.locks.LockSupport.park(LockSupport.java:175)
        at java.util.concurrent.locks.AbstractQueuedSynchronizer$ConditionObject.await(AbstractQueuedSynchronizer.java:2039)
        at java.util.concurrent.ScheduledThreadPoolExecutor$DelayedWorkQueue.take(ScheduledThreadPoolExecutor.java:1088)
        at java.util.concurrent.ScheduledThreadPoolExecutor$DelayedWorkQueue.take(ScheduledThreadPoolExecutor.java:809)
        at java.util.concurrent.ThreadPoolExecutor.getTask(ThreadPoolExecutor.java:1074)
        at java.util.concurrent.ThreadPoolExecutor.runWorker(ThreadPoolExecutor.java:1134)
        at java.util.concurrent.ThreadPoolExecutor$Worker.run(ThreadPoolExecutor.java:624)
        at java.lang.Thread.run(Thread.java:748)
"IPC Server handler 38 on default port 13033" daemon prio=5 tid=2348 timed_waiting
java.lang.Thread.State: TIMED_WAITING
        at sun.misc.Unsafe.park(Native Method)
        at java.util.concurrent.locks.LockSupport.parkNanos(LockSupport.java:215)
        at java.util.concurrent.locks.AbstractQueuedSynchronizer$ConditionObject.awaitNanos(AbstractQueuedSynchronizer.java:2078)
        at java.util.concurrent.LinkedBlockingQueue.poll(LinkedBlockingQueue.java:467)
        at org.apache.hadoop.ipc.CallQueueManager.take(CallQueueManager.java:317)
        at org.apache.hadoop.ipc.Server$Handler.run(Server.java:2932)
"qtp1813996673-2608" daemon prio=5 tid=2608 timed_waiting
java.lang.Thread.State: TIMED_WAITING
        at sun.misc.Unsafe.park(Native Method)
        at java.util.concurrent.locks.LockSupport.parkNanos(LockSupport.java:215)
        at java.util.concurrent.locks.AbstractQueuedSynchronizer$ConditionObject.awaitNanos(AbstractQueuedSynchronizer.java:2078)
        at org.eclipse.jetty.util.BlockingArrayQueue.poll(BlockingArrayQueue.java:382)
        at org.eclipse.jetty.util.thread.QueuedThreadPool$Runner.idleJobPoll(QueuedThreadPool.java:974)
        at org.eclipse.jetty.util.thread.QueuedThreadPool$Runner.run(QueuedThreadPool.java:1018)
        at java.lang.Thread.run(Thread.java:748)
"ChunkWriter-3-0" daemon prio=5 tid=2700 in Object.wait()
java.lang.Thread.State: WAITING (on object monitor)
        at sun.misc.Unsafe.park(Native Method)
        at java.util.concurrent.locks.LockSupport.park(LockSupport.java:175)
        at java.util.concurrent.locks.AbstractQueuedSynchronizer$ConditionObject.await(AbstractQueuedSynchronizer.java:2039)
        at java.util.concurrent.LinkedBlockingDeque.takeFirst(LinkedBlockingDeque.java:492)
        at java.util.concurrent.LinkedBlockingDeque.take(LinkedBlockingDeque.java:680)
        at java.util.concurrent.ThreadPoolExecutor.getTask(ThreadPoolExecutor.java:1074)
        at java.util.concurrent.ThreadPoolExecutor.runWorker(ThreadPoolExecutor.java:1134)
        at java.util.concurrent.ThreadPoolExecutor$Worker.run(ThreadPoolExecutor.java:624)
        at java.lang.Thread.run(Thread.java:748)
"Socket Reader #1 for port 11132"  prio=5 tid=2556 runnable
java.lang.Thread.State: RUNNABLE
        at sun.nio.ch.EPollArrayWrapper.epollWait(Native Method)
        at sun.nio.ch.EPollArrayWrapper.poll(EPollArrayWrapper.java:269)
        at sun.nio.ch.EPollSelectorImpl.doSelect(EPollSelectorImpl.java:93)
        at sun.nio.ch.SelectorImpl.lockAndDoSelect(SelectorImpl.java:86)
        at sun.nio.ch.SelectorImpl.select(SelectorImpl.java:97)
        at sun.nio.ch.SelectorImpl.select(SelectorImpl.java:101)
        at org.apache.hadoop.ipc.Server$Listener$Reader.doRunLoop(Server.java:1288)
        at org.apache.hadoop.ipc.Server$Listener$Reader.run(Server.java:1267)
"Datanode ReportManager Thread - 2" daemon prio=5 tid=2616 in Object.wait()
java.lang.Thread.State: WAITING (on object monitor)
        at sun.misc.Unsafe.park(Native Method)
        at java.util.concurrent.locks.LockSupport.park(LockSupport.java:175)
        at java.util.concurrent.locks.AbstractQueuedSynchronizer$ConditionObject.await(AbstractQueuedSynchronizer.java:2039)
        at java.util.concurrent.ScheduledThreadPoolExecutor$DelayedWorkQueue.take(ScheduledThreadPoolExecutor.java:1088)
        at java.util.concurrent.ScheduledThreadPoolExecutor$DelayedWorkQueue.take(ScheduledThreadPoolExecutor.java:809)
        at java.util.concurrent.ThreadPoolExecutor.getTask(ThreadPoolExecutor.java:1074)
        at java.util.concurrent.ThreadPoolExecutor.runWorker(ThreadPoolExecutor.java:1134)
        at java.util.concurrent.ThreadPoolExecutor$Worker.run(ThreadPoolExecutor.java:624)
        at java.lang.Thread.run(Thread.java:748)
"IPC Server handler 26 on default port 13033" daemon prio=5 tid=2336 timed_waiting
java.lang.Thread.State: TIMED_WAITING
        at sun.misc.Unsafe.park(Native Method)
        at java.util.concurrent.locks.LockSupport.parkNanos(LockSupport.java:215)
        at java.util.concurrent.locks.AbstractQueuedSynchronizer$ConditionObject.awaitNanos(AbstractQueuedSynchronizer.java:2078)
        at java.util.concurrent.LinkedBlockingQueue.poll(LinkedBlockingQueue.java:467)
        at org.apache.hadoop.ipc.CallQueueManager.take(CallQueueManager.java:317)
        at org.apache.hadoop.ipc.Server$Handler.run(Server.java:2932)
"Periodic HDDS volume checker" daemon prio=5 tid=2598 timed_waiting
java.lang.Thread.State: TIMED_WAITING
        at sun.misc.Unsafe.park(Native Method)
        at java.util.concurrent.locks.LockSupport.parkNanos(LockSupport.java:215)
        at java.util.concurrent.locks.AbstractQueuedSynchronizer$ConditionObject.awaitNanos(AbstractQueuedSynchronizer.java:2078)
        at java.util.concurrent.ScheduledThreadPoolExecutor$DelayedWorkQueue.take(ScheduledThreadPoolExecutor.java:1093)
        at java.util.concurrent.ScheduledThreadPoolExecutor$DelayedWorkQueue.take(ScheduledThreadPoolExecutor.java:809)
        at java.util.concurrent.ThreadPoolExecutor.getTask(ThreadPoolExecutor.java:1074)
        at java.util.concurrent.ThreadPoolExecutor.runWorker(ThreadPoolExecutor.java:1134)
        at java.util.concurrent.ThreadPoolExecutor$Worker.run(ThreadPoolExecutor.java:624)
        at java.lang.Thread.run(Thread.java:748)
"Datanode State Machine Task Thread - 2"  prio=5 tid=2706 in Object.wait()
java.lang.Thread.State: WAITING (on object monitor)
        at sun.misc.Unsafe.park(Native Method)
        at java.util.concurrent.locks.LockSupport.park(LockSupport.java:175)
        at java.util.concurrent.locks.AbstractQueuedSynchronizer$ConditionObject.await(AbstractQueuedSynchronizer.java:2039)
        at java.util.concurrent.LinkedBlockingQueue.take(LinkedBlockingQueue.java:442)
        at java.util.concurrent.ThreadPoolExecutor.getTask(ThreadPoolExecutor.java:1074)
        at java.util.concurrent.ThreadPoolExecutor.runWorker(ThreadPoolExecutor.java:1134)
        at java.util.concurrent.ThreadPoolExecutor$Worker.run(ThreadPoolExecutor.java:624)
        at java.lang.Thread.run(Thread.java:748)
"IPC Server handler 24 on default port 13035" daemon prio=5 tid=2115 timed_waiting
java.lang.Thread.State: TIMED_WAITING
        at sun.misc.Unsafe.park(Native Method)
        at java.util.concurrent.locks.LockSupport.parkNanos(LockSupport.java:215)
        at java.util.concurrent.locks.AbstractQueuedSynchronizer$ConditionObject.awaitNanos(AbstractQueuedSynchronizer.java:2078)
        at java.util.concurrent.LinkedBlockingQueue.poll(LinkedBlockingQueue.java:467)
        at org.apache.hadoop.ipc.CallQueueManager.take(CallQueueManager.java:317)
        at org.apache.hadoop.ipc.Server$Handler.run(Server.java:2932)
"Datanode State Machine Task Thread - 0"  prio=5 tid=2621 in Object.wait()
java.lang.Thread.State: WAITING (on object monitor)
        at sun.misc.Unsafe.park(Native Method)
        at java.util.concurrent.locks.LockSupport.park(LockSupport.java:175)
        at java.util.concurrent.locks.AbstractQueuedSynchronizer$ConditionObject.await(AbstractQueuedSynchronizer.java:2039)
        at java.util.concurrent.LinkedBlockingQueue.take(LinkedBlockingQueue.java:442)
        at java.util.concurrent.ThreadPoolExecutor.getTask(ThreadPoolExecutor.java:1074)
        at java.util.concurrent.ThreadPoolExecutor.runWorker(ThreadPoolExecutor.java:1134)
        at java.util.concurrent.ThreadPoolExecutor$Worker.run(ThreadPoolExecutor.java:624)
        at java.lang.Thread.run(Thread.java:748)
"IPC Server handler 2 on default port 13045" daemon prio=5 tid=2479 timed_waiting
java.lang.Thread.State: TIMED_WAITING
        at sun.misc.Unsafe.park(Native Method)
        at java.util.concurrent.locks.LockSupport.parkNanos(LockSupport.java:215)
        at java.util.concurrent.locks.AbstractQueuedSynchronizer$ConditionObject.awaitNanos(AbstractQueuedSynchronizer.java:2078)
        at java.util.concurrent.LinkedBlockingQueue.poll(LinkedBlockingQueue.java:467)
        at org.apache.hadoop.ipc.CallQueueManager.take(CallQueueManager.java:317)
        at org.apache.hadoop.ipc.Server$Handler.run(Server.java:2932)
"IPC Server handler 12 on default port 13043" daemon prio=5 tid=2467 timed_waiting
java.lang.Thread.State: TIMED_WAITING
        at sun.misc.Unsafe.park(Native Method)
        at java.util.concurrent.locks.LockSupport.parkNanos(LockSupport.java:215)
        at java.util.concurrent.locks.AbstractQueuedSynchronizer$ConditionObject.awaitNanos(AbstractQueuedSynchronizer.java:2078)
        at java.util.concurrent.LinkedBlockingQueue.poll(LinkedBlockingQueue.java:467)
        at org.apache.hadoop.ipc.CallQueueManager.take(CallQueueManager.java:317)
        at org.apache.hadoop.ipc.Server$Handler.run(Server.java:2932)
"IPC Server handler 6 on default port 13033" daemon prio=5 tid=2316 timed_waiting
java.lang.Thread.State: TIMED_WAITING
        at sun.misc.Unsafe.park(Native Method)
        at java.util.concurrent.locks.LockSupport.parkNanos(LockSupport.java:215)
        at java.util.concurrent.locks.AbstractQueuedSynchronizer$ConditionObject.awaitNanos(AbstractQueuedSynchronizer.java:2078)
        at java.util.concurrent.LinkedBlockingQueue.poll(LinkedBlockingQueue.java:467)
        at org.apache.hadoop.ipc.CallQueueManager.take(CallQueueManager.java:317)
        at org.apache.hadoop.ipc.Server$Handler.run(Server.java:2932)
"Session-HouseKeeper-3c91189-1"  prio=5 tid=2665 timed_waiting
java.lang.Thread.State: TIMED_WAITING
        at sun.misc.Unsafe.park(Native Method)
        at java.util.concurrent.locks.LockSupport.parkNanos(LockSupport.java:215)
        at java.util.concurrent.locks.AbstractQueuedSynchronizer$ConditionObject.awaitNanos(AbstractQueuedSynchronizer.java:2078)
        at java.util.concurrent.ScheduledThreadPoolExecutor$DelayedWorkQueue.take(ScheduledThreadPoolExecutor.java:1093)
        at java.util.concurrent.ScheduledThreadPoolExecutor$DelayedWorkQueue.take(ScheduledThreadPoolExecutor.java:809)
        at java.util.concurrent.ThreadPoolExecutor.getTask(ThreadPoolExecutor.java:1074)
        at java.util.concurrent.ThreadPoolExecutor.runWorker(ThreadPoolExecutor.java:1134)
        at java.util.concurrent.ThreadPoolExecutor$Worker.run(ThreadPoolExecutor.java:624)
        at java.lang.Thread.run(Thread.java:748)
"Socket Reader #1 for port 13054"  prio=5 tid=2542 runnable
java.lang.Thread.State: RUNNABLE
        at sun.nio.ch.EPollArrayWrapper.epollWait(Native Method)
        at sun.nio.ch.EPollArrayWrapper.poll(EPollArrayWrapper.java:269)
        at sun.nio.ch.EPollSelectorImpl.doSelect(EPollSelectorImpl.java:93)
        at sun.nio.ch.SelectorImpl.lockAndDoSelect(SelectorImpl.java:86)
        at sun.nio.ch.SelectorImpl.select(SelectorImpl.java:97)
        at sun.nio.ch.SelectorImpl.select(SelectorImpl.java:101)
        at org.apache.hadoop.ipc.Server$Listener$Reader.doRunLoop(Server.java:1288)
        at org.apache.hadoop.ipc.Server$Listener$Reader.run(Server.java:1267)
"IPC Server handler 15 on default port 13035" daemon prio=5 tid=2106 timed_waiting
java.lang.Thread.State: TIMED_WAITING
        at sun.misc.Unsafe.park(Native Method)
        at java.util.concurrent.locks.LockSupport.parkNanos(LockSupport.java:215)
        at java.util.concurrent.locks.AbstractQueuedSynchronizer$ConditionObject.awaitNanos(AbstractQueuedSynchronizer.java:2078)
        at java.util.concurrent.LinkedBlockingQueue.poll(LinkedBlockingQueue.java:467)
        at org.apache.hadoop.ipc.CallQueueManager.take(CallQueueManager.java:317)
        at org.apache.hadoop.ipc.Server$Handler.run(Server.java:2932)
"ChunkWriter-0-0" daemon prio=5 tid=2697 in Object.wait()
java.lang.Thread.State: WAITING (on object monitor)
        at sun.misc.Unsafe.park(Native Method)
        at java.util.concurrent.locks.LockSupport.park(LockSupport.java:175)
        at java.util.concurrent.locks.AbstractQueuedSynchronizer$ConditionObject.await(AbstractQueuedSynchronizer.java:2039)
        at java.util.concurrent.LinkedBlockingDeque.takeFirst(LinkedBlockingDeque.java:492)
        at java.util.concurrent.LinkedBlockingDeque.take(LinkedBlockingDeque.java:680)
        at java.util.concurrent.ThreadPoolExecutor.getTask(ThreadPoolExecutor.java:1074)
        at java.util.concurrent.ThreadPoolExecutor.runWorker(ThreadPoolExecutor.java:1134)
        at java.util.concurrent.ThreadPoolExecutor$Worker.run(ThreadPoolExecutor.java:624)
        at java.lang.Thread.run(Thread.java:748)
"IPC Server handler 15 on default port 13033" daemon prio=5 tid=2325 timed_waiting
java.lang.Thread.State: TIMED_WAITING
        at sun.misc.Unsafe.park(Native Method)
        at java.util.concurrent.locks.LockSupport.parkNanos(LockSupport.java:215)
        at java.util.concurrent.locks.AbstractQueuedSynchronizer$ConditionObject.awaitNanos(AbstractQueuedSynchronizer.java:2078)
        at java.util.concurrent.LinkedBlockingQueue.poll(LinkedBlockingQueue.java:467)
        at org.apache.hadoop.ipc.CallQueueManager.take(CallQueueManager.java:317)
        at org.apache.hadoop.ipc.Server$Handler.run(Server.java:2932)
"IPC Server handler 74 on default port 13035" daemon prio=5 tid=2165 timed_waiting
java.lang.Thread.State: TIMED_WAITING
        at sun.misc.Unsafe.park(Native Method)
        at java.util.concurrent.locks.LockSupport.parkNanos(LockSupport.java:215)
        at java.util.concurrent.locks.AbstractQueuedSynchronizer$ConditionObject.awaitNanos(AbstractQueuedSynchronizer.java:2078)
        at java.util.concurrent.LinkedBlockingQueue.poll(LinkedBlockingQueue.java:467)
        at org.apache.hadoop.ipc.CallQueueManager.take(CallQueueManager.java:317)
        at org.apache.hadoop.ipc.Server$Handler.run(Server.java:2932)
"IPC Server handler 73 on default port 13035" daemon prio=5 tid=2164 timed_waiting
java.lang.Thread.State: TIMED_WAITING
        at sun.misc.Unsafe.park(Native Method)
        at java.util.concurrent.locks.LockSupport.parkNanos(LockSupport.java:215)
        at java.util.concurrent.locks.AbstractQueuedSynchronizer$ConditionObject.awaitNanos(AbstractQueuedSynchronizer.java:2078)
        at java.util.concurrent.LinkedBlockingQueue.poll(LinkedBlockingQueue.java:467)
        at org.apache.hadoop.ipc.CallQueueManager.take(CallQueueManager.java:317)
        at org.apache.hadoop.ipc.Server$Handler.run(Server.java:2932)
"Periodic HDDS volume checker" daemon prio=5 tid=2623 timed_waiting
java.lang.Thread.State: TIMED_WAITING
        at sun.misc.Unsafe.park(Native Method)
        at java.util.concurrent.locks.LockSupport.parkNanos(LockSupport.java:215)
        at java.util.concurrent.locks.AbstractQueuedSynchronizer$ConditionObject.awaitNanos(AbstractQueuedSynchronizer.java:2078)
        at java.util.concurrent.ScheduledThreadPoolExecutor$DelayedWorkQueue.take(ScheduledThreadPoolExecutor.java:1093)
        at java.util.concurrent.ScheduledThreadPoolExecutor$DelayedWorkQueue.take(ScheduledThreadPoolExecutor.java:809)
        at java.util.concurrent.ThreadPoolExecutor.getTask(ThreadPoolExecutor.java:1074)
        at java.util.concurrent.ThreadPoolExecutor.runWorker(ThreadPoolExecutor.java:1134)
        at java.util.concurrent.ThreadPoolExecutor$Worker.run(ThreadPoolExecutor.java:624)
        at java.lang.Thread.run(Thread.java:748)
"IPC Server handler 50 on default port 13035" daemon prio=5 tid=2141 timed_waiting
java.lang.Thread.State: TIMED_WAITING
        at sun.misc.Unsafe.park(Native Method)
        at java.util.concurrent.locks.LockSupport.parkNanos(LockSupport.java:215)
        at java.util.concurrent.locks.AbstractQueuedSynchronizer$ConditionObject.awaitNanos(AbstractQueuedSynchronizer.java:2078)
        at java.util.concurrent.LinkedBlockingQueue.poll(LinkedBlockingQueue.java:467)
        at org.apache.hadoop.ipc.CallQueueManager.take(CallQueueManager.java:317)
        at org.apache.hadoop.ipc.Server$Handler.run(Server.java:2932)
"IPC Server handler 6 on default port 13043" daemon prio=5 tid=2461 timed_waiting
java.lang.Thread.State: TIMED_WAITING
        at sun.misc.Unsafe.park(Native Method)
        at java.util.concurrent.locks.LockSupport.parkNanos(LockSupport.java:215)
        at java.util.concurrent.locks.AbstractQueuedSynchronizer$ConditionObject.awaitNanos(AbstractQueuedSynchronizer.java:2078)
        at java.util.concurrent.LinkedBlockingQueue.poll(LinkedBlockingQueue.java:467)
        at org.apache.hadoop.ipc.CallQueueManager.take(CallQueueManager.java:317)
        at org.apache.hadoop.ipc.Server$Handler.run(Server.java:2932)
"IPC Server Responder" daemon prio=5 tid=2427 runnable
java.lang.Thread.State: RUNNABLE
        at sun.nio.ch.EPollArrayWrapper.epollWait(Native Method)
        at sun.nio.ch.EPollArrayWrapper.poll(EPollArrayWrapper.java:269)
        at sun.nio.ch.EPollSelectorImpl.doSelect(EPollSelectorImpl.java:93)
        at sun.nio.ch.SelectorImpl.lockAndDoSelect(SelectorImpl.java:86)
        at sun.nio.ch.SelectorImpl.select(SelectorImpl.java:97)
        at org.apache.hadoop.ipc.Server$Responder.doRunLoop(Server.java:1527)
        at org.apache.hadoop.ipc.Server$Responder.run(Server.java:1510)
"IPC Server handler 12 on default port 13035" daemon prio=5 tid=2103 timed_waiting
java.lang.Thread.State: TIMED_WAITING
        at sun.misc.Unsafe.park(Native Method)
        at java.util.concurrent.locks.LockSupport.parkNanos(LockSupport.java:215)
        at java.util.concurrent.locks.AbstractQueuedSynchronizer$ConditionObject.awaitNanos(AbstractQueuedSynchronizer.java:2078)
        at java.util.concurrent.LinkedBlockingQueue.poll(LinkedBlockingQueue.java:467)
        at org.apache.hadoop.ipc.CallQueueManager.take(CallQueueManager.java:317)
        at org.apache.hadoop.ipc.Server$Handler.run(Server.java:2932)
"Datanode ReportManager Thread - 1" daemon prio=5 tid=2615 in Object.wait()
java.lang.Thread.State: WAITING (on object monitor)
        at sun.misc.Unsafe.park(Native Method)
        at java.util.concurrent.locks.LockSupport.park(LockSupport.java:175)
        at java.util.concurrent.locks.AbstractQueuedSynchronizer$ConditionObject.await(AbstractQueuedSynchronizer.java:2039)
        at java.util.concurrent.ScheduledThreadPoolExecutor$DelayedWorkQueue.take(ScheduledThreadPoolExecutor.java:1088)
        at java.util.concurrent.ScheduledThreadPoolExecutor$DelayedWorkQueue.take(ScheduledThreadPoolExecutor.java:809)
        at java.util.concurrent.ThreadPoolExecutor.getTask(ThreadPoolExecutor.java:1074)
        at java.util.concurrent.ThreadPoolExecutor.runWorker(ThreadPoolExecutor.java:1134)
        at java.util.concurrent.ThreadPoolExecutor$Worker.run(ThreadPoolExecutor.java:624)
        at java.lang.Thread.run(Thread.java:748)
"IPC Server handler 3 on default port 13043" daemon prio=5 tid=2458 timed_waiting
java.lang.Thread.State: TIMED_WAITING
        at sun.misc.Unsafe.park(Native Method)
        at java.util.concurrent.locks.LockSupport.parkNanos(LockSupport.java:215)
        at java.util.concurrent.locks.AbstractQueuedSynchronizer$ConditionObject.awaitNanos(AbstractQueuedSynchronizer.java:2078)
        at java.util.concurrent.LinkedBlockingQueue.poll(LinkedBlockingQueue.java:467)
        at org.apache.hadoop.ipc.CallQueueManager.take(CallQueueManager.java:317)
        at org.apache.hadoop.ipc.Server$Handler.run(Server.java:2932)
"Datanode ReportManager Thread - 1" daemon prio=5 tid=564 in Object.wait()
java.lang.Thread.State: WAITING (on object monitor)
        at sun.misc.Unsafe.park(Native Method)
        at java.util.concurrent.locks.LockSupport.park(LockSupport.java:175)
        at java.util.concurrent.locks.AbstractQueuedSynchronizer$ConditionObject.await(AbstractQueuedSynchronizer.java:2039)
        at java.util.concurrent.ScheduledThreadPoolExecutor$DelayedWorkQueue.take(ScheduledThreadPoolExecutor.java:1088)
        at java.util.concurrent.ScheduledThreadPoolExecutor$DelayedWorkQueue.take(ScheduledThreadPoolExecutor.java:809)
        at java.util.concurrent.ThreadPoolExecutor.getTask(ThreadPoolExecutor.java:1074)
        at java.util.concurrent.ThreadPoolExecutor.runWorker(ThreadPoolExecutor.java:1134)
        at java.util.concurrent.ThreadPoolExecutor$Worker.run(ThreadPoolExecutor.java:624)
        at java.lang.Thread.run(Thread.java:748)
"qtp1029395488-2301" daemon prio=5 tid=2301 timed_waiting
java.lang.Thread.State: TIMED_WAITING
        at sun.misc.Unsafe.park(Native Method)
        at java.util.concurrent.locks.LockSupport.parkNanos(LockSupport.java:215)
        at java.util.concurrent.locks.AbstractQueuedSynchronizer$ConditionObject.awaitNanos(AbstractQueuedSynchronizer.java:2078)
        at org.eclipse.jetty.util.BlockingArrayQueue.poll(BlockingArrayQueue.java:382)
        at org.eclipse.jetty.util.thread.QueuedThreadPool$Runner.idleJobPoll(QueuedThreadPool.java:974)
        at org.eclipse.jetty.util.thread.QueuedThreadPool$Runner.run(QueuedThreadPool.java:1018)
        at java.lang.Thread.run(Thread.java:748)
"pool-428-thread-1"  prio=5 tid=2519 timed_waiting
java.lang.Thread.State: TIMED_WAITING
        at sun.misc.Unsafe.park(Native Method)
        at java.util.concurrent.locks.LockSupport.parkNanos(LockSupport.java:215)
        at java.util.concurrent.locks.AbstractQueuedSynchronizer$ConditionObject.awaitNanos(AbstractQueuedSynchronizer.java:2078)
        at java.util.concurrent.ScheduledThreadPoolExecutor$DelayedWorkQueue.take(ScheduledThreadPoolExecutor.java:1093)
        at java.util.concurrent.ScheduledThreadPoolExecutor$DelayedWorkQueue.take(ScheduledThreadPoolExecutor.java:809)
        at java.util.concurrent.ThreadPoolExecutor.getTask(ThreadPoolExecutor.java:1074)
        at java.util.concurrent.ThreadPoolExecutor.runWorker(ThreadPoolExecutor.java:1134)
        at java.util.concurrent.ThreadPoolExecutor$Worker.run(ThreadPoolExecutor.java:624)
        at java.lang.Thread.run(Thread.java:748)
"IPC Server handler 13 on default port 13035" daemon prio=5 tid=2104 timed_waiting
java.lang.Thread.State: TIMED_WAITING
        at sun.misc.Unsafe.park(Native Method)
        at java.util.concurrent.locks.LockSupport.parkNanos(LockSupport.java:215)
        at java.util.concurrent.locks.AbstractQueuedSynchronizer$ConditionObject.awaitNanos(AbstractQueuedSynchronizer.java:2078)
        at java.util.concurrent.LinkedBlockingQueue.poll(LinkedBlockingQueue.java:467)
        at org.apache.hadoop.ipc.CallQueueManager.take(CallQueueManager.java:317)
        at org.apache.hadoop.ipc.Server$Handler.run(Server.java:2932)
"Timer for 'StorageContainerManager' metrics system" daemon prio=5 tid=2088 timed_waiting
java.lang.Thread.State: TIMED_WAITING
        at java.lang.Object.wait(Native Method)
        at java.util.TimerThread.mainLoop(Timer.java:552)
        at java.util.TimerThread.run(Timer.java:505)
"Datanode ReportManager Thread - 0" daemon prio=5 tid=563 in Object.wait()
java.lang.Thread.State: WAITING (on object monitor)
        at sun.misc.Unsafe.park(Native Method)
        at java.util.concurrent.locks.LockSupport.park(LockSupport.java:175)
        at java.util.concurrent.locks.AbstractQueuedSynchronizer$ConditionObject.await(AbstractQueuedSynchronizer.java:2039)
        at java.util.concurrent.ScheduledThreadPoolExecutor$DelayedWorkQueue.take(ScheduledThreadPoolExecutor.java:1088)
        at java.util.concurrent.ScheduledThreadPoolExecutor$DelayedWorkQueue.take(ScheduledThreadPoolExecutor.java:809)
        at java.util.concurrent.ThreadPoolExecutor.getTask(ThreadPoolExecutor.java:1074)
        at java.util.concurrent.ThreadPoolExecutor.runWorker(ThreadPoolExecutor.java:1134)
        at java.util.concurrent.ThreadPoolExecutor$Worker.run(ThreadPoolExecutor.java:624)
        at java.lang.Thread.run(Thread.java:748)
"IPC Server handler 71 on default port 13033" daemon prio=5 tid=2381 timed_waiting
java.lang.Thread.State: TIMED_WAITING
        at sun.misc.Unsafe.park(Native Method)
        at java.util.concurrent.locks.LockSupport.parkNanos(LockSupport.java:215)
        at java.util.concurrent.locks.AbstractQueuedSynchronizer$ConditionObject.awaitNanos(AbstractQueuedSynchronizer.java:2078)
        at java.util.concurrent.LinkedBlockingQueue.poll(LinkedBlockingQueue.java:467)
        at org.apache.hadoop.ipc.CallQueueManager.take(CallQueueManager.java:317)
        at org.apache.hadoop.ipc.Server$Handler.run(Server.java:2932)
"qtp1613570136-2521-acceptor-0@214bdb54-ServerConnector@57dd604b{HTTP/1.1, (http/1.1)}{0.0.0.0:13040}" daemon prio=3 tid=2521 runnable
java.lang.Thread.State: RUNNABLE
        at sun.nio.ch.ServerSocketChannelImpl.accept0(Native Method)
        at sun.nio.ch.ServerSocketChannelImpl.accept(ServerSocketChannelImpl.java:421)
        at sun.nio.ch.ServerSocketChannelImpl.accept(ServerSocketChannelImpl.java:249)
        at org.eclipse.jetty.server.ServerConnector.accept(ServerConnector.java:388)
        at org.eclipse.jetty.server.AbstractConnector$Acceptor.run(AbstractConnector.java:702)
        at org.eclipse.jetty.util.thread.QueuedThreadPool.runJob(QueuedThreadPool.java:883)
        at org.eclipse.jetty.util.thread.QueuedThreadPool$Runner.run(QueuedThreadPool.java:1034)
        at java.lang.Thread.run(Thread.java:748)
"IPC Client (685606790) connection to /127.0.0.1:13043 from runner" daemon prio=5 tid=2678 timed_waiting
java.lang.Thread.State: TIMED_WAITING
        at java.lang.Object.wait(Native Method)
        at org.apache.hadoop.ipc.Client$Connection.waitForWork(Client.java:1053)
        at org.apache.hadoop.ipc.Client$Connection.run(Client.java:1097)
"IPC Server handler 55 on default port 13035" daemon prio=5 tid=2146 timed_waiting
java.lang.Thread.State: TIMED_WAITING
        at sun.misc.Unsafe.park(Native Method)
        at java.util.concurrent.locks.LockSupport.parkNanos(LockSupport.java:215)
        at java.util.concurrent.locks.AbstractQueuedSynchronizer$ConditionObject.awaitNanos(AbstractQueuedSynchronizer.java:2078)
        at java.util.concurrent.LinkedBlockingQueue.poll(LinkedBlockingQueue.java:467)
        at org.apache.hadoop.ipc.CallQueueManager.take(CallQueueManager.java:317)
        at org.apache.hadoop.ipc.Server$Handler.run(Server.java:2932)
"IPC Server handler 91 on default port 13033" daemon prio=5 tid=2401 timed_waiting
java.lang.Thread.State: TIMED_WAITING
        at sun.misc.Unsafe.park(Native Method)
        at java.util.concurrent.locks.LockSupport.parkNanos(LockSupport.java:215)
        at java.util.concurrent.locks.AbstractQueuedSynchronizer$ConditionObject.awaitNanos(AbstractQueuedSynchronizer.java:2078)
        at java.util.concurrent.LinkedBlockingQueue.poll(LinkedBlockingQueue.java:467)
        at org.apache.hadoop.ipc.CallQueueManager.take(CallQueueManager.java:317)
        at org.apache.hadoop.ipc.Server$Handler.run(Server.java:2932)
"IPC Server handler 52 on default port 13035" daemon prio=5 tid=2143 timed_waiting
java.lang.Thread.State: TIMED_WAITING
        at sun.misc.Unsafe.park(Native Method)
        at java.util.concurrent.locks.LockSupport.parkNanos(LockSupport.java:215)
        at java.util.concurrent.locks.AbstractQueuedSynchronizer$ConditionObject.awaitNanos(AbstractQueuedSynchronizer.java:2078)
        at java.util.concurrent.LinkedBlockingQueue.poll(LinkedBlockingQueue.java:467)
        at org.apache.hadoop.ipc.CallQueueManager.take(CallQueueManager.java:317)
        at org.apache.hadoop.ipc.Server$Handler.run(Server.java:2932)
"Signal Dispatcher" daemon prio=9 tid=4 runnable
java.lang.Thread.State: RUNNABLE
"DatanodeAdminManager-0" daemon prio=5 tid=2536 timed_waiting
java.lang.Thread.State: TIMED_WAITING
        at sun.misc.Unsafe.park(Native Method)
        at java.util.concurrent.locks.LockSupport.parkNanos(LockSupport.java:215)
        at java.util.concurrent.locks.AbstractQueuedSynchronizer$ConditionObject.awaitNanos(AbstractQueuedSynchronizer.java:2078)
        at java.util.concurrent.ScheduledThreadPoolExecutor$DelayedWorkQueue.take(ScheduledThreadPoolExecutor.java:1093)
        at java.util.concurrent.ScheduledThreadPoolExecutor$DelayedWorkQueue.take(ScheduledThreadPoolExecutor.java:809)
        at java.util.concurrent.ThreadPoolExecutor.getTask(ThreadPoolExecutor.java:1074)
        at java.util.concurrent.ThreadPoolExecutor.runWorker(ThreadPoolExecutor.java:1134)
        at java.util.concurrent.ThreadPoolExecutor$Worker.run(ThreadPoolExecutor.java:624)
        at java.lang.Thread.run(Thread.java:748)
"IPC Server handler 11 on default port 13044" daemon prio=5 tid=2508 timed_waiting
java.lang.Thread.State: TIMED_WAITING
        at sun.misc.Unsafe.park(Native Method)
        at java.util.concurrent.locks.LockSupport.parkNanos(LockSupport.java:215)
        at java.util.concurrent.locks.AbstractQueuedSynchronizer$ConditionObject.awaitNanos(AbstractQueuedSynchronizer.java:2078)
        at java.util.concurrent.LinkedBlockingQueue.poll(LinkedBlockingQueue.java:467)
        at org.apache.hadoop.ipc.CallQueueManager.take(CallQueueManager.java:317)
        at org.apache.hadoop.ipc.Server$Handler.run(Server.java:2932)
"ChunkWriter-1-0" daemon prio=5 tid=2698 in Object.wait()
java.lang.Thread.State: WAITING (on object monitor)
        at sun.misc.Unsafe.park(Native Method)
        at java.util.concurrent.locks.LockSupport.park(LockSupport.java:175)
        at java.util.concurrent.locks.AbstractQueuedSynchronizer$ConditionObject.await(AbstractQueuedSynchronizer.java:2039)
        at java.util.concurrent.LinkedBlockingDeque.takeFirst(LinkedBlockingDeque.java:492)
        at java.util.concurrent.LinkedBlockingDeque.take(LinkedBlockingDeque.java:680)
        at java.util.concurrent.ThreadPoolExecutor.getTask(ThreadPoolExecutor.java:1074)
        at java.util.concurrent.ThreadPoolExecutor.runWorker(ThreadPoolExecutor.java:1134)
        at java.util.concurrent.ThreadPoolExecutor$Worker.run(ThreadPoolExecutor.java:624)
        at java.lang.Thread.run(Thread.java:748)
"IPC Server handler 20 on default port 13034" daemon prio=5 tid=2211 timed_waiting
java.lang.Thread.State: TIMED_WAITING
        at sun.misc.Unsafe.park(Native Method)
        at java.util.concurrent.locks.LockSupport.parkNanos(LockSupport.java:215)
        at java.util.concurrent.locks.AbstractQueuedSynchronizer$ConditionObject.awaitNanos(AbstractQueuedSynchronizer.java:2078)
        at java.util.concurrent.LinkedBlockingQueue.poll(LinkedBlockingQueue.java:467)
        at org.apache.hadoop.ipc.CallQueueManager.take(CallQueueManager.java:317)
        at org.apache.hadoop.ipc.Server$Handler.run(Server.java:2932)
"IPC Server handler 86 on default port 13035" daemon prio=5 tid=2177 timed_waiting
java.lang.Thread.State: TIMED_WAITING
        at sun.misc.Unsafe.park(Native Method)
        at java.util.concurrent.locks.LockSupport.parkNanos(LockSupport.java:215)
        at java.util.concurrent.locks.AbstractQueuedSynchronizer$ConditionObject.awaitNanos(AbstractQueuedSynchronizer.java:2078)
        at java.util.concurrent.LinkedBlockingQueue.poll(LinkedBlockingQueue.java:467)
        at org.apache.hadoop.ipc.CallQueueManager.take(CallQueueManager.java:317)
        at org.apache.hadoop.ipc.Server$Handler.run(Server.java:2932)
"IPC Server handler 92 on default port 13033" daemon prio=5 tid=2402 timed_waiting
java.lang.Thread.State: TIMED_WAITING
        at sun.misc.Unsafe.park(Native Method)
        at java.util.concurrent.locks.LockSupport.parkNanos(LockSupport.java:215)
        at java.util.concurrent.locks.AbstractQueuedSynchronizer$ConditionObject.awaitNanos(AbstractQueuedSynchronizer.java:2078)
        at java.util.concurrent.LinkedBlockingQueue.poll(LinkedBlockingQueue.java:467)
        at org.apache.hadoop.ipc.CallQueueManager.take(CallQueueManager.java:317)
        at org.apache.hadoop.ipc.Server$Handler.run(Server.java:2932)
"Datanode ReportManager Thread - 1" daemon prio=5 tid=2643 in Object.wait()
java.lang.Thread.State: WAITING (on object monitor)
        at sun.misc.Unsafe.park(Native Method)
        at java.util.concurrent.locks.LockSupport.park(LockSupport.java:175)
        at java.util.concurrent.locks.AbstractQueuedSynchronizer$ConditionObject.await(AbstractQueuedSynchronizer.java:2039)
        at java.util.concurrent.ScheduledThreadPoolExecutor$DelayedWorkQueue.take(ScheduledThreadPoolExecutor.java:1088)
        at java.util.concurrent.ScheduledThreadPoolExecutor$DelayedWorkQueue.take(ScheduledThreadPoolExecutor.java:809)
        at java.util.concurrent.ThreadPoolExecutor.getTask(ThreadPoolExecutor.java:1074)
        at java.util.concurrent.ThreadPoolExecutor.runWorker(ThreadPoolExecutor.java:1134)
        at java.util.concurrent.ThreadPoolExecutor$Worker.run(ThreadPoolExecutor.java:624)
        at java.lang.Thread.run(Thread.java:748)
"IPC Server listener on 13045" daemon prio=5 tid=2432 runnable
java.lang.Thread.State: RUNNABLE
        at sun.nio.ch.EPollArrayWrapper.epollWait(Native Method)
        at sun.nio.ch.EPollArrayWrapper.poll(EPollArrayWrapper.java:269)
        at sun.nio.ch.EPollSelectorImpl.doSelect(EPollSelectorImpl.java:93)
        at sun.nio.ch.SelectorImpl.lockAndDoSelect(SelectorImpl.java:86)
        at sun.nio.ch.SelectorImpl.select(SelectorImpl.java:97)
        at sun.nio.ch.SelectorImpl.select(SelectorImpl.java:101)
        at org.apache.hadoop.ipc.Server$Listener.run(Server.java:1350)
"IPC Server handler 63 on default port 13033" daemon prio=5 tid=2373 timed_waiting
java.lang.Thread.State: TIMED_WAITING
        at sun.misc.Unsafe.park(Native Method)
        at java.util.concurrent.locks.LockSupport.parkNanos(LockSupport.java:215)
        at java.util.concurrent.locks.AbstractQueuedSynchronizer$ConditionObject.awaitNanos(AbstractQueuedSynchronizer.java:2078)
        at java.util.concurrent.LinkedBlockingQueue.poll(LinkedBlockingQueue.java:467)
        at org.apache.hadoop.ipc.CallQueueManager.take(CallQueueManager.java:317)
        at org.apache.hadoop.ipc.Server$Handler.run(Server.java:2932)
"EventQueue-PipelineReportForPipelineReportHandler" daemon prio=5 tid=2415 in Object.wait()
java.lang.Thread.State: WAITING (on object monitor)
        at sun.misc.Unsafe.park(Native Method)
        at java.util.concurrent.locks.LockSupport.park(LockSupport.java:175)
        at java.util.concurrent.locks.AbstractQueuedSynchronizer$ConditionObject.await(AbstractQueuedSynchronizer.java:2039)
        at java.util.concurrent.LinkedBlockingQueue.take(LinkedBlockingQueue.java:442)
        at java.util.concurrent.ThreadPoolExecutor.getTask(ThreadPoolExecutor.java:1074)
        at java.util.concurrent.ThreadPoolExecutor.runWorker(ThreadPoolExecutor.java:1134)
        at java.util.concurrent.ThreadPoolExecutor$Worker.run(ThreadPoolExecutor.java:624)
        at java.lang.Thread.run(Thread.java:748)
"IPC Server handler 41 on default port 13033" daemon prio=5 tid=2351 timed_waiting
java.lang.Thread.State: TIMED_WAITING
        at sun.misc.Unsafe.park(Native Method)
        at java.util.concurrent.locks.LockSupport.parkNanos(LockSupport.java:215)
        at java.util.concurrent.locks.AbstractQueuedSynchronizer$ConditionObject.awaitNanos(AbstractQueuedSynchronizer.java:2078)
        at java.util.concurrent.LinkedBlockingQueue.poll(LinkedBlockingQueue.java:467)
        at org.apache.hadoop.ipc.CallQueueManager.take(CallQueueManager.java:317)
        at org.apache.hadoop.ipc.Server$Handler.run(Server.java:2932)
"IPC Server handler 29 on default port 13035" daemon prio=5 tid=2120 timed_waiting
java.lang.Thread.State: TIMED_WAITING
        at sun.misc.Unsafe.park(Native Method)
        at java.util.concurrent.locks.LockSupport.parkNanos(LockSupport.java:215)
        at java.util.concurrent.locks.AbstractQueuedSynchronizer$ConditionObject.awaitNanos(AbstractQueuedSynchronizer.java:2078)
        at java.util.concurrent.LinkedBlockingQueue.poll(LinkedBlockingQueue.java:467)
        at org.apache.hadoop.ipc.CallQueueManager.take(CallQueueManager.java:317)
        at org.apache.hadoop.ipc.Server$Handler.run(Server.java:2932)
"pool-394-thread-1"  prio=5 tid=2293 timed_waiting
java.lang.Thread.State: TIMED_WAITING
        at sun.misc.Unsafe.park(Native Method)
        at java.util.concurrent.locks.LockSupport.parkNanos(LockSupport.java:215)
        at java.util.concurrent.locks.AbstractQueuedSynchronizer$ConditionObject.awaitNanos(AbstractQueuedSynchronizer.java:2078)
        at java.util.concurrent.ScheduledThreadPoolExecutor$DelayedWorkQueue.take(ScheduledThreadPoolExecutor.java:1093)
        at java.util.concurrent.ScheduledThreadPoolExecutor$DelayedWorkQueue.take(ScheduledThreadPoolExecutor.java:809)
        at java.util.concurrent.ThreadPoolExecutor.getTask(ThreadPoolExecutor.java:1074)
        at java.util.concurrent.ThreadPoolExecutor.runWorker(ThreadPoolExecutor.java:1134)
        at java.util.concurrent.ThreadPoolExecutor$Worker.run(ThreadPoolExecutor.java:624)
        at java.lang.Thread.run(Thread.java:748)
"IPC Server handler 62 on default port 13034" daemon prio=5 tid=2253 timed_waiting
java.lang.Thread.State: TIMED_WAITING
        at sun.misc.Unsafe.park(Native Method)
        at java.util.concurrent.locks.LockSupport.parkNanos(LockSupport.java:215)
        at java.util.concurrent.locks.AbstractQueuedSynchronizer$ConditionObject.awaitNanos(AbstractQueuedSynchronizer.java:2078)
        at java.util.concurrent.LinkedBlockingQueue.poll(LinkedBlockingQueue.java:467)
        at org.apache.hadoop.ipc.CallQueueManager.take(CallQueueManager.java:317)
        at org.apache.hadoop.ipc.Server$Handler.run(Server.java:2932)
"EndpointStateMachine task thread for /127.0.0.1:12209 - 0 "  prio=5 tid=1782 in Object.wait()
java.lang.Thread.State: WAITING (on object monitor)
        at sun.misc.Unsafe.park(Native Method)
        at java.util.concurrent.locks.LockSupport.park(LockSupport.java:175)
        at java.util.concurrent.locks.AbstractQueuedSynchronizer$ConditionObject.await(AbstractQueuedSynchronizer.java:2039)
        at java.util.concurrent.LinkedBlockingQueue.take(LinkedBlockingQueue.java:442)
        at java.util.concurrent.ThreadPoolExecutor.getTask(ThreadPoolExecutor.java:1074)
        at java.util.concurrent.ThreadPoolExecutor.runWorker(ThreadPoolExecutor.java:1134)
        at java.util.concurrent.ThreadPoolExecutor$Worker.run(ThreadPoolExecutor.java:624)
        at java.lang.Thread.run(Thread.java:748)
"IPC Server handler 23 on default port 13035" daemon prio=5 tid=2114 timed_waiting
java.lang.Thread.State: TIMED_WAITING
        at sun.misc.Unsafe.park(Native Method)
        at java.util.concurrent.locks.LockSupport.parkNanos(LockSupport.java:215)
        at java.util.concurrent.locks.AbstractQueuedSynchronizer$ConditionObject.awaitNanos(AbstractQueuedSynchronizer.java:2078)
        at java.util.concurrent.LinkedBlockingQueue.poll(LinkedBlockingQueue.java:467)
        at org.apache.hadoop.ipc.CallQueueManager.take(CallQueueManager.java:317)
        at org.apache.hadoop.ipc.Server$Handler.run(Server.java:2932)
"EventQueue-PipelineReportForOneReplicaPipelineSafeModeRule" daemon prio=5 tid=2723 in Object.wait()
java.lang.Thread.State: WAITING (on object monitor)
        at sun.misc.Unsafe.park(Native Method)
        at java.util.concurrent.locks.LockSupport.park(LockSupport.java:175)
        at java.util.concurrent.locks.AbstractQueuedSynchronizer$ConditionObject.await(AbstractQueuedSynchronizer.java:2039)
        at java.util.concurrent.LinkedBlockingQueue.take(LinkedBlockingQueue.java:442)
        at java.util.concurrent.ThreadPoolExecutor.getTask(ThreadPoolExecutor.java:1074)
        at java.util.concurrent.ThreadPoolExecutor.runWorker(ThreadPoolExecutor.java:1134)
        at java.util.concurrent.ThreadPoolExecutor$Worker.run(ThreadPoolExecutor.java:624)
        at java.lang.Thread.run(Thread.java:748)
"IPC Server handler 17 on default port 13033" daemon prio=5 tid=2327 timed_waiting
java.lang.Thread.State: TIMED_WAITING
        at sun.misc.Unsafe.park(Native Method)
        at java.util.concurrent.locks.LockSupport.parkNanos(LockSupport.java:215)
        at java.util.concurrent.locks.AbstractQueuedSynchronizer$ConditionObject.awaitNanos(AbstractQueuedSynchronizer.java:2078)
        at java.util.concurrent.LinkedBlockingQueue.poll(LinkedBlockingQueue.java:467)
        at org.apache.hadoop.ipc.CallQueueManager.take(CallQueueManager.java:317)
        at org.apache.hadoop.ipc.Server$Handler.run(Server.java:2932)
"IPC Server handler 2 on default port 13043" daemon prio=5 tid=2457 timed_waiting
java.lang.Thread.State: TIMED_WAITING
        at sun.misc.Unsafe.park(Native Method)
        at java.util.concurrent.locks.LockSupport.parkNanos(LockSupport.java:215)
        at java.util.concurrent.locks.AbstractQueuedSynchronizer$ConditionObject.awaitNanos(AbstractQueuedSynchronizer.java:2078)
        at java.util.concurrent.LinkedBlockingQueue.poll(LinkedBlockingQueue.java:467)
        at org.apache.hadoop.ipc.CallQueueManager.take(CallQueueManager.java:317)
        at org.apache.hadoop.ipc.Server$Handler.run(Server.java:2932)
"IPC Server handler 78 on default port 13033" daemon prio=5 tid=2388 timed_waiting
java.lang.Thread.State: TIMED_WAITING
        at sun.misc.Unsafe.park(Native Method)
        at java.util.concurrent.locks.LockSupport.parkNanos(LockSupport.java:215)
        at java.util.concurrent.locks.AbstractQueuedSynchronizer$ConditionObject.awaitNanos(AbstractQueuedSynchronizer.java:2078)
        at java.util.concurrent.LinkedBlockingQueue.poll(LinkedBlockingQueue.java:467)
        at org.apache.hadoop.ipc.CallQueueManager.take(CallQueueManager.java:317)
        at org.apache.hadoop.ipc.Server$Handler.run(Server.java:2932)
"IPC Server handler 66 on default port 13034" daemon prio=5 tid=2257 timed_waiting
java.lang.Thread.State: TIMED_WAITING
        at sun.misc.Unsafe.park(Native Method)
        at java.util.concurrent.locks.LockSupport.parkNanos(LockSupport.java:215)
        at java.util.concurrent.locks.AbstractQueuedSynchronizer$ConditionObject.awaitNanos(AbstractQueuedSynchronizer.java:2078)
        at java.util.concurrent.LinkedBlockingQueue.poll(LinkedBlockingQueue.java:467)
        at org.apache.hadoop.ipc.CallQueueManager.take(CallQueueManager.java:317)
        at org.apache.hadoop.ipc.Server$Handler.run(Server.java:2932)
"IPC Server handler 33 on default port 13033" daemon prio=5 tid=2343 timed_waiting
java.lang.Thread.State: TIMED_WAITING
        at sun.misc.Unsafe.park(Native Method)
        at java.util.concurrent.locks.LockSupport.parkNanos(LockSupport.java:215)
        at java.util.concurrent.locks.AbstractQueuedSynchronizer$ConditionObject.awaitNanos(AbstractQueuedSynchronizer.java:2078)
        at java.util.concurrent.LinkedBlockingQueue.poll(LinkedBlockingQueue.java:467)
        at org.apache.hadoop.ipc.CallQueueManager.take(CallQueueManager.java:317)
        at org.apache.hadoop.ipc.Server$Handler.run(Server.java:2932)
"IPC Server handler 4 on default port 13034" daemon prio=5 tid=2195 timed_waiting
java.lang.Thread.State: TIMED_WAITING
        at sun.misc.Unsafe.park(Native Method)
        at java.util.concurrent.locks.LockSupport.parkNanos(LockSupport.java:215)
        at java.util.concurrent.locks.AbstractQueuedSynchronizer$ConditionObject.awaitNanos(AbstractQueuedSynchronizer.java:2078)
        at java.util.concurrent.LinkedBlockingQueue.poll(LinkedBlockingQueue.java:467)
        at org.apache.hadoop.ipc.CallQueueManager.take(CallQueueManager.java:317)
        at org.apache.hadoop.ipc.Server$Handler.run(Server.java:2932)
"Timer-2"  prio=5 tid=2563 timed_waiting
java.lang.Thread.State: TIMED_WAITING
        at java.lang.Object.wait(Native Method)
        at java.util.TimerThread.mainLoop(Timer.java:552)
        at java.util.TimerThread.run(Timer.java:505)
"qtp1813996673-2607" daemon prio=5 tid=2607 timed_waiting
java.lang.Thread.State: TIMED_WAITING
        at sun.misc.Unsafe.park(Native Method)
        at java.util.concurrent.locks.LockSupport.parkNanos(LockSupport.java:215)
        at java.util.concurrent.locks.AbstractQueuedSynchronizer$ConditionObject.awaitNanos(AbstractQueuedSynchronizer.java:2078)
        at org.eclipse.jetty.util.BlockingArrayQueue.poll(BlockingArrayQueue.java:382)
        at org.eclipse.jetty.util.thread.QueuedThreadPool$Runner.idleJobPoll(QueuedThreadPool.java:974)
        at org.eclipse.jetty.util.thread.QueuedThreadPool$Runner.run(QueuedThreadPool.java:1018)
        at java.lang.Thread.run(Thread.java:748)
"IPC Server handler 17 on default port 13045" daemon prio=5 tid=2494 timed_waiting
java.lang.Thread.State: TIMED_WAITING
        at sun.misc.Unsafe.park(Native Method)
        at java.util.concurrent.locks.LockSupport.parkNanos(LockSupport.java:215)
        at java.util.concurrent.locks.AbstractQueuedSynchronizer$ConditionObject.awaitNanos(AbstractQueuedSynchronizer.java:2078)
        at java.util.concurrent.LinkedBlockingQueue.poll(LinkedBlockingQueue.java:467)
        at org.apache.hadoop.ipc.CallQueueManager.take(CallQueueManager.java:317)
        at org.apache.hadoop.ipc.Server$Handler.run(Server.java:2932)
"IPC Server handler 90 on default port 13034" daemon prio=5 tid=2281 timed_waiting
java.lang.Thread.State: TIMED_WAITING
        at sun.misc.Unsafe.park(Native Method)
        at java.util.concurrent.locks.LockSupport.parkNanos(LockSupport.java:215)
        at java.util.concurrent.locks.AbstractQueuedSynchronizer$ConditionObject.awaitNanos(AbstractQueuedSynchronizer.java:2078)
        at java.util.concurrent.LinkedBlockingQueue.poll(LinkedBlockingQueue.java:467)
        at org.apache.hadoop.ipc.CallQueueManager.take(CallQueueManager.java:317)
        at org.apache.hadoop.ipc.Server$Handler.run(Server.java:2932)
"IPC Server handler 57 on default port 13033" daemon prio=5 tid=2367 timed_waiting
java.lang.Thread.State: TIMED_WAITING
        at sun.misc.Unsafe.park(Native Method)
        at java.util.concurrent.locks.LockSupport.parkNanos(LockSupport.java:215)
        at java.util.concurrent.locks.AbstractQueuedSynchronizer$ConditionObject.awaitNanos(AbstractQueuedSynchronizer.java:2078)
        at java.util.concurrent.LinkedBlockingQueue.poll(LinkedBlockingQueue.java:467)
        at org.apache.hadoop.ipc.CallQueueManager.take(CallQueueManager.java:317)
        at org.apache.hadoop.ipc.Server$Handler.run(Server.java:2932)
"IPC Server handler 4 on default port 13045" daemon prio=5 tid=2481 timed_waiting
java.lang.Thread.State: TIMED_WAITING
        at sun.misc.Unsafe.park(Native Method)
        at java.util.concurrent.locks.LockSupport.parkNanos(LockSupport.java:215)
        at java.util.concurrent.locks.AbstractQueuedSynchronizer$ConditionObject.awaitNanos(AbstractQueuedSynchronizer.java:2078)
        at java.util.concurrent.LinkedBlockingQueue.poll(LinkedBlockingQueue.java:467)
        at org.apache.hadoop.ipc.CallQueueManager.take(CallQueueManager.java:317)
        at org.apache.hadoop.ipc.Server$Handler.run(Server.java:2932)
"IPC Server handler 16 on default port 11132" daemon prio=5 tid=2592 timed_waiting
java.lang.Thread.State: TIMED_WAITING
        at sun.misc.Unsafe.park(Native Method)
        at java.util.concurrent.locks.LockSupport.parkNanos(LockSupport.java:215)
        at java.util.concurrent.locks.AbstractQueuedSynchronizer$ConditionObject.awaitNanos(AbstractQueuedSynchronizer.java:2078)
        at java.util.concurrent.LinkedBlockingQueue.poll(LinkedBlockingQueue.java:467)
        at org.apache.hadoop.ipc.CallQueueManager.take(CallQueueManager.java:317)
        at org.apache.hadoop.ipc.Server$Handler.run(Server.java:2932)
"IPC Server handler 12 on default port 13045" daemon prio=5 tid=2489 timed_waiting
java.lang.Thread.State: TIMED_WAITING
        at sun.misc.Unsafe.park(Native Method)
        at java.util.concurrent.locks.LockSupport.parkNanos(LockSupport.java:215)
        at java.util.concurrent.locks.AbstractQueuedSynchronizer$ConditionObject.awaitNanos(AbstractQueuedSynchronizer.java:2078)
        at java.util.concurrent.LinkedBlockingQueue.poll(LinkedBlockingQueue.java:467)
        at org.apache.hadoop.ipc.CallQueueManager.take(CallQueueManager.java:317)
        at org.apache.hadoop.ipc.Server$Handler.run(Server.java:2932)
"IPC Server handler 97 on default port 13035" daemon prio=5 tid=2188 timed_waiting
java.lang.Thread.State: TIMED_WAITING
        at sun.misc.Unsafe.park(Native Method)
        at java.util.concurrent.locks.LockSupport.parkNanos(LockSupport.java:215)
        at java.util.concurrent.locks.AbstractQueuedSynchronizer$ConditionObject.awaitNanos(AbstractQueuedSynchronizer.java:2078)
        at java.util.concurrent.LinkedBlockingQueue.poll(LinkedBlockingQueue.java:467)
        at org.apache.hadoop.ipc.CallQueueManager.take(CallQueueManager.java:317)
        at org.apache.hadoop.ipc.Server$Handler.run(Server.java:2932)
"IPC Server handler 72 on default port 13035" daemon prio=5 tid=2163 timed_waiting
java.lang.Thread.State: TIMED_WAITING
        at sun.misc.Unsafe.park(Native Method)
        at java.util.concurrent.locks.LockSupport.parkNanos(LockSupport.java:215)
        at java.util.concurrent.locks.AbstractQueuedSynchronizer$ConditionObject.awaitNanos(AbstractQueuedSynchronizer.java:2078)
        at java.util.concurrent.LinkedBlockingQueue.poll(LinkedBlockingQueue.java:467)
        at org.apache.hadoop.ipc.CallQueueManager.take(CallQueueManager.java:317)
        at org.apache.hadoop.ipc.Server$Handler.run(Server.java:2932)
"7e7f778f-92a3-4c6a-870c-2544e6325884@group-1FC4E3DC1381-SegmentedRaftLogWorker"  prio=5 tid=2757 timed_waiting
java.lang.Thread.State: TIMED_WAITING
        at sun.misc.Unsafe.park(Native Method)
        at java.util.concurrent.locks.LockSupport.parkNanos(LockSupport.java:215)
        at java.util.concurrent.locks.AbstractQueuedSynchronizer$ConditionObject.awaitNanos(AbstractQueuedSynchronizer.java:2078)
        at org.apache.ratis.util.DataBlockingQueue.poll(DataBlockingQueue.java:137)
        at org.apache.ratis.server.raftlog.segmented.SegmentedRaftLogWorker.run(SegmentedRaftLogWorker.java:292)
        at org.apache.ratis.server.raftlog.segmented.SegmentedRaftLogWorker$$Lambda$435/2075927136.run(Unknown Source)
        at java.lang.Thread.run(Thread.java:748)
"IPC Server handler 10 on default port 13035" daemon prio=5 tid=2101 timed_waiting
java.lang.Thread.State: TIMED_WAITING
        at sun.misc.Unsafe.park(Native Method)
        at java.util.concurrent.locks.LockSupport.parkNanos(LockSupport.java:215)
        at java.util.concurrent.locks.AbstractQueuedSynchronizer$ConditionObject.awaitNanos(AbstractQueuedSynchronizer.java:2078)
        at java.util.concurrent.LinkedBlockingQueue.poll(LinkedBlockingQueue.java:467)
        at org.apache.hadoop.ipc.CallQueueManager.take(CallQueueManager.java:317)
        at org.apache.hadoop.ipc.Server$Handler.run(Server.java:2932)
"IPC Server handler 95 on default port 13034" daemon prio=5 tid=2286 timed_waiting
java.lang.Thread.State: TIMED_WAITING
        at sun.misc.Unsafe.park(Native Method)
        at java.util.concurrent.locks.LockSupport.parkNanos(LockSupport.java:215)
        at java.util.concurrent.locks.AbstractQueuedSynchronizer$ConditionObject.awaitNanos(AbstractQueuedSynchronizer.java:2078)
        at java.util.concurrent.LinkedBlockingQueue.poll(LinkedBlockingQueue.java:467)
        at org.apache.hadoop.ipc.CallQueueManager.take(CallQueueManager.java:317)
        at org.apache.hadoop.ipc.Server$Handler.run(Server.java:2932)
"IPC Server handler 14 on default port 13034" daemon prio=5 tid=2205 timed_waiting
java.lang.Thread.State: TIMED_WAITING
        at sun.misc.Unsafe.park(Native Method)
        at java.util.concurrent.locks.LockSupport.parkNanos(LockSupport.java:215)
        at java.util.concurrent.locks.AbstractQueuedSynchronizer$ConditionObject.awaitNanos(AbstractQueuedSynchronizer.java:2078)
        at java.util.concurrent.LinkedBlockingQueue.poll(LinkedBlockingQueue.java:467)
        at org.apache.hadoop.ipc.CallQueueManager.take(CallQueueManager.java:317)
        at org.apache.hadoop.ipc.Server$Handler.run(Server.java:2932)
"IPC Server handler 22 on default port 13035" daemon prio=5 tid=2113 timed_waiting
java.lang.Thread.State: TIMED_WAITING
        at sun.misc.Unsafe.park(Native Method)
        at java.util.concurrent.locks.LockSupport.parkNanos(LockSupport.java:215)
        at java.util.concurrent.locks.AbstractQueuedSynchronizer$ConditionObject.awaitNanos(AbstractQueuedSynchronizer.java:2078)
        at java.util.concurrent.LinkedBlockingQueue.poll(LinkedBlockingQueue.java:467)
        at org.apache.hadoop.ipc.CallQueueManager.take(CallQueueManager.java:317)
        at org.apache.hadoop.ipc.Server$Handler.run(Server.java:2932)
"EndpointStateMachine task thread for /127.0.0.1:13013 - 0 "  prio=5 tid=658 in Object.wait()
java.lang.Thread.State: WAITING (on object monitor)
        at sun.misc.Unsafe.park(Native Method)
        at java.util.concurrent.locks.LockSupport.park(LockSupport.java:175)
        at java.util.concurrent.locks.AbstractQueuedSynchronizer$ConditionObject.await(AbstractQueuedSynchronizer.java:2039)
        at java.util.concurrent.LinkedBlockingQueue.take(LinkedBlockingQueue.java:442)
        at java.util.concurrent.ThreadPoolExecutor.getTask(ThreadPoolExecutor.java:1074)
        at java.util.concurrent.ThreadPoolExecutor.runWorker(ThreadPoolExecutor.java:1134)
        at java.util.concurrent.ThreadPoolExecutor$Worker.run(ThreadPoolExecutor.java:624)
        at java.lang.Thread.run(Thread.java:748)
"BlockDeletingService#0" daemon prio=5 tid=2716 in Object.wait()
java.lang.Thread.State: WAITING (on object monitor)
        at sun.misc.Unsafe.park(Native Method)
        at java.util.concurrent.locks.LockSupport.park(LockSupport.java:175)
        at java.util.concurrent.locks.AbstractQueuedSynchronizer$ConditionObject.await(AbstractQueuedSynchronizer.java:2039)
        at java.util.concurrent.ScheduledThreadPoolExecutor$DelayedWorkQueue.take(ScheduledThreadPoolExecutor.java:1088)
        at java.util.concurrent.ScheduledThreadPoolExecutor$DelayedWorkQueue.take(ScheduledThreadPoolExecutor.java:809)
        at java.util.concurrent.ThreadPoolExecutor.getTask(ThreadPoolExecutor.java:1074)
        at java.util.concurrent.ThreadPoolExecutor.runWorker(ThreadPoolExecutor.java:1134)
        at java.util.concurrent.ThreadPoolExecutor$Worker.run(ThreadPoolExecutor.java:624)
        at java.lang.Thread.run(Thread.java:748)
"d262ff89-3d5e-4ab4-981f-dc8616a3cc4b@group-5B58ED6D724D-SegmentedRaftLogWorker"  prio=5 tid=2737 timed_waiting
java.lang.Thread.State: TIMED_WAITING
        at sun.misc.Unsafe.park(Native Method)
        at java.util.concurrent.locks.LockSupport.parkNanos(LockSupport.java:215)
        at java.util.concurrent.locks.AbstractQueuedSynchronizer$ConditionObject.awaitNanos(AbstractQueuedSynchronizer.java:2078)
        at org.apache.ratis.util.DataBlockingQueue.poll(DataBlockingQueue.java:137)
        at org.apache.ratis.server.raftlog.segmented.SegmentedRaftLogWorker.run(SegmentedRaftLogWorker.java:292)
        at org.apache.ratis.server.raftlog.segmented.SegmentedRaftLogWorker$$Lambda$435/2075927136.run(Unknown Source)
        at java.lang.Thread.run(Thread.java:748)
"ChunkWriter-1-0" daemon prio=5 tid=2712 in Object.wait()
java.lang.Thread.State: WAITING (on object monitor)
        at sun.misc.Unsafe.park(Native Method)
        at java.util.concurrent.locks.LockSupport.park(LockSupport.java:175)
        at java.util.concurrent.locks.AbstractQueuedSynchronizer$ConditionObject.await(AbstractQueuedSynchronizer.java:2039)
        at java.util.concurrent.LinkedBlockingDeque.takeFirst(LinkedBlockingDeque.java:492)
        at java.util.concurrent.LinkedBlockingDeque.take(LinkedBlockingDeque.java:680)
        at java.util.concurrent.ThreadPoolExecutor.getTask(ThreadPoolExecutor.java:1074)
        at java.util.concurrent.ThreadPoolExecutor.runWorker(ThreadPoolExecutor.java:1134)
        at java.util.concurrent.ThreadPoolExecutor$Worker.run(ThreadPoolExecutor.java:624)
        at java.lang.Thread.run(Thread.java:748)
"IPC Server handler 15 on default port 13044" daemon prio=5 tid=2512 timed_waiting
java.lang.Thread.State: TIMED_WAITING
        at sun.misc.Unsafe.park(Native Method)
        at java.util.concurrent.locks.LockSupport.parkNanos(LockSupport.java:215)
        at java.util.concurrent.locks.AbstractQueuedSynchronizer$ConditionObject.awaitNanos(AbstractQueuedSynchronizer.java:2078)
        at java.util.concurrent.LinkedBlockingQueue.poll(LinkedBlockingQueue.java:467)
        at org.apache.hadoop.ipc.CallQueueManager.take(CallQueueManager.java:317)
        at org.apache.hadoop.ipc.Server$Handler.run(Server.java:2932)
"Datanode ReportManager Thread - 3" daemon prio=5 tid=591 timed_waiting
java.lang.Thread.State: TIMED_WAITING
        at sun.misc.Unsafe.park(Native Method)
        at java.util.concurrent.locks.LockSupport.parkNanos(LockSupport.java:215)
        at java.util.concurrent.locks.AbstractQueuedSynchronizer$ConditionObject.awaitNanos(AbstractQueuedSynchronizer.java:2078)
        at java.util.concurrent.ScheduledThreadPoolExecutor$DelayedWorkQueue.take(ScheduledThreadPoolExecutor.java:1093)
        at java.util.concurrent.ScheduledThreadPoolExecutor$DelayedWorkQueue.take(ScheduledThreadPoolExecutor.java:809)
        at java.util.concurrent.ThreadPoolExecutor.getTask(ThreadPoolExecutor.java:1074)
        at java.util.concurrent.ThreadPoolExecutor.runWorker(ThreadPoolExecutor.java:1134)
        at java.util.concurrent.ThreadPoolExecutor$Worker.run(ThreadPoolExecutor.java:624)
        at java.lang.Thread.run(Thread.java:748)
"IPC Server handler 89 on default port 13033" daemon prio=5 tid=2399 timed_waiting
java.lang.Thread.State: TIMED_WAITING
        at sun.misc.Unsafe.park(Native Method)
        at java.util.concurrent.locks.LockSupport.parkNanos(LockSupport.java:215)
        at java.util.concurrent.locks.AbstractQueuedSynchronizer$ConditionObject.awaitNanos(AbstractQueuedSynchronizer.java:2078)
        at java.util.concurrent.LinkedBlockingQueue.poll(LinkedBlockingQueue.java:467)
        at org.apache.hadoop.ipc.CallQueueManager.take(CallQueueManager.java:317)
        at org.apache.hadoop.ipc.Server$Handler.run(Server.java:2932)
"IPC Server handler 17 on default port 13034" daemon prio=5 tid=2208 timed_waiting
java.lang.Thread.State: TIMED_WAITING
        at sun.misc.Unsafe.park(Native Method)
        at java.util.concurrent.locks.LockSupport.parkNanos(LockSupport.java:215)
        at java.util.concurrent.locks.AbstractQueuedSynchronizer$ConditionObject.awaitNanos(AbstractQueuedSynchronizer.java:2078)
        at java.util.concurrent.LinkedBlockingQueue.poll(LinkedBlockingQueue.java:467)
        at org.apache.hadoop.ipc.CallQueueManager.take(CallQueueManager.java:317)
        at org.apache.hadoop.ipc.Server$Handler.run(Server.java:2932)
"IPC Server handler 14 on default port 13033" daemon prio=5 tid=2324 timed_waiting
java.lang.Thread.State: TIMED_WAITING
        at sun.misc.Unsafe.park(Native Method)
        at java.util.concurrent.locks.LockSupport.parkNanos(LockSupport.java:215)
        at java.util.concurrent.locks.AbstractQueuedSynchronizer$ConditionObject.awaitNanos(AbstractQueuedSynchronizer.java:2078)
        at java.util.concurrent.LinkedBlockingQueue.poll(LinkedBlockingQueue.java:467)
        at org.apache.hadoop.ipc.CallQueueManager.take(CallQueueManager.java:317)
        at org.apache.hadoop.ipc.Server$Handler.run(Server.java:2932)
"IPC Server handler 39 on default port 13035" daemon prio=5 tid=2130 timed_waiting
java.lang.Thread.State: TIMED_WAITING
        at sun.misc.Unsafe.park(Native Method)
        at java.util.concurrent.locks.LockSupport.parkNanos(LockSupport.java:215)
        at java.util.concurrent.locks.AbstractQueuedSynchronizer$ConditionObject.awaitNanos(AbstractQueuedSynchronizer.java:2078)
        at java.util.concurrent.LinkedBlockingQueue.poll(LinkedBlockingQueue.java:467)
        at org.apache.hadoop.ipc.CallQueueManager.take(CallQueueManager.java:317)
        at org.apache.hadoop.ipc.Server$Handler.run(Server.java:2932)
"IPC Server handler 10 on default port 13034" daemon prio=5 tid=2201 timed_waiting
java.lang.Thread.State: TIMED_WAITING
        at sun.misc.Unsafe.park(Native Method)
        at java.util.concurrent.locks.LockSupport.parkNanos(LockSupport.java:215)
        at java.util.concurrent.locks.AbstractQueuedSynchronizer$ConditionObject.awaitNanos(AbstractQueuedSynchronizer.java:2078)
        at java.util.concurrent.LinkedBlockingQueue.poll(LinkedBlockingQueue.java:467)
        at org.apache.hadoop.ipc.CallQueueManager.take(CallQueueManager.java:317)
        at org.apache.hadoop.ipc.Server$Handler.run(Server.java:2932)
"IPC Server handler 57 on default port 13034" daemon prio=5 tid=2248 timed_waiting
java.lang.Thread.State: TIMED_WAITING
        at sun.misc.Unsafe.park(Native Method)
        at java.util.concurrent.locks.LockSupport.parkNanos(LockSupport.java:215)
        at java.util.concurrent.locks.AbstractQueuedSynchronizer$ConditionObject.awaitNanos(AbstractQueuedSynchronizer.java:2078)
        at java.util.concurrent.LinkedBlockingQueue.poll(LinkedBlockingQueue.java:467)
        at org.apache.hadoop.ipc.CallQueueManager.take(CallQueueManager.java:317)
        at org.apache.hadoop.ipc.Server$Handler.run(Server.java:2932)
"IPC Server handler 81 on default port 13034" daemon prio=5 tid=2272 timed_waiting
java.lang.Thread.State: TIMED_WAITING
        at sun.misc.Unsafe.park(Native Method)
        at java.util.concurrent.locks.LockSupport.parkNanos(LockSupport.java:215)
        at java.util.concurrent.locks.AbstractQueuedSynchronizer$ConditionObject.awaitNanos(AbstractQueuedSynchronizer.java:2078)
        at java.util.concurrent.LinkedBlockingQueue.poll(LinkedBlockingQueue.java:467)
        at org.apache.hadoop.ipc.CallQueueManager.take(CallQueueManager.java:317)
        at org.apache.hadoop.ipc.Server$Handler.run(Server.java:2932)
"pool-520-thread-1"  prio=5 tid=2748 in Object.wait()
java.lang.Thread.State: WAITING (on object monitor)
        at sun.misc.Unsafe.park(Native Method)
        at java.util.concurrent.locks.LockSupport.park(LockSupport.java:175)
        at java.util.concurrent.locks.AbstractQueuedSynchronizer$ConditionObject.await(AbstractQueuedSynchronizer.java:2039)
        at java.util.concurrent.LinkedBlockingQueue.take(LinkedBlockingQueue.java:442)
        at java.util.concurrent.ThreadPoolExecutor.getTask(ThreadPoolExecutor.java:1074)
        at java.util.concurrent.ThreadPoolExecutor.runWorker(ThreadPoolExecutor.java:1134)
        at java.util.concurrent.ThreadPoolExecutor$Worker.run(ThreadPoolExecutor.java:624)
        at java.lang.Thread.run(Thread.java:748)
"org.apache.hadoop.ozone.container.common.statemachine.commandhandler.DeleteBlocksCommandHandler$DeleteCmdWorker@3dba2e0b" daemon prio=5 tid=2655 timed_waiting
java.lang.Thread.State: TIMED_WAITING
        at java.lang.Thread.sleep(Native Method)
        at org.apache.hadoop.ozone.container.common.statemachine.commandhandler.DeleteBlocksCommandHandler$DeleteCmdWorker.run(DeleteBlocksCommandHandler.java:175)
        at java.lang.Thread.run(Thread.java:748)
"IPC Server handler 70 on default port 13035" daemon prio=5 tid=2161 timed_waiting
java.lang.Thread.State: TIMED_WAITING
        at sun.misc.Unsafe.park(Native Method)
        at java.util.concurrent.locks.LockSupport.parkNanos(LockSupport.java:215)
        at java.util.concurrent.locks.AbstractQueuedSynchronizer$ConditionObject.awaitNanos(AbstractQueuedSynchronizer.java:2078)
        at java.util.concurrent.LinkedBlockingQueue.poll(LinkedBlockingQueue.java:467)
        at org.apache.hadoop.ipc.CallQueueManager.take(CallQueueManager.java:317)
        at org.apache.hadoop.ipc.Server$Handler.run(Server.java:2932)
"IPC Server handler 10 on default port 13044" daemon prio=5 tid=2507 timed_waiting
java.lang.Thread.State: TIMED_WAITING
        at sun.misc.Unsafe.park(Native Method)
        at java.util.concurrent.locks.LockSupport.parkNanos(LockSupport.java:215)
        at java.util.concurrent.locks.AbstractQueuedSynchronizer$ConditionObject.awaitNanos(AbstractQueuedSynchronizer.java:2078)
        at java.util.concurrent.LinkedBlockingQueue.poll(LinkedBlockingQueue.java:467)
        at org.apache.hadoop.ipc.CallQueueManager.take(CallQueueManager.java:317)
        at org.apache.hadoop.ipc.Server$Handler.run(Server.java:2932)
"IPC Server handler 84 on default port 13033" daemon prio=5 tid=2394 timed_waiting
java.lang.Thread.State: TIMED_WAITING
        at sun.misc.Unsafe.park(Native Method)
        at java.util.concurrent.locks.LockSupport.parkNanos(LockSupport.java:215)
        at java.util.concurrent.locks.AbstractQueuedSynchronizer$ConditionObject.awaitNanos(AbstractQueuedSynchronizer.java:2078)
        at java.util.concurrent.LinkedBlockingQueue.poll(LinkedBlockingQueue.java:467)
        at org.apache.hadoop.ipc.CallQueueManager.take(CallQueueManager.java:317)
        at org.apache.hadoop.ipc.Server$Handler.run(Server.java:2932)
"IPC Server handler 11 on default port 13035" daemon prio=5 tid=2102 timed_waiting
java.lang.Thread.State: TIMED_WAITING
        at sun.misc.Unsafe.park(Native Method)
        at java.util.concurrent.locks.LockSupport.parkNanos(LockSupport.java:215)
        at java.util.concurrent.locks.AbstractQueuedSynchronizer$ConditionObject.awaitNanos(AbstractQueuedSynchronizer.java:2078)
        at java.util.concurrent.LinkedBlockingQueue.poll(LinkedBlockingQueue.java:467)
        at org.apache.hadoop.ipc.CallQueueManager.take(CallQueueManager.java:317)
        at org.apache.hadoop.ipc.Server$Handler.run(Server.java:2932)
"EventQueue-NodeRegistrationContainerReportForDataNodeSafeModeRule" daemon prio=5 tid=2722 in Object.wait()
java.lang.Thread.State: WAITING (on object monitor)
        at sun.misc.Unsafe.park(Native Method)
        at java.util.concurrent.locks.LockSupport.park(LockSupport.java:175)
        at java.util.concurrent.locks.AbstractQueuedSynchronizer$ConditionObject.await(AbstractQueuedSynchronizer.java:2039)
        at java.util.concurrent.LinkedBlockingQueue.take(LinkedBlockingQueue.java:442)
        at java.util.concurrent.ThreadPoolExecutor.getTask(ThreadPoolExecutor.java:1074)
        at java.util.concurrent.ThreadPoolExecutor.runWorker(ThreadPoolExecutor.java:1134)
        at java.util.concurrent.ThreadPoolExecutor$Worker.run(ThreadPoolExecutor.java:624)
        at java.lang.Thread.run(Thread.java:748)
"org.apache.hadoop.ozone.container.common.statemachine.commandhandler.DeleteBlocksCommandHandler$DeleteCmdWorker@2219ca9f" daemon prio=5 tid=551 runnable
java.lang.Thread.State: RUNNABLE
        at java.lang.Thread.sleep(Native Method)
        at org.apache.hadoop.ozone.container.common.statemachine.commandhandler.DeleteBlocksCommandHandler$DeleteCmdWorker.run(DeleteBlocksCommandHandler.java:175)
        at java.lang.Thread.run(Thread.java:748)
"IPC Server handler 4 on default port 13044" daemon prio=5 tid=2501 timed_waiting
java.lang.Thread.State: TIMED_WAITING
        at sun.misc.Unsafe.park(Native Method)
        at java.util.concurrent.locks.LockSupport.parkNanos(LockSupport.java:215)
        at java.util.concurrent.locks.AbstractQueuedSynchronizer$ConditionObject.awaitNanos(AbstractQueuedSynchronizer.java:2078)
        at java.util.concurrent.LinkedBlockingQueue.poll(LinkedBlockingQueue.java:467)
        at org.apache.hadoop.ipc.CallQueueManager.take(CallQueueManager.java:317)
        at org.apache.hadoop.ipc.Server$Handler.run(Server.java:2932)
"Datanode ReportManager Thread - 4" daemon prio=5 tid=592 in Object.wait()
java.lang.Thread.State: WAITING (on object monitor)
        at sun.misc.Unsafe.park(Native Method)
        at java.util.concurrent.locks.LockSupport.park(LockSupport.java:175)
        at java.util.concurrent.locks.AbstractQueuedSynchronizer$ConditionObject.await(AbstractQueuedSynchronizer.java:2039)
        at java.util.concurrent.ScheduledThreadPoolExecutor$DelayedWorkQueue.take(ScheduledThreadPoolExecutor.java:1088)
        at java.util.concurrent.ScheduledThreadPoolExecutor$DelayedWorkQueue.take(ScheduledThreadPoolExecutor.java:809)
        at java.util.concurrent.ThreadPoolExecutor.getTask(ThreadPoolExecutor.java:1074)
        at java.util.concurrent.ThreadPoolExecutor.runWorker(ThreadPoolExecutor.java:1134)
        at java.util.concurrent.ThreadPoolExecutor$Worker.run(ThreadPoolExecutor.java:624)
        at java.lang.Thread.run(Thread.java:748)
"qtp708676185-2636" daemon prio=5 tid=2636 timed_waiting
java.lang.Thread.State: TIMED_WAITING
        at sun.misc.Unsafe.park(Native Method)
        at java.util.concurrent.locks.LockSupport.parkNanos(LockSupport.java:215)
        at java.util.concurrent.locks.AbstractQueuedSynchronizer$ConditionObject.awaitNanos(AbstractQueuedSynchronizer.java:2078)
        at org.eclipse.jetty.util.BlockingArrayQueue.poll(BlockingArrayQueue.java:382)
        at org.eclipse.jetty.util.thread.QueuedThreadPool$Runner.idleJobPoll(QueuedThreadPool.java:974)
        at org.eclipse.jetty.util.thread.QueuedThreadPool$Runner.run(QueuedThreadPool.java:1018)
        at java.lang.Thread.run(Thread.java:748)
"Datanode State Machine Task Thread - 3"  prio=5 tid=2693 timed_waiting
java.lang.Thread.State: TIMED_WAITING
        at sun.misc.Unsafe.park(Native Method)
        at java.util.concurrent.locks.LockSupport.parkNanos(LockSupport.java:215)
        at java.util.concurrent.FutureTask.awaitDone(FutureTask.java:426)
        at java.util.concurrent.FutureTask.get(FutureTask.java:204)
        at org.apache.hadoop.ozone.container.common.states.datanode.RunningDatanodeState.lambda$execute$0(RunningDatanodeState.java:149)
        at org.apache.hadoop.ozone.container.common.states.datanode.RunningDatanodeState$$Lambda$904/1783042161.call(Unknown Source)
        at java.util.concurrent.FutureTask.run(FutureTask.java:266)
        at java.util.concurrent.Executors$RunnableAdapter.call(Executors.java:511)
        at java.util.concurrent.FutureTask.run(FutureTask.java:266)
        at java.util.concurrent.ThreadPoolExecutor.runWorker(ThreadPoolExecutor.java:1149)
        at java.util.concurrent.ThreadPoolExecutor$Worker.run(ThreadPoolExecutor.java:624)
        at java.lang.Thread.run(Thread.java:748)
"pool-478-thread-1"  prio=5 tid=2736 in Object.wait()
java.lang.Thread.State: WAITING (on object monitor)
        at sun.misc.Unsafe.park(Native Method)
        at java.util.concurrent.locks.LockSupport.park(LockSupport.java:175)
        at java.util.concurrent.locks.AbstractQueuedSynchronizer$ConditionObject.await(AbstractQueuedSynchronizer.java:2039)
        at java.util.concurrent.LinkedBlockingQueue.take(LinkedBlockingQueue.java:442)
        at java.util.concurrent.ThreadPoolExecutor.getTask(ThreadPoolExecutor.java:1074)
        at java.util.concurrent.ThreadPoolExecutor.runWorker(ThreadPoolExecutor.java:1134)
        at java.util.concurrent.ThreadPoolExecutor$Worker.run(ThreadPoolExecutor.java:624)
        at java.lang.Thread.run(Thread.java:748)
"Datanode ReportManager Thread - 0" daemon prio=5 tid=1714 in Object.wait()
java.lang.Thread.State: WAITING (on object monitor)
        at sun.misc.Unsafe.park(Native Method)
        at java.util.concurrent.locks.LockSupport.park(LockSupport.java:175)
        at java.util.concurrent.locks.AbstractQueuedSynchronizer$ConditionObject.await(AbstractQueuedSynchronizer.java:2039)
        at java.util.concurrent.ScheduledThreadPoolExecutor$DelayedWorkQueue.take(ScheduledThreadPoolExecutor.java:1088)
        at java.util.concurrent.ScheduledThreadPoolExecutor$DelayedWorkQueue.take(ScheduledThreadPoolExecutor.java:809)
        at java.util.concurrent.ThreadPoolExecutor.getTask(ThreadPoolExecutor.java:1074)
        at java.util.concurrent.ThreadPoolExecutor.runWorker(ThreadPoolExecutor.java:1134)
        at java.util.concurrent.ThreadPoolExecutor$Worker.run(ThreadPoolExecutor.java:624)
        at java.lang.Thread.run(Thread.java:748)
"IPC Server handler 16 on default port 13044" daemon prio=5 tid=2513 timed_waiting
java.lang.Thread.State: TIMED_WAITING
        at sun.misc.Unsafe.park(Native Method)
        at java.util.concurrent.locks.LockSupport.parkNanos(LockSupport.java:215)
        at java.util.concurrent.locks.AbstractQueuedSynchronizer$ConditionObject.awaitNanos(AbstractQueuedSynchronizer.java:2078)
        at java.util.concurrent.LinkedBlockingQueue.poll(LinkedBlockingQueue.java:467)
        at org.apache.hadoop.ipc.CallQueueManager.take(CallQueueManager.java:317)
        at org.apache.hadoop.ipc.Server$Handler.run(Server.java:2932)
"ChunkWriter-1-0" daemon prio=5 tid=2685 in Object.wait()
java.lang.Thread.State: WAITING (on object monitor)
        at sun.misc.Unsafe.park(Native Method)
        at java.util.concurrent.locks.LockSupport.park(LockSupport.java:175)
        at java.util.concurrent.locks.AbstractQueuedSynchronizer$ConditionObject.await(AbstractQueuedSynchronizer.java:2039)
        at java.util.concurrent.LinkedBlockingDeque.takeFirst(LinkedBlockingDeque.java:492)
        at java.util.concurrent.LinkedBlockingDeque.take(LinkedBlockingDeque.java:680)
        at java.util.concurrent.ThreadPoolExecutor.getTask(ThreadPoolExecutor.java:1074)
        at java.util.concurrent.ThreadPoolExecutor.runWorker(ThreadPoolExecutor.java:1134)
        at java.util.concurrent.ThreadPoolExecutor$Worker.run(ThreadPoolExecutor.java:624)
        at java.lang.Thread.run(Thread.java:748)
"IPC Server handler 18 on default port 13045" daemon prio=5 tid=2495 timed_waiting
java.lang.Thread.State: TIMED_WAITING
        at sun.misc.Unsafe.park(Native Method)
        at java.util.concurrent.locks.LockSupport.parkNanos(LockSupport.java:215)
        at java.util.concurrent.locks.AbstractQueuedSynchronizer$ConditionObject.awaitNanos(AbstractQueuedSynchronizer.java:2078)
        at java.util.concurrent.LinkedBlockingQueue.poll(LinkedBlockingQueue.java:467)
        at org.apache.hadoop.ipc.CallQueueManager.take(CallQueueManager.java:317)
        at org.apache.hadoop.ipc.Server$Handler.run(Server.java:2932)
"IPC Server handler 34 on default port 13035" daemon prio=5 tid=2125 timed_waiting
java.lang.Thread.State: TIMED_WAITING
        at sun.misc.Unsafe.park(Native Method)
        at java.util.concurrent.locks.LockSupport.parkNanos(LockSupport.java:215)
        at java.util.concurrent.locks.AbstractQueuedSynchronizer$ConditionObject.awaitNanos(AbstractQueuedSynchronizer.java:2078)
        at java.util.concurrent.LinkedBlockingQueue.poll(LinkedBlockingQueue.java:467)
        at org.apache.hadoop.ipc.CallQueueManager.take(CallQueueManager.java:317)
        at org.apache.hadoop.ipc.Server$Handler.run(Server.java:2932)
"EndpointStateMachine task thread for /127.0.0.1:13053 - 0 "  prio=5 tid=2696 in Object.wait()
java.lang.Thread.State: WAITING (on object monitor)
        at java.lang.Object.wait(Native Method)
        at java.lang.Object.wait(Object.java:502)
        at org.apache.hadoop.util.concurrent.AsyncGet$Util.wait(AsyncGet.java:59)
        at org.apache.hadoop.ipc.Client.getRpcResponse(Client.java:1561)
        at org.apache.hadoop.ipc.Client.call(Client.java:1519)
        at org.apache.hadoop.ipc.Client.call(Client.java:1416)
        at org.apache.hadoop.ipc.ProtobufRpcEngine$Invoker.invoke(ProtobufRpcEngine.java:236)
        at org.apache.hadoop.ipc.ProtobufRpcEngine$Invoker.invoke(ProtobufRpcEngine.java:123)
        at com.sun.proxy.$Proxy48.submitRequest(Unknown Source)
        at org.apache.hadoop.ozone.protocolPB.StorageContainerDatanodeProtocolClientSideTranslatorPB.submitRequest(StorageContainerDatanodeProtocolClientSideTranslatorPB.java:117)
        at org.apache.hadoop.ozone.protocolPB.StorageContainerDatanodeProtocolClientSideTranslatorPB.getVersion(StorageContainerDatanodeProtocolClientSideTranslatorPB.java:133)
        at org.apache.hadoop.ozone.container.common.states.endpoint.VersionEndpointTask.call(VersionEndpointTask.java:71)
        at org.apache.hadoop.ozone.container.common.states.endpoint.VersionEndpointTask.call(VersionEndpointTask.java:42)
        at java.util.concurrent.FutureTask.run(FutureTask.java:266)
        at java.util.concurrent.ThreadPoolExecutor.runWorker(ThreadPoolExecutor.java:1149)
        at java.util.concurrent.ThreadPoolExecutor$Worker.run(ThreadPoolExecutor.java:624)
        at java.lang.Thread.run(Thread.java:748)
"EventQueue-DatanodeCommandForSCMNodeManager" daemon prio=5 tid=2416 in Object.wait()
java.lang.Thread.State: WAITING (on object monitor)
        at sun.misc.Unsafe.park(Native Method)
        at java.util.concurrent.locks.LockSupport.park(LockSupport.java:175)
        at java.util.concurrent.locks.AbstractQueuedSynchronizer$ConditionObject.await(AbstractQueuedSynchronizer.java:2039)
        at java.util.concurrent.LinkedBlockingQueue.take(LinkedBlockingQueue.java:442)
        at java.util.concurrent.ThreadPoolExecutor.getTask(ThreadPoolExecutor.java:1074)
        at java.util.concurrent.ThreadPoolExecutor.runWorker(ThreadPoolExecutor.java:1134)
        at java.util.concurrent.ThreadPoolExecutor$Worker.run(ThreadPoolExecutor.java:624)
        at java.lang.Thread.run(Thread.java:748)
"IPC Server handler 86 on default port 13034" daemon prio=5 tid=2277 timed_waiting
java.lang.Thread.State: TIMED_WAITING
        at sun.misc.Unsafe.park(Native Method)
        at java.util.concurrent.locks.LockSupport.parkNanos(LockSupport.java:215)
        at java.util.concurrent.locks.AbstractQueuedSynchronizer$ConditionObject.awaitNanos(AbstractQueuedSynchronizer.java:2078)
        at java.util.concurrent.LinkedBlockingQueue.poll(LinkedBlockingQueue.java:467)
        at org.apache.hadoop.ipc.CallQueueManager.take(CallQueueManager.java:317)
        at org.apache.hadoop.ipc.Server$Handler.run(Server.java:2932)
"DatanodeAdminManager-0" daemon prio=5 tid=2073 timed_waiting
java.lang.Thread.State: TIMED_WAITING
        at sun.misc.Unsafe.park(Native Method)
        at java.util.concurrent.locks.LockSupport.parkNanos(LockSupport.java:215)
        at java.util.concurrent.locks.AbstractQueuedSynchronizer$ConditionObject.awaitNanos(AbstractQueuedSynchronizer.java:2078)
        at java.util.concurrent.ScheduledThreadPoolExecutor$DelayedWorkQueue.take(ScheduledThreadPoolExecutor.java:1093)
        at java.util.concurrent.ScheduledThreadPoolExecutor$DelayedWorkQueue.take(ScheduledThreadPoolExecutor.java:809)
        at java.util.concurrent.ThreadPoolExecutor.getTask(ThreadPoolExecutor.java:1074)
        at java.util.concurrent.ThreadPoolExecutor.runWorker(ThreadPoolExecutor.java:1134)
        at java.util.concurrent.ThreadPoolExecutor$Worker.run(ThreadPoolExecutor.java:624)
        at java.lang.Thread.run(Thread.java:748)
"EndpointStateMachine task thread for /127.0.0.1:13033 - 0 "  prio=5 tid=646 in Object.wait()
java.lang.Thread.State: WAITING (on object monitor)
        at sun.misc.Unsafe.park(Native Method)
        at java.util.concurrent.locks.LockSupport.park(LockSupport.java:175)
        at java.util.concurrent.locks.AbstractQueuedSynchronizer$ConditionObject.await(AbstractQueuedSynchronizer.java:2039)
        at java.util.concurrent.LinkedBlockingQueue.take(LinkedBlockingQueue.java:442)
        at java.util.concurrent.ThreadPoolExecutor.getTask(ThreadPoolExecutor.java:1074)
        at java.util.concurrent.ThreadPoolExecutor.runWorker(ThreadPoolExecutor.java:1134)
        at java.util.concurrent.ThreadPoolExecutor$Worker.run(ThreadPoolExecutor.java:624)
        at java.lang.Thread.run(Thread.java:748)
"13676ba2-e17b-4a8f-9926-6ead84168abe@group-390751046F7B-SegmentedRaftLogWorker"  prio=5 tid=2418 timed_waiting
java.lang.Thread.State: TIMED_WAITING
        at sun.misc.Unsafe.park(Native Method)
        at java.util.concurrent.locks.LockSupport.parkNanos(LockSupport.java:215)
        at java.util.concurrent.locks.AbstractQueuedSynchronizer$ConditionObject.awaitNanos(AbstractQueuedSynchronizer.java:2078)
        at org.apache.ratis.util.DataBlockingQueue.poll(DataBlockingQueue.java:137)
        at org.apache.ratis.server.raftlog.segmented.SegmentedRaftLogWorker.run(SegmentedRaftLogWorker.java:292)
        at org.apache.ratis.server.raftlog.segmented.SegmentedRaftLogWorker$$Lambda$435/2075927136.run(Unknown Source)
        at java.lang.Thread.run(Thread.java:748)
"EndpointStateMachine task thread for /127.0.0.1:13033 - 0 "  prio=5 tid=2709 in Object.wait()
java.lang.Thread.State: WAITING (on object monitor)
        at sun.misc.Unsafe.park(Native Method)
        at java.util.concurrent.locks.LockSupport.park(LockSupport.java:175)
        at java.util.concurrent.locks.AbstractQueuedSynchronizer$ConditionObject.await(AbstractQueuedSynchronizer.java:2039)
        at java.util.concurrent.LinkedBlockingQueue.take(LinkedBlockingQueue.java:442)
        at java.util.concurrent.ThreadPoolExecutor.getTask(ThreadPoolExecutor.java:1074)
        at java.util.concurrent.ThreadPoolExecutor.runWorker(ThreadPoolExecutor.java:1134)
        at java.util.concurrent.ThreadPoolExecutor$Worker.run(ThreadPoolExecutor.java:624)
        at java.lang.Thread.run(Thread.java:748)
"qtp708676185-2632" daemon prio=5 tid=2632 timed_waiting
java.lang.Thread.State: TIMED_WAITING
        at sun.misc.Unsafe.park(Native Method)
        at java.util.concurrent.locks.LockSupport.parkNanos(LockSupport.java:215)
        at java.util.concurrent.locks.AbstractQueuedSynchronizer$ConditionObject.awaitNanos(AbstractQueuedSynchronizer.java:2078)
        at org.eclipse.jetty.util.BlockingArrayQueue.poll(BlockingArrayQueue.java:382)
        at org.eclipse.jetty.util.thread.QueuedThreadPool$Runner.idleJobPoll(QueuedThreadPool.java:974)
        at org.eclipse.jetty.util.thread.QueuedThreadPool$Runner.run(QueuedThreadPool.java:1018)
        at java.lang.Thread.run(Thread.java:748)
"org.apache.hadoop.util.JvmPauseMonitor$Monitor@2b6c86fc" daemon prio=5 tid=2648 timed_waiting
java.lang.Thread.State: TIMED_WAITING
        at java.lang.Thread.sleep(Native Method)
        at org.apache.hadoop.util.JvmPauseMonitor$Monitor.run(JvmPauseMonitor.java:192)
        at java.lang.Thread.run(Thread.java:748)
"qtp1613570136-2524" daemon prio=5 tid=2524 timed_waiting
java.lang.Thread.State: TIMED_WAITING
        at sun.misc.Unsafe.park(Native Method)
        at java.util.concurrent.locks.LockSupport.parkNanos(LockSupport.java:215)
        at java.util.concurrent.locks.AbstractQueuedSynchronizer$ConditionObject.awaitNanos(AbstractQueuedSynchronizer.java:2078)
        at org.eclipse.jetty.util.BlockingArrayQueue.poll(BlockingArrayQueue.java:382)
        at org.eclipse.jetty.util.thread.QueuedThreadPool$Runner.idleJobPoll(QueuedThreadPool.java:974)
        at org.eclipse.jetty.util.thread.QueuedThreadPool$Runner.run(QueuedThreadPool.java:1018)
        at java.lang.Thread.run(Thread.java:748)
"grpc-default-worker-ELG-7-2" daemon prio=5 tid=2441 runnable
java.lang.Thread.State: RUNNABLE
        at org.apache.ratis.thirdparty.io.netty.channel.epoll.Native.epollWait(Native Method)
        at org.apache.ratis.thirdparty.io.netty.channel.epoll.Native.epollWait(Native.java:177)
        at org.apache.ratis.thirdparty.io.netty.channel.epoll.Native.epollWait(Native.java:170)
        at org.apache.ratis.thirdparty.io.netty.channel.epoll.EpollEventLoop.epollWaitNoTimerChange(EpollEventLoop.java:290)
        at org.apache.ratis.thirdparty.io.netty.channel.epoll.EpollEventLoop.run(EpollEventLoop.java:347)
        at org.apache.ratis.thirdparty.io.netty.util.concurrent.SingleThreadEventExecutor$4.run(SingleThreadEventExecutor.java:989)
        at org.apache.ratis.thirdparty.io.netty.util.internal.ThreadExecutorMap$2.run(ThreadExecutorMap.java:74)
        at org.apache.ratis.thirdparty.io.netty.util.concurrent.FastThreadLocalRunnable.run(FastThreadLocalRunnable.java:30)
        at java.lang.Thread.run(Thread.java:748)
"IPC Server handler 56 on default port 13035" daemon prio=5 tid=2147 timed_waiting
java.lang.Thread.State: TIMED_WAITING
        at sun.misc.Unsafe.park(Native Method)
        at java.util.concurrent.locks.LockSupport.parkNanos(LockSupport.java:215)
        at java.util.concurrent.locks.AbstractQueuedSynchronizer$ConditionObject.awaitNanos(AbstractQueuedSynchronizer.java:2078)
        at java.util.concurrent.LinkedBlockingQueue.poll(LinkedBlockingQueue.java:467)
        at org.apache.hadoop.ipc.CallQueueManager.take(CallQueueManager.java:317)
        at org.apache.hadoop.ipc.Server$Handler.run(Server.java:2932)
"org.apache.hadoop.util.JvmPauseMonitor$Monitor@7103ba38" daemon prio=5 tid=2596 timed_waiting
java.lang.Thread.State: TIMED_WAITING
        at java.lang.Thread.sleep(Native Method)
        at org.apache.hadoop.util.JvmPauseMonitor$Monitor.run(JvmPauseMonitor.java:192)
        at java.lang.Thread.run(Thread.java:748)
"CommandWatcher-LeaseManager#LeaseMonitor" daemon prio=5 tid=2090 timed_waiting
java.lang.Thread.State: TIMED_WAITING
        at java.lang.Object.wait(Native Method)
        at org.apache.hadoop.ozone.lease.LeaseManager$LeaseMonitor.run(LeaseManager.java:238)
        at java.lang.Thread.run(Thread.java:748)
"Datanode ReportManager Thread - 1" daemon prio=5 tid=616 in Object.wait()
java.lang.Thread.State: WAITING (on object monitor)
        at sun.misc.Unsafe.park(Native Method)
        at java.util.concurrent.locks.LockSupport.park(LockSupport.java:175)
        at java.util.concurrent.locks.AbstractQueuedSynchronizer$ConditionObject.await(AbstractQueuedSynchronizer.java:2039)
        at java.util.concurrent.ScheduledThreadPoolExecutor$DelayedWorkQueue.take(ScheduledThreadPoolExecutor.java:1088)
        at java.util.concurrent.ScheduledThreadPoolExecutor$DelayedWorkQueue.take(ScheduledThreadPoolExecutor.java:809)
        at java.util.concurrent.ThreadPoolExecutor.getTask(ThreadPoolExecutor.java:1074)
        at java.util.concurrent.ThreadPoolExecutor.runWorker(ThreadPoolExecutor.java:1134)
        at java.util.concurrent.ThreadPoolExecutor$Worker.run(ThreadPoolExecutor.java:624)
        at java.lang.Thread.run(Thread.java:748)
"Datanode ReportManager Thread - 0" daemon prio=5 tid=615 timed_waiting
java.lang.Thread.State: TIMED_WAITING
        at sun.misc.Unsafe.park(Native Method)
        at java.util.concurrent.locks.LockSupport.parkNanos(LockSupport.java:215)
        at java.util.concurrent.locks.AbstractQueuedSynchronizer$ConditionObject.awaitNanos(AbstractQueuedSynchronizer.java:2078)
        at java.util.concurrent.ScheduledThreadPoolExecutor$DelayedWorkQueue.take(ScheduledThreadPoolExecutor.java:1093)
        at java.util.concurrent.ScheduledThreadPoolExecutor$DelayedWorkQueue.take(ScheduledThreadPoolExecutor.java:809)
        at java.util.concurrent.ThreadPoolExecutor.getTask(ThreadPoolExecutor.java:1074)
        at java.util.concurrent.ThreadPoolExecutor.runWorker(ThreadPoolExecutor.java:1134)
        at java.util.concurrent.ThreadPoolExecutor$Worker.run(ThreadPoolExecutor.java:624)
        at java.lang.Thread.run(Thread.java:748)
"7e7f778f-92a3-4c6a-870c-2544e6325884@group-1FC4E3DC1381-StateMachineUpdater" daemon prio=5 tid=2758 in Object.wait()
java.lang.Thread.State: WAITING (on object monitor)
        at java.lang.Object.wait(Native Method)
        at java.lang.Object.wait(Object.java:502)
        at org.apache.ratis.server.impl.StateMachineUpdater.waitForCommit(StateMachineUpdater.java:204)
        at org.apache.ratis.server.impl.StateMachineUpdater.run(StateMachineUpdater.java:173)
        at java.lang.Thread.run(Thread.java:748)
"IPC Server handler 72 on default port 13033" daemon prio=5 tid=2382 timed_waiting
java.lang.Thread.State: TIMED_WAITING
        at sun.misc.Unsafe.park(Native Method)
        at java.util.concurrent.locks.LockSupport.parkNanos(LockSupport.java:215)
        at java.util.concurrent.locks.AbstractQueuedSynchronizer$ConditionObject.awaitNanos(AbstractQueuedSynchronizer.java:2078)
        at java.util.concurrent.LinkedBlockingQueue.poll(LinkedBlockingQueue.java:467)
        at org.apache.hadoop.ipc.CallQueueManager.take(CallQueueManager.java:317)
        at org.apache.hadoop.ipc.Server$Handler.run(Server.java:2932)
"IPC Server handler 61 on default port 13035" daemon prio=5 tid=2152 timed_waiting
java.lang.Thread.State: TIMED_WAITING
        at sun.misc.Unsafe.park(Native Method)
        at java.util.concurrent.locks.LockSupport.parkNanos(LockSupport.java:215)
        at java.util.concurrent.locks.AbstractQueuedSynchronizer$ConditionObject.awaitNanos(AbstractQueuedSynchronizer.java:2078)
        at java.util.concurrent.LinkedBlockingQueue.poll(LinkedBlockingQueue.java:467)
        at org.apache.hadoop.ipc.CallQueueManager.take(CallQueueManager.java:317)
        at org.apache.hadoop.ipc.Server$Handler.run(Server.java:2932)
"CommandWatcher-LeaseManager#LeaseMonitor" daemon prio=5 tid=2476 timed_waiting
java.lang.Thread.State: TIMED_WAITING
        at java.lang.Object.wait(Native Method)
        at org.apache.hadoop.ozone.lease.LeaseManager$LeaseMonitor.run(LeaseManager.java:238)
        at java.lang.Thread.run(Thread.java:748)
"IPC Server handler 60 on default port 13034" daemon prio=5 tid=2251 timed_waiting
java.lang.Thread.State: TIMED_WAITING
        at sun.misc.Unsafe.park(Native Method)
        at java.util.concurrent.locks.LockSupport.parkNanos(LockSupport.java:215)
        at java.util.concurrent.locks.AbstractQueuedSynchronizer$ConditionObject.awaitNanos(AbstractQueuedSynchronizer.java:2078)
        at java.util.concurrent.LinkedBlockingQueue.poll(LinkedBlockingQueue.java:467)
        at org.apache.hadoop.ipc.CallQueueManager.take(CallQueueManager.java:317)
        at org.apache.hadoop.ipc.Server$Handler.run(Server.java:2932)
"Datanode ReportManager Thread - 3" daemon prio=5 tid=2617 in Object.wait()
java.lang.Thread.State: WAITING (on object monitor)
        at sun.misc.Unsafe.park(Native Method)
        at java.util.concurrent.locks.LockSupport.park(LockSupport.java:175)
        at java.util.concurrent.locks.AbstractQueuedSynchronizer$ConditionObject.await(AbstractQueuedSynchronizer.java:2039)
        at java.util.concurrent.ScheduledThreadPoolExecutor$DelayedWorkQueue.take(ScheduledThreadPoolExecutor.java:1088)
        at java.util.concurrent.ScheduledThreadPoolExecutor$DelayedWorkQueue.take(ScheduledThreadPoolExecutor.java:809)
        at java.util.concurrent.ThreadPoolExecutor.getTask(ThreadPoolExecutor.java:1074)
        at java.util.concurrent.ThreadPoolExecutor.runWorker(ThreadPoolExecutor.java:1134)
        at java.util.concurrent.ThreadPoolExecutor$Worker.run(ThreadPoolExecutor.java:624)
        at java.lang.Thread.run(Thread.java:748)
"EndpointStateMachine task thread for /127.0.0.1:13033 - 0 "  prio=5 tid=629 in Object.wait()
java.lang.Thread.State: WAITING (on object monitor)
        at sun.misc.Unsafe.park(Native Method)
        at java.util.concurrent.locks.LockSupport.park(LockSupport.java:175)
        at java.util.concurrent.locks.AbstractQueuedSynchronizer$ConditionObject.await(AbstractQueuedSynchronizer.java:2039)
        at java.util.concurrent.LinkedBlockingQueue.take(LinkedBlockingQueue.java:442)
        at java.util.concurrent.ThreadPoolExecutor.getTask(ThreadPoolExecutor.java:1074)
        at java.util.concurrent.ThreadPoolExecutor.runWorker(ThreadPoolExecutor.java:1134)
        at java.util.concurrent.ThreadPoolExecutor$Worker.run(ThreadPoolExecutor.java:624)
        at java.lang.Thread.run(Thread.java:748)
"IPC Server handler 4 on default port 13033" daemon prio=5 tid=2314 timed_waiting
java.lang.Thread.State: TIMED_WAITING
        at sun.misc.Unsafe.park(Native Method)
        at java.util.concurrent.locks.LockSupport.parkNanos(LockSupport.java:215)
        at java.util.concurrent.locks.AbstractQueuedSynchronizer$ConditionObject.awaitNanos(AbstractQueuedSynchronizer.java:2078)
        at java.util.concurrent.LinkedBlockingQueue.poll(LinkedBlockingQueue.java:467)
        at org.apache.hadoop.ipc.CallQueueManager.take(CallQueueManager.java:317)
        at org.apache.hadoop.ipc.Server$Handler.run(Server.java:2932)
"qtp708676185-2629" daemon prio=5 tid=2629 runnable
java.lang.Thread.State: RUNNABLE
        at sun.nio.ch.EPollArrayWrapper.epollWait(Native Method)
        at sun.nio.ch.EPollArrayWrapper.poll(EPollArrayWrapper.java:269)
        at sun.nio.ch.EPollSelectorImpl.doSelect(EPollSelectorImpl.java:93)
        at sun.nio.ch.SelectorImpl.lockAndDoSelect(SelectorImpl.java:86)
        at sun.nio.ch.SelectorImpl.select(SelectorImpl.java:97)
        at sun.nio.ch.SelectorImpl.select(SelectorImpl.java:101)
        at org.eclipse.jetty.io.ManagedSelector.nioSelect(ManagedSelector.java:183)
        at org.eclipse.jetty.io.ManagedSelector.select(ManagedSelector.java:190)
        at org.eclipse.jetty.io.ManagedSelector$SelectorProducer.select(ManagedSelector.java:606)
        at org.eclipse.jetty.io.ManagedSelector$SelectorProducer.produce(ManagedSelector.java:543)
        at org.eclipse.jetty.util.thread.strategy.EatWhatYouKill.produceTask(EatWhatYouKill.java:362)
        at org.eclipse.jetty.util.thread.strategy.EatWhatYouKill.doProduce(EatWhatYouKill.java:186)
        at org.eclipse.jetty.util.thread.strategy.EatWhatYouKill.tryProduce(EatWhatYouKill.java:173)
        at org.eclipse.jetty.util.thread.strategy.EatWhatYouKill.produce(EatWhatYouKill.java:137)
        at org.eclipse.jetty.io.ManagedSelector$$Lambda$707/237279395.run(Unknown Source)
        at org.eclipse.jetty.util.thread.QueuedThreadPool.runJob(QueuedThreadPool.java:883)
        at org.eclipse.jetty.util.thread.QueuedThreadPool$Runner.run(QueuedThreadPool.java:1034)
        at java.lang.Thread.run(Thread.java:748)
"IPC Server handler 34 on default port 13033" daemon prio=5 tid=2344 timed_waiting
java.lang.Thread.State: TIMED_WAITING
        at sun.misc.Unsafe.park(Native Method)
        at java.util.concurrent.locks.LockSupport.parkNanos(LockSupport.java:215)
        at java.util.concurrent.locks.AbstractQueuedSynchronizer$ConditionObject.awaitNanos(AbstractQueuedSynchronizer.java:2078)
        at java.util.concurrent.LinkedBlockingQueue.poll(LinkedBlockingQueue.java:467)
        at org.apache.hadoop.ipc.CallQueueManager.take(CallQueueManager.java:317)
        at org.apache.hadoop.ipc.Server$Handler.run(Server.java:2932)
"IPC Server handler 83 on default port 13034" daemon prio=5 tid=2274 timed_waiting
java.lang.Thread.State: TIMED_WAITING
        at sun.misc.Unsafe.park(Native Method)
        at java.util.concurrent.locks.LockSupport.parkNanos(LockSupport.java:215)
        at java.util.concurrent.locks.AbstractQueuedSynchronizer$ConditionObject.awaitNanos(AbstractQueuedSynchronizer.java:2078)
        at java.util.concurrent.LinkedBlockingQueue.poll(LinkedBlockingQueue.java:467)
        at org.apache.hadoop.ipc.CallQueueManager.take(CallQueueManager.java:317)
        at org.apache.hadoop.ipc.Server$Handler.run(Server.java:2932)
"IPC Server handler 42 on default port 13033" daemon prio=5 tid=2352 timed_waiting
java.lang.Thread.State: TIMED_WAITING
        at sun.misc.Unsafe.park(Native Method)
        at java.util.concurrent.locks.LockSupport.parkNanos(LockSupport.java:215)
        at java.util.concurrent.locks.AbstractQueuedSynchronizer$ConditionObject.awaitNanos(AbstractQueuedSynchronizer.java:2078)
        at java.util.concurrent.LinkedBlockingQueue.poll(LinkedBlockingQueue.java:467)
        at org.apache.hadoop.ipc.CallQueueManager.take(CallQueueManager.java:317)
        at org.apache.hadoop.ipc.Server$Handler.run(Server.java:2932)
"IPC Server handler 44 on default port 13033" daemon prio=5 tid=2354 timed_waiting
java.lang.Thread.State: TIMED_WAITING
        at sun.misc.Unsafe.park(Native Method)
        at java.util.concurrent.locks.LockSupport.parkNanos(LockSupport.java:215)
        at java.util.concurrent.locks.AbstractQueuedSynchronizer$ConditionObject.awaitNanos(AbstractQueuedSynchronizer.java:2078)
        at java.util.concurrent.LinkedBlockingQueue.poll(LinkedBlockingQueue.java:467)
        at org.apache.hadoop.ipc.CallQueueManager.take(CallQueueManager.java:317)
        at org.apache.hadoop.ipc.Server$Handler.run(Server.java:2932)
"IPC Server handler 93 on default port 13034" daemon prio=5 tid=2284 timed_waiting
java.lang.Thread.State: TIMED_WAITING
        at sun.misc.Unsafe.park(Native Method)
        at java.util.concurrent.locks.LockSupport.parkNanos(LockSupport.java:215)
        at java.util.concurrent.locks.AbstractQueuedSynchronizer$ConditionObject.awaitNanos(AbstractQueuedSynchronizer.java:2078)
        at java.util.concurrent.LinkedBlockingQueue.poll(LinkedBlockingQueue.java:467)
        at org.apache.hadoop.ipc.CallQueueManager.take(CallQueueManager.java:317)
        at org.apache.hadoop.ipc.Server$Handler.run(Server.java:2932)
"IPC Server handler 22 on default port 13034" daemon prio=5 tid=2213 timed_waiting
java.lang.Thread.State: TIMED_WAITING
        at sun.misc.Unsafe.park(Native Method)
        at java.util.concurrent.locks.LockSupport.parkNanos(LockSupport.java:215)
        at java.util.concurrent.locks.AbstractQueuedSynchronizer$ConditionObject.awaitNanos(AbstractQueuedSynchronizer.java:2078)
        at java.util.concurrent.LinkedBlockingQueue.poll(LinkedBlockingQueue.java:467)
        at org.apache.hadoop.ipc.CallQueueManager.take(CallQueueManager.java:317)
        at org.apache.hadoop.ipc.Server$Handler.run(Server.java:2932)
"IPC Server handler 0 on default port 13035" daemon prio=5 tid=2091 timed_waiting
java.lang.Thread.State: TIMED_WAITING
        at sun.misc.Unsafe.park(Native Method)
        at java.util.concurrent.locks.LockSupport.parkNanos(LockSupport.java:215)
        at java.util.concurrent.locks.AbstractQueuedSynchronizer$ConditionObject.awaitNanos(AbstractQueuedSynchronizer.java:2078)
        at java.util.concurrent.LinkedBlockingQueue.poll(LinkedBlockingQueue.java:467)
        at org.apache.hadoop.ipc.CallQueueManager.take(CallQueueManager.java:317)
        at org.apache.hadoop.ipc.Server$Handler.run(Server.java:2932)
"IPC Server handler 11 on default port 13043" daemon prio=5 tid=2466 timed_waiting
java.lang.Thread.State: TIMED_WAITING
        at sun.misc.Unsafe.park(Native Method)
        at java.util.concurrent.locks.LockSupport.parkNanos(LockSupport.java:215)
        at java.util.concurrent.locks.AbstractQueuedSynchronizer$ConditionObject.awaitNanos(AbstractQueuedSynchronizer.java:2078)
        at java.util.concurrent.LinkedBlockingQueue.poll(LinkedBlockingQueue.java:467)
        at org.apache.hadoop.ipc.CallQueueManager.take(CallQueueManager.java:317)
        at org.apache.hadoop.ipc.Server$Handler.run(Server.java:2932)
"IPC Server handler 2 on default port 13044" daemon prio=5 tid=2499 timed_waiting
java.lang.Thread.State: TIMED_WAITING
        at sun.misc.Unsafe.park(Native Method)
        at java.util.concurrent.locks.LockSupport.parkNanos(LockSupport.java:215)
        at java.util.concurrent.locks.AbstractQueuedSynchronizer$ConditionObject.awaitNanos(AbstractQueuedSynchronizer.java:2078)
        at java.util.concurrent.LinkedBlockingQueue.poll(LinkedBlockingQueue.java:467)
        at org.apache.hadoop.ipc.CallQueueManager.take(CallQueueManager.java:317)
        at org.apache.hadoop.ipc.Server$Handler.run(Server.java:2932)
"IPC Server handler 0 on default port 13045" daemon prio=5 tid=2477 timed_waiting
java.lang.Thread.State: TIMED_WAITING
        at sun.misc.Unsafe.park(Native Method)
        at java.util.concurrent.locks.LockSupport.parkNanos(LockSupport.java:215)
        at java.util.concurrent.locks.AbstractQueuedSynchronizer$ConditionObject.awaitNanos(AbstractQueuedSynchronizer.java:2078)
        at java.util.concurrent.LinkedBlockingQueue.poll(LinkedBlockingQueue.java:467)
        at org.apache.hadoop.ipc.CallQueueManager.take(CallQueueManager.java:317)
        at org.apache.hadoop.ipc.Server$Handler.run(Server.java:2932)
"IPC Server handler 93 on default port 13033" daemon prio=5 tid=2403 timed_waiting
java.lang.Thread.State: TIMED_WAITING
        at sun.misc.Unsafe.park(Native Method)
        at java.util.concurrent.locks.LockSupport.parkNanos(LockSupport.java:215)
        at java.util.concurrent.locks.AbstractQueuedSynchronizer$ConditionObject.awaitNanos(AbstractQueuedSynchronizer.java:2078)
        at java.util.concurrent.LinkedBlockingQueue.poll(LinkedBlockingQueue.java:467)
        at org.apache.hadoop.ipc.CallQueueManager.take(CallQueueManager.java:317)
        at org.apache.hadoop.ipc.Server$Handler.run(Server.java:2932)
"IPC Server handler 42 on default port 13034" daemon prio=5 tid=2233 timed_waiting
java.lang.Thread.State: TIMED_WAITING
        at sun.misc.Unsafe.park(Native Method)
        at java.util.concurrent.locks.LockSupport.parkNanos(LockSupport.java:215)
        at java.util.concurrent.locks.AbstractQueuedSynchronizer$ConditionObject.awaitNanos(AbstractQueuedSynchronizer.java:2078)
        at java.util.concurrent.LinkedBlockingQueue.poll(LinkedBlockingQueue.java:467)
        at org.apache.hadoop.ipc.CallQueueManager.take(CallQueueManager.java:317)
        at org.apache.hadoop.ipc.Server$Handler.run(Server.java:2932)
"IPC Server handler 98 on default port 13035" daemon prio=5 tid=2189 timed_waiting
java.lang.Thread.State: TIMED_WAITING
        at sun.misc.Unsafe.park(Native Method)
        at java.util.concurrent.locks.LockSupport.parkNanos(LockSupport.java:215)
        at java.util.concurrent.locks.AbstractQueuedSynchronizer$ConditionObject.awaitNanos(AbstractQueuedSynchronizer.java:2078)
        at java.util.concurrent.LinkedBlockingQueue.poll(LinkedBlockingQueue.java:467)
        at org.apache.hadoop.ipc.CallQueueManager.take(CallQueueManager.java:317)
        at org.apache.hadoop.ipc.Server$Handler.run(Server.java:2932)
"Periodic HDDS volume checker" daemon prio=5 tid=2651 timed_waiting
java.lang.Thread.State: TIMED_WAITING
        at sun.misc.Unsafe.park(Native Method)
        at java.util.concurrent.locks.LockSupport.parkNanos(LockSupport.java:215)
        at java.util.concurrent.locks.AbstractQueuedSynchronizer$ConditionObject.awaitNanos(AbstractQueuedSynchronizer.java:2078)
        at java.util.concurrent.ScheduledThreadPoolExecutor$DelayedWorkQueue.take(ScheduledThreadPoolExecutor.java:1093)
        at java.util.concurrent.ScheduledThreadPoolExecutor$DelayedWorkQueue.take(ScheduledThreadPoolExecutor.java:809)
        at java.util.concurrent.ThreadPoolExecutor.getTask(ThreadPoolExecutor.java:1074)
        at java.util.concurrent.ThreadPoolExecutor.runWorker(ThreadPoolExecutor.java:1134)
        at java.util.concurrent.ThreadPoolExecutor$Worker.run(ThreadPoolExecutor.java:624)
        at java.lang.Thread.run(Thread.java:748)
"SCM Heartbeat Processing Thread - 0" daemon prio=5 tid=2533 timed_waiting
java.lang.Thread.State: TIMED_WAITING
        at sun.misc.Unsafe.park(Native Method)
        at java.util.concurrent.locks.LockSupport.parkNanos(LockSupport.java:215)
        at java.util.concurrent.locks.AbstractQueuedSynchronizer$ConditionObject.awaitNanos(AbstractQueuedSynchronizer.java:2078)
        at java.util.concurrent.ScheduledThreadPoolExecutor$DelayedWorkQueue.take(ScheduledThreadPoolExecutor.java:1093)
        at java.util.concurrent.ScheduledThreadPoolExecutor$DelayedWorkQueue.take(ScheduledThreadPoolExecutor.java:809)
        at java.util.concurrent.ThreadPoolExecutor.getTask(ThreadPoolExecutor.java:1074)
        at java.util.concurrent.ThreadPoolExecutor.runWorker(ThreadPoolExecutor.java:1134)
        at java.util.concurrent.ThreadPoolExecutor$Worker.run(ThreadPoolExecutor.java:624)
        at java.lang.Thread.run(Thread.java:748)
"IPC Server handler 0 on default port 13044" daemon prio=5 tid=2497 timed_waiting
java.lang.Thread.State: TIMED_WAITING
        at sun.misc.Unsafe.park(Native Method)
        at java.util.concurrent.locks.LockSupport.parkNanos(LockSupport.java:215)
        at java.util.concurrent.locks.AbstractQueuedSynchronizer$ConditionObject.awaitNanos(AbstractQueuedSynchronizer.java:2078)
        at java.util.concurrent.LinkedBlockingQueue.poll(LinkedBlockingQueue.java:467)
        at org.apache.hadoop.ipc.CallQueueManager.take(CallQueueManager.java:317)
        at org.apache.hadoop.ipc.Server$Handler.run(Server.java:2932)
"IPC Server handler 81 on default port 13035" daemon prio=5 tid=2172 timed_waiting
java.lang.Thread.State: TIMED_WAITING
        at sun.misc.Unsafe.park(Native Method)
        at java.util.concurrent.locks.LockSupport.parkNanos(LockSupport.java:215)
        at java.util.concurrent.locks.AbstractQueuedSynchronizer$ConditionObject.awaitNanos(AbstractQueuedSynchronizer.java:2078)
        at java.util.concurrent.LinkedBlockingQueue.poll(LinkedBlockingQueue.java:467)
        at org.apache.hadoop.ipc.CallQueueManager.take(CallQueueManager.java:317)
        at org.apache.hadoop.ipc.Server$Handler.run(Server.java:2932)
"IPC Server handler 13 on default port 13034" daemon prio=5 tid=2204 timed_waiting
java.lang.Thread.State: TIMED_WAITING
        at sun.misc.Unsafe.park(Native Method)
        at java.util.concurrent.locks.LockSupport.parkNanos(LockSupport.java:215)
        at java.util.concurrent.locks.AbstractQueuedSynchronizer$ConditionObject.awaitNanos(AbstractQueuedSynchronizer.java:2078)
        at java.util.concurrent.LinkedBlockingQueue.poll(LinkedBlockingQueue.java:467)
        at org.apache.hadoop.ipc.CallQueueManager.take(CallQueueManager.java:317)
        at org.apache.hadoop.ipc.Server$Handler.run(Server.java:2932)
"pool-441-thread-1"  prio=5 tid=2530 in Object.wait()
java.lang.Thread.State: WAITING (on object monitor)
        at sun.misc.Unsafe.park(Native Method)
        at java.util.concurrent.locks.LockSupport.park(LockSupport.java:175)
        at java.util.concurrent.locks.AbstractQueuedSynchronizer$ConditionObject.await(AbstractQueuedSynchronizer.java:2039)
        at java.util.concurrent.LinkedBlockingQueue.take(LinkedBlockingQueue.java:442)
        at java.util.concurrent.ThreadPoolExecutor.getTask(ThreadPoolExecutor.java:1074)
        at java.util.concurrent.ThreadPoolExecutor.runWorker(ThreadPoolExecutor.java:1134)
        at java.util.concurrent.ThreadPoolExecutor$Worker.run(ThreadPoolExecutor.java:624)
        at java.lang.Thread.run(Thread.java:748)
"EndpointStateMachine task thread for /127.0.0.1:13043 - 0 "  prio=5 tid=2677 in Object.wait()
java.lang.Thread.State: WAITING (on object monitor)
        at sun.misc.Unsafe.park(Native Method)
        at java.util.concurrent.locks.LockSupport.park(LockSupport.java:175)
        at java.util.concurrent.locks.AbstractQueuedSynchronizer$ConditionObject.await(AbstractQueuedSynchronizer.java:2039)
        at java.util.concurrent.LinkedBlockingQueue.take(LinkedBlockingQueue.java:442)
        at java.util.concurrent.ThreadPoolExecutor.getTask(ThreadPoolExecutor.java:1074)
        at java.util.concurrent.ThreadPoolExecutor.runWorker(ThreadPoolExecutor.java:1134)
        at java.util.concurrent.ThreadPoolExecutor$Worker.run(ThreadPoolExecutor.java:624)
        at java.lang.Thread.run(Thread.java:748)
"IPC Server handler 61 on default port 13034" daemon prio=5 tid=2252 timed_waiting
java.lang.Thread.State: TIMED_WAITING
        at sun.misc.Unsafe.park(Native Method)
        at java.util.concurrent.locks.LockSupport.parkNanos(LockSupport.java:215)
        at java.util.concurrent.locks.AbstractQueuedSynchronizer$ConditionObject.awaitNanos(AbstractQueuedSynchronizer.java:2078)
        at java.util.concurrent.LinkedBlockingQueue.poll(LinkedBlockingQueue.java:467)
        at org.apache.hadoop.ipc.CallQueueManager.take(CallQueueManager.java:317)
        at org.apache.hadoop.ipc.Server$Handler.run(Server.java:2932)
"qtp1999374326-2571" daemon prio=5 tid=2571 timed_waiting
java.lang.Thread.State: TIMED_WAITING
        at sun.misc.Unsafe.park(Native Method)
        at java.util.concurrent.locks.LockSupport.parkNanos(LockSupport.java:215)
        at java.util.concurrent.locks.AbstractQueuedSynchronizer$ConditionObject.awaitNanos(AbstractQueuedSynchronizer.java:2078)
        at org.eclipse.jetty.util.BlockingArrayQueue.poll(BlockingArrayQueue.java:382)
        at org.eclipse.jetty.util.thread.QueuedThreadPool$Runner.idleJobPoll(QueuedThreadPool.java:974)
        at org.eclipse.jetty.util.thread.QueuedThreadPool$Runner.run(QueuedThreadPool.java:1018)
        at java.lang.Thread.run(Thread.java:748)
"IPC Server handler 37 on default port 13033" daemon prio=5 tid=2347 timed_waiting
java.lang.Thread.State: TIMED_WAITING
        at sun.misc.Unsafe.park(Native Method)
        at java.util.concurrent.locks.LockSupport.parkNanos(LockSupport.java:215)
        at java.util.concurrent.locks.AbstractQueuedSynchronizer$ConditionObject.awaitNanos(AbstractQueuedSynchronizer.java:2078)
        at java.util.concurrent.LinkedBlockingQueue.poll(LinkedBlockingQueue.java:467)
        at org.apache.hadoop.ipc.CallQueueManager.take(CallQueueManager.java:317)
        at org.apache.hadoop.ipc.Server$Handler.run(Server.java:2932)
"IPC Server handler 14 on default port 11132" daemon prio=5 tid=2590 timed_waiting
java.lang.Thread.State: TIMED_WAITING
        at sun.misc.Unsafe.park(Native Method)
        at java.util.concurrent.locks.LockSupport.parkNanos(LockSupport.java:215)
        at java.util.concurrent.locks.AbstractQueuedSynchronizer$ConditionObject.awaitNanos(AbstractQueuedSynchronizer.java:2078)
        at java.util.concurrent.LinkedBlockingQueue.poll(LinkedBlockingQueue.java:467)
        at org.apache.hadoop.ipc.CallQueueManager.take(CallQueueManager.java:317)
        at org.apache.hadoop.ipc.Server$Handler.run(Server.java:2932)
"Socket Reader #1 for port 13053"  prio=5 tid=2538 runnable
java.lang.Thread.State: RUNNABLE
        at sun.nio.ch.EPollArrayWrapper.epollWait(Native Method)
        at sun.nio.ch.EPollArrayWrapper.poll(EPollArrayWrapper.java:269)
        at sun.nio.ch.EPollSelectorImpl.doSelect(EPollSelectorImpl.java:93)
        at sun.nio.ch.SelectorImpl.lockAndDoSelect(SelectorImpl.java:86)
        at sun.nio.ch.SelectorImpl.select(SelectorImpl.java:97)
        at sun.nio.ch.SelectorImpl.select(SelectorImpl.java:101)
        at org.apache.hadoop.ipc.Server$Listener$Reader.doRunLoop(Server.java:1288)
        at org.apache.hadoop.ipc.Server$Listener$Reader.run(Server.java:1267)
"EndpointStateMachine task thread for /127.0.0.1:13023 - 0 "  prio=5 tid=657 in Object.wait()
java.lang.Thread.State: WAITING (on object monitor)
        at sun.misc.Unsafe.park(Native Method)
        at java.util.concurrent.locks.LockSupport.park(LockSupport.java:175)
        at java.util.concurrent.locks.AbstractQueuedSynchronizer$ConditionObject.await(AbstractQueuedSynchronizer.java:2039)
        at java.util.concurrent.LinkedBlockingQueue.take(LinkedBlockingQueue.java:442)
        at java.util.concurrent.ThreadPoolExecutor.getTask(ThreadPoolExecutor.java:1074)
        at java.util.concurrent.ThreadPoolExecutor.runWorker(ThreadPoolExecutor.java:1134)
        at java.util.concurrent.ThreadPoolExecutor$Worker.run(ThreadPoolExecutor.java:624)
        at java.lang.Thread.run(Thread.java:748)
"Socket Reader #1 for port 13055"  prio=5 tid=2546 runnable
java.lang.Thread.State: RUNNABLE
        at sun.nio.ch.EPollArrayWrapper.epollWait(Native Method)
        at sun.nio.ch.EPollArrayWrapper.poll(EPollArrayWrapper.java:269)
        at sun.nio.ch.EPollSelectorImpl.doSelect(EPollSelectorImpl.java:93)
        at sun.nio.ch.SelectorImpl.lockAndDoSelect(SelectorImpl.java:86)
        at sun.nio.ch.SelectorImpl.select(SelectorImpl.java:97)
        at sun.nio.ch.SelectorImpl.select(SelectorImpl.java:101)
        at org.apache.hadoop.ipc.Server$Listener$Reader.doRunLoop(Server.java:1288)
        at org.apache.hadoop.ipc.Server$Listener$Reader.run(Server.java:1267)
"org.apache.hadoop.ozone.container.common.statemachine.commandhandler.DeleteBlocksCommandHandler$DeleteCmdWorker@5da48ec5" daemon prio=5 tid=1677 runnable
java.lang.Thread.State: RUNNABLE
        at java.lang.Thread.sleep(Native Method)
        at org.apache.hadoop.ozone.container.common.statemachine.commandhandler.DeleteBlocksCommandHandler$DeleteCmdWorker.run(DeleteBlocksCommandHandler.java:175)
        at java.lang.Thread.run(Thread.java:748)
"Datanode ReportManager Thread - 3" daemon prio=5 tid=1692 in Object.wait()
java.lang.Thread.State: WAITING (on object monitor)
        at sun.misc.Unsafe.park(Native Method)
        at java.util.concurrent.locks.LockSupport.park(LockSupport.java:175)
        at java.util.concurrent.locks.AbstractQueuedSynchronizer$ConditionObject.await(AbstractQueuedSynchronizer.java:2039)
        at java.util.concurrent.ScheduledThreadPoolExecutor$DelayedWorkQueue.take(ScheduledThreadPoolExecutor.java:1088)
        at java.util.concurrent.ScheduledThreadPoolExecutor$DelayedWorkQueue.take(ScheduledThreadPoolExecutor.java:809)
        at java.util.concurrent.ThreadPoolExecutor.getTask(ThreadPoolExecutor.java:1074)
        at java.util.concurrent.ThreadPoolExecutor.runWorker(ThreadPoolExecutor.java:1134)
        at java.util.concurrent.ThreadPoolExecutor$Worker.run(ThreadPoolExecutor.java:624)
        at java.lang.Thread.run(Thread.java:748)
"IPC Server handler 4 on default port 13043" daemon prio=5 tid=2459 timed_waiting
java.lang.Thread.State: TIMED_WAITING
        at sun.misc.Unsafe.park(Native Method)
        at java.util.concurrent.locks.LockSupport.parkNanos(LockSupport.java:215)
        at java.util.concurrent.locks.AbstractQueuedSynchronizer$ConditionObject.awaitNanos(AbstractQueuedSynchronizer.java:2078)
        at java.util.concurrent.LinkedBlockingQueue.poll(LinkedBlockingQueue.java:467)
        at org.apache.hadoop.ipc.CallQueueManager.take(CallQueueManager.java:317)
        at org.apache.hadoop.ipc.Server$Handler.run(Server.java:2932)
"d262ff89-3d5e-4ab4-981f-dc8616a3cc4b@group-5B58ED6D724D-LeaderStateImpl" daemon prio=5 tid=2788 timed_waiting
java.lang.Thread.State: TIMED_WAITING
        at sun.misc.Unsafe.park(Native Method)
        at java.util.concurrent.locks.LockSupport.parkNanos(LockSupport.java:215)
        at java.util.concurrent.locks.AbstractQueuedSynchronizer$ConditionObject.awaitNanos(AbstractQueuedSynchronizer.java:2078)
        at java.util.concurrent.ArrayBlockingQueue.poll(ArrayBlockingQueue.java:418)
        at org.apache.ratis.server.impl.LeaderStateImpl$EventQueue.poll(LeaderStateImpl.java:156)
        at org.apache.ratis.server.impl.LeaderStateImpl$EventProcessor.run(LeaderStateImpl.java:600)
"Datanode State Machine Daemon Thread" daemon prio=5 tid=2640 timed_waiting
java.lang.Thread.State: TIMED_WAITING
        at sun.misc.Unsafe.park(Native Method)
        at java.util.concurrent.locks.LockSupport.parkNanos(LockSupport.java:215)
        at java.util.concurrent.locks.AbstractQueuedSynchronizer$ConditionObject.awaitNanos(AbstractQueuedSynchronizer.java:2078)
        at java.util.concurrent.LinkedBlockingQueue.poll(LinkedBlockingQueue.java:467)
        at java.util.concurrent.ExecutorCompletionService.poll(ExecutorCompletionService.java:202)
        at org.apache.hadoop.ozone.container.common.states.datanode.RunningDatanodeState.await(RunningDatanodeState.java:224)
        at org.apache.hadoop.ozone.container.common.states.datanode.RunningDatanodeState.await(RunningDatanodeState.java:50)
        at org.apache.hadoop.ozone.container.common.statemachine.StateContext.execute(StateContext.java:633)
        at org.apache.hadoop.ozone.container.common.statemachine.DatanodeStateMachine.start(DatanodeStateMachine.java:280)
        at org.apache.hadoop.ozone.container.common.statemachine.DatanodeStateMachine.lambda$startDaemon$0(DatanodeStateMachine.java:468)
        at org.apache.hadoop.ozone.container.common.statemachine.DatanodeStateMachine$$Lambda$891/1964303960.run(Unknown Source)
        at java.lang.Thread.run(Thread.java:748)
"IPC Server handler 0 on default port 11132" daemon prio=5 tid=2576 timed_waiting
java.lang.Thread.State: TIMED_WAITING
        at sun.misc.Unsafe.park(Native Method)
        at java.util.concurrent.locks.LockSupport.parkNanos(LockSupport.java:215)
        at java.util.concurrent.locks.AbstractQueuedSynchronizer$ConditionObject.awaitNanos(AbstractQueuedSynchronizer.java:2078)
        at java.util.concurrent.LinkedBlockingQueue.poll(LinkedBlockingQueue.java:467)
        at org.apache.hadoop.ipc.CallQueueManager.take(CallQueueManager.java:317)
        at org.apache.hadoop.ipc.Server$Handler.run(Server.java:2932)
"IPC Server handler 27 on default port 13035" daemon prio=5 tid=2118 timed_waiting
java.lang.Thread.State: TIMED_WAITING
        at sun.misc.Unsafe.park(Native Method)
        at java.util.concurrent.locks.LockSupport.parkNanos(LockSupport.java:215)
        at java.util.concurrent.locks.AbstractQueuedSynchronizer$ConditionObject.awaitNanos(AbstractQueuedSynchronizer.java:2078)
        at java.util.concurrent.LinkedBlockingQueue.poll(LinkedBlockingQueue.java:467)
        at org.apache.hadoop.ipc.CallQueueManager.take(CallQueueManager.java:317)
        at org.apache.hadoop.ipc.Server$Handler.run(Server.java:2932)
"OMDoubleBufferFlushThread" daemon prio=5 tid=2553 timed_waiting
java.lang.Thread.State: TIMED_WAITING
        at java.lang.Object.wait(Native Method)
        at org.apache.hadoop.ozone.om.ratis.OzoneManagerDoubleBuffer.canFlush(OzoneManagerDoubleBuffer.java:509)
        at org.apache.hadoop.ozone.om.ratis.OzoneManagerDoubleBuffer.flushTransactions(OzoneManagerDoubleBuffer.java:241)
        at org.apache.hadoop.ozone.om.ratis.OzoneManagerDoubleBuffer$$Lambda$853/1880470171.run(Unknown Source)
        at java.lang.Thread.run(Thread.java:748)
"IPC Server handler 36 on default port 13035" daemon prio=5 tid=2127 timed_waiting
java.lang.Thread.State: TIMED_WAITING
        at sun.misc.Unsafe.park(Native Method)
        at java.util.concurrent.locks.LockSupport.parkNanos(LockSupport.java:215)
        at java.util.concurrent.locks.AbstractQueuedSynchronizer$ConditionObject.awaitNanos(AbstractQueuedSynchronizer.java:2078)
        at java.util.concurrent.LinkedBlockingQueue.poll(LinkedBlockingQueue.java:467)
        at org.apache.hadoop.ipc.CallQueueManager.take(CallQueueManager.java:317)
        at org.apache.hadoop.ipc.Server$Handler.run(Server.java:2932)
"pool-388-thread-1"  prio=5 tid=2067 in Object.wait()
java.lang.Thread.State: WAITING (on object monitor)
        at sun.misc.Unsafe.park(Native Method)
        at java.util.concurrent.locks.LockSupport.park(LockSupport.java:175)
        at java.util.concurrent.locks.AbstractQueuedSynchronizer$ConditionObject.await(AbstractQueuedSynchronizer.java:2039)
        at java.util.concurrent.LinkedBlockingQueue.take(LinkedBlockingQueue.java:442)
        at java.util.concurrent.ThreadPoolExecutor.getTask(ThreadPoolExecutor.java:1074)
        at java.util.concurrent.ThreadPoolExecutor.runWorker(ThreadPoolExecutor.java:1134)
        at java.util.concurrent.ThreadPoolExecutor$Worker.run(ThreadPoolExecutor.java:624)
        at java.lang.Thread.run(Thread.java:748)
"IPC Server handler 71 on default port 13035" daemon prio=5 tid=2162 timed_waiting
java.lang.Thread.State: TIMED_WAITING
        at sun.misc.Unsafe.park(Native Method)
        at java.util.concurrent.locks.LockSupport.parkNanos(LockSupport.java:215)
        at java.util.concurrent.locks.AbstractQueuedSynchronizer$ConditionObject.awaitNanos(AbstractQueuedSynchronizer.java:2078)
        at java.util.concurrent.LinkedBlockingQueue.poll(LinkedBlockingQueue.java:467)
        at org.apache.hadoop.ipc.CallQueueManager.take(CallQueueManager.java:317)
        at org.apache.hadoop.ipc.Server$Handler.run(Server.java:2932)
"91f27009-ec66-4294-9321-b0739729fb6b@group-1FC4E3DC1381-SegmentedRaftLogWorker"  prio=5 tid=2751 timed_waiting
java.lang.Thread.State: TIMED_WAITING
        at sun.misc.Unsafe.park(Native Method)
        at java.util.concurrent.locks.LockSupport.parkNanos(LockSupport.java:215)
        at java.util.concurrent.locks.AbstractQueuedSynchronizer$ConditionObject.awaitNanos(AbstractQueuedSynchronizer.java:2078)
        at org.apache.ratis.util.DataBlockingQueue.poll(DataBlockingQueue.java:137)
        at org.apache.ratis.server.raftlog.segmented.SegmentedRaftLogWorker.run(SegmentedRaftLogWorker.java:292)
        at org.apache.ratis.server.raftlog.segmented.SegmentedRaftLogWorker$$Lambda$435/2075927136.run(Unknown Source)
        at java.lang.Thread.run(Thread.java:748)
"IPC Server handler 5 on default port 11132" daemon prio=5 tid=2581 timed_waiting
java.lang.Thread.State: TIMED_WAITING
        at sun.misc.Unsafe.park(Native Method)
        at java.util.concurrent.locks.LockSupport.parkNanos(LockSupport.java:215)
        at java.util.concurrent.locks.AbstractQueuedSynchronizer$ConditionObject.awaitNanos(AbstractQueuedSynchronizer.java:2078)
        at java.util.concurrent.LinkedBlockingQueue.poll(LinkedBlockingQueue.java:467)
        at org.apache.hadoop.ipc.CallQueueManager.take(CallQueueManager.java:317)
        at org.apache.hadoop.ipc.Server$Handler.run(Server.java:2932)
"IPC Server handler 36 on default port 13033" daemon prio=5 tid=2346 timed_waiting
java.lang.Thread.State: TIMED_WAITING
        at sun.misc.Unsafe.park(Native Method)
        at java.util.concurrent.locks.LockSupport.parkNanos(LockSupport.java:215)
        at java.util.concurrent.locks.AbstractQueuedSynchronizer$ConditionObject.awaitNanos(AbstractQueuedSynchronizer.java:2078)
        at java.util.concurrent.LinkedBlockingQueue.poll(LinkedBlockingQueue.java:467)
        at org.apache.hadoop.ipc.CallQueueManager.take(CallQueueManager.java:317)
        at org.apache.hadoop.ipc.Server$Handler.run(Server.java:2932)
"org.apache.hadoop.ozone.container.common.statemachine.commandhandler.DeleteBlocksCommandHandler$DeleteCmdWorker@223b6e94" daemon prio=5 tid=602 runnable
java.lang.Thread.State: RUNNABLE
        at java.lang.Thread.sleep(Native Method)
        at org.apache.hadoop.ozone.container.common.statemachine.commandhandler.DeleteBlocksCommandHandler$DeleteCmdWorker.run(DeleteBlocksCommandHandler.java:175)
        at java.lang.Thread.run(Thread.java:748)
"IPC Server handler 51 on default port 13035" daemon prio=5 tid=2142 timed_waiting
java.lang.Thread.State: TIMED_WAITING
        at sun.misc.Unsafe.park(Native Method)
        at java.util.concurrent.locks.LockSupport.parkNanos(LockSupport.java:215)
        at java.util.concurrent.locks.AbstractQueuedSynchronizer$ConditionObject.awaitNanos(AbstractQueuedSynchronizer.java:2078)
        at java.util.concurrent.LinkedBlockingQueue.poll(LinkedBlockingQueue.java:467)
        at org.apache.hadoop.ipc.CallQueueManager.take(CallQueueManager.java:317)
        at org.apache.hadoop.ipc.Server$Handler.run(Server.java:2932)
"IPC Parameter Sending Thread #1" daemon prio=5 tid=633 timed_waiting
java.lang.Thread.State: TIMED_WAITING
        at sun.misc.Unsafe.park(Native Method)
        at java.util.concurrent.locks.LockSupport.parkNanos(LockSupport.java:215)
        at java.util.concurrent.SynchronousQueue$TransferStack.awaitFulfill(SynchronousQueue.java:460)
        at java.util.concurrent.SynchronousQueue$TransferStack.transfer(SynchronousQueue.java:362)
        at java.util.concurrent.SynchronousQueue.poll(SynchronousQueue.java:941)
        at java.util.concurrent.ThreadPoolExecutor.getTask(ThreadPoolExecutor.java:1073)
        at java.util.concurrent.ThreadPoolExecutor.runWorker(ThreadPoolExecutor.java:1134)
        at java.util.concurrent.ThreadPoolExecutor$Worker.run(ThreadPoolExecutor.java:624)
        at java.lang.Thread.run(Thread.java:748)
"IPC Server handler 15 on default port 13034" daemon prio=5 tid=2206 timed_waiting
java.lang.Thread.State: TIMED_WAITING
        at sun.misc.Unsafe.park(Native Method)
        at java.util.concurrent.locks.LockSupport.parkNanos(LockSupport.java:215)
        at java.util.concurrent.locks.AbstractQueuedSynchronizer$ConditionObject.awaitNanos(AbstractQueuedSynchronizer.java:2078)
        at java.util.concurrent.LinkedBlockingQueue.poll(LinkedBlockingQueue.java:467)
        at org.apache.hadoop.ipc.CallQueueManager.take(CallQueueManager.java:317)
        at org.apache.hadoop.ipc.Server$Handler.run(Server.java:2932)
"pool-465-thread-1"  prio=5 tid=2554 in Object.wait()
java.lang.Thread.State: WAITING (on object monitor)
        at sun.misc.Unsafe.park(Native Method)
        at java.util.concurrent.locks.LockSupport.park(LockSupport.java:175)
        at java.util.concurrent.locks.AbstractQueuedSynchronizer$ConditionObject.await(AbstractQueuedSynchronizer.java:2039)
        at java.util.concurrent.LinkedBlockingQueue.take(LinkedBlockingQueue.java:442)
        at java.util.concurrent.ThreadPoolExecutor.getTask(ThreadPoolExecutor.java:1074)
        at java.util.concurrent.ThreadPoolExecutor.runWorker(ThreadPoolExecutor.java:1134)
        at java.util.concurrent.ThreadPoolExecutor$Worker.run(ThreadPoolExecutor.java:624)
        at java.lang.Thread.run(Thread.java:748)
"6dac361e-3d50-41be-ba36-b7bec097cbe9@group-390751046F7B-LeaderStateImpl" daemon prio=5 tid=2309 timed_waiting
java.lang.Thread.State: TIMED_WAITING
        at sun.misc.Unsafe.park(Native Method)
        at java.util.concurrent.locks.LockSupport.parkNanos(LockSupport.java:215)
        at java.util.concurrent.locks.AbstractQueuedSynchronizer$ConditionObject.awaitNanos(AbstractQueuedSynchronizer.java:2078)
        at java.util.concurrent.ArrayBlockingQueue.poll(ArrayBlockingQueue.java:418)
        at org.apache.ratis.server.impl.LeaderStateImpl$EventQueue.poll(LeaderStateImpl.java:156)
        at org.apache.ratis.server.impl.LeaderStateImpl$EventProcessor.run(LeaderStateImpl.java:600)
"Datanode ReportManager Thread - 2" daemon prio=5 tid=565 in Object.wait()
java.lang.Thread.State: WAITING (on object monitor)
        at sun.misc.Unsafe.park(Native Method)
        at java.util.concurrent.locks.LockSupport.park(LockSupport.java:175)
        at java.util.concurrent.locks.AbstractQueuedSynchronizer$ConditionObject.await(AbstractQueuedSynchronizer.java:2039)
        at java.util.concurrent.ScheduledThreadPoolExecutor$DelayedWorkQueue.take(ScheduledThreadPoolExecutor.java:1088)
        at java.util.concurrent.ScheduledThreadPoolExecutor$DelayedWorkQueue.take(ScheduledThreadPoolExecutor.java:809)
        at java.util.concurrent.ThreadPoolExecutor.getTask(ThreadPoolExecutor.java:1074)
        at java.util.concurrent.ThreadPoolExecutor.runWorker(ThreadPoolExecutor.java:1134)
        at java.util.concurrent.ThreadPoolExecutor$Worker.run(ThreadPoolExecutor.java:624)
        at java.lang.Thread.run(Thread.java:748)
"ChunkWriter-0-0" daemon prio=5 tid=2684 in Object.wait()
java.lang.Thread.State: WAITING (on object monitor)
        at sun.misc.Unsafe.park(Native Method)
        at java.util.concurrent.locks.LockSupport.park(LockSupport.java:175)
        at java.util.concurrent.locks.AbstractQueuedSynchronizer$ConditionObject.await(AbstractQueuedSynchronizer.java:2039)
        at java.util.concurrent.LinkedBlockingDeque.takeFirst(LinkedBlockingDeque.java:492)
        at java.util.concurrent.LinkedBlockingDeque.take(LinkedBlockingDeque.java:680)
        at java.util.concurrent.ThreadPoolExecutor.getTask(ThreadPoolExecutor.java:1074)
        at java.util.concurrent.ThreadPoolExecutor.runWorker(ThreadPoolExecutor.java:1134)
        at java.util.concurrent.ThreadPoolExecutor$Worker.run(ThreadPoolExecutor.java:624)
        at java.lang.Thread.run(Thread.java:748)
"IPC Server handler 17 on default port 11132" daemon prio=5 tid=2593 timed_waiting
java.lang.Thread.State: TIMED_WAITING
        at sun.misc.Unsafe.park(Native Method)
        at java.util.concurrent.locks.LockSupport.parkNanos(LockSupport.java:215)
        at java.util.concurrent.locks.AbstractQueuedSynchronizer$ConditionObject.awaitNanos(AbstractQueuedSynchronizer.java:2078)
        at java.util.concurrent.LinkedBlockingQueue.poll(LinkedBlockingQueue.java:467)
        at org.apache.hadoop.ipc.CallQueueManager.take(CallQueueManager.java:317)
        at org.apache.hadoop.ipc.Server$Handler.run(Server.java:2932)
"IPC Server handler 54 on default port 13033" daemon prio=5 tid=2364 timed_waiting
java.lang.Thread.State: TIMED_WAITING
        at sun.misc.Unsafe.park(Native Method)
        at java.util.concurrent.locks.LockSupport.parkNanos(LockSupport.java:215)
        at java.util.concurrent.locks.AbstractQueuedSynchronizer$ConditionObject.awaitNanos(AbstractQueuedSynchronizer.java:2078)
        at java.util.concurrent.LinkedBlockingQueue.poll(LinkedBlockingQueue.java:467)
        at org.apache.hadoop.ipc.CallQueueManager.take(CallQueueManager.java:317)
        at org.apache.hadoop.ipc.Server$Handler.run(Server.java:2932)
"IPC Server handler 70 on default port 13034" daemon prio=5 tid=2261 timed_waiting
java.lang.Thread.State: TIMED_WAITING
        at sun.misc.Unsafe.park(Native Method)
        at java.util.concurrent.locks.LockSupport.parkNanos(LockSupport.java:215)
        at java.util.concurrent.locks.AbstractQueuedSynchronizer$ConditionObject.awaitNanos(AbstractQueuedSynchronizer.java:2078)
        at java.util.concurrent.LinkedBlockingQueue.poll(LinkedBlockingQueue.java:467)
        at org.apache.hadoop.ipc.CallQueueManager.take(CallQueueManager.java:317)
        at org.apache.hadoop.ipc.Server$Handler.run(Server.java:2932)
"IPC Server handler 12 on default port 13034" daemon prio=5 tid=2203 timed_waiting
java.lang.Thread.State: TIMED_WAITING
        at sun.misc.Unsafe.park(Native Method)
        at java.util.concurrent.locks.LockSupport.parkNanos(LockSupport.java:215)
        at java.util.concurrent.locks.AbstractQueuedSynchronizer$ConditionObject.awaitNanos(AbstractQueuedSynchronizer.java:2078)
        at java.util.concurrent.LinkedBlockingQueue.poll(LinkedBlockingQueue.java:467)
        at org.apache.hadoop.ipc.CallQueueManager.take(CallQueueManager.java:317)
        at org.apache.hadoop.ipc.Server$Handler.run(Server.java:2932)
"d262ff89-3d5e-4ab4-981f-dc8616a3cc4b@group-A37BCEEDED0F-SegmentedRaftLogWorker"  prio=5 tid=2764 timed_waiting
java.lang.Thread.State: TIMED_WAITING
        at sun.misc.Unsafe.park(Native Method)
        at java.util.concurrent.locks.LockSupport.parkNanos(LockSupport.java:215)
        at java.util.concurrent.locks.AbstractQueuedSynchronizer$ConditionObject.awaitNanos(AbstractQueuedSynchronizer.java:2078)
        at org.apache.ratis.util.DataBlockingQueue.poll(DataBlockingQueue.java:137)
        at org.apache.ratis.server.raftlog.segmented.SegmentedRaftLogWorker.run(SegmentedRaftLogWorker.java:292)
        at org.apache.ratis.server.raftlog.segmented.SegmentedRaftLogWorker$$Lambda$435/2075927136.run(Unknown Source)
        at java.lang.Thread.run(Thread.java:748)
"IPC Server idle connection scanner for port 13043" daemon prio=5 tid=2426 timed_waiting
java.lang.Thread.State: TIMED_WAITING
        at java.lang.Object.wait(Native Method)
        at java.util.TimerThread.mainLoop(Timer.java:552)
        at java.util.TimerThread.run(Timer.java:505)
"ChunkWriter-3-0" daemon prio=5 tid=2687 in Object.wait()
java.lang.Thread.State: WAITING (on object monitor)
        at sun.misc.Unsafe.park(Native Method)
        at java.util.concurrent.locks.LockSupport.park(LockSupport.java:175)
        at java.util.concurrent.locks.AbstractQueuedSynchronizer$ConditionObject.await(AbstractQueuedSynchronizer.java:2039)
        at java.util.concurrent.LinkedBlockingDeque.takeFirst(LinkedBlockingDeque.java:492)
        at java.util.concurrent.LinkedBlockingDeque.take(LinkedBlockingDeque.java:680)
        at java.util.concurrent.ThreadPoolExecutor.getTask(ThreadPoolExecutor.java:1074)
        at java.util.concurrent.ThreadPoolExecutor.runWorker(ThreadPoolExecutor.java:1134)
        at java.util.concurrent.ThreadPoolExecutor$Worker.run(ThreadPoolExecutor.java:624)
        at java.lang.Thread.run(Thread.java:748)
"IPC Server handler 73 on default port 13033" daemon prio=5 tid=2383 timed_waiting
java.lang.Thread.State: TIMED_WAITING
        at sun.misc.Unsafe.park(Native Method)
        at java.util.concurrent.locks.LockSupport.parkNanos(LockSupport.java:215)
        at java.util.concurrent.locks.AbstractQueuedSynchronizer$ConditionObject.awaitNanos(AbstractQueuedSynchronizer.java:2078)
        at java.util.concurrent.LinkedBlockingQueue.poll(LinkedBlockingQueue.java:467)
        at org.apache.hadoop.ipc.CallQueueManager.take(CallQueueManager.java:317)
        at org.apache.hadoop.ipc.Server$Handler.run(Server.java:2932)
"Datanode ReportManager Thread - 0" daemon prio=5 tid=2642 timed_waiting
java.lang.Thread.State: TIMED_WAITING
        at sun.misc.Unsafe.park(Native Method)
        at java.util.concurrent.locks.LockSupport.parkNanos(LockSupport.java:215)
        at java.util.concurrent.locks.AbstractQueuedSynchronizer$ConditionObject.awaitNanos(AbstractQueuedSynchronizer.java:2078)
        at java.util.concurrent.ScheduledThreadPoolExecutor$DelayedWorkQueue.take(ScheduledThreadPoolExecutor.java:1093)
        at java.util.concurrent.ScheduledThreadPoolExecutor$DelayedWorkQueue.take(ScheduledThreadPoolExecutor.java:809)
        at java.util.concurrent.ThreadPoolExecutor.getTask(ThreadPoolExecutor.java:1074)
        at java.util.concurrent.ThreadPoolExecutor.runWorker(ThreadPoolExecutor.java:1134)
        at java.util.concurrent.ThreadPoolExecutor$Worker.run(ThreadPoolExecutor.java:624)
        at java.lang.Thread.run(Thread.java:748)
"IPC Server handler 3 on default port 13033" daemon prio=5 tid=2313 timed_waiting
java.lang.Thread.State: TIMED_WAITING
        at sun.misc.Unsafe.park(Native Method)
        at java.util.concurrent.locks.LockSupport.parkNanos(LockSupport.java:215)
        at java.util.concurrent.locks.AbstractQueuedSynchronizer$ConditionObject.awaitNanos(AbstractQueuedSynchronizer.java:2078)
        at java.util.concurrent.LinkedBlockingQueue.poll(LinkedBlockingQueue.java:467)
        at org.apache.hadoop.ipc.CallQueueManager.take(CallQueueManager.java:317)
        at org.apache.hadoop.ipc.Server$Handler.run(Server.java:2932)
"IPC Server handler 43 on default port 13033" daemon prio=5 tid=2353 timed_waiting
java.lang.Thread.State: TIMED_WAITING
        at sun.misc.Unsafe.park(Native Method)
        at java.util.concurrent.locks.LockSupport.parkNanos(LockSupport.java:215)
        at java.util.concurrent.locks.AbstractQueuedSynchronizer$ConditionObject.awaitNanos(AbstractQueuedSynchronizer.java:2078)
        at java.util.concurrent.LinkedBlockingQueue.poll(LinkedBlockingQueue.java:467)
        at org.apache.hadoop.ipc.CallQueueManager.take(CallQueueManager.java:317)
        at org.apache.hadoop.ipc.Server$Handler.run(Server.java:2932)
"IPC Server handler 7 on default port 13033" daemon prio=5 tid=2317 timed_waiting
java.lang.Thread.State: TIMED_WAITING
        at sun.misc.Unsafe.park(Native Method)
        at java.util.concurrent.locks.LockSupport.parkNanos(LockSupport.java:215)
        at java.util.concurrent.locks.AbstractQueuedSynchronizer$ConditionObject.awaitNanos(AbstractQueuedSynchronizer.java:2078)
        at java.util.concurrent.LinkedBlockingQueue.poll(LinkedBlockingQueue.java:467)
        at org.apache.hadoop.ipc.CallQueueManager.take(CallQueueManager.java:317)
        at org.apache.hadoop.ipc.Server$Handler.run(Server.java:2932)
"IPC Server handler 26 on default port 13035" daemon prio=5 tid=2117 timed_waiting
java.lang.Thread.State: TIMED_WAITING
        at sun.misc.Unsafe.park(Native Method)
        at java.util.concurrent.locks.LockSupport.parkNanos(LockSupport.java:215)
        at java.util.concurrent.locks.AbstractQueuedSynchronizer$ConditionObject.awaitNanos(AbstractQueuedSynchronizer.java:2078)
        at java.util.concurrent.LinkedBlockingQueue.poll(LinkedBlockingQueue.java:467)
        at org.apache.hadoop.ipc.CallQueueManager.take(CallQueueManager.java:317)
        at org.apache.hadoop.ipc.Server$Handler.run(Server.java:2932)
"Datanode ReportManager Thread - 2" daemon prio=5 tid=2644 in Object.wait()
java.lang.Thread.State: WAITING (on object monitor)
        at sun.misc.Unsafe.park(Native Method)
        at java.util.concurrent.locks.LockSupport.park(LockSupport.java:175)
        at java.util.concurrent.locks.AbstractQueuedSynchronizer$ConditionObject.await(AbstractQueuedSynchronizer.java:2039)
        at java.util.concurrent.ScheduledThreadPoolExecutor$DelayedWorkQueue.take(ScheduledThreadPoolExecutor.java:1088)
        at java.util.concurrent.ScheduledThreadPoolExecutor$DelayedWorkQueue.take(ScheduledThreadPoolExecutor.java:809)
        at java.util.concurrent.ThreadPoolExecutor.getTask(ThreadPoolExecutor.java:1074)
        at java.util.concurrent.ThreadPoolExecutor.runWorker(ThreadPoolExecutor.java:1134)
        at java.util.concurrent.ThreadPoolExecutor$Worker.run(ThreadPoolExecutor.java:624)
        at java.lang.Thread.run(Thread.java:748)
"IPC Server handler 85 on default port 13034" daemon prio=5 tid=2276 timed_waiting
java.lang.Thread.State: TIMED_WAITING
        at sun.misc.Unsafe.park(Native Method)
        at java.util.concurrent.locks.LockSupport.parkNanos(LockSupport.java:215)
        at java.util.concurrent.locks.AbstractQueuedSynchronizer$ConditionObject.awaitNanos(AbstractQueuedSynchronizer.java:2078)
        at java.util.concurrent.LinkedBlockingQueue.poll(LinkedBlockingQueue.java:467)
        at org.apache.hadoop.ipc.CallQueueManager.take(CallQueueManager.java:317)
        at org.apache.hadoop.ipc.Server$Handler.run(Server.java:2932)
"surefire-forkedjvm-command-thread" daemon prio=5 tid=9 runnable
java.lang.Thread.State: RUNNABLE
        at java.io.FileInputStream.readBytes(Native Method)
        at java.io.FileInputStream.read(FileInputStream.java:255)
        at java.io.BufferedInputStream.fill(BufferedInputStream.java:246)
        at java.io.BufferedInputStream.read(BufferedInputStream.java:265)
        at java.io.DataInputStream.readInt(DataInputStream.java:387)
        at org.apache.maven.surefire.booter.MasterProcessCommand.decode(MasterProcessCommand.java:115)
        at org.apache.maven.surefire.booter.CommandReader$CommandRunnable.run(CommandReader.java:390)
        at java.lang.Thread.run(Thread.java:748)
"EndpointStateMachine task thread for /127.0.0.1:12199 - 0 "  prio=5 tid=1754 in Object.wait()
java.lang.Thread.State: WAITING (on object monitor)
        at sun.misc.Unsafe.park(Native Method)
        at java.util.concurrent.locks.LockSupport.park(LockSupport.java:175)
        at java.util.concurrent.locks.AbstractQueuedSynchronizer$ConditionObject.await(AbstractQueuedSynchronizer.java:2039)
        at java.util.concurrent.LinkedBlockingQueue.take(LinkedBlockingQueue.java:442)
        at java.util.concurrent.ThreadPoolExecutor.getTask(ThreadPoolExecutor.java:1074)
        at java.util.concurrent.ThreadPoolExecutor.runWorker(ThreadPoolExecutor.java:1134)
        at java.util.concurrent.ThreadPoolExecutor$Worker.run(ThreadPoolExecutor.java:624)
        at java.lang.Thread.run(Thread.java:748)
"qtp708676185-2630-acceptor-0@3463cf05-ServerConnector@461c6f{HTTP/1.1, (http/1.1)}{0.0.0.0:45669}" daemon prio=3 tid=2630 runnable
java.lang.Thread.State: RUNNABLE
        at sun.nio.ch.ServerSocketChannelImpl.accept0(Native Method)
        at sun.nio.ch.ServerSocketChannelImpl.accept(ServerSocketChannelImpl.java:421)
        at sun.nio.ch.ServerSocketChannelImpl.accept(ServerSocketChannelImpl.java:249)
        at org.eclipse.jetty.server.ServerConnector.accept(ServerConnector.java:388)
        at org.eclipse.jetty.server.AbstractConnector$Acceptor.run(AbstractConnector.java:702)
        at org.eclipse.jetty.util.thread.QueuedThreadPool.runJob(QueuedThreadPool.java:883)
        at org.eclipse.jetty.util.thread.QueuedThreadPool$Runner.run(QueuedThreadPool.java:1034)
        at java.lang.Thread.run(Thread.java:748)
"IPC Server handler 17 on default port 13043" daemon prio=5 tid=2472 timed_waiting
java.lang.Thread.State: TIMED_WAITING
        at sun.misc.Unsafe.park(Native Method)
        at java.util.concurrent.locks.LockSupport.parkNanos(LockSupport.java:215)
        at java.util.concurrent.locks.AbstractQueuedSynchronizer$ConditionObject.awaitNanos(AbstractQueuedSynchronizer.java:2078)
        at java.util.concurrent.LinkedBlockingQueue.poll(LinkedBlockingQueue.java:467)
        at org.apache.hadoop.ipc.CallQueueManager.take(CallQueueManager.java:317)
        at org.apache.hadoop.ipc.Server$Handler.run(Server.java:2932)
"IPC Server handler 62 on default port 13033" daemon prio=5 tid=2372 timed_waiting
java.lang.Thread.State: TIMED_WAITING
        at sun.misc.Unsafe.park(Native Method)
        at java.util.concurrent.locks.LockSupport.parkNanos(LockSupport.java:215)
        at java.util.concurrent.locks.AbstractQueuedSynchronizer$ConditionObject.awaitNanos(AbstractQueuedSynchronizer.java:2078)
        at java.util.concurrent.LinkedBlockingQueue.poll(LinkedBlockingQueue.java:467)
        at org.apache.hadoop.ipc.CallQueueManager.take(CallQueueManager.java:317)
        at org.apache.hadoop.ipc.Server$Handler.run(Server.java:2932)
"Datanode State Machine Task Thread - 1"  prio=5 tid=2705 timed_waiting
java.lang.Thread.State: TIMED_WAITING
        at sun.misc.Unsafe.park(Native Method)
        at java.util.concurrent.locks.LockSupport.parkNanos(LockSupport.java:215)
        at java.util.concurrent.FutureTask.awaitDone(FutureTask.java:426)
        at java.util.concurrent.FutureTask.get(FutureTask.java:204)
        at org.apache.hadoop.ozone.container.common.states.datanode.RunningDatanodeState.lambda$execute$0(RunningDatanodeState.java:149)
        at org.apache.hadoop.ozone.container.common.states.datanode.RunningDatanodeState$$Lambda$904/1783042161.call(Unknown Source)
        at java.util.concurrent.FutureTask.run(FutureTask.java:266)
        at java.util.concurrent.Executors$RunnableAdapter.call(Executors.java:511)
        at java.util.concurrent.FutureTask.run(FutureTask.java:266)
        at java.util.concurrent.ThreadPoolExecutor.runWorker(ThreadPoolExecutor.java:1149)
        at java.util.concurrent.ThreadPoolExecutor$Worker.run(ThreadPoolExecutor.java:624)
        at java.lang.Thread.run(Thread.java:748)
"IPC Server handler 19 on default port 13045" daemon prio=5 tid=2496 timed_waiting
java.lang.Thread.State: TIMED_WAITING
        at sun.misc.Unsafe.park(Native Method)
        at java.util.concurrent.locks.LockSupport.parkNanos(LockSupport.java:215)
        at java.util.concurrent.locks.AbstractQueuedSynchronizer$ConditionObject.awaitNanos(AbstractQueuedSynchronizer.java:2078)
        at java.util.concurrent.LinkedBlockingQueue.poll(LinkedBlockingQueue.java:467)
        at org.apache.hadoop.ipc.CallQueueManager.take(CallQueueManager.java:317)
        at org.apache.hadoop.ipc.Server$Handler.run(Server.java:2932)
"grpc-shared-destroyer-0" daemon prio=5 tid=2066 in Object.wait()
java.lang.Thread.State: WAITING (on object monitor)
        at sun.misc.Unsafe.park(Native Method)
        at java.util.concurrent.locks.LockSupport.park(LockSupport.java:175)
        at java.util.concurrent.locks.AbstractQueuedSynchronizer$ConditionObject.await(AbstractQueuedSynchronizer.java:2039)
        at java.util.concurrent.ScheduledThreadPoolExecutor$DelayedWorkQueue.take(ScheduledThreadPoolExecutor.java:1081)
        at java.util.concurrent.ScheduledThreadPoolExecutor$DelayedWorkQueue.take(ScheduledThreadPoolExecutor.java:809)
        at java.util.concurrent.ThreadPoolExecutor.getTask(ThreadPoolExecutor.java:1074)
        at java.util.concurrent.ThreadPoolExecutor.runWorker(ThreadPoolExecutor.java:1134)
        at java.util.concurrent.ThreadPoolExecutor$Worker.run(ThreadPoolExecutor.java:624)
        at java.lang.Thread.run(Thread.java:748)
"IPC Server handler 62 on default port 13035" daemon prio=5 tid=2153 timed_waiting
java.lang.Thread.State: TIMED_WAITING
        at sun.misc.Unsafe.park(Native Method)
        at java.util.concurrent.locks.LockSupport.parkNanos(LockSupport.java:215)
        at java.util.concurrent.locks.AbstractQueuedSynchronizer$ConditionObject.awaitNanos(AbstractQueuedSynchronizer.java:2078)
        at java.util.concurrent.LinkedBlockingQueue.poll(LinkedBlockingQueue.java:467)
        at org.apache.hadoop.ipc.CallQueueManager.take(CallQueueManager.java:317)
        at org.apache.hadoop.ipc.Server$Handler.run(Server.java:2932)
"EventQueue-OpenPipelineForHealthyPipelineSafeModeRule" daemon prio=5 tid=2746 in Object.wait()
java.lang.Thread.State: WAITING (on object monitor)
        at sun.misc.Unsafe.park(Native Method)
        at java.util.concurrent.locks.LockSupport.park(LockSupport.java:175)
        at java.util.concurrent.locks.AbstractQueuedSynchronizer$ConditionObject.await(AbstractQueuedSynchronizer.java:2039)
        at java.util.concurrent.LinkedBlockingQueue.take(LinkedBlockingQueue.java:442)
        at java.util.concurrent.ThreadPoolExecutor.getTask(ThreadPoolExecutor.java:1074)
        at java.util.concurrent.ThreadPoolExecutor.runWorker(ThreadPoolExecutor.java:1134)
        at java.util.concurrent.ThreadPoolExecutor$Worker.run(ThreadPoolExecutor.java:624)
        at java.lang.Thread.run(Thread.java:748)
"omNode-1@group-523986131536-LeaderStateImpl" daemon prio=5 tid=2641 timed_waiting
java.lang.Thread.State: TIMED_WAITING
        at sun.misc.Unsafe.park(Native Method)
        at java.util.concurrent.locks.LockSupport.parkNanos(LockSupport.java:215)
        at java.util.concurrent.locks.AbstractQueuedSynchronizer$ConditionObject.awaitNanos(AbstractQueuedSynchronizer.java:2078)
        at java.util.concurrent.ArrayBlockingQueue.poll(ArrayBlockingQueue.java:418)
        at org.apache.ratis.server.impl.LeaderStateImpl$EventQueue.poll(LeaderStateImpl.java:156)
        at org.apache.ratis.server.impl.LeaderStateImpl$EventProcessor.run(LeaderStateImpl.java:600)
"IPC Server listener on 13033" daemon prio=5 tid=2074 runnable
java.lang.Thread.State: RUNNABLE
        at sun.nio.ch.EPollArrayWrapper.epollWait(Native Method)
        at sun.nio.ch.EPollArrayWrapper.poll(EPollArrayWrapper.java:269)
        at sun.nio.ch.EPollSelectorImpl.doSelect(EPollSelectorImpl.java:93)
        at sun.nio.ch.SelectorImpl.lockAndDoSelect(SelectorImpl.java:86)
        at sun.nio.ch.SelectorImpl.select(SelectorImpl.java:97)
        at sun.nio.ch.SelectorImpl.select(SelectorImpl.java:101)
        at org.apache.hadoop.ipc.Server$Listener.run(Server.java:1350)
"qtp1029395488-2299" daemon prio=5 tid=2299 timed_waiting
java.lang.Thread.State: TIMED_WAITING
        at sun.misc.Unsafe.park(Native Method)
        at java.util.concurrent.locks.LockSupport.parkNanos(LockSupport.java:215)
        at java.util.concurrent.locks.AbstractQueuedSynchronizer$ConditionObject.awaitNanos(AbstractQueuedSynchronizer.java:2078)
        at org.eclipse.jetty.util.BlockingArrayQueue.poll(BlockingArrayQueue.java:382)
        at org.eclipse.jetty.util.thread.QueuedThreadPool$Runner.idleJobPoll(QueuedThreadPool.java:974)
        at org.eclipse.jetty.util.thread.QueuedThreadPool$Runner.run(QueuedThreadPool.java:1018)
        at java.lang.Thread.run(Thread.java:748)
"IPC Server handler 57 on default port 13035" daemon prio=5 tid=2148 timed_waiting
java.lang.Thread.State: TIMED_WAITING
        at sun.misc.Unsafe.park(Native Method)
        at java.util.concurrent.locks.LockSupport.parkNanos(LockSupport.java:215)
        at java.util.concurrent.locks.AbstractQueuedSynchronizer$ConditionObject.awaitNanos(AbstractQueuedSynchronizer.java:2078)
        at java.util.concurrent.LinkedBlockingQueue.poll(LinkedBlockingQueue.java:467)
        at org.apache.hadoop.ipc.CallQueueManager.take(CallQueueManager.java:317)
        at org.apache.hadoop.ipc.Server$Handler.run(Server.java:2932)
"org.apache.hadoop.ozone.container.common.statemachine.commandhandler.DeleteBlocksCommandHandler$DeleteCmdWorker@3b626720" daemon prio=5 tid=1727 runnable
java.lang.Thread.State: RUNNABLE
        at java.lang.Thread.sleep(Native Method)
        at org.apache.hadoop.ozone.container.common.statemachine.commandhandler.DeleteBlocksCommandHandler$DeleteCmdWorker.run(DeleteBlocksCommandHandler.java:175)
        at java.lang.Thread.run(Thread.java:748)
"IPC Server handler 6 on default port 13044" daemon prio=5 tid=2503 timed_waiting
java.lang.Thread.State: TIMED_WAITING
        at sun.misc.Unsafe.park(Native Method)
        at java.util.concurrent.locks.LockSupport.parkNanos(LockSupport.java:215)
        at java.util.concurrent.locks.AbstractQueuedSynchronizer$ConditionObject.awaitNanos(AbstractQueuedSynchronizer.java:2078)
        at java.util.concurrent.LinkedBlockingQueue.poll(LinkedBlockingQueue.java:467)
        at org.apache.hadoop.ipc.CallQueueManager.take(CallQueueManager.java:317)
        at org.apache.hadoop.ipc.Server$Handler.run(Server.java:2932)
"Datanode ReportManager Thread - 4" daemon prio=5 tid=619 in Object.wait()
java.lang.Thread.State: WAITING (on object monitor)
        at sun.misc.Unsafe.park(Native Method)
        at java.util.concurrent.locks.LockSupport.park(LockSupport.java:175)
        at java.util.concurrent.locks.AbstractQueuedSynchronizer$ConditionObject.await(AbstractQueuedSynchronizer.java:2039)
        at java.util.concurrent.ScheduledThreadPoolExecutor$DelayedWorkQueue.take(ScheduledThreadPoolExecutor.java:1088)
        at java.util.concurrent.ScheduledThreadPoolExecutor$DelayedWorkQueue.take(ScheduledThreadPoolExecutor.java:809)
        at java.util.concurrent.ThreadPoolExecutor.getTask(ThreadPoolExecutor.java:1074)
        at java.util.concurrent.ThreadPoolExecutor.runWorker(ThreadPoolExecutor.java:1134)
        at java.util.concurrent.ThreadPoolExecutor$Worker.run(ThreadPoolExecutor.java:624)
        at java.lang.Thread.run(Thread.java:748)
"IPC Server handler 1 on default port 13043" daemon prio=5 tid=2456 timed_waiting
java.lang.Thread.State: TIMED_WAITING
        at sun.misc.Unsafe.park(Native Method)
        at java.util.concurrent.locks.LockSupport.parkNanos(LockSupport.java:215)
        at java.util.concurrent.locks.AbstractQueuedSynchronizer$ConditionObject.awaitNanos(AbstractQueuedSynchronizer.java:2078)
        at java.util.concurrent.LinkedBlockingQueue.poll(LinkedBlockingQueue.java:467)
        at org.apache.hadoop.ipc.CallQueueManager.take(CallQueueManager.java:317)
        at org.apache.hadoop.ipc.Server$Handler.run(Server.java:2932)
"IPC Server handler 19 on default port 13044" daemon prio=5 tid=2516 timed_waiting
java.lang.Thread.State: TIMED_WAITING
        at sun.misc.Unsafe.park(Native Method)
        at java.util.concurrent.locks.LockSupport.parkNanos(LockSupport.java:215)
        at java.util.concurrent.locks.AbstractQueuedSynchronizer$ConditionObject.awaitNanos(AbstractQueuedSynchronizer.java:2078)
        at java.util.concurrent.LinkedBlockingQueue.poll(LinkedBlockingQueue.java:467)
        at org.apache.hadoop.ipc.CallQueueManager.take(CallQueueManager.java:317)
        at org.apache.hadoop.ipc.Server$Handler.run(Server.java:2932)
"91f27009-ec66-4294-9321-b0739729fb6b@group-A37BCEEDED0F-LeaderStateImpl" daemon prio=5 tid=2933 timed_waiting
java.lang.Thread.State: TIMED_WAITING
        at sun.misc.Unsafe.park(Native Method)
        at java.util.concurrent.locks.LockSupport.parkNanos(LockSupport.java:215)
        at java.util.concurrent.locks.AbstractQueuedSynchronizer$ConditionObject.awaitNanos(AbstractQueuedSynchronizer.java:2078)
        at java.util.concurrent.ArrayBlockingQueue.poll(ArrayBlockingQueue.java:418)
        at org.apache.ratis.server.impl.LeaderStateImpl$EventQueue.poll(LeaderStateImpl.java:156)
        at org.apache.ratis.server.impl.LeaderStateImpl$EventProcessor.run(LeaderStateImpl.java:600)
"IPC Server handler 32 on default port 13034" daemon prio=5 tid=2223 timed_waiting
java.lang.Thread.State: TIMED_WAITING
        at sun.misc.Unsafe.park(Native Method)
        at java.util.concurrent.locks.LockSupport.parkNanos(LockSupport.java:215)
        at java.util.concurrent.locks.AbstractQueuedSynchronizer$ConditionObject.awaitNanos(AbstractQueuedSynchronizer.java:2078)
        at java.util.concurrent.LinkedBlockingQueue.poll(LinkedBlockingQueue.java:467)
        at org.apache.hadoop.ipc.CallQueueManager.take(CallQueueManager.java:317)
        at org.apache.hadoop.ipc.Server$Handler.run(Server.java:2932)
"IPC Server handler 96 on default port 13035" daemon prio=5 tid=2187 timed_waiting
java.lang.Thread.State: TIMED_WAITING
        at sun.misc.Unsafe.park(Native Method)
        at java.util.concurrent.locks.LockSupport.parkNanos(LockSupport.java:215)
        at java.util.concurrent.locks.AbstractQueuedSynchronizer$ConditionObject.awaitNanos(AbstractQueuedSynchronizer.java:2078)
        at java.util.concurrent.LinkedBlockingQueue.poll(LinkedBlockingQueue.java:467)
        at org.apache.hadoop.ipc.CallQueueManager.take(CallQueueManager.java:317)
        at org.apache.hadoop.ipc.Server$Handler.run(Server.java:2932)
"KeyDeletingService#0" daemon prio=5 tid=2564 timed_waiting
java.lang.Thread.State: TIMED_WAITING
        at sun.misc.Unsafe.park(Native Method)
        at java.util.concurrent.locks.LockSupport.parkNanos(LockSupport.java:215)
        at java.util.concurrent.locks.AbstractQueuedSynchronizer$ConditionObject.awaitNanos(AbstractQueuedSynchronizer.java:2078)
        at java.util.concurrent.ScheduledThreadPoolExecutor$DelayedWorkQueue.take(ScheduledThreadPoolExecutor.java:1093)
        at java.util.concurrent.ScheduledThreadPoolExecutor$DelayedWorkQueue.take(ScheduledThreadPoolExecutor.java:809)
        at java.util.concurrent.ThreadPoolExecutor.getTask(ThreadPoolExecutor.java:1074)
        at java.util.concurrent.ThreadPoolExecutor.runWorker(ThreadPoolExecutor.java:1134)
        at java.util.concurrent.ThreadPoolExecutor$Worker.run(ThreadPoolExecutor.java:624)
        at java.lang.Thread.run(Thread.java:748)
"IPC Server handler 24 on default port 13033" daemon prio=5 tid=2334 timed_waiting
java.lang.Thread.State: TIMED_WAITING
        at sun.misc.Unsafe.park(Native Method)
        at java.util.concurrent.locks.LockSupport.parkNanos(LockSupport.java:215)
        at java.util.concurrent.locks.AbstractQueuedSynchronizer$ConditionObject.awaitNanos(AbstractQueuedSynchronizer.java:2078)
        at java.util.concurrent.LinkedBlockingQueue.poll(LinkedBlockingQueue.java:467)
        at org.apache.hadoop.ipc.CallQueueManager.take(CallQueueManager.java:317)
        at org.apache.hadoop.ipc.Server$Handler.run(Server.java:2932)
"IPC Server handler 16 on default port 13033" daemon prio=5 tid=2326 timed_waiting
java.lang.Thread.State: TIMED_WAITING
        at sun.misc.Unsafe.park(Native Method)
        at java.util.concurrent.locks.LockSupport.parkNanos(LockSupport.java:215)
        at java.util.concurrent.locks.AbstractQueuedSynchronizer$ConditionObject.awaitNanos(AbstractQueuedSynchronizer.java:2078)
        at java.util.concurrent.LinkedBlockingQueue.poll(LinkedBlockingQueue.java:467)
        at org.apache.hadoop.ipc.CallQueueManager.take(CallQueueManager.java:317)
        at org.apache.hadoop.ipc.Server$Handler.run(Server.java:2932)
"BlockDeletingService#1" daemon prio=5 tid=2690 timed_waiting
java.lang.Thread.State: TIMED_WAITING
        at sun.misc.Unsafe.park(Native Method)
        at java.util.concurrent.locks.LockSupport.parkNanos(LockSupport.java:215)
        at java.util.concurrent.locks.AbstractQueuedSynchronizer$ConditionObject.awaitNanos(AbstractQueuedSynchronizer.java:2078)
        at java.util.concurrent.ScheduledThreadPoolExecutor$DelayedWorkQueue.take(ScheduledThreadPoolExecutor.java:1093)
        at java.util.concurrent.ScheduledThreadPoolExecutor$DelayedWorkQueue.take(ScheduledThreadPoolExecutor.java:809)
        at java.util.concurrent.ThreadPoolExecutor.getTask(ThreadPoolExecutor.java:1074)
        at java.util.concurrent.ThreadPoolExecutor.runWorker(ThreadPoolExecutor.java:1134)
        at java.util.concurrent.ThreadPoolExecutor$Worker.run(ThreadPoolExecutor.java:624)
        at java.lang.Thread.run(Thread.java:748)
"IPC Server handler 68 on default port 13035" daemon prio=5 tid=2159 timed_waiting
java.lang.Thread.State: TIMED_WAITING
        at sun.misc.Unsafe.park(Native Method)
        at java.util.concurrent.locks.LockSupport.parkNanos(LockSupport.java:215)
        at java.util.concurrent.locks.AbstractQueuedSynchronizer$ConditionObject.awaitNanos(AbstractQueuedSynchronizer.java:2078)
        at java.util.concurrent.LinkedBlockingQueue.poll(LinkedBlockingQueue.java:467)
        at org.apache.hadoop.ipc.CallQueueManager.take(CallQueueManager.java:317)
        at org.apache.hadoop.ipc.Server$Handler.run(Server.java:2932)
"org.apache.hadoop.util.JvmPauseMonitor$Monitor@63bc0320" daemon prio=5 tid=2620 timed_waiting
java.lang.Thread.State: TIMED_WAITING
        at java.lang.Thread.sleep(Native Method)
        at org.apache.hadoop.util.JvmPauseMonitor$Monitor.run(JvmPauseMonitor.java:192)
        at java.lang.Thread.run(Thread.java:748)
"Datanode State Machine Task Thread - 3"  prio=5 tid=2679 timed_waiting
java.lang.Thread.State: TIMED_WAITING
        at sun.misc.Unsafe.park(Native Method)
        at java.util.concurrent.locks.LockSupport.parkNanos(LockSupport.java:215)
        at java.util.concurrent.FutureTask.awaitDone(FutureTask.java:426)
        at java.util.concurrent.FutureTask.get(FutureTask.java:204)
        at org.apache.hadoop.ozone.container.common.states.datanode.RunningDatanodeState.lambda$execute$0(RunningDatanodeState.java:149)
        at org.apache.hadoop.ozone.container.common.states.datanode.RunningDatanodeState$$Lambda$904/1783042161.call(Unknown Source)
        at java.util.concurrent.FutureTask.run(FutureTask.java:266)
        at java.util.concurrent.Executors$RunnableAdapter.call(Executors.java:511)
        at java.util.concurrent.FutureTask.run(FutureTask.java:266)
        at java.util.concurrent.ThreadPoolExecutor.runWorker(ThreadPoolExecutor.java:1149)
        at java.util.concurrent.ThreadPoolExecutor$Worker.run(ThreadPoolExecutor.java:624)
        at java.lang.Thread.run(Thread.java:748)
"IPC Server handler 12 on default port 13044" daemon prio=5 tid=2509 timed_waiting
java.lang.Thread.State: TIMED_WAITING
        at sun.misc.Unsafe.park(Native Method)
        at java.util.concurrent.locks.LockSupport.parkNanos(LockSupport.java:215)
        at java.util.concurrent.locks.AbstractQueuedSynchronizer$ConditionObject.awaitNanos(AbstractQueuedSynchronizer.java:2078)
        at java.util.concurrent.LinkedBlockingQueue.poll(LinkedBlockingQueue.java:467)
        at org.apache.hadoop.ipc.CallQueueManager.take(CallQueueManager.java:317)
        at org.apache.hadoop.ipc.Server$Handler.run(Server.java:2932)
"IPC Server handler 48 on default port 13035" daemon prio=5 tid=2139 timed_waiting
java.lang.Thread.State: TIMED_WAITING
        at sun.misc.Unsafe.park(Native Method)
        at java.util.concurrent.locks.LockSupport.parkNanos(LockSupport.java:215)
        at java.util.concurrent.locks.AbstractQueuedSynchronizer$ConditionObject.awaitNanos(AbstractQueuedSynchronizer.java:2078)
        at java.util.concurrent.LinkedBlockingQueue.poll(LinkedBlockingQueue.java:467)
        at org.apache.hadoop.ipc.CallQueueManager.take(CallQueueManager.java:317)
        at org.apache.hadoop.ipc.Server$Handler.run(Server.java:2932)
"EndpointStateMachine task thread for /127.0.0.1:12209 - 0 "  prio=5 tid=1769 in Object.wait()
java.lang.Thread.State: WAITING (on object monitor)
        at sun.misc.Unsafe.park(Native Method)
        at java.util.concurrent.locks.LockSupport.park(LockSupport.java:175)
        at java.util.concurrent.locks.AbstractQueuedSynchronizer$ConditionObject.await(AbstractQueuedSynchronizer.java:2039)
        at java.util.concurrent.LinkedBlockingQueue.take(LinkedBlockingQueue.java:442)
        at java.util.concurrent.ThreadPoolExecutor.getTask(ThreadPoolExecutor.java:1074)
        at java.util.concurrent.ThreadPoolExecutor.runWorker(ThreadPoolExecutor.java:1134)
        at java.util.concurrent.ThreadPoolExecutor$Worker.run(ThreadPoolExecutor.java:624)
        at java.lang.Thread.run(Thread.java:748)
"ChunkWriter-2-0" daemon prio=5 tid=2686 in Object.wait()
java.lang.Thread.State: WAITING (on object monitor)
        at sun.misc.Unsafe.park(Native Method)
        at java.util.concurrent.locks.LockSupport.park(LockSupport.java:175)
        at java.util.concurrent.locks.AbstractQueuedSynchronizer$ConditionObject.await(AbstractQueuedSynchronizer.java:2039)
        at java.util.concurrent.LinkedBlockingDeque.takeFirst(LinkedBlockingDeque.java:492)
        at java.util.concurrent.LinkedBlockingDeque.take(LinkedBlockingDeque.java:680)
        at java.util.concurrent.ThreadPoolExecutor.getTask(ThreadPoolExecutor.java:1074)
        at java.util.concurrent.ThreadPoolExecutor.runWorker(ThreadPoolExecutor.java:1134)
        at java.util.concurrent.ThreadPoolExecutor$Worker.run(ThreadPoolExecutor.java:624)
        at java.lang.Thread.run(Thread.java:748)
"EndpointStateMachine task thread for /127.0.0.1:13053 - 0 "  prio=5 tid=2681 in Object.wait()
java.lang.Thread.State: WAITING (on object monitor)
        at java.lang.Object.wait(Native Method)
        at java.lang.Object.wait(Object.java:502)
        at org.apache.hadoop.util.concurrent.AsyncGet$Util.wait(AsyncGet.java:59)
        at org.apache.hadoop.ipc.Client.getRpcResponse(Client.java:1561)
        at org.apache.hadoop.ipc.Client.call(Client.java:1519)
        at org.apache.hadoop.ipc.Client.call(Client.java:1416)
        at org.apache.hadoop.ipc.ProtobufRpcEngine$Invoker.invoke(ProtobufRpcEngine.java:236)
        at org.apache.hadoop.ipc.ProtobufRpcEngine$Invoker.invoke(ProtobufRpcEngine.java:123)
        at com.sun.proxy.$Proxy48.submitRequest(Unknown Source)
        at org.apache.hadoop.ozone.protocolPB.StorageContainerDatanodeProtocolClientSideTranslatorPB.submitRequest(StorageContainerDatanodeProtocolClientSideTranslatorPB.java:117)
        at org.apache.hadoop.ozone.protocolPB.StorageContainerDatanodeProtocolClientSideTranslatorPB.getVersion(StorageContainerDatanodeProtocolClientSideTranslatorPB.java:133)
        at org.apache.hadoop.ozone.container.common.states.endpoint.VersionEndpointTask.call(VersionEndpointTask.java:71)
        at org.apache.hadoop.ozone.container.common.states.endpoint.VersionEndpointTask.call(VersionEndpointTask.java:42)
        at java.util.concurrent.FutureTask.run(FutureTask.java:266)
        at java.util.concurrent.ThreadPoolExecutor.runWorker(ThreadPoolExecutor.java:1149)
        at java.util.concurrent.ThreadPoolExecutor$Worker.run(ThreadPoolExecutor.java:624)
        at java.lang.Thread.run(Thread.java:748)
"qtp1613570136-2527" daemon prio=5 tid=2527 timed_waiting
java.lang.Thread.State: TIMED_WAITING
        at sun.misc.Unsafe.park(Native Method)
        at java.util.concurrent.locks.LockSupport.parkNanos(LockSupport.java:215)
        at java.util.concurrent.locks.AbstractQueuedSynchronizer$ConditionObject.awaitNanos(AbstractQueuedSynchronizer.java:2078)
        at org.eclipse.jetty.util.BlockingArrayQueue.poll(BlockingArrayQueue.java:382)
        at org.eclipse.jetty.util.thread.QueuedThreadPool$Runner.idleJobPoll(QueuedThreadPool.java:974)
        at org.eclipse.jetty.util.thread.QueuedThreadPool$Runner.run(QueuedThreadPool.java:1018)
        at java.lang.Thread.run(Thread.java:748)
"ReplicationMonitor" daemon prio=5 tid=2422 timed_waiting
java.lang.Thread.State: TIMED_WAITING
        at java.lang.Object.wait(Native Method)
        at org.apache.hadoop.hdds.scm.container.ReplicationManager.run(ReplicationManager.java:384)
        at org.apache.hadoop.hdds.scm.container.ReplicationManager$$Lambda$645/1827573818.run(Unknown Source)
        at java.lang.Thread.run(Thread.java:748)
"pool-492-thread-1" daemon prio=5 tid=2625 timed_waiting
java.lang.Thread.State: TIMED_WAITING
        at sun.misc.Unsafe.park(Native Method)
        at java.util.concurrent.locks.LockSupport.parkNanos(LockSupport.java:215)
        at java.util.concurrent.locks.AbstractQueuedSynchronizer$ConditionObject.awaitNanos(AbstractQueuedSynchronizer.java:2078)
        at java.util.concurrent.ScheduledThreadPoolExecutor$DelayedWorkQueue.take(ScheduledThreadPoolExecutor.java:1093)
        at java.util.concurrent.ScheduledThreadPoolExecutor$DelayedWorkQueue.take(ScheduledThreadPoolExecutor.java:809)
        at java.util.concurrent.ThreadPoolExecutor.getTask(ThreadPoolExecutor.java:1074)
        at java.util.concurrent.ThreadPoolExecutor.runWorker(ThreadPoolExecutor.java:1134)
        at java.util.concurrent.ThreadPoolExecutor$Worker.run(ThreadPoolExecutor.java:624)
        at java.lang.Thread.run(Thread.java:748)
"IPC Server handler 23 on default port 13033" daemon prio=5 tid=2333 timed_waiting
java.lang.Thread.State: TIMED_WAITING
        at sun.misc.Unsafe.park(Native Method)
        at java.util.concurrent.locks.LockSupport.parkNanos(LockSupport.java:215)
        at java.util.concurrent.locks.AbstractQueuedSynchronizer$ConditionObject.awaitNanos(AbstractQueuedSynchronizer.java:2078)
        at java.util.concurrent.LinkedBlockingQueue.poll(LinkedBlockingQueue.java:467)
        at org.apache.hadoop.ipc.CallQueueManager.take(CallQueueManager.java:317)
        at org.apache.hadoop.ipc.Server$Handler.run(Server.java:2932)
"IPC Server Responder" daemon prio=5 tid=2085 runnable
java.lang.Thread.State: RUNNABLE
        at sun.nio.ch.EPollArrayWrapper.epollWait(Native Method)
        at sun.nio.ch.EPollArrayWrapper.poll(EPollArrayWrapper.java:269)
        at sun.nio.ch.EPollSelectorImpl.doSelect(EPollSelectorImpl.java:93)
        at sun.nio.ch.SelectorImpl.lockAndDoSelect(SelectorImpl.java:86)
        at sun.nio.ch.SelectorImpl.select(SelectorImpl.java:97)
        at org.apache.hadoop.ipc.Server$Responder.doRunLoop(Server.java:1527)
        at org.apache.hadoop.ipc.Server$Responder.run(Server.java:1510)
"IPC Server listener on 11132" daemon prio=5 tid=2555 runnable
java.lang.Thread.State: RUNNABLE
        at sun.nio.ch.EPollArrayWrapper.epollWait(Native Method)
        at sun.nio.ch.EPollArrayWrapper.poll(EPollArrayWrapper.java:269)
        at sun.nio.ch.EPollSelectorImpl.doSelect(EPollSelectorImpl.java:93)
        at sun.nio.ch.SelectorImpl.lockAndDoSelect(SelectorImpl.java:86)
        at sun.nio.ch.SelectorImpl.select(SelectorImpl.java:97)
        at sun.nio.ch.SelectorImpl.select(SelectorImpl.java:101)
        at org.apache.hadoop.ipc.Server$Listener.run(Server.java:1350)
"IPC Server Responder" daemon prio=5 tid=2431 runnable
java.lang.Thread.State: RUNNABLE
        at sun.nio.ch.EPollArrayWrapper.epollWait(Native Method)
        at sun.nio.ch.EPollArrayWrapper.poll(EPollArrayWrapper.java:269)
        at sun.nio.ch.EPollSelectorImpl.doSelect(EPollSelectorImpl.java:93)
        at sun.nio.ch.SelectorImpl.lockAndDoSelect(SelectorImpl.java:86)
        at sun.nio.ch.SelectorImpl.select(SelectorImpl.java:97)
        at org.apache.hadoop.ipc.Server$Responder.doRunLoop(Server.java:1527)
        at org.apache.hadoop.ipc.Server$Responder.run(Server.java:1510)
"IPC Server handler 30 on default port 13033" daemon prio=5 tid=2340 timed_waiting
java.lang.Thread.State: TIMED_WAITING
        at sun.misc.Unsafe.park(Native Method)
        at java.util.concurrent.locks.LockSupport.parkNanos(LockSupport.java:215)
        at java.util.concurrent.locks.AbstractQueuedSynchronizer$ConditionObject.awaitNanos(AbstractQueuedSynchronizer.java:2078)
        at java.util.concurrent.LinkedBlockingQueue.poll(LinkedBlockingQueue.java:467)
        at org.apache.hadoop.ipc.CallQueueManager.take(CallQueueManager.java:317)
        at org.apache.hadoop.ipc.Server$Handler.run(Server.java:2932)
"IPC Server handler 5 on default port 13033" daemon prio=5 tid=2315 timed_waiting
java.lang.Thread.State: TIMED_WAITING
        at sun.misc.Unsafe.park(Native Method)
        at java.util.concurrent.locks.LockSupport.parkNanos(LockSupport.java:215)
        at java.util.concurrent.locks.AbstractQueuedSynchronizer$ConditionObject.awaitNanos(AbstractQueuedSynchronizer.java:2078)
        at java.util.concurrent.LinkedBlockingQueue.poll(LinkedBlockingQueue.java:467)
        at org.apache.hadoop.ipc.CallQueueManager.take(CallQueueManager.java:317)
        at org.apache.hadoop.ipc.Server$Handler.run(Server.java:2932)
"IPC Server handler 56 on default port 13033" daemon prio=5 tid=2366 timed_waiting
java.lang.Thread.State: TIMED_WAITING
        at sun.misc.Unsafe.park(Native Method)
        at java.util.concurrent.locks.LockSupport.parkNanos(LockSupport.java:215)
        at java.util.concurrent.locks.AbstractQueuedSynchronizer$ConditionObject.awaitNanos(AbstractQueuedSynchronizer.java:2078)
        at java.util.concurrent.LinkedBlockingQueue.poll(LinkedBlockingQueue.java:467)
        at org.apache.hadoop.ipc.CallQueueManager.take(CallQueueManager.java:317)
        at org.apache.hadoop.ipc.Server$Handler.run(Server.java:2932)
"Datanode ReportManager Thread - 2" daemon prio=5 tid=1691 in Object.wait()
java.lang.Thread.State: WAITING (on object monitor)
        at sun.misc.Unsafe.park(Native Method)
        at java.util.concurrent.locks.LockSupport.park(LockSupport.java:175)
        at java.util.concurrent.locks.AbstractQueuedSynchronizer$ConditionObject.await(AbstractQueuedSynchronizer.java:2039)
        at java.util.concurrent.ScheduledThreadPoolExecutor$DelayedWorkQueue.take(ScheduledThreadPoolExecutor.java:1088)
        at java.util.concurrent.ScheduledThreadPoolExecutor$DelayedWorkQueue.take(ScheduledThreadPoolExecutor.java:809)
        at java.util.concurrent.ThreadPoolExecutor.getTask(ThreadPoolExecutor.java:1074)
        at java.util.concurrent.ThreadPoolExecutor.runWorker(ThreadPoolExecutor.java:1134)
        at java.util.concurrent.ThreadPoolExecutor$Worker.run(ThreadPoolExecutor.java:624)
        at java.lang.Thread.run(Thread.java:748)
"Datanode ReportManager Thread - 4" daemon prio=5 tid=1718 timed_waiting
java.lang.Thread.State: TIMED_WAITING
        at sun.misc.Unsafe.park(Native Method)
        at java.util.concurrent.locks.LockSupport.parkNanos(LockSupport.java:215)
        at java.util.concurrent.locks.AbstractQueuedSynchronizer$ConditionObject.awaitNanos(AbstractQueuedSynchronizer.java:2078)
        at java.util.concurrent.ScheduledThreadPoolExecutor$DelayedWorkQueue.take(ScheduledThreadPoolExecutor.java:1093)
        at java.util.concurrent.ScheduledThreadPoolExecutor$DelayedWorkQueue.take(ScheduledThreadPoolExecutor.java:809)
        at java.util.concurrent.ThreadPoolExecutor.getTask(ThreadPoolExecutor.java:1074)
        at java.util.concurrent.ThreadPoolExecutor.runWorker(ThreadPoolExecutor.java:1134)
        at java.util.concurrent.ThreadPoolExecutor$Worker.run(ThreadPoolExecutor.java:624)
        at java.lang.Thread.run(Thread.java:748)
"IPC Server handler 8 on default port 13033" daemon prio=5 tid=2318 timed_waiting
java.lang.Thread.State: TIMED_WAITING
        at sun.misc.Unsafe.park(Native Method)
        at java.util.concurrent.locks.LockSupport.parkNanos(LockSupport.java:215)
        at java.util.concurrent.locks.AbstractQueuedSynchronizer$ConditionObject.awaitNanos(AbstractQueuedSynchronizer.java:2078)
        at java.util.concurrent.LinkedBlockingQueue.poll(LinkedBlockingQueue.java:467)
        at org.apache.hadoop.ipc.CallQueueManager.take(CallQueueManager.java:317)
        at org.apache.hadoop.ipc.Server$Handler.run(Server.java:2932)
"EventQueue-NodeReportForNodeReportHandler" daemon prio=5 tid=2973 in Object.wait()
java.lang.Thread.State: WAITING (on object monitor)
        at sun.misc.Unsafe.park(Native Method)
        at java.util.concurrent.locks.LockSupport.park(LockSupport.java:175)
        at java.util.concurrent.locks.AbstractQueuedSynchronizer$ConditionObject.await(AbstractQueuedSynchronizer.java:2039)
        at java.util.concurrent.LinkedBlockingQueue.take(LinkedBlockingQueue.java:442)
        at java.util.concurrent.ThreadPoolExecutor.getTask(ThreadPoolExecutor.java:1074)
        at java.util.concurrent.ThreadPoolExecutor.runWorker(ThreadPoolExecutor.java:1134)
        at java.util.concurrent.ThreadPoolExecutor$Worker.run(ThreadPoolExecutor.java:624)
        at java.lang.Thread.run(Thread.java:748)
"IPC Server handler 60 on default port 13033" daemon prio=5 tid=2370 timed_waiting
java.lang.Thread.State: TIMED_WAITING
        at sun.misc.Unsafe.park(Native Method)
        at java.util.concurrent.locks.LockSupport.parkNanos(LockSupport.java:215)
        at java.util.concurrent.locks.AbstractQueuedSynchronizer$ConditionObject.awaitNanos(AbstractQueuedSynchronizer.java:2078)
        at java.util.concurrent.LinkedBlockingQueue.poll(LinkedBlockingQueue.java:467)
        at org.apache.hadoop.ipc.CallQueueManager.take(CallQueueManager.java:317)
        at org.apache.hadoop.ipc.Server$Handler.run(Server.java:2932)
"IPC Server handler 64 on default port 13034" daemon prio=5 tid=2255 timed_waiting
java.lang.Thread.State: TIMED_WAITING
        at sun.misc.Unsafe.park(Native Method)
        at java.util.concurrent.locks.LockSupport.parkNanos(LockSupport.java:215)
        at java.util.concurrent.locks.AbstractQueuedSynchronizer$ConditionObject.awaitNanos(AbstractQueuedSynchronizer.java:2078)
        at java.util.concurrent.LinkedBlockingQueue.poll(LinkedBlockingQueue.java:467)
        at org.apache.hadoop.ipc.CallQueueManager.take(CallQueueManager.java:317)
        at org.apache.hadoop.ipc.Server$Handler.run(Server.java:2932)
"IPC Server handler 64 on default port 13033" daemon prio=5 tid=2374 timed_waiting
java.lang.Thread.State: TIMED_WAITING
        at sun.misc.Unsafe.park(Native Method)
        at java.util.concurrent.locks.LockSupport.parkNanos(LockSupport.java:215)
        at java.util.concurrent.locks.AbstractQueuedSynchronizer$ConditionObject.awaitNanos(AbstractQueuedSynchronizer.java:2078)
        at java.util.concurrent.LinkedBlockingQueue.poll(LinkedBlockingQueue.java:467)
        at org.apache.hadoop.ipc.CallQueueManager.take(CallQueueManager.java:317)
        at org.apache.hadoop.ipc.Server$Handler.run(Server.java:2932)
"IPC Server handler 52 on default port 13033" daemon prio=5 tid=2362 timed_waiting
java.lang.Thread.State: TIMED_WAITING
        at sun.misc.Unsafe.park(Native Method)
        at java.util.concurrent.locks.LockSupport.parkNanos(LockSupport.java:215)
        at java.util.concurrent.locks.AbstractQueuedSynchronizer$ConditionObject.awaitNanos(AbstractQueuedSynchronizer.java:2078)
        at java.util.concurrent.LinkedBlockingQueue.poll(LinkedBlockingQueue.java:467)
        at org.apache.hadoop.ipc.CallQueueManager.take(CallQueueManager.java:317)
        at org.apache.hadoop.ipc.Server$Handler.run(Server.java:2932)
"IPC Server Responder" daemon prio=5 tid=2435 runnable
java.lang.Thread.State: RUNNABLE
        at sun.nio.ch.EPollArrayWrapper.epollWait(Native Method)
        at sun.nio.ch.EPollArrayWrapper.poll(EPollArrayWrapper.java:269)
        at sun.nio.ch.EPollSelectorImpl.doSelect(EPollSelectorImpl.java:93)
        at sun.nio.ch.SelectorImpl.lockAndDoSelect(SelectorImpl.java:86)
        at sun.nio.ch.SelectorImpl.select(SelectorImpl.java:97)
        at org.apache.hadoop.ipc.Server$Responder.doRunLoop(Server.java:1527)
        at org.apache.hadoop.ipc.Server$Responder.run(Server.java:1510)
"ChunkWriter-2-0" daemon prio=5 tid=2699 in Object.wait()
java.lang.Thread.State: WAITING (on object monitor)
        at sun.misc.Unsafe.park(Native Method)
        at java.util.concurrent.locks.LockSupport.park(LockSupport.java:175)
        at java.util.concurrent.locks.AbstractQueuedSynchronizer$ConditionObject.await(AbstractQueuedSynchronizer.java:2039)
        at java.util.concurrent.LinkedBlockingDeque.takeFirst(LinkedBlockingDeque.java:492)
        at java.util.concurrent.LinkedBlockingDeque.take(LinkedBlockingDeque.java:680)
        at java.util.concurrent.ThreadPoolExecutor.getTask(ThreadPoolExecutor.java:1074)
        at java.util.concurrent.ThreadPoolExecutor.runWorker(ThreadPoolExecutor.java:1134)
        at java.util.concurrent.ThreadPoolExecutor$Worker.run(ThreadPoolExecutor.java:624)
        at java.lang.Thread.run(Thread.java:748)
"EventQueue-ContainerReportForContainerReportHandler" daemon prio=5 tid=2411 in Object.wait()
java.lang.Thread.State: WAITING (on object monitor)
        at sun.misc.Unsafe.park(Native Method)
        at java.util.concurrent.locks.LockSupport.park(LockSupport.java:175)
        at java.util.concurrent.locks.AbstractQueuedSynchronizer$ConditionObject.await(AbstractQueuedSynchronizer.java:2039)
        at java.util.concurrent.LinkedBlockingQueue.take(LinkedBlockingQueue.java:442)
        at java.util.concurrent.ThreadPoolExecutor.getTask(ThreadPoolExecutor.java:1074)
        at java.util.concurrent.ThreadPoolExecutor.runWorker(ThreadPoolExecutor.java:1134)
        at java.util.concurrent.ThreadPoolExecutor$Worker.run(ThreadPoolExecutor.java:624)
        at java.lang.Thread.run(Thread.java:748)
"DirectoryDeletingService#0" daemon prio=5 tid=2565 timed_waiting
java.lang.Thread.State: TIMED_WAITING
        at sun.misc.Unsafe.park(Native Method)
        at java.util.concurrent.locks.LockSupport.parkNanos(LockSupport.java:215)
        at java.util.concurrent.locks.AbstractQueuedSynchronizer$ConditionObject.awaitNanos(AbstractQueuedSynchronizer.java:2078)
        at java.util.concurrent.ScheduledThreadPoolExecutor$DelayedWorkQueue.take(ScheduledThreadPoolExecutor.java:1093)
        at java.util.concurrent.ScheduledThreadPoolExecutor$DelayedWorkQueue.take(ScheduledThreadPoolExecutor.java:809)
        at java.util.concurrent.ThreadPoolExecutor.getTask(ThreadPoolExecutor.java:1074)
        at java.util.concurrent.ThreadPoolExecutor.runWorker(ThreadPoolExecutor.java:1134)
        at java.util.concurrent.ThreadPoolExecutor$Worker.run(ThreadPoolExecutor.java:624)
        at java.lang.Thread.run(Thread.java:748)
"IPC Server handler 33 on default port 13034" daemon prio=5 tid=2224 timed_waiting
java.lang.Thread.State: TIMED_WAITING
        at sun.misc.Unsafe.park(Native Method)
        at java.util.concurrent.locks.LockSupport.parkNanos(LockSupport.java:215)
        at java.util.concurrent.locks.AbstractQueuedSynchronizer$ConditionObject.awaitNanos(AbstractQueuedSynchronizer.java:2078)
        at java.util.concurrent.LinkedBlockingQueue.poll(LinkedBlockingQueue.java:467)
        at org.apache.hadoop.ipc.CallQueueManager.take(CallQueueManager.java:317)
        at org.apache.hadoop.ipc.Server$Handler.run(Server.java:2932)
"EndpointStateMachine task thread for /127.0.0.1:13043 - 0 "  prio=5 tid=2694 in Object.wait()
java.lang.Thread.State: WAITING (on object monitor)
        at sun.misc.Unsafe.park(Native Method)
        at java.util.concurrent.locks.LockSupport.park(LockSupport.java:175)
        at java.util.concurrent.locks.AbstractQueuedSynchronizer$ConditionObject.await(AbstractQueuedSynchronizer.java:2039)
        at java.util.concurrent.LinkedBlockingQueue.take(LinkedBlockingQueue.java:442)
        at java.util.concurrent.ThreadPoolExecutor.getTask(ThreadPoolExecutor.java:1074)
        at java.util.concurrent.ThreadPoolExecutor.runWorker(ThreadPoolExecutor.java:1134)
        at java.util.concurrent.ThreadPoolExecutor$Worker.run(ThreadPoolExecutor.java:624)
        at java.lang.Thread.run(Thread.java:748)
"IPC Server handler 90 on default port 13035" daemon prio=5 tid=2181 timed_waiting
java.lang.Thread.State: TIMED_WAITING
        at sun.misc.Unsafe.park(Native Method)
        at java.util.concurrent.locks.LockSupport.parkNanos(LockSupport.java:215)
        at java.util.concurrent.locks.AbstractQueuedSynchronizer$ConditionObject.awaitNanos(AbstractQueuedSynchronizer.java:2078)
        at java.util.concurrent.LinkedBlockingQueue.poll(LinkedBlockingQueue.java:467)
        at org.apache.hadoop.ipc.CallQueueManager.take(CallQueueManager.java:317)
        at org.apache.hadoop.ipc.Server$Handler.run(Server.java:2932)
"IPC Server handler 9 on default port 13044" daemon prio=5 tid=2506 timed_waiting
java.lang.Thread.State: TIMED_WAITING
        at sun.misc.Unsafe.park(Native Method)
        at java.util.concurrent.locks.LockSupport.parkNanos(LockSupport.java:215)
        at java.util.concurrent.locks.AbstractQueuedSynchronizer$ConditionObject.awaitNanos(AbstractQueuedSynchronizer.java:2078)
        at java.util.concurrent.LinkedBlockingQueue.poll(LinkedBlockingQueue.java:467)
        at org.apache.hadoop.ipc.CallQueueManager.take(CallQueueManager.java:317)
        at org.apache.hadoop.ipc.Server$Handler.run(Server.java:2932)
"13676ba2-e17b-4a8f-9926-6ead84168abe@group-390751046F7B-StateMachineUpdater" daemon prio=5 tid=2419 in Object.wait()
java.lang.Thread.State: WAITING (on object monitor)
        at java.lang.Object.wait(Native Method)
        at java.lang.Object.wait(Object.java:502)
        at org.apache.ratis.server.impl.StateMachineUpdater.waitForCommit(StateMachineUpdater.java:204)
        at org.apache.ratis.server.impl.StateMachineUpdater.run(StateMachineUpdater.java:173)
        at java.lang.Thread.run(Thread.java:748)
"Datanode ReportManager Thread - 1" daemon prio=5 tid=1690 in Object.wait()
java.lang.Thread.State: WAITING (on object monitor)
        at sun.misc.Unsafe.park(Native Method)
        at java.util.concurrent.locks.LockSupport.park(LockSupport.java:175)
        at java.util.concurrent.locks.AbstractQueuedSynchronizer$ConditionObject.await(AbstractQueuedSynchronizer.java:2039)
        at java.util.concurrent.ScheduledThreadPoolExecutor$DelayedWorkQueue.take(ScheduledThreadPoolExecutor.java:1088)
        at java.util.concurrent.ScheduledThreadPoolExecutor$DelayedWorkQueue.take(ScheduledThreadPoolExecutor.java:809)
        at java.util.concurrent.ThreadPoolExecutor.getTask(ThreadPoolExecutor.java:1074)
        at java.util.concurrent.ThreadPoolExecutor.runWorker(ThreadPoolExecutor.java:1134)
        at java.util.concurrent.ThreadPoolExecutor$Worker.run(ThreadPoolExecutor.java:624)
        at java.lang.Thread.run(Thread.java:748)
"7e7f778f-92a3-4c6a-870c-2544e6325884@group-A37BCEEDED0F-SegmentedRaftLogWorker"  prio=5 tid=2761 timed_waiting
java.lang.Thread.State: TIMED_WAITING
        at sun.misc.Unsafe.park(Native Method)
        at java.util.concurrent.locks.LockSupport.parkNanos(LockSupport.java:215)
        at java.util.concurrent.locks.AbstractQueuedSynchronizer$ConditionObject.awaitNanos(AbstractQueuedSynchronizer.java:2078)
        at org.apache.ratis.util.DataBlockingQueue.poll(DataBlockingQueue.java:137)
        at org.apache.ratis.server.raftlog.segmented.SegmentedRaftLogWorker.run(SegmentedRaftLogWorker.java:292)
        at org.apache.ratis.server.raftlog.segmented.SegmentedRaftLogWorker$$Lambda$435/2075927136.run(Unknown Source)
        at java.lang.Thread.run(Thread.java:748)
"Datanode ReportManager Thread - 1" daemon prio=5 tid=589 in Object.wait()
java.lang.Thread.State: WAITING (on object monitor)
        at sun.misc.Unsafe.park(Native Method)
        at java.util.concurrent.locks.LockSupport.park(LockSupport.java:175)
        at java.util.concurrent.locks.AbstractQueuedSynchronizer$ConditionObject.await(AbstractQueuedSynchronizer.java:2039)
        at java.util.concurrent.ScheduledThreadPoolExecutor$DelayedWorkQueue.take(ScheduledThreadPoolExecutor.java:1088)
        at java.util.concurrent.ScheduledThreadPoolExecutor$DelayedWorkQueue.take(ScheduledThreadPoolExecutor.java:809)
        at java.util.concurrent.ThreadPoolExecutor.getTask(ThreadPoolExecutor.java:1074)
        at java.util.concurrent.ThreadPoolExecutor.runWorker(ThreadPoolExecutor.java:1134)
        at java.util.concurrent.ThreadPoolExecutor$Worker.run(ThreadPoolExecutor.java:624)
        at java.lang.Thread.run(Thread.java:748)
"IPC Server handler 13 on default port 13043" daemon prio=5 tid=2468 timed_waiting
java.lang.Thread.State: TIMED_WAITING
        at sun.misc.Unsafe.park(Native Method)
        at java.util.concurrent.locks.LockSupport.parkNanos(LockSupport.java:215)
        at java.util.concurrent.locks.AbstractQueuedSynchronizer$ConditionObject.awaitNanos(AbstractQueuedSynchronizer.java:2078)
        at java.util.concurrent.LinkedBlockingQueue.poll(LinkedBlockingQueue.java:467)
        at org.apache.hadoop.ipc.CallQueueManager.take(CallQueueManager.java:317)
        at org.apache.hadoop.ipc.Server$Handler.run(Server.java:2932)
"IPC Server handler 58 on default port 13033" daemon prio=5 tid=2368 timed_waiting
java.lang.Thread.State: TIMED_WAITING
        at sun.misc.Unsafe.park(Native Method)
        at java.util.concurrent.locks.LockSupport.parkNanos(LockSupport.java:215)
        at java.util.concurrent.locks.AbstractQueuedSynchronizer$ConditionObject.awaitNanos(AbstractQueuedSynchronizer.java:2078)
        at java.util.concurrent.LinkedBlockingQueue.poll(LinkedBlockingQueue.java:467)
        at org.apache.hadoop.ipc.CallQueueManager.take(CallQueueManager.java:317)
        at org.apache.hadoop.ipc.Server$Handler.run(Server.java:2932)
"IPC Server handler 2 on default port 11132" daemon prio=5 tid=2578 timed_waiting
java.lang.Thread.State: TIMED_WAITING
        at sun.misc.Unsafe.park(Native Method)
        at java.util.concurrent.locks.LockSupport.parkNanos(LockSupport.java:215)
        at java.util.concurrent.locks.AbstractQueuedSynchronizer$ConditionObject.awaitNanos(AbstractQueuedSynchronizer.java:2078)
        at java.util.concurrent.LinkedBlockingQueue.poll(LinkedBlockingQueue.java:467)
        at org.apache.hadoop.ipc.CallQueueManager.take(CallQueueManager.java:317)
        at org.apache.hadoop.ipc.Server$Handler.run(Server.java:2932)
"IPC Server handler 44 on default port 13035" daemon prio=5 tid=2135 timed_waiting
java.lang.Thread.State: TIMED_WAITING
        at sun.misc.Unsafe.park(Native Method)
        at java.util.concurrent.locks.LockSupport.parkNanos(LockSupport.java:215)
        at java.util.concurrent.locks.AbstractQueuedSynchronizer$ConditionObject.awaitNanos(AbstractQueuedSynchronizer.java:2078)
        at java.util.concurrent.LinkedBlockingQueue.poll(LinkedBlockingQueue.java:467)
        at org.apache.hadoop.ipc.CallQueueManager.take(CallQueueManager.java:317)
        at org.apache.hadoop.ipc.Server$Handler.run(Server.java:2932)
"IPC Server handler 75 on default port 13035" daemon prio=5 tid=2166 timed_waiting
java.lang.Thread.State: TIMED_WAITING
        at sun.misc.Unsafe.park(Native Method)
        at java.util.concurrent.locks.LockSupport.parkNanos(LockSupport.java:215)
        at java.util.concurrent.locks.AbstractQueuedSynchronizer$ConditionObject.awaitNanos(AbstractQueuedSynchronizer.java:2078)
        at java.util.concurrent.LinkedBlockingQueue.poll(LinkedBlockingQueue.java:467)
        at org.apache.hadoop.ipc.CallQueueManager.take(CallQueueManager.java:317)
        at org.apache.hadoop.ipc.Server$Handler.run(Server.java:2932)
"EndpointStateMachine task thread for /127.0.0.1:13043 - 0 "  prio=5 tid=2708 in Object.wait()
java.lang.Thread.State: WAITING (on object monitor)
        at sun.misc.Unsafe.park(Native Method)
        at java.util.concurrent.locks.LockSupport.park(LockSupport.java:175)
        at java.util.concurrent.locks.AbstractQueuedSynchronizer$ConditionObject.await(AbstractQueuedSynchronizer.java:2039)
        at java.util.concurrent.LinkedBlockingQueue.take(LinkedBlockingQueue.java:442)
        at java.util.concurrent.ThreadPoolExecutor.getTask(ThreadPoolExecutor.java:1074)
        at java.util.concurrent.ThreadPoolExecutor.runWorker(ThreadPoolExecutor.java:1134)
        at java.util.concurrent.ThreadPoolExecutor$Worker.run(ThreadPoolExecutor.java:624)
        at java.lang.Thread.run(Thread.java:748)
"pool-483-thread-1"  prio=5 tid=2603 timed_waiting
java.lang.Thread.State: TIMED_WAITING
        at sun.misc.Unsafe.park(Native Method)
        at java.util.concurrent.locks.LockSupport.parkNanos(LockSupport.java:215)
        at java.util.concurrent.locks.AbstractQueuedSynchronizer$ConditionObject.awaitNanos(AbstractQueuedSynchronizer.java:2078)
        at java.util.concurrent.ScheduledThreadPoolExecutor$DelayedWorkQueue.take(ScheduledThreadPoolExecutor.java:1093)
        at java.util.concurrent.ScheduledThreadPoolExecutor$DelayedWorkQueue.take(ScheduledThreadPoolExecutor.java:809)
        at java.util.concurrent.ThreadPoolExecutor.getTask(ThreadPoolExecutor.java:1074)
        at java.util.concurrent.ThreadPoolExecutor.runWorker(ThreadPoolExecutor.java:1134)
        at java.util.concurrent.ThreadPoolExecutor$Worker.run(ThreadPoolExecutor.java:624)
        at java.lang.Thread.run(Thread.java:748)
"IPC Server handler 86 on default port 13033" daemon prio=5 tid=2396 timed_waiting
java.lang.Thread.State: TIMED_WAITING
        at sun.misc.Unsafe.park(Native Method)
        at java.util.concurrent.locks.LockSupport.parkNanos(LockSupport.java:215)
        at java.util.concurrent.locks.AbstractQueuedSynchronizer$ConditionObject.awaitNanos(AbstractQueuedSynchronizer.java:2078)
        at java.util.concurrent.LinkedBlockingQueue.poll(LinkedBlockingQueue.java:467)
        at org.apache.hadoop.ipc.CallQueueManager.take(CallQueueManager.java:317)
        at org.apache.hadoop.ipc.Server$Handler.run(Server.java:2932)
"IPC Server handler 65 on default port 13034" daemon prio=5 tid=2256 timed_waiting
java.lang.Thread.State: TIMED_WAITING
        at sun.misc.Unsafe.park(Native Method)
        at java.util.concurrent.locks.LockSupport.parkNanos(LockSupport.java:215)
        at java.util.concurrent.locks.AbstractQueuedSynchronizer$ConditionObject.awaitNanos(AbstractQueuedSynchronizer.java:2078)
        at java.util.concurrent.LinkedBlockingQueue.poll(LinkedBlockingQueue.java:467)
        at org.apache.hadoop.ipc.CallQueueManager.take(CallQueueManager.java:317)
        at org.apache.hadoop.ipc.Server$Handler.run(Server.java:2932)
"Command processor thread" daemon prio=5 tid=2672 timed_waiting
java.lang.Thread.State: TIMED_WAITING
        at java.lang.Thread.sleep(Native Method)
        at org.apache.hadoop.ozone.container.common.statemachine.DatanodeStateMachine.lambda$initCommandHandlerThread$2(DatanodeStateMachine.java:574)
        at org.apache.hadoop.ozone.container.common.statemachine.DatanodeStateMachine$$Lambda$893/554852437.run(Unknown Source)
        at java.lang.Thread.run(Thread.java:748)
"IPC Server handler 15 on default port 13043" daemon prio=5 tid=2470 timed_waiting
java.lang.Thread.State: TIMED_WAITING
        at sun.misc.Unsafe.park(Native Method)
        at java.util.concurrent.locks.LockSupport.parkNanos(LockSupport.java:215)
        at java.util.concurrent.locks.AbstractQueuedSynchronizer$ConditionObject.awaitNanos(AbstractQueuedSynchronizer.java:2078)
        at java.util.concurrent.LinkedBlockingQueue.poll(LinkedBlockingQueue.java:467)
        at org.apache.hadoop.ipc.CallQueueManager.take(CallQueueManager.java:317)
        at org.apache.hadoop.ipc.Server$Handler.run(Server.java:2932)
"pool-466-thread-1"  prio=5 tid=2566 timed_waiting
java.lang.Thread.State: TIMED_WAITING
        at sun.misc.Unsafe.park(Native Method)
        at java.util.concurrent.locks.LockSupport.parkNanos(LockSupport.java:215)
        at java.util.concurrent.locks.AbstractQueuedSynchronizer$ConditionObject.awaitNanos(AbstractQueuedSynchronizer.java:2078)
        at java.util.concurrent.ScheduledThreadPoolExecutor$DelayedWorkQueue.take(ScheduledThreadPoolExecutor.java:1093)
        at java.util.concurrent.ScheduledThreadPoolExecutor$DelayedWorkQueue.take(ScheduledThreadPoolExecutor.java:809)
        at java.util.concurrent.ThreadPoolExecutor.getTask(ThreadPoolExecutor.java:1074)
        at java.util.concurrent.ThreadPoolExecutor.runWorker(ThreadPoolExecutor.java:1134)
        at java.util.concurrent.ThreadPoolExecutor$Worker.run(ThreadPoolExecutor.java:624)
        at java.lang.Thread.run(Thread.java:748)
"BlockDeletingService#1" daemon prio=5 tid=2703 timed_waiting
java.lang.Thread.State: TIMED_WAITING
        at sun.misc.Unsafe.park(Native Method)
        at java.util.concurrent.locks.LockSupport.parkNanos(LockSupport.java:215)
        at java.util.concurrent.locks.AbstractQueuedSynchronizer$ConditionObject.awaitNanos(AbstractQueuedSynchronizer.java:2078)
        at java.util.concurrent.ScheduledThreadPoolExecutor$DelayedWorkQueue.take(ScheduledThreadPoolExecutor.java:1093)
        at java.util.concurrent.ScheduledThreadPoolExecutor$DelayedWorkQueue.take(ScheduledThreadPoolExecutor.java:809)
        at java.util.concurrent.ThreadPoolExecutor.getTask(ThreadPoolExecutor.java:1074)
        at java.util.concurrent.ThreadPoolExecutor.runWorker(ThreadPoolExecutor.java:1134)
        at java.util.concurrent.ThreadPoolExecutor$Worker.run(ThreadPoolExecutor.java:624)
        at java.lang.Thread.run(Thread.java:748)
"IPC Server handler 81 on default port 13033" daemon prio=5 tid=2391 timed_waiting
java.lang.Thread.State: TIMED_WAITING
        at sun.misc.Unsafe.park(Native Method)
        at java.util.concurrent.locks.LockSupport.parkNanos(LockSupport.java:215)
        at java.util.concurrent.locks.AbstractQueuedSynchronizer$ConditionObject.awaitNanos(AbstractQueuedSynchronizer.java:2078)
        at java.util.concurrent.LinkedBlockingQueue.poll(LinkedBlockingQueue.java:467)
        at org.apache.hadoop.ipc.CallQueueManager.take(CallQueueManager.java:317)
        at org.apache.hadoop.ipc.Server$Handler.run(Server.java:2932)
"IPC Server handler 51 on default port 13033" daemon prio=5 tid=2361 timed_waiting
java.lang.Thread.State: TIMED_WAITING
        at sun.misc.Unsafe.park(Native Method)
        at java.util.concurrent.locks.LockSupport.parkNanos(LockSupport.java:215)
        at java.util.concurrent.locks.AbstractQueuedSynchronizer$ConditionObject.awaitNanos(AbstractQueuedSynchronizer.java:2078)
        at java.util.concurrent.LinkedBlockingQueue.poll(LinkedBlockingQueue.java:467)
        at org.apache.hadoop.ipc.CallQueueManager.take(CallQueueManager.java:317)
        at org.apache.hadoop.ipc.Server$Handler.run(Server.java:2932)
"Command processor thread" daemon prio=5 tid=2619 timed_waiting
java.lang.Thread.State: TIMED_WAITING
        at java.lang.Thread.sleep(Native Method)
        at org.apache.hadoop.ozone.container.common.statemachine.DatanodeStateMachine.lambda$initCommandHandlerThread$2(DatanodeStateMachine.java:574)
        at org.apache.hadoop.ozone.container.common.statemachine.DatanodeStateMachine$$Lambda$893/554852437.run(Unknown Source)
        at java.lang.Thread.run(Thread.java:748)
"Datanode ReportManager Thread - 2" daemon prio=5 tid=1716 in Object.wait()
java.lang.Thread.State: WAITING (on object monitor)
        at sun.misc.Unsafe.park(Native Method)
        at java.util.concurrent.locks.LockSupport.park(LockSupport.java:175)
        at java.util.concurrent.locks.AbstractQueuedSynchronizer$ConditionObject.await(AbstractQueuedSynchronizer.java:2039)
        at java.util.concurrent.ScheduledThreadPoolExecutor$DelayedWorkQueue.take(ScheduledThreadPoolExecutor.java:1088)
        at java.util.concurrent.ScheduledThreadPoolExecutor$DelayedWorkQueue.take(ScheduledThreadPoolExecutor.java:809)
        at java.util.concurrent.ThreadPoolExecutor.getTask(ThreadPoolExecutor.java:1074)
        at java.util.concurrent.ThreadPoolExecutor.runWorker(ThreadPoolExecutor.java:1134)
        at java.util.concurrent.ThreadPoolExecutor$Worker.run(ThreadPoolExecutor.java:624)
        at java.lang.Thread.run(Thread.java:748)
"qtp708676185-2634" daemon prio=5 tid=2634 timed_waiting
java.lang.Thread.State: TIMED_WAITING
        at sun.misc.Unsafe.park(Native Method)
        at java.util.concurrent.locks.LockSupport.parkNanos(LockSupport.java:215)
        at java.util.concurrent.locks.AbstractQueuedSynchronizer$ConditionObject.awaitNanos(AbstractQueuedSynchronizer.java:2078)
        at org.eclipse.jetty.util.BlockingArrayQueue.poll(BlockingArrayQueue.java:382)
        at org.eclipse.jetty.util.thread.QueuedThreadPool$Runner.idleJobPoll(QueuedThreadPool.java:974)
        at org.eclipse.jetty.util.thread.QueuedThreadPool$Runner.run(QueuedThreadPool.java:1018)
        at java.lang.Thread.run(Thread.java:748)
"IPC Server handler 50 on default port 13034" daemon prio=5 tid=2241 timed_waiting
java.lang.Thread.State: TIMED_WAITING
        at sun.misc.Unsafe.park(Native Method)
        at java.util.concurrent.locks.LockSupport.parkNanos(LockSupport.java:215)
        at java.util.concurrent.locks.AbstractQueuedSynchronizer$ConditionObject.awaitNanos(AbstractQueuedSynchronizer.java:2078)
        at java.util.concurrent.LinkedBlockingQueue.poll(LinkedBlockingQueue.java:467)
        at org.apache.hadoop.ipc.CallQueueManager.take(CallQueueManager.java:317)
        at org.apache.hadoop.ipc.Server$Handler.run(Server.java:2932)
"IPC Server handler 56 on default port 13034" daemon prio=5 tid=2247 timed_waiting
java.lang.Thread.State: TIMED_WAITING
        at sun.misc.Unsafe.park(Native Method)
        at java.util.concurrent.locks.LockSupport.parkNanos(LockSupport.java:215)
        at java.util.concurrent.locks.AbstractQueuedSynchronizer$ConditionObject.awaitNanos(AbstractQueuedSynchronizer.java:2078)
        at java.util.concurrent.LinkedBlockingQueue.poll(LinkedBlockingQueue.java:467)
        at org.apache.hadoop.ipc.CallQueueManager.take(CallQueueManager.java:317)
        at org.apache.hadoop.ipc.Server$Handler.run(Server.java:2932)
"IPC Server idle connection scanner for port 13044" daemon prio=5 tid=2430 timed_waiting
java.lang.Thread.State: TIMED_WAITING
        at java.lang.Object.wait(Native Method)
        at java.util.TimerThread.mainLoop(Timer.java:552)
        at java.util.TimerThread.run(Timer.java:505)
"7e7f778f-92a3-4c6a-870c-2544e6325884@group-1FC4E3DC1381-LeaderStateImpl" daemon prio=5 tid=2884 timed_waiting
java.lang.Thread.State: TIMED_WAITING
        at sun.misc.Unsafe.park(Native Method)
        at java.util.concurrent.locks.LockSupport.parkNanos(LockSupport.java:215)
        at java.util.concurrent.locks.AbstractQueuedSynchronizer$ConditionObject.awaitNanos(AbstractQueuedSynchronizer.java:2078)
        at java.util.concurrent.ArrayBlockingQueue.poll(ArrayBlockingQueue.java:418)
        at org.apache.ratis.server.impl.LeaderStateImpl$EventQueue.poll(LeaderStateImpl.java:156)
        at org.apache.ratis.server.impl.LeaderStateImpl$EventProcessor.run(LeaderStateImpl.java:600)
"IPC Server handler 44 on default port 13034" daemon prio=5 tid=2235 timed_waiting
java.lang.Thread.State: TIMED_WAITING
        at sun.misc.Unsafe.park(Native Method)
        at java.util.concurrent.locks.LockSupport.parkNanos(LockSupport.java:215)
        at java.util.concurrent.locks.AbstractQueuedSynchronizer$ConditionObject.awaitNanos(AbstractQueuedSynchronizer.java:2078)
        at java.util.concurrent.LinkedBlockingQueue.poll(LinkedBlockingQueue.java:467)
        at org.apache.hadoop.ipc.CallQueueManager.take(CallQueueManager.java:317)
        at org.apache.hadoop.ipc.Server$Handler.run(Server.java:2932)
"IPC Server handler 12 on default port 11132" daemon prio=5 tid=2588 timed_waiting
java.lang.Thread.State: TIMED_WAITING
        at sun.misc.Unsafe.park(Native Method)
        at java.util.concurrent.locks.LockSupport.parkNanos(LockSupport.java:215)
        at java.util.concurrent.locks.AbstractQueuedSynchronizer$ConditionObject.awaitNanos(AbstractQueuedSynchronizer.java:2078)
        at java.util.concurrent.LinkedBlockingQueue.poll(LinkedBlockingQueue.java:467)
        at org.apache.hadoop.ipc.CallQueueManager.take(CallQueueManager.java:317)
        at org.apache.hadoop.ipc.Server$Handler.run(Server.java:2932)
"EventQueue-NodeRegistrationContainerReportForDataNodeSafeModeRule" daemon prio=5 tid=2412 in Object.wait()
java.lang.Thread.State: WAITING (on object monitor)
        at sun.misc.Unsafe.park(Native Method)
        at java.util.concurrent.locks.LockSupport.park(LockSupport.java:175)
        at java.util.concurrent.locks.AbstractQueuedSynchronizer$ConditionObject.await(AbstractQueuedSynchronizer.java:2039)
        at java.util.concurrent.LinkedBlockingQueue.take(LinkedBlockingQueue.java:442)
        at java.util.concurrent.ThreadPoolExecutor.getTask(ThreadPoolExecutor.java:1074)
        at java.util.concurrent.ThreadPoolExecutor.runWorker(ThreadPoolExecutor.java:1134)
        at java.util.concurrent.ThreadPoolExecutor$Worker.run(ThreadPoolExecutor.java:624)
        at java.lang.Thread.run(Thread.java:748)
"IPC Server handler 45 on default port 13035" daemon prio=5 tid=2136 timed_waiting
java.lang.Thread.State: TIMED_WAITING
        at sun.misc.Unsafe.park(Native Method)
        at java.util.concurrent.locks.LockSupport.parkNanos(LockSupport.java:215)
        at java.util.concurrent.locks.AbstractQueuedSynchronizer$ConditionObject.awaitNanos(AbstractQueuedSynchronizer.java:2078)
        at java.util.concurrent.LinkedBlockingQueue.poll(LinkedBlockingQueue.java:467)
        at org.apache.hadoop.ipc.CallQueueManager.take(CallQueueManager.java:317)
        at org.apache.hadoop.ipc.Server$Handler.run(Server.java:2932)
"IPC Server handler 10 on default port 13045" daemon prio=5 tid=2487 timed_waiting
java.lang.Thread.State: TIMED_WAITING
        at sun.misc.Unsafe.park(Native Method)
        at java.util.concurrent.locks.LockSupport.parkNanos(LockSupport.java:215)
        at java.util.concurrent.locks.AbstractQueuedSynchronizer$ConditionObject.awaitNanos(AbstractQueuedSynchronizer.java:2078)
        at java.util.concurrent.LinkedBlockingQueue.poll(LinkedBlockingQueue.java:467)
        at org.apache.hadoop.ipc.CallQueueManager.take(CallQueueManager.java:317)
        at org.apache.hadoop.ipc.Server$Handler.run(Server.java:2932)
"IPC Server handler 40 on default port 13034" daemon prio=5 tid=2231 timed_waiting
java.lang.Thread.State: TIMED_WAITING
        at sun.misc.Unsafe.park(Native Method)
        at java.util.concurrent.locks.LockSupport.parkNanos(LockSupport.java:215)
        at java.util.concurrent.locks.AbstractQueuedSynchronizer$ConditionObject.awaitNanos(AbstractQueuedSynchronizer.java:2078)
        at java.util.concurrent.LinkedBlockingQueue.poll(LinkedBlockingQueue.java:467)
        at org.apache.hadoop.ipc.CallQueueManager.take(CallQueueManager.java:317)
        at org.apache.hadoop.ipc.Server$Handler.run(Server.java:2932)
"IPC Server handler 32 on default port 13033" daemon prio=5 tid=2342 timed_waiting
java.lang.Thread.State: TIMED_WAITING
        at sun.misc.Unsafe.park(Native Method)
        at java.util.concurrent.locks.LockSupport.parkNanos(LockSupport.java:215)
        at java.util.concurrent.locks.AbstractQueuedSynchronizer$ConditionObject.awaitNanos(AbstractQueuedSynchronizer.java:2078)
        at java.util.concurrent.LinkedBlockingQueue.poll(LinkedBlockingQueue.java:467)
        at org.apache.hadoop.ipc.CallQueueManager.take(CallQueueManager.java:317)
        at org.apache.hadoop.ipc.Server$Handler.run(Server.java:2932)
"EventQueue-NodeReportForNodeReportHandler" daemon prio=5 tid=2972 in Object.wait()
java.lang.Thread.State: WAITING (on object monitor)
        at sun.misc.Unsafe.park(Native Method)
        at java.util.concurrent.locks.LockSupport.park(LockSupport.java:175)
        at java.util.concurrent.locks.AbstractQueuedSynchronizer$ConditionObject.await(AbstractQueuedSynchronizer.java:2039)
        at java.util.concurrent.LinkedBlockingQueue.take(LinkedBlockingQueue.java:442)
        at java.util.concurrent.ThreadPoolExecutor.getTask(ThreadPoolExecutor.java:1074)
        at java.util.concurrent.ThreadPoolExecutor.runWorker(ThreadPoolExecutor.java:1134)
        at java.util.concurrent.ThreadPoolExecutor$Worker.run(ThreadPoolExecutor.java:624)
        at java.lang.Thread.run(Thread.java:748)
"IPC Server handler 14 on default port 13045" daemon prio=5 tid=2491 timed_waiting
java.lang.Thread.State: TIMED_WAITING
        at sun.misc.Unsafe.park(Native Method)
        at java.util.concurrent.locks.LockSupport.parkNanos(LockSupport.java:215)
        at java.util.concurrent.locks.AbstractQueuedSynchronizer$ConditionObject.awaitNanos(AbstractQueuedSynchronizer.java:2078)
        at java.util.concurrent.LinkedBlockingQueue.poll(LinkedBlockingQueue.java:467)
        at org.apache.hadoop.ipc.CallQueueManager.take(CallQueueManager.java:317)
        at org.apache.hadoop.ipc.Server$Handler.run(Server.java:2932)
"IPC Server handler 87 on default port 13035" daemon prio=5 tid=2178 timed_waiting
java.lang.Thread.State: TIMED_WAITING
        at sun.misc.Unsafe.park(Native Method)
        at java.util.concurrent.locks.LockSupport.parkNanos(LockSupport.java:215)
        at java.util.concurrent.locks.AbstractQueuedSynchronizer$ConditionObject.awaitNanos(AbstractQueuedSynchronizer.java:2078)
        at java.util.concurrent.LinkedBlockingQueue.poll(LinkedBlockingQueue.java:467)
        at org.apache.hadoop.ipc.CallQueueManager.take(CallQueueManager.java:317)
        at org.apache.hadoop.ipc.Server$Handler.run(Server.java:2932)
"IPC Server handler 83 on default port 13033" daemon prio=5 tid=2393 timed_waiting
java.lang.Thread.State: TIMED_WAITING
        at sun.misc.Unsafe.park(Native Method)
        at java.util.concurrent.locks.LockSupport.parkNanos(LockSupport.java:215)
        at java.util.concurrent.locks.AbstractQueuedSynchronizer$ConditionObject.awaitNanos(AbstractQueuedSynchronizer.java:2078)
        at java.util.concurrent.LinkedBlockingQueue.poll(LinkedBlockingQueue.java:467)
        at org.apache.hadoop.ipc.CallQueueManager.take(CallQueueManager.java:317)
        at org.apache.hadoop.ipc.Server$Handler.run(Server.java:2932)
"IPC Server handler 37 on default port 13034" daemon prio=5 tid=2228 timed_waiting
java.lang.Thread.State: TIMED_WAITING
        at sun.misc.Unsafe.park(Native Method)
        at java.util.concurrent.locks.LockSupport.parkNanos(LockSupport.java:215)
        at java.util.concurrent.locks.AbstractQueuedSynchronizer$ConditionObject.awaitNanos(AbstractQueuedSynchronizer.java:2078)
        at java.util.concurrent.LinkedBlockingQueue.poll(LinkedBlockingQueue.java:467)
        at org.apache.hadoop.ipc.CallQueueManager.take(CallQueueManager.java:317)
        at org.apache.hadoop.ipc.Server$Handler.run(Server.java:2932)
"IPC Server handler 66 on default port 13033" daemon prio=5 tid=2376 timed_waiting
java.lang.Thread.State: TIMED_WAITING
        at sun.misc.Unsafe.park(Native Method)
        at java.util.concurrent.locks.LockSupport.parkNanos(LockSupport.java:215)
        at java.util.concurrent.locks.AbstractQueuedSynchronizer$ConditionObject.awaitNanos(AbstractQueuedSynchronizer.java:2078)
        at java.util.concurrent.LinkedBlockingQueue.poll(LinkedBlockingQueue.java:467)
        at org.apache.hadoop.ipc.CallQueueManager.take(CallQueueManager.java:317)
        at org.apache.hadoop.ipc.Server$Handler.run(Server.java:2932)
"IPC Server handler 18 on default port 13033" daemon prio=5 tid=2328 timed_waiting
java.lang.Thread.State: TIMED_WAITING
        at sun.misc.Unsafe.park(Native Method)
        at java.util.concurrent.locks.LockSupport.parkNanos(LockSupport.java:215)
        at java.util.concurrent.locks.AbstractQueuedSynchronizer$ConditionObject.awaitNanos(AbstractQueuedSynchronizer.java:2078)
        at java.util.concurrent.LinkedBlockingQueue.poll(LinkedBlockingQueue.java:467)
        at org.apache.hadoop.ipc.CallQueueManager.take(CallQueueManager.java:317)
        at org.apache.hadoop.ipc.Server$Handler.run(Server.java:2932)
"EndpointStateMachine task thread for /127.0.0.1:13023 - 0 "  prio=5 tid=627 in Object.wait()
java.lang.Thread.State: WAITING (on object monitor)
        at sun.misc.Unsafe.park(Native Method)
        at java.util.concurrent.locks.LockSupport.park(LockSupport.java:175)
        at java.util.concurrent.locks.AbstractQueuedSynchronizer$ConditionObject.await(AbstractQueuedSynchronizer.java:2039)
        at java.util.concurrent.LinkedBlockingQueue.take(LinkedBlockingQueue.java:442)
        at java.util.concurrent.ThreadPoolExecutor.getTask(ThreadPoolExecutor.java:1074)
        at java.util.concurrent.ThreadPoolExecutor.runWorker(ThreadPoolExecutor.java:1134)
        at java.util.concurrent.ThreadPoolExecutor$Worker.run(ThreadPoolExecutor.java:624)
        at java.lang.Thread.run(Thread.java:748)
"IPC Server idle connection scanner for port 13054" daemon prio=5 tid=2543 in Object.wait()
java.lang.Thread.State: WAITING (on object monitor)
        at java.lang.Object.wait(Native Method)
        at java.lang.Object.wait(Object.java:502)
        at java.util.TimerThread.mainLoop(Timer.java:526)
        at java.util.TimerThread.run(Timer.java:505)
"6dac361e-3d50-41be-ba36-b7bec097cbe9@group-390751046F7B->13676ba2-e17b-4a8f-9926-6ead84168abe-GrpcLogAppender-LogAppenderDaemon" daemon prio=5 tid=2438 timed_waiting
java.lang.Thread.State: TIMED_WAITING
        at java.lang.Object.wait(Native Method)
        at org.apache.ratis.grpc.server.GrpcLogAppender.mayWait(GrpcLogAppender.java:175)
        at org.apache.ratis.grpc.server.GrpcLogAppender.run(GrpcLogAppender.java:127)
        at org.apache.ratis.server.leader.LogAppenderDaemon.run(LogAppenderDaemon.java:77)
        at org.apache.ratis.server.leader.LogAppenderDaemon$$Lambda$739/1789928744.run(Unknown Source)
        at java.lang.Thread.run(Thread.java:748)
"IPC Server handler 3 on default port 11132" daemon prio=5 tid=2579 timed_waiting
java.lang.Thread.State: TIMED_WAITING
        at sun.misc.Unsafe.park(Native Method)
        at java.util.concurrent.locks.LockSupport.parkNanos(LockSupport.java:215)
        at java.util.concurrent.locks.AbstractQueuedSynchronizer$ConditionObject.awaitNanos(AbstractQueuedSynchronizer.java:2078)
        at java.util.concurrent.LinkedBlockingQueue.poll(LinkedBlockingQueue.java:467)
        at org.apache.hadoop.ipc.CallQueueManager.take(CallQueueManager.java:317)
        at org.apache.hadoop.ipc.Server$Handler.run(Server.java:2932)
"IPC Server handler 47 on default port 13033" daemon prio=5 tid=2357 timed_waiting
java.lang.Thread.State: TIMED_WAITING
        at sun.misc.Unsafe.park(Native Method)
        at java.util.concurrent.locks.LockSupport.parkNanos(LockSupport.java:215)
        at java.util.concurrent.locks.AbstractQueuedSynchronizer$ConditionObject.awaitNanos(AbstractQueuedSynchronizer.java:2078)
        at java.util.concurrent.LinkedBlockingQueue.poll(LinkedBlockingQueue.java:467)
        at org.apache.hadoop.ipc.CallQueueManager.take(CallQueueManager.java:317)
        at org.apache.hadoop.ipc.Server$Handler.run(Server.java:2932)
"IPC Server handler 65 on default port 13033" daemon prio=5 tid=2375 timed_waiting
java.lang.Thread.State: TIMED_WAITING
        at sun.misc.Unsafe.park(Native Method)
        at java.util.concurrent.locks.LockSupport.parkNanos(LockSupport.java:215)
        at java.util.concurrent.locks.AbstractQueuedSynchronizer$ConditionObject.awaitNanos(AbstractQueuedSynchronizer.java:2078)
        at java.util.concurrent.LinkedBlockingQueue.poll(LinkedBlockingQueue.java:467)
        at org.apache.hadoop.ipc.CallQueueManager.take(CallQueueManager.java:317)
        at org.apache.hadoop.ipc.Server$Handler.run(Server.java:2932)
"IPC Server handler 27 on default port 13033" daemon prio=5 tid=2337 timed_waiting
java.lang.Thread.State: TIMED_WAITING
        at sun.misc.Unsafe.park(Native Method)
        at java.util.concurrent.locks.LockSupport.parkNanos(LockSupport.java:215)
        at java.util.concurrent.locks.AbstractQueuedSynchronizer$ConditionObject.awaitNanos(AbstractQueuedSynchronizer.java:2078)
        at java.util.concurrent.LinkedBlockingQueue.poll(LinkedBlockingQueue.java:467)
        at org.apache.hadoop.ipc.CallQueueManager.take(CallQueueManager.java:317)
        at org.apache.hadoop.ipc.Server$Handler.run(Server.java:2932)
"EndpointStateMachine task thread for /127.0.0.1:12199 - 0 "  prio=5 tid=1783 timed_waiting
java.lang.Thread.State: TIMED_WAITING
        at java.lang.Thread.sleep(Native Method)
        at org.apache.hadoop.ipc.Client$Connection.handleConnectionFailure(Client.java:972)
        at org.apache.hadoop.ipc.Client$Connection.setupConnection(Client.java:724)
        at org.apache.hadoop.ipc.Client$Connection.setupIOstreams(Client.java:822)
        at org.apache.hadoop.ipc.Client$Connection.access$3800(Client.java:414)
        at org.apache.hadoop.ipc.Client.getConnection(Client.java:1647)
        at org.apache.hadoop.ipc.Client.call(Client.java:1463)
        at org.apache.hadoop.ipc.Client.call(Client.java:1416)
        at org.apache.hadoop.ipc.ProtobufRpcEngine$Invoker.invoke(ProtobufRpcEngine.java:236)
        at org.apache.hadoop.ipc.ProtobufRpcEngine$Invoker.invoke(ProtobufRpcEngine.java:123)
        at com.sun.proxy.$Proxy48.submitRequest(Unknown Source)
        at org.apache.hadoop.ozone.protocolPB.StorageContainerDatanodeProtocolClientSideTranslatorPB.submitRequest(StorageContainerDatanodeProtocolClientSideTranslatorPB.java:117)
        at org.apache.hadoop.ozone.protocolPB.StorageContainerDatanodeProtocolClientSideTranslatorPB.sendHeartbeat(StorageContainerDatanodeProtocolClientSideTranslatorPB.java:149)
        at org.apache.hadoop.ozone.container.common.states.endpoint.HeartbeatEndpointTask.call(HeartbeatEndpointTask.java:179)
        at org.apache.hadoop.ozone.container.common.states.endpoint.HeartbeatEndpointTask.call(HeartbeatEndpointTask.java:82)
        at java.util.concurrent.FutureTask.run(FutureTask.java:266)
        at java.util.concurrent.ThreadPoolExecutor.runWorker(ThreadPoolExecutor.java:1149)
        at java.util.concurrent.ThreadPoolExecutor$Worker.run(ThreadPoolExecutor.java:624)
        at java.lang.Thread.run(Thread.java:748)
"IPC Server handler 98 on default port 13034" daemon prio=5 tid=2289 timed_waiting
java.lang.Thread.State: TIMED_WAITING
        at sun.misc.Unsafe.park(Native Method)
        at java.util.concurrent.locks.LockSupport.parkNanos(LockSupport.java:215)
        at java.util.concurrent.locks.AbstractQueuedSynchronizer$ConditionObject.awaitNanos(AbstractQueuedSynchronizer.java:2078)
        at java.util.concurrent.LinkedBlockingQueue.poll(LinkedBlockingQueue.java:467)
        at org.apache.hadoop.ipc.CallQueueManager.take(CallQueueManager.java:317)
        at org.apache.hadoop.ipc.Server$Handler.run(Server.java:2932)
"IPC Server handler 5 on default port 13043" daemon prio=5 tid=2460 timed_waiting
java.lang.Thread.State: TIMED_WAITING
        at sun.misc.Unsafe.park(Native Method)
        at java.util.concurrent.locks.LockSupport.parkNanos(LockSupport.java:215)
        at java.util.concurrent.locks.AbstractQueuedSynchronizer$ConditionObject.awaitNanos(AbstractQueuedSynchronizer.java:2078)
        at java.util.concurrent.LinkedBlockingQueue.poll(LinkedBlockingQueue.java:467)
        at org.apache.hadoop.ipc.CallQueueManager.take(CallQueueManager.java:317)
        at org.apache.hadoop.ipc.Server$Handler.run(Server.java:2932)
"IPC Server handler 36 on default port 13034" daemon prio=5 tid=2227 timed_waiting
java.lang.Thread.State: TIMED_WAITING
        at sun.misc.Unsafe.park(Native Method)
        at java.util.concurrent.locks.LockSupport.parkNanos(LockSupport.java:215)
        at java.util.concurrent.locks.AbstractQueuedSynchronizer$ConditionObject.awaitNanos(AbstractQueuedSynchronizer.java:2078)
        at java.util.concurrent.LinkedBlockingQueue.poll(LinkedBlockingQueue.java:467)
        at org.apache.hadoop.ipc.CallQueueManager.take(CallQueueManager.java:317)
        at org.apache.hadoop.ipc.Server$Handler.run(Server.java:2932)
"IPC Server handler 41 on default port 13035" daemon prio=5 tid=2132 timed_waiting
java.lang.Thread.State: TIMED_WAITING
        at sun.misc.Unsafe.park(Native Method)
        at java.util.concurrent.locks.LockSupport.parkNanos(LockSupport.java:215)
        at java.util.concurrent.locks.AbstractQueuedSynchronizer$ConditionObject.awaitNanos(AbstractQueuedSynchronizer.java:2078)
        at java.util.concurrent.LinkedBlockingQueue.poll(LinkedBlockingQueue.java:467)
        at org.apache.hadoop.ipc.CallQueueManager.take(CallQueueManager.java:317)
        at org.apache.hadoop.ipc.Server$Handler.run(Server.java:2932)
"qtp1667630446-2659" daemon prio=5 tid=2659 timed_waiting
java.lang.Thread.State: TIMED_WAITING
        at sun.misc.Unsafe.park(Native Method)
        at java.util.concurrent.locks.LockSupport.parkNanos(LockSupport.java:215)
        at java.util.concurrent.locks.AbstractQueuedSynchronizer$ConditionObject.awaitNanos(AbstractQueuedSynchronizer.java:2078)
        at org.eclipse.jetty.util.BlockingArrayQueue.poll(BlockingArrayQueue.java:382)
        at org.eclipse.jetty.util.thread.QueuedThreadPool$Runner.idleJobPoll(QueuedThreadPool.java:974)
        at org.eclipse.jetty.util.thread.QueuedThreadPool$Runner.run(QueuedThreadPool.java:1018)
        at java.lang.Thread.run(Thread.java:748)
"IPC Server handler 49 on default port 13033" daemon prio=5 tid=2359 timed_waiting
java.lang.Thread.State: TIMED_WAITING
        at sun.misc.Unsafe.park(Native Method)
        at java.util.concurrent.locks.LockSupport.parkNanos(LockSupport.java:215)
        at java.util.concurrent.locks.AbstractQueuedSynchronizer$ConditionObject.awaitNanos(AbstractQueuedSynchronizer.java:2078)
        at java.util.concurrent.LinkedBlockingQueue.poll(LinkedBlockingQueue.java:467)
        at org.apache.hadoop.ipc.CallQueueManager.take(CallQueueManager.java:317)
        at org.apache.hadoop.ipc.Server$Handler.run(Server.java:2932)
"RatisPipelineUtilsThread - 0"  prio=5 tid=2421 timed_waiting
java.lang.Thread.State: TIMED_WAITING
        at java.lang.Object.wait(Native Method)
        at org.apache.hadoop.hdds.scm.pipeline.BackgroundPipelineCreator.run(BackgroundPipelineCreator.java:183)
        at org.apache.hadoop.hdds.scm.pipeline.BackgroundPipelineCreator$$Lambda$642/140163428.run(Unknown Source)
        at java.lang.Thread.run(Thread.java:748)
"IPC Server handler 76 on default port 13035" daemon prio=5 tid=2167 timed_waiting
java.lang.Thread.State: TIMED_WAITING
        at sun.misc.Unsafe.park(Native Method)
        at java.util.concurrent.locks.LockSupport.parkNanos(LockSupport.java:215)
        at java.util.concurrent.locks.AbstractQueuedSynchronizer$ConditionObject.awaitNanos(AbstractQueuedSynchronizer.java:2078)
        at java.util.concurrent.LinkedBlockingQueue.poll(LinkedBlockingQueue.java:467)
        at org.apache.hadoop.ipc.CallQueueManager.take(CallQueueManager.java:317)
        at org.apache.hadoop.ipc.Server$Handler.run(Server.java:2932)
"Datanode ReportManager Thread - 3" daemon prio=5 tid=1717 in Object.wait()
java.lang.Thread.State: WAITING (on object monitor)
        at sun.misc.Unsafe.park(Native Method)
        at java.util.concurrent.locks.LockSupport.park(LockSupport.java:175)
        at java.util.concurrent.locks.AbstractQueuedSynchronizer$ConditionObject.await(AbstractQueuedSynchronizer.java:2039)
        at java.util.concurrent.ScheduledThreadPoolExecutor$DelayedWorkQueue.take(ScheduledThreadPoolExecutor.java:1088)
        at java.util.concurrent.ScheduledThreadPoolExecutor$DelayedWorkQueue.take(ScheduledThreadPoolExecutor.java:809)
        at java.util.concurrent.ThreadPoolExecutor.getTask(ThreadPoolExecutor.java:1074)
        at java.util.concurrent.ThreadPoolExecutor.runWorker(ThreadPoolExecutor.java:1134)
        at java.util.concurrent.ThreadPoolExecutor$Worker.run(ThreadPoolExecutor.java:624)
        at java.lang.Thread.run(Thread.java:748)
"IPC Server handler 96 on default port 13033" daemon prio=5 tid=2406 timed_waiting
java.lang.Thread.State: TIMED_WAITING
        at sun.misc.Unsafe.park(Native Method)
        at java.util.concurrent.locks.LockSupport.parkNanos(LockSupport.java:215)
        at java.util.concurrent.locks.AbstractQueuedSynchronizer$ConditionObject.awaitNanos(AbstractQueuedSynchronizer.java:2078)
        at java.util.concurrent.LinkedBlockingQueue.poll(LinkedBlockingQueue.java:467)
        at org.apache.hadoop.ipc.CallQueueManager.take(CallQueueManager.java:317)
        at org.apache.hadoop.ipc.Server$Handler.run(Server.java:2932)
"d262ff89-3d5e-4ab4-981f-dc8616a3cc4b@group-A37BCEEDED0F-StateMachineUpdater" daemon prio=5 tid=2765 in Object.wait()
java.lang.Thread.State: WAITING (on object monitor)
        at java.lang.Object.wait(Native Method)
        at java.lang.Object.wait(Object.java:502)
        at org.apache.ratis.server.impl.StateMachineUpdater.waitForCommit(StateMachineUpdater.java:204)
        at org.apache.ratis.server.impl.StateMachineUpdater.run(StateMachineUpdater.java:173)
        at java.lang.Thread.run(Thread.java:748)
"IPC Server handler 3 on default port 13045" daemon prio=5 tid=2480 timed_waiting
java.lang.Thread.State: TIMED_WAITING
        at sun.misc.Unsafe.park(Native Method)
        at java.util.concurrent.locks.LockSupport.parkNanos(LockSupport.java:215)
        at java.util.concurrent.locks.AbstractQueuedSynchronizer$ConditionObject.awaitNanos(AbstractQueuedSynchronizer.java:2078)
        at java.util.concurrent.LinkedBlockingQueue.poll(LinkedBlockingQueue.java:467)
        at org.apache.hadoop.ipc.CallQueueManager.take(CallQueueManager.java:317)
        at org.apache.hadoop.ipc.Server$Handler.run(Server.java:2932)
"Socket Reader #1 for port 13034"  prio=5 tid=2079 runnable
java.lang.Thread.State: RUNNABLE
        at sun.nio.ch.EPollArrayWrapper.epollWait(Native Method)
        at sun.nio.ch.EPollArrayWrapper.poll(EPollArrayWrapper.java:269)
        at sun.nio.ch.EPollSelectorImpl.doSelect(EPollSelectorImpl.java:93)
        at sun.nio.ch.SelectorImpl.lockAndDoSelect(SelectorImpl.java:86)
        at sun.nio.ch.SelectorImpl.select(SelectorImpl.java:97)
        at sun.nio.ch.SelectorImpl.select(SelectorImpl.java:101)
        at org.apache.hadoop.ipc.Server$Listener$Reader.doRunLoop(Server.java:1288)
        at org.apache.hadoop.ipc.Server$Listener$Reader.run(Server.java:1267)
"IPC Server handler 54 on default port 13035" daemon prio=5 tid=2145 timed_waiting
java.lang.Thread.State: TIMED_WAITING
        at sun.misc.Unsafe.park(Native Method)
        at java.util.concurrent.locks.LockSupport.parkNanos(LockSupport.java:215)
        at java.util.concurrent.locks.AbstractQueuedSynchronizer$ConditionObject.awaitNanos(AbstractQueuedSynchronizer.java:2078)
        at java.util.concurrent.LinkedBlockingQueue.poll(LinkedBlockingQueue.java:467)
        at org.apache.hadoop.ipc.CallQueueManager.take(CallQueueManager.java:317)
        at org.apache.hadoop.ipc.Server$Handler.run(Server.java:2932)
"IPC Server handler 76 on default port 13034" daemon prio=5 tid=2267 timed_waiting
java.lang.Thread.State: TIMED_WAITING
        at sun.misc.Unsafe.park(Native Method)
        at java.util.concurrent.locks.LockSupport.parkNanos(LockSupport.java:215)
        at java.util.concurrent.locks.AbstractQueuedSynchronizer$ConditionObject.awaitNanos(AbstractQueuedSynchronizer.java:2078)
        at java.util.concurrent.LinkedBlockingQueue.poll(LinkedBlockingQueue.java:467)
        at org.apache.hadoop.ipc.CallQueueManager.take(CallQueueManager.java:317)
        at org.apache.hadoop.ipc.Server$Handler.run(Server.java:2932)
"IPC Server handler 52 on default port 13034" daemon prio=5 tid=2243 timed_waiting
java.lang.Thread.State: TIMED_WAITING
        at sun.misc.Unsafe.park(Native Method)
        at java.util.concurrent.locks.LockSupport.parkNanos(LockSupport.java:215)
        at java.util.concurrent.locks.AbstractQueuedSynchronizer$ConditionObject.awaitNanos(AbstractQueuedSynchronizer.java:2078)
        at java.util.concurrent.LinkedBlockingQueue.poll(LinkedBlockingQueue.java:467)
        at org.apache.hadoop.ipc.CallQueueManager.take(CallQueueManager.java:317)
        at org.apache.hadoop.ipc.Server$Handler.run(Server.java:2932)
"RatisPipelineUtilsThread - 0"  prio=5 tid=2071 timed_waiting
java.lang.Thread.State: TIMED_WAITING
        at java.lang.Object.wait(Native Method)
        at org.apache.hadoop.hdds.scm.pipeline.BackgroundPipelineCreator.run(BackgroundPipelineCreator.java:183)
        at org.apache.hadoop.hdds.scm.pipeline.BackgroundPipelineCreator$$Lambda$642/140163428.run(Unknown Source)
        at java.lang.Thread.run(Thread.java:748)
"IPC Server handler 46 on default port 13034" daemon prio=5 tid=2237 timed_waiting
java.lang.Thread.State: TIMED_WAITING
        at sun.misc.Unsafe.park(Native Method)
        at java.util.concurrent.locks.LockSupport.parkNanos(LockSupport.java:215)
        at java.util.concurrent.locks.AbstractQueuedSynchronizer$ConditionObject.awaitNanos(AbstractQueuedSynchronizer.java:2078)
        at java.util.concurrent.LinkedBlockingQueue.poll(LinkedBlockingQueue.java:467)
        at org.apache.hadoop.ipc.CallQueueManager.take(CallQueueManager.java:317)
        at org.apache.hadoop.ipc.Server$Handler.run(Server.java:2932)
"EndpointStateMachine task thread for /127.0.0.1:12189 - 0 "  prio=5 tid=1784 timed_waiting
java.lang.Thread.State: TIMED_WAITING
        at java.lang.Thread.sleep(Native Method)
        at org.apache.hadoop.ipc.Client$Connection.handleConnectionFailure(Client.java:972)
        at org.apache.hadoop.ipc.Client$Connection.setupConnection(Client.java:724)
        at org.apache.hadoop.ipc.Client$Connection.setupIOstreams(Client.java:822)
        at org.apache.hadoop.ipc.Client$Connection.access$3800(Client.java:414)
        at org.apache.hadoop.ipc.Client.getConnection(Client.java:1647)
        at org.apache.hadoop.ipc.Client.call(Client.java:1463)
        at org.apache.hadoop.ipc.Client.call(Client.java:1416)
        at org.apache.hadoop.ipc.ProtobufRpcEngine$Invoker.invoke(ProtobufRpcEngine.java:236)
        at org.apache.hadoop.ipc.ProtobufRpcEngine$Invoker.invoke(ProtobufRpcEngine.java:123)
        at com.sun.proxy.$Proxy48.submitRequest(Unknown Source)
        at org.apache.hadoop.ozone.protocolPB.StorageContainerDatanodeProtocolClientSideTranslatorPB.submitRequest(StorageContainerDatanodeProtocolClientSideTranslatorPB.java:117)
        at org.apache.hadoop.ozone.protocolPB.StorageContainerDatanodeProtocolClientSideTranslatorPB.sendHeartbeat(StorageContainerDatanodeProtocolClientSideTranslatorPB.java:149)
        at org.apache.hadoop.ozone.container.common.states.endpoint.HeartbeatEndpointTask.call(HeartbeatEndpointTask.java:179)
        at org.apache.hadoop.ozone.container.common.states.endpoint.HeartbeatEndpointTask.call(HeartbeatEndpointTask.java:82)
        at java.util.concurrent.FutureTask.run(FutureTask.java:266)
        at java.util.concurrent.ThreadPoolExecutor.runWorker(ThreadPoolExecutor.java:1149)
        at java.util.concurrent.ThreadPoolExecutor$Worker.run(ThreadPoolExecutor.java:624)
        at java.lang.Thread.run(Thread.java:748)
"EndpointStateMachine task thread for /127.0.0.1:12189 - 0 "  prio=5 tid=1755 in Object.wait()
java.lang.Thread.State: WAITING (on object monitor)
        at sun.misc.Unsafe.park(Native Method)
        at java.util.concurrent.locks.LockSupport.park(LockSupport.java:175)
        at java.util.concurrent.locks.AbstractQueuedSynchronizer$ConditionObject.await(AbstractQueuedSynchronizer.java:2039)
        at java.util.concurrent.LinkedBlockingQueue.take(LinkedBlockingQueue.java:442)
        at java.util.concurrent.ThreadPoolExecutor.getTask(ThreadPoolExecutor.java:1074)
        at java.util.concurrent.ThreadPoolExecutor.runWorker(ThreadPoolExecutor.java:1134)
        at java.util.concurrent.ThreadPoolExecutor$Worker.run(ThreadPoolExecutor.java:624)
        at java.lang.Thread.run(Thread.java:748)
"org.apache.hadoop.ozone.container.common.statemachine.commandhandler.DeleteBlocksCommandHandler$DeleteCmdWorker@233c4b40" daemon prio=5 tid=2602 timed_waiting
java.lang.Thread.State: TIMED_WAITING
        at java.lang.Thread.sleep(Native Method)
        at org.apache.hadoop.ozone.container.common.statemachine.commandhandler.DeleteBlocksCommandHandler$DeleteCmdWorker.run(DeleteBlocksCommandHandler.java:175)
        at java.lang.Thread.run(Thread.java:748)
"IPC Server handler 91 on default port 13035" daemon prio=5 tid=2182 timed_waiting
java.lang.Thread.State: TIMED_WAITING
        at sun.misc.Unsafe.park(Native Method)
        at java.util.concurrent.locks.LockSupport.parkNanos(LockSupport.java:215)
        at java.util.concurrent.locks.AbstractQueuedSynchronizer$ConditionObject.awaitNanos(AbstractQueuedSynchronizer.java:2078)
        at java.util.concurrent.LinkedBlockingQueue.poll(LinkedBlockingQueue.java:467)
        at org.apache.hadoop.ipc.CallQueueManager.take(CallQueueManager.java:317)
        at org.apache.hadoop.ipc.Server$Handler.run(Server.java:2932)
"IPC Server handler 82 on default port 13034" daemon prio=5 tid=2273 timed_waiting
java.lang.Thread.State: TIMED_WAITING
        at sun.misc.Unsafe.park(Native Method)
        at java.util.concurrent.locks.LockSupport.parkNanos(LockSupport.java:215)
        at java.util.concurrent.locks.AbstractQueuedSynchronizer$ConditionObject.awaitNanos(AbstractQueuedSynchronizer.java:2078)
        at java.util.concurrent.LinkedBlockingQueue.poll(LinkedBlockingQueue.java:467)
        at org.apache.hadoop.ipc.CallQueueManager.take(CallQueueManager.java:317)
        at org.apache.hadoop.ipc.Server$Handler.run(Server.java:2932)
"EventQueue-ContainerReportForContainerReportHandler" daemon prio=5 tid=2728 in Object.wait()
java.lang.Thread.State: WAITING (on object monitor)
        at sun.misc.Unsafe.park(Native Method)
        at java.util.concurrent.locks.LockSupport.park(LockSupport.java:175)
        at java.util.concurrent.locks.AbstractQueuedSynchronizer$ConditionObject.await(AbstractQueuedSynchronizer.java:2039)
        at java.util.concurrent.LinkedBlockingQueue.take(LinkedBlockingQueue.java:442)
        at java.util.concurrent.ThreadPoolExecutor.getTask(ThreadPoolExecutor.java:1074)
        at java.util.concurrent.ThreadPoolExecutor.runWorker(ThreadPoolExecutor.java:1134)
        at java.util.concurrent.ThreadPoolExecutor$Worker.run(ThreadPoolExecutor.java:624)
        at java.lang.Thread.run(Thread.java:748)
"IPC Server handler 38 on default port 13034" daemon prio=5 tid=2229 timed_waiting
java.lang.Thread.State: TIMED_WAITING
        at sun.misc.Unsafe.park(Native Method)
        at java.util.concurrent.locks.LockSupport.parkNanos(LockSupport.java:215)
        at java.util.concurrent.locks.AbstractQueuedSynchronizer$ConditionObject.awaitNanos(AbstractQueuedSynchronizer.java:2078)
        at java.util.concurrent.LinkedBlockingQueue.poll(LinkedBlockingQueue.java:467)
        at org.apache.hadoop.ipc.CallQueueManager.take(CallQueueManager.java:317)
        at org.apache.hadoop.ipc.Server$Handler.run(Server.java:2932)
"Datanode ReportManager Thread - 2" daemon prio=5 tid=590 in Object.wait()
java.lang.Thread.State: WAITING (on object monitor)
        at sun.misc.Unsafe.park(Native Method)
        at java.util.concurrent.locks.LockSupport.park(LockSupport.java:175)
        at java.util.concurrent.locks.AbstractQueuedSynchronizer$ConditionObject.await(AbstractQueuedSynchronizer.java:2039)
        at java.util.concurrent.ScheduledThreadPoolExecutor$DelayedWorkQueue.take(ScheduledThreadPoolExecutor.java:1088)
        at java.util.concurrent.ScheduledThreadPoolExecutor$DelayedWorkQueue.take(ScheduledThreadPoolExecutor.java:809)
        at java.util.concurrent.ThreadPoolExecutor.getTask(ThreadPoolExecutor.java:1074)
        at java.util.concurrent.ThreadPoolExecutor.runWorker(ThreadPoolExecutor.java:1134)
        at java.util.concurrent.ThreadPoolExecutor$Worker.run(ThreadPoolExecutor.java:624)
        at java.lang.Thread.run(Thread.java:748)
"qtp1029395488-2297" daemon prio=5 tid=2297 timed_waiting
java.lang.Thread.State: TIMED_WAITING
        at sun.misc.Unsafe.park(Native Method)
        at java.util.concurrent.locks.LockSupport.parkNanos(LockSupport.java:215)
        at java.util.concurrent.locks.AbstractQueuedSynchronizer$ConditionObject.awaitNanos(AbstractQueuedSynchronizer.java:2078)
        at org.eclipse.jetty.util.BlockingArrayQueue.poll(BlockingArrayQueue.java:382)
        at org.eclipse.jetty.util.thread.QueuedThreadPool$Runner.idleJobPoll(QueuedThreadPool.java:974)
        at org.eclipse.jetty.util.thread.QueuedThreadPool$Runner.run(QueuedThreadPool.java:1018)
        at java.lang.Thread.run(Thread.java:748)
"IPC Server handler 95 on default port 13035" daemon prio=5 tid=2186 timed_waiting
java.lang.Thread.State: TIMED_WAITING
        at sun.misc.Unsafe.park(Native Method)
        at java.util.concurrent.locks.LockSupport.parkNanos(LockSupport.java:215)
        at java.util.concurrent.locks.AbstractQueuedSynchronizer$ConditionObject.awaitNanos(AbstractQueuedSynchronizer.java:2078)
        at java.util.concurrent.LinkedBlockingQueue.poll(LinkedBlockingQueue.java:467)
        at org.apache.hadoop.ipc.CallQueueManager.take(CallQueueManager.java:317)
        at org.apache.hadoop.ipc.Server$Handler.run(Server.java:2932)
"IPC Server handler 5 on default port 13044" daemon prio=5 tid=2502 timed_waiting
java.lang.Thread.State: TIMED_WAITING
        at sun.misc.Unsafe.park(Native Method)
        at java.util.concurrent.locks.LockSupport.parkNanos(LockSupport.java:215)
        at java.util.concurrent.locks.AbstractQueuedSynchronizer$ConditionObject.awaitNanos(AbstractQueuedSynchronizer.java:2078)
        at java.util.concurrent.LinkedBlockingQueue.poll(LinkedBlockingQueue.java:467)
        at org.apache.hadoop.ipc.CallQueueManager.take(CallQueueManager.java:317)
        at org.apache.hadoop.ipc.Server$Handler.run(Server.java:2932)
"IPC Server listener on 13035" daemon prio=5 tid=2082 runnable
java.lang.Thread.State: RUNNABLE
        at sun.nio.ch.EPollArrayWrapper.epollWait(Native Method)
        at sun.nio.ch.EPollArrayWrapper.poll(EPollArrayWrapper.java:269)
        at sun.nio.ch.EPollSelectorImpl.doSelect(EPollSelectorImpl.java:93)
        at sun.nio.ch.SelectorImpl.lockAndDoSelect(SelectorImpl.java:86)
        at sun.nio.ch.SelectorImpl.select(SelectorImpl.java:97)
        at sun.nio.ch.SelectorImpl.select(SelectorImpl.java:101)
        at org.apache.hadoop.ipc.Server$Listener.run(Server.java:1350)
"IPC Server handler 7 on default port 11132" daemon prio=5 tid=2583 timed_waiting
java.lang.Thread.State: TIMED_WAITING
        at sun.misc.Unsafe.park(Native Method)
        at java.util.concurrent.locks.LockSupport.parkNanos(LockSupport.java:215)
        at java.util.concurrent.locks.AbstractQueuedSynchronizer$ConditionObject.awaitNanos(AbstractQueuedSynchronizer.java:2078)
        at java.util.concurrent.LinkedBlockingQueue.poll(LinkedBlockingQueue.java:467)
        at org.apache.hadoop.ipc.CallQueueManager.take(CallQueueManager.java:317)
        at org.apache.hadoop.ipc.Server$Handler.run(Server.java:2932)
"IPC Server handler 67 on default port 13033" daemon prio=5 tid=2377 timed_waiting
java.lang.Thread.State: TIMED_WAITING
        at sun.misc.Unsafe.park(Native Method)
        at java.util.concurrent.locks.LockSupport.parkNanos(LockSupport.java:215)
        at java.util.concurrent.locks.AbstractQueuedSynchronizer$ConditionObject.awaitNanos(AbstractQueuedSynchronizer.java:2078)
        at java.util.concurrent.LinkedBlockingQueue.poll(LinkedBlockingQueue.java:467)
        at org.apache.hadoop.ipc.CallQueueManager.take(CallQueueManager.java:317)
        at org.apache.hadoop.ipc.Server$Handler.run(Server.java:2932)
"IPC Server handler 5 on default port 13034" daemon prio=5 tid=2196 timed_waiting
java.lang.Thread.State: TIMED_WAITING
        at sun.misc.Unsafe.park(Native Method)
        at java.util.concurrent.locks.LockSupport.parkNanos(LockSupport.java:215)
        at java.util.concurrent.locks.AbstractQueuedSynchronizer$ConditionObject.awaitNanos(AbstractQueuedSynchronizer.java:2078)
        at java.util.concurrent.LinkedBlockingQueue.poll(LinkedBlockingQueue.java:467)
        at org.apache.hadoop.ipc.CallQueueManager.take(CallQueueManager.java:317)
        at org.apache.hadoop.ipc.Server$Handler.run(Server.java:2932)
"IPC Parameter Sending Thread #2" daemon prio=5 tid=1108 timed_waiting
java.lang.Thread.State: TIMED_WAITING
        at sun.misc.Unsafe.park(Native Method)
        at java.util.concurrent.locks.LockSupport.parkNanos(LockSupport.java:215)
        at java.util.concurrent.SynchronousQueue$TransferStack.awaitFulfill(SynchronousQueue.java:460)
        at java.util.concurrent.SynchronousQueue$TransferStack.transfer(SynchronousQueue.java:362)
        at java.util.concurrent.SynchronousQueue.poll(SynchronousQueue.java:941)
        at java.util.concurrent.ThreadPoolExecutor.getTask(ThreadPoolExecutor.java:1073)
        at java.util.concurrent.ThreadPoolExecutor.runWorker(ThreadPoolExecutor.java:1134)
        at java.util.concurrent.ThreadPoolExecutor$Worker.run(ThreadPoolExecutor.java:624)
        at java.lang.Thread.run(Thread.java:748)
"IPC Server handler 2 on default port 13033" daemon prio=5 tid=2312 timed_waiting
java.lang.Thread.State: TIMED_WAITING
        at sun.misc.Unsafe.park(Native Method)
        at java.util.concurrent.locks.LockSupport.parkNanos(LockSupport.java:215)
        at java.util.concurrent.locks.AbstractQueuedSynchronizer$ConditionObject.awaitNanos(AbstractQueuedSynchronizer.java:2078)
        at java.util.concurrent.LinkedBlockingQueue.poll(LinkedBlockingQueue.java:467)
        at org.apache.hadoop.ipc.CallQueueManager.take(CallQueueManager.java:317)
        at org.apache.hadoop.ipc.Server$Handler.run(Server.java:2932)
"grpc-default-boss-ELG-6-1" daemon prio=5 tid=2059 runnable
java.lang.Thread.State: RUNNABLE
        at org.apache.ratis.thirdparty.io.netty.channel.epoll.Native.epollWait(Native Method)
        at org.apache.ratis.thirdparty.io.netty.channel.epoll.Native.epollWait(Native.java:177)
        at org.apache.ratis.thirdparty.io.netty.channel.epoll.Native.epollWait(Native.java:170)
        at org.apache.ratis.thirdparty.io.netty.channel.epoll.EpollEventLoop.epollWaitNoTimerChange(EpollEventLoop.java:290)
        at org.apache.ratis.thirdparty.io.netty.channel.epoll.EpollEventLoop.run(EpollEventLoop.java:347)
        at org.apache.ratis.thirdparty.io.netty.util.concurrent.SingleThreadEventExecutor$4.run(SingleThreadEventExecutor.java:989)
        at org.apache.ratis.thirdparty.io.netty.util.internal.ThreadExecutorMap$2.run(ThreadExecutorMap.java:74)
        at org.apache.ratis.thirdparty.io.netty.util.concurrent.FastThreadLocalRunnable.run(FastThreadLocalRunnable.java:30)
        at java.lang.Thread.run(Thread.java:748)
"IPC Server handler 26 on default port 13034" daemon prio=5 tid=2217 timed_waiting
java.lang.Thread.State: TIMED_WAITING
        at sun.misc.Unsafe.park(Native Method)
        at java.util.concurrent.locks.LockSupport.parkNanos(LockSupport.java:215)
        at java.util.concurrent.locks.AbstractQueuedSynchronizer$ConditionObject.awaitNanos(AbstractQueuedSynchronizer.java:2078)
        at java.util.concurrent.LinkedBlockingQueue.poll(LinkedBlockingQueue.java:467)
        at org.apache.hadoop.ipc.CallQueueManager.take(CallQueueManager.java:317)
        at org.apache.hadoop.ipc.Server$Handler.run(Server.java:2932)
"IPC Server handler 13 on default port 13045" daemon prio=5 tid=2490 timed_waiting
java.lang.Thread.State: TIMED_WAITING
        at sun.misc.Unsafe.park(Native Method)
        at java.util.concurrent.locks.LockSupport.parkNanos(LockSupport.java:215)
        at java.util.concurrent.locks.AbstractQueuedSynchronizer$ConditionObject.awaitNanos(AbstractQueuedSynchronizer.java:2078)
        at java.util.concurrent.LinkedBlockingQueue.poll(LinkedBlockingQueue.java:467)
        at org.apache.hadoop.ipc.CallQueueManager.take(CallQueueManager.java:317)
        at org.apache.hadoop.ipc.Server$Handler.run(Server.java:2932)
"Datanode State Machine Task Thread - 1"  prio=5 tid=2675 in Object.wait()
java.lang.Thread.State: WAITING (on object monitor)
        at sun.misc.Unsafe.park(Native Method)
        at java.util.concurrent.locks.LockSupport.park(LockSupport.java:175)
        at java.util.concurrent.locks.AbstractQueuedSynchronizer$ConditionObject.await(AbstractQueuedSynchronizer.java:2039)
        at java.util.concurrent.LinkedBlockingQueue.take(LinkedBlockingQueue.java:442)
        at java.util.concurrent.ThreadPoolExecutor.getTask(ThreadPoolExecutor.java:1074)
        at java.util.concurrent.ThreadPoolExecutor.runWorker(ThreadPoolExecutor.java:1134)
        at java.util.concurrent.ThreadPoolExecutor$Worker.run(ThreadPoolExecutor.java:624)
        at java.lang.Thread.run(Thread.java:748)
"IPC Server handler 85 on default port 13035" daemon prio=5 tid=2176 timed_waiting
java.lang.Thread.State: TIMED_WAITING
        at sun.misc.Unsafe.park(Native Method)
        at java.util.concurrent.locks.LockSupport.parkNanos(LockSupport.java:215)
        at java.util.concurrent.locks.AbstractQueuedSynchronizer$ConditionObject.awaitNanos(AbstractQueuedSynchronizer.java:2078)
        at java.util.concurrent.LinkedBlockingQueue.poll(LinkedBlockingQueue.java:467)
        at org.apache.hadoop.ipc.CallQueueManager.take(CallQueueManager.java:317)
        at org.apache.hadoop.ipc.Server$Handler.run(Server.java:2932)
"91f27009-ec66-4294-9321-b0739729fb6b@group-A37BCEEDED0F->7e7f778f-92a3-4c6a-870c-2544e6325884-GrpcLogAppender-LogAppenderDaemon" daemon prio=5 tid=2934 timed_waiting
java.lang.Thread.State: TIMED_WAITING
        at java.lang.Object.wait(Native Method)
        at org.apache.ratis.grpc.server.GrpcLogAppender.mayWait(GrpcLogAppender.java:175)
        at org.apache.ratis.grpc.server.GrpcLogAppender.run(GrpcLogAppender.java:127)
        at org.apache.ratis.server.leader.LogAppenderDaemon.run(LogAppenderDaemon.java:77)
        at org.apache.ratis.server.leader.LogAppenderDaemon$$Lambda$739/1789928744.run(Unknown Source)
        at java.lang.Thread.run(Thread.java:748)
"IPC Server handler 53 on default port 13035" daemon prio=5 tid=2144 timed_waiting
java.lang.Thread.State: TIMED_WAITING
        at sun.misc.Unsafe.park(Native Method)
        at java.util.concurrent.locks.LockSupport.parkNanos(LockSupport.java:215)
        at java.util.concurrent.locks.AbstractQueuedSynchronizer$ConditionObject.awaitNanos(AbstractQueuedSynchronizer.java:2078)
        at java.util.concurrent.LinkedBlockingQueue.poll(LinkedBlockingQueue.java:467)
        at org.apache.hadoop.ipc.CallQueueManager.take(CallQueueManager.java:317)
        at org.apache.hadoop.ipc.Server$Handler.run(Server.java:2932)
"IPC Server handler 80 on default port 13034" daemon prio=5 tid=2271 timed_waiting
java.lang.Thread.State: TIMED_WAITING
        at sun.misc.Unsafe.park(Native Method)
        at java.util.concurrent.locks.LockSupport.parkNanos(LockSupport.java:215)
        at java.util.concurrent.locks.AbstractQueuedSynchronizer$ConditionObject.awaitNanos(AbstractQueuedSynchronizer.java:2078)
        at java.util.concurrent.LinkedBlockingQueue.poll(LinkedBlockingQueue.java:467)
        at org.apache.hadoop.ipc.CallQueueManager.take(CallQueueManager.java:317)
        at org.apache.hadoop.ipc.Server$Handler.run(Server.java:2932)
"IPC Server handler 84 on default port 13035" daemon prio=5 tid=2175 timed_waiting
java.lang.Thread.State: TIMED_WAITING
        at sun.misc.Unsafe.park(Native Method)
        at java.util.concurrent.locks.LockSupport.parkNanos(LockSupport.java:215)
        at java.util.concurrent.locks.AbstractQueuedSynchronizer$ConditionObject.awaitNanos(AbstractQueuedSynchronizer.java:2078)
        at java.util.concurrent.LinkedBlockingQueue.poll(LinkedBlockingQueue.java:467)
        at org.apache.hadoop.ipc.CallQueueManager.take(CallQueueManager.java:317)
        at org.apache.hadoop.ipc.Server$Handler.run(Server.java:2932)
"EventQueue-NewNodeForNewNodeHandler" daemon prio=5 tid=2410 in Object.wait()
java.lang.Thread.State: WAITING (on object monitor)
        at sun.misc.Unsafe.park(Native Method)
        at java.util.concurrent.locks.LockSupport.park(LockSupport.java:175)
        at java.util.concurrent.locks.AbstractQueuedSynchronizer$ConditionObject.await(AbstractQueuedSynchronizer.java:2039)
        at java.util.concurrent.LinkedBlockingQueue.take(LinkedBlockingQueue.java:442)
        at java.util.concurrent.ThreadPoolExecutor.getTask(ThreadPoolExecutor.java:1074)
        at java.util.concurrent.ThreadPoolExecutor.runWorker(ThreadPoolExecutor.java:1134)
        at java.util.concurrent.ThreadPoolExecutor$Worker.run(ThreadPoolExecutor.java:624)
        at java.lang.Thread.run(Thread.java:748)
"IPC Server handler 67 on default port 13035" daemon prio=5 tid=2158 timed_waiting
java.lang.Thread.State: TIMED_WAITING
        at sun.misc.Unsafe.park(Native Method)
        at java.util.concurrent.locks.LockSupport.parkNanos(LockSupport.java:215)
        at java.util.concurrent.locks.AbstractQueuedSynchronizer$ConditionObject.awaitNanos(AbstractQueuedSynchronizer.java:2078)
        at java.util.concurrent.LinkedBlockingQueue.poll(LinkedBlockingQueue.java:467)
        at org.apache.hadoop.ipc.CallQueueManager.take(CallQueueManager.java:317)
        at org.apache.hadoop.ipc.Server$Handler.run(Server.java:2932)
"IPC Server handler 28 on default port 13033" daemon prio=5 tid=2338 timed_waiting
java.lang.Thread.State: TIMED_WAITING
        at sun.misc.Unsafe.park(Native Method)
        at java.util.concurrent.locks.LockSupport.parkNanos(LockSupport.java:215)
        at java.util.concurrent.locks.AbstractQueuedSynchronizer$ConditionObject.awaitNanos(AbstractQueuedSynchronizer.java:2078)
        at java.util.concurrent.LinkedBlockingQueue.poll(LinkedBlockingQueue.java:467)
        at org.apache.hadoop.ipc.CallQueueManager.take(CallQueueManager.java:317)
        at org.apache.hadoop.ipc.Server$Handler.run(Server.java:2932)


	at org.apache.ozone.test.GenericTestUtils.waitFor(GenericTestUtils.java:225)
	at org.apache.hadoop.ozone.MiniOzoneClusterImpl.waitForClusterToBeReady(MiniOzoneClusterImpl.java:228)
	at org.apache.hadoop.ozone.scm.TestSCMInstallSnapshotWithHA.init(TestSCMInstallSnapshotWithHA.java:104)
	at sun.reflect.NativeMethodAccessorImpl.invoke0(Native Method)
	at sun.reflect.NativeMethodAccessorImpl.invoke(NativeMethodAccessorImpl.java:62)
	at sun.reflect.DelegatingMethodAccessorImpl.invoke(DelegatingMethodAccessorImpl.java:43)
	at java.lang.reflect.Method.invoke(Method.java:498)
	at org.junit.platform.commons.util.ReflectionUtils.invokeMethod(ReflectionUtils.java:688)
	at org.junit.jupiter.engine.execution.MethodInvocation.proceed(MethodInvocation.java:60)
	at org.junit.jupiter.engine.execution.InvocationInterceptorChain$ValidatingInvocation.proceed(InvocationInterceptorChain.java:131)
	at org.junit.jupiter.engine.extension.TimeoutExtension.intercept(TimeoutExtension.java:149)
	at org.junit.jupiter.engine.extension.TimeoutExtension.interceptLifecycleMethod(TimeoutExtension.java:126)
	at org.junit.jupiter.engine.extension.TimeoutExtension.interceptBeforeEachMethod(TimeoutExtension.java:76)
	at org.junit.jupiter.engine.execution.ExecutableInvoker$ReflectiveInterceptorCall.lambda$ofVoidMethod$0(ExecutableInvoker.java:115)
	at org.junit.jupiter.engine.execution.ExecutableInvoker.lambda$invoke$0(ExecutableInvoker.java:105)
	at org.junit.jupiter.engine.execution.InvocationInterceptorChain$InterceptedInvocation.proceed(InvocationInterceptorChain.java:106)
	at org.junit.jupiter.engine.execution.InvocationInterceptorChain.proceed(InvocationInterceptorChain.java:64)
	at org.junit.jupiter.engine.execution.InvocationInterceptorChain.chainAndInvoke(InvocationInterceptorChain.java:45)
	at org.junit.jupiter.engine.execution.InvocationInterceptorChain.invoke(InvocationInterceptorChain.java:37)
	at org.junit.jupiter.engine.execution.ExecutableInvoker.invoke(ExecutableInvoker.java:104)
	at org.junit.jupiter.engine.execution.ExecutableInvoker.invoke(ExecutableInvoker.java:98)
	at org.junit.jupiter.engine.descriptor.ClassBasedTestDescriptor.invokeMethodInExtensionContext(ClassBasedTestDescriptor.java:490)
	at org.junit.jupiter.engine.descriptor.ClassBasedTestDescriptor.lambda$synthesizeBeforeEachMethodAdapter$19(ClassBasedTestDescriptor.java:475)
	at org.junit.jupiter.engine.descriptor.TestMethodTestDescriptor.lambda$invokeBeforeEachMethods$2(TestMethodTestDescriptor.java:167)
	at org.junit.jupiter.engine.descriptor.TestMethodTestDescriptor.lambda$invokeBeforeMethodsOrCallbacksUntilExceptionOccurs$5(TestMethodTestDescriptor.java:195)
	at org.junit.platform.engine.support.hierarchical.ThrowableCollector.execute(ThrowableCollector.java:73)
	at org.junit.jupiter.engine.descriptor.TestMethodTestDescriptor.invokeBeforeMethodsOrCallbacksUntilExceptionOccurs(TestMethodTestDescriptor.java:195)
	at org.junit.jupiter.engine.descriptor.TestMethodTestDescriptor.invokeBeforeEachMethods(TestMethodTestDescriptor.java:164)
	at org.junit.jupiter.engine.descriptor.TestMethodTestDescriptor.execute(TestMethodTestDescriptor.java:127)
	at org.junit.jupiter.engine.descriptor.TestMethodTestDescriptor.execute(TestMethodTestDescriptor.java:65)
	at org.junit.platform.engine.support.hierarchical.NodeTestTask.lambda$executeRecursively$5(NodeTestTask.java:139)
	at org.junit.platform.engine.support.hierarchical.ThrowableCollector.execute(ThrowableCollector.java:73)
	at org.junit.platform.engine.support.hierarchical.NodeTestTask.lambda$executeRecursively$7(NodeTestTask.java:129)
	at org.junit.platform.engine.support.hierarchical.Node.around(Node.java:137)
	at org.junit.platform.engine.support.hierarchical.NodeTestTask.lambda$executeRecursively$8(NodeTestTask.java:127)
	at org.junit.platform.engine.support.hierarchical.ThrowableCollector.execute(ThrowableCollector.java:73)
	at org.junit.platform.engine.support.hierarchical.NodeTestTask.executeRecursively(NodeTestTask.java:126)
	at org.junit.platform.engine.support.hierarchical.NodeTestTask.execute(NodeTestTask.java:84)
	at java.util.ArrayList.forEach(ArrayList.java:1259)
	at org.junit.platform.engine.support.hierarchical.SameThreadHierarchicalTestExecutorService.invokeAll(SameThreadHierarchicalTestExecutorService.java:38)
	at org.junit.platform.engine.support.hierarchical.NodeTestTask.lambda$executeRecursively$5(NodeTestTask.java:143)
	at org.junit.platform.engine.support.hierarchical.ThrowableCollector.execute(ThrowableCollector.java:73)
	at org.junit.platform.engine.support.hierarchical.NodeTestTask.lambda$executeRecursively$7(NodeTestTask.java:129)
	at org.junit.platform.engine.support.hierarchical.Node.around(Node.java:137)
	at org.junit.platform.engine.support.hierarchical.NodeTestTask.lambda$executeRecursively$8(NodeTestTask.java:127)
	at org.junit.platform.engine.support.hierarchical.ThrowableCollector.execute(ThrowableCollector.java:73)
	at org.junit.platform.engine.support.hierarchical.NodeTestTask.executeRecursively(NodeTestTask.java:126)
	at org.junit.platform.engine.support.hierarchical.NodeTestTask.execute(NodeTestTask.java:84)
	at java.util.ArrayList.forEach(ArrayList.java:1259)
	at org.junit.platform.engine.support.hierarchical.SameThreadHierarchicalTestExecutorService.invokeAll(SameThreadHierarchicalTestExecutorService.java:38)
	at org.junit.platform.engine.support.hierarchical.NodeTestTask.lambda$executeRecursively$5(NodeTestTask.java:143)
	at org.junit.platform.engine.support.hierarchical.ThrowableCollector.execute(ThrowableCollector.java:73)
	at org.junit.platform.engine.support.hierarchical.NodeTestTask.lambda$executeRecursively$7(NodeTestTask.java:129)
	at org.junit.platform.engine.support.hierarchical.Node.around(Node.java:137)
	at org.junit.platform.engine.support.hierarchical.NodeTestTask.lambda$executeRecursively$8(NodeTestTask.java:127)
	at org.junit.platform.engine.support.hierarchical.ThrowableCollector.execute(ThrowableCollector.java:73)
	at org.junit.platform.engine.support.hierarchical.NodeTestTask.executeRecursively(NodeTestTask.java:126)
	at org.junit.platform.engine.support.hierarchical.NodeTestTask.execute(NodeTestTask.java:84)
	at org.junit.platform.engine.support.hierarchical.SameThreadHierarchicalTestExecutorService.submit(SameThreadHierarchicalTestExecutorService.java:32)
	at org.junit.platform.engine.support.hierarchical.HierarchicalTestExecutor.execute(HierarchicalTestExecutor.java:57)
	at org.junit.platform.engine.support.hierarchical.HierarchicalTestEngine.execute(HierarchicalTestEngine.java:51)
	at org.junit.platform.launcher.core.EngineExecutionOrchestrator.execute(EngineExecutionOrchestrator.java:108)
	at org.junit.platform.launcher.core.EngineExecutionOrchestrator.execute(EngineExecutionOrchestrator.java:88)
	at org.junit.platform.launcher.core.EngineExecutionOrchestrator.lambda$execute$0(EngineExecutionOrchestrator.java:54)
	at org.junit.platform.launcher.core.EngineExecutionOrchestrator.withInterceptedStreams(EngineExecutionOrchestrator.java:67)
	at org.junit.platform.launcher.core.EngineExecutionOrchestrator.execute(EngineExecutionOrchestrator.java:52)
	at org.junit.platform.launcher.core.DefaultLauncher.execute(DefaultLauncher.java:96)
	at org.junit.platform.launcher.core.DefaultLauncher.execute(DefaultLauncher.java:75)
	at org.apache.maven.surefire.junitplatform.JUnitPlatformProvider.invokeAllTests(JUnitPlatformProvider.java:142)
	at org.apache.maven.surefire.junitplatform.JUnitPlatformProvider.invoke(JUnitPlatformProvider.java:113)
	at org.apache.maven.surefire.booter.ForkedBooter.invokeProviderInSameClassLoader(ForkedBooter.java:384)
	at org.apache.maven.surefire.booter.ForkedBooter.runSuitesInProcess(ForkedBooter.java:345)
	at org.apache.maven.surefire.booter.ForkedBooter.execute(ForkedBooter.java:126)
	at org.apache.maven.surefire.booter.ForkedBooter.main(ForkedBooter.java:418)
</error>
    <system-out><![CDATA[2021-10-28 03:01:37,344 [Listener at 127.0.0.1/11084] WARN  server.ServerUtils (ServerUtils.java:getScmDbDir(148)) - ozone.scm.db.dirs is not configured. We recommend adding this setting. Falling back to ozone.metadata.dirs instead.
2021-10-28 03:01:37,347 [Listener at 127.0.0.1/11084] INFO  ha.SCMHANodeDetails (SCMHANodeDetails.java:loadSCMHAConfig(157)) - ServiceID for StorageContainerManager is scm-service-test1
2021-10-28 03:01:37,347 [Listener at 127.0.0.1/11084] INFO  ha.SCMHANodeDetails (SCMHANodeDetails.java:loadSCMHAConfig(168)) - ServiceID for StorageContainerManager is scm-service-test1
2021-10-28 03:01:37,347 [Listener at 127.0.0.1/11084] WARN  scm.ScmUtils (ScmUtils.java:logWarn(179)) - ConfigKey ozone.scm.block.client.address is deprecated, For configuring different ports for each SCM use PortConfigKey ozone.scm.block.client.port appended with serviceId and nodeId. If want to configure same port configure ozone.scm.block.client.port
2021-10-28 03:01:37,347 [Listener at 127.0.0.1/11084] WARN  scm.ScmUtils (ScmUtils.java:logWarn(179)) - ConfigKey ozone.scm.client.address is deprecated, For configuring different ports for each SCM use PortConfigKey ozone.scm.client.port appended with serviceId and nodeId. If want to configure same port configure ozone.scm.client.port
2021-10-28 03:01:37,347 [Listener at 127.0.0.1/11084] WARN  scm.ScmUtils (ScmUtils.java:logWarn(179)) - ConfigKey ozone.scm.datanode.address is deprecated, For configuring different ports for each SCM use PortConfigKey ozone.scm.datanode.port appended with serviceId and nodeId. If want to configure same port configure ozone.scm.datanode.port
2021-10-28 03:01:37,348 [Listener at 127.0.0.1/11084] WARN  scm.ScmUtils (ScmUtils.java:logWarn(179)) - ConfigKey ozone.scm.block.client.address is deprecated, For configuring different ports for each SCM use PortConfigKey ozone.scm.block.client.port appended with serviceId and nodeId. If want to configure same port configure ozone.scm.block.client.port
2021-10-28 03:01:37,348 [Listener at 127.0.0.1/11084] WARN  scm.ScmUtils (ScmUtils.java:logWarn(179)) - ConfigKey ozone.scm.client.address is deprecated, For configuring different ports for each SCM use PortConfigKey ozone.scm.client.port appended with serviceId and nodeId. If want to configure same port configure ozone.scm.client.port
2021-10-28 03:01:37,348 [Listener at 127.0.0.1/11084] WARN  scm.ScmUtils (ScmUtils.java:logWarn(179)) - ConfigKey ozone.scm.datanode.address is deprecated, For configuring different ports for each SCM use PortConfigKey ozone.scm.datanode.port appended with serviceId and nodeId. If want to configure same port configure ozone.scm.datanode.port
2021-10-28 03:01:37,348 [Listener at 127.0.0.1/11084] INFO  ha.SCMHANodeDetails (SCMHANodeDetails.java:loadSCMHAConfig(250)) - Found matching SCM address with SCMServiceId: scm-service-test1, SCMNodeId: scmNode-1, RPC Address: localhost:13032 and Ratis port: 13032
2021-10-28 03:01:37,348 [Listener at 127.0.0.1/11084] INFO  ha.SCMHANodeDetails (ConfUtils.java:setNodeSpecificConfigs(108)) - Setting configuration key ozone.scm.datanode.address with value of key ozone.scm.datanode.address.scm-service-test1.scmNode-1: 127.0.0.1:13033
2021-10-28 03:01:37,349 [Listener at 127.0.0.1/11084] INFO  ha.SCMHANodeDetails (ConfUtils.java:setNodeSpecificConfigs(108)) - Setting configuration key ozone.scm.block.client.address with value of key ozone.scm.block.client.address.scm-service-test1.scmNode-1: 127.0.0.1:13034
2021-10-28 03:01:37,349 [Listener at 127.0.0.1/11084] INFO  ha.SCMHANodeDetails (ConfUtils.java:setNodeSpecificConfigs(108)) - Setting configuration key ozone.scm.client.address with value of key ozone.scm.client.address.scm-service-test1.scmNode-1: 127.0.0.1:13035
2021-10-28 03:01:37,349 [Listener at 127.0.0.1/11084] INFO  ha.SCMHANodeDetails (ConfUtils.java:setNodeSpecificConfigs(108)) - Setting configuration key ozone.scm.ratis.port with value of key ozone.scm.ratis.port.scm-service-test1.scmNode-1: 13032
2021-10-28 03:01:37,351 [Listener at 127.0.0.1/11084] INFO  ha.SCMHANodeDetails (ConfUtils.java:setNodeSpecificConfigs(108)) - Setting configuration key ozone.scm.grpc.port with value of key ozone.scm.grpc.port.scm-service-test1.scmNode-1: 13036
2021-10-28 03:01:37,351 [Listener at 127.0.0.1/11084] INFO  ha.SCMHANodeDetails (ConfUtils.java:setNodeSpecificConfigs(108)) - Setting configuration key ozone.scm.http-address with value of key ozone.scm.http-address.scm-service-test1.scmNode-1: 127.0.0.1:13030
2021-10-28 03:01:37,351 [Listener at 127.0.0.1/11084] INFO  ha.SCMHANodeDetails (ConfUtils.java:setNodeSpecificConfigs(108)) - Setting configuration key ozone.scm.https-address with value of key ozone.scm.https-address.scm-service-test1.scmNode-1: 127.0.0.1:13031
2021-10-28 03:01:37,351 [Listener at 127.0.0.1/11084] INFO  ha.SCMHANodeDetails (ConfUtils.java:setNodeSpecificConfigs(108)) - Setting configuration key ozone.scm.address with value of key ozone.scm.address.scm-service-test1.scmNode-1: 127.0.0.1
2021-10-28 03:01:37,351 [Listener at 127.0.0.1/11084] WARN  scm.ScmUtils (ScmUtils.java:logWarn(179)) - ConfigKey ozone.scm.block.client.address is deprecated, For configuring different ports for each SCM use PortConfigKey ozone.scm.block.client.port appended with serviceId and nodeId. If want to configure same port configure ozone.scm.block.client.port
2021-10-28 03:01:37,354 [Listener at 127.0.0.1/11084] WARN  scm.ScmUtils (ScmUtils.java:logWarn(179)) - ConfigKey ozone.scm.client.address is deprecated, For configuring different ports for each SCM use PortConfigKey ozone.scm.client.port appended with serviceId and nodeId. If want to configure same port configure ozone.scm.client.port
2021-10-28 03:01:37,354 [Listener at 127.0.0.1/11084] WARN  scm.ScmUtils (ScmUtils.java:logWarn(179)) - ConfigKey ozone.scm.datanode.address is deprecated, For configuring different ports for each SCM use PortConfigKey ozone.scm.datanode.port appended with serviceId and nodeId. If want to configure same port configure ozone.scm.datanode.port
2021-10-28 03:01:37,358 [Listener at 127.0.0.1/11084] INFO  server.RaftServer (ConfUtils.java:logGet(44)) - raft.rpc.type = GRPC (default)
2021-10-28 03:01:37,358 [Listener at 127.0.0.1/11084] INFO  grpc.GrpcFactory (GrpcFactory.java:checkPooledByteBufAllocatorUseCacheForAllThreads(48)) - PERFORMANCE WARNING: useCacheForAllThreads is true that may cause Netty to create a lot garbage objects and, as a result, trigger GC.
	It is recommended to disable useCacheForAllThreads by setting -Dorg.apache.ratis.thirdparty.io.netty.allocator.useCacheForAllThreads=false in command line.
2021-10-28 03:01:37,359 [Listener at 127.0.0.1/11084] INFO  grpc.GrpcConfigKeys (ConfUtils.java:logGet(44)) - raft.grpc.admin.port = -1 (default)
2021-10-28 03:01:37,359 [Listener at 127.0.0.1/11084] INFO  grpc.GrpcConfigKeys (ConfUtils.java:logGet(44)) - raft.grpc.server.port = 13032 (custom)
2021-10-28 03:01:37,359 [Listener at 127.0.0.1/11084] INFO  grpc.GrpcConfigKeys (ConfUtils.java:logGet(44)) - raft.grpc.client.port = -1 (default)
2021-10-28 03:01:37,359 [Listener at 127.0.0.1/11084] INFO  grpc.GrpcConfigKeys (ConfUtils.java:logGet(44)) - raft.grpc.server.port = 13032 (custom)
2021-10-28 03:01:37,359 [Listener at 127.0.0.1/11084] INFO  grpc.GrpcConfigKeys (ConfUtils.java:logGet(44)) - raft.grpc.server.port = 13032 (custom)
2021-10-28 03:01:37,359 [Listener at 127.0.0.1/11084] INFO  server.GrpcService (ConfUtils.java:logGet(44)) - raft.grpc.message.size.max = 32m (=33554432) (custom)
2021-10-28 03:01:37,360 [Listener at 127.0.0.1/11084] INFO  server.RaftServerConfigKeys (ConfUtils.java:logGet(44)) - raft.server.log.appender.buffer.byte-limit = 33554432 (custom)
2021-10-28 03:01:37,360 [Listener at 127.0.0.1/11084] INFO  server.GrpcService (ConfUtils.java:logGet(44)) - raft.grpc.flow.control.window = 1MB (=1048576) (default)
2021-10-28 03:01:37,360 [Listener at 127.0.0.1/11084] INFO  server.RaftServerConfigKeys (ConfUtils.java:logGet(44)) - raft.server.rpc.request.timeout = 30000ms (custom)
2021-10-28 03:01:37,370 [Listener at 127.0.0.1/11084] INFO  impl.DataStreamServerImpl (ConfUtils.java:logGet(44)) - raft.datastream.type = DISABLED (default)
2021-10-28 03:01:37,371 [Listener at 127.0.0.1/11084] INFO  server.RaftServerConfigKeys (ConfUtils.java:logGet(44)) - raft.server.rpc.slowness.timeout = 120000ms (custom)
2021-10-28 03:01:37,371 [Listener at 127.0.0.1/11084] INFO  server.RaftServerConfigKeys (ConfUtils.java:logGet(44)) - raft.server.leaderelection.leader.step-down.wait-time = 10s (default)
2021-10-28 03:01:37,371 [Listener at 127.0.0.1/11084] INFO  server.RaftServerConfigKeys (ConfUtils.java:logGet(44)) - raft.server.storage.dir = [/home/runner/work/ozone/ozone/hadoop-ozone/integration-test/target/test-dir/MiniOzoneClusterImpl-701359f1-d346-43a7-a18b-390751046f7b/scmNode-1/scm-ha] (custom)
2021-10-28 03:01:37,382 [Listener at 127.0.0.1/11084] INFO  server.RaftServer (RaftServerProxy.java:addNew(95)) - 6dac361e-3d50-41be-ba36-b7bec097cbe9: addNew group-390751046F7B:[6dac361e-3d50-41be-ba36-b7bec097cbe9|rpc:localhost:13032|priority:0] returns group-390751046F7B:java.util.concurrent.CompletableFuture@1850a5b5[Not completed]
2021-10-28 03:01:37,387 [pool-373-thread-1] INFO  server.RaftServer$Division (RaftServerImpl.java:<init>(184)) - 6dac361e-3d50-41be-ba36-b7bec097cbe9: new RaftServerImpl for group-390751046F7B:[6dac361e-3d50-41be-ba36-b7bec097cbe9|rpc:localhost:13032|priority:0] with SCMStateMachine:uninitialized
2021-10-28 03:01:37,387 [pool-373-thread-1] INFO  server.RaftServerConfigKeys (ConfUtils.java:logGet(44)) - raft.server.rpc.timeout.min = 5000ms (custom)
2021-10-28 03:01:37,387 [pool-373-thread-1] INFO  server.RaftServerConfigKeys (ConfUtils.java:logGet(44)) - raft.server.rpc.timeout.max = 5200ms (custom)
2021-10-28 03:01:37,387 [pool-373-thread-1] INFO  server.RaftServerConfigKeys (ConfUtils.java:logGet(44)) - raft.server.rpc.sleep.time = 25ms (default)
2021-10-28 03:01:37,387 [pool-373-thread-1] INFO  server.RaftServerConfigKeys (ConfUtils.java:logGet(44)) - raft.server.rpc.slowness.timeout = 120000ms (custom)
2021-10-28 03:01:37,388 [pool-373-thread-1] INFO  server.RaftServerConfigKeys (ConfUtils.java:logGet(44)) - raft.server.leaderelection.leader.step-down.wait-time = 10s (default)
2021-10-28 03:01:37,388 [pool-373-thread-1] INFO  server.RaftServerConfigKeys (ConfUtils.java:logGet(44)) - raft.server.sleep.deviation.threshold = 300ms (default)
2021-10-28 03:01:37,388 [pool-373-thread-1] INFO  server.RaftServerConfigKeys (ConfUtils.java:logGet(44)) - raft.server.log.appender.install.snapshot.enabled = false (custom)
2021-10-28 03:01:37,388 [pool-373-thread-1] INFO  server.RaftServer$Division (ServerState.java:<init>(105)) - 6dac361e-3d50-41be-ba36-b7bec097cbe9@group-390751046F7B: ConfigurationManager, init=-1: [6dac361e-3d50-41be-ba36-b7bec097cbe9|rpc:localhost:13032|priority:0], old=null, confs=<EMPTY_MAP>
2021-10-28 03:01:37,388 [pool-373-thread-1] INFO  server.RaftServerConfigKeys (ConfUtils.java:logGet(44)) - raft.server.storage.dir = [/home/runner/work/ozone/ozone/hadoop-ozone/integration-test/target/test-dir/MiniOzoneClusterImpl-701359f1-d346-43a7-a18b-390751046f7b/scmNode-1/scm-ha] (custom)
2021-10-28 03:01:37,388 [pool-373-thread-1] INFO  server.RaftServerConfigKeys (ConfUtils.java:logGet(44)) - raft.server.log.corruption.policy = EXCEPTION (default)
2021-10-28 03:01:37,388 [pool-373-thread-1] INFO  server.RaftServerConfigKeys (ConfUtils.java:logGet(44)) - raft.server.storage.free-space.min = 0MB (=0) (default)
2021-10-28 03:01:37,388 [pool-373-thread-1] INFO  storage.RaftStorageDirectory (RaftStorageDirectoryImpl.java:analyzeStorage(135)) - The storage directory /home/runner/work/ozone/ozone/hadoop-ozone/integration-test/target/test-dir/MiniOzoneClusterImpl-701359f1-d346-43a7-a18b-390751046f7b/scmNode-1/scm-ha/701359f1-d346-43a7-a18b-390751046f7b does not exist. Creating ...
2021-10-28 03:01:37,389 [pool-373-thread-1] INFO  storage.RaftStorageDirectory (RaftStorageDirectoryImpl.java:tryLock(230)) - Lock on /home/runner/work/ozone/ozone/hadoop-ozone/integration-test/target/test-dir/MiniOzoneClusterImpl-701359f1-d346-43a7-a18b-390751046f7b/scmNode-1/scm-ha/701359f1-d346-43a7-a18b-390751046f7b/in_use.lock acquired by nodename 7917@fv-az184-410
2021-10-28 03:01:37,390 [pool-373-thread-1] INFO  storage.RaftStorage (RaftStorageImpl.java:format(89)) - Storage directory /home/runner/work/ozone/ozone/hadoop-ozone/integration-test/target/test-dir/MiniOzoneClusterImpl-701359f1-d346-43a7-a18b-390751046f7b/scmNode-1/scm-ha/701359f1-d346-43a7-a18b-390751046f7b has been successfully formatted.
2021-10-28 03:01:37,391 [pool-373-thread-1] INFO  server.RaftServerConfigKeys (ConfUtils.java:logGet(44)) - raft.server.notification.no-leader.timeout = 60s (default)
2021-10-28 03:01:37,391 [pool-373-thread-1] INFO  server.RaftServerConfigKeys (ConfUtils.java:logGet(44)) - raft.server.log.use.memory = false (default)
2021-10-28 03:01:37,391 [pool-373-thread-1] INFO  server.RaftServerConfigKeys (ConfUtils.java:logGet(44)) - raft.server.log.purge.gap = 5 (custom)
2021-10-28 03:01:37,391 [pool-373-thread-1] INFO  server.RaftServerConfigKeys (ConfUtils.java:logGet(44)) - raft.server.log.appender.buffer.byte-limit = 33554432 (custom)
2021-10-28 03:01:37,391 [pool-373-thread-1] INFO  server.RaftServerConfigKeys (ConfUtils.java:logGet(44)) - raft.server.log.segment.size.max = 4194304 (custom)
2021-10-28 03:01:37,392 [pool-373-thread-1] INFO  server.RaftServerConfigKeys (ConfUtils.java:logGet(44)) - raft.server.log.segment.cache.num.max = 2 (custom)
2021-10-28 03:01:37,392 [pool-373-thread-1] INFO  server.RaftServerConfigKeys (ConfUtils.java:logGet(44)) - raft.server.log.segment.cache.size.max = 200MB (=209715200) (default)
2021-10-28 03:01:37,392 [pool-373-thread-1] INFO  segmented.SegmentedRaftLogWorker (SegmentedRaftLogWorker.java:<init>(182)) - new 6dac361e-3d50-41be-ba36-b7bec097cbe9@group-390751046F7B-SegmentedRaftLogWorker for RaftStorageImpl:Storage Directory /home/runner/work/ozone/ozone/hadoop-ozone/integration-test/target/test-dir/MiniOzoneClusterImpl-701359f1-d346-43a7-a18b-390751046f7b/scmNode-1/scm-ha/701359f1-d346-43a7-a18b-390751046f7b
2021-10-28 03:01:37,392 [pool-373-thread-1] INFO  server.RaftServerConfigKeys (ConfUtils.java:logGet(44)) - raft.server.log.queue.byte-limit = 64MB (=67108864) (default)
2021-10-28 03:01:37,392 [pool-373-thread-1] INFO  server.RaftServerConfigKeys (ConfUtils.java:logGet(44)) - raft.server.log.queue.element-limit = 4096 (default)
2021-10-28 03:01:37,392 [pool-373-thread-1] INFO  server.RaftServerConfigKeys (ConfUtils.java:logGet(44)) - raft.server.log.segment.size.max = 4194304 (custom)
2021-10-28 03:01:37,392 [pool-373-thread-1] INFO  server.RaftServerConfigKeys (ConfUtils.java:logGet(44)) - raft.server.log.preallocated.size = 4194304 (custom)
2021-10-28 03:01:37,392 [pool-373-thread-1] INFO  server.RaftServerConfigKeys (ConfUtils.java:logGet(44)) - raft.server.log.force.sync.num = 128 (default)
2021-10-28 03:01:37,392 [pool-373-thread-1] INFO  server.RaftServerConfigKeys (ConfUtils.java:logGet(44)) - raft.server.log.statemachine.data.sync = true (default)
2021-10-28 03:01:37,392 [pool-373-thread-1] INFO  server.RaftServerConfigKeys (ConfUtils.java:logGet(44)) - raft.server.log.statemachine.data.sync.timeout = 10s (default)
2021-10-28 03:01:37,392 [pool-373-thread-1] INFO  server.RaftServerConfigKeys (ConfUtils.java:logGet(44)) - raft.server.log.statemachine.data.sync.timeout.retry = -1 (default)
2021-10-28 03:01:37,393 [pool-373-thread-1] INFO  server.RaftServerConfigKeys (ConfUtils.java:logGet(44)) - raft.server.log.write.buffer.size = 64KB (=65536) (default)
2021-10-28 03:01:37,399 [pool-373-thread-1] INFO  server.RaftServerConfigKeys (ConfUtils.java:logGet(44)) - raft.server.log.statemachine.data.caching.enabled = false (default)
2021-10-28 03:01:37,399 [pool-373-thread-1] INFO  segmented.SegmentedRaftLogWorker (SegmentedRaftLogWorker.java:lambda$new$0(133)) - 6dac361e-3d50-41be-ba36-b7bec097cbe9@group-390751046F7B-SegmentedRaftLogWorker: flushIndex: setUnconditionally 0 -> -1
2021-10-28 03:01:37,399 [pool-373-thread-1] INFO  segmented.SegmentedRaftLogWorker (SegmentedRaftLogWorker.java:lambda$new$0(133)) - 6dac361e-3d50-41be-ba36-b7bec097cbe9@group-390751046F7B-SegmentedRaftLogWorker: safeCacheEvictIndex: setUnconditionally 0 -> -1
2021-10-28 03:01:37,403 [pool-373-thread-1] INFO  server.RaftServerConfigKeys (ConfUtils.java:logGet(44)) - raft.server.snapshot.auto.trigger.enabled = true (custom)
2021-10-28 03:01:37,403 [pool-373-thread-1] INFO  server.RaftServerConfigKeys (ConfUtils.java:logGet(44)) - raft.server.snapshot.auto.trigger.threshold = 5 (custom)
2021-10-28 03:01:37,403 [pool-373-thread-1] INFO  server.RaftServerConfigKeys (ConfUtils.java:logGet(44)) - raft.server.snapshot.retention.file.num = -1 (default)
2021-10-28 03:01:37,403 [pool-373-thread-1] INFO  server.RaftServerConfigKeys (ConfUtils.java:logGet(44)) - raft.server.log.purge.upto.snapshot.index = true (custom)
2021-10-28 03:01:37,403 [pool-373-thread-1] INFO  server.RaftServerConfigKeys (ConfUtils.java:logGet(44)) - raft.server.retrycache.expirytime = 60000ms (default)
2021-10-28 03:01:37,403 [pool-373-thread-1] INFO  server.RaftServerConfigKeys (ConfUtils.java:logGet(44)) - raft.server.retrycache.statistics.expirytime = 100μs (default)
2021-10-28 03:01:37,406 [Listener at 127.0.0.1/11084] INFO  server.RaftServer$Division (RaftServerImpl.java:start(301)) - 6dac361e-3d50-41be-ba36-b7bec097cbe9@group-390751046F7B: start as a follower, conf=-1: [6dac361e-3d50-41be-ba36-b7bec097cbe9|rpc:localhost:13032|priority:0], old=null
2021-10-28 03:01:37,406 [Listener at 127.0.0.1/11084] INFO  server.RaftServer$Division (RaftServerImpl.java:setRole(290)) - 6dac361e-3d50-41be-ba36-b7bec097cbe9@group-390751046F7B: changes role from      null to FOLLOWER at term 0 for startAsFollower
2021-10-28 03:01:37,406 [Listener at 127.0.0.1/11084] INFO  impl.RoleInfo (RoleInfo.java:updateAndGet(130)) - 6dac361e-3d50-41be-ba36-b7bec097cbe9: start 6dac361e-3d50-41be-ba36-b7bec097cbe9@group-390751046F7B-FollowerState
2021-10-28 03:01:37,408 [Listener at 127.0.0.1/11084] INFO  util.JmxRegister (JmxRegister.java:tryRegister(44)) - Successfully registered JMX Bean with object name Ratis:service=RaftServer,group=group-390751046F7B,id=6dac361e-3d50-41be-ba36-b7bec097cbe9
2021-10-28 03:01:37,409 [Listener at 127.0.0.1/11084] INFO  server.RaftServer (RaftServerProxy.java:lambda$start$5(374)) - 6dac361e-3d50-41be-ba36-b7bec097cbe9: start RPC server
2021-10-28 03:01:37,410 [Listener at 127.0.0.1/11084] INFO  server.GrpcService (GrpcService.java:startImpl(253)) - 6dac361e-3d50-41be-ba36-b7bec097cbe9: GrpcService started, listening on 13032
2021-10-28 03:01:37,411 [org.apache.ratis.util.JvmPauseMonitor$$Lambda$499/17331878@6e2ff120] INFO  util.JvmPauseMonitor (JvmPauseMonitor.java:run(103)) - JvmPauseMonitor-6dac361e-3d50-41be-ba36-b7bec097cbe9: Started
2021-10-28 03:01:37,650 [EndpointStateMachine task thread for /127.0.0.1:13033 - 0 ] INFO  ipc.Client (Client.java:handleConnectionFailure(977)) - Retrying connect to server: localhost/127.0.0.1:13033. Already tried 13 time(s); retry policy is RetryUpToMaximumCountWithFixedSleep(maxRetries=15, sleepTime=1000 MILLISECONDS)
2021-10-28 03:01:37,651 [EndpointStateMachine task thread for /127.0.0.1:13023 - 0 ] INFO  ipc.Client (Client.java:handleConnectionFailure(977)) - Retrying connect to server: localhost/127.0.0.1:13023. Already tried 13 time(s); retry policy is RetryUpToMaximumCountWithFixedSleep(maxRetries=15, sleepTime=1000 MILLISECONDS)
2021-10-28 03:01:37,651 [EndpointStateMachine task thread for /127.0.0.1:13013 - 0 ] INFO  ipc.Client (Client.java:handleConnectionFailure(977)) - Retrying connect to server: localhost/127.0.0.1:13013. Already tried 13 time(s); retry policy is RetryUpToMaximumCountWithFixedSleep(maxRetries=15, sleepTime=1000 MILLISECONDS)
2021-10-28 03:01:37,860 [EndpointStateMachine task thread for /127.0.0.1:12199 - 0 ] INFO  ipc.Client (Client.java:handleConnectionFailure(977)) - Retrying connect to server: localhost/127.0.0.1:12199. Already tried 3 time(s); retry policy is RetryUpToMaximumCountWithFixedSleep(maxRetries=15, sleepTime=1000 MILLISECONDS)
2021-10-28 03:01:37,861 [EndpointStateMachine task thread for /127.0.0.1:12189 - 0 ] INFO  ipc.Client (Client.java:handleConnectionFailure(977)) - Retrying connect to server: localhost/127.0.0.1:12189. Already tried 3 time(s); retry policy is RetryUpToMaximumCountWithFixedSleep(maxRetries=15, sleepTime=1000 MILLISECONDS)
2021-10-28 03:01:38,204 [EndpointStateMachine task thread for /127.0.0.1:12209 - 0 ] INFO  ipc.Client (Client.java:handleConnectionFailure(977)) - Retrying connect to server: localhost/127.0.0.1:12209. Already tried 0 time(s); retry policy is RetryUpToMaximumCountWithFixedSleep(maxRetries=15, sleepTime=1000 MILLISECONDS)
2021-10-28 03:01:38,665 [EndpointStateMachine task thread for /127.0.0.1:13033 - 0 ] INFO  ipc.Client (Client.java:handleConnectionFailure(977)) - Retrying connect to server: localhost/127.0.0.1:13033. Already tried 14 time(s); retry policy is RetryUpToMaximumCountWithFixedSleep(maxRetries=15, sleepTime=1000 MILLISECONDS)
2021-10-28 03:01:38,666 [EndpointStateMachine task thread for /127.0.0.1:13023 - 0 ] INFO  ipc.Client (Client.java:handleConnectionFailure(977)) - Retrying connect to server: localhost/127.0.0.1:13023. Already tried 14 time(s); retry policy is RetryUpToMaximumCountWithFixedSleep(maxRetries=15, sleepTime=1000 MILLISECONDS)
2021-10-28 03:01:38,665 [EndpointStateMachine task thread for /127.0.0.1:13013 - 0 ] INFO  ipc.Client (Client.java:handleConnectionFailure(977)) - Retrying connect to server: localhost/127.0.0.1:13013. Already tried 14 time(s); retry policy is RetryUpToMaximumCountWithFixedSleep(maxRetries=15, sleepTime=1000 MILLISECONDS)
2021-10-28 03:01:38,861 [EndpointStateMachine task thread for /127.0.0.1:12199 - 0 ] INFO  ipc.Client (Client.java:handleConnectionFailure(977)) - Retrying connect to server: localhost/127.0.0.1:12199. Already tried 4 time(s); retry policy is RetryUpToMaximumCountWithFixedSleep(maxRetries=15, sleepTime=1000 MILLISECONDS)
2021-10-28 03:01:38,861 [EndpointStateMachine task thread for /127.0.0.1:12189 - 0 ] INFO  ipc.Client (Client.java:handleConnectionFailure(977)) - Retrying connect to server: localhost/127.0.0.1:12189. Already tried 4 time(s); retry policy is RetryUpToMaximumCountWithFixedSleep(maxRetries=15, sleepTime=1000 MILLISECONDS)
2021-10-28 03:01:39,205 [EndpointStateMachine task thread for /127.0.0.1:12209 - 0 ] INFO  ipc.Client (Client.java:handleConnectionFailure(977)) - Retrying connect to server: localhost/127.0.0.1:12209. Already tried 1 time(s); retry policy is RetryUpToMaximumCountWithFixedSleep(maxRetries=15, sleepTime=1000 MILLISECONDS)
2021-10-28 03:01:39,667 [EndpointStateMachine task thread for /127.0.0.1:13033 - 0 ] INFO  ipc.Client (Client.java:handleConnectionFailure(977)) - Retrying connect to server: localhost/127.0.0.1:13033. Already tried 0 time(s); retry policy is RetryUpToMaximumCountWithFixedSleep(maxRetries=15, sleepTime=1000 MILLISECONDS)
2021-10-28 03:01:39,669 [EndpointStateMachine task thread for /127.0.0.1:13013 - 0 ] INFO  ipc.Client (Client.java:handleConnectionFailure(977)) - Retrying connect to server: localhost/127.0.0.1:13013. Already tried 0 time(s); retry policy is RetryUpToMaximumCountWithFixedSleep(maxRetries=15, sleepTime=1000 MILLISECONDS)
2021-10-28 03:01:39,670 [EndpointStateMachine task thread for /127.0.0.1:13023 - 0 ] INFO  ipc.Client (Client.java:handleConnectionFailure(977)) - Retrying connect to server: localhost/127.0.0.1:13023. Already tried 0 time(s); retry policy is RetryUpToMaximumCountWithFixedSleep(maxRetries=15, sleepTime=1000 MILLISECONDS)
2021-10-28 03:01:39,861 [EndpointStateMachine task thread for /127.0.0.1:12199 - 0 ] INFO  ipc.Client (Client.java:handleConnectionFailure(977)) - Retrying connect to server: localhost/127.0.0.1:12199. Already tried 5 time(s); retry policy is RetryUpToMaximumCountWithFixedSleep(maxRetries=15, sleepTime=1000 MILLISECONDS)
2021-10-28 03:01:39,862 [EndpointStateMachine task thread for /127.0.0.1:12189 - 0 ] INFO  ipc.Client (Client.java:handleConnectionFailure(977)) - Retrying connect to server: localhost/127.0.0.1:12189. Already tried 5 time(s); retry policy is RetryUpToMaximumCountWithFixedSleep(maxRetries=15, sleepTime=1000 MILLISECONDS)
2021-10-28 03:01:40,205 [EndpointStateMachine task thread for /127.0.0.1:12209 - 0 ] INFO  ipc.Client (Client.java:handleConnectionFailure(977)) - Retrying connect to server: localhost/127.0.0.1:12209. Already tried 2 time(s); retry policy is RetryUpToMaximumCountWithFixedSleep(maxRetries=15, sleepTime=1000 MILLISECONDS)
2021-10-28 03:01:40,670 [EndpointStateMachine task thread for /127.0.0.1:13013 - 0 ] INFO  ipc.Client (Client.java:handleConnectionFailure(977)) - Retrying connect to server: localhost/127.0.0.1:13013. Already tried 1 time(s); retry policy is RetryUpToMaximumCountWithFixedSleep(maxRetries=15, sleepTime=1000 MILLISECONDS)
2021-10-28 03:01:40,670 [EndpointStateMachine task thread for /127.0.0.1:13033 - 0 ] INFO  ipc.Client (Client.java:handleConnectionFailure(977)) - Retrying connect to server: localhost/127.0.0.1:13033. Already tried 1 time(s); retry policy is RetryUpToMaximumCountWithFixedSleep(maxRetries=15, sleepTime=1000 MILLISECONDS)
2021-10-28 03:01:40,670 [EndpointStateMachine task thread for /127.0.0.1:13023 - 0 ] INFO  ipc.Client (Client.java:handleConnectionFailure(977)) - Retrying connect to server: localhost/127.0.0.1:13023. Already tried 1 time(s); retry policy is RetryUpToMaximumCountWithFixedSleep(maxRetries=15, sleepTime=1000 MILLISECONDS)
2021-10-28 03:01:40,862 [EndpointStateMachine task thread for /127.0.0.1:12199 - 0 ] INFO  ipc.Client (Client.java:handleConnectionFailure(977)) - Retrying connect to server: localhost/127.0.0.1:12199. Already tried 6 time(s); retry policy is RetryUpToMaximumCountWithFixedSleep(maxRetries=15, sleepTime=1000 MILLISECONDS)
2021-10-28 03:01:40,862 [EndpointStateMachine task thread for /127.0.0.1:12189 - 0 ] INFO  ipc.Client (Client.java:handleConnectionFailure(977)) - Retrying connect to server: localhost/127.0.0.1:12189. Already tried 6 time(s); retry policy is RetryUpToMaximumCountWithFixedSleep(maxRetries=15, sleepTime=1000 MILLISECONDS)
2021-10-28 03:01:41,206 [EndpointStateMachine task thread for /127.0.0.1:12209 - 0 ] INFO  ipc.Client (Client.java:handleConnectionFailure(977)) - Retrying connect to server: localhost/127.0.0.1:12209. Already tried 3 time(s); retry policy is RetryUpToMaximumCountWithFixedSleep(maxRetries=15, sleepTime=1000 MILLISECONDS)
2021-10-28 03:01:41,670 [EndpointStateMachine task thread for /127.0.0.1:13013 - 0 ] INFO  ipc.Client (Client.java:handleConnectionFailure(977)) - Retrying connect to server: localhost/127.0.0.1:13013. Already tried 2 time(s); retry policy is RetryUpToMaximumCountWithFixedSleep(maxRetries=15, sleepTime=1000 MILLISECONDS)
2021-10-28 03:01:41,670 [EndpointStateMachine task thread for /127.0.0.1:13033 - 0 ] INFO  ipc.Client (Client.java:handleConnectionFailure(977)) - Retrying connect to server: localhost/127.0.0.1:13033. Already tried 2 time(s); retry policy is RetryUpToMaximumCountWithFixedSleep(maxRetries=15, sleepTime=1000 MILLISECONDS)
2021-10-28 03:01:41,671 [EndpointStateMachine task thread for /127.0.0.1:13023 - 0 ] INFO  ipc.Client (Client.java:handleConnectionFailure(977)) - Retrying connect to server: localhost/127.0.0.1:13023. Already tried 2 time(s); retry policy is RetryUpToMaximumCountWithFixedSleep(maxRetries=15, sleepTime=1000 MILLISECONDS)
2021-10-28 03:01:41,863 [EndpointStateMachine task thread for /127.0.0.1:12199 - 0 ] INFO  ipc.Client (Client.java:handleConnectionFailure(977)) - Retrying connect to server: localhost/127.0.0.1:12199. Already tried 7 time(s); retry policy is RetryUpToMaximumCountWithFixedSleep(maxRetries=15, sleepTime=1000 MILLISECONDS)
2021-10-28 03:01:41,863 [EndpointStateMachine task thread for /127.0.0.1:12189 - 0 ] INFO  ipc.Client (Client.java:handleConnectionFailure(977)) - Retrying connect to server: localhost/127.0.0.1:12189. Already tried 7 time(s); retry policy is RetryUpToMaximumCountWithFixedSleep(maxRetries=15, sleepTime=1000 MILLISECONDS)
2021-10-28 03:01:42,207 [EndpointStateMachine task thread for /127.0.0.1:12209 - 0 ] INFO  ipc.Client (Client.java:handleConnectionFailure(977)) - Retrying connect to server: localhost/127.0.0.1:12209. Already tried 4 time(s); retry policy is RetryUpToMaximumCountWithFixedSleep(maxRetries=15, sleepTime=1000 MILLISECONDS)
2021-10-28 03:01:42,414 [6dac361e-3d50-41be-ba36-b7bec097cbe9@group-390751046F7B-FollowerState] INFO  impl.FollowerState (FollowerState.java:run(134)) - 6dac361e-3d50-41be-ba36-b7bec097cbe9@group-390751046F7B-FollowerState: change to CANDIDATE, lastRpcElapsedTime:5007948532ns, electionTimeout:5005ms
2021-10-28 03:01:42,414 [6dac361e-3d50-41be-ba36-b7bec097cbe9@group-390751046F7B-FollowerState] INFO  impl.RoleInfo (RoleInfo.java:shutdownFollowerState(108)) - 6dac361e-3d50-41be-ba36-b7bec097cbe9: shutdown 6dac361e-3d50-41be-ba36-b7bec097cbe9@group-390751046F7B-FollowerState
2021-10-28 03:01:42,415 [6dac361e-3d50-41be-ba36-b7bec097cbe9@group-390751046F7B-FollowerState] INFO  server.RaftServer$Division (RaftServerImpl.java:setRole(290)) - 6dac361e-3d50-41be-ba36-b7bec097cbe9@group-390751046F7B: changes role from  FOLLOWER to CANDIDATE at term 0 for changeToCandidate
2021-10-28 03:01:42,415 [6dac361e-3d50-41be-ba36-b7bec097cbe9@group-390751046F7B-FollowerState] INFO  server.RaftServerConfigKeys (ConfUtils.java:logGet(44)) - raft.server.leaderelection.pre-vote = false (custom)
2021-10-28 03:01:42,415 [6dac361e-3d50-41be-ba36-b7bec097cbe9@group-390751046F7B-FollowerState] INFO  impl.RoleInfo (RoleInfo.java:updateAndGet(130)) - 6dac361e-3d50-41be-ba36-b7bec097cbe9: start 6dac361e-3d50-41be-ba36-b7bec097cbe9@group-390751046F7B-LeaderElection31
2021-10-28 03:01:42,440 [6dac361e-3d50-41be-ba36-b7bec097cbe9@group-390751046F7B-LeaderElection31] INFO  impl.LeaderElection (LeaderElection.java:askForVotes(306)) - 6dac361e-3d50-41be-ba36-b7bec097cbe9@group-390751046F7B-LeaderElection31 ELECTION round 0: submit vote requests at term 1 for -1: [6dac361e-3d50-41be-ba36-b7bec097cbe9|rpc:localhost:13032|priority:0], old=null
2021-10-28 03:01:42,441 [6dac361e-3d50-41be-ba36-b7bec097cbe9@group-390751046F7B-LeaderElection31] INFO  impl.LeaderElection (LeaderElection.java:askForVotes(308)) - 6dac361e-3d50-41be-ba36-b7bec097cbe9@group-390751046F7B-LeaderElection31 ELECTION round 0: result PASSED (term=1)
2021-10-28 03:01:42,441 [6dac361e-3d50-41be-ba36-b7bec097cbe9@group-390751046F7B-LeaderElection31] INFO  impl.RoleInfo (RoleInfo.java:shutdownLeaderElection(121)) - 6dac361e-3d50-41be-ba36-b7bec097cbe9: shutdown 6dac361e-3d50-41be-ba36-b7bec097cbe9@group-390751046F7B-LeaderElection31
2021-10-28 03:01:42,441 [6dac361e-3d50-41be-ba36-b7bec097cbe9@group-390751046F7B-LeaderElection31] INFO  server.RaftServer$Division (RaftServerImpl.java:setRole(290)) - 6dac361e-3d50-41be-ba36-b7bec097cbe9@group-390751046F7B: changes role from CANDIDATE to LEADER at term 1 for changeToLeader
2021-10-28 03:01:42,441 [6dac361e-3d50-41be-ba36-b7bec097cbe9@group-390751046F7B-LeaderElection31] INFO  server.RaftServer$Division (ServerState.java:setLeader(285)) - 6dac361e-3d50-41be-ba36-b7bec097cbe9@group-390751046F7B: change Leader from null to 6dac361e-3d50-41be-ba36-b7bec097cbe9 at term 1 for becomeLeader, leader elected after 5050ms
2021-10-28 03:01:42,441 [6dac361e-3d50-41be-ba36-b7bec097cbe9@group-390751046F7B-LeaderElection31] INFO  server.RaftServerConfigKeys (ConfUtils.java:logGet(44)) - raft.server.staging.catchup.gap = 1000 (default)
2021-10-28 03:01:42,441 [6dac361e-3d50-41be-ba36-b7bec097cbe9@group-390751046F7B-LeaderElection31] INFO  server.RaftServerConfigKeys (ConfUtils.java:logGet(44)) - raft.server.write.element-limit = 4096 (default)
2021-10-28 03:01:42,443 [6dac361e-3d50-41be-ba36-b7bec097cbe9@group-390751046F7B-LeaderElection31] INFO  server.RaftServerConfigKeys (ConfUtils.java:logGet(44)) - raft.server.write.byte-limit = 64MB (=67108864) (default)
2021-10-28 03:01:42,443 [6dac361e-3d50-41be-ba36-b7bec097cbe9@group-390751046F7B-LeaderElection31] INFO  server.RaftServerConfigKeys (ConfUtils.java:logGet(44)) - raft.server.watch.timeout = 10s (default)
2021-10-28 03:01:42,443 [6dac361e-3d50-41be-ba36-b7bec097cbe9@group-390751046F7B-LeaderElection31] INFO  server.RaftServerConfigKeys (ConfUtils.java:logGet(44)) - raft.server.watch.timeout.denomination = 1s (default)
2021-10-28 03:01:42,443 [6dac361e-3d50-41be-ba36-b7bec097cbe9@group-390751046F7B-LeaderElection31] INFO  server.RaftServerConfigKeys (ConfUtils.java:logGet(44)) - raft.server.watch.element-limit = 65536 (default)
2021-10-28 03:01:42,443 [6dac361e-3d50-41be-ba36-b7bec097cbe9@group-390751046F7B-LeaderElection31] INFO  server.RaftServerConfigKeys (ConfUtils.java:logGet(44)) - raft.server.write.element-limit = 4096 (default)
2021-10-28 03:01:42,443 [6dac361e-3d50-41be-ba36-b7bec097cbe9@group-390751046F7B-LeaderElection31] INFO  server.RaftServerConfigKeys (ConfUtils.java:logGet(44)) - raft.server.write.follower.gap.ratio.max = -1.0 (default)
2021-10-28 03:01:42,443 [6dac361e-3d50-41be-ba36-b7bec097cbe9@group-390751046F7B-LeaderElection31] INFO  impl.RoleInfo (RoleInfo.java:updateAndGet(130)) - 6dac361e-3d50-41be-ba36-b7bec097cbe9: start 6dac361e-3d50-41be-ba36-b7bec097cbe9@group-390751046F7B-LeaderStateImpl
2021-10-28 03:01:42,444 [6dac361e-3d50-41be-ba36-b7bec097cbe9@group-390751046F7B-LeaderElection31] INFO  segmented.SegmentedRaftLogWorker (SegmentedRaftLogWorker.java:startLogSegment(394)) - 6dac361e-3d50-41be-ba36-b7bec097cbe9@group-390751046F7B-SegmentedRaftLogWorker: Starting segment from index:0
2021-10-28 03:01:42,451 [6dac361e-3d50-41be-ba36-b7bec097cbe9@group-390751046F7B-SegmentedRaftLogWorker] INFO  segmented.SegmentedRaftLogWorker (SegmentedRaftLogWorker.java:execute(601)) - 6dac361e-3d50-41be-ba36-b7bec097cbe9@group-390751046F7B-SegmentedRaftLogWorker: created new log segment /home/runner/work/ozone/ozone/hadoop-ozone/integration-test/target/test-dir/MiniOzoneClusterImpl-701359f1-d346-43a7-a18b-390751046f7b/scmNode-1/scm-ha/701359f1-d346-43a7-a18b-390751046f7b/current/log_inprogress_0
2021-10-28 03:01:42,471 [6dac361e-3d50-41be-ba36-b7bec097cbe9@group-390751046F7B-LeaderElection31] INFO  server.RaftServer$Division (ServerState.java:setRaftConf(387)) - 6dac361e-3d50-41be-ba36-b7bec097cbe9@group-390751046F7B: set configuration 0: [6dac361e-3d50-41be-ba36-b7bec097cbe9|rpc:localhost:13032|admin:|client:|dataStream:|priority:0], old=null
2021-10-28 03:01:42,671 [EndpointStateMachine task thread for /127.0.0.1:13033 - 0 ] INFO  ipc.Client (Client.java:handleConnectionFailure(977)) - Retrying connect to server: localhost/127.0.0.1:13033. Already tried 3 time(s); retry policy is RetryUpToMaximumCountWithFixedSleep(maxRetries=15, sleepTime=1000 MILLISECONDS)
2021-10-28 03:01:42,671 [EndpointStateMachine task thread for /127.0.0.1:13013 - 0 ] INFO  ipc.Client (Client.java:handleConnectionFailure(977)) - Retrying connect to server: localhost/127.0.0.1:13013. Already tried 3 time(s); retry policy is RetryUpToMaximumCountWithFixedSleep(maxRetries=15, sleepTime=1000 MILLISECONDS)
2021-10-28 03:01:42,672 [EndpointStateMachine task thread for /127.0.0.1:13023 - 0 ] INFO  ipc.Client (Client.java:handleConnectionFailure(977)) - Retrying connect to server: localhost/127.0.0.1:13023. Already tried 3 time(s); retry policy is RetryUpToMaximumCountWithFixedSleep(maxRetries=15, sleepTime=1000 MILLISECONDS)
2021-10-28 03:01:42,863 [EndpointStateMachine task thread for /127.0.0.1:12199 - 0 ] INFO  ipc.Client (Client.java:handleConnectionFailure(977)) - Retrying connect to server: localhost/127.0.0.1:12199. Already tried 8 time(s); retry policy is RetryUpToMaximumCountWithFixedSleep(maxRetries=15, sleepTime=1000 MILLISECONDS)
2021-10-28 03:01:42,864 [EndpointStateMachine task thread for /127.0.0.1:12189 - 0 ] INFO  ipc.Client (Client.java:handleConnectionFailure(977)) - Retrying connect to server: localhost/127.0.0.1:12189. Already tried 8 time(s); retry policy is RetryUpToMaximumCountWithFixedSleep(maxRetries=15, sleepTime=1000 MILLISECONDS)
2021-10-28 03:01:43,207 [EndpointStateMachine task thread for /127.0.0.1:12209 - 0 ] INFO  ipc.Client (Client.java:handleConnectionFailure(977)) - Retrying connect to server: localhost/127.0.0.1:12209. Already tried 5 time(s); retry policy is RetryUpToMaximumCountWithFixedSleep(maxRetries=15, sleepTime=1000 MILLISECONDS)
2021-10-28 03:01:43,412 [Listener at 127.0.0.1/11084] INFO  server.RaftServer (RaftServerProxy.java:lambda$close$6(391)) - 6dac361e-3d50-41be-ba36-b7bec097cbe9: close
2021-10-28 03:01:43,413 [Listener at 127.0.0.1/11084] INFO  server.RaftServer$Division (RaftServerImpl.java:lambda$close$4(412)) - 6dac361e-3d50-41be-ba36-b7bec097cbe9@group-390751046F7B: shutdown
2021-10-28 03:01:43,413 [Listener at 127.0.0.1/11084] INFO  util.JmxRegister (JmxRegister.java:unregister(73)) - Successfully un-registered JMX Bean with object name Ratis:service=RaftServer,group=group-390751046F7B,id=6dac361e-3d50-41be-ba36-b7bec097cbe9
2021-10-28 03:01:43,413 [Listener at 127.0.0.1/11084] INFO  impl.RoleInfo (RoleInfo.java:shutdownLeaderState(91)) - 6dac361e-3d50-41be-ba36-b7bec097cbe9: shutdown 6dac361e-3d50-41be-ba36-b7bec097cbe9@group-390751046F7B-LeaderStateImpl
2021-10-28 03:01:43,413 [Listener at 127.0.0.1/11084] INFO  impl.PendingRequests (PendingRequests.java:sendNotLeaderResponses(282)) - 6dac361e-3d50-41be-ba36-b7bec097cbe9@group-390751046F7B-PendingRequests: sendNotLeaderResponses
2021-10-28 03:01:43,414 [Listener at 127.0.0.1/11084] INFO  impl.StateMachineUpdater (StateMachineUpdater.java:stopAndJoin(149)) - 6dac361e-3d50-41be-ba36-b7bec097cbe9@group-390751046F7B-StateMachineUpdater: set stopIndex = 0
2021-10-28 03:01:43,415 [6dac361e-3d50-41be-ba36-b7bec097cbe9@group-390751046F7B-StateMachineUpdater] INFO  impl.StateMachineUpdater (StateMachineUpdater.java:takeSnapshot(281)) - 6dac361e-3d50-41be-ba36-b7bec097cbe9@group-390751046F7B-StateMachineUpdater: Took a snapshot at index 0
2021-10-28 03:01:43,415 [6dac361e-3d50-41be-ba36-b7bec097cbe9@group-390751046F7B-StateMachineUpdater] INFO  impl.StateMachineUpdater (StateMachineUpdater.java:lambda$new$0(89)) - 6dac361e-3d50-41be-ba36-b7bec097cbe9@group-390751046F7B-StateMachineUpdater: snapshotIndex: updateIncreasingly -1 -> 0
2021-10-28 03:01:43,415 [Listener at 127.0.0.1/11084] INFO  server.RaftServer$Division (ServerState.java:close(419)) - 6dac361e-3d50-41be-ba36-b7bec097cbe9@group-390751046F7B: closes. applyIndex: 0
2021-10-28 03:01:43,415 [6dac361e-3d50-41be-ba36-b7bec097cbe9@group-390751046F7B-SegmentedRaftLogWorker] INFO  segmented.SegmentedRaftLogWorker (SegmentedRaftLogWorker.java:run(327)) - 6dac361e-3d50-41be-ba36-b7bec097cbe9@group-390751046F7B-SegmentedRaftLogWorker was interrupted, exiting. There are 0 tasks remaining in the queue.
2021-10-28 03:01:43,416 [Listener at 127.0.0.1/11084] INFO  segmented.SegmentedRaftLogWorker (SegmentedRaftLogWorker.java:close(237)) - 6dac361e-3d50-41be-ba36-b7bec097cbe9@group-390751046F7B-SegmentedRaftLogWorker close()
2021-10-28 03:01:43,424 [Listener at 127.0.0.1/11084] INFO  server.GrpcService (GrpcService.java:closeImpl(262)) - 6dac361e-3d50-41be-ba36-b7bec097cbe9: shutdown server with port 13032 now
2021-10-28 03:01:43,427 [Listener at 127.0.0.1/11084] INFO  server.GrpcService (GrpcService.java:closeImpl(271)) - 6dac361e-3d50-41be-ba36-b7bec097cbe9: shutdown server with port 13032 successfully
2021-10-28 03:01:43,427 [org.apache.ratis.util.JvmPauseMonitor$$Lambda$499/17331878@6e2ff120] INFO  util.JvmPauseMonitor (JvmPauseMonitor.java:run(109)) - JvmPauseMonitor-6dac361e-3d50-41be-ba36-b7bec097cbe9: Stopped
2021-10-28 03:01:43,427 [Listener at 127.0.0.1/11084] WARN  server.ServerUtils (ServerUtils.java:getScmDbDir(148)) - ozone.scm.db.dirs is not configured. We recommend adding this setting. Falling back to ozone.metadata.dirs instead.
2021-10-28 03:01:43,429 [Listener at 127.0.0.1/11084] INFO  server.StorageContainerManager (StorageContainerManager.java:scmInit(1083)) - SCM initialization succeeded. Current cluster id for sd=/home/runner/work/ozone/ozone/hadoop-ozone/integration-test/target/test-dir/MiniOzoneClusterImpl-701359f1-d346-43a7-a18b-390751046f7b/scmNode-1/scm; cid=701359f1-d346-43a7-a18b-390751046f7b; layoutVersion=2; scmId=6dac361e-3d50-41be-ba36-b7bec097cbe9
2021-10-28 03:01:43,429 [Listener at 127.0.0.1/11084] INFO  ha.SCMHANodeDetails (SCMHANodeDetails.java:loadSCMHAConfig(157)) - ServiceID for StorageContainerManager is scm-service-test1
2021-10-28 03:01:43,429 [Listener at 127.0.0.1/11084] INFO  ha.SCMHANodeDetails (SCMHANodeDetails.java:loadSCMHAConfig(168)) - ServiceID for StorageContainerManager is scm-service-test1
2021-10-28 03:01:43,429 [Listener at 127.0.0.1/11084] WARN  scm.ScmUtils (ScmUtils.java:logWarn(179)) - ConfigKey ozone.scm.block.client.address is deprecated, For configuring different ports for each SCM use PortConfigKey ozone.scm.block.client.port appended with serviceId and nodeId. If want to configure same port configure ozone.scm.block.client.port
2021-10-28 03:01:43,429 [Listener at 127.0.0.1/11084] WARN  scm.ScmUtils (ScmUtils.java:logWarn(179)) - ConfigKey ozone.scm.client.address is deprecated, For configuring different ports for each SCM use PortConfigKey ozone.scm.client.port appended with serviceId and nodeId. If want to configure same port configure ozone.scm.client.port
2021-10-28 03:01:43,429 [Listener at 127.0.0.1/11084] WARN  scm.ScmUtils (ScmUtils.java:logWarn(179)) - ConfigKey ozone.scm.datanode.address is deprecated, For configuring different ports for each SCM use PortConfigKey ozone.scm.datanode.port appended with serviceId and nodeId. If want to configure same port configure ozone.scm.datanode.port
2021-10-28 03:01:43,430 [Listener at 127.0.0.1/11084] WARN  scm.ScmUtils (ScmUtils.java:logWarn(179)) - ConfigKey ozone.scm.block.client.address is deprecated, For configuring different ports for each SCM use PortConfigKey ozone.scm.block.client.port appended with serviceId and nodeId. If want to configure same port configure ozone.scm.block.client.port
2021-10-28 03:01:43,430 [Listener at 127.0.0.1/11084] WARN  scm.ScmUtils (ScmUtils.java:logWarn(179)) - ConfigKey ozone.scm.client.address is deprecated, For configuring different ports for each SCM use PortConfigKey ozone.scm.client.port appended with serviceId and nodeId. If want to configure same port configure ozone.scm.client.port
2021-10-28 03:01:43,430 [Listener at 127.0.0.1/11084] WARN  scm.ScmUtils (ScmUtils.java:logWarn(179)) - ConfigKey ozone.scm.datanode.address is deprecated, For configuring different ports for each SCM use PortConfigKey ozone.scm.datanode.port appended with serviceId and nodeId. If want to configure same port configure ozone.scm.datanode.port
2021-10-28 03:01:43,430 [Listener at 127.0.0.1/11084] INFO  ha.SCMHANodeDetails (SCMHANodeDetails.java:loadSCMHAConfig(250)) - Found matching SCM address with SCMServiceId: scm-service-test1, SCMNodeId: scmNode-1, RPC Address: localhost:13032 and Ratis port: 13032
2021-10-28 03:01:43,430 [Listener at 127.0.0.1/11084] INFO  ha.SCMHANodeDetails (ConfUtils.java:setNodeSpecificConfigs(108)) - Setting configuration key ozone.scm.datanode.address with value of key ozone.scm.datanode.address.scm-service-test1.scmNode-1: 127.0.0.1:13033
2021-10-28 03:01:43,430 [Listener at 127.0.0.1/11084] INFO  ha.SCMHANodeDetails (ConfUtils.java:setNodeSpecificConfigs(108)) - Setting configuration key ozone.scm.block.client.address with value of key ozone.scm.block.client.address.scm-service-test1.scmNode-1: 127.0.0.1:13034
2021-10-28 03:01:43,432 [Listener at 127.0.0.1/11084] INFO  ha.SCMHANodeDetails (ConfUtils.java:setNodeSpecificConfigs(108)) - Setting configuration key ozone.scm.client.address with value of key ozone.scm.client.address.scm-service-test1.scmNode-1: 127.0.0.1:13035
2021-10-28 03:01:43,432 [Listener at 127.0.0.1/11084] INFO  ha.SCMHANodeDetails (ConfUtils.java:setNodeSpecificConfigs(108)) - Setting configuration key ozone.scm.ratis.port with value of key ozone.scm.ratis.port.scm-service-test1.scmNode-1: 13032
2021-10-28 03:01:43,432 [Listener at 127.0.0.1/11084] INFO  ha.SCMHANodeDetails (ConfUtils.java:setNodeSpecificConfigs(108)) - Setting configuration key ozone.scm.grpc.port with value of key ozone.scm.grpc.port.scm-service-test1.scmNode-1: 13036
2021-10-28 03:01:43,432 [Listener at 127.0.0.1/11084] INFO  ha.SCMHANodeDetails (ConfUtils.java:setNodeSpecificConfigs(108)) - Setting configuration key ozone.scm.http-address with value of key ozone.scm.http-address.scm-service-test1.scmNode-1: 127.0.0.1:13030
2021-10-28 03:01:43,432 [Listener at 127.0.0.1/11084] INFO  ha.SCMHANodeDetails (ConfUtils.java:setNodeSpecificConfigs(108)) - Setting configuration key ozone.scm.https-address with value of key ozone.scm.https-address.scm-service-test1.scmNode-1: 127.0.0.1:13031
2021-10-28 03:01:43,432 [Listener at 127.0.0.1/11084] INFO  ha.SCMHANodeDetails (ConfUtils.java:setNodeSpecificConfigs(108)) - Setting configuration key ozone.scm.address with value of key ozone.scm.address.scm-service-test1.scmNode-1: 127.0.0.1
2021-10-28 03:01:43,433 [Listener at 127.0.0.1/11084] WARN  scm.ScmUtils (ScmUtils.java:logWarn(179)) - ConfigKey ozone.scm.block.client.address is deprecated, For configuring different ports for each SCM use PortConfigKey ozone.scm.block.client.port appended with serviceId and nodeId. If want to configure same port configure ozone.scm.block.client.port
2021-10-28 03:01:43,437 [Listener at 127.0.0.1/11084] WARN  scm.ScmUtils (ScmUtils.java:logWarn(179)) - ConfigKey ozone.scm.client.address is deprecated, For configuring different ports for each SCM use PortConfigKey ozone.scm.client.port appended with serviceId and nodeId. If want to configure same port configure ozone.scm.client.port
2021-10-28 03:01:43,437 [Listener at 127.0.0.1/11084] WARN  scm.ScmUtils (ScmUtils.java:logWarn(179)) - ConfigKey ozone.scm.datanode.address is deprecated, For configuring different ports for each SCM use PortConfigKey ozone.scm.datanode.port appended with serviceId and nodeId. If want to configure same port configure ozone.scm.datanode.port
2021-10-28 03:01:43,438 [Listener at 127.0.0.1/11084] WARN  server.ServerUtils (ServerUtils.java:getScmDbDir(148)) - ozone.scm.db.dirs is not configured. We recommend adding this setting. Falling back to ozone.metadata.dirs instead.
2021-10-28 03:01:43,438 [Listener at 127.0.0.1/11084] INFO  upgrade.AbstractLayoutVersionManager (AbstractLayoutVersionManager.java:init(79)) - Initializing Layout version manager with metadata layout = SCM_HA (version = 2), software layout = SCM_HA (version = 2)
2021-10-28 03:01:43,527 [Listener at 127.0.0.1/11084] INFO  reflections.Reflections (Reflections.java:scan(232)) - Reflections took 87 ms to scan 7 urls, producing 119 keys and 279 values 
2021-10-28 03:01:43,528 [Listener at 127.0.0.1/11084] WARN  utils.HAUtils (HAUtils.java:getMetaDir(342)) - ozone.scm.db.dirs is not configured. We recommend adding this setting. Falling back to ozone.metadata.dirs instead.
2021-10-28 03:01:43,539 [Listener at 127.0.0.1/11084] WARN  db.DBStoreBuilder (DBStoreBuilder.java:applyDBDefinition(145)) - ozone.scm.db.dirs is not configured. We recommend adding this setting. Falling back to ozone.metadata.dirs instead.
2021-10-28 03:01:43,671 [EndpointStateMachine task thread for /127.0.0.1:13033 - 0 ] INFO  ipc.Client (Client.java:handleConnectionFailure(977)) - Retrying connect to server: localhost/127.0.0.1:13033. Already tried 4 time(s); retry policy is RetryUpToMaximumCountWithFixedSleep(maxRetries=15, sleepTime=1000 MILLISECONDS)
2021-10-28 03:01:43,672 [EndpointStateMachine task thread for /127.0.0.1:13023 - 0 ] INFO  ipc.Client (Client.java:handleConnectionFailure(977)) - Retrying connect to server: localhost/127.0.0.1:13023. Already tried 4 time(s); retry policy is RetryUpToMaximumCountWithFixedSleep(maxRetries=15, sleepTime=1000 MILLISECONDS)
2021-10-28 03:01:43,673 [EndpointStateMachine task thread for /127.0.0.1:13013 - 0 ] INFO  ipc.Client (Client.java:handleConnectionFailure(977)) - Retrying connect to server: localhost/127.0.0.1:13013. Already tried 4 time(s); retry policy is RetryUpToMaximumCountWithFixedSleep(maxRetries=15, sleepTime=1000 MILLISECONDS)
2021-10-28 03:01:43,689 [Listener at 127.0.0.1/11084] INFO  net.NodeSchemaLoader (NodeSchemaLoader.java:loadSchemaFromFile(129)) - Loading schema from [jar:file:/home/runner/.m2/repository/org/apache/ozone/hdds-common/1.2.0-SNAPSHOT/hdds-common-1.2.0-SNAPSHOT.jar!/network-topology-default.xml]
2021-10-28 03:01:43,690 [Listener at 127.0.0.1/11084] INFO  net.NodeSchemaLoader (NodeSchemaLoader.java:loadSchema(176)) - Loading network topology layer schema file
2021-10-28 03:01:43,701 [Listener at 127.0.0.1/11084] INFO  ha.SCMRatisServerImpl (SCMRatisServerImpl.java:<init>(87)) - starting Raft server for scm:6dac361e-3d50-41be-ba36-b7bec097cbe9
2021-10-28 03:01:43,723 [Listener at 127.0.0.1/11084] INFO  server.RaftServer (ConfUtils.java:logGet(44)) - raft.rpc.type = GRPC (default)
2021-10-28 03:01:43,723 [Listener at 127.0.0.1/11084] INFO  grpc.GrpcFactory (GrpcFactory.java:checkPooledByteBufAllocatorUseCacheForAllThreads(48)) - PERFORMANCE WARNING: useCacheForAllThreads is true that may cause Netty to create a lot garbage objects and, as a result, trigger GC.
	It is recommended to disable useCacheForAllThreads by setting -Dorg.apache.ratis.thirdparty.io.netty.allocator.useCacheForAllThreads=false in command line.
2021-10-28 03:01:43,723 [Listener at 127.0.0.1/11084] INFO  grpc.GrpcConfigKeys (ConfUtils.java:logGet(44)) - raft.grpc.admin.port = -1 (default)
2021-10-28 03:01:43,723 [Listener at 127.0.0.1/11084] INFO  grpc.GrpcConfigKeys (ConfUtils.java:logGet(44)) - raft.grpc.server.port = 13032 (custom)
2021-10-28 03:01:43,723 [Listener at 127.0.0.1/11084] INFO  grpc.GrpcConfigKeys (ConfUtils.java:logGet(44)) - raft.grpc.client.port = -1 (default)
2021-10-28 03:01:43,724 [Listener at 127.0.0.1/11084] INFO  grpc.GrpcConfigKeys (ConfUtils.java:logGet(44)) - raft.grpc.server.port = 13032 (custom)
2021-10-28 03:01:43,724 [Listener at 127.0.0.1/11084] INFO  grpc.GrpcConfigKeys (ConfUtils.java:logGet(44)) - raft.grpc.server.port = 13032 (custom)
2021-10-28 03:01:43,724 [Listener at 127.0.0.1/11084] INFO  server.GrpcService (ConfUtils.java:logGet(44)) - raft.grpc.message.size.max = 32m (=33554432) (custom)
2021-10-28 03:01:43,724 [Listener at 127.0.0.1/11084] INFO  server.RaftServerConfigKeys (ConfUtils.java:logGet(44)) - raft.server.log.appender.buffer.byte-limit = 33554432 (custom)
2021-10-28 03:01:43,724 [Listener at 127.0.0.1/11084] INFO  server.GrpcService (ConfUtils.java:logGet(44)) - raft.grpc.flow.control.window = 1MB (=1048576) (default)
2021-10-28 03:01:43,724 [Listener at 127.0.0.1/11084] INFO  server.RaftServerConfigKeys (ConfUtils.java:logGet(44)) - raft.server.rpc.request.timeout = 30000ms (custom)
2021-10-28 03:01:43,725 [Listener at 127.0.0.1/11084] INFO  impl.DataStreamServerImpl (ConfUtils.java:logGet(44)) - raft.datastream.type = DISABLED (default)
2021-10-28 03:01:43,726 [Listener at 127.0.0.1/11084] INFO  server.RaftServerConfigKeys (ConfUtils.java:logGet(44)) - raft.server.rpc.slowness.timeout = 120000ms (custom)
2021-10-28 03:01:43,726 [Listener at 127.0.0.1/11084] INFO  server.RaftServerConfigKeys (ConfUtils.java:logGet(44)) - raft.server.leaderelection.leader.step-down.wait-time = 10s (default)
2021-10-28 03:01:43,726 [Listener at 127.0.0.1/11084] INFO  server.RaftServerConfigKeys (ConfUtils.java:logGet(44)) - raft.server.storage.dir = [/home/runner/work/ozone/ozone/hadoop-ozone/integration-test/target/test-dir/MiniOzoneClusterImpl-701359f1-d346-43a7-a18b-390751046f7b/scmNode-1/scm-ha] (custom)
2021-10-28 03:01:43,726 [Listener at 127.0.0.1/11084] INFO  server.RaftServer (RaftServerProxy.java:lambda$null$1(235)) - 6dac361e-3d50-41be-ba36-b7bec097cbe9: found a subdirectory /home/runner/work/ozone/ozone/hadoop-ozone/integration-test/target/test-dir/MiniOzoneClusterImpl-701359f1-d346-43a7-a18b-390751046f7b/scmNode-1/scm-ha/701359f1-d346-43a7-a18b-390751046f7b
2021-10-28 03:01:43,749 [Listener at 127.0.0.1/11084] INFO  server.RaftServer (RaftServerProxy.java:addNew(95)) - 6dac361e-3d50-41be-ba36-b7bec097cbe9: addNew group-390751046F7B:[] returns group-390751046F7B:java.util.concurrent.CompletableFuture@2ff7685[Not completed]
2021-10-28 03:01:43,749 [pool-388-thread-1] INFO  server.RaftServer$Division (RaftServerImpl.java:<init>(184)) - 6dac361e-3d50-41be-ba36-b7bec097cbe9: new RaftServerImpl for group-390751046F7B:[] with SCMStateMachine:uninitialized
2021-10-28 03:01:43,751 [pool-388-thread-1] INFO  server.RaftServerConfigKeys (ConfUtils.java:logGet(44)) - raft.server.rpc.timeout.min = 5000ms (custom)
2021-10-28 03:01:43,751 [pool-388-thread-1] INFO  server.RaftServerConfigKeys (ConfUtils.java:logGet(44)) - raft.server.rpc.timeout.max = 5200ms (custom)
2021-10-28 03:01:43,751 [pool-388-thread-1] INFO  server.RaftServerConfigKeys (ConfUtils.java:logGet(44)) - raft.server.rpc.sleep.time = 25ms (default)
2021-10-28 03:01:43,751 [pool-388-thread-1] INFO  server.RaftServerConfigKeys (ConfUtils.java:logGet(44)) - raft.server.rpc.slowness.timeout = 120000ms (custom)
2021-10-28 03:01:43,751 [pool-388-thread-1] INFO  server.RaftServerConfigKeys (ConfUtils.java:logGet(44)) - raft.server.leaderelection.leader.step-down.wait-time = 10s (default)
2021-10-28 03:01:43,751 [pool-388-thread-1] INFO  server.RaftServerConfigKeys (ConfUtils.java:logGet(44)) - raft.server.sleep.deviation.threshold = 300ms (default)
2021-10-28 03:01:43,751 [pool-388-thread-1] INFO  server.RaftServerConfigKeys (ConfUtils.java:logGet(44)) - raft.server.log.appender.install.snapshot.enabled = false (custom)
2021-10-28 03:01:43,751 [pool-388-thread-1] INFO  server.RaftServer$Division (ServerState.java:<init>(105)) - 6dac361e-3d50-41be-ba36-b7bec097cbe9@group-390751046F7B: ConfigurationManager, init=-1: [], old=null, confs=<EMPTY_MAP>
2021-10-28 03:01:43,751 [pool-388-thread-1] INFO  server.RaftServerConfigKeys (ConfUtils.java:logGet(44)) - raft.server.storage.dir = [/home/runner/work/ozone/ozone/hadoop-ozone/integration-test/target/test-dir/MiniOzoneClusterImpl-701359f1-d346-43a7-a18b-390751046f7b/scmNode-1/scm-ha] (custom)
2021-10-28 03:01:43,751 [pool-388-thread-1] INFO  server.RaftServerConfigKeys (ConfUtils.java:logGet(44)) - raft.server.log.corruption.policy = EXCEPTION (default)
2021-10-28 03:01:43,751 [pool-388-thread-1] INFO  server.RaftServerConfigKeys (ConfUtils.java:logGet(44)) - raft.server.storage.free-space.min = 0MB (=0) (default)
2021-10-28 03:01:43,754 [pool-388-thread-1] INFO  storage.RaftStorageDirectory (RaftStorageDirectoryImpl.java:tryLock(230)) - Lock on /home/runner/work/ozone/ozone/hadoop-ozone/integration-test/target/test-dir/MiniOzoneClusterImpl-701359f1-d346-43a7-a18b-390751046f7b/scmNode-1/scm-ha/701359f1-d346-43a7-a18b-390751046f7b/in_use.lock acquired by nodename 7917@fv-az184-410
2021-10-28 03:01:43,755 [pool-388-thread-1] INFO  storage.RaftStorage (RaftStorageImpl.java:analyzeAndRecoverStorage(110)) - Read RaftStorageMetadata{term=1, votedFor=6dac361e-3d50-41be-ba36-b7bec097cbe9} from /home/runner/work/ozone/ozone/hadoop-ozone/integration-test/target/test-dir/MiniOzoneClusterImpl-701359f1-d346-43a7-a18b-390751046f7b/scmNode-1/scm-ha/701359f1-d346-43a7-a18b-390751046f7b/current/raft-meta
2021-10-28 03:01:43,755 [pool-388-thread-1] INFO  server.RaftServer$Division (ServerState.java:setRaftConf(387)) - 6dac361e-3d50-41be-ba36-b7bec097cbe9@group-390751046F7B: set configuration 0: [6dac361e-3d50-41be-ba36-b7bec097cbe9|rpc:localhost:13032|admin:|client:|dataStream:|priority:0], old=null
2021-10-28 03:01:43,755 [pool-388-thread-1] INFO  server.RaftServerConfigKeys (ConfUtils.java:logGet(44)) - raft.server.notification.no-leader.timeout = 60s (default)
2021-10-28 03:01:43,755 [pool-388-thread-1] INFO  server.RaftServerConfigKeys (ConfUtils.java:logGet(44)) - raft.server.log.use.memory = false (default)
2021-10-28 03:01:43,755 [pool-388-thread-1] INFO  server.RaftServerConfigKeys (ConfUtils.java:logGet(44)) - raft.server.log.purge.gap = 5 (custom)
2021-10-28 03:01:43,755 [pool-388-thread-1] INFO  server.RaftServerConfigKeys (ConfUtils.java:logGet(44)) - raft.server.log.appender.buffer.byte-limit = 33554432 (custom)
2021-10-28 03:01:43,755 [pool-388-thread-1] INFO  server.RaftServerConfigKeys (ConfUtils.java:logGet(44)) - raft.server.log.segment.size.max = 4194304 (custom)
2021-10-28 03:01:43,756 [pool-388-thread-1] INFO  server.RaftServerConfigKeys (ConfUtils.java:logGet(44)) - raft.server.log.segment.cache.num.max = 2 (custom)
2021-10-28 03:01:43,756 [pool-388-thread-1] INFO  server.RaftServerConfigKeys (ConfUtils.java:logGet(44)) - raft.server.log.segment.cache.size.max = 200MB (=209715200) (default)
2021-10-28 03:01:43,756 [pool-388-thread-1] INFO  segmented.SegmentedRaftLogWorker (SegmentedRaftLogWorker.java:<init>(182)) - new 6dac361e-3d50-41be-ba36-b7bec097cbe9@group-390751046F7B-SegmentedRaftLogWorker for RaftStorageImpl:Storage Directory /home/runner/work/ozone/ozone/hadoop-ozone/integration-test/target/test-dir/MiniOzoneClusterImpl-701359f1-d346-43a7-a18b-390751046f7b/scmNode-1/scm-ha/701359f1-d346-43a7-a18b-390751046f7b
2021-10-28 03:01:43,756 [pool-388-thread-1] INFO  server.RaftServerConfigKeys (ConfUtils.java:logGet(44)) - raft.server.log.queue.byte-limit = 64MB (=67108864) (default)
2021-10-28 03:01:43,756 [pool-388-thread-1] INFO  server.RaftServerConfigKeys (ConfUtils.java:logGet(44)) - raft.server.log.queue.element-limit = 4096 (default)
2021-10-28 03:01:43,756 [pool-388-thread-1] INFO  server.RaftServerConfigKeys (ConfUtils.java:logGet(44)) - raft.server.log.segment.size.max = 4194304 (custom)
2021-10-28 03:01:43,756 [pool-388-thread-1] INFO  server.RaftServerConfigKeys (ConfUtils.java:logGet(44)) - raft.server.log.preallocated.size = 4194304 (custom)
2021-10-28 03:01:43,756 [pool-388-thread-1] INFO  server.RaftServerConfigKeys (ConfUtils.java:logGet(44)) - raft.server.log.force.sync.num = 128 (default)
2021-10-28 03:01:43,756 [pool-388-thread-1] INFO  server.RaftServerConfigKeys (ConfUtils.java:logGet(44)) - raft.server.log.statemachine.data.sync = true (default)
2021-10-28 03:01:43,756 [pool-388-thread-1] INFO  server.RaftServerConfigKeys (ConfUtils.java:logGet(44)) - raft.server.log.statemachine.data.sync.timeout = 10s (default)
2021-10-28 03:01:43,756 [pool-388-thread-1] INFO  server.RaftServerConfigKeys (ConfUtils.java:logGet(44)) - raft.server.log.statemachine.data.sync.timeout.retry = -1 (default)
2021-10-28 03:01:43,757 [pool-388-thread-1] INFO  server.RaftServerConfigKeys (ConfUtils.java:logGet(44)) - raft.server.log.write.buffer.size = 64KB (=65536) (default)
2021-10-28 03:01:43,757 [pool-388-thread-1] INFO  server.RaftServerConfigKeys (ConfUtils.java:logGet(44)) - raft.server.log.statemachine.data.caching.enabled = false (default)
2021-10-28 03:01:43,757 [pool-388-thread-1] INFO  server.RaftServer$Division (ServerState.java:setRaftConf(387)) - 6dac361e-3d50-41be-ba36-b7bec097cbe9@group-390751046F7B: set configuration 0: [6dac361e-3d50-41be-ba36-b7bec097cbe9|rpc:localhost:13032|admin:|client:|dataStream:|priority:0], old=null
2021-10-28 03:01:43,757 [pool-388-thread-1] INFO  segmented.LogSegment (LogSegment.java:loadSegment(173)) - Successfully read 1 entries from segment file /home/runner/work/ozone/ozone/hadoop-ozone/integration-test/target/test-dir/MiniOzoneClusterImpl-701359f1-d346-43a7-a18b-390751046f7b/scmNode-1/scm-ha/701359f1-d346-43a7-a18b-390751046f7b/current/log_inprogress_0
2021-10-28 03:01:43,758 [pool-388-thread-1] INFO  segmented.SegmentedRaftLogWorker (SegmentedRaftLogWorker.java:lambda$new$0(133)) - 6dac361e-3d50-41be-ba36-b7bec097cbe9@group-390751046F7B-SegmentedRaftLogWorker: flushIndex: setUnconditionally 0 -> 0
2021-10-28 03:01:43,758 [pool-388-thread-1] INFO  segmented.SegmentedRaftLogWorker (SegmentedRaftLogWorker.java:lambda$new$0(133)) - 6dac361e-3d50-41be-ba36-b7bec097cbe9@group-390751046F7B-SegmentedRaftLogWorker: safeCacheEvictIndex: setUnconditionally 0 -> -1
2021-10-28 03:01:43,760 [pool-388-thread-1] INFO  server.RaftServerConfigKeys (ConfUtils.java:logGet(44)) - raft.server.snapshot.auto.trigger.enabled = true (custom)
2021-10-28 03:01:43,760 [pool-388-thread-1] INFO  server.RaftServerConfigKeys (ConfUtils.java:logGet(44)) - raft.server.snapshot.auto.trigger.threshold = 5 (custom)
2021-10-28 03:01:43,761 [pool-388-thread-1] INFO  server.RaftServerConfigKeys (ConfUtils.java:logGet(44)) - raft.server.snapshot.retention.file.num = -1 (default)
2021-10-28 03:01:43,761 [pool-388-thread-1] INFO  server.RaftServerConfigKeys (ConfUtils.java:logGet(44)) - raft.server.log.purge.upto.snapshot.index = true (custom)
2021-10-28 03:01:43,761 [pool-388-thread-1] INFO  server.RaftServerConfigKeys (ConfUtils.java:logGet(44)) - raft.server.retrycache.expirytime = 60000ms (default)
2021-10-28 03:01:43,761 [pool-388-thread-1] INFO  server.RaftServerConfigKeys (ConfUtils.java:logGet(44)) - raft.server.retrycache.statistics.expirytime = 100μs (default)
2021-10-28 03:01:43,766 [Listener at 127.0.0.1/11084] INFO  ha.SCMSnapshotProvider (SCMSnapshotProvider.java:<init>(66)) - Initializing SCM Snapshot Provider
2021-10-28 03:01:43,767 [Listener at 127.0.0.1/11084] WARN  server.ServerUtils (ServerUtils.java:getDefaultRatisDirectory(237)) - Storage directory for Ratis is not configured. It is a good idea to map this to an SSD disk. Falling back to ozone.metadata.dirs
2021-10-28 03:01:43,767 [Listener at 127.0.0.1/11084] WARN  ha.SCMHAUtils (SCMHAUtils.java:getSCMRatisSnapshotDirectory(146)) - SCM snapshot dir is not configured. Falling back to ozone.metadata.dirs config
2021-10-28 03:01:43,768 [Listener at 127.0.0.1/11084] INFO  ha.SequenceIdGenerator (SequenceIdGenerator.java:upgradeToSequenceId(347)) - upgrade localId to 107544261427200000
2021-10-28 03:01:43,768 [Listener at 127.0.0.1/11084] INFO  ha.SequenceIdGenerator (SequenceIdGenerator.java:upgradeToSequenceId(357)) - upgrade delTxnId to 0
2021-10-28 03:01:43,769 [Listener at 127.0.0.1/11084] INFO  ha.SequenceIdGenerator (SequenceIdGenerator.java:upgradeToSequenceId(371)) - upgrade containerId to 0
2021-10-28 03:01:43,769 [Listener at 127.0.0.1/11084] INFO  ha.SequenceIdGenerator (SequenceIdGenerator.java:<init>(218)) - Init the HA SequenceIdGenerator.
2021-10-28 03:01:43,793 [Listener at 127.0.0.1/11084] INFO  node.SCMNodeManager (SCMNodeManager.java:<init>(144)) - Entering startup safe mode.
2021-10-28 03:01:43,793 [Listener at 127.0.0.1/11084] INFO  algorithms.ContainerPlacementPolicyFactory (ContainerPlacementPolicyFactory.java:getPolicy(60)) - Create container placement policy of type org.apache.hadoop.hdds.scm.container.placement.algorithms.SCMContainerPlacementRandom
2021-10-28 03:01:43,794 [Listener at 127.0.0.1/11084] INFO  pipeline.PipelineStateManagerImpl (PipelineStateManagerImpl.java:initialize(78)) - No pipeline exists in current db
2021-10-28 03:01:43,794 [Listener at 127.0.0.1/11084] INFO  algorithms.LeaderChoosePolicyFactory (LeaderChoosePolicyFactory.java:getPolicy(57)) - Create leader choose policy of type org.apache.hadoop.hdds.scm.pipeline.leader.choose.algorithms.MinLeaderCountChoosePolicy
2021-10-28 03:01:43,794 [Listener at 127.0.0.1/11084] INFO  ha.SCMServiceManager (SCMServiceManager.java:register(43)) - Registering service BackgroundPipelineCreator.
2021-10-28 03:01:43,794 [Listener at 127.0.0.1/11084] INFO  pipeline.BackgroundPipelineCreator (BackgroundPipelineCreator.java:start(130)) - Starting RatisPipelineUtilsThread.
2021-10-28 03:01:43,796 [Listener at 127.0.0.1/11084] INFO  algorithms.PipelineChoosePolicyFactory (PipelineChoosePolicyFactory.java:createPipelineChoosePolicyFromClass(73)) - Create pipeline choose policy of type org.apache.hadoop.hdds.scm.pipeline.choose.algorithms.RandomPipelineChoosePolicy
2021-10-28 03:01:43,798 [Listener at 127.0.0.1/11084] INFO  ha.SCMServiceManager (SCMServiceManager.java:register(43)) - Registering service SCMBlockDeletingService.
2021-10-28 03:01:43,798 [Listener at 127.0.0.1/11084] INFO  ha.SCMServiceManager (SCMServiceManager.java:register(43)) - Registering service ReplicationManager.
2021-10-28 03:01:43,798 [Listener at 127.0.0.1/11084] INFO  container.ReplicationManager (ReplicationManager.java:start(319)) - Starting Replication Monitor Thread.
2021-10-28 03:01:43,811 [Listener at 127.0.0.1/11084] INFO  safemode.ContainerSafeModeRule (ContainerSafeModeRule.java:<init>(89)) - containers with one replica threshold count 0
2021-10-28 03:01:43,812 [Listener at 127.0.0.1/11084] INFO  safemode.HealthyPipelineSafeModeRule (HealthyPipelineSafeModeRule.java:initializeRule(156)) - Total pipeline count is 0, healthy pipeline threshold count is 1
2021-10-28 03:01:43,812 [Listener at 127.0.0.1/11084] INFO  safemode.OneReplicaPipelineSafeModeRule (OneReplicaPipelineSafeModeRule.java:initializeRule(180)) - Total pipeline count is 0, pipeline's with at least one datanode reported threshold count is 0
2021-10-28 03:01:43,822 [ReplicationMonitor] INFO  container.ReplicationManager (ReplicationManager.java:processAll(371)) - Replication Monitor Thread took 0 milliseconds for processing 0 containers.
2021-10-28 03:01:43,843 [Listener at 127.0.0.1/11084] INFO  ipc.CallQueueManager (CallQueueManager.java:<init>(90)) - Using callQueue: class java.util.concurrent.LinkedBlockingQueue, queueCapacity: 10000, scheduler: class org.apache.hadoop.ipc.DefaultRpcScheduler, ipcBackoff: false.
2021-10-28 03:01:43,851 [Socket Reader #1 for port 13033] INFO  ipc.Server (Server.java:run(1265)) - Starting Socket Reader #1 for port 13033
2021-10-28 03:01:43,863 [Listener at 0.0.0.0/13033] INFO  ipc.CallQueueManager (CallQueueManager.java:<init>(90)) - Using callQueue: class java.util.concurrent.LinkedBlockingQueue, queueCapacity: 10000, scheduler: class org.apache.hadoop.ipc.DefaultRpcScheduler, ipcBackoff: false.
2021-10-28 03:01:43,864 [EndpointStateMachine task thread for /127.0.0.1:12199 - 0 ] INFO  ipc.Client (Client.java:handleConnectionFailure(977)) - Retrying connect to server: localhost/127.0.0.1:12199. Already tried 9 time(s); retry policy is RetryUpToMaximumCountWithFixedSleep(maxRetries=15, sleepTime=1000 MILLISECONDS)
2021-10-28 03:01:43,865 [EndpointStateMachine task thread for /127.0.0.1:12189 - 0 ] INFO  ipc.Client (Client.java:handleConnectionFailure(977)) - Retrying connect to server: localhost/127.0.0.1:12189. Already tried 9 time(s); retry policy is RetryUpToMaximumCountWithFixedSleep(maxRetries=15, sleepTime=1000 MILLISECONDS)
2021-10-28 03:01:43,867 [Socket Reader #1 for port 13034] INFO  ipc.Server (Server.java:run(1265)) - Starting Socket Reader #1 for port 13034
2021-10-28 03:01:43,871 [Listener at 0.0.0.0/13034] INFO  ipc.CallQueueManager (CallQueueManager.java:<init>(90)) - Using callQueue: class java.util.concurrent.LinkedBlockingQueue, queueCapacity: 10000, scheduler: class org.apache.hadoop.ipc.DefaultRpcScheduler, ipcBackoff: false.
2021-10-28 03:01:43,872 [Socket Reader #1 for port 13035] INFO  ipc.Server (Server.java:run(1265)) - Starting Socket Reader #1 for port 13035
2021-10-28 03:01:43,943 [Listener at 0.0.0.0/13035] INFO  algorithms.ContainerPlacementPolicyFactory (ContainerPlacementPolicyFactory.java:getPolicy(60)) - Create container placement policy of type org.apache.hadoop.hdds.scm.container.placement.algorithms.SCMContainerPlacementRandom
2021-10-28 03:01:43,943 [Listener at 0.0.0.0/13035] INFO  server.StorageContainerManager (StorageContainerManager.java:<init>(388)) - 
Container Balancer status:
Key                            Value
Running                        false
Container Balancer Configuration values:
Key                                                Value
Threshold                                          0.1
Max Datanodes to Involve per Iteration(ratio)      0.2
Max Size to Move per Iteration                     32212254720B

2021-10-28 03:01:43,944 [Listener at 0.0.0.0/13035] WARN  events.EventQueue (EventQueue.java:fireEvent(194)) - No event handler registered for event TypedEvent{payloadType=SafeModeStatus, name='Safe mode status'}
2021-10-28 03:01:43,944 [Listener at 0.0.0.0/13035] INFO  ha.SCMContext (SCMContext.java:updateSafeModeStatus(205)) - Update SafeModeStatus from SafeModeStatus{safeModeStatus=true, preCheckPassed=false} to SafeModeStatus{safeModeStatus=true, preCheckPassed=false}.
2021-10-28 03:01:43,944 [Listener at 0.0.0.0/13035] INFO  server.StorageContainerManager (StorageContainerManager.java:start(1303)) - StorageContainerLocationProtocol RPC server is listening at /0.0.0.0:13035
2021-10-28 03:01:43,946 [Listener at 0.0.0.0/13035] INFO  ha.SCMRatisServerImpl (SCMRatisServerImpl.java:start(177)) - starting ratis server 0.0.0.0:13032
2021-10-28 03:01:43,947 [Listener at 0.0.0.0/13035] INFO  server.RaftServer$Division (RaftServerImpl.java:start(301)) - 6dac361e-3d50-41be-ba36-b7bec097cbe9@group-390751046F7B: start as a follower, conf=0: [6dac361e-3d50-41be-ba36-b7bec097cbe9|rpc:localhost:13032|admin:|client:|dataStream:|priority:0], old=null
2021-10-28 03:01:43,951 [Listener at 0.0.0.0/13035] INFO  server.RaftServer$Division (RaftServerImpl.java:setRole(290)) - 6dac361e-3d50-41be-ba36-b7bec097cbe9@group-390751046F7B: changes role from      null to FOLLOWER at term 1 for startAsFollower
2021-10-28 03:01:43,951 [Listener at 0.0.0.0/13035] INFO  impl.RoleInfo (RoleInfo.java:updateAndGet(130)) - 6dac361e-3d50-41be-ba36-b7bec097cbe9: start 6dac361e-3d50-41be-ba36-b7bec097cbe9@group-390751046F7B-FollowerState
2021-10-28 03:01:43,964 [Listener at 0.0.0.0/13035] INFO  util.JmxRegister (JmxRegister.java:tryRegister(44)) - Successfully registered JMX Bean with object name Ratis:service=RaftServer,group=group-390751046F7B,id=6dac361e-3d50-41be-ba36-b7bec097cbe9
2021-10-28 03:01:43,973 [Listener at 0.0.0.0/13035] INFO  server.RaftServer (RaftServerProxy.java:lambda$start$5(374)) - 6dac361e-3d50-41be-ba36-b7bec097cbe9: start RPC server
2021-10-28 03:01:43,977 [Listener at 0.0.0.0/13035] INFO  server.GrpcService (GrpcService.java:startImpl(253)) - 6dac361e-3d50-41be-ba36-b7bec097cbe9: GrpcService started, listening on 13032
2021-10-28 03:01:43,990 [Listener at 0.0.0.0/13035] INFO  ha.SCMHAManagerImpl (SCMHAManagerImpl.java:start(120)) -  scm role is FOLLOWER peers [6dac361e-3d50-41be-ba36-b7bec097cbe9|rpc:localhost:13032|admin:|client:|dataStream:|priority:0]
2021-10-28 03:01:43,991 [Listener at 0.0.0.0/13035] INFO  ha.InterSCMGrpcService (InterSCMGrpcProtocolService.java:start(94)) - Starting SCM Grpc Service at port 13036
2021-10-28 03:01:43,992 [org.apache.ratis.util.JvmPauseMonitor$$Lambda$499/17331878@3ec616af] INFO  util.JvmPauseMonitor (JvmPauseMonitor.java:run(103)) - JvmPauseMonitor-6dac361e-3d50-41be-ba36-b7bec097cbe9: Started
2021-10-28 03:01:43,993 [Listener at 0.0.0.0/13035] WARN  impl.MetricsConfig (MetricsConfig.java:loadFirst(136)) - Cannot locate configuration: tried hadoop-metrics2-storagecontainermanager.properties,hadoop-metrics2.properties
2021-10-28 03:01:44,003 [Listener at 0.0.0.0/13035] INFO  impl.MetricsSystemImpl (MetricsSystemImpl.java:startTimer(378)) - Scheduled Metric snapshot period at 10 second(s).
2021-10-28 03:01:44,003 [Listener at 0.0.0.0/13035] INFO  impl.MetricsSystemImpl (MetricsSystemImpl.java:start(191)) - StorageContainerManager metrics system started
2021-10-28 03:01:44,026 [Listener at 0.0.0.0/13035] INFO  impl.MetricsSinkAdapter (MetricsSinkAdapter.java:start(204)) - Sink prometheus started
2021-10-28 03:01:44,027 [Listener at 0.0.0.0/13035] INFO  impl.MetricsSystemImpl (MetricsSystemImpl.java:registerSink(305)) - Registered sink prometheus
2021-10-28 03:01:44,117 [Listener at 0.0.0.0/13035] INFO  server.SCMClientProtocolServer (SCMClientProtocolServer.java:start(164)) - RPC server for Client  is listening at /0.0.0.0:13035
2021-10-28 03:01:44,131 [IPC Server Responder] INFO  ipc.Server (Server.java:run(1507)) - IPC Server Responder: starting
2021-10-28 03:01:44,161 [IPC Server listener on 13035] INFO  ipc.Server (Server.java:run(1344)) - IPC Server listener on 13035: starting
2021-10-28 03:01:44,208 [EndpointStateMachine task thread for /127.0.0.1:12209 - 0 ] INFO  ipc.Client (Client.java:handleConnectionFailure(977)) - Retrying connect to server: localhost/127.0.0.1:12209. Already tried 6 time(s); retry policy is RetryUpToMaximumCountWithFixedSleep(maxRetries=15, sleepTime=1000 MILLISECONDS)
2021-10-28 03:01:44,282 [Listener at 0.0.0.0/13035] INFO  server.StorageContainerManager (StorageContainerManager.java:start(1318)) - ScmBlockLocationProtocol RPC server is listening at /0.0.0.0:13034
2021-10-28 03:01:44,282 [Listener at 0.0.0.0/13035] INFO  server.SCMBlockProtocolServer (SCMBlockProtocolServer.java:start(151)) - RPC server for Block Protocol is listening at /0.0.0.0:13034
2021-10-28 03:01:44,283 [IPC Server Responder] INFO  ipc.Server (Server.java:run(1507)) - IPC Server Responder: starting
2021-10-28 03:01:44,301 [IPC Server listener on 13034] INFO  ipc.Server (Server.java:run(1344)) - IPC Server listener on 13034: starting
2021-10-28 03:01:44,494 [Listener at 0.0.0.0/13035] INFO  server.StorageContainerManager (StorageContainerManager.java:start(1324)) - ScmDatanodeProtocl RPC server is listening at /0.0.0.0:13033
2021-10-28 03:01:44,496 [Listener at 0.0.0.0/13035] INFO  http.BaseHttpServer (BaseHttpServer.java:newHttpServer2BuilderForOzone(209)) - Starting Web-server for scm at: http://0.0.0.0:13030
2021-10-28 03:01:44,496 [Listener at 0.0.0.0/13035] INFO  http.BaseHttpServer (BaseHttpServer.java:<init>(107)) - Hadoop Security Enabled: false Ozone Security Enabled: false Ozone HTTP Security Enabled: false 
2021-10-28 03:01:44,498 [Listener at 0.0.0.0/13035] INFO  server.AuthenticationFilter (AuthenticationFilter.java:constructSecretProvider(240)) - Unable to initialize FileSignerSecretProvider, falling back to use random secrets.
2021-10-28 03:01:44,500 [Listener at 0.0.0.0/13035] WARN  http.HttpRequestLog (HttpRequestLog.java:getRequestLog(103)) - Jetty request log can only be enabled using Log4j
2021-10-28 03:01:44,501 [Listener at 0.0.0.0/13035] INFO  http.HttpServer2 (HttpServer2.java:addGlobalFilter(1030)) - Added global filter 'safety' (class=org.apache.hadoop.hdds.server.http.HttpServer2$QuotingInputFilter)
2021-10-28 03:01:44,501 [Listener at 0.0.0.0/13035] INFO  http.HttpServer2 (HttpServer2.java:addFilter(1006)) - Added filter static_user_filter (class=org.apache.hadoop.http.lib.StaticUserWebFilter$StaticUserFilter) to context scm
2021-10-28 03:01:44,501 [Listener at 0.0.0.0/13035] INFO  http.HttpServer2 (HttpServer2.java:addFilter(1014)) - Added filter static_user_filter (class=org.apache.hadoop.http.lib.StaticUserWebFilter$StaticUserFilter) to context logs
2021-10-28 03:01:44,502 [Listener at 0.0.0.0/13035] INFO  http.HttpServer2 (HttpServer2.java:addFilter(1014)) - Added filter static_user_filter (class=org.apache.hadoop.http.lib.StaticUserWebFilter$StaticUserFilter) to context static
2021-10-28 03:01:44,502 [Listener at 0.0.0.0/13035] INFO  http.HttpServer2 (HttpServer2.java:bindListener(1249)) - Jetty bound to port 13030
2021-10-28 03:01:44,502 [Listener at 0.0.0.0/13035] INFO  server.Server (Server.java:doStart(375)) - jetty-9.4.43.v20210629; built: 2021-06-30T11:07:22.254Z; git: 526006ecfa3af7f1a27ef3a288e2bef7ea9dd7e8; jvm 1.8.0_292-b10
2021-10-28 03:01:44,516 [Listener at 0.0.0.0/13035] INFO  server.session (DefaultSessionIdManager.java:doStart(334)) - DefaultSessionIdManager workerName=node0
2021-10-28 03:01:44,516 [Listener at 0.0.0.0/13035] INFO  server.session (DefaultSessionIdManager.java:doStart(339)) - No SessionScavenger set, using defaults
2021-10-28 03:01:44,516 [Listener at 0.0.0.0/13035] INFO  server.session (HouseKeeper.java:startScavenging(132)) - node0 Scavenging every 660000ms
2021-10-28 03:01:44,527 [Listener at 0.0.0.0/13035] INFO  handler.ContextHandler (ContextHandler.java:doStart(915)) - Started o.e.j.s.ServletContextHandler@d449064{logs,/logs,file:///home/runner/work/ozone/ozone/hadoop-ozone/integration-test/target/log,AVAILABLE}
2021-10-28 03:01:44,527 [Listener at 0.0.0.0/13035] INFO  handler.ContextHandler (ContextHandler.java:doStart(915)) - Started o.e.j.s.ServletContextHandler@696fbbdf{static,/static,file:///home/runner/work/ozone/ozone/hadoop-ozone/integration-test/target/test-classes/webapps/static,AVAILABLE}
2021-10-28 03:01:44,531 [org.apache.hadoop.util.JvmPauseMonitor$Monitor@4ba0ab66] INFO  util.JvmPauseMonitor (JvmPauseMonitor.java:run(188)) - Starting JVM pause monitor
2021-10-28 03:01:44,532 [Listener at 0.0.0.0/13035] INFO  handler.ContextHandler (ContextHandler.java:doStart(915)) - Started o.e.j.w.WebAppContext@30cd738c{scm,/,file:///home/runner/work/ozone/ozone/hadoop-ozone/integration-test/target/test-classes/webapps/scm/,AVAILABLE}{file:/home/runner/work/ozone/ozone/hadoop-ozone/integration-test/target/test-classes/webapps/scm}
2021-10-28 03:01:44,535 [Listener at 0.0.0.0/13035] INFO  server.AbstractConnector (AbstractConnector.java:doStart(331)) - Started ServerConnector@4b4989f6{HTTP/1.1, (http/1.1)}{0.0.0.0:13030}
2021-10-28 03:01:44,536 [Listener at 0.0.0.0/13035] INFO  server.Server (Server.java:doStart(415)) - Started @137099ms
2021-10-28 03:01:44,536 [Listener at 0.0.0.0/13035] WARN  impl.MetricsSystemImpl (MetricsSystemImpl.java:register(279)) - Sink prometheus already exists!
2021-10-28 03:01:44,537 [Listener at 0.0.0.0/13035] INFO  http.BaseHttpServer (BaseHttpServer.java:updateConnectorAddress(329)) - HTTP server of scm listening at http://0.0.0.0:13030
2021-10-28 03:01:44,537 [Listener at 0.0.0.0/13035] INFO  ozone.MiniOzoneHAClusterImpl (MiniOzoneHAClusterImpl.java:createSCMService(564)) - Started SCM RPC server at org.apache.hadoop.hdds.scm.server.SCMClientProtocolServer@532b06f3
2021-10-28 03:01:44,538 [Listener at 0.0.0.0/13035] INFO  ha.SCMHANodeDetails (SCMHANodeDetails.java:loadSCMHAConfig(157)) - ServiceID for StorageContainerManager is scm-service-test1
2021-10-28 03:01:44,538 [Listener at 0.0.0.0/13035] INFO  ha.SCMHANodeDetails (SCMHANodeDetails.java:loadSCMHAConfig(168)) - ServiceID for StorageContainerManager is scm-service-test1
2021-10-28 03:01:44,538 [Listener at 0.0.0.0/13035] WARN  scm.ScmUtils (ScmUtils.java:logWarn(179)) - ConfigKey ozone.scm.block.client.address is deprecated, For configuring different ports for each SCM use PortConfigKey ozone.scm.block.client.port appended with serviceId and nodeId. If want to configure same port configure ozone.scm.block.client.port
2021-10-28 03:01:44,538 [Listener at 0.0.0.0/13035] WARN  scm.ScmUtils (ScmUtils.java:logWarn(179)) - ConfigKey ozone.scm.client.address is deprecated, For configuring different ports for each SCM use PortConfigKey ozone.scm.client.port appended with serviceId and nodeId. If want to configure same port configure ozone.scm.client.port
2021-10-28 03:01:44,539 [Listener at 0.0.0.0/13035] WARN  scm.ScmUtils (ScmUtils.java:logWarn(179)) - ConfigKey ozone.scm.datanode.address is deprecated, For configuring different ports for each SCM use PortConfigKey ozone.scm.datanode.port appended with serviceId and nodeId. If want to configure same port configure ozone.scm.datanode.port
2021-10-28 03:01:44,539 [Listener at 0.0.0.0/13035] WARN  scm.ScmUtils (ScmUtils.java:logWarn(179)) - ConfigKey ozone.scm.block.client.address is deprecated, For configuring different ports for each SCM use PortConfigKey ozone.scm.block.client.port appended with serviceId and nodeId. If want to configure same port configure ozone.scm.block.client.port
2021-10-28 03:01:44,539 [Listener at 0.0.0.0/13035] WARN  scm.ScmUtils (ScmUtils.java:logWarn(179)) - ConfigKey ozone.scm.client.address is deprecated, For configuring different ports for each SCM use PortConfigKey ozone.scm.client.port appended with serviceId and nodeId. If want to configure same port configure ozone.scm.client.port
2021-10-28 03:01:44,539 [Listener at 0.0.0.0/13035] WARN  scm.ScmUtils (ScmUtils.java:logWarn(179)) - ConfigKey ozone.scm.datanode.address is deprecated, For configuring different ports for each SCM use PortConfigKey ozone.scm.datanode.port appended with serviceId and nodeId. If want to configure same port configure ozone.scm.datanode.port
2021-10-28 03:01:44,540 [Listener at 0.0.0.0/13035] INFO  ha.SCMHANodeDetails (SCMHANodeDetails.java:loadSCMHAConfig(250)) - Found matching SCM address with SCMServiceId: scm-service-test1, SCMNodeId: scmNode-2, RPC Address: localhost:13042 and Ratis port: 13042
2021-10-28 03:01:44,541 [Listener at 0.0.0.0/13035] INFO  ha.SCMHANodeDetails (ConfUtils.java:setNodeSpecificConfigs(108)) - Setting configuration key ozone.scm.datanode.address with value of key ozone.scm.datanode.address.scm-service-test1.scmNode-2: 127.0.0.1:13043
2021-10-28 03:01:44,541 [Listener at 0.0.0.0/13035] INFO  ha.SCMHANodeDetails (ConfUtils.java:setNodeSpecificConfigs(108)) - Setting configuration key ozone.scm.block.client.address with value of key ozone.scm.block.client.address.scm-service-test1.scmNode-2: 127.0.0.1:13044
2021-10-28 03:01:44,541 [Listener at 0.0.0.0/13035] INFO  ha.SCMHANodeDetails (ConfUtils.java:setNodeSpecificConfigs(108)) - Setting configuration key ozone.scm.client.address with value of key ozone.scm.client.address.scm-service-test1.scmNode-2: 127.0.0.1:13045
2021-10-28 03:01:44,541 [Listener at 0.0.0.0/13035] INFO  ha.SCMHANodeDetails (ConfUtils.java:setNodeSpecificConfigs(108)) - Setting configuration key ozone.scm.ratis.port with value of key ozone.scm.ratis.port.scm-service-test1.scmNode-2: 13042
2021-10-28 03:01:44,541 [Listener at 0.0.0.0/13035] INFO  ha.SCMHANodeDetails (ConfUtils.java:setNodeSpecificConfigs(108)) - Setting configuration key ozone.scm.grpc.port with value of key ozone.scm.grpc.port.scm-service-test1.scmNode-2: 13046
2021-10-28 03:01:44,541 [Listener at 0.0.0.0/13035] INFO  ha.SCMHANodeDetails (ConfUtils.java:setNodeSpecificConfigs(108)) - Setting configuration key ozone.scm.http-address with value of key ozone.scm.http-address.scm-service-test1.scmNode-2: 127.0.0.1:13040
2021-10-28 03:01:44,541 [Listener at 0.0.0.0/13035] INFO  ha.SCMHANodeDetails (ConfUtils.java:setNodeSpecificConfigs(108)) - Setting configuration key ozone.scm.https-address with value of key ozone.scm.https-address.scm-service-test1.scmNode-2: 127.0.0.1:13041
2021-10-28 03:01:44,541 [Listener at 0.0.0.0/13035] INFO  ha.SCMHANodeDetails (ConfUtils.java:setNodeSpecificConfigs(108)) - Setting configuration key ozone.scm.address with value of key ozone.scm.address.scm-service-test1.scmNode-2: 127.0.0.1
2021-10-28 03:01:44,542 [Listener at 0.0.0.0/13035] WARN  scm.ScmUtils (ScmUtils.java:logWarn(179)) - ConfigKey ozone.scm.block.client.address is deprecated, For configuring different ports for each SCM use PortConfigKey ozone.scm.block.client.port appended with serviceId and nodeId. If want to configure same port configure ozone.scm.block.client.port
2021-10-28 03:01:44,542 [Listener at 0.0.0.0/13035] WARN  scm.ScmUtils (ScmUtils.java:logWarn(179)) - ConfigKey ozone.scm.client.address is deprecated, For configuring different ports for each SCM use PortConfigKey ozone.scm.client.port appended with serviceId and nodeId. If want to configure same port configure ozone.scm.client.port
2021-10-28 03:01:44,546 [Listener at 0.0.0.0/13035] WARN  scm.ScmUtils (ScmUtils.java:logWarn(179)) - ConfigKey ozone.scm.datanode.address is deprecated, For configuring different ports for each SCM use PortConfigKey ozone.scm.datanode.port appended with serviceId and nodeId. If want to configure same port configure ozone.scm.datanode.port
2021-10-28 03:01:44,546 [Listener at 0.0.0.0/13035] WARN  server.ServerUtils (ServerUtils.java:getScmDbDir(148)) - ozone.scm.db.dirs is not configured. We recommend adding this setting. Falling back to ozone.metadata.dirs instead.
2021-10-28 03:01:44,554 [Listener at 0.0.0.0/13035] INFO  ha.SCMNodeInfo (SCMNodeInfo.java:getPort(197)) - ConfigKey ozone.scm.client.address is deprecated, For configuring different ports for each SCM use PortConfigKey ozone.scm.client.port appended with serviceId and nodeId
2021-10-28 03:01:44,554 [Listener at 0.0.0.0/13035] INFO  ha.SCMNodeInfo (SCMNodeInfo.java:getPort(197)) - ConfigKey ozone.scm.block.client.address is deprecated, For configuring different ports for each SCM use PortConfigKey ozone.scm.block.client.port appended with serviceId and nodeId
2021-10-28 03:01:44,554 [Listener at 0.0.0.0/13035] INFO  ha.SCMNodeInfo (SCMNodeInfo.java:getPort(197)) - ConfigKey ozone.scm.datanode.address is deprecated, For configuring different ports for each SCM use PortConfigKey ozone.scm.datanode.port appended with serviceId and nodeId
2021-10-28 03:01:44,554 [Listener at 0.0.0.0/13035] INFO  ha.SCMNodeInfo (SCMNodeInfo.java:getPort(197)) - ConfigKey ozone.scm.client.address is deprecated, For configuring different ports for each SCM use PortConfigKey ozone.scm.client.port appended with serviceId and nodeId
2021-10-28 03:01:44,555 [Listener at 0.0.0.0/13035] INFO  ha.SCMNodeInfo (SCMNodeInfo.java:getPort(197)) - ConfigKey ozone.scm.block.client.address is deprecated, For configuring different ports for each SCM use PortConfigKey ozone.scm.block.client.port appended with serviceId and nodeId
2021-10-28 03:01:44,555 [Listener at 0.0.0.0/13035] INFO  ha.SCMNodeInfo (SCMNodeInfo.java:getPort(197)) - ConfigKey ozone.scm.datanode.address is deprecated, For configuring different ports for each SCM use PortConfigKey ozone.scm.datanode.port appended with serviceId and nodeId
2021-10-28 03:01:44,555 [Listener at 0.0.0.0/13035] INFO  ha.SCMNodeInfo (SCMNodeInfo.java:getPort(197)) - ConfigKey ozone.scm.client.address is deprecated, For configuring different ports for each SCM use PortConfigKey ozone.scm.client.port appended with serviceId and nodeId
2021-10-28 03:01:44,555 [Listener at 0.0.0.0/13035] INFO  ha.SCMNodeInfo (SCMNodeInfo.java:getPort(197)) - ConfigKey ozone.scm.block.client.address is deprecated, For configuring different ports for each SCM use PortConfigKey ozone.scm.block.client.port appended with serviceId and nodeId
2021-10-28 03:01:44,555 [Listener at 0.0.0.0/13035] INFO  ha.SCMNodeInfo (SCMNodeInfo.java:getPort(197)) - ConfigKey ozone.scm.datanode.address is deprecated, For configuring different ports for each SCM use PortConfigKey ozone.scm.datanode.port appended with serviceId and nodeId
2021-10-28 03:01:44,672 [EndpointStateMachine task thread for /127.0.0.1:13033 - 0 ] INFO  ipc.Client (Client.java:handleConnectionFailure(977)) - Retrying connect to server: localhost/127.0.0.1:13033. Already tried 5 time(s); retry policy is RetryUpToMaximumCountWithFixedSleep(maxRetries=15, sleepTime=1000 MILLISECONDS)
2021-10-28 03:01:44,673 [EndpointStateMachine task thread for /127.0.0.1:13023 - 0 ] INFO  ipc.Client (Client.java:handleConnectionFailure(977)) - Retrying connect to server: localhost/127.0.0.1:13023. Already tried 5 time(s); retry policy is RetryUpToMaximumCountWithFixedSleep(maxRetries=15, sleepTime=1000 MILLISECONDS)
2021-10-28 03:01:44,673 [EndpointStateMachine task thread for /127.0.0.1:13013 - 0 ] INFO  ipc.Client (Client.java:handleConnectionFailure(977)) - Retrying connect to server: localhost/127.0.0.1:13013. Already tried 5 time(s); retry policy is RetryUpToMaximumCountWithFixedSleep(maxRetries=15, sleepTime=1000 MILLISECONDS)
2021-10-28 03:01:44,865 [EndpointStateMachine task thread for /127.0.0.1:12199 - 0 ] INFO  ipc.Client (Client.java:handleConnectionFailure(977)) - Retrying connect to server: localhost/127.0.0.1:12199. Already tried 10 time(s); retry policy is RetryUpToMaximumCountWithFixedSleep(maxRetries=15, sleepTime=1000 MILLISECONDS)
2021-10-28 03:01:44,865 [EndpointStateMachine task thread for /127.0.0.1:12189 - 0 ] INFO  ipc.Client (Client.java:handleConnectionFailure(977)) - Retrying connect to server: localhost/127.0.0.1:12189. Already tried 10 time(s); retry policy is RetryUpToMaximumCountWithFixedSleep(maxRetries=15, sleepTime=1000 MILLISECONDS)
2021-10-28 03:01:45,208 [EndpointStateMachine task thread for /127.0.0.1:12209 - 0 ] INFO  ipc.Client (Client.java:handleConnectionFailure(977)) - Retrying connect to server: localhost/127.0.0.1:12209. Already tried 7 time(s); retry policy is RetryUpToMaximumCountWithFixedSleep(maxRetries=15, sleepTime=1000 MILLISECONDS)
2021-10-28 03:01:45,673 [EndpointStateMachine task thread for /127.0.0.1:13023 - 0 ] INFO  ipc.Client (Client.java:handleConnectionFailure(977)) - Retrying connect to server: localhost/127.0.0.1:13023. Already tried 6 time(s); retry policy is RetryUpToMaximumCountWithFixedSleep(maxRetries=15, sleepTime=1000 MILLISECONDS)
2021-10-28 03:01:45,674 [EndpointStateMachine task thread for /127.0.0.1:13013 - 0 ] INFO  ipc.Client (Client.java:handleConnectionFailure(977)) - Retrying connect to server: localhost/127.0.0.1:13013. Already tried 6 time(s); retry policy is RetryUpToMaximumCountWithFixedSleep(maxRetries=15, sleepTime=1000 MILLISECONDS)
2021-10-28 03:01:45,865 [EndpointStateMachine task thread for /127.0.0.1:12199 - 0 ] INFO  ipc.Client (Client.java:handleConnectionFailure(977)) - Retrying connect to server: localhost/127.0.0.1:12199. Already tried 11 time(s); retry policy is RetryUpToMaximumCountWithFixedSleep(maxRetries=15, sleepTime=1000 MILLISECONDS)
2021-10-28 03:01:45,868 [EndpointStateMachine task thread for /127.0.0.1:12189 - 0 ] INFO  ipc.Client (Client.java:handleConnectionFailure(977)) - Retrying connect to server: localhost/127.0.0.1:12189. Already tried 11 time(s); retry policy is RetryUpToMaximumCountWithFixedSleep(maxRetries=15, sleepTime=1000 MILLISECONDS)
2021-10-28 03:01:46,209 [EndpointStateMachine task thread for /127.0.0.1:12209 - 0 ] INFO  ipc.Client (Client.java:handleConnectionFailure(977)) - Retrying connect to server: localhost/127.0.0.1:12209. Already tried 8 time(s); retry policy is RetryUpToMaximumCountWithFixedSleep(maxRetries=15, sleepTime=1000 MILLISECONDS)
2021-10-28 03:01:46,624 [Listener at 0.0.0.0/13035] INFO  retry.RetryInvocationHandler (RetryInvocationHandler.java:log(411)) - com.google.protobuf.ServiceException: java.net.ConnectException: Call From fv-az184-410/10.1.0.63 to localhost:13044 failed on connection exception: java.net.ConnectException: Connection refused; For more details see:  http://wiki.apache.org/hadoop/ConnectionRefused, while invoking $Proxy39.send over nodeId=scmNode-2,nodeAddress=/127.0.0.1:13044 after 1 failover attempts. Trying to failover after sleeping for 2000ms.
2021-10-28 03:01:46,673 [EndpointStateMachine task thread for /127.0.0.1:13023 - 0 ] INFO  ipc.Client (Client.java:handleConnectionFailure(977)) - Retrying connect to server: localhost/127.0.0.1:13023. Already tried 7 time(s); retry policy is RetryUpToMaximumCountWithFixedSleep(maxRetries=15, sleepTime=1000 MILLISECONDS)
2021-10-28 03:01:46,674 [EndpointStateMachine task thread for /127.0.0.1:13013 - 0 ] INFO  ipc.Client (Client.java:handleConnectionFailure(977)) - Retrying connect to server: localhost/127.0.0.1:13013. Already tried 7 time(s); retry policy is RetryUpToMaximumCountWithFixedSleep(maxRetries=15, sleepTime=1000 MILLISECONDS)
2021-10-28 03:01:46,867 [EndpointStateMachine task thread for /127.0.0.1:12199 - 0 ] INFO  ipc.Client (Client.java:handleConnectionFailure(977)) - Retrying connect to server: localhost/127.0.0.1:12199. Already tried 12 time(s); retry policy is RetryUpToMaximumCountWithFixedSleep(maxRetries=15, sleepTime=1000 MILLISECONDS)
2021-10-28 03:01:46,870 [EndpointStateMachine task thread for /127.0.0.1:12189 - 0 ] INFO  ipc.Client (Client.java:handleConnectionFailure(977)) - Retrying connect to server: localhost/127.0.0.1:12189. Already tried 12 time(s); retry policy is RetryUpToMaximumCountWithFixedSleep(maxRetries=15, sleepTime=1000 MILLISECONDS)
2021-10-28 03:01:47,210 [EndpointStateMachine task thread for /127.0.0.1:12209 - 0 ] INFO  ipc.Client (Client.java:handleConnectionFailure(977)) - Retrying connect to server: localhost/127.0.0.1:12209. Already tried 9 time(s); retry policy is RetryUpToMaximumCountWithFixedSleep(maxRetries=15, sleepTime=1000 MILLISECONDS)
2021-10-28 03:01:47,675 [EndpointStateMachine task thread for /127.0.0.1:13023 - 0 ] INFO  ipc.Client (Client.java:handleConnectionFailure(977)) - Retrying connect to server: localhost/127.0.0.1:13023. Already tried 8 time(s); retry policy is RetryUpToMaximumCountWithFixedSleep(maxRetries=15, sleepTime=1000 MILLISECONDS)
2021-10-28 03:01:47,675 [EndpointStateMachine task thread for /127.0.0.1:13013 - 0 ] INFO  ipc.Client (Client.java:handleConnectionFailure(977)) - Retrying connect to server: localhost/127.0.0.1:13013. Already tried 8 time(s); retry policy is RetryUpToMaximumCountWithFixedSleep(maxRetries=15, sleepTime=1000 MILLISECONDS)
2021-10-28 03:01:47,867 [EndpointStateMachine task thread for /127.0.0.1:12199 - 0 ] INFO  ipc.Client (Client.java:handleConnectionFailure(977)) - Retrying connect to server: localhost/127.0.0.1:12199. Already tried 13 time(s); retry policy is RetryUpToMaximumCountWithFixedSleep(maxRetries=15, sleepTime=1000 MILLISECONDS)
2021-10-28 03:01:47,871 [EndpointStateMachine task thread for /127.0.0.1:12189 - 0 ] INFO  ipc.Client (Client.java:handleConnectionFailure(977)) - Retrying connect to server: localhost/127.0.0.1:12189. Already tried 13 time(s); retry policy is RetryUpToMaximumCountWithFixedSleep(maxRetries=15, sleepTime=1000 MILLISECONDS)
2021-10-28 03:01:48,210 [EndpointStateMachine task thread for /127.0.0.1:12209 - 0 ] INFO  ipc.Client (Client.java:handleConnectionFailure(977)) - Retrying connect to server: localhost/127.0.0.1:12209. Already tried 10 time(s); retry policy is RetryUpToMaximumCountWithFixedSleep(maxRetries=15, sleepTime=1000 MILLISECONDS)
2021-10-28 03:01:48,626 [Listener at 0.0.0.0/13035] INFO  retry.RetryInvocationHandler (RetryInvocationHandler.java:log(411)) - com.google.protobuf.ServiceException: java.net.ConnectException: Call From fv-az184-410/10.1.0.63 to localhost:13054 failed on connection exception: java.net.ConnectException: Connection refused; For more details see:  http://wiki.apache.org/hadoop/ConnectionRefused, while invoking $Proxy39.send over nodeId=scmNode-3,nodeAddress=/127.0.0.1:13054 after 2 failover attempts. Trying to failover after sleeping for 2000ms.
2021-10-28 03:01:48,675 [EndpointStateMachine task thread for /127.0.0.1:13023 - 0 ] INFO  ipc.Client (Client.java:handleConnectionFailure(977)) - Retrying connect to server: localhost/127.0.0.1:13023. Already tried 9 time(s); retry policy is RetryUpToMaximumCountWithFixedSleep(maxRetries=15, sleepTime=1000 MILLISECONDS)
2021-10-28 03:01:48,676 [EndpointStateMachine task thread for /127.0.0.1:13013 - 0 ] INFO  ipc.Client (Client.java:handleConnectionFailure(977)) - Retrying connect to server: localhost/127.0.0.1:13013. Already tried 9 time(s); retry policy is RetryUpToMaximumCountWithFixedSleep(maxRetries=15, sleepTime=1000 MILLISECONDS)
2021-10-28 03:01:48,868 [EndpointStateMachine task thread for /127.0.0.1:12199 - 0 ] INFO  ipc.Client (Client.java:handleConnectionFailure(977)) - Retrying connect to server: localhost/127.0.0.1:12199. Already tried 14 time(s); retry policy is RetryUpToMaximumCountWithFixedSleep(maxRetries=15, sleepTime=1000 MILLISECONDS)
2021-10-28 03:01:48,871 [EndpointStateMachine task thread for /127.0.0.1:12189 - 0 ] INFO  ipc.Client (Client.java:handleConnectionFailure(977)) - Retrying connect to server: localhost/127.0.0.1:12189. Already tried 14 time(s); retry policy is RetryUpToMaximumCountWithFixedSleep(maxRetries=15, sleepTime=1000 MILLISECONDS)
2021-10-28 03:01:49,058 [6dac361e-3d50-41be-ba36-b7bec097cbe9@group-390751046F7B-FollowerState] INFO  impl.FollowerState (FollowerState.java:run(134)) - 6dac361e-3d50-41be-ba36-b7bec097cbe9@group-390751046F7B-FollowerState: change to CANDIDATE, lastRpcElapsedTime:5106792167ns, electionTimeout:5093ms
2021-10-28 03:01:49,058 [6dac361e-3d50-41be-ba36-b7bec097cbe9@group-390751046F7B-FollowerState] INFO  impl.RoleInfo (RoleInfo.java:shutdownFollowerState(108)) - 6dac361e-3d50-41be-ba36-b7bec097cbe9: shutdown 6dac361e-3d50-41be-ba36-b7bec097cbe9@group-390751046F7B-FollowerState
2021-10-28 03:01:49,059 [6dac361e-3d50-41be-ba36-b7bec097cbe9@group-390751046F7B-FollowerState] INFO  server.RaftServer$Division (RaftServerImpl.java:setRole(290)) - 6dac361e-3d50-41be-ba36-b7bec097cbe9@group-390751046F7B: changes role from  FOLLOWER to CANDIDATE at term 1 for changeToCandidate
2021-10-28 03:01:49,059 [6dac361e-3d50-41be-ba36-b7bec097cbe9@group-390751046F7B-FollowerState] INFO  server.RaftServerConfigKeys (ConfUtils.java:logGet(44)) - raft.server.leaderelection.pre-vote = false (custom)
2021-10-28 03:01:49,059 [6dac361e-3d50-41be-ba36-b7bec097cbe9@group-390751046F7B-FollowerState] INFO  impl.RoleInfo (RoleInfo.java:updateAndGet(130)) - 6dac361e-3d50-41be-ba36-b7bec097cbe9: start 6dac361e-3d50-41be-ba36-b7bec097cbe9@group-390751046F7B-LeaderElection32
2021-10-28 03:01:49,089 [6dac361e-3d50-41be-ba36-b7bec097cbe9@group-390751046F7B-LeaderElection32] INFO  impl.LeaderElection (LeaderElection.java:askForVotes(306)) - 6dac361e-3d50-41be-ba36-b7bec097cbe9@group-390751046F7B-LeaderElection32 ELECTION round 0: submit vote requests at term 2 for 0: [6dac361e-3d50-41be-ba36-b7bec097cbe9|rpc:localhost:13032|admin:|client:|dataStream:|priority:0], old=null
2021-10-28 03:01:49,089 [6dac361e-3d50-41be-ba36-b7bec097cbe9@group-390751046F7B-LeaderElection32] INFO  impl.LeaderElection (LeaderElection.java:askForVotes(308)) - 6dac361e-3d50-41be-ba36-b7bec097cbe9@group-390751046F7B-LeaderElection32 ELECTION round 0: result PASSED (term=2)
2021-10-28 03:01:49,089 [6dac361e-3d50-41be-ba36-b7bec097cbe9@group-390751046F7B-LeaderElection32] INFO  impl.RoleInfo (RoleInfo.java:shutdownLeaderElection(121)) - 6dac361e-3d50-41be-ba36-b7bec097cbe9: shutdown 6dac361e-3d50-41be-ba36-b7bec097cbe9@group-390751046F7B-LeaderElection32
2021-10-28 03:01:49,089 [6dac361e-3d50-41be-ba36-b7bec097cbe9@group-390751046F7B-LeaderElection32] INFO  server.RaftServer$Division (RaftServerImpl.java:setRole(290)) - 6dac361e-3d50-41be-ba36-b7bec097cbe9@group-390751046F7B: changes role from CANDIDATE to LEADER at term 2 for changeToLeader
2021-10-28 03:01:49,089 [6dac361e-3d50-41be-ba36-b7bec097cbe9@group-390751046F7B-LeaderElection32] INFO  ha.SCMStateMachine (SCMStateMachine.java:notifyLeaderChanged(252)) - current SCM becomes leader of term 2.
2021-10-28 03:01:49,090 [6dac361e-3d50-41be-ba36-b7bec097cbe9@group-390751046F7B-LeaderElection32] INFO  ha.SCMContext (SCMContext.java:updateLeaderAndTerm(88)) - update <isLeader,term> from <false,0> to <true,2>
2021-10-28 03:01:49,090 [6dac361e-3d50-41be-ba36-b7bec097cbe9@group-390751046F7B-LeaderElection32] INFO  server.RaftServer$Division (ServerState.java:setLeader(285)) - 6dac361e-3d50-41be-ba36-b7bec097cbe9@group-390751046F7B: change Leader from null to 6dac361e-3d50-41be-ba36-b7bec097cbe9 at term 2 for becomeLeader, leader elected after 5334ms
2021-10-28 03:01:49,090 [6dac361e-3d50-41be-ba36-b7bec097cbe9@group-390751046F7B-LeaderElection32] INFO  server.RaftServerConfigKeys (ConfUtils.java:logGet(44)) - raft.server.staging.catchup.gap = 1000 (default)
2021-10-28 03:01:49,090 [6dac361e-3d50-41be-ba36-b7bec097cbe9@group-390751046F7B-LeaderElection32] INFO  server.RaftServerConfigKeys (ConfUtils.java:logGet(44)) - raft.server.write.element-limit = 4096 (default)
2021-10-28 03:01:49,090 [6dac361e-3d50-41be-ba36-b7bec097cbe9@group-390751046F7B-LeaderElection32] INFO  server.RaftServerConfigKeys (ConfUtils.java:logGet(44)) - raft.server.write.byte-limit = 64MB (=67108864) (default)
2021-10-28 03:01:49,090 [6dac361e-3d50-41be-ba36-b7bec097cbe9@group-390751046F7B-LeaderElection32] INFO  server.RaftServerConfigKeys (ConfUtils.java:logGet(44)) - raft.server.watch.timeout = 10s (default)
2021-10-28 03:01:49,090 [6dac361e-3d50-41be-ba36-b7bec097cbe9@group-390751046F7B-LeaderElection32] INFO  server.RaftServerConfigKeys (ConfUtils.java:logGet(44)) - raft.server.watch.timeout.denomination = 1s (default)
2021-10-28 03:01:49,090 [6dac361e-3d50-41be-ba36-b7bec097cbe9@group-390751046F7B-LeaderElection32] INFO  server.RaftServerConfigKeys (ConfUtils.java:logGet(44)) - raft.server.watch.element-limit = 65536 (default)
2021-10-28 03:01:49,090 [6dac361e-3d50-41be-ba36-b7bec097cbe9@group-390751046F7B-LeaderElection32] INFO  server.RaftServerConfigKeys (ConfUtils.java:logGet(44)) - raft.server.write.element-limit = 4096 (default)
2021-10-28 03:01:49,090 [6dac361e-3d50-41be-ba36-b7bec097cbe9@group-390751046F7B-LeaderElection32] INFO  server.RaftServerConfigKeys (ConfUtils.java:logGet(44)) - raft.server.write.follower.gap.ratio.max = -1.0 (default)
2021-10-28 03:01:49,090 [6dac361e-3d50-41be-ba36-b7bec097cbe9@group-390751046F7B-LeaderElection32] INFO  impl.RoleInfo (RoleInfo.java:updateAndGet(130)) - 6dac361e-3d50-41be-ba36-b7bec097cbe9: start 6dac361e-3d50-41be-ba36-b7bec097cbe9@group-390751046F7B-LeaderStateImpl
2021-10-28 03:01:49,091 [6dac361e-3d50-41be-ba36-b7bec097cbe9@group-390751046F7B-LeaderElection32] INFO  segmented.SegmentedRaftLogWorker (SegmentedRaftLogWorker.java:rollLogSegment(399)) - 6dac361e-3d50-41be-ba36-b7bec097cbe9@group-390751046F7B-SegmentedRaftLogWorker: Rolling segment log-0_0 to index:0
2021-10-28 03:01:49,113 [6dac361e-3d50-41be-ba36-b7bec097cbe9@group-390751046F7B-SegmentedRaftLogWorker] INFO  segmented.SegmentedRaftLogWorker (SegmentedRaftLogWorker.java:execute(558)) - 6dac361e-3d50-41be-ba36-b7bec097cbe9@group-390751046F7B-SegmentedRaftLogWorker: Rolled log segment from /home/runner/work/ozone/ozone/hadoop-ozone/integration-test/target/test-dir/MiniOzoneClusterImpl-701359f1-d346-43a7-a18b-390751046f7b/scmNode-1/scm-ha/701359f1-d346-43a7-a18b-390751046f7b/current/log_inprogress_0 to /home/runner/work/ozone/ozone/hadoop-ozone/integration-test/target/test-dir/MiniOzoneClusterImpl-701359f1-d346-43a7-a18b-390751046f7b/scmNode-1/scm-ha/701359f1-d346-43a7-a18b-390751046f7b/current/log_0-0
2021-10-28 03:01:49,118 [6dac361e-3d50-41be-ba36-b7bec097cbe9@group-390751046F7B-LeaderElection32] INFO  server.RaftServer$Division (ServerState.java:setRaftConf(387)) - 6dac361e-3d50-41be-ba36-b7bec097cbe9@group-390751046F7B: set configuration 1: [6dac361e-3d50-41be-ba36-b7bec097cbe9|rpc:localhost:13032|admin:|client:|dataStream:|priority:0], old=null
2021-10-28 03:01:49,130 [6dac361e-3d50-41be-ba36-b7bec097cbe9@group-390751046F7B-SegmentedRaftLogWorker] INFO  segmented.SegmentedRaftLogWorker (SegmentedRaftLogWorker.java:execute(601)) - 6dac361e-3d50-41be-ba36-b7bec097cbe9@group-390751046F7B-SegmentedRaftLogWorker: created new log segment /home/runner/work/ozone/ozone/hadoop-ozone/integration-test/target/test-dir/MiniOzoneClusterImpl-701359f1-d346-43a7-a18b-390751046f7b/scmNode-1/scm-ha/701359f1-d346-43a7-a18b-390751046f7b/current/log_inprogress_1
2021-10-28 03:01:49,136 [6dac361e-3d50-41be-ba36-b7bec097cbe9@group-390751046F7B-StateMachineUpdater] INFO  ha.SCMContext (SCMContext.java:setLeaderReady(115)) - update <isLeaderReady> from <false> to <true>
2021-10-28 03:01:49,142 [6dac361e-3d50-41be-ba36-b7bec097cbe9@group-390751046F7B-StateMachineUpdater] INFO  pipeline.BackgroundPipelineCreator (BackgroundPipelineCreator.java:notifyStatusChanged(264)) - Service BackgroundPipelineCreator transitions to RUNNING.
2021-10-28 03:01:49,147 [6dac361e-3d50-41be-ba36-b7bec097cbe9@group-390751046F7B-StateMachineUpdater] INFO  safemode.HealthyPipelineSafeModeRule (HealthyPipelineSafeModeRule.java:initializeRule(152)) - Refreshed total pipeline count is 0, healthy pipeline threshold count is 1
2021-10-28 03:01:49,147 [6dac361e-3d50-41be-ba36-b7bec097cbe9@group-390751046F7B-StateMachineUpdater] INFO  safemode.ContainerSafeModeRule (ContainerSafeModeRule.java:reInitializeRule(177)) - Refreshed one replica container threshold 0, currentThreshold 0
2021-10-28 03:01:49,147 [6dac361e-3d50-41be-ba36-b7bec097cbe9@group-390751046F7B-StateMachineUpdater] INFO  safemode.OneReplicaPipelineSafeModeRule (OneReplicaPipelineSafeModeRule.java:initializeRule(176)) - Refreshed Total pipeline count is 0, pipeline's with at least one datanode reported threshold count is 0
2021-10-28 03:01:49,147 [6dac361e-3d50-41be-ba36-b7bec097cbe9@group-390751046F7B-StateMachineUpdater] INFO  server.SCMDatanodeProtocolServer (SCMDatanodeProtocolServer.java:start(181)) - RPC server for DataNodes is listening at /0.0.0.0:13033
2021-10-28 03:01:49,179 [IPC Server listener on 13033] INFO  ipc.Server (Server.java:run(1344)) - IPC Server listener on 13033: starting
2021-10-28 03:01:49,211 [EndpointStateMachine task thread for /127.0.0.1:12209 - 0 ] INFO  ipc.Client (Client.java:handleConnectionFailure(977)) - Retrying connect to server: localhost/127.0.0.1:12209. Already tried 11 time(s); retry policy is RetryUpToMaximumCountWithFixedSleep(maxRetries=15, sleepTime=1000 MILLISECONDS)
2021-10-28 03:01:49,220 [IPC Server Responder] INFO  ipc.Server (Server.java:run(1507)) - IPC Server Responder: starting
2021-10-28 03:01:49,226 [IPC Server handler 0 on default port 13033] INFO  net.NetworkTopologyImpl (NetworkTopologyImpl.java:add(112)) - Added a new node: /default-rack/0407a78f-ad08-47e3-8908-83ce4336dc50
2021-10-28 03:01:49,226 [IPC Server handler 0 on default port 13033] INFO  node.SCMNodeManager (SCMNodeManager.java:register(389)) - Registered Data node : 0407a78f-ad08-47e3-8908-83ce4336dc50{ip: 127.0.0.1, host: localhost, ports: [REPLICATION=44407, RATIS=33085, RATIS_ADMIN=33085, RATIS_SERVER=33085, STANDALONE=43211], networkLocation: /default-rack, certSerialId: null, persistedOpState: null, persistedOpStateExpiryEpochSec: 0}
2021-10-28 03:01:49,231 [EventQueue-NewNodeForNewNodeHandler] INFO  pipeline.BackgroundPipelineCreator (BackgroundPipelineCreator.java:notifyEventTriggered(285)) - trigger a one-shot run on RatisPipelineUtilsThread.
2021-10-28 03:01:49,231 [RatisPipelineUtilsThread - 0] ERROR pipeline.PipelineProvider (PipelineProvider.java:pickNodesNotUsed(92)) - Unable to find enough nodes that meet the space requirement of 1073741824 bytes for metadata and 5368709120 bytes for data in healthy node set. Nodes required: 1 Found: 0
2021-10-28 03:01:49,232 [EventQueue-NodeRegistrationContainerReportForDataNodeSafeModeRule] INFO  safemode.SCMSafeModeManager (DataNodeSafeModeRule.java:process(71)) - SCM in safe mode. 1 DataNodes registered, 3 required.
2021-10-28 03:01:49,239 [EventQueue-NodeRegistrationContainerReportForContainerSafeModeRule] INFO  safemode.SCMSafeModeManager (SCMSafeModeManager.java:validateSafeModeExitRules(204)) - ContainerSafeModeRule rule is successfully validated
2021-10-28 03:01:49,250 [EventQueue-PipelineReportForOneReplicaPipelineSafeModeRule] INFO  safemode.SCMSafeModeManager (SCMSafeModeManager.java:validateSafeModeExitRules(204)) - AtleastOneDatanodeReportedRule rule is successfully validated
2021-10-28 03:01:49,258 [EventQueue-PipelineReportForPipelineReportHandler] INFO  pipeline.PipelineReportHandler (PipelineReportHandler.java:processPipelineReport(113)) - Reported pipeline PipelineID=bb44b84f-44aa-4cf0-80e4-bfcfb70d361c is not found
2021-10-28 03:01:49,259 [EventQueue-PipelineReportForPipelineReportHandler] INFO  pipeline.PipelineReportHandler (PipelineReportHandler.java:processPipelineReport(113)) - Reported pipeline PipelineID=b4c4a904-857c-4dad-97ad-abf8a7610038 is not found
2021-10-28 03:01:49,259 [EventQueue-PipelineReportForPipelineReportHandler] INFO  pipeline.PipelineReportHandler (PipelineReportHandler.java:processPipelineReport(113)) - Reported pipeline PipelineID=f64a8361-a97f-481a-bdeb-b138e1faa7b8 is not found
2021-10-28 03:01:49,676 [EndpointStateMachine task thread for /127.0.0.1:13013 - 0 ] INFO  ipc.Client (Client.java:handleConnectionFailure(977)) - Retrying connect to server: localhost/127.0.0.1:13013. Already tried 10 time(s); retry policy is RetryUpToMaximumCountWithFixedSleep(maxRetries=15, sleepTime=1000 MILLISECONDS)
2021-10-28 03:01:49,677 [EndpointStateMachine task thread for /127.0.0.1:13023 - 0 ] INFO  ipc.Client (Client.java:handleConnectionFailure(977)) - Retrying connect to server: localhost/127.0.0.1:13023. Already tried 10 time(s); retry policy is RetryUpToMaximumCountWithFixedSleep(maxRetries=15, sleepTime=1000 MILLISECONDS)
2021-10-28 03:01:49,869 [EndpointStateMachine task thread for /127.0.0.1:12199 - 0 ] INFO  ipc.Client (Client.java:handleConnectionFailure(977)) - Retrying connect to server: localhost/127.0.0.1:12199. Already tried 0 time(s); retry policy is RetryUpToMaximumCountWithFixedSleep(maxRetries=15, sleepTime=1000 MILLISECONDS)
2021-10-28 03:01:49,872 [EndpointStateMachine task thread for /127.0.0.1:12189 - 0 ] INFO  ipc.Client (Client.java:handleConnectionFailure(977)) - Retrying connect to server: localhost/127.0.0.1:12189. Already tried 0 time(s); retry policy is RetryUpToMaximumCountWithFixedSleep(maxRetries=15, sleepTime=1000 MILLISECONDS)
2021-10-28 03:01:50,211 [EndpointStateMachine task thread for /127.0.0.1:12209 - 0 ] INFO  ipc.Client (Client.java:handleConnectionFailure(977)) - Retrying connect to server: localhost/127.0.0.1:12209. Already tried 12 time(s); retry policy is RetryUpToMaximumCountWithFixedSleep(maxRetries=15, sleepTime=1000 MILLISECONDS)
2021-10-28 03:01:50,633 [Listener at 0.0.0.0/13035] INFO  server.StorageContainerManager (StorageContainerManager.java:scmBootstrap(987)) - SCM BootStrap  is successful for ClusterID 701359f1-d346-43a7-a18b-390751046f7b, SCMID 13676ba2-e17b-4a8f-9926-6ead84168abe
2021-10-28 03:01:50,633 [Listener at 0.0.0.0/13035] INFO  server.StorageContainerManager (StorageContainerManager.java:scmBootstrap(989)) - Primary SCM Node ID 6dac361e-3d50-41be-ba36-b7bec097cbe9
2021-10-28 03:01:50,633 [Listener at 0.0.0.0/13035] INFO  ha.SCMHANodeDetails (SCMHANodeDetails.java:loadSCMHAConfig(157)) - ServiceID for StorageContainerManager is scm-service-test1
2021-10-28 03:01:50,634 [Listener at 0.0.0.0/13035] INFO  ha.SCMHANodeDetails (SCMHANodeDetails.java:loadSCMHAConfig(168)) - ServiceID for StorageContainerManager is scm-service-test1
2021-10-28 03:01:50,634 [Listener at 0.0.0.0/13035] WARN  scm.ScmUtils (ScmUtils.java:logWarn(179)) - ConfigKey ozone.scm.block.client.address is deprecated, For configuring different ports for each SCM use PortConfigKey ozone.scm.block.client.port appended with serviceId and nodeId. If want to configure same port configure ozone.scm.block.client.port
2021-10-28 03:01:50,634 [Listener at 0.0.0.0/13035] WARN  scm.ScmUtils (ScmUtils.java:logWarn(179)) - ConfigKey ozone.scm.client.address is deprecated, For configuring different ports for each SCM use PortConfigKey ozone.scm.client.port appended with serviceId and nodeId. If want to configure same port configure ozone.scm.client.port
2021-10-28 03:01:50,634 [Listener at 0.0.0.0/13035] WARN  scm.ScmUtils (ScmUtils.java:logWarn(179)) - ConfigKey ozone.scm.datanode.address is deprecated, For configuring different ports for each SCM use PortConfigKey ozone.scm.datanode.port appended with serviceId and nodeId. If want to configure same port configure ozone.scm.datanode.port
2021-10-28 03:01:50,634 [Listener at 0.0.0.0/13035] WARN  scm.ScmUtils (ScmUtils.java:logWarn(179)) - ConfigKey ozone.scm.block.client.address is deprecated, For configuring different ports for each SCM use PortConfigKey ozone.scm.block.client.port appended with serviceId and nodeId. If want to configure same port configure ozone.scm.block.client.port
2021-10-28 03:01:50,634 [Listener at 0.0.0.0/13035] WARN  scm.ScmUtils (ScmUtils.java:logWarn(179)) - ConfigKey ozone.scm.client.address is deprecated, For configuring different ports for each SCM use PortConfigKey ozone.scm.client.port appended with serviceId and nodeId. If want to configure same port configure ozone.scm.client.port
2021-10-28 03:01:50,634 [Listener at 0.0.0.0/13035] WARN  scm.ScmUtils (ScmUtils.java:logWarn(179)) - ConfigKey ozone.scm.datanode.address is deprecated, For configuring different ports for each SCM use PortConfigKey ozone.scm.datanode.port appended with serviceId and nodeId. If want to configure same port configure ozone.scm.datanode.port
2021-10-28 03:01:50,635 [Listener at 0.0.0.0/13035] INFO  ha.SCMHANodeDetails (SCMHANodeDetails.java:loadSCMHAConfig(250)) - Found matching SCM address with SCMServiceId: scm-service-test1, SCMNodeId: scmNode-2, RPC Address: localhost:13042 and Ratis port: 13042
2021-10-28 03:01:50,635 [Listener at 0.0.0.0/13035] INFO  ha.SCMHANodeDetails (ConfUtils.java:setNodeSpecificConfigs(108)) - Setting configuration key ozone.scm.datanode.address with value of key ozone.scm.datanode.address.scm-service-test1.scmNode-2: 127.0.0.1:13043
2021-10-28 03:01:50,635 [Listener at 0.0.0.0/13035] INFO  ha.SCMHANodeDetails (ConfUtils.java:setNodeSpecificConfigs(108)) - Setting configuration key ozone.scm.block.client.address with value of key ozone.scm.block.client.address.scm-service-test1.scmNode-2: 127.0.0.1:13044
2021-10-28 03:01:50,635 [Listener at 0.0.0.0/13035] INFO  ha.SCMHANodeDetails (ConfUtils.java:setNodeSpecificConfigs(108)) - Setting configuration key ozone.scm.client.address with value of key ozone.scm.client.address.scm-service-test1.scmNode-2: 127.0.0.1:13045
2021-10-28 03:01:50,635 [Listener at 0.0.0.0/13035] INFO  ha.SCMHANodeDetails (ConfUtils.java:setNodeSpecificConfigs(108)) - Setting configuration key ozone.scm.ratis.port with value of key ozone.scm.ratis.port.scm-service-test1.scmNode-2: 13042
2021-10-28 03:01:50,635 [Listener at 0.0.0.0/13035] INFO  ha.SCMHANodeDetails (ConfUtils.java:setNodeSpecificConfigs(108)) - Setting configuration key ozone.scm.grpc.port with value of key ozone.scm.grpc.port.scm-service-test1.scmNode-2: 13046
2021-10-28 03:01:50,635 [Listener at 0.0.0.0/13035] INFO  ha.SCMHANodeDetails (ConfUtils.java:setNodeSpecificConfigs(108)) - Setting configuration key ozone.scm.http-address with value of key ozone.scm.http-address.scm-service-test1.scmNode-2: 127.0.0.1:13040
2021-10-28 03:01:50,635 [Listener at 0.0.0.0/13035] INFO  ha.SCMHANodeDetails (ConfUtils.java:setNodeSpecificConfigs(108)) - Setting configuration key ozone.scm.https-address with value of key ozone.scm.https-address.scm-service-test1.scmNode-2: 127.0.0.1:13041
2021-10-28 03:01:50,635 [Listener at 0.0.0.0/13035] INFO  ha.SCMHANodeDetails (ConfUtils.java:setNodeSpecificConfigs(108)) - Setting configuration key ozone.scm.address with value of key ozone.scm.address.scm-service-test1.scmNode-2: 127.0.0.1
2021-10-28 03:01:50,635 [Listener at 0.0.0.0/13035] WARN  scm.ScmUtils (ScmUtils.java:logWarn(179)) - ConfigKey ozone.scm.block.client.address is deprecated, For configuring different ports for each SCM use PortConfigKey ozone.scm.block.client.port appended with serviceId and nodeId. If want to configure same port configure ozone.scm.block.client.port
2021-10-28 03:01:50,636 [Listener at 0.0.0.0/13035] WARN  scm.ScmUtils (ScmUtils.java:logWarn(179)) - ConfigKey ozone.scm.client.address is deprecated, For configuring different ports for each SCM use PortConfigKey ozone.scm.client.port appended with serviceId and nodeId. If want to configure same port configure ozone.scm.client.port
2021-10-28 03:01:50,636 [Listener at 0.0.0.0/13035] WARN  scm.ScmUtils (ScmUtils.java:logWarn(179)) - ConfigKey ozone.scm.datanode.address is deprecated, For configuring different ports for each SCM use PortConfigKey ozone.scm.datanode.port appended with serviceId and nodeId. If want to configure same port configure ozone.scm.datanode.port
2021-10-28 03:01:50,636 [Listener at 0.0.0.0/13035] WARN  server.ServerUtils (ServerUtils.java:getScmDbDir(148)) - ozone.scm.db.dirs is not configured. We recommend adding this setting. Falling back to ozone.metadata.dirs instead.
2021-10-28 03:01:50,637 [Listener at 0.0.0.0/13035] INFO  upgrade.AbstractLayoutVersionManager (AbstractLayoutVersionManager.java:init(79)) - Initializing Layout version manager with metadata layout = SCM_HA (version = 2), software layout = SCM_HA (version = 2)
2021-10-28 03:01:50,677 [EndpointStateMachine task thread for /127.0.0.1:13013 - 0 ] INFO  ipc.Client (Client.java:handleConnectionFailure(977)) - Retrying connect to server: localhost/127.0.0.1:13013. Already tried 11 time(s); retry policy is RetryUpToMaximumCountWithFixedSleep(maxRetries=15, sleepTime=1000 MILLISECONDS)
2021-10-28 03:01:50,677 [EndpointStateMachine task thread for /127.0.0.1:13023 - 0 ] INFO  ipc.Client (Client.java:handleConnectionFailure(977)) - Retrying connect to server: localhost/127.0.0.1:13023. Already tried 11 time(s); retry policy is RetryUpToMaximumCountWithFixedSleep(maxRetries=15, sleepTime=1000 MILLISECONDS)
2021-10-28 03:01:50,725 [Listener at 0.0.0.0/13035] INFO  reflections.Reflections (Reflections.java:scan(232)) - Reflections took 87 ms to scan 7 urls, producing 119 keys and 279 values 
2021-10-28 03:01:50,729 [Listener at 0.0.0.0/13035] WARN  utils.HAUtils (HAUtils.java:getMetaDir(342)) - ozone.scm.db.dirs is not configured. We recommend adding this setting. Falling back to ozone.metadata.dirs instead.
2021-10-28 03:01:50,758 [Listener at 0.0.0.0/13035] WARN  db.DBStoreBuilder (DBStoreBuilder.java:applyDBDefinition(145)) - ozone.scm.db.dirs is not configured. We recommend adding this setting. Falling back to ozone.metadata.dirs instead.
2021-10-28 03:01:50,869 [EndpointStateMachine task thread for /127.0.0.1:12199 - 0 ] INFO  ipc.Client (Client.java:handleConnectionFailure(977)) - Retrying connect to server: localhost/127.0.0.1:12199. Already tried 1 time(s); retry policy is RetryUpToMaximumCountWithFixedSleep(maxRetries=15, sleepTime=1000 MILLISECONDS)
2021-10-28 03:01:50,872 [EndpointStateMachine task thread for /127.0.0.1:12189 - 0 ] INFO  ipc.Client (Client.java:handleConnectionFailure(977)) - Retrying connect to server: localhost/127.0.0.1:12189. Already tried 1 time(s); retry policy is RetryUpToMaximumCountWithFixedSleep(maxRetries=15, sleepTime=1000 MILLISECONDS)
2021-10-28 03:01:50,927 [Listener at 0.0.0.0/13035] INFO  net.NodeSchemaLoader (NodeSchemaLoader.java:loadSchemaFromFile(129)) - Loading schema from [jar:file:/home/runner/.m2/repository/org/apache/ozone/hdds-common/1.2.0-SNAPSHOT/hdds-common-1.2.0-SNAPSHOT.jar!/network-topology-default.xml]
2021-10-28 03:01:50,928 [Listener at 0.0.0.0/13035] INFO  net.NodeSchemaLoader (NodeSchemaLoader.java:loadSchema(176)) - Loading network topology layer schema file
2021-10-28 03:01:50,934 [Listener at 0.0.0.0/13035] WARN  impl.MetricRegistriesImpl (MetricRegistriesImpl.java:addReporterRegistration(111)) - New reporters are added after registries were created. Some metrics will be missing from the reporter. Please add reporter before adding any new registry.
2021-10-28 03:01:50,934 [Listener at 0.0.0.0/13035] WARN  impl.MetricRegistriesImpl (MetricRegistriesImpl.java:addReporterRegistration(111)) - New reporters are added after registries were created. Some metrics will be missing from the reporter. Please add reporter before adding any new registry.
2021-10-28 03:01:50,935 [Listener at 0.0.0.0/13035] INFO  ha.SCMRatisServerImpl (SCMRatisServerImpl.java:<init>(87)) - starting Raft server for scm:13676ba2-e17b-4a8f-9926-6ead84168abe
2021-10-28 03:01:50,936 [Listener at 0.0.0.0/13035] INFO  server.RaftServer (ConfUtils.java:logGet(44)) - raft.rpc.type = GRPC (default)
2021-10-28 03:01:50,936 [Listener at 0.0.0.0/13035] INFO  grpc.GrpcFactory (GrpcFactory.java:checkPooledByteBufAllocatorUseCacheForAllThreads(48)) - PERFORMANCE WARNING: useCacheForAllThreads is true that may cause Netty to create a lot garbage objects and, as a result, trigger GC.
	It is recommended to disable useCacheForAllThreads by setting -Dorg.apache.ratis.thirdparty.io.netty.allocator.useCacheForAllThreads=false in command line.
2021-10-28 03:01:50,936 [Listener at 0.0.0.0/13035] INFO  grpc.GrpcConfigKeys (ConfUtils.java:logGet(44)) - raft.grpc.admin.port = -1 (default)
2021-10-28 03:01:50,936 [Listener at 0.0.0.0/13035] INFO  grpc.GrpcConfigKeys (ConfUtils.java:logGet(44)) - raft.grpc.server.port = 13042 (custom)
2021-10-28 03:01:50,936 [Listener at 0.0.0.0/13035] INFO  grpc.GrpcConfigKeys (ConfUtils.java:logGet(44)) - raft.grpc.client.port = -1 (default)
2021-10-28 03:01:50,936 [Listener at 0.0.0.0/13035] INFO  grpc.GrpcConfigKeys (ConfUtils.java:logGet(44)) - raft.grpc.server.port = 13042 (custom)
2021-10-28 03:01:50,937 [Listener at 0.0.0.0/13035] INFO  grpc.GrpcConfigKeys (ConfUtils.java:logGet(44)) - raft.grpc.server.port = 13042 (custom)
2021-10-28 03:01:50,937 [Listener at 0.0.0.0/13035] INFO  server.GrpcService (ConfUtils.java:logGet(44)) - raft.grpc.message.size.max = 32m (=33554432) (custom)
2021-10-28 03:01:50,937 [Listener at 0.0.0.0/13035] INFO  server.RaftServerConfigKeys (ConfUtils.java:logGet(44)) - raft.server.log.appender.buffer.byte-limit = 33554432 (custom)
2021-10-28 03:01:50,937 [Listener at 0.0.0.0/13035] INFO  server.GrpcService (ConfUtils.java:logGet(44)) - raft.grpc.flow.control.window = 1MB (=1048576) (default)
2021-10-28 03:01:50,937 [Listener at 0.0.0.0/13035] INFO  server.RaftServerConfigKeys (ConfUtils.java:logGet(44)) - raft.server.rpc.request.timeout = 30000ms (custom)
2021-10-28 03:01:50,938 [Listener at 0.0.0.0/13035] INFO  impl.DataStreamServerImpl (ConfUtils.java:logGet(44)) - raft.datastream.type = DISABLED (default)
2021-10-28 03:01:50,951 [Listener at 0.0.0.0/13035] INFO  server.RaftServerConfigKeys (ConfUtils.java:logGet(44)) - raft.server.rpc.slowness.timeout = 120000ms (custom)
2021-10-28 03:01:50,951 [Listener at 0.0.0.0/13035] INFO  server.RaftServerConfigKeys (ConfUtils.java:logGet(44)) - raft.server.leaderelection.leader.step-down.wait-time = 10s (default)
2021-10-28 03:01:50,951 [Listener at 0.0.0.0/13035] INFO  server.RaftServerConfigKeys (ConfUtils.java:logGet(44)) - raft.server.storage.dir = [/home/runner/work/ozone/ozone/hadoop-ozone/integration-test/target/test-dir/MiniOzoneClusterImpl-701359f1-d346-43a7-a18b-390751046f7b/scmNode-2/scm-ha] (custom)
2021-10-28 03:01:50,952 [Listener at 0.0.0.0/13035] INFO  server.RaftServer (RaftServerProxy.java:addNew(95)) - 13676ba2-e17b-4a8f-9926-6ead84168abe: addNew group-390751046F7B:[] returns group-390751046F7B:java.util.concurrent.CompletableFuture@6b45907f[Not completed]
2021-10-28 03:01:50,952 [pool-407-thread-1] INFO  server.RaftServer$Division (RaftServerImpl.java:<init>(184)) - 13676ba2-e17b-4a8f-9926-6ead84168abe: new RaftServerImpl for group-390751046F7B:[] with SCMStateMachine:uninitialized
2021-10-28 03:01:50,965 [pool-407-thread-1] INFO  server.RaftServerConfigKeys (ConfUtils.java:logGet(44)) - raft.server.rpc.timeout.min = 5000ms (custom)
2021-10-28 03:01:50,965 [pool-407-thread-1] INFO  server.RaftServerConfigKeys (ConfUtils.java:logGet(44)) - raft.server.rpc.timeout.max = 5200ms (custom)
2021-10-28 03:01:50,965 [pool-407-thread-1] INFO  server.RaftServerConfigKeys (ConfUtils.java:logGet(44)) - raft.server.rpc.sleep.time = 25ms (default)
2021-10-28 03:01:50,965 [pool-407-thread-1] INFO  server.RaftServerConfigKeys (ConfUtils.java:logGet(44)) - raft.server.rpc.slowness.timeout = 120000ms (custom)
2021-10-28 03:01:50,965 [pool-407-thread-1] INFO  server.RaftServerConfigKeys (ConfUtils.java:logGet(44)) - raft.server.leaderelection.leader.step-down.wait-time = 10s (default)
2021-10-28 03:01:50,965 [pool-407-thread-1] INFO  server.RaftServerConfigKeys (ConfUtils.java:logGet(44)) - raft.server.sleep.deviation.threshold = 300ms (default)
2021-10-28 03:01:50,965 [pool-407-thread-1] INFO  server.RaftServerConfigKeys (ConfUtils.java:logGet(44)) - raft.server.log.appender.install.snapshot.enabled = false (custom)
2021-10-28 03:01:50,965 [pool-407-thread-1] INFO  server.RaftServer$Division (ServerState.java:<init>(105)) - 13676ba2-e17b-4a8f-9926-6ead84168abe@group-390751046F7B: ConfigurationManager, init=-1: [], old=null, confs=<EMPTY_MAP>
2021-10-28 03:01:50,965 [pool-407-thread-1] INFO  server.RaftServerConfigKeys (ConfUtils.java:logGet(44)) - raft.server.storage.dir = [/home/runner/work/ozone/ozone/hadoop-ozone/integration-test/target/test-dir/MiniOzoneClusterImpl-701359f1-d346-43a7-a18b-390751046f7b/scmNode-2/scm-ha] (custom)
2021-10-28 03:01:50,966 [pool-407-thread-1] INFO  server.RaftServerConfigKeys (ConfUtils.java:logGet(44)) - raft.server.log.corruption.policy = EXCEPTION (default)
2021-10-28 03:01:50,966 [pool-407-thread-1] INFO  server.RaftServerConfigKeys (ConfUtils.java:logGet(44)) - raft.server.storage.free-space.min = 0MB (=0) (default)
2021-10-28 03:01:50,966 [pool-407-thread-1] INFO  storage.RaftStorageDirectory (RaftStorageDirectoryImpl.java:analyzeStorage(135)) - The storage directory /home/runner/work/ozone/ozone/hadoop-ozone/integration-test/target/test-dir/MiniOzoneClusterImpl-701359f1-d346-43a7-a18b-390751046f7b/scmNode-2/scm-ha/701359f1-d346-43a7-a18b-390751046f7b does not exist. Creating ...
2021-10-28 03:01:50,979 [pool-407-thread-1] INFO  storage.RaftStorageDirectory (RaftStorageDirectoryImpl.java:tryLock(230)) - Lock on /home/runner/work/ozone/ozone/hadoop-ozone/integration-test/target/test-dir/MiniOzoneClusterImpl-701359f1-d346-43a7-a18b-390751046f7b/scmNode-2/scm-ha/701359f1-d346-43a7-a18b-390751046f7b/in_use.lock acquired by nodename 7917@fv-az184-410
2021-10-28 03:01:50,986 [pool-407-thread-1] INFO  storage.RaftStorage (RaftStorageImpl.java:format(89)) - Storage directory /home/runner/work/ozone/ozone/hadoop-ozone/integration-test/target/test-dir/MiniOzoneClusterImpl-701359f1-d346-43a7-a18b-390751046f7b/scmNode-2/scm-ha/701359f1-d346-43a7-a18b-390751046f7b has been successfully formatted.
2021-10-28 03:01:50,987 [pool-407-thread-1] INFO  server.RaftServerConfigKeys (ConfUtils.java:logGet(44)) - raft.server.notification.no-leader.timeout = 60s (default)
2021-10-28 03:01:50,987 [pool-407-thread-1] INFO  server.RaftServerConfigKeys (ConfUtils.java:logGet(44)) - raft.server.log.use.memory = false (default)
2021-10-28 03:01:50,987 [pool-407-thread-1] INFO  server.RaftServerConfigKeys (ConfUtils.java:logGet(44)) - raft.server.log.purge.gap = 5 (custom)
2021-10-28 03:01:50,987 [pool-407-thread-1] INFO  server.RaftServerConfigKeys (ConfUtils.java:logGet(44)) - raft.server.log.appender.buffer.byte-limit = 33554432 (custom)
2021-10-28 03:01:50,987 [pool-407-thread-1] INFO  server.RaftServerConfigKeys (ConfUtils.java:logGet(44)) - raft.server.log.segment.size.max = 4194304 (custom)
2021-10-28 03:01:50,988 [pool-407-thread-1] INFO  server.RaftServerConfigKeys (ConfUtils.java:logGet(44)) - raft.server.log.segment.cache.num.max = 2 (custom)
2021-10-28 03:01:50,988 [pool-407-thread-1] INFO  server.RaftServerConfigKeys (ConfUtils.java:logGet(44)) - raft.server.log.segment.cache.size.max = 200MB (=209715200) (default)
2021-10-28 03:01:50,988 [pool-407-thread-1] INFO  segmented.SegmentedRaftLogWorker (SegmentedRaftLogWorker.java:<init>(182)) - new 13676ba2-e17b-4a8f-9926-6ead84168abe@group-390751046F7B-SegmentedRaftLogWorker for RaftStorageImpl:Storage Directory /home/runner/work/ozone/ozone/hadoop-ozone/integration-test/target/test-dir/MiniOzoneClusterImpl-701359f1-d346-43a7-a18b-390751046f7b/scmNode-2/scm-ha/701359f1-d346-43a7-a18b-390751046f7b
2021-10-28 03:01:50,988 [pool-407-thread-1] INFO  server.RaftServerConfigKeys (ConfUtils.java:logGet(44)) - raft.server.log.queue.byte-limit = 64MB (=67108864) (default)
2021-10-28 03:01:50,988 [pool-407-thread-1] INFO  server.RaftServerConfigKeys (ConfUtils.java:logGet(44)) - raft.server.log.queue.element-limit = 4096 (default)
2021-10-28 03:01:50,988 [pool-407-thread-1] INFO  server.RaftServerConfigKeys (ConfUtils.java:logGet(44)) - raft.server.log.segment.size.max = 4194304 (custom)
2021-10-28 03:01:50,988 [pool-407-thread-1] INFO  server.RaftServerConfigKeys (ConfUtils.java:logGet(44)) - raft.server.log.preallocated.size = 4194304 (custom)
2021-10-28 03:01:50,988 [pool-407-thread-1] INFO  server.RaftServerConfigKeys (ConfUtils.java:logGet(44)) - raft.server.log.force.sync.num = 128 (default)
2021-10-28 03:01:50,989 [pool-407-thread-1] INFO  server.RaftServerConfigKeys (ConfUtils.java:logGet(44)) - raft.server.log.statemachine.data.sync = true (default)
2021-10-28 03:01:50,989 [pool-407-thread-1] INFO  server.RaftServerConfigKeys (ConfUtils.java:logGet(44)) - raft.server.log.statemachine.data.sync.timeout = 10s (default)
2021-10-28 03:01:50,989 [pool-407-thread-1] INFO  server.RaftServerConfigKeys (ConfUtils.java:logGet(44)) - raft.server.log.statemachine.data.sync.timeout.retry = -1 (default)
2021-10-28 03:01:50,990 [pool-407-thread-1] INFO  server.RaftServerConfigKeys (ConfUtils.java:logGet(44)) - raft.server.log.write.buffer.size = 64KB (=65536) (default)
2021-10-28 03:01:50,990 [pool-407-thread-1] INFO  server.RaftServerConfigKeys (ConfUtils.java:logGet(44)) - raft.server.log.statemachine.data.caching.enabled = false (default)
2021-10-28 03:01:50,990 [pool-407-thread-1] INFO  segmented.SegmentedRaftLogWorker (SegmentedRaftLogWorker.java:lambda$new$0(133)) - 13676ba2-e17b-4a8f-9926-6ead84168abe@group-390751046F7B-SegmentedRaftLogWorker: flushIndex: setUnconditionally 0 -> -1
2021-10-28 03:01:50,990 [pool-407-thread-1] INFO  segmented.SegmentedRaftLogWorker (SegmentedRaftLogWorker.java:lambda$new$0(133)) - 13676ba2-e17b-4a8f-9926-6ead84168abe@group-390751046F7B-SegmentedRaftLogWorker: safeCacheEvictIndex: setUnconditionally 0 -> -1
2021-10-28 03:01:50,993 [pool-407-thread-1] INFO  server.RaftServerConfigKeys (ConfUtils.java:logGet(44)) - raft.server.snapshot.auto.trigger.enabled = true (custom)
2021-10-28 03:01:50,993 [pool-407-thread-1] INFO  server.RaftServerConfigKeys (ConfUtils.java:logGet(44)) - raft.server.snapshot.auto.trigger.threshold = 5 (custom)
2021-10-28 03:01:50,993 [pool-407-thread-1] INFO  server.RaftServerConfigKeys (ConfUtils.java:logGet(44)) - raft.server.snapshot.retention.file.num = -1 (default)
2021-10-28 03:01:50,993 [pool-407-thread-1] INFO  server.RaftServerConfigKeys (ConfUtils.java:logGet(44)) - raft.server.log.purge.upto.snapshot.index = true (custom)
2021-10-28 03:01:50,994 [pool-407-thread-1] INFO  server.RaftServerConfigKeys (ConfUtils.java:logGet(44)) - raft.server.retrycache.expirytime = 60000ms (default)
2021-10-28 03:01:50,994 [pool-407-thread-1] INFO  server.RaftServerConfigKeys (ConfUtils.java:logGet(44)) - raft.server.retrycache.statistics.expirytime = 100μs (default)
2021-10-28 03:01:50,995 [Listener at 0.0.0.0/13035] INFO  ha.SCMSnapshotProvider (SCMSnapshotProvider.java:<init>(66)) - Initializing SCM Snapshot Provider
2021-10-28 03:01:50,995 [Listener at 0.0.0.0/13035] WARN  server.ServerUtils (ServerUtils.java:getDefaultRatisDirectory(237)) - Storage directory for Ratis is not configured. It is a good idea to map this to an SSD disk. Falling back to ozone.metadata.dirs
2021-10-28 03:01:50,995 [Listener at 0.0.0.0/13035] WARN  ha.SCMHAUtils (SCMHAUtils.java:getSCMRatisSnapshotDirectory(146)) - SCM snapshot dir is not configured. Falling back to ozone.metadata.dirs config
2021-10-28 03:01:50,997 [Listener at 0.0.0.0/13035] INFO  ha.SequenceIdGenerator (SequenceIdGenerator.java:upgradeToSequenceId(347)) - upgrade localId to 107544261427200000
2021-10-28 03:01:50,997 [Listener at 0.0.0.0/13035] INFO  ha.SequenceIdGenerator (SequenceIdGenerator.java:upgradeToSequenceId(357)) - upgrade delTxnId to 0
2021-10-28 03:01:50,997 [Listener at 0.0.0.0/13035] INFO  ha.SequenceIdGenerator (SequenceIdGenerator.java:upgradeToSequenceId(371)) - upgrade containerId to 0
2021-10-28 03:01:50,997 [Listener at 0.0.0.0/13035] INFO  ha.SequenceIdGenerator (SequenceIdGenerator.java:<init>(218)) - Init the HA SequenceIdGenerator.
2021-10-28 03:01:50,997 [Listener at 0.0.0.0/13035] WARN  server.ServerUtils (ServerUtils.java:sanitizeUserArgs(73)) - ozone.scm.stale.node.interval value = 300000 is larger than max = 100000 based on the key value of ozone.scm.heartbeat.thread.interval, reset to the max value 100000.
2021-10-28 03:01:50,998 [Listener at 0.0.0.0/13035] WARN  server.ServerUtils (ServerUtils.java:sanitizeUserArgs(73)) - ozone.scm.stale.node.interval value = 300000 is larger than max = 100000 based on the key value of ozone.scm.heartbeat.thread.interval, reset to the max value 100000.
2021-10-28 03:01:51,007 [Listener at 0.0.0.0/13035] INFO  node.SCMNodeManager (SCMNodeManager.java:<init>(144)) - Entering startup safe mode.
2021-10-28 03:01:51,008 [Listener at 0.0.0.0/13035] INFO  algorithms.ContainerPlacementPolicyFactory (ContainerPlacementPolicyFactory.java:getPolicy(60)) - Create container placement policy of type org.apache.hadoop.hdds.scm.container.placement.algorithms.SCMContainerPlacementRandom
2021-10-28 03:01:51,008 [Listener at 0.0.0.0/13035] INFO  pipeline.PipelineStateManagerImpl (PipelineStateManagerImpl.java:initialize(78)) - No pipeline exists in current db
2021-10-28 03:01:51,008 [Listener at 0.0.0.0/13035] INFO  algorithms.LeaderChoosePolicyFactory (LeaderChoosePolicyFactory.java:getPolicy(57)) - Create leader choose policy of type org.apache.hadoop.hdds.scm.pipeline.leader.choose.algorithms.MinLeaderCountChoosePolicy
2021-10-28 03:01:51,008 [Listener at 0.0.0.0/13035] INFO  ha.SCMServiceManager (SCMServiceManager.java:register(43)) - Registering service BackgroundPipelineCreator.
2021-10-28 03:01:51,009 [Listener at 0.0.0.0/13035] INFO  pipeline.BackgroundPipelineCreator (BackgroundPipelineCreator.java:start(130)) - Starting RatisPipelineUtilsThread.
2021-10-28 03:01:51,016 [Listener at 0.0.0.0/13035] INFO  algorithms.PipelineChoosePolicyFactory (PipelineChoosePolicyFactory.java:createPipelineChoosePolicyFromClass(73)) - Create pipeline choose policy of type org.apache.hadoop.hdds.scm.pipeline.choose.algorithms.RandomPipelineChoosePolicy
2021-10-28 03:01:51,016 [Listener at 0.0.0.0/13035] INFO  ha.SCMServiceManager (SCMServiceManager.java:register(43)) - Registering service SCMBlockDeletingService.
2021-10-28 03:01:51,016 [Listener at 0.0.0.0/13035] INFO  ha.SCMServiceManager (SCMServiceManager.java:register(43)) - Registering service ReplicationManager.
2021-10-28 03:01:51,017 [Listener at 0.0.0.0/13035] INFO  container.ReplicationManager (ReplicationManager.java:start(319)) - Starting Replication Monitor Thread.
2021-10-28 03:01:51,017 [Listener at 0.0.0.0/13035] INFO  safemode.ContainerSafeModeRule (ContainerSafeModeRule.java:<init>(89)) - containers with one replica threshold count 0
2021-10-28 03:01:51,018 [Listener at 0.0.0.0/13035] INFO  safemode.HealthyPipelineSafeModeRule (HealthyPipelineSafeModeRule.java:initializeRule(156)) - Total pipeline count is 0, healthy pipeline threshold count is 1
2021-10-28 03:01:51,018 [Listener at 0.0.0.0/13035] INFO  safemode.OneReplicaPipelineSafeModeRule (OneReplicaPipelineSafeModeRule.java:initializeRule(180)) - Total pipeline count is 0, pipeline's with at least one datanode reported threshold count is 0
2021-10-28 03:01:51,026 [ReplicationMonitor] INFO  container.ReplicationManager (ReplicationManager.java:processAll(371)) - Replication Monitor Thread took 0 milliseconds for processing 0 containers.
2021-10-28 03:01:51,027 [Listener at 0.0.0.0/13035] INFO  ipc.CallQueueManager (CallQueueManager.java:<init>(90)) - Using callQueue: class java.util.concurrent.LinkedBlockingQueue, queueCapacity: 2000, scheduler: class org.apache.hadoop.ipc.DefaultRpcScheduler, ipcBackoff: false.
2021-10-28 03:01:51,028 [Socket Reader #1 for port 13043] INFO  ipc.Server (Server.java:run(1265)) - Starting Socket Reader #1 for port 13043
2021-10-28 03:01:51,049 [Listener at 0.0.0.0/13043] INFO  ipc.CallQueueManager (CallQueueManager.java:<init>(90)) - Using callQueue: class java.util.concurrent.LinkedBlockingQueue, queueCapacity: 2000, scheduler: class org.apache.hadoop.ipc.DefaultRpcScheduler, ipcBackoff: false.
2021-10-28 03:01:51,055 [Socket Reader #1 for port 13044] INFO  ipc.Server (Server.java:run(1265)) - Starting Socket Reader #1 for port 13044
2021-10-28 03:01:51,062 [Listener at 0.0.0.0/13044] INFO  ipc.CallQueueManager (CallQueueManager.java:<init>(90)) - Using callQueue: class java.util.concurrent.LinkedBlockingQueue, queueCapacity: 2000, scheduler: class org.apache.hadoop.ipc.DefaultRpcScheduler, ipcBackoff: false.
2021-10-28 03:01:51,065 [Socket Reader #1 for port 13045] INFO  ipc.Server (Server.java:run(1265)) - Starting Socket Reader #1 for port 13045
2021-10-28 03:01:51,168 [Listener at 0.0.0.0/13045] INFO  algorithms.ContainerPlacementPolicyFactory (ContainerPlacementPolicyFactory.java:getPolicy(60)) - Create container placement policy of type org.apache.hadoop.hdds.scm.container.placement.algorithms.SCMContainerPlacementRandom
2021-10-28 03:01:51,172 [Listener at 0.0.0.0/13045] INFO  server.StorageContainerManager (StorageContainerManager.java:<init>(388)) - 
Container Balancer status:
Key                            Value
Running                        false
Container Balancer Configuration values:
Key                                                Value
Threshold                                          0.1
Max Datanodes to Involve per Iteration(ratio)      0.2
Max Size to Move per Iteration                     32212254720B

2021-10-28 03:01:51,173 [Listener at 0.0.0.0/13045] WARN  events.EventQueue (EventQueue.java:fireEvent(194)) - No event handler registered for event TypedEvent{payloadType=SafeModeStatus, name='Safe mode status'}
2021-10-28 03:01:51,173 [Listener at 0.0.0.0/13045] INFO  ha.SCMContext (SCMContext.java:updateSafeModeStatus(205)) - Update SafeModeStatus from SafeModeStatus{safeModeStatus=true, preCheckPassed=false} to SafeModeStatus{safeModeStatus=true, preCheckPassed=false}.
2021-10-28 03:01:51,174 [Listener at 0.0.0.0/13045] INFO  server.StorageContainerManager (StorageContainerManager.java:start(1303)) - StorageContainerLocationProtocol RPC server is listening at /0.0.0.0:13045
2021-10-28 03:01:51,176 [Listener at 0.0.0.0/13045] INFO  ha.SCMRatisServerImpl (SCMRatisServerImpl.java:start(177)) - starting ratis server 0.0.0.0:13042
2021-10-28 03:01:51,176 [Listener at 0.0.0.0/13045] INFO  server.RaftServer$Division (RaftServerImpl.java:start(304)) - 13676ba2-e17b-4a8f-9926-6ead84168abe@group-390751046F7B: start with initializing state, conf=-1: [], old=null
2021-10-28 03:01:51,176 [Listener at 0.0.0.0/13045] INFO  server.RaftServer$Division (RaftServerImpl.java:setRole(290)) - 13676ba2-e17b-4a8f-9926-6ead84168abe@group-390751046F7B: changes role from      null to FOLLOWER at term 0 for startInitializing
2021-10-28 03:01:51,176 [Listener at 0.0.0.0/13045] INFO  util.JmxRegister (JmxRegister.java:tryRegister(44)) - Successfully registered JMX Bean with object name Ratis:service=RaftServer,group=group-390751046F7B,id=13676ba2-e17b-4a8f-9926-6ead84168abe
2021-10-28 03:01:51,177 [Listener at 0.0.0.0/13045] INFO  server.RaftServer (RaftServerProxy.java:lambda$start$5(374)) - 13676ba2-e17b-4a8f-9926-6ead84168abe: start RPC server
2021-10-28 03:01:51,178 [Listener at 0.0.0.0/13045] INFO  server.GrpcService (GrpcService.java:startImpl(253)) - 13676ba2-e17b-4a8f-9926-6ead84168abe: GrpcService started, listening on 13042
2021-10-28 03:01:51,184 [Listener at 0.0.0.0/13045] INFO  ha.SCMNodeInfo (SCMNodeInfo.java:getPort(197)) - ConfigKey ozone.scm.client.address is deprecated, For configuring different ports for each SCM use PortConfigKey ozone.scm.client.port appended with serviceId and nodeId
2021-10-28 03:01:51,184 [Listener at 0.0.0.0/13045] INFO  ha.SCMNodeInfo (SCMNodeInfo.java:getPort(197)) - ConfigKey ozone.scm.block.client.address is deprecated, For configuring different ports for each SCM use PortConfigKey ozone.scm.block.client.port appended with serviceId and nodeId
2021-10-28 03:01:51,184 [Listener at 0.0.0.0/13045] INFO  ha.SCMNodeInfo (SCMNodeInfo.java:getPort(197)) - ConfigKey ozone.scm.datanode.address is deprecated, For configuring different ports for each SCM use PortConfigKey ozone.scm.datanode.port appended with serviceId and nodeId
2021-10-28 03:01:51,184 [Listener at 0.0.0.0/13045] INFO  ha.SCMNodeInfo (SCMNodeInfo.java:getPort(197)) - ConfigKey ozone.scm.client.address is deprecated, For configuring different ports for each SCM use PortConfigKey ozone.scm.client.port appended with serviceId and nodeId
2021-10-28 03:01:51,184 [Listener at 0.0.0.0/13045] INFO  ha.SCMNodeInfo (SCMNodeInfo.java:getPort(197)) - ConfigKey ozone.scm.block.client.address is deprecated, For configuring different ports for each SCM use PortConfigKey ozone.scm.block.client.port appended with serviceId and nodeId
2021-10-28 03:01:51,185 [Listener at 0.0.0.0/13045] INFO  ha.SCMNodeInfo (SCMNodeInfo.java:getPort(197)) - ConfigKey ozone.scm.datanode.address is deprecated, For configuring different ports for each SCM use PortConfigKey ozone.scm.datanode.port appended with serviceId and nodeId
2021-10-28 03:01:51,185 [Listener at 0.0.0.0/13045] INFO  ha.SCMNodeInfo (SCMNodeInfo.java:getPort(197)) - ConfigKey ozone.scm.client.address is deprecated, For configuring different ports for each SCM use PortConfigKey ozone.scm.client.port appended with serviceId and nodeId
2021-10-28 03:01:51,185 [Listener at 0.0.0.0/13045] INFO  ha.SCMNodeInfo (SCMNodeInfo.java:getPort(197)) - ConfigKey ozone.scm.block.client.address is deprecated, For configuring different ports for each SCM use PortConfigKey ozone.scm.block.client.port appended with serviceId and nodeId
2021-10-28 03:01:51,185 [Listener at 0.0.0.0/13045] INFO  ha.SCMNodeInfo (SCMNodeInfo.java:getPort(197)) - ConfigKey ozone.scm.datanode.address is deprecated, For configuring different ports for each SCM use PortConfigKey ozone.scm.datanode.port appended with serviceId and nodeId
2021-10-28 03:01:51,195 [IPC Server handler 2 on default port 13034] INFO  ha.SCMRatisServerImpl (SCMRatisServerImpl.java:addSCM(291)) - 6dac361e-3d50-41be-ba36-b7bec097cbe9: Submitting SetConfiguration request to Ratis server with new SCM peers list: [6dac361e-3d50-41be-ba36-b7bec097cbe9|rpc:localhost:13032|admin:|client:|dataStream:|priority:0, 13676ba2-e17b-4a8f-9926-6ead84168abe|rpc:localhost:13042|priority:0]
2021-10-28 03:01:51,195 [IPC Server handler 2 on default port 13034] INFO  server.RaftServer$Division (RaftServerImpl.java:setConfigurationAsync(974)) - 6dac361e-3d50-41be-ba36-b7bec097cbe9@group-390751046F7B: receive setConfiguration SetConfigurationRequest:client-194787C2439F->6dac361e-3d50-41be-ba36-b7bec097cbe9@group-390751046F7B, cid=0, seq=0, RW, null, peers:[6dac361e-3d50-41be-ba36-b7bec097cbe9|rpc:localhost:13032|admin:|client:|dataStream:|priority:0, 13676ba2-e17b-4a8f-9926-6ead84168abe|rpc:localhost:13042|priority:0]
2021-10-28 03:01:51,195 [IPC Server handler 2 on default port 13034] INFO  server.RaftServer$Division (LeaderStateImpl.java:startSetConfiguration(358)) - 6dac361e-3d50-41be-ba36-b7bec097cbe9@group-390751046F7B-LeaderStateImpl: startSetConfiguration SetConfigurationRequest:client-194787C2439F->6dac361e-3d50-41be-ba36-b7bec097cbe9@group-390751046F7B, cid=0, seq=0, RW, null, peers:[6dac361e-3d50-41be-ba36-b7bec097cbe9|rpc:localhost:13032|admin:|client:|dataStream:|priority:0, 13676ba2-e17b-4a8f-9926-6ead84168abe|rpc:localhost:13042|priority:0]
2021-10-28 03:01:51,195 [IPC Server handler 2 on default port 13034] INFO  server.RaftServerConfigKeys (ConfUtils.java:logGet(44)) - raft.server.log.appender.snapshot.chunk.size.max = 16MB (=16777216) (default)
2021-10-28 03:01:51,195 [IPC Server handler 2 on default port 13034] INFO  server.RaftServerConfigKeys (ConfUtils.java:logGet(44)) - raft.server.log.appender.buffer.byte-limit = 33554432 (custom)
2021-10-28 03:01:51,195 [IPC Server handler 2 on default port 13034] INFO  server.RaftServerConfigKeys (ConfUtils.java:logGet(44)) - raft.server.log.appender.buffer.element-limit = 1024 (custom)
2021-10-28 03:01:51,198 [org.apache.ratis.util.JvmPauseMonitor$$Lambda$499/17331878@152eed56] INFO  util.JvmPauseMonitor (JvmPauseMonitor.java:run(103)) - JvmPauseMonitor-13676ba2-e17b-4a8f-9926-6ead84168abe: Started
2021-10-28 03:01:51,207 [IPC Server handler 2 on default port 13034] INFO  grpc.GrpcConfigKeys (ConfUtils.java:logGet(44)) - raft.grpc.server.leader.outstanding.appends.max = 128 (default)
2021-10-28 03:01:51,207 [IPC Server handler 2 on default port 13034] INFO  server.RaftServerConfigKeys (ConfUtils.java:logGet(44)) - raft.server.rpc.request.timeout = 30000ms (custom)
2021-10-28 03:01:51,207 [IPC Server handler 2 on default port 13034] INFO  server.RaftServerConfigKeys (ConfUtils.java:logGet(44)) - raft.server.log.appender.install.snapshot.enabled = false (custom)
2021-10-28 03:01:51,212 [EndpointStateMachine task thread for /127.0.0.1:12209 - 0 ] INFO  ipc.Client (Client.java:handleConnectionFailure(977)) - Retrying connect to server: localhost/127.0.0.1:12209. Already tried 13 time(s); retry policy is RetryUpToMaximumCountWithFixedSleep(maxRetries=15, sleepTime=1000 MILLISECONDS)
2021-10-28 03:01:51,226 [6dac361e-3d50-41be-ba36-b7bec097cbe9@group-390751046F7B->13676ba2-e17b-4a8f-9926-6ead84168abe-GrpcLogAppender-LogAppenderDaemon] INFO  server.GrpcLogAppender (GrpcLogAppender.java:installSnapshot(550)) - 6dac361e-3d50-41be-ba36-b7bec097cbe9@group-390751046F7B->13676ba2-e17b-4a8f-9926-6ead84168abe-GrpcLogAppender: followerNextIndex = 0 but logStartIndex = 0, notify follower to install snapshot-(t:2, i:2)
2021-10-28 03:01:51,226 [6dac361e-3d50-41be-ba36-b7bec097cbe9@group-390751046F7B->13676ba2-e17b-4a8f-9926-6ead84168abe-GrpcLogAppender-LogAppenderDaemon] INFO  server.GrpcLogAppender (GrpcLogAppender.java:installSnapshot(558)) - 6dac361e-3d50-41be-ba36-b7bec097cbe9@group-390751046F7B->13676ba2-e17b-4a8f-9926-6ead84168abe-GrpcLogAppender: send 6dac361e-3d50-41be-ba36-b7bec097cbe9->13676ba2-e17b-4a8f-9926-6ead84168abe#0-t2,notify:(t:2, i:2)
2021-10-28 03:01:51,316 [grpc-default-executor-1] INFO  server.RaftServer$Division (RaftServerImpl.java:installSnapshot(1332)) - 13676ba2-e17b-4a8f-9926-6ead84168abe@group-390751046F7B: receive installSnapshot: 6dac361e-3d50-41be-ba36-b7bec097cbe9->13676ba2-e17b-4a8f-9926-6ead84168abe#0-t2,notify:(t:2, i:2)
2021-10-28 03:01:51,318 [grpc-default-executor-1] INFO  ha.SCMStateMachine (SCMStateMachine.java:notifyLeaderChanged(248)) - leader changed, yet current SCM is still follower.
2021-10-28 03:01:51,318 [grpc-default-executor-1] INFO  server.RaftServer$Division (ServerState.java:setLeader(285)) - 13676ba2-e17b-4a8f-9926-6ead84168abe@group-390751046F7B: change Leader from null to 6dac361e-3d50-41be-ba36-b7bec097cbe9 at term 2 for installSnapshot, leader elected after 331ms
2021-10-28 03:01:51,318 [grpc-default-executor-1] INFO  server.RaftServer$Division (RaftServerImpl.java:notifyStateMachineToInstallSnapshot(1551)) - 13676ba2-e17b-4a8f-9926-6ead84168abe@group-390751046F7B: Received notification to install snapshot at index 2
2021-10-28 03:01:51,318 [grpc-default-executor-1] INFO  server.RaftServer$Division (RaftServerImpl.java:notifyStateMachineToInstallSnapshot(1582)) - 13676ba2-e17b-4a8f-9926-6ead84168abe@group-390751046F7B: notifyInstallSnapshot: nextIndex is 0 but the leader's first available index is 2.
2021-10-28 03:01:51,318 [grpc-default-executor-1] INFO  ha.SCMStateMachine (SCMStateMachine.java:notifyInstallSnapshotFromLeader(212)) - Received install snapshot notification from SCM leader: localhost:13032 with term index: (t:2, i:2)
2021-10-28 03:01:51,325 [pool-408-thread-1] INFO  ha.SCMHAManagerImpl (SCMHAManagerImpl.java:getDBCheckpointFromLeader(206)) - Downloading checkpoint from leader SCM scmNode-1 and reloading state from the checkpoint.
2021-10-28 03:01:51,392 [grpc-default-executor-0] INFO  ha.SCMDBCheckpointProvider (SCMDBCheckpointProvider.java:writeDBCheckPointToSream(48)) - Received request to obtain SCM DB checkpoint snapshot
2021-10-28 03:01:51,420 [grpc-default-executor-0] INFO  db.RDBCheckpointManager (RDBCheckpointManager.java:createCheckpoint(86)) - Created checkpoint at /home/runner/work/ozone/ozone/hadoop-ozone/integration-test/target/test-dir/MiniOzoneClusterImpl-701359f1-d346-43a7-a18b-390751046f7b/scmNode-1/db.checkpoints/scm.db_checkpoint_1635390111392 in 28 milliseconds
2021-10-28 03:01:51,430 [grpc-default-executor-0] INFO  ha.SCMGrpcOutputStream (SCMGrpcOutputStream.java:close(111)) - Sent 4413 bytes for cluster 701359f1-d346-43a7-a18b-390751046f7b
2021-10-28 03:01:51,431 [grpc-default-executor-3] INFO  ha.InterSCMGrpcClient (InterSCMGrpcClient.java:onCompleted(173)) - Checkpoint is downloaded to /home/runner/work/ozone/ozone/hadoop-ozone/integration-test/target/test-dir/MiniOzoneClusterImpl-701359f1-d346-43a7-a18b-390751046f7b/scmNode-2/snapshot/scm.db-scmNode-1-1635390111348.tar.gz
2021-10-28 03:01:51,440 [grpc-default-executor-0] INFO  ha.SCMDBCheckpointProvider (SCMDBCheckpointProvider.java:writeDBCheckPointToSream(73)) - Time taken to write the checkpoint to response output stream: 20 milliseconds
2021-10-28 03:01:51,440 [grpc-default-executor-0] INFO  db.RocksDBCheckpoint (RocksDBCheckpoint.java:cleanupCheckpoint(78)) - Cleaning up RocksDB checkpoint at /home/runner/work/ozone/ozone/hadoop-ozone/integration-test/target/test-dir/MiniOzoneClusterImpl-701359f1-d346-43a7-a18b-390751046f7b/scmNode-1/db.checkpoints/scm.db_checkpoint_1635390111392
2021-10-28 03:01:51,476 [pool-408-thread-1] INFO  ha.SCMSnapshotProvider (SCMSnapshotProvider.java:getSCMDBSnapshot(131)) - Successfully downloaded latest checkpoint from leader SCM: scmNode-1 path /home/runner/work/ozone/ozone/hadoop-ozone/integration-test/target/test-dir/MiniOzoneClusterImpl-701359f1-d346-43a7-a18b-390751046f7b/scmNode-2/snapshot/scm.db-scmNode-1-1635390111348
2021-10-28 03:01:51,476 [pool-408-thread-1] INFO  ha.SCMHAManagerImpl (SCMHAManagerImpl.java:downloadCheckpointFromLeader(158)) - Downloaded checkpoint from Leader scmNode-1 to the location /home/runner/work/ozone/ozone/hadoop-ozone/integration-test/target/test-dir/MiniOzoneClusterImpl-701359f1-d346-43a7-a18b-390751046f7b/scmNode-2/snapshot/scm.db-scmNode-1-1635390111348
2021-10-28 03:01:51,677 [EndpointStateMachine task thread for /127.0.0.1:13013 - 0 ] INFO  ipc.Client (Client.java:handleConnectionFailure(977)) - Retrying connect to server: localhost/127.0.0.1:13013. Already tried 12 time(s); retry policy is RetryUpToMaximumCountWithFixedSleep(maxRetries=15, sleepTime=1000 MILLISECONDS)
2021-10-28 03:01:51,678 [EndpointStateMachine task thread for /127.0.0.1:13023 - 0 ] INFO  ipc.Client (Client.java:handleConnectionFailure(977)) - Retrying connect to server: localhost/127.0.0.1:13023. Already tried 12 time(s); retry policy is RetryUpToMaximumCountWithFixedSleep(maxRetries=15, sleepTime=1000 MILLISECONDS)
2021-10-28 03:01:51,702 [pool-408-thread-1] INFO  ha.SCMHAManagerImpl (SCMHAManagerImpl.java:verifyCheckpointFromLeader(172)) - Installing checkpoint with SCMTransactionInfo 2#2
2021-10-28 03:01:51,702 [pool-408-thread-1] INFO  server.RaftServer$Division (RaftServerImpl.java:lambda$notifyStateMachineToInstallSnapshot$30(1595)) - 13676ba2-e17b-4a8f-9926-6ead84168abe@group-390751046F7B: StateMachine successfully installed snapshot index 2. Reloading the StateMachine.
2021-10-28 03:01:51,703 [pool-408-thread-1] INFO  segmented.SegmentedRaftLogWorker (SegmentedRaftLogWorker.java:lambda$new$0(133)) - 13676ba2-e17b-4a8f-9926-6ead84168abe@group-390751046F7B-SegmentedRaftLogWorker: flushIndex: setUnconditionally -1 -> 2
2021-10-28 03:01:51,703 [pool-408-thread-1] INFO  segmented.SegmentedRaftLogWorker (SegmentedRaftLogWorker.java:lambda$new$0(133)) - 13676ba2-e17b-4a8f-9926-6ead84168abe@group-390751046F7B-SegmentedRaftLogWorker: safeCacheEvictIndex: setUnconditionally -1 -> 2
2021-10-28 03:01:51,703 [pool-408-thread-1] INFO  raftlog.RaftLog (RaftLogBase.java:lambda$new$0(53)) - 13676ba2-e17b-4a8f-9926-6ead84168abe@group-390751046F7B-SegmentedRaftLog: snapshotIndex: updateIncreasingly -1 -> 2
2021-10-28 03:01:51,704 [grpc-default-executor-1] INFO  server.RaftServer$Division (RaftServerImpl.java:notifyStateMachineToInstallSnapshot(1638)) - 13676ba2-e17b-4a8f-9926-6ead84168abe@group-390751046F7B: InstallSnapshot notification result: SNAPSHOT_INSTALLED, at index: 2
2021-10-28 03:01:51,705 [grpc-default-executor-1] INFO  server.RaftServer$Division (RaftServerImpl.java:installSnapshotImpl(1462)) - 13676ba2-e17b-4a8f-9926-6ead84168abe@group-390751046F7B: set new configuration index: 1
configurationEntry {
  peers {
    id: "6dac361e-3d50-41be-ba36-b7bec097cbe9"
    address: "localhost:13032"
  }
}
 from snapshot
2021-10-28 03:01:51,709 [grpc-default-executor-1] INFO  server.RaftServer$Division (ServerState.java:setRaftConf(387)) - 13676ba2-e17b-4a8f-9926-6ead84168abe@group-390751046F7B: set configuration 1: [6dac361e-3d50-41be-ba36-b7bec097cbe9|rpc:localhost:13032|admin:|client:|dataStream:|priority:0], old=null
2021-10-28 03:01:51,709 [grpc-default-executor-1] INFO  server.RaftServer$Division (RaftServerImpl.java:installSnapshot(1343)) - 13676ba2-e17b-4a8f-9926-6ead84168abe@group-390751046F7B: reply installSnapshot: 6dac361e-3d50-41be-ba36-b7bec097cbe9<-13676ba2-e17b-4a8f-9926-6ead84168abe#0:FAIL-t0,SNAPSHOT_INSTALLED,snapshotIndex=2
2021-10-28 03:01:51,709 [grpc-default-executor-1] INFO  server.GrpcServerProtocolService (GrpcServerProtocolService.java:onCompleted(140)) - 13676ba2-e17b-4a8f-9926-6ead84168abe: Completed INSTALL_SNAPSHOT, lastRequest: 6dac361e-3d50-41be-ba36-b7bec097cbe9->13676ba2-e17b-4a8f-9926-6ead84168abe#0-t2,notify:(t:2, i:2)
2021-10-28 03:01:51,710 [grpc-default-executor-1] INFO  server.GrpcLogAppender (GrpcLogAppender.java:onNext(410)) - 6dac361e-3d50-41be-ba36-b7bec097cbe9@group-390751046F7B->13676ba2-e17b-4a8f-9926-6ead84168abe-InstallSnapshotResponseHandler: received the first reply 6dac361e-3d50-41be-ba36-b7bec097cbe9<-13676ba2-e17b-4a8f-9926-6ead84168abe#0:FAIL-t0,SNAPSHOT_INSTALLED,snapshotIndex=2
2021-10-28 03:01:51,710 [grpc-default-executor-1] INFO  server.GrpcLogAppender (GrpcLogAppender.java:onNext(450)) - 6dac361e-3d50-41be-ba36-b7bec097cbe9@group-390751046F7B->13676ba2-e17b-4a8f-9926-6ead84168abe-InstallSnapshotResponseHandler: Follower installed snapshot at index 2
2021-10-28 03:01:51,710 [grpc-default-executor-1] INFO  leader.FollowerInfo (FollowerInfoImpl.java:lambda$new$0(47)) - 6dac361e-3d50-41be-ba36-b7bec097cbe9@group-390751046F7B->13676ba2-e17b-4a8f-9926-6ead84168abe: snapshotIndex: setUnconditionally 0 -> 2
2021-10-28 03:01:51,711 [grpc-default-executor-1] INFO  leader.FollowerInfo (FollowerInfoImpl.java:lambda$new$0(47)) - 6dac361e-3d50-41be-ba36-b7bec097cbe9@group-390751046F7B->13676ba2-e17b-4a8f-9926-6ead84168abe: matchIndex: setUnconditionally 0 -> 2
2021-10-28 03:01:51,711 [grpc-default-executor-1] INFO  leader.FollowerInfo (FollowerInfoImpl.java:lambda$new$0(47)) - 6dac361e-3d50-41be-ba36-b7bec097cbe9@group-390751046F7B->13676ba2-e17b-4a8f-9926-6ead84168abe: nextIndex: setUnconditionally 0 -> 3
2021-10-28 03:01:51,711 [grpc-default-executor-1] INFO  leader.FollowerInfo (FollowerInfoImpl.java:setAttemptedToInstallSnapshot(116)) - Follower 6dac361e-3d50-41be-ba36-b7bec097cbe9@group-390751046F7B->13676ba2-e17b-4a8f-9926-6ead84168abe acknowledged installing snapshot
2021-10-28 03:01:51,711 [grpc-default-executor-1] INFO  leader.FollowerInfo (FollowerInfoImpl.java:lambda$new$0(47)) - 6dac361e-3d50-41be-ba36-b7bec097cbe9@group-390751046F7B->13676ba2-e17b-4a8f-9926-6ead84168abe: nextIndex: updateToMax old=3, new=3, updated? false
2021-10-28 03:01:51,716 [grpc-default-executor-1] INFO  impl.RoleInfo (RoleInfo.java:updateAndGet(130)) - 13676ba2-e17b-4a8f-9926-6ead84168abe: start 13676ba2-e17b-4a8f-9926-6ead84168abe@group-390751046F7B-FollowerState
2021-10-28 03:01:51,833 [13676ba2-e17b-4a8f-9926-6ead84168abe@group-390751046F7B-StateMachineUpdater] INFO  ha.SCMHAManagerImpl (SCMHAManagerImpl.java:installCheckpoint(227)) - Installing checkpoint with SCMTransactionInfo 2#2
2021-10-28 03:01:51,835 [13676ba2-e17b-4a8f-9926-6ead84168abe@group-390751046F7B-StateMachineUpdater] INFO  ha.SCMHAManagerImpl (SCMHAManagerImpl.java:installCheckpoint(266)) - Replaced DB with checkpoint, term: 2, index: 2
2021-10-28 03:01:51,840 [13676ba2-e17b-4a8f-9926-6ead84168abe@group-390751046F7B-StateMachineUpdater] WARN  utils.HAUtils (HAUtils.java:getMetaDir(342)) - ozone.scm.db.dirs is not configured. We recommend adding this setting. Falling back to ozone.metadata.dirs instead.
2021-10-28 03:01:51,840 [13676ba2-e17b-4a8f-9926-6ead84168abe@group-390751046F7B-StateMachineUpdater] WARN  db.DBStoreBuilder (DBStoreBuilder.java:applyDBDefinition(145)) - ozone.scm.db.dirs is not configured. We recommend adding this setting. Falling back to ozone.metadata.dirs instead.
2021-10-28 03:01:51,870 [EndpointStateMachine task thread for /127.0.0.1:12199 - 0 ] INFO  ipc.Client (Client.java:handleConnectionFailure(977)) - Retrying connect to server: localhost/127.0.0.1:12199. Already tried 2 time(s); retry policy is RetryUpToMaximumCountWithFixedSleep(maxRetries=15, sleepTime=1000 MILLISECONDS)
2021-10-28 03:01:51,873 [EndpointStateMachine task thread for /127.0.0.1:12189 - 0 ] INFO  ipc.Client (Client.java:handleConnectionFailure(977)) - Retrying connect to server: localhost/127.0.0.1:12189. Already tried 2 time(s); retry policy is RetryUpToMaximumCountWithFixedSleep(maxRetries=15, sleepTime=1000 MILLISECONDS)
2021-10-28 03:01:52,031 [13676ba2-e17b-4a8f-9926-6ead84168abe@group-390751046F7B-StateMachineUpdater] INFO  ha.SequenceIdGenerator (SequenceIdGenerator.java:reinitialize(166)) - reinitialize SequenceIdGenerator.
2021-10-28 03:01:52,032 [13676ba2-e17b-4a8f-9926-6ead84168abe@group-390751046F7B-StateMachineUpdater] INFO  pipeline.PipelineStateManagerImpl (PipelineStateManagerImpl.java:initialize(78)) - No pipeline exists in current db
2021-10-28 03:01:52,032 [13676ba2-e17b-4a8f-9926-6ead84168abe@group-390751046F7B-StateMachineUpdater] INFO  ha.SCMHAManagerImpl (SCMHAManagerImpl.java:installCheckpoint(277)) - Reloaded SCM state with Term: 2 and Index: 2
2021-10-28 03:01:52,033 [13676ba2-e17b-4a8f-9926-6ead84168abe@group-390751046F7B-StateMachineUpdater] INFO  impl.StateMachineUpdater (StateMachineUpdater.java:lambda$new$0(89)) - 13676ba2-e17b-4a8f-9926-6ead84168abe@group-390751046F7B-StateMachineUpdater: snapshotIndex: setUnconditionally -1 -> 2
2021-10-28 03:01:52,033 [13676ba2-e17b-4a8f-9926-6ead84168abe@group-390751046F7B-StateMachineUpdater] INFO  impl.StateMachineUpdater (StateMachineUpdater.java:lambda$new$0(89)) - 13676ba2-e17b-4a8f-9926-6ead84168abe@group-390751046F7B-StateMachineUpdater: appliedIndex: setUnconditionally -1 -> 2
2021-10-28 03:01:52,212 [EndpointStateMachine task thread for /127.0.0.1:12209 - 0 ] INFO  ipc.Client (Client.java:handleConnectionFailure(977)) - Retrying connect to server: localhost/127.0.0.1:12209. Already tried 14 time(s); retry policy is RetryUpToMaximumCountWithFixedSleep(maxRetries=15, sleepTime=1000 MILLISECONDS)
2021-10-28 03:01:52,678 [EndpointStateMachine task thread for /127.0.0.1:13013 - 0 ] INFO  ipc.Client (Client.java:handleConnectionFailure(977)) - Retrying connect to server: localhost/127.0.0.1:13013. Already tried 13 time(s); retry policy is RetryUpToMaximumCountWithFixedSleep(maxRetries=15, sleepTime=1000 MILLISECONDS)
2021-10-28 03:01:52,678 [EndpointStateMachine task thread for /127.0.0.1:13023 - 0 ] INFO  ipc.Client (Client.java:handleConnectionFailure(977)) - Retrying connect to server: localhost/127.0.0.1:13023. Already tried 13 time(s); retry policy is RetryUpToMaximumCountWithFixedSleep(maxRetries=15, sleepTime=1000 MILLISECONDS)
2021-10-28 03:01:52,870 [EndpointStateMachine task thread for /127.0.0.1:12199 - 0 ] INFO  ipc.Client (Client.java:handleConnectionFailure(977)) - Retrying connect to server: localhost/127.0.0.1:12199. Already tried 3 time(s); retry policy is RetryUpToMaximumCountWithFixedSleep(maxRetries=15, sleepTime=1000 MILLISECONDS)
2021-10-28 03:01:52,873 [EndpointStateMachine task thread for /127.0.0.1:12189 - 0 ] INFO  ipc.Client (Client.java:handleConnectionFailure(977)) - Retrying connect to server: localhost/127.0.0.1:12189. Already tried 3 time(s); retry policy is RetryUpToMaximumCountWithFixedSleep(maxRetries=15, sleepTime=1000 MILLISECONDS)
2021-10-28 03:01:53,216 [EndpointStateMachine task thread for /127.0.0.1:12209 - 0 ] INFO  ipc.Client (Client.java:handleConnectionFailure(977)) - Retrying connect to server: localhost/127.0.0.1:12209. Already tried 0 time(s); retry policy is RetryUpToMaximumCountWithFixedSleep(maxRetries=15, sleepTime=1000 MILLISECONDS)
2021-10-28 03:01:53,678 [EndpointStateMachine task thread for /127.0.0.1:13013 - 0 ] INFO  ipc.Client (Client.java:handleConnectionFailure(977)) - Retrying connect to server: localhost/127.0.0.1:13013. Already tried 14 time(s); retry policy is RetryUpToMaximumCountWithFixedSleep(maxRetries=15, sleepTime=1000 MILLISECONDS)
2021-10-28 03:01:53,680 [EndpointStateMachine task thread for /127.0.0.1:13023 - 0 ] INFO  ipc.Client (Client.java:handleConnectionFailure(977)) - Retrying connect to server: localhost/127.0.0.1:13023. Already tried 14 time(s); retry policy is RetryUpToMaximumCountWithFixedSleep(maxRetries=15, sleepTime=1000 MILLISECONDS)
2021-10-28 03:01:53,871 [EndpointStateMachine task thread for /127.0.0.1:12199 - 0 ] INFO  ipc.Client (Client.java:handleConnectionFailure(977)) - Retrying connect to server: localhost/127.0.0.1:12199. Already tried 4 time(s); retry policy is RetryUpToMaximumCountWithFixedSleep(maxRetries=15, sleepTime=1000 MILLISECONDS)
2021-10-28 03:01:53,874 [EndpointStateMachine task thread for /127.0.0.1:12189 - 0 ] INFO  ipc.Client (Client.java:handleConnectionFailure(977)) - Retrying connect to server: localhost/127.0.0.1:12189. Already tried 4 time(s); retry policy is RetryUpToMaximumCountWithFixedSleep(maxRetries=15, sleepTime=1000 MILLISECONDS)
2021-10-28 03:01:54,218 [EndpointStateMachine task thread for /127.0.0.1:12209 - 0 ] INFO  ipc.Client (Client.java:handleConnectionFailure(977)) - Retrying connect to server: localhost/127.0.0.1:12209. Already tried 1 time(s); retry policy is RetryUpToMaximumCountWithFixedSleep(maxRetries=15, sleepTime=1000 MILLISECONDS)
2021-10-28 03:01:54,338 [6dac361e-3d50-41be-ba36-b7bec097cbe9@group-390751046F7B-LeaderStateImpl] INFO  server.RaftServer$Division (ServerState.java:setRaftConf(387)) - 6dac361e-3d50-41be-ba36-b7bec097cbe9@group-390751046F7B: set configuration 3: [6dac361e-3d50-41be-ba36-b7bec097cbe9|rpc:localhost:13032|admin:|client:|dataStream:|priority:0, 13676ba2-e17b-4a8f-9926-6ead84168abe|rpc:localhost:13042|priority:0], old=[6dac361e-3d50-41be-ba36-b7bec097cbe9|rpc:localhost:13032|admin:|client:|dataStream:|priority:0]
2021-10-28 03:01:54,340 [grpc-default-executor-1] INFO  server.RaftServer$Division (ServerState.java:setRaftConf(387)) - 13676ba2-e17b-4a8f-9926-6ead84168abe@group-390751046F7B: set configuration 3: [6dac361e-3d50-41be-ba36-b7bec097cbe9|rpc:localhost:13032|admin:|client:|dataStream:|priority:0, 13676ba2-e17b-4a8f-9926-6ead84168abe|rpc:localhost:13042|admin:|client:|dataStream:|priority:0], old=[6dac361e-3d50-41be-ba36-b7bec097cbe9|rpc:localhost:13032|admin:|client:|dataStream:|priority:0]
2021-10-28 03:01:54,340 [grpc-default-executor-1] INFO  segmented.SegmentedRaftLogWorker (SegmentedRaftLogWorker.java:startLogSegment(394)) - 13676ba2-e17b-4a8f-9926-6ead84168abe@group-390751046F7B-SegmentedRaftLogWorker: Starting segment from index:3
2021-10-28 03:01:54,347 [13676ba2-e17b-4a8f-9926-6ead84168abe@group-390751046F7B-SegmentedRaftLogWorker] INFO  segmented.SegmentedRaftLogWorker (SegmentedRaftLogWorker.java:execute(601)) - 13676ba2-e17b-4a8f-9926-6ead84168abe@group-390751046F7B-SegmentedRaftLogWorker: created new log segment /home/runner/work/ozone/ozone/hadoop-ozone/integration-test/target/test-dir/MiniOzoneClusterImpl-701359f1-d346-43a7-a18b-390751046f7b/scmNode-2/scm-ha/701359f1-d346-43a7-a18b-390751046f7b/current/log_inprogress_3
2021-10-28 03:01:54,355 [6dac361e-3d50-41be-ba36-b7bec097cbe9@group-390751046F7B-LeaderStateImpl] INFO  server.RaftServer$Division (ServerState.java:setRaftConf(387)) - 6dac361e-3d50-41be-ba36-b7bec097cbe9@group-390751046F7B: set configuration 5: [6dac361e-3d50-41be-ba36-b7bec097cbe9|rpc:localhost:13032|admin:|client:|dataStream:|priority:0, 13676ba2-e17b-4a8f-9926-6ead84168abe|rpc:localhost:13042|priority:0], old=null
2021-10-28 03:01:54,359 [grpc-default-executor-1] INFO  server.RaftServer$Division (ServerState.java:setRaftConf(387)) - 13676ba2-e17b-4a8f-9926-6ead84168abe@group-390751046F7B: set configuration 5: [6dac361e-3d50-41be-ba36-b7bec097cbe9|rpc:localhost:13032|admin:|client:|dataStream:|priority:0, 13676ba2-e17b-4a8f-9926-6ead84168abe|rpc:localhost:13042|admin:|client:|dataStream:|priority:0], old=null
2021-10-28 03:01:54,367 [13676ba2-e17b-4a8f-9926-6ead84168abe@group-390751046F7B-StateMachineUpdater] INFO  safemode.HealthyPipelineSafeModeRule (HealthyPipelineSafeModeRule.java:initializeRule(152)) - Refreshed total pipeline count is 0, healthy pipeline threshold count is 1
2021-10-28 03:01:54,367 [13676ba2-e17b-4a8f-9926-6ead84168abe@group-390751046F7B-StateMachineUpdater] INFO  safemode.ContainerSafeModeRule (ContainerSafeModeRule.java:reInitializeRule(177)) - Refreshed one replica container threshold 0, currentThreshold 0
2021-10-28 03:01:54,367 [13676ba2-e17b-4a8f-9926-6ead84168abe@group-390751046F7B-StateMachineUpdater] INFO  safemode.OneReplicaPipelineSafeModeRule (OneReplicaPipelineSafeModeRule.java:initializeRule(176)) - Refreshed Total pipeline count is 0, pipeline's with at least one datanode reported threshold count is 0
2021-10-28 03:01:54,367 [13676ba2-e17b-4a8f-9926-6ead84168abe@group-390751046F7B-StateMachineUpdater] INFO  server.SCMDatanodeProtocolServer (SCMDatanodeProtocolServer.java:start(181)) - RPC server for DataNodes is listening at /0.0.0.0:13043
2021-10-28 03:01:54,375 [IPC Server listener on 13043] INFO  ipc.Server (Server.java:run(1344)) - IPC Server listener on 13043: starting
2021-10-28 03:01:54,390 [IPC Server Responder] INFO  ipc.Server (Server.java:run(1507)) - IPC Server Responder: starting
2021-10-28 03:01:54,400 [6dac361e-3d50-41be-ba36-b7bec097cbe9@group-390751046F7B-StateMachineUpdater] INFO  ha.SCMStateMachine (SCMStateMachine.java:takeSnapshot(290)) - Current Snapshot Index 5, takeSnapshot took 0 ms
2021-10-28 03:01:54,400 [6dac361e-3d50-41be-ba36-b7bec097cbe9@group-390751046F7B-StateMachineUpdater] INFO  impl.StateMachineUpdater (StateMachineUpdater.java:takeSnapshot(281)) - 6dac361e-3d50-41be-ba36-b7bec097cbe9@group-390751046F7B-StateMachineUpdater: Took a snapshot at index 5
2021-10-28 03:01:54,400 [6dac361e-3d50-41be-ba36-b7bec097cbe9@group-390751046F7B-StateMachineUpdater] INFO  impl.StateMachineUpdater (StateMachineUpdater.java:lambda$new$0(89)) - 6dac361e-3d50-41be-ba36-b7bec097cbe9@group-390751046F7B-StateMachineUpdater: snapshotIndex: updateIncreasingly -1 -> 5
2021-10-28 03:01:54,400 [6dac361e-3d50-41be-ba36-b7bec097cbe9@group-390751046F7B-StateMachineUpdater] INFO  raftlog.RaftLog (RaftLogBase.java:purge(306)) - 6dac361e-3d50-41be-ba36-b7bec097cbe9@group-390751046F7B-SegmentedRaftLog: purge 5
2021-10-28 03:01:54,400 [IPC Server handler 2 on default port 13034] INFO  ha.SCMRatisServerImpl (SCMRatisServerImpl.java:addSCM(302)) - Successfully added new SCM: 13676ba2-e17b-4a8f-9926-6ead84168abe.
2021-10-28 03:01:54,401 [6dac361e-3d50-41be-ba36-b7bec097cbe9@group-390751046F7B-StateMachineUpdater] INFO  raftlog.RaftLog (RaftLogBase.java:lambda$new$0(53)) - 6dac361e-3d50-41be-ba36-b7bec097cbe9@group-390751046F7B-SegmentedRaftLog: snapshotIndex: updateIncreasingly -1 -> 5
2021-10-28 03:01:54,401 [Listener at 0.0.0.0/13045] INFO  ha.SCMHAManagerImpl (SCMHAManagerImpl.java:start(116)) - Successfully added SCM scmNode-2 to group group-390751046F7B:[6dac361e-3d50-41be-ba36-b7bec097cbe9|rpc:localhost:13032|admin:|client:|dataStream:|priority:0, 13676ba2-e17b-4a8f-9926-6ead84168abe|rpc:localhost:13042|admin:|client:|dataStream:|priority:0]
2021-10-28 03:01:54,401 [Listener at 0.0.0.0/13045] INFO  ha.InterSCMGrpcService (InterSCMGrpcProtocolService.java:start(94)) - Starting SCM Grpc Service at port 13046
2021-10-28 03:01:54,402 [Listener at 0.0.0.0/13045] INFO  impl.MetricsSystemImpl (MetricsSystemImpl.java:init(158)) - StorageContainerManager metrics system started (again)
2021-10-28 03:01:54,401 [6dac361e-3d50-41be-ba36-b7bec097cbe9@group-390751046F7B-SegmentedRaftLogWorker] INFO  raftlog.RaftLog (RaftLogBase.java:lambda$new$0(53)) - 6dac361e-3d50-41be-ba36-b7bec097cbe9@group-390751046F7B-SegmentedRaftLog: purgeIndex: updateToMax old=-1, new=0, updated? true
2021-10-28 03:01:54,459 [Listener at 0.0.0.0/13045] INFO  server.SCMClientProtocolServer (SCMClientProtocolServer.java:start(164)) - RPC server for Client  is listening at /0.0.0.0:13045
2021-10-28 03:01:54,471 [IPC Server Responder] INFO  ipc.Server (Server.java:run(1507)) - IPC Server Responder: starting
2021-10-28 03:01:54,491 [IPC Server listener on 13045] INFO  ipc.Server (Server.java:run(1344)) - IPC Server listener on 13045: starting
2021-10-28 03:01:54,519 [Listener at 0.0.0.0/13045] INFO  server.StorageContainerManager (StorageContainerManager.java:start(1318)) - ScmBlockLocationProtocol RPC server is listening at /0.0.0.0:13044
2021-10-28 03:01:54,519 [Listener at 0.0.0.0/13045] INFO  server.SCMBlockProtocolServer (SCMBlockProtocolServer.java:start(151)) - RPC server for Block Protocol is listening at /0.0.0.0:13044
2021-10-28 03:01:54,527 [IPC Server Responder] INFO  ipc.Server (Server.java:run(1507)) - IPC Server Responder: starting
2021-10-28 03:01:54,527 [IPC Server listener on 13044] INFO  ipc.Server (Server.java:run(1344)) - IPC Server listener on 13044: starting
2021-10-28 03:01:54,529 [Listener at 0.0.0.0/13045] INFO  server.StorageContainerManager (StorageContainerManager.java:start(1324)) - ScmDatanodeProtocl RPC server is listening at /0.0.0.0:13043
2021-10-28 03:01:54,531 [Listener at 0.0.0.0/13045] INFO  http.BaseHttpServer (BaseHttpServer.java:newHttpServer2BuilderForOzone(209)) - Starting Web-server for scm at: http://0.0.0.0:13040
2021-10-28 03:01:54,532 [Listener at 0.0.0.0/13045] INFO  http.BaseHttpServer (BaseHttpServer.java:<init>(107)) - Hadoop Security Enabled: false Ozone Security Enabled: false Ozone HTTP Security Enabled: false 
2021-10-28 03:01:54,555 [org.apache.hadoop.util.JvmPauseMonitor$Monitor@145f4f6c] INFO  util.JvmPauseMonitor (JvmPauseMonitor.java:run(188)) - Starting JVM pause monitor
2021-10-28 03:01:54,559 [Listener at 0.0.0.0/13045] INFO  server.AuthenticationFilter (AuthenticationFilter.java:constructSecretProvider(240)) - Unable to initialize FileSignerSecretProvider, falling back to use random secrets.
2021-10-28 03:01:54,563 [Listener at 0.0.0.0/13045] WARN  http.HttpRequestLog (HttpRequestLog.java:getRequestLog(103)) - Jetty request log can only be enabled using Log4j
2021-10-28 03:01:54,564 [Listener at 0.0.0.0/13045] INFO  http.HttpServer2 (HttpServer2.java:addGlobalFilter(1030)) - Added global filter 'safety' (class=org.apache.hadoop.hdds.server.http.HttpServer2$QuotingInputFilter)
2021-10-28 03:01:54,565 [Listener at 0.0.0.0/13045] INFO  http.HttpServer2 (HttpServer2.java:addFilter(1006)) - Added filter static_user_filter (class=org.apache.hadoop.http.lib.StaticUserWebFilter$StaticUserFilter) to context scm
2021-10-28 03:01:54,565 [Listener at 0.0.0.0/13045] INFO  http.HttpServer2 (HttpServer2.java:addFilter(1014)) - Added filter static_user_filter (class=org.apache.hadoop.http.lib.StaticUserWebFilter$StaticUserFilter) to context static
2021-10-28 03:01:54,565 [Listener at 0.0.0.0/13045] INFO  http.HttpServer2 (HttpServer2.java:addFilter(1014)) - Added filter static_user_filter (class=org.apache.hadoop.http.lib.StaticUserWebFilter$StaticUserFilter) to context logs
2021-10-28 03:01:54,566 [Listener at 0.0.0.0/13045] INFO  http.HttpServer2 (HttpServer2.java:bindListener(1249)) - Jetty bound to port 13040
2021-10-28 03:01:54,566 [Listener at 0.0.0.0/13045] INFO  server.Server (Server.java:doStart(375)) - jetty-9.4.43.v20210629; built: 2021-06-30T11:07:22.254Z; git: 526006ecfa3af7f1a27ef3a288e2bef7ea9dd7e8; jvm 1.8.0_292-b10
2021-10-28 03:01:54,582 [Listener at 0.0.0.0/13045] INFO  server.session (DefaultSessionIdManager.java:doStart(334)) - DefaultSessionIdManager workerName=node0
2021-10-28 03:01:54,583 [Listener at 0.0.0.0/13045] INFO  server.session (DefaultSessionIdManager.java:doStart(339)) - No SessionScavenger set, using defaults
2021-10-28 03:01:54,583 [Listener at 0.0.0.0/13045] INFO  server.session (HouseKeeper.java:startScavenging(132)) - node0 Scavenging every 600000ms
2021-10-28 03:01:54,588 [Listener at 0.0.0.0/13045] INFO  handler.ContextHandler (ContextHandler.java:doStart(915)) - Started o.e.j.s.ServletContextHandler@2fa44cdf{logs,/logs,file:///home/runner/work/ozone/ozone/hadoop-ozone/integration-test/target/log,AVAILABLE}
2021-10-28 03:01:54,588 [Listener at 0.0.0.0/13045] INFO  handler.ContextHandler (ContextHandler.java:doStart(915)) - Started o.e.j.s.ServletContextHandler@11214149{static,/static,file:///home/runner/work/ozone/ozone/hadoop-ozone/integration-test/target/test-classes/webapps/static,AVAILABLE}
2021-10-28 03:01:54,612 [Listener at 0.0.0.0/13045] INFO  handler.ContextHandler (ContextHandler.java:doStart(915)) - Started o.e.j.w.WebAppContext@1b0c9f26{scm,/,file:///home/runner/work/ozone/ozone/hadoop-ozone/integration-test/target/test-classes/webapps/scm/,AVAILABLE}{file:/home/runner/work/ozone/ozone/hadoop-ozone/integration-test/target/test-classes/webapps/scm}
2021-10-28 03:01:54,619 [Listener at 0.0.0.0/13045] INFO  server.AbstractConnector (AbstractConnector.java:doStart(331)) - Started ServerConnector@57dd604b{HTTP/1.1, (http/1.1)}{0.0.0.0:13040}
2021-10-28 03:01:54,619 [Listener at 0.0.0.0/13045] INFO  server.Server (Server.java:doStart(415)) - Started @147182ms
2021-10-28 03:01:54,619 [Listener at 0.0.0.0/13045] WARN  impl.MetricsSystemImpl (MetricsSystemImpl.java:register(279)) - Sink prometheus already exists!
2021-10-28 03:01:54,620 [Listener at 0.0.0.0/13045] INFO  http.BaseHttpServer (BaseHttpServer.java:updateConnectorAddress(329)) - HTTP server of scm listening at http://0.0.0.0:13040
2021-10-28 03:01:54,620 [Listener at 0.0.0.0/13045] INFO  ozone.MiniOzoneHAClusterImpl (MiniOzoneHAClusterImpl.java:createSCMService(564)) - Started SCM RPC server at org.apache.hadoop.hdds.scm.server.SCMClientProtocolServer@564d535c
2021-10-28 03:01:54,620 [Listener at 0.0.0.0/13045] INFO  ha.SCMHANodeDetails (SCMHANodeDetails.java:loadSCMHAConfig(157)) - ServiceID for StorageContainerManager is scm-service-test1
2021-10-28 03:01:54,620 [Listener at 0.0.0.0/13045] INFO  ha.SCMHANodeDetails (SCMHANodeDetails.java:loadSCMHAConfig(168)) - ServiceID for StorageContainerManager is scm-service-test1
2021-10-28 03:01:54,621 [Listener at 0.0.0.0/13045] WARN  scm.ScmUtils (ScmUtils.java:logWarn(179)) - ConfigKey ozone.scm.block.client.address is deprecated, For configuring different ports for each SCM use PortConfigKey ozone.scm.block.client.port appended with serviceId and nodeId. If want to configure same port configure ozone.scm.block.client.port
2021-10-28 03:01:54,621 [Listener at 0.0.0.0/13045] WARN  scm.ScmUtils (ScmUtils.java:logWarn(179)) - ConfigKey ozone.scm.client.address is deprecated, For configuring different ports for each SCM use PortConfigKey ozone.scm.client.port appended with serviceId and nodeId. If want to configure same port configure ozone.scm.client.port
2021-10-28 03:01:54,621 [Listener at 0.0.0.0/13045] WARN  scm.ScmUtils (ScmUtils.java:logWarn(179)) - ConfigKey ozone.scm.datanode.address is deprecated, For configuring different ports for each SCM use PortConfigKey ozone.scm.datanode.port appended with serviceId and nodeId. If want to configure same port configure ozone.scm.datanode.port
2021-10-28 03:01:54,621 [Listener at 0.0.0.0/13045] WARN  scm.ScmUtils (ScmUtils.java:logWarn(179)) - ConfigKey ozone.scm.block.client.address is deprecated, For configuring different ports for each SCM use PortConfigKey ozone.scm.block.client.port appended with serviceId and nodeId. If want to configure same port configure ozone.scm.block.client.port
2021-10-28 03:01:54,621 [Listener at 0.0.0.0/13045] WARN  scm.ScmUtils (ScmUtils.java:logWarn(179)) - ConfigKey ozone.scm.client.address is deprecated, For configuring different ports for each SCM use PortConfigKey ozone.scm.client.port appended with serviceId and nodeId. If want to configure same port configure ozone.scm.client.port
2021-10-28 03:01:54,621 [Listener at 0.0.0.0/13045] WARN  scm.ScmUtils (ScmUtils.java:logWarn(179)) - ConfigKey ozone.scm.datanode.address is deprecated, For configuring different ports for each SCM use PortConfigKey ozone.scm.datanode.port appended with serviceId and nodeId. If want to configure same port configure ozone.scm.datanode.port
2021-10-28 03:01:54,621 [Listener at 0.0.0.0/13045] INFO  ha.SCMHANodeDetails (SCMHANodeDetails.java:loadSCMHAConfig(250)) - Found matching SCM address with SCMServiceId: scm-service-test1, SCMNodeId: scmNode-3, RPC Address: localhost:13052 and Ratis port: 13052
2021-10-28 03:01:54,621 [Listener at 0.0.0.0/13045] INFO  ha.SCMHANodeDetails (ConfUtils.java:setNodeSpecificConfigs(108)) - Setting configuration key ozone.scm.datanode.address with value of key ozone.scm.datanode.address.scm-service-test1.scmNode-3: 127.0.0.1:13053
2021-10-28 03:01:54,622 [Listener at 0.0.0.0/13045] INFO  ha.SCMHANodeDetails (ConfUtils.java:setNodeSpecificConfigs(108)) - Setting configuration key ozone.scm.block.client.address with value of key ozone.scm.block.client.address.scm-service-test1.scmNode-3: 127.0.0.1:13054
2021-10-28 03:01:54,622 [Listener at 0.0.0.0/13045] INFO  ha.SCMHANodeDetails (ConfUtils.java:setNodeSpecificConfigs(108)) - Setting configuration key ozone.scm.client.address with value of key ozone.scm.client.address.scm-service-test1.scmNode-3: 127.0.0.1:13055
2021-10-28 03:01:54,622 [Listener at 0.0.0.0/13045] INFO  ha.SCMHANodeDetails (ConfUtils.java:setNodeSpecificConfigs(108)) - Setting configuration key ozone.scm.ratis.port with value of key ozone.scm.ratis.port.scm-service-test1.scmNode-3: 13052
2021-10-28 03:01:54,622 [Listener at 0.0.0.0/13045] INFO  ha.SCMHANodeDetails (ConfUtils.java:setNodeSpecificConfigs(108)) - Setting configuration key ozone.scm.grpc.port with value of key ozone.scm.grpc.port.scm-service-test1.scmNode-3: 13056
2021-10-28 03:01:54,622 [Listener at 0.0.0.0/13045] INFO  ha.SCMHANodeDetails (ConfUtils.java:setNodeSpecificConfigs(108)) - Setting configuration key ozone.scm.http-address with value of key ozone.scm.http-address.scm-service-test1.scmNode-3: 127.0.0.1:13050
2021-10-28 03:01:54,622 [Listener at 0.0.0.0/13045] INFO  ha.SCMHANodeDetails (ConfUtils.java:setNodeSpecificConfigs(108)) - Setting configuration key ozone.scm.https-address with value of key ozone.scm.https-address.scm-service-test1.scmNode-3: 127.0.0.1:13051
2021-10-28 03:01:54,622 [Listener at 0.0.0.0/13045] INFO  ha.SCMHANodeDetails (ConfUtils.java:setNodeSpecificConfigs(108)) - Setting configuration key ozone.scm.address with value of key ozone.scm.address.scm-service-test1.scmNode-3: 127.0.0.1
2021-10-28 03:01:54,622 [Listener at 0.0.0.0/13045] WARN  scm.ScmUtils (ScmUtils.java:logWarn(179)) - ConfigKey ozone.scm.block.client.address is deprecated, For configuring different ports for each SCM use PortConfigKey ozone.scm.block.client.port appended with serviceId and nodeId. If want to configure same port configure ozone.scm.block.client.port
2021-10-28 03:01:54,622 [Listener at 0.0.0.0/13045] WARN  scm.ScmUtils (ScmUtils.java:logWarn(179)) - ConfigKey ozone.scm.client.address is deprecated, For configuring different ports for each SCM use PortConfigKey ozone.scm.client.port appended with serviceId and nodeId. If want to configure same port configure ozone.scm.client.port
2021-10-28 03:01:54,622 [Listener at 0.0.0.0/13045] WARN  scm.ScmUtils (ScmUtils.java:logWarn(179)) - ConfigKey ozone.scm.datanode.address is deprecated, For configuring different ports for each SCM use PortConfigKey ozone.scm.datanode.port appended with serviceId and nodeId. If want to configure same port configure ozone.scm.datanode.port
2021-10-28 03:01:54,626 [Listener at 0.0.0.0/13045] WARN  server.ServerUtils (ServerUtils.java:getScmDbDir(148)) - ozone.scm.db.dirs is not configured. We recommend adding this setting. Falling back to ozone.metadata.dirs instead.
2021-10-28 03:01:54,627 [Listener at 0.0.0.0/13045] INFO  ha.SCMNodeInfo (SCMNodeInfo.java:getPort(197)) - ConfigKey ozone.scm.client.address is deprecated, For configuring different ports for each SCM use PortConfigKey ozone.scm.client.port appended with serviceId and nodeId
2021-10-28 03:01:54,627 [Listener at 0.0.0.0/13045] INFO  ha.SCMNodeInfo (SCMNodeInfo.java:getPort(197)) - ConfigKey ozone.scm.block.client.address is deprecated, For configuring different ports for each SCM use PortConfigKey ozone.scm.block.client.port appended with serviceId and nodeId
2021-10-28 03:01:54,627 [Listener at 0.0.0.0/13045] INFO  ha.SCMNodeInfo (SCMNodeInfo.java:getPort(197)) - ConfigKey ozone.scm.datanode.address is deprecated, For configuring different ports for each SCM use PortConfigKey ozone.scm.datanode.port appended with serviceId and nodeId
2021-10-28 03:01:54,627 [Listener at 0.0.0.0/13045] INFO  ha.SCMNodeInfo (SCMNodeInfo.java:getPort(197)) - ConfigKey ozone.scm.client.address is deprecated, For configuring different ports for each SCM use PortConfigKey ozone.scm.client.port appended with serviceId and nodeId
2021-10-28 03:01:54,627 [Listener at 0.0.0.0/13045] INFO  ha.SCMNodeInfo (SCMNodeInfo.java:getPort(197)) - ConfigKey ozone.scm.block.client.address is deprecated, For configuring different ports for each SCM use PortConfigKey ozone.scm.block.client.port appended with serviceId and nodeId
2021-10-28 03:01:54,627 [Listener at 0.0.0.0/13045] INFO  ha.SCMNodeInfo (SCMNodeInfo.java:getPort(197)) - ConfigKey ozone.scm.datanode.address is deprecated, For configuring different ports for each SCM use PortConfigKey ozone.scm.datanode.port appended with serviceId and nodeId
2021-10-28 03:01:54,628 [Listener at 0.0.0.0/13045] INFO  ha.SCMNodeInfo (SCMNodeInfo.java:getPort(197)) - ConfigKey ozone.scm.client.address is deprecated, For configuring different ports for each SCM use PortConfigKey ozone.scm.client.port appended with serviceId and nodeId
2021-10-28 03:01:54,628 [Listener at 0.0.0.0/13045] INFO  ha.SCMNodeInfo (SCMNodeInfo.java:getPort(197)) - ConfigKey ozone.scm.block.client.address is deprecated, For configuring different ports for each SCM use PortConfigKey ozone.scm.block.client.port appended with serviceId and nodeId
2021-10-28 03:01:54,628 [Listener at 0.0.0.0/13045] INFO  ha.SCMNodeInfo (SCMNodeInfo.java:getPort(197)) - ConfigKey ozone.scm.datanode.address is deprecated, For configuring different ports for each SCM use PortConfigKey ozone.scm.datanode.port appended with serviceId and nodeId
2021-10-28 03:01:54,680 [EndpointStateMachine task thread for /127.0.0.1:13013 - 0 ] INFO  ipc.Client (Client.java:handleConnectionFailure(977)) - Retrying connect to server: localhost/127.0.0.1:13013. Already tried 0 time(s); retry policy is RetryUpToMaximumCountWithFixedSleep(maxRetries=15, sleepTime=1000 MILLISECONDS)
2021-10-28 03:01:54,684 [EndpointStateMachine task thread for /127.0.0.1:13023 - 0 ] INFO  ipc.Client (Client.java:handleConnectionFailure(977)) - Retrying connect to server: localhost/127.0.0.1:13023. Already tried 0 time(s); retry policy is RetryUpToMaximumCountWithFixedSleep(maxRetries=15, sleepTime=1000 MILLISECONDS)
2021-10-28 03:01:54,685 [Listener at 0.0.0.0/13045] INFO  server.StorageContainerManager (StorageContainerManager.java:scmBootstrap(987)) - SCM BootStrap  is successful for ClusterID 701359f1-d346-43a7-a18b-390751046f7b, SCMID f925c0d7-10bd-441b-a371-a3422131d7f8
2021-10-28 03:01:54,685 [Listener at 0.0.0.0/13045] INFO  server.StorageContainerManager (StorageContainerManager.java:scmBootstrap(989)) - Primary SCM Node ID 6dac361e-3d50-41be-ba36-b7bec097cbe9
2021-10-28 03:01:54,685 [Listener at 0.0.0.0/13045] INFO  ha.SCMHANodeDetails (SCMHANodeDetails.java:loadSCMHAConfig(157)) - ServiceID for StorageContainerManager is scm-service-test1
2021-10-28 03:01:54,685 [Listener at 0.0.0.0/13045] INFO  ha.SCMHANodeDetails (SCMHANodeDetails.java:loadSCMHAConfig(168)) - ServiceID for StorageContainerManager is scm-service-test1
2021-10-28 03:01:54,686 [Listener at 0.0.0.0/13045] WARN  scm.ScmUtils (ScmUtils.java:logWarn(179)) - ConfigKey ozone.scm.block.client.address is deprecated, For configuring different ports for each SCM use PortConfigKey ozone.scm.block.client.port appended with serviceId and nodeId. If want to configure same port configure ozone.scm.block.client.port
2021-10-28 03:01:54,686 [Listener at 0.0.0.0/13045] WARN  scm.ScmUtils (ScmUtils.java:logWarn(179)) - ConfigKey ozone.scm.client.address is deprecated, For configuring different ports for each SCM use PortConfigKey ozone.scm.client.port appended with serviceId and nodeId. If want to configure same port configure ozone.scm.client.port
2021-10-28 03:01:54,686 [Listener at 0.0.0.0/13045] WARN  scm.ScmUtils (ScmUtils.java:logWarn(179)) - ConfigKey ozone.scm.datanode.address is deprecated, For configuring different ports for each SCM use PortConfigKey ozone.scm.datanode.port appended with serviceId and nodeId. If want to configure same port configure ozone.scm.datanode.port
2021-10-28 03:01:54,686 [Listener at 0.0.0.0/13045] WARN  scm.ScmUtils (ScmUtils.java:logWarn(179)) - ConfigKey ozone.scm.block.client.address is deprecated, For configuring different ports for each SCM use PortConfigKey ozone.scm.block.client.port appended with serviceId and nodeId. If want to configure same port configure ozone.scm.block.client.port
2021-10-28 03:01:54,686 [Listener at 0.0.0.0/13045] WARN  scm.ScmUtils (ScmUtils.java:logWarn(179)) - ConfigKey ozone.scm.client.address is deprecated, For configuring different ports for each SCM use PortConfigKey ozone.scm.client.port appended with serviceId and nodeId. If want to configure same port configure ozone.scm.client.port
2021-10-28 03:01:54,686 [Listener at 0.0.0.0/13045] WARN  scm.ScmUtils (ScmUtils.java:logWarn(179)) - ConfigKey ozone.scm.datanode.address is deprecated, For configuring different ports for each SCM use PortConfigKey ozone.scm.datanode.port appended with serviceId and nodeId. If want to configure same port configure ozone.scm.datanode.port
2021-10-28 03:01:54,686 [Listener at 0.0.0.0/13045] INFO  ha.SCMHANodeDetails (SCMHANodeDetails.java:loadSCMHAConfig(250)) - Found matching SCM address with SCMServiceId: scm-service-test1, SCMNodeId: scmNode-3, RPC Address: localhost:13052 and Ratis port: 13052
2021-10-28 03:01:54,687 [Listener at 0.0.0.0/13045] INFO  ha.SCMHANodeDetails (ConfUtils.java:setNodeSpecificConfigs(108)) - Setting configuration key ozone.scm.datanode.address with value of key ozone.scm.datanode.address.scm-service-test1.scmNode-3: 127.0.0.1:13053
2021-10-28 03:01:54,687 [Listener at 0.0.0.0/13045] INFO  ha.SCMHANodeDetails (ConfUtils.java:setNodeSpecificConfigs(108)) - Setting configuration key ozone.scm.block.client.address with value of key ozone.scm.block.client.address.scm-service-test1.scmNode-3: 127.0.0.1:13054
2021-10-28 03:01:54,687 [Listener at 0.0.0.0/13045] INFO  ha.SCMHANodeDetails (ConfUtils.java:setNodeSpecificConfigs(108)) - Setting configuration key ozone.scm.client.address with value of key ozone.scm.client.address.scm-service-test1.scmNode-3: 127.0.0.1:13055
2021-10-28 03:01:54,687 [Listener at 0.0.0.0/13045] INFO  ha.SCMHANodeDetails (ConfUtils.java:setNodeSpecificConfigs(108)) - Setting configuration key ozone.scm.ratis.port with value of key ozone.scm.ratis.port.scm-service-test1.scmNode-3: 13052
2021-10-28 03:01:54,687 [Listener at 0.0.0.0/13045] INFO  ha.SCMHANodeDetails (ConfUtils.java:setNodeSpecificConfigs(108)) - Setting configuration key ozone.scm.grpc.port with value of key ozone.scm.grpc.port.scm-service-test1.scmNode-3: 13056
2021-10-28 03:01:54,687 [Listener at 0.0.0.0/13045] INFO  ha.SCMHANodeDetails (ConfUtils.java:setNodeSpecificConfigs(108)) - Setting configuration key ozone.scm.http-address with value of key ozone.scm.http-address.scm-service-test1.scmNode-3: 127.0.0.1:13050
2021-10-28 03:01:54,687 [Listener at 0.0.0.0/13045] INFO  ha.SCMHANodeDetails (ConfUtils.java:setNodeSpecificConfigs(108)) - Setting configuration key ozone.scm.https-address with value of key ozone.scm.https-address.scm-service-test1.scmNode-3: 127.0.0.1:13051
2021-10-28 03:01:54,687 [Listener at 0.0.0.0/13045] INFO  ha.SCMHANodeDetails (ConfUtils.java:setNodeSpecificConfigs(108)) - Setting configuration key ozone.scm.address with value of key ozone.scm.address.scm-service-test1.scmNode-3: 127.0.0.1
2021-10-28 03:01:54,690 [Listener at 0.0.0.0/13045] WARN  scm.ScmUtils (ScmUtils.java:logWarn(179)) - ConfigKey ozone.scm.block.client.address is deprecated, For configuring different ports for each SCM use PortConfigKey ozone.scm.block.client.port appended with serviceId and nodeId. If want to configure same port configure ozone.scm.block.client.port
2021-10-28 03:01:54,691 [Listener at 0.0.0.0/13045] WARN  scm.ScmUtils (ScmUtils.java:logWarn(179)) - ConfigKey ozone.scm.client.address is deprecated, For configuring different ports for each SCM use PortConfigKey ozone.scm.client.port appended with serviceId and nodeId. If want to configure same port configure ozone.scm.client.port
2021-10-28 03:01:54,691 [Listener at 0.0.0.0/13045] WARN  scm.ScmUtils (ScmUtils.java:logWarn(179)) - ConfigKey ozone.scm.datanode.address is deprecated, For configuring different ports for each SCM use PortConfigKey ozone.scm.datanode.port appended with serviceId and nodeId. If want to configure same port configure ozone.scm.datanode.port
2021-10-28 03:01:54,691 [Listener at 0.0.0.0/13045] WARN  server.ServerUtils (ServerUtils.java:getScmDbDir(148)) - ozone.scm.db.dirs is not configured. We recommend adding this setting. Falling back to ozone.metadata.dirs instead.
2021-10-28 03:01:54,692 [Listener at 0.0.0.0/13045] INFO  upgrade.AbstractLayoutVersionManager (AbstractLayoutVersionManager.java:init(79)) - Initializing Layout version manager with metadata layout = SCM_HA (version = 2), software layout = SCM_HA (version = 2)
2021-10-28 03:01:54,797 [Listener at 0.0.0.0/13045] INFO  reflections.Reflections (Reflections.java:scan(232)) - Reflections took 104 ms to scan 7 urls, producing 119 keys and 279 values 
2021-10-28 03:01:54,799 [Listener at 0.0.0.0/13045] WARN  utils.HAUtils (HAUtils.java:getMetaDir(342)) - ozone.scm.db.dirs is not configured. We recommend adding this setting. Falling back to ozone.metadata.dirs instead.
2021-10-28 03:01:54,803 [Listener at 0.0.0.0/13045] WARN  db.DBStoreBuilder (DBStoreBuilder.java:applyDBDefinition(145)) - ozone.scm.db.dirs is not configured. We recommend adding this setting. Falling back to ozone.metadata.dirs instead.
2021-10-28 03:01:54,872 [EndpointStateMachine task thread for /127.0.0.1:12199 - 0 ] INFO  ipc.Client (Client.java:handleConnectionFailure(977)) - Retrying connect to server: localhost/127.0.0.1:12199. Already tried 5 time(s); retry policy is RetryUpToMaximumCountWithFixedSleep(maxRetries=15, sleepTime=1000 MILLISECONDS)
2021-10-28 03:01:54,874 [EndpointStateMachine task thread for /127.0.0.1:12189 - 0 ] INFO  ipc.Client (Client.java:handleConnectionFailure(977)) - Retrying connect to server: localhost/127.0.0.1:12189. Already tried 5 time(s); retry policy is RetryUpToMaximumCountWithFixedSleep(maxRetries=15, sleepTime=1000 MILLISECONDS)
2021-10-28 03:01:54,985 [Listener at 0.0.0.0/13045] INFO  net.NodeSchemaLoader (NodeSchemaLoader.java:loadSchemaFromFile(129)) - Loading schema from [jar:file:/home/runner/.m2/repository/org/apache/ozone/hdds-common/1.2.0-SNAPSHOT/hdds-common-1.2.0-SNAPSHOT.jar!/network-topology-default.xml]
2021-10-28 03:01:54,986 [Listener at 0.0.0.0/13045] INFO  net.NodeSchemaLoader (NodeSchemaLoader.java:loadSchema(176)) - Loading network topology layer schema file
2021-10-28 03:01:54,989 [Listener at 0.0.0.0/13045] WARN  impl.MetricRegistriesImpl (MetricRegistriesImpl.java:addReporterRegistration(111)) - New reporters are added after registries were created. Some metrics will be missing from the reporter. Please add reporter before adding any new registry.
2021-10-28 03:01:55,002 [Listener at 0.0.0.0/13045] WARN  impl.MetricRegistriesImpl (MetricRegistriesImpl.java:addReporterRegistration(111)) - New reporters are added after registries were created. Some metrics will be missing from the reporter. Please add reporter before adding any new registry.
2021-10-28 03:01:55,003 [Listener at 0.0.0.0/13045] INFO  ha.SCMRatisServerImpl (SCMRatisServerImpl.java:<init>(87)) - starting Raft server for scm:f925c0d7-10bd-441b-a371-a3422131d7f8
2021-10-28 03:01:55,004 [Listener at 0.0.0.0/13045] INFO  server.RaftServer (ConfUtils.java:logGet(44)) - raft.rpc.type = GRPC (default)
2021-10-28 03:01:55,004 [Listener at 0.0.0.0/13045] INFO  grpc.GrpcFactory (GrpcFactory.java:checkPooledByteBufAllocatorUseCacheForAllThreads(48)) - PERFORMANCE WARNING: useCacheForAllThreads is true that may cause Netty to create a lot garbage objects and, as a result, trigger GC.
	It is recommended to disable useCacheForAllThreads by setting -Dorg.apache.ratis.thirdparty.io.netty.allocator.useCacheForAllThreads=false in command line.
2021-10-28 03:01:55,004 [Listener at 0.0.0.0/13045] INFO  grpc.GrpcConfigKeys (ConfUtils.java:logGet(44)) - raft.grpc.admin.port = -1 (default)
2021-10-28 03:01:55,004 [Listener at 0.0.0.0/13045] INFO  grpc.GrpcConfigKeys (ConfUtils.java:logGet(44)) - raft.grpc.server.port = 13052 (custom)
2021-10-28 03:01:55,005 [Listener at 0.0.0.0/13045] INFO  grpc.GrpcConfigKeys (ConfUtils.java:logGet(44)) - raft.grpc.client.port = -1 (default)
2021-10-28 03:01:55,005 [Listener at 0.0.0.0/13045] INFO  grpc.GrpcConfigKeys (ConfUtils.java:logGet(44)) - raft.grpc.server.port = 13052 (custom)
2021-10-28 03:01:55,005 [Listener at 0.0.0.0/13045] INFO  grpc.GrpcConfigKeys (ConfUtils.java:logGet(44)) - raft.grpc.server.port = 13052 (custom)
2021-10-28 03:01:55,005 [Listener at 0.0.0.0/13045] INFO  server.GrpcService (ConfUtils.java:logGet(44)) - raft.grpc.message.size.max = 32m (=33554432) (custom)
2021-10-28 03:01:55,005 [Listener at 0.0.0.0/13045] INFO  server.RaftServerConfigKeys (ConfUtils.java:logGet(44)) - raft.server.log.appender.buffer.byte-limit = 33554432 (custom)
2021-10-28 03:01:55,005 [Listener at 0.0.0.0/13045] INFO  server.GrpcService (ConfUtils.java:logGet(44)) - raft.grpc.flow.control.window = 1MB (=1048576) (default)
2021-10-28 03:01:55,006 [Listener at 0.0.0.0/13045] INFO  server.RaftServerConfigKeys (ConfUtils.java:logGet(44)) - raft.server.rpc.request.timeout = 30000ms (custom)
2021-10-28 03:01:55,007 [Listener at 0.0.0.0/13045] INFO  impl.DataStreamServerImpl (ConfUtils.java:logGet(44)) - raft.datastream.type = DISABLED (default)
2021-10-28 03:01:55,011 [Listener at 0.0.0.0/13045] INFO  server.RaftServerConfigKeys (ConfUtils.java:logGet(44)) - raft.server.rpc.slowness.timeout = 120000ms (custom)
2021-10-28 03:01:55,011 [Listener at 0.0.0.0/13045] INFO  server.RaftServerConfigKeys (ConfUtils.java:logGet(44)) - raft.server.leaderelection.leader.step-down.wait-time = 10s (default)
2021-10-28 03:01:55,011 [Listener at 0.0.0.0/13045] INFO  server.RaftServerConfigKeys (ConfUtils.java:logGet(44)) - raft.server.storage.dir = [/home/runner/work/ozone/ozone/hadoop-ozone/integration-test/target/test-dir/MiniOzoneClusterImpl-701359f1-d346-43a7-a18b-390751046f7b/scmNode-3/scm-ha] (custom)
2021-10-28 03:01:55,019 [Listener at 0.0.0.0/13045] INFO  server.RaftServer (RaftServerProxy.java:addNew(95)) - f925c0d7-10bd-441b-a371-a3422131d7f8: addNew group-390751046F7B:[] returns group-390751046F7B:java.util.concurrent.CompletableFuture@757aced4[Not completed]
2021-10-28 03:01:55,019 [pool-441-thread-1] INFO  server.RaftServer$Division (RaftServerImpl.java:<init>(184)) - f925c0d7-10bd-441b-a371-a3422131d7f8: new RaftServerImpl for group-390751046F7B:[] with SCMStateMachine:uninitialized
2021-10-28 03:01:55,038 [pool-441-thread-1] INFO  server.RaftServerConfigKeys (ConfUtils.java:logGet(44)) - raft.server.rpc.timeout.min = 5000ms (custom)
2021-10-28 03:01:55,038 [pool-441-thread-1] INFO  server.RaftServerConfigKeys (ConfUtils.java:logGet(44)) - raft.server.rpc.timeout.max = 5200ms (custom)
2021-10-28 03:01:55,039 [pool-441-thread-1] INFO  server.RaftServerConfigKeys (ConfUtils.java:logGet(44)) - raft.server.rpc.sleep.time = 25ms (default)
2021-10-28 03:01:55,039 [pool-441-thread-1] INFO  server.RaftServerConfigKeys (ConfUtils.java:logGet(44)) - raft.server.rpc.slowness.timeout = 120000ms (custom)
2021-10-28 03:01:55,039 [pool-441-thread-1] INFO  server.RaftServerConfigKeys (ConfUtils.java:logGet(44)) - raft.server.leaderelection.leader.step-down.wait-time = 10s (default)
2021-10-28 03:01:55,039 [pool-441-thread-1] INFO  server.RaftServerConfigKeys (ConfUtils.java:logGet(44)) - raft.server.sleep.deviation.threshold = 300ms (default)
2021-10-28 03:01:55,039 [pool-441-thread-1] INFO  server.RaftServerConfigKeys (ConfUtils.java:logGet(44)) - raft.server.log.appender.install.snapshot.enabled = false (custom)
2021-10-28 03:01:55,039 [pool-441-thread-1] INFO  server.RaftServer$Division (ServerState.java:<init>(105)) - f925c0d7-10bd-441b-a371-a3422131d7f8@group-390751046F7B: ConfigurationManager, init=-1: [], old=null, confs=<EMPTY_MAP>
2021-10-28 03:01:55,039 [pool-441-thread-1] INFO  server.RaftServerConfigKeys (ConfUtils.java:logGet(44)) - raft.server.storage.dir = [/home/runner/work/ozone/ozone/hadoop-ozone/integration-test/target/test-dir/MiniOzoneClusterImpl-701359f1-d346-43a7-a18b-390751046f7b/scmNode-3/scm-ha] (custom)
2021-10-28 03:01:55,039 [pool-441-thread-1] INFO  server.RaftServerConfigKeys (ConfUtils.java:logGet(44)) - raft.server.log.corruption.policy = EXCEPTION (default)
2021-10-28 03:01:55,039 [pool-441-thread-1] INFO  server.RaftServerConfigKeys (ConfUtils.java:logGet(44)) - raft.server.storage.free-space.min = 0MB (=0) (default)
2021-10-28 03:01:55,039 [pool-441-thread-1] INFO  storage.RaftStorageDirectory (RaftStorageDirectoryImpl.java:analyzeStorage(135)) - The storage directory /home/runner/work/ozone/ozone/hadoop-ozone/integration-test/target/test-dir/MiniOzoneClusterImpl-701359f1-d346-43a7-a18b-390751046f7b/scmNode-3/scm-ha/701359f1-d346-43a7-a18b-390751046f7b does not exist. Creating ...
2021-10-28 03:01:55,041 [pool-441-thread-1] INFO  storage.RaftStorageDirectory (RaftStorageDirectoryImpl.java:tryLock(230)) - Lock on /home/runner/work/ozone/ozone/hadoop-ozone/integration-test/target/test-dir/MiniOzoneClusterImpl-701359f1-d346-43a7-a18b-390751046f7b/scmNode-3/scm-ha/701359f1-d346-43a7-a18b-390751046f7b/in_use.lock acquired by nodename 7917@fv-az184-410
2021-10-28 03:01:55,043 [pool-441-thread-1] INFO  storage.RaftStorage (RaftStorageImpl.java:format(89)) - Storage directory /home/runner/work/ozone/ozone/hadoop-ozone/integration-test/target/test-dir/MiniOzoneClusterImpl-701359f1-d346-43a7-a18b-390751046f7b/scmNode-3/scm-ha/701359f1-d346-43a7-a18b-390751046f7b has been successfully formatted.
2021-10-28 03:01:55,043 [pool-441-thread-1] INFO  server.RaftServerConfigKeys (ConfUtils.java:logGet(44)) - raft.server.notification.no-leader.timeout = 60s (default)
2021-10-28 03:01:55,043 [pool-441-thread-1] INFO  server.RaftServerConfigKeys (ConfUtils.java:logGet(44)) - raft.server.log.use.memory = false (default)
2021-10-28 03:01:55,044 [pool-441-thread-1] INFO  server.RaftServerConfigKeys (ConfUtils.java:logGet(44)) - raft.server.log.purge.gap = 5 (custom)
2021-10-28 03:01:55,044 [pool-441-thread-1] INFO  server.RaftServerConfigKeys (ConfUtils.java:logGet(44)) - raft.server.log.appender.buffer.byte-limit = 33554432 (custom)
2021-10-28 03:01:55,044 [pool-441-thread-1] INFO  server.RaftServerConfigKeys (ConfUtils.java:logGet(44)) - raft.server.log.segment.size.max = 4194304 (custom)
2021-10-28 03:01:55,044 [pool-441-thread-1] INFO  server.RaftServerConfigKeys (ConfUtils.java:logGet(44)) - raft.server.log.segment.cache.num.max = 2 (custom)
2021-10-28 03:01:55,044 [pool-441-thread-1] INFO  server.RaftServerConfigKeys (ConfUtils.java:logGet(44)) - raft.server.log.segment.cache.size.max = 200MB (=209715200) (default)
2021-10-28 03:01:55,044 [pool-441-thread-1] INFO  segmented.SegmentedRaftLogWorker (SegmentedRaftLogWorker.java:<init>(182)) - new f925c0d7-10bd-441b-a371-a3422131d7f8@group-390751046F7B-SegmentedRaftLogWorker for RaftStorageImpl:Storage Directory /home/runner/work/ozone/ozone/hadoop-ozone/integration-test/target/test-dir/MiniOzoneClusterImpl-701359f1-d346-43a7-a18b-390751046f7b/scmNode-3/scm-ha/701359f1-d346-43a7-a18b-390751046f7b
2021-10-28 03:01:55,044 [pool-441-thread-1] INFO  server.RaftServerConfigKeys (ConfUtils.java:logGet(44)) - raft.server.log.queue.byte-limit = 64MB (=67108864) (default)
2021-10-28 03:01:55,044 [pool-441-thread-1] INFO  server.RaftServerConfigKeys (ConfUtils.java:logGet(44)) - raft.server.log.queue.element-limit = 4096 (default)
2021-10-28 03:01:55,044 [pool-441-thread-1] INFO  server.RaftServerConfigKeys (ConfUtils.java:logGet(44)) - raft.server.log.segment.size.max = 4194304 (custom)
2021-10-28 03:01:55,045 [pool-441-thread-1] INFO  server.RaftServerConfigKeys (ConfUtils.java:logGet(44)) - raft.server.log.preallocated.size = 4194304 (custom)
2021-10-28 03:01:55,045 [pool-441-thread-1] INFO  server.RaftServerConfigKeys (ConfUtils.java:logGet(44)) - raft.server.log.force.sync.num = 128 (default)
2021-10-28 03:01:55,045 [pool-441-thread-1] INFO  server.RaftServerConfigKeys (ConfUtils.java:logGet(44)) - raft.server.log.statemachine.data.sync = true (default)
2021-10-28 03:01:55,045 [pool-441-thread-1] INFO  server.RaftServerConfigKeys (ConfUtils.java:logGet(44)) - raft.server.log.statemachine.data.sync.timeout = 10s (default)
2021-10-28 03:01:55,045 [pool-441-thread-1] INFO  server.RaftServerConfigKeys (ConfUtils.java:logGet(44)) - raft.server.log.statemachine.data.sync.timeout.retry = -1 (default)
2021-10-28 03:01:55,046 [pool-441-thread-1] INFO  server.RaftServerConfigKeys (ConfUtils.java:logGet(44)) - raft.server.log.write.buffer.size = 64KB (=65536) (default)
2021-10-28 03:01:55,050 [pool-441-thread-1] INFO  server.RaftServerConfigKeys (ConfUtils.java:logGet(44)) - raft.server.log.statemachine.data.caching.enabled = false (default)
2021-10-28 03:01:55,051 [pool-441-thread-1] INFO  segmented.SegmentedRaftLogWorker (SegmentedRaftLogWorker.java:lambda$new$0(133)) - f925c0d7-10bd-441b-a371-a3422131d7f8@group-390751046F7B-SegmentedRaftLogWorker: flushIndex: setUnconditionally 0 -> -1
2021-10-28 03:01:55,051 [pool-441-thread-1] INFO  segmented.SegmentedRaftLogWorker (SegmentedRaftLogWorker.java:lambda$new$0(133)) - f925c0d7-10bd-441b-a371-a3422131d7f8@group-390751046F7B-SegmentedRaftLogWorker: safeCacheEvictIndex: setUnconditionally 0 -> -1
2021-10-28 03:01:55,051 [pool-441-thread-1] INFO  server.RaftServerConfigKeys (ConfUtils.java:logGet(44)) - raft.server.snapshot.auto.trigger.enabled = true (custom)
2021-10-28 03:01:55,051 [pool-441-thread-1] INFO  server.RaftServerConfigKeys (ConfUtils.java:logGet(44)) - raft.server.snapshot.auto.trigger.threshold = 5 (custom)
2021-10-28 03:01:55,051 [pool-441-thread-1] INFO  server.RaftServerConfigKeys (ConfUtils.java:logGet(44)) - raft.server.snapshot.retention.file.num = -1 (default)
2021-10-28 03:01:55,051 [pool-441-thread-1] INFO  server.RaftServerConfigKeys (ConfUtils.java:logGet(44)) - raft.server.log.purge.upto.snapshot.index = true (custom)
2021-10-28 03:01:55,051 [pool-441-thread-1] INFO  server.RaftServerConfigKeys (ConfUtils.java:logGet(44)) - raft.server.retrycache.expirytime = 60000ms (default)
2021-10-28 03:01:55,051 [pool-441-thread-1] INFO  server.RaftServerConfigKeys (ConfUtils.java:logGet(44)) - raft.server.retrycache.statistics.expirytime = 100μs (default)
2021-10-28 03:01:55,052 [Listener at 0.0.0.0/13045] INFO  ha.SCMSnapshotProvider (SCMSnapshotProvider.java:<init>(66)) - Initializing SCM Snapshot Provider
2021-10-28 03:01:55,053 [Listener at 0.0.0.0/13045] WARN  server.ServerUtils (ServerUtils.java:getDefaultRatisDirectory(237)) - Storage directory for Ratis is not configured. It is a good idea to map this to an SSD disk. Falling back to ozone.metadata.dirs
2021-10-28 03:01:55,053 [Listener at 0.0.0.0/13045] WARN  ha.SCMHAUtils (SCMHAUtils.java:getSCMRatisSnapshotDirectory(146)) - SCM snapshot dir is not configured. Falling back to ozone.metadata.dirs config
2021-10-28 03:01:55,054 [Listener at 0.0.0.0/13045] INFO  ha.SequenceIdGenerator (SequenceIdGenerator.java:upgradeToSequenceId(347)) - upgrade localId to 107544261427200000
2021-10-28 03:01:55,054 [Listener at 0.0.0.0/13045] INFO  ha.SequenceIdGenerator (SequenceIdGenerator.java:upgradeToSequenceId(357)) - upgrade delTxnId to 0
2021-10-28 03:01:55,055 [Listener at 0.0.0.0/13045] INFO  ha.SequenceIdGenerator (SequenceIdGenerator.java:upgradeToSequenceId(371)) - upgrade containerId to 0
2021-10-28 03:01:55,055 [Listener at 0.0.0.0/13045] INFO  ha.SequenceIdGenerator (SequenceIdGenerator.java:<init>(218)) - Init the HA SequenceIdGenerator.
2021-10-28 03:01:55,055 [Listener at 0.0.0.0/13045] WARN  server.ServerUtils (ServerUtils.java:sanitizeUserArgs(73)) - ozone.scm.stale.node.interval value = 300000 is larger than max = 100000 based on the key value of ozone.scm.heartbeat.thread.interval, reset to the max value 100000.
2021-10-28 03:01:55,055 [Listener at 0.0.0.0/13045] WARN  server.ServerUtils (ServerUtils.java:sanitizeUserArgs(73)) - ozone.scm.stale.node.interval value = 300000 is larger than max = 100000 based on the key value of ozone.scm.heartbeat.thread.interval, reset to the max value 100000.
2021-10-28 03:01:55,059 [Listener at 0.0.0.0/13045] INFO  node.SCMNodeManager (SCMNodeManager.java:<init>(144)) - Entering startup safe mode.
2021-10-28 03:01:55,060 [Listener at 0.0.0.0/13045] INFO  algorithms.ContainerPlacementPolicyFactory (ContainerPlacementPolicyFactory.java:getPolicy(60)) - Create container placement policy of type org.apache.hadoop.hdds.scm.container.placement.algorithms.SCMContainerPlacementRandom
2021-10-28 03:01:55,060 [Listener at 0.0.0.0/13045] INFO  pipeline.PipelineStateManagerImpl (PipelineStateManagerImpl.java:initialize(78)) - No pipeline exists in current db
2021-10-28 03:01:55,060 [Listener at 0.0.0.0/13045] INFO  algorithms.LeaderChoosePolicyFactory (LeaderChoosePolicyFactory.java:getPolicy(57)) - Create leader choose policy of type org.apache.hadoop.hdds.scm.pipeline.leader.choose.algorithms.MinLeaderCountChoosePolicy
2021-10-28 03:01:55,061 [Listener at 0.0.0.0/13045] INFO  ha.SCMServiceManager (SCMServiceManager.java:register(43)) - Registering service BackgroundPipelineCreator.
2021-10-28 03:01:55,061 [Listener at 0.0.0.0/13045] INFO  pipeline.BackgroundPipelineCreator (BackgroundPipelineCreator.java:start(130)) - Starting RatisPipelineUtilsThread.
2021-10-28 03:01:55,062 [Listener at 0.0.0.0/13045] INFO  algorithms.PipelineChoosePolicyFactory (PipelineChoosePolicyFactory.java:createPipelineChoosePolicyFromClass(73)) - Create pipeline choose policy of type org.apache.hadoop.hdds.scm.pipeline.choose.algorithms.RandomPipelineChoosePolicy
2021-10-28 03:01:55,062 [Listener at 0.0.0.0/13045] INFO  ha.SCMServiceManager (SCMServiceManager.java:register(43)) - Registering service SCMBlockDeletingService.
2021-10-28 03:01:55,062 [Listener at 0.0.0.0/13045] INFO  ha.SCMServiceManager (SCMServiceManager.java:register(43)) - Registering service ReplicationManager.
2021-10-28 03:01:55,063 [Listener at 0.0.0.0/13045] INFO  container.ReplicationManager (ReplicationManager.java:start(319)) - Starting Replication Monitor Thread.
2021-10-28 03:01:55,075 [Listener at 0.0.0.0/13045] INFO  safemode.ContainerSafeModeRule (ContainerSafeModeRule.java:<init>(89)) - containers with one replica threshold count 0
2021-10-28 03:01:55,075 [Listener at 0.0.0.0/13045] INFO  safemode.HealthyPipelineSafeModeRule (HealthyPipelineSafeModeRule.java:initializeRule(156)) - Total pipeline count is 0, healthy pipeline threshold count is 1
2021-10-28 03:01:55,075 [Listener at 0.0.0.0/13045] INFO  safemode.OneReplicaPipelineSafeModeRule (OneReplicaPipelineSafeModeRule.java:initializeRule(180)) - Total pipeline count is 0, pipeline's with at least one datanode reported threshold count is 0
2021-10-28 03:01:55,076 [Listener at 0.0.0.0/13045] INFO  ipc.CallQueueManager (CallQueueManager.java:<init>(90)) - Using callQueue: class java.util.concurrent.LinkedBlockingQueue, queueCapacity: 2000, scheduler: class org.apache.hadoop.ipc.DefaultRpcScheduler, ipcBackoff: false.
2021-10-28 03:01:55,099 [ReplicationMonitor] INFO  container.ReplicationManager (ReplicationManager.java:processAll(371)) - Replication Monitor Thread took 0 milliseconds for processing 0 containers.
2021-10-28 03:01:55,117 [Socket Reader #1 for port 13053] INFO  ipc.Server (Server.java:run(1265)) - Starting Socket Reader #1 for port 13053
2021-10-28 03:01:55,118 [Listener at 0.0.0.0/13053] INFO  ipc.CallQueueManager (CallQueueManager.java:<init>(90)) - Using callQueue: class java.util.concurrent.LinkedBlockingQueue, queueCapacity: 2000, scheduler: class org.apache.hadoop.ipc.DefaultRpcScheduler, ipcBackoff: false.
2021-10-28 03:01:55,119 [Socket Reader #1 for port 13054] INFO  ipc.Server (Server.java:run(1265)) - Starting Socket Reader #1 for port 13054
2021-10-28 03:01:55,127 [Listener at 0.0.0.0/13054] INFO  ipc.CallQueueManager (CallQueueManager.java:<init>(90)) - Using callQueue: class java.util.concurrent.LinkedBlockingQueue, queueCapacity: 2000, scheduler: class org.apache.hadoop.ipc.DefaultRpcScheduler, ipcBackoff: false.
2021-10-28 03:01:55,148 [Socket Reader #1 for port 13055] INFO  ipc.Server (Server.java:run(1265)) - Starting Socket Reader #1 for port 13055
2021-10-28 03:01:55,217 [Listener at 0.0.0.0/13055] INFO  algorithms.ContainerPlacementPolicyFactory (ContainerPlacementPolicyFactory.java:getPolicy(60)) - Create container placement policy of type org.apache.hadoop.hdds.scm.container.placement.algorithms.SCMContainerPlacementRandom
2021-10-28 03:01:55,218 [Listener at 0.0.0.0/13055] INFO  server.StorageContainerManager (StorageContainerManager.java:<init>(388)) - 
Container Balancer status:
Key                            Value
Running                        false
Container Balancer Configuration values:
Key                                                Value
Threshold                                          0.1
Max Datanodes to Involve per Iteration(ratio)      0.2
Max Size to Move per Iteration                     32212254720B

2021-10-28 03:01:55,218 [Listener at 0.0.0.0/13055] WARN  events.EventQueue (EventQueue.java:fireEvent(194)) - No event handler registered for event TypedEvent{payloadType=SafeModeStatus, name='Safe mode status'}
2021-10-28 03:01:55,218 [Listener at 0.0.0.0/13055] INFO  ha.SCMContext (SCMContext.java:updateSafeModeStatus(205)) - Update SafeModeStatus from SafeModeStatus{safeModeStatus=true, preCheckPassed=false} to SafeModeStatus{safeModeStatus=true, preCheckPassed=false}.
2021-10-28 03:01:55,219 [EndpointStateMachine task thread for /127.0.0.1:12209 - 0 ] INFO  ipc.Client (Client.java:handleConnectionFailure(977)) - Retrying connect to server: localhost/127.0.0.1:12209. Already tried 2 time(s); retry policy is RetryUpToMaximumCountWithFixedSleep(maxRetries=15, sleepTime=1000 MILLISECONDS)
2021-10-28 03:01:55,219 [Listener at 0.0.0.0/13055] INFO  ozone.MiniOzoneHAClusterImpl (MiniOzoneHAClusterImpl.java:createSCMService(568)) - Intialized SCM at org.apache.hadoop.hdds.scm.server.SCMClientProtocolServer@5296c192. This SCM is currently inactive (not running).
2021-10-28 03:01:55,220 [Listener at 0.0.0.0/13055] INFO  ha.OMHANodeDetails (OMHANodeDetails.java:loadOMHAConfig(118)) - ServiceID for OzoneManager is om-service-test1
2021-10-28 03:01:55,220 [Listener at 0.0.0.0/13055] INFO  ha.OMHANodeDetails (OMHANodeDetails.java:loadOMHAConfig(194)) - Found matching OM address with OMServiceId: om-service-test1, OMNodeId: omNode-1, RPC Address: localhost:11132 and Ratis port: 11136
2021-10-28 03:01:55,220 [Listener at 0.0.0.0/13055] INFO  ha.OMHANodeDetails (ConfUtils.java:setNodeSpecificConfigs(108)) - Setting configuration key ozone.om.http-address with value of key ozone.om.http-address.om-service-test1.omNode-1: 127.0.0.1:11134
2021-10-28 03:01:55,220 [Listener at 0.0.0.0/13055] INFO  ha.OMHANodeDetails (ConfUtils.java:setNodeSpecificConfigs(108)) - Setting configuration key ozone.om.https-address with value of key ozone.om.https-address.om-service-test1.omNode-1: 127.0.0.1:11135
2021-10-28 03:01:55,220 [Listener at 0.0.0.0/13055] INFO  ha.OMHANodeDetails (ConfUtils.java:setNodeSpecificConfigs(108)) - Setting configuration key ozone.om.address with value of key ozone.om.address.om-service-test1.omNode-1: 127.0.0.1:11132
2021-10-28 03:01:55,221 [Listener at 0.0.0.0/13055] WARN  server.ServerUtils (ServerUtils.java:getDBPath(225)) - ozone.om.db.dirs is not configured. We recommend adding this setting. Falling back to ozone.metadata.dirs instead.
2021-10-28 03:01:55,222 [Listener at 0.0.0.0/13055] INFO  ha.SCMNodeInfo (SCMNodeInfo.java:getPort(197)) - ConfigKey ozone.scm.client.address is deprecated, For configuring different ports for each SCM use PortConfigKey ozone.scm.client.port appended with serviceId and nodeId
2021-10-28 03:01:55,222 [Listener at 0.0.0.0/13055] INFO  ha.SCMNodeInfo (SCMNodeInfo.java:getPort(197)) - ConfigKey ozone.scm.block.client.address is deprecated, For configuring different ports for each SCM use PortConfigKey ozone.scm.block.client.port appended with serviceId and nodeId
2021-10-28 03:01:55,222 [Listener at 0.0.0.0/13055] INFO  ha.SCMNodeInfo (SCMNodeInfo.java:getPort(197)) - ConfigKey ozone.scm.datanode.address is deprecated, For configuring different ports for each SCM use PortConfigKey ozone.scm.datanode.port appended with serviceId and nodeId
2021-10-28 03:01:55,222 [Listener at 0.0.0.0/13055] INFO  ha.SCMNodeInfo (SCMNodeInfo.java:getPort(197)) - ConfigKey ozone.scm.client.address is deprecated, For configuring different ports for each SCM use PortConfigKey ozone.scm.client.port appended with serviceId and nodeId
2021-10-28 03:01:55,222 [Listener at 0.0.0.0/13055] INFO  ha.SCMNodeInfo (SCMNodeInfo.java:getPort(197)) - ConfigKey ozone.scm.block.client.address is deprecated, For configuring different ports for each SCM use PortConfigKey ozone.scm.block.client.port appended with serviceId and nodeId
2021-10-28 03:01:55,222 [Listener at 0.0.0.0/13055] INFO  ha.SCMNodeInfo (SCMNodeInfo.java:getPort(197)) - ConfigKey ozone.scm.datanode.address is deprecated, For configuring different ports for each SCM use PortConfigKey ozone.scm.datanode.port appended with serviceId and nodeId
2021-10-28 03:01:55,222 [Listener at 0.0.0.0/13055] INFO  ha.SCMNodeInfo (SCMNodeInfo.java:getPort(197)) - ConfigKey ozone.scm.client.address is deprecated, For configuring different ports for each SCM use PortConfigKey ozone.scm.client.port appended with serviceId and nodeId
2021-10-28 03:01:55,222 [Listener at 0.0.0.0/13055] INFO  ha.SCMNodeInfo (SCMNodeInfo.java:getPort(197)) - ConfigKey ozone.scm.block.client.address is deprecated, For configuring different ports for each SCM use PortConfigKey ozone.scm.block.client.port appended with serviceId and nodeId
2021-10-28 03:01:55,223 [Listener at 0.0.0.0/13055] INFO  ha.SCMNodeInfo (SCMNodeInfo.java:getPort(197)) - ConfigKey ozone.scm.datanode.address is deprecated, For configuring different ports for each SCM use PortConfigKey ozone.scm.datanode.port appended with serviceId and nodeId
OM initialization succeeded.Current cluster id for sd=/home/runner/work/ozone/ozone/hadoop-ozone/integration-test/target/test-dir/MiniOzoneClusterImpl-701359f1-d346-43a7-a18b-390751046f7b/omNode-1/om;cid=701359f1-d346-43a7-a18b-390751046f7b;layoutVersion=0
2021-10-28 03:01:55,258 [Listener at 0.0.0.0/13055] INFO  ha.OMHANodeDetails (OMHANodeDetails.java:loadOMHAConfig(118)) - ServiceID for OzoneManager is om-service-test1
2021-10-28 03:01:55,259 [Listener at 0.0.0.0/13055] INFO  ha.OMHANodeDetails (OMHANodeDetails.java:loadOMHAConfig(194)) - Found matching OM address with OMServiceId: om-service-test1, OMNodeId: omNode-1, RPC Address: localhost:11132 and Ratis port: 11136
2021-10-28 03:01:55,259 [Listener at 0.0.0.0/13055] INFO  ha.OMHANodeDetails (ConfUtils.java:setNodeSpecificConfigs(108)) - Setting configuration key ozone.om.http-address with value of key ozone.om.http-address.om-service-test1.omNode-1: 127.0.0.1:11134
2021-10-28 03:01:55,259 [Listener at 0.0.0.0/13055] INFO  ha.OMHANodeDetails (ConfUtils.java:setNodeSpecificConfigs(108)) - Setting configuration key ozone.om.https-address with value of key ozone.om.https-address.om-service-test1.omNode-1: 127.0.0.1:11135
2021-10-28 03:01:55,259 [Listener at 0.0.0.0/13055] INFO  ha.OMHANodeDetails (ConfUtils.java:setNodeSpecificConfigs(108)) - Setting configuration key ozone.om.address with value of key ozone.om.address.om-service-test1.omNode-1: 127.0.0.1:11132
2021-10-28 03:01:55,259 [Listener at 0.0.0.0/13055] WARN  server.ServerUtils (ServerUtils.java:getDBPath(225)) - ozone.om.db.dirs is not configured. We recommend adding this setting. Falling back to ozone.metadata.dirs instead.
2021-10-28 03:01:55,259 [Listener at 0.0.0.0/13055] INFO  upgrade.AbstractLayoutVersionManager (AbstractLayoutVersionManager.java:init(79)) - Initializing Layout version manager with metadata layout = INITIAL_VERSION (version = 0), software layout = INITIAL_VERSION (version = 0)
2021-10-28 03:01:55,403 [Listener at 0.0.0.0/13055] INFO  reflections.Reflections (Reflections.java:scan(232)) - Reflections took 143 ms to scan 2 urls, producing 131 keys and 342 values [using 2 cores]
2021-10-28 03:01:55,403 [Listener at 0.0.0.0/13055] INFO  upgrade.OMLayoutVersionManager (OMLayoutVersionManager.java:lambda$0(115)) - Skipping Upgrade Action MockOmUpgradeAction since it has been finalized.
2021-10-28 03:01:55,404 [Listener at 0.0.0.0/13055] WARN  server.ServerUtils (ServerUtils.java:getDBPath(225)) - ozone.om.db.dirs is not configured. We recommend adding this setting. Falling back to ozone.metadata.dirs instead.
2021-10-28 03:01:55,404 [Listener at 0.0.0.0/13055] INFO  ha.SCMNodeInfo (SCMNodeInfo.java:getPort(197)) - ConfigKey ozone.scm.client.address is deprecated, For configuring different ports for each SCM use PortConfigKey ozone.scm.client.port appended with serviceId and nodeId
2021-10-28 03:01:55,404 [Listener at 0.0.0.0/13055] INFO  ha.SCMNodeInfo (SCMNodeInfo.java:getPort(197)) - ConfigKey ozone.scm.block.client.address is deprecated, For configuring different ports for each SCM use PortConfigKey ozone.scm.block.client.port appended with serviceId and nodeId
2021-10-28 03:01:55,404 [Listener at 0.0.0.0/13055] INFO  ha.SCMNodeInfo (SCMNodeInfo.java:getPort(197)) - ConfigKey ozone.scm.datanode.address is deprecated, For configuring different ports for each SCM use PortConfigKey ozone.scm.datanode.port appended with serviceId and nodeId
2021-10-28 03:01:55,404 [Listener at 0.0.0.0/13055] INFO  ha.SCMNodeInfo (SCMNodeInfo.java:getPort(197)) - ConfigKey ozone.scm.client.address is deprecated, For configuring different ports for each SCM use PortConfigKey ozone.scm.client.port appended with serviceId and nodeId
2021-10-28 03:01:55,404 [Listener at 0.0.0.0/13055] INFO  ha.SCMNodeInfo (SCMNodeInfo.java:getPort(197)) - ConfigKey ozone.scm.block.client.address is deprecated, For configuring different ports for each SCM use PortConfigKey ozone.scm.block.client.port appended with serviceId and nodeId
2021-10-28 03:01:55,404 [Listener at 0.0.0.0/13055] INFO  ha.SCMNodeInfo (SCMNodeInfo.java:getPort(197)) - ConfigKey ozone.scm.datanode.address is deprecated, For configuring different ports for each SCM use PortConfigKey ozone.scm.datanode.port appended with serviceId and nodeId
2021-10-28 03:01:55,405 [Listener at 0.0.0.0/13055] INFO  ha.SCMNodeInfo (SCMNodeInfo.java:getPort(197)) - ConfigKey ozone.scm.client.address is deprecated, For configuring different ports for each SCM use PortConfigKey ozone.scm.client.port appended with serviceId and nodeId
2021-10-28 03:01:55,405 [Listener at 0.0.0.0/13055] INFO  ha.SCMNodeInfo (SCMNodeInfo.java:getPort(197)) - ConfigKey ozone.scm.block.client.address is deprecated, For configuring different ports for each SCM use PortConfigKey ozone.scm.block.client.port appended with serviceId and nodeId
2021-10-28 03:01:55,405 [Listener at 0.0.0.0/13055] INFO  ha.SCMNodeInfo (SCMNodeInfo.java:getPort(197)) - ConfigKey ozone.scm.datanode.address is deprecated, For configuring different ports for each SCM use PortConfigKey ozone.scm.datanode.port appended with serviceId and nodeId
2021-10-28 03:01:55,405 [Listener at 0.0.0.0/13055] INFO  ha.SCMNodeInfo (SCMNodeInfo.java:getPort(197)) - ConfigKey ozone.scm.client.address is deprecated, For configuring different ports for each SCM use PortConfigKey ozone.scm.client.port appended with serviceId and nodeId
2021-10-28 03:01:55,405 [Listener at 0.0.0.0/13055] INFO  ha.SCMNodeInfo (SCMNodeInfo.java:getPort(197)) - ConfigKey ozone.scm.block.client.address is deprecated, For configuring different ports for each SCM use PortConfigKey ozone.scm.block.client.port appended with serviceId and nodeId
2021-10-28 03:01:55,405 [Listener at 0.0.0.0/13055] INFO  ha.SCMNodeInfo (SCMNodeInfo.java:getPort(197)) - ConfigKey ozone.scm.datanode.address is deprecated, For configuring different ports for each SCM use PortConfigKey ozone.scm.datanode.port appended with serviceId and nodeId
2021-10-28 03:01:55,405 [Listener at 0.0.0.0/13055] INFO  ha.SCMNodeInfo (SCMNodeInfo.java:getPort(197)) - ConfigKey ozone.scm.client.address is deprecated, For configuring different ports for each SCM use PortConfigKey ozone.scm.client.port appended with serviceId and nodeId
2021-10-28 03:01:55,405 [Listener at 0.0.0.0/13055] INFO  ha.SCMNodeInfo (SCMNodeInfo.java:getPort(197)) - ConfigKey ozone.scm.block.client.address is deprecated, For configuring different ports for each SCM use PortConfigKey ozone.scm.block.client.port appended with serviceId and nodeId
2021-10-28 03:01:55,405 [Listener at 0.0.0.0/13055] INFO  ha.SCMNodeInfo (SCMNodeInfo.java:getPort(197)) - ConfigKey ozone.scm.datanode.address is deprecated, For configuring different ports for each SCM use PortConfigKey ozone.scm.datanode.port appended with serviceId and nodeId
2021-10-28 03:01:55,406 [Listener at 0.0.0.0/13055] INFO  ha.SCMNodeInfo (SCMNodeInfo.java:getPort(197)) - ConfigKey ozone.scm.client.address is deprecated, For configuring different ports for each SCM use PortConfigKey ozone.scm.client.port appended with serviceId and nodeId
2021-10-28 03:01:55,406 [Listener at 0.0.0.0/13055] INFO  ha.SCMNodeInfo (SCMNodeInfo.java:getPort(197)) - ConfigKey ozone.scm.block.client.address is deprecated, For configuring different ports for each SCM use PortConfigKey ozone.scm.block.client.port appended with serviceId and nodeId
2021-10-28 03:01:55,406 [Listener at 0.0.0.0/13055] INFO  ha.SCMNodeInfo (SCMNodeInfo.java:getPort(197)) - ConfigKey ozone.scm.datanode.address is deprecated, For configuring different ports for each SCM use PortConfigKey ozone.scm.datanode.port appended with serviceId and nodeId
2021-10-28 03:01:55,407 [Listener at 0.0.0.0/13055] INFO  ha.SCMNodeInfo (SCMNodeInfo.java:getPort(197)) - ConfigKey ozone.scm.client.address is deprecated, For configuring different ports for each SCM use PortConfigKey ozone.scm.client.port appended with serviceId and nodeId
2021-10-28 03:01:55,407 [Listener at 0.0.0.0/13055] INFO  ha.SCMNodeInfo (SCMNodeInfo.java:getPort(197)) - ConfigKey ozone.scm.block.client.address is deprecated, For configuring different ports for each SCM use PortConfigKey ozone.scm.block.client.port appended with serviceId and nodeId
2021-10-28 03:01:55,407 [Listener at 0.0.0.0/13055] INFO  ha.SCMNodeInfo (SCMNodeInfo.java:getPort(197)) - ConfigKey ozone.scm.datanode.address is deprecated, For configuring different ports for each SCM use PortConfigKey ozone.scm.datanode.port appended with serviceId and nodeId
2021-10-28 03:01:55,407 [Listener at 0.0.0.0/13055] INFO  ha.SCMNodeInfo (SCMNodeInfo.java:getPort(197)) - ConfigKey ozone.scm.client.address is deprecated, For configuring different ports for each SCM use PortConfigKey ozone.scm.client.port appended with serviceId and nodeId
2021-10-28 03:01:55,407 [Listener at 0.0.0.0/13055] INFO  ha.SCMNodeInfo (SCMNodeInfo.java:getPort(197)) - ConfigKey ozone.scm.block.client.address is deprecated, For configuring different ports for each SCM use PortConfigKey ozone.scm.block.client.port appended with serviceId and nodeId
2021-10-28 03:01:55,407 [Listener at 0.0.0.0/13055] INFO  ha.SCMNodeInfo (SCMNodeInfo.java:getPort(197)) - ConfigKey ozone.scm.datanode.address is deprecated, For configuring different ports for each SCM use PortConfigKey ozone.scm.datanode.port appended with serviceId and nodeId
2021-10-28 03:01:55,408 [Listener at 0.0.0.0/13055] INFO  ha.SCMNodeInfo (SCMNodeInfo.java:getPort(197)) - ConfigKey ozone.scm.client.address is deprecated, For configuring different ports for each SCM use PortConfigKey ozone.scm.client.port appended with serviceId and nodeId
2021-10-28 03:01:55,408 [Listener at 0.0.0.0/13055] INFO  ha.SCMNodeInfo (SCMNodeInfo.java:getPort(197)) - ConfigKey ozone.scm.block.client.address is deprecated, For configuring different ports for each SCM use PortConfigKey ozone.scm.block.client.port appended with serviceId and nodeId
2021-10-28 03:01:55,408 [Listener at 0.0.0.0/13055] INFO  ha.SCMNodeInfo (SCMNodeInfo.java:getPort(197)) - ConfigKey ozone.scm.datanode.address is deprecated, For configuring different ports for each SCM use PortConfigKey ozone.scm.datanode.port appended with serviceId and nodeId
2021-10-28 03:01:55,425 [Listener at 0.0.0.0/13055] WARN  server.ServerUtils (ServerUtils.java:getDBPath(225)) - ozone.om.db.dirs is not configured. We recommend adding this setting. Falling back to ozone.metadata.dirs instead.
2021-10-28 03:01:55,425 [Listener at 0.0.0.0/13055] INFO  codec.OmKeyInfoCodec (OmKeyInfoCodec.java:<init>(51)) - OmKeyInfoCodec ignorePipeline = true
2021-10-28 03:01:55,426 [Listener at 0.0.0.0/13055] INFO  codec.RepeatedOmKeyInfoCodec (RepeatedOmKeyInfoCodec.java:<init>(42)) - RepeatedOmKeyInfoCodec ignorePipeline = true
2021-10-28 03:01:55,680 [EndpointStateMachine task thread for /127.0.0.1:13013 - 0 ] INFO  ipc.Client (Client.java:handleConnectionFailure(977)) - Retrying connect to server: localhost/127.0.0.1:13013. Already tried 1 time(s); retry policy is RetryUpToMaximumCountWithFixedSleep(maxRetries=15, sleepTime=1000 MILLISECONDS)
2021-10-28 03:01:55,685 [EndpointStateMachine task thread for /127.0.0.1:13023 - 0 ] INFO  ipc.Client (Client.java:handleConnectionFailure(977)) - Retrying connect to server: localhost/127.0.0.1:13023. Already tried 1 time(s); retry policy is RetryUpToMaximumCountWithFixedSleep(maxRetries=15, sleepTime=1000 MILLISECONDS)
2021-10-28 03:01:55,694 [Listener at 0.0.0.0/13055] INFO  om.OzoneManager (OzoneManager.java:addS3GVolumeToDB(3411)) - Created Volume s3v With Owner runner required for S3Gateway operations.
2021-10-28 03:01:55,695 [Listener at 0.0.0.0/13055] WARN  server.ServerUtils (ServerUtils.java:getDefaultRatisDirectory(237)) - Storage directory for Ratis is not configured. It is a good idea to map this to an SSD disk. Falling back to ozone.metadata.dirs
2021-10-28 03:01:55,695 [Listener at 0.0.0.0/13055] WARN  utils.OzoneManagerRatisUtils (OzoneManagerRatisUtils.java:getOMRatisSnapshotDirectory(435)) - ozone.om.ratis.snapshot.dir is not configured. Falling back to ozone.metadata.dirs config
2021-10-28 03:01:55,696 [Listener at 0.0.0.0/13055] WARN  impl.MetricRegistriesImpl (MetricRegistriesImpl.java:addReporterRegistration(111)) - New reporters are added after registries were created. Some metrics will be missing from the reporter. Please add reporter before adding any new registry.
2021-10-28 03:01:55,696 [Listener at 0.0.0.0/13055] WARN  impl.MetricRegistriesImpl (MetricRegistriesImpl.java:addReporterRegistration(111)) - New reporters are added after registries were created. Some metrics will be missing from the reporter. Please add reporter before adding any new registry.
2021-10-28 03:01:55,696 [Listener at 0.0.0.0/13055] WARN  server.ServerUtils (ServerUtils.java:getDefaultRatisDirectory(237)) - Storage directory for Ratis is not configured. It is a good idea to map this to an SSD disk. Falling back to ozone.metadata.dirs
2021-10-28 03:01:55,699 [Listener at 0.0.0.0/13055] INFO  ratis.OzoneManagerRatisServer (OzoneManagerRatisServer.java:<init>(159)) - Instantiating OM Ratis server with groupID: om-service-test1 and peers: localhost:11136
2021-10-28 03:01:55,699 [Listener at 0.0.0.0/13055] INFO  ratis.OzoneManagerStateMachine (OzoneManagerStateMachine.java:loadSnapshotInfoFromDB(605)) - LastAppliedIndex is set from TransactionInfo from OM DB as (t:0, i:~)
2021-10-28 03:01:55,700 [Listener at 0.0.0.0/13055] INFO  server.RaftServer (ConfUtils.java:logGet(44)) - raft.rpc.type = GRPC (default)
2021-10-28 03:01:55,700 [Listener at 0.0.0.0/13055] INFO  grpc.GrpcFactory (GrpcFactory.java:checkPooledByteBufAllocatorUseCacheForAllThreads(48)) - PERFORMANCE WARNING: useCacheForAllThreads is true that may cause Netty to create a lot garbage objects and, as a result, trigger GC.
	It is recommended to disable useCacheForAllThreads by setting -Dorg.apache.ratis.thirdparty.io.netty.allocator.useCacheForAllThreads=false in command line.
2021-10-28 03:01:55,700 [Listener at 0.0.0.0/13055] INFO  grpc.GrpcConfigKeys (ConfUtils.java:logGet(44)) - raft.grpc.admin.port = -1 (default)
2021-10-28 03:01:55,700 [Listener at 0.0.0.0/13055] INFO  grpc.GrpcConfigKeys (ConfUtils.java:logGet(44)) - raft.grpc.server.port = 11136 (custom)
2021-10-28 03:01:55,700 [Listener at 0.0.0.0/13055] INFO  grpc.GrpcConfigKeys (ConfUtils.java:logGet(44)) - raft.grpc.client.port = -1 (default)
2021-10-28 03:01:55,700 [Listener at 0.0.0.0/13055] INFO  grpc.GrpcConfigKeys (ConfUtils.java:logGet(44)) - raft.grpc.server.port = 11136 (custom)
2021-10-28 03:01:55,700 [Listener at 0.0.0.0/13055] INFO  grpc.GrpcConfigKeys (ConfUtils.java:logGet(44)) - raft.grpc.server.port = 11136 (custom)
2021-10-28 03:01:55,701 [Listener at 0.0.0.0/13055] INFO  server.GrpcService (ConfUtils.java:logGet(44)) - raft.grpc.message.size.max = 33554432 (custom)
2021-10-28 03:01:55,701 [Listener at 0.0.0.0/13055] INFO  server.RaftServerConfigKeys (ConfUtils.java:logGet(44)) - raft.server.log.appender.buffer.byte-limit = 33554432 (custom)
2021-10-28 03:01:55,701 [Listener at 0.0.0.0/13055] INFO  server.GrpcService (ConfUtils.java:logGet(44)) - raft.grpc.flow.control.window = 1MB (=1048576) (default)
2021-10-28 03:01:55,701 [Listener at 0.0.0.0/13055] INFO  server.RaftServerConfigKeys (ConfUtils.java:logGet(44)) - raft.server.rpc.request.timeout = 3000ms (default)
2021-10-28 03:01:55,702 [Listener at 0.0.0.0/13055] INFO  impl.DataStreamServerImpl (ConfUtils.java:logGet(44)) - raft.datastream.type = DISABLED (default)
2021-10-28 03:01:55,702 [Listener at 0.0.0.0/13055] INFO  server.RaftServerConfigKeys (ConfUtils.java:logGet(44)) - raft.server.rpc.slowness.timeout = 2s (custom)
2021-10-28 03:01:55,702 [Listener at 0.0.0.0/13055] INFO  server.RaftServerConfigKeys (ConfUtils.java:logGet(44)) - raft.server.leaderelection.leader.step-down.wait-time = 10s (default)
2021-10-28 03:01:55,711 [Listener at 0.0.0.0/13055] INFO  server.RaftServerConfigKeys (ConfUtils.java:logGet(44)) - raft.server.storage.dir = [/home/runner/work/ozone/ozone/hadoop-ozone/integration-test/target/test-dir/MiniOzoneClusterImpl-701359f1-d346-43a7-a18b-390751046f7b/omNode-1/ratis] (custom)
2021-10-28 03:01:55,719 [Listener at 0.0.0.0/13055] INFO  server.RaftServer (RaftServerProxy.java:addNew(95)) - omNode-1: addNew group-523986131536:[omNode-1|rpc:localhost:11136|priority:0] returns group-523986131536:java.util.concurrent.CompletableFuture@dcf0fa4[Not completed]
2021-10-28 03:01:55,719 [Listener at 0.0.0.0/13055] INFO  om.OzoneManager (OzoneManager.java:initializeRatisServer(1604)) - OzoneManager Ratis server initialized at port 11136
2021-10-28 03:01:55,720 [Listener at 0.0.0.0/13055] INFO  ipc.CallQueueManager (CallQueueManager.java:<init>(90)) - Using callQueue: class java.util.concurrent.LinkedBlockingQueue, queueCapacity: 2000, scheduler: class org.apache.hadoop.ipc.DefaultRpcScheduler, ipcBackoff: false.
2021-10-28 03:01:55,720 [pool-465-thread-1] INFO  server.RaftServer$Division (RaftServerImpl.java:<init>(184)) - omNode-1: new RaftServerImpl for group-523986131536:[omNode-1|rpc:localhost:11136|priority:0] with OzoneManagerStateMachine:uninitialized
2021-10-28 03:01:55,751 [Socket Reader #1 for port 11132] INFO  ipc.Server (Server.java:run(1265)) - Starting Socket Reader #1 for port 11132
2021-10-28 03:01:55,760 [pool-465-thread-1] INFO  server.RaftServerConfigKeys (ConfUtils.java:logGet(44)) - raft.server.rpc.timeout.min = 1s (custom)
2021-10-28 03:01:55,760 [pool-465-thread-1] INFO  server.RaftServerConfigKeys (ConfUtils.java:logGet(44)) - raft.server.rpc.timeout.max = 1200ms (custom)
2021-10-28 03:01:55,760 [pool-465-thread-1] INFO  server.RaftServerConfigKeys (ConfUtils.java:logGet(44)) - raft.server.rpc.sleep.time = 25ms (default)
2021-10-28 03:01:55,760 [pool-465-thread-1] INFO  server.RaftServerConfigKeys (ConfUtils.java:logGet(44)) - raft.server.rpc.slowness.timeout = 2s (custom)
2021-10-28 03:01:55,760 [pool-465-thread-1] INFO  server.RaftServerConfigKeys (ConfUtils.java:logGet(44)) - raft.server.leaderelection.leader.step-down.wait-time = 10s (default)
2021-10-28 03:01:55,760 [pool-465-thread-1] INFO  server.RaftServerConfigKeys (ConfUtils.java:logGet(44)) - raft.server.sleep.deviation.threshold = 300ms (default)
2021-10-28 03:01:55,760 [pool-465-thread-1] INFO  server.RaftServerConfigKeys (ConfUtils.java:logGet(44)) - raft.server.log.appender.install.snapshot.enabled = false (custom)
2021-10-28 03:01:55,760 [pool-465-thread-1] INFO  server.RaftServer$Division (ServerState.java:<init>(105)) - omNode-1@group-523986131536: ConfigurationManager, init=-1: [omNode-1|rpc:localhost:11136|priority:0], old=null, confs=<EMPTY_MAP>
2021-10-28 03:01:55,760 [pool-465-thread-1] INFO  server.RaftServerConfigKeys (ConfUtils.java:logGet(44)) - raft.server.storage.dir = [/home/runner/work/ozone/ozone/hadoop-ozone/integration-test/target/test-dir/MiniOzoneClusterImpl-701359f1-d346-43a7-a18b-390751046f7b/omNode-1/ratis] (custom)
2021-10-28 03:01:55,760 [pool-465-thread-1] INFO  server.RaftServerConfigKeys (ConfUtils.java:logGet(44)) - raft.server.log.corruption.policy = EXCEPTION (default)
2021-10-28 03:01:55,760 [pool-465-thread-1] INFO  server.RaftServerConfigKeys (ConfUtils.java:logGet(44)) - raft.server.storage.free-space.min = 0MB (=0) (default)
2021-10-28 03:01:55,760 [pool-465-thread-1] INFO  storage.RaftStorageDirectory (RaftStorageDirectoryImpl.java:analyzeStorage(135)) - The storage directory /home/runner/work/ozone/ozone/hadoop-ozone/integration-test/target/test-dir/MiniOzoneClusterImpl-701359f1-d346-43a7-a18b-390751046f7b/omNode-1/ratis/c9bc4cf4-3bc3-3c60-a66b-523986131536 does not exist. Creating ...
2021-10-28 03:01:55,761 [pool-465-thread-1] INFO  storage.RaftStorageDirectory (RaftStorageDirectoryImpl.java:tryLock(230)) - Lock on /home/runner/work/ozone/ozone/hadoop-ozone/integration-test/target/test-dir/MiniOzoneClusterImpl-701359f1-d346-43a7-a18b-390751046f7b/omNode-1/ratis/c9bc4cf4-3bc3-3c60-a66b-523986131536/in_use.lock acquired by nodename 7917@fv-az184-410
2021-10-28 03:01:55,765 [pool-465-thread-1] INFO  storage.RaftStorage (RaftStorageImpl.java:format(89)) - Storage directory /home/runner/work/ozone/ozone/hadoop-ozone/integration-test/target/test-dir/MiniOzoneClusterImpl-701359f1-d346-43a7-a18b-390751046f7b/omNode-1/ratis/c9bc4cf4-3bc3-3c60-a66b-523986131536 has been successfully formatted.
2021-10-28 03:01:55,772 [pool-465-thread-1] INFO  server.RaftServerConfigKeys (ConfUtils.java:logGet(44)) - raft.server.notification.no-leader.timeout = 2s (custom)
2021-10-28 03:01:55,772 [pool-465-thread-1] INFO  server.RaftServerConfigKeys (ConfUtils.java:logGet(44)) - raft.server.log.use.memory = false (default)
2021-10-28 03:01:55,772 [pool-465-thread-1] INFO  server.RaftServerConfigKeys (ConfUtils.java:logGet(44)) - raft.server.log.purge.gap = 1000000 (custom)
2021-10-28 03:01:55,772 [pool-465-thread-1] INFO  server.RaftServerConfigKeys (ConfUtils.java:logGet(44)) - raft.server.log.appender.buffer.byte-limit = 33554432 (custom)
2021-10-28 03:01:55,772 [pool-465-thread-1] INFO  server.RaftServerConfigKeys (ConfUtils.java:logGet(44)) - raft.server.log.segment.size.max = 4194304 (custom)
2021-10-28 03:01:55,772 [pool-465-thread-1] INFO  server.RaftServerConfigKeys (ConfUtils.java:logGet(44)) - raft.server.log.segment.cache.num.max = 2 (custom)
2021-10-28 03:01:55,772 [pool-465-thread-1] INFO  server.RaftServerConfigKeys (ConfUtils.java:logGet(44)) - raft.server.log.segment.cache.size.max = 200MB (=209715200) (default)
2021-10-28 03:01:55,772 [pool-465-thread-1] INFO  segmented.SegmentedRaftLogWorker (SegmentedRaftLogWorker.java:<init>(182)) - new omNode-1@group-523986131536-SegmentedRaftLogWorker for RaftStorageImpl:Storage Directory /home/runner/work/ozone/ozone/hadoop-ozone/integration-test/target/test-dir/MiniOzoneClusterImpl-701359f1-d346-43a7-a18b-390751046f7b/omNode-1/ratis/c9bc4cf4-3bc3-3c60-a66b-523986131536
2021-10-28 03:01:55,772 [pool-465-thread-1] INFO  server.RaftServerConfigKeys (ConfUtils.java:logGet(44)) - raft.server.log.queue.byte-limit = 64MB (=67108864) (default)
2021-10-28 03:01:55,772 [pool-465-thread-1] INFO  server.RaftServerConfigKeys (ConfUtils.java:logGet(44)) - raft.server.log.queue.element-limit = 4096 (default)
2021-10-28 03:01:55,773 [pool-465-thread-1] INFO  server.RaftServerConfigKeys (ConfUtils.java:logGet(44)) - raft.server.log.segment.size.max = 4194304 (custom)
2021-10-28 03:01:55,773 [pool-465-thread-1] INFO  server.RaftServerConfigKeys (ConfUtils.java:logGet(44)) - raft.server.log.preallocated.size = 4194304 (custom)
2021-10-28 03:01:55,773 [pool-465-thread-1] INFO  server.RaftServerConfigKeys (ConfUtils.java:logGet(44)) - raft.server.log.force.sync.num = 128 (default)
2021-10-28 03:01:55,773 [pool-465-thread-1] INFO  server.RaftServerConfigKeys (ConfUtils.java:logGet(44)) - raft.server.log.statemachine.data.sync = true (default)
2021-10-28 03:01:55,773 [pool-465-thread-1] INFO  server.RaftServerConfigKeys (ConfUtils.java:logGet(44)) - raft.server.log.statemachine.data.sync.timeout = 10s (default)
2021-10-28 03:01:55,773 [pool-465-thread-1] INFO  server.RaftServerConfigKeys (ConfUtils.java:logGet(44)) - raft.server.log.statemachine.data.sync.timeout.retry = -1 (default)
2021-10-28 03:01:55,773 [pool-465-thread-1] INFO  server.RaftServerConfigKeys (ConfUtils.java:logGet(44)) - raft.server.log.write.buffer.size = 64KB (=65536) (default)
2021-10-28 03:01:55,774 [pool-465-thread-1] INFO  server.RaftServerConfigKeys (ConfUtils.java:logGet(44)) - raft.server.log.statemachine.data.caching.enabled = false (default)
2021-10-28 03:01:55,774 [pool-465-thread-1] INFO  segmented.SegmentedRaftLogWorker (SegmentedRaftLogWorker.java:lambda$new$0(133)) - omNode-1@group-523986131536-SegmentedRaftLogWorker: flushIndex: setUnconditionally 0 -> -1
2021-10-28 03:01:55,774 [pool-465-thread-1] INFO  segmented.SegmentedRaftLogWorker (SegmentedRaftLogWorker.java:lambda$new$0(133)) - omNode-1@group-523986131536-SegmentedRaftLogWorker: safeCacheEvictIndex: setUnconditionally 0 -> -1
2021-10-28 03:01:55,777 [pool-465-thread-1] INFO  server.RaftServerConfigKeys (ConfUtils.java:logGet(44)) - raft.server.snapshot.auto.trigger.enabled = true (custom)
2021-10-28 03:01:55,777 [pool-465-thread-1] INFO  server.RaftServerConfigKeys (ConfUtils.java:logGet(44)) - raft.server.snapshot.auto.trigger.threshold = 400000 (default)
2021-10-28 03:01:55,777 [pool-465-thread-1] INFO  server.RaftServerConfigKeys (ConfUtils.java:logGet(44)) - raft.server.snapshot.retention.file.num = -1 (default)
2021-10-28 03:01:55,777 [pool-465-thread-1] INFO  server.RaftServerConfigKeys (ConfUtils.java:logGet(44)) - raft.server.log.purge.upto.snapshot.index = true (custom)
2021-10-28 03:01:55,778 [pool-465-thread-1] INFO  server.RaftServerConfigKeys (ConfUtils.java:logGet(44)) - raft.server.retrycache.expirytime = 300s (custom)
2021-10-28 03:01:55,778 [pool-465-thread-1] INFO  server.RaftServerConfigKeys (ConfUtils.java:logGet(44)) - raft.server.retrycache.statistics.expirytime = 100μs (default)
2021-10-28 03:01:55,808 [Listener at 127.0.0.1/11132] INFO  om.OzoneManager (OzoneManager.java:initFSOLayout(3617)) - Configured ozone.om.metadata.layout=SIMPLE and disabled optimized OM FS operations
2021-10-28 03:01:55,808 [Listener at 127.0.0.1/11132] INFO  impl.MetricsSystemImpl (MetricsSystemImpl.java:init(158)) - OzoneManager metrics system started (again)
2021-10-28 03:01:55,852 [Listener at 127.0.0.1/11132] INFO  om.OzoneManager (OzoneManager.java:start(1288)) - OzoneManager RPC server is listening at localhost/127.0.0.1:11132
2021-10-28 03:01:55,853 [Listener at 127.0.0.1/11132] INFO  ratis.OzoneManagerRatisServer (OzoneManagerRatisServer.java:start(520)) - Starting OzoneManagerRatisServer omNode-1 at port 11136
2021-10-28 03:01:55,853 [Listener at 127.0.0.1/11132] INFO  server.RaftServer$Division (RaftServerImpl.java:start(301)) - omNode-1@group-523986131536: start as a follower, conf=-1: [omNode-1|rpc:localhost:11136|priority:0], old=null
2021-10-28 03:01:55,853 [Listener at 127.0.0.1/11132] INFO  server.RaftServer$Division (RaftServerImpl.java:setRole(290)) - omNode-1@group-523986131536: changes role from      null to FOLLOWER at term 0 for startAsFollower
2021-10-28 03:01:55,853 [Listener at 127.0.0.1/11132] INFO  impl.RoleInfo (RoleInfo.java:updateAndGet(130)) - omNode-1: start omNode-1@group-523986131536-FollowerState
2021-10-28 03:01:55,858 [Listener at 127.0.0.1/11132] INFO  util.JmxRegister (JmxRegister.java:tryRegister(44)) - Successfully registered JMX Bean with object name Ratis:service=RaftServer,group=group-523986131536,id=omNode-1
2021-10-28 03:01:55,862 [Listener at 127.0.0.1/11132] INFO  server.RaftServer (RaftServerProxy.java:lambda$start$5(374)) - omNode-1: start RPC server
2021-10-28 03:01:55,863 [Listener at 127.0.0.1/11132] INFO  server.GrpcService (GrpcService.java:startImpl(253)) - omNode-1: GrpcService started, listening on 11136
2021-10-28 03:01:55,868 [Listener at 127.0.0.1/11132] INFO  om.OzoneManager (OzoneManager.java:start(1306)) - Version File has different layout version (0) than OM DB (null). That is expected if this OM has never been finalized to a newer layout version.
2021-10-28 03:01:55,869 [org.apache.ratis.util.JvmPauseMonitor$$Lambda$499/17331878@79749108] INFO  util.JvmPauseMonitor (JvmPauseMonitor.java:run(103)) - JvmPauseMonitor-omNode-1: Started
2021-10-28 03:01:55,870 [Listener at 127.0.0.1/11132] INFO  http.BaseHttpServer (BaseHttpServer.java:newHttpServer2BuilderForOzone(209)) - Starting Web-server for ozoneManager at: http://0.0.0.0:11134
2021-10-28 03:01:55,870 [Listener at 127.0.0.1/11132] INFO  http.BaseHttpServer (BaseHttpServer.java:<init>(107)) - Hadoop Security Enabled: false Ozone Security Enabled: false Ozone HTTP Security Enabled: false 
2021-10-28 03:01:55,871 [Listener at 127.0.0.1/11132] INFO  server.AuthenticationFilter (AuthenticationFilter.java:constructSecretProvider(240)) - Unable to initialize FileSignerSecretProvider, falling back to use random secrets.
2021-10-28 03:01:55,875 [EndpointStateMachine task thread for /127.0.0.1:12189 - 0 ] INFO  ipc.Client (Client.java:handleConnectionFailure(977)) - Retrying connect to server: localhost/127.0.0.1:12189. Already tried 6 time(s); retry policy is RetryUpToMaximumCountWithFixedSleep(maxRetries=15, sleepTime=1000 MILLISECONDS)
2021-10-28 03:01:55,875 [Listener at 127.0.0.1/11132] WARN  http.HttpRequestLog (HttpRequestLog.java:getRequestLog(103)) - Jetty request log can only be enabled using Log4j
2021-10-28 03:01:55,875 [EndpointStateMachine task thread for /127.0.0.1:12199 - 0 ] INFO  ipc.Client (Client.java:handleConnectionFailure(977)) - Retrying connect to server: localhost/127.0.0.1:12199. Already tried 6 time(s); retry policy is RetryUpToMaximumCountWithFixedSleep(maxRetries=15, sleepTime=1000 MILLISECONDS)
2021-10-28 03:01:55,880 [Listener at 127.0.0.1/11132] INFO  http.HttpServer2 (HttpServer2.java:addGlobalFilter(1030)) - Added global filter 'safety' (class=org.apache.hadoop.hdds.server.http.HttpServer2$QuotingInputFilter)
2021-10-28 03:01:55,880 [Listener at 127.0.0.1/11132] INFO  http.HttpServer2 (HttpServer2.java:addFilter(1006)) - Added filter static_user_filter (class=org.apache.hadoop.http.lib.StaticUserWebFilter$StaticUserFilter) to context ozoneManager
2021-10-28 03:01:55,880 [Listener at 127.0.0.1/11132] INFO  http.HttpServer2 (HttpServer2.java:addFilter(1014)) - Added filter static_user_filter (class=org.apache.hadoop.http.lib.StaticUserWebFilter$StaticUserFilter) to context static
2021-10-28 03:01:55,880 [Listener at 127.0.0.1/11132] INFO  http.HttpServer2 (HttpServer2.java:addFilter(1014)) - Added filter static_user_filter (class=org.apache.hadoop.http.lib.StaticUserWebFilter$StaticUserFilter) to context logs
2021-10-28 03:01:55,881 [Listener at 127.0.0.1/11132] INFO  http.HttpServer2 (HttpServer2.java:bindListener(1249)) - Jetty bound to port 11134
2021-10-28 03:01:55,881 [Listener at 127.0.0.1/11132] INFO  server.Server (Server.java:doStart(375)) - jetty-9.4.43.v20210629; built: 2021-06-30T11:07:22.254Z; git: 526006ecfa3af7f1a27ef3a288e2bef7ea9dd7e8; jvm 1.8.0_292-b10
2021-10-28 03:01:55,944 [Listener at 127.0.0.1/11132] INFO  server.session (DefaultSessionIdManager.java:doStart(334)) - DefaultSessionIdManager workerName=node0
2021-10-28 03:01:55,944 [Listener at 127.0.0.1/11132] INFO  server.session (DefaultSessionIdManager.java:doStart(339)) - No SessionScavenger set, using defaults
2021-10-28 03:01:55,944 [Listener at 127.0.0.1/11132] INFO  server.session (HouseKeeper.java:startScavenging(132)) - node0 Scavenging every 660000ms
2021-10-28 03:01:55,945 [Listener at 127.0.0.1/11132] INFO  handler.ContextHandler (ContextHandler.java:doStart(915)) - Started o.e.j.s.ServletContextHandler@fc35694{logs,/logs,file:///home/runner/work/ozone/ozone/hadoop-ozone/integration-test/target/log,AVAILABLE}
2021-10-28 03:01:55,945 [Listener at 127.0.0.1/11132] INFO  handler.ContextHandler (ContextHandler.java:doStart(915)) - Started o.e.j.s.ServletContextHandler@1dbd1049{static,/static,file:///home/runner/work/ozone/ozone/hadoop-ozone/integration-test/target/test-classes/webapps/static,AVAILABLE}
2021-10-28 03:01:55,949 [Listener at 127.0.0.1/11132] INFO  handler.ContextHandler (ContextHandler.java:doStart(915)) - Started o.e.j.w.WebAppContext@2d5bfc3a{ozoneManager,/,file:///home/runner/work/ozone/ozone/hadoop-ozone/integration-test/target/test-classes/webapps/ozoneManager/,AVAILABLE}{file:/home/runner/work/ozone/ozone/hadoop-ozone/integration-test/target/test-classes/webapps/ozoneManager}
2021-10-28 03:01:55,964 [Listener at 127.0.0.1/11132] INFO  server.AbstractConnector (AbstractConnector.java:doStart(331)) - Started ServerConnector@245ece8d{HTTP/1.1, (http/1.1)}{0.0.0.0:11134}
2021-10-28 03:01:55,964 [Listener at 127.0.0.1/11132] INFO  server.Server (Server.java:doStart(415)) - Started @148527ms
2021-10-28 03:01:55,964 [Listener at 127.0.0.1/11132] WARN  impl.MetricsSystemImpl (MetricsSystemImpl.java:register(279)) - Sink prometheus already exists!
2021-10-28 03:01:55,967 [Listener at 127.0.0.1/11132] INFO  http.BaseHttpServer (BaseHttpServer.java:updateConnectorAddress(329)) - HTTP server of ozoneManager listening at http://0.0.0.0:11134
2021-10-28 03:01:55,967 [IPC Server Responder] INFO  ipc.Server (Server.java:run(1507)) - IPC Server Responder: starting
2021-10-28 03:01:55,967 [IPC Server listener on 11132] INFO  ipc.Server (Server.java:run(1344)) - IPC Server listener on 11132: starting
2021-10-28 03:01:55,969 [Listener at 127.0.0.1/11132] INFO  om.OzoneManager (OzoneManager.java:startTrashEmptier(1562)) - Trash Interval set to 0. Files deleted will not move to trash
2021-10-28 03:01:55,974 [Listener at 127.0.0.1/11132] INFO  ozone.MiniOzoneHAClusterImpl (MiniOzoneHAClusterImpl.java:createOMService(485)) - Started OzoneManager omNode-1 RPC server at localhost/127.0.0.1:11132
2021-10-28 03:01:55,989 [Listener at 127.0.0.1/11132] WARN  impl.MetricRegistriesImpl (MetricRegistriesImpl.java:addReporterRegistration(111)) - New reporters are added after registries were created. Some metrics will be missing from the reporter. Please add reporter before adding any new registry.
2021-10-28 03:01:56,002 [Listener at 127.0.0.1/11132] WARN  impl.MetricRegistriesImpl (MetricRegistriesImpl.java:addReporterRegistration(111)) - New reporters are added after registries were created. Some metrics will be missing from the reporter. Please add reporter before adding any new registry.
2021-10-28 03:01:56,003 [Listener at 127.0.0.1/11132] INFO  impl.MetricsSystemImpl (MetricsSystemImpl.java:init(158)) - HddsDatanode metrics system started (again)
2021-10-28 03:01:55,999 [org.apache.hadoop.util.JvmPauseMonitor$Monitor@7103ba38] INFO  util.JvmPauseMonitor (JvmPauseMonitor.java:run(188)) - Starting JVM pause monitor
2021-10-28 03:01:56,078 [Listener at 127.0.0.1/11132] INFO  ozone.HddsDatanodeService (HddsDatanodeService.java:start(234)) - HddsDatanodeService host:fv-az184-410.3ow45vhwbzuu5incsxmygykede.cx.internal.cloudapp.net ip:10.1.0.63
2021-10-28 03:01:56,130 [Listener at 127.0.0.1/11132] INFO  upgrade.AbstractLayoutVersionManager (AbstractLayoutVersionManager.java:init(79)) - Initializing Layout version manager with metadata layout = SCM_HA (version = 2), software layout = SCM_HA (version = 2)
2021-10-28 03:01:56,226 [EndpointStateMachine task thread for /127.0.0.1:12209 - 0 ] INFO  ipc.Client (Client.java:handleConnectionFailure(977)) - Retrying connect to server: localhost/127.0.0.1:12209. Already tried 3 time(s); retry policy is RetryUpToMaximumCountWithFixedSleep(maxRetries=15, sleepTime=1000 MILLISECONDS)
2021-10-28 03:01:56,246 [Listener at 127.0.0.1/11132] INFO  reflections.Reflections (Reflections.java:scan(232)) - Reflections took 107 ms to scan 7 urls, producing 119 keys and 279 values 
2021-10-28 03:01:56,248 [Listener at 127.0.0.1/11132] INFO  ha.SCMNodeInfo (SCMNodeInfo.java:getPort(197)) - ConfigKey ozone.scm.client.address is deprecated, For configuring different ports for each SCM use PortConfigKey ozone.scm.client.port appended with serviceId and nodeId
2021-10-28 03:01:56,249 [Listener at 127.0.0.1/11132] INFO  ha.SCMNodeInfo (SCMNodeInfo.java:getPort(197)) - ConfigKey ozone.scm.block.client.address is deprecated, For configuring different ports for each SCM use PortConfigKey ozone.scm.block.client.port appended with serviceId and nodeId
2021-10-28 03:01:56,249 [Listener at 127.0.0.1/11132] INFO  ha.SCMNodeInfo (SCMNodeInfo.java:getPort(197)) - ConfigKey ozone.scm.datanode.address is deprecated, For configuring different ports for each SCM use PortConfigKey ozone.scm.datanode.port appended with serviceId and nodeId
2021-10-28 03:01:56,249 [Listener at 127.0.0.1/11132] INFO  ha.SCMNodeInfo (SCMNodeInfo.java:getPort(197)) - ConfigKey ozone.scm.client.address is deprecated, For configuring different ports for each SCM use PortConfigKey ozone.scm.client.port appended with serviceId and nodeId
2021-10-28 03:01:56,249 [Listener at 127.0.0.1/11132] INFO  ha.SCMNodeInfo (SCMNodeInfo.java:getPort(197)) - ConfigKey ozone.scm.block.client.address is deprecated, For configuring different ports for each SCM use PortConfigKey ozone.scm.block.client.port appended with serviceId and nodeId
2021-10-28 03:01:56,249 [Listener at 127.0.0.1/11132] INFO  ha.SCMNodeInfo (SCMNodeInfo.java:getPort(197)) - ConfigKey ozone.scm.datanode.address is deprecated, For configuring different ports for each SCM use PortConfigKey ozone.scm.datanode.port appended with serviceId and nodeId
2021-10-28 03:01:56,249 [Listener at 127.0.0.1/11132] INFO  ha.SCMNodeInfo (SCMNodeInfo.java:getPort(197)) - ConfigKey ozone.scm.client.address is deprecated, For configuring different ports for each SCM use PortConfigKey ozone.scm.client.port appended with serviceId and nodeId
2021-10-28 03:01:56,249 [Listener at 127.0.0.1/11132] INFO  ha.SCMNodeInfo (SCMNodeInfo.java:getPort(197)) - ConfigKey ozone.scm.block.client.address is deprecated, For configuring different ports for each SCM use PortConfigKey ozone.scm.block.client.port appended with serviceId and nodeId
2021-10-28 03:01:56,249 [Listener at 127.0.0.1/11132] INFO  ha.SCMNodeInfo (SCMNodeInfo.java:getPort(197)) - ConfigKey ozone.scm.datanode.address is deprecated, For configuring different ports for each SCM use PortConfigKey ozone.scm.datanode.port appended with serviceId and nodeId
2021-10-28 03:01:56,250 [Listener at 127.0.0.1/11132] INFO  statemachine.DatanodeStateMachine (DatanodeStateMachine.java:getEndPointTaskThreadPoolSize(219)) - Datanode State Machine Task Thread Pool size 4
2021-10-28 03:01:56,258 [Listener at 127.0.0.1/11132] INFO  volume.HddsVolume (HddsVolume.java:<init>(120)) - Creating HddsVolume: /home/runner/work/ozone/ozone/hadoop-ozone/integration-test/target/test-dir/MiniOzoneClusterImpl-701359f1-d346-43a7-a18b-390751046f7b/datanode-0/data-0/containers/hdds of storage type : DISK capacity : 9223372036854775807
2021-10-28 03:01:56,258 [Listener at 127.0.0.1/11132] INFO  volume.MutableVolumeSet (MutableVolumeSet.java:initializeVolumeSet(168)) - Added Volume : /home/runner/work/ozone/ozone/hadoop-ozone/integration-test/target/test-dir/MiniOzoneClusterImpl-701359f1-d346-43a7-a18b-390751046f7b/datanode-0/data-0/containers/hdds to VolumeSet
2021-10-28 03:01:56,258 [Listener at 127.0.0.1/11132] INFO  volume.ThrottledAsyncChecker (ThrottledAsyncChecker.java:schedule(141)) - Scheduling a check for /home/runner/work/ozone/ozone/hadoop-ozone/integration-test/target/test-dir/MiniOzoneClusterImpl-701359f1-d346-43a7-a18b-390751046f7b/datanode-0/data-0/containers/hdds
2021-10-28 03:01:56,259 [Listener at 127.0.0.1/11132] INFO  volume.StorageVolumeChecker (StorageVolumeChecker.java:checkAllVolumes(202)) - Scheduled health check for volume /home/runner/work/ozone/ozone/hadoop-ozone/integration-test/target/test-dir/MiniOzoneClusterImpl-701359f1-d346-43a7-a18b-390751046f7b/datanode-0/data-0/containers/hdds
2021-10-28 03:01:56,289 [Listener at 127.0.0.1/11132] INFO  volume.MutableVolumeSet (MutableVolumeSet.java:initializeVolumeSet(168)) - Added Volume : /home/runner/work/ozone/ozone/hadoop-ozone/integration-test/target/test-dir/MiniOzoneClusterImpl-701359f1-d346-43a7-a18b-390751046f7b/datanode-0/data/ratis to VolumeSet
2021-10-28 03:01:56,294 [Listener at 127.0.0.1/11132] INFO  volume.ThrottledAsyncChecker (ThrottledAsyncChecker.java:schedule(141)) - Scheduling a check for /home/runner/work/ozone/ozone/hadoop-ozone/integration-test/target/test-dir/MiniOzoneClusterImpl-701359f1-d346-43a7-a18b-390751046f7b/datanode-0/data/ratis
2021-10-28 03:01:56,294 [Listener at 127.0.0.1/11132] INFO  volume.StorageVolumeChecker (StorageVolumeChecker.java:checkAllVolumes(202)) - Scheduled health check for volume /home/runner/work/ozone/ozone/hadoop-ozone/integration-test/target/test-dir/MiniOzoneClusterImpl-701359f1-d346-43a7-a18b-390751046f7b/datanode-0/data/ratis
2021-10-28 03:01:56,314 [Thread-2257] INFO  ozoneimpl.ContainerReader (ContainerReader.java:readVolume(172)) - Finish verifying containers on volume /home/runner/work/ozone/ozone/hadoop-ozone/integration-test/target/test-dir/MiniOzoneClusterImpl-701359f1-d346-43a7-a18b-390751046f7b/datanode-0/data-0/containers/hdds
2021-10-28 03:01:56,314 [Listener at 127.0.0.1/11132] INFO  ozoneimpl.OzoneContainer (OzoneContainer.java:buildContainerSet(236)) - Build ContainerSet costs 0s
2021-10-28 03:01:56,317 [Listener at 127.0.0.1/11132] INFO  server.RaftServer (ConfUtils.java:logGet(44)) - raft.rpc.type = GRPC (default)
2021-10-28 03:01:56,317 [Listener at 127.0.0.1/11132] INFO  grpc.GrpcFactory (GrpcFactory.java:checkPooledByteBufAllocatorUseCacheForAllThreads(48)) - PERFORMANCE WARNING: useCacheForAllThreads is true that may cause Netty to create a lot garbage objects and, as a result, trigger GC.
	It is recommended to disable useCacheForAllThreads by setting -Dorg.apache.ratis.thirdparty.io.netty.allocator.useCacheForAllThreads=false in command line.
2021-10-28 03:01:56,317 [Listener at 127.0.0.1/11132] INFO  grpc.GrpcConfigKeys (ConfUtils.java:logGet(44)) - raft.grpc.admin.port = 0 (custom)
2021-10-28 03:01:56,317 [Listener at 127.0.0.1/11132] INFO  grpc.GrpcConfigKeys (ConfUtils.java:logGet(44)) - raft.grpc.client.port = 0 (custom)
2021-10-28 03:01:56,318 [Listener at 127.0.0.1/11132] INFO  grpc.GrpcConfigKeys (ConfUtils.java:logGet(44)) - raft.grpc.server.port = 0 (default)
2021-10-28 03:01:56,318 [Listener at 127.0.0.1/11132] INFO  server.GrpcService (ConfUtils.java:logGet(44)) - raft.grpc.message.size.max = 32MB (=33554432) (custom)
2021-10-28 03:01:56,318 [Listener at 127.0.0.1/11132] INFO  server.RaftServerConfigKeys (ConfUtils.java:logGet(44)) - raft.server.log.appender.buffer.byte-limit = 33554432 (custom)
2021-10-28 03:01:56,318 [Listener at 127.0.0.1/11132] INFO  server.GrpcService (ConfUtils.java:logGet(44)) - raft.grpc.flow.control.window = 5MB (=5242880) (custom)
2021-10-28 03:01:56,318 [Listener at 127.0.0.1/11132] INFO  server.RaftServerConfigKeys (ConfUtils.java:logGet(44)) - raft.server.rpc.request.timeout = 60s (custom)
2021-10-28 03:01:56,324 [Listener at 127.0.0.1/11132] INFO  impl.DataStreamServerImpl (ConfUtils.java:logGet(44)) - raft.datastream.type = DISABLED (default)
2021-10-28 03:01:56,324 [Listener at 127.0.0.1/11132] INFO  server.RaftServerConfigKeys (ConfUtils.java:logGet(44)) - raft.server.rpc.slowness.timeout = 300s (custom)
2021-10-28 03:01:56,324 [Listener at 127.0.0.1/11132] INFO  server.RaftServerConfigKeys (ConfUtils.java:logGet(44)) - raft.server.leaderelection.leader.step-down.wait-time = 10s (default)
2021-10-28 03:01:56,324 [Listener at 127.0.0.1/11132] INFO  server.RaftServerConfigKeys (ConfUtils.java:logGet(44)) - raft.server.storage.dir = [/home/runner/work/ozone/ozone/hadoop-ozone/integration-test/target/test-dir/MiniOzoneClusterImpl-701359f1-d346-43a7-a18b-390751046f7b/datanode-0/data/ratis] (custom)
2021-10-28 03:01:56,328 [Listener at 127.0.0.1/11132] INFO  http.BaseHttpServer (BaseHttpServer.java:newHttpServer2BuilderForOzone(209)) - Starting Web-server for hddsDatanode at: http://0.0.0.0:0
2021-10-28 03:01:56,328 [Listener at 127.0.0.1/11132] INFO  http.BaseHttpServer (BaseHttpServer.java:<init>(107)) - Hadoop Security Enabled: false Ozone Security Enabled: false Ozone HTTP Security Enabled: false 
2021-10-28 03:01:56,329 [Listener at 127.0.0.1/11132] INFO  server.AuthenticationFilter (AuthenticationFilter.java:constructSecretProvider(240)) - Unable to initialize FileSignerSecretProvider, falling back to use random secrets.
2021-10-28 03:01:56,330 [Listener at 127.0.0.1/11132] WARN  http.HttpRequestLog (HttpRequestLog.java:getRequestLog(103)) - Jetty request log can only be enabled using Log4j
2021-10-28 03:01:56,331 [Listener at 127.0.0.1/11132] INFO  http.HttpServer2 (HttpServer2.java:addGlobalFilter(1030)) - Added global filter 'safety' (class=org.apache.hadoop.hdds.server.http.HttpServer2$QuotingInputFilter)
2021-10-28 03:01:56,332 [Listener at 127.0.0.1/11132] INFO  http.HttpServer2 (HttpServer2.java:addFilter(1006)) - Added filter static_user_filter (class=org.apache.hadoop.http.lib.StaticUserWebFilter$StaticUserFilter) to context hddsDatanode
2021-10-28 03:01:56,332 [Listener at 127.0.0.1/11132] INFO  http.HttpServer2 (HttpServer2.java:addFilter(1014)) - Added filter static_user_filter (class=org.apache.hadoop.http.lib.StaticUserWebFilter$StaticUserFilter) to context logs
2021-10-28 03:01:56,332 [Listener at 127.0.0.1/11132] INFO  http.HttpServer2 (HttpServer2.java:addFilter(1014)) - Added filter static_user_filter (class=org.apache.hadoop.http.lib.StaticUserWebFilter$StaticUserFilter) to context static
2021-10-28 03:01:56,332 [Listener at 127.0.0.1/11132] INFO  http.HttpServer2 (HttpServer2.java:bindListener(1249)) - Jetty bound to port 35467
2021-10-28 03:01:56,332 [Listener at 127.0.0.1/11132] INFO  server.Server (Server.java:doStart(375)) - jetty-9.4.43.v20210629; built: 2021-06-30T11:07:22.254Z; git: 526006ecfa3af7f1a27ef3a288e2bef7ea9dd7e8; jvm 1.8.0_292-b10
2021-10-28 03:01:56,402 [Listener at 127.0.0.1/11132] INFO  server.session (DefaultSessionIdManager.java:doStart(334)) - DefaultSessionIdManager workerName=node0
2021-10-28 03:01:56,402 [Listener at 127.0.0.1/11132] INFO  server.session (DefaultSessionIdManager.java:doStart(339)) - No SessionScavenger set, using defaults
2021-10-28 03:01:56,402 [Listener at 127.0.0.1/11132] INFO  server.session (HouseKeeper.java:startScavenging(132)) - node0 Scavenging every 660000ms
2021-10-28 03:01:56,406 [Listener at 127.0.0.1/11132] INFO  handler.ContextHandler (ContextHandler.java:doStart(915)) - Started o.e.j.s.ServletContextHandler@300f2857{logs,/logs,file:///home/runner/work/ozone/ozone/hadoop-ozone/integration-test/target/log,AVAILABLE}
2021-10-28 03:01:56,406 [Listener at 127.0.0.1/11132] INFO  handler.ContextHandler (ContextHandler.java:doStart(915)) - Started o.e.j.s.ServletContextHandler@55a2cb2a{static,/static,jar:file:/home/runner/.m2/repository/org/apache/ozone/hdds-container-service/1.2.0-SNAPSHOT/hdds-container-service-1.2.0-SNAPSHOT.jar!/webapps/static,AVAILABLE}
2021-10-28 03:01:56,521 [Listener at 127.0.0.1/11132] INFO  handler.ContextHandler (ContextHandler.java:doStart(915)) - Started o.e.j.w.WebAppContext@52aac6ff{hddsDatanode,/,file:///tmp/jetty-0_0_0_0-35467-hdds-container-service-1_2_0-SNAPSHOT_jar-_-any-187443716020388932/webapp/,AVAILABLE}{jar:file:/home/runner/.m2/repository/org/apache/ozone/hdds-container-service/1.2.0-SNAPSHOT/hdds-container-service-1.2.0-SNAPSHOT.jar!/webapps/hddsDatanode}
2021-10-28 03:01:56,533 [Listener at 127.0.0.1/11132] INFO  server.AbstractConnector (AbstractConnector.java:doStart(331)) - Started ServerConnector@6203f71{HTTP/1.1, (http/1.1)}{0.0.0.0:35467}
2021-10-28 03:01:56,535 [Listener at 127.0.0.1/11132] INFO  server.Server (Server.java:doStart(415)) - Started @149098ms
2021-10-28 03:01:56,535 [Listener at 127.0.0.1/11132] WARN  impl.MetricsSystemImpl (MetricsSystemImpl.java:register(279)) - Sink prometheus already exists!
2021-10-28 03:01:56,536 [Listener at 127.0.0.1/11132] INFO  http.BaseHttpServer (BaseHttpServer.java:updateConnectorAddress(329)) - HTTP server of hddsDatanode listening at http://0.0.0.0:35467
2021-10-28 03:01:56,558 [Listener at 127.0.0.1/11132] WARN  impl.MetricRegistriesImpl (MetricRegistriesImpl.java:addReporterRegistration(111)) - New reporters are added after registries were created. Some metrics will be missing from the reporter. Please add reporter before adding any new registry.
2021-10-28 03:01:56,558 [Listener at 127.0.0.1/11132] WARN  impl.MetricRegistriesImpl (MetricRegistriesImpl.java:addReporterRegistration(111)) - New reporters are added after registries were created. Some metrics will be missing from the reporter. Please add reporter before adding any new registry.
2021-10-28 03:01:56,558 [Listener at 127.0.0.1/11132] INFO  impl.MetricsSystemImpl (MetricsSystemImpl.java:init(158)) - HddsDatanode metrics system started (again)
2021-10-28 03:01:56,563 [Datanode State Machine Daemon Thread] INFO  statemachine.DatanodeStateMachine (DatanodeStateMachine.java:lambda$startDaemon$0(467)) - Ozone container server started.
2021-10-28 03:01:56,587 [org.apache.hadoop.util.JvmPauseMonitor$Monitor@63bc0320] INFO  util.JvmPauseMonitor (JvmPauseMonitor.java:run(188)) - Starting JVM pause monitor
2021-10-28 03:01:56,611 [Datanode State Machine Task Thread - 0] INFO  ha.SCMNodeInfo (SCMNodeInfo.java:getPort(197)) - ConfigKey ozone.scm.client.address is deprecated, For configuring different ports for each SCM use PortConfigKey ozone.scm.client.port appended with serviceId and nodeId
2021-10-28 03:01:56,611 [Datanode State Machine Task Thread - 0] INFO  ha.SCMNodeInfo (SCMNodeInfo.java:getPort(197)) - ConfigKey ozone.scm.block.client.address is deprecated, For configuring different ports for each SCM use PortConfigKey ozone.scm.block.client.port appended with serviceId and nodeId
2021-10-28 03:01:56,611 [Datanode State Machine Task Thread - 0] INFO  ha.SCMNodeInfo (SCMNodeInfo.java:getPort(197)) - ConfigKey ozone.scm.datanode.address is deprecated, For configuring different ports for each SCM use PortConfigKey ozone.scm.datanode.port appended with serviceId and nodeId
2021-10-28 03:01:56,611 [Datanode State Machine Task Thread - 0] INFO  ha.SCMNodeInfo (SCMNodeInfo.java:getPort(197)) - ConfigKey ozone.scm.client.address is deprecated, For configuring different ports for each SCM use PortConfigKey ozone.scm.client.port appended with serviceId and nodeId
2021-10-28 03:01:56,615 [Datanode State Machine Task Thread - 0] INFO  ha.SCMNodeInfo (SCMNodeInfo.java:getPort(197)) - ConfigKey ozone.scm.block.client.address is deprecated, For configuring different ports for each SCM use PortConfigKey ozone.scm.block.client.port appended with serviceId and nodeId
2021-10-28 03:01:56,615 [Datanode State Machine Task Thread - 0] INFO  ha.SCMNodeInfo (SCMNodeInfo.java:getPort(197)) - ConfigKey ozone.scm.datanode.address is deprecated, For configuring different ports for each SCM use PortConfigKey ozone.scm.datanode.port appended with serviceId and nodeId
2021-10-28 03:01:56,615 [Datanode State Machine Task Thread - 0] INFO  ha.SCMNodeInfo (SCMNodeInfo.java:getPort(197)) - ConfigKey ozone.scm.client.address is deprecated, For configuring different ports for each SCM use PortConfigKey ozone.scm.client.port appended with serviceId and nodeId
2021-10-28 03:01:56,615 [Datanode State Machine Task Thread - 0] INFO  ha.SCMNodeInfo (SCMNodeInfo.java:getPort(197)) - ConfigKey ozone.scm.block.client.address is deprecated, For configuring different ports for each SCM use PortConfigKey ozone.scm.block.client.port appended with serviceId and nodeId
2021-10-28 03:01:56,615 [Datanode State Machine Task Thread - 0] INFO  ha.SCMNodeInfo (SCMNodeInfo.java:getPort(197)) - ConfigKey ozone.scm.datanode.address is deprecated, For configuring different ports for each SCM use PortConfigKey ozone.scm.datanode.port appended with serviceId and nodeId
2021-10-28 03:01:56,621 [Datanode State Machine Task Thread - 0] INFO  datanode.InitDatanodeState (InitDatanodeState.java:persistContainerDatanodeDetails(145)) - DatanodeDetails is persisted to /home/runner/work/ozone/ozone/hadoop-ozone/integration-test/target/test-dir/MiniOzoneClusterImpl-701359f1-d346-43a7-a18b-390751046f7b/datanode-0/meta/datanode.id
2021-10-28 03:01:56,614 [Listener at 127.0.0.1/11132] INFO  ozone.HddsDatanodeService (HddsDatanodeService.java:start(234)) - HddsDatanodeService host:fv-az184-410.3ow45vhwbzuu5incsxmygykede.cx.internal.cloudapp.net ip:10.1.0.63
2021-10-28 03:01:56,665 [Listener at 127.0.0.1/11132] INFO  upgrade.AbstractLayoutVersionManager (AbstractLayoutVersionManager.java:init(79)) - Initializing Layout version manager with metadata layout = SCM_HA (version = 2), software layout = SCM_HA (version = 2)
2021-10-28 03:01:56,682 [EndpointStateMachine task thread for /127.0.0.1:13013 - 0 ] INFO  ipc.Client (Client.java:handleConnectionFailure(977)) - Retrying connect to server: localhost/127.0.0.1:13013. Already tried 2 time(s); retry policy is RetryUpToMaximumCountWithFixedSleep(maxRetries=15, sleepTime=1000 MILLISECONDS)
2021-10-28 03:01:56,685 [EndpointStateMachine task thread for /127.0.0.1:13023 - 0 ] INFO  ipc.Client (Client.java:handleConnectionFailure(977)) - Retrying connect to server: localhost/127.0.0.1:13023. Already tried 2 time(s); retry policy is RetryUpToMaximumCountWithFixedSleep(maxRetries=15, sleepTime=1000 MILLISECONDS)
2021-10-28 03:01:56,775 [Listener at 127.0.0.1/11132] INFO  reflections.Reflections (Reflections.java:scan(232)) - Reflections took 109 ms to scan 7 urls, producing 119 keys and 279 values 
2021-10-28 03:01:56,776 [Listener at 127.0.0.1/11132] INFO  ha.SCMNodeInfo (SCMNodeInfo.java:getPort(197)) - ConfigKey ozone.scm.client.address is deprecated, For configuring different ports for each SCM use PortConfigKey ozone.scm.client.port appended with serviceId and nodeId
2021-10-28 03:01:56,776 [Listener at 127.0.0.1/11132] INFO  ha.SCMNodeInfo (SCMNodeInfo.java:getPort(197)) - ConfigKey ozone.scm.block.client.address is deprecated, For configuring different ports for each SCM use PortConfigKey ozone.scm.block.client.port appended with serviceId and nodeId
2021-10-28 03:01:56,776 [Listener at 127.0.0.1/11132] INFO  ha.SCMNodeInfo (SCMNodeInfo.java:getPort(197)) - ConfigKey ozone.scm.datanode.address is deprecated, For configuring different ports for each SCM use PortConfigKey ozone.scm.datanode.port appended with serviceId and nodeId
2021-10-28 03:01:56,777 [Listener at 127.0.0.1/11132] INFO  ha.SCMNodeInfo (SCMNodeInfo.java:getPort(197)) - ConfigKey ozone.scm.client.address is deprecated, For configuring different ports for each SCM use PortConfigKey ozone.scm.client.port appended with serviceId and nodeId
2021-10-28 03:01:56,777 [Listener at 127.0.0.1/11132] INFO  ha.SCMNodeInfo (SCMNodeInfo.java:getPort(197)) - ConfigKey ozone.scm.block.client.address is deprecated, For configuring different ports for each SCM use PortConfigKey ozone.scm.block.client.port appended with serviceId and nodeId
2021-10-28 03:01:56,777 [Listener at 127.0.0.1/11132] INFO  ha.SCMNodeInfo (SCMNodeInfo.java:getPort(197)) - ConfigKey ozone.scm.datanode.address is deprecated, For configuring different ports for each SCM use PortConfigKey ozone.scm.datanode.port appended with serviceId and nodeId
2021-10-28 03:01:56,777 [Listener at 127.0.0.1/11132] INFO  ha.SCMNodeInfo (SCMNodeInfo.java:getPort(197)) - ConfigKey ozone.scm.client.address is deprecated, For configuring different ports for each SCM use PortConfigKey ozone.scm.client.port appended with serviceId and nodeId
2021-10-28 03:01:56,777 [Listener at 127.0.0.1/11132] INFO  ha.SCMNodeInfo (SCMNodeInfo.java:getPort(197)) - ConfigKey ozone.scm.block.client.address is deprecated, For configuring different ports for each SCM use PortConfigKey ozone.scm.block.client.port appended with serviceId and nodeId
2021-10-28 03:01:56,777 [Listener at 127.0.0.1/11132] INFO  ha.SCMNodeInfo (SCMNodeInfo.java:getPort(197)) - ConfigKey ozone.scm.datanode.address is deprecated, For configuring different ports for each SCM use PortConfigKey ozone.scm.datanode.port appended with serviceId and nodeId
2021-10-28 03:01:56,777 [Listener at 127.0.0.1/11132] INFO  statemachine.DatanodeStateMachine (DatanodeStateMachine.java:getEndPointTaskThreadPoolSize(219)) - Datanode State Machine Task Thread Pool size 4
2021-10-28 03:01:56,779 [Listener at 127.0.0.1/11132] INFO  volume.HddsVolume (HddsVolume.java:<init>(120)) - Creating HddsVolume: /home/runner/work/ozone/ozone/hadoop-ozone/integration-test/target/test-dir/MiniOzoneClusterImpl-701359f1-d346-43a7-a18b-390751046f7b/datanode-1/data-0/containers/hdds of storage type : DISK capacity : 9223372036854775807
2021-10-28 03:01:56,779 [Listener at 127.0.0.1/11132] INFO  volume.MutableVolumeSet (MutableVolumeSet.java:initializeVolumeSet(168)) - Added Volume : /home/runner/work/ozone/ozone/hadoop-ozone/integration-test/target/test-dir/MiniOzoneClusterImpl-701359f1-d346-43a7-a18b-390751046f7b/datanode-1/data-0/containers/hdds to VolumeSet
2021-10-28 03:01:56,779 [Listener at 127.0.0.1/11132] INFO  volume.ThrottledAsyncChecker (ThrottledAsyncChecker.java:schedule(141)) - Scheduling a check for /home/runner/work/ozone/ozone/hadoop-ozone/integration-test/target/test-dir/MiniOzoneClusterImpl-701359f1-d346-43a7-a18b-390751046f7b/datanode-1/data-0/containers/hdds
2021-10-28 03:01:56,780 [Listener at 127.0.0.1/11132] INFO  volume.StorageVolumeChecker (StorageVolumeChecker.java:checkAllVolumes(202)) - Scheduled health check for volume /home/runner/work/ozone/ozone/hadoop-ozone/integration-test/target/test-dir/MiniOzoneClusterImpl-701359f1-d346-43a7-a18b-390751046f7b/datanode-1/data-0/containers/hdds
2021-10-28 03:01:56,802 [Listener at 127.0.0.1/11132] INFO  volume.MutableVolumeSet (MutableVolumeSet.java:initializeVolumeSet(168)) - Added Volume : /home/runner/work/ozone/ozone/hadoop-ozone/integration-test/target/test-dir/MiniOzoneClusterImpl-701359f1-d346-43a7-a18b-390751046f7b/datanode-1/data/ratis to VolumeSet
2021-10-28 03:01:56,807 [Listener at 127.0.0.1/11132] INFO  volume.ThrottledAsyncChecker (ThrottledAsyncChecker.java:schedule(141)) - Scheduling a check for /home/runner/work/ozone/ozone/hadoop-ozone/integration-test/target/test-dir/MiniOzoneClusterImpl-701359f1-d346-43a7-a18b-390751046f7b/datanode-1/data/ratis
2021-10-28 03:01:56,811 [Listener at 127.0.0.1/11132] INFO  volume.StorageVolumeChecker (StorageVolumeChecker.java:checkAllVolumes(202)) - Scheduled health check for volume /home/runner/work/ozone/ozone/hadoop-ozone/integration-test/target/test-dir/MiniOzoneClusterImpl-701359f1-d346-43a7-a18b-390751046f7b/datanode-1/data/ratis
2021-10-28 03:01:56,824 [Thread-2269] INFO  ozoneimpl.ContainerReader (ContainerReader.java:readVolume(172)) - Finish verifying containers on volume /home/runner/work/ozone/ozone/hadoop-ozone/integration-test/target/test-dir/MiniOzoneClusterImpl-701359f1-d346-43a7-a18b-390751046f7b/datanode-1/data-0/containers/hdds
2021-10-28 03:01:56,825 [Listener at 127.0.0.1/11132] INFO  ozoneimpl.OzoneContainer (OzoneContainer.java:buildContainerSet(236)) - Build ContainerSet costs 0s
2021-10-28 03:01:56,826 [Listener at 127.0.0.1/11132] INFO  server.RaftServer (ConfUtils.java:logGet(44)) - raft.rpc.type = GRPC (default)
2021-10-28 03:01:56,827 [Listener at 127.0.0.1/11132] INFO  grpc.GrpcFactory (GrpcFactory.java:checkPooledByteBufAllocatorUseCacheForAllThreads(48)) - PERFORMANCE WARNING: useCacheForAllThreads is true that may cause Netty to create a lot garbage objects and, as a result, trigger GC.
	It is recommended to disable useCacheForAllThreads by setting -Dorg.apache.ratis.thirdparty.io.netty.allocator.useCacheForAllThreads=false in command line.
2021-10-28 03:01:56,827 [Listener at 127.0.0.1/11132] INFO  grpc.GrpcConfigKeys (ConfUtils.java:logGet(44)) - raft.grpc.admin.port = 0 (custom)
2021-10-28 03:01:56,827 [Listener at 127.0.0.1/11132] INFO  grpc.GrpcConfigKeys (ConfUtils.java:logGet(44)) - raft.grpc.client.port = 0 (custom)
2021-10-28 03:01:56,827 [Listener at 127.0.0.1/11132] INFO  grpc.GrpcConfigKeys (ConfUtils.java:logGet(44)) - raft.grpc.server.port = 0 (default)
2021-10-28 03:01:56,827 [Listener at 127.0.0.1/11132] INFO  server.GrpcService (ConfUtils.java:logGet(44)) - raft.grpc.message.size.max = 32MB (=33554432) (custom)
2021-10-28 03:01:56,827 [Listener at 127.0.0.1/11132] INFO  server.RaftServerConfigKeys (ConfUtils.java:logGet(44)) - raft.server.log.appender.buffer.byte-limit = 33554432 (custom)
2021-10-28 03:01:56,828 [Listener at 127.0.0.1/11132] INFO  server.GrpcService (ConfUtils.java:logGet(44)) - raft.grpc.flow.control.window = 5MB (=5242880) (custom)
2021-10-28 03:01:56,828 [Listener at 127.0.0.1/11132] INFO  server.RaftServerConfigKeys (ConfUtils.java:logGet(44)) - raft.server.rpc.request.timeout = 60s (custom)
2021-10-28 03:01:56,829 [Listener at 127.0.0.1/11132] INFO  impl.DataStreamServerImpl (ConfUtils.java:logGet(44)) - raft.datastream.type = DISABLED (default)
2021-10-28 03:01:56,829 [Listener at 127.0.0.1/11132] INFO  server.RaftServerConfigKeys (ConfUtils.java:logGet(44)) - raft.server.rpc.slowness.timeout = 300s (custom)
2021-10-28 03:01:56,829 [Listener at 127.0.0.1/11132] INFO  server.RaftServerConfigKeys (ConfUtils.java:logGet(44)) - raft.server.leaderelection.leader.step-down.wait-time = 10s (default)
2021-10-28 03:01:56,829 [Listener at 127.0.0.1/11132] INFO  server.RaftServerConfigKeys (ConfUtils.java:logGet(44)) - raft.server.storage.dir = [/home/runner/work/ozone/ozone/hadoop-ozone/integration-test/target/test-dir/MiniOzoneClusterImpl-701359f1-d346-43a7-a18b-390751046f7b/datanode-1/data/ratis] (custom)
2021-10-28 03:01:56,843 [Listener at 127.0.0.1/11132] INFO  http.BaseHttpServer (BaseHttpServer.java:newHttpServer2BuilderForOzone(209)) - Starting Web-server for hddsDatanode at: http://0.0.0.0:0
2021-10-28 03:01:56,843 [Listener at 127.0.0.1/11132] INFO  http.BaseHttpServer (BaseHttpServer.java:<init>(107)) - Hadoop Security Enabled: false Ozone Security Enabled: false Ozone HTTP Security Enabled: false 
2021-10-28 03:01:56,844 [Listener at 127.0.0.1/11132] INFO  server.AuthenticationFilter (AuthenticationFilter.java:constructSecretProvider(240)) - Unable to initialize FileSignerSecretProvider, falling back to use random secrets.
2021-10-28 03:01:56,851 [Listener at 127.0.0.1/11132] WARN  http.HttpRequestLog (HttpRequestLog.java:getRequestLog(103)) - Jetty request log can only be enabled using Log4j
2021-10-28 03:01:56,851 [Listener at 127.0.0.1/11132] INFO  http.HttpServer2 (HttpServer2.java:addGlobalFilter(1030)) - Added global filter 'safety' (class=org.apache.hadoop.hdds.server.http.HttpServer2$QuotingInputFilter)
2021-10-28 03:01:56,852 [Listener at 127.0.0.1/11132] INFO  http.HttpServer2 (HttpServer2.java:addFilter(1006)) - Added filter static_user_filter (class=org.apache.hadoop.http.lib.StaticUserWebFilter$StaticUserFilter) to context hddsDatanode
2021-10-28 03:01:56,852 [Listener at 127.0.0.1/11132] INFO  http.HttpServer2 (HttpServer2.java:addFilter(1014)) - Added filter static_user_filter (class=org.apache.hadoop.http.lib.StaticUserWebFilter$StaticUserFilter) to context static
2021-10-28 03:01:56,852 [Listener at 127.0.0.1/11132] INFO  http.HttpServer2 (HttpServer2.java:addFilter(1014)) - Added filter static_user_filter (class=org.apache.hadoop.http.lib.StaticUserWebFilter$StaticUserFilter) to context logs
2021-10-28 03:01:56,853 [Listener at 127.0.0.1/11132] INFO  http.HttpServer2 (HttpServer2.java:bindListener(1249)) - Jetty bound to port 45669
2021-10-28 03:01:56,853 [Listener at 127.0.0.1/11132] INFO  server.Server (Server.java:doStart(375)) - jetty-9.4.43.v20210629; built: 2021-06-30T11:07:22.254Z; git: 526006ecfa3af7f1a27ef3a288e2bef7ea9dd7e8; jvm 1.8.0_292-b10
2021-10-28 03:01:56,861 [Listener at 127.0.0.1/11132] INFO  server.session (DefaultSessionIdManager.java:doStart(334)) - DefaultSessionIdManager workerName=node0
2021-10-28 03:01:56,862 [Listener at 127.0.0.1/11132] INFO  server.session (DefaultSessionIdManager.java:doStart(339)) - No SessionScavenger set, using defaults
2021-10-28 03:01:56,862 [Listener at 127.0.0.1/11132] INFO  server.session (HouseKeeper.java:startScavenging(132)) - node0 Scavenging every 660000ms
2021-10-28 03:01:56,879 [EndpointStateMachine task thread for /127.0.0.1:12199 - 0 ] INFO  ipc.Client (Client.java:handleConnectionFailure(977)) - Retrying connect to server: localhost/127.0.0.1:12199. Already tried 7 time(s); retry policy is RetryUpToMaximumCountWithFixedSleep(maxRetries=15, sleepTime=1000 MILLISECONDS)
2021-10-28 03:01:56,880 [EndpointStateMachine task thread for /127.0.0.1:12189 - 0 ] INFO  ipc.Client (Client.java:handleConnectionFailure(977)) - Retrying connect to server: localhost/127.0.0.1:12189. Already tried 7 time(s); retry policy is RetryUpToMaximumCountWithFixedSleep(maxRetries=15, sleepTime=1000 MILLISECONDS)
2021-10-28 03:01:56,888 [Listener at 127.0.0.1/11132] INFO  handler.ContextHandler (ContextHandler.java:doStart(915)) - Started o.e.j.s.ServletContextHandler@7dab2645{logs,/logs,file:///home/runner/work/ozone/ozone/hadoop-ozone/integration-test/target/log,AVAILABLE}
2021-10-28 03:01:56,889 [Listener at 127.0.0.1/11132] INFO  handler.ContextHandler (ContextHandler.java:doStart(915)) - Started o.e.j.s.ServletContextHandler@25c42395{static,/static,jar:file:/home/runner/.m2/repository/org/apache/ozone/hdds-container-service/1.2.0-SNAPSHOT/hdds-container-service-1.2.0-SNAPSHOT.jar!/webapps/static,AVAILABLE}
2021-10-28 03:01:57,008 [Listener at 127.0.0.1/11132] INFO  handler.ContextHandler (ContextHandler.java:doStart(915)) - Started o.e.j.w.WebAppContext@7b0579c1{hddsDatanode,/,file:///tmp/jetty-0_0_0_0-45669-hdds-container-service-1_2_0-SNAPSHOT_jar-_-any-4574861558388780807/webapp/,AVAILABLE}{jar:file:/home/runner/.m2/repository/org/apache/ozone/hdds-container-service/1.2.0-SNAPSHOT/hdds-container-service-1.2.0-SNAPSHOT.jar!/webapps/hddsDatanode}
2021-10-28 03:01:57,015 [omNode-1@group-523986131536-FollowerState] INFO  impl.FollowerState (FollowerState.java:run(134)) - omNode-1@group-523986131536-FollowerState: change to CANDIDATE, lastRpcElapsedTime:1162024110ns, electionTimeout:1156ms
2021-10-28 03:01:57,015 [omNode-1@group-523986131536-FollowerState] INFO  impl.RoleInfo (RoleInfo.java:shutdownFollowerState(108)) - omNode-1: shutdown omNode-1@group-523986131536-FollowerState
2021-10-28 03:01:57,016 [omNode-1@group-523986131536-FollowerState] INFO  server.RaftServer$Division (RaftServerImpl.java:setRole(290)) - omNode-1@group-523986131536: changes role from  FOLLOWER to CANDIDATE at term 0 for changeToCandidate
2021-10-28 03:01:57,016 [omNode-1@group-523986131536-FollowerState] INFO  server.RaftServerConfigKeys (ConfUtils.java:logGet(44)) - raft.server.leaderelection.pre-vote = false (custom)
2021-10-28 03:01:57,016 [omNode-1@group-523986131536-FollowerState] INFO  impl.RoleInfo (RoleInfo.java:updateAndGet(130)) - omNode-1: start omNode-1@group-523986131536-LeaderElection33
2021-10-28 03:01:57,039 [Listener at 127.0.0.1/11132] INFO  server.AbstractConnector (AbstractConnector.java:doStart(331)) - Started ServerConnector@461c6f{HTTP/1.1, (http/1.1)}{0.0.0.0:45669}
2021-10-28 03:01:57,039 [Listener at 127.0.0.1/11132] INFO  server.Server (Server.java:doStart(415)) - Started @149602ms
2021-10-28 03:01:57,039 [Listener at 127.0.0.1/11132] WARN  impl.MetricsSystemImpl (MetricsSystemImpl.java:register(279)) - Sink prometheus already exists!
2021-10-28 03:01:57,040 [Listener at 127.0.0.1/11132] INFO  http.BaseHttpServer (BaseHttpServer.java:updateConnectorAddress(329)) - HTTP server of hddsDatanode listening at http://0.0.0.0:45669
2021-10-28 03:01:57,042 [omNode-1@group-523986131536-LeaderElection33] INFO  impl.LeaderElection (LeaderElection.java:askForVotes(306)) - omNode-1@group-523986131536-LeaderElection33 ELECTION round 0: submit vote requests at term 1 for -1: [omNode-1|rpc:localhost:11136|priority:0], old=null
2021-10-28 03:01:57,042 [omNode-1@group-523986131536-LeaderElection33] INFO  impl.LeaderElection (LeaderElection.java:askForVotes(308)) - omNode-1@group-523986131536-LeaderElection33 ELECTION round 0: result PASSED (term=1)
2021-10-28 03:01:57,042 [omNode-1@group-523986131536-LeaderElection33] INFO  impl.RoleInfo (RoleInfo.java:shutdownLeaderElection(121)) - omNode-1: shutdown omNode-1@group-523986131536-LeaderElection33
2021-10-28 03:01:57,042 [omNode-1@group-523986131536-LeaderElection33] INFO  server.RaftServer$Division (RaftServerImpl.java:setRole(290)) - omNode-1@group-523986131536: changes role from CANDIDATE to LEADER at term 1 for changeToLeader
2021-10-28 03:01:57,042 [omNode-1@group-523986131536-LeaderElection33] INFO  server.RaftServer$Division (ServerState.java:setLeader(285)) - omNode-1@group-523986131536: change Leader from null to omNode-1 at term 1 for becomeLeader, leader elected after 1270ms
2021-10-28 03:01:57,042 [omNode-1@group-523986131536-LeaderElection33] INFO  server.RaftServerConfigKeys (ConfUtils.java:logGet(44)) - raft.server.staging.catchup.gap = 1000 (default)
2021-10-28 03:01:57,046 [Listener at 127.0.0.1/11132] WARN  impl.MetricRegistriesImpl (MetricRegistriesImpl.java:addReporterRegistration(111)) - New reporters are added after registries were created. Some metrics will be missing from the reporter. Please add reporter before adding any new registry.
2021-10-28 03:01:57,046 [Listener at 127.0.0.1/11132] WARN  impl.MetricRegistriesImpl (MetricRegistriesImpl.java:addReporterRegistration(111)) - New reporters are added after registries were created. Some metrics will be missing from the reporter. Please add reporter before adding any new registry.
2021-10-28 03:01:57,047 [Listener at 127.0.0.1/11132] INFO  impl.MetricsSystemImpl (MetricsSystemImpl.java:init(158)) - HddsDatanode metrics system started (again)
2021-10-28 03:01:57,051 [omNode-1@group-523986131536-LeaderElection33] INFO  server.RaftServerConfigKeys (ConfUtils.java:logGet(44)) - raft.server.write.element-limit = 4096 (default)
2021-10-28 03:01:57,051 [omNode-1@group-523986131536-LeaderElection33] INFO  server.RaftServerConfigKeys (ConfUtils.java:logGet(44)) - raft.server.write.byte-limit = 64MB (=67108864) (default)
2021-10-28 03:01:57,051 [Datanode State Machine Daemon Thread] INFO  statemachine.DatanodeStateMachine (DatanodeStateMachine.java:lambda$startDaemon$0(467)) - Ozone container server started.
2021-10-28 03:01:57,056 [omNode-1@group-523986131536-LeaderElection33] INFO  server.RaftServerConfigKeys (ConfUtils.java:logGet(44)) - raft.server.watch.timeout = 10s (default)
2021-10-28 03:01:57,056 [omNode-1@group-523986131536-LeaderElection33] INFO  server.RaftServerConfigKeys (ConfUtils.java:logGet(44)) - raft.server.watch.timeout.denomination = 1s (default)
2021-10-28 03:01:57,056 [omNode-1@group-523986131536-LeaderElection33] INFO  server.RaftServerConfigKeys (ConfUtils.java:logGet(44)) - raft.server.watch.element-limit = 65536 (default)
2021-10-28 03:01:57,056 [omNode-1@group-523986131536-LeaderElection33] INFO  server.RaftServerConfigKeys (ConfUtils.java:logGet(44)) - raft.server.write.element-limit = 4096 (default)
2021-10-28 03:01:57,056 [omNode-1@group-523986131536-LeaderElection33] INFO  server.RaftServerConfigKeys (ConfUtils.java:logGet(44)) - raft.server.write.follower.gap.ratio.max = -1.0 (default)
2021-10-28 03:01:57,056 [omNode-1@group-523986131536-LeaderElection33] INFO  impl.RoleInfo (RoleInfo.java:updateAndGet(130)) - omNode-1: start omNode-1@group-523986131536-LeaderStateImpl
2021-10-28 03:01:57,057 [omNode-1@group-523986131536-LeaderElection33] INFO  segmented.SegmentedRaftLogWorker (SegmentedRaftLogWorker.java:startLogSegment(394)) - omNode-1@group-523986131536-SegmentedRaftLogWorker: Starting segment from index:0
2021-10-28 03:01:57,087 [org.apache.hadoop.util.JvmPauseMonitor$Monitor@2b6c86fc] INFO  util.JvmPauseMonitor (JvmPauseMonitor.java:run(188)) - Starting JVM pause monitor
2021-10-28 03:01:57,095 [Datanode State Machine Task Thread - 0] INFO  ha.SCMNodeInfo (SCMNodeInfo.java:getPort(197)) - ConfigKey ozone.scm.client.address is deprecated, For configuring different ports for each SCM use PortConfigKey ozone.scm.client.port appended with serviceId and nodeId
2021-10-28 03:01:57,095 [Datanode State Machine Task Thread - 0] INFO  ha.SCMNodeInfo (SCMNodeInfo.java:getPort(197)) - ConfigKey ozone.scm.block.client.address is deprecated, For configuring different ports for each SCM use PortConfigKey ozone.scm.block.client.port appended with serviceId and nodeId
2021-10-28 03:01:57,095 [Datanode State Machine Task Thread - 0] INFO  ha.SCMNodeInfo (SCMNodeInfo.java:getPort(197)) - ConfigKey ozone.scm.datanode.address is deprecated, For configuring different ports for each SCM use PortConfigKey ozone.scm.datanode.port appended with serviceId and nodeId
2021-10-28 03:01:57,095 [Datanode State Machine Task Thread - 0] INFO  ha.SCMNodeInfo (SCMNodeInfo.java:getPort(197)) - ConfigKey ozone.scm.client.address is deprecated, For configuring different ports for each SCM use PortConfigKey ozone.scm.client.port appended with serviceId and nodeId
2021-10-28 03:01:57,095 [Datanode State Machine Task Thread - 0] INFO  ha.SCMNodeInfo (SCMNodeInfo.java:getPort(197)) - ConfigKey ozone.scm.block.client.address is deprecated, For configuring different ports for each SCM use PortConfigKey ozone.scm.block.client.port appended with serviceId and nodeId
2021-10-28 03:01:57,095 [Datanode State Machine Task Thread - 0] INFO  ha.SCMNodeInfo (SCMNodeInfo.java:getPort(197)) - ConfigKey ozone.scm.datanode.address is deprecated, For configuring different ports for each SCM use PortConfigKey ozone.scm.datanode.port appended with serviceId and nodeId
2021-10-28 03:01:57,095 [Datanode State Machine Task Thread - 0] INFO  ha.SCMNodeInfo (SCMNodeInfo.java:getPort(197)) - ConfigKey ozone.scm.client.address is deprecated, For configuring different ports for each SCM use PortConfigKey ozone.scm.client.port appended with serviceId and nodeId
2021-10-28 03:01:57,095 [Datanode State Machine Task Thread - 0] INFO  ha.SCMNodeInfo (SCMNodeInfo.java:getPort(197)) - ConfigKey ozone.scm.block.client.address is deprecated, For configuring different ports for each SCM use PortConfigKey ozone.scm.block.client.port appended with serviceId and nodeId
2021-10-28 03:01:57,095 [Datanode State Machine Task Thread - 0] INFO  ha.SCMNodeInfo (SCMNodeInfo.java:getPort(197)) - ConfigKey ozone.scm.datanode.address is deprecated, For configuring different ports for each SCM use PortConfigKey ozone.scm.datanode.port appended with serviceId and nodeId
2021-10-28 03:01:57,096 [Datanode State Machine Task Thread - 0] INFO  datanode.InitDatanodeState (InitDatanodeState.java:persistContainerDatanodeDetails(145)) - DatanodeDetails is persisted to /home/runner/work/ozone/ozone/hadoop-ozone/integration-test/target/test-dir/MiniOzoneClusterImpl-701359f1-d346-43a7-a18b-390751046f7b/datanode-1/meta/datanode.id
2021-10-28 03:01:57,107 [omNode-1@group-523986131536-SegmentedRaftLogWorker] INFO  segmented.SegmentedRaftLogWorker (SegmentedRaftLogWorker.java:execute(601)) - omNode-1@group-523986131536-SegmentedRaftLogWorker: created new log segment /home/runner/work/ozone/ozone/hadoop-ozone/integration-test/target/test-dir/MiniOzoneClusterImpl-701359f1-d346-43a7-a18b-390751046f7b/omNode-1/ratis/c9bc4cf4-3bc3-3c60-a66b-523986131536/current/log_inprogress_0
2021-10-28 03:01:57,113 [Listener at 127.0.0.1/11132] INFO  ozone.HddsDatanodeService (HddsDatanodeService.java:start(234)) - HddsDatanodeService host:fv-az184-410.3ow45vhwbzuu5incsxmygykede.cx.internal.cloudapp.net ip:10.1.0.63
2021-10-28 03:01:57,115 [omNode-1@group-523986131536-LeaderElection33] INFO  server.RaftServer$Division (ServerState.java:setRaftConf(387)) - omNode-1@group-523986131536: set configuration 0: [omNode-1|rpc:localhost:11136|admin:|client:|dataStream:|priority:0], old=null
2021-10-28 03:01:57,125 [omNode-1@group-523986131536-StateMachineUpdater] INFO  ratis.OzoneManagerStateMachine (OzoneManagerStateMachine.java:notifyConfigurationChanged(188)) - Received Configuration change notification from Ratis. New Peer list:
[id: "omNode-1"
address: "localhost:11136"
]
2021-10-28 03:01:57,163 [Listener at 127.0.0.1/11132] INFO  upgrade.AbstractLayoutVersionManager (AbstractLayoutVersionManager.java:init(79)) - Initializing Layout version manager with metadata layout = SCM_HA (version = 2), software layout = SCM_HA (version = 2)
2021-10-28 03:01:57,223 [Listener at 127.0.0.1/11132] INFO  reflections.Reflections (Reflections.java:scan(232)) - Reflections took 58 ms to scan 7 urls, producing 119 keys and 279 values 
2021-10-28 03:01:57,225 [Listener at 127.0.0.1/11132] INFO  ha.SCMNodeInfo (SCMNodeInfo.java:getPort(197)) - ConfigKey ozone.scm.client.address is deprecated, For configuring different ports for each SCM use PortConfigKey ozone.scm.client.port appended with serviceId and nodeId
2021-10-28 03:01:57,225 [Listener at 127.0.0.1/11132] INFO  ha.SCMNodeInfo (SCMNodeInfo.java:getPort(197)) - ConfigKey ozone.scm.block.client.address is deprecated, For configuring different ports for each SCM use PortConfigKey ozone.scm.block.client.port appended with serviceId and nodeId
2021-10-28 03:01:57,227 [EndpointStateMachine task thread for /127.0.0.1:12209 - 0 ] INFO  ipc.Client (Client.java:handleConnectionFailure(977)) - Retrying connect to server: localhost/127.0.0.1:12209. Already tried 4 time(s); retry policy is RetryUpToMaximumCountWithFixedSleep(maxRetries=15, sleepTime=1000 MILLISECONDS)
2021-10-28 03:01:57,231 [Listener at 127.0.0.1/11132] INFO  ha.SCMNodeInfo (SCMNodeInfo.java:getPort(197)) - ConfigKey ozone.scm.datanode.address is deprecated, For configuring different ports for each SCM use PortConfigKey ozone.scm.datanode.port appended with serviceId and nodeId
2021-10-28 03:01:57,231 [Listener at 127.0.0.1/11132] INFO  ha.SCMNodeInfo (SCMNodeInfo.java:getPort(197)) - ConfigKey ozone.scm.client.address is deprecated, For configuring different ports for each SCM use PortConfigKey ozone.scm.client.port appended with serviceId and nodeId
2021-10-28 03:01:57,231 [Listener at 127.0.0.1/11132] INFO  ha.SCMNodeInfo (SCMNodeInfo.java:getPort(197)) - ConfigKey ozone.scm.block.client.address is deprecated, For configuring different ports for each SCM use PortConfigKey ozone.scm.block.client.port appended with serviceId and nodeId
2021-10-28 03:01:57,232 [Listener at 127.0.0.1/11132] INFO  ha.SCMNodeInfo (SCMNodeInfo.java:getPort(197)) - ConfigKey ozone.scm.datanode.address is deprecated, For configuring different ports for each SCM use PortConfigKey ozone.scm.datanode.port appended with serviceId and nodeId
2021-10-28 03:01:57,232 [Listener at 127.0.0.1/11132] INFO  ha.SCMNodeInfo (SCMNodeInfo.java:getPort(197)) - ConfigKey ozone.scm.client.address is deprecated, For configuring different ports for each SCM use PortConfigKey ozone.scm.client.port appended with serviceId and nodeId
2021-10-28 03:01:57,232 [Listener at 127.0.0.1/11132] INFO  ha.SCMNodeInfo (SCMNodeInfo.java:getPort(197)) - ConfigKey ozone.scm.block.client.address is deprecated, For configuring different ports for each SCM use PortConfigKey ozone.scm.block.client.port appended with serviceId and nodeId
2021-10-28 03:01:57,232 [Listener at 127.0.0.1/11132] INFO  ha.SCMNodeInfo (SCMNodeInfo.java:getPort(197)) - ConfigKey ozone.scm.datanode.address is deprecated, For configuring different ports for each SCM use PortConfigKey ozone.scm.datanode.port appended with serviceId and nodeId
2021-10-28 03:01:57,232 [Listener at 127.0.0.1/11132] INFO  statemachine.DatanodeStateMachine (DatanodeStateMachine.java:getEndPointTaskThreadPoolSize(219)) - Datanode State Machine Task Thread Pool size 4
2021-10-28 03:01:57,239 [Listener at 127.0.0.1/11132] INFO  volume.HddsVolume (HddsVolume.java:<init>(120)) - Creating HddsVolume: /home/runner/work/ozone/ozone/hadoop-ozone/integration-test/target/test-dir/MiniOzoneClusterImpl-701359f1-d346-43a7-a18b-390751046f7b/datanode-2/data-0/containers/hdds of storage type : DISK capacity : 9223372036854775807
2021-10-28 03:01:57,239 [Listener at 127.0.0.1/11132] INFO  volume.MutableVolumeSet (MutableVolumeSet.java:initializeVolumeSet(168)) - Added Volume : /home/runner/work/ozone/ozone/hadoop-ozone/integration-test/target/test-dir/MiniOzoneClusterImpl-701359f1-d346-43a7-a18b-390751046f7b/datanode-2/data-0/containers/hdds to VolumeSet
2021-10-28 03:01:57,240 [Listener at 127.0.0.1/11132] INFO  volume.ThrottledAsyncChecker (ThrottledAsyncChecker.java:schedule(141)) - Scheduling a check for /home/runner/work/ozone/ozone/hadoop-ozone/integration-test/target/test-dir/MiniOzoneClusterImpl-701359f1-d346-43a7-a18b-390751046f7b/datanode-2/data-0/containers/hdds
2021-10-28 03:01:57,260 [Listener at 127.0.0.1/11132] INFO  volume.StorageVolumeChecker (StorageVolumeChecker.java:checkAllVolumes(202)) - Scheduled health check for volume /home/runner/work/ozone/ozone/hadoop-ozone/integration-test/target/test-dir/MiniOzoneClusterImpl-701359f1-d346-43a7-a18b-390751046f7b/datanode-2/data-0/containers/hdds
2021-10-28 03:01:57,297 [Listener at 127.0.0.1/11132] INFO  volume.MutableVolumeSet (MutableVolumeSet.java:initializeVolumeSet(168)) - Added Volume : /home/runner/work/ozone/ozone/hadoop-ozone/integration-test/target/test-dir/MiniOzoneClusterImpl-701359f1-d346-43a7-a18b-390751046f7b/datanode-2/data/ratis to VolumeSet
2021-10-28 03:01:57,297 [Listener at 127.0.0.1/11132] INFO  volume.ThrottledAsyncChecker (ThrottledAsyncChecker.java:schedule(141)) - Scheduling a check for /home/runner/work/ozone/ozone/hadoop-ozone/integration-test/target/test-dir/MiniOzoneClusterImpl-701359f1-d346-43a7-a18b-390751046f7b/datanode-2/data/ratis
2021-10-28 03:01:57,298 [Listener at 127.0.0.1/11132] INFO  volume.StorageVolumeChecker (StorageVolumeChecker.java:checkAllVolumes(202)) - Scheduled health check for volume /home/runner/work/ozone/ozone/hadoop-ozone/integration-test/target/test-dir/MiniOzoneClusterImpl-701359f1-d346-43a7-a18b-390751046f7b/datanode-2/data/ratis
2021-10-28 03:01:57,344 [Thread-2284] INFO  ozoneimpl.ContainerReader (ContainerReader.java:readVolume(172)) - Finish verifying containers on volume /home/runner/work/ozone/ozone/hadoop-ozone/integration-test/target/test-dir/MiniOzoneClusterImpl-701359f1-d346-43a7-a18b-390751046f7b/datanode-2/data-0/containers/hdds
2021-10-28 03:01:57,344 [Listener at 127.0.0.1/11132] INFO  ozoneimpl.OzoneContainer (OzoneContainer.java:buildContainerSet(236)) - Build ContainerSet costs 0s
2021-10-28 03:01:57,375 [Listener at 127.0.0.1/11132] INFO  server.RaftServer (ConfUtils.java:logGet(44)) - raft.rpc.type = GRPC (default)
2021-10-28 03:01:57,376 [Listener at 127.0.0.1/11132] INFO  grpc.GrpcFactory (GrpcFactory.java:checkPooledByteBufAllocatorUseCacheForAllThreads(48)) - PERFORMANCE WARNING: useCacheForAllThreads is true that may cause Netty to create a lot garbage objects and, as a result, trigger GC.
	It is recommended to disable useCacheForAllThreads by setting -Dorg.apache.ratis.thirdparty.io.netty.allocator.useCacheForAllThreads=false in command line.
2021-10-28 03:01:57,377 [Listener at 127.0.0.1/11132] INFO  grpc.GrpcConfigKeys (ConfUtils.java:logGet(44)) - raft.grpc.admin.port = 0 (custom)
2021-10-28 03:01:57,379 [Listener at 127.0.0.1/11132] INFO  grpc.GrpcConfigKeys (ConfUtils.java:logGet(44)) - raft.grpc.client.port = 0 (custom)
2021-10-28 03:01:57,379 [Listener at 127.0.0.1/11132] INFO  grpc.GrpcConfigKeys (ConfUtils.java:logGet(44)) - raft.grpc.server.port = 0 (default)
2021-10-28 03:01:57,379 [Listener at 127.0.0.1/11132] INFO  server.GrpcService (ConfUtils.java:logGet(44)) - raft.grpc.message.size.max = 32MB (=33554432) (custom)
2021-10-28 03:01:57,379 [Listener at 127.0.0.1/11132] INFO  server.RaftServerConfigKeys (ConfUtils.java:logGet(44)) - raft.server.log.appender.buffer.byte-limit = 33554432 (custom)
2021-10-28 03:01:57,379 [Listener at 127.0.0.1/11132] INFO  server.GrpcService (ConfUtils.java:logGet(44)) - raft.grpc.flow.control.window = 5MB (=5242880) (custom)
2021-10-28 03:01:57,383 [Listener at 127.0.0.1/11132] INFO  server.RaftServerConfigKeys (ConfUtils.java:logGet(44)) - raft.server.rpc.request.timeout = 60s (custom)
2021-10-28 03:01:57,384 [Listener at 127.0.0.1/11132] INFO  impl.DataStreamServerImpl (ConfUtils.java:logGet(44)) - raft.datastream.type = DISABLED (default)
2021-10-28 03:01:57,387 [Listener at 127.0.0.1/11132] INFO  server.RaftServerConfigKeys (ConfUtils.java:logGet(44)) - raft.server.rpc.slowness.timeout = 300s (custom)
2021-10-28 03:01:57,387 [Listener at 127.0.0.1/11132] INFO  server.RaftServerConfigKeys (ConfUtils.java:logGet(44)) - raft.server.leaderelection.leader.step-down.wait-time = 10s (default)
2021-10-28 03:01:57,388 [Listener at 127.0.0.1/11132] INFO  server.RaftServerConfigKeys (ConfUtils.java:logGet(44)) - raft.server.storage.dir = [/home/runner/work/ozone/ozone/hadoop-ozone/integration-test/target/test-dir/MiniOzoneClusterImpl-701359f1-d346-43a7-a18b-390751046f7b/datanode-2/data/ratis] (custom)
2021-10-28 03:01:57,406 [Listener at 127.0.0.1/11132] INFO  http.BaseHttpServer (BaseHttpServer.java:newHttpServer2BuilderForOzone(209)) - Starting Web-server for hddsDatanode at: http://0.0.0.0:0
2021-10-28 03:01:57,406 [Listener at 127.0.0.1/11132] INFO  http.BaseHttpServer (BaseHttpServer.java:<init>(107)) - Hadoop Security Enabled: false Ozone Security Enabled: false Ozone HTTP Security Enabled: false 
2021-10-28 03:01:57,421 [Listener at 127.0.0.1/11132] INFO  server.AuthenticationFilter (AuthenticationFilter.java:constructSecretProvider(240)) - Unable to initialize FileSignerSecretProvider, falling back to use random secrets.
2021-10-28 03:01:57,442 [Listener at 127.0.0.1/11132] WARN  http.HttpRequestLog (HttpRequestLog.java:getRequestLog(103)) - Jetty request log can only be enabled using Log4j
2021-10-28 03:01:57,443 [Listener at 127.0.0.1/11132] INFO  http.HttpServer2 (HttpServer2.java:addGlobalFilter(1030)) - Added global filter 'safety' (class=org.apache.hadoop.hdds.server.http.HttpServer2$QuotingInputFilter)
2021-10-28 03:01:57,444 [Listener at 127.0.0.1/11132] INFO  http.HttpServer2 (HttpServer2.java:addFilter(1006)) - Added filter static_user_filter (class=org.apache.hadoop.http.lib.StaticUserWebFilter$StaticUserFilter) to context hddsDatanode
2021-10-28 03:01:57,444 [Listener at 127.0.0.1/11132] INFO  http.HttpServer2 (HttpServer2.java:addFilter(1014)) - Added filter static_user_filter (class=org.apache.hadoop.http.lib.StaticUserWebFilter$StaticUserFilter) to context static
2021-10-28 03:01:57,444 [Listener at 127.0.0.1/11132] INFO  http.HttpServer2 (HttpServer2.java:addFilter(1014)) - Added filter static_user_filter (class=org.apache.hadoop.http.lib.StaticUserWebFilter$StaticUserFilter) to context logs
2021-10-28 03:01:57,444 [Listener at 127.0.0.1/11132] INFO  http.HttpServer2 (HttpServer2.java:bindListener(1249)) - Jetty bound to port 38755
2021-10-28 03:01:57,445 [Listener at 127.0.0.1/11132] INFO  server.Server (Server.java:doStart(375)) - jetty-9.4.43.v20210629; built: 2021-06-30T11:07:22.254Z; git: 526006ecfa3af7f1a27ef3a288e2bef7ea9dd7e8; jvm 1.8.0_292-b10
2021-10-28 03:01:57,493 [Listener at 127.0.0.1/11132] INFO  server.session (DefaultSessionIdManager.java:doStart(334)) - DefaultSessionIdManager workerName=node0
2021-10-28 03:01:57,493 [Listener at 127.0.0.1/11132] INFO  server.session (DefaultSessionIdManager.java:doStart(339)) - No SessionScavenger set, using defaults
2021-10-28 03:01:57,497 [Listener at 127.0.0.1/11132] INFO  server.session (HouseKeeper.java:startScavenging(132)) - node0 Scavenging every 660000ms
2021-10-28 03:01:57,503 [Listener at 127.0.0.1/11132] INFO  handler.ContextHandler (ContextHandler.java:doStart(915)) - Started o.e.j.s.ServletContextHandler@5cde2f06{logs,/logs,file:///home/runner/work/ozone/ozone/hadoop-ozone/integration-test/target/log,AVAILABLE}
2021-10-28 03:01:57,504 [Listener at 127.0.0.1/11132] INFO  handler.ContextHandler (ContextHandler.java:doStart(915)) - Started o.e.j.s.ServletContextHandler@aa2df13{static,/static,jar:file:/home/runner/.m2/repository/org/apache/ozone/hdds-container-service/1.2.0-SNAPSHOT/hdds-container-service-1.2.0-SNAPSHOT.jar!/webapps/static,AVAILABLE}
2021-10-28 03:01:57,571 [Listener at 127.0.0.1/11132] INFO  handler.ContextHandler (ContextHandler.java:doStart(915)) - Started o.e.j.w.WebAppContext@7589fc89{hddsDatanode,/,file:///tmp/jetty-0_0_0_0-38755-hdds-container-service-1_2_0-SNAPSHOT_jar-_-any-3139701294025124328/webapp/,AVAILABLE}{jar:file:/home/runner/.m2/repository/org/apache/ozone/hdds-container-service/1.2.0-SNAPSHOT/hdds-container-service-1.2.0-SNAPSHOT.jar!/webapps/hddsDatanode}
2021-10-28 03:01:57,599 [Listener at 127.0.0.1/11132] INFO  server.AbstractConnector (AbstractConnector.java:doStart(331)) - Started ServerConnector@18b1c737{HTTP/1.1, (http/1.1)}{0.0.0.0:38755}
2021-10-28 03:01:57,599 [Listener at 127.0.0.1/11132] INFO  server.Server (Server.java:doStart(415)) - Started @150162ms
2021-10-28 03:01:57,599 [Listener at 127.0.0.1/11132] WARN  impl.MetricsSystemImpl (MetricsSystemImpl.java:register(279)) - Sink prometheus already exists!
2021-10-28 03:01:57,600 [Listener at 127.0.0.1/11132] INFO  http.BaseHttpServer (BaseHttpServer.java:updateConnectorAddress(329)) - HTTP server of hddsDatanode listening at http://0.0.0.0:38755
2021-10-28 03:01:57,605 [Listener at 127.0.0.1/11132] INFO  ozone.MiniOzoneClusterImpl (MiniOzoneClusterImpl.java:lambda$waitForClusterToBeReady$0(235)) - Waiting for nodes to be ready. Got 1 of 3 DN Heartbeats.
2021-10-28 03:01:57,605 [Listener at 127.0.0.1/11132] INFO  ozone.MiniOzoneClusterImpl (MiniOzoneClusterImpl.java:lambda$waitForClusterToBeReady$0(238)) - Waiting for cluster to exit safe mode
2021-10-28 03:01:57,605 [Listener at 127.0.0.1/11132] INFO  ozone.MiniOzoneClusterImpl (MiniOzoneClusterImpl.java:lambda$waitForClusterToBeReady$0(240)) - SCM became leader
2021-10-28 03:01:57,605 [Datanode State Machine Daemon Thread] INFO  statemachine.DatanodeStateMachine (DatanodeStateMachine.java:lambda$startDaemon$0(467)) - Ozone container server started.
2021-10-28 03:01:57,688 [EndpointStateMachine task thread for /127.0.0.1:13023 - 0 ] INFO  ipc.Client (Client.java:handleConnectionFailure(977)) - Retrying connect to server: localhost/127.0.0.1:13023. Already tried 3 time(s); retry policy is RetryUpToMaximumCountWithFixedSleep(maxRetries=15, sleepTime=1000 MILLISECONDS)
2021-10-28 03:01:57,688 [EndpointStateMachine task thread for /127.0.0.1:13013 - 0 ] INFO  ipc.Client (Client.java:handleConnectionFailure(977)) - Retrying connect to server: localhost/127.0.0.1:13013. Already tried 3 time(s); retry policy is RetryUpToMaximumCountWithFixedSleep(maxRetries=15, sleepTime=1000 MILLISECONDS)
2021-10-28 03:01:57,763 [org.apache.hadoop.util.JvmPauseMonitor$Monitor@fd073da] INFO  util.JvmPauseMonitor (JvmPauseMonitor.java:run(188)) - Starting JVM pause monitor
2021-10-28 03:01:57,775 [Datanode State Machine Task Thread - 0] INFO  ha.SCMNodeInfo (SCMNodeInfo.java:getPort(197)) - ConfigKey ozone.scm.client.address is deprecated, For configuring different ports for each SCM use PortConfigKey ozone.scm.client.port appended with serviceId and nodeId
2021-10-28 03:01:57,775 [Datanode State Machine Task Thread - 0] INFO  ha.SCMNodeInfo (SCMNodeInfo.java:getPort(197)) - ConfigKey ozone.scm.block.client.address is deprecated, For configuring different ports for each SCM use PortConfigKey ozone.scm.block.client.port appended with serviceId and nodeId
2021-10-28 03:01:57,775 [Datanode State Machine Task Thread - 0] INFO  ha.SCMNodeInfo (SCMNodeInfo.java:getPort(197)) - ConfigKey ozone.scm.datanode.address is deprecated, For configuring different ports for each SCM use PortConfigKey ozone.scm.datanode.port appended with serviceId and nodeId
2021-10-28 03:01:57,775 [Datanode State Machine Task Thread - 0] INFO  ha.SCMNodeInfo (SCMNodeInfo.java:getPort(197)) - ConfigKey ozone.scm.client.address is deprecated, For configuring different ports for each SCM use PortConfigKey ozone.scm.client.port appended with serviceId and nodeId
2021-10-28 03:01:57,775 [Datanode State Machine Task Thread - 0] INFO  ha.SCMNodeInfo (SCMNodeInfo.java:getPort(197)) - ConfigKey ozone.scm.block.client.address is deprecated, For configuring different ports for each SCM use PortConfigKey ozone.scm.block.client.port appended with serviceId and nodeId
2021-10-28 03:01:57,775 [Datanode State Machine Task Thread - 0] INFO  ha.SCMNodeInfo (SCMNodeInfo.java:getPort(197)) - ConfigKey ozone.scm.datanode.address is deprecated, For configuring different ports for each SCM use PortConfigKey ozone.scm.datanode.port appended with serviceId and nodeId
2021-10-28 03:01:57,775 [Datanode State Machine Task Thread - 0] INFO  ha.SCMNodeInfo (SCMNodeInfo.java:getPort(197)) - ConfigKey ozone.scm.client.address is deprecated, For configuring different ports for each SCM use PortConfigKey ozone.scm.client.port appended with serviceId and nodeId
2021-10-28 03:01:57,775 [Datanode State Machine Task Thread - 0] INFO  ha.SCMNodeInfo (SCMNodeInfo.java:getPort(197)) - ConfigKey ozone.scm.block.client.address is deprecated, For configuring different ports for each SCM use PortConfigKey ozone.scm.block.client.port appended with serviceId and nodeId
2021-10-28 03:01:57,775 [Datanode State Machine Task Thread - 0] INFO  ha.SCMNodeInfo (SCMNodeInfo.java:getPort(197)) - ConfigKey ozone.scm.datanode.address is deprecated, For configuring different ports for each SCM use PortConfigKey ozone.scm.datanode.port appended with serviceId and nodeId
2021-10-28 03:01:57,783 [Datanode State Machine Task Thread - 0] INFO  datanode.InitDatanodeState (InitDatanodeState.java:persistContainerDatanodeDetails(145)) - DatanodeDetails is persisted to /home/runner/work/ozone/ozone/hadoop-ozone/integration-test/target/test-dir/MiniOzoneClusterImpl-701359f1-d346-43a7-a18b-390751046f7b/datanode-2/meta/datanode.id
2021-10-28 03:01:57,880 [EndpointStateMachine task thread for /127.0.0.1:12199 - 0 ] INFO  ipc.Client (Client.java:handleConnectionFailure(977)) - Retrying connect to server: localhost/127.0.0.1:12199. Already tried 8 time(s); retry policy is RetryUpToMaximumCountWithFixedSleep(maxRetries=15, sleepTime=1000 MILLISECONDS)
2021-10-28 03:01:57,880 [EndpointStateMachine task thread for /127.0.0.1:12189 - 0 ] INFO  ipc.Client (Client.java:handleConnectionFailure(977)) - Retrying connect to server: localhost/127.0.0.1:12189. Already tried 8 time(s); retry policy is RetryUpToMaximumCountWithFixedSleep(maxRetries=15, sleepTime=1000 MILLISECONDS)
2021-10-28 03:01:58,231 [EndpointStateMachine task thread for /127.0.0.1:12209 - 0 ] INFO  ipc.Client (Client.java:handleConnectionFailure(977)) - Retrying connect to server: localhost/127.0.0.1:12209. Already tried 5 time(s); retry policy is RetryUpToMaximumCountWithFixedSleep(maxRetries=15, sleepTime=1000 MILLISECONDS)
2021-10-28 03:01:58,605 [Listener at 127.0.0.1/11132] INFO  ozone.MiniOzoneClusterImpl (MiniOzoneClusterImpl.java:lambda$waitForClusterToBeReady$0(235)) - Waiting for nodes to be ready. Got 1 of 3 DN Heartbeats.
2021-10-28 03:01:58,605 [Listener at 127.0.0.1/11132] INFO  ozone.MiniOzoneClusterImpl (MiniOzoneClusterImpl.java:lambda$waitForClusterToBeReady$0(238)) - Waiting for cluster to exit safe mode
2021-10-28 03:01:58,606 [Listener at 127.0.0.1/11132] INFO  ozone.MiniOzoneClusterImpl (MiniOzoneClusterImpl.java:lambda$waitForClusterToBeReady$0(240)) - SCM became leader
2021-10-28 03:01:58,656 [EndpointStateMachine task thread for /127.0.0.1:13043 - 0 ] INFO  ozoneimpl.OzoneContainer (OzoneContainer.java:start(304)) - Attempting to start container services.
2021-10-28 03:01:58,656 [EndpointStateMachine task thread for /127.0.0.1:13043 - 0 ] INFO  ozoneimpl.OzoneContainer (OzoneContainer.java:startContainerScrub(249)) - Background container scanner has been disabled.
2021-10-28 03:01:58,658 [EndpointStateMachine task thread for /127.0.0.1:13043 - 0 ] INFO  replication.ReplicationServer (ReplicationServer.java:start(107)) - ReplicationServer is started using port 37093
2021-10-28 03:01:58,676 [EndpointStateMachine task thread for /127.0.0.1:13043 - 0 ] INFO  ratis.XceiverServerRatis (XceiverServerRatis.java:start(484)) - Starting XceiverServerRatis d262ff89-3d5e-4ab4-981f-dc8616a3cc4b
2021-10-28 03:01:58,688 [EndpointStateMachine task thread for /127.0.0.1:13013 - 0 ] INFO  ipc.Client (Client.java:handleConnectionFailure(977)) - Retrying connect to server: localhost/127.0.0.1:13013. Already tried 4 time(s); retry policy is RetryUpToMaximumCountWithFixedSleep(maxRetries=15, sleepTime=1000 MILLISECONDS)
2021-10-28 03:01:58,688 [EndpointStateMachine task thread for /127.0.0.1:13023 - 0 ] INFO  ipc.Client (Client.java:handleConnectionFailure(977)) - Retrying connect to server: localhost/127.0.0.1:13023. Already tried 4 time(s); retry policy is RetryUpToMaximumCountWithFixedSleep(maxRetries=15, sleepTime=1000 MILLISECONDS)
2021-10-28 03:01:58,719 [EndpointStateMachine task thread for /127.0.0.1:13043 - 0 ] INFO  server.RaftServer (RaftServerProxy.java:lambda$start$5(374)) - d262ff89-3d5e-4ab4-981f-dc8616a3cc4b: start RPC server
2021-10-28 03:01:58,720 [EndpointStateMachine task thread for /127.0.0.1:13043 - 0 ] INFO  server.GrpcService (GrpcService.java:startImpl(253)) - d262ff89-3d5e-4ab4-981f-dc8616a3cc4b: GrpcService started, listening on 35379
2021-10-28 03:01:58,720 [EndpointStateMachine task thread for /127.0.0.1:13043 - 0 ] INFO  ratis.XceiverServerRatis (XceiverServerRatis.java:getRealPort(505)) - XceiverServerRatis d262ff89-3d5e-4ab4-981f-dc8616a3cc4b is started using port 35379 for RATIS
2021-10-28 03:01:58,720 [EndpointStateMachine task thread for /127.0.0.1:13043 - 0 ] INFO  ratis.XceiverServerRatis (XceiverServerRatis.java:getRealPort(505)) - XceiverServerRatis d262ff89-3d5e-4ab4-981f-dc8616a3cc4b is started using port 35379 for RATIS_ADMIN
2021-10-28 03:01:58,720 [EndpointStateMachine task thread for /127.0.0.1:13043 - 0 ] INFO  ratis.XceiverServerRatis (XceiverServerRatis.java:getRealPort(505)) - XceiverServerRatis d262ff89-3d5e-4ab4-981f-dc8616a3cc4b is started using port 35379 for RATIS_SERVER
2021-10-28 03:01:58,720 [EndpointStateMachine task thread for /127.0.0.1:13043 - 0 ] INFO  server.XceiverServerGrpc (XceiverServerGrpc.java:start(135)) - XceiverServerGrpc d262ff89-3d5e-4ab4-981f-dc8616a3cc4b is started using port 40287
2021-10-28 03:01:58,729 [EndpointStateMachine task thread for /127.0.0.1:13033 - 0 ] INFO  ozoneimpl.OzoneContainer (OzoneContainer.java:start(300)) - Ignore. OzoneContainer already started.
2021-10-28 03:01:58,729 [org.apache.ratis.util.JvmPauseMonitor$$Lambda$499/17331878@24d288e0] INFO  util.JvmPauseMonitor (JvmPauseMonitor.java:run(103)) - JvmPauseMonitor-d262ff89-3d5e-4ab4-981f-dc8616a3cc4b: Started
2021-10-28 03:01:58,880 [EndpointStateMachine task thread for /127.0.0.1:12199 - 0 ] INFO  ipc.Client (Client.java:handleConnectionFailure(977)) - Retrying connect to server: localhost/127.0.0.1:12199. Already tried 9 time(s); retry policy is RetryUpToMaximumCountWithFixedSleep(maxRetries=15, sleepTime=1000 MILLISECONDS)
2021-10-28 03:01:58,882 [EndpointStateMachine task thread for /127.0.0.1:12189 - 0 ] INFO  ipc.Client (Client.java:handleConnectionFailure(977)) - Retrying connect to server: localhost/127.0.0.1:12189. Already tried 9 time(s); retry policy is RetryUpToMaximumCountWithFixedSleep(maxRetries=15, sleepTime=1000 MILLISECONDS)
2021-10-28 03:01:59,094 [EndpointStateMachine task thread for /127.0.0.1:13043 - 0 ] INFO  ozoneimpl.OzoneContainer (OzoneContainer.java:start(304)) - Attempting to start container services.
2021-10-28 03:01:59,094 [EndpointStateMachine task thread for /127.0.0.1:13043 - 0 ] INFO  ozoneimpl.OzoneContainer (OzoneContainer.java:startContainerScrub(249)) - Background container scanner has been disabled.
2021-10-28 03:01:59,095 [EndpointStateMachine task thread for /127.0.0.1:13043 - 0 ] INFO  replication.ReplicationServer (ReplicationServer.java:start(107)) - ReplicationServer is started using port 36889
2021-10-28 03:01:59,098 [EndpointStateMachine task thread for /127.0.0.1:13043 - 0 ] INFO  ratis.XceiverServerRatis (XceiverServerRatis.java:start(484)) - Starting XceiverServerRatis 7e7f778f-92a3-4c6a-870c-2544e6325884
2021-10-28 03:01:59,101 [EndpointStateMachine task thread for /127.0.0.1:13043 - 0 ] INFO  server.RaftServer (RaftServerProxy.java:lambda$start$5(374)) - 7e7f778f-92a3-4c6a-870c-2544e6325884: start RPC server
2021-10-28 03:01:59,102 [EndpointStateMachine task thread for /127.0.0.1:13043 - 0 ] INFO  server.GrpcService (GrpcService.java:startImpl(253)) - 7e7f778f-92a3-4c6a-870c-2544e6325884: GrpcService started, listening on 39339
2021-10-28 03:01:59,102 [EndpointStateMachine task thread for /127.0.0.1:13043 - 0 ] INFO  ratis.XceiverServerRatis (XceiverServerRatis.java:getRealPort(505)) - XceiverServerRatis 7e7f778f-92a3-4c6a-870c-2544e6325884 is started using port 39339 for RATIS
2021-10-28 03:01:59,102 [EndpointStateMachine task thread for /127.0.0.1:13043 - 0 ] INFO  ratis.XceiverServerRatis (XceiverServerRatis.java:getRealPort(505)) - XceiverServerRatis 7e7f778f-92a3-4c6a-870c-2544e6325884 is started using port 39339 for RATIS_ADMIN
2021-10-28 03:01:59,102 [EndpointStateMachine task thread for /127.0.0.1:13043 - 0 ] INFO  ratis.XceiverServerRatis (XceiverServerRatis.java:getRealPort(505)) - XceiverServerRatis 7e7f778f-92a3-4c6a-870c-2544e6325884 is started using port 39339 for RATIS_SERVER
2021-10-28 03:01:59,108 [EndpointStateMachine task thread for /127.0.0.1:13043 - 0 ] INFO  server.XceiverServerGrpc (XceiverServerGrpc.java:start(135)) - XceiverServerGrpc 7e7f778f-92a3-4c6a-870c-2544e6325884 is started using port 37757
2021-10-28 03:01:59,114 [EndpointStateMachine task thread for /127.0.0.1:13033 - 0 ] INFO  ozoneimpl.OzoneContainer (OzoneContainer.java:start(300)) - Ignore. OzoneContainer already started.
2021-10-28 03:01:59,116 [org.apache.ratis.util.JvmPauseMonitor$$Lambda$499/17331878@4b1f242d] INFO  util.JvmPauseMonitor (JvmPauseMonitor.java:run(103)) - JvmPauseMonitor-7e7f778f-92a3-4c6a-870c-2544e6325884: Started
2021-10-28 03:01:59,232 [EndpointStateMachine task thread for /127.0.0.1:12209 - 0 ] INFO  ipc.Client (Client.java:handleConnectionFailure(977)) - Retrying connect to server: localhost/127.0.0.1:12209. Already tried 6 time(s); retry policy is RetryUpToMaximumCountWithFixedSleep(maxRetries=15, sleepTime=1000 MILLISECONDS)
2021-10-28 03:01:59,606 [Listener at 127.0.0.1/11132] INFO  ozone.MiniOzoneClusterImpl (MiniOzoneClusterImpl.java:lambda$waitForClusterToBeReady$0(235)) - Waiting for nodes to be ready. Got 1 of 3 DN Heartbeats.
2021-10-28 03:01:59,606 [Listener at 127.0.0.1/11132] INFO  ozone.MiniOzoneClusterImpl (MiniOzoneClusterImpl.java:lambda$waitForClusterToBeReady$0(238)) - Waiting for cluster to exit safe mode
2021-10-28 03:01:59,606 [Listener at 127.0.0.1/11132] INFO  ozone.MiniOzoneClusterImpl (MiniOzoneClusterImpl.java:lambda$waitForClusterToBeReady$0(240)) - SCM became leader
2021-10-28 03:01:59,719 [EndpointStateMachine task thread for /127.0.0.1:13013 - 0 ] INFO  ipc.Client (Client.java:handleConnectionFailure(977)) - Retrying connect to server: localhost/127.0.0.1:13013. Already tried 5 time(s); retry policy is RetryUpToMaximumCountWithFixedSleep(maxRetries=15, sleepTime=1000 MILLISECONDS)
2021-10-28 03:01:59,719 [EndpointStateMachine task thread for /127.0.0.1:13023 - 0 ] INFO  ipc.Client (Client.java:handleConnectionFailure(977)) - Retrying connect to server: localhost/127.0.0.1:13023. Already tried 5 time(s); retry policy is RetryUpToMaximumCountWithFixedSleep(maxRetries=15, sleepTime=1000 MILLISECONDS)
2021-10-28 03:01:59,783 [EndpointStateMachine task thread for /127.0.0.1:13043 - 0 ] INFO  ozoneimpl.OzoneContainer (OzoneContainer.java:start(304)) - Attempting to start container services.
2021-10-28 03:01:59,783 [EndpointStateMachine task thread for /127.0.0.1:13043 - 0 ] INFO  ozoneimpl.OzoneContainer (OzoneContainer.java:startContainerScrub(249)) - Background container scanner has been disabled.
2021-10-28 03:01:59,784 [EndpointStateMachine task thread for /127.0.0.1:13043 - 0 ] INFO  replication.ReplicationServer (ReplicationServer.java:start(107)) - ReplicationServer is started using port 40709
2021-10-28 03:01:59,791 [EndpointStateMachine task thread for /127.0.0.1:13043 - 0 ] INFO  ratis.XceiverServerRatis (XceiverServerRatis.java:start(484)) - Starting XceiverServerRatis 91f27009-ec66-4294-9321-b0739729fb6b
2021-10-28 03:01:59,791 [EndpointStateMachine task thread for /127.0.0.1:13043 - 0 ] INFO  server.RaftServer (RaftServerProxy.java:lambda$start$5(374)) - 91f27009-ec66-4294-9321-b0739729fb6b: start RPC server
2021-10-28 03:01:59,797 [EndpointStateMachine task thread for /127.0.0.1:13043 - 0 ] INFO  server.GrpcService (GrpcService.java:startImpl(253)) - 91f27009-ec66-4294-9321-b0739729fb6b: GrpcService started, listening on 38297
2021-10-28 03:01:59,799 [EndpointStateMachine task thread for /127.0.0.1:13043 - 0 ] INFO  ratis.XceiverServerRatis (XceiverServerRatis.java:getRealPort(505)) - XceiverServerRatis 91f27009-ec66-4294-9321-b0739729fb6b is started using port 38297 for RATIS
2021-10-28 03:01:59,799 [EndpointStateMachine task thread for /127.0.0.1:13043 - 0 ] INFO  ratis.XceiverServerRatis (XceiverServerRatis.java:getRealPort(505)) - XceiverServerRatis 91f27009-ec66-4294-9321-b0739729fb6b is started using port 38297 for RATIS_ADMIN
2021-10-28 03:01:59,799 [EndpointStateMachine task thread for /127.0.0.1:13043 - 0 ] INFO  ratis.XceiverServerRatis (XceiverServerRatis.java:getRealPort(505)) - XceiverServerRatis 91f27009-ec66-4294-9321-b0739729fb6b is started using port 38297 for RATIS_SERVER
2021-10-28 03:01:59,800 [EndpointStateMachine task thread for /127.0.0.1:13043 - 0 ] INFO  server.XceiverServerGrpc (XceiverServerGrpc.java:start(135)) - XceiverServerGrpc 91f27009-ec66-4294-9321-b0739729fb6b is started using port 36211
2021-10-28 03:01:59,800 [org.apache.ratis.util.JvmPauseMonitor$$Lambda$499/17331878@70ac80bd] INFO  util.JvmPauseMonitor (JvmPauseMonitor.java:run(103)) - JvmPauseMonitor-91f27009-ec66-4294-9321-b0739729fb6b: Started
2021-10-28 03:01:59,820 [EndpointStateMachine task thread for /127.0.0.1:13033 - 0 ] INFO  ozoneimpl.OzoneContainer (OzoneContainer.java:start(300)) - Ignore. OzoneContainer already started.
2021-10-28 03:01:59,881 [EndpointStateMachine task thread for /127.0.0.1:12199 - 0 ] INFO  ipc.Client (Client.java:handleConnectionFailure(977)) - Retrying connect to server: localhost/127.0.0.1:12199. Already tried 10 time(s); retry policy is RetryUpToMaximumCountWithFixedSleep(maxRetries=15, sleepTime=1000 MILLISECONDS)
2021-10-28 03:01:59,883 [EndpointStateMachine task thread for /127.0.0.1:12189 - 0 ] INFO  ipc.Client (Client.java:handleConnectionFailure(977)) - Retrying connect to server: localhost/127.0.0.1:12189. Already tried 10 time(s); retry policy is RetryUpToMaximumCountWithFixedSleep(maxRetries=15, sleepTime=1000 MILLISECONDS)
2021-10-28 03:02:00,236 [EndpointStateMachine task thread for /127.0.0.1:12209 - 0 ] INFO  ipc.Client (Client.java:handleConnectionFailure(977)) - Retrying connect to server: localhost/127.0.0.1:12209. Already tried 7 time(s); retry policy is RetryUpToMaximumCountWithFixedSleep(maxRetries=15, sleepTime=1000 MILLISECONDS)
2021-10-28 03:02:00,606 [Listener at 127.0.0.1/11132] INFO  ozone.MiniOzoneClusterImpl (MiniOzoneClusterImpl.java:lambda$waitForClusterToBeReady$0(235)) - Waiting for nodes to be ready. Got 1 of 3 DN Heartbeats.
2021-10-28 03:02:00,607 [Listener at 127.0.0.1/11132] INFO  ozone.MiniOzoneClusterImpl (MiniOzoneClusterImpl.java:lambda$waitForClusterToBeReady$0(238)) - Waiting for cluster to exit safe mode
2021-10-28 03:02:00,607 [Listener at 127.0.0.1/11132] INFO  ozone.MiniOzoneClusterImpl (MiniOzoneClusterImpl.java:lambda$waitForClusterToBeReady$0(240)) - SCM became leader
2021-10-28 03:02:00,643 [IPC Server handler 1 on default port 13043] INFO  net.NetworkTopologyImpl (NetworkTopologyImpl.java:add(112)) - Added a new node: /default-rack/d262ff89-3d5e-4ab4-981f-dc8616a3cc4b
2021-10-28 03:02:00,643 [IPC Server handler 1 on default port 13043] INFO  node.SCMNodeManager (SCMNodeManager.java:register(389)) - Registered Data node : d262ff89-3d5e-4ab4-981f-dc8616a3cc4b{ip: 127.0.0.1, host: localhost, ports: [REPLICATION=37093, RATIS=35379, RATIS_ADMIN=35379, RATIS_SERVER=35379, STANDALONE=40287], networkLocation: /default-rack, certSerialId: null, persistedOpState: null, persistedOpStateExpiryEpochSec: 0}
2021-10-28 03:02:00,647 [IPC Server handler 1 on default port 13033] INFO  net.NetworkTopologyImpl (NetworkTopologyImpl.java:add(112)) - Added a new node: /default-rack/d262ff89-3d5e-4ab4-981f-dc8616a3cc4b
2021-10-28 03:02:00,647 [IPC Server handler 1 on default port 13033] INFO  node.SCMNodeManager (SCMNodeManager.java:register(389)) - Registered Data node : d262ff89-3d5e-4ab4-981f-dc8616a3cc4b{ip: 127.0.0.1, host: localhost, ports: [REPLICATION=37093, RATIS=35379, RATIS_ADMIN=35379, RATIS_SERVER=35379, STANDALONE=40287], networkLocation: /default-rack, certSerialId: null, persistedOpState: null, persistedOpStateExpiryEpochSec: 0}
2021-10-28 03:02:00,647 [EventQueue-NewNodeForNewNodeHandler] INFO  pipeline.BackgroundPipelineCreator (BackgroundPipelineCreator.java:notifyEventTriggered(285)) - trigger a one-shot run on RatisPipelineUtilsThread.
2021-10-28 03:02:00,659 [RatisPipelineUtilsThread - 0] INFO  pipeline.RatisPipelineProvider (RatisPipelineProvider.java:lambda$create$0(183)) - Sending CreatePipelineCommand for pipeline:PipelineID=2a860fd3-b7a1-42c2-aa92-5b58ed6d724d to datanode:d262ff89-3d5e-4ab4-981f-dc8616a3cc4b
2021-10-28 03:02:00,671 [EventQueue-NodeRegistrationContainerReportForDataNodeSafeModeRule] INFO  safemode.SCMSafeModeManager (DataNodeSafeModeRule.java:process(71)) - SCM in safe mode. 1 DataNodes registered, 3 required.
2021-10-28 03:02:00,688 [EventQueue-NodeRegistrationContainerReportForContainerSafeModeRule] INFO  safemode.SCMSafeModeManager (SCMSafeModeManager.java:validateSafeModeExitRules(204)) - ContainerSafeModeRule rule is successfully validated
2021-10-28 03:02:00,688 [EventQueue-NewNodeForNewNodeHandler] INFO  pipeline.BackgroundPipelineCreator (BackgroundPipelineCreator.java:notifyEventTriggered(279)) - ignore, not leader SCM.
2021-10-28 03:02:00,689 [EventQueue-NodeRegistrationContainerReportForDataNodeSafeModeRule] INFO  safemode.SCMSafeModeManager (DataNodeSafeModeRule.java:process(71)) - SCM in safe mode. 2 DataNodes registered, 3 required.
2021-10-28 03:02:00,696 [EventQueue-PipelineReportForOneReplicaPipelineSafeModeRule] INFO  safemode.SCMSafeModeManager (SCMSafeModeManager.java:validateSafeModeExitRules(204)) - AtleastOneDatanodeReportedRule rule is successfully validated
2021-10-28 03:02:00,720 [EndpointStateMachine task thread for /127.0.0.1:13013 - 0 ] INFO  ipc.Client (Client.java:handleConnectionFailure(977)) - Retrying connect to server: localhost/127.0.0.1:13013. Already tried 6 time(s); retry policy is RetryUpToMaximumCountWithFixedSleep(maxRetries=15, sleepTime=1000 MILLISECONDS)
2021-10-28 03:02:00,720 [EndpointStateMachine task thread for /127.0.0.1:13023 - 0 ] INFO  ipc.Client (Client.java:handleConnectionFailure(977)) - Retrying connect to server: localhost/127.0.0.1:13023. Already tried 6 time(s); retry policy is RetryUpToMaximumCountWithFixedSleep(maxRetries=15, sleepTime=1000 MILLISECONDS)
2021-10-28 03:02:00,750 [6dac361e-3d50-41be-ba36-b7bec097cbe9@group-390751046F7B-StateMachineUpdater] INFO  pipeline.PipelineStateManagerImpl (PipelineStateManagerImpl.java:addPipeline(101)) - Created pipeline Pipeline[ Id: 2a860fd3-b7a1-42c2-aa92-5b58ed6d724d, Nodes: d262ff89-3d5e-4ab4-981f-dc8616a3cc4b{ip: 127.0.0.1, host: localhost, ports: [REPLICATION=37093, RATIS=35379, RATIS_ADMIN=35379, RATIS_SERVER=35379, STANDALONE=40287], networkLocation: /default-rack, certSerialId: null, persistedOpState: IN_SERVICE, persistedOpStateExpiryEpochSec: 0}, ReplicationConfig: RATIS/ONE, State:ALLOCATED, leaderId:, CreationTimestamp2021-10-28T03:02:00.659Z[Etc/UTC]].
2021-10-28 03:02:00,750 [6dac361e-3d50-41be-ba36-b7bec097cbe9@group-390751046F7B-StateMachineUpdater] INFO  safemode.HealthyPipelineSafeModeRule (HealthyPipelineSafeModeRule.java:initializeRule(152)) - Refreshed total pipeline count is 0, healthy pipeline threshold count is 1
2021-10-28 03:02:00,754 [RatisPipelineUtilsThread - 0] INFO  ha.SCMHAInvocationHandler (SCMHAInvocationHandler.java:invokeRatis(113)) - Invoking method public abstract void org.apache.hadoop.hdds.scm.pipeline.PipelineStateManager.addPipeline(org.apache.hadoop.hdds.protocol.proto.HddsProtos$Pipeline) throws java.io.IOException on target org.apache.hadoop.hdds.scm.ha.SCMRatisServerImpl@5bdb3fcc, cost 95221.525us
2021-10-28 03:02:00,767 [RatisPipelineUtilsThread - 0] ERROR pipeline.PipelineProvider (PipelineProvider.java:pickNodesNotUsed(92)) - Unable to find enough nodes that meet the space requirement of 1073741824 bytes for metadata and 5368709120 bytes for data in healthy node set. Nodes required: 1 Found: 0
2021-10-28 03:02:00,767 [13676ba2-e17b-4a8f-9926-6ead84168abe@group-390751046F7B-StateMachineUpdater] INFO  pipeline.PipelineStateManagerImpl (PipelineStateManagerImpl.java:addPipeline(101)) - Created pipeline Pipeline[ Id: 2a860fd3-b7a1-42c2-aa92-5b58ed6d724d, Nodes: d262ff89-3d5e-4ab4-981f-dc8616a3cc4b{ip: 127.0.0.1, host: localhost, ports: [REPLICATION=37093, RATIS=35379, RATIS_ADMIN=35379, RATIS_SERVER=35379, STANDALONE=40287], networkLocation: /default-rack, certSerialId: null, persistedOpState: IN_SERVICE, persistedOpStateExpiryEpochSec: 0}, ReplicationConfig: RATIS/ONE, State:ALLOCATED, leaderId:, CreationTimestamp2021-10-28T03:02:00.659Z[Etc/UTC]].
2021-10-28 03:02:00,767 [13676ba2-e17b-4a8f-9926-6ead84168abe@group-390751046F7B-StateMachineUpdater] INFO  safemode.HealthyPipelineSafeModeRule (HealthyPipelineSafeModeRule.java:initializeRule(152)) - Refreshed total pipeline count is 0, healthy pipeline threshold count is 1
2021-10-28 03:02:00,768 [13676ba2-e17b-4a8f-9926-6ead84168abe@group-390751046F7B-StateMachineUpdater] INFO  ha.SCMStateMachine (SCMStateMachine.java:takeSnapshot(290)) - Current Snapshot Index 7, takeSnapshot took 0 ms
2021-10-28 03:02:00,768 [13676ba2-e17b-4a8f-9926-6ead84168abe@group-390751046F7B-StateMachineUpdater] INFO  impl.StateMachineUpdater (StateMachineUpdater.java:takeSnapshot(281)) - 13676ba2-e17b-4a8f-9926-6ead84168abe@group-390751046F7B-StateMachineUpdater: Took a snapshot at index 7
2021-10-28 03:02:00,768 [13676ba2-e17b-4a8f-9926-6ead84168abe@group-390751046F7B-StateMachineUpdater] INFO  impl.StateMachineUpdater (StateMachineUpdater.java:lambda$new$0(89)) - 13676ba2-e17b-4a8f-9926-6ead84168abe@group-390751046F7B-StateMachineUpdater: snapshotIndex: updateIncreasingly 2 -> 7
2021-10-28 03:02:00,768 [13676ba2-e17b-4a8f-9926-6ead84168abe@group-390751046F7B-StateMachineUpdater] INFO  raftlog.RaftLog (RaftLogBase.java:purge(306)) - 13676ba2-e17b-4a8f-9926-6ead84168abe@group-390751046F7B-SegmentedRaftLog: purge 7
2021-10-28 03:02:00,768 [13676ba2-e17b-4a8f-9926-6ead84168abe@group-390751046F7B-StateMachineUpdater] INFO  raftlog.RaftLog (RaftLogBase.java:lambda$new$0(53)) - 13676ba2-e17b-4a8f-9926-6ead84168abe@group-390751046F7B-SegmentedRaftLog: snapshotIndex: updateIncreasingly 2 -> 7
2021-10-28 03:02:00,768 [13676ba2-e17b-4a8f-9926-6ead84168abe@group-390751046F7B-StateMachineUpdater] INFO  raftlog.RaftLog (RaftLogBase.java:lambda$new$0(53)) - 13676ba2-e17b-4a8f-9926-6ead84168abe@group-390751046F7B-SegmentedRaftLog: purgeIndex: updateToMax old=-1, new=7, updated? true
2021-10-28 03:02:00,881 [EndpointStateMachine task thread for /127.0.0.1:12199 - 0 ] INFO  ipc.Client (Client.java:handleConnectionFailure(977)) - Retrying connect to server: localhost/127.0.0.1:12199. Already tried 11 time(s); retry policy is RetryUpToMaximumCountWithFixedSleep(maxRetries=15, sleepTime=1000 MILLISECONDS)
2021-10-28 03:02:00,883 [EndpointStateMachine task thread for /127.0.0.1:12189 - 0 ] INFO  ipc.Client (Client.java:handleConnectionFailure(977)) - Retrying connect to server: localhost/127.0.0.1:12189. Already tried 11 time(s); retry policy is RetryUpToMaximumCountWithFixedSleep(maxRetries=15, sleepTime=1000 MILLISECONDS)
2021-10-28 03:02:01,103 [IPC Server handler 3 on default port 13043] INFO  net.NetworkTopologyImpl (NetworkTopologyImpl.java:add(112)) - Added a new node: /default-rack/7e7f778f-92a3-4c6a-870c-2544e6325884
2021-10-28 03:02:01,104 [IPC Server handler 3 on default port 13043] INFO  node.SCMNodeManager (SCMNodeManager.java:register(389)) - Registered Data node : 7e7f778f-92a3-4c6a-870c-2544e6325884{ip: 127.0.0.1, host: localhost, ports: [REPLICATION=36889, RATIS=39339, RATIS_ADMIN=39339, RATIS_SERVER=39339, STANDALONE=37757], networkLocation: /default-rack, certSerialId: null, persistedOpState: null, persistedOpStateExpiryEpochSec: 0}
2021-10-28 03:02:01,104 [EventQueue-NewNodeForNewNodeHandler] INFO  pipeline.BackgroundPipelineCreator (BackgroundPipelineCreator.java:notifyEventTriggered(279)) - ignore, not leader SCM.
2021-10-28 03:02:01,115 [EventQueue-NodeRegistrationContainerReportForDataNodeSafeModeRule] INFO  safemode.SCMSafeModeManager (DataNodeSafeModeRule.java:process(71)) - SCM in safe mode. 2 DataNodes registered, 3 required.
2021-10-28 03:02:01,115 [IPC Server handler 2 on default port 13033] INFO  net.NetworkTopologyImpl (NetworkTopologyImpl.java:add(112)) - Added a new node: /default-rack/7e7f778f-92a3-4c6a-870c-2544e6325884
2021-10-28 03:02:01,116 [IPC Server handler 2 on default port 13033] INFO  node.SCMNodeManager (SCMNodeManager.java:register(389)) - Registered Data node : 7e7f778f-92a3-4c6a-870c-2544e6325884{ip: 127.0.0.1, host: localhost, ports: [REPLICATION=36889, RATIS=39339, RATIS_ADMIN=39339, RATIS_SERVER=39339, STANDALONE=37757], networkLocation: /default-rack, certSerialId: null, persistedOpState: null, persistedOpStateExpiryEpochSec: 0}
2021-10-28 03:02:01,117 [EventQueue-NewNodeForNewNodeHandler] INFO  pipeline.BackgroundPipelineCreator (BackgroundPipelineCreator.java:notifyEventTriggered(285)) - trigger a one-shot run on RatisPipelineUtilsThread.
2021-10-28 03:02:01,117 [RatisPipelineUtilsThread - 0] ERROR pipeline.PipelineProvider (PipelineProvider.java:pickNodesNotUsed(92)) - Unable to find enough nodes that meet the space requirement of 1073741824 bytes for metadata and 5368709120 bytes for data in healthy node set. Nodes required: 1 Found: 0
2021-10-28 03:02:01,118 [EventQueue-NodeRegistrationContainerReportForDataNodeSafeModeRule] INFO  safemode.SCMSafeModeManager (DataNodeSafeModeRule.java:process(71)) - SCM in safe mode. 3 DataNodes registered, 3 required.
2021-10-28 03:02:01,118 [EventQueue-NodeRegistrationContainerReportForDataNodeSafeModeRule] INFO  safemode.SCMSafeModeManager (SCMSafeModeManager.java:validateSafeModeExitRules(204)) - DataNodeSafeModeRule rule is successfully validated
2021-10-28 03:02:01,118 [EventQueue-NodeRegistrationContainerReportForDataNodeSafeModeRule] INFO  safemode.SCMSafeModeManager (SCMSafeModeManager.java:completePreCheck(233)) - All SCM safe mode pre check rules have passed
2021-10-28 03:02:01,119 [EventQueue-NodeRegistrationContainerReportForDataNodeSafeModeRule] WARN  events.EventQueue (EventQueue.java:fireEvent(194)) - No event handler registered for event TypedEvent{payloadType=SafeModeStatus, name='Safe mode status'}
2021-10-28 03:02:01,119 [EventQueue-NodeRegistrationContainerReportForDataNodeSafeModeRule] INFO  ha.SCMContext (SCMContext.java:updateSafeModeStatus(205)) - Update SafeModeStatus from SafeModeStatus{safeModeStatus=true, preCheckPassed=false} to SafeModeStatus{safeModeStatus=true, preCheckPassed=true}.
2021-10-28 03:02:01,119 [EventQueue-NodeRegistrationContainerReportForDataNodeSafeModeRule] INFO  pipeline.BackgroundPipelineCreator (BackgroundPipelineCreator.java:notifyEventTriggered(285)) - trigger a one-shot run on RatisPipelineUtilsThread.
2021-10-28 03:02:01,119 [RatisPipelineUtilsThread - 0] ERROR pipeline.PipelineProvider (PipelineProvider.java:pickNodesNotUsed(92)) - Unable to find enough nodes that meet the space requirement of 1073741824 bytes for metadata and 5368709120 bytes for data in healthy node set. Nodes required: 1 Found: 0
2021-10-28 03:02:01,119 [RatisPipelineUtilsThread - 0] ERROR scm.SCMCommonPlacementPolicy (SCMCommonPlacementPolicy.java:filterNodesWithSpace(171)) - Unable to find enough nodes that meet the space requirement of 1073741824 bytes for metadata and 5368709120 bytes for data in healthy node set. Required 3. Found 2.
2021-10-28 03:02:01,237 [EndpointStateMachine task thread for /127.0.0.1:12209 - 0 ] INFO  ipc.Client (Client.java:handleConnectionFailure(977)) - Retrying connect to server: localhost/127.0.0.1:12209. Already tried 8 time(s); retry policy is RetryUpToMaximumCountWithFixedSleep(maxRetries=15, sleepTime=1000 MILLISECONDS)
2021-10-28 03:02:01,607 [Listener at 127.0.0.1/11132] INFO  ozone.MiniOzoneClusterImpl (MiniOzoneClusterImpl.java:lambda$waitForClusterToBeReady$0(235)) - Nodes are ready. Got 3 of 3 DN Heartbeats.
2021-10-28 03:02:01,607 [Listener at 127.0.0.1/11132] INFO  ozone.MiniOzoneClusterImpl (MiniOzoneClusterImpl.java:lambda$waitForClusterToBeReady$0(238)) - Waiting for cluster to exit safe mode
2021-10-28 03:02:01,608 [Listener at 127.0.0.1/11132] INFO  ozone.MiniOzoneClusterImpl (MiniOzoneClusterImpl.java:lambda$waitForClusterToBeReady$0(240)) - SCM became leader
2021-10-28 03:02:01,720 [EndpointStateMachine task thread for /127.0.0.1:13013 - 0 ] INFO  ipc.Client (Client.java:handleConnectionFailure(977)) - Retrying connect to server: localhost/127.0.0.1:13013. Already tried 7 time(s); retry policy is RetryUpToMaximumCountWithFixedSleep(maxRetries=15, sleepTime=1000 MILLISECONDS)
2021-10-28 03:02:01,723 [EndpointStateMachine task thread for /127.0.0.1:13023 - 0 ] INFO  ipc.Client (Client.java:handleConnectionFailure(977)) - Retrying connect to server: localhost/127.0.0.1:13023. Already tried 7 time(s); retry policy is RetryUpToMaximumCountWithFixedSleep(maxRetries=15, sleepTime=1000 MILLISECONDS)
2021-10-28 03:02:01,757 [IPC Server handler 3 on default port 13033] INFO  net.NetworkTopologyImpl (NetworkTopologyImpl.java:add(112)) - Added a new node: /default-rack/91f27009-ec66-4294-9321-b0739729fb6b
2021-10-28 03:02:01,757 [IPC Server handler 3 on default port 13033] INFO  node.SCMNodeManager (SCMNodeManager.java:register(389)) - Registered Data node : 91f27009-ec66-4294-9321-b0739729fb6b{ip: 127.0.0.1, host: localhost, ports: [REPLICATION=40709, RATIS=38297, RATIS_ADMIN=38297, RATIS_SERVER=38297, STANDALONE=36211], networkLocation: /default-rack, certSerialId: null, persistedOpState: null, persistedOpStateExpiryEpochSec: 0}
2021-10-28 03:02:01,757 [EventQueue-NewNodeForNewNodeHandler] INFO  pipeline.BackgroundPipelineCreator (BackgroundPipelineCreator.java:notifyEventTriggered(285)) - trigger a one-shot run on RatisPipelineUtilsThread.
2021-10-28 03:02:01,758 [RatisPipelineUtilsThread - 0] ERROR pipeline.PipelineProvider (PipelineProvider.java:pickNodesNotUsed(92)) - Unable to find enough nodes that meet the space requirement of 1073741824 bytes for metadata and 5368709120 bytes for data in healthy node set. Nodes required: 1 Found: 0
2021-10-28 03:02:01,758 [RatisPipelineUtilsThread - 0] INFO  pipeline.RatisPipelineProvider (RatisPipelineProvider.java:lambda$create$0(183)) - Sending CreatePipelineCommand for pipeline:PipelineID=7686bec2-d230-49c1-ba4b-1fc4e3dc1381 to datanode:91f27009-ec66-4294-9321-b0739729fb6b
2021-10-28 03:02:01,758 [RatisPipelineUtilsThread - 0] INFO  pipeline.RatisPipelineProvider (RatisPipelineProvider.java:lambda$create$0(183)) - Sending CreatePipelineCommand for pipeline:PipelineID=7686bec2-d230-49c1-ba4b-1fc4e3dc1381 to datanode:d262ff89-3d5e-4ab4-981f-dc8616a3cc4b
2021-10-28 03:02:01,758 [RatisPipelineUtilsThread - 0] INFO  pipeline.RatisPipelineProvider (RatisPipelineProvider.java:lambda$create$0(183)) - Sending CreatePipelineCommand for pipeline:PipelineID=7686bec2-d230-49c1-ba4b-1fc4e3dc1381 to datanode:7e7f778f-92a3-4c6a-870c-2544e6325884
2021-10-28 03:02:01,771 [IPC Server handler 2 on default port 13043] INFO  net.NetworkTopologyImpl (NetworkTopologyImpl.java:add(112)) - Added a new node: /default-rack/91f27009-ec66-4294-9321-b0739729fb6b
2021-10-28 03:02:01,771 [IPC Server handler 2 on default port 13043] INFO  node.SCMNodeManager (SCMNodeManager.java:register(389)) - Registered Data node : 91f27009-ec66-4294-9321-b0739729fb6b{ip: 127.0.0.1, host: localhost, ports: [REPLICATION=40709, RATIS=38297, RATIS_ADMIN=38297, RATIS_SERVER=38297, STANDALONE=36211], networkLocation: /default-rack, certSerialId: null, persistedOpState: null, persistedOpStateExpiryEpochSec: 0}
2021-10-28 03:02:01,771 [EventQueue-NewNodeForNewNodeHandler] INFO  pipeline.BackgroundPipelineCreator (BackgroundPipelineCreator.java:notifyEventTriggered(279)) - ignore, not leader SCM.
2021-10-28 03:02:01,782 [EventQueue-NodeRegistrationContainerReportForDataNodeSafeModeRule] INFO  safemode.SCMSafeModeManager (DataNodeSafeModeRule.java:process(71)) - SCM in safe mode. 3 DataNodes registered, 3 required.
2021-10-28 03:02:01,784 [EventQueue-NodeRegistrationContainerReportForDataNodeSafeModeRule] INFO  safemode.SCMSafeModeManager (SCMSafeModeManager.java:validateSafeModeExitRules(204)) - DataNodeSafeModeRule rule is successfully validated
2021-10-28 03:02:01,784 [EventQueue-NodeRegistrationContainerReportForDataNodeSafeModeRule] INFO  safemode.SCMSafeModeManager (SCMSafeModeManager.java:completePreCheck(233)) - All SCM safe mode pre check rules have passed
2021-10-28 03:02:01,784 [EventQueue-NodeRegistrationContainerReportForDataNodeSafeModeRule] WARN  events.EventQueue (EventQueue.java:fireEvent(194)) - No event handler registered for event TypedEvent{payloadType=SafeModeStatus, name='Safe mode status'}
2021-10-28 03:02:01,784 [EventQueue-NodeRegistrationContainerReportForDataNodeSafeModeRule] INFO  ha.SCMContext (SCMContext.java:updateSafeModeStatus(205)) - Update SafeModeStatus from SafeModeStatus{safeModeStatus=true, preCheckPassed=false} to SafeModeStatus{safeModeStatus=true, preCheckPassed=true}.
2021-10-28 03:02:01,784 [EventQueue-NodeRegistrationContainerReportForDataNodeSafeModeRule] INFO  pipeline.BackgroundPipelineCreator (BackgroundPipelineCreator.java:notifyEventTriggered(279)) - ignore, not leader SCM.
2021-10-28 03:02:01,789 [6dac361e-3d50-41be-ba36-b7bec097cbe9@group-390751046F7B-StateMachineUpdater] INFO  pipeline.PipelineStateManagerImpl (PipelineStateManagerImpl.java:addPipeline(101)) - Created pipeline Pipeline[ Id: 7686bec2-d230-49c1-ba4b-1fc4e3dc1381, Nodes: 91f27009-ec66-4294-9321-b0739729fb6b{ip: 127.0.0.1, host: localhost, ports: [REPLICATION=40709, RATIS=38297, RATIS_ADMIN=38297, RATIS_SERVER=38297, STANDALONE=36211], networkLocation: /default-rack, certSerialId: null, persistedOpState: IN_SERVICE, persistedOpStateExpiryEpochSec: 0}d262ff89-3d5e-4ab4-981f-dc8616a3cc4b{ip: 127.0.0.1, host: localhost, ports: [REPLICATION=37093, RATIS=35379, RATIS_ADMIN=35379, RATIS_SERVER=35379, STANDALONE=40287], networkLocation: /default-rack, certSerialId: null, persistedOpState: IN_SERVICE, persistedOpStateExpiryEpochSec: 0}7e7f778f-92a3-4c6a-870c-2544e6325884{ip: 127.0.0.1, host: localhost, ports: [REPLICATION=36889, RATIS=39339, RATIS_ADMIN=39339, RATIS_SERVER=39339, STANDALONE=37757], networkLocation: /default-rack, certSerialId: null, persistedOpState: IN_SERVICE, persistedOpStateExpiryEpochSec: 0}, ReplicationConfig: RATIS/THREE, State:ALLOCATED, leaderId:, CreationTimestamp2021-10-28T03:02:01.758Z[Etc/UTC]].
2021-10-28 03:02:01,789 [6dac361e-3d50-41be-ba36-b7bec097cbe9@group-390751046F7B-StateMachineUpdater] INFO  safemode.HealthyPipelineSafeModeRule (HealthyPipelineSafeModeRule.java:initializeRule(152)) - Refreshed total pipeline count is 0, healthy pipeline threshold count is 1
2021-10-28 03:02:01,789 [RatisPipelineUtilsThread - 0] INFO  ha.SCMHAInvocationHandler (SCMHAInvocationHandler.java:invokeRatis(113)) - Invoking method public abstract void org.apache.hadoop.hdds.scm.pipeline.PipelineStateManager.addPipeline(org.apache.hadoop.hdds.protocol.proto.HddsProtos$Pipeline) throws java.io.IOException on target org.apache.hadoop.hdds.scm.ha.SCMRatisServerImpl@5bdb3fcc, cost 17936.554us
2021-10-28 03:02:01,789 [RatisPipelineUtilsThread - 0] INFO  pipeline.RatisPipelineProvider (RatisPipelineProvider.java:lambda$create$0(183)) - Sending CreatePipelineCommand for pipeline:PipelineID=84d7f2bd-39d5-42c1-b154-a37bceeded0f to datanode:d262ff89-3d5e-4ab4-981f-dc8616a3cc4b
2021-10-28 03:02:01,790 [RatisPipelineUtilsThread - 0] INFO  pipeline.RatisPipelineProvider (RatisPipelineProvider.java:lambda$create$0(183)) - Sending CreatePipelineCommand for pipeline:PipelineID=84d7f2bd-39d5-42c1-b154-a37bceeded0f to datanode:91f27009-ec66-4294-9321-b0739729fb6b
2021-10-28 03:02:01,790 [RatisPipelineUtilsThread - 0] INFO  pipeline.RatisPipelineProvider (RatisPipelineProvider.java:lambda$create$0(183)) - Sending CreatePipelineCommand for pipeline:PipelineID=84d7f2bd-39d5-42c1-b154-a37bceeded0f to datanode:7e7f778f-92a3-4c6a-870c-2544e6325884
2021-10-28 03:02:01,799 [13676ba2-e17b-4a8f-9926-6ead84168abe@group-390751046F7B-StateMachineUpdater] INFO  pipeline.PipelineStateManagerImpl (PipelineStateManagerImpl.java:addPipeline(101)) - Created pipeline Pipeline[ Id: 7686bec2-d230-49c1-ba4b-1fc4e3dc1381, Nodes: 91f27009-ec66-4294-9321-b0739729fb6b{ip: 127.0.0.1, host: localhost, ports: [REPLICATION=40709, RATIS=38297, RATIS_ADMIN=38297, RATIS_SERVER=38297, STANDALONE=36211], networkLocation: /default-rack, certSerialId: null, persistedOpState: IN_SERVICE, persistedOpStateExpiryEpochSec: 0}d262ff89-3d5e-4ab4-981f-dc8616a3cc4b{ip: 127.0.0.1, host: localhost, ports: [REPLICATION=37093, RATIS=35379, RATIS_ADMIN=35379, RATIS_SERVER=35379, STANDALONE=40287], networkLocation: /default-rack, certSerialId: null, persistedOpState: IN_SERVICE, persistedOpStateExpiryEpochSec: 0}7e7f778f-92a3-4c6a-870c-2544e6325884{ip: 127.0.0.1, host: localhost, ports: [REPLICATION=36889, RATIS=39339, RATIS_ADMIN=39339, RATIS_SERVER=39339, STANDALONE=37757], networkLocation: /default-rack, certSerialId: null, persistedOpState: IN_SERVICE, persistedOpStateExpiryEpochSec: 0}, ReplicationConfig: RATIS/THREE, State:ALLOCATED, leaderId:, CreationTimestamp2021-10-28T03:02:01.758Z[Etc/UTC]].
2021-10-28 03:02:01,799 [13676ba2-e17b-4a8f-9926-6ead84168abe@group-390751046F7B-StateMachineUpdater] INFO  safemode.HealthyPipelineSafeModeRule (HealthyPipelineSafeModeRule.java:initializeRule(152)) - Refreshed total pipeline count is 0, healthy pipeline threshold count is 1
2021-10-28 03:02:01,800 [6dac361e-3d50-41be-ba36-b7bec097cbe9@group-390751046F7B-StateMachineUpdater] INFO  ha.SCMStateMachine (SCMStateMachine.java:takeSnapshot(290)) - Current Snapshot Index 10, takeSnapshot took 0 ms
2021-10-28 03:02:01,800 [6dac361e-3d50-41be-ba36-b7bec097cbe9@group-390751046F7B-StateMachineUpdater] INFO  impl.StateMachineUpdater (StateMachineUpdater.java:takeSnapshot(281)) - 6dac361e-3d50-41be-ba36-b7bec097cbe9@group-390751046F7B-StateMachineUpdater: Took a snapshot at index 10
2021-10-28 03:02:01,800 [6dac361e-3d50-41be-ba36-b7bec097cbe9@group-390751046F7B-StateMachineUpdater] INFO  impl.StateMachineUpdater (StateMachineUpdater.java:lambda$new$0(89)) - 6dac361e-3d50-41be-ba36-b7bec097cbe9@group-390751046F7B-StateMachineUpdater: snapshotIndex: updateIncreasingly 5 -> 10
2021-10-28 03:02:01,800 [6dac361e-3d50-41be-ba36-b7bec097cbe9@group-390751046F7B-StateMachineUpdater] INFO  raftlog.RaftLog (RaftLogBase.java:purge(306)) - 6dac361e-3d50-41be-ba36-b7bec097cbe9@group-390751046F7B-SegmentedRaftLog: purge 10
2021-10-28 03:02:01,801 [6dac361e-3d50-41be-ba36-b7bec097cbe9@group-390751046F7B-StateMachineUpdater] INFO  raftlog.RaftLog (RaftLogBase.java:lambda$new$0(53)) - 6dac361e-3d50-41be-ba36-b7bec097cbe9@group-390751046F7B-SegmentedRaftLog: snapshotIndex: updateIncreasingly 5 -> 10
2021-10-28 03:02:01,801 [6dac361e-3d50-41be-ba36-b7bec097cbe9@group-390751046F7B-StateMachineUpdater] INFO  raftlog.RaftLog (RaftLogBase.java:lambda$new$0(53)) - 6dac361e-3d50-41be-ba36-b7bec097cbe9@group-390751046F7B-SegmentedRaftLog: purgeIndex: updateToMax old=0, new=10, updated? true
2021-10-28 03:02:01,806 [6dac361e-3d50-41be-ba36-b7bec097cbe9@group-390751046F7B-StateMachineUpdater] INFO  pipeline.PipelineStateManagerImpl (PipelineStateManagerImpl.java:addPipeline(101)) - Created pipeline Pipeline[ Id: 84d7f2bd-39d5-42c1-b154-a37bceeded0f, Nodes: d262ff89-3d5e-4ab4-981f-dc8616a3cc4b{ip: 127.0.0.1, host: localhost, ports: [REPLICATION=37093, RATIS=35379, RATIS_ADMIN=35379, RATIS_SERVER=35379, STANDALONE=40287], networkLocation: /default-rack, certSerialId: null, persistedOpState: IN_SERVICE, persistedOpStateExpiryEpochSec: 0}91f27009-ec66-4294-9321-b0739729fb6b{ip: 127.0.0.1, host: localhost, ports: [REPLICATION=40709, RATIS=38297, RATIS_ADMIN=38297, RATIS_SERVER=38297, STANDALONE=36211], networkLocation: /default-rack, certSerialId: null, persistedOpState: IN_SERVICE, persistedOpStateExpiryEpochSec: 0}7e7f778f-92a3-4c6a-870c-2544e6325884{ip: 127.0.0.1, host: localhost, ports: [REPLICATION=36889, RATIS=39339, RATIS_ADMIN=39339, RATIS_SERVER=39339, STANDALONE=37757], networkLocation: /default-rack, certSerialId: null, persistedOpState: IN_SERVICE, persistedOpStateExpiryEpochSec: 0}, ReplicationConfig: RATIS/THREE, State:ALLOCATED, leaderId:, CreationTimestamp2021-10-28T03:02:01.789Z[Etc/UTC]].
2021-10-28 03:02:01,806 [6dac361e-3d50-41be-ba36-b7bec097cbe9@group-390751046F7B-StateMachineUpdater] INFO  safemode.HealthyPipelineSafeModeRule (HealthyPipelineSafeModeRule.java:initializeRule(152)) - Refreshed total pipeline count is 0, healthy pipeline threshold count is 1
2021-10-28 03:02:01,807 [RatisPipelineUtilsThread - 0] INFO  ha.SCMHAInvocationHandler (SCMHAInvocationHandler.java:invokeRatis(113)) - Invoking method public abstract void org.apache.hadoop.hdds.scm.pipeline.PipelineStateManager.addPipeline(org.apache.hadoop.hdds.protocol.proto.HddsProtos$Pipeline) throws java.io.IOException on target org.apache.hadoop.hdds.scm.ha.SCMRatisServerImpl@5bdb3fcc, cost 17107.587us
2021-10-28 03:02:01,807 [RatisPipelineUtilsThread - 0] INFO  pipeline.PipelineManagerImpl (PipelineManagerImpl.java:recordMetricsForPipeline(620)) - Pipeline: PipelineID=84d7f2bd-39d5-42c1-b154-a37bceeded0f contains same datanodes as previous pipelines: PipelineID=7686bec2-d230-49c1-ba4b-1fc4e3dc1381 nodeIds: d262ff89-3d5e-4ab4-981f-dc8616a3cc4b, 91f27009-ec66-4294-9321-b0739729fb6b, 7e7f778f-92a3-4c6a-870c-2544e6325884
2021-10-28 03:02:01,816 [13676ba2-e17b-4a8f-9926-6ead84168abe@group-390751046F7B-StateMachineUpdater] INFO  pipeline.PipelineStateManagerImpl (PipelineStateManagerImpl.java:addPipeline(101)) - Created pipeline Pipeline[ Id: 84d7f2bd-39d5-42c1-b154-a37bceeded0f, Nodes: d262ff89-3d5e-4ab4-981f-dc8616a3cc4b{ip: 127.0.0.1, host: localhost, ports: [REPLICATION=37093, RATIS=35379, RATIS_ADMIN=35379, RATIS_SERVER=35379, STANDALONE=40287], networkLocation: /default-rack, certSerialId: null, persistedOpState: IN_SERVICE, persistedOpStateExpiryEpochSec: 0}91f27009-ec66-4294-9321-b0739729fb6b{ip: 127.0.0.1, host: localhost, ports: [REPLICATION=40709, RATIS=38297, RATIS_ADMIN=38297, RATIS_SERVER=38297, STANDALONE=36211], networkLocation: /default-rack, certSerialId: null, persistedOpState: IN_SERVICE, persistedOpStateExpiryEpochSec: 0}7e7f778f-92a3-4c6a-870c-2544e6325884{ip: 127.0.0.1, host: localhost, ports: [REPLICATION=36889, RATIS=39339, RATIS_ADMIN=39339, RATIS_SERVER=39339, STANDALONE=37757], networkLocation: /default-rack, certSerialId: null, persistedOpState: IN_SERVICE, persistedOpStateExpiryEpochSec: 0}, ReplicationConfig: RATIS/THREE, State:ALLOCATED, leaderId:, CreationTimestamp2021-10-28T03:02:01.789Z[Etc/UTC]].
2021-10-28 03:02:01,816 [13676ba2-e17b-4a8f-9926-6ead84168abe@group-390751046F7B-StateMachineUpdater] INFO  safemode.HealthyPipelineSafeModeRule (HealthyPipelineSafeModeRule.java:initializeRule(152)) - Refreshed total pipeline count is 0, healthy pipeline threshold count is 1
2021-10-28 03:02:01,882 [EndpointStateMachine task thread for /127.0.0.1:12199 - 0 ] INFO  ipc.Client (Client.java:handleConnectionFailure(977)) - Retrying connect to server: localhost/127.0.0.1:12199. Already tried 12 time(s); retry policy is RetryUpToMaximumCountWithFixedSleep(maxRetries=15, sleepTime=1000 MILLISECONDS)
2021-10-28 03:02:01,885 [EndpointStateMachine task thread for /127.0.0.1:12189 - 0 ] INFO  ipc.Client (Client.java:handleConnectionFailure(977)) - Retrying connect to server: localhost/127.0.0.1:12189. Already tried 12 time(s); retry policy is RetryUpToMaximumCountWithFixedSleep(maxRetries=15, sleepTime=1000 MILLISECONDS)
2021-10-28 03:02:02,237 [EndpointStateMachine task thread for /127.0.0.1:12209 - 0 ] INFO  ipc.Client (Client.java:handleConnectionFailure(977)) - Retrying connect to server: localhost/127.0.0.1:12209. Already tried 9 time(s); retry policy is RetryUpToMaximumCountWithFixedSleep(maxRetries=15, sleepTime=1000 MILLISECONDS)
2021-10-28 03:02:02,608 [Listener at 127.0.0.1/11132] INFO  ozone.MiniOzoneClusterImpl (MiniOzoneClusterImpl.java:lambda$waitForClusterToBeReady$0(235)) - Waiting for nodes to be ready. Got 4 of 3 DN Heartbeats.
2021-10-28 03:02:02,608 [Listener at 127.0.0.1/11132] INFO  ozone.MiniOzoneClusterImpl (MiniOzoneClusterImpl.java:lambda$waitForClusterToBeReady$0(238)) - Waiting for cluster to exit safe mode
2021-10-28 03:02:02,608 [Listener at 127.0.0.1/11132] INFO  ozone.MiniOzoneClusterImpl (MiniOzoneClusterImpl.java:lambda$waitForClusterToBeReady$0(240)) - SCM became leader
2021-10-28 03:02:02,720 [EndpointStateMachine task thread for /127.0.0.1:13013 - 0 ] INFO  ipc.Client (Client.java:handleConnectionFailure(977)) - Retrying connect to server: localhost/127.0.0.1:13013. Already tried 8 time(s); retry policy is RetryUpToMaximumCountWithFixedSleep(maxRetries=15, sleepTime=1000 MILLISECONDS)
2021-10-28 03:02:02,724 [EndpointStateMachine task thread for /127.0.0.1:13023 - 0 ] INFO  ipc.Client (Client.java:handleConnectionFailure(977)) - Retrying connect to server: localhost/127.0.0.1:13023. Already tried 8 time(s); retry policy is RetryUpToMaximumCountWithFixedSleep(maxRetries=15, sleepTime=1000 MILLISECONDS)
2021-10-28 03:02:02,882 [EndpointStateMachine task thread for /127.0.0.1:12199 - 0 ] INFO  ipc.Client (Client.java:handleConnectionFailure(977)) - Retrying connect to server: localhost/127.0.0.1:12199. Already tried 13 time(s); retry policy is RetryUpToMaximumCountWithFixedSleep(maxRetries=15, sleepTime=1000 MILLISECONDS)
2021-10-28 03:02:02,885 [EndpointStateMachine task thread for /127.0.0.1:12189 - 0 ] INFO  ipc.Client (Client.java:handleConnectionFailure(977)) - Retrying connect to server: localhost/127.0.0.1:12189. Already tried 13 time(s); retry policy is RetryUpToMaximumCountWithFixedSleep(maxRetries=15, sleepTime=1000 MILLISECONDS)
2021-10-28 03:02:03,238 [EndpointStateMachine task thread for /127.0.0.1:12209 - 0 ] INFO  ipc.Client (Client.java:handleConnectionFailure(977)) - Retrying connect to server: localhost/127.0.0.1:12209. Already tried 10 time(s); retry policy is RetryUpToMaximumCountWithFixedSleep(maxRetries=15, sleepTime=1000 MILLISECONDS)
2021-10-28 03:02:03,608 [Listener at 127.0.0.1/11132] INFO  ozone.MiniOzoneClusterImpl (MiniOzoneClusterImpl.java:lambda$waitForClusterToBeReady$0(235)) - Waiting for nodes to be ready. Got 4 of 3 DN Heartbeats.
2021-10-28 03:02:03,609 [Listener at 127.0.0.1/11132] INFO  ozone.MiniOzoneClusterImpl (MiniOzoneClusterImpl.java:lambda$waitForClusterToBeReady$0(238)) - Waiting for cluster to exit safe mode
2021-10-28 03:02:03,609 [Listener at 127.0.0.1/11132] INFO  ozone.MiniOzoneClusterImpl (MiniOzoneClusterImpl.java:lambda$waitForClusterToBeReady$0(240)) - SCM became leader
2021-10-28 03:02:03,644 [Command processor thread] INFO  server.RaftServer (RaftServerProxy.java:addNew(95)) - d262ff89-3d5e-4ab4-981f-dc8616a3cc4b: addNew group-5B58ED6D724D:[d262ff89-3d5e-4ab4-981f-dc8616a3cc4b|rpc:127.0.0.1:35379|priority:1] returns group-5B58ED6D724D:java.util.concurrent.CompletableFuture@270940bd[Not completed]
2021-10-28 03:02:03,645 [pool-478-thread-1] INFO  server.RaftServer$Division (RaftServerImpl.java:<init>(184)) - d262ff89-3d5e-4ab4-981f-dc8616a3cc4b: new RaftServerImpl for group-5B58ED6D724D:[d262ff89-3d5e-4ab4-981f-dc8616a3cc4b|rpc:127.0.0.1:35379|priority:1] with ContainerStateMachine:uninitialized
2021-10-28 03:02:03,664 [pool-478-thread-1] INFO  server.RaftServerConfigKeys (ConfUtils.java:logGet(44)) - raft.server.rpc.timeout.min = 5s (custom)
2021-10-28 03:02:03,664 [pool-478-thread-1] INFO  server.RaftServerConfigKeys (ConfUtils.java:logGet(44)) - raft.server.rpc.timeout.max = 5200ms (custom)
2021-10-28 03:02:03,664 [pool-478-thread-1] INFO  server.RaftServerConfigKeys (ConfUtils.java:logGet(44)) - raft.server.rpc.sleep.time = 25ms (default)
2021-10-28 03:02:03,664 [pool-478-thread-1] INFO  server.RaftServerConfigKeys (ConfUtils.java:logGet(44)) - raft.server.rpc.slowness.timeout = 300s (custom)
2021-10-28 03:02:03,664 [pool-478-thread-1] INFO  server.RaftServerConfigKeys (ConfUtils.java:logGet(44)) - raft.server.leaderelection.leader.step-down.wait-time = 10s (default)
2021-10-28 03:02:03,664 [pool-478-thread-1] INFO  server.RaftServerConfigKeys (ConfUtils.java:logGet(44)) - raft.server.sleep.deviation.threshold = 300ms (default)
2021-10-28 03:02:03,664 [pool-478-thread-1] INFO  server.RaftServerConfigKeys (ConfUtils.java:logGet(44)) - raft.server.log.appender.install.snapshot.enabled = false (custom)
2021-10-28 03:02:03,664 [pool-478-thread-1] INFO  server.RaftServer$Division (ServerState.java:<init>(105)) - d262ff89-3d5e-4ab4-981f-dc8616a3cc4b@group-5B58ED6D724D: ConfigurationManager, init=-1: [d262ff89-3d5e-4ab4-981f-dc8616a3cc4b|rpc:127.0.0.1:35379|priority:1], old=null, confs=<EMPTY_MAP>
2021-10-28 03:02:03,664 [pool-478-thread-1] INFO  server.RaftServerConfigKeys (ConfUtils.java:logGet(44)) - raft.server.storage.dir = [/home/runner/work/ozone/ozone/hadoop-ozone/integration-test/target/test-dir/MiniOzoneClusterImpl-701359f1-d346-43a7-a18b-390751046f7b/datanode-0/data/ratis] (custom)
2021-10-28 03:02:03,665 [pool-478-thread-1] INFO  server.RaftServerConfigKeys (ConfUtils.java:logGet(44)) - raft.server.log.corruption.policy = EXCEPTION (default)
2021-10-28 03:02:03,665 [pool-478-thread-1] INFO  server.RaftServerConfigKeys (ConfUtils.java:logGet(44)) - raft.server.storage.free-space.min = 0MB (=0) (default)
2021-10-28 03:02:03,665 [pool-478-thread-1] INFO  storage.RaftStorageDirectory (RaftStorageDirectoryImpl.java:analyzeStorage(135)) - The storage directory /home/runner/work/ozone/ozone/hadoop-ozone/integration-test/target/test-dir/MiniOzoneClusterImpl-701359f1-d346-43a7-a18b-390751046f7b/datanode-0/data/ratis/2a860fd3-b7a1-42c2-aa92-5b58ed6d724d does not exist. Creating ...
2021-10-28 03:02:03,673 [pool-478-thread-1] INFO  storage.RaftStorageDirectory (RaftStorageDirectoryImpl.java:tryLock(230)) - Lock on /home/runner/work/ozone/ozone/hadoop-ozone/integration-test/target/test-dir/MiniOzoneClusterImpl-701359f1-d346-43a7-a18b-390751046f7b/datanode-0/data/ratis/2a860fd3-b7a1-42c2-aa92-5b58ed6d724d/in_use.lock acquired by nodename 7917@fv-az184-410
2021-10-28 03:02:03,674 [pool-478-thread-1] INFO  storage.RaftStorage (RaftStorageImpl.java:format(89)) - Storage directory /home/runner/work/ozone/ozone/hadoop-ozone/integration-test/target/test-dir/MiniOzoneClusterImpl-701359f1-d346-43a7-a18b-390751046f7b/datanode-0/data/ratis/2a860fd3-b7a1-42c2-aa92-5b58ed6d724d has been successfully formatted.
2021-10-28 03:02:03,676 [EventQueue-PipelineReportForPipelineReportHandler] INFO  pipeline.PipelineManagerImpl (PipelineManagerImpl.java:openPipeline(289)) - Pipeline Pipeline[ Id: 2a860fd3-b7a1-42c2-aa92-5b58ed6d724d, Nodes: d262ff89-3d5e-4ab4-981f-dc8616a3cc4b{ip: 127.0.0.1, host: localhost, ports: [REPLICATION=37093, RATIS=35379, RATIS_ADMIN=35379, RATIS_SERVER=35379, STANDALONE=40287], networkLocation: /default-rack, certSerialId: null, persistedOpState: IN_SERVICE, persistedOpStateExpiryEpochSec: 0}, ReplicationConfig: RATIS/ONE, State:ALLOCATED, leaderId:d262ff89-3d5e-4ab4-981f-dc8616a3cc4b, CreationTimestamp2021-10-28T03:02:00.659Z[Etc/UTC]] moved to OPEN state
2021-10-28 03:02:03,676 [EventQueue-PipelineReportForPipelineReportHandler] INFO  pipeline.PipelineManagerImpl (PipelineManagerImpl.java:openPipeline(289)) - Pipeline Pipeline[ Id: 2a860fd3-b7a1-42c2-aa92-5b58ed6d724d, Nodes: d262ff89-3d5e-4ab4-981f-dc8616a3cc4b{ip: 127.0.0.1, host: localhost, ports: [REPLICATION=37093, RATIS=35379, RATIS_ADMIN=35379, RATIS_SERVER=35379, STANDALONE=40287], networkLocation: /default-rack, certSerialId: null, persistedOpState: IN_SERVICE, persistedOpStateExpiryEpochSec: 0}, ReplicationConfig: RATIS/ONE, State:ALLOCATED, leaderId:d262ff89-3d5e-4ab4-981f-dc8616a3cc4b, CreationTimestamp2021-10-28T03:02:00.659Z[Etc/UTC]] moved to OPEN state
2021-10-28 03:02:03,692 [pool-478-thread-1] INFO  ratis.ContainerStateMachine (ContainerStateMachine.java:loadSnapshot(224)) - group-5B58ED6D724D: The snapshot info is null. Setting the last applied indexto:(t:0, i:~)
2021-10-28 03:02:03,692 [pool-478-thread-1] INFO  server.RaftServerConfigKeys (ConfUtils.java:logGet(44)) - raft.server.notification.no-leader.timeout = 300s (custom)
2021-10-28 03:02:03,692 [pool-478-thread-1] INFO  server.RaftServerConfigKeys (ConfUtils.java:logGet(44)) - raft.server.log.use.memory = false (default)
2021-10-28 03:02:03,692 [pool-478-thread-1] INFO  server.RaftServerConfigKeys (ConfUtils.java:logGet(44)) - raft.server.log.purge.gap = 1000000 (custom)
2021-10-28 03:02:03,693 [pool-478-thread-1] INFO  server.RaftServerConfigKeys (ConfUtils.java:logGet(44)) - raft.server.log.appender.buffer.byte-limit = 33554432 (custom)
2021-10-28 03:02:03,693 [pool-478-thread-1] INFO  server.RaftServerConfigKeys (ConfUtils.java:logGet(44)) - raft.server.log.segment.size.max = 1048576 (custom)
2021-10-28 03:02:03,693 [pool-478-thread-1] INFO  server.RaftServerConfigKeys (ConfUtils.java:logGet(44)) - raft.server.log.segment.cache.num.max = 2 (custom)
2021-10-28 03:02:03,693 [pool-478-thread-1] INFO  server.RaftServerConfigKeys (ConfUtils.java:logGet(44)) - raft.server.log.segment.cache.size.max = 200MB (=209715200) (default)
2021-10-28 03:02:03,693 [pool-478-thread-1] INFO  segmented.SegmentedRaftLogWorker (SegmentedRaftLogWorker.java:<init>(182)) - new d262ff89-3d5e-4ab4-981f-dc8616a3cc4b@group-5B58ED6D724D-SegmentedRaftLogWorker for RaftStorageImpl:Storage Directory /home/runner/work/ozone/ozone/hadoop-ozone/integration-test/target/test-dir/MiniOzoneClusterImpl-701359f1-d346-43a7-a18b-390751046f7b/datanode-0/data/ratis/2a860fd3-b7a1-42c2-aa92-5b58ed6d724d
2021-10-28 03:02:03,693 [pool-478-thread-1] INFO  server.RaftServerConfigKeys (ConfUtils.java:logGet(44)) - raft.server.log.queue.byte-limit = 2147483647 (custom)
2021-10-28 03:02:03,693 [pool-478-thread-1] INFO  server.RaftServerConfigKeys (ConfUtils.java:logGet(44)) - raft.server.log.queue.element-limit = 1024 (custom)
2021-10-28 03:02:03,693 [pool-478-thread-1] INFO  server.RaftServerConfigKeys (ConfUtils.java:logGet(44)) - raft.server.log.segment.size.max = 1048576 (custom)
2021-10-28 03:02:03,694 [pool-478-thread-1] INFO  server.RaftServerConfigKeys (ConfUtils.java:logGet(44)) - raft.server.log.preallocated.size = 16384 (custom)
2021-10-28 03:02:03,694 [pool-478-thread-1] INFO  server.RaftServerConfigKeys (ConfUtils.java:logGet(44)) - raft.server.log.force.sync.num = 128 (default)
2021-10-28 03:02:03,694 [pool-478-thread-1] INFO  server.RaftServerConfigKeys (ConfUtils.java:logGet(44)) - raft.server.log.statemachine.data.sync = true (default)
2021-10-28 03:02:03,694 [pool-478-thread-1] INFO  server.RaftServerConfigKeys (ConfUtils.java:logGet(44)) - raft.server.log.statemachine.data.sync.timeout = 10s (default)
2021-10-28 03:02:03,694 [pool-478-thread-1] INFO  server.RaftServerConfigKeys (ConfUtils.java:logGet(44)) - raft.server.log.statemachine.data.sync.timeout.retry = -1 (default)
2021-10-28 03:02:03,695 [pool-478-thread-1] INFO  server.RaftServerConfigKeys (ConfUtils.java:logGet(44)) - raft.server.log.write.buffer.size = 1048576 (custom)
2021-10-28 03:02:03,695 [pool-478-thread-1] INFO  server.RaftServerConfigKeys (ConfUtils.java:logGet(44)) - raft.server.log.statemachine.data.caching.enabled = true (custom)
2021-10-28 03:02:03,698 [pool-478-thread-1] INFO  segmented.SegmentedRaftLogWorker (SegmentedRaftLogWorker.java:lambda$new$0(133)) - d262ff89-3d5e-4ab4-981f-dc8616a3cc4b@group-5B58ED6D724D-SegmentedRaftLogWorker: flushIndex: setUnconditionally 0 -> -1
2021-10-28 03:02:03,698 [pool-478-thread-1] INFO  segmented.SegmentedRaftLogWorker (SegmentedRaftLogWorker.java:lambda$new$0(133)) - d262ff89-3d5e-4ab4-981f-dc8616a3cc4b@group-5B58ED6D724D-SegmentedRaftLogWorker: safeCacheEvictIndex: setUnconditionally 0 -> -1
2021-10-28 03:02:03,703 [EndpointStateMachine task thread for /127.0.0.1:13053 - 0 ] WARN  statemachine.EndpointStateMachine (EndpointStateMachine.java:logIfNeeded(236)) - Unable to communicate to SCM server at localhost:13053 for past 0 seconds.
java.net.SocketTimeoutException: Call From fv-az184-410/10.1.0.63 to localhost:13053 failed on socket timeout exception: java.net.SocketTimeoutException: 5000 millis timeout while waiting for channel to be ready for read. ch : java.nio.channels.SocketChannel[connected local=/127.0.0.1:47434 remote=/127.0.0.1:13053]; For more details see:  http://wiki.apache.org/hadoop/SocketTimeout
	at sun.reflect.GeneratedConstructorAccessor31.newInstance(Unknown Source)
	at sun.reflect.DelegatingConstructorAccessorImpl.newInstance(DelegatingConstructorAccessorImpl.java:45)
	at java.lang.reflect.Constructor.newInstance(Constructor.java:423)
	at org.apache.hadoop.net.NetUtils.wrapWithMessage(NetUtils.java:913)
	at org.apache.hadoop.net.NetUtils.wrapException(NetUtils.java:848)
	at org.apache.hadoop.ipc.Client.getRpcResponse(Client.java:1577)
	at org.apache.hadoop.ipc.Client.call(Client.java:1519)
	at org.apache.hadoop.ipc.Client.call(Client.java:1416)
	at org.apache.hadoop.ipc.ProtobufRpcEngine$Invoker.invoke(ProtobufRpcEngine.java:236)
	at org.apache.hadoop.ipc.ProtobufRpcEngine$Invoker.invoke(ProtobufRpcEngine.java:123)
	at com.sun.proxy.$Proxy48.submitRequest(Unknown Source)
	at org.apache.hadoop.ozone.protocolPB.StorageContainerDatanodeProtocolClientSideTranslatorPB.submitRequest(StorageContainerDatanodeProtocolClientSideTranslatorPB.java:117)
	at org.apache.hadoop.ozone.protocolPB.StorageContainerDatanodeProtocolClientSideTranslatorPB.getVersion(StorageContainerDatanodeProtocolClientSideTranslatorPB.java:133)
	at org.apache.hadoop.ozone.container.common.states.endpoint.VersionEndpointTask.call(VersionEndpointTask.java:71)
	at org.apache.hadoop.ozone.container.common.states.endpoint.VersionEndpointTask.call(VersionEndpointTask.java:42)
	at java.util.concurrent.FutureTask.run(FutureTask.java:266)
	at java.util.concurrent.ThreadPoolExecutor.runWorker(ThreadPoolExecutor.java:1149)
	at java.util.concurrent.ThreadPoolExecutor$Worker.run(ThreadPoolExecutor.java:624)
	at java.lang.Thread.run(Thread.java:748)
Caused by: java.net.SocketTimeoutException: 5000 millis timeout while waiting for channel to be ready for read. ch : java.nio.channels.SocketChannel[connected local=/127.0.0.1:47434 remote=/127.0.0.1:13053]
	at org.apache.hadoop.net.SocketIOWithTimeout.doIO(SocketIOWithTimeout.java:164)
	at org.apache.hadoop.net.SocketInputStream.read(SocketInputStream.java:161)
	at org.apache.hadoop.net.SocketInputStream.read(SocketInputStream.java:131)
	at java.io.FilterInputStream.read(FilterInputStream.java:133)
	at java.io.BufferedInputStream.fill(BufferedInputStream.java:246)
	at java.io.BufferedInputStream.read(BufferedInputStream.java:265)
	at java.io.FilterInputStream.read(FilterInputStream.java:83)
	at java.io.FilterInputStream.read(FilterInputStream.java:83)
	at org.apache.hadoop.ipc.Client$Connection$PingInputStream.read(Client.java:563)
	at java.io.DataInputStream.readInt(DataInputStream.java:387)
	at org.apache.hadoop.ipc.Client$IpcStreams.readResponse(Client.java:1892)
	at org.apache.hadoop.ipc.Client$Connection.receiveRpcResponse(Client.java:1202)
	at org.apache.hadoop.ipc.Client$Connection.run(Client.java:1098)
2021-10-28 03:02:03,724 [EndpointStateMachine task thread for /127.0.0.1:13023 - 0 ] INFO  ipc.Client (Client.java:handleConnectionFailure(977)) - Retrying connect to server: localhost/127.0.0.1:13023. Already tried 9 time(s); retry policy is RetryUpToMaximumCountWithFixedSleep(maxRetries=15, sleepTime=1000 MILLISECONDS)
2021-10-28 03:02:03,721 [EndpointStateMachine task thread for /127.0.0.1:13013 - 0 ] INFO  ipc.Client (Client.java:handleConnectionFailure(977)) - Retrying connect to server: localhost/127.0.0.1:13013. Already tried 9 time(s); retry policy is RetryUpToMaximumCountWithFixedSleep(maxRetries=15, sleepTime=1000 MILLISECONDS)
2021-10-28 03:02:03,715 [pool-478-thread-1] INFO  server.RaftServerConfigKeys (ConfUtils.java:logGet(44)) - raft.server.snapshot.auto.trigger.enabled = true (custom)
2021-10-28 03:02:03,742 [pool-478-thread-1] INFO  server.RaftServerConfigKeys (ConfUtils.java:logGet(44)) - raft.server.snapshot.auto.trigger.threshold = 10000 (custom)
2021-10-28 03:02:03,742 [pool-478-thread-1] INFO  server.RaftServerConfigKeys (ConfUtils.java:logGet(44)) - raft.server.snapshot.retention.file.num = 5 (custom)
2021-10-28 03:02:03,742 [pool-478-thread-1] INFO  server.RaftServerConfigKeys (ConfUtils.java:logGet(44)) - raft.server.log.purge.upto.snapshot.index = false (default)
2021-10-28 03:02:03,712 [EventQueue-PipelineReportForPipelineReportHandler] INFO  ha.SCMHAInvocationHandler (SCMHAInvocationHandler.java:invokeRatis(113)) - Invoking method public abstract void org.apache.hadoop.hdds.scm.pipeline.PipelineStateManager.updatePipelineState(org.apache.hadoop.hdds.protocol.proto.HddsProtos$PipelineID,org.apache.hadoop.hdds.protocol.proto.HddsProtos$PipelineState) throws java.io.IOException on target org.apache.hadoop.hdds.scm.ha.SCMRatisServerImpl@73b1e6d, cost 35463.67us
2021-10-28 03:02:03,703 [EndpointStateMachine task thread for /127.0.0.1:13053 - 0 ] WARN  statemachine.EndpointStateMachine (EndpointStateMachine.java:logIfNeeded(236)) - Unable to communicate to SCM server at 127.0.0.1:13053 for past 0 seconds.
java.net.SocketTimeoutException: Call From fv-az184-410/10.1.0.63 to localhost:13053 failed on socket timeout exception: java.net.SocketTimeoutException: 5000 millis timeout while waiting for channel to be ready for read. ch : java.nio.channels.SocketChannel[connected local=/127.0.0.1:47434 remote=/127.0.0.1:13053]; For more details see:  http://wiki.apache.org/hadoop/SocketTimeout
	at sun.reflect.GeneratedConstructorAccessor31.newInstance(Unknown Source)
	at sun.reflect.DelegatingConstructorAccessorImpl.newInstance(DelegatingConstructorAccessorImpl.java:45)
	at java.lang.reflect.Constructor.newInstance(Constructor.java:423)
	at org.apache.hadoop.net.NetUtils.wrapWithMessage(NetUtils.java:913)
	at org.apache.hadoop.net.NetUtils.wrapException(NetUtils.java:848)
	at org.apache.hadoop.ipc.Client.getRpcResponse(Client.java:1577)
	at org.apache.hadoop.ipc.Client.call(Client.java:1519)
	at org.apache.hadoop.ipc.Client.call(Client.java:1416)
	at org.apache.hadoop.ipc.ProtobufRpcEngine$Invoker.invoke(ProtobufRpcEngine.java:236)
	at org.apache.hadoop.ipc.ProtobufRpcEngine$Invoker.invoke(ProtobufRpcEngine.java:123)
	at com.sun.proxy.$Proxy48.submitRequest(Unknown Source)
	at org.apache.hadoop.ozone.protocolPB.StorageContainerDatanodeProtocolClientSideTranslatorPB.submitRequest(StorageContainerDatanodeProtocolClientSideTranslatorPB.java:117)
	at org.apache.hadoop.ozone.protocolPB.StorageContainerDatanodeProtocolClientSideTranslatorPB.getVersion(StorageContainerDatanodeProtocolClientSideTranslatorPB.java:133)
	at org.apache.hadoop.ozone.container.common.states.endpoint.VersionEndpointTask.call(VersionEndpointTask.java:71)
	at org.apache.hadoop.ozone.container.common.states.endpoint.VersionEndpointTask.call(VersionEndpointTask.java:42)
	at java.util.concurrent.FutureTask.run(FutureTask.java:266)
	at java.util.concurrent.ThreadPoolExecutor.runWorker(ThreadPoolExecutor.java:1149)
	at java.util.concurrent.ThreadPoolExecutor$Worker.run(ThreadPoolExecutor.java:624)
	at java.lang.Thread.run(Thread.java:748)
Caused by: java.net.SocketTimeoutException: 5000 millis timeout while waiting for channel to be ready for read. ch : java.nio.channels.SocketChannel[connected local=/127.0.0.1:47434 remote=/127.0.0.1:13053]
	at org.apache.hadoop.net.SocketIOWithTimeout.doIO(SocketIOWithTimeout.java:164)
	at org.apache.hadoop.net.SocketInputStream.read(SocketInputStream.java:161)
	at org.apache.hadoop.net.SocketInputStream.read(SocketInputStream.java:131)
	at java.io.FilterInputStream.read(FilterInputStream.java:133)
	at java.io.BufferedInputStream.fill(BufferedInputStream.java:246)
	at java.io.BufferedInputStream.read(BufferedInputStream.java:265)
	at java.io.FilterInputStream.read(FilterInputStream.java:83)
	at java.io.FilterInputStream.read(FilterInputStream.java:83)
	at org.apache.hadoop.ipc.Client$Connection$PingInputStream.read(Client.java:563)
	at java.io.DataInputStream.readInt(DataInputStream.java:387)
	at org.apache.hadoop.ipc.Client$IpcStreams.readResponse(Client.java:1892)
	at org.apache.hadoop.ipc.Client$Connection.receiveRpcResponse(Client.java:1202)
	at org.apache.hadoop.ipc.Client$Connection.run(Client.java:1098)
2021-10-28 03:02:03,703 [EndpointStateMachine task thread for /127.0.0.1:13053 - 0 ] WARN  statemachine.EndpointStateMachine (EndpointStateMachine.java:logIfNeeded(236)) - Unable to communicate to SCM server at 127.0.0.1:13053 for past 0 seconds.
java.net.SocketTimeoutException: Call From fv-az184-410/10.1.0.63 to localhost:13053 failed on socket timeout exception: java.net.SocketTimeoutException: 5000 millis timeout while waiting for channel to be ready for read. ch : java.nio.channels.SocketChannel[connected local=/127.0.0.1:47434 remote=/127.0.0.1:13053]; For more details see:  http://wiki.apache.org/hadoop/SocketTimeout
	at sun.reflect.GeneratedConstructorAccessor31.newInstance(Unknown Source)
	at sun.reflect.DelegatingConstructorAccessorImpl.newInstance(DelegatingConstructorAccessorImpl.java:45)
	at java.lang.reflect.Constructor.newInstance(Constructor.java:423)
	at org.apache.hadoop.net.NetUtils.wrapWithMessage(NetUtils.java:913)
	at org.apache.hadoop.net.NetUtils.wrapException(NetUtils.java:848)
	at org.apache.hadoop.ipc.Client.getRpcResponse(Client.java:1577)
	at org.apache.hadoop.ipc.Client.call(Client.java:1519)
	at org.apache.hadoop.ipc.Client.call(Client.java:1416)
	at org.apache.hadoop.ipc.ProtobufRpcEngine$Invoker.invoke(ProtobufRpcEngine.java:236)
	at org.apache.hadoop.ipc.ProtobufRpcEngine$Invoker.invoke(ProtobufRpcEngine.java:123)
	at com.sun.proxy.$Proxy48.submitRequest(Unknown Source)
	at org.apache.hadoop.ozone.protocolPB.StorageContainerDatanodeProtocolClientSideTranslatorPB.submitRequest(StorageContainerDatanodeProtocolClientSideTranslatorPB.java:117)
	at org.apache.hadoop.ozone.protocolPB.StorageContainerDatanodeProtocolClientSideTranslatorPB.getVersion(StorageContainerDatanodeProtocolClientSideTranslatorPB.java:133)
	at org.apache.hadoop.ozone.container.common.states.endpoint.VersionEndpointTask.call(VersionEndpointTask.java:71)
	at org.apache.hadoop.ozone.container.common.states.endpoint.VersionEndpointTask.call(VersionEndpointTask.java:42)
	at java.util.concurrent.FutureTask.run(FutureTask.java:266)
	at java.util.concurrent.ThreadPoolExecutor.runWorker(ThreadPoolExecutor.java:1149)
	at java.util.concurrent.ThreadPoolExecutor$Worker.run(ThreadPoolExecutor.java:624)
	at java.lang.Thread.run(Thread.java:748)
Caused by: java.net.SocketTimeoutException: 5000 millis timeout while waiting for channel to be ready for read. ch : java.nio.channels.SocketChannel[connected local=/127.0.0.1:47434 remote=/127.0.0.1:13053]
	at org.apache.hadoop.net.SocketIOWithTimeout.doIO(SocketIOWithTimeout.java:164)
	at org.apache.hadoop.net.SocketInputStream.read(SocketInputStream.java:161)
	at org.apache.hadoop.net.SocketInputStream.read(SocketInputStream.java:131)
	at java.io.FilterInputStream.read(FilterInputStream.java:133)
	at java.io.BufferedInputStream.fill(BufferedInputStream.java:246)
	at java.io.BufferedInputStream.read(BufferedInputStream.java:265)
	at java.io.FilterInputStream.read(FilterInputStream.java:83)
	at java.io.FilterInputStream.read(FilterInputStream.java:83)
	at org.apache.hadoop.ipc.Client$Connection$PingInputStream.read(Client.java:563)
	at java.io.DataInputStream.readInt(DataInputStream.java:387)
	at org.apache.hadoop.ipc.Client$IpcStreams.readResponse(Client.java:1892)
	at org.apache.hadoop.ipc.Client$Connection.receiveRpcResponse(Client.java:1202)
	at org.apache.hadoop.ipc.Client$Connection.run(Client.java:1098)
2021-10-28 03:02:03,759 [pool-478-thread-1] INFO  server.RaftServerConfigKeys (ConfUtils.java:logGet(44)) - raft.server.retrycache.expirytime = 600000ms (custom)
2021-10-28 03:02:03,760 [pool-478-thread-1] INFO  server.RaftServerConfigKeys (ConfUtils.java:logGet(44)) - raft.server.retrycache.statistics.expirytime = 100μs (default)
2021-10-28 03:02:03,761 [pool-478-thread-1] INFO  server.RaftServer$Division (RaftServerImpl.java:start(301)) - d262ff89-3d5e-4ab4-981f-dc8616a3cc4b@group-5B58ED6D724D: start as a follower, conf=-1: [d262ff89-3d5e-4ab4-981f-dc8616a3cc4b|rpc:127.0.0.1:35379|priority:1], old=null
2021-10-28 03:02:03,761 [pool-478-thread-1] INFO  server.RaftServer$Division (RaftServerImpl.java:setRole(290)) - d262ff89-3d5e-4ab4-981f-dc8616a3cc4b@group-5B58ED6D724D: changes role from      null to FOLLOWER at term 0 for startAsFollower
2021-10-28 03:02:03,761 [pool-478-thread-1] INFO  impl.RoleInfo (RoleInfo.java:updateAndGet(130)) - d262ff89-3d5e-4ab4-981f-dc8616a3cc4b: start d262ff89-3d5e-4ab4-981f-dc8616a3cc4b@group-5B58ED6D724D-FollowerState
2021-10-28 03:02:03,753 [6dac361e-3d50-41be-ba36-b7bec097cbe9@group-390751046F7B-StateMachineUpdater] INFO  safemode.HealthyPipelineSafeModeRule (HealthyPipelineSafeModeRule.java:initializeRule(152)) - Refreshed total pipeline count is 0, healthy pipeline threshold count is 1
2021-10-28 03:02:03,752 [13676ba2-e17b-4a8f-9926-6ead84168abe@group-390751046F7B-StateMachineUpdater] INFO  ha.SCMStateMachine (SCMStateMachine.java:takeSnapshot(290)) - Current Snapshot Index 12, takeSnapshot took 0 ms
2021-10-28 03:02:03,762 [EventQueue-PipelineReportForPipelineReportHandler] INFO  ha.SCMHAInvocationHandler (SCMHAInvocationHandler.java:invokeRatis(113)) - Invoking method public abstract void org.apache.hadoop.hdds.scm.pipeline.PipelineStateManager.updatePipelineState(org.apache.hadoop.hdds.protocol.proto.HddsProtos$PipelineID,org.apache.hadoop.hdds.protocol.proto.HddsProtos$PipelineState) throws java.io.IOException on target org.apache.hadoop.hdds.scm.ha.SCMRatisServerImpl@5bdb3fcc, cost 85925.353us
2021-10-28 03:02:03,762 [13676ba2-e17b-4a8f-9926-6ead84168abe@group-390751046F7B-StateMachineUpdater] INFO  impl.StateMachineUpdater (StateMachineUpdater.java:takeSnapshot(281)) - 13676ba2-e17b-4a8f-9926-6ead84168abe@group-390751046F7B-StateMachineUpdater: Took a snapshot at index 12
2021-10-28 03:02:03,762 [13676ba2-e17b-4a8f-9926-6ead84168abe@group-390751046F7B-StateMachineUpdater] INFO  impl.StateMachineUpdater (StateMachineUpdater.java:lambda$new$0(89)) - 13676ba2-e17b-4a8f-9926-6ead84168abe@group-390751046F7B-StateMachineUpdater: snapshotIndex: updateIncreasingly 7 -> 12
2021-10-28 03:02:03,762 [13676ba2-e17b-4a8f-9926-6ead84168abe@group-390751046F7B-StateMachineUpdater] INFO  raftlog.RaftLog (RaftLogBase.java:purge(306)) - 13676ba2-e17b-4a8f-9926-6ead84168abe@group-390751046F7B-SegmentedRaftLog: purge 12
2021-10-28 03:02:03,762 [13676ba2-e17b-4a8f-9926-6ead84168abe@group-390751046F7B-StateMachineUpdater] INFO  raftlog.RaftLog (RaftLogBase.java:lambda$new$0(53)) - 13676ba2-e17b-4a8f-9926-6ead84168abe@group-390751046F7B-SegmentedRaftLog: snapshotIndex: updateIncreasingly 7 -> 12
2021-10-28 03:02:03,762 [13676ba2-e17b-4a8f-9926-6ead84168abe@group-390751046F7B-StateMachineUpdater] INFO  raftlog.RaftLog (RaftLogBase.java:lambda$new$0(53)) - 13676ba2-e17b-4a8f-9926-6ead84168abe@group-390751046F7B-SegmentedRaftLog: purgeIndex: updateToMax old=7, new=12, updated? true
2021-10-28 03:02:03,767 [pool-478-thread-1] INFO  util.JmxRegister (JmxRegister.java:tryRegister(44)) - Successfully registered JMX Bean with object name Ratis:service=RaftServer,group=group-5B58ED6D724D,id=d262ff89-3d5e-4ab4-981f-dc8616a3cc4b
2021-10-28 03:02:03,771 [Command processor thread] INFO  ratis.XceiverServerRatis (XceiverServerRatis.java:addGroup(768)) - Created group PipelineID=2a860fd3-b7a1-42c2-aa92-5b58ed6d724d
2021-10-28 03:02:03,771 [Command processor thread] INFO  commandhandler.CreatePipelineCommandHandler (CreatePipelineCommandHandler.java:handle(106)) - Created Pipeline RATIS ONE PipelineID=2a860fd3-b7a1-42c2-aa92-5b58ed6d724d.
2021-10-28 03:02:03,771 [Command processor thread] INFO  server.RaftServer (RaftServerProxy.java:addNew(95)) - d262ff89-3d5e-4ab4-981f-dc8616a3cc4b: addNew group-1FC4E3DC1381:[7e7f778f-92a3-4c6a-870c-2544e6325884|rpc:127.0.0.1:39339|priority:1, d262ff89-3d5e-4ab4-981f-dc8616a3cc4b|rpc:127.0.0.1:35379|priority:0, 91f27009-ec66-4294-9321-b0739729fb6b|rpc:127.0.0.1:38297|priority:0] returns group-1FC4E3DC1381:java.util.concurrent.CompletableFuture@2336c084[Not completed]
2021-10-28 03:02:03,772 [pool-478-thread-1] INFO  server.RaftServer$Division (RaftServerImpl.java:<init>(184)) - d262ff89-3d5e-4ab4-981f-dc8616a3cc4b: new RaftServerImpl for group-1FC4E3DC1381:[7e7f778f-92a3-4c6a-870c-2544e6325884|rpc:127.0.0.1:39339|priority:1, d262ff89-3d5e-4ab4-981f-dc8616a3cc4b|rpc:127.0.0.1:35379|priority:0, 91f27009-ec66-4294-9321-b0739729fb6b|rpc:127.0.0.1:38297|priority:0] with ContainerStateMachine:uninitialized
2021-10-28 03:02:03,772 [pool-478-thread-1] INFO  server.RaftServerConfigKeys (ConfUtils.java:logGet(44)) - raft.server.rpc.timeout.min = 5s (custom)
2021-10-28 03:02:03,772 [pool-478-thread-1] INFO  server.RaftServerConfigKeys (ConfUtils.java:logGet(44)) - raft.server.rpc.timeout.max = 5200ms (custom)
2021-10-28 03:02:03,772 [pool-478-thread-1] INFO  server.RaftServerConfigKeys (ConfUtils.java:logGet(44)) - raft.server.rpc.sleep.time = 25ms (default)
2021-10-28 03:02:03,772 [pool-478-thread-1] INFO  server.RaftServerConfigKeys (ConfUtils.java:logGet(44)) - raft.server.rpc.slowness.timeout = 300s (custom)
2021-10-28 03:02:03,772 [pool-478-thread-1] INFO  server.RaftServerConfigKeys (ConfUtils.java:logGet(44)) - raft.server.leaderelection.leader.step-down.wait-time = 10s (default)
2021-10-28 03:02:03,772 [pool-478-thread-1] INFO  server.RaftServerConfigKeys (ConfUtils.java:logGet(44)) - raft.server.sleep.deviation.threshold = 300ms (default)
2021-10-28 03:02:03,772 [pool-478-thread-1] INFO  server.RaftServerConfigKeys (ConfUtils.java:logGet(44)) - raft.server.log.appender.install.snapshot.enabled = false (custom)
2021-10-28 03:02:03,772 [pool-478-thread-1] INFO  server.RaftServer$Division (ServerState.java:<init>(105)) - d262ff89-3d5e-4ab4-981f-dc8616a3cc4b@group-1FC4E3DC1381: ConfigurationManager, init=-1: [7e7f778f-92a3-4c6a-870c-2544e6325884|rpc:127.0.0.1:39339|priority:1, d262ff89-3d5e-4ab4-981f-dc8616a3cc4b|rpc:127.0.0.1:35379|priority:0, 91f27009-ec66-4294-9321-b0739729fb6b|rpc:127.0.0.1:38297|priority:0], old=null, confs=<EMPTY_MAP>
2021-10-28 03:02:03,772 [pool-478-thread-1] INFO  server.RaftServerConfigKeys (ConfUtils.java:logGet(44)) - raft.server.storage.dir = [/home/runner/work/ozone/ozone/hadoop-ozone/integration-test/target/test-dir/MiniOzoneClusterImpl-701359f1-d346-43a7-a18b-390751046f7b/datanode-0/data/ratis] (custom)
2021-10-28 03:02:03,772 [pool-478-thread-1] INFO  server.RaftServerConfigKeys (ConfUtils.java:logGet(44)) - raft.server.log.corruption.policy = EXCEPTION (default)
2021-10-28 03:02:03,772 [pool-478-thread-1] INFO  server.RaftServerConfigKeys (ConfUtils.java:logGet(44)) - raft.server.storage.free-space.min = 0MB (=0) (default)
2021-10-28 03:02:03,772 [pool-478-thread-1] INFO  storage.RaftStorageDirectory (RaftStorageDirectoryImpl.java:analyzeStorage(135)) - The storage directory /home/runner/work/ozone/ozone/hadoop-ozone/integration-test/target/test-dir/MiniOzoneClusterImpl-701359f1-d346-43a7-a18b-390751046f7b/datanode-0/data/ratis/7686bec2-d230-49c1-ba4b-1fc4e3dc1381 does not exist. Creating ...
2021-10-28 03:02:03,773 [pool-478-thread-1] INFO  storage.RaftStorageDirectory (RaftStorageDirectoryImpl.java:tryLock(230)) - Lock on /home/runner/work/ozone/ozone/hadoop-ozone/integration-test/target/test-dir/MiniOzoneClusterImpl-701359f1-d346-43a7-a18b-390751046f7b/datanode-0/data/ratis/7686bec2-d230-49c1-ba4b-1fc4e3dc1381/in_use.lock acquired by nodename 7917@fv-az184-410
2021-10-28 03:02:03,779 [pool-478-thread-1] INFO  storage.RaftStorage (RaftStorageImpl.java:format(89)) - Storage directory /home/runner/work/ozone/ozone/hadoop-ozone/integration-test/target/test-dir/MiniOzoneClusterImpl-701359f1-d346-43a7-a18b-390751046f7b/datanode-0/data/ratis/7686bec2-d230-49c1-ba4b-1fc4e3dc1381 has been successfully formatted.
2021-10-28 03:02:03,792 [13676ba2-e17b-4a8f-9926-6ead84168abe@group-390751046F7B-StateMachineUpdater] INFO  safemode.HealthyPipelineSafeModeRule (HealthyPipelineSafeModeRule.java:initializeRule(152)) - Refreshed total pipeline count is 0, healthy pipeline threshold count is 1
2021-10-28 03:02:03,818 [pool-478-thread-1] INFO  ratis.ContainerStateMachine (ContainerStateMachine.java:loadSnapshot(224)) - group-1FC4E3DC1381: The snapshot info is null. Setting the last applied indexto:(t:0, i:~)
2021-10-28 03:02:03,818 [pool-478-thread-1] INFO  server.RaftServerConfigKeys (ConfUtils.java:logGet(44)) - raft.server.notification.no-leader.timeout = 300s (custom)
2021-10-28 03:02:03,818 [pool-478-thread-1] INFO  server.RaftServerConfigKeys (ConfUtils.java:logGet(44)) - raft.server.log.use.memory = false (default)
2021-10-28 03:02:03,818 [pool-478-thread-1] INFO  server.RaftServerConfigKeys (ConfUtils.java:logGet(44)) - raft.server.log.purge.gap = 1000000 (custom)
2021-10-28 03:02:03,818 [pool-478-thread-1] INFO  server.RaftServerConfigKeys (ConfUtils.java:logGet(44)) - raft.server.log.appender.buffer.byte-limit = 33554432 (custom)
2021-10-28 03:02:03,820 [pool-478-thread-1] INFO  server.RaftServerConfigKeys (ConfUtils.java:logGet(44)) - raft.server.log.segment.size.max = 1048576 (custom)
2021-10-28 03:02:03,820 [pool-478-thread-1] INFO  server.RaftServerConfigKeys (ConfUtils.java:logGet(44)) - raft.server.log.segment.cache.num.max = 2 (custom)
2021-10-28 03:02:03,820 [pool-478-thread-1] INFO  server.RaftServerConfigKeys (ConfUtils.java:logGet(44)) - raft.server.log.segment.cache.size.max = 200MB (=209715200) (default)
2021-10-28 03:02:03,821 [pool-478-thread-1] INFO  segmented.SegmentedRaftLogWorker (SegmentedRaftLogWorker.java:<init>(182)) - new d262ff89-3d5e-4ab4-981f-dc8616a3cc4b@group-1FC4E3DC1381-SegmentedRaftLogWorker for RaftStorageImpl:Storage Directory /home/runner/work/ozone/ozone/hadoop-ozone/integration-test/target/test-dir/MiniOzoneClusterImpl-701359f1-d346-43a7-a18b-390751046f7b/datanode-0/data/ratis/7686bec2-d230-49c1-ba4b-1fc4e3dc1381
2021-10-28 03:02:03,821 [pool-478-thread-1] INFO  server.RaftServerConfigKeys (ConfUtils.java:logGet(44)) - raft.server.log.queue.byte-limit = 2147483647 (custom)
2021-10-28 03:02:03,821 [pool-478-thread-1] INFO  server.RaftServerConfigKeys (ConfUtils.java:logGet(44)) - raft.server.log.queue.element-limit = 1024 (custom)
2021-10-28 03:02:03,821 [pool-478-thread-1] INFO  server.RaftServerConfigKeys (ConfUtils.java:logGet(44)) - raft.server.log.segment.size.max = 1048576 (custom)
2021-10-28 03:02:03,821 [pool-478-thread-1] INFO  server.RaftServerConfigKeys (ConfUtils.java:logGet(44)) - raft.server.log.preallocated.size = 16384 (custom)
2021-10-28 03:02:03,821 [pool-478-thread-1] INFO  server.RaftServerConfigKeys (ConfUtils.java:logGet(44)) - raft.server.log.force.sync.num = 128 (default)
2021-10-28 03:02:03,821 [pool-478-thread-1] INFO  server.RaftServerConfigKeys (ConfUtils.java:logGet(44)) - raft.server.log.statemachine.data.sync = true (default)
2021-10-28 03:02:03,821 [pool-478-thread-1] INFO  server.RaftServerConfigKeys (ConfUtils.java:logGet(44)) - raft.server.log.statemachine.data.sync.timeout = 10s (default)
2021-10-28 03:02:03,821 [pool-478-thread-1] INFO  server.RaftServerConfigKeys (ConfUtils.java:logGet(44)) - raft.server.log.statemachine.data.sync.timeout.retry = -1 (default)
2021-10-28 03:02:03,822 [pool-478-thread-1] INFO  server.RaftServerConfigKeys (ConfUtils.java:logGet(44)) - raft.server.log.write.buffer.size = 1048576 (custom)
2021-10-28 03:02:03,824 [pool-478-thread-1] INFO  server.RaftServerConfigKeys (ConfUtils.java:logGet(44)) - raft.server.log.statemachine.data.caching.enabled = true (custom)
2021-10-28 03:02:03,825 [pool-478-thread-1] INFO  segmented.SegmentedRaftLogWorker (SegmentedRaftLogWorker.java:lambda$new$0(133)) - d262ff89-3d5e-4ab4-981f-dc8616a3cc4b@group-1FC4E3DC1381-SegmentedRaftLogWorker: flushIndex: setUnconditionally 0 -> -1
2021-10-28 03:02:03,825 [pool-478-thread-1] INFO  segmented.SegmentedRaftLogWorker (SegmentedRaftLogWorker.java:lambda$new$0(133)) - d262ff89-3d5e-4ab4-981f-dc8616a3cc4b@group-1FC4E3DC1381-SegmentedRaftLogWorker: safeCacheEvictIndex: setUnconditionally 0 -> -1
2021-10-28 03:02:03,825 [EventQueue-OpenPipelineForHealthyPipelineSafeModeRule] INFO  safemode.SCMSafeModeManager (HealthyPipelineSafeModeRule.java:process(124)) - SCM in safe mode. Healthy pipelines reported count is 0, required healthy pipeline reported count is 1
2021-10-28 03:02:03,825 [EventQueue-OpenPipelineForHealthyPipelineSafeModeRule] INFO  safemode.SCMSafeModeManager (HealthyPipelineSafeModeRule.java:process(124)) - SCM in safe mode. Healthy pipelines reported count is 0, required healthy pipeline reported count is 1
2021-10-28 03:02:03,827 [pool-478-thread-1] INFO  server.RaftServerConfigKeys (ConfUtils.java:logGet(44)) - raft.server.snapshot.auto.trigger.enabled = true (custom)
2021-10-28 03:02:03,827 [pool-478-thread-1] INFO  server.RaftServerConfigKeys (ConfUtils.java:logGet(44)) - raft.server.snapshot.auto.trigger.threshold = 10000 (custom)
2021-10-28 03:02:03,827 [pool-478-thread-1] INFO  server.RaftServerConfigKeys (ConfUtils.java:logGet(44)) - raft.server.snapshot.retention.file.num = 5 (custom)
2021-10-28 03:02:03,827 [pool-478-thread-1] INFO  server.RaftServerConfigKeys (ConfUtils.java:logGet(44)) - raft.server.log.purge.upto.snapshot.index = false (default)
2021-10-28 03:02:03,827 [pool-478-thread-1] INFO  server.RaftServerConfigKeys (ConfUtils.java:logGet(44)) - raft.server.retrycache.expirytime = 600000ms (custom)
2021-10-28 03:02:03,827 [pool-478-thread-1] INFO  server.RaftServerConfigKeys (ConfUtils.java:logGet(44)) - raft.server.retrycache.statistics.expirytime = 100μs (default)
2021-10-28 03:02:03,835 [pool-478-thread-1] INFO  server.RaftServer$Division (RaftServerImpl.java:start(301)) - d262ff89-3d5e-4ab4-981f-dc8616a3cc4b@group-1FC4E3DC1381: start as a follower, conf=-1: [7e7f778f-92a3-4c6a-870c-2544e6325884|rpc:127.0.0.1:39339|priority:1, d262ff89-3d5e-4ab4-981f-dc8616a3cc4b|rpc:127.0.0.1:35379|priority:0, 91f27009-ec66-4294-9321-b0739729fb6b|rpc:127.0.0.1:38297|priority:0], old=null
2021-10-28 03:02:03,836 [pool-478-thread-1] INFO  server.RaftServer$Division (RaftServerImpl.java:setRole(290)) - d262ff89-3d5e-4ab4-981f-dc8616a3cc4b@group-1FC4E3DC1381: changes role from      null to FOLLOWER at term 0 for startAsFollower
2021-10-28 03:02:03,838 [pool-478-thread-1] INFO  impl.RoleInfo (RoleInfo.java:updateAndGet(130)) - d262ff89-3d5e-4ab4-981f-dc8616a3cc4b: start d262ff89-3d5e-4ab4-981f-dc8616a3cc4b@group-1FC4E3DC1381-FollowerState
2021-10-28 03:02:03,846 [EventQueue-OpenPipelineForHealthyPipelineSafeModeRule] INFO  safemode.SCMSafeModeManager (HealthyPipelineSafeModeRule.java:process(124)) - SCM in safe mode. Healthy pipelines reported count is 0, required healthy pipeline reported count is 1
2021-10-28 03:02:03,851 [pool-478-thread-1] INFO  util.JmxRegister (JmxRegister.java:tryRegister(44)) - Successfully registered JMX Bean with object name Ratis:service=RaftServer,group=group-1FC4E3DC1381,id=d262ff89-3d5e-4ab4-981f-dc8616a3cc4b
2021-10-28 03:02:03,860 [Command processor thread] INFO  ratis.XceiverServerRatis (XceiverServerRatis.java:addGroup(768)) - Created group PipelineID=7686bec2-d230-49c1-ba4b-1fc4e3dc1381
2021-10-28 03:02:03,869 [grpc-default-executor-1] INFO  server.RaftServer (RaftServerProxy.java:addNew(95)) - 91f27009-ec66-4294-9321-b0739729fb6b: addNew group-1FC4E3DC1381:[7e7f778f-92a3-4c6a-870c-2544e6325884|rpc:127.0.0.1:39339|dataStream:|priority:1, d262ff89-3d5e-4ab4-981f-dc8616a3cc4b|rpc:127.0.0.1:35379|dataStream:|priority:0, 91f27009-ec66-4294-9321-b0739729fb6b|rpc:127.0.0.1:38297|dataStream:|priority:0] returns group-1FC4E3DC1381:java.util.concurrent.CompletableFuture@13b67764[Not completed]
2021-10-28 03:02:03,883 [EndpointStateMachine task thread for /127.0.0.1:12199 - 0 ] INFO  ipc.Client (Client.java:handleConnectionFailure(977)) - Retrying connect to server: localhost/127.0.0.1:12199. Already tried 14 time(s); retry policy is RetryUpToMaximumCountWithFixedSleep(maxRetries=15, sleepTime=1000 MILLISECONDS)
2021-10-28 03:02:03,883 [EndpointStateMachine task thread for /127.0.0.1:12199 - 0 ] WARN  statemachine.EndpointStateMachine (EndpointStateMachine.java:logIfNeeded(236)) - Unable to communicate to SCM server at localhost:12199 for past 0 seconds.
java.net.ConnectException: Call From fv-az184-410/10.1.0.63 to localhost:12199 failed on connection exception: java.net.ConnectException: Connection refused; For more details see:  http://wiki.apache.org/hadoop/ConnectionRefused
	at sun.reflect.GeneratedConstructorAccessor44.newInstance(Unknown Source)
	at sun.reflect.DelegatingConstructorAccessorImpl.newInstance(DelegatingConstructorAccessorImpl.java:45)
	at java.lang.reflect.Constructor.newInstance(Constructor.java:423)
	at org.apache.hadoop.net.NetUtils.wrapWithMessage(NetUtils.java:913)
	at org.apache.hadoop.net.NetUtils.wrapException(NetUtils.java:828)
	at org.apache.hadoop.ipc.Client.getRpcResponse(Client.java:1577)
	at org.apache.hadoop.ipc.Client.call(Client.java:1519)
	at org.apache.hadoop.ipc.Client.call(Client.java:1416)
	at org.apache.hadoop.ipc.ProtobufRpcEngine$Invoker.invoke(ProtobufRpcEngine.java:236)
	at org.apache.hadoop.ipc.ProtobufRpcEngine$Invoker.invoke(ProtobufRpcEngine.java:123)
	at com.sun.proxy.$Proxy48.submitRequest(Unknown Source)
	at org.apache.hadoop.ozone.protocolPB.StorageContainerDatanodeProtocolClientSideTranslatorPB.submitRequest(StorageContainerDatanodeProtocolClientSideTranslatorPB.java:117)
	at org.apache.hadoop.ozone.protocolPB.StorageContainerDatanodeProtocolClientSideTranslatorPB.sendHeartbeat(StorageContainerDatanodeProtocolClientSideTranslatorPB.java:149)
	at org.apache.hadoop.ozone.container.common.states.endpoint.HeartbeatEndpointTask.call(HeartbeatEndpointTask.java:179)
	at org.apache.hadoop.ozone.container.common.states.endpoint.HeartbeatEndpointTask.call(HeartbeatEndpointTask.java:82)
	at java.util.concurrent.FutureTask.run(FutureTask.java:266)
	at java.util.concurrent.ThreadPoolExecutor.runWorker(ThreadPoolExecutor.java:1149)
	at java.util.concurrent.ThreadPoolExecutor$Worker.run(ThreadPoolExecutor.java:624)
	at java.lang.Thread.run(Thread.java:748)
Caused by: java.net.ConnectException: Connection refused
	at sun.nio.ch.SocketChannelImpl.checkConnect(Native Method)
	at sun.nio.ch.SocketChannelImpl.finishConnect(SocketChannelImpl.java:716)
	at org.apache.hadoop.net.SocketIOWithTimeout.connect(SocketIOWithTimeout.java:206)
	at org.apache.hadoop.net.NetUtils.connect(NetUtils.java:586)
	at org.apache.hadoop.ipc.Client$Connection.setupConnection(Client.java:701)
	at org.apache.hadoop.ipc.Client$Connection.setupIOstreams(Client.java:822)
	at org.apache.hadoop.ipc.Client$Connection.access$3800(Client.java:414)
	at org.apache.hadoop.ipc.Client.getConnection(Client.java:1647)
	at org.apache.hadoop.ipc.Client.call(Client.java:1463)
	... 12 more
2021-10-28 03:02:03,886 [EndpointStateMachine task thread for /127.0.0.1:12189 - 0 ] INFO  ipc.Client (Client.java:handleConnectionFailure(977)) - Retrying connect to server: localhost/127.0.0.1:12189. Already tried 14 time(s); retry policy is RetryUpToMaximumCountWithFixedSleep(maxRetries=15, sleepTime=1000 MILLISECONDS)
2021-10-28 03:02:03,897 [pool-520-thread-1] INFO  server.RaftServer$Division (RaftServerImpl.java:<init>(184)) - 91f27009-ec66-4294-9321-b0739729fb6b: new RaftServerImpl for group-1FC4E3DC1381:[7e7f778f-92a3-4c6a-870c-2544e6325884|rpc:127.0.0.1:39339|dataStream:|priority:1, d262ff89-3d5e-4ab4-981f-dc8616a3cc4b|rpc:127.0.0.1:35379|dataStream:|priority:0, 91f27009-ec66-4294-9321-b0739729fb6b|rpc:127.0.0.1:38297|dataStream:|priority:0] with ContainerStateMachine:uninitialized
2021-10-28 03:02:03,897 [pool-520-thread-1] INFO  server.RaftServerConfigKeys (ConfUtils.java:logGet(44)) - raft.server.rpc.timeout.min = 5s (custom)
2021-10-28 03:02:03,898 [pool-520-thread-1] INFO  server.RaftServerConfigKeys (ConfUtils.java:logGet(44)) - raft.server.rpc.timeout.max = 5200ms (custom)
2021-10-28 03:02:03,898 [pool-520-thread-1] INFO  server.RaftServerConfigKeys (ConfUtils.java:logGet(44)) - raft.server.rpc.sleep.time = 25ms (default)
2021-10-28 03:02:03,898 [pool-520-thread-1] INFO  server.RaftServerConfigKeys (ConfUtils.java:logGet(44)) - raft.server.rpc.slowness.timeout = 300s (custom)
2021-10-28 03:02:03,898 [pool-520-thread-1] INFO  server.RaftServerConfigKeys (ConfUtils.java:logGet(44)) - raft.server.leaderelection.leader.step-down.wait-time = 10s (default)
2021-10-28 03:02:03,898 [pool-520-thread-1] INFO  server.RaftServerConfigKeys (ConfUtils.java:logGet(44)) - raft.server.sleep.deviation.threshold = 300ms (default)
2021-10-28 03:02:03,898 [pool-520-thread-1] INFO  server.RaftServerConfigKeys (ConfUtils.java:logGet(44)) - raft.server.log.appender.install.snapshot.enabled = false (custom)
2021-10-28 03:02:03,898 [pool-520-thread-1] INFO  server.RaftServer$Division (ServerState.java:<init>(105)) - 91f27009-ec66-4294-9321-b0739729fb6b@group-1FC4E3DC1381: ConfigurationManager, init=-1: [7e7f778f-92a3-4c6a-870c-2544e6325884|rpc:127.0.0.1:39339|dataStream:|priority:1, d262ff89-3d5e-4ab4-981f-dc8616a3cc4b|rpc:127.0.0.1:35379|dataStream:|priority:0, 91f27009-ec66-4294-9321-b0739729fb6b|rpc:127.0.0.1:38297|dataStream:|priority:0], old=null, confs=<EMPTY_MAP>
2021-10-28 03:02:03,898 [pool-520-thread-1] INFO  server.RaftServerConfigKeys (ConfUtils.java:logGet(44)) - raft.server.storage.dir = [/home/runner/work/ozone/ozone/hadoop-ozone/integration-test/target/test-dir/MiniOzoneClusterImpl-701359f1-d346-43a7-a18b-390751046f7b/datanode-2/data/ratis] (custom)
2021-10-28 03:02:03,898 [pool-520-thread-1] INFO  server.RaftServerConfigKeys (ConfUtils.java:logGet(44)) - raft.server.log.corruption.policy = EXCEPTION (default)
2021-10-28 03:02:03,898 [pool-520-thread-1] INFO  server.RaftServerConfigKeys (ConfUtils.java:logGet(44)) - raft.server.storage.free-space.min = 0MB (=0) (default)
2021-10-28 03:02:03,898 [pool-520-thread-1] INFO  storage.RaftStorageDirectory (RaftStorageDirectoryImpl.java:analyzeStorage(135)) - The storage directory /home/runner/work/ozone/ozone/hadoop-ozone/integration-test/target/test-dir/MiniOzoneClusterImpl-701359f1-d346-43a7-a18b-390751046f7b/datanode-2/data/ratis/7686bec2-d230-49c1-ba4b-1fc4e3dc1381 does not exist. Creating ...
2021-10-28 03:02:03,899 [pool-520-thread-1] INFO  storage.RaftStorageDirectory (RaftStorageDirectoryImpl.java:tryLock(230)) - Lock on /home/runner/work/ozone/ozone/hadoop-ozone/integration-test/target/test-dir/MiniOzoneClusterImpl-701359f1-d346-43a7-a18b-390751046f7b/datanode-2/data/ratis/7686bec2-d230-49c1-ba4b-1fc4e3dc1381/in_use.lock acquired by nodename 7917@fv-az184-410
2021-10-28 03:02:03,902 [pool-520-thread-1] INFO  storage.RaftStorage (RaftStorageImpl.java:format(89)) - Storage directory /home/runner/work/ozone/ozone/hadoop-ozone/integration-test/target/test-dir/MiniOzoneClusterImpl-701359f1-d346-43a7-a18b-390751046f7b/datanode-2/data/ratis/7686bec2-d230-49c1-ba4b-1fc4e3dc1381 has been successfully formatted.
2021-10-28 03:02:03,904 [pool-520-thread-1] INFO  ratis.ContainerStateMachine (ContainerStateMachine.java:loadSnapshot(224)) - group-1FC4E3DC1381: The snapshot info is null. Setting the last applied indexto:(t:0, i:~)
2021-10-28 03:02:03,905 [pool-520-thread-1] INFO  server.RaftServerConfigKeys (ConfUtils.java:logGet(44)) - raft.server.notification.no-leader.timeout = 300s (custom)
2021-10-28 03:02:03,905 [pool-520-thread-1] INFO  server.RaftServerConfigKeys (ConfUtils.java:logGet(44)) - raft.server.log.use.memory = false (default)
2021-10-28 03:02:03,905 [pool-520-thread-1] INFO  server.RaftServerConfigKeys (ConfUtils.java:logGet(44)) - raft.server.log.purge.gap = 1000000 (custom)
2021-10-28 03:02:03,905 [pool-520-thread-1] INFO  server.RaftServerConfigKeys (ConfUtils.java:logGet(44)) - raft.server.log.appender.buffer.byte-limit = 33554432 (custom)
2021-10-28 03:02:03,905 [pool-520-thread-1] INFO  server.RaftServerConfigKeys (ConfUtils.java:logGet(44)) - raft.server.log.segment.size.max = 1048576 (custom)
2021-10-28 03:02:03,905 [pool-520-thread-1] INFO  server.RaftServerConfigKeys (ConfUtils.java:logGet(44)) - raft.server.log.segment.cache.num.max = 2 (custom)
2021-10-28 03:02:03,905 [pool-520-thread-1] INFO  server.RaftServerConfigKeys (ConfUtils.java:logGet(44)) - raft.server.log.segment.cache.size.max = 200MB (=209715200) (default)
2021-10-28 03:02:03,905 [pool-520-thread-1] INFO  segmented.SegmentedRaftLogWorker (SegmentedRaftLogWorker.java:<init>(182)) - new 91f27009-ec66-4294-9321-b0739729fb6b@group-1FC4E3DC1381-SegmentedRaftLogWorker for RaftStorageImpl:Storage Directory /home/runner/work/ozone/ozone/hadoop-ozone/integration-test/target/test-dir/MiniOzoneClusterImpl-701359f1-d346-43a7-a18b-390751046f7b/datanode-2/data/ratis/7686bec2-d230-49c1-ba4b-1fc4e3dc1381
2021-10-28 03:02:03,905 [pool-520-thread-1] INFO  server.RaftServerConfigKeys (ConfUtils.java:logGet(44)) - raft.server.log.queue.byte-limit = 2147483647 (custom)
2021-10-28 03:02:03,905 [pool-520-thread-1] INFO  server.RaftServerConfigKeys (ConfUtils.java:logGet(44)) - raft.server.log.queue.element-limit = 1024 (custom)
2021-10-28 03:02:03,905 [pool-520-thread-1] INFO  server.RaftServerConfigKeys (ConfUtils.java:logGet(44)) - raft.server.log.segment.size.max = 1048576 (custom)
2021-10-28 03:02:03,906 [pool-520-thread-1] INFO  server.RaftServerConfigKeys (ConfUtils.java:logGet(44)) - raft.server.log.preallocated.size = 16384 (custom)
2021-10-28 03:02:03,906 [pool-520-thread-1] INFO  server.RaftServerConfigKeys (ConfUtils.java:logGet(44)) - raft.server.log.force.sync.num = 128 (default)
2021-10-28 03:02:03,906 [pool-520-thread-1] INFO  server.RaftServerConfigKeys (ConfUtils.java:logGet(44)) - raft.server.log.statemachine.data.sync = true (default)
2021-10-28 03:02:03,906 [pool-520-thread-1] INFO  server.RaftServerConfigKeys (ConfUtils.java:logGet(44)) - raft.server.log.statemachine.data.sync.timeout = 10s (default)
2021-10-28 03:02:03,906 [pool-520-thread-1] INFO  server.RaftServerConfigKeys (ConfUtils.java:logGet(44)) - raft.server.log.statemachine.data.sync.timeout.retry = -1 (default)
2021-10-28 03:02:03,907 [pool-520-thread-1] INFO  server.RaftServerConfigKeys (ConfUtils.java:logGet(44)) - raft.server.log.write.buffer.size = 1048576 (custom)
2021-10-28 03:02:03,910 [pool-520-thread-1] INFO  server.RaftServerConfigKeys (ConfUtils.java:logGet(44)) - raft.server.log.statemachine.data.caching.enabled = true (custom)
2021-10-28 03:02:03,910 [pool-520-thread-1] INFO  segmented.SegmentedRaftLogWorker (SegmentedRaftLogWorker.java:lambda$new$0(133)) - 91f27009-ec66-4294-9321-b0739729fb6b@group-1FC4E3DC1381-SegmentedRaftLogWorker: flushIndex: setUnconditionally 0 -> -1
2021-10-28 03:02:03,910 [pool-520-thread-1] INFO  segmented.SegmentedRaftLogWorker (SegmentedRaftLogWorker.java:lambda$new$0(133)) - 91f27009-ec66-4294-9321-b0739729fb6b@group-1FC4E3DC1381-SegmentedRaftLogWorker: safeCacheEvictIndex: setUnconditionally 0 -> -1
2021-10-28 03:02:03,928 [pool-520-thread-1] INFO  server.RaftServerConfigKeys (ConfUtils.java:logGet(44)) - raft.server.snapshot.auto.trigger.enabled = true (custom)
2021-10-28 03:02:03,928 [pool-520-thread-1] INFO  server.RaftServerConfigKeys (ConfUtils.java:logGet(44)) - raft.server.snapshot.auto.trigger.threshold = 10000 (custom)
2021-10-28 03:02:03,928 [pool-520-thread-1] INFO  server.RaftServerConfigKeys (ConfUtils.java:logGet(44)) - raft.server.snapshot.retention.file.num = 5 (custom)
2021-10-28 03:02:03,928 [pool-520-thread-1] INFO  server.RaftServerConfigKeys (ConfUtils.java:logGet(44)) - raft.server.log.purge.upto.snapshot.index = false (default)
2021-10-28 03:02:03,928 [pool-520-thread-1] INFO  server.RaftServerConfigKeys (ConfUtils.java:logGet(44)) - raft.server.retrycache.expirytime = 600000ms (custom)
2021-10-28 03:02:03,928 [pool-520-thread-1] INFO  server.RaftServerConfigKeys (ConfUtils.java:logGet(44)) - raft.server.retrycache.statistics.expirytime = 100μs (default)
2021-10-28 03:02:03,929 [pool-520-thread-1] INFO  server.RaftServer$Division (RaftServerImpl.java:start(301)) - 91f27009-ec66-4294-9321-b0739729fb6b@group-1FC4E3DC1381: start as a follower, conf=-1: [7e7f778f-92a3-4c6a-870c-2544e6325884|rpc:127.0.0.1:39339|dataStream:|priority:1, d262ff89-3d5e-4ab4-981f-dc8616a3cc4b|rpc:127.0.0.1:35379|dataStream:|priority:0, 91f27009-ec66-4294-9321-b0739729fb6b|rpc:127.0.0.1:38297|dataStream:|priority:0], old=null
2021-10-28 03:02:03,929 [pool-520-thread-1] INFO  server.RaftServer$Division (RaftServerImpl.java:setRole(290)) - 91f27009-ec66-4294-9321-b0739729fb6b@group-1FC4E3DC1381: changes role from      null to FOLLOWER at term 0 for startAsFollower
2021-10-28 03:02:03,929 [pool-520-thread-1] INFO  impl.RoleInfo (RoleInfo.java:updateAndGet(130)) - 91f27009-ec66-4294-9321-b0739729fb6b: start 91f27009-ec66-4294-9321-b0739729fb6b@group-1FC4E3DC1381-FollowerState
2021-10-28 03:02:03,943 [pool-520-thread-1] INFO  util.JmxRegister (JmxRegister.java:tryRegister(44)) - Successfully registered JMX Bean with object name Ratis:service=RaftServer,group=group-1FC4E3DC1381,id=91f27009-ec66-4294-9321-b0739729fb6b
2021-10-28 03:02:03,990 [grpc-default-executor-1] INFO  server.RaftServer (RaftServerProxy.java:addNew(95)) - 7e7f778f-92a3-4c6a-870c-2544e6325884: addNew group-1FC4E3DC1381:[7e7f778f-92a3-4c6a-870c-2544e6325884|rpc:127.0.0.1:39339|dataStream:|priority:1, d262ff89-3d5e-4ab4-981f-dc8616a3cc4b|rpc:127.0.0.1:35379|dataStream:|priority:0, 91f27009-ec66-4294-9321-b0739729fb6b|rpc:127.0.0.1:38297|dataStream:|priority:0] returns group-1FC4E3DC1381:java.util.concurrent.CompletableFuture@1923e4ea[Not completed]
2021-10-28 03:02:04,027 [pool-499-thread-1] INFO  server.RaftServer$Division (RaftServerImpl.java:<init>(184)) - 7e7f778f-92a3-4c6a-870c-2544e6325884: new RaftServerImpl for group-1FC4E3DC1381:[7e7f778f-92a3-4c6a-870c-2544e6325884|rpc:127.0.0.1:39339|dataStream:|priority:1, d262ff89-3d5e-4ab4-981f-dc8616a3cc4b|rpc:127.0.0.1:35379|dataStream:|priority:0, 91f27009-ec66-4294-9321-b0739729fb6b|rpc:127.0.0.1:38297|dataStream:|priority:0] with ContainerStateMachine:uninitialized
2021-10-28 03:02:04,027 [pool-499-thread-1] INFO  server.RaftServerConfigKeys (ConfUtils.java:logGet(44)) - raft.server.rpc.timeout.min = 5s (custom)
2021-10-28 03:02:04,027 [pool-499-thread-1] INFO  server.RaftServerConfigKeys (ConfUtils.java:logGet(44)) - raft.server.rpc.timeout.max = 5200ms (custom)
2021-10-28 03:02:04,027 [pool-499-thread-1] INFO  server.RaftServerConfigKeys (ConfUtils.java:logGet(44)) - raft.server.rpc.sleep.time = 25ms (default)
2021-10-28 03:02:04,027 [pool-499-thread-1] INFO  server.RaftServerConfigKeys (ConfUtils.java:logGet(44)) - raft.server.rpc.slowness.timeout = 300s (custom)
2021-10-28 03:02:04,027 [pool-499-thread-1] INFO  server.RaftServerConfigKeys (ConfUtils.java:logGet(44)) - raft.server.leaderelection.leader.step-down.wait-time = 10s (default)
2021-10-28 03:02:04,027 [pool-499-thread-1] INFO  server.RaftServerConfigKeys (ConfUtils.java:logGet(44)) - raft.server.sleep.deviation.threshold = 300ms (default)
2021-10-28 03:02:04,027 [pool-499-thread-1] INFO  server.RaftServerConfigKeys (ConfUtils.java:logGet(44)) - raft.server.log.appender.install.snapshot.enabled = false (custom)
2021-10-28 03:02:04,027 [pool-499-thread-1] INFO  server.RaftServer$Division (ServerState.java:<init>(105)) - 7e7f778f-92a3-4c6a-870c-2544e6325884@group-1FC4E3DC1381: ConfigurationManager, init=-1: [7e7f778f-92a3-4c6a-870c-2544e6325884|rpc:127.0.0.1:39339|dataStream:|priority:1, d262ff89-3d5e-4ab4-981f-dc8616a3cc4b|rpc:127.0.0.1:35379|dataStream:|priority:0, 91f27009-ec66-4294-9321-b0739729fb6b|rpc:127.0.0.1:38297|dataStream:|priority:0], old=null, confs=<EMPTY_MAP>
2021-10-28 03:02:04,027 [pool-499-thread-1] INFO  server.RaftServerConfigKeys (ConfUtils.java:logGet(44)) - raft.server.storage.dir = [/home/runner/work/ozone/ozone/hadoop-ozone/integration-test/target/test-dir/MiniOzoneClusterImpl-701359f1-d346-43a7-a18b-390751046f7b/datanode-1/data/ratis] (custom)
2021-10-28 03:02:04,027 [pool-499-thread-1] INFO  server.RaftServerConfigKeys (ConfUtils.java:logGet(44)) - raft.server.log.corruption.policy = EXCEPTION (default)
2021-10-28 03:02:04,027 [pool-499-thread-1] INFO  server.RaftServerConfigKeys (ConfUtils.java:logGet(44)) - raft.server.storage.free-space.min = 0MB (=0) (default)
2021-10-28 03:02:04,028 [pool-499-thread-1] INFO  storage.RaftStorageDirectory (RaftStorageDirectoryImpl.java:analyzeStorage(135)) - The storage directory /home/runner/work/ozone/ozone/hadoop-ozone/integration-test/target/test-dir/MiniOzoneClusterImpl-701359f1-d346-43a7-a18b-390751046f7b/datanode-1/data/ratis/7686bec2-d230-49c1-ba4b-1fc4e3dc1381 does not exist. Creating ...
2021-10-28 03:02:04,032 [pool-499-thread-1] INFO  storage.RaftStorageDirectory (RaftStorageDirectoryImpl.java:tryLock(230)) - Lock on /home/runner/work/ozone/ozone/hadoop-ozone/integration-test/target/test-dir/MiniOzoneClusterImpl-701359f1-d346-43a7-a18b-390751046f7b/datanode-1/data/ratis/7686bec2-d230-49c1-ba4b-1fc4e3dc1381/in_use.lock acquired by nodename 7917@fv-az184-410
2021-10-28 03:02:04,045 [pool-499-thread-1] INFO  storage.RaftStorage (RaftStorageImpl.java:format(89)) - Storage directory /home/runner/work/ozone/ozone/hadoop-ozone/integration-test/target/test-dir/MiniOzoneClusterImpl-701359f1-d346-43a7-a18b-390751046f7b/datanode-1/data/ratis/7686bec2-d230-49c1-ba4b-1fc4e3dc1381 has been successfully formatted.
2021-10-28 03:02:04,045 [pool-499-thread-1] INFO  ratis.ContainerStateMachine (ContainerStateMachine.java:loadSnapshot(224)) - group-1FC4E3DC1381: The snapshot info is null. Setting the last applied indexto:(t:0, i:~)
2021-10-28 03:02:04,045 [pool-499-thread-1] INFO  server.RaftServerConfigKeys (ConfUtils.java:logGet(44)) - raft.server.notification.no-leader.timeout = 300s (custom)
2021-10-28 03:02:04,046 [pool-499-thread-1] INFO  server.RaftServerConfigKeys (ConfUtils.java:logGet(44)) - raft.server.log.use.memory = false (default)
2021-10-28 03:02:04,046 [pool-499-thread-1] INFO  server.RaftServerConfigKeys (ConfUtils.java:logGet(44)) - raft.server.log.purge.gap = 1000000 (custom)
2021-10-28 03:02:04,046 [pool-499-thread-1] INFO  server.RaftServerConfigKeys (ConfUtils.java:logGet(44)) - raft.server.log.appender.buffer.byte-limit = 33554432 (custom)
2021-10-28 03:02:04,046 [pool-499-thread-1] INFO  server.RaftServerConfigKeys (ConfUtils.java:logGet(44)) - raft.server.log.segment.size.max = 1048576 (custom)
2021-10-28 03:02:04,046 [pool-499-thread-1] INFO  server.RaftServerConfigKeys (ConfUtils.java:logGet(44)) - raft.server.log.segment.cache.num.max = 2 (custom)
2021-10-28 03:02:04,046 [pool-499-thread-1] INFO  server.RaftServerConfigKeys (ConfUtils.java:logGet(44)) - raft.server.log.segment.cache.size.max = 200MB (=209715200) (default)
2021-10-28 03:02:04,046 [pool-499-thread-1] INFO  segmented.SegmentedRaftLogWorker (SegmentedRaftLogWorker.java:<init>(182)) - new 7e7f778f-92a3-4c6a-870c-2544e6325884@group-1FC4E3DC1381-SegmentedRaftLogWorker for RaftStorageImpl:Storage Directory /home/runner/work/ozone/ozone/hadoop-ozone/integration-test/target/test-dir/MiniOzoneClusterImpl-701359f1-d346-43a7-a18b-390751046f7b/datanode-1/data/ratis/7686bec2-d230-49c1-ba4b-1fc4e3dc1381
2021-10-28 03:02:04,046 [pool-499-thread-1] INFO  server.RaftServerConfigKeys (ConfUtils.java:logGet(44)) - raft.server.log.queue.byte-limit = 2147483647 (custom)
2021-10-28 03:02:04,046 [pool-499-thread-1] INFO  server.RaftServerConfigKeys (ConfUtils.java:logGet(44)) - raft.server.log.queue.element-limit = 1024 (custom)
2021-10-28 03:02:04,046 [pool-499-thread-1] INFO  server.RaftServerConfigKeys (ConfUtils.java:logGet(44)) - raft.server.log.segment.size.max = 1048576 (custom)
2021-10-28 03:02:04,047 [pool-499-thread-1] INFO  server.RaftServerConfigKeys (ConfUtils.java:logGet(44)) - raft.server.log.preallocated.size = 16384 (custom)
2021-10-28 03:02:04,047 [pool-499-thread-1] INFO  server.RaftServerConfigKeys (ConfUtils.java:logGet(44)) - raft.server.log.force.sync.num = 128 (default)
2021-10-28 03:02:04,047 [pool-499-thread-1] INFO  server.RaftServerConfigKeys (ConfUtils.java:logGet(44)) - raft.server.log.statemachine.data.sync = true (default)
2021-10-28 03:02:04,047 [pool-499-thread-1] INFO  server.RaftServerConfigKeys (ConfUtils.java:logGet(44)) - raft.server.log.statemachine.data.sync.timeout = 10s (default)
2021-10-28 03:02:04,047 [pool-499-thread-1] INFO  server.RaftServerConfigKeys (ConfUtils.java:logGet(44)) - raft.server.log.statemachine.data.sync.timeout.retry = -1 (default)
2021-10-28 03:02:04,056 [pool-499-thread-1] INFO  server.RaftServerConfigKeys (ConfUtils.java:logGet(44)) - raft.server.log.write.buffer.size = 1048576 (custom)
2021-10-28 03:02:04,067 [pool-499-thread-1] INFO  server.RaftServerConfigKeys (ConfUtils.java:logGet(44)) - raft.server.log.statemachine.data.caching.enabled = true (custom)
2021-10-28 03:02:04,067 [pool-499-thread-1] INFO  segmented.SegmentedRaftLogWorker (SegmentedRaftLogWorker.java:lambda$new$0(133)) - 7e7f778f-92a3-4c6a-870c-2544e6325884@group-1FC4E3DC1381-SegmentedRaftLogWorker: flushIndex: setUnconditionally 0 -> -1
2021-10-28 03:02:04,067 [pool-499-thread-1] INFO  segmented.SegmentedRaftLogWorker (SegmentedRaftLogWorker.java:lambda$new$0(133)) - 7e7f778f-92a3-4c6a-870c-2544e6325884@group-1FC4E3DC1381-SegmentedRaftLogWorker: safeCacheEvictIndex: setUnconditionally 0 -> -1
2021-10-28 03:02:04,083 [pool-499-thread-1] INFO  server.RaftServerConfigKeys (ConfUtils.java:logGet(44)) - raft.server.snapshot.auto.trigger.enabled = true (custom)
2021-10-28 03:02:04,083 [pool-499-thread-1] INFO  server.RaftServerConfigKeys (ConfUtils.java:logGet(44)) - raft.server.snapshot.auto.trigger.threshold = 10000 (custom)
2021-10-28 03:02:04,083 [pool-499-thread-1] INFO  server.RaftServerConfigKeys (ConfUtils.java:logGet(44)) - raft.server.snapshot.retention.file.num = 5 (custom)
2021-10-28 03:02:04,083 [pool-499-thread-1] INFO  server.RaftServerConfigKeys (ConfUtils.java:logGet(44)) - raft.server.log.purge.upto.snapshot.index = false (default)
2021-10-28 03:02:04,083 [pool-499-thread-1] INFO  server.RaftServerConfigKeys (ConfUtils.java:logGet(44)) - raft.server.retrycache.expirytime = 600000ms (custom)
2021-10-28 03:02:04,083 [pool-499-thread-1] INFO  server.RaftServerConfigKeys (ConfUtils.java:logGet(44)) - raft.server.retrycache.statistics.expirytime = 100μs (default)
2021-10-28 03:02:04,084 [pool-499-thread-1] INFO  server.RaftServer$Division (RaftServerImpl.java:start(301)) - 7e7f778f-92a3-4c6a-870c-2544e6325884@group-1FC4E3DC1381: start as a follower, conf=-1: [7e7f778f-92a3-4c6a-870c-2544e6325884|rpc:127.0.0.1:39339|dataStream:|priority:1, d262ff89-3d5e-4ab4-981f-dc8616a3cc4b|rpc:127.0.0.1:35379|dataStream:|priority:0, 91f27009-ec66-4294-9321-b0739729fb6b|rpc:127.0.0.1:38297|dataStream:|priority:0], old=null
2021-10-28 03:02:04,084 [pool-499-thread-1] INFO  server.RaftServer$Division (RaftServerImpl.java:setRole(290)) - 7e7f778f-92a3-4c6a-870c-2544e6325884@group-1FC4E3DC1381: changes role from      null to FOLLOWER at term 0 for startAsFollower
2021-10-28 03:02:04,084 [pool-499-thread-1] INFO  impl.RoleInfo (RoleInfo.java:updateAndGet(130)) - 7e7f778f-92a3-4c6a-870c-2544e6325884: start 7e7f778f-92a3-4c6a-870c-2544e6325884@group-1FC4E3DC1381-FollowerState
2021-10-28 03:02:04,084 [pool-499-thread-1] INFO  util.JmxRegister (JmxRegister.java:tryRegister(44)) - Successfully registered JMX Bean with object name Ratis:service=RaftServer,group=group-1FC4E3DC1381,id=7e7f778f-92a3-4c6a-870c-2544e6325884
2021-10-28 03:02:04,088 [Command processor thread] INFO  server.RaftServer (RaftServerProxy.java:addNew(95)) - 7e7f778f-92a3-4c6a-870c-2544e6325884: addNew group-A37BCEEDED0F:[7e7f778f-92a3-4c6a-870c-2544e6325884|rpc:127.0.0.1:39339|priority:0, d262ff89-3d5e-4ab4-981f-dc8616a3cc4b|rpc:127.0.0.1:35379|priority:0, 91f27009-ec66-4294-9321-b0739729fb6b|rpc:127.0.0.1:38297|priority:1] returns group-A37BCEEDED0F:java.util.concurrent.CompletableFuture@2b1c0485[Not completed]
2021-10-28 03:02:04,098 [pool-499-thread-1] INFO  server.RaftServer$Division (RaftServerImpl.java:<init>(184)) - 7e7f778f-92a3-4c6a-870c-2544e6325884: new RaftServerImpl for group-A37BCEEDED0F:[7e7f778f-92a3-4c6a-870c-2544e6325884|rpc:127.0.0.1:39339|priority:0, d262ff89-3d5e-4ab4-981f-dc8616a3cc4b|rpc:127.0.0.1:35379|priority:0, 91f27009-ec66-4294-9321-b0739729fb6b|rpc:127.0.0.1:38297|priority:1] with ContainerStateMachine:uninitialized
2021-10-28 03:02:04,098 [pool-499-thread-1] INFO  server.RaftServerConfigKeys (ConfUtils.java:logGet(44)) - raft.server.rpc.timeout.min = 5s (custom)
2021-10-28 03:02:04,098 [pool-499-thread-1] INFO  server.RaftServerConfigKeys (ConfUtils.java:logGet(44)) - raft.server.rpc.timeout.max = 5200ms (custom)
2021-10-28 03:02:04,098 [pool-499-thread-1] INFO  server.RaftServerConfigKeys (ConfUtils.java:logGet(44)) - raft.server.rpc.sleep.time = 25ms (default)
2021-10-28 03:02:04,098 [pool-499-thread-1] INFO  server.RaftServerConfigKeys (ConfUtils.java:logGet(44)) - raft.server.rpc.slowness.timeout = 300s (custom)
2021-10-28 03:02:04,098 [pool-499-thread-1] INFO  server.RaftServerConfigKeys (ConfUtils.java:logGet(44)) - raft.server.leaderelection.leader.step-down.wait-time = 10s (default)
2021-10-28 03:02:04,098 [pool-499-thread-1] INFO  server.RaftServerConfigKeys (ConfUtils.java:logGet(44)) - raft.server.sleep.deviation.threshold = 300ms (default)
2021-10-28 03:02:04,098 [pool-499-thread-1] INFO  server.RaftServerConfigKeys (ConfUtils.java:logGet(44)) - raft.server.log.appender.install.snapshot.enabled = false (custom)
2021-10-28 03:02:04,098 [pool-499-thread-1] INFO  server.RaftServer$Division (ServerState.java:<init>(105)) - 7e7f778f-92a3-4c6a-870c-2544e6325884@group-A37BCEEDED0F: ConfigurationManager, init=-1: [7e7f778f-92a3-4c6a-870c-2544e6325884|rpc:127.0.0.1:39339|priority:0, d262ff89-3d5e-4ab4-981f-dc8616a3cc4b|rpc:127.0.0.1:35379|priority:0, 91f27009-ec66-4294-9321-b0739729fb6b|rpc:127.0.0.1:38297|priority:1], old=null, confs=<EMPTY_MAP>
2021-10-28 03:02:04,098 [pool-499-thread-1] INFO  server.RaftServerConfigKeys (ConfUtils.java:logGet(44)) - raft.server.storage.dir = [/home/runner/work/ozone/ozone/hadoop-ozone/integration-test/target/test-dir/MiniOzoneClusterImpl-701359f1-d346-43a7-a18b-390751046f7b/datanode-1/data/ratis] (custom)
2021-10-28 03:02:04,098 [pool-499-thread-1] INFO  server.RaftServerConfigKeys (ConfUtils.java:logGet(44)) - raft.server.log.corruption.policy = EXCEPTION (default)
2021-10-28 03:02:04,098 [pool-499-thread-1] INFO  server.RaftServerConfigKeys (ConfUtils.java:logGet(44)) - raft.server.storage.free-space.min = 0MB (=0) (default)
2021-10-28 03:02:04,098 [pool-499-thread-1] INFO  storage.RaftStorageDirectory (RaftStorageDirectoryImpl.java:analyzeStorage(135)) - The storage directory /home/runner/work/ozone/ozone/hadoop-ozone/integration-test/target/test-dir/MiniOzoneClusterImpl-701359f1-d346-43a7-a18b-390751046f7b/datanode-1/data/ratis/84d7f2bd-39d5-42c1-b154-a37bceeded0f does not exist. Creating ...
2021-10-28 03:02:04,100 [pool-499-thread-1] INFO  storage.RaftStorageDirectory (RaftStorageDirectoryImpl.java:tryLock(230)) - Lock on /home/runner/work/ozone/ozone/hadoop-ozone/integration-test/target/test-dir/MiniOzoneClusterImpl-701359f1-d346-43a7-a18b-390751046f7b/datanode-1/data/ratis/84d7f2bd-39d5-42c1-b154-a37bceeded0f/in_use.lock acquired by nodename 7917@fv-az184-410
2021-10-28 03:02:04,101 [pool-499-thread-1] INFO  storage.RaftStorage (RaftStorageImpl.java:format(89)) - Storage directory /home/runner/work/ozone/ozone/hadoop-ozone/integration-test/target/test-dir/MiniOzoneClusterImpl-701359f1-d346-43a7-a18b-390751046f7b/datanode-1/data/ratis/84d7f2bd-39d5-42c1-b154-a37bceeded0f has been successfully formatted.
2021-10-28 03:02:04,102 [pool-499-thread-1] INFO  ratis.ContainerStateMachine (ContainerStateMachine.java:loadSnapshot(224)) - group-A37BCEEDED0F: The snapshot info is null. Setting the last applied indexto:(t:0, i:~)
2021-10-28 03:02:04,102 [pool-499-thread-1] INFO  server.RaftServerConfigKeys (ConfUtils.java:logGet(44)) - raft.server.notification.no-leader.timeout = 300s (custom)
2021-10-28 03:02:04,102 [pool-499-thread-1] INFO  server.RaftServerConfigKeys (ConfUtils.java:logGet(44)) - raft.server.log.use.memory = false (default)
2021-10-28 03:02:04,102 [pool-499-thread-1] INFO  server.RaftServerConfigKeys (ConfUtils.java:logGet(44)) - raft.server.log.purge.gap = 1000000 (custom)
2021-10-28 03:02:04,102 [pool-499-thread-1] INFO  server.RaftServerConfigKeys (ConfUtils.java:logGet(44)) - raft.server.log.appender.buffer.byte-limit = 33554432 (custom)
2021-10-28 03:02:04,103 [pool-499-thread-1] INFO  server.RaftServerConfigKeys (ConfUtils.java:logGet(44)) - raft.server.log.segment.size.max = 1048576 (custom)
2021-10-28 03:02:04,104 [pool-499-thread-1] INFO  server.RaftServerConfigKeys (ConfUtils.java:logGet(44)) - raft.server.log.segment.cache.num.max = 2 (custom)
2021-10-28 03:02:04,104 [pool-499-thread-1] INFO  server.RaftServerConfigKeys (ConfUtils.java:logGet(44)) - raft.server.log.segment.cache.size.max = 200MB (=209715200) (default)
2021-10-28 03:02:04,104 [pool-499-thread-1] INFO  segmented.SegmentedRaftLogWorker (SegmentedRaftLogWorker.java:<init>(182)) - new 7e7f778f-92a3-4c6a-870c-2544e6325884@group-A37BCEEDED0F-SegmentedRaftLogWorker for RaftStorageImpl:Storage Directory /home/runner/work/ozone/ozone/hadoop-ozone/integration-test/target/test-dir/MiniOzoneClusterImpl-701359f1-d346-43a7-a18b-390751046f7b/datanode-1/data/ratis/84d7f2bd-39d5-42c1-b154-a37bceeded0f
2021-10-28 03:02:04,104 [pool-499-thread-1] INFO  server.RaftServerConfigKeys (ConfUtils.java:logGet(44)) - raft.server.log.queue.byte-limit = 2147483647 (custom)
2021-10-28 03:02:04,104 [pool-499-thread-1] INFO  server.RaftServerConfigKeys (ConfUtils.java:logGet(44)) - raft.server.log.queue.element-limit = 1024 (custom)
2021-10-28 03:02:04,104 [pool-499-thread-1] INFO  server.RaftServerConfigKeys (ConfUtils.java:logGet(44)) - raft.server.log.segment.size.max = 1048576 (custom)
2021-10-28 03:02:04,104 [pool-499-thread-1] INFO  server.RaftServerConfigKeys (ConfUtils.java:logGet(44)) - raft.server.log.preallocated.size = 16384 (custom)
2021-10-28 03:02:04,104 [pool-499-thread-1] INFO  server.RaftServerConfigKeys (ConfUtils.java:logGet(44)) - raft.server.log.force.sync.num = 128 (default)
2021-10-28 03:02:04,104 [pool-499-thread-1] INFO  server.RaftServerConfigKeys (ConfUtils.java:logGet(44)) - raft.server.log.statemachine.data.sync = true (default)
2021-10-28 03:02:04,104 [pool-499-thread-1] INFO  server.RaftServerConfigKeys (ConfUtils.java:logGet(44)) - raft.server.log.statemachine.data.sync.timeout = 10s (default)
2021-10-28 03:02:04,104 [pool-499-thread-1] INFO  server.RaftServerConfigKeys (ConfUtils.java:logGet(44)) - raft.server.log.statemachine.data.sync.timeout.retry = -1 (default)
2021-10-28 03:02:04,105 [pool-499-thread-1] INFO  server.RaftServerConfigKeys (ConfUtils.java:logGet(44)) - raft.server.log.write.buffer.size = 1048576 (custom)
2021-10-28 03:02:04,105 [pool-499-thread-1] INFO  server.RaftServerConfigKeys (ConfUtils.java:logGet(44)) - raft.server.log.statemachine.data.caching.enabled = true (custom)
2021-10-28 03:02:04,105 [pool-499-thread-1] INFO  segmented.SegmentedRaftLogWorker (SegmentedRaftLogWorker.java:lambda$new$0(133)) - 7e7f778f-92a3-4c6a-870c-2544e6325884@group-A37BCEEDED0F-SegmentedRaftLogWorker: flushIndex: setUnconditionally 0 -> -1
2021-10-28 03:02:04,106 [pool-499-thread-1] INFO  segmented.SegmentedRaftLogWorker (SegmentedRaftLogWorker.java:lambda$new$0(133)) - 7e7f778f-92a3-4c6a-870c-2544e6325884@group-A37BCEEDED0F-SegmentedRaftLogWorker: safeCacheEvictIndex: setUnconditionally 0 -> -1
2021-10-28 03:02:04,120 [Command processor thread] INFO  commandhandler.CreatePipelineCommandHandler (CreatePipelineCommandHandler.java:handle(106)) - Created Pipeline RATIS THREE PipelineID=7686bec2-d230-49c1-ba4b-1fc4e3dc1381.
2021-10-28 03:02:04,120 [Command processor thread] INFO  server.RaftServer (RaftServerProxy.java:addNew(95)) - d262ff89-3d5e-4ab4-981f-dc8616a3cc4b: addNew group-A37BCEEDED0F:[7e7f778f-92a3-4c6a-870c-2544e6325884|rpc:127.0.0.1:39339|priority:0, d262ff89-3d5e-4ab4-981f-dc8616a3cc4b|rpc:127.0.0.1:35379|priority:0, 91f27009-ec66-4294-9321-b0739729fb6b|rpc:127.0.0.1:38297|priority:1] returns group-A37BCEEDED0F:java.util.concurrent.CompletableFuture@ee4fd62[Not completed]
2021-10-28 03:02:04,125 [pool-478-thread-1] INFO  server.RaftServer$Division (RaftServerImpl.java:<init>(184)) - d262ff89-3d5e-4ab4-981f-dc8616a3cc4b: new RaftServerImpl for group-A37BCEEDED0F:[7e7f778f-92a3-4c6a-870c-2544e6325884|rpc:127.0.0.1:39339|priority:0, d262ff89-3d5e-4ab4-981f-dc8616a3cc4b|rpc:127.0.0.1:35379|priority:0, 91f27009-ec66-4294-9321-b0739729fb6b|rpc:127.0.0.1:38297|priority:1] with ContainerStateMachine:uninitialized
2021-10-28 03:02:04,125 [pool-478-thread-1] INFO  server.RaftServerConfigKeys (ConfUtils.java:logGet(44)) - raft.server.rpc.timeout.min = 5s (custom)
2021-10-28 03:02:04,125 [pool-478-thread-1] INFO  server.RaftServerConfigKeys (ConfUtils.java:logGet(44)) - raft.server.rpc.timeout.max = 5200ms (custom)
2021-10-28 03:02:04,125 [pool-478-thread-1] INFO  server.RaftServerConfigKeys (ConfUtils.java:logGet(44)) - raft.server.rpc.sleep.time = 25ms (default)
2021-10-28 03:02:04,125 [pool-478-thread-1] INFO  server.RaftServerConfigKeys (ConfUtils.java:logGet(44)) - raft.server.rpc.slowness.timeout = 300s (custom)
2021-10-28 03:02:04,125 [pool-478-thread-1] INFO  server.RaftServerConfigKeys (ConfUtils.java:logGet(44)) - raft.server.leaderelection.leader.step-down.wait-time = 10s (default)
2021-10-28 03:02:04,125 [pool-478-thread-1] INFO  server.RaftServerConfigKeys (ConfUtils.java:logGet(44)) - raft.server.sleep.deviation.threshold = 300ms (default)
2021-10-28 03:02:04,125 [pool-478-thread-1] INFO  server.RaftServerConfigKeys (ConfUtils.java:logGet(44)) - raft.server.log.appender.install.snapshot.enabled = false (custom)
2021-10-28 03:02:04,125 [pool-478-thread-1] INFO  server.RaftServer$Division (ServerState.java:<init>(105)) - d262ff89-3d5e-4ab4-981f-dc8616a3cc4b@group-A37BCEEDED0F: ConfigurationManager, init=-1: [7e7f778f-92a3-4c6a-870c-2544e6325884|rpc:127.0.0.1:39339|priority:0, d262ff89-3d5e-4ab4-981f-dc8616a3cc4b|rpc:127.0.0.1:35379|priority:0, 91f27009-ec66-4294-9321-b0739729fb6b|rpc:127.0.0.1:38297|priority:1], old=null, confs=<EMPTY_MAP>
2021-10-28 03:02:04,125 [pool-478-thread-1] INFO  server.RaftServerConfigKeys (ConfUtils.java:logGet(44)) - raft.server.storage.dir = [/home/runner/work/ozone/ozone/hadoop-ozone/integration-test/target/test-dir/MiniOzoneClusterImpl-701359f1-d346-43a7-a18b-390751046f7b/datanode-0/data/ratis] (custom)
2021-10-28 03:02:04,125 [pool-478-thread-1] INFO  server.RaftServerConfigKeys (ConfUtils.java:logGet(44)) - raft.server.log.corruption.policy = EXCEPTION (default)
2021-10-28 03:02:04,125 [pool-478-thread-1] INFO  server.RaftServerConfigKeys (ConfUtils.java:logGet(44)) - raft.server.storage.free-space.min = 0MB (=0) (default)
2021-10-28 03:02:04,126 [pool-478-thread-1] INFO  storage.RaftStorageDirectory (RaftStorageDirectoryImpl.java:analyzeStorage(135)) - The storage directory /home/runner/work/ozone/ozone/hadoop-ozone/integration-test/target/test-dir/MiniOzoneClusterImpl-701359f1-d346-43a7-a18b-390751046f7b/datanode-0/data/ratis/84d7f2bd-39d5-42c1-b154-a37bceeded0f does not exist. Creating ...
2021-10-28 03:02:04,130 [pool-478-thread-1] INFO  storage.RaftStorageDirectory (RaftStorageDirectoryImpl.java:tryLock(230)) - Lock on /home/runner/work/ozone/ozone/hadoop-ozone/integration-test/target/test-dir/MiniOzoneClusterImpl-701359f1-d346-43a7-a18b-390751046f7b/datanode-0/data/ratis/84d7f2bd-39d5-42c1-b154-a37bceeded0f/in_use.lock acquired by nodename 7917@fv-az184-410
2021-10-28 03:02:04,135 [pool-478-thread-1] INFO  storage.RaftStorage (RaftStorageImpl.java:format(89)) - Storage directory /home/runner/work/ozone/ozone/hadoop-ozone/integration-test/target/test-dir/MiniOzoneClusterImpl-701359f1-d346-43a7-a18b-390751046f7b/datanode-0/data/ratis/84d7f2bd-39d5-42c1-b154-a37bceeded0f has been successfully formatted.
2021-10-28 03:02:04,135 [pool-478-thread-1] INFO  ratis.ContainerStateMachine (ContainerStateMachine.java:loadSnapshot(224)) - group-A37BCEEDED0F: The snapshot info is null. Setting the last applied indexto:(t:0, i:~)
2021-10-28 03:02:04,138 [pool-499-thread-1] INFO  server.RaftServerConfigKeys (ConfUtils.java:logGet(44)) - raft.server.snapshot.auto.trigger.enabled = true (custom)
2021-10-28 03:02:04,139 [pool-499-thread-1] INFO  server.RaftServerConfigKeys (ConfUtils.java:logGet(44)) - raft.server.snapshot.auto.trigger.threshold = 10000 (custom)
2021-10-28 03:02:04,139 [pool-499-thread-1] INFO  server.RaftServerConfigKeys (ConfUtils.java:logGet(44)) - raft.server.snapshot.retention.file.num = 5 (custom)
2021-10-28 03:02:04,139 [pool-499-thread-1] INFO  server.RaftServerConfigKeys (ConfUtils.java:logGet(44)) - raft.server.log.purge.upto.snapshot.index = false (default)
2021-10-28 03:02:04,139 [pool-499-thread-1] INFO  server.RaftServerConfigKeys (ConfUtils.java:logGet(44)) - raft.server.retrycache.expirytime = 600000ms (custom)
2021-10-28 03:02:04,139 [pool-499-thread-1] INFO  server.RaftServerConfigKeys (ConfUtils.java:logGet(44)) - raft.server.retrycache.statistics.expirytime = 100μs (default)
2021-10-28 03:02:04,140 [pool-499-thread-1] INFO  server.RaftServer$Division (RaftServerImpl.java:start(301)) - 7e7f778f-92a3-4c6a-870c-2544e6325884@group-A37BCEEDED0F: start as a follower, conf=-1: [7e7f778f-92a3-4c6a-870c-2544e6325884|rpc:127.0.0.1:39339|priority:0, d262ff89-3d5e-4ab4-981f-dc8616a3cc4b|rpc:127.0.0.1:35379|priority:0, 91f27009-ec66-4294-9321-b0739729fb6b|rpc:127.0.0.1:38297|priority:1], old=null
2021-10-28 03:02:04,140 [pool-499-thread-1] INFO  server.RaftServer$Division (RaftServerImpl.java:setRole(290)) - 7e7f778f-92a3-4c6a-870c-2544e6325884@group-A37BCEEDED0F: changes role from      null to FOLLOWER at term 0 for startAsFollower
2021-10-28 03:02:04,140 [pool-499-thread-1] INFO  impl.RoleInfo (RoleInfo.java:updateAndGet(130)) - 7e7f778f-92a3-4c6a-870c-2544e6325884: start 7e7f778f-92a3-4c6a-870c-2544e6325884@group-A37BCEEDED0F-FollowerState
2021-10-28 03:02:04,155 [pool-478-thread-1] INFO  server.RaftServerConfigKeys (ConfUtils.java:logGet(44)) - raft.server.notification.no-leader.timeout = 300s (custom)
2021-10-28 03:02:04,155 [pool-478-thread-1] INFO  server.RaftServerConfigKeys (ConfUtils.java:logGet(44)) - raft.server.log.use.memory = false (default)
2021-10-28 03:02:04,155 [pool-478-thread-1] INFO  server.RaftServerConfigKeys (ConfUtils.java:logGet(44)) - raft.server.log.purge.gap = 1000000 (custom)
2021-10-28 03:02:04,155 [pool-478-thread-1] INFO  server.RaftServerConfigKeys (ConfUtils.java:logGet(44)) - raft.server.log.appender.buffer.byte-limit = 33554432 (custom)
2021-10-28 03:02:04,155 [pool-478-thread-1] INFO  server.RaftServerConfigKeys (ConfUtils.java:logGet(44)) - raft.server.log.segment.size.max = 1048576 (custom)
2021-10-28 03:02:04,155 [pool-478-thread-1] INFO  server.RaftServerConfigKeys (ConfUtils.java:logGet(44)) - raft.server.log.segment.cache.num.max = 2 (custom)
2021-10-28 03:02:04,155 [pool-478-thread-1] INFO  server.RaftServerConfigKeys (ConfUtils.java:logGet(44)) - raft.server.log.segment.cache.size.max = 200MB (=209715200) (default)
2021-10-28 03:02:04,155 [pool-478-thread-1] INFO  segmented.SegmentedRaftLogWorker (SegmentedRaftLogWorker.java:<init>(182)) - new d262ff89-3d5e-4ab4-981f-dc8616a3cc4b@group-A37BCEEDED0F-SegmentedRaftLogWorker for RaftStorageImpl:Storage Directory /home/runner/work/ozone/ozone/hadoop-ozone/integration-test/target/test-dir/MiniOzoneClusterImpl-701359f1-d346-43a7-a18b-390751046f7b/datanode-0/data/ratis/84d7f2bd-39d5-42c1-b154-a37bceeded0f
2021-10-28 03:02:04,155 [pool-478-thread-1] INFO  server.RaftServerConfigKeys (ConfUtils.java:logGet(44)) - raft.server.log.queue.byte-limit = 2147483647 (custom)
2021-10-28 03:02:04,155 [pool-478-thread-1] INFO  server.RaftServerConfigKeys (ConfUtils.java:logGet(44)) - raft.server.log.queue.element-limit = 1024 (custom)
2021-10-28 03:02:04,155 [pool-478-thread-1] INFO  server.RaftServerConfigKeys (ConfUtils.java:logGet(44)) - raft.server.log.segment.size.max = 1048576 (custom)
2021-10-28 03:02:04,155 [pool-478-thread-1] INFO  server.RaftServerConfigKeys (ConfUtils.java:logGet(44)) - raft.server.log.preallocated.size = 16384 (custom)
2021-10-28 03:02:04,155 [pool-478-thread-1] INFO  server.RaftServerConfigKeys (ConfUtils.java:logGet(44)) - raft.server.log.force.sync.num = 128 (default)
2021-10-28 03:02:04,156 [pool-478-thread-1] INFO  server.RaftServerConfigKeys (ConfUtils.java:logGet(44)) - raft.server.log.statemachine.data.sync = true (default)
2021-10-28 03:02:04,156 [pool-478-thread-1] INFO  server.RaftServerConfigKeys (ConfUtils.java:logGet(44)) - raft.server.log.statemachine.data.sync.timeout = 10s (default)
2021-10-28 03:02:04,156 [pool-478-thread-1] INFO  server.RaftServerConfigKeys (ConfUtils.java:logGet(44)) - raft.server.log.statemachine.data.sync.timeout.retry = -1 (default)
2021-10-28 03:02:04,170 [pool-499-thread-1] INFO  util.JmxRegister (JmxRegister.java:tryRegister(44)) - Successfully registered JMX Bean with object name Ratis:service=RaftServer,group=group-A37BCEEDED0F,id=7e7f778f-92a3-4c6a-870c-2544e6325884
2021-10-28 03:02:04,170 [EventQueue-OpenPipelineForHealthyPipelineSafeModeRule] INFO  safemode.SCMSafeModeManager (HealthyPipelineSafeModeRule.java:process(124)) - SCM in safe mode. Healthy pipelines reported count is 0, required healthy pipeline reported count is 1
2021-10-28 03:02:04,172 [EventQueue-OpenPipelineForHealthyPipelineSafeModeRule] INFO  safemode.SCMSafeModeManager (HealthyPipelineSafeModeRule.java:process(124)) - SCM in safe mode. Healthy pipelines reported count is 0, required healthy pipeline reported count is 1
2021-10-28 03:02:04,174 [pool-478-thread-1] INFO  server.RaftServerConfigKeys (ConfUtils.java:logGet(44)) - raft.server.log.write.buffer.size = 1048576 (custom)
2021-10-28 03:02:04,176 [pool-478-thread-1] INFO  server.RaftServerConfigKeys (ConfUtils.java:logGet(44)) - raft.server.log.statemachine.data.caching.enabled = true (custom)
2021-10-28 03:02:04,176 [pool-478-thread-1] INFO  segmented.SegmentedRaftLogWorker (SegmentedRaftLogWorker.java:lambda$new$0(133)) - d262ff89-3d5e-4ab4-981f-dc8616a3cc4b@group-A37BCEEDED0F-SegmentedRaftLogWorker: flushIndex: setUnconditionally 0 -> -1
2021-10-28 03:02:04,176 [pool-478-thread-1] INFO  segmented.SegmentedRaftLogWorker (SegmentedRaftLogWorker.java:lambda$new$0(133)) - d262ff89-3d5e-4ab4-981f-dc8616a3cc4b@group-A37BCEEDED0F-SegmentedRaftLogWorker: safeCacheEvictIndex: setUnconditionally 0 -> -1
2021-10-28 03:02:04,207 [pool-478-thread-1] INFO  server.RaftServerConfigKeys (ConfUtils.java:logGet(44)) - raft.server.snapshot.auto.trigger.enabled = true (custom)
2021-10-28 03:02:04,207 [pool-478-thread-1] INFO  server.RaftServerConfigKeys (ConfUtils.java:logGet(44)) - raft.server.snapshot.auto.trigger.threshold = 10000 (custom)
2021-10-28 03:02:04,207 [pool-478-thread-1] INFO  server.RaftServerConfigKeys (ConfUtils.java:logGet(44)) - raft.server.snapshot.retention.file.num = 5 (custom)
2021-10-28 03:02:04,207 [pool-478-thread-1] INFO  server.RaftServerConfigKeys (ConfUtils.java:logGet(44)) - raft.server.log.purge.upto.snapshot.index = false (default)
2021-10-28 03:02:04,207 [pool-478-thread-1] INFO  server.RaftServerConfigKeys (ConfUtils.java:logGet(44)) - raft.server.retrycache.expirytime = 600000ms (custom)
2021-10-28 03:02:04,207 [pool-478-thread-1] INFO  server.RaftServerConfigKeys (ConfUtils.java:logGet(44)) - raft.server.retrycache.statistics.expirytime = 100μs (default)
2021-10-28 03:02:04,208 [pool-478-thread-1] INFO  server.RaftServer$Division (RaftServerImpl.java:start(301)) - d262ff89-3d5e-4ab4-981f-dc8616a3cc4b@group-A37BCEEDED0F: start as a follower, conf=-1: [7e7f778f-92a3-4c6a-870c-2544e6325884|rpc:127.0.0.1:39339|priority:0, d262ff89-3d5e-4ab4-981f-dc8616a3cc4b|rpc:127.0.0.1:35379|priority:0, 91f27009-ec66-4294-9321-b0739729fb6b|rpc:127.0.0.1:38297|priority:1], old=null
2021-10-28 03:02:04,208 [pool-478-thread-1] INFO  server.RaftServer$Division (RaftServerImpl.java:setRole(290)) - d262ff89-3d5e-4ab4-981f-dc8616a3cc4b@group-A37BCEEDED0F: changes role from      null to FOLLOWER at term 0 for startAsFollower
2021-10-28 03:02:04,208 [pool-478-thread-1] INFO  impl.RoleInfo (RoleInfo.java:updateAndGet(130)) - d262ff89-3d5e-4ab4-981f-dc8616a3cc4b: start d262ff89-3d5e-4ab4-981f-dc8616a3cc4b@group-A37BCEEDED0F-FollowerState
2021-10-28 03:02:04,211 [pool-478-thread-1] INFO  util.JmxRegister (JmxRegister.java:tryRegister(44)) - Successfully registered JMX Bean with object name Ratis:service=RaftServer,group=group-A37BCEEDED0F,id=d262ff89-3d5e-4ab4-981f-dc8616a3cc4b
2021-10-28 03:02:04,218 [Command processor thread] INFO  ratis.XceiverServerRatis (XceiverServerRatis.java:addGroup(768)) - Created group PipelineID=84d7f2bd-39d5-42c1-b154-a37bceeded0f
2021-10-28 03:02:04,218 [Command processor thread] INFO  ratis.XceiverServerRatis (XceiverServerRatis.java:addGroup(768)) - Created group PipelineID=84d7f2bd-39d5-42c1-b154-a37bceeded0f
2021-10-28 03:02:04,239 [EndpointStateMachine task thread for /127.0.0.1:12209 - 0 ] INFO  ipc.Client (Client.java:handleConnectionFailure(977)) - Retrying connect to server: localhost/127.0.0.1:12209. Already tried 11 time(s); retry policy is RetryUpToMaximumCountWithFixedSleep(maxRetries=15, sleepTime=1000 MILLISECONDS)
2021-10-28 03:02:04,260 [grpc-default-executor-1] INFO  server.RaftServer (RaftServerProxy.java:addNew(95)) - 91f27009-ec66-4294-9321-b0739729fb6b: addNew group-A37BCEEDED0F:[7e7f778f-92a3-4c6a-870c-2544e6325884|rpc:127.0.0.1:39339|dataStream:|priority:0, d262ff89-3d5e-4ab4-981f-dc8616a3cc4b|rpc:127.0.0.1:35379|dataStream:|priority:0, 91f27009-ec66-4294-9321-b0739729fb6b|rpc:127.0.0.1:38297|dataStream:|priority:1] returns group-A37BCEEDED0F:java.util.concurrent.CompletableFuture@5beeb1f1[Not completed]
2021-10-28 03:02:04,269 [pool-520-thread-1] INFO  server.RaftServer$Division (RaftServerImpl.java:<init>(184)) - 91f27009-ec66-4294-9321-b0739729fb6b: new RaftServerImpl for group-A37BCEEDED0F:[7e7f778f-92a3-4c6a-870c-2544e6325884|rpc:127.0.0.1:39339|dataStream:|priority:0, d262ff89-3d5e-4ab4-981f-dc8616a3cc4b|rpc:127.0.0.1:35379|dataStream:|priority:0, 91f27009-ec66-4294-9321-b0739729fb6b|rpc:127.0.0.1:38297|dataStream:|priority:1] with ContainerStateMachine:uninitialized
2021-10-28 03:02:04,269 [pool-520-thread-1] INFO  server.RaftServerConfigKeys (ConfUtils.java:logGet(44)) - raft.server.rpc.timeout.min = 5s (custom)
2021-10-28 03:02:04,269 [pool-520-thread-1] INFO  server.RaftServerConfigKeys (ConfUtils.java:logGet(44)) - raft.server.rpc.timeout.max = 5200ms (custom)
2021-10-28 03:02:04,269 [pool-520-thread-1] INFO  server.RaftServerConfigKeys (ConfUtils.java:logGet(44)) - raft.server.rpc.sleep.time = 25ms (default)
2021-10-28 03:02:04,269 [pool-520-thread-1] INFO  server.RaftServerConfigKeys (ConfUtils.java:logGet(44)) - raft.server.rpc.slowness.timeout = 300s (custom)
2021-10-28 03:02:04,269 [pool-520-thread-1] INFO  server.RaftServerConfigKeys (ConfUtils.java:logGet(44)) - raft.server.leaderelection.leader.step-down.wait-time = 10s (default)
2021-10-28 03:02:04,269 [pool-520-thread-1] INFO  server.RaftServerConfigKeys (ConfUtils.java:logGet(44)) - raft.server.sleep.deviation.threshold = 300ms (default)
2021-10-28 03:02:04,269 [pool-520-thread-1] INFO  server.RaftServerConfigKeys (ConfUtils.java:logGet(44)) - raft.server.log.appender.install.snapshot.enabled = false (custom)
2021-10-28 03:02:04,269 [pool-520-thread-1] INFO  server.RaftServer$Division (ServerState.java:<init>(105)) - 91f27009-ec66-4294-9321-b0739729fb6b@group-A37BCEEDED0F: ConfigurationManager, init=-1: [7e7f778f-92a3-4c6a-870c-2544e6325884|rpc:127.0.0.1:39339|dataStream:|priority:0, d262ff89-3d5e-4ab4-981f-dc8616a3cc4b|rpc:127.0.0.1:35379|dataStream:|priority:0, 91f27009-ec66-4294-9321-b0739729fb6b|rpc:127.0.0.1:38297|dataStream:|priority:1], old=null, confs=<EMPTY_MAP>
2021-10-28 03:02:04,269 [pool-520-thread-1] INFO  server.RaftServerConfigKeys (ConfUtils.java:logGet(44)) - raft.server.storage.dir = [/home/runner/work/ozone/ozone/hadoop-ozone/integration-test/target/test-dir/MiniOzoneClusterImpl-701359f1-d346-43a7-a18b-390751046f7b/datanode-2/data/ratis] (custom)
2021-10-28 03:02:04,270 [pool-520-thread-1] INFO  server.RaftServerConfigKeys (ConfUtils.java:logGet(44)) - raft.server.log.corruption.policy = EXCEPTION (default)
2021-10-28 03:02:04,270 [pool-520-thread-1] INFO  server.RaftServerConfigKeys (ConfUtils.java:logGet(44)) - raft.server.storage.free-space.min = 0MB (=0) (default)
2021-10-28 03:02:04,270 [pool-520-thread-1] INFO  storage.RaftStorageDirectory (RaftStorageDirectoryImpl.java:analyzeStorage(135)) - The storage directory /home/runner/work/ozone/ozone/hadoop-ozone/integration-test/target/test-dir/MiniOzoneClusterImpl-701359f1-d346-43a7-a18b-390751046f7b/datanode-2/data/ratis/84d7f2bd-39d5-42c1-b154-a37bceeded0f does not exist. Creating ...
2021-10-28 03:02:04,274 [pool-520-thread-1] INFO  storage.RaftStorageDirectory (RaftStorageDirectoryImpl.java:tryLock(230)) - Lock on /home/runner/work/ozone/ozone/hadoop-ozone/integration-test/target/test-dir/MiniOzoneClusterImpl-701359f1-d346-43a7-a18b-390751046f7b/datanode-2/data/ratis/84d7f2bd-39d5-42c1-b154-a37bceeded0f/in_use.lock acquired by nodename 7917@fv-az184-410
2021-10-28 03:02:04,289 [pool-520-thread-1] INFO  storage.RaftStorage (RaftStorageImpl.java:format(89)) - Storage directory /home/runner/work/ozone/ozone/hadoop-ozone/integration-test/target/test-dir/MiniOzoneClusterImpl-701359f1-d346-43a7-a18b-390751046f7b/datanode-2/data/ratis/84d7f2bd-39d5-42c1-b154-a37bceeded0f has been successfully formatted.
2021-10-28 03:02:04,289 [pool-520-thread-1] INFO  ratis.ContainerStateMachine (ContainerStateMachine.java:loadSnapshot(224)) - group-A37BCEEDED0F: The snapshot info is null. Setting the last applied indexto:(t:0, i:~)
2021-10-28 03:02:04,289 [pool-520-thread-1] INFO  server.RaftServerConfigKeys (ConfUtils.java:logGet(44)) - raft.server.notification.no-leader.timeout = 300s (custom)
2021-10-28 03:02:04,289 [pool-520-thread-1] INFO  server.RaftServerConfigKeys (ConfUtils.java:logGet(44)) - raft.server.log.use.memory = false (default)
2021-10-28 03:02:04,289 [pool-520-thread-1] INFO  server.RaftServerConfigKeys (ConfUtils.java:logGet(44)) - raft.server.log.purge.gap = 1000000 (custom)
2021-10-28 03:02:04,289 [pool-520-thread-1] INFO  server.RaftServerConfigKeys (ConfUtils.java:logGet(44)) - raft.server.log.appender.buffer.byte-limit = 33554432 (custom)
2021-10-28 03:02:04,289 [pool-520-thread-1] INFO  server.RaftServerConfigKeys (ConfUtils.java:logGet(44)) - raft.server.log.segment.size.max = 1048576 (custom)
2021-10-28 03:02:04,290 [pool-520-thread-1] INFO  server.RaftServerConfigKeys (ConfUtils.java:logGet(44)) - raft.server.log.segment.cache.num.max = 2 (custom)
2021-10-28 03:02:04,290 [pool-520-thread-1] INFO  server.RaftServerConfigKeys (ConfUtils.java:logGet(44)) - raft.server.log.segment.cache.size.max = 200MB (=209715200) (default)
2021-10-28 03:02:04,290 [pool-520-thread-1] INFO  segmented.SegmentedRaftLogWorker (SegmentedRaftLogWorker.java:<init>(182)) - new 91f27009-ec66-4294-9321-b0739729fb6b@group-A37BCEEDED0F-SegmentedRaftLogWorker for RaftStorageImpl:Storage Directory /home/runner/work/ozone/ozone/hadoop-ozone/integration-test/target/test-dir/MiniOzoneClusterImpl-701359f1-d346-43a7-a18b-390751046f7b/datanode-2/data/ratis/84d7f2bd-39d5-42c1-b154-a37bceeded0f
2021-10-28 03:02:04,290 [pool-520-thread-1] INFO  server.RaftServerConfigKeys (ConfUtils.java:logGet(44)) - raft.server.log.queue.byte-limit = 2147483647 (custom)
2021-10-28 03:02:04,290 [pool-520-thread-1] INFO  server.RaftServerConfigKeys (ConfUtils.java:logGet(44)) - raft.server.log.queue.element-limit = 1024 (custom)
2021-10-28 03:02:04,290 [pool-520-thread-1] INFO  server.RaftServerConfigKeys (ConfUtils.java:logGet(44)) - raft.server.log.segment.size.max = 1048576 (custom)
2021-10-28 03:02:04,290 [pool-520-thread-1] INFO  server.RaftServerConfigKeys (ConfUtils.java:logGet(44)) - raft.server.log.preallocated.size = 16384 (custom)
2021-10-28 03:02:04,290 [pool-520-thread-1] INFO  server.RaftServerConfigKeys (ConfUtils.java:logGet(44)) - raft.server.log.force.sync.num = 128 (default)
2021-10-28 03:02:04,290 [pool-520-thread-1] INFO  server.RaftServerConfigKeys (ConfUtils.java:logGet(44)) - raft.server.log.statemachine.data.sync = true (default)
2021-10-28 03:02:04,290 [pool-520-thread-1] INFO  server.RaftServerConfigKeys (ConfUtils.java:logGet(44)) - raft.server.log.statemachine.data.sync.timeout = 10s (default)
2021-10-28 03:02:04,290 [pool-520-thread-1] INFO  server.RaftServerConfigKeys (ConfUtils.java:logGet(44)) - raft.server.log.statemachine.data.sync.timeout.retry = -1 (default)
2021-10-28 03:02:04,307 [pool-520-thread-1] INFO  server.RaftServerConfigKeys (ConfUtils.java:logGet(44)) - raft.server.log.write.buffer.size = 1048576 (custom)
2021-10-28 03:02:04,308 [pool-520-thread-1] INFO  server.RaftServerConfigKeys (ConfUtils.java:logGet(44)) - raft.server.log.statemachine.data.caching.enabled = true (custom)
2021-10-28 03:02:04,308 [pool-520-thread-1] INFO  segmented.SegmentedRaftLogWorker (SegmentedRaftLogWorker.java:lambda$new$0(133)) - 91f27009-ec66-4294-9321-b0739729fb6b@group-A37BCEEDED0F-SegmentedRaftLogWorker: flushIndex: setUnconditionally 0 -> -1
2021-10-28 03:02:04,308 [pool-520-thread-1] INFO  segmented.SegmentedRaftLogWorker (SegmentedRaftLogWorker.java:lambda$new$0(133)) - 91f27009-ec66-4294-9321-b0739729fb6b@group-A37BCEEDED0F-SegmentedRaftLogWorker: safeCacheEvictIndex: setUnconditionally 0 -> -1
2021-10-28 03:02:04,310 [pool-520-thread-1] INFO  server.RaftServerConfigKeys (ConfUtils.java:logGet(44)) - raft.server.snapshot.auto.trigger.enabled = true (custom)
2021-10-28 03:02:04,310 [pool-520-thread-1] INFO  server.RaftServerConfigKeys (ConfUtils.java:logGet(44)) - raft.server.snapshot.auto.trigger.threshold = 10000 (custom)
2021-10-28 03:02:04,310 [pool-520-thread-1] INFO  server.RaftServerConfigKeys (ConfUtils.java:logGet(44)) - raft.server.snapshot.retention.file.num = 5 (custom)
2021-10-28 03:02:04,310 [pool-520-thread-1] INFO  server.RaftServerConfigKeys (ConfUtils.java:logGet(44)) - raft.server.log.purge.upto.snapshot.index = false (default)
2021-10-28 03:02:04,310 [pool-520-thread-1] INFO  server.RaftServerConfigKeys (ConfUtils.java:logGet(44)) - raft.server.retrycache.expirytime = 600000ms (custom)
2021-10-28 03:02:04,310 [pool-520-thread-1] INFO  server.RaftServerConfigKeys (ConfUtils.java:logGet(44)) - raft.server.retrycache.statistics.expirytime = 100μs (default)
2021-10-28 03:02:04,311 [pool-520-thread-1] INFO  server.RaftServer$Division (RaftServerImpl.java:start(301)) - 91f27009-ec66-4294-9321-b0739729fb6b@group-A37BCEEDED0F: start as a follower, conf=-1: [7e7f778f-92a3-4c6a-870c-2544e6325884|rpc:127.0.0.1:39339|dataStream:|priority:0, d262ff89-3d5e-4ab4-981f-dc8616a3cc4b|rpc:127.0.0.1:35379|dataStream:|priority:0, 91f27009-ec66-4294-9321-b0739729fb6b|rpc:127.0.0.1:38297|dataStream:|priority:1], old=null
2021-10-28 03:02:04,311 [pool-520-thread-1] INFO  server.RaftServer$Division (RaftServerImpl.java:setRole(290)) - 91f27009-ec66-4294-9321-b0739729fb6b@group-A37BCEEDED0F: changes role from      null to FOLLOWER at term 0 for startAsFollower
2021-10-28 03:02:04,311 [pool-520-thread-1] INFO  impl.RoleInfo (RoleInfo.java:updateAndGet(130)) - 91f27009-ec66-4294-9321-b0739729fb6b: start 91f27009-ec66-4294-9321-b0739729fb6b@group-A37BCEEDED0F-FollowerState
2021-10-28 03:02:04,312 [pool-520-thread-1] INFO  util.JmxRegister (JmxRegister.java:tryRegister(44)) - Successfully registered JMX Bean with object name Ratis:service=RaftServer,group=group-A37BCEEDED0F,id=91f27009-ec66-4294-9321-b0739729fb6b
2021-10-28 03:02:04,423 [Command processor thread] INFO  commandhandler.CreatePipelineCommandHandler (CreatePipelineCommandHandler.java:handle(106)) - Created Pipeline RATIS THREE PipelineID=84d7f2bd-39d5-42c1-b154-a37bceeded0f.
2021-10-28 03:02:04,442 [Command processor thread] INFO  commandhandler.CreatePipelineCommandHandler (CreatePipelineCommandHandler.java:handle(106)) - Created Pipeline RATIS THREE PipelineID=84d7f2bd-39d5-42c1-b154-a37bceeded0f.
2021-10-28 03:02:04,609 [Listener at 127.0.0.1/11132] INFO  ozone.MiniOzoneClusterImpl (MiniOzoneClusterImpl.java:lambda$waitForClusterToBeReady$0(235)) - Waiting for nodes to be ready. Got 4 of 3 DN Heartbeats.
2021-10-28 03:02:04,609 [Listener at 127.0.0.1/11132] INFO  ozone.MiniOzoneClusterImpl (MiniOzoneClusterImpl.java:lambda$waitForClusterToBeReady$0(238)) - Waiting for cluster to exit safe mode
2021-10-28 03:02:04,609 [Listener at 127.0.0.1/11132] INFO  ozone.MiniOzoneClusterImpl (MiniOzoneClusterImpl.java:lambda$waitForClusterToBeReady$0(240)) - SCM became leader
2021-10-28 03:02:04,741 [EndpointStateMachine task thread for /127.0.0.1:13023 - 0 ] INFO  ipc.Client (Client.java:handleConnectionFailure(977)) - Retrying connect to server: localhost/127.0.0.1:13023. Already tried 10 time(s); retry policy is RetryUpToMaximumCountWithFixedSleep(maxRetries=15, sleepTime=1000 MILLISECONDS)
2021-10-28 03:02:04,742 [EndpointStateMachine task thread for /127.0.0.1:13013 - 0 ] INFO  ipc.Client (Client.java:handleConnectionFailure(977)) - Retrying connect to server: localhost/127.0.0.1:13013. Already tried 10 time(s); retry policy is RetryUpToMaximumCountWithFixedSleep(maxRetries=15, sleepTime=1000 MILLISECONDS)
2021-10-28 03:02:04,886 [EndpointStateMachine task thread for /127.0.0.1:12199 - 0 ] INFO  ipc.Client (Client.java:handleConnectionFailure(977)) - Retrying connect to server: localhost/127.0.0.1:12199. Already tried 0 time(s); retry policy is RetryUpToMaximumCountWithFixedSleep(maxRetries=15, sleepTime=1000 MILLISECONDS)
2021-10-28 03:02:04,887 [EndpointStateMachine task thread for /127.0.0.1:12189 - 0 ] INFO  ipc.Client (Client.java:handleConnectionFailure(977)) - Retrying connect to server: localhost/127.0.0.1:12189. Already tried 0 time(s); retry policy is RetryUpToMaximumCountWithFixedSleep(maxRetries=15, sleepTime=1000 MILLISECONDS)
2021-10-28 03:02:05,102 [Datanode State Machine Daemon Thread] ERROR datanode.RunningDatanodeState (RunningDatanodeState.java:computeNextContainerState(199)) - Error in executing end point task.
java.util.concurrent.ExecutionException: java.util.concurrent.TimeoutException
	at java.util.concurrent.FutureTask.report(FutureTask.java:122)
	at java.util.concurrent.FutureTask.get(FutureTask.java:192)
	at org.apache.hadoop.ozone.container.common.states.datanode.RunningDatanodeState.computeNextContainerState(RunningDatanodeState.java:191)
	at org.apache.hadoop.ozone.container.common.states.datanode.RunningDatanodeState.await(RunningDatanodeState.java:231)
	at org.apache.hadoop.ozone.container.common.states.datanode.RunningDatanodeState.await(RunningDatanodeState.java:50)
	at org.apache.hadoop.ozone.container.common.statemachine.StateContext.execute(StateContext.java:633)
	at org.apache.hadoop.ozone.container.common.statemachine.DatanodeStateMachine.start(DatanodeStateMachine.java:280)
	at org.apache.hadoop.ozone.container.common.statemachine.DatanodeStateMachine.lambda$startDaemon$0(DatanodeStateMachine.java:468)
	at java.lang.Thread.run(Thread.java:748)
Caused by: java.util.concurrent.TimeoutException
	at java.util.concurrent.FutureTask.get(FutureTask.java:205)
	at org.apache.hadoop.ozone.container.common.states.datanode.RunningDatanodeState.lambda$execute$0(RunningDatanodeState.java:149)
	at java.util.concurrent.FutureTask.run(FutureTask.java:266)
	at java.util.concurrent.Executors$RunnableAdapter.call(Executors.java:511)
	at java.util.concurrent.FutureTask.run(FutureTask.java:266)
	at java.util.concurrent.ThreadPoolExecutor.runWorker(ThreadPoolExecutor.java:1149)
	at java.util.concurrent.ThreadPoolExecutor$Worker.run(ThreadPoolExecutor.java:624)
	... 1 more
2021-10-28 03:02:05,239 [EndpointStateMachine task thread for /127.0.0.1:12209 - 0 ] INFO  ipc.Client (Client.java:handleConnectionFailure(977)) - Retrying connect to server: localhost/127.0.0.1:12209. Already tried 12 time(s); retry policy is RetryUpToMaximumCountWithFixedSleep(maxRetries=15, sleepTime=1000 MILLISECONDS)
2021-10-28 03:02:05,610 [Listener at 127.0.0.1/11132] INFO  ozone.MiniOzoneClusterImpl (MiniOzoneClusterImpl.java:lambda$waitForClusterToBeReady$0(235)) - Waiting for nodes to be ready. Got 4 of 3 DN Heartbeats.
2021-10-28 03:02:05,610 [Listener at 127.0.0.1/11132] INFO  ozone.MiniOzoneClusterImpl (MiniOzoneClusterImpl.java:lambda$waitForClusterToBeReady$0(238)) - Waiting for cluster to exit safe mode
2021-10-28 03:02:05,610 [Listener at 127.0.0.1/11132] INFO  ozone.MiniOzoneClusterImpl (MiniOzoneClusterImpl.java:lambda$waitForClusterToBeReady$0(240)) - SCM became leader
2021-10-28 03:02:05,741 [EndpointStateMachine task thread for /127.0.0.1:13023 - 0 ] INFO  ipc.Client (Client.java:handleConnectionFailure(977)) - Retrying connect to server: localhost/127.0.0.1:13023. Already tried 11 time(s); retry policy is RetryUpToMaximumCountWithFixedSleep(maxRetries=15, sleepTime=1000 MILLISECONDS)
2021-10-28 03:02:05,742 [EndpointStateMachine task thread for /127.0.0.1:13013 - 0 ] INFO  ipc.Client (Client.java:handleConnectionFailure(977)) - Retrying connect to server: localhost/127.0.0.1:13013. Already tried 11 time(s); retry policy is RetryUpToMaximumCountWithFixedSleep(maxRetries=15, sleepTime=1000 MILLISECONDS)
2021-10-28 03:02:05,887 [EndpointStateMachine task thread for /127.0.0.1:12199 - 0 ] INFO  ipc.Client (Client.java:handleConnectionFailure(977)) - Retrying connect to server: localhost/127.0.0.1:12199. Already tried 1 time(s); retry policy is RetryUpToMaximumCountWithFixedSleep(maxRetries=15, sleepTime=1000 MILLISECONDS)
2021-10-28 03:02:05,887 [EndpointStateMachine task thread for /127.0.0.1:12189 - 0 ] INFO  ipc.Client (Client.java:handleConnectionFailure(977)) - Retrying connect to server: localhost/127.0.0.1:12189. Already tried 1 time(s); retry policy is RetryUpToMaximumCountWithFixedSleep(maxRetries=15, sleepTime=1000 MILLISECONDS)
2021-10-28 03:02:06,104 [Datanode State Machine Daemon Thread] ERROR datanode.RunningDatanodeState (RunningDatanodeState.java:computeNextContainerState(199)) - Error in executing end point task.
java.util.concurrent.ExecutionException: java.util.concurrent.TimeoutException
	at java.util.concurrent.FutureTask.report(FutureTask.java:122)
	at java.util.concurrent.FutureTask.get(FutureTask.java:192)
	at org.apache.hadoop.ozone.container.common.states.datanode.RunningDatanodeState.computeNextContainerState(RunningDatanodeState.java:191)
	at org.apache.hadoop.ozone.container.common.states.datanode.RunningDatanodeState.await(RunningDatanodeState.java:231)
	at org.apache.hadoop.ozone.container.common.states.datanode.RunningDatanodeState.await(RunningDatanodeState.java:50)
	at org.apache.hadoop.ozone.container.common.statemachine.StateContext.execute(StateContext.java:633)
	at org.apache.hadoop.ozone.container.common.statemachine.DatanodeStateMachine.start(DatanodeStateMachine.java:280)
	at org.apache.hadoop.ozone.container.common.statemachine.DatanodeStateMachine.lambda$startDaemon$0(DatanodeStateMachine.java:468)
	at java.lang.Thread.run(Thread.java:748)
Caused by: java.util.concurrent.TimeoutException
	at java.util.concurrent.FutureTask.get(FutureTask.java:205)
	at org.apache.hadoop.ozone.container.common.states.datanode.RunningDatanodeState.lambda$execute$0(RunningDatanodeState.java:149)
	at java.util.concurrent.FutureTask.run(FutureTask.java:266)
	at java.util.concurrent.Executors$RunnableAdapter.call(Executors.java:511)
	at java.util.concurrent.FutureTask.run(FutureTask.java:266)
	at java.util.concurrent.ThreadPoolExecutor.runWorker(ThreadPoolExecutor.java:1149)
	at java.util.concurrent.ThreadPoolExecutor$Worker.run(ThreadPoolExecutor.java:624)
	... 1 more
2021-10-28 03:02:06,135 [Datanode State Machine Daemon Thread] ERROR datanode.RunningDatanodeState (RunningDatanodeState.java:computeNextContainerState(199)) - Error in executing end point task.
java.util.concurrent.ExecutionException: java.util.concurrent.TimeoutException
	at java.util.concurrent.FutureTask.report(FutureTask.java:122)
	at java.util.concurrent.FutureTask.get(FutureTask.java:192)
	at org.apache.hadoop.ozone.container.common.states.datanode.RunningDatanodeState.computeNextContainerState(RunningDatanodeState.java:191)
	at org.apache.hadoop.ozone.container.common.states.datanode.RunningDatanodeState.await(RunningDatanodeState.java:231)
	at org.apache.hadoop.ozone.container.common.states.datanode.RunningDatanodeState.await(RunningDatanodeState.java:50)
	at org.apache.hadoop.ozone.container.common.statemachine.StateContext.execute(StateContext.java:633)
	at org.apache.hadoop.ozone.container.common.statemachine.DatanodeStateMachine.start(DatanodeStateMachine.java:280)
	at org.apache.hadoop.ozone.container.common.statemachine.DatanodeStateMachine.lambda$startDaemon$0(DatanodeStateMachine.java:468)
	at java.lang.Thread.run(Thread.java:748)
Caused by: java.util.concurrent.TimeoutException
	at java.util.concurrent.FutureTask.get(FutureTask.java:205)
	at org.apache.hadoop.ozone.container.common.states.datanode.RunningDatanodeState.lambda$execute$0(RunningDatanodeState.java:149)
	at java.util.concurrent.FutureTask.run(FutureTask.java:266)
	at java.util.concurrent.Executors$RunnableAdapter.call(Executors.java:511)
	at java.util.concurrent.FutureTask.run(FutureTask.java:266)
	at java.util.concurrent.ThreadPoolExecutor.runWorker(ThreadPoolExecutor.java:1149)
	at java.util.concurrent.ThreadPoolExecutor$Worker.run(ThreadPoolExecutor.java:624)
	... 1 more
2021-10-28 03:02:06,240 [EndpointStateMachine task thread for /127.0.0.1:12209 - 0 ] INFO  ipc.Client (Client.java:handleConnectionFailure(977)) - Retrying connect to server: localhost/127.0.0.1:12209. Already tried 13 time(s); retry policy is RetryUpToMaximumCountWithFixedSleep(maxRetries=15, sleepTime=1000 MILLISECONDS)
2021-10-28 03:02:06,289 [Datanode State Machine Daemon Thread] ERROR datanode.RunningDatanodeState (RunningDatanodeState.java:computeNextContainerState(199)) - Error in executing end point task.
java.util.concurrent.ExecutionException: java.util.concurrent.TimeoutException
	at java.util.concurrent.FutureTask.report(FutureTask.java:122)
	at java.util.concurrent.FutureTask.get(FutureTask.java:192)
	at org.apache.hadoop.ozone.container.common.states.datanode.RunningDatanodeState.computeNextContainerState(RunningDatanodeState.java:191)
	at org.apache.hadoop.ozone.container.common.states.datanode.RunningDatanodeState.await(RunningDatanodeState.java:231)
	at org.apache.hadoop.ozone.container.common.states.datanode.RunningDatanodeState.await(RunningDatanodeState.java:50)
	at org.apache.hadoop.ozone.container.common.statemachine.StateContext.execute(StateContext.java:633)
	at org.apache.hadoop.ozone.container.common.statemachine.DatanodeStateMachine.start(DatanodeStateMachine.java:280)
	at org.apache.hadoop.ozone.container.common.statemachine.DatanodeStateMachine.lambda$startDaemon$0(DatanodeStateMachine.java:468)
	at java.lang.Thread.run(Thread.java:748)
Caused by: java.util.concurrent.TimeoutException
	at java.util.concurrent.FutureTask.get(FutureTask.java:205)
	at org.apache.hadoop.ozone.container.common.states.datanode.RunningDatanodeState.lambda$execute$0(RunningDatanodeState.java:149)
	at java.util.concurrent.FutureTask.run(FutureTask.java:266)
	at java.util.concurrent.Executors$RunnableAdapter.call(Executors.java:511)
	at java.util.concurrent.FutureTask.run(FutureTask.java:266)
	at java.util.concurrent.ThreadPoolExecutor.runWorker(ThreadPoolExecutor.java:1149)
	at java.util.concurrent.ThreadPoolExecutor$Worker.run(ThreadPoolExecutor.java:624)
	... 1 more
2021-10-28 03:02:06,610 [Listener at 127.0.0.1/11132] INFO  ozone.MiniOzoneClusterImpl (MiniOzoneClusterImpl.java:lambda$waitForClusterToBeReady$0(235)) - Waiting for nodes to be ready. Got 4 of 3 DN Heartbeats.
2021-10-28 03:02:06,611 [Listener at 127.0.0.1/11132] INFO  ozone.MiniOzoneClusterImpl (MiniOzoneClusterImpl.java:lambda$waitForClusterToBeReady$0(238)) - Waiting for cluster to exit safe mode
2021-10-28 03:02:06,611 [Listener at 127.0.0.1/11132] INFO  ozone.MiniOzoneClusterImpl (MiniOzoneClusterImpl.java:lambda$waitForClusterToBeReady$0(240)) - SCM became leader
2021-10-28 03:02:06,742 [EndpointStateMachine task thread for /127.0.0.1:13023 - 0 ] INFO  ipc.Client (Client.java:handleConnectionFailure(977)) - Retrying connect to server: localhost/127.0.0.1:13023. Already tried 12 time(s); retry policy is RetryUpToMaximumCountWithFixedSleep(maxRetries=15, sleepTime=1000 MILLISECONDS)
2021-10-28 03:02:06,747 [EndpointStateMachine task thread for /127.0.0.1:13013 - 0 ] INFO  ipc.Client (Client.java:handleConnectionFailure(977)) - Retrying connect to server: localhost/127.0.0.1:13013. Already tried 12 time(s); retry policy is RetryUpToMaximumCountWithFixedSleep(maxRetries=15, sleepTime=1000 MILLISECONDS)
2021-10-28 03:02:06,888 [EndpointStateMachine task thread for /127.0.0.1:12189 - 0 ] INFO  ipc.Client (Client.java:handleConnectionFailure(977)) - Retrying connect to server: localhost/127.0.0.1:12189. Already tried 2 time(s); retry policy is RetryUpToMaximumCountWithFixedSleep(maxRetries=15, sleepTime=1000 MILLISECONDS)
2021-10-28 03:02:06,891 [EndpointStateMachine task thread for /127.0.0.1:12199 - 0 ] INFO  ipc.Client (Client.java:handleConnectionFailure(977)) - Retrying connect to server: localhost/127.0.0.1:12199. Already tried 2 time(s); retry policy is RetryUpToMaximumCountWithFixedSleep(maxRetries=15, sleepTime=1000 MILLISECONDS)
2021-10-28 03:02:07,120 [Datanode State Machine Daemon Thread] ERROR datanode.RunningDatanodeState (RunningDatanodeState.java:computeNextContainerState(199)) - Error in executing end point task.
java.util.concurrent.ExecutionException: java.util.concurrent.TimeoutException
	at java.util.concurrent.FutureTask.report(FutureTask.java:122)
	at java.util.concurrent.FutureTask.get(FutureTask.java:192)
	at org.apache.hadoop.ozone.container.common.states.datanode.RunningDatanodeState.computeNextContainerState(RunningDatanodeState.java:191)
	at org.apache.hadoop.ozone.container.common.states.datanode.RunningDatanodeState.await(RunningDatanodeState.java:231)
	at org.apache.hadoop.ozone.container.common.states.datanode.RunningDatanodeState.await(RunningDatanodeState.java:50)
	at org.apache.hadoop.ozone.container.common.statemachine.StateContext.execute(StateContext.java:633)
	at org.apache.hadoop.ozone.container.common.statemachine.DatanodeStateMachine.start(DatanodeStateMachine.java:280)
	at org.apache.hadoop.ozone.container.common.statemachine.DatanodeStateMachine.lambda$startDaemon$0(DatanodeStateMachine.java:468)
	at java.lang.Thread.run(Thread.java:748)
Caused by: java.util.concurrent.TimeoutException
	at java.util.concurrent.FutureTask.get(FutureTask.java:205)
	at org.apache.hadoop.ozone.container.common.states.datanode.RunningDatanodeState.lambda$execute$0(RunningDatanodeState.java:149)
	at java.util.concurrent.FutureTask.run(FutureTask.java:266)
	at java.util.concurrent.Executors$RunnableAdapter.call(Executors.java:511)
	at java.util.concurrent.FutureTask.run(FutureTask.java:266)
	at java.util.concurrent.ThreadPoolExecutor.runWorker(ThreadPoolExecutor.java:1149)
	at java.util.concurrent.ThreadPoolExecutor$Worker.run(ThreadPoolExecutor.java:624)
	... 1 more
2021-10-28 03:02:07,240 [EndpointStateMachine task thread for /127.0.0.1:12209 - 0 ] INFO  ipc.Client (Client.java:handleConnectionFailure(977)) - Retrying connect to server: localhost/127.0.0.1:12209. Already tried 14 time(s); retry policy is RetryUpToMaximumCountWithFixedSleep(maxRetries=15, sleepTime=1000 MILLISECONDS)
2021-10-28 03:02:07,611 [Listener at 127.0.0.1/11132] INFO  ozone.MiniOzoneClusterImpl (MiniOzoneClusterImpl.java:lambda$waitForClusterToBeReady$0(235)) - Waiting for nodes to be ready. Got 4 of 3 DN Heartbeats.
2021-10-28 03:02:07,611 [Listener at 127.0.0.1/11132] INFO  ozone.MiniOzoneClusterImpl (MiniOzoneClusterImpl.java:lambda$waitForClusterToBeReady$0(238)) - Waiting for cluster to exit safe mode
2021-10-28 03:02:07,611 [Listener at 127.0.0.1/11132] INFO  ozone.MiniOzoneClusterImpl (MiniOzoneClusterImpl.java:lambda$waitForClusterToBeReady$0(240)) - SCM became leader
2021-10-28 03:02:07,742 [EndpointStateMachine task thread for /127.0.0.1:13023 - 0 ] INFO  ipc.Client (Client.java:handleConnectionFailure(977)) - Retrying connect to server: localhost/127.0.0.1:13023. Already tried 13 time(s); retry policy is RetryUpToMaximumCountWithFixedSleep(maxRetries=15, sleepTime=1000 MILLISECONDS)
2021-10-28 03:02:07,750 [EndpointStateMachine task thread for /127.0.0.1:13013 - 0 ] INFO  ipc.Client (Client.java:handleConnectionFailure(977)) - Retrying connect to server: localhost/127.0.0.1:13013. Already tried 13 time(s); retry policy is RetryUpToMaximumCountWithFixedSleep(maxRetries=15, sleepTime=1000 MILLISECONDS)
2021-10-28 03:02:07,888 [EndpointStateMachine task thread for /127.0.0.1:12189 - 0 ] INFO  ipc.Client (Client.java:handleConnectionFailure(977)) - Retrying connect to server: localhost/127.0.0.1:12189. Already tried 3 time(s); retry policy is RetryUpToMaximumCountWithFixedSleep(maxRetries=15, sleepTime=1000 MILLISECONDS)
2021-10-28 03:02:07,891 [EndpointStateMachine task thread for /127.0.0.1:12199 - 0 ] INFO  ipc.Client (Client.java:handleConnectionFailure(977)) - Retrying connect to server: localhost/127.0.0.1:12199. Already tried 3 time(s); retry policy is RetryUpToMaximumCountWithFixedSleep(maxRetries=15, sleepTime=1000 MILLISECONDS)
2021-10-28 03:02:08,241 [EndpointStateMachine task thread for /127.0.0.1:12209 - 0 ] INFO  ipc.Client (Client.java:handleConnectionFailure(977)) - Retrying connect to server: localhost/127.0.0.1:12209. Already tried 0 time(s); retry policy is RetryUpToMaximumCountWithFixedSleep(maxRetries=15, sleepTime=1000 MILLISECONDS)
2021-10-28 03:02:08,612 [Listener at 127.0.0.1/11132] INFO  ozone.MiniOzoneClusterImpl (MiniOzoneClusterImpl.java:lambda$waitForClusterToBeReady$0(235)) - Waiting for nodes to be ready. Got 4 of 3 DN Heartbeats.
2021-10-28 03:02:08,612 [Listener at 127.0.0.1/11132] INFO  ozone.MiniOzoneClusterImpl (MiniOzoneClusterImpl.java:lambda$waitForClusterToBeReady$0(238)) - Waiting for cluster to exit safe mode
2021-10-28 03:02:08,612 [Listener at 127.0.0.1/11132] INFO  ozone.MiniOzoneClusterImpl (MiniOzoneClusterImpl.java:lambda$waitForClusterToBeReady$0(240)) - SCM became leader
2021-10-28 03:02:08,743 [EndpointStateMachine task thread for /127.0.0.1:13023 - 0 ] INFO  ipc.Client (Client.java:handleConnectionFailure(977)) - Retrying connect to server: localhost/127.0.0.1:13023. Already tried 14 time(s); retry policy is RetryUpToMaximumCountWithFixedSleep(maxRetries=15, sleepTime=1000 MILLISECONDS)
2021-10-28 03:02:08,751 [EndpointStateMachine task thread for /127.0.0.1:13013 - 0 ] INFO  ipc.Client (Client.java:handleConnectionFailure(977)) - Retrying connect to server: localhost/127.0.0.1:13013. Already tried 14 time(s); retry policy is RetryUpToMaximumCountWithFixedSleep(maxRetries=15, sleepTime=1000 MILLISECONDS)
2021-10-28 03:02:08,887 [d262ff89-3d5e-4ab4-981f-dc8616a3cc4b@group-1FC4E3DC1381-FollowerState] INFO  impl.FollowerState (FollowerState.java:run(134)) - d262ff89-3d5e-4ab4-981f-dc8616a3cc4b@group-1FC4E3DC1381-FollowerState: change to CANDIDATE, lastRpcElapsedTime:5048805363ns, electionTimeout:5035ms
2021-10-28 03:02:08,887 [d262ff89-3d5e-4ab4-981f-dc8616a3cc4b@group-1FC4E3DC1381-FollowerState] INFO  impl.RoleInfo (RoleInfo.java:shutdownFollowerState(108)) - d262ff89-3d5e-4ab4-981f-dc8616a3cc4b: shutdown d262ff89-3d5e-4ab4-981f-dc8616a3cc4b@group-1FC4E3DC1381-FollowerState
2021-10-28 03:02:08,887 [d262ff89-3d5e-4ab4-981f-dc8616a3cc4b@group-1FC4E3DC1381-FollowerState] INFO  server.RaftServer$Division (RaftServerImpl.java:setRole(290)) - d262ff89-3d5e-4ab4-981f-dc8616a3cc4b@group-1FC4E3DC1381: changes role from  FOLLOWER to CANDIDATE at term 0 for changeToCandidate
2021-10-28 03:02:08,887 [d262ff89-3d5e-4ab4-981f-dc8616a3cc4b@group-1FC4E3DC1381-FollowerState] INFO  server.RaftServerConfigKeys (ConfUtils.java:logGet(44)) - raft.server.leaderelection.pre-vote = false (custom)
2021-10-28 03:02:08,887 [d262ff89-3d5e-4ab4-981f-dc8616a3cc4b@group-1FC4E3DC1381-FollowerState] INFO  impl.RoleInfo (RoleInfo.java:updateAndGet(130)) - d262ff89-3d5e-4ab4-981f-dc8616a3cc4b: start d262ff89-3d5e-4ab4-981f-dc8616a3cc4b@group-1FC4E3DC1381-LeaderElection34
2021-10-28 03:02:08,889 [EndpointStateMachine task thread for /127.0.0.1:12189 - 0 ] INFO  ipc.Client (Client.java:handleConnectionFailure(977)) - Retrying connect to server: localhost/127.0.0.1:12189. Already tried 4 time(s); retry policy is RetryUpToMaximumCountWithFixedSleep(maxRetries=15, sleepTime=1000 MILLISECONDS)
2021-10-28 03:02:08,892 [EndpointStateMachine task thread for /127.0.0.1:12199 - 0 ] INFO  ipc.Client (Client.java:handleConnectionFailure(977)) - Retrying connect to server: localhost/127.0.0.1:12199. Already tried 4 time(s); retry policy is RetryUpToMaximumCountWithFixedSleep(maxRetries=15, sleepTime=1000 MILLISECONDS)
2021-10-28 03:02:08,920 [d262ff89-3d5e-4ab4-981f-dc8616a3cc4b@group-1FC4E3DC1381-LeaderElection34] INFO  impl.LeaderElection (LeaderElection.java:askForVotes(306)) - d262ff89-3d5e-4ab4-981f-dc8616a3cc4b@group-1FC4E3DC1381-LeaderElection34 ELECTION round 0: submit vote requests at term 1 for -1: [7e7f778f-92a3-4c6a-870c-2544e6325884|rpc:127.0.0.1:39339|priority:1, d262ff89-3d5e-4ab4-981f-dc8616a3cc4b|rpc:127.0.0.1:35379|priority:0, 91f27009-ec66-4294-9321-b0739729fb6b|rpc:127.0.0.1:38297|priority:0], old=null
2021-10-28 03:02:08,947 [grpc-default-executor-1] INFO  server.RaftServer$Division (RaftServerImpl.java:requestVote(1046)) - 7e7f778f-92a3-4c6a-870c-2544e6325884@group-1FC4E3DC1381: receive requestVote(ELECTION, d262ff89-3d5e-4ab4-981f-dc8616a3cc4b, group-1FC4E3DC1381, 1, (t:0, i:0))
2021-10-28 03:02:08,947 [grpc-default-executor-1] INFO  impl.VoteContext (VoteContext.java:log(48)) - 7e7f778f-92a3-4c6a-870c-2544e6325884@group-1FC4E3DC1381-FOLLOWER: reject ELECTION from d262ff89-3d5e-4ab4-981f-dc8616a3cc4b: our priority 1 > candidate's priority 0
2021-10-28 03:02:08,947 [grpc-default-executor-1] INFO  server.RaftServer$Division (RaftServerImpl.java:setRole(290)) - 7e7f778f-92a3-4c6a-870c-2544e6325884@group-1FC4E3DC1381: changes role from  FOLLOWER to FOLLOWER at term 1 for candidate:d262ff89-3d5e-4ab4-981f-dc8616a3cc4b
2021-10-28 03:02:08,947 [grpc-default-executor-1] INFO  impl.RoleInfo (RoleInfo.java:shutdownFollowerState(108)) - 7e7f778f-92a3-4c6a-870c-2544e6325884: shutdown 7e7f778f-92a3-4c6a-870c-2544e6325884@group-1FC4E3DC1381-FollowerState
2021-10-28 03:02:08,947 [grpc-default-executor-1] INFO  impl.RoleInfo (RoleInfo.java:updateAndGet(130)) - 7e7f778f-92a3-4c6a-870c-2544e6325884: start 7e7f778f-92a3-4c6a-870c-2544e6325884@group-1FC4E3DC1381-FollowerState
2021-10-28 03:02:08,947 [7e7f778f-92a3-4c6a-870c-2544e6325884@group-1FC4E3DC1381-FollowerState] INFO  impl.FollowerState (FollowerState.java:run(143)) - 7e7f778f-92a3-4c6a-870c-2544e6325884@group-1FC4E3DC1381-FollowerState was interrupted: {}
java.lang.InterruptedException: sleep interrupted
	at java.lang.Thread.sleep(Native Method)
	at java.lang.Thread.sleep(Thread.java:340)
	at java.util.concurrent.TimeUnit.sleep(TimeUnit.java:386)
	at org.apache.ratis.util.TimeDuration.sleep(TimeDuration.java:324)
	at org.apache.ratis.util.TimeDuration.sleep(TimeDuration.java:309)
	at org.apache.ratis.server.impl.FollowerState.run(FollowerState.java:118)
2021-10-28 03:02:08,952 [grpc-default-executor-1] INFO  server.RaftServer$Division (RaftServerImpl.java:requestVote(1078)) - 7e7f778f-92a3-4c6a-870c-2544e6325884@group-1FC4E3DC1381 replies to ELECTION vote request: d262ff89-3d5e-4ab4-981f-dc8616a3cc4b<-7e7f778f-92a3-4c6a-870c-2544e6325884#0:FAIL-t1. Peer's state: 7e7f778f-92a3-4c6a-870c-2544e6325884@group-1FC4E3DC1381:t1, leader=null, voted=null, raftlog=7e7f778f-92a3-4c6a-870c-2544e6325884@group-1FC4E3DC1381-SegmentedRaftLog:OPENED:c-1, conf=-1: [7e7f778f-92a3-4c6a-870c-2544e6325884|rpc:127.0.0.1:39339|dataStream:|priority:1, d262ff89-3d5e-4ab4-981f-dc8616a3cc4b|rpc:127.0.0.1:35379|dataStream:|priority:0, 91f27009-ec66-4294-9321-b0739729fb6b|rpc:127.0.0.1:38297|dataStream:|priority:0], old=null
2021-10-28 03:02:08,967 [d262ff89-3d5e-4ab4-981f-dc8616a3cc4b@group-5B58ED6D724D-FollowerState] INFO  impl.FollowerState (FollowerState.java:run(134)) - d262ff89-3d5e-4ab4-981f-dc8616a3cc4b@group-5B58ED6D724D-FollowerState: change to CANDIDATE, lastRpcElapsedTime:5206217973ns, electionTimeout:5200ms
2021-10-28 03:02:08,967 [d262ff89-3d5e-4ab4-981f-dc8616a3cc4b@group-5B58ED6D724D-FollowerState] INFO  impl.RoleInfo (RoleInfo.java:shutdownFollowerState(108)) - d262ff89-3d5e-4ab4-981f-dc8616a3cc4b: shutdown d262ff89-3d5e-4ab4-981f-dc8616a3cc4b@group-5B58ED6D724D-FollowerState
2021-10-28 03:02:08,968 [d262ff89-3d5e-4ab4-981f-dc8616a3cc4b@group-5B58ED6D724D-FollowerState] INFO  server.RaftServer$Division (RaftServerImpl.java:setRole(290)) - d262ff89-3d5e-4ab4-981f-dc8616a3cc4b@group-5B58ED6D724D: changes role from  FOLLOWER to CANDIDATE at term 0 for changeToCandidate
2021-10-28 03:02:08,968 [d262ff89-3d5e-4ab4-981f-dc8616a3cc4b@group-5B58ED6D724D-FollowerState] INFO  server.RaftServerConfigKeys (ConfUtils.java:logGet(44)) - raft.server.leaderelection.pre-vote = false (custom)
2021-10-28 03:02:08,968 [d262ff89-3d5e-4ab4-981f-dc8616a3cc4b@group-5B58ED6D724D-FollowerState] INFO  impl.RoleInfo (RoleInfo.java:updateAndGet(130)) - d262ff89-3d5e-4ab4-981f-dc8616a3cc4b: start d262ff89-3d5e-4ab4-981f-dc8616a3cc4b@group-5B58ED6D724D-LeaderElection35
2021-10-28 03:02:08,983 [d262ff89-3d5e-4ab4-981f-dc8616a3cc4b@group-1FC4E3DC1381-LeaderElection34] INFO  impl.LeaderElection (LeaderElection.java:logAndReturn(89)) - d262ff89-3d5e-4ab4-981f-dc8616a3cc4b@group-1FC4E3DC1381-LeaderElection34: ELECTION REJECTED received 1 response(s) and 0 exception(s):
2021-10-28 03:02:08,983 [d262ff89-3d5e-4ab4-981f-dc8616a3cc4b@group-1FC4E3DC1381-LeaderElection34] INFO  impl.LeaderElection (LeaderElection.java:logAndReturn(93)) -   Response 0: d262ff89-3d5e-4ab4-981f-dc8616a3cc4b<-7e7f778f-92a3-4c6a-870c-2544e6325884#0:FAIL-t1
2021-10-28 03:02:08,983 [d262ff89-3d5e-4ab4-981f-dc8616a3cc4b@group-1FC4E3DC1381-LeaderElection34] INFO  impl.LeaderElection (LeaderElection.java:askForVotes(308)) - d262ff89-3d5e-4ab4-981f-dc8616a3cc4b@group-1FC4E3DC1381-LeaderElection34 ELECTION round 0: result REJECTED
2021-10-28 03:02:08,983 [d262ff89-3d5e-4ab4-981f-dc8616a3cc4b@group-1FC4E3DC1381-LeaderElection34] INFO  server.RaftServer$Division (RaftServerImpl.java:setRole(290)) - d262ff89-3d5e-4ab4-981f-dc8616a3cc4b@group-1FC4E3DC1381: changes role from CANDIDATE to FOLLOWER at term 1 for REJECTED
2021-10-28 03:02:08,983 [d262ff89-3d5e-4ab4-981f-dc8616a3cc4b@group-1FC4E3DC1381-LeaderElection34] INFO  impl.RoleInfo (RoleInfo.java:shutdownLeaderElection(121)) - d262ff89-3d5e-4ab4-981f-dc8616a3cc4b: shutdown d262ff89-3d5e-4ab4-981f-dc8616a3cc4b@group-1FC4E3DC1381-LeaderElection34
2021-10-28 03:02:08,983 [d262ff89-3d5e-4ab4-981f-dc8616a3cc4b@group-1FC4E3DC1381-LeaderElection34] INFO  impl.RoleInfo (RoleInfo.java:updateAndGet(130)) - d262ff89-3d5e-4ab4-981f-dc8616a3cc4b: start d262ff89-3d5e-4ab4-981f-dc8616a3cc4b@group-1FC4E3DC1381-FollowerState
2021-10-28 03:02:08,988 [grpc-default-executor-1] INFO  server.RaftServer$Division (RaftServerImpl.java:requestVote(1046)) - 91f27009-ec66-4294-9321-b0739729fb6b@group-1FC4E3DC1381: receive requestVote(ELECTION, d262ff89-3d5e-4ab4-981f-dc8616a3cc4b, group-1FC4E3DC1381, 1, (t:0, i:0))
2021-10-28 03:02:08,988 [grpc-default-executor-1] INFO  impl.VoteContext (VoteContext.java:log(48)) - 91f27009-ec66-4294-9321-b0739729fb6b@group-1FC4E3DC1381-FOLLOWER: accept ELECTION from d262ff89-3d5e-4ab4-981f-dc8616a3cc4b: our priority 0 <= candidate's priority 0
2021-10-28 03:02:08,988 [grpc-default-executor-1] INFO  server.RaftServer$Division (RaftServerImpl.java:setRole(290)) - 91f27009-ec66-4294-9321-b0739729fb6b@group-1FC4E3DC1381: changes role from  FOLLOWER to FOLLOWER at term 1 for candidate:d262ff89-3d5e-4ab4-981f-dc8616a3cc4b
2021-10-28 03:02:08,988 [grpc-default-executor-1] INFO  impl.RoleInfo (RoleInfo.java:shutdownFollowerState(108)) - 91f27009-ec66-4294-9321-b0739729fb6b: shutdown 91f27009-ec66-4294-9321-b0739729fb6b@group-1FC4E3DC1381-FollowerState
2021-10-28 03:02:08,988 [grpc-default-executor-1] INFO  impl.RoleInfo (RoleInfo.java:updateAndGet(130)) - 91f27009-ec66-4294-9321-b0739729fb6b: start 91f27009-ec66-4294-9321-b0739729fb6b@group-1FC4E3DC1381-FollowerState
2021-10-28 03:02:08,988 [91f27009-ec66-4294-9321-b0739729fb6b@group-1FC4E3DC1381-FollowerState] INFO  impl.FollowerState (FollowerState.java:run(143)) - 91f27009-ec66-4294-9321-b0739729fb6b@group-1FC4E3DC1381-FollowerState was interrupted: {}
java.lang.InterruptedException: sleep interrupted
	at java.lang.Thread.sleep(Native Method)
	at java.lang.Thread.sleep(Thread.java:340)
	at java.util.concurrent.TimeUnit.sleep(TimeUnit.java:386)
	at org.apache.ratis.util.TimeDuration.sleep(TimeDuration.java:324)
	at org.apache.ratis.util.TimeDuration.sleep(TimeDuration.java:309)
	at org.apache.ratis.server.impl.FollowerState.run(FollowerState.java:118)
2021-10-28 03:02:09,009 [grpc-default-executor-1] INFO  server.RaftServer$Division (RaftServerImpl.java:requestVote(1078)) - 91f27009-ec66-4294-9321-b0739729fb6b@group-1FC4E3DC1381 replies to ELECTION vote request: d262ff89-3d5e-4ab4-981f-dc8616a3cc4b<-91f27009-ec66-4294-9321-b0739729fb6b#0:OK-t1. Peer's state: 91f27009-ec66-4294-9321-b0739729fb6b@group-1FC4E3DC1381:t1, leader=null, voted=d262ff89-3d5e-4ab4-981f-dc8616a3cc4b, raftlog=91f27009-ec66-4294-9321-b0739729fb6b@group-1FC4E3DC1381-SegmentedRaftLog:OPENED:c-1, conf=-1: [7e7f778f-92a3-4c6a-870c-2544e6325884|rpc:127.0.0.1:39339|dataStream:|priority:1, d262ff89-3d5e-4ab4-981f-dc8616a3cc4b|rpc:127.0.0.1:35379|dataStream:|priority:0, 91f27009-ec66-4294-9321-b0739729fb6b|rpc:127.0.0.1:38297|dataStream:|priority:0], old=null
2021-10-28 03:02:09,015 [d262ff89-3d5e-4ab4-981f-dc8616a3cc4b@group-5B58ED6D724D-LeaderElection35] INFO  impl.LeaderElection (LeaderElection.java:askForVotes(306)) - d262ff89-3d5e-4ab4-981f-dc8616a3cc4b@group-5B58ED6D724D-LeaderElection35 ELECTION round 0: submit vote requests at term 1 for -1: [d262ff89-3d5e-4ab4-981f-dc8616a3cc4b|rpc:127.0.0.1:35379|priority:1], old=null
2021-10-28 03:02:09,016 [d262ff89-3d5e-4ab4-981f-dc8616a3cc4b@group-5B58ED6D724D-LeaderElection35] INFO  impl.LeaderElection (LeaderElection.java:askForVotes(308)) - d262ff89-3d5e-4ab4-981f-dc8616a3cc4b@group-5B58ED6D724D-LeaderElection35 ELECTION round 0: result PASSED (term=1)
2021-10-28 03:02:09,016 [d262ff89-3d5e-4ab4-981f-dc8616a3cc4b@group-5B58ED6D724D-LeaderElection35] INFO  impl.RoleInfo (RoleInfo.java:shutdownLeaderElection(121)) - d262ff89-3d5e-4ab4-981f-dc8616a3cc4b: shutdown d262ff89-3d5e-4ab4-981f-dc8616a3cc4b@group-5B58ED6D724D-LeaderElection35
2021-10-28 03:02:09,016 [d262ff89-3d5e-4ab4-981f-dc8616a3cc4b@group-5B58ED6D724D-LeaderElection35] INFO  server.RaftServer$Division (RaftServerImpl.java:setRole(290)) - d262ff89-3d5e-4ab4-981f-dc8616a3cc4b@group-5B58ED6D724D: changes role from CANDIDATE to LEADER at term 1 for changeToLeader
2021-10-28 03:02:09,016 [d262ff89-3d5e-4ab4-981f-dc8616a3cc4b@group-5B58ED6D724D-LeaderElection35] INFO  ratis.XceiverServerRatis (XceiverServerRatis.java:handleLeaderChangedNotification(866)) - Leader change notification received for group: group-5B58ED6D724D with new leaderId: d262ff89-3d5e-4ab4-981f-dc8616a3cc4b
2021-10-28 03:02:09,016 [d262ff89-3d5e-4ab4-981f-dc8616a3cc4b@group-5B58ED6D724D-LeaderElection35] INFO  server.RaftServer$Division (ServerState.java:setLeader(285)) - d262ff89-3d5e-4ab4-981f-dc8616a3cc4b@group-5B58ED6D724D: change Leader from null to d262ff89-3d5e-4ab4-981f-dc8616a3cc4b at term 1 for becomeLeader, leader elected after 5323ms
2021-10-28 03:02:09,017 [EventQueue-OpenPipelineForHealthyPipelineSafeModeRule] INFO  safemode.SCMSafeModeManager (HealthyPipelineSafeModeRule.java:process(124)) - SCM in safe mode. Healthy pipelines reported count is 0, required healthy pipeline reported count is 1
2021-10-28 03:02:09,017 [d262ff89-3d5e-4ab4-981f-dc8616a3cc4b@group-5B58ED6D724D-LeaderElection35] INFO  server.RaftServerConfigKeys (ConfUtils.java:logGet(44)) - raft.server.staging.catchup.gap = 1000 (default)
2021-10-28 03:02:09,018 [EventQueue-OpenPipelineForHealthyPipelineSafeModeRule] INFO  safemode.SCMSafeModeManager (HealthyPipelineSafeModeRule.java:process(124)) - SCM in safe mode. Healthy pipelines reported count is 0, required healthy pipeline reported count is 1
2021-10-28 03:02:09,021 [d262ff89-3d5e-4ab4-981f-dc8616a3cc4b@group-5B58ED6D724D-LeaderElection35] INFO  server.RaftServerConfigKeys (ConfUtils.java:logGet(44)) - raft.server.write.element-limit = 1024 (custom)
2021-10-28 03:02:09,021 [d262ff89-3d5e-4ab4-981f-dc8616a3cc4b@group-5B58ED6D724D-LeaderElection35] INFO  server.RaftServerConfigKeys (ConfUtils.java:logGet(44)) - raft.server.write.byte-limit = 1024 M (=1073741824) (custom)
2021-10-28 03:02:09,021 [d262ff89-3d5e-4ab4-981f-dc8616a3cc4b@group-5B58ED6D724D-LeaderElection35] INFO  server.RaftServerConfigKeys (ConfUtils.java:logGet(44)) - raft.server.watch.timeout = 180s (custom)
2021-10-28 03:02:09,021 [d262ff89-3d5e-4ab4-981f-dc8616a3cc4b@group-5B58ED6D724D-LeaderElection35] INFO  server.RaftServerConfigKeys (ConfUtils.java:logGet(44)) - raft.server.watch.timeout.denomination = 1s (default)
2021-10-28 03:02:09,021 [d262ff89-3d5e-4ab4-981f-dc8616a3cc4b@group-5B58ED6D724D-LeaderElection35] INFO  server.RaftServerConfigKeys (ConfUtils.java:logGet(44)) - raft.server.watch.element-limit = 65536 (default)
2021-10-28 03:02:09,021 [d262ff89-3d5e-4ab4-981f-dc8616a3cc4b@group-5B58ED6D724D-LeaderElection35] INFO  server.RaftServerConfigKeys (ConfUtils.java:logGet(44)) - raft.server.write.element-limit = 1024 (custom)
2021-10-28 03:02:09,021 [d262ff89-3d5e-4ab4-981f-dc8616a3cc4b@group-5B58ED6D724D-LeaderElection35] INFO  server.RaftServerConfigKeys (ConfUtils.java:logGet(44)) - raft.server.write.follower.gap.ratio.max = -1.0 (default)
2021-10-28 03:02:09,021 [d262ff89-3d5e-4ab4-981f-dc8616a3cc4b@group-5B58ED6D724D-LeaderElection35] INFO  impl.RoleInfo (RoleInfo.java:updateAndGet(130)) - d262ff89-3d5e-4ab4-981f-dc8616a3cc4b: start d262ff89-3d5e-4ab4-981f-dc8616a3cc4b@group-5B58ED6D724D-LeaderStateImpl
2021-10-28 03:02:09,022 [d262ff89-3d5e-4ab4-981f-dc8616a3cc4b@group-5B58ED6D724D-LeaderElection35] INFO  segmented.SegmentedRaftLogWorker (SegmentedRaftLogWorker.java:startLogSegment(394)) - d262ff89-3d5e-4ab4-981f-dc8616a3cc4b@group-5B58ED6D724D-SegmentedRaftLogWorker: Starting segment from index:0
2021-10-28 03:02:09,023 [d262ff89-3d5e-4ab4-981f-dc8616a3cc4b@group-5B58ED6D724D-SegmentedRaftLogWorker] INFO  segmented.SegmentedRaftLogWorker (SegmentedRaftLogWorker.java:execute(601)) - d262ff89-3d5e-4ab4-981f-dc8616a3cc4b@group-5B58ED6D724D-SegmentedRaftLogWorker: created new log segment /home/runner/work/ozone/ozone/hadoop-ozone/integration-test/target/test-dir/MiniOzoneClusterImpl-701359f1-d346-43a7-a18b-390751046f7b/datanode-0/data/ratis/2a860fd3-b7a1-42c2-aa92-5b58ed6d724d/current/log_inprogress_0
2021-10-28 03:02:09,051 [d262ff89-3d5e-4ab4-981f-dc8616a3cc4b@group-5B58ED6D724D-LeaderElection35] INFO  server.RaftServer$Division (ServerState.java:setRaftConf(387)) - d262ff89-3d5e-4ab4-981f-dc8616a3cc4b@group-5B58ED6D724D: set configuration 0: [d262ff89-3d5e-4ab4-981f-dc8616a3cc4b|rpc:127.0.0.1:35379|dataStream:|priority:1], old=null
2021-10-28 03:02:09,182 [7e7f778f-92a3-4c6a-870c-2544e6325884@group-A37BCEEDED0F-FollowerState] INFO  impl.FollowerState (FollowerState.java:run(134)) - 7e7f778f-92a3-4c6a-870c-2544e6325884@group-A37BCEEDED0F-FollowerState: change to CANDIDATE, lastRpcElapsedTime:5041525769ns, electionTimeout:5011ms
2021-10-28 03:02:09,182 [7e7f778f-92a3-4c6a-870c-2544e6325884@group-A37BCEEDED0F-FollowerState] INFO  impl.RoleInfo (RoleInfo.java:shutdownFollowerState(108)) - 7e7f778f-92a3-4c6a-870c-2544e6325884: shutdown 7e7f778f-92a3-4c6a-870c-2544e6325884@group-A37BCEEDED0F-FollowerState
2021-10-28 03:02:09,182 [7e7f778f-92a3-4c6a-870c-2544e6325884@group-A37BCEEDED0F-FollowerState] INFO  server.RaftServer$Division (RaftServerImpl.java:setRole(290)) - 7e7f778f-92a3-4c6a-870c-2544e6325884@group-A37BCEEDED0F: changes role from  FOLLOWER to CANDIDATE at term 0 for changeToCandidate
2021-10-28 03:02:09,184 [7e7f778f-92a3-4c6a-870c-2544e6325884@group-A37BCEEDED0F-FollowerState] INFO  server.RaftServerConfigKeys (ConfUtils.java:logGet(44)) - raft.server.leaderelection.pre-vote = false (custom)
2021-10-28 03:02:09,184 [7e7f778f-92a3-4c6a-870c-2544e6325884@group-A37BCEEDED0F-FollowerState] INFO  impl.RoleInfo (RoleInfo.java:updateAndGet(130)) - 7e7f778f-92a3-4c6a-870c-2544e6325884: start 7e7f778f-92a3-4c6a-870c-2544e6325884@group-A37BCEEDED0F-LeaderElection36
2021-10-28 03:02:09,226 [7e7f778f-92a3-4c6a-870c-2544e6325884@group-A37BCEEDED0F-LeaderElection36] INFO  impl.LeaderElection (LeaderElection.java:askForVotes(306)) - 7e7f778f-92a3-4c6a-870c-2544e6325884@group-A37BCEEDED0F-LeaderElection36 ELECTION round 0: submit vote requests at term 1 for -1: [7e7f778f-92a3-4c6a-870c-2544e6325884|rpc:127.0.0.1:39339|priority:0, d262ff89-3d5e-4ab4-981f-dc8616a3cc4b|rpc:127.0.0.1:35379|priority:0, 91f27009-ec66-4294-9321-b0739729fb6b|rpc:127.0.0.1:38297|priority:1], old=null
2021-10-28 03:02:09,242 [EndpointStateMachine task thread for /127.0.0.1:12209 - 0 ] INFO  ipc.Client (Client.java:handleConnectionFailure(977)) - Retrying connect to server: localhost/127.0.0.1:12209. Already tried 1 time(s); retry policy is RetryUpToMaximumCountWithFixedSleep(maxRetries=15, sleepTime=1000 MILLISECONDS)
2021-10-28 03:02:09,267 [grpc-default-executor-1] INFO  server.RaftServer$Division (RaftServerImpl.java:requestVote(1046)) - d262ff89-3d5e-4ab4-981f-dc8616a3cc4b@group-A37BCEEDED0F: receive requestVote(ELECTION, 7e7f778f-92a3-4c6a-870c-2544e6325884, group-A37BCEEDED0F, 1, (t:0, i:0))
2021-10-28 03:02:09,267 [grpc-default-executor-1] INFO  impl.VoteContext (VoteContext.java:log(48)) - d262ff89-3d5e-4ab4-981f-dc8616a3cc4b@group-A37BCEEDED0F-FOLLOWER: accept ELECTION from 7e7f778f-92a3-4c6a-870c-2544e6325884: our priority 0 <= candidate's priority 0
2021-10-28 03:02:09,267 [grpc-default-executor-1] INFO  server.RaftServer$Division (RaftServerImpl.java:setRole(290)) - d262ff89-3d5e-4ab4-981f-dc8616a3cc4b@group-A37BCEEDED0F: changes role from  FOLLOWER to FOLLOWER at term 1 for candidate:7e7f778f-92a3-4c6a-870c-2544e6325884
2021-10-28 03:02:09,267 [grpc-default-executor-1] INFO  impl.RoleInfo (RoleInfo.java:shutdownFollowerState(108)) - d262ff89-3d5e-4ab4-981f-dc8616a3cc4b: shutdown d262ff89-3d5e-4ab4-981f-dc8616a3cc4b@group-A37BCEEDED0F-FollowerState
2021-10-28 03:02:09,267 [grpc-default-executor-1] INFO  impl.RoleInfo (RoleInfo.java:updateAndGet(130)) - d262ff89-3d5e-4ab4-981f-dc8616a3cc4b: start d262ff89-3d5e-4ab4-981f-dc8616a3cc4b@group-A37BCEEDED0F-FollowerState
2021-10-28 03:02:09,267 [d262ff89-3d5e-4ab4-981f-dc8616a3cc4b@group-A37BCEEDED0F-FollowerState] INFO  impl.FollowerState (FollowerState.java:run(143)) - d262ff89-3d5e-4ab4-981f-dc8616a3cc4b@group-A37BCEEDED0F-FollowerState was interrupted: {}
java.lang.InterruptedException: sleep interrupted
	at java.lang.Thread.sleep(Native Method)
	at java.lang.Thread.sleep(Thread.java:340)
	at java.util.concurrent.TimeUnit.sleep(TimeUnit.java:386)
	at org.apache.ratis.util.TimeDuration.sleep(TimeDuration.java:324)
	at org.apache.ratis.util.TimeDuration.sleep(TimeDuration.java:309)
	at org.apache.ratis.server.impl.FollowerState.run(FollowerState.java:118)
2021-10-28 03:02:09,282 [grpc-default-executor-3] INFO  server.RaftServer$Division (RaftServerImpl.java:requestVote(1046)) - 91f27009-ec66-4294-9321-b0739729fb6b@group-A37BCEEDED0F: receive requestVote(ELECTION, 7e7f778f-92a3-4c6a-870c-2544e6325884, group-A37BCEEDED0F, 1, (t:0, i:0))
2021-10-28 03:02:09,283 [grpc-default-executor-3] INFO  impl.VoteContext (VoteContext.java:log(48)) - 91f27009-ec66-4294-9321-b0739729fb6b@group-A37BCEEDED0F-FOLLOWER: reject ELECTION from 7e7f778f-92a3-4c6a-870c-2544e6325884: our priority 1 > candidate's priority 0
2021-10-28 03:02:09,283 [grpc-default-executor-3] INFO  server.RaftServer$Division (RaftServerImpl.java:setRole(290)) - 91f27009-ec66-4294-9321-b0739729fb6b@group-A37BCEEDED0F: changes role from  FOLLOWER to FOLLOWER at term 1 for candidate:7e7f778f-92a3-4c6a-870c-2544e6325884
2021-10-28 03:02:09,283 [grpc-default-executor-3] INFO  impl.RoleInfo (RoleInfo.java:shutdownFollowerState(108)) - 91f27009-ec66-4294-9321-b0739729fb6b: shutdown 91f27009-ec66-4294-9321-b0739729fb6b@group-A37BCEEDED0F-FollowerState
2021-10-28 03:02:09,283 [grpc-default-executor-3] INFO  impl.RoleInfo (RoleInfo.java:updateAndGet(130)) - 91f27009-ec66-4294-9321-b0739729fb6b: start 91f27009-ec66-4294-9321-b0739729fb6b@group-A37BCEEDED0F-FollowerState
2021-10-28 03:02:09,283 [91f27009-ec66-4294-9321-b0739729fb6b@group-A37BCEEDED0F-FollowerState] INFO  impl.FollowerState (FollowerState.java:run(143)) - 91f27009-ec66-4294-9321-b0739729fb6b@group-A37BCEEDED0F-FollowerState was interrupted: {}
java.lang.InterruptedException: sleep interrupted
	at java.lang.Thread.sleep(Native Method)
	at java.lang.Thread.sleep(Thread.java:340)
	at java.util.concurrent.TimeUnit.sleep(TimeUnit.java:386)
	at org.apache.ratis.util.TimeDuration.sleep(TimeDuration.java:324)
	at org.apache.ratis.util.TimeDuration.sleep(TimeDuration.java:309)
	at org.apache.ratis.server.impl.FollowerState.run(FollowerState.java:118)
2021-10-28 03:02:09,288 [grpc-default-executor-3] INFO  server.RaftServer$Division (RaftServerImpl.java:requestVote(1078)) - 91f27009-ec66-4294-9321-b0739729fb6b@group-A37BCEEDED0F replies to ELECTION vote request: 7e7f778f-92a3-4c6a-870c-2544e6325884<-91f27009-ec66-4294-9321-b0739729fb6b#0:FAIL-t1. Peer's state: 91f27009-ec66-4294-9321-b0739729fb6b@group-A37BCEEDED0F:t1, leader=null, voted=null, raftlog=91f27009-ec66-4294-9321-b0739729fb6b@group-A37BCEEDED0F-SegmentedRaftLog:OPENED:c-1, conf=-1: [7e7f778f-92a3-4c6a-870c-2544e6325884|rpc:127.0.0.1:39339|dataStream:|priority:0, d262ff89-3d5e-4ab4-981f-dc8616a3cc4b|rpc:127.0.0.1:35379|dataStream:|priority:0, 91f27009-ec66-4294-9321-b0739729fb6b|rpc:127.0.0.1:38297|dataStream:|priority:1], old=null
2021-10-28 03:02:09,295 [grpc-default-executor-1] INFO  server.RaftServer$Division (RaftServerImpl.java:requestVote(1078)) - d262ff89-3d5e-4ab4-981f-dc8616a3cc4b@group-A37BCEEDED0F replies to ELECTION vote request: 7e7f778f-92a3-4c6a-870c-2544e6325884<-d262ff89-3d5e-4ab4-981f-dc8616a3cc4b#0:OK-t1. Peer's state: d262ff89-3d5e-4ab4-981f-dc8616a3cc4b@group-A37BCEEDED0F:t1, leader=null, voted=7e7f778f-92a3-4c6a-870c-2544e6325884, raftlog=d262ff89-3d5e-4ab4-981f-dc8616a3cc4b@group-A37BCEEDED0F-SegmentedRaftLog:OPENED:c-1, conf=-1: [7e7f778f-92a3-4c6a-870c-2544e6325884|rpc:127.0.0.1:39339|priority:0, d262ff89-3d5e-4ab4-981f-dc8616a3cc4b|rpc:127.0.0.1:35379|priority:0, 91f27009-ec66-4294-9321-b0739729fb6b|rpc:127.0.0.1:38297|priority:1], old=null
2021-10-28 03:02:09,304 [7e7f778f-92a3-4c6a-870c-2544e6325884@group-A37BCEEDED0F-LeaderElection36] INFO  impl.LeaderElection (LeaderElection.java:logAndReturn(89)) - 7e7f778f-92a3-4c6a-870c-2544e6325884@group-A37BCEEDED0F-LeaderElection36: ELECTION REJECTED received 1 response(s) and 0 exception(s):
2021-10-28 03:02:09,304 [7e7f778f-92a3-4c6a-870c-2544e6325884@group-A37BCEEDED0F-LeaderElection36] INFO  impl.LeaderElection (LeaderElection.java:logAndReturn(93)) -   Response 0: 7e7f778f-92a3-4c6a-870c-2544e6325884<-91f27009-ec66-4294-9321-b0739729fb6b#0:FAIL-t1
2021-10-28 03:02:09,304 [7e7f778f-92a3-4c6a-870c-2544e6325884@group-A37BCEEDED0F-LeaderElection36] INFO  impl.LeaderElection (LeaderElection.java:askForVotes(308)) - 7e7f778f-92a3-4c6a-870c-2544e6325884@group-A37BCEEDED0F-LeaderElection36 ELECTION round 0: result REJECTED
2021-10-28 03:02:09,304 [7e7f778f-92a3-4c6a-870c-2544e6325884@group-A37BCEEDED0F-LeaderElection36] INFO  server.RaftServer$Division (RaftServerImpl.java:setRole(290)) - 7e7f778f-92a3-4c6a-870c-2544e6325884@group-A37BCEEDED0F: changes role from CANDIDATE to FOLLOWER at term 1 for REJECTED
2021-10-28 03:02:09,304 [7e7f778f-92a3-4c6a-870c-2544e6325884@group-A37BCEEDED0F-LeaderElection36] INFO  impl.RoleInfo (RoleInfo.java:shutdownLeaderElection(121)) - 7e7f778f-92a3-4c6a-870c-2544e6325884: shutdown 7e7f778f-92a3-4c6a-870c-2544e6325884@group-A37BCEEDED0F-LeaderElection36
2021-10-28 03:02:09,304 [7e7f778f-92a3-4c6a-870c-2544e6325884@group-A37BCEEDED0F-LeaderElection36] INFO  impl.RoleInfo (RoleInfo.java:updateAndGet(130)) - 7e7f778f-92a3-4c6a-870c-2544e6325884: start 7e7f778f-92a3-4c6a-870c-2544e6325884@group-A37BCEEDED0F-FollowerState
2021-10-28 03:02:09,613 [Listener at 127.0.0.1/11132] INFO  ozone.MiniOzoneClusterImpl (MiniOzoneClusterImpl.java:lambda$waitForClusterToBeReady$0(235)) - Waiting for nodes to be ready. Got 4 of 3 DN Heartbeats.
2021-10-28 03:02:09,613 [Listener at 127.0.0.1/11132] INFO  ozone.MiniOzoneClusterImpl (MiniOzoneClusterImpl.java:lambda$waitForClusterToBeReady$0(238)) - Waiting for cluster to exit safe mode
2021-10-28 03:02:09,613 [Listener at 127.0.0.1/11132] INFO  ozone.MiniOzoneClusterImpl (MiniOzoneClusterImpl.java:lambda$waitForClusterToBeReady$0(240)) - SCM became leader
2021-10-28 03:02:09,744 [EndpointStateMachine task thread for /127.0.0.1:13023 - 0 ] INFO  ipc.Client (Client.java:handleConnectionFailure(977)) - Retrying connect to server: localhost/127.0.0.1:13023. Already tried 0 time(s); retry policy is RetryUpToMaximumCountWithFixedSleep(maxRetries=15, sleepTime=1000 MILLISECONDS)
2021-10-28 03:02:09,752 [EndpointStateMachine task thread for /127.0.0.1:13013 - 0 ] INFO  ipc.Client (Client.java:handleConnectionFailure(977)) - Retrying connect to server: localhost/127.0.0.1:13013. Already tried 0 time(s); retry policy is RetryUpToMaximumCountWithFixedSleep(maxRetries=15, sleepTime=1000 MILLISECONDS)
2021-10-28 03:02:09,889 [EndpointStateMachine task thread for /127.0.0.1:12189 - 0 ] INFO  ipc.Client (Client.java:handleConnectionFailure(977)) - Retrying connect to server: localhost/127.0.0.1:12189. Already tried 5 time(s); retry policy is RetryUpToMaximumCountWithFixedSleep(maxRetries=15, sleepTime=1000 MILLISECONDS)
2021-10-28 03:02:09,896 [EndpointStateMachine task thread for /127.0.0.1:12199 - 0 ] INFO  ipc.Client (Client.java:handleConnectionFailure(977)) - Retrying connect to server: localhost/127.0.0.1:12199. Already tried 5 time(s); retry policy is RetryUpToMaximumCountWithFixedSleep(maxRetries=15, sleepTime=1000 MILLISECONDS)
2021-10-28 03:02:10,124 [Datanode State Machine Daemon Thread] ERROR datanode.RunningDatanodeState (RunningDatanodeState.java:computeNextContainerState(199)) - Error in executing end point task.
java.util.concurrent.ExecutionException: java.util.concurrent.TimeoutException
	at java.util.concurrent.FutureTask.report(FutureTask.java:122)
	at java.util.concurrent.FutureTask.get(FutureTask.java:192)
	at org.apache.hadoop.ozone.container.common.states.datanode.RunningDatanodeState.computeNextContainerState(RunningDatanodeState.java:191)
	at org.apache.hadoop.ozone.container.common.states.datanode.RunningDatanodeState.await(RunningDatanodeState.java:231)
	at org.apache.hadoop.ozone.container.common.states.datanode.RunningDatanodeState.await(RunningDatanodeState.java:50)
	at org.apache.hadoop.ozone.container.common.statemachine.StateContext.execute(StateContext.java:633)
	at org.apache.hadoop.ozone.container.common.statemachine.DatanodeStateMachine.start(DatanodeStateMachine.java:280)
	at org.apache.hadoop.ozone.container.common.statemachine.DatanodeStateMachine.lambda$startDaemon$0(DatanodeStateMachine.java:468)
	at java.lang.Thread.run(Thread.java:748)
Caused by: java.util.concurrent.TimeoutException
	at java.util.concurrent.FutureTask.get(FutureTask.java:205)
	at org.apache.hadoop.ozone.container.common.states.datanode.RunningDatanodeState.lambda$execute$0(RunningDatanodeState.java:149)
	at java.util.concurrent.FutureTask.run(FutureTask.java:266)
	at java.util.concurrent.Executors$RunnableAdapter.call(Executors.java:511)
	at java.util.concurrent.FutureTask.run(FutureTask.java:266)
	at java.util.concurrent.ThreadPoolExecutor.runWorker(ThreadPoolExecutor.java:1149)
	at java.util.concurrent.ThreadPoolExecutor$Worker.run(ThreadPoolExecutor.java:624)
	... 1 more
2021-10-28 03:02:10,242 [EndpointStateMachine task thread for /127.0.0.1:12209 - 0 ] INFO  ipc.Client (Client.java:handleConnectionFailure(977)) - Retrying connect to server: localhost/127.0.0.1:12209. Already tried 2 time(s); retry policy is RetryUpToMaximumCountWithFixedSleep(maxRetries=15, sleepTime=1000 MILLISECONDS)
2021-10-28 03:02:10,613 [Listener at 127.0.0.1/11132] INFO  ozone.MiniOzoneClusterImpl (MiniOzoneClusterImpl.java:lambda$waitForClusterToBeReady$0(235)) - Waiting for nodes to be ready. Got 4 of 3 DN Heartbeats.
2021-10-28 03:02:10,614 [Listener at 127.0.0.1/11132] INFO  ozone.MiniOzoneClusterImpl (MiniOzoneClusterImpl.java:lambda$waitForClusterToBeReady$0(238)) - Waiting for cluster to exit safe mode
2021-10-28 03:02:10,614 [Listener at 127.0.0.1/11132] INFO  ozone.MiniOzoneClusterImpl (MiniOzoneClusterImpl.java:lambda$waitForClusterToBeReady$0(240)) - SCM became leader
2021-10-28 03:02:10,744 [EndpointStateMachine task thread for /127.0.0.1:13023 - 0 ] INFO  ipc.Client (Client.java:handleConnectionFailure(977)) - Retrying connect to server: localhost/127.0.0.1:13023. Already tried 1 time(s); retry policy is RetryUpToMaximumCountWithFixedSleep(maxRetries=15, sleepTime=1000 MILLISECONDS)
2021-10-28 03:02:10,752 [EndpointStateMachine task thread for /127.0.0.1:13013 - 0 ] INFO  ipc.Client (Client.java:handleConnectionFailure(977)) - Retrying connect to server: localhost/127.0.0.1:13013. Already tried 1 time(s); retry policy is RetryUpToMaximumCountWithFixedSleep(maxRetries=15, sleepTime=1000 MILLISECONDS)
2021-10-28 03:02:10,890 [EndpointStateMachine task thread for /127.0.0.1:12189 - 0 ] INFO  ipc.Client (Client.java:handleConnectionFailure(977)) - Retrying connect to server: localhost/127.0.0.1:12189. Already tried 6 time(s); retry policy is RetryUpToMaximumCountWithFixedSleep(maxRetries=15, sleepTime=1000 MILLISECONDS)
2021-10-28 03:02:10,896 [EndpointStateMachine task thread for /127.0.0.1:12199 - 0 ] INFO  ipc.Client (Client.java:handleConnectionFailure(977)) - Retrying connect to server: localhost/127.0.0.1:12199. Already tried 6 time(s); retry policy is RetryUpToMaximumCountWithFixedSleep(maxRetries=15, sleepTime=1000 MILLISECONDS)
2021-10-28 03:02:11,243 [EndpointStateMachine task thread for /127.0.0.1:12209 - 0 ] INFO  ipc.Client (Client.java:handleConnectionFailure(977)) - Retrying connect to server: localhost/127.0.0.1:12209. Already tried 3 time(s); retry policy is RetryUpToMaximumCountWithFixedSleep(maxRetries=15, sleepTime=1000 MILLISECONDS)
2021-10-28 03:02:11,614 [Listener at 127.0.0.1/11132] INFO  ozone.MiniOzoneClusterImpl (MiniOzoneClusterImpl.java:lambda$waitForClusterToBeReady$0(235)) - Waiting for nodes to be ready. Got 4 of 3 DN Heartbeats.
2021-10-28 03:02:11,614 [Listener at 127.0.0.1/11132] INFO  ozone.MiniOzoneClusterImpl (MiniOzoneClusterImpl.java:lambda$waitForClusterToBeReady$0(238)) - Waiting for cluster to exit safe mode
2021-10-28 03:02:11,614 [Listener at 127.0.0.1/11132] INFO  ozone.MiniOzoneClusterImpl (MiniOzoneClusterImpl.java:lambda$waitForClusterToBeReady$0(240)) - SCM became leader
2021-10-28 03:02:11,747 [EndpointStateMachine task thread for /127.0.0.1:13023 - 0 ] INFO  ipc.Client (Client.java:handleConnectionFailure(977)) - Retrying connect to server: localhost/127.0.0.1:13023. Already tried 2 time(s); retry policy is RetryUpToMaximumCountWithFixedSleep(maxRetries=15, sleepTime=1000 MILLISECONDS)
2021-10-28 03:02:11,752 [EndpointStateMachine task thread for /127.0.0.1:13013 - 0 ] INFO  ipc.Client (Client.java:handleConnectionFailure(977)) - Retrying connect to server: localhost/127.0.0.1:13013. Already tried 2 time(s); retry policy is RetryUpToMaximumCountWithFixedSleep(maxRetries=15, sleepTime=1000 MILLISECONDS)
2021-10-28 03:02:11,890 [EndpointStateMachine task thread for /127.0.0.1:12189 - 0 ] INFO  ipc.Client (Client.java:handleConnectionFailure(977)) - Retrying connect to server: localhost/127.0.0.1:12189. Already tried 7 time(s); retry policy is RetryUpToMaximumCountWithFixedSleep(maxRetries=15, sleepTime=1000 MILLISECONDS)
2021-10-28 03:02:11,897 [EndpointStateMachine task thread for /127.0.0.1:12199 - 0 ] INFO  ipc.Client (Client.java:handleConnectionFailure(977)) - Retrying connect to server: localhost/127.0.0.1:12199. Already tried 7 time(s); retry policy is RetryUpToMaximumCountWithFixedSleep(maxRetries=15, sleepTime=1000 MILLISECONDS)
2021-10-28 03:02:12,132 [Datanode State Machine Daemon Thread] ERROR datanode.RunningDatanodeState (RunningDatanodeState.java:computeNextContainerState(199)) - Error in executing end point task.
java.util.concurrent.ExecutionException: java.util.concurrent.TimeoutException
	at java.util.concurrent.FutureTask.report(FutureTask.java:122)
	at java.util.concurrent.FutureTask.get(FutureTask.java:192)
	at org.apache.hadoop.ozone.container.common.states.datanode.RunningDatanodeState.computeNextContainerState(RunningDatanodeState.java:191)
	at org.apache.hadoop.ozone.container.common.states.datanode.RunningDatanodeState.await(RunningDatanodeState.java:231)
	at org.apache.hadoop.ozone.container.common.states.datanode.RunningDatanodeState.await(RunningDatanodeState.java:50)
	at org.apache.hadoop.ozone.container.common.statemachine.StateContext.execute(StateContext.java:633)
	at org.apache.hadoop.ozone.container.common.statemachine.DatanodeStateMachine.start(DatanodeStateMachine.java:280)
	at org.apache.hadoop.ozone.container.common.statemachine.DatanodeStateMachine.lambda$startDaemon$0(DatanodeStateMachine.java:468)
	at java.lang.Thread.run(Thread.java:748)
Caused by: java.util.concurrent.TimeoutException
	at java.util.concurrent.FutureTask.get(FutureTask.java:205)
	at org.apache.hadoop.ozone.container.common.states.datanode.RunningDatanodeState.lambda$execute$0(RunningDatanodeState.java:149)
	at java.util.concurrent.FutureTask.run(FutureTask.java:266)
	at java.util.concurrent.Executors$RunnableAdapter.call(Executors.java:511)
	at java.util.concurrent.FutureTask.run(FutureTask.java:266)
	at java.util.concurrent.ThreadPoolExecutor.runWorker(ThreadPoolExecutor.java:1149)
	at java.util.concurrent.ThreadPoolExecutor$Worker.run(ThreadPoolExecutor.java:624)
	... 1 more
2021-10-28 03:02:12,243 [EndpointStateMachine task thread for /127.0.0.1:12209 - 0 ] INFO  ipc.Client (Client.java:handleConnectionFailure(977)) - Retrying connect to server: localhost/127.0.0.1:12209. Already tried 4 time(s); retry policy is RetryUpToMaximumCountWithFixedSleep(maxRetries=15, sleepTime=1000 MILLISECONDS)
2021-10-28 03:02:12,614 [Listener at 127.0.0.1/11132] INFO  ozone.MiniOzoneClusterImpl (MiniOzoneClusterImpl.java:lambda$waitForClusterToBeReady$0(235)) - Waiting for nodes to be ready. Got 4 of 3 DN Heartbeats.
2021-10-28 03:02:12,615 [Listener at 127.0.0.1/11132] INFO  ozone.MiniOzoneClusterImpl (MiniOzoneClusterImpl.java:lambda$waitForClusterToBeReady$0(238)) - Waiting for cluster to exit safe mode
2021-10-28 03:02:12,615 [Listener at 127.0.0.1/11132] INFO  ozone.MiniOzoneClusterImpl (MiniOzoneClusterImpl.java:lambda$waitForClusterToBeReady$0(240)) - SCM became leader
2021-10-28 03:02:12,748 [EndpointStateMachine task thread for /127.0.0.1:13023 - 0 ] INFO  ipc.Client (Client.java:handleConnectionFailure(977)) - Retrying connect to server: localhost/127.0.0.1:13023. Already tried 3 time(s); retry policy is RetryUpToMaximumCountWithFixedSleep(maxRetries=15, sleepTime=1000 MILLISECONDS)
2021-10-28 03:02:12,753 [EndpointStateMachine task thread for /127.0.0.1:13013 - 0 ] INFO  ipc.Client (Client.java:handleConnectionFailure(977)) - Retrying connect to server: localhost/127.0.0.1:13013. Already tried 3 time(s); retry policy is RetryUpToMaximumCountWithFixedSleep(maxRetries=15, sleepTime=1000 MILLISECONDS)
2021-10-28 03:02:12,890 [EndpointStateMachine task thread for /127.0.0.1:12189 - 0 ] INFO  ipc.Client (Client.java:handleConnectionFailure(977)) - Retrying connect to server: localhost/127.0.0.1:12189. Already tried 8 time(s); retry policy is RetryUpToMaximumCountWithFixedSleep(maxRetries=15, sleepTime=1000 MILLISECONDS)
2021-10-28 03:02:12,897 [EndpointStateMachine task thread for /127.0.0.1:12199 - 0 ] INFO  ipc.Client (Client.java:handleConnectionFailure(977)) - Retrying connect to server: localhost/127.0.0.1:12199. Already tried 8 time(s); retry policy is RetryUpToMaximumCountWithFixedSleep(maxRetries=15, sleepTime=1000 MILLISECONDS)
2021-10-28 03:02:13,244 [EndpointStateMachine task thread for /127.0.0.1:12209 - 0 ] INFO  ipc.Client (Client.java:handleConnectionFailure(977)) - Retrying connect to server: localhost/127.0.0.1:12209. Already tried 5 time(s); retry policy is RetryUpToMaximumCountWithFixedSleep(maxRetries=15, sleepTime=1000 MILLISECONDS)
2021-10-28 03:02:13,615 [Listener at 127.0.0.1/11132] INFO  ozone.MiniOzoneClusterImpl (MiniOzoneClusterImpl.java:lambda$waitForClusterToBeReady$0(235)) - Waiting for nodes to be ready. Got 4 of 3 DN Heartbeats.
2021-10-28 03:02:13,615 [Listener at 127.0.0.1/11132] INFO  ozone.MiniOzoneClusterImpl (MiniOzoneClusterImpl.java:lambda$waitForClusterToBeReady$0(238)) - Waiting for cluster to exit safe mode
2021-10-28 03:02:13,615 [Listener at 127.0.0.1/11132] INFO  ozone.MiniOzoneClusterImpl (MiniOzoneClusterImpl.java:lambda$waitForClusterToBeReady$0(240)) - SCM became leader
2021-10-28 03:02:13,748 [EndpointStateMachine task thread for /127.0.0.1:13023 - 0 ] INFO  ipc.Client (Client.java:handleConnectionFailure(977)) - Retrying connect to server: localhost/127.0.0.1:13023. Already tried 4 time(s); retry policy is RetryUpToMaximumCountWithFixedSleep(maxRetries=15, sleepTime=1000 MILLISECONDS)
2021-10-28 03:02:13,753 [EndpointStateMachine task thread for /127.0.0.1:13013 - 0 ] INFO  ipc.Client (Client.java:handleConnectionFailure(977)) - Retrying connect to server: localhost/127.0.0.1:13013. Already tried 4 time(s); retry policy is RetryUpToMaximumCountWithFixedSleep(maxRetries=15, sleepTime=1000 MILLISECONDS)
2021-10-28 03:02:13,891 [EndpointStateMachine task thread for /127.0.0.1:12189 - 0 ] INFO  ipc.Client (Client.java:handleConnectionFailure(977)) - Retrying connect to server: localhost/127.0.0.1:12189. Already tried 9 time(s); retry policy is RetryUpToMaximumCountWithFixedSleep(maxRetries=15, sleepTime=1000 MILLISECONDS)
2021-10-28 03:02:13,897 [EndpointStateMachine task thread for /127.0.0.1:12199 - 0 ] INFO  ipc.Client (Client.java:handleConnectionFailure(977)) - Retrying connect to server: localhost/127.0.0.1:12199. Already tried 9 time(s); retry policy is RetryUpToMaximumCountWithFixedSleep(maxRetries=15, sleepTime=1000 MILLISECONDS)
2021-10-28 03:02:14,037 [d262ff89-3d5e-4ab4-981f-dc8616a3cc4b@group-1FC4E3DC1381-FollowerState] INFO  impl.FollowerState (FollowerState.java:run(134)) - d262ff89-3d5e-4ab4-981f-dc8616a3cc4b@group-1FC4E3DC1381-FollowerState: change to CANDIDATE, lastRpcElapsedTime:5053818184ns, electionTimeout:5053ms
2021-10-28 03:02:14,037 [d262ff89-3d5e-4ab4-981f-dc8616a3cc4b@group-1FC4E3DC1381-FollowerState] INFO  impl.RoleInfo (RoleInfo.java:shutdownFollowerState(108)) - d262ff89-3d5e-4ab4-981f-dc8616a3cc4b: shutdown d262ff89-3d5e-4ab4-981f-dc8616a3cc4b@group-1FC4E3DC1381-FollowerState
2021-10-28 03:02:14,037 [d262ff89-3d5e-4ab4-981f-dc8616a3cc4b@group-1FC4E3DC1381-FollowerState] INFO  server.RaftServer$Division (RaftServerImpl.java:setRole(290)) - d262ff89-3d5e-4ab4-981f-dc8616a3cc4b@group-1FC4E3DC1381: changes role from  FOLLOWER to CANDIDATE at term 1 for changeToCandidate
2021-10-28 03:02:14,037 [d262ff89-3d5e-4ab4-981f-dc8616a3cc4b@group-1FC4E3DC1381-FollowerState] INFO  server.RaftServerConfigKeys (ConfUtils.java:logGet(44)) - raft.server.leaderelection.pre-vote = false (custom)
2021-10-28 03:02:14,037 [d262ff89-3d5e-4ab4-981f-dc8616a3cc4b@group-1FC4E3DC1381-FollowerState] INFO  impl.RoleInfo (RoleInfo.java:updateAndGet(130)) - d262ff89-3d5e-4ab4-981f-dc8616a3cc4b: start d262ff89-3d5e-4ab4-981f-dc8616a3cc4b@group-1FC4E3DC1381-LeaderElection37
2021-10-28 03:02:14,046 [7e7f778f-92a3-4c6a-870c-2544e6325884@group-1FC4E3DC1381-FollowerState] INFO  impl.FollowerState (FollowerState.java:run(134)) - 7e7f778f-92a3-4c6a-870c-2544e6325884@group-1FC4E3DC1381-FollowerState: change to CANDIDATE, lastRpcElapsedTime:5099312445ns, electionTimeout:5044ms
2021-10-28 03:02:14,047 [7e7f778f-92a3-4c6a-870c-2544e6325884@group-1FC4E3DC1381-FollowerState] INFO  impl.RoleInfo (RoleInfo.java:shutdownFollowerState(108)) - 7e7f778f-92a3-4c6a-870c-2544e6325884: shutdown 7e7f778f-92a3-4c6a-870c-2544e6325884@group-1FC4E3DC1381-FollowerState
2021-10-28 03:02:14,047 [7e7f778f-92a3-4c6a-870c-2544e6325884@group-1FC4E3DC1381-FollowerState] INFO  server.RaftServer$Division (RaftServerImpl.java:setRole(290)) - 7e7f778f-92a3-4c6a-870c-2544e6325884@group-1FC4E3DC1381: changes role from  FOLLOWER to CANDIDATE at term 1 for changeToCandidate
2021-10-28 03:02:14,075 [7e7f778f-92a3-4c6a-870c-2544e6325884@group-1FC4E3DC1381-FollowerState] INFO  server.RaftServerConfigKeys (ConfUtils.java:logGet(44)) - raft.server.leaderelection.pre-vote = false (custom)
2021-10-28 03:02:14,076 [7e7f778f-92a3-4c6a-870c-2544e6325884@group-1FC4E3DC1381-FollowerState] INFO  impl.RoleInfo (RoleInfo.java:updateAndGet(130)) - 7e7f778f-92a3-4c6a-870c-2544e6325884: start 7e7f778f-92a3-4c6a-870c-2544e6325884@group-1FC4E3DC1381-LeaderElection38
2021-10-28 03:02:14,079 [d262ff89-3d5e-4ab4-981f-dc8616a3cc4b@group-1FC4E3DC1381-LeaderElection37] INFO  impl.LeaderElection (LeaderElection.java:askForVotes(306)) - d262ff89-3d5e-4ab4-981f-dc8616a3cc4b@group-1FC4E3DC1381-LeaderElection37 ELECTION round 0: submit vote requests at term 2 for -1: [7e7f778f-92a3-4c6a-870c-2544e6325884|rpc:127.0.0.1:39339|priority:1, d262ff89-3d5e-4ab4-981f-dc8616a3cc4b|rpc:127.0.0.1:35379|priority:0, 91f27009-ec66-4294-9321-b0739729fb6b|rpc:127.0.0.1:38297|priority:0], old=null
2021-10-28 03:02:14,128 [7e7f778f-92a3-4c6a-870c-2544e6325884@group-1FC4E3DC1381-LeaderElection38] INFO  impl.LeaderElection (LeaderElection.java:askForVotes(306)) - 7e7f778f-92a3-4c6a-870c-2544e6325884@group-1FC4E3DC1381-LeaderElection38 ELECTION round 0: submit vote requests at term 2 for -1: [7e7f778f-92a3-4c6a-870c-2544e6325884|rpc:127.0.0.1:39339|dataStream:|priority:1, d262ff89-3d5e-4ab4-981f-dc8616a3cc4b|rpc:127.0.0.1:35379|dataStream:|priority:0, 91f27009-ec66-4294-9321-b0739729fb6b|rpc:127.0.0.1:38297|dataStream:|priority:0], old=null
2021-10-28 03:02:14,151 [grpc-default-executor-1] INFO  server.RaftServer$Division (RaftServerImpl.java:requestVote(1046)) - 91f27009-ec66-4294-9321-b0739729fb6b@group-1FC4E3DC1381: receive requestVote(ELECTION, d262ff89-3d5e-4ab4-981f-dc8616a3cc4b, group-1FC4E3DC1381, 2, (t:0, i:0))
2021-10-28 03:02:14,151 [grpc-default-executor-1] INFO  impl.VoteContext (VoteContext.java:log(48)) - 91f27009-ec66-4294-9321-b0739729fb6b@group-1FC4E3DC1381-FOLLOWER: accept ELECTION from d262ff89-3d5e-4ab4-981f-dc8616a3cc4b: our priority 0 <= candidate's priority 0
2021-10-28 03:02:14,151 [grpc-default-executor-1] INFO  server.RaftServer$Division (RaftServerImpl.java:setRole(290)) - 91f27009-ec66-4294-9321-b0739729fb6b@group-1FC4E3DC1381: changes role from  FOLLOWER to FOLLOWER at term 2 for candidate:d262ff89-3d5e-4ab4-981f-dc8616a3cc4b
2021-10-28 03:02:14,151 [grpc-default-executor-1] INFO  impl.RoleInfo (RoleInfo.java:shutdownFollowerState(108)) - 91f27009-ec66-4294-9321-b0739729fb6b: shutdown 91f27009-ec66-4294-9321-b0739729fb6b@group-1FC4E3DC1381-FollowerState
2021-10-28 03:02:14,151 [grpc-default-executor-1] INFO  impl.RoleInfo (RoleInfo.java:updateAndGet(130)) - 91f27009-ec66-4294-9321-b0739729fb6b: start 91f27009-ec66-4294-9321-b0739729fb6b@group-1FC4E3DC1381-FollowerState
2021-10-28 03:02:14,152 [91f27009-ec66-4294-9321-b0739729fb6b@group-1FC4E3DC1381-FollowerState] INFO  impl.FollowerState (FollowerState.java:run(143)) - 91f27009-ec66-4294-9321-b0739729fb6b@group-1FC4E3DC1381-FollowerState was interrupted: {}
java.lang.InterruptedException: sleep interrupted
	at java.lang.Thread.sleep(Native Method)
	at java.lang.Thread.sleep(Thread.java:340)
	at java.util.concurrent.TimeUnit.sleep(TimeUnit.java:386)
	at org.apache.ratis.util.TimeDuration.sleep(TimeDuration.java:324)
	at org.apache.ratis.util.TimeDuration.sleep(TimeDuration.java:309)
	at org.apache.ratis.server.impl.FollowerState.run(FollowerState.java:118)
2021-10-28 03:02:14,153 [grpc-default-executor-3] INFO  server.RaftServer$Division (RaftServerImpl.java:requestVote(1046)) - 7e7f778f-92a3-4c6a-870c-2544e6325884@group-1FC4E3DC1381: receive requestVote(ELECTION, d262ff89-3d5e-4ab4-981f-dc8616a3cc4b, group-1FC4E3DC1381, 2, (t:0, i:0))
2021-10-28 03:02:14,154 [grpc-default-executor-3] INFO  impl.VoteContext (VoteContext.java:log(48)) - 7e7f778f-92a3-4c6a-870c-2544e6325884@group-1FC4E3DC1381-CANDIDATE: reject ELECTION from d262ff89-3d5e-4ab4-981f-dc8616a3cc4b: already has voted for 7e7f778f-92a3-4c6a-870c-2544e6325884 at current term 2
2021-10-28 03:02:14,154 [grpc-default-executor-3] INFO  server.RaftServer$Division (RaftServerImpl.java:requestVote(1078)) - 7e7f778f-92a3-4c6a-870c-2544e6325884@group-1FC4E3DC1381 replies to ELECTION vote request: d262ff89-3d5e-4ab4-981f-dc8616a3cc4b<-7e7f778f-92a3-4c6a-870c-2544e6325884#0:FAIL-t2. Peer's state: 7e7f778f-92a3-4c6a-870c-2544e6325884@group-1FC4E3DC1381:t2, leader=null, voted=7e7f778f-92a3-4c6a-870c-2544e6325884, raftlog=7e7f778f-92a3-4c6a-870c-2544e6325884@group-1FC4E3DC1381-SegmentedRaftLog:OPENED:c-1, conf=-1: [7e7f778f-92a3-4c6a-870c-2544e6325884|rpc:127.0.0.1:39339|dataStream:|priority:1, d262ff89-3d5e-4ab4-981f-dc8616a3cc4b|rpc:127.0.0.1:35379|dataStream:|priority:0, 91f27009-ec66-4294-9321-b0739729fb6b|rpc:127.0.0.1:38297|dataStream:|priority:0], old=null
2021-10-28 03:02:14,174 [grpc-default-executor-3] INFO  server.RaftServer$Division (RaftServerImpl.java:requestVote(1046)) - d262ff89-3d5e-4ab4-981f-dc8616a3cc4b@group-1FC4E3DC1381: receive requestVote(ELECTION, 7e7f778f-92a3-4c6a-870c-2544e6325884, group-1FC4E3DC1381, 2, (t:0, i:0))
2021-10-28 03:02:14,174 [grpc-default-executor-3] INFO  impl.VoteContext (VoteContext.java:log(48)) - d262ff89-3d5e-4ab4-981f-dc8616a3cc4b@group-1FC4E3DC1381-CANDIDATE: reject ELECTION from 7e7f778f-92a3-4c6a-870c-2544e6325884: already has voted for d262ff89-3d5e-4ab4-981f-dc8616a3cc4b at current term 2
2021-10-28 03:02:14,174 [grpc-default-executor-3] INFO  server.RaftServer$Division (RaftServerImpl.java:requestVote(1078)) - d262ff89-3d5e-4ab4-981f-dc8616a3cc4b@group-1FC4E3DC1381 replies to ELECTION vote request: 7e7f778f-92a3-4c6a-870c-2544e6325884<-d262ff89-3d5e-4ab4-981f-dc8616a3cc4b#0:FAIL-t2. Peer's state: d262ff89-3d5e-4ab4-981f-dc8616a3cc4b@group-1FC4E3DC1381:t2, leader=null, voted=d262ff89-3d5e-4ab4-981f-dc8616a3cc4b, raftlog=d262ff89-3d5e-4ab4-981f-dc8616a3cc4b@group-1FC4E3DC1381-SegmentedRaftLog:OPENED:c-1, conf=-1: [7e7f778f-92a3-4c6a-870c-2544e6325884|rpc:127.0.0.1:39339|priority:1, d262ff89-3d5e-4ab4-981f-dc8616a3cc4b|rpc:127.0.0.1:35379|priority:0, 91f27009-ec66-4294-9321-b0739729fb6b|rpc:127.0.0.1:38297|priority:0], old=null
2021-10-28 03:02:14,191 [grpc-default-executor-1] INFO  server.RaftServer$Division (RaftServerImpl.java:requestVote(1078)) - 91f27009-ec66-4294-9321-b0739729fb6b@group-1FC4E3DC1381 replies to ELECTION vote request: d262ff89-3d5e-4ab4-981f-dc8616a3cc4b<-91f27009-ec66-4294-9321-b0739729fb6b#0:OK-t2. Peer's state: 91f27009-ec66-4294-9321-b0739729fb6b@group-1FC4E3DC1381:t2, leader=null, voted=d262ff89-3d5e-4ab4-981f-dc8616a3cc4b, raftlog=91f27009-ec66-4294-9321-b0739729fb6b@group-1FC4E3DC1381-SegmentedRaftLog:OPENED:c-1, conf=-1: [7e7f778f-92a3-4c6a-870c-2544e6325884|rpc:127.0.0.1:39339|dataStream:|priority:1, d262ff89-3d5e-4ab4-981f-dc8616a3cc4b|rpc:127.0.0.1:35379|dataStream:|priority:0, 91f27009-ec66-4294-9321-b0739729fb6b|rpc:127.0.0.1:38297|dataStream:|priority:0], old=null
2021-10-28 03:02:14,192 [d262ff89-3d5e-4ab4-981f-dc8616a3cc4b@group-1FC4E3DC1381-LeaderElection37] INFO  impl.LeaderElection (LeaderElection.java:logAndReturn(89)) - d262ff89-3d5e-4ab4-981f-dc8616a3cc4b@group-1FC4E3DC1381-LeaderElection37: ELECTION REJECTED received 1 response(s) and 0 exception(s):
2021-10-28 03:02:14,192 [d262ff89-3d5e-4ab4-981f-dc8616a3cc4b@group-1FC4E3DC1381-LeaderElection37] INFO  impl.LeaderElection (LeaderElection.java:logAndReturn(93)) -   Response 0: d262ff89-3d5e-4ab4-981f-dc8616a3cc4b<-7e7f778f-92a3-4c6a-870c-2544e6325884#0:FAIL-t2
2021-10-28 03:02:14,192 [d262ff89-3d5e-4ab4-981f-dc8616a3cc4b@group-1FC4E3DC1381-LeaderElection37] INFO  impl.LeaderElection (LeaderElection.java:askForVotes(308)) - d262ff89-3d5e-4ab4-981f-dc8616a3cc4b@group-1FC4E3DC1381-LeaderElection37 ELECTION round 0: result REJECTED
2021-10-28 03:02:14,192 [d262ff89-3d5e-4ab4-981f-dc8616a3cc4b@group-1FC4E3DC1381-LeaderElection37] INFO  server.RaftServer$Division (RaftServerImpl.java:setRole(290)) - d262ff89-3d5e-4ab4-981f-dc8616a3cc4b@group-1FC4E3DC1381: changes role from CANDIDATE to FOLLOWER at term 2 for REJECTED
2021-10-28 03:02:14,192 [d262ff89-3d5e-4ab4-981f-dc8616a3cc4b@group-1FC4E3DC1381-LeaderElection37] INFO  impl.RoleInfo (RoleInfo.java:shutdownLeaderElection(121)) - d262ff89-3d5e-4ab4-981f-dc8616a3cc4b: shutdown d262ff89-3d5e-4ab4-981f-dc8616a3cc4b@group-1FC4E3DC1381-LeaderElection37
2021-10-28 03:02:14,192 [d262ff89-3d5e-4ab4-981f-dc8616a3cc4b@group-1FC4E3DC1381-LeaderElection37] INFO  impl.RoleInfo (RoleInfo.java:updateAndGet(130)) - d262ff89-3d5e-4ab4-981f-dc8616a3cc4b: start d262ff89-3d5e-4ab4-981f-dc8616a3cc4b@group-1FC4E3DC1381-FollowerState
2021-10-28 03:02:14,211 [grpc-default-executor-1] INFO  server.RaftServer$Division (RaftServerImpl.java:requestVote(1046)) - 91f27009-ec66-4294-9321-b0739729fb6b@group-1FC4E3DC1381: receive requestVote(ELECTION, 7e7f778f-92a3-4c6a-870c-2544e6325884, group-1FC4E3DC1381, 2, (t:0, i:0))
2021-10-28 03:02:14,211 [grpc-default-executor-1] INFO  impl.VoteContext (VoteContext.java:log(48)) - 91f27009-ec66-4294-9321-b0739729fb6b@group-1FC4E3DC1381-FOLLOWER: reject ELECTION from 7e7f778f-92a3-4c6a-870c-2544e6325884: already has voted for d262ff89-3d5e-4ab4-981f-dc8616a3cc4b at current term 2
2021-10-28 03:02:14,211 [grpc-default-executor-1] INFO  server.RaftServer$Division (RaftServerImpl.java:requestVote(1078)) - 91f27009-ec66-4294-9321-b0739729fb6b@group-1FC4E3DC1381 replies to ELECTION vote request: 7e7f778f-92a3-4c6a-870c-2544e6325884<-91f27009-ec66-4294-9321-b0739729fb6b#0:FAIL-t2. Peer's state: 91f27009-ec66-4294-9321-b0739729fb6b@group-1FC4E3DC1381:t2, leader=null, voted=d262ff89-3d5e-4ab4-981f-dc8616a3cc4b, raftlog=91f27009-ec66-4294-9321-b0739729fb6b@group-1FC4E3DC1381-SegmentedRaftLog:OPENED:c-1, conf=-1: [7e7f778f-92a3-4c6a-870c-2544e6325884|rpc:127.0.0.1:39339|dataStream:|priority:1, d262ff89-3d5e-4ab4-981f-dc8616a3cc4b|rpc:127.0.0.1:35379|dataStream:|priority:0, 91f27009-ec66-4294-9321-b0739729fb6b|rpc:127.0.0.1:38297|dataStream:|priority:0], old=null
2021-10-28 03:02:14,212 [7e7f778f-92a3-4c6a-870c-2544e6325884@group-1FC4E3DC1381-LeaderElection38] INFO  impl.LeaderElection (LeaderElection.java:logAndReturn(89)) - 7e7f778f-92a3-4c6a-870c-2544e6325884@group-1FC4E3DC1381-LeaderElection38: ELECTION REJECTED received 2 response(s) and 0 exception(s):
2021-10-28 03:02:14,212 [7e7f778f-92a3-4c6a-870c-2544e6325884@group-1FC4E3DC1381-LeaderElection38] INFO  impl.LeaderElection (LeaderElection.java:logAndReturn(93)) -   Response 0: 7e7f778f-92a3-4c6a-870c-2544e6325884<-d262ff89-3d5e-4ab4-981f-dc8616a3cc4b#0:FAIL-t2
2021-10-28 03:02:14,212 [7e7f778f-92a3-4c6a-870c-2544e6325884@group-1FC4E3DC1381-LeaderElection38] INFO  impl.LeaderElection (LeaderElection.java:logAndReturn(93)) -   Response 1: 7e7f778f-92a3-4c6a-870c-2544e6325884<-91f27009-ec66-4294-9321-b0739729fb6b#0:FAIL-t2
2021-10-28 03:02:14,212 [7e7f778f-92a3-4c6a-870c-2544e6325884@group-1FC4E3DC1381-LeaderElection38] INFO  impl.LeaderElection (LeaderElection.java:askForVotes(308)) - 7e7f778f-92a3-4c6a-870c-2544e6325884@group-1FC4E3DC1381-LeaderElection38 ELECTION round 0: result REJECTED
2021-10-28 03:02:14,212 [7e7f778f-92a3-4c6a-870c-2544e6325884@group-1FC4E3DC1381-LeaderElection38] INFO  server.RaftServer$Division (RaftServerImpl.java:setRole(290)) - 7e7f778f-92a3-4c6a-870c-2544e6325884@group-1FC4E3DC1381: changes role from CANDIDATE to FOLLOWER at term 2 for REJECTED
2021-10-28 03:02:14,212 [7e7f778f-92a3-4c6a-870c-2544e6325884@group-1FC4E3DC1381-LeaderElection38] INFO  impl.RoleInfo (RoleInfo.java:shutdownLeaderElection(121)) - 7e7f778f-92a3-4c6a-870c-2544e6325884: shutdown 7e7f778f-92a3-4c6a-870c-2544e6325884@group-1FC4E3DC1381-LeaderElection38
2021-10-28 03:02:14,212 [7e7f778f-92a3-4c6a-870c-2544e6325884@group-1FC4E3DC1381-LeaderElection38] INFO  impl.RoleInfo (RoleInfo.java:updateAndGet(130)) - 7e7f778f-92a3-4c6a-870c-2544e6325884: start 7e7f778f-92a3-4c6a-870c-2544e6325884@group-1FC4E3DC1381-FollowerState
2021-10-28 03:02:14,246 [EndpointStateMachine task thread for /127.0.0.1:12209 - 0 ] INFO  ipc.Client (Client.java:handleConnectionFailure(977)) - Retrying connect to server: localhost/127.0.0.1:12209. Already tried 6 time(s); retry policy is RetryUpToMaximumCountWithFixedSleep(maxRetries=15, sleepTime=1000 MILLISECONDS)
2021-10-28 03:02:14,388 [d262ff89-3d5e-4ab4-981f-dc8616a3cc4b@group-A37BCEEDED0F-FollowerState] INFO  impl.FollowerState (FollowerState.java:run(134)) - d262ff89-3d5e-4ab4-981f-dc8616a3cc4b@group-A37BCEEDED0F-FollowerState: change to CANDIDATE, lastRpcElapsedTime:5093490656ns, electionTimeout:5075ms
2021-10-28 03:02:14,389 [d262ff89-3d5e-4ab4-981f-dc8616a3cc4b@group-A37BCEEDED0F-FollowerState] INFO  impl.RoleInfo (RoleInfo.java:shutdownFollowerState(108)) - d262ff89-3d5e-4ab4-981f-dc8616a3cc4b: shutdown d262ff89-3d5e-4ab4-981f-dc8616a3cc4b@group-A37BCEEDED0F-FollowerState
2021-10-28 03:02:14,389 [d262ff89-3d5e-4ab4-981f-dc8616a3cc4b@group-A37BCEEDED0F-FollowerState] INFO  server.RaftServer$Division (RaftServerImpl.java:setRole(290)) - d262ff89-3d5e-4ab4-981f-dc8616a3cc4b@group-A37BCEEDED0F: changes role from  FOLLOWER to CANDIDATE at term 1 for changeToCandidate
2021-10-28 03:02:14,389 [d262ff89-3d5e-4ab4-981f-dc8616a3cc4b@group-A37BCEEDED0F-FollowerState] INFO  server.RaftServerConfigKeys (ConfUtils.java:logGet(44)) - raft.server.leaderelection.pre-vote = false (custom)
2021-10-28 03:02:14,389 [d262ff89-3d5e-4ab4-981f-dc8616a3cc4b@group-A37BCEEDED0F-FollowerState] INFO  impl.RoleInfo (RoleInfo.java:updateAndGet(130)) - d262ff89-3d5e-4ab4-981f-dc8616a3cc4b: start d262ff89-3d5e-4ab4-981f-dc8616a3cc4b@group-A37BCEEDED0F-LeaderElection39
2021-10-28 03:02:14,403 [7e7f778f-92a3-4c6a-870c-2544e6325884@group-A37BCEEDED0F-FollowerState] INFO  impl.FollowerState (FollowerState.java:run(134)) - 7e7f778f-92a3-4c6a-870c-2544e6325884@group-A37BCEEDED0F-FollowerState: change to CANDIDATE, lastRpcElapsedTime:5098712171ns, electionTimeout:5063ms
2021-10-28 03:02:14,403 [7e7f778f-92a3-4c6a-870c-2544e6325884@group-A37BCEEDED0F-FollowerState] INFO  impl.RoleInfo (RoleInfo.java:shutdownFollowerState(108)) - 7e7f778f-92a3-4c6a-870c-2544e6325884: shutdown 7e7f778f-92a3-4c6a-870c-2544e6325884@group-A37BCEEDED0F-FollowerState
2021-10-28 03:02:14,403 [7e7f778f-92a3-4c6a-870c-2544e6325884@group-A37BCEEDED0F-FollowerState] INFO  server.RaftServer$Division (RaftServerImpl.java:setRole(290)) - 7e7f778f-92a3-4c6a-870c-2544e6325884@group-A37BCEEDED0F: changes role from  FOLLOWER to CANDIDATE at term 1 for changeToCandidate
2021-10-28 03:02:14,403 [7e7f778f-92a3-4c6a-870c-2544e6325884@group-A37BCEEDED0F-FollowerState] INFO  server.RaftServerConfigKeys (ConfUtils.java:logGet(44)) - raft.server.leaderelection.pre-vote = false (custom)
2021-10-28 03:02:14,403 [7e7f778f-92a3-4c6a-870c-2544e6325884@group-A37BCEEDED0F-FollowerState] INFO  impl.RoleInfo (RoleInfo.java:updateAndGet(130)) - 7e7f778f-92a3-4c6a-870c-2544e6325884: start 7e7f778f-92a3-4c6a-870c-2544e6325884@group-A37BCEEDED0F-LeaderElection40
2021-10-28 03:02:14,408 [d262ff89-3d5e-4ab4-981f-dc8616a3cc4b@group-A37BCEEDED0F-LeaderElection39] INFO  impl.LeaderElection (LeaderElection.java:askForVotes(306)) - d262ff89-3d5e-4ab4-981f-dc8616a3cc4b@group-A37BCEEDED0F-LeaderElection39 ELECTION round 0: submit vote requests at term 2 for -1: [7e7f778f-92a3-4c6a-870c-2544e6325884|rpc:127.0.0.1:39339|priority:0, d262ff89-3d5e-4ab4-981f-dc8616a3cc4b|rpc:127.0.0.1:35379|priority:0, 91f27009-ec66-4294-9321-b0739729fb6b|rpc:127.0.0.1:38297|priority:1], old=null
2021-10-28 03:02:14,435 [7e7f778f-92a3-4c6a-870c-2544e6325884@group-A37BCEEDED0F-LeaderElection40] INFO  impl.LeaderElection (LeaderElection.java:askForVotes(306)) - 7e7f778f-92a3-4c6a-870c-2544e6325884@group-A37BCEEDED0F-LeaderElection40 ELECTION round 0: submit vote requests at term 2 for -1: [7e7f778f-92a3-4c6a-870c-2544e6325884|rpc:127.0.0.1:39339|priority:0, d262ff89-3d5e-4ab4-981f-dc8616a3cc4b|rpc:127.0.0.1:35379|priority:0, 91f27009-ec66-4294-9321-b0739729fb6b|rpc:127.0.0.1:38297|priority:1], old=null
2021-10-28 03:02:14,462 [grpc-default-executor-1] INFO  server.RaftServer$Division (RaftServerImpl.java:requestVote(1046)) - 7e7f778f-92a3-4c6a-870c-2544e6325884@group-A37BCEEDED0F: receive requestVote(ELECTION, d262ff89-3d5e-4ab4-981f-dc8616a3cc4b, group-A37BCEEDED0F, 2, (t:0, i:0))
2021-10-28 03:02:14,462 [grpc-default-executor-0] INFO  server.RaftServer$Division (RaftServerImpl.java:requestVote(1046)) - d262ff89-3d5e-4ab4-981f-dc8616a3cc4b@group-A37BCEEDED0F: receive requestVote(ELECTION, 7e7f778f-92a3-4c6a-870c-2544e6325884, group-A37BCEEDED0F, 2, (t:0, i:0))
2021-10-28 03:02:14,462 [grpc-default-executor-0] INFO  impl.VoteContext (VoteContext.java:log(48)) - d262ff89-3d5e-4ab4-981f-dc8616a3cc4b@group-A37BCEEDED0F-CANDIDATE: reject ELECTION from 7e7f778f-92a3-4c6a-870c-2544e6325884: already has voted for d262ff89-3d5e-4ab4-981f-dc8616a3cc4b at current term 2
2021-10-28 03:02:14,463 [grpc-default-executor-0] INFO  server.RaftServer$Division (RaftServerImpl.java:requestVote(1078)) - d262ff89-3d5e-4ab4-981f-dc8616a3cc4b@group-A37BCEEDED0F replies to ELECTION vote request: 7e7f778f-92a3-4c6a-870c-2544e6325884<-d262ff89-3d5e-4ab4-981f-dc8616a3cc4b#0:FAIL-t2. Peer's state: d262ff89-3d5e-4ab4-981f-dc8616a3cc4b@group-A37BCEEDED0F:t2, leader=null, voted=d262ff89-3d5e-4ab4-981f-dc8616a3cc4b, raftlog=d262ff89-3d5e-4ab4-981f-dc8616a3cc4b@group-A37BCEEDED0F-SegmentedRaftLog:OPENED:c-1, conf=-1: [7e7f778f-92a3-4c6a-870c-2544e6325884|rpc:127.0.0.1:39339|priority:0, d262ff89-3d5e-4ab4-981f-dc8616a3cc4b|rpc:127.0.0.1:35379|priority:0, 91f27009-ec66-4294-9321-b0739729fb6b|rpc:127.0.0.1:38297|priority:1], old=null
2021-10-28 03:02:14,462 [grpc-default-executor-3] INFO  server.RaftServer$Division (RaftServerImpl.java:requestVote(1046)) - 91f27009-ec66-4294-9321-b0739729fb6b@group-A37BCEEDED0F: receive requestVote(ELECTION, d262ff89-3d5e-4ab4-981f-dc8616a3cc4b, group-A37BCEEDED0F, 2, (t:0, i:0))
2021-10-28 03:02:14,463 [grpc-default-executor-3] INFO  impl.VoteContext (VoteContext.java:log(48)) - 91f27009-ec66-4294-9321-b0739729fb6b@group-A37BCEEDED0F-FOLLOWER: reject ELECTION from d262ff89-3d5e-4ab4-981f-dc8616a3cc4b: our priority 1 > candidate's priority 0
2021-10-28 03:02:14,463 [grpc-default-executor-3] INFO  server.RaftServer$Division (RaftServerImpl.java:setRole(290)) - 91f27009-ec66-4294-9321-b0739729fb6b@group-A37BCEEDED0F: changes role from  FOLLOWER to FOLLOWER at term 2 for candidate:d262ff89-3d5e-4ab4-981f-dc8616a3cc4b
2021-10-28 03:02:14,463 [grpc-default-executor-3] INFO  impl.RoleInfo (RoleInfo.java:shutdownFollowerState(108)) - 91f27009-ec66-4294-9321-b0739729fb6b: shutdown 91f27009-ec66-4294-9321-b0739729fb6b@group-A37BCEEDED0F-FollowerState
2021-10-28 03:02:14,463 [grpc-default-executor-3] INFO  impl.RoleInfo (RoleInfo.java:updateAndGet(130)) - 91f27009-ec66-4294-9321-b0739729fb6b: start 91f27009-ec66-4294-9321-b0739729fb6b@group-A37BCEEDED0F-FollowerState
2021-10-28 03:02:14,462 [grpc-default-executor-1] INFO  impl.VoteContext (VoteContext.java:log(48)) - 7e7f778f-92a3-4c6a-870c-2544e6325884@group-A37BCEEDED0F-CANDIDATE: reject ELECTION from d262ff89-3d5e-4ab4-981f-dc8616a3cc4b: already has voted for 7e7f778f-92a3-4c6a-870c-2544e6325884 at current term 2
2021-10-28 03:02:14,463 [grpc-default-executor-1] INFO  server.RaftServer$Division (RaftServerImpl.java:requestVote(1078)) - 7e7f778f-92a3-4c6a-870c-2544e6325884@group-A37BCEEDED0F replies to ELECTION vote request: d262ff89-3d5e-4ab4-981f-dc8616a3cc4b<-7e7f778f-92a3-4c6a-870c-2544e6325884#0:FAIL-t2. Peer's state: 7e7f778f-92a3-4c6a-870c-2544e6325884@group-A37BCEEDED0F:t2, leader=null, voted=7e7f778f-92a3-4c6a-870c-2544e6325884, raftlog=7e7f778f-92a3-4c6a-870c-2544e6325884@group-A37BCEEDED0F-SegmentedRaftLog:OPENED:c-1, conf=-1: [7e7f778f-92a3-4c6a-870c-2544e6325884|rpc:127.0.0.1:39339|priority:0, d262ff89-3d5e-4ab4-981f-dc8616a3cc4b|rpc:127.0.0.1:35379|priority:0, 91f27009-ec66-4294-9321-b0739729fb6b|rpc:127.0.0.1:38297|priority:1], old=null
2021-10-28 03:02:14,463 [91f27009-ec66-4294-9321-b0739729fb6b@group-A37BCEEDED0F-FollowerState] INFO  impl.FollowerState (FollowerState.java:run(143)) - 91f27009-ec66-4294-9321-b0739729fb6b@group-A37BCEEDED0F-FollowerState was interrupted: {}
java.lang.InterruptedException: sleep interrupted
	at java.lang.Thread.sleep(Native Method)
	at java.lang.Thread.sleep(Thread.java:340)
	at java.util.concurrent.TimeUnit.sleep(TimeUnit.java:386)
	at org.apache.ratis.util.TimeDuration.sleep(TimeDuration.java:324)
	at org.apache.ratis.util.TimeDuration.sleep(TimeDuration.java:309)
	at org.apache.ratis.server.impl.FollowerState.run(FollowerState.java:118)
2021-10-28 03:02:14,475 [grpc-default-executor-3] INFO  server.RaftServer$Division (RaftServerImpl.java:requestVote(1078)) - 91f27009-ec66-4294-9321-b0739729fb6b@group-A37BCEEDED0F replies to ELECTION vote request: d262ff89-3d5e-4ab4-981f-dc8616a3cc4b<-91f27009-ec66-4294-9321-b0739729fb6b#0:FAIL-t2. Peer's state: 91f27009-ec66-4294-9321-b0739729fb6b@group-A37BCEEDED0F:t2, leader=null, voted=null, raftlog=91f27009-ec66-4294-9321-b0739729fb6b@group-A37BCEEDED0F-SegmentedRaftLog:OPENED:c-1, conf=-1: [7e7f778f-92a3-4c6a-870c-2544e6325884|rpc:127.0.0.1:39339|dataStream:|priority:0, d262ff89-3d5e-4ab4-981f-dc8616a3cc4b|rpc:127.0.0.1:35379|dataStream:|priority:0, 91f27009-ec66-4294-9321-b0739729fb6b|rpc:127.0.0.1:38297|dataStream:|priority:1], old=null
2021-10-28 03:02:14,491 [grpc-default-executor-3] INFO  server.RaftServer$Division (RaftServerImpl.java:requestVote(1046)) - 91f27009-ec66-4294-9321-b0739729fb6b@group-A37BCEEDED0F: receive requestVote(ELECTION, 7e7f778f-92a3-4c6a-870c-2544e6325884, group-A37BCEEDED0F, 2, (t:0, i:0))
2021-10-28 03:02:14,491 [grpc-default-executor-3] INFO  impl.VoteContext (VoteContext.java:log(48)) - 91f27009-ec66-4294-9321-b0739729fb6b@group-A37BCEEDED0F-FOLLOWER: reject ELECTION from 7e7f778f-92a3-4c6a-870c-2544e6325884: our priority 1 > candidate's priority 0
2021-10-28 03:02:14,491 [grpc-default-executor-3] INFO  server.RaftServer$Division (RaftServerImpl.java:setRole(290)) - 91f27009-ec66-4294-9321-b0739729fb6b@group-A37BCEEDED0F: changes role from  FOLLOWER to FOLLOWER at term 2 for candidate:7e7f778f-92a3-4c6a-870c-2544e6325884
2021-10-28 03:02:14,491 [grpc-default-executor-3] INFO  impl.RoleInfo (RoleInfo.java:shutdownFollowerState(108)) - 91f27009-ec66-4294-9321-b0739729fb6b: shutdown 91f27009-ec66-4294-9321-b0739729fb6b@group-A37BCEEDED0F-FollowerState
2021-10-28 03:02:14,491 [grpc-default-executor-3] INFO  impl.RoleInfo (RoleInfo.java:updateAndGet(130)) - 91f27009-ec66-4294-9321-b0739729fb6b: start 91f27009-ec66-4294-9321-b0739729fb6b@group-A37BCEEDED0F-FollowerState
2021-10-28 03:02:14,491 [grpc-default-executor-3] INFO  server.RaftServer$Division (RaftServerImpl.java:requestVote(1078)) - 91f27009-ec66-4294-9321-b0739729fb6b@group-A37BCEEDED0F replies to ELECTION vote request: 7e7f778f-92a3-4c6a-870c-2544e6325884<-91f27009-ec66-4294-9321-b0739729fb6b#0:FAIL-t2. Peer's state: 91f27009-ec66-4294-9321-b0739729fb6b@group-A37BCEEDED0F:t2, leader=null, voted=null, raftlog=91f27009-ec66-4294-9321-b0739729fb6b@group-A37BCEEDED0F-SegmentedRaftLog:OPENED:c-1, conf=-1: [7e7f778f-92a3-4c6a-870c-2544e6325884|rpc:127.0.0.1:39339|dataStream:|priority:0, d262ff89-3d5e-4ab4-981f-dc8616a3cc4b|rpc:127.0.0.1:35379|dataStream:|priority:0, 91f27009-ec66-4294-9321-b0739729fb6b|rpc:127.0.0.1:38297|dataStream:|priority:1], old=null
2021-10-28 03:02:14,492 [d262ff89-3d5e-4ab4-981f-dc8616a3cc4b@group-A37BCEEDED0F-LeaderElection39] INFO  impl.LeaderElection (LeaderElection.java:logAndReturn(89)) - d262ff89-3d5e-4ab4-981f-dc8616a3cc4b@group-A37BCEEDED0F-LeaderElection39: ELECTION REJECTED received 2 response(s) and 0 exception(s):
2021-10-28 03:02:14,492 [d262ff89-3d5e-4ab4-981f-dc8616a3cc4b@group-A37BCEEDED0F-LeaderElection39] INFO  impl.LeaderElection (LeaderElection.java:logAndReturn(93)) -   Response 0: d262ff89-3d5e-4ab4-981f-dc8616a3cc4b<-7e7f778f-92a3-4c6a-870c-2544e6325884#0:FAIL-t2
2021-10-28 03:02:14,492 [d262ff89-3d5e-4ab4-981f-dc8616a3cc4b@group-A37BCEEDED0F-LeaderElection39] INFO  impl.LeaderElection (LeaderElection.java:logAndReturn(93)) -   Response 1: d262ff89-3d5e-4ab4-981f-dc8616a3cc4b<-91f27009-ec66-4294-9321-b0739729fb6b#0:FAIL-t2
2021-10-28 03:02:14,492 [d262ff89-3d5e-4ab4-981f-dc8616a3cc4b@group-A37BCEEDED0F-LeaderElection39] INFO  impl.LeaderElection (LeaderElection.java:askForVotes(308)) - d262ff89-3d5e-4ab4-981f-dc8616a3cc4b@group-A37BCEEDED0F-LeaderElection39 ELECTION round 0: result REJECTED
2021-10-28 03:02:14,492 [d262ff89-3d5e-4ab4-981f-dc8616a3cc4b@group-A37BCEEDED0F-LeaderElection39] INFO  server.RaftServer$Division (RaftServerImpl.java:setRole(290)) - d262ff89-3d5e-4ab4-981f-dc8616a3cc4b@group-A37BCEEDED0F: changes role from CANDIDATE to FOLLOWER at term 2 for REJECTED
2021-10-28 03:02:14,492 [d262ff89-3d5e-4ab4-981f-dc8616a3cc4b@group-A37BCEEDED0F-LeaderElection39] INFO  impl.RoleInfo (RoleInfo.java:shutdownLeaderElection(121)) - d262ff89-3d5e-4ab4-981f-dc8616a3cc4b: shutdown d262ff89-3d5e-4ab4-981f-dc8616a3cc4b@group-A37BCEEDED0F-LeaderElection39
2021-10-28 03:02:14,492 [d262ff89-3d5e-4ab4-981f-dc8616a3cc4b@group-A37BCEEDED0F-LeaderElection39] INFO  impl.RoleInfo (RoleInfo.java:updateAndGet(130)) - d262ff89-3d5e-4ab4-981f-dc8616a3cc4b: start d262ff89-3d5e-4ab4-981f-dc8616a3cc4b@group-A37BCEEDED0F-FollowerState
2021-10-28 03:02:14,492 [7e7f778f-92a3-4c6a-870c-2544e6325884@group-A37BCEEDED0F-LeaderElection40] INFO  impl.LeaderElection (LeaderElection.java:logAndReturn(89)) - 7e7f778f-92a3-4c6a-870c-2544e6325884@group-A37BCEEDED0F-LeaderElection40: ELECTION REJECTED received 2 response(s) and 0 exception(s):
2021-10-28 03:02:14,493 [7e7f778f-92a3-4c6a-870c-2544e6325884@group-A37BCEEDED0F-LeaderElection40] INFO  impl.LeaderElection (LeaderElection.java:logAndReturn(93)) -   Response 0: 7e7f778f-92a3-4c6a-870c-2544e6325884<-d262ff89-3d5e-4ab4-981f-dc8616a3cc4b#0:FAIL-t2
2021-10-28 03:02:14,493 [7e7f778f-92a3-4c6a-870c-2544e6325884@group-A37BCEEDED0F-LeaderElection40] INFO  impl.LeaderElection (LeaderElection.java:logAndReturn(93)) -   Response 1: 7e7f778f-92a3-4c6a-870c-2544e6325884<-91f27009-ec66-4294-9321-b0739729fb6b#0:FAIL-t2
2021-10-28 03:02:14,493 [7e7f778f-92a3-4c6a-870c-2544e6325884@group-A37BCEEDED0F-LeaderElection40] INFO  impl.LeaderElection (LeaderElection.java:askForVotes(308)) - 7e7f778f-92a3-4c6a-870c-2544e6325884@group-A37BCEEDED0F-LeaderElection40 ELECTION round 0: result REJECTED
2021-10-28 03:02:14,493 [7e7f778f-92a3-4c6a-870c-2544e6325884@group-A37BCEEDED0F-LeaderElection40] INFO  server.RaftServer$Division (RaftServerImpl.java:setRole(290)) - 7e7f778f-92a3-4c6a-870c-2544e6325884@group-A37BCEEDED0F: changes role from CANDIDATE to FOLLOWER at term 2 for REJECTED
2021-10-28 03:02:14,493 [7e7f778f-92a3-4c6a-870c-2544e6325884@group-A37BCEEDED0F-LeaderElection40] INFO  impl.RoleInfo (RoleInfo.java:shutdownLeaderElection(121)) - 7e7f778f-92a3-4c6a-870c-2544e6325884: shutdown 7e7f778f-92a3-4c6a-870c-2544e6325884@group-A37BCEEDED0F-LeaderElection40
2021-10-28 03:02:14,493 [7e7f778f-92a3-4c6a-870c-2544e6325884@group-A37BCEEDED0F-LeaderElection40] INFO  impl.RoleInfo (RoleInfo.java:updateAndGet(130)) - 7e7f778f-92a3-4c6a-870c-2544e6325884: start 7e7f778f-92a3-4c6a-870c-2544e6325884@group-A37BCEEDED0F-FollowerState
2021-10-28 03:02:14,495 [91f27009-ec66-4294-9321-b0739729fb6b@group-A37BCEEDED0F-FollowerState] INFO  impl.FollowerState (FollowerState.java:run(143)) - 91f27009-ec66-4294-9321-b0739729fb6b@group-A37BCEEDED0F-FollowerState was interrupted: {}
java.lang.InterruptedException: sleep interrupted
	at java.lang.Thread.sleep(Native Method)
	at java.lang.Thread.sleep(Thread.java:340)
	at java.util.concurrent.TimeUnit.sleep(TimeUnit.java:386)
	at org.apache.ratis.util.TimeDuration.sleep(TimeDuration.java:324)
	at org.apache.ratis.util.TimeDuration.sleep(TimeDuration.java:309)
	at org.apache.ratis.server.impl.FollowerState.run(FollowerState.java:118)
2021-10-28 03:02:14,616 [Listener at 127.0.0.1/11132] INFO  ozone.MiniOzoneClusterImpl (MiniOzoneClusterImpl.java:lambda$waitForClusterToBeReady$0(235)) - Waiting for nodes to be ready. Got 4 of 3 DN Heartbeats.
2021-10-28 03:02:14,616 [Listener at 127.0.0.1/11132] INFO  ozone.MiniOzoneClusterImpl (MiniOzoneClusterImpl.java:lambda$waitForClusterToBeReady$0(238)) - Waiting for cluster to exit safe mode
2021-10-28 03:02:14,617 [Listener at 127.0.0.1/11132] INFO  ozone.MiniOzoneClusterImpl (MiniOzoneClusterImpl.java:lambda$waitForClusterToBeReady$0(240)) - SCM became leader
2021-10-28 03:02:14,749 [EndpointStateMachine task thread for /127.0.0.1:13023 - 0 ] INFO  ipc.Client (Client.java:handleConnectionFailure(977)) - Retrying connect to server: localhost/127.0.0.1:13023. Already tried 5 time(s); retry policy is RetryUpToMaximumCountWithFixedSleep(maxRetries=15, sleepTime=1000 MILLISECONDS)
2021-10-28 03:02:14,754 [EndpointStateMachine task thread for /127.0.0.1:13013 - 0 ] INFO  ipc.Client (Client.java:handleConnectionFailure(977)) - Retrying connect to server: localhost/127.0.0.1:13013. Already tried 5 time(s); retry policy is RetryUpToMaximumCountWithFixedSleep(maxRetries=15, sleepTime=1000 MILLISECONDS)
2021-10-28 03:02:14,891 [EndpointStateMachine task thread for /127.0.0.1:12189 - 0 ] INFO  ipc.Client (Client.java:handleConnectionFailure(977)) - Retrying connect to server: localhost/127.0.0.1:12189. Already tried 10 time(s); retry policy is RetryUpToMaximumCountWithFixedSleep(maxRetries=15, sleepTime=1000 MILLISECONDS)
2021-10-28 03:02:14,898 [EndpointStateMachine task thread for /127.0.0.1:12199 - 0 ] INFO  ipc.Client (Client.java:handleConnectionFailure(977)) - Retrying connect to server: localhost/127.0.0.1:12199. Already tried 10 time(s); retry policy is RetryUpToMaximumCountWithFixedSleep(maxRetries=15, sleepTime=1000 MILLISECONDS)
2021-10-28 03:02:15,247 [EndpointStateMachine task thread for /127.0.0.1:12209 - 0 ] INFO  ipc.Client (Client.java:handleConnectionFailure(977)) - Retrying connect to server: localhost/127.0.0.1:12209. Already tried 7 time(s); retry policy is RetryUpToMaximumCountWithFixedSleep(maxRetries=15, sleepTime=1000 MILLISECONDS)
2021-10-28 03:02:15,617 [Listener at 127.0.0.1/11132] INFO  ozone.MiniOzoneClusterImpl (MiniOzoneClusterImpl.java:lambda$waitForClusterToBeReady$0(235)) - Waiting for nodes to be ready. Got 4 of 3 DN Heartbeats.
2021-10-28 03:02:15,617 [Listener at 127.0.0.1/11132] INFO  ozone.MiniOzoneClusterImpl (MiniOzoneClusterImpl.java:lambda$waitForClusterToBeReady$0(238)) - Waiting for cluster to exit safe mode
2021-10-28 03:02:15,617 [Listener at 127.0.0.1/11132] INFO  ozone.MiniOzoneClusterImpl (MiniOzoneClusterImpl.java:lambda$waitForClusterToBeReady$0(240)) - SCM became leader
2021-10-28 03:02:15,749 [EndpointStateMachine task thread for /127.0.0.1:13023 - 0 ] INFO  ipc.Client (Client.java:handleConnectionFailure(977)) - Retrying connect to server: localhost/127.0.0.1:13023. Already tried 6 time(s); retry policy is RetryUpToMaximumCountWithFixedSleep(maxRetries=15, sleepTime=1000 MILLISECONDS)
2021-10-28 03:02:15,767 [EndpointStateMachine task thread for /127.0.0.1:13013 - 0 ] INFO  ipc.Client (Client.java:handleConnectionFailure(977)) - Retrying connect to server: localhost/127.0.0.1:13013. Already tried 6 time(s); retry policy is RetryUpToMaximumCountWithFixedSleep(maxRetries=15, sleepTime=1000 MILLISECONDS)
2021-10-28 03:02:15,892 [EndpointStateMachine task thread for /127.0.0.1:12189 - 0 ] INFO  ipc.Client (Client.java:handleConnectionFailure(977)) - Retrying connect to server: localhost/127.0.0.1:12189. Already tried 11 time(s); retry policy is RetryUpToMaximumCountWithFixedSleep(maxRetries=15, sleepTime=1000 MILLISECONDS)
2021-10-28 03:02:15,898 [EndpointStateMachine task thread for /127.0.0.1:12199 - 0 ] INFO  ipc.Client (Client.java:handleConnectionFailure(977)) - Retrying connect to server: localhost/127.0.0.1:12199. Already tried 11 time(s); retry policy is RetryUpToMaximumCountWithFixedSleep(maxRetries=15, sleepTime=1000 MILLISECONDS)
2021-10-28 03:02:16,018 [Datanode State Machine Daemon Thread] ERROR datanode.RunningDatanodeState (RunningDatanodeState.java:computeNextContainerState(199)) - Error in executing end point task.
java.util.concurrent.ExecutionException: java.util.concurrent.TimeoutException
	at java.util.concurrent.FutureTask.report(FutureTask.java:122)
	at java.util.concurrent.FutureTask.get(FutureTask.java:192)
	at org.apache.hadoop.ozone.container.common.states.datanode.RunningDatanodeState.computeNextContainerState(RunningDatanodeState.java:191)
	at org.apache.hadoop.ozone.container.common.states.datanode.RunningDatanodeState.await(RunningDatanodeState.java:231)
	at org.apache.hadoop.ozone.container.common.states.datanode.RunningDatanodeState.await(RunningDatanodeState.java:50)
	at org.apache.hadoop.ozone.container.common.statemachine.StateContext.execute(StateContext.java:633)
	at org.apache.hadoop.ozone.container.common.statemachine.DatanodeStateMachine.start(DatanodeStateMachine.java:280)
	at org.apache.hadoop.ozone.container.common.statemachine.DatanodeStateMachine.lambda$startDaemon$0(DatanodeStateMachine.java:468)
	at java.lang.Thread.run(Thread.java:748)
Caused by: java.util.concurrent.TimeoutException
	at java.util.concurrent.FutureTask.get(FutureTask.java:205)
	at org.apache.hadoop.ozone.container.common.states.datanode.RunningDatanodeState.lambda$execute$0(RunningDatanodeState.java:149)
	at java.util.concurrent.FutureTask.run(FutureTask.java:266)
	at java.util.concurrent.Executors$RunnableAdapter.call(Executors.java:511)
	at java.util.concurrent.FutureTask.run(FutureTask.java:266)
	at java.util.concurrent.ThreadPoolExecutor.runWorker(ThreadPoolExecutor.java:1149)
	at java.util.concurrent.ThreadPoolExecutor$Worker.run(ThreadPoolExecutor.java:624)
	... 1 more
2021-10-28 03:02:16,247 [EndpointStateMachine task thread for /127.0.0.1:12209 - 0 ] INFO  ipc.Client (Client.java:handleConnectionFailure(977)) - Retrying connect to server: localhost/127.0.0.1:12209. Already tried 8 time(s); retry policy is RetryUpToMaximumCountWithFixedSleep(maxRetries=15, sleepTime=1000 MILLISECONDS)
2021-10-28 03:02:16,294 [Datanode State Machine Daemon Thread] ERROR datanode.RunningDatanodeState (RunningDatanodeState.java:computeNextContainerState(199)) - Error in executing end point task.
java.util.concurrent.ExecutionException: java.util.concurrent.TimeoutException
	at java.util.concurrent.FutureTask.report(FutureTask.java:122)
	at java.util.concurrent.FutureTask.get(FutureTask.java:192)
	at org.apache.hadoop.ozone.container.common.states.datanode.RunningDatanodeState.computeNextContainerState(RunningDatanodeState.java:191)
	at org.apache.hadoop.ozone.container.common.states.datanode.RunningDatanodeState.await(RunningDatanodeState.java:231)
	at org.apache.hadoop.ozone.container.common.states.datanode.RunningDatanodeState.await(RunningDatanodeState.java:50)
	at org.apache.hadoop.ozone.container.common.statemachine.StateContext.execute(StateContext.java:633)
	at org.apache.hadoop.ozone.container.common.statemachine.DatanodeStateMachine.start(DatanodeStateMachine.java:280)
	at org.apache.hadoop.ozone.container.common.statemachine.DatanodeStateMachine.lambda$startDaemon$0(DatanodeStateMachine.java:468)
	at java.lang.Thread.run(Thread.java:748)
Caused by: java.util.concurrent.TimeoutException
	at java.util.concurrent.FutureTask.get(FutureTask.java:205)
	at org.apache.hadoop.ozone.container.common.states.datanode.RunningDatanodeState.lambda$execute$0(RunningDatanodeState.java:149)
	at java.util.concurrent.FutureTask.run(FutureTask.java:266)
	at java.util.concurrent.Executors$RunnableAdapter.call(Executors.java:511)
	at java.util.concurrent.FutureTask.run(FutureTask.java:266)
	at java.util.concurrent.ThreadPoolExecutor.runWorker(ThreadPoolExecutor.java:1149)
	at java.util.concurrent.ThreadPoolExecutor$Worker.run(ThreadPoolExecutor.java:624)
	... 1 more
2021-10-28 03:02:16,618 [Listener at 127.0.0.1/11132] INFO  ozone.MiniOzoneClusterImpl (MiniOzoneClusterImpl.java:lambda$waitForClusterToBeReady$0(235)) - Waiting for nodes to be ready. Got 4 of 3 DN Heartbeats.
2021-10-28 03:02:16,618 [Listener at 127.0.0.1/11132] INFO  ozone.MiniOzoneClusterImpl (MiniOzoneClusterImpl.java:lambda$waitForClusterToBeReady$0(238)) - Waiting for cluster to exit safe mode
2021-10-28 03:02:16,618 [Listener at 127.0.0.1/11132] INFO  ozone.MiniOzoneClusterImpl (MiniOzoneClusterImpl.java:lambda$waitForClusterToBeReady$0(240)) - SCM became leader
2021-10-28 03:02:16,750 [EndpointStateMachine task thread for /127.0.0.1:13023 - 0 ] INFO  ipc.Client (Client.java:handleConnectionFailure(977)) - Retrying connect to server: localhost/127.0.0.1:13023. Already tried 7 time(s); retry policy is RetryUpToMaximumCountWithFixedSleep(maxRetries=15, sleepTime=1000 MILLISECONDS)
2021-10-28 03:02:16,767 [EndpointStateMachine task thread for /127.0.0.1:13013 - 0 ] INFO  ipc.Client (Client.java:handleConnectionFailure(977)) - Retrying connect to server: localhost/127.0.0.1:13013. Already tried 7 time(s); retry policy is RetryUpToMaximumCountWithFixedSleep(maxRetries=15, sleepTime=1000 MILLISECONDS)
2021-10-28 03:02:16,892 [EndpointStateMachine task thread for /127.0.0.1:12189 - 0 ] INFO  ipc.Client (Client.java:handleConnectionFailure(977)) - Retrying connect to server: localhost/127.0.0.1:12189. Already tried 12 time(s); retry policy is RetryUpToMaximumCountWithFixedSleep(maxRetries=15, sleepTime=1000 MILLISECONDS)
2021-10-28 03:02:16,899 [EndpointStateMachine task thread for /127.0.0.1:12199 - 0 ] INFO  ipc.Client (Client.java:handleConnectionFailure(977)) - Retrying connect to server: localhost/127.0.0.1:12199. Already tried 12 time(s); retry policy is RetryUpToMaximumCountWithFixedSleep(maxRetries=15, sleepTime=1000 MILLISECONDS)
2021-10-28 03:02:17,248 [EndpointStateMachine task thread for /127.0.0.1:12209 - 0 ] INFO  ipc.Client (Client.java:handleConnectionFailure(977)) - Retrying connect to server: localhost/127.0.0.1:12209. Already tried 9 time(s); retry policy is RetryUpToMaximumCountWithFixedSleep(maxRetries=15, sleepTime=1000 MILLISECONDS)
2021-10-28 03:02:17,303 [Datanode State Machine Daemon Thread] ERROR datanode.RunningDatanodeState (RunningDatanodeState.java:computeNextContainerState(199)) - Error in executing end point task.
java.util.concurrent.ExecutionException: java.util.concurrent.TimeoutException
	at java.util.concurrent.FutureTask.report(FutureTask.java:122)
	at java.util.concurrent.FutureTask.get(FutureTask.java:192)
	at org.apache.hadoop.ozone.container.common.states.datanode.RunningDatanodeState.computeNextContainerState(RunningDatanodeState.java:191)
	at org.apache.hadoop.ozone.container.common.states.datanode.RunningDatanodeState.await(RunningDatanodeState.java:231)
	at org.apache.hadoop.ozone.container.common.states.datanode.RunningDatanodeState.await(RunningDatanodeState.java:50)
	at org.apache.hadoop.ozone.container.common.statemachine.StateContext.execute(StateContext.java:633)
	at org.apache.hadoop.ozone.container.common.statemachine.DatanodeStateMachine.start(DatanodeStateMachine.java:280)
	at org.apache.hadoop.ozone.container.common.statemachine.DatanodeStateMachine.lambda$startDaemon$0(DatanodeStateMachine.java:468)
	at java.lang.Thread.run(Thread.java:748)
Caused by: java.util.concurrent.TimeoutException
	at java.util.concurrent.FutureTask.get(FutureTask.java:205)
	at org.apache.hadoop.ozone.container.common.states.datanode.RunningDatanodeState.lambda$execute$0(RunningDatanodeState.java:149)
	at java.util.concurrent.FutureTask.run(FutureTask.java:266)
	at java.util.concurrent.Executors$RunnableAdapter.call(Executors.java:511)
	at java.util.concurrent.FutureTask.run(FutureTask.java:266)
	at java.util.concurrent.ThreadPoolExecutor.runWorker(ThreadPoolExecutor.java:1149)
	at java.util.concurrent.ThreadPoolExecutor$Worker.run(ThreadPoolExecutor.java:624)
	... 1 more
2021-10-28 03:02:17,619 [Listener at 127.0.0.1/11132] INFO  ozone.MiniOzoneClusterImpl (MiniOzoneClusterImpl.java:lambda$waitForClusterToBeReady$0(235)) - Waiting for nodes to be ready. Got 4 of 3 DN Heartbeats.
2021-10-28 03:02:17,619 [Listener at 127.0.0.1/11132] INFO  ozone.MiniOzoneClusterImpl (MiniOzoneClusterImpl.java:lambda$waitForClusterToBeReady$0(238)) - Waiting for cluster to exit safe mode
2021-10-28 03:02:17,619 [Listener at 127.0.0.1/11132] INFO  ozone.MiniOzoneClusterImpl (MiniOzoneClusterImpl.java:lambda$waitForClusterToBeReady$0(240)) - SCM became leader
2021-10-28 03:02:17,750 [EndpointStateMachine task thread for /127.0.0.1:13023 - 0 ] INFO  ipc.Client (Client.java:handleConnectionFailure(977)) - Retrying connect to server: localhost/127.0.0.1:13023. Already tried 8 time(s); retry policy is RetryUpToMaximumCountWithFixedSleep(maxRetries=15, sleepTime=1000 MILLISECONDS)
2021-10-28 03:02:17,768 [EndpointStateMachine task thread for /127.0.0.1:13013 - 0 ] INFO  ipc.Client (Client.java:handleConnectionFailure(977)) - Retrying connect to server: localhost/127.0.0.1:13013. Already tried 8 time(s); retry policy is RetryUpToMaximumCountWithFixedSleep(maxRetries=15, sleepTime=1000 MILLISECONDS)
2021-10-28 03:02:17,893 [EndpointStateMachine task thread for /127.0.0.1:12189 - 0 ] INFO  ipc.Client (Client.java:handleConnectionFailure(977)) - Retrying connect to server: localhost/127.0.0.1:12189. Already tried 13 time(s); retry policy is RetryUpToMaximumCountWithFixedSleep(maxRetries=15, sleepTime=1000 MILLISECONDS)
2021-10-28 03:02:17,899 [EndpointStateMachine task thread for /127.0.0.1:12199 - 0 ] INFO  ipc.Client (Client.java:handleConnectionFailure(977)) - Retrying connect to server: localhost/127.0.0.1:12199. Already tried 13 time(s); retry policy is RetryUpToMaximumCountWithFixedSleep(maxRetries=15, sleepTime=1000 MILLISECONDS)
2021-10-28 03:02:18,027 [Datanode State Machine Daemon Thread] ERROR datanode.RunningDatanodeState (RunningDatanodeState.java:computeNextContainerState(199)) - Error in executing end point task.
java.util.concurrent.ExecutionException: java.util.concurrent.TimeoutException
	at java.util.concurrent.FutureTask.report(FutureTask.java:122)
	at java.util.concurrent.FutureTask.get(FutureTask.java:192)
	at org.apache.hadoop.ozone.container.common.states.datanode.RunningDatanodeState.computeNextContainerState(RunningDatanodeState.java:191)
	at org.apache.hadoop.ozone.container.common.states.datanode.RunningDatanodeState.await(RunningDatanodeState.java:231)
	at org.apache.hadoop.ozone.container.common.states.datanode.RunningDatanodeState.await(RunningDatanodeState.java:50)
	at org.apache.hadoop.ozone.container.common.statemachine.StateContext.execute(StateContext.java:633)
	at org.apache.hadoop.ozone.container.common.statemachine.DatanodeStateMachine.start(DatanodeStateMachine.java:280)
	at org.apache.hadoop.ozone.container.common.statemachine.DatanodeStateMachine.lambda$startDaemon$0(DatanodeStateMachine.java:468)
	at java.lang.Thread.run(Thread.java:748)
Caused by: java.util.concurrent.TimeoutException
	at java.util.concurrent.FutureTask.get(FutureTask.java:205)
	at org.apache.hadoop.ozone.container.common.states.datanode.RunningDatanodeState.lambda$execute$0(RunningDatanodeState.java:149)
	at java.util.concurrent.FutureTask.run(FutureTask.java:266)
	at java.util.concurrent.Executors$RunnableAdapter.call(Executors.java:511)
	at java.util.concurrent.FutureTask.run(FutureTask.java:266)
	at java.util.concurrent.ThreadPoolExecutor.runWorker(ThreadPoolExecutor.java:1149)
	at java.util.concurrent.ThreadPoolExecutor$Worker.run(ThreadPoolExecutor.java:624)
	... 1 more
2021-10-28 03:02:18,248 [EndpointStateMachine task thread for /127.0.0.1:12209 - 0 ] INFO  ipc.Client (Client.java:handleConnectionFailure(977)) - Retrying connect to server: localhost/127.0.0.1:12209. Already tried 10 time(s); retry policy is RetryUpToMaximumCountWithFixedSleep(maxRetries=15, sleepTime=1000 MILLISECONDS)
2021-10-28 03:02:18,305 [Datanode State Machine Daemon Thread] ERROR datanode.RunningDatanodeState (RunningDatanodeState.java:computeNextContainerState(199)) - Error in executing end point task.
java.util.concurrent.ExecutionException: java.util.concurrent.TimeoutException
	at java.util.concurrent.FutureTask.report(FutureTask.java:122)
	at java.util.concurrent.FutureTask.get(FutureTask.java:192)
	at org.apache.hadoop.ozone.container.common.states.datanode.RunningDatanodeState.computeNextContainerState(RunningDatanodeState.java:191)
	at org.apache.hadoop.ozone.container.common.states.datanode.RunningDatanodeState.await(RunningDatanodeState.java:231)
	at org.apache.hadoop.ozone.container.common.states.datanode.RunningDatanodeState.await(RunningDatanodeState.java:50)
	at org.apache.hadoop.ozone.container.common.statemachine.StateContext.execute(StateContext.java:633)
	at org.apache.hadoop.ozone.container.common.statemachine.DatanodeStateMachine.start(DatanodeStateMachine.java:280)
	at org.apache.hadoop.ozone.container.common.statemachine.DatanodeStateMachine.lambda$startDaemon$0(DatanodeStateMachine.java:468)
	at java.lang.Thread.run(Thread.java:748)
Caused by: java.util.concurrent.TimeoutException
	at java.util.concurrent.FutureTask.get(FutureTask.java:205)
	at org.apache.hadoop.ozone.container.common.states.datanode.RunningDatanodeState.lambda$execute$0(RunningDatanodeState.java:149)
	at java.util.concurrent.FutureTask.run(FutureTask.java:266)
	at java.util.concurrent.Executors$RunnableAdapter.call(Executors.java:511)
	at java.util.concurrent.FutureTask.run(FutureTask.java:266)
	at java.util.concurrent.ThreadPoolExecutor.runWorker(ThreadPoolExecutor.java:1149)
	at java.util.concurrent.ThreadPoolExecutor$Worker.run(ThreadPoolExecutor.java:624)
	... 1 more
2021-10-28 03:02:18,619 [Listener at 127.0.0.1/11132] INFO  ozone.MiniOzoneClusterImpl (MiniOzoneClusterImpl.java:lambda$waitForClusterToBeReady$0(235)) - Waiting for nodes to be ready. Got 4 of 3 DN Heartbeats.
2021-10-28 03:02:18,619 [Listener at 127.0.0.1/11132] INFO  ozone.MiniOzoneClusterImpl (MiniOzoneClusterImpl.java:lambda$waitForClusterToBeReady$0(238)) - Waiting for cluster to exit safe mode
2021-10-28 03:02:18,620 [Listener at 127.0.0.1/11132] INFO  ozone.MiniOzoneClusterImpl (MiniOzoneClusterImpl.java:lambda$waitForClusterToBeReady$0(240)) - SCM became leader
2021-10-28 03:02:18,751 [EndpointStateMachine task thread for /127.0.0.1:13023 - 0 ] INFO  ipc.Client (Client.java:handleConnectionFailure(977)) - Retrying connect to server: localhost/127.0.0.1:13023. Already tried 9 time(s); retry policy is RetryUpToMaximumCountWithFixedSleep(maxRetries=15, sleepTime=1000 MILLISECONDS)
2021-10-28 03:02:18,768 [EndpointStateMachine task thread for /127.0.0.1:13013 - 0 ] INFO  ipc.Client (Client.java:handleConnectionFailure(977)) - Retrying connect to server: localhost/127.0.0.1:13013. Already tried 9 time(s); retry policy is RetryUpToMaximumCountWithFixedSleep(maxRetries=15, sleepTime=1000 MILLISECONDS)
2021-10-28 03:02:18,893 [EndpointStateMachine task thread for /127.0.0.1:12189 - 0 ] INFO  ipc.Client (Client.java:handleConnectionFailure(977)) - Retrying connect to server: localhost/127.0.0.1:12189. Already tried 14 time(s); retry policy is RetryUpToMaximumCountWithFixedSleep(maxRetries=15, sleepTime=1000 MILLISECONDS)
2021-10-28 03:02:18,899 [EndpointStateMachine task thread for /127.0.0.1:12199 - 0 ] INFO  ipc.Client (Client.java:handleConnectionFailure(977)) - Retrying connect to server: localhost/127.0.0.1:12199. Already tried 14 time(s); retry policy is RetryUpToMaximumCountWithFixedSleep(maxRetries=15, sleepTime=1000 MILLISECONDS)
2021-10-28 03:02:19,228 [91f27009-ec66-4294-9321-b0739729fb6b@group-1FC4E3DC1381-FollowerState] INFO  impl.FollowerState (FollowerState.java:run(134)) - 91f27009-ec66-4294-9321-b0739729fb6b@group-1FC4E3DC1381-FollowerState: change to CANDIDATE, lastRpcElapsedTime:5037226072ns, electionTimeout:5035ms
2021-10-28 03:02:19,228 [91f27009-ec66-4294-9321-b0739729fb6b@group-1FC4E3DC1381-FollowerState] INFO  impl.RoleInfo (RoleInfo.java:shutdownFollowerState(108)) - 91f27009-ec66-4294-9321-b0739729fb6b: shutdown 91f27009-ec66-4294-9321-b0739729fb6b@group-1FC4E3DC1381-FollowerState
2021-10-28 03:02:19,228 [91f27009-ec66-4294-9321-b0739729fb6b@group-1FC4E3DC1381-FollowerState] INFO  server.RaftServer$Division (RaftServerImpl.java:setRole(290)) - 91f27009-ec66-4294-9321-b0739729fb6b@group-1FC4E3DC1381: changes role from  FOLLOWER to CANDIDATE at term 2 for changeToCandidate
2021-10-28 03:02:19,229 [91f27009-ec66-4294-9321-b0739729fb6b@group-1FC4E3DC1381-FollowerState] INFO  server.RaftServerConfigKeys (ConfUtils.java:logGet(44)) - raft.server.leaderelection.pre-vote = false (custom)
2021-10-28 03:02:19,230 [91f27009-ec66-4294-9321-b0739729fb6b@group-1FC4E3DC1381-FollowerState] INFO  impl.RoleInfo (RoleInfo.java:updateAndGet(130)) - 91f27009-ec66-4294-9321-b0739729fb6b: start 91f27009-ec66-4294-9321-b0739729fb6b@group-1FC4E3DC1381-LeaderElection41
2021-10-28 03:02:19,245 [91f27009-ec66-4294-9321-b0739729fb6b@group-1FC4E3DC1381-LeaderElection41] INFO  impl.LeaderElection (LeaderElection.java:askForVotes(306)) - 91f27009-ec66-4294-9321-b0739729fb6b@group-1FC4E3DC1381-LeaderElection41 ELECTION round 0: submit vote requests at term 3 for -1: [7e7f778f-92a3-4c6a-870c-2544e6325884|rpc:127.0.0.1:39339|dataStream:|priority:1, d262ff89-3d5e-4ab4-981f-dc8616a3cc4b|rpc:127.0.0.1:35379|dataStream:|priority:0, 91f27009-ec66-4294-9321-b0739729fb6b|rpc:127.0.0.1:38297|dataStream:|priority:0], old=null
2021-10-28 03:02:19,249 [EndpointStateMachine task thread for /127.0.0.1:12209 - 0 ] INFO  ipc.Client (Client.java:handleConnectionFailure(977)) - Retrying connect to server: localhost/127.0.0.1:12209. Already tried 11 time(s); retry policy is RetryUpToMaximumCountWithFixedSleep(maxRetries=15, sleepTime=1000 MILLISECONDS)
2021-10-28 03:02:19,286 [grpc-default-executor-3] INFO  server.RaftServer$Division (RaftServerImpl.java:requestVote(1046)) - d262ff89-3d5e-4ab4-981f-dc8616a3cc4b@group-1FC4E3DC1381: receive requestVote(ELECTION, 91f27009-ec66-4294-9321-b0739729fb6b, group-1FC4E3DC1381, 3, (t:0, i:0))
2021-10-28 03:02:19,287 [grpc-default-executor-3] INFO  impl.VoteContext (VoteContext.java:log(48)) - d262ff89-3d5e-4ab4-981f-dc8616a3cc4b@group-1FC4E3DC1381-FOLLOWER: accept ELECTION from 91f27009-ec66-4294-9321-b0739729fb6b: our priority 0 <= candidate's priority 0
2021-10-28 03:02:19,287 [grpc-default-executor-3] INFO  server.RaftServer$Division (RaftServerImpl.java:setRole(290)) - d262ff89-3d5e-4ab4-981f-dc8616a3cc4b@group-1FC4E3DC1381: changes role from  FOLLOWER to FOLLOWER at term 3 for candidate:91f27009-ec66-4294-9321-b0739729fb6b
2021-10-28 03:02:19,287 [grpc-default-executor-3] INFO  impl.RoleInfo (RoleInfo.java:shutdownFollowerState(108)) - d262ff89-3d5e-4ab4-981f-dc8616a3cc4b: shutdown d262ff89-3d5e-4ab4-981f-dc8616a3cc4b@group-1FC4E3DC1381-FollowerState
2021-10-28 03:02:19,287 [grpc-default-executor-3] INFO  impl.RoleInfo (RoleInfo.java:updateAndGet(130)) - d262ff89-3d5e-4ab4-981f-dc8616a3cc4b: start d262ff89-3d5e-4ab4-981f-dc8616a3cc4b@group-1FC4E3DC1381-FollowerState
2021-10-28 03:02:19,287 [d262ff89-3d5e-4ab4-981f-dc8616a3cc4b@group-1FC4E3DC1381-FollowerState] INFO  impl.FollowerState (FollowerState.java:run(143)) - d262ff89-3d5e-4ab4-981f-dc8616a3cc4b@group-1FC4E3DC1381-FollowerState was interrupted: {}
java.lang.InterruptedException: sleep interrupted
	at java.lang.Thread.sleep(Native Method)
	at java.lang.Thread.sleep(Thread.java:340)
	at java.util.concurrent.TimeUnit.sleep(TimeUnit.java:386)
	at org.apache.ratis.util.TimeDuration.sleep(TimeDuration.java:324)
	at org.apache.ratis.util.TimeDuration.sleep(TimeDuration.java:309)
	at org.apache.ratis.server.impl.FollowerState.run(FollowerState.java:118)
2021-10-28 03:02:19,315 [grpc-default-executor-3] INFO  server.RaftServer$Division (RaftServerImpl.java:requestVote(1078)) - d262ff89-3d5e-4ab4-981f-dc8616a3cc4b@group-1FC4E3DC1381 replies to ELECTION vote request: 91f27009-ec66-4294-9321-b0739729fb6b<-d262ff89-3d5e-4ab4-981f-dc8616a3cc4b#0:OK-t3. Peer's state: d262ff89-3d5e-4ab4-981f-dc8616a3cc4b@group-1FC4E3DC1381:t3, leader=null, voted=91f27009-ec66-4294-9321-b0739729fb6b, raftlog=d262ff89-3d5e-4ab4-981f-dc8616a3cc4b@group-1FC4E3DC1381-SegmentedRaftLog:OPENED:c-1, conf=-1: [7e7f778f-92a3-4c6a-870c-2544e6325884|rpc:127.0.0.1:39339|priority:1, d262ff89-3d5e-4ab4-981f-dc8616a3cc4b|rpc:127.0.0.1:35379|priority:0, 91f27009-ec66-4294-9321-b0739729fb6b|rpc:127.0.0.1:38297|priority:0], old=null
2021-10-28 03:02:19,319 [grpc-default-executor-0] INFO  server.RaftServer$Division (RaftServerImpl.java:requestVote(1046)) - 7e7f778f-92a3-4c6a-870c-2544e6325884@group-1FC4E3DC1381: receive requestVote(ELECTION, 91f27009-ec66-4294-9321-b0739729fb6b, group-1FC4E3DC1381, 3, (t:0, i:0))
2021-10-28 03:02:19,319 [grpc-default-executor-0] INFO  impl.VoteContext (VoteContext.java:log(48)) - 7e7f778f-92a3-4c6a-870c-2544e6325884@group-1FC4E3DC1381-FOLLOWER: reject ELECTION from 91f27009-ec66-4294-9321-b0739729fb6b: our priority 1 > candidate's priority 0
2021-10-28 03:02:19,319 [grpc-default-executor-0] INFO  server.RaftServer$Division (RaftServerImpl.java:setRole(290)) - 7e7f778f-92a3-4c6a-870c-2544e6325884@group-1FC4E3DC1381: changes role from  FOLLOWER to FOLLOWER at term 3 for candidate:91f27009-ec66-4294-9321-b0739729fb6b
2021-10-28 03:02:19,319 [grpc-default-executor-0] INFO  impl.RoleInfo (RoleInfo.java:shutdownFollowerState(108)) - 7e7f778f-92a3-4c6a-870c-2544e6325884: shutdown 7e7f778f-92a3-4c6a-870c-2544e6325884@group-1FC4E3DC1381-FollowerState
2021-10-28 03:02:19,319 [grpc-default-executor-0] INFO  impl.RoleInfo (RoleInfo.java:updateAndGet(130)) - 7e7f778f-92a3-4c6a-870c-2544e6325884: start 7e7f778f-92a3-4c6a-870c-2544e6325884@group-1FC4E3DC1381-FollowerState
2021-10-28 03:02:19,320 [7e7f778f-92a3-4c6a-870c-2544e6325884@group-1FC4E3DC1381-FollowerState] INFO  impl.FollowerState (FollowerState.java:run(143)) - 7e7f778f-92a3-4c6a-870c-2544e6325884@group-1FC4E3DC1381-FollowerState was interrupted: {}
java.lang.InterruptedException: sleep interrupted
	at java.lang.Thread.sleep(Native Method)
	at java.lang.Thread.sleep(Thread.java:340)
	at java.util.concurrent.TimeUnit.sleep(TimeUnit.java:386)
	at org.apache.ratis.util.TimeDuration.sleep(TimeDuration.java:324)
	at org.apache.ratis.util.TimeDuration.sleep(TimeDuration.java:309)
	at org.apache.ratis.server.impl.FollowerState.run(FollowerState.java:118)
2021-10-28 03:02:19,321 [grpc-default-executor-0] INFO  server.RaftServer$Division (RaftServerImpl.java:requestVote(1078)) - 7e7f778f-92a3-4c6a-870c-2544e6325884@group-1FC4E3DC1381 replies to ELECTION vote request: 91f27009-ec66-4294-9321-b0739729fb6b<-7e7f778f-92a3-4c6a-870c-2544e6325884#0:FAIL-t3. Peer's state: 7e7f778f-92a3-4c6a-870c-2544e6325884@group-1FC4E3DC1381:t3, leader=null, voted=null, raftlog=7e7f778f-92a3-4c6a-870c-2544e6325884@group-1FC4E3DC1381-SegmentedRaftLog:OPENED:c-1, conf=-1: [7e7f778f-92a3-4c6a-870c-2544e6325884|rpc:127.0.0.1:39339|dataStream:|priority:1, d262ff89-3d5e-4ab4-981f-dc8616a3cc4b|rpc:127.0.0.1:35379|dataStream:|priority:0, 91f27009-ec66-4294-9321-b0739729fb6b|rpc:127.0.0.1:38297|dataStream:|priority:0], old=null
2021-10-28 03:02:19,332 [91f27009-ec66-4294-9321-b0739729fb6b@group-1FC4E3DC1381-LeaderElection41] INFO  impl.LeaderElection (LeaderElection.java:logAndReturn(89)) - 91f27009-ec66-4294-9321-b0739729fb6b@group-1FC4E3DC1381-LeaderElection41: ELECTION REJECTED received 2 response(s) and 0 exception(s):
2021-10-28 03:02:19,332 [91f27009-ec66-4294-9321-b0739729fb6b@group-1FC4E3DC1381-LeaderElection41] INFO  impl.LeaderElection (LeaderElection.java:logAndReturn(93)) -   Response 0: 91f27009-ec66-4294-9321-b0739729fb6b<-7e7f778f-92a3-4c6a-870c-2544e6325884#0:FAIL-t3
2021-10-28 03:02:19,332 [91f27009-ec66-4294-9321-b0739729fb6b@group-1FC4E3DC1381-LeaderElection41] INFO  impl.LeaderElection (LeaderElection.java:logAndReturn(93)) -   Response 1: 91f27009-ec66-4294-9321-b0739729fb6b<-d262ff89-3d5e-4ab4-981f-dc8616a3cc4b#0:OK-t3
2021-10-28 03:02:19,332 [91f27009-ec66-4294-9321-b0739729fb6b@group-1FC4E3DC1381-LeaderElection41] INFO  impl.LeaderElection (LeaderElection.java:askForVotes(308)) - 91f27009-ec66-4294-9321-b0739729fb6b@group-1FC4E3DC1381-LeaderElection41 ELECTION round 0: result REJECTED
2021-10-28 03:02:19,332 [91f27009-ec66-4294-9321-b0739729fb6b@group-1FC4E3DC1381-LeaderElection41] INFO  server.RaftServer$Division (RaftServerImpl.java:setRole(290)) - 91f27009-ec66-4294-9321-b0739729fb6b@group-1FC4E3DC1381: changes role from CANDIDATE to FOLLOWER at term 3 for REJECTED
2021-10-28 03:02:19,332 [91f27009-ec66-4294-9321-b0739729fb6b@group-1FC4E3DC1381-LeaderElection41] INFO  impl.RoleInfo (RoleInfo.java:shutdownLeaderElection(121)) - 91f27009-ec66-4294-9321-b0739729fb6b: shutdown 91f27009-ec66-4294-9321-b0739729fb6b@group-1FC4E3DC1381-LeaderElection41
2021-10-28 03:02:19,332 [91f27009-ec66-4294-9321-b0739729fb6b@group-1FC4E3DC1381-LeaderElection41] INFO  impl.RoleInfo (RoleInfo.java:updateAndGet(130)) - 91f27009-ec66-4294-9321-b0739729fb6b: start 91f27009-ec66-4294-9321-b0739729fb6b@group-1FC4E3DC1381-FollowerState
2021-10-28 03:02:19,512 [d262ff89-3d5e-4ab4-981f-dc8616a3cc4b@group-A37BCEEDED0F-FollowerState] INFO  impl.FollowerState (FollowerState.java:run(134)) - d262ff89-3d5e-4ab4-981f-dc8616a3cc4b@group-A37BCEEDED0F-FollowerState: change to CANDIDATE, lastRpcElapsedTime:5020096403ns, electionTimeout:5019ms
2021-10-28 03:02:19,512 [d262ff89-3d5e-4ab4-981f-dc8616a3cc4b@group-A37BCEEDED0F-FollowerState] INFO  impl.RoleInfo (RoleInfo.java:shutdownFollowerState(108)) - d262ff89-3d5e-4ab4-981f-dc8616a3cc4b: shutdown d262ff89-3d5e-4ab4-981f-dc8616a3cc4b@group-A37BCEEDED0F-FollowerState
2021-10-28 03:02:19,512 [d262ff89-3d5e-4ab4-981f-dc8616a3cc4b@group-A37BCEEDED0F-FollowerState] INFO  server.RaftServer$Division (RaftServerImpl.java:setRole(290)) - d262ff89-3d5e-4ab4-981f-dc8616a3cc4b@group-A37BCEEDED0F: changes role from  FOLLOWER to CANDIDATE at term 2 for changeToCandidate
2021-10-28 03:02:19,513 [d262ff89-3d5e-4ab4-981f-dc8616a3cc4b@group-A37BCEEDED0F-FollowerState] INFO  server.RaftServerConfigKeys (ConfUtils.java:logGet(44)) - raft.server.leaderelection.pre-vote = false (custom)
2021-10-28 03:02:19,513 [d262ff89-3d5e-4ab4-981f-dc8616a3cc4b@group-A37BCEEDED0F-FollowerState] INFO  impl.RoleInfo (RoleInfo.java:updateAndGet(130)) - d262ff89-3d5e-4ab4-981f-dc8616a3cc4b: start d262ff89-3d5e-4ab4-981f-dc8616a3cc4b@group-A37BCEEDED0F-LeaderElection42
2021-10-28 03:02:19,525 [d262ff89-3d5e-4ab4-981f-dc8616a3cc4b@group-A37BCEEDED0F-LeaderElection42] INFO  impl.LeaderElection (LeaderElection.java:askForVotes(306)) - d262ff89-3d5e-4ab4-981f-dc8616a3cc4b@group-A37BCEEDED0F-LeaderElection42 ELECTION round 0: submit vote requests at term 3 for -1: [7e7f778f-92a3-4c6a-870c-2544e6325884|rpc:127.0.0.1:39339|priority:0, d262ff89-3d5e-4ab4-981f-dc8616a3cc4b|rpc:127.0.0.1:35379|priority:0, 91f27009-ec66-4294-9321-b0739729fb6b|rpc:127.0.0.1:38297|priority:1], old=null
2021-10-28 03:02:19,556 [grpc-default-executor-0] INFO  server.RaftServer$Division (RaftServerImpl.java:requestVote(1046)) - 7e7f778f-92a3-4c6a-870c-2544e6325884@group-A37BCEEDED0F: receive requestVote(ELECTION, d262ff89-3d5e-4ab4-981f-dc8616a3cc4b, group-A37BCEEDED0F, 3, (t:0, i:0))
2021-10-28 03:02:19,556 [grpc-default-executor-0] INFO  impl.VoteContext (VoteContext.java:log(48)) - 7e7f778f-92a3-4c6a-870c-2544e6325884@group-A37BCEEDED0F-FOLLOWER: accept ELECTION from d262ff89-3d5e-4ab4-981f-dc8616a3cc4b: our priority 0 <= candidate's priority 0
2021-10-28 03:02:19,556 [grpc-default-executor-0] INFO  server.RaftServer$Division (RaftServerImpl.java:setRole(290)) - 7e7f778f-92a3-4c6a-870c-2544e6325884@group-A37BCEEDED0F: changes role from  FOLLOWER to FOLLOWER at term 3 for candidate:d262ff89-3d5e-4ab4-981f-dc8616a3cc4b
2021-10-28 03:02:19,556 [grpc-default-executor-0] INFO  impl.RoleInfo (RoleInfo.java:shutdownFollowerState(108)) - 7e7f778f-92a3-4c6a-870c-2544e6325884: shutdown 7e7f778f-92a3-4c6a-870c-2544e6325884@group-A37BCEEDED0F-FollowerState
2021-10-28 03:02:19,556 [grpc-default-executor-0] INFO  impl.RoleInfo (RoleInfo.java:updateAndGet(130)) - 7e7f778f-92a3-4c6a-870c-2544e6325884: start 7e7f778f-92a3-4c6a-870c-2544e6325884@group-A37BCEEDED0F-FollowerState
2021-10-28 03:02:19,556 [7e7f778f-92a3-4c6a-870c-2544e6325884@group-A37BCEEDED0F-FollowerState] INFO  impl.FollowerState (FollowerState.java:run(143)) - 7e7f778f-92a3-4c6a-870c-2544e6325884@group-A37BCEEDED0F-FollowerState was interrupted: {}
java.lang.InterruptedException: sleep interrupted
	at java.lang.Thread.sleep(Native Method)
	at java.lang.Thread.sleep(Thread.java:340)
	at java.util.concurrent.TimeUnit.sleep(TimeUnit.java:386)
	at org.apache.ratis.util.TimeDuration.sleep(TimeDuration.java:324)
	at org.apache.ratis.util.TimeDuration.sleep(TimeDuration.java:309)
	at org.apache.ratis.server.impl.FollowerState.run(FollowerState.java:118)
2021-10-28 03:02:19,559 [grpc-default-executor-0] INFO  server.RaftServer$Division (RaftServerImpl.java:requestVote(1078)) - 7e7f778f-92a3-4c6a-870c-2544e6325884@group-A37BCEEDED0F replies to ELECTION vote request: d262ff89-3d5e-4ab4-981f-dc8616a3cc4b<-7e7f778f-92a3-4c6a-870c-2544e6325884#0:OK-t3. Peer's state: 7e7f778f-92a3-4c6a-870c-2544e6325884@group-A37BCEEDED0F:t3, leader=null, voted=d262ff89-3d5e-4ab4-981f-dc8616a3cc4b, raftlog=7e7f778f-92a3-4c6a-870c-2544e6325884@group-A37BCEEDED0F-SegmentedRaftLog:OPENED:c-1, conf=-1: [7e7f778f-92a3-4c6a-870c-2544e6325884|rpc:127.0.0.1:39339|priority:0, d262ff89-3d5e-4ab4-981f-dc8616a3cc4b|rpc:127.0.0.1:35379|priority:0, 91f27009-ec66-4294-9321-b0739729fb6b|rpc:127.0.0.1:38297|priority:1], old=null
2021-10-28 03:02:19,574 [grpc-default-executor-0] INFO  server.RaftServer$Division (RaftServerImpl.java:requestVote(1046)) - 91f27009-ec66-4294-9321-b0739729fb6b@group-A37BCEEDED0F: receive requestVote(ELECTION, d262ff89-3d5e-4ab4-981f-dc8616a3cc4b, group-A37BCEEDED0F, 3, (t:0, i:0))
2021-10-28 03:02:19,575 [grpc-default-executor-0] INFO  impl.VoteContext (VoteContext.java:log(48)) - 91f27009-ec66-4294-9321-b0739729fb6b@group-A37BCEEDED0F-FOLLOWER: reject ELECTION from d262ff89-3d5e-4ab4-981f-dc8616a3cc4b: our priority 1 > candidate's priority 0
2021-10-28 03:02:19,575 [grpc-default-executor-0] INFO  server.RaftServer$Division (RaftServerImpl.java:setRole(290)) - 91f27009-ec66-4294-9321-b0739729fb6b@group-A37BCEEDED0F: changes role from  FOLLOWER to FOLLOWER at term 3 for candidate:d262ff89-3d5e-4ab4-981f-dc8616a3cc4b
2021-10-28 03:02:19,575 [grpc-default-executor-0] INFO  impl.RoleInfo (RoleInfo.java:shutdownFollowerState(108)) - 91f27009-ec66-4294-9321-b0739729fb6b: shutdown 91f27009-ec66-4294-9321-b0739729fb6b@group-A37BCEEDED0F-FollowerState
2021-10-28 03:02:19,575 [grpc-default-executor-0] INFO  impl.RoleInfo (RoleInfo.java:updateAndGet(130)) - 91f27009-ec66-4294-9321-b0739729fb6b: start 91f27009-ec66-4294-9321-b0739729fb6b@group-A37BCEEDED0F-FollowerState
2021-10-28 03:02:19,575 [91f27009-ec66-4294-9321-b0739729fb6b@group-A37BCEEDED0F-FollowerState] INFO  impl.FollowerState (FollowerState.java:run(143)) - 91f27009-ec66-4294-9321-b0739729fb6b@group-A37BCEEDED0F-FollowerState was interrupted: {}
java.lang.InterruptedException: sleep interrupted
	at java.lang.Thread.sleep(Native Method)
	at java.lang.Thread.sleep(Thread.java:340)
	at java.util.concurrent.TimeUnit.sleep(TimeUnit.java:386)
	at org.apache.ratis.util.TimeDuration.sleep(TimeDuration.java:324)
	at org.apache.ratis.util.TimeDuration.sleep(TimeDuration.java:309)
	at org.apache.ratis.server.impl.FollowerState.run(FollowerState.java:118)
2021-10-28 03:02:19,576 [grpc-default-executor-0] INFO  server.RaftServer$Division (RaftServerImpl.java:requestVote(1078)) - 91f27009-ec66-4294-9321-b0739729fb6b@group-A37BCEEDED0F replies to ELECTION vote request: d262ff89-3d5e-4ab4-981f-dc8616a3cc4b<-91f27009-ec66-4294-9321-b0739729fb6b#0:FAIL-t3. Peer's state: 91f27009-ec66-4294-9321-b0739729fb6b@group-A37BCEEDED0F:t3, leader=null, voted=null, raftlog=91f27009-ec66-4294-9321-b0739729fb6b@group-A37BCEEDED0F-SegmentedRaftLog:OPENED:c-1, conf=-1: [7e7f778f-92a3-4c6a-870c-2544e6325884|rpc:127.0.0.1:39339|dataStream:|priority:0, d262ff89-3d5e-4ab4-981f-dc8616a3cc4b|rpc:127.0.0.1:35379|dataStream:|priority:0, 91f27009-ec66-4294-9321-b0739729fb6b|rpc:127.0.0.1:38297|dataStream:|priority:1], old=null
2021-10-28 03:02:19,577 [d262ff89-3d5e-4ab4-981f-dc8616a3cc4b@group-A37BCEEDED0F-LeaderElection42] INFO  impl.LeaderElection (LeaderElection.java:logAndReturn(89)) - d262ff89-3d5e-4ab4-981f-dc8616a3cc4b@group-A37BCEEDED0F-LeaderElection42: ELECTION REJECTED received 2 response(s) and 0 exception(s):
2021-10-28 03:02:19,577 [d262ff89-3d5e-4ab4-981f-dc8616a3cc4b@group-A37BCEEDED0F-LeaderElection42] INFO  impl.LeaderElection (LeaderElection.java:logAndReturn(93)) -   Response 0: d262ff89-3d5e-4ab4-981f-dc8616a3cc4b<-7e7f778f-92a3-4c6a-870c-2544e6325884#0:OK-t3
2021-10-28 03:02:19,578 [d262ff89-3d5e-4ab4-981f-dc8616a3cc4b@group-A37BCEEDED0F-LeaderElection42] INFO  impl.LeaderElection (LeaderElection.java:logAndReturn(93)) -   Response 1: d262ff89-3d5e-4ab4-981f-dc8616a3cc4b<-91f27009-ec66-4294-9321-b0739729fb6b#0:FAIL-t3
2021-10-28 03:02:19,578 [d262ff89-3d5e-4ab4-981f-dc8616a3cc4b@group-A37BCEEDED0F-LeaderElection42] INFO  impl.LeaderElection (LeaderElection.java:askForVotes(308)) - d262ff89-3d5e-4ab4-981f-dc8616a3cc4b@group-A37BCEEDED0F-LeaderElection42 ELECTION round 0: result REJECTED
2021-10-28 03:02:19,578 [d262ff89-3d5e-4ab4-981f-dc8616a3cc4b@group-A37BCEEDED0F-LeaderElection42] INFO  server.RaftServer$Division (RaftServerImpl.java:setRole(290)) - d262ff89-3d5e-4ab4-981f-dc8616a3cc4b@group-A37BCEEDED0F: changes role from CANDIDATE to FOLLOWER at term 3 for REJECTED
2021-10-28 03:02:19,578 [d262ff89-3d5e-4ab4-981f-dc8616a3cc4b@group-A37BCEEDED0F-LeaderElection42] INFO  impl.RoleInfo (RoleInfo.java:shutdownLeaderElection(121)) - d262ff89-3d5e-4ab4-981f-dc8616a3cc4b: shutdown d262ff89-3d5e-4ab4-981f-dc8616a3cc4b@group-A37BCEEDED0F-LeaderElection42
2021-10-28 03:02:19,578 [d262ff89-3d5e-4ab4-981f-dc8616a3cc4b@group-A37BCEEDED0F-LeaderElection42] INFO  impl.RoleInfo (RoleInfo.java:updateAndGet(130)) - d262ff89-3d5e-4ab4-981f-dc8616a3cc4b: start d262ff89-3d5e-4ab4-981f-dc8616a3cc4b@group-A37BCEEDED0F-FollowerState
2021-10-28 03:02:19,620 [Listener at 127.0.0.1/11132] INFO  ozone.MiniOzoneClusterImpl (MiniOzoneClusterImpl.java:lambda$waitForClusterToBeReady$0(235)) - Waiting for nodes to be ready. Got 4 of 3 DN Heartbeats.
2021-10-28 03:02:19,620 [Listener at 127.0.0.1/11132] INFO  ozone.MiniOzoneClusterImpl (MiniOzoneClusterImpl.java:lambda$waitForClusterToBeReady$0(238)) - Waiting for cluster to exit safe mode
2021-10-28 03:02:19,620 [Listener at 127.0.0.1/11132] INFO  ozone.MiniOzoneClusterImpl (MiniOzoneClusterImpl.java:lambda$waitForClusterToBeReady$0(240)) - SCM became leader
2021-10-28 03:02:19,752 [EndpointStateMachine task thread for /127.0.0.1:13023 - 0 ] INFO  ipc.Client (Client.java:handleConnectionFailure(977)) - Retrying connect to server: localhost/127.0.0.1:13023. Already tried 10 time(s); retry policy is RetryUpToMaximumCountWithFixedSleep(maxRetries=15, sleepTime=1000 MILLISECONDS)
2021-10-28 03:02:19,775 [EndpointStateMachine task thread for /127.0.0.1:13013 - 0 ] INFO  ipc.Client (Client.java:handleConnectionFailure(977)) - Retrying connect to server: localhost/127.0.0.1:13013. Already tried 10 time(s); retry policy is RetryUpToMaximumCountWithFixedSleep(maxRetries=15, sleepTime=1000 MILLISECONDS)
2021-10-28 03:02:19,894 [EndpointStateMachine task thread for /127.0.0.1:12189 - 0 ] INFO  ipc.Client (Client.java:handleConnectionFailure(977)) - Retrying connect to server: localhost/127.0.0.1:12189. Already tried 0 time(s); retry policy is RetryUpToMaximumCountWithFixedSleep(maxRetries=15, sleepTime=1000 MILLISECONDS)
2021-10-28 03:02:19,900 [EndpointStateMachine task thread for /127.0.0.1:12199 - 0 ] INFO  ipc.Client (Client.java:handleConnectionFailure(977)) - Retrying connect to server: localhost/127.0.0.1:12199. Already tried 0 time(s); retry policy is RetryUpToMaximumCountWithFixedSleep(maxRetries=15, sleepTime=1000 MILLISECONDS)
2021-10-28 03:02:20,048 [Datanode State Machine Daemon Thread] ERROR datanode.RunningDatanodeState (RunningDatanodeState.java:computeNextContainerState(199)) - Error in executing end point task.
java.util.concurrent.ExecutionException: java.util.concurrent.TimeoutException
	at java.util.concurrent.FutureTask.report(FutureTask.java:122)
	at java.util.concurrent.FutureTask.get(FutureTask.java:192)
	at org.apache.hadoop.ozone.container.common.states.datanode.RunningDatanodeState.computeNextContainerState(RunningDatanodeState.java:191)
	at org.apache.hadoop.ozone.container.common.states.datanode.RunningDatanodeState.await(RunningDatanodeState.java:231)
	at org.apache.hadoop.ozone.container.common.states.datanode.RunningDatanodeState.await(RunningDatanodeState.java:50)
	at org.apache.hadoop.ozone.container.common.statemachine.StateContext.execute(StateContext.java:633)
	at org.apache.hadoop.ozone.container.common.statemachine.DatanodeStateMachine.start(DatanodeStateMachine.java:280)
	at org.apache.hadoop.ozone.container.common.statemachine.DatanodeStateMachine.lambda$startDaemon$0(DatanodeStateMachine.java:468)
	at java.lang.Thread.run(Thread.java:748)
Caused by: java.util.concurrent.TimeoutException
	at java.util.concurrent.FutureTask.get(FutureTask.java:205)
	at org.apache.hadoop.ozone.container.common.states.datanode.RunningDatanodeState.lambda$execute$0(RunningDatanodeState.java:149)
	at java.util.concurrent.FutureTask.run(FutureTask.java:266)
	at java.util.concurrent.Executors$RunnableAdapter.call(Executors.java:511)
	at java.util.concurrent.FutureTask.run(FutureTask.java:266)
	at java.util.concurrent.ThreadPoolExecutor.runWorker(ThreadPoolExecutor.java:1149)
	at java.util.concurrent.ThreadPoolExecutor$Worker.run(ThreadPoolExecutor.java:624)
	... 1 more
2021-10-28 03:02:20,150 [Datanode State Machine Daemon Thread] ERROR datanode.RunningDatanodeState (RunningDatanodeState.java:computeNextContainerState(199)) - Error in executing end point task.
java.util.concurrent.ExecutionException: java.util.concurrent.TimeoutException
	at java.util.concurrent.FutureTask.report(FutureTask.java:122)
	at java.util.concurrent.FutureTask.get(FutureTask.java:192)
	at org.apache.hadoop.ozone.container.common.states.datanode.RunningDatanodeState.computeNextContainerState(RunningDatanodeState.java:191)
	at org.apache.hadoop.ozone.container.common.states.datanode.RunningDatanodeState.await(RunningDatanodeState.java:231)
	at org.apache.hadoop.ozone.container.common.states.datanode.RunningDatanodeState.await(RunningDatanodeState.java:50)
	at org.apache.hadoop.ozone.container.common.statemachine.StateContext.execute(StateContext.java:633)
	at org.apache.hadoop.ozone.container.common.statemachine.DatanodeStateMachine.start(DatanodeStateMachine.java:280)
	at org.apache.hadoop.ozone.container.common.statemachine.DatanodeStateMachine.lambda$startDaemon$0(DatanodeStateMachine.java:468)
	at java.lang.Thread.run(Thread.java:748)
Caused by: java.util.concurrent.TimeoutException
	at java.util.concurrent.FutureTask.get(FutureTask.java:205)
	at org.apache.hadoop.ozone.container.common.states.datanode.RunningDatanodeState.lambda$execute$0(RunningDatanodeState.java:149)
	at java.util.concurrent.FutureTask.run(FutureTask.java:266)
	at java.util.concurrent.Executors$RunnableAdapter.call(Executors.java:511)
	at java.util.concurrent.FutureTask.run(FutureTask.java:266)
	at java.util.concurrent.ThreadPoolExecutor.runWorker(ThreadPoolExecutor.java:1149)
	at java.util.concurrent.ThreadPoolExecutor$Worker.run(ThreadPoolExecutor.java:624)
	... 1 more
2021-10-28 03:02:20,249 [EndpointStateMachine task thread for /127.0.0.1:12209 - 0 ] INFO  ipc.Client (Client.java:handleConnectionFailure(977)) - Retrying connect to server: localhost/127.0.0.1:12209. Already tried 12 time(s); retry policy is RetryUpToMaximumCountWithFixedSleep(maxRetries=15, sleepTime=1000 MILLISECONDS)
2021-10-28 03:02:20,622 [Listener at 127.0.0.1/11132] INFO  ozone.MiniOzoneClusterImpl (MiniOzoneClusterImpl.java:lambda$waitForClusterToBeReady$0(235)) - Waiting for nodes to be ready. Got 4 of 3 DN Heartbeats.
2021-10-28 03:02:20,622 [Listener at 127.0.0.1/11132] INFO  ozone.MiniOzoneClusterImpl (MiniOzoneClusterImpl.java:lambda$waitForClusterToBeReady$0(238)) - Waiting for cluster to exit safe mode
2021-10-28 03:02:20,623 [Listener at 127.0.0.1/11132] INFO  ozone.MiniOzoneClusterImpl (MiniOzoneClusterImpl.java:lambda$waitForClusterToBeReady$0(240)) - SCM became leader
2021-10-28 03:02:20,752 [EndpointStateMachine task thread for /127.0.0.1:13023 - 0 ] INFO  ipc.Client (Client.java:handleConnectionFailure(977)) - Retrying connect to server: localhost/127.0.0.1:13023. Already tried 11 time(s); retry policy is RetryUpToMaximumCountWithFixedSleep(maxRetries=15, sleepTime=1000 MILLISECONDS)
2021-10-28 03:02:20,775 [EndpointStateMachine task thread for /127.0.0.1:13013 - 0 ] INFO  ipc.Client (Client.java:handleConnectionFailure(977)) - Retrying connect to server: localhost/127.0.0.1:13013. Already tried 11 time(s); retry policy is RetryUpToMaximumCountWithFixedSleep(maxRetries=15, sleepTime=1000 MILLISECONDS)
2021-10-28 03:02:20,895 [EndpointStateMachine task thread for /127.0.0.1:12189 - 0 ] INFO  ipc.Client (Client.java:handleConnectionFailure(977)) - Retrying connect to server: localhost/127.0.0.1:12189. Already tried 1 time(s); retry policy is RetryUpToMaximumCountWithFixedSleep(maxRetries=15, sleepTime=1000 MILLISECONDS)
2021-10-28 03:02:20,900 [EndpointStateMachine task thread for /127.0.0.1:12199 - 0 ] INFO  ipc.Client (Client.java:handleConnectionFailure(977)) - Retrying connect to server: localhost/127.0.0.1:12199. Already tried 1 time(s); retry policy is RetryUpToMaximumCountWithFixedSleep(maxRetries=15, sleepTime=1000 MILLISECONDS)
2021-10-28 03:02:21,250 [EndpointStateMachine task thread for /127.0.0.1:12209 - 0 ] INFO  ipc.Client (Client.java:handleConnectionFailure(977)) - Retrying connect to server: localhost/127.0.0.1:12209. Already tried 13 time(s); retry policy is RetryUpToMaximumCountWithFixedSleep(maxRetries=15, sleepTime=1000 MILLISECONDS)
2021-10-28 03:02:21,311 [Datanode State Machine Daemon Thread] ERROR datanode.RunningDatanodeState (RunningDatanodeState.java:computeNextContainerState(199)) - Error in executing end point task.
java.util.concurrent.ExecutionException: java.util.concurrent.TimeoutException
	at java.util.concurrent.FutureTask.report(FutureTask.java:122)
	at java.util.concurrent.FutureTask.get(FutureTask.java:192)
	at org.apache.hadoop.ozone.container.common.states.datanode.RunningDatanodeState.computeNextContainerState(RunningDatanodeState.java:191)
	at org.apache.hadoop.ozone.container.common.states.datanode.RunningDatanodeState.await(RunningDatanodeState.java:231)
	at org.apache.hadoop.ozone.container.common.states.datanode.RunningDatanodeState.await(RunningDatanodeState.java:50)
	at org.apache.hadoop.ozone.container.common.statemachine.StateContext.execute(StateContext.java:633)
	at org.apache.hadoop.ozone.container.common.statemachine.DatanodeStateMachine.start(DatanodeStateMachine.java:280)
	at org.apache.hadoop.ozone.container.common.statemachine.DatanodeStateMachine.lambda$startDaemon$0(DatanodeStateMachine.java:468)
	at java.lang.Thread.run(Thread.java:748)
Caused by: java.util.concurrent.TimeoutException
	at java.util.concurrent.FutureTask.get(FutureTask.java:205)
	at org.apache.hadoop.ozone.container.common.states.datanode.RunningDatanodeState.lambda$execute$0(RunningDatanodeState.java:149)
	at java.util.concurrent.FutureTask.run(FutureTask.java:266)
	at java.util.concurrent.Executors$RunnableAdapter.call(Executors.java:511)
	at java.util.concurrent.FutureTask.run(FutureTask.java:266)
	at java.util.concurrent.ThreadPoolExecutor.runWorker(ThreadPoolExecutor.java:1149)
	at java.util.concurrent.ThreadPoolExecutor$Worker.run(ThreadPoolExecutor.java:624)
	... 1 more
2021-10-28 03:02:21,623 [Listener at 127.0.0.1/11132] INFO  ozone.MiniOzoneClusterImpl (MiniOzoneClusterImpl.java:lambda$waitForClusterToBeReady$0(235)) - Waiting for nodes to be ready. Got 4 of 3 DN Heartbeats.
2021-10-28 03:02:21,623 [Listener at 127.0.0.1/11132] INFO  ozone.MiniOzoneClusterImpl (MiniOzoneClusterImpl.java:lambda$waitForClusterToBeReady$0(238)) - Waiting for cluster to exit safe mode
2021-10-28 03:02:21,623 [Listener at 127.0.0.1/11132] INFO  ozone.MiniOzoneClusterImpl (MiniOzoneClusterImpl.java:lambda$waitForClusterToBeReady$0(240)) - SCM became leader
2021-10-28 03:02:21,753 [EndpointStateMachine task thread for /127.0.0.1:13023 - 0 ] INFO  ipc.Client (Client.java:handleConnectionFailure(977)) - Retrying connect to server: localhost/127.0.0.1:13023. Already tried 12 time(s); retry policy is RetryUpToMaximumCountWithFixedSleep(maxRetries=15, sleepTime=1000 MILLISECONDS)
2021-10-28 03:02:21,776 [EndpointStateMachine task thread for /127.0.0.1:13013 - 0 ] INFO  ipc.Client (Client.java:handleConnectionFailure(977)) - Retrying connect to server: localhost/127.0.0.1:13013. Already tried 12 time(s); retry policy is RetryUpToMaximumCountWithFixedSleep(maxRetries=15, sleepTime=1000 MILLISECONDS)
2021-10-28 03:02:21,895 [EndpointStateMachine task thread for /127.0.0.1:12189 - 0 ] INFO  ipc.Client (Client.java:handleConnectionFailure(977)) - Retrying connect to server: localhost/127.0.0.1:12189. Already tried 2 time(s); retry policy is RetryUpToMaximumCountWithFixedSleep(maxRetries=15, sleepTime=1000 MILLISECONDS)
2021-10-28 03:02:21,901 [EndpointStateMachine task thread for /127.0.0.1:12199 - 0 ] INFO  ipc.Client (Client.java:handleConnectionFailure(977)) - Retrying connect to server: localhost/127.0.0.1:12199. Already tried 2 time(s); retry policy is RetryUpToMaximumCountWithFixedSleep(maxRetries=15, sleepTime=1000 MILLISECONDS)
2021-10-28 03:02:22,250 [EndpointStateMachine task thread for /127.0.0.1:12209 - 0 ] INFO  ipc.Client (Client.java:handleConnectionFailure(977)) - Retrying connect to server: localhost/127.0.0.1:12209. Already tried 14 time(s); retry policy is RetryUpToMaximumCountWithFixedSleep(maxRetries=15, sleepTime=1000 MILLISECONDS)
2021-10-28 03:02:22,623 [Listener at 127.0.0.1/11132] INFO  ozone.MiniOzoneClusterImpl (MiniOzoneClusterImpl.java:lambda$waitForClusterToBeReady$0(235)) - Waiting for nodes to be ready. Got 4 of 3 DN Heartbeats.
2021-10-28 03:02:22,624 [Listener at 127.0.0.1/11132] INFO  ozone.MiniOzoneClusterImpl (MiniOzoneClusterImpl.java:lambda$waitForClusterToBeReady$0(238)) - Waiting for cluster to exit safe mode
2021-10-28 03:02:22,624 [Listener at 127.0.0.1/11132] INFO  ozone.MiniOzoneClusterImpl (MiniOzoneClusterImpl.java:lambda$waitForClusterToBeReady$0(240)) - SCM became leader
2021-10-28 03:02:22,754 [EndpointStateMachine task thread for /127.0.0.1:13023 - 0 ] INFO  ipc.Client (Client.java:handleConnectionFailure(977)) - Retrying connect to server: localhost/127.0.0.1:13023. Already tried 13 time(s); retry policy is RetryUpToMaximumCountWithFixedSleep(maxRetries=15, sleepTime=1000 MILLISECONDS)
2021-10-28 03:02:22,776 [EndpointStateMachine task thread for /127.0.0.1:13013 - 0 ] INFO  ipc.Client (Client.java:handleConnectionFailure(977)) - Retrying connect to server: localhost/127.0.0.1:13013. Already tried 13 time(s); retry policy is RetryUpToMaximumCountWithFixedSleep(maxRetries=15, sleepTime=1000 MILLISECONDS)
2021-10-28 03:02:22,896 [EndpointStateMachine task thread for /127.0.0.1:12189 - 0 ] INFO  ipc.Client (Client.java:handleConnectionFailure(977)) - Retrying connect to server: localhost/127.0.0.1:12189. Already tried 3 time(s); retry policy is RetryUpToMaximumCountWithFixedSleep(maxRetries=15, sleepTime=1000 MILLISECONDS)
2021-10-28 03:02:22,901 [EndpointStateMachine task thread for /127.0.0.1:12199 - 0 ] INFO  ipc.Client (Client.java:handleConnectionFailure(977)) - Retrying connect to server: localhost/127.0.0.1:12199. Already tried 3 time(s); retry policy is RetryUpToMaximumCountWithFixedSleep(maxRetries=15, sleepTime=1000 MILLISECONDS)
2021-10-28 03:02:23,055 [Datanode State Machine Daemon Thread] ERROR datanode.RunningDatanodeState (RunningDatanodeState.java:computeNextContainerState(199)) - Error in executing end point task.
java.util.concurrent.ExecutionException: java.util.concurrent.TimeoutException
	at java.util.concurrent.FutureTask.report(FutureTask.java:122)
	at java.util.concurrent.FutureTask.get(FutureTask.java:192)
	at org.apache.hadoop.ozone.container.common.states.datanode.RunningDatanodeState.computeNextContainerState(RunningDatanodeState.java:191)
	at org.apache.hadoop.ozone.container.common.states.datanode.RunningDatanodeState.await(RunningDatanodeState.java:231)
	at org.apache.hadoop.ozone.container.common.states.datanode.RunningDatanodeState.await(RunningDatanodeState.java:50)
	at org.apache.hadoop.ozone.container.common.statemachine.StateContext.execute(StateContext.java:633)
	at org.apache.hadoop.ozone.container.common.statemachine.DatanodeStateMachine.start(DatanodeStateMachine.java:280)
	at org.apache.hadoop.ozone.container.common.statemachine.DatanodeStateMachine.lambda$startDaemon$0(DatanodeStateMachine.java:468)
	at java.lang.Thread.run(Thread.java:748)
Caused by: java.util.concurrent.TimeoutException
	at java.util.concurrent.FutureTask.get(FutureTask.java:205)
	at org.apache.hadoop.ozone.container.common.states.datanode.RunningDatanodeState.lambda$execute$0(RunningDatanodeState.java:149)
	at java.util.concurrent.FutureTask.run(FutureTask.java:266)
	at java.util.concurrent.Executors$RunnableAdapter.call(Executors.java:511)
	at java.util.concurrent.FutureTask.run(FutureTask.java:266)
	at java.util.concurrent.ThreadPoolExecutor.runWorker(ThreadPoolExecutor.java:1149)
	at java.util.concurrent.ThreadPoolExecutor$Worker.run(ThreadPoolExecutor.java:624)
	... 1 more
2021-10-28 03:02:23,252 [EndpointStateMachine task thread for /127.0.0.1:12209 - 0 ] INFO  ipc.Client (Client.java:handleConnectionFailure(977)) - Retrying connect to server: localhost/127.0.0.1:12209. Already tried 0 time(s); retry policy is RetryUpToMaximumCountWithFixedSleep(maxRetries=15, sleepTime=1000 MILLISECONDS)
2021-10-28 03:02:23,315 [Datanode State Machine Daemon Thread] ERROR datanode.RunningDatanodeState (RunningDatanodeState.java:computeNextContainerState(199)) - Error in executing end point task.
java.util.concurrent.ExecutionException: java.util.concurrent.TimeoutException
	at java.util.concurrent.FutureTask.report(FutureTask.java:122)
	at java.util.concurrent.FutureTask.get(FutureTask.java:192)
	at org.apache.hadoop.ozone.container.common.states.datanode.RunningDatanodeState.computeNextContainerState(RunningDatanodeState.java:191)
	at org.apache.hadoop.ozone.container.common.states.datanode.RunningDatanodeState.await(RunningDatanodeState.java:231)
	at org.apache.hadoop.ozone.container.common.states.datanode.RunningDatanodeState.await(RunningDatanodeState.java:50)
	at org.apache.hadoop.ozone.container.common.statemachine.StateContext.execute(StateContext.java:633)
	at org.apache.hadoop.ozone.container.common.statemachine.DatanodeStateMachine.start(DatanodeStateMachine.java:280)
	at org.apache.hadoop.ozone.container.common.statemachine.DatanodeStateMachine.lambda$startDaemon$0(DatanodeStateMachine.java:468)
	at java.lang.Thread.run(Thread.java:748)
Caused by: java.util.concurrent.TimeoutException
	at java.util.concurrent.FutureTask.get(FutureTask.java:205)
	at org.apache.hadoop.ozone.container.common.states.datanode.RunningDatanodeState.lambda$execute$0(RunningDatanodeState.java:149)
	at java.util.concurrent.FutureTask.run(FutureTask.java:266)
	at java.util.concurrent.Executors$RunnableAdapter.call(Executors.java:511)
	at java.util.concurrent.FutureTask.run(FutureTask.java:266)
	at java.util.concurrent.ThreadPoolExecutor.runWorker(ThreadPoolExecutor.java:1149)
	at java.util.concurrent.ThreadPoolExecutor$Worker.run(ThreadPoolExecutor.java:624)
	... 1 more
2021-10-28 03:02:23,629 [Listener at 127.0.0.1/11132] INFO  ozone.MiniOzoneClusterImpl (MiniOzoneClusterImpl.java:lambda$waitForClusterToBeReady$0(235)) - Waiting for nodes to be ready. Got 4 of 3 DN Heartbeats.
2021-10-28 03:02:23,630 [Listener at 127.0.0.1/11132] INFO  ozone.MiniOzoneClusterImpl (MiniOzoneClusterImpl.java:lambda$waitForClusterToBeReady$0(238)) - Waiting for cluster to exit safe mode
2021-10-28 03:02:23,630 [Listener at 127.0.0.1/11132] INFO  ozone.MiniOzoneClusterImpl (MiniOzoneClusterImpl.java:lambda$waitForClusterToBeReady$0(240)) - SCM became leader
2021-10-28 03:02:23,754 [EndpointStateMachine task thread for /127.0.0.1:13023 - 0 ] INFO  ipc.Client (Client.java:handleConnectionFailure(977)) - Retrying connect to server: localhost/127.0.0.1:13023. Already tried 14 time(s); retry policy is RetryUpToMaximumCountWithFixedSleep(maxRetries=15, sleepTime=1000 MILLISECONDS)
2021-10-28 03:02:23,777 [EndpointStateMachine task thread for /127.0.0.1:13013 - 0 ] INFO  ipc.Client (Client.java:handleConnectionFailure(977)) - Retrying connect to server: localhost/127.0.0.1:13013. Already tried 14 time(s); retry policy is RetryUpToMaximumCountWithFixedSleep(maxRetries=15, sleepTime=1000 MILLISECONDS)
2021-10-28 03:02:23,897 [EndpointStateMachine task thread for /127.0.0.1:12189 - 0 ] INFO  ipc.Client (Client.java:handleConnectionFailure(977)) - Retrying connect to server: localhost/127.0.0.1:12189. Already tried 4 time(s); retry policy is RetryUpToMaximumCountWithFixedSleep(maxRetries=15, sleepTime=1000 MILLISECONDS)
2021-10-28 03:02:23,902 [EndpointStateMachine task thread for /127.0.0.1:12199 - 0 ] INFO  ipc.Client (Client.java:handleConnectionFailure(977)) - Retrying connect to server: localhost/127.0.0.1:12199. Already tried 4 time(s); retry policy is RetryUpToMaximumCountWithFixedSleep(maxRetries=15, sleepTime=1000 MILLISECONDS)
2021-10-28 03:02:24,059 [Datanode State Machine Daemon Thread] ERROR datanode.RunningDatanodeState (RunningDatanodeState.java:computeNextContainerState(199)) - Error in executing end point task.
java.util.concurrent.ExecutionException: java.util.concurrent.TimeoutException
	at java.util.concurrent.FutureTask.report(FutureTask.java:122)
	at java.util.concurrent.FutureTask.get(FutureTask.java:192)
	at org.apache.hadoop.ozone.container.common.states.datanode.RunningDatanodeState.computeNextContainerState(RunningDatanodeState.java:191)
	at org.apache.hadoop.ozone.container.common.states.datanode.RunningDatanodeState.await(RunningDatanodeState.java:231)
	at org.apache.hadoop.ozone.container.common.states.datanode.RunningDatanodeState.await(RunningDatanodeState.java:50)
	at org.apache.hadoop.ozone.container.common.statemachine.StateContext.execute(StateContext.java:633)
	at org.apache.hadoop.ozone.container.common.statemachine.DatanodeStateMachine.start(DatanodeStateMachine.java:280)
	at org.apache.hadoop.ozone.container.common.statemachine.DatanodeStateMachine.lambda$startDaemon$0(DatanodeStateMachine.java:468)
	at java.lang.Thread.run(Thread.java:748)
Caused by: java.util.concurrent.TimeoutException
	at java.util.concurrent.FutureTask.get(FutureTask.java:205)
	at org.apache.hadoop.ozone.container.common.states.datanode.RunningDatanodeState.lambda$execute$0(RunningDatanodeState.java:149)
	at java.util.concurrent.FutureTask.run(FutureTask.java:266)
	at java.util.concurrent.Executors$RunnableAdapter.call(Executors.java:511)
	at java.util.concurrent.FutureTask.run(FutureTask.java:266)
	at java.util.concurrent.ThreadPoolExecutor.runWorker(ThreadPoolExecutor.java:1149)
	at java.util.concurrent.ThreadPoolExecutor$Worker.run(ThreadPoolExecutor.java:624)
	... 1 more
2021-10-28 03:02:24,159 [Datanode State Machine Daemon Thread] ERROR datanode.RunningDatanodeState (RunningDatanodeState.java:computeNextContainerState(199)) - Error in executing end point task.
java.util.concurrent.ExecutionException: java.util.concurrent.TimeoutException
	at java.util.concurrent.FutureTask.report(FutureTask.java:122)
	at java.util.concurrent.FutureTask.get(FutureTask.java:192)
	at org.apache.hadoop.ozone.container.common.states.datanode.RunningDatanodeState.computeNextContainerState(RunningDatanodeState.java:191)
	at org.apache.hadoop.ozone.container.common.states.datanode.RunningDatanodeState.await(RunningDatanodeState.java:231)
	at org.apache.hadoop.ozone.container.common.states.datanode.RunningDatanodeState.await(RunningDatanodeState.java:50)
	at org.apache.hadoop.ozone.container.common.statemachine.StateContext.execute(StateContext.java:633)
	at org.apache.hadoop.ozone.container.common.statemachine.DatanodeStateMachine.start(DatanodeStateMachine.java:280)
	at org.apache.hadoop.ozone.container.common.statemachine.DatanodeStateMachine.lambda$startDaemon$0(DatanodeStateMachine.java:468)
	at java.lang.Thread.run(Thread.java:748)
Caused by: java.util.concurrent.TimeoutException
	at java.util.concurrent.FutureTask.get(FutureTask.java:205)
	at org.apache.hadoop.ozone.container.common.states.datanode.RunningDatanodeState.lambda$execute$0(RunningDatanodeState.java:149)
	at java.util.concurrent.FutureTask.run(FutureTask.java:266)
	at java.util.concurrent.Executors$RunnableAdapter.call(Executors.java:511)
	at java.util.concurrent.FutureTask.run(FutureTask.java:266)
	at java.util.concurrent.ThreadPoolExecutor.runWorker(ThreadPoolExecutor.java:1149)
	at java.util.concurrent.ThreadPoolExecutor$Worker.run(ThreadPoolExecutor.java:624)
	... 1 more
2021-10-28 03:02:24,252 [EndpointStateMachine task thread for /127.0.0.1:12209 - 0 ] INFO  ipc.Client (Client.java:handleConnectionFailure(977)) - Retrying connect to server: localhost/127.0.0.1:12209. Already tried 1 time(s); retry policy is RetryUpToMaximumCountWithFixedSleep(maxRetries=15, sleepTime=1000 MILLISECONDS)
2021-10-28 03:02:24,321 [d262ff89-3d5e-4ab4-981f-dc8616a3cc4b@group-1FC4E3DC1381-FollowerState] INFO  impl.FollowerState (FollowerState.java:run(134)) - d262ff89-3d5e-4ab4-981f-dc8616a3cc4b@group-1FC4E3DC1381-FollowerState: change to CANDIDATE, lastRpcElapsedTime:5005367305ns, electionTimeout:5004ms
2021-10-28 03:02:24,321 [d262ff89-3d5e-4ab4-981f-dc8616a3cc4b@group-1FC4E3DC1381-FollowerState] INFO  impl.RoleInfo (RoleInfo.java:shutdownFollowerState(108)) - d262ff89-3d5e-4ab4-981f-dc8616a3cc4b: shutdown d262ff89-3d5e-4ab4-981f-dc8616a3cc4b@group-1FC4E3DC1381-FollowerState
2021-10-28 03:02:24,321 [d262ff89-3d5e-4ab4-981f-dc8616a3cc4b@group-1FC4E3DC1381-FollowerState] INFO  server.RaftServer$Division (RaftServerImpl.java:setRole(290)) - d262ff89-3d5e-4ab4-981f-dc8616a3cc4b@group-1FC4E3DC1381: changes role from  FOLLOWER to CANDIDATE at term 3 for changeToCandidate
2021-10-28 03:02:24,321 [d262ff89-3d5e-4ab4-981f-dc8616a3cc4b@group-1FC4E3DC1381-FollowerState] INFO  server.RaftServerConfigKeys (ConfUtils.java:logGet(44)) - raft.server.leaderelection.pre-vote = false (custom)
2021-10-28 03:02:24,321 [d262ff89-3d5e-4ab4-981f-dc8616a3cc4b@group-1FC4E3DC1381-FollowerState] INFO  impl.RoleInfo (RoleInfo.java:updateAndGet(130)) - d262ff89-3d5e-4ab4-981f-dc8616a3cc4b: start d262ff89-3d5e-4ab4-981f-dc8616a3cc4b@group-1FC4E3DC1381-LeaderElection43
2021-10-28 03:02:24,331 [d262ff89-3d5e-4ab4-981f-dc8616a3cc4b@group-1FC4E3DC1381-LeaderElection43] INFO  impl.LeaderElection (LeaderElection.java:askForVotes(306)) - d262ff89-3d5e-4ab4-981f-dc8616a3cc4b@group-1FC4E3DC1381-LeaderElection43 ELECTION round 0: submit vote requests at term 4 for -1: [7e7f778f-92a3-4c6a-870c-2544e6325884|rpc:127.0.0.1:39339|priority:1, d262ff89-3d5e-4ab4-981f-dc8616a3cc4b|rpc:127.0.0.1:35379|priority:0, 91f27009-ec66-4294-9321-b0739729fb6b|rpc:127.0.0.1:38297|priority:0], old=null
2021-10-28 03:02:24,356 [grpc-default-executor-0] INFO  server.RaftServer$Division (RaftServerImpl.java:requestVote(1046)) - 7e7f778f-92a3-4c6a-870c-2544e6325884@group-1FC4E3DC1381: receive requestVote(ELECTION, d262ff89-3d5e-4ab4-981f-dc8616a3cc4b, group-1FC4E3DC1381, 4, (t:0, i:0))
2021-10-28 03:02:24,356 [grpc-default-executor-0] INFO  impl.VoteContext (VoteContext.java:log(48)) - 7e7f778f-92a3-4c6a-870c-2544e6325884@group-1FC4E3DC1381-FOLLOWER: reject ELECTION from d262ff89-3d5e-4ab4-981f-dc8616a3cc4b: our priority 1 > candidate's priority 0
2021-10-28 03:02:24,356 [grpc-default-executor-0] INFO  server.RaftServer$Division (RaftServerImpl.java:setRole(290)) - 7e7f778f-92a3-4c6a-870c-2544e6325884@group-1FC4E3DC1381: changes role from  FOLLOWER to FOLLOWER at term 4 for candidate:d262ff89-3d5e-4ab4-981f-dc8616a3cc4b
2021-10-28 03:02:24,356 [grpc-default-executor-0] INFO  impl.RoleInfo (RoleInfo.java:shutdownFollowerState(108)) - 7e7f778f-92a3-4c6a-870c-2544e6325884: shutdown 7e7f778f-92a3-4c6a-870c-2544e6325884@group-1FC4E3DC1381-FollowerState
2021-10-28 03:02:24,356 [grpc-default-executor-0] INFO  impl.RoleInfo (RoleInfo.java:updateAndGet(130)) - 7e7f778f-92a3-4c6a-870c-2544e6325884: start 7e7f778f-92a3-4c6a-870c-2544e6325884@group-1FC4E3DC1381-FollowerState
2021-10-28 03:02:24,356 [7e7f778f-92a3-4c6a-870c-2544e6325884@group-1FC4E3DC1381-FollowerState] INFO  impl.FollowerState (FollowerState.java:run(143)) - 7e7f778f-92a3-4c6a-870c-2544e6325884@group-1FC4E3DC1381-FollowerState was interrupted: {}
java.lang.InterruptedException: sleep interrupted
	at java.lang.Thread.sleep(Native Method)
	at java.lang.Thread.sleep(Thread.java:340)
	at java.util.concurrent.TimeUnit.sleep(TimeUnit.java:386)
	at org.apache.ratis.util.TimeDuration.sleep(TimeDuration.java:324)
	at org.apache.ratis.util.TimeDuration.sleep(TimeDuration.java:309)
	at org.apache.ratis.server.impl.FollowerState.run(FollowerState.java:118)
2021-10-28 03:02:24,362 [grpc-default-executor-0] INFO  server.RaftServer$Division (RaftServerImpl.java:requestVote(1078)) - 7e7f778f-92a3-4c6a-870c-2544e6325884@group-1FC4E3DC1381 replies to ELECTION vote request: d262ff89-3d5e-4ab4-981f-dc8616a3cc4b<-7e7f778f-92a3-4c6a-870c-2544e6325884#0:FAIL-t4. Peer's state: 7e7f778f-92a3-4c6a-870c-2544e6325884@group-1FC4E3DC1381:t4, leader=null, voted=null, raftlog=7e7f778f-92a3-4c6a-870c-2544e6325884@group-1FC4E3DC1381-SegmentedRaftLog:OPENED:c-1, conf=-1: [7e7f778f-92a3-4c6a-870c-2544e6325884|rpc:127.0.0.1:39339|dataStream:|priority:1, d262ff89-3d5e-4ab4-981f-dc8616a3cc4b|rpc:127.0.0.1:35379|dataStream:|priority:0, 91f27009-ec66-4294-9321-b0739729fb6b|rpc:127.0.0.1:38297|dataStream:|priority:0], old=null
2021-10-28 03:02:24,364 [d262ff89-3d5e-4ab4-981f-dc8616a3cc4b@group-1FC4E3DC1381-LeaderElection43] INFO  impl.LeaderElection (LeaderElection.java:logAndReturn(89)) - d262ff89-3d5e-4ab4-981f-dc8616a3cc4b@group-1FC4E3DC1381-LeaderElection43: ELECTION REJECTED received 1 response(s) and 0 exception(s):
2021-10-28 03:02:24,364 [d262ff89-3d5e-4ab4-981f-dc8616a3cc4b@group-1FC4E3DC1381-LeaderElection43] INFO  impl.LeaderElection (LeaderElection.java:logAndReturn(93)) -   Response 0: d262ff89-3d5e-4ab4-981f-dc8616a3cc4b<-7e7f778f-92a3-4c6a-870c-2544e6325884#0:FAIL-t4
2021-10-28 03:02:24,364 [d262ff89-3d5e-4ab4-981f-dc8616a3cc4b@group-1FC4E3DC1381-LeaderElection43] INFO  impl.LeaderElection (LeaderElection.java:askForVotes(308)) - d262ff89-3d5e-4ab4-981f-dc8616a3cc4b@group-1FC4E3DC1381-LeaderElection43 ELECTION round 0: result REJECTED
2021-10-28 03:02:24,364 [d262ff89-3d5e-4ab4-981f-dc8616a3cc4b@group-1FC4E3DC1381-LeaderElection43] INFO  server.RaftServer$Division (RaftServerImpl.java:setRole(290)) - d262ff89-3d5e-4ab4-981f-dc8616a3cc4b@group-1FC4E3DC1381: changes role from CANDIDATE to FOLLOWER at term 4 for REJECTED
2021-10-28 03:02:24,364 [d262ff89-3d5e-4ab4-981f-dc8616a3cc4b@group-1FC4E3DC1381-LeaderElection43] INFO  impl.RoleInfo (RoleInfo.java:shutdownLeaderElection(121)) - d262ff89-3d5e-4ab4-981f-dc8616a3cc4b: shutdown d262ff89-3d5e-4ab4-981f-dc8616a3cc4b@group-1FC4E3DC1381-LeaderElection43
2021-10-28 03:02:24,364 [d262ff89-3d5e-4ab4-981f-dc8616a3cc4b@group-1FC4E3DC1381-LeaderElection43] INFO  impl.RoleInfo (RoleInfo.java:updateAndGet(130)) - d262ff89-3d5e-4ab4-981f-dc8616a3cc4b: start d262ff89-3d5e-4ab4-981f-dc8616a3cc4b@group-1FC4E3DC1381-FollowerState
2021-10-28 03:02:24,389 [grpc-default-executor-0] INFO  server.RaftServer$Division (RaftServerImpl.java:requestVote(1046)) - 91f27009-ec66-4294-9321-b0739729fb6b@group-1FC4E3DC1381: receive requestVote(ELECTION, d262ff89-3d5e-4ab4-981f-dc8616a3cc4b, group-1FC4E3DC1381, 4, (t:0, i:0))
2021-10-28 03:02:24,389 [grpc-default-executor-0] INFO  impl.VoteContext (VoteContext.java:log(48)) - 91f27009-ec66-4294-9321-b0739729fb6b@group-1FC4E3DC1381-FOLLOWER: accept ELECTION from d262ff89-3d5e-4ab4-981f-dc8616a3cc4b: our priority 0 <= candidate's priority 0
2021-10-28 03:02:24,389 [grpc-default-executor-0] INFO  server.RaftServer$Division (RaftServerImpl.java:setRole(290)) - 91f27009-ec66-4294-9321-b0739729fb6b@group-1FC4E3DC1381: changes role from  FOLLOWER to FOLLOWER at term 4 for candidate:d262ff89-3d5e-4ab4-981f-dc8616a3cc4b
2021-10-28 03:02:24,389 [grpc-default-executor-0] INFO  impl.RoleInfo (RoleInfo.java:shutdownFollowerState(108)) - 91f27009-ec66-4294-9321-b0739729fb6b: shutdown 91f27009-ec66-4294-9321-b0739729fb6b@group-1FC4E3DC1381-FollowerState
2021-10-28 03:02:24,390 [grpc-default-executor-0] INFO  impl.RoleInfo (RoleInfo.java:updateAndGet(130)) - 91f27009-ec66-4294-9321-b0739729fb6b: start 91f27009-ec66-4294-9321-b0739729fb6b@group-1FC4E3DC1381-FollowerState
2021-10-28 03:02:24,390 [91f27009-ec66-4294-9321-b0739729fb6b@group-1FC4E3DC1381-FollowerState] INFO  impl.FollowerState (FollowerState.java:run(143)) - 91f27009-ec66-4294-9321-b0739729fb6b@group-1FC4E3DC1381-FollowerState was interrupted: {}
java.lang.InterruptedException: sleep interrupted
	at java.lang.Thread.sleep(Native Method)
	at java.lang.Thread.sleep(Thread.java:340)
	at java.util.concurrent.TimeUnit.sleep(TimeUnit.java:386)
	at org.apache.ratis.util.TimeDuration.sleep(TimeDuration.java:324)
	at org.apache.ratis.util.TimeDuration.sleep(TimeDuration.java:309)
	at org.apache.ratis.server.impl.FollowerState.run(FollowerState.java:118)
2021-10-28 03:02:24,392 [grpc-default-executor-0] INFO  server.RaftServer$Division (RaftServerImpl.java:requestVote(1078)) - 91f27009-ec66-4294-9321-b0739729fb6b@group-1FC4E3DC1381 replies to ELECTION vote request: d262ff89-3d5e-4ab4-981f-dc8616a3cc4b<-91f27009-ec66-4294-9321-b0739729fb6b#0:OK-t4. Peer's state: 91f27009-ec66-4294-9321-b0739729fb6b@group-1FC4E3DC1381:t4, leader=null, voted=d262ff89-3d5e-4ab4-981f-dc8616a3cc4b, raftlog=91f27009-ec66-4294-9321-b0739729fb6b@group-1FC4E3DC1381-SegmentedRaftLog:OPENED:c-1, conf=-1: [7e7f778f-92a3-4c6a-870c-2544e6325884|rpc:127.0.0.1:39339|dataStream:|priority:1, d262ff89-3d5e-4ab4-981f-dc8616a3cc4b|rpc:127.0.0.1:35379|dataStream:|priority:0, 91f27009-ec66-4294-9321-b0739729fb6b|rpc:127.0.0.1:38297|dataStream:|priority:0], old=null
2021-10-28 03:02:24,630 [Listener at 127.0.0.1/11132] INFO  ozone.MiniOzoneClusterImpl (MiniOzoneClusterImpl.java:lambda$waitForClusterToBeReady$0(235)) - Waiting for nodes to be ready. Got 4 of 3 DN Heartbeats.
2021-10-28 03:02:24,630 [Listener at 127.0.0.1/11132] INFO  ozone.MiniOzoneClusterImpl (MiniOzoneClusterImpl.java:lambda$waitForClusterToBeReady$0(238)) - Waiting for cluster to exit safe mode
2021-10-28 03:02:24,630 [Listener at 127.0.0.1/11132] INFO  ozone.MiniOzoneClusterImpl (MiniOzoneClusterImpl.java:lambda$waitForClusterToBeReady$0(240)) - SCM became leader
2021-10-28 03:02:24,660 [7e7f778f-92a3-4c6a-870c-2544e6325884@group-A37BCEEDED0F-FollowerState] INFO  impl.FollowerState (FollowerState.java:run(134)) - 7e7f778f-92a3-4c6a-870c-2544e6325884@group-A37BCEEDED0F-FollowerState: change to CANDIDATE, lastRpcElapsedTime:5100647098ns, electionTimeout:5086ms
2021-10-28 03:02:24,660 [7e7f778f-92a3-4c6a-870c-2544e6325884@group-A37BCEEDED0F-FollowerState] INFO  impl.RoleInfo (RoleInfo.java:shutdownFollowerState(108)) - 7e7f778f-92a3-4c6a-870c-2544e6325884: shutdown 7e7f778f-92a3-4c6a-870c-2544e6325884@group-A37BCEEDED0F-FollowerState
2021-10-28 03:02:24,660 [7e7f778f-92a3-4c6a-870c-2544e6325884@group-A37BCEEDED0F-FollowerState] INFO  server.RaftServer$Division (RaftServerImpl.java:setRole(290)) - 7e7f778f-92a3-4c6a-870c-2544e6325884@group-A37BCEEDED0F: changes role from  FOLLOWER to CANDIDATE at term 3 for changeToCandidate
2021-10-28 03:02:24,660 [7e7f778f-92a3-4c6a-870c-2544e6325884@group-A37BCEEDED0F-FollowerState] INFO  server.RaftServerConfigKeys (ConfUtils.java:logGet(44)) - raft.server.leaderelection.pre-vote = false (custom)
2021-10-28 03:02:24,660 [7e7f778f-92a3-4c6a-870c-2544e6325884@group-A37BCEEDED0F-FollowerState] INFO  impl.RoleInfo (RoleInfo.java:updateAndGet(130)) - 7e7f778f-92a3-4c6a-870c-2544e6325884: start 7e7f778f-92a3-4c6a-870c-2544e6325884@group-A37BCEEDED0F-LeaderElection44
2021-10-28 03:02:24,665 [91f27009-ec66-4294-9321-b0739729fb6b@group-A37BCEEDED0F-FollowerState] INFO  impl.FollowerState (FollowerState.java:run(134)) - 91f27009-ec66-4294-9321-b0739729fb6b@group-A37BCEEDED0F-FollowerState: change to CANDIDATE, lastRpcElapsedTime:5089790829ns, electionTimeout:5089ms
2021-10-28 03:02:24,672 [91f27009-ec66-4294-9321-b0739729fb6b@group-A37BCEEDED0F-FollowerState] INFO  impl.RoleInfo (RoleInfo.java:shutdownFollowerState(108)) - 91f27009-ec66-4294-9321-b0739729fb6b: shutdown 91f27009-ec66-4294-9321-b0739729fb6b@group-A37BCEEDED0F-FollowerState
2021-10-28 03:02:24,672 [91f27009-ec66-4294-9321-b0739729fb6b@group-A37BCEEDED0F-FollowerState] INFO  server.RaftServer$Division (RaftServerImpl.java:setRole(290)) - 91f27009-ec66-4294-9321-b0739729fb6b@group-A37BCEEDED0F: changes role from  FOLLOWER to CANDIDATE at term 3 for changeToCandidate
2021-10-28 03:02:24,672 [91f27009-ec66-4294-9321-b0739729fb6b@group-A37BCEEDED0F-FollowerState] INFO  server.RaftServerConfigKeys (ConfUtils.java:logGet(44)) - raft.server.leaderelection.pre-vote = false (custom)
2021-10-28 03:02:24,672 [91f27009-ec66-4294-9321-b0739729fb6b@group-A37BCEEDED0F-FollowerState] INFO  impl.RoleInfo (RoleInfo.java:updateAndGet(130)) - 91f27009-ec66-4294-9321-b0739729fb6b: start 91f27009-ec66-4294-9321-b0739729fb6b@group-A37BCEEDED0F-LeaderElection45
2021-10-28 03:02:24,700 [7e7f778f-92a3-4c6a-870c-2544e6325884@group-A37BCEEDED0F-LeaderElection44] INFO  impl.LeaderElection (LeaderElection.java:askForVotes(306)) - 7e7f778f-92a3-4c6a-870c-2544e6325884@group-A37BCEEDED0F-LeaderElection44 ELECTION round 0: submit vote requests at term 4 for -1: [7e7f778f-92a3-4c6a-870c-2544e6325884|rpc:127.0.0.1:39339|priority:0, d262ff89-3d5e-4ab4-981f-dc8616a3cc4b|rpc:127.0.0.1:35379|priority:0, 91f27009-ec66-4294-9321-b0739729fb6b|rpc:127.0.0.1:38297|priority:1], old=null
2021-10-28 03:02:24,716 [grpc-default-executor-0] INFO  server.RaftServer$Division (RaftServerImpl.java:requestVote(1046)) - d262ff89-3d5e-4ab4-981f-dc8616a3cc4b@group-A37BCEEDED0F: receive requestVote(ELECTION, 7e7f778f-92a3-4c6a-870c-2544e6325884, group-A37BCEEDED0F, 4, (t:0, i:0))
2021-10-28 03:02:24,716 [grpc-default-executor-0] INFO  impl.VoteContext (VoteContext.java:log(48)) - d262ff89-3d5e-4ab4-981f-dc8616a3cc4b@group-A37BCEEDED0F-FOLLOWER: accept ELECTION from 7e7f778f-92a3-4c6a-870c-2544e6325884: our priority 0 <= candidate's priority 0
2021-10-28 03:02:24,716 [grpc-default-executor-0] INFO  server.RaftServer$Division (RaftServerImpl.java:setRole(290)) - d262ff89-3d5e-4ab4-981f-dc8616a3cc4b@group-A37BCEEDED0F: changes role from  FOLLOWER to FOLLOWER at term 4 for candidate:7e7f778f-92a3-4c6a-870c-2544e6325884
2021-10-28 03:02:24,716 [grpc-default-executor-0] INFO  impl.RoleInfo (RoleInfo.java:shutdownFollowerState(108)) - d262ff89-3d5e-4ab4-981f-dc8616a3cc4b: shutdown d262ff89-3d5e-4ab4-981f-dc8616a3cc4b@group-A37BCEEDED0F-FollowerState
2021-10-28 03:02:24,716 [grpc-default-executor-0] INFO  impl.RoleInfo (RoleInfo.java:updateAndGet(130)) - d262ff89-3d5e-4ab4-981f-dc8616a3cc4b: start d262ff89-3d5e-4ab4-981f-dc8616a3cc4b@group-A37BCEEDED0F-FollowerState
2021-10-28 03:02:24,716 [d262ff89-3d5e-4ab4-981f-dc8616a3cc4b@group-A37BCEEDED0F-FollowerState] INFO  impl.FollowerState (FollowerState.java:run(143)) - d262ff89-3d5e-4ab4-981f-dc8616a3cc4b@group-A37BCEEDED0F-FollowerState was interrupted: {}
java.lang.InterruptedException: sleep interrupted
	at java.lang.Thread.sleep(Native Method)
	at java.lang.Thread.sleep(Thread.java:340)
	at java.util.concurrent.TimeUnit.sleep(TimeUnit.java:386)
	at org.apache.ratis.util.TimeDuration.sleep(TimeDuration.java:324)
	at org.apache.ratis.util.TimeDuration.sleep(TimeDuration.java:309)
	at org.apache.ratis.server.impl.FollowerState.run(FollowerState.java:118)
2021-10-28 03:02:24,721 [grpc-default-executor-0] INFO  server.RaftServer$Division (RaftServerImpl.java:requestVote(1078)) - d262ff89-3d5e-4ab4-981f-dc8616a3cc4b@group-A37BCEEDED0F replies to ELECTION vote request: 7e7f778f-92a3-4c6a-870c-2544e6325884<-d262ff89-3d5e-4ab4-981f-dc8616a3cc4b#0:OK-t4. Peer's state: d262ff89-3d5e-4ab4-981f-dc8616a3cc4b@group-A37BCEEDED0F:t4, leader=null, voted=7e7f778f-92a3-4c6a-870c-2544e6325884, raftlog=d262ff89-3d5e-4ab4-981f-dc8616a3cc4b@group-A37BCEEDED0F-SegmentedRaftLog:OPENED:c-1, conf=-1: [7e7f778f-92a3-4c6a-870c-2544e6325884|rpc:127.0.0.1:39339|priority:0, d262ff89-3d5e-4ab4-981f-dc8616a3cc4b|rpc:127.0.0.1:35379|priority:0, 91f27009-ec66-4294-9321-b0739729fb6b|rpc:127.0.0.1:38297|priority:1], old=null
2021-10-28 03:02:24,730 [91f27009-ec66-4294-9321-b0739729fb6b@group-A37BCEEDED0F-LeaderElection45] INFO  impl.LeaderElection (LeaderElection.java:askForVotes(306)) - 91f27009-ec66-4294-9321-b0739729fb6b@group-A37BCEEDED0F-LeaderElection45 ELECTION round 0: submit vote requests at term 4 for -1: [7e7f778f-92a3-4c6a-870c-2544e6325884|rpc:127.0.0.1:39339|dataStream:|priority:0, d262ff89-3d5e-4ab4-981f-dc8616a3cc4b|rpc:127.0.0.1:35379|dataStream:|priority:0, 91f27009-ec66-4294-9321-b0739729fb6b|rpc:127.0.0.1:38297|dataStream:|priority:1], old=null
2021-10-28 03:02:24,740 [grpc-default-executor-0] INFO  server.RaftServer$Division (RaftServerImpl.java:requestVote(1046)) - 91f27009-ec66-4294-9321-b0739729fb6b@group-A37BCEEDED0F: receive requestVote(ELECTION, 7e7f778f-92a3-4c6a-870c-2544e6325884, group-A37BCEEDED0F, 4, (t:0, i:0))
2021-10-28 03:02:24,751 [grpc-default-executor-3] INFO  server.RaftServer$Division (RaftServerImpl.java:requestVote(1046)) - d262ff89-3d5e-4ab4-981f-dc8616a3cc4b@group-A37BCEEDED0F: receive requestVote(ELECTION, 91f27009-ec66-4294-9321-b0739729fb6b, group-A37BCEEDED0F, 4, (t:0, i:0))
2021-10-28 03:02:24,751 [grpc-default-executor-3] INFO  impl.VoteContext (VoteContext.java:log(48)) - d262ff89-3d5e-4ab4-981f-dc8616a3cc4b@group-A37BCEEDED0F-FOLLOWER: reject ELECTION from 91f27009-ec66-4294-9321-b0739729fb6b: already has voted for 7e7f778f-92a3-4c6a-870c-2544e6325884 at current term 4
2021-10-28 03:02:24,751 [grpc-default-executor-3] INFO  server.RaftServer$Division (RaftServerImpl.java:requestVote(1078)) - d262ff89-3d5e-4ab4-981f-dc8616a3cc4b@group-A37BCEEDED0F replies to ELECTION vote request: 91f27009-ec66-4294-9321-b0739729fb6b<-d262ff89-3d5e-4ab4-981f-dc8616a3cc4b#0:FAIL-t4. Peer's state: d262ff89-3d5e-4ab4-981f-dc8616a3cc4b@group-A37BCEEDED0F:t4, leader=null, voted=7e7f778f-92a3-4c6a-870c-2544e6325884, raftlog=d262ff89-3d5e-4ab4-981f-dc8616a3cc4b@group-A37BCEEDED0F-SegmentedRaftLog:OPENED:c-1, conf=-1: [7e7f778f-92a3-4c6a-870c-2544e6325884|rpc:127.0.0.1:39339|priority:0, d262ff89-3d5e-4ab4-981f-dc8616a3cc4b|rpc:127.0.0.1:35379|priority:0, 91f27009-ec66-4294-9321-b0739729fb6b|rpc:127.0.0.1:38297|priority:1], old=null
2021-10-28 03:02:24,755 [grpc-default-executor-3] INFO  server.RaftServer$Division (RaftServerImpl.java:requestVote(1046)) - 7e7f778f-92a3-4c6a-870c-2544e6325884@group-A37BCEEDED0F: receive requestVote(ELECTION, 91f27009-ec66-4294-9321-b0739729fb6b, group-A37BCEEDED0F, 4, (t:0, i:0))
2021-10-28 03:02:24,756 [grpc-default-executor-3] INFO  impl.VoteContext (VoteContext.java:log(48)) - 7e7f778f-92a3-4c6a-870c-2544e6325884@group-A37BCEEDED0F-CANDIDATE: reject ELECTION from 91f27009-ec66-4294-9321-b0739729fb6b: already has voted for 7e7f778f-92a3-4c6a-870c-2544e6325884 at current term 4
2021-10-28 03:02:24,756 [grpc-default-executor-3] INFO  server.RaftServer$Division (RaftServerImpl.java:requestVote(1078)) - 7e7f778f-92a3-4c6a-870c-2544e6325884@group-A37BCEEDED0F replies to ELECTION vote request: 91f27009-ec66-4294-9321-b0739729fb6b<-7e7f778f-92a3-4c6a-870c-2544e6325884#0:FAIL-t4. Peer's state: 7e7f778f-92a3-4c6a-870c-2544e6325884@group-A37BCEEDED0F:t4, leader=null, voted=7e7f778f-92a3-4c6a-870c-2544e6325884, raftlog=7e7f778f-92a3-4c6a-870c-2544e6325884@group-A37BCEEDED0F-SegmentedRaftLog:OPENED:c-1, conf=-1: [7e7f778f-92a3-4c6a-870c-2544e6325884|rpc:127.0.0.1:39339|priority:0, d262ff89-3d5e-4ab4-981f-dc8616a3cc4b|rpc:127.0.0.1:35379|priority:0, 91f27009-ec66-4294-9321-b0739729fb6b|rpc:127.0.0.1:38297|priority:1], old=null
2021-10-28 03:02:24,757 [EndpointStateMachine task thread for /127.0.0.1:13023 - 0 ] INFO  ipc.Client (Client.java:handleConnectionFailure(977)) - Retrying connect to server: localhost/127.0.0.1:13023. Already tried 0 time(s); retry policy is RetryUpToMaximumCountWithFixedSleep(maxRetries=15, sleepTime=1000 MILLISECONDS)
2021-10-28 03:02:24,775 [91f27009-ec66-4294-9321-b0739729fb6b@group-A37BCEEDED0F-LeaderElection45] INFO  impl.LeaderElection (LeaderElection.java:logAndReturn(89)) - 91f27009-ec66-4294-9321-b0739729fb6b@group-A37BCEEDED0F-LeaderElection45: ELECTION REJECTED received 2 response(s) and 0 exception(s):
2021-10-28 03:02:24,775 [91f27009-ec66-4294-9321-b0739729fb6b@group-A37BCEEDED0F-LeaderElection45] INFO  impl.LeaderElection (LeaderElection.java:logAndReturn(93)) -   Response 0: 91f27009-ec66-4294-9321-b0739729fb6b<-7e7f778f-92a3-4c6a-870c-2544e6325884#0:FAIL-t4
2021-10-28 03:02:24,775 [91f27009-ec66-4294-9321-b0739729fb6b@group-A37BCEEDED0F-LeaderElection45] INFO  impl.LeaderElection (LeaderElection.java:logAndReturn(93)) -   Response 1: 91f27009-ec66-4294-9321-b0739729fb6b<-d262ff89-3d5e-4ab4-981f-dc8616a3cc4b#0:FAIL-t4
2021-10-28 03:02:24,775 [91f27009-ec66-4294-9321-b0739729fb6b@group-A37BCEEDED0F-LeaderElection45] INFO  impl.LeaderElection (LeaderElection.java:askForVotes(308)) - 91f27009-ec66-4294-9321-b0739729fb6b@group-A37BCEEDED0F-LeaderElection45 ELECTION round 0: result REJECTED
2021-10-28 03:02:24,775 [grpc-default-executor-0] INFO  impl.VoteContext (VoteContext.java:log(48)) - 91f27009-ec66-4294-9321-b0739729fb6b@group-A37BCEEDED0F-CANDIDATE: reject ELECTION from 7e7f778f-92a3-4c6a-870c-2544e6325884: already has voted for 91f27009-ec66-4294-9321-b0739729fb6b at current term 4
2021-10-28 03:02:24,775 [grpc-default-executor-0] INFO  server.RaftServer$Division (RaftServerImpl.java:requestVote(1078)) - 91f27009-ec66-4294-9321-b0739729fb6b@group-A37BCEEDED0F replies to ELECTION vote request: 7e7f778f-92a3-4c6a-870c-2544e6325884<-91f27009-ec66-4294-9321-b0739729fb6b#0:FAIL-t4. Peer's state: 91f27009-ec66-4294-9321-b0739729fb6b@group-A37BCEEDED0F:t4, leader=null, voted=91f27009-ec66-4294-9321-b0739729fb6b, raftlog=91f27009-ec66-4294-9321-b0739729fb6b@group-A37BCEEDED0F-SegmentedRaftLog:OPENED:c-1, conf=-1: [7e7f778f-92a3-4c6a-870c-2544e6325884|rpc:127.0.0.1:39339|dataStream:|priority:0, d262ff89-3d5e-4ab4-981f-dc8616a3cc4b|rpc:127.0.0.1:35379|dataStream:|priority:0, 91f27009-ec66-4294-9321-b0739729fb6b|rpc:127.0.0.1:38297|dataStream:|priority:1], old=null
2021-10-28 03:02:24,778 [EndpointStateMachine task thread for /127.0.0.1:13013 - 0 ] INFO  ipc.Client (Client.java:handleConnectionFailure(977)) - Retrying connect to server: localhost/127.0.0.1:13013. Already tried 0 time(s); retry policy is RetryUpToMaximumCountWithFixedSleep(maxRetries=15, sleepTime=1000 MILLISECONDS)
2021-10-28 03:02:24,779 [7e7f778f-92a3-4c6a-870c-2544e6325884@group-A37BCEEDED0F-LeaderElection44] INFO  impl.LeaderElection (LeaderElection.java:logAndReturn(89)) - 7e7f778f-92a3-4c6a-870c-2544e6325884@group-A37BCEEDED0F-LeaderElection44: ELECTION REJECTED received 2 response(s) and 0 exception(s):
2021-10-28 03:02:24,779 [7e7f778f-92a3-4c6a-870c-2544e6325884@group-A37BCEEDED0F-LeaderElection44] INFO  impl.LeaderElection (LeaderElection.java:logAndReturn(93)) -   Response 0: 7e7f778f-92a3-4c6a-870c-2544e6325884<-d262ff89-3d5e-4ab4-981f-dc8616a3cc4b#0:OK-t4
2021-10-28 03:02:24,779 [7e7f778f-92a3-4c6a-870c-2544e6325884@group-A37BCEEDED0F-LeaderElection44] INFO  impl.LeaderElection (LeaderElection.java:logAndReturn(93)) -   Response 1: 7e7f778f-92a3-4c6a-870c-2544e6325884<-91f27009-ec66-4294-9321-b0739729fb6b#0:FAIL-t4
2021-10-28 03:02:24,779 [7e7f778f-92a3-4c6a-870c-2544e6325884@group-A37BCEEDED0F-LeaderElection44] INFO  impl.LeaderElection (LeaderElection.java:askForVotes(308)) - 7e7f778f-92a3-4c6a-870c-2544e6325884@group-A37BCEEDED0F-LeaderElection44 ELECTION round 0: result REJECTED
2021-10-28 03:02:24,779 [7e7f778f-92a3-4c6a-870c-2544e6325884@group-A37BCEEDED0F-LeaderElection44] INFO  server.RaftServer$Division (RaftServerImpl.java:setRole(290)) - 7e7f778f-92a3-4c6a-870c-2544e6325884@group-A37BCEEDED0F: changes role from CANDIDATE to FOLLOWER at term 4 for REJECTED
2021-10-28 03:02:24,779 [7e7f778f-92a3-4c6a-870c-2544e6325884@group-A37BCEEDED0F-LeaderElection44] INFO  impl.RoleInfo (RoleInfo.java:shutdownLeaderElection(121)) - 7e7f778f-92a3-4c6a-870c-2544e6325884: shutdown 7e7f778f-92a3-4c6a-870c-2544e6325884@group-A37BCEEDED0F-LeaderElection44
2021-10-28 03:02:24,779 [7e7f778f-92a3-4c6a-870c-2544e6325884@group-A37BCEEDED0F-LeaderElection44] INFO  impl.RoleInfo (RoleInfo.java:updateAndGet(130)) - 7e7f778f-92a3-4c6a-870c-2544e6325884: start 7e7f778f-92a3-4c6a-870c-2544e6325884@group-A37BCEEDED0F-FollowerState
2021-10-28 03:02:24,779 [91f27009-ec66-4294-9321-b0739729fb6b@group-A37BCEEDED0F-LeaderElection45] INFO  server.RaftServer$Division (RaftServerImpl.java:setRole(290)) - 91f27009-ec66-4294-9321-b0739729fb6b@group-A37BCEEDED0F: changes role from CANDIDATE to FOLLOWER at term 4 for REJECTED
2021-10-28 03:02:24,779 [91f27009-ec66-4294-9321-b0739729fb6b@group-A37BCEEDED0F-LeaderElection45] INFO  impl.RoleInfo (RoleInfo.java:shutdownLeaderElection(121)) - 91f27009-ec66-4294-9321-b0739729fb6b: shutdown 91f27009-ec66-4294-9321-b0739729fb6b@group-A37BCEEDED0F-LeaderElection45
2021-10-28 03:02:24,789 [91f27009-ec66-4294-9321-b0739729fb6b@group-A37BCEEDED0F-LeaderElection45] INFO  impl.RoleInfo (RoleInfo.java:updateAndGet(130)) - 91f27009-ec66-4294-9321-b0739729fb6b: start 91f27009-ec66-4294-9321-b0739729fb6b@group-A37BCEEDED0F-FollowerState
2021-10-28 03:02:24,897 [EndpointStateMachine task thread for /127.0.0.1:12189 - 0 ] INFO  ipc.Client (Client.java:handleConnectionFailure(977)) - Retrying connect to server: localhost/127.0.0.1:12189. Already tried 5 time(s); retry policy is RetryUpToMaximumCountWithFixedSleep(maxRetries=15, sleepTime=1000 MILLISECONDS)
2021-10-28 03:02:24,902 [EndpointStateMachine task thread for /127.0.0.1:12199 - 0 ] INFO  ipc.Client (Client.java:handleConnectionFailure(977)) - Retrying connect to server: localhost/127.0.0.1:12199. Already tried 5 time(s); retry policy is RetryUpToMaximumCountWithFixedSleep(maxRetries=15, sleepTime=1000 MILLISECONDS)
2021-10-28 03:02:25,253 [EndpointStateMachine task thread for /127.0.0.1:12209 - 0 ] INFO  ipc.Client (Client.java:handleConnectionFailure(977)) - Retrying connect to server: localhost/127.0.0.1:12209. Already tried 2 time(s); retry policy is RetryUpToMaximumCountWithFixedSleep(maxRetries=15, sleepTime=1000 MILLISECONDS)
2021-10-28 03:02:25,635 [Listener at 127.0.0.1/11132] INFO  ozone.MiniOzoneClusterImpl (MiniOzoneClusterImpl.java:lambda$waitForClusterToBeReady$0(235)) - Waiting for nodes to be ready. Got 4 of 3 DN Heartbeats.
2021-10-28 03:02:25,635 [Listener at 127.0.0.1/11132] INFO  ozone.MiniOzoneClusterImpl (MiniOzoneClusterImpl.java:lambda$waitForClusterToBeReady$0(238)) - Waiting for cluster to exit safe mode
2021-10-28 03:02:25,635 [Listener at 127.0.0.1/11132] INFO  ozone.MiniOzoneClusterImpl (MiniOzoneClusterImpl.java:lambda$waitForClusterToBeReady$0(240)) - SCM became leader
2021-10-28 03:02:25,760 [EndpointStateMachine task thread for /127.0.0.1:13023 - 0 ] INFO  ipc.Client (Client.java:handleConnectionFailure(977)) - Retrying connect to server: localhost/127.0.0.1:13023. Already tried 1 time(s); retry policy is RetryUpToMaximumCountWithFixedSleep(maxRetries=15, sleepTime=1000 MILLISECONDS)
2021-10-28 03:02:25,778 [EndpointStateMachine task thread for /127.0.0.1:13013 - 0 ] INFO  ipc.Client (Client.java:handleConnectionFailure(977)) - Retrying connect to server: localhost/127.0.0.1:13013. Already tried 1 time(s); retry policy is RetryUpToMaximumCountWithFixedSleep(maxRetries=15, sleepTime=1000 MILLISECONDS)
2021-10-28 03:02:25,899 [EndpointStateMachine task thread for /127.0.0.1:12189 - 0 ] INFO  ipc.Client (Client.java:handleConnectionFailure(977)) - Retrying connect to server: localhost/127.0.0.1:12189. Already tried 6 time(s); retry policy is RetryUpToMaximumCountWithFixedSleep(maxRetries=15, sleepTime=1000 MILLISECONDS)
2021-10-28 03:02:25,902 [EndpointStateMachine task thread for /127.0.0.1:12199 - 0 ] INFO  ipc.Client (Client.java:handleConnectionFailure(977)) - Retrying connect to server: localhost/127.0.0.1:12199. Already tried 6 time(s); retry policy is RetryUpToMaximumCountWithFixedSleep(maxRetries=15, sleepTime=1000 MILLISECONDS)
2021-10-28 03:02:26,167 [Datanode State Machine Daemon Thread] ERROR datanode.RunningDatanodeState (RunningDatanodeState.java:computeNextContainerState(199)) - Error in executing end point task.
java.util.concurrent.ExecutionException: java.util.concurrent.TimeoutException
	at java.util.concurrent.FutureTask.report(FutureTask.java:122)
	at java.util.concurrent.FutureTask.get(FutureTask.java:192)
	at org.apache.hadoop.ozone.container.common.states.datanode.RunningDatanodeState.computeNextContainerState(RunningDatanodeState.java:191)
	at org.apache.hadoop.ozone.container.common.states.datanode.RunningDatanodeState.await(RunningDatanodeState.java:231)
	at org.apache.hadoop.ozone.container.common.states.datanode.RunningDatanodeState.await(RunningDatanodeState.java:50)
	at org.apache.hadoop.ozone.container.common.statemachine.StateContext.execute(StateContext.java:633)
	at org.apache.hadoop.ozone.container.common.statemachine.DatanodeStateMachine.start(DatanodeStateMachine.java:280)
	at org.apache.hadoop.ozone.container.common.statemachine.DatanodeStateMachine.lambda$startDaemon$0(DatanodeStateMachine.java:468)
	at java.lang.Thread.run(Thread.java:748)
Caused by: java.util.concurrent.TimeoutException
	at java.util.concurrent.FutureTask.get(FutureTask.java:205)
	at org.apache.hadoop.ozone.container.common.states.datanode.RunningDatanodeState.lambda$execute$0(RunningDatanodeState.java:149)
	at java.util.concurrent.FutureTask.run(FutureTask.java:266)
	at java.util.concurrent.Executors$RunnableAdapter.call(Executors.java:511)
	at java.util.concurrent.FutureTask.run(FutureTask.java:266)
	at java.util.concurrent.ThreadPoolExecutor.runWorker(ThreadPoolExecutor.java:1149)
	at java.util.concurrent.ThreadPoolExecutor$Worker.run(ThreadPoolExecutor.java:624)
	... 1 more
2021-10-28 03:02:26,253 [EndpointStateMachine task thread for /127.0.0.1:12209 - 0 ] INFO  ipc.Client (Client.java:handleConnectionFailure(977)) - Retrying connect to server: localhost/127.0.0.1:12209. Already tried 3 time(s); retry policy is RetryUpToMaximumCountWithFixedSleep(maxRetries=15, sleepTime=1000 MILLISECONDS)
2021-10-28 03:02:26,319 [Datanode State Machine Daemon Thread] ERROR datanode.RunningDatanodeState (RunningDatanodeState.java:computeNextContainerState(199)) - Error in executing end point task.
java.util.concurrent.ExecutionException: java.util.concurrent.TimeoutException
	at java.util.concurrent.FutureTask.report(FutureTask.java:122)
	at java.util.concurrent.FutureTask.get(FutureTask.java:192)
	at org.apache.hadoop.ozone.container.common.states.datanode.RunningDatanodeState.computeNextContainerState(RunningDatanodeState.java:191)
	at org.apache.hadoop.ozone.container.common.states.datanode.RunningDatanodeState.await(RunningDatanodeState.java:231)
	at org.apache.hadoop.ozone.container.common.states.datanode.RunningDatanodeState.await(RunningDatanodeState.java:50)
	at org.apache.hadoop.ozone.container.common.statemachine.StateContext.execute(StateContext.java:633)
	at org.apache.hadoop.ozone.container.common.statemachine.DatanodeStateMachine.start(DatanodeStateMachine.java:280)
	at org.apache.hadoop.ozone.container.common.statemachine.DatanodeStateMachine.lambda$startDaemon$0(DatanodeStateMachine.java:468)
	at java.lang.Thread.run(Thread.java:748)
Caused by: java.util.concurrent.TimeoutException
	at java.util.concurrent.FutureTask.get(FutureTask.java:205)
	at org.apache.hadoop.ozone.container.common.states.datanode.RunningDatanodeState.lambda$execute$0(RunningDatanodeState.java:149)
	at java.util.concurrent.FutureTask.run(FutureTask.java:266)
	at java.util.concurrent.Executors$RunnableAdapter.call(Executors.java:511)
	at java.util.concurrent.FutureTask.run(FutureTask.java:266)
	at java.util.concurrent.ThreadPoolExecutor.runWorker(ThreadPoolExecutor.java:1149)
	at java.util.concurrent.ThreadPoolExecutor$Worker.run(ThreadPoolExecutor.java:624)
	... 1 more
2021-10-28 03:02:26,635 [Listener at 127.0.0.1/11132] INFO  ozone.MiniOzoneClusterImpl (MiniOzoneClusterImpl.java:lambda$waitForClusterToBeReady$0(235)) - Waiting for nodes to be ready. Got 4 of 3 DN Heartbeats.
2021-10-28 03:02:26,635 [Listener at 127.0.0.1/11132] INFO  ozone.MiniOzoneClusterImpl (MiniOzoneClusterImpl.java:lambda$waitForClusterToBeReady$0(238)) - Waiting for cluster to exit safe mode
2021-10-28 03:02:26,636 [Listener at 127.0.0.1/11132] INFO  ozone.MiniOzoneClusterImpl (MiniOzoneClusterImpl.java:lambda$waitForClusterToBeReady$0(240)) - SCM became leader
2021-10-28 03:02:26,761 [EndpointStateMachine task thread for /127.0.0.1:13023 - 0 ] INFO  ipc.Client (Client.java:handleConnectionFailure(977)) - Retrying connect to server: localhost/127.0.0.1:13023. Already tried 2 time(s); retry policy is RetryUpToMaximumCountWithFixedSleep(maxRetries=15, sleepTime=1000 MILLISECONDS)
2021-10-28 03:02:26,779 [EndpointStateMachine task thread for /127.0.0.1:13013 - 0 ] INFO  ipc.Client (Client.java:handleConnectionFailure(977)) - Retrying connect to server: localhost/127.0.0.1:13013. Already tried 2 time(s); retry policy is RetryUpToMaximumCountWithFixedSleep(maxRetries=15, sleepTime=1000 MILLISECONDS)
2021-10-28 03:02:26,899 [EndpointStateMachine task thread for /127.0.0.1:12189 - 0 ] INFO  ipc.Client (Client.java:handleConnectionFailure(977)) - Retrying connect to server: localhost/127.0.0.1:12189. Already tried 7 time(s); retry policy is RetryUpToMaximumCountWithFixedSleep(maxRetries=15, sleepTime=1000 MILLISECONDS)
2021-10-28 03:02:26,903 [EndpointStateMachine task thread for /127.0.0.1:12199 - 0 ] INFO  ipc.Client (Client.java:handleConnectionFailure(977)) - Retrying connect to server: localhost/127.0.0.1:12199. Already tried 7 time(s); retry policy is RetryUpToMaximumCountWithFixedSleep(maxRetries=15, sleepTime=1000 MILLISECONDS)
2021-10-28 03:02:27,253 [EndpointStateMachine task thread for /127.0.0.1:12209 - 0 ] INFO  ipc.Client (Client.java:handleConnectionFailure(977)) - Retrying connect to server: localhost/127.0.0.1:12209. Already tried 4 time(s); retry policy is RetryUpToMaximumCountWithFixedSleep(maxRetries=15, sleepTime=1000 MILLISECONDS)
2021-10-28 03:02:27,636 [Listener at 127.0.0.1/11132] INFO  ozone.MiniOzoneClusterImpl (MiniOzoneClusterImpl.java:lambda$waitForClusterToBeReady$0(235)) - Waiting for nodes to be ready. Got 4 of 3 DN Heartbeats.
2021-10-28 03:02:27,636 [Listener at 127.0.0.1/11132] INFO  ozone.MiniOzoneClusterImpl (MiniOzoneClusterImpl.java:lambda$waitForClusterToBeReady$0(238)) - Waiting for cluster to exit safe mode
2021-10-28 03:02:27,636 [Listener at 127.0.0.1/11132] INFO  ozone.MiniOzoneClusterImpl (MiniOzoneClusterImpl.java:lambda$waitForClusterToBeReady$0(240)) - SCM became leader
2021-10-28 03:02:27,761 [EndpointStateMachine task thread for /127.0.0.1:13023 - 0 ] INFO  ipc.Client (Client.java:handleConnectionFailure(977)) - Retrying connect to server: localhost/127.0.0.1:13023. Already tried 3 time(s); retry policy is RetryUpToMaximumCountWithFixedSleep(maxRetries=15, sleepTime=1000 MILLISECONDS)
2021-10-28 03:02:27,779 [EndpointStateMachine task thread for /127.0.0.1:13013 - 0 ] INFO  ipc.Client (Client.java:handleConnectionFailure(977)) - Retrying connect to server: localhost/127.0.0.1:13013. Already tried 3 time(s); retry policy is RetryUpToMaximumCountWithFixedSleep(maxRetries=15, sleepTime=1000 MILLISECONDS)
2021-10-28 03:02:27,900 [EndpointStateMachine task thread for /127.0.0.1:12189 - 0 ] INFO  ipc.Client (Client.java:handleConnectionFailure(977)) - Retrying connect to server: localhost/127.0.0.1:12189. Already tried 8 time(s); retry policy is RetryUpToMaximumCountWithFixedSleep(maxRetries=15, sleepTime=1000 MILLISECONDS)
2021-10-28 03:02:27,904 [EndpointStateMachine task thread for /127.0.0.1:12199 - 0 ] INFO  ipc.Client (Client.java:handleConnectionFailure(977)) - Retrying connect to server: localhost/127.0.0.1:12199. Already tried 8 time(s); retry policy is RetryUpToMaximumCountWithFixedSleep(maxRetries=15, sleepTime=1000 MILLISECONDS)
2021-10-28 03:02:28,080 [Datanode State Machine Daemon Thread] ERROR datanode.RunningDatanodeState (RunningDatanodeState.java:computeNextContainerState(199)) - Error in executing end point task.
java.util.concurrent.ExecutionException: java.util.concurrent.TimeoutException
	at java.util.concurrent.FutureTask.report(FutureTask.java:122)
	at java.util.concurrent.FutureTask.get(FutureTask.java:192)
	at org.apache.hadoop.ozone.container.common.states.datanode.RunningDatanodeState.computeNextContainerState(RunningDatanodeState.java:191)
	at org.apache.hadoop.ozone.container.common.states.datanode.RunningDatanodeState.await(RunningDatanodeState.java:231)
	at org.apache.hadoop.ozone.container.common.states.datanode.RunningDatanodeState.await(RunningDatanodeState.java:50)
	at org.apache.hadoop.ozone.container.common.statemachine.StateContext.execute(StateContext.java:633)
	at org.apache.hadoop.ozone.container.common.statemachine.DatanodeStateMachine.start(DatanodeStateMachine.java:280)
	at org.apache.hadoop.ozone.container.common.statemachine.DatanodeStateMachine.lambda$startDaemon$0(DatanodeStateMachine.java:468)
	at java.lang.Thread.run(Thread.java:748)
Caused by: java.util.concurrent.TimeoutException
	at java.util.concurrent.FutureTask.get(FutureTask.java:205)
	at org.apache.hadoop.ozone.container.common.states.datanode.RunningDatanodeState.lambda$execute$0(RunningDatanodeState.java:149)
	at java.util.concurrent.FutureTask.run(FutureTask.java:266)
	at java.util.concurrent.Executors$RunnableAdapter.call(Executors.java:511)
	at java.util.concurrent.FutureTask.run(FutureTask.java:266)
	at java.util.concurrent.ThreadPoolExecutor.runWorker(ThreadPoolExecutor.java:1149)
	at java.util.concurrent.ThreadPoolExecutor$Worker.run(ThreadPoolExecutor.java:624)
	... 1 more
2021-10-28 03:02:28,254 [EndpointStateMachine task thread for /127.0.0.1:12209 - 0 ] INFO  ipc.Client (Client.java:handleConnectionFailure(977)) - Retrying connect to server: localhost/127.0.0.1:12209. Already tried 5 time(s); retry policy is RetryUpToMaximumCountWithFixedSleep(maxRetries=15, sleepTime=1000 MILLISECONDS)
2021-10-28 03:02:28,323 [Datanode State Machine Daemon Thread] ERROR datanode.RunningDatanodeState (RunningDatanodeState.java:computeNextContainerState(199)) - Error in executing end point task.
java.util.concurrent.ExecutionException: java.util.concurrent.TimeoutException
	at java.util.concurrent.FutureTask.report(FutureTask.java:122)
	at java.util.concurrent.FutureTask.get(FutureTask.java:192)
	at org.apache.hadoop.ozone.container.common.states.datanode.RunningDatanodeState.computeNextContainerState(RunningDatanodeState.java:191)
	at org.apache.hadoop.ozone.container.common.states.datanode.RunningDatanodeState.await(RunningDatanodeState.java:231)
	at org.apache.hadoop.ozone.container.common.states.datanode.RunningDatanodeState.await(RunningDatanodeState.java:50)
	at org.apache.hadoop.ozone.container.common.statemachine.StateContext.execute(StateContext.java:633)
	at org.apache.hadoop.ozone.container.common.statemachine.DatanodeStateMachine.start(DatanodeStateMachine.java:280)
	at org.apache.hadoop.ozone.container.common.statemachine.DatanodeStateMachine.lambda$startDaemon$0(DatanodeStateMachine.java:468)
	at java.lang.Thread.run(Thread.java:748)
Caused by: java.util.concurrent.TimeoutException
	at java.util.concurrent.FutureTask.get(FutureTask.java:205)
	at org.apache.hadoop.ozone.container.common.states.datanode.RunningDatanodeState.lambda$execute$0(RunningDatanodeState.java:149)
	at java.util.concurrent.FutureTask.run(FutureTask.java:266)
	at java.util.concurrent.Executors$RunnableAdapter.call(Executors.java:511)
	at java.util.concurrent.FutureTask.run(FutureTask.java:266)
	at java.util.concurrent.ThreadPoolExecutor.runWorker(ThreadPoolExecutor.java:1149)
	at java.util.concurrent.ThreadPoolExecutor$Worker.run(ThreadPoolExecutor.java:624)
	... 1 more
2021-10-28 03:02:28,636 [Listener at 127.0.0.1/11132] INFO  ozone.MiniOzoneClusterImpl (MiniOzoneClusterImpl.java:lambda$waitForClusterToBeReady$0(235)) - Waiting for nodes to be ready. Got 4 of 3 DN Heartbeats.
2021-10-28 03:02:28,637 [Listener at 127.0.0.1/11132] INFO  ozone.MiniOzoneClusterImpl (MiniOzoneClusterImpl.java:lambda$waitForClusterToBeReady$0(238)) - Waiting for cluster to exit safe mode
2021-10-28 03:02:28,637 [Listener at 127.0.0.1/11132] INFO  ozone.MiniOzoneClusterImpl (MiniOzoneClusterImpl.java:lambda$waitForClusterToBeReady$0(240)) - SCM became leader
2021-10-28 03:02:28,762 [EndpointStateMachine task thread for /127.0.0.1:13023 - 0 ] INFO  ipc.Client (Client.java:handleConnectionFailure(977)) - Retrying connect to server: localhost/127.0.0.1:13023. Already tried 4 time(s); retry policy is RetryUpToMaximumCountWithFixedSleep(maxRetries=15, sleepTime=1000 MILLISECONDS)
2021-10-28 03:02:28,783 [EndpointStateMachine task thread for /127.0.0.1:13013 - 0 ] INFO  ipc.Client (Client.java:handleConnectionFailure(977)) - Retrying connect to server: localhost/127.0.0.1:13013. Already tried 4 time(s); retry policy is RetryUpToMaximumCountWithFixedSleep(maxRetries=15, sleepTime=1000 MILLISECONDS)
2021-10-28 03:02:28,900 [EndpointStateMachine task thread for /127.0.0.1:12189 - 0 ] INFO  ipc.Client (Client.java:handleConnectionFailure(977)) - Retrying connect to server: localhost/127.0.0.1:12189. Already tried 9 time(s); retry policy is RetryUpToMaximumCountWithFixedSleep(maxRetries=15, sleepTime=1000 MILLISECONDS)
2021-10-28 03:02:28,916 [EndpointStateMachine task thread for /127.0.0.1:12199 - 0 ] INFO  ipc.Client (Client.java:handleConnectionFailure(977)) - Retrying connect to server: localhost/127.0.0.1:12199. Already tried 9 time(s); retry policy is RetryUpToMaximumCountWithFixedSleep(maxRetries=15, sleepTime=1000 MILLISECONDS)
2021-10-28 03:02:29,255 [EndpointStateMachine task thread for /127.0.0.1:12209 - 0 ] INFO  ipc.Client (Client.java:handleConnectionFailure(977)) - Retrying connect to server: localhost/127.0.0.1:12209. Already tried 6 time(s); retry policy is RetryUpToMaximumCountWithFixedSleep(maxRetries=15, sleepTime=1000 MILLISECONDS)
2021-10-28 03:02:29,325 [Datanode State Machine Daemon Thread] ERROR datanode.RunningDatanodeState (RunningDatanodeState.java:computeNextContainerState(199)) - Error in executing end point task.
java.util.concurrent.ExecutionException: java.util.concurrent.TimeoutException
	at java.util.concurrent.FutureTask.report(FutureTask.java:122)
	at java.util.concurrent.FutureTask.get(FutureTask.java:192)
	at org.apache.hadoop.ozone.container.common.states.datanode.RunningDatanodeState.computeNextContainerState(RunningDatanodeState.java:191)
	at org.apache.hadoop.ozone.container.common.states.datanode.RunningDatanodeState.await(RunningDatanodeState.java:231)
	at org.apache.hadoop.ozone.container.common.states.datanode.RunningDatanodeState.await(RunningDatanodeState.java:50)
	at org.apache.hadoop.ozone.container.common.statemachine.StateContext.execute(StateContext.java:633)
	at org.apache.hadoop.ozone.container.common.statemachine.DatanodeStateMachine.start(DatanodeStateMachine.java:280)
	at org.apache.hadoop.ozone.container.common.statemachine.DatanodeStateMachine.lambda$startDaemon$0(DatanodeStateMachine.java:468)
	at java.lang.Thread.run(Thread.java:748)
Caused by: java.util.concurrent.TimeoutException
	at java.util.concurrent.FutureTask.get(FutureTask.java:205)
	at org.apache.hadoop.ozone.container.common.states.datanode.RunningDatanodeState.lambda$execute$0(RunningDatanodeState.java:149)
	at java.util.concurrent.FutureTask.run(FutureTask.java:266)
	at java.util.concurrent.Executors$RunnableAdapter.call(Executors.java:511)
	at java.util.concurrent.FutureTask.run(FutureTask.java:266)
	at java.util.concurrent.ThreadPoolExecutor.runWorker(ThreadPoolExecutor.java:1149)
	at java.util.concurrent.ThreadPoolExecutor$Worker.run(ThreadPoolExecutor.java:624)
	... 1 more
2021-10-28 03:02:29,427 [d262ff89-3d5e-4ab4-981f-dc8616a3cc4b@group-1FC4E3DC1381-FollowerState] INFO  impl.FollowerState (FollowerState.java:run(134)) - d262ff89-3d5e-4ab4-981f-dc8616a3cc4b@group-1FC4E3DC1381-FollowerState: change to CANDIDATE, lastRpcElapsedTime:5062404338ns, electionTimeout:5050ms
2021-10-28 03:02:29,427 [d262ff89-3d5e-4ab4-981f-dc8616a3cc4b@group-1FC4E3DC1381-FollowerState] INFO  impl.RoleInfo (RoleInfo.java:shutdownFollowerState(108)) - d262ff89-3d5e-4ab4-981f-dc8616a3cc4b: shutdown d262ff89-3d5e-4ab4-981f-dc8616a3cc4b@group-1FC4E3DC1381-FollowerState
2021-10-28 03:02:29,427 [d262ff89-3d5e-4ab4-981f-dc8616a3cc4b@group-1FC4E3DC1381-FollowerState] INFO  server.RaftServer$Division (RaftServerImpl.java:setRole(290)) - d262ff89-3d5e-4ab4-981f-dc8616a3cc4b@group-1FC4E3DC1381: changes role from  FOLLOWER to CANDIDATE at term 4 for changeToCandidate
2021-10-28 03:02:29,427 [d262ff89-3d5e-4ab4-981f-dc8616a3cc4b@group-1FC4E3DC1381-FollowerState] INFO  server.RaftServerConfigKeys (ConfUtils.java:logGet(44)) - raft.server.leaderelection.pre-vote = false (custom)
2021-10-28 03:02:29,427 [d262ff89-3d5e-4ab4-981f-dc8616a3cc4b@group-1FC4E3DC1381-FollowerState] INFO  impl.RoleInfo (RoleInfo.java:updateAndGet(130)) - d262ff89-3d5e-4ab4-981f-dc8616a3cc4b: start d262ff89-3d5e-4ab4-981f-dc8616a3cc4b@group-1FC4E3DC1381-LeaderElection46
2021-10-28 03:02:29,432 [91f27009-ec66-4294-9321-b0739729fb6b@group-1FC4E3DC1381-FollowerState] INFO  impl.FollowerState (FollowerState.java:run(134)) - 91f27009-ec66-4294-9321-b0739729fb6b@group-1FC4E3DC1381-FollowerState: change to CANDIDATE, lastRpcElapsedTime:5040498495ns, electionTimeout:5032ms
2021-10-28 03:02:29,432 [91f27009-ec66-4294-9321-b0739729fb6b@group-1FC4E3DC1381-FollowerState] INFO  impl.RoleInfo (RoleInfo.java:shutdownFollowerState(108)) - 91f27009-ec66-4294-9321-b0739729fb6b: shutdown 91f27009-ec66-4294-9321-b0739729fb6b@group-1FC4E3DC1381-FollowerState
2021-10-28 03:02:29,432 [91f27009-ec66-4294-9321-b0739729fb6b@group-1FC4E3DC1381-FollowerState] INFO  server.RaftServer$Division (RaftServerImpl.java:setRole(290)) - 91f27009-ec66-4294-9321-b0739729fb6b@group-1FC4E3DC1381: changes role from  FOLLOWER to CANDIDATE at term 4 for changeToCandidate
2021-10-28 03:02:29,432 [91f27009-ec66-4294-9321-b0739729fb6b@group-1FC4E3DC1381-FollowerState] INFO  server.RaftServerConfigKeys (ConfUtils.java:logGet(44)) - raft.server.leaderelection.pre-vote = false (custom)
2021-10-28 03:02:29,432 [91f27009-ec66-4294-9321-b0739729fb6b@group-1FC4E3DC1381-FollowerState] INFO  impl.RoleInfo (RoleInfo.java:updateAndGet(130)) - 91f27009-ec66-4294-9321-b0739729fb6b: start 91f27009-ec66-4294-9321-b0739729fb6b@group-1FC4E3DC1381-LeaderElection47
2021-10-28 03:02:29,453 [d262ff89-3d5e-4ab4-981f-dc8616a3cc4b@group-1FC4E3DC1381-LeaderElection46] INFO  impl.LeaderElection (LeaderElection.java:askForVotes(306)) - d262ff89-3d5e-4ab4-981f-dc8616a3cc4b@group-1FC4E3DC1381-LeaderElection46 ELECTION round 0: submit vote requests at term 5 for -1: [7e7f778f-92a3-4c6a-870c-2544e6325884|rpc:127.0.0.1:39339|priority:1, d262ff89-3d5e-4ab4-981f-dc8616a3cc4b|rpc:127.0.0.1:35379|priority:0, 91f27009-ec66-4294-9321-b0739729fb6b|rpc:127.0.0.1:38297|priority:0], old=null
2021-10-28 03:02:29,455 [91f27009-ec66-4294-9321-b0739729fb6b@group-1FC4E3DC1381-LeaderElection47] INFO  impl.LeaderElection (LeaderElection.java:askForVotes(306)) - 91f27009-ec66-4294-9321-b0739729fb6b@group-1FC4E3DC1381-LeaderElection47 ELECTION round 0: submit vote requests at term 5 for -1: [7e7f778f-92a3-4c6a-870c-2544e6325884|rpc:127.0.0.1:39339|dataStream:|priority:1, d262ff89-3d5e-4ab4-981f-dc8616a3cc4b|rpc:127.0.0.1:35379|dataStream:|priority:0, 91f27009-ec66-4294-9321-b0739729fb6b|rpc:127.0.0.1:38297|dataStream:|priority:0], old=null
2021-10-28 03:02:29,467 [grpc-default-executor-3] INFO  server.RaftServer$Division (RaftServerImpl.java:requestVote(1046)) - d262ff89-3d5e-4ab4-981f-dc8616a3cc4b@group-1FC4E3DC1381: receive requestVote(ELECTION, 91f27009-ec66-4294-9321-b0739729fb6b, group-1FC4E3DC1381, 5, (t:0, i:0))
2021-10-28 03:02:29,467 [grpc-default-executor-3] INFO  impl.VoteContext (VoteContext.java:log(48)) - d262ff89-3d5e-4ab4-981f-dc8616a3cc4b@group-1FC4E3DC1381-CANDIDATE: reject ELECTION from 91f27009-ec66-4294-9321-b0739729fb6b: already has voted for d262ff89-3d5e-4ab4-981f-dc8616a3cc4b at current term 5
2021-10-28 03:02:29,467 [grpc-default-executor-3] INFO  server.RaftServer$Division (RaftServerImpl.java:requestVote(1078)) - d262ff89-3d5e-4ab4-981f-dc8616a3cc4b@group-1FC4E3DC1381 replies to ELECTION vote request: 91f27009-ec66-4294-9321-b0739729fb6b<-d262ff89-3d5e-4ab4-981f-dc8616a3cc4b#0:FAIL-t5. Peer's state: d262ff89-3d5e-4ab4-981f-dc8616a3cc4b@group-1FC4E3DC1381:t5, leader=null, voted=d262ff89-3d5e-4ab4-981f-dc8616a3cc4b, raftlog=d262ff89-3d5e-4ab4-981f-dc8616a3cc4b@group-1FC4E3DC1381-SegmentedRaftLog:OPENED:c-1, conf=-1: [7e7f778f-92a3-4c6a-870c-2544e6325884|rpc:127.0.0.1:39339|priority:1, d262ff89-3d5e-4ab4-981f-dc8616a3cc4b|rpc:127.0.0.1:35379|priority:0, 91f27009-ec66-4294-9321-b0739729fb6b|rpc:127.0.0.1:38297|priority:0], old=null
2021-10-28 03:02:29,467 [grpc-default-executor-0] INFO  server.RaftServer$Division (RaftServerImpl.java:requestVote(1046)) - 7e7f778f-92a3-4c6a-870c-2544e6325884@group-1FC4E3DC1381: receive requestVote(ELECTION, d262ff89-3d5e-4ab4-981f-dc8616a3cc4b, group-1FC4E3DC1381, 5, (t:0, i:0))
2021-10-28 03:02:29,467 [grpc-default-executor-0] INFO  impl.VoteContext (VoteContext.java:log(48)) - 7e7f778f-92a3-4c6a-870c-2544e6325884@group-1FC4E3DC1381-FOLLOWER: reject ELECTION from d262ff89-3d5e-4ab4-981f-dc8616a3cc4b: our priority 1 > candidate's priority 0
2021-10-28 03:02:29,467 [grpc-default-executor-0] INFO  server.RaftServer$Division (RaftServerImpl.java:setRole(290)) - 7e7f778f-92a3-4c6a-870c-2544e6325884@group-1FC4E3DC1381: changes role from  FOLLOWER to FOLLOWER at term 5 for candidate:d262ff89-3d5e-4ab4-981f-dc8616a3cc4b
2021-10-28 03:02:29,467 [grpc-default-executor-0] INFO  impl.RoleInfo (RoleInfo.java:shutdownFollowerState(108)) - 7e7f778f-92a3-4c6a-870c-2544e6325884: shutdown 7e7f778f-92a3-4c6a-870c-2544e6325884@group-1FC4E3DC1381-FollowerState
2021-10-28 03:02:29,467 [grpc-default-executor-0] INFO  impl.RoleInfo (RoleInfo.java:updateAndGet(130)) - 7e7f778f-92a3-4c6a-870c-2544e6325884: start 7e7f778f-92a3-4c6a-870c-2544e6325884@group-1FC4E3DC1381-FollowerState
2021-10-28 03:02:29,469 [grpc-default-executor-1] INFO  server.RaftServer$Division (RaftServerImpl.java:requestVote(1046)) - 7e7f778f-92a3-4c6a-870c-2544e6325884@group-1FC4E3DC1381: receive requestVote(ELECTION, 91f27009-ec66-4294-9321-b0739729fb6b, group-1FC4E3DC1381, 5, (t:0, i:0))
2021-10-28 03:02:29,469 [grpc-default-executor-2] INFO  server.RaftServer$Division (RaftServerImpl.java:requestVote(1046)) - 91f27009-ec66-4294-9321-b0739729fb6b@group-1FC4E3DC1381: receive requestVote(ELECTION, d262ff89-3d5e-4ab4-981f-dc8616a3cc4b, group-1FC4E3DC1381, 5, (t:0, i:0))
2021-10-28 03:02:29,469 [grpc-default-executor-2] INFO  impl.VoteContext (VoteContext.java:log(48)) - 91f27009-ec66-4294-9321-b0739729fb6b@group-1FC4E3DC1381-CANDIDATE: reject ELECTION from d262ff89-3d5e-4ab4-981f-dc8616a3cc4b: already has voted for 91f27009-ec66-4294-9321-b0739729fb6b at current term 5
2021-10-28 03:02:29,469 [grpc-default-executor-2] INFO  server.RaftServer$Division (RaftServerImpl.java:requestVote(1078)) - 91f27009-ec66-4294-9321-b0739729fb6b@group-1FC4E3DC1381 replies to ELECTION vote request: d262ff89-3d5e-4ab4-981f-dc8616a3cc4b<-91f27009-ec66-4294-9321-b0739729fb6b#0:FAIL-t5. Peer's state: 91f27009-ec66-4294-9321-b0739729fb6b@group-1FC4E3DC1381:t5, leader=null, voted=91f27009-ec66-4294-9321-b0739729fb6b, raftlog=91f27009-ec66-4294-9321-b0739729fb6b@group-1FC4E3DC1381-SegmentedRaftLog:OPENED:c-1, conf=-1: [7e7f778f-92a3-4c6a-870c-2544e6325884|rpc:127.0.0.1:39339|dataStream:|priority:1, d262ff89-3d5e-4ab4-981f-dc8616a3cc4b|rpc:127.0.0.1:35379|dataStream:|priority:0, 91f27009-ec66-4294-9321-b0739729fb6b|rpc:127.0.0.1:38297|dataStream:|priority:0], old=null
2021-10-28 03:02:29,472 [7e7f778f-92a3-4c6a-870c-2544e6325884@group-1FC4E3DC1381-FollowerState] INFO  impl.FollowerState (FollowerState.java:run(143)) - 7e7f778f-92a3-4c6a-870c-2544e6325884@group-1FC4E3DC1381-FollowerState was interrupted: {}
java.lang.InterruptedException: sleep interrupted
	at java.lang.Thread.sleep(Native Method)
	at java.lang.Thread.sleep(Thread.java:340)
	at java.util.concurrent.TimeUnit.sleep(TimeUnit.java:386)
	at org.apache.ratis.util.TimeDuration.sleep(TimeDuration.java:324)
	at org.apache.ratis.util.TimeDuration.sleep(TimeDuration.java:309)
	at org.apache.ratis.server.impl.FollowerState.run(FollowerState.java:118)
2021-10-28 03:02:29,474 [grpc-default-executor-0] INFO  server.RaftServer$Division (RaftServerImpl.java:requestVote(1078)) - 7e7f778f-92a3-4c6a-870c-2544e6325884@group-1FC4E3DC1381 replies to ELECTION vote request: d262ff89-3d5e-4ab4-981f-dc8616a3cc4b<-7e7f778f-92a3-4c6a-870c-2544e6325884#0:FAIL-t5. Peer's state: 7e7f778f-92a3-4c6a-870c-2544e6325884@group-1FC4E3DC1381:t5, leader=null, voted=null, raftlog=7e7f778f-92a3-4c6a-870c-2544e6325884@group-1FC4E3DC1381-SegmentedRaftLog:OPENED:c-1, conf=-1: [7e7f778f-92a3-4c6a-870c-2544e6325884|rpc:127.0.0.1:39339|dataStream:|priority:1, d262ff89-3d5e-4ab4-981f-dc8616a3cc4b|rpc:127.0.0.1:35379|dataStream:|priority:0, 91f27009-ec66-4294-9321-b0739729fb6b|rpc:127.0.0.1:38297|dataStream:|priority:0], old=null
2021-10-28 03:02:29,474 [grpc-default-executor-1] INFO  impl.VoteContext (VoteContext.java:log(48)) - 7e7f778f-92a3-4c6a-870c-2544e6325884@group-1FC4E3DC1381-FOLLOWER: reject ELECTION from 91f27009-ec66-4294-9321-b0739729fb6b: our priority 1 > candidate's priority 0
2021-10-28 03:02:29,474 [grpc-default-executor-1] INFO  server.RaftServer$Division (RaftServerImpl.java:setRole(290)) - 7e7f778f-92a3-4c6a-870c-2544e6325884@group-1FC4E3DC1381: changes role from  FOLLOWER to FOLLOWER at term 5 for candidate:91f27009-ec66-4294-9321-b0739729fb6b
2021-10-28 03:02:29,475 [grpc-default-executor-1] INFO  impl.RoleInfo (RoleInfo.java:shutdownFollowerState(108)) - 7e7f778f-92a3-4c6a-870c-2544e6325884: shutdown 7e7f778f-92a3-4c6a-870c-2544e6325884@group-1FC4E3DC1381-FollowerState
2021-10-28 03:02:29,475 [grpc-default-executor-1] INFO  impl.RoleInfo (RoleInfo.java:updateAndGet(130)) - 7e7f778f-92a3-4c6a-870c-2544e6325884: start 7e7f778f-92a3-4c6a-870c-2544e6325884@group-1FC4E3DC1381-FollowerState
2021-10-28 03:02:29,475 [grpc-default-executor-1] INFO  server.RaftServer$Division (RaftServerImpl.java:requestVote(1078)) - 7e7f778f-92a3-4c6a-870c-2544e6325884@group-1FC4E3DC1381 replies to ELECTION vote request: 91f27009-ec66-4294-9321-b0739729fb6b<-7e7f778f-92a3-4c6a-870c-2544e6325884#0:FAIL-t5. Peer's state: 7e7f778f-92a3-4c6a-870c-2544e6325884@group-1FC4E3DC1381:t5, leader=null, voted=null, raftlog=7e7f778f-92a3-4c6a-870c-2544e6325884@group-1FC4E3DC1381-SegmentedRaftLog:OPENED:c-1, conf=-1: [7e7f778f-92a3-4c6a-870c-2544e6325884|rpc:127.0.0.1:39339|dataStream:|priority:1, d262ff89-3d5e-4ab4-981f-dc8616a3cc4b|rpc:127.0.0.1:35379|dataStream:|priority:0, 91f27009-ec66-4294-9321-b0739729fb6b|rpc:127.0.0.1:38297|dataStream:|priority:0], old=null
2021-10-28 03:02:29,479 [91f27009-ec66-4294-9321-b0739729fb6b@group-1FC4E3DC1381-LeaderElection47] INFO  impl.LeaderElection (LeaderElection.java:logAndReturn(89)) - 91f27009-ec66-4294-9321-b0739729fb6b@group-1FC4E3DC1381-LeaderElection47: ELECTION REJECTED received 2 response(s) and 0 exception(s):
2021-10-28 03:02:29,479 [91f27009-ec66-4294-9321-b0739729fb6b@group-1FC4E3DC1381-LeaderElection47] INFO  impl.LeaderElection (LeaderElection.java:logAndReturn(93)) -   Response 0: 91f27009-ec66-4294-9321-b0739729fb6b<-7e7f778f-92a3-4c6a-870c-2544e6325884#0:FAIL-t5
2021-10-28 03:02:29,479 [91f27009-ec66-4294-9321-b0739729fb6b@group-1FC4E3DC1381-LeaderElection47] INFO  impl.LeaderElection (LeaderElection.java:logAndReturn(93)) -   Response 1: 91f27009-ec66-4294-9321-b0739729fb6b<-d262ff89-3d5e-4ab4-981f-dc8616a3cc4b#0:FAIL-t5
2021-10-28 03:02:29,479 [91f27009-ec66-4294-9321-b0739729fb6b@group-1FC4E3DC1381-LeaderElection47] INFO  impl.LeaderElection (LeaderElection.java:askForVotes(308)) - 91f27009-ec66-4294-9321-b0739729fb6b@group-1FC4E3DC1381-LeaderElection47 ELECTION round 0: result REJECTED
2021-10-28 03:02:29,479 [91f27009-ec66-4294-9321-b0739729fb6b@group-1FC4E3DC1381-LeaderElection47] INFO  server.RaftServer$Division (RaftServerImpl.java:setRole(290)) - 91f27009-ec66-4294-9321-b0739729fb6b@group-1FC4E3DC1381: changes role from CANDIDATE to FOLLOWER at term 5 for REJECTED
2021-10-28 03:02:29,479 [91f27009-ec66-4294-9321-b0739729fb6b@group-1FC4E3DC1381-LeaderElection47] INFO  impl.RoleInfo (RoleInfo.java:shutdownLeaderElection(121)) - 91f27009-ec66-4294-9321-b0739729fb6b: shutdown 91f27009-ec66-4294-9321-b0739729fb6b@group-1FC4E3DC1381-LeaderElection47
2021-10-28 03:02:29,479 [91f27009-ec66-4294-9321-b0739729fb6b@group-1FC4E3DC1381-LeaderElection47] INFO  impl.RoleInfo (RoleInfo.java:updateAndGet(130)) - 91f27009-ec66-4294-9321-b0739729fb6b: start 91f27009-ec66-4294-9321-b0739729fb6b@group-1FC4E3DC1381-FollowerState
2021-10-28 03:02:29,511 [d262ff89-3d5e-4ab4-981f-dc8616a3cc4b@group-1FC4E3DC1381-LeaderElection46] INFO  impl.LeaderElection (LeaderElection.java:logAndReturn(89)) - d262ff89-3d5e-4ab4-981f-dc8616a3cc4b@group-1FC4E3DC1381-LeaderElection46: ELECTION REJECTED received 1 response(s) and 0 exception(s):
2021-10-28 03:02:29,511 [d262ff89-3d5e-4ab4-981f-dc8616a3cc4b@group-1FC4E3DC1381-LeaderElection46] INFO  impl.LeaderElection (LeaderElection.java:logAndReturn(93)) -   Response 0: d262ff89-3d5e-4ab4-981f-dc8616a3cc4b<-7e7f778f-92a3-4c6a-870c-2544e6325884#0:FAIL-t5
2021-10-28 03:02:29,511 [d262ff89-3d5e-4ab4-981f-dc8616a3cc4b@group-1FC4E3DC1381-LeaderElection46] INFO  impl.LeaderElection (LeaderElection.java:askForVotes(308)) - d262ff89-3d5e-4ab4-981f-dc8616a3cc4b@group-1FC4E3DC1381-LeaderElection46 ELECTION round 0: result REJECTED
2021-10-28 03:02:29,511 [d262ff89-3d5e-4ab4-981f-dc8616a3cc4b@group-1FC4E3DC1381-LeaderElection46] INFO  server.RaftServer$Division (RaftServerImpl.java:setRole(290)) - d262ff89-3d5e-4ab4-981f-dc8616a3cc4b@group-1FC4E3DC1381: changes role from CANDIDATE to FOLLOWER at term 5 for REJECTED
2021-10-28 03:02:29,511 [d262ff89-3d5e-4ab4-981f-dc8616a3cc4b@group-1FC4E3DC1381-LeaderElection46] INFO  impl.RoleInfo (RoleInfo.java:shutdownLeaderElection(121)) - d262ff89-3d5e-4ab4-981f-dc8616a3cc4b: shutdown d262ff89-3d5e-4ab4-981f-dc8616a3cc4b@group-1FC4E3DC1381-LeaderElection46
2021-10-28 03:02:29,512 [d262ff89-3d5e-4ab4-981f-dc8616a3cc4b@group-1FC4E3DC1381-LeaderElection46] INFO  impl.RoleInfo (RoleInfo.java:updateAndGet(130)) - d262ff89-3d5e-4ab4-981f-dc8616a3cc4b: start d262ff89-3d5e-4ab4-981f-dc8616a3cc4b@group-1FC4E3DC1381-FollowerState
2021-10-28 03:02:29,637 [Listener at 127.0.0.1/11132] INFO  ozone.MiniOzoneClusterImpl (MiniOzoneClusterImpl.java:lambda$waitForClusterToBeReady$0(235)) - Waiting for nodes to be ready. Got 4 of 3 DN Heartbeats.
2021-10-28 03:02:29,637 [Listener at 127.0.0.1/11132] INFO  ozone.MiniOzoneClusterImpl (MiniOzoneClusterImpl.java:lambda$waitForClusterToBeReady$0(238)) - Waiting for cluster to exit safe mode
2021-10-28 03:02:29,637 [Listener at 127.0.0.1/11132] INFO  ozone.MiniOzoneClusterImpl (MiniOzoneClusterImpl.java:lambda$waitForClusterToBeReady$0(240)) - SCM became leader
2021-10-28 03:02:29,746 [d262ff89-3d5e-4ab4-981f-dc8616a3cc4b@group-A37BCEEDED0F-FollowerState] INFO  impl.FollowerState (FollowerState.java:run(134)) - d262ff89-3d5e-4ab4-981f-dc8616a3cc4b@group-A37BCEEDED0F-FollowerState: change to CANDIDATE, lastRpcElapsedTime:5025007560ns, electionTimeout:5022ms
2021-10-28 03:02:29,746 [d262ff89-3d5e-4ab4-981f-dc8616a3cc4b@group-A37BCEEDED0F-FollowerState] INFO  impl.RoleInfo (RoleInfo.java:shutdownFollowerState(108)) - d262ff89-3d5e-4ab4-981f-dc8616a3cc4b: shutdown d262ff89-3d5e-4ab4-981f-dc8616a3cc4b@group-A37BCEEDED0F-FollowerState
2021-10-28 03:02:29,746 [d262ff89-3d5e-4ab4-981f-dc8616a3cc4b@group-A37BCEEDED0F-FollowerState] INFO  server.RaftServer$Division (RaftServerImpl.java:setRole(290)) - d262ff89-3d5e-4ab4-981f-dc8616a3cc4b@group-A37BCEEDED0F: changes role from  FOLLOWER to CANDIDATE at term 4 for changeToCandidate
2021-10-28 03:02:29,746 [d262ff89-3d5e-4ab4-981f-dc8616a3cc4b@group-A37BCEEDED0F-FollowerState] INFO  server.RaftServerConfigKeys (ConfUtils.java:logGet(44)) - raft.server.leaderelection.pre-vote = false (custom)
2021-10-28 03:02:29,746 [d262ff89-3d5e-4ab4-981f-dc8616a3cc4b@group-A37BCEEDED0F-FollowerState] INFO  impl.RoleInfo (RoleInfo.java:updateAndGet(130)) - d262ff89-3d5e-4ab4-981f-dc8616a3cc4b: start d262ff89-3d5e-4ab4-981f-dc8616a3cc4b@group-A37BCEEDED0F-LeaderElection48
2021-10-28 03:02:29,762 [EndpointStateMachine task thread for /127.0.0.1:13023 - 0 ] INFO  ipc.Client (Client.java:handleConnectionFailure(977)) - Retrying connect to server: localhost/127.0.0.1:13023. Already tried 5 time(s); retry policy is RetryUpToMaximumCountWithFixedSleep(maxRetries=15, sleepTime=1000 MILLISECONDS)
2021-10-28 03:02:29,772 [d262ff89-3d5e-4ab4-981f-dc8616a3cc4b@group-A37BCEEDED0F-LeaderElection48] INFO  impl.LeaderElection (LeaderElection.java:askForVotes(306)) - d262ff89-3d5e-4ab4-981f-dc8616a3cc4b@group-A37BCEEDED0F-LeaderElection48 ELECTION round 0: submit vote requests at term 5 for -1: [7e7f778f-92a3-4c6a-870c-2544e6325884|rpc:127.0.0.1:39339|priority:0, d262ff89-3d5e-4ab4-981f-dc8616a3cc4b|rpc:127.0.0.1:35379|priority:0, 91f27009-ec66-4294-9321-b0739729fb6b|rpc:127.0.0.1:38297|priority:1], old=null
2021-10-28 03:02:29,784 [EndpointStateMachine task thread for /127.0.0.1:13013 - 0 ] INFO  ipc.Client (Client.java:handleConnectionFailure(977)) - Retrying connect to server: localhost/127.0.0.1:13013. Already tried 5 time(s); retry policy is RetryUpToMaximumCountWithFixedSleep(maxRetries=15, sleepTime=1000 MILLISECONDS)
2021-10-28 03:02:29,788 [grpc-default-executor-0] INFO  server.RaftServer$Division (RaftServerImpl.java:requestVote(1046)) - 7e7f778f-92a3-4c6a-870c-2544e6325884@group-A37BCEEDED0F: receive requestVote(ELECTION, d262ff89-3d5e-4ab4-981f-dc8616a3cc4b, group-A37BCEEDED0F, 5, (t:0, i:0))
2021-10-28 03:02:29,788 [grpc-default-executor-0] INFO  impl.VoteContext (VoteContext.java:log(48)) - 7e7f778f-92a3-4c6a-870c-2544e6325884@group-A37BCEEDED0F-FOLLOWER: accept ELECTION from d262ff89-3d5e-4ab4-981f-dc8616a3cc4b: our priority 0 <= candidate's priority 0
2021-10-28 03:02:29,788 [grpc-default-executor-0] INFO  server.RaftServer$Division (RaftServerImpl.java:setRole(290)) - 7e7f778f-92a3-4c6a-870c-2544e6325884@group-A37BCEEDED0F: changes role from  FOLLOWER to FOLLOWER at term 5 for candidate:d262ff89-3d5e-4ab4-981f-dc8616a3cc4b
2021-10-28 03:02:29,788 [grpc-default-executor-0] INFO  impl.RoleInfo (RoleInfo.java:shutdownFollowerState(108)) - 7e7f778f-92a3-4c6a-870c-2544e6325884: shutdown 7e7f778f-92a3-4c6a-870c-2544e6325884@group-A37BCEEDED0F-FollowerState
2021-10-28 03:02:29,788 [grpc-default-executor-0] INFO  impl.RoleInfo (RoleInfo.java:updateAndGet(130)) - 7e7f778f-92a3-4c6a-870c-2544e6325884: start 7e7f778f-92a3-4c6a-870c-2544e6325884@group-A37BCEEDED0F-FollowerState
2021-10-28 03:02:29,788 [7e7f778f-92a3-4c6a-870c-2544e6325884@group-A37BCEEDED0F-FollowerState] INFO  impl.FollowerState (FollowerState.java:run(143)) - 7e7f778f-92a3-4c6a-870c-2544e6325884@group-A37BCEEDED0F-FollowerState was interrupted: {}
java.lang.InterruptedException: sleep interrupted
	at java.lang.Thread.sleep(Native Method)
	at java.lang.Thread.sleep(Thread.java:340)
	at java.util.concurrent.TimeUnit.sleep(TimeUnit.java:386)
	at org.apache.ratis.util.TimeDuration.sleep(TimeDuration.java:324)
	at org.apache.ratis.util.TimeDuration.sleep(TimeDuration.java:309)
	at org.apache.ratis.server.impl.FollowerState.run(FollowerState.java:118)
2021-10-28 03:02:29,789 [grpc-default-executor-0] INFO  server.RaftServer$Division (RaftServerImpl.java:requestVote(1078)) - 7e7f778f-92a3-4c6a-870c-2544e6325884@group-A37BCEEDED0F replies to ELECTION vote request: d262ff89-3d5e-4ab4-981f-dc8616a3cc4b<-7e7f778f-92a3-4c6a-870c-2544e6325884#0:OK-t5. Peer's state: 7e7f778f-92a3-4c6a-870c-2544e6325884@group-A37BCEEDED0F:t5, leader=null, voted=d262ff89-3d5e-4ab4-981f-dc8616a3cc4b, raftlog=7e7f778f-92a3-4c6a-870c-2544e6325884@group-A37BCEEDED0F-SegmentedRaftLog:OPENED:c-1, conf=-1: [7e7f778f-92a3-4c6a-870c-2544e6325884|rpc:127.0.0.1:39339|priority:0, d262ff89-3d5e-4ab4-981f-dc8616a3cc4b|rpc:127.0.0.1:35379|priority:0, 91f27009-ec66-4294-9321-b0739729fb6b|rpc:127.0.0.1:38297|priority:1], old=null
2021-10-28 03:02:29,805 [grpc-default-executor-0] INFO  server.RaftServer$Division (RaftServerImpl.java:requestVote(1046)) - 91f27009-ec66-4294-9321-b0739729fb6b@group-A37BCEEDED0F: receive requestVote(ELECTION, d262ff89-3d5e-4ab4-981f-dc8616a3cc4b, group-A37BCEEDED0F, 5, (t:0, i:0))
2021-10-28 03:02:29,806 [grpc-default-executor-0] INFO  impl.VoteContext (VoteContext.java:log(48)) - 91f27009-ec66-4294-9321-b0739729fb6b@group-A37BCEEDED0F-FOLLOWER: reject ELECTION from d262ff89-3d5e-4ab4-981f-dc8616a3cc4b: our priority 1 > candidate's priority 0
2021-10-28 03:02:29,806 [grpc-default-executor-0] INFO  server.RaftServer$Division (RaftServerImpl.java:setRole(290)) - 91f27009-ec66-4294-9321-b0739729fb6b@group-A37BCEEDED0F: changes role from  FOLLOWER to FOLLOWER at term 5 for candidate:d262ff89-3d5e-4ab4-981f-dc8616a3cc4b
2021-10-28 03:02:29,806 [grpc-default-executor-0] INFO  impl.RoleInfo (RoleInfo.java:shutdownFollowerState(108)) - 91f27009-ec66-4294-9321-b0739729fb6b: shutdown 91f27009-ec66-4294-9321-b0739729fb6b@group-A37BCEEDED0F-FollowerState
2021-10-28 03:02:29,806 [grpc-default-executor-0] INFO  impl.RoleInfo (RoleInfo.java:updateAndGet(130)) - 91f27009-ec66-4294-9321-b0739729fb6b: start 91f27009-ec66-4294-9321-b0739729fb6b@group-A37BCEEDED0F-FollowerState
2021-10-28 03:02:29,806 [91f27009-ec66-4294-9321-b0739729fb6b@group-A37BCEEDED0F-FollowerState] INFO  impl.FollowerState (FollowerState.java:run(143)) - 91f27009-ec66-4294-9321-b0739729fb6b@group-A37BCEEDED0F-FollowerState was interrupted: {}
java.lang.InterruptedException: sleep interrupted
	at java.lang.Thread.sleep(Native Method)
	at java.lang.Thread.sleep(Thread.java:340)
	at java.util.concurrent.TimeUnit.sleep(TimeUnit.java:386)
	at org.apache.ratis.util.TimeDuration.sleep(TimeDuration.java:324)
	at org.apache.ratis.util.TimeDuration.sleep(TimeDuration.java:309)
	at org.apache.ratis.server.impl.FollowerState.run(FollowerState.java:118)
2021-10-28 03:02:29,828 [grpc-default-executor-0] INFO  server.RaftServer$Division (RaftServerImpl.java:requestVote(1078)) - 91f27009-ec66-4294-9321-b0739729fb6b@group-A37BCEEDED0F replies to ELECTION vote request: d262ff89-3d5e-4ab4-981f-dc8616a3cc4b<-91f27009-ec66-4294-9321-b0739729fb6b#0:FAIL-t5. Peer's state: 91f27009-ec66-4294-9321-b0739729fb6b@group-A37BCEEDED0F:t5, leader=null, voted=null, raftlog=91f27009-ec66-4294-9321-b0739729fb6b@group-A37BCEEDED0F-SegmentedRaftLog:OPENED:c-1, conf=-1: [7e7f778f-92a3-4c6a-870c-2544e6325884|rpc:127.0.0.1:39339|dataStream:|priority:0, d262ff89-3d5e-4ab4-981f-dc8616a3cc4b|rpc:127.0.0.1:35379|dataStream:|priority:0, 91f27009-ec66-4294-9321-b0739729fb6b|rpc:127.0.0.1:38297|dataStream:|priority:1], old=null
2021-10-28 03:02:29,831 [d262ff89-3d5e-4ab4-981f-dc8616a3cc4b@group-A37BCEEDED0F-LeaderElection48] INFO  impl.LeaderElection (LeaderElection.java:logAndReturn(89)) - d262ff89-3d5e-4ab4-981f-dc8616a3cc4b@group-A37BCEEDED0F-LeaderElection48: ELECTION REJECTED received 2 response(s) and 0 exception(s):
2021-10-28 03:02:29,831 [d262ff89-3d5e-4ab4-981f-dc8616a3cc4b@group-A37BCEEDED0F-LeaderElection48] INFO  impl.LeaderElection (LeaderElection.java:logAndReturn(93)) -   Response 0: d262ff89-3d5e-4ab4-981f-dc8616a3cc4b<-7e7f778f-92a3-4c6a-870c-2544e6325884#0:OK-t5
2021-10-28 03:02:29,831 [d262ff89-3d5e-4ab4-981f-dc8616a3cc4b@group-A37BCEEDED0F-LeaderElection48] INFO  impl.LeaderElection (LeaderElection.java:logAndReturn(93)) -   Response 1: d262ff89-3d5e-4ab4-981f-dc8616a3cc4b<-91f27009-ec66-4294-9321-b0739729fb6b#0:FAIL-t5
2021-10-28 03:02:29,831 [d262ff89-3d5e-4ab4-981f-dc8616a3cc4b@group-A37BCEEDED0F-LeaderElection48] INFO  impl.LeaderElection (LeaderElection.java:askForVotes(308)) - d262ff89-3d5e-4ab4-981f-dc8616a3cc4b@group-A37BCEEDED0F-LeaderElection48 ELECTION round 0: result REJECTED
2021-10-28 03:02:29,831 [d262ff89-3d5e-4ab4-981f-dc8616a3cc4b@group-A37BCEEDED0F-LeaderElection48] INFO  server.RaftServer$Division (RaftServerImpl.java:setRole(290)) - d262ff89-3d5e-4ab4-981f-dc8616a3cc4b@group-A37BCEEDED0F: changes role from CANDIDATE to FOLLOWER at term 5 for REJECTED
2021-10-28 03:02:29,831 [d262ff89-3d5e-4ab4-981f-dc8616a3cc4b@group-A37BCEEDED0F-LeaderElection48] INFO  impl.RoleInfo (RoleInfo.java:shutdownLeaderElection(121)) - d262ff89-3d5e-4ab4-981f-dc8616a3cc4b: shutdown d262ff89-3d5e-4ab4-981f-dc8616a3cc4b@group-A37BCEEDED0F-LeaderElection48
2021-10-28 03:02:29,831 [d262ff89-3d5e-4ab4-981f-dc8616a3cc4b@group-A37BCEEDED0F-LeaderElection48] INFO  impl.RoleInfo (RoleInfo.java:updateAndGet(130)) - d262ff89-3d5e-4ab4-981f-dc8616a3cc4b: start d262ff89-3d5e-4ab4-981f-dc8616a3cc4b@group-A37BCEEDED0F-FollowerState
2021-10-28 03:02:29,901 [EndpointStateMachine task thread for /127.0.0.1:12189 - 0 ] INFO  ipc.Client (Client.java:handleConnectionFailure(977)) - Retrying connect to server: localhost/127.0.0.1:12189. Already tried 10 time(s); retry policy is RetryUpToMaximumCountWithFixedSleep(maxRetries=15, sleepTime=1000 MILLISECONDS)
2021-10-28 03:02:29,931 [EndpointStateMachine task thread for /127.0.0.1:12199 - 0 ] INFO  ipc.Client (Client.java:handleConnectionFailure(977)) - Retrying connect to server: localhost/127.0.0.1:12199. Already tried 10 time(s); retry policy is RetryUpToMaximumCountWithFixedSleep(maxRetries=15, sleepTime=1000 MILLISECONDS)
2021-10-28 03:02:30,088 [Datanode State Machine Daemon Thread] ERROR datanode.RunningDatanodeState (RunningDatanodeState.java:computeNextContainerState(199)) - Error in executing end point task.
java.util.concurrent.ExecutionException: java.util.concurrent.TimeoutException
	at java.util.concurrent.FutureTask.report(FutureTask.java:122)
	at java.util.concurrent.FutureTask.get(FutureTask.java:192)
	at org.apache.hadoop.ozone.container.common.states.datanode.RunningDatanodeState.computeNextContainerState(RunningDatanodeState.java:191)
	at org.apache.hadoop.ozone.container.common.states.datanode.RunningDatanodeState.await(RunningDatanodeState.java:231)
	at org.apache.hadoop.ozone.container.common.states.datanode.RunningDatanodeState.await(RunningDatanodeState.java:50)
	at org.apache.hadoop.ozone.container.common.statemachine.StateContext.execute(StateContext.java:633)
	at org.apache.hadoop.ozone.container.common.statemachine.DatanodeStateMachine.start(DatanodeStateMachine.java:280)
	at org.apache.hadoop.ozone.container.common.statemachine.DatanodeStateMachine.lambda$startDaemon$0(DatanodeStateMachine.java:468)
	at java.lang.Thread.run(Thread.java:748)
Caused by: java.util.concurrent.TimeoutException
	at java.util.concurrent.FutureTask.get(FutureTask.java:205)
	at org.apache.hadoop.ozone.container.common.states.datanode.RunningDatanodeState.lambda$execute$0(RunningDatanodeState.java:149)
	at java.util.concurrent.FutureTask.run(FutureTask.java:266)
	at java.util.concurrent.Executors$RunnableAdapter.call(Executors.java:511)
	at java.util.concurrent.FutureTask.run(FutureTask.java:266)
	at java.util.concurrent.ThreadPoolExecutor.runWorker(ThreadPoolExecutor.java:1149)
	at java.util.concurrent.ThreadPoolExecutor$Worker.run(ThreadPoolExecutor.java:624)
	... 1 more
2021-10-28 03:02:30,256 [EndpointStateMachine task thread for /127.0.0.1:12209 - 0 ] INFO  ipc.Client (Client.java:handleConnectionFailure(977)) - Retrying connect to server: localhost/127.0.0.1:12209. Already tried 7 time(s); retry policy is RetryUpToMaximumCountWithFixedSleep(maxRetries=15, sleepTime=1000 MILLISECONDS)
2021-10-28 03:02:30,325 [Datanode State Machine Daemon Thread] ERROR datanode.RunningDatanodeState (RunningDatanodeState.java:computeNextContainerState(199)) - Error in executing end point task.
java.util.concurrent.ExecutionException: java.util.concurrent.TimeoutException
	at java.util.concurrent.FutureTask.report(FutureTask.java:122)
	at java.util.concurrent.FutureTask.get(FutureTask.java:192)
	at org.apache.hadoop.ozone.container.common.states.datanode.RunningDatanodeState.computeNextContainerState(RunningDatanodeState.java:191)
	at org.apache.hadoop.ozone.container.common.states.datanode.RunningDatanodeState.await(RunningDatanodeState.java:231)
	at org.apache.hadoop.ozone.container.common.states.datanode.RunningDatanodeState.await(RunningDatanodeState.java:50)
	at org.apache.hadoop.ozone.container.common.statemachine.StateContext.execute(StateContext.java:633)
	at org.apache.hadoop.ozone.container.common.statemachine.DatanodeStateMachine.start(DatanodeStateMachine.java:280)
	at org.apache.hadoop.ozone.container.common.statemachine.DatanodeStateMachine.lambda$startDaemon$0(DatanodeStateMachine.java:468)
	at java.lang.Thread.run(Thread.java:748)
Caused by: java.util.concurrent.TimeoutException
	at java.util.concurrent.FutureTask.get(FutureTask.java:205)
	at org.apache.hadoop.ozone.container.common.states.datanode.RunningDatanodeState.lambda$execute$0(RunningDatanodeState.java:149)
	at java.util.concurrent.FutureTask.run(FutureTask.java:266)
	at java.util.concurrent.Executors$RunnableAdapter.call(Executors.java:511)
	at java.util.concurrent.FutureTask.run(FutureTask.java:266)
	at java.util.concurrent.ThreadPoolExecutor.runWorker(ThreadPoolExecutor.java:1149)
	at java.util.concurrent.ThreadPoolExecutor$Worker.run(ThreadPoolExecutor.java:624)
	... 1 more
2021-10-28 03:02:30,638 [Listener at 127.0.0.1/11132] INFO  ozone.MiniOzoneClusterImpl (MiniOzoneClusterImpl.java:lambda$waitForClusterToBeReady$0(235)) - Waiting for nodes to be ready. Got 4 of 3 DN Heartbeats.
2021-10-28 03:02:30,638 [Listener at 127.0.0.1/11132] INFO  ozone.MiniOzoneClusterImpl (MiniOzoneClusterImpl.java:lambda$waitForClusterToBeReady$0(238)) - Waiting for cluster to exit safe mode
2021-10-28 03:02:30,638 [Listener at 127.0.0.1/11132] INFO  ozone.MiniOzoneClusterImpl (MiniOzoneClusterImpl.java:lambda$waitForClusterToBeReady$0(240)) - SCM became leader
2021-10-28 03:02:30,763 [EndpointStateMachine task thread for /127.0.0.1:13023 - 0 ] INFO  ipc.Client (Client.java:handleConnectionFailure(977)) - Retrying connect to server: localhost/127.0.0.1:13023. Already tried 6 time(s); retry policy is RetryUpToMaximumCountWithFixedSleep(maxRetries=15, sleepTime=1000 MILLISECONDS)
2021-10-28 03:02:30,784 [EndpointStateMachine task thread for /127.0.0.1:13013 - 0 ] INFO  ipc.Client (Client.java:handleConnectionFailure(977)) - Retrying connect to server: localhost/127.0.0.1:13013. Already tried 6 time(s); retry policy is RetryUpToMaximumCountWithFixedSleep(maxRetries=15, sleepTime=1000 MILLISECONDS)
2021-10-28 03:02:30,903 [EndpointStateMachine task thread for /127.0.0.1:12189 - 0 ] INFO  ipc.Client (Client.java:handleConnectionFailure(977)) - Retrying connect to server: localhost/127.0.0.1:12189. Already tried 11 time(s); retry policy is RetryUpToMaximumCountWithFixedSleep(maxRetries=15, sleepTime=1000 MILLISECONDS)
2021-10-28 03:02:30,931 [EndpointStateMachine task thread for /127.0.0.1:12199 - 0 ] INFO  ipc.Client (Client.java:handleConnectionFailure(977)) - Retrying connect to server: localhost/127.0.0.1:12199. Already tried 11 time(s); retry policy is RetryUpToMaximumCountWithFixedSleep(maxRetries=15, sleepTime=1000 MILLISECONDS)
2021-10-28 03:02:31,089 [Datanode State Machine Daemon Thread] ERROR datanode.RunningDatanodeState (RunningDatanodeState.java:computeNextContainerState(199)) - Error in executing end point task.
java.util.concurrent.ExecutionException: java.util.concurrent.TimeoutException
	at java.util.concurrent.FutureTask.report(FutureTask.java:122)
	at java.util.concurrent.FutureTask.get(FutureTask.java:192)
	at org.apache.hadoop.ozone.container.common.states.datanode.RunningDatanodeState.computeNextContainerState(RunningDatanodeState.java:191)
	at org.apache.hadoop.ozone.container.common.states.datanode.RunningDatanodeState.await(RunningDatanodeState.java:231)
	at org.apache.hadoop.ozone.container.common.states.datanode.RunningDatanodeState.await(RunningDatanodeState.java:50)
	at org.apache.hadoop.ozone.container.common.statemachine.StateContext.execute(StateContext.java:633)
	at org.apache.hadoop.ozone.container.common.statemachine.DatanodeStateMachine.start(DatanodeStateMachine.java:280)
	at org.apache.hadoop.ozone.container.common.statemachine.DatanodeStateMachine.lambda$startDaemon$0(DatanodeStateMachine.java:468)
	at java.lang.Thread.run(Thread.java:748)
Caused by: java.util.concurrent.TimeoutException
	at java.util.concurrent.FutureTask.get(FutureTask.java:205)
	at org.apache.hadoop.ozone.container.common.states.datanode.RunningDatanodeState.lambda$execute$0(RunningDatanodeState.java:149)
	at java.util.concurrent.FutureTask.run(FutureTask.java:266)
	at java.util.concurrent.Executors$RunnableAdapter.call(Executors.java:511)
	at java.util.concurrent.FutureTask.run(FutureTask.java:266)
	at java.util.concurrent.ThreadPoolExecutor.runWorker(ThreadPoolExecutor.java:1149)
	at java.util.concurrent.ThreadPoolExecutor$Worker.run(ThreadPoolExecutor.java:624)
	... 1 more
2021-10-28 03:02:31,170 [Datanode State Machine Daemon Thread] ERROR datanode.RunningDatanodeState (RunningDatanodeState.java:computeNextContainerState(199)) - Error in executing end point task.
java.util.concurrent.ExecutionException: java.util.concurrent.TimeoutException
	at java.util.concurrent.FutureTask.report(FutureTask.java:122)
	at java.util.concurrent.FutureTask.get(FutureTask.java:192)
	at org.apache.hadoop.ozone.container.common.states.datanode.RunningDatanodeState.computeNextContainerState(RunningDatanodeState.java:191)
	at org.apache.hadoop.ozone.container.common.states.datanode.RunningDatanodeState.await(RunningDatanodeState.java:231)
	at org.apache.hadoop.ozone.container.common.states.datanode.RunningDatanodeState.await(RunningDatanodeState.java:50)
	at org.apache.hadoop.ozone.container.common.statemachine.StateContext.execute(StateContext.java:633)
	at org.apache.hadoop.ozone.container.common.statemachine.DatanodeStateMachine.start(DatanodeStateMachine.java:280)
	at org.apache.hadoop.ozone.container.common.statemachine.DatanodeStateMachine.lambda$startDaemon$0(DatanodeStateMachine.java:468)
	at java.lang.Thread.run(Thread.java:748)
Caused by: java.util.concurrent.TimeoutException
	at java.util.concurrent.FutureTask.get(FutureTask.java:205)
	at org.apache.hadoop.ozone.container.common.states.datanode.RunningDatanodeState.lambda$execute$0(RunningDatanodeState.java:149)
	at java.util.concurrent.FutureTask.run(FutureTask.java:266)
	at java.util.concurrent.Executors$RunnableAdapter.call(Executors.java:511)
	at java.util.concurrent.FutureTask.run(FutureTask.java:266)
	at java.util.concurrent.ThreadPoolExecutor.runWorker(ThreadPoolExecutor.java:1149)
	at java.util.concurrent.ThreadPoolExecutor$Worker.run(ThreadPoolExecutor.java:624)
	... 1 more
2021-10-28 03:02:31,256 [EndpointStateMachine task thread for /127.0.0.1:12209 - 0 ] INFO  ipc.Client (Client.java:handleConnectionFailure(977)) - Retrying connect to server: localhost/127.0.0.1:12209. Already tried 8 time(s); retry policy is RetryUpToMaximumCountWithFixedSleep(maxRetries=15, sleepTime=1000 MILLISECONDS)
2021-10-28 03:02:31,639 [Listener at 127.0.0.1/11132] INFO  ozone.MiniOzoneClusterImpl (MiniOzoneClusterImpl.java:lambda$waitForClusterToBeReady$0(235)) - Waiting for nodes to be ready. Got 4 of 3 DN Heartbeats.
2021-10-28 03:02:31,639 [Listener at 127.0.0.1/11132] INFO  ozone.MiniOzoneClusterImpl (MiniOzoneClusterImpl.java:lambda$waitForClusterToBeReady$0(238)) - Waiting for cluster to exit safe mode
2021-10-28 03:02:31,639 [Listener at 127.0.0.1/11132] INFO  ozone.MiniOzoneClusterImpl (MiniOzoneClusterImpl.java:lambda$waitForClusterToBeReady$0(240)) - SCM became leader
2021-10-28 03:02:31,763 [EndpointStateMachine task thread for /127.0.0.1:13023 - 0 ] INFO  ipc.Client (Client.java:handleConnectionFailure(977)) - Retrying connect to server: localhost/127.0.0.1:13023. Already tried 7 time(s); retry policy is RetryUpToMaximumCountWithFixedSleep(maxRetries=15, sleepTime=1000 MILLISECONDS)
2021-10-28 03:02:31,785 [EndpointStateMachine task thread for /127.0.0.1:13013 - 0 ] INFO  ipc.Client (Client.java:handleConnectionFailure(977)) - Retrying connect to server: localhost/127.0.0.1:13013. Already tried 7 time(s); retry policy is RetryUpToMaximumCountWithFixedSleep(maxRetries=15, sleepTime=1000 MILLISECONDS)
2021-10-28 03:02:31,904 [EndpointStateMachine task thread for /127.0.0.1:12189 - 0 ] INFO  ipc.Client (Client.java:handleConnectionFailure(977)) - Retrying connect to server: localhost/127.0.0.1:12189. Already tried 12 time(s); retry policy is RetryUpToMaximumCountWithFixedSleep(maxRetries=15, sleepTime=1000 MILLISECONDS)
2021-10-28 03:02:31,931 [EndpointStateMachine task thread for /127.0.0.1:12199 - 0 ] INFO  ipc.Client (Client.java:handleConnectionFailure(977)) - Retrying connect to server: localhost/127.0.0.1:12199. Already tried 12 time(s); retry policy is RetryUpToMaximumCountWithFixedSleep(maxRetries=15, sleepTime=1000 MILLISECONDS)
2021-10-28 03:02:32,257 [EndpointStateMachine task thread for /127.0.0.1:12209 - 0 ] INFO  ipc.Client (Client.java:handleConnectionFailure(977)) - Retrying connect to server: localhost/127.0.0.1:12209. Already tried 9 time(s); retry policy is RetryUpToMaximumCountWithFixedSleep(maxRetries=15, sleepTime=1000 MILLISECONDS)
2021-10-28 03:02:32,326 [Datanode State Machine Daemon Thread] ERROR datanode.RunningDatanodeState (RunningDatanodeState.java:computeNextContainerState(199)) - Error in executing end point task.
java.util.concurrent.ExecutionException: java.util.concurrent.TimeoutException
	at java.util.concurrent.FutureTask.report(FutureTask.java:122)
	at java.util.concurrent.FutureTask.get(FutureTask.java:192)
	at org.apache.hadoop.ozone.container.common.states.datanode.RunningDatanodeState.computeNextContainerState(RunningDatanodeState.java:191)
	at org.apache.hadoop.ozone.container.common.states.datanode.RunningDatanodeState.await(RunningDatanodeState.java:231)
	at org.apache.hadoop.ozone.container.common.states.datanode.RunningDatanodeState.await(RunningDatanodeState.java:50)
	at org.apache.hadoop.ozone.container.common.statemachine.StateContext.execute(StateContext.java:633)
	at org.apache.hadoop.ozone.container.common.statemachine.DatanodeStateMachine.start(DatanodeStateMachine.java:280)
	at org.apache.hadoop.ozone.container.common.statemachine.DatanodeStateMachine.lambda$startDaemon$0(DatanodeStateMachine.java:468)
	at java.lang.Thread.run(Thread.java:748)
Caused by: java.util.concurrent.TimeoutException
	at java.util.concurrent.FutureTask.get(FutureTask.java:205)
	at org.apache.hadoop.ozone.container.common.states.datanode.RunningDatanodeState.lambda$execute$0(RunningDatanodeState.java:149)
	at java.util.concurrent.FutureTask.run(FutureTask.java:266)
	at java.util.concurrent.Executors$RunnableAdapter.call(Executors.java:511)
	at java.util.concurrent.FutureTask.run(FutureTask.java:266)
	at java.util.concurrent.ThreadPoolExecutor.runWorker(ThreadPoolExecutor.java:1149)
	at java.util.concurrent.ThreadPoolExecutor$Worker.run(ThreadPoolExecutor.java:624)
	... 1 more
2021-10-28 03:02:32,639 [Listener at 127.0.0.1/11132] INFO  ozone.MiniOzoneClusterImpl (MiniOzoneClusterImpl.java:lambda$waitForClusterToBeReady$0(235)) - Waiting for nodes to be ready. Got 4 of 3 DN Heartbeats.
2021-10-28 03:02:32,639 [Listener at 127.0.0.1/11132] INFO  ozone.MiniOzoneClusterImpl (MiniOzoneClusterImpl.java:lambda$waitForClusterToBeReady$0(238)) - Waiting for cluster to exit safe mode
2021-10-28 03:02:32,639 [Listener at 127.0.0.1/11132] INFO  ozone.MiniOzoneClusterImpl (MiniOzoneClusterImpl.java:lambda$waitForClusterToBeReady$0(240)) - SCM became leader
2021-10-28 03:02:32,764 [EndpointStateMachine task thread for /127.0.0.1:13023 - 0 ] INFO  ipc.Client (Client.java:handleConnectionFailure(977)) - Retrying connect to server: localhost/127.0.0.1:13023. Already tried 8 time(s); retry policy is RetryUpToMaximumCountWithFixedSleep(maxRetries=15, sleepTime=1000 MILLISECONDS)
2021-10-28 03:02:32,785 [EndpointStateMachine task thread for /127.0.0.1:13013 - 0 ] INFO  ipc.Client (Client.java:handleConnectionFailure(977)) - Retrying connect to server: localhost/127.0.0.1:13013. Already tried 8 time(s); retry policy is RetryUpToMaximumCountWithFixedSleep(maxRetries=15, sleepTime=1000 MILLISECONDS)
2021-10-28 03:02:32,904 [EndpointStateMachine task thread for /127.0.0.1:12189 - 0 ] INFO  ipc.Client (Client.java:handleConnectionFailure(977)) - Retrying connect to server: localhost/127.0.0.1:12189. Already tried 13 time(s); retry policy is RetryUpToMaximumCountWithFixedSleep(maxRetries=15, sleepTime=1000 MILLISECONDS)
2021-10-28 03:02:32,932 [EndpointStateMachine task thread for /127.0.0.1:12199 - 0 ] INFO  ipc.Client (Client.java:handleConnectionFailure(977)) - Retrying connect to server: localhost/127.0.0.1:12199. Already tried 13 time(s); retry policy is RetryUpToMaximumCountWithFixedSleep(maxRetries=15, sleepTime=1000 MILLISECONDS)
2021-10-28 03:02:33,092 [Datanode State Machine Daemon Thread] ERROR datanode.RunningDatanodeState (RunningDatanodeState.java:computeNextContainerState(199)) - Error in executing end point task.
java.util.concurrent.ExecutionException: java.util.concurrent.TimeoutException
	at java.util.concurrent.FutureTask.report(FutureTask.java:122)
	at java.util.concurrent.FutureTask.get(FutureTask.java:192)
	at org.apache.hadoop.ozone.container.common.states.datanode.RunningDatanodeState.computeNextContainerState(RunningDatanodeState.java:191)
	at org.apache.hadoop.ozone.container.common.states.datanode.RunningDatanodeState.await(RunningDatanodeState.java:231)
	at org.apache.hadoop.ozone.container.common.states.datanode.RunningDatanodeState.await(RunningDatanodeState.java:50)
	at org.apache.hadoop.ozone.container.common.statemachine.StateContext.execute(StateContext.java:633)
	at org.apache.hadoop.ozone.container.common.statemachine.DatanodeStateMachine.start(DatanodeStateMachine.java:280)
	at org.apache.hadoop.ozone.container.common.statemachine.DatanodeStateMachine.lambda$startDaemon$0(DatanodeStateMachine.java:468)
	at java.lang.Thread.run(Thread.java:748)
Caused by: java.util.concurrent.TimeoutException
	at java.util.concurrent.FutureTask.get(FutureTask.java:205)
	at org.apache.hadoop.ozone.container.common.states.datanode.RunningDatanodeState.lambda$execute$0(RunningDatanodeState.java:149)
	at java.util.concurrent.FutureTask.run(FutureTask.java:266)
	at java.util.concurrent.Executors$RunnableAdapter.call(Executors.java:511)
	at java.util.concurrent.FutureTask.run(FutureTask.java:266)
	at java.util.concurrent.ThreadPoolExecutor.runWorker(ThreadPoolExecutor.java:1149)
	at java.util.concurrent.ThreadPoolExecutor$Worker.run(ThreadPoolExecutor.java:624)
	... 1 more
2021-10-28 03:02:33,257 [EndpointStateMachine task thread for /127.0.0.1:12209 - 0 ] INFO  ipc.Client (Client.java:handleConnectionFailure(977)) - Retrying connect to server: localhost/127.0.0.1:12209. Already tried 10 time(s); retry policy is RetryUpToMaximumCountWithFixedSleep(maxRetries=15, sleepTime=1000 MILLISECONDS)
2021-10-28 03:02:33,327 [Datanode State Machine Daemon Thread] ERROR datanode.RunningDatanodeState (RunningDatanodeState.java:computeNextContainerState(199)) - Error in executing end point task.
java.util.concurrent.ExecutionException: java.util.concurrent.TimeoutException
	at java.util.concurrent.FutureTask.report(FutureTask.java:122)
	at java.util.concurrent.FutureTask.get(FutureTask.java:192)
	at org.apache.hadoop.ozone.container.common.states.datanode.RunningDatanodeState.computeNextContainerState(RunningDatanodeState.java:191)
	at org.apache.hadoop.ozone.container.common.states.datanode.RunningDatanodeState.await(RunningDatanodeState.java:231)
	at org.apache.hadoop.ozone.container.common.states.datanode.RunningDatanodeState.await(RunningDatanodeState.java:50)
	at org.apache.hadoop.ozone.container.common.statemachine.StateContext.execute(StateContext.java:633)
	at org.apache.hadoop.ozone.container.common.statemachine.DatanodeStateMachine.start(DatanodeStateMachine.java:280)
	at org.apache.hadoop.ozone.container.common.statemachine.DatanodeStateMachine.lambda$startDaemon$0(DatanodeStateMachine.java:468)
	at java.lang.Thread.run(Thread.java:748)
Caused by: java.util.concurrent.TimeoutException
	at java.util.concurrent.FutureTask.get(FutureTask.java:205)
	at org.apache.hadoop.ozone.container.common.states.datanode.RunningDatanodeState.lambda$execute$0(RunningDatanodeState.java:149)
	at java.util.concurrent.FutureTask.run(FutureTask.java:266)
	at java.util.concurrent.Executors$RunnableAdapter.call(Executors.java:511)
	at java.util.concurrent.FutureTask.run(FutureTask.java:266)
	at java.util.concurrent.ThreadPoolExecutor.runWorker(ThreadPoolExecutor.java:1149)
	at java.util.concurrent.ThreadPoolExecutor$Worker.run(ThreadPoolExecutor.java:624)
	... 1 more
2021-10-28 03:02:33,640 [Listener at 127.0.0.1/11132] INFO  ozone.MiniOzoneClusterImpl (MiniOzoneClusterImpl.java:lambda$waitForClusterToBeReady$0(235)) - Waiting for nodes to be ready. Got 4 of 3 DN Heartbeats.
2021-10-28 03:02:33,640 [Listener at 127.0.0.1/11132] INFO  ozone.MiniOzoneClusterImpl (MiniOzoneClusterImpl.java:lambda$waitForClusterToBeReady$0(238)) - Waiting for cluster to exit safe mode
2021-10-28 03:02:33,640 [Listener at 127.0.0.1/11132] INFO  ozone.MiniOzoneClusterImpl (MiniOzoneClusterImpl.java:lambda$waitForClusterToBeReady$0(240)) - SCM became leader
2021-10-28 03:02:33,764 [EndpointStateMachine task thread for /127.0.0.1:13023 - 0 ] INFO  ipc.Client (Client.java:handleConnectionFailure(977)) - Retrying connect to server: localhost/127.0.0.1:13023. Already tried 9 time(s); retry policy is RetryUpToMaximumCountWithFixedSleep(maxRetries=15, sleepTime=1000 MILLISECONDS)
2021-10-28 03:02:33,786 [EndpointStateMachine task thread for /127.0.0.1:13013 - 0 ] INFO  ipc.Client (Client.java:handleConnectionFailure(977)) - Retrying connect to server: localhost/127.0.0.1:13013. Already tried 9 time(s); retry policy is RetryUpToMaximumCountWithFixedSleep(maxRetries=15, sleepTime=1000 MILLISECONDS)
2021-10-28 03:02:33,910 [EndpointStateMachine task thread for /127.0.0.1:12189 - 0 ] INFO  ipc.Client (Client.java:handleConnectionFailure(977)) - Retrying connect to server: localhost/127.0.0.1:12189. Already tried 14 time(s); retry policy is RetryUpToMaximumCountWithFixedSleep(maxRetries=15, sleepTime=1000 MILLISECONDS)
2021-10-28 03:02:33,932 [EndpointStateMachine task thread for /127.0.0.1:12199 - 0 ] INFO  ipc.Client (Client.java:handleConnectionFailure(977)) - Retrying connect to server: localhost/127.0.0.1:12199. Already tried 14 time(s); retry policy is RetryUpToMaximumCountWithFixedSleep(maxRetries=15, sleepTime=1000 MILLISECONDS)
2021-10-28 03:02:34,258 [EndpointStateMachine task thread for /127.0.0.1:12209 - 0 ] INFO  ipc.Client (Client.java:handleConnectionFailure(977)) - Retrying connect to server: localhost/127.0.0.1:12209. Already tried 11 time(s); retry policy is RetryUpToMaximumCountWithFixedSleep(maxRetries=15, sleepTime=1000 MILLISECONDS)
2021-10-28 03:02:34,592 [7e7f778f-92a3-4c6a-870c-2544e6325884@group-1FC4E3DC1381-FollowerState] INFO  impl.FollowerState (FollowerState.java:run(134)) - 7e7f778f-92a3-4c6a-870c-2544e6325884@group-1FC4E3DC1381-FollowerState: change to CANDIDATE, lastRpcElapsedTime:5116865528ns, electionTimeout:5080ms
2021-10-28 03:02:34,592 [7e7f778f-92a3-4c6a-870c-2544e6325884@group-1FC4E3DC1381-FollowerState] INFO  impl.RoleInfo (RoleInfo.java:shutdownFollowerState(108)) - 7e7f778f-92a3-4c6a-870c-2544e6325884: shutdown 7e7f778f-92a3-4c6a-870c-2544e6325884@group-1FC4E3DC1381-FollowerState
2021-10-28 03:02:34,592 [7e7f778f-92a3-4c6a-870c-2544e6325884@group-1FC4E3DC1381-FollowerState] INFO  server.RaftServer$Division (RaftServerImpl.java:setRole(290)) - 7e7f778f-92a3-4c6a-870c-2544e6325884@group-1FC4E3DC1381: changes role from  FOLLOWER to CANDIDATE at term 5 for changeToCandidate
2021-10-28 03:02:34,592 [7e7f778f-92a3-4c6a-870c-2544e6325884@group-1FC4E3DC1381-FollowerState] INFO  server.RaftServerConfigKeys (ConfUtils.java:logGet(44)) - raft.server.leaderelection.pre-vote = false (custom)
2021-10-28 03:02:34,592 [7e7f778f-92a3-4c6a-870c-2544e6325884@group-1FC4E3DC1381-FollowerState] INFO  impl.RoleInfo (RoleInfo.java:updateAndGet(130)) - 7e7f778f-92a3-4c6a-870c-2544e6325884: start 7e7f778f-92a3-4c6a-870c-2544e6325884@group-1FC4E3DC1381-LeaderElection49
2021-10-28 03:02:34,641 [Listener at 127.0.0.1/11132] INFO  ozone.MiniOzoneClusterImpl (MiniOzoneClusterImpl.java:lambda$waitForClusterToBeReady$0(235)) - Waiting for nodes to be ready. Got 4 of 3 DN Heartbeats.
2021-10-28 03:02:34,642 [Listener at 127.0.0.1/11132] INFO  ozone.MiniOzoneClusterImpl (MiniOzoneClusterImpl.java:lambda$waitForClusterToBeReady$0(238)) - Waiting for cluster to exit safe mode
2021-10-28 03:02:34,642 [Listener at 127.0.0.1/11132] INFO  ozone.MiniOzoneClusterImpl (MiniOzoneClusterImpl.java:lambda$waitForClusterToBeReady$0(240)) - SCM became leader
2021-10-28 03:02:34,647 [7e7f778f-92a3-4c6a-870c-2544e6325884@group-1FC4E3DC1381-LeaderElection49] INFO  impl.LeaderElection (LeaderElection.java:askForVotes(306)) - 7e7f778f-92a3-4c6a-870c-2544e6325884@group-1FC4E3DC1381-LeaderElection49 ELECTION round 0: submit vote requests at term 6 for -1: [7e7f778f-92a3-4c6a-870c-2544e6325884|rpc:127.0.0.1:39339|dataStream:|priority:1, d262ff89-3d5e-4ab4-981f-dc8616a3cc4b|rpc:127.0.0.1:35379|dataStream:|priority:0, 91f27009-ec66-4294-9321-b0739729fb6b|rpc:127.0.0.1:38297|dataStream:|priority:0], old=null
2021-10-28 03:02:34,656 [grpc-default-executor-0] INFO  server.RaftServer$Division (RaftServerImpl.java:requestVote(1046)) - d262ff89-3d5e-4ab4-981f-dc8616a3cc4b@group-1FC4E3DC1381: receive requestVote(ELECTION, 7e7f778f-92a3-4c6a-870c-2544e6325884, group-1FC4E3DC1381, 6, (t:0, i:0))
2021-10-28 03:02:34,656 [grpc-default-executor-0] INFO  impl.VoteContext (VoteContext.java:log(48)) - d262ff89-3d5e-4ab4-981f-dc8616a3cc4b@group-1FC4E3DC1381-FOLLOWER: accept ELECTION from 7e7f778f-92a3-4c6a-870c-2544e6325884: our priority 0 <= candidate's priority 1
2021-10-28 03:02:34,656 [grpc-default-executor-0] INFO  server.RaftServer$Division (RaftServerImpl.java:setRole(290)) - d262ff89-3d5e-4ab4-981f-dc8616a3cc4b@group-1FC4E3DC1381: changes role from  FOLLOWER to FOLLOWER at term 6 for candidate:7e7f778f-92a3-4c6a-870c-2544e6325884
2021-10-28 03:02:34,656 [grpc-default-executor-0] INFO  impl.RoleInfo (RoleInfo.java:shutdownFollowerState(108)) - d262ff89-3d5e-4ab4-981f-dc8616a3cc4b: shutdown d262ff89-3d5e-4ab4-981f-dc8616a3cc4b@group-1FC4E3DC1381-FollowerState
2021-10-28 03:02:34,656 [grpc-default-executor-0] INFO  impl.RoleInfo (RoleInfo.java:updateAndGet(130)) - d262ff89-3d5e-4ab4-981f-dc8616a3cc4b: start d262ff89-3d5e-4ab4-981f-dc8616a3cc4b@group-1FC4E3DC1381-FollowerState
2021-10-28 03:02:34,656 [d262ff89-3d5e-4ab4-981f-dc8616a3cc4b@group-1FC4E3DC1381-FollowerState] INFO  impl.FollowerState (FollowerState.java:run(143)) - d262ff89-3d5e-4ab4-981f-dc8616a3cc4b@group-1FC4E3DC1381-FollowerState was interrupted: {}
java.lang.InterruptedException: sleep interrupted
	at java.lang.Thread.sleep(Native Method)
	at java.lang.Thread.sleep(Thread.java:340)
	at java.util.concurrent.TimeUnit.sleep(TimeUnit.java:386)
	at org.apache.ratis.util.TimeDuration.sleep(TimeDuration.java:324)
	at org.apache.ratis.util.TimeDuration.sleep(TimeDuration.java:309)
	at org.apache.ratis.server.impl.FollowerState.run(FollowerState.java:118)
2021-10-28 03:02:34,656 [grpc-default-executor-1] INFO  server.RaftServer$Division (RaftServerImpl.java:requestVote(1046)) - 91f27009-ec66-4294-9321-b0739729fb6b@group-1FC4E3DC1381: receive requestVote(ELECTION, 7e7f778f-92a3-4c6a-870c-2544e6325884, group-1FC4E3DC1381, 6, (t:0, i:0))
2021-10-28 03:02:34,657 [grpc-default-executor-1] INFO  impl.VoteContext (VoteContext.java:log(48)) - 91f27009-ec66-4294-9321-b0739729fb6b@group-1FC4E3DC1381-FOLLOWER: accept ELECTION from 7e7f778f-92a3-4c6a-870c-2544e6325884: our priority 0 <= candidate's priority 1
2021-10-28 03:02:34,657 [grpc-default-executor-1] INFO  server.RaftServer$Division (RaftServerImpl.java:setRole(290)) - 91f27009-ec66-4294-9321-b0739729fb6b@group-1FC4E3DC1381: changes role from  FOLLOWER to FOLLOWER at term 6 for candidate:7e7f778f-92a3-4c6a-870c-2544e6325884
2021-10-28 03:02:34,679 [grpc-default-executor-1] INFO  impl.RoleInfo (RoleInfo.java:shutdownFollowerState(108)) - 91f27009-ec66-4294-9321-b0739729fb6b: shutdown 91f27009-ec66-4294-9321-b0739729fb6b@group-1FC4E3DC1381-FollowerState
2021-10-28 03:02:34,679 [grpc-default-executor-1] INFO  impl.RoleInfo (RoleInfo.java:updateAndGet(130)) - 91f27009-ec66-4294-9321-b0739729fb6b: start 91f27009-ec66-4294-9321-b0739729fb6b@group-1FC4E3DC1381-FollowerState
2021-10-28 03:02:34,679 [grpc-default-executor-0] INFO  server.RaftServer$Division (RaftServerImpl.java:requestVote(1078)) - d262ff89-3d5e-4ab4-981f-dc8616a3cc4b@group-1FC4E3DC1381 replies to ELECTION vote request: 7e7f778f-92a3-4c6a-870c-2544e6325884<-d262ff89-3d5e-4ab4-981f-dc8616a3cc4b#0:OK-t6. Peer's state: d262ff89-3d5e-4ab4-981f-dc8616a3cc4b@group-1FC4E3DC1381:t6, leader=null, voted=7e7f778f-92a3-4c6a-870c-2544e6325884, raftlog=d262ff89-3d5e-4ab4-981f-dc8616a3cc4b@group-1FC4E3DC1381-SegmentedRaftLog:OPENED:c-1, conf=-1: [7e7f778f-92a3-4c6a-870c-2544e6325884|rpc:127.0.0.1:39339|priority:1, d262ff89-3d5e-4ab4-981f-dc8616a3cc4b|rpc:127.0.0.1:35379|priority:0, 91f27009-ec66-4294-9321-b0739729fb6b|rpc:127.0.0.1:38297|priority:0], old=null
2021-10-28 03:02:34,686 [7e7f778f-92a3-4c6a-870c-2544e6325884@group-1FC4E3DC1381-LeaderElection49] INFO  impl.LeaderElection (LeaderElection.java:logAndReturn(89)) - 7e7f778f-92a3-4c6a-870c-2544e6325884@group-1FC4E3DC1381-LeaderElection49: ELECTION PASSED received 1 response(s) and 0 exception(s):
2021-10-28 03:02:34,686 [7e7f778f-92a3-4c6a-870c-2544e6325884@group-1FC4E3DC1381-LeaderElection49] INFO  impl.LeaderElection (LeaderElection.java:logAndReturn(93)) -   Response 0: 7e7f778f-92a3-4c6a-870c-2544e6325884<-d262ff89-3d5e-4ab4-981f-dc8616a3cc4b#0:OK-t6
2021-10-28 03:02:34,686 [7e7f778f-92a3-4c6a-870c-2544e6325884@group-1FC4E3DC1381-LeaderElection49] INFO  impl.LeaderElection (LeaderElection.java:askForVotes(308)) - 7e7f778f-92a3-4c6a-870c-2544e6325884@group-1FC4E3DC1381-LeaderElection49 ELECTION round 0: result PASSED
2021-10-28 03:02:34,686 [7e7f778f-92a3-4c6a-870c-2544e6325884@group-1FC4E3DC1381-LeaderElection49] INFO  impl.RoleInfo (RoleInfo.java:shutdownLeaderElection(121)) - 7e7f778f-92a3-4c6a-870c-2544e6325884: shutdown 7e7f778f-92a3-4c6a-870c-2544e6325884@group-1FC4E3DC1381-LeaderElection49
2021-10-28 03:02:34,686 [7e7f778f-92a3-4c6a-870c-2544e6325884@group-1FC4E3DC1381-LeaderElection49] INFO  server.RaftServer$Division (RaftServerImpl.java:setRole(290)) - 7e7f778f-92a3-4c6a-870c-2544e6325884@group-1FC4E3DC1381: changes role from CANDIDATE to LEADER at term 6 for changeToLeader
2021-10-28 03:02:34,686 [7e7f778f-92a3-4c6a-870c-2544e6325884@group-1FC4E3DC1381-LeaderElection49] INFO  ratis.XceiverServerRatis (XceiverServerRatis.java:handleLeaderChangedNotification(866)) - Leader change notification received for group: group-1FC4E3DC1381 with new leaderId: 7e7f778f-92a3-4c6a-870c-2544e6325884
2021-10-28 03:02:34,686 [7e7f778f-92a3-4c6a-870c-2544e6325884@group-1FC4E3DC1381-LeaderElection49] INFO  server.RaftServer$Division (ServerState.java:setLeader(285)) - 7e7f778f-92a3-4c6a-870c-2544e6325884@group-1FC4E3DC1381: change Leader from null to 7e7f778f-92a3-4c6a-870c-2544e6325884 at term 6 for becomeLeader, leader elected after 30640ms
2021-10-28 03:02:34,686 [7e7f778f-92a3-4c6a-870c-2544e6325884@group-1FC4E3DC1381-LeaderElection49] INFO  server.RaftServerConfigKeys (ConfUtils.java:logGet(44)) - raft.server.staging.catchup.gap = 1000 (default)
2021-10-28 03:02:34,687 [7e7f778f-92a3-4c6a-870c-2544e6325884@group-1FC4E3DC1381-LeaderElection49] INFO  server.RaftServerConfigKeys (ConfUtils.java:logGet(44)) - raft.server.write.element-limit = 1024 (custom)
2021-10-28 03:02:34,687 [7e7f778f-92a3-4c6a-870c-2544e6325884@group-1FC4E3DC1381-LeaderElection49] INFO  server.RaftServerConfigKeys (ConfUtils.java:logGet(44)) - raft.server.write.byte-limit = 1024 M (=1073741824) (custom)
2021-10-28 03:02:34,687 [7e7f778f-92a3-4c6a-870c-2544e6325884@group-1FC4E3DC1381-LeaderElection49] INFO  server.RaftServerConfigKeys (ConfUtils.java:logGet(44)) - raft.server.watch.timeout = 180s (custom)
2021-10-28 03:02:34,687 [7e7f778f-92a3-4c6a-870c-2544e6325884@group-1FC4E3DC1381-LeaderElection49] INFO  server.RaftServerConfigKeys (ConfUtils.java:logGet(44)) - raft.server.watch.timeout.denomination = 1s (default)
2021-10-28 03:02:34,687 [7e7f778f-92a3-4c6a-870c-2544e6325884@group-1FC4E3DC1381-LeaderElection49] INFO  server.RaftServerConfigKeys (ConfUtils.java:logGet(44)) - raft.server.watch.element-limit = 65536 (default)
2021-10-28 03:02:34,687 [7e7f778f-92a3-4c6a-870c-2544e6325884@group-1FC4E3DC1381-LeaderElection49] INFO  server.RaftServerConfigKeys (ConfUtils.java:logGet(44)) - raft.server.write.element-limit = 1024 (custom)
2021-10-28 03:02:34,687 [7e7f778f-92a3-4c6a-870c-2544e6325884@group-1FC4E3DC1381-LeaderElection49] INFO  server.RaftServerConfigKeys (ConfUtils.java:logGet(44)) - raft.server.write.follower.gap.ratio.max = -1.0 (default)
2021-10-28 03:02:34,687 [7e7f778f-92a3-4c6a-870c-2544e6325884@group-1FC4E3DC1381-LeaderElection49] INFO  server.RaftServerConfigKeys (ConfUtils.java:logGet(44)) - raft.server.log.appender.snapshot.chunk.size.max = 16MB (=16777216) (default)
2021-10-28 03:02:34,687 [7e7f778f-92a3-4c6a-870c-2544e6325884@group-1FC4E3DC1381-LeaderElection49] INFO  server.RaftServerConfigKeys (ConfUtils.java:logGet(44)) - raft.server.log.appender.buffer.byte-limit = 33554432 (custom)
2021-10-28 03:02:34,687 [7e7f778f-92a3-4c6a-870c-2544e6325884@group-1FC4E3DC1381-LeaderElection49] INFO  server.RaftServerConfigKeys (ConfUtils.java:logGet(44)) - raft.server.log.appender.buffer.element-limit = 1 (custom)
2021-10-28 03:02:34,687 [7e7f778f-92a3-4c6a-870c-2544e6325884@group-1FC4E3DC1381-LeaderElection49] INFO  grpc.GrpcConfigKeys (ConfUtils.java:logGet(44)) - raft.grpc.server.leader.outstanding.appends.max = 128 (default)
2021-10-28 03:02:34,687 [7e7f778f-92a3-4c6a-870c-2544e6325884@group-1FC4E3DC1381-LeaderElection49] INFO  server.RaftServerConfigKeys (ConfUtils.java:logGet(44)) - raft.server.rpc.request.timeout = 60s (custom)
2021-10-28 03:02:34,688 [7e7f778f-92a3-4c6a-870c-2544e6325884@group-1FC4E3DC1381-LeaderElection49] INFO  server.RaftServerConfigKeys (ConfUtils.java:logGet(44)) - raft.server.log.appender.install.snapshot.enabled = false (custom)
2021-10-28 03:02:34,689 [7e7f778f-92a3-4c6a-870c-2544e6325884@group-1FC4E3DC1381-LeaderElection49] INFO  server.RaftServerConfigKeys (ConfUtils.java:logGet(44)) - raft.server.log.appender.snapshot.chunk.size.max = 16MB (=16777216) (default)
2021-10-28 03:02:34,689 [7e7f778f-92a3-4c6a-870c-2544e6325884@group-1FC4E3DC1381-LeaderElection49] INFO  server.RaftServerConfigKeys (ConfUtils.java:logGet(44)) - raft.server.log.appender.buffer.byte-limit = 33554432 (custom)
2021-10-28 03:02:34,689 [7e7f778f-92a3-4c6a-870c-2544e6325884@group-1FC4E3DC1381-LeaderElection49] INFO  server.RaftServerConfigKeys (ConfUtils.java:logGet(44)) - raft.server.log.appender.buffer.element-limit = 1 (custom)
2021-10-28 03:02:34,689 [7e7f778f-92a3-4c6a-870c-2544e6325884@group-1FC4E3DC1381-LeaderElection49] INFO  grpc.GrpcConfigKeys (ConfUtils.java:logGet(44)) - raft.grpc.server.leader.outstanding.appends.max = 128 (default)
2021-10-28 03:02:34,689 [7e7f778f-92a3-4c6a-870c-2544e6325884@group-1FC4E3DC1381-LeaderElection49] INFO  server.RaftServerConfigKeys (ConfUtils.java:logGet(44)) - raft.server.rpc.request.timeout = 60s (custom)
2021-10-28 03:02:34,689 [7e7f778f-92a3-4c6a-870c-2544e6325884@group-1FC4E3DC1381-LeaderElection49] INFO  server.RaftServerConfigKeys (ConfUtils.java:logGet(44)) - raft.server.log.appender.install.snapshot.enabled = false (custom)
2021-10-28 03:02:34,690 [7e7f778f-92a3-4c6a-870c-2544e6325884@group-1FC4E3DC1381-LeaderElection49] INFO  impl.RoleInfo (RoleInfo.java:updateAndGet(130)) - 7e7f778f-92a3-4c6a-870c-2544e6325884: start 7e7f778f-92a3-4c6a-870c-2544e6325884@group-1FC4E3DC1381-LeaderStateImpl
2021-10-28 03:02:34,690 [7e7f778f-92a3-4c6a-870c-2544e6325884@group-1FC4E3DC1381-LeaderElection49] INFO  segmented.SegmentedRaftLogWorker (SegmentedRaftLogWorker.java:startLogSegment(394)) - 7e7f778f-92a3-4c6a-870c-2544e6325884@group-1FC4E3DC1381-SegmentedRaftLogWorker: Starting segment from index:0
2021-10-28 03:02:34,692 [EventQueue-PipelineReportForPipelineReportHandler] INFO  pipeline.PipelineManagerImpl (PipelineManagerImpl.java:openPipeline(289)) - Pipeline Pipeline[ Id: 7686bec2-d230-49c1-ba4b-1fc4e3dc1381, Nodes: 91f27009-ec66-4294-9321-b0739729fb6b{ip: 127.0.0.1, host: localhost, ports: [REPLICATION=40709, RATIS=38297, RATIS_ADMIN=38297, RATIS_SERVER=38297, STANDALONE=36211], networkLocation: /default-rack, certSerialId: null, persistedOpState: IN_SERVICE, persistedOpStateExpiryEpochSec: 0}d262ff89-3d5e-4ab4-981f-dc8616a3cc4b{ip: 127.0.0.1, host: localhost, ports: [REPLICATION=37093, RATIS=35379, RATIS_ADMIN=35379, RATIS_SERVER=35379, STANDALONE=40287], networkLocation: /default-rack, certSerialId: null, persistedOpState: IN_SERVICE, persistedOpStateExpiryEpochSec: 0}7e7f778f-92a3-4c6a-870c-2544e6325884{ip: 127.0.0.1, host: localhost, ports: [REPLICATION=36889, RATIS=39339, RATIS_ADMIN=39339, RATIS_SERVER=39339, STANDALONE=37757], networkLocation: /default-rack, certSerialId: null, persistedOpState: IN_SERVICE, persistedOpStateExpiryEpochSec: 0}, ReplicationConfig: RATIS/THREE, State:ALLOCATED, leaderId:7e7f778f-92a3-4c6a-870c-2544e6325884, CreationTimestamp2021-10-28T03:02:01.758Z[Etc/UTC]] moved to OPEN state
2021-10-28 03:02:34,692 [EventQueue-PipelineReportForPipelineReportHandler] INFO  pipeline.PipelineManagerImpl (PipelineManagerImpl.java:openPipeline(289)) - Pipeline Pipeline[ Id: 7686bec2-d230-49c1-ba4b-1fc4e3dc1381, Nodes: 91f27009-ec66-4294-9321-b0739729fb6b{ip: 127.0.0.1, host: localhost, ports: [REPLICATION=40709, RATIS=38297, RATIS_ADMIN=38297, RATIS_SERVER=38297, STANDALONE=36211], networkLocation: /default-rack, certSerialId: null, persistedOpState: IN_SERVICE, persistedOpStateExpiryEpochSec: 0}d262ff89-3d5e-4ab4-981f-dc8616a3cc4b{ip: 127.0.0.1, host: localhost, ports: [REPLICATION=37093, RATIS=35379, RATIS_ADMIN=35379, RATIS_SERVER=35379, STANDALONE=40287], networkLocation: /default-rack, certSerialId: null, persistedOpState: IN_SERVICE, persistedOpStateExpiryEpochSec: 0}7e7f778f-92a3-4c6a-870c-2544e6325884{ip: 127.0.0.1, host: localhost, ports: [REPLICATION=36889, RATIS=39339, RATIS_ADMIN=39339, RATIS_SERVER=39339, STANDALONE=37757], networkLocation: /default-rack, certSerialId: null, persistedOpState: IN_SERVICE, persistedOpStateExpiryEpochSec: 0}, ReplicationConfig: RATIS/THREE, State:ALLOCATED, leaderId:7e7f778f-92a3-4c6a-870c-2544e6325884, CreationTimestamp2021-10-28T03:02:01.758Z[Etc/UTC]] moved to OPEN state
2021-10-28 03:02:34,694 [EventQueue-PipelineReportForPipelineReportHandler] INFO  ha.SCMHAInvocationHandler (SCMHAInvocationHandler.java:invokeRatis(113)) - Invoking method public abstract void org.apache.hadoop.hdds.scm.pipeline.PipelineStateManager.updatePipelineState(org.apache.hadoop.hdds.protocol.proto.HddsProtos$PipelineID,org.apache.hadoop.hdds.protocol.proto.HddsProtos$PipelineState) throws java.io.IOException on target org.apache.hadoop.hdds.scm.ha.SCMRatisServerImpl@73b1e6d, cost 227.617us
2021-10-28 03:02:34,698 [grpc-default-executor-1] INFO  server.RaftServer$Division (RaftServerImpl.java:requestVote(1078)) - 91f27009-ec66-4294-9321-b0739729fb6b@group-1FC4E3DC1381 replies to ELECTION vote request: 7e7f778f-92a3-4c6a-870c-2544e6325884<-91f27009-ec66-4294-9321-b0739729fb6b#0:OK-t6. Peer's state: 91f27009-ec66-4294-9321-b0739729fb6b@group-1FC4E3DC1381:t6, leader=null, voted=7e7f778f-92a3-4c6a-870c-2544e6325884, raftlog=91f27009-ec66-4294-9321-b0739729fb6b@group-1FC4E3DC1381-SegmentedRaftLog:OPENED:c-1, conf=-1: [7e7f778f-92a3-4c6a-870c-2544e6325884|rpc:127.0.0.1:39339|dataStream:|priority:1, d262ff89-3d5e-4ab4-981f-dc8616a3cc4b|rpc:127.0.0.1:35379|dataStream:|priority:0, 91f27009-ec66-4294-9321-b0739729fb6b|rpc:127.0.0.1:38297|dataStream:|priority:0], old=null
2021-10-28 03:02:34,698 [91f27009-ec66-4294-9321-b0739729fb6b@group-1FC4E3DC1381-FollowerState] INFO  impl.FollowerState (FollowerState.java:run(134)) - 91f27009-ec66-4294-9321-b0739729fb6b@group-1FC4E3DC1381-FollowerState: change to CANDIDATE, lastRpcElapsedTime:5218878970ns, electionTimeout:5189ms
2021-10-28 03:02:34,698 [91f27009-ec66-4294-9321-b0739729fb6b@group-1FC4E3DC1381-FollowerState] INFO  impl.RoleInfo (RoleInfo.java:shutdownFollowerState(108)) - 91f27009-ec66-4294-9321-b0739729fb6b: shutdown 91f27009-ec66-4294-9321-b0739729fb6b@group-1FC4E3DC1381-FollowerState
2021-10-28 03:02:34,704 [91f27009-ec66-4294-9321-b0739729fb6b@group-1FC4E3DC1381-FollowerState] INFO  server.RaftServer$Division (RaftServerImpl.java:setRole(290)) - 91f27009-ec66-4294-9321-b0739729fb6b@group-1FC4E3DC1381: changes role from  FOLLOWER to CANDIDATE at term 6 for changeToCandidate
2021-10-28 03:02:34,707 [7e7f778f-92a3-4c6a-870c-2544e6325884@group-1FC4E3DC1381-LeaderElection49] INFO  server.RaftServer$Division (ServerState.java:setRaftConf(387)) - 7e7f778f-92a3-4c6a-870c-2544e6325884@group-1FC4E3DC1381: set configuration 0: [7e7f778f-92a3-4c6a-870c-2544e6325884|rpc:127.0.0.1:39339|dataStream:|priority:1, d262ff89-3d5e-4ab4-981f-dc8616a3cc4b|rpc:127.0.0.1:35379|dataStream:|priority:0, 91f27009-ec66-4294-9321-b0739729fb6b|rpc:127.0.0.1:38297|dataStream:|priority:0], old=null
2021-10-28 03:02:34,715 [7e7f778f-92a3-4c6a-870c-2544e6325884@group-1FC4E3DC1381-SegmentedRaftLogWorker] INFO  segmented.SegmentedRaftLogWorker (SegmentedRaftLogWorker.java:execute(601)) - 7e7f778f-92a3-4c6a-870c-2544e6325884@group-1FC4E3DC1381-SegmentedRaftLogWorker: created new log segment /home/runner/work/ozone/ozone/hadoop-ozone/integration-test/target/test-dir/MiniOzoneClusterImpl-701359f1-d346-43a7-a18b-390751046f7b/datanode-1/data/ratis/7686bec2-d230-49c1-ba4b-1fc4e3dc1381/current/log_inprogress_0
2021-10-28 03:02:34,717 [6dac361e-3d50-41be-ba36-b7bec097cbe9@group-390751046F7B-StateMachineUpdater] INFO  safemode.HealthyPipelineSafeModeRule (HealthyPipelineSafeModeRule.java:initializeRule(152)) - Refreshed total pipeline count is 1, healthy pipeline threshold count is 1
2021-10-28 03:02:34,717 [6dac361e-3d50-41be-ba36-b7bec097cbe9@group-390751046F7B-StateMachineUpdater] INFO  ha.SCMStateMachine (SCMStateMachine.java:takeSnapshot(290)) - Current Snapshot Index 15, takeSnapshot took 0 ms
2021-10-28 03:02:34,718 [6dac361e-3d50-41be-ba36-b7bec097cbe9@group-390751046F7B-StateMachineUpdater] INFO  impl.StateMachineUpdater (StateMachineUpdater.java:takeSnapshot(281)) - 6dac361e-3d50-41be-ba36-b7bec097cbe9@group-390751046F7B-StateMachineUpdater: Took a snapshot at index 15
2021-10-28 03:02:34,718 [6dac361e-3d50-41be-ba36-b7bec097cbe9@group-390751046F7B-StateMachineUpdater] INFO  impl.StateMachineUpdater (StateMachineUpdater.java:lambda$new$0(89)) - 6dac361e-3d50-41be-ba36-b7bec097cbe9@group-390751046F7B-StateMachineUpdater: snapshotIndex: updateIncreasingly 10 -> 15
2021-10-28 03:02:34,718 [6dac361e-3d50-41be-ba36-b7bec097cbe9@group-390751046F7B-StateMachineUpdater] INFO  raftlog.RaftLog (RaftLogBase.java:purge(306)) - 6dac361e-3d50-41be-ba36-b7bec097cbe9@group-390751046F7B-SegmentedRaftLog: purge 15
2021-10-28 03:02:34,718 [6dac361e-3d50-41be-ba36-b7bec097cbe9@group-390751046F7B-StateMachineUpdater] INFO  raftlog.RaftLog (RaftLogBase.java:lambda$new$0(53)) - 6dac361e-3d50-41be-ba36-b7bec097cbe9@group-390751046F7B-SegmentedRaftLog: snapshotIndex: updateIncreasingly 10 -> 15
2021-10-28 03:02:34,718 [6dac361e-3d50-41be-ba36-b7bec097cbe9@group-390751046F7B-StateMachineUpdater] INFO  raftlog.RaftLog (RaftLogBase.java:lambda$new$0(53)) - 6dac361e-3d50-41be-ba36-b7bec097cbe9@group-390751046F7B-SegmentedRaftLog: purgeIndex: updateToMax old=10, new=15, updated? true
2021-10-28 03:02:34,718 [EventQueue-PipelineReportForPipelineReportHandler] INFO  ha.SCMHAInvocationHandler (SCMHAInvocationHandler.java:invokeRatis(113)) - Invoking method public abstract void org.apache.hadoop.hdds.scm.pipeline.PipelineStateManager.updatePipelineState(org.apache.hadoop.hdds.protocol.proto.HddsProtos$PipelineID,org.apache.hadoop.hdds.protocol.proto.HddsProtos$PipelineState) throws java.io.IOException on target org.apache.hadoop.hdds.scm.ha.SCMRatisServerImpl@5bdb3fcc, cost 25390.102us
2021-10-28 03:02:34,718 [EventQueue-OpenPipelineForHealthyPipelineSafeModeRule] INFO  safemode.SCMSafeModeManager (HealthyPipelineSafeModeRule.java:process(124)) - SCM in safe mode. Healthy pipelines reported count is 1, required healthy pipeline reported count is 1
2021-10-28 03:02:34,718 [EventQueue-OpenPipelineForHealthyPipelineSafeModeRule] INFO  safemode.SCMSafeModeManager (SCMSafeModeManager.java:validateSafeModeExitRules(204)) - HealthyPipelineSafeModeRule rule is successfully validated
2021-10-28 03:02:34,718 [EventQueue-OpenPipelineForHealthyPipelineSafeModeRule] INFO  safemode.SCMSafeModeManager (SCMSafeModeManager.java:validateSafeModeExitRules(219)) - ScmSafeModeManager, all rules are successfully validated
2021-10-28 03:02:34,718 [EventQueue-OpenPipelineForHealthyPipelineSafeModeRule] INFO  safemode.SCMSafeModeManager (SCMSafeModeManager.java:exitSafeMode(248)) - SCM exiting safe mode.
2021-10-28 03:02:34,718 [EventQueue-OpenPipelineForHealthyPipelineSafeModeRule] WARN  events.EventQueue (EventQueue.java:fireEvent(194)) - No event handler registered for event TypedEvent{payloadType=SafeModeStatus, name='Safe mode status'}
2021-10-28 03:02:34,718 [EventQueue-OpenPipelineForHealthyPipelineSafeModeRule] INFO  ha.SCMContext (SCMContext.java:updateSafeModeStatus(205)) - Update SafeModeStatus from SafeModeStatus{safeModeStatus=true, preCheckPassed=true} to SafeModeStatus{safeModeStatus=false, preCheckPassed=true}.
2021-10-28 03:02:34,718 [EventQueue-OpenPipelineForHealthyPipelineSafeModeRule] INFO  container.ReplicationManager (ReplicationManager.java:notifyStatusChanged(1746)) - Service ReplicationManager transitions to RUNNING.
2021-10-28 03:02:34,734 [91f27009-ec66-4294-9321-b0739729fb6b@group-1FC4E3DC1381-FollowerState] INFO  server.RaftServerConfigKeys (ConfUtils.java:logGet(44)) - raft.server.leaderelection.pre-vote = false (custom)
2021-10-28 03:02:34,735 [91f27009-ec66-4294-9321-b0739729fb6b@group-1FC4E3DC1381-FollowerState] INFO  impl.RoleInfo (RoleInfo.java:updateAndGet(130)) - 91f27009-ec66-4294-9321-b0739729fb6b: start 91f27009-ec66-4294-9321-b0739729fb6b@group-1FC4E3DC1381-LeaderElection50
2021-10-28 03:02:34,736 [grpc-default-executor-1] INFO  ratis.XceiverServerRatis (XceiverServerRatis.java:handleLeaderChangedNotification(866)) - Leader change notification received for group: group-1FC4E3DC1381 with new leaderId: 7e7f778f-92a3-4c6a-870c-2544e6325884
2021-10-28 03:02:34,736 [grpc-default-executor-1] INFO  server.RaftServer$Division (ServerState.java:setLeader(285)) - d262ff89-3d5e-4ab4-981f-dc8616a3cc4b@group-1FC4E3DC1381: change Leader from null to 7e7f778f-92a3-4c6a-870c-2544e6325884 at term 6 for appendEntries, leader elected after 30918ms
2021-10-28 03:02:34,763 [grpc-default-executor-2] INFO  server.RaftServer$Division (RaftServerImpl.java:setRole(290)) - 91f27009-ec66-4294-9321-b0739729fb6b@group-1FC4E3DC1381: changes role from CANDIDATE to FOLLOWER at term 6 for appendEntries
2021-10-28 03:02:34,763 [grpc-default-executor-2] INFO  impl.RoleInfo (RoleInfo.java:shutdownLeaderElection(121)) - 91f27009-ec66-4294-9321-b0739729fb6b: shutdown 91f27009-ec66-4294-9321-b0739729fb6b@group-1FC4E3DC1381-LeaderElection50
2021-10-28 03:02:34,763 [grpc-default-executor-2] INFO  impl.RoleInfo (RoleInfo.java:updateAndGet(130)) - 91f27009-ec66-4294-9321-b0739729fb6b: start 91f27009-ec66-4294-9321-b0739729fb6b@group-1FC4E3DC1381-FollowerState
2021-10-28 03:02:34,764 [13676ba2-e17b-4a8f-9926-6ead84168abe@group-390751046F7B-StateMachineUpdater] INFO  safemode.HealthyPipelineSafeModeRule (HealthyPipelineSafeModeRule.java:initializeRule(152)) - Refreshed total pipeline count is 1, healthy pipeline threshold count is 1
2021-10-28 03:02:34,765 [EndpointStateMachine task thread for /127.0.0.1:13023 - 0 ] INFO  ipc.Client (Client.java:handleConnectionFailure(977)) - Retrying connect to server: localhost/127.0.0.1:13023. Already tried 10 time(s); retry policy is RetryUpToMaximumCountWithFixedSleep(maxRetries=15, sleepTime=1000 MILLISECONDS)
2021-10-28 03:02:34,766 [grpc-default-executor-2] INFO  ratis.XceiverServerRatis (XceiverServerRatis.java:handleLeaderChangedNotification(866)) - Leader change notification received for group: group-1FC4E3DC1381 with new leaderId: 7e7f778f-92a3-4c6a-870c-2544e6325884
2021-10-28 03:02:34,766 [grpc-default-executor-2] INFO  server.RaftServer$Division (ServerState.java:setLeader(285)) - 91f27009-ec66-4294-9321-b0739729fb6b@group-1FC4E3DC1381: change Leader from null to 7e7f778f-92a3-4c6a-870c-2544e6325884 at term 6 for appendEntries, leader elected after 30860ms
2021-10-28 03:02:34,787 [EndpointStateMachine task thread for /127.0.0.1:13013 - 0 ] INFO  ipc.Client (Client.java:handleConnectionFailure(977)) - Retrying connect to server: localhost/127.0.0.1:13013. Already tried 10 time(s); retry policy is RetryUpToMaximumCountWithFixedSleep(maxRetries=15, sleepTime=1000 MILLISECONDS)
2021-10-28 03:02:34,795 [grpc-default-executor-2] INFO  server.RaftServer$Division (ServerState.java:setRaftConf(387)) - 91f27009-ec66-4294-9321-b0739729fb6b@group-1FC4E3DC1381: set configuration 0: [7e7f778f-92a3-4c6a-870c-2544e6325884|rpc:127.0.0.1:39339|dataStream:|priority:1, d262ff89-3d5e-4ab4-981f-dc8616a3cc4b|rpc:127.0.0.1:35379|dataStream:|priority:0, 91f27009-ec66-4294-9321-b0739729fb6b|rpc:127.0.0.1:38297|dataStream:|priority:0], old=null
2021-10-28 03:02:34,795 [grpc-default-executor-2] INFO  segmented.SegmentedRaftLogWorker (SegmentedRaftLogWorker.java:startLogSegment(394)) - 91f27009-ec66-4294-9321-b0739729fb6b@group-1FC4E3DC1381-SegmentedRaftLogWorker: Starting segment from index:0
2021-10-28 03:02:34,796 [91f27009-ec66-4294-9321-b0739729fb6b@group-1FC4E3DC1381-SegmentedRaftLogWorker] INFO  segmented.SegmentedRaftLogWorker (SegmentedRaftLogWorker.java:execute(601)) - 91f27009-ec66-4294-9321-b0739729fb6b@group-1FC4E3DC1381-SegmentedRaftLogWorker: created new log segment /home/runner/work/ozone/ozone/hadoop-ozone/integration-test/target/test-dir/MiniOzoneClusterImpl-701359f1-d346-43a7-a18b-390751046f7b/datanode-2/data/ratis/7686bec2-d230-49c1-ba4b-1fc4e3dc1381/current/log_inprogress_0
2021-10-28 03:02:34,798 [grpc-default-executor-1] INFO  server.RaftServer$Division (ServerState.java:setRaftConf(387)) - d262ff89-3d5e-4ab4-981f-dc8616a3cc4b@group-1FC4E3DC1381: set configuration 0: [7e7f778f-92a3-4c6a-870c-2544e6325884|rpc:127.0.0.1:39339|dataStream:|priority:1, d262ff89-3d5e-4ab4-981f-dc8616a3cc4b|rpc:127.0.0.1:35379|dataStream:|priority:0, 91f27009-ec66-4294-9321-b0739729fb6b|rpc:127.0.0.1:38297|dataStream:|priority:0], old=null
2021-10-28 03:02:34,808 [grpc-default-executor-1] INFO  segmented.SegmentedRaftLogWorker (SegmentedRaftLogWorker.java:startLogSegment(394)) - d262ff89-3d5e-4ab4-981f-dc8616a3cc4b@group-1FC4E3DC1381-SegmentedRaftLogWorker: Starting segment from index:0
2021-10-28 03:02:34,818 [d262ff89-3d5e-4ab4-981f-dc8616a3cc4b@group-1FC4E3DC1381-SegmentedRaftLogWorker] INFO  segmented.SegmentedRaftLogWorker (SegmentedRaftLogWorker.java:execute(601)) - d262ff89-3d5e-4ab4-981f-dc8616a3cc4b@group-1FC4E3DC1381-SegmentedRaftLogWorker: created new log segment /home/runner/work/ozone/ozone/hadoop-ozone/integration-test/target/test-dir/MiniOzoneClusterImpl-701359f1-d346-43a7-a18b-390751046f7b/datanode-0/data/ratis/7686bec2-d230-49c1-ba4b-1fc4e3dc1381/current/log_inprogress_0
2021-10-28 03:02:34,911 [EndpointStateMachine task thread for /127.0.0.1:12189 - 0 ] INFO  ipc.Client (Client.java:handleConnectionFailure(977)) - Retrying connect to server: localhost/127.0.0.1:12189. Already tried 0 time(s); retry policy is RetryUpToMaximumCountWithFixedSleep(maxRetries=15, sleepTime=1000 MILLISECONDS)
2021-10-28 03:02:34,939 [EndpointStateMachine task thread for /127.0.0.1:12199 - 0 ] INFO  ipc.Client (Client.java:handleConnectionFailure(977)) - Retrying connect to server: localhost/127.0.0.1:12199. Already tried 0 time(s); retry policy is RetryUpToMaximumCountWithFixedSleep(maxRetries=15, sleepTime=1000 MILLISECONDS)
2021-10-28 03:02:34,982 [d262ff89-3d5e-4ab4-981f-dc8616a3cc4b@group-A37BCEEDED0F-FollowerState] INFO  impl.FollowerState (FollowerState.java:run(134)) - d262ff89-3d5e-4ab4-981f-dc8616a3cc4b@group-A37BCEEDED0F-FollowerState: change to CANDIDATE, lastRpcElapsedTime:5150826589ns, electionTimeout:5143ms
2021-10-28 03:02:34,982 [d262ff89-3d5e-4ab4-981f-dc8616a3cc4b@group-A37BCEEDED0F-FollowerState] INFO  impl.RoleInfo (RoleInfo.java:shutdownFollowerState(108)) - d262ff89-3d5e-4ab4-981f-dc8616a3cc4b: shutdown d262ff89-3d5e-4ab4-981f-dc8616a3cc4b@group-A37BCEEDED0F-FollowerState
2021-10-28 03:02:34,982 [d262ff89-3d5e-4ab4-981f-dc8616a3cc4b@group-A37BCEEDED0F-FollowerState] INFO  server.RaftServer$Division (RaftServerImpl.java:setRole(290)) - d262ff89-3d5e-4ab4-981f-dc8616a3cc4b@group-A37BCEEDED0F: changes role from  FOLLOWER to CANDIDATE at term 5 for changeToCandidate
2021-10-28 03:02:34,982 [d262ff89-3d5e-4ab4-981f-dc8616a3cc4b@group-A37BCEEDED0F-FollowerState] INFO  server.RaftServerConfigKeys (ConfUtils.java:logGet(44)) - raft.server.leaderelection.pre-vote = false (custom)
2021-10-28 03:02:34,982 [d262ff89-3d5e-4ab4-981f-dc8616a3cc4b@group-A37BCEEDED0F-FollowerState] INFO  impl.RoleInfo (RoleInfo.java:updateAndGet(130)) - d262ff89-3d5e-4ab4-981f-dc8616a3cc4b: start d262ff89-3d5e-4ab4-981f-dc8616a3cc4b@group-A37BCEEDED0F-LeaderElection51
2021-10-28 03:02:34,990 [91f27009-ec66-4294-9321-b0739729fb6b@group-A37BCEEDED0F-FollowerState] INFO  impl.FollowerState (FollowerState.java:run(134)) - 91f27009-ec66-4294-9321-b0739729fb6b@group-A37BCEEDED0F-FollowerState: change to CANDIDATE, lastRpcElapsedTime:5184486950ns, electionTimeout:5159ms
2021-10-28 03:02:34,990 [91f27009-ec66-4294-9321-b0739729fb6b@group-A37BCEEDED0F-FollowerState] INFO  impl.RoleInfo (RoleInfo.java:shutdownFollowerState(108)) - 91f27009-ec66-4294-9321-b0739729fb6b: shutdown 91f27009-ec66-4294-9321-b0739729fb6b@group-A37BCEEDED0F-FollowerState
2021-10-28 03:02:34,990 [91f27009-ec66-4294-9321-b0739729fb6b@group-A37BCEEDED0F-FollowerState] INFO  server.RaftServer$Division (RaftServerImpl.java:setRole(290)) - 91f27009-ec66-4294-9321-b0739729fb6b@group-A37BCEEDED0F: changes role from  FOLLOWER to CANDIDATE at term 5 for changeToCandidate
2021-10-28 03:02:34,990 [91f27009-ec66-4294-9321-b0739729fb6b@group-A37BCEEDED0F-FollowerState] INFO  server.RaftServerConfigKeys (ConfUtils.java:logGet(44)) - raft.server.leaderelection.pre-vote = false (custom)
2021-10-28 03:02:34,990 [91f27009-ec66-4294-9321-b0739729fb6b@group-A37BCEEDED0F-FollowerState] INFO  impl.RoleInfo (RoleInfo.java:updateAndGet(130)) - 91f27009-ec66-4294-9321-b0739729fb6b: start 91f27009-ec66-4294-9321-b0739729fb6b@group-A37BCEEDED0F-LeaderElection52
2021-10-28 03:02:35,003 [d262ff89-3d5e-4ab4-981f-dc8616a3cc4b@group-A37BCEEDED0F-LeaderElection51] INFO  impl.LeaderElection (LeaderElection.java:askForVotes(306)) - d262ff89-3d5e-4ab4-981f-dc8616a3cc4b@group-A37BCEEDED0F-LeaderElection51 ELECTION round 0: submit vote requests at term 6 for -1: [7e7f778f-92a3-4c6a-870c-2544e6325884|rpc:127.0.0.1:39339|priority:0, d262ff89-3d5e-4ab4-981f-dc8616a3cc4b|rpc:127.0.0.1:35379|priority:0, 91f27009-ec66-4294-9321-b0739729fb6b|rpc:127.0.0.1:38297|priority:1], old=null
2021-10-28 03:02:35,019 [91f27009-ec66-4294-9321-b0739729fb6b@group-A37BCEEDED0F-LeaderElection52] INFO  impl.LeaderElection (LeaderElection.java:askForVotes(306)) - 91f27009-ec66-4294-9321-b0739729fb6b@group-A37BCEEDED0F-LeaderElection52 ELECTION round 0: submit vote requests at term 6 for -1: [7e7f778f-92a3-4c6a-870c-2544e6325884|rpc:127.0.0.1:39339|dataStream:|priority:0, d262ff89-3d5e-4ab4-981f-dc8616a3cc4b|rpc:127.0.0.1:35379|dataStream:|priority:0, 91f27009-ec66-4294-9321-b0739729fb6b|rpc:127.0.0.1:38297|dataStream:|priority:1], old=null
2021-10-28 03:02:35,019 [grpc-default-executor-1] INFO  server.RaftServer$Division (RaftServerImpl.java:requestVote(1046)) - 7e7f778f-92a3-4c6a-870c-2544e6325884@group-A37BCEEDED0F: receive requestVote(ELECTION, d262ff89-3d5e-4ab4-981f-dc8616a3cc4b, group-A37BCEEDED0F, 6, (t:0, i:0))
2021-10-28 03:02:35,020 [grpc-default-executor-1] INFO  impl.VoteContext (VoteContext.java:log(48)) - 7e7f778f-92a3-4c6a-870c-2544e6325884@group-A37BCEEDED0F-FOLLOWER: accept ELECTION from d262ff89-3d5e-4ab4-981f-dc8616a3cc4b: our priority 0 <= candidate's priority 0
2021-10-28 03:02:35,020 [grpc-default-executor-1] INFO  server.RaftServer$Division (RaftServerImpl.java:setRole(290)) - 7e7f778f-92a3-4c6a-870c-2544e6325884@group-A37BCEEDED0F: changes role from  FOLLOWER to FOLLOWER at term 6 for candidate:d262ff89-3d5e-4ab4-981f-dc8616a3cc4b
2021-10-28 03:02:35,020 [grpc-default-executor-1] INFO  impl.RoleInfo (RoleInfo.java:shutdownFollowerState(108)) - 7e7f778f-92a3-4c6a-870c-2544e6325884: shutdown 7e7f778f-92a3-4c6a-870c-2544e6325884@group-A37BCEEDED0F-FollowerState
2021-10-28 03:02:35,022 [grpc-default-executor-2] INFO  server.RaftServer$Division (RaftServerImpl.java:requestVote(1046)) - 7e7f778f-92a3-4c6a-870c-2544e6325884@group-A37BCEEDED0F: receive requestVote(ELECTION, 91f27009-ec66-4294-9321-b0739729fb6b, group-A37BCEEDED0F, 6, (t:0, i:0))
2021-10-28 03:02:35,026 [grpc-default-executor-1] INFO  impl.RoleInfo (RoleInfo.java:updateAndGet(130)) - 7e7f778f-92a3-4c6a-870c-2544e6325884: start 7e7f778f-92a3-4c6a-870c-2544e6325884@group-A37BCEEDED0F-FollowerState
2021-10-28 03:02:35,026 [7e7f778f-92a3-4c6a-870c-2544e6325884@group-A37BCEEDED0F-FollowerState] INFO  impl.FollowerState (FollowerState.java:run(143)) - 7e7f778f-92a3-4c6a-870c-2544e6325884@group-A37BCEEDED0F-FollowerState was interrupted: {}
java.lang.InterruptedException: sleep interrupted
	at java.lang.Thread.sleep(Native Method)
	at java.lang.Thread.sleep(Thread.java:340)
	at java.util.concurrent.TimeUnit.sleep(TimeUnit.java:386)
	at org.apache.ratis.util.TimeDuration.sleep(TimeDuration.java:324)
	at org.apache.ratis.util.TimeDuration.sleep(TimeDuration.java:309)
	at org.apache.ratis.server.impl.FollowerState.run(FollowerState.java:118)
2021-10-28 03:02:35,031 [grpc-default-executor-0] INFO  server.RaftServer$Division (RaftServerImpl.java:requestVote(1046)) - 91f27009-ec66-4294-9321-b0739729fb6b@group-A37BCEEDED0F: receive requestVote(ELECTION, d262ff89-3d5e-4ab4-981f-dc8616a3cc4b, group-A37BCEEDED0F, 6, (t:0, i:0))
2021-10-28 03:02:35,031 [grpc-default-executor-0] INFO  impl.VoteContext (VoteContext.java:log(48)) - 91f27009-ec66-4294-9321-b0739729fb6b@group-A37BCEEDED0F-CANDIDATE: reject ELECTION from d262ff89-3d5e-4ab4-981f-dc8616a3cc4b: already has voted for 91f27009-ec66-4294-9321-b0739729fb6b at current term 6
2021-10-28 03:02:35,031 [grpc-default-executor-0] INFO  server.RaftServer$Division (RaftServerImpl.java:requestVote(1078)) - 91f27009-ec66-4294-9321-b0739729fb6b@group-A37BCEEDED0F replies to ELECTION vote request: d262ff89-3d5e-4ab4-981f-dc8616a3cc4b<-91f27009-ec66-4294-9321-b0739729fb6b#0:FAIL-t6. Peer's state: 91f27009-ec66-4294-9321-b0739729fb6b@group-A37BCEEDED0F:t6, leader=null, voted=91f27009-ec66-4294-9321-b0739729fb6b, raftlog=91f27009-ec66-4294-9321-b0739729fb6b@group-A37BCEEDED0F-SegmentedRaftLog:OPENED:c-1, conf=-1: [7e7f778f-92a3-4c6a-870c-2544e6325884|rpc:127.0.0.1:39339|dataStream:|priority:0, d262ff89-3d5e-4ab4-981f-dc8616a3cc4b|rpc:127.0.0.1:35379|dataStream:|priority:0, 91f27009-ec66-4294-9321-b0739729fb6b|rpc:127.0.0.1:38297|dataStream:|priority:1], old=null
2021-10-28 03:02:35,054 [grpc-default-executor-0] INFO  server.RaftServer$Division (RaftServerImpl.java:requestVote(1046)) - d262ff89-3d5e-4ab4-981f-dc8616a3cc4b@group-A37BCEEDED0F: receive requestVote(ELECTION, 91f27009-ec66-4294-9321-b0739729fb6b, group-A37BCEEDED0F, 6, (t:0, i:0))
2021-10-28 03:02:35,054 [grpc-default-executor-0] INFO  impl.VoteContext (VoteContext.java:log(48)) - d262ff89-3d5e-4ab4-981f-dc8616a3cc4b@group-A37BCEEDED0F-CANDIDATE: reject ELECTION from 91f27009-ec66-4294-9321-b0739729fb6b: already has voted for d262ff89-3d5e-4ab4-981f-dc8616a3cc4b at current term 6
2021-10-28 03:02:35,054 [grpc-default-executor-0] INFO  server.RaftServer$Division (RaftServerImpl.java:requestVote(1078)) - d262ff89-3d5e-4ab4-981f-dc8616a3cc4b@group-A37BCEEDED0F replies to ELECTION vote request: 91f27009-ec66-4294-9321-b0739729fb6b<-d262ff89-3d5e-4ab4-981f-dc8616a3cc4b#0:FAIL-t6. Peer's state: d262ff89-3d5e-4ab4-981f-dc8616a3cc4b@group-A37BCEEDED0F:t6, leader=null, voted=d262ff89-3d5e-4ab4-981f-dc8616a3cc4b, raftlog=d262ff89-3d5e-4ab4-981f-dc8616a3cc4b@group-A37BCEEDED0F-SegmentedRaftLog:OPENED:c-1, conf=-1: [7e7f778f-92a3-4c6a-870c-2544e6325884|rpc:127.0.0.1:39339|priority:0, d262ff89-3d5e-4ab4-981f-dc8616a3cc4b|rpc:127.0.0.1:35379|priority:0, 91f27009-ec66-4294-9321-b0739729fb6b|rpc:127.0.0.1:38297|priority:1], old=null
2021-10-28 03:02:35,059 [grpc-default-executor-1] INFO  server.RaftServer$Division (RaftServerImpl.java:requestVote(1078)) - 7e7f778f-92a3-4c6a-870c-2544e6325884@group-A37BCEEDED0F replies to ELECTION vote request: d262ff89-3d5e-4ab4-981f-dc8616a3cc4b<-7e7f778f-92a3-4c6a-870c-2544e6325884#0:OK-t6. Peer's state: 7e7f778f-92a3-4c6a-870c-2544e6325884@group-A37BCEEDED0F:t6, leader=null, voted=d262ff89-3d5e-4ab4-981f-dc8616a3cc4b, raftlog=7e7f778f-92a3-4c6a-870c-2544e6325884@group-A37BCEEDED0F-SegmentedRaftLog:OPENED:c-1, conf=-1: [7e7f778f-92a3-4c6a-870c-2544e6325884|rpc:127.0.0.1:39339|priority:0, d262ff89-3d5e-4ab4-981f-dc8616a3cc4b|rpc:127.0.0.1:35379|priority:0, 91f27009-ec66-4294-9321-b0739729fb6b|rpc:127.0.0.1:38297|priority:1], old=null
2021-10-28 03:02:35,059 [grpc-default-executor-2] INFO  impl.VoteContext (VoteContext.java:log(48)) - 7e7f778f-92a3-4c6a-870c-2544e6325884@group-A37BCEEDED0F-FOLLOWER: reject ELECTION from 91f27009-ec66-4294-9321-b0739729fb6b: already has voted for d262ff89-3d5e-4ab4-981f-dc8616a3cc4b at current term 6
2021-10-28 03:02:35,059 [grpc-default-executor-2] INFO  server.RaftServer$Division (RaftServerImpl.java:requestVote(1078)) - 7e7f778f-92a3-4c6a-870c-2544e6325884@group-A37BCEEDED0F replies to ELECTION vote request: 91f27009-ec66-4294-9321-b0739729fb6b<-7e7f778f-92a3-4c6a-870c-2544e6325884#0:FAIL-t6. Peer's state: 7e7f778f-92a3-4c6a-870c-2544e6325884@group-A37BCEEDED0F:t6, leader=null, voted=d262ff89-3d5e-4ab4-981f-dc8616a3cc4b, raftlog=7e7f778f-92a3-4c6a-870c-2544e6325884@group-A37BCEEDED0F-SegmentedRaftLog:OPENED:c-1, conf=-1: [7e7f778f-92a3-4c6a-870c-2544e6325884|rpc:127.0.0.1:39339|priority:0, d262ff89-3d5e-4ab4-981f-dc8616a3cc4b|rpc:127.0.0.1:35379|priority:0, 91f27009-ec66-4294-9321-b0739729fb6b|rpc:127.0.0.1:38297|priority:1], old=null
2021-10-28 03:02:35,060 [d262ff89-3d5e-4ab4-981f-dc8616a3cc4b@group-A37BCEEDED0F-LeaderElection51] INFO  impl.LeaderElection (LeaderElection.java:logAndReturn(89)) - d262ff89-3d5e-4ab4-981f-dc8616a3cc4b@group-A37BCEEDED0F-LeaderElection51: ELECTION REJECTED received 1 response(s) and 0 exception(s):
2021-10-28 03:02:35,060 [d262ff89-3d5e-4ab4-981f-dc8616a3cc4b@group-A37BCEEDED0F-LeaderElection51] INFO  impl.LeaderElection (LeaderElection.java:logAndReturn(93)) -   Response 0: d262ff89-3d5e-4ab4-981f-dc8616a3cc4b<-91f27009-ec66-4294-9321-b0739729fb6b#0:FAIL-t6
2021-10-28 03:02:35,060 [d262ff89-3d5e-4ab4-981f-dc8616a3cc4b@group-A37BCEEDED0F-LeaderElection51] INFO  impl.LeaderElection (LeaderElection.java:askForVotes(308)) - d262ff89-3d5e-4ab4-981f-dc8616a3cc4b@group-A37BCEEDED0F-LeaderElection51 ELECTION round 0: result REJECTED
2021-10-28 03:02:35,060 [d262ff89-3d5e-4ab4-981f-dc8616a3cc4b@group-A37BCEEDED0F-LeaderElection51] INFO  server.RaftServer$Division (RaftServerImpl.java:setRole(290)) - d262ff89-3d5e-4ab4-981f-dc8616a3cc4b@group-A37BCEEDED0F: changes role from CANDIDATE to FOLLOWER at term 6 for REJECTED
2021-10-28 03:02:35,060 [d262ff89-3d5e-4ab4-981f-dc8616a3cc4b@group-A37BCEEDED0F-LeaderElection51] INFO  impl.RoleInfo (RoleInfo.java:shutdownLeaderElection(121)) - d262ff89-3d5e-4ab4-981f-dc8616a3cc4b: shutdown d262ff89-3d5e-4ab4-981f-dc8616a3cc4b@group-A37BCEEDED0F-LeaderElection51
2021-10-28 03:02:35,060 [d262ff89-3d5e-4ab4-981f-dc8616a3cc4b@group-A37BCEEDED0F-LeaderElection51] INFO  impl.RoleInfo (RoleInfo.java:updateAndGet(130)) - d262ff89-3d5e-4ab4-981f-dc8616a3cc4b: start d262ff89-3d5e-4ab4-981f-dc8616a3cc4b@group-A37BCEEDED0F-FollowerState
2021-10-28 03:02:35,071 [91f27009-ec66-4294-9321-b0739729fb6b@group-A37BCEEDED0F-LeaderElection52] INFO  impl.LeaderElection (LeaderElection.java:logAndReturn(89)) - 91f27009-ec66-4294-9321-b0739729fb6b@group-A37BCEEDED0F-LeaderElection52: ELECTION REJECTED received 2 response(s) and 0 exception(s):
2021-10-28 03:02:35,071 [91f27009-ec66-4294-9321-b0739729fb6b@group-A37BCEEDED0F-LeaderElection52] INFO  impl.LeaderElection (LeaderElection.java:logAndReturn(93)) -   Response 0: 91f27009-ec66-4294-9321-b0739729fb6b<-7e7f778f-92a3-4c6a-870c-2544e6325884#0:FAIL-t6
2021-10-28 03:02:35,071 [91f27009-ec66-4294-9321-b0739729fb6b@group-A37BCEEDED0F-LeaderElection52] INFO  impl.LeaderElection (LeaderElection.java:logAndReturn(93)) -   Response 1: 91f27009-ec66-4294-9321-b0739729fb6b<-d262ff89-3d5e-4ab4-981f-dc8616a3cc4b#0:FAIL-t6
2021-10-28 03:02:35,071 [91f27009-ec66-4294-9321-b0739729fb6b@group-A37BCEEDED0F-LeaderElection52] INFO  impl.LeaderElection (LeaderElection.java:askForVotes(308)) - 91f27009-ec66-4294-9321-b0739729fb6b@group-A37BCEEDED0F-LeaderElection52 ELECTION round 0: result REJECTED
2021-10-28 03:02:35,071 [91f27009-ec66-4294-9321-b0739729fb6b@group-A37BCEEDED0F-LeaderElection52] INFO  server.RaftServer$Division (RaftServerImpl.java:setRole(290)) - 91f27009-ec66-4294-9321-b0739729fb6b@group-A37BCEEDED0F: changes role from CANDIDATE to FOLLOWER at term 6 for REJECTED
2021-10-28 03:02:35,072 [91f27009-ec66-4294-9321-b0739729fb6b@group-A37BCEEDED0F-LeaderElection52] INFO  impl.RoleInfo (RoleInfo.java:shutdownLeaderElection(121)) - 91f27009-ec66-4294-9321-b0739729fb6b: shutdown 91f27009-ec66-4294-9321-b0739729fb6b@group-A37BCEEDED0F-LeaderElection52
2021-10-28 03:02:35,072 [91f27009-ec66-4294-9321-b0739729fb6b@group-A37BCEEDED0F-LeaderElection52] INFO  impl.RoleInfo (RoleInfo.java:updateAndGet(130)) - 91f27009-ec66-4294-9321-b0739729fb6b: start 91f27009-ec66-4294-9321-b0739729fb6b@group-A37BCEEDED0F-FollowerState
2021-10-28 03:02:35,258 [EndpointStateMachine task thread for /127.0.0.1:12209 - 0 ] INFO  ipc.Client (Client.java:handleConnectionFailure(977)) - Retrying connect to server: localhost/127.0.0.1:12209. Already tried 12 time(s); retry policy is RetryUpToMaximumCountWithFixedSleep(maxRetries=15, sleepTime=1000 MILLISECONDS)
2021-10-28 03:02:35,642 [Listener at 127.0.0.1/11132] INFO  ozone.MiniOzoneClusterImpl (MiniOzoneClusterImpl.java:lambda$waitForClusterToBeReady$0(235)) - Waiting for nodes to be ready. Got 4 of 3 DN Heartbeats.
2021-10-28 03:02:35,642 [Listener at 127.0.0.1/11132] INFO  ozone.MiniOzoneClusterImpl (MiniOzoneClusterImpl.java:lambda$waitForClusterToBeReady$0(238)) - Cluster exits safe mode
2021-10-28 03:02:35,642 [Listener at 127.0.0.1/11132] INFO  ozone.MiniOzoneClusterImpl (MiniOzoneClusterImpl.java:lambda$waitForClusterToBeReady$0(240)) - SCM became leader
2021-10-28 03:02:35,766 [EndpointStateMachine task thread for /127.0.0.1:13023 - 0 ] INFO  ipc.Client (Client.java:handleConnectionFailure(977)) - Retrying connect to server: localhost/127.0.0.1:13023. Already tried 11 time(s); retry policy is RetryUpToMaximumCountWithFixedSleep(maxRetries=15, sleepTime=1000 MILLISECONDS)
2021-10-28 03:02:35,787 [EndpointStateMachine task thread for /127.0.0.1:13013 - 0 ] INFO  ipc.Client (Client.java:handleConnectionFailure(977)) - Retrying connect to server: localhost/127.0.0.1:13013. Already tried 11 time(s); retry policy is RetryUpToMaximumCountWithFixedSleep(maxRetries=15, sleepTime=1000 MILLISECONDS)
2021-10-28 03:02:35,911 [EndpointStateMachine task thread for /127.0.0.1:12189 - 0 ] INFO  ipc.Client (Client.java:handleConnectionFailure(977)) - Retrying connect to server: localhost/127.0.0.1:12189. Already tried 1 time(s); retry policy is RetryUpToMaximumCountWithFixedSleep(maxRetries=15, sleepTime=1000 MILLISECONDS)
2021-10-28 03:02:35,940 [EndpointStateMachine task thread for /127.0.0.1:12199 - 0 ] INFO  ipc.Client (Client.java:handleConnectionFailure(977)) - Retrying connect to server: localhost/127.0.0.1:12199. Already tried 1 time(s); retry policy is RetryUpToMaximumCountWithFixedSleep(maxRetries=15, sleepTime=1000 MILLISECONDS)
2021-10-28 03:02:36,259 [EndpointStateMachine task thread for /127.0.0.1:12209 - 0 ] INFO  ipc.Client (Client.java:handleConnectionFailure(977)) - Retrying connect to server: localhost/127.0.0.1:12209. Already tried 13 time(s); retry policy is RetryUpToMaximumCountWithFixedSleep(maxRetries=15, sleepTime=1000 MILLISECONDS)
2021-10-28 03:02:36,328 [Datanode State Machine Daemon Thread] ERROR datanode.RunningDatanodeState (RunningDatanodeState.java:computeNextContainerState(199)) - Error in executing end point task.
java.util.concurrent.ExecutionException: java.util.concurrent.TimeoutException
	at java.util.concurrent.FutureTask.report(FutureTask.java:122)
	at java.util.concurrent.FutureTask.get(FutureTask.java:192)
	at org.apache.hadoop.ozone.container.common.states.datanode.RunningDatanodeState.computeNextContainerState(RunningDatanodeState.java:191)
	at org.apache.hadoop.ozone.container.common.states.datanode.RunningDatanodeState.await(RunningDatanodeState.java:231)
	at org.apache.hadoop.ozone.container.common.states.datanode.RunningDatanodeState.await(RunningDatanodeState.java:50)
	at org.apache.hadoop.ozone.container.common.statemachine.StateContext.execute(StateContext.java:633)
	at org.apache.hadoop.ozone.container.common.statemachine.DatanodeStateMachine.start(DatanodeStateMachine.java:280)
	at org.apache.hadoop.ozone.container.common.statemachine.DatanodeStateMachine.lambda$startDaemon$0(DatanodeStateMachine.java:468)
	at java.lang.Thread.run(Thread.java:748)
Caused by: java.util.concurrent.TimeoutException
	at java.util.concurrent.FutureTask.get(FutureTask.java:205)
	at org.apache.hadoop.ozone.container.common.states.datanode.RunningDatanodeState.lambda$execute$0(RunningDatanodeState.java:149)
	at java.util.concurrent.FutureTask.run(FutureTask.java:266)
	at java.util.concurrent.Executors$RunnableAdapter.call(Executors.java:511)
	at java.util.concurrent.FutureTask.run(FutureTask.java:266)
	at java.util.concurrent.ThreadPoolExecutor.runWorker(ThreadPoolExecutor.java:1149)
	at java.util.concurrent.ThreadPoolExecutor$Worker.run(ThreadPoolExecutor.java:624)
	... 1 more
2021-10-28 03:02:36,643 [Listener at 127.0.0.1/11132] INFO  ozone.MiniOzoneClusterImpl (MiniOzoneClusterImpl.java:lambda$waitForClusterToBeReady$0(235)) - Waiting for nodes to be ready. Got 4 of 3 DN Heartbeats.
2021-10-28 03:02:36,643 [Listener at 127.0.0.1/11132] INFO  ozone.MiniOzoneClusterImpl (MiniOzoneClusterImpl.java:lambda$waitForClusterToBeReady$0(238)) - Cluster exits safe mode
2021-10-28 03:02:36,643 [Listener at 127.0.0.1/11132] INFO  ozone.MiniOzoneClusterImpl (MiniOzoneClusterImpl.java:lambda$waitForClusterToBeReady$0(240)) - SCM became leader
2021-10-28 03:02:36,767 [EndpointStateMachine task thread for /127.0.0.1:13023 - 0 ] INFO  ipc.Client (Client.java:handleConnectionFailure(977)) - Retrying connect to server: localhost/127.0.0.1:13023. Already tried 12 time(s); retry policy is RetryUpToMaximumCountWithFixedSleep(maxRetries=15, sleepTime=1000 MILLISECONDS)
2021-10-28 03:02:36,789 [EndpointStateMachine task thread for /127.0.0.1:13013 - 0 ] INFO  ipc.Client (Client.java:handleConnectionFailure(977)) - Retrying connect to server: localhost/127.0.0.1:13013. Already tried 12 time(s); retry policy is RetryUpToMaximumCountWithFixedSleep(maxRetries=15, sleepTime=1000 MILLISECONDS)
2021-10-28 03:02:36,912 [EndpointStateMachine task thread for /127.0.0.1:12189 - 0 ] INFO  ipc.Client (Client.java:handleConnectionFailure(977)) - Retrying connect to server: localhost/127.0.0.1:12189. Already tried 2 time(s); retry policy is RetryUpToMaximumCountWithFixedSleep(maxRetries=15, sleepTime=1000 MILLISECONDS)
2021-10-28 03:02:36,940 [EndpointStateMachine task thread for /127.0.0.1:12199 - 0 ] INFO  ipc.Client (Client.java:handleConnectionFailure(977)) - Retrying connect to server: localhost/127.0.0.1:12199. Already tried 2 time(s); retry policy is RetryUpToMaximumCountWithFixedSleep(maxRetries=15, sleepTime=1000 MILLISECONDS)
2021-10-28 03:02:37,259 [EndpointStateMachine task thread for /127.0.0.1:12209 - 0 ] INFO  ipc.Client (Client.java:handleConnectionFailure(977)) - Retrying connect to server: localhost/127.0.0.1:12209. Already tried 14 time(s); retry policy is RetryUpToMaximumCountWithFixedSleep(maxRetries=15, sleepTime=1000 MILLISECONDS)
2021-10-28 03:02:37,814 [EndpointStateMachine task thread for /127.0.0.1:13013 - 0 ] INFO  ipc.Client (Client.java:handleConnectionFailure(977)) - Retrying connect to server: localhost/127.0.0.1:13013. Already tried 13 time(s); retry policy is RetryUpToMaximumCountWithFixedSleep(maxRetries=15, sleepTime=1000 MILLISECONDS)
2021-10-28 03:02:37,815 [EndpointStateMachine task thread for /127.0.0.1:13023 - 0 ] INFO  ipc.Client (Client.java:handleConnectionFailure(977)) - Retrying connect to server: localhost/127.0.0.1:13023. Already tried 13 time(s); retry policy is RetryUpToMaximumCountWithFixedSleep(maxRetries=15, sleepTime=1000 MILLISECONDS)
2021-10-28 03:02:37,816 [org.apache.ratis.util.JvmPauseMonitor$$Lambda$499/17331878@4b1f242d] WARN  util.JvmPauseMonitor (JvmPauseMonitor.java:detectPause(124)) - JvmPauseMonitor-7e7f778f-92a3-4c6a-870c-2544e6325884: Detected pause in JVM or host machine (eg GC): pause of approximately 118510241ns.
GC pool 'PS MarkSweep' had collection(s): count=1 time=206ms
GC pool 'PS Scavenge' had collection(s): count=1 time=13ms
2021-10-28 03:02:37,816 [Datanode State Machine Daemon Thread] ERROR datanode.RunningDatanodeState (RunningDatanodeState.java:computeNextContainerState(199)) - Error in executing end point task.
java.util.concurrent.ExecutionException: java.util.concurrent.TimeoutException
	at java.util.concurrent.FutureTask.report(FutureTask.java:122)
	at java.util.concurrent.FutureTask.get(FutureTask.java:192)
	at org.apache.hadoop.ozone.container.common.states.datanode.RunningDatanodeState.computeNextContainerState(RunningDatanodeState.java:191)
	at org.apache.hadoop.ozone.container.common.states.datanode.RunningDatanodeState.await(RunningDatanodeState.java:231)
	at org.apache.hadoop.ozone.container.common.states.datanode.RunningDatanodeState.await(RunningDatanodeState.java:50)
	at org.apache.hadoop.ozone.container.common.statemachine.StateContext.execute(StateContext.java:633)
	at org.apache.hadoop.ozone.container.common.statemachine.DatanodeStateMachine.start(DatanodeStateMachine.java:280)
	at org.apache.hadoop.ozone.container.common.statemachine.DatanodeStateMachine.lambda$startDaemon$0(DatanodeStateMachine.java:468)
	at java.lang.Thread.run(Thread.java:748)
Caused by: java.util.concurrent.TimeoutException
	at java.util.concurrent.FutureTask.get(FutureTask.java:205)
	at org.apache.hadoop.ozone.container.common.states.datanode.RunningDatanodeState.lambda$execute$0(RunningDatanodeState.java:149)
	at java.util.concurrent.FutureTask.run(FutureTask.java:266)
	at java.util.concurrent.Executors$RunnableAdapter.call(Executors.java:511)
	at java.util.concurrent.FutureTask.run(FutureTask.java:266)
	at java.util.concurrent.ThreadPoolExecutor.runWorker(ThreadPoolExecutor.java:1149)
	at java.util.concurrent.ThreadPoolExecutor$Worker.run(ThreadPoolExecutor.java:624)
	... 1 more
2021-10-28 03:02:37,817 [Listener at 127.0.0.1/11132] INFO  ozone.MiniOzoneClusterImpl (MiniOzoneClusterImpl.java:lambda$waitForClusterToBeReady$0(235)) - Waiting for nodes to be ready. Got 4 of 3 DN Heartbeats.
2021-10-28 03:02:37,817 [Listener at 127.0.0.1/11132] INFO  ozone.MiniOzoneClusterImpl (MiniOzoneClusterImpl.java:lambda$waitForClusterToBeReady$0(238)) - Cluster exits safe mode
2021-10-28 03:02:37,817 [Listener at 127.0.0.1/11132] INFO  ozone.MiniOzoneClusterImpl (MiniOzoneClusterImpl.java:lambda$waitForClusterToBeReady$0(240)) - SCM became leader
2021-10-28 03:02:37,912 [EndpointStateMachine task thread for /127.0.0.1:12189 - 0 ] INFO  ipc.Client (Client.java:handleConnectionFailure(977)) - Retrying connect to server: localhost/127.0.0.1:12189. Already tried 3 time(s); retry policy is RetryUpToMaximumCountWithFixedSleep(maxRetries=15, sleepTime=1000 MILLISECONDS)
2021-10-28 03:02:37,941 [EndpointStateMachine task thread for /127.0.0.1:12199 - 0 ] INFO  ipc.Client (Client.java:handleConnectionFailure(977)) - Retrying connect to server: localhost/127.0.0.1:12199. Already tried 3 time(s); retry policy is RetryUpToMaximumCountWithFixedSleep(maxRetries=15, sleepTime=1000 MILLISECONDS)
2021-10-28 03:02:38,261 [EndpointStateMachine task thread for /127.0.0.1:12209 - 0 ] INFO  ipc.Client (Client.java:handleConnectionFailure(977)) - Retrying connect to server: localhost/127.0.0.1:12209. Already tried 0 time(s); retry policy is RetryUpToMaximumCountWithFixedSleep(maxRetries=15, sleepTime=1000 MILLISECONDS)
2021-10-28 03:02:38,329 [Datanode State Machine Daemon Thread] ERROR datanode.RunningDatanodeState (RunningDatanodeState.java:computeNextContainerState(199)) - Error in executing end point task.
java.util.concurrent.ExecutionException: java.util.concurrent.TimeoutException
	at java.util.concurrent.FutureTask.report(FutureTask.java:122)
	at java.util.concurrent.FutureTask.get(FutureTask.java:192)
	at org.apache.hadoop.ozone.container.common.states.datanode.RunningDatanodeState.computeNextContainerState(RunningDatanodeState.java:191)
	at org.apache.hadoop.ozone.container.common.states.datanode.RunningDatanodeState.await(RunningDatanodeState.java:231)
	at org.apache.hadoop.ozone.container.common.states.datanode.RunningDatanodeState.await(RunningDatanodeState.java:50)
	at org.apache.hadoop.ozone.container.common.statemachine.StateContext.execute(StateContext.java:633)
	at org.apache.hadoop.ozone.container.common.statemachine.DatanodeStateMachine.start(DatanodeStateMachine.java:280)
	at org.apache.hadoop.ozone.container.common.statemachine.DatanodeStateMachine.lambda$startDaemon$0(DatanodeStateMachine.java:468)
	at java.lang.Thread.run(Thread.java:748)
Caused by: java.util.concurrent.TimeoutException
	at java.util.concurrent.FutureTask.get(FutureTask.java:205)
	at org.apache.hadoop.ozone.container.common.states.datanode.RunningDatanodeState.lambda$execute$0(RunningDatanodeState.java:149)
	at java.util.concurrent.FutureTask.run(FutureTask.java:266)
	at java.util.concurrent.Executors$RunnableAdapter.call(Executors.java:511)
	at java.util.concurrent.FutureTask.run(FutureTask.java:266)
	at java.util.concurrent.ThreadPoolExecutor.runWorker(ThreadPoolExecutor.java:1149)
	at java.util.concurrent.ThreadPoolExecutor$Worker.run(ThreadPoolExecutor.java:624)
	... 1 more
2021-10-28 03:02:38,815 [EndpointStateMachine task thread for /127.0.0.1:13023 - 0 ] INFO  ipc.Client (Client.java:handleConnectionFailure(977)) - Retrying connect to server: localhost/127.0.0.1:13023. Already tried 14 time(s); retry policy is RetryUpToMaximumCountWithFixedSleep(maxRetries=15, sleepTime=1000 MILLISECONDS)
2021-10-28 03:02:38,816 [EndpointStateMachine task thread for /127.0.0.1:13013 - 0 ] INFO  ipc.Client (Client.java:handleConnectionFailure(977)) - Retrying connect to server: localhost/127.0.0.1:13013. Already tried 14 time(s); retry policy is RetryUpToMaximumCountWithFixedSleep(maxRetries=15, sleepTime=1000 MILLISECONDS)
2021-10-28 03:02:38,819 [Listener at 127.0.0.1/11132] INFO  ozone.MiniOzoneClusterImpl (MiniOzoneClusterImpl.java:lambda$waitForClusterToBeReady$0(235)) - Waiting for nodes to be ready. Got 4 of 3 DN Heartbeats.
2021-10-28 03:02:38,819 [Listener at 127.0.0.1/11132] INFO  ozone.MiniOzoneClusterImpl (MiniOzoneClusterImpl.java:lambda$waitForClusterToBeReady$0(238)) - Cluster exits safe mode
2021-10-28 03:02:38,819 [Listener at 127.0.0.1/11132] INFO  ozone.MiniOzoneClusterImpl (MiniOzoneClusterImpl.java:lambda$waitForClusterToBeReady$0(240)) - SCM became leader
2021-10-28 03:02:38,913 [EndpointStateMachine task thread for /127.0.0.1:12189 - 0 ] INFO  ipc.Client (Client.java:handleConnectionFailure(977)) - Retrying connect to server: localhost/127.0.0.1:12189. Already tried 4 time(s); retry policy is RetryUpToMaximumCountWithFixedSleep(maxRetries=15, sleepTime=1000 MILLISECONDS)
2021-10-28 03:02:38,941 [EndpointStateMachine task thread for /127.0.0.1:12199 - 0 ] INFO  ipc.Client (Client.java:handleConnectionFailure(977)) - Retrying connect to server: localhost/127.0.0.1:12199. Already tried 4 time(s); retry policy is RetryUpToMaximumCountWithFixedSleep(maxRetries=15, sleepTime=1000 MILLISECONDS)
2021-10-28 03:02:39,098 [Datanode State Machine Daemon Thread] ERROR datanode.RunningDatanodeState (RunningDatanodeState.java:computeNextContainerState(199)) - Error in executing end point task.
java.util.concurrent.ExecutionException: java.util.concurrent.TimeoutException
	at java.util.concurrent.FutureTask.report(FutureTask.java:122)
	at java.util.concurrent.FutureTask.get(FutureTask.java:192)
	at org.apache.hadoop.ozone.container.common.states.datanode.RunningDatanodeState.computeNextContainerState(RunningDatanodeState.java:191)
	at org.apache.hadoop.ozone.container.common.states.datanode.RunningDatanodeState.await(RunningDatanodeState.java:231)
	at org.apache.hadoop.ozone.container.common.states.datanode.RunningDatanodeState.await(RunningDatanodeState.java:50)
	at org.apache.hadoop.ozone.container.common.statemachine.StateContext.execute(StateContext.java:633)
	at org.apache.hadoop.ozone.container.common.statemachine.DatanodeStateMachine.start(DatanodeStateMachine.java:280)
	at org.apache.hadoop.ozone.container.common.statemachine.DatanodeStateMachine.lambda$startDaemon$0(DatanodeStateMachine.java:468)
	at java.lang.Thread.run(Thread.java:748)
Caused by: java.util.concurrent.TimeoutException
	at java.util.concurrent.FutureTask.get(FutureTask.java:205)
	at org.apache.hadoop.ozone.container.common.states.datanode.RunningDatanodeState.lambda$execute$0(RunningDatanodeState.java:149)
	at java.util.concurrent.FutureTask.run(FutureTask.java:266)
	at java.util.concurrent.Executors$RunnableAdapter.call(Executors.java:511)
	at java.util.concurrent.FutureTask.run(FutureTask.java:266)
	at java.util.concurrent.ThreadPoolExecutor.runWorker(ThreadPoolExecutor.java:1149)
	at java.util.concurrent.ThreadPoolExecutor$Worker.run(ThreadPoolExecutor.java:624)
	... 1 more
2021-10-28 03:02:39,261 [EndpointStateMachine task thread for /127.0.0.1:12209 - 0 ] INFO  ipc.Client (Client.java:handleConnectionFailure(977)) - Retrying connect to server: localhost/127.0.0.1:12209. Already tried 1 time(s); retry policy is RetryUpToMaximumCountWithFixedSleep(maxRetries=15, sleepTime=1000 MILLISECONDS)
2021-10-28 03:02:39,816 [EndpointStateMachine task thread for /127.0.0.1:13023 - 0 ] INFO  ipc.Client (Client.java:handleConnectionFailure(977)) - Retrying connect to server: localhost/127.0.0.1:13023. Already tried 0 time(s); retry policy is RetryUpToMaximumCountWithFixedSleep(maxRetries=15, sleepTime=1000 MILLISECONDS)
2021-10-28 03:02:39,817 [EndpointStateMachine task thread for /127.0.0.1:13013 - 0 ] INFO  ipc.Client (Client.java:handleConnectionFailure(977)) - Retrying connect to server: localhost/127.0.0.1:13013. Already tried 0 time(s); retry policy is RetryUpToMaximumCountWithFixedSleep(maxRetries=15, sleepTime=1000 MILLISECONDS)
2021-10-28 03:02:39,819 [Listener at 127.0.0.1/11132] INFO  ozone.MiniOzoneClusterImpl (MiniOzoneClusterImpl.java:lambda$waitForClusterToBeReady$0(235)) - Waiting for nodes to be ready. Got 4 of 3 DN Heartbeats.
2021-10-28 03:02:39,820 [Listener at 127.0.0.1/11132] INFO  ozone.MiniOzoneClusterImpl (MiniOzoneClusterImpl.java:lambda$waitForClusterToBeReady$0(238)) - Cluster exits safe mode
2021-10-28 03:02:39,820 [Listener at 127.0.0.1/11132] INFO  ozone.MiniOzoneClusterImpl (MiniOzoneClusterImpl.java:lambda$waitForClusterToBeReady$0(240)) - SCM became leader
2021-10-28 03:02:39,914 [EndpointStateMachine task thread for /127.0.0.1:12189 - 0 ] INFO  ipc.Client (Client.java:handleConnectionFailure(977)) - Retrying connect to server: localhost/127.0.0.1:12189. Already tried 5 time(s); retry policy is RetryUpToMaximumCountWithFixedSleep(maxRetries=15, sleepTime=1000 MILLISECONDS)
2021-10-28 03:02:39,942 [EndpointStateMachine task thread for /127.0.0.1:12199 - 0 ] INFO  ipc.Client (Client.java:handleConnectionFailure(977)) - Retrying connect to server: localhost/127.0.0.1:12199. Already tried 5 time(s); retry policy is RetryUpToMaximumCountWithFixedSleep(maxRetries=15, sleepTime=1000 MILLISECONDS)
2021-10-28 03:02:40,171 [7e7f778f-92a3-4c6a-870c-2544e6325884@group-A37BCEEDED0F-FollowerState] INFO  impl.FollowerState (FollowerState.java:run(134)) - 7e7f778f-92a3-4c6a-870c-2544e6325884@group-A37BCEEDED0F-FollowerState: change to CANDIDATE, lastRpcElapsedTime:5111937476ns, electionTimeout:5111ms
2021-10-28 03:02:40,171 [7e7f778f-92a3-4c6a-870c-2544e6325884@group-A37BCEEDED0F-FollowerState] INFO  impl.RoleInfo (RoleInfo.java:shutdownFollowerState(108)) - 7e7f778f-92a3-4c6a-870c-2544e6325884: shutdown 7e7f778f-92a3-4c6a-870c-2544e6325884@group-A37BCEEDED0F-FollowerState
2021-10-28 03:02:40,171 [7e7f778f-92a3-4c6a-870c-2544e6325884@group-A37BCEEDED0F-FollowerState] INFO  server.RaftServer$Division (RaftServerImpl.java:setRole(290)) - 7e7f778f-92a3-4c6a-870c-2544e6325884@group-A37BCEEDED0F: changes role from  FOLLOWER to CANDIDATE at term 6 for changeToCandidate
2021-10-28 03:02:40,171 [7e7f778f-92a3-4c6a-870c-2544e6325884@group-A37BCEEDED0F-FollowerState] INFO  server.RaftServerConfigKeys (ConfUtils.java:logGet(44)) - raft.server.leaderelection.pre-vote = false (custom)
2021-10-28 03:02:40,171 [7e7f778f-92a3-4c6a-870c-2544e6325884@group-A37BCEEDED0F-FollowerState] INFO  impl.RoleInfo (RoleInfo.java:updateAndGet(130)) - 7e7f778f-92a3-4c6a-870c-2544e6325884: start 7e7f778f-92a3-4c6a-870c-2544e6325884@group-A37BCEEDED0F-LeaderElection53
2021-10-28 03:02:40,189 [7e7f778f-92a3-4c6a-870c-2544e6325884@group-A37BCEEDED0F-LeaderElection53] INFO  impl.LeaderElection (LeaderElection.java:askForVotes(306)) - 7e7f778f-92a3-4c6a-870c-2544e6325884@group-A37BCEEDED0F-LeaderElection53 ELECTION round 0: submit vote requests at term 7 for -1: [7e7f778f-92a3-4c6a-870c-2544e6325884|rpc:127.0.0.1:39339|priority:0, d262ff89-3d5e-4ab4-981f-dc8616a3cc4b|rpc:127.0.0.1:35379|priority:0, 91f27009-ec66-4294-9321-b0739729fb6b|rpc:127.0.0.1:38297|priority:1], old=null
2021-10-28 03:02:40,191 [grpc-default-executor-1] INFO  server.RaftServer$Division (RaftServerImpl.java:requestVote(1046)) - d262ff89-3d5e-4ab4-981f-dc8616a3cc4b@group-A37BCEEDED0F: receive requestVote(ELECTION, 7e7f778f-92a3-4c6a-870c-2544e6325884, group-A37BCEEDED0F, 7, (t:0, i:0))
2021-10-28 03:02:40,191 [grpc-default-executor-1] INFO  impl.VoteContext (VoteContext.java:log(48)) - d262ff89-3d5e-4ab4-981f-dc8616a3cc4b@group-A37BCEEDED0F-FOLLOWER: accept ELECTION from 7e7f778f-92a3-4c6a-870c-2544e6325884: our priority 0 <= candidate's priority 0
2021-10-28 03:02:40,191 [grpc-default-executor-1] INFO  server.RaftServer$Division (RaftServerImpl.java:setRole(290)) - d262ff89-3d5e-4ab4-981f-dc8616a3cc4b@group-A37BCEEDED0F: changes role from  FOLLOWER to FOLLOWER at term 7 for candidate:7e7f778f-92a3-4c6a-870c-2544e6325884
2021-10-28 03:02:40,191 [grpc-default-executor-1] INFO  impl.RoleInfo (RoleInfo.java:shutdownFollowerState(108)) - d262ff89-3d5e-4ab4-981f-dc8616a3cc4b: shutdown d262ff89-3d5e-4ab4-981f-dc8616a3cc4b@group-A37BCEEDED0F-FollowerState
2021-10-28 03:02:40,191 [grpc-default-executor-1] INFO  impl.RoleInfo (RoleInfo.java:updateAndGet(130)) - d262ff89-3d5e-4ab4-981f-dc8616a3cc4b: start d262ff89-3d5e-4ab4-981f-dc8616a3cc4b@group-A37BCEEDED0F-FollowerState
2021-10-28 03:02:40,191 [d262ff89-3d5e-4ab4-981f-dc8616a3cc4b@group-A37BCEEDED0F-FollowerState] INFO  impl.FollowerState (FollowerState.java:run(143)) - d262ff89-3d5e-4ab4-981f-dc8616a3cc4b@group-A37BCEEDED0F-FollowerState was interrupted: {}
java.lang.InterruptedException: sleep interrupted
	at java.lang.Thread.sleep(Native Method)
	at java.lang.Thread.sleep(Thread.java:340)
	at java.util.concurrent.TimeUnit.sleep(TimeUnit.java:386)
	at org.apache.ratis.util.TimeDuration.sleep(TimeDuration.java:324)
	at org.apache.ratis.util.TimeDuration.sleep(TimeDuration.java:309)
	at org.apache.ratis.server.impl.FollowerState.run(FollowerState.java:118)
2021-10-28 03:02:40,193 [grpc-default-executor-2] INFO  server.RaftServer$Division (RaftServerImpl.java:requestVote(1046)) - 91f27009-ec66-4294-9321-b0739729fb6b@group-A37BCEEDED0F: receive requestVote(ELECTION, 7e7f778f-92a3-4c6a-870c-2544e6325884, group-A37BCEEDED0F, 7, (t:0, i:0))
2021-10-28 03:02:40,193 [grpc-default-executor-2] INFO  impl.VoteContext (VoteContext.java:log(48)) - 91f27009-ec66-4294-9321-b0739729fb6b@group-A37BCEEDED0F-FOLLOWER: reject ELECTION from 7e7f778f-92a3-4c6a-870c-2544e6325884: our priority 1 > candidate's priority 0
2021-10-28 03:02:40,193 [grpc-default-executor-2] INFO  server.RaftServer$Division (RaftServerImpl.java:setRole(290)) - 91f27009-ec66-4294-9321-b0739729fb6b@group-A37BCEEDED0F: changes role from  FOLLOWER to FOLLOWER at term 7 for candidate:7e7f778f-92a3-4c6a-870c-2544e6325884
2021-10-28 03:02:40,193 [grpc-default-executor-2] INFO  impl.RoleInfo (RoleInfo.java:shutdownFollowerState(108)) - 91f27009-ec66-4294-9321-b0739729fb6b: shutdown 91f27009-ec66-4294-9321-b0739729fb6b@group-A37BCEEDED0F-FollowerState
2021-10-28 03:02:40,193 [grpc-default-executor-2] INFO  impl.RoleInfo (RoleInfo.java:updateAndGet(130)) - 91f27009-ec66-4294-9321-b0739729fb6b: start 91f27009-ec66-4294-9321-b0739729fb6b@group-A37BCEEDED0F-FollowerState
2021-10-28 03:02:40,193 [91f27009-ec66-4294-9321-b0739729fb6b@group-A37BCEEDED0F-FollowerState] INFO  impl.FollowerState (FollowerState.java:run(143)) - 91f27009-ec66-4294-9321-b0739729fb6b@group-A37BCEEDED0F-FollowerState was interrupted: {}
java.lang.InterruptedException: sleep interrupted
	at java.lang.Thread.sleep(Native Method)
	at java.lang.Thread.sleep(Thread.java:340)
	at java.util.concurrent.TimeUnit.sleep(TimeUnit.java:386)
	at org.apache.ratis.util.TimeDuration.sleep(TimeDuration.java:324)
	at org.apache.ratis.util.TimeDuration.sleep(TimeDuration.java:309)
	at org.apache.ratis.server.impl.FollowerState.run(FollowerState.java:118)
2021-10-28 03:02:40,213 [grpc-default-executor-1] INFO  server.RaftServer$Division (RaftServerImpl.java:requestVote(1078)) - d262ff89-3d5e-4ab4-981f-dc8616a3cc4b@group-A37BCEEDED0F replies to ELECTION vote request: 7e7f778f-92a3-4c6a-870c-2544e6325884<-d262ff89-3d5e-4ab4-981f-dc8616a3cc4b#0:OK-t7. Peer's state: d262ff89-3d5e-4ab4-981f-dc8616a3cc4b@group-A37BCEEDED0F:t7, leader=null, voted=7e7f778f-92a3-4c6a-870c-2544e6325884, raftlog=d262ff89-3d5e-4ab4-981f-dc8616a3cc4b@group-A37BCEEDED0F-SegmentedRaftLog:OPENED:c-1, conf=-1: [7e7f778f-92a3-4c6a-870c-2544e6325884|rpc:127.0.0.1:39339|priority:0, d262ff89-3d5e-4ab4-981f-dc8616a3cc4b|rpc:127.0.0.1:35379|priority:0, 91f27009-ec66-4294-9321-b0739729fb6b|rpc:127.0.0.1:38297|priority:1], old=null
2021-10-28 03:02:40,215 [grpc-default-executor-2] INFO  server.RaftServer$Division (RaftServerImpl.java:requestVote(1078)) - 91f27009-ec66-4294-9321-b0739729fb6b@group-A37BCEEDED0F replies to ELECTION vote request: 7e7f778f-92a3-4c6a-870c-2544e6325884<-91f27009-ec66-4294-9321-b0739729fb6b#0:FAIL-t7. Peer's state: 91f27009-ec66-4294-9321-b0739729fb6b@group-A37BCEEDED0F:t7, leader=null, voted=null, raftlog=91f27009-ec66-4294-9321-b0739729fb6b@group-A37BCEEDED0F-SegmentedRaftLog:OPENED:c-1, conf=-1: [7e7f778f-92a3-4c6a-870c-2544e6325884|rpc:127.0.0.1:39339|dataStream:|priority:0, d262ff89-3d5e-4ab4-981f-dc8616a3cc4b|rpc:127.0.0.1:35379|dataStream:|priority:0, 91f27009-ec66-4294-9321-b0739729fb6b|rpc:127.0.0.1:38297|dataStream:|priority:1], old=null
2021-10-28 03:02:40,216 [7e7f778f-92a3-4c6a-870c-2544e6325884@group-A37BCEEDED0F-LeaderElection53] INFO  impl.LeaderElection (LeaderElection.java:logAndReturn(89)) - 7e7f778f-92a3-4c6a-870c-2544e6325884@group-A37BCEEDED0F-LeaderElection53: ELECTION REJECTED received 2 response(s) and 0 exception(s):
2021-10-28 03:02:40,216 [7e7f778f-92a3-4c6a-870c-2544e6325884@group-A37BCEEDED0F-LeaderElection53] INFO  impl.LeaderElection (LeaderElection.java:logAndReturn(93)) -   Response 0: 7e7f778f-92a3-4c6a-870c-2544e6325884<-d262ff89-3d5e-4ab4-981f-dc8616a3cc4b#0:OK-t7
2021-10-28 03:02:40,216 [7e7f778f-92a3-4c6a-870c-2544e6325884@group-A37BCEEDED0F-LeaderElection53] INFO  impl.LeaderElection (LeaderElection.java:logAndReturn(93)) -   Response 1: 7e7f778f-92a3-4c6a-870c-2544e6325884<-91f27009-ec66-4294-9321-b0739729fb6b#0:FAIL-t7
2021-10-28 03:02:40,216 [7e7f778f-92a3-4c6a-870c-2544e6325884@group-A37BCEEDED0F-LeaderElection53] INFO  impl.LeaderElection (LeaderElection.java:askForVotes(308)) - 7e7f778f-92a3-4c6a-870c-2544e6325884@group-A37BCEEDED0F-LeaderElection53 ELECTION round 0: result REJECTED
2021-10-28 03:02:40,216 [7e7f778f-92a3-4c6a-870c-2544e6325884@group-A37BCEEDED0F-LeaderElection53] INFO  server.RaftServer$Division (RaftServerImpl.java:setRole(290)) - 7e7f778f-92a3-4c6a-870c-2544e6325884@group-A37BCEEDED0F: changes role from CANDIDATE to FOLLOWER at term 7 for REJECTED
2021-10-28 03:02:40,216 [7e7f778f-92a3-4c6a-870c-2544e6325884@group-A37BCEEDED0F-LeaderElection53] INFO  impl.RoleInfo (RoleInfo.java:shutdownLeaderElection(121)) - 7e7f778f-92a3-4c6a-870c-2544e6325884: shutdown 7e7f778f-92a3-4c6a-870c-2544e6325884@group-A37BCEEDED0F-LeaderElection53
2021-10-28 03:02:40,216 [7e7f778f-92a3-4c6a-870c-2544e6325884@group-A37BCEEDED0F-LeaderElection53] INFO  impl.RoleInfo (RoleInfo.java:updateAndGet(130)) - 7e7f778f-92a3-4c6a-870c-2544e6325884: start 7e7f778f-92a3-4c6a-870c-2544e6325884@group-A37BCEEDED0F-FollowerState
2021-10-28 03:02:40,264 [EndpointStateMachine task thread for /127.0.0.1:12209 - 0 ] INFO  ipc.Client (Client.java:handleConnectionFailure(977)) - Retrying connect to server: localhost/127.0.0.1:12209. Already tried 2 time(s); retry policy is RetryUpToMaximumCountWithFixedSleep(maxRetries=15, sleepTime=1000 MILLISECONDS)
2021-10-28 03:02:40,330 [Datanode State Machine Daemon Thread] ERROR datanode.RunningDatanodeState (RunningDatanodeState.java:computeNextContainerState(199)) - Error in executing end point task.
java.util.concurrent.ExecutionException: java.util.concurrent.TimeoutException
	at java.util.concurrent.FutureTask.report(FutureTask.java:122)
	at java.util.concurrent.FutureTask.get(FutureTask.java:192)
	at org.apache.hadoop.ozone.container.common.states.datanode.RunningDatanodeState.computeNextContainerState(RunningDatanodeState.java:191)
	at org.apache.hadoop.ozone.container.common.states.datanode.RunningDatanodeState.await(RunningDatanodeState.java:231)
	at org.apache.hadoop.ozone.container.common.states.datanode.RunningDatanodeState.await(RunningDatanodeState.java:50)
	at org.apache.hadoop.ozone.container.common.statemachine.StateContext.execute(StateContext.java:633)
	at org.apache.hadoop.ozone.container.common.statemachine.DatanodeStateMachine.start(DatanodeStateMachine.java:280)
	at org.apache.hadoop.ozone.container.common.statemachine.DatanodeStateMachine.lambda$startDaemon$0(DatanodeStateMachine.java:468)
	at java.lang.Thread.run(Thread.java:748)
Caused by: java.util.concurrent.TimeoutException
	at java.util.concurrent.FutureTask.get(FutureTask.java:205)
	at org.apache.hadoop.ozone.container.common.states.datanode.RunningDatanodeState.lambda$execute$0(RunningDatanodeState.java:149)
	at java.util.concurrent.FutureTask.run(FutureTask.java:266)
	at java.util.concurrent.Executors$RunnableAdapter.call(Executors.java:511)
	at java.util.concurrent.FutureTask.run(FutureTask.java:266)
	at java.util.concurrent.ThreadPoolExecutor.runWorker(ThreadPoolExecutor.java:1149)
	at java.util.concurrent.ThreadPoolExecutor$Worker.run(ThreadPoolExecutor.java:624)
	... 1 more
2021-10-28 03:02:40,817 [EndpointStateMachine task thread for /127.0.0.1:13023 - 0 ] INFO  ipc.Client (Client.java:handleConnectionFailure(977)) - Retrying connect to server: localhost/127.0.0.1:13023. Already tried 1 time(s); retry policy is RetryUpToMaximumCountWithFixedSleep(maxRetries=15, sleepTime=1000 MILLISECONDS)
2021-10-28 03:02:40,818 [EndpointStateMachine task thread for /127.0.0.1:13013 - 0 ] INFO  ipc.Client (Client.java:handleConnectionFailure(977)) - Retrying connect to server: localhost/127.0.0.1:13013. Already tried 1 time(s); retry policy is RetryUpToMaximumCountWithFixedSleep(maxRetries=15, sleepTime=1000 MILLISECONDS)
2021-10-28 03:02:40,827 [Listener at 127.0.0.1/11132] INFO  ozone.MiniOzoneClusterImpl (MiniOzoneClusterImpl.java:lambda$waitForClusterToBeReady$0(235)) - Waiting for nodes to be ready. Got 4 of 3 DN Heartbeats.
2021-10-28 03:02:40,827 [Listener at 127.0.0.1/11132] INFO  ozone.MiniOzoneClusterImpl (MiniOzoneClusterImpl.java:lambda$waitForClusterToBeReady$0(238)) - Cluster exits safe mode
2021-10-28 03:02:40,827 [Listener at 127.0.0.1/11132] INFO  ozone.MiniOzoneClusterImpl (MiniOzoneClusterImpl.java:lambda$waitForClusterToBeReady$0(240)) - SCM became leader
2021-10-28 03:02:40,914 [EndpointStateMachine task thread for /127.0.0.1:12189 - 0 ] INFO  ipc.Client (Client.java:handleConnectionFailure(977)) - Retrying connect to server: localhost/127.0.0.1:12189. Already tried 6 time(s); retry policy is RetryUpToMaximumCountWithFixedSleep(maxRetries=15, sleepTime=1000 MILLISECONDS)
2021-10-28 03:02:40,942 [EndpointStateMachine task thread for /127.0.0.1:12199 - 0 ] INFO  ipc.Client (Client.java:handleConnectionFailure(977)) - Retrying connect to server: localhost/127.0.0.1:12199. Already tried 6 time(s); retry policy is RetryUpToMaximumCountWithFixedSleep(maxRetries=15, sleepTime=1000 MILLISECONDS)
2021-10-28 03:02:41,264 [EndpointStateMachine task thread for /127.0.0.1:12209 - 0 ] INFO  ipc.Client (Client.java:handleConnectionFailure(977)) - Retrying connect to server: localhost/127.0.0.1:12209. Already tried 3 time(s); retry policy is RetryUpToMaximumCountWithFixedSleep(maxRetries=15, sleepTime=1000 MILLISECONDS)
2021-10-28 03:02:41,822 [EndpointStateMachine task thread for /127.0.0.1:13013 - 0 ] INFO  ipc.Client (Client.java:handleConnectionFailure(977)) - Retrying connect to server: localhost/127.0.0.1:13013. Already tried 2 time(s); retry policy is RetryUpToMaximumCountWithFixedSleep(maxRetries=15, sleepTime=1000 MILLISECONDS)
2021-10-28 03:02:41,826 [EndpointStateMachine task thread for /127.0.0.1:13023 - 0 ] INFO  ipc.Client (Client.java:handleConnectionFailure(977)) - Retrying connect to server: localhost/127.0.0.1:13023. Already tried 2 time(s); retry policy is RetryUpToMaximumCountWithFixedSleep(maxRetries=15, sleepTime=1000 MILLISECONDS)
2021-10-28 03:02:41,827 [Listener at 127.0.0.1/11132] INFO  ozone.MiniOzoneClusterImpl (MiniOzoneClusterImpl.java:lambda$waitForClusterToBeReady$0(235)) - Waiting for nodes to be ready. Got 4 of 3 DN Heartbeats.
2021-10-28 03:02:41,827 [Listener at 127.0.0.1/11132] INFO  ozone.MiniOzoneClusterImpl (MiniOzoneClusterImpl.java:lambda$waitForClusterToBeReady$0(238)) - Cluster exits safe mode
2021-10-28 03:02:41,828 [Listener at 127.0.0.1/11132] INFO  ozone.MiniOzoneClusterImpl (MiniOzoneClusterImpl.java:lambda$waitForClusterToBeReady$0(240)) - SCM became leader
2021-10-28 03:02:41,914 [EndpointStateMachine task thread for /127.0.0.1:12189 - 0 ] INFO  ipc.Client (Client.java:handleConnectionFailure(977)) - Retrying connect to server: localhost/127.0.0.1:12189. Already tried 7 time(s); retry policy is RetryUpToMaximumCountWithFixedSleep(maxRetries=15, sleepTime=1000 MILLISECONDS)
2021-10-28 03:02:41,942 [EndpointStateMachine task thread for /127.0.0.1:12199 - 0 ] INFO  ipc.Client (Client.java:handleConnectionFailure(977)) - Retrying connect to server: localhost/127.0.0.1:12199. Already tried 7 time(s); retry policy is RetryUpToMaximumCountWithFixedSleep(maxRetries=15, sleepTime=1000 MILLISECONDS)
2021-10-28 03:02:42,265 [EndpointStateMachine task thread for /127.0.0.1:12209 - 0 ] INFO  ipc.Client (Client.java:handleConnectionFailure(977)) - Retrying connect to server: localhost/127.0.0.1:12209. Already tried 4 time(s); retry policy is RetryUpToMaximumCountWithFixedSleep(maxRetries=15, sleepTime=1000 MILLISECONDS)
2021-10-28 03:02:42,330 [Datanode State Machine Daemon Thread] ERROR datanode.RunningDatanodeState (RunningDatanodeState.java:computeNextContainerState(199)) - Error in executing end point task.
java.util.concurrent.ExecutionException: java.util.concurrent.TimeoutException
	at java.util.concurrent.FutureTask.report(FutureTask.java:122)
	at java.util.concurrent.FutureTask.get(FutureTask.java:192)
	at org.apache.hadoop.ozone.container.common.states.datanode.RunningDatanodeState.computeNextContainerState(RunningDatanodeState.java:191)
	at org.apache.hadoop.ozone.container.common.states.datanode.RunningDatanodeState.await(RunningDatanodeState.java:231)
	at org.apache.hadoop.ozone.container.common.states.datanode.RunningDatanodeState.await(RunningDatanodeState.java:50)
	at org.apache.hadoop.ozone.container.common.statemachine.StateContext.execute(StateContext.java:633)
	at org.apache.hadoop.ozone.container.common.statemachine.DatanodeStateMachine.start(DatanodeStateMachine.java:280)
	at org.apache.hadoop.ozone.container.common.statemachine.DatanodeStateMachine.lambda$startDaemon$0(DatanodeStateMachine.java:468)
	at java.lang.Thread.run(Thread.java:748)
Caused by: java.util.concurrent.TimeoutException
	at java.util.concurrent.FutureTask.get(FutureTask.java:205)
	at org.apache.hadoop.ozone.container.common.states.datanode.RunningDatanodeState.lambda$execute$0(RunningDatanodeState.java:149)
	at java.util.concurrent.FutureTask.run(FutureTask.java:266)
	at java.util.concurrent.Executors$RunnableAdapter.call(Executors.java:511)
	at java.util.concurrent.FutureTask.run(FutureTask.java:266)
	at java.util.concurrent.ThreadPoolExecutor.runWorker(ThreadPoolExecutor.java:1149)
	at java.util.concurrent.ThreadPoolExecutor$Worker.run(ThreadPoolExecutor.java:624)
	... 1 more
2021-10-28 03:02:42,817 [Datanode State Machine Daemon Thread] ERROR datanode.RunningDatanodeState (RunningDatanodeState.java:computeNextContainerState(199)) - Error in executing end point task.
java.util.concurrent.ExecutionException: java.util.concurrent.TimeoutException
	at java.util.concurrent.FutureTask.report(FutureTask.java:122)
	at java.util.concurrent.FutureTask.get(FutureTask.java:192)
	at org.apache.hadoop.ozone.container.common.states.datanode.RunningDatanodeState.computeNextContainerState(RunningDatanodeState.java:191)
	at org.apache.hadoop.ozone.container.common.states.datanode.RunningDatanodeState.await(RunningDatanodeState.java:231)
	at org.apache.hadoop.ozone.container.common.states.datanode.RunningDatanodeState.await(RunningDatanodeState.java:50)
	at org.apache.hadoop.ozone.container.common.statemachine.StateContext.execute(StateContext.java:633)
	at org.apache.hadoop.ozone.container.common.statemachine.DatanodeStateMachine.start(DatanodeStateMachine.java:280)
	at org.apache.hadoop.ozone.container.common.statemachine.DatanodeStateMachine.lambda$startDaemon$0(DatanodeStateMachine.java:468)
	at java.lang.Thread.run(Thread.java:748)
Caused by: java.util.concurrent.TimeoutException
	at java.util.concurrent.FutureTask.get(FutureTask.java:205)
	at org.apache.hadoop.ozone.container.common.states.datanode.RunningDatanodeState.lambda$execute$0(RunningDatanodeState.java:149)
	at java.util.concurrent.FutureTask.run(FutureTask.java:266)
	at java.util.concurrent.Executors$RunnableAdapter.call(Executors.java:511)
	at java.util.concurrent.FutureTask.run(FutureTask.java:266)
	at java.util.concurrent.ThreadPoolExecutor.runWorker(ThreadPoolExecutor.java:1149)
	at java.util.concurrent.ThreadPoolExecutor$Worker.run(ThreadPoolExecutor.java:624)
	... 1 more
2021-10-28 03:02:42,828 [EndpointStateMachine task thread for /127.0.0.1:13013 - 0 ] INFO  ipc.Client (Client.java:handleConnectionFailure(977)) - Retrying connect to server: localhost/127.0.0.1:13013. Already tried 3 time(s); retry policy is RetryUpToMaximumCountWithFixedSleep(maxRetries=15, sleepTime=1000 MILLISECONDS)
2021-10-28 03:02:42,828 [EndpointStateMachine task thread for /127.0.0.1:13023 - 0 ] INFO  ipc.Client (Client.java:handleConnectionFailure(977)) - Retrying connect to server: localhost/127.0.0.1:13023. Already tried 3 time(s); retry policy is RetryUpToMaximumCountWithFixedSleep(maxRetries=15, sleepTime=1000 MILLISECONDS)
2021-10-28 03:02:42,828 [Listener at 127.0.0.1/11132] INFO  ozone.MiniOzoneClusterImpl (MiniOzoneClusterImpl.java:lambda$waitForClusterToBeReady$0(235)) - Waiting for nodes to be ready. Got 4 of 3 DN Heartbeats.
2021-10-28 03:02:42,828 [Listener at 127.0.0.1/11132] INFO  ozone.MiniOzoneClusterImpl (MiniOzoneClusterImpl.java:lambda$waitForClusterToBeReady$0(238)) - Cluster exits safe mode
2021-10-28 03:02:42,828 [Listener at 127.0.0.1/11132] INFO  ozone.MiniOzoneClusterImpl (MiniOzoneClusterImpl.java:lambda$waitForClusterToBeReady$0(240)) - SCM became leader
2021-10-28 03:02:42,922 [EndpointStateMachine task thread for /127.0.0.1:12189 - 0 ] INFO  ipc.Client (Client.java:handleConnectionFailure(977)) - Retrying connect to server: localhost/127.0.0.1:12189. Already tried 8 time(s); retry policy is RetryUpToMaximumCountWithFixedSleep(maxRetries=15, sleepTime=1000 MILLISECONDS)
2021-10-28 03:02:42,947 [EndpointStateMachine task thread for /127.0.0.1:12199 - 0 ] INFO  ipc.Client (Client.java:handleConnectionFailure(977)) - Retrying connect to server: localhost/127.0.0.1:12199. Already tried 8 time(s); retry policy is RetryUpToMaximumCountWithFixedSleep(maxRetries=15, sleepTime=1000 MILLISECONDS)
2021-10-28 03:02:43,269 [EndpointStateMachine task thread for /127.0.0.1:12209 - 0 ] INFO  ipc.Client (Client.java:handleConnectionFailure(977)) - Retrying connect to server: localhost/127.0.0.1:12209. Already tried 5 time(s); retry policy is RetryUpToMaximumCountWithFixedSleep(maxRetries=15, sleepTime=1000 MILLISECONDS)
2021-10-28 03:02:43,334 [Datanode State Machine Daemon Thread] ERROR datanode.RunningDatanodeState (RunningDatanodeState.java:computeNextContainerState(199)) - Error in executing end point task.
java.util.concurrent.ExecutionException: java.util.concurrent.TimeoutException
	at java.util.concurrent.FutureTask.report(FutureTask.java:122)
	at java.util.concurrent.FutureTask.get(FutureTask.java:192)
	at org.apache.hadoop.ozone.container.common.states.datanode.RunningDatanodeState.computeNextContainerState(RunningDatanodeState.java:191)
	at org.apache.hadoop.ozone.container.common.states.datanode.RunningDatanodeState.await(RunningDatanodeState.java:231)
	at org.apache.hadoop.ozone.container.common.states.datanode.RunningDatanodeState.await(RunningDatanodeState.java:50)
	at org.apache.hadoop.ozone.container.common.statemachine.StateContext.execute(StateContext.java:633)
	at org.apache.hadoop.ozone.container.common.statemachine.DatanodeStateMachine.start(DatanodeStateMachine.java:280)
	at org.apache.hadoop.ozone.container.common.statemachine.DatanodeStateMachine.lambda$startDaemon$0(DatanodeStateMachine.java:468)
	at java.lang.Thread.run(Thread.java:748)
Caused by: java.util.concurrent.TimeoutException
	at java.util.concurrent.FutureTask.get(FutureTask.java:205)
	at org.apache.hadoop.ozone.container.common.states.datanode.RunningDatanodeState.lambda$execute$0(RunningDatanodeState.java:149)
	at java.util.concurrent.FutureTask.run(FutureTask.java:266)
	at java.util.concurrent.Executors$RunnableAdapter.call(Executors.java:511)
	at java.util.concurrent.FutureTask.run(FutureTask.java:266)
	at java.util.concurrent.ThreadPoolExecutor.runWorker(ThreadPoolExecutor.java:1149)
	at java.util.concurrent.ThreadPoolExecutor$Worker.run(ThreadPoolExecutor.java:624)
	... 1 more
2021-10-28 03:02:43,818 [Datanode State Machine Daemon Thread] ERROR datanode.RunningDatanodeState (RunningDatanodeState.java:computeNextContainerState(199)) - Error in executing end point task.
java.util.concurrent.ExecutionException: java.util.concurrent.TimeoutException
	at java.util.concurrent.FutureTask.report(FutureTask.java:122)
	at java.util.concurrent.FutureTask.get(FutureTask.java:192)
	at org.apache.hadoop.ozone.container.common.states.datanode.RunningDatanodeState.computeNextContainerState(RunningDatanodeState.java:191)
	at org.apache.hadoop.ozone.container.common.states.datanode.RunningDatanodeState.await(RunningDatanodeState.java:231)
	at org.apache.hadoop.ozone.container.common.states.datanode.RunningDatanodeState.await(RunningDatanodeState.java:50)
	at org.apache.hadoop.ozone.container.common.statemachine.StateContext.execute(StateContext.java:633)
	at org.apache.hadoop.ozone.container.common.statemachine.DatanodeStateMachine.start(DatanodeStateMachine.java:280)
	at org.apache.hadoop.ozone.container.common.statemachine.DatanodeStateMachine.lambda$startDaemon$0(DatanodeStateMachine.java:468)
	at java.lang.Thread.run(Thread.java:748)
Caused by: java.util.concurrent.TimeoutException
	at java.util.concurrent.FutureTask.get(FutureTask.java:205)
	at org.apache.hadoop.ozone.container.common.states.datanode.RunningDatanodeState.lambda$execute$0(RunningDatanodeState.java:149)
	at java.util.concurrent.FutureTask.run(FutureTask.java:266)
	at java.util.concurrent.Executors$RunnableAdapter.call(Executors.java:511)
	at java.util.concurrent.FutureTask.run(FutureTask.java:266)
	at java.util.concurrent.ThreadPoolExecutor.runWorker(ThreadPoolExecutor.java:1149)
	at java.util.concurrent.ThreadPoolExecutor$Worker.run(ThreadPoolExecutor.java:624)
	... 1 more
2021-10-28 03:02:43,828 [EndpointStateMachine task thread for /127.0.0.1:13013 - 0 ] INFO  ipc.Client (Client.java:handleConnectionFailure(977)) - Retrying connect to server: localhost/127.0.0.1:13013. Already tried 4 time(s); retry policy is RetryUpToMaximumCountWithFixedSleep(maxRetries=15, sleepTime=1000 MILLISECONDS)
2021-10-28 03:02:43,828 [EndpointStateMachine task thread for /127.0.0.1:13023 - 0 ] INFO  ipc.Client (Client.java:handleConnectionFailure(977)) - Retrying connect to server: localhost/127.0.0.1:13023. Already tried 4 time(s); retry policy is RetryUpToMaximumCountWithFixedSleep(maxRetries=15, sleepTime=1000 MILLISECONDS)
2021-10-28 03:02:43,829 [Listener at 127.0.0.1/11132] INFO  ozone.MiniOzoneClusterImpl (MiniOzoneClusterImpl.java:lambda$waitForClusterToBeReady$0(235)) - Waiting for nodes to be ready. Got 4 of 3 DN Heartbeats.
2021-10-28 03:02:43,829 [Listener at 127.0.0.1/11132] INFO  ozone.MiniOzoneClusterImpl (MiniOzoneClusterImpl.java:lambda$waitForClusterToBeReady$0(238)) - Cluster exits safe mode
2021-10-28 03:02:43,829 [Listener at 127.0.0.1/11132] INFO  ozone.MiniOzoneClusterImpl (MiniOzoneClusterImpl.java:lambda$waitForClusterToBeReady$0(240)) - SCM became leader
2021-10-28 03:02:43,923 [EndpointStateMachine task thread for /127.0.0.1:12189 - 0 ] INFO  ipc.Client (Client.java:handleConnectionFailure(977)) - Retrying connect to server: localhost/127.0.0.1:12189. Already tried 9 time(s); retry policy is RetryUpToMaximumCountWithFixedSleep(maxRetries=15, sleepTime=1000 MILLISECONDS)
2021-10-28 03:02:43,947 [EndpointStateMachine task thread for /127.0.0.1:12199 - 0 ] INFO  ipc.Client (Client.java:handleConnectionFailure(977)) - Retrying connect to server: localhost/127.0.0.1:12199. Already tried 9 time(s); retry policy is RetryUpToMaximumCountWithFixedSleep(maxRetries=15, sleepTime=1000 MILLISECONDS)
2021-10-28 03:02:44,099 [Datanode State Machine Daemon Thread] ERROR datanode.RunningDatanodeState (RunningDatanodeState.java:computeNextContainerState(199)) - Error in executing end point task.
java.util.concurrent.ExecutionException: java.util.concurrent.TimeoutException
	at java.util.concurrent.FutureTask.report(FutureTask.java:122)
	at java.util.concurrent.FutureTask.get(FutureTask.java:192)
	at org.apache.hadoop.ozone.container.common.states.datanode.RunningDatanodeState.computeNextContainerState(RunningDatanodeState.java:191)
	at org.apache.hadoop.ozone.container.common.states.datanode.RunningDatanodeState.await(RunningDatanodeState.java:231)
	at org.apache.hadoop.ozone.container.common.states.datanode.RunningDatanodeState.await(RunningDatanodeState.java:50)
	at org.apache.hadoop.ozone.container.common.statemachine.StateContext.execute(StateContext.java:633)
	at org.apache.hadoop.ozone.container.common.statemachine.DatanodeStateMachine.start(DatanodeStateMachine.java:280)
	at org.apache.hadoop.ozone.container.common.statemachine.DatanodeStateMachine.lambda$startDaemon$0(DatanodeStateMachine.java:468)
	at java.lang.Thread.run(Thread.java:748)
Caused by: java.util.concurrent.TimeoutException
	at java.util.concurrent.FutureTask.get(FutureTask.java:205)
	at org.apache.hadoop.ozone.container.common.states.datanode.RunningDatanodeState.lambda$execute$0(RunningDatanodeState.java:149)
	at java.util.concurrent.FutureTask.run(FutureTask.java:266)
	at java.util.concurrent.Executors$RunnableAdapter.call(Executors.java:511)
	at java.util.concurrent.FutureTask.run(FutureTask.java:266)
	at java.util.concurrent.ThreadPoolExecutor.runWorker(ThreadPoolExecutor.java:1149)
	at java.util.concurrent.ThreadPoolExecutor$Worker.run(ThreadPoolExecutor.java:624)
	... 1 more
2021-10-28 03:02:44,270 [EndpointStateMachine task thread for /127.0.0.1:12209 - 0 ] INFO  ipc.Client (Client.java:handleConnectionFailure(977)) - Retrying connect to server: localhost/127.0.0.1:12209. Already tried 6 time(s); retry policy is RetryUpToMaximumCountWithFixedSleep(maxRetries=15, sleepTime=1000 MILLISECONDS)
2021-10-28 03:02:44,822 [Datanode State Machine Daemon Thread] ERROR datanode.RunningDatanodeState (RunningDatanodeState.java:computeNextContainerState(199)) - Error in executing end point task.
java.util.concurrent.ExecutionException: java.util.concurrent.TimeoutException
	at java.util.concurrent.FutureTask.report(FutureTask.java:122)
	at java.util.concurrent.FutureTask.get(FutureTask.java:192)
	at org.apache.hadoop.ozone.container.common.states.datanode.RunningDatanodeState.computeNextContainerState(RunningDatanodeState.java:191)
	at org.apache.hadoop.ozone.container.common.states.datanode.RunningDatanodeState.await(RunningDatanodeState.java:231)
	at org.apache.hadoop.ozone.container.common.states.datanode.RunningDatanodeState.await(RunningDatanodeState.java:50)
	at org.apache.hadoop.ozone.container.common.statemachine.StateContext.execute(StateContext.java:633)
	at org.apache.hadoop.ozone.container.common.statemachine.DatanodeStateMachine.start(DatanodeStateMachine.java:280)
	at org.apache.hadoop.ozone.container.common.statemachine.DatanodeStateMachine.lambda$startDaemon$0(DatanodeStateMachine.java:468)
	at java.lang.Thread.run(Thread.java:748)
Caused by: java.util.concurrent.TimeoutException
	at java.util.concurrent.FutureTask.get(FutureTask.java:205)
	at org.apache.hadoop.ozone.container.common.states.datanode.RunningDatanodeState.lambda$execute$0(RunningDatanodeState.java:149)
	at java.util.concurrent.FutureTask.run(FutureTask.java:266)
	at java.util.concurrent.Executors$RunnableAdapter.call(Executors.java:511)
	at java.util.concurrent.FutureTask.run(FutureTask.java:266)
	at java.util.concurrent.ThreadPoolExecutor.runWorker(ThreadPoolExecutor.java:1149)
	at java.util.concurrent.ThreadPoolExecutor$Worker.run(ThreadPoolExecutor.java:624)
	... 1 more
2021-10-28 03:02:44,828 [EndpointStateMachine task thread for /127.0.0.1:13013 - 0 ] INFO  ipc.Client (Client.java:handleConnectionFailure(977)) - Retrying connect to server: localhost/127.0.0.1:13013. Already tried 5 time(s); retry policy is RetryUpToMaximumCountWithFixedSleep(maxRetries=15, sleepTime=1000 MILLISECONDS)
2021-10-28 03:02:44,829 [EndpointStateMachine task thread for /127.0.0.1:13023 - 0 ] INFO  ipc.Client (Client.java:handleConnectionFailure(977)) - Retrying connect to server: localhost/127.0.0.1:13023. Already tried 5 time(s); retry policy is RetryUpToMaximumCountWithFixedSleep(maxRetries=15, sleepTime=1000 MILLISECONDS)
2021-10-28 03:02:44,829 [Listener at 127.0.0.1/11132] INFO  ozone.MiniOzoneClusterImpl (MiniOzoneClusterImpl.java:lambda$waitForClusterToBeReady$0(235)) - Waiting for nodes to be ready. Got 4 of 3 DN Heartbeats.
2021-10-28 03:02:44,830 [Listener at 127.0.0.1/11132] INFO  ozone.MiniOzoneClusterImpl (MiniOzoneClusterImpl.java:lambda$waitForClusterToBeReady$0(238)) - Cluster exits safe mode
2021-10-28 03:02:44,830 [Listener at 127.0.0.1/11132] INFO  ozone.MiniOzoneClusterImpl (MiniOzoneClusterImpl.java:lambda$waitForClusterToBeReady$0(240)) - SCM became leader
2021-10-28 03:02:44,923 [EndpointStateMachine task thread for /127.0.0.1:12189 - 0 ] INFO  ipc.Client (Client.java:handleConnectionFailure(977)) - Retrying connect to server: localhost/127.0.0.1:12189. Already tried 10 time(s); retry policy is RetryUpToMaximumCountWithFixedSleep(maxRetries=15, sleepTime=1000 MILLISECONDS)
2021-10-28 03:02:44,947 [EndpointStateMachine task thread for /127.0.0.1:12199 - 0 ] INFO  ipc.Client (Client.java:handleConnectionFailure(977)) - Retrying connect to server: localhost/127.0.0.1:12199. Already tried 10 time(s); retry policy is RetryUpToMaximumCountWithFixedSleep(maxRetries=15, sleepTime=1000 MILLISECONDS)
2021-10-28 03:02:45,270 [EndpointStateMachine task thread for /127.0.0.1:12209 - 0 ] INFO  ipc.Client (Client.java:handleConnectionFailure(977)) - Retrying connect to server: localhost/127.0.0.1:12209. Already tried 7 time(s); retry policy is RetryUpToMaximumCountWithFixedSleep(maxRetries=15, sleepTime=1000 MILLISECONDS)
2021-10-28 03:02:45,295 [91f27009-ec66-4294-9321-b0739729fb6b@group-A37BCEEDED0F-FollowerState] INFO  impl.FollowerState (FollowerState.java:run(134)) - 91f27009-ec66-4294-9321-b0739729fb6b@group-A37BCEEDED0F-FollowerState: change to CANDIDATE, lastRpcElapsedTime:5101496568ns, electionTimeout:5081ms
2021-10-28 03:02:45,295 [91f27009-ec66-4294-9321-b0739729fb6b@group-A37BCEEDED0F-FollowerState] INFO  impl.RoleInfo (RoleInfo.java:shutdownFollowerState(108)) - 91f27009-ec66-4294-9321-b0739729fb6b: shutdown 91f27009-ec66-4294-9321-b0739729fb6b@group-A37BCEEDED0F-FollowerState
2021-10-28 03:02:45,295 [91f27009-ec66-4294-9321-b0739729fb6b@group-A37BCEEDED0F-FollowerState] INFO  server.RaftServer$Division (RaftServerImpl.java:setRole(290)) - 91f27009-ec66-4294-9321-b0739729fb6b@group-A37BCEEDED0F: changes role from  FOLLOWER to CANDIDATE at term 7 for changeToCandidate
2021-10-28 03:02:45,295 [91f27009-ec66-4294-9321-b0739729fb6b@group-A37BCEEDED0F-FollowerState] INFO  server.RaftServerConfigKeys (ConfUtils.java:logGet(44)) - raft.server.leaderelection.pre-vote = false (custom)
2021-10-28 03:02:45,295 [91f27009-ec66-4294-9321-b0739729fb6b@group-A37BCEEDED0F-FollowerState] INFO  impl.RoleInfo (RoleInfo.java:updateAndGet(130)) - 91f27009-ec66-4294-9321-b0739729fb6b: start 91f27009-ec66-4294-9321-b0739729fb6b@group-A37BCEEDED0F-LeaderElection54
2021-10-28 03:02:45,300 [91f27009-ec66-4294-9321-b0739729fb6b@group-A37BCEEDED0F-LeaderElection54] INFO  impl.LeaderElection (LeaderElection.java:askForVotes(306)) - 91f27009-ec66-4294-9321-b0739729fb6b@group-A37BCEEDED0F-LeaderElection54 ELECTION round 0: submit vote requests at term 8 for -1: [7e7f778f-92a3-4c6a-870c-2544e6325884|rpc:127.0.0.1:39339|dataStream:|priority:0, d262ff89-3d5e-4ab4-981f-dc8616a3cc4b|rpc:127.0.0.1:35379|dataStream:|priority:0, 91f27009-ec66-4294-9321-b0739729fb6b|rpc:127.0.0.1:38297|dataStream:|priority:1], old=null
2021-10-28 03:02:45,303 [grpc-default-executor-1] INFO  server.RaftServer$Division (RaftServerImpl.java:requestVote(1046)) - 7e7f778f-92a3-4c6a-870c-2544e6325884@group-A37BCEEDED0F: receive requestVote(ELECTION, 91f27009-ec66-4294-9321-b0739729fb6b, group-A37BCEEDED0F, 8, (t:0, i:0))
2021-10-28 03:02:45,303 [grpc-default-executor-1] INFO  impl.VoteContext (VoteContext.java:log(48)) - 7e7f778f-92a3-4c6a-870c-2544e6325884@group-A37BCEEDED0F-FOLLOWER: accept ELECTION from 91f27009-ec66-4294-9321-b0739729fb6b: our priority 0 <= candidate's priority 1
2021-10-28 03:02:45,303 [grpc-default-executor-1] INFO  server.RaftServer$Division (RaftServerImpl.java:setRole(290)) - 7e7f778f-92a3-4c6a-870c-2544e6325884@group-A37BCEEDED0F: changes role from  FOLLOWER to FOLLOWER at term 8 for candidate:91f27009-ec66-4294-9321-b0739729fb6b
2021-10-28 03:02:45,303 [grpc-default-executor-1] INFO  impl.RoleInfo (RoleInfo.java:shutdownFollowerState(108)) - 7e7f778f-92a3-4c6a-870c-2544e6325884: shutdown 7e7f778f-92a3-4c6a-870c-2544e6325884@group-A37BCEEDED0F-FollowerState
2021-10-28 03:02:45,305 [grpc-default-executor-1] INFO  impl.RoleInfo (RoleInfo.java:updateAndGet(130)) - 7e7f778f-92a3-4c6a-870c-2544e6325884: start 7e7f778f-92a3-4c6a-870c-2544e6325884@group-A37BCEEDED0F-FollowerState
2021-10-28 03:02:45,305 [7e7f778f-92a3-4c6a-870c-2544e6325884@group-A37BCEEDED0F-FollowerState] INFO  impl.FollowerState (FollowerState.java:run(143)) - 7e7f778f-92a3-4c6a-870c-2544e6325884@group-A37BCEEDED0F-FollowerState was interrupted: {}
java.lang.InterruptedException: sleep interrupted
	at java.lang.Thread.sleep(Native Method)
	at java.lang.Thread.sleep(Thread.java:340)
	at java.util.concurrent.TimeUnit.sleep(TimeUnit.java:386)
	at org.apache.ratis.util.TimeDuration.sleep(TimeDuration.java:324)
	at org.apache.ratis.util.TimeDuration.sleep(TimeDuration.java:309)
	at org.apache.ratis.server.impl.FollowerState.run(FollowerState.java:118)
2021-10-28 03:02:45,306 [grpc-default-executor-2] INFO  server.RaftServer$Division (RaftServerImpl.java:requestVote(1046)) - d262ff89-3d5e-4ab4-981f-dc8616a3cc4b@group-A37BCEEDED0F: receive requestVote(ELECTION, 91f27009-ec66-4294-9321-b0739729fb6b, group-A37BCEEDED0F, 8, (t:0, i:0))
2021-10-28 03:02:45,306 [grpc-default-executor-2] INFO  impl.VoteContext (VoteContext.java:log(48)) - d262ff89-3d5e-4ab4-981f-dc8616a3cc4b@group-A37BCEEDED0F-FOLLOWER: accept ELECTION from 91f27009-ec66-4294-9321-b0739729fb6b: our priority 0 <= candidate's priority 1
2021-10-28 03:02:45,306 [grpc-default-executor-2] INFO  server.RaftServer$Division (RaftServerImpl.java:setRole(290)) - d262ff89-3d5e-4ab4-981f-dc8616a3cc4b@group-A37BCEEDED0F: changes role from  FOLLOWER to FOLLOWER at term 8 for candidate:91f27009-ec66-4294-9321-b0739729fb6b
2021-10-28 03:02:45,306 [grpc-default-executor-2] INFO  impl.RoleInfo (RoleInfo.java:shutdownFollowerState(108)) - d262ff89-3d5e-4ab4-981f-dc8616a3cc4b: shutdown d262ff89-3d5e-4ab4-981f-dc8616a3cc4b@group-A37BCEEDED0F-FollowerState
2021-10-28 03:02:45,307 [grpc-default-executor-2] INFO  impl.RoleInfo (RoleInfo.java:updateAndGet(130)) - d262ff89-3d5e-4ab4-981f-dc8616a3cc4b: start d262ff89-3d5e-4ab4-981f-dc8616a3cc4b@group-A37BCEEDED0F-FollowerState
2021-10-28 03:02:45,307 [d262ff89-3d5e-4ab4-981f-dc8616a3cc4b@group-A37BCEEDED0F-FollowerState] INFO  impl.FollowerState (FollowerState.java:run(143)) - d262ff89-3d5e-4ab4-981f-dc8616a3cc4b@group-A37BCEEDED0F-FollowerState was interrupted: {}
java.lang.InterruptedException: sleep interrupted
	at java.lang.Thread.sleep(Native Method)
	at java.lang.Thread.sleep(Thread.java:340)
	at java.util.concurrent.TimeUnit.sleep(TimeUnit.java:386)
	at org.apache.ratis.util.TimeDuration.sleep(TimeDuration.java:324)
	at org.apache.ratis.util.TimeDuration.sleep(TimeDuration.java:309)
	at org.apache.ratis.server.impl.FollowerState.run(FollowerState.java:118)
2021-10-28 03:02:45,309 [grpc-default-executor-1] INFO  server.RaftServer$Division (RaftServerImpl.java:requestVote(1078)) - 7e7f778f-92a3-4c6a-870c-2544e6325884@group-A37BCEEDED0F replies to ELECTION vote request: 91f27009-ec66-4294-9321-b0739729fb6b<-7e7f778f-92a3-4c6a-870c-2544e6325884#0:OK-t8. Peer's state: 7e7f778f-92a3-4c6a-870c-2544e6325884@group-A37BCEEDED0F:t8, leader=null, voted=91f27009-ec66-4294-9321-b0739729fb6b, raftlog=7e7f778f-92a3-4c6a-870c-2544e6325884@group-A37BCEEDED0F-SegmentedRaftLog:OPENED:c-1, conf=-1: [7e7f778f-92a3-4c6a-870c-2544e6325884|rpc:127.0.0.1:39339|priority:0, d262ff89-3d5e-4ab4-981f-dc8616a3cc4b|rpc:127.0.0.1:35379|priority:0, 91f27009-ec66-4294-9321-b0739729fb6b|rpc:127.0.0.1:38297|priority:1], old=null
2021-10-28 03:02:45,321 [91f27009-ec66-4294-9321-b0739729fb6b@group-A37BCEEDED0F-LeaderElection54] INFO  impl.LeaderElection (LeaderElection.java:logAndReturn(89)) - 91f27009-ec66-4294-9321-b0739729fb6b@group-A37BCEEDED0F-LeaderElection54: ELECTION PASSED received 1 response(s) and 0 exception(s):
2021-10-28 03:02:45,321 [91f27009-ec66-4294-9321-b0739729fb6b@group-A37BCEEDED0F-LeaderElection54] INFO  impl.LeaderElection (LeaderElection.java:logAndReturn(93)) -   Response 0: 91f27009-ec66-4294-9321-b0739729fb6b<-7e7f778f-92a3-4c6a-870c-2544e6325884#0:OK-t8
2021-10-28 03:02:45,321 [91f27009-ec66-4294-9321-b0739729fb6b@group-A37BCEEDED0F-LeaderElection54] INFO  impl.LeaderElection (LeaderElection.java:askForVotes(308)) - 91f27009-ec66-4294-9321-b0739729fb6b@group-A37BCEEDED0F-LeaderElection54 ELECTION round 0: result PASSED
2021-10-28 03:02:45,321 [91f27009-ec66-4294-9321-b0739729fb6b@group-A37BCEEDED0F-LeaderElection54] INFO  impl.RoleInfo (RoleInfo.java:shutdownLeaderElection(121)) - 91f27009-ec66-4294-9321-b0739729fb6b: shutdown 91f27009-ec66-4294-9321-b0739729fb6b@group-A37BCEEDED0F-LeaderElection54
2021-10-28 03:02:45,321 [91f27009-ec66-4294-9321-b0739729fb6b@group-A37BCEEDED0F-LeaderElection54] INFO  server.RaftServer$Division (RaftServerImpl.java:setRole(290)) - 91f27009-ec66-4294-9321-b0739729fb6b@group-A37BCEEDED0F: changes role from CANDIDATE to LEADER at term 8 for changeToLeader
2021-10-28 03:02:45,321 [91f27009-ec66-4294-9321-b0739729fb6b@group-A37BCEEDED0F-LeaderElection54] INFO  ratis.XceiverServerRatis (XceiverServerRatis.java:handleLeaderChangedNotification(866)) - Leader change notification received for group: group-A37BCEEDED0F with new leaderId: 91f27009-ec66-4294-9321-b0739729fb6b
2021-10-28 03:02:45,321 [91f27009-ec66-4294-9321-b0739729fb6b@group-A37BCEEDED0F-LeaderElection54] INFO  server.RaftServer$Division (ServerState.java:setLeader(285)) - 91f27009-ec66-4294-9321-b0739729fb6b@group-A37BCEEDED0F: change Leader from null to 91f27009-ec66-4294-9321-b0739729fb6b at term 8 for becomeLeader, leader elected after 41032ms
2021-10-28 03:02:45,322 [91f27009-ec66-4294-9321-b0739729fb6b@group-A37BCEEDED0F-LeaderElection54] INFO  server.RaftServerConfigKeys (ConfUtils.java:logGet(44)) - raft.server.staging.catchup.gap = 1000 (default)
2021-10-28 03:02:45,322 [91f27009-ec66-4294-9321-b0739729fb6b@group-A37BCEEDED0F-LeaderElection54] INFO  server.RaftServerConfigKeys (ConfUtils.java:logGet(44)) - raft.server.write.element-limit = 1024 (custom)
2021-10-28 03:02:45,322 [91f27009-ec66-4294-9321-b0739729fb6b@group-A37BCEEDED0F-LeaderElection54] INFO  server.RaftServerConfigKeys (ConfUtils.java:logGet(44)) - raft.server.write.byte-limit = 1024 M (=1073741824) (custom)
2021-10-28 03:02:45,322 [91f27009-ec66-4294-9321-b0739729fb6b@group-A37BCEEDED0F-LeaderElection54] INFO  server.RaftServerConfigKeys (ConfUtils.java:logGet(44)) - raft.server.watch.timeout = 180s (custom)
2021-10-28 03:02:45,322 [91f27009-ec66-4294-9321-b0739729fb6b@group-A37BCEEDED0F-LeaderElection54] INFO  server.RaftServerConfigKeys (ConfUtils.java:logGet(44)) - raft.server.watch.timeout.denomination = 1s (default)
2021-10-28 03:02:45,322 [91f27009-ec66-4294-9321-b0739729fb6b@group-A37BCEEDED0F-LeaderElection54] INFO  server.RaftServerConfigKeys (ConfUtils.java:logGet(44)) - raft.server.watch.element-limit = 65536 (default)
2021-10-28 03:02:45,322 [91f27009-ec66-4294-9321-b0739729fb6b@group-A37BCEEDED0F-LeaderElection54] INFO  server.RaftServerConfigKeys (ConfUtils.java:logGet(44)) - raft.server.write.element-limit = 1024 (custom)
2021-10-28 03:02:45,322 [91f27009-ec66-4294-9321-b0739729fb6b@group-A37BCEEDED0F-LeaderElection54] INFO  server.RaftServerConfigKeys (ConfUtils.java:logGet(44)) - raft.server.write.follower.gap.ratio.max = -1.0 (default)
2021-10-28 03:02:45,323 [91f27009-ec66-4294-9321-b0739729fb6b@group-A37BCEEDED0F-LeaderElection54] INFO  server.RaftServerConfigKeys (ConfUtils.java:logGet(44)) - raft.server.log.appender.snapshot.chunk.size.max = 16MB (=16777216) (default)
2021-10-28 03:02:45,323 [91f27009-ec66-4294-9321-b0739729fb6b@group-A37BCEEDED0F-LeaderElection54] INFO  server.RaftServerConfigKeys (ConfUtils.java:logGet(44)) - raft.server.log.appender.buffer.byte-limit = 33554432 (custom)
2021-10-28 03:02:45,323 [91f27009-ec66-4294-9321-b0739729fb6b@group-A37BCEEDED0F-LeaderElection54] INFO  server.RaftServerConfigKeys (ConfUtils.java:logGet(44)) - raft.server.log.appender.buffer.element-limit = 1 (custom)
2021-10-28 03:02:45,323 [91f27009-ec66-4294-9321-b0739729fb6b@group-A37BCEEDED0F-LeaderElection54] INFO  grpc.GrpcConfigKeys (ConfUtils.java:logGet(44)) - raft.grpc.server.leader.outstanding.appends.max = 128 (default)
2021-10-28 03:02:45,323 [91f27009-ec66-4294-9321-b0739729fb6b@group-A37BCEEDED0F-LeaderElection54] INFO  server.RaftServerConfigKeys (ConfUtils.java:logGet(44)) - raft.server.rpc.request.timeout = 60s (custom)
2021-10-28 03:02:45,323 [91f27009-ec66-4294-9321-b0739729fb6b@group-A37BCEEDED0F-LeaderElection54] INFO  server.RaftServerConfigKeys (ConfUtils.java:logGet(44)) - raft.server.log.appender.install.snapshot.enabled = false (custom)
2021-10-28 03:02:45,324 [91f27009-ec66-4294-9321-b0739729fb6b@group-A37BCEEDED0F-LeaderElection54] INFO  server.RaftServerConfigKeys (ConfUtils.java:logGet(44)) - raft.server.log.appender.snapshot.chunk.size.max = 16MB (=16777216) (default)
2021-10-28 03:02:45,324 [91f27009-ec66-4294-9321-b0739729fb6b@group-A37BCEEDED0F-LeaderElection54] INFO  server.RaftServerConfigKeys (ConfUtils.java:logGet(44)) - raft.server.log.appender.buffer.byte-limit = 33554432 (custom)
2021-10-28 03:02:45,324 [91f27009-ec66-4294-9321-b0739729fb6b@group-A37BCEEDED0F-LeaderElection54] INFO  server.RaftServerConfigKeys (ConfUtils.java:logGet(44)) - raft.server.log.appender.buffer.element-limit = 1 (custom)
2021-10-28 03:02:45,324 [91f27009-ec66-4294-9321-b0739729fb6b@group-A37BCEEDED0F-LeaderElection54] INFO  grpc.GrpcConfigKeys (ConfUtils.java:logGet(44)) - raft.grpc.server.leader.outstanding.appends.max = 128 (default)
2021-10-28 03:02:45,324 [91f27009-ec66-4294-9321-b0739729fb6b@group-A37BCEEDED0F-LeaderElection54] INFO  server.RaftServerConfigKeys (ConfUtils.java:logGet(44)) - raft.server.rpc.request.timeout = 60s (custom)
2021-10-28 03:02:45,324 [91f27009-ec66-4294-9321-b0739729fb6b@group-A37BCEEDED0F-LeaderElection54] INFO  server.RaftServerConfigKeys (ConfUtils.java:logGet(44)) - raft.server.log.appender.install.snapshot.enabled = false (custom)
2021-10-28 03:02:45,325 [91f27009-ec66-4294-9321-b0739729fb6b@group-A37BCEEDED0F-LeaderElection54] INFO  impl.RoleInfo (RoleInfo.java:updateAndGet(130)) - 91f27009-ec66-4294-9321-b0739729fb6b: start 91f27009-ec66-4294-9321-b0739729fb6b@group-A37BCEEDED0F-LeaderStateImpl
2021-10-28 03:02:45,327 [EventQueue-PipelineReportForPipelineReportHandler] INFO  pipeline.PipelineManagerImpl (PipelineManagerImpl.java:openPipeline(289)) - Pipeline Pipeline[ Id: 84d7f2bd-39d5-42c1-b154-a37bceeded0f, Nodes: d262ff89-3d5e-4ab4-981f-dc8616a3cc4b{ip: 127.0.0.1, host: localhost, ports: [REPLICATION=37093, RATIS=35379, RATIS_ADMIN=35379, RATIS_SERVER=35379, STANDALONE=40287], networkLocation: /default-rack, certSerialId: null, persistedOpState: IN_SERVICE, persistedOpStateExpiryEpochSec: 0}91f27009-ec66-4294-9321-b0739729fb6b{ip: 127.0.0.1, host: localhost, ports: [REPLICATION=40709, RATIS=38297, RATIS_ADMIN=38297, RATIS_SERVER=38297, STANDALONE=36211], networkLocation: /default-rack, certSerialId: null, persistedOpState: IN_SERVICE, persistedOpStateExpiryEpochSec: 0}7e7f778f-92a3-4c6a-870c-2544e6325884{ip: 127.0.0.1, host: localhost, ports: [REPLICATION=36889, RATIS=39339, RATIS_ADMIN=39339, RATIS_SERVER=39339, STANDALONE=37757], networkLocation: /default-rack, certSerialId: null, persistedOpState: IN_SERVICE, persistedOpStateExpiryEpochSec: 0}, ReplicationConfig: RATIS/THREE, State:ALLOCATED, leaderId:91f27009-ec66-4294-9321-b0739729fb6b, CreationTimestamp2021-10-28T03:02:01.789Z[Etc/UTC]] moved to OPEN state
2021-10-28 03:02:45,328 [EventQueue-PipelineReportForPipelineReportHandler] INFO  pipeline.PipelineManagerImpl (PipelineManagerImpl.java:openPipeline(289)) - Pipeline Pipeline[ Id: 84d7f2bd-39d5-42c1-b154-a37bceeded0f, Nodes: d262ff89-3d5e-4ab4-981f-dc8616a3cc4b{ip: 127.0.0.1, host: localhost, ports: [REPLICATION=37093, RATIS=35379, RATIS_ADMIN=35379, RATIS_SERVER=35379, STANDALONE=40287], networkLocation: /default-rack, certSerialId: null, persistedOpState: IN_SERVICE, persistedOpStateExpiryEpochSec: 0}91f27009-ec66-4294-9321-b0739729fb6b{ip: 127.0.0.1, host: localhost, ports: [REPLICATION=40709, RATIS=38297, RATIS_ADMIN=38297, RATIS_SERVER=38297, STANDALONE=36211], networkLocation: /default-rack, certSerialId: null, persistedOpState: IN_SERVICE, persistedOpStateExpiryEpochSec: 0}7e7f778f-92a3-4c6a-870c-2544e6325884{ip: 127.0.0.1, host: localhost, ports: [REPLICATION=36889, RATIS=39339, RATIS_ADMIN=39339, RATIS_SERVER=39339, STANDALONE=37757], networkLocation: /default-rack, certSerialId: null, persistedOpState: IN_SERVICE, persistedOpStateExpiryEpochSec: 0}, ReplicationConfig: RATIS/THREE, State:ALLOCATED, leaderId:91f27009-ec66-4294-9321-b0739729fb6b, CreationTimestamp2021-10-28T03:02:01.789Z[Etc/UTC]] moved to OPEN state
2021-10-28 03:02:45,328 [EventQueue-PipelineReportForPipelineReportHandler] INFO  ha.SCMHAInvocationHandler (SCMHAInvocationHandler.java:invokeRatis(113)) - Invoking method public abstract void org.apache.hadoop.hdds.scm.pipeline.PipelineStateManager.updatePipelineState(org.apache.hadoop.hdds.protocol.proto.HddsProtos$PipelineID,org.apache.hadoop.hdds.protocol.proto.HddsProtos$PipelineState) throws java.io.IOException on target org.apache.hadoop.hdds.scm.ha.SCMRatisServerImpl@73b1e6d, cost 261.82us
2021-10-28 03:02:45,328 [EventQueue-OpenPipelineForHealthyPipelineSafeModeRule] INFO  safemode.SCMSafeModeManager (HealthyPipelineSafeModeRule.java:process(124)) - SCM in safe mode. Healthy pipelines reported count is 1, required healthy pipeline reported count is 1
2021-10-28 03:02:45,328 [EventQueue-OpenPipelineForHealthyPipelineSafeModeRule] INFO  safemode.SCMSafeModeManager (SCMSafeModeManager.java:validateSafeModeExitRules(204)) - HealthyPipelineSafeModeRule rule is successfully validated
2021-10-28 03:02:45,328 [EventQueue-OpenPipelineForHealthyPipelineSafeModeRule] INFO  safemode.SCMSafeModeManager (SCMSafeModeManager.java:validateSafeModeExitRules(219)) - ScmSafeModeManager, all rules are successfully validated
2021-10-28 03:02:45,329 [EventQueue-OpenPipelineForHealthyPipelineSafeModeRule] INFO  safemode.SCMSafeModeManager (SCMSafeModeManager.java:exitSafeMode(248)) - SCM exiting safe mode.
2021-10-28 03:02:45,329 [EventQueue-OpenPipelineForHealthyPipelineSafeModeRule] WARN  events.EventQueue (EventQueue.java:fireEvent(194)) - No event handler registered for event TypedEvent{payloadType=SafeModeStatus, name='Safe mode status'}
2021-10-28 03:02:45,329 [EventQueue-OpenPipelineForHealthyPipelineSafeModeRule] INFO  ha.SCMContext (SCMContext.java:updateSafeModeStatus(205)) - Update SafeModeStatus from SafeModeStatus{safeModeStatus=true, preCheckPassed=true} to SafeModeStatus{safeModeStatus=false, preCheckPassed=true}.
2021-10-28 03:02:45,330 [grpc-default-executor-2] INFO  server.RaftServer$Division (RaftServerImpl.java:requestVote(1078)) - d262ff89-3d5e-4ab4-981f-dc8616a3cc4b@group-A37BCEEDED0F replies to ELECTION vote request: 91f27009-ec66-4294-9321-b0739729fb6b<-d262ff89-3d5e-4ab4-981f-dc8616a3cc4b#0:OK-t8. Peer's state: d262ff89-3d5e-4ab4-981f-dc8616a3cc4b@group-A37BCEEDED0F:t8, leader=null, voted=91f27009-ec66-4294-9321-b0739729fb6b, raftlog=d262ff89-3d5e-4ab4-981f-dc8616a3cc4b@group-A37BCEEDED0F-SegmentedRaftLog:OPENED:c-1, conf=-1: [7e7f778f-92a3-4c6a-870c-2544e6325884|rpc:127.0.0.1:39339|priority:0, d262ff89-3d5e-4ab4-981f-dc8616a3cc4b|rpc:127.0.0.1:35379|priority:0, 91f27009-ec66-4294-9321-b0739729fb6b|rpc:127.0.0.1:38297|priority:1], old=null
2021-10-28 03:02:45,335 [91f27009-ec66-4294-9321-b0739729fb6b@group-A37BCEEDED0F-LeaderElection54] INFO  segmented.SegmentedRaftLogWorker (SegmentedRaftLogWorker.java:startLogSegment(394)) - 91f27009-ec66-4294-9321-b0739729fb6b@group-A37BCEEDED0F-SegmentedRaftLogWorker: Starting segment from index:0
2021-10-28 03:02:45,342 [91f27009-ec66-4294-9321-b0739729fb6b@group-A37BCEEDED0F-SegmentedRaftLogWorker] INFO  segmented.SegmentedRaftLogWorker (SegmentedRaftLogWorker.java:execute(601)) - 91f27009-ec66-4294-9321-b0739729fb6b@group-A37BCEEDED0F-SegmentedRaftLogWorker: created new log segment /home/runner/work/ozone/ozone/hadoop-ozone/integration-test/target/test-dir/MiniOzoneClusterImpl-701359f1-d346-43a7-a18b-390751046f7b/datanode-2/data/ratis/84d7f2bd-39d5-42c1-b154-a37bceeded0f/current/log_inprogress_0
2021-10-28 03:02:45,343 [EventQueue-PipelineReportForPipelineReportHandler] INFO  ha.SCMHAInvocationHandler (SCMHAInvocationHandler.java:invokeRatis(113)) - Invoking method public abstract void org.apache.hadoop.hdds.scm.pipeline.PipelineStateManager.updatePipelineState(org.apache.hadoop.hdds.protocol.proto.HddsProtos$PipelineID,org.apache.hadoop.hdds.protocol.proto.HddsProtos$PipelineState) throws java.io.IOException on target org.apache.hadoop.hdds.scm.ha.SCMRatisServerImpl@5bdb3fcc, cost 15767.732us
2021-10-28 03:02:45,352 [13676ba2-e17b-4a8f-9926-6ead84168abe@group-390751046F7B-StateMachineUpdater] INFO  ha.SCMStateMachine (SCMStateMachine.java:takeSnapshot(290)) - Current Snapshot Index 17, takeSnapshot took 1 ms
2021-10-28 03:02:45,352 [13676ba2-e17b-4a8f-9926-6ead84168abe@group-390751046F7B-StateMachineUpdater] INFO  impl.StateMachineUpdater (StateMachineUpdater.java:takeSnapshot(281)) - 13676ba2-e17b-4a8f-9926-6ead84168abe@group-390751046F7B-StateMachineUpdater: Took a snapshot at index 17
2021-10-28 03:02:45,352 [13676ba2-e17b-4a8f-9926-6ead84168abe@group-390751046F7B-StateMachineUpdater] INFO  impl.StateMachineUpdater (StateMachineUpdater.java:lambda$new$0(89)) - 13676ba2-e17b-4a8f-9926-6ead84168abe@group-390751046F7B-StateMachineUpdater: snapshotIndex: updateIncreasingly 12 -> 17
2021-10-28 03:02:45,352 [13676ba2-e17b-4a8f-9926-6ead84168abe@group-390751046F7B-StateMachineUpdater] INFO  raftlog.RaftLog (RaftLogBase.java:purge(306)) - 13676ba2-e17b-4a8f-9926-6ead84168abe@group-390751046F7B-SegmentedRaftLog: purge 17
2021-10-28 03:02:45,352 [13676ba2-e17b-4a8f-9926-6ead84168abe@group-390751046F7B-StateMachineUpdater] INFO  raftlog.RaftLog (RaftLogBase.java:lambda$new$0(53)) - 13676ba2-e17b-4a8f-9926-6ead84168abe@group-390751046F7B-SegmentedRaftLog: snapshotIndex: updateIncreasingly 12 -> 17
2021-10-28 03:02:45,352 [13676ba2-e17b-4a8f-9926-6ead84168abe@group-390751046F7B-StateMachineUpdater] INFO  raftlog.RaftLog (RaftLogBase.java:lambda$new$0(53)) - 13676ba2-e17b-4a8f-9926-6ead84168abe@group-390751046F7B-SegmentedRaftLog: purgeIndex: updateToMax old=12, new=17, updated? true
2021-10-28 03:02:45,364 [91f27009-ec66-4294-9321-b0739729fb6b@group-A37BCEEDED0F-LeaderElection54] INFO  server.RaftServer$Division (ServerState.java:setRaftConf(387)) - 91f27009-ec66-4294-9321-b0739729fb6b@group-A37BCEEDED0F: set configuration 0: [7e7f778f-92a3-4c6a-870c-2544e6325884|rpc:127.0.0.1:39339|dataStream:|priority:0, d262ff89-3d5e-4ab4-981f-dc8616a3cc4b|rpc:127.0.0.1:35379|dataStream:|priority:0, 91f27009-ec66-4294-9321-b0739729fb6b|rpc:127.0.0.1:38297|dataStream:|priority:1], old=null
2021-10-28 03:02:45,377 [grpc-default-executor-2] INFO  ratis.XceiverServerRatis (XceiverServerRatis.java:handleLeaderChangedNotification(866)) - Leader change notification received for group: group-A37BCEEDED0F with new leaderId: 91f27009-ec66-4294-9321-b0739729fb6b
2021-10-28 03:02:45,377 [grpc-default-executor-2] INFO  server.RaftServer$Division (ServerState.java:setLeader(285)) - 7e7f778f-92a3-4c6a-870c-2544e6325884@group-A37BCEEDED0F: change Leader from null to 91f27009-ec66-4294-9321-b0739729fb6b at term 8 for appendEntries, leader elected after 41274ms
2021-10-28 03:02:45,380 [grpc-default-executor-0] INFO  ratis.XceiverServerRatis (XceiverServerRatis.java:handleLeaderChangedNotification(866)) - Leader change notification received for group: group-A37BCEEDED0F with new leaderId: 91f27009-ec66-4294-9321-b0739729fb6b
2021-10-28 03:02:45,380 [grpc-default-executor-0] INFO  server.RaftServer$Division (ServerState.java:setLeader(285)) - d262ff89-3d5e-4ab4-981f-dc8616a3cc4b@group-A37BCEEDED0F: change Leader from null to 91f27009-ec66-4294-9321-b0739729fb6b at term 8 for appendEntries, leader elected after 41225ms
2021-10-28 03:02:45,392 [grpc-default-executor-2] INFO  server.RaftServer$Division (ServerState.java:setRaftConf(387)) - 7e7f778f-92a3-4c6a-870c-2544e6325884@group-A37BCEEDED0F: set configuration 0: [7e7f778f-92a3-4c6a-870c-2544e6325884|rpc:127.0.0.1:39339|dataStream:|priority:0, d262ff89-3d5e-4ab4-981f-dc8616a3cc4b|rpc:127.0.0.1:35379|dataStream:|priority:0, 91f27009-ec66-4294-9321-b0739729fb6b|rpc:127.0.0.1:38297|dataStream:|priority:1], old=null
2021-10-28 03:02:45,393 [grpc-default-executor-2] INFO  segmented.SegmentedRaftLogWorker (SegmentedRaftLogWorker.java:startLogSegment(394)) - 7e7f778f-92a3-4c6a-870c-2544e6325884@group-A37BCEEDED0F-SegmentedRaftLogWorker: Starting segment from index:0
2021-10-28 03:02:45,394 [grpc-default-executor-0] INFO  server.RaftServer$Division (ServerState.java:setRaftConf(387)) - d262ff89-3d5e-4ab4-981f-dc8616a3cc4b@group-A37BCEEDED0F: set configuration 0: [7e7f778f-92a3-4c6a-870c-2544e6325884|rpc:127.0.0.1:39339|dataStream:|priority:0, d262ff89-3d5e-4ab4-981f-dc8616a3cc4b|rpc:127.0.0.1:35379|dataStream:|priority:0, 91f27009-ec66-4294-9321-b0739729fb6b|rpc:127.0.0.1:38297|dataStream:|priority:1], old=null
2021-10-28 03:02:45,395 [grpc-default-executor-0] INFO  segmented.SegmentedRaftLogWorker (SegmentedRaftLogWorker.java:startLogSegment(394)) - d262ff89-3d5e-4ab4-981f-dc8616a3cc4b@group-A37BCEEDED0F-SegmentedRaftLogWorker: Starting segment from index:0
2021-10-28 03:02:45,396 [7e7f778f-92a3-4c6a-870c-2544e6325884@group-A37BCEEDED0F-SegmentedRaftLogWorker] INFO  segmented.SegmentedRaftLogWorker (SegmentedRaftLogWorker.java:execute(601)) - 7e7f778f-92a3-4c6a-870c-2544e6325884@group-A37BCEEDED0F-SegmentedRaftLogWorker: created new log segment /home/runner/work/ozone/ozone/hadoop-ozone/integration-test/target/test-dir/MiniOzoneClusterImpl-701359f1-d346-43a7-a18b-390751046f7b/datanode-1/data/ratis/84d7f2bd-39d5-42c1-b154-a37bceeded0f/current/log_inprogress_0
2021-10-28 03:02:45,425 [d262ff89-3d5e-4ab4-981f-dc8616a3cc4b@group-A37BCEEDED0F-SegmentedRaftLogWorker] INFO  segmented.SegmentedRaftLogWorker (SegmentedRaftLogWorker.java:execute(601)) - d262ff89-3d5e-4ab4-981f-dc8616a3cc4b@group-A37BCEEDED0F-SegmentedRaftLogWorker: created new log segment /home/runner/work/ozone/ozone/hadoop-ozone/integration-test/target/test-dir/MiniOzoneClusterImpl-701359f1-d346-43a7-a18b-390751046f7b/datanode-0/data/ratis/84d7f2bd-39d5-42c1-b154-a37bceeded0f/current/log_inprogress_0
2021-10-28 03:02:45,829 [EndpointStateMachine task thread for /127.0.0.1:13013 - 0 ] INFO  ipc.Client (Client.java:handleConnectionFailure(977)) - Retrying connect to server: localhost/127.0.0.1:13013. Already tried 6 time(s); retry policy is RetryUpToMaximumCountWithFixedSleep(maxRetries=15, sleepTime=1000 MILLISECONDS)
2021-10-28 03:02:45,829 [EndpointStateMachine task thread for /127.0.0.1:13023 - 0 ] INFO  ipc.Client (Client.java:handleConnectionFailure(977)) - Retrying connect to server: localhost/127.0.0.1:13023. Already tried 6 time(s); retry policy is RetryUpToMaximumCountWithFixedSleep(maxRetries=15, sleepTime=1000 MILLISECONDS)
2021-10-28 03:02:45,830 [Listener at 127.0.0.1/11132] INFO  ozone.MiniOzoneClusterImpl (MiniOzoneClusterImpl.java:lambda$waitForClusterToBeReady$0(235)) - Waiting for nodes to be ready. Got 4 of 3 DN Heartbeats.
2021-10-28 03:02:45,830 [Listener at 127.0.0.1/11132] INFO  ozone.MiniOzoneClusterImpl (MiniOzoneClusterImpl.java:lambda$waitForClusterToBeReady$0(238)) - Cluster exits safe mode
2021-10-28 03:02:45,830 [Listener at 127.0.0.1/11132] INFO  ozone.MiniOzoneClusterImpl (MiniOzoneClusterImpl.java:lambda$waitForClusterToBeReady$0(240)) - SCM became leader
2021-10-28 03:02:45,924 [EndpointStateMachine task thread for /127.0.0.1:12189 - 0 ] INFO  ipc.Client (Client.java:handleConnectionFailure(977)) - Retrying connect to server: localhost/127.0.0.1:12189. Already tried 11 time(s); retry policy is RetryUpToMaximumCountWithFixedSleep(maxRetries=15, sleepTime=1000 MILLISECONDS)
2021-10-28 03:02:45,948 [EndpointStateMachine task thread for /127.0.0.1:12199 - 0 ] INFO  ipc.Client (Client.java:handleConnectionFailure(977)) - Retrying connect to server: localhost/127.0.0.1:12199. Already tried 11 time(s); retry policy is RetryUpToMaximumCountWithFixedSleep(maxRetries=15, sleepTime=1000 MILLISECONDS)
2021-10-28 03:02:46,100 [Datanode State Machine Daemon Thread] ERROR datanode.RunningDatanodeState (RunningDatanodeState.java:computeNextContainerState(199)) - Error in executing end point task.
java.util.concurrent.ExecutionException: java.util.concurrent.TimeoutException
	at java.util.concurrent.FutureTask.report(FutureTask.java:122)
	at java.util.concurrent.FutureTask.get(FutureTask.java:192)
	at org.apache.hadoop.ozone.container.common.states.datanode.RunningDatanodeState.computeNextContainerState(RunningDatanodeState.java:191)
	at org.apache.hadoop.ozone.container.common.states.datanode.RunningDatanodeState.await(RunningDatanodeState.java:231)
	at org.apache.hadoop.ozone.container.common.states.datanode.RunningDatanodeState.await(RunningDatanodeState.java:50)
	at org.apache.hadoop.ozone.container.common.statemachine.StateContext.execute(StateContext.java:633)
	at org.apache.hadoop.ozone.container.common.statemachine.DatanodeStateMachine.start(DatanodeStateMachine.java:280)
	at org.apache.hadoop.ozone.container.common.statemachine.DatanodeStateMachine.lambda$startDaemon$0(DatanodeStateMachine.java:468)
	at java.lang.Thread.run(Thread.java:748)
Caused by: java.util.concurrent.TimeoutException
	at java.util.concurrent.FutureTask.get(FutureTask.java:205)
	at org.apache.hadoop.ozone.container.common.states.datanode.RunningDatanodeState.lambda$execute$0(RunningDatanodeState.java:149)
	at java.util.concurrent.FutureTask.run(FutureTask.java:266)
	at java.util.concurrent.Executors$RunnableAdapter.call(Executors.java:511)
	at java.util.concurrent.FutureTask.run(FutureTask.java:266)
	at java.util.concurrent.ThreadPoolExecutor.runWorker(ThreadPoolExecutor.java:1149)
	at java.util.concurrent.ThreadPoolExecutor$Worker.run(ThreadPoolExecutor.java:624)
	... 1 more
2021-10-28 03:02:46,271 [EndpointStateMachine task thread for /127.0.0.1:12209 - 0 ] INFO  ipc.Client (Client.java:handleConnectionFailure(977)) - Retrying connect to server: localhost/127.0.0.1:12209. Already tried 8 time(s); retry policy is RetryUpToMaximumCountWithFixedSleep(maxRetries=15, sleepTime=1000 MILLISECONDS)
2021-10-28 03:02:46,824 [Datanode State Machine Daemon Thread] ERROR datanode.RunningDatanodeState (RunningDatanodeState.java:computeNextContainerState(199)) - Error in executing end point task.
java.util.concurrent.ExecutionException: java.util.concurrent.TimeoutException
	at java.util.concurrent.FutureTask.report(FutureTask.java:122)
	at java.util.concurrent.FutureTask.get(FutureTask.java:192)
	at org.apache.hadoop.ozone.container.common.states.datanode.RunningDatanodeState.computeNextContainerState(RunningDatanodeState.java:191)
	at org.apache.hadoop.ozone.container.common.states.datanode.RunningDatanodeState.await(RunningDatanodeState.java:231)
	at org.apache.hadoop.ozone.container.common.states.datanode.RunningDatanodeState.await(RunningDatanodeState.java:50)
	at org.apache.hadoop.ozone.container.common.statemachine.StateContext.execute(StateContext.java:633)
	at org.apache.hadoop.ozone.container.common.statemachine.DatanodeStateMachine.start(DatanodeStateMachine.java:280)
	at org.apache.hadoop.ozone.container.common.statemachine.DatanodeStateMachine.lambda$startDaemon$0(DatanodeStateMachine.java:468)
	at java.lang.Thread.run(Thread.java:748)
Caused by: java.util.concurrent.TimeoutException
	at java.util.concurrent.FutureTask.get(FutureTask.java:205)
	at org.apache.hadoop.ozone.container.common.states.datanode.RunningDatanodeState.lambda$execute$0(RunningDatanodeState.java:149)
	at java.util.concurrent.FutureTask.run(FutureTask.java:266)
	at java.util.concurrent.Executors$RunnableAdapter.call(Executors.java:511)
	at java.util.concurrent.FutureTask.run(FutureTask.java:266)
	at java.util.concurrent.ThreadPoolExecutor.runWorker(ThreadPoolExecutor.java:1149)
	at java.util.concurrent.ThreadPoolExecutor$Worker.run(ThreadPoolExecutor.java:624)
	... 1 more
2021-10-28 03:02:46,830 [EndpointStateMachine task thread for /127.0.0.1:13023 - 0 ] INFO  ipc.Client (Client.java:handleConnectionFailure(977)) - Retrying connect to server: localhost/127.0.0.1:13023. Already tried 7 time(s); retry policy is RetryUpToMaximumCountWithFixedSleep(maxRetries=15, sleepTime=1000 MILLISECONDS)
2021-10-28 03:02:46,830 [EndpointStateMachine task thread for /127.0.0.1:13013 - 0 ] INFO  ipc.Client (Client.java:handleConnectionFailure(977)) - Retrying connect to server: localhost/127.0.0.1:13013. Already tried 7 time(s); retry policy is RetryUpToMaximumCountWithFixedSleep(maxRetries=15, sleepTime=1000 MILLISECONDS)
2021-10-28 03:02:46,831 [Listener at 127.0.0.1/11132] INFO  ozone.MiniOzoneClusterImpl (MiniOzoneClusterImpl.java:lambda$waitForClusterToBeReady$0(235)) - Waiting for nodes to be ready. Got 4 of 3 DN Heartbeats.
2021-10-28 03:02:46,831 [Listener at 127.0.0.1/11132] INFO  ozone.MiniOzoneClusterImpl (MiniOzoneClusterImpl.java:lambda$waitForClusterToBeReady$0(238)) - Cluster exits safe mode
2021-10-28 03:02:46,831 [Listener at 127.0.0.1/11132] INFO  ozone.MiniOzoneClusterImpl (MiniOzoneClusterImpl.java:lambda$waitForClusterToBeReady$0(240)) - SCM became leader
2021-10-28 03:02:46,924 [EndpointStateMachine task thread for /127.0.0.1:12189 - 0 ] INFO  ipc.Client (Client.java:handleConnectionFailure(977)) - Retrying connect to server: localhost/127.0.0.1:12189. Already tried 12 time(s); retry policy is RetryUpToMaximumCountWithFixedSleep(maxRetries=15, sleepTime=1000 MILLISECONDS)
2021-10-28 03:02:46,948 [EndpointStateMachine task thread for /127.0.0.1:12199 - 0 ] INFO  ipc.Client (Client.java:handleConnectionFailure(977)) - Retrying connect to server: localhost/127.0.0.1:12199. Already tried 12 time(s); retry policy is RetryUpToMaximumCountWithFixedSleep(maxRetries=15, sleepTime=1000 MILLISECONDS)
2021-10-28 03:02:47,101 [Datanode State Machine Daemon Thread] ERROR datanode.RunningDatanodeState (RunningDatanodeState.java:computeNextContainerState(199)) - Error in executing end point task.
java.util.concurrent.ExecutionException: java.util.concurrent.TimeoutException
	at java.util.concurrent.FutureTask.report(FutureTask.java:122)
	at java.util.concurrent.FutureTask.get(FutureTask.java:192)
	at org.apache.hadoop.ozone.container.common.states.datanode.RunningDatanodeState.computeNextContainerState(RunningDatanodeState.java:191)
	at org.apache.hadoop.ozone.container.common.states.datanode.RunningDatanodeState.await(RunningDatanodeState.java:231)
	at org.apache.hadoop.ozone.container.common.states.datanode.RunningDatanodeState.await(RunningDatanodeState.java:50)
	at org.apache.hadoop.ozone.container.common.statemachine.StateContext.execute(StateContext.java:633)
	at org.apache.hadoop.ozone.container.common.statemachine.DatanodeStateMachine.start(DatanodeStateMachine.java:280)
	at org.apache.hadoop.ozone.container.common.statemachine.DatanodeStateMachine.lambda$startDaemon$0(DatanodeStateMachine.java:468)
	at java.lang.Thread.run(Thread.java:748)
Caused by: java.util.concurrent.TimeoutException
	at java.util.concurrent.FutureTask.get(FutureTask.java:205)
	at org.apache.hadoop.ozone.container.common.states.datanode.RunningDatanodeState.lambda$execute$0(RunningDatanodeState.java:149)
	at java.util.concurrent.FutureTask.run(FutureTask.java:266)
	at java.util.concurrent.Executors$RunnableAdapter.call(Executors.java:511)
	at java.util.concurrent.FutureTask.run(FutureTask.java:266)
	at java.util.concurrent.ThreadPoolExecutor.runWorker(ThreadPoolExecutor.java:1149)
	at java.util.concurrent.ThreadPoolExecutor$Worker.run(ThreadPoolExecutor.java:624)
	... 1 more
2021-10-28 03:02:47,271 [EndpointStateMachine task thread for /127.0.0.1:12209 - 0 ] INFO  ipc.Client (Client.java:handleConnectionFailure(977)) - Retrying connect to server: localhost/127.0.0.1:12209. Already tried 9 time(s); retry policy is RetryUpToMaximumCountWithFixedSleep(maxRetries=15, sleepTime=1000 MILLISECONDS)
2021-10-28 03:02:47,830 [EndpointStateMachine task thread for /127.0.0.1:13023 - 0 ] INFO  ipc.Client (Client.java:handleConnectionFailure(977)) - Retrying connect to server: localhost/127.0.0.1:13023. Already tried 8 time(s); retry policy is RetryUpToMaximumCountWithFixedSleep(maxRetries=15, sleepTime=1000 MILLISECONDS)
2021-10-28 03:02:47,830 [EndpointStateMachine task thread for /127.0.0.1:13013 - 0 ] INFO  ipc.Client (Client.java:handleConnectionFailure(977)) - Retrying connect to server: localhost/127.0.0.1:13013. Already tried 8 time(s); retry policy is RetryUpToMaximumCountWithFixedSleep(maxRetries=15, sleepTime=1000 MILLISECONDS)
2021-10-28 03:02:47,831 [Listener at 127.0.0.1/11132] INFO  ozone.MiniOzoneClusterImpl (MiniOzoneClusterImpl.java:lambda$waitForClusterToBeReady$0(235)) - Waiting for nodes to be ready. Got 4 of 3 DN Heartbeats.
2021-10-28 03:02:47,831 [Listener at 127.0.0.1/11132] INFO  ozone.MiniOzoneClusterImpl (MiniOzoneClusterImpl.java:lambda$waitForClusterToBeReady$0(238)) - Cluster exits safe mode
2021-10-28 03:02:47,832 [Listener at 127.0.0.1/11132] INFO  ozone.MiniOzoneClusterImpl (MiniOzoneClusterImpl.java:lambda$waitForClusterToBeReady$0(240)) - SCM became leader
2021-10-28 03:02:47,925 [EndpointStateMachine task thread for /127.0.0.1:12189 - 0 ] INFO  ipc.Client (Client.java:handleConnectionFailure(977)) - Retrying connect to server: localhost/127.0.0.1:12189. Already tried 13 time(s); retry policy is RetryUpToMaximumCountWithFixedSleep(maxRetries=15, sleepTime=1000 MILLISECONDS)
2021-10-28 03:02:47,949 [EndpointStateMachine task thread for /127.0.0.1:12199 - 0 ] INFO  ipc.Client (Client.java:handleConnectionFailure(977)) - Retrying connect to server: localhost/127.0.0.1:12199. Already tried 13 time(s); retry policy is RetryUpToMaximumCountWithFixedSleep(maxRetries=15, sleepTime=1000 MILLISECONDS)
2021-10-28 03:02:48,101 [Datanode State Machine Daemon Thread] ERROR datanode.RunningDatanodeState (RunningDatanodeState.java:computeNextContainerState(199)) - Error in executing end point task.
java.util.concurrent.ExecutionException: java.util.concurrent.TimeoutException
	at java.util.concurrent.FutureTask.report(FutureTask.java:122)
	at java.util.concurrent.FutureTask.get(FutureTask.java:192)
	at org.apache.hadoop.ozone.container.common.states.datanode.RunningDatanodeState.computeNextContainerState(RunningDatanodeState.java:191)
	at org.apache.hadoop.ozone.container.common.states.datanode.RunningDatanodeState.await(RunningDatanodeState.java:231)
	at org.apache.hadoop.ozone.container.common.states.datanode.RunningDatanodeState.await(RunningDatanodeState.java:50)
	at org.apache.hadoop.ozone.container.common.statemachine.StateContext.execute(StateContext.java:633)
	at org.apache.hadoop.ozone.container.common.statemachine.DatanodeStateMachine.start(DatanodeStateMachine.java:280)
	at org.apache.hadoop.ozone.container.common.statemachine.DatanodeStateMachine.lambda$startDaemon$0(DatanodeStateMachine.java:468)
	at java.lang.Thread.run(Thread.java:748)
Caused by: java.util.concurrent.TimeoutException
	at java.util.concurrent.FutureTask.get(FutureTask.java:205)
	at org.apache.hadoop.ozone.container.common.states.datanode.RunningDatanodeState.lambda$execute$0(RunningDatanodeState.java:149)
	at java.util.concurrent.FutureTask.run(FutureTask.java:266)
	at java.util.concurrent.Executors$RunnableAdapter.call(Executors.java:511)
	at java.util.concurrent.FutureTask.run(FutureTask.java:266)
	at java.util.concurrent.ThreadPoolExecutor.runWorker(ThreadPoolExecutor.java:1149)
	at java.util.concurrent.ThreadPoolExecutor$Worker.run(ThreadPoolExecutor.java:624)
	... 1 more
2021-10-28 03:02:48,272 [EndpointStateMachine task thread for /127.0.0.1:12209 - 0 ] INFO  ipc.Client (Client.java:handleConnectionFailure(977)) - Retrying connect to server: localhost/127.0.0.1:12209. Already tried 10 time(s); retry policy is RetryUpToMaximumCountWithFixedSleep(maxRetries=15, sleepTime=1000 MILLISECONDS)
2021-10-28 03:02:48,824 [Datanode State Machine Daemon Thread] ERROR datanode.RunningDatanodeState (RunningDatanodeState.java:computeNextContainerState(199)) - Error in executing end point task.
java.util.concurrent.ExecutionException: java.util.concurrent.TimeoutException
	at java.util.concurrent.FutureTask.report(FutureTask.java:122)
	at java.util.concurrent.FutureTask.get(FutureTask.java:192)
	at org.apache.hadoop.ozone.container.common.states.datanode.RunningDatanodeState.computeNextContainerState(RunningDatanodeState.java:191)
	at org.apache.hadoop.ozone.container.common.states.datanode.RunningDatanodeState.await(RunningDatanodeState.java:231)
	at org.apache.hadoop.ozone.container.common.states.datanode.RunningDatanodeState.await(RunningDatanodeState.java:50)
	at org.apache.hadoop.ozone.container.common.statemachine.StateContext.execute(StateContext.java:633)
	at org.apache.hadoop.ozone.container.common.statemachine.DatanodeStateMachine.start(DatanodeStateMachine.java:280)
	at org.apache.hadoop.ozone.container.common.statemachine.DatanodeStateMachine.lambda$startDaemon$0(DatanodeStateMachine.java:468)
	at java.lang.Thread.run(Thread.java:748)
Caused by: java.util.concurrent.TimeoutException
	at java.util.concurrent.FutureTask.get(FutureTask.java:205)
	at org.apache.hadoop.ozone.container.common.states.datanode.RunningDatanodeState.lambda$execute$0(RunningDatanodeState.java:149)
	at java.util.concurrent.FutureTask.run(FutureTask.java:266)
	at java.util.concurrent.Executors$RunnableAdapter.call(Executors.java:511)
	at java.util.concurrent.FutureTask.run(FutureTask.java:266)
	at java.util.concurrent.ThreadPoolExecutor.runWorker(ThreadPoolExecutor.java:1149)
	at java.util.concurrent.ThreadPoolExecutor$Worker.run(ThreadPoolExecutor.java:624)
	... 1 more
2021-10-28 03:02:48,831 [EndpointStateMachine task thread for /127.0.0.1:13023 - 0 ] INFO  ipc.Client (Client.java:handleConnectionFailure(977)) - Retrying connect to server: localhost/127.0.0.1:13023. Already tried 9 time(s); retry policy is RetryUpToMaximumCountWithFixedSleep(maxRetries=15, sleepTime=1000 MILLISECONDS)
2021-10-28 03:02:48,831 [EndpointStateMachine task thread for /127.0.0.1:13013 - 0 ] INFO  ipc.Client (Client.java:handleConnectionFailure(977)) - Retrying connect to server: localhost/127.0.0.1:13013. Already tried 9 time(s); retry policy is RetryUpToMaximumCountWithFixedSleep(maxRetries=15, sleepTime=1000 MILLISECONDS)
2021-10-28 03:02:48,832 [Listener at 127.0.0.1/11132] INFO  ozone.MiniOzoneClusterImpl (MiniOzoneClusterImpl.java:lambda$waitForClusterToBeReady$0(235)) - Waiting for nodes to be ready. Got 4 of 3 DN Heartbeats.
2021-10-28 03:02:48,832 [Listener at 127.0.0.1/11132] INFO  ozone.MiniOzoneClusterImpl (MiniOzoneClusterImpl.java:lambda$waitForClusterToBeReady$0(238)) - Cluster exits safe mode
2021-10-28 03:02:48,832 [Listener at 127.0.0.1/11132] INFO  ozone.MiniOzoneClusterImpl (MiniOzoneClusterImpl.java:lambda$waitForClusterToBeReady$0(240)) - SCM became leader
2021-10-28 03:02:48,926 [EndpointStateMachine task thread for /127.0.0.1:12189 - 0 ] INFO  ipc.Client (Client.java:handleConnectionFailure(977)) - Retrying connect to server: localhost/127.0.0.1:12189. Already tried 14 time(s); retry policy is RetryUpToMaximumCountWithFixedSleep(maxRetries=15, sleepTime=1000 MILLISECONDS)
2021-10-28 03:02:48,926 [EndpointStateMachine task thread for /127.0.0.1:12189 - 0 ] WARN  statemachine.EndpointStateMachine (EndpointStateMachine.java:logIfNeeded(236)) - Unable to communicate to SCM server at localhost:12189 for past 0 seconds.
java.net.ConnectException: Call From fv-az184-410/10.1.0.63 to localhost:12189 failed on connection exception: java.net.ConnectException: Connection refused; For more details see:  http://wiki.apache.org/hadoop/ConnectionRefused
	at sun.reflect.GeneratedConstructorAccessor44.newInstance(Unknown Source)
	at sun.reflect.DelegatingConstructorAccessorImpl.newInstance(DelegatingConstructorAccessorImpl.java:45)
	at java.lang.reflect.Constructor.newInstance(Constructor.java:423)
	at org.apache.hadoop.net.NetUtils.wrapWithMessage(NetUtils.java:913)
	at org.apache.hadoop.net.NetUtils.wrapException(NetUtils.java:828)
	at org.apache.hadoop.ipc.Client.getRpcResponse(Client.java:1577)
	at org.apache.hadoop.ipc.Client.call(Client.java:1519)
	at org.apache.hadoop.ipc.Client.call(Client.java:1416)
	at org.apache.hadoop.ipc.ProtobufRpcEngine$Invoker.invoke(ProtobufRpcEngine.java:236)
	at org.apache.hadoop.ipc.ProtobufRpcEngine$Invoker.invoke(ProtobufRpcEngine.java:123)
	at com.sun.proxy.$Proxy48.submitRequest(Unknown Source)
	at org.apache.hadoop.ozone.protocolPB.StorageContainerDatanodeProtocolClientSideTranslatorPB.submitRequest(StorageContainerDatanodeProtocolClientSideTranslatorPB.java:117)
	at org.apache.hadoop.ozone.protocolPB.StorageContainerDatanodeProtocolClientSideTranslatorPB.sendHeartbeat(StorageContainerDatanodeProtocolClientSideTranslatorPB.java:149)
	at org.apache.hadoop.ozone.container.common.states.endpoint.HeartbeatEndpointTask.call(HeartbeatEndpointTask.java:179)
	at org.apache.hadoop.ozone.container.common.states.endpoint.HeartbeatEndpointTask.call(HeartbeatEndpointTask.java:82)
	at java.util.concurrent.FutureTask.run(FutureTask.java:266)
	at java.util.concurrent.ThreadPoolExecutor.runWorker(ThreadPoolExecutor.java:1149)
	at java.util.concurrent.ThreadPoolExecutor$Worker.run(ThreadPoolExecutor.java:624)
	at java.lang.Thread.run(Thread.java:748)
Caused by: java.net.ConnectException: Connection refused
	at sun.nio.ch.SocketChannelImpl.checkConnect(Native Method)
	at sun.nio.ch.SocketChannelImpl.finishConnect(SocketChannelImpl.java:716)
	at org.apache.hadoop.net.SocketIOWithTimeout.connect(SocketIOWithTimeout.java:206)
	at org.apache.hadoop.net.NetUtils.connect(NetUtils.java:586)
	at org.apache.hadoop.ipc.Client$Connection.setupConnection(Client.java:701)
	at org.apache.hadoop.ipc.Client$Connection.setupIOstreams(Client.java:822)
	at org.apache.hadoop.ipc.Client$Connection.access$3800(Client.java:414)
	at org.apache.hadoop.ipc.Client.getConnection(Client.java:1647)
	at org.apache.hadoop.ipc.Client.call(Client.java:1463)
	... 12 more
2021-10-28 03:02:48,949 [EndpointStateMachine task thread for /127.0.0.1:12199 - 0 ] INFO  ipc.Client (Client.java:handleConnectionFailure(977)) - Retrying connect to server: localhost/127.0.0.1:12199. Already tried 14 time(s); retry policy is RetryUpToMaximumCountWithFixedSleep(maxRetries=15, sleepTime=1000 MILLISECONDS)
2021-10-28 03:02:49,272 [EndpointStateMachine task thread for /127.0.0.1:12209 - 0 ] INFO  ipc.Client (Client.java:handleConnectionFailure(977)) - Retrying connect to server: localhost/127.0.0.1:12209. Already tried 11 time(s); retry policy is RetryUpToMaximumCountWithFixedSleep(maxRetries=15, sleepTime=1000 MILLISECONDS)
2021-10-28 03:02:49,326 [Datanode State Machine Daemon Thread] ERROR datanode.RunningDatanodeState (RunningDatanodeState.java:computeNextContainerState(199)) - Error in executing end point task.
java.util.concurrent.ExecutionException: java.util.concurrent.TimeoutException
	at java.util.concurrent.FutureTask.report(FutureTask.java:122)
	at java.util.concurrent.FutureTask.get(FutureTask.java:192)
	at org.apache.hadoop.ozone.container.common.states.datanode.RunningDatanodeState.computeNextContainerState(RunningDatanodeState.java:191)
	at org.apache.hadoop.ozone.container.common.states.datanode.RunningDatanodeState.await(RunningDatanodeState.java:231)
	at org.apache.hadoop.ozone.container.common.states.datanode.RunningDatanodeState.await(RunningDatanodeState.java:50)
	at org.apache.hadoop.ozone.container.common.statemachine.StateContext.execute(StateContext.java:633)
	at org.apache.hadoop.ozone.container.common.statemachine.DatanodeStateMachine.start(DatanodeStateMachine.java:280)
	at org.apache.hadoop.ozone.container.common.statemachine.DatanodeStateMachine.lambda$startDaemon$0(DatanodeStateMachine.java:468)
	at java.lang.Thread.run(Thread.java:748)
Caused by: java.util.concurrent.TimeoutException
	at java.util.concurrent.FutureTask.get(FutureTask.java:205)
	at org.apache.hadoop.ozone.container.common.states.datanode.RunningDatanodeState.lambda$execute$0(RunningDatanodeState.java:149)
	at java.util.concurrent.FutureTask.run(FutureTask.java:266)
	at java.util.concurrent.Executors$RunnableAdapter.call(Executors.java:511)
	at java.util.concurrent.FutureTask.run(FutureTask.java:266)
	at java.util.concurrent.ThreadPoolExecutor.runWorker(ThreadPoolExecutor.java:1149)
	at java.util.concurrent.ThreadPoolExecutor$Worker.run(ThreadPoolExecutor.java:624)
	... 1 more
2021-10-28 03:02:49,831 [EndpointStateMachine task thread for /127.0.0.1:13023 - 0 ] INFO  ipc.Client (Client.java:handleConnectionFailure(977)) - Retrying connect to server: localhost/127.0.0.1:13023. Already tried 10 time(s); retry policy is RetryUpToMaximumCountWithFixedSleep(maxRetries=15, sleepTime=1000 MILLISECONDS)
2021-10-28 03:02:49,831 [EndpointStateMachine task thread for /127.0.0.1:13013 - 0 ] INFO  ipc.Client (Client.java:handleConnectionFailure(977)) - Retrying connect to server: localhost/127.0.0.1:13013. Already tried 10 time(s); retry policy is RetryUpToMaximumCountWithFixedSleep(maxRetries=15, sleepTime=1000 MILLISECONDS)
2021-10-28 03:02:49,832 [Listener at 127.0.0.1/11132] INFO  ozone.MiniOzoneClusterImpl (MiniOzoneClusterImpl.java:lambda$waitForClusterToBeReady$0(235)) - Waiting for nodes to be ready. Got 4 of 3 DN Heartbeats.
2021-10-28 03:02:49,833 [Listener at 127.0.0.1/11132] INFO  ozone.MiniOzoneClusterImpl (MiniOzoneClusterImpl.java:lambda$waitForClusterToBeReady$0(238)) - Cluster exits safe mode
2021-10-28 03:02:49,833 [Listener at 127.0.0.1/11132] INFO  ozone.MiniOzoneClusterImpl (MiniOzoneClusterImpl.java:lambda$waitForClusterToBeReady$0(240)) - SCM became leader
2021-10-28 03:02:49,932 [EndpointStateMachine task thread for /127.0.0.1:12189 - 0 ] INFO  ipc.Client (Client.java:handleConnectionFailure(977)) - Retrying connect to server: localhost/127.0.0.1:12189. Already tried 0 time(s); retry policy is RetryUpToMaximumCountWithFixedSleep(maxRetries=15, sleepTime=1000 MILLISECONDS)
2021-10-28 03:02:49,950 [EndpointStateMachine task thread for /127.0.0.1:12199 - 0 ] INFO  ipc.Client (Client.java:handleConnectionFailure(977)) - Retrying connect to server: localhost/127.0.0.1:12199. Already tried 0 time(s); retry policy is RetryUpToMaximumCountWithFixedSleep(maxRetries=15, sleepTime=1000 MILLISECONDS)
2021-10-28 03:02:50,273 [EndpointStateMachine task thread for /127.0.0.1:12209 - 0 ] INFO  ipc.Client (Client.java:handleConnectionFailure(977)) - Retrying connect to server: localhost/127.0.0.1:12209. Already tried 12 time(s); retry policy is RetryUpToMaximumCountWithFixedSleep(maxRetries=15, sleepTime=1000 MILLISECONDS)
2021-10-28 03:02:50,327 [Datanode State Machine Daemon Thread] ERROR datanode.RunningDatanodeState (RunningDatanodeState.java:computeNextContainerState(199)) - Error in executing end point task.
java.util.concurrent.ExecutionException: java.util.concurrent.TimeoutException
	at java.util.concurrent.FutureTask.report(FutureTask.java:122)
	at java.util.concurrent.FutureTask.get(FutureTask.java:192)
	at org.apache.hadoop.ozone.container.common.states.datanode.RunningDatanodeState.computeNextContainerState(RunningDatanodeState.java:191)
	at org.apache.hadoop.ozone.container.common.states.datanode.RunningDatanodeState.await(RunningDatanodeState.java:231)
	at org.apache.hadoop.ozone.container.common.states.datanode.RunningDatanodeState.await(RunningDatanodeState.java:50)
	at org.apache.hadoop.ozone.container.common.statemachine.StateContext.execute(StateContext.java:633)
	at org.apache.hadoop.ozone.container.common.statemachine.DatanodeStateMachine.start(DatanodeStateMachine.java:280)
	at org.apache.hadoop.ozone.container.common.statemachine.DatanodeStateMachine.lambda$startDaemon$0(DatanodeStateMachine.java:468)
	at java.lang.Thread.run(Thread.java:748)
Caused by: java.util.concurrent.TimeoutException
	at java.util.concurrent.FutureTask.get(FutureTask.java:205)
	at org.apache.hadoop.ozone.container.common.states.datanode.RunningDatanodeState.lambda$execute$0(RunningDatanodeState.java:149)
	at java.util.concurrent.FutureTask.run(FutureTask.java:266)
	at java.util.concurrent.Executors$RunnableAdapter.call(Executors.java:511)
	at java.util.concurrent.FutureTask.run(FutureTask.java:266)
	at java.util.concurrent.ThreadPoolExecutor.runWorker(ThreadPoolExecutor.java:1149)
	at java.util.concurrent.ThreadPoolExecutor$Worker.run(ThreadPoolExecutor.java:624)
	... 1 more
2021-10-28 03:02:50,825 [Datanode State Machine Daemon Thread] ERROR datanode.RunningDatanodeState (RunningDatanodeState.java:computeNextContainerState(199)) - Error in executing end point task.
java.util.concurrent.ExecutionException: java.util.concurrent.TimeoutException
	at java.util.concurrent.FutureTask.report(FutureTask.java:122)
	at java.util.concurrent.FutureTask.get(FutureTask.java:192)
	at org.apache.hadoop.ozone.container.common.states.datanode.RunningDatanodeState.computeNextContainerState(RunningDatanodeState.java:191)
	at org.apache.hadoop.ozone.container.common.states.datanode.RunningDatanodeState.await(RunningDatanodeState.java:231)
	at org.apache.hadoop.ozone.container.common.states.datanode.RunningDatanodeState.await(RunningDatanodeState.java:50)
	at org.apache.hadoop.ozone.container.common.statemachine.StateContext.execute(StateContext.java:633)
	at org.apache.hadoop.ozone.container.common.statemachine.DatanodeStateMachine.start(DatanodeStateMachine.java:280)
	at org.apache.hadoop.ozone.container.common.statemachine.DatanodeStateMachine.lambda$startDaemon$0(DatanodeStateMachine.java:468)
	at java.lang.Thread.run(Thread.java:748)
Caused by: java.util.concurrent.TimeoutException
	at java.util.concurrent.FutureTask.get(FutureTask.java:205)
	at org.apache.hadoop.ozone.container.common.states.datanode.RunningDatanodeState.lambda$execute$0(RunningDatanodeState.java:149)
	at java.util.concurrent.FutureTask.run(FutureTask.java:266)
	at java.util.concurrent.Executors$RunnableAdapter.call(Executors.java:511)
	at java.util.concurrent.FutureTask.run(FutureTask.java:266)
	at java.util.concurrent.ThreadPoolExecutor.runWorker(ThreadPoolExecutor.java:1149)
	at java.util.concurrent.ThreadPoolExecutor$Worker.run(ThreadPoolExecutor.java:624)
	... 1 more
2021-10-28 03:02:50,831 [EndpointStateMachine task thread for /127.0.0.1:13023 - 0 ] INFO  ipc.Client (Client.java:handleConnectionFailure(977)) - Retrying connect to server: localhost/127.0.0.1:13023. Already tried 11 time(s); retry policy is RetryUpToMaximumCountWithFixedSleep(maxRetries=15, sleepTime=1000 MILLISECONDS)
2021-10-28 03:02:50,832 [EndpointStateMachine task thread for /127.0.0.1:13013 - 0 ] INFO  ipc.Client (Client.java:handleConnectionFailure(977)) - Retrying connect to server: localhost/127.0.0.1:13013. Already tried 11 time(s); retry policy is RetryUpToMaximumCountWithFixedSleep(maxRetries=15, sleepTime=1000 MILLISECONDS)
2021-10-28 03:02:50,835 [Listener at 127.0.0.1/11132] INFO  ozone.MiniOzoneClusterImpl (MiniOzoneClusterImpl.java:lambda$waitForClusterToBeReady$0(235)) - Waiting for nodes to be ready. Got 4 of 3 DN Heartbeats.
2021-10-28 03:02:50,835 [Listener at 127.0.0.1/11132] INFO  ozone.MiniOzoneClusterImpl (MiniOzoneClusterImpl.java:lambda$waitForClusterToBeReady$0(238)) - Cluster exits safe mode
2021-10-28 03:02:50,835 [Listener at 127.0.0.1/11132] INFO  ozone.MiniOzoneClusterImpl (MiniOzoneClusterImpl.java:lambda$waitForClusterToBeReady$0(240)) - SCM became leader
2021-10-28 03:02:50,932 [EndpointStateMachine task thread for /127.0.0.1:12189 - 0 ] INFO  ipc.Client (Client.java:handleConnectionFailure(977)) - Retrying connect to server: localhost/127.0.0.1:12189. Already tried 1 time(s); retry policy is RetryUpToMaximumCountWithFixedSleep(maxRetries=15, sleepTime=1000 MILLISECONDS)
2021-10-28 03:02:50,951 [EndpointStateMachine task thread for /127.0.0.1:12199 - 0 ] INFO  ipc.Client (Client.java:handleConnectionFailure(977)) - Retrying connect to server: localhost/127.0.0.1:12199. Already tried 1 time(s); retry policy is RetryUpToMaximumCountWithFixedSleep(maxRetries=15, sleepTime=1000 MILLISECONDS)
2021-10-28 03:02:51,274 [EndpointStateMachine task thread for /127.0.0.1:12209 - 0 ] INFO  ipc.Client (Client.java:handleConnectionFailure(977)) - Retrying connect to server: localhost/127.0.0.1:12209. Already tried 13 time(s); retry policy is RetryUpToMaximumCountWithFixedSleep(maxRetries=15, sleepTime=1000 MILLISECONDS)
2021-10-28 03:02:51,832 [EndpointStateMachine task thread for /127.0.0.1:13023 - 0 ] INFO  ipc.Client (Client.java:handleConnectionFailure(977)) - Retrying connect to server: localhost/127.0.0.1:13023. Already tried 12 time(s); retry policy is RetryUpToMaximumCountWithFixedSleep(maxRetries=15, sleepTime=1000 MILLISECONDS)
2021-10-28 03:02:51,832 [EndpointStateMachine task thread for /127.0.0.1:13013 - 0 ] INFO  ipc.Client (Client.java:handleConnectionFailure(977)) - Retrying connect to server: localhost/127.0.0.1:13013. Already tried 12 time(s); retry policy is RetryUpToMaximumCountWithFixedSleep(maxRetries=15, sleepTime=1000 MILLISECONDS)
2021-10-28 03:02:51,835 [Listener at 127.0.0.1/11132] INFO  ozone.MiniOzoneClusterImpl (MiniOzoneClusterImpl.java:lambda$waitForClusterToBeReady$0(235)) - Waiting for nodes to be ready. Got 4 of 3 DN Heartbeats.
2021-10-28 03:02:51,835 [Listener at 127.0.0.1/11132] INFO  ozone.MiniOzoneClusterImpl (MiniOzoneClusterImpl.java:lambda$waitForClusterToBeReady$0(238)) - Cluster exits safe mode
2021-10-28 03:02:51,835 [Listener at 127.0.0.1/11132] INFO  ozone.MiniOzoneClusterImpl (MiniOzoneClusterImpl.java:lambda$waitForClusterToBeReady$0(240)) - SCM became leader
2021-10-28 03:02:51,933 [EndpointStateMachine task thread for /127.0.0.1:12189 - 0 ] INFO  ipc.Client (Client.java:handleConnectionFailure(977)) - Retrying connect to server: localhost/127.0.0.1:12189. Already tried 2 time(s); retry policy is RetryUpToMaximumCountWithFixedSleep(maxRetries=15, sleepTime=1000 MILLISECONDS)
2021-10-28 03:02:51,954 [EndpointStateMachine task thread for /127.0.0.1:12199 - 0 ] INFO  ipc.Client (Client.java:handleConnectionFailure(977)) - Retrying connect to server: localhost/127.0.0.1:12199. Already tried 2 time(s); retry policy is RetryUpToMaximumCountWithFixedSleep(maxRetries=15, sleepTime=1000 MILLISECONDS)
2021-10-28 03:02:52,274 [EndpointStateMachine task thread for /127.0.0.1:12209 - 0 ] INFO  ipc.Client (Client.java:handleConnectionFailure(977)) - Retrying connect to server: localhost/127.0.0.1:12209. Already tried 14 time(s); retry policy is RetryUpToMaximumCountWithFixedSleep(maxRetries=15, sleepTime=1000 MILLISECONDS)
2021-10-28 03:02:52,329 [Datanode State Machine Daemon Thread] ERROR datanode.RunningDatanodeState (RunningDatanodeState.java:computeNextContainerState(199)) - Error in executing end point task.
java.util.concurrent.ExecutionException: java.util.concurrent.TimeoutException
	at java.util.concurrent.FutureTask.report(FutureTask.java:122)
	at java.util.concurrent.FutureTask.get(FutureTask.java:192)
	at org.apache.hadoop.ozone.container.common.states.datanode.RunningDatanodeState.computeNextContainerState(RunningDatanodeState.java:191)
	at org.apache.hadoop.ozone.container.common.states.datanode.RunningDatanodeState.await(RunningDatanodeState.java:231)
	at org.apache.hadoop.ozone.container.common.states.datanode.RunningDatanodeState.await(RunningDatanodeState.java:50)
	at org.apache.hadoop.ozone.container.common.statemachine.StateContext.execute(StateContext.java:633)
	at org.apache.hadoop.ozone.container.common.statemachine.DatanodeStateMachine.start(DatanodeStateMachine.java:280)
	at org.apache.hadoop.ozone.container.common.statemachine.DatanodeStateMachine.lambda$startDaemon$0(DatanodeStateMachine.java:468)
	at java.lang.Thread.run(Thread.java:748)
Caused by: java.util.concurrent.TimeoutException
	at java.util.concurrent.FutureTask.get(FutureTask.java:205)
	at org.apache.hadoop.ozone.container.common.states.datanode.RunningDatanodeState.lambda$execute$0(RunningDatanodeState.java:149)
	at java.util.concurrent.FutureTask.run(FutureTask.java:266)
	at java.util.concurrent.Executors$RunnableAdapter.call(Executors.java:511)
	at java.util.concurrent.FutureTask.run(FutureTask.java:266)
	at java.util.concurrent.ThreadPoolExecutor.runWorker(ThreadPoolExecutor.java:1149)
	at java.util.concurrent.ThreadPoolExecutor$Worker.run(ThreadPoolExecutor.java:624)
	... 1 more
2021-10-28 03:02:52,835 [EndpointStateMachine task thread for /127.0.0.1:13013 - 0 ] INFO  ipc.Client (Client.java:handleConnectionFailure(977)) - Retrying connect to server: localhost/127.0.0.1:13013. Already tried 13 time(s); retry policy is RetryUpToMaximumCountWithFixedSleep(maxRetries=15, sleepTime=1000 MILLISECONDS)
2021-10-28 03:02:52,835 [EndpointStateMachine task thread for /127.0.0.1:13023 - 0 ] INFO  ipc.Client (Client.java:handleConnectionFailure(977)) - Retrying connect to server: localhost/127.0.0.1:13023. Already tried 13 time(s); retry policy is RetryUpToMaximumCountWithFixedSleep(maxRetries=15, sleepTime=1000 MILLISECONDS)
2021-10-28 03:02:52,836 [Listener at 127.0.0.1/11132] INFO  ozone.MiniOzoneClusterImpl (MiniOzoneClusterImpl.java:lambda$waitForClusterToBeReady$0(235)) - Waiting for nodes to be ready. Got 4 of 3 DN Heartbeats.
2021-10-28 03:02:52,836 [Listener at 127.0.0.1/11132] INFO  ozone.MiniOzoneClusterImpl (MiniOzoneClusterImpl.java:lambda$waitForClusterToBeReady$0(238)) - Cluster exits safe mode
2021-10-28 03:02:52,836 [Listener at 127.0.0.1/11132] INFO  ozone.MiniOzoneClusterImpl (MiniOzoneClusterImpl.java:lambda$waitForClusterToBeReady$0(240)) - SCM became leader
2021-10-28 03:02:52,933 [EndpointStateMachine task thread for /127.0.0.1:12189 - 0 ] INFO  ipc.Client (Client.java:handleConnectionFailure(977)) - Retrying connect to server: localhost/127.0.0.1:12189. Already tried 3 time(s); retry policy is RetryUpToMaximumCountWithFixedSleep(maxRetries=15, sleepTime=1000 MILLISECONDS)
2021-10-28 03:02:52,955 [EndpointStateMachine task thread for /127.0.0.1:12199 - 0 ] INFO  ipc.Client (Client.java:handleConnectionFailure(977)) - Retrying connect to server: localhost/127.0.0.1:12199. Already tried 3 time(s); retry policy is RetryUpToMaximumCountWithFixedSleep(maxRetries=15, sleepTime=1000 MILLISECONDS)
2021-10-28 03:02:53,278 [EndpointStateMachine task thread for /127.0.0.1:12209 - 0 ] INFO  ipc.Client (Client.java:handleConnectionFailure(977)) - Retrying connect to server: localhost/127.0.0.1:12209. Already tried 0 time(s); retry policy is RetryUpToMaximumCountWithFixedSleep(maxRetries=15, sleepTime=1000 MILLISECONDS)
2021-10-28 03:02:53,826 [Datanode State Machine Daemon Thread] ERROR datanode.RunningDatanodeState (RunningDatanodeState.java:computeNextContainerState(199)) - Error in executing end point task.
java.util.concurrent.ExecutionException: java.util.concurrent.TimeoutException
	at java.util.concurrent.FutureTask.report(FutureTask.java:122)
	at java.util.concurrent.FutureTask.get(FutureTask.java:192)
	at org.apache.hadoop.ozone.container.common.states.datanode.RunningDatanodeState.computeNextContainerState(RunningDatanodeState.java:191)
	at org.apache.hadoop.ozone.container.common.states.datanode.RunningDatanodeState.await(RunningDatanodeState.java:231)
	at org.apache.hadoop.ozone.container.common.states.datanode.RunningDatanodeState.await(RunningDatanodeState.java:50)
	at org.apache.hadoop.ozone.container.common.statemachine.StateContext.execute(StateContext.java:633)
	at org.apache.hadoop.ozone.container.common.statemachine.DatanodeStateMachine.start(DatanodeStateMachine.java:280)
	at org.apache.hadoop.ozone.container.common.statemachine.DatanodeStateMachine.lambda$startDaemon$0(DatanodeStateMachine.java:468)
	at java.lang.Thread.run(Thread.java:748)
Caused by: java.util.concurrent.TimeoutException
	at java.util.concurrent.FutureTask.get(FutureTask.java:205)
	at org.apache.hadoop.ozone.container.common.states.datanode.RunningDatanodeState.lambda$execute$0(RunningDatanodeState.java:149)
	at java.util.concurrent.FutureTask.run(FutureTask.java:266)
	at java.util.concurrent.Executors$RunnableAdapter.call(Executors.java:511)
	at java.util.concurrent.FutureTask.run(FutureTask.java:266)
	at java.util.concurrent.ThreadPoolExecutor.runWorker(ThreadPoolExecutor.java:1149)
	at java.util.concurrent.ThreadPoolExecutor$Worker.run(ThreadPoolExecutor.java:624)
	... 1 more
2021-10-28 03:02:53,835 [EndpointStateMachine task thread for /127.0.0.1:13013 - 0 ] INFO  ipc.Client (Client.java:handleConnectionFailure(977)) - Retrying connect to server: localhost/127.0.0.1:13013. Already tried 14 time(s); retry policy is RetryUpToMaximumCountWithFixedSleep(maxRetries=15, sleepTime=1000 MILLISECONDS)
2021-10-28 03:02:53,835 [EndpointStateMachine task thread for /127.0.0.1:13023 - 0 ] INFO  ipc.Client (Client.java:handleConnectionFailure(977)) - Retrying connect to server: localhost/127.0.0.1:13023. Already tried 14 time(s); retry policy is RetryUpToMaximumCountWithFixedSleep(maxRetries=15, sleepTime=1000 MILLISECONDS)
2021-10-28 03:02:53,836 [Listener at 127.0.0.1/11132] INFO  ozone.MiniOzoneClusterImpl (MiniOzoneClusterImpl.java:lambda$waitForClusterToBeReady$0(235)) - Waiting for nodes to be ready. Got 4 of 3 DN Heartbeats.
2021-10-28 03:02:53,837 [Listener at 127.0.0.1/11132] INFO  ozone.MiniOzoneClusterImpl (MiniOzoneClusterImpl.java:lambda$waitForClusterToBeReady$0(238)) - Cluster exits safe mode
2021-10-28 03:02:53,837 [Listener at 127.0.0.1/11132] INFO  ozone.MiniOzoneClusterImpl (MiniOzoneClusterImpl.java:lambda$waitForClusterToBeReady$0(240)) - SCM became leader
2021-10-28 03:02:53,934 [EndpointStateMachine task thread for /127.0.0.1:12189 - 0 ] INFO  ipc.Client (Client.java:handleConnectionFailure(977)) - Retrying connect to server: localhost/127.0.0.1:12189. Already tried 4 time(s); retry policy is RetryUpToMaximumCountWithFixedSleep(maxRetries=15, sleepTime=1000 MILLISECONDS)
2021-10-28 03:02:53,955 [EndpointStateMachine task thread for /127.0.0.1:12199 - 0 ] INFO  ipc.Client (Client.java:handleConnectionFailure(977)) - Retrying connect to server: localhost/127.0.0.1:12199. Already tried 4 time(s); retry policy is RetryUpToMaximumCountWithFixedSleep(maxRetries=15, sleepTime=1000 MILLISECONDS)
2021-10-28 03:02:54,106 [Datanode State Machine Daemon Thread] ERROR datanode.RunningDatanodeState (RunningDatanodeState.java:computeNextContainerState(199)) - Error in executing end point task.
java.util.concurrent.ExecutionException: java.util.concurrent.TimeoutException
	at java.util.concurrent.FutureTask.report(FutureTask.java:122)
	at java.util.concurrent.FutureTask.get(FutureTask.java:192)
	at org.apache.hadoop.ozone.container.common.states.datanode.RunningDatanodeState.computeNextContainerState(RunningDatanodeState.java:191)
	at org.apache.hadoop.ozone.container.common.states.datanode.RunningDatanodeState.await(RunningDatanodeState.java:231)
	at org.apache.hadoop.ozone.container.common.states.datanode.RunningDatanodeState.await(RunningDatanodeState.java:50)
	at org.apache.hadoop.ozone.container.common.statemachine.StateContext.execute(StateContext.java:633)
	at org.apache.hadoop.ozone.container.common.statemachine.DatanodeStateMachine.start(DatanodeStateMachine.java:280)
	at org.apache.hadoop.ozone.container.common.statemachine.DatanodeStateMachine.lambda$startDaemon$0(DatanodeStateMachine.java:468)
	at java.lang.Thread.run(Thread.java:748)
Caused by: java.util.concurrent.TimeoutException
	at java.util.concurrent.FutureTask.get(FutureTask.java:205)
	at org.apache.hadoop.ozone.container.common.states.datanode.RunningDatanodeState.lambda$execute$0(RunningDatanodeState.java:149)
	at java.util.concurrent.FutureTask.run(FutureTask.java:266)
	at java.util.concurrent.Executors$RunnableAdapter.call(Executors.java:511)
	at java.util.concurrent.FutureTask.run(FutureTask.java:266)
	at java.util.concurrent.ThreadPoolExecutor.runWorker(ThreadPoolExecutor.java:1149)
	at java.util.concurrent.ThreadPoolExecutor$Worker.run(ThreadPoolExecutor.java:624)
	... 1 more
2021-10-28 03:02:54,111 [EndpointStateMachine task thread for /127.0.0.1:13053 - 0 ] WARN  statemachine.EndpointStateMachine (EndpointStateMachine.java:logIfNeeded(236)) - Unable to communicate to SCM server at localhost:13053 for past 10 seconds.
java.net.SocketTimeoutException: Call From fv-az184-410/10.1.0.63 to localhost:13053 failed on socket timeout exception: java.net.SocketTimeoutException: 5000 millis timeout while waiting for channel to be ready for read. ch : java.nio.channels.SocketChannel[connected local=/127.0.0.1:48086 remote=/127.0.0.1:13053]; For more details see:  http://wiki.apache.org/hadoop/SocketTimeout
	at sun.reflect.GeneratedConstructorAccessor31.newInstance(Unknown Source)
	at sun.reflect.DelegatingConstructorAccessorImpl.newInstance(DelegatingConstructorAccessorImpl.java:45)
	at java.lang.reflect.Constructor.newInstance(Constructor.java:423)
	at org.apache.hadoop.net.NetUtils.wrapWithMessage(NetUtils.java:913)
	at org.apache.hadoop.net.NetUtils.wrapException(NetUtils.java:848)
	at org.apache.hadoop.ipc.Client.getRpcResponse(Client.java:1577)
	at org.apache.hadoop.ipc.Client.call(Client.java:1519)
	at org.apache.hadoop.ipc.Client.call(Client.java:1416)
	at org.apache.hadoop.ipc.ProtobufRpcEngine$Invoker.invoke(ProtobufRpcEngine.java:236)
	at org.apache.hadoop.ipc.ProtobufRpcEngine$Invoker.invoke(ProtobufRpcEngine.java:123)
	at com.sun.proxy.$Proxy48.submitRequest(Unknown Source)
	at org.apache.hadoop.ozone.protocolPB.StorageContainerDatanodeProtocolClientSideTranslatorPB.submitRequest(StorageContainerDatanodeProtocolClientSideTranslatorPB.java:117)
	at org.apache.hadoop.ozone.protocolPB.StorageContainerDatanodeProtocolClientSideTranslatorPB.getVersion(StorageContainerDatanodeProtocolClientSideTranslatorPB.java:133)
	at org.apache.hadoop.ozone.container.common.states.endpoint.VersionEndpointTask.call(VersionEndpointTask.java:71)
	at org.apache.hadoop.ozone.container.common.states.endpoint.VersionEndpointTask.call(VersionEndpointTask.java:42)
	at java.util.concurrent.FutureTask.run(FutureTask.java:266)
	at java.util.concurrent.ThreadPoolExecutor.runWorker(ThreadPoolExecutor.java:1149)
	at java.util.concurrent.ThreadPoolExecutor$Worker.run(ThreadPoolExecutor.java:624)
	at java.lang.Thread.run(Thread.java:748)
Caused by: java.net.SocketTimeoutException: 5000 millis timeout while waiting for channel to be ready for read. ch : java.nio.channels.SocketChannel[connected local=/127.0.0.1:48086 remote=/127.0.0.1:13053]
	at org.apache.hadoop.net.SocketIOWithTimeout.doIO(SocketIOWithTimeout.java:164)
	at org.apache.hadoop.net.SocketInputStream.read(SocketInputStream.java:161)
	at org.apache.hadoop.net.SocketInputStream.read(SocketInputStream.java:131)
	at java.io.FilterInputStream.read(FilterInputStream.java:133)
	at java.io.BufferedInputStream.fill(BufferedInputStream.java:246)
	at java.io.BufferedInputStream.read(BufferedInputStream.java:265)
	at java.io.FilterInputStream.read(FilterInputStream.java:83)
	at java.io.FilterInputStream.read(FilterInputStream.java:83)
	at org.apache.hadoop.ipc.Client$Connection$PingInputStream.read(Client.java:563)
	at java.io.DataInputStream.readInt(DataInputStream.java:387)
	at org.apache.hadoop.ipc.Client$IpcStreams.readResponse(Client.java:1892)
	at org.apache.hadoop.ipc.Client$Connection.receiveRpcResponse(Client.java:1202)
	at org.apache.hadoop.ipc.Client$Connection.run(Client.java:1098)
2021-10-28 03:02:54,114 [EndpointStateMachine task thread for /127.0.0.1:13053 - 0 ] WARN  statemachine.EndpointStateMachine (EndpointStateMachine.java:logIfNeeded(236)) - Unable to communicate to SCM server at localhost:13053 for past 10 seconds.
java.net.SocketTimeoutException: Call From fv-az184-410/10.1.0.63 to localhost:13053 failed on socket timeout exception: java.net.SocketTimeoutException: 5000 millis timeout while waiting for channel to be ready for read. ch : java.nio.channels.SocketChannel[connected local=/127.0.0.1:48086 remote=/127.0.0.1:13053]; For more details see:  http://wiki.apache.org/hadoop/SocketTimeout
	at sun.reflect.GeneratedConstructorAccessor31.newInstance(Unknown Source)
	at sun.reflect.DelegatingConstructorAccessorImpl.newInstance(DelegatingConstructorAccessorImpl.java:45)
	at java.lang.reflect.Constructor.newInstance(Constructor.java:423)
	at org.apache.hadoop.net.NetUtils.wrapWithMessage(NetUtils.java:913)
	at org.apache.hadoop.net.NetUtils.wrapException(NetUtils.java:848)
	at org.apache.hadoop.ipc.Client.getRpcResponse(Client.java:1577)
	at org.apache.hadoop.ipc.Client.call(Client.java:1519)
	at org.apache.hadoop.ipc.Client.call(Client.java:1416)
	at org.apache.hadoop.ipc.ProtobufRpcEngine$Invoker.invoke(ProtobufRpcEngine.java:236)
	at org.apache.hadoop.ipc.ProtobufRpcEngine$Invoker.invoke(ProtobufRpcEngine.java:123)
	at com.sun.proxy.$Proxy48.submitRequest(Unknown Source)
	at org.apache.hadoop.ozone.protocolPB.StorageContainerDatanodeProtocolClientSideTranslatorPB.submitRequest(StorageContainerDatanodeProtocolClientSideTranslatorPB.java:117)
	at org.apache.hadoop.ozone.protocolPB.StorageContainerDatanodeProtocolClientSideTranslatorPB.getVersion(StorageContainerDatanodeProtocolClientSideTranslatorPB.java:133)
	at org.apache.hadoop.ozone.container.common.states.endpoint.VersionEndpointTask.call(VersionEndpointTask.java:71)
	at org.apache.hadoop.ozone.container.common.states.endpoint.VersionEndpointTask.call(VersionEndpointTask.java:42)
	at java.util.concurrent.FutureTask.run(FutureTask.java:266)
	at java.util.concurrent.ThreadPoolExecutor.runWorker(ThreadPoolExecutor.java:1149)
	at java.util.concurrent.ThreadPoolExecutor$Worker.run(ThreadPoolExecutor.java:624)
	at java.lang.Thread.run(Thread.java:748)
Caused by: java.net.SocketTimeoutException: 5000 millis timeout while waiting for channel to be ready for read. ch : java.nio.channels.SocketChannel[connected local=/127.0.0.1:48086 remote=/127.0.0.1:13053]
	at org.apache.hadoop.net.SocketIOWithTimeout.doIO(SocketIOWithTimeout.java:164)
	at org.apache.hadoop.net.SocketInputStream.read(SocketInputStream.java:161)
	at org.apache.hadoop.net.SocketInputStream.read(SocketInputStream.java:131)
	at java.io.FilterInputStream.read(FilterInputStream.java:133)
	at java.io.BufferedInputStream.fill(BufferedInputStream.java:246)
	at java.io.BufferedInputStream.read(BufferedInputStream.java:265)
	at java.io.FilterInputStream.read(FilterInputStream.java:83)
	at java.io.FilterInputStream.read(FilterInputStream.java:83)
	at org.apache.hadoop.ipc.Client$Connection$PingInputStream.read(Client.java:563)
	at java.io.DataInputStream.readInt(DataInputStream.java:387)
	at org.apache.hadoop.ipc.Client$IpcStreams.readResponse(Client.java:1892)
	at org.apache.hadoop.ipc.Client$Connection.receiveRpcResponse(Client.java:1202)
	at org.apache.hadoop.ipc.Client$Connection.run(Client.java:1098)
2021-10-28 03:02:54,134 [EndpointStateMachine task thread for /127.0.0.1:13053 - 0 ] WARN  statemachine.EndpointStateMachine (EndpointStateMachine.java:logIfNeeded(236)) - Unable to communicate to SCM server at localhost:13053 for past 10 seconds.
java.net.SocketTimeoutException: Call From fv-az184-410/10.1.0.63 to localhost:13053 failed on socket timeout exception: java.net.SocketTimeoutException: 5000 millis timeout while waiting for channel to be ready for read. ch : java.nio.channels.SocketChannel[connected local=/127.0.0.1:48086 remote=/127.0.0.1:13053]; For more details see:  http://wiki.apache.org/hadoop/SocketTimeout
	at sun.reflect.GeneratedConstructorAccessor31.newInstance(Unknown Source)
	at sun.reflect.DelegatingConstructorAccessorImpl.newInstance(DelegatingConstructorAccessorImpl.java:45)
	at java.lang.reflect.Constructor.newInstance(Constructor.java:423)
	at org.apache.hadoop.net.NetUtils.wrapWithMessage(NetUtils.java:913)
	at org.apache.hadoop.net.NetUtils.wrapException(NetUtils.java:848)
	at org.apache.hadoop.ipc.Client.getRpcResponse(Client.java:1577)
	at org.apache.hadoop.ipc.Client.call(Client.java:1519)
	at org.apache.hadoop.ipc.Client.call(Client.java:1416)
	at org.apache.hadoop.ipc.ProtobufRpcEngine$Invoker.invoke(ProtobufRpcEngine.java:236)
	at org.apache.hadoop.ipc.ProtobufRpcEngine$Invoker.invoke(ProtobufRpcEngine.java:123)
	at com.sun.proxy.$Proxy48.submitRequest(Unknown Source)
	at org.apache.hadoop.ozone.protocolPB.StorageContainerDatanodeProtocolClientSideTranslatorPB.submitRequest(StorageContainerDatanodeProtocolClientSideTranslatorPB.java:117)
	at org.apache.hadoop.ozone.protocolPB.StorageContainerDatanodeProtocolClientSideTranslatorPB.getVersion(StorageContainerDatanodeProtocolClientSideTranslatorPB.java:133)
	at org.apache.hadoop.ozone.container.common.states.endpoint.VersionEndpointTask.call(VersionEndpointTask.java:71)
	at org.apache.hadoop.ozone.container.common.states.endpoint.VersionEndpointTask.call(VersionEndpointTask.java:42)
	at java.util.concurrent.FutureTask.run(FutureTask.java:266)
	at java.util.concurrent.ThreadPoolExecutor.runWorker(ThreadPoolExecutor.java:1149)
	at java.util.concurrent.ThreadPoolExecutor$Worker.run(ThreadPoolExecutor.java:624)
	at java.lang.Thread.run(Thread.java:748)
Caused by: java.net.SocketTimeoutException: 5000 millis timeout while waiting for channel to be ready for read. ch : java.nio.channels.SocketChannel[connected local=/127.0.0.1:48086 remote=/127.0.0.1:13053]
	at org.apache.hadoop.net.SocketIOWithTimeout.doIO(SocketIOWithTimeout.java:164)
	at org.apache.hadoop.net.SocketInputStream.read(SocketInputStream.java:161)
	at org.apache.hadoop.net.SocketInputStream.read(SocketInputStream.java:131)
	at java.io.FilterInputStream.read(FilterInputStream.java:133)
	at java.io.BufferedInputStream.fill(BufferedInputStream.java:246)
	at java.io.BufferedInputStream.read(BufferedInputStream.java:265)
	at java.io.FilterInputStream.read(FilterInputStream.java:83)
	at java.io.FilterInputStream.read(FilterInputStream.java:83)
	at org.apache.hadoop.ipc.Client$Connection$PingInputStream.read(Client.java:563)
	at java.io.DataInputStream.readInt(DataInputStream.java:387)
	at org.apache.hadoop.ipc.Client$IpcStreams.readResponse(Client.java:1892)
	at org.apache.hadoop.ipc.Client$Connection.receiveRpcResponse(Client.java:1202)
	at org.apache.hadoop.ipc.Client$Connection.run(Client.java:1098)
2021-10-28 03:02:54,287 [EndpointStateMachine task thread for /127.0.0.1:12209 - 0 ] INFO  ipc.Client (Client.java:handleConnectionFailure(977)) - Retrying connect to server: localhost/127.0.0.1:12209. Already tried 1 time(s); retry policy is RetryUpToMaximumCountWithFixedSleep(maxRetries=15, sleepTime=1000 MILLISECONDS)
2021-10-28 03:02:54,827 [Datanode State Machine Daemon Thread] ERROR datanode.RunningDatanodeState (RunningDatanodeState.java:computeNextContainerState(199)) - Error in executing end point task.
java.util.concurrent.ExecutionException: java.util.concurrent.TimeoutException
	at java.util.concurrent.FutureTask.report(FutureTask.java:122)
	at java.util.concurrent.FutureTask.get(FutureTask.java:192)
	at org.apache.hadoop.ozone.container.common.states.datanode.RunningDatanodeState.computeNextContainerState(RunningDatanodeState.java:191)
	at org.apache.hadoop.ozone.container.common.states.datanode.RunningDatanodeState.await(RunningDatanodeState.java:231)
	at org.apache.hadoop.ozone.container.common.states.datanode.RunningDatanodeState.await(RunningDatanodeState.java:50)
	at org.apache.hadoop.ozone.container.common.statemachine.StateContext.execute(StateContext.java:633)
	at org.apache.hadoop.ozone.container.common.statemachine.DatanodeStateMachine.start(DatanodeStateMachine.java:280)
	at org.apache.hadoop.ozone.container.common.statemachine.DatanodeStateMachine.lambda$startDaemon$0(DatanodeStateMachine.java:468)
	at java.lang.Thread.run(Thread.java:748)
Caused by: java.util.concurrent.TimeoutException
	at java.util.concurrent.FutureTask.get(FutureTask.java:205)
	at org.apache.hadoop.ozone.container.common.states.datanode.RunningDatanodeState.lambda$execute$0(RunningDatanodeState.java:149)
	at java.util.concurrent.FutureTask.run(FutureTask.java:266)
	at java.util.concurrent.Executors$RunnableAdapter.call(Executors.java:511)
	at java.util.concurrent.FutureTask.run(FutureTask.java:266)
	at java.util.concurrent.ThreadPoolExecutor.runWorker(ThreadPoolExecutor.java:1149)
	at java.util.concurrent.ThreadPoolExecutor$Worker.run(ThreadPoolExecutor.java:624)
	... 1 more
2021-10-28 03:02:54,836 [EndpointStateMachine task thread for /127.0.0.1:13013 - 0 ] INFO  ipc.Client (Client.java:handleConnectionFailure(977)) - Retrying connect to server: localhost/127.0.0.1:13013. Already tried 0 time(s); retry policy is RetryUpToMaximumCountWithFixedSleep(maxRetries=15, sleepTime=1000 MILLISECONDS)
2021-10-28 03:02:54,836 [EndpointStateMachine task thread for /127.0.0.1:13023 - 0 ] INFO  ipc.Client (Client.java:handleConnectionFailure(977)) - Retrying connect to server: localhost/127.0.0.1:13023. Already tried 0 time(s); retry policy is RetryUpToMaximumCountWithFixedSleep(maxRetries=15, sleepTime=1000 MILLISECONDS)
2021-10-28 03:02:54,837 [Listener at 127.0.0.1/11132] INFO  ozone.MiniOzoneClusterImpl (MiniOzoneClusterImpl.java:lambda$waitForClusterToBeReady$0(235)) - Waiting for nodes to be ready. Got 4 of 3 DN Heartbeats.
2021-10-28 03:02:54,837 [Listener at 127.0.0.1/11132] INFO  ozone.MiniOzoneClusterImpl (MiniOzoneClusterImpl.java:lambda$waitForClusterToBeReady$0(238)) - Cluster exits safe mode
2021-10-28 03:02:54,837 [Listener at 127.0.0.1/11132] INFO  ozone.MiniOzoneClusterImpl (MiniOzoneClusterImpl.java:lambda$waitForClusterToBeReady$0(240)) - SCM became leader
2021-10-28 03:02:54,934 [EndpointStateMachine task thread for /127.0.0.1:12189 - 0 ] INFO  ipc.Client (Client.java:handleConnectionFailure(977)) - Retrying connect to server: localhost/127.0.0.1:12189. Already tried 5 time(s); retry policy is RetryUpToMaximumCountWithFixedSleep(maxRetries=15, sleepTime=1000 MILLISECONDS)
2021-10-28 03:02:54,956 [EndpointStateMachine task thread for /127.0.0.1:12199 - 0 ] INFO  ipc.Client (Client.java:handleConnectionFailure(977)) - Retrying connect to server: localhost/127.0.0.1:12199. Already tried 5 time(s); retry policy is RetryUpToMaximumCountWithFixedSleep(maxRetries=15, sleepTime=1000 MILLISECONDS)
2021-10-28 03:02:55,288 [EndpointStateMachine task thread for /127.0.0.1:12209 - 0 ] INFO  ipc.Client (Client.java:handleConnectionFailure(977)) - Retrying connect to server: localhost/127.0.0.1:12209. Already tried 2 time(s); retry policy is RetryUpToMaximumCountWithFixedSleep(maxRetries=15, sleepTime=1000 MILLISECONDS)
2021-10-28 03:02:55,836 [EndpointStateMachine task thread for /127.0.0.1:13013 - 0 ] INFO  ipc.Client (Client.java:handleConnectionFailure(977)) - Retrying connect to server: localhost/127.0.0.1:13013. Already tried 1 time(s); retry policy is RetryUpToMaximumCountWithFixedSleep(maxRetries=15, sleepTime=1000 MILLISECONDS)
2021-10-28 03:02:55,836 [EndpointStateMachine task thread for /127.0.0.1:13023 - 0 ] INFO  ipc.Client (Client.java:handleConnectionFailure(977)) - Retrying connect to server: localhost/127.0.0.1:13023. Already tried 1 time(s); retry policy is RetryUpToMaximumCountWithFixedSleep(maxRetries=15, sleepTime=1000 MILLISECONDS)
2021-10-28 03:02:55,837 [Listener at 127.0.0.1/11132] INFO  ozone.MiniOzoneClusterImpl (MiniOzoneClusterImpl.java:lambda$waitForClusterToBeReady$0(235)) - Waiting for nodes to be ready. Got 4 of 3 DN Heartbeats.
2021-10-28 03:02:55,838 [Listener at 127.0.0.1/11132] INFO  ozone.MiniOzoneClusterImpl (MiniOzoneClusterImpl.java:lambda$waitForClusterToBeReady$0(238)) - Cluster exits safe mode
2021-10-28 03:02:55,838 [Listener at 127.0.0.1/11132] INFO  ozone.MiniOzoneClusterImpl (MiniOzoneClusterImpl.java:lambda$waitForClusterToBeReady$0(240)) - SCM became leader
2021-10-28 03:02:55,935 [EndpointStateMachine task thread for /127.0.0.1:12189 - 0 ] INFO  ipc.Client (Client.java:handleConnectionFailure(977)) - Retrying connect to server: localhost/127.0.0.1:12189. Already tried 6 time(s); retry policy is RetryUpToMaximumCountWithFixedSleep(maxRetries=15, sleepTime=1000 MILLISECONDS)
2021-10-28 03:02:55,956 [EndpointStateMachine task thread for /127.0.0.1:12199 - 0 ] INFO  ipc.Client (Client.java:handleConnectionFailure(977)) - Retrying connect to server: localhost/127.0.0.1:12199. Already tried 6 time(s); retry policy is RetryUpToMaximumCountWithFixedSleep(maxRetries=15, sleepTime=1000 MILLISECONDS)
2021-10-28 03:02:56,107 [Datanode State Machine Daemon Thread] ERROR datanode.RunningDatanodeState (RunningDatanodeState.java:computeNextContainerState(199)) - Error in executing end point task.
java.util.concurrent.ExecutionException: java.util.concurrent.TimeoutException
	at java.util.concurrent.FutureTask.report(FutureTask.java:122)
	at java.util.concurrent.FutureTask.get(FutureTask.java:192)
	at org.apache.hadoop.ozone.container.common.states.datanode.RunningDatanodeState.computeNextContainerState(RunningDatanodeState.java:191)
	at org.apache.hadoop.ozone.container.common.states.datanode.RunningDatanodeState.await(RunningDatanodeState.java:231)
	at org.apache.hadoop.ozone.container.common.states.datanode.RunningDatanodeState.await(RunningDatanodeState.java:50)
	at org.apache.hadoop.ozone.container.common.statemachine.StateContext.execute(StateContext.java:633)
	at org.apache.hadoop.ozone.container.common.statemachine.DatanodeStateMachine.start(DatanodeStateMachine.java:280)
	at org.apache.hadoop.ozone.container.common.statemachine.DatanodeStateMachine.lambda$startDaemon$0(DatanodeStateMachine.java:468)
	at java.lang.Thread.run(Thread.java:748)
Caused by: java.util.concurrent.TimeoutException
	at java.util.concurrent.FutureTask.get(FutureTask.java:205)
	at org.apache.hadoop.ozone.container.common.states.datanode.RunningDatanodeState.lambda$execute$0(RunningDatanodeState.java:149)
	at java.util.concurrent.FutureTask.run(FutureTask.java:266)
	at java.util.concurrent.Executors$RunnableAdapter.call(Executors.java:511)
	at java.util.concurrent.FutureTask.run(FutureTask.java:266)
	at java.util.concurrent.ThreadPoolExecutor.runWorker(ThreadPoolExecutor.java:1149)
	at java.util.concurrent.ThreadPoolExecutor$Worker.run(ThreadPoolExecutor.java:624)
	... 1 more
2021-10-28 03:02:56,288 [EndpointStateMachine task thread for /127.0.0.1:12209 - 0 ] INFO  ipc.Client (Client.java:handleConnectionFailure(977)) - Retrying connect to server: localhost/127.0.0.1:12209. Already tried 3 time(s); retry policy is RetryUpToMaximumCountWithFixedSleep(maxRetries=15, sleepTime=1000 MILLISECONDS)
2021-10-28 03:02:56,837 [EndpointStateMachine task thread for /127.0.0.1:13023 - 0 ] INFO  ipc.Client (Client.java:handleConnectionFailure(977)) - Retrying connect to server: localhost/127.0.0.1:13023. Already tried 2 time(s); retry policy is RetryUpToMaximumCountWithFixedSleep(maxRetries=15, sleepTime=1000 MILLISECONDS)
2021-10-28 03:02:56,838 [Listener at 127.0.0.1/11132] INFO  ozone.MiniOzoneClusterImpl (MiniOzoneClusterImpl.java:lambda$waitForClusterToBeReady$0(235)) - Waiting for nodes to be ready. Got 4 of 3 DN Heartbeats.
2021-10-28 03:02:56,838 [Listener at 127.0.0.1/11132] INFO  ozone.MiniOzoneClusterImpl (MiniOzoneClusterImpl.java:lambda$waitForClusterToBeReady$0(238)) - Cluster exits safe mode
2021-10-28 03:02:56,838 [Listener at 127.0.0.1/11132] INFO  ozone.MiniOzoneClusterImpl (MiniOzoneClusterImpl.java:lambda$waitForClusterToBeReady$0(240)) - SCM became leader
2021-10-28 03:02:56,843 [EndpointStateMachine task thread for /127.0.0.1:13013 - 0 ] INFO  ipc.Client (Client.java:handleConnectionFailure(977)) - Retrying connect to server: localhost/127.0.0.1:13013. Already tried 2 time(s); retry policy is RetryUpToMaximumCountWithFixedSleep(maxRetries=15, sleepTime=1000 MILLISECONDS)
2021-10-28 03:02:56,935 [EndpointStateMachine task thread for /127.0.0.1:12189 - 0 ] INFO  ipc.Client (Client.java:handleConnectionFailure(977)) - Retrying connect to server: localhost/127.0.0.1:12189. Already tried 7 time(s); retry policy is RetryUpToMaximumCountWithFixedSleep(maxRetries=15, sleepTime=1000 MILLISECONDS)
2021-10-28 03:02:56,957 [EndpointStateMachine task thread for /127.0.0.1:12199 - 0 ] INFO  ipc.Client (Client.java:handleConnectionFailure(977)) - Retrying connect to server: localhost/127.0.0.1:12199. Already tried 7 time(s); retry policy is RetryUpToMaximumCountWithFixedSleep(maxRetries=15, sleepTime=1000 MILLISECONDS)
2021-10-28 03:02:57,108 [Datanode State Machine Daemon Thread] ERROR datanode.RunningDatanodeState (RunningDatanodeState.java:computeNextContainerState(199)) - Error in executing end point task.
java.util.concurrent.ExecutionException: java.util.concurrent.TimeoutException
	at java.util.concurrent.FutureTask.report(FutureTask.java:122)
	at java.util.concurrent.FutureTask.get(FutureTask.java:192)
	at org.apache.hadoop.ozone.container.common.states.datanode.RunningDatanodeState.computeNextContainerState(RunningDatanodeState.java:191)
	at org.apache.hadoop.ozone.container.common.states.datanode.RunningDatanodeState.await(RunningDatanodeState.java:231)
	at org.apache.hadoop.ozone.container.common.states.datanode.RunningDatanodeState.await(RunningDatanodeState.java:50)
	at org.apache.hadoop.ozone.container.common.statemachine.StateContext.execute(StateContext.java:633)
	at org.apache.hadoop.ozone.container.common.statemachine.DatanodeStateMachine.start(DatanodeStateMachine.java:280)
	at org.apache.hadoop.ozone.container.common.statemachine.DatanodeStateMachine.lambda$startDaemon$0(DatanodeStateMachine.java:468)
	at java.lang.Thread.run(Thread.java:748)
Caused by: java.util.concurrent.TimeoutException
	at java.util.concurrent.FutureTask.get(FutureTask.java:205)
	at org.apache.hadoop.ozone.container.common.states.datanode.RunningDatanodeState.lambda$execute$0(RunningDatanodeState.java:149)
	at java.util.concurrent.FutureTask.run(FutureTask.java:266)
	at java.util.concurrent.Executors$RunnableAdapter.call(Executors.java:511)
	at java.util.concurrent.FutureTask.run(FutureTask.java:266)
	at java.util.concurrent.ThreadPoolExecutor.runWorker(ThreadPoolExecutor.java:1149)
	at java.util.concurrent.ThreadPoolExecutor$Worker.run(ThreadPoolExecutor.java:624)
	... 1 more
2021-10-28 03:02:57,289 [EndpointStateMachine task thread for /127.0.0.1:12209 - 0 ] INFO  ipc.Client (Client.java:handleConnectionFailure(977)) - Retrying connect to server: localhost/127.0.0.1:12209. Already tried 4 time(s); retry policy is RetryUpToMaximumCountWithFixedSleep(maxRetries=15, sleepTime=1000 MILLISECONDS)
2021-10-28 03:02:57,837 [EndpointStateMachine task thread for /127.0.0.1:13023 - 0 ] INFO  ipc.Client (Client.java:handleConnectionFailure(977)) - Retrying connect to server: localhost/127.0.0.1:13023. Already tried 3 time(s); retry policy is RetryUpToMaximumCountWithFixedSleep(maxRetries=15, sleepTime=1000 MILLISECONDS)
2021-10-28 03:02:57,839 [Listener at 127.0.0.1/11132] INFO  ozone.MiniOzoneClusterImpl (MiniOzoneClusterImpl.java:lambda$waitForClusterToBeReady$0(235)) - Waiting for nodes to be ready. Got 4 of 3 DN Heartbeats.
2021-10-28 03:02:57,839 [Listener at 127.0.0.1/11132] INFO  ozone.MiniOzoneClusterImpl (MiniOzoneClusterImpl.java:lambda$waitForClusterToBeReady$0(238)) - Cluster exits safe mode
2021-10-28 03:02:57,839 [Listener at 127.0.0.1/11132] INFO  ozone.MiniOzoneClusterImpl (MiniOzoneClusterImpl.java:lambda$waitForClusterToBeReady$0(240)) - SCM became leader
2021-10-28 03:02:57,843 [EndpointStateMachine task thread for /127.0.0.1:13013 - 0 ] INFO  ipc.Client (Client.java:handleConnectionFailure(977)) - Retrying connect to server: localhost/127.0.0.1:13013. Already tried 3 time(s); retry policy is RetryUpToMaximumCountWithFixedSleep(maxRetries=15, sleepTime=1000 MILLISECONDS)
2021-10-28 03:02:57,936 [EndpointStateMachine task thread for /127.0.0.1:12189 - 0 ] INFO  ipc.Client (Client.java:handleConnectionFailure(977)) - Retrying connect to server: localhost/127.0.0.1:12189. Already tried 8 time(s); retry policy is RetryUpToMaximumCountWithFixedSleep(maxRetries=15, sleepTime=1000 MILLISECONDS)
2021-10-28 03:02:57,957 [EndpointStateMachine task thread for /127.0.0.1:12199 - 0 ] INFO  ipc.Client (Client.java:handleConnectionFailure(977)) - Retrying connect to server: localhost/127.0.0.1:12199. Already tried 8 time(s); retry policy is RetryUpToMaximumCountWithFixedSleep(maxRetries=15, sleepTime=1000 MILLISECONDS)
2021-10-28 03:02:58,108 [Datanode State Machine Daemon Thread] ERROR datanode.RunningDatanodeState (RunningDatanodeState.java:computeNextContainerState(199)) - Error in executing end point task.
java.util.concurrent.ExecutionException: java.util.concurrent.TimeoutException
	at java.util.concurrent.FutureTask.report(FutureTask.java:122)
	at java.util.concurrent.FutureTask.get(FutureTask.java:192)
	at org.apache.hadoop.ozone.container.common.states.datanode.RunningDatanodeState.computeNextContainerState(RunningDatanodeState.java:191)
	at org.apache.hadoop.ozone.container.common.states.datanode.RunningDatanodeState.await(RunningDatanodeState.java:231)
	at org.apache.hadoop.ozone.container.common.states.datanode.RunningDatanodeState.await(RunningDatanodeState.java:50)
	at org.apache.hadoop.ozone.container.common.statemachine.StateContext.execute(StateContext.java:633)
	at org.apache.hadoop.ozone.container.common.statemachine.DatanodeStateMachine.start(DatanodeStateMachine.java:280)
	at org.apache.hadoop.ozone.container.common.statemachine.DatanodeStateMachine.lambda$startDaemon$0(DatanodeStateMachine.java:468)
	at java.lang.Thread.run(Thread.java:748)
Caused by: java.util.concurrent.TimeoutException
	at java.util.concurrent.FutureTask.get(FutureTask.java:205)
	at org.apache.hadoop.ozone.container.common.states.datanode.RunningDatanodeState.lambda$execute$0(RunningDatanodeState.java:149)
	at java.util.concurrent.FutureTask.run(FutureTask.java:266)
	at java.util.concurrent.Executors$RunnableAdapter.call(Executors.java:511)
	at java.util.concurrent.FutureTask.run(FutureTask.java:266)
	at java.util.concurrent.ThreadPoolExecutor.runWorker(ThreadPoolExecutor.java:1149)
	at java.util.concurrent.ThreadPoolExecutor$Worker.run(ThreadPoolExecutor.java:624)
	... 1 more
2021-10-28 03:02:58,289 [EndpointStateMachine task thread for /127.0.0.1:12209 - 0 ] INFO  ipc.Client (Client.java:handleConnectionFailure(977)) - Retrying connect to server: localhost/127.0.0.1:12209. Already tried 5 time(s); retry policy is RetryUpToMaximumCountWithFixedSleep(maxRetries=15, sleepTime=1000 MILLISECONDS)
2021-10-28 03:02:58,830 [Datanode State Machine Daemon Thread] ERROR datanode.RunningDatanodeState (RunningDatanodeState.java:computeNextContainerState(199)) - Error in executing end point task.
java.util.concurrent.ExecutionException: java.util.concurrent.TimeoutException
	at java.util.concurrent.FutureTask.report(FutureTask.java:122)
	at java.util.concurrent.FutureTask.get(FutureTask.java:192)
	at org.apache.hadoop.ozone.container.common.states.datanode.RunningDatanodeState.computeNextContainerState(RunningDatanodeState.java:191)
	at org.apache.hadoop.ozone.container.common.states.datanode.RunningDatanodeState.await(RunningDatanodeState.java:231)
	at org.apache.hadoop.ozone.container.common.states.datanode.RunningDatanodeState.await(RunningDatanodeState.java:50)
	at org.apache.hadoop.ozone.container.common.statemachine.StateContext.execute(StateContext.java:633)
	at org.apache.hadoop.ozone.container.common.statemachine.DatanodeStateMachine.start(DatanodeStateMachine.java:280)
	at org.apache.hadoop.ozone.container.common.statemachine.DatanodeStateMachine.lambda$startDaemon$0(DatanodeStateMachine.java:468)
	at java.lang.Thread.run(Thread.java:748)
Caused by: java.util.concurrent.TimeoutException
	at java.util.concurrent.FutureTask.get(FutureTask.java:205)
	at org.apache.hadoop.ozone.container.common.states.datanode.RunningDatanodeState.lambda$execute$0(RunningDatanodeState.java:149)
	at java.util.concurrent.FutureTask.run(FutureTask.java:266)
	at java.util.concurrent.Executors$RunnableAdapter.call(Executors.java:511)
	at java.util.concurrent.FutureTask.run(FutureTask.java:266)
	at java.util.concurrent.ThreadPoolExecutor.runWorker(ThreadPoolExecutor.java:1149)
	at java.util.concurrent.ThreadPoolExecutor$Worker.run(ThreadPoolExecutor.java:624)
	... 1 more
2021-10-28 03:02:58,838 [EndpointStateMachine task thread for /127.0.0.1:13023 - 0 ] INFO  ipc.Client (Client.java:handleConnectionFailure(977)) - Retrying connect to server: localhost/127.0.0.1:13023. Already tried 4 time(s); retry policy is RetryUpToMaximumCountWithFixedSleep(maxRetries=15, sleepTime=1000 MILLISECONDS)
2021-10-28 03:02:58,839 [Listener at 127.0.0.1/11132] INFO  ozone.MiniOzoneClusterImpl (MiniOzoneClusterImpl.java:lambda$waitForClusterToBeReady$0(235)) - Waiting for nodes to be ready. Got 4 of 3 DN Heartbeats.
2021-10-28 03:02:58,839 [Listener at 127.0.0.1/11132] INFO  ozone.MiniOzoneClusterImpl (MiniOzoneClusterImpl.java:lambda$waitForClusterToBeReady$0(238)) - Cluster exits safe mode
2021-10-28 03:02:58,840 [Listener at 127.0.0.1/11132] INFO  ozone.MiniOzoneClusterImpl (MiniOzoneClusterImpl.java:lambda$waitForClusterToBeReady$0(240)) - SCM became leader
2021-10-28 03:02:58,843 [EndpointStateMachine task thread for /127.0.0.1:13013 - 0 ] INFO  ipc.Client (Client.java:handleConnectionFailure(977)) - Retrying connect to server: localhost/127.0.0.1:13013. Already tried 4 time(s); retry policy is RetryUpToMaximumCountWithFixedSleep(maxRetries=15, sleepTime=1000 MILLISECONDS)
2021-10-28 03:02:58,936 [EndpointStateMachine task thread for /127.0.0.1:12189 - 0 ] INFO  ipc.Client (Client.java:handleConnectionFailure(977)) - Retrying connect to server: localhost/127.0.0.1:12189. Already tried 9 time(s); retry policy is RetryUpToMaximumCountWithFixedSleep(maxRetries=15, sleepTime=1000 MILLISECONDS)
2021-10-28 03:02:58,957 [EndpointStateMachine task thread for /127.0.0.1:12199 - 0 ] INFO  ipc.Client (Client.java:handleConnectionFailure(977)) - Retrying connect to server: localhost/127.0.0.1:12199. Already tried 9 time(s); retry policy is RetryUpToMaximumCountWithFixedSleep(maxRetries=15, sleepTime=1000 MILLISECONDS)
2021-10-28 03:02:59,290 [EndpointStateMachine task thread for /127.0.0.1:12209 - 0 ] INFO  ipc.Client (Client.java:handleConnectionFailure(977)) - Retrying connect to server: localhost/127.0.0.1:12209. Already tried 6 time(s); retry policy is RetryUpToMaximumCountWithFixedSleep(maxRetries=15, sleepTime=1000 MILLISECONDS)
2021-10-28 03:02:59,330 [Datanode State Machine Daemon Thread] ERROR datanode.RunningDatanodeState (RunningDatanodeState.java:computeNextContainerState(199)) - Error in executing end point task.
java.util.concurrent.ExecutionException: java.util.concurrent.TimeoutException
	at java.util.concurrent.FutureTask.report(FutureTask.java:122)
	at java.util.concurrent.FutureTask.get(FutureTask.java:192)
	at org.apache.hadoop.ozone.container.common.states.datanode.RunningDatanodeState.computeNextContainerState(RunningDatanodeState.java:191)
	at org.apache.hadoop.ozone.container.common.states.datanode.RunningDatanodeState.await(RunningDatanodeState.java:231)
	at org.apache.hadoop.ozone.container.common.states.datanode.RunningDatanodeState.await(RunningDatanodeState.java:50)
	at org.apache.hadoop.ozone.container.common.statemachine.StateContext.execute(StateContext.java:633)
	at org.apache.hadoop.ozone.container.common.statemachine.DatanodeStateMachine.start(DatanodeStateMachine.java:280)
	at org.apache.hadoop.ozone.container.common.statemachine.DatanodeStateMachine.lambda$startDaemon$0(DatanodeStateMachine.java:468)
	at java.lang.Thread.run(Thread.java:748)
Caused by: java.util.concurrent.TimeoutException
	at java.util.concurrent.FutureTask.get(FutureTask.java:205)
	at org.apache.hadoop.ozone.container.common.states.datanode.RunningDatanodeState.lambda$execute$0(RunningDatanodeState.java:149)
	at java.util.concurrent.FutureTask.run(FutureTask.java:266)
	at java.util.concurrent.Executors$RunnableAdapter.call(Executors.java:511)
	at java.util.concurrent.FutureTask.run(FutureTask.java:266)
	at java.util.concurrent.ThreadPoolExecutor.runWorker(ThreadPoolExecutor.java:1149)
	at java.util.concurrent.ThreadPoolExecutor$Worker.run(ThreadPoolExecutor.java:624)
	... 1 more
2021-10-28 03:02:59,838 [EndpointStateMachine task thread for /127.0.0.1:13023 - 0 ] INFO  ipc.Client (Client.java:handleConnectionFailure(977)) - Retrying connect to server: localhost/127.0.0.1:13023. Already tried 5 time(s); retry policy is RetryUpToMaximumCountWithFixedSleep(maxRetries=15, sleepTime=1000 MILLISECONDS)
2021-10-28 03:02:59,840 [Listener at 127.0.0.1/11132] INFO  ozone.MiniOzoneClusterImpl (MiniOzoneClusterImpl.java:lambda$waitForClusterToBeReady$0(235)) - Waiting for nodes to be ready. Got 4 of 3 DN Heartbeats.
2021-10-28 03:02:59,840 [Listener at 127.0.0.1/11132] INFO  ozone.MiniOzoneClusterImpl (MiniOzoneClusterImpl.java:lambda$waitForClusterToBeReady$0(238)) - Cluster exits safe mode
2021-10-28 03:02:59,840 [Listener at 127.0.0.1/11132] INFO  ozone.MiniOzoneClusterImpl (MiniOzoneClusterImpl.java:lambda$waitForClusterToBeReady$0(240)) - SCM became leader
2021-10-28 03:02:59,844 [EndpointStateMachine task thread for /127.0.0.1:13013 - 0 ] INFO  ipc.Client (Client.java:handleConnectionFailure(977)) - Retrying connect to server: localhost/127.0.0.1:13013. Already tried 5 time(s); retry policy is RetryUpToMaximumCountWithFixedSleep(maxRetries=15, sleepTime=1000 MILLISECONDS)
2021-10-28 03:02:59,937 [EndpointStateMachine task thread for /127.0.0.1:12189 - 0 ] INFO  ipc.Client (Client.java:handleConnectionFailure(977)) - Retrying connect to server: localhost/127.0.0.1:12189. Already tried 10 time(s); retry policy is RetryUpToMaximumCountWithFixedSleep(maxRetries=15, sleepTime=1000 MILLISECONDS)
2021-10-28 03:02:59,958 [EndpointStateMachine task thread for /127.0.0.1:12199 - 0 ] INFO  ipc.Client (Client.java:handleConnectionFailure(977)) - Retrying connect to server: localhost/127.0.0.1:12199. Already tried 10 time(s); retry policy is RetryUpToMaximumCountWithFixedSleep(maxRetries=15, sleepTime=1000 MILLISECONDS)
2021-10-28 03:03:00,111 [Datanode State Machine Daemon Thread] ERROR datanode.RunningDatanodeState (RunningDatanodeState.java:computeNextContainerState(199)) - Error in executing end point task.
java.util.concurrent.ExecutionException: java.util.concurrent.TimeoutException
	at java.util.concurrent.FutureTask.report(FutureTask.java:122)
	at java.util.concurrent.FutureTask.get(FutureTask.java:192)
	at org.apache.hadoop.ozone.container.common.states.datanode.RunningDatanodeState.computeNextContainerState(RunningDatanodeState.java:191)
	at org.apache.hadoop.ozone.container.common.states.datanode.RunningDatanodeState.await(RunningDatanodeState.java:231)
	at org.apache.hadoop.ozone.container.common.states.datanode.RunningDatanodeState.await(RunningDatanodeState.java:50)
	at org.apache.hadoop.ozone.container.common.statemachine.StateContext.execute(StateContext.java:633)
	at org.apache.hadoop.ozone.container.common.statemachine.DatanodeStateMachine.start(DatanodeStateMachine.java:280)
	at org.apache.hadoop.ozone.container.common.statemachine.DatanodeStateMachine.lambda$startDaemon$0(DatanodeStateMachine.java:468)
	at java.lang.Thread.run(Thread.java:748)
Caused by: java.util.concurrent.TimeoutException
	at java.util.concurrent.FutureTask.get(FutureTask.java:205)
	at org.apache.hadoop.ozone.container.common.states.datanode.RunningDatanodeState.lambda$execute$0(RunningDatanodeState.java:149)
	at java.util.concurrent.FutureTask.run(FutureTask.java:266)
	at java.util.concurrent.Executors$RunnableAdapter.call(Executors.java:511)
	at java.util.concurrent.FutureTask.run(FutureTask.java:266)
	at java.util.concurrent.ThreadPoolExecutor.runWorker(ThreadPoolExecutor.java:1149)
	at java.util.concurrent.ThreadPoolExecutor$Worker.run(ThreadPoolExecutor.java:624)
	... 1 more
2021-10-28 03:03:00,291 [EndpointStateMachine task thread for /127.0.0.1:12209 - 0 ] INFO  ipc.Client (Client.java:handleConnectionFailure(977)) - Retrying connect to server: localhost/127.0.0.1:12209. Already tried 7 time(s); retry policy is RetryUpToMaximumCountWithFixedSleep(maxRetries=15, sleepTime=1000 MILLISECONDS)
2021-10-28 03:03:00,839 [EndpointStateMachine task thread for /127.0.0.1:13023 - 0 ] INFO  ipc.Client (Client.java:handleConnectionFailure(977)) - Retrying connect to server: localhost/127.0.0.1:13023. Already tried 6 time(s); retry policy is RetryUpToMaximumCountWithFixedSleep(maxRetries=15, sleepTime=1000 MILLISECONDS)
2021-10-28 03:03:00,840 [Listener at 127.0.0.1/11132] INFO  ozone.MiniOzoneClusterImpl (MiniOzoneClusterImpl.java:lambda$waitForClusterToBeReady$0(235)) - Waiting for nodes to be ready. Got 4 of 3 DN Heartbeats.
2021-10-28 03:03:00,841 [Listener at 127.0.0.1/11132] INFO  ozone.MiniOzoneClusterImpl (MiniOzoneClusterImpl.java:lambda$waitForClusterToBeReady$0(238)) - Cluster exits safe mode
2021-10-28 03:03:00,841 [Listener at 127.0.0.1/11132] INFO  ozone.MiniOzoneClusterImpl (MiniOzoneClusterImpl.java:lambda$waitForClusterToBeReady$0(240)) - SCM became leader
2021-10-28 03:03:00,844 [EndpointStateMachine task thread for /127.0.0.1:13013 - 0 ] INFO  ipc.Client (Client.java:handleConnectionFailure(977)) - Retrying connect to server: localhost/127.0.0.1:13013. Already tried 6 time(s); retry policy is RetryUpToMaximumCountWithFixedSleep(maxRetries=15, sleepTime=1000 MILLISECONDS)
2021-10-28 03:03:00,937 [EndpointStateMachine task thread for /127.0.0.1:12189 - 0 ] INFO  ipc.Client (Client.java:handleConnectionFailure(977)) - Retrying connect to server: localhost/127.0.0.1:12189. Already tried 11 time(s); retry policy is RetryUpToMaximumCountWithFixedSleep(maxRetries=15, sleepTime=1000 MILLISECONDS)
2021-10-28 03:03:00,958 [EndpointStateMachine task thread for /127.0.0.1:12199 - 0 ] INFO  ipc.Client (Client.java:handleConnectionFailure(977)) - Retrying connect to server: localhost/127.0.0.1:12199. Already tried 11 time(s); retry policy is RetryUpToMaximumCountWithFixedSleep(maxRetries=15, sleepTime=1000 MILLISECONDS)
2021-10-28 03:03:01,293 [EndpointStateMachine task thread for /127.0.0.1:12209 - 0 ] INFO  ipc.Client (Client.java:handleConnectionFailure(977)) - Retrying connect to server: localhost/127.0.0.1:12209. Already tried 8 time(s); retry policy is RetryUpToMaximumCountWithFixedSleep(maxRetries=15, sleepTime=1000 MILLISECONDS)
2021-10-28 03:03:01,839 [EndpointStateMachine task thread for /127.0.0.1:13023 - 0 ] INFO  ipc.Client (Client.java:handleConnectionFailure(977)) - Retrying connect to server: localhost/127.0.0.1:13023. Already tried 7 time(s); retry policy is RetryUpToMaximumCountWithFixedSleep(maxRetries=15, sleepTime=1000 MILLISECONDS)
2021-10-28 03:03:01,841 [Listener at 127.0.0.1/11132] INFO  ozone.MiniOzoneClusterImpl (MiniOzoneClusterImpl.java:lambda$waitForClusterToBeReady$0(235)) - Waiting for nodes to be ready. Got 4 of 3 DN Heartbeats.
2021-10-28 03:03:01,841 [Listener at 127.0.0.1/11132] INFO  ozone.MiniOzoneClusterImpl (MiniOzoneClusterImpl.java:lambda$waitForClusterToBeReady$0(238)) - Cluster exits safe mode
2021-10-28 03:03:01,841 [Listener at 127.0.0.1/11132] INFO  ozone.MiniOzoneClusterImpl (MiniOzoneClusterImpl.java:lambda$waitForClusterToBeReady$0(240)) - SCM became leader
2021-10-28 03:03:01,844 [EndpointStateMachine task thread for /127.0.0.1:13013 - 0 ] INFO  ipc.Client (Client.java:handleConnectionFailure(977)) - Retrying connect to server: localhost/127.0.0.1:13013. Already tried 7 time(s); retry policy is RetryUpToMaximumCountWithFixedSleep(maxRetries=15, sleepTime=1000 MILLISECONDS)
2021-10-28 03:03:01,938 [EndpointStateMachine task thread for /127.0.0.1:12189 - 0 ] INFO  ipc.Client (Client.java:handleConnectionFailure(977)) - Retrying connect to server: localhost/127.0.0.1:12189. Already tried 12 time(s); retry policy is RetryUpToMaximumCountWithFixedSleep(maxRetries=15, sleepTime=1000 MILLISECONDS)
2021-10-28 03:03:01,959 [EndpointStateMachine task thread for /127.0.0.1:12199 - 0 ] INFO  ipc.Client (Client.java:handleConnectionFailure(977)) - Retrying connect to server: localhost/127.0.0.1:12199. Already tried 12 time(s); retry policy is RetryUpToMaximumCountWithFixedSleep(maxRetries=15, sleepTime=1000 MILLISECONDS)
2021-10-28 03:03:02,293 [EndpointStateMachine task thread for /127.0.0.1:12209 - 0 ] INFO  ipc.Client (Client.java:handleConnectionFailure(977)) - Retrying connect to server: localhost/127.0.0.1:12209. Already tried 9 time(s); retry policy is RetryUpToMaximumCountWithFixedSleep(maxRetries=15, sleepTime=1000 MILLISECONDS)
2021-10-28 03:03:02,835 [Datanode State Machine Daemon Thread] ERROR datanode.RunningDatanodeState (RunningDatanodeState.java:computeNextContainerState(199)) - Error in executing end point task.
java.util.concurrent.ExecutionException: java.util.concurrent.TimeoutException
	at java.util.concurrent.FutureTask.report(FutureTask.java:122)
	at java.util.concurrent.FutureTask.get(FutureTask.java:192)
	at org.apache.hadoop.ozone.container.common.states.datanode.RunningDatanodeState.computeNextContainerState(RunningDatanodeState.java:191)
	at org.apache.hadoop.ozone.container.common.states.datanode.RunningDatanodeState.await(RunningDatanodeState.java:231)
	at org.apache.hadoop.ozone.container.common.states.datanode.RunningDatanodeState.await(RunningDatanodeState.java:50)
	at org.apache.hadoop.ozone.container.common.statemachine.StateContext.execute(StateContext.java:633)
	at org.apache.hadoop.ozone.container.common.statemachine.DatanodeStateMachine.start(DatanodeStateMachine.java:280)
	at org.apache.hadoop.ozone.container.common.statemachine.DatanodeStateMachine.lambda$startDaemon$0(DatanodeStateMachine.java:468)
	at java.lang.Thread.run(Thread.java:748)
Caused by: java.util.concurrent.TimeoutException
	at java.util.concurrent.FutureTask.get(FutureTask.java:205)
	at org.apache.hadoop.ozone.container.common.states.datanode.RunningDatanodeState.lambda$execute$0(RunningDatanodeState.java:149)
	at java.util.concurrent.FutureTask.run(FutureTask.java:266)
	at java.util.concurrent.Executors$RunnableAdapter.call(Executors.java:511)
	at java.util.concurrent.FutureTask.run(FutureTask.java:266)
	at java.util.concurrent.ThreadPoolExecutor.runWorker(ThreadPoolExecutor.java:1149)
	at java.util.concurrent.ThreadPoolExecutor$Worker.run(ThreadPoolExecutor.java:624)
	... 1 more
2021-10-28 03:03:02,840 [EndpointStateMachine task thread for /127.0.0.1:13023 - 0 ] INFO  ipc.Client (Client.java:handleConnectionFailure(977)) - Retrying connect to server: localhost/127.0.0.1:13023. Already tried 8 time(s); retry policy is RetryUpToMaximumCountWithFixedSleep(maxRetries=15, sleepTime=1000 MILLISECONDS)
2021-10-28 03:03:02,842 [Listener at 127.0.0.1/11132] INFO  ozone.MiniOzoneClusterImpl (MiniOzoneClusterImpl.java:lambda$waitForClusterToBeReady$0(235)) - Waiting for nodes to be ready. Got 4 of 3 DN Heartbeats.
2021-10-28 03:03:02,842 [Listener at 127.0.0.1/11132] INFO  ozone.MiniOzoneClusterImpl (MiniOzoneClusterImpl.java:lambda$waitForClusterToBeReady$0(238)) - Cluster exits safe mode
2021-10-28 03:03:02,842 [Listener at 127.0.0.1/11132] INFO  ozone.MiniOzoneClusterImpl (MiniOzoneClusterImpl.java:lambda$waitForClusterToBeReady$0(240)) - SCM became leader
2021-10-28 03:03:02,846 [EndpointStateMachine task thread for /127.0.0.1:13013 - 0 ] INFO  ipc.Client (Client.java:handleConnectionFailure(977)) - Retrying connect to server: localhost/127.0.0.1:13013. Already tried 8 time(s); retry policy is RetryUpToMaximumCountWithFixedSleep(maxRetries=15, sleepTime=1000 MILLISECONDS)
2021-10-28 03:03:02,938 [EndpointStateMachine task thread for /127.0.0.1:12189 - 0 ] INFO  ipc.Client (Client.java:handleConnectionFailure(977)) - Retrying connect to server: localhost/127.0.0.1:12189. Already tried 13 time(s); retry policy is RetryUpToMaximumCountWithFixedSleep(maxRetries=15, sleepTime=1000 MILLISECONDS)
2021-10-28 03:03:02,962 [EndpointStateMachine task thread for /127.0.0.1:12199 - 0 ] INFO  ipc.Client (Client.java:handleConnectionFailure(977)) - Retrying connect to server: localhost/127.0.0.1:12199. Already tried 13 time(s); retry policy is RetryUpToMaximumCountWithFixedSleep(maxRetries=15, sleepTime=1000 MILLISECONDS)
2021-10-28 03:03:03,294 [EndpointStateMachine task thread for /127.0.0.1:12209 - 0 ] INFO  ipc.Client (Client.java:handleConnectionFailure(977)) - Retrying connect to server: localhost/127.0.0.1:12209. Already tried 10 time(s); retry policy is RetryUpToMaximumCountWithFixedSleep(maxRetries=15, sleepTime=1000 MILLISECONDS)
2021-10-28 03:03:03,331 [Datanode State Machine Daemon Thread] ERROR datanode.RunningDatanodeState (RunningDatanodeState.java:computeNextContainerState(199)) - Error in executing end point task.
java.util.concurrent.ExecutionException: java.util.concurrent.TimeoutException
	at java.util.concurrent.FutureTask.report(FutureTask.java:122)
	at java.util.concurrent.FutureTask.get(FutureTask.java:192)
	at org.apache.hadoop.ozone.container.common.states.datanode.RunningDatanodeState.computeNextContainerState(RunningDatanodeState.java:191)
	at org.apache.hadoop.ozone.container.common.states.datanode.RunningDatanodeState.await(RunningDatanodeState.java:231)
	at org.apache.hadoop.ozone.container.common.states.datanode.RunningDatanodeState.await(RunningDatanodeState.java:50)
	at org.apache.hadoop.ozone.container.common.statemachine.StateContext.execute(StateContext.java:633)
	at org.apache.hadoop.ozone.container.common.statemachine.DatanodeStateMachine.start(DatanodeStateMachine.java:280)
	at org.apache.hadoop.ozone.container.common.statemachine.DatanodeStateMachine.lambda$startDaemon$0(DatanodeStateMachine.java:468)
	at java.lang.Thread.run(Thread.java:748)
Caused by: java.util.concurrent.TimeoutException
	at java.util.concurrent.FutureTask.get(FutureTask.java:205)
	at org.apache.hadoop.ozone.container.common.states.datanode.RunningDatanodeState.lambda$execute$0(RunningDatanodeState.java:149)
	at java.util.concurrent.FutureTask.run(FutureTask.java:266)
	at java.util.concurrent.Executors$RunnableAdapter.call(Executors.java:511)
	at java.util.concurrent.FutureTask.run(FutureTask.java:266)
	at java.util.concurrent.ThreadPoolExecutor.runWorker(ThreadPoolExecutor.java:1149)
	at java.util.concurrent.ThreadPoolExecutor$Worker.run(ThreadPoolExecutor.java:624)
	... 1 more
2021-10-28 03:03:03,842 [Listener at 127.0.0.1/11132] INFO  ozone.MiniOzoneClusterImpl (MiniOzoneClusterImpl.java:lambda$waitForClusterToBeReady$0(235)) - Waiting for nodes to be ready. Got 4 of 3 DN Heartbeats.
2021-10-28 03:03:03,842 [Listener at 127.0.0.1/11132] INFO  ozone.MiniOzoneClusterImpl (MiniOzoneClusterImpl.java:lambda$waitForClusterToBeReady$0(238)) - Cluster exits safe mode
2021-10-28 03:03:03,843 [Listener at 127.0.0.1/11132] INFO  ozone.MiniOzoneClusterImpl (MiniOzoneClusterImpl.java:lambda$waitForClusterToBeReady$0(240)) - SCM became leader
2021-10-28 03:03:03,847 [EndpointStateMachine task thread for /127.0.0.1:13013 - 0 ] INFO  ipc.Client (Client.java:handleConnectionFailure(977)) - Retrying connect to server: localhost/127.0.0.1:13013. Already tried 9 time(s); retry policy is RetryUpToMaximumCountWithFixedSleep(maxRetries=15, sleepTime=1000 MILLISECONDS)
2021-10-28 03:03:03,859 [EndpointStateMachine task thread for /127.0.0.1:13023 - 0 ] INFO  ipc.Client (Client.java:handleConnectionFailure(977)) - Retrying connect to server: localhost/127.0.0.1:13023. Already tried 9 time(s); retry policy is RetryUpToMaximumCountWithFixedSleep(maxRetries=15, sleepTime=1000 MILLISECONDS)
2021-10-28 03:03:03,939 [EndpointStateMachine task thread for /127.0.0.1:12189 - 0 ] INFO  ipc.Client (Client.java:handleConnectionFailure(977)) - Retrying connect to server: localhost/127.0.0.1:12189. Already tried 14 time(s); retry policy is RetryUpToMaximumCountWithFixedSleep(maxRetries=15, sleepTime=1000 MILLISECONDS)
2021-10-28 03:03:03,962 [EndpointStateMachine task thread for /127.0.0.1:12199 - 0 ] INFO  ipc.Client (Client.java:handleConnectionFailure(977)) - Retrying connect to server: localhost/127.0.0.1:12199. Already tried 14 time(s); retry policy is RetryUpToMaximumCountWithFixedSleep(maxRetries=15, sleepTime=1000 MILLISECONDS)
2021-10-28 03:03:04,111 [Datanode State Machine Daemon Thread] ERROR datanode.RunningDatanodeState (RunningDatanodeState.java:computeNextContainerState(199)) - Error in executing end point task.
java.util.concurrent.ExecutionException: java.util.concurrent.TimeoutException
	at java.util.concurrent.FutureTask.report(FutureTask.java:122)
	at java.util.concurrent.FutureTask.get(FutureTask.java:192)
	at org.apache.hadoop.ozone.container.common.states.datanode.RunningDatanodeState.computeNextContainerState(RunningDatanodeState.java:191)
	at org.apache.hadoop.ozone.container.common.states.datanode.RunningDatanodeState.await(RunningDatanodeState.java:231)
	at org.apache.hadoop.ozone.container.common.states.datanode.RunningDatanodeState.await(RunningDatanodeState.java:50)
	at org.apache.hadoop.ozone.container.common.statemachine.StateContext.execute(StateContext.java:633)
	at org.apache.hadoop.ozone.container.common.statemachine.DatanodeStateMachine.start(DatanodeStateMachine.java:280)
	at org.apache.hadoop.ozone.container.common.statemachine.DatanodeStateMachine.lambda$startDaemon$0(DatanodeStateMachine.java:468)
	at java.lang.Thread.run(Thread.java:748)
Caused by: java.util.concurrent.TimeoutException
	at java.util.concurrent.FutureTask.get(FutureTask.java:205)
	at org.apache.hadoop.ozone.container.common.states.datanode.RunningDatanodeState.lambda$execute$0(RunningDatanodeState.java:149)
	at java.util.concurrent.FutureTask.run(FutureTask.java:266)
	at java.util.concurrent.Executors$RunnableAdapter.call(Executors.java:511)
	at java.util.concurrent.FutureTask.run(FutureTask.java:266)
	at java.util.concurrent.ThreadPoolExecutor.runWorker(ThreadPoolExecutor.java:1149)
	at java.util.concurrent.ThreadPoolExecutor$Worker.run(ThreadPoolExecutor.java:624)
	... 1 more
2021-10-28 03:03:04,294 [EndpointStateMachine task thread for /127.0.0.1:12209 - 0 ] INFO  ipc.Client (Client.java:handleConnectionFailure(977)) - Retrying connect to server: localhost/127.0.0.1:12209. Already tried 11 time(s); retry policy is RetryUpToMaximumCountWithFixedSleep(maxRetries=15, sleepTime=1000 MILLISECONDS)
2021-10-28 03:03:04,843 [Listener at 127.0.0.1/11132] INFO  ozone.MiniOzoneClusterImpl (MiniOzoneClusterImpl.java:lambda$waitForClusterToBeReady$0(235)) - Waiting for nodes to be ready. Got 4 of 3 DN Heartbeats.
2021-10-28 03:03:04,843 [Listener at 127.0.0.1/11132] INFO  ozone.MiniOzoneClusterImpl (MiniOzoneClusterImpl.java:lambda$waitForClusterToBeReady$0(238)) - Cluster exits safe mode
2021-10-28 03:03:04,843 [Listener at 127.0.0.1/11132] INFO  ozone.MiniOzoneClusterImpl (MiniOzoneClusterImpl.java:lambda$waitForClusterToBeReady$0(240)) - SCM became leader
2021-10-28 03:03:04,847 [EndpointStateMachine task thread for /127.0.0.1:13013 - 0 ] INFO  ipc.Client (Client.java:handleConnectionFailure(977)) - Retrying connect to server: localhost/127.0.0.1:13013. Already tried 10 time(s); retry policy is RetryUpToMaximumCountWithFixedSleep(maxRetries=15, sleepTime=1000 MILLISECONDS)
2021-10-28 03:03:04,859 [EndpointStateMachine task thread for /127.0.0.1:13023 - 0 ] INFO  ipc.Client (Client.java:handleConnectionFailure(977)) - Retrying connect to server: localhost/127.0.0.1:13023. Already tried 10 time(s); retry policy is RetryUpToMaximumCountWithFixedSleep(maxRetries=15, sleepTime=1000 MILLISECONDS)
2021-10-28 03:03:04,940 [EndpointStateMachine task thread for /127.0.0.1:12189 - 0 ] INFO  ipc.Client (Client.java:handleConnectionFailure(977)) - Retrying connect to server: localhost/127.0.0.1:12189. Already tried 0 time(s); retry policy is RetryUpToMaximumCountWithFixedSleep(maxRetries=15, sleepTime=1000 MILLISECONDS)
2021-10-28 03:03:04,963 [EndpointStateMachine task thread for /127.0.0.1:12199 - 0 ] INFO  ipc.Client (Client.java:handleConnectionFailure(977)) - Retrying connect to server: localhost/127.0.0.1:12199. Already tried 0 time(s); retry policy is RetryUpToMaximumCountWithFixedSleep(maxRetries=15, sleepTime=1000 MILLISECONDS)
2021-10-28 03:03:05,112 [Datanode State Machine Daemon Thread] ERROR datanode.RunningDatanodeState (RunningDatanodeState.java:computeNextContainerState(199)) - Error in executing end point task.
java.util.concurrent.ExecutionException: java.util.concurrent.TimeoutException
	at java.util.concurrent.FutureTask.report(FutureTask.java:122)
	at java.util.concurrent.FutureTask.get(FutureTask.java:192)
	at org.apache.hadoop.ozone.container.common.states.datanode.RunningDatanodeState.computeNextContainerState(RunningDatanodeState.java:191)
	at org.apache.hadoop.ozone.container.common.states.datanode.RunningDatanodeState.await(RunningDatanodeState.java:231)
	at org.apache.hadoop.ozone.container.common.states.datanode.RunningDatanodeState.await(RunningDatanodeState.java:50)
	at org.apache.hadoop.ozone.container.common.statemachine.StateContext.execute(StateContext.java:633)
	at org.apache.hadoop.ozone.container.common.statemachine.DatanodeStateMachine.start(DatanodeStateMachine.java:280)
	at org.apache.hadoop.ozone.container.common.statemachine.DatanodeStateMachine.lambda$startDaemon$0(DatanodeStateMachine.java:468)
	at java.lang.Thread.run(Thread.java:748)
Caused by: java.util.concurrent.TimeoutException
	at java.util.concurrent.FutureTask.get(FutureTask.java:205)
	at org.apache.hadoop.ozone.container.common.states.datanode.RunningDatanodeState.lambda$execute$0(RunningDatanodeState.java:149)
	at java.util.concurrent.FutureTask.run(FutureTask.java:266)
	at java.util.concurrent.Executors$RunnableAdapter.call(Executors.java:511)
	at java.util.concurrent.FutureTask.run(FutureTask.java:266)
	at java.util.concurrent.ThreadPoolExecutor.runWorker(ThreadPoolExecutor.java:1149)
	at java.util.concurrent.ThreadPoolExecutor$Worker.run(ThreadPoolExecutor.java:624)
	... 1 more
2021-10-28 03:03:05,297 [EndpointStateMachine task thread for /127.0.0.1:12209 - 0 ] INFO  ipc.Client (Client.java:handleConnectionFailure(977)) - Retrying connect to server: localhost/127.0.0.1:12209. Already tried 12 time(s); retry policy is RetryUpToMaximumCountWithFixedSleep(maxRetries=15, sleepTime=1000 MILLISECONDS)
2021-10-28 03:03:05,839 [Datanode State Machine Daemon Thread] ERROR datanode.RunningDatanodeState (RunningDatanodeState.java:computeNextContainerState(199)) - Error in executing end point task.
java.util.concurrent.ExecutionException: java.util.concurrent.TimeoutException
	at java.util.concurrent.FutureTask.report(FutureTask.java:122)
	at java.util.concurrent.FutureTask.get(FutureTask.java:192)
	at org.apache.hadoop.ozone.container.common.states.datanode.RunningDatanodeState.computeNextContainerState(RunningDatanodeState.java:191)
	at org.apache.hadoop.ozone.container.common.states.datanode.RunningDatanodeState.await(RunningDatanodeState.java:231)
	at org.apache.hadoop.ozone.container.common.states.datanode.RunningDatanodeState.await(RunningDatanodeState.java:50)
	at org.apache.hadoop.ozone.container.common.statemachine.StateContext.execute(StateContext.java:633)
	at org.apache.hadoop.ozone.container.common.statemachine.DatanodeStateMachine.start(DatanodeStateMachine.java:280)
	at org.apache.hadoop.ozone.container.common.statemachine.DatanodeStateMachine.lambda$startDaemon$0(DatanodeStateMachine.java:468)
	at java.lang.Thread.run(Thread.java:748)
Caused by: java.util.concurrent.TimeoutException
	at java.util.concurrent.FutureTask.get(FutureTask.java:205)
	at org.apache.hadoop.ozone.container.common.states.datanode.RunningDatanodeState.lambda$execute$0(RunningDatanodeState.java:149)
	at java.util.concurrent.FutureTask.run(FutureTask.java:266)
	at java.util.concurrent.Executors$RunnableAdapter.call(Executors.java:511)
	at java.util.concurrent.FutureTask.run(FutureTask.java:266)
	at java.util.concurrent.ThreadPoolExecutor.runWorker(ThreadPoolExecutor.java:1149)
	at java.util.concurrent.ThreadPoolExecutor$Worker.run(ThreadPoolExecutor.java:624)
	... 1 more
2021-10-28 03:03:05,843 [Listener at 127.0.0.1/11132] INFO  ozone.MiniOzoneClusterImpl (MiniOzoneClusterImpl.java:lambda$waitForClusterToBeReady$0(235)) - Waiting for nodes to be ready. Got 4 of 3 DN Heartbeats.
2021-10-28 03:03:05,844 [Listener at 127.0.0.1/11132] INFO  ozone.MiniOzoneClusterImpl (MiniOzoneClusterImpl.java:lambda$waitForClusterToBeReady$0(238)) - Cluster exits safe mode
2021-10-28 03:03:05,844 [Listener at 127.0.0.1/11132] INFO  ozone.MiniOzoneClusterImpl (MiniOzoneClusterImpl.java:lambda$waitForClusterToBeReady$0(240)) - SCM became leader
2021-10-28 03:03:05,848 [EndpointStateMachine task thread for /127.0.0.1:13013 - 0 ] INFO  ipc.Client (Client.java:handleConnectionFailure(977)) - Retrying connect to server: localhost/127.0.0.1:13013. Already tried 11 time(s); retry policy is RetryUpToMaximumCountWithFixedSleep(maxRetries=15, sleepTime=1000 MILLISECONDS)
2021-10-28 03:03:05,859 [EndpointStateMachine task thread for /127.0.0.1:13023 - 0 ] INFO  ipc.Client (Client.java:handleConnectionFailure(977)) - Retrying connect to server: localhost/127.0.0.1:13023. Already tried 11 time(s); retry policy is RetryUpToMaximumCountWithFixedSleep(maxRetries=15, sleepTime=1000 MILLISECONDS)
2021-10-28 03:03:05,940 [EndpointStateMachine task thread for /127.0.0.1:12189 - 0 ] INFO  ipc.Client (Client.java:handleConnectionFailure(977)) - Retrying connect to server: localhost/127.0.0.1:12189. Already tried 1 time(s); retry policy is RetryUpToMaximumCountWithFixedSleep(maxRetries=15, sleepTime=1000 MILLISECONDS)
2021-10-28 03:03:05,963 [EndpointStateMachine task thread for /127.0.0.1:12199 - 0 ] INFO  ipc.Client (Client.java:handleConnectionFailure(977)) - Retrying connect to server: localhost/127.0.0.1:12199. Already tried 1 time(s); retry policy is RetryUpToMaximumCountWithFixedSleep(maxRetries=15, sleepTime=1000 MILLISECONDS)
2021-10-28 03:03:06,297 [EndpointStateMachine task thread for /127.0.0.1:12209 - 0 ] INFO  ipc.Client (Client.java:handleConnectionFailure(977)) - Retrying connect to server: localhost/127.0.0.1:12209. Already tried 13 time(s); retry policy is RetryUpToMaximumCountWithFixedSleep(maxRetries=15, sleepTime=1000 MILLISECONDS)
2021-10-28 03:03:06,844 [Listener at 127.0.0.1/11132] INFO  ozone.MiniOzoneClusterImpl (MiniOzoneClusterImpl.java:lambda$waitForClusterToBeReady$0(235)) - Waiting for nodes to be ready. Got 4 of 3 DN Heartbeats.
2021-10-28 03:03:06,844 [Listener at 127.0.0.1/11132] INFO  ozone.MiniOzoneClusterImpl (MiniOzoneClusterImpl.java:lambda$waitForClusterToBeReady$0(238)) - Cluster exits safe mode
2021-10-28 03:03:06,844 [Listener at 127.0.0.1/11132] INFO  ozone.MiniOzoneClusterImpl (MiniOzoneClusterImpl.java:lambda$waitForClusterToBeReady$0(240)) - SCM became leader
2021-10-28 03:03:06,851 [EndpointStateMachine task thread for /127.0.0.1:13013 - 0 ] INFO  ipc.Client (Client.java:handleConnectionFailure(977)) - Retrying connect to server: localhost/127.0.0.1:13013. Already tried 12 time(s); retry policy is RetryUpToMaximumCountWithFixedSleep(maxRetries=15, sleepTime=1000 MILLISECONDS)
2021-10-28 03:03:06,860 [EndpointStateMachine task thread for /127.0.0.1:13023 - 0 ] INFO  ipc.Client (Client.java:handleConnectionFailure(977)) - Retrying connect to server: localhost/127.0.0.1:13023. Already tried 12 time(s); retry policy is RetryUpToMaximumCountWithFixedSleep(maxRetries=15, sleepTime=1000 MILLISECONDS)
2021-10-28 03:03:06,941 [EndpointStateMachine task thread for /127.0.0.1:12189 - 0 ] INFO  ipc.Client (Client.java:handleConnectionFailure(977)) - Retrying connect to server: localhost/127.0.0.1:12189. Already tried 2 time(s); retry policy is RetryUpToMaximumCountWithFixedSleep(maxRetries=15, sleepTime=1000 MILLISECONDS)
2021-10-28 03:03:06,964 [EndpointStateMachine task thread for /127.0.0.1:12199 - 0 ] INFO  ipc.Client (Client.java:handleConnectionFailure(977)) - Retrying connect to server: localhost/127.0.0.1:12199. Already tried 2 time(s); retry policy is RetryUpToMaximumCountWithFixedSleep(maxRetries=15, sleepTime=1000 MILLISECONDS)
2021-10-28 03:03:07,298 [EndpointStateMachine task thread for /127.0.0.1:12209 - 0 ] INFO  ipc.Client (Client.java:handleConnectionFailure(977)) - Retrying connect to server: localhost/127.0.0.1:12209. Already tried 14 time(s); retry policy is RetryUpToMaximumCountWithFixedSleep(maxRetries=15, sleepTime=1000 MILLISECONDS)
2021-10-28 03:03:07,840 [Datanode State Machine Daemon Thread] ERROR datanode.RunningDatanodeState (RunningDatanodeState.java:computeNextContainerState(199)) - Error in executing end point task.
java.util.concurrent.ExecutionException: java.util.concurrent.TimeoutException
	at java.util.concurrent.FutureTask.report(FutureTask.java:122)
	at java.util.concurrent.FutureTask.get(FutureTask.java:192)
	at org.apache.hadoop.ozone.container.common.states.datanode.RunningDatanodeState.computeNextContainerState(RunningDatanodeState.java:191)
	at org.apache.hadoop.ozone.container.common.states.datanode.RunningDatanodeState.await(RunningDatanodeState.java:231)
	at org.apache.hadoop.ozone.container.common.states.datanode.RunningDatanodeState.await(RunningDatanodeState.java:50)
	at org.apache.hadoop.ozone.container.common.statemachine.StateContext.execute(StateContext.java:633)
	at org.apache.hadoop.ozone.container.common.statemachine.DatanodeStateMachine.start(DatanodeStateMachine.java:280)
	at org.apache.hadoop.ozone.container.common.statemachine.DatanodeStateMachine.lambda$startDaemon$0(DatanodeStateMachine.java:468)
	at java.lang.Thread.run(Thread.java:748)
Caused by: java.util.concurrent.TimeoutException
	at java.util.concurrent.FutureTask.get(FutureTask.java:205)
	at org.apache.hadoop.ozone.container.common.states.datanode.RunningDatanodeState.lambda$execute$0(RunningDatanodeState.java:149)
	at java.util.concurrent.FutureTask.run(FutureTask.java:266)
	at java.util.concurrent.Executors$RunnableAdapter.call(Executors.java:511)
	at java.util.concurrent.FutureTask.run(FutureTask.java:266)
	at java.util.concurrent.ThreadPoolExecutor.runWorker(ThreadPoolExecutor.java:1149)
	at java.util.concurrent.ThreadPoolExecutor$Worker.run(ThreadPoolExecutor.java:624)
	... 1 more
2021-10-28 03:03:07,845 [Listener at 127.0.0.1/11132] INFO  ozone.MiniOzoneClusterImpl (MiniOzoneClusterImpl.java:lambda$waitForClusterToBeReady$0(235)) - Waiting for nodes to be ready. Got 4 of 3 DN Heartbeats.
2021-10-28 03:03:07,845 [Listener at 127.0.0.1/11132] INFO  ozone.MiniOzoneClusterImpl (MiniOzoneClusterImpl.java:lambda$waitForClusterToBeReady$0(238)) - Cluster exits safe mode
2021-10-28 03:03:07,845 [Listener at 127.0.0.1/11132] INFO  ozone.MiniOzoneClusterImpl (MiniOzoneClusterImpl.java:lambda$waitForClusterToBeReady$0(240)) - SCM became leader
2021-10-28 03:03:07,851 [EndpointStateMachine task thread for /127.0.0.1:13013 - 0 ] INFO  ipc.Client (Client.java:handleConnectionFailure(977)) - Retrying connect to server: localhost/127.0.0.1:13013. Already tried 13 time(s); retry policy is RetryUpToMaximumCountWithFixedSleep(maxRetries=15, sleepTime=1000 MILLISECONDS)
2021-10-28 03:03:07,860 [EndpointStateMachine task thread for /127.0.0.1:13023 - 0 ] INFO  ipc.Client (Client.java:handleConnectionFailure(977)) - Retrying connect to server: localhost/127.0.0.1:13023. Already tried 13 time(s); retry policy is RetryUpToMaximumCountWithFixedSleep(maxRetries=15, sleepTime=1000 MILLISECONDS)
2021-10-28 03:03:07,941 [EndpointStateMachine task thread for /127.0.0.1:12189 - 0 ] INFO  ipc.Client (Client.java:handleConnectionFailure(977)) - Retrying connect to server: localhost/127.0.0.1:12189. Already tried 3 time(s); retry policy is RetryUpToMaximumCountWithFixedSleep(maxRetries=15, sleepTime=1000 MILLISECONDS)
2021-10-28 03:03:07,964 [EndpointStateMachine task thread for /127.0.0.1:12199 - 0 ] INFO  ipc.Client (Client.java:handleConnectionFailure(977)) - Retrying connect to server: localhost/127.0.0.1:12199. Already tried 3 time(s); retry policy is RetryUpToMaximumCountWithFixedSleep(maxRetries=15, sleepTime=1000 MILLISECONDS)
2021-10-28 03:03:08,112 [Datanode State Machine Daemon Thread] ERROR datanode.RunningDatanodeState (RunningDatanodeState.java:computeNextContainerState(199)) - Error in executing end point task.
java.util.concurrent.ExecutionException: java.util.concurrent.TimeoutException
	at java.util.concurrent.FutureTask.report(FutureTask.java:122)
	at java.util.concurrent.FutureTask.get(FutureTask.java:192)
	at org.apache.hadoop.ozone.container.common.states.datanode.RunningDatanodeState.computeNextContainerState(RunningDatanodeState.java:191)
	at org.apache.hadoop.ozone.container.common.states.datanode.RunningDatanodeState.await(RunningDatanodeState.java:231)
	at org.apache.hadoop.ozone.container.common.states.datanode.RunningDatanodeState.await(RunningDatanodeState.java:50)
	at org.apache.hadoop.ozone.container.common.statemachine.StateContext.execute(StateContext.java:633)
	at org.apache.hadoop.ozone.container.common.statemachine.DatanodeStateMachine.start(DatanodeStateMachine.java:280)
	at org.apache.hadoop.ozone.container.common.statemachine.DatanodeStateMachine.lambda$startDaemon$0(DatanodeStateMachine.java:468)
	at java.lang.Thread.run(Thread.java:748)
Caused by: java.util.concurrent.TimeoutException
	at java.util.concurrent.FutureTask.get(FutureTask.java:205)
	at org.apache.hadoop.ozone.container.common.states.datanode.RunningDatanodeState.lambda$execute$0(RunningDatanodeState.java:149)
	at java.util.concurrent.FutureTask.run(FutureTask.java:266)
	at java.util.concurrent.Executors$RunnableAdapter.call(Executors.java:511)
	at java.util.concurrent.FutureTask.run(FutureTask.java:266)
	at java.util.concurrent.ThreadPoolExecutor.runWorker(ThreadPoolExecutor.java:1149)
	at java.util.concurrent.ThreadPoolExecutor$Worker.run(ThreadPoolExecutor.java:624)
	... 1 more
2021-10-28 03:03:08,299 [EndpointStateMachine task thread for /127.0.0.1:12209 - 0 ] INFO  ipc.Client (Client.java:handleConnectionFailure(977)) - Retrying connect to server: localhost/127.0.0.1:12209. Already tried 0 time(s); retry policy is RetryUpToMaximumCountWithFixedSleep(maxRetries=15, sleepTime=1000 MILLISECONDS)
2021-10-28 03:03:08,335 [Datanode State Machine Daemon Thread] ERROR datanode.RunningDatanodeState (RunningDatanodeState.java:computeNextContainerState(199)) - Error in executing end point task.
java.util.concurrent.ExecutionException: java.util.concurrent.TimeoutException
	at java.util.concurrent.FutureTask.report(FutureTask.java:122)
	at java.util.concurrent.FutureTask.get(FutureTask.java:192)
	at org.apache.hadoop.ozone.container.common.states.datanode.RunningDatanodeState.computeNextContainerState(RunningDatanodeState.java:191)
	at org.apache.hadoop.ozone.container.common.states.datanode.RunningDatanodeState.await(RunningDatanodeState.java:231)
	at org.apache.hadoop.ozone.container.common.states.datanode.RunningDatanodeState.await(RunningDatanodeState.java:50)
	at org.apache.hadoop.ozone.container.common.statemachine.StateContext.execute(StateContext.java:633)
	at org.apache.hadoop.ozone.container.common.statemachine.DatanodeStateMachine.start(DatanodeStateMachine.java:280)
	at org.apache.hadoop.ozone.container.common.statemachine.DatanodeStateMachine.lambda$startDaemon$0(DatanodeStateMachine.java:468)
	at java.lang.Thread.run(Thread.java:748)
Caused by: java.util.concurrent.TimeoutException
	at java.util.concurrent.FutureTask.get(FutureTask.java:205)
	at org.apache.hadoop.ozone.container.common.states.datanode.RunningDatanodeState.lambda$execute$0(RunningDatanodeState.java:149)
	at java.util.concurrent.FutureTask.run(FutureTask.java:266)
	at java.util.concurrent.Executors$RunnableAdapter.call(Executors.java:511)
	at java.util.concurrent.FutureTask.run(FutureTask.java:266)
	at java.util.concurrent.ThreadPoolExecutor.runWorker(ThreadPoolExecutor.java:1149)
	at java.util.concurrent.ThreadPoolExecutor$Worker.run(ThreadPoolExecutor.java:624)
	... 1 more
2021-10-28 03:03:08,841 [Datanode State Machine Daemon Thread] ERROR datanode.RunningDatanodeState (RunningDatanodeState.java:computeNextContainerState(199)) - Error in executing end point task.
java.util.concurrent.ExecutionException: java.util.concurrent.TimeoutException
	at java.util.concurrent.FutureTask.report(FutureTask.java:122)
	at java.util.concurrent.FutureTask.get(FutureTask.java:192)
	at org.apache.hadoop.ozone.container.common.states.datanode.RunningDatanodeState.computeNextContainerState(RunningDatanodeState.java:191)
	at org.apache.hadoop.ozone.container.common.states.datanode.RunningDatanodeState.await(RunningDatanodeState.java:231)
	at org.apache.hadoop.ozone.container.common.states.datanode.RunningDatanodeState.await(RunningDatanodeState.java:50)
	at org.apache.hadoop.ozone.container.common.statemachine.StateContext.execute(StateContext.java:633)
	at org.apache.hadoop.ozone.container.common.statemachine.DatanodeStateMachine.start(DatanodeStateMachine.java:280)
	at org.apache.hadoop.ozone.container.common.statemachine.DatanodeStateMachine.lambda$startDaemon$0(DatanodeStateMachine.java:468)
	at java.lang.Thread.run(Thread.java:748)
Caused by: java.util.concurrent.TimeoutException
	at java.util.concurrent.FutureTask.get(FutureTask.java:205)
	at org.apache.hadoop.ozone.container.common.states.datanode.RunningDatanodeState.lambda$execute$0(RunningDatanodeState.java:149)
	at java.util.concurrent.FutureTask.run(FutureTask.java:266)
	at java.util.concurrent.Executors$RunnableAdapter.call(Executors.java:511)
	at java.util.concurrent.FutureTask.run(FutureTask.java:266)
	at java.util.concurrent.ThreadPoolExecutor.runWorker(ThreadPoolExecutor.java:1149)
	at java.util.concurrent.ThreadPoolExecutor$Worker.run(ThreadPoolExecutor.java:624)
	... 1 more
2021-10-28 03:03:08,845 [Listener at 127.0.0.1/11132] INFO  ozone.MiniOzoneClusterImpl (MiniOzoneClusterImpl.java:lambda$waitForClusterToBeReady$0(235)) - Waiting for nodes to be ready. Got 4 of 3 DN Heartbeats.
2021-10-28 03:03:08,845 [Listener at 127.0.0.1/11132] INFO  ozone.MiniOzoneClusterImpl (MiniOzoneClusterImpl.java:lambda$waitForClusterToBeReady$0(238)) - Cluster exits safe mode
2021-10-28 03:03:08,846 [Listener at 127.0.0.1/11132] INFO  ozone.MiniOzoneClusterImpl (MiniOzoneClusterImpl.java:lambda$waitForClusterToBeReady$0(240)) - SCM became leader
2021-10-28 03:03:08,852 [EndpointStateMachine task thread for /127.0.0.1:13013 - 0 ] INFO  ipc.Client (Client.java:handleConnectionFailure(977)) - Retrying connect to server: localhost/127.0.0.1:13013. Already tried 14 time(s); retry policy is RetryUpToMaximumCountWithFixedSleep(maxRetries=15, sleepTime=1000 MILLISECONDS)
2021-10-28 03:03:08,861 [EndpointStateMachine task thread for /127.0.0.1:13023 - 0 ] INFO  ipc.Client (Client.java:handleConnectionFailure(977)) - Retrying connect to server: localhost/127.0.0.1:13023. Already tried 14 time(s); retry policy is RetryUpToMaximumCountWithFixedSleep(maxRetries=15, sleepTime=1000 MILLISECONDS)
2021-10-28 03:03:08,942 [EndpointStateMachine task thread for /127.0.0.1:12189 - 0 ] INFO  ipc.Client (Client.java:handleConnectionFailure(977)) - Retrying connect to server: localhost/127.0.0.1:12189. Already tried 4 time(s); retry policy is RetryUpToMaximumCountWithFixedSleep(maxRetries=15, sleepTime=1000 MILLISECONDS)
2021-10-28 03:03:08,965 [EndpointStateMachine task thread for /127.0.0.1:12199 - 0 ] INFO  ipc.Client (Client.java:handleConnectionFailure(977)) - Retrying connect to server: localhost/127.0.0.1:12199. Already tried 4 time(s); retry policy is RetryUpToMaximumCountWithFixedSleep(maxRetries=15, sleepTime=1000 MILLISECONDS)
2021-10-28 03:03:09,299 [EndpointStateMachine task thread for /127.0.0.1:12209 - 0 ] INFO  ipc.Client (Client.java:handleConnectionFailure(977)) - Retrying connect to server: localhost/127.0.0.1:12209. Already tried 1 time(s); retry policy is RetryUpToMaximumCountWithFixedSleep(maxRetries=15, sleepTime=1000 MILLISECONDS)
2021-10-28 03:03:09,846 [Listener at 127.0.0.1/11132] INFO  ozone.MiniOzoneClusterImpl (MiniOzoneClusterImpl.java:lambda$waitForClusterToBeReady$0(235)) - Waiting for nodes to be ready. Got 4 of 3 DN Heartbeats.
2021-10-28 03:03:09,846 [Listener at 127.0.0.1/11132] INFO  ozone.MiniOzoneClusterImpl (MiniOzoneClusterImpl.java:lambda$waitForClusterToBeReady$0(238)) - Cluster exits safe mode
2021-10-28 03:03:09,846 [Listener at 127.0.0.1/11132] INFO  ozone.MiniOzoneClusterImpl (MiniOzoneClusterImpl.java:lambda$waitForClusterToBeReady$0(240)) - SCM became leader
2021-10-28 03:03:09,853 [EndpointStateMachine task thread for /127.0.0.1:13013 - 0 ] INFO  ipc.Client (Client.java:handleConnectionFailure(977)) - Retrying connect to server: localhost/127.0.0.1:13013. Already tried 0 time(s); retry policy is RetryUpToMaximumCountWithFixedSleep(maxRetries=15, sleepTime=1000 MILLISECONDS)
2021-10-28 03:03:09,862 [EndpointStateMachine task thread for /127.0.0.1:13023 - 0 ] INFO  ipc.Client (Client.java:handleConnectionFailure(977)) - Retrying connect to server: localhost/127.0.0.1:13023. Already tried 0 time(s); retry policy is RetryUpToMaximumCountWithFixedSleep(maxRetries=15, sleepTime=1000 MILLISECONDS)
2021-10-28 03:03:09,942 [EndpointStateMachine task thread for /127.0.0.1:12189 - 0 ] INFO  ipc.Client (Client.java:handleConnectionFailure(977)) - Retrying connect to server: localhost/127.0.0.1:12189. Already tried 5 time(s); retry policy is RetryUpToMaximumCountWithFixedSleep(maxRetries=15, sleepTime=1000 MILLISECONDS)
2021-10-28 03:03:09,965 [EndpointStateMachine task thread for /127.0.0.1:12199 - 0 ] INFO  ipc.Client (Client.java:handleConnectionFailure(977)) - Retrying connect to server: localhost/127.0.0.1:12199. Already tried 5 time(s); retry policy is RetryUpToMaximumCountWithFixedSleep(maxRetries=15, sleepTime=1000 MILLISECONDS)
2021-10-28 03:03:10,113 [Datanode State Machine Daemon Thread] ERROR datanode.RunningDatanodeState (RunningDatanodeState.java:computeNextContainerState(199)) - Error in executing end point task.
java.util.concurrent.ExecutionException: java.util.concurrent.TimeoutException
	at java.util.concurrent.FutureTask.report(FutureTask.java:122)
	at java.util.concurrent.FutureTask.get(FutureTask.java:192)
	at org.apache.hadoop.ozone.container.common.states.datanode.RunningDatanodeState.computeNextContainerState(RunningDatanodeState.java:191)
	at org.apache.hadoop.ozone.container.common.states.datanode.RunningDatanodeState.await(RunningDatanodeState.java:231)
	at org.apache.hadoop.ozone.container.common.states.datanode.RunningDatanodeState.await(RunningDatanodeState.java:50)
	at org.apache.hadoop.ozone.container.common.statemachine.StateContext.execute(StateContext.java:633)
	at org.apache.hadoop.ozone.container.common.statemachine.DatanodeStateMachine.start(DatanodeStateMachine.java:280)
	at org.apache.hadoop.ozone.container.common.statemachine.DatanodeStateMachine.lambda$startDaemon$0(DatanodeStateMachine.java:468)
	at java.lang.Thread.run(Thread.java:748)
Caused by: java.util.concurrent.TimeoutException
	at java.util.concurrent.FutureTask.get(FutureTask.java:205)
	at org.apache.hadoop.ozone.container.common.states.datanode.RunningDatanodeState.lambda$execute$0(RunningDatanodeState.java:149)
	at java.util.concurrent.FutureTask.run(FutureTask.java:266)
	at java.util.concurrent.Executors$RunnableAdapter.call(Executors.java:511)
	at java.util.concurrent.FutureTask.run(FutureTask.java:266)
	at java.util.concurrent.ThreadPoolExecutor.runWorker(ThreadPoolExecutor.java:1149)
	at java.util.concurrent.ThreadPoolExecutor$Worker.run(ThreadPoolExecutor.java:624)
	... 1 more
2021-10-28 03:03:10,300 [EndpointStateMachine task thread for /127.0.0.1:12209 - 0 ] INFO  ipc.Client (Client.java:handleConnectionFailure(977)) - Retrying connect to server: localhost/127.0.0.1:12209. Already tried 2 time(s); retry policy is RetryUpToMaximumCountWithFixedSleep(maxRetries=15, sleepTime=1000 MILLISECONDS)
2021-10-28 03:03:10,336 [Datanode State Machine Daemon Thread] ERROR datanode.RunningDatanodeState (RunningDatanodeState.java:computeNextContainerState(199)) - Error in executing end point task.
java.util.concurrent.ExecutionException: java.util.concurrent.TimeoutException
	at java.util.concurrent.FutureTask.report(FutureTask.java:122)
	at java.util.concurrent.FutureTask.get(FutureTask.java:192)
	at org.apache.hadoop.ozone.container.common.states.datanode.RunningDatanodeState.computeNextContainerState(RunningDatanodeState.java:191)
	at org.apache.hadoop.ozone.container.common.states.datanode.RunningDatanodeState.await(RunningDatanodeState.java:231)
	at org.apache.hadoop.ozone.container.common.states.datanode.RunningDatanodeState.await(RunningDatanodeState.java:50)
	at org.apache.hadoop.ozone.container.common.statemachine.StateContext.execute(StateContext.java:633)
	at org.apache.hadoop.ozone.container.common.statemachine.DatanodeStateMachine.start(DatanodeStateMachine.java:280)
	at org.apache.hadoop.ozone.container.common.statemachine.DatanodeStateMachine.lambda$startDaemon$0(DatanodeStateMachine.java:468)
	at java.lang.Thread.run(Thread.java:748)
Caused by: java.util.concurrent.TimeoutException
	at java.util.concurrent.FutureTask.get(FutureTask.java:205)
	at org.apache.hadoop.ozone.container.common.states.datanode.RunningDatanodeState.lambda$execute$0(RunningDatanodeState.java:149)
	at java.util.concurrent.FutureTask.run(FutureTask.java:266)
	at java.util.concurrent.Executors$RunnableAdapter.call(Executors.java:511)
	at java.util.concurrent.FutureTask.run(FutureTask.java:266)
	at java.util.concurrent.ThreadPoolExecutor.runWorker(ThreadPoolExecutor.java:1149)
	at java.util.concurrent.ThreadPoolExecutor$Worker.run(ThreadPoolExecutor.java:624)
	... 1 more
2021-10-28 03:03:10,847 [Listener at 127.0.0.1/11132] INFO  ozone.MiniOzoneClusterImpl (MiniOzoneClusterImpl.java:lambda$waitForClusterToBeReady$0(235)) - Waiting for nodes to be ready. Got 4 of 3 DN Heartbeats.
2021-10-28 03:03:10,847 [Listener at 127.0.0.1/11132] INFO  ozone.MiniOzoneClusterImpl (MiniOzoneClusterImpl.java:lambda$waitForClusterToBeReady$0(238)) - Cluster exits safe mode
2021-10-28 03:03:10,847 [Listener at 127.0.0.1/11132] INFO  ozone.MiniOzoneClusterImpl (MiniOzoneClusterImpl.java:lambda$waitForClusterToBeReady$0(240)) - SCM became leader
2021-10-28 03:03:10,854 [EndpointStateMachine task thread for /127.0.0.1:13013 - 0 ] INFO  ipc.Client (Client.java:handleConnectionFailure(977)) - Retrying connect to server: localhost/127.0.0.1:13013. Already tried 1 time(s); retry policy is RetryUpToMaximumCountWithFixedSleep(maxRetries=15, sleepTime=1000 MILLISECONDS)
2021-10-28 03:03:10,862 [EndpointStateMachine task thread for /127.0.0.1:13023 - 0 ] INFO  ipc.Client (Client.java:handleConnectionFailure(977)) - Retrying connect to server: localhost/127.0.0.1:13023. Already tried 1 time(s); retry policy is RetryUpToMaximumCountWithFixedSleep(maxRetries=15, sleepTime=1000 MILLISECONDS)
2021-10-28 03:03:10,943 [EndpointStateMachine task thread for /127.0.0.1:12189 - 0 ] INFO  ipc.Client (Client.java:handleConnectionFailure(977)) - Retrying connect to server: localhost/127.0.0.1:12189. Already tried 6 time(s); retry policy is RetryUpToMaximumCountWithFixedSleep(maxRetries=15, sleepTime=1000 MILLISECONDS)
2021-10-28 03:03:10,965 [EndpointStateMachine task thread for /127.0.0.1:12199 - 0 ] INFO  ipc.Client (Client.java:handleConnectionFailure(977)) - Retrying connect to server: localhost/127.0.0.1:12199. Already tried 6 time(s); retry policy is RetryUpToMaximumCountWithFixedSleep(maxRetries=15, sleepTime=1000 MILLISECONDS)
2021-10-28 03:03:11,301 [EndpointStateMachine task thread for /127.0.0.1:12209 - 0 ] INFO  ipc.Client (Client.java:handleConnectionFailure(977)) - Retrying connect to server: localhost/127.0.0.1:12209. Already tried 3 time(s); retry policy is RetryUpToMaximumCountWithFixedSleep(maxRetries=15, sleepTime=1000 MILLISECONDS)
2021-10-28 03:03:11,337 [Datanode State Machine Daemon Thread] ERROR datanode.RunningDatanodeState (RunningDatanodeState.java:computeNextContainerState(199)) - Error in executing end point task.
java.util.concurrent.ExecutionException: java.util.concurrent.TimeoutException
	at java.util.concurrent.FutureTask.report(FutureTask.java:122)
	at java.util.concurrent.FutureTask.get(FutureTask.java:192)
	at org.apache.hadoop.ozone.container.common.states.datanode.RunningDatanodeState.computeNextContainerState(RunningDatanodeState.java:191)
	at org.apache.hadoop.ozone.container.common.states.datanode.RunningDatanodeState.await(RunningDatanodeState.java:231)
	at org.apache.hadoop.ozone.container.common.states.datanode.RunningDatanodeState.await(RunningDatanodeState.java:50)
	at org.apache.hadoop.ozone.container.common.statemachine.StateContext.execute(StateContext.java:633)
	at org.apache.hadoop.ozone.container.common.statemachine.DatanodeStateMachine.start(DatanodeStateMachine.java:280)
	at org.apache.hadoop.ozone.container.common.statemachine.DatanodeStateMachine.lambda$startDaemon$0(DatanodeStateMachine.java:468)
	at java.lang.Thread.run(Thread.java:748)
Caused by: java.util.concurrent.TimeoutException
	at java.util.concurrent.FutureTask.get(FutureTask.java:205)
	at org.apache.hadoop.ozone.container.common.states.datanode.RunningDatanodeState.lambda$execute$0(RunningDatanodeState.java:149)
	at java.util.concurrent.FutureTask.run(FutureTask.java:266)
	at java.util.concurrent.Executors$RunnableAdapter.call(Executors.java:511)
	at java.util.concurrent.FutureTask.run(FutureTask.java:266)
	at java.util.concurrent.ThreadPoolExecutor.runWorker(ThreadPoolExecutor.java:1149)
	at java.util.concurrent.ThreadPoolExecutor$Worker.run(ThreadPoolExecutor.java:624)
	... 1 more
2021-10-28 03:03:11,847 [Listener at 127.0.0.1/11132] INFO  ozone.MiniOzoneClusterImpl (MiniOzoneClusterImpl.java:lambda$waitForClusterToBeReady$0(235)) - Waiting for nodes to be ready. Got 4 of 3 DN Heartbeats.
2021-10-28 03:03:11,848 [Listener at 127.0.0.1/11132] INFO  ozone.MiniOzoneClusterImpl (MiniOzoneClusterImpl.java:lambda$waitForClusterToBeReady$0(238)) - Cluster exits safe mode
2021-10-28 03:03:11,848 [Listener at 127.0.0.1/11132] INFO  ozone.MiniOzoneClusterImpl (MiniOzoneClusterImpl.java:lambda$waitForClusterToBeReady$0(240)) - SCM became leader
2021-10-28 03:03:11,854 [EndpointStateMachine task thread for /127.0.0.1:13013 - 0 ] INFO  ipc.Client (Client.java:handleConnectionFailure(977)) - Retrying connect to server: localhost/127.0.0.1:13013. Already tried 2 time(s); retry policy is RetryUpToMaximumCountWithFixedSleep(maxRetries=15, sleepTime=1000 MILLISECONDS)
2021-10-28 03:03:11,863 [EndpointStateMachine task thread for /127.0.0.1:13023 - 0 ] INFO  ipc.Client (Client.java:handleConnectionFailure(977)) - Retrying connect to server: localhost/127.0.0.1:13023. Already tried 2 time(s); retry policy is RetryUpToMaximumCountWithFixedSleep(maxRetries=15, sleepTime=1000 MILLISECONDS)
2021-10-28 03:03:11,943 [EndpointStateMachine task thread for /127.0.0.1:12189 - 0 ] INFO  ipc.Client (Client.java:handleConnectionFailure(977)) - Retrying connect to server: localhost/127.0.0.1:12189. Already tried 7 time(s); retry policy is RetryUpToMaximumCountWithFixedSleep(maxRetries=15, sleepTime=1000 MILLISECONDS)
2021-10-28 03:03:11,966 [EndpointStateMachine task thread for /127.0.0.1:12199 - 0 ] INFO  ipc.Client (Client.java:handleConnectionFailure(977)) - Retrying connect to server: localhost/127.0.0.1:12199. Already tried 7 time(s); retry policy is RetryUpToMaximumCountWithFixedSleep(maxRetries=15, sleepTime=1000 MILLISECONDS)
2021-10-28 03:03:12,301 [EndpointStateMachine task thread for /127.0.0.1:12209 - 0 ] INFO  ipc.Client (Client.java:handleConnectionFailure(977)) - Retrying connect to server: localhost/127.0.0.1:12209. Already tried 4 time(s); retry policy is RetryUpToMaximumCountWithFixedSleep(maxRetries=15, sleepTime=1000 MILLISECONDS)
2021-10-28 03:03:12,848 [Listener at 127.0.0.1/11132] INFO  ozone.MiniOzoneClusterImpl (MiniOzoneClusterImpl.java:lambda$waitForClusterToBeReady$0(235)) - Waiting for nodes to be ready. Got 4 of 3 DN Heartbeats.
2021-10-28 03:03:12,848 [Listener at 127.0.0.1/11132] INFO  ozone.MiniOzoneClusterImpl (MiniOzoneClusterImpl.java:lambda$waitForClusterToBeReady$0(238)) - Cluster exits safe mode
2021-10-28 03:03:12,848 [Listener at 127.0.0.1/11132] INFO  ozone.MiniOzoneClusterImpl (MiniOzoneClusterImpl.java:lambda$waitForClusterToBeReady$0(240)) - SCM became leader
2021-10-28 03:03:12,855 [EndpointStateMachine task thread for /127.0.0.1:13013 - 0 ] INFO  ipc.Client (Client.java:handleConnectionFailure(977)) - Retrying connect to server: localhost/127.0.0.1:13013. Already tried 3 time(s); retry policy is RetryUpToMaximumCountWithFixedSleep(maxRetries=15, sleepTime=1000 MILLISECONDS)
2021-10-28 03:03:12,865 [EndpointStateMachine task thread for /127.0.0.1:13023 - 0 ] INFO  ipc.Client (Client.java:handleConnectionFailure(977)) - Retrying connect to server: localhost/127.0.0.1:13023. Already tried 3 time(s); retry policy is RetryUpToMaximumCountWithFixedSleep(maxRetries=15, sleepTime=1000 MILLISECONDS)
2021-10-28 03:03:12,944 [EndpointStateMachine task thread for /127.0.0.1:12189 - 0 ] INFO  ipc.Client (Client.java:handleConnectionFailure(977)) - Retrying connect to server: localhost/127.0.0.1:12189. Already tried 8 time(s); retry policy is RetryUpToMaximumCountWithFixedSleep(maxRetries=15, sleepTime=1000 MILLISECONDS)
2021-10-28 03:03:12,966 [EndpointStateMachine task thread for /127.0.0.1:12199 - 0 ] INFO  ipc.Client (Client.java:handleConnectionFailure(977)) - Retrying connect to server: localhost/127.0.0.1:12199. Already tried 8 time(s); retry policy is RetryUpToMaximumCountWithFixedSleep(maxRetries=15, sleepTime=1000 MILLISECONDS)
2021-10-28 03:03:13,114 [Datanode State Machine Daemon Thread] ERROR datanode.RunningDatanodeState (RunningDatanodeState.java:computeNextContainerState(199)) - Error in executing end point task.
java.util.concurrent.ExecutionException: java.util.concurrent.TimeoutException
	at java.util.concurrent.FutureTask.report(FutureTask.java:122)
	at java.util.concurrent.FutureTask.get(FutureTask.java:192)
	at org.apache.hadoop.ozone.container.common.states.datanode.RunningDatanodeState.computeNextContainerState(RunningDatanodeState.java:191)
	at org.apache.hadoop.ozone.container.common.states.datanode.RunningDatanodeState.await(RunningDatanodeState.java:231)
	at org.apache.hadoop.ozone.container.common.states.datanode.RunningDatanodeState.await(RunningDatanodeState.java:50)
	at org.apache.hadoop.ozone.container.common.statemachine.StateContext.execute(StateContext.java:633)
	at org.apache.hadoop.ozone.container.common.statemachine.DatanodeStateMachine.start(DatanodeStateMachine.java:280)
	at org.apache.hadoop.ozone.container.common.statemachine.DatanodeStateMachine.lambda$startDaemon$0(DatanodeStateMachine.java:468)
	at java.lang.Thread.run(Thread.java:748)
Caused by: java.util.concurrent.TimeoutException
	at java.util.concurrent.FutureTask.get(FutureTask.java:205)
	at org.apache.hadoop.ozone.container.common.states.datanode.RunningDatanodeState.lambda$execute$0(RunningDatanodeState.java:149)
	at java.util.concurrent.FutureTask.run(FutureTask.java:266)
	at java.util.concurrent.Executors$RunnableAdapter.call(Executors.java:511)
	at java.util.concurrent.FutureTask.run(FutureTask.java:266)
	at java.util.concurrent.ThreadPoolExecutor.runWorker(ThreadPoolExecutor.java:1149)
	at java.util.concurrent.ThreadPoolExecutor$Worker.run(ThreadPoolExecutor.java:624)
	... 1 more
2021-10-28 03:03:13,307 [EndpointStateMachine task thread for /127.0.0.1:12209 - 0 ] INFO  ipc.Client (Client.java:handleConnectionFailure(977)) - Retrying connect to server: localhost/127.0.0.1:12209. Already tried 5 time(s); retry policy is RetryUpToMaximumCountWithFixedSleep(maxRetries=15, sleepTime=1000 MILLISECONDS)
2021-10-28 03:03:13,849 [Listener at 127.0.0.1/11132] INFO  ozone.MiniOzoneClusterImpl (MiniOzoneClusterImpl.java:lambda$waitForClusterToBeReady$0(235)) - Waiting for nodes to be ready. Got 4 of 3 DN Heartbeats.
2021-10-28 03:03:13,849 [Listener at 127.0.0.1/11132] INFO  ozone.MiniOzoneClusterImpl (MiniOzoneClusterImpl.java:lambda$waitForClusterToBeReady$0(238)) - Cluster exits safe mode
2021-10-28 03:03:13,849 [Listener at 127.0.0.1/11132] INFO  ozone.MiniOzoneClusterImpl (MiniOzoneClusterImpl.java:lambda$waitForClusterToBeReady$0(240)) - SCM became leader
2021-10-28 03:03:13,855 [EndpointStateMachine task thread for /127.0.0.1:13013 - 0 ] INFO  ipc.Client (Client.java:handleConnectionFailure(977)) - Retrying connect to server: localhost/127.0.0.1:13013. Already tried 4 time(s); retry policy is RetryUpToMaximumCountWithFixedSleep(maxRetries=15, sleepTime=1000 MILLISECONDS)
2021-10-28 03:03:13,866 [EndpointStateMachine task thread for /127.0.0.1:13023 - 0 ] INFO  ipc.Client (Client.java:handleConnectionFailure(977)) - Retrying connect to server: localhost/127.0.0.1:13023. Already tried 4 time(s); retry policy is RetryUpToMaximumCountWithFixedSleep(maxRetries=15, sleepTime=1000 MILLISECONDS)
2021-10-28 03:03:13,944 [EndpointStateMachine task thread for /127.0.0.1:12189 - 0 ] INFO  ipc.Client (Client.java:handleConnectionFailure(977)) - Retrying connect to server: localhost/127.0.0.1:12189. Already tried 9 time(s); retry policy is RetryUpToMaximumCountWithFixedSleep(maxRetries=15, sleepTime=1000 MILLISECONDS)
2021-10-28 03:03:13,967 [EndpointStateMachine task thread for /127.0.0.1:12199 - 0 ] INFO  ipc.Client (Client.java:handleConnectionFailure(977)) - Retrying connect to server: localhost/127.0.0.1:12199. Already tried 9 time(s); retry policy is RetryUpToMaximumCountWithFixedSleep(maxRetries=15, sleepTime=1000 MILLISECONDS)
2021-10-28 03:03:14,116 [Datanode State Machine Daemon Thread] ERROR datanode.RunningDatanodeState (RunningDatanodeState.java:computeNextContainerState(199)) - Error in executing end point task.
java.util.concurrent.ExecutionException: java.util.concurrent.TimeoutException
	at java.util.concurrent.FutureTask.report(FutureTask.java:122)
	at java.util.concurrent.FutureTask.get(FutureTask.java:192)
	at org.apache.hadoop.ozone.container.common.states.datanode.RunningDatanodeState.computeNextContainerState(RunningDatanodeState.java:191)
	at org.apache.hadoop.ozone.container.common.states.datanode.RunningDatanodeState.await(RunningDatanodeState.java:231)
	at org.apache.hadoop.ozone.container.common.states.datanode.RunningDatanodeState.await(RunningDatanodeState.java:50)
	at org.apache.hadoop.ozone.container.common.statemachine.StateContext.execute(StateContext.java:633)
	at org.apache.hadoop.ozone.container.common.statemachine.DatanodeStateMachine.start(DatanodeStateMachine.java:280)
	at org.apache.hadoop.ozone.container.common.statemachine.DatanodeStateMachine.lambda$startDaemon$0(DatanodeStateMachine.java:468)
	at java.lang.Thread.run(Thread.java:748)
Caused by: java.util.concurrent.TimeoutException
	at java.util.concurrent.FutureTask.get(FutureTask.java:205)
	at org.apache.hadoop.ozone.container.common.states.datanode.RunningDatanodeState.lambda$execute$0(RunningDatanodeState.java:149)
	at java.util.concurrent.FutureTask.run(FutureTask.java:266)
	at java.util.concurrent.Executors$RunnableAdapter.call(Executors.java:511)
	at java.util.concurrent.FutureTask.run(FutureTask.java:266)
	at java.util.concurrent.ThreadPoolExecutor.runWorker(ThreadPoolExecutor.java:1149)
	at java.util.concurrent.ThreadPoolExecutor$Worker.run(ThreadPoolExecutor.java:624)
	... 1 more
2021-10-28 03:03:14,308 [EndpointStateMachine task thread for /127.0.0.1:12209 - 0 ] INFO  ipc.Client (Client.java:handleConnectionFailure(977)) - Retrying connect to server: localhost/127.0.0.1:12209. Already tried 6 time(s); retry policy is RetryUpToMaximumCountWithFixedSleep(maxRetries=15, sleepTime=1000 MILLISECONDS)
2021-10-28 03:03:14,849 [Listener at 127.0.0.1/11132] INFO  ozone.MiniOzoneClusterImpl (MiniOzoneClusterImpl.java:lambda$waitForClusterToBeReady$0(235)) - Waiting for nodes to be ready. Got 4 of 3 DN Heartbeats.
2021-10-28 03:03:14,850 [Listener at 127.0.0.1/11132] INFO  ozone.MiniOzoneClusterImpl (MiniOzoneClusterImpl.java:lambda$waitForClusterToBeReady$0(238)) - Cluster exits safe mode
2021-10-28 03:03:14,850 [Listener at 127.0.0.1/11132] INFO  ozone.MiniOzoneClusterImpl (MiniOzoneClusterImpl.java:lambda$waitForClusterToBeReady$0(240)) - SCM became leader
2021-10-28 03:03:14,856 [EndpointStateMachine task thread for /127.0.0.1:13013 - 0 ] INFO  ipc.Client (Client.java:handleConnectionFailure(977)) - Retrying connect to server: localhost/127.0.0.1:13013. Already tried 5 time(s); retry policy is RetryUpToMaximumCountWithFixedSleep(maxRetries=15, sleepTime=1000 MILLISECONDS)
2021-10-28 03:03:14,866 [EndpointStateMachine task thread for /127.0.0.1:13023 - 0 ] INFO  ipc.Client (Client.java:handleConnectionFailure(977)) - Retrying connect to server: localhost/127.0.0.1:13023. Already tried 5 time(s); retry policy is RetryUpToMaximumCountWithFixedSleep(maxRetries=15, sleepTime=1000 MILLISECONDS)
2021-10-28 03:03:14,945 [EndpointStateMachine task thread for /127.0.0.1:12189 - 0 ] INFO  ipc.Client (Client.java:handleConnectionFailure(977)) - Retrying connect to server: localhost/127.0.0.1:12189. Already tried 10 time(s); retry policy is RetryUpToMaximumCountWithFixedSleep(maxRetries=15, sleepTime=1000 MILLISECONDS)
2021-10-28 03:03:14,967 [EndpointStateMachine task thread for /127.0.0.1:12199 - 0 ] INFO  ipc.Client (Client.java:handleConnectionFailure(977)) - Retrying connect to server: localhost/127.0.0.1:12199. Already tried 10 time(s); retry policy is RetryUpToMaximumCountWithFixedSleep(maxRetries=15, sleepTime=1000 MILLISECONDS)
2021-10-28 03:03:15,318 [EndpointStateMachine task thread for /127.0.0.1:12209 - 0 ] INFO  ipc.Client (Client.java:handleConnectionFailure(977)) - Retrying connect to server: localhost/127.0.0.1:12209. Already tried 7 time(s); retry policy is RetryUpToMaximumCountWithFixedSleep(maxRetries=15, sleepTime=1000 MILLISECONDS)
2021-10-28 03:03:15,850 [Listener at 127.0.0.1/11132] INFO  ozone.MiniOzoneClusterImpl (MiniOzoneClusterImpl.java:lambda$waitForClusterToBeReady$0(235)) - Waiting for nodes to be ready. Got 4 of 3 DN Heartbeats.
2021-10-28 03:03:15,850 [Listener at 127.0.0.1/11132] INFO  ozone.MiniOzoneClusterImpl (MiniOzoneClusterImpl.java:lambda$waitForClusterToBeReady$0(238)) - Cluster exits safe mode
2021-10-28 03:03:15,850 [Listener at 127.0.0.1/11132] INFO  ozone.MiniOzoneClusterImpl (MiniOzoneClusterImpl.java:lambda$waitForClusterToBeReady$0(240)) - SCM became leader
2021-10-28 03:03:15,856 [EndpointStateMachine task thread for /127.0.0.1:13013 - 0 ] INFO  ipc.Client (Client.java:handleConnectionFailure(977)) - Retrying connect to server: localhost/127.0.0.1:13013. Already tried 6 time(s); retry policy is RetryUpToMaximumCountWithFixedSleep(maxRetries=15, sleepTime=1000 MILLISECONDS)
2021-10-28 03:03:15,867 [EndpointStateMachine task thread for /127.0.0.1:13023 - 0 ] INFO  ipc.Client (Client.java:handleConnectionFailure(977)) - Retrying connect to server: localhost/127.0.0.1:13023. Already tried 6 time(s); retry policy is RetryUpToMaximumCountWithFixedSleep(maxRetries=15, sleepTime=1000 MILLISECONDS)
2021-10-28 03:03:15,945 [EndpointStateMachine task thread for /127.0.0.1:12189 - 0 ] INFO  ipc.Client (Client.java:handleConnectionFailure(977)) - Retrying connect to server: localhost/127.0.0.1:12189. Already tried 11 time(s); retry policy is RetryUpToMaximumCountWithFixedSleep(maxRetries=15, sleepTime=1000 MILLISECONDS)
2021-10-28 03:03:15,968 [EndpointStateMachine task thread for /127.0.0.1:12199 - 0 ] INFO  ipc.Client (Client.java:handleConnectionFailure(977)) - Retrying connect to server: localhost/127.0.0.1:12199. Already tried 11 time(s); retry policy is RetryUpToMaximumCountWithFixedSleep(maxRetries=15, sleepTime=1000 MILLISECONDS)
2021-10-28 03:03:16,118 [Datanode State Machine Daemon Thread] ERROR datanode.RunningDatanodeState (RunningDatanodeState.java:computeNextContainerState(199)) - Error in executing end point task.
java.util.concurrent.ExecutionException: java.util.concurrent.TimeoutException
	at java.util.concurrent.FutureTask.report(FutureTask.java:122)
	at java.util.concurrent.FutureTask.get(FutureTask.java:192)
	at org.apache.hadoop.ozone.container.common.states.datanode.RunningDatanodeState.computeNextContainerState(RunningDatanodeState.java:191)
	at org.apache.hadoop.ozone.container.common.states.datanode.RunningDatanodeState.await(RunningDatanodeState.java:231)
	at org.apache.hadoop.ozone.container.common.states.datanode.RunningDatanodeState.await(RunningDatanodeState.java:50)
	at org.apache.hadoop.ozone.container.common.statemachine.StateContext.execute(StateContext.java:633)
	at org.apache.hadoop.ozone.container.common.statemachine.DatanodeStateMachine.start(DatanodeStateMachine.java:280)
	at org.apache.hadoop.ozone.container.common.statemachine.DatanodeStateMachine.lambda$startDaemon$0(DatanodeStateMachine.java:468)
	at java.lang.Thread.run(Thread.java:748)
Caused by: java.util.concurrent.TimeoutException
	at java.util.concurrent.FutureTask.get(FutureTask.java:205)
	at org.apache.hadoop.ozone.container.common.states.datanode.RunningDatanodeState.lambda$execute$0(RunningDatanodeState.java:149)
	at java.util.concurrent.FutureTask.run(FutureTask.java:266)
	at java.util.concurrent.Executors$RunnableAdapter.call(Executors.java:511)
	at java.util.concurrent.FutureTask.run(FutureTask.java:266)
	at java.util.concurrent.ThreadPoolExecutor.runWorker(ThreadPoolExecutor.java:1149)
	at java.util.concurrent.ThreadPoolExecutor$Worker.run(ThreadPoolExecutor.java:624)
	... 1 more
2021-10-28 03:03:16,319 [EndpointStateMachine task thread for /127.0.0.1:12209 - 0 ] INFO  ipc.Client (Client.java:handleConnectionFailure(977)) - Retrying connect to server: localhost/127.0.0.1:12209. Already tried 8 time(s); retry policy is RetryUpToMaximumCountWithFixedSleep(maxRetries=15, sleepTime=1000 MILLISECONDS)
2021-10-28 03:03:16,342 [Datanode State Machine Daemon Thread] ERROR datanode.RunningDatanodeState (RunningDatanodeState.java:computeNextContainerState(199)) - Error in executing end point task.
java.util.concurrent.ExecutionException: java.util.concurrent.TimeoutException
	at java.util.concurrent.FutureTask.report(FutureTask.java:122)
	at java.util.concurrent.FutureTask.get(FutureTask.java:192)
	at org.apache.hadoop.ozone.container.common.states.datanode.RunningDatanodeState.computeNextContainerState(RunningDatanodeState.java:191)
	at org.apache.hadoop.ozone.container.common.states.datanode.RunningDatanodeState.await(RunningDatanodeState.java:231)
	at org.apache.hadoop.ozone.container.common.states.datanode.RunningDatanodeState.await(RunningDatanodeState.java:50)
	at org.apache.hadoop.ozone.container.common.statemachine.StateContext.execute(StateContext.java:633)
	at org.apache.hadoop.ozone.container.common.statemachine.DatanodeStateMachine.start(DatanodeStateMachine.java:280)
	at org.apache.hadoop.ozone.container.common.statemachine.DatanodeStateMachine.lambda$startDaemon$0(DatanodeStateMachine.java:468)
	at java.lang.Thread.run(Thread.java:748)
Caused by: java.util.concurrent.TimeoutException
	at java.util.concurrent.FutureTask.get(FutureTask.java:205)
	at org.apache.hadoop.ozone.container.common.states.datanode.RunningDatanodeState.lambda$execute$0(RunningDatanodeState.java:149)
	at java.util.concurrent.FutureTask.run(FutureTask.java:266)
	at java.util.concurrent.Executors$RunnableAdapter.call(Executors.java:511)
	at java.util.concurrent.FutureTask.run(FutureTask.java:266)
	at java.util.concurrent.ThreadPoolExecutor.runWorker(ThreadPoolExecutor.java:1149)
	at java.util.concurrent.ThreadPoolExecutor$Worker.run(ThreadPoolExecutor.java:624)
	... 1 more
2021-10-28 03:03:16,851 [Listener at 127.0.0.1/11132] INFO  ozone.MiniOzoneClusterImpl (MiniOzoneClusterImpl.java:lambda$waitForClusterToBeReady$0(235)) - Waiting for nodes to be ready. Got 4 of 3 DN Heartbeats.
2021-10-28 03:03:16,851 [Listener at 127.0.0.1/11132] INFO  ozone.MiniOzoneClusterImpl (MiniOzoneClusterImpl.java:lambda$waitForClusterToBeReady$0(238)) - Cluster exits safe mode
2021-10-28 03:03:16,851 [Listener at 127.0.0.1/11132] INFO  ozone.MiniOzoneClusterImpl (MiniOzoneClusterImpl.java:lambda$waitForClusterToBeReady$0(240)) - SCM became leader
2021-10-28 03:03:16,857 [EndpointStateMachine task thread for /127.0.0.1:13013 - 0 ] INFO  ipc.Client (Client.java:handleConnectionFailure(977)) - Retrying connect to server: localhost/127.0.0.1:13013. Already tried 7 time(s); retry policy is RetryUpToMaximumCountWithFixedSleep(maxRetries=15, sleepTime=1000 MILLISECONDS)
2021-10-28 03:03:16,875 [EndpointStateMachine task thread for /127.0.0.1:13023 - 0 ] INFO  ipc.Client (Client.java:handleConnectionFailure(977)) - Retrying connect to server: localhost/127.0.0.1:13023. Already tried 7 time(s); retry policy is RetryUpToMaximumCountWithFixedSleep(maxRetries=15, sleepTime=1000 MILLISECONDS)
2021-10-28 03:03:16,946 [EndpointStateMachine task thread for /127.0.0.1:12189 - 0 ] INFO  ipc.Client (Client.java:handleConnectionFailure(977)) - Retrying connect to server: localhost/127.0.0.1:12189. Already tried 12 time(s); retry policy is RetryUpToMaximumCountWithFixedSleep(maxRetries=15, sleepTime=1000 MILLISECONDS)
2021-10-28 03:03:16,969 [EndpointStateMachine task thread for /127.0.0.1:12199 - 0 ] INFO  ipc.Client (Client.java:handleConnectionFailure(977)) - Retrying connect to server: localhost/127.0.0.1:12199. Already tried 12 time(s); retry policy is RetryUpToMaximumCountWithFixedSleep(maxRetries=15, sleepTime=1000 MILLISECONDS)
2021-10-28 03:03:17,319 [EndpointStateMachine task thread for /127.0.0.1:12209 - 0 ] INFO  ipc.Client (Client.java:handleConnectionFailure(977)) - Retrying connect to server: localhost/127.0.0.1:12209. Already tried 9 time(s); retry policy is RetryUpToMaximumCountWithFixedSleep(maxRetries=15, sleepTime=1000 MILLISECONDS)
2021-10-28 03:03:17,344 [Datanode State Machine Daemon Thread] ERROR datanode.RunningDatanodeState (RunningDatanodeState.java:computeNextContainerState(199)) - Error in executing end point task.
java.util.concurrent.ExecutionException: java.util.concurrent.TimeoutException
	at java.util.concurrent.FutureTask.report(FutureTask.java:122)
	at java.util.concurrent.FutureTask.get(FutureTask.java:192)
	at org.apache.hadoop.ozone.container.common.states.datanode.RunningDatanodeState.computeNextContainerState(RunningDatanodeState.java:191)
	at org.apache.hadoop.ozone.container.common.states.datanode.RunningDatanodeState.await(RunningDatanodeState.java:231)
	at org.apache.hadoop.ozone.container.common.states.datanode.RunningDatanodeState.await(RunningDatanodeState.java:50)
	at org.apache.hadoop.ozone.container.common.statemachine.StateContext.execute(StateContext.java:633)
	at org.apache.hadoop.ozone.container.common.statemachine.DatanodeStateMachine.start(DatanodeStateMachine.java:280)
	at org.apache.hadoop.ozone.container.common.statemachine.DatanodeStateMachine.lambda$startDaemon$0(DatanodeStateMachine.java:468)
	at java.lang.Thread.run(Thread.java:748)
Caused by: java.util.concurrent.TimeoutException
	at java.util.concurrent.FutureTask.get(FutureTask.java:205)
	at org.apache.hadoop.ozone.container.common.states.datanode.RunningDatanodeState.lambda$execute$0(RunningDatanodeState.java:149)
	at java.util.concurrent.FutureTask.run(FutureTask.java:266)
	at java.util.concurrent.Executors$RunnableAdapter.call(Executors.java:511)
	at java.util.concurrent.FutureTask.run(FutureTask.java:266)
	at java.util.concurrent.ThreadPoolExecutor.runWorker(ThreadPoolExecutor.java:1149)
	at java.util.concurrent.ThreadPoolExecutor$Worker.run(ThreadPoolExecutor.java:624)
	... 1 more
2021-10-28 03:03:17,851 [Listener at 127.0.0.1/11132] INFO  ozone.MiniOzoneClusterImpl (MiniOzoneClusterImpl.java:lambda$waitForClusterToBeReady$0(235)) - Waiting for nodes to be ready. Got 4 of 3 DN Heartbeats.
2021-10-28 03:03:17,851 [Listener at 127.0.0.1/11132] INFO  ozone.MiniOzoneClusterImpl (MiniOzoneClusterImpl.java:lambda$waitForClusterToBeReady$0(238)) - Cluster exits safe mode
2021-10-28 03:03:17,852 [Listener at 127.0.0.1/11132] INFO  ozone.MiniOzoneClusterImpl (MiniOzoneClusterImpl.java:lambda$waitForClusterToBeReady$0(240)) - SCM became leader
2021-10-28 03:03:17,857 [EndpointStateMachine task thread for /127.0.0.1:13013 - 0 ] INFO  ipc.Client (Client.java:handleConnectionFailure(977)) - Retrying connect to server: localhost/127.0.0.1:13013. Already tried 8 time(s); retry policy is RetryUpToMaximumCountWithFixedSleep(maxRetries=15, sleepTime=1000 MILLISECONDS)
2021-10-28 03:03:17,875 [EndpointStateMachine task thread for /127.0.0.1:13023 - 0 ] INFO  ipc.Client (Client.java:handleConnectionFailure(977)) - Retrying connect to server: localhost/127.0.0.1:13023. Already tried 8 time(s); retry policy is RetryUpToMaximumCountWithFixedSleep(maxRetries=15, sleepTime=1000 MILLISECONDS)
2021-10-28 03:03:17,946 [EndpointStateMachine task thread for /127.0.0.1:12189 - 0 ] INFO  ipc.Client (Client.java:handleConnectionFailure(977)) - Retrying connect to server: localhost/127.0.0.1:12189. Already tried 13 time(s); retry policy is RetryUpToMaximumCountWithFixedSleep(maxRetries=15, sleepTime=1000 MILLISECONDS)
2021-10-28 03:03:17,975 [EndpointStateMachine task thread for /127.0.0.1:12199 - 0 ] INFO  ipc.Client (Client.java:handleConnectionFailure(977)) - Retrying connect to server: localhost/127.0.0.1:12199. Already tried 13 time(s); retry policy is RetryUpToMaximumCountWithFixedSleep(maxRetries=15, sleepTime=1000 MILLISECONDS)
2021-10-28 03:03:18,320 [EndpointStateMachine task thread for /127.0.0.1:12209 - 0 ] INFO  ipc.Client (Client.java:handleConnectionFailure(977)) - Retrying connect to server: localhost/127.0.0.1:12209. Already tried 10 time(s); retry policy is RetryUpToMaximumCountWithFixedSleep(maxRetries=15, sleepTime=1000 MILLISECONDS)
2021-10-28 03:03:18,344 [Datanode State Machine Daemon Thread] ERROR datanode.RunningDatanodeState (RunningDatanodeState.java:computeNextContainerState(199)) - Error in executing end point task.
java.util.concurrent.ExecutionException: java.util.concurrent.TimeoutException
	at java.util.concurrent.FutureTask.report(FutureTask.java:122)
	at java.util.concurrent.FutureTask.get(FutureTask.java:192)
	at org.apache.hadoop.ozone.container.common.states.datanode.RunningDatanodeState.computeNextContainerState(RunningDatanodeState.java:191)
	at org.apache.hadoop.ozone.container.common.states.datanode.RunningDatanodeState.await(RunningDatanodeState.java:231)
	at org.apache.hadoop.ozone.container.common.states.datanode.RunningDatanodeState.await(RunningDatanodeState.java:50)
	at org.apache.hadoop.ozone.container.common.statemachine.StateContext.execute(StateContext.java:633)
	at org.apache.hadoop.ozone.container.common.statemachine.DatanodeStateMachine.start(DatanodeStateMachine.java:280)
	at org.apache.hadoop.ozone.container.common.statemachine.DatanodeStateMachine.lambda$startDaemon$0(DatanodeStateMachine.java:468)
	at java.lang.Thread.run(Thread.java:748)
Caused by: java.util.concurrent.TimeoutException
	at java.util.concurrent.FutureTask.get(FutureTask.java:205)
	at org.apache.hadoop.ozone.container.common.states.datanode.RunningDatanodeState.lambda$execute$0(RunningDatanodeState.java:149)
	at java.util.concurrent.FutureTask.run(FutureTask.java:266)
	at java.util.concurrent.Executors$RunnableAdapter.call(Executors.java:511)
	at java.util.concurrent.FutureTask.run(FutureTask.java:266)
	at java.util.concurrent.ThreadPoolExecutor.runWorker(ThreadPoolExecutor.java:1149)
	at java.util.concurrent.ThreadPoolExecutor$Worker.run(ThreadPoolExecutor.java:624)
	... 1 more
2021-10-28 03:03:18,842 [Datanode State Machine Daemon Thread] ERROR datanode.RunningDatanodeState (RunningDatanodeState.java:computeNextContainerState(199)) - Error in executing end point task.
java.util.concurrent.ExecutionException: java.util.concurrent.TimeoutException
	at java.util.concurrent.FutureTask.report(FutureTask.java:122)
	at java.util.concurrent.FutureTask.get(FutureTask.java:192)
	at org.apache.hadoop.ozone.container.common.states.datanode.RunningDatanodeState.computeNextContainerState(RunningDatanodeState.java:191)
	at org.apache.hadoop.ozone.container.common.states.datanode.RunningDatanodeState.await(RunningDatanodeState.java:231)
	at org.apache.hadoop.ozone.container.common.states.datanode.RunningDatanodeState.await(RunningDatanodeState.java:50)
	at org.apache.hadoop.ozone.container.common.statemachine.StateContext.execute(StateContext.java:633)
	at org.apache.hadoop.ozone.container.common.statemachine.DatanodeStateMachine.start(DatanodeStateMachine.java:280)
	at org.apache.hadoop.ozone.container.common.statemachine.DatanodeStateMachine.lambda$startDaemon$0(DatanodeStateMachine.java:468)
	at java.lang.Thread.run(Thread.java:748)
Caused by: java.util.concurrent.TimeoutException
	at java.util.concurrent.FutureTask.get(FutureTask.java:205)
	at org.apache.hadoop.ozone.container.common.states.datanode.RunningDatanodeState.lambda$execute$0(RunningDatanodeState.java:149)
	at java.util.concurrent.FutureTask.run(FutureTask.java:266)
	at java.util.concurrent.Executors$RunnableAdapter.call(Executors.java:511)
	at java.util.concurrent.FutureTask.run(FutureTask.java:266)
	at java.util.concurrent.ThreadPoolExecutor.runWorker(ThreadPoolExecutor.java:1149)
	at java.util.concurrent.ThreadPoolExecutor$Worker.run(ThreadPoolExecutor.java:624)
	... 1 more
2021-10-28 03:03:18,852 [Listener at 127.0.0.1/11132] INFO  ozone.MiniOzoneClusterImpl (MiniOzoneClusterImpl.java:lambda$waitForClusterToBeReady$0(235)) - Waiting for nodes to be ready. Got 4 of 3 DN Heartbeats.
2021-10-28 03:03:18,852 [Listener at 127.0.0.1/11132] INFO  ozone.MiniOzoneClusterImpl (MiniOzoneClusterImpl.java:lambda$waitForClusterToBeReady$0(238)) - Cluster exits safe mode
2021-10-28 03:03:18,852 [Listener at 127.0.0.1/11132] INFO  ozone.MiniOzoneClusterImpl (MiniOzoneClusterImpl.java:lambda$waitForClusterToBeReady$0(240)) - SCM became leader
2021-10-28 03:03:18,857 [EndpointStateMachine task thread for /127.0.0.1:13013 - 0 ] INFO  ipc.Client (Client.java:handleConnectionFailure(977)) - Retrying connect to server: localhost/127.0.0.1:13013. Already tried 9 time(s); retry policy is RetryUpToMaximumCountWithFixedSleep(maxRetries=15, sleepTime=1000 MILLISECONDS)
2021-10-28 03:03:18,875 [EndpointStateMachine task thread for /127.0.0.1:13023 - 0 ] INFO  ipc.Client (Client.java:handleConnectionFailure(977)) - Retrying connect to server: localhost/127.0.0.1:13023. Already tried 9 time(s); retry policy is RetryUpToMaximumCountWithFixedSleep(maxRetries=15, sleepTime=1000 MILLISECONDS)
2021-10-28 03:03:18,947 [EndpointStateMachine task thread for /127.0.0.1:12189 - 0 ] INFO  ipc.Client (Client.java:handleConnectionFailure(977)) - Retrying connect to server: localhost/127.0.0.1:12189. Already tried 14 time(s); retry policy is RetryUpToMaximumCountWithFixedSleep(maxRetries=15, sleepTime=1000 MILLISECONDS)
2021-10-28 03:03:18,975 [EndpointStateMachine task thread for /127.0.0.1:12199 - 0 ] INFO  ipc.Client (Client.java:handleConnectionFailure(977)) - Retrying connect to server: localhost/127.0.0.1:12199. Already tried 14 time(s); retry policy is RetryUpToMaximumCountWithFixedSleep(maxRetries=15, sleepTime=1000 MILLISECONDS)
2021-10-28 03:03:19,120 [Datanode State Machine Daemon Thread] ERROR datanode.RunningDatanodeState (RunningDatanodeState.java:computeNextContainerState(199)) - Error in executing end point task.
java.util.concurrent.ExecutionException: java.util.concurrent.TimeoutException
	at java.util.concurrent.FutureTask.report(FutureTask.java:122)
	at java.util.concurrent.FutureTask.get(FutureTask.java:192)
	at org.apache.hadoop.ozone.container.common.states.datanode.RunningDatanodeState.computeNextContainerState(RunningDatanodeState.java:191)
	at org.apache.hadoop.ozone.container.common.states.datanode.RunningDatanodeState.await(RunningDatanodeState.java:231)
	at org.apache.hadoop.ozone.container.common.states.datanode.RunningDatanodeState.await(RunningDatanodeState.java:50)
	at org.apache.hadoop.ozone.container.common.statemachine.StateContext.execute(StateContext.java:633)
	at org.apache.hadoop.ozone.container.common.statemachine.DatanodeStateMachine.start(DatanodeStateMachine.java:280)
	at org.apache.hadoop.ozone.container.common.statemachine.DatanodeStateMachine.lambda$startDaemon$0(DatanodeStateMachine.java:468)
	at java.lang.Thread.run(Thread.java:748)
Caused by: java.util.concurrent.TimeoutException
	at java.util.concurrent.FutureTask.get(FutureTask.java:205)
	at org.apache.hadoop.ozone.container.common.states.datanode.RunningDatanodeState.lambda$execute$0(RunningDatanodeState.java:149)
	at java.util.concurrent.FutureTask.run(FutureTask.java:266)
	at java.util.concurrent.Executors$RunnableAdapter.call(Executors.java:511)
	at java.util.concurrent.FutureTask.run(FutureTask.java:266)
	at java.util.concurrent.ThreadPoolExecutor.runWorker(ThreadPoolExecutor.java:1149)
	at java.util.concurrent.ThreadPoolExecutor$Worker.run(ThreadPoolExecutor.java:624)
	... 1 more
2021-10-28 03:03:19,321 [EndpointStateMachine task thread for /127.0.0.1:12209 - 0 ] INFO  ipc.Client (Client.java:handleConnectionFailure(977)) - Retrying connect to server: localhost/127.0.0.1:12209. Already tried 11 time(s); retry policy is RetryUpToMaximumCountWithFixedSleep(maxRetries=15, sleepTime=1000 MILLISECONDS)
2021-10-28 03:03:19,842 [Datanode State Machine Daemon Thread] ERROR datanode.RunningDatanodeState (RunningDatanodeState.java:computeNextContainerState(199)) - Error in executing end point task.
java.util.concurrent.ExecutionException: java.util.concurrent.TimeoutException
	at java.util.concurrent.FutureTask.report(FutureTask.java:122)
	at java.util.concurrent.FutureTask.get(FutureTask.java:192)
	at org.apache.hadoop.ozone.container.common.states.datanode.RunningDatanodeState.computeNextContainerState(RunningDatanodeState.java:191)
	at org.apache.hadoop.ozone.container.common.states.datanode.RunningDatanodeState.await(RunningDatanodeState.java:231)
	at org.apache.hadoop.ozone.container.common.states.datanode.RunningDatanodeState.await(RunningDatanodeState.java:50)
	at org.apache.hadoop.ozone.container.common.statemachine.StateContext.execute(StateContext.java:633)
	at org.apache.hadoop.ozone.container.common.statemachine.DatanodeStateMachine.start(DatanodeStateMachine.java:280)
	at org.apache.hadoop.ozone.container.common.statemachine.DatanodeStateMachine.lambda$startDaemon$0(DatanodeStateMachine.java:468)
	at java.lang.Thread.run(Thread.java:748)
Caused by: java.util.concurrent.TimeoutException
	at java.util.concurrent.FutureTask.get(FutureTask.java:205)
	at org.apache.hadoop.ozone.container.common.states.datanode.RunningDatanodeState.lambda$execute$0(RunningDatanodeState.java:149)
	at java.util.concurrent.FutureTask.run(FutureTask.java:266)
	at java.util.concurrent.Executors$RunnableAdapter.call(Executors.java:511)
	at java.util.concurrent.FutureTask.run(FutureTask.java:266)
	at java.util.concurrent.ThreadPoolExecutor.runWorker(ThreadPoolExecutor.java:1149)
	at java.util.concurrent.ThreadPoolExecutor$Worker.run(ThreadPoolExecutor.java:624)
	... 1 more
2021-10-28 03:03:19,853 [Listener at 127.0.0.1/11132] INFO  ozone.MiniOzoneClusterImpl (MiniOzoneClusterImpl.java:lambda$waitForClusterToBeReady$0(235)) - Waiting for nodes to be ready. Got 4 of 3 DN Heartbeats.
2021-10-28 03:03:19,853 [Listener at 127.0.0.1/11132] INFO  ozone.MiniOzoneClusterImpl (MiniOzoneClusterImpl.java:lambda$waitForClusterToBeReady$0(238)) - Cluster exits safe mode
2021-10-28 03:03:19,853 [Listener at 127.0.0.1/11132] INFO  ozone.MiniOzoneClusterImpl (MiniOzoneClusterImpl.java:lambda$waitForClusterToBeReady$0(240)) - SCM became leader
2021-10-28 03:03:19,858 [EndpointStateMachine task thread for /127.0.0.1:13013 - 0 ] INFO  ipc.Client (Client.java:handleConnectionFailure(977)) - Retrying connect to server: localhost/127.0.0.1:13013. Already tried 10 time(s); retry policy is RetryUpToMaximumCountWithFixedSleep(maxRetries=15, sleepTime=1000 MILLISECONDS)
2021-10-28 03:03:19,878 [EndpointStateMachine task thread for /127.0.0.1:13023 - 0 ] INFO  ipc.Client (Client.java:handleConnectionFailure(977)) - Retrying connect to server: localhost/127.0.0.1:13023. Already tried 10 time(s); retry policy is RetryUpToMaximumCountWithFixedSleep(maxRetries=15, sleepTime=1000 MILLISECONDS)
2021-10-28 03:03:19,948 [EndpointStateMachine task thread for /127.0.0.1:12189 - 0 ] INFO  ipc.Client (Client.java:handleConnectionFailure(977)) - Retrying connect to server: localhost/127.0.0.1:12189. Already tried 0 time(s); retry policy is RetryUpToMaximumCountWithFixedSleep(maxRetries=15, sleepTime=1000 MILLISECONDS)
2021-10-28 03:03:19,976 [EndpointStateMachine task thread for /127.0.0.1:12199 - 0 ] INFO  ipc.Client (Client.java:handleConnectionFailure(977)) - Retrying connect to server: localhost/127.0.0.1:12199. Already tried 0 time(s); retry policy is RetryUpToMaximumCountWithFixedSleep(maxRetries=15, sleepTime=1000 MILLISECONDS)
2021-10-28 03:03:20,321 [EndpointStateMachine task thread for /127.0.0.1:12209 - 0 ] INFO  ipc.Client (Client.java:handleConnectionFailure(977)) - Retrying connect to server: localhost/127.0.0.1:12209. Already tried 12 time(s); retry policy is RetryUpToMaximumCountWithFixedSleep(maxRetries=15, sleepTime=1000 MILLISECONDS)
2021-10-28 03:03:20,853 [Listener at 127.0.0.1/11132] INFO  ozone.MiniOzoneClusterImpl (MiniOzoneClusterImpl.java:lambda$waitForClusterToBeReady$0(235)) - Waiting for nodes to be ready. Got 4 of 3 DN Heartbeats.
2021-10-28 03:03:20,853 [Listener at 127.0.0.1/11132] INFO  ozone.MiniOzoneClusterImpl (MiniOzoneClusterImpl.java:lambda$waitForClusterToBeReady$0(238)) - Cluster exits safe mode
2021-10-28 03:03:20,853 [Listener at 127.0.0.1/11132] INFO  ozone.MiniOzoneClusterImpl (MiniOzoneClusterImpl.java:lambda$waitForClusterToBeReady$0(240)) - SCM became leader
2021-10-28 03:03:20,859 [EndpointStateMachine task thread for /127.0.0.1:13013 - 0 ] INFO  ipc.Client (Client.java:handleConnectionFailure(977)) - Retrying connect to server: localhost/127.0.0.1:13013. Already tried 11 time(s); retry policy is RetryUpToMaximumCountWithFixedSleep(maxRetries=15, sleepTime=1000 MILLISECONDS)
2021-10-28 03:03:20,878 [EndpointStateMachine task thread for /127.0.0.1:13023 - 0 ] INFO  ipc.Client (Client.java:handleConnectionFailure(977)) - Retrying connect to server: localhost/127.0.0.1:13023. Already tried 11 time(s); retry policy is RetryUpToMaximumCountWithFixedSleep(maxRetries=15, sleepTime=1000 MILLISECONDS)
2021-10-28 03:03:20,949 [EndpointStateMachine task thread for /127.0.0.1:12189 - 0 ] INFO  ipc.Client (Client.java:handleConnectionFailure(977)) - Retrying connect to server: localhost/127.0.0.1:12189. Already tried 1 time(s); retry policy is RetryUpToMaximumCountWithFixedSleep(maxRetries=15, sleepTime=1000 MILLISECONDS)
2021-10-28 03:03:20,977 [EndpointStateMachine task thread for /127.0.0.1:12199 - 0 ] INFO  ipc.Client (Client.java:handleConnectionFailure(977)) - Retrying connect to server: localhost/127.0.0.1:12199. Already tried 1 time(s); retry policy is RetryUpToMaximumCountWithFixedSleep(maxRetries=15, sleepTime=1000 MILLISECONDS)
2021-10-28 03:03:21,322 [EndpointStateMachine task thread for /127.0.0.1:12209 - 0 ] INFO  ipc.Client (Client.java:handleConnectionFailure(977)) - Retrying connect to server: localhost/127.0.0.1:12209. Already tried 13 time(s); retry policy is RetryUpToMaximumCountWithFixedSleep(maxRetries=15, sleepTime=1000 MILLISECONDS)
2021-10-28 03:03:21,843 [Datanode State Machine Daemon Thread] ERROR datanode.RunningDatanodeState (RunningDatanodeState.java:computeNextContainerState(199)) - Error in executing end point task.
java.util.concurrent.ExecutionException: java.util.concurrent.TimeoutException
	at java.util.concurrent.FutureTask.report(FutureTask.java:122)
	at java.util.concurrent.FutureTask.get(FutureTask.java:192)
	at org.apache.hadoop.ozone.container.common.states.datanode.RunningDatanodeState.computeNextContainerState(RunningDatanodeState.java:191)
	at org.apache.hadoop.ozone.container.common.states.datanode.RunningDatanodeState.await(RunningDatanodeState.java:231)
	at org.apache.hadoop.ozone.container.common.states.datanode.RunningDatanodeState.await(RunningDatanodeState.java:50)
	at org.apache.hadoop.ozone.container.common.statemachine.StateContext.execute(StateContext.java:633)
	at org.apache.hadoop.ozone.container.common.statemachine.DatanodeStateMachine.start(DatanodeStateMachine.java:280)
	at org.apache.hadoop.ozone.container.common.statemachine.DatanodeStateMachine.lambda$startDaemon$0(DatanodeStateMachine.java:468)
	at java.lang.Thread.run(Thread.java:748)
Caused by: java.util.concurrent.TimeoutException
	at java.util.concurrent.FutureTask.get(FutureTask.java:205)
	at org.apache.hadoop.ozone.container.common.states.datanode.RunningDatanodeState.lambda$execute$0(RunningDatanodeState.java:149)
	at java.util.concurrent.FutureTask.run(FutureTask.java:266)
	at java.util.concurrent.Executors$RunnableAdapter.call(Executors.java:511)
	at java.util.concurrent.FutureTask.run(FutureTask.java:266)
	at java.util.concurrent.ThreadPoolExecutor.runWorker(ThreadPoolExecutor.java:1149)
	at java.util.concurrent.ThreadPoolExecutor$Worker.run(ThreadPoolExecutor.java:624)
	... 1 more
2021-10-28 03:03:21,854 [Listener at 127.0.0.1/11132] INFO  ozone.MiniOzoneClusterImpl (MiniOzoneClusterImpl.java:lambda$waitForClusterToBeReady$0(235)) - Waiting for nodes to be ready. Got 4 of 3 DN Heartbeats.
2021-10-28 03:03:21,854 [Listener at 127.0.0.1/11132] INFO  ozone.MiniOzoneClusterImpl (MiniOzoneClusterImpl.java:lambda$waitForClusterToBeReady$0(238)) - Cluster exits safe mode
2021-10-28 03:03:21,854 [Listener at 127.0.0.1/11132] INFO  ozone.MiniOzoneClusterImpl (MiniOzoneClusterImpl.java:lambda$waitForClusterToBeReady$0(240)) - SCM became leader
2021-10-28 03:03:21,859 [EndpointStateMachine task thread for /127.0.0.1:13013 - 0 ] INFO  ipc.Client (Client.java:handleConnectionFailure(977)) - Retrying connect to server: localhost/127.0.0.1:13013. Already tried 12 time(s); retry policy is RetryUpToMaximumCountWithFixedSleep(maxRetries=15, sleepTime=1000 MILLISECONDS)
2021-10-28 03:03:21,879 [EndpointStateMachine task thread for /127.0.0.1:13023 - 0 ] INFO  ipc.Client (Client.java:handleConnectionFailure(977)) - Retrying connect to server: localhost/127.0.0.1:13023. Already tried 12 time(s); retry policy is RetryUpToMaximumCountWithFixedSleep(maxRetries=15, sleepTime=1000 MILLISECONDS)
2021-10-28 03:03:21,949 [EndpointStateMachine task thread for /127.0.0.1:12189 - 0 ] INFO  ipc.Client (Client.java:handleConnectionFailure(977)) - Retrying connect to server: localhost/127.0.0.1:12189. Already tried 2 time(s); retry policy is RetryUpToMaximumCountWithFixedSleep(maxRetries=15, sleepTime=1000 MILLISECONDS)
2021-10-28 03:03:21,977 [EndpointStateMachine task thread for /127.0.0.1:12199 - 0 ] INFO  ipc.Client (Client.java:handleConnectionFailure(977)) - Retrying connect to server: localhost/127.0.0.1:12199. Already tried 2 time(s); retry policy is RetryUpToMaximumCountWithFixedSleep(maxRetries=15, sleepTime=1000 MILLISECONDS)
2021-10-28 03:03:22,120 [Datanode State Machine Daemon Thread] ERROR datanode.RunningDatanodeState (RunningDatanodeState.java:computeNextContainerState(199)) - Error in executing end point task.
java.util.concurrent.ExecutionException: java.util.concurrent.TimeoutException
	at java.util.concurrent.FutureTask.report(FutureTask.java:122)
	at java.util.concurrent.FutureTask.get(FutureTask.java:192)
	at org.apache.hadoop.ozone.container.common.states.datanode.RunningDatanodeState.computeNextContainerState(RunningDatanodeState.java:191)
	at org.apache.hadoop.ozone.container.common.states.datanode.RunningDatanodeState.await(RunningDatanodeState.java:231)
	at org.apache.hadoop.ozone.container.common.states.datanode.RunningDatanodeState.await(RunningDatanodeState.java:50)
	at org.apache.hadoop.ozone.container.common.statemachine.StateContext.execute(StateContext.java:633)
	at org.apache.hadoop.ozone.container.common.statemachine.DatanodeStateMachine.start(DatanodeStateMachine.java:280)
	at org.apache.hadoop.ozone.container.common.statemachine.DatanodeStateMachine.lambda$startDaemon$0(DatanodeStateMachine.java:468)
	at java.lang.Thread.run(Thread.java:748)
Caused by: java.util.concurrent.TimeoutException
	at java.util.concurrent.FutureTask.get(FutureTask.java:205)
	at org.apache.hadoop.ozone.container.common.states.datanode.RunningDatanodeState.lambda$execute$0(RunningDatanodeState.java:149)
	at java.util.concurrent.FutureTask.run(FutureTask.java:266)
	at java.util.concurrent.Executors$RunnableAdapter.call(Executors.java:511)
	at java.util.concurrent.FutureTask.run(FutureTask.java:266)
	at java.util.concurrent.ThreadPoolExecutor.runWorker(ThreadPoolExecutor.java:1149)
	at java.util.concurrent.ThreadPoolExecutor$Worker.run(ThreadPoolExecutor.java:624)
	... 1 more
2021-10-28 03:03:22,323 [EndpointStateMachine task thread for /127.0.0.1:12209 - 0 ] INFO  ipc.Client (Client.java:handleConnectionFailure(977)) - Retrying connect to server: localhost/127.0.0.1:12209. Already tried 14 time(s); retry policy is RetryUpToMaximumCountWithFixedSleep(maxRetries=15, sleepTime=1000 MILLISECONDS)
2021-10-28 03:03:22,345 [Datanode State Machine Daemon Thread] ERROR datanode.RunningDatanodeState (RunningDatanodeState.java:computeNextContainerState(199)) - Error in executing end point task.
java.util.concurrent.ExecutionException: java.util.concurrent.TimeoutException
	at java.util.concurrent.FutureTask.report(FutureTask.java:122)
	at java.util.concurrent.FutureTask.get(FutureTask.java:192)
	at org.apache.hadoop.ozone.container.common.states.datanode.RunningDatanodeState.computeNextContainerState(RunningDatanodeState.java:191)
	at org.apache.hadoop.ozone.container.common.states.datanode.RunningDatanodeState.await(RunningDatanodeState.java:231)
	at org.apache.hadoop.ozone.container.common.states.datanode.RunningDatanodeState.await(RunningDatanodeState.java:50)
	at org.apache.hadoop.ozone.container.common.statemachine.StateContext.execute(StateContext.java:633)
	at org.apache.hadoop.ozone.container.common.statemachine.DatanodeStateMachine.start(DatanodeStateMachine.java:280)
	at org.apache.hadoop.ozone.container.common.statemachine.DatanodeStateMachine.lambda$startDaemon$0(DatanodeStateMachine.java:468)
	at java.lang.Thread.run(Thread.java:748)
Caused by: java.util.concurrent.TimeoutException
	at java.util.concurrent.FutureTask.get(FutureTask.java:205)
	at org.apache.hadoop.ozone.container.common.states.datanode.RunningDatanodeState.lambda$execute$0(RunningDatanodeState.java:149)
	at java.util.concurrent.FutureTask.run(FutureTask.java:266)
	at java.util.concurrent.Executors$RunnableAdapter.call(Executors.java:511)
	at java.util.concurrent.FutureTask.run(FutureTask.java:266)
	at java.util.concurrent.ThreadPoolExecutor.runWorker(ThreadPoolExecutor.java:1149)
	at java.util.concurrent.ThreadPoolExecutor$Worker.run(ThreadPoolExecutor.java:624)
	... 1 more
2021-10-28 03:03:22,844 [Datanode State Machine Daemon Thread] ERROR datanode.RunningDatanodeState (RunningDatanodeState.java:computeNextContainerState(199)) - Error in executing end point task.
java.util.concurrent.ExecutionException: java.util.concurrent.TimeoutException
	at java.util.concurrent.FutureTask.report(FutureTask.java:122)
	at java.util.concurrent.FutureTask.get(FutureTask.java:192)
	at org.apache.hadoop.ozone.container.common.states.datanode.RunningDatanodeState.computeNextContainerState(RunningDatanodeState.java:191)
	at org.apache.hadoop.ozone.container.common.states.datanode.RunningDatanodeState.await(RunningDatanodeState.java:231)
	at org.apache.hadoop.ozone.container.common.states.datanode.RunningDatanodeState.await(RunningDatanodeState.java:50)
	at org.apache.hadoop.ozone.container.common.statemachine.StateContext.execute(StateContext.java:633)
	at org.apache.hadoop.ozone.container.common.statemachine.DatanodeStateMachine.start(DatanodeStateMachine.java:280)
	at org.apache.hadoop.ozone.container.common.statemachine.DatanodeStateMachine.lambda$startDaemon$0(DatanodeStateMachine.java:468)
	at java.lang.Thread.run(Thread.java:748)
Caused by: java.util.concurrent.TimeoutException
	at java.util.concurrent.FutureTask.get(FutureTask.java:205)
	at org.apache.hadoop.ozone.container.common.states.datanode.RunningDatanodeState.lambda$execute$0(RunningDatanodeState.java:149)
	at java.util.concurrent.FutureTask.run(FutureTask.java:266)
	at java.util.concurrent.Executors$RunnableAdapter.call(Executors.java:511)
	at java.util.concurrent.FutureTask.run(FutureTask.java:266)
	at java.util.concurrent.ThreadPoolExecutor.runWorker(ThreadPoolExecutor.java:1149)
	at java.util.concurrent.ThreadPoolExecutor$Worker.run(ThreadPoolExecutor.java:624)
	... 1 more
2021-10-28 03:03:22,855 [Listener at 127.0.0.1/11132] INFO  ozone.MiniOzoneClusterImpl (MiniOzoneClusterImpl.java:lambda$waitForClusterToBeReady$0(235)) - Waiting for nodes to be ready. Got 4 of 3 DN Heartbeats.
2021-10-28 03:03:22,855 [Listener at 127.0.0.1/11132] INFO  ozone.MiniOzoneClusterImpl (MiniOzoneClusterImpl.java:lambda$waitForClusterToBeReady$0(238)) - Cluster exits safe mode
2021-10-28 03:03:22,855 [Listener at 127.0.0.1/11132] INFO  ozone.MiniOzoneClusterImpl (MiniOzoneClusterImpl.java:lambda$waitForClusterToBeReady$0(240)) - SCM became leader
2021-10-28 03:03:22,859 [EndpointStateMachine task thread for /127.0.0.1:13013 - 0 ] INFO  ipc.Client (Client.java:handleConnectionFailure(977)) - Retrying connect to server: localhost/127.0.0.1:13013. Already tried 13 time(s); retry policy is RetryUpToMaximumCountWithFixedSleep(maxRetries=15, sleepTime=1000 MILLISECONDS)
2021-10-28 03:03:22,879 [EndpointStateMachine task thread for /127.0.0.1:13023 - 0 ] INFO  ipc.Client (Client.java:handleConnectionFailure(977)) - Retrying connect to server: localhost/127.0.0.1:13023. Already tried 13 time(s); retry policy is RetryUpToMaximumCountWithFixedSleep(maxRetries=15, sleepTime=1000 MILLISECONDS)
2021-10-28 03:03:22,950 [EndpointStateMachine task thread for /127.0.0.1:12189 - 0 ] INFO  ipc.Client (Client.java:handleConnectionFailure(977)) - Retrying connect to server: localhost/127.0.0.1:12189. Already tried 3 time(s); retry policy is RetryUpToMaximumCountWithFixedSleep(maxRetries=15, sleepTime=1000 MILLISECONDS)
2021-10-28 03:03:22,978 [EndpointStateMachine task thread for /127.0.0.1:12199 - 0 ] INFO  ipc.Client (Client.java:handleConnectionFailure(977)) - Retrying connect to server: localhost/127.0.0.1:12199. Already tried 3 time(s); retry policy is RetryUpToMaximumCountWithFixedSleep(maxRetries=15, sleepTime=1000 MILLISECONDS)
2021-10-28 03:03:23,845 [Datanode State Machine Daemon Thread] ERROR datanode.RunningDatanodeState (RunningDatanodeState.java:computeNextContainerState(199)) - Error in executing end point task.
java.util.concurrent.ExecutionException: java.util.concurrent.TimeoutException
	at java.util.concurrent.FutureTask.report(FutureTask.java:122)
	at java.util.concurrent.FutureTask.get(FutureTask.java:192)
	at org.apache.hadoop.ozone.container.common.states.datanode.RunningDatanodeState.computeNextContainerState(RunningDatanodeState.java:191)
	at org.apache.hadoop.ozone.container.common.states.datanode.RunningDatanodeState.await(RunningDatanodeState.java:231)
	at org.apache.hadoop.ozone.container.common.states.datanode.RunningDatanodeState.await(RunningDatanodeState.java:50)
	at org.apache.hadoop.ozone.container.common.statemachine.StateContext.execute(StateContext.java:633)
	at org.apache.hadoop.ozone.container.common.statemachine.DatanodeStateMachine.start(DatanodeStateMachine.java:280)
	at org.apache.hadoop.ozone.container.common.statemachine.DatanodeStateMachine.lambda$startDaemon$0(DatanodeStateMachine.java:468)
	at java.lang.Thread.run(Thread.java:748)
Caused by: java.util.concurrent.TimeoutException
	at java.util.concurrent.FutureTask.get(FutureTask.java:205)
	at org.apache.hadoop.ozone.container.common.states.datanode.RunningDatanodeState.lambda$execute$0(RunningDatanodeState.java:149)
	at java.util.concurrent.FutureTask.run(FutureTask.java:266)
	at java.util.concurrent.Executors$RunnableAdapter.call(Executors.java:511)
	at java.util.concurrent.FutureTask.run(FutureTask.java:266)
	at java.util.concurrent.ThreadPoolExecutor.runWorker(ThreadPoolExecutor.java:1149)
	at java.util.concurrent.ThreadPoolExecutor$Worker.run(ThreadPoolExecutor.java:624)
	... 1 more
2021-10-28 03:03:23,855 [Listener at 127.0.0.1/11132] INFO  ozone.MiniOzoneClusterImpl (MiniOzoneClusterImpl.java:lambda$waitForClusterToBeReady$0(235)) - Waiting for nodes to be ready. Got 4 of 3 DN Heartbeats.
2021-10-28 03:03:23,855 [Listener at 127.0.0.1/11132] INFO  ozone.MiniOzoneClusterImpl (MiniOzoneClusterImpl.java:lambda$waitForClusterToBeReady$0(238)) - Cluster exits safe mode
2021-10-28 03:03:23,856 [Listener at 127.0.0.1/11132] INFO  ozone.MiniOzoneClusterImpl (MiniOzoneClusterImpl.java:lambda$waitForClusterToBeReady$0(240)) - SCM became leader
2021-10-28 03:03:23,860 [EndpointStateMachine task thread for /127.0.0.1:13013 - 0 ] INFO  ipc.Client (Client.java:handleConnectionFailure(977)) - Retrying connect to server: localhost/127.0.0.1:13013. Already tried 14 time(s); retry policy is RetryUpToMaximumCountWithFixedSleep(maxRetries=15, sleepTime=1000 MILLISECONDS)
2021-10-28 03:03:23,860 [EndpointStateMachine task thread for /127.0.0.1:13013 - 0 ] WARN  statemachine.EndpointStateMachine (EndpointStateMachine.java:logIfNeeded(236)) - Unable to communicate to SCM server at localhost:13013 for past 0 seconds.
java.net.ConnectException: Call From fv-az184-410/10.1.0.63 to localhost:13013 failed on connection exception: java.net.ConnectException: Connection refused; For more details see:  http://wiki.apache.org/hadoop/ConnectionRefused
	at sun.reflect.GeneratedConstructorAccessor44.newInstance(Unknown Source)
	at sun.reflect.DelegatingConstructorAccessorImpl.newInstance(DelegatingConstructorAccessorImpl.java:45)
	at java.lang.reflect.Constructor.newInstance(Constructor.java:423)
	at org.apache.hadoop.net.NetUtils.wrapWithMessage(NetUtils.java:913)
	at org.apache.hadoop.net.NetUtils.wrapException(NetUtils.java:828)
	at org.apache.hadoop.ipc.Client.getRpcResponse(Client.java:1577)
	at org.apache.hadoop.ipc.Client.call(Client.java:1519)
	at org.apache.hadoop.ipc.Client.call(Client.java:1416)
	at org.apache.hadoop.ipc.ProtobufRpcEngine$Invoker.invoke(ProtobufRpcEngine.java:236)
	at org.apache.hadoop.ipc.ProtobufRpcEngine$Invoker.invoke(ProtobufRpcEngine.java:123)
	at com.sun.proxy.$Proxy48.submitRequest(Unknown Source)
	at org.apache.hadoop.ozone.protocolPB.StorageContainerDatanodeProtocolClientSideTranslatorPB.submitRequest(StorageContainerDatanodeProtocolClientSideTranslatorPB.java:117)
	at org.apache.hadoop.ozone.protocolPB.StorageContainerDatanodeProtocolClientSideTranslatorPB.sendHeartbeat(StorageContainerDatanodeProtocolClientSideTranslatorPB.java:149)
	at org.apache.hadoop.ozone.container.common.states.endpoint.HeartbeatEndpointTask.call(HeartbeatEndpointTask.java:179)
	at org.apache.hadoop.ozone.container.common.states.endpoint.HeartbeatEndpointTask.call(HeartbeatEndpointTask.java:82)
	at java.util.concurrent.FutureTask.run(FutureTask.java:266)
	at java.util.concurrent.ThreadPoolExecutor.runWorker(ThreadPoolExecutor.java:1149)
	at java.util.concurrent.ThreadPoolExecutor$Worker.run(ThreadPoolExecutor.java:624)
	at java.lang.Thread.run(Thread.java:748)
Caused by: java.net.ConnectException: Connection refused
	at sun.nio.ch.SocketChannelImpl.checkConnect(Native Method)
	at sun.nio.ch.SocketChannelImpl.finishConnect(SocketChannelImpl.java:716)
	at org.apache.hadoop.net.SocketIOWithTimeout.connect(SocketIOWithTimeout.java:206)
	at org.apache.hadoop.net.NetUtils.connect(NetUtils.java:586)
	at org.apache.hadoop.ipc.Client$Connection.setupConnection(Client.java:701)
	at org.apache.hadoop.ipc.Client$Connection.setupIOstreams(Client.java:822)
	at org.apache.hadoop.ipc.Client$Connection.access$3800(Client.java:414)
	at org.apache.hadoop.ipc.Client.getConnection(Client.java:1647)
	at org.apache.hadoop.ipc.Client.call(Client.java:1463)
	... 12 more
2021-10-28 03:03:23,880 [EndpointStateMachine task thread for /127.0.0.1:13023 - 0 ] INFO  ipc.Client (Client.java:handleConnectionFailure(977)) - Retrying connect to server: localhost/127.0.0.1:13023. Already tried 14 time(s); retry policy is RetryUpToMaximumCountWithFixedSleep(maxRetries=15, sleepTime=1000 MILLISECONDS)
2021-10-28 03:03:23,950 [EndpointStateMachine task thread for /127.0.0.1:12189 - 0 ] INFO  ipc.Client (Client.java:handleConnectionFailure(977)) - Retrying connect to server: localhost/127.0.0.1:12189. Already tried 4 time(s); retry policy is RetryUpToMaximumCountWithFixedSleep(maxRetries=15, sleepTime=1000 MILLISECONDS)
2021-10-28 03:03:23,978 [EndpointStateMachine task thread for /127.0.0.1:12199 - 0 ] INFO  ipc.Client (Client.java:handleConnectionFailure(977)) - Retrying connect to server: localhost/127.0.0.1:12199. Already tried 4 time(s); retry policy is RetryUpToMaximumCountWithFixedSleep(maxRetries=15, sleepTime=1000 MILLISECONDS)
2021-10-28 03:03:24,353 [Datanode State Machine Daemon Thread] ERROR datanode.RunningDatanodeState (RunningDatanodeState.java:computeNextContainerState(199)) - Error in executing end point task.
java.util.concurrent.ExecutionException: java.util.concurrent.TimeoutException
	at java.util.concurrent.FutureTask.report(FutureTask.java:122)
	at java.util.concurrent.FutureTask.get(FutureTask.java:192)
	at org.apache.hadoop.ozone.container.common.states.datanode.RunningDatanodeState.computeNextContainerState(RunningDatanodeState.java:191)
	at org.apache.hadoop.ozone.container.common.states.datanode.RunningDatanodeState.await(RunningDatanodeState.java:231)
	at org.apache.hadoop.ozone.container.common.states.datanode.RunningDatanodeState.await(RunningDatanodeState.java:50)
	at org.apache.hadoop.ozone.container.common.statemachine.StateContext.execute(StateContext.java:633)
	at org.apache.hadoop.ozone.container.common.statemachine.DatanodeStateMachine.start(DatanodeStateMachine.java:280)
	at org.apache.hadoop.ozone.container.common.statemachine.DatanodeStateMachine.lambda$startDaemon$0(DatanodeStateMachine.java:468)
	at java.lang.Thread.run(Thread.java:748)
Caused by: java.util.concurrent.TimeoutException
	at java.util.concurrent.FutureTask.get(FutureTask.java:205)
	at org.apache.hadoop.ozone.container.common.states.datanode.RunningDatanodeState.lambda$execute$0(RunningDatanodeState.java:149)
	at java.util.concurrent.FutureTask.run(FutureTask.java:266)
	at java.util.concurrent.Executors$RunnableAdapter.call(Executors.java:511)
	at java.util.concurrent.FutureTask.run(FutureTask.java:266)
	at java.util.concurrent.ThreadPoolExecutor.runWorker(ThreadPoolExecutor.java:1149)
	at java.util.concurrent.ThreadPoolExecutor$Worker.run(ThreadPoolExecutor.java:624)
	... 1 more
2021-10-28 03:03:24,856 [Listener at 127.0.0.1/11132] INFO  ozone.MiniOzoneClusterImpl (MiniOzoneClusterImpl.java:lambda$waitForClusterToBeReady$0(235)) - Waiting for nodes to be ready. Got 4 of 3 DN Heartbeats.
2021-10-28 03:03:24,856 [Listener at 127.0.0.1/11132] INFO  ozone.MiniOzoneClusterImpl (MiniOzoneClusterImpl.java:lambda$waitForClusterToBeReady$0(238)) - Cluster exits safe mode
2021-10-28 03:03:24,856 [Listener at 127.0.0.1/11132] INFO  ozone.MiniOzoneClusterImpl (MiniOzoneClusterImpl.java:lambda$waitForClusterToBeReady$0(240)) - SCM became leader
2021-10-28 03:03:24,861 [EndpointStateMachine task thread for /127.0.0.1:13013 - 0 ] INFO  ipc.Client (Client.java:handleConnectionFailure(977)) - Retrying connect to server: localhost/127.0.0.1:13013. Already tried 0 time(s); retry policy is RetryUpToMaximumCountWithFixedSleep(maxRetries=15, sleepTime=1000 MILLISECONDS)
2021-10-28 03:03:24,881 [EndpointStateMachine task thread for /127.0.0.1:13023 - 0 ] INFO  ipc.Client (Client.java:handleConnectionFailure(977)) - Retrying connect to server: localhost/127.0.0.1:13023. Already tried 0 time(s); retry policy is RetryUpToMaximumCountWithFixedSleep(maxRetries=15, sleepTime=1000 MILLISECONDS)
2021-10-28 03:03:24,951 [EndpointStateMachine task thread for /127.0.0.1:12189 - 0 ] INFO  ipc.Client (Client.java:handleConnectionFailure(977)) - Retrying connect to server: localhost/127.0.0.1:12189. Already tried 5 time(s); retry policy is RetryUpToMaximumCountWithFixedSleep(maxRetries=15, sleepTime=1000 MILLISECONDS)
2021-10-28 03:03:24,979 [EndpointStateMachine task thread for /127.0.0.1:12199 - 0 ] INFO  ipc.Client (Client.java:handleConnectionFailure(977)) - Retrying connect to server: localhost/127.0.0.1:12199. Already tried 5 time(s); retry policy is RetryUpToMaximumCountWithFixedSleep(maxRetries=15, sleepTime=1000 MILLISECONDS)
2021-10-28 03:03:25,846 [Datanode State Machine Daemon Thread] ERROR datanode.RunningDatanodeState (RunningDatanodeState.java:computeNextContainerState(199)) - Error in executing end point task.
java.util.concurrent.ExecutionException: java.util.concurrent.TimeoutException
	at java.util.concurrent.FutureTask.report(FutureTask.java:122)
	at java.util.concurrent.FutureTask.get(FutureTask.java:192)
	at org.apache.hadoop.ozone.container.common.states.datanode.RunningDatanodeState.computeNextContainerState(RunningDatanodeState.java:191)
	at org.apache.hadoop.ozone.container.common.states.datanode.RunningDatanodeState.await(RunningDatanodeState.java:231)
	at org.apache.hadoop.ozone.container.common.states.datanode.RunningDatanodeState.await(RunningDatanodeState.java:50)
	at org.apache.hadoop.ozone.container.common.statemachine.StateContext.execute(StateContext.java:633)
	at org.apache.hadoop.ozone.container.common.statemachine.DatanodeStateMachine.start(DatanodeStateMachine.java:280)
	at org.apache.hadoop.ozone.container.common.statemachine.DatanodeStateMachine.lambda$startDaemon$0(DatanodeStateMachine.java:468)
	at java.lang.Thread.run(Thread.java:748)
Caused by: java.util.concurrent.TimeoutException
	at java.util.concurrent.FutureTask.get(FutureTask.java:205)
	at org.apache.hadoop.ozone.container.common.states.datanode.RunningDatanodeState.lambda$execute$0(RunningDatanodeState.java:149)
	at java.util.concurrent.FutureTask.run(FutureTask.java:266)
	at java.util.concurrent.Executors$RunnableAdapter.call(Executors.java:511)
	at java.util.concurrent.FutureTask.run(FutureTask.java:266)
	at java.util.concurrent.ThreadPoolExecutor.runWorker(ThreadPoolExecutor.java:1149)
	at java.util.concurrent.ThreadPoolExecutor$Worker.run(ThreadPoolExecutor.java:624)
	... 1 more
2021-10-28 03:03:25,856 [Listener at 127.0.0.1/11132] INFO  ozone.MiniOzoneClusterImpl (MiniOzoneClusterImpl.java:lambda$waitForClusterToBeReady$0(235)) - Waiting for nodes to be ready. Got 4 of 3 DN Heartbeats.
2021-10-28 03:03:25,857 [Listener at 127.0.0.1/11132] INFO  ozone.MiniOzoneClusterImpl (MiniOzoneClusterImpl.java:lambda$waitForClusterToBeReady$0(238)) - Cluster exits safe mode
2021-10-28 03:03:25,857 [Listener at 127.0.0.1/11132] INFO  ozone.MiniOzoneClusterImpl (MiniOzoneClusterImpl.java:lambda$waitForClusterToBeReady$0(240)) - SCM became leader
2021-10-28 03:03:25,862 [EndpointStateMachine task thread for /127.0.0.1:13013 - 0 ] INFO  ipc.Client (Client.java:handleConnectionFailure(977)) - Retrying connect to server: localhost/127.0.0.1:13013. Already tried 1 time(s); retry policy is RetryUpToMaximumCountWithFixedSleep(maxRetries=15, sleepTime=1000 MILLISECONDS)
2021-10-28 03:03:25,881 [EndpointStateMachine task thread for /127.0.0.1:13023 - 0 ] INFO  ipc.Client (Client.java:handleConnectionFailure(977)) - Retrying connect to server: localhost/127.0.0.1:13023. Already tried 1 time(s); retry policy is RetryUpToMaximumCountWithFixedSleep(maxRetries=15, sleepTime=1000 MILLISECONDS)
2021-10-28 03:03:25,951 [EndpointStateMachine task thread for /127.0.0.1:12189 - 0 ] INFO  ipc.Client (Client.java:handleConnectionFailure(977)) - Retrying connect to server: localhost/127.0.0.1:12189. Already tried 6 time(s); retry policy is RetryUpToMaximumCountWithFixedSleep(maxRetries=15, sleepTime=1000 MILLISECONDS)
2021-10-28 03:03:25,982 [EndpointStateMachine task thread for /127.0.0.1:12199 - 0 ] INFO  ipc.Client (Client.java:handleConnectionFailure(977)) - Retrying connect to server: localhost/127.0.0.1:12199. Already tried 6 time(s); retry policy is RetryUpToMaximumCountWithFixedSleep(maxRetries=15, sleepTime=1000 MILLISECONDS)
2021-10-28 03:03:26,122 [Datanode State Machine Daemon Thread] ERROR datanode.RunningDatanodeState (RunningDatanodeState.java:computeNextContainerState(199)) - Error in executing end point task.
java.util.concurrent.ExecutionException: java.util.concurrent.TimeoutException
	at java.util.concurrent.FutureTask.report(FutureTask.java:122)
	at java.util.concurrent.FutureTask.get(FutureTask.java:192)
	at org.apache.hadoop.ozone.container.common.states.datanode.RunningDatanodeState.computeNextContainerState(RunningDatanodeState.java:191)
	at org.apache.hadoop.ozone.container.common.states.datanode.RunningDatanodeState.await(RunningDatanodeState.java:231)
	at org.apache.hadoop.ozone.container.common.states.datanode.RunningDatanodeState.await(RunningDatanodeState.java:50)
	at org.apache.hadoop.ozone.container.common.statemachine.StateContext.execute(StateContext.java:633)
	at org.apache.hadoop.ozone.container.common.statemachine.DatanodeStateMachine.start(DatanodeStateMachine.java:280)
	at org.apache.hadoop.ozone.container.common.statemachine.DatanodeStateMachine.lambda$startDaemon$0(DatanodeStateMachine.java:468)
	at java.lang.Thread.run(Thread.java:748)
Caused by: java.util.concurrent.TimeoutException
	at java.util.concurrent.FutureTask.get(FutureTask.java:205)
	at org.apache.hadoop.ozone.container.common.states.datanode.RunningDatanodeState.lambda$execute$0(RunningDatanodeState.java:149)
	at java.util.concurrent.FutureTask.run(FutureTask.java:266)
	at java.util.concurrent.Executors$RunnableAdapter.call(Executors.java:511)
	at java.util.concurrent.FutureTask.run(FutureTask.java:266)
	at java.util.concurrent.ThreadPoolExecutor.runWorker(ThreadPoolExecutor.java:1149)
	at java.util.concurrent.ThreadPoolExecutor$Worker.run(ThreadPoolExecutor.java:624)
	... 1 more
2021-10-28 03:03:26,354 [Datanode State Machine Daemon Thread] ERROR datanode.RunningDatanodeState (RunningDatanodeState.java:computeNextContainerState(199)) - Error in executing end point task.
java.util.concurrent.ExecutionException: java.util.concurrent.TimeoutException
	at java.util.concurrent.FutureTask.report(FutureTask.java:122)
	at java.util.concurrent.FutureTask.get(FutureTask.java:192)
	at org.apache.hadoop.ozone.container.common.states.datanode.RunningDatanodeState.computeNextContainerState(RunningDatanodeState.java:191)
	at org.apache.hadoop.ozone.container.common.states.datanode.RunningDatanodeState.await(RunningDatanodeState.java:231)
	at org.apache.hadoop.ozone.container.common.states.datanode.RunningDatanodeState.await(RunningDatanodeState.java:50)
	at org.apache.hadoop.ozone.container.common.statemachine.StateContext.execute(StateContext.java:633)
	at org.apache.hadoop.ozone.container.common.statemachine.DatanodeStateMachine.start(DatanodeStateMachine.java:280)
	at org.apache.hadoop.ozone.container.common.statemachine.DatanodeStateMachine.lambda$startDaemon$0(DatanodeStateMachine.java:468)
	at java.lang.Thread.run(Thread.java:748)
Caused by: java.util.concurrent.TimeoutException
	at java.util.concurrent.FutureTask.get(FutureTask.java:205)
	at org.apache.hadoop.ozone.container.common.states.datanode.RunningDatanodeState.lambda$execute$0(RunningDatanodeState.java:149)
	at java.util.concurrent.FutureTask.run(FutureTask.java:266)
	at java.util.concurrent.Executors$RunnableAdapter.call(Executors.java:511)
	at java.util.concurrent.FutureTask.run(FutureTask.java:266)
	at java.util.concurrent.ThreadPoolExecutor.runWorker(ThreadPoolExecutor.java:1149)
	at java.util.concurrent.ThreadPoolExecutor$Worker.run(ThreadPoolExecutor.java:624)
	... 1 more
2021-10-28 03:03:26,846 [Datanode State Machine Daemon Thread] ERROR datanode.RunningDatanodeState (RunningDatanodeState.java:computeNextContainerState(199)) - Error in executing end point task.
java.util.concurrent.ExecutionException: java.util.concurrent.TimeoutException
	at java.util.concurrent.FutureTask.report(FutureTask.java:122)
	at java.util.concurrent.FutureTask.get(FutureTask.java:192)
	at org.apache.hadoop.ozone.container.common.states.datanode.RunningDatanodeState.computeNextContainerState(RunningDatanodeState.java:191)
	at org.apache.hadoop.ozone.container.common.states.datanode.RunningDatanodeState.await(RunningDatanodeState.java:231)
	at org.apache.hadoop.ozone.container.common.states.datanode.RunningDatanodeState.await(RunningDatanodeState.java:50)
	at org.apache.hadoop.ozone.container.common.statemachine.StateContext.execute(StateContext.java:633)
	at org.apache.hadoop.ozone.container.common.statemachine.DatanodeStateMachine.start(DatanodeStateMachine.java:280)
	at org.apache.hadoop.ozone.container.common.statemachine.DatanodeStateMachine.lambda$startDaemon$0(DatanodeStateMachine.java:468)
	at java.lang.Thread.run(Thread.java:748)
Caused by: java.util.concurrent.TimeoutException
	at java.util.concurrent.FutureTask.get(FutureTask.java:205)
	at org.apache.hadoop.ozone.container.common.states.datanode.RunningDatanodeState.lambda$execute$0(RunningDatanodeState.java:149)
	at java.util.concurrent.FutureTask.run(FutureTask.java:266)
	at java.util.concurrent.Executors$RunnableAdapter.call(Executors.java:511)
	at java.util.concurrent.FutureTask.run(FutureTask.java:266)
	at java.util.concurrent.ThreadPoolExecutor.runWorker(ThreadPoolExecutor.java:1149)
	at java.util.concurrent.ThreadPoolExecutor$Worker.run(ThreadPoolExecutor.java:624)
	... 1 more
2021-10-28 03:03:26,857 [Listener at 127.0.0.1/11132] INFO  ozone.MiniOzoneClusterImpl (MiniOzoneClusterImpl.java:lambda$waitForClusterToBeReady$0(235)) - Waiting for nodes to be ready. Got 4 of 3 DN Heartbeats.
2021-10-28 03:03:26,857 [Listener at 127.0.0.1/11132] INFO  ozone.MiniOzoneClusterImpl (MiniOzoneClusterImpl.java:lambda$waitForClusterToBeReady$0(238)) - Cluster exits safe mode
2021-10-28 03:03:26,857 [Listener at 127.0.0.1/11132] INFO  ozone.MiniOzoneClusterImpl (MiniOzoneClusterImpl.java:lambda$waitForClusterToBeReady$0(240)) - SCM became leader
2021-10-28 03:03:26,862 [EndpointStateMachine task thread for /127.0.0.1:13013 - 0 ] INFO  ipc.Client (Client.java:handleConnectionFailure(977)) - Retrying connect to server: localhost/127.0.0.1:13013. Already tried 2 time(s); retry policy is RetryUpToMaximumCountWithFixedSleep(maxRetries=15, sleepTime=1000 MILLISECONDS)
2021-10-28 03:03:26,882 [EndpointStateMachine task thread for /127.0.0.1:13023 - 0 ] INFO  ipc.Client (Client.java:handleConnectionFailure(977)) - Retrying connect to server: localhost/127.0.0.1:13023. Already tried 2 time(s); retry policy is RetryUpToMaximumCountWithFixedSleep(maxRetries=15, sleepTime=1000 MILLISECONDS)
2021-10-28 03:03:26,952 [EndpointStateMachine task thread for /127.0.0.1:12189 - 0 ] INFO  ipc.Client (Client.java:handleConnectionFailure(977)) - Retrying connect to server: localhost/127.0.0.1:12189. Already tried 7 time(s); retry policy is RetryUpToMaximumCountWithFixedSleep(maxRetries=15, sleepTime=1000 MILLISECONDS)
2021-10-28 03:03:26,983 [EndpointStateMachine task thread for /127.0.0.1:12199 - 0 ] INFO  ipc.Client (Client.java:handleConnectionFailure(977)) - Retrying connect to server: localhost/127.0.0.1:12199. Already tried 7 time(s); retry policy is RetryUpToMaximumCountWithFixedSleep(maxRetries=15, sleepTime=1000 MILLISECONDS)
2021-10-28 03:03:27,361 [Datanode State Machine Daemon Thread] ERROR datanode.RunningDatanodeState (RunningDatanodeState.java:computeNextContainerState(199)) - Error in executing end point task.
java.util.concurrent.ExecutionException: java.util.concurrent.TimeoutException
	at java.util.concurrent.FutureTask.report(FutureTask.java:122)
	at java.util.concurrent.FutureTask.get(FutureTask.java:192)
	at org.apache.hadoop.ozone.container.common.states.datanode.RunningDatanodeState.computeNextContainerState(RunningDatanodeState.java:191)
	at org.apache.hadoop.ozone.container.common.states.datanode.RunningDatanodeState.await(RunningDatanodeState.java:231)
	at org.apache.hadoop.ozone.container.common.states.datanode.RunningDatanodeState.await(RunningDatanodeState.java:50)
	at org.apache.hadoop.ozone.container.common.statemachine.StateContext.execute(StateContext.java:633)
	at org.apache.hadoop.ozone.container.common.statemachine.DatanodeStateMachine.start(DatanodeStateMachine.java:280)
	at org.apache.hadoop.ozone.container.common.statemachine.DatanodeStateMachine.lambda$startDaemon$0(DatanodeStateMachine.java:468)
	at java.lang.Thread.run(Thread.java:748)
Caused by: java.util.concurrent.TimeoutException
	at java.util.concurrent.FutureTask.get(FutureTask.java:205)
	at org.apache.hadoop.ozone.container.common.states.datanode.RunningDatanodeState.lambda$execute$0(RunningDatanodeState.java:149)
	at java.util.concurrent.FutureTask.run(FutureTask.java:266)
	at java.util.concurrent.Executors$RunnableAdapter.call(Executors.java:511)
	at java.util.concurrent.FutureTask.run(FutureTask.java:266)
	at java.util.concurrent.ThreadPoolExecutor.runWorker(ThreadPoolExecutor.java:1149)
	at java.util.concurrent.ThreadPoolExecutor$Worker.run(ThreadPoolExecutor.java:624)
	... 1 more
2021-10-28 03:03:27,858 [Listener at 127.0.0.1/11132] INFO  ozone.MiniOzoneClusterImpl (MiniOzoneClusterImpl.java:lambda$waitForClusterToBeReady$0(235)) - Waiting for nodes to be ready. Got 4 of 3 DN Heartbeats.
2021-10-28 03:03:27,858 [Listener at 127.0.0.1/11132] INFO  ozone.MiniOzoneClusterImpl (MiniOzoneClusterImpl.java:lambda$waitForClusterToBeReady$0(238)) - Cluster exits safe mode
2021-10-28 03:03:27,858 [Listener at 127.0.0.1/11132] INFO  ozone.MiniOzoneClusterImpl (MiniOzoneClusterImpl.java:lambda$waitForClusterToBeReady$0(240)) - SCM became leader
2021-10-28 03:03:27,863 [EndpointStateMachine task thread for /127.0.0.1:13013 - 0 ] INFO  ipc.Client (Client.java:handleConnectionFailure(977)) - Retrying connect to server: localhost/127.0.0.1:13013. Already tried 3 time(s); retry policy is RetryUpToMaximumCountWithFixedSleep(maxRetries=15, sleepTime=1000 MILLISECONDS)
2021-10-28 03:03:27,884 [EndpointStateMachine task thread for /127.0.0.1:13023 - 0 ] INFO  ipc.Client (Client.java:handleConnectionFailure(977)) - Retrying connect to server: localhost/127.0.0.1:13023. Already tried 3 time(s); retry policy is RetryUpToMaximumCountWithFixedSleep(maxRetries=15, sleepTime=1000 MILLISECONDS)
2021-10-28 03:03:27,952 [EndpointStateMachine task thread for /127.0.0.1:12189 - 0 ] INFO  ipc.Client (Client.java:handleConnectionFailure(977)) - Retrying connect to server: localhost/127.0.0.1:12189. Already tried 8 time(s); retry policy is RetryUpToMaximumCountWithFixedSleep(maxRetries=15, sleepTime=1000 MILLISECONDS)
2021-10-28 03:03:27,984 [EndpointStateMachine task thread for /127.0.0.1:12199 - 0 ] INFO  ipc.Client (Client.java:handleConnectionFailure(977)) - Retrying connect to server: localhost/127.0.0.1:12199. Already tried 8 time(s); retry policy is RetryUpToMaximumCountWithFixedSleep(maxRetries=15, sleepTime=1000 MILLISECONDS)
2021-10-28 03:03:28,362 [Datanode State Machine Daemon Thread] ERROR datanode.RunningDatanodeState (RunningDatanodeState.java:computeNextContainerState(199)) - Error in executing end point task.
java.util.concurrent.ExecutionException: java.util.concurrent.TimeoutException
	at java.util.concurrent.FutureTask.report(FutureTask.java:122)
	at java.util.concurrent.FutureTask.get(FutureTask.java:192)
	at org.apache.hadoop.ozone.container.common.states.datanode.RunningDatanodeState.computeNextContainerState(RunningDatanodeState.java:191)
	at org.apache.hadoop.ozone.container.common.states.datanode.RunningDatanodeState.await(RunningDatanodeState.java:231)
	at org.apache.hadoop.ozone.container.common.states.datanode.RunningDatanodeState.await(RunningDatanodeState.java:50)
	at org.apache.hadoop.ozone.container.common.statemachine.StateContext.execute(StateContext.java:633)
	at org.apache.hadoop.ozone.container.common.statemachine.DatanodeStateMachine.start(DatanodeStateMachine.java:280)
	at org.apache.hadoop.ozone.container.common.statemachine.DatanodeStateMachine.lambda$startDaemon$0(DatanodeStateMachine.java:468)
	at java.lang.Thread.run(Thread.java:748)
Caused by: java.util.concurrent.TimeoutException
	at java.util.concurrent.FutureTask.get(FutureTask.java:205)
	at org.apache.hadoop.ozone.container.common.states.datanode.RunningDatanodeState.lambda$execute$0(RunningDatanodeState.java:149)
	at java.util.concurrent.FutureTask.run(FutureTask.java:266)
	at java.util.concurrent.Executors$RunnableAdapter.call(Executors.java:511)
	at java.util.concurrent.FutureTask.run(FutureTask.java:266)
	at java.util.concurrent.ThreadPoolExecutor.runWorker(ThreadPoolExecutor.java:1149)
	at java.util.concurrent.ThreadPoolExecutor$Worker.run(ThreadPoolExecutor.java:624)
	... 1 more
2021-10-28 03:03:28,858 [Listener at 127.0.0.1/11132] INFO  ozone.MiniOzoneClusterImpl (MiniOzoneClusterImpl.java:lambda$waitForClusterToBeReady$0(235)) - Waiting for nodes to be ready. Got 4 of 3 DN Heartbeats.
2021-10-28 03:03:28,859 [Listener at 127.0.0.1/11132] INFO  ozone.MiniOzoneClusterImpl (MiniOzoneClusterImpl.java:lambda$waitForClusterToBeReady$0(238)) - Cluster exits safe mode
2021-10-28 03:03:28,859 [Listener at 127.0.0.1/11132] INFO  ozone.MiniOzoneClusterImpl (MiniOzoneClusterImpl.java:lambda$waitForClusterToBeReady$0(240)) - SCM became leader
2021-10-28 03:03:28,863 [EndpointStateMachine task thread for /127.0.0.1:13013 - 0 ] INFO  ipc.Client (Client.java:handleConnectionFailure(977)) - Retrying connect to server: localhost/127.0.0.1:13013. Already tried 4 time(s); retry policy is RetryUpToMaximumCountWithFixedSleep(maxRetries=15, sleepTime=1000 MILLISECONDS)
2021-10-28 03:03:28,885 [EndpointStateMachine task thread for /127.0.0.1:13023 - 0 ] INFO  ipc.Client (Client.java:handleConnectionFailure(977)) - Retrying connect to server: localhost/127.0.0.1:13023. Already tried 4 time(s); retry policy is RetryUpToMaximumCountWithFixedSleep(maxRetries=15, sleepTime=1000 MILLISECONDS)
2021-10-28 03:03:28,953 [EndpointStateMachine task thread for /127.0.0.1:12189 - 0 ] INFO  ipc.Client (Client.java:handleConnectionFailure(977)) - Retrying connect to server: localhost/127.0.0.1:12189. Already tried 9 time(s); retry policy is RetryUpToMaximumCountWithFixedSleep(maxRetries=15, sleepTime=1000 MILLISECONDS)
2021-10-28 03:03:28,984 [EndpointStateMachine task thread for /127.0.0.1:12199 - 0 ] INFO  ipc.Client (Client.java:handleConnectionFailure(977)) - Retrying connect to server: localhost/127.0.0.1:12199. Already tried 9 time(s); retry policy is RetryUpToMaximumCountWithFixedSleep(maxRetries=15, sleepTime=1000 MILLISECONDS)
2021-10-28 03:03:29,124 [Datanode State Machine Daemon Thread] ERROR datanode.RunningDatanodeState (RunningDatanodeState.java:computeNextContainerState(199)) - Error in executing end point task.
java.util.concurrent.ExecutionException: java.util.concurrent.TimeoutException
	at java.util.concurrent.FutureTask.report(FutureTask.java:122)
	at java.util.concurrent.FutureTask.get(FutureTask.java:192)
	at org.apache.hadoop.ozone.container.common.states.datanode.RunningDatanodeState.computeNextContainerState(RunningDatanodeState.java:191)
	at org.apache.hadoop.ozone.container.common.states.datanode.RunningDatanodeState.await(RunningDatanodeState.java:231)
	at org.apache.hadoop.ozone.container.common.states.datanode.RunningDatanodeState.await(RunningDatanodeState.java:50)
	at org.apache.hadoop.ozone.container.common.statemachine.StateContext.execute(StateContext.java:633)
	at org.apache.hadoop.ozone.container.common.statemachine.DatanodeStateMachine.start(DatanodeStateMachine.java:280)
	at org.apache.hadoop.ozone.container.common.statemachine.DatanodeStateMachine.lambda$startDaemon$0(DatanodeStateMachine.java:468)
	at java.lang.Thread.run(Thread.java:748)
Caused by: java.util.concurrent.TimeoutException
	at java.util.concurrent.FutureTask.get(FutureTask.java:205)
	at org.apache.hadoop.ozone.container.common.states.datanode.RunningDatanodeState.lambda$execute$0(RunningDatanodeState.java:149)
	at java.util.concurrent.FutureTask.run(FutureTask.java:266)
	at java.util.concurrent.Executors$RunnableAdapter.call(Executors.java:511)
	at java.util.concurrent.FutureTask.run(FutureTask.java:266)
	at java.util.concurrent.ThreadPoolExecutor.runWorker(ThreadPoolExecutor.java:1149)
	at java.util.concurrent.ThreadPoolExecutor$Worker.run(ThreadPoolExecutor.java:624)
	... 1 more
2021-10-28 03:03:29,848 [Datanode State Machine Daemon Thread] ERROR datanode.RunningDatanodeState (RunningDatanodeState.java:computeNextContainerState(199)) - Error in executing end point task.
java.util.concurrent.ExecutionException: java.util.concurrent.TimeoutException
	at java.util.concurrent.FutureTask.report(FutureTask.java:122)
	at java.util.concurrent.FutureTask.get(FutureTask.java:192)
	at org.apache.hadoop.ozone.container.common.states.datanode.RunningDatanodeState.computeNextContainerState(RunningDatanodeState.java:191)
	at org.apache.hadoop.ozone.container.common.states.datanode.RunningDatanodeState.await(RunningDatanodeState.java:231)
	at org.apache.hadoop.ozone.container.common.states.datanode.RunningDatanodeState.await(RunningDatanodeState.java:50)
	at org.apache.hadoop.ozone.container.common.statemachine.StateContext.execute(StateContext.java:633)
	at org.apache.hadoop.ozone.container.common.statemachine.DatanodeStateMachine.start(DatanodeStateMachine.java:280)
	at org.apache.hadoop.ozone.container.common.statemachine.DatanodeStateMachine.lambda$startDaemon$0(DatanodeStateMachine.java:468)
	at java.lang.Thread.run(Thread.java:748)
Caused by: java.util.concurrent.TimeoutException
	at java.util.concurrent.FutureTask.get(FutureTask.java:205)
	at org.apache.hadoop.ozone.container.common.states.datanode.RunningDatanodeState.lambda$execute$0(RunningDatanodeState.java:149)
	at java.util.concurrent.FutureTask.run(FutureTask.java:266)
	at java.util.concurrent.Executors$RunnableAdapter.call(Executors.java:511)
	at java.util.concurrent.FutureTask.run(FutureTask.java:266)
	at java.util.concurrent.ThreadPoolExecutor.runWorker(ThreadPoolExecutor.java:1149)
	at java.util.concurrent.ThreadPoolExecutor$Worker.run(ThreadPoolExecutor.java:624)
	... 1 more
2021-10-28 03:03:29,859 [Listener at 127.0.0.1/11132] INFO  ozone.MiniOzoneClusterImpl (MiniOzoneClusterImpl.java:lambda$waitForClusterToBeReady$0(235)) - Waiting for nodes to be ready. Got 4 of 3 DN Heartbeats.
2021-10-28 03:03:29,859 [Listener at 127.0.0.1/11132] INFO  ozone.MiniOzoneClusterImpl (MiniOzoneClusterImpl.java:lambda$waitForClusterToBeReady$0(238)) - Cluster exits safe mode
2021-10-28 03:03:29,859 [Listener at 127.0.0.1/11132] INFO  ozone.MiniOzoneClusterImpl (MiniOzoneClusterImpl.java:lambda$waitForClusterToBeReady$0(240)) - SCM became leader
2021-10-28 03:03:29,863 [EndpointStateMachine task thread for /127.0.0.1:13013 - 0 ] INFO  ipc.Client (Client.java:handleConnectionFailure(977)) - Retrying connect to server: localhost/127.0.0.1:13013. Already tried 5 time(s); retry policy is RetryUpToMaximumCountWithFixedSleep(maxRetries=15, sleepTime=1000 MILLISECONDS)
2021-10-28 03:03:29,885 [EndpointStateMachine task thread for /127.0.0.1:13023 - 0 ] INFO  ipc.Client (Client.java:handleConnectionFailure(977)) - Retrying connect to server: localhost/127.0.0.1:13023. Already tried 5 time(s); retry policy is RetryUpToMaximumCountWithFixedSleep(maxRetries=15, sleepTime=1000 MILLISECONDS)
2021-10-28 03:03:29,953 [EndpointStateMachine task thread for /127.0.0.1:12189 - 0 ] INFO  ipc.Client (Client.java:handleConnectionFailure(977)) - Retrying connect to server: localhost/127.0.0.1:12189. Already tried 10 time(s); retry policy is RetryUpToMaximumCountWithFixedSleep(maxRetries=15, sleepTime=1000 MILLISECONDS)
2021-10-28 03:03:29,985 [EndpointStateMachine task thread for /127.0.0.1:12199 - 0 ] INFO  ipc.Client (Client.java:handleConnectionFailure(977)) - Retrying connect to server: localhost/127.0.0.1:12199. Already tried 10 time(s); retry policy is RetryUpToMaximumCountWithFixedSleep(maxRetries=15, sleepTime=1000 MILLISECONDS)
2021-10-28 03:03:30,859 [Listener at 127.0.0.1/11132] INFO  ozone.MiniOzoneClusterImpl (MiniOzoneClusterImpl.java:lambda$waitForClusterToBeReady$0(235)) - Waiting for nodes to be ready. Got 4 of 3 DN Heartbeats.
2021-10-28 03:03:30,860 [Listener at 127.0.0.1/11132] INFO  ozone.MiniOzoneClusterImpl (MiniOzoneClusterImpl.java:lambda$waitForClusterToBeReady$0(238)) - Cluster exits safe mode
2021-10-28 03:03:30,860 [Listener at 127.0.0.1/11132] INFO  ozone.MiniOzoneClusterImpl (MiniOzoneClusterImpl.java:lambda$waitForClusterToBeReady$0(240)) - SCM became leader
2021-10-28 03:03:30,864 [EndpointStateMachine task thread for /127.0.0.1:13013 - 0 ] INFO  ipc.Client (Client.java:handleConnectionFailure(977)) - Retrying connect to server: localhost/127.0.0.1:13013. Already tried 6 time(s); retry policy is RetryUpToMaximumCountWithFixedSleep(maxRetries=15, sleepTime=1000 MILLISECONDS)
2021-10-28 03:03:30,885 [EndpointStateMachine task thread for /127.0.0.1:13023 - 0 ] INFO  ipc.Client (Client.java:handleConnectionFailure(977)) - Retrying connect to server: localhost/127.0.0.1:13023. Already tried 6 time(s); retry policy is RetryUpToMaximumCountWithFixedSleep(maxRetries=15, sleepTime=1000 MILLISECONDS)
2021-10-28 03:03:30,954 [EndpointStateMachine task thread for /127.0.0.1:12189 - 0 ] INFO  ipc.Client (Client.java:handleConnectionFailure(977)) - Retrying connect to server: localhost/127.0.0.1:12189. Already tried 11 time(s); retry policy is RetryUpToMaximumCountWithFixedSleep(maxRetries=15, sleepTime=1000 MILLISECONDS)
2021-10-28 03:03:30,985 [EndpointStateMachine task thread for /127.0.0.1:12199 - 0 ] INFO  ipc.Client (Client.java:handleConnectionFailure(977)) - Retrying connect to server: localhost/127.0.0.1:12199. Already tried 11 time(s); retry policy is RetryUpToMaximumCountWithFixedSleep(maxRetries=15, sleepTime=1000 MILLISECONDS)
2021-10-28 03:03:31,850 [Datanode State Machine Daemon Thread] ERROR datanode.RunningDatanodeState (RunningDatanodeState.java:computeNextContainerState(199)) - Error in executing end point task.
java.util.concurrent.ExecutionException: java.util.concurrent.TimeoutException
	at java.util.concurrent.FutureTask.report(FutureTask.java:122)
	at java.util.concurrent.FutureTask.get(FutureTask.java:192)
	at org.apache.hadoop.ozone.container.common.states.datanode.RunningDatanodeState.computeNextContainerState(RunningDatanodeState.java:191)
	at org.apache.hadoop.ozone.container.common.states.datanode.RunningDatanodeState.await(RunningDatanodeState.java:231)
	at org.apache.hadoop.ozone.container.common.states.datanode.RunningDatanodeState.await(RunningDatanodeState.java:50)
	at org.apache.hadoop.ozone.container.common.statemachine.StateContext.execute(StateContext.java:633)
	at org.apache.hadoop.ozone.container.common.statemachine.DatanodeStateMachine.start(DatanodeStateMachine.java:280)
	at org.apache.hadoop.ozone.container.common.statemachine.DatanodeStateMachine.lambda$startDaemon$0(DatanodeStateMachine.java:468)
	at java.lang.Thread.run(Thread.java:748)
Caused by: java.util.concurrent.TimeoutException
	at java.util.concurrent.FutureTask.get(FutureTask.java:205)
	at org.apache.hadoop.ozone.container.common.states.datanode.RunningDatanodeState.lambda$execute$0(RunningDatanodeState.java:149)
	at java.util.concurrent.FutureTask.run(FutureTask.java:266)
	at java.util.concurrent.Executors$RunnableAdapter.call(Executors.java:511)
	at java.util.concurrent.FutureTask.run(FutureTask.java:266)
	at java.util.concurrent.ThreadPoolExecutor.runWorker(ThreadPoolExecutor.java:1149)
	at java.util.concurrent.ThreadPoolExecutor$Worker.run(ThreadPoolExecutor.java:624)
	... 1 more
2021-10-28 03:03:31,860 [Listener at 127.0.0.1/11132] INFO  ozone.MiniOzoneClusterImpl (MiniOzoneClusterImpl.java:lambda$waitForClusterToBeReady$0(235)) - Waiting for nodes to be ready. Got 4 of 3 DN Heartbeats.
2021-10-28 03:03:31,860 [Listener at 127.0.0.1/11132] INFO  ozone.MiniOzoneClusterImpl (MiniOzoneClusterImpl.java:lambda$waitForClusterToBeReady$0(238)) - Cluster exits safe mode
2021-10-28 03:03:31,860 [Listener at 127.0.0.1/11132] INFO  ozone.MiniOzoneClusterImpl (MiniOzoneClusterImpl.java:lambda$waitForClusterToBeReady$0(240)) - SCM became leader
2021-10-28 03:03:31,864 [EndpointStateMachine task thread for /127.0.0.1:13013 - 0 ] INFO  ipc.Client (Client.java:handleConnectionFailure(977)) - Retrying connect to server: localhost/127.0.0.1:13013. Already tried 7 time(s); retry policy is RetryUpToMaximumCountWithFixedSleep(maxRetries=15, sleepTime=1000 MILLISECONDS)
2021-10-28 03:03:31,886 [EndpointStateMachine task thread for /127.0.0.1:13023 - 0 ] INFO  ipc.Client (Client.java:handleConnectionFailure(977)) - Retrying connect to server: localhost/127.0.0.1:13023. Already tried 7 time(s); retry policy is RetryUpToMaximumCountWithFixedSleep(maxRetries=15, sleepTime=1000 MILLISECONDS)
2021-10-28 03:03:31,954 [EndpointStateMachine task thread for /127.0.0.1:12189 - 0 ] INFO  ipc.Client (Client.java:handleConnectionFailure(977)) - Retrying connect to server: localhost/127.0.0.1:12189. Already tried 12 time(s); retry policy is RetryUpToMaximumCountWithFixedSleep(maxRetries=15, sleepTime=1000 MILLISECONDS)
2021-10-28 03:03:31,985 [EndpointStateMachine task thread for /127.0.0.1:12199 - 0 ] INFO  ipc.Client (Client.java:handleConnectionFailure(977)) - Retrying connect to server: localhost/127.0.0.1:12199. Already tried 12 time(s); retry policy is RetryUpToMaximumCountWithFixedSleep(maxRetries=15, sleepTime=1000 MILLISECONDS)
2021-10-28 03:03:32,126 [Datanode State Machine Daemon Thread] ERROR datanode.RunningDatanodeState (RunningDatanodeState.java:computeNextContainerState(199)) - Error in executing end point task.
java.util.concurrent.ExecutionException: java.util.concurrent.TimeoutException
	at java.util.concurrent.FutureTask.report(FutureTask.java:122)
	at java.util.concurrent.FutureTask.get(FutureTask.java:192)
	at org.apache.hadoop.ozone.container.common.states.datanode.RunningDatanodeState.computeNextContainerState(RunningDatanodeState.java:191)
	at org.apache.hadoop.ozone.container.common.states.datanode.RunningDatanodeState.await(RunningDatanodeState.java:231)
	at org.apache.hadoop.ozone.container.common.states.datanode.RunningDatanodeState.await(RunningDatanodeState.java:50)
	at org.apache.hadoop.ozone.container.common.statemachine.StateContext.execute(StateContext.java:633)
	at org.apache.hadoop.ozone.container.common.statemachine.DatanodeStateMachine.start(DatanodeStateMachine.java:280)
	at org.apache.hadoop.ozone.container.common.statemachine.DatanodeStateMachine.lambda$startDaemon$0(DatanodeStateMachine.java:468)
	at java.lang.Thread.run(Thread.java:748)
Caused by: java.util.concurrent.TimeoutException
	at java.util.concurrent.FutureTask.get(FutureTask.java:205)
	at org.apache.hadoop.ozone.container.common.states.datanode.RunningDatanodeState.lambda$execute$0(RunningDatanodeState.java:149)
	at java.util.concurrent.FutureTask.run(FutureTask.java:266)
	at java.util.concurrent.Executors$RunnableAdapter.call(Executors.java:511)
	at java.util.concurrent.FutureTask.run(FutureTask.java:266)
	at java.util.concurrent.ThreadPoolExecutor.runWorker(ThreadPoolExecutor.java:1149)
	at java.util.concurrent.ThreadPoolExecutor$Worker.run(ThreadPoolExecutor.java:624)
	... 1 more
2021-10-28 03:03:32,861 [Listener at 127.0.0.1/11132] INFO  ozone.MiniOzoneClusterImpl (MiniOzoneClusterImpl.java:lambda$waitForClusterToBeReady$0(235)) - Waiting for nodes to be ready. Got 4 of 3 DN Heartbeats.
2021-10-28 03:03:32,861 [Listener at 127.0.0.1/11132] INFO  ozone.MiniOzoneClusterImpl (MiniOzoneClusterImpl.java:lambda$waitForClusterToBeReady$0(238)) - Cluster exits safe mode
2021-10-28 03:03:32,861 [Listener at 127.0.0.1/11132] INFO  ozone.MiniOzoneClusterImpl (MiniOzoneClusterImpl.java:lambda$waitForClusterToBeReady$0(240)) - SCM became leader
2021-10-28 03:03:32,865 [EndpointStateMachine task thread for /127.0.0.1:13013 - 0 ] INFO  ipc.Client (Client.java:handleConnectionFailure(977)) - Retrying connect to server: localhost/127.0.0.1:13013. Already tried 8 time(s); retry policy is RetryUpToMaximumCountWithFixedSleep(maxRetries=15, sleepTime=1000 MILLISECONDS)
2021-10-28 03:03:32,886 [EndpointStateMachine task thread for /127.0.0.1:13023 - 0 ] INFO  ipc.Client (Client.java:handleConnectionFailure(977)) - Retrying connect to server: localhost/127.0.0.1:13023. Already tried 8 time(s); retry policy is RetryUpToMaximumCountWithFixedSleep(maxRetries=15, sleepTime=1000 MILLISECONDS)
2021-10-28 03:03:32,955 [EndpointStateMachine task thread for /127.0.0.1:12189 - 0 ] INFO  ipc.Client (Client.java:handleConnectionFailure(977)) - Retrying connect to server: localhost/127.0.0.1:12189. Already tried 13 time(s); retry policy is RetryUpToMaximumCountWithFixedSleep(maxRetries=15, sleepTime=1000 MILLISECONDS)
2021-10-28 03:03:32,986 [EndpointStateMachine task thread for /127.0.0.1:12199 - 0 ] INFO  ipc.Client (Client.java:handleConnectionFailure(977)) - Retrying connect to server: localhost/127.0.0.1:12199. Already tried 13 time(s); retry policy is RetryUpToMaximumCountWithFixedSleep(maxRetries=15, sleepTime=1000 MILLISECONDS)
2021-10-28 03:03:33,362 [Datanode State Machine Daemon Thread] ERROR datanode.RunningDatanodeState (RunningDatanodeState.java:computeNextContainerState(199)) - Error in executing end point task.
java.util.concurrent.ExecutionException: java.util.concurrent.TimeoutException
	at java.util.concurrent.FutureTask.report(FutureTask.java:122)
	at java.util.concurrent.FutureTask.get(FutureTask.java:192)
	at org.apache.hadoop.ozone.container.common.states.datanode.RunningDatanodeState.computeNextContainerState(RunningDatanodeState.java:191)
	at org.apache.hadoop.ozone.container.common.states.datanode.RunningDatanodeState.await(RunningDatanodeState.java:231)
	at org.apache.hadoop.ozone.container.common.states.datanode.RunningDatanodeState.await(RunningDatanodeState.java:50)
	at org.apache.hadoop.ozone.container.common.statemachine.StateContext.execute(StateContext.java:633)
	at org.apache.hadoop.ozone.container.common.statemachine.DatanodeStateMachine.start(DatanodeStateMachine.java:280)
	at org.apache.hadoop.ozone.container.common.statemachine.DatanodeStateMachine.lambda$startDaemon$0(DatanodeStateMachine.java:468)
	at java.lang.Thread.run(Thread.java:748)
Caused by: java.util.concurrent.TimeoutException
	at java.util.concurrent.FutureTask.get(FutureTask.java:205)
	at org.apache.hadoop.ozone.container.common.states.datanode.RunningDatanodeState.lambda$execute$0(RunningDatanodeState.java:149)
	at java.util.concurrent.FutureTask.run(FutureTask.java:266)
	at java.util.concurrent.Executors$RunnableAdapter.call(Executors.java:511)
	at java.util.concurrent.FutureTask.run(FutureTask.java:266)
	at java.util.concurrent.ThreadPoolExecutor.runWorker(ThreadPoolExecutor.java:1149)
	at java.util.concurrent.ThreadPoolExecutor$Worker.run(ThreadPoolExecutor.java:624)
	... 1 more
2021-10-28 03:03:33,861 [Listener at 127.0.0.1/11132] INFO  ozone.MiniOzoneClusterImpl (MiniOzoneClusterImpl.java:lambda$waitForClusterToBeReady$0(235)) - Waiting for nodes to be ready. Got 4 of 3 DN Heartbeats.
2021-10-28 03:03:33,862 [Listener at 127.0.0.1/11132] INFO  ozone.MiniOzoneClusterImpl (MiniOzoneClusterImpl.java:lambda$waitForClusterToBeReady$0(238)) - Cluster exits safe mode
2021-10-28 03:03:33,862 [Listener at 127.0.0.1/11132] INFO  ozone.MiniOzoneClusterImpl (MiniOzoneClusterImpl.java:lambda$waitForClusterToBeReady$0(240)) - SCM became leader
2021-10-28 03:03:33,865 [EndpointStateMachine task thread for /127.0.0.1:13013 - 0 ] INFO  ipc.Client (Client.java:handleConnectionFailure(977)) - Retrying connect to server: localhost/127.0.0.1:13013. Already tried 9 time(s); retry policy is RetryUpToMaximumCountWithFixedSleep(maxRetries=15, sleepTime=1000 MILLISECONDS)
2021-10-28 03:03:33,887 [EndpointStateMachine task thread for /127.0.0.1:13023 - 0 ] INFO  ipc.Client (Client.java:handleConnectionFailure(977)) - Retrying connect to server: localhost/127.0.0.1:13023. Already tried 9 time(s); retry policy is RetryUpToMaximumCountWithFixedSleep(maxRetries=15, sleepTime=1000 MILLISECONDS)
2021-10-28 03:03:33,955 [EndpointStateMachine task thread for /127.0.0.1:12189 - 0 ] INFO  ipc.Client (Client.java:handleConnectionFailure(977)) - Retrying connect to server: localhost/127.0.0.1:12189. Already tried 14 time(s); retry policy is RetryUpToMaximumCountWithFixedSleep(maxRetries=15, sleepTime=1000 MILLISECONDS)
2021-10-28 03:03:33,987 [EndpointStateMachine task thread for /127.0.0.1:12199 - 0 ] INFO  ipc.Client (Client.java:handleConnectionFailure(977)) - Retrying connect to server: localhost/127.0.0.1:12199. Already tried 14 time(s); retry policy is RetryUpToMaximumCountWithFixedSleep(maxRetries=15, sleepTime=1000 MILLISECONDS)
2021-10-28 03:03:34,363 [Datanode State Machine Daemon Thread] ERROR datanode.RunningDatanodeState (RunningDatanodeState.java:computeNextContainerState(199)) - Error in executing end point task.
java.util.concurrent.ExecutionException: java.util.concurrent.TimeoutException
	at java.util.concurrent.FutureTask.report(FutureTask.java:122)
	at java.util.concurrent.FutureTask.get(FutureTask.java:192)
	at org.apache.hadoop.ozone.container.common.states.datanode.RunningDatanodeState.computeNextContainerState(RunningDatanodeState.java:191)
	at org.apache.hadoop.ozone.container.common.states.datanode.RunningDatanodeState.await(RunningDatanodeState.java:231)
	at org.apache.hadoop.ozone.container.common.states.datanode.RunningDatanodeState.await(RunningDatanodeState.java:50)
	at org.apache.hadoop.ozone.container.common.statemachine.StateContext.execute(StateContext.java:633)
	at org.apache.hadoop.ozone.container.common.statemachine.DatanodeStateMachine.start(DatanodeStateMachine.java:280)
	at org.apache.hadoop.ozone.container.common.statemachine.DatanodeStateMachine.lambda$startDaemon$0(DatanodeStateMachine.java:468)
	at java.lang.Thread.run(Thread.java:748)
Caused by: java.util.concurrent.TimeoutException
	at java.util.concurrent.FutureTask.get(FutureTask.java:205)
	at org.apache.hadoop.ozone.container.common.states.datanode.RunningDatanodeState.lambda$execute$0(RunningDatanodeState.java:149)
	at java.util.concurrent.FutureTask.run(FutureTask.java:266)
	at java.util.concurrent.Executors$RunnableAdapter.call(Executors.java:511)
	at java.util.concurrent.FutureTask.run(FutureTask.java:266)
	at java.util.concurrent.ThreadPoolExecutor.runWorker(ThreadPoolExecutor.java:1149)
	at java.util.concurrent.ThreadPoolExecutor$Worker.run(ThreadPoolExecutor.java:624)
	... 1 more
2021-10-28 03:03:34,862 [Listener at 127.0.0.1/11132] INFO  ozone.MiniOzoneClusterImpl (MiniOzoneClusterImpl.java:lambda$waitForClusterToBeReady$0(235)) - Waiting for nodes to be ready. Got 4 of 3 DN Heartbeats.
2021-10-28 03:03:34,862 [Listener at 127.0.0.1/11132] INFO  ozone.MiniOzoneClusterImpl (MiniOzoneClusterImpl.java:lambda$waitForClusterToBeReady$0(238)) - Cluster exits safe mode
2021-10-28 03:03:34,862 [Listener at 127.0.0.1/11132] INFO  ozone.MiniOzoneClusterImpl (MiniOzoneClusterImpl.java:lambda$waitForClusterToBeReady$0(240)) - SCM became leader
2021-10-28 03:03:34,866 [EndpointStateMachine task thread for /127.0.0.1:13013 - 0 ] INFO  ipc.Client (Client.java:handleConnectionFailure(977)) - Retrying connect to server: localhost/127.0.0.1:13013. Already tried 10 time(s); retry policy is RetryUpToMaximumCountWithFixedSleep(maxRetries=15, sleepTime=1000 MILLISECONDS)
2021-10-28 03:03:34,887 [EndpointStateMachine task thread for /127.0.0.1:13023 - 0 ] INFO  ipc.Client (Client.java:handleConnectionFailure(977)) - Retrying connect to server: localhost/127.0.0.1:13023. Already tried 10 time(s); retry policy is RetryUpToMaximumCountWithFixedSleep(maxRetries=15, sleepTime=1000 MILLISECONDS)
2021-10-28 03:03:34,959 [EndpointStateMachine task thread for /127.0.0.1:12189 - 0 ] INFO  ipc.Client (Client.java:handleConnectionFailure(977)) - Retrying connect to server: localhost/127.0.0.1:12189. Already tried 0 time(s); retry policy is RetryUpToMaximumCountWithFixedSleep(maxRetries=15, sleepTime=1000 MILLISECONDS)
2021-10-28 03:03:34,988 [EndpointStateMachine task thread for /127.0.0.1:12199 - 0 ] INFO  ipc.Client (Client.java:handleConnectionFailure(977)) - Retrying connect to server: localhost/127.0.0.1:12199. Already tried 0 time(s); retry policy is RetryUpToMaximumCountWithFixedSleep(maxRetries=15, sleepTime=1000 MILLISECONDS)
2021-10-28 03:03:35,863 [Listener at 127.0.0.1/11132] INFO  ozone.MiniOzoneClusterImpl (MiniOzoneClusterImpl.java:lambda$waitForClusterToBeReady$0(235)) - Waiting for nodes to be ready. Got 4 of 3 DN Heartbeats.
2021-10-28 03:03:35,863 [Listener at 127.0.0.1/11132] INFO  ozone.MiniOzoneClusterImpl (MiniOzoneClusterImpl.java:lambda$waitForClusterToBeReady$0(238)) - Cluster exits safe mode
2021-10-28 03:03:35,863 [Listener at 127.0.0.1/11132] INFO  ozone.MiniOzoneClusterImpl (MiniOzoneClusterImpl.java:lambda$waitForClusterToBeReady$0(240)) - SCM became leader
2021-10-28 03:03:35,866 [EndpointStateMachine task thread for /127.0.0.1:13013 - 0 ] INFO  ipc.Client (Client.java:handleConnectionFailure(977)) - Retrying connect to server: localhost/127.0.0.1:13013. Already tried 11 time(s); retry policy is RetryUpToMaximumCountWithFixedSleep(maxRetries=15, sleepTime=1000 MILLISECONDS)
2021-10-28 03:03:35,887 [EndpointStateMachine task thread for /127.0.0.1:13023 - 0 ] INFO  ipc.Client (Client.java:handleConnectionFailure(977)) - Retrying connect to server: localhost/127.0.0.1:13023. Already tried 11 time(s); retry policy is RetryUpToMaximumCountWithFixedSleep(maxRetries=15, sleepTime=1000 MILLISECONDS)
2021-10-28 03:03:35,960 [EndpointStateMachine task thread for /127.0.0.1:12189 - 0 ] INFO  ipc.Client (Client.java:handleConnectionFailure(977)) - Retrying connect to server: localhost/127.0.0.1:12189. Already tried 1 time(s); retry policy is RetryUpToMaximumCountWithFixedSleep(maxRetries=15, sleepTime=1000 MILLISECONDS)
2021-10-28 03:03:35,988 [EndpointStateMachine task thread for /127.0.0.1:12199 - 0 ] INFO  ipc.Client (Client.java:handleConnectionFailure(977)) - Retrying connect to server: localhost/127.0.0.1:12199. Already tried 1 time(s); retry policy is RetryUpToMaximumCountWithFixedSleep(maxRetries=15, sleepTime=1000 MILLISECONDS)
2021-10-28 03:03:36,364 [Datanode State Machine Daemon Thread] ERROR datanode.RunningDatanodeState (RunningDatanodeState.java:computeNextContainerState(199)) - Error in executing end point task.
java.util.concurrent.ExecutionException: java.util.concurrent.TimeoutException
	at java.util.concurrent.FutureTask.report(FutureTask.java:122)
	at java.util.concurrent.FutureTask.get(FutureTask.java:192)
	at org.apache.hadoop.ozone.container.common.states.datanode.RunningDatanodeState.computeNextContainerState(RunningDatanodeState.java:191)
	at org.apache.hadoop.ozone.container.common.states.datanode.RunningDatanodeState.await(RunningDatanodeState.java:231)
	at org.apache.hadoop.ozone.container.common.states.datanode.RunningDatanodeState.await(RunningDatanodeState.java:50)
	at org.apache.hadoop.ozone.container.common.statemachine.StateContext.execute(StateContext.java:633)
	at org.apache.hadoop.ozone.container.common.statemachine.DatanodeStateMachine.start(DatanodeStateMachine.java:280)
	at org.apache.hadoop.ozone.container.common.statemachine.DatanodeStateMachine.lambda$startDaemon$0(DatanodeStateMachine.java:468)
	at java.lang.Thread.run(Thread.java:748)
Caused by: java.util.concurrent.TimeoutException
	at java.util.concurrent.FutureTask.get(FutureTask.java:205)
	at org.apache.hadoop.ozone.container.common.states.datanode.RunningDatanodeState.lambda$execute$0(RunningDatanodeState.java:149)
	at java.util.concurrent.FutureTask.run(FutureTask.java:266)
	at java.util.concurrent.Executors$RunnableAdapter.call(Executors.java:511)
	at java.util.concurrent.FutureTask.run(FutureTask.java:266)
	at java.util.concurrent.ThreadPoolExecutor.runWorker(ThreadPoolExecutor.java:1149)
	at java.util.concurrent.ThreadPoolExecutor$Worker.run(ThreadPoolExecutor.java:624)
	... 1 more
2021-10-28 03:03:36,863 [Listener at 127.0.0.1/11132] INFO  ozone.MiniOzoneClusterImpl (MiniOzoneClusterImpl.java:lambda$waitForClusterToBeReady$0(235)) - Waiting for nodes to be ready. Got 4 of 3 DN Heartbeats.
2021-10-28 03:03:36,864 [Listener at 127.0.0.1/11132] INFO  ozone.MiniOzoneClusterImpl (MiniOzoneClusterImpl.java:lambda$waitForClusterToBeReady$0(238)) - Cluster exits safe mode
2021-10-28 03:03:36,864 [Listener at 127.0.0.1/11132] INFO  ozone.MiniOzoneClusterImpl (MiniOzoneClusterImpl.java:lambda$waitForClusterToBeReady$0(240)) - SCM became leader
2021-10-28 03:03:36,867 [EndpointStateMachine task thread for /127.0.0.1:13013 - 0 ] INFO  ipc.Client (Client.java:handleConnectionFailure(977)) - Retrying connect to server: localhost/127.0.0.1:13013. Already tried 12 time(s); retry policy is RetryUpToMaximumCountWithFixedSleep(maxRetries=15, sleepTime=1000 MILLISECONDS)
2021-10-28 03:03:36,888 [EndpointStateMachine task thread for /127.0.0.1:13023 - 0 ] INFO  ipc.Client (Client.java:handleConnectionFailure(977)) - Retrying connect to server: localhost/127.0.0.1:13023. Already tried 12 time(s); retry policy is RetryUpToMaximumCountWithFixedSleep(maxRetries=15, sleepTime=1000 MILLISECONDS)
2021-10-28 03:03:36,961 [EndpointStateMachine task thread for /127.0.0.1:12189 - 0 ] INFO  ipc.Client (Client.java:handleConnectionFailure(977)) - Retrying connect to server: localhost/127.0.0.1:12189. Already tried 2 time(s); retry policy is RetryUpToMaximumCountWithFixedSleep(maxRetries=15, sleepTime=1000 MILLISECONDS)
2021-10-28 03:03:36,989 [EndpointStateMachine task thread for /127.0.0.1:12199 - 0 ] INFO  ipc.Client (Client.java:handleConnectionFailure(977)) - Retrying connect to server: localhost/127.0.0.1:12199. Already tried 2 time(s); retry policy is RetryUpToMaximumCountWithFixedSleep(maxRetries=15, sleepTime=1000 MILLISECONDS)
2021-10-28 03:03:37,365 [Datanode State Machine Daemon Thread] ERROR datanode.RunningDatanodeState (RunningDatanodeState.java:computeNextContainerState(199)) - Error in executing end point task.
java.util.concurrent.ExecutionException: java.util.concurrent.TimeoutException
	at java.util.concurrent.FutureTask.report(FutureTask.java:122)
	at java.util.concurrent.FutureTask.get(FutureTask.java:192)
	at org.apache.hadoop.ozone.container.common.states.datanode.RunningDatanodeState.computeNextContainerState(RunningDatanodeState.java:191)
	at org.apache.hadoop.ozone.container.common.states.datanode.RunningDatanodeState.await(RunningDatanodeState.java:231)
	at org.apache.hadoop.ozone.container.common.states.datanode.RunningDatanodeState.await(RunningDatanodeState.java:50)
	at org.apache.hadoop.ozone.container.common.statemachine.StateContext.execute(StateContext.java:633)
	at org.apache.hadoop.ozone.container.common.statemachine.DatanodeStateMachine.start(DatanodeStateMachine.java:280)
	at org.apache.hadoop.ozone.container.common.statemachine.DatanodeStateMachine.lambda$startDaemon$0(DatanodeStateMachine.java:468)
	at java.lang.Thread.run(Thread.java:748)
Caused by: java.util.concurrent.TimeoutException
	at java.util.concurrent.FutureTask.get(FutureTask.java:205)
	at org.apache.hadoop.ozone.container.common.states.datanode.RunningDatanodeState.lambda$execute$0(RunningDatanodeState.java:149)
	at java.util.concurrent.FutureTask.run(FutureTask.java:266)
	at java.util.concurrent.Executors$RunnableAdapter.call(Executors.java:511)
	at java.util.concurrent.FutureTask.run(FutureTask.java:266)
	at java.util.concurrent.ThreadPoolExecutor.runWorker(ThreadPoolExecutor.java:1149)
	at java.util.concurrent.ThreadPoolExecutor$Worker.run(ThreadPoolExecutor.java:624)
	... 1 more
2021-10-28 03:03:37,851 [Datanode State Machine Daemon Thread] ERROR datanode.RunningDatanodeState (RunningDatanodeState.java:computeNextContainerState(199)) - Error in executing end point task.
java.util.concurrent.ExecutionException: java.util.concurrent.TimeoutException
	at java.util.concurrent.FutureTask.report(FutureTask.java:122)
	at java.util.concurrent.FutureTask.get(FutureTask.java:192)
	at org.apache.hadoop.ozone.container.common.states.datanode.RunningDatanodeState.computeNextContainerState(RunningDatanodeState.java:191)
	at org.apache.hadoop.ozone.container.common.states.datanode.RunningDatanodeState.await(RunningDatanodeState.java:231)
	at org.apache.hadoop.ozone.container.common.states.datanode.RunningDatanodeState.await(RunningDatanodeState.java:50)
	at org.apache.hadoop.ozone.container.common.statemachine.StateContext.execute(StateContext.java:633)
	at org.apache.hadoop.ozone.container.common.statemachine.DatanodeStateMachine.start(DatanodeStateMachine.java:280)
	at org.apache.hadoop.ozone.container.common.statemachine.DatanodeStateMachine.lambda$startDaemon$0(DatanodeStateMachine.java:468)
	at java.lang.Thread.run(Thread.java:748)
Caused by: java.util.concurrent.TimeoutException
	at java.util.concurrent.FutureTask.get(FutureTask.java:205)
	at org.apache.hadoop.ozone.container.common.states.datanode.RunningDatanodeState.lambda$execute$0(RunningDatanodeState.java:149)
	at java.util.concurrent.FutureTask.run(FutureTask.java:266)
	at java.util.concurrent.Executors$RunnableAdapter.call(Executors.java:511)
	at java.util.concurrent.FutureTask.run(FutureTask.java:266)
	at java.util.concurrent.ThreadPoolExecutor.runWorker(ThreadPoolExecutor.java:1149)
	at java.util.concurrent.ThreadPoolExecutor$Worker.run(ThreadPoolExecutor.java:624)
	... 1 more
2021-10-28 03:03:37,864 [Listener at 127.0.0.1/11132] INFO  ozone.MiniOzoneClusterImpl (MiniOzoneClusterImpl.java:lambda$waitForClusterToBeReady$0(235)) - Waiting for nodes to be ready. Got 4 of 3 DN Heartbeats.
2021-10-28 03:03:37,864 [Listener at 127.0.0.1/11132] INFO  ozone.MiniOzoneClusterImpl (MiniOzoneClusterImpl.java:lambda$waitForClusterToBeReady$0(238)) - Cluster exits safe mode
2021-10-28 03:03:37,864 [Listener at 127.0.0.1/11132] INFO  ozone.MiniOzoneClusterImpl (MiniOzoneClusterImpl.java:lambda$waitForClusterToBeReady$0(240)) - SCM became leader
2021-10-28 03:03:37,867 [EndpointStateMachine task thread for /127.0.0.1:13013 - 0 ] INFO  ipc.Client (Client.java:handleConnectionFailure(977)) - Retrying connect to server: localhost/127.0.0.1:13013. Already tried 13 time(s); retry policy is RetryUpToMaximumCountWithFixedSleep(maxRetries=15, sleepTime=1000 MILLISECONDS)
2021-10-28 03:03:37,888 [EndpointStateMachine task thread for /127.0.0.1:13023 - 0 ] INFO  ipc.Client (Client.java:handleConnectionFailure(977)) - Retrying connect to server: localhost/127.0.0.1:13023. Already tried 13 time(s); retry policy is RetryUpToMaximumCountWithFixedSleep(maxRetries=15, sleepTime=1000 MILLISECONDS)
2021-10-28 03:03:37,961 [EndpointStateMachine task thread for /127.0.0.1:12189 - 0 ] INFO  ipc.Client (Client.java:handleConnectionFailure(977)) - Retrying connect to server: localhost/127.0.0.1:12189. Already tried 3 time(s); retry policy is RetryUpToMaximumCountWithFixedSleep(maxRetries=15, sleepTime=1000 MILLISECONDS)
2021-10-28 03:03:37,989 [EndpointStateMachine task thread for /127.0.0.1:12199 - 0 ] INFO  ipc.Client (Client.java:handleConnectionFailure(977)) - Retrying connect to server: localhost/127.0.0.1:12199. Already tried 3 time(s); retry policy is RetryUpToMaximumCountWithFixedSleep(maxRetries=15, sleepTime=1000 MILLISECONDS)
2021-10-28 03:03:38,366 [Datanode State Machine Daemon Thread] ERROR datanode.RunningDatanodeState (RunningDatanodeState.java:computeNextContainerState(199)) - Error in executing end point task.
java.util.concurrent.ExecutionException: java.util.concurrent.TimeoutException
	at java.util.concurrent.FutureTask.report(FutureTask.java:122)
	at java.util.concurrent.FutureTask.get(FutureTask.java:192)
	at org.apache.hadoop.ozone.container.common.states.datanode.RunningDatanodeState.computeNextContainerState(RunningDatanodeState.java:191)
	at org.apache.hadoop.ozone.container.common.states.datanode.RunningDatanodeState.await(RunningDatanodeState.java:231)
	at org.apache.hadoop.ozone.container.common.states.datanode.RunningDatanodeState.await(RunningDatanodeState.java:50)
	at org.apache.hadoop.ozone.container.common.statemachine.StateContext.execute(StateContext.java:633)
	at org.apache.hadoop.ozone.container.common.statemachine.DatanodeStateMachine.start(DatanodeStateMachine.java:280)
	at org.apache.hadoop.ozone.container.common.statemachine.DatanodeStateMachine.lambda$startDaemon$0(DatanodeStateMachine.java:468)
	at java.lang.Thread.run(Thread.java:748)
Caused by: java.util.concurrent.TimeoutException
	at java.util.concurrent.FutureTask.get(FutureTask.java:205)
	at org.apache.hadoop.ozone.container.common.states.datanode.RunningDatanodeState.lambda$execute$0(RunningDatanodeState.java:149)
	at java.util.concurrent.FutureTask.run(FutureTask.java:266)
	at java.util.concurrent.Executors$RunnableAdapter.call(Executors.java:511)
	at java.util.concurrent.FutureTask.run(FutureTask.java:266)
	at java.util.concurrent.ThreadPoolExecutor.runWorker(ThreadPoolExecutor.java:1149)
	at java.util.concurrent.ThreadPoolExecutor$Worker.run(ThreadPoolExecutor.java:624)
	... 1 more
2021-10-28 03:03:38,865 [Listener at 127.0.0.1/11132] INFO  ozone.MiniOzoneClusterImpl (MiniOzoneClusterImpl.java:lambda$waitForClusterToBeReady$0(235)) - Waiting for nodes to be ready. Got 4 of 3 DN Heartbeats.
2021-10-28 03:03:38,865 [Listener at 127.0.0.1/11132] INFO  ozone.MiniOzoneClusterImpl (MiniOzoneClusterImpl.java:lambda$waitForClusterToBeReady$0(238)) - Cluster exits safe mode
2021-10-28 03:03:38,865 [Listener at 127.0.0.1/11132] INFO  ozone.MiniOzoneClusterImpl (MiniOzoneClusterImpl.java:lambda$waitForClusterToBeReady$0(240)) - SCM became leader
2021-10-28 03:03:38,867 [EndpointStateMachine task thread for /127.0.0.1:13013 - 0 ] INFO  ipc.Client (Client.java:handleConnectionFailure(977)) - Retrying connect to server: localhost/127.0.0.1:13013. Already tried 14 time(s); retry policy is RetryUpToMaximumCountWithFixedSleep(maxRetries=15, sleepTime=1000 MILLISECONDS)
2021-10-28 03:03:38,889 [EndpointStateMachine task thread for /127.0.0.1:13023 - 0 ] INFO  ipc.Client (Client.java:handleConnectionFailure(977)) - Retrying connect to server: localhost/127.0.0.1:13023. Already tried 14 time(s); retry policy is RetryUpToMaximumCountWithFixedSleep(maxRetries=15, sleepTime=1000 MILLISECONDS)
2021-10-28 03:03:38,962 [EndpointStateMachine task thread for /127.0.0.1:12189 - 0 ] INFO  ipc.Client (Client.java:handleConnectionFailure(977)) - Retrying connect to server: localhost/127.0.0.1:12189. Already tried 4 time(s); retry policy is RetryUpToMaximumCountWithFixedSleep(maxRetries=15, sleepTime=1000 MILLISECONDS)
2021-10-28 03:03:38,990 [EndpointStateMachine task thread for /127.0.0.1:12199 - 0 ] INFO  ipc.Client (Client.java:handleConnectionFailure(977)) - Retrying connect to server: localhost/127.0.0.1:12199. Already tried 4 time(s); retry policy is RetryUpToMaximumCountWithFixedSleep(maxRetries=15, sleepTime=1000 MILLISECONDS)
2021-10-28 03:03:39,852 [Datanode State Machine Daemon Thread] ERROR datanode.RunningDatanodeState (RunningDatanodeState.java:computeNextContainerState(199)) - Error in executing end point task.
java.util.concurrent.ExecutionException: java.util.concurrent.TimeoutException
	at java.util.concurrent.FutureTask.report(FutureTask.java:122)
	at java.util.concurrent.FutureTask.get(FutureTask.java:192)
	at org.apache.hadoop.ozone.container.common.states.datanode.RunningDatanodeState.computeNextContainerState(RunningDatanodeState.java:191)
	at org.apache.hadoop.ozone.container.common.states.datanode.RunningDatanodeState.await(RunningDatanodeState.java:231)
	at org.apache.hadoop.ozone.container.common.states.datanode.RunningDatanodeState.await(RunningDatanodeState.java:50)
	at org.apache.hadoop.ozone.container.common.statemachine.StateContext.execute(StateContext.java:633)
	at org.apache.hadoop.ozone.container.common.statemachine.DatanodeStateMachine.start(DatanodeStateMachine.java:280)
	at org.apache.hadoop.ozone.container.common.statemachine.DatanodeStateMachine.lambda$startDaemon$0(DatanodeStateMachine.java:468)
	at java.lang.Thread.run(Thread.java:748)
Caused by: java.util.concurrent.TimeoutException
	at java.util.concurrent.FutureTask.get(FutureTask.java:205)
	at org.apache.hadoop.ozone.container.common.states.datanode.RunningDatanodeState.lambda$execute$0(RunningDatanodeState.java:149)
	at java.util.concurrent.FutureTask.run(FutureTask.java:266)
	at java.util.concurrent.Executors$RunnableAdapter.call(Executors.java:511)
	at java.util.concurrent.FutureTask.run(FutureTask.java:266)
	at java.util.concurrent.ThreadPoolExecutor.runWorker(ThreadPoolExecutor.java:1149)
	at java.util.concurrent.ThreadPoolExecutor$Worker.run(ThreadPoolExecutor.java:624)
	... 1 more
2021-10-28 03:03:39,865 [Listener at 127.0.0.1/11132] INFO  ozone.MiniOzoneClusterImpl (MiniOzoneClusterImpl.java:lambda$waitForClusterToBeReady$0(235)) - Waiting for nodes to be ready. Got 4 of 3 DN Heartbeats.
2021-10-28 03:03:39,866 [Listener at 127.0.0.1/11132] INFO  ozone.MiniOzoneClusterImpl (MiniOzoneClusterImpl.java:lambda$waitForClusterToBeReady$0(238)) - Cluster exits safe mode
2021-10-28 03:03:39,866 [Listener at 127.0.0.1/11132] INFO  ozone.MiniOzoneClusterImpl (MiniOzoneClusterImpl.java:lambda$waitForClusterToBeReady$0(240)) - SCM became leader
2021-10-28 03:03:39,964 [EndpointStateMachine task thread for /127.0.0.1:12189 - 0 ] INFO  ipc.Client (Client.java:handleConnectionFailure(977)) - Retrying connect to server: localhost/127.0.0.1:12189. Already tried 5 time(s); retry policy is RetryUpToMaximumCountWithFixedSleep(maxRetries=15, sleepTime=1000 MILLISECONDS)
2021-10-28 03:03:39,990 [EndpointStateMachine task thread for /127.0.0.1:12199 - 0 ] INFO  ipc.Client (Client.java:handleConnectionFailure(977)) - Retrying connect to server: localhost/127.0.0.1:12199. Already tried 5 time(s); retry policy is RetryUpToMaximumCountWithFixedSleep(maxRetries=15, sleepTime=1000 MILLISECONDS)
2021-10-28 03:03:40,867 [Listener at 127.0.0.1/11132] INFO  ozone.MiniOzoneClusterImpl (MiniOzoneClusterImpl.java:lambda$waitForClusterToBeReady$0(235)) - Waiting for nodes to be ready. Got 4 of 3 DN Heartbeats.
2021-10-28 03:03:40,868 [Listener at 127.0.0.1/11132] INFO  ozone.MiniOzoneClusterImpl (MiniOzoneClusterImpl.java:lambda$waitForClusterToBeReady$0(238)) - Cluster exits safe mode
2021-10-28 03:03:40,868 [Listener at 127.0.0.1/11132] INFO  ozone.MiniOzoneClusterImpl (MiniOzoneClusterImpl.java:lambda$waitForClusterToBeReady$0(240)) - SCM became leader
2021-10-28 03:03:40,966 [EndpointStateMachine task thread for /127.0.0.1:12189 - 0 ] INFO  ipc.Client (Client.java:handleConnectionFailure(977)) - Retrying connect to server: localhost/127.0.0.1:12189. Already tried 6 time(s); retry policy is RetryUpToMaximumCountWithFixedSleep(maxRetries=15, sleepTime=1000 MILLISECONDS)
2021-10-28 03:03:40,991 [EndpointStateMachine task thread for /127.0.0.1:12199 - 0 ] INFO  ipc.Client (Client.java:handleConnectionFailure(977)) - Retrying connect to server: localhost/127.0.0.1:12199. Already tried 6 time(s); retry policy is RetryUpToMaximumCountWithFixedSleep(maxRetries=15, sleepTime=1000 MILLISECONDS)
2021-10-28 03:03:41,366 [Datanode State Machine Daemon Thread] ERROR datanode.RunningDatanodeState (RunningDatanodeState.java:computeNextContainerState(199)) - Error in executing end point task.
java.util.concurrent.ExecutionException: java.util.concurrent.TimeoutException
	at java.util.concurrent.FutureTask.report(FutureTask.java:122)
	at java.util.concurrent.FutureTask.get(FutureTask.java:192)
	at org.apache.hadoop.ozone.container.common.states.datanode.RunningDatanodeState.computeNextContainerState(RunningDatanodeState.java:191)
	at org.apache.hadoop.ozone.container.common.states.datanode.RunningDatanodeState.await(RunningDatanodeState.java:231)
	at org.apache.hadoop.ozone.container.common.states.datanode.RunningDatanodeState.await(RunningDatanodeState.java:50)
	at org.apache.hadoop.ozone.container.common.statemachine.StateContext.execute(StateContext.java:633)
	at org.apache.hadoop.ozone.container.common.statemachine.DatanodeStateMachine.start(DatanodeStateMachine.java:280)
	at org.apache.hadoop.ozone.container.common.statemachine.DatanodeStateMachine.lambda$startDaemon$0(DatanodeStateMachine.java:468)
	at java.lang.Thread.run(Thread.java:748)
Caused by: java.util.concurrent.TimeoutException
	at java.util.concurrent.FutureTask.get(FutureTask.java:205)
	at org.apache.hadoop.ozone.container.common.states.datanode.RunningDatanodeState.lambda$execute$0(RunningDatanodeState.java:149)
	at java.util.concurrent.FutureTask.run(FutureTask.java:266)
	at java.util.concurrent.Executors$RunnableAdapter.call(Executors.java:511)
	at java.util.concurrent.FutureTask.run(FutureTask.java:266)
	at java.util.concurrent.ThreadPoolExecutor.runWorker(ThreadPoolExecutor.java:1149)
	at java.util.concurrent.ThreadPoolExecutor$Worker.run(ThreadPoolExecutor.java:624)
	... 1 more
2021-10-28 03:03:41,854 [Datanode State Machine Daemon Thread] ERROR datanode.RunningDatanodeState (RunningDatanodeState.java:computeNextContainerState(199)) - Error in executing end point task.
java.util.concurrent.ExecutionException: java.util.concurrent.TimeoutException
	at java.util.concurrent.FutureTask.report(FutureTask.java:122)
	at java.util.concurrent.FutureTask.get(FutureTask.java:192)
	at org.apache.hadoop.ozone.container.common.states.datanode.RunningDatanodeState.computeNextContainerState(RunningDatanodeState.java:191)
	at org.apache.hadoop.ozone.container.common.states.datanode.RunningDatanodeState.await(RunningDatanodeState.java:231)
	at org.apache.hadoop.ozone.container.common.states.datanode.RunningDatanodeState.await(RunningDatanodeState.java:50)
	at org.apache.hadoop.ozone.container.common.statemachine.StateContext.execute(StateContext.java:633)
	at org.apache.hadoop.ozone.container.common.statemachine.DatanodeStateMachine.start(DatanodeStateMachine.java:280)
	at org.apache.hadoop.ozone.container.common.statemachine.DatanodeStateMachine.lambda$startDaemon$0(DatanodeStateMachine.java:468)
	at java.lang.Thread.run(Thread.java:748)
Caused by: java.util.concurrent.TimeoutException
	at java.util.concurrent.FutureTask.get(FutureTask.java:205)
	at org.apache.hadoop.ozone.container.common.states.datanode.RunningDatanodeState.lambda$execute$0(RunningDatanodeState.java:149)
	at java.util.concurrent.FutureTask.run(FutureTask.java:266)
	at java.util.concurrent.Executors$RunnableAdapter.call(Executors.java:511)
	at java.util.concurrent.FutureTask.run(FutureTask.java:266)
	at java.util.concurrent.ThreadPoolExecutor.runWorker(ThreadPoolExecutor.java:1149)
	at java.util.concurrent.ThreadPoolExecutor$Worker.run(ThreadPoolExecutor.java:624)
	... 1 more
2021-10-28 03:03:41,868 [Listener at 127.0.0.1/11132] INFO  ozone.MiniOzoneClusterImpl (MiniOzoneClusterImpl.java:lambda$waitForClusterToBeReady$0(235)) - Waiting for nodes to be ready. Got 4 of 3 DN Heartbeats.
2021-10-28 03:03:41,868 [Listener at 127.0.0.1/11132] INFO  ozone.MiniOzoneClusterImpl (MiniOzoneClusterImpl.java:lambda$waitForClusterToBeReady$0(238)) - Cluster exits safe mode
2021-10-28 03:03:41,868 [Listener at 127.0.0.1/11132] INFO  ozone.MiniOzoneClusterImpl (MiniOzoneClusterImpl.java:lambda$waitForClusterToBeReady$0(240)) - SCM became leader
2021-10-28 03:03:41,967 [EndpointStateMachine task thread for /127.0.0.1:12189 - 0 ] INFO  ipc.Client (Client.java:handleConnectionFailure(977)) - Retrying connect to server: localhost/127.0.0.1:12189. Already tried 7 time(s); retry policy is RetryUpToMaximumCountWithFixedSleep(maxRetries=15, sleepTime=1000 MILLISECONDS)
2021-10-28 03:03:41,992 [EndpointStateMachine task thread for /127.0.0.1:12199 - 0 ] INFO  ipc.Client (Client.java:handleConnectionFailure(977)) - Retrying connect to server: localhost/127.0.0.1:12199. Already tried 7 time(s); retry policy is RetryUpToMaximumCountWithFixedSleep(maxRetries=15, sleepTime=1000 MILLISECONDS)
2021-10-28 03:03:42,367 [Datanode State Machine Daemon Thread] ERROR datanode.RunningDatanodeState (RunningDatanodeState.java:computeNextContainerState(199)) - Error in executing end point task.
java.util.concurrent.ExecutionException: java.util.concurrent.TimeoutException
	at java.util.concurrent.FutureTask.report(FutureTask.java:122)
	at java.util.concurrent.FutureTask.get(FutureTask.java:192)
	at org.apache.hadoop.ozone.container.common.states.datanode.RunningDatanodeState.computeNextContainerState(RunningDatanodeState.java:191)
	at org.apache.hadoop.ozone.container.common.states.datanode.RunningDatanodeState.await(RunningDatanodeState.java:231)
	at org.apache.hadoop.ozone.container.common.states.datanode.RunningDatanodeState.await(RunningDatanodeState.java:50)
	at org.apache.hadoop.ozone.container.common.statemachine.StateContext.execute(StateContext.java:633)
	at org.apache.hadoop.ozone.container.common.statemachine.DatanodeStateMachine.start(DatanodeStateMachine.java:280)
	at org.apache.hadoop.ozone.container.common.statemachine.DatanodeStateMachine.lambda$startDaemon$0(DatanodeStateMachine.java:468)
	at java.lang.Thread.run(Thread.java:748)
Caused by: java.util.concurrent.TimeoutException
	at java.util.concurrent.FutureTask.get(FutureTask.java:205)
	at org.apache.hadoop.ozone.container.common.states.datanode.RunningDatanodeState.lambda$execute$0(RunningDatanodeState.java:149)
	at java.util.concurrent.FutureTask.run(FutureTask.java:266)
	at java.util.concurrent.Executors$RunnableAdapter.call(Executors.java:511)
	at java.util.concurrent.FutureTask.run(FutureTask.java:266)
	at java.util.concurrent.ThreadPoolExecutor.runWorker(ThreadPoolExecutor.java:1149)
	at java.util.concurrent.ThreadPoolExecutor$Worker.run(ThreadPoolExecutor.java:624)
	... 1 more
2021-10-28 03:03:42,868 [Listener at 127.0.0.1/11132] INFO  ozone.MiniOzoneClusterImpl (MiniOzoneClusterImpl.java:lambda$waitForClusterToBeReady$0(235)) - Waiting for nodes to be ready. Got 4 of 3 DN Heartbeats.
2021-10-28 03:03:42,869 [Listener at 127.0.0.1/11132] INFO  ozone.MiniOzoneClusterImpl (MiniOzoneClusterImpl.java:lambda$waitForClusterToBeReady$0(238)) - Cluster exits safe mode
2021-10-28 03:03:42,869 [Listener at 127.0.0.1/11132] INFO  ozone.MiniOzoneClusterImpl (MiniOzoneClusterImpl.java:lambda$waitForClusterToBeReady$0(240)) - SCM became leader
2021-10-28 03:03:42,968 [EndpointStateMachine task thread for /127.0.0.1:12189 - 0 ] INFO  ipc.Client (Client.java:handleConnectionFailure(977)) - Retrying connect to server: localhost/127.0.0.1:12189. Already tried 8 time(s); retry policy is RetryUpToMaximumCountWithFixedSleep(maxRetries=15, sleepTime=1000 MILLISECONDS)
2021-10-28 03:03:42,993 [EndpointStateMachine task thread for /127.0.0.1:12199 - 0 ] INFO  ipc.Client (Client.java:handleConnectionFailure(977)) - Retrying connect to server: localhost/127.0.0.1:12199. Already tried 8 time(s); retry policy is RetryUpToMaximumCountWithFixedSleep(maxRetries=15, sleepTime=1000 MILLISECONDS)
2021-10-28 03:03:43,869 [Listener at 127.0.0.1/11132] INFO  ozone.MiniOzoneClusterImpl (MiniOzoneClusterImpl.java:lambda$waitForClusterToBeReady$0(235)) - Waiting for nodes to be ready. Got 4 of 3 DN Heartbeats.
2021-10-28 03:03:43,869 [Listener at 127.0.0.1/11132] INFO  ozone.MiniOzoneClusterImpl (MiniOzoneClusterImpl.java:lambda$waitForClusterToBeReady$0(238)) - Cluster exits safe mode
2021-10-28 03:03:43,869 [Listener at 127.0.0.1/11132] INFO  ozone.MiniOzoneClusterImpl (MiniOzoneClusterImpl.java:lambda$waitForClusterToBeReady$0(240)) - SCM became leader
2021-10-28 03:03:43,968 [EndpointStateMachine task thread for /127.0.0.1:12189 - 0 ] INFO  ipc.Client (Client.java:handleConnectionFailure(977)) - Retrying connect to server: localhost/127.0.0.1:12189. Already tried 9 time(s); retry policy is RetryUpToMaximumCountWithFixedSleep(maxRetries=15, sleepTime=1000 MILLISECONDS)
2021-10-28 03:03:43,999 [EndpointStateMachine task thread for /127.0.0.1:12199 - 0 ] INFO  ipc.Client (Client.java:handleConnectionFailure(977)) - Retrying connect to server: localhost/127.0.0.1:12199. Already tried 9 time(s); retry policy is RetryUpToMaximumCountWithFixedSleep(maxRetries=15, sleepTime=1000 MILLISECONDS)
2021-10-28 03:03:44,368 [Datanode State Machine Daemon Thread] ERROR datanode.RunningDatanodeState (RunningDatanodeState.java:computeNextContainerState(199)) - Error in executing end point task.
java.util.concurrent.ExecutionException: java.util.concurrent.TimeoutException
	at java.util.concurrent.FutureTask.report(FutureTask.java:122)
	at java.util.concurrent.FutureTask.get(FutureTask.java:192)
	at org.apache.hadoop.ozone.container.common.states.datanode.RunningDatanodeState.computeNextContainerState(RunningDatanodeState.java:191)
	at org.apache.hadoop.ozone.container.common.states.datanode.RunningDatanodeState.await(RunningDatanodeState.java:231)
	at org.apache.hadoop.ozone.container.common.states.datanode.RunningDatanodeState.await(RunningDatanodeState.java:50)
	at org.apache.hadoop.ozone.container.common.statemachine.StateContext.execute(StateContext.java:633)
	at org.apache.hadoop.ozone.container.common.statemachine.DatanodeStateMachine.start(DatanodeStateMachine.java:280)
	at org.apache.hadoop.ozone.container.common.statemachine.DatanodeStateMachine.lambda$startDaemon$0(DatanodeStateMachine.java:468)
	at java.lang.Thread.run(Thread.java:748)
Caused by: java.util.concurrent.TimeoutException
	at java.util.concurrent.FutureTask.get(FutureTask.java:205)
	at org.apache.hadoop.ozone.container.common.states.datanode.RunningDatanodeState.lambda$execute$0(RunningDatanodeState.java:149)
	at java.util.concurrent.FutureTask.run(FutureTask.java:266)
	at java.util.concurrent.Executors$RunnableAdapter.call(Executors.java:511)
	at java.util.concurrent.FutureTask.run(FutureTask.java:266)
	at java.util.concurrent.ThreadPoolExecutor.runWorker(ThreadPoolExecutor.java:1149)
	at java.util.concurrent.ThreadPoolExecutor$Worker.run(ThreadPoolExecutor.java:624)
	... 1 more
2021-10-28 03:03:44,455 [EndpointStateMachine task thread for /127.0.0.1:13053 - 0 ] WARN  statemachine.EndpointStateMachine (EndpointStateMachine.java:logIfNeeded(236)) - Unable to communicate to SCM server at localhost:13053 for past 20 seconds.
java.net.SocketTimeoutException: Call From fv-az184-410/10.1.0.63 to localhost:13053 failed on socket timeout exception: java.net.SocketTimeoutException: 5000 millis timeout while waiting for channel to be ready for read. ch : java.nio.channels.SocketChannel[connected local=/127.0.0.1:48652 remote=localhost/127.0.0.1:13053]; For more details see:  http://wiki.apache.org/hadoop/SocketTimeout
	at sun.reflect.GeneratedConstructorAccessor31.newInstance(Unknown Source)
	at sun.reflect.DelegatingConstructorAccessorImpl.newInstance(DelegatingConstructorAccessorImpl.java:45)
	at java.lang.reflect.Constructor.newInstance(Constructor.java:423)
	at org.apache.hadoop.net.NetUtils.wrapWithMessage(NetUtils.java:913)
	at org.apache.hadoop.net.NetUtils.wrapException(NetUtils.java:848)
	at org.apache.hadoop.ipc.Client.getRpcResponse(Client.java:1577)
	at org.apache.hadoop.ipc.Client.call(Client.java:1519)
	at org.apache.hadoop.ipc.Client.call(Client.java:1416)
	at org.apache.hadoop.ipc.ProtobufRpcEngine$Invoker.invoke(ProtobufRpcEngine.java:236)
	at org.apache.hadoop.ipc.ProtobufRpcEngine$Invoker.invoke(ProtobufRpcEngine.java:123)
	at com.sun.proxy.$Proxy48.submitRequest(Unknown Source)
	at org.apache.hadoop.ozone.protocolPB.StorageContainerDatanodeProtocolClientSideTranslatorPB.submitRequest(StorageContainerDatanodeProtocolClientSideTranslatorPB.java:117)
	at org.apache.hadoop.ozone.protocolPB.StorageContainerDatanodeProtocolClientSideTranslatorPB.getVersion(StorageContainerDatanodeProtocolClientSideTranslatorPB.java:133)
	at org.apache.hadoop.ozone.container.common.states.endpoint.VersionEndpointTask.call(VersionEndpointTask.java:71)
	at org.apache.hadoop.ozone.container.common.states.endpoint.VersionEndpointTask.call(VersionEndpointTask.java:42)
	at java.util.concurrent.FutureTask.run(FutureTask.java:266)
	at java.util.concurrent.ThreadPoolExecutor.runWorker(ThreadPoolExecutor.java:1149)
	at java.util.concurrent.ThreadPoolExecutor$Worker.run(ThreadPoolExecutor.java:624)
	at java.lang.Thread.run(Thread.java:748)
Caused by: java.net.SocketTimeoutException: 5000 millis timeout while waiting for channel to be ready for read. ch : java.nio.channels.SocketChannel[connected local=/127.0.0.1:48652 remote=localhost/127.0.0.1:13053]
	at org.apache.hadoop.net.SocketIOWithTimeout.doIO(SocketIOWithTimeout.java:164)
	at org.apache.hadoop.net.SocketInputStream.read(SocketInputStream.java:161)
	at org.apache.hadoop.net.SocketInputStream.read(SocketInputStream.java:131)
	at java.io.FilterInputStream.read(FilterInputStream.java:133)
	at java.io.BufferedInputStream.fill(BufferedInputStream.java:246)
	at java.io.BufferedInputStream.read(BufferedInputStream.java:265)
	at java.io.FilterInputStream.read(FilterInputStream.java:83)
	at java.io.FilterInputStream.read(FilterInputStream.java:83)
	at org.apache.hadoop.ipc.Client$Connection$PingInputStream.read(Client.java:563)
	at java.io.DataInputStream.readInt(DataInputStream.java:387)
	at org.apache.hadoop.ipc.Client$IpcStreams.readResponse(Client.java:1892)
	at org.apache.hadoop.ipc.Client$Connection.receiveRpcResponse(Client.java:1202)
	at org.apache.hadoop.ipc.Client$Connection.run(Client.java:1098)
2021-10-28 03:03:44,455 [EndpointStateMachine task thread for /127.0.0.1:13053 - 0 ] WARN  statemachine.EndpointStateMachine (EndpointStateMachine.java:logIfNeeded(236)) - Unable to communicate to SCM server at localhost:13053 for past 20 seconds.
java.net.SocketTimeoutException: Call From fv-az184-410/10.1.0.63 to localhost:13053 failed on socket timeout exception: java.net.SocketTimeoutException: 5000 millis timeout while waiting for channel to be ready for read. ch : java.nio.channels.SocketChannel[connected local=/127.0.0.1:48652 remote=localhost/127.0.0.1:13053]; For more details see:  http://wiki.apache.org/hadoop/SocketTimeout
	at sun.reflect.GeneratedConstructorAccessor31.newInstance(Unknown Source)
	at sun.reflect.DelegatingConstructorAccessorImpl.newInstance(DelegatingConstructorAccessorImpl.java:45)
	at java.lang.reflect.Constructor.newInstance(Constructor.java:423)
	at org.apache.hadoop.net.NetUtils.wrapWithMessage(NetUtils.java:913)
	at org.apache.hadoop.net.NetUtils.wrapException(NetUtils.java:848)
	at org.apache.hadoop.ipc.Client.getRpcResponse(Client.java:1577)
	at org.apache.hadoop.ipc.Client.call(Client.java:1519)
	at org.apache.hadoop.ipc.Client.call(Client.java:1416)
	at org.apache.hadoop.ipc.ProtobufRpcEngine$Invoker.invoke(ProtobufRpcEngine.java:236)
	at org.apache.hadoop.ipc.ProtobufRpcEngine$Invoker.invoke(ProtobufRpcEngine.java:123)
	at com.sun.proxy.$Proxy48.submitRequest(Unknown Source)
	at org.apache.hadoop.ozone.protocolPB.StorageContainerDatanodeProtocolClientSideTranslatorPB.submitRequest(StorageContainerDatanodeProtocolClientSideTranslatorPB.java:117)
	at org.apache.hadoop.ozone.protocolPB.StorageContainerDatanodeProtocolClientSideTranslatorPB.getVersion(StorageContainerDatanodeProtocolClientSideTranslatorPB.java:133)
	at org.apache.hadoop.ozone.container.common.states.endpoint.VersionEndpointTask.call(VersionEndpointTask.java:71)
	at org.apache.hadoop.ozone.container.common.states.endpoint.VersionEndpointTask.call(VersionEndpointTask.java:42)
	at java.util.concurrent.FutureTask.run(FutureTask.java:266)
	at java.util.concurrent.ThreadPoolExecutor.runWorker(ThreadPoolExecutor.java:1149)
	at java.util.concurrent.ThreadPoolExecutor$Worker.run(ThreadPoolExecutor.java:624)
	at java.lang.Thread.run(Thread.java:748)
Caused by: java.net.SocketTimeoutException: 5000 millis timeout while waiting for channel to be ready for read. ch : java.nio.channels.SocketChannel[connected local=/127.0.0.1:48652 remote=localhost/127.0.0.1:13053]
	at org.apache.hadoop.net.SocketIOWithTimeout.doIO(SocketIOWithTimeout.java:164)
	at org.apache.hadoop.net.SocketInputStream.read(SocketInputStream.java:161)
	at org.apache.hadoop.net.SocketInputStream.read(SocketInputStream.java:131)
	at java.io.FilterInputStream.read(FilterInputStream.java:133)
	at java.io.BufferedInputStream.fill(BufferedInputStream.java:246)
	at java.io.BufferedInputStream.read(BufferedInputStream.java:265)
	at java.io.FilterInputStream.read(FilterInputStream.java:83)
	at java.io.FilterInputStream.read(FilterInputStream.java:83)
	at org.apache.hadoop.ipc.Client$Connection$PingInputStream.read(Client.java:563)
	at java.io.DataInputStream.readInt(DataInputStream.java:387)
	at org.apache.hadoop.ipc.Client$IpcStreams.readResponse(Client.java:1892)
	at org.apache.hadoop.ipc.Client$Connection.receiveRpcResponse(Client.java:1202)
	at org.apache.hadoop.ipc.Client$Connection.run(Client.java:1098)
2021-10-28 03:03:44,455 [EndpointStateMachine task thread for /127.0.0.1:13053 - 0 ] WARN  statemachine.EndpointStateMachine (EndpointStateMachine.java:logIfNeeded(236)) - Unable to communicate to SCM server at localhost:13053 for past 20 seconds.
java.net.SocketTimeoutException: Call From fv-az184-410/10.1.0.63 to localhost:13053 failed on socket timeout exception: java.net.SocketTimeoutException: 5000 millis timeout while waiting for channel to be ready for read. ch : java.nio.channels.SocketChannel[connected local=/127.0.0.1:48652 remote=localhost/127.0.0.1:13053]; For more details see:  http://wiki.apache.org/hadoop/SocketTimeout
	at sun.reflect.GeneratedConstructorAccessor31.newInstance(Unknown Source)
	at sun.reflect.DelegatingConstructorAccessorImpl.newInstance(DelegatingConstructorAccessorImpl.java:45)
	at java.lang.reflect.Constructor.newInstance(Constructor.java:423)
	at org.apache.hadoop.net.NetUtils.wrapWithMessage(NetUtils.java:913)
	at org.apache.hadoop.net.NetUtils.wrapException(NetUtils.java:848)
	at org.apache.hadoop.ipc.Client.getRpcResponse(Client.java:1577)
	at org.apache.hadoop.ipc.Client.call(Client.java:1519)
	at org.apache.hadoop.ipc.Client.call(Client.java:1416)
	at org.apache.hadoop.ipc.ProtobufRpcEngine$Invoker.invoke(ProtobufRpcEngine.java:236)
	at org.apache.hadoop.ipc.ProtobufRpcEngine$Invoker.invoke(ProtobufRpcEngine.java:123)
	at com.sun.proxy.$Proxy48.submitRequest(Unknown Source)
	at org.apache.hadoop.ozone.protocolPB.StorageContainerDatanodeProtocolClientSideTranslatorPB.submitRequest(StorageContainerDatanodeProtocolClientSideTranslatorPB.java:117)
	at org.apache.hadoop.ozone.protocolPB.StorageContainerDatanodeProtocolClientSideTranslatorPB.getVersion(StorageContainerDatanodeProtocolClientSideTranslatorPB.java:133)
	at org.apache.hadoop.ozone.container.common.states.endpoint.VersionEndpointTask.call(VersionEndpointTask.java:71)
	at org.apache.hadoop.ozone.container.common.states.endpoint.VersionEndpointTask.call(VersionEndpointTask.java:42)
	at java.util.concurrent.FutureTask.run(FutureTask.java:266)
	at java.util.concurrent.ThreadPoolExecutor.runWorker(ThreadPoolExecutor.java:1149)
	at java.util.concurrent.ThreadPoolExecutor$Worker.run(ThreadPoolExecutor.java:624)
	at java.lang.Thread.run(Thread.java:748)
Caused by: java.net.SocketTimeoutException: 5000 millis timeout while waiting for channel to be ready for read. ch : java.nio.channels.SocketChannel[connected local=/127.0.0.1:48652 remote=localhost/127.0.0.1:13053]
	at org.apache.hadoop.net.SocketIOWithTimeout.doIO(SocketIOWithTimeout.java:164)
	at org.apache.hadoop.net.SocketInputStream.read(SocketInputStream.java:161)
	at org.apache.hadoop.net.SocketInputStream.read(SocketInputStream.java:131)
	at java.io.FilterInputStream.read(FilterInputStream.java:133)
	at java.io.BufferedInputStream.fill(BufferedInputStream.java:246)
	at java.io.BufferedInputStream.read(BufferedInputStream.java:265)
	at java.io.FilterInputStream.read(FilterInputStream.java:83)
	at java.io.FilterInputStream.read(FilterInputStream.java:83)
	at org.apache.hadoop.ipc.Client$Connection$PingInputStream.read(Client.java:563)
	at java.io.DataInputStream.readInt(DataInputStream.java:387)
	at org.apache.hadoop.ipc.Client$IpcStreams.readResponse(Client.java:1892)
	at org.apache.hadoop.ipc.Client$Connection.receiveRpcResponse(Client.java:1202)
	at org.apache.hadoop.ipc.Client$Connection.run(Client.java:1098)
2021-10-28 03:03:44,855 [Datanode State Machine Daemon Thread] ERROR datanode.RunningDatanodeState (RunningDatanodeState.java:computeNextContainerState(199)) - Error in executing end point task.
java.util.concurrent.ExecutionException: java.util.concurrent.TimeoutException
	at java.util.concurrent.FutureTask.report(FutureTask.java:122)
	at java.util.concurrent.FutureTask.get(FutureTask.java:192)
	at org.apache.hadoop.ozone.container.common.states.datanode.RunningDatanodeState.computeNextContainerState(RunningDatanodeState.java:191)
	at org.apache.hadoop.ozone.container.common.states.datanode.RunningDatanodeState.await(RunningDatanodeState.java:231)
	at org.apache.hadoop.ozone.container.common.states.datanode.RunningDatanodeState.await(RunningDatanodeState.java:50)
	at org.apache.hadoop.ozone.container.common.statemachine.StateContext.execute(StateContext.java:633)
	at org.apache.hadoop.ozone.container.common.statemachine.DatanodeStateMachine.start(DatanodeStateMachine.java:280)
	at org.apache.hadoop.ozone.container.common.statemachine.DatanodeStateMachine.lambda$startDaemon$0(DatanodeStateMachine.java:468)
	at java.lang.Thread.run(Thread.java:748)
Caused by: java.util.concurrent.TimeoutException
	at java.util.concurrent.FutureTask.get(FutureTask.java:205)
	at org.apache.hadoop.ozone.container.common.states.datanode.RunningDatanodeState.lambda$execute$0(RunningDatanodeState.java:149)
	at java.util.concurrent.FutureTask.run(FutureTask.java:266)
	at java.util.concurrent.Executors$RunnableAdapter.call(Executors.java:511)
	at java.util.concurrent.FutureTask.run(FutureTask.java:266)
	at java.util.concurrent.ThreadPoolExecutor.runWorker(ThreadPoolExecutor.java:1149)
	at java.util.concurrent.ThreadPoolExecutor$Worker.run(ThreadPoolExecutor.java:624)
	... 1 more
2021-10-28 03:03:44,870 [Listener at 127.0.0.1/11132] INFO  ozone.MiniOzoneClusterImpl (MiniOzoneClusterImpl.java:lambda$waitForClusterToBeReady$0(235)) - Waiting for nodes to be ready. Got 4 of 3 DN Heartbeats.
2021-10-28 03:03:44,870 [Listener at 127.0.0.1/11132] INFO  ozone.MiniOzoneClusterImpl (MiniOzoneClusterImpl.java:lambda$waitForClusterToBeReady$0(238)) - Cluster exits safe mode
2021-10-28 03:03:44,870 [Listener at 127.0.0.1/11132] INFO  ozone.MiniOzoneClusterImpl (MiniOzoneClusterImpl.java:lambda$waitForClusterToBeReady$0(240)) - SCM became leader
2021-10-28 03:03:44,969 [EndpointStateMachine task thread for /127.0.0.1:12189 - 0 ] INFO  ipc.Client (Client.java:handleConnectionFailure(977)) - Retrying connect to server: localhost/127.0.0.1:12189. Already tried 10 time(s); retry policy is RetryUpToMaximumCountWithFixedSleep(maxRetries=15, sleepTime=1000 MILLISECONDS)
2021-10-28 03:03:45,000 [EndpointStateMachine task thread for /127.0.0.1:12199 - 0 ] INFO  ipc.Client (Client.java:handleConnectionFailure(977)) - Retrying connect to server: localhost/127.0.0.1:12199. Already tried 10 time(s); retry policy is RetryUpToMaximumCountWithFixedSleep(maxRetries=15, sleepTime=1000 MILLISECONDS)
2021-10-28 03:03:45,130 [Datanode State Machine Daemon Thread] ERROR datanode.RunningDatanodeState (RunningDatanodeState.java:computeNextContainerState(199)) - Error in executing end point task.
java.util.concurrent.ExecutionException: java.util.concurrent.TimeoutException
	at java.util.concurrent.FutureTask.report(FutureTask.java:122)
	at java.util.concurrent.FutureTask.get(FutureTask.java:192)
	at org.apache.hadoop.ozone.container.common.states.datanode.RunningDatanodeState.computeNextContainerState(RunningDatanodeState.java:191)
	at org.apache.hadoop.ozone.container.common.states.datanode.RunningDatanodeState.await(RunningDatanodeState.java:231)
	at org.apache.hadoop.ozone.container.common.states.datanode.RunningDatanodeState.await(RunningDatanodeState.java:50)
	at org.apache.hadoop.ozone.container.common.statemachine.StateContext.execute(StateContext.java:633)
	at org.apache.hadoop.ozone.container.common.statemachine.DatanodeStateMachine.start(DatanodeStateMachine.java:280)
	at org.apache.hadoop.ozone.container.common.statemachine.DatanodeStateMachine.lambda$startDaemon$0(DatanodeStateMachine.java:468)
	at java.lang.Thread.run(Thread.java:748)
Caused by: java.util.concurrent.TimeoutException
	at java.util.concurrent.FutureTask.get(FutureTask.java:205)
	at org.apache.hadoop.ozone.container.common.states.datanode.RunningDatanodeState.lambda$execute$0(RunningDatanodeState.java:149)
	at java.util.concurrent.FutureTask.run(FutureTask.java:266)
	at java.util.concurrent.Executors$RunnableAdapter.call(Executors.java:511)
	at java.util.concurrent.FutureTask.run(FutureTask.java:266)
	at java.util.concurrent.ThreadPoolExecutor.runWorker(ThreadPoolExecutor.java:1149)
	at java.util.concurrent.ThreadPoolExecutor$Worker.run(ThreadPoolExecutor.java:624)
	... 1 more
2021-10-28 03:03:45,870 [Listener at 127.0.0.1/11132] INFO  ozone.MiniOzoneClusterImpl (MiniOzoneClusterImpl.java:lambda$waitForClusterToBeReady$0(235)) - Waiting for nodes to be ready. Got 4 of 3 DN Heartbeats.
2021-10-28 03:03:45,871 [Listener at 127.0.0.1/11132] INFO  ozone.MiniOzoneClusterImpl (MiniOzoneClusterImpl.java:lambda$waitForClusterToBeReady$0(238)) - Cluster exits safe mode
2021-10-28 03:03:45,871 [Listener at 127.0.0.1/11132] INFO  ozone.MiniOzoneClusterImpl (MiniOzoneClusterImpl.java:lambda$waitForClusterToBeReady$0(240)) - SCM became leader
2021-10-28 03:03:45,973 [EndpointStateMachine task thread for /127.0.0.1:12189 - 0 ] INFO  ipc.Client (Client.java:handleConnectionFailure(977)) - Retrying connect to server: localhost/127.0.0.1:12189. Already tried 11 time(s); retry policy is RetryUpToMaximumCountWithFixedSleep(maxRetries=15, sleepTime=1000 MILLISECONDS)
2021-10-28 03:03:46,000 [EndpointStateMachine task thread for /127.0.0.1:12199 - 0 ] INFO  ipc.Client (Client.java:handleConnectionFailure(977)) - Retrying connect to server: localhost/127.0.0.1:12199. Already tried 11 time(s); retry policy is RetryUpToMaximumCountWithFixedSleep(maxRetries=15, sleepTime=1000 MILLISECONDS)
2021-10-28 03:03:46,871 [Listener at 127.0.0.1/11132] INFO  ozone.MiniOzoneClusterImpl (MiniOzoneClusterImpl.java:lambda$waitForClusterToBeReady$0(235)) - Waiting for nodes to be ready. Got 4 of 3 DN Heartbeats.
2021-10-28 03:03:46,872 [Listener at 127.0.0.1/11132] INFO  ozone.MiniOzoneClusterImpl (MiniOzoneClusterImpl.java:lambda$waitForClusterToBeReady$0(238)) - Cluster exits safe mode
2021-10-28 03:03:46,872 [Listener at 127.0.0.1/11132] INFO  ozone.MiniOzoneClusterImpl (MiniOzoneClusterImpl.java:lambda$waitForClusterToBeReady$0(240)) - SCM became leader
2021-10-28 03:03:46,973 [EndpointStateMachine task thread for /127.0.0.1:12189 - 0 ] INFO  ipc.Client (Client.java:handleConnectionFailure(977)) - Retrying connect to server: localhost/127.0.0.1:12189. Already tried 12 time(s); retry policy is RetryUpToMaximumCountWithFixedSleep(maxRetries=15, sleepTime=1000 MILLISECONDS)
2021-10-28 03:03:47,001 [EndpointStateMachine task thread for /127.0.0.1:12199 - 0 ] INFO  ipc.Client (Client.java:handleConnectionFailure(977)) - Retrying connect to server: localhost/127.0.0.1:12199. Already tried 12 time(s); retry policy is RetryUpToMaximumCountWithFixedSleep(maxRetries=15, sleepTime=1000 MILLISECONDS)
2021-10-28 03:03:47,139 [Datanode State Machine Daemon Thread] ERROR datanode.RunningDatanodeState (RunningDatanodeState.java:computeNextContainerState(199)) - Error in executing end point task.
java.util.concurrent.ExecutionException: java.util.concurrent.TimeoutException
	at java.util.concurrent.FutureTask.report(FutureTask.java:122)
	at java.util.concurrent.FutureTask.get(FutureTask.java:192)
	at org.apache.hadoop.ozone.container.common.states.datanode.RunningDatanodeState.computeNextContainerState(RunningDatanodeState.java:191)
	at org.apache.hadoop.ozone.container.common.states.datanode.RunningDatanodeState.await(RunningDatanodeState.java:231)
	at org.apache.hadoop.ozone.container.common.states.datanode.RunningDatanodeState.await(RunningDatanodeState.java:50)
	at org.apache.hadoop.ozone.container.common.statemachine.StateContext.execute(StateContext.java:633)
	at org.apache.hadoop.ozone.container.common.statemachine.DatanodeStateMachine.start(DatanodeStateMachine.java:280)
	at org.apache.hadoop.ozone.container.common.statemachine.DatanodeStateMachine.lambda$startDaemon$0(DatanodeStateMachine.java:468)
	at java.lang.Thread.run(Thread.java:748)
Caused by: java.util.concurrent.TimeoutException
	at java.util.concurrent.FutureTask.get(FutureTask.java:205)
	at org.apache.hadoop.ozone.container.common.states.datanode.RunningDatanodeState.lambda$execute$0(RunningDatanodeState.java:149)
	at java.util.concurrent.FutureTask.run(FutureTask.java:266)
	at java.util.concurrent.Executors$RunnableAdapter.call(Executors.java:511)
	at java.util.concurrent.FutureTask.run(FutureTask.java:266)
	at java.util.concurrent.ThreadPoolExecutor.runWorker(ThreadPoolExecutor.java:1149)
	at java.util.concurrent.ThreadPoolExecutor$Worker.run(ThreadPoolExecutor.java:624)
	... 1 more
2021-10-28 03:03:47,856 [Datanode State Machine Daemon Thread] ERROR datanode.RunningDatanodeState (RunningDatanodeState.java:computeNextContainerState(199)) - Error in executing end point task.
java.util.concurrent.ExecutionException: java.util.concurrent.TimeoutException
	at java.util.concurrent.FutureTask.report(FutureTask.java:122)
	at java.util.concurrent.FutureTask.get(FutureTask.java:192)
	at org.apache.hadoop.ozone.container.common.states.datanode.RunningDatanodeState.computeNextContainerState(RunningDatanodeState.java:191)
	at org.apache.hadoop.ozone.container.common.states.datanode.RunningDatanodeState.await(RunningDatanodeState.java:231)
	at org.apache.hadoop.ozone.container.common.states.datanode.RunningDatanodeState.await(RunningDatanodeState.java:50)
	at org.apache.hadoop.ozone.container.common.statemachine.StateContext.execute(StateContext.java:633)
	at org.apache.hadoop.ozone.container.common.statemachine.DatanodeStateMachine.start(DatanodeStateMachine.java:280)
	at org.apache.hadoop.ozone.container.common.statemachine.DatanodeStateMachine.lambda$startDaemon$0(DatanodeStateMachine.java:468)
	at java.lang.Thread.run(Thread.java:748)
Caused by: java.util.concurrent.TimeoutException
	at java.util.concurrent.FutureTask.get(FutureTask.java:205)
	at org.apache.hadoop.ozone.container.common.states.datanode.RunningDatanodeState.lambda$execute$0(RunningDatanodeState.java:149)
	at java.util.concurrent.FutureTask.run(FutureTask.java:266)
	at java.util.concurrent.Executors$RunnableAdapter.call(Executors.java:511)
	at java.util.concurrent.FutureTask.run(FutureTask.java:266)
	at java.util.concurrent.ThreadPoolExecutor.runWorker(ThreadPoolExecutor.java:1149)
	at java.util.concurrent.ThreadPoolExecutor$Worker.run(ThreadPoolExecutor.java:624)
	... 1 more
2021-10-28 03:03:47,872 [Listener at 127.0.0.1/11132] INFO  ozone.MiniOzoneClusterImpl (MiniOzoneClusterImpl.java:lambda$waitForClusterToBeReady$0(235)) - Waiting for nodes to be ready. Got 4 of 3 DN Heartbeats.
2021-10-28 03:03:47,872 [Listener at 127.0.0.1/11132] INFO  ozone.MiniOzoneClusterImpl (MiniOzoneClusterImpl.java:lambda$waitForClusterToBeReady$0(238)) - Cluster exits safe mode
2021-10-28 03:03:47,872 [Listener at 127.0.0.1/11132] INFO  ozone.MiniOzoneClusterImpl (MiniOzoneClusterImpl.java:lambda$waitForClusterToBeReady$0(240)) - SCM became leader
2021-10-28 03:03:47,974 [EndpointStateMachine task thread for /127.0.0.1:12189 - 0 ] INFO  ipc.Client (Client.java:handleConnectionFailure(977)) - Retrying connect to server: localhost/127.0.0.1:12189. Already tried 13 time(s); retry policy is RetryUpToMaximumCountWithFixedSleep(maxRetries=15, sleepTime=1000 MILLISECONDS)
2021-10-28 03:03:48,001 [EndpointStateMachine task thread for /127.0.0.1:12199 - 0 ] INFO  ipc.Client (Client.java:handleConnectionFailure(977)) - Retrying connect to server: localhost/127.0.0.1:12199. Already tried 13 time(s); retry policy is RetryUpToMaximumCountWithFixedSleep(maxRetries=15, sleepTime=1000 MILLISECONDS)
2021-10-28 03:03:48,371 [Datanode State Machine Daemon Thread] ERROR datanode.RunningDatanodeState (RunningDatanodeState.java:computeNextContainerState(199)) - Error in executing end point task.
java.util.concurrent.ExecutionException: java.util.concurrent.TimeoutException
	at java.util.concurrent.FutureTask.report(FutureTask.java:122)
	at java.util.concurrent.FutureTask.get(FutureTask.java:192)
	at org.apache.hadoop.ozone.container.common.states.datanode.RunningDatanodeState.computeNextContainerState(RunningDatanodeState.java:191)
	at org.apache.hadoop.ozone.container.common.states.datanode.RunningDatanodeState.await(RunningDatanodeState.java:231)
	at org.apache.hadoop.ozone.container.common.states.datanode.RunningDatanodeState.await(RunningDatanodeState.java:50)
	at org.apache.hadoop.ozone.container.common.statemachine.StateContext.execute(StateContext.java:633)
	at org.apache.hadoop.ozone.container.common.statemachine.DatanodeStateMachine.start(DatanodeStateMachine.java:280)
	at org.apache.hadoop.ozone.container.common.statemachine.DatanodeStateMachine.lambda$startDaemon$0(DatanodeStateMachine.java:468)
	at java.lang.Thread.run(Thread.java:748)
Caused by: java.util.concurrent.TimeoutException
	at java.util.concurrent.FutureTask.get(FutureTask.java:205)
	at org.apache.hadoop.ozone.container.common.states.datanode.RunningDatanodeState.lambda$execute$0(RunningDatanodeState.java:149)
	at java.util.concurrent.FutureTask.run(FutureTask.java:266)
	at java.util.concurrent.Executors$RunnableAdapter.call(Executors.java:511)
	at java.util.concurrent.FutureTask.run(FutureTask.java:266)
	at java.util.concurrent.ThreadPoolExecutor.runWorker(ThreadPoolExecutor.java:1149)
	at java.util.concurrent.ThreadPoolExecutor$Worker.run(ThreadPoolExecutor.java:624)
	... 1 more
2021-10-28 03:03:48,857 [Datanode State Machine Daemon Thread] ERROR datanode.RunningDatanodeState (RunningDatanodeState.java:computeNextContainerState(199)) - Error in executing end point task.
java.util.concurrent.ExecutionException: java.util.concurrent.TimeoutException
	at java.util.concurrent.FutureTask.report(FutureTask.java:122)
	at java.util.concurrent.FutureTask.get(FutureTask.java:192)
	at org.apache.hadoop.ozone.container.common.states.datanode.RunningDatanodeState.computeNextContainerState(RunningDatanodeState.java:191)
	at org.apache.hadoop.ozone.container.common.states.datanode.RunningDatanodeState.await(RunningDatanodeState.java:231)
	at org.apache.hadoop.ozone.container.common.states.datanode.RunningDatanodeState.await(RunningDatanodeState.java:50)
	at org.apache.hadoop.ozone.container.common.statemachine.StateContext.execute(StateContext.java:633)
	at org.apache.hadoop.ozone.container.common.statemachine.DatanodeStateMachine.start(DatanodeStateMachine.java:280)
	at org.apache.hadoop.ozone.container.common.statemachine.DatanodeStateMachine.lambda$startDaemon$0(DatanodeStateMachine.java:468)
	at java.lang.Thread.run(Thread.java:748)
Caused by: java.util.concurrent.TimeoutException
	at java.util.concurrent.FutureTask.get(FutureTask.java:205)
	at org.apache.hadoop.ozone.container.common.states.datanode.RunningDatanodeState.lambda$execute$0(RunningDatanodeState.java:149)
	at java.util.concurrent.FutureTask.run(FutureTask.java:266)
	at java.util.concurrent.Executors$RunnableAdapter.call(Executors.java:511)
	at java.util.concurrent.FutureTask.run(FutureTask.java:266)
	at java.util.concurrent.ThreadPoolExecutor.runWorker(ThreadPoolExecutor.java:1149)
	at java.util.concurrent.ThreadPoolExecutor$Worker.run(ThreadPoolExecutor.java:624)
	... 1 more
2021-10-28 03:03:48,873 [Listener at 127.0.0.1/11132] INFO  ozone.MiniOzoneClusterImpl (MiniOzoneClusterImpl.java:lambda$waitForClusterToBeReady$0(235)) - Waiting for nodes to be ready. Got 4 of 3 DN Heartbeats.
2021-10-28 03:03:48,873 [Listener at 127.0.0.1/11132] INFO  ozone.MiniOzoneClusterImpl (MiniOzoneClusterImpl.java:lambda$waitForClusterToBeReady$0(238)) - Cluster exits safe mode
2021-10-28 03:03:48,873 [Listener at 127.0.0.1/11132] INFO  ozone.MiniOzoneClusterImpl (MiniOzoneClusterImpl.java:lambda$waitForClusterToBeReady$0(240)) - SCM became leader
2021-10-28 03:03:48,974 [EndpointStateMachine task thread for /127.0.0.1:12189 - 0 ] INFO  ipc.Client (Client.java:handleConnectionFailure(977)) - Retrying connect to server: localhost/127.0.0.1:12189. Already tried 14 time(s); retry policy is RetryUpToMaximumCountWithFixedSleep(maxRetries=15, sleepTime=1000 MILLISECONDS)
2021-10-28 03:03:49,002 [EndpointStateMachine task thread for /127.0.0.1:12199 - 0 ] INFO  ipc.Client (Client.java:handleConnectionFailure(977)) - Retrying connect to server: localhost/127.0.0.1:12199. Already tried 14 time(s); retry policy is RetryUpToMaximumCountWithFixedSleep(maxRetries=15, sleepTime=1000 MILLISECONDS)
2021-10-28 03:03:49,372 [Datanode State Machine Daemon Thread] ERROR datanode.RunningDatanodeState (RunningDatanodeState.java:computeNextContainerState(199)) - Error in executing end point task.
java.util.concurrent.ExecutionException: java.util.concurrent.TimeoutException
	at java.util.concurrent.FutureTask.report(FutureTask.java:122)
	at java.util.concurrent.FutureTask.get(FutureTask.java:192)
	at org.apache.hadoop.ozone.container.common.states.datanode.RunningDatanodeState.computeNextContainerState(RunningDatanodeState.java:191)
	at org.apache.hadoop.ozone.container.common.states.datanode.RunningDatanodeState.await(RunningDatanodeState.java:231)
	at org.apache.hadoop.ozone.container.common.states.datanode.RunningDatanodeState.await(RunningDatanodeState.java:50)
	at org.apache.hadoop.ozone.container.common.statemachine.StateContext.execute(StateContext.java:633)
	at org.apache.hadoop.ozone.container.common.statemachine.DatanodeStateMachine.start(DatanodeStateMachine.java:280)
	at org.apache.hadoop.ozone.container.common.statemachine.DatanodeStateMachine.lambda$startDaemon$0(DatanodeStateMachine.java:468)
	at java.lang.Thread.run(Thread.java:748)
Caused by: java.util.concurrent.TimeoutException
	at java.util.concurrent.FutureTask.get(FutureTask.java:205)
	at org.apache.hadoop.ozone.container.common.states.datanode.RunningDatanodeState.lambda$execute$0(RunningDatanodeState.java:149)
	at java.util.concurrent.FutureTask.run(FutureTask.java:266)
	at java.util.concurrent.Executors$RunnableAdapter.call(Executors.java:511)
	at java.util.concurrent.FutureTask.run(FutureTask.java:266)
	at java.util.concurrent.ThreadPoolExecutor.runWorker(ThreadPoolExecutor.java:1149)
	at java.util.concurrent.ThreadPoolExecutor$Worker.run(ThreadPoolExecutor.java:624)
	... 1 more
2021-10-28 03:03:49,858 [Datanode State Machine Daemon Thread] ERROR datanode.RunningDatanodeState (RunningDatanodeState.java:computeNextContainerState(199)) - Error in executing end point task.
java.util.concurrent.ExecutionException: java.util.concurrent.TimeoutException
	at java.util.concurrent.FutureTask.report(FutureTask.java:122)
	at java.util.concurrent.FutureTask.get(FutureTask.java:192)
	at org.apache.hadoop.ozone.container.common.states.datanode.RunningDatanodeState.computeNextContainerState(RunningDatanodeState.java:191)
	at org.apache.hadoop.ozone.container.common.states.datanode.RunningDatanodeState.await(RunningDatanodeState.java:231)
	at org.apache.hadoop.ozone.container.common.states.datanode.RunningDatanodeState.await(RunningDatanodeState.java:50)
	at org.apache.hadoop.ozone.container.common.statemachine.StateContext.execute(StateContext.java:633)
	at org.apache.hadoop.ozone.container.common.statemachine.DatanodeStateMachine.start(DatanodeStateMachine.java:280)
	at org.apache.hadoop.ozone.container.common.statemachine.DatanodeStateMachine.lambda$startDaemon$0(DatanodeStateMachine.java:468)
	at java.lang.Thread.run(Thread.java:748)
Caused by: java.util.concurrent.TimeoutException
	at java.util.concurrent.FutureTask.get(FutureTask.java:205)
	at org.apache.hadoop.ozone.container.common.states.datanode.RunningDatanodeState.lambda$execute$0(RunningDatanodeState.java:149)
	at java.util.concurrent.FutureTask.run(FutureTask.java:266)
	at java.util.concurrent.Executors$RunnableAdapter.call(Executors.java:511)
	at java.util.concurrent.FutureTask.run(FutureTask.java:266)
	at java.util.concurrent.ThreadPoolExecutor.runWorker(ThreadPoolExecutor.java:1149)
	at java.util.concurrent.ThreadPoolExecutor$Worker.run(ThreadPoolExecutor.java:624)
	... 1 more
2021-10-28 03:03:49,873 [Listener at 127.0.0.1/11132] INFO  ozone.MiniOzoneClusterImpl (MiniOzoneClusterImpl.java:lambda$waitForClusterToBeReady$0(235)) - Waiting for nodes to be ready. Got 4 of 3 DN Heartbeats.
2021-10-28 03:03:49,873 [Listener at 127.0.0.1/11132] INFO  ozone.MiniOzoneClusterImpl (MiniOzoneClusterImpl.java:lambda$waitForClusterToBeReady$0(238)) - Cluster exits safe mode
2021-10-28 03:03:49,874 [Listener at 127.0.0.1/11132] INFO  ozone.MiniOzoneClusterImpl (MiniOzoneClusterImpl.java:lambda$waitForClusterToBeReady$0(240)) - SCM became leader
2021-10-28 03:03:49,976 [EndpointStateMachine task thread for /127.0.0.1:12189 - 0 ] INFO  ipc.Client (Client.java:handleConnectionFailure(977)) - Retrying connect to server: localhost/127.0.0.1:12189. Already tried 0 time(s); retry policy is RetryUpToMaximumCountWithFixedSleep(maxRetries=15, sleepTime=1000 MILLISECONDS)
2021-10-28 03:03:50,003 [EndpointStateMachine task thread for /127.0.0.1:12199 - 0 ] INFO  ipc.Client (Client.java:handleConnectionFailure(977)) - Retrying connect to server: localhost/127.0.0.1:12199. Already tried 0 time(s); retry policy is RetryUpToMaximumCountWithFixedSleep(maxRetries=15, sleepTime=1000 MILLISECONDS)
2021-10-28 03:03:50,140 [Datanode State Machine Daemon Thread] ERROR datanode.RunningDatanodeState (RunningDatanodeState.java:computeNextContainerState(199)) - Error in executing end point task.
java.util.concurrent.ExecutionException: java.util.concurrent.TimeoutException
	at java.util.concurrent.FutureTask.report(FutureTask.java:122)
	at java.util.concurrent.FutureTask.get(FutureTask.java:192)
	at org.apache.hadoop.ozone.container.common.states.datanode.RunningDatanodeState.computeNextContainerState(RunningDatanodeState.java:191)
	at org.apache.hadoop.ozone.container.common.states.datanode.RunningDatanodeState.await(RunningDatanodeState.java:231)
	at org.apache.hadoop.ozone.container.common.states.datanode.RunningDatanodeState.await(RunningDatanodeState.java:50)
	at org.apache.hadoop.ozone.container.common.statemachine.StateContext.execute(StateContext.java:633)
	at org.apache.hadoop.ozone.container.common.statemachine.DatanodeStateMachine.start(DatanodeStateMachine.java:280)
	at org.apache.hadoop.ozone.container.common.statemachine.DatanodeStateMachine.lambda$startDaemon$0(DatanodeStateMachine.java:468)
	at java.lang.Thread.run(Thread.java:748)
Caused by: java.util.concurrent.TimeoutException
	at java.util.concurrent.FutureTask.get(FutureTask.java:205)
	at org.apache.hadoop.ozone.container.common.states.datanode.RunningDatanodeState.lambda$execute$0(RunningDatanodeState.java:149)
	at java.util.concurrent.FutureTask.run(FutureTask.java:266)
	at java.util.concurrent.Executors$RunnableAdapter.call(Executors.java:511)
	at java.util.concurrent.FutureTask.run(FutureTask.java:266)
	at java.util.concurrent.ThreadPoolExecutor.runWorker(ThreadPoolExecutor.java:1149)
	at java.util.concurrent.ThreadPoolExecutor$Worker.run(ThreadPoolExecutor.java:624)
	... 1 more
2021-10-28 03:03:50,874 [Listener at 127.0.0.1/11132] INFO  ozone.MiniOzoneClusterImpl (MiniOzoneClusterImpl.java:lambda$waitForClusterToBeReady$0(235)) - Waiting for nodes to be ready. Got 4 of 3 DN Heartbeats.
2021-10-28 03:03:50,874 [Listener at 127.0.0.1/11132] INFO  ozone.MiniOzoneClusterImpl (MiniOzoneClusterImpl.java:lambda$waitForClusterToBeReady$0(238)) - Cluster exits safe mode
2021-10-28 03:03:50,874 [Listener at 127.0.0.1/11132] INFO  ozone.MiniOzoneClusterImpl (MiniOzoneClusterImpl.java:lambda$waitForClusterToBeReady$0(240)) - SCM became leader
2021-10-28 03:03:50,976 [EndpointStateMachine task thread for /127.0.0.1:12189 - 0 ] INFO  ipc.Client (Client.java:handleConnectionFailure(977)) - Retrying connect to server: localhost/127.0.0.1:12189. Already tried 1 time(s); retry policy is RetryUpToMaximumCountWithFixedSleep(maxRetries=15, sleepTime=1000 MILLISECONDS)
2021-10-28 03:03:51,004 [EndpointStateMachine task thread for /127.0.0.1:12199 - 0 ] INFO  ipc.Client (Client.java:handleConnectionFailure(977)) - Retrying connect to server: localhost/127.0.0.1:12199. Already tried 1 time(s); retry policy is RetryUpToMaximumCountWithFixedSleep(maxRetries=15, sleepTime=1000 MILLISECONDS)
2021-10-28 03:03:51,142 [Datanode State Machine Daemon Thread] ERROR datanode.RunningDatanodeState (RunningDatanodeState.java:computeNextContainerState(199)) - Error in executing end point task.
java.util.concurrent.ExecutionException: java.util.concurrent.TimeoutException
	at java.util.concurrent.FutureTask.report(FutureTask.java:122)
	at java.util.concurrent.FutureTask.get(FutureTask.java:192)
	at org.apache.hadoop.ozone.container.common.states.datanode.RunningDatanodeState.computeNextContainerState(RunningDatanodeState.java:191)
	at org.apache.hadoop.ozone.container.common.states.datanode.RunningDatanodeState.await(RunningDatanodeState.java:231)
	at org.apache.hadoop.ozone.container.common.states.datanode.RunningDatanodeState.await(RunningDatanodeState.java:50)
	at org.apache.hadoop.ozone.container.common.statemachine.StateContext.execute(StateContext.java:633)
	at org.apache.hadoop.ozone.container.common.statemachine.DatanodeStateMachine.start(DatanodeStateMachine.java:280)
	at org.apache.hadoop.ozone.container.common.statemachine.DatanodeStateMachine.lambda$startDaemon$0(DatanodeStateMachine.java:468)
	at java.lang.Thread.run(Thread.java:748)
Caused by: java.util.concurrent.TimeoutException
	at java.util.concurrent.FutureTask.get(FutureTask.java:205)
	at org.apache.hadoop.ozone.container.common.states.datanode.RunningDatanodeState.lambda$execute$0(RunningDatanodeState.java:149)
	at java.util.concurrent.FutureTask.run(FutureTask.java:266)
	at java.util.concurrent.Executors$RunnableAdapter.call(Executors.java:511)
	at java.util.concurrent.FutureTask.run(FutureTask.java:266)
	at java.util.concurrent.ThreadPoolExecutor.runWorker(ThreadPoolExecutor.java:1149)
	at java.util.concurrent.ThreadPoolExecutor$Worker.run(ThreadPoolExecutor.java:624)
	... 1 more
2021-10-28 03:03:51,860 [Datanode State Machine Daemon Thread] ERROR datanode.RunningDatanodeState (RunningDatanodeState.java:computeNextContainerState(199)) - Error in executing end point task.
java.util.concurrent.ExecutionException: java.util.concurrent.TimeoutException
	at java.util.concurrent.FutureTask.report(FutureTask.java:122)
	at java.util.concurrent.FutureTask.get(FutureTask.java:192)
	at org.apache.hadoop.ozone.container.common.states.datanode.RunningDatanodeState.computeNextContainerState(RunningDatanodeState.java:191)
	at org.apache.hadoop.ozone.container.common.states.datanode.RunningDatanodeState.await(RunningDatanodeState.java:231)
	at org.apache.hadoop.ozone.container.common.states.datanode.RunningDatanodeState.await(RunningDatanodeState.java:50)
	at org.apache.hadoop.ozone.container.common.statemachine.StateContext.execute(StateContext.java:633)
	at org.apache.hadoop.ozone.container.common.statemachine.DatanodeStateMachine.start(DatanodeStateMachine.java:280)
	at org.apache.hadoop.ozone.container.common.statemachine.DatanodeStateMachine.lambda$startDaemon$0(DatanodeStateMachine.java:468)
	at java.lang.Thread.run(Thread.java:748)
Caused by: java.util.concurrent.TimeoutException
	at java.util.concurrent.FutureTask.get(FutureTask.java:205)
	at org.apache.hadoop.ozone.container.common.states.datanode.RunningDatanodeState.lambda$execute$0(RunningDatanodeState.java:149)
	at java.util.concurrent.FutureTask.run(FutureTask.java:266)
	at java.util.concurrent.Executors$RunnableAdapter.call(Executors.java:511)
	at java.util.concurrent.FutureTask.run(FutureTask.java:266)
	at java.util.concurrent.ThreadPoolExecutor.runWorker(ThreadPoolExecutor.java:1149)
	at java.util.concurrent.ThreadPoolExecutor$Worker.run(ThreadPoolExecutor.java:624)
	... 1 more
2021-10-28 03:03:51,874 [Listener at 127.0.0.1/11132] INFO  ozone.MiniOzoneClusterImpl (MiniOzoneClusterImpl.java:lambda$waitForClusterToBeReady$0(235)) - Waiting for nodes to be ready. Got 4 of 3 DN Heartbeats.
2021-10-28 03:03:51,875 [Listener at 127.0.0.1/11132] INFO  ozone.MiniOzoneClusterImpl (MiniOzoneClusterImpl.java:lambda$waitForClusterToBeReady$0(238)) - Cluster exits safe mode
2021-10-28 03:03:51,875 [Listener at 127.0.0.1/11132] INFO  ozone.MiniOzoneClusterImpl (MiniOzoneClusterImpl.java:lambda$waitForClusterToBeReady$0(240)) - SCM became leader
2021-10-28 03:03:51,977 [EndpointStateMachine task thread for /127.0.0.1:12189 - 0 ] INFO  ipc.Client (Client.java:handleConnectionFailure(977)) - Retrying connect to server: localhost/127.0.0.1:12189. Already tried 2 time(s); retry policy is RetryUpToMaximumCountWithFixedSleep(maxRetries=15, sleepTime=1000 MILLISECONDS)
2021-10-28 03:03:52,004 [EndpointStateMachine task thread for /127.0.0.1:12199 - 0 ] INFO  ipc.Client (Client.java:handleConnectionFailure(977)) - Retrying connect to server: localhost/127.0.0.1:12199. Already tried 2 time(s); retry policy is RetryUpToMaximumCountWithFixedSleep(maxRetries=15, sleepTime=1000 MILLISECONDS)
2021-10-28 03:03:52,875 [Listener at 127.0.0.1/11132] INFO  ozone.MiniOzoneClusterImpl (MiniOzoneClusterImpl.java:lambda$waitForClusterToBeReady$0(235)) - Waiting for nodes to be ready. Got 4 of 3 DN Heartbeats.
2021-10-28 03:03:52,875 [Listener at 127.0.0.1/11132] INFO  ozone.MiniOzoneClusterImpl (MiniOzoneClusterImpl.java:lambda$waitForClusterToBeReady$0(238)) - Cluster exits safe mode
2021-10-28 03:03:52,875 [Listener at 127.0.0.1/11132] INFO  ozone.MiniOzoneClusterImpl (MiniOzoneClusterImpl.java:lambda$waitForClusterToBeReady$0(240)) - SCM became leader
2021-10-28 03:03:52,978 [EndpointStateMachine task thread for /127.0.0.1:12189 - 0 ] INFO  ipc.Client (Client.java:handleConnectionFailure(977)) - Retrying connect to server: localhost/127.0.0.1:12189. Already tried 3 time(s); retry policy is RetryUpToMaximumCountWithFixedSleep(maxRetries=15, sleepTime=1000 MILLISECONDS)
2021-10-28 03:03:53,005 [EndpointStateMachine task thread for /127.0.0.1:12199 - 0 ] INFO  ipc.Client (Client.java:handleConnectionFailure(977)) - Retrying connect to server: localhost/127.0.0.1:12199. Already tried 3 time(s); retry policy is RetryUpToMaximumCountWithFixedSleep(maxRetries=15, sleepTime=1000 MILLISECONDS)
2021-10-28 03:03:53,143 [Datanode State Machine Daemon Thread] ERROR datanode.RunningDatanodeState (RunningDatanodeState.java:computeNextContainerState(199)) - Error in executing end point task.
java.util.concurrent.ExecutionException: java.util.concurrent.TimeoutException
	at java.util.concurrent.FutureTask.report(FutureTask.java:122)
	at java.util.concurrent.FutureTask.get(FutureTask.java:192)
	at org.apache.hadoop.ozone.container.common.states.datanode.RunningDatanodeState.computeNextContainerState(RunningDatanodeState.java:191)
	at org.apache.hadoop.ozone.container.common.states.datanode.RunningDatanodeState.await(RunningDatanodeState.java:231)
	at org.apache.hadoop.ozone.container.common.states.datanode.RunningDatanodeState.await(RunningDatanodeState.java:50)
	at org.apache.hadoop.ozone.container.common.statemachine.StateContext.execute(StateContext.java:633)
	at org.apache.hadoop.ozone.container.common.statemachine.DatanodeStateMachine.start(DatanodeStateMachine.java:280)
	at org.apache.hadoop.ozone.container.common.statemachine.DatanodeStateMachine.lambda$startDaemon$0(DatanodeStateMachine.java:468)
	at java.lang.Thread.run(Thread.java:748)
Caused by: java.util.concurrent.TimeoutException
	at java.util.concurrent.FutureTask.get(FutureTask.java:205)
	at org.apache.hadoop.ozone.container.common.states.datanode.RunningDatanodeState.lambda$execute$0(RunningDatanodeState.java:149)
	at java.util.concurrent.FutureTask.run(FutureTask.java:266)
	at java.util.concurrent.Executors$RunnableAdapter.call(Executors.java:511)
	at java.util.concurrent.FutureTask.run(FutureTask.java:266)
	at java.util.concurrent.ThreadPoolExecutor.runWorker(ThreadPoolExecutor.java:1149)
	at java.util.concurrent.ThreadPoolExecutor$Worker.run(ThreadPoolExecutor.java:624)
	... 1 more
2021-10-28 03:03:53,876 [Listener at 127.0.0.1/11132] INFO  ozone.MiniOzoneClusterImpl (MiniOzoneClusterImpl.java:lambda$waitForClusterToBeReady$0(235)) - Waiting for nodes to be ready. Got 4 of 3 DN Heartbeats.
2021-10-28 03:03:53,876 [Listener at 127.0.0.1/11132] INFO  ozone.MiniOzoneClusterImpl (MiniOzoneClusterImpl.java:lambda$waitForClusterToBeReady$0(238)) - Cluster exits safe mode
2021-10-28 03:03:53,876 [Listener at 127.0.0.1/11132] INFO  ozone.MiniOzoneClusterImpl (MiniOzoneClusterImpl.java:lambda$waitForClusterToBeReady$0(240)) - SCM became leader
2021-10-28 03:03:53,978 [EndpointStateMachine task thread for /127.0.0.1:12189 - 0 ] INFO  ipc.Client (Client.java:handleConnectionFailure(977)) - Retrying connect to server: localhost/127.0.0.1:12189. Already tried 4 time(s); retry policy is RetryUpToMaximumCountWithFixedSleep(maxRetries=15, sleepTime=1000 MILLISECONDS)
2021-10-28 03:03:54,005 [EndpointStateMachine task thread for /127.0.0.1:12199 - 0 ] INFO  ipc.Client (Client.java:handleConnectionFailure(977)) - Retrying connect to server: localhost/127.0.0.1:12199. Already tried 4 time(s); retry policy is RetryUpToMaximumCountWithFixedSleep(maxRetries=15, sleepTime=1000 MILLISECONDS)
2021-10-28 03:03:54,861 [Datanode State Machine Daemon Thread] ERROR datanode.RunningDatanodeState (RunningDatanodeState.java:computeNextContainerState(199)) - Error in executing end point task.
java.util.concurrent.ExecutionException: java.util.concurrent.TimeoutException
	at java.util.concurrent.FutureTask.report(FutureTask.java:122)
	at java.util.concurrent.FutureTask.get(FutureTask.java:192)
	at org.apache.hadoop.ozone.container.common.states.datanode.RunningDatanodeState.computeNextContainerState(RunningDatanodeState.java:191)
	at org.apache.hadoop.ozone.container.common.states.datanode.RunningDatanodeState.await(RunningDatanodeState.java:231)
	at org.apache.hadoop.ozone.container.common.states.datanode.RunningDatanodeState.await(RunningDatanodeState.java:50)
	at org.apache.hadoop.ozone.container.common.statemachine.StateContext.execute(StateContext.java:633)
	at org.apache.hadoop.ozone.container.common.statemachine.DatanodeStateMachine.start(DatanodeStateMachine.java:280)
	at org.apache.hadoop.ozone.container.common.statemachine.DatanodeStateMachine.lambda$startDaemon$0(DatanodeStateMachine.java:468)
	at java.lang.Thread.run(Thread.java:748)
Caused by: java.util.concurrent.TimeoutException
	at java.util.concurrent.FutureTask.get(FutureTask.java:205)
	at org.apache.hadoop.ozone.container.common.states.datanode.RunningDatanodeState.lambda$execute$0(RunningDatanodeState.java:149)
	at java.util.concurrent.FutureTask.run(FutureTask.java:266)
	at java.util.concurrent.Executors$RunnableAdapter.call(Executors.java:511)
	at java.util.concurrent.FutureTask.run(FutureTask.java:266)
	at java.util.concurrent.ThreadPoolExecutor.runWorker(ThreadPoolExecutor.java:1149)
	at java.util.concurrent.ThreadPoolExecutor$Worker.run(ThreadPoolExecutor.java:624)
	... 1 more
2021-10-28 03:03:54,876 [Listener at 127.0.0.1/11132] INFO  ozone.MiniOzoneClusterImpl (MiniOzoneClusterImpl.java:lambda$waitForClusterToBeReady$0(235)) - Waiting for nodes to be ready. Got 4 of 3 DN Heartbeats.
2021-10-28 03:03:54,877 [Listener at 127.0.0.1/11132] INFO  ozone.MiniOzoneClusterImpl (MiniOzoneClusterImpl.java:lambda$waitForClusterToBeReady$0(238)) - Cluster exits safe mode
2021-10-28 03:03:54,877 [Listener at 127.0.0.1/11132] INFO  ozone.MiniOzoneClusterImpl (MiniOzoneClusterImpl.java:lambda$waitForClusterToBeReady$0(240)) - SCM became leader
2021-10-28 03:03:54,979 [EndpointStateMachine task thread for /127.0.0.1:12189 - 0 ] INFO  ipc.Client (Client.java:handleConnectionFailure(977)) - Retrying connect to server: localhost/127.0.0.1:12189. Already tried 5 time(s); retry policy is RetryUpToMaximumCountWithFixedSleep(maxRetries=15, sleepTime=1000 MILLISECONDS)
2021-10-28 03:03:55,006 [EndpointStateMachine task thread for /127.0.0.1:12199 - 0 ] INFO  ipc.Client (Client.java:handleConnectionFailure(977)) - Retrying connect to server: localhost/127.0.0.1:12199. Already tried 5 time(s); retry policy is RetryUpToMaximumCountWithFixedSleep(maxRetries=15, sleepTime=1000 MILLISECONDS)
2021-10-28 03:03:55,378 [Datanode State Machine Daemon Thread] ERROR datanode.RunningDatanodeState (RunningDatanodeState.java:computeNextContainerState(199)) - Error in executing end point task.
java.util.concurrent.ExecutionException: java.util.concurrent.TimeoutException
	at java.util.concurrent.FutureTask.report(FutureTask.java:122)
	at java.util.concurrent.FutureTask.get(FutureTask.java:192)
	at org.apache.hadoop.ozone.container.common.states.datanode.RunningDatanodeState.computeNextContainerState(RunningDatanodeState.java:191)
	at org.apache.hadoop.ozone.container.common.states.datanode.RunningDatanodeState.await(RunningDatanodeState.java:231)
	at org.apache.hadoop.ozone.container.common.states.datanode.RunningDatanodeState.await(RunningDatanodeState.java:50)
	at org.apache.hadoop.ozone.container.common.statemachine.StateContext.execute(StateContext.java:633)
	at org.apache.hadoop.ozone.container.common.statemachine.DatanodeStateMachine.start(DatanodeStateMachine.java:280)
	at org.apache.hadoop.ozone.container.common.statemachine.DatanodeStateMachine.lambda$startDaemon$0(DatanodeStateMachine.java:468)
	at java.lang.Thread.run(Thread.java:748)
Caused by: java.util.concurrent.TimeoutException
	at java.util.concurrent.FutureTask.get(FutureTask.java:205)
	at org.apache.hadoop.ozone.container.common.states.datanode.RunningDatanodeState.lambda$execute$0(RunningDatanodeState.java:149)
	at java.util.concurrent.FutureTask.run(FutureTask.java:266)
	at java.util.concurrent.Executors$RunnableAdapter.call(Executors.java:511)
	at java.util.concurrent.FutureTask.run(FutureTask.java:266)
	at java.util.concurrent.ThreadPoolExecutor.runWorker(ThreadPoolExecutor.java:1149)
	at java.util.concurrent.ThreadPoolExecutor$Worker.run(ThreadPoolExecutor.java:624)
	... 1 more
2021-10-28 03:03:55,877 [Listener at 127.0.0.1/11132] INFO  ozone.MiniOzoneClusterImpl (MiniOzoneClusterImpl.java:lambda$waitForClusterToBeReady$0(235)) - Waiting for nodes to be ready. Got 4 of 3 DN Heartbeats.
2021-10-28 03:03:55,877 [Listener at 127.0.0.1/11132] INFO  ozone.MiniOzoneClusterImpl (MiniOzoneClusterImpl.java:lambda$waitForClusterToBeReady$0(238)) - Cluster exits safe mode
2021-10-28 03:03:55,877 [Listener at 127.0.0.1/11132] INFO  ozone.MiniOzoneClusterImpl (MiniOzoneClusterImpl.java:lambda$waitForClusterToBeReady$0(240)) - SCM became leader
2021-10-28 03:03:55,979 [EndpointStateMachine task thread for /127.0.0.1:12189 - 0 ] INFO  ipc.Client (Client.java:handleConnectionFailure(977)) - Retrying connect to server: localhost/127.0.0.1:12189. Already tried 6 time(s); retry policy is RetryUpToMaximumCountWithFixedSleep(maxRetries=15, sleepTime=1000 MILLISECONDS)
2021-10-28 03:03:56,006 [EndpointStateMachine task thread for /127.0.0.1:12199 - 0 ] INFO  ipc.Client (Client.java:handleConnectionFailure(977)) - Retrying connect to server: localhost/127.0.0.1:12199. Already tried 6 time(s); retry policy is RetryUpToMaximumCountWithFixedSleep(maxRetries=15, sleepTime=1000 MILLISECONDS)
2021-10-28 03:03:56,877 [Listener at 127.0.0.1/11132] INFO  ozone.MiniOzoneClusterImpl (MiniOzoneClusterImpl.java:lambda$waitForClusterToBeReady$0(235)) - Waiting for nodes to be ready. Got 4 of 3 DN Heartbeats.
2021-10-28 03:03:56,878 [Listener at 127.0.0.1/11132] INFO  ozone.MiniOzoneClusterImpl (MiniOzoneClusterImpl.java:lambda$waitForClusterToBeReady$0(238)) - Cluster exits safe mode
2021-10-28 03:03:56,878 [Listener at 127.0.0.1/11132] INFO  ozone.MiniOzoneClusterImpl (MiniOzoneClusterImpl.java:lambda$waitForClusterToBeReady$0(240)) - SCM became leader
2021-10-28 03:03:56,980 [EndpointStateMachine task thread for /127.0.0.1:12189 - 0 ] INFO  ipc.Client (Client.java:handleConnectionFailure(977)) - Retrying connect to server: localhost/127.0.0.1:12189. Already tried 7 time(s); retry policy is RetryUpToMaximumCountWithFixedSleep(maxRetries=15, sleepTime=1000 MILLISECONDS)
2021-10-28 03:03:57,007 [EndpointStateMachine task thread for /127.0.0.1:12199 - 0 ] INFO  ipc.Client (Client.java:handleConnectionFailure(977)) - Retrying connect to server: localhost/127.0.0.1:12199. Already tried 7 time(s); retry policy is RetryUpToMaximumCountWithFixedSleep(maxRetries=15, sleepTime=1000 MILLISECONDS)
2021-10-28 03:03:57,145 [Datanode State Machine Daemon Thread] ERROR datanode.RunningDatanodeState (RunningDatanodeState.java:computeNextContainerState(199)) - Error in executing end point task.
java.util.concurrent.ExecutionException: java.util.concurrent.TimeoutException
	at java.util.concurrent.FutureTask.report(FutureTask.java:122)
	at java.util.concurrent.FutureTask.get(FutureTask.java:192)
	at org.apache.hadoop.ozone.container.common.states.datanode.RunningDatanodeState.computeNextContainerState(RunningDatanodeState.java:191)
	at org.apache.hadoop.ozone.container.common.states.datanode.RunningDatanodeState.await(RunningDatanodeState.java:231)
	at org.apache.hadoop.ozone.container.common.states.datanode.RunningDatanodeState.await(RunningDatanodeState.java:50)
	at org.apache.hadoop.ozone.container.common.statemachine.StateContext.execute(StateContext.java:633)
	at org.apache.hadoop.ozone.container.common.statemachine.DatanodeStateMachine.start(DatanodeStateMachine.java:280)
	at org.apache.hadoop.ozone.container.common.statemachine.DatanodeStateMachine.lambda$startDaemon$0(DatanodeStateMachine.java:468)
	at java.lang.Thread.run(Thread.java:748)
Caused by: java.util.concurrent.TimeoutException
	at java.util.concurrent.FutureTask.get(FutureTask.java:205)
	at org.apache.hadoop.ozone.container.common.states.datanode.RunningDatanodeState.lambda$execute$0(RunningDatanodeState.java:149)
	at java.util.concurrent.FutureTask.run(FutureTask.java:266)
	at java.util.concurrent.Executors$RunnableAdapter.call(Executors.java:511)
	at java.util.concurrent.FutureTask.run(FutureTask.java:266)
	at java.util.concurrent.ThreadPoolExecutor.runWorker(ThreadPoolExecutor.java:1149)
	at java.util.concurrent.ThreadPoolExecutor$Worker.run(ThreadPoolExecutor.java:624)
	... 1 more
2021-10-28 03:03:57,878 [Listener at 127.0.0.1/11132] INFO  ozone.MiniOzoneClusterImpl (MiniOzoneClusterImpl.java:lambda$waitForClusterToBeReady$0(235)) - Waiting for nodes to be ready. Got 4 of 3 DN Heartbeats.
2021-10-28 03:03:57,878 [Listener at 127.0.0.1/11132] INFO  ozone.MiniOzoneClusterImpl (MiniOzoneClusterImpl.java:lambda$waitForClusterToBeReady$0(238)) - Cluster exits safe mode
2021-10-28 03:03:57,879 [Listener at 127.0.0.1/11132] INFO  ozone.MiniOzoneClusterImpl (MiniOzoneClusterImpl.java:lambda$waitForClusterToBeReady$0(240)) - SCM became leader
2021-10-28 03:03:57,980 [EndpointStateMachine task thread for /127.0.0.1:12189 - 0 ] INFO  ipc.Client (Client.java:handleConnectionFailure(977)) - Retrying connect to server: localhost/127.0.0.1:12189. Already tried 8 time(s); retry policy is RetryUpToMaximumCountWithFixedSleep(maxRetries=15, sleepTime=1000 MILLISECONDS)
2021-10-28 03:03:57,994 [Listener at 127.0.0.1/11132] INFO  ozone.MiniOzoneClusterImpl (MiniOzoneClusterImpl.java:shutdown(453)) - Shutting down the Mini Ozone Cluster
2021-10-28 03:03:57,999 [Listener at 127.0.0.1/11132] INFO  ozone.MiniOzoneHAClusterImpl (MiniOzoneHAClusterImpl.java:stop(298)) - Stopping the OzoneManager omNode-1
2021-10-28 03:03:57,999 [Listener at 127.0.0.1/11132] INFO  om.OzoneManager (OzoneManager.java:stop(1663)) - Stopping Ozone Manager
2021-10-28 03:03:57,999 [Listener at 127.0.0.1/11132] INFO  ipc.Server (Server.java:stop(3414)) - Stopping server on 11132
2021-10-28 03:03:58,008 [IPC Server listener on 11132] INFO  ipc.Server (Server.java:run(1376)) - Stopping IPC Server listener on 11132
2021-10-28 03:03:58,008 [EndpointStateMachine task thread for /127.0.0.1:12199 - 0 ] INFO  ipc.Client (Client.java:handleConnectionFailure(977)) - Retrying connect to server: localhost/127.0.0.1:12199. Already tried 8 time(s); retry policy is RetryUpToMaximumCountWithFixedSleep(maxRetries=15, sleepTime=1000 MILLISECONDS)
2021-10-28 03:03:58,009 [Listener at 127.0.0.1/11132] INFO  server.RaftServer (RaftServerProxy.java:lambda$close$6(391)) - omNode-1: close
2021-10-28 03:03:58,008 [IPC Server Responder] INFO  ipc.Server (Server.java:run(1512)) - Stopping IPC Server Responder
2021-10-28 03:03:58,009 [Listener at 127.0.0.1/11132] INFO  server.RaftServer$Division (RaftServerImpl.java:lambda$close$4(412)) - omNode-1@group-523986131536: shutdown
2021-10-28 03:03:58,010 [Listener at 127.0.0.1/11132] INFO  util.JmxRegister (JmxRegister.java:unregister(73)) - Successfully un-registered JMX Bean with object name Ratis:service=RaftServer,group=group-523986131536,id=omNode-1
2021-10-28 03:03:58,010 [Listener at 127.0.0.1/11132] INFO  impl.RoleInfo (RoleInfo.java:shutdownLeaderState(91)) - omNode-1: shutdown omNode-1@group-523986131536-LeaderStateImpl
2021-10-28 03:03:58,010 [Listener at 127.0.0.1/11132] INFO  impl.PendingRequests (PendingRequests.java:sendNotLeaderResponses(282)) - omNode-1@group-523986131536-PendingRequests: sendNotLeaderResponses
2021-10-28 03:03:58,011 [omNode-1@group-523986131536-StateMachineUpdater] INFO  ratis.OzoneManagerStateMachine (OzoneManagerStateMachine.java:takeSnapshot(417)) - Current Snapshot Index (t:1, i:0)
2021-10-28 03:03:58,011 [omNode-1@group-523986131536-StateMachineUpdater] INFO  impl.StateMachineUpdater (StateMachineUpdater.java:takeSnapshot(281)) - omNode-1@group-523986131536-StateMachineUpdater: Took a snapshot at index 0
2021-10-28 03:03:58,012 [omNode-1@group-523986131536-StateMachineUpdater] INFO  impl.StateMachineUpdater (StateMachineUpdater.java:lambda$new$0(89)) - omNode-1@group-523986131536-StateMachineUpdater: snapshotIndex: updateIncreasingly -1 -> 0
2021-10-28 03:03:58,012 [omNode-1@group-523986131536-StateMachineUpdater] INFO  ratis.OzoneManagerStateMachine (OzoneManagerStateMachine.java:close(471)) - StateMachine has shutdown. Shutdown OzoneManager if not already shutdown.
2021-10-28 03:03:58,012 [Listener at 127.0.0.1/11132] INFO  impl.StateMachineUpdater (StateMachineUpdater.java:stopAndJoin(149)) - omNode-1@group-523986131536-StateMachineUpdater: set stopIndex = 0
2021-10-28 03:03:58,012 [Listener at 127.0.0.1/11132] INFO  server.RaftServer$Division (ServerState.java:close(419)) - omNode-1@group-523986131536: closes. applyIndex: 0
2021-10-28 03:03:58,012 [omNode-1@group-523986131536-SegmentedRaftLogWorker] INFO  segmented.SegmentedRaftLogWorker (SegmentedRaftLogWorker.java:run(327)) - omNode-1@group-523986131536-SegmentedRaftLogWorker was interrupted, exiting. There are 0 tasks remaining in the queue.
2021-10-28 03:03:58,032 [Listener at 127.0.0.1/11132] INFO  segmented.SegmentedRaftLogWorker (SegmentedRaftLogWorker.java:close(237)) - omNode-1@group-523986131536-SegmentedRaftLogWorker close()
2021-10-28 03:03:58,034 [Listener at 127.0.0.1/11132] INFO  server.GrpcService (GrpcService.java:closeImpl(262)) - omNode-1: shutdown server with port 11136 now
2021-10-28 03:03:58,035 [Listener at 127.0.0.1/11132] INFO  server.GrpcService (GrpcService.java:closeImpl(271)) - omNode-1: shutdown server with port 11136 successfully
2021-10-28 03:03:58,035 [org.apache.ratis.util.JvmPauseMonitor$$Lambda$499/17331878@79749108] INFO  util.JvmPauseMonitor (JvmPauseMonitor.java:run(109)) - JvmPauseMonitor-omNode-1: Stopped
2021-10-28 03:03:58,036 [Listener at 127.0.0.1/11132] INFO  ratis.OzoneManagerDoubleBuffer (OzoneManagerDoubleBuffer.java:stop(437)) - Stopping OMDoubleBuffer flush thread
2021-10-28 03:03:58,036 [OMDoubleBufferFlushThread] INFO  ratis.OzoneManagerDoubleBuffer (OzoneManagerDoubleBuffer.java:flushTransactions(356)) - OMDoubleBuffer flush thread OMDoubleBufferFlushThread is interrupted and will exit. OMDoubleBufferFlushThread
2021-10-28 03:03:58,036 [Listener at 127.0.0.1/11132] INFO  utils.BackgroundService (BackgroundService.java:shutdown(132)) - Shutting down service KeyDeletingService
2021-10-28 03:03:58,037 [Listener at 127.0.0.1/11132] INFO  utils.BackgroundService (BackgroundService.java:shutdown(132)) - Shutting down service DirectoryDeletingService
2021-10-28 03:03:58,040 [Listener at 127.0.0.1/11132] INFO  handler.ContextHandler (ContextHandler.java:doStop(1153)) - Stopped o.e.j.w.WebAppContext@2d5bfc3a{ozoneManager,/,null,STOPPED}{file:/home/runner/work/ozone/ozone/hadoop-ozone/integration-test/target/test-classes/webapps/ozoneManager}
2021-10-28 03:03:58,043 [Listener at 127.0.0.1/11132] INFO  server.AbstractConnector (AbstractConnector.java:doStop(381)) - Stopped ServerConnector@245ece8d{HTTP/1.1, (http/1.1)}{0.0.0.0:11134}
2021-10-28 03:03:58,043 [Listener at 127.0.0.1/11132] INFO  server.session (HouseKeeper.java:stopScavenging(149)) - node0 Stopped scavenging
2021-10-28 03:03:58,043 [Listener at 127.0.0.1/11132] INFO  handler.ContextHandler (ContextHandler.java:doStop(1153)) - Stopped o.e.j.s.ServletContextHandler@1dbd1049{static,/static,file:///home/runner/work/ozone/ozone/hadoop-ozone/integration-test/target/test-classes/webapps/static,STOPPED}
2021-10-28 03:03:58,045 [Listener at 127.0.0.1/11132] INFO  handler.ContextHandler (ContextHandler.java:doStop(1153)) - Stopped o.e.j.s.ServletContextHandler@fc35694{logs,/logs,file:///home/runner/work/ozone/ozone/hadoop-ozone/integration-test/target/log,STOPPED}
2021-10-28 03:03:58,052 [Listener at 127.0.0.1/11132] INFO  ozone.MiniOzoneHAClusterImpl (MiniOzoneHAClusterImpl.java:stop(306)) - Stopping the StorageContainerManager 6dac361e-3d50-41be-ba36-b7bec097cbe9
2021-10-28 03:03:58,052 [Listener at 127.0.0.1/11132] INFO  server.StorageContainerManager (StorageContainerManager.java:stop(1395)) - Stopping Container Balancer service.
2021-10-28 03:03:58,052 [Listener at 127.0.0.1/11132] INFO  balancer.ContainerBalancer (ContainerBalancer.java:stop(773)) - Container Balancer is not running.
2021-10-28 03:03:58,053 [Listener at 127.0.0.1/11132] INFO  server.StorageContainerManager (StorageContainerManager.java:stop(1402)) - Stopping Replication Manager Service.
2021-10-28 03:03:58,053 [Listener at 127.0.0.1/11132] INFO  container.ReplicationManager (ReplicationManager.java:stop(350)) - Stopping Replication Monitor Thread.
2021-10-28 03:03:58,053 [Listener at 127.0.0.1/11132] INFO  server.StorageContainerManager (StorageContainerManager.java:stop(1409)) - Stopping the Datanode Admin Monitor.
2021-10-28 03:03:58,053 [Listener at 127.0.0.1/11132] INFO  server.StorageContainerManager (StorageContainerManager.java:stop(1416)) - Stopping Lease Manager of the command watchers
2021-10-28 03:03:58,054 [Listener at 127.0.0.1/11132] INFO  server.StorageContainerManager (StorageContainerManager.java:stop(1423)) - Stopping datanode service RPC server
2021-10-28 03:03:58,054 [Listener at 127.0.0.1/11132] INFO  server.SCMDatanodeProtocolServer (SCMDatanodeProtocolServer.java:stop(389)) - Stopping the RPC server for DataNodes
2021-10-28 03:03:58,054 [Listener at 127.0.0.1/11132] INFO  ipc.Server (Server.java:stop(3414)) - Stopping server on 13033
2021-10-28 03:03:58,068 [IPC Server Responder] INFO  ipc.Server (Server.java:run(1512)) - Stopping IPC Server Responder
2021-10-28 03:03:58,074 [IPC Server listener on 13033] INFO  ipc.Server (Server.java:run(1376)) - Stopping IPC Server listener on 13033
2021-10-28 03:03:58,148 [EndpointStateMachine task thread for /127.0.0.1:13033 - 0 ] WARN  statemachine.EndpointStateMachine (EndpointStateMachine.java:logIfNeeded(236)) - Unable to communicate to SCM server at localhost:13033 for past 0 seconds.
java.io.EOFException: End of File Exception between local host is: "fv-az184-410/10.1.0.63"; destination host is: "localhost":13033; : java.io.EOFException; For more details see:  http://wiki.apache.org/hadoop/EOFException
	at sun.reflect.NativeConstructorAccessorImpl.newInstance0(Native Method)
	at sun.reflect.NativeConstructorAccessorImpl.newInstance(NativeConstructorAccessorImpl.java:62)
	at sun.reflect.DelegatingConstructorAccessorImpl.newInstance(DelegatingConstructorAccessorImpl.java:45)
	at java.lang.reflect.Constructor.newInstance(Constructor.java:423)
	at org.apache.hadoop.net.NetUtils.wrapWithMessage(NetUtils.java:913)
	at org.apache.hadoop.net.NetUtils.wrapException(NetUtils.java:862)
	at org.apache.hadoop.ipc.Client.getRpcResponse(Client.java:1577)
	at org.apache.hadoop.ipc.Client.call(Client.java:1519)
	at org.apache.hadoop.ipc.Client.call(Client.java:1416)
	at org.apache.hadoop.ipc.ProtobufRpcEngine$Invoker.invoke(ProtobufRpcEngine.java:236)
	at org.apache.hadoop.ipc.ProtobufRpcEngine$Invoker.invoke(ProtobufRpcEngine.java:123)
	at com.sun.proxy.$Proxy48.submitRequest(Unknown Source)
	at org.apache.hadoop.ozone.protocolPB.StorageContainerDatanodeProtocolClientSideTranslatorPB.submitRequest(StorageContainerDatanodeProtocolClientSideTranslatorPB.java:117)
	at org.apache.hadoop.ozone.protocolPB.StorageContainerDatanodeProtocolClientSideTranslatorPB.sendHeartbeat(StorageContainerDatanodeProtocolClientSideTranslatorPB.java:149)
	at org.apache.hadoop.ozone.container.common.states.endpoint.HeartbeatEndpointTask.call(HeartbeatEndpointTask.java:179)
	at org.apache.hadoop.ozone.container.common.states.endpoint.HeartbeatEndpointTask.call(HeartbeatEndpointTask.java:82)
	at java.util.concurrent.FutureTask.run(FutureTask.java:266)
	at java.util.concurrent.ThreadPoolExecutor.runWorker(ThreadPoolExecutor.java:1149)
	at java.util.concurrent.ThreadPoolExecutor$Worker.run(ThreadPoolExecutor.java:624)
	at java.lang.Thread.run(Thread.java:748)
Caused by: java.io.EOFException
	at java.io.DataInputStream.readInt(DataInputStream.java:392)
	at org.apache.hadoop.ipc.Client$IpcStreams.readResponse(Client.java:1892)
	at org.apache.hadoop.ipc.Client$Connection.receiveRpcResponse(Client.java:1202)
	at org.apache.hadoop.ipc.Client$Connection.run(Client.java:1098)
2021-10-28 03:03:58,378 [Datanode State Machine Daemon Thread] ERROR datanode.RunningDatanodeState (RunningDatanodeState.java:computeNextContainerState(199)) - Error in executing end point task.
java.util.concurrent.ExecutionException: java.util.concurrent.TimeoutException
	at java.util.concurrent.FutureTask.report(FutureTask.java:122)
	at java.util.concurrent.FutureTask.get(FutureTask.java:192)
	at org.apache.hadoop.ozone.container.common.states.datanode.RunningDatanodeState.computeNextContainerState(RunningDatanodeState.java:191)
	at org.apache.hadoop.ozone.container.common.states.datanode.RunningDatanodeState.await(RunningDatanodeState.java:231)
	at org.apache.hadoop.ozone.container.common.states.datanode.RunningDatanodeState.await(RunningDatanodeState.java:50)
	at org.apache.hadoop.ozone.container.common.statemachine.StateContext.execute(StateContext.java:633)
	at org.apache.hadoop.ozone.container.common.statemachine.DatanodeStateMachine.start(DatanodeStateMachine.java:280)
	at org.apache.hadoop.ozone.container.common.statemachine.DatanodeStateMachine.lambda$startDaemon$0(DatanodeStateMachine.java:468)
	at java.lang.Thread.run(Thread.java:748)
Caused by: java.util.concurrent.TimeoutException
	at java.util.concurrent.FutureTask.get(FutureTask.java:205)
	at org.apache.hadoop.ozone.container.common.states.datanode.RunningDatanodeState.lambda$execute$0(RunningDatanodeState.java:149)
	at java.util.concurrent.FutureTask.run(FutureTask.java:266)
	at java.util.concurrent.Executors$RunnableAdapter.call(Executors.java:511)
	at java.util.concurrent.FutureTask.run(FutureTask.java:266)
	at java.util.concurrent.ThreadPoolExecutor.runWorker(ThreadPoolExecutor.java:1149)
	at java.util.concurrent.ThreadPoolExecutor$Worker.run(ThreadPoolExecutor.java:624)
	... 1 more
2021-10-28 03:03:58,819 [SCM Heartbeat Processing Thread - 0] WARN  node.NodeStateManager (NodeStateManager.java:scheduleNextHealthCheck(799)) - Current Thread is interrupted, shutting down HB processing thread for Node Manager.
2021-10-28 03:03:58,821 [Listener at 127.0.0.1/11132] INFO  server.StorageContainerManager (StorageContainerManager.java:stop(1431)) - Stopping block service RPC server
2021-10-28 03:03:58,821 [Listener at 127.0.0.1/11132] INFO  server.SCMBlockProtocolServer (SCMBlockProtocolServer.java:stop(160)) - Stopping the RPC server for Block Protocol
2021-10-28 03:03:58,821 [Listener at 127.0.0.1/11132] INFO  ipc.Server (Server.java:stop(3414)) - Stopping server on 13034
2021-10-28 03:03:58,837 [Listener at 127.0.0.1/11132] INFO  server.StorageContainerManager (StorageContainerManager.java:stop(1438)) - Stopping the StorageContainerLocationProtocol RPC server
2021-10-28 03:03:58,837 [Listener at 127.0.0.1/11132] INFO  server.SCMClientProtocolServer (SCMClientProtocolServer.java:stop(173)) - Stopping the RPC server for Client Protocol
2021-10-28 03:03:58,837 [Listener at 127.0.0.1/11132] INFO  ipc.Server (Server.java:stop(3414)) - Stopping server on 13035
2021-10-28 03:03:58,837 [IPC Server listener on 13034] INFO  ipc.Server (Server.java:run(1376)) - Stopping IPC Server listener on 13034
2021-10-28 03:03:58,838 [IPC Server Responder] INFO  ipc.Server (Server.java:run(1512)) - Stopping IPC Server Responder
2021-10-28 03:03:58,850 [IPC Server listener on 13035] INFO  ipc.Server (Server.java:run(1376)) - Stopping IPC Server listener on 13035
2021-10-28 03:03:58,852 [Listener at 127.0.0.1/11132] INFO  server.StorageContainerManager (StorageContainerManager.java:stop(1445)) - Stopping Storage Container Manager HTTP server.
2021-10-28 03:03:58,853 [Listener at 127.0.0.1/11132] INFO  handler.ContextHandler (ContextHandler.java:doStop(1153)) - Stopped o.e.j.w.WebAppContext@30cd738c{scm,/,null,STOPPED}{file:/home/runner/work/ozone/ozone/hadoop-ozone/integration-test/target/test-classes/webapps/scm}
2021-10-28 03:03:58,853 [IPC Server Responder] INFO  ipc.Server (Server.java:run(1512)) - Stopping IPC Server Responder
2021-10-28 03:03:58,855 [Listener at 127.0.0.1/11132] INFO  server.AbstractConnector (AbstractConnector.java:doStop(381)) - Stopped ServerConnector@4b4989f6{HTTP/1.1, (http/1.1)}{0.0.0.0:13030}
2021-10-28 03:03:58,855 [Listener at 127.0.0.1/11132] INFO  server.session (HouseKeeper.java:stopScavenging(149)) - node0 Stopped scavenging
2021-10-28 03:03:58,855 [Listener at 127.0.0.1/11132] INFO  handler.ContextHandler (ContextHandler.java:doStop(1153)) - Stopped o.e.j.s.ServletContextHandler@696fbbdf{static,/static,file:///home/runner/work/ozone/ozone/hadoop-ozone/integration-test/target/test-classes/webapps/static,STOPPED}
2021-10-28 03:03:58,856 [Listener at 127.0.0.1/11132] INFO  handler.ContextHandler (ContextHandler.java:doStop(1153)) - Stopped o.e.j.s.ServletContextHandler@d449064{logs,/logs,file:///home/runner/work/ozone/ozone/hadoop-ozone/integration-test/target/log,STOPPED}
2021-10-28 03:03:58,856 [Listener at 127.0.0.1/11132] INFO  server.StorageContainerManager (StorageContainerManager.java:stop(1456)) - Stopping Block Manager Service.
2021-10-28 03:03:58,857 [Listener at 127.0.0.1/11132] INFO  utils.BackgroundService (BackgroundService.java:shutdown(132)) - Shutting down service SCMBlockDeletingService
2021-10-28 03:03:58,857 [Listener at 127.0.0.1/11132] INFO  utils.BackgroundService (BackgroundService.java:shutdown(132)) - Shutting down service SCMBlockDeletingService
2021-10-28 03:03:58,857 [Listener at 127.0.0.1/11132] INFO  server.StorageContainerManager (StorageContainerManager.java:stop(1483)) - Stopping SCM Event Queue.
2021-10-28 03:03:58,861 [Listener at 127.0.0.1/11132] INFO  server.StorageContainerManager (StorageContainerManager.java:stop(1494)) - Stopping SCM HA services.
2021-10-28 03:03:58,861 [Listener at 127.0.0.1/11132] INFO  ha.SCMRatisServerImpl (SCMRatisServerImpl.java:stop(236)) - stopping ratis server 0.0.0.0:13032
2021-10-28 03:03:58,861 [Listener at 127.0.0.1/11132] INFO  server.RaftServer (RaftServerProxy.java:lambda$close$6(391)) - 6dac361e-3d50-41be-ba36-b7bec097cbe9: close
2021-10-28 03:03:58,861 [Listener at 127.0.0.1/11132] INFO  server.RaftServer$Division (RaftServerImpl.java:lambda$close$4(412)) - 6dac361e-3d50-41be-ba36-b7bec097cbe9@group-390751046F7B: shutdown
2021-10-28 03:03:58,861 [Listener at 127.0.0.1/11132] INFO  util.JmxRegister (JmxRegister.java:unregister(73)) - Successfully un-registered JMX Bean with object name Ratis:service=RaftServer,group=group-390751046F7B,id=6dac361e-3d50-41be-ba36-b7bec097cbe9
2021-10-28 03:03:58,862 [Listener at 127.0.0.1/11132] INFO  impl.RoleInfo (RoleInfo.java:shutdownLeaderState(91)) - 6dac361e-3d50-41be-ba36-b7bec097cbe9: shutdown 6dac361e-3d50-41be-ba36-b7bec097cbe9@group-390751046F7B-LeaderStateImpl
2021-10-28 03:03:58,862 [Datanode State Machine Daemon Thread] ERROR datanode.RunningDatanodeState (RunningDatanodeState.java:computeNextContainerState(199)) - Error in executing end point task.
java.util.concurrent.ExecutionException: java.util.concurrent.TimeoutException
	at java.util.concurrent.FutureTask.report(FutureTask.java:122)
	at java.util.concurrent.FutureTask.get(FutureTask.java:192)
	at org.apache.hadoop.ozone.container.common.states.datanode.RunningDatanodeState.computeNextContainerState(RunningDatanodeState.java:191)
	at org.apache.hadoop.ozone.container.common.states.datanode.RunningDatanodeState.await(RunningDatanodeState.java:231)
	at org.apache.hadoop.ozone.container.common.states.datanode.RunningDatanodeState.await(RunningDatanodeState.java:50)
	at org.apache.hadoop.ozone.container.common.statemachine.StateContext.execute(StateContext.java:633)
	at org.apache.hadoop.ozone.container.common.statemachine.DatanodeStateMachine.start(DatanodeStateMachine.java:280)
	at org.apache.hadoop.ozone.container.common.statemachine.DatanodeStateMachine.lambda$startDaemon$0(DatanodeStateMachine.java:468)
	at java.lang.Thread.run(Thread.java:748)
Caused by: java.util.concurrent.TimeoutException
	at java.util.concurrent.FutureTask.get(FutureTask.java:205)
	at org.apache.hadoop.ozone.container.common.states.datanode.RunningDatanodeState.lambda$execute$0(RunningDatanodeState.java:149)
	at java.util.concurrent.FutureTask.run(FutureTask.java:266)
	at java.util.concurrent.Executors$RunnableAdapter.call(Executors.java:511)
	at java.util.concurrent.FutureTask.run(FutureTask.java:266)
	at java.util.concurrent.ThreadPoolExecutor.runWorker(ThreadPoolExecutor.java:1149)
	at java.util.concurrent.ThreadPoolExecutor$Worker.run(ThreadPoolExecutor.java:624)
	... 1 more
2021-10-28 03:03:58,863 [6dac361e-3d50-41be-ba36-b7bec097cbe9@group-390751046F7B->13676ba2-e17b-4a8f-9926-6ead84168abe-GrpcLogAppender-LogAppenderDaemon] WARN  server.GrpcLogAppender (GrpcLogAppender.java:mayWait(177)) - 6dac361e-3d50-41be-ba36-b7bec097cbe9@group-390751046F7B->13676ba2-e17b-4a8f-9926-6ead84168abe-GrpcLogAppender: Wait interrupted by java.lang.InterruptedException
2021-10-28 03:03:58,863 [Listener at 127.0.0.1/11132] INFO  impl.PendingRequests (PendingRequests.java:sendNotLeaderResponses(282)) - 6dac361e-3d50-41be-ba36-b7bec097cbe9@group-390751046F7B-PendingRequests: sendNotLeaderResponses
2021-10-28 03:03:58,864 [grpc-default-executor-0] INFO  server.GrpcServerProtocolService (GrpcServerProtocolService.java:onCompleted(140)) - 13676ba2-e17b-4a8f-9926-6ead84168abe: Completed APPEND_ENTRIES, lastRequest: 6dac361e-3d50-41be-ba36-b7bec097cbe9->13676ba2-e17b-4a8f-9926-6ead84168abe#1046-t2,previous=(t:2, i:17),leaderCommit=17,initializing? true,entries: size=1, first=(t:2, i:18), METADATAENTRY(c:17)
2021-10-28 03:03:58,866 [grpc-default-executor-2] INFO  server.GrpcLogAppender (GrpcLogAppender.java:onCompleted(346)) - 6dac361e-3d50-41be-ba36-b7bec097cbe9@group-390751046F7B->13676ba2-e17b-4a8f-9926-6ead84168abe-AppendLogResponseHandler: follower responses appendEntries COMPLETED
2021-10-28 03:03:58,866 [grpc-default-executor-2] INFO  leader.FollowerInfo (FollowerInfoImpl.java:lambda$new$0(47)) - 6dac361e-3d50-41be-ba36-b7bec097cbe9@group-390751046F7B->13676ba2-e17b-4a8f-9926-6ead84168abe: nextIndex: updateUnconditionally 19 -> 18
2021-10-28 03:03:58,868 [Listener at 127.0.0.1/11132] INFO  ha.SCMStateMachine (SCMStateMachine.java:notifyNotLeader(183)) - current leader SCM steps down.
2021-10-28 03:03:58,868 [Listener at 127.0.0.1/11132] INFO  ha.SCMContext (SCMContext.java:updateLeaderAndTerm(88)) - update <isLeader,term> from <true,2> to <false,0>
2021-10-28 03:03:58,868 [Listener at 127.0.0.1/11132] INFO  ha.SCMContext (SCMContext.java:updateLeaderAndTerm(95)) - update <isLeaderReady> from <false> to <false>
2021-10-28 03:03:58,879 [Listener at 127.0.0.1/11132] INFO  impl.StateMachineUpdater (StateMachineUpdater.java:stopAndJoin(149)) - 6dac361e-3d50-41be-ba36-b7bec097cbe9@group-390751046F7B-StateMachineUpdater: set stopIndex = 18
2021-10-28 03:03:58,879 [6dac361e-3d50-41be-ba36-b7bec097cbe9@group-390751046F7B-StateMachineUpdater] INFO  ha.SCMStateMachine (SCMStateMachine.java:takeSnapshot(290)) - Current Snapshot Index 18, takeSnapshot took 0 ms
2021-10-28 03:03:58,880 [6dac361e-3d50-41be-ba36-b7bec097cbe9@group-390751046F7B-StateMachineUpdater] INFO  impl.StateMachineUpdater (StateMachineUpdater.java:takeSnapshot(281)) - 6dac361e-3d50-41be-ba36-b7bec097cbe9@group-390751046F7B-StateMachineUpdater: Took a snapshot at index 18
2021-10-28 03:03:58,880 [6dac361e-3d50-41be-ba36-b7bec097cbe9@group-390751046F7B-StateMachineUpdater] INFO  impl.StateMachineUpdater (StateMachineUpdater.java:lambda$new$0(89)) - 6dac361e-3d50-41be-ba36-b7bec097cbe9@group-390751046F7B-StateMachineUpdater: snapshotIndex: updateIncreasingly 15 -> 18
2021-10-28 03:03:58,882 [Listener at 127.0.0.1/11132] INFO  server.RaftServer$Division (ServerState.java:close(419)) - 6dac361e-3d50-41be-ba36-b7bec097cbe9@group-390751046F7B: closes. applyIndex: 18
2021-10-28 03:03:58,883 [6dac361e-3d50-41be-ba36-b7bec097cbe9@group-390751046F7B-SegmentedRaftLogWorker] INFO  segmented.SegmentedRaftLogWorker (SegmentedRaftLogWorker.java:run(327)) - 6dac361e-3d50-41be-ba36-b7bec097cbe9@group-390751046F7B-SegmentedRaftLogWorker was interrupted, exiting. There are 0 tasks remaining in the queue.
2021-10-28 03:03:58,886 [Listener at 127.0.0.1/11132] INFO  segmented.SegmentedRaftLogWorker (SegmentedRaftLogWorker.java:close(237)) - 6dac361e-3d50-41be-ba36-b7bec097cbe9@group-390751046F7B-SegmentedRaftLogWorker close()
2021-10-28 03:03:58,892 [Listener at 127.0.0.1/11132] INFO  server.GrpcService (GrpcService.java:closeImpl(262)) - 6dac361e-3d50-41be-ba36-b7bec097cbe9: shutdown server with port 13032 now
2021-10-28 03:03:58,895 [Listener at 127.0.0.1/11132] INFO  server.GrpcService (GrpcService.java:closeImpl(271)) - 6dac361e-3d50-41be-ba36-b7bec097cbe9: shutdown server with port 13032 successfully
2021-10-28 03:03:58,895 [org.apache.ratis.util.JvmPauseMonitor$$Lambda$499/17331878@3ec616af] INFO  util.JvmPauseMonitor (JvmPauseMonitor.java:run(109)) - JvmPauseMonitor-6dac361e-3d50-41be-ba36-b7bec097cbe9: Stopped
2021-10-28 03:03:58,903 [Listener at 127.0.0.1/11132] INFO  pipeline.BackgroundPipelineCreator (BackgroundPipelineCreator.java:stop(158)) - Stopping RatisPipelineUtilsThread.
2021-10-28 03:03:58,903 [Listener at 127.0.0.1/11132] INFO  server.StorageContainerManager (StorageContainerManager.java:stop(1504)) - Stopping SCM MetadataStore.
2021-10-28 03:03:58,904 [Listener at 127.0.0.1/11132] INFO  impl.MetricsSystemImpl (MetricsSystemImpl.java:stop(210)) - Stopping HddsDatanode metrics system...
2021-10-28 03:03:58,955 [prometheus] INFO  impl.MetricsSinkAdapter (MetricsSinkAdapter.java:publishMetricsFromQueue(141)) - prometheus thread interrupted.
2021-10-28 03:03:58,958 [Listener at 127.0.0.1/11132] INFO  impl.MetricsSystemImpl (MetricsSystemImpl.java:stop(216)) - HddsDatanode metrics system stopped.
2021-10-28 03:03:58,959 [Listener at 127.0.0.1/11132] INFO  ozone.MiniOzoneHAClusterImpl (MiniOzoneHAClusterImpl.java:stop(306)) - Stopping the StorageContainerManager 13676ba2-e17b-4a8f-9926-6ead84168abe
2021-10-28 03:03:58,959 [Listener at 127.0.0.1/11132] INFO  server.StorageContainerManager (StorageContainerManager.java:stop(1395)) - Stopping Container Balancer service.
2021-10-28 03:03:58,959 [Listener at 127.0.0.1/11132] INFO  balancer.ContainerBalancer (ContainerBalancer.java:stop(773)) - Container Balancer is not running.
2021-10-28 03:03:58,959 [Listener at 127.0.0.1/11132] INFO  server.StorageContainerManager (StorageContainerManager.java:stop(1402)) - Stopping Replication Manager Service.
2021-10-28 03:03:58,959 [Listener at 127.0.0.1/11132] INFO  container.ReplicationManager (ReplicationManager.java:stop(350)) - Stopping Replication Monitor Thread.
2021-10-28 03:03:58,959 [Listener at 127.0.0.1/11132] INFO  server.StorageContainerManager (StorageContainerManager.java:stop(1409)) - Stopping the Datanode Admin Monitor.
2021-10-28 03:03:58,960 [Listener at 127.0.0.1/11132] INFO  server.StorageContainerManager (StorageContainerManager.java:stop(1416)) - Stopping Lease Manager of the command watchers
2021-10-28 03:03:58,960 [Listener at 127.0.0.1/11132] INFO  server.StorageContainerManager (StorageContainerManager.java:stop(1423)) - Stopping datanode service RPC server
2021-10-28 03:03:58,960 [Listener at 127.0.0.1/11132] INFO  server.SCMDatanodeProtocolServer (SCMDatanodeProtocolServer.java:stop(389)) - Stopping the RPC server for DataNodes
2021-10-28 03:03:58,960 [Listener at 127.0.0.1/11132] INFO  ipc.Server (Server.java:stop(3414)) - Stopping server on 13043
2021-10-28 03:03:58,965 [IPC Server listener on 13043] INFO  ipc.Server (Server.java:run(1376)) - Stopping IPC Server listener on 13043
2021-10-28 03:03:58,965 [IPC Server Responder] INFO  ipc.Server (Server.java:run(1512)) - Stopping IPC Server Responder
2021-10-28 03:03:58,981 [EndpointStateMachine task thread for /127.0.0.1:12189 - 0 ] INFO  ipc.Client (Client.java:handleConnectionFailure(977)) - Retrying connect to server: localhost/127.0.0.1:12189. Already tried 9 time(s); retry policy is RetryUpToMaximumCountWithFixedSleep(maxRetries=15, sleepTime=1000 MILLISECONDS)
2021-10-28 03:03:59,010 [EndpointStateMachine task thread for /127.0.0.1:12199 - 0 ] INFO  ipc.Client (Client.java:handleConnectionFailure(977)) - Retrying connect to server: localhost/127.0.0.1:12199. Already tried 9 time(s); retry policy is RetryUpToMaximumCountWithFixedSleep(maxRetries=15, sleepTime=1000 MILLISECONDS)
2021-10-28 03:03:59,038 [SCM Heartbeat Processing Thread - 0] WARN  node.NodeStateManager (NodeStateManager.java:scheduleNextHealthCheck(799)) - Current Thread is interrupted, shutting down HB processing thread for Node Manager.
2021-10-28 03:03:59,039 [Listener at 127.0.0.1/11132] INFO  server.StorageContainerManager (StorageContainerManager.java:stop(1431)) - Stopping block service RPC server
2021-10-28 03:03:59,039 [Listener at 127.0.0.1/11132] INFO  server.SCMBlockProtocolServer (SCMBlockProtocolServer.java:stop(160)) - Stopping the RPC server for Block Protocol
2021-10-28 03:03:59,039 [Listener at 127.0.0.1/11132] INFO  ipc.Server (Server.java:stop(3414)) - Stopping server on 13044
2021-10-28 03:03:59,041 [Listener at 127.0.0.1/11132] INFO  server.StorageContainerManager (StorageContainerManager.java:stop(1438)) - Stopping the StorageContainerLocationProtocol RPC server
2021-10-28 03:03:59,041 [Listener at 127.0.0.1/11132] INFO  server.SCMClientProtocolServer (SCMClientProtocolServer.java:stop(173)) - Stopping the RPC server for Client Protocol
2021-10-28 03:03:59,041 [Listener at 127.0.0.1/11132] INFO  ipc.Server (Server.java:stop(3414)) - Stopping server on 13045
2021-10-28 03:03:59,042 [IPC Server Responder] INFO  ipc.Server (Server.java:run(1512)) - Stopping IPC Server Responder
2021-10-28 03:03:59,044 [IPC Server listener on 13044] INFO  ipc.Server (Server.java:run(1376)) - Stopping IPC Server listener on 13044
2021-10-28 03:03:59,045 [IPC Server listener on 13045] INFO  ipc.Server (Server.java:run(1376)) - Stopping IPC Server listener on 13045
2021-10-28 03:03:59,054 [Listener at 127.0.0.1/11132] INFO  server.StorageContainerManager (StorageContainerManager.java:stop(1445)) - Stopping Storage Container Manager HTTP server.
2021-10-28 03:03:59,054 [IPC Server Responder] INFO  ipc.Server (Server.java:run(1512)) - Stopping IPC Server Responder
2021-10-28 03:03:59,059 [Listener at 127.0.0.1/11132] INFO  handler.ContextHandler (ContextHandler.java:doStop(1153)) - Stopped o.e.j.w.WebAppContext@1b0c9f26{scm,/,null,STOPPED}{file:/home/runner/work/ozone/ozone/hadoop-ozone/integration-test/target/test-classes/webapps/scm}
2021-10-28 03:03:59,060 [Listener at 127.0.0.1/11132] INFO  server.AbstractConnector (AbstractConnector.java:doStop(381)) - Stopped ServerConnector@57dd604b{HTTP/1.1, (http/1.1)}{0.0.0.0:13040}
2021-10-28 03:03:59,060 [Listener at 127.0.0.1/11132] INFO  server.session (HouseKeeper.java:stopScavenging(149)) - node0 Stopped scavenging
2021-10-28 03:03:59,060 [Listener at 127.0.0.1/11132] INFO  handler.ContextHandler (ContextHandler.java:doStop(1153)) - Stopped o.e.j.s.ServletContextHandler@11214149{static,/static,file:///home/runner/work/ozone/ozone/hadoop-ozone/integration-test/target/test-classes/webapps/static,STOPPED}
2021-10-28 03:03:59,060 [Listener at 127.0.0.1/11132] INFO  handler.ContextHandler (ContextHandler.java:doStop(1153)) - Stopped o.e.j.s.ServletContextHandler@2fa44cdf{logs,/logs,file:///home/runner/work/ozone/ozone/hadoop-ozone/integration-test/target/log,STOPPED}
2021-10-28 03:03:59,066 [Listener at 127.0.0.1/11132] INFO  server.StorageContainerManager (StorageContainerManager.java:stop(1456)) - Stopping Block Manager Service.
2021-10-28 03:03:59,067 [Listener at 127.0.0.1/11132] INFO  utils.BackgroundService (BackgroundService.java:shutdown(132)) - Shutting down service SCMBlockDeletingService
2021-10-28 03:03:59,067 [Listener at 127.0.0.1/11132] INFO  utils.BackgroundService (BackgroundService.java:shutdown(132)) - Shutting down service SCMBlockDeletingService
2021-10-28 03:03:59,067 [Listener at 127.0.0.1/11132] INFO  server.StorageContainerManager (StorageContainerManager.java:stop(1483)) - Stopping SCM Event Queue.
2021-10-28 03:03:59,068 [Listener at 127.0.0.1/11132] INFO  server.StorageContainerManager (StorageContainerManager.java:stop(1494)) - Stopping SCM HA services.
2021-10-28 03:03:59,068 [Listener at 127.0.0.1/11132] INFO  ha.SCMRatisServerImpl (SCMRatisServerImpl.java:stop(236)) - stopping ratis server 0.0.0.0:13042
2021-10-28 03:03:59,069 [Listener at 127.0.0.1/11132] INFO  server.RaftServer (RaftServerProxy.java:lambda$close$6(391)) - 13676ba2-e17b-4a8f-9926-6ead84168abe: close
2021-10-28 03:03:59,069 [Listener at 127.0.0.1/11132] INFO  server.RaftServer$Division (RaftServerImpl.java:lambda$close$4(412)) - 13676ba2-e17b-4a8f-9926-6ead84168abe@group-390751046F7B: shutdown
2021-10-28 03:03:59,070 [Listener at 127.0.0.1/11132] INFO  util.JmxRegister (JmxRegister.java:unregister(73)) - Successfully un-registered JMX Bean with object name Ratis:service=RaftServer,group=group-390751046F7B,id=13676ba2-e17b-4a8f-9926-6ead84168abe
2021-10-28 03:03:59,070 [Listener at 127.0.0.1/11132] INFO  impl.RoleInfo (RoleInfo.java:shutdownFollowerState(108)) - 13676ba2-e17b-4a8f-9926-6ead84168abe: shutdown 13676ba2-e17b-4a8f-9926-6ead84168abe@group-390751046F7B-FollowerState
2021-10-28 03:03:59,070 [13676ba2-e17b-4a8f-9926-6ead84168abe@group-390751046F7B-FollowerState] INFO  impl.FollowerState (FollowerState.java:run(143)) - 13676ba2-e17b-4a8f-9926-6ead84168abe@group-390751046F7B-FollowerState was interrupted: {}
java.lang.InterruptedException: sleep interrupted
	at java.lang.Thread.sleep(Native Method)
	at java.lang.Thread.sleep(Thread.java:340)
	at java.util.concurrent.TimeUnit.sleep(TimeUnit.java:386)
	at org.apache.ratis.util.TimeDuration.sleep(TimeDuration.java:324)
	at org.apache.ratis.util.TimeDuration.sleep(TimeDuration.java:309)
	at org.apache.ratis.server.impl.FollowerState.run(FollowerState.java:118)
2021-10-28 03:03:59,070 [13676ba2-e17b-4a8f-9926-6ead84168abe@group-390751046F7B-StateMachineUpdater] INFO  ha.SCMStateMachine (SCMStateMachine.java:takeSnapshot(290)) - Current Snapshot Index 18, takeSnapshot took 0 ms
2021-10-28 03:03:59,070 [13676ba2-e17b-4a8f-9926-6ead84168abe@group-390751046F7B-StateMachineUpdater] INFO  impl.StateMachineUpdater (StateMachineUpdater.java:takeSnapshot(281)) - 13676ba2-e17b-4a8f-9926-6ead84168abe@group-390751046F7B-StateMachineUpdater: Took a snapshot at index 18
2021-10-28 03:03:59,070 [13676ba2-e17b-4a8f-9926-6ead84168abe@group-390751046F7B-StateMachineUpdater] INFO  impl.StateMachineUpdater (StateMachineUpdater.java:lambda$new$0(89)) - 13676ba2-e17b-4a8f-9926-6ead84168abe@group-390751046F7B-StateMachineUpdater: snapshotIndex: updateIncreasingly 17 -> 18
2021-10-28 03:03:59,071 [Listener at 127.0.0.1/11132] INFO  impl.StateMachineUpdater (StateMachineUpdater.java:stopAndJoin(149)) - 13676ba2-e17b-4a8f-9926-6ead84168abe@group-390751046F7B-StateMachineUpdater: set stopIndex = 18
2021-10-28 03:03:59,071 [Listener at 127.0.0.1/11132] INFO  server.RaftServer$Division (ServerState.java:close(419)) - 13676ba2-e17b-4a8f-9926-6ead84168abe@group-390751046F7B: closes. applyIndex: 18
2021-10-28 03:03:59,071 [13676ba2-e17b-4a8f-9926-6ead84168abe@group-390751046F7B-SegmentedRaftLogWorker] INFO  segmented.SegmentedRaftLogWorker (SegmentedRaftLogWorker.java:run(327)) - 13676ba2-e17b-4a8f-9926-6ead84168abe@group-390751046F7B-SegmentedRaftLogWorker was interrupted, exiting. There are 0 tasks remaining in the queue.
2021-10-28 03:03:59,073 [Listener at 127.0.0.1/11132] INFO  segmented.SegmentedRaftLogWorker (SegmentedRaftLogWorker.java:close(237)) - 13676ba2-e17b-4a8f-9926-6ead84168abe@group-390751046F7B-SegmentedRaftLogWorker close()
2021-10-28 03:03:59,082 [Listener at 127.0.0.1/11132] INFO  server.GrpcService (GrpcService.java:closeImpl(262)) - 13676ba2-e17b-4a8f-9926-6ead84168abe: shutdown server with port 13042 now
2021-10-28 03:03:59,083 [Listener at 127.0.0.1/11132] INFO  server.GrpcService (GrpcService.java:closeImpl(271)) - 13676ba2-e17b-4a8f-9926-6ead84168abe: shutdown server with port 13042 successfully
2021-10-28 03:03:59,084 [org.apache.ratis.util.JvmPauseMonitor$$Lambda$499/17331878@152eed56] INFO  util.JvmPauseMonitor (JvmPauseMonitor.java:run(109)) - JvmPauseMonitor-13676ba2-e17b-4a8f-9926-6ead84168abe: Stopped
2021-10-28 03:03:59,087 [Listener at 127.0.0.1/11132] INFO  pipeline.BackgroundPipelineCreator (BackgroundPipelineCreator.java:stop(158)) - Stopping RatisPipelineUtilsThread.
2021-10-28 03:03:59,089 [Listener at 127.0.0.1/11132] INFO  server.StorageContainerManager (StorageContainerManager.java:stop(1504)) - Stopping SCM MetadataStore.
2021-10-28 03:03:59,090 [Listener at 127.0.0.1/11132] INFO  impl.MetricsSystemImpl (MetricsSystemImpl.java:stop(205)) - HddsDatanode metrics system stopped (again)
2021-10-28 03:03:59,090 [Listener at 127.0.0.1/11132] INFO  ozone.MiniOzoneHAClusterImpl (MiniOzoneHAClusterImpl.java:stop(306)) - Stopping the StorageContainerManager f925c0d7-10bd-441b-a371-a3422131d7f8
2021-10-28 03:03:59,090 [Listener at 127.0.0.1/11132] INFO  server.StorageContainerManager (StorageContainerManager.java:stop(1395)) - Stopping Container Balancer service.
2021-10-28 03:03:59,090 [Listener at 127.0.0.1/11132] INFO  balancer.ContainerBalancer (ContainerBalancer.java:stop(773)) - Container Balancer is not running.
2021-10-28 03:03:59,090 [Listener at 127.0.0.1/11132] INFO  server.StorageContainerManager (StorageContainerManager.java:stop(1402)) - Stopping Replication Manager Service.
2021-10-28 03:03:59,090 [Listener at 127.0.0.1/11132] INFO  container.ReplicationManager (ReplicationManager.java:stop(350)) - Stopping Replication Monitor Thread.
2021-10-28 03:03:59,090 [Listener at 127.0.0.1/11132] INFO  server.StorageContainerManager (StorageContainerManager.java:stop(1409)) - Stopping the Datanode Admin Monitor.
2021-10-28 03:03:59,090 [Listener at 127.0.0.1/11132] INFO  server.StorageContainerManager (StorageContainerManager.java:stop(1416)) - Stopping Lease Manager of the command watchers
2021-10-28 03:03:59,095 [Listener at 127.0.0.1/11132] ERROR server.StorageContainerManager (StorageContainerManager.java:stop(1419)) - Lease Manager of the command watchers stop failed
2021-10-28 03:03:59,095 [Listener at 127.0.0.1/11132] INFO  server.StorageContainerManager (StorageContainerManager.java:stop(1423)) - Stopping datanode service RPC server
2021-10-28 03:03:59,095 [Listener at 127.0.0.1/11132] INFO  server.SCMDatanodeProtocolServer (SCMDatanodeProtocolServer.java:stop(389)) - Stopping the RPC server for DataNodes
2021-10-28 03:03:59,095 [Listener at 127.0.0.1/11132] INFO  ipc.Server (Server.java:stop(3414)) - Stopping server on 13053
2021-10-28 03:03:59,144 [SCM Heartbeat Processing Thread - 0] WARN  node.NodeStateManager (NodeStateManager.java:scheduleNextHealthCheck(799)) - Current Thread is interrupted, shutting down HB processing thread for Node Manager.
2021-10-28 03:03:59,144 [Listener at 127.0.0.1/11132] INFO  server.StorageContainerManager (StorageContainerManager.java:stop(1431)) - Stopping block service RPC server
2021-10-28 03:03:59,144 [Listener at 127.0.0.1/11132] INFO  server.SCMBlockProtocolServer (SCMBlockProtocolServer.java:stop(160)) - Stopping the RPC server for Block Protocol
2021-10-28 03:03:59,144 [Listener at 127.0.0.1/11132] INFO  ipc.Server (Server.java:stop(3414)) - Stopping server on 13054
2021-10-28 03:03:59,145 [Listener at 127.0.0.1/11132] INFO  server.StorageContainerManager (StorageContainerManager.java:stop(1438)) - Stopping the StorageContainerLocationProtocol RPC server
2021-10-28 03:03:59,145 [Listener at 127.0.0.1/11132] INFO  server.SCMClientProtocolServer (SCMClientProtocolServer.java:stop(173)) - Stopping the RPC server for Client Protocol
2021-10-28 03:03:59,145 [Listener at 127.0.0.1/11132] INFO  ipc.Server (Server.java:stop(3414)) - Stopping server on 13055
2021-10-28 03:03:59,147 [EndpointStateMachine task thread for /127.0.0.1:13043 - 0 ] WARN  statemachine.EndpointStateMachine (EndpointStateMachine.java:logIfNeeded(236)) - Unable to communicate to SCM server at localhost:13043 for past 0 seconds.
java.io.EOFException: End of File Exception between local host is: "fv-az184-410/10.1.0.63"; destination host is: "localhost":13043; : java.io.EOFException; For more details see:  http://wiki.apache.org/hadoop/EOFException
	at sun.reflect.NativeConstructorAccessorImpl.newInstance0(Native Method)
	at sun.reflect.NativeConstructorAccessorImpl.newInstance(NativeConstructorAccessorImpl.java:62)
	at sun.reflect.DelegatingConstructorAccessorImpl.newInstance(DelegatingConstructorAccessorImpl.java:45)
	at java.lang.reflect.Constructor.newInstance(Constructor.java:423)
	at org.apache.hadoop.net.NetUtils.wrapWithMessage(NetUtils.java:913)
	at org.apache.hadoop.net.NetUtils.wrapException(NetUtils.java:862)
	at org.apache.hadoop.ipc.Client.getRpcResponse(Client.java:1577)
	at org.apache.hadoop.ipc.Client.call(Client.java:1519)
	at org.apache.hadoop.ipc.Client.call(Client.java:1416)
	at org.apache.hadoop.ipc.ProtobufRpcEngine$Invoker.invoke(ProtobufRpcEngine.java:236)
	at org.apache.hadoop.ipc.ProtobufRpcEngine$Invoker.invoke(ProtobufRpcEngine.java:123)
	at com.sun.proxy.$Proxy48.submitRequest(Unknown Source)
	at org.apache.hadoop.ozone.protocolPB.StorageContainerDatanodeProtocolClientSideTranslatorPB.submitRequest(StorageContainerDatanodeProtocolClientSideTranslatorPB.java:117)
	at org.apache.hadoop.ozone.protocolPB.StorageContainerDatanodeProtocolClientSideTranslatorPB.sendHeartbeat(StorageContainerDatanodeProtocolClientSideTranslatorPB.java:149)
	at org.apache.hadoop.ozone.container.common.states.endpoint.HeartbeatEndpointTask.call(HeartbeatEndpointTask.java:179)
	at org.apache.hadoop.ozone.container.common.states.endpoint.HeartbeatEndpointTask.call(HeartbeatEndpointTask.java:82)
	at java.util.concurrent.FutureTask.run(FutureTask.java:266)
	at java.util.concurrent.ThreadPoolExecutor.runWorker(ThreadPoolExecutor.java:1149)
	at java.util.concurrent.ThreadPoolExecutor$Worker.run(ThreadPoolExecutor.java:624)
	at java.lang.Thread.run(Thread.java:748)
Caused by: java.io.EOFException
	at java.io.DataInputStream.readInt(DataInputStream.java:392)
	at org.apache.hadoop.ipc.Client$IpcStreams.readResponse(Client.java:1892)
	at org.apache.hadoop.ipc.Client$Connection.receiveRpcResponse(Client.java:1202)
	at org.apache.hadoop.ipc.Client$Connection.run(Client.java:1098)
2021-10-28 03:03:59,154 [Listener at 127.0.0.1/11132] INFO  server.StorageContainerManager (StorageContainerManager.java:stop(1445)) - Stopping Storage Container Manager HTTP server.
2021-10-28 03:03:59,155 [Listener at 127.0.0.1/11132] ERROR server.StorageContainerManager (StorageContainerManager.java:stop(1448)) - Storage Container Manager HTTP server stop failed.
java.lang.NullPointerException
	at org.apache.hadoop.hdds.scm.server.StorageContainerManager.stop(StorageContainerManager.java:1446)
	at org.apache.hadoop.ozone.MiniOzoneHAClusterImpl.stop(MiniOzoneHAClusterImpl.java:307)
	at org.apache.hadoop.ozone.MiniOzoneClusterImpl.shutdown(MiniOzoneClusterImpl.java:457)
	at org.apache.hadoop.ozone.scm.TestSCMInstallSnapshotWithHA.shutdown(TestSCMInstallSnapshotWithHA.java:113)
	at sun.reflect.NativeMethodAccessorImpl.invoke0(Native Method)
	at sun.reflect.NativeMethodAccessorImpl.invoke(NativeMethodAccessorImpl.java:62)
	at sun.reflect.DelegatingMethodAccessorImpl.invoke(DelegatingMethodAccessorImpl.java:43)
	at java.lang.reflect.Method.invoke(Method.java:498)
	at org.junit.platform.commons.util.ReflectionUtils.invokeMethod(ReflectionUtils.java:688)
	at org.junit.jupiter.engine.execution.MethodInvocation.proceed(MethodInvocation.java:60)
	at org.junit.jupiter.engine.execution.InvocationInterceptorChain$ValidatingInvocation.proceed(InvocationInterceptorChain.java:131)
	at org.junit.jupiter.engine.extension.TimeoutExtension.intercept(TimeoutExtension.java:149)
	at org.junit.jupiter.engine.extension.TimeoutExtension.interceptLifecycleMethod(TimeoutExtension.java:126)
	at org.junit.jupiter.engine.extension.TimeoutExtension.interceptAfterEachMethod(TimeoutExtension.java:108)
	at org.junit.jupiter.engine.execution.ExecutableInvoker$ReflectiveInterceptorCall.lambda$ofVoidMethod$0(ExecutableInvoker.java:115)
	at org.junit.jupiter.engine.execution.ExecutableInvoker.lambda$invoke$0(ExecutableInvoker.java:105)
	at org.junit.jupiter.engine.execution.InvocationInterceptorChain$InterceptedInvocation.proceed(InvocationInterceptorChain.java:106)
	at org.junit.jupiter.engine.execution.InvocationInterceptorChain.proceed(InvocationInterceptorChain.java:64)
	at org.junit.jupiter.engine.execution.InvocationInterceptorChain.chainAndInvoke(InvocationInterceptorChain.java:45)
	at org.junit.jupiter.engine.execution.InvocationInterceptorChain.invoke(InvocationInterceptorChain.java:37)
	at org.junit.jupiter.engine.execution.ExecutableInvoker.invoke(ExecutableInvoker.java:104)
	at org.junit.jupiter.engine.execution.ExecutableInvoker.invoke(ExecutableInvoker.java:98)
	at org.junit.jupiter.engine.descriptor.ClassBasedTestDescriptor.invokeMethodInExtensionContext(ClassBasedTestDescriptor.java:490)
	at org.junit.jupiter.engine.descriptor.ClassBasedTestDescriptor.lambda$synthesizeAfterEachMethodAdapter$20(ClassBasedTestDescriptor.java:480)
	at org.junit.jupiter.engine.descriptor.TestMethodTestDescriptor.lambda$invokeAfterEachMethods$9(TestMethodTestDescriptor.java:236)
	at org.junit.jupiter.engine.descriptor.TestMethodTestDescriptor.lambda$invokeAllAfterMethodsOrCallbacks$12(TestMethodTestDescriptor.java:269)
	at org.junit.platform.engine.support.hierarchical.ThrowableCollector.execute(ThrowableCollector.java:73)
	at org.junit.jupiter.engine.descriptor.TestMethodTestDescriptor.lambda$invokeAllAfterMethodsOrCallbacks$13(TestMethodTestDescriptor.java:269)
	at java.util.ArrayList.forEach(ArrayList.java:1259)
	at org.junit.jupiter.engine.descriptor.TestMethodTestDescriptor.invokeAllAfterMethodsOrCallbacks(TestMethodTestDescriptor.java:268)
	at org.junit.jupiter.engine.descriptor.TestMethodTestDescriptor.invokeAfterEachMethods(TestMethodTestDescriptor.java:234)
	at org.junit.jupiter.engine.descriptor.TestMethodTestDescriptor.execute(TestMethodTestDescriptor.java:135)
	at org.junit.jupiter.engine.descriptor.TestMethodTestDescriptor.execute(TestMethodTestDescriptor.java:65)
	at org.junit.platform.engine.support.hierarchical.NodeTestTask.lambda$executeRecursively$5(NodeTestTask.java:139)
	at org.junit.platform.engine.support.hierarchical.ThrowableCollector.execute(ThrowableCollector.java:73)
	at org.junit.platform.engine.support.hierarchical.NodeTestTask.lambda$executeRecursively$7(NodeTestTask.java:129)
	at org.junit.platform.engine.support.hierarchical.Node.around(Node.java:137)
	at org.junit.platform.engine.support.hierarchical.NodeTestTask.lambda$executeRecursively$8(NodeTestTask.java:127)
	at org.junit.platform.engine.support.hierarchical.ThrowableCollector.execute(ThrowableCollector.java:73)
	at org.junit.platform.engine.support.hierarchical.NodeTestTask.executeRecursively(NodeTestTask.java:126)
	at org.junit.platform.engine.support.hierarchical.NodeTestTask.execute(NodeTestTask.java:84)
	at java.util.ArrayList.forEach(ArrayList.java:1259)
	at org.junit.platform.engine.support.hierarchical.SameThreadHierarchicalTestExecutorService.invokeAll(SameThreadHierarchicalTestExecutorService.java:38)
	at org.junit.platform.engine.support.hierarchical.NodeTestTask.lambda$executeRecursively$5(NodeTestTask.java:143)
	at org.junit.platform.engine.support.hierarchical.ThrowableCollector.execute(ThrowableCollector.java:73)
	at org.junit.platform.engine.support.hierarchical.NodeTestTask.lambda$executeRecursively$7(NodeTestTask.java:129)
	at org.junit.platform.engine.support.hierarchical.Node.around(Node.java:137)
	at org.junit.platform.engine.support.hierarchical.NodeTestTask.lambda$executeRecursively$8(NodeTestTask.java:127)
	at org.junit.platform.engine.support.hierarchical.ThrowableCollector.execute(ThrowableCollector.java:73)
	at org.junit.platform.engine.support.hierarchical.NodeTestTask.executeRecursively(NodeTestTask.java:126)
	at org.junit.platform.engine.support.hierarchical.NodeTestTask.execute(NodeTestTask.java:84)
	at java.util.ArrayList.forEach(ArrayList.java:1259)
	at org.junit.platform.engine.support.hierarchical.SameThreadHierarchicalTestExecutorService.invokeAll(SameThreadHierarchicalTestExecutorService.java:38)
	at org.junit.platform.engine.support.hierarchical.NodeTestTask.lambda$executeRecursively$5(NodeTestTask.java:143)
	at org.junit.platform.engine.support.hierarchical.ThrowableCollector.execute(ThrowableCollector.java:73)
	at org.junit.platform.engine.support.hierarchical.NodeTestTask.lambda$executeRecursively$7(NodeTestTask.java:129)
	at org.junit.platform.engine.support.hierarchical.Node.around(Node.java:137)
	at org.junit.platform.engine.support.hierarchical.NodeTestTask.lambda$executeRecursively$8(NodeTestTask.java:127)
	at org.junit.platform.engine.support.hierarchical.ThrowableCollector.execute(ThrowableCollector.java:73)
	at org.junit.platform.engine.support.hierarchical.NodeTestTask.executeRecursively(NodeTestTask.java:126)
	at org.junit.platform.engine.support.hierarchical.NodeTestTask.execute(NodeTestTask.java:84)
	at org.junit.platform.engine.support.hierarchical.SameThreadHierarchicalTestExecutorService.submit(SameThreadHierarchicalTestExecutorService.java:32)
	at org.junit.platform.engine.support.hierarchical.HierarchicalTestExecutor.execute(HierarchicalTestExecutor.java:57)
	at org.junit.platform.engine.support.hierarchical.HierarchicalTestEngine.execute(HierarchicalTestEngine.java:51)
	at org.junit.platform.launcher.core.EngineExecutionOrchestrator.execute(EngineExecutionOrchestrator.java:108)
	at org.junit.platform.launcher.core.EngineExecutionOrchestrator.execute(EngineExecutionOrchestrator.java:88)
	at org.junit.platform.launcher.core.EngineExecutionOrchestrator.lambda$execute$0(EngineExecutionOrchestrator.java:54)
	at org.junit.platform.launcher.core.EngineExecutionOrchestrator.withInterceptedStreams(EngineExecutionOrchestrator.java:67)
	at org.junit.platform.launcher.core.EngineExecutionOrchestrator.execute(EngineExecutionOrchestrator.java:52)
	at org.junit.platform.launcher.core.DefaultLauncher.execute(DefaultLauncher.java:96)
	at org.junit.platform.launcher.core.DefaultLauncher.execute(DefaultLauncher.java:75)
	at org.apache.maven.surefire.junitplatform.JUnitPlatformProvider.invokeAllTests(JUnitPlatformProvider.java:142)
	at org.apache.maven.surefire.junitplatform.JUnitPlatformProvider.invoke(JUnitPlatformProvider.java:113)
	at org.apache.maven.surefire.booter.ForkedBooter.invokeProviderInSameClassLoader(ForkedBooter.java:384)
	at org.apache.maven.surefire.booter.ForkedBooter.runSuitesInProcess(ForkedBooter.java:345)
	at org.apache.maven.surefire.booter.ForkedBooter.execute(ForkedBooter.java:126)
	at org.apache.maven.surefire.booter.ForkedBooter.main(ForkedBooter.java:418)
2021-10-28 03:03:59,155 [Listener at 127.0.0.1/11132] INFO  server.StorageContainerManager (StorageContainerManager.java:stop(1456)) - Stopping Block Manager Service.
2021-10-28 03:03:59,155 [Listener at 127.0.0.1/11132] INFO  utils.BackgroundService (BackgroundService.java:shutdown(132)) - Shutting down service SCMBlockDeletingService
2021-10-28 03:03:59,156 [Listener at 127.0.0.1/11132] INFO  utils.BackgroundService (BackgroundService.java:shutdown(132)) - Shutting down service SCMBlockDeletingService
2021-10-28 03:03:59,157 [Listener at 127.0.0.1/11132] INFO  server.StorageContainerManager (StorageContainerManager.java:stop(1483)) - Stopping SCM Event Queue.
2021-10-28 03:03:59,157 [Listener at 127.0.0.1/11132] INFO  server.StorageContainerManager (StorageContainerManager.java:stop(1494)) - Stopping SCM HA services.
2021-10-28 03:03:59,157 [Listener at 127.0.0.1/11132] INFO  ha.SCMRatisServerImpl (SCMRatisServerImpl.java:stop(236)) - stopping ratis server 0.0.0.0:13052
2021-10-28 03:03:59,157 [Listener at 127.0.0.1/11132] INFO  pipeline.BackgroundPipelineCreator (BackgroundPipelineCreator.java:stop(158)) - Stopping RatisPipelineUtilsThread.
2021-10-28 03:03:59,157 [Listener at 127.0.0.1/11132] INFO  server.StorageContainerManager (StorageContainerManager.java:stop(1504)) - Stopping SCM MetadataStore.
2021-10-28 03:03:59,158 [Listener at 127.0.0.1/11132] INFO  ozone.MiniOzoneClusterImpl (MiniOzoneClusterImpl.java:stop(468)) - Stopping the Mini Ozone Cluster
2021-10-28 03:03:59,158 [Listener at 127.0.0.1/11132] INFO  ozone.MiniOzoneClusterImpl (MiniOzoneClusterImpl.java:stopDatanodes(527)) - Stopping the HddsDatanodes
2021-10-28 03:03:59,378 [Datanode State Machine Daemon Thread] ERROR datanode.RunningDatanodeState (RunningDatanodeState.java:computeNextContainerState(199)) - Error in executing end point task.
java.util.concurrent.ExecutionException: java.util.concurrent.TimeoutException
	at java.util.concurrent.FutureTask.report(FutureTask.java:122)
	at java.util.concurrent.FutureTask.get(FutureTask.java:192)
	at org.apache.hadoop.ozone.container.common.states.datanode.RunningDatanodeState.computeNextContainerState(RunningDatanodeState.java:191)
	at org.apache.hadoop.ozone.container.common.states.datanode.RunningDatanodeState.await(RunningDatanodeState.java:231)
	at org.apache.hadoop.ozone.container.common.states.datanode.RunningDatanodeState.await(RunningDatanodeState.java:50)
	at org.apache.hadoop.ozone.container.common.statemachine.StateContext.execute(StateContext.java:633)
	at org.apache.hadoop.ozone.container.common.statemachine.DatanodeStateMachine.start(DatanodeStateMachine.java:280)
	at org.apache.hadoop.ozone.container.common.statemachine.DatanodeStateMachine.lambda$startDaemon$0(DatanodeStateMachine.java:468)
	at java.lang.Thread.run(Thread.java:748)
Caused by: java.util.concurrent.TimeoutException
	at java.util.concurrent.FutureTask.get(FutureTask.java:205)
	at org.apache.hadoop.ozone.container.common.states.datanode.RunningDatanodeState.lambda$execute$0(RunningDatanodeState.java:149)
	at java.util.concurrent.FutureTask.run(FutureTask.java:266)
	at java.util.concurrent.Executors$RunnableAdapter.call(Executors.java:511)
	at java.util.concurrent.FutureTask.run(FutureTask.java:266)
	at java.util.concurrent.ThreadPoolExecutor.runWorker(ThreadPoolExecutor.java:1149)
	at java.util.concurrent.ThreadPoolExecutor$Worker.run(ThreadPoolExecutor.java:624)
	... 1 more
2021-10-28 03:03:59,379 [EndpointStateMachine task thread for /127.0.0.1:13033 - 0 ] INFO  ipc.Client (Client.java:handleConnectionFailure(977)) - Retrying connect to server: localhost/127.0.0.1:13033. Already tried 0 time(s); retry policy is RetryUpToMaximumCountWithFixedSleep(maxRetries=15, sleepTime=1000 MILLISECONDS)
2021-10-28 03:03:59,862 [Datanode State Machine Daemon Thread] WARN  statemachine.StateContext (StateContext.java:setState(249)) - Ignore disallowed transition from SHUTDOWN to RUNNING
2021-10-28 03:03:59,983 [EndpointStateMachine task thread for /127.0.0.1:12189 - 0 ] INFO  ipc.Client (Client.java:handleConnectionFailure(977)) - Retrying connect to server: localhost/127.0.0.1:12189. Already tried 10 time(s); retry policy is RetryUpToMaximumCountWithFixedSleep(maxRetries=15, sleepTime=1000 MILLISECONDS)
2021-10-28 03:04:00,011 [EndpointStateMachine task thread for /127.0.0.1:12199 - 0 ] INFO  ipc.Client (Client.java:handleConnectionFailure(977)) - Retrying connect to server: localhost/127.0.0.1:12199. Already tried 10 time(s); retry policy is RetryUpToMaximumCountWithFixedSleep(maxRetries=15, sleepTime=1000 MILLISECONDS)
2021-10-28 03:04:00,100 [EndpointStateMachine task thread for /127.0.0.1:13053 - 0 ] INFO  ipc.Client (Client.java:handleConnectionFailure(977)) - Retrying connect to server: localhost/127.0.0.1:13053. Already tried 0 time(s); retry policy is RetryUpToMaximumCountWithFixedSleep(maxRetries=15, sleepTime=1000 MILLISECONDS)
2021-10-28 03:04:00,146 [Datanode State Machine Daemon Thread] ERROR datanode.RunningDatanodeState (RunningDatanodeState.java:computeNextContainerState(199)) - Error in executing end point task.
java.util.concurrent.ExecutionException: java.util.concurrent.TimeoutException
	at java.util.concurrent.FutureTask.report(FutureTask.java:122)
	at java.util.concurrent.FutureTask.get(FutureTask.java:192)
	at org.apache.hadoop.ozone.container.common.states.datanode.RunningDatanodeState.computeNextContainerState(RunningDatanodeState.java:191)
	at org.apache.hadoop.ozone.container.common.states.datanode.RunningDatanodeState.await(RunningDatanodeState.java:231)
	at org.apache.hadoop.ozone.container.common.states.datanode.RunningDatanodeState.await(RunningDatanodeState.java:50)
	at org.apache.hadoop.ozone.container.common.statemachine.StateContext.execute(StateContext.java:633)
	at org.apache.hadoop.ozone.container.common.statemachine.DatanodeStateMachine.start(DatanodeStateMachine.java:280)
	at org.apache.hadoop.ozone.container.common.statemachine.DatanodeStateMachine.lambda$startDaemon$0(DatanodeStateMachine.java:468)
	at java.lang.Thread.run(Thread.java:748)
Caused by: java.util.concurrent.TimeoutException
	at java.util.concurrent.FutureTask.get(FutureTask.java:205)
	at org.apache.hadoop.ozone.container.common.states.datanode.RunningDatanodeState.lambda$execute$0(RunningDatanodeState.java:149)
	at java.util.concurrent.FutureTask.run(FutureTask.java:266)
	at java.util.concurrent.Executors$RunnableAdapter.call(Executors.java:511)
	at java.util.concurrent.FutureTask.run(FutureTask.java:266)
	at java.util.concurrent.ThreadPoolExecutor.runWorker(ThreadPoolExecutor.java:1149)
	at java.util.concurrent.ThreadPoolExecutor$Worker.run(ThreadPoolExecutor.java:624)
	... 1 more
2021-10-28 03:04:00,147 [Datanode State Machine Daemon Thread] WARN  statemachine.StateContext (StateContext.java:setState(249)) - Ignore disallowed transition from SHUTDOWN to RUNNING
2021-10-28 03:04:00,380 [EndpointStateMachine task thread for /127.0.0.1:13033 - 0 ] INFO  ipc.Client (Client.java:handleConnectionFailure(977)) - Retrying connect to server: localhost/127.0.0.1:13033. Already tried 1 time(s); retry policy is RetryUpToMaximumCountWithFixedSleep(maxRetries=15, sleepTime=1000 MILLISECONDS)
2021-10-28 03:04:00,382 [Datanode State Machine Daemon Thread] ERROR datanode.RunningDatanodeState (RunningDatanodeState.java:computeNextContainerState(199)) - Error in executing end point task.
java.util.concurrent.ExecutionException: java.util.concurrent.TimeoutException
	at java.util.concurrent.FutureTask.report(FutureTask.java:122)
	at java.util.concurrent.FutureTask.get(FutureTask.java:192)
	at org.apache.hadoop.ozone.container.common.states.datanode.RunningDatanodeState.computeNextContainerState(RunningDatanodeState.java:191)
	at org.apache.hadoop.ozone.container.common.states.datanode.RunningDatanodeState.await(RunningDatanodeState.java:231)
	at org.apache.hadoop.ozone.container.common.states.datanode.RunningDatanodeState.await(RunningDatanodeState.java:50)
	at org.apache.hadoop.ozone.container.common.statemachine.StateContext.execute(StateContext.java:633)
	at org.apache.hadoop.ozone.container.common.statemachine.DatanodeStateMachine.start(DatanodeStateMachine.java:280)
	at org.apache.hadoop.ozone.container.common.statemachine.DatanodeStateMachine.lambda$startDaemon$0(DatanodeStateMachine.java:468)
	at java.lang.Thread.run(Thread.java:748)
Caused by: java.util.concurrent.TimeoutException
	at java.util.concurrent.FutureTask.get(FutureTask.java:205)
	at org.apache.hadoop.ozone.container.common.states.datanode.RunningDatanodeState.lambda$execute$0(RunningDatanodeState.java:149)
	at java.util.concurrent.FutureTask.run(FutureTask.java:266)
	at java.util.concurrent.Executors$RunnableAdapter.call(Executors.java:511)
	at java.util.concurrent.FutureTask.run(FutureTask.java:266)
	at java.util.concurrent.ThreadPoolExecutor.runWorker(ThreadPoolExecutor.java:1149)
	at java.util.concurrent.ThreadPoolExecutor$Worker.run(ThreadPoolExecutor.java:624)
	... 1 more
2021-10-28 03:04:00,382 [EndpointStateMachine task thread for /127.0.0.1:13043 - 0 ] INFO  ipc.Client (Client.java:handleConnectionFailure(977)) - Retrying connect to server: localhost/127.0.0.1:13043. Already tried 0 time(s); retry policy is RetryUpToMaximumCountWithFixedSleep(maxRetries=15, sleepTime=1000 MILLISECONDS)
2021-10-28 03:04:00,984 [EndpointStateMachine task thread for /127.0.0.1:12189 - 0 ] INFO  ipc.Client (Client.java:handleConnectionFailure(977)) - Retrying connect to server: localhost/127.0.0.1:12189. Already tried 11 time(s); retry policy is RetryUpToMaximumCountWithFixedSleep(maxRetries=15, sleepTime=1000 MILLISECONDS)
2021-10-28 03:04:01,012 [EndpointStateMachine task thread for /127.0.0.1:12199 - 0 ] INFO  ipc.Client (Client.java:handleConnectionFailure(977)) - Retrying connect to server: localhost/127.0.0.1:12199. Already tried 11 time(s); retry policy is RetryUpToMaximumCountWithFixedSleep(maxRetries=15, sleepTime=1000 MILLISECONDS)
2021-10-28 03:04:01,100 [EndpointStateMachine task thread for /127.0.0.1:13053 - 0 ] INFO  ipc.Client (Client.java:handleConnectionFailure(977)) - Retrying connect to server: localhost/127.0.0.1:13053. Already tried 1 time(s); retry policy is RetryUpToMaximumCountWithFixedSleep(maxRetries=15, sleepTime=1000 MILLISECONDS)
2021-10-28 03:04:01,382 [EndpointStateMachine task thread for /127.0.0.1:13043 - 0 ] INFO  ipc.Client (Client.java:handleConnectionFailure(977)) - Retrying connect to server: localhost/127.0.0.1:13043. Already tried 1 time(s); retry policy is RetryUpToMaximumCountWithFixedSleep(maxRetries=15, sleepTime=1000 MILLISECONDS)
2021-10-28 03:04:01,383 [EndpointStateMachine task thread for /127.0.0.1:13033 - 0 ] INFO  ipc.Client (Client.java:handleConnectionFailure(977)) - Retrying connect to server: localhost/127.0.0.1:13033. Already tried 2 time(s); retry policy is RetryUpToMaximumCountWithFixedSleep(maxRetries=15, sleepTime=1000 MILLISECONDS)
2021-10-28 03:04:01,985 [EndpointStateMachine task thread for /127.0.0.1:12189 - 0 ] INFO  ipc.Client (Client.java:handleConnectionFailure(977)) - Retrying connect to server: localhost/127.0.0.1:12189. Already tried 12 time(s); retry policy is RetryUpToMaximumCountWithFixedSleep(maxRetries=15, sleepTime=1000 MILLISECONDS)
2021-10-28 03:04:02,012 [EndpointStateMachine task thread for /127.0.0.1:12199 - 0 ] INFO  ipc.Client (Client.java:handleConnectionFailure(977)) - Retrying connect to server: localhost/127.0.0.1:12199. Already tried 12 time(s); retry policy is RetryUpToMaximumCountWithFixedSleep(maxRetries=15, sleepTime=1000 MILLISECONDS)
2021-10-28 03:04:02,101 [EndpointStateMachine task thread for /127.0.0.1:13053 - 0 ] INFO  ipc.Client (Client.java:handleConnectionFailure(977)) - Retrying connect to server: localhost/127.0.0.1:13053. Already tried 2 time(s); retry policy is RetryUpToMaximumCountWithFixedSleep(maxRetries=15, sleepTime=1000 MILLISECONDS)
2021-10-28 03:04:02,384 [EndpointStateMachine task thread for /127.0.0.1:13033 - 0 ] INFO  ipc.Client (Client.java:handleConnectionFailure(977)) - Retrying connect to server: localhost/127.0.0.1:13033. Already tried 3 time(s); retry policy is RetryUpToMaximumCountWithFixedSleep(maxRetries=15, sleepTime=1000 MILLISECONDS)
2021-10-28 03:04:02,386 [Datanode State Machine Daemon Thread] ERROR datanode.RunningDatanodeState (RunningDatanodeState.java:computeNextContainerState(199)) - Error in executing end point task.
java.util.concurrent.ExecutionException: java.util.concurrent.TimeoutException
	at java.util.concurrent.FutureTask.report(FutureTask.java:122)
	at java.util.concurrent.FutureTask.get(FutureTask.java:192)
	at org.apache.hadoop.ozone.container.common.states.datanode.RunningDatanodeState.computeNextContainerState(RunningDatanodeState.java:191)
	at org.apache.hadoop.ozone.container.common.states.datanode.RunningDatanodeState.await(RunningDatanodeState.java:231)
	at org.apache.hadoop.ozone.container.common.states.datanode.RunningDatanodeState.await(RunningDatanodeState.java:50)
	at org.apache.hadoop.ozone.container.common.statemachine.StateContext.execute(StateContext.java:633)
	at org.apache.hadoop.ozone.container.common.statemachine.DatanodeStateMachine.start(DatanodeStateMachine.java:280)
	at org.apache.hadoop.ozone.container.common.statemachine.DatanodeStateMachine.lambda$startDaemon$0(DatanodeStateMachine.java:468)
	at java.lang.Thread.run(Thread.java:748)
Caused by: java.util.concurrent.TimeoutException
	at java.util.concurrent.FutureTask.get(FutureTask.java:205)
	at org.apache.hadoop.ozone.container.common.states.datanode.RunningDatanodeState.lambda$execute$0(RunningDatanodeState.java:149)
	at java.util.concurrent.FutureTask.run(FutureTask.java:266)
	at java.util.concurrent.Executors$RunnableAdapter.call(Executors.java:511)
	at java.util.concurrent.FutureTask.run(FutureTask.java:266)
	at java.util.concurrent.ThreadPoolExecutor.runWorker(ThreadPoolExecutor.java:1149)
	at java.util.concurrent.ThreadPoolExecutor$Worker.run(ThreadPoolExecutor.java:624)
	... 1 more
2021-10-28 03:04:02,387 [EndpointStateMachine task thread for /127.0.0.1:13043 - 0 ] INFO  ipc.Client (Client.java:handleConnectionFailure(977)) - Retrying connect to server: localhost/127.0.0.1:13043. Already tried 2 time(s); retry policy is RetryUpToMaximumCountWithFixedSleep(maxRetries=15, sleepTime=1000 MILLISECONDS)
2021-10-28 03:04:02,985 [EndpointStateMachine task thread for /127.0.0.1:12189 - 0 ] INFO  ipc.Client (Client.java:handleConnectionFailure(977)) - Retrying connect to server: localhost/127.0.0.1:12189. Already tried 13 time(s); retry policy is RetryUpToMaximumCountWithFixedSleep(maxRetries=15, sleepTime=1000 MILLISECONDS)
2021-10-28 03:04:03,013 [EndpointStateMachine task thread for /127.0.0.1:12199 - 0 ] INFO  ipc.Client (Client.java:handleConnectionFailure(977)) - Retrying connect to server: localhost/127.0.0.1:12199. Already tried 13 time(s); retry policy is RetryUpToMaximumCountWithFixedSleep(maxRetries=15, sleepTime=1000 MILLISECONDS)
2021-10-28 03:04:03,101 [EndpointStateMachine task thread for /127.0.0.1:13053 - 0 ] INFO  ipc.Client (Client.java:handleConnectionFailure(977)) - Retrying connect to server: localhost/127.0.0.1:13053. Already tried 3 time(s); retry policy is RetryUpToMaximumCountWithFixedSleep(maxRetries=15, sleepTime=1000 MILLISECONDS)
2021-10-28 03:04:03,384 [EndpointStateMachine task thread for /127.0.0.1:13033 - 0 ] INFO  ipc.Client (Client.java:handleConnectionFailure(977)) - Retrying connect to server: localhost/127.0.0.1:13033. Already tried 4 time(s); retry policy is RetryUpToMaximumCountWithFixedSleep(maxRetries=15, sleepTime=1000 MILLISECONDS)
2021-10-28 03:04:03,387 [EndpointStateMachine task thread for /127.0.0.1:13043 - 0 ] INFO  ipc.Client (Client.java:handleConnectionFailure(977)) - Retrying connect to server: localhost/127.0.0.1:13043. Already tried 3 time(s); retry policy is RetryUpToMaximumCountWithFixedSleep(maxRetries=15, sleepTime=1000 MILLISECONDS)
2021-10-28 03:04:03,986 [EndpointStateMachine task thread for /127.0.0.1:12189 - 0 ] INFO  ipc.Client (Client.java:handleConnectionFailure(977)) - Retrying connect to server: localhost/127.0.0.1:12189. Already tried 14 time(s); retry policy is RetryUpToMaximumCountWithFixedSleep(maxRetries=15, sleepTime=1000 MILLISECONDS)
2021-10-28 03:04:04,013 [EndpointStateMachine task thread for /127.0.0.1:12199 - 0 ] INFO  ipc.Client (Client.java:handleConnectionFailure(977)) - Retrying connect to server: localhost/127.0.0.1:12199. Already tried 14 time(s); retry policy is RetryUpToMaximumCountWithFixedSleep(maxRetries=15, sleepTime=1000 MILLISECONDS)
2021-10-28 03:04:04,102 [EndpointStateMachine task thread for /127.0.0.1:13053 - 0 ] INFO  ipc.Client (Client.java:handleConnectionFailure(977)) - Retrying connect to server: localhost/127.0.0.1:13053. Already tried 4 time(s); retry policy is RetryUpToMaximumCountWithFixedSleep(maxRetries=15, sleepTime=1000 MILLISECONDS)
2021-10-28 03:04:04,160 [Listener at 127.0.0.1/11132] INFO  ozoneimpl.OzoneContainer (OzoneContainer.java:stop(325)) - Attempting to stop container services.
2021-10-28 03:04:04,160 [ForkJoinPool.commonPool-worker-0] INFO  ozoneimpl.OzoneContainer (OzoneContainer.java:stop(325)) - Attempting to stop container services.
2021-10-28 03:04:04,161 [ForkJoinPool.commonPool-worker-0] INFO  server.RaftServer (RaftServerProxy.java:lambda$close$6(391)) - d262ff89-3d5e-4ab4-981f-dc8616a3cc4b: close
2021-10-28 03:04:04,161 [ForkJoinPool.commonPool-worker-0] INFO  server.RaftServer$Division (RaftServerImpl.java:lambda$close$4(412)) - d262ff89-3d5e-4ab4-981f-dc8616a3cc4b@group-A37BCEEDED0F: shutdown
2021-10-28 03:04:04,161 [ForkJoinPool.commonPool-worker-0] INFO  util.JmxRegister (JmxRegister.java:unregister(73)) - Successfully un-registered JMX Bean with object name Ratis:service=RaftServer,group=group-A37BCEEDED0F,id=d262ff89-3d5e-4ab4-981f-dc8616a3cc4b
2021-10-28 03:04:04,161 [ForkJoinPool.commonPool-worker-0] INFO  impl.RoleInfo (RoleInfo.java:shutdownFollowerState(108)) - d262ff89-3d5e-4ab4-981f-dc8616a3cc4b: shutdown d262ff89-3d5e-4ab4-981f-dc8616a3cc4b@group-A37BCEEDED0F-FollowerState
2021-10-28 03:04:04,161 [ForkJoinPool.commonPool-worker-0] INFO  impl.StateMachineUpdater (StateMachineUpdater.java:stopAndJoin(149)) - d262ff89-3d5e-4ab4-981f-dc8616a3cc4b@group-A37BCEEDED0F-StateMachineUpdater: set stopIndex = 0
2021-10-28 03:04:04,161 [d262ff89-3d5e-4ab4-981f-dc8616a3cc4b@group-A37BCEEDED0F-FollowerState] INFO  impl.FollowerState (FollowerState.java:run(143)) - d262ff89-3d5e-4ab4-981f-dc8616a3cc4b@group-A37BCEEDED0F-FollowerState was interrupted: {}
java.lang.InterruptedException: sleep interrupted
	at java.lang.Thread.sleep(Native Method)
	at java.lang.Thread.sleep(Thread.java:340)
	at java.util.concurrent.TimeUnit.sleep(TimeUnit.java:386)
	at org.apache.ratis.util.TimeDuration.sleep(TimeDuration.java:324)
	at org.apache.ratis.util.TimeDuration.sleep(TimeDuration.java:309)
	at org.apache.ratis.server.impl.FollowerState.run(FollowerState.java:118)
2021-10-28 03:04:04,162 [d262ff89-3d5e-4ab4-981f-dc8616a3cc4b@group-A37BCEEDED0F-StateMachineUpdater] INFO  ratis.ContainerStateMachine (ContainerStateMachine.java:takeSnapshot(292)) - group-A37BCEEDED0F: Taking a snapshot at:(t:8, i:0) file /home/runner/work/ozone/ozone/hadoop-ozone/integration-test/target/test-dir/MiniOzoneClusterImpl-701359f1-d346-43a7-a18b-390751046f7b/datanode-0/data/ratis/84d7f2bd-39d5-42c1-b154-a37bceeded0f/sm/snapshot.8_0
2021-10-28 03:04:04,162 [Listener at 127.0.0.1/11132] INFO  server.RaftServer (RaftServerProxy.java:lambda$close$6(391)) - 7e7f778f-92a3-4c6a-870c-2544e6325884: close
2021-10-28 03:04:04,163 [Listener at 127.0.0.1/11132] INFO  server.RaftServer$Division (RaftServerImpl.java:lambda$close$4(412)) - 7e7f778f-92a3-4c6a-870c-2544e6325884@group-A37BCEEDED0F: shutdown
2021-10-28 03:04:04,163 [Listener at 127.0.0.1/11132] INFO  util.JmxRegister (JmxRegister.java:unregister(73)) - Successfully un-registered JMX Bean with object name Ratis:service=RaftServer,group=group-A37BCEEDED0F,id=7e7f778f-92a3-4c6a-870c-2544e6325884
2021-10-28 03:04:04,163 [Listener at 127.0.0.1/11132] INFO  impl.RoleInfo (RoleInfo.java:shutdownFollowerState(108)) - 7e7f778f-92a3-4c6a-870c-2544e6325884: shutdown 7e7f778f-92a3-4c6a-870c-2544e6325884@group-A37BCEEDED0F-FollowerState
2021-10-28 03:04:04,164 [Listener at 127.0.0.1/11132] INFO  impl.StateMachineUpdater (StateMachineUpdater.java:stopAndJoin(149)) - 7e7f778f-92a3-4c6a-870c-2544e6325884@group-A37BCEEDED0F-StateMachineUpdater: set stopIndex = 0
2021-10-28 03:04:04,164 [d262ff89-3d5e-4ab4-981f-dc8616a3cc4b@group-A37BCEEDED0F-StateMachineUpdater] INFO  ratis.ContainerStateMachine (ContainerStateMachine.java:takeSnapshot(303)) - group-A37BCEEDED0F: Finished taking a snapshot at:(t:8, i:0) file:/home/runner/work/ozone/ozone/hadoop-ozone/integration-test/target/test-dir/MiniOzoneClusterImpl-701359f1-d346-43a7-a18b-390751046f7b/datanode-0/data/ratis/84d7f2bd-39d5-42c1-b154-a37bceeded0f/sm/snapshot.8_0 took: 2 ms
2021-10-28 03:04:04,165 [d262ff89-3d5e-4ab4-981f-dc8616a3cc4b@group-A37BCEEDED0F-StateMachineUpdater] INFO  impl.StateMachineUpdater (StateMachineUpdater.java:takeSnapshot(281)) - d262ff89-3d5e-4ab4-981f-dc8616a3cc4b@group-A37BCEEDED0F-StateMachineUpdater: Took a snapshot at index 0
2021-10-28 03:04:04,165 [d262ff89-3d5e-4ab4-981f-dc8616a3cc4b@group-A37BCEEDED0F-StateMachineUpdater] INFO  impl.StateMachineUpdater (StateMachineUpdater.java:lambda$new$0(89)) - d262ff89-3d5e-4ab4-981f-dc8616a3cc4b@group-A37BCEEDED0F-StateMachineUpdater: snapshotIndex: updateIncreasingly -1 -> 0
2021-10-28 03:04:04,164 [7e7f778f-92a3-4c6a-870c-2544e6325884@group-A37BCEEDED0F-FollowerState] INFO  impl.FollowerState (FollowerState.java:run(143)) - 7e7f778f-92a3-4c6a-870c-2544e6325884@group-A37BCEEDED0F-FollowerState was interrupted: {}
java.lang.InterruptedException: sleep interrupted
	at java.lang.Thread.sleep(Native Method)
	at java.lang.Thread.sleep(Thread.java:340)
	at java.util.concurrent.TimeUnit.sleep(TimeUnit.java:386)
	at org.apache.ratis.util.TimeDuration.sleep(TimeDuration.java:324)
	at org.apache.ratis.util.TimeDuration.sleep(TimeDuration.java:309)
	at org.apache.ratis.server.impl.FollowerState.run(FollowerState.java:118)
2021-10-28 03:04:04,164 [7e7f778f-92a3-4c6a-870c-2544e6325884@group-A37BCEEDED0F-StateMachineUpdater] INFO  ratis.ContainerStateMachine (ContainerStateMachine.java:takeSnapshot(292)) - group-A37BCEEDED0F: Taking a snapshot at:(t:8, i:0) file /home/runner/work/ozone/ozone/hadoop-ozone/integration-test/target/test-dir/MiniOzoneClusterImpl-701359f1-d346-43a7-a18b-390751046f7b/datanode-1/data/ratis/84d7f2bd-39d5-42c1-b154-a37bceeded0f/sm/snapshot.8_0
2021-10-28 03:04:04,165 [ForkJoinPool.commonPool-worker-0] INFO  server.RaftServer$Division (ServerState.java:close(419)) - d262ff89-3d5e-4ab4-981f-dc8616a3cc4b@group-A37BCEEDED0F: closes. applyIndex: 0
2021-10-28 03:04:04,165 [d262ff89-3d5e-4ab4-981f-dc8616a3cc4b@group-A37BCEEDED0F-SegmentedRaftLogWorker] INFO  segmented.SegmentedRaftLogWorker (SegmentedRaftLogWorker.java:run(327)) - d262ff89-3d5e-4ab4-981f-dc8616a3cc4b@group-A37BCEEDED0F-SegmentedRaftLogWorker was interrupted, exiting. There are 0 tasks remaining in the queue.
2021-10-28 03:04:04,166 [7e7f778f-92a3-4c6a-870c-2544e6325884@group-A37BCEEDED0F-StateMachineUpdater] INFO  ratis.ContainerStateMachine (ContainerStateMachine.java:takeSnapshot(303)) - group-A37BCEEDED0F: Finished taking a snapshot at:(t:8, i:0) file:/home/runner/work/ozone/ozone/hadoop-ozone/integration-test/target/test-dir/MiniOzoneClusterImpl-701359f1-d346-43a7-a18b-390751046f7b/datanode-1/data/ratis/84d7f2bd-39d5-42c1-b154-a37bceeded0f/sm/snapshot.8_0 took: 2 ms
2021-10-28 03:04:04,166 [7e7f778f-92a3-4c6a-870c-2544e6325884@group-A37BCEEDED0F-StateMachineUpdater] INFO  impl.StateMachineUpdater (StateMachineUpdater.java:takeSnapshot(281)) - 7e7f778f-92a3-4c6a-870c-2544e6325884@group-A37BCEEDED0F-StateMachineUpdater: Took a snapshot at index 0
2021-10-28 03:04:04,166 [7e7f778f-92a3-4c6a-870c-2544e6325884@group-A37BCEEDED0F-StateMachineUpdater] INFO  impl.StateMachineUpdater (StateMachineUpdater.java:lambda$new$0(89)) - 7e7f778f-92a3-4c6a-870c-2544e6325884@group-A37BCEEDED0F-StateMachineUpdater: snapshotIndex: updateIncreasingly -1 -> 0
2021-10-28 03:04:04,167 [ForkJoinPool.commonPool-worker-0] INFO  segmented.SegmentedRaftLogWorker (SegmentedRaftLogWorker.java:close(237)) - d262ff89-3d5e-4ab4-981f-dc8616a3cc4b@group-A37BCEEDED0F-SegmentedRaftLogWorker close()
2021-10-28 03:04:04,168 [ForkJoinPool.commonPool-worker-0] INFO  server.RaftServer$Division (RaftServerImpl.java:lambda$close$4(412)) - d262ff89-3d5e-4ab4-981f-dc8616a3cc4b@group-1FC4E3DC1381: shutdown
2021-10-28 03:04:04,168 [ForkJoinPool.commonPool-worker-0] INFO  util.JmxRegister (JmxRegister.java:unregister(73)) - Successfully un-registered JMX Bean with object name Ratis:service=RaftServer,group=group-1FC4E3DC1381,id=d262ff89-3d5e-4ab4-981f-dc8616a3cc4b
2021-10-28 03:04:04,168 [ForkJoinPool.commonPool-worker-0] INFO  impl.RoleInfo (RoleInfo.java:shutdownFollowerState(108)) - d262ff89-3d5e-4ab4-981f-dc8616a3cc4b: shutdown d262ff89-3d5e-4ab4-981f-dc8616a3cc4b@group-1FC4E3DC1381-FollowerState
2021-10-28 03:04:04,169 [ForkJoinPool.commonPool-worker-0] INFO  impl.StateMachineUpdater (StateMachineUpdater.java:stopAndJoin(149)) - d262ff89-3d5e-4ab4-981f-dc8616a3cc4b@group-1FC4E3DC1381-StateMachineUpdater: set stopIndex = 0
2021-10-28 03:04:04,169 [d262ff89-3d5e-4ab4-981f-dc8616a3cc4b@group-1FC4E3DC1381-FollowerState] INFO  impl.FollowerState (FollowerState.java:run(143)) - d262ff89-3d5e-4ab4-981f-dc8616a3cc4b@group-1FC4E3DC1381-FollowerState was interrupted: {}
java.lang.InterruptedException: sleep interrupted
	at java.lang.Thread.sleep(Native Method)
	at java.lang.Thread.sleep(Thread.java:340)
	at java.util.concurrent.TimeUnit.sleep(TimeUnit.java:386)
	at org.apache.ratis.util.TimeDuration.sleep(TimeDuration.java:324)
	at org.apache.ratis.util.TimeDuration.sleep(TimeDuration.java:309)
	at org.apache.ratis.server.impl.FollowerState.run(FollowerState.java:118)
2021-10-28 03:04:04,169 [d262ff89-3d5e-4ab4-981f-dc8616a3cc4b@group-1FC4E3DC1381-StateMachineUpdater] INFO  ratis.ContainerStateMachine (ContainerStateMachine.java:takeSnapshot(292)) - group-1FC4E3DC1381: Taking a snapshot at:(t:6, i:0) file /home/runner/work/ozone/ozone/hadoop-ozone/integration-test/target/test-dir/MiniOzoneClusterImpl-701359f1-d346-43a7-a18b-390751046f7b/datanode-0/data/ratis/7686bec2-d230-49c1-ba4b-1fc4e3dc1381/sm/snapshot.6_0
2021-10-28 03:04:04,169 [Listener at 127.0.0.1/11132] INFO  server.RaftServer$Division (ServerState.java:close(419)) - 7e7f778f-92a3-4c6a-870c-2544e6325884@group-A37BCEEDED0F: closes. applyIndex: 0
2021-10-28 03:04:04,169 [7e7f778f-92a3-4c6a-870c-2544e6325884@group-A37BCEEDED0F-SegmentedRaftLogWorker] INFO  segmented.SegmentedRaftLogWorker (SegmentedRaftLogWorker.java:run(327)) - 7e7f778f-92a3-4c6a-870c-2544e6325884@group-A37BCEEDED0F-SegmentedRaftLogWorker was interrupted, exiting. There are 0 tasks remaining in the queue.
2021-10-28 03:04:04,171 [Listener at 127.0.0.1/11132] INFO  segmented.SegmentedRaftLogWorker (SegmentedRaftLogWorker.java:close(237)) - 7e7f778f-92a3-4c6a-870c-2544e6325884@group-A37BCEEDED0F-SegmentedRaftLogWorker close()
2021-10-28 03:04:04,173 [Listener at 127.0.0.1/11132] INFO  server.RaftServer$Division (RaftServerImpl.java:lambda$close$4(412)) - 7e7f778f-92a3-4c6a-870c-2544e6325884@group-1FC4E3DC1381: shutdown
2021-10-28 03:04:04,174 [Listener at 127.0.0.1/11132] INFO  util.JmxRegister (JmxRegister.java:unregister(73)) - Successfully un-registered JMX Bean with object name Ratis:service=RaftServer,group=group-1FC4E3DC1381,id=7e7f778f-92a3-4c6a-870c-2544e6325884
2021-10-28 03:04:04,174 [Listener at 127.0.0.1/11132] INFO  impl.RoleInfo (RoleInfo.java:shutdownLeaderState(91)) - 7e7f778f-92a3-4c6a-870c-2544e6325884: shutdown 7e7f778f-92a3-4c6a-870c-2544e6325884@group-1FC4E3DC1381-LeaderStateImpl
2021-10-28 03:04:04,174 [Listener at 127.0.0.1/11132] INFO  impl.PendingRequests (PendingRequests.java:sendNotLeaderResponses(282)) - 7e7f778f-92a3-4c6a-870c-2544e6325884@group-1FC4E3DC1381-PendingRequests: sendNotLeaderResponses
2021-10-28 03:04:04,174 [7e7f778f-92a3-4c6a-870c-2544e6325884@group-1FC4E3DC1381->91f27009-ec66-4294-9321-b0739729fb6b-GrpcLogAppender-LogAppenderDaemon] WARN  server.GrpcLogAppender (GrpcLogAppender.java:mayWait(177)) - 7e7f778f-92a3-4c6a-870c-2544e6325884@group-1FC4E3DC1381->91f27009-ec66-4294-9321-b0739729fb6b-GrpcLogAppender: Wait interrupted by java.lang.InterruptedException
2021-10-28 03:04:04,175 [7e7f778f-92a3-4c6a-870c-2544e6325884@group-1FC4E3DC1381->d262ff89-3d5e-4ab4-981f-dc8616a3cc4b-GrpcLogAppender-LogAppenderDaemon] WARN  server.GrpcLogAppender (GrpcLogAppender.java:mayWait(177)) - 7e7f778f-92a3-4c6a-870c-2544e6325884@group-1FC4E3DC1381->d262ff89-3d5e-4ab4-981f-dc8616a3cc4b-GrpcLogAppender: Wait interrupted by java.lang.InterruptedException
2021-10-28 03:04:04,175 [grpc-default-executor-2] INFO  server.GrpcServerProtocolService (GrpcServerProtocolService.java:onCompleted(140)) - 91f27009-ec66-4294-9321-b0739729fb6b: Completed APPEND_ENTRIES, lastRequest: 7e7f778f-92a3-4c6a-870c-2544e6325884->91f27009-ec66-4294-9321-b0739729fb6b#1-t6,previous=(t:0, i:0),leaderCommit=0,initializing? true,entries: size=1, first=(t:6, i:0), CONFIGURATIONENTRY
2021-10-28 03:04:04,176 [grpc-default-executor-0] INFO  server.GrpcServerProtocolService (GrpcServerProtocolService.java:onCompleted(140)) - d262ff89-3d5e-4ab4-981f-dc8616a3cc4b: Completed APPEND_ENTRIES, lastRequest: 7e7f778f-92a3-4c6a-870c-2544e6325884->d262ff89-3d5e-4ab4-981f-dc8616a3cc4b#1-t6,previous=(t:0, i:0),leaderCommit=0,initializing? true,entries: size=1, first=(t:6, i:0), CONFIGURATIONENTRY
2021-10-28 03:04:04,177 [grpc-default-executor-0] INFO  server.GrpcLogAppender (GrpcLogAppender.java:onCompleted(346)) - 7e7f778f-92a3-4c6a-870c-2544e6325884@group-1FC4E3DC1381->91f27009-ec66-4294-9321-b0739729fb6b-AppendLogResponseHandler: follower responses appendEntries COMPLETED
2021-10-28 03:04:04,177 [grpc-default-executor-0] INFO  leader.FollowerInfo (FollowerInfoImpl.java:lambda$new$0(47)) - 7e7f778f-92a3-4c6a-870c-2544e6325884@group-1FC4E3DC1381->91f27009-ec66-4294-9321-b0739729fb6b: nextIndex: updateUnconditionally 1 -> 0
2021-10-28 03:04:04,178 [7e7f778f-92a3-4c6a-870c-2544e6325884@group-1FC4E3DC1381-StateMachineUpdater] INFO  ratis.ContainerStateMachine (ContainerStateMachine.java:takeSnapshot(292)) - group-1FC4E3DC1381: Taking a snapshot at:(t:6, i:0) file /home/runner/work/ozone/ozone/hadoop-ozone/integration-test/target/test-dir/MiniOzoneClusterImpl-701359f1-d346-43a7-a18b-390751046f7b/datanode-1/data/ratis/7686bec2-d230-49c1-ba4b-1fc4e3dc1381/sm/snapshot.6_0
2021-10-28 03:04:04,178 [7e7f778f-92a3-4c6a-870c-2544e6325884@group-1FC4E3DC1381-StateMachineUpdater] INFO  ratis.ContainerStateMachine (ContainerStateMachine.java:takeSnapshot(303)) - group-1FC4E3DC1381: Finished taking a snapshot at:(t:6, i:0) file:/home/runner/work/ozone/ozone/hadoop-ozone/integration-test/target/test-dir/MiniOzoneClusterImpl-701359f1-d346-43a7-a18b-390751046f7b/datanode-1/data/ratis/7686bec2-d230-49c1-ba4b-1fc4e3dc1381/sm/snapshot.6_0 took: 1 ms
2021-10-28 03:04:04,179 [7e7f778f-92a3-4c6a-870c-2544e6325884@group-1FC4E3DC1381-StateMachineUpdater] INFO  impl.StateMachineUpdater (StateMachineUpdater.java:takeSnapshot(281)) - 7e7f778f-92a3-4c6a-870c-2544e6325884@group-1FC4E3DC1381-StateMachineUpdater: Took a snapshot at index 0
2021-10-28 03:04:04,179 [7e7f778f-92a3-4c6a-870c-2544e6325884@group-1FC4E3DC1381-StateMachineUpdater] INFO  impl.StateMachineUpdater (StateMachineUpdater.java:lambda$new$0(89)) - 7e7f778f-92a3-4c6a-870c-2544e6325884@group-1FC4E3DC1381-StateMachineUpdater: snapshotIndex: updateIncreasingly -1 -> 0
2021-10-28 03:04:04,185 [Listener at 127.0.0.1/11132] INFO  impl.StateMachineUpdater (StateMachineUpdater.java:stopAndJoin(149)) - 7e7f778f-92a3-4c6a-870c-2544e6325884@group-1FC4E3DC1381-StateMachineUpdater: set stopIndex = 0
2021-10-28 03:04:04,185 [Listener at 127.0.0.1/11132] INFO  server.RaftServer$Division (ServerState.java:close(419)) - 7e7f778f-92a3-4c6a-870c-2544e6325884@group-1FC4E3DC1381: closes. applyIndex: 0
2021-10-28 03:04:04,191 [grpc-default-executor-4] INFO  server.GrpcLogAppender (GrpcLogAppender.java:onCompleted(346)) - 7e7f778f-92a3-4c6a-870c-2544e6325884@group-1FC4E3DC1381->d262ff89-3d5e-4ab4-981f-dc8616a3cc4b-AppendLogResponseHandler: follower responses appendEntries COMPLETED
2021-10-28 03:04:04,191 [grpc-default-executor-4] INFO  leader.FollowerInfo (FollowerInfoImpl.java:lambda$new$0(47)) - 7e7f778f-92a3-4c6a-870c-2544e6325884@group-1FC4E3DC1381->d262ff89-3d5e-4ab4-981f-dc8616a3cc4b: nextIndex: updateUnconditionally 1 -> 0
2021-10-28 03:04:04,198 [d262ff89-3d5e-4ab4-981f-dc8616a3cc4b@group-1FC4E3DC1381-StateMachineUpdater] INFO  ratis.ContainerStateMachine (ContainerStateMachine.java:takeSnapshot(303)) - group-1FC4E3DC1381: Finished taking a snapshot at:(t:6, i:0) file:/home/runner/work/ozone/ozone/hadoop-ozone/integration-test/target/test-dir/MiniOzoneClusterImpl-701359f1-d346-43a7-a18b-390751046f7b/datanode-0/data/ratis/7686bec2-d230-49c1-ba4b-1fc4e3dc1381/sm/snapshot.6_0 took: 30 ms
2021-10-28 03:04:04,199 [d262ff89-3d5e-4ab4-981f-dc8616a3cc4b@group-1FC4E3DC1381-StateMachineUpdater] INFO  impl.StateMachineUpdater (StateMachineUpdater.java:takeSnapshot(281)) - d262ff89-3d5e-4ab4-981f-dc8616a3cc4b@group-1FC4E3DC1381-StateMachineUpdater: Took a snapshot at index 0
2021-10-28 03:04:04,199 [d262ff89-3d5e-4ab4-981f-dc8616a3cc4b@group-1FC4E3DC1381-StateMachineUpdater] INFO  impl.StateMachineUpdater (StateMachineUpdater.java:lambda$new$0(89)) - d262ff89-3d5e-4ab4-981f-dc8616a3cc4b@group-1FC4E3DC1381-StateMachineUpdater: snapshotIndex: updateIncreasingly -1 -> 0
2021-10-28 03:04:04,199 [ForkJoinPool.commonPool-worker-0] INFO  server.RaftServer$Division (ServerState.java:close(419)) - d262ff89-3d5e-4ab4-981f-dc8616a3cc4b@group-1FC4E3DC1381: closes. applyIndex: 0
2021-10-28 03:04:04,199 [7e7f778f-92a3-4c6a-870c-2544e6325884@group-1FC4E3DC1381-SegmentedRaftLogWorker] INFO  segmented.SegmentedRaftLogWorker (SegmentedRaftLogWorker.java:run(327)) - 7e7f778f-92a3-4c6a-870c-2544e6325884@group-1FC4E3DC1381-SegmentedRaftLogWorker was interrupted, exiting. There are 0 tasks remaining in the queue.
2021-10-28 03:04:04,199 [d262ff89-3d5e-4ab4-981f-dc8616a3cc4b@group-1FC4E3DC1381-SegmentedRaftLogWorker] INFO  segmented.SegmentedRaftLogWorker (SegmentedRaftLogWorker.java:run(327)) - d262ff89-3d5e-4ab4-981f-dc8616a3cc4b@group-1FC4E3DC1381-SegmentedRaftLogWorker was interrupted, exiting. There are 0 tasks remaining in the queue.
2021-10-28 03:04:04,200 [Listener at 127.0.0.1/11132] INFO  segmented.SegmentedRaftLogWorker (SegmentedRaftLogWorker.java:close(237)) - 7e7f778f-92a3-4c6a-870c-2544e6325884@group-1FC4E3DC1381-SegmentedRaftLogWorker close()
2021-10-28 03:04:04,201 [Listener at 127.0.0.1/11132] INFO  server.GrpcService (GrpcService.java:closeImpl(262)) - 7e7f778f-92a3-4c6a-870c-2544e6325884: shutdown server with port 39339 now
2021-10-28 03:04:04,203 [grpc-default-executor-2] WARN  server.GrpcServerProtocolService (LogUtils.java:warn(122)) - 7e7f778f-92a3-4c6a-870c-2544e6325884: installSnapshot onError, lastRequest: 91f27009-ec66-4294-9321-b0739729fb6b->7e7f778f-92a3-4c6a-870c-2544e6325884#1-t8,previous=(t:0, i:0),leaderCommit=-1,initializing? true,entries: size=1, first=(t:8, i:0), CONFIGURATIONENTRY: org.apache.ratis.thirdparty.io.grpc.StatusRuntimeException: CANCELLED: client cancelled
2021-10-28 03:04:04,204 [ForkJoinPool.commonPool-worker-0] INFO  segmented.SegmentedRaftLogWorker (SegmentedRaftLogWorker.java:close(237)) - d262ff89-3d5e-4ab4-981f-dc8616a3cc4b@group-1FC4E3DC1381-SegmentedRaftLogWorker close()
2021-10-28 03:04:04,205 [grpc-default-executor-4] WARN  server.GrpcLogAppender (LogUtils.java:warn(122)) - 91f27009-ec66-4294-9321-b0739729fb6b@group-A37BCEEDED0F->7e7f778f-92a3-4c6a-870c-2544e6325884-AppendLogResponseHandler: Failed appendEntries: org.apache.ratis.thirdparty.io.grpc.StatusRuntimeException: CANCELLED: HTTP/2 error code: CANCEL
Received Rst Stream
2021-10-28 03:04:04,205 [grpc-default-executor-4] WARN  server.GrpcLogAppender (GrpcLogAppender.java:resetClient(110)) - 91f27009-ec66-4294-9321-b0739729fb6b@group-A37BCEEDED0F->7e7f778f-92a3-4c6a-870c-2544e6325884-GrpcLogAppender: Leader has not got in touch with Follower 91f27009-ec66-4294-9321-b0739729fb6b@group-A37BCEEDED0F->7e7f778f-92a3-4c6a-870c-2544e6325884(c0,m0,n1, attendVote=true, lastRpcSendTime=1014, lastRpcResponseTime=994) yet, just keep nextIndex unchanged and retry.
2021-10-28 03:04:04,215 [ForkJoinPool.commonPool-worker-0] INFO  server.RaftServer$Division (RaftServerImpl.java:lambda$close$4(412)) - d262ff89-3d5e-4ab4-981f-dc8616a3cc4b@group-5B58ED6D724D: shutdown
2021-10-28 03:04:04,216 [ForkJoinPool.commonPool-worker-0] INFO  util.JmxRegister (JmxRegister.java:unregister(73)) - Successfully un-registered JMX Bean with object name Ratis:service=RaftServer,group=group-5B58ED6D724D,id=d262ff89-3d5e-4ab4-981f-dc8616a3cc4b
2021-10-28 03:04:04,216 [ForkJoinPool.commonPool-worker-0] INFO  impl.RoleInfo (RoleInfo.java:shutdownLeaderState(91)) - d262ff89-3d5e-4ab4-981f-dc8616a3cc4b: shutdown d262ff89-3d5e-4ab4-981f-dc8616a3cc4b@group-5B58ED6D724D-LeaderStateImpl
2021-10-28 03:04:04,216 [ForkJoinPool.commonPool-worker-0] INFO  impl.PendingRequests (PendingRequests.java:sendNotLeaderResponses(282)) - d262ff89-3d5e-4ab4-981f-dc8616a3cc4b@group-5B58ED6D724D-PendingRequests: sendNotLeaderResponses
2021-10-28 03:04:04,216 [ForkJoinPool.commonPool-worker-0] INFO  impl.StateMachineUpdater (StateMachineUpdater.java:stopAndJoin(149)) - d262ff89-3d5e-4ab4-981f-dc8616a3cc4b@group-5B58ED6D724D-StateMachineUpdater: set stopIndex = 0
2021-10-28 03:04:04,217 [Listener at 127.0.0.1/11132] INFO  server.GrpcService (GrpcService.java:closeImpl(271)) - 7e7f778f-92a3-4c6a-870c-2544e6325884: shutdown server with port 39339 successfully
2021-10-28 03:04:04,217 [org.apache.ratis.util.JvmPauseMonitor$$Lambda$499/17331878@4b1f242d] INFO  util.JvmPauseMonitor (JvmPauseMonitor.java:run(109)) - JvmPauseMonitor-7e7f778f-92a3-4c6a-870c-2544e6325884: Stopped
2021-10-28 03:04:04,223 [Listener at 127.0.0.1/11132] INFO  utils.BackgroundService (BackgroundService.java:shutdown(132)) - Shutting down service BlockDeletingService
2021-10-28 03:04:04,231 [d262ff89-3d5e-4ab4-981f-dc8616a3cc4b@group-5B58ED6D724D-StateMachineUpdater] INFO  ratis.ContainerStateMachine (ContainerStateMachine.java:takeSnapshot(292)) - group-5B58ED6D724D: Taking a snapshot at:(t:1, i:0) file /home/runner/work/ozone/ozone/hadoop-ozone/integration-test/target/test-dir/MiniOzoneClusterImpl-701359f1-d346-43a7-a18b-390751046f7b/datanode-0/data/ratis/2a860fd3-b7a1-42c2-aa92-5b58ed6d724d/sm/snapshot.1_0
2021-10-28 03:04:04,233 [d262ff89-3d5e-4ab4-981f-dc8616a3cc4b@group-5B58ED6D724D-StateMachineUpdater] INFO  ratis.ContainerStateMachine (ContainerStateMachine.java:takeSnapshot(303)) - group-5B58ED6D724D: Finished taking a snapshot at:(t:1, i:0) file:/home/runner/work/ozone/ozone/hadoop-ozone/integration-test/target/test-dir/MiniOzoneClusterImpl-701359f1-d346-43a7-a18b-390751046f7b/datanode-0/data/ratis/2a860fd3-b7a1-42c2-aa92-5b58ed6d724d/sm/snapshot.1_0 took: 2 ms
2021-10-28 03:04:04,233 [d262ff89-3d5e-4ab4-981f-dc8616a3cc4b@group-5B58ED6D724D-StateMachineUpdater] INFO  impl.StateMachineUpdater (StateMachineUpdater.java:takeSnapshot(281)) - d262ff89-3d5e-4ab4-981f-dc8616a3cc4b@group-5B58ED6D724D-StateMachineUpdater: Took a snapshot at index 0
2021-10-28 03:04:04,233 [d262ff89-3d5e-4ab4-981f-dc8616a3cc4b@group-5B58ED6D724D-StateMachineUpdater] INFO  impl.StateMachineUpdater (StateMachineUpdater.java:lambda$new$0(89)) - d262ff89-3d5e-4ab4-981f-dc8616a3cc4b@group-5B58ED6D724D-StateMachineUpdater: snapshotIndex: updateIncreasingly -1 -> 0
2021-10-28 03:04:04,233 [ForkJoinPool.commonPool-worker-0] INFO  server.RaftServer$Division (ServerState.java:close(419)) - d262ff89-3d5e-4ab4-981f-dc8616a3cc4b@group-5B58ED6D724D: closes. applyIndex: 0
2021-10-28 03:04:04,233 [d262ff89-3d5e-4ab4-981f-dc8616a3cc4b@group-5B58ED6D724D-SegmentedRaftLogWorker] INFO  segmented.SegmentedRaftLogWorker (SegmentedRaftLogWorker.java:run(327)) - d262ff89-3d5e-4ab4-981f-dc8616a3cc4b@group-5B58ED6D724D-SegmentedRaftLogWorker was interrupted, exiting. There are 0 tasks remaining in the queue.
2021-10-28 03:04:04,254 [ForkJoinPool.commonPool-worker-0] INFO  segmented.SegmentedRaftLogWorker (SegmentedRaftLogWorker.java:close(237)) - d262ff89-3d5e-4ab4-981f-dc8616a3cc4b@group-5B58ED6D724D-SegmentedRaftLogWorker close()
2021-10-28 03:04:04,261 [ForkJoinPool.commonPool-worker-0] INFO  server.GrpcService (GrpcService.java:closeImpl(262)) - d262ff89-3d5e-4ab4-981f-dc8616a3cc4b: shutdown server with port 35379 now
2021-10-28 03:04:04,262 [grpc-default-executor-4] WARN  server.GrpcServerProtocolService (LogUtils.java:warn(122)) - d262ff89-3d5e-4ab4-981f-dc8616a3cc4b: installSnapshot onError, lastRequest: 91f27009-ec66-4294-9321-b0739729fb6b->d262ff89-3d5e-4ab4-981f-dc8616a3cc4b#1-t8,previous=(t:0, i:0),leaderCommit=0,initializing? true,entries: size=1, first=(t:8, i:0), CONFIGURATIONENTRY: org.apache.ratis.thirdparty.io.grpc.StatusRuntimeException: CANCELLED: client cancelled
2021-10-28 03:04:04,266 [ForkJoinPool.commonPool-worker-0] INFO  server.GrpcService (GrpcService.java:closeImpl(271)) - d262ff89-3d5e-4ab4-981f-dc8616a3cc4b: shutdown server with port 35379 successfully
2021-10-28 03:04:04,266 [org.apache.ratis.util.JvmPauseMonitor$$Lambda$499/17331878@24d288e0] INFO  util.JvmPauseMonitor (JvmPauseMonitor.java:run(109)) - JvmPauseMonitor-d262ff89-3d5e-4ab4-981f-dc8616a3cc4b: Stopped
2021-10-28 03:04:04,268 [ForkJoinPool.commonPool-worker-0] INFO  utils.BackgroundService (BackgroundService.java:shutdown(132)) - Shutting down service BlockDeletingService
2021-10-28 03:04:04,294 [grpc-default-executor-2] WARN  server.GrpcLogAppender (LogUtils.java:warn(122)) - 91f27009-ec66-4294-9321-b0739729fb6b@group-A37BCEEDED0F->d262ff89-3d5e-4ab4-981f-dc8616a3cc4b-AppendLogResponseHandler: Failed appendEntries: org.apache.ratis.thirdparty.io.grpc.StatusRuntimeException: CANCELLED: HTTP/2 error code: CANCEL
Received Rst Stream
2021-10-28 03:04:04,295 [grpc-default-executor-2] WARN  server.GrpcLogAppender (GrpcLogAppender.java:resetClient(110)) - 91f27009-ec66-4294-9321-b0739729fb6b@group-A37BCEEDED0F->d262ff89-3d5e-4ab4-981f-dc8616a3cc4b-GrpcLogAppender: Leader has not got in touch with Follower 91f27009-ec66-4294-9321-b0739729fb6b@group-A37BCEEDED0F->d262ff89-3d5e-4ab4-981f-dc8616a3cc4b(c0,m0,n1, attendVote=true, lastRpcSendTime=1083, lastRpcResponseTime=1075) yet, just keep nextIndex unchanged and retry.
2021-10-28 03:04:04,385 [EndpointStateMachine task thread for /127.0.0.1:13033 - 0 ] INFO  ipc.Client (Client.java:handleConnectionFailure(977)) - Retrying connect to server: localhost/127.0.0.1:13033. Already tried 5 time(s); retry policy is RetryUpToMaximumCountWithFixedSleep(maxRetries=15, sleepTime=1000 MILLISECONDS)
2021-10-28 03:04:04,390 [Datanode State Machine Daemon Thread] ERROR datanode.RunningDatanodeState (RunningDatanodeState.java:computeNextContainerState(199)) - Error in executing end point task.
java.util.concurrent.ExecutionException: java.util.concurrent.TimeoutException
	at java.util.concurrent.FutureTask.report(FutureTask.java:122)
	at java.util.concurrent.FutureTask.get(FutureTask.java:192)
	at org.apache.hadoop.ozone.container.common.states.datanode.RunningDatanodeState.computeNextContainerState(RunningDatanodeState.java:191)
	at org.apache.hadoop.ozone.container.common.states.datanode.RunningDatanodeState.await(RunningDatanodeState.java:231)
	at org.apache.hadoop.ozone.container.common.states.datanode.RunningDatanodeState.await(RunningDatanodeState.java:50)
	at org.apache.hadoop.ozone.container.common.statemachine.StateContext.execute(StateContext.java:633)
	at org.apache.hadoop.ozone.container.common.statemachine.DatanodeStateMachine.start(DatanodeStateMachine.java:280)
	at org.apache.hadoop.ozone.container.common.statemachine.DatanodeStateMachine.lambda$startDaemon$0(DatanodeStateMachine.java:468)
	at java.lang.Thread.run(Thread.java:748)
Caused by: java.util.concurrent.TimeoutException
	at java.util.concurrent.FutureTask.get(FutureTask.java:205)
	at org.apache.hadoop.ozone.container.common.states.datanode.RunningDatanodeState.lambda$execute$0(RunningDatanodeState.java:149)
	at java.util.concurrent.FutureTask.run(FutureTask.java:266)
	at java.util.concurrent.Executors$RunnableAdapter.call(Executors.java:511)
	at java.util.concurrent.FutureTask.run(FutureTask.java:266)
	at java.util.concurrent.ThreadPoolExecutor.runWorker(ThreadPoolExecutor.java:1149)
	at java.util.concurrent.ThreadPoolExecutor$Worker.run(ThreadPoolExecutor.java:624)
	... 1 more
2021-10-28 03:04:04,391 [EndpointStateMachine task thread for /127.0.0.1:13043 - 0 ] INFO  ipc.Client (Client.java:handleConnectionFailure(977)) - Retrying connect to server: localhost/127.0.0.1:13043. Already tried 4 time(s); retry policy is RetryUpToMaximumCountWithFixedSleep(maxRetries=15, sleepTime=1000 MILLISECONDS)
2021-10-28 03:04:04,987 [EndpointStateMachine task thread for /127.0.0.1:12189 - 0 ] INFO  ipc.Client (Client.java:handleConnectionFailure(977)) - Retrying connect to server: localhost/127.0.0.1:12189. Already tried 0 time(s); retry policy is RetryUpToMaximumCountWithFixedSleep(maxRetries=15, sleepTime=1000 MILLISECONDS)
2021-10-28 03:04:05,015 [EndpointStateMachine task thread for /127.0.0.1:12199 - 0 ] INFO  ipc.Client (Client.java:handleConnectionFailure(977)) - Retrying connect to server: localhost/127.0.0.1:12199. Already tried 0 time(s); retry policy is RetryUpToMaximumCountWithFixedSleep(maxRetries=15, sleepTime=1000 MILLISECONDS)
2021-10-28 03:04:05,105 [EndpointStateMachine task thread for /127.0.0.1:13053 - 0 ] INFO  ipc.Client (Client.java:handleConnectionFailure(977)) - Retrying connect to server: localhost/127.0.0.1:13053. Already tried 5 time(s); retry policy is RetryUpToMaximumCountWithFixedSleep(maxRetries=15, sleepTime=1000 MILLISECONDS)
2021-10-28 03:04:05,385 [EndpointStateMachine task thread for /127.0.0.1:13033 - 0 ] INFO  ipc.Client (Client.java:handleConnectionFailure(977)) - Retrying connect to server: localhost/127.0.0.1:13033. Already tried 6 time(s); retry policy is RetryUpToMaximumCountWithFixedSleep(maxRetries=15, sleepTime=1000 MILLISECONDS)
2021-10-28 03:04:05,393 [Datanode State Machine Daemon Thread] ERROR datanode.RunningDatanodeState (RunningDatanodeState.java:computeNextContainerState(199)) - Error in executing end point task.
java.util.concurrent.ExecutionException: java.util.concurrent.TimeoutException
	at java.util.concurrent.FutureTask.report(FutureTask.java:122)
	at java.util.concurrent.FutureTask.get(FutureTask.java:192)
	at org.apache.hadoop.ozone.container.common.states.datanode.RunningDatanodeState.computeNextContainerState(RunningDatanodeState.java:191)
	at org.apache.hadoop.ozone.container.common.states.datanode.RunningDatanodeState.await(RunningDatanodeState.java:231)
	at org.apache.hadoop.ozone.container.common.states.datanode.RunningDatanodeState.await(RunningDatanodeState.java:50)
	at org.apache.hadoop.ozone.container.common.statemachine.StateContext.execute(StateContext.java:633)
	at org.apache.hadoop.ozone.container.common.statemachine.DatanodeStateMachine.start(DatanodeStateMachine.java:280)
	at org.apache.hadoop.ozone.container.common.statemachine.DatanodeStateMachine.lambda$startDaemon$0(DatanodeStateMachine.java:468)
	at java.lang.Thread.run(Thread.java:748)
Caused by: java.util.concurrent.TimeoutException
	at java.util.concurrent.FutureTask.get(FutureTask.java:205)
	at org.apache.hadoop.ozone.container.common.states.datanode.RunningDatanodeState.lambda$execute$0(RunningDatanodeState.java:149)
	at java.util.concurrent.FutureTask.run(FutureTask.java:266)
	at java.util.concurrent.Executors$RunnableAdapter.call(Executors.java:511)
	at java.util.concurrent.FutureTask.run(FutureTask.java:266)
	at java.util.concurrent.ThreadPoolExecutor.runWorker(ThreadPoolExecutor.java:1149)
	at java.util.concurrent.ThreadPoolExecutor$Worker.run(ThreadPoolExecutor.java:624)
	... 1 more
2021-10-28 03:04:05,395 [EndpointStateMachine task thread for /127.0.0.1:13043 - 0 ] INFO  ipc.Client (Client.java:handleConnectionFailure(977)) - Retrying connect to server: localhost/127.0.0.1:13043. Already tried 5 time(s); retry policy is RetryUpToMaximumCountWithFixedSleep(maxRetries=15, sleepTime=1000 MILLISECONDS)
2021-10-28 03:04:05,751 [grpc-default-executor-2] WARN  server.GrpcLogAppender (LogUtils.java:warn(122)) - 91f27009-ec66-4294-9321-b0739729fb6b@group-A37BCEEDED0F->7e7f778f-92a3-4c6a-870c-2544e6325884-AppendLogResponseHandler: Failed appendEntries: org.apache.ratis.thirdparty.io.grpc.StatusRuntimeException: UNAVAILABLE: io exception
2021-10-28 03:04:05,752 [grpc-default-executor-2] WARN  server.GrpcLogAppender (GrpcLogAppender.java:resetClient(110)) - 91f27009-ec66-4294-9321-b0739729fb6b@group-A37BCEEDED0F->7e7f778f-92a3-4c6a-870c-2544e6325884-GrpcLogAppender: Leader has not got in touch with Follower 91f27009-ec66-4294-9321-b0739729fb6b@group-A37BCEEDED0F->7e7f778f-92a3-4c6a-870c-2544e6325884(c0,m0,n1, attendVote=true, lastRpcSendTime=0, lastRpcResponseTime=2541) yet, just keep nextIndex unchanged and retry.
2021-10-28 03:04:05,773 [grpc-default-executor-2] WARN  server.GrpcLogAppender (LogUtils.java:warn(122)) - 91f27009-ec66-4294-9321-b0739729fb6b@group-A37BCEEDED0F->d262ff89-3d5e-4ab4-981f-dc8616a3cc4b-AppendLogResponseHandler: Failed appendEntries: org.apache.ratis.thirdparty.io.grpc.StatusRuntimeException: UNAVAILABLE: io exception
2021-10-28 03:04:05,774 [grpc-default-executor-2] WARN  server.GrpcLogAppender (GrpcLogAppender.java:resetClient(110)) - 91f27009-ec66-4294-9321-b0739729fb6b@group-A37BCEEDED0F->d262ff89-3d5e-4ab4-981f-dc8616a3cc4b-GrpcLogAppender: Leader has not got in touch with Follower 91f27009-ec66-4294-9321-b0739729fb6b@group-A37BCEEDED0F->d262ff89-3d5e-4ab4-981f-dc8616a3cc4b(c0,m0,n1, attendVote=true, lastRpcSendTime=0, lastRpcResponseTime=2554) yet, just keep nextIndex unchanged and retry.
2021-10-28 03:04:05,990 [EndpointStateMachine task thread for /127.0.0.1:12189 - 0 ] INFO  ipc.Client (Client.java:handleConnectionFailure(977)) - Retrying connect to server: localhost/127.0.0.1:12189. Already tried 1 time(s); retry policy is RetryUpToMaximumCountWithFixedSleep(maxRetries=15, sleepTime=1000 MILLISECONDS)
2021-10-28 03:04:06,022 [EndpointStateMachine task thread for /127.0.0.1:12199 - 0 ] INFO  ipc.Client (Client.java:handleConnectionFailure(977)) - Retrying connect to server: localhost/127.0.0.1:12199. Already tried 1 time(s); retry policy is RetryUpToMaximumCountWithFixedSleep(maxRetries=15, sleepTime=1000 MILLISECONDS)
2021-10-28 03:04:06,128 [EndpointStateMachine task thread for /127.0.0.1:13053 - 0 ] INFO  ipc.Client (Client.java:handleConnectionFailure(977)) - Retrying connect to server: localhost/127.0.0.1:13053. Already tried 6 time(s); retry policy is RetryUpToMaximumCountWithFixedSleep(maxRetries=15, sleepTime=1000 MILLISECONDS)
2021-10-28 03:04:06,391 [EndpointStateMachine task thread for /127.0.0.1:13033 - 0 ] INFO  ipc.Client (Client.java:handleConnectionFailure(977)) - Retrying connect to server: localhost/127.0.0.1:13033. Already tried 7 time(s); retry policy is RetryUpToMaximumCountWithFixedSleep(maxRetries=15, sleepTime=1000 MILLISECONDS)
2021-10-28 03:04:06,396 [EndpointStateMachine task thread for /127.0.0.1:13043 - 0 ] INFO  ipc.Client (Client.java:handleConnectionFailure(977)) - Retrying connect to server: localhost/127.0.0.1:13043. Already tried 6 time(s); retry policy is RetryUpToMaximumCountWithFixedSleep(maxRetries=15, sleepTime=1000 MILLISECONDS)
2021-10-28 03:04:06,991 [EndpointStateMachine task thread for /127.0.0.1:12189 - 0 ] INFO  ipc.Client (Client.java:handleConnectionFailure(977)) - Retrying connect to server: localhost/127.0.0.1:12189. Already tried 2 time(s); retry policy is RetryUpToMaximumCountWithFixedSleep(maxRetries=15, sleepTime=1000 MILLISECONDS)
2021-10-28 03:04:07,023 [EndpointStateMachine task thread for /127.0.0.1:12199 - 0 ] INFO  ipc.Client (Client.java:handleConnectionFailure(977)) - Retrying connect to server: localhost/127.0.0.1:12199. Already tried 2 time(s); retry policy is RetryUpToMaximumCountWithFixedSleep(maxRetries=15, sleepTime=1000 MILLISECONDS)
2021-10-28 03:04:07,129 [EndpointStateMachine task thread for /127.0.0.1:13053 - 0 ] INFO  ipc.Client (Client.java:handleConnectionFailure(977)) - Retrying connect to server: localhost/127.0.0.1:13053. Already tried 7 time(s); retry policy is RetryUpToMaximumCountWithFixedSleep(maxRetries=15, sleepTime=1000 MILLISECONDS)
2021-10-28 03:04:07,237 [Listener at 127.0.0.1/11132] INFO  statemachine.DatanodeStateMachine (DatanodeStateMachine.java:stopDaemon(526)) - Ozone container server stopped.
2021-10-28 03:04:07,239 [Listener at 127.0.0.1/11132] INFO  handler.ContextHandler (ContextHandler.java:doStop(1153)) - Stopped o.e.j.w.WebAppContext@7b0579c1{hddsDatanode,/,null,STOPPED}{jar:file:/home/runner/.m2/repository/org/apache/ozone/hdds-container-service/1.2.0-SNAPSHOT/hdds-container-service-1.2.0-SNAPSHOT.jar!/webapps/hddsDatanode}
2021-10-28 03:04:07,246 [Listener at 127.0.0.1/11132] INFO  server.AbstractConnector (AbstractConnector.java:doStop(381)) - Stopped ServerConnector@461c6f{HTTP/1.1, (http/1.1)}{0.0.0.0:0}
2021-10-28 03:04:07,246 [Listener at 127.0.0.1/11132] INFO  server.session (HouseKeeper.java:stopScavenging(149)) - node0 Stopped scavenging
2021-10-28 03:04:07,246 [Listener at 127.0.0.1/11132] INFO  handler.ContextHandler (ContextHandler.java:doStop(1153)) - Stopped o.e.j.s.ServletContextHandler@25c42395{static,/static,jar:file:/home/runner/.m2/repository/org/apache/ozone/hdds-container-service/1.2.0-SNAPSHOT/hdds-container-service-1.2.0-SNAPSHOT.jar!/webapps/static,STOPPED}
2021-10-28 03:04:07,246 [Listener at 127.0.0.1/11132] INFO  handler.ContextHandler (ContextHandler.java:doStop(1153)) - Stopped o.e.j.s.ServletContextHandler@7dab2645{logs,/logs,file:///home/runner/work/ozone/ozone/hadoop-ozone/integration-test/target/log,STOPPED}
2021-10-28 03:04:07,291 [ForkJoinPool.commonPool-worker-0] INFO  statemachine.DatanodeStateMachine (DatanodeStateMachine.java:stopDaemon(526)) - Ozone container server stopped.
2021-10-28 03:04:07,296 [ForkJoinPool.commonPool-worker-0] INFO  handler.ContextHandler (ContextHandler.java:doStop(1153)) - Stopped o.e.j.w.WebAppContext@52aac6ff{hddsDatanode,/,null,STOPPED}{jar:file:/home/runner/.m2/repository/org/apache/ozone/hdds-container-service/1.2.0-SNAPSHOT/hdds-container-service-1.2.0-SNAPSHOT.jar!/webapps/hddsDatanode}
2021-10-28 03:04:07,296 [ForkJoinPool.commonPool-worker-0] INFO  server.AbstractConnector (AbstractConnector.java:doStop(381)) - Stopped ServerConnector@6203f71{HTTP/1.1, (http/1.1)}{0.0.0.0:0}
2021-10-28 03:04:07,296 [ForkJoinPool.commonPool-worker-0] INFO  server.session (HouseKeeper.java:stopScavenging(149)) - node0 Stopped scavenging
2021-10-28 03:04:07,297 [ForkJoinPool.commonPool-worker-0] INFO  handler.ContextHandler (ContextHandler.java:doStop(1153)) - Stopped o.e.j.s.ServletContextHandler@55a2cb2a{static,/static,jar:file:/home/runner/.m2/repository/org/apache/ozone/hdds-container-service/1.2.0-SNAPSHOT/hdds-container-service-1.2.0-SNAPSHOT.jar!/webapps/static,STOPPED}
2021-10-28 03:04:07,298 [ForkJoinPool.commonPool-worker-0] INFO  handler.ContextHandler (ContextHandler.java:doStop(1153)) - Stopped o.e.j.s.ServletContextHandler@300f2857{logs,/logs,file:///home/runner/work/ozone/ozone/hadoop-ozone/integration-test/target/log,STOPPED}
2021-10-28 03:04:07,391 [EndpointStateMachine task thread for /127.0.0.1:13033 - 0 ] INFO  ipc.Client (Client.java:handleConnectionFailure(977)) - Retrying connect to server: localhost/127.0.0.1:13033. Already tried 8 time(s); retry policy is RetryUpToMaximumCountWithFixedSleep(maxRetries=15, sleepTime=1000 MILLISECONDS)
2021-10-28 03:04:07,395 [Datanode State Machine Daemon Thread] WARN  statemachine.StateContext (StateContext.java:setState(249)) - Ignore disallowed transition from SHUTDOWN to RUNNING
2021-10-28 03:04:07,417 [EndpointStateMachine task thread for /127.0.0.1:13043 - 0 ] INFO  ipc.Client (Client.java:handleConnectionFailure(977)) - Retrying connect to server: localhost/127.0.0.1:13043. Already tried 7 time(s); retry policy is RetryUpToMaximumCountWithFixedSleep(maxRetries=15, sleepTime=1000 MILLISECONDS)
2021-10-28 03:04:07,992 [EndpointStateMachine task thread for /127.0.0.1:12189 - 0 ] INFO  ipc.Client (Client.java:handleConnectionFailure(977)) - Retrying connect to server: localhost/127.0.0.1:12189. Already tried 3 time(s); retry policy is RetryUpToMaximumCountWithFixedSleep(maxRetries=15, sleepTime=1000 MILLISECONDS)
2021-10-28 03:04:08,024 [EndpointStateMachine task thread for /127.0.0.1:12199 - 0 ] INFO  ipc.Client (Client.java:handleConnectionFailure(977)) - Retrying connect to server: localhost/127.0.0.1:12199. Already tried 3 time(s); retry policy is RetryUpToMaximumCountWithFixedSleep(maxRetries=15, sleepTime=1000 MILLISECONDS)
2021-10-28 03:04:08,131 [EndpointStateMachine task thread for /127.0.0.1:13053 - 0 ] INFO  ipc.Client (Client.java:handleConnectionFailure(977)) - Retrying connect to server: localhost/127.0.0.1:13053. Already tried 8 time(s); retry policy is RetryUpToMaximumCountWithFixedSleep(maxRetries=15, sleepTime=1000 MILLISECONDS)
2021-10-28 03:04:08,252 [grpc-default-executor-2] WARN  server.GrpcLogAppender (LogUtils.java:warn(122)) - 91f27009-ec66-4294-9321-b0739729fb6b@group-A37BCEEDED0F->7e7f778f-92a3-4c6a-870c-2544e6325884-AppendLogResponseHandler: Failed appendEntries: org.apache.ratis.thirdparty.io.grpc.StatusRuntimeException: UNAVAILABLE: io exception
2021-10-28 03:04:08,252 [grpc-default-executor-2] WARN  server.GrpcLogAppender (GrpcLogAppender.java:resetClient(110)) - 91f27009-ec66-4294-9321-b0739729fb6b@group-A37BCEEDED0F->7e7f778f-92a3-4c6a-870c-2544e6325884-GrpcLogAppender: Leader has not got in touch with Follower 91f27009-ec66-4294-9321-b0739729fb6b@group-A37BCEEDED0F->7e7f778f-92a3-4c6a-870c-2544e6325884(c0,m0,n1, attendVote=true, lastRpcSendTime=2501, lastRpcResponseTime=5041) yet, just keep nextIndex unchanged and retry.
2021-10-28 03:04:08,287 [grpc-default-executor-2] WARN  server.GrpcLogAppender (LogUtils.java:warn(122)) - 91f27009-ec66-4294-9321-b0739729fb6b@group-A37BCEEDED0F->d262ff89-3d5e-4ab4-981f-dc8616a3cc4b-AppendLogResponseHandler: Failed appendEntries: org.apache.ratis.thirdparty.io.grpc.StatusRuntimeException: UNAVAILABLE: io exception
2021-10-28 03:04:08,287 [grpc-default-executor-2] WARN  server.GrpcLogAppender (GrpcLogAppender.java:resetClient(110)) - 91f27009-ec66-4294-9321-b0739729fb6b@group-A37BCEEDED0F->d262ff89-3d5e-4ab4-981f-dc8616a3cc4b-GrpcLogAppender: Leader has not got in touch with Follower 91f27009-ec66-4294-9321-b0739729fb6b@group-A37BCEEDED0F->d262ff89-3d5e-4ab4-981f-dc8616a3cc4b(c0,m0,n1, attendVote=true, lastRpcSendTime=0, lastRpcResponseTime=5067) yet, just keep nextIndex unchanged and retry.
2021-10-28 03:04:08,392 [EndpointStateMachine task thread for /127.0.0.1:13033 - 0 ] INFO  ipc.Client (Client.java:handleConnectionFailure(977)) - Retrying connect to server: localhost/127.0.0.1:13033. Already tried 9 time(s); retry policy is RetryUpToMaximumCountWithFixedSleep(maxRetries=15, sleepTime=1000 MILLISECONDS)
2021-10-28 03:04:08,418 [EndpointStateMachine task thread for /127.0.0.1:13043 - 0 ] INFO  ipc.Client (Client.java:handleConnectionFailure(977)) - Retrying connect to server: localhost/127.0.0.1:13043. Already tried 8 time(s); retry policy is RetryUpToMaximumCountWithFixedSleep(maxRetries=15, sleepTime=1000 MILLISECONDS)
2021-10-28 03:04:08,568 [91f27009-ec66-4294-9321-b0739729fb6b@group-A37BCEEDED0F-LeaderStateImpl] WARN  server.RaftServer$Division (LeaderStateImpl.java:checkLeadership(974)) - 91f27009-ec66-4294-9321-b0739729fb6b@group-A37BCEEDED0F-LeaderStateImpl: Lost leadership on term: 8. Election timeout: 5200ms. In charge for: 83246ms. Conf: 0: [7e7f778f-92a3-4c6a-870c-2544e6325884|rpc:127.0.0.1:39339|dataStream:|priority:0, d262ff89-3d5e-4ab4-981f-dc8616a3cc4b|rpc:127.0.0.1:35379|dataStream:|priority:0, 91f27009-ec66-4294-9321-b0739729fb6b|rpc:127.0.0.1:38297|dataStream:|priority:1], old=null
2021-10-28 03:04:08,569 [91f27009-ec66-4294-9321-b0739729fb6b@group-A37BCEEDED0F-LeaderStateImpl] WARN  server.RaftServer$Division (LeaderStateImpl.java:lambda$checkLeadership$15(978)) - Follower 91f27009-ec66-4294-9321-b0739729fb6b@group-A37BCEEDED0F->7e7f778f-92a3-4c6a-870c-2544e6325884(c0,m0,n1, attendVote=true, lastRpcSendTime=315, lastRpcResponseTime=5358)
2021-10-28 03:04:08,569 [91f27009-ec66-4294-9321-b0739729fb6b@group-A37BCEEDED0F-LeaderStateImpl] WARN  server.RaftServer$Division (LeaderStateImpl.java:lambda$checkLeadership$15(978)) - Follower 91f27009-ec66-4294-9321-b0739729fb6b@group-A37BCEEDED0F->d262ff89-3d5e-4ab4-981f-dc8616a3cc4b(c0,m0,n1, attendVote=true, lastRpcSendTime=282, lastRpcResponseTime=5349)
2021-10-28 03:04:08,569 [91f27009-ec66-4294-9321-b0739729fb6b@group-A37BCEEDED0F-LeaderStateImpl] INFO  server.RaftServer$Division (RaftServerImpl.java:setRole(290)) - 91f27009-ec66-4294-9321-b0739729fb6b@group-A37BCEEDED0F: changes role from    LEADER to FOLLOWER at term 8 for StepDownReason:LOST_MAJORITY_HEARTBEATS
2021-10-28 03:04:08,569 [91f27009-ec66-4294-9321-b0739729fb6b@group-A37BCEEDED0F-LeaderStateImpl] INFO  impl.RoleInfo (RoleInfo.java:shutdownLeaderState(91)) - 91f27009-ec66-4294-9321-b0739729fb6b: shutdown 91f27009-ec66-4294-9321-b0739729fb6b@group-A37BCEEDED0F-LeaderStateImpl
2021-10-28 03:04:08,570 [91f27009-ec66-4294-9321-b0739729fb6b@group-A37BCEEDED0F-LeaderStateImpl] INFO  impl.PendingRequests (PendingRequests.java:sendNotLeaderResponses(282)) - 91f27009-ec66-4294-9321-b0739729fb6b@group-A37BCEEDED0F-PendingRequests: sendNotLeaderResponses
2021-10-28 03:04:08,570 [91f27009-ec66-4294-9321-b0739729fb6b@group-A37BCEEDED0F-LeaderStateImpl] INFO  impl.RoleInfo (RoleInfo.java:updateAndGet(130)) - 91f27009-ec66-4294-9321-b0739729fb6b: start 91f27009-ec66-4294-9321-b0739729fb6b@group-A37BCEEDED0F-FollowerState
2021-10-28 03:04:08,992 [EndpointStateMachine task thread for /127.0.0.1:12189 - 0 ] INFO  ipc.Client (Client.java:handleConnectionFailure(977)) - Retrying connect to server: localhost/127.0.0.1:12189. Already tried 4 time(s); retry policy is RetryUpToMaximumCountWithFixedSleep(maxRetries=15, sleepTime=1000 MILLISECONDS)
2021-10-28 03:04:09,024 [EndpointStateMachine task thread for /127.0.0.1:12199 - 0 ] INFO  ipc.Client (Client.java:handleConnectionFailure(977)) - Retrying connect to server: localhost/127.0.0.1:12199. Already tried 4 time(s); retry policy is RetryUpToMaximumCountWithFixedSleep(maxRetries=15, sleepTime=1000 MILLISECONDS)
2021-10-28 03:04:09,131 [EndpointStateMachine task thread for /127.0.0.1:13053 - 0 ] INFO  ipc.Client (Client.java:handleConnectionFailure(977)) - Retrying connect to server: localhost/127.0.0.1:13053. Already tried 9 time(s); retry policy is RetryUpToMaximumCountWithFixedSleep(maxRetries=15, sleepTime=1000 MILLISECONDS)
2021-10-28 03:04:09,392 [EndpointStateMachine task thread for /127.0.0.1:13033 - 0 ] INFO  ipc.Client (Client.java:handleConnectionFailure(977)) - Retrying connect to server: localhost/127.0.0.1:13033. Already tried 10 time(s); retry policy is RetryUpToMaximumCountWithFixedSleep(maxRetries=15, sleepTime=1000 MILLISECONDS)
2021-10-28 03:04:09,418 [EndpointStateMachine task thread for /127.0.0.1:13043 - 0 ] INFO  ipc.Client (Client.java:handleConnectionFailure(977)) - Retrying connect to server: localhost/127.0.0.1:13043. Already tried 9 time(s); retry policy is RetryUpToMaximumCountWithFixedSleep(maxRetries=15, sleepTime=1000 MILLISECONDS)
2021-10-28 03:04:09,993 [EndpointStateMachine task thread for /127.0.0.1:12189 - 0 ] INFO  ipc.Client (Client.java:handleConnectionFailure(977)) - Retrying connect to server: localhost/127.0.0.1:12189. Already tried 5 time(s); retry policy is RetryUpToMaximumCountWithFixedSleep(maxRetries=15, sleepTime=1000 MILLISECONDS)
2021-10-28 03:04:10,025 [EndpointStateMachine task thread for /127.0.0.1:12199 - 0 ] INFO  ipc.Client (Client.java:handleConnectionFailure(977)) - Retrying connect to server: localhost/127.0.0.1:12199. Already tried 5 time(s); retry policy is RetryUpToMaximumCountWithFixedSleep(maxRetries=15, sleepTime=1000 MILLISECONDS)
2021-10-28 03:04:10,133 [EndpointStateMachine task thread for /127.0.0.1:13053 - 0 ] INFO  ipc.Client (Client.java:handleConnectionFailure(977)) - Retrying connect to server: localhost/127.0.0.1:13053. Already tried 10 time(s); retry policy is RetryUpToMaximumCountWithFixedSleep(maxRetries=15, sleepTime=1000 MILLISECONDS)
2021-10-28 03:04:10,393 [EndpointStateMachine task thread for /127.0.0.1:13033 - 0 ] INFO  ipc.Client (Client.java:handleConnectionFailure(977)) - Retrying connect to server: localhost/127.0.0.1:13033. Already tried 11 time(s); retry policy is RetryUpToMaximumCountWithFixedSleep(maxRetries=15, sleepTime=1000 MILLISECONDS)
2021-10-28 03:04:10,419 [EndpointStateMachine task thread for /127.0.0.1:13043 - 0 ] INFO  ipc.Client (Client.java:handleConnectionFailure(977)) - Retrying connect to server: localhost/127.0.0.1:13043. Already tried 10 time(s); retry policy is RetryUpToMaximumCountWithFixedSleep(maxRetries=15, sleepTime=1000 MILLISECONDS)
2021-10-28 03:04:10,993 [EndpointStateMachine task thread for /127.0.0.1:12189 - 0 ] INFO  ipc.Client (Client.java:handleConnectionFailure(977)) - Retrying connect to server: localhost/127.0.0.1:12189. Already tried 6 time(s); retry policy is RetryUpToMaximumCountWithFixedSleep(maxRetries=15, sleepTime=1000 MILLISECONDS)
2021-10-28 03:04:11,025 [EndpointStateMachine task thread for /127.0.0.1:12199 - 0 ] INFO  ipc.Client (Client.java:handleConnectionFailure(977)) - Retrying connect to server: localhost/127.0.0.1:12199. Already tried 6 time(s); retry policy is RetryUpToMaximumCountWithFixedSleep(maxRetries=15, sleepTime=1000 MILLISECONDS)
2021-10-28 03:04:11,133 [EndpointStateMachine task thread for /127.0.0.1:13053 - 0 ] INFO  ipc.Client (Client.java:handleConnectionFailure(977)) - Retrying connect to server: localhost/127.0.0.1:13053. Already tried 11 time(s); retry policy is RetryUpToMaximumCountWithFixedSleep(maxRetries=15, sleepTime=1000 MILLISECONDS)
2021-10-28 03:04:11,336 [91f27009-ec66-4294-9321-b0739729fb6b@group-1FC4E3DC1381-FollowerState] INFO  impl.FollowerState (FollowerState.java:run(134)) - 91f27009-ec66-4294-9321-b0739729fb6b@group-1FC4E3DC1381-FollowerState: change to CANDIDATE, lastRpcElapsedTime:8637615598ns, electionTimeout:5072ms
2021-10-28 03:04:11,336 [91f27009-ec66-4294-9321-b0739729fb6b@group-1FC4E3DC1381-FollowerState] INFO  impl.RoleInfo (RoleInfo.java:shutdownFollowerState(108)) - 91f27009-ec66-4294-9321-b0739729fb6b: shutdown 91f27009-ec66-4294-9321-b0739729fb6b@group-1FC4E3DC1381-FollowerState
2021-10-28 03:04:11,336 [91f27009-ec66-4294-9321-b0739729fb6b@group-1FC4E3DC1381-FollowerState] INFO  server.RaftServer$Division (RaftServerImpl.java:setRole(290)) - 91f27009-ec66-4294-9321-b0739729fb6b@group-1FC4E3DC1381: changes role from  FOLLOWER to CANDIDATE at term 6 for changeToCandidate
2021-10-28 03:04:11,336 [91f27009-ec66-4294-9321-b0739729fb6b@group-1FC4E3DC1381-FollowerState] INFO  server.RaftServerConfigKeys (ConfUtils.java:logGet(44)) - raft.server.leaderelection.pre-vote = false (custom)
2021-10-28 03:04:11,336 [91f27009-ec66-4294-9321-b0739729fb6b@group-1FC4E3DC1381-FollowerState] INFO  impl.RoleInfo (RoleInfo.java:updateAndGet(130)) - 91f27009-ec66-4294-9321-b0739729fb6b: start 91f27009-ec66-4294-9321-b0739729fb6b@group-1FC4E3DC1381-LeaderElection55
2021-10-28 03:04:11,339 [91f27009-ec66-4294-9321-b0739729fb6b@group-1FC4E3DC1381-LeaderElection55] INFO  server.RaftServer$Division (ServerState.java:setLeader(285)) - 91f27009-ec66-4294-9321-b0739729fb6b@group-1FC4E3DC1381: change Leader from 7e7f778f-92a3-4c6a-870c-2544e6325884 to null at term 6 for ELECTION
2021-10-28 03:04:11,343 [91f27009-ec66-4294-9321-b0739729fb6b@group-1FC4E3DC1381-LeaderElection55] INFO  impl.LeaderElection (LeaderElection.java:askForVotes(306)) - 91f27009-ec66-4294-9321-b0739729fb6b@group-1FC4E3DC1381-LeaderElection55 ELECTION round 0: submit vote requests at term 7 for 0: [7e7f778f-92a3-4c6a-870c-2544e6325884|rpc:127.0.0.1:39339|dataStream:|priority:1, d262ff89-3d5e-4ab4-981f-dc8616a3cc4b|rpc:127.0.0.1:35379|dataStream:|priority:0, 91f27009-ec66-4294-9321-b0739729fb6b|rpc:127.0.0.1:38297|dataStream:|priority:0], old=null
2021-10-28 03:04:11,347 [91f27009-ec66-4294-9321-b0739729fb6b@group-1FC4E3DC1381-LeaderElection55] INFO  impl.LeaderElection (LogUtils.java:infoOrTrace(137)) - 91f27009-ec66-4294-9321-b0739729fb6b@group-1FC4E3DC1381-LeaderElection55 got exception when requesting votes: java.util.concurrent.ExecutionException: org.apache.ratis.thirdparty.io.grpc.StatusRuntimeException: UNAVAILABLE: io exception
2021-10-28 03:04:11,350 [91f27009-ec66-4294-9321-b0739729fb6b@group-1FC4E3DC1381-LeaderElection55] INFO  impl.LeaderElection (LogUtils.java:infoOrTrace(137)) - 91f27009-ec66-4294-9321-b0739729fb6b@group-1FC4E3DC1381-LeaderElection55 got exception when requesting votes: java.util.concurrent.ExecutionException: org.apache.ratis.thirdparty.io.grpc.StatusRuntimeException: UNAVAILABLE: io exception
2021-10-28 03:04:11,350 [91f27009-ec66-4294-9321-b0739729fb6b@group-1FC4E3DC1381-LeaderElection55] INFO  impl.LeaderElection (LeaderElection.java:logAndReturn(89)) - 91f27009-ec66-4294-9321-b0739729fb6b@group-1FC4E3DC1381-LeaderElection55: ELECTION REJECTED received 0 response(s) and 2 exception(s):
2021-10-28 03:04:11,350 [91f27009-ec66-4294-9321-b0739729fb6b@group-1FC4E3DC1381-LeaderElection55] INFO  impl.LeaderElection (LogUtils.java:infoOrTrace(137)) -   Exception 0: java.util.concurrent.ExecutionException: org.apache.ratis.thirdparty.io.grpc.StatusRuntimeException: UNAVAILABLE: io exception
2021-10-28 03:04:11,350 [91f27009-ec66-4294-9321-b0739729fb6b@group-1FC4E3DC1381-LeaderElection55] INFO  impl.LeaderElection (LogUtils.java:infoOrTrace(137)) -   Exception 1: java.util.concurrent.ExecutionException: org.apache.ratis.thirdparty.io.grpc.StatusRuntimeException: UNAVAILABLE: io exception
2021-10-28 03:04:11,350 [91f27009-ec66-4294-9321-b0739729fb6b@group-1FC4E3DC1381-LeaderElection55] INFO  impl.LeaderElection (LeaderElection.java:askForVotes(308)) - 91f27009-ec66-4294-9321-b0739729fb6b@group-1FC4E3DC1381-LeaderElection55 ELECTION round 0: result REJECTED
2021-10-28 03:04:11,350 [91f27009-ec66-4294-9321-b0739729fb6b@group-1FC4E3DC1381-LeaderElection55] INFO  server.RaftServer$Division (RaftServerImpl.java:setRole(290)) - 91f27009-ec66-4294-9321-b0739729fb6b@group-1FC4E3DC1381: changes role from CANDIDATE to FOLLOWER at term 7 for REJECTED
2021-10-28 03:04:11,350 [91f27009-ec66-4294-9321-b0739729fb6b@group-1FC4E3DC1381-LeaderElection55] INFO  impl.RoleInfo (RoleInfo.java:shutdownLeaderElection(121)) - 91f27009-ec66-4294-9321-b0739729fb6b: shutdown 91f27009-ec66-4294-9321-b0739729fb6b@group-1FC4E3DC1381-LeaderElection55
2021-10-28 03:04:11,350 [91f27009-ec66-4294-9321-b0739729fb6b@group-1FC4E3DC1381-LeaderElection55] INFO  impl.RoleInfo (RoleInfo.java:updateAndGet(130)) - 91f27009-ec66-4294-9321-b0739729fb6b: start 91f27009-ec66-4294-9321-b0739729fb6b@group-1FC4E3DC1381-FollowerState
2021-10-28 03:04:11,394 [EndpointStateMachine task thread for /127.0.0.1:13033 - 0 ] INFO  ipc.Client (Client.java:handleConnectionFailure(977)) - Retrying connect to server: localhost/127.0.0.1:13033. Already tried 12 time(s); retry policy is RetryUpToMaximumCountWithFixedSleep(maxRetries=15, sleepTime=1000 MILLISECONDS)
2021-10-28 03:04:11,419 [EndpointStateMachine task thread for /127.0.0.1:13043 - 0 ] INFO  ipc.Client (Client.java:handleConnectionFailure(977)) - Retrying connect to server: localhost/127.0.0.1:13043. Already tried 11 time(s); retry policy is RetryUpToMaximumCountWithFixedSleep(maxRetries=15, sleepTime=1000 MILLISECONDS)
2021-10-28 03:04:11,994 [EndpointStateMachine task thread for /127.0.0.1:12189 - 0 ] INFO  ipc.Client (Client.java:handleConnectionFailure(977)) - Retrying connect to server: localhost/127.0.0.1:12189. Already tried 7 time(s); retry policy is RetryUpToMaximumCountWithFixedSleep(maxRetries=15, sleepTime=1000 MILLISECONDS)
2021-10-28 03:04:12,026 [EndpointStateMachine task thread for /127.0.0.1:12199 - 0 ] INFO  ipc.Client (Client.java:handleConnectionFailure(977)) - Retrying connect to server: localhost/127.0.0.1:12199. Already tried 7 time(s); retry policy is RetryUpToMaximumCountWithFixedSleep(maxRetries=15, sleepTime=1000 MILLISECONDS)
2021-10-28 03:04:12,142 [EndpointStateMachine task thread for /127.0.0.1:13053 - 0 ] INFO  ipc.Client (Client.java:handleConnectionFailure(977)) - Retrying connect to server: localhost/127.0.0.1:13053. Already tried 12 time(s); retry policy is RetryUpToMaximumCountWithFixedSleep(maxRetries=15, sleepTime=1000 MILLISECONDS)
2021-10-28 03:04:12,259 [Listener at 127.0.0.1/11132] INFO  ozoneimpl.OzoneContainer (OzoneContainer.java:stop(325)) - Attempting to stop container services.
2021-10-28 03:04:12,263 [Listener at 127.0.0.1/11132] INFO  server.RaftServer (RaftServerProxy.java:lambda$close$6(391)) - 91f27009-ec66-4294-9321-b0739729fb6b: close
2021-10-28 03:04:12,271 [Listener at 127.0.0.1/11132] INFO  server.RaftServer$Division (RaftServerImpl.java:lambda$close$4(412)) - 91f27009-ec66-4294-9321-b0739729fb6b@group-A37BCEEDED0F: shutdown
2021-10-28 03:04:12,271 [Listener at 127.0.0.1/11132] INFO  util.JmxRegister (JmxRegister.java:unregister(73)) - Successfully un-registered JMX Bean with object name Ratis:service=RaftServer,group=group-A37BCEEDED0F,id=91f27009-ec66-4294-9321-b0739729fb6b
2021-10-28 03:04:12,271 [Listener at 127.0.0.1/11132] INFO  impl.RoleInfo (RoleInfo.java:shutdownFollowerState(108)) - 91f27009-ec66-4294-9321-b0739729fb6b: shutdown 91f27009-ec66-4294-9321-b0739729fb6b@group-A37BCEEDED0F-FollowerState
2021-10-28 03:04:12,271 [Listener at 127.0.0.1/11132] INFO  impl.StateMachineUpdater (StateMachineUpdater.java:stopAndJoin(149)) - 91f27009-ec66-4294-9321-b0739729fb6b@group-A37BCEEDED0F-StateMachineUpdater: set stopIndex = 0
2021-10-28 03:04:12,271 [91f27009-ec66-4294-9321-b0739729fb6b@group-A37BCEEDED0F-FollowerState] INFO  impl.FollowerState (FollowerState.java:run(143)) - 91f27009-ec66-4294-9321-b0739729fb6b@group-A37BCEEDED0F-FollowerState was interrupted: {}
java.lang.InterruptedException: sleep interrupted
	at java.lang.Thread.sleep(Native Method)
	at java.lang.Thread.sleep(Thread.java:340)
	at java.util.concurrent.TimeUnit.sleep(TimeUnit.java:386)
	at org.apache.ratis.util.TimeDuration.sleep(TimeDuration.java:324)
	at org.apache.ratis.util.TimeDuration.sleep(TimeDuration.java:309)
	at org.apache.ratis.server.impl.FollowerState.run(FollowerState.java:118)
2021-10-28 03:04:12,271 [91f27009-ec66-4294-9321-b0739729fb6b@group-A37BCEEDED0F-StateMachineUpdater] INFO  ratis.ContainerStateMachine (ContainerStateMachine.java:takeSnapshot(292)) - group-A37BCEEDED0F: Taking a snapshot at:(t:8, i:0) file /home/runner/work/ozone/ozone/hadoop-ozone/integration-test/target/test-dir/MiniOzoneClusterImpl-701359f1-d346-43a7-a18b-390751046f7b/datanode-2/data/ratis/84d7f2bd-39d5-42c1-b154-a37bceeded0f/sm/snapshot.8_0
2021-10-28 03:04:12,273 [91f27009-ec66-4294-9321-b0739729fb6b@group-A37BCEEDED0F-StateMachineUpdater] INFO  ratis.ContainerStateMachine (ContainerStateMachine.java:takeSnapshot(303)) - group-A37BCEEDED0F: Finished taking a snapshot at:(t:8, i:0) file:/home/runner/work/ozone/ozone/hadoop-ozone/integration-test/target/test-dir/MiniOzoneClusterImpl-701359f1-d346-43a7-a18b-390751046f7b/datanode-2/data/ratis/84d7f2bd-39d5-42c1-b154-a37bceeded0f/sm/snapshot.8_0 took: 1 ms
2021-10-28 03:04:12,273 [91f27009-ec66-4294-9321-b0739729fb6b@group-A37BCEEDED0F-StateMachineUpdater] INFO  impl.StateMachineUpdater (StateMachineUpdater.java:takeSnapshot(281)) - 91f27009-ec66-4294-9321-b0739729fb6b@group-A37BCEEDED0F-StateMachineUpdater: Took a snapshot at index 0
2021-10-28 03:04:12,273 [91f27009-ec66-4294-9321-b0739729fb6b@group-A37BCEEDED0F-StateMachineUpdater] INFO  impl.StateMachineUpdater (StateMachineUpdater.java:lambda$new$0(89)) - 91f27009-ec66-4294-9321-b0739729fb6b@group-A37BCEEDED0F-StateMachineUpdater: snapshotIndex: updateIncreasingly -1 -> 0
2021-10-28 03:04:12,273 [Listener at 127.0.0.1/11132] INFO  server.RaftServer$Division (ServerState.java:close(419)) - 91f27009-ec66-4294-9321-b0739729fb6b@group-A37BCEEDED0F: closes. applyIndex: 0
2021-10-28 03:04:12,274 [91f27009-ec66-4294-9321-b0739729fb6b@group-A37BCEEDED0F-SegmentedRaftLogWorker] INFO  segmented.SegmentedRaftLogWorker (SegmentedRaftLogWorker.java:run(327)) - 91f27009-ec66-4294-9321-b0739729fb6b@group-A37BCEEDED0F-SegmentedRaftLogWorker was interrupted, exiting. There are 0 tasks remaining in the queue.
2021-10-28 03:04:12,277 [Listener at 127.0.0.1/11132] INFO  segmented.SegmentedRaftLogWorker (SegmentedRaftLogWorker.java:close(237)) - 91f27009-ec66-4294-9321-b0739729fb6b@group-A37BCEEDED0F-SegmentedRaftLogWorker close()
2021-10-28 03:04:12,284 [Listener at 127.0.0.1/11132] INFO  server.RaftServer$Division (RaftServerImpl.java:lambda$close$4(412)) - 91f27009-ec66-4294-9321-b0739729fb6b@group-1FC4E3DC1381: shutdown
2021-10-28 03:04:12,285 [Listener at 127.0.0.1/11132] INFO  util.JmxRegister (JmxRegister.java:unregister(73)) - Successfully un-registered JMX Bean with object name Ratis:service=RaftServer,group=group-1FC4E3DC1381,id=91f27009-ec66-4294-9321-b0739729fb6b
2021-10-28 03:04:12,285 [Listener at 127.0.0.1/11132] INFO  impl.RoleInfo (RoleInfo.java:shutdownFollowerState(108)) - 91f27009-ec66-4294-9321-b0739729fb6b: shutdown 91f27009-ec66-4294-9321-b0739729fb6b@group-1FC4E3DC1381-FollowerState
2021-10-28 03:04:12,285 [91f27009-ec66-4294-9321-b0739729fb6b@group-1FC4E3DC1381-FollowerState] INFO  impl.FollowerState (FollowerState.java:run(143)) - 91f27009-ec66-4294-9321-b0739729fb6b@group-1FC4E3DC1381-FollowerState was interrupted: {}
java.lang.InterruptedException: sleep interrupted
	at java.lang.Thread.sleep(Native Method)
	at java.lang.Thread.sleep(Thread.java:340)
	at java.util.concurrent.TimeUnit.sleep(TimeUnit.java:386)
	at org.apache.ratis.util.TimeDuration.sleep(TimeDuration.java:324)
	at org.apache.ratis.util.TimeDuration.sleep(TimeDuration.java:309)
	at org.apache.ratis.server.impl.FollowerState.run(FollowerState.java:118)
2021-10-28 03:04:12,285 [91f27009-ec66-4294-9321-b0739729fb6b@group-1FC4E3DC1381-StateMachineUpdater] INFO  ratis.ContainerStateMachine (ContainerStateMachine.java:takeSnapshot(292)) - group-1FC4E3DC1381: Taking a snapshot at:(t:6, i:0) file /home/runner/work/ozone/ozone/hadoop-ozone/integration-test/target/test-dir/MiniOzoneClusterImpl-701359f1-d346-43a7-a18b-390751046f7b/datanode-2/data/ratis/7686bec2-d230-49c1-ba4b-1fc4e3dc1381/sm/snapshot.6_0
2021-10-28 03:04:12,285 [Listener at 127.0.0.1/11132] INFO  impl.StateMachineUpdater (StateMachineUpdater.java:stopAndJoin(149)) - 91f27009-ec66-4294-9321-b0739729fb6b@group-1FC4E3DC1381-StateMachineUpdater: set stopIndex = 0
2021-10-28 03:04:12,286 [91f27009-ec66-4294-9321-b0739729fb6b@group-1FC4E3DC1381-StateMachineUpdater] INFO  ratis.ContainerStateMachine (ContainerStateMachine.java:takeSnapshot(303)) - group-1FC4E3DC1381: Finished taking a snapshot at:(t:6, i:0) file:/home/runner/work/ozone/ozone/hadoop-ozone/integration-test/target/test-dir/MiniOzoneClusterImpl-701359f1-d346-43a7-a18b-390751046f7b/datanode-2/data/ratis/7686bec2-d230-49c1-ba4b-1fc4e3dc1381/sm/snapshot.6_0 took: 0 ms
2021-10-28 03:04:12,286 [91f27009-ec66-4294-9321-b0739729fb6b@group-1FC4E3DC1381-StateMachineUpdater] INFO  impl.StateMachineUpdater (StateMachineUpdater.java:takeSnapshot(281)) - 91f27009-ec66-4294-9321-b0739729fb6b@group-1FC4E3DC1381-StateMachineUpdater: Took a snapshot at index 0
2021-10-28 03:04:12,286 [91f27009-ec66-4294-9321-b0739729fb6b@group-1FC4E3DC1381-StateMachineUpdater] INFO  impl.StateMachineUpdater (StateMachineUpdater.java:lambda$new$0(89)) - 91f27009-ec66-4294-9321-b0739729fb6b@group-1FC4E3DC1381-StateMachineUpdater: snapshotIndex: updateIncreasingly -1 -> 0
2021-10-28 03:04:12,287 [Listener at 127.0.0.1/11132] INFO  server.RaftServer$Division (ServerState.java:close(419)) - 91f27009-ec66-4294-9321-b0739729fb6b@group-1FC4E3DC1381: closes. applyIndex: 0
2021-10-28 03:04:12,287 [91f27009-ec66-4294-9321-b0739729fb6b@group-1FC4E3DC1381-SegmentedRaftLogWorker] INFO  segmented.SegmentedRaftLogWorker (SegmentedRaftLogWorker.java:run(327)) - 91f27009-ec66-4294-9321-b0739729fb6b@group-1FC4E3DC1381-SegmentedRaftLogWorker was interrupted, exiting. There are 0 tasks remaining in the queue.
2021-10-28 03:04:12,293 [Listener at 127.0.0.1/11132] INFO  segmented.SegmentedRaftLogWorker (SegmentedRaftLogWorker.java:close(237)) - 91f27009-ec66-4294-9321-b0739729fb6b@group-1FC4E3DC1381-SegmentedRaftLogWorker close()
2021-10-28 03:04:12,295 [Listener at 127.0.0.1/11132] INFO  server.GrpcService (GrpcService.java:closeImpl(262)) - 91f27009-ec66-4294-9321-b0739729fb6b: shutdown server with port 38297 now
2021-10-28 03:04:12,299 [Listener at 127.0.0.1/11132] INFO  server.GrpcService (GrpcService.java:closeImpl(271)) - 91f27009-ec66-4294-9321-b0739729fb6b: shutdown server with port 38297 successfully
2021-10-28 03:04:12,301 [org.apache.ratis.util.JvmPauseMonitor$$Lambda$499/17331878@70ac80bd] INFO  util.JvmPauseMonitor (JvmPauseMonitor.java:run(109)) - JvmPauseMonitor-91f27009-ec66-4294-9321-b0739729fb6b: Stopped
2021-10-28 03:04:12,301 [Listener at 127.0.0.1/11132] INFO  utils.BackgroundService (BackgroundService.java:shutdown(132)) - Shutting down service BlockDeletingService
2021-10-28 03:04:12,394 [EndpointStateMachine task thread for /127.0.0.1:13033 - 0 ] INFO  ipc.Client (Client.java:handleConnectionFailure(977)) - Retrying connect to server: localhost/127.0.0.1:13033. Already tried 13 time(s); retry policy is RetryUpToMaximumCountWithFixedSleep(maxRetries=15, sleepTime=1000 MILLISECONDS)
2021-10-28 03:04:12,420 [EndpointStateMachine task thread for /127.0.0.1:13043 - 0 ] INFO  ipc.Client (Client.java:handleConnectionFailure(977)) - Retrying connect to server: localhost/127.0.0.1:13043. Already tried 12 time(s); retry policy is RetryUpToMaximumCountWithFixedSleep(maxRetries=15, sleepTime=1000 MILLISECONDS)
2021-10-28 03:04:12,995 [EndpointStateMachine task thread for /127.0.0.1:12189 - 0 ] INFO  ipc.Client (Client.java:handleConnectionFailure(977)) - Retrying connect to server: localhost/127.0.0.1:12189. Already tried 8 time(s); retry policy is RetryUpToMaximumCountWithFixedSleep(maxRetries=15, sleepTime=1000 MILLISECONDS)
2021-10-28 03:04:13,026 [EndpointStateMachine task thread for /127.0.0.1:12199 - 0 ] INFO  ipc.Client (Client.java:handleConnectionFailure(977)) - Retrying connect to server: localhost/127.0.0.1:12199. Already tried 8 time(s); retry policy is RetryUpToMaximumCountWithFixedSleep(maxRetries=15, sleepTime=1000 MILLISECONDS)
2021-10-28 03:04:13,142 [EndpointStateMachine task thread for /127.0.0.1:13053 - 0 ] INFO  ipc.Client (Client.java:handleConnectionFailure(977)) - Retrying connect to server: localhost/127.0.0.1:13053. Already tried 13 time(s); retry policy is RetryUpToMaximumCountWithFixedSleep(maxRetries=15, sleepTime=1000 MILLISECONDS)
2021-10-28 03:04:13,395 [EndpointStateMachine task thread for /127.0.0.1:13033 - 0 ] INFO  ipc.Client (Client.java:handleConnectionFailure(977)) - Retrying connect to server: localhost/127.0.0.1:13033. Already tried 14 time(s); retry policy is RetryUpToMaximumCountWithFixedSleep(maxRetries=15, sleepTime=1000 MILLISECONDS)
2021-10-28 03:04:13,396 [EndpointStateMachine task thread for /127.0.0.1:13033 - 0 ] WARN  statemachine.EndpointStateMachine (EndpointStateMachine.java:logIfNeeded(236)) - Unable to communicate to SCM server at localhost:13033 for past 0 seconds.
java.net.ConnectException: Call From fv-az184-410/10.1.0.63 to localhost:13033 failed on connection exception: java.net.ConnectException: Connection refused; For more details see:  http://wiki.apache.org/hadoop/ConnectionRefused
	at sun.reflect.GeneratedConstructorAccessor44.newInstance(Unknown Source)
	at sun.reflect.DelegatingConstructorAccessorImpl.newInstance(DelegatingConstructorAccessorImpl.java:45)
	at java.lang.reflect.Constructor.newInstance(Constructor.java:423)
	at org.apache.hadoop.net.NetUtils.wrapWithMessage(NetUtils.java:913)
	at org.apache.hadoop.net.NetUtils.wrapException(NetUtils.java:828)
	at org.apache.hadoop.ipc.Client.getRpcResponse(Client.java:1577)
	at org.apache.hadoop.ipc.Client.call(Client.java:1519)
	at org.apache.hadoop.ipc.Client.call(Client.java:1416)
	at org.apache.hadoop.ipc.ProtobufRpcEngine$Invoker.invoke(ProtobufRpcEngine.java:236)
	at org.apache.hadoop.ipc.ProtobufRpcEngine$Invoker.invoke(ProtobufRpcEngine.java:123)
	at com.sun.proxy.$Proxy48.submitRequest(Unknown Source)
	at org.apache.hadoop.ozone.protocolPB.StorageContainerDatanodeProtocolClientSideTranslatorPB.submitRequest(StorageContainerDatanodeProtocolClientSideTranslatorPB.java:117)
	at org.apache.hadoop.ozone.protocolPB.StorageContainerDatanodeProtocolClientSideTranslatorPB.sendHeartbeat(StorageContainerDatanodeProtocolClientSideTranslatorPB.java:149)
	at org.apache.hadoop.ozone.container.common.states.endpoint.HeartbeatEndpointTask.call(HeartbeatEndpointTask.java:179)
	at org.apache.hadoop.ozone.container.common.states.endpoint.HeartbeatEndpointTask.call(HeartbeatEndpointTask.java:82)
	at java.util.concurrent.FutureTask.run(FutureTask.java:266)
	at java.util.concurrent.ThreadPoolExecutor.runWorker(ThreadPoolExecutor.java:1149)
	at java.util.concurrent.ThreadPoolExecutor$Worker.run(ThreadPoolExecutor.java:624)
	at java.lang.Thread.run(Thread.java:748)
Caused by: java.net.ConnectException: Connection refused
	at sun.nio.ch.SocketChannelImpl.checkConnect(Native Method)
	at sun.nio.ch.SocketChannelImpl.finishConnect(SocketChannelImpl.java:716)
	at org.apache.hadoop.net.SocketIOWithTimeout.connect(SocketIOWithTimeout.java:206)
	at org.apache.hadoop.net.NetUtils.connect(NetUtils.java:586)
	at org.apache.hadoop.ipc.Client$Connection.setupConnection(Client.java:701)
	at org.apache.hadoop.ipc.Client$Connection.setupIOstreams(Client.java:822)
	at org.apache.hadoop.ipc.Client$Connection.access$3800(Client.java:414)
	at org.apache.hadoop.ipc.Client.getConnection(Client.java:1647)
	at org.apache.hadoop.ipc.Client.call(Client.java:1463)
	... 12 more
2021-10-28 03:04:13,420 [EndpointStateMachine task thread for /127.0.0.1:13043 - 0 ] INFO  ipc.Client (Client.java:handleConnectionFailure(977)) - Retrying connect to server: localhost/127.0.0.1:13043. Already tried 13 time(s); retry policy is RetryUpToMaximumCountWithFixedSleep(maxRetries=15, sleepTime=1000 MILLISECONDS)
2021-10-28 03:04:13,995 [EndpointStateMachine task thread for /127.0.0.1:12189 - 0 ] INFO  ipc.Client (Client.java:handleConnectionFailure(977)) - Retrying connect to server: localhost/127.0.0.1:12189. Already tried 9 time(s); retry policy is RetryUpToMaximumCountWithFixedSleep(maxRetries=15, sleepTime=1000 MILLISECONDS)
2021-10-28 03:04:14,027 [EndpointStateMachine task thread for /127.0.0.1:12199 - 0 ] INFO  ipc.Client (Client.java:handleConnectionFailure(977)) - Retrying connect to server: localhost/127.0.0.1:12199. Already tried 9 time(s); retry policy is RetryUpToMaximumCountWithFixedSleep(maxRetries=15, sleepTime=1000 MILLISECONDS)
2021-10-28 03:04:14,143 [EndpointStateMachine task thread for /127.0.0.1:13053 - 0 ] INFO  ipc.Client (Client.java:handleConnectionFailure(977)) - Retrying connect to server: localhost/127.0.0.1:13053. Already tried 14 time(s); retry policy is RetryUpToMaximumCountWithFixedSleep(maxRetries=15, sleepTime=1000 MILLISECONDS)
2021-10-28 03:04:14,396 [EndpointStateMachine task thread for /127.0.0.1:13033 - 0 ] INFO  ipc.Client (Client.java:handleConnectionFailure(977)) - Retrying connect to server: localhost/127.0.0.1:13033. Already tried 0 time(s); retry policy is RetryUpToMaximumCountWithFixedSleep(maxRetries=15, sleepTime=1000 MILLISECONDS)
2021-10-28 03:04:14,421 [EndpointStateMachine task thread for /127.0.0.1:13043 - 0 ] INFO  ipc.Client (Client.java:handleConnectionFailure(977)) - Retrying connect to server: localhost/127.0.0.1:13043. Already tried 14 time(s); retry policy is RetryUpToMaximumCountWithFixedSleep(maxRetries=15, sleepTime=1000 MILLISECONDS)
2021-10-28 03:04:14,421 [EndpointStateMachine task thread for /127.0.0.1:13043 - 0 ] WARN  statemachine.EndpointStateMachine (EndpointStateMachine.java:logIfNeeded(236)) - Unable to communicate to SCM server at localhost:13043 for past 0 seconds.
java.net.ConnectException: Call From fv-az184-410/10.1.0.63 to localhost:13043 failed on connection exception: java.net.ConnectException: Connection refused; For more details see:  http://wiki.apache.org/hadoop/ConnectionRefused
	at sun.reflect.GeneratedConstructorAccessor44.newInstance(Unknown Source)
	at sun.reflect.DelegatingConstructorAccessorImpl.newInstance(DelegatingConstructorAccessorImpl.java:45)
	at java.lang.reflect.Constructor.newInstance(Constructor.java:423)
	at org.apache.hadoop.net.NetUtils.wrapWithMessage(NetUtils.java:913)
	at org.apache.hadoop.net.NetUtils.wrapException(NetUtils.java:828)
	at org.apache.hadoop.ipc.Client.getRpcResponse(Client.java:1577)
	at org.apache.hadoop.ipc.Client.call(Client.java:1519)
	at org.apache.hadoop.ipc.Client.call(Client.java:1416)
	at org.apache.hadoop.ipc.ProtobufRpcEngine$Invoker.invoke(ProtobufRpcEngine.java:236)
	at org.apache.hadoop.ipc.ProtobufRpcEngine$Invoker.invoke(ProtobufRpcEngine.java:123)
	at com.sun.proxy.$Proxy48.submitRequest(Unknown Source)
	at org.apache.hadoop.ozone.protocolPB.StorageContainerDatanodeProtocolClientSideTranslatorPB.submitRequest(StorageContainerDatanodeProtocolClientSideTranslatorPB.java:117)
	at org.apache.hadoop.ozone.protocolPB.StorageContainerDatanodeProtocolClientSideTranslatorPB.sendHeartbeat(StorageContainerDatanodeProtocolClientSideTranslatorPB.java:149)
	at org.apache.hadoop.ozone.container.common.states.endpoint.HeartbeatEndpointTask.call(HeartbeatEndpointTask.java:179)
	at org.apache.hadoop.ozone.container.common.states.endpoint.HeartbeatEndpointTask.call(HeartbeatEndpointTask.java:82)
	at java.util.concurrent.FutureTask.run(FutureTask.java:266)
	at java.util.concurrent.ThreadPoolExecutor.runWorker(ThreadPoolExecutor.java:1149)
	at java.util.concurrent.ThreadPoolExecutor$Worker.run(ThreadPoolExecutor.java:624)
	at java.lang.Thread.run(Thread.java:748)
Caused by: java.net.ConnectException: Connection refused
	at sun.nio.ch.SocketChannelImpl.checkConnect(Native Method)
	at sun.nio.ch.SocketChannelImpl.finishConnect(SocketChannelImpl.java:716)
	at org.apache.hadoop.net.SocketIOWithTimeout.connect(SocketIOWithTimeout.java:206)
	at org.apache.hadoop.net.NetUtils.connect(NetUtils.java:586)
	at org.apache.hadoop.ipc.Client$Connection.setupConnection(Client.java:701)
	at org.apache.hadoop.ipc.Client$Connection.setupIOstreams(Client.java:822)
	at org.apache.hadoop.ipc.Client$Connection.access$3800(Client.java:414)
	at org.apache.hadoop.ipc.Client.getConnection(Client.java:1647)
	at org.apache.hadoop.ipc.Client.call(Client.java:1463)
	... 12 more
2021-10-28 03:04:14,996 [EndpointStateMachine task thread for /127.0.0.1:12189 - 0 ] INFO  ipc.Client (Client.java:handleConnectionFailure(977)) - Retrying connect to server: localhost/127.0.0.1:12189. Already tried 10 time(s); retry policy is RetryUpToMaximumCountWithFixedSleep(maxRetries=15, sleepTime=1000 MILLISECONDS)
2021-10-28 03:04:15,027 [EndpointStateMachine task thread for /127.0.0.1:12199 - 0 ] INFO  ipc.Client (Client.java:handleConnectionFailure(977)) - Retrying connect to server: localhost/127.0.0.1:12199. Already tried 10 time(s); retry policy is RetryUpToMaximumCountWithFixedSleep(maxRetries=15, sleepTime=1000 MILLISECONDS)
2021-10-28 03:04:15,144 [EndpointStateMachine task thread for /127.0.0.1:13053 - 0 ] INFO  ipc.Client (Client.java:handleConnectionFailure(977)) - Retrying connect to server: localhost/127.0.0.1:13053. Already tried 0 time(s); retry policy is RetryUpToMaximumCountWithFixedSleep(maxRetries=15, sleepTime=1000 MILLISECONDS)
2021-10-28 03:04:15,304 [Listener at 127.0.0.1/11132] INFO  statemachine.DatanodeStateMachine (DatanodeStateMachine.java:stopDaemon(526)) - Ozone container server stopped.
2021-10-28 03:04:15,305 [Listener at 127.0.0.1/11132] INFO  handler.ContextHandler (ContextHandler.java:doStop(1153)) - Stopped o.e.j.w.WebAppContext@7589fc89{hddsDatanode,/,null,STOPPED}{jar:file:/home/runner/.m2/repository/org/apache/ozone/hdds-container-service/1.2.0-SNAPSHOT/hdds-container-service-1.2.0-SNAPSHOT.jar!/webapps/hddsDatanode}
2021-10-28 03:04:15,305 [Listener at 127.0.0.1/11132] INFO  server.AbstractConnector (AbstractConnector.java:doStop(381)) - Stopped ServerConnector@18b1c737{HTTP/1.1, (http/1.1)}{0.0.0.0:0}
2021-10-28 03:04:15,306 [Listener at 127.0.0.1/11132] INFO  server.session (HouseKeeper.java:stopScavenging(149)) - node0 Stopped scavenging
2021-10-28 03:04:15,306 [Listener at 127.0.0.1/11132] INFO  handler.ContextHandler (ContextHandler.java:doStop(1153)) - Stopped o.e.j.s.ServletContextHandler@aa2df13{static,/static,jar:file:/home/runner/.m2/repository/org/apache/ozone/hdds-container-service/1.2.0-SNAPSHOT/hdds-container-service-1.2.0-SNAPSHOT.jar!/webapps/static,STOPPED}
2021-10-28 03:04:15,306 [Listener at 127.0.0.1/11132] INFO  handler.ContextHandler (ContextHandler.java:doStop(1153)) - Stopped o.e.j.s.ServletContextHandler@5cde2f06{logs,/logs,file:///home/runner/work/ozone/ozone/hadoop-ozone/integration-test/target/log,STOPPED}
2021-10-28 03:04:15,396 [EndpointStateMachine task thread for /127.0.0.1:13033 - 0 ] INFO  ipc.Client (Client.java:handleConnectionFailure(977)) - Retrying connect to server: localhost/127.0.0.1:13033. Already tried 1 time(s); retry policy is RetryUpToMaximumCountWithFixedSleep(maxRetries=15, sleepTime=1000 MILLISECONDS)
2021-10-28 03:04:15,422 [EndpointStateMachine task thread for /127.0.0.1:13043 - 0 ] INFO  ipc.Client (Client.java:handleConnectionFailure(977)) - Retrying connect to server: localhost/127.0.0.1:13043. Already tried 0 time(s); retry policy is RetryUpToMaximumCountWithFixedSleep(maxRetries=15, sleepTime=1000 MILLISECONDS)
]]></system-out>
  </testcase>
</testsuite>