<?xml version="1.0" encoding="UTF-8"?>
<testsuite xmlns:xsi="http://www.w3.org/2001/XMLSchema-instance" xsi:noNamespaceSchemaLocation="https://maven.apache.org/surefire/maven-surefire-plugin/xsd/surefire-test-report-3.0.xsd" version="3.0" name="org.apache.hadoop.ozone.shell.TestOzoneTenantShell" time="15.174" tests="6" errors="1" skipped="0" failures="3">
  <properties>
    <property name="java.specification.version" value="17"/>
    <property name="log4j.configurationFile" value="auditlog.properties"/>
    <property name="sun.jnu.encoding" value="UTF-8"/>
    <property name="java.class.path" value="/home/runner/work/ozone/ozone/hadoop-ozone/integration-test/target/test-classes:/home/runner/work/ozone/ozone/hadoop-ozone/integration-test/target/classes:/home/runner/work/ozone/ozone/hadoop-ozone/common/target/ozone-common-1.5.0-SNAPSHOT.jar:/home/runner/.m2/repository/io/grpc/grpc-netty/1.58.0/grpc-netty-1.58.0.jar:/home/runner/.m2/repository/io/grpc/grpc-core/1.58.0/grpc-core-1.58.0.jar:/home/runner/.m2/repository/com/google/android/annotations/4.1.1.4/annotations-4.1.1.4.jar:/home/runner/.m2/repository/org/codehaus/mojo/animal-sniffer-annotations/1.23/animal-sniffer-annotations-1.23.jar:/home/runner/.m2/repository/io/grpc/grpc-context/1.58.0/grpc-context-1.58.0.jar:/home/runner/.m2/repository/io/grpc/grpc-util/1.58.0/grpc-util-1.58.0.jar:/home/runner/.m2/repository/com/google/errorprone/error_prone_annotations/2.28.0/error_prone_annotations-2.28.0.jar:/home/runner/.m2/repository/io/perfmark/perfmark-api/0.26.0/perfmark-api-0.26.0.jar:/home/runner/.m2/repository/io/netty/netty-codec-http2/4.1.109.Final/netty-codec-http2-4.1.109.Final.jar:/home/runner/.m2/repository/io/netty/netty-common/4.1.109.Final/netty-common-4.1.109.Final.jar:/home/runner/.m2/repository/io/netty/netty-buffer/4.1.109.Final/netty-buffer-4.1.109.Final.jar:/home/runner/.m2/repository/io/netty/netty-codec-http/4.1.109.Final/netty-codec-http-4.1.109.Final.jar:/home/runner/.m2/repository/io/netty/netty-handler-proxy/4.1.109.Final/netty-handler-proxy-4.1.109.Final.jar:/home/runner/.m2/repository/io/netty/netty-codec-socks/4.1.109.Final/netty-codec-socks-4.1.109.Final.jar:/home/runner/.m2/repository/io/netty/netty-tcnative-boringssl-static/2.0.65.Final/netty-tcnative-boringssl-static-2.0.65.Final.jar:/home/runner/.m2/repository/io/netty/netty-tcnative-classes/2.0.65.Final/netty-tcnative-classes-2.0.65.Final.jar:/home/runner/.m2/repository/io/netty/netty-tcnative-boringssl-static/2.0.65.Final/netty-tcnative-boringssl-static-2.0.65.Final-linux-x86_64.jar:/home/runner/.m2/repository/io/netty/netty-tcnative-boringssl-static/2.0.65.Final/netty-tcnative-boringssl-static-2.0.65.Final-linux-aarch_64.jar:/home/runner/.m2/repository/io/netty/netty-tcnative-boringssl-static/2.0.65.Final/netty-tcnative-boringssl-static-2.0.65.Final-osx-x86_64.jar:/home/runner/.m2/repository/io/netty/netty-tcnative-boringssl-static/2.0.65.Final/netty-tcnative-boringssl-static-2.0.65.Final-osx-aarch_64.jar:/home/runner/.m2/repository/io/netty/netty-tcnative-boringssl-static/2.0.65.Final/netty-tcnative-boringssl-static-2.0.65.Final-windows-x86_64.jar:/home/runner/.m2/repository/org/apache/commons/commons-compress/1.26.0/commons-compress-1.26.0.jar:/home/runner/work/ozone/ozone/hadoop-hdds/common/target/hdds-common-1.5.0-SNAPSHOT.jar:/home/runner/work/ozone/ozone/hadoop-hdds/client/target/hdds-client-1.5.0-SNAPSHOT.jar:/home/runner/work/ozone/ozone/hadoop-ozone/interface-client/target/ozone-interface-client-1.5.0-SNAPSHOT.jar:/home/runner/.m2/repository/org/apache/hadoop/hadoop-hdfs-client/3.3.6/hadoop-hdfs-client-3.3.6.jar:/home/runner/.m2/repository/com/squareup/okhttp3/okhttp/4.12.0/okhttp-4.12.0.jar:/home/runner/.m2/repository/com/squareup/okio/okio/3.6.0/okio-3.6.0.jar:/home/runner/.m2/repository/com/squareup/okio/okio-jvm/3.6.0/okio-jvm-3.6.0.jar:/home/runner/.m2/repository/org/jetbrains/kotlin/kotlin-stdlib-jdk8/1.9.24/kotlin-stdlib-jdk8-1.9.24.jar:/home/runner/.m2/repository/org/jetbrains/kotlin/kotlin-stdlib-jdk7/1.9.24/kotlin-stdlib-jdk7-1.9.24.jar:/home/runner/.m2/repository/org/jetbrains/kotlin/kotlin-stdlib-common/1.9.24/kotlin-stdlib-common-1.9.24.jar:/home/runner/.m2/repository/com/github/stephenc/jcip/jcip-annotations/1.0-1/jcip-annotations-1.0-1.jar:/home/runner/work/ozone/ozone/hadoop-hdds/test-utils/target/hdds-test-utils-1.5.0-SNAPSHOT.jar:/home/runner/.m2/repository/org/assertj/assertj-core/3.26.3/assertj-core-3.26.3.jar:/home/runner/.m2/repository/net/bytebuddy/byte-buddy/1.14.18/byte-buddy-1.14.18.jar:/home/runner/.m2/repository/com/google/guava/guava/32.1.3-jre/guava-32.1.3-jre.jar:/home/runner/.m2/repository/com/google/guava/failureaccess/1.0.1/failureaccess-1.0.1.jar:/home/runner/.m2/repository/com/google/guava/listenablefuture/9999.0-empty-to-avoid-conflict-with-guava/listenablefuture-9999.0-empty-to-avoid-conflict-with-guava.jar:/home/runner/.m2/repository/org/checkerframework/checker-qual/3.37.0/checker-qual-3.37.0.jar:/home/runner/.m2/repository/com/google/j2objc/j2objc-annotations/2.8/j2objc-annotations-2.8.jar:/home/runner/.m2/repository/commons-io/commons-io/2.16.1/commons-io-2.16.1.jar:/home/runner/.m2/repository/commons-logging/commons-logging/1.2/commons-logging-1.2.jar:/home/runner/.m2/repository/org/junit/jupiter/junit-jupiter-api/5.10.3/junit-jupiter-api-5.10.3.jar:/home/runner/.m2/repository/org/opentest4j/opentest4j/1.3.0/opentest4j-1.3.0.jar:/home/runner/.m2/repository/org/junit/platform/junit-platform-commons/1.10.3/junit-platform-commons-1.10.3.jar:/home/runner/.m2/repository/ch/qos/reload4j/reload4j/1.2.25/reload4j-1.2.25.jar:/home/runner/.m2/repository/jakarta/annotation/jakarta.annotation-api/2.1.1/jakarta.annotation-api-2.1.1.jar:/home/runner/.m2/repository/org/slf4j/slf4j-api/2.0.13/slf4j-api-2.0.13.jar:/home/runner/.m2/repository/org/apache/logging/log4j/log4j-api/2.23.1/log4j-api-2.23.1.jar:/home/runner/work/ozone/ozone/hadoop-hdds/server-scm/target/hdds-server-scm-1.5.0-SNAPSHOT.jar:/home/runner/.m2/repository/com/google/protobuf/protobuf-java/2.5.0/protobuf-java-2.5.0.jar:/home/runner/work/ozone/ozone/hadoop-hdds/container-service/target/hdds-container-service-1.5.0-SNAPSHOT.jar:/home/runner/work/ozone/ozone/hadoop-hdds/hadoop-dependency-server/target/hdds-hadoop-dependency-server-1.5.0-SNAPSHOT.jar:/home/runner/.m2/repository/com/nimbusds/nimbus-jose-jwt/9.40/nimbus-jose-jwt-9.40.jar:/home/runner/.m2/repository/org/apache/hadoop/hadoop-hdfs/3.3.6/hadoop-hdfs-3.3.6.jar:/home/runner/.m2/repository/commons-daemon/commons-daemon/1.4.0/commons-daemon-1.4.0.jar:/home/runner/.m2/repository/org/apache/kerby/kerb-core/1.0.1/kerb-core-1.0.1.jar:/home/runner/.m2/repository/org/apache/kerby/kerby-pkix/1.0.1/kerby-pkix-1.0.1.jar:/home/runner/.m2/repository/org/apache/kerby/kerby-asn1/1.0.1/kerby-asn1-1.0.1.jar:/home/runner/.m2/repository/org/apache/kerby/kerby-util/1.0.1/kerby-util-1.0.1.jar:/home/runner/.m2/repository/org/apache/kerby/kerb-util/1.0.1/kerb-util-1.0.1.jar:/home/runner/.m2/repository/org/apache/kerby/kerby-config/1.0.1/kerby-config-1.0.1.jar:/home/runner/.m2/repository/org/apache/kerby/kerb-crypto/1.0.1/kerb-crypto-1.0.1.jar:/home/runner/.m2/repository/org/xerial/snappy/snappy-java/1.1.10.5/snappy-java-1.1.10.5.jar:/home/runner/work/ozone/ozone/hadoop-hdds/framework/target/hdds-server-framework-1.5.0-SNAPSHOT.jar:/home/runner/.m2/repository/org/bouncycastle/bcprov-jdk18on/1.78.1/bcprov-jdk18on-1.78.1.jar:/home/runner/.m2/repository/io/dropwizard/metrics/metrics-core/3.2.6/metrics-core-3.2.6.jar:/home/runner/.m2/repository/org/apache/commons/commons-text/1.12.0/commons-text-1.12.0.jar:/home/runner/work/ozone/ozone/hadoop-hdds/framework/target/hdds-server-framework-1.5.0-SNAPSHOT-tests.jar:/home/runner/work/ozone/ozone/hadoop-hdds/interface-server/target/hdds-interface-server-1.5.0-SNAPSHOT.jar:/home/runner/work/ozone/ozone/hadoop-hdds/interface-admin/target/hdds-interface-admin-1.5.0-SNAPSHOT.jar:/home/runner/work/ozone/ozone/hadoop-hdds/managed-rocksdb/target/hdds-managed-rocksdb-1.5.0-SNAPSHOT.jar:/home/runner/.m2/repository/org/rocksdb/rocksdbjni/7.7.3/rocksdbjni-7.7.3.jar:/home/runner/.m2/repository/org/slf4j/slf4j-reload4j/2.0.13/slf4j-reload4j-2.0.13.jar:/home/runner/.m2/repository/org/apache/commons/commons-configuration2/2.10.1/commons-configuration2-2.10.1.jar:/home/runner/.m2/repository/commons-fileupload/commons-fileupload/1.5/commons-fileupload-1.5.jar:/home/runner/.m2/repository/org/apache/logging/log4j/log4j-core/2.23.1/log4j-core-2.23.1.jar:/home/runner/.m2/repository/com/lmax/disruptor/3.4.4/disruptor-3.4.4.jar:/home/runner/.m2/repository/org/eclipse/jetty/jetty-util/9.4.55.v20240627/jetty-util-9.4.55.v20240627.jar:/home/runner/.m2/repository/org/eclipse/jetty/jetty-server/9.4.55.v20240627/jetty-server-9.4.55.v20240627.jar:/home/runner/.m2/repository/org/eclipse/jetty/jetty-http/9.4.55.v20240627/jetty-http-9.4.55.v20240627.jar:/home/runner/.m2/repository/org/eclipse/jetty/jetty-io/9.4.55.v20240627/jetty-io-9.4.55.v20240627.jar:/home/runner/.m2/repository/org/eclipse/jetty/jetty-servlet/9.4.55.v20240627/jetty-servlet-9.4.55.v20240627.jar:/home/runner/.m2/repository/org/eclipse/jetty/jetty-security/9.4.55.v20240627/jetty-security-9.4.55.v20240627.jar:/home/runner/.m2/repository/org/eclipse/jetty/jetty-util-ajax/9.4.55.v20240627/jetty-util-ajax-9.4.55.v20240627.jar:/home/runner/.m2/repository/org/eclipse/jetty/jetty-webapp/9.4.55.v20240627/jetty-webapp-9.4.55.v20240627.jar:/home/runner/.m2/repository/org/eclipse/jetty/jetty-xml/9.4.55.v20240627/jetty-xml-9.4.55.v20240627.jar:/home/runner/.m2/repository/org/glassfish/jersey/containers/jersey-container-servlet-core/2.43/jersey-container-servlet-core-2.43.jar:/home/runner/.m2/repository/org/glassfish/hk2/external/jakarta.inject/2.6.1/jakarta.inject-2.6.1.jar:/home/runner/.m2/repository/org/glassfish/jersey/core/jersey-common/2.43/jersey-common-2.43.jar:/home/runner/.m2/repository/jakarta/ws/rs/jakarta.ws.rs-api/2.1.6/jakarta.ws.rs-api-2.1.6.jar:/home/runner/.m2/repository/org/apache/ratis/ratis-server/3.1.0/ratis-server-3.1.0.jar:/home/runner/.m2/repository/org/apache/ratis/ratis-thirdparty-misc/1.0.6/ratis-thirdparty-misc-1.0.6.jar:/home/runner/.m2/repository/org/apache/ratis/ratis-proto/3.1.0/ratis-proto-3.1.0.jar:/home/runner/.m2/repository/org/apache/ratis/ratis-common/3.1.0/ratis-common-3.1.0.jar:/home/runner/.m2/repository/org/apache/ratis/ratis-client/3.1.0/ratis-client-3.1.0.jar:/home/runner/.m2/repository/org/apache/ratis/ratis-metrics-api/3.1.0/ratis-metrics-api-3.1.0.jar:/home/runner/.m2/repository/org/apache/ratis/ratis-metrics-dropwizard3/3.1.0/ratis-metrics-dropwizard3-3.1.0.jar:/home/runner/.m2/repository/io/prometheus/simpleclient_dropwizard/0.16.0/simpleclient_dropwizard-0.16.0.jar:/home/runner/.m2/repository/io/prometheus/simpleclient/0.16.0/simpleclient-0.16.0.jar:/home/runner/.m2/repository/io/prometheus/simpleclient_common/0.16.0/simpleclient_common-0.16.0.jar:/home/runner/.m2/repository/com/fasterxml/jackson/datatype/jackson-datatype-jsr310/2.16.2/jackson-datatype-jsr310-2.16.2.jar:/home/runner/.m2/repository/com/fasterxml/jackson/core/jackson-core/2.16.2/jackson-core-2.16.2.jar:/home/runner/.m2/repository/com/github/jnr/jnr-posix/3.1.19/jnr-posix-3.1.19.jar:/home/runner/.m2/repository/com/github/jnr/jnr-ffi/2.2.16/jnr-ffi-2.2.16.jar:/home/runner/.m2/repository/com/github/jnr/jffi/1.3.13/jffi-1.3.13.jar:/home/runner/.m2/repository/com/github/jnr/jffi/1.3.13/jffi-1.3.13-native.jar:/home/runner/.m2/repository/org/ow2/asm/asm/9.2/asm-9.2.jar:/home/runner/.m2/repository/org/ow2/asm/asm-commons/9.2/asm-commons-9.2.jar:/home/runner/.m2/repository/org/ow2/asm/asm-analysis/9.2/asm-analysis-9.2.jar:/home/runner/.m2/repository/org/ow2/asm/asm-tree/9.2/asm-tree-9.2.jar:/home/runner/.m2/repository/org/ow2/asm/asm-util/9.2/asm-util-9.2.jar:/home/runner/.m2/repository/com/github/jnr/jnr-a64asm/1.0.0/jnr-a64asm-1.0.0.jar:/home/runner/.m2/repository/com/github/jnr/jnr-x86asm/1.0.2/jnr-x86asm-1.0.2.jar:/home/runner/.m2/repository/com/github/jnr/jnr-constants/0.10.4/jnr-constants-0.10.4.jar:/home/runner/work/ozone/ozone/hadoop-hdds/rocksdb-checkpoint-differ/target/rocksdb-checkpoint-differ-1.5.0-SNAPSHOT.jar:/home/runner/.m2/repository/org/jgrapht/jgrapht-core/1.4.0/jgrapht-core-1.4.0.jar:/home/runner/.m2/repository/org/jheaps/jheaps/0.11/jheaps-0.11.jar:/home/runner/.m2/repository/org/jgrapht/jgrapht-ext/1.4.0/jgrapht-ext-1.4.0.jar:/home/runner/.m2/repository/com/github/vlsi/mxgraph/jgraphx/3.9.8.1/jgraphx-3.9.8.1.jar:/home/runner/work/ozone/ozone/hadoop-ozone/ozone-manager/target/ozone-manager-1.5.0-SNAPSHOT.jar:/home/runner/.m2/repository/org/aspectj/aspectjrt/1.9.7/aspectjrt-1.9.7.jar:/home/runner/.m2/repository/org/aspectj/aspectjweaver/1.9.7/aspectjweaver-1.9.7.jar:/home/runner/work/ozone/ozone/hadoop-hdds/interface-client/target/hdds-interface-client-1.5.0-SNAPSHOT.jar:/home/runner/.m2/repository/org/apache/hadoop/thirdparty/hadoop-shaded-protobuf_3_7/1.1.1/hadoop-shaded-protobuf_3_7-1.1.1.jar:/home/runner/work/ozone/ozone/hadoop-ozone/interface-storage/target/ozone-interface-storage-1.5.0-SNAPSHOT.jar:/home/runner/.m2/repository/org/reflections/reflections/0.10.2/reflections-0.10.2.jar:/home/runner/.m2/repository/com/sun/jersey/jersey-client/1.19.4/jersey-client-1.19.4.jar:/home/runner/.m2/repository/org/codehaus/jackson/jackson-core-asl/1.9.13/jackson-core-asl-1.9.13.jar:/home/runner/.m2/repository/org/codehaus/jackson/jackson-mapper-asl/1.9.13/jackson-mapper-asl-1.9.13.jar:/home/runner/.m2/repository/org/codehaus/jackson/jackson-jaxrs/1.9.13/jackson-jaxrs-1.9.13.jar:/home/runner/.m2/repository/org/apache/ranger/ranger-intg/2.3.0/ranger-intg-2.3.0.jar:/home/runner/.m2/repository/org/apache/ranger/ranger-plugins-common/2.3.0/ranger-plugins-common-2.3.0.jar:/home/runner/.m2/repository/commons-lang/commons-lang/2.6/commons-lang-2.6.jar:/home/runner/.m2/repository/org/apache/ranger/ranger-plugins-cred/2.3.0/ranger-plugins-cred-2.3.0.jar:/home/runner/.m2/repository/org/apache/ranger/ranger-plugins-audit/2.3.0/ranger-plugins-audit-2.3.0.jar:/home/runner/.m2/repository/org/eclipse/jetty/jetty-client/9.4.55.v20240627/jetty-client-9.4.55.v20240627.jar:/home/runner/.m2/repository/org/apache/httpcomponents/httpmime/4.5.6/httpmime-4.5.6.jar:/home/runner/.m2/repository/org/apache/httpcomponents/httpcore-nio/4.4.16/httpcore-nio-4.4.16.jar:/home/runner/.m2/repository/org/apache/httpcomponents/httpasyncclient/4.1.3/httpasyncclient-4.1.3.jar:/home/runner/.m2/repository/com/carrotsearch/hppc/0.8.0/hppc-0.8.0.jar:/home/runner/.m2/repository/org/apache/orc/orc-core/1.5.8/orc-core-1.5.8.jar:/home/runner/.m2/repository/net/java/dev/jna/jna/5.2.0/jna-5.2.0.jar:/home/runner/.m2/repository/net/java/dev/jna/jna-platform/5.2.0/jna-platform-5.2.0.jar:/home/runner/.m2/repository/com/kstruct/gethostname4j/0.0.2/gethostname4j-0.0.2.jar:/home/runner/.m2/repository/org/apache/ranger/ranger-plugin-classloader/2.3.0/ranger-plugin-classloader-2.3.0.jar:/home/runner/work/ozone/ozone/hadoop-hdds/rocks-native/target/hdds-rocks-native-1.5.0-SNAPSHOT.jar:/home/runner/.m2/repository/org/apache/hadoop/hadoop-minikdc/3.3.6/hadoop-minikdc-3.3.6.jar:/home/runner/.m2/repository/org/apache/kerby/kerb-simplekdc/1.0.1/kerb-simplekdc-1.0.1.jar:/home/runner/.m2/repository/org/apache/kerby/kerb-client/1.0.1/kerb-client-1.0.1.jar:/home/runner/.m2/repository/org/apache/kerby/kerb-common/1.0.1/kerb-common-1.0.1.jar:/home/runner/.m2/repository/org/apache/kerby/token-provider/1.0.1/token-provider-1.0.1.jar:/home/runner/.m2/repository/org/apache/kerby/kerb-admin/1.0.1/kerb-admin-1.0.1.jar:/home/runner/.m2/repository/org/apache/kerby/kerb-server/1.0.1/kerb-server-1.0.1.jar:/home/runner/.m2/repository/org/apache/kerby/kerb-identity/1.0.1/kerb-identity-1.0.1.jar:/home/runner/.m2/repository/org/apache/kerby/kerby-xdr/1.0.1/kerby-xdr-1.0.1.jar:/home/runner/.m2/repository/junit/junit/4.13.2/junit-4.13.2.jar:/home/runner/.m2/repository/org/hamcrest/hamcrest-core/1.3/hamcrest-core-1.3.jar:/home/runner/work/ozone/ozone/hadoop-ozone/s3gateway/target/ozone-s3gateway-1.5.0-SNAPSHOT.jar:/home/runner/.m2/repository/org/javassist/javassist/3.30.2-GA/javassist-3.30.2-GA.jar:/home/runner/.m2/repository/org/jboss/weld/servlet/weld-servlet-shaded/3.1.9.Final/weld-servlet-shaded-3.1.9.Final.jar:/home/runner/.m2/repository/org/glassfish/jersey/ext/cdi/jersey-cdi1x/2.43/jersey-cdi1x-2.43.jar:/home/runner/.m2/repository/org/glassfish/jersey/inject/jersey-hk2/2.43/jersey-hk2-2.43.jar:/home/runner/.m2/repository/org/glassfish/hk2/hk2-locator/2.6.1/hk2-locator-2.6.1.jar:/home/runner/.m2/repository/org/glassfish/jersey/media/jersey-media-jaxb/2.43/jersey-media-jaxb-2.43.jar:/home/runner/.m2/repository/org/glassfish/hk2/osgi-resource-locator/1.0.3/osgi-resource-locator-1.0.3.jar:/home/runner/.m2/repository/org/glassfish/hk2/hk2-api/2.6.1/hk2-api-2.6.1.jar:/home/runner/.m2/repository/org/glassfish/hk2/hk2-utils/2.6.1/hk2-utils-2.6.1.jar:/home/runner/.m2/repository/org/glassfish/hk2/external/aopalliance-repackaged/2.6.1/aopalliance-repackaged-2.6.1.jar:/home/runner/.m2/repository/com/fasterxml/jackson/dataformat/jackson-dataformat-xml/2.16.2/jackson-dataformat-xml-2.16.2.jar:/home/runner/.m2/repository/org/codehaus/woodstox/stax2-api/4.2.2/stax2-api-4.2.2.jar:/home/runner/.m2/repository/com/fasterxml/woodstox/woodstox-core/5.4.0/woodstox-core-5.4.0.jar:/home/runner/.m2/repository/com/fasterxml/jackson/module/jackson-module-jaxb-annotations/2.16.2/jackson-module-jaxb-annotations-2.16.2.jar:/home/runner/.m2/repository/javax/enterprise/cdi-api/2.0/cdi-api-2.0.jar:/home/runner/.m2/repository/javax/el/javax.el-api/3.0.0/javax.el-api-3.0.0.jar:/home/runner/.m2/repository/javax/interceptor/javax.interceptor-api/1.2/javax.interceptor-api-1.2.jar:/home/runner/.m2/repository/javax/inject/javax.inject/1/javax.inject-1.jar:/home/runner/.m2/repository/jakarta/xml/bind/jakarta.xml.bind-api/2.3.3/jakarta.xml.bind-api-2.3.3.jar:/home/runner/.m2/repository/org/glassfish/jaxb/jaxb-runtime/2.3.9/jaxb-runtime-2.3.9.jar:/home/runner/.m2/repository/org/glassfish/jaxb/txw2/2.3.9/txw2-2.3.9.jar:/home/runner/.m2/repository/com/sun/istack/istack-commons-runtime/3.0.12/istack-commons-runtime-3.0.12.jar:/home/runner/.m2/repository/com/sun/activation/jakarta.activation/1.2.2/jakarta.activation-1.2.2.jar:/home/runner/.m2/repository/jakarta/activation/jakarta.activation-api/1.2.2/jakarta.activation-api-1.2.2.jar:/home/runner/.m2/repository/io/grpc/grpc-protobuf/1.58.0/grpc-protobuf-1.58.0.jar:/home/runner/.m2/repository/com/google/api/grpc/proto-google-common-protos/2.22.0/proto-google-common-protos-2.22.0.jar:/home/runner/.m2/repository/io/grpc/grpc-protobuf-lite/1.58.0/grpc-protobuf-lite-1.58.0.jar:/home/runner/.m2/repository/io/grpc/grpc-stub/1.58.0/grpc-stub-1.58.0.jar:/home/runner/.m2/repository/io/netty/netty-transport/4.1.109.Final/netty-transport-4.1.109.Final.jar:/home/runner/.m2/repository/io/netty/netty-resolver/4.1.109.Final/netty-resolver-4.1.109.Final.jar:/home/runner/work/ozone/ozone/hadoop-ozone/csi/target/ozone-csi-1.5.0-SNAPSHOT.jar:/home/runner/.m2/repository/com/google/protobuf/protobuf-java-util/3.19.6/protobuf-java-util-3.19.6.jar:/home/runner/.m2/repository/com/google/code/gson/gson/2.10.1/gson-2.10.1.jar:/home/runner/work/ozone/ozone/hadoop-hdds/config/target/hdds-config-1.5.0-SNAPSHOT.jar:/home/runner/.m2/repository/io/netty/netty-transport-native-epoll/4.1.109.Final/netty-transport-native-epoll-4.1.109.Final-linux-x86_64.jar:/home/runner/.m2/repository/io/netty/netty-transport-classes-epoll/4.1.109.Final/netty-transport-classes-epoll-4.1.109.Final.jar:/home/runner/.m2/repository/io/netty/netty-transport-native-unix-common/4.1.109.Final/netty-transport-native-unix-common-4.1.109.Final.jar:/home/runner/work/ozone/ozone/hadoop-ozone/recon/target/ozone-recon-1.5.0-SNAPSHOT.jar:/home/runner/work/ozone/ozone/hadoop-ozone/recon-codegen/target/ozone-reconcodegen-1.5.0-SNAPSHOT.jar:/home/runner/.m2/repository/com/google/inject/guice/6.0.0/guice-6.0.0.jar:/home/runner/.m2/repository/jakarta/inject/jakarta.inject-api/2.0.1/jakarta.inject-api-2.0.1.jar:/home/runner/.m2/repository/aopalliance/aopalliance/1.0/aopalliance-1.0.jar:/home/runner/.m2/repository/com/google/inject/extensions/guice-assistedinject/6.0.0/guice-assistedinject-6.0.0.jar:/home/runner/.m2/repository/com/google/inject/extensions/guice-servlet/6.0.0/guice-servlet-6.0.0.jar:/home/runner/.m2/repository/org/glassfish/jersey/containers/jersey-container-servlet/2.43/jersey-container-servlet-2.43.jar:/home/runner/.m2/repository/org/glassfish/hk2/guice-bridge/2.6.1/guice-bridge-2.6.1.jar:/home/runner/.m2/repository/org/glassfish/jersey/core/jersey-server/2.43/jersey-server-2.43.jar:/home/runner/.m2/repository/org/glassfish/jersey/core/jersey-client/2.43/jersey-client-2.43.jar:/home/runner/.m2/repository/jakarta/validation/jakarta.validation-api/2.0.2/jakarta.validation-api-2.0.2.jar:/home/runner/.m2/repository/org/glassfish/jersey/media/jersey-media-json-jackson/2.43/jersey-media-json-jackson-2.43.jar:/home/runner/.m2/repository/org/glassfish/jersey/ext/jersey-entity-filtering/2.43/jersey-entity-filtering-2.43.jar:/home/runner/.m2/repository/org/jooq/jooq/3.11.10/jooq-3.11.10.jar:/home/runner/.m2/repository/org/jooq/jooq-meta/3.11.10/jooq-meta-3.11.10.jar:/home/runner/.m2/repository/org/jooq/jooq-codegen/3.11.10/jooq-codegen-3.11.10.jar:/home/runner/.m2/repository/com/jolbox/bonecp/0.8.0.RELEASE/bonecp-0.8.0.RELEASE.jar:/home/runner/.m2/repository/org/apache/derby/derby/10.14.2.0/derby-10.14.2.0.jar:/home/runner/.m2/repository/org/xerial/sqlite-jdbc/3.46.0.0/sqlite-jdbc-3.46.0.0.jar:/home/runner/.m2/repository/org/springframework/spring-jdbc/5.3.37/spring-jdbc-5.3.37.jar:/home/runner/.m2/repository/org/springframework/spring-beans/5.3.37/spring-beans-5.3.37.jar:/home/runner/.m2/repository/org/springframework/spring-core/5.3.37/spring-core-5.3.37.jar:/home/runner/.m2/repository/org/springframework/spring-tx/5.3.37/spring-tx-5.3.37.jar:/home/runner/work/ozone/ozone/hadoop-ozone/client/target/ozone-client-1.5.0-SNAPSHOT.jar:/home/runner/work/ozone/ozone/hadoop-hdds/erasurecode/target/hdds-erasurecode-1.5.0-SNAPSHOT.jar:/home/runner/work/ozone/ozone/hadoop-ozone/ozonefs/target/ozone-filesystem-1.5.0-SNAPSHOT.jar:/home/runner/work/ozone/ozone/hadoop-ozone/ozonefs-common/target/ozone-filesystem-common-1.5.0-SNAPSHOT.jar:/home/runner/work/ozone/ozone/hadoop-ozone/tools/target/ozone-tools-1.5.0-SNAPSHOT.jar:/home/runner/.m2/repository/com/amazonaws/aws-java-sdk-core/1.12.661/aws-java-sdk-core-1.12.661.jar:/home/runner/.m2/repository/org/apache/httpcomponents/httpclient/4.5.14/httpclient-4.5.14.jar:/home/runner/.m2/repository/org/apache/httpcomponents/httpcore/4.4.16/httpcore-4.4.16.jar:/home/runner/.m2/repository/com/fasterxml/jackson/dataformat/jackson-dataformat-cbor/2.16.2/jackson-dataformat-cbor-2.16.2.jar:/home/runner/.m2/repository/joda-time/joda-time/2.12.7/joda-time-2.12.7.jar:/home/runner/.m2/repository/com/amazonaws/aws-java-sdk-s3/1.12.661/aws-java-sdk-s3-1.12.661.jar:/home/runner/.m2/repository/com/amazonaws/aws-java-sdk-kms/1.12.661/aws-java-sdk-kms-1.12.661.jar:/home/runner/.m2/repository/com/amazonaws/jmespath-java/1.12.661/jmespath-java-1.12.661.jar:/home/runner/.m2/repository/org/kohsuke/metainf-services/metainf-services/1.11/metainf-services-1.11.jar:/home/runner/work/ozone/ozone/hadoop-hdds/tools/target/hdds-tools-1.5.0-SNAPSHOT.jar:/home/runner/.m2/repository/org/apache/ratis/ratis-tools/3.1.0/ratis-tools-3.1.0.jar:/home/runner/.m2/repository/commons-cli/commons-cli/1.8.0/commons-cli-1.8.0.jar:/home/runner/.m2/repository/org/apache/commons/commons-lang3/3.14.0/commons-lang3-3.14.0.jar:/home/runner/work/ozone/ozone/hadoop-ozone/ozone-manager/target/ozone-manager-1.5.0-SNAPSHOT-tests.jar:/home/runner/work/ozone/ozone/hadoop-hdds/common/target/hdds-common-1.5.0-SNAPSHOT-tests.jar:/home/runner/work/ozone/ozone/hadoop-hdds/hadoop-dependency-client/target/hdds-hadoop-dependency-client-1.5.0-SNAPSHOT.jar:/home/runner/.m2/repository/info/picocli/picocli/4.7.6/picocli-4.7.6.jar:/home/runner/.m2/repository/com/fasterxml/jackson/core/jackson-annotations/2.16.2/jackson-annotations-2.16.2.jar:/home/runner/work/ozone/ozone/hadoop-hdds/annotations/target/hdds-annotation-processing-1.5.0-SNAPSHOT.jar:/home/runner/.m2/repository/javax/annotation/javax.annotation-api/1.3.2/javax.annotation-api-1.3.2.jar:/home/runner/.m2/repository/org/apache/ratis/ratis-server-api/3.1.0/ratis-server-api-3.1.0.jar:/home/runner/.m2/repository/org/apache/ratis/ratis-netty/3.1.0/ratis-netty-3.1.0.jar:/home/runner/.m2/repository/org/apache/ratis/ratis-grpc/3.1.0/ratis-grpc-3.1.0.jar:/home/runner/.m2/repository/org/bouncycastle/bcpkix-jdk18on/1.78.1/bcpkix-jdk18on-1.78.1.jar:/home/runner/.m2/repository/org/bouncycastle/bcutil-jdk18on/1.78.1/bcutil-jdk18on-1.78.1.jar:/home/runner/.m2/repository/commons-validator/commons-validator/1.6/commons-validator-1.6.jar:/home/runner/.m2/repository/commons-beanutils/commons-beanutils/1.9.4/commons-beanutils-1.9.4.jar:/home/runner/.m2/repository/commons-digester/commons-digester/1.8.1/commons-digester-1.8.1.jar:/home/runner/.m2/repository/commons-collections/commons-collections/3.2.2/commons-collections-3.2.2.jar:/home/runner/.m2/repository/io/jaegertracing/jaeger-client/1.8.1/jaeger-client-1.8.1.jar:/home/runner/.m2/repository/io/jaegertracing/jaeger-thrift/1.8.1/jaeger-thrift-1.8.1.jar:/home/runner/.m2/repository/org/apache/thrift/libthrift/0.15.0/libthrift-0.15.0.jar:/home/runner/.m2/repository/io/jaegertracing/jaeger-core/1.8.1/jaeger-core-1.8.1.jar:/home/runner/.m2/repository/io/jaegertracing/jaeger-tracerresolver/1.8.1/jaeger-tracerresolver-1.8.1.jar:/home/runner/.m2/repository/io/opentracing/contrib/opentracing-tracerresolver/0.1.8/opentracing-tracerresolver-0.1.8.jar:/home/runner/.m2/repository/org/jetbrains/kotlin/kotlin-stdlib/1.9.24/kotlin-stdlib-1.9.24.jar:/home/runner/.m2/repository/org/jetbrains/annotations/13.0/annotations-13.0.jar:/home/runner/.m2/repository/io/opentracing/opentracing-util/0.33.0/opentracing-util-0.33.0.jar:/home/runner/.m2/repository/io/opentracing/opentracing-api/0.33.0/opentracing-api-0.33.0.jar:/home/runner/.m2/repository/io/opentracing/opentracing-noop/0.33.0/opentracing-noop-0.33.0.jar:/home/runner/.m2/repository/org/yaml/snakeyaml/2.0/snakeyaml-2.0.jar:/home/runner/.m2/repository/io/grpc/grpc-api/1.58.0/grpc-api-1.58.0.jar:/home/runner/.m2/repository/org/junit/platform/junit-platform-launcher/1.10.3/junit-platform-launcher-1.10.3.jar:/home/runner/.m2/repository/org/junit/platform/junit-platform-engine/1.10.3/junit-platform-engine-1.10.3.jar:/home/runner/.m2/repository/org/apiguardian/apiguardian-api/1.1.2/apiguardian-api-1.1.2.jar:/home/runner/.m2/repository/org/apache/hadoop/hadoop-kms/3.3.6/hadoop-kms-3.3.6.jar:/home/runner/.m2/repository/org/apache/hadoop/hadoop-auth/3.3.6/hadoop-auth-3.3.6.jar:/home/runner/.m2/repository/org/apache/zookeeper/zookeeper/3.8.4/zookeeper-3.8.4.jar:/home/runner/.m2/repository/org/apache/zookeeper/zookeeper-jute/3.8.4/zookeeper-jute-3.8.4.jar:/home/runner/.m2/repository/org/apache/yetus/audience-annotations/0.12.0/audience-annotations-0.12.0.jar:/home/runner/.m2/repository/org/apache/curator/curator-framework/4.2.0/curator-framework-4.2.0.jar:/home/runner/.m2/repository/org/apache/hadoop/thirdparty/hadoop-shaded-guava/1.2.0/hadoop-shaded-guava-1.2.0.jar:/home/runner/.m2/repository/com/sun/jersey/jersey-core/1.19.4/jersey-core-1.19.4.jar:/home/runner/.m2/repository/javax/ws/rs/jsr311-api/1.1.1/jsr311-api-1.1.1.jar:/home/runner/.m2/repository/com/sun/jersey/jersey-server/1.19.4/jersey-server-1.19.4.jar:/home/runner/.m2/repository/javax/servlet/javax.servlet-api/3.1.0/javax.servlet-api-3.1.0.jar:/home/runner/.m2/repository/org/apache/hadoop/hadoop-common/3.3.6/hadoop-common-3.3.6.jar:/home/runner/.m2/repository/org/apache/commons/commons-math3/3.6.1/commons-math3-3.6.1.jar:/home/runner/.m2/repository/commons-net/commons-net/3.11.1/commons-net-3.11.1.jar:/home/runner/.m2/repository/com/sun/jersey/jersey-servlet/1.19.4/jersey-servlet-1.19.4.jar:/home/runner/.m2/repository/com/github/pjfanning/jersey-json/1.20/jersey-json-1.20.jar:/home/runner/.m2/repository/org/codehaus/jettison/jettison/1.1/jettison-1.1.jar:/home/runner/.m2/repository/com/sun/xml/bind/jaxb-impl/2.2.3-1/jaxb-impl-2.2.3-1.jar:/home/runner/.m2/repository/com/google/re2j/re2j/1.7/re2j-1.7.jar:/home/runner/.m2/repository/com/jcraft/jsch/0.1.55/jsch-0.1.55.jar:/home/runner/.m2/repository/org/apache/curator/curator-client/4.2.0/curator-client-4.2.0.jar:/home/runner/.m2/repository/org/apache/curator/curator-recipes/5.2.0/curator-recipes-5.2.0.jar:/home/runner/.m2/repository/com/google/code/findbugs/jsr305/3.0.2/jsr305-3.0.2.jar:/home/runner/.m2/repository/dnsjava/dnsjava/2.1.9/dnsjava-2.1.9.jar:/home/runner/.m2/repository/com/fasterxml/jackson/core/jackson-databind/2.16.2/jackson-databind-2.16.2.jar:/home/runner/.m2/repository/org/apache/hadoop/hadoop-kms/3.3.6/hadoop-kms-3.3.6-tests.jar:/home/runner/work/ozone/ozone/hadoop-hdds/server-scm/target/hdds-server-scm-1.5.0-SNAPSHOT-tests.jar:/home/runner/work/ozone/ozone/hadoop-hdds/container-service/target/hdds-container-service-1.5.0-SNAPSHOT-tests.jar:/home/runner/.m2/repository/com/github/luben/zstd-jni/1.5.6-3/zstd-jni-1.5.6-3.jar:/home/runner/.m2/repository/commons-codec/commons-codec/1.17.0/commons-codec-1.17.0.jar:/home/runner/.m2/repository/io/netty/netty-codec/4.1.109.Final/netty-codec-4.1.109.Final.jar:/home/runner/.m2/repository/io/netty/netty-handler/4.1.109.Final/netty-handler-4.1.109.Final.jar:/home/runner/work/ozone/ozone/hadoop-hdds/hadoop-dependency-test/target/hdds-hadoop-dependency-test-1.5.0-SNAPSHOT.jar:/home/runner/.m2/repository/org/apache/hadoop/hadoop-common/3.3.6/hadoop-common-3.3.6-tests.jar:/home/runner/.m2/repository/org/apache/hadoop/hadoop-hdfs/3.3.6/hadoop-hdfs-3.3.6-tests.jar:/home/runner/.m2/repository/org/junit/jupiter/junit-jupiter-engine/5.10.3/junit-jupiter-engine-5.10.3.jar:/home/runner/.m2/repository/org/junit/jupiter/junit-jupiter-params/5.10.3/junit-jupiter-params-5.10.3.jar:/home/runner/.m2/repository/org/mockito/mockito-core/4.11.0/mockito-core-4.11.0.jar:/home/runner/.m2/repository/net/bytebuddy/byte-buddy-agent/1.12.19/byte-buddy-agent-1.12.19.jar:/home/runner/.m2/repository/org/objenesis/objenesis/3.3/objenesis-3.3.jar:/home/runner/.m2/repository/org/mockito/mockito-inline/4.11.0/mockito-inline-4.11.0.jar:/home/runner/.m2/repository/org/mockito/mockito-junit-jupiter/4.11.0/mockito-junit-jupiter-4.11.0.jar:/home/runner/.m2/repository/org/apache/hadoop/hadoop-distcp/3.3.6/hadoop-distcp-3.3.6.jar:/home/runner/.m2/repository/org/apache/hadoop/hadoop-mapreduce-client-jobclient/3.3.6/hadoop-mapreduce-client-jobclient-3.3.6.jar:/home/runner/.m2/repository/org/apache/hadoop/hadoop-mapreduce-client-common/3.3.6/hadoop-mapreduce-client-common-3.3.6.jar:/home/runner/.m2/repository/org/apache/hadoop/hadoop-yarn-common/3.3.6/hadoop-yarn-common-3.3.6.jar:/home/runner/.m2/repository/org/apache/hadoop/hadoop-yarn-api/3.3.6/hadoop-yarn-api-3.3.6.jar:/home/runner/.m2/repository/javax/xml/bind/jaxb-api/2.2.11/jaxb-api-2.2.11.jar:/home/runner/.m2/repository/com/sun/jersey/contribs/jersey-guice/1.19.4/jersey-guice-1.19.4.jar:/home/runner/.m2/repository/com/fasterxml/jackson/jaxrs/jackson-jaxrs-json-provider/2.16.2/jackson-jaxrs-json-provider-2.16.2.jar:/home/runner/.m2/repository/com/fasterxml/jackson/jaxrs/jackson-jaxrs-base/2.16.2/jackson-jaxrs-base-2.16.2.jar:/home/runner/.m2/repository/org/apache/hadoop/hadoop-yarn-client/3.3.6/hadoop-yarn-client-3.3.6.jar:/home/runner/.m2/repository/org/eclipse/jetty/websocket/websocket-client/9.4.51.v20230217/websocket-client-9.4.51.v20230217.jar:/home/runner/.m2/repository/org/eclipse/jetty/websocket/websocket-common/9.4.51.v20230217/websocket-common-9.4.51.v20230217.jar:/home/runner/.m2/repository/org/eclipse/jetty/websocket/websocket-api/9.4.51.v20230217/websocket-api-9.4.51.v20230217.jar:/home/runner/.m2/repository/org/jline/jline/3.9.0/jline-3.9.0.jar:/home/runner/.m2/repository/org/apache/hadoop/hadoop-mapreduce-client-core/3.3.6/hadoop-mapreduce-client-core-3.3.6.jar:/home/runner/.m2/repository/org/apache/avro/avro/1.7.7/avro-1.7.7.jar:/home/runner/.m2/repository/com/thoughtworks/paranamer/paranamer/2.3/paranamer-2.3.jar:/home/runner/.m2/repository/org/apache/hadoop/hadoop-annotations/3.3.6/hadoop-annotations-3.3.6.jar:/home/runner/.m2/repository/io/netty/netty/3.10.6.Final/netty-3.10.6.Final.jar:/home/runner/.m2/repository/org/apache/hadoop/hadoop-distcp/3.3.6/hadoop-distcp-3.3.6-tests.jar:/home/runner/.m2/repository/org/hamcrest/hamcrest/2.2/hamcrest-2.2.jar:/home/runner/.m2/repository/org/slf4j/jul-to-slf4j/2.0.13/jul-to-slf4j-2.0.13.jar:/home/runner/work/ozone/ozone/hadoop-ozone/integration-test/target/gradle-enterprise/test-listeners.jar:"/>
    <property name="java.vm.vendor" value="Eclipse Adoptium"/>
    <property name="sun.arch.data.model" value="64"/>
    <property name="test.build.dir" value="/home/runner/work/ozone/ozone/hadoop-ozone/integration-test/target/test-dir"/>
    <property name="test.cache.data" value=""/>
    <property name="java.vendor.url" value="https://adoptium.net/"/>
    <property name="user.timezone" value="Etc/UTC"/>
    <property name="maven-surefire-plugin.argLineAccessArgs" value=" --add-opens java.management/com.sun.jmx.mbeanserver=ALL-UNNAMED --add-exports java.management/com.sun.jmx.mbeanserver=ALL-UNNAMED --add-opens java.base/java.nio=ALL-UNNAMED --add-opens java.base/java.lang=ALL-UNNAMED --add-opens java.base/java.lang.reflect=ALL-UNNAMED"/>
    <property name="os.name" value="Linux"/>
    <property name="java.vm.specification.version" value="17"/>
    <property name="test.build.data" value="/home/runner/work/ozone/ozone/hadoop-ozone/integration-test/target/test-dir"/>
    <property name="sun.java.launcher" value="SUN_STANDARD"/>
    <property name="sun.boot.library.path" value="/usr/lib/jvm/temurin-17-jdk-amd64/lib"/>
    <property name="sun.java.command" value="/home/runner/work/ozone/ozone/hadoop-ozone/integration-test/target/surefire/surefirebooter10522419052273730749.jar /home/runner/work/ozone/ozone/hadoop-ozone/integration-test/target/surefire 2024-07-20T16-32-52_857-jvmRun1 surefire10730718440778037750tmp surefire_321570379928092883075tmp"/>
    <property name="jdk.debug" value="release"/>
    <property name="native.lib.tmp.dir" value="/tmp"/>
    <property name="surefire.test.class.path" value="/home/runner/work/ozone/ozone/hadoop-ozone/integration-test/target/test-classes:/home/runner/work/ozone/ozone/hadoop-ozone/integration-test/target/classes:/home/runner/work/ozone/ozone/hadoop-ozone/common/target/ozone-common-1.5.0-SNAPSHOT.jar:/home/runner/.m2/repository/io/grpc/grpc-netty/1.58.0/grpc-netty-1.58.0.jar:/home/runner/.m2/repository/io/grpc/grpc-core/1.58.0/grpc-core-1.58.0.jar:/home/runner/.m2/repository/com/google/android/annotations/4.1.1.4/annotations-4.1.1.4.jar:/home/runner/.m2/repository/org/codehaus/mojo/animal-sniffer-annotations/1.23/animal-sniffer-annotations-1.23.jar:/home/runner/.m2/repository/io/grpc/grpc-context/1.58.0/grpc-context-1.58.0.jar:/home/runner/.m2/repository/io/grpc/grpc-util/1.58.0/grpc-util-1.58.0.jar:/home/runner/.m2/repository/com/google/errorprone/error_prone_annotations/2.28.0/error_prone_annotations-2.28.0.jar:/home/runner/.m2/repository/io/perfmark/perfmark-api/0.26.0/perfmark-api-0.26.0.jar:/home/runner/.m2/repository/io/netty/netty-codec-http2/4.1.109.Final/netty-codec-http2-4.1.109.Final.jar:/home/runner/.m2/repository/io/netty/netty-common/4.1.109.Final/netty-common-4.1.109.Final.jar:/home/runner/.m2/repository/io/netty/netty-buffer/4.1.109.Final/netty-buffer-4.1.109.Final.jar:/home/runner/.m2/repository/io/netty/netty-codec-http/4.1.109.Final/netty-codec-http-4.1.109.Final.jar:/home/runner/.m2/repository/io/netty/netty-handler-proxy/4.1.109.Final/netty-handler-proxy-4.1.109.Final.jar:/home/runner/.m2/repository/io/netty/netty-codec-socks/4.1.109.Final/netty-codec-socks-4.1.109.Final.jar:/home/runner/.m2/repository/io/netty/netty-tcnative-boringssl-static/2.0.65.Final/netty-tcnative-boringssl-static-2.0.65.Final.jar:/home/runner/.m2/repository/io/netty/netty-tcnative-classes/2.0.65.Final/netty-tcnative-classes-2.0.65.Final.jar:/home/runner/.m2/repository/io/netty/netty-tcnative-boringssl-static/2.0.65.Final/netty-tcnative-boringssl-static-2.0.65.Final-linux-x86_64.jar:/home/runner/.m2/repository/io/netty/netty-tcnative-boringssl-static/2.0.65.Final/netty-tcnative-boringssl-static-2.0.65.Final-linux-aarch_64.jar:/home/runner/.m2/repository/io/netty/netty-tcnative-boringssl-static/2.0.65.Final/netty-tcnative-boringssl-static-2.0.65.Final-osx-x86_64.jar:/home/runner/.m2/repository/io/netty/netty-tcnative-boringssl-static/2.0.65.Final/netty-tcnative-boringssl-static-2.0.65.Final-osx-aarch_64.jar:/home/runner/.m2/repository/io/netty/netty-tcnative-boringssl-static/2.0.65.Final/netty-tcnative-boringssl-static-2.0.65.Final-windows-x86_64.jar:/home/runner/.m2/repository/org/apache/commons/commons-compress/1.26.0/commons-compress-1.26.0.jar:/home/runner/work/ozone/ozone/hadoop-hdds/common/target/hdds-common-1.5.0-SNAPSHOT.jar:/home/runner/work/ozone/ozone/hadoop-hdds/client/target/hdds-client-1.5.0-SNAPSHOT.jar:/home/runner/work/ozone/ozone/hadoop-ozone/interface-client/target/ozone-interface-client-1.5.0-SNAPSHOT.jar:/home/runner/.m2/repository/org/apache/hadoop/hadoop-hdfs-client/3.3.6/hadoop-hdfs-client-3.3.6.jar:/home/runner/.m2/repository/com/squareup/okhttp3/okhttp/4.12.0/okhttp-4.12.0.jar:/home/runner/.m2/repository/com/squareup/okio/okio/3.6.0/okio-3.6.0.jar:/home/runner/.m2/repository/com/squareup/okio/okio-jvm/3.6.0/okio-jvm-3.6.0.jar:/home/runner/.m2/repository/org/jetbrains/kotlin/kotlin-stdlib-jdk8/1.9.24/kotlin-stdlib-jdk8-1.9.24.jar:/home/runner/.m2/repository/org/jetbrains/kotlin/kotlin-stdlib-jdk7/1.9.24/kotlin-stdlib-jdk7-1.9.24.jar:/home/runner/.m2/repository/org/jetbrains/kotlin/kotlin-stdlib-common/1.9.24/kotlin-stdlib-common-1.9.24.jar:/home/runner/.m2/repository/com/github/stephenc/jcip/jcip-annotations/1.0-1/jcip-annotations-1.0-1.jar:/home/runner/work/ozone/ozone/hadoop-hdds/test-utils/target/hdds-test-utils-1.5.0-SNAPSHOT.jar:/home/runner/.m2/repository/org/assertj/assertj-core/3.26.3/assertj-core-3.26.3.jar:/home/runner/.m2/repository/net/bytebuddy/byte-buddy/1.14.18/byte-buddy-1.14.18.jar:/home/runner/.m2/repository/com/google/guava/guava/32.1.3-jre/guava-32.1.3-jre.jar:/home/runner/.m2/repository/com/google/guava/failureaccess/1.0.1/failureaccess-1.0.1.jar:/home/runner/.m2/repository/com/google/guava/listenablefuture/9999.0-empty-to-avoid-conflict-with-guava/listenablefuture-9999.0-empty-to-avoid-conflict-with-guava.jar:/home/runner/.m2/repository/org/checkerframework/checker-qual/3.37.0/checker-qual-3.37.0.jar:/home/runner/.m2/repository/com/google/j2objc/j2objc-annotations/2.8/j2objc-annotations-2.8.jar:/home/runner/.m2/repository/commons-io/commons-io/2.16.1/commons-io-2.16.1.jar:/home/runner/.m2/repository/commons-logging/commons-logging/1.2/commons-logging-1.2.jar:/home/runner/.m2/repository/org/junit/jupiter/junit-jupiter-api/5.10.3/junit-jupiter-api-5.10.3.jar:/home/runner/.m2/repository/org/opentest4j/opentest4j/1.3.0/opentest4j-1.3.0.jar:/home/runner/.m2/repository/org/junit/platform/junit-platform-commons/1.10.3/junit-platform-commons-1.10.3.jar:/home/runner/.m2/repository/ch/qos/reload4j/reload4j/1.2.25/reload4j-1.2.25.jar:/home/runner/.m2/repository/jakarta/annotation/jakarta.annotation-api/2.1.1/jakarta.annotation-api-2.1.1.jar:/home/runner/.m2/repository/org/slf4j/slf4j-api/2.0.13/slf4j-api-2.0.13.jar:/home/runner/.m2/repository/org/apache/logging/log4j/log4j-api/2.23.1/log4j-api-2.23.1.jar:/home/runner/work/ozone/ozone/hadoop-hdds/server-scm/target/hdds-server-scm-1.5.0-SNAPSHOT.jar:/home/runner/.m2/repository/com/google/protobuf/protobuf-java/2.5.0/protobuf-java-2.5.0.jar:/home/runner/work/ozone/ozone/hadoop-hdds/container-service/target/hdds-container-service-1.5.0-SNAPSHOT.jar:/home/runner/work/ozone/ozone/hadoop-hdds/hadoop-dependency-server/target/hdds-hadoop-dependency-server-1.5.0-SNAPSHOT.jar:/home/runner/.m2/repository/com/nimbusds/nimbus-jose-jwt/9.40/nimbus-jose-jwt-9.40.jar:/home/runner/.m2/repository/org/apache/hadoop/hadoop-hdfs/3.3.6/hadoop-hdfs-3.3.6.jar:/home/runner/.m2/repository/commons-daemon/commons-daemon/1.4.0/commons-daemon-1.4.0.jar:/home/runner/.m2/repository/org/apache/kerby/kerb-core/1.0.1/kerb-core-1.0.1.jar:/home/runner/.m2/repository/org/apache/kerby/kerby-pkix/1.0.1/kerby-pkix-1.0.1.jar:/home/runner/.m2/repository/org/apache/kerby/kerby-asn1/1.0.1/kerby-asn1-1.0.1.jar:/home/runner/.m2/repository/org/apache/kerby/kerby-util/1.0.1/kerby-util-1.0.1.jar:/home/runner/.m2/repository/org/apache/kerby/kerb-util/1.0.1/kerb-util-1.0.1.jar:/home/runner/.m2/repository/org/apache/kerby/kerby-config/1.0.1/kerby-config-1.0.1.jar:/home/runner/.m2/repository/org/apache/kerby/kerb-crypto/1.0.1/kerb-crypto-1.0.1.jar:/home/runner/.m2/repository/org/xerial/snappy/snappy-java/1.1.10.5/snappy-java-1.1.10.5.jar:/home/runner/work/ozone/ozone/hadoop-hdds/framework/target/hdds-server-framework-1.5.0-SNAPSHOT.jar:/home/runner/.m2/repository/org/bouncycastle/bcprov-jdk18on/1.78.1/bcprov-jdk18on-1.78.1.jar:/home/runner/.m2/repository/io/dropwizard/metrics/metrics-core/3.2.6/metrics-core-3.2.6.jar:/home/runner/.m2/repository/org/apache/commons/commons-text/1.12.0/commons-text-1.12.0.jar:/home/runner/work/ozone/ozone/hadoop-hdds/framework/target/hdds-server-framework-1.5.0-SNAPSHOT-tests.jar:/home/runner/work/ozone/ozone/hadoop-hdds/interface-server/target/hdds-interface-server-1.5.0-SNAPSHOT.jar:/home/runner/work/ozone/ozone/hadoop-hdds/interface-admin/target/hdds-interface-admin-1.5.0-SNAPSHOT.jar:/home/runner/work/ozone/ozone/hadoop-hdds/managed-rocksdb/target/hdds-managed-rocksdb-1.5.0-SNAPSHOT.jar:/home/runner/.m2/repository/org/rocksdb/rocksdbjni/7.7.3/rocksdbjni-7.7.3.jar:/home/runner/.m2/repository/org/slf4j/slf4j-reload4j/2.0.13/slf4j-reload4j-2.0.13.jar:/home/runner/.m2/repository/org/apache/commons/commons-configuration2/2.10.1/commons-configuration2-2.10.1.jar:/home/runner/.m2/repository/commons-fileupload/commons-fileupload/1.5/commons-fileupload-1.5.jar:/home/runner/.m2/repository/org/apache/logging/log4j/log4j-core/2.23.1/log4j-core-2.23.1.jar:/home/runner/.m2/repository/com/lmax/disruptor/3.4.4/disruptor-3.4.4.jar:/home/runner/.m2/repository/org/eclipse/jetty/jetty-util/9.4.55.v20240627/jetty-util-9.4.55.v20240627.jar:/home/runner/.m2/repository/org/eclipse/jetty/jetty-server/9.4.55.v20240627/jetty-server-9.4.55.v20240627.jar:/home/runner/.m2/repository/org/eclipse/jetty/jetty-http/9.4.55.v20240627/jetty-http-9.4.55.v20240627.jar:/home/runner/.m2/repository/org/eclipse/jetty/jetty-io/9.4.55.v20240627/jetty-io-9.4.55.v20240627.jar:/home/runner/.m2/repository/org/eclipse/jetty/jetty-servlet/9.4.55.v20240627/jetty-servlet-9.4.55.v20240627.jar:/home/runner/.m2/repository/org/eclipse/jetty/jetty-security/9.4.55.v20240627/jetty-security-9.4.55.v20240627.jar:/home/runner/.m2/repository/org/eclipse/jetty/jetty-util-ajax/9.4.55.v20240627/jetty-util-ajax-9.4.55.v20240627.jar:/home/runner/.m2/repository/org/eclipse/jetty/jetty-webapp/9.4.55.v20240627/jetty-webapp-9.4.55.v20240627.jar:/home/runner/.m2/repository/org/eclipse/jetty/jetty-xml/9.4.55.v20240627/jetty-xml-9.4.55.v20240627.jar:/home/runner/.m2/repository/org/glassfish/jersey/containers/jersey-container-servlet-core/2.43/jersey-container-servlet-core-2.43.jar:/home/runner/.m2/repository/org/glassfish/hk2/external/jakarta.inject/2.6.1/jakarta.inject-2.6.1.jar:/home/runner/.m2/repository/org/glassfish/jersey/core/jersey-common/2.43/jersey-common-2.43.jar:/home/runner/.m2/repository/jakarta/ws/rs/jakarta.ws.rs-api/2.1.6/jakarta.ws.rs-api-2.1.6.jar:/home/runner/.m2/repository/org/apache/ratis/ratis-server/3.1.0/ratis-server-3.1.0.jar:/home/runner/.m2/repository/org/apache/ratis/ratis-thirdparty-misc/1.0.6/ratis-thirdparty-misc-1.0.6.jar:/home/runner/.m2/repository/org/apache/ratis/ratis-proto/3.1.0/ratis-proto-3.1.0.jar:/home/runner/.m2/repository/org/apache/ratis/ratis-common/3.1.0/ratis-common-3.1.0.jar:/home/runner/.m2/repository/org/apache/ratis/ratis-client/3.1.0/ratis-client-3.1.0.jar:/home/runner/.m2/repository/org/apache/ratis/ratis-metrics-api/3.1.0/ratis-metrics-api-3.1.0.jar:/home/runner/.m2/repository/org/apache/ratis/ratis-metrics-dropwizard3/3.1.0/ratis-metrics-dropwizard3-3.1.0.jar:/home/runner/.m2/repository/io/prometheus/simpleclient_dropwizard/0.16.0/simpleclient_dropwizard-0.16.0.jar:/home/runner/.m2/repository/io/prometheus/simpleclient/0.16.0/simpleclient-0.16.0.jar:/home/runner/.m2/repository/io/prometheus/simpleclient_common/0.16.0/simpleclient_common-0.16.0.jar:/home/runner/.m2/repository/com/fasterxml/jackson/datatype/jackson-datatype-jsr310/2.16.2/jackson-datatype-jsr310-2.16.2.jar:/home/runner/.m2/repository/com/fasterxml/jackson/core/jackson-core/2.16.2/jackson-core-2.16.2.jar:/home/runner/.m2/repository/com/github/jnr/jnr-posix/3.1.19/jnr-posix-3.1.19.jar:/home/runner/.m2/repository/com/github/jnr/jnr-ffi/2.2.16/jnr-ffi-2.2.16.jar:/home/runner/.m2/repository/com/github/jnr/jffi/1.3.13/jffi-1.3.13.jar:/home/runner/.m2/repository/com/github/jnr/jffi/1.3.13/jffi-1.3.13-native.jar:/home/runner/.m2/repository/org/ow2/asm/asm/9.2/asm-9.2.jar:/home/runner/.m2/repository/org/ow2/asm/asm-commons/9.2/asm-commons-9.2.jar:/home/runner/.m2/repository/org/ow2/asm/asm-analysis/9.2/asm-analysis-9.2.jar:/home/runner/.m2/repository/org/ow2/asm/asm-tree/9.2/asm-tree-9.2.jar:/home/runner/.m2/repository/org/ow2/asm/asm-util/9.2/asm-util-9.2.jar:/home/runner/.m2/repository/com/github/jnr/jnr-a64asm/1.0.0/jnr-a64asm-1.0.0.jar:/home/runner/.m2/repository/com/github/jnr/jnr-x86asm/1.0.2/jnr-x86asm-1.0.2.jar:/home/runner/.m2/repository/com/github/jnr/jnr-constants/0.10.4/jnr-constants-0.10.4.jar:/home/runner/work/ozone/ozone/hadoop-hdds/rocksdb-checkpoint-differ/target/rocksdb-checkpoint-differ-1.5.0-SNAPSHOT.jar:/home/runner/.m2/repository/org/jgrapht/jgrapht-core/1.4.0/jgrapht-core-1.4.0.jar:/home/runner/.m2/repository/org/jheaps/jheaps/0.11/jheaps-0.11.jar:/home/runner/.m2/repository/org/jgrapht/jgrapht-ext/1.4.0/jgrapht-ext-1.4.0.jar:/home/runner/.m2/repository/com/github/vlsi/mxgraph/jgraphx/3.9.8.1/jgraphx-3.9.8.1.jar:/home/runner/work/ozone/ozone/hadoop-ozone/ozone-manager/target/ozone-manager-1.5.0-SNAPSHOT.jar:/home/runner/.m2/repository/org/aspectj/aspectjrt/1.9.7/aspectjrt-1.9.7.jar:/home/runner/.m2/repository/org/aspectj/aspectjweaver/1.9.7/aspectjweaver-1.9.7.jar:/home/runner/work/ozone/ozone/hadoop-hdds/interface-client/target/hdds-interface-client-1.5.0-SNAPSHOT.jar:/home/runner/.m2/repository/org/apache/hadoop/thirdparty/hadoop-shaded-protobuf_3_7/1.1.1/hadoop-shaded-protobuf_3_7-1.1.1.jar:/home/runner/work/ozone/ozone/hadoop-ozone/interface-storage/target/ozone-interface-storage-1.5.0-SNAPSHOT.jar:/home/runner/.m2/repository/org/reflections/reflections/0.10.2/reflections-0.10.2.jar:/home/runner/.m2/repository/com/sun/jersey/jersey-client/1.19.4/jersey-client-1.19.4.jar:/home/runner/.m2/repository/org/codehaus/jackson/jackson-core-asl/1.9.13/jackson-core-asl-1.9.13.jar:/home/runner/.m2/repository/org/codehaus/jackson/jackson-mapper-asl/1.9.13/jackson-mapper-asl-1.9.13.jar:/home/runner/.m2/repository/org/codehaus/jackson/jackson-jaxrs/1.9.13/jackson-jaxrs-1.9.13.jar:/home/runner/.m2/repository/org/apache/ranger/ranger-intg/2.3.0/ranger-intg-2.3.0.jar:/home/runner/.m2/repository/org/apache/ranger/ranger-plugins-common/2.3.0/ranger-plugins-common-2.3.0.jar:/home/runner/.m2/repository/commons-lang/commons-lang/2.6/commons-lang-2.6.jar:/home/runner/.m2/repository/org/apache/ranger/ranger-plugins-cred/2.3.0/ranger-plugins-cred-2.3.0.jar:/home/runner/.m2/repository/org/apache/ranger/ranger-plugins-audit/2.3.0/ranger-plugins-audit-2.3.0.jar:/home/runner/.m2/repository/org/eclipse/jetty/jetty-client/9.4.55.v20240627/jetty-client-9.4.55.v20240627.jar:/home/runner/.m2/repository/org/apache/httpcomponents/httpmime/4.5.6/httpmime-4.5.6.jar:/home/runner/.m2/repository/org/apache/httpcomponents/httpcore-nio/4.4.16/httpcore-nio-4.4.16.jar:/home/runner/.m2/repository/org/apache/httpcomponents/httpasyncclient/4.1.3/httpasyncclient-4.1.3.jar:/home/runner/.m2/repository/com/carrotsearch/hppc/0.8.0/hppc-0.8.0.jar:/home/runner/.m2/repository/org/apache/orc/orc-core/1.5.8/orc-core-1.5.8.jar:/home/runner/.m2/repository/net/java/dev/jna/jna/5.2.0/jna-5.2.0.jar:/home/runner/.m2/repository/net/java/dev/jna/jna-platform/5.2.0/jna-platform-5.2.0.jar:/home/runner/.m2/repository/com/kstruct/gethostname4j/0.0.2/gethostname4j-0.0.2.jar:/home/runner/.m2/repository/org/apache/ranger/ranger-plugin-classloader/2.3.0/ranger-plugin-classloader-2.3.0.jar:/home/runner/work/ozone/ozone/hadoop-hdds/rocks-native/target/hdds-rocks-native-1.5.0-SNAPSHOT.jar:/home/runner/.m2/repository/org/apache/hadoop/hadoop-minikdc/3.3.6/hadoop-minikdc-3.3.6.jar:/home/runner/.m2/repository/org/apache/kerby/kerb-simplekdc/1.0.1/kerb-simplekdc-1.0.1.jar:/home/runner/.m2/repository/org/apache/kerby/kerb-client/1.0.1/kerb-client-1.0.1.jar:/home/runner/.m2/repository/org/apache/kerby/kerb-common/1.0.1/kerb-common-1.0.1.jar:/home/runner/.m2/repository/org/apache/kerby/token-provider/1.0.1/token-provider-1.0.1.jar:/home/runner/.m2/repository/org/apache/kerby/kerb-admin/1.0.1/kerb-admin-1.0.1.jar:/home/runner/.m2/repository/org/apache/kerby/kerb-server/1.0.1/kerb-server-1.0.1.jar:/home/runner/.m2/repository/org/apache/kerby/kerb-identity/1.0.1/kerb-identity-1.0.1.jar:/home/runner/.m2/repository/org/apache/kerby/kerby-xdr/1.0.1/kerby-xdr-1.0.1.jar:/home/runner/.m2/repository/junit/junit/4.13.2/junit-4.13.2.jar:/home/runner/.m2/repository/org/hamcrest/hamcrest-core/1.3/hamcrest-core-1.3.jar:/home/runner/work/ozone/ozone/hadoop-ozone/s3gateway/target/ozone-s3gateway-1.5.0-SNAPSHOT.jar:/home/runner/.m2/repository/org/javassist/javassist/3.30.2-GA/javassist-3.30.2-GA.jar:/home/runner/.m2/repository/org/jboss/weld/servlet/weld-servlet-shaded/3.1.9.Final/weld-servlet-shaded-3.1.9.Final.jar:/home/runner/.m2/repository/org/glassfish/jersey/ext/cdi/jersey-cdi1x/2.43/jersey-cdi1x-2.43.jar:/home/runner/.m2/repository/org/glassfish/jersey/inject/jersey-hk2/2.43/jersey-hk2-2.43.jar:/home/runner/.m2/repository/org/glassfish/hk2/hk2-locator/2.6.1/hk2-locator-2.6.1.jar:/home/runner/.m2/repository/org/glassfish/jersey/media/jersey-media-jaxb/2.43/jersey-media-jaxb-2.43.jar:/home/runner/.m2/repository/org/glassfish/hk2/osgi-resource-locator/1.0.3/osgi-resource-locator-1.0.3.jar:/home/runner/.m2/repository/org/glassfish/hk2/hk2-api/2.6.1/hk2-api-2.6.1.jar:/home/runner/.m2/repository/org/glassfish/hk2/hk2-utils/2.6.1/hk2-utils-2.6.1.jar:/home/runner/.m2/repository/org/glassfish/hk2/external/aopalliance-repackaged/2.6.1/aopalliance-repackaged-2.6.1.jar:/home/runner/.m2/repository/com/fasterxml/jackson/dataformat/jackson-dataformat-xml/2.16.2/jackson-dataformat-xml-2.16.2.jar:/home/runner/.m2/repository/org/codehaus/woodstox/stax2-api/4.2.2/stax2-api-4.2.2.jar:/home/runner/.m2/repository/com/fasterxml/woodstox/woodstox-core/5.4.0/woodstox-core-5.4.0.jar:/home/runner/.m2/repository/com/fasterxml/jackson/module/jackson-module-jaxb-annotations/2.16.2/jackson-module-jaxb-annotations-2.16.2.jar:/home/runner/.m2/repository/javax/enterprise/cdi-api/2.0/cdi-api-2.0.jar:/home/runner/.m2/repository/javax/el/javax.el-api/3.0.0/javax.el-api-3.0.0.jar:/home/runner/.m2/repository/javax/interceptor/javax.interceptor-api/1.2/javax.interceptor-api-1.2.jar:/home/runner/.m2/repository/javax/inject/javax.inject/1/javax.inject-1.jar:/home/runner/.m2/repository/jakarta/xml/bind/jakarta.xml.bind-api/2.3.3/jakarta.xml.bind-api-2.3.3.jar:/home/runner/.m2/repository/org/glassfish/jaxb/jaxb-runtime/2.3.9/jaxb-runtime-2.3.9.jar:/home/runner/.m2/repository/org/glassfish/jaxb/txw2/2.3.9/txw2-2.3.9.jar:/home/runner/.m2/repository/com/sun/istack/istack-commons-runtime/3.0.12/istack-commons-runtime-3.0.12.jar:/home/runner/.m2/repository/com/sun/activation/jakarta.activation/1.2.2/jakarta.activation-1.2.2.jar:/home/runner/.m2/repository/jakarta/activation/jakarta.activation-api/1.2.2/jakarta.activation-api-1.2.2.jar:/home/runner/.m2/repository/io/grpc/grpc-protobuf/1.58.0/grpc-protobuf-1.58.0.jar:/home/runner/.m2/repository/com/google/api/grpc/proto-google-common-protos/2.22.0/proto-google-common-protos-2.22.0.jar:/home/runner/.m2/repository/io/grpc/grpc-protobuf-lite/1.58.0/grpc-protobuf-lite-1.58.0.jar:/home/runner/.m2/repository/io/grpc/grpc-stub/1.58.0/grpc-stub-1.58.0.jar:/home/runner/.m2/repository/io/netty/netty-transport/4.1.109.Final/netty-transport-4.1.109.Final.jar:/home/runner/.m2/repository/io/netty/netty-resolver/4.1.109.Final/netty-resolver-4.1.109.Final.jar:/home/runner/work/ozone/ozone/hadoop-ozone/csi/target/ozone-csi-1.5.0-SNAPSHOT.jar:/home/runner/.m2/repository/com/google/protobuf/protobuf-java-util/3.19.6/protobuf-java-util-3.19.6.jar:/home/runner/.m2/repository/com/google/code/gson/gson/2.10.1/gson-2.10.1.jar:/home/runner/work/ozone/ozone/hadoop-hdds/config/target/hdds-config-1.5.0-SNAPSHOT.jar:/home/runner/.m2/repository/io/netty/netty-transport-native-epoll/4.1.109.Final/netty-transport-native-epoll-4.1.109.Final-linux-x86_64.jar:/home/runner/.m2/repository/io/netty/netty-transport-classes-epoll/4.1.109.Final/netty-transport-classes-epoll-4.1.109.Final.jar:/home/runner/.m2/repository/io/netty/netty-transport-native-unix-common/4.1.109.Final/netty-transport-native-unix-common-4.1.109.Final.jar:/home/runner/work/ozone/ozone/hadoop-ozone/recon/target/ozone-recon-1.5.0-SNAPSHOT.jar:/home/runner/work/ozone/ozone/hadoop-ozone/recon-codegen/target/ozone-reconcodegen-1.5.0-SNAPSHOT.jar:/home/runner/.m2/repository/com/google/inject/guice/6.0.0/guice-6.0.0.jar:/home/runner/.m2/repository/jakarta/inject/jakarta.inject-api/2.0.1/jakarta.inject-api-2.0.1.jar:/home/runner/.m2/repository/aopalliance/aopalliance/1.0/aopalliance-1.0.jar:/home/runner/.m2/repository/com/google/inject/extensions/guice-assistedinject/6.0.0/guice-assistedinject-6.0.0.jar:/home/runner/.m2/repository/com/google/inject/extensions/guice-servlet/6.0.0/guice-servlet-6.0.0.jar:/home/runner/.m2/repository/org/glassfish/jersey/containers/jersey-container-servlet/2.43/jersey-container-servlet-2.43.jar:/home/runner/.m2/repository/org/glassfish/hk2/guice-bridge/2.6.1/guice-bridge-2.6.1.jar:/home/runner/.m2/repository/org/glassfish/jersey/core/jersey-server/2.43/jersey-server-2.43.jar:/home/runner/.m2/repository/org/glassfish/jersey/core/jersey-client/2.43/jersey-client-2.43.jar:/home/runner/.m2/repository/jakarta/validation/jakarta.validation-api/2.0.2/jakarta.validation-api-2.0.2.jar:/home/runner/.m2/repository/org/glassfish/jersey/media/jersey-media-json-jackson/2.43/jersey-media-json-jackson-2.43.jar:/home/runner/.m2/repository/org/glassfish/jersey/ext/jersey-entity-filtering/2.43/jersey-entity-filtering-2.43.jar:/home/runner/.m2/repository/org/jooq/jooq/3.11.10/jooq-3.11.10.jar:/home/runner/.m2/repository/org/jooq/jooq-meta/3.11.10/jooq-meta-3.11.10.jar:/home/runner/.m2/repository/org/jooq/jooq-codegen/3.11.10/jooq-codegen-3.11.10.jar:/home/runner/.m2/repository/com/jolbox/bonecp/0.8.0.RELEASE/bonecp-0.8.0.RELEASE.jar:/home/runner/.m2/repository/org/apache/derby/derby/10.14.2.0/derby-10.14.2.0.jar:/home/runner/.m2/repository/org/xerial/sqlite-jdbc/3.46.0.0/sqlite-jdbc-3.46.0.0.jar:/home/runner/.m2/repository/org/springframework/spring-jdbc/5.3.37/spring-jdbc-5.3.37.jar:/home/runner/.m2/repository/org/springframework/spring-beans/5.3.37/spring-beans-5.3.37.jar:/home/runner/.m2/repository/org/springframework/spring-core/5.3.37/spring-core-5.3.37.jar:/home/runner/.m2/repository/org/springframework/spring-tx/5.3.37/spring-tx-5.3.37.jar:/home/runner/work/ozone/ozone/hadoop-ozone/client/target/ozone-client-1.5.0-SNAPSHOT.jar:/home/runner/work/ozone/ozone/hadoop-hdds/erasurecode/target/hdds-erasurecode-1.5.0-SNAPSHOT.jar:/home/runner/work/ozone/ozone/hadoop-ozone/ozonefs/target/ozone-filesystem-1.5.0-SNAPSHOT.jar:/home/runner/work/ozone/ozone/hadoop-ozone/ozonefs-common/target/ozone-filesystem-common-1.5.0-SNAPSHOT.jar:/home/runner/work/ozone/ozone/hadoop-ozone/tools/target/ozone-tools-1.5.0-SNAPSHOT.jar:/home/runner/.m2/repository/com/amazonaws/aws-java-sdk-core/1.12.661/aws-java-sdk-core-1.12.661.jar:/home/runner/.m2/repository/org/apache/httpcomponents/httpclient/4.5.14/httpclient-4.5.14.jar:/home/runner/.m2/repository/org/apache/httpcomponents/httpcore/4.4.16/httpcore-4.4.16.jar:/home/runner/.m2/repository/com/fasterxml/jackson/dataformat/jackson-dataformat-cbor/2.16.2/jackson-dataformat-cbor-2.16.2.jar:/home/runner/.m2/repository/joda-time/joda-time/2.12.7/joda-time-2.12.7.jar:/home/runner/.m2/repository/com/amazonaws/aws-java-sdk-s3/1.12.661/aws-java-sdk-s3-1.12.661.jar:/home/runner/.m2/repository/com/amazonaws/aws-java-sdk-kms/1.12.661/aws-java-sdk-kms-1.12.661.jar:/home/runner/.m2/repository/com/amazonaws/jmespath-java/1.12.661/jmespath-java-1.12.661.jar:/home/runner/.m2/repository/org/kohsuke/metainf-services/metainf-services/1.11/metainf-services-1.11.jar:/home/runner/work/ozone/ozone/hadoop-hdds/tools/target/hdds-tools-1.5.0-SNAPSHOT.jar:/home/runner/.m2/repository/org/apache/ratis/ratis-tools/3.1.0/ratis-tools-3.1.0.jar:/home/runner/.m2/repository/commons-cli/commons-cli/1.8.0/commons-cli-1.8.0.jar:/home/runner/.m2/repository/org/apache/commons/commons-lang3/3.14.0/commons-lang3-3.14.0.jar:/home/runner/work/ozone/ozone/hadoop-ozone/ozone-manager/target/ozone-manager-1.5.0-SNAPSHOT-tests.jar:/home/runner/work/ozone/ozone/hadoop-hdds/common/target/hdds-common-1.5.0-SNAPSHOT-tests.jar:/home/runner/work/ozone/ozone/hadoop-hdds/hadoop-dependency-client/target/hdds-hadoop-dependency-client-1.5.0-SNAPSHOT.jar:/home/runner/.m2/repository/info/picocli/picocli/4.7.6/picocli-4.7.6.jar:/home/runner/.m2/repository/com/fasterxml/jackson/core/jackson-annotations/2.16.2/jackson-annotations-2.16.2.jar:/home/runner/work/ozone/ozone/hadoop-hdds/annotations/target/hdds-annotation-processing-1.5.0-SNAPSHOT.jar:/home/runner/.m2/repository/javax/annotation/javax.annotation-api/1.3.2/javax.annotation-api-1.3.2.jar:/home/runner/.m2/repository/org/apache/ratis/ratis-server-api/3.1.0/ratis-server-api-3.1.0.jar:/home/runner/.m2/repository/org/apache/ratis/ratis-netty/3.1.0/ratis-netty-3.1.0.jar:/home/runner/.m2/repository/org/apache/ratis/ratis-grpc/3.1.0/ratis-grpc-3.1.0.jar:/home/runner/.m2/repository/org/bouncycastle/bcpkix-jdk18on/1.78.1/bcpkix-jdk18on-1.78.1.jar:/home/runner/.m2/repository/org/bouncycastle/bcutil-jdk18on/1.78.1/bcutil-jdk18on-1.78.1.jar:/home/runner/.m2/repository/commons-validator/commons-validator/1.6/commons-validator-1.6.jar:/home/runner/.m2/repository/commons-beanutils/commons-beanutils/1.9.4/commons-beanutils-1.9.4.jar:/home/runner/.m2/repository/commons-digester/commons-digester/1.8.1/commons-digester-1.8.1.jar:/home/runner/.m2/repository/commons-collections/commons-collections/3.2.2/commons-collections-3.2.2.jar:/home/runner/.m2/repository/io/jaegertracing/jaeger-client/1.8.1/jaeger-client-1.8.1.jar:/home/runner/.m2/repository/io/jaegertracing/jaeger-thrift/1.8.1/jaeger-thrift-1.8.1.jar:/home/runner/.m2/repository/org/apache/thrift/libthrift/0.15.0/libthrift-0.15.0.jar:/home/runner/.m2/repository/io/jaegertracing/jaeger-core/1.8.1/jaeger-core-1.8.1.jar:/home/runner/.m2/repository/io/jaegertracing/jaeger-tracerresolver/1.8.1/jaeger-tracerresolver-1.8.1.jar:/home/runner/.m2/repository/io/opentracing/contrib/opentracing-tracerresolver/0.1.8/opentracing-tracerresolver-0.1.8.jar:/home/runner/.m2/repository/org/jetbrains/kotlin/kotlin-stdlib/1.9.24/kotlin-stdlib-1.9.24.jar:/home/runner/.m2/repository/org/jetbrains/annotations/13.0/annotations-13.0.jar:/home/runner/.m2/repository/io/opentracing/opentracing-util/0.33.0/opentracing-util-0.33.0.jar:/home/runner/.m2/repository/io/opentracing/opentracing-api/0.33.0/opentracing-api-0.33.0.jar:/home/runner/.m2/repository/io/opentracing/opentracing-noop/0.33.0/opentracing-noop-0.33.0.jar:/home/runner/.m2/repository/org/yaml/snakeyaml/2.0/snakeyaml-2.0.jar:/home/runner/.m2/repository/io/grpc/grpc-api/1.58.0/grpc-api-1.58.0.jar:/home/runner/.m2/repository/org/junit/platform/junit-platform-launcher/1.10.3/junit-platform-launcher-1.10.3.jar:/home/runner/.m2/repository/org/junit/platform/junit-platform-engine/1.10.3/junit-platform-engine-1.10.3.jar:/home/runner/.m2/repository/org/apiguardian/apiguardian-api/1.1.2/apiguardian-api-1.1.2.jar:/home/runner/.m2/repository/org/apache/hadoop/hadoop-kms/3.3.6/hadoop-kms-3.3.6.jar:/home/runner/.m2/repository/org/apache/hadoop/hadoop-auth/3.3.6/hadoop-auth-3.3.6.jar:/home/runner/.m2/repository/org/apache/zookeeper/zookeeper/3.8.4/zookeeper-3.8.4.jar:/home/runner/.m2/repository/org/apache/zookeeper/zookeeper-jute/3.8.4/zookeeper-jute-3.8.4.jar:/home/runner/.m2/repository/org/apache/yetus/audience-annotations/0.12.0/audience-annotations-0.12.0.jar:/home/runner/.m2/repository/org/apache/curator/curator-framework/4.2.0/curator-framework-4.2.0.jar:/home/runner/.m2/repository/org/apache/hadoop/thirdparty/hadoop-shaded-guava/1.2.0/hadoop-shaded-guava-1.2.0.jar:/home/runner/.m2/repository/com/sun/jersey/jersey-core/1.19.4/jersey-core-1.19.4.jar:/home/runner/.m2/repository/javax/ws/rs/jsr311-api/1.1.1/jsr311-api-1.1.1.jar:/home/runner/.m2/repository/com/sun/jersey/jersey-server/1.19.4/jersey-server-1.19.4.jar:/home/runner/.m2/repository/javax/servlet/javax.servlet-api/3.1.0/javax.servlet-api-3.1.0.jar:/home/runner/.m2/repository/org/apache/hadoop/hadoop-common/3.3.6/hadoop-common-3.3.6.jar:/home/runner/.m2/repository/org/apache/commons/commons-math3/3.6.1/commons-math3-3.6.1.jar:/home/runner/.m2/repository/commons-net/commons-net/3.11.1/commons-net-3.11.1.jar:/home/runner/.m2/repository/com/sun/jersey/jersey-servlet/1.19.4/jersey-servlet-1.19.4.jar:/home/runner/.m2/repository/com/github/pjfanning/jersey-json/1.20/jersey-json-1.20.jar:/home/runner/.m2/repository/org/codehaus/jettison/jettison/1.1/jettison-1.1.jar:/home/runner/.m2/repository/com/sun/xml/bind/jaxb-impl/2.2.3-1/jaxb-impl-2.2.3-1.jar:/home/runner/.m2/repository/com/google/re2j/re2j/1.7/re2j-1.7.jar:/home/runner/.m2/repository/com/jcraft/jsch/0.1.55/jsch-0.1.55.jar:/home/runner/.m2/repository/org/apache/curator/curator-client/4.2.0/curator-client-4.2.0.jar:/home/runner/.m2/repository/org/apache/curator/curator-recipes/5.2.0/curator-recipes-5.2.0.jar:/home/runner/.m2/repository/com/google/code/findbugs/jsr305/3.0.2/jsr305-3.0.2.jar:/home/runner/.m2/repository/dnsjava/dnsjava/2.1.9/dnsjava-2.1.9.jar:/home/runner/.m2/repository/com/fasterxml/jackson/core/jackson-databind/2.16.2/jackson-databind-2.16.2.jar:/home/runner/.m2/repository/org/apache/hadoop/hadoop-kms/3.3.6/hadoop-kms-3.3.6-tests.jar:/home/runner/work/ozone/ozone/hadoop-hdds/server-scm/target/hdds-server-scm-1.5.0-SNAPSHOT-tests.jar:/home/runner/work/ozone/ozone/hadoop-hdds/container-service/target/hdds-container-service-1.5.0-SNAPSHOT-tests.jar:/home/runner/.m2/repository/com/github/luben/zstd-jni/1.5.6-3/zstd-jni-1.5.6-3.jar:/home/runner/.m2/repository/commons-codec/commons-codec/1.17.0/commons-codec-1.17.0.jar:/home/runner/.m2/repository/io/netty/netty-codec/4.1.109.Final/netty-codec-4.1.109.Final.jar:/home/runner/.m2/repository/io/netty/netty-handler/4.1.109.Final/netty-handler-4.1.109.Final.jar:/home/runner/work/ozone/ozone/hadoop-hdds/hadoop-dependency-test/target/hdds-hadoop-dependency-test-1.5.0-SNAPSHOT.jar:/home/runner/.m2/repository/org/apache/hadoop/hadoop-common/3.3.6/hadoop-common-3.3.6-tests.jar:/home/runner/.m2/repository/org/apache/hadoop/hadoop-hdfs/3.3.6/hadoop-hdfs-3.3.6-tests.jar:/home/runner/.m2/repository/org/junit/jupiter/junit-jupiter-engine/5.10.3/junit-jupiter-engine-5.10.3.jar:/home/runner/.m2/repository/org/junit/jupiter/junit-jupiter-params/5.10.3/junit-jupiter-params-5.10.3.jar:/home/runner/.m2/repository/org/mockito/mockito-core/4.11.0/mockito-core-4.11.0.jar:/home/runner/.m2/repository/net/bytebuddy/byte-buddy-agent/1.12.19/byte-buddy-agent-1.12.19.jar:/home/runner/.m2/repository/org/objenesis/objenesis/3.3/objenesis-3.3.jar:/home/runner/.m2/repository/org/mockito/mockito-inline/4.11.0/mockito-inline-4.11.0.jar:/home/runner/.m2/repository/org/mockito/mockito-junit-jupiter/4.11.0/mockito-junit-jupiter-4.11.0.jar:/home/runner/.m2/repository/org/apache/hadoop/hadoop-distcp/3.3.6/hadoop-distcp-3.3.6.jar:/home/runner/.m2/repository/org/apache/hadoop/hadoop-mapreduce-client-jobclient/3.3.6/hadoop-mapreduce-client-jobclient-3.3.6.jar:/home/runner/.m2/repository/org/apache/hadoop/hadoop-mapreduce-client-common/3.3.6/hadoop-mapreduce-client-common-3.3.6.jar:/home/runner/.m2/repository/org/apache/hadoop/hadoop-yarn-common/3.3.6/hadoop-yarn-common-3.3.6.jar:/home/runner/.m2/repository/org/apache/hadoop/hadoop-yarn-api/3.3.6/hadoop-yarn-api-3.3.6.jar:/home/runner/.m2/repository/javax/xml/bind/jaxb-api/2.2.11/jaxb-api-2.2.11.jar:/home/runner/.m2/repository/com/sun/jersey/contribs/jersey-guice/1.19.4/jersey-guice-1.19.4.jar:/home/runner/.m2/repository/com/fasterxml/jackson/jaxrs/jackson-jaxrs-json-provider/2.16.2/jackson-jaxrs-json-provider-2.16.2.jar:/home/runner/.m2/repository/com/fasterxml/jackson/jaxrs/jackson-jaxrs-base/2.16.2/jackson-jaxrs-base-2.16.2.jar:/home/runner/.m2/repository/org/apache/hadoop/hadoop-yarn-client/3.3.6/hadoop-yarn-client-3.3.6.jar:/home/runner/.m2/repository/org/eclipse/jetty/websocket/websocket-client/9.4.51.v20230217/websocket-client-9.4.51.v20230217.jar:/home/runner/.m2/repository/org/eclipse/jetty/websocket/websocket-common/9.4.51.v20230217/websocket-common-9.4.51.v20230217.jar:/home/runner/.m2/repository/org/eclipse/jetty/websocket/websocket-api/9.4.51.v20230217/websocket-api-9.4.51.v20230217.jar:/home/runner/.m2/repository/org/jline/jline/3.9.0/jline-3.9.0.jar:/home/runner/.m2/repository/org/apache/hadoop/hadoop-mapreduce-client-core/3.3.6/hadoop-mapreduce-client-core-3.3.6.jar:/home/runner/.m2/repository/org/apache/avro/avro/1.7.7/avro-1.7.7.jar:/home/runner/.m2/repository/com/thoughtworks/paranamer/paranamer/2.3/paranamer-2.3.jar:/home/runner/.m2/repository/org/apache/hadoop/hadoop-annotations/3.3.6/hadoop-annotations-3.3.6.jar:/home/runner/.m2/repository/io/netty/netty/3.10.6.Final/netty-3.10.6.Final.jar:/home/runner/.m2/repository/org/apache/hadoop/hadoop-distcp/3.3.6/hadoop-distcp-3.3.6-tests.jar:/home/runner/.m2/repository/org/hamcrest/hamcrest/2.2/hamcrest-2.2.jar:/home/runner/.m2/repository/org/slf4j/jul-to-slf4j/2.0.13/jul-to-slf4j-2.0.13.jar:/home/runner/work/ozone/ozone/hadoop-ozone/integration-test/target/gradle-enterprise/test-listeners.jar:"/>
    <property name="sun.cpu.endian" value="little"/>
    <property name="user.home" value="/home/runner"/>
    <property name="user.language" value="en"/>
    <property name="java.specification.vendor" value="Oracle Corporation"/>
    <property name="java.version.date" value="2024-04-16"/>
    <property name="java.home" value="/usr/lib/jvm/temurin-17-jdk-amd64"/>
    <property name="java.security.krb5.conf" value="/home/runner/work/ozone/ozone/hadoop-ozone/integration-test/target/test-classes/krb5.conf"/>
    <property name="file.separator" value="/"/>
    <property name="basedir" value="/home/runner/work/ozone/ozone/hadoop-ozone/integration-test"/>
    <property name="java.vm.compressedOopsMode" value="Zero based"/>
    <property name="line.separator" value="&#10;"/>
    <property name="java.vm.specification.vendor" value="Oracle Corporation"/>
    <property name="java.specification.name" value="Java Platform API Specification"/>
    <property name="skip.installnpx" value="true"/>
    <property name="surefire.real.class.path" value="/home/runner/work/ozone/ozone/hadoop-ozone/integration-test/target/surefire/surefirebooter10522419052273730749.jar"/>
    <property name="hadoop.log.dir" value="/home/runner/work/ozone/ozone/hadoop-ozone/integration-test/target/log"/>
    <property name="sun.management.compiler" value="HotSpot 64-Bit Tiered Compilers"/>
    <property name="java.runtime.version" value="17.0.11+9"/>
    <property name="skip.npx" value="true"/>
    <property name="user.name" value="runner"/>
    <property name="java.net.preferIPv4Stack" value="true"/>
    <property name="path.separator" value=":"/>
    <property name="java.security.egd" value="file:///dev/urandom"/>
    <property name="os.version" value="5.15.0-1067-azure"/>
    <property name="java.runtime.name" value="OpenJDK Runtime Environment"/>
    <property name="com.gradle.maven.scan.extension.test.listener.junitplatform.NestedExecutionSafeDelegatingTestExecutionListener" value="1187c9e8"/>
    <property name="file.encoding" value="UTF-8"/>
    <property name="java.vm.name" value="OpenJDK 64-Bit Server VM"/>
    <property name="java.vendor.version" value="Temurin-17.0.11+9"/>
    <property name="test.build.webapps" value=""/>
    <property name="develocity.listener.surefire.forkId" value="1"/>
    <property name="localRepository" value="/home/runner/.m2/repository"/>
    <property name="java.vendor.url.bug" value="https://github.com/adoptium/adoptium-support/issues"/>
    <property name="jetty.git.hash" value="70015831e5195ba74da6383c4ab7c90c56bb08af"/>
    <property name="java.io.tmpdir" value="/tmp"/>
    <property name="require.test.libhadoop" value=""/>
    <property name="java.version" value="17.0.11"/>
    <property name="user.dir" value="/home/runner/work/ozone/ozone/hadoop-ozone/integration-test"/>
    <property name="os.arch" value="amd64"/>
    <property name="java.vm.specification.name" value="Java Virtual Machine Specification"/>
    <property name="test.build.classes" value="/home/runner/work/ozone/ozone/hadoop-ozone/integration-test/target/test-classes"/>
    <property name="org.apache.ratis.thirdparty.io.netty.allocator.useCacheForAllThreads" value="false"/>
    <property name="native.encoding" value="UTF-8"/>
    <property name="hadoop.tmp.dir" value="/home/runner/work/ozone/ozone/hadoop-ozone/integration-test/target/tmp"/>
    <property name="java.library.path" value="/usr/java/packages/lib:/usr/lib64:/lib64:/lib:/usr/lib"/>
    <property name="java.vm.info" value="mixed mode, sharing"/>
    <property name="java.vendor" value="Eclipse Adoptium"/>
    <property name="java.vm.version" value="17.0.11+9"/>
    <property name="sun.io.unicode.encoding" value="UnicodeLittle"/>
    <property name="develocity.listener.port" value="39487"/>
    <property name="java.class.version" value="61.0"/>
  </properties>
  <testcase name="testOzoneTenantBasicOperations" classname="org.apache.hadoop.ozone.shell.TestOzoneTenantShell" time="0.638">
    <error type="VOLUME_NOT_FOUND org.apache.hadoop.ozone.om.exceptions.OMException"><![CDATA[VOLUME_NOT_FOUND org.apache.hadoop.ozone.om.exceptions.OMException: Volume finance is not found
	at org.apache.hadoop.ozone.om.VolumeManagerImpl.getVolumeInfo(VolumeManagerImpl.java:61)
	at org.apache.hadoop.ozone.om.OzoneManager.getVolumeInfo(OzoneManager.java:2650)
	at org.apache.hadoop.ozone.shell.TestOzoneTenantShell.testOzoneTenantBasicOperations(TestOzoneTenantShell.java:439)
	at java.base/java.lang.reflect.Method.invoke(Method.java:568)
	at java.base/java.util.ArrayList.forEach(ArrayList.java:1511)
	at java.base/java.util.ArrayList.forEach(ArrayList.java:1511)
]]></error>
    <system-out><![CDATA[2024-07-20 16:54:40,969 [main] WARN  server.ServerUtils (ServerUtils.java:getScmDbDir(143)) - ozone.scm.db.dirs is not configured. We recommend adding this setting. Falling back to ozone.metadata.dirs instead.
2024-07-20 16:54:41,135 [main] INFO  reflections.Reflections (Reflections.java:scan(219)) - Reflections took 143 ms to scan 7 urls, producing 158 keys and 370 values
2024-07-20 16:54:41,278 [main] WARN  server.ServerUtils (ServerUtils.java:getScmDbDir(143)) - ozone.scm.db.dirs is not configured. We recommend adding this setting. Falling back to ozone.metadata.dirs instead.
2024-07-20 16:54:41,282 [main] INFO  ha.SCMHANodeDetails (SCMHANodeDetails.java:loadSCMHAConfig(207)) - ServiceID for StorageContainerManager is null
2024-07-20 16:54:41,291 [main] WARN  ha.SCMHANodeDetails (SCMHANodeDetails.java:validateSCMHAConfig(180)) - Default/Configured value of config ozone.scm.ratis.enable conflicts with the expected value. Default/Configured: true. Expected: false. Falling back to the expected value. Current State of SCM: SCM is running without Ratis. Ratis SCM -> Non Ratis SCM is not supported.
2024-07-20 16:54:41,292 [main] INFO  ha.SCMHANodeDetails (SCMHANodeDetails.java:loadSCMHAConfig(212)) - ozone.scm.default.service.id is not defined, falling back to ozone.scm.service.ids to find serviceID for StorageContainerManager if it is HA enabled cluster
2024-07-20 16:54:41,748 [main] WARN  utils.HAUtils (HAUtils.java:getMetaDir(339)) - ozone.scm.db.dirs is not configured. We recommend adding this setting. Falling back to ozone.metadata.dirs instead.
2024-07-20 16:54:41,860 [main] WARN  db.DBStoreBuilder (DBStoreBuilder.java:applyDBDefinition(171)) - ozone.scm.db.dirs is not configured. We recommend adding this setting. Falling back to ozone.metadata.dirs instead.
2024-07-20 16:54:41,868 [main] INFO  utils.LeakDetector (LeakDetector.java:start(73)) - Starting leak detector thread ManagedRocksObject0.
2024-07-20 16:54:42,015 [main] INFO  net.NodeSchemaLoader (NodeSchemaLoader.java:loadSchemaFromFile(129)) - Loading schema from [jar:file:/home/runner/work/ozone/ozone/hadoop-hdds/common/target/hdds-common-1.5.0-SNAPSHOT.jar!/network-topology-default.xml]
2024-07-20 16:54:42,017 [main] INFO  net.NodeSchemaLoader (NodeSchemaLoader.java:loadSchema(176)) - Loading network topology layer schema file
2024-07-20 16:54:42,055 [main] INFO  metrics.MetricRegistries (MetricRegistriesLoader.java:load(64)) - Loaded MetricRegistries class org.apache.ratis.metrics.dropwizard3.Dm3MetricRegistriesImpl
2024-07-20 16:54:42,067 [main] INFO  upgrade.AbstractLayoutVersionManager (AbstractLayoutVersionManager.java:init(83)) - Initializing Layout version manager with metadata layout = HADOOP_PRC_PORTS_IN_DATANODEDETAILS (version = 7), software layout = HADOOP_PRC_PORTS_IN_DATANODEDETAILS (version = 7)
2024-07-20 16:54:42,213 [main] INFO  ha.SequenceIdGenerator (SequenceIdGenerator.java:upgradeToSequenceId(369)) - upgrade localId to 113750153625600000
2024-07-20 16:54:42,217 [main] INFO  ha.SequenceIdGenerator (SequenceIdGenerator.java:upgradeToSequenceId(379)) - upgrade delTxnId to 0
2024-07-20 16:54:42,223 [main] INFO  ha.SequenceIdGenerator (SequenceIdGenerator.java:upgradeToSequenceId(396)) - upgrade containerId to 0
2024-07-20 16:54:42,226 [main] INFO  ha.SequenceIdGenerator (SequenceIdGenerator.java:upgradeToCertificateSequenceId(433)) - upgrade CertificateId to 2
2024-07-20 16:54:42,228 [main] INFO  ha.SequenceIdGenerator (SequenceIdGenerator.java:<init>(240)) - Init the HA SequenceIdGenerator.
2024-07-20 16:54:42,271 [main] WARN  server.ServerUtils (ServerUtils.java:sanitizeUserArgs(79)) - ozone.scm.stale.node.interval value = 300000 is larger than max = 100000 based on the key value of ozone.scm.heartbeat.thread.interval, reset to the max value 100000.
2024-07-20 16:54:42,272 [main] WARN  server.ServerUtils (ServerUtils.java:sanitizeUserArgs(79)) - ozone.scm.stale.node.interval value = 300000 is larger than max = 100000 based on the key value of ozone.scm.heartbeat.thread.interval, reset to the max value 100000.
2024-07-20 16:54:42,277 [main] INFO  node.SCMNodeManager (SCMNodeManager.java:<init>(177)) - Entering startup safe mode.
2024-07-20 16:54:42,288 [main] INFO  algorithms.ContainerPlacementPolicyFactory (ContainerPlacementPolicyFactory.java:getPolicyInternal(86)) - Create container placement policy of type org.apache.hadoop.hdds.scm.container.placement.algorithms.SCMContainerPlacementRackAware
2024-07-20 16:54:42,306 [main] INFO  algorithms.ContainerPlacementPolicyFactory (ContainerPlacementPolicyFactory.java:getPolicyInternal(86)) - Create container placement policy of type org.apache.hadoop.hdds.scm.container.placement.algorithms.SCMContainerPlacementRackScatter
2024-07-20 16:54:42,313 [main] INFO  pipeline.PipelineStateManagerImpl (PipelineStateManagerImpl.java:initialize(78)) - No pipeline exists in current db
2024-07-20 16:54:42,325 [main] INFO  algorithms.LeaderChoosePolicyFactory (LeaderChoosePolicyFactory.java:getPolicy(57)) - Create leader choose policy of type org.apache.hadoop.hdds.scm.pipeline.leader.choose.algorithms.MinLeaderCountChoosePolicy
2024-07-20 16:54:42,326 [main] INFO  algorithms.ContainerPlacementPolicyFactory (ContainerPlacementPolicyFactory.java:getPolicyInternal(86)) - Create container placement policy of type org.apache.hadoop.hdds.scm.container.placement.algorithms.SCMContainerPlacementRackScatter
2024-07-20 16:54:42,332 [main] INFO  ha.SCMServiceManager (SCMServiceManager.java:register(42)) - Registering service BackgroundPipelineCreator.
2024-07-20 16:54:42,332 [main] INFO  pipeline.BackgroundPipelineCreator (BackgroundPipelineCreator.java:start(127)) - Starting RatisPipelineUtilsThread.
2024-07-20 16:54:42,336 [main] INFO  BackgroundPipelineScrubber (BackgroundSCMService.java:start(65)) - Starting BackgroundPipelineScrubber Service.
2024-07-20 16:54:42,336 [main] INFO  ha.SCMServiceManager (SCMServiceManager.java:register(42)) - Registering service BackgroundPipelineScrubber.
2024-07-20 16:54:42,343 [main] INFO  ExpiredContainerReplicaOpScrubber (BackgroundSCMService.java:start(65)) - Starting ExpiredContainerReplicaOpScrubber Service.
2024-07-20 16:54:42,344 [main] INFO  ha.SCMServiceManager (SCMServiceManager.java:register(42)) - Registering service ExpiredContainerReplicaOpScrubber.
2024-07-20 16:54:42,369 [main] INFO  algorithms.PipelineChoosePolicyFactory (PipelineChoosePolicyFactory.java:createPipelineChoosePolicyFromClass(80)) - Create pipeline choose policy of type org.apache.hadoop.hdds.scm.pipeline.choose.algorithms.RandomPipelineChoosePolicy
2024-07-20 16:54:42,369 [main] INFO  algorithms.PipelineChoosePolicyFactory (PipelineChoosePolicyFactory.java:createPipelineChoosePolicyFromClass(80)) - Create pipeline choose policy of type org.apache.hadoop.hdds.scm.pipeline.choose.algorithms.RandomPipelineChoosePolicy
2024-07-20 16:54:42,390 [main] INFO  ha.SCMServiceManager (SCMServiceManager.java:register(42)) - Registering service SCMBlockDeletingService.
2024-07-20 16:54:42,442 [main] INFO  replication.ReplicationManager (ReplicationManager.java:start(296)) - Starting Replication Monitor Thread.
2024-07-20 16:54:42,444 [main] INFO  ha.SCMServiceManager (SCMServiceManager.java:register(42)) - Registering service ReplicationManager.
2024-07-20 16:54:42,444 [ReplicationMonitor] INFO  replication.ReplicationManager (ReplicationManager.java:processAll(373)) - Replication Manager is not ready to run until 3000ms after safemode exit
2024-07-20 16:54:42,447 [main] INFO  safemode.SCMSafeModeManager (SCMSafeModeManager.java:exitSafeMode(248)) - SCM exiting safe mode.
2024-07-20 16:54:42,447 [main] INFO  ha.SCMContext (SCMContext.java:updateSafeModeStatus(225)) - Update SafeModeStatus from SafeModeStatus{safeModeStatus=true, preCheckPassed=false} to SafeModeStatus{safeModeStatus=false, preCheckPassed=true}.
2024-07-20 16:54:42,448 [main] INFO  pipeline.BackgroundPipelineCreator (BackgroundPipelineCreator.java:notifyStatusChanged(258)) - Service BackgroundPipelineCreator transitions to RUNNING.
2024-07-20 16:54:42,449 [main] INFO  BackgroundPipelineScrubber (BackgroundSCMService.java:notifyStatusChanged(79)) - Service BackgroundPipelineScrubber transitions to RUNNING.
2024-07-20 16:54:42,449 [main] INFO  ExpiredContainerReplicaOpScrubber (BackgroundSCMService.java:notifyStatusChanged(79)) - Service ExpiredContainerReplicaOpScrubber transitions to RUNNING.
2024-07-20 16:54:42,449 [main] INFO  block.SCMBlockDeletingService (SCMBlockDeletingService.java:notifyStatusChanged(247)) - notifyStatusChanged:RUNNING
2024-07-20 16:54:42,450 [main] INFO  replication.ReplicationManager (ReplicationManager.java:notifyStatusChanged(1406)) - Service ReplicationManager transitions to RUNNING.
2024-07-20 16:54:42,502 [main] INFO  server.StorageContainerManager (StorageContainerManager.java:<init>(442)) - SCM start with adminUsers: [runner]
2024-07-20 16:54:42,823 [main] INFO  audit.AuditLogger (AuditLogger.java:refreshDebugCmdSet(135)) - Refresh DebugCmdSet for SCMAudit to [].
2024-07-20 16:54:42,844 [main] INFO  ipc.CallQueueManager (CallQueueManager.java:<init>(90)) - Using callQueue: class java.util.concurrent.LinkedBlockingQueue, queueCapacity: 10000, scheduler: class org.apache.hadoop.ipc.DefaultRpcScheduler, ipcBackoff: false.
2024-07-20 16:54:42,865 [main] INFO  ipc.Server (Server.java:<init>(1287)) - Listener at 0.0.0.0:15002
2024-07-20 16:54:42,868 [Socket Reader #1 for port 15002] INFO  ipc.Server (Server.java:run(1323)) - Starting Socket Reader #1 for port 15002
2024-07-20 16:54:42,921 [main] INFO  audit.AuditLogger (AuditLogger.java:refreshDebugCmdSet(135)) - Refresh DebugCmdSet for SCMAudit to [].
2024-07-20 16:54:42,927 [main] INFO  ipc.CallQueueManager (CallQueueManager.java:<init>(90)) - Using callQueue: class java.util.concurrent.LinkedBlockingQueue, queueCapacity: 10000, scheduler: class org.apache.hadoop.ipc.DefaultRpcScheduler, ipcBackoff: false.
2024-07-20 16:54:42,928 [main] INFO  ipc.Server (Server.java:<init>(1287)) - Listener at 0.0.0.0:15001
2024-07-20 16:54:42,930 [Socket Reader #1 for port 15001] INFO  ipc.Server (Server.java:run(1323)) - Starting Socket Reader #1 for port 15001
2024-07-20 16:54:42,966 [main] INFO  audit.AuditLogger (AuditLogger.java:refreshDebugCmdSet(135)) - Refresh DebugCmdSet for SCMAudit to [].
2024-07-20 16:54:42,978 [main] INFO  ipc.CallQueueManager (CallQueueManager.java:<init>(90)) - Using callQueue: class java.util.concurrent.LinkedBlockingQueue, queueCapacity: 10000, scheduler: class org.apache.hadoop.ipc.DefaultRpcScheduler, ipcBackoff: false.
2024-07-20 16:54:42,979 [main] INFO  ipc.Server (Server.java:<init>(1287)) - Listener at 0.0.0.0:15000
2024-07-20 16:54:42,980 [Socket Reader #1 for port 15000] INFO  ipc.Server (Server.java:run(1323)) - Starting Socket Reader #1 for port 15000
2024-07-20 16:54:43,043 [main] INFO  ha.SCMServiceManager (SCMServiceManager.java:register(42)) - Registering service ContainerBalancer.
2024-07-20 16:54:43,044 [main] INFO  ha.SCMContext (SCMContext.java:updateSafeModeStatus(225)) - Update SafeModeStatus from SafeModeStatus{safeModeStatus=false, preCheckPassed=true} to SafeModeStatus{safeModeStatus=false, preCheckPassed=true}.
2024-07-20 16:54:43,049 [main] WARN  balancer.ContainerBalancer (ContainerBalancer.java:shouldRun(134)) - Could not find persisted configuration for ContainerBalancer when checking if ContainerBalancer should run. ContainerBalancer should not run now.
2024-07-20 16:54:43,052 [main] INFO  server.StorageContainerManager (StorageContainerManager.java:start(1541)) - StorageContainerLocationProtocol RPC server is listening at /0.0.0.0:15000
2024-07-20 16:54:43,118 [main] WARN  impl.MetricsConfig (MetricsConfig.java:loadFirst(136)) - Cannot locate configuration: tried hadoop-metrics2-storagecontainermanager.properties,hadoop-metrics2.properties
2024-07-20 16:54:43,128 [main] INFO  impl.MetricsSystemImpl (MetricsSystemImpl.java:startTimer(378)) - Scheduled Metric snapshot period at 10 second(s).
2024-07-20 16:54:43,128 [main] INFO  impl.MetricsSystemImpl (MetricsSystemImpl.java:start(191)) - StorageContainerManager metrics system started
2024-07-20 16:54:43,304 [main] INFO  server.SCMClientProtocolServer (SCMClientProtocolServer.java:start(204)) - RPC server for Client  is listening at /0.0.0.0:15000
2024-07-20 16:54:43,305 [IPC Server listener on 15000] INFO  ipc.Server (Server.java:run(1402)) - IPC Server listener on 15000: starting
2024-07-20 16:54:43,306 [IPC Server Responder] INFO  ipc.Server (Server.java:run(1562)) - IPC Server Responder: starting
2024-07-20 16:54:43,371 [main] INFO  server.StorageContainerManager (StorageContainerManager.java:start(1554)) - ScmBlockLocationProtocol RPC server is listening at /0.0.0.0:15001
2024-07-20 16:54:43,372 [main] INFO  server.SCMBlockProtocolServer (SCMBlockProtocolServer.java:start(167)) - RPC server for Block Protocol is listening at /0.0.0.0:15001
2024-07-20 16:54:43,373 [IPC Server Responder] INFO  ipc.Server (Server.java:run(1562)) - IPC Server Responder: starting
2024-07-20 16:54:43,374 [IPC Server listener on 15001] INFO  ipc.Server (Server.java:run(1402)) - IPC Server listener on 15001: starting
2024-07-20 16:54:43,423 [main] INFO  server.SCMDatanodeProtocolServer (SCMDatanodeProtocolServer.java:start(194)) - ScmDatanodeProtocol RPC server for DataNodes is listening at /0.0.0.0:15002
2024-07-20 16:54:43,425 [IPC Server Responder] INFO  ipc.Server (Server.java:run(1562)) - IPC Server Responder: starting
2024-07-20 16:54:43,425 [IPC Server listener on 15002] INFO  ipc.Server (Server.java:run(1402)) - IPC Server listener on 15002: starting
2024-07-20 16:54:43,485 [JvmPauseMonitor0] INFO  util.JvmPauseMonitor (JvmPauseMonitor.java:run(146)) - JvmPauseMonitor-854d00fa-18a1-48ca-910a-0b7fe9df4975: Started
2024-07-20 16:54:43,497 [main] INFO  http.BaseHttpServer (BaseHttpServer.java:newHttpServer2BuilderForOzone(223)) - Starting Web-server for scm at: http://0.0.0.0:15003
2024-07-20 16:54:43,499 [main] INFO  http.BaseHttpServer (BaseHttpServer.java:<init>(110)) - Hadoop Security Enabled: false Ozone Security Enabled: false Ozone HTTP Security Enabled: false 
2024-07-20 16:54:43,523 [main] INFO  util.log (Log.java:initialized(170)) - Logging initialized @4494ms to org.eclipse.jetty.util.log.Slf4jLog
2024-07-20 16:54:43,593 [main] WARN  server.AuthenticationFilter (AuthenticationFilter.java:constructSecretProvider(240)) - Unable to initialize FileSignerSecretProvider, falling back to use random secrets. Reason: Could not read signature secret file: /home/runner/hadoop-http-auth-signature-secret
2024-07-20 16:54:43,599 [main] INFO  http.HttpRequestLog (HttpRequestLog.java:getRequestLog(86)) - Http request log for http.requests.scm is not defined
2024-07-20 16:54:43,606 [main] INFO  http.HttpServer2 (HttpServer2.java:addGlobalFilter(1035)) - Added global filter 'safety' (class=org.apache.hadoop.hdds.server.http.HttpServer2$QuotingInputFilter)
2024-07-20 16:54:43,609 [main] INFO  http.HttpServer2 (HttpServer2.java:addFilter(1011)) - Added filter static_user_filter (class=org.apache.hadoop.http.lib.StaticUserWebFilter$StaticUserFilter) to context scm
2024-07-20 16:54:43,609 [main] INFO  http.HttpServer2 (HttpServer2.java:addFilter(1019)) - Added filter static_user_filter (class=org.apache.hadoop.http.lib.StaticUserWebFilter$StaticUserFilter) to context logs
2024-07-20 16:54:43,609 [main] INFO  http.HttpServer2 (HttpServer2.java:addFilter(1019)) - Added filter static_user_filter (class=org.apache.hadoop.http.lib.StaticUserWebFilter$StaticUserFilter) to context static
2024-07-20 16:54:43,635 [main] INFO  http.BaseHttpServer (BaseHttpServer.java:<init>(189)) - HTTP server of scm uses base directory /home/runner/work/ozone/ozone/hadoop-ozone/integration-test/target/test-dir/MiniOzoneClusterImpl-f7452c88-0c37-4f5d-a1f6-a5ee96fcef81/ozone-meta/webserver
2024-07-20 16:54:43,636 [main] INFO  http.HttpServer2 (HttpServer2.java:bindListener(1235)) - Jetty bound to port 15003
2024-07-20 16:54:43,637 [main] INFO  server.Server (Server.java:doStart(375)) - jetty-9.4.55.v20240627; built: 2024-06-27T15:05:37.765Z; git: 70015831e5195ba74da6383c4ab7c90c56bb08af; jvm 17.0.11+9
2024-07-20 16:54:43,659 [main] INFO  server.session (DefaultSessionIdManager.java:doStart(334)) - DefaultSessionIdManager workerName=node0
2024-07-20 16:54:43,660 [main] INFO  server.session (DefaultSessionIdManager.java:doStart(339)) - No SessionScavenger set, using defaults
2024-07-20 16:54:43,661 [main] INFO  server.session (HouseKeeper.java:startScavenging(132)) - node0 Scavenging every 600000ms
2024-07-20 16:54:43,672 [main] INFO  handler.ContextHandler (ContextHandler.java:doStart(921)) - Started o.e.j.s.ServletContextHandler@69a14512{logs,/logs,file:///home/runner/work/ozone/ozone/hadoop-ozone/integration-test/target/log,AVAILABLE}
2024-07-20 16:54:43,673 [main] INFO  handler.ContextHandler (ContextHandler.java:doStart(921)) - Started o.e.j.s.ServletContextHandler@58052571{static,/static,file:///home/runner/work/ozone/ozone/hadoop-ozone/integration-test/target/test-classes/webapps/static,AVAILABLE}
2024-07-20 16:54:43,708 [main] INFO  handler.ContextHandler (ContextHandler.java:doStart(921)) - Started o.e.j.w.WebAppContext@f3cc2e0{scm,/,file:///home/runner/work/ozone/ozone/hadoop-ozone/integration-test/target/test-classes/webapps/scm/,AVAILABLE}{file:/home/runner/work/ozone/ozone/hadoop-ozone/integration-test/target/test-classes/webapps/scm}
2024-07-20 16:54:43,714 [main] INFO  server.AbstractConnector (AbstractConnector.java:doStart(333)) - Started ServerConnector@138d85f8{HTTP/1.1, (http/1.1)}{0.0.0.0:15003}
2024-07-20 16:54:43,715 [main] INFO  server.Server (Server.java:doStart(415)) - Started @4686ms
2024-07-20 16:54:43,718 [main] INFO  impl.MetricsSinkAdapter (MetricsSinkAdapter.java:start(204)) - Sink prometheus started
2024-07-20 16:54:43,719 [main] INFO  impl.MetricsSystemImpl (MetricsSystemImpl.java:registerSink(305)) - Registered sink prometheus
2024-07-20 16:54:43,720 [main] INFO  http.BaseHttpServer (BaseHttpServer.java:updateConnectorAddress(354)) - HTTP server of scm listening at http://0.0.0.0:15003
2024-07-20 16:54:43,729 [main] INFO  db.CodecBuffer (CodecBuffer.java:set(63)) - Successfully set constructor to org.apache.hadoop.hdds.utils.db.CodecBuffer$$Lambda$809/0x00007fecb45ce748@32ff3c98
2024-07-20 16:54:43,778 [main] INFO  audit.AuditLogger (AuditLogger.java:refreshDebugCmdSet(135)) - Refresh DebugCmdSet for OMAudit to [].
2024-07-20 16:54:43,835 [main] INFO  ha.OMHANodeDetails (OMHANodeDetails.java:loadOMHAConfig(121)) - ServiceID for OzoneManager is om-service-test1
2024-07-20 16:54:43,840 [main] INFO  ha.OMHANodeDetails (OMHANodeDetails.java:loadOMHAConfig(201)) - Found matching OM address with OMServiceId: om-service-test1, OMNodeId: omNode-1, RPC Address: localhost:15004 and Ratis port: 15007
2024-07-20 16:54:43,841 [main] INFO  ha.OMHANodeDetails (ConfUtils.java:setNodeSpecificConfigs(97)) - Setting configuration key ozone.om.http-address with value of key ozone.om.http-address.om-service-test1.omNode-1: 127.0.0.1:15005
2024-07-20 16:54:43,842 [main] INFO  ha.OMHANodeDetails (ConfUtils.java:setNodeSpecificConfigs(97)) - Setting configuration key ozone.om.https-address with value of key ozone.om.https-address.om-service-test1.omNode-1: 127.0.0.1:15006
2024-07-20 16:54:43,842 [main] INFO  ha.OMHANodeDetails (ConfUtils.java:setNodeSpecificConfigs(97)) - Setting configuration key ozone.om.address with value of key ozone.om.address.om-service-test1.omNode-1: 127.0.0.1:15004
2024-07-20 16:54:43,843 [main] WARN  server.ServerUtils (ServerUtils.java:getDBPath(299)) - ozone.om.db.dirs is not configured. We recommend adding this setting. Falling back to ozone.metadata.dirs instead.
2024-07-20 16:54:43,852 [main] INFO  proxy.SCMBlockLocationFailoverProxyProvider (SCMBlockLocationFailoverProxyProvider.java:<init>(115)) - Created block location fail-over proxy with 1 nodes: [nodeId=scmNodeId,nodeAddress=/0.0.0.0:15001]
2024-07-20 16:54:44,026 | INFO  | SCMAudit | user=runner | ip=127.0.0.1 | op=GET_SCM_INFO null | ret=SUCCESS |  
OM initialization succeeded.Current cluster id for sd=/home/runner/work/ozone/ozone/hadoop-ozone/integration-test/target/test-dir/MiniOzoneClusterImpl-f7452c88-0c37-4f5d-a1f6-a5ee96fcef81/omNode-1/om;cid=f7452c88-0c37-4f5d-a1f6-a5ee96fcef81;layoutVersion=6
2024-07-20 16:54:44,039 [main] INFO  ha.OMHANodeDetails (OMHANodeDetails.java:loadOMHAConfig(121)) - ServiceID for OzoneManager is om-service-test1
2024-07-20 16:54:44,041 [main] INFO  ha.OMHANodeDetails (OMHANodeDetails.java:loadOMHAConfig(201)) - Found matching OM address with OMServiceId: om-service-test1, OMNodeId: omNode-1, RPC Address: localhost:15004 and Ratis port: 15007
2024-07-20 16:54:44,042 [main] INFO  ha.OMHANodeDetails (ConfUtils.java:setNodeSpecificConfigs(97)) - Setting configuration key ozone.om.http-address with value of key ozone.om.http-address.om-service-test1.omNode-1: 127.0.0.1:15005
2024-07-20 16:54:44,042 [main] INFO  ha.OMHANodeDetails (ConfUtils.java:setNodeSpecificConfigs(97)) - Setting configuration key ozone.om.https-address with value of key ozone.om.https-address.om-service-test1.omNode-1: 127.0.0.1:15006
2024-07-20 16:54:44,043 [main] INFO  ha.OMHANodeDetails (ConfUtils.java:setNodeSpecificConfigs(97)) - Setting configuration key ozone.om.address with value of key ozone.om.address.om-service-test1.omNode-1: 127.0.0.1:15004
2024-07-20 16:54:44,044 [main] WARN  server.ServerUtils (ServerUtils.java:getDBPath(299)) - ozone.om.db.dirs is not configured. We recommend adding this setting. Falling back to ozone.metadata.dirs instead.
2024-07-20 16:54:44,048 [main] INFO  upgrade.AbstractLayoutVersionManager (AbstractLayoutVersionManager.java:init(83)) - Initializing Layout version manager with metadata layout = QUOTA (version = 6), software layout = QUOTA (version = 6)
2024-07-20 16:54:44,125 [main] INFO  reflections.Reflections (Reflections.java:scan(219)) - Reflections took 75 ms to scan 2 urls, producing 188 keys and 546 values
2024-07-20 16:54:44,128 [main] INFO  upgrade.OMLayoutVersionManager (OMLayoutVersionManager.java:lambda$0(113)) - Skipping Upgrade Action QuotaRepairUpgradeAction since it has been finalized.
2024-07-20 16:54:44,130 [main] INFO  upgrade.OMLayoutVersionManager (OMLayoutVersionManager.java:lambda$0(113)) - Skipping Upgrade Action MockOmUpgradeAction since it has been finalized.
2024-07-20 16:54:44,131 [main] WARN  server.ServerUtils (ServerUtils.java:getDBPath(299)) - ozone.om.db.dirs is not configured. We recommend adding this setting. Falling back to ozone.metadata.dirs instead.
2024-07-20 16:54:44,223 [main] INFO  proxy.SCMBlockLocationFailoverProxyProvider (SCMBlockLocationFailoverProxyProvider.java:<init>(115)) - Created block location fail-over proxy with 1 nodes: [nodeId=scmNodeId,nodeAddress=/0.0.0.0:15001]
2024-07-20 16:54:44,233 [main] INFO  proxy.SCMBlockLocationFailoverProxyProvider (SCMBlockLocationFailoverProxyProvider.java:<init>(115)) - Created block location fail-over proxy with 1 nodes: [nodeId=scmNodeId,nodeAddress=/0.0.0.0:15001]
2024-07-20 16:54:44,239 | INFO  | SCMAudit | user=runner | ip=127.0.0.1 | op=GET_SCM_INFO null | ret=SUCCESS |  
2024-07-20 16:54:44,254 [main] INFO  om.OzoneManager (OzoneManager.java:<init>(678)) - OM start with adminUsers: [runner]
2024-07-20 16:54:44,268 [main] WARN  server.ServerUtils (ServerUtils.java:getDBPath(299)) - ozone.om.db.dirs is not configured. We recommend adding this setting. Falling back to ozone.metadata.dirs instead.
2024-07-20 16:54:44,289 [main] INFO  helpers.OmKeyInfo (OmKeyInfo.java:getCodec(72)) - OmKeyInfo.getCodec ignorePipeline = true
2024-07-20 16:54:44,539 [main] INFO  om.OzoneManager (OzoneManager.java:instantiateServices(812)) - S3 Multi-Tenancy is enabled
2024-07-20 16:54:44,546 [main] INFO  om.OMMultiTenantManagerImpl (OMMultiTenantManagerImpl.java:loadTenantCacheFromDB(899)) - Loaded 0 tenants and 0 tenant users from the database
2024-07-20 16:54:44,553 [omNode-1-OMRangerBGSyncService#0] WARN  service.OMRangerBGSyncService (OMRangerBGSyncService.java:shouldRun(265)) - OzoneManagerRatisServer is not initialized yet
2024-07-20 16:54:44,581 [main] INFO  om.OmSnapshotManager (OmSnapshotManager.java:<init>(180)) - Ozone filesystem snapshot feature is enabled.
2024-07-20 16:54:44,587 [main] WARN  server.ServerUtils (ServerUtils.java:getDBPath(299)) - ozone.om.snapshot.diff.db.dir is not configured. We recommend adding this setting. Falling back to ozone.metadata.dirs instead.
2024-07-20 16:54:44,624 [main] INFO  utils.NativeLibraryLoader (NativeLibraryLoader.java:loadLibrary(111)) - Loading Library: ozone_rocksdb_tools
2024-07-20 16:54:44,626 [main] ERROR snapshot.SnapshotDiffManager (SnapshotDiffManager.java:initNativeLibraryForEfficientDiff(287)) - Native Library for raw sst file reading loading failed.
org.apache.hadoop.hdds.utils.NativeLibraryNotLoadedException: Unable to load library ozone_rocksdb_tools from both java.library.path & resource file libozone_rocksdb_tools.so from jar.
	at org.apache.hadoop.hdds.utils.db.managed.ManagedRawSSTFileReader.loadLibrary(ManagedRawSSTFileReader.java:40)
	at org.apache.hadoop.ozone.om.snapshot.SnapshotDiffManager.initNativeLibraryForEfficientDiff(SnapshotDiffManager.java:285)
	at org.apache.hadoop.ozone.om.snapshot.SnapshotDiffManager.<init>(SnapshotDiffManager.java:259)
	at org.apache.hadoop.ozone.om.OmSnapshotManager.<init>(OmSnapshotManager.java:287)
	at org.apache.hadoop.ozone.om.OzoneManager.instantiateServices(OzoneManager.java:864)
	at org.apache.hadoop.ozone.om.OzoneManager.<init>(OzoneManager.java:688)
	at org.apache.hadoop.ozone.om.OzoneManager.createOm(OzoneManager.java:775)
	at org.apache.hadoop.ozone.MiniOzoneHAClusterImpl$Builder.createOMService(MiniOzoneHAClusterImpl.java:510)
	at org.apache.hadoop.ozone.MiniOzoneHAClusterImpl$Builder.build(MiniOzoneHAClusterImpl.java:425)
	at org.apache.hadoop.ozone.shell.TestOzoneTenantShell.init(TestOzoneTenantShell.java:159)
	at java.base/jdk.internal.reflect.NativeMethodAccessorImpl.invoke0(Native Method)
	at java.base/jdk.internal.reflect.NativeMethodAccessorImpl.invoke(NativeMethodAccessorImpl.java:77)
	at java.base/jdk.internal.reflect.DelegatingMethodAccessorImpl.invoke(DelegatingMethodAccessorImpl.java:43)
	at java.base/java.lang.reflect.Method.invoke(Method.java:568)
	at org.junit.platform.commons.util.ReflectionUtils.invokeMethod(ReflectionUtils.java:728)
	at org.junit.jupiter.engine.execution.MethodInvocation.proceed(MethodInvocation.java:60)
	at org.junit.jupiter.engine.execution.InvocationInterceptorChain$ValidatingInvocation.proceed(InvocationInterceptorChain.java:131)
	at org.junit.jupiter.engine.extension.TimeoutExtension.intercept(TimeoutExtension.java:156)
	at org.junit.jupiter.engine.extension.TimeoutExtension.interceptLifecycleMethod(TimeoutExtension.java:128)
	at org.junit.jupiter.engine.extension.TimeoutExtension.interceptBeforeAllMethod(TimeoutExtension.java:70)
	at org.junit.jupiter.engine.execution.InterceptingExecutableInvoker$ReflectiveInterceptorCall.lambda$ofVoidMethod$0(InterceptingExecutableInvoker.java:103)
	at org.junit.jupiter.engine.execution.InterceptingExecutableInvoker.lambda$invoke$0(InterceptingExecutableInvoker.java:93)
	at org.junit.jupiter.engine.execution.InvocationInterceptorChain$InterceptedInvocation.proceed(InvocationInterceptorChain.java:106)
	at org.junit.jupiter.engine.execution.InvocationInterceptorChain.proceed(InvocationInterceptorChain.java:64)
	at org.junit.jupiter.engine.execution.InvocationInterceptorChain.chainAndInvoke(InvocationInterceptorChain.java:45)
	at org.junit.jupiter.engine.execution.InvocationInterceptorChain.invoke(InvocationInterceptorChain.java:37)
	at org.junit.jupiter.engine.execution.InterceptingExecutableInvoker.invoke(InterceptingExecutableInvoker.java:92)
	at org.junit.jupiter.engine.execution.InterceptingExecutableInvoker.invoke(InterceptingExecutableInvoker.java:86)
	at org.junit.jupiter.engine.descriptor.ClassBasedTestDescriptor.lambda$invokeBeforeAllMethods$13(ClassBasedTestDescriptor.java:412)
	at org.junit.platform.engine.support.hierarchical.ThrowableCollector.execute(ThrowableCollector.java:73)
	at org.junit.jupiter.engine.descriptor.ClassBasedTestDescriptor.invokeBeforeAllMethods(ClassBasedTestDescriptor.java:410)
	at org.junit.jupiter.engine.descriptor.ClassBasedTestDescriptor.before(ClassBasedTestDescriptor.java:216)
	at org.junit.jupiter.engine.descriptor.ClassBasedTestDescriptor.before(ClassBasedTestDescriptor.java:85)
	at org.junit.platform.engine.support.hierarchical.NodeTestTask.lambda$executeRecursively$6(NodeTestTask.java:148)
	at org.junit.platform.engine.support.hierarchical.ThrowableCollector.execute(ThrowableCollector.java:73)
	at org.junit.platform.engine.support.hierarchical.NodeTestTask.lambda$executeRecursively$8(NodeTestTask.java:141)
	at org.junit.platform.engine.support.hierarchical.Node.around(Node.java:137)
	at org.junit.platform.engine.support.hierarchical.NodeTestTask.lambda$executeRecursively$9(NodeTestTask.java:139)
	at org.junit.platform.engine.support.hierarchical.ThrowableCollector.execute(ThrowableCollector.java:73)
	at org.junit.platform.engine.support.hierarchical.NodeTestTask.executeRecursively(NodeTestTask.java:138)
	at org.junit.platform.engine.support.hierarchical.NodeTestTask.execute(NodeTestTask.java:95)
	at java.base/java.util.ArrayList.forEach(ArrayList.java:1511)
	at org.junit.platform.engine.support.hierarchical.SameThreadHierarchicalTestExecutorService.invokeAll(SameThreadHierarchicalTestExecutorService.java:41)
	at org.junit.platform.engine.support.hierarchical.NodeTestTask.lambda$executeRecursively$6(NodeTestTask.java:155)
	at org.junit.platform.engine.support.hierarchical.ThrowableCollector.execute(ThrowableCollector.java:73)
	at org.junit.platform.engine.support.hierarchical.NodeTestTask.lambda$executeRecursively$8(NodeTestTask.java:141)
	at org.junit.platform.engine.support.hierarchical.Node.around(Node.java:137)
	at org.junit.platform.engine.support.hierarchical.NodeTestTask.lambda$executeRecursively$9(NodeTestTask.java:139)
	at org.junit.platform.engine.support.hierarchical.ThrowableCollector.execute(ThrowableCollector.java:73)
	at org.junit.platform.engine.support.hierarchical.NodeTestTask.executeRecursively(NodeTestTask.java:138)
	at org.junit.platform.engine.support.hierarchical.NodeTestTask.execute(NodeTestTask.java:95)
	at org.junit.platform.engine.support.hierarchical.SameThreadHierarchicalTestExecutorService.submit(SameThreadHierarchicalTestExecutorService.java:35)
	at org.junit.platform.engine.support.hierarchical.HierarchicalTestExecutor.execute(HierarchicalTestExecutor.java:57)
	at org.junit.platform.engine.support.hierarchical.HierarchicalTestEngine.execute(HierarchicalTestEngine.java:54)
	at org.junit.platform.launcher.core.EngineExecutionOrchestrator.execute(EngineExecutionOrchestrator.java:198)
	at org.junit.platform.launcher.core.EngineExecutionOrchestrator.execute(EngineExecutionOrchestrator.java:169)
	at org.junit.platform.launcher.core.EngineExecutionOrchestrator.execute(EngineExecutionOrchestrator.java:93)
	at org.junit.platform.launcher.core.EngineExecutionOrchestrator.lambda$execute$0(EngineExecutionOrchestrator.java:58)
	at org.junit.platform.launcher.core.EngineExecutionOrchestrator.withInterceptedStreams(EngineExecutionOrchestrator.java:141)
	at org.junit.platform.launcher.core.EngineExecutionOrchestrator.execute(EngineExecutionOrchestrator.java:57)
	at org.junit.platform.launcher.core.DefaultLauncher.execute(DefaultLauncher.java:103)
	at org.junit.platform.launcher.core.DefaultLauncher.execute(DefaultLauncher.java:85)
	at org.junit.platform.launcher.core.DelegatingLauncher.execute(DelegatingLauncher.java:47)
	at org.junit.platform.launcher.core.SessionPerRequestLauncher.execute(SessionPerRequestLauncher.java:63)
	at org.apache.maven.surefire.junitplatform.JUnitPlatformProvider.invokeAllTests(JUnitPlatformProvider.java:154)
	at org.apache.maven.surefire.junitplatform.JUnitPlatformProvider.invoke(JUnitPlatformProvider.java:123)
	at org.apache.maven.surefire.booter.ForkedBooter.runSuitesInProcess(ForkedBooter.java:377)
	at org.apache.maven.surefire.booter.ForkedBooter.execute(ForkedBooter.java:138)
	at org.apache.maven.surefire.booter.ForkedBooter.run(ForkedBooter.java:465)
	at org.apache.maven.surefire.booter.ForkedBooter.main(ForkedBooter.java:451)
2024-07-20 16:54:44,675 [main] INFO  om.OzoneManager (OzoneManager.java:addS3GVolumeToDB(4463)) - Created Volume s3v With Owner runner required for S3Gateway operations.
2024-07-20 16:54:44,723 [main] WARN  server.ServerUtils (ServerUtils.java:getDefaultRatisDirectory(311)) - Storage directory for Ratis is not configured. It is a good idea to map this to an SSD disk. Falling back to ozone.metadata.dirs
2024-07-20 16:54:44,724 [main] WARN  utils.OzoneManagerRatisUtils (OzoneManagerRatisUtils.java:getOMRatisSnapshotDirectory(476)) - ozone.om.ratis.snapshot.dir is not configured. Falling back to ozone.metadata.dirs config
2024-07-20 16:54:44,730 [main] INFO  utils.RDBSnapshotProvider (RDBSnapshotProvider.java:init(87)) - Cleaning up the candidate dir: /home/runner/work/ozone/ozone/hadoop-ozone/integration-test/target/test-dir/MiniOzoneClusterImpl-f7452c88-0c37-4f5d-a1f6-a5ee96fcef81/omNode-1/snapshot/om.db.candidate
2024-07-20 16:54:44,731 [main] INFO  ratis_snapshot.OmRatisSnapshotProvider (OmRatisSnapshotProvider.java:<init>(99)) - Initializing OM Snapshot Provider
2024-07-20 16:54:44,857 [main] WARN  server.ServerUtils (ServerUtils.java:getDefaultRatisDirectory(311)) - Storage directory for Ratis is not configured. It is a good idea to map this to an SSD disk. Falling back to ozone.metadata.dirs
2024-07-20 16:54:44,884 [main] INFO  ratis.OzoneManagerRatisServer (OzoneManagerRatisServer.java:<init>(168)) - Instantiating OM Ratis server with groupID: om-service-test1 and peers: localhost:15007, localhost:15015, localhost:15011
2024-07-20 16:54:44,892 [main] INFO  ratis.OzoneManagerStateMachine (OzoneManagerStateMachine.java:loadSnapshotInfoFromDB(593)) - TransactionInfo not found in OM DB.
2024-07-20 16:54:44,936 [main] INFO  server.RaftServer (ConfUtils.java:logGet(46)) - raft.rpc.type = GRPC (default)
2024-07-20 16:54:44,942 [main] INFO  grpc.GrpcConfigKeys (ConfUtils.java:logFallback(53)) - raft.grpc.admin.host = null (fallback to raft.grpc.server.host)
2024-07-20 16:54:44,944 [main] INFO  grpc.GrpcConfigKeys (ConfUtils.java:logFallback(53)) - raft.grpc.admin.port = 15007 (fallback to raft.grpc.server.port)
2024-07-20 16:54:44,944 [main] INFO  grpc.GrpcConfigKeys (ConfUtils.java:logFallback(53)) - raft.grpc.client.host = null (fallback to raft.grpc.server.host)
2024-07-20 16:54:44,945 [main] INFO  grpc.GrpcConfigKeys (ConfUtils.java:logFallback(53)) - raft.grpc.client.port = 15007 (fallback to raft.grpc.server.port)
2024-07-20 16:54:44,946 [main] INFO  grpc.GrpcConfigKeys (ConfUtils.java:logGet(46)) - raft.grpc.server.host = null (default)
2024-07-20 16:54:44,946 [main] INFO  grpc.GrpcConfigKeys (ConfUtils.java:logGet(46)) - raft.grpc.server.port = 15007 (custom)
2024-07-20 16:54:44,947 [main] INFO  server.GrpcService (ConfUtils.java:logGet(46)) - raft.grpc.message.size.max = 4194304 (custom)
2024-07-20 16:54:44,948 [main] INFO  server.RaftServerConfigKeys (ConfUtils.java:logGet(46)) - raft.server.log.appender.buffer.byte-limit = 4194304 (custom)
2024-07-20 16:54:44,949 [main] INFO  server.GrpcService (ConfUtils.java:logGet(46)) - raft.grpc.flow.control.window = 1MB (=1048576) (default)
2024-07-20 16:54:44,949 [main] INFO  server.RaftServerConfigKeys (ConfUtils.java:logGet(46)) - raft.server.rpc.request.timeout = 3000ms (default)
2024-07-20 16:54:44,956 [main] INFO  grpc.GrpcConfigKeys (ConfUtils.java:logGet(46)) - raft.grpc.server.heartbeat.channel = true (default)
2024-07-20 16:54:44,959 [main] INFO  grpc.GrpcConfigKeys (ConfUtils.java:logGet(46)) - raft.grpc.server.async.request.thread.pool.cached = true (default)
2024-07-20 16:54:44,959 [main] INFO  grpc.GrpcConfigKeys (ConfUtils.java:logGet(46)) - raft.grpc.server.async.request.thread.pool.size = 32 (default)
2024-07-20 16:54:45,100 [main] INFO  impl.DataStreamServerImpl (ConfUtils.java:logGet(46)) - raft.datastream.type = DISABLED (default)
2024-07-20 16:54:45,102 [main] INFO  server.RaftServerConfigKeys (ConfUtils.java:logGet(46)) - raft.server.sleep.deviation.threshold = 300ms (default)
2024-07-20 16:54:45,103 [main] INFO  server.RaftServerConfigKeys (ConfUtils.java:logGet(46)) - raft.server.close.threshold = 60s (default)
2024-07-20 16:54:45,104 [main] INFO  server.RaftServerConfigKeys (ConfUtils.java:logGet(46)) - raft.server.leaderelection.leader.step-down.wait-time = 10s (default)
2024-07-20 16:54:45,105 [main] INFO  server.RaftServerConfigKeys (ConfUtils.java:logGet(46)) - raft.server.storage.dir = [/home/runner/work/ozone/ozone/hadoop-ozone/integration-test/target/test-dir/MiniOzoneClusterImpl-f7452c88-0c37-4f5d-a1f6-a5ee96fcef81/omNode-1/ratis] (custom)
2024-07-20 16:54:45,107 [main] INFO  server.RaftServerConfigKeys (ConfUtils.java:logGet(46)) - raft.server.threadpool.proxy.cached = true (default)
2024-07-20 16:54:45,108 [main] INFO  server.RaftServerConfigKeys (ConfUtils.java:logGet(46)) - raft.server.threadpool.proxy.size = 0 (default)
2024-07-20 16:54:45,119 [main] INFO  server.RaftServer (RaftServerProxy.java:addNew(101)) - omNode-1: addNew group-523986131536:[omNode-3|localhost:15015, omNode-1|localhost:15007, omNode-2|localhost:15011] returns group-523986131536:java.util.concurrent.CompletableFuture@24ae25b8[Not completed]
2024-07-20 16:54:45,120 [main] INFO  om.OzoneManager (OzoneManager.java:initializeRatisServer(2168)) - OzoneManager Ratis server initialized at port 15007
2024-07-20 16:54:45,123 [main] INFO  om.OzoneManager (OzoneManager.java:getRpcServer(1228)) - Creating RPC Server
2024-07-20 16:54:45,146 [omNode-1-groupManagement] INFO  server.RaftServer$Division (RaftServerImpl.java:<init>(253)) - omNode-1: new RaftServerImpl for group-523986131536:[omNode-3|localhost:15015, omNode-1|localhost:15007, omNode-2|localhost:15011] with OzoneManagerStateMachine:uninitialized
2024-07-20 16:54:45,147 [omNode-1-groupManagement] INFO  server.RaftServerConfigKeys (ConfUtils.java:logGet(46)) - raft.server.rpc.timeout.min = 1s (custom)
2024-07-20 16:54:45,148 [omNode-1-groupManagement] INFO  server.RaftServerConfigKeys (ConfUtils.java:logGet(46)) - raft.server.rpc.timeout.max = 1200ms (custom)
2024-07-20 16:54:45,148 [omNode-1-groupManagement] INFO  server.RaftServerConfigKeys (ConfUtils.java:logGet(46)) - raft.server.rpc.sleep.time = 25ms (default)
2024-07-20 16:54:45,148 [omNode-1-groupManagement] INFO  server.RaftServerConfigKeys (ConfUtils.java:logGet(46)) - raft.server.rpc.slowness.timeout = 2s (custom)
2024-07-20 16:54:45,148 [omNode-1-groupManagement] INFO  server.RaftServerConfigKeys (ConfUtils.java:logGet(46)) - raft.server.leaderelection.leader.step-down.wait-time = 10s (default)
2024-07-20 16:54:45,149 [omNode-1-groupManagement] INFO  server.RaftServerConfigKeys (ConfUtils.java:logGet(46)) - raft.server.leaderelection.member.majority-add = false (default)
2024-07-20 16:54:45,149 [omNode-1-groupManagement] INFO  server.RaftServerConfigKeys (ConfUtils.java:logGet(46)) - raft.server.sleep.deviation.threshold = 300ms (default)
2024-07-20 16:54:45,155 [omNode-1-groupManagement] INFO  server.RaftServer$Division (ServerState.java:<init>(114)) - omNode-1@group-523986131536: ConfigurationManager, init=conf: {index: -1, cur=peers:[omNode-3|localhost:15015, omNode-1|localhost:15007, omNode-2|localhost:15011]|listeners:[], old=null}, confs=<EMPTY_MAP>
2024-07-20 16:54:45,162 [omNode-1-groupManagement] INFO  server.RaftServerConfigKeys (ConfUtils.java:logGet(46)) - raft.server.notification.no-leader.timeout = 2s (custom)
2024-07-20 16:54:45,164 [omNode-1-groupManagement] INFO  server.RaftServerConfigKeys (ConfUtils.java:logGet(46)) - raft.server.read.timeout = 10s (default)
2024-07-20 16:54:45,168 [omNode-1-groupManagement] INFO  server.RaftServerConfigKeys (ConfUtils.java:logGet(46)) - raft.server.retrycache.expirytime = 300s (custom)
2024-07-20 16:54:45,168 [omNode-1-groupManagement] INFO  server.RaftServerConfigKeys (ConfUtils.java:logGet(46)) - raft.server.retrycache.statistics.expirytime = 100ms (default)
2024-07-20 16:54:45,172 [omNode-1-groupManagement] INFO  server.RaftServerConfigKeys (ConfUtils.java:logGet(46)) - raft.server.read.option = DEFAULT (default)
2024-07-20 16:54:45,173 [omNode-1-groupManagement] INFO  server.RaftServerConfigKeys (ConfUtils.java:logGet(46)) - raft.server.read.read-after-write-consistent.write-index-cache.expiry-time = 60s (default)
2024-07-20 16:54:45,230 [omNode-1-groupManagement] INFO  server.RaftServerConfigKeys (ConfUtils.java:logGet(46)) - raft.server.rpc.request.timeout = 3000ms (default)
2024-07-20 16:54:45,236 [omNode-1-groupManagement] INFO  server.RaftServerConfigKeys (ConfUtils.java:logGet(46)) - raft.server.log.appender.install.snapshot.enabled = false (custom)
2024-07-20 16:54:45,237 [omNode-1-groupManagement] INFO  server.RaftServerConfigKeys (ConfUtils.java:logGet(46)) - raft.server.threadpool.server.cached = true (default)
2024-07-20 16:54:45,238 [omNode-1-groupManagement] INFO  server.RaftServerConfigKeys (ConfUtils.java:logGet(46)) - raft.server.threadpool.server.size = 0 (default)
2024-07-20 16:54:45,239 [omNode-1-groupManagement] INFO  server.RaftServerConfigKeys (ConfUtils.java:logGet(46)) - raft.server.threadpool.client.cached = true (default)
2024-07-20 16:54:45,240 [omNode-1-groupManagement] INFO  server.RaftServerConfigKeys (ConfUtils.java:logGet(46)) - raft.server.threadpool.client.size = 0 (default)
2024-07-20 16:54:45,772 [main] INFO  reflections.Reflections (Reflections.java:scan(219)) - Reflections took 593 ms to scan 20 urls, producing 59 keys and 6640 values
2024-07-20 16:54:45,903 [main] INFO  ipc.CallQueueManager (CallQueueManager.java:<init>(90)) - Using callQueue: class java.util.concurrent.LinkedBlockingQueue, queueCapacity: 2000, scheduler: class org.apache.hadoop.ipc.DefaultRpcScheduler, ipcBackoff: false.
2024-07-20 16:54:45,904 [main] INFO  ipc.Server (Server.java:<init>(1287)) - Listener at 127.0.0.1:15004
2024-07-20 16:54:45,904 [Socket Reader #1 for port 15004] INFO  ipc.Server (Server.java:run(1323)) - Starting Socket Reader #1 for port 15004
2024-07-20 16:54:45,932 [main] INFO  impl.MetricsSystemImpl (MetricsSystemImpl.java:init(158)) - OzoneManager metrics system started (again)
2024-07-20 16:54:45,944 [main] INFO  om.OzoneManager (OzoneManager.java:start(1650)) - OzoneManager RPC server is listening at localhost/127.0.0.1:15004
2024-07-20 16:54:45,946 [main] INFO  ratis.OzoneManagerRatisServer (OzoneManagerRatisServer.java:start(594)) - Starting OzoneManagerRatisServer omNode-1 at port 15007
2024-07-20 16:54:45,949 [omNode-1-impl-thread1] INFO  server.RaftServerConfigKeys (ConfUtils.java:logGet(46)) - raft.server.storage.free-space.min = 0MB (=0) (default)
2024-07-20 16:54:45,949 [omNode-1-impl-thread1] INFO  server.RaftServerConfigKeys (ConfUtils.java:logGet(46)) - raft.server.log.corruption.policy = EXCEPTION (default)
2024-07-20 16:54:45,950 [omNode-1-impl-thread1] INFO  server.RaftServerConfigKeys (ConfUtils.java:logGet(46)) - raft.server.storage.dir = [/home/runner/work/ozone/ozone/hadoop-ozone/integration-test/target/test-dir/MiniOzoneClusterImpl-f7452c88-0c37-4f5d-a1f6-a5ee96fcef81/omNode-1/ratis] (custom)
2024-07-20 16:54:45,955 [omNode-1-impl-thread1] INFO  storage.RaftStorageDirectory (RaftStorageDirectoryImpl.java:analyzeStorage(138)) - The storage directory /home/runner/work/ozone/ozone/hadoop-ozone/integration-test/target/test-dir/MiniOzoneClusterImpl-f7452c88-0c37-4f5d-a1f6-a5ee96fcef81/omNode-1/ratis/c9bc4cf4-3bc3-3c60-a66b-523986131536 does not exist. Creating ...
2024-07-20 16:54:45,958 [omNode-1-impl-thread1] INFO  storage.RaftStorageDirectory (RaftStorageDirectoryImpl.java:tryLock(229)) - Lock on /home/runner/work/ozone/ozone/hadoop-ozone/integration-test/target/test-dir/MiniOzoneClusterImpl-f7452c88-0c37-4f5d-a1f6-a5ee96fcef81/omNode-1/ratis/c9bc4cf4-3bc3-3c60-a66b-523986131536/in_use.lock acquired by nodename 54372@fv-az1015-711
2024-07-20 16:54:45,970 [omNode-1-impl-thread1] INFO  storage.RaftStorage (RaftStorageImpl.java:format(98)) - Storage directory /home/runner/work/ozone/ozone/hadoop-ozone/integration-test/target/test-dir/MiniOzoneClusterImpl-f7452c88-0c37-4f5d-a1f6-a5ee96fcef81/omNode-1/ratis/c9bc4cf4-3bc3-3c60-a66b-523986131536 has been successfully formatted.
2024-07-20 16:54:45,973 [omNode-1-impl-thread1] INFO  server.RaftServerConfigKeys (ConfUtils.java:logGet(46)) - raft.server.log.use.memory = false (default)
2024-07-20 16:54:45,979 [omNode-1-impl-thread1] INFO  server.RaftServerConfigKeys (ConfUtils.java:logGet(46)) - raft.server.log.purge.gap = 1000000 (custom)
2024-07-20 16:54:45,979 [omNode-1-impl-thread1] INFO  server.RaftServerConfigKeys (ConfUtils.java:logGet(46)) - raft.server.log.appender.buffer.byte-limit = 4194304 (custom)
2024-07-20 16:54:45,981 [omNode-1-impl-thread1] INFO  server.RaftServerConfigKeys (ConfUtils.java:logGet(46)) - raft.server.log.statemachine.data.read.timeout = 1000ms (default)
2024-07-20 16:54:45,981 [omNode-1-impl-thread1] INFO  server.RaftServerConfigKeys (ConfUtils.java:logGet(46)) - raft.server.log.purge.preservation.log.num = 0 (default)
2024-07-20 16:54:45,984 [omNode-1-impl-thread1] INFO  server.RaftServerConfigKeys (ConfUtils.java:logGet(46)) - raft.server.log.segment.size.max = 4194304 (custom)
2024-07-20 16:54:45,989 [omNode-1-impl-thread1] INFO  server.RaftServerConfigKeys (ConfUtils.java:logGet(46)) - raft.server.log.segment.cache.num.max = 2 (custom)
2024-07-20 16:54:45,989 [omNode-1-impl-thread1] INFO  server.RaftServerConfigKeys (ConfUtils.java:logGet(46)) - raft.server.log.segment.cache.size.max = 200MB (=209715200) (default)
2024-07-20 16:54:45,989 [omNode-1-impl-thread1] INFO  server.RaftServerConfigKeys (ConfUtils.java:logGet(46)) - raft.server.log.appender.buffer.byte-limit = 4194304 (custom)
2024-07-20 16:54:45,991 [omNode-1-impl-thread1] INFO  util.AwaitToRun (AwaitToRun.java:start(81)) - Thread[omNode-1@group-523986131536-cacheEviction-AwaitToRun,5,main] started
2024-07-20 16:54:45,995 [omNode-1-impl-thread1] INFO  segmented.SegmentedRaftLogWorker (SegmentedRaftLogWorker.java:<init>(184)) - new omNode-1@group-523986131536-SegmentedRaftLogWorker for RaftStorageImpl:Storage Directory /home/runner/work/ozone/ozone/hadoop-ozone/integration-test/target/test-dir/MiniOzoneClusterImpl-f7452c88-0c37-4f5d-a1f6-a5ee96fcef81/omNode-1/ratis/c9bc4cf4-3bc3-3c60-a66b-523986131536
2024-07-20 16:54:45,995 [omNode-1-impl-thread1] INFO  server.RaftServerConfigKeys (ConfUtils.java:logGet(46)) - raft.server.log.queue.byte-limit = 64MB (=67108864) (default)
2024-07-20 16:54:45,995 [omNode-1-impl-thread1] INFO  server.RaftServerConfigKeys (ConfUtils.java:logGet(46)) - raft.server.log.queue.element-limit = 4096 (default)
2024-07-20 16:54:45,997 [omNode-1-impl-thread1] INFO  server.RaftServerConfigKeys (ConfUtils.java:logGet(46)) - raft.server.log.segment.size.max = 4194304 (custom)
2024-07-20 16:54:45,997 [omNode-1-impl-thread1] INFO  server.RaftServerConfigKeys (ConfUtils.java:logGet(46)) - raft.server.log.preallocated.size = 4194304 (custom)
2024-07-20 16:54:45,997 [omNode-1-impl-thread1] INFO  server.RaftServerConfigKeys (ConfUtils.java:logGet(46)) - raft.server.log.force.sync.num = 128 (default)
2024-07-20 16:54:45,998 [omNode-1-impl-thread1] INFO  server.RaftServerConfigKeys (ConfUtils.java:logGet(46)) - raft.server.log.statemachine.data.sync = true (default)
2024-07-20 16:54:45,998 [omNode-1-impl-thread1] INFO  server.RaftServerConfigKeys (ConfUtils.java:logGet(46)) - raft.server.log.statemachine.data.sync.timeout = 10s (default)
2024-07-20 16:54:45,999 [omNode-1-impl-thread1] INFO  server.RaftServerConfigKeys (ConfUtils.java:logGet(46)) - raft.server.log.statemachine.data.sync.timeout.retry = -1 (default)
2024-07-20 16:54:46,000 [omNode-1-impl-thread1] INFO  server.RaftServerConfigKeys (ConfUtils.java:logGet(46)) - raft.server.log.write.buffer.size = 4194312 (custom)
2024-07-20 16:54:46,002 [omNode-1-impl-thread1] INFO  server.RaftServerConfigKeys (ConfUtils.java:logGet(46)) - raft.server.log.appender.buffer.byte-limit = 4194304 (custom)
2024-07-20 16:54:46,002 [omNode-1-impl-thread1] INFO  server.RaftServerConfigKeys (ConfUtils.java:logGet(46)) - raft.server.log.unsafe-flush.enabled = false (default)
2024-07-20 16:54:46,002 [omNode-1-impl-thread1] INFO  server.RaftServerConfigKeys (ConfUtils.java:logGet(46)) - raft.server.log.async-flush.enabled = false (default)
2024-07-20 16:54:46,003 [omNode-1-impl-thread1] INFO  server.RaftServerConfigKeys (ConfUtils.java:logGet(46)) - raft.server.log.statemachine.data.caching.enabled = false (default)
2024-07-20 16:54:46,007 [omNode-1-impl-thread1] INFO  segmented.SegmentedRaftLogWorker (SegmentedRaftLogWorker.java:lambda$new$0(135)) - omNode-1@group-523986131536-SegmentedRaftLogWorker: flushIndex: setUnconditionally 0 -> -1
2024-07-20 16:54:46,008 [omNode-1-impl-thread1] INFO  segmented.SegmentedRaftLogWorker (SegmentedRaftLogWorker.java:lambda$new$0(135)) - omNode-1@group-523986131536-SegmentedRaftLogWorker: safeCacheEvictIndex: setUnconditionally 0 -> -1
2024-07-20 16:54:46,009 [omNode-1-impl-thread1] INFO  server.RaftServer$Division (RaftServerImpl.java:start(389)) - omNode-1@group-523986131536: start as a follower, conf=conf: {index: -1, cur=peers:[omNode-3|localhost:15015, omNode-1|localhost:15007, omNode-2|localhost:15011]|listeners:[], old=null}
2024-07-20 16:54:46,009 [omNode-1-impl-thread1] INFO  server.RaftServer$Division (RaftServerImpl.java:setRole(376)) - omNode-1@group-523986131536: changes role from      null to FOLLOWER at term 0 for startAsFollower
2024-07-20 16:54:46,010 [omNode-1-impl-thread1] INFO  impl.RoleInfo (RoleInfo.java:updateAndGet(148)) - omNode-1: start omNode-1@group-523986131536-FollowerState
2024-07-20 16:54:46,011 [omNode-1@group-523986131536-FollowerState] INFO  server.RaftServerConfigKeys (ConfUtils.java:logFallback(53)) - raft.server.rpc.first-election.timeout.min = 1s (fallback to raft.server.rpc.timeout.min)
2024-07-20 16:54:46,012 [omNode-1-impl-thread1] INFO  util.JmxRegister (JmxRegister.java:tryRegister(44)) - Successfully registered JMX Bean with object name Ratis:service=RaftServer,group=group-523986131536,id=omNode-1
2024-07-20 16:54:46,012 [omNode-1-impl-thread1] INFO  util.JmxRegister (JmxRegister.java:register(58)) - register mxBean class org.apache.ratis.server.impl.RaftServerJmxAdapter as Ratis:service=RaftServer,group=group-523986131536,id=omNode-1
2024-07-20 16:54:46,014 [omNode-1@group-523986131536-FollowerState] INFO  server.RaftServerConfigKeys (ConfUtils.java:logFallback(53)) - raft.server.rpc.first-election.timeout.max = 1200ms (fallback to raft.server.rpc.timeout.max)
2024-07-20 16:54:46,014 [omNode-1-impl-thread1] INFO  server.RaftServerConfigKeys (ConfUtils.java:logGet(46)) - raft.server.snapshot.trigger-when-stop.enabled = true (default)
2024-07-20 16:54:46,015 [omNode-1-impl-thread1] INFO  server.RaftServerConfigKeys (ConfUtils.java:logGet(46)) - raft.server.snapshot.trigger-when-remove.enabled = true (default)
2024-07-20 16:54:46,015 [omNode-1-impl-thread1] INFO  server.RaftServerConfigKeys (ConfUtils.java:logGet(46)) - raft.server.snapshot.auto.trigger.enabled = true (custom)
2024-07-20 16:54:46,016 [omNode-1-impl-thread1] INFO  server.RaftServerConfigKeys (ConfUtils.java:logGet(46)) - raft.server.snapshot.auto.trigger.threshold = 400000 (default)
2024-07-20 16:54:46,016 [omNode-1-impl-thread1] INFO  server.RaftServerConfigKeys (ConfUtils.java:logGet(46)) - raft.server.snapshot.retention.file.num = -1 (default)
2024-07-20 16:54:46,017 [omNode-1-impl-thread1] INFO  server.RaftServerConfigKeys (ConfUtils.java:logGet(46)) - raft.server.log.purge.upto.snapshot.index = true (custom)
2024-07-20 16:54:46,021 [main] INFO  server.RaftServer (RaftServerProxy.java:startImpl(408)) - omNode-1: start RPC server
2024-07-20 16:54:46,051 [main] INFO  server.GrpcService (GrpcService.java:startImpl(302)) - omNode-1: GrpcService started, listening on 15007
2024-07-20 16:54:46,053 [main] INFO  om.OzoneManager (OzoneManager.java:start(1666)) - Version File has different layout version (6) than OM DB (null). That is expected if this OM has never been finalized to a newer layout version.
2024-07-20 16:54:46,054 [JvmPauseMonitor1] INFO  util.JvmPauseMonitor (JvmPauseMonitor.java:run(146)) - JvmPauseMonitor-omNode-1: Started
2024-07-20 16:54:46,073 [main] INFO  client.ScmTopologyClient (ScmTopologyClient.java:start(72)) - Initial network topology fetched from SCM: /.
2024-07-20 16:54:46,074 [main] INFO  net.NodeSchemaLoader (NodeSchemaLoader.java:loadSchemaFromFile(129)) - Loading schema from [jar:file:/home/runner/work/ozone/ozone/hadoop-hdds/common/target/hdds-common-1.5.0-SNAPSHOT.jar!/network-topology-default.xml]
2024-07-20 16:54:46,074 [main] INFO  net.NodeSchemaLoader (NodeSchemaLoader.java:loadSchema(176)) - Loading network topology layer schema file
2024-07-20 16:54:46,108 [main] INFO  http.BaseHttpServer (BaseHttpServer.java:newHttpServer2BuilderForOzone(223)) - Starting Web-server for ozoneManager at: http://0.0.0.0:15005
2024-07-20 16:54:46,108 [main] INFO  http.BaseHttpServer (BaseHttpServer.java:<init>(110)) - Hadoop Security Enabled: false Ozone Security Enabled: false Ozone HTTP Security Enabled: false 
2024-07-20 16:54:46,110 [main] WARN  server.AuthenticationFilter (AuthenticationFilter.java:constructSecretProvider(240)) - Unable to initialize FileSignerSecretProvider, falling back to use random secrets. Reason: Could not read signature secret file: /home/runner/hadoop-http-auth-signature-secret
2024-07-20 16:54:46,113 [main] INFO  http.HttpRequestLog (HttpRequestLog.java:getRequestLog(86)) - Http request log for http.requests.ozoneManager is not defined
2024-07-20 16:54:46,115 [main] INFO  http.HttpServer2 (HttpServer2.java:addGlobalFilter(1035)) - Added global filter 'safety' (class=org.apache.hadoop.hdds.server.http.HttpServer2$QuotingInputFilter)
2024-07-20 16:54:46,116 [main] INFO  http.HttpServer2 (HttpServer2.java:addFilter(1011)) - Added filter static_user_filter (class=org.apache.hadoop.http.lib.StaticUserWebFilter$StaticUserFilter) to context ozoneManager
2024-07-20 16:54:46,117 [main] INFO  http.HttpServer2 (HttpServer2.java:addFilter(1019)) - Added filter static_user_filter (class=org.apache.hadoop.http.lib.StaticUserWebFilter$StaticUserFilter) to context static
2024-07-20 16:54:46,118 [main] INFO  http.HttpServer2 (HttpServer2.java:addFilter(1019)) - Added filter static_user_filter (class=org.apache.hadoop.http.lib.StaticUserWebFilter$StaticUserFilter) to context logs
2024-07-20 16:54:46,119 [main] INFO  http.BaseHttpServer (BaseHttpServer.java:<init>(189)) - HTTP server of ozoneManager uses base directory /home/runner/work/ozone/ozone/hadoop-ozone/integration-test/target/test-dir/MiniOzoneClusterImpl-f7452c88-0c37-4f5d-a1f6-a5ee96fcef81/omNode-1/webserver
2024-07-20 16:54:46,123 [main] INFO  http.HttpServer2 (HttpServer2.java:bindListener(1235)) - Jetty bound to port 15005
2024-07-20 16:54:46,123 [main] INFO  server.Server (Server.java:doStart(375)) - jetty-9.4.55.v20240627; built: 2024-06-27T15:05:37.765Z; git: 70015831e5195ba74da6383c4ab7c90c56bb08af; jvm 17.0.11+9
2024-07-20 16:54:46,147 [main] INFO  server.session (DefaultSessionIdManager.java:doStart(334)) - DefaultSessionIdManager workerName=node0
2024-07-20 16:54:46,147 [main] INFO  server.session (DefaultSessionIdManager.java:doStart(339)) - No SessionScavenger set, using defaults
2024-07-20 16:54:46,147 [main] INFO  server.session (HouseKeeper.java:startScavenging(132)) - node0 Scavenging every 600000ms
2024-07-20 16:54:46,159 [main] INFO  handler.ContextHandler (ContextHandler.java:doStart(921)) - Started o.e.j.s.ServletContextHandler@e1619a{logs,/logs,file:///home/runner/work/ozone/ozone/hadoop-ozone/integration-test/target/log,AVAILABLE}
2024-07-20 16:54:46,159 [main] INFO  handler.ContextHandler (ContextHandler.java:doStart(921)) - Started o.e.j.s.ServletContextHandler@6416b6e3{static,/static,file:///home/runner/work/ozone/ozone/hadoop-ozone/integration-test/target/test-classes/webapps/static,AVAILABLE}
2024-07-20 16:54:46,170 [main] INFO  handler.ContextHandler (ContextHandler.java:doStart(921)) - Started o.e.j.w.WebAppContext@6450bea7{ozoneManager,/,file:///home/runner/work/ozone/ozone/hadoop-ozone/integration-test/target/test-classes/webapps/ozoneManager/,AVAILABLE}{file:/home/runner/work/ozone/ozone/hadoop-ozone/integration-test/target/test-classes/webapps/ozoneManager}
2024-07-20 16:54:46,171 [main] INFO  server.AbstractConnector (AbstractConnector.java:doStart(333)) - Started ServerConnector@59c08e5d{HTTP/1.1, (http/1.1)}{0.0.0.0:15005}
2024-07-20 16:54:46,171 [main] INFO  server.Server (Server.java:doStart(415)) - Started @7142ms
2024-07-20 16:54:46,171 [main] WARN  impl.MetricsSystemImpl (MetricsSystemImpl.java:register(279)) - Sink prometheus already exists!
2024-07-20 16:54:46,172 [main] INFO  http.BaseHttpServer (BaseHttpServer.java:updateConnectorAddress(354)) - HTTP server of ozoneManager listening at http://0.0.0.0:15005
2024-07-20 16:54:46,173 [IPC Server Responder] INFO  ipc.Server (Server.java:run(1562)) - IPC Server Responder: starting
2024-07-20 16:54:46,173 [IPC Server listener on 15004] INFO  ipc.Server (Server.java:run(1402)) - IPC Server listener on 15004: starting
2024-07-20 16:54:46,180 [main] INFO  om.OzoneManager (OzoneManager.java:startTrashEmptier(2121)) - Trash Interval set to 0. Files deleted won't move to trash
2024-07-20 16:54:46,181 [main] INFO  ozone.MiniOzoneHAClusterImpl (MiniOzoneHAClusterImpl.java:createOMService(517)) - Started OzoneManager omNode-1 RPC server at localhost/127.0.0.1:15004
2024-07-20 16:54:46,182 [main] INFO  ha.OMHANodeDetails (OMHANodeDetails.java:loadOMHAConfig(121)) - ServiceID for OzoneManager is om-service-test1
2024-07-20 16:54:46,183 [main] INFO  ha.OMHANodeDetails (OMHANodeDetails.java:loadOMHAConfig(201)) - Found matching OM address with OMServiceId: om-service-test1, OMNodeId: omNode-2, RPC Address: localhost:15008 and Ratis port: 15011
2024-07-20 16:54:46,183 [main] INFO  ha.OMHANodeDetails (ConfUtils.java:setNodeSpecificConfigs(97)) - Setting configuration key ozone.om.http-address with value of key ozone.om.http-address.om-service-test1.omNode-2: 127.0.0.1:15009
2024-07-20 16:54:46,184 [main] INFO  ha.OMHANodeDetails (ConfUtils.java:setNodeSpecificConfigs(97)) - Setting configuration key ozone.om.https-address with value of key ozone.om.https-address.om-service-test1.omNode-2: 127.0.0.1:15010
2024-07-20 16:54:46,184 [main] INFO  ha.OMHANodeDetails (ConfUtils.java:setNodeSpecificConfigs(97)) - Setting configuration key ozone.om.address with value of key ozone.om.address.om-service-test1.omNode-2: 127.0.0.1:15008
2024-07-20 16:54:46,184 [main] WARN  server.ServerUtils (ServerUtils.java:getDBPath(299)) - ozone.om.db.dirs is not configured. We recommend adding this setting. Falling back to ozone.metadata.dirs instead.
2024-07-20 16:54:46,187 [main] INFO  proxy.SCMBlockLocationFailoverProxyProvider (SCMBlockLocationFailoverProxyProvider.java:<init>(115)) - Created block location fail-over proxy with 1 nodes: [nodeId=scmNodeId,nodeAddress=/0.0.0.0:15001]
2024-07-20 16:54:46,195 | INFO  | SCMAudit | user=runner | ip=127.0.0.1 | op=GET_SCM_INFO null | ret=SUCCESS |  
OM initialization succeeded.Current cluster id for sd=/home/runner/work/ozone/ozone/hadoop-ozone/integration-test/target/test-dir/MiniOzoneClusterImpl-f7452c88-0c37-4f5d-a1f6-a5ee96fcef81/omNode-2/om;cid=f7452c88-0c37-4f5d-a1f6-a5ee96fcef81;layoutVersion=6
2024-07-20 16:54:46,198 [main] INFO  ha.OMHANodeDetails (OMHANodeDetails.java:loadOMHAConfig(121)) - ServiceID for OzoneManager is om-service-test1
2024-07-20 16:54:46,200 [main] INFO  ha.OMHANodeDetails (OMHANodeDetails.java:loadOMHAConfig(201)) - Found matching OM address with OMServiceId: om-service-test1, OMNodeId: omNode-2, RPC Address: localhost:15008 and Ratis port: 15011
2024-07-20 16:54:46,200 [main] INFO  ha.OMHANodeDetails (ConfUtils.java:setNodeSpecificConfigs(97)) - Setting configuration key ozone.om.http-address with value of key ozone.om.http-address.om-service-test1.omNode-2: 127.0.0.1:15009
2024-07-20 16:54:46,200 [main] INFO  ha.OMHANodeDetails (ConfUtils.java:setNodeSpecificConfigs(97)) - Setting configuration key ozone.om.https-address with value of key ozone.om.https-address.om-service-test1.omNode-2: 127.0.0.1:15010
2024-07-20 16:54:46,201 [main] INFO  ha.OMHANodeDetails (ConfUtils.java:setNodeSpecificConfigs(97)) - Setting configuration key ozone.om.address with value of key ozone.om.address.om-service-test1.omNode-2: 127.0.0.1:15008
2024-07-20 16:54:46,201 [main] WARN  server.ServerUtils (ServerUtils.java:getDBPath(299)) - ozone.om.db.dirs is not configured. We recommend adding this setting. Falling back to ozone.metadata.dirs instead.
2024-07-20 16:54:46,202 [main] INFO  upgrade.AbstractLayoutVersionManager (AbstractLayoutVersionManager.java:init(83)) - Initializing Layout version manager with metadata layout = QUOTA (version = 6), software layout = QUOTA (version = 6)
2024-07-20 16:54:46,244 [main] INFO  reflections.Reflections (Reflections.java:scan(219)) - Reflections took 41 ms to scan 2 urls, producing 188 keys and 546 values
2024-07-20 16:54:46,244 [main] INFO  upgrade.OMLayoutVersionManager (OMLayoutVersionManager.java:lambda$0(113)) - Skipping Upgrade Action QuotaRepairUpgradeAction since it has been finalized.
2024-07-20 16:54:46,244 [main] INFO  upgrade.OMLayoutVersionManager (OMLayoutVersionManager.java:lambda$0(113)) - Skipping Upgrade Action MockOmUpgradeAction since it has been finalized.
2024-07-20 16:54:46,245 [main] WARN  server.ServerUtils (ServerUtils.java:getDBPath(299)) - ozone.om.db.dirs is not configured. We recommend adding this setting. Falling back to ozone.metadata.dirs instead.
2024-07-20 16:54:46,246 [main] INFO  proxy.SCMBlockLocationFailoverProxyProvider (SCMBlockLocationFailoverProxyProvider.java:<init>(115)) - Created block location fail-over proxy with 1 nodes: [nodeId=scmNodeId,nodeAddress=/0.0.0.0:15001]
2024-07-20 16:54:46,247 [main] INFO  proxy.SCMBlockLocationFailoverProxyProvider (SCMBlockLocationFailoverProxyProvider.java:<init>(115)) - Created block location fail-over proxy with 1 nodes: [nodeId=scmNodeId,nodeAddress=/0.0.0.0:15001]
2024-07-20 16:54:46,250 | INFO  | SCMAudit | user=runner | ip=127.0.0.1 | op=GET_SCM_INFO null | ret=SUCCESS |  
2024-07-20 16:54:46,253 [main] INFO  om.OzoneManager (OzoneManager.java:<init>(678)) - OM start with adminUsers: [runner]
2024-07-20 16:54:46,254 [main] WARN  server.ServerUtils (ServerUtils.java:getDBPath(299)) - ozone.om.db.dirs is not configured. We recommend adding this setting. Falling back to ozone.metadata.dirs instead.
2024-07-20 16:54:46,255 [main] INFO  helpers.OmKeyInfo (OmKeyInfo.java:getCodec(72)) - OmKeyInfo.getCodec ignorePipeline = true
2024-07-20 16:54:46,418 [main] INFO  om.OzoneManager (OzoneManager.java:instantiateServices(812)) - S3 Multi-Tenancy is enabled
2024-07-20 16:54:46,419 [main] INFO  om.OMMultiTenantManagerImpl (OMMultiTenantManagerImpl.java:loadTenantCacheFromDB(899)) - Loaded 0 tenants and 0 tenant users from the database
2024-07-20 16:54:46,420 [main] INFO  om.OmSnapshotManager (OmSnapshotManager.java:<init>(180)) - Ozone filesystem snapshot feature is enabled.
2024-07-20 16:54:46,420 [main] WARN  server.ServerUtils (ServerUtils.java:getDBPath(299)) - ozone.om.snapshot.diff.db.dir is not configured. We recommend adding this setting. Falling back to ozone.metadata.dirs instead.
2024-07-20 16:54:46,421 [omNode-2-OMRangerBGSyncService#0] WARN  service.OMRangerBGSyncService (OMRangerBGSyncService.java:shouldRun(265)) - OzoneManagerRatisServer is not initialized yet
2024-07-20 16:54:46,458 [main] INFO  utils.NativeLibraryLoader (NativeLibraryLoader.java:loadLibrary(111)) - Loading Library: ozone_rocksdb_tools
2024-07-20 16:54:46,459 [main] ERROR snapshot.SnapshotDiffManager (SnapshotDiffManager.java:initNativeLibraryForEfficientDiff(287)) - Native Library for raw sst file reading loading failed.
org.apache.hadoop.hdds.utils.NativeLibraryNotLoadedException: Unable to load library ozone_rocksdb_tools from both java.library.path & resource file libozone_rocksdb_tools.so from jar.
	at org.apache.hadoop.hdds.utils.db.managed.ManagedRawSSTFileReader.loadLibrary(ManagedRawSSTFileReader.java:40)
	at org.apache.hadoop.ozone.om.snapshot.SnapshotDiffManager.initNativeLibraryForEfficientDiff(SnapshotDiffManager.java:285)
	at org.apache.hadoop.ozone.om.snapshot.SnapshotDiffManager.<init>(SnapshotDiffManager.java:259)
	at org.apache.hadoop.ozone.om.OmSnapshotManager.<init>(OmSnapshotManager.java:287)
	at org.apache.hadoop.ozone.om.OzoneManager.instantiateServices(OzoneManager.java:864)
	at org.apache.hadoop.ozone.om.OzoneManager.<init>(OzoneManager.java:688)
	at org.apache.hadoop.ozone.om.OzoneManager.createOm(OzoneManager.java:775)
	at org.apache.hadoop.ozone.MiniOzoneHAClusterImpl$Builder.createOMService(MiniOzoneHAClusterImpl.java:510)
	at org.apache.hadoop.ozone.MiniOzoneHAClusterImpl$Builder.build(MiniOzoneHAClusterImpl.java:425)
	at org.apache.hadoop.ozone.shell.TestOzoneTenantShell.init(TestOzoneTenantShell.java:159)
	at java.base/jdk.internal.reflect.NativeMethodAccessorImpl.invoke0(Native Method)
	at java.base/jdk.internal.reflect.NativeMethodAccessorImpl.invoke(NativeMethodAccessorImpl.java:77)
	at java.base/jdk.internal.reflect.DelegatingMethodAccessorImpl.invoke(DelegatingMethodAccessorImpl.java:43)
	at java.base/java.lang.reflect.Method.invoke(Method.java:568)
	at org.junit.platform.commons.util.ReflectionUtils.invokeMethod(ReflectionUtils.java:728)
	at org.junit.jupiter.engine.execution.MethodInvocation.proceed(MethodInvocation.java:60)
	at org.junit.jupiter.engine.execution.InvocationInterceptorChain$ValidatingInvocation.proceed(InvocationInterceptorChain.java:131)
	at org.junit.jupiter.engine.extension.TimeoutExtension.intercept(TimeoutExtension.java:156)
	at org.junit.jupiter.engine.extension.TimeoutExtension.interceptLifecycleMethod(TimeoutExtension.java:128)
	at org.junit.jupiter.engine.extension.TimeoutExtension.interceptBeforeAllMethod(TimeoutExtension.java:70)
	at org.junit.jupiter.engine.execution.InterceptingExecutableInvoker$ReflectiveInterceptorCall.lambda$ofVoidMethod$0(InterceptingExecutableInvoker.java:103)
	at org.junit.jupiter.engine.execution.InterceptingExecutableInvoker.lambda$invoke$0(InterceptingExecutableInvoker.java:93)
	at org.junit.jupiter.engine.execution.InvocationInterceptorChain$InterceptedInvocation.proceed(InvocationInterceptorChain.java:106)
	at org.junit.jupiter.engine.execution.InvocationInterceptorChain.proceed(InvocationInterceptorChain.java:64)
	at org.junit.jupiter.engine.execution.InvocationInterceptorChain.chainAndInvoke(InvocationInterceptorChain.java:45)
	at org.junit.jupiter.engine.execution.InvocationInterceptorChain.invoke(InvocationInterceptorChain.java:37)
	at org.junit.jupiter.engine.execution.InterceptingExecutableInvoker.invoke(InterceptingExecutableInvoker.java:92)
	at org.junit.jupiter.engine.execution.InterceptingExecutableInvoker.invoke(InterceptingExecutableInvoker.java:86)
	at org.junit.jupiter.engine.descriptor.ClassBasedTestDescriptor.lambda$invokeBeforeAllMethods$13(ClassBasedTestDescriptor.java:412)
	at org.junit.platform.engine.support.hierarchical.ThrowableCollector.execute(ThrowableCollector.java:73)
	at org.junit.jupiter.engine.descriptor.ClassBasedTestDescriptor.invokeBeforeAllMethods(ClassBasedTestDescriptor.java:410)
	at org.junit.jupiter.engine.descriptor.ClassBasedTestDescriptor.before(ClassBasedTestDescriptor.java:216)
	at org.junit.jupiter.engine.descriptor.ClassBasedTestDescriptor.before(ClassBasedTestDescriptor.java:85)
	at org.junit.platform.engine.support.hierarchical.NodeTestTask.lambda$executeRecursively$6(NodeTestTask.java:148)
	at org.junit.platform.engine.support.hierarchical.ThrowableCollector.execute(ThrowableCollector.java:73)
	at org.junit.platform.engine.support.hierarchical.NodeTestTask.lambda$executeRecursively$8(NodeTestTask.java:141)
	at org.junit.platform.engine.support.hierarchical.Node.around(Node.java:137)
	at org.junit.platform.engine.support.hierarchical.NodeTestTask.lambda$executeRecursively$9(NodeTestTask.java:139)
	at org.junit.platform.engine.support.hierarchical.ThrowableCollector.execute(ThrowableCollector.java:73)
	at org.junit.platform.engine.support.hierarchical.NodeTestTask.executeRecursively(NodeTestTask.java:138)
	at org.junit.platform.engine.support.hierarchical.NodeTestTask.execute(NodeTestTask.java:95)
	at java.base/java.util.ArrayList.forEach(ArrayList.java:1511)
	at org.junit.platform.engine.support.hierarchical.SameThreadHierarchicalTestExecutorService.invokeAll(SameThreadHierarchicalTestExecutorService.java:41)
	at org.junit.platform.engine.support.hierarchical.NodeTestTask.lambda$executeRecursively$6(NodeTestTask.java:155)
	at org.junit.platform.engine.support.hierarchical.ThrowableCollector.execute(ThrowableCollector.java:73)
	at org.junit.platform.engine.support.hierarchical.NodeTestTask.lambda$executeRecursively$8(NodeTestTask.java:141)
	at org.junit.platform.engine.support.hierarchical.Node.around(Node.java:137)
	at org.junit.platform.engine.support.hierarchical.NodeTestTask.lambda$executeRecursively$9(NodeTestTask.java:139)
	at org.junit.platform.engine.support.hierarchical.ThrowableCollector.execute(ThrowableCollector.java:73)
	at org.junit.platform.engine.support.hierarchical.NodeTestTask.executeRecursively(NodeTestTask.java:138)
	at org.junit.platform.engine.support.hierarchical.NodeTestTask.execute(NodeTestTask.java:95)
	at org.junit.platform.engine.support.hierarchical.SameThreadHierarchicalTestExecutorService.submit(SameThreadHierarchicalTestExecutorService.java:35)
	at org.junit.platform.engine.support.hierarchical.HierarchicalTestExecutor.execute(HierarchicalTestExecutor.java:57)
	at org.junit.platform.engine.support.hierarchical.HierarchicalTestEngine.execute(HierarchicalTestEngine.java:54)
	at org.junit.platform.launcher.core.EngineExecutionOrchestrator.execute(EngineExecutionOrchestrator.java:198)
	at org.junit.platform.launcher.core.EngineExecutionOrchestrator.execute(EngineExecutionOrchestrator.java:169)
	at org.junit.platform.launcher.core.EngineExecutionOrchestrator.execute(EngineExecutionOrchestrator.java:93)
	at org.junit.platform.launcher.core.EngineExecutionOrchestrator.lambda$execute$0(EngineExecutionOrchestrator.java:58)
	at org.junit.platform.launcher.core.EngineExecutionOrchestrator.withInterceptedStreams(EngineExecutionOrchestrator.java:141)
	at org.junit.platform.launcher.core.EngineExecutionOrchestrator.execute(EngineExecutionOrchestrator.java:57)
	at org.junit.platform.launcher.core.DefaultLauncher.execute(DefaultLauncher.java:103)
	at org.junit.platform.launcher.core.DefaultLauncher.execute(DefaultLauncher.java:85)
	at org.junit.platform.launcher.core.DelegatingLauncher.execute(DelegatingLauncher.java:47)
	at org.junit.platform.launcher.core.SessionPerRequestLauncher.execute(SessionPerRequestLauncher.java:63)
	at org.apache.maven.surefire.junitplatform.JUnitPlatformProvider.invokeAllTests(JUnitPlatformProvider.java:154)
	at org.apache.maven.surefire.junitplatform.JUnitPlatformProvider.invoke(JUnitPlatformProvider.java:123)
	at org.apache.maven.surefire.booter.ForkedBooter.runSuitesInProcess(ForkedBooter.java:377)
	at org.apache.maven.surefire.booter.ForkedBooter.execute(ForkedBooter.java:138)
	at org.apache.maven.surefire.booter.ForkedBooter.run(ForkedBooter.java:465)
	at org.apache.maven.surefire.booter.ForkedBooter.main(ForkedBooter.java:451)
2024-07-20 16:54:46,462 [main] INFO  om.OzoneManager (OzoneManager.java:addS3GVolumeToDB(4463)) - Created Volume s3v With Owner runner required for S3Gateway operations.
2024-07-20 16:54:46,462 [main] WARN  server.ServerUtils (ServerUtils.java:getDefaultRatisDirectory(311)) - Storage directory for Ratis is not configured. It is a good idea to map this to an SSD disk. Falling back to ozone.metadata.dirs
2024-07-20 16:54:46,463 [main] WARN  utils.OzoneManagerRatisUtils (OzoneManagerRatisUtils.java:getOMRatisSnapshotDirectory(476)) - ozone.om.ratis.snapshot.dir is not configured. Falling back to ozone.metadata.dirs config
2024-07-20 16:54:46,463 [main] INFO  utils.RDBSnapshotProvider (RDBSnapshotProvider.java:init(87)) - Cleaning up the candidate dir: /home/runner/work/ozone/ozone/hadoop-ozone/integration-test/target/test-dir/MiniOzoneClusterImpl-f7452c88-0c37-4f5d-a1f6-a5ee96fcef81/omNode-2/snapshot/om.db.candidate
2024-07-20 16:54:46,464 [main] INFO  ratis_snapshot.OmRatisSnapshotProvider (OmRatisSnapshotProvider.java:<init>(99)) - Initializing OM Snapshot Provider
2024-07-20 16:54:46,465 [main] WARN  dropwizard3.Dm3MetricRegistriesImpl (Dm3MetricRegistriesImpl.java:addReporterRegistration(114)) - New reporters are added after registries were created. Some metrics will be missing from the reporter. Please add reporter before adding any new registry.
2024-07-20 16:54:46,465 [main] WARN  dropwizard3.Dm3MetricRegistriesImpl (Dm3MetricRegistriesImpl.java:addReporterRegistration(114)) - New reporters are added after registries were created. Some metrics will be missing from the reporter. Please add reporter before adding any new registry.
2024-07-20 16:54:46,466 [main] WARN  server.ServerUtils (ServerUtils.java:getDefaultRatisDirectory(311)) - Storage directory for Ratis is not configured. It is a good idea to map this to an SSD disk. Falling back to ozone.metadata.dirs
2024-07-20 16:54:46,468 [main] INFO  ratis.OzoneManagerRatisServer (OzoneManagerRatisServer.java:<init>(168)) - Instantiating OM Ratis server with groupID: om-service-test1 and peers: localhost:15011, localhost:15015, localhost:15007
2024-07-20 16:54:46,468 [main] INFO  ratis.OzoneManagerStateMachine (OzoneManagerStateMachine.java:loadSnapshotInfoFromDB(593)) - TransactionInfo not found in OM DB.
2024-07-20 16:54:46,469 [main] INFO  server.RaftServer (ConfUtils.java:logGet(46)) - raft.rpc.type = GRPC (default)
2024-07-20 16:54:46,469 [main] INFO  grpc.GrpcConfigKeys (ConfUtils.java:logFallback(53)) - raft.grpc.admin.host = null (fallback to raft.grpc.server.host)
2024-07-20 16:54:46,470 [main] INFO  grpc.GrpcConfigKeys (ConfUtils.java:logFallback(53)) - raft.grpc.admin.port = 15011 (fallback to raft.grpc.server.port)
2024-07-20 16:54:46,470 [main] INFO  grpc.GrpcConfigKeys (ConfUtils.java:logFallback(53)) - raft.grpc.client.host = null (fallback to raft.grpc.server.host)
2024-07-20 16:54:46,470 [main] INFO  grpc.GrpcConfigKeys (ConfUtils.java:logFallback(53)) - raft.grpc.client.port = 15011 (fallback to raft.grpc.server.port)
2024-07-20 16:54:46,470 [main] INFO  grpc.GrpcConfigKeys (ConfUtils.java:logGet(46)) - raft.grpc.server.host = null (default)
2024-07-20 16:54:46,470 [main] INFO  grpc.GrpcConfigKeys (ConfUtils.java:logGet(46)) - raft.grpc.server.port = 15011 (custom)
2024-07-20 16:54:46,470 [main] INFO  server.GrpcService (ConfUtils.java:logGet(46)) - raft.grpc.message.size.max = 4194304 (custom)
2024-07-20 16:54:46,470 [main] INFO  server.RaftServerConfigKeys (ConfUtils.java:logGet(46)) - raft.server.log.appender.buffer.byte-limit = 4194304 (custom)
2024-07-20 16:54:46,471 [main] INFO  server.GrpcService (ConfUtils.java:logGet(46)) - raft.grpc.flow.control.window = 1MB (=1048576) (default)
2024-07-20 16:54:46,471 [main] INFO  server.RaftServerConfigKeys (ConfUtils.java:logGet(46)) - raft.server.rpc.request.timeout = 3000ms (default)
2024-07-20 16:54:46,471 [main] INFO  grpc.GrpcConfigKeys (ConfUtils.java:logGet(46)) - raft.grpc.server.heartbeat.channel = true (default)
2024-07-20 16:54:46,471 [main] INFO  grpc.GrpcConfigKeys (ConfUtils.java:logGet(46)) - raft.grpc.server.async.request.thread.pool.cached = true (default)
2024-07-20 16:54:46,471 [main] INFO  grpc.GrpcConfigKeys (ConfUtils.java:logGet(46)) - raft.grpc.server.async.request.thread.pool.size = 32 (default)
2024-07-20 16:54:46,472 [main] INFO  impl.DataStreamServerImpl (ConfUtils.java:logGet(46)) - raft.datastream.type = DISABLED (default)
2024-07-20 16:54:46,473 [main] INFO  server.RaftServerConfigKeys (ConfUtils.java:logGet(46)) - raft.server.sleep.deviation.threshold = 300ms (default)
2024-07-20 16:54:46,473 [main] INFO  server.RaftServerConfigKeys (ConfUtils.java:logGet(46)) - raft.server.close.threshold = 60s (default)
2024-07-20 16:54:46,473 [main] INFO  server.RaftServerConfigKeys (ConfUtils.java:logGet(46)) - raft.server.leaderelection.leader.step-down.wait-time = 10s (default)
2024-07-20 16:54:46,473 [main] INFO  server.RaftServerConfigKeys (ConfUtils.java:logGet(46)) - raft.server.storage.dir = [/home/runner/work/ozone/ozone/hadoop-ozone/integration-test/target/test-dir/MiniOzoneClusterImpl-f7452c88-0c37-4f5d-a1f6-a5ee96fcef81/omNode-2/ratis] (custom)
2024-07-20 16:54:46,473 [main] INFO  server.RaftServerConfigKeys (ConfUtils.java:logGet(46)) - raft.server.threadpool.proxy.cached = true (default)
2024-07-20 16:54:46,474 [main] INFO  server.RaftServerConfigKeys (ConfUtils.java:logGet(46)) - raft.server.threadpool.proxy.size = 0 (default)
2024-07-20 16:54:46,486 [main] INFO  server.RaftServer (RaftServerProxy.java:addNew(101)) - omNode-2: addNew group-523986131536:[omNode-3|localhost:15015, omNode-1|localhost:15007, omNode-2|localhost:15011] returns group-523986131536:java.util.concurrent.CompletableFuture@66e22c32[Not completed]
2024-07-20 16:54:46,486 [main] INFO  om.OzoneManager (OzoneManager.java:initializeRatisServer(2168)) - OzoneManager Ratis server initialized at port 15011
2024-07-20 16:54:46,487 [main] INFO  om.OzoneManager (OzoneManager.java:getRpcServer(1228)) - Creating RPC Server
2024-07-20 16:54:46,486 [omNode-2-groupManagement] INFO  server.RaftServer$Division (RaftServerImpl.java:<init>(253)) - omNode-2: new RaftServerImpl for group-523986131536:[omNode-3|localhost:15015, omNode-1|localhost:15007, omNode-2|localhost:15011] with OzoneManagerStateMachine:uninitialized
2024-07-20 16:54:46,491 [omNode-2-groupManagement] INFO  server.RaftServerConfigKeys (ConfUtils.java:logGet(46)) - raft.server.rpc.timeout.min = 1s (custom)
2024-07-20 16:54:46,491 [omNode-2-groupManagement] INFO  server.RaftServerConfigKeys (ConfUtils.java:logGet(46)) - raft.server.rpc.timeout.max = 1200ms (custom)
2024-07-20 16:54:46,491 [omNode-2-groupManagement] INFO  server.RaftServerConfigKeys (ConfUtils.java:logGet(46)) - raft.server.rpc.sleep.time = 25ms (default)
2024-07-20 16:54:46,492 [omNode-2-groupManagement] INFO  server.RaftServerConfigKeys (ConfUtils.java:logGet(46)) - raft.server.rpc.slowness.timeout = 2s (custom)
2024-07-20 16:54:46,492 [omNode-2-groupManagement] INFO  server.RaftServerConfigKeys (ConfUtils.java:logGet(46)) - raft.server.leaderelection.leader.step-down.wait-time = 10s (default)
2024-07-20 16:54:46,492 [omNode-2-groupManagement] INFO  server.RaftServerConfigKeys (ConfUtils.java:logGet(46)) - raft.server.leaderelection.member.majority-add = false (default)
2024-07-20 16:54:46,492 [omNode-2-groupManagement] INFO  server.RaftServerConfigKeys (ConfUtils.java:logGet(46)) - raft.server.sleep.deviation.threshold = 300ms (default)
2024-07-20 16:54:46,493 [omNode-2-groupManagement] INFO  server.RaftServer$Division (ServerState.java:<init>(114)) - omNode-2@group-523986131536: ConfigurationManager, init=conf: {index: -1, cur=peers:[omNode-3|localhost:15015, omNode-1|localhost:15007, omNode-2|localhost:15011]|listeners:[], old=null}, confs=<EMPTY_MAP>
2024-07-20 16:54:46,493 [omNode-2-groupManagement] INFO  server.RaftServerConfigKeys (ConfUtils.java:logGet(46)) - raft.server.notification.no-leader.timeout = 2s (custom)
2024-07-20 16:54:46,493 [omNode-2-groupManagement] INFO  server.RaftServerConfigKeys (ConfUtils.java:logGet(46)) - raft.server.read.timeout = 10s (default)
2024-07-20 16:54:46,493 [omNode-2-groupManagement] INFO  server.RaftServerConfigKeys (ConfUtils.java:logGet(46)) - raft.server.retrycache.expirytime = 300s (custom)
2024-07-20 16:54:46,494 [omNode-2-groupManagement] INFO  server.RaftServerConfigKeys (ConfUtils.java:logGet(46)) - raft.server.retrycache.statistics.expirytime = 100ms (default)
2024-07-20 16:54:46,494 [omNode-2-groupManagement] INFO  server.RaftServerConfigKeys (ConfUtils.java:logGet(46)) - raft.server.read.option = DEFAULT (default)
2024-07-20 16:54:46,494 [omNode-2-groupManagement] INFO  server.RaftServerConfigKeys (ConfUtils.java:logGet(46)) - raft.server.read.read-after-write-consistent.write-index-cache.expiry-time = 60s (default)
2024-07-20 16:54:46,506 [omNode-2-groupManagement] INFO  server.RaftServerConfigKeys (ConfUtils.java:logGet(46)) - raft.server.rpc.request.timeout = 3000ms (default)
2024-07-20 16:54:46,506 [omNode-2-groupManagement] INFO  server.RaftServerConfigKeys (ConfUtils.java:logGet(46)) - raft.server.log.appender.install.snapshot.enabled = false (custom)
2024-07-20 16:54:46,506 [omNode-2-groupManagement] INFO  server.RaftServerConfigKeys (ConfUtils.java:logGet(46)) - raft.server.threadpool.server.cached = true (default)
2024-07-20 16:54:46,506 [omNode-2-groupManagement] INFO  server.RaftServerConfigKeys (ConfUtils.java:logGet(46)) - raft.server.threadpool.server.size = 0 (default)
2024-07-20 16:54:46,507 [omNode-2-groupManagement] INFO  server.RaftServerConfigKeys (ConfUtils.java:logGet(46)) - raft.server.threadpool.client.cached = true (default)
2024-07-20 16:54:46,507 [omNode-2-groupManagement] INFO  server.RaftServerConfigKeys (ConfUtils.java:logGet(46)) - raft.server.threadpool.client.size = 0 (default)
2024-07-20 16:54:46,964 [main] INFO  reflections.Reflections (Reflections.java:scan(219)) - Reflections took 476 ms to scan 20 urls, producing 59 keys and 6640 values
2024-07-20 16:54:46,967 [main] INFO  ipc.CallQueueManager (CallQueueManager.java:<init>(90)) - Using callQueue: class java.util.concurrent.LinkedBlockingQueue, queueCapacity: 2000, scheduler: class org.apache.hadoop.ipc.DefaultRpcScheduler, ipcBackoff: false.
2024-07-20 16:54:46,968 [main] INFO  ipc.Server (Server.java:<init>(1287)) - Listener at 127.0.0.1:15008
2024-07-20 16:54:46,969 [Socket Reader #1 for port 15008] INFO  ipc.Server (Server.java:run(1323)) - Starting Socket Reader #1 for port 15008
2024-07-20 16:54:46,995 [main] INFO  impl.MetricsSystemImpl (MetricsSystemImpl.java:init(158)) - OzoneManager metrics system started (again)
2024-07-20 16:54:47,008 [main] INFO  om.OzoneManager (OzoneManager.java:start(1650)) - OzoneManager RPC server is listening at localhost/127.0.0.1:15008
2024-07-20 16:54:47,008 [main] INFO  ratis.OzoneManagerRatisServer (OzoneManagerRatisServer.java:start(594)) - Starting OzoneManagerRatisServer omNode-2 at port 15011
2024-07-20 16:54:47,008 [omNode-2-impl-thread1] INFO  server.RaftServerConfigKeys (ConfUtils.java:logGet(46)) - raft.server.storage.free-space.min = 0MB (=0) (default)
2024-07-20 16:54:47,009 [omNode-2-impl-thread1] INFO  server.RaftServerConfigKeys (ConfUtils.java:logGet(46)) - raft.server.log.corruption.policy = EXCEPTION (default)
2024-07-20 16:54:47,009 [omNode-2-impl-thread1] INFO  server.RaftServerConfigKeys (ConfUtils.java:logGet(46)) - raft.server.storage.dir = [/home/runner/work/ozone/ozone/hadoop-ozone/integration-test/target/test-dir/MiniOzoneClusterImpl-f7452c88-0c37-4f5d-a1f6-a5ee96fcef81/omNode-2/ratis] (custom)
2024-07-20 16:54:47,009 [omNode-2-impl-thread1] INFO  storage.RaftStorageDirectory (RaftStorageDirectoryImpl.java:analyzeStorage(138)) - The storage directory /home/runner/work/ozone/ozone/hadoop-ozone/integration-test/target/test-dir/MiniOzoneClusterImpl-f7452c88-0c37-4f5d-a1f6-a5ee96fcef81/omNode-2/ratis/c9bc4cf4-3bc3-3c60-a66b-523986131536 does not exist. Creating ...
2024-07-20 16:54:47,012 [omNode-2-impl-thread1] INFO  storage.RaftStorageDirectory (RaftStorageDirectoryImpl.java:tryLock(229)) - Lock on /home/runner/work/ozone/ozone/hadoop-ozone/integration-test/target/test-dir/MiniOzoneClusterImpl-f7452c88-0c37-4f5d-a1f6-a5ee96fcef81/omNode-2/ratis/c9bc4cf4-3bc3-3c60-a66b-523986131536/in_use.lock acquired by nodename 54372@fv-az1015-711
2024-07-20 16:54:47,014 [omNode-2-impl-thread1] INFO  storage.RaftStorage (RaftStorageImpl.java:format(98)) - Storage directory /home/runner/work/ozone/ozone/hadoop-ozone/integration-test/target/test-dir/MiniOzoneClusterImpl-f7452c88-0c37-4f5d-a1f6-a5ee96fcef81/omNode-2/ratis/c9bc4cf4-3bc3-3c60-a66b-523986131536 has been successfully formatted.
2024-07-20 16:54:47,014 [omNode-2-impl-thread1] INFO  server.RaftServerConfigKeys (ConfUtils.java:logGet(46)) - raft.server.log.use.memory = false (default)
2024-07-20 16:54:47,014 [omNode-2-impl-thread1] INFO  server.RaftServerConfigKeys (ConfUtils.java:logGet(46)) - raft.server.log.purge.gap = 1000000 (custom)
2024-07-20 16:54:47,014 [omNode-2-impl-thread1] INFO  server.RaftServerConfigKeys (ConfUtils.java:logGet(46)) - raft.server.log.appender.buffer.byte-limit = 4194304 (custom)
2024-07-20 16:54:47,014 [omNode-2-impl-thread1] INFO  server.RaftServerConfigKeys (ConfUtils.java:logGet(46)) - raft.server.log.statemachine.data.read.timeout = 1000ms (default)
2024-07-20 16:54:47,015 [omNode-2-impl-thread1] INFO  server.RaftServerConfigKeys (ConfUtils.java:logGet(46)) - raft.server.log.purge.preservation.log.num = 0 (default)
2024-07-20 16:54:47,017 [omNode-2-impl-thread1] INFO  server.RaftServerConfigKeys (ConfUtils.java:logGet(46)) - raft.server.log.segment.size.max = 4194304 (custom)
2024-07-20 16:54:47,017 [omNode-2-impl-thread1] INFO  server.RaftServerConfigKeys (ConfUtils.java:logGet(46)) - raft.server.log.segment.cache.num.max = 2 (custom)
2024-07-20 16:54:47,018 [omNode-2-impl-thread1] INFO  server.RaftServerConfigKeys (ConfUtils.java:logGet(46)) - raft.server.log.segment.cache.size.max = 200MB (=209715200) (default)
2024-07-20 16:54:47,018 [omNode-2-impl-thread1] INFO  server.RaftServerConfigKeys (ConfUtils.java:logGet(46)) - raft.server.log.appender.buffer.byte-limit = 4194304 (custom)
2024-07-20 16:54:47,020 [omNode-1@group-523986131536-FollowerState] INFO  impl.FollowerState (FollowerState.java:run(144)) - omNode-1@group-523986131536-FollowerState: change to CANDIDATE, lastRpcElapsedTime:1009582259ns, electionTimeout:1005ms
2024-07-20 16:54:47,020 [omNode-1@group-523986131536-FollowerState] INFO  impl.RoleInfo (RoleInfo.java:shutdownFollowerState(119)) - omNode-1: shutdown omNode-1@group-523986131536-FollowerState
2024-07-20 16:54:47,020 [omNode-1@group-523986131536-FollowerState] INFO  server.RaftServer$Division (RaftServerImpl.java:setRole(376)) - omNode-1@group-523986131536: changes role from  FOLLOWER to CANDIDATE at term 0 for changeToCandidate
2024-07-20 16:54:47,022 [omNode-1@group-523986131536-FollowerState] INFO  server.RaftServerConfigKeys (ConfUtils.java:logGet(46)) - raft.server.leaderelection.pre-vote = true (default)
2024-07-20 16:54:47,023 [omNode-1@group-523986131536-FollowerState] INFO  impl.RoleInfo (RoleInfo.java:updateAndGet(148)) - omNode-1: start omNode-1@group-523986131536-LeaderElection1
2024-07-20 16:54:47,023 [omNode-2-impl-thread1] INFO  util.AwaitToRun (AwaitToRun.java:start(81)) - Thread[omNode-2@group-523986131536-cacheEviction-AwaitToRun,5,main] started
2024-07-20 16:54:47,023 [omNode-2-impl-thread1] INFO  segmented.SegmentedRaftLogWorker (SegmentedRaftLogWorker.java:<init>(184)) - new omNode-2@group-523986131536-SegmentedRaftLogWorker for RaftStorageImpl:Storage Directory /home/runner/work/ozone/ozone/hadoop-ozone/integration-test/target/test-dir/MiniOzoneClusterImpl-f7452c88-0c37-4f5d-a1f6-a5ee96fcef81/omNode-2/ratis/c9bc4cf4-3bc3-3c60-a66b-523986131536
2024-07-20 16:54:47,023 [omNode-2-impl-thread1] INFO  server.RaftServerConfigKeys (ConfUtils.java:logGet(46)) - raft.server.log.queue.byte-limit = 64MB (=67108864) (default)
2024-07-20 16:54:47,023 [omNode-2-impl-thread1] INFO  server.RaftServerConfigKeys (ConfUtils.java:logGet(46)) - raft.server.log.queue.element-limit = 4096 (default)
2024-07-20 16:54:47,024 [omNode-2-impl-thread1] INFO  server.RaftServerConfigKeys (ConfUtils.java:logGet(46)) - raft.server.log.segment.size.max = 4194304 (custom)
2024-07-20 16:54:47,024 [omNode-2-impl-thread1] INFO  server.RaftServerConfigKeys (ConfUtils.java:logGet(46)) - raft.server.log.preallocated.size = 4194304 (custom)
2024-07-20 16:54:47,024 [omNode-2-impl-thread1] INFO  server.RaftServerConfigKeys (ConfUtils.java:logGet(46)) - raft.server.log.force.sync.num = 128 (default)
2024-07-20 16:54:47,024 [omNode-2-impl-thread1] INFO  server.RaftServerConfigKeys (ConfUtils.java:logGet(46)) - raft.server.log.statemachine.data.sync = true (default)
2024-07-20 16:54:47,024 [omNode-2-impl-thread1] INFO  server.RaftServerConfigKeys (ConfUtils.java:logGet(46)) - raft.server.log.statemachine.data.sync.timeout = 10s (default)
2024-07-20 16:54:47,024 [omNode-2-impl-thread1] INFO  server.RaftServerConfigKeys (ConfUtils.java:logGet(46)) - raft.server.log.statemachine.data.sync.timeout.retry = -1 (default)
2024-07-20 16:54:47,025 [omNode-2-impl-thread1] INFO  server.RaftServerConfigKeys (ConfUtils.java:logGet(46)) - raft.server.log.write.buffer.size = 4194312 (custom)
2024-07-20 16:54:47,026 [omNode-2-impl-thread1] INFO  server.RaftServerConfigKeys (ConfUtils.java:logGet(46)) - raft.server.log.appender.buffer.byte-limit = 4194304 (custom)
2024-07-20 16:54:47,027 [omNode-2-impl-thread1] INFO  server.RaftServerConfigKeys (ConfUtils.java:logGet(46)) - raft.server.log.unsafe-flush.enabled = false (default)
2024-07-20 16:54:47,027 [omNode-2-impl-thread1] INFO  server.RaftServerConfigKeys (ConfUtils.java:logGet(46)) - raft.server.log.async-flush.enabled = false (default)
2024-07-20 16:54:47,027 [omNode-2-impl-thread1] INFO  server.RaftServerConfigKeys (ConfUtils.java:logGet(46)) - raft.server.log.statemachine.data.caching.enabled = false (default)
2024-07-20 16:54:47,027 [omNode-2-impl-thread1] INFO  segmented.SegmentedRaftLogWorker (SegmentedRaftLogWorker.java:lambda$new$0(135)) - omNode-2@group-523986131536-SegmentedRaftLogWorker: flushIndex: setUnconditionally 0 -> -1
2024-07-20 16:54:47,027 [omNode-2-impl-thread1] INFO  segmented.SegmentedRaftLogWorker (SegmentedRaftLogWorker.java:lambda$new$0(135)) - omNode-2@group-523986131536-SegmentedRaftLogWorker: safeCacheEvictIndex: setUnconditionally 0 -> -1
2024-07-20 16:54:47,030 [omNode-1@group-523986131536-LeaderElection1] INFO  impl.LeaderElection (LeaderElection.java:askForVotes(321)) - omNode-1@group-523986131536-LeaderElection1 PRE_VOTE round 0: submit vote requests at term 0 for conf: {index: -1, cur=peers:[omNode-3|localhost:15015, omNode-1|localhost:15007, omNode-2|localhost:15011]|listeners:[], old=null}
2024-07-20 16:54:47,033 [omNode-2-impl-thread1] INFO  server.RaftServer$Division (RaftServerImpl.java:start(389)) - omNode-2@group-523986131536: start as a follower, conf=conf: {index: -1, cur=peers:[omNode-3|localhost:15015, omNode-1|localhost:15007, omNode-2|localhost:15011]|listeners:[], old=null}
2024-07-20 16:54:47,034 [omNode-2-impl-thread1] INFO  server.RaftServer$Division (RaftServerImpl.java:setRole(376)) - omNode-2@group-523986131536: changes role from      null to FOLLOWER at term 0 for startAsFollower
2024-07-20 16:54:47,034 [omNode-2-impl-thread1] INFO  impl.RoleInfo (RoleInfo.java:updateAndGet(148)) - omNode-2: start omNode-2@group-523986131536-FollowerState
2024-07-20 16:54:47,035 [omNode-2-impl-thread1] INFO  util.JmxRegister (JmxRegister.java:tryRegister(44)) - Successfully registered JMX Bean with object name Ratis:service=RaftServer,group=group-523986131536,id=omNode-2
2024-07-20 16:54:47,036 [omNode-2-impl-thread1] INFO  util.JmxRegister (JmxRegister.java:register(58)) - register mxBean class org.apache.ratis.server.impl.RaftServerJmxAdapter as Ratis:service=RaftServer,group=group-523986131536,id=omNode-2
2024-07-20 16:54:47,036 [omNode-2-impl-thread1] INFO  server.RaftServerConfigKeys (ConfUtils.java:logGet(46)) - raft.server.snapshot.trigger-when-stop.enabled = true (default)
2024-07-20 16:54:47,037 [omNode-2-impl-thread1] INFO  server.RaftServerConfigKeys (ConfUtils.java:logGet(46)) - raft.server.snapshot.trigger-when-remove.enabled = true (default)
2024-07-20 16:54:47,037 [omNode-2-impl-thread1] INFO  server.RaftServerConfigKeys (ConfUtils.java:logGet(46)) - raft.server.snapshot.auto.trigger.enabled = true (custom)
2024-07-20 16:54:47,038 [omNode-2-impl-thread1] INFO  server.RaftServerConfigKeys (ConfUtils.java:logGet(46)) - raft.server.snapshot.auto.trigger.threshold = 400000 (default)
2024-07-20 16:54:47,038 [omNode-2-impl-thread1] INFO  server.RaftServerConfigKeys (ConfUtils.java:logGet(46)) - raft.server.snapshot.retention.file.num = -1 (default)
2024-07-20 16:54:47,038 [omNode-2-impl-thread1] INFO  server.RaftServerConfigKeys (ConfUtils.java:logGet(46)) - raft.server.log.purge.upto.snapshot.index = true (custom)
2024-07-20 16:54:47,040 [omNode-2@group-523986131536-FollowerState] INFO  server.RaftServerConfigKeys (ConfUtils.java:logFallback(53)) - raft.server.rpc.first-election.timeout.min = 1s (fallback to raft.server.rpc.timeout.min)
2024-07-20 16:54:47,041 [omNode-2@group-523986131536-FollowerState] INFO  server.RaftServerConfigKeys (ConfUtils.java:logFallback(53)) - raft.server.rpc.first-election.timeout.max = 1200ms (fallback to raft.server.rpc.timeout.max)
2024-07-20 16:54:47,041 [main] INFO  server.RaftServer (RaftServerProxy.java:startImpl(408)) - omNode-2: start RPC server
2024-07-20 16:54:47,042 [main] INFO  server.GrpcService (GrpcService.java:startImpl(302)) - omNode-2: GrpcService started, listening on 15011
2024-07-20 16:54:47,043 [main] INFO  om.OzoneManager (OzoneManager.java:start(1666)) - Version File has different layout version (6) than OM DB (null). That is expected if this OM has never been finalized to a newer layout version.
2024-07-20 16:54:47,044 [JvmPauseMonitor2] INFO  util.JvmPauseMonitor (JvmPauseMonitor.java:run(146)) - JvmPauseMonitor-omNode-2: Started
2024-07-20 16:54:47,048 [main] INFO  client.ScmTopologyClient (ScmTopologyClient.java:start(72)) - Initial network topology fetched from SCM: /.
2024-07-20 16:54:47,049 [main] INFO  net.NodeSchemaLoader (NodeSchemaLoader.java:loadSchemaFromFile(129)) - Loading schema from [jar:file:/home/runner/work/ozone/ozone/hadoop-hdds/common/target/hdds-common-1.5.0-SNAPSHOT.jar!/network-topology-default.xml]
2024-07-20 16:54:47,049 [main] INFO  net.NodeSchemaLoader (NodeSchemaLoader.java:loadSchema(176)) - Loading network topology layer schema file
2024-07-20 16:54:47,059 [main] INFO  http.BaseHttpServer (BaseHttpServer.java:newHttpServer2BuilderForOzone(223)) - Starting Web-server for ozoneManager at: http://0.0.0.0:15009
2024-07-20 16:54:47,060 [main] INFO  http.BaseHttpServer (BaseHttpServer.java:<init>(110)) - Hadoop Security Enabled: false Ozone Security Enabled: false Ozone HTTP Security Enabled: false 
2024-07-20 16:54:47,061 [main] WARN  server.AuthenticationFilter (AuthenticationFilter.java:constructSecretProvider(240)) - Unable to initialize FileSignerSecretProvider, falling back to use random secrets. Reason: Could not read signature secret file: /home/runner/hadoop-http-auth-signature-secret
2024-07-20 16:54:47,063 [omNode-1@group-523986131536-LeaderElection1-1] INFO  server.GrpcServerProtocolClient (GrpcServerProtocolClient.java:<init>(65)) - Build channel for omNode-3|localhost:15015
2024-07-20 16:54:47,064 [omNode-1@group-523986131536-LeaderElection1] INFO  server.RaftServerConfigKeys (ConfUtils.java:logFallback(53)) - raft.server.rpc.first-election.timeout.min = 1s (fallback to raft.server.rpc.timeout.min)
2024-07-20 16:54:47,064 [omNode-1@group-523986131536-LeaderElection1] INFO  server.RaftServerConfigKeys (ConfUtils.java:logFallback(53)) - raft.server.rpc.first-election.timeout.max = 1200ms (fallback to raft.server.rpc.timeout.max)
2024-07-20 16:54:47,064 [omNode-1@group-523986131536-LeaderElection1-2] INFO  server.GrpcServerProtocolClient (GrpcServerProtocolClient.java:<init>(65)) - Build channel for omNode-2|localhost:15011
2024-07-20 16:54:47,066 [main] INFO  http.HttpRequestLog (HttpRequestLog.java:getRequestLog(86)) - Http request log for http.requests.ozoneManager is not defined
2024-07-20 16:54:47,068 [main] INFO  http.HttpServer2 (HttpServer2.java:addGlobalFilter(1035)) - Added global filter 'safety' (class=org.apache.hadoop.hdds.server.http.HttpServer2$QuotingInputFilter)
2024-07-20 16:54:47,069 [main] INFO  http.HttpServer2 (HttpServer2.java:addFilter(1011)) - Added filter static_user_filter (class=org.apache.hadoop.http.lib.StaticUserWebFilter$StaticUserFilter) to context ozoneManager
2024-07-20 16:54:47,069 [main] INFO  http.HttpServer2 (HttpServer2.java:addFilter(1019)) - Added filter static_user_filter (class=org.apache.hadoop.http.lib.StaticUserWebFilter$StaticUserFilter) to context logs
2024-07-20 16:54:47,069 [main] INFO  http.HttpServer2 (HttpServer2.java:addFilter(1019)) - Added filter static_user_filter (class=org.apache.hadoop.http.lib.StaticUserWebFilter$StaticUserFilter) to context static
2024-07-20 16:54:47,070 [main] INFO  http.BaseHttpServer (BaseHttpServer.java:<init>(189)) - HTTP server of ozoneManager uses base directory /home/runner/work/ozone/ozone/hadoop-ozone/integration-test/target/test-dir/MiniOzoneClusterImpl-f7452c88-0c37-4f5d-a1f6-a5ee96fcef81/omNode-2/webserver
2024-07-20 16:54:47,070 [main] INFO  http.HttpServer2 (HttpServer2.java:bindListener(1235)) - Jetty bound to port 15009
2024-07-20 16:54:47,071 [main] INFO  server.Server (Server.java:doStart(375)) - jetty-9.4.55.v20240627; built: 2024-06-27T15:05:37.765Z; git: 70015831e5195ba74da6383c4ab7c90c56bb08af; jvm 17.0.11+9
2024-07-20 16:54:47,074 [main] INFO  server.session (DefaultSessionIdManager.java:doStart(334)) - DefaultSessionIdManager workerName=node0
2024-07-20 16:54:47,074 [main] INFO  server.session (DefaultSessionIdManager.java:doStart(339)) - No SessionScavenger set, using defaults
2024-07-20 16:54:47,075 [main] INFO  server.session (HouseKeeper.java:startScavenging(132)) - node0 Scavenging every 600000ms
2024-07-20 16:54:47,077 [main] INFO  handler.ContextHandler (ContextHandler.java:doStart(921)) - Started o.e.j.s.ServletContextHandler@7370c288{logs,/logs,file:///home/runner/work/ozone/ozone/hadoop-ozone/integration-test/target/log,AVAILABLE}
2024-07-20 16:54:47,077 [main] INFO  handler.ContextHandler (ContextHandler.java:doStart(921)) - Started o.e.j.s.ServletContextHandler@661d8946{static,/static,file:///home/runner/work/ozone/ozone/hadoop-ozone/integration-test/target/test-classes/webapps/static,AVAILABLE}
2024-07-20 16:54:47,087 [main] INFO  handler.ContextHandler (ContextHandler.java:doStart(921)) - Started o.e.j.w.WebAppContext@4f9e5d0e{ozoneManager,/,file:///home/runner/work/ozone/ozone/hadoop-ozone/integration-test/target/test-classes/webapps/ozoneManager/,AVAILABLE}{file:/home/runner/work/ozone/ozone/hadoop-ozone/integration-test/target/test-classes/webapps/ozoneManager}
2024-07-20 16:54:47,088 [main] INFO  server.AbstractConnector (AbstractConnector.java:doStart(333)) - Started ServerConnector@6bb4568{HTTP/1.1, (http/1.1)}{0.0.0.0:15009}
2024-07-20 16:54:47,088 [main] INFO  server.Server (Server.java:doStart(415)) - Started @8059ms
2024-07-20 16:54:47,088 [main] WARN  impl.MetricsSystemImpl (MetricsSystemImpl.java:register(279)) - Sink prometheus already exists!
2024-07-20 16:54:47,090 [main] INFO  http.BaseHttpServer (BaseHttpServer.java:updateConnectorAddress(354)) - HTTP server of ozoneManager listening at http://0.0.0.0:15009
2024-07-20 16:54:47,090 [IPC Server Responder] INFO  ipc.Server (Server.java:run(1562)) - IPC Server Responder: starting
2024-07-20 16:54:47,091 [IPC Server listener on 15008] INFO  ipc.Server (Server.java:run(1402)) - IPC Server listener on 15008: starting
2024-07-20 16:54:47,102 [main] INFO  om.OzoneManager (OzoneManager.java:startTrashEmptier(2121)) - Trash Interval set to 0. Files deleted won't move to trash
2024-07-20 16:54:47,102 [main] INFO  ozone.MiniOzoneHAClusterImpl (MiniOzoneHAClusterImpl.java:createOMService(517)) - Started OzoneManager omNode-2 RPC server at localhost/127.0.0.1:15008
2024-07-20 16:54:47,105 [main] INFO  ha.OMHANodeDetails (OMHANodeDetails.java:loadOMHAConfig(121)) - ServiceID for OzoneManager is om-service-test1
2024-07-20 16:54:47,106 [main] INFO  ha.OMHANodeDetails (OMHANodeDetails.java:loadOMHAConfig(201)) - Found matching OM address with OMServiceId: om-service-test1, OMNodeId: omNode-3, RPC Address: localhost:15012 and Ratis port: 15015
2024-07-20 16:54:47,106 [main] INFO  ha.OMHANodeDetails (ConfUtils.java:setNodeSpecificConfigs(97)) - Setting configuration key ozone.om.http-address with value of key ozone.om.http-address.om-service-test1.omNode-3: 127.0.0.1:15013
2024-07-20 16:54:47,106 [main] INFO  ha.OMHANodeDetails (ConfUtils.java:setNodeSpecificConfigs(97)) - Setting configuration key ozone.om.https-address with value of key ozone.om.https-address.om-service-test1.omNode-3: 127.0.0.1:15014
2024-07-20 16:54:47,106 [main] INFO  ha.OMHANodeDetails (ConfUtils.java:setNodeSpecificConfigs(97)) - Setting configuration key ozone.om.address with value of key ozone.om.address.om-service-test1.omNode-3: 127.0.0.1:15012
2024-07-20 16:54:47,106 [main] WARN  server.ServerUtils (ServerUtils.java:getDBPath(299)) - ozone.om.db.dirs is not configured. We recommend adding this setting. Falling back to ozone.metadata.dirs instead.
2024-07-20 16:54:47,109 [main] INFO  proxy.SCMBlockLocationFailoverProxyProvider (SCMBlockLocationFailoverProxyProvider.java:<init>(115)) - Created block location fail-over proxy with 1 nodes: [nodeId=scmNodeId,nodeAddress=/0.0.0.0:15001]
2024-07-20 16:54:47,119 | INFO  | SCMAudit | user=runner | ip=127.0.0.1 | op=GET_SCM_INFO null | ret=SUCCESS |  
OM initialization succeeded.Current cluster id for sd=/home/runner/work/ozone/ozone/hadoop-ozone/integration-test/target/test-dir/MiniOzoneClusterImpl-f7452c88-0c37-4f5d-a1f6-a5ee96fcef81/omNode-3/om;cid=f7452c88-0c37-4f5d-a1f6-a5ee96fcef81;layoutVersion=6
2024-07-20 16:54:47,159 [main] INFO  ha.OMHANodeDetails (OMHANodeDetails.java:loadOMHAConfig(121)) - ServiceID for OzoneManager is om-service-test1
2024-07-20 16:54:47,160 [main] INFO  ha.OMHANodeDetails (OMHANodeDetails.java:loadOMHAConfig(201)) - Found matching OM address with OMServiceId: om-service-test1, OMNodeId: omNode-3, RPC Address: localhost:15012 and Ratis port: 15015
2024-07-20 16:54:47,160 [main] INFO  ha.OMHANodeDetails (ConfUtils.java:setNodeSpecificConfigs(97)) - Setting configuration key ozone.om.http-address with value of key ozone.om.http-address.om-service-test1.omNode-3: 127.0.0.1:15013
2024-07-20 16:54:47,160 [main] INFO  ha.OMHANodeDetails (ConfUtils.java:setNodeSpecificConfigs(97)) - Setting configuration key ozone.om.https-address with value of key ozone.om.https-address.om-service-test1.omNode-3: 127.0.0.1:15014
2024-07-20 16:54:47,160 [main] INFO  ha.OMHANodeDetails (ConfUtils.java:setNodeSpecificConfigs(97)) - Setting configuration key ozone.om.address with value of key ozone.om.address.om-service-test1.omNode-3: 127.0.0.1:15012
2024-07-20 16:54:47,160 [main] WARN  server.ServerUtils (ServerUtils.java:getDBPath(299)) - ozone.om.db.dirs is not configured. We recommend adding this setting. Falling back to ozone.metadata.dirs instead.
2024-07-20 16:54:47,163 [main] INFO  upgrade.AbstractLayoutVersionManager (AbstractLayoutVersionManager.java:init(83)) - Initializing Layout version manager with metadata layout = QUOTA (version = 6), software layout = QUOTA (version = 6)
2024-07-20 16:54:47,219 [main] INFO  reflections.Reflections (Reflections.java:scan(219)) - Reflections took 55 ms to scan 2 urls, producing 188 keys and 546 values
2024-07-20 16:54:47,220 [main] INFO  upgrade.OMLayoutVersionManager (OMLayoutVersionManager.java:lambda$0(113)) - Skipping Upgrade Action QuotaRepairUpgradeAction since it has been finalized.
2024-07-20 16:54:47,220 [main] INFO  upgrade.OMLayoutVersionManager (OMLayoutVersionManager.java:lambda$0(113)) - Skipping Upgrade Action MockOmUpgradeAction since it has been finalized.
2024-07-20 16:54:47,220 [main] WARN  server.ServerUtils (ServerUtils.java:getDBPath(299)) - ozone.om.db.dirs is not configured. We recommend adding this setting. Falling back to ozone.metadata.dirs instead.
2024-07-20 16:54:47,222 [main] INFO  proxy.SCMBlockLocationFailoverProxyProvider (SCMBlockLocationFailoverProxyProvider.java:<init>(115)) - Created block location fail-over proxy with 1 nodes: [nodeId=scmNodeId,nodeAddress=/0.0.0.0:15001]
2024-07-20 16:54:47,226 [main] INFO  proxy.SCMBlockLocationFailoverProxyProvider (SCMBlockLocationFailoverProxyProvider.java:<init>(115)) - Created block location fail-over proxy with 1 nodes: [nodeId=scmNodeId,nodeAddress=/0.0.0.0:15001]
2024-07-20 16:54:47,234 | INFO  | SCMAudit | user=runner | ip=127.0.0.1 | op=GET_SCM_INFO null | ret=SUCCESS |  
2024-07-20 16:54:47,239 [main] INFO  om.OzoneManager (OzoneManager.java:<init>(678)) - OM start with adminUsers: [runner]
2024-07-20 16:54:47,240 [main] WARN  server.ServerUtils (ServerUtils.java:getDBPath(299)) - ozone.om.db.dirs is not configured. We recommend adding this setting. Falling back to ozone.metadata.dirs instead.
2024-07-20 16:54:47,241 [main] INFO  helpers.OmKeyInfo (OmKeyInfo.java:getCodec(72)) - OmKeyInfo.getCodec ignorePipeline = true
2024-07-20 16:54:47,248 [omNode-1@group-523986131536-LeaderElection1] INFO  impl.LeaderElection (LogUtils.java:infoOrTrace(136)) - omNode-1@group-523986131536-LeaderElection1 got exception when requesting votes: java.util.concurrent.ExecutionException: org.apache.ratis.thirdparty.io.grpc.StatusRuntimeException: UNAVAILABLE: io exception
2024-07-20 16:54:47,352 [grpc-default-executor-1] INFO  server.RaftServer$Division (RaftServerImpl.java:requestVote(1416)) - omNode-2@group-523986131536: receive requestVote(PRE_VOTE, omNode-1, group-523986131536, 0, (t:0, i:~))
2024-07-20 16:54:47,354 [grpc-default-executor-1] INFO  impl.VoteContext (VoteContext.java:log(49)) - omNode-2@group-523986131536-FOLLOWER: accept PRE_VOTE from omNode-1: our priority 0 <= candidate's priority 0
2024-07-20 16:54:47,362 [grpc-default-executor-1] INFO  server.RaftServer$Division (RaftServerImpl.java:requestVote(1449)) - omNode-2@group-523986131536 replies to PRE_VOTE vote request: omNode-1<-omNode-2#0:OK-t0. Peer's state: omNode-2@group-523986131536:t0, leader=null, voted=, raftlog=Memoized:omNode-2@group-523986131536-SegmentedRaftLog:OPENED:c-1:lastnull, conf=conf: {index: -1, cur=peers:[omNode-3|localhost:15015, omNode-1|localhost:15007, omNode-2|localhost:15011]|listeners:[], old=null}
2024-07-20 16:54:47,375 [omNode-1@group-523986131536-LeaderElection1] INFO  impl.LeaderElection (LeaderElection.java:logAndReturn(89)) - omNode-1@group-523986131536-LeaderElection1: PRE_VOTE PASSED received 1 response(s) and 1 exception(s):
2024-07-20 16:54:47,375 [omNode-1@group-523986131536-LeaderElection1] INFO  impl.LeaderElection (LeaderElection.java:logAndReturn(93)) -   Response 0: omNode-1<-omNode-2#0:OK-t0
2024-07-20 16:54:47,375 [omNode-1@group-523986131536-LeaderElection1] INFO  impl.LeaderElection (LogUtils.java:infoOrTrace(136)) -   Exception 1: java.util.concurrent.ExecutionException: org.apache.ratis.thirdparty.io.grpc.StatusRuntimeException: UNAVAILABLE: io exception
2024-07-20 16:54:47,376 [omNode-1@group-523986131536-LeaderElection1] INFO  impl.LeaderElection (LeaderElection.java:askForVotes(323)) - omNode-1@group-523986131536-LeaderElection1 PRE_VOTE round 0: result PASSED
2024-07-20 16:54:47,378 [omNode-1@group-523986131536-LeaderElection1] INFO  impl.LeaderElection (LeaderElection.java:askForVotes(321)) - omNode-1@group-523986131536-LeaderElection1 ELECTION round 0: submit vote requests at term 1 for conf: {index: -1, cur=peers:[omNode-3|localhost:15015, omNode-1|localhost:15007, omNode-2|localhost:15011]|listeners:[], old=null}
2024-07-20 16:54:47,390 [omNode-1@group-523986131536-LeaderElection1] INFO  server.RaftServerConfigKeys (ConfUtils.java:logFallback(53)) - raft.server.rpc.first-election.timeout.min = 1s (fallback to raft.server.rpc.timeout.min)
2024-07-20 16:54:47,390 [omNode-1@group-523986131536-LeaderElection1] INFO  server.RaftServerConfigKeys (ConfUtils.java:logFallback(53)) - raft.server.rpc.first-election.timeout.max = 1200ms (fallback to raft.server.rpc.timeout.max)
2024-07-20 16:54:47,391 [omNode-1@group-523986131536-LeaderElection1] INFO  impl.LeaderElection (LogUtils.java:infoOrTrace(136)) - omNode-1@group-523986131536-LeaderElection1 got exception when requesting votes: java.util.concurrent.ExecutionException: org.apache.ratis.thirdparty.io.grpc.StatusRuntimeException: UNAVAILABLE: io exception
2024-07-20 16:54:47,403 [grpc-default-executor-1] INFO  server.RaftServer$Division (RaftServerImpl.java:requestVote(1416)) - omNode-2@group-523986131536: receive requestVote(ELECTION, omNode-1, group-523986131536, 1, (t:0, i:~))
2024-07-20 16:54:47,403 [grpc-default-executor-1] INFO  impl.VoteContext (VoteContext.java:log(49)) - omNode-2@group-523986131536-FOLLOWER: accept ELECTION from omNode-1: our priority 0 <= candidate's priority 0
2024-07-20 16:54:47,404 [grpc-default-executor-1] INFO  server.RaftServer$Division (RaftServerImpl.java:setRole(376)) - omNode-2@group-523986131536: changes role from  FOLLOWER to FOLLOWER at term 1 for candidate:omNode-1
2024-07-20 16:54:47,404 [grpc-default-executor-1] INFO  impl.RoleInfo (RoleInfo.java:shutdownFollowerState(119)) - omNode-2: shutdown omNode-2@group-523986131536-FollowerState
2024-07-20 16:54:47,404 [grpc-default-executor-1] INFO  impl.RoleInfo (RoleInfo.java:updateAndGet(148)) - omNode-2: start omNode-2@group-523986131536-FollowerState
2024-07-20 16:54:47,405 [omNode-2@group-523986131536-FollowerState] INFO  impl.FollowerState (FollowerState.java:run(153)) - omNode-2@group-523986131536-FollowerState was interrupted
2024-07-20 16:54:47,405 [grpc-default-executor-1] INFO  server.RaftServer$Division (RaftServerImpl.java:setFirstElection(549)) - omNode-2@group-523986131536: set firstElectionSinceStartup to false for candidate:omNode-1
2024-07-20 16:54:47,409 [grpc-default-executor-1] INFO  server.RaftServer$Division (RaftServerImpl.java:requestVote(1449)) - omNode-2@group-523986131536 replies to ELECTION vote request: omNode-1<-omNode-2#0:OK-t1. Peer's state: omNode-2@group-523986131536:t1, leader=null, voted=omNode-1, raftlog=Memoized:omNode-2@group-523986131536-SegmentedRaftLog:OPENED:c-1:lastnull, conf=conf: {index: -1, cur=peers:[omNode-3|localhost:15015, omNode-1|localhost:15007, omNode-2|localhost:15011]|listeners:[], old=null}
2024-07-20 16:54:47,411 [omNode-1@group-523986131536-LeaderElection1] INFO  impl.LeaderElection (LeaderElection.java:logAndReturn(89)) - omNode-1@group-523986131536-LeaderElection1: ELECTION PASSED received 1 response(s) and 1 exception(s):
2024-07-20 16:54:47,411 [omNode-1@group-523986131536-LeaderElection1] INFO  impl.LeaderElection (LeaderElection.java:logAndReturn(93)) -   Response 0: omNode-1<-omNode-2#0:OK-t1
2024-07-20 16:54:47,411 [omNode-1@group-523986131536-LeaderElection1] INFO  impl.LeaderElection (LogUtils.java:infoOrTrace(136)) -   Exception 1: java.util.concurrent.ExecutionException: org.apache.ratis.thirdparty.io.grpc.StatusRuntimeException: UNAVAILABLE: io exception
2024-07-20 16:54:47,411 [omNode-1@group-523986131536-LeaderElection1] INFO  impl.LeaderElection (LeaderElection.java:askForVotes(323)) - omNode-1@group-523986131536-LeaderElection1 ELECTION round 0: result PASSED
2024-07-20 16:54:47,411 [omNode-1@group-523986131536-LeaderElection1] INFO  impl.RoleInfo (RoleInfo.java:shutdownLeaderElection(139)) - omNode-1: shutdown omNode-1@group-523986131536-LeaderElection1
2024-07-20 16:54:47,412 [omNode-1@group-523986131536-LeaderElection1] INFO  server.RaftServer$Division (RaftServerImpl.java:setRole(376)) - omNode-1@group-523986131536: changes role from CANDIDATE to LEADER at term 1 for changeToLeader
2024-07-20 16:54:47,417 [omNode-1@group-523986131536-LeaderElection1] INFO  server.RaftServerConfigKeys (ConfUtils.java:logGet(46)) - raft.server.staging.catchup.gap = 1000 (default)
2024-07-20 16:54:47,423 [omNode-1@group-523986131536-LeaderElection1] INFO  server.RaftServerConfigKeys (ConfUtils.java:logGet(46)) - raft.server.write.element-limit = 4096 (default)
2024-07-20 16:54:47,424 [omNode-1@group-523986131536-LeaderElection1] INFO  server.RaftServerConfigKeys (ConfUtils.java:logGet(46)) - raft.server.write.byte-limit = 64MB (=67108864) (default)
2024-07-20 16:54:47,437 [omNode-1@group-523986131536-LeaderElection1] INFO  server.RaftServerConfigKeys (ConfUtils.java:logGet(46)) - raft.server.watch.timeout = 10s (default)
2024-07-20 16:54:47,437 [omNode-1@group-523986131536-LeaderElection1] INFO  server.RaftServerConfigKeys (ConfUtils.java:logGet(46)) - raft.server.watch.timeout.denomination = 1s (default)
2024-07-20 16:54:47,438 [omNode-1@group-523986131536-LeaderElection1] INFO  server.RaftServerConfigKeys (ConfUtils.java:logGet(46)) - raft.server.watch.element-limit = 65536 (default)
2024-07-20 16:54:47,443 [omNode-1@group-523986131536-LeaderElection1] INFO  server.RaftServerConfigKeys (ConfUtils.java:logGet(46)) - raft.server.read.leader.lease.enabled = false (default)
2024-07-20 16:54:47,451 [omNode-1@group-523986131536-LeaderElection1] INFO  server.RaftServerConfigKeys (ConfUtils.java:logGet(46)) - raft.server.read.leader.lease.timeout.ratio = 0.9 (default)
2024-07-20 16:54:47,451 [omNode-1@group-523986131536-LeaderElection1] INFO  server.RaftServerConfigKeys (ConfUtils.java:logGet(46)) - raft.server.rpc.timeout.min = 1s (custom)
2024-07-20 16:54:47,452 [omNode-1@group-523986131536-LeaderElection1] INFO  server.RaftServerConfigKeys (ConfUtils.java:logGet(46)) - raft.server.log.log-metadata.enabled = true (default)
2024-07-20 16:54:47,452 [omNode-1@group-523986131536-LeaderElection1] INFO  server.RaftServerConfigKeys (ConfUtils.java:logGet(46)) - raft.server.write.element-limit = 4096 (default)
2024-07-20 16:54:47,453 [omNode-1@group-523986131536-LeaderElection1] INFO  server.RaftServerConfigKeys (ConfUtils.java:logGet(46)) - raft.server.write.follower.gap.ratio.max = -1.0 (default)
2024-07-20 16:54:47,465 [omNode-1@group-523986131536-LeaderElection1] INFO  server.RaftServerConfigKeys (ConfUtils.java:logGet(46)) - raft.server.log.appender.snapshot.chunk.size.max = 16MB (=16777216) (default)
2024-07-20 16:54:47,465 [omNode-1@group-523986131536-LeaderElection1] INFO  server.RaftServerConfigKeys (ConfUtils.java:logGet(46)) - raft.server.log.appender.buffer.byte-limit = 4194304 (custom)
2024-07-20 16:54:47,465 [omNode-1@group-523986131536-LeaderElection1] INFO  server.RaftServerConfigKeys (ConfUtils.java:logGet(46)) - raft.server.log.appender.buffer.element-limit = 1024 (custom)
2024-07-20 16:54:47,467 [omNode-1@group-523986131536-LeaderElection1] INFO  server.RaftServerConfigKeys (ConfUtils.java:logGet(46)) - raft.server.log.appender.wait-time.min = 0ms (custom)
2024-07-20 16:54:47,472 [omNode-1@group-523986131536-LeaderElection1] INFO  grpc.GrpcConfigKeys (ConfUtils.java:logGet(46)) - raft.grpc.server.leader.outstanding.appends.max = 8 (default)
2024-07-20 16:54:47,473 [omNode-1@group-523986131536-LeaderElection1] INFO  server.RaftServerConfigKeys (ConfUtils.java:logGet(46)) - raft.server.rpc.request.timeout = 3000ms (default)
2024-07-20 16:54:47,473 [omNode-1@group-523986131536-LeaderElection1] INFO  grpc.GrpcConfigKeys (ConfUtils.java:logGet(46)) - raft.grpc.server.install_snapshot.request.element-limit = 8 (default)
2024-07-20 16:54:47,473 [omNode-1@group-523986131536-LeaderElection1] INFO  grpc.GrpcConfigKeys (ConfUtils.java:logGet(46)) - raft.grpc.server.install_snapshot.request.timeout = 3000ms (default)
2024-07-20 16:54:47,473 [omNode-1@group-523986131536-LeaderElection1] INFO  grpc.GrpcConfigKeys (ConfUtils.java:logGet(46)) - raft.grpc.server.log-message.batch.duration = 5s (default)
2024-07-20 16:54:47,473 [omNode-1@group-523986131536-LeaderElection1] INFO  server.RaftServerConfigKeys (ConfUtils.java:logGet(46)) - raft.server.log.appender.install.snapshot.enabled = false (custom)
2024-07-20 16:54:47,474 [omNode-1@group-523986131536-LeaderElection1] INFO  grpc.GrpcConfigKeys (ConfUtils.java:logGet(46)) - raft.grpc.server.heartbeat.channel = true (default)
2024-07-20 16:54:47,485 [omNode-1@group-523986131536-LeaderElection1] INFO  server.RaftServerConfigKeys (ConfUtils.java:logGet(46)) - raft.server.log.appender.snapshot.chunk.size.max = 16MB (=16777216) (default)
2024-07-20 16:54:47,486 [omNode-1@group-523986131536-LeaderElection1] INFO  server.RaftServerConfigKeys (ConfUtils.java:logGet(46)) - raft.server.log.appender.buffer.byte-limit = 4194304 (custom)
2024-07-20 16:54:47,486 [omNode-1@group-523986131536-LeaderElection1] INFO  server.RaftServerConfigKeys (ConfUtils.java:logGet(46)) - raft.server.log.appender.buffer.element-limit = 1024 (custom)
2024-07-20 16:54:47,486 [omNode-1@group-523986131536-LeaderElection1] INFO  server.RaftServerConfigKeys (ConfUtils.java:logGet(46)) - raft.server.log.appender.wait-time.min = 0ms (custom)
2024-07-20 16:54:47,486 [omNode-1@group-523986131536-LeaderElection1] INFO  grpc.GrpcConfigKeys (ConfUtils.java:logGet(46)) - raft.grpc.server.leader.outstanding.appends.max = 8 (default)
2024-07-20 16:54:47,486 [omNode-1@group-523986131536-LeaderElection1] INFO  server.RaftServerConfigKeys (ConfUtils.java:logGet(46)) - raft.server.rpc.request.timeout = 3000ms (default)
2024-07-20 16:54:47,486 [omNode-1@group-523986131536-LeaderElection1] INFO  grpc.GrpcConfigKeys (ConfUtils.java:logGet(46)) - raft.grpc.server.install_snapshot.request.element-limit = 8 (default)
2024-07-20 16:54:47,486 [omNode-1@group-523986131536-LeaderElection1] INFO  grpc.GrpcConfigKeys (ConfUtils.java:logGet(46)) - raft.grpc.server.install_snapshot.request.timeout = 3000ms (default)
2024-07-20 16:54:47,486 [omNode-1@group-523986131536-LeaderElection1] INFO  grpc.GrpcConfigKeys (ConfUtils.java:logGet(46)) - raft.grpc.server.log-message.batch.duration = 5s (default)
2024-07-20 16:54:47,486 [omNode-1@group-523986131536-LeaderElection1] INFO  server.RaftServerConfigKeys (ConfUtils.java:logGet(46)) - raft.server.log.appender.install.snapshot.enabled = false (custom)
2024-07-20 16:54:47,486 [omNode-1@group-523986131536-LeaderElection1] INFO  grpc.GrpcConfigKeys (ConfUtils.java:logGet(46)) - raft.grpc.server.heartbeat.channel = true (default)
2024-07-20 16:54:47,488 [omNode-1@group-523986131536-LeaderElection1] INFO  impl.RoleInfo (RoleInfo.java:updateAndGet(148)) - omNode-1: start omNode-1@group-523986131536-LeaderStateImpl
2024-07-20 16:54:47,488 [omNode-1@group-523986131536-LeaderElection1] INFO  server.RaftServer$Division (RaftServerImpl.java:setFirstElection(549)) - omNode-1@group-523986131536: set firstElectionSinceStartup to false for becomeLeader
2024-07-20 16:54:47,492 [omNode-1@group-523986131536-LeaderElection1] INFO  server.RaftServer$Division (ServerState.java:setLeader(272)) - omNode-1@group-523986131536: change Leader from null to omNode-1 at term 1 for becomeLeader, leader elected after 2326ms
2024-07-20 16:54:47,513 [omNode-1@group-523986131536-LeaderElection1] INFO  segmented.SegmentedRaftLogWorker (SegmentedRaftLogWorker.java:startLogSegment(433)) - omNode-1@group-523986131536-SegmentedRaftLogWorker: Starting segment from index:0
2024-07-20 16:54:47,524 [omNode-1@group-523986131536-LeaderElection1] INFO  server.RaftServer$Division (ServerState.java:setRaftConf(386)) - omNode-1@group-523986131536: set configuration conf: {index: 0, cur=peers:[omNode-3|localhost:15015, omNode-1|localhost:15007, omNode-2|localhost:15011]|listeners:[], old=null}
2024-07-20 16:54:47,540 [omNode-1@group-523986131536-SegmentedRaftLogWorker] INFO  segmented.BufferedWriteChannel (BufferedWriteChannel.java:open(61)) - open log_inprogress_0 at position 0
2024-07-20 16:54:47,551 [grpc-default-executor-1] WARN  server.GrpcLogAppender (LogUtils.java:warn(121)) - omNode-1@group-523986131536->omNode-3-AppendLogResponseHandler: Failed appendEntries: org.apache.ratis.thirdparty.io.grpc.StatusRuntimeException: UNAVAILABLE: io exception
2024-07-20 16:54:47,560 [omNode-1@group-523986131536-SegmentedRaftLogWorker] INFO  segmented.SegmentedRaftLogWorker (SegmentedRaftLogWorker.java:execute(637)) - omNode-1@group-523986131536-SegmentedRaftLogWorker: created new log segment /home/runner/work/ozone/ozone/hadoop-ozone/integration-test/target/test-dir/MiniOzoneClusterImpl-f7452c88-0c37-4f5d-a1f6-a5ee96fcef81/omNode-1/ratis/c9bc4cf4-3bc3-3c60-a66b-523986131536/current/log_inprogress_0
2024-07-20 16:54:47,572 [main] INFO  om.OzoneManager (OzoneManager.java:instantiateServices(812)) - S3 Multi-Tenancy is enabled
2024-07-20 16:54:47,573 [main] INFO  om.OMMultiTenantManagerImpl (OMMultiTenantManagerImpl.java:loadTenantCacheFromDB(899)) - Loaded 0 tenants and 0 tenant users from the database
2024-07-20 16:54:47,575 [main] INFO  om.OmSnapshotManager (OmSnapshotManager.java:<init>(180)) - Ozone filesystem snapshot feature is enabled.
2024-07-20 16:54:47,575 [main] WARN  server.ServerUtils (ServerUtils.java:getDBPath(299)) - ozone.om.snapshot.diff.db.dir is not configured. We recommend adding this setting. Falling back to ozone.metadata.dirs instead.
2024-07-20 16:54:47,577 [omNode-3-OMRangerBGSyncService#0] WARN  service.OMRangerBGSyncService (OMRangerBGSyncService.java:shouldRun(265)) - OzoneManagerRatisServer is not initialized yet
2024-07-20 16:54:47,581 [grpc-default-executor-1] WARN  server.GrpcLogAppender (GrpcLogAppender.java:lambda$resetClient$1(221)) - omNode-1@group-523986131536->omNode-3-GrpcLogAppender: Follower failed (request=null, errorCount=1); keep nextIndex (0) unchanged and retry.
2024-07-20 16:54:47,607 [grpc-default-executor-1] WARN  server.GrpcLogAppender (GrpcLogAppender.java:lambda$resetClient$1(221)) - omNode-1@group-523986131536->omNode-3-GrpcLogAppender: Follower failed (request=null, errorCount=3); keep nextIndex (1) unchanged and retry.
2024-07-20 16:54:47,607 [omNode-2-server-thread1] INFO  server.RaftServer$Division (ServerState.java:setLeader(272)) - omNode-2@group-523986131536: change Leader from null to omNode-1 at term 1 for appendEntries, leader elected after 1113ms
2024-07-20 16:54:47,608 [main] INFO  utils.NativeLibraryLoader (NativeLibraryLoader.java:loadLibrary(111)) - Loading Library: ozone_rocksdb_tools
2024-07-20 16:54:47,609 [main] ERROR snapshot.SnapshotDiffManager (SnapshotDiffManager.java:initNativeLibraryForEfficientDiff(287)) - Native Library for raw sst file reading loading failed.
org.apache.hadoop.hdds.utils.NativeLibraryNotLoadedException: Unable to load library ozone_rocksdb_tools from both java.library.path & resource file libozone_rocksdb_tools.so from jar.
	at org.apache.hadoop.hdds.utils.db.managed.ManagedRawSSTFileReader.loadLibrary(ManagedRawSSTFileReader.java:40)
	at org.apache.hadoop.ozone.om.snapshot.SnapshotDiffManager.initNativeLibraryForEfficientDiff(SnapshotDiffManager.java:285)
	at org.apache.hadoop.ozone.om.snapshot.SnapshotDiffManager.<init>(SnapshotDiffManager.java:259)
	at org.apache.hadoop.ozone.om.OmSnapshotManager.<init>(OmSnapshotManager.java:287)
	at org.apache.hadoop.ozone.om.OzoneManager.instantiateServices(OzoneManager.java:864)
	at org.apache.hadoop.ozone.om.OzoneManager.<init>(OzoneManager.java:688)
	at org.apache.hadoop.ozone.om.OzoneManager.createOm(OzoneManager.java:775)
	at org.apache.hadoop.ozone.MiniOzoneHAClusterImpl$Builder.createOMService(MiniOzoneHAClusterImpl.java:510)
	at org.apache.hadoop.ozone.MiniOzoneHAClusterImpl$Builder.build(MiniOzoneHAClusterImpl.java:425)
	at org.apache.hadoop.ozone.shell.TestOzoneTenantShell.init(TestOzoneTenantShell.java:159)
	at java.base/jdk.internal.reflect.NativeMethodAccessorImpl.invoke0(Native Method)
	at java.base/jdk.internal.reflect.NativeMethodAccessorImpl.invoke(NativeMethodAccessorImpl.java:77)
	at java.base/jdk.internal.reflect.DelegatingMethodAccessorImpl.invoke(DelegatingMethodAccessorImpl.java:43)
	at java.base/java.lang.reflect.Method.invoke(Method.java:568)
	at org.junit.platform.commons.util.ReflectionUtils.invokeMethod(ReflectionUtils.java:728)
	at org.junit.jupiter.engine.execution.MethodInvocation.proceed(MethodInvocation.java:60)
	at org.junit.jupiter.engine.execution.InvocationInterceptorChain$ValidatingInvocation.proceed(InvocationInterceptorChain.java:131)
	at org.junit.jupiter.engine.extension.TimeoutExtension.intercept(TimeoutExtension.java:156)
	at org.junit.jupiter.engine.extension.TimeoutExtension.interceptLifecycleMethod(TimeoutExtension.java:128)
	at org.junit.jupiter.engine.extension.TimeoutExtension.interceptBeforeAllMethod(TimeoutExtension.java:70)
	at org.junit.jupiter.engine.execution.InterceptingExecutableInvoker$ReflectiveInterceptorCall.lambda$ofVoidMethod$0(InterceptingExecutableInvoker.java:103)
	at org.junit.jupiter.engine.execution.InterceptingExecutableInvoker.lambda$invoke$0(InterceptingExecutableInvoker.java:93)
	at org.junit.jupiter.engine.execution.InvocationInterceptorChain$InterceptedInvocation.proceed(InvocationInterceptorChain.java:106)
	at org.junit.jupiter.engine.execution.InvocationInterceptorChain.proceed(InvocationInterceptorChain.java:64)
	at org.junit.jupiter.engine.execution.InvocationInterceptorChain.chainAndInvoke(InvocationInterceptorChain.java:45)
	at org.junit.jupiter.engine.execution.InvocationInterceptorChain.invoke(InvocationInterceptorChain.java:37)
	at org.junit.jupiter.engine.execution.InterceptingExecutableInvoker.invoke(InterceptingExecutableInvoker.java:92)
	at org.junit.jupiter.engine.execution.InterceptingExecutableInvoker.invoke(InterceptingExecutableInvoker.java:86)
	at org.junit.jupiter.engine.descriptor.ClassBasedTestDescriptor.lambda$invokeBeforeAllMethods$13(ClassBasedTestDescriptor.java:412)
	at org.junit.platform.engine.support.hierarchical.ThrowableCollector.execute(ThrowableCollector.java:73)
	at org.junit.jupiter.engine.descriptor.ClassBasedTestDescriptor.invokeBeforeAllMethods(ClassBasedTestDescriptor.java:410)
	at org.junit.jupiter.engine.descriptor.ClassBasedTestDescriptor.before(ClassBasedTestDescriptor.java:216)
	at org.junit.jupiter.engine.descriptor.ClassBasedTestDescriptor.before(ClassBasedTestDescriptor.java:85)
	at org.junit.platform.engine.support.hierarchical.NodeTestTask.lambda$executeRecursively$6(NodeTestTask.java:148)
	at org.junit.platform.engine.support.hierarchical.ThrowableCollector.execute(ThrowableCollector.java:73)
	at org.junit.platform.engine.support.hierarchical.NodeTestTask.lambda$executeRecursively$8(NodeTestTask.java:141)
	at org.junit.platform.engine.support.hierarchical.Node.around(Node.java:137)
	at org.junit.platform.engine.support.hierarchical.NodeTestTask.lambda$executeRecursively$9(NodeTestTask.java:139)
	at org.junit.platform.engine.support.hierarchical.ThrowableCollector.execute(ThrowableCollector.java:73)
	at org.junit.platform.engine.support.hierarchical.NodeTestTask.executeRecursively(NodeTestTask.java:138)
	at org.junit.platform.engine.support.hierarchical.NodeTestTask.execute(NodeTestTask.java:95)
	at java.base/java.util.ArrayList.forEach(ArrayList.java:1511)
	at org.junit.platform.engine.support.hierarchical.SameThreadHierarchicalTestExecutorService.invokeAll(SameThreadHierarchicalTestExecutorService.java:41)
	at org.junit.platform.engine.support.hierarchical.NodeTestTask.lambda$executeRecursively$6(NodeTestTask.java:155)
	at org.junit.platform.engine.support.hierarchical.ThrowableCollector.execute(ThrowableCollector.java:73)
	at org.junit.platform.engine.support.hierarchical.NodeTestTask.lambda$executeRecursively$8(NodeTestTask.java:141)
	at org.junit.platform.engine.support.hierarchical.Node.around(Node.java:137)
	at org.junit.platform.engine.support.hierarchical.NodeTestTask.lambda$executeRecursively$9(NodeTestTask.java:139)
	at org.junit.platform.engine.support.hierarchical.ThrowableCollector.execute(ThrowableCollector.java:73)
	at org.junit.platform.engine.support.hierarchical.NodeTestTask.executeRecursively(NodeTestTask.java:138)
	at org.junit.platform.engine.support.hierarchical.NodeTestTask.execute(NodeTestTask.java:95)
	at org.junit.platform.engine.support.hierarchical.SameThreadHierarchicalTestExecutorService.submit(SameThreadHierarchicalTestExecutorService.java:35)
	at org.junit.platform.engine.support.hierarchical.HierarchicalTestExecutor.execute(HierarchicalTestExecutor.java:57)
	at org.junit.platform.engine.support.hierarchical.HierarchicalTestEngine.execute(HierarchicalTestEngine.java:54)
	at org.junit.platform.launcher.core.EngineExecutionOrchestrator.execute(EngineExecutionOrchestrator.java:198)
	at org.junit.platform.launcher.core.EngineExecutionOrchestrator.execute(EngineExecutionOrchestrator.java:169)
	at org.junit.platform.launcher.core.EngineExecutionOrchestrator.execute(EngineExecutionOrchestrator.java:93)
	at org.junit.platform.launcher.core.EngineExecutionOrchestrator.lambda$execute$0(EngineExecutionOrchestrator.java:58)
	at org.junit.platform.launcher.core.EngineExecutionOrchestrator.withInterceptedStreams(EngineExecutionOrchestrator.java:141)
	at org.junit.platform.launcher.core.EngineExecutionOrchestrator.execute(EngineExecutionOrchestrator.java:57)
	at org.junit.platform.launcher.core.DefaultLauncher.execute(DefaultLauncher.java:103)
	at org.junit.platform.launcher.core.DefaultLauncher.execute(DefaultLauncher.java:85)
	at org.junit.platform.launcher.core.DelegatingLauncher.execute(DelegatingLauncher.java:47)
	at org.junit.platform.launcher.core.SessionPerRequestLauncher.execute(SessionPerRequestLauncher.java:63)
	at org.apache.maven.surefire.junitplatform.JUnitPlatformProvider.invokeAllTests(JUnitPlatformProvider.java:154)
	at org.apache.maven.surefire.junitplatform.JUnitPlatformProvider.invoke(JUnitPlatformProvider.java:123)
	at org.apache.maven.surefire.booter.ForkedBooter.runSuitesInProcess(ForkedBooter.java:377)
	at org.apache.maven.surefire.booter.ForkedBooter.execute(ForkedBooter.java:138)
	at org.apache.maven.surefire.booter.ForkedBooter.run(ForkedBooter.java:465)
	at org.apache.maven.surefire.booter.ForkedBooter.main(ForkedBooter.java:451)
2024-07-20 16:54:47,612 [omNode-2-server-thread2] INFO  server.RaftServer$Division (ServerState.java:setRaftConf(386)) - omNode-2@group-523986131536: set configuration conf: {index: 0, cur=peers:[omNode-3|localhost:15015, omNode-1|localhost:15007, omNode-2|localhost:15011]|listeners:[], old=null}
2024-07-20 16:54:47,614 [omNode-2-server-thread2] INFO  segmented.SegmentedRaftLogWorker (SegmentedRaftLogWorker.java:startLogSegment(433)) - omNode-2@group-523986131536-SegmentedRaftLogWorker: Starting segment from index:0
2024-07-20 16:54:47,615 [omNode-2@group-523986131536-SegmentedRaftLogWorker] INFO  segmented.BufferedWriteChannel (BufferedWriteChannel.java:open(61)) - open log_inprogress_0 at position 0
2024-07-20 16:54:47,622 [main] INFO  om.OzoneManager (OzoneManager.java:addS3GVolumeToDB(4463)) - Created Volume s3v With Owner runner required for S3Gateway operations.
2024-07-20 16:54:47,622 [main] WARN  server.ServerUtils (ServerUtils.java:getDefaultRatisDirectory(311)) - Storage directory for Ratis is not configured. It is a good idea to map this to an SSD disk. Falling back to ozone.metadata.dirs
2024-07-20 16:54:47,622 [main] WARN  utils.OzoneManagerRatisUtils (OzoneManagerRatisUtils.java:getOMRatisSnapshotDirectory(476)) - ozone.om.ratis.snapshot.dir is not configured. Falling back to ozone.metadata.dirs config
2024-07-20 16:54:47,623 [main] INFO  utils.RDBSnapshotProvider (RDBSnapshotProvider.java:init(87)) - Cleaning up the candidate dir: /home/runner/work/ozone/ozone/hadoop-ozone/integration-test/target/test-dir/MiniOzoneClusterImpl-f7452c88-0c37-4f5d-a1f6-a5ee96fcef81/omNode-3/snapshot/om.db.candidate
2024-07-20 16:54:47,623 [main] INFO  ratis_snapshot.OmRatisSnapshotProvider (OmRatisSnapshotProvider.java:<init>(99)) - Initializing OM Snapshot Provider
2024-07-20 16:54:47,626 [main] WARN  dropwizard3.Dm3MetricRegistriesImpl (Dm3MetricRegistriesImpl.java:addReporterRegistration(114)) - New reporters are added after registries were created. Some metrics will be missing from the reporter. Please add reporter before adding any new registry.
2024-07-20 16:54:47,626 [main] WARN  dropwizard3.Dm3MetricRegistriesImpl (Dm3MetricRegistriesImpl.java:addReporterRegistration(114)) - New reporters are added after registries were created. Some metrics will be missing from the reporter. Please add reporter before adding any new registry.
2024-07-20 16:54:47,627 [main] WARN  server.ServerUtils (ServerUtils.java:getDefaultRatisDirectory(311)) - Storage directory for Ratis is not configured. It is a good idea to map this to an SSD disk. Falling back to ozone.metadata.dirs
2024-07-20 16:54:47,629 [omNode-2@group-523986131536-SegmentedRaftLogWorker] INFO  segmented.SegmentedRaftLogWorker (SegmentedRaftLogWorker.java:execute(637)) - omNode-2@group-523986131536-SegmentedRaftLogWorker: created new log segment /home/runner/work/ozone/ozone/hadoop-ozone/integration-test/target/test-dir/MiniOzoneClusterImpl-f7452c88-0c37-4f5d-a1f6-a5ee96fcef81/omNode-2/ratis/c9bc4cf4-3bc3-3c60-a66b-523986131536/current/log_inprogress_0
2024-07-20 16:54:47,630 [main] INFO  ratis.OzoneManagerRatisServer (OzoneManagerRatisServer.java:<init>(168)) - Instantiating OM Ratis server with groupID: om-service-test1 and peers: localhost:15015, localhost:15007, localhost:15011
2024-07-20 16:54:47,631 [main] INFO  ratis.OzoneManagerStateMachine (OzoneManagerStateMachine.java:loadSnapshotInfoFromDB(593)) - TransactionInfo not found in OM DB.
2024-07-20 16:54:47,643 [main] INFO  server.RaftServer (ConfUtils.java:logGet(46)) - raft.rpc.type = GRPC (default)
2024-07-20 16:54:47,643 [main] INFO  grpc.GrpcConfigKeys (ConfUtils.java:logFallback(53)) - raft.grpc.admin.host = null (fallback to raft.grpc.server.host)
2024-07-20 16:54:47,643 [main] INFO  grpc.GrpcConfigKeys (ConfUtils.java:logFallback(53)) - raft.grpc.admin.port = 15015 (fallback to raft.grpc.server.port)
2024-07-20 16:54:47,643 [main] INFO  grpc.GrpcConfigKeys (ConfUtils.java:logFallback(53)) - raft.grpc.client.host = null (fallback to raft.grpc.server.host)
2024-07-20 16:54:47,643 [main] INFO  grpc.GrpcConfigKeys (ConfUtils.java:logFallback(53)) - raft.grpc.client.port = 15015 (fallback to raft.grpc.server.port)
2024-07-20 16:54:47,644 [main] INFO  grpc.GrpcConfigKeys (ConfUtils.java:logGet(46)) - raft.grpc.server.host = null (default)
2024-07-20 16:54:47,644 [main] INFO  grpc.GrpcConfigKeys (ConfUtils.java:logGet(46)) - raft.grpc.server.port = 15015 (custom)
2024-07-20 16:54:47,644 [main] INFO  server.GrpcService (ConfUtils.java:logGet(46)) - raft.grpc.message.size.max = 4194304 (custom)
2024-07-20 16:54:47,644 [main] INFO  server.RaftServerConfigKeys (ConfUtils.java:logGet(46)) - raft.server.log.appender.buffer.byte-limit = 4194304 (custom)
2024-07-20 16:54:47,644 [main] INFO  server.GrpcService (ConfUtils.java:logGet(46)) - raft.grpc.flow.control.window = 1MB (=1048576) (default)
2024-07-20 16:54:47,644 [main] INFO  server.RaftServerConfigKeys (ConfUtils.java:logGet(46)) - raft.server.rpc.request.timeout = 3000ms (default)
2024-07-20 16:54:47,644 [main] INFO  grpc.GrpcConfigKeys (ConfUtils.java:logGet(46)) - raft.grpc.server.heartbeat.channel = true (default)
2024-07-20 16:54:47,644 [main] INFO  grpc.GrpcConfigKeys (ConfUtils.java:logGet(46)) - raft.grpc.server.async.request.thread.pool.cached = true (default)
2024-07-20 16:54:47,644 [main] INFO  grpc.GrpcConfigKeys (ConfUtils.java:logGet(46)) - raft.grpc.server.async.request.thread.pool.size = 32 (default)
2024-07-20 16:54:47,645 [main] INFO  impl.DataStreamServerImpl (ConfUtils.java:logGet(46)) - raft.datastream.type = DISABLED (default)
2024-07-20 16:54:47,646 [main] INFO  server.RaftServerConfigKeys (ConfUtils.java:logGet(46)) - raft.server.sleep.deviation.threshold = 300ms (default)
2024-07-20 16:54:47,646 [main] INFO  server.RaftServerConfigKeys (ConfUtils.java:logGet(46)) - raft.server.close.threshold = 60s (default)
2024-07-20 16:54:47,646 [main] INFO  server.RaftServerConfigKeys (ConfUtils.java:logGet(46)) - raft.server.leaderelection.leader.step-down.wait-time = 10s (default)
2024-07-20 16:54:47,648 [main] INFO  server.RaftServerConfigKeys (ConfUtils.java:logGet(46)) - raft.server.storage.dir = [/home/runner/work/ozone/ozone/hadoop-ozone/integration-test/target/test-dir/MiniOzoneClusterImpl-f7452c88-0c37-4f5d-a1f6-a5ee96fcef81/omNode-3/ratis] (custom)
2024-07-20 16:54:47,648 [main] INFO  server.RaftServerConfigKeys (ConfUtils.java:logGet(46)) - raft.server.threadpool.proxy.cached = true (default)
2024-07-20 16:54:47,649 [main] INFO  server.RaftServerConfigKeys (ConfUtils.java:logGet(46)) - raft.server.threadpool.proxy.size = 0 (default)
2024-07-20 16:54:47,650 [main] INFO  server.RaftServer (RaftServerProxy.java:addNew(101)) - omNode-3: addNew group-523986131536:[omNode-3|localhost:15015, omNode-1|localhost:15007, omNode-2|localhost:15011] returns group-523986131536:java.util.concurrent.CompletableFuture@5fe29ea1[Not completed]
2024-07-20 16:54:47,650 [omNode-3-groupManagement] INFO  server.RaftServer$Division (RaftServerImpl.java:<init>(253)) - omNode-3: new RaftServerImpl for group-523986131536:[omNode-3|localhost:15015, omNode-1|localhost:15007, omNode-2|localhost:15011] with OzoneManagerStateMachine:uninitialized
2024-07-20 16:54:47,651 [omNode-3-groupManagement] INFO  server.RaftServerConfigKeys (ConfUtils.java:logGet(46)) - raft.server.rpc.timeout.min = 1s (custom)
2024-07-20 16:54:47,651 [omNode-3-groupManagement] INFO  server.RaftServerConfigKeys (ConfUtils.java:logGet(46)) - raft.server.rpc.timeout.max = 1200ms (custom)
2024-07-20 16:54:47,652 [omNode-3-groupManagement] INFO  server.RaftServerConfigKeys (ConfUtils.java:logGet(46)) - raft.server.rpc.sleep.time = 25ms (default)
2024-07-20 16:54:47,653 [omNode-3-groupManagement] INFO  server.RaftServerConfigKeys (ConfUtils.java:logGet(46)) - raft.server.rpc.slowness.timeout = 2s (custom)
2024-07-20 16:54:47,653 [omNode-3-groupManagement] INFO  server.RaftServerConfigKeys (ConfUtils.java:logGet(46)) - raft.server.leaderelection.leader.step-down.wait-time = 10s (default)
2024-07-20 16:54:47,653 [omNode-3-groupManagement] INFO  server.RaftServerConfigKeys (ConfUtils.java:logGet(46)) - raft.server.leaderelection.member.majority-add = false (default)
2024-07-20 16:54:47,653 [omNode-3-groupManagement] INFO  server.RaftServerConfigKeys (ConfUtils.java:logGet(46)) - raft.server.sleep.deviation.threshold = 300ms (default)
2024-07-20 16:54:47,653 [omNode-3-groupManagement] INFO  server.RaftServer$Division (ServerState.java:<init>(114)) - omNode-3@group-523986131536: ConfigurationManager, init=conf: {index: -1, cur=peers:[omNode-3|localhost:15015, omNode-1|localhost:15007, omNode-2|localhost:15011]|listeners:[], old=null}, confs=<EMPTY_MAP>
2024-07-20 16:54:47,653 [omNode-3-groupManagement] INFO  server.RaftServerConfigKeys (ConfUtils.java:logGet(46)) - raft.server.notification.no-leader.timeout = 2s (custom)
2024-07-20 16:54:47,653 [omNode-3-groupManagement] INFO  server.RaftServerConfigKeys (ConfUtils.java:logGet(46)) - raft.server.read.timeout = 10s (default)
2024-07-20 16:54:47,653 [omNode-3-groupManagement] INFO  server.RaftServerConfigKeys (ConfUtils.java:logGet(46)) - raft.server.retrycache.expirytime = 300s (custom)
2024-07-20 16:54:47,654 [omNode-3-groupManagement] INFO  server.RaftServerConfigKeys (ConfUtils.java:logGet(46)) - raft.server.retrycache.statistics.expirytime = 100ms (default)
2024-07-20 16:54:47,654 [omNode-3-groupManagement] INFO  server.RaftServerConfigKeys (ConfUtils.java:logGet(46)) - raft.server.read.option = DEFAULT (default)
2024-07-20 16:54:47,654 [omNode-3-groupManagement] INFO  server.RaftServerConfigKeys (ConfUtils.java:logGet(46)) - raft.server.read.read-after-write-consistent.write-index-cache.expiry-time = 60s (default)
2024-07-20 16:54:47,651 [main] INFO  om.OzoneManager (OzoneManager.java:initializeRatisServer(2168)) - OzoneManager Ratis server initialized at port 15015
2024-07-20 16:54:47,657 [main] INFO  om.OzoneManager (OzoneManager.java:getRpcServer(1228)) - Creating RPC Server
2024-07-20 16:54:47,660 [omNode-3-groupManagement] INFO  server.RaftServerConfigKeys (ConfUtils.java:logGet(46)) - raft.server.rpc.request.timeout = 3000ms (default)
2024-07-20 16:54:47,660 [omNode-3-groupManagement] INFO  server.RaftServerConfigKeys (ConfUtils.java:logGet(46)) - raft.server.log.appender.install.snapshot.enabled = false (custom)
2024-07-20 16:54:47,660 [omNode-3-groupManagement] INFO  server.RaftServerConfigKeys (ConfUtils.java:logGet(46)) - raft.server.threadpool.server.cached = true (default)
2024-07-20 16:54:47,660 [omNode-3-groupManagement] INFO  server.RaftServerConfigKeys (ConfUtils.java:logGet(46)) - raft.server.threadpool.server.size = 0 (default)
2024-07-20 16:54:47,660 [omNode-3-groupManagement] INFO  server.RaftServerConfigKeys (ConfUtils.java:logGet(46)) - raft.server.threadpool.client.cached = true (default)
2024-07-20 16:54:47,660 [omNode-3-groupManagement] INFO  server.RaftServerConfigKeys (ConfUtils.java:logGet(46)) - raft.server.threadpool.client.size = 0 (default)
2024-07-20 16:54:47,839 [omNode-1@group-523986131536-StateMachineUpdater] INFO  ratis.OzoneManagerStateMachine (OzoneManagerStateMachine.java:notifyConfigurationChanged(216)) - Received Configuration change notification from Ratis. New Peer list:
[id: "omNode-3"
address: "localhost:15015"
startupRole: FOLLOWER
, id: "omNode-1"
address: "localhost:15007"
startupRole: FOLLOWER
, id: "omNode-2"
address: "localhost:15011"
startupRole: FOLLOWER
]
2024-07-20 16:54:47,842 [omNode-1@group-523986131536-StateMachineUpdater] INFO  server.RaftServer$Division (LeaderStateImpl.java:checkStartIndex(316)) - Leader omNode-1@group-523986131536-LeaderStateImpl is ready since appliedIndex == startIndex == 0
2024-07-20 16:54:48,121 [main] INFO  reflections.Reflections (Reflections.java:scan(219)) - Reflections took 461 ms to scan 20 urls, producing 59 keys and 6640 values
2024-07-20 16:54:48,123 [main] INFO  ipc.CallQueueManager (CallQueueManager.java:<init>(90)) - Using callQueue: class java.util.concurrent.LinkedBlockingQueue, queueCapacity: 2000, scheduler: class org.apache.hadoop.ipc.DefaultRpcScheduler, ipcBackoff: false.
2024-07-20 16:54:48,123 [main] INFO  ipc.Server (Server.java:<init>(1287)) - Listener at 127.0.0.1:15012
2024-07-20 16:54:48,126 [Socket Reader #1 for port 15012] INFO  ipc.Server (Server.java:run(1323)) - Starting Socket Reader #1 for port 15012
2024-07-20 16:54:48,137 [omNode-2@group-523986131536-StateMachineUpdater] INFO  ratis.OzoneManagerStateMachine (OzoneManagerStateMachine.java:notifyConfigurationChanged(216)) - Received Configuration change notification from Ratis. New Peer list:
[id: "omNode-3"
address: "localhost:15015"
startupRole: FOLLOWER
, id: "omNode-1"
address: "localhost:15007"
startupRole: FOLLOWER
, id: "omNode-2"
address: "localhost:15011"
startupRole: FOLLOWER
]
2024-07-20 16:54:48,168 [main] INFO  impl.MetricsSystemImpl (MetricsSystemImpl.java:init(158)) - OzoneManager metrics system started (again)
2024-07-20 16:54:48,184 [main] INFO  om.OzoneManager (OzoneManager.java:start(1650)) - OzoneManager RPC server is listening at localhost/127.0.0.1:15012
2024-07-20 16:54:48,185 [main] INFO  ratis.OzoneManagerRatisServer (OzoneManagerRatisServer.java:start(594)) - Starting OzoneManagerRatisServer omNode-3 at port 15015
2024-07-20 16:54:48,186 [omNode-3-impl-thread1] INFO  server.RaftServerConfigKeys (ConfUtils.java:logGet(46)) - raft.server.storage.free-space.min = 0MB (=0) (default)
2024-07-20 16:54:48,186 [omNode-3-impl-thread1] INFO  server.RaftServerConfigKeys (ConfUtils.java:logGet(46)) - raft.server.log.corruption.policy = EXCEPTION (default)
2024-07-20 16:54:48,186 [omNode-3-impl-thread1] INFO  server.RaftServerConfigKeys (ConfUtils.java:logGet(46)) - raft.server.storage.dir = [/home/runner/work/ozone/ozone/hadoop-ozone/integration-test/target/test-dir/MiniOzoneClusterImpl-f7452c88-0c37-4f5d-a1f6-a5ee96fcef81/omNode-3/ratis] (custom)
2024-07-20 16:54:48,186 [omNode-3-impl-thread1] INFO  storage.RaftStorageDirectory (RaftStorageDirectoryImpl.java:analyzeStorage(138)) - The storage directory /home/runner/work/ozone/ozone/hadoop-ozone/integration-test/target/test-dir/MiniOzoneClusterImpl-f7452c88-0c37-4f5d-a1f6-a5ee96fcef81/omNode-3/ratis/c9bc4cf4-3bc3-3c60-a66b-523986131536 does not exist. Creating ...
2024-07-20 16:54:48,188 [omNode-3-impl-thread1] INFO  storage.RaftStorageDirectory (RaftStorageDirectoryImpl.java:tryLock(229)) - Lock on /home/runner/work/ozone/ozone/hadoop-ozone/integration-test/target/test-dir/MiniOzoneClusterImpl-f7452c88-0c37-4f5d-a1f6-a5ee96fcef81/omNode-3/ratis/c9bc4cf4-3bc3-3c60-a66b-523986131536/in_use.lock acquired by nodename 54372@fv-az1015-711
2024-07-20 16:54:48,189 [omNode-3-impl-thread1] INFO  storage.RaftStorage (RaftStorageImpl.java:format(98)) - Storage directory /home/runner/work/ozone/ozone/hadoop-ozone/integration-test/target/test-dir/MiniOzoneClusterImpl-f7452c88-0c37-4f5d-a1f6-a5ee96fcef81/omNode-3/ratis/c9bc4cf4-3bc3-3c60-a66b-523986131536 has been successfully formatted.
2024-07-20 16:54:48,189 [omNode-3-impl-thread1] INFO  server.RaftServerConfigKeys (ConfUtils.java:logGet(46)) - raft.server.log.use.memory = false (default)
2024-07-20 16:54:48,189 [omNode-3-impl-thread1] INFO  server.RaftServerConfigKeys (ConfUtils.java:logGet(46)) - raft.server.log.purge.gap = 1000000 (custom)
2024-07-20 16:54:48,189 [omNode-3-impl-thread1] INFO  server.RaftServerConfigKeys (ConfUtils.java:logGet(46)) - raft.server.log.appender.buffer.byte-limit = 4194304 (custom)
2024-07-20 16:54:48,189 [omNode-3-impl-thread1] INFO  server.RaftServerConfigKeys (ConfUtils.java:logGet(46)) - raft.server.log.statemachine.data.read.timeout = 1000ms (default)
2024-07-20 16:54:48,190 [omNode-3-impl-thread1] INFO  server.RaftServerConfigKeys (ConfUtils.java:logGet(46)) - raft.server.log.purge.preservation.log.num = 0 (default)
2024-07-20 16:54:48,191 [omNode-3-impl-thread1] INFO  server.RaftServerConfigKeys (ConfUtils.java:logGet(46)) - raft.server.log.segment.size.max = 4194304 (custom)
2024-07-20 16:54:48,191 [omNode-3-impl-thread1] INFO  server.RaftServerConfigKeys (ConfUtils.java:logGet(46)) - raft.server.log.segment.cache.num.max = 2 (custom)
2024-07-20 16:54:48,191 [omNode-3-impl-thread1] INFO  server.RaftServerConfigKeys (ConfUtils.java:logGet(46)) - raft.server.log.segment.cache.size.max = 200MB (=209715200) (default)
2024-07-20 16:54:48,191 [omNode-3-impl-thread1] INFO  server.RaftServerConfigKeys (ConfUtils.java:logGet(46)) - raft.server.log.appender.buffer.byte-limit = 4194304 (custom)
2024-07-20 16:54:48,192 [omNode-3-impl-thread1] INFO  util.AwaitToRun (AwaitToRun.java:start(81)) - Thread[omNode-3@group-523986131536-cacheEviction-AwaitToRun,5,main] started
2024-07-20 16:54:48,192 [omNode-3-impl-thread1] INFO  segmented.SegmentedRaftLogWorker (SegmentedRaftLogWorker.java:<init>(184)) - new omNode-3@group-523986131536-SegmentedRaftLogWorker for RaftStorageImpl:Storage Directory /home/runner/work/ozone/ozone/hadoop-ozone/integration-test/target/test-dir/MiniOzoneClusterImpl-f7452c88-0c37-4f5d-a1f6-a5ee96fcef81/omNode-3/ratis/c9bc4cf4-3bc3-3c60-a66b-523986131536
2024-07-20 16:54:48,192 [omNode-3-impl-thread1] INFO  server.RaftServerConfigKeys (ConfUtils.java:logGet(46)) - raft.server.log.queue.byte-limit = 64MB (=67108864) (default)
2024-07-20 16:54:48,192 [omNode-3-impl-thread1] INFO  server.RaftServerConfigKeys (ConfUtils.java:logGet(46)) - raft.server.log.queue.element-limit = 4096 (default)
2024-07-20 16:54:48,192 [omNode-3-impl-thread1] INFO  server.RaftServerConfigKeys (ConfUtils.java:logGet(46)) - raft.server.log.segment.size.max = 4194304 (custom)
2024-07-20 16:54:48,192 [omNode-3-impl-thread1] INFO  server.RaftServerConfigKeys (ConfUtils.java:logGet(46)) - raft.server.log.preallocated.size = 4194304 (custom)
2024-07-20 16:54:48,192 [omNode-3-impl-thread1] INFO  server.RaftServerConfigKeys (ConfUtils.java:logGet(46)) - raft.server.log.force.sync.num = 128 (default)
2024-07-20 16:54:48,192 [omNode-3-impl-thread1] INFO  server.RaftServerConfigKeys (ConfUtils.java:logGet(46)) - raft.server.log.statemachine.data.sync = true (default)
2024-07-20 16:54:48,192 [omNode-3-impl-thread1] INFO  server.RaftServerConfigKeys (ConfUtils.java:logGet(46)) - raft.server.log.statemachine.data.sync.timeout = 10s (default)
2024-07-20 16:54:48,192 [omNode-3-impl-thread1] INFO  server.RaftServerConfigKeys (ConfUtils.java:logGet(46)) - raft.server.log.statemachine.data.sync.timeout.retry = -1 (default)
2024-07-20 16:54:48,193 [omNode-3-impl-thread1] INFO  server.RaftServerConfigKeys (ConfUtils.java:logGet(46)) - raft.server.log.write.buffer.size = 4194312 (custom)
2024-07-20 16:54:48,194 [omNode-3-impl-thread1] INFO  server.RaftServerConfigKeys (ConfUtils.java:logGet(46)) - raft.server.log.appender.buffer.byte-limit = 4194304 (custom)
2024-07-20 16:54:48,194 [omNode-3-impl-thread1] INFO  server.RaftServerConfigKeys (ConfUtils.java:logGet(46)) - raft.server.log.unsafe-flush.enabled = false (default)
2024-07-20 16:54:48,194 [omNode-3-impl-thread1] INFO  server.RaftServerConfigKeys (ConfUtils.java:logGet(46)) - raft.server.log.async-flush.enabled = false (default)
2024-07-20 16:54:48,194 [omNode-3-impl-thread1] INFO  server.RaftServerConfigKeys (ConfUtils.java:logGet(46)) - raft.server.log.statemachine.data.caching.enabled = false (default)
2024-07-20 16:54:48,194 [omNode-3-impl-thread1] INFO  segmented.SegmentedRaftLogWorker (SegmentedRaftLogWorker.java:lambda$new$0(135)) - omNode-3@group-523986131536-SegmentedRaftLogWorker: flushIndex: setUnconditionally 0 -> -1
2024-07-20 16:54:48,194 [omNode-3-impl-thread1] INFO  segmented.SegmentedRaftLogWorker (SegmentedRaftLogWorker.java:lambda$new$0(135)) - omNode-3@group-523986131536-SegmentedRaftLogWorker: safeCacheEvictIndex: setUnconditionally 0 -> -1
2024-07-20 16:54:48,195 [omNode-3-impl-thread1] INFO  server.RaftServer$Division (RaftServerImpl.java:start(389)) - omNode-3@group-523986131536: start as a follower, conf=conf: {index: -1, cur=peers:[omNode-3|localhost:15015, omNode-1|localhost:15007, omNode-2|localhost:15011]|listeners:[], old=null}
2024-07-20 16:54:48,195 [omNode-3-impl-thread1] INFO  server.RaftServer$Division (RaftServerImpl.java:setRole(376)) - omNode-3@group-523986131536: changes role from      null to FOLLOWER at term 0 for startAsFollower
2024-07-20 16:54:48,195 [omNode-3-impl-thread1] INFO  impl.RoleInfo (RoleInfo.java:updateAndGet(148)) - omNode-3: start omNode-3@group-523986131536-FollowerState
2024-07-20 16:54:48,201 [omNode-3@group-523986131536-FollowerState] INFO  server.RaftServerConfigKeys (ConfUtils.java:logFallback(53)) - raft.server.rpc.first-election.timeout.min = 1s (fallback to raft.server.rpc.timeout.min)
2024-07-20 16:54:48,201 [omNode-3-impl-thread1] INFO  util.JmxRegister (JmxRegister.java:tryRegister(44)) - Successfully registered JMX Bean with object name Ratis:service=RaftServer,group=group-523986131536,id=omNode-3
2024-07-20 16:54:48,201 [omNode-3-impl-thread1] INFO  util.JmxRegister (JmxRegister.java:register(58)) - register mxBean class org.apache.ratis.server.impl.RaftServerJmxAdapter as Ratis:service=RaftServer,group=group-523986131536,id=omNode-3
2024-07-20 16:54:48,201 [omNode-3-impl-thread1] INFO  server.RaftServerConfigKeys (ConfUtils.java:logGet(46)) - raft.server.snapshot.trigger-when-stop.enabled = true (default)
2024-07-20 16:54:48,201 [omNode-3-impl-thread1] INFO  server.RaftServerConfigKeys (ConfUtils.java:logGet(46)) - raft.server.snapshot.trigger-when-remove.enabled = true (default)
2024-07-20 16:54:48,202 [omNode-3-impl-thread1] INFO  server.RaftServerConfigKeys (ConfUtils.java:logGet(46)) - raft.server.snapshot.auto.trigger.enabled = true (custom)
2024-07-20 16:54:48,202 [omNode-3-impl-thread1] INFO  server.RaftServerConfigKeys (ConfUtils.java:logGet(46)) - raft.server.snapshot.auto.trigger.threshold = 400000 (default)
2024-07-20 16:54:48,202 [omNode-3-impl-thread1] INFO  server.RaftServerConfigKeys (ConfUtils.java:logGet(46)) - raft.server.snapshot.retention.file.num = -1 (default)
2024-07-20 16:54:48,202 [omNode-3-impl-thread1] INFO  server.RaftServerConfigKeys (ConfUtils.java:logGet(46)) - raft.server.log.purge.upto.snapshot.index = true (custom)
2024-07-20 16:54:48,203 [omNode-3@group-523986131536-FollowerState] INFO  server.RaftServerConfigKeys (ConfUtils.java:logFallback(53)) - raft.server.rpc.first-election.timeout.max = 1200ms (fallback to raft.server.rpc.timeout.max)
2024-07-20 16:54:48,203 [main] INFO  server.RaftServer (RaftServerProxy.java:startImpl(408)) - omNode-3: start RPC server
2024-07-20 16:54:48,204 [main] INFO  server.GrpcService (GrpcService.java:startImpl(302)) - omNode-3: GrpcService started, listening on 15015
2024-07-20 16:54:48,206 [main] INFO  om.OzoneManager (OzoneManager.java:start(1666)) - Version File has different layout version (6) than OM DB (null). That is expected if this OM has never been finalized to a newer layout version.
2024-07-20 16:54:48,208 [JvmPauseMonitor3] INFO  util.JvmPauseMonitor (JvmPauseMonitor.java:run(146)) - JvmPauseMonitor-omNode-3: Started
2024-07-20 16:54:48,213 [main] INFO  client.ScmTopologyClient (ScmTopologyClient.java:start(72)) - Initial network topology fetched from SCM: /.
2024-07-20 16:54:48,214 [main] INFO  net.NodeSchemaLoader (NodeSchemaLoader.java:loadSchemaFromFile(129)) - Loading schema from [jar:file:/home/runner/work/ozone/ozone/hadoop-hdds/common/target/hdds-common-1.5.0-SNAPSHOT.jar!/network-topology-default.xml]
2024-07-20 16:54:48,214 [main] INFO  net.NodeSchemaLoader (NodeSchemaLoader.java:loadSchema(176)) - Loading network topology layer schema file
2024-07-20 16:54:48,236 [main] INFO  http.BaseHttpServer (BaseHttpServer.java:newHttpServer2BuilderForOzone(223)) - Starting Web-server for ozoneManager at: http://0.0.0.0:15013
2024-07-20 16:54:48,236 [main] INFO  http.BaseHttpServer (BaseHttpServer.java:<init>(110)) - Hadoop Security Enabled: false Ozone Security Enabled: false Ozone HTTP Security Enabled: false 
2024-07-20 16:54:48,237 [main] WARN  server.AuthenticationFilter (AuthenticationFilter.java:constructSecretProvider(240)) - Unable to initialize FileSignerSecretProvider, falling back to use random secrets. Reason: Could not read signature secret file: /home/runner/hadoop-http-auth-signature-secret
2024-07-20 16:54:48,239 [main] INFO  http.HttpRequestLog (HttpRequestLog.java:getRequestLog(86)) - Http request log for http.requests.ozoneManager is not defined
2024-07-20 16:54:48,240 [main] INFO  http.HttpServer2 (HttpServer2.java:addGlobalFilter(1035)) - Added global filter 'safety' (class=org.apache.hadoop.hdds.server.http.HttpServer2$QuotingInputFilter)
2024-07-20 16:54:48,241 [main] INFO  http.HttpServer2 (HttpServer2.java:addFilter(1011)) - Added filter static_user_filter (class=org.apache.hadoop.http.lib.StaticUserWebFilter$StaticUserFilter) to context ozoneManager
2024-07-20 16:54:48,242 [main] INFO  http.HttpServer2 (HttpServer2.java:addFilter(1019)) - Added filter static_user_filter (class=org.apache.hadoop.http.lib.StaticUserWebFilter$StaticUserFilter) to context logs
2024-07-20 16:54:48,242 [main] INFO  http.HttpServer2 (HttpServer2.java:addFilter(1019)) - Added filter static_user_filter (class=org.apache.hadoop.http.lib.StaticUserWebFilter$StaticUserFilter) to context static
2024-07-20 16:54:48,243 [main] INFO  http.BaseHttpServer (BaseHttpServer.java:<init>(189)) - HTTP server of ozoneManager uses base directory /home/runner/work/ozone/ozone/hadoop-ozone/integration-test/target/test-dir/MiniOzoneClusterImpl-f7452c88-0c37-4f5d-a1f6-a5ee96fcef81/omNode-3/webserver
2024-07-20 16:54:48,243 [main] INFO  http.HttpServer2 (HttpServer2.java:bindListener(1235)) - Jetty bound to port 15013
2024-07-20 16:54:48,243 [main] INFO  server.Server (Server.java:doStart(375)) - jetty-9.4.55.v20240627; built: 2024-06-27T15:05:37.765Z; git: 70015831e5195ba74da6383c4ab7c90c56bb08af; jvm 17.0.11+9
2024-07-20 16:54:48,246 [main] INFO  server.session (DefaultSessionIdManager.java:doStart(334)) - DefaultSessionIdManager workerName=node0
2024-07-20 16:54:48,246 [main] INFO  server.session (DefaultSessionIdManager.java:doStart(339)) - No SessionScavenger set, using defaults
2024-07-20 16:54:48,246 [main] INFO  server.session (HouseKeeper.java:startScavenging(132)) - node0 Scavenging every 660000ms
2024-07-20 16:54:48,247 [main] INFO  handler.ContextHandler (ContextHandler.java:doStart(921)) - Started o.e.j.s.ServletContextHandler@904df8a{logs,/logs,file:///home/runner/work/ozone/ozone/hadoop-ozone/integration-test/target/log,AVAILABLE}
2024-07-20 16:54:48,248 [main] INFO  handler.ContextHandler (ContextHandler.java:doStart(921)) - Started o.e.j.s.ServletContextHandler@3922d85c{static,/static,file:///home/runner/work/ozone/ozone/hadoop-ozone/integration-test/target/test-classes/webapps/static,AVAILABLE}
2024-07-20 16:54:48,255 [main] INFO  handler.ContextHandler (ContextHandler.java:doStart(921)) - Started o.e.j.w.WebAppContext@65cfbf2c{ozoneManager,/,file:///home/runner/work/ozone/ozone/hadoop-ozone/integration-test/target/test-classes/webapps/ozoneManager/,AVAILABLE}{file:/home/runner/work/ozone/ozone/hadoop-ozone/integration-test/target/test-classes/webapps/ozoneManager}
2024-07-20 16:54:48,256 [main] INFO  server.AbstractConnector (AbstractConnector.java:doStart(333)) - Started ServerConnector@1e2200ee{HTTP/1.1, (http/1.1)}{0.0.0.0:15013}
2024-07-20 16:54:48,256 [main] INFO  server.Server (Server.java:doStart(415)) - Started @9227ms
2024-07-20 16:54:48,256 [main] WARN  impl.MetricsSystemImpl (MetricsSystemImpl.java:register(279)) - Sink prometheus already exists!
2024-07-20 16:54:48,257 [main] INFO  http.BaseHttpServer (BaseHttpServer.java:updateConnectorAddress(354)) - HTTP server of ozoneManager listening at http://0.0.0.0:15013
2024-07-20 16:54:48,257 [IPC Server Responder] INFO  ipc.Server (Server.java:run(1562)) - IPC Server Responder: starting
2024-07-20 16:54:48,261 [IPC Server listener on 15012] INFO  ipc.Server (Server.java:run(1402)) - IPC Server listener on 15012: starting
2024-07-20 16:54:48,265 [main] INFO  om.OzoneManager (OzoneManager.java:startTrashEmptier(2121)) - Trash Interval set to 0. Files deleted won't move to trash
2024-07-20 16:54:48,266 [main] INFO  ozone.MiniOzoneHAClusterImpl (MiniOzoneHAClusterImpl.java:createOMService(517)) - Started OzoneManager omNode-3 RPC server at localhost/127.0.0.1:15012
2024-07-20 16:54:48,270 [main] INFO  ozone.MiniOzoneClusterImpl (MiniOzoneClusterImpl.java:lambda$waitForClusterToBeReady$0(194)) - Nodes are ready. Got 0 of 0 DN Heartbeats.
2024-07-20 16:54:48,270 [main] INFO  ozone.MiniOzoneClusterImpl (MiniOzoneClusterImpl.java:lambda$waitForClusterToBeReady$0(197)) - Cluster exits safe mode
2024-07-20 16:54:48,270 [main] INFO  ozone.MiniOzoneClusterImpl (MiniOzoneClusterImpl.java:lambda$waitForClusterToBeReady$0(199)) - SCM became leader
2024-07-20 16:54:48,292 [main] INFO  shell.TestOzoneTenantShell (TestOzoneTenantShell.java:execute(212)) - Executing shell command with args [list, --om-service-id=om-service-test1]
2024-07-20 16:54:48,661 | INFO  | OMAudit | user=runner | ip=127.0.0.1 | op=GET_SERVICE_LIST {} | ret=SUCCESS |  
2024-07-20 16:54:48,697 | INFO  | OMAudit | user=runner | ip=127.0.0.1 | op=LIST_TENANT {} | ret=SUCCESS |  
2024-07-20 16:54:48,701 [main] INFO  shell.TestOzoneTenantShell (TestOzoneTenantShell.java:execute(212)) - Executing shell command with args [create, finance, --om-service-id=om-service-test1]
2024-07-20 16:54:48,722 | INFO  | OMAudit | user=runner | ip=127.0.0.1 | op=GET_SERVICE_LIST {} | ret=SUCCESS |  
2024-07-20 16:54:48,729 [main] INFO  rpc.RpcClient (RpcClient.java:createTenant(917)) - Creating Tenant: 'finance', with volume: 'finance', forceCreationWhenVolumeExists: false
2024-07-20 16:54:48,746 [IPC Server handler 3 on default port 15004] DEBUG multitenant.AuthorizerLockImpl (AuthorizerLockImpl.java:tryWriteLock(109)) - Trying to acquire authorizer write lock from thread 424
2024-07-20 16:54:48,747 [IPC Server handler 3 on default port 15004] DEBUG multitenant.AuthorizerLockImpl (AuthorizerLockImpl.java:tryWriteLockThrowOnTimeout(142)) - Acquired authorizer write lock from thread 424 with stamp 384
2024-07-20 16:54:48,747 [IPC Server handler 3 on default port 15004] DEBUG multitenant.AuthorizerLockImpl (AuthorizerLockImpl.java:tryWriteLockInOMRequest(160)) - Set omRequestWriteLockStamp to 384, omRequestWriteLockHolderTid to 424
2024-07-20 16:54:48,797 [omNode-1-OMStateMachineApplyTransactionThread - 0] DEBUG tenant.OMTenantCreateRequest (OMTenantCreateRequest.java:validateAndUpdateCache(304)) - volume: '/finance' successfully created
2024-07-20 16:54:48,799 [omNode-2-OMStateMachineApplyTransactionThread - 0] DEBUG tenant.OMTenantCreateRequest (OMTenantCreateRequest.java:validateAndUpdateCache(304)) - volume: '/finance' successfully created
2024-07-20 16:54:48,801 [omNode-1-OMStateMachineApplyTransactionThread - 0] DEBUG multitenant.AuthorizerLockImpl (AuthorizerLockImpl.java:unlockWriteInOMRequest(181)) - Restored omRequestWriteLockStamp to 0, omRequestWriteLockHolderTid to 0
2024-07-20 16:54:48,801 [omNode-1-OMStateMachineApplyTransactionThread - 0] DEBUG multitenant.AuthorizerLockImpl (AuthorizerLockImpl.java:unlockWrite(122)) - Releasing authorizer write lock from thread 604 with stamp 384
2024-07-20 16:54:48,801 | INFO  | OMAudit | user=runner | ip=127.0.0.1 | op=CREATE_TENANT {admin=runner, owner=runner, volume=finance, creationTime=1721494488746, modificationTime=1721494488746, quotaInBytes=-1, quotaInNamespace=-1, usedNamespace=0, objectID=-9223372036854775552, updateID=1, tenant=finance} | ret=SUCCESS |  
2024-07-20 16:54:48,802 | INFO  | OMAudit | user=runner | ip=127.0.0.1 | op=CREATE_VOLUME {admin=runner, owner=runner, volume=finance, creationTime=1721494488746, modificationTime=1721494488746, quotaInBytes=-1, quotaInNamespace=-1, usedNamespace=0, objectID=-9223372036854775552, updateID=1, tenant=finance} | ret=SUCCESS |  
2024-07-20 16:54:48,802 [omNode-2-OMStateMachineApplyTransactionThread - 0] DEBUG multitenant.AuthorizerLockImpl (AuthorizerLockImpl.java:unlockWriteInOMRequest(170)) - Authorizer write lock is not held in this lock instance. This OM might be follower, or leader changed. Ignored
2024-07-20 16:54:48,804 | INFO  | OMAudit | user=runner | ip=127.0.0.1 | op=CREATE_TENANT {admin=runner, owner=runner, volume=finance, creationTime=1721494488746, modificationTime=1721494488746, quotaInBytes=-1, quotaInNamespace=-1, usedNamespace=0, objectID=-9223372036854775552, updateID=1, tenant=finance} | ret=SUCCESS |  
2024-07-20 16:54:48,804 | INFO  | OMAudit | user=runner | ip=127.0.0.1 | op=CREATE_VOLUME {admin=runner, owner=runner, volume=finance, creationTime=1721494488746, modificationTime=1721494488746, quotaInBytes=-1, quotaInNamespace=-1, usedNamespace=0, objectID=-9223372036854775552, updateID=1, tenant=finance} | ret=SUCCESS |  
2024-07-20 16:54:48,804 [omNode-1-OMStateMachineApplyTransactionThread - 0] INFO  tenant.OMTenantCreateRequest (OMTenantCreateRequest.java:validateAndUpdateCache(387)) - Created tenant 'finance' and volume 'finance'
2024-07-20 16:54:48,806 [omNode-2-OMStateMachineApplyTransactionThread - 0] INFO  tenant.OMTenantCreateRequest (OMTenantCreateRequest.java:validateAndUpdateCache(387)) - Created tenant 'finance' and volume 'finance'
2024-07-20 16:54:48,811 [main] INFO  shell.TestOzoneTenantShell (TestOzoneTenantShell.java:execute(212)) - Executing shell command with args [list, --om-service-id=om-service-test1]
2024-07-20 16:54:48,814 [omNode-2-OMDoubleBufferFlushThread] INFO  helpers.OmKeyInfo (OmKeyInfo.java:getCodec(72)) - OmKeyInfo.getCodec ignorePipeline = true
2024-07-20 16:54:48,817 [omNode-2-OMDoubleBufferFlushThread] INFO  helpers.OmKeyInfo (OmKeyInfo.java:getCodec(72)) - OmKeyInfo.getCodec ignorePipeline = true
2024-07-20 16:54:48,817 [omNode-2-OMDoubleBufferFlushThread] INFO  helpers.OmKeyInfo (OmKeyInfo.java:getCodec(72)) - OmKeyInfo.getCodec ignorePipeline = true
2024-07-20 16:54:48,817 [omNode-2-OMDoubleBufferFlushThread] INFO  helpers.OmKeyInfo (OmKeyInfo.java:getCodec(72)) - OmKeyInfo.getCodec ignorePipeline = true
2024-07-20 16:54:48,817 [omNode-2-OMDoubleBufferFlushThread] INFO  helpers.OmKeyInfo (OmKeyInfo.java:getCodec(72)) - OmKeyInfo.getCodec ignorePipeline = true
2024-07-20 16:54:48,839 | INFO  | OMAudit | user=runner | ip=127.0.0.1 | op=GET_SERVICE_LIST {} | ret=SUCCESS |  
2024-07-20 16:54:48,847 | INFO  | OMAudit | user=runner | ip=127.0.0.1 | op=LIST_TENANT {} | ret=SUCCESS |  
2024-07-20 16:54:48,897 | ERROR | OMAudit | user=null | ip= | op=READ_VOLUME {volume=finance} | ret=FAILURE | VOLUME_NOT_FOUND org.apache.hadoop.ozone.om.exceptions.OMException: Volume finance is not found
	at org.apache.hadoop.ozone.om.VolumeManagerImpl.getVolumeInfo(VolumeManagerImpl.java:61)
	at org.apache.hadoop.ozone.om.OzoneManager.getVolumeInfo(OzoneManager.java:2650) 
]]></system-out>
  </testcase>
  <testcase name="testListTenantUsers" classname="org.apache.hadoop.ozone.shell.TestOzoneTenantShell" time="0.649">
    <failure type="org.opentest4j.AssertionFailedError"><![CDATA[org.opentest4j.AssertionFailedError: 
expected: <> but was: <finance
>
	at org.junit.jupiter.api.AssertionFailureBuilder.build(AssertionFailureBuilder.java:151)
	at org.junit.jupiter.api.AssertionFailureBuilder.buildAndThrow(AssertionFailureBuilder.java:132)
	at org.junit.jupiter.api.AssertEquals.failNotEqual(AssertEquals.java:197)
	at org.junit.jupiter.api.AssertEquals.assertEquals(AssertEquals.java:182)
	at org.junit.jupiter.api.AssertEquals.assertEquals(AssertEquals.java:177)
	at org.junit.jupiter.api.Assertions.assertEquals(Assertions.java:1145)
	at org.apache.hadoop.ozone.shell.TestOzoneTenantShell.checkOutput(TestOzoneTenantShell.java:344)
	at org.apache.hadoop.ozone.shell.TestOzoneTenantShell.checkOutput(TestOzoneTenantShell.java:324)
	at org.apache.hadoop.ozone.shell.TestOzoneTenantShell.testListTenantUsers(TestOzoneTenantShell.java:763)
	at java.base/java.lang.reflect.Method.invoke(Method.java:568)
	at java.base/java.util.ArrayList.forEach(ArrayList.java:1511)
	at java.base/java.util.ArrayList.forEach(ArrayList.java:1511)
]]></failure>
    <system-out><![CDATA[2024-07-20 16:54:48,927 [main] INFO  shell.TestOzoneTenantShell (TestOzoneTenantShell.java:execute(212)) - Executing shell command with args [--verbose, create, tenant1, --om-service-id=om-service-test1]
2024-07-20 16:54:48,958 | INFO  | OMAudit | user=runner | ip=127.0.0.1 | op=GET_SERVICE_LIST {} | ret=SUCCESS |  
2024-07-20 16:54:48,962 [main] INFO  rpc.RpcClient (RpcClient.java:createTenant(917)) - Creating Tenant: 'tenant1', with volume: 'tenant1', forceCreationWhenVolumeExists: false
2024-07-20 16:54:48,966 [IPC Server handler 10 on default port 15004] DEBUG multitenant.AuthorizerLockImpl (AuthorizerLockImpl.java:tryWriteLock(109)) - Trying to acquire authorizer write lock from thread 431
2024-07-20 16:54:48,966 [IPC Server handler 10 on default port 15004] DEBUG multitenant.AuthorizerLockImpl (AuthorizerLockImpl.java:tryWriteLockThrowOnTimeout(142)) - Acquired authorizer write lock from thread 431 with stamp 640
2024-07-20 16:54:48,966 [IPC Server handler 10 on default port 15004] DEBUG multitenant.AuthorizerLockImpl (AuthorizerLockImpl.java:tryWriteLockInOMRequest(160)) - Set omRequestWriteLockStamp to 640, omRequestWriteLockHolderTid to 431
2024-07-20 16:54:48,974 [omNode-1-OMStateMachineApplyTransactionThread - 0] DEBUG tenant.OMTenantCreateRequest (OMTenantCreateRequest.java:validateAndUpdateCache(304)) - volume: '/tenant1' successfully created
2024-07-20 16:54:48,975 [omNode-1-OMStateMachineApplyTransactionThread - 0] DEBUG multitenant.AuthorizerLockImpl (AuthorizerLockImpl.java:unlockWriteInOMRequest(181)) - Restored omRequestWriteLockStamp to 0, omRequestWriteLockHolderTid to 0
2024-07-20 16:54:48,975 [omNode-1-OMStateMachineApplyTransactionThread - 0] DEBUG multitenant.AuthorizerLockImpl (AuthorizerLockImpl.java:unlockWrite(122)) - Releasing authorizer write lock from thread 604 with stamp 640
2024-07-20 16:54:48,975 | INFO  | OMAudit | user=runner | ip=127.0.0.1 | op=CREATE_TENANT {admin=runner, owner=runner, volume=tenant1, creationTime=1721494488966, modificationTime=1721494488966, quotaInBytes=-1, quotaInNamespace=-1, usedNamespace=0, objectID=-9223372036854775040, updateID=3, tenant=tenant1} | ret=SUCCESS |  
2024-07-20 16:54:48,976 | INFO  | OMAudit | user=runner | ip=127.0.0.1 | op=CREATE_VOLUME {admin=runner, owner=runner, volume=tenant1, creationTime=1721494488966, modificationTime=1721494488966, quotaInBytes=-1, quotaInNamespace=-1, usedNamespace=0, objectID=-9223372036854775040, updateID=3, tenant=tenant1} | ret=SUCCESS |  
2024-07-20 16:54:48,976 [omNode-1-OMStateMachineApplyTransactionThread - 0] INFO  tenant.OMTenantCreateRequest (OMTenantCreateRequest.java:validateAndUpdateCache(387)) - Created tenant 'tenant1' and volume 'tenant1'
2024-07-20 16:54:48,979 [omNode-3-server-thread1] INFO  server.RaftServer$Division (RaftServerImpl.java:setFirstElection(549)) - omNode-3@group-523986131536: set firstElectionSinceStartup to false for appendEntries
2024-07-20 16:54:48,979 [omNode-3-server-thread1] INFO  server.RaftServer$Division (ServerState.java:setLeader(272)) - omNode-3@group-523986131536: change Leader from null to omNode-1 at term 1 for appendEntries, leader elected after 1325ms
2024-07-20 16:54:48,979 [omNode-3-server-thread1] INFO  server.RaftServer$Division (RaftServerImpl.java:checkInconsistentAppendEntries(1651)) - omNode-3@group-523986131536: Failed appendEntries as previous log entry ((t:1, i:0)) is not found
2024-07-20 16:54:48,979 [omNode-3-server-thread1] INFO  server.RaftServer$Division (RaftServerImpl.java:appendEntriesAsync(1584)) - omNode-3@group-523986131536: appendEntries* reply omNode-1<-omNode-3#740:FAIL-t0,INCONSISTENCY,nextIndex=0,followerCommit=-1,matchIndex=-1
2024-07-20 16:54:48,980 [omNode-2-OMStateMachineApplyTransactionThread - 0] DEBUG tenant.OMTenantCreateRequest (OMTenantCreateRequest.java:validateAndUpdateCache(304)) - volume: '/tenant1' successfully created
2024-07-20 16:54:48,980 [omNode-2-OMStateMachineApplyTransactionThread - 0] DEBUG multitenant.AuthorizerLockImpl (AuthorizerLockImpl.java:unlockWriteInOMRequest(170)) - Authorizer write lock is not held in this lock instance. This OM might be follower, or leader changed. Ignored
2024-07-20 16:54:48,980 | INFO  | OMAudit | user=runner | ip=127.0.0.1 | op=CREATE_TENANT {admin=runner, owner=runner, volume=tenant1, creationTime=1721494488966, modificationTime=1721494488966, quotaInBytes=-1, quotaInNamespace=-1, usedNamespace=0, objectID=-9223372036854775040, updateID=3, tenant=tenant1} | ret=SUCCESS |  
2024-07-20 16:54:48,981 | INFO  | OMAudit | user=runner | ip=127.0.0.1 | op=CREATE_VOLUME {admin=runner, owner=runner, volume=tenant1, creationTime=1721494488966, modificationTime=1721494488966, quotaInBytes=-1, quotaInNamespace=-1, usedNamespace=0, objectID=-9223372036854775040, updateID=3, tenant=tenant1} | ret=SUCCESS |  
2024-07-20 16:54:48,981 [omNode-2-OMStateMachineApplyTransactionThread - 0] INFO  tenant.OMTenantCreateRequest (OMTenantCreateRequest.java:validateAndUpdateCache(387)) - Created tenant 'tenant1' and volume 'tenant1'
2024-07-20 16:54:48,984 [grpc-default-executor-1] WARN  server.GrpcLogAppender (GrpcLogAppender.java:onNextImpl(519)) - omNode-1@group-523986131536->omNode-3-AppendLogResponseHandler: received INCONSISTENCY reply with nextIndex 0, errorCount=15, request=AppendEntriesRequest:cid=740,entriesCount=3,entries=(t:1, i:1)...(t:1, i:3)
2024-07-20 16:54:48,985 [grpc-default-executor-1] INFO  leader.FollowerInfo (FollowerInfoImpl.java:info(70)) - omNode-1@group-523986131536->omNode-3: setNextIndex nextIndex: updateUnconditionally 4 -> 0
2024-07-20 16:54:48,989 [omNode-3-server-thread1] INFO  server.RaftServer$Division (ServerState.java:setRaftConf(386)) - omNode-3@group-523986131536: set configuration conf: {index: 0, cur=peers:[omNode-3|localhost:15015, omNode-1|localhost:15007, omNode-2|localhost:15011]|listeners:[], old=null}
2024-07-20 16:54:48,990 [omNode-3-server-thread1] INFO  segmented.SegmentedRaftLogWorker (SegmentedRaftLogWorker.java:startLogSegment(433)) - omNode-3@group-523986131536-SegmentedRaftLogWorker: Starting segment from index:0
2024-07-20 16:54:48,990 [omNode-3@group-523986131536-SegmentedRaftLogWorker] INFO  segmented.BufferedWriteChannel (BufferedWriteChannel.java:open(61)) - open log_inprogress_0 at position 0
2024-07-20 16:54:49,002 [omNode-3@group-523986131536-SegmentedRaftLogWorker] INFO  segmented.SegmentedRaftLogWorker (SegmentedRaftLogWorker.java:execute(637)) - omNode-3@group-523986131536-SegmentedRaftLogWorker: created new log segment /home/runner/work/ozone/ozone/hadoop-ozone/integration-test/target/test-dir/MiniOzoneClusterImpl-f7452c88-0c37-4f5d-a1f6-a5ee96fcef81/omNode-3/ratis/c9bc4cf4-3bc3-3c60-a66b-523986131536/current/log_inprogress_0
2024-07-20 16:54:49,007 [omNode-3@group-523986131536-StateMachineUpdater] INFO  ratis.OzoneManagerStateMachine (OzoneManagerStateMachine.java:notifyConfigurationChanged(216)) - Received Configuration change notification from Ratis. New Peer list:
[id: "omNode-3"
address: "localhost:15015"
startupRole: FOLLOWER
, id: "omNode-1"
address: "localhost:15007"
startupRole: FOLLOWER
, id: "omNode-2"
address: "localhost:15011"
startupRole: FOLLOWER
]
2024-07-20 16:54:49,014 [omNode-3-OMStateMachineApplyTransactionThread - 0] DEBUG tenant.OMTenantCreateRequest (OMTenantCreateRequest.java:validateAndUpdateCache(304)) - volume: '/finance' successfully created
2024-07-20 16:54:49,016 [omNode-3-OMStateMachineApplyTransactionThread - 0] DEBUG multitenant.AuthorizerLockImpl (AuthorizerLockImpl.java:unlockWriteInOMRequest(170)) - Authorizer write lock is not held in this lock instance. This OM might be follower, or leader changed. Ignored
2024-07-20 16:54:49,016 | INFO  | OMAudit | user=runner | ip=127.0.0.1 | op=CREATE_TENANT {admin=runner, owner=runner, volume=finance, creationTime=1721494488746, modificationTime=1721494488746, quotaInBytes=-1, quotaInNamespace=-1, usedNamespace=0, objectID=-9223372036854775552, updateID=1, tenant=finance} | ret=SUCCESS |  
2024-07-20 16:54:49,018 | INFO  | OMAudit | user=runner | ip=127.0.0.1 | op=CREATE_VOLUME {admin=runner, owner=runner, volume=finance, creationTime=1721494488746, modificationTime=1721494488746, quotaInBytes=-1, quotaInNamespace=-1, usedNamespace=0, objectID=-9223372036854775552, updateID=1, tenant=finance} | ret=SUCCESS |  
2024-07-20 16:54:49,018 [omNode-3-OMStateMachineApplyTransactionThread - 0] INFO  tenant.OMTenantCreateRequest (OMTenantCreateRequest.java:validateAndUpdateCache(387)) - Created tenant 'finance' and volume 'finance'
2024-07-20 16:54:49,021 [omNode-3-OMStateMachineApplyTransactionThread - 0] DEBUG tenant.OMTenantCreateRequest (OMTenantCreateRequest.java:validateAndUpdateCache(304)) - volume: '/tenant1' successfully created
2024-07-20 16:54:49,023 [omNode-3-OMStateMachineApplyTransactionThread - 0] DEBUG multitenant.AuthorizerLockImpl (AuthorizerLockImpl.java:unlockWriteInOMRequest(170)) - Authorizer write lock is not held in this lock instance. This OM might be follower, or leader changed. Ignored
2024-07-20 16:54:49,023 | INFO  | OMAudit | user=runner | ip=127.0.0.1 | op=CREATE_TENANT {admin=runner, owner=runner, volume=tenant1, creationTime=1721494488966, modificationTime=1721494488966, quotaInBytes=-1, quotaInNamespace=-1, usedNamespace=0, objectID=-9223372036854775040, updateID=3, tenant=tenant1} | ret=SUCCESS |  
2024-07-20 16:54:49,025 | INFO  | OMAudit | user=runner | ip=127.0.0.1 | op=CREATE_VOLUME {admin=runner, owner=runner, volume=tenant1, creationTime=1721494488966, modificationTime=1721494488966, quotaInBytes=-1, quotaInNamespace=-1, usedNamespace=0, objectID=-9223372036854775040, updateID=3, tenant=tenant1} | ret=SUCCESS |  
2024-07-20 16:54:49,027 [omNode-3-OMStateMachineApplyTransactionThread - 0] INFO  tenant.OMTenantCreateRequest (OMTenantCreateRequest.java:validateAndUpdateCache(387)) - Created tenant 'tenant1' and volume 'tenant1'
2024-07-20 16:54:49,037 [main] INFO  shell.TestOzoneTenantShell (TestOzoneTenantShell.java:execute(212)) - Executing shell command with args [--verbose, user, assign, alice, --tenant=tenant1, --om-service-id=om-service-test1]
2024-07-20 16:54:49,066 | INFO  | OMAudit | user=runner | ip=127.0.0.1 | op=GET_SERVICE_LIST {} | ret=SUCCESS |  
2024-07-20 16:54:49,075 [IPC Server handler 14 on default port 15004] DEBUG multitenant.AuthorizerLockImpl (AuthorizerLockImpl.java:tryWriteLock(109)) - Trying to acquire authorizer write lock from thread 435
2024-07-20 16:54:49,075 [IPC Server handler 14 on default port 15004] DEBUG multitenant.AuthorizerLockImpl (AuthorizerLockImpl.java:tryWriteLockThrowOnTimeout(142)) - Acquired authorizer write lock from thread 435 with stamp 896
2024-07-20 16:54:49,075 [IPC Server handler 14 on default port 15004] DEBUG multitenant.AuthorizerLockImpl (AuthorizerLockImpl.java:tryWriteLockInOMRequest(160)) - Set omRequestWriteLockStamp to 896, omRequestWriteLockHolderTid to 435
2024-07-20 16:54:49,090 [omNode-1-OMStateMachineApplyTransactionThread - 0] INFO  om.S3SecretManager (S3SecretManager.java:updateCache(105)) - Updating cache for accessId/user: tenant1$alice.
2024-07-20 16:54:49,091 [omNode-1-OMStateMachineApplyTransactionThread - 0] INFO  om.OMMultiTenantManagerImpl (OMMultiTenantManagerImpl.java:assignUserToTenant(626)) - Adding to cache: user 'alice' accessId 'tenant1$alice' in tenant 'tenant1'
2024-07-20 16:54:49,091 [omNode-2-OMStateMachineApplyTransactionThread - 0] INFO  om.S3SecretManager (S3SecretManager.java:updateCache(105)) - Updating cache for accessId/user: tenant1$alice.
2024-07-20 16:54:49,092 [omNode-2-OMStateMachineApplyTransactionThread - 0] INFO  om.OMMultiTenantManagerImpl (OMMultiTenantManagerImpl.java:assignUserToTenant(626)) - Adding to cache: user 'alice' accessId 'tenant1$alice' in tenant 'tenant1'
2024-07-20 16:54:49,091 [omNode-3-OMStateMachineApplyTransactionThread - 0] INFO  om.S3SecretManager (S3SecretManager.java:updateCache(105)) - Updating cache for accessId/user: tenant1$alice.
2024-07-20 16:54:49,092 [omNode-3-OMStateMachineApplyTransactionThread - 0] INFO  om.OMMultiTenantManagerImpl (OMMultiTenantManagerImpl.java:assignUserToTenant(626)) - Adding to cache: user 'alice' accessId 'tenant1$alice' in tenant 'tenant1'
2024-07-20 16:54:49,094 [omNode-3-OMStateMachineApplyTransactionThread - 0] DEBUG multitenant.AuthorizerLockImpl (AuthorizerLockImpl.java:unlockWriteInOMRequest(170)) - Authorizer write lock is not held in this lock instance. This OM might be follower, or leader changed. Ignored
2024-07-20 16:54:49,096 | INFO  | OMAudit | user=runner | ip=127.0.0.1 | op=TENANT_ASSIGN_USER_ACCESSID {accessId=tenant1$alice, user=alice, tenant=tenant1} | ret=SUCCESS |  
2024-07-20 16:54:49,096 [omNode-2-OMStateMachineApplyTransactionThread - 0] DEBUG multitenant.AuthorizerLockImpl (AuthorizerLockImpl.java:unlockWriteInOMRequest(170)) - Authorizer write lock is not held in this lock instance. This OM might be follower, or leader changed. Ignored
2024-07-20 16:54:49,097 | INFO  | OMAudit | user=runner | ip=127.0.0.1 | op=TENANT_ASSIGN_USER_ACCESSID {accessId=tenant1$alice, user=alice, tenant=tenant1} | ret=SUCCESS |  
2024-07-20 16:54:49,097 [omNode-2-OMStateMachineApplyTransactionThread - 0] INFO  tenant.OMTenantAssignUserAccessIdRequest (OMTenantAssignUserAccessIdRequest.java:validateAndUpdateCache(358)) - Assigned user 'alice' to tenant 'tenant1' with accessId 'tenant1$alice'
2024-07-20 16:54:49,097 [omNode-3-OMStateMachineApplyTransactionThread - 0] INFO  tenant.OMTenantAssignUserAccessIdRequest (OMTenantAssignUserAccessIdRequest.java:validateAndUpdateCache(358)) - Assigned user 'alice' to tenant 'tenant1' with accessId 'tenant1$alice'
2024-07-20 16:54:49,104 [omNode-1-OMStateMachineApplyTransactionThread - 0] DEBUG multitenant.AuthorizerLockImpl (AuthorizerLockImpl.java:unlockWriteInOMRequest(181)) - Restored omRequestWriteLockStamp to 0, omRequestWriteLockHolderTid to 0
2024-07-20 16:54:49,104 [omNode-1-OMStateMachineApplyTransactionThread - 0] DEBUG multitenant.AuthorizerLockImpl (AuthorizerLockImpl.java:unlockWrite(122)) - Releasing authorizer write lock from thread 604 with stamp 896
2024-07-20 16:54:49,104 | INFO  | OMAudit | user=runner | ip=127.0.0.1 | op=TENANT_ASSIGN_USER_ACCESSID {accessId=tenant1$alice, user=alice, tenant=tenant1} | ret=SUCCESS |  
2024-07-20 16:54:49,105 [omNode-1-OMStateMachineApplyTransactionThread - 0] INFO  tenant.OMTenantAssignUserAccessIdRequest (OMTenantAssignUserAccessIdRequest.java:validateAndUpdateCache(358)) - Assigned user 'alice' to tenant 'tenant1' with accessId 'tenant1$alice'
2024-07-20 16:54:49,108 [main] INFO  shell.TestOzoneTenantShell (TestOzoneTenantShell.java:execute(212)) - Executing shell command with args [user, assign, bob, --tenant=tenant1, --om-service-id=om-service-test1]
2024-07-20 16:54:49,140 | INFO  | OMAudit | user=runner | ip=127.0.0.1 | op=GET_SERVICE_LIST {} | ret=SUCCESS |  
2024-07-20 16:54:49,145 [IPC Server handler 16 on default port 15004] DEBUG multitenant.AuthorizerLockImpl (AuthorizerLockImpl.java:tryWriteLock(109)) - Trying to acquire authorizer write lock from thread 437
2024-07-20 16:54:49,145 [IPC Server handler 16 on default port 15004] DEBUG multitenant.AuthorizerLockImpl (AuthorizerLockImpl.java:tryWriteLockThrowOnTimeout(142)) - Acquired authorizer write lock from thread 437 with stamp 1152
2024-07-20 16:54:49,145 [IPC Server handler 16 on default port 15004] DEBUG multitenant.AuthorizerLockImpl (AuthorizerLockImpl.java:tryWriteLockInOMRequest(160)) - Set omRequestWriteLockStamp to 1152, omRequestWriteLockHolderTid to 437
2024-07-20 16:54:49,154 [omNode-1-OMStateMachineApplyTransactionThread - 0] INFO  om.S3SecretManager (S3SecretManager.java:updateCache(105)) - Updating cache for accessId/user: tenant1$bob.
2024-07-20 16:54:49,154 [omNode-1-OMStateMachineApplyTransactionThread - 0] INFO  om.OMMultiTenantManagerImpl (OMMultiTenantManagerImpl.java:assignUserToTenant(626)) - Adding to cache: user 'bob' accessId 'tenant1$bob' in tenant 'tenant1'
2024-07-20 16:54:49,154 [omNode-1-OMStateMachineApplyTransactionThread - 0] DEBUG multitenant.AuthorizerLockImpl (AuthorizerLockImpl.java:unlockWriteInOMRequest(181)) - Restored omRequestWriteLockStamp to 0, omRequestWriteLockHolderTid to 0
2024-07-20 16:54:49,154 [omNode-1-OMStateMachineApplyTransactionThread - 0] DEBUG multitenant.AuthorizerLockImpl (AuthorizerLockImpl.java:unlockWrite(122)) - Releasing authorizer write lock from thread 604 with stamp 1152
2024-07-20 16:54:49,154 | INFO  | OMAudit | user=runner | ip=127.0.0.1 | op=TENANT_ASSIGN_USER_ACCESSID {accessId=tenant1$bob, user=bob, tenant=tenant1} | ret=SUCCESS |  
2024-07-20 16:54:49,154 [omNode-1-OMStateMachineApplyTransactionThread - 0] INFO  tenant.OMTenantAssignUserAccessIdRequest (OMTenantAssignUserAccessIdRequest.java:validateAndUpdateCache(358)) - Assigned user 'bob' to tenant 'tenant1' with accessId 'tenant1$bob'
2024-07-20 16:54:49,161 [omNode-3-OMStateMachineApplyTransactionThread - 0] INFO  om.S3SecretManager (S3SecretManager.java:updateCache(105)) - Updating cache for accessId/user: tenant1$bob.
2024-07-20 16:54:49,161 [omNode-3-OMStateMachineApplyTransactionThread - 0] INFO  om.OMMultiTenantManagerImpl (OMMultiTenantManagerImpl.java:assignUserToTenant(626)) - Adding to cache: user 'bob' accessId 'tenant1$bob' in tenant 'tenant1'
2024-07-20 16:54:49,161 [omNode-3-OMStateMachineApplyTransactionThread - 0] DEBUG multitenant.AuthorizerLockImpl (AuthorizerLockImpl.java:unlockWriteInOMRequest(170)) - Authorizer write lock is not held in this lock instance. This OM might be follower, or leader changed. Ignored
2024-07-20 16:54:49,161 [omNode-2-OMStateMachineApplyTransactionThread - 0] INFO  om.S3SecretManager (S3SecretManager.java:updateCache(105)) - Updating cache for accessId/user: tenant1$bob.
2024-07-20 16:54:49,161 [omNode-2-OMStateMachineApplyTransactionThread - 0] INFO  om.OMMultiTenantManagerImpl (OMMultiTenantManagerImpl.java:assignUserToTenant(626)) - Adding to cache: user 'bob' accessId 'tenant1$bob' in tenant 'tenant1'
2024-07-20 16:54:49,161 | INFO  | OMAudit | user=runner | ip=127.0.0.1 | op=TENANT_ASSIGN_USER_ACCESSID {accessId=tenant1$bob, user=bob, tenant=tenant1} | ret=SUCCESS |  
2024-07-20 16:54:49,162 [omNode-2-OMStateMachineApplyTransactionThread - 0] DEBUG multitenant.AuthorizerLockImpl (AuthorizerLockImpl.java:unlockWriteInOMRequest(170)) - Authorizer write lock is not held in this lock instance. This OM might be follower, or leader changed. Ignored
2024-07-20 16:54:49,162 [omNode-3-OMStateMachineApplyTransactionThread - 0] INFO  tenant.OMTenantAssignUserAccessIdRequest (OMTenantAssignUserAccessIdRequest.java:validateAndUpdateCache(358)) - Assigned user 'bob' to tenant 'tenant1' with accessId 'tenant1$bob'
2024-07-20 16:54:49,162 | INFO  | OMAudit | user=runner | ip=127.0.0.1 | op=TENANT_ASSIGN_USER_ACCESSID {accessId=tenant1$bob, user=bob, tenant=tenant1} | ret=SUCCESS |  
2024-07-20 16:54:49,162 [omNode-2-OMStateMachineApplyTransactionThread - 0] INFO  tenant.OMTenantAssignUserAccessIdRequest (OMTenantAssignUserAccessIdRequest.java:validateAndUpdateCache(358)) - Assigned user 'bob' to tenant 'tenant1' with accessId 'tenant1$bob'
2024-07-20 16:54:49,163 [main] INFO  shell.TestOzoneTenantShell (TestOzoneTenantShell.java:execute(212)) - Executing shell command with args [user, list, tenant1, --om-service-id=om-service-test1]
2024-07-20 16:54:49,192 | INFO  | OMAudit | user=runner | ip=127.0.0.1 | op=GET_SERVICE_LIST {} | ret=SUCCESS |  
2024-07-20 16:54:49,204 | INFO  | OMAudit | user=runner | ip=127.0.0.1 | op=TENANT_LIST_USER {tenant=tenant1, volume=tenant1, userPrefix=} | ret=SUCCESS |  
2024-07-20 16:54:49,206 [main] INFO  shell.TestOzoneTenantShell (TestOzoneTenantShell.java:execute(212)) - Executing shell command with args [user, list, tenant1, --json, --om-service-id=om-service-test1]
2024-07-20 16:54:49,240 | INFO  | OMAudit | user=runner | ip=127.0.0.1 | op=GET_SERVICE_LIST {} | ret=SUCCESS |  
2024-07-20 16:54:49,247 | INFO  | OMAudit | user=runner | ip=127.0.0.1 | op=TENANT_LIST_USER {tenant=tenant1, volume=tenant1, userPrefix=} | ret=SUCCESS |  
2024-07-20 16:54:49,253 [main] INFO  shell.TestOzoneTenantShell (TestOzoneTenantShell.java:execute(212)) - Executing shell command with args [user, list, tenant1, --prefix=b, --om-service-id=om-service-test1]
2024-07-20 16:54:49,284 | INFO  | OMAudit | user=runner | ip=127.0.0.1 | op=GET_SERVICE_LIST {} | ret=SUCCESS |  
2024-07-20 16:54:49,292 | INFO  | OMAudit | user=runner | ip=127.0.0.1 | op=TENANT_LIST_USER {tenant=tenant1, volume=tenant1, userPrefix=b} | ret=SUCCESS |  
2024-07-20 16:54:49,294 [main] INFO  shell.TestOzoneTenantShell (TestOzoneTenantShell.java:execute(212)) - Executing shell command with args [user, list, tenant1, --prefix=b, --json, --om-service-id=om-service-test1]
2024-07-20 16:54:49,317 | INFO  | OMAudit | user=runner | ip=127.0.0.1 | op=GET_SERVICE_LIST {} | ret=SUCCESS |  
2024-07-20 16:54:49,323 | INFO  | OMAudit | user=runner | ip=127.0.0.1 | op=TENANT_LIST_USER {tenant=tenant1, volume=tenant1, userPrefix=b} | ret=SUCCESS |  
2024-07-20 16:54:49,324 [main] INFO  shell.TestOzoneTenantShell (TestOzoneTenantShell.java:execute(212)) - Executing shell command with args [user, list, unknown, --om-service-id=om-service-test1]
2024-07-20 16:54:49,347 | INFO  | OMAudit | user=runner | ip=127.0.0.1 | op=GET_SERVICE_LIST {} | ret=SUCCESS |  
2024-07-20 16:54:49,352 [main] INFO  shell.TestOzoneTenantShell (TestOzoneTenantShell.java:execute(212)) - Executing shell command with args [user, revoke, tenant1$alice, --om-service-id=om-service-test1]
2024-07-20 16:54:49,374 | INFO  | OMAudit | user=runner | ip=127.0.0.1 | op=GET_SERVICE_LIST {} | ret=SUCCESS |  
2024-07-20 16:54:49,385 [IPC Server handler 16 on default port 15004] DEBUG multitenant.AuthorizerLockImpl (AuthorizerLockImpl.java:tryWriteLock(109)) - Trying to acquire authorizer write lock from thread 437
2024-07-20 16:54:49,385 [IPC Server handler 16 on default port 15004] DEBUG multitenant.AuthorizerLockImpl (AuthorizerLockImpl.java:tryWriteLockThrowOnTimeout(142)) - Acquired authorizer write lock from thread 437 with stamp 1408
2024-07-20 16:54:49,386 [IPC Server handler 16 on default port 15004] DEBUG multitenant.AuthorizerLockImpl (AuthorizerLockImpl.java:tryWriteLockInOMRequest(160)) - Set omRequestWriteLockStamp to 1408, omRequestWriteLockHolderTid to 437
2024-07-20 16:54:49,394 [omNode-1-OMStateMachineApplyTransactionThread - 0] INFO  om.OMMultiTenantManagerImpl (OMMultiTenantManagerImpl.java:revokeUserAccessId(640)) - Removing from cache: accessId 'tenant1$alice' in tenant 'tenant1'
2024-07-20 16:54:49,395 [omNode-1-OMStateMachineApplyTransactionThread - 0] DEBUG multitenant.AuthorizerLockImpl (AuthorizerLockImpl.java:unlockWriteInOMRequest(181)) - Restored omRequestWriteLockStamp to 0, omRequestWriteLockHolderTid to 0
2024-07-20 16:54:49,395 [omNode-1-OMStateMachineApplyTransactionThread - 0] DEBUG multitenant.AuthorizerLockImpl (AuthorizerLockImpl.java:unlockWrite(122)) - Releasing authorizer write lock from thread 604 with stamp 1408
2024-07-20 16:54:49,397 | INFO  | OMAudit | user=runner | ip=127.0.0.1 | op=TENANT_REVOKE_USER_ACCESSID {accessId=tenant1$alice, userPrincipal=alice, tenant=tenant1} | ret=SUCCESS |  
2024-07-20 16:54:49,396 [omNode-2-OMStateMachineApplyTransactionThread - 0] INFO  om.OMMultiTenantManagerImpl (OMMultiTenantManagerImpl.java:revokeUserAccessId(640)) - Removing from cache: accessId 'tenant1$alice' in tenant 'tenant1'
2024-07-20 16:54:49,396 [omNode-3-OMStateMachineApplyTransactionThread - 0] INFO  om.OMMultiTenantManagerImpl (OMMultiTenantManagerImpl.java:revokeUserAccessId(640)) - Removing from cache: accessId 'tenant1$alice' in tenant 'tenant1'
2024-07-20 16:54:49,397 [omNode-2-OMStateMachineApplyTransactionThread - 0] DEBUG multitenant.AuthorizerLockImpl (AuthorizerLockImpl.java:unlockWriteInOMRequest(170)) - Authorizer write lock is not held in this lock instance. This OM might be follower, or leader changed. Ignored
2024-07-20 16:54:49,397 [omNode-3-OMStateMachineApplyTransactionThread - 0] DEBUG multitenant.AuthorizerLockImpl (AuthorizerLockImpl.java:unlockWriteInOMRequest(170)) - Authorizer write lock is not held in this lock instance. This OM might be follower, or leader changed. Ignored
2024-07-20 16:54:49,397 | INFO  | OMAudit | user=runner | ip=127.0.0.1 | op=TENANT_REVOKE_USER_ACCESSID {accessId=tenant1$alice, userPrincipal=alice, tenant=tenant1} | ret=SUCCESS |  
2024-07-20 16:54:49,398 | INFO  | OMAudit | user=runner | ip=127.0.0.1 | op=TENANT_REVOKE_USER_ACCESSID {accessId=tenant1$alice, userPrincipal=alice, tenant=tenant1} | ret=SUCCESS |  
2024-07-20 16:54:49,398 [omNode-2-OMStateMachineApplyTransactionThread - 0] INFO  tenant.OMTenantRevokeUserAccessIdRequest (OMTenantRevokeUserAccessIdRequest.java:validateAndUpdateCache(255)) - Revoked user 'alice' accessId 'tenant1$alice' to tenant 'tenant1'
2024-07-20 16:54:49,398 [omNode-3-OMStateMachineApplyTransactionThread - 0] INFO  tenant.OMTenantRevokeUserAccessIdRequest (OMTenantRevokeUserAccessIdRequest.java:validateAndUpdateCache(255)) - Revoked user 'alice' accessId 'tenant1$alice' to tenant 'tenant1'
2024-07-20 16:54:49,399 [omNode-1-OMStateMachineApplyTransactionThread - 0] INFO  tenant.OMTenantRevokeUserAccessIdRequest (OMTenantRevokeUserAccessIdRequest.java:validateAndUpdateCache(255)) - Revoked user 'alice' accessId 'tenant1$alice' to tenant 'tenant1'
2024-07-20 16:54:49,402 [main] INFO  shell.TestOzoneTenantShell (TestOzoneTenantShell.java:execute(212)) - Executing shell command with args [--verbose, user, revoke, tenant1$bob, --om-service-id=om-service-test1]
2024-07-20 16:54:49,439 | INFO  | OMAudit | user=runner | ip=127.0.0.1 | op=GET_SERVICE_LIST {} | ret=SUCCESS |  
2024-07-20 16:54:49,444 [IPC Server handler 8 on default port 15004] DEBUG multitenant.AuthorizerLockImpl (AuthorizerLockImpl.java:tryWriteLock(109)) - Trying to acquire authorizer write lock from thread 429
2024-07-20 16:54:49,444 [IPC Server handler 8 on default port 15004] DEBUG multitenant.AuthorizerLockImpl (AuthorizerLockImpl.java:tryWriteLockThrowOnTimeout(142)) - Acquired authorizer write lock from thread 429 with stamp 1664
2024-07-20 16:54:49,444 [IPC Server handler 8 on default port 15004] DEBUG multitenant.AuthorizerLockImpl (AuthorizerLockImpl.java:tryWriteLockInOMRequest(160)) - Set omRequestWriteLockStamp to 1664, omRequestWriteLockHolderTid to 429
2024-07-20 16:54:49,452 [omNode-1-OMStateMachineApplyTransactionThread - 0] INFO  om.OMMultiTenantManagerImpl (OMMultiTenantManagerImpl.java:revokeUserAccessId(640)) - Removing from cache: accessId 'tenant1$bob' in tenant 'tenant1'
2024-07-20 16:54:49,452 [omNode-1-OMStateMachineApplyTransactionThread - 0] DEBUG multitenant.AuthorizerLockImpl (AuthorizerLockImpl.java:unlockWriteInOMRequest(181)) - Restored omRequestWriteLockStamp to 0, omRequestWriteLockHolderTid to 0
2024-07-20 16:54:49,452 [omNode-1-OMStateMachineApplyTransactionThread - 0] DEBUG multitenant.AuthorizerLockImpl (AuthorizerLockImpl.java:unlockWrite(122)) - Releasing authorizer write lock from thread 604 with stamp 1664
2024-07-20 16:54:49,453 | INFO  | OMAudit | user=runner | ip=127.0.0.1 | op=TENANT_REVOKE_USER_ACCESSID {accessId=tenant1$bob, userPrincipal=bob, tenant=tenant1} | ret=SUCCESS |  
2024-07-20 16:54:49,453 [omNode-1-OMStateMachineApplyTransactionThread - 0] INFO  tenant.OMTenantRevokeUserAccessIdRequest (OMTenantRevokeUserAccessIdRequest.java:validateAndUpdateCache(255)) - Revoked user 'bob' accessId 'tenant1$bob' to tenant 'tenant1'
2024-07-20 16:54:49,454 [omNode-3-OMStateMachineApplyTransactionThread - 0] INFO  om.OMMultiTenantManagerImpl (OMMultiTenantManagerImpl.java:revokeUserAccessId(640)) - Removing from cache: accessId 'tenant1$bob' in tenant 'tenant1'
2024-07-20 16:54:49,454 [omNode-3-OMStateMachineApplyTransactionThread - 0] DEBUG multitenant.AuthorizerLockImpl (AuthorizerLockImpl.java:unlockWriteInOMRequest(170)) - Authorizer write lock is not held in this lock instance. This OM might be follower, or leader changed. Ignored
2024-07-20 16:54:49,454 | INFO  | OMAudit | user=runner | ip=127.0.0.1 | op=TENANT_REVOKE_USER_ACCESSID {accessId=tenant1$bob, userPrincipal=bob, tenant=tenant1} | ret=SUCCESS |  
2024-07-20 16:54:49,455 [omNode-3-OMStateMachineApplyTransactionThread - 0] INFO  tenant.OMTenantRevokeUserAccessIdRequest (OMTenantRevokeUserAccessIdRequest.java:validateAndUpdateCache(255)) - Revoked user 'bob' accessId 'tenant1$bob' to tenant 'tenant1'
2024-07-20 16:54:49,455 [omNode-2-OMStateMachineApplyTransactionThread - 0] INFO  om.OMMultiTenantManagerImpl (OMMultiTenantManagerImpl.java:revokeUserAccessId(640)) - Removing from cache: accessId 'tenant1$bob' in tenant 'tenant1'
2024-07-20 16:54:49,455 [omNode-2-OMStateMachineApplyTransactionThread - 0] DEBUG multitenant.AuthorizerLockImpl (AuthorizerLockImpl.java:unlockWriteInOMRequest(170)) - Authorizer write lock is not held in this lock instance. This OM might be follower, or leader changed. Ignored
2024-07-20 16:54:49,455 | INFO  | OMAudit | user=runner | ip=127.0.0.1 | op=TENANT_REVOKE_USER_ACCESSID {accessId=tenant1$bob, userPrincipal=bob, tenant=tenant1} | ret=SUCCESS |  
2024-07-20 16:54:49,455 [omNode-2-OMStateMachineApplyTransactionThread - 0] INFO  tenant.OMTenantRevokeUserAccessIdRequest (OMTenantRevokeUserAccessIdRequest.java:validateAndUpdateCache(255)) - Revoked user 'bob' accessId 'tenant1$bob' to tenant 'tenant1'
2024-07-20 16:54:49,458 [main] INFO  shell.TestOzoneTenantShell (TestOzoneTenantShell.java:execute(212)) - Executing shell command with args [delete, tenant1, --om-service-id=om-service-test1]
2024-07-20 16:54:49,481 | INFO  | OMAudit | user=runner | ip=127.0.0.1 | op=GET_SERVICE_LIST {} | ret=SUCCESS |  
2024-07-20 16:54:49,490 [IPC Server handler 12 on default port 15004] DEBUG multitenant.AuthorizerLockImpl (AuthorizerLockImpl.java:tryWriteLock(109)) - Trying to acquire authorizer write lock from thread 433
2024-07-20 16:54:49,490 [IPC Server handler 12 on default port 15004] DEBUG multitenant.AuthorizerLockImpl (AuthorizerLockImpl.java:tryWriteLockThrowOnTimeout(142)) - Acquired authorizer write lock from thread 433 with stamp 1920
2024-07-20 16:54:49,491 [IPC Server handler 12 on default port 15004] DEBUG multitenant.AuthorizerLockImpl (AuthorizerLockImpl.java:tryWriteLockInOMRequest(160)) - Set omRequestWriteLockStamp to 1920, omRequestWriteLockHolderTid to 433
2024-07-20 16:54:49,491 [IPC Server handler 12 on default port 15004] INFO  om.OMMultiTenantManagerImpl (OMMultiTenantManagerImpl.java:deleteTenant(323)) - Deleting tenant policies and roles from Ranger: OzoneTenant{tenantId='tenant1', tenantRoleNames=[tenant1-UserRole, tenant1-AdminRole], accessPolicies=[tenant1-VolumeAccess, tenant1-BucketAccess], accountNameSpace=org.apache.hadoop.ozone.om.multitenant.impl.AccountNameSpaceImpl@58789ef2, bucketNameSpace=org.apache.hadoop.ozone.om.multitenant.impl.SingleVolumeTenantNamespace@5cbc6594}
2024-07-20 16:54:49,497 [omNode-1-OMStateMachineApplyTransactionThread - 0] INFO  om.OMMultiTenantManagerImpl (OMMultiTenantManagerImpl.java:deleteTenant(602)) - Removing tenant from in-memory cache: tenant1
2024-07-20 16:54:49,499 [omNode-2-OMStateMachineApplyTransactionThread - 0] INFO  om.OMMultiTenantManagerImpl (OMMultiTenantManagerImpl.java:deleteTenant(602)) - Removing tenant from in-memory cache: tenant1
2024-07-20 16:54:49,499 [omNode-1-OMStateMachineApplyTransactionThread - 0] DEBUG multitenant.AuthorizerLockImpl (AuthorizerLockImpl.java:unlockWriteInOMRequest(181)) - Restored omRequestWriteLockStamp to 0, omRequestWriteLockHolderTid to 0
2024-07-20 16:54:49,499 [omNode-1-OMStateMachineApplyTransactionThread - 0] DEBUG multitenant.AuthorizerLockImpl (AuthorizerLockImpl.java:unlockWrite(122)) - Releasing authorizer write lock from thread 604 with stamp 1920
2024-07-20 16:54:49,499 [omNode-2-OMStateMachineApplyTransactionThread - 0] DEBUG multitenant.AuthorizerLockImpl (AuthorizerLockImpl.java:unlockWriteInOMRequest(170)) - Authorizer write lock is not held in this lock instance. This OM might be follower, or leader changed. Ignored
2024-07-20 16:54:49,499 | INFO  | OMAudit | user=runner | ip=127.0.0.1 | op=UPDATE_VOLUME {volume=tenant1} | ret=SUCCESS |  
2024-07-20 16:54:49,500 | INFO  | OMAudit | user=runner | ip=127.0.0.1 | op=DELETE_TENANT {tenant=tenant1} | ret=SUCCESS |  
2024-07-20 16:54:49,500 | INFO  | OMAudit | user=runner | ip=127.0.0.1 | op=UPDATE_VOLUME {volume=tenant1} | ret=SUCCESS |  
2024-07-20 16:54:49,500 [omNode-2-OMStateMachineApplyTransactionThread - 0] INFO  tenant.OMTenantDeleteRequest (OMTenantDeleteRequest.java:validateAndUpdateCache(242)) - Deleted tenant 'tenant1' and volume 'tenant1'
2024-07-20 16:54:49,500 | INFO  | OMAudit | user=runner | ip=127.0.0.1 | op=DELETE_TENANT {tenant=tenant1} | ret=SUCCESS |  
2024-07-20 16:54:49,500 [omNode-1-OMStateMachineApplyTransactionThread - 0] INFO  tenant.OMTenantDeleteRequest (OMTenantDeleteRequest.java:validateAndUpdateCache(242)) - Deleted tenant 'tenant1' and volume 'tenant1'
2024-07-20 16:54:49,504 [omNode-3-OMStateMachineApplyTransactionThread - 0] INFO  om.OMMultiTenantManagerImpl (OMMultiTenantManagerImpl.java:deleteTenant(602)) - Removing tenant from in-memory cache: tenant1
2024-07-20 16:54:49,504 [main] INFO  shell.TestOzoneTenantShell (TestOzoneTenantShell.java:execute(212)) - Executing shell command with args [volume, delete, tenant1]
2024-07-20 16:54:49,504 [omNode-3-OMStateMachineApplyTransactionThread - 0] DEBUG multitenant.AuthorizerLockImpl (AuthorizerLockImpl.java:unlockWriteInOMRequest(170)) - Authorizer write lock is not held in this lock instance. This OM might be follower, or leader changed. Ignored
2024-07-20 16:54:49,504 | INFO  | OMAudit | user=runner | ip=127.0.0.1 | op=UPDATE_VOLUME {volume=tenant1} | ret=SUCCESS |  
2024-07-20 16:54:49,505 | INFO  | OMAudit | user=runner | ip=127.0.0.1 | op=DELETE_TENANT {tenant=tenant1} | ret=SUCCESS |  
2024-07-20 16:54:49,505 [omNode-3-OMStateMachineApplyTransactionThread - 0] INFO  tenant.OMTenantDeleteRequest (OMTenantDeleteRequest.java:validateAndUpdateCache(242)) - Deleted tenant 'tenant1' and volume 'tenant1'
2024-07-20 16:54:49,524 | INFO  | OMAudit | user=runner | ip=127.0.0.1 | op=GET_SERVICE_LIST {} | ret=SUCCESS |  
2024-07-20 16:54:49,540 | INFO  | OMAudit | user=runner | ip=127.0.0.1 | op=DELETE_VOLUME {volume=tenant1} | ret=SUCCESS |  
2024-07-20 16:54:49,542 [main] INFO  shell.TestOzoneTenantShell (TestOzoneTenantShell.java:execute(212)) - Executing shell command with args [list, --om-service-id=om-service-test1]
2024-07-20 16:54:49,543 | INFO  | OMAudit | user=runner | ip=127.0.0.1 | op=DELETE_VOLUME {volume=tenant1} | ret=SUCCESS |  
2024-07-20 16:54:49,546 | INFO  | OMAudit | user=runner | ip=127.0.0.1 | op=DELETE_VOLUME {volume=tenant1} | ret=SUCCESS |  
2024-07-20 16:54:49,568 | INFO  | OMAudit | user=runner | ip=127.0.0.1 | op=GET_SERVICE_LIST {} | ret=SUCCESS |  
2024-07-20 16:54:49,572 | INFO  | OMAudit | user=runner | ip=127.0.0.1 | op=LIST_TENANT {} | ret=SUCCESS |  
]]></system-out>
  </testcase>
  <testcase name="testTenantAdminOperations" classname="org.apache.hadoop.ozone.shell.TestOzoneTenantShell" time="0.977"/>
  <testcase name="testAssignAdmin" classname="org.apache.hadoop.ozone.shell.TestOzoneTenantShell" time="0.805">
    <failure type="org.opentest4j.AssertionFailedError"><![CDATA[org.opentest4j.AssertionFailedError: 
expected: <> but was: <finance
>
	at org.junit.jupiter.api.AssertionFailureBuilder.build(AssertionFailureBuilder.java:151)
	at org.junit.jupiter.api.AssertionFailureBuilder.buildAndThrow(AssertionFailureBuilder.java:132)
	at org.junit.jupiter.api.AssertEquals.failNotEqual(AssertEquals.java:197)
	at org.junit.jupiter.api.AssertEquals.assertEquals(AssertEquals.java:182)
	at org.junit.jupiter.api.AssertEquals.assertEquals(AssertEquals.java:177)
	at org.junit.jupiter.api.Assertions.assertEquals(Assertions.java:1145)
	at org.apache.hadoop.ozone.shell.TestOzoneTenantShell.checkOutput(TestOzoneTenantShell.java:344)
	at org.apache.hadoop.ozone.shell.TestOzoneTenantShell.checkOutput(TestOzoneTenantShell.java:324)
	at org.apache.hadoop.ozone.shell.TestOzoneTenantShell.testAssignAdmin(TestOzoneTenantShell.java:405)
	at java.base/java.lang.reflect.Method.invoke(Method.java:568)
	at java.base/java.util.ArrayList.forEach(ArrayList.java:1511)
	at java.base/java.util.ArrayList.forEach(ArrayList.java:1511)
]]></failure>
    <system-out><![CDATA[2024-07-20 16:54:50,555 [main] INFO  shell.TestOzoneTenantShell (TestOzoneTenantShell.java:execute(212)) - Executing shell command with args [create, devaa, --om-service-id=om-service-test1]
2024-07-20 16:54:50,556 | INFO  | OMAudit | user=runner | ip=127.0.0.1 | op=DELETE_VOLUME {volume=tenant-test-tenant-admin-ops} | ret=SUCCESS |  
2024-07-20 16:54:50,579 | INFO  | OMAudit | user=runner | ip=127.0.0.1 | op=GET_SERVICE_LIST {} | ret=SUCCESS |  
2024-07-20 16:54:50,581 [main] INFO  rpc.RpcClient (RpcClient.java:createTenant(917)) - Creating Tenant: 'devaa', with volume: 'devaa', forceCreationWhenVolumeExists: false
2024-07-20 16:54:50,587 [IPC Server handler 14 on default port 15004] DEBUG multitenant.AuthorizerLockImpl (AuthorizerLockImpl.java:tryWriteLock(109)) - Trying to acquire authorizer write lock from thread 435
2024-07-20 16:54:50,587 [IPC Server handler 14 on default port 15004] DEBUG multitenant.AuthorizerLockImpl (AuthorizerLockImpl.java:tryWriteLockThrowOnTimeout(142)) - Acquired authorizer write lock from thread 435 with stamp 6784
2024-07-20 16:54:50,587 [IPC Server handler 14 on default port 15004] DEBUG multitenant.AuthorizerLockImpl (AuthorizerLockImpl.java:tryWriteLockInOMRequest(160)) - Set omRequestWriteLockStamp to 6784, omRequestWriteLockHolderTid to 435
2024-07-20 16:54:50,595 [omNode-1-OMStateMachineApplyTransactionThread - 0] DEBUG tenant.OMTenantCreateRequest (OMTenantCreateRequest.java:validateAndUpdateCache(304)) - volume: '/devaa' successfully created
2024-07-20 16:54:50,595 [omNode-1-OMStateMachineApplyTransactionThread - 0] DEBUG multitenant.AuthorizerLockImpl (AuthorizerLockImpl.java:unlockWriteInOMRequest(181)) - Restored omRequestWriteLockStamp to 0, omRequestWriteLockHolderTid to 0
2024-07-20 16:54:50,596 [omNode-1-OMStateMachineApplyTransactionThread - 0] DEBUG multitenant.AuthorizerLockImpl (AuthorizerLockImpl.java:unlockWrite(122)) - Releasing authorizer write lock from thread 604 with stamp 6784
2024-07-20 16:54:50,596 | INFO  | OMAudit | user=runner | ip=127.0.0.1 | op=CREATE_TENANT {admin=runner, owner=runner, volume=devaa, creationTime=1721494490587, modificationTime=1721494490587, quotaInBytes=-1, quotaInNamespace=-1, usedNamespace=0, objectID=-9223372036854760704, updateID=59, tenant=devaa} | ret=SUCCESS |  
2024-07-20 16:54:50,596 | INFO  | OMAudit | user=runner | ip=127.0.0.1 | op=CREATE_VOLUME {admin=runner, owner=runner, volume=devaa, creationTime=1721494490587, modificationTime=1721494490587, quotaInBytes=-1, quotaInNamespace=-1, usedNamespace=0, objectID=-9223372036854760704, updateID=59, tenant=devaa} | ret=SUCCESS |  
2024-07-20 16:54:50,596 [omNode-1-OMStateMachineApplyTransactionThread - 0] INFO  tenant.OMTenantCreateRequest (OMTenantCreateRequest.java:validateAndUpdateCache(387)) - Created tenant 'devaa' and volume 'devaa'
2024-07-20 16:54:50,598 [main] INFO  shell.TestOzoneTenantShell (TestOzoneTenantShell.java:execute(212)) - Executing shell command with args [user, assign, alice, --tenant=devaa, --om-service-id=om-service-test1]
2024-07-20 16:54:50,600 [omNode-2-OMStateMachineApplyTransactionThread - 0] DEBUG tenant.OMTenantCreateRequest (OMTenantCreateRequest.java:validateAndUpdateCache(304)) - volume: '/devaa' successfully created
2024-07-20 16:54:50,601 [omNode-2-OMStateMachineApplyTransactionThread - 0] DEBUG multitenant.AuthorizerLockImpl (AuthorizerLockImpl.java:unlockWriteInOMRequest(170)) - Authorizer write lock is not held in this lock instance. This OM might be follower, or leader changed. Ignored
2024-07-20 16:54:50,601 | INFO  | OMAudit | user=runner | ip=127.0.0.1 | op=CREATE_TENANT {admin=runner, owner=runner, volume=devaa, creationTime=1721494490587, modificationTime=1721494490587, quotaInBytes=-1, quotaInNamespace=-1, usedNamespace=0, objectID=-9223372036854760704, updateID=59, tenant=devaa} | ret=SUCCESS |  
2024-07-20 16:54:50,601 | INFO  | OMAudit | user=runner | ip=127.0.0.1 | op=CREATE_VOLUME {admin=runner, owner=runner, volume=devaa, creationTime=1721494490587, modificationTime=1721494490587, quotaInBytes=-1, quotaInNamespace=-1, usedNamespace=0, objectID=-9223372036854760704, updateID=59, tenant=devaa} | ret=SUCCESS |  
2024-07-20 16:54:50,601 [omNode-2-OMStateMachineApplyTransactionThread - 0] INFO  tenant.OMTenantCreateRequest (OMTenantCreateRequest.java:validateAndUpdateCache(387)) - Created tenant 'devaa' and volume 'devaa'
2024-07-20 16:54:50,604 [omNode-3-OMStateMachineApplyTransactionThread - 0] DEBUG tenant.OMTenantCreateRequest (OMTenantCreateRequest.java:validateAndUpdateCache(304)) - volume: '/devaa' successfully created
2024-07-20 16:54:50,604 [omNode-3-OMStateMachineApplyTransactionThread - 0] DEBUG multitenant.AuthorizerLockImpl (AuthorizerLockImpl.java:unlockWriteInOMRequest(170)) - Authorizer write lock is not held in this lock instance. This OM might be follower, or leader changed. Ignored
2024-07-20 16:54:50,604 | INFO  | OMAudit | user=runner | ip=127.0.0.1 | op=CREATE_TENANT {admin=runner, owner=runner, volume=devaa, creationTime=1721494490587, modificationTime=1721494490587, quotaInBytes=-1, quotaInNamespace=-1, usedNamespace=0, objectID=-9223372036854760704, updateID=59, tenant=devaa} | ret=SUCCESS |  
2024-07-20 16:54:50,604 | INFO  | OMAudit | user=runner | ip=127.0.0.1 | op=CREATE_VOLUME {admin=runner, owner=runner, volume=devaa, creationTime=1721494490587, modificationTime=1721494490587, quotaInBytes=-1, quotaInNamespace=-1, usedNamespace=0, objectID=-9223372036854760704, updateID=59, tenant=devaa} | ret=SUCCESS |  
2024-07-20 16:54:50,605 [omNode-3-OMStateMachineApplyTransactionThread - 0] INFO  tenant.OMTenantCreateRequest (OMTenantCreateRequest.java:validateAndUpdateCache(387)) - Created tenant 'devaa' and volume 'devaa'
2024-07-20 16:54:50,628 | INFO  | OMAudit | user=runner | ip=127.0.0.1 | op=GET_SERVICE_LIST {} | ret=SUCCESS |  
2024-07-20 16:54:50,635 [IPC Server handler 16 on default port 15004] DEBUG multitenant.AuthorizerLockImpl (AuthorizerLockImpl.java:tryWriteLock(109)) - Trying to acquire authorizer write lock from thread 437
2024-07-20 16:54:50,635 [IPC Server handler 16 on default port 15004] DEBUG multitenant.AuthorizerLockImpl (AuthorizerLockImpl.java:tryWriteLockThrowOnTimeout(142)) - Acquired authorizer write lock from thread 437 with stamp 7040
2024-07-20 16:54:50,635 [IPC Server handler 16 on default port 15004] DEBUG multitenant.AuthorizerLockImpl (AuthorizerLockImpl.java:tryWriteLockInOMRequest(160)) - Set omRequestWriteLockStamp to 7040, omRequestWriteLockHolderTid to 437
2024-07-20 16:54:50,642 [omNode-1-OMStateMachineApplyTransactionThread - 0] INFO  om.S3SecretManager (S3SecretManager.java:updateCache(105)) - Updating cache for accessId/user: devaa$alice.
2024-07-20 16:54:50,642 [omNode-1-OMStateMachineApplyTransactionThread - 0] INFO  om.OMMultiTenantManagerImpl (OMMultiTenantManagerImpl.java:assignUserToTenant(626)) - Adding to cache: user 'alice' accessId 'devaa$alice' in tenant 'devaa'
2024-07-20 16:54:50,643 [omNode-1-OMStateMachineApplyTransactionThread - 0] DEBUG multitenant.AuthorizerLockImpl (AuthorizerLockImpl.java:unlockWriteInOMRequest(181)) - Restored omRequestWriteLockStamp to 0, omRequestWriteLockHolderTid to 0
2024-07-20 16:54:50,643 [omNode-1-OMStateMachineApplyTransactionThread - 0] DEBUG multitenant.AuthorizerLockImpl (AuthorizerLockImpl.java:unlockWrite(122)) - Releasing authorizer write lock from thread 604 with stamp 7040
2024-07-20 16:54:50,643 | INFO  | OMAudit | user=runner | ip=127.0.0.1 | op=TENANT_ASSIGN_USER_ACCESSID {accessId=devaa$alice, user=alice, tenant=devaa} | ret=SUCCESS |  
2024-07-20 16:54:50,643 [omNode-1-OMStateMachineApplyTransactionThread - 0] INFO  tenant.OMTenantAssignUserAccessIdRequest (OMTenantAssignUserAccessIdRequest.java:validateAndUpdateCache(358)) - Assigned user 'alice' to tenant 'devaa' with accessId 'devaa$alice'
2024-07-20 16:54:50,648 [main] INFO  shell.TestOzoneTenantShell (TestOzoneTenantShell.java:execute(212)) - Executing shell command with args [--verbose, user, assign-admin, devaa$alice, --tenant=devaa, --delegated=true, --om-service-id=om-service-test1]
2024-07-20 16:54:50,650 [omNode-3-OMStateMachineApplyTransactionThread - 0] INFO  om.S3SecretManager (S3SecretManager.java:updateCache(105)) - Updating cache for accessId/user: devaa$alice.
2024-07-20 16:54:50,650 [omNode-3-OMStateMachineApplyTransactionThread - 0] INFO  om.OMMultiTenantManagerImpl (OMMultiTenantManagerImpl.java:assignUserToTenant(626)) - Adding to cache: user 'alice' accessId 'devaa$alice' in tenant 'devaa'
2024-07-20 16:54:50,650 [omNode-3-OMStateMachineApplyTransactionThread - 0] DEBUG multitenant.AuthorizerLockImpl (AuthorizerLockImpl.java:unlockWriteInOMRequest(170)) - Authorizer write lock is not held in this lock instance. This OM might be follower, or leader changed. Ignored
2024-07-20 16:54:50,650 | INFO  | OMAudit | user=runner | ip=127.0.0.1 | op=TENANT_ASSIGN_USER_ACCESSID {accessId=devaa$alice, user=alice, tenant=devaa} | ret=SUCCESS |  
2024-07-20 16:54:50,651 [omNode-3-OMStateMachineApplyTransactionThread - 0] INFO  tenant.OMTenantAssignUserAccessIdRequest (OMTenantAssignUserAccessIdRequest.java:validateAndUpdateCache(358)) - Assigned user 'alice' to tenant 'devaa' with accessId 'devaa$alice'
2024-07-20 16:54:50,654 [omNode-2-OMStateMachineApplyTransactionThread - 0] INFO  om.S3SecretManager (S3SecretManager.java:updateCache(105)) - Updating cache for accessId/user: devaa$alice.
2024-07-20 16:54:50,654 [omNode-2-OMStateMachineApplyTransactionThread - 0] INFO  om.OMMultiTenantManagerImpl (OMMultiTenantManagerImpl.java:assignUserToTenant(626)) - Adding to cache: user 'alice' accessId 'devaa$alice' in tenant 'devaa'
2024-07-20 16:54:50,654 [omNode-2-OMStateMachineApplyTransactionThread - 0] DEBUG multitenant.AuthorizerLockImpl (AuthorizerLockImpl.java:unlockWriteInOMRequest(170)) - Authorizer write lock is not held in this lock instance. This OM might be follower, or leader changed. Ignored
2024-07-20 16:54:50,654 | INFO  | OMAudit | user=runner | ip=127.0.0.1 | op=TENANT_ASSIGN_USER_ACCESSID {accessId=devaa$alice, user=alice, tenant=devaa} | ret=SUCCESS |  
2024-07-20 16:54:50,654 [omNode-2-OMStateMachineApplyTransactionThread - 0] INFO  tenant.OMTenantAssignUserAccessIdRequest (OMTenantAssignUserAccessIdRequest.java:validateAndUpdateCache(358)) - Assigned user 'alice' to tenant 'devaa' with accessId 'devaa$alice'
2024-07-20 16:54:50,676 | INFO  | OMAudit | user=runner | ip=127.0.0.1 | op=GET_SERVICE_LIST {} | ret=SUCCESS |  
2024-07-20 16:54:50,683 [IPC Server handler 8 on default port 15004] DEBUG multitenant.AuthorizerLockImpl (AuthorizerLockImpl.java:tryWriteLock(109)) - Trying to acquire authorizer write lock from thread 429
2024-07-20 16:54:50,683 [IPC Server handler 8 on default port 15004] DEBUG multitenant.AuthorizerLockImpl (AuthorizerLockImpl.java:tryWriteLockThrowOnTimeout(142)) - Acquired authorizer write lock from thread 429 with stamp 7296
2024-07-20 16:54:50,684 [IPC Server handler 8 on default port 15004] DEBUG multitenant.AuthorizerLockImpl (AuthorizerLockImpl.java:tryWriteLockInOMRequest(160)) - Set omRequestWriteLockStamp to 7296, omRequestWriteLockHolderTid to 429
2024-07-20 16:54:50,692 [omNode-1-OMStateMachineApplyTransactionThread - 0] INFO  om.OMMultiTenantManagerImpl (OMMultiTenantManagerImpl.java:assignTenantAdmin(667)) - Updating cache: accessId 'devaa$alice' isAdmin 'true' isDelegated 'true'
2024-07-20 16:54:50,692 [omNode-1-OMStateMachineApplyTransactionThread - 0] DEBUG multitenant.AuthorizerLockImpl (AuthorizerLockImpl.java:unlockWriteInOMRequest(181)) - Restored omRequestWriteLockStamp to 0, omRequestWriteLockHolderTid to 0
2024-07-20 16:54:50,692 [omNode-1-OMStateMachineApplyTransactionThread - 0] DEBUG multitenant.AuthorizerLockImpl (AuthorizerLockImpl.java:unlockWrite(122)) - Releasing authorizer write lock from thread 604 with stamp 7296
2024-07-20 16:54:50,692 | INFO  | OMAudit | user=runner | ip=127.0.0.1 | op=TENANT_ASSIGN_ADMIN {tenant=devaa} | ret=SUCCESS |  
2024-07-20 16:54:50,693 [omNode-1-OMStateMachineApplyTransactionThread - 0] INFO  tenant.OMTenantAssignAdminRequest (OMTenantAssignAdminRequest.java:validateAndUpdateCache(245)) - Assigned admin to accessId 'devaa$alice' in tenant 'devaa', delegated: true
2024-07-20 16:54:50,693 [omNode-2-OMStateMachineApplyTransactionThread - 0] INFO  om.OMMultiTenantManagerImpl (OMMultiTenantManagerImpl.java:assignTenantAdmin(667)) - Updating cache: accessId 'devaa$alice' isAdmin 'true' isDelegated 'true'
2024-07-20 16:54:50,693 [omNode-2-OMStateMachineApplyTransactionThread - 0] DEBUG multitenant.AuthorizerLockImpl (AuthorizerLockImpl.java:unlockWriteInOMRequest(170)) - Authorizer write lock is not held in this lock instance. This OM might be follower, or leader changed. Ignored
2024-07-20 16:54:50,694 | INFO  | OMAudit | user=runner | ip=127.0.0.1 | op=TENANT_ASSIGN_ADMIN {tenant=devaa} | ret=SUCCESS |  
2024-07-20 16:54:50,694 [omNode-2-OMStateMachineApplyTransactionThread - 0] INFO  tenant.OMTenantAssignAdminRequest (OMTenantAssignAdminRequest.java:validateAndUpdateCache(245)) - Assigned admin to accessId 'devaa$alice' in tenant 'devaa', delegated: true
2024-07-20 16:54:50,697 [main] INFO  shell.TestOzoneTenantShell (TestOzoneTenantShell.java:execute(212)) - Executing shell command with args [--verbose, user, revoke-admin, devaa$alice, --tenant=devaa, --om-service-id=om-service-test1]
2024-07-20 16:54:50,698 [omNode-3-OMStateMachineApplyTransactionThread - 0] INFO  om.OMMultiTenantManagerImpl (OMMultiTenantManagerImpl.java:assignTenantAdmin(667)) - Updating cache: accessId 'devaa$alice' isAdmin 'true' isDelegated 'true'
2024-07-20 16:54:50,698 [omNode-3-OMStateMachineApplyTransactionThread - 0] DEBUG multitenant.AuthorizerLockImpl (AuthorizerLockImpl.java:unlockWriteInOMRequest(170)) - Authorizer write lock is not held in this lock instance. This OM might be follower, or leader changed. Ignored
2024-07-20 16:54:50,698 | INFO  | OMAudit | user=runner | ip=127.0.0.1 | op=TENANT_ASSIGN_ADMIN {tenant=devaa} | ret=SUCCESS |  
2024-07-20 16:54:50,698 [omNode-3-OMStateMachineApplyTransactionThread - 0] INFO  tenant.OMTenantAssignAdminRequest (OMTenantAssignAdminRequest.java:validateAndUpdateCache(245)) - Assigned admin to accessId 'devaa$alice' in tenant 'devaa', delegated: true
2024-07-20 16:54:50,722 | INFO  | OMAudit | user=runner | ip=127.0.0.1 | op=GET_SERVICE_LIST {} | ret=SUCCESS |  
2024-07-20 16:54:50,727 [IPC Server handler 12 on default port 15004] DEBUG multitenant.AuthorizerLockImpl (AuthorizerLockImpl.java:tryWriteLock(109)) - Trying to acquire authorizer write lock from thread 433
2024-07-20 16:54:50,727 [IPC Server handler 12 on default port 15004] DEBUG multitenant.AuthorizerLockImpl (AuthorizerLockImpl.java:tryWriteLockThrowOnTimeout(142)) - Acquired authorizer write lock from thread 433 with stamp 7552
2024-07-20 16:54:50,727 [IPC Server handler 12 on default port 15004] DEBUG multitenant.AuthorizerLockImpl (AuthorizerLockImpl.java:tryWriteLockInOMRequest(160)) - Set omRequestWriteLockStamp to 7552, omRequestWriteLockHolderTid to 433
2024-07-20 16:54:50,733 [omNode-1-OMStateMachineApplyTransactionThread - 0] INFO  om.OMMultiTenantManagerImpl (OMMultiTenantManagerImpl.java:revokeTenantAdmin(686)) - Updating cache: accessId 'devaa$alice' isAdmin 'false' isDelegated 'false'
2024-07-20 16:54:50,733 [omNode-1-OMStateMachineApplyTransactionThread - 0] DEBUG multitenant.AuthorizerLockImpl (AuthorizerLockImpl.java:unlockWriteInOMRequest(181)) - Restored omRequestWriteLockStamp to 0, omRequestWriteLockHolderTid to 0
2024-07-20 16:54:50,733 [omNode-1-OMStateMachineApplyTransactionThread - 0] DEBUG multitenant.AuthorizerLockImpl (AuthorizerLockImpl.java:unlockWrite(122)) - Releasing authorizer write lock from thread 604 with stamp 7552
2024-07-20 16:54:50,733 | INFO  | OMAudit | user=runner | ip=127.0.0.1 | op=TENANT_REVOKE_ADMIN {tenant=devaa} | ret=SUCCESS |  
2024-07-20 16:54:50,734 [omNode-1-OMStateMachineApplyTransactionThread - 0] INFO  tenant.OMTenantRevokeAdminRequest (OMTenantRevokeAdminRequest.java:validateAndUpdateCache(235)) - Revoked admin of accessId 'devaa$alice' from tenant 'devaa'
2024-07-20 16:54:50,737 [main] INFO  shell.TestOzoneTenantShell (TestOzoneTenantShell.java:execute(212)) - Executing shell command with args [user, revoke, devaa$alice, --om-service-id=om-service-test1]
2024-07-20 16:54:50,739 [omNode-2-OMStateMachineApplyTransactionThread - 0] INFO  om.OMMultiTenantManagerImpl (OMMultiTenantManagerImpl.java:revokeTenantAdmin(686)) - Updating cache: accessId 'devaa$alice' isAdmin 'false' isDelegated 'false'
2024-07-20 16:54:50,739 [omNode-2-OMStateMachineApplyTransactionThread - 0] DEBUG multitenant.AuthorizerLockImpl (AuthorizerLockImpl.java:unlockWriteInOMRequest(170)) - Authorizer write lock is not held in this lock instance. This OM might be follower, or leader changed. Ignored
2024-07-20 16:54:50,739 | INFO  | OMAudit | user=runner | ip=127.0.0.1 | op=TENANT_REVOKE_ADMIN {tenant=devaa} | ret=SUCCESS |  
2024-07-20 16:54:50,739 [omNode-2-OMStateMachineApplyTransactionThread - 0] INFO  tenant.OMTenantRevokeAdminRequest (OMTenantRevokeAdminRequest.java:validateAndUpdateCache(235)) - Revoked admin of accessId 'devaa$alice' from tenant 'devaa'
2024-07-20 16:54:50,741 [omNode-3-OMStateMachineApplyTransactionThread - 0] INFO  om.OMMultiTenantManagerImpl (OMMultiTenantManagerImpl.java:revokeTenantAdmin(686)) - Updating cache: accessId 'devaa$alice' isAdmin 'false' isDelegated 'false'
2024-07-20 16:54:50,742 [omNode-3-OMStateMachineApplyTransactionThread - 0] DEBUG multitenant.AuthorizerLockImpl (AuthorizerLockImpl.java:unlockWriteInOMRequest(170)) - Authorizer write lock is not held in this lock instance. This OM might be follower, or leader changed. Ignored
2024-07-20 16:54:50,742 | INFO  | OMAudit | user=runner | ip=127.0.0.1 | op=TENANT_REVOKE_ADMIN {tenant=devaa} | ret=SUCCESS |  
2024-07-20 16:54:50,742 [omNode-3-OMStateMachineApplyTransactionThread - 0] INFO  tenant.OMTenantRevokeAdminRequest (OMTenantRevokeAdminRequest.java:validateAndUpdateCache(235)) - Revoked admin of accessId 'devaa$alice' from tenant 'devaa'
2024-07-20 16:54:50,761 | INFO  | OMAudit | user=runner | ip=127.0.0.1 | op=GET_SERVICE_LIST {} | ret=SUCCESS |  
2024-07-20 16:54:50,765 [IPC Server handler 15 on default port 15004] DEBUG multitenant.AuthorizerLockImpl (AuthorizerLockImpl.java:tryWriteLock(109)) - Trying to acquire authorizer write lock from thread 436
2024-07-20 16:54:50,765 [IPC Server handler 15 on default port 15004] DEBUG multitenant.AuthorizerLockImpl (AuthorizerLockImpl.java:tryWriteLockThrowOnTimeout(142)) - Acquired authorizer write lock from thread 436 with stamp 7808
2024-07-20 16:54:50,765 [IPC Server handler 15 on default port 15004] DEBUG multitenant.AuthorizerLockImpl (AuthorizerLockImpl.java:tryWriteLockInOMRequest(160)) - Set omRequestWriteLockStamp to 7808, omRequestWriteLockHolderTid to 436
2024-07-20 16:54:50,772 [omNode-1-OMStateMachineApplyTransactionThread - 0] INFO  om.OMMultiTenantManagerImpl (OMMultiTenantManagerImpl.java:revokeUserAccessId(640)) - Removing from cache: accessId 'devaa$alice' in tenant 'devaa'
2024-07-20 16:54:50,772 [omNode-1-OMStateMachineApplyTransactionThread - 0] DEBUG multitenant.AuthorizerLockImpl (AuthorizerLockImpl.java:unlockWriteInOMRequest(181)) - Restored omRequestWriteLockStamp to 0, omRequestWriteLockHolderTid to 0
2024-07-20 16:54:50,772 [omNode-1-OMStateMachineApplyTransactionThread - 0] DEBUG multitenant.AuthorizerLockImpl (AuthorizerLockImpl.java:unlockWrite(122)) - Releasing authorizer write lock from thread 604 with stamp 7808
2024-07-20 16:54:50,772 | INFO  | OMAudit | user=runner | ip=127.0.0.1 | op=TENANT_REVOKE_USER_ACCESSID {accessId=devaa$alice, userPrincipal=alice, tenant=devaa} | ret=SUCCESS |  
2024-07-20 16:54:50,772 [omNode-1-OMStateMachineApplyTransactionThread - 0] INFO  tenant.OMTenantRevokeUserAccessIdRequest (OMTenantRevokeUserAccessIdRequest.java:validateAndUpdateCache(255)) - Revoked user 'alice' accessId 'devaa$alice' to tenant 'devaa'
2024-07-20 16:54:50,777 [main] INFO  shell.TestOzoneTenantShell (TestOzoneTenantShell.java:execute(212)) - Executing shell command with args [user, assign, alice, --tenant=devaa, --om-service-id=om-service-test1]
2024-07-20 16:54:50,778 [omNode-3-OMStateMachineApplyTransactionThread - 0] INFO  om.OMMultiTenantManagerImpl (OMMultiTenantManagerImpl.java:revokeUserAccessId(640)) - Removing from cache: accessId 'devaa$alice' in tenant 'devaa'
2024-07-20 16:54:50,778 [omNode-3-OMStateMachineApplyTransactionThread - 0] DEBUG multitenant.AuthorizerLockImpl (AuthorizerLockImpl.java:unlockWriteInOMRequest(170)) - Authorizer write lock is not held in this lock instance. This OM might be follower, or leader changed. Ignored
2024-07-20 16:54:50,779 | INFO  | OMAudit | user=runner | ip=127.0.0.1 | op=TENANT_REVOKE_USER_ACCESSID {accessId=devaa$alice, userPrincipal=alice, tenant=devaa} | ret=SUCCESS |  
2024-07-20 16:54:50,779 [omNode-3-OMStateMachineApplyTransactionThread - 0] INFO  tenant.OMTenantRevokeUserAccessIdRequest (OMTenantRevokeUserAccessIdRequest.java:validateAndUpdateCache(255)) - Revoked user 'alice' accessId 'devaa$alice' to tenant 'devaa'
2024-07-20 16:54:50,781 [omNode-2-OMStateMachineApplyTransactionThread - 0] INFO  om.OMMultiTenantManagerImpl (OMMultiTenantManagerImpl.java:revokeUserAccessId(640)) - Removing from cache: accessId 'devaa$alice' in tenant 'devaa'
2024-07-20 16:54:50,781 [omNode-2-OMStateMachineApplyTransactionThread - 0] DEBUG multitenant.AuthorizerLockImpl (AuthorizerLockImpl.java:unlockWriteInOMRequest(170)) - Authorizer write lock is not held in this lock instance. This OM might be follower, or leader changed. Ignored
2024-07-20 16:54:50,781 | INFO  | OMAudit | user=runner | ip=127.0.0.1 | op=TENANT_REVOKE_USER_ACCESSID {accessId=devaa$alice, userPrincipal=alice, tenant=devaa} | ret=SUCCESS |  
2024-07-20 16:54:50,782 [omNode-2-OMStateMachineApplyTransactionThread - 0] INFO  tenant.OMTenantRevokeUserAccessIdRequest (OMTenantRevokeUserAccessIdRequest.java:validateAndUpdateCache(255)) - Revoked user 'alice' accessId 'devaa$alice' to tenant 'devaa'
2024-07-20 16:54:50,803 | INFO  | OMAudit | user=runner | ip=127.0.0.1 | op=GET_SERVICE_LIST {} | ret=SUCCESS |  
2024-07-20 16:54:50,807 [IPC Server handler 19 on default port 15004] DEBUG multitenant.AuthorizerLockImpl (AuthorizerLockImpl.java:tryWriteLock(109)) - Trying to acquire authorizer write lock from thread 440
2024-07-20 16:54:50,807 [IPC Server handler 19 on default port 15004] DEBUG multitenant.AuthorizerLockImpl (AuthorizerLockImpl.java:tryWriteLockThrowOnTimeout(142)) - Acquired authorizer write lock from thread 440 with stamp 8064
2024-07-20 16:54:50,807 [IPC Server handler 19 on default port 15004] DEBUG multitenant.AuthorizerLockImpl (AuthorizerLockImpl.java:tryWriteLockInOMRequest(160)) - Set omRequestWriteLockStamp to 8064, omRequestWriteLockHolderTid to 440
2024-07-20 16:54:50,815 [omNode-1-OMStateMachineApplyTransactionThread - 0] INFO  om.S3SecretManager (S3SecretManager.java:updateCache(105)) - Updating cache for accessId/user: devaa$alice.
2024-07-20 16:54:50,815 [omNode-1-OMStateMachineApplyTransactionThread - 0] INFO  om.OMMultiTenantManagerImpl (OMMultiTenantManagerImpl.java:assignUserToTenant(626)) - Adding to cache: user 'alice' accessId 'devaa$alice' in tenant 'devaa'
2024-07-20 16:54:50,815 [omNode-1-OMStateMachineApplyTransactionThread - 0] DEBUG multitenant.AuthorizerLockImpl (AuthorizerLockImpl.java:unlockWriteInOMRequest(181)) - Restored omRequestWriteLockStamp to 0, omRequestWriteLockHolderTid to 0
2024-07-20 16:54:50,815 [omNode-1-OMStateMachineApplyTransactionThread - 0] DEBUG multitenant.AuthorizerLockImpl (AuthorizerLockImpl.java:unlockWrite(122)) - Releasing authorizer write lock from thread 604 with stamp 8064
2024-07-20 16:54:50,815 | INFO  | OMAudit | user=runner | ip=127.0.0.1 | op=TENANT_ASSIGN_USER_ACCESSID {accessId=devaa$alice, user=alice, tenant=devaa} | ret=SUCCESS |  
2024-07-20 16:54:50,815 [omNode-1-OMStateMachineApplyTransactionThread - 0] INFO  tenant.OMTenantAssignUserAccessIdRequest (OMTenantAssignUserAccessIdRequest.java:validateAndUpdateCache(358)) - Assigned user 'alice' to tenant 'devaa' with accessId 'devaa$alice'
2024-07-20 16:54:50,818 [main] INFO  shell.TestOzoneTenantShell (TestOzoneTenantShell.java:execute(212)) - Executing shell command with args [--verbose, user, assign-admin, devaa$alice, --tenant=devaa, --delegated=true, --om-service-id=om-service-test1]
2024-07-20 16:54:50,822 [omNode-3-OMStateMachineApplyTransactionThread - 0] INFO  om.S3SecretManager (S3SecretManager.java:updateCache(105)) - Updating cache for accessId/user: devaa$alice.
2024-07-20 16:54:50,822 [omNode-3-OMStateMachineApplyTransactionThread - 0] INFO  om.OMMultiTenantManagerImpl (OMMultiTenantManagerImpl.java:assignUserToTenant(626)) - Adding to cache: user 'alice' accessId 'devaa$alice' in tenant 'devaa'
2024-07-20 16:54:50,822 [omNode-3-OMStateMachineApplyTransactionThread - 0] DEBUG multitenant.AuthorizerLockImpl (AuthorizerLockImpl.java:unlockWriteInOMRequest(170)) - Authorizer write lock is not held in this lock instance. This OM might be follower, or leader changed. Ignored
2024-07-20 16:54:50,822 | INFO  | OMAudit | user=runner | ip=127.0.0.1 | op=TENANT_ASSIGN_USER_ACCESSID {accessId=devaa$alice, user=alice, tenant=devaa} | ret=SUCCESS |  
2024-07-20 16:54:50,822 [omNode-3-OMStateMachineApplyTransactionThread - 0] INFO  tenant.OMTenantAssignUserAccessIdRequest (OMTenantAssignUserAccessIdRequest.java:validateAndUpdateCache(358)) - Assigned user 'alice' to tenant 'devaa' with accessId 'devaa$alice'
2024-07-20 16:54:50,825 [omNode-2-OMStateMachineApplyTransactionThread - 0] INFO  om.S3SecretManager (S3SecretManager.java:updateCache(105)) - Updating cache for accessId/user: devaa$alice.
2024-07-20 16:54:50,825 [omNode-2-OMStateMachineApplyTransactionThread - 0] INFO  om.OMMultiTenantManagerImpl (OMMultiTenantManagerImpl.java:assignUserToTenant(626)) - Adding to cache: user 'alice' accessId 'devaa$alice' in tenant 'devaa'
2024-07-20 16:54:50,825 [omNode-2-OMStateMachineApplyTransactionThread - 0] DEBUG multitenant.AuthorizerLockImpl (AuthorizerLockImpl.java:unlockWriteInOMRequest(170)) - Authorizer write lock is not held in this lock instance. This OM might be follower, or leader changed. Ignored
2024-07-20 16:54:50,825 | INFO  | OMAudit | user=runner | ip=127.0.0.1 | op=TENANT_ASSIGN_USER_ACCESSID {accessId=devaa$alice, user=alice, tenant=devaa} | ret=SUCCESS |  
2024-07-20 16:54:50,826 [omNode-2-OMStateMachineApplyTransactionThread - 0] INFO  tenant.OMTenantAssignUserAccessIdRequest (OMTenantAssignUserAccessIdRequest.java:validateAndUpdateCache(358)) - Assigned user 'alice' to tenant 'devaa' with accessId 'devaa$alice'
2024-07-20 16:54:50,848 | INFO  | OMAudit | user=runner | ip=127.0.0.1 | op=GET_SERVICE_LIST {} | ret=SUCCESS |  
2024-07-20 16:54:50,852 [IPC Server handler 1 on default port 15004] DEBUG multitenant.AuthorizerLockImpl (AuthorizerLockImpl.java:tryWriteLock(109)) - Trying to acquire authorizer write lock from thread 422
2024-07-20 16:54:50,852 [IPC Server handler 1 on default port 15004] DEBUG multitenant.AuthorizerLockImpl (AuthorizerLockImpl.java:tryWriteLockThrowOnTimeout(142)) - Acquired authorizer write lock from thread 422 with stamp 8320
2024-07-20 16:54:50,852 [IPC Server handler 1 on default port 15004] DEBUG multitenant.AuthorizerLockImpl (AuthorizerLockImpl.java:tryWriteLockInOMRequest(160)) - Set omRequestWriteLockStamp to 8320, omRequestWriteLockHolderTid to 422
2024-07-20 16:54:50,858 [omNode-1-OMStateMachineApplyTransactionThread - 0] INFO  om.OMMultiTenantManagerImpl (OMMultiTenantManagerImpl.java:assignTenantAdmin(667)) - Updating cache: accessId 'devaa$alice' isAdmin 'true' isDelegated 'true'
2024-07-20 16:54:50,859 [omNode-1-OMStateMachineApplyTransactionThread - 0] DEBUG multitenant.AuthorizerLockImpl (AuthorizerLockImpl.java:unlockWriteInOMRequest(181)) - Restored omRequestWriteLockStamp to 0, omRequestWriteLockHolderTid to 0
2024-07-20 16:54:50,859 [omNode-1-OMStateMachineApplyTransactionThread - 0] DEBUG multitenant.AuthorizerLockImpl (AuthorizerLockImpl.java:unlockWrite(122)) - Releasing authorizer write lock from thread 604 with stamp 8320
2024-07-20 16:54:50,859 | INFO  | OMAudit | user=runner | ip=127.0.0.1 | op=TENANT_ASSIGN_ADMIN {tenant=devaa} | ret=SUCCESS |  
2024-07-20 16:54:50,859 [omNode-1-OMStateMachineApplyTransactionThread - 0] INFO  tenant.OMTenantAssignAdminRequest (OMTenantAssignAdminRequest.java:validateAndUpdateCache(245)) - Assigned admin to accessId 'devaa$alice' in tenant 'devaa', delegated: true
2024-07-20 16:54:50,861 [main] INFO  shell.TestOzoneTenantShell (TestOzoneTenantShell.java:execute(212)) - Executing shell command with args [--verbose, user, revoke-admin, devaa$alice, --tenant=devaa, --om-service-id=om-service-test1]
2024-07-20 16:54:50,866 [omNode-3-OMStateMachineApplyTransactionThread - 0] INFO  om.OMMultiTenantManagerImpl (OMMultiTenantManagerImpl.java:assignTenantAdmin(667)) - Updating cache: accessId 'devaa$alice' isAdmin 'true' isDelegated 'true'
2024-07-20 16:54:50,867 [omNode-3-OMStateMachineApplyTransactionThread - 0] DEBUG multitenant.AuthorizerLockImpl (AuthorizerLockImpl.java:unlockWriteInOMRequest(170)) - Authorizer write lock is not held in this lock instance. This OM might be follower, or leader changed. Ignored
2024-07-20 16:54:50,867 | INFO  | OMAudit | user=runner | ip=127.0.0.1 | op=TENANT_ASSIGN_ADMIN {tenant=devaa} | ret=SUCCESS |  
2024-07-20 16:54:50,867 [omNode-3-OMStateMachineApplyTransactionThread - 0] INFO  tenant.OMTenantAssignAdminRequest (OMTenantAssignAdminRequest.java:validateAndUpdateCache(245)) - Assigned admin to accessId 'devaa$alice' in tenant 'devaa', delegated: true
2024-07-20 16:54:50,867 [omNode-2-OMStateMachineApplyTransactionThread - 0] INFO  om.OMMultiTenantManagerImpl (OMMultiTenantManagerImpl.java:assignTenantAdmin(667)) - Updating cache: accessId 'devaa$alice' isAdmin 'true' isDelegated 'true'
2024-07-20 16:54:50,867 [omNode-2-OMStateMachineApplyTransactionThread - 0] DEBUG multitenant.AuthorizerLockImpl (AuthorizerLockImpl.java:unlockWriteInOMRequest(170)) - Authorizer write lock is not held in this lock instance. This OM might be follower, or leader changed. Ignored
2024-07-20 16:54:50,867 | INFO  | OMAudit | user=runner | ip=127.0.0.1 | op=TENANT_ASSIGN_ADMIN {tenant=devaa} | ret=SUCCESS |  
2024-07-20 16:54:50,868 [omNode-2-OMStateMachineApplyTransactionThread - 0] INFO  tenant.OMTenantAssignAdminRequest (OMTenantAssignAdminRequest.java:validateAndUpdateCache(245)) - Assigned admin to accessId 'devaa$alice' in tenant 'devaa', delegated: true
2024-07-20 16:54:50,884 | INFO  | OMAudit | user=runner | ip=127.0.0.1 | op=GET_SERVICE_LIST {} | ret=SUCCESS |  
2024-07-20 16:54:50,888 [IPC Server handler 3 on default port 15004] DEBUG multitenant.AuthorizerLockImpl (AuthorizerLockImpl.java:tryWriteLock(109)) - Trying to acquire authorizer write lock from thread 424
2024-07-20 16:54:50,888 [IPC Server handler 3 on default port 15004] DEBUG multitenant.AuthorizerLockImpl (AuthorizerLockImpl.java:tryWriteLockThrowOnTimeout(142)) - Acquired authorizer write lock from thread 424 with stamp 8576
2024-07-20 16:54:50,888 [IPC Server handler 3 on default port 15004] DEBUG multitenant.AuthorizerLockImpl (AuthorizerLockImpl.java:tryWriteLockInOMRequest(160)) - Set omRequestWriteLockStamp to 8576, omRequestWriteLockHolderTid to 424
2024-07-20 16:54:50,895 [omNode-1-OMStateMachineApplyTransactionThread - 0] INFO  om.OMMultiTenantManagerImpl (OMMultiTenantManagerImpl.java:revokeTenantAdmin(686)) - Updating cache: accessId 'devaa$alice' isAdmin 'false' isDelegated 'false'
2024-07-20 16:54:50,895 [omNode-1-OMStateMachineApplyTransactionThread - 0] DEBUG multitenant.AuthorizerLockImpl (AuthorizerLockImpl.java:unlockWriteInOMRequest(181)) - Restored omRequestWriteLockStamp to 0, omRequestWriteLockHolderTid to 0
2024-07-20 16:54:50,895 [omNode-1-OMStateMachineApplyTransactionThread - 0] DEBUG multitenant.AuthorizerLockImpl (AuthorizerLockImpl.java:unlockWrite(122)) - Releasing authorizer write lock from thread 604 with stamp 8576
2024-07-20 16:54:50,895 | INFO  | OMAudit | user=runner | ip=127.0.0.1 | op=TENANT_REVOKE_ADMIN {tenant=devaa} | ret=SUCCESS |  
2024-07-20 16:54:50,895 [omNode-1-OMStateMachineApplyTransactionThread - 0] INFO  tenant.OMTenantRevokeAdminRequest (OMTenantRevokeAdminRequest.java:validateAndUpdateCache(235)) - Revoked admin of accessId 'devaa$alice' from tenant 'devaa'
2024-07-20 16:54:50,898 [main] INFO  shell.TestOzoneTenantShell (TestOzoneTenantShell.java:execute(212)) - Executing shell command with args [user, revoke, devaa$alice, --om-service-id=om-service-test1]
2024-07-20 16:54:50,899 [omNode-3-OMStateMachineApplyTransactionThread - 0] INFO  om.OMMultiTenantManagerImpl (OMMultiTenantManagerImpl.java:revokeTenantAdmin(686)) - Updating cache: accessId 'devaa$alice' isAdmin 'false' isDelegated 'false'
2024-07-20 16:54:50,899 [omNode-3-OMStateMachineApplyTransactionThread - 0] DEBUG multitenant.AuthorizerLockImpl (AuthorizerLockImpl.java:unlockWriteInOMRequest(170)) - Authorizer write lock is not held in this lock instance. This OM might be follower, or leader changed. Ignored
2024-07-20 16:54:50,899 | INFO  | OMAudit | user=runner | ip=127.0.0.1 | op=TENANT_REVOKE_ADMIN {tenant=devaa} | ret=SUCCESS |  
2024-07-20 16:54:50,900 [omNode-2-OMStateMachineApplyTransactionThread - 0] INFO  om.OMMultiTenantManagerImpl (OMMultiTenantManagerImpl.java:revokeTenantAdmin(686)) - Updating cache: accessId 'devaa$alice' isAdmin 'false' isDelegated 'false'
2024-07-20 16:54:50,900 [omNode-2-OMStateMachineApplyTransactionThread - 0] DEBUG multitenant.AuthorizerLockImpl (AuthorizerLockImpl.java:unlockWriteInOMRequest(170)) - Authorizer write lock is not held in this lock instance. This OM might be follower, or leader changed. Ignored
2024-07-20 16:54:50,900 | INFO  | OMAudit | user=runner | ip=127.0.0.1 | op=TENANT_REVOKE_ADMIN {tenant=devaa} | ret=SUCCESS |  
2024-07-20 16:54:50,900 [omNode-2-OMStateMachineApplyTransactionThread - 0] INFO  tenant.OMTenantRevokeAdminRequest (OMTenantRevokeAdminRequest.java:validateAndUpdateCache(235)) - Revoked admin of accessId 'devaa$alice' from tenant 'devaa'
2024-07-20 16:54:50,900 [omNode-3-OMStateMachineApplyTransactionThread - 0] INFO  tenant.OMTenantRevokeAdminRequest (OMTenantRevokeAdminRequest.java:validateAndUpdateCache(235)) - Revoked admin of accessId 'devaa$alice' from tenant 'devaa'
2024-07-20 16:54:50,924 | INFO  | OMAudit | user=runner | ip=127.0.0.1 | op=GET_SERVICE_LIST {} | ret=SUCCESS |  
2024-07-20 16:54:50,930 [IPC Server handler 4 on default port 15004] DEBUG multitenant.AuthorizerLockImpl (AuthorizerLockImpl.java:tryWriteLock(109)) - Trying to acquire authorizer write lock from thread 425
2024-07-20 16:54:50,930 [IPC Server handler 4 on default port 15004] DEBUG multitenant.AuthorizerLockImpl (AuthorizerLockImpl.java:tryWriteLockThrowOnTimeout(142)) - Acquired authorizer write lock from thread 425 with stamp 8832
2024-07-20 16:54:50,930 [IPC Server handler 4 on default port 15004] DEBUG multitenant.AuthorizerLockImpl (AuthorizerLockImpl.java:tryWriteLockInOMRequest(160)) - Set omRequestWriteLockStamp to 8832, omRequestWriteLockHolderTid to 425
2024-07-20 16:54:50,938 [omNode-1-OMStateMachineApplyTransactionThread - 0] INFO  om.OMMultiTenantManagerImpl (OMMultiTenantManagerImpl.java:revokeUserAccessId(640)) - Removing from cache: accessId 'devaa$alice' in tenant 'devaa'
2024-07-20 16:54:50,939 [omNode-1-OMStateMachineApplyTransactionThread - 0] DEBUG multitenant.AuthorizerLockImpl (AuthorizerLockImpl.java:unlockWriteInOMRequest(181)) - Restored omRequestWriteLockStamp to 0, omRequestWriteLockHolderTid to 0
2024-07-20 16:54:50,939 [omNode-1-OMStateMachineApplyTransactionThread - 0] DEBUG multitenant.AuthorizerLockImpl (AuthorizerLockImpl.java:unlockWrite(122)) - Releasing authorizer write lock from thread 604 with stamp 8832
2024-07-20 16:54:50,940 [omNode-2-OMStateMachineApplyTransactionThread - 0] INFO  om.OMMultiTenantManagerImpl (OMMultiTenantManagerImpl.java:revokeUserAccessId(640)) - Removing from cache: accessId 'devaa$alice' in tenant 'devaa'
2024-07-20 16:54:50,940 [omNode-2-OMStateMachineApplyTransactionThread - 0] DEBUG multitenant.AuthorizerLockImpl (AuthorizerLockImpl.java:unlockWriteInOMRequest(170)) - Authorizer write lock is not held in this lock instance. This OM might be follower, or leader changed. Ignored
2024-07-20 16:54:50,940 | INFO  | OMAudit | user=runner | ip=127.0.0.1 | op=TENANT_REVOKE_USER_ACCESSID {accessId=devaa$alice, userPrincipal=alice, tenant=devaa} | ret=SUCCESS |  
2024-07-20 16:54:50,941 [omNode-1-OMStateMachineApplyTransactionThread - 0] INFO  tenant.OMTenantRevokeUserAccessIdRequest (OMTenantRevokeUserAccessIdRequest.java:validateAndUpdateCache(255)) - Revoked user 'alice' accessId 'devaa$alice' to tenant 'devaa'
2024-07-20 16:54:50,940 | INFO  | OMAudit | user=runner | ip=127.0.0.1 | op=TENANT_REVOKE_USER_ACCESSID {accessId=devaa$alice, userPrincipal=alice, tenant=devaa} | ret=SUCCESS |  
2024-07-20 16:54:50,942 [omNode-2-OMStateMachineApplyTransactionThread - 0] INFO  tenant.OMTenantRevokeUserAccessIdRequest (OMTenantRevokeUserAccessIdRequest.java:validateAndUpdateCache(255)) - Revoked user 'alice' accessId 'devaa$alice' to tenant 'devaa'
2024-07-20 16:54:50,944 [omNode-3-OMStateMachineApplyTransactionThread - 0] INFO  om.OMMultiTenantManagerImpl (OMMultiTenantManagerImpl.java:revokeUserAccessId(640)) - Removing from cache: accessId 'devaa$alice' in tenant 'devaa'
2024-07-20 16:54:50,944 [omNode-3-OMStateMachineApplyTransactionThread - 0] DEBUG multitenant.AuthorizerLockImpl (AuthorizerLockImpl.java:unlockWriteInOMRequest(170)) - Authorizer write lock is not held in this lock instance. This OM might be follower, or leader changed. Ignored
2024-07-20 16:54:50,944 | INFO  | OMAudit | user=runner | ip=127.0.0.1 | op=TENANT_REVOKE_USER_ACCESSID {accessId=devaa$alice, userPrincipal=alice, tenant=devaa} | ret=SUCCESS |  
2024-07-20 16:54:50,944 [omNode-3-OMStateMachineApplyTransactionThread - 0] INFO  tenant.OMTenantRevokeUserAccessIdRequest (OMTenantRevokeUserAccessIdRequest.java:validateAndUpdateCache(255)) - Revoked user 'alice' accessId 'devaa$alice' to tenant 'devaa'
2024-07-20 16:54:50,946 [main] INFO  shell.TestOzoneTenantShell (TestOzoneTenantShell.java:execute(212)) - Executing shell command with args [user, assign, alice, --tenant=devaa, --om-service-id=om-service-test1]
2024-07-20 16:54:50,968 | INFO  | OMAudit | user=runner | ip=127.0.0.1 | op=GET_SERVICE_LIST {} | ret=SUCCESS |  
2024-07-20 16:54:50,975 [IPC Server handler 10 on default port 15004] DEBUG multitenant.AuthorizerLockImpl (AuthorizerLockImpl.java:tryWriteLock(109)) - Trying to acquire authorizer write lock from thread 431
2024-07-20 16:54:50,975 [IPC Server handler 10 on default port 15004] DEBUG multitenant.AuthorizerLockImpl (AuthorizerLockImpl.java:tryWriteLockThrowOnTimeout(142)) - Acquired authorizer write lock from thread 431 with stamp 9088
2024-07-20 16:54:50,975 [IPC Server handler 10 on default port 15004] DEBUG multitenant.AuthorizerLockImpl (AuthorizerLockImpl.java:tryWriteLockInOMRequest(160)) - Set omRequestWriteLockStamp to 9088, omRequestWriteLockHolderTid to 431
2024-07-20 16:54:50,981 [omNode-1-OMStateMachineApplyTransactionThread - 0] INFO  om.S3SecretManager (S3SecretManager.java:updateCache(105)) - Updating cache for accessId/user: devaa$alice.
2024-07-20 16:54:50,981 [omNode-1-OMStateMachineApplyTransactionThread - 0] INFO  om.OMMultiTenantManagerImpl (OMMultiTenantManagerImpl.java:assignUserToTenant(626)) - Adding to cache: user 'alice' accessId 'devaa$alice' in tenant 'devaa'
2024-07-20 16:54:50,981 [omNode-1-OMStateMachineApplyTransactionThread - 0] DEBUG multitenant.AuthorizerLockImpl (AuthorizerLockImpl.java:unlockWriteInOMRequest(181)) - Restored omRequestWriteLockStamp to 0, omRequestWriteLockHolderTid to 0
2024-07-20 16:54:50,981 [omNode-1-OMStateMachineApplyTransactionThread - 0] DEBUG multitenant.AuthorizerLockImpl (AuthorizerLockImpl.java:unlockWrite(122)) - Releasing authorizer write lock from thread 604 with stamp 9088
2024-07-20 16:54:50,981 | INFO  | OMAudit | user=runner | ip=127.0.0.1 | op=TENANT_ASSIGN_USER_ACCESSID {accessId=devaa$alice, user=alice, tenant=devaa} | ret=SUCCESS |  
2024-07-20 16:54:50,981 [omNode-1-OMStateMachineApplyTransactionThread - 0] INFO  tenant.OMTenantAssignUserAccessIdRequest (OMTenantAssignUserAccessIdRequest.java:validateAndUpdateCache(358)) - Assigned user 'alice' to tenant 'devaa' with accessId 'devaa$alice'
2024-07-20 16:54:50,984 [main] INFO  shell.TestOzoneTenantShell (TestOzoneTenantShell.java:execute(212)) - Executing shell command with args [--verbose, user, assign-admin, devaa$alice, --tenant=devaa, --delegated=true, --om-service-id=om-service-test1]
2024-07-20 16:54:50,986 [omNode-2-OMStateMachineApplyTransactionThread - 0] INFO  om.S3SecretManager (S3SecretManager.java:updateCache(105)) - Updating cache for accessId/user: devaa$alice.
2024-07-20 16:54:50,987 [omNode-3-OMStateMachineApplyTransactionThread - 0] INFO  om.S3SecretManager (S3SecretManager.java:updateCache(105)) - Updating cache for accessId/user: devaa$alice.
2024-07-20 16:54:50,987 [omNode-3-OMStateMachineApplyTransactionThread - 0] INFO  om.OMMultiTenantManagerImpl (OMMultiTenantManagerImpl.java:assignUserToTenant(626)) - Adding to cache: user 'alice' accessId 'devaa$alice' in tenant 'devaa'
2024-07-20 16:54:50,987 [omNode-3-OMStateMachineApplyTransactionThread - 0] DEBUG multitenant.AuthorizerLockImpl (AuthorizerLockImpl.java:unlockWriteInOMRequest(170)) - Authorizer write lock is not held in this lock instance. This OM might be follower, or leader changed. Ignored
2024-07-20 16:54:50,987 | INFO  | OMAudit | user=runner | ip=127.0.0.1 | op=TENANT_ASSIGN_USER_ACCESSID {accessId=devaa$alice, user=alice, tenant=devaa} | ret=SUCCESS |  
2024-07-20 16:54:50,988 [omNode-3-OMStateMachineApplyTransactionThread - 0] INFO  tenant.OMTenantAssignUserAccessIdRequest (OMTenantAssignUserAccessIdRequest.java:validateAndUpdateCache(358)) - Assigned user 'alice' to tenant 'devaa' with accessId 'devaa$alice'
2024-07-20 16:54:50,989 [omNode-2-OMStateMachineApplyTransactionThread - 0] INFO  om.OMMultiTenantManagerImpl (OMMultiTenantManagerImpl.java:assignUserToTenant(626)) - Adding to cache: user 'alice' accessId 'devaa$alice' in tenant 'devaa'
2024-07-20 16:54:50,989 [omNode-2-OMStateMachineApplyTransactionThread - 0] DEBUG multitenant.AuthorizerLockImpl (AuthorizerLockImpl.java:unlockWriteInOMRequest(170)) - Authorizer write lock is not held in this lock instance. This OM might be follower, or leader changed. Ignored
2024-07-20 16:54:50,989 | INFO  | OMAudit | user=runner | ip=127.0.0.1 | op=TENANT_ASSIGN_USER_ACCESSID {accessId=devaa$alice, user=alice, tenant=devaa} | ret=SUCCESS |  
2024-07-20 16:54:50,989 [omNode-2-OMStateMachineApplyTransactionThread - 0] INFO  tenant.OMTenantAssignUserAccessIdRequest (OMTenantAssignUserAccessIdRequest.java:validateAndUpdateCache(358)) - Assigned user 'alice' to tenant 'devaa' with accessId 'devaa$alice'
2024-07-20 16:54:51,005 | INFO  | OMAudit | user=runner | ip=127.0.0.1 | op=GET_SERVICE_LIST {} | ret=SUCCESS |  
2024-07-20 16:54:51,009 [IPC Server handler 14 on default port 15004] DEBUG multitenant.AuthorizerLockImpl (AuthorizerLockImpl.java:tryWriteLock(109)) - Trying to acquire authorizer write lock from thread 435
2024-07-20 16:54:51,009 [IPC Server handler 14 on default port 15004] DEBUG multitenant.AuthorizerLockImpl (AuthorizerLockImpl.java:tryWriteLockThrowOnTimeout(142)) - Acquired authorizer write lock from thread 435 with stamp 9344
2024-07-20 16:54:51,009 [IPC Server handler 14 on default port 15004] DEBUG multitenant.AuthorizerLockImpl (AuthorizerLockImpl.java:tryWriteLockInOMRequest(160)) - Set omRequestWriteLockStamp to 9344, omRequestWriteLockHolderTid to 435
2024-07-20 16:54:51,015 [omNode-1-OMStateMachineApplyTransactionThread - 0] INFO  om.OMMultiTenantManagerImpl (OMMultiTenantManagerImpl.java:assignTenantAdmin(667)) - Updating cache: accessId 'devaa$alice' isAdmin 'true' isDelegated 'true'
2024-07-20 16:54:51,015 [omNode-1-OMStateMachineApplyTransactionThread - 0] DEBUG multitenant.AuthorizerLockImpl (AuthorizerLockImpl.java:unlockWriteInOMRequest(181)) - Restored omRequestWriteLockStamp to 0, omRequestWriteLockHolderTid to 0
2024-07-20 16:54:51,015 [omNode-1-OMStateMachineApplyTransactionThread - 0] DEBUG multitenant.AuthorizerLockImpl (AuthorizerLockImpl.java:unlockWrite(122)) - Releasing authorizer write lock from thread 604 with stamp 9344
2024-07-20 16:54:51,015 | INFO  | OMAudit | user=runner | ip=127.0.0.1 | op=TENANT_ASSIGN_ADMIN {tenant=devaa} | ret=SUCCESS |  
2024-07-20 16:54:51,015 [omNode-1-OMStateMachineApplyTransactionThread - 0] INFO  tenant.OMTenantAssignAdminRequest (OMTenantAssignAdminRequest.java:validateAndUpdateCache(245)) - Assigned admin to accessId 'devaa$alice' in tenant 'devaa', delegated: true
2024-07-20 16:54:51,019 [omNode-2-OMStateMachineApplyTransactionThread - 0] INFO  om.OMMultiTenantManagerImpl (OMMultiTenantManagerImpl.java:assignTenantAdmin(667)) - Updating cache: accessId 'devaa$alice' isAdmin 'true' isDelegated 'true'
2024-07-20 16:54:51,019 [omNode-2-OMStateMachineApplyTransactionThread - 0] DEBUG multitenant.AuthorizerLockImpl (AuthorizerLockImpl.java:unlockWriteInOMRequest(170)) - Authorizer write lock is not held in this lock instance. This OM might be follower, or leader changed. Ignored
2024-07-20 16:54:51,019 | INFO  | OMAudit | user=runner | ip=127.0.0.1 | op=TENANT_ASSIGN_ADMIN {tenant=devaa} | ret=SUCCESS |  
2024-07-20 16:54:51,019 [omNode-2-OMStateMachineApplyTransactionThread - 0] INFO  tenant.OMTenantAssignAdminRequest (OMTenantAssignAdminRequest.java:validateAndUpdateCache(245)) - Assigned admin to accessId 'devaa$alice' in tenant 'devaa', delegated: true
2024-07-20 16:54:51,019 [omNode-3-OMStateMachineApplyTransactionThread - 0] INFO  om.OMMultiTenantManagerImpl (OMMultiTenantManagerImpl.java:assignTenantAdmin(667)) - Updating cache: accessId 'devaa$alice' isAdmin 'true' isDelegated 'true'
2024-07-20 16:54:51,019 [omNode-3-OMStateMachineApplyTransactionThread - 0] DEBUG multitenant.AuthorizerLockImpl (AuthorizerLockImpl.java:unlockWriteInOMRequest(170)) - Authorizer write lock is not held in this lock instance. This OM might be follower, or leader changed. Ignored
2024-07-20 16:54:51,019 | INFO  | OMAudit | user=runner | ip=127.0.0.1 | op=TENANT_ASSIGN_ADMIN {tenant=devaa} | ret=SUCCESS |  
2024-07-20 16:54:51,020 [omNode-3-OMStateMachineApplyTransactionThread - 0] INFO  tenant.OMTenantAssignAdminRequest (OMTenantAssignAdminRequest.java:validateAndUpdateCache(245)) - Assigned admin to accessId 'devaa$alice' in tenant 'devaa', delegated: true
2024-07-20 16:54:51,022 [main] INFO  shell.TestOzoneTenantShell (TestOzoneTenantShell.java:execute(212)) - Executing shell command with args [--verbose, user, revoke-admin, devaa$alice, --tenant=devaa, --om-service-id=om-service-test1]
2024-07-20 16:54:51,040 | INFO  | OMAudit | user=runner | ip=127.0.0.1 | op=GET_SERVICE_LIST {} | ret=SUCCESS |  
2024-07-20 16:54:51,044 [IPC Server handler 16 on default port 15004] DEBUG multitenant.AuthorizerLockImpl (AuthorizerLockImpl.java:tryWriteLock(109)) - Trying to acquire authorizer write lock from thread 437
2024-07-20 16:54:51,044 [IPC Server handler 16 on default port 15004] DEBUG multitenant.AuthorizerLockImpl (AuthorizerLockImpl.java:tryWriteLockThrowOnTimeout(142)) - Acquired authorizer write lock from thread 437 with stamp 9600
2024-07-20 16:54:51,044 [IPC Server handler 16 on default port 15004] DEBUG multitenant.AuthorizerLockImpl (AuthorizerLockImpl.java:tryWriteLockInOMRequest(160)) - Set omRequestWriteLockStamp to 9600, omRequestWriteLockHolderTid to 437
2024-07-20 16:54:51,049 [omNode-1-OMStateMachineApplyTransactionThread - 0] INFO  om.OMMultiTenantManagerImpl (OMMultiTenantManagerImpl.java:revokeTenantAdmin(686)) - Updating cache: accessId 'devaa$alice' isAdmin 'false' isDelegated 'false'
2024-07-20 16:54:51,050 [omNode-1-OMStateMachineApplyTransactionThread - 0] DEBUG multitenant.AuthorizerLockImpl (AuthorizerLockImpl.java:unlockWriteInOMRequest(181)) - Restored omRequestWriteLockStamp to 0, omRequestWriteLockHolderTid to 0
2024-07-20 16:54:51,050 [omNode-1-OMStateMachineApplyTransactionThread - 0] DEBUG multitenant.AuthorizerLockImpl (AuthorizerLockImpl.java:unlockWrite(122)) - Releasing authorizer write lock from thread 604 with stamp 9600
2024-07-20 16:54:51,050 | INFO  | OMAudit | user=runner | ip=127.0.0.1 | op=TENANT_REVOKE_ADMIN {tenant=devaa} | ret=SUCCESS |  
2024-07-20 16:54:51,050 [omNode-1-OMStateMachineApplyTransactionThread - 0] INFO  tenant.OMTenantRevokeAdminRequest (OMTenantRevokeAdminRequest.java:validateAndUpdateCache(235)) - Revoked admin of accessId 'devaa$alice' from tenant 'devaa'
2024-07-20 16:54:51,058 [main] INFO  shell.TestOzoneTenantShell (TestOzoneTenantShell.java:execute(212)) - Executing shell command with args [user, revoke, devaa$alice, --om-service-id=om-service-test1]
2024-07-20 16:54:51,060 [omNode-3-OMStateMachineApplyTransactionThread - 0] INFO  om.OMMultiTenantManagerImpl (OMMultiTenantManagerImpl.java:revokeTenantAdmin(686)) - Updating cache: accessId 'devaa$alice' isAdmin 'false' isDelegated 'false'
2024-07-20 16:54:51,060 [omNode-3-OMStateMachineApplyTransactionThread - 0] DEBUG multitenant.AuthorizerLockImpl (AuthorizerLockImpl.java:unlockWriteInOMRequest(170)) - Authorizer write lock is not held in this lock instance. This OM might be follower, or leader changed. Ignored
2024-07-20 16:54:51,060 | INFO  | OMAudit | user=runner | ip=127.0.0.1 | op=TENANT_REVOKE_ADMIN {tenant=devaa} | ret=SUCCESS |  
2024-07-20 16:54:51,061 [omNode-3-OMStateMachineApplyTransactionThread - 0] INFO  tenant.OMTenantRevokeAdminRequest (OMTenantRevokeAdminRequest.java:validateAndUpdateCache(235)) - Revoked admin of accessId 'devaa$alice' from tenant 'devaa'
2024-07-20 16:54:51,062 [omNode-2-OMStateMachineApplyTransactionThread - 0] INFO  om.OMMultiTenantManagerImpl (OMMultiTenantManagerImpl.java:revokeTenantAdmin(686)) - Updating cache: accessId 'devaa$alice' isAdmin 'false' isDelegated 'false'
2024-07-20 16:54:51,062 [omNode-2-OMStateMachineApplyTransactionThread - 0] DEBUG multitenant.AuthorizerLockImpl (AuthorizerLockImpl.java:unlockWriteInOMRequest(170)) - Authorizer write lock is not held in this lock instance. This OM might be follower, or leader changed. Ignored
2024-07-20 16:54:51,062 | INFO  | OMAudit | user=runner | ip=127.0.0.1 | op=TENANT_REVOKE_ADMIN {tenant=devaa} | ret=SUCCESS |  
2024-07-20 16:54:51,063 [omNode-2-OMStateMachineApplyTransactionThread - 0] INFO  tenant.OMTenantRevokeAdminRequest (OMTenantRevokeAdminRequest.java:validateAndUpdateCache(235)) - Revoked admin of accessId 'devaa$alice' from tenant 'devaa'
2024-07-20 16:54:51,081 | INFO  | OMAudit | user=runner | ip=127.0.0.1 | op=GET_SERVICE_LIST {} | ret=SUCCESS |  
2024-07-20 16:54:51,087 [IPC Server handler 8 on default port 15004] DEBUG multitenant.AuthorizerLockImpl (AuthorizerLockImpl.java:tryWriteLock(109)) - Trying to acquire authorizer write lock from thread 429
2024-07-20 16:54:51,087 [IPC Server handler 8 on default port 15004] DEBUG multitenant.AuthorizerLockImpl (AuthorizerLockImpl.java:tryWriteLockThrowOnTimeout(142)) - Acquired authorizer write lock from thread 429 with stamp 9856
2024-07-20 16:54:51,087 [IPC Server handler 8 on default port 15004] DEBUG multitenant.AuthorizerLockImpl (AuthorizerLockImpl.java:tryWriteLockInOMRequest(160)) - Set omRequestWriteLockStamp to 9856, omRequestWriteLockHolderTid to 429
2024-07-20 16:54:51,092 [omNode-1-OMStateMachineApplyTransactionThread - 0] INFO  om.OMMultiTenantManagerImpl (OMMultiTenantManagerImpl.java:revokeUserAccessId(640)) - Removing from cache: accessId 'devaa$alice' in tenant 'devaa'
2024-07-20 16:54:51,093 [omNode-1-OMStateMachineApplyTransactionThread - 0] DEBUG multitenant.AuthorizerLockImpl (AuthorizerLockImpl.java:unlockWriteInOMRequest(181)) - Restored omRequestWriteLockStamp to 0, omRequestWriteLockHolderTid to 0
2024-07-20 16:54:51,093 [omNode-1-OMStateMachineApplyTransactionThread - 0] DEBUG multitenant.AuthorizerLockImpl (AuthorizerLockImpl.java:unlockWrite(122)) - Releasing authorizer write lock from thread 604 with stamp 9856
2024-07-20 16:54:51,093 | INFO  | OMAudit | user=runner | ip=127.0.0.1 | op=TENANT_REVOKE_USER_ACCESSID {accessId=devaa$alice, userPrincipal=alice, tenant=devaa} | ret=SUCCESS |  
2024-07-20 16:54:51,093 [omNode-1-OMStateMachineApplyTransactionThread - 0] INFO  tenant.OMTenantRevokeUserAccessIdRequest (OMTenantRevokeUserAccessIdRequest.java:validateAndUpdateCache(255)) - Revoked user 'alice' accessId 'devaa$alice' to tenant 'devaa'
2024-07-20 16:54:51,095 [main] INFO  shell.TestOzoneTenantShell (TestOzoneTenantShell.java:execute(212)) - Executing shell command with args [user, assign, alice, --tenant=devaa, --om-service-id=om-service-test1]
2024-07-20 16:54:51,096 [omNode-2-OMStateMachineApplyTransactionThread - 0] INFO  om.OMMultiTenantManagerImpl (OMMultiTenantManagerImpl.java:revokeUserAccessId(640)) - Removing from cache: accessId 'devaa$alice' in tenant 'devaa'
2024-07-20 16:54:51,096 [omNode-2-OMStateMachineApplyTransactionThread - 0] DEBUG multitenant.AuthorizerLockImpl (AuthorizerLockImpl.java:unlockWriteInOMRequest(170)) - Authorizer write lock is not held in this lock instance. This OM might be follower, or leader changed. Ignored
2024-07-20 16:54:51,096 | INFO  | OMAudit | user=runner | ip=127.0.0.1 | op=TENANT_REVOKE_USER_ACCESSID {accessId=devaa$alice, userPrincipal=alice, tenant=devaa} | ret=SUCCESS |  
2024-07-20 16:54:51,096 [omNode-2-OMStateMachineApplyTransactionThread - 0] INFO  tenant.OMTenantRevokeUserAccessIdRequest (OMTenantRevokeUserAccessIdRequest.java:validateAndUpdateCache(255)) - Revoked user 'alice' accessId 'devaa$alice' to tenant 'devaa'
2024-07-20 16:54:51,096 [omNode-3-OMStateMachineApplyTransactionThread - 0] INFO  om.OMMultiTenantManagerImpl (OMMultiTenantManagerImpl.java:revokeUserAccessId(640)) - Removing from cache: accessId 'devaa$alice' in tenant 'devaa'
2024-07-20 16:54:51,097 [omNode-3-OMStateMachineApplyTransactionThread - 0] DEBUG multitenant.AuthorizerLockImpl (AuthorizerLockImpl.java:unlockWriteInOMRequest(170)) - Authorizer write lock is not held in this lock instance. This OM might be follower, or leader changed. Ignored
2024-07-20 16:54:51,097 | INFO  | OMAudit | user=runner | ip=127.0.0.1 | op=TENANT_REVOKE_USER_ACCESSID {accessId=devaa$alice, userPrincipal=alice, tenant=devaa} | ret=SUCCESS |  
2024-07-20 16:54:51,097 [omNode-3-OMStateMachineApplyTransactionThread - 0] INFO  tenant.OMTenantRevokeUserAccessIdRequest (OMTenantRevokeUserAccessIdRequest.java:validateAndUpdateCache(255)) - Revoked user 'alice' accessId 'devaa$alice' to tenant 'devaa'
2024-07-20 16:54:51,117 | INFO  | OMAudit | user=runner | ip=127.0.0.1 | op=GET_SERVICE_LIST {} | ret=SUCCESS |  
2024-07-20 16:54:51,125 [IPC Server handler 12 on default port 15004] DEBUG multitenant.AuthorizerLockImpl (AuthorizerLockImpl.java:tryWriteLock(109)) - Trying to acquire authorizer write lock from thread 433
2024-07-20 16:54:51,125 [IPC Server handler 12 on default port 15004] DEBUG multitenant.AuthorizerLockImpl (AuthorizerLockImpl.java:tryWriteLockThrowOnTimeout(142)) - Acquired authorizer write lock from thread 433 with stamp 10112
2024-07-20 16:54:51,125 [IPC Server handler 12 on default port 15004] DEBUG multitenant.AuthorizerLockImpl (AuthorizerLockImpl.java:tryWriteLockInOMRequest(160)) - Set omRequestWriteLockStamp to 10112, omRequestWriteLockHolderTid to 433
2024-07-20 16:54:51,131 [omNode-1-OMStateMachineApplyTransactionThread - 0] INFO  om.S3SecretManager (S3SecretManager.java:updateCache(105)) - Updating cache for accessId/user: devaa$alice.
2024-07-20 16:54:51,131 [omNode-1-OMStateMachineApplyTransactionThread - 0] INFO  om.OMMultiTenantManagerImpl (OMMultiTenantManagerImpl.java:assignUserToTenant(626)) - Adding to cache: user 'alice' accessId 'devaa$alice' in tenant 'devaa'
2024-07-20 16:54:51,131 [omNode-1-OMStateMachineApplyTransactionThread - 0] DEBUG multitenant.AuthorizerLockImpl (AuthorizerLockImpl.java:unlockWriteInOMRequest(181)) - Restored omRequestWriteLockStamp to 0, omRequestWriteLockHolderTid to 0
2024-07-20 16:54:51,131 [omNode-1-OMStateMachineApplyTransactionThread - 0] DEBUG multitenant.AuthorizerLockImpl (AuthorizerLockImpl.java:unlockWrite(122)) - Releasing authorizer write lock from thread 604 with stamp 10112
2024-07-20 16:54:51,131 | INFO  | OMAudit | user=runner | ip=127.0.0.1 | op=TENANT_ASSIGN_USER_ACCESSID {accessId=devaa$alice, user=alice, tenant=devaa} | ret=SUCCESS |  
2024-07-20 16:54:51,131 [omNode-1-OMStateMachineApplyTransactionThread - 0] INFO  tenant.OMTenantAssignUserAccessIdRequest (OMTenantAssignUserAccessIdRequest.java:validateAndUpdateCache(358)) - Assigned user 'alice' to tenant 'devaa' with accessId 'devaa$alice'
2024-07-20 16:54:51,134 [main] INFO  shell.TestOzoneTenantShell (TestOzoneTenantShell.java:execute(212)) - Executing shell command with args [--verbose, user, assign-admin, devaa$alice, --tenant=devaa, --delegated=true, --om-service-id=om-service-test1]
2024-07-20 16:54:51,135 [omNode-3-OMStateMachineApplyTransactionThread - 0] INFO  om.S3SecretManager (S3SecretManager.java:updateCache(105)) - Updating cache for accessId/user: devaa$alice.
2024-07-20 16:54:51,136 [omNode-3-OMStateMachineApplyTransactionThread - 0] INFO  om.OMMultiTenantManagerImpl (OMMultiTenantManagerImpl.java:assignUserToTenant(626)) - Adding to cache: user 'alice' accessId 'devaa$alice' in tenant 'devaa'
2024-07-20 16:54:51,136 [omNode-3-OMStateMachineApplyTransactionThread - 0] DEBUG multitenant.AuthorizerLockImpl (AuthorizerLockImpl.java:unlockWriteInOMRequest(170)) - Authorizer write lock is not held in this lock instance. This OM might be follower, or leader changed. Ignored
2024-07-20 16:54:51,136 | INFO  | OMAudit | user=runner | ip=127.0.0.1 | op=TENANT_ASSIGN_USER_ACCESSID {accessId=devaa$alice, user=alice, tenant=devaa} | ret=SUCCESS |  
2024-07-20 16:54:51,136 [omNode-3-OMStateMachineApplyTransactionThread - 0] INFO  tenant.OMTenantAssignUserAccessIdRequest (OMTenantAssignUserAccessIdRequest.java:validateAndUpdateCache(358)) - Assigned user 'alice' to tenant 'devaa' with accessId 'devaa$alice'
2024-07-20 16:54:51,139 [omNode-2-OMStateMachineApplyTransactionThread - 0] INFO  om.S3SecretManager (S3SecretManager.java:updateCache(105)) - Updating cache for accessId/user: devaa$alice.
2024-07-20 16:54:51,139 [omNode-2-OMStateMachineApplyTransactionThread - 0] INFO  om.OMMultiTenantManagerImpl (OMMultiTenantManagerImpl.java:assignUserToTenant(626)) - Adding to cache: user 'alice' accessId 'devaa$alice' in tenant 'devaa'
2024-07-20 16:54:51,140 [omNode-2-OMStateMachineApplyTransactionThread - 0] DEBUG multitenant.AuthorizerLockImpl (AuthorizerLockImpl.java:unlockWriteInOMRequest(170)) - Authorizer write lock is not held in this lock instance. This OM might be follower, or leader changed. Ignored
2024-07-20 16:54:51,140 | INFO  | OMAudit | user=runner | ip=127.0.0.1 | op=TENANT_ASSIGN_USER_ACCESSID {accessId=devaa$alice, user=alice, tenant=devaa} | ret=SUCCESS |  
2024-07-20 16:54:51,140 [omNode-2-OMStateMachineApplyTransactionThread - 0] INFO  tenant.OMTenantAssignUserAccessIdRequest (OMTenantAssignUserAccessIdRequest.java:validateAndUpdateCache(358)) - Assigned user 'alice' to tenant 'devaa' with accessId 'devaa$alice'
2024-07-20 16:54:51,159 | INFO  | OMAudit | user=runner | ip=127.0.0.1 | op=GET_SERVICE_LIST {} | ret=SUCCESS |  
2024-07-20 16:54:51,163 [IPC Server handler 15 on default port 15004] DEBUG multitenant.AuthorizerLockImpl (AuthorizerLockImpl.java:tryWriteLock(109)) - Trying to acquire authorizer write lock from thread 436
2024-07-20 16:54:51,163 [IPC Server handler 15 on default port 15004] DEBUG multitenant.AuthorizerLockImpl (AuthorizerLockImpl.java:tryWriteLockThrowOnTimeout(142)) - Acquired authorizer write lock from thread 436 with stamp 10368
2024-07-20 16:54:51,163 [IPC Server handler 15 on default port 15004] DEBUG multitenant.AuthorizerLockImpl (AuthorizerLockImpl.java:tryWriteLockInOMRequest(160)) - Set omRequestWriteLockStamp to 10368, omRequestWriteLockHolderTid to 436
2024-07-20 16:54:51,171 [omNode-1-OMStateMachineApplyTransactionThread - 0] INFO  om.OMMultiTenantManagerImpl (OMMultiTenantManagerImpl.java:assignTenantAdmin(667)) - Updating cache: accessId 'devaa$alice' isAdmin 'true' isDelegated 'true'
2024-07-20 16:54:51,171 [omNode-1-OMStateMachineApplyTransactionThread - 0] DEBUG multitenant.AuthorizerLockImpl (AuthorizerLockImpl.java:unlockWriteInOMRequest(181)) - Restored omRequestWriteLockStamp to 0, omRequestWriteLockHolderTid to 0
2024-07-20 16:54:51,171 [omNode-1-OMStateMachineApplyTransactionThread - 0] DEBUG multitenant.AuthorizerLockImpl (AuthorizerLockImpl.java:unlockWrite(122)) - Releasing authorizer write lock from thread 604 with stamp 10368
2024-07-20 16:54:51,172 | INFO  | OMAudit | user=runner | ip=127.0.0.1 | op=TENANT_ASSIGN_ADMIN {tenant=devaa} | ret=SUCCESS |  
2024-07-20 16:54:51,172 [omNode-1-OMStateMachineApplyTransactionThread - 0] INFO  tenant.OMTenantAssignAdminRequest (OMTenantAssignAdminRequest.java:validateAndUpdateCache(245)) - Assigned admin to accessId 'devaa$alice' in tenant 'devaa', delegated: true
2024-07-20 16:54:51,174 [main] INFO  shell.TestOzoneTenantShell (TestOzoneTenantShell.java:execute(212)) - Executing shell command with args [--verbose, user, revoke-admin, devaa$alice, --tenant=devaa, --om-service-id=om-service-test1]
2024-07-20 16:54:51,175 [omNode-2-OMStateMachineApplyTransactionThread - 0] INFO  om.OMMultiTenantManagerImpl (OMMultiTenantManagerImpl.java:assignTenantAdmin(667)) - Updating cache: accessId 'devaa$alice' isAdmin 'true' isDelegated 'true'
2024-07-20 16:54:51,175 [omNode-3-OMStateMachineApplyTransactionThread - 0] INFO  om.OMMultiTenantManagerImpl (OMMultiTenantManagerImpl.java:assignTenantAdmin(667)) - Updating cache: accessId 'devaa$alice' isAdmin 'true' isDelegated 'true'
2024-07-20 16:54:51,176 [omNode-2-OMStateMachineApplyTransactionThread - 0] DEBUG multitenant.AuthorizerLockImpl (AuthorizerLockImpl.java:unlockWriteInOMRequest(170)) - Authorizer write lock is not held in this lock instance. This OM might be follower, or leader changed. Ignored
2024-07-20 16:54:51,176 [omNode-3-OMStateMachineApplyTransactionThread - 0] DEBUG multitenant.AuthorizerLockImpl (AuthorizerLockImpl.java:unlockWriteInOMRequest(170)) - Authorizer write lock is not held in this lock instance. This OM might be follower, or leader changed. Ignored
2024-07-20 16:54:51,176 | INFO  | OMAudit | user=runner | ip=127.0.0.1 | op=TENANT_ASSIGN_ADMIN {tenant=devaa} | ret=SUCCESS |  
2024-07-20 16:54:51,176 | INFO  | OMAudit | user=runner | ip=127.0.0.1 | op=TENANT_ASSIGN_ADMIN {tenant=devaa} | ret=SUCCESS |  
2024-07-20 16:54:51,177 [omNode-3-OMStateMachineApplyTransactionThread - 0] INFO  tenant.OMTenantAssignAdminRequest (OMTenantAssignAdminRequest.java:validateAndUpdateCache(245)) - Assigned admin to accessId 'devaa$alice' in tenant 'devaa', delegated: true
2024-07-20 16:54:51,177 [omNode-2-OMStateMachineApplyTransactionThread - 0] INFO  tenant.OMTenantAssignAdminRequest (OMTenantAssignAdminRequest.java:validateAndUpdateCache(245)) - Assigned admin to accessId 'devaa$alice' in tenant 'devaa', delegated: true
2024-07-20 16:54:51,201 | INFO  | OMAudit | user=runner | ip=127.0.0.1 | op=GET_SERVICE_LIST {} | ret=SUCCESS |  
2024-07-20 16:54:51,204 [IPC Server handler 19 on default port 15004] DEBUG multitenant.AuthorizerLockImpl (AuthorizerLockImpl.java:tryWriteLock(109)) - Trying to acquire authorizer write lock from thread 440
2024-07-20 16:54:51,205 [IPC Server handler 19 on default port 15004] DEBUG multitenant.AuthorizerLockImpl (AuthorizerLockImpl.java:tryWriteLockThrowOnTimeout(142)) - Acquired authorizer write lock from thread 440 with stamp 10624
2024-07-20 16:54:51,205 [IPC Server handler 19 on default port 15004] DEBUG multitenant.AuthorizerLockImpl (AuthorizerLockImpl.java:tryWriteLockInOMRequest(160)) - Set omRequestWriteLockStamp to 10624, omRequestWriteLockHolderTid to 440
2024-07-20 16:54:51,211 [omNode-1-OMStateMachineApplyTransactionThread - 0] INFO  om.OMMultiTenantManagerImpl (OMMultiTenantManagerImpl.java:revokeTenantAdmin(686)) - Updating cache: accessId 'devaa$alice' isAdmin 'false' isDelegated 'false'
2024-07-20 16:54:51,211 [omNode-1-OMStateMachineApplyTransactionThread - 0] DEBUG multitenant.AuthorizerLockImpl (AuthorizerLockImpl.java:unlockWriteInOMRequest(181)) - Restored omRequestWriteLockStamp to 0, omRequestWriteLockHolderTid to 0
2024-07-20 16:54:51,211 [omNode-1-OMStateMachineApplyTransactionThread - 0] DEBUG multitenant.AuthorizerLockImpl (AuthorizerLockImpl.java:unlockWrite(122)) - Releasing authorizer write lock from thread 604 with stamp 10624
2024-07-20 16:54:51,211 | INFO  | OMAudit | user=runner | ip=127.0.0.1 | op=TENANT_REVOKE_ADMIN {tenant=devaa} | ret=SUCCESS |  
2024-07-20 16:54:51,211 [omNode-1-OMStateMachineApplyTransactionThread - 0] INFO  tenant.OMTenantRevokeAdminRequest (OMTenantRevokeAdminRequest.java:validateAndUpdateCache(235)) - Revoked admin of accessId 'devaa$alice' from tenant 'devaa'
2024-07-20 16:54:51,213 [main] INFO  shell.TestOzoneTenantShell (TestOzoneTenantShell.java:execute(212)) - Executing shell command with args [user, revoke, devaa$alice, --om-service-id=om-service-test1]
2024-07-20 16:54:51,216 [omNode-2-OMStateMachineApplyTransactionThread - 0] INFO  om.OMMultiTenantManagerImpl (OMMultiTenantManagerImpl.java:revokeTenantAdmin(686)) - Updating cache: accessId 'devaa$alice' isAdmin 'false' isDelegated 'false'
2024-07-20 16:54:51,216 [omNode-2-OMStateMachineApplyTransactionThread - 0] DEBUG multitenant.AuthorizerLockImpl (AuthorizerLockImpl.java:unlockWriteInOMRequest(170)) - Authorizer write lock is not held in this lock instance. This OM might be follower, or leader changed. Ignored
2024-07-20 16:54:51,216 | INFO  | OMAudit | user=runner | ip=127.0.0.1 | op=TENANT_REVOKE_ADMIN {tenant=devaa} | ret=SUCCESS |  
2024-07-20 16:54:51,216 [omNode-2-OMStateMachineApplyTransactionThread - 0] INFO  tenant.OMTenantRevokeAdminRequest (OMTenantRevokeAdminRequest.java:validateAndUpdateCache(235)) - Revoked admin of accessId 'devaa$alice' from tenant 'devaa'
2024-07-20 16:54:51,219 [omNode-3-OMStateMachineApplyTransactionThread - 0] INFO  om.OMMultiTenantManagerImpl (OMMultiTenantManagerImpl.java:revokeTenantAdmin(686)) - Updating cache: accessId 'devaa$alice' isAdmin 'false' isDelegated 'false'
2024-07-20 16:54:51,219 [omNode-3-OMStateMachineApplyTransactionThread - 0] DEBUG multitenant.AuthorizerLockImpl (AuthorizerLockImpl.java:unlockWriteInOMRequest(170)) - Authorizer write lock is not held in this lock instance. This OM might be follower, or leader changed. Ignored
2024-07-20 16:54:51,219 | INFO  | OMAudit | user=runner | ip=127.0.0.1 | op=TENANT_REVOKE_ADMIN {tenant=devaa} | ret=SUCCESS |  
2024-07-20 16:54:51,220 [omNode-3-OMStateMachineApplyTransactionThread - 0] INFO  tenant.OMTenantRevokeAdminRequest (OMTenantRevokeAdminRequest.java:validateAndUpdateCache(235)) - Revoked admin of accessId 'devaa$alice' from tenant 'devaa'
2024-07-20 16:54:51,236 | INFO  | OMAudit | user=runner | ip=127.0.0.1 | op=GET_SERVICE_LIST {} | ret=SUCCESS |  
2024-07-20 16:54:51,243 [IPC Server handler 1 on default port 15004] DEBUG multitenant.AuthorizerLockImpl (AuthorizerLockImpl.java:tryWriteLock(109)) - Trying to acquire authorizer write lock from thread 422
2024-07-20 16:54:51,243 [IPC Server handler 1 on default port 15004] DEBUG multitenant.AuthorizerLockImpl (AuthorizerLockImpl.java:tryWriteLockThrowOnTimeout(142)) - Acquired authorizer write lock from thread 422 with stamp 10880
2024-07-20 16:54:51,243 [IPC Server handler 1 on default port 15004] DEBUG multitenant.AuthorizerLockImpl (AuthorizerLockImpl.java:tryWriteLockInOMRequest(160)) - Set omRequestWriteLockStamp to 10880, omRequestWriteLockHolderTid to 422
2024-07-20 16:54:51,250 [omNode-1-OMStateMachineApplyTransactionThread - 0] INFO  om.OMMultiTenantManagerImpl (OMMultiTenantManagerImpl.java:revokeUserAccessId(640)) - Removing from cache: accessId 'devaa$alice' in tenant 'devaa'
2024-07-20 16:54:51,250 [omNode-1-OMStateMachineApplyTransactionThread - 0] DEBUG multitenant.AuthorizerLockImpl (AuthorizerLockImpl.java:unlockWriteInOMRequest(181)) - Restored omRequestWriteLockStamp to 0, omRequestWriteLockHolderTid to 0
2024-07-20 16:54:51,250 [omNode-1-OMStateMachineApplyTransactionThread - 0] DEBUG multitenant.AuthorizerLockImpl (AuthorizerLockImpl.java:unlockWrite(122)) - Releasing authorizer write lock from thread 604 with stamp 10880
2024-07-20 16:54:51,250 | INFO  | OMAudit | user=runner | ip=127.0.0.1 | op=TENANT_REVOKE_USER_ACCESSID {accessId=devaa$alice, userPrincipal=alice, tenant=devaa} | ret=SUCCESS |  
2024-07-20 16:54:51,251 [omNode-1-OMStateMachineApplyTransactionThread - 0] INFO  tenant.OMTenantRevokeUserAccessIdRequest (OMTenantRevokeUserAccessIdRequest.java:validateAndUpdateCache(255)) - Revoked user 'alice' accessId 'devaa$alice' to tenant 'devaa'
2024-07-20 16:54:51,252 [main] INFO  shell.TestOzoneTenantShell (TestOzoneTenantShell.java:execute(212)) - Executing shell command with args [delete, devaa, --om-service-id=om-service-test1]
2024-07-20 16:54:51,255 [omNode-3-OMStateMachineApplyTransactionThread - 0] INFO  om.OMMultiTenantManagerImpl (OMMultiTenantManagerImpl.java:revokeUserAccessId(640)) - Removing from cache: accessId 'devaa$alice' in tenant 'devaa'
2024-07-20 16:54:51,255 [omNode-3-OMStateMachineApplyTransactionThread - 0] DEBUG multitenant.AuthorizerLockImpl (AuthorizerLockImpl.java:unlockWriteInOMRequest(170)) - Authorizer write lock is not held in this lock instance. This OM might be follower, or leader changed. Ignored
2024-07-20 16:54:51,255 [omNode-2-OMStateMachineApplyTransactionThread - 0] INFO  om.OMMultiTenantManagerImpl (OMMultiTenantManagerImpl.java:revokeUserAccessId(640)) - Removing from cache: accessId 'devaa$alice' in tenant 'devaa'
2024-07-20 16:54:51,255 | INFO  | OMAudit | user=runner | ip=127.0.0.1 | op=TENANT_REVOKE_USER_ACCESSID {accessId=devaa$alice, userPrincipal=alice, tenant=devaa} | ret=SUCCESS |  
2024-07-20 16:54:51,255 [omNode-2-OMStateMachineApplyTransactionThread - 0] DEBUG multitenant.AuthorizerLockImpl (AuthorizerLockImpl.java:unlockWriteInOMRequest(170)) - Authorizer write lock is not held in this lock instance. This OM might be follower, or leader changed. Ignored
2024-07-20 16:54:51,256 [omNode-3-OMStateMachineApplyTransactionThread - 0] INFO  tenant.OMTenantRevokeUserAccessIdRequest (OMTenantRevokeUserAccessIdRequest.java:validateAndUpdateCache(255)) - Revoked user 'alice' accessId 'devaa$alice' to tenant 'devaa'
2024-07-20 16:54:51,256 | INFO  | OMAudit | user=runner | ip=127.0.0.1 | op=TENANT_REVOKE_USER_ACCESSID {accessId=devaa$alice, userPrincipal=alice, tenant=devaa} | ret=SUCCESS |  
2024-07-20 16:54:51,256 [omNode-2-OMStateMachineApplyTransactionThread - 0] INFO  tenant.OMTenantRevokeUserAccessIdRequest (OMTenantRevokeUserAccessIdRequest.java:validateAndUpdateCache(255)) - Revoked user 'alice' accessId 'devaa$alice' to tenant 'devaa'
2024-07-20 16:54:51,275 | INFO  | OMAudit | user=runner | ip=127.0.0.1 | op=GET_SERVICE_LIST {} | ret=SUCCESS |  
2024-07-20 16:54:51,288 [IPC Server handler 3 on default port 15004] DEBUG multitenant.AuthorizerLockImpl (AuthorizerLockImpl.java:tryWriteLock(109)) - Trying to acquire authorizer write lock from thread 424
2024-07-20 16:54:51,288 [IPC Server handler 3 on default port 15004] DEBUG multitenant.AuthorizerLockImpl (AuthorizerLockImpl.java:tryWriteLockThrowOnTimeout(142)) - Acquired authorizer write lock from thread 424 with stamp 11136
2024-07-20 16:54:51,289 [IPC Server handler 3 on default port 15004] DEBUG multitenant.AuthorizerLockImpl (AuthorizerLockImpl.java:tryWriteLockInOMRequest(160)) - Set omRequestWriteLockStamp to 11136, omRequestWriteLockHolderTid to 424
2024-07-20 16:54:51,289 [IPC Server handler 3 on default port 15004] INFO  om.OMMultiTenantManagerImpl (OMMultiTenantManagerImpl.java:deleteTenant(323)) - Deleting tenant policies and roles from Ranger: OzoneTenant{tenantId='devaa', tenantRoleNames=[devaa-UserRole, devaa-AdminRole], accessPolicies=[devaa-VolumeAccess, devaa-BucketAccess], accountNameSpace=org.apache.hadoop.ozone.om.multitenant.impl.AccountNameSpaceImpl@7e77a597, bucketNameSpace=org.apache.hadoop.ozone.om.multitenant.impl.SingleVolumeTenantNamespace@4f9f131f}
2024-07-20 16:54:51,293 [omNode-1-OMStateMachineApplyTransactionThread - 0] INFO  om.OMMultiTenantManagerImpl (OMMultiTenantManagerImpl.java:deleteTenant(602)) - Removing tenant from in-memory cache: devaa
2024-07-20 16:54:51,293 [omNode-1-OMStateMachineApplyTransactionThread - 0] DEBUG multitenant.AuthorizerLockImpl (AuthorizerLockImpl.java:unlockWriteInOMRequest(181)) - Restored omRequestWriteLockStamp to 0, omRequestWriteLockHolderTid to 0
2024-07-20 16:54:51,293 [omNode-1-OMStateMachineApplyTransactionThread - 0] DEBUG multitenant.AuthorizerLockImpl (AuthorizerLockImpl.java:unlockWrite(122)) - Releasing authorizer write lock from thread 604 with stamp 11136
2024-07-20 16:54:51,293 | INFO  | OMAudit | user=runner | ip=127.0.0.1 | op=UPDATE_VOLUME {volume=devaa} | ret=SUCCESS |  
2024-07-20 16:54:51,294 | INFO  | OMAudit | user=runner | ip=127.0.0.1 | op=DELETE_TENANT {tenant=devaa} | ret=SUCCESS |  
2024-07-20 16:54:51,294 [omNode-1-OMStateMachineApplyTransactionThread - 0] INFO  tenant.OMTenantDeleteRequest (OMTenantDeleteRequest.java:validateAndUpdateCache(242)) - Deleted tenant 'devaa' and volume 'devaa'
2024-07-20 16:54:51,295 [omNode-3-OMStateMachineApplyTransactionThread - 0] INFO  om.OMMultiTenantManagerImpl (OMMultiTenantManagerImpl.java:deleteTenant(602)) - Removing tenant from in-memory cache: devaa
2024-07-20 16:54:51,295 [omNode-3-OMStateMachineApplyTransactionThread - 0] DEBUG multitenant.AuthorizerLockImpl (AuthorizerLockImpl.java:unlockWriteInOMRequest(170)) - Authorizer write lock is not held in this lock instance. This OM might be follower, or leader changed. Ignored
2024-07-20 16:54:51,295 | INFO  | OMAudit | user=runner | ip=127.0.0.1 | op=UPDATE_VOLUME {volume=devaa} | ret=SUCCESS |  
2024-07-20 16:54:51,295 | INFO  | OMAudit | user=runner | ip=127.0.0.1 | op=DELETE_TENANT {tenant=devaa} | ret=SUCCESS |  
2024-07-20 16:54:51,295 [omNode-3-OMStateMachineApplyTransactionThread - 0] INFO  tenant.OMTenantDeleteRequest (OMTenantDeleteRequest.java:validateAndUpdateCache(242)) - Deleted tenant 'devaa' and volume 'devaa'
2024-07-20 16:54:51,296 [main] INFO  shell.TestOzoneTenantShell (TestOzoneTenantShell.java:execute(212)) - Executing shell command with args [volume, delete, devaa]
2024-07-20 16:54:51,298 [omNode-2-OMStateMachineApplyTransactionThread - 0] INFO  om.OMMultiTenantManagerImpl (OMMultiTenantManagerImpl.java:deleteTenant(602)) - Removing tenant from in-memory cache: devaa
2024-07-20 16:54:51,299 [omNode-2-OMStateMachineApplyTransactionThread - 0] DEBUG multitenant.AuthorizerLockImpl (AuthorizerLockImpl.java:unlockWriteInOMRequest(170)) - Authorizer write lock is not held in this lock instance. This OM might be follower, or leader changed. Ignored
2024-07-20 16:54:51,299 | INFO  | OMAudit | user=runner | ip=127.0.0.1 | op=UPDATE_VOLUME {volume=devaa} | ret=SUCCESS |  
2024-07-20 16:54:51,299 | INFO  | OMAudit | user=runner | ip=127.0.0.1 | op=DELETE_TENANT {tenant=devaa} | ret=SUCCESS |  
2024-07-20 16:54:51,299 [omNode-2-OMStateMachineApplyTransactionThread - 0] INFO  tenant.OMTenantDeleteRequest (OMTenantDeleteRequest.java:validateAndUpdateCache(242)) - Deleted tenant 'devaa' and volume 'devaa'
2024-07-20 16:54:51,321 | INFO  | OMAudit | user=runner | ip=127.0.0.1 | op=GET_SERVICE_LIST {} | ret=SUCCESS |  
2024-07-20 16:54:51,329 | INFO  | OMAudit | user=runner | ip=127.0.0.1 | op=DELETE_VOLUME {volume=devaa} | ret=SUCCESS |  
2024-07-20 16:54:51,333 | INFO  | OMAudit | user=runner | ip=127.0.0.1 | op=DELETE_VOLUME {volume=devaa} | ret=SUCCESS |  
2024-07-20 16:54:51,335 | INFO  | OMAudit | user=runner | ip=127.0.0.1 | op=DELETE_VOLUME {volume=devaa} | ret=SUCCESS |  
2024-07-20 16:54:51,335 [main] INFO  shell.TestOzoneTenantShell (TestOzoneTenantShell.java:execute(212)) - Executing shell command with args [list, --om-service-id=om-service-test1]
2024-07-20 16:54:51,354 | INFO  | OMAudit | user=runner | ip=127.0.0.1 | op=GET_SERVICE_LIST {} | ret=SUCCESS |  
2024-07-20 16:54:51,357 | INFO  | OMAudit | user=runner | ip=127.0.0.1 | op=LIST_TENANT {} | ret=SUCCESS |  
]]></system-out>
  </testcase>
  <testcase name="testCreateTenantOnExistingVolume" classname="org.apache.hadoop.ozone.shell.TestOzoneTenantShell" time="0.215"/>
  <testcase name="testTenantSetSecret" classname="org.apache.hadoop.ozone.shell.TestOzoneTenantShell" time="0.535">
    <failure type="org.opentest4j.AssertionFailedError"><![CDATA[org.opentest4j.AssertionFailedError: 
expected: <> but was: <finance
>
	at org.junit.jupiter.api.AssertionFailureBuilder.build(AssertionFailureBuilder.java:151)
	at org.junit.jupiter.api.AssertionFailureBuilder.buildAndThrow(AssertionFailureBuilder.java:132)
	at org.junit.jupiter.api.AssertEquals.failNotEqual(AssertEquals.java:197)
	at org.junit.jupiter.api.AssertEquals.assertEquals(AssertEquals.java:182)
	at org.junit.jupiter.api.AssertEquals.assertEquals(AssertEquals.java:177)
	at org.junit.jupiter.api.Assertions.assertEquals(Assertions.java:1145)
	at org.apache.hadoop.ozone.shell.TestOzoneTenantShell.checkOutput(TestOzoneTenantShell.java:344)
	at org.apache.hadoop.ozone.shell.TestOzoneTenantShell.checkOutput(TestOzoneTenantShell.java:324)
	at org.apache.hadoop.ozone.shell.TestOzoneTenantShell.testTenantSetSecret(TestOzoneTenantShell.java:891)
	at java.base/java.lang.reflect.Method.invoke(Method.java:568)
	at java.base/java.util.ArrayList.forEach(ArrayList.java:1511)
	at java.base/java.util.ArrayList.forEach(ArrayList.java:1511)
]]></failure>
    <system-out><![CDATA[2024-07-20 16:54:51,575 | INFO  | OMAudit | user=runner | ip=127.0.0.1 | op=DELETE_VOLUME {volume=existing-volume-1} | ret=SUCCESS |  
2024-07-20 16:54:51,576 [main] INFO  shell.TestOzoneTenantShell (TestOzoneTenantShell.java:execute(212)) - Executing shell command with args [create, tenant-test-set-secret, --om-service-id=om-service-test1]
2024-07-20 16:54:51,597 | INFO  | OMAudit | user=runner | ip=127.0.0.1 | op=GET_SERVICE_LIST {} | ret=SUCCESS |  
2024-07-20 16:54:51,599 [main] INFO  rpc.RpcClient (RpcClient.java:createTenant(917)) - Creating Tenant: 'tenant-test-set-secret', with volume: 'tenant-test-set-secret', forceCreationWhenVolumeExists: false
2024-07-20 16:54:51,601 [IPC Server handler 1 on default port 15004] DEBUG multitenant.AuthorizerLockImpl (AuthorizerLockImpl.java:tryWriteLock(109)) - Trying to acquire authorizer write lock from thread 422
2024-07-20 16:54:51,601 [IPC Server handler 1 on default port 15004] DEBUG multitenant.AuthorizerLockImpl (AuthorizerLockImpl.java:tryWriteLockThrowOnTimeout(142)) - Acquired authorizer write lock from thread 422 with stamp 11904
2024-07-20 16:54:51,601 [IPC Server handler 1 on default port 15004] DEBUG multitenant.AuthorizerLockImpl (AuthorizerLockImpl.java:tryWriteLockInOMRequest(160)) - Set omRequestWriteLockStamp to 11904, omRequestWriteLockHolderTid to 422
2024-07-20 16:54:51,605 [omNode-1-OMStateMachineApplyTransactionThread - 0] DEBUG tenant.OMTenantCreateRequest (OMTenantCreateRequest.java:validateAndUpdateCache(304)) - volume: '/tenant-test-set-secret' successfully created
2024-07-20 16:54:51,606 [omNode-1-OMStateMachineApplyTransactionThread - 0] DEBUG multitenant.AuthorizerLockImpl (AuthorizerLockImpl.java:unlockWriteInOMRequest(181)) - Restored omRequestWriteLockStamp to 0, omRequestWriteLockHolderTid to 0
2024-07-20 16:54:51,606 [omNode-1-OMStateMachineApplyTransactionThread - 0] DEBUG multitenant.AuthorizerLockImpl (AuthorizerLockImpl.java:unlockWrite(122)) - Releasing authorizer write lock from thread 604 with stamp 11904
2024-07-20 16:54:51,606 | INFO  | OMAudit | user=runner | ip=127.0.0.1 | op=CREATE_TENANT {admin=runner, owner=runner, volume=tenant-test-set-secret, creationTime=1721494491601, modificationTime=1721494491601, quotaInBytes=-1, quotaInNamespace=-1, usedNamespace=0, objectID=-9223372036854748928, updateID=105, tenant=tenant-test-set-secret} | ret=SUCCESS |  
2024-07-20 16:54:51,606 | INFO  | OMAudit | user=runner | ip=127.0.0.1 | op=CREATE_VOLUME {admin=runner, owner=runner, volume=tenant-test-set-secret, creationTime=1721494491601, modificationTime=1721494491601, quotaInBytes=-1, quotaInNamespace=-1, usedNamespace=0, objectID=-9223372036854748928, updateID=105, tenant=tenant-test-set-secret} | ret=SUCCESS |  
2024-07-20 16:54:51,607 [omNode-1-OMStateMachineApplyTransactionThread - 0] INFO  tenant.OMTenantCreateRequest (OMTenantCreateRequest.java:validateAndUpdateCache(387)) - Created tenant 'tenant-test-set-secret' and volume 'tenant-test-set-secret'
2024-07-20 16:54:51,608 [omNode-2-OMStateMachineApplyTransactionThread - 0] DEBUG tenant.OMTenantCreateRequest (OMTenantCreateRequest.java:validateAndUpdateCache(304)) - volume: '/tenant-test-set-secret' successfully created
2024-07-20 16:54:51,609 [omNode-2-OMStateMachineApplyTransactionThread - 0] DEBUG multitenant.AuthorizerLockImpl (AuthorizerLockImpl.java:unlockWriteInOMRequest(170)) - Authorizer write lock is not held in this lock instance. This OM might be follower, or leader changed. Ignored
2024-07-20 16:54:51,609 | INFO  | OMAudit | user=runner | ip=127.0.0.1 | op=CREATE_TENANT {admin=runner, owner=runner, volume=tenant-test-set-secret, creationTime=1721494491601, modificationTime=1721494491601, quotaInBytes=-1, quotaInNamespace=-1, usedNamespace=0, objectID=-9223372036854748928, updateID=105, tenant=tenant-test-set-secret} | ret=SUCCESS |  
2024-07-20 16:54:51,609 | INFO  | OMAudit | user=runner | ip=127.0.0.1 | op=CREATE_VOLUME {admin=runner, owner=runner, volume=tenant-test-set-secret, creationTime=1721494491601, modificationTime=1721494491601, quotaInBytes=-1, quotaInNamespace=-1, usedNamespace=0, objectID=-9223372036854748928, updateID=105, tenant=tenant-test-set-secret} | ret=SUCCESS |  
2024-07-20 16:54:51,609 [omNode-2-OMStateMachineApplyTransactionThread - 0] INFO  tenant.OMTenantCreateRequest (OMTenantCreateRequest.java:validateAndUpdateCache(387)) - Created tenant 'tenant-test-set-secret' and volume 'tenant-test-set-secret'
2024-07-20 16:54:51,610 [omNode-3-OMStateMachineApplyTransactionThread - 0] DEBUG tenant.OMTenantCreateRequest (OMTenantCreateRequest.java:validateAndUpdateCache(304)) - volume: '/tenant-test-set-secret' successfully created
2024-07-20 16:54:51,610 [main] INFO  shell.TestOzoneTenantShell (TestOzoneTenantShell.java:execute(212)) - Executing shell command with args [user, set-secret, tenant-test-set-secret$alice, --secret=somesecret0, --om-service-id=om-service-test1]
2024-07-20 16:54:51,610 [omNode-3-OMStateMachineApplyTransactionThread - 0] DEBUG multitenant.AuthorizerLockImpl (AuthorizerLockImpl.java:unlockWriteInOMRequest(170)) - Authorizer write lock is not held in this lock instance. This OM might be follower, or leader changed. Ignored
2024-07-20 16:54:51,610 | INFO  | OMAudit | user=runner | ip=127.0.0.1 | op=CREATE_TENANT {admin=runner, owner=runner, volume=tenant-test-set-secret, creationTime=1721494491601, modificationTime=1721494491601, quotaInBytes=-1, quotaInNamespace=-1, usedNamespace=0, objectID=-9223372036854748928, updateID=105, tenant=tenant-test-set-secret} | ret=SUCCESS |  
2024-07-20 16:54:51,610 | INFO  | OMAudit | user=runner | ip=127.0.0.1 | op=CREATE_VOLUME {admin=runner, owner=runner, volume=tenant-test-set-secret, creationTime=1721494491601, modificationTime=1721494491601, quotaInBytes=-1, quotaInNamespace=-1, usedNamespace=0, objectID=-9223372036854748928, updateID=105, tenant=tenant-test-set-secret} | ret=SUCCESS |  
2024-07-20 16:54:51,610 [omNode-3-OMStateMachineApplyTransactionThread - 0] INFO  tenant.OMTenantCreateRequest (OMTenantCreateRequest.java:validateAndUpdateCache(387)) - Created tenant 'tenant-test-set-secret' and volume 'tenant-test-set-secret'
2024-07-20 16:54:51,631 | INFO  | OMAudit | user=runner | ip=127.0.0.1 | op=GET_SERVICE_LIST {} | ret=SUCCESS |  
2024-07-20 16:54:51,639 [main] INFO  shell.TestOzoneTenantShell (TestOzoneTenantShell.java:execute(212)) - Executing shell command with args [user, assign, alice, --tenant=tenant-test-set-secret, --om-service-id=om-service-test1]
2024-07-20 16:54:51,658 | INFO  | OMAudit | user=runner | ip=127.0.0.1 | op=GET_SERVICE_LIST {} | ret=SUCCESS |  
2024-07-20 16:54:51,661 [IPC Server handler 4 on default port 15004] DEBUG multitenant.AuthorizerLockImpl (AuthorizerLockImpl.java:tryWriteLock(109)) - Trying to acquire authorizer write lock from thread 425
2024-07-20 16:54:51,661 [IPC Server handler 4 on default port 15004] DEBUG multitenant.AuthorizerLockImpl (AuthorizerLockImpl.java:tryWriteLockThrowOnTimeout(142)) - Acquired authorizer write lock from thread 425 with stamp 12160
2024-07-20 16:54:51,661 [IPC Server handler 4 on default port 15004] DEBUG multitenant.AuthorizerLockImpl (AuthorizerLockImpl.java:tryWriteLockInOMRequest(160)) - Set omRequestWriteLockStamp to 12160, omRequestWriteLockHolderTid to 425
2024-07-20 16:54:51,665 [omNode-1-OMStateMachineApplyTransactionThread - 0] INFO  om.S3SecretManager (S3SecretManager.java:updateCache(105)) - Updating cache for accessId/user: tenant-test-set-secret$alice.
2024-07-20 16:54:51,665 [omNode-1-OMStateMachineApplyTransactionThread - 0] INFO  om.OMMultiTenantManagerImpl (OMMultiTenantManagerImpl.java:assignUserToTenant(626)) - Adding to cache: user 'alice' accessId 'tenant-test-set-secret$alice' in tenant 'tenant-test-set-secret'
2024-07-20 16:54:51,665 [omNode-1-OMStateMachineApplyTransactionThread - 0] DEBUG multitenant.AuthorizerLockImpl (AuthorizerLockImpl.java:unlockWriteInOMRequest(181)) - Restored omRequestWriteLockStamp to 0, omRequestWriteLockHolderTid to 0
2024-07-20 16:54:51,665 [omNode-1-OMStateMachineApplyTransactionThread - 0] DEBUG multitenant.AuthorizerLockImpl (AuthorizerLockImpl.java:unlockWrite(122)) - Releasing authorizer write lock from thread 604 with stamp 12160
2024-07-20 16:54:51,666 | INFO  | OMAudit | user=runner | ip=127.0.0.1 | op=TENANT_ASSIGN_USER_ACCESSID {accessId=tenant-test-set-secret$alice, user=alice, tenant=tenant-test-set-secret} | ret=SUCCESS |  
2024-07-20 16:54:51,666 [omNode-1-OMStateMachineApplyTransactionThread - 0] INFO  tenant.OMTenantAssignUserAccessIdRequest (OMTenantAssignUserAccessIdRequest.java:validateAndUpdateCache(358)) - Assigned user 'alice' to tenant 'tenant-test-set-secret' with accessId 'tenant-test-set-secret$alice'
2024-07-20 16:54:51,667 [omNode-2-OMStateMachineApplyTransactionThread - 0] INFO  om.S3SecretManager (S3SecretManager.java:updateCache(105)) - Updating cache for accessId/user: tenant-test-set-secret$alice.
2024-07-20 16:54:51,667 [omNode-2-OMStateMachineApplyTransactionThread - 0] INFO  om.OMMultiTenantManagerImpl (OMMultiTenantManagerImpl.java:assignUserToTenant(626)) - Adding to cache: user 'alice' accessId 'tenant-test-set-secret$alice' in tenant 'tenant-test-set-secret'
2024-07-20 16:54:51,667 [omNode-2-OMStateMachineApplyTransactionThread - 0] DEBUG multitenant.AuthorizerLockImpl (AuthorizerLockImpl.java:unlockWriteInOMRequest(170)) - Authorizer write lock is not held in this lock instance. This OM might be follower, or leader changed. Ignored
2024-07-20 16:54:51,667 | INFO  | OMAudit | user=runner | ip=127.0.0.1 | op=TENANT_ASSIGN_USER_ACCESSID {accessId=tenant-test-set-secret$alice, user=alice, tenant=tenant-test-set-secret} | ret=SUCCESS |  
2024-07-20 16:54:51,667 [omNode-2-OMStateMachineApplyTransactionThread - 0] INFO  tenant.OMTenantAssignUserAccessIdRequest (OMTenantAssignUserAccessIdRequest.java:validateAndUpdateCache(358)) - Assigned user 'alice' to tenant 'tenant-test-set-secret' with accessId 'tenant-test-set-secret$alice'
2024-07-20 16:54:51,670 [main] INFO  shell.TestOzoneTenantShell (TestOzoneTenantShell.java:execute(212)) - Executing shell command with args [user, setsecret, tenant-test-set-secret$alice, --secret=somesecret1, --om-service-id=om-service-test1]
2024-07-20 16:54:51,671 [omNode-3-OMStateMachineApplyTransactionThread - 0] INFO  om.S3SecretManager (S3SecretManager.java:updateCache(105)) - Updating cache for accessId/user: tenant-test-set-secret$alice.
2024-07-20 16:54:51,672 [omNode-3-OMStateMachineApplyTransactionThread - 0] INFO  om.OMMultiTenantManagerImpl (OMMultiTenantManagerImpl.java:assignUserToTenant(626)) - Adding to cache: user 'alice' accessId 'tenant-test-set-secret$alice' in tenant 'tenant-test-set-secret'
2024-07-20 16:54:51,672 [omNode-3-OMStateMachineApplyTransactionThread - 0] DEBUG multitenant.AuthorizerLockImpl (AuthorizerLockImpl.java:unlockWriteInOMRequest(170)) - Authorizer write lock is not held in this lock instance. This OM might be follower, or leader changed. Ignored
2024-07-20 16:54:51,672 | INFO  | OMAudit | user=runner | ip=127.0.0.1 | op=TENANT_ASSIGN_USER_ACCESSID {accessId=tenant-test-set-secret$alice, user=alice, tenant=tenant-test-set-secret} | ret=SUCCESS |  
2024-07-20 16:54:51,672 [omNode-3-OMStateMachineApplyTransactionThread - 0] INFO  tenant.OMTenantAssignUserAccessIdRequest (OMTenantAssignUserAccessIdRequest.java:validateAndUpdateCache(358)) - Assigned user 'alice' to tenant 'tenant-test-set-secret' with accessId 'tenant-test-set-secret$alice'
2024-07-20 16:54:51,689 | INFO  | OMAudit | user=runner | ip=127.0.0.1 | op=GET_SERVICE_LIST {} | ret=SUCCESS |  
2024-07-20 16:54:51,695 [omNode-1-OMStateMachineApplyTransactionThread - 0] INFO  om.S3SecretManager (S3SecretManager.java:updateCache(105)) - Updating cache for accessId/user: tenant-test-set-secret$alice.
2024-07-20 16:54:51,695 [omNode-1-OMStateMachineApplyTransactionThread - 0] INFO  om.S3SecretManager (S3SecretManager.java:updateCache(105)) - Updating cache for accessId/user: tenant-test-set-secret$alice.
2024-07-20 16:54:51,696 | INFO  | OMAudit | user= | ip= | op=SET_S3_SECRET {S3SetSecretUser=tenant-test-set-secret$alice} | ret=SUCCESS |  
2024-07-20 16:54:51,697 [main] INFO  shell.TestOzoneTenantShell (TestOzoneTenantShell.java:execute(212)) - Executing shell command with args [user, setsecret, tenant-test-set-secret$alice, --secret=short, --om-service-id=om-service-test1]
2024-07-20 16:54:51,698 [omNode-2-OMStateMachineApplyTransactionThread - 0] INFO  om.S3SecretManager (S3SecretManager.java:updateCache(105)) - Updating cache for accessId/user: tenant-test-set-secret$alice.
2024-07-20 16:54:51,698 [omNode-2-OMStateMachineApplyTransactionThread - 0] INFO  om.S3SecretManager (S3SecretManager.java:updateCache(105)) - Updating cache for accessId/user: tenant-test-set-secret$alice.
2024-07-20 16:54:51,698 | INFO  | OMAudit | user= | ip= | op=SET_S3_SECRET {S3SetSecretUser=tenant-test-set-secret$alice} | ret=SUCCESS |  
2024-07-20 16:54:51,701 [omNode-3-OMStateMachineApplyTransactionThread - 0] INFO  om.S3SecretManager (S3SecretManager.java:updateCache(105)) - Updating cache for accessId/user: tenant-test-set-secret$alice.
2024-07-20 16:54:51,701 [omNode-3-OMStateMachineApplyTransactionThread - 0] INFO  om.S3SecretManager (S3SecretManager.java:updateCache(105)) - Updating cache for accessId/user: tenant-test-set-secret$alice.
2024-07-20 16:54:51,702 | INFO  | OMAudit | user= | ip= | op=SET_S3_SECRET {S3SetSecretUser=tenant-test-set-secret$alice} | ret=SUCCESS |  
2024-07-20 16:54:51,718 | INFO  | OMAudit | user=runner | ip=127.0.0.1 | op=GET_SERVICE_LIST {} | ret=SUCCESS |  
2024-07-20 16:54:51,726 [main] INFO  shell.TestOzoneTenantShell (TestOzoneTenantShell.java:execute(212)) - Executing shell command with args [user, getsecret, tenant-test-set-secret$alice, --om-service-id=om-service-test1]
2024-07-20 16:54:51,745 | INFO  | OMAudit | user=runner | ip=127.0.0.1 | op=GET_SERVICE_LIST {} | ret=SUCCESS |  
2024-07-20 16:54:51,758 [omNode-1-OMStateMachineApplyTransactionThread - 0] INFO  om.S3SecretManager (S3SecretManager.java:updateCache(105)) - Updating cache for accessId/user: tenant-test-set-secret$alice.
2024-07-20 16:54:51,760 | INFO  | OMAudit | user=runner | ip=127.0.0.1 | op=GET_S3_SECRET {S3GetSecretUser=tenant-test-set-secret$alice} | ret=SUCCESS |  
2024-07-20 16:54:51,760 [omNode-2-OMStateMachineApplyTransactionThread - 0] INFO  om.S3SecretManager (S3SecretManager.java:updateCache(105)) - Updating cache for accessId/user: tenant-test-set-secret$alice.
2024-07-20 16:54:51,761 | INFO  | OMAudit | user=runner | ip=127.0.0.1 | op=GET_S3_SECRET {S3GetSecretUser=tenant-test-set-secret$alice} | ret=SUCCESS |  
2024-07-20 16:54:51,762 [omNode-3-OMStateMachineApplyTransactionThread - 0] INFO  om.S3SecretManager (S3SecretManager.java:updateCache(105)) - Updating cache for accessId/user: tenant-test-set-secret$alice.
2024-07-20 16:54:51,762 | INFO  | OMAudit | user=runner | ip=127.0.0.1 | op=GET_S3_SECRET {S3GetSecretUser=tenant-test-set-secret$alice} | ret=SUCCESS |  
2024-07-20 16:54:51,762 [main] INFO  shell.TestOzoneTenantShell (TestOzoneTenantShell.java:execute(212)) - Executing shell command with args [user, setsecret, tenant-test-set-secret$alice, --secret=somesecret2, --om-service-id=om-service-test1]
2024-07-20 16:54:51,780 | INFO  | OMAudit | user=alice | ip=127.0.0.1 | op=GET_SERVICE_LIST {} | ret=SUCCESS |  
2024-07-20 16:54:51,788 [omNode-1-OMStateMachineApplyTransactionThread - 0] INFO  om.S3SecretManager (S3SecretManager.java:updateCache(105)) - Updating cache for accessId/user: tenant-test-set-secret$alice.
2024-07-20 16:54:51,788 | INFO  | OMAudit | user= | ip= | op=SET_S3_SECRET {S3SetSecretUser=tenant-test-set-secret$alice} | ret=SUCCESS |  
2024-07-20 16:54:51,790 [omNode-2-OMStateMachineApplyTransactionThread - 0] INFO  om.S3SecretManager (S3SecretManager.java:updateCache(105)) - Updating cache for accessId/user: tenant-test-set-secret$alice.
2024-07-20 16:54:51,790 [omNode-3-OMStateMachineApplyTransactionThread - 0] INFO  om.S3SecretManager (S3SecretManager.java:updateCache(105)) - Updating cache for accessId/user: tenant-test-set-secret$alice.
2024-07-20 16:54:51,790 | INFO  | OMAudit | user= | ip= | op=SET_S3_SECRET {S3SetSecretUser=tenant-test-set-secret$alice} | ret=SUCCESS |  
2024-07-20 16:54:51,790 | INFO  | OMAudit | user= | ip= | op=SET_S3_SECRET {S3SetSecretUser=tenant-test-set-secret$alice} | ret=SUCCESS |  
2024-07-20 16:54:51,790 [main] INFO  shell.TestOzoneTenantShell (TestOzoneTenantShell.java:execute(212)) - Executing shell command with args [user, assign, bob, --tenant=tenant-test-set-secret, --om-service-id=om-service-test1]
2024-07-20 16:54:51,810 | INFO  | OMAudit | user=runner | ip=127.0.0.1 | op=GET_SERVICE_LIST {} | ret=SUCCESS |  
2024-07-20 16:54:51,813 [IPC Server handler 12 on default port 15004] DEBUG multitenant.AuthorizerLockImpl (AuthorizerLockImpl.java:tryWriteLock(109)) - Trying to acquire authorizer write lock from thread 433
2024-07-20 16:54:51,814 [IPC Server handler 12 on default port 15004] DEBUG multitenant.AuthorizerLockImpl (AuthorizerLockImpl.java:tryWriteLockThrowOnTimeout(142)) - Acquired authorizer write lock from thread 433 with stamp 12416
2024-07-20 16:54:51,814 [IPC Server handler 12 on default port 15004] DEBUG multitenant.AuthorizerLockImpl (AuthorizerLockImpl.java:tryWriteLockInOMRequest(160)) - Set omRequestWriteLockStamp to 12416, omRequestWriteLockHolderTid to 433
2024-07-20 16:54:51,819 [omNode-1-OMStateMachineApplyTransactionThread - 0] INFO  om.S3SecretManager (S3SecretManager.java:updateCache(105)) - Updating cache for accessId/user: tenant-test-set-secret$bob.
2024-07-20 16:54:51,819 [omNode-1-OMStateMachineApplyTransactionThread - 0] INFO  om.OMMultiTenantManagerImpl (OMMultiTenantManagerImpl.java:assignUserToTenant(626)) - Adding to cache: user 'bob' accessId 'tenant-test-set-secret$bob' in tenant 'tenant-test-set-secret'
2024-07-20 16:54:51,820 [omNode-1-OMStateMachineApplyTransactionThread - 0] DEBUG multitenant.AuthorizerLockImpl (AuthorizerLockImpl.java:unlockWriteInOMRequest(181)) - Restored omRequestWriteLockStamp to 0, omRequestWriteLockHolderTid to 0
2024-07-20 16:54:51,820 [omNode-1-OMStateMachineApplyTransactionThread - 0] DEBUG multitenant.AuthorizerLockImpl (AuthorizerLockImpl.java:unlockWrite(122)) - Releasing authorizer write lock from thread 604 with stamp 12416
2024-07-20 16:54:51,820 | INFO  | OMAudit | user=runner | ip=127.0.0.1 | op=TENANT_ASSIGN_USER_ACCESSID {accessId=tenant-test-set-secret$bob, user=bob, tenant=tenant-test-set-secret} | ret=SUCCESS |  
2024-07-20 16:54:51,820 [omNode-1-OMStateMachineApplyTransactionThread - 0] INFO  tenant.OMTenantAssignUserAccessIdRequest (OMTenantAssignUserAccessIdRequest.java:validateAndUpdateCache(358)) - Assigned user 'bob' to tenant 'tenant-test-set-secret' with accessId 'tenant-test-set-secret$bob'
2024-07-20 16:54:51,820 [omNode-2-OMStateMachineApplyTransactionThread - 0] INFO  om.S3SecretManager (S3SecretManager.java:updateCache(105)) - Updating cache for accessId/user: tenant-test-set-secret$bob.
2024-07-20 16:54:51,820 [omNode-2-OMStateMachineApplyTransactionThread - 0] INFO  om.OMMultiTenantManagerImpl (OMMultiTenantManagerImpl.java:assignUserToTenant(626)) - Adding to cache: user 'bob' accessId 'tenant-test-set-secret$bob' in tenant 'tenant-test-set-secret'
2024-07-20 16:54:51,821 [omNode-2-OMStateMachineApplyTransactionThread - 0] DEBUG multitenant.AuthorizerLockImpl (AuthorizerLockImpl.java:unlockWriteInOMRequest(170)) - Authorizer write lock is not held in this lock instance. This OM might be follower, or leader changed. Ignored
2024-07-20 16:54:51,821 | INFO  | OMAudit | user=runner | ip=127.0.0.1 | op=TENANT_ASSIGN_USER_ACCESSID {accessId=tenant-test-set-secret$bob, user=bob, tenant=tenant-test-set-secret} | ret=SUCCESS |  
2024-07-20 16:54:51,821 [omNode-2-OMStateMachineApplyTransactionThread - 0] INFO  tenant.OMTenantAssignUserAccessIdRequest (OMTenantAssignUserAccessIdRequest.java:validateAndUpdateCache(358)) - Assigned user 'bob' to tenant 'tenant-test-set-secret' with accessId 'tenant-test-set-secret$bob'
2024-07-20 16:54:51,823 [main] INFO  shell.TestOzoneTenantShell (TestOzoneTenantShell.java:execute(212)) - Executing shell command with args [user, setsecret, tenant-test-set-secret$alice, --secret=somesecret2, --om-service-id=om-service-test1]
2024-07-20 16:54:51,824 [omNode-3-OMStateMachineApplyTransactionThread - 0] INFO  om.S3SecretManager (S3SecretManager.java:updateCache(105)) - Updating cache for accessId/user: tenant-test-set-secret$bob.
2024-07-20 16:54:51,824 [omNode-3-OMStateMachineApplyTransactionThread - 0] INFO  om.OMMultiTenantManagerImpl (OMMultiTenantManagerImpl.java:assignUserToTenant(626)) - Adding to cache: user 'bob' accessId 'tenant-test-set-secret$bob' in tenant 'tenant-test-set-secret'
2024-07-20 16:54:51,824 [omNode-3-OMStateMachineApplyTransactionThread - 0] DEBUG multitenant.AuthorizerLockImpl (AuthorizerLockImpl.java:unlockWriteInOMRequest(170)) - Authorizer write lock is not held in this lock instance. This OM might be follower, or leader changed. Ignored
2024-07-20 16:54:51,824 | INFO  | OMAudit | user=runner | ip=127.0.0.1 | op=TENANT_ASSIGN_USER_ACCESSID {accessId=tenant-test-set-secret$bob, user=bob, tenant=tenant-test-set-secret} | ret=SUCCESS |  
2024-07-20 16:54:51,824 [omNode-3-OMStateMachineApplyTransactionThread - 0] INFO  tenant.OMTenantAssignUserAccessIdRequest (OMTenantAssignUserAccessIdRequest.java:validateAndUpdateCache(358)) - Assigned user 'bob' to tenant 'tenant-test-set-secret' with accessId 'tenant-test-set-secret$bob'
2024-07-20 16:54:51,847 | INFO  | OMAudit | user=bob | ip=127.0.0.1 | op=GET_SERVICE_LIST {} | ret=SUCCESS |  
2024-07-20 16:54:51,851 [main] INFO  shell.TestOzoneTenantShell (TestOzoneTenantShell.java:execute(212)) - Executing shell command with args [user, assign-admin, tenant-test-set-secret$bob, --tenant=tenant-test-set-secret, --delegated=false, --om-service-id=om-service-test1]
2024-07-20 16:54:51,871 | INFO  | OMAudit | user=runner | ip=127.0.0.1 | op=GET_SERVICE_LIST {} | ret=SUCCESS |  
2024-07-20 16:54:51,874 [IPC Server handler 19 on default port 15004] DEBUG multitenant.AuthorizerLockImpl (AuthorizerLockImpl.java:tryWriteLock(109)) - Trying to acquire authorizer write lock from thread 440
2024-07-20 16:54:51,875 [IPC Server handler 19 on default port 15004] DEBUG multitenant.AuthorizerLockImpl (AuthorizerLockImpl.java:tryWriteLockThrowOnTimeout(142)) - Acquired authorizer write lock from thread 440 with stamp 12672
2024-07-20 16:54:51,875 [IPC Server handler 19 on default port 15004] DEBUG multitenant.AuthorizerLockImpl (AuthorizerLockImpl.java:tryWriteLockInOMRequest(160)) - Set omRequestWriteLockStamp to 12672, omRequestWriteLockHolderTid to 440
2024-07-20 16:54:51,879 [omNode-1-OMStateMachineApplyTransactionThread - 0] INFO  om.OMMultiTenantManagerImpl (OMMultiTenantManagerImpl.java:assignTenantAdmin(667)) - Updating cache: accessId 'tenant-test-set-secret$bob' isAdmin 'true' isDelegated 'false'
2024-07-20 16:54:51,879 [omNode-1-OMStateMachineApplyTransactionThread - 0] DEBUG multitenant.AuthorizerLockImpl (AuthorizerLockImpl.java:unlockWriteInOMRequest(181)) - Restored omRequestWriteLockStamp to 0, omRequestWriteLockHolderTid to 0
2024-07-20 16:54:51,880 [omNode-1-OMStateMachineApplyTransactionThread - 0] DEBUG multitenant.AuthorizerLockImpl (AuthorizerLockImpl.java:unlockWrite(122)) - Releasing authorizer write lock from thread 604 with stamp 12672
2024-07-20 16:54:51,880 | INFO  | OMAudit | user=runner | ip=127.0.0.1 | op=TENANT_ASSIGN_ADMIN {tenant=tenant-test-set-secret} | ret=SUCCESS |  
2024-07-20 16:54:51,880 [omNode-1-OMStateMachineApplyTransactionThread - 0] INFO  tenant.OMTenantAssignAdminRequest (OMTenantAssignAdminRequest.java:validateAndUpdateCache(245)) - Assigned admin to accessId 'tenant-test-set-secret$bob' in tenant 'tenant-test-set-secret', delegated: false
2024-07-20 16:54:51,880 [omNode-2-OMStateMachineApplyTransactionThread - 0] INFO  om.OMMultiTenantManagerImpl (OMMultiTenantManagerImpl.java:assignTenantAdmin(667)) - Updating cache: accessId 'tenant-test-set-secret$bob' isAdmin 'true' isDelegated 'false'
2024-07-20 16:54:51,880 [omNode-2-OMStateMachineApplyTransactionThread - 0] DEBUG multitenant.AuthorizerLockImpl (AuthorizerLockImpl.java:unlockWriteInOMRequest(170)) - Authorizer write lock is not held in this lock instance. This OM might be follower, or leader changed. Ignored
2024-07-20 16:54:51,880 | INFO  | OMAudit | user=runner | ip=127.0.0.1 | op=TENANT_ASSIGN_ADMIN {tenant=tenant-test-set-secret} | ret=SUCCESS |  
2024-07-20 16:54:51,881 [omNode-2-OMStateMachineApplyTransactionThread - 0] INFO  tenant.OMTenantAssignAdminRequest (OMTenantAssignAdminRequest.java:validateAndUpdateCache(245)) - Assigned admin to accessId 'tenant-test-set-secret$bob' in tenant 'tenant-test-set-secret', delegated: false
2024-07-20 16:54:51,884 [main] INFO  shell.TestOzoneTenantShell (TestOzoneTenantShell.java:execute(212)) - Executing shell command with args [user, setsecret, tenant-test-set-secret$alice, --secret=somesecret2, --om-service-id=om-service-test1]
2024-07-20 16:54:51,884 [omNode-3-OMStateMachineApplyTransactionThread - 0] INFO  om.OMMultiTenantManagerImpl (OMMultiTenantManagerImpl.java:assignTenantAdmin(667)) - Updating cache: accessId 'tenant-test-set-secret$bob' isAdmin 'true' isDelegated 'false'
2024-07-20 16:54:51,884 [omNode-3-OMStateMachineApplyTransactionThread - 0] DEBUG multitenant.AuthorizerLockImpl (AuthorizerLockImpl.java:unlockWriteInOMRequest(170)) - Authorizer write lock is not held in this lock instance. This OM might be follower, or leader changed. Ignored
2024-07-20 16:54:51,884 | INFO  | OMAudit | user=runner | ip=127.0.0.1 | op=TENANT_ASSIGN_ADMIN {tenant=tenant-test-set-secret} | ret=SUCCESS |  
2024-07-20 16:54:51,884 [omNode-3-OMStateMachineApplyTransactionThread - 0] INFO  tenant.OMTenantAssignAdminRequest (OMTenantAssignAdminRequest.java:validateAndUpdateCache(245)) - Assigned admin to accessId 'tenant-test-set-secret$bob' in tenant 'tenant-test-set-secret', delegated: false
2024-07-20 16:54:51,911 | INFO  | OMAudit | user=bob | ip=127.0.0.1 | op=GET_SERVICE_LIST {} | ret=SUCCESS |  
2024-07-20 16:54:51,918 [omNode-1-OMStateMachineApplyTransactionThread - 0] INFO  om.S3SecretManager (S3SecretManager.java:updateCache(105)) - Updating cache for accessId/user: tenant-test-set-secret$alice.
2024-07-20 16:54:51,918 [omNode-1-OMStateMachineApplyTransactionThread - 0] INFO  om.S3SecretManager (S3SecretManager.java:updateCache(105)) - Updating cache for accessId/user: tenant-test-set-secret$alice.
2024-07-20 16:54:51,918 | INFO  | OMAudit | user= | ip= | op=SET_S3_SECRET {S3SetSecretUser=tenant-test-set-secret$alice} | ret=SUCCESS |  
2024-07-20 16:54:51,920 [main] INFO  shell.TestOzoneTenantShell (TestOzoneTenantShell.java:execute(212)) - Executing shell command with args [user, revoke-admin, tenant-test-set-secret$bob, --om-service-id=om-service-test1]
2024-07-20 16:54:51,921 [omNode-2-OMStateMachineApplyTransactionThread - 0] INFO  om.S3SecretManager (S3SecretManager.java:updateCache(105)) - Updating cache for accessId/user: tenant-test-set-secret$alice.
2024-07-20 16:54:51,921 [omNode-2-OMStateMachineApplyTransactionThread - 0] INFO  om.S3SecretManager (S3SecretManager.java:updateCache(105)) - Updating cache for accessId/user: tenant-test-set-secret$alice.
2024-07-20 16:54:51,921 | INFO  | OMAudit | user= | ip= | op=SET_S3_SECRET {S3SetSecretUser=tenant-test-set-secret$alice} | ret=SUCCESS |  
2024-07-20 16:54:51,921 [omNode-3-OMStateMachineApplyTransactionThread - 0] INFO  om.S3SecretManager (S3SecretManager.java:updateCache(105)) - Updating cache for accessId/user: tenant-test-set-secret$alice.
2024-07-20 16:54:51,922 [omNode-3-OMStateMachineApplyTransactionThread - 0] INFO  om.S3SecretManager (S3SecretManager.java:updateCache(105)) - Updating cache for accessId/user: tenant-test-set-secret$alice.
2024-07-20 16:54:51,922 | INFO  | OMAudit | user= | ip= | op=SET_S3_SECRET {S3SetSecretUser=tenant-test-set-secret$alice} | ret=SUCCESS |  
2024-07-20 16:54:51,939 | INFO  | OMAudit | user=runner | ip=127.0.0.1 | op=GET_SERVICE_LIST {} | ret=SUCCESS |  
2024-07-20 16:54:51,941 [IPC Server handler 3 on default port 15004] DEBUG multitenant.AuthorizerLockImpl (AuthorizerLockImpl.java:tryWriteLock(109)) - Trying to acquire authorizer write lock from thread 424
2024-07-20 16:54:51,941 [IPC Server handler 3 on default port 15004] DEBUG multitenant.AuthorizerLockImpl (AuthorizerLockImpl.java:tryWriteLockThrowOnTimeout(142)) - Acquired authorizer write lock from thread 424 with stamp 12928
2024-07-20 16:54:51,942 [IPC Server handler 3 on default port 15004] DEBUG multitenant.AuthorizerLockImpl (AuthorizerLockImpl.java:tryWriteLockInOMRequest(160)) - Set omRequestWriteLockStamp to 12928, omRequestWriteLockHolderTid to 424
2024-07-20 16:54:51,945 [omNode-1-OMStateMachineApplyTransactionThread - 0] INFO  om.OMMultiTenantManagerImpl (OMMultiTenantManagerImpl.java:revokeTenantAdmin(686)) - Updating cache: accessId 'tenant-test-set-secret$bob' isAdmin 'false' isDelegated 'false'
2024-07-20 16:54:51,946 [omNode-1-OMStateMachineApplyTransactionThread - 0] DEBUG multitenant.AuthorizerLockImpl (AuthorizerLockImpl.java:unlockWriteInOMRequest(181)) - Restored omRequestWriteLockStamp to 0, omRequestWriteLockHolderTid to 0
2024-07-20 16:54:51,946 [omNode-1-OMStateMachineApplyTransactionThread - 0] DEBUG multitenant.AuthorizerLockImpl (AuthorizerLockImpl.java:unlockWrite(122)) - Releasing authorizer write lock from thread 604 with stamp 12928
2024-07-20 16:54:51,946 | INFO  | OMAudit | user=runner | ip=127.0.0.1 | op=TENANT_REVOKE_ADMIN {tenant=tenant-test-set-secret} | ret=SUCCESS |  
2024-07-20 16:54:51,946 [omNode-1-OMStateMachineApplyTransactionThread - 0] INFO  tenant.OMTenantRevokeAdminRequest (OMTenantRevokeAdminRequest.java:validateAndUpdateCache(235)) - Revoked admin of accessId 'tenant-test-set-secret$bob' from tenant 'tenant-test-set-secret'
2024-07-20 16:54:51,948 [main] INFO  shell.TestOzoneTenantShell (TestOzoneTenantShell.java:execute(212)) - Executing shell command with args [user, revoke, tenant-test-set-secret$bob, --om-service-id=om-service-test1]
2024-07-20 16:54:51,948 [omNode-2-OMStateMachineApplyTransactionThread - 0] INFO  om.OMMultiTenantManagerImpl (OMMultiTenantManagerImpl.java:revokeTenantAdmin(686)) - Updating cache: accessId 'tenant-test-set-secret$bob' isAdmin 'false' isDelegated 'false'
2024-07-20 16:54:51,948 [omNode-2-OMStateMachineApplyTransactionThread - 0] DEBUG multitenant.AuthorizerLockImpl (AuthorizerLockImpl.java:unlockWriteInOMRequest(170)) - Authorizer write lock is not held in this lock instance. This OM might be follower, or leader changed. Ignored
2024-07-20 16:54:51,948 [omNode-3-OMStateMachineApplyTransactionThread - 0] INFO  om.OMMultiTenantManagerImpl (OMMultiTenantManagerImpl.java:revokeTenantAdmin(686)) - Updating cache: accessId 'tenant-test-set-secret$bob' isAdmin 'false' isDelegated 'false'
2024-07-20 16:54:51,948 | INFO  | OMAudit | user=runner | ip=127.0.0.1 | op=TENANT_REVOKE_ADMIN {tenant=tenant-test-set-secret} | ret=SUCCESS |  
2024-07-20 16:54:51,949 [omNode-3-OMStateMachineApplyTransactionThread - 0] DEBUG multitenant.AuthorizerLockImpl (AuthorizerLockImpl.java:unlockWriteInOMRequest(170)) - Authorizer write lock is not held in this lock instance. This OM might be follower, or leader changed. Ignored
2024-07-20 16:54:51,949 | INFO  | OMAudit | user=runner | ip=127.0.0.1 | op=TENANT_REVOKE_ADMIN {tenant=tenant-test-set-secret} | ret=SUCCESS |  
2024-07-20 16:54:51,950 [omNode-3-OMStateMachineApplyTransactionThread - 0] INFO  tenant.OMTenantRevokeAdminRequest (OMTenantRevokeAdminRequest.java:validateAndUpdateCache(235)) - Revoked admin of accessId 'tenant-test-set-secret$bob' from tenant 'tenant-test-set-secret'
2024-07-20 16:54:51,949 [omNode-2-OMStateMachineApplyTransactionThread - 0] INFO  tenant.OMTenantRevokeAdminRequest (OMTenantRevokeAdminRequest.java:validateAndUpdateCache(235)) - Revoked admin of accessId 'tenant-test-set-secret$bob' from tenant 'tenant-test-set-secret'
2024-07-20 16:54:51,968 | INFO  | OMAudit | user=runner | ip=127.0.0.1 | op=GET_SERVICE_LIST {} | ret=SUCCESS |  
2024-07-20 16:54:51,972 [IPC Server handler 4 on default port 15004] DEBUG multitenant.AuthorizerLockImpl (AuthorizerLockImpl.java:tryWriteLock(109)) - Trying to acquire authorizer write lock from thread 425
2024-07-20 16:54:51,972 [IPC Server handler 4 on default port 15004] DEBUG multitenant.AuthorizerLockImpl (AuthorizerLockImpl.java:tryWriteLockThrowOnTimeout(142)) - Acquired authorizer write lock from thread 425 with stamp 13184
2024-07-20 16:54:51,972 [IPC Server handler 4 on default port 15004] DEBUG multitenant.AuthorizerLockImpl (AuthorizerLockImpl.java:tryWriteLockInOMRequest(160)) - Set omRequestWriteLockStamp to 13184, omRequestWriteLockHolderTid to 425
2024-07-20 16:54:51,976 [omNode-1-OMStateMachineApplyTransactionThread - 0] INFO  om.OMMultiTenantManagerImpl (OMMultiTenantManagerImpl.java:revokeUserAccessId(640)) - Removing from cache: accessId 'tenant-test-set-secret$bob' in tenant 'tenant-test-set-secret'
2024-07-20 16:54:51,976 [omNode-1-OMStateMachineApplyTransactionThread - 0] DEBUG multitenant.AuthorizerLockImpl (AuthorizerLockImpl.java:unlockWriteInOMRequest(181)) - Restored omRequestWriteLockStamp to 0, omRequestWriteLockHolderTid to 0
2024-07-20 16:54:51,976 [omNode-1-OMStateMachineApplyTransactionThread - 0] DEBUG multitenant.AuthorizerLockImpl (AuthorizerLockImpl.java:unlockWrite(122)) - Releasing authorizer write lock from thread 604 with stamp 13184
2024-07-20 16:54:51,976 | INFO  | OMAudit | user=runner | ip=127.0.0.1 | op=TENANT_REVOKE_USER_ACCESSID {accessId=tenant-test-set-secret$bob, userPrincipal=bob, tenant=tenant-test-set-secret} | ret=SUCCESS |  
2024-07-20 16:54:51,976 [omNode-1-OMStateMachineApplyTransactionThread - 0] INFO  tenant.OMTenantRevokeUserAccessIdRequest (OMTenantRevokeUserAccessIdRequest.java:validateAndUpdateCache(255)) - Revoked user 'bob' accessId 'tenant-test-set-secret$bob' to tenant 'tenant-test-set-secret'
2024-07-20 16:54:51,977 [omNode-3-OMStateMachineApplyTransactionThread - 0] INFO  om.OMMultiTenantManagerImpl (OMMultiTenantManagerImpl.java:revokeUserAccessId(640)) - Removing from cache: accessId 'tenant-test-set-secret$bob' in tenant 'tenant-test-set-secret'
2024-07-20 16:54:51,978 [omNode-3-OMStateMachineApplyTransactionThread - 0] DEBUG multitenant.AuthorizerLockImpl (AuthorizerLockImpl.java:unlockWriteInOMRequest(170)) - Authorizer write lock is not held in this lock instance. This OM might be follower, or leader changed. Ignored
2024-07-20 16:54:51,978 | INFO  | OMAudit | user=runner | ip=127.0.0.1 | op=TENANT_REVOKE_USER_ACCESSID {accessId=tenant-test-set-secret$bob, userPrincipal=bob, tenant=tenant-test-set-secret} | ret=SUCCESS |  
2024-07-20 16:54:51,978 [omNode-3-OMStateMachineApplyTransactionThread - 0] INFO  tenant.OMTenantRevokeUserAccessIdRequest (OMTenantRevokeUserAccessIdRequest.java:validateAndUpdateCache(255)) - Revoked user 'bob' accessId 'tenant-test-set-secret$bob' to tenant 'tenant-test-set-secret'
2024-07-20 16:54:51,978 [omNode-2-OMStateMachineApplyTransactionThread - 0] INFO  om.OMMultiTenantManagerImpl (OMMultiTenantManagerImpl.java:revokeUserAccessId(640)) - Removing from cache: accessId 'tenant-test-set-secret$bob' in tenant 'tenant-test-set-secret'
2024-07-20 16:54:51,978 [omNode-2-OMStateMachineApplyTransactionThread - 0] DEBUG multitenant.AuthorizerLockImpl (AuthorizerLockImpl.java:unlockWriteInOMRequest(170)) - Authorizer write lock is not held in this lock instance. This OM might be follower, or leader changed. Ignored
2024-07-20 16:54:51,978 | INFO  | OMAudit | user=runner | ip=127.0.0.1 | op=TENANT_REVOKE_USER_ACCESSID {accessId=tenant-test-set-secret$bob, userPrincipal=bob, tenant=tenant-test-set-secret} | ret=SUCCESS |  
2024-07-20 16:54:51,979 [omNode-2-OMStateMachineApplyTransactionThread - 0] INFO  tenant.OMTenantRevokeUserAccessIdRequest (OMTenantRevokeUserAccessIdRequest.java:validateAndUpdateCache(255)) - Revoked user 'bob' accessId 'tenant-test-set-secret$bob' to tenant 'tenant-test-set-secret'
2024-07-20 16:54:51,982 [main] INFO  shell.TestOzoneTenantShell (TestOzoneTenantShell.java:execute(212)) - Executing shell command with args [user, revoke, tenant-test-set-secret$alice, --om-service-id=om-service-test1]
2024-07-20 16:54:52,003 | INFO  | OMAudit | user=runner | ip=127.0.0.1 | op=GET_SERVICE_LIST {} | ret=SUCCESS |  
2024-07-20 16:54:52,007 [IPC Server handler 10 on default port 15004] DEBUG multitenant.AuthorizerLockImpl (AuthorizerLockImpl.java:tryWriteLock(109)) - Trying to acquire authorizer write lock from thread 431
2024-07-20 16:54:52,007 [IPC Server handler 10 on default port 15004] DEBUG multitenant.AuthorizerLockImpl (AuthorizerLockImpl.java:tryWriteLockThrowOnTimeout(142)) - Acquired authorizer write lock from thread 431 with stamp 13440
2024-07-20 16:54:52,007 [IPC Server handler 10 on default port 15004] DEBUG multitenant.AuthorizerLockImpl (AuthorizerLockImpl.java:tryWriteLockInOMRequest(160)) - Set omRequestWriteLockStamp to 13440, omRequestWriteLockHolderTid to 431
2024-07-20 16:54:52,011 [omNode-1-OMStateMachineApplyTransactionThread - 0] INFO  om.OMMultiTenantManagerImpl (OMMultiTenantManagerImpl.java:revokeUserAccessId(640)) - Removing from cache: accessId 'tenant-test-set-secret$alice' in tenant 'tenant-test-set-secret'
2024-07-20 16:54:52,011 [omNode-1-OMStateMachineApplyTransactionThread - 0] DEBUG multitenant.AuthorizerLockImpl (AuthorizerLockImpl.java:unlockWriteInOMRequest(181)) - Restored omRequestWriteLockStamp to 0, omRequestWriteLockHolderTid to 0
2024-07-20 16:54:52,011 [omNode-1-OMStateMachineApplyTransactionThread - 0] DEBUG multitenant.AuthorizerLockImpl (AuthorizerLockImpl.java:unlockWrite(122)) - Releasing authorizer write lock from thread 604 with stamp 13440
2024-07-20 16:54:52,013 [omNode-2-OMStateMachineApplyTransactionThread - 0] INFO  om.OMMultiTenantManagerImpl (OMMultiTenantManagerImpl.java:revokeUserAccessId(640)) - Removing from cache: accessId 'tenant-test-set-secret$alice' in tenant 'tenant-test-set-secret'
2024-07-20 16:54:52,013 [omNode-3-OMStateMachineApplyTransactionThread - 0] INFO  om.OMMultiTenantManagerImpl (OMMultiTenantManagerImpl.java:revokeUserAccessId(640)) - Removing from cache: accessId 'tenant-test-set-secret$alice' in tenant 'tenant-test-set-secret'
2024-07-20 16:54:52,013 [omNode-2-OMStateMachineApplyTransactionThread - 0] DEBUG multitenant.AuthorizerLockImpl (AuthorizerLockImpl.java:unlockWriteInOMRequest(170)) - Authorizer write lock is not held in this lock instance. This OM might be follower, or leader changed. Ignored
2024-07-20 16:54:52,013 [omNode-3-OMStateMachineApplyTransactionThread - 0] DEBUG multitenant.AuthorizerLockImpl (AuthorizerLockImpl.java:unlockWriteInOMRequest(170)) - Authorizer write lock is not held in this lock instance. This OM might be follower, or leader changed. Ignored
2024-07-20 16:54:52,013 | INFO  | OMAudit | user=runner | ip=127.0.0.1 | op=TENANT_REVOKE_USER_ACCESSID {accessId=tenant-test-set-secret$alice, userPrincipal=alice, tenant=tenant-test-set-secret} | ret=SUCCESS |  
2024-07-20 16:54:52,013 | INFO  | OMAudit | user=runner | ip=127.0.0.1 | op=TENANT_REVOKE_USER_ACCESSID {accessId=tenant-test-set-secret$alice, userPrincipal=alice, tenant=tenant-test-set-secret} | ret=SUCCESS |  
2024-07-20 16:54:52,014 [omNode-3-OMStateMachineApplyTransactionThread - 0] INFO  tenant.OMTenantRevokeUserAccessIdRequest (OMTenantRevokeUserAccessIdRequest.java:validateAndUpdateCache(255)) - Revoked user 'alice' accessId 'tenant-test-set-secret$alice' to tenant 'tenant-test-set-secret'
2024-07-20 16:54:52,014 | INFO  | OMAudit | user=runner | ip=127.0.0.1 | op=TENANT_REVOKE_USER_ACCESSID {accessId=tenant-test-set-secret$alice, userPrincipal=alice, tenant=tenant-test-set-secret} | ret=SUCCESS |  
2024-07-20 16:54:52,014 [omNode-1-OMStateMachineApplyTransactionThread - 0] INFO  tenant.OMTenantRevokeUserAccessIdRequest (OMTenantRevokeUserAccessIdRequest.java:validateAndUpdateCache(255)) - Revoked user 'alice' accessId 'tenant-test-set-secret$alice' to tenant 'tenant-test-set-secret'
2024-07-20 16:54:52,015 [omNode-2-OMStateMachineApplyTransactionThread - 0] INFO  tenant.OMTenantRevokeUserAccessIdRequest (OMTenantRevokeUserAccessIdRequest.java:validateAndUpdateCache(255)) - Revoked user 'alice' accessId 'tenant-test-set-secret$alice' to tenant 'tenant-test-set-secret'
2024-07-20 16:54:52,016 [main] INFO  shell.TestOzoneTenantShell (TestOzoneTenantShell.java:execute(212)) - Executing shell command with args [delete, tenant-test-set-secret, --om-service-id=om-service-test1]
2024-07-20 16:54:52,033 | INFO  | OMAudit | user=runner | ip=127.0.0.1 | op=GET_SERVICE_LIST {} | ret=SUCCESS |  
2024-07-20 16:54:52,036 [IPC Server handler 14 on default port 15004] DEBUG multitenant.AuthorizerLockImpl (AuthorizerLockImpl.java:tryWriteLock(109)) - Trying to acquire authorizer write lock from thread 435
2024-07-20 16:54:52,036 [IPC Server handler 14 on default port 15004] DEBUG multitenant.AuthorizerLockImpl (AuthorizerLockImpl.java:tryWriteLockThrowOnTimeout(142)) - Acquired authorizer write lock from thread 435 with stamp 13696
2024-07-20 16:54:52,036 [IPC Server handler 14 on default port 15004] DEBUG multitenant.AuthorizerLockImpl (AuthorizerLockImpl.java:tryWriteLockInOMRequest(160)) - Set omRequestWriteLockStamp to 13696, omRequestWriteLockHolderTid to 435
2024-07-20 16:54:52,036 [IPC Server handler 14 on default port 15004] INFO  om.OMMultiTenantManagerImpl (OMMultiTenantManagerImpl.java:deleteTenant(323)) - Deleting tenant policies and roles from Ranger: OzoneTenant{tenantId='tenant-test-set-secret', tenantRoleNames=[tenant-test-set-secret-UserRole, tenant-test-set-secret-AdminRole], accessPolicies=[tenant-test-set-secret-VolumeAccess, tenant-test-set-secret-BucketAccess], accountNameSpace=org.apache.hadoop.ozone.om.multitenant.impl.AccountNameSpaceImpl@79929c38, bucketNameSpace=org.apache.hadoop.ozone.om.multitenant.impl.SingleVolumeTenantNamespace@5daae64b}
2024-07-20 16:54:52,041 [omNode-1-OMStateMachineApplyTransactionThread - 0] INFO  om.OMMultiTenantManagerImpl (OMMultiTenantManagerImpl.java:deleteTenant(602)) - Removing tenant from in-memory cache: tenant-test-set-secret
2024-07-20 16:54:52,041 [omNode-1-OMStateMachineApplyTransactionThread - 0] DEBUG multitenant.AuthorizerLockImpl (AuthorizerLockImpl.java:unlockWriteInOMRequest(181)) - Restored omRequestWriteLockStamp to 0, omRequestWriteLockHolderTid to 0
2024-07-20 16:54:52,041 [omNode-1-OMStateMachineApplyTransactionThread - 0] DEBUG multitenant.AuthorizerLockImpl (AuthorizerLockImpl.java:unlockWrite(122)) - Releasing authorizer write lock from thread 604 with stamp 13696
2024-07-20 16:54:52,041 | INFO  | OMAudit | user=runner | ip=127.0.0.1 | op=UPDATE_VOLUME {volume=tenant-test-set-secret} | ret=SUCCESS |  
2024-07-20 16:54:52,042 | INFO  | OMAudit | user=runner | ip=127.0.0.1 | op=DELETE_TENANT {tenant=tenant-test-set-secret} | ret=SUCCESS |  
2024-07-20 16:54:52,042 [omNode-1-OMStateMachineApplyTransactionThread - 0] INFO  tenant.OMTenantDeleteRequest (OMTenantDeleteRequest.java:validateAndUpdateCache(242)) - Deleted tenant 'tenant-test-set-secret' and volume 'tenant-test-set-secret'
2024-07-20 16:54:52,045 [main] INFO  shell.TestOzoneTenantShell (TestOzoneTenantShell.java:execute(212)) - Executing shell command with args [volume, delete, tenant-test-set-secret]
2024-07-20 16:54:52,047 [omNode-2-OMStateMachineApplyTransactionThread - 0] INFO  om.OMMultiTenantManagerImpl (OMMultiTenantManagerImpl.java:deleteTenant(602)) - Removing tenant from in-memory cache: tenant-test-set-secret
2024-07-20 16:54:52,047 [omNode-2-OMStateMachineApplyTransactionThread - 0] DEBUG multitenant.AuthorizerLockImpl (AuthorizerLockImpl.java:unlockWriteInOMRequest(170)) - Authorizer write lock is not held in this lock instance. This OM might be follower, or leader changed. Ignored
2024-07-20 16:54:52,047 | INFO  | OMAudit | user=runner | ip=127.0.0.1 | op=UPDATE_VOLUME {volume=tenant-test-set-secret} | ret=SUCCESS |  
2024-07-20 16:54:52,047 | INFO  | OMAudit | user=runner | ip=127.0.0.1 | op=DELETE_TENANT {tenant=tenant-test-set-secret} | ret=SUCCESS |  
2024-07-20 16:54:52,048 [omNode-2-OMStateMachineApplyTransactionThread - 0] INFO  tenant.OMTenantDeleteRequest (OMTenantDeleteRequest.java:validateAndUpdateCache(242)) - Deleted tenant 'tenant-test-set-secret' and volume 'tenant-test-set-secret'
2024-07-20 16:54:52,048 [omNode-3-OMStateMachineApplyTransactionThread - 0] INFO  om.OMMultiTenantManagerImpl (OMMultiTenantManagerImpl.java:deleteTenant(602)) - Removing tenant from in-memory cache: tenant-test-set-secret
2024-07-20 16:54:52,048 [omNode-3-OMStateMachineApplyTransactionThread - 0] DEBUG multitenant.AuthorizerLockImpl (AuthorizerLockImpl.java:unlockWriteInOMRequest(170)) - Authorizer write lock is not held in this lock instance. This OM might be follower, or leader changed. Ignored
2024-07-20 16:54:52,048 | INFO  | OMAudit | user=runner | ip=127.0.0.1 | op=UPDATE_VOLUME {volume=tenant-test-set-secret} | ret=SUCCESS |  
2024-07-20 16:54:52,049 | INFO  | OMAudit | user=runner | ip=127.0.0.1 | op=DELETE_TENANT {tenant=tenant-test-set-secret} | ret=SUCCESS |  
2024-07-20 16:54:52,049 [omNode-3-OMStateMachineApplyTransactionThread - 0] INFO  tenant.OMTenantDeleteRequest (OMTenantDeleteRequest.java:validateAndUpdateCache(242)) - Deleted tenant 'tenant-test-set-secret' and volume 'tenant-test-set-secret'
2024-07-20 16:54:52,064 | INFO  | OMAudit | user=runner | ip=127.0.0.1 | op=GET_SERVICE_LIST {} | ret=SUCCESS |  
2024-07-20 16:54:52,075 | INFO  | OMAudit | user=runner | ip=127.0.0.1 | op=DELETE_VOLUME {volume=tenant-test-set-secret} | ret=SUCCESS |  
2024-07-20 16:54:52,077 | INFO  | OMAudit | user=runner | ip=127.0.0.1 | op=DELETE_VOLUME {volume=tenant-test-set-secret} | ret=SUCCESS |  
2024-07-20 16:54:52,078 | INFO  | OMAudit | user=runner | ip=127.0.0.1 | op=DELETE_VOLUME {volume=tenant-test-set-secret} | ret=SUCCESS |  
2024-07-20 16:54:52,078 [main] INFO  shell.TestOzoneTenantShell (TestOzoneTenantShell.java:execute(212)) - Executing shell command with args [list, --om-service-id=om-service-test1]
2024-07-20 16:54:52,102 | INFO  | OMAudit | user=runner | ip=127.0.0.1 | op=GET_SERVICE_LIST {} | ret=SUCCESS |  
2024-07-20 16:54:52,109 | INFO  | OMAudit | user=runner | ip=127.0.0.1 | op=LIST_TENANT {} | ret=SUCCESS |  
]]></system-out>
  </testcase>
</testsuite>