<?xml version="1.0" encoding="UTF-8"?>
<testsuite xmlns:xsi="http://www.w3.org/2001/XMLSchema-instance" xsi:noNamespaceSchemaLocation="https://maven.apache.org/surefire/maven-surefire-plugin/xsd/surefire-test-report-3.0.xsd" version="3.0" name="org.apache.hadoop.fs.ozone.contract.ITestOzoneContractRootDir" time="54.691" tests="18" errors="0" skipped="0" failures="1">
  <properties>
    <property name="awt.toolkit" value="sun.awt.X11.XToolkit"/>
    <property name="file.encoding.pkg" value="sun.io"/>
    <property name="java.specification.version" value="1.8"/>
    <property name="sun.cpu.isalist" value=""/>
    <property name="sun.jnu.encoding" value="UTF-8"/>
    <property name="java.class.path" value="/home/runner/work/ozone/ozone/hadoop-ozone/integration-test/target/test-classes:/home/runner/work/ozone/ozone/hadoop-ozone/integration-test/target/classes:/home/runner/.m2/repository/org/apache/ozone/ozone-common/1.4.0-SNAPSHOT/ozone-common-1.4.0-SNAPSHOT.jar:/home/runner/.m2/repository/io/grpc/grpc-netty/1.51.1/grpc-netty-1.51.1.jar:/home/runner/.m2/repository/io/grpc/grpc-core/1.51.1/grpc-core-1.51.1.jar:/home/runner/.m2/repository/com/google/android/annotations/4.1.1.4/annotations-4.1.1.4.jar:/home/runner/.m2/repository/org/codehaus/mojo/animal-sniffer-annotations/1.21/animal-sniffer-annotations-1.21.jar:/home/runner/.m2/repository/com/google/errorprone/error_prone_annotations/2.2.0/error_prone_annotations-2.2.0.jar:/home/runner/.m2/repository/io/perfmark/perfmark-api/0.25.0/perfmark-api-0.25.0.jar:/home/runner/.m2/repository/io/netty/netty-codec-http2/4.1.86.Final/netty-codec-http2-4.1.86.Final.jar:/home/runner/.m2/repository/io/netty/netty-common/4.1.86.Final/netty-common-4.1.86.Final.jar:/home/runner/.m2/repository/io/netty/netty-buffer/4.1.86.Final/netty-buffer-4.1.86.Final.jar:/home/runner/.m2/repository/io/netty/netty-codec-http/4.1.86.Final/netty-codec-http-4.1.86.Final.jar:/home/runner/.m2/repository/io/netty/netty-handler-proxy/4.1.86.Final/netty-handler-proxy-4.1.86.Final.jar:/home/runner/.m2/repository/io/netty/netty-codec-socks/4.1.86.Final/netty-codec-socks-4.1.86.Final.jar:/home/runner/.m2/repository/io/netty/netty-tcnative-boringssl-static/2.0.54.Final/netty-tcnative-boringssl-static-2.0.54.Final.jar:/home/runner/.m2/repository/io/netty/netty-tcnative-classes/2.0.54.Final/netty-tcnative-classes-2.0.54.Final.jar:/home/runner/.m2/repository/io/netty/netty-tcnative-boringssl-static/2.0.54.Final/netty-tcnative-boringssl-static-2.0.54.Final-linux-x86_64.jar:/home/runner/.m2/repository/io/netty/netty-tcnative-boringssl-static/2.0.54.Final/netty-tcnative-boringssl-static-2.0.54.Final-linux-aarch_64.jar:/home/runner/.m2/repository/io/netty/netty-tcnative-boringssl-static/2.0.54.Final/netty-tcnative-boringssl-static-2.0.54.Final-osx-x86_64.jar:/home/runner/.m2/repository/io/netty/netty-tcnative-boringssl-static/2.0.54.Final/netty-tcnative-boringssl-static-2.0.54.Final-osx-aarch_64.jar:/home/runner/.m2/repository/io/netty/netty-tcnative-boringssl-static/2.0.54.Final/netty-tcnative-boringssl-static-2.0.54.Final-windows-x86_64.jar:/home/runner/.m2/repository/org/apache/commons/commons-compress/1.21/commons-compress-1.21.jar:/home/runner/.m2/repository/org/apache/ozone/hdds-common/1.4.0-SNAPSHOT/hdds-common-1.4.0-SNAPSHOT.jar:/home/runner/.m2/repository/org/apache/ozone/hdds-client/1.4.0-SNAPSHOT/hdds-client-1.4.0-SNAPSHOT.jar:/home/runner/.m2/repository/org/apache/ozone/ozone-interface-client/1.4.0-SNAPSHOT/ozone-interface-client-1.4.0-SNAPSHOT.jar:/home/runner/.m2/repository/org/apache/ozone/hdds-test-utils/1.4.0-SNAPSHOT/hdds-test-utils-1.4.0-SNAPSHOT.jar:/home/runner/.m2/repository/com/google/guava/guava/31.1-jre/guava-31.1-jre.jar:/home/runner/.m2/repository/com/google/guava/failureaccess/1.0.1/failureaccess-1.0.1.jar:/home/runner/.m2/repository/com/google/guava/listenablefuture/9999.0-empty-to-avoid-conflict-with-guava/listenablefuture-9999.0-empty-to-avoid-conflict-with-guava.jar:/home/runner/.m2/repository/com/google/code/findbugs/jsr305/3.0.0/jsr305-3.0.0.jar:/home/runner/.m2/repository/org/checkerframework/checker-qual/3.12.0/checker-qual-3.12.0.jar:/home/runner/.m2/repository/com/google/j2objc/j2objc-annotations/1.3/j2objc-annotations-1.3.jar:/home/runner/.m2/repository/commons-io/commons-io/2.11.0/commons-io-2.11.0.jar:/home/runner/.m2/repository/commons-logging/commons-logging/1.2/commons-logging-1.2.jar:/home/runner/.m2/repository/ch/qos/reload4j/reload4j/1.2.22/reload4j-1.2.22.jar:/home/runner/.m2/repository/org/slf4j/slf4j-api/1.7.36/slf4j-api-1.7.36.jar:/home/runner/.m2/repository/org/apache/ozone/hdds-server-scm/1.4.0-SNAPSHOT/hdds-server-scm-1.4.0-SNAPSHOT.jar:/home/runner/.m2/repository/org/apache/ozone/hdds-container-service/1.4.0-SNAPSHOT/hdds-container-service-1.4.0-SNAPSHOT.jar:/home/runner/.m2/repository/org/apache/ozone/hdds-hadoop-dependency-server/1.4.0-SNAPSHOT/hdds-hadoop-dependency-server-1.4.0-SNAPSHOT.jar:/home/runner/.m2/repository/org/apache/hadoop/hadoop-hdfs/3.3.4/hadoop-hdfs-3.3.4.jar:/home/runner/.m2/repository/org/eclipse/jetty/jetty-util-ajax/9.4.49.v20220914/jetty-util-ajax-9.4.49.v20220914.jar:/home/runner/.m2/repository/commons-daemon/commons-daemon/1.0.13/commons-daemon-1.0.13.jar:/home/runner/.m2/repository/org/apache/ozone/hdds-server-framework/1.4.0-SNAPSHOT/hdds-server-framework-1.4.0-SNAPSHOT.jar:/home/runner/.m2/repository/org/apache/ozone/hdds-interface-server/1.4.0-SNAPSHOT/hdds-interface-server-1.4.0-SNAPSHOT.jar:/home/runner/.m2/repository/org/apache/commons/commons-configuration2/2.1.1/commons-configuration2-2.1.1.jar:/home/runner/.m2/repository/org/apache/logging/log4j/log4j-core/2.17.1/log4j-core-2.17.1.jar:/home/runner/.m2/repository/com/lmax/disruptor/3.4.2/disruptor-3.4.2.jar:/home/runner/.m2/repository/org/eclipse/jetty/jetty-servlet/9.4.49.v20220914/jetty-servlet-9.4.49.v20220914.jar:/home/runner/.m2/repository/org/eclipse/jetty/jetty-security/9.4.49.v20220914/jetty-security-9.4.49.v20220914.jar:/home/runner/.m2/repository/org/rocksdb/rocksdbjni/7.7.3/rocksdbjni-7.7.3.jar:/home/runner/.m2/repository/io/prometheus/simpleclient_dropwizard/0.7.0/simpleclient_dropwizard-0.7.0.jar:/home/runner/.m2/repository/io/prometheus/simpleclient/0.7.0/simpleclient-0.7.0.jar:/home/runner/.m2/repository/io/prometheus/simpleclient_common/0.7.0/simpleclient_common-0.7.0.jar:/home/runner/.m2/repository/com/github/spotbugs/spotbugs-annotations/3.1.12/spotbugs-annotations-3.1.12.jar:/home/runner/.m2/repository/org/awaitility/awaitility/4.2.0/awaitility-4.2.0.jar:/home/runner/.m2/repository/org/hamcrest/hamcrest/2.1/hamcrest-2.1.jar:/home/runner/.m2/repository/io/dropwizard/metrics/metrics-core/3.2.4/metrics-core-3.2.4.jar:/home/runner/.m2/repository/org/apache/commons/commons-text/1.4/commons-text-1.4.jar:/home/runner/.m2/repository/org/apache/hadoop/hadoop-hdfs-client/3.3.4/hadoop-hdfs-client-3.3.4.jar:/home/runner/.m2/repository/com/squareup/okhttp3/okhttp/4.9.3/okhttp-4.9.3.jar:/home/runner/.m2/repository/com/squareup/okio/okio/2.8.0/okio-2.8.0.jar:/home/runner/.m2/repository/org/jetbrains/kotlin/kotlin-stdlib-common/1.6.21/kotlin-stdlib-common-1.6.21.jar:/home/runner/.m2/repository/org/bouncycastle/bcprov-jdk15on/1.67/bcprov-jdk15on-1.67.jar:/home/runner/.m2/repository/com/google/protobuf/protobuf-java/2.5.0/protobuf-java-2.5.0.jar:/home/runner/.m2/repository/org/apache/ozone/ozone-manager/1.4.0-SNAPSHOT/ozone-manager-1.4.0-SNAPSHOT.jar:/home/runner/.m2/repository/org/aspectj/aspectjrt/1.9.7/aspectjrt-1.9.7.jar:/home/runner/.m2/repository/org/aspectj/aspectjweaver/1.9.7/aspectjweaver-1.9.7.jar:/home/runner/.m2/repository/org/apache/ozone/hdds-interface-client/1.4.0-SNAPSHOT/hdds-interface-client-1.4.0-SNAPSHOT.jar:/home/runner/.m2/repository/org/apache/hadoop/thirdparty/hadoop-shaded-protobuf_3_7/1.1.1/hadoop-shaded-protobuf_3_7-1.1.1.jar:/home/runner/.m2/repository/org/apache/ratis/ratis-thirdparty-misc/1.0.3/ratis-thirdparty-misc-1.0.3.jar:/home/runner/.m2/repository/org/apache/ozone/ozone-interface-storage/1.4.0-SNAPSHOT/ozone-interface-storage-1.4.0-SNAPSHOT.jar:/home/runner/.m2/repository/org/apache/ozone/rocksdb-checkpoint-differ/1.4.0-SNAPSHOT/rocksdb-checkpoint-differ-1.4.0-SNAPSHOT.jar:/home/runner/.m2/repository/org/reflections/reflections/0.9.11/reflections-0.9.11.jar:/home/runner/.m2/repository/com/sun/jersey/jersey-client/1.19/jersey-client-1.19.jar:/home/runner/.m2/repository/org/apache/ranger/ranger-intg/2.3.0/ranger-intg-2.3.0.jar:/home/runner/.m2/repository/org/apache/ranger/ranger-plugins-common/2.3.0/ranger-plugins-common-2.3.0.jar:/home/runner/.m2/repository/commons-lang/commons-lang/2.6/commons-lang-2.6.jar:/home/runner/.m2/repository/org/apache/ranger/ranger-plugins-cred/2.3.0/ranger-plugins-cred-2.3.0.jar:/home/runner/.m2/repository/org/apache/ranger/ranger-plugins-audit/2.3.0/ranger-plugins-audit-2.3.0.jar:/home/runner/.m2/repository/org/eclipse/jetty/jetty-client/9.4.49.v20220914/jetty-client-9.4.49.v20220914.jar:/home/runner/.m2/repository/org/apache/httpcomponents/httpmime/4.5.6/httpmime-4.5.6.jar:/home/runner/.m2/repository/org/apache/httpcomponents/httpcore-nio/4.4.13/httpcore-nio-4.4.13.jar:/home/runner/.m2/repository/org/apache/httpcomponents/httpasyncclient/4.1.3/httpasyncclient-4.1.3.jar:/home/runner/.m2/repository/com/carrotsearch/hppc/0.8.0/hppc-0.8.0.jar:/home/runner/.m2/repository/org/apache/orc/orc-core/1.5.8/orc-core-1.5.8.jar:/home/runner/.m2/repository/net/java/dev/jna/jna/5.2.0/jna-5.2.0.jar:/home/runner/.m2/repository/net/java/dev/jna/jna-platform/5.2.0/jna-platform-5.2.0.jar:/home/runner/.m2/repository/com/kstruct/gethostname4j/0.0.2/gethostname4j-0.0.2.jar:/home/runner/.m2/repository/org/apache/ranger/ranger-plugin-classloader/2.3.0/ranger-plugin-classloader-2.3.0.jar:/home/runner/.m2/repository/org/apache/hadoop/hadoop-minikdc/3.3.4/hadoop-minikdc-3.3.4.jar:/home/runner/.m2/repository/org/apache/kerby/kerb-simplekdc/1.0.1/kerb-simplekdc-1.0.1.jar:/home/runner/.m2/repository/org/apache/kerby/kerb-client/1.0.1/kerb-client-1.0.1.jar:/home/runner/.m2/repository/org/apache/kerby/kerby-config/1.0.1/kerby-config-1.0.1.jar:/home/runner/.m2/repository/org/apache/kerby/kerb-common/1.0.1/kerb-common-1.0.1.jar:/home/runner/.m2/repository/org/apache/kerby/kerb-crypto/1.0.1/kerb-crypto-1.0.1.jar:/home/runner/.m2/repository/org/apache/kerby/kerb-util/1.0.1/kerb-util-1.0.1.jar:/home/runner/.m2/repository/org/apache/kerby/token-provider/1.0.1/token-provider-1.0.1.jar:/home/runner/.m2/repository/org/apache/kerby/kerb-admin/1.0.1/kerb-admin-1.0.1.jar:/home/runner/.m2/repository/org/apache/kerby/kerb-server/1.0.1/kerb-server-1.0.1.jar:/home/runner/.m2/repository/org/apache/kerby/kerb-identity/1.0.1/kerb-identity-1.0.1.jar:/home/runner/.m2/repository/org/apache/kerby/kerby-xdr/1.0.1/kerby-xdr-1.0.1.jar:/home/runner/.m2/repository/org/apache/ozone/ozone-s3gateway/1.4.0-SNAPSHOT/ozone-s3gateway-1.4.0-SNAPSHOT.jar:/home/runner/.m2/repository/org/javassist/javassist/3.21.0-GA/javassist-3.21.0-GA.jar:/home/runner/.m2/repository/org/jboss/weld/servlet/weld-servlet/2.4.7.Final/weld-servlet-2.4.7.Final.jar:/home/runner/.m2/repository/org/glassfish/jersey/containers/jersey-container-servlet-core/2.34/jersey-container-servlet-core-2.34.jar:/home/runner/.m2/repository/org/glassfish/hk2/external/jakarta.inject/2.6.1/jakarta.inject-2.6.1.jar:/home/runner/.m2/repository/org/glassfish/jersey/core/jersey-common/2.34/jersey-common-2.34.jar:/home/runner/.m2/repository/jakarta/ws/rs/jakarta.ws.rs-api/2.1.6/jakarta.ws.rs-api-2.1.6.jar:/home/runner/.m2/repository/org/glassfish/jersey/ext/cdi/jersey-cdi1x/2.34/jersey-cdi1x-2.34.jar:/home/runner/.m2/repository/org/glassfish/jersey/inject/jersey-hk2/2.34/jersey-hk2-2.34.jar:/home/runner/.m2/repository/org/glassfish/hk2/hk2-locator/2.6.1/hk2-locator-2.6.1.jar:/home/runner/.m2/repository/org/glassfish/jersey/media/jersey-media-jaxb/2.34/jersey-media-jaxb-2.34.jar:/home/runner/.m2/repository/org/glassfish/hk2/osgi-resource-locator/1.0.3/osgi-resource-locator-1.0.3.jar:/home/runner/.m2/repository/org/glassfish/hk2/hk2-api/2.5.0/hk2-api-2.5.0.jar:/home/runner/.m2/repository/org/glassfish/hk2/hk2-utils/2.5.0/hk2-utils-2.5.0.jar:/home/runner/.m2/repository/org/glassfish/hk2/external/aopalliance-repackaged/2.5.0/aopalliance-repackaged-2.5.0.jar:/home/runner/.m2/repository/com/fasterxml/jackson/dataformat/jackson-dataformat-xml/2.13.4/jackson-dataformat-xml-2.13.4.jar:/home/runner/.m2/repository/com/fasterxml/jackson/core/jackson-core/2.13.4/jackson-core-2.13.4.jar:/home/runner/.m2/repository/org/codehaus/woodstox/stax2-api/4.2.1/stax2-api-4.2.1.jar:/home/runner/.m2/repository/com/fasterxml/woodstox/woodstox-core/5.4.0/woodstox-core-5.4.0.jar:/home/runner/.m2/repository/com/fasterxml/jackson/module/jackson-module-jaxb-annotations/2.13.4/jackson-module-jaxb-annotations-2.13.4.jar:/home/runner/.m2/repository/jakarta/xml/bind/jakarta.xml.bind-api/2.3.3/jakarta.xml.bind-api-2.3.3.jar:/home/runner/.m2/repository/jakarta/activation/jakarta.activation-api/1.2.2/jakarta.activation-api-1.2.2.jar:/home/runner/.m2/repository/javax/enterprise/cdi-api/1.2/cdi-api-1.2.jar:/home/runner/.m2/repository/javax/el/javax.el-api/3.0.0/javax.el-api-3.0.0.jar:/home/runner/.m2/repository/javax/interceptor/javax.interceptor-api/1.2/javax.interceptor-api-1.2.jar:/home/runner/.m2/repository/javax/inject/javax.inject/1/javax.inject-1.jar:/home/runner/.m2/repository/javax/xml/bind/jaxb-api/2.3.0/jaxb-api-2.3.0.jar:/home/runner/.m2/repository/org/glassfish/jaxb/jaxb-runtime/2.3.0.1/jaxb-runtime-2.3.0.1.jar:/home/runner/.m2/repository/org/glassfish/jaxb/jaxb-core/2.3.0.1/jaxb-core-2.3.0.1.jar:/home/runner/.m2/repository/org/glassfish/jaxb/txw2/2.3.0.1/txw2-2.3.0.1.jar:/home/runner/.m2/repository/com/sun/istack/istack-commons-runtime/3.0.5/istack-commons-runtime-3.0.5.jar:/home/runner/.m2/repository/org/jvnet/staxex/stax-ex/1.7.8/stax-ex-1.7.8.jar:/home/runner/.m2/repository/com/sun/xml/fastinfoset/FastInfoset/1.2.13/FastInfoset-1.2.13.jar:/home/runner/.m2/repository/javax/activation/activation/1.1.1/activation-1.1.1.jar:/home/runner/.m2/repository/io/grpc/grpc-protobuf/1.51.1/grpc-protobuf-1.51.1.jar:/home/runner/.m2/repository/io/grpc/grpc-api/1.51.1/grpc-api-1.51.1.jar:/home/runner/.m2/repository/io/grpc/grpc-context/1.51.1/grpc-context-1.51.1.jar:/home/runner/.m2/repository/com/google/api/grpc/proto-google-common-protos/2.9.0/proto-google-common-protos-2.9.0.jar:/home/runner/.m2/repository/io/grpc/grpc-protobuf-lite/1.51.1/grpc-protobuf-lite-1.51.1.jar:/home/runner/.m2/repository/io/grpc/grpc-stub/1.51.1/grpc-stub-1.51.1.jar:/home/runner/.m2/repository/io/netty/netty-transport/4.1.86.Final/netty-transport-4.1.86.Final.jar:/home/runner/.m2/repository/io/netty/netty-resolver/4.1.86.Final/netty-resolver-4.1.86.Final.jar:/home/runner/.m2/repository/org/apache/ozone/ozone-csi/1.4.0-SNAPSHOT/ozone-csi-1.4.0-SNAPSHOT.jar:/home/runner/.m2/repository/com/google/protobuf/protobuf-java-util/3.19.6/protobuf-java-util-3.19.6.jar:/home/runner/.m2/repository/com/google/code/gson/gson/2.9.0/gson-2.9.0.jar:/home/runner/.m2/repository/org/apache/ozone/hdds-config/1.4.0-SNAPSHOT/hdds-config-1.4.0-SNAPSHOT.jar:/home/runner/.m2/repository/io/netty/netty-transport-native-epoll/4.1.86.Final/netty-transport-native-epoll-4.1.86.Final-linux-x86_64.jar:/home/runner/.m2/repository/io/netty/netty-transport-classes-epoll/4.1.86.Final/netty-transport-classes-epoll-4.1.86.Final.jar:/home/runner/.m2/repository/io/netty/netty-transport-native-unix-common/4.1.86.Final/netty-transport-native-unix-common-4.1.86.Final.jar:/home/runner/.m2/repository/org/slf4j/slf4j-reload4j/1.7.36/slf4j-reload4j-1.7.36.jar:/home/runner/.m2/repository/org/apache/ozone/ozone-recon/1.4.0-SNAPSHOT/ozone-recon-1.4.0-SNAPSHOT.jar:/home/runner/.m2/repository/org/apache/ozone/ozone-reconcodegen/1.4.0-SNAPSHOT/ozone-reconcodegen-1.4.0-SNAPSHOT.jar:/home/runner/.m2/repository/com/google/inject/extensions/guice-multibindings/4.0/guice-multibindings-4.0.jar:/home/runner/.m2/repository/com/google/inject/guice/4.0/guice-4.0.jar:/home/runner/.m2/repository/aopalliance/aopalliance/1.0/aopalliance-1.0.jar:/home/runner/.m2/repository/com/google/inject/extensions/guice-assistedinject/4.0/guice-assistedinject-4.0.jar:/home/runner/.m2/repository/com/google/inject/extensions/guice-servlet/4.0/guice-servlet-4.0.jar:/home/runner/.m2/repository/org/glassfish/jersey/containers/jersey-container-servlet/2.34/jersey-container-servlet-2.34.jar:/home/runner/.m2/repository/org/glassfish/hk2/guice-bridge/2.5.0/guice-bridge-2.5.0.jar:/home/runner/.m2/repository/org/glassfish/jersey/core/jersey-server/2.34/jersey-server-2.34.jar:/home/runner/.m2/repository/org/glassfish/jersey/core/jersey-client/2.34/jersey-client-2.34.jar:/home/runner/.m2/repository/jakarta/annotation/jakarta.annotation-api/1.3.5/jakarta.annotation-api-1.3.5.jar:/home/runner/.m2/repository/jakarta/validation/jakarta.validation-api/2.0.2/jakarta.validation-api-2.0.2.jar:/home/runner/.m2/repository/org/glassfish/jersey/media/jersey-media-json-jackson/2.34/jersey-media-json-jackson-2.34.jar:/home/runner/.m2/repository/org/glassfish/jersey/ext/jersey-entity-filtering/2.34/jersey-entity-filtering-2.34.jar:/home/runner/.m2/repository/org/jooq/jooq/3.11.10/jooq-3.11.10.jar:/home/runner/.m2/repository/org/jooq/jooq-meta/3.11.10/jooq-meta-3.11.10.jar:/home/runner/.m2/repository/org/jooq/jooq-codegen/3.11.10/jooq-codegen-3.11.10.jar:/home/runner/.m2/repository/com/jolbox/bonecp/0.8.0.RELEASE/bonecp-0.8.0.RELEASE.jar:/home/runner/.m2/repository/org/apache/derby/derby/10.14.2.0/derby-10.14.2.0.jar:/home/runner/.m2/repository/org/xerial/sqlite-jdbc/3.25.2/sqlite-jdbc-3.25.2.jar:/home/runner/.m2/repository/org/springframework/spring-jdbc/5.3.23/spring-jdbc-5.3.23.jar:/home/runner/.m2/repository/org/springframework/spring-beans/5.3.23/spring-beans-5.3.23.jar:/home/runner/.m2/repository/org/springframework/spring-core/5.3.23/spring-core-5.3.23.jar:/home/runner/.m2/repository/org/springframework/spring-jcl/5.3.23/spring-jcl-5.3.23.jar:/home/runner/.m2/repository/org/springframework/spring-tx/5.3.23/spring-tx-5.3.23.jar:/home/runner/.m2/repository/org/apache/ozone/ozone-client/1.4.0-SNAPSHOT/ozone-client-1.4.0-SNAPSHOT.jar:/home/runner/.m2/repository/org/apache/ozone/hdds-erasurecode/1.4.0-SNAPSHOT/hdds-erasurecode-1.4.0-SNAPSHOT.jar:/home/runner/.m2/repository/org/apache/ozone/ozone-filesystem/1.4.0-SNAPSHOT/ozone-filesystem-1.4.0-SNAPSHOT.jar:/home/runner/.m2/repository/org/apache/ozone/ozone-filesystem-common/1.4.0-SNAPSHOT/ozone-filesystem-common-1.4.0-SNAPSHOT.jar:/home/runner/.m2/repository/org/apache/ozone/ozone-tools/1.4.0-SNAPSHOT/ozone-tools-1.4.0-SNAPSHOT.jar:/home/runner/.m2/repository/com/amazonaws/aws-java-sdk-core/1.12.261/aws-java-sdk-core-1.12.261.jar:/home/runner/.m2/repository/org/apache/httpcomponents/httpclient/4.5.13/httpclient-4.5.13.jar:/home/runner/.m2/repository/org/apache/httpcomponents/httpcore/4.4.13/httpcore-4.4.13.jar:/home/runner/.m2/repository/software/amazon/ion/ion-java/1.0.2/ion-java-1.0.2.jar:/home/runner/.m2/repository/com/fasterxml/jackson/dataformat/jackson-dataformat-cbor/2.13.4/jackson-dataformat-cbor-2.13.4.jar:/home/runner/.m2/repository/joda-time/joda-time/2.10.6/joda-time-2.10.6.jar:/home/runner/.m2/repository/com/amazonaws/aws-java-sdk-s3/1.12.261/aws-java-sdk-s3-1.12.261.jar:/home/runner/.m2/repository/com/amazonaws/aws-java-sdk-kms/1.12.261/aws-java-sdk-kms-1.12.261.jar:/home/runner/.m2/repository/com/amazonaws/jmespath-java/1.12.261/jmespath-java-1.12.261.jar:/home/runner/.m2/repository/org/kohsuke/metainf-services/metainf-services/1.8/metainf-services-1.8.jar:/home/runner/.m2/repository/org/apache/ozone/hdds-tools/1.4.0-SNAPSHOT/hdds-tools-1.4.0-SNAPSHOT.jar:/home/runner/.m2/repository/org/apache/ratis/ratis-tools/2.4.2-8b8bdda-SNAPSHOT/ratis-tools-2.4.2-8b8bdda-SNAPSHOT.jar:/home/runner/.m2/repository/org/apache/ratis/ratis-proto/2.4.2-8b8bdda-SNAPSHOT/ratis-proto-2.4.2-8b8bdda-SNAPSHOT.jar:/home/runner/.m2/repository/org/apache/ratis/ratis-common/2.4.2-8b8bdda-SNAPSHOT/ratis-common-2.4.2-8b8bdda-SNAPSHOT.jar:/home/runner/.m2/repository/commons-cli/commons-cli/1.2/commons-cli-1.2.jar:/home/runner/.m2/repository/org/apache/commons/commons-lang3/3.7/commons-lang3-3.7.jar:/home/runner/.m2/repository/org/apache/ozone/ozone-manager/1.4.0-SNAPSHOT/ozone-manager-1.4.0-SNAPSHOT-tests.jar:/home/runner/.m2/repository/org/apache/ozone/hdds-common/1.4.0-SNAPSHOT/hdds-common-1.4.0-SNAPSHOT-tests.jar:/home/runner/.m2/repository/org/apache/ozone/hdds-hadoop-dependency-client/1.4.0-SNAPSHOT/hdds-hadoop-dependency-client-1.4.0-SNAPSHOT.jar:/home/runner/.m2/repository/info/picocli/picocli/4.6.1/picocli-4.6.1.jar:/home/runner/.m2/repository/com/fasterxml/jackson/core/jackson-annotations/2.13.4/jackson-annotations-2.13.4.jar:/home/runner/.m2/repository/com/fasterxml/jackson/datatype/jackson-datatype-jsr310/2.13.4/jackson-datatype-jsr310-2.13.4.jar:/home/runner/.m2/repository/org/apache/ozone/hdds-annotation-processing/1.4.0-SNAPSHOT/hdds-annotation-processing-1.4.0-SNAPSHOT.jar:/home/runner/.m2/repository/javax/annotation/javax.annotation-api/1.2/javax.annotation-api-1.2.jar:/home/runner/.m2/repository/org/apache/ratis/ratis-server/2.4.2-8b8bdda-SNAPSHOT/ratis-server-2.4.2-8b8bdda-SNAPSHOT.jar:/home/runner/.m2/repository/org/apache/ratis/ratis-client/2.4.2-8b8bdda-SNAPSHOT/ratis-client-2.4.2-8b8bdda-SNAPSHOT.jar:/home/runner/.m2/repository/org/apache/ratis/ratis-server-api/2.4.2-8b8bdda-SNAPSHOT/ratis-server-api-2.4.2-8b8bdda-SNAPSHOT.jar:/home/runner/.m2/repository/org/apache/ratis/ratis-metrics/2.4.2-8b8bdda-SNAPSHOT/ratis-metrics-2.4.2-8b8bdda-SNAPSHOT.jar:/home/runner/.m2/repository/org/apache/ratis/ratis-netty/2.4.2-8b8bdda-SNAPSHOT/ratis-netty-2.4.2-8b8bdda-SNAPSHOT.jar:/home/runner/.m2/repository/org/apache/ratis/ratis-grpc/2.4.2-8b8bdda-SNAPSHOT/ratis-grpc-2.4.2-8b8bdda-SNAPSHOT.jar:/home/runner/.m2/repository/org/apache/logging/log4j/log4j-api/2.17.1/log4j-api-2.17.1.jar:/home/runner/.m2/repository/org/apache/commons/commons-pool2/2.6.0/commons-pool2-2.6.0.jar:/home/runner/.m2/repository/org/bouncycastle/bcpkix-jdk15on/1.67/bcpkix-jdk15on-1.67.jar:/home/runner/.m2/repository/commons-validator/commons-validator/1.6/commons-validator-1.6.jar:/home/runner/.m2/repository/commons-beanutils/commons-beanutils/1.9.4/commons-beanutils-1.9.4.jar:/home/runner/.m2/repository/commons-digester/commons-digester/1.8.1/commons-digester-1.8.1.jar:/home/runner/.m2/repository/commons-collections/commons-collections/3.2.2/commons-collections-3.2.2.jar:/home/runner/.m2/repository/io/jaegertracing/jaeger-client/1.6.0/jaeger-client-1.6.0.jar:/home/runner/.m2/repository/io/jaegertracing/jaeger-thrift/1.6.0/jaeger-thrift-1.6.0.jar:/home/runner/.m2/repository/org/apache/thrift/libthrift/0.14.1/libthrift-0.14.1.jar:/home/runner/.m2/repository/io/jaegertracing/jaeger-core/1.6.0/jaeger-core-1.6.0.jar:/home/runner/.m2/repository/io/jaegertracing/jaeger-tracerresolver/1.6.0/jaeger-tracerresolver-1.6.0.jar:/home/runner/.m2/repository/io/opentracing/contrib/opentracing-tracerresolver/0.1.8/opentracing-tracerresolver-0.1.8.jar:/home/runner/.m2/repository/org/jetbrains/kotlin/kotlin-stdlib/1.6.21/kotlin-stdlib-1.6.21.jar:/home/runner/.m2/repository/org/jetbrains/annotations/13.0/annotations-13.0.jar:/home/runner/.m2/repository/io/opentracing/opentracing-util/0.33.0/opentracing-util-0.33.0.jar:/home/runner/.m2/repository/io/opentracing/opentracing-api/0.33.0/opentracing-api-0.33.0.jar:/home/runner/.m2/repository/io/opentracing/opentracing-noop/0.33.0/opentracing-noop-0.33.0.jar:/home/runner/.m2/repository/org/yaml/snakeyaml/1.33/snakeyaml-1.33.jar:/home/runner/.m2/repository/org/apache/ozone/hdds-interface-admin/1.4.0-SNAPSHOT/hdds-interface-admin-1.4.0-SNAPSHOT.jar:/home/runner/.m2/repository/junit/junit/4.13.1/junit-4.13.1.jar:/home/runner/.m2/repository/org/hamcrest/hamcrest-core/1.3/hamcrest-core-1.3.jar:/home/runner/.m2/repository/org/junit/jupiter/junit-jupiter-api/5.8.2/junit-jupiter-api-5.8.2.jar:/home/runner/.m2/repository/org/opentest4j/opentest4j/1.2.0/opentest4j-1.2.0.jar:/home/runner/.m2/repository/org/junit/platform/junit-platform-commons/1.8.2/junit-platform-commons-1.8.2.jar:/home/runner/.m2/repository/org/apiguardian/apiguardian-api/1.1.2/apiguardian-api-1.1.2.jar:/home/runner/.m2/repository/org/junit/jupiter/junit-jupiter-params/5.8.2/junit-jupiter-params-5.8.2.jar:/home/runner/.m2/repository/org/junit/jupiter/junit-jupiter-migrationsupport/5.8.2/junit-jupiter-migrationsupport-5.8.2.jar:/home/runner/.m2/repository/org/junit/jupiter/junit-jupiter-engine/5.8.2/junit-jupiter-engine-5.8.2.jar:/home/runner/.m2/repository/org/junit/platform/junit-platform-engine/1.8.2/junit-platform-engine-1.8.2.jar:/home/runner/.m2/repository/org/junit/vintage/junit-vintage-engine/5.8.2/junit-vintage-engine-5.8.2.jar:/home/runner/.m2/repository/org/junit/platform/junit-platform-launcher/1.8.2/junit-platform-launcher-1.8.2.jar:/home/runner/.m2/repository/org/mockito/mockito-core/2.28.2/mockito-core-2.28.2.jar:/home/runner/.m2/repository/net/bytebuddy/byte-buddy/1.9.10/byte-buddy-1.9.10.jar:/home/runner/.m2/repository/net/bytebuddy/byte-buddy-agent/1.9.10/byte-buddy-agent-1.9.10.jar:/home/runner/.m2/repository/org/objenesis/objenesis/1.0/objenesis-1.0.jar:/home/runner/.m2/repository/org/apache/hadoop/hadoop-kms/3.3.4/hadoop-kms-3.3.4.jar:/home/runner/.m2/repository/org/apache/hadoop/hadoop-auth/3.3.4/hadoop-auth-3.3.4.jar:/home/runner/.m2/repository/com/nimbusds/nimbus-jose-jwt/9.8.1/nimbus-jose-jwt-9.8.1.jar:/home/runner/.m2/repository/com/github/stephenc/jcip/jcip-annotations/1.0-1/jcip-annotations-1.0-1.jar:/home/runner/.m2/repository/net/minidev/json-smart/2.4.7/json-smart-2.4.7.jar:/home/runner/.m2/repository/net/minidev/accessors-smart/2.4.7/accessors-smart-2.4.7.jar:/home/runner/.m2/repository/org/ow2/asm/asm/5.0.4/asm-5.0.4.jar:/home/runner/.m2/repository/org/apache/zookeeper/zookeeper/3.5.6/zookeeper-3.5.6.jar:/home/runner/.m2/repository/org/apache/zookeeper/zookeeper-jute/3.5.6/zookeeper-jute-3.5.6.jar:/home/runner/.m2/repository/org/apache/yetus/audience-annotations/0.5.0/audience-annotations-0.5.0.jar:/home/runner/.m2/repository/org/apache/curator/curator-framework/4.2.0/curator-framework-4.2.0.jar:/home/runner/.m2/repository/org/apache/hadoop/thirdparty/hadoop-shaded-guava/1.1.1/hadoop-shaded-guava-1.1.1.jar:/home/runner/.m2/repository/com/sun/jersey/jersey-core/1.19/jersey-core-1.19.jar:/home/runner/.m2/repository/javax/ws/rs/jsr311-api/1.1.1/jsr311-api-1.1.1.jar:/home/runner/.m2/repository/com/sun/jersey/jersey-server/1.19/jersey-server-1.19.jar:/home/runner/.m2/repository/javax/servlet/javax.servlet-api/3.1.0/javax.servlet-api-3.1.0.jar:/home/runner/.m2/repository/org/eclipse/jetty/jetty-server/9.4.49.v20220914/jetty-server-9.4.49.v20220914.jar:/home/runner/.m2/repository/org/eclipse/jetty/jetty-http/9.4.49.v20220914/jetty-http-9.4.49.v20220914.jar:/home/runner/.m2/repository/org/eclipse/jetty/jetty-io/9.4.49.v20220914/jetty-io-9.4.49.v20220914.jar:/home/runner/.m2/repository/org/eclipse/jetty/jetty-webapp/9.4.49.v20220914/jetty-webapp-9.4.49.v20220914.jar:/home/runner/.m2/repository/org/eclipse/jetty/jetty-xml/9.4.49.v20220914/jetty-xml-9.4.49.v20220914.jar:/home/runner/.m2/repository/org/apache/hadoop/hadoop-common/3.3.4/hadoop-common-3.3.4.jar:/home/runner/.m2/repository/org/apache/commons/commons-math3/3.1.1/commons-math3-3.1.1.jar:/home/runner/.m2/repository/commons-net/commons-net/3.9.0/commons-net-3.9.0.jar:/home/runner/.m2/repository/com/sun/jersey/jersey-servlet/1.19/jersey-servlet-1.19.jar:/home/runner/.m2/repository/com/sun/jersey/jersey-json/1.19/jersey-json-1.19.jar:/home/runner/.m2/repository/org/codehaus/jettison/jettison/1.1/jettison-1.1.jar:/home/runner/.m2/repository/com/sun/xml/bind/jaxb-impl/2.2.3-1/jaxb-impl-2.2.3-1.jar:/home/runner/.m2/repository/org/codehaus/jackson/jackson-jaxrs/1.9.2/jackson-jaxrs-1.9.2.jar:/home/runner/.m2/repository/org/codehaus/jackson/jackson-xc/1.9.2/jackson-xc-1.9.2.jar:/home/runner/.m2/repository/com/google/re2j/re2j/1.1/re2j-1.1.jar:/home/runner/.m2/repository/com/jcraft/jsch/0.1.54/jsch-0.1.54.jar:/home/runner/.m2/repository/org/apache/curator/curator-client/4.2.0/curator-client-4.2.0.jar:/home/runner/.m2/repository/org/apache/curator/curator-recipes/4.2.0/curator-recipes-4.2.0.jar:/home/runner/.m2/repository/org/apache/kerby/kerb-core/1.0.1/kerb-core-1.0.1.jar:/home/runner/.m2/repository/org/apache/kerby/kerby-pkix/1.0.1/kerby-pkix-1.0.1.jar:/home/runner/.m2/repository/org/apache/kerby/kerby-asn1/1.0.1/kerby-asn1-1.0.1.jar:/home/runner/.m2/repository/org/apache/kerby/kerby-util/1.0.1/kerby-util-1.0.1.jar:/home/runner/.m2/repository/dnsjava/dnsjava/2.1.7/dnsjava-2.1.7.jar:/home/runner/.m2/repository/org/xerial/snappy/snappy-java/1.1.8.2/snappy-java-1.1.8.2.jar:/home/runner/.m2/repository/org/eclipse/jetty/jetty-util/9.4.49.v20220914/jetty-util-9.4.49.v20220914.jar:/home/runner/.m2/repository/com/fasterxml/jackson/core/jackson-databind/2.13.4.2/jackson-databind-2.13.4.2.jar:/home/runner/.m2/repository/org/apache/hadoop/hadoop-kms/3.3.4/hadoop-kms-3.3.4-tests.jar:/home/runner/.m2/repository/org/apache/ozone/hdds-server-scm/1.4.0-SNAPSHOT/hdds-server-scm-1.4.0-SNAPSHOT-tests.jar:/home/runner/.m2/repository/org/apache/ozone/hdds-container-service/1.4.0-SNAPSHOT/hdds-container-service-1.4.0-SNAPSHOT-tests.jar:/home/runner/.m2/repository/com/github/luben/zstd-jni/1.5.2-5/zstd-jni-1.5.2-5.jar:/home/runner/.m2/repository/commons-codec/commons-codec/1.15/commons-codec-1.15.jar:/home/runner/.m2/repository/io/netty/netty-codec/4.1.86.Final/netty-codec-4.1.86.Final.jar:/home/runner/.m2/repository/io/netty/netty-handler/4.1.86.Final/netty-handler-4.1.86.Final.jar:/home/runner/.m2/repository/org/apache/ozone/hdds-hadoop-dependency-test/1.4.0-SNAPSHOT/hdds-hadoop-dependency-test-1.4.0-SNAPSHOT.jar:/home/runner/.m2/repository/org/apache/hadoop/hadoop-common/3.3.4/hadoop-common-3.3.4-tests.jar:/home/runner/.m2/repository/org/apache/hadoop/hadoop-hdfs/3.3.4/hadoop-hdfs-3.3.4-tests.jar:/home/runner/.m2/repository/org/assertj/assertj-core/3.12.2/assertj-core-3.12.2.jar:/home/runner/.m2/repository/org/apache/hadoop/hadoop-distcp/3.3.4/hadoop-distcp-3.3.4.jar:/home/runner/.m2/repository/org/apache/hadoop/hadoop-mapreduce-client-jobclient/3.3.4/hadoop-mapreduce-client-jobclient-3.3.4.jar:/home/runner/.m2/repository/org/apache/hadoop/hadoop-mapreduce-client-common/3.3.4/hadoop-mapreduce-client-common-3.3.4.jar:/home/runner/.m2/repository/org/apache/hadoop/hadoop-yarn-common/3.3.4/hadoop-yarn-common-3.3.4.jar:/home/runner/.m2/repository/org/apache/hadoop/hadoop-yarn-api/3.3.4/hadoop-yarn-api-3.3.4.jar:/home/runner/.m2/repository/com/sun/jersey/contribs/jersey-guice/1.19/jersey-guice-1.19.jar:/home/runner/.m2/repository/com/fasterxml/jackson/jaxrs/jackson-jaxrs-json-provider/2.13.4/jackson-jaxrs-json-provider-2.13.4.jar:/home/runner/.m2/repository/com/fasterxml/jackson/jaxrs/jackson-jaxrs-base/2.13.4/jackson-jaxrs-base-2.13.4.jar:/home/runner/.m2/repository/org/apache/hadoop/hadoop-yarn-client/3.3.4/hadoop-yarn-client-3.3.4.jar:/home/runner/.m2/repository/org/eclipse/jetty/websocket/websocket-client/9.4.43.v20210629/websocket-client-9.4.43.v20210629.jar:/home/runner/.m2/repository/org/eclipse/jetty/websocket/websocket-common/9.4.43.v20210629/websocket-common-9.4.43.v20210629.jar:/home/runner/.m2/repository/org/eclipse/jetty/websocket/websocket-api/9.4.43.v20210629/websocket-api-9.4.43.v20210629.jar:/home/runner/.m2/repository/org/jline/jline/3.9.0/jline-3.9.0.jar:/home/runner/.m2/repository/org/apache/hadoop/hadoop-mapreduce-client-core/3.3.4/hadoop-mapreduce-client-core-3.3.4.jar:/home/runner/.m2/repository/org/apache/avro/avro/1.7.7/avro-1.7.7.jar:/home/runner/.m2/repository/org/codehaus/jackson/jackson-core-asl/1.9.13/jackson-core-asl-1.9.13.jar:/home/runner/.m2/repository/org/codehaus/jackson/jackson-mapper-asl/1.9.13/jackson-mapper-asl-1.9.13.jar:/home/runner/.m2/repository/com/thoughtworks/paranamer/paranamer/2.3/paranamer-2.3.jar:/home/runner/.m2/repository/org/apache/hadoop/hadoop-annotations/3.3.4/hadoop-annotations-3.3.4.jar:/usr/lib/jvm/temurin-8-jdk-amd64/jre/../lib/tools.jar:/home/runner/.m2/repository/io/netty/netty/3.10.6.Final/netty-3.10.6.Final.jar:/home/runner/.m2/repository/org/apache/hadoop/hadoop-distcp/3.3.4/hadoop-distcp-3.3.4-tests.jar:/home/runner/.m2/repository/org/slf4j/jul-to-slf4j/1.7.36/jul-to-slf4j-1.7.36.jar:"/>
    <property name="java.vm.vendor" value="Temurin"/>
    <property name="sun.arch.data.model" value="64"/>
    <property name="test.build.dir" value="/home/runner/work/ozone/ozone/hadoop-ozone/integration-test/target/test-dir"/>
    <property name="test.cache.data" value=""/>
    <property name="java.vendor.url" value="https://adoptium.net/"/>
    <property name="user.timezone" value="Etc/UTC"/>
    <property name="java.vm.specification.version" value="1.8"/>
    <property name="os.name" value="Linux"/>
    <property name="test.build.data" value="/home/runner/work/ozone/ozone/hadoop-ozone/integration-test/target/test-dir"/>
    <property name="sun.java.launcher" value="SUN_STANDARD"/>
    <property name="sun.boot.library.path" value="/usr/lib/jvm/temurin-8-jdk-amd64/jre/lib/amd64"/>
    <property name="sun.java.command" value="/home/runner/work/ozone/ozone/hadoop-ozone/integration-test/target/surefire/surefirebooter1470562489443341960.jar /home/runner/work/ozone/ozone/hadoop-ozone/integration-test/target/surefire 2023-02-16T22-04-07_482-jvmRun1 surefire6502477688191679565tmp surefire_345881385513390484456tmp"/>
    <property name="surefire.test.class.path" value="/home/runner/work/ozone/ozone/hadoop-ozone/integration-test/target/test-classes:/home/runner/work/ozone/ozone/hadoop-ozone/integration-test/target/classes:/home/runner/.m2/repository/org/apache/ozone/ozone-common/1.4.0-SNAPSHOT/ozone-common-1.4.0-SNAPSHOT.jar:/home/runner/.m2/repository/io/grpc/grpc-netty/1.51.1/grpc-netty-1.51.1.jar:/home/runner/.m2/repository/io/grpc/grpc-core/1.51.1/grpc-core-1.51.1.jar:/home/runner/.m2/repository/com/google/android/annotations/4.1.1.4/annotations-4.1.1.4.jar:/home/runner/.m2/repository/org/codehaus/mojo/animal-sniffer-annotations/1.21/animal-sniffer-annotations-1.21.jar:/home/runner/.m2/repository/com/google/errorprone/error_prone_annotations/2.2.0/error_prone_annotations-2.2.0.jar:/home/runner/.m2/repository/io/perfmark/perfmark-api/0.25.0/perfmark-api-0.25.0.jar:/home/runner/.m2/repository/io/netty/netty-codec-http2/4.1.86.Final/netty-codec-http2-4.1.86.Final.jar:/home/runner/.m2/repository/io/netty/netty-common/4.1.86.Final/netty-common-4.1.86.Final.jar:/home/runner/.m2/repository/io/netty/netty-buffer/4.1.86.Final/netty-buffer-4.1.86.Final.jar:/home/runner/.m2/repository/io/netty/netty-codec-http/4.1.86.Final/netty-codec-http-4.1.86.Final.jar:/home/runner/.m2/repository/io/netty/netty-handler-proxy/4.1.86.Final/netty-handler-proxy-4.1.86.Final.jar:/home/runner/.m2/repository/io/netty/netty-codec-socks/4.1.86.Final/netty-codec-socks-4.1.86.Final.jar:/home/runner/.m2/repository/io/netty/netty-tcnative-boringssl-static/2.0.54.Final/netty-tcnative-boringssl-static-2.0.54.Final.jar:/home/runner/.m2/repository/io/netty/netty-tcnative-classes/2.0.54.Final/netty-tcnative-classes-2.0.54.Final.jar:/home/runner/.m2/repository/io/netty/netty-tcnative-boringssl-static/2.0.54.Final/netty-tcnative-boringssl-static-2.0.54.Final-linux-x86_64.jar:/home/runner/.m2/repository/io/netty/netty-tcnative-boringssl-static/2.0.54.Final/netty-tcnative-boringssl-static-2.0.54.Final-linux-aarch_64.jar:/home/runner/.m2/repository/io/netty/netty-tcnative-boringssl-static/2.0.54.Final/netty-tcnative-boringssl-static-2.0.54.Final-osx-x86_64.jar:/home/runner/.m2/repository/io/netty/netty-tcnative-boringssl-static/2.0.54.Final/netty-tcnative-boringssl-static-2.0.54.Final-osx-aarch_64.jar:/home/runner/.m2/repository/io/netty/netty-tcnative-boringssl-static/2.0.54.Final/netty-tcnative-boringssl-static-2.0.54.Final-windows-x86_64.jar:/home/runner/.m2/repository/org/apache/commons/commons-compress/1.21/commons-compress-1.21.jar:/home/runner/.m2/repository/org/apache/ozone/hdds-common/1.4.0-SNAPSHOT/hdds-common-1.4.0-SNAPSHOT.jar:/home/runner/.m2/repository/org/apache/ozone/hdds-client/1.4.0-SNAPSHOT/hdds-client-1.4.0-SNAPSHOT.jar:/home/runner/.m2/repository/org/apache/ozone/ozone-interface-client/1.4.0-SNAPSHOT/ozone-interface-client-1.4.0-SNAPSHOT.jar:/home/runner/.m2/repository/org/apache/ozone/hdds-test-utils/1.4.0-SNAPSHOT/hdds-test-utils-1.4.0-SNAPSHOT.jar:/home/runner/.m2/repository/com/google/guava/guava/31.1-jre/guava-31.1-jre.jar:/home/runner/.m2/repository/com/google/guava/failureaccess/1.0.1/failureaccess-1.0.1.jar:/home/runner/.m2/repository/com/google/guava/listenablefuture/9999.0-empty-to-avoid-conflict-with-guava/listenablefuture-9999.0-empty-to-avoid-conflict-with-guava.jar:/home/runner/.m2/repository/com/google/code/findbugs/jsr305/3.0.0/jsr305-3.0.0.jar:/home/runner/.m2/repository/org/checkerframework/checker-qual/3.12.0/checker-qual-3.12.0.jar:/home/runner/.m2/repository/com/google/j2objc/j2objc-annotations/1.3/j2objc-annotations-1.3.jar:/home/runner/.m2/repository/commons-io/commons-io/2.11.0/commons-io-2.11.0.jar:/home/runner/.m2/repository/commons-logging/commons-logging/1.2/commons-logging-1.2.jar:/home/runner/.m2/repository/ch/qos/reload4j/reload4j/1.2.22/reload4j-1.2.22.jar:/home/runner/.m2/repository/org/slf4j/slf4j-api/1.7.36/slf4j-api-1.7.36.jar:/home/runner/.m2/repository/org/apache/ozone/hdds-server-scm/1.4.0-SNAPSHOT/hdds-server-scm-1.4.0-SNAPSHOT.jar:/home/runner/.m2/repository/org/apache/ozone/hdds-container-service/1.4.0-SNAPSHOT/hdds-container-service-1.4.0-SNAPSHOT.jar:/home/runner/.m2/repository/org/apache/ozone/hdds-hadoop-dependency-server/1.4.0-SNAPSHOT/hdds-hadoop-dependency-server-1.4.0-SNAPSHOT.jar:/home/runner/.m2/repository/org/apache/hadoop/hadoop-hdfs/3.3.4/hadoop-hdfs-3.3.4.jar:/home/runner/.m2/repository/org/eclipse/jetty/jetty-util-ajax/9.4.49.v20220914/jetty-util-ajax-9.4.49.v20220914.jar:/home/runner/.m2/repository/commons-daemon/commons-daemon/1.0.13/commons-daemon-1.0.13.jar:/home/runner/.m2/repository/org/apache/ozone/hdds-server-framework/1.4.0-SNAPSHOT/hdds-server-framework-1.4.0-SNAPSHOT.jar:/home/runner/.m2/repository/org/apache/ozone/hdds-interface-server/1.4.0-SNAPSHOT/hdds-interface-server-1.4.0-SNAPSHOT.jar:/home/runner/.m2/repository/org/apache/commons/commons-configuration2/2.1.1/commons-configuration2-2.1.1.jar:/home/runner/.m2/repository/org/apache/logging/log4j/log4j-core/2.17.1/log4j-core-2.17.1.jar:/home/runner/.m2/repository/com/lmax/disruptor/3.4.2/disruptor-3.4.2.jar:/home/runner/.m2/repository/org/eclipse/jetty/jetty-servlet/9.4.49.v20220914/jetty-servlet-9.4.49.v20220914.jar:/home/runner/.m2/repository/org/eclipse/jetty/jetty-security/9.4.49.v20220914/jetty-security-9.4.49.v20220914.jar:/home/runner/.m2/repository/org/rocksdb/rocksdbjni/7.7.3/rocksdbjni-7.7.3.jar:/home/runner/.m2/repository/io/prometheus/simpleclient_dropwizard/0.7.0/simpleclient_dropwizard-0.7.0.jar:/home/runner/.m2/repository/io/prometheus/simpleclient/0.7.0/simpleclient-0.7.0.jar:/home/runner/.m2/repository/io/prometheus/simpleclient_common/0.7.0/simpleclient_common-0.7.0.jar:/home/runner/.m2/repository/com/github/spotbugs/spotbugs-annotations/3.1.12/spotbugs-annotations-3.1.12.jar:/home/runner/.m2/repository/org/awaitility/awaitility/4.2.0/awaitility-4.2.0.jar:/home/runner/.m2/repository/org/hamcrest/hamcrest/2.1/hamcrest-2.1.jar:/home/runner/.m2/repository/io/dropwizard/metrics/metrics-core/3.2.4/metrics-core-3.2.4.jar:/home/runner/.m2/repository/org/apache/commons/commons-text/1.4/commons-text-1.4.jar:/home/runner/.m2/repository/org/apache/hadoop/hadoop-hdfs-client/3.3.4/hadoop-hdfs-client-3.3.4.jar:/home/runner/.m2/repository/com/squareup/okhttp3/okhttp/4.9.3/okhttp-4.9.3.jar:/home/runner/.m2/repository/com/squareup/okio/okio/2.8.0/okio-2.8.0.jar:/home/runner/.m2/repository/org/jetbrains/kotlin/kotlin-stdlib-common/1.6.21/kotlin-stdlib-common-1.6.21.jar:/home/runner/.m2/repository/org/bouncycastle/bcprov-jdk15on/1.67/bcprov-jdk15on-1.67.jar:/home/runner/.m2/repository/com/google/protobuf/protobuf-java/2.5.0/protobuf-java-2.5.0.jar:/home/runner/.m2/repository/org/apache/ozone/ozone-manager/1.4.0-SNAPSHOT/ozone-manager-1.4.0-SNAPSHOT.jar:/home/runner/.m2/repository/org/aspectj/aspectjrt/1.9.7/aspectjrt-1.9.7.jar:/home/runner/.m2/repository/org/aspectj/aspectjweaver/1.9.7/aspectjweaver-1.9.7.jar:/home/runner/.m2/repository/org/apache/ozone/hdds-interface-client/1.4.0-SNAPSHOT/hdds-interface-client-1.4.0-SNAPSHOT.jar:/home/runner/.m2/repository/org/apache/hadoop/thirdparty/hadoop-shaded-protobuf_3_7/1.1.1/hadoop-shaded-protobuf_3_7-1.1.1.jar:/home/runner/.m2/repository/org/apache/ratis/ratis-thirdparty-misc/1.0.3/ratis-thirdparty-misc-1.0.3.jar:/home/runner/.m2/repository/org/apache/ozone/ozone-interface-storage/1.4.0-SNAPSHOT/ozone-interface-storage-1.4.0-SNAPSHOT.jar:/home/runner/.m2/repository/org/apache/ozone/rocksdb-checkpoint-differ/1.4.0-SNAPSHOT/rocksdb-checkpoint-differ-1.4.0-SNAPSHOT.jar:/home/runner/.m2/repository/org/reflections/reflections/0.9.11/reflections-0.9.11.jar:/home/runner/.m2/repository/com/sun/jersey/jersey-client/1.19/jersey-client-1.19.jar:/home/runner/.m2/repository/org/apache/ranger/ranger-intg/2.3.0/ranger-intg-2.3.0.jar:/home/runner/.m2/repository/org/apache/ranger/ranger-plugins-common/2.3.0/ranger-plugins-common-2.3.0.jar:/home/runner/.m2/repository/commons-lang/commons-lang/2.6/commons-lang-2.6.jar:/home/runner/.m2/repository/org/apache/ranger/ranger-plugins-cred/2.3.0/ranger-plugins-cred-2.3.0.jar:/home/runner/.m2/repository/org/apache/ranger/ranger-plugins-audit/2.3.0/ranger-plugins-audit-2.3.0.jar:/home/runner/.m2/repository/org/eclipse/jetty/jetty-client/9.4.49.v20220914/jetty-client-9.4.49.v20220914.jar:/home/runner/.m2/repository/org/apache/httpcomponents/httpmime/4.5.6/httpmime-4.5.6.jar:/home/runner/.m2/repository/org/apache/httpcomponents/httpcore-nio/4.4.13/httpcore-nio-4.4.13.jar:/home/runner/.m2/repository/org/apache/httpcomponents/httpasyncclient/4.1.3/httpasyncclient-4.1.3.jar:/home/runner/.m2/repository/com/carrotsearch/hppc/0.8.0/hppc-0.8.0.jar:/home/runner/.m2/repository/org/apache/orc/orc-core/1.5.8/orc-core-1.5.8.jar:/home/runner/.m2/repository/net/java/dev/jna/jna/5.2.0/jna-5.2.0.jar:/home/runner/.m2/repository/net/java/dev/jna/jna-platform/5.2.0/jna-platform-5.2.0.jar:/home/runner/.m2/repository/com/kstruct/gethostname4j/0.0.2/gethostname4j-0.0.2.jar:/home/runner/.m2/repository/org/apache/ranger/ranger-plugin-classloader/2.3.0/ranger-plugin-classloader-2.3.0.jar:/home/runner/.m2/repository/org/apache/hadoop/hadoop-minikdc/3.3.4/hadoop-minikdc-3.3.4.jar:/home/runner/.m2/repository/org/apache/kerby/kerb-simplekdc/1.0.1/kerb-simplekdc-1.0.1.jar:/home/runner/.m2/repository/org/apache/kerby/kerb-client/1.0.1/kerb-client-1.0.1.jar:/home/runner/.m2/repository/org/apache/kerby/kerby-config/1.0.1/kerby-config-1.0.1.jar:/home/runner/.m2/repository/org/apache/kerby/kerb-common/1.0.1/kerb-common-1.0.1.jar:/home/runner/.m2/repository/org/apache/kerby/kerb-crypto/1.0.1/kerb-crypto-1.0.1.jar:/home/runner/.m2/repository/org/apache/kerby/kerb-util/1.0.1/kerb-util-1.0.1.jar:/home/runner/.m2/repository/org/apache/kerby/token-provider/1.0.1/token-provider-1.0.1.jar:/home/runner/.m2/repository/org/apache/kerby/kerb-admin/1.0.1/kerb-admin-1.0.1.jar:/home/runner/.m2/repository/org/apache/kerby/kerb-server/1.0.1/kerb-server-1.0.1.jar:/home/runner/.m2/repository/org/apache/kerby/kerb-identity/1.0.1/kerb-identity-1.0.1.jar:/home/runner/.m2/repository/org/apache/kerby/kerby-xdr/1.0.1/kerby-xdr-1.0.1.jar:/home/runner/.m2/repository/org/apache/ozone/ozone-s3gateway/1.4.0-SNAPSHOT/ozone-s3gateway-1.4.0-SNAPSHOT.jar:/home/runner/.m2/repository/org/javassist/javassist/3.21.0-GA/javassist-3.21.0-GA.jar:/home/runner/.m2/repository/org/jboss/weld/servlet/weld-servlet/2.4.7.Final/weld-servlet-2.4.7.Final.jar:/home/runner/.m2/repository/org/glassfish/jersey/containers/jersey-container-servlet-core/2.34/jersey-container-servlet-core-2.34.jar:/home/runner/.m2/repository/org/glassfish/hk2/external/jakarta.inject/2.6.1/jakarta.inject-2.6.1.jar:/home/runner/.m2/repository/org/glassfish/jersey/core/jersey-common/2.34/jersey-common-2.34.jar:/home/runner/.m2/repository/jakarta/ws/rs/jakarta.ws.rs-api/2.1.6/jakarta.ws.rs-api-2.1.6.jar:/home/runner/.m2/repository/org/glassfish/jersey/ext/cdi/jersey-cdi1x/2.34/jersey-cdi1x-2.34.jar:/home/runner/.m2/repository/org/glassfish/jersey/inject/jersey-hk2/2.34/jersey-hk2-2.34.jar:/home/runner/.m2/repository/org/glassfish/hk2/hk2-locator/2.6.1/hk2-locator-2.6.1.jar:/home/runner/.m2/repository/org/glassfish/jersey/media/jersey-media-jaxb/2.34/jersey-media-jaxb-2.34.jar:/home/runner/.m2/repository/org/glassfish/hk2/osgi-resource-locator/1.0.3/osgi-resource-locator-1.0.3.jar:/home/runner/.m2/repository/org/glassfish/hk2/hk2-api/2.5.0/hk2-api-2.5.0.jar:/home/runner/.m2/repository/org/glassfish/hk2/hk2-utils/2.5.0/hk2-utils-2.5.0.jar:/home/runner/.m2/repository/org/glassfish/hk2/external/aopalliance-repackaged/2.5.0/aopalliance-repackaged-2.5.0.jar:/home/runner/.m2/repository/com/fasterxml/jackson/dataformat/jackson-dataformat-xml/2.13.4/jackson-dataformat-xml-2.13.4.jar:/home/runner/.m2/repository/com/fasterxml/jackson/core/jackson-core/2.13.4/jackson-core-2.13.4.jar:/home/runner/.m2/repository/org/codehaus/woodstox/stax2-api/4.2.1/stax2-api-4.2.1.jar:/home/runner/.m2/repository/com/fasterxml/woodstox/woodstox-core/5.4.0/woodstox-core-5.4.0.jar:/home/runner/.m2/repository/com/fasterxml/jackson/module/jackson-module-jaxb-annotations/2.13.4/jackson-module-jaxb-annotations-2.13.4.jar:/home/runner/.m2/repository/jakarta/xml/bind/jakarta.xml.bind-api/2.3.3/jakarta.xml.bind-api-2.3.3.jar:/home/runner/.m2/repository/jakarta/activation/jakarta.activation-api/1.2.2/jakarta.activation-api-1.2.2.jar:/home/runner/.m2/repository/javax/enterprise/cdi-api/1.2/cdi-api-1.2.jar:/home/runner/.m2/repository/javax/el/javax.el-api/3.0.0/javax.el-api-3.0.0.jar:/home/runner/.m2/repository/javax/interceptor/javax.interceptor-api/1.2/javax.interceptor-api-1.2.jar:/home/runner/.m2/repository/javax/inject/javax.inject/1/javax.inject-1.jar:/home/runner/.m2/repository/javax/xml/bind/jaxb-api/2.3.0/jaxb-api-2.3.0.jar:/home/runner/.m2/repository/org/glassfish/jaxb/jaxb-runtime/2.3.0.1/jaxb-runtime-2.3.0.1.jar:/home/runner/.m2/repository/org/glassfish/jaxb/jaxb-core/2.3.0.1/jaxb-core-2.3.0.1.jar:/home/runner/.m2/repository/org/glassfish/jaxb/txw2/2.3.0.1/txw2-2.3.0.1.jar:/home/runner/.m2/repository/com/sun/istack/istack-commons-runtime/3.0.5/istack-commons-runtime-3.0.5.jar:/home/runner/.m2/repository/org/jvnet/staxex/stax-ex/1.7.8/stax-ex-1.7.8.jar:/home/runner/.m2/repository/com/sun/xml/fastinfoset/FastInfoset/1.2.13/FastInfoset-1.2.13.jar:/home/runner/.m2/repository/javax/activation/activation/1.1.1/activation-1.1.1.jar:/home/runner/.m2/repository/io/grpc/grpc-protobuf/1.51.1/grpc-protobuf-1.51.1.jar:/home/runner/.m2/repository/io/grpc/grpc-api/1.51.1/grpc-api-1.51.1.jar:/home/runner/.m2/repository/io/grpc/grpc-context/1.51.1/grpc-context-1.51.1.jar:/home/runner/.m2/repository/com/google/api/grpc/proto-google-common-protos/2.9.0/proto-google-common-protos-2.9.0.jar:/home/runner/.m2/repository/io/grpc/grpc-protobuf-lite/1.51.1/grpc-protobuf-lite-1.51.1.jar:/home/runner/.m2/repository/io/grpc/grpc-stub/1.51.1/grpc-stub-1.51.1.jar:/home/runner/.m2/repository/io/netty/netty-transport/4.1.86.Final/netty-transport-4.1.86.Final.jar:/home/runner/.m2/repository/io/netty/netty-resolver/4.1.86.Final/netty-resolver-4.1.86.Final.jar:/home/runner/.m2/repository/org/apache/ozone/ozone-csi/1.4.0-SNAPSHOT/ozone-csi-1.4.0-SNAPSHOT.jar:/home/runner/.m2/repository/com/google/protobuf/protobuf-java-util/3.19.6/protobuf-java-util-3.19.6.jar:/home/runner/.m2/repository/com/google/code/gson/gson/2.9.0/gson-2.9.0.jar:/home/runner/.m2/repository/org/apache/ozone/hdds-config/1.4.0-SNAPSHOT/hdds-config-1.4.0-SNAPSHOT.jar:/home/runner/.m2/repository/io/netty/netty-transport-native-epoll/4.1.86.Final/netty-transport-native-epoll-4.1.86.Final-linux-x86_64.jar:/home/runner/.m2/repository/io/netty/netty-transport-classes-epoll/4.1.86.Final/netty-transport-classes-epoll-4.1.86.Final.jar:/home/runner/.m2/repository/io/netty/netty-transport-native-unix-common/4.1.86.Final/netty-transport-native-unix-common-4.1.86.Final.jar:/home/runner/.m2/repository/org/slf4j/slf4j-reload4j/1.7.36/slf4j-reload4j-1.7.36.jar:/home/runner/.m2/repository/org/apache/ozone/ozone-recon/1.4.0-SNAPSHOT/ozone-recon-1.4.0-SNAPSHOT.jar:/home/runner/.m2/repository/org/apache/ozone/ozone-reconcodegen/1.4.0-SNAPSHOT/ozone-reconcodegen-1.4.0-SNAPSHOT.jar:/home/runner/.m2/repository/com/google/inject/extensions/guice-multibindings/4.0/guice-multibindings-4.0.jar:/home/runner/.m2/repository/com/google/inject/guice/4.0/guice-4.0.jar:/home/runner/.m2/repository/aopalliance/aopalliance/1.0/aopalliance-1.0.jar:/home/runner/.m2/repository/com/google/inject/extensions/guice-assistedinject/4.0/guice-assistedinject-4.0.jar:/home/runner/.m2/repository/com/google/inject/extensions/guice-servlet/4.0/guice-servlet-4.0.jar:/home/runner/.m2/repository/org/glassfish/jersey/containers/jersey-container-servlet/2.34/jersey-container-servlet-2.34.jar:/home/runner/.m2/repository/org/glassfish/hk2/guice-bridge/2.5.0/guice-bridge-2.5.0.jar:/home/runner/.m2/repository/org/glassfish/jersey/core/jersey-server/2.34/jersey-server-2.34.jar:/home/runner/.m2/repository/org/glassfish/jersey/core/jersey-client/2.34/jersey-client-2.34.jar:/home/runner/.m2/repository/jakarta/annotation/jakarta.annotation-api/1.3.5/jakarta.annotation-api-1.3.5.jar:/home/runner/.m2/repository/jakarta/validation/jakarta.validation-api/2.0.2/jakarta.validation-api-2.0.2.jar:/home/runner/.m2/repository/org/glassfish/jersey/media/jersey-media-json-jackson/2.34/jersey-media-json-jackson-2.34.jar:/home/runner/.m2/repository/org/glassfish/jersey/ext/jersey-entity-filtering/2.34/jersey-entity-filtering-2.34.jar:/home/runner/.m2/repository/org/jooq/jooq/3.11.10/jooq-3.11.10.jar:/home/runner/.m2/repository/org/jooq/jooq-meta/3.11.10/jooq-meta-3.11.10.jar:/home/runner/.m2/repository/org/jooq/jooq-codegen/3.11.10/jooq-codegen-3.11.10.jar:/home/runner/.m2/repository/com/jolbox/bonecp/0.8.0.RELEASE/bonecp-0.8.0.RELEASE.jar:/home/runner/.m2/repository/org/apache/derby/derby/10.14.2.0/derby-10.14.2.0.jar:/home/runner/.m2/repository/org/xerial/sqlite-jdbc/3.25.2/sqlite-jdbc-3.25.2.jar:/home/runner/.m2/repository/org/springframework/spring-jdbc/5.3.23/spring-jdbc-5.3.23.jar:/home/runner/.m2/repository/org/springframework/spring-beans/5.3.23/spring-beans-5.3.23.jar:/home/runner/.m2/repository/org/springframework/spring-core/5.3.23/spring-core-5.3.23.jar:/home/runner/.m2/repository/org/springframework/spring-jcl/5.3.23/spring-jcl-5.3.23.jar:/home/runner/.m2/repository/org/springframework/spring-tx/5.3.23/spring-tx-5.3.23.jar:/home/runner/.m2/repository/org/apache/ozone/ozone-client/1.4.0-SNAPSHOT/ozone-client-1.4.0-SNAPSHOT.jar:/home/runner/.m2/repository/org/apache/ozone/hdds-erasurecode/1.4.0-SNAPSHOT/hdds-erasurecode-1.4.0-SNAPSHOT.jar:/home/runner/.m2/repository/org/apache/ozone/ozone-filesystem/1.4.0-SNAPSHOT/ozone-filesystem-1.4.0-SNAPSHOT.jar:/home/runner/.m2/repository/org/apache/ozone/ozone-filesystem-common/1.4.0-SNAPSHOT/ozone-filesystem-common-1.4.0-SNAPSHOT.jar:/home/runner/.m2/repository/org/apache/ozone/ozone-tools/1.4.0-SNAPSHOT/ozone-tools-1.4.0-SNAPSHOT.jar:/home/runner/.m2/repository/com/amazonaws/aws-java-sdk-core/1.12.261/aws-java-sdk-core-1.12.261.jar:/home/runner/.m2/repository/org/apache/httpcomponents/httpclient/4.5.13/httpclient-4.5.13.jar:/home/runner/.m2/repository/org/apache/httpcomponents/httpcore/4.4.13/httpcore-4.4.13.jar:/home/runner/.m2/repository/software/amazon/ion/ion-java/1.0.2/ion-java-1.0.2.jar:/home/runner/.m2/repository/com/fasterxml/jackson/dataformat/jackson-dataformat-cbor/2.13.4/jackson-dataformat-cbor-2.13.4.jar:/home/runner/.m2/repository/joda-time/joda-time/2.10.6/joda-time-2.10.6.jar:/home/runner/.m2/repository/com/amazonaws/aws-java-sdk-s3/1.12.261/aws-java-sdk-s3-1.12.261.jar:/home/runner/.m2/repository/com/amazonaws/aws-java-sdk-kms/1.12.261/aws-java-sdk-kms-1.12.261.jar:/home/runner/.m2/repository/com/amazonaws/jmespath-java/1.12.261/jmespath-java-1.12.261.jar:/home/runner/.m2/repository/org/kohsuke/metainf-services/metainf-services/1.8/metainf-services-1.8.jar:/home/runner/.m2/repository/org/apache/ozone/hdds-tools/1.4.0-SNAPSHOT/hdds-tools-1.4.0-SNAPSHOT.jar:/home/runner/.m2/repository/org/apache/ratis/ratis-tools/2.4.2-8b8bdda-SNAPSHOT/ratis-tools-2.4.2-8b8bdda-SNAPSHOT.jar:/home/runner/.m2/repository/org/apache/ratis/ratis-proto/2.4.2-8b8bdda-SNAPSHOT/ratis-proto-2.4.2-8b8bdda-SNAPSHOT.jar:/home/runner/.m2/repository/org/apache/ratis/ratis-common/2.4.2-8b8bdda-SNAPSHOT/ratis-common-2.4.2-8b8bdda-SNAPSHOT.jar:/home/runner/.m2/repository/commons-cli/commons-cli/1.2/commons-cli-1.2.jar:/home/runner/.m2/repository/org/apache/commons/commons-lang3/3.7/commons-lang3-3.7.jar:/home/runner/.m2/repository/org/apache/ozone/ozone-manager/1.4.0-SNAPSHOT/ozone-manager-1.4.0-SNAPSHOT-tests.jar:/home/runner/.m2/repository/org/apache/ozone/hdds-common/1.4.0-SNAPSHOT/hdds-common-1.4.0-SNAPSHOT-tests.jar:/home/runner/.m2/repository/org/apache/ozone/hdds-hadoop-dependency-client/1.4.0-SNAPSHOT/hdds-hadoop-dependency-client-1.4.0-SNAPSHOT.jar:/home/runner/.m2/repository/info/picocli/picocli/4.6.1/picocli-4.6.1.jar:/home/runner/.m2/repository/com/fasterxml/jackson/core/jackson-annotations/2.13.4/jackson-annotations-2.13.4.jar:/home/runner/.m2/repository/com/fasterxml/jackson/datatype/jackson-datatype-jsr310/2.13.4/jackson-datatype-jsr310-2.13.4.jar:/home/runner/.m2/repository/org/apache/ozone/hdds-annotation-processing/1.4.0-SNAPSHOT/hdds-annotation-processing-1.4.0-SNAPSHOT.jar:/home/runner/.m2/repository/javax/annotation/javax.annotation-api/1.2/javax.annotation-api-1.2.jar:/home/runner/.m2/repository/org/apache/ratis/ratis-server/2.4.2-8b8bdda-SNAPSHOT/ratis-server-2.4.2-8b8bdda-SNAPSHOT.jar:/home/runner/.m2/repository/org/apache/ratis/ratis-client/2.4.2-8b8bdda-SNAPSHOT/ratis-client-2.4.2-8b8bdda-SNAPSHOT.jar:/home/runner/.m2/repository/org/apache/ratis/ratis-server-api/2.4.2-8b8bdda-SNAPSHOT/ratis-server-api-2.4.2-8b8bdda-SNAPSHOT.jar:/home/runner/.m2/repository/org/apache/ratis/ratis-metrics/2.4.2-8b8bdda-SNAPSHOT/ratis-metrics-2.4.2-8b8bdda-SNAPSHOT.jar:/home/runner/.m2/repository/org/apache/ratis/ratis-netty/2.4.2-8b8bdda-SNAPSHOT/ratis-netty-2.4.2-8b8bdda-SNAPSHOT.jar:/home/runner/.m2/repository/org/apache/ratis/ratis-grpc/2.4.2-8b8bdda-SNAPSHOT/ratis-grpc-2.4.2-8b8bdda-SNAPSHOT.jar:/home/runner/.m2/repository/org/apache/logging/log4j/log4j-api/2.17.1/log4j-api-2.17.1.jar:/home/runner/.m2/repository/org/apache/commons/commons-pool2/2.6.0/commons-pool2-2.6.0.jar:/home/runner/.m2/repository/org/bouncycastle/bcpkix-jdk15on/1.67/bcpkix-jdk15on-1.67.jar:/home/runner/.m2/repository/commons-validator/commons-validator/1.6/commons-validator-1.6.jar:/home/runner/.m2/repository/commons-beanutils/commons-beanutils/1.9.4/commons-beanutils-1.9.4.jar:/home/runner/.m2/repository/commons-digester/commons-digester/1.8.1/commons-digester-1.8.1.jar:/home/runner/.m2/repository/commons-collections/commons-collections/3.2.2/commons-collections-3.2.2.jar:/home/runner/.m2/repository/io/jaegertracing/jaeger-client/1.6.0/jaeger-client-1.6.0.jar:/home/runner/.m2/repository/io/jaegertracing/jaeger-thrift/1.6.0/jaeger-thrift-1.6.0.jar:/home/runner/.m2/repository/org/apache/thrift/libthrift/0.14.1/libthrift-0.14.1.jar:/home/runner/.m2/repository/io/jaegertracing/jaeger-core/1.6.0/jaeger-core-1.6.0.jar:/home/runner/.m2/repository/io/jaegertracing/jaeger-tracerresolver/1.6.0/jaeger-tracerresolver-1.6.0.jar:/home/runner/.m2/repository/io/opentracing/contrib/opentracing-tracerresolver/0.1.8/opentracing-tracerresolver-0.1.8.jar:/home/runner/.m2/repository/org/jetbrains/kotlin/kotlin-stdlib/1.6.21/kotlin-stdlib-1.6.21.jar:/home/runner/.m2/repository/org/jetbrains/annotations/13.0/annotations-13.0.jar:/home/runner/.m2/repository/io/opentracing/opentracing-util/0.33.0/opentracing-util-0.33.0.jar:/home/runner/.m2/repository/io/opentracing/opentracing-api/0.33.0/opentracing-api-0.33.0.jar:/home/runner/.m2/repository/io/opentracing/opentracing-noop/0.33.0/opentracing-noop-0.33.0.jar:/home/runner/.m2/repository/org/yaml/snakeyaml/1.33/snakeyaml-1.33.jar:/home/runner/.m2/repository/org/apache/ozone/hdds-interface-admin/1.4.0-SNAPSHOT/hdds-interface-admin-1.4.0-SNAPSHOT.jar:/home/runner/.m2/repository/junit/junit/4.13.1/junit-4.13.1.jar:/home/runner/.m2/repository/org/hamcrest/hamcrest-core/1.3/hamcrest-core-1.3.jar:/home/runner/.m2/repository/org/junit/jupiter/junit-jupiter-api/5.8.2/junit-jupiter-api-5.8.2.jar:/home/runner/.m2/repository/org/opentest4j/opentest4j/1.2.0/opentest4j-1.2.0.jar:/home/runner/.m2/repository/org/junit/platform/junit-platform-commons/1.8.2/junit-platform-commons-1.8.2.jar:/home/runner/.m2/repository/org/apiguardian/apiguardian-api/1.1.2/apiguardian-api-1.1.2.jar:/home/runner/.m2/repository/org/junit/jupiter/junit-jupiter-params/5.8.2/junit-jupiter-params-5.8.2.jar:/home/runner/.m2/repository/org/junit/jupiter/junit-jupiter-migrationsupport/5.8.2/junit-jupiter-migrationsupport-5.8.2.jar:/home/runner/.m2/repository/org/junit/jupiter/junit-jupiter-engine/5.8.2/junit-jupiter-engine-5.8.2.jar:/home/runner/.m2/repository/org/junit/platform/junit-platform-engine/1.8.2/junit-platform-engine-1.8.2.jar:/home/runner/.m2/repository/org/junit/vintage/junit-vintage-engine/5.8.2/junit-vintage-engine-5.8.2.jar:/home/runner/.m2/repository/org/junit/platform/junit-platform-launcher/1.8.2/junit-platform-launcher-1.8.2.jar:/home/runner/.m2/repository/org/mockito/mockito-core/2.28.2/mockito-core-2.28.2.jar:/home/runner/.m2/repository/net/bytebuddy/byte-buddy/1.9.10/byte-buddy-1.9.10.jar:/home/runner/.m2/repository/net/bytebuddy/byte-buddy-agent/1.9.10/byte-buddy-agent-1.9.10.jar:/home/runner/.m2/repository/org/objenesis/objenesis/1.0/objenesis-1.0.jar:/home/runner/.m2/repository/org/apache/hadoop/hadoop-kms/3.3.4/hadoop-kms-3.3.4.jar:/home/runner/.m2/repository/org/apache/hadoop/hadoop-auth/3.3.4/hadoop-auth-3.3.4.jar:/home/runner/.m2/repository/com/nimbusds/nimbus-jose-jwt/9.8.1/nimbus-jose-jwt-9.8.1.jar:/home/runner/.m2/repository/com/github/stephenc/jcip/jcip-annotations/1.0-1/jcip-annotations-1.0-1.jar:/home/runner/.m2/repository/net/minidev/json-smart/2.4.7/json-smart-2.4.7.jar:/home/runner/.m2/repository/net/minidev/accessors-smart/2.4.7/accessors-smart-2.4.7.jar:/home/runner/.m2/repository/org/ow2/asm/asm/5.0.4/asm-5.0.4.jar:/home/runner/.m2/repository/org/apache/zookeeper/zookeeper/3.5.6/zookeeper-3.5.6.jar:/home/runner/.m2/repository/org/apache/zookeeper/zookeeper-jute/3.5.6/zookeeper-jute-3.5.6.jar:/home/runner/.m2/repository/org/apache/yetus/audience-annotations/0.5.0/audience-annotations-0.5.0.jar:/home/runner/.m2/repository/org/apache/curator/curator-framework/4.2.0/curator-framework-4.2.0.jar:/home/runner/.m2/repository/org/apache/hadoop/thirdparty/hadoop-shaded-guava/1.1.1/hadoop-shaded-guava-1.1.1.jar:/home/runner/.m2/repository/com/sun/jersey/jersey-core/1.19/jersey-core-1.19.jar:/home/runner/.m2/repository/javax/ws/rs/jsr311-api/1.1.1/jsr311-api-1.1.1.jar:/home/runner/.m2/repository/com/sun/jersey/jersey-server/1.19/jersey-server-1.19.jar:/home/runner/.m2/repository/javax/servlet/javax.servlet-api/3.1.0/javax.servlet-api-3.1.0.jar:/home/runner/.m2/repository/org/eclipse/jetty/jetty-server/9.4.49.v20220914/jetty-server-9.4.49.v20220914.jar:/home/runner/.m2/repository/org/eclipse/jetty/jetty-http/9.4.49.v20220914/jetty-http-9.4.49.v20220914.jar:/home/runner/.m2/repository/org/eclipse/jetty/jetty-io/9.4.49.v20220914/jetty-io-9.4.49.v20220914.jar:/home/runner/.m2/repository/org/eclipse/jetty/jetty-webapp/9.4.49.v20220914/jetty-webapp-9.4.49.v20220914.jar:/home/runner/.m2/repository/org/eclipse/jetty/jetty-xml/9.4.49.v20220914/jetty-xml-9.4.49.v20220914.jar:/home/runner/.m2/repository/org/apache/hadoop/hadoop-common/3.3.4/hadoop-common-3.3.4.jar:/home/runner/.m2/repository/org/apache/commons/commons-math3/3.1.1/commons-math3-3.1.1.jar:/home/runner/.m2/repository/commons-net/commons-net/3.9.0/commons-net-3.9.0.jar:/home/runner/.m2/repository/com/sun/jersey/jersey-servlet/1.19/jersey-servlet-1.19.jar:/home/runner/.m2/repository/com/sun/jersey/jersey-json/1.19/jersey-json-1.19.jar:/home/runner/.m2/repository/org/codehaus/jettison/jettison/1.1/jettison-1.1.jar:/home/runner/.m2/repository/com/sun/xml/bind/jaxb-impl/2.2.3-1/jaxb-impl-2.2.3-1.jar:/home/runner/.m2/repository/org/codehaus/jackson/jackson-jaxrs/1.9.2/jackson-jaxrs-1.9.2.jar:/home/runner/.m2/repository/org/codehaus/jackson/jackson-xc/1.9.2/jackson-xc-1.9.2.jar:/home/runner/.m2/repository/com/google/re2j/re2j/1.1/re2j-1.1.jar:/home/runner/.m2/repository/com/jcraft/jsch/0.1.54/jsch-0.1.54.jar:/home/runner/.m2/repository/org/apache/curator/curator-client/4.2.0/curator-client-4.2.0.jar:/home/runner/.m2/repository/org/apache/curator/curator-recipes/4.2.0/curator-recipes-4.2.0.jar:/home/runner/.m2/repository/org/apache/kerby/kerb-core/1.0.1/kerb-core-1.0.1.jar:/home/runner/.m2/repository/org/apache/kerby/kerby-pkix/1.0.1/kerby-pkix-1.0.1.jar:/home/runner/.m2/repository/org/apache/kerby/kerby-asn1/1.0.1/kerby-asn1-1.0.1.jar:/home/runner/.m2/repository/org/apache/kerby/kerby-util/1.0.1/kerby-util-1.0.1.jar:/home/runner/.m2/repository/dnsjava/dnsjava/2.1.7/dnsjava-2.1.7.jar:/home/runner/.m2/repository/org/xerial/snappy/snappy-java/1.1.8.2/snappy-java-1.1.8.2.jar:/home/runner/.m2/repository/org/eclipse/jetty/jetty-util/9.4.49.v20220914/jetty-util-9.4.49.v20220914.jar:/home/runner/.m2/repository/com/fasterxml/jackson/core/jackson-databind/2.13.4.2/jackson-databind-2.13.4.2.jar:/home/runner/.m2/repository/org/apache/hadoop/hadoop-kms/3.3.4/hadoop-kms-3.3.4-tests.jar:/home/runner/.m2/repository/org/apache/ozone/hdds-server-scm/1.4.0-SNAPSHOT/hdds-server-scm-1.4.0-SNAPSHOT-tests.jar:/home/runner/.m2/repository/org/apache/ozone/hdds-container-service/1.4.0-SNAPSHOT/hdds-container-service-1.4.0-SNAPSHOT-tests.jar:/home/runner/.m2/repository/com/github/luben/zstd-jni/1.5.2-5/zstd-jni-1.5.2-5.jar:/home/runner/.m2/repository/commons-codec/commons-codec/1.15/commons-codec-1.15.jar:/home/runner/.m2/repository/io/netty/netty-codec/4.1.86.Final/netty-codec-4.1.86.Final.jar:/home/runner/.m2/repository/io/netty/netty-handler/4.1.86.Final/netty-handler-4.1.86.Final.jar:/home/runner/.m2/repository/org/apache/ozone/hdds-hadoop-dependency-test/1.4.0-SNAPSHOT/hdds-hadoop-dependency-test-1.4.0-SNAPSHOT.jar:/home/runner/.m2/repository/org/apache/hadoop/hadoop-common/3.3.4/hadoop-common-3.3.4-tests.jar:/home/runner/.m2/repository/org/apache/hadoop/hadoop-hdfs/3.3.4/hadoop-hdfs-3.3.4-tests.jar:/home/runner/.m2/repository/org/assertj/assertj-core/3.12.2/assertj-core-3.12.2.jar:/home/runner/.m2/repository/org/apache/hadoop/hadoop-distcp/3.3.4/hadoop-distcp-3.3.4.jar:/home/runner/.m2/repository/org/apache/hadoop/hadoop-mapreduce-client-jobclient/3.3.4/hadoop-mapreduce-client-jobclient-3.3.4.jar:/home/runner/.m2/repository/org/apache/hadoop/hadoop-mapreduce-client-common/3.3.4/hadoop-mapreduce-client-common-3.3.4.jar:/home/runner/.m2/repository/org/apache/hadoop/hadoop-yarn-common/3.3.4/hadoop-yarn-common-3.3.4.jar:/home/runner/.m2/repository/org/apache/hadoop/hadoop-yarn-api/3.3.4/hadoop-yarn-api-3.3.4.jar:/home/runner/.m2/repository/com/sun/jersey/contribs/jersey-guice/1.19/jersey-guice-1.19.jar:/home/runner/.m2/repository/com/fasterxml/jackson/jaxrs/jackson-jaxrs-json-provider/2.13.4/jackson-jaxrs-json-provider-2.13.4.jar:/home/runner/.m2/repository/com/fasterxml/jackson/jaxrs/jackson-jaxrs-base/2.13.4/jackson-jaxrs-base-2.13.4.jar:/home/runner/.m2/repository/org/apache/hadoop/hadoop-yarn-client/3.3.4/hadoop-yarn-client-3.3.4.jar:/home/runner/.m2/repository/org/eclipse/jetty/websocket/websocket-client/9.4.43.v20210629/websocket-client-9.4.43.v20210629.jar:/home/runner/.m2/repository/org/eclipse/jetty/websocket/websocket-common/9.4.43.v20210629/websocket-common-9.4.43.v20210629.jar:/home/runner/.m2/repository/org/eclipse/jetty/websocket/websocket-api/9.4.43.v20210629/websocket-api-9.4.43.v20210629.jar:/home/runner/.m2/repository/org/jline/jline/3.9.0/jline-3.9.0.jar:/home/runner/.m2/repository/org/apache/hadoop/hadoop-mapreduce-client-core/3.3.4/hadoop-mapreduce-client-core-3.3.4.jar:/home/runner/.m2/repository/org/apache/avro/avro/1.7.7/avro-1.7.7.jar:/home/runner/.m2/repository/org/codehaus/jackson/jackson-core-asl/1.9.13/jackson-core-asl-1.9.13.jar:/home/runner/.m2/repository/org/codehaus/jackson/jackson-mapper-asl/1.9.13/jackson-mapper-asl-1.9.13.jar:/home/runner/.m2/repository/com/thoughtworks/paranamer/paranamer/2.3/paranamer-2.3.jar:/home/runner/.m2/repository/org/apache/hadoop/hadoop-annotations/3.3.4/hadoop-annotations-3.3.4.jar:/usr/lib/jvm/temurin-8-jdk-amd64/jre/../lib/tools.jar:/home/runner/.m2/repository/io/netty/netty/3.10.6.Final/netty-3.10.6.Final.jar:/home/runner/.m2/repository/org/apache/hadoop/hadoop-distcp/3.3.4/hadoop-distcp-3.3.4-tests.jar:/home/runner/.m2/repository/org/slf4j/jul-to-slf4j/1.7.36/jul-to-slf4j-1.7.36.jar:"/>
    <property name="sun.cpu.endian" value="little"/>
    <property name="user.home" value="/home/runner"/>
    <property name="user.language" value="en"/>
    <property name="java.specification.vendor" value="Oracle Corporation"/>
    <property name="java.home" value="/usr/lib/jvm/temurin-8-jdk-amd64/jre"/>
    <property name="java.security.krb5.conf" value="/home/runner/work/ozone/ozone/hadoop-ozone/integration-test/target/test-classes/krb5.conf"/>
    <property name="basedir" value="/home/runner/work/ozone/ozone/hadoop-ozone/integration-test"/>
    <property name="file.separator" value="/"/>
    <property name="line.separator" value="&#10;"/>
    <property name="java.vm.specification.vendor" value="Oracle Corporation"/>
    <property name="java.specification.name" value="Java Platform API Specification"/>
    <property name="java.awt.graphicsenv" value="sun.awt.X11GraphicsEnvironment"/>
    <property name="skip.installnpx" value="true"/>
    <property name="surefire.real.class.path" value="/home/runner/work/ozone/ozone/hadoop-ozone/integration-test/target/surefire/surefirebooter1470562489443341960.jar:/home/runner/.m2/repository/org/jacoco/org.jacoco.agent/0.8.5/org.jacoco.agent-0.8.5-runtime.jar"/>
    <property name="hadoop.log.dir" value="/home/runner/work/ozone/ozone/hadoop-ozone/integration-test/target/log"/>
    <property name="sun.boot.class.path" value="/usr/lib/jvm/temurin-8-jdk-amd64/jre/lib/resources.jar:/usr/lib/jvm/temurin-8-jdk-amd64/jre/lib/rt.jar:/usr/lib/jvm/temurin-8-jdk-amd64/jre/lib/sunrsasign.jar:/usr/lib/jvm/temurin-8-jdk-amd64/jre/lib/jsse.jar:/usr/lib/jvm/temurin-8-jdk-amd64/jre/lib/jce.jar:/usr/lib/jvm/temurin-8-jdk-amd64/jre/lib/charsets.jar:/usr/lib/jvm/temurin-8-jdk-amd64/jre/lib/jfr.jar:/usr/lib/jvm/temurin-8-jdk-amd64/jre/classes"/>
    <property name="sun.management.compiler" value="HotSpot 64-Bit Tiered Compilers"/>
    <property name="skip.npx" value="true"/>
    <property name="java.runtime.version" value="1.8.0_362-b09"/>
    <property name="java.net.preferIPv4Stack" value="true"/>
    <property name="user.name" value="runner"/>
    <property name="path.separator" value=":"/>
    <property name="java.security.egd" value="file:///dev/urandom"/>
    <property name="os.version" value="5.15.0-1031-azure"/>
    <property name="java.endorsed.dirs" value="/usr/lib/jvm/temurin-8-jdk-amd64/jre/lib/endorsed"/>
    <property name="java.runtime.name" value="OpenJDK Runtime Environment"/>
    <property name="file.encoding" value="UTF-8"/>
    <property name="java.vm.name" value="OpenJDK 64-Bit Server VM"/>
    <property name="test.build.webapps" value=""/>
    <property name="localRepository" value="/home/runner/.m2/repository"/>
    <property name="jetty.git.hash" value="4231a3b2e4cb8548a412a789936d640a97b1aa0a"/>
    <property name="java.vendor.url.bug" value="https://github.com/adoptium/adoptium-support/issues"/>
    <property name="java.io.tmpdir" value="/tmp"/>
    <property name="require.test.libhadoop" value=""/>
    <property name="java.version" value="1.8.0_362"/>
    <property name="user.dir" value="/home/runner/work/ozone/ozone/hadoop-ozone/integration-test"/>
    <property name="os.arch" value="amd64"/>
    <property name="java.vm.specification.name" value="Java Virtual Machine Specification"/>
    <property name="test.build.classes" value="/home/runner/work/ozone/ozone/hadoop-ozone/integration-test/target/test-classes"/>
    <property name="java.awt.printerjob" value="sun.print.PSPrinterJob"/>
    <property name="sun.os.patch.level" value="unknown"/>
    <property name="org.apache.ratis.thirdparty.io.netty.allocator.useCacheForAllThreads" value="false"/>
    <property name="hadoop.tmp.dir" value="/home/runner/work/ozone/ozone/hadoop-ozone/integration-test/target/tmp"/>
    <property name="java.library.path" value="/usr/java/packages/lib/amd64:/usr/lib64:/lib64:/lib:/usr/lib"/>
    <property name="java.vm.info" value="mixed mode"/>
    <property name="java.vendor" value="Temurin"/>
    <property name="java.vm.version" value="25.362-b09"/>
    <property name="java.specification.maintenance.version" value="4"/>
    <property name="java.ext.dirs" value="/usr/lib/jvm/temurin-8-jdk-amd64/jre/lib/ext:/usr/java/packages/lib/ext"/>
    <property name="sun.io.unicode.encoding" value="UnicodeLittle"/>
    <property name="java.class.version" value="52.0"/>
  </properties>
  <testcase name="testRecursiveRootListing" classname="ITestOzoneContractRootDir" time="24.17">
    <system-out><![CDATA[2023-02-16 22:42:49,887 [JUnit] WARN  server.ServerUtils (ServerUtils.java:getScmDbDir(148)) - ozone.scm.db.dirs is not configured. We recommend adding this setting. Falling back to ozone.metadata.dirs instead.
2023-02-16 22:42:50,010 [JUnit] WARN  server.ServerUtils (ServerUtils.java:getScmDbDir(148)) - ozone.scm.db.dirs is not configured. We recommend adding this setting. Falling back to ozone.metadata.dirs instead.
2023-02-16 22:42:50,015 [JUnit] INFO  ha.SCMHANodeDetails (SCMHANodeDetails.java:loadSCMHAConfig(209)) - ServiceID for StorageContainerManager is null
2023-02-16 22:42:50,033 [JUnit] WARN  ha.SCMHANodeDetails (SCMHANodeDetails.java:validateSCMHAConfig(182)) - Invalid config ozone.scm.ratis.enable. The config was not specified, but the default value true conflicts with the expected config value false. Falling back to the expected value. Current State of SCM: SCM is running in Non-HA without Ratis Ratis SCM -> Non Ratis SCM or Non HA SCM -> HA SCM is not supported
2023-02-16 22:42:50,033 [JUnit] INFO  ha.SCMHANodeDetails (SCMHANodeDetails.java:loadSCMHAConfig(214)) - ozone.scm.default.service.id is not defined, falling back to ozone.scm.service.ids to find serviceID for StorageContainerManager if it is HA enabled cluster
2023-02-16 22:42:50,549 [JUnit] WARN  utils.HAUtils (HAUtils.java:getMetaDir(342)) - ozone.scm.db.dirs is not configured. We recommend adding this setting. Falling back to ozone.metadata.dirs instead.
2023-02-16 22:42:50,802 [JUnit] WARN  db.DBStoreBuilder (DBStoreBuilder.java:applyDBDefinition(172)) - ozone.scm.db.dirs is not configured. We recommend adding this setting. Falling back to ozone.metadata.dirs instead.
2023-02-16 22:42:51,131 [JUnit] INFO  net.NodeSchemaLoader (NodeSchemaLoader.java:loadSchemaFromFile(129)) - Loading schema from [jar:file:/home/runner/.m2/repository/org/apache/ozone/hdds-common/1.4.0-SNAPSHOT/hdds-common-1.4.0-SNAPSHOT.jar!/network-topology-default.xml]
2023-02-16 22:42:51,133 [JUnit] INFO  net.NodeSchemaLoader (NodeSchemaLoader.java:loadSchema(176)) - Loading network topology layer schema file
2023-02-16 22:42:51,191 [JUnit] INFO  metrics.MetricRegistries (MetricRegistriesLoader.java:load(64)) - Loaded MetricRegistries class org.apache.ratis.metrics.impl.MetricRegistriesImpl
2023-02-16 22:42:51,197 [JUnit] INFO  upgrade.AbstractLayoutVersionManager (AbstractLayoutVersionManager.java:init(83)) - Initializing Layout version manager with metadata layout = DATANODE_SCHEMA_V3 (version = 4), software layout = DATANODE_SCHEMA_V3 (version = 4)
2023-02-16 22:42:51,499 [JUnit] INFO  reflections.Reflections (Reflections.java:scan(232)) - Reflections took 190 ms to scan 7 urls, producing 150 keys and 362 values 
2023-02-16 22:42:51,626 [JUnit] INFO  ha.SequenceIdGenerator (SequenceIdGenerator.java:upgradeToSequenceId(349)) - upgrade localId to 111677748019200000
2023-02-16 22:42:51,627 [JUnit] INFO  ha.SequenceIdGenerator (SequenceIdGenerator.java:upgradeToSequenceId(359)) - upgrade delTxnId to 0
2023-02-16 22:42:51,632 [JUnit] INFO  ha.SequenceIdGenerator (SequenceIdGenerator.java:upgradeToSequenceId(376)) - upgrade containerId to 0
2023-02-16 22:42:51,636 [JUnit] INFO  ha.SequenceIdGenerator (SequenceIdGenerator.java:<init>(220)) - Init the HA SequenceIdGenerator.
2023-02-16 22:42:51,715 [JUnit] WARN  server.ServerUtils (ServerUtils.java:sanitizeUserArgs(73)) - ozone.scm.stale.node.interval value = 300000 is larger than max = 100000 based on the key value of ozone.scm.heartbeat.thread.interval, reset to the max value 100000.
2023-02-16 22:42:51,715 [JUnit] WARN  server.ServerUtils (ServerUtils.java:sanitizeUserArgs(73)) - ozone.scm.stale.node.interval value = 300000 is larger than max = 100000 based on the key value of ozone.scm.heartbeat.thread.interval, reset to the max value 100000.
2023-02-16 22:42:51,727 [JUnit] INFO  node.SCMNodeManager (SCMNodeManager.java:<init>(149)) - Entering startup safe mode.
2023-02-16 22:42:51,831 [JUnit] INFO  algorithms.ContainerPlacementPolicyFactory (ContainerPlacementPolicyFactory.java:getPolicyInternal(86)) - Create container placement policy of type org.apache.hadoop.hdds.scm.container.placement.algorithms.SCMContainerPlacementRandom
2023-02-16 22:42:51,836 [JUnit] INFO  algorithms.ContainerPlacementPolicyFactory (ContainerPlacementPolicyFactory.java:getPolicyInternal(86)) - Create container placement policy of type org.apache.hadoop.hdds.scm.container.placement.algorithms.SCMContainerPlacementRackScatter
2023-02-16 22:42:51,847 [JUnit] INFO  pipeline.PipelineStateManagerImpl (PipelineStateManagerImpl.java:initialize(78)) - No pipeline exists in current db
2023-02-16 22:42:51,888 [JUnit] INFO  algorithms.LeaderChoosePolicyFactory (LeaderChoosePolicyFactory.java:getPolicy(57)) - Create leader choose policy of type org.apache.hadoop.hdds.scm.pipeline.leader.choose.algorithms.MinLeaderCountChoosePolicy
2023-02-16 22:42:51,889 [JUnit] INFO  algorithms.ContainerPlacementPolicyFactory (ContainerPlacementPolicyFactory.java:getPolicyInternal(86)) - Create container placement policy of type org.apache.hadoop.hdds.scm.container.placement.algorithms.SCMContainerPlacementRackScatter
2023-02-16 22:42:51,897 [JUnit] INFO  ha.SCMServiceManager (SCMServiceManager.java:register(42)) - Registering service BackgroundPipelineCreator.
2023-02-16 22:42:51,898 [JUnit] INFO  pipeline.BackgroundPipelineCreator (BackgroundPipelineCreator.java:start(124)) - Starting RatisPipelineUtilsThread.
2023-02-16 22:42:51,902 [JUnit] INFO  BackgroundPipelineScrubber (BackgroundSCMService.java:start(68)) - Starting BackgroundPipelineScrubber Service.
2023-02-16 22:42:51,903 [JUnit] INFO  ha.SCMServiceManager (SCMServiceManager.java:register(42)) - Registering service BackgroundPipelineScrubber.
2023-02-16 22:42:51,912 [JUnit] INFO  ExpiredContainerReplicaOpScrubber (BackgroundSCMService.java:start(68)) - Starting ExpiredContainerReplicaOpScrubber Service.
2023-02-16 22:42:51,913 [JUnit] INFO  ha.SCMServiceManager (SCMServiceManager.java:register(42)) - Registering service ExpiredContainerReplicaOpScrubber.
2023-02-16 22:42:51,976 [JUnit] INFO  algorithms.PipelineChoosePolicyFactory (PipelineChoosePolicyFactory.java:createPipelineChoosePolicyFromClass(73)) - Create pipeline choose policy of type org.apache.hadoop.hdds.scm.pipeline.choose.algorithms.RandomPipelineChoosePolicy
2023-02-16 22:42:52,009 [JUnit] INFO  ha.SCMServiceManager (SCMServiceManager.java:register(42)) - Registering service SCMBlockDeletingService.
2023-02-16 22:42:52,093 [JUnit] INFO  replication.ReplicationManager (ReplicationManager.java:start(265)) - Starting Replication Monitor Thread.
2023-02-16 22:42:52,112 [JUnit] INFO  ha.SCMServiceManager (SCMServiceManager.java:register(42)) - Registering service ReplicationManager.
2023-02-16 22:42:52,114 [ReplicationMonitor] INFO  replication.ReplicationManager (ReplicationManager.java:processAll(340)) - Replication Manager is not ready to run until 3000ms after safemode exit
2023-02-16 22:42:52,136 [JUnit] INFO  safemode.ContainerSafeModeRule (ContainerSafeModeRule.java:<init>(89)) - containers with one replica threshold count 0
2023-02-16 22:42:52,143 [JUnit] INFO  safemode.HealthyPipelineSafeModeRule (HealthyPipelineSafeModeRule.java:initializeRule(169)) - Total pipeline count is 0, healthy pipeline threshold count is 1
2023-02-16 22:42:52,146 [JUnit] INFO  safemode.OneReplicaPipelineSafeModeRule (OneReplicaPipelineSafeModeRule.java:initializeRule(180)) - Total pipeline count is 0, pipeline's with at least one datanode reported threshold count is 0
2023-02-16 22:42:52,502 [JUnit] INFO  audit.AuditLogger (AuditLogger.java:refreshDebugCmdSet(126)) - Refresh DebugCmdSet for SCMAudit to [].
2023-02-16 22:42:52,539 [JUnit] INFO  ipc.CallQueueManager (CallQueueManager.java:<init>(90)) - Using callQueue: class java.util.concurrent.LinkedBlockingQueue, queueCapacity: 2000, scheduler: class org.apache.hadoop.ipc.DefaultRpcScheduler, ipcBackoff: false.
2023-02-16 22:42:52,584 [Socket Reader #1 for port 0] INFO  ipc.Server (Server.java:run(1273)) - Starting Socket Reader #1 for port 0
2023-02-16 22:42:52,642 [Listener at 0.0.0.0/35519] INFO  audit.AuditLogger (AuditLogger.java:refreshDebugCmdSet(126)) - Refresh DebugCmdSet for SCMAudit to [].
2023-02-16 22:42:52,648 [Listener at 0.0.0.0/35519] INFO  ipc.CallQueueManager (CallQueueManager.java:<init>(90)) - Using callQueue: class java.util.concurrent.LinkedBlockingQueue, queueCapacity: 2000, scheduler: class org.apache.hadoop.ipc.DefaultRpcScheduler, ipcBackoff: false.
2023-02-16 22:42:52,650 [Socket Reader #1 for port 0] INFO  ipc.Server (Server.java:run(1273)) - Starting Socket Reader #1 for port 0
2023-02-16 22:42:52,698 [Listener at 0.0.0.0/33021] INFO  audit.AuditLogger (AuditLogger.java:refreshDebugCmdSet(126)) - Refresh DebugCmdSet for SCMAudit to [].
2023-02-16 22:42:52,710 [Listener at 0.0.0.0/33021] INFO  ipc.CallQueueManager (CallQueueManager.java:<init>(90)) - Using callQueue: class java.util.concurrent.LinkedBlockingQueue, queueCapacity: 2000, scheduler: class org.apache.hadoop.ipc.DefaultRpcScheduler, ipcBackoff: false.
2023-02-16 22:42:52,711 [Socket Reader #1 for port 0] INFO  ipc.Server (Server.java:run(1273)) - Starting Socket Reader #1 for port 0
2023-02-16 22:42:52,779 [Listener at 0.0.0.0/34913] INFO  ha.SCMServiceManager (SCMServiceManager.java:register(42)) - Registering service ContainerBalancer.
2023-02-16 22:42:52,781 [Listener at 0.0.0.0/34913] INFO  server.StorageContainerManager (StorageContainerManager.java:<init>(401)) - 
Container Balancer status:
Key                            Value
Running                        true
Container Balancer Configuration values:
Key                                                Value
Threshold                                          10
Max Datanodes to Involve per Iteration(percent)    20
Max Size to Move per Iteration                     500GB
Max Size Entering Target per Iteration             26GB
Max Size Leaving Source per Iteration              26GB

2023-02-16 22:42:52,781 [Listener at 0.0.0.0/34913] INFO  ha.SCMContext (SCMContext.java:updateSafeModeStatus(228)) - Update SafeModeStatus from SafeModeStatus{safeModeStatus=true, preCheckPassed=false} to SafeModeStatus{safeModeStatus=true, preCheckPassed=false}.
2023-02-16 22:42:52,787 [Listener at 0.0.0.0/34913] INFO  server.StorageContainerManager (StorageContainerManager.java:start(1435)) - StorageContainerLocationProtocol RPC server is listening at /0.0.0.0:34913
2023-02-16 22:42:52,957 [Listener at 0.0.0.0/34913] WARN  impl.MetricsConfig (MetricsConfig.java:loadFirst(136)) - Cannot locate configuration: tried hadoop-metrics2-storagecontainermanager.properties,hadoop-metrics2.properties
2023-02-16 22:42:52,973 [Listener at 0.0.0.0/34913] INFO  impl.MetricsSystemImpl (MetricsSystemImpl.java:startTimer(378)) - Scheduled Metric snapshot period at 10 second(s).
2023-02-16 22:42:52,973 [Listener at 0.0.0.0/34913] INFO  impl.MetricsSystemImpl (MetricsSystemImpl.java:start(191)) - StorageContainerManager metrics system started
2023-02-16 22:42:53,276 [Listener at 0.0.0.0/34913] INFO  server.SCMClientProtocolServer (SCMClientProtocolServer.java:start(169)) - RPC server for Client  is listening at /0.0.0.0:34913
2023-02-16 22:42:53,277 [IPC Server Responder] INFO  ipc.Server (Server.java:run(1512)) - IPC Server Responder: starting
2023-02-16 22:42:53,286 [IPC Server listener on 0] INFO  ipc.Server (Server.java:run(1352)) - IPC Server listener on 0: starting
2023-02-16 22:42:53,298 [Listener at 0.0.0.0/34913] INFO  server.StorageContainerManager (StorageContainerManager.java:start(1449)) - ScmBlockLocationProtocol RPC server is listening at /0.0.0.0:33021
2023-02-16 22:42:53,299 [Listener at 0.0.0.0/34913] INFO  server.SCMBlockProtocolServer (SCMBlockProtocolServer.java:start(152)) - RPC server for Block Protocol is listening at /0.0.0.0:33021
2023-02-16 22:42:53,300 [IPC Server Responder] INFO  ipc.Server (Server.java:run(1512)) - IPC Server Responder: starting
2023-02-16 22:42:53,300 [IPC Server listener on 0] INFO  ipc.Server (Server.java:run(1352)) - IPC Server listener on 0: starting
2023-02-16 22:42:53,305 [Listener at 0.0.0.0/34913] INFO  server.SCMDatanodeProtocolServer (SCMDatanodeProtocolServer.java:start(193)) - ScmDatanodeProtocol RPC server for DataNodes is listening at /0.0.0.0:35519
2023-02-16 22:42:53,306 [IPC Server Responder] INFO  ipc.Server (Server.java:run(1512)) - IPC Server Responder: starting
2023-02-16 22:42:53,307 [IPC Server listener on 0] INFO  ipc.Server (Server.java:run(1352)) - IPC Server listener on 0: starting
2023-02-16 22:42:53,331 [org.apache.hadoop.util.JvmPauseMonitor$Monitor@496e0f9d] INFO  util.JvmPauseMonitor (JvmPauseMonitor.java:run(188)) - Starting JVM pause monitor
2023-02-16 22:42:53,345 [Listener at 0.0.0.0/34913] INFO  http.BaseHttpServer (BaseHttpServer.java:newHttpServer2BuilderForOzone(213)) - Starting Web-server for scm at: http://0.0.0.0:0
2023-02-16 22:42:53,346 [Listener at 0.0.0.0/34913] INFO  http.BaseHttpServer (BaseHttpServer.java:<init>(108)) - Hadoop Security Enabled: false Ozone Security Enabled: false Ozone HTTP Security Enabled: false 
2023-02-16 22:42:53,382 [Listener at 0.0.0.0/34913] INFO  util.log (Log.java:initialized(170)) - Logging initialized @5179ms to org.eclipse.jetty.util.log.Slf4jLog
2023-02-16 22:42:53,515 [Listener at 0.0.0.0/34913] WARN  server.AuthenticationFilter (AuthenticationFilter.java:constructSecretProvider(240)) - Unable to initialize FileSignerSecretProvider, falling back to use random secrets. Reason: Could not read signature secret file: /home/runner/hadoop-http-auth-signature-secret
2023-02-16 22:42:53,526 [Listener at 0.0.0.0/34913] WARN  http.HttpRequestLog (HttpRequestLog.java:getRequestLog(103)) - Jetty request log can only be enabled using Log4j
2023-02-16 22:42:53,535 [Listener at 0.0.0.0/34913] INFO  http.HttpServer2 (HttpServer2.java:addGlobalFilter(1031)) - Added global filter 'safety' (class=org.apache.hadoop.hdds.server.http.HttpServer2$QuotingInputFilter)
2023-02-16 22:42:53,538 [Listener at 0.0.0.0/34913] INFO  http.HttpServer2 (HttpServer2.java:addFilter(1007)) - Added filter static_user_filter (class=org.apache.hadoop.http.lib.StaticUserWebFilter$StaticUserFilter) to context scm
2023-02-16 22:42:53,538 [Listener at 0.0.0.0/34913] INFO  http.HttpServer2 (HttpServer2.java:addFilter(1015)) - Added filter static_user_filter (class=org.apache.hadoop.http.lib.StaticUserWebFilter$StaticUserFilter) to context static
2023-02-16 22:42:53,539 [Listener at 0.0.0.0/34913] INFO  http.HttpServer2 (HttpServer2.java:addFilter(1015)) - Added filter static_user_filter (class=org.apache.hadoop.http.lib.StaticUserWebFilter$StaticUserFilter) to context logs
2023-02-16 22:42:53,591 [Listener at 0.0.0.0/34913] INFO  http.HttpServer2 (HttpServer2.java:bindListener(1250)) - Jetty bound to port 32771
2023-02-16 22:42:53,593 [Listener at 0.0.0.0/34913] INFO  server.Server (Server.java:doStart(375)) - jetty-9.4.49.v20220914; built: 2022-09-14T01:07:36.601Z; git: 4231a3b2e4cb8548a412a789936d640a97b1aa0a; jvm 1.8.0_362-b09
2023-02-16 22:42:53,673 [Listener at 0.0.0.0/34913] INFO  server.session (DefaultSessionIdManager.java:doStart(334)) - DefaultSessionIdManager workerName=node0
2023-02-16 22:42:53,673 [Listener at 0.0.0.0/34913] INFO  server.session (DefaultSessionIdManager.java:doStart(339)) - No SessionScavenger set, using defaults
2023-02-16 22:42:53,682 [Listener at 0.0.0.0/34913] INFO  server.session (HouseKeeper.java:startScavenging(132)) - node0 Scavenging every 600000ms
2023-02-16 22:42:53,701 [Listener at 0.0.0.0/34913] INFO  handler.ContextHandler (ContextHandler.java:doStart(921)) - Started o.e.j.s.ServletContextHandler@7d0e43d6{logs,/logs,file:///home/runner/work/ozone/ozone/hadoop-ozone/integration-test/target/log,AVAILABLE}
2023-02-16 22:42:53,703 [Listener at 0.0.0.0/34913] INFO  handler.ContextHandler (ContextHandler.java:doStart(921)) - Started o.e.j.s.ServletContextHandler@70b0dc92{static,/static,file:///home/runner/work/ozone/ozone/hadoop-ozone/integration-test/target/test-classes/webapps/static,AVAILABLE}
2023-02-16 22:42:53,760 [Listener at 0.0.0.0/34913] INFO  handler.ContextHandler (ContextHandler.java:doStart(921)) - Started o.e.j.w.WebAppContext@5746609e{scm,/,file:///home/runner/work/ozone/ozone/hadoop-ozone/integration-test/target/test-classes/webapps/scm/,AVAILABLE}{file:/home/runner/work/ozone/ozone/hadoop-ozone/integration-test/target/test-classes/webapps/scm}
2023-02-16 22:42:53,772 [Listener at 0.0.0.0/34913] INFO  server.AbstractConnector (AbstractConnector.java:doStart(333)) - Started ServerConnector@55731ccd{HTTP/1.1, (http/1.1)}{0.0.0.0:32771}
2023-02-16 22:42:53,772 [Listener at 0.0.0.0/34913] INFO  server.Server (Server.java:doStart(415)) - Started @5569ms
2023-02-16 22:42:53,775 [Listener at 0.0.0.0/34913] INFO  impl.MetricsSinkAdapter (MetricsSinkAdapter.java:start(204)) - Sink prometheus started
2023-02-16 22:42:53,775 [Listener at 0.0.0.0/34913] INFO  impl.MetricsSystemImpl (MetricsSystemImpl.java:registerSink(305)) - Registered sink prometheus
2023-02-16 22:42:53,777 [Listener at 0.0.0.0/34913] INFO  http.BaseHttpServer (BaseHttpServer.java:updateConnectorAddress(333)) - HTTP server of scm listening at http://0.0.0.0:32771
2023-02-16 22:42:53,779 [Listener at 0.0.0.0/34913] WARN  server.ServerUtils (ServerUtils.java:getDBPath(225)) - ozone.om.db.dirs is not configured. We recommend adding this setting. Falling back to ozone.metadata.dirs instead.
2023-02-16 22:42:53,854 [Listener at 0.0.0.0/34913] INFO  audit.AuditLogger (AuditLogger.java:refreshDebugCmdSet(126)) - Refresh DebugCmdSet for OMAudit to [].
2023-02-16 22:42:53,969 [Listener at 0.0.0.0/34913] INFO  ha.OMHANodeDetails (OMHANodeDetails.java:loadOMHAConfig(115)) - ozone.om.internal.service.id is not defined, falling back to ozone.om.service.ids to find serviceID for OzoneManager if it is HA enabled cluster
2023-02-16 22:42:53,973 [Listener at 0.0.0.0/34913] INFO  ha.OMHANodeDetails (OMHANodeDetails.java:loadOMHAConfig(226)) - Configuration does not have ozone.om.address set. Falling back to the default OM address /127.0.0.1:0
2023-02-16 22:42:53,973 [Listener at 0.0.0.0/34913] INFO  ha.OMHANodeDetails (OMHANodeDetails.java:getOMNodeDetailsForNonHA(254)) - OM Service ID is not set. Setting it to the default ID: omServiceIdDefault
2023-02-16 22:42:53,973 [Listener at 0.0.0.0/34913] INFO  ha.OMHANodeDetails (OMHANodeDetails.java:getOMNodeDetailsForNonHA(261)) - OM Node ID is not set. Setting it to the default ID: om1
2023-02-16 22:42:53,979 [Listener at 0.0.0.0/34913] WARN  server.ServerUtils (ServerUtils.java:getDBPath(225)) - ozone.om.db.dirs is not configured. We recommend adding this setting. Falling back to ozone.metadata.dirs instead.
2023-02-16 22:42:53,984 [Listener at 0.0.0.0/34913] INFO  upgrade.AbstractLayoutVersionManager (AbstractLayoutVersionManager.java:init(83)) - Initializing Layout version manager with metadata layout = MULTITENANCY_SCHEMA (version = 3), software layout = MULTITENANCY_SCHEMA (version = 3)
2023-02-16 22:42:54,114 [Listener at 0.0.0.0/34913] INFO  reflections.Reflections (Reflections.java:scan(232)) - Reflections took 120 ms to scan 2 urls, producing 166 keys and 457 values [using 2 cores]
2023-02-16 22:42:54,119 [Listener at 0.0.0.0/34913] INFO  upgrade.OMLayoutVersionManager (OMLayoutVersionManager.java:lambda$0(115)) - Skipping Upgrade Action MockOmUpgradeAction since it has been finalized.
2023-02-16 22:42:54,120 [Listener at 0.0.0.0/34913] WARN  server.ServerUtils (ServerUtils.java:getDBPath(225)) - ozone.om.db.dirs is not configured. We recommend adding this setting. Falling back to ozone.metadata.dirs instead.
2023-02-16 22:42:54,307 [Listener at 0.0.0.0/34913] INFO  proxy.SCMBlockLocationFailoverProxyProvider (SCMBlockLocationFailoverProxyProvider.java:<init>(114)) - Created block location fail-over proxy with 1 nodes: [nodeId=scmNodeId,nodeAddress=/0.0.0.0:33021]
2023-02-16 22:42:54,368 [Listener at 0.0.0.0/34913] INFO  proxy.SCMBlockLocationFailoverProxyProvider (SCMBlockLocationFailoverProxyProvider.java:<init>(114)) - Created block location fail-over proxy with 1 nodes: [nodeId=scmNodeId,nodeAddress=/0.0.0.0:33021]
2023-02-16 22:42:54,610 [Listener at 0.0.0.0/34913] INFO  om.OzoneManager (OzoneManager.java:<init>(615)) - OM start with adminUsers: [runner]
2023-02-16 22:42:54,623 [Listener at 0.0.0.0/34913] WARN  server.ServerUtils (ServerUtils.java:getDBPath(225)) - ozone.om.db.dirs is not configured. We recommend adding this setting. Falling back to ozone.metadata.dirs instead.
2023-02-16 22:42:54,631 [Listener at 0.0.0.0/34913] INFO  codec.OmKeyInfoCodec (OmKeyInfoCodec.java:<init>(49)) - OmKeyInfoCodec ignorePipeline = true
2023-02-16 22:42:54,632 [Listener at 0.0.0.0/34913] INFO  codec.RepeatedOmKeyInfoCodec (RepeatedOmKeyInfoCodec.java:<init>(41)) - RepeatedOmKeyInfoCodec ignorePipeline = true
2023-02-16 22:42:54,950 [Listener at 0.0.0.0/34913] INFO  om.OzoneManager (OzoneManager.java:instantiateServices(745)) - S3 Multi-Tenancy is disabled
2023-02-16 22:42:54,979 [Listener at 0.0.0.0/34913] WARN  server.ServerUtils (ServerUtils.java:getDBPath(225)) - ozone.om.snapshot.diff.db.dir is not configured. We recommend adding this setting. Falling back to ozone.metadata.dirs instead.
2023-02-16 22:42:55,080 [Listener at 0.0.0.0/34913] INFO  om.OzoneManager (OzoneManager.java:addS3GVolumeToDB(4177)) - Created Volume s3v With Owner runner required for S3Gateway operations.
2023-02-16 22:42:55,151 [Listener at 0.0.0.0/34913] WARN  server.ServerUtils (ServerUtils.java:getDefaultRatisDirectory(237)) - Storage directory for Ratis is not configured. It is a good idea to map this to an SSD disk. Falling back to ozone.metadata.dirs
2023-02-16 22:42:55,151 [Listener at 0.0.0.0/34913] WARN  utils.OzoneManagerRatisUtils (OzoneManagerRatisUtils.java:getOMRatisSnapshotDirectory(436)) - ozone.om.ratis.snapshot.dir is not configured. Falling back to ozone.metadata.dirs config
2023-02-16 22:42:55,176 [Listener at 0.0.0.0/34913] WARN  server.ServerUtils (ServerUtils.java:getDefaultRatisDirectory(237)) - Storage directory for Ratis is not configured. It is a good idea to map this to an SSD disk. Falling back to ozone.metadata.dirs
2023-02-16 22:42:55,218 [Listener at 0.0.0.0/34913] INFO  ratis.OzoneManagerRatisServer (OzoneManagerRatisServer.java:<init>(160)) - Instantiating OM Ratis server with groupID: omServiceIdDefault and peers: localhost:9872
2023-02-16 22:42:55,229 [Listener at 0.0.0.0/34913] INFO  ratis.OzoneManagerStateMachine (OzoneManagerStateMachine.java:loadSnapshotInfoFromDB(636)) - LastAppliedIndex is set from TransactionInfo from OM DB as (t:0, i:~)
2023-02-16 22:42:55,292 [Listener at 0.0.0.0/34913] INFO  server.RaftServer (ConfUtils.java:logGet(46)) - raft.rpc.type = GRPC (default)
2023-02-16 22:42:55,388 [Listener at 0.0.0.0/34913] INFO  grpc.GrpcConfigKeys (ConfUtils.java:logFallback(53)) - raft.grpc.admin.host = null (fallback to raft.grpc.server.host)
2023-02-16 22:42:55,391 [Listener at 0.0.0.0/34913] INFO  grpc.GrpcConfigKeys (ConfUtils.java:logFallback(53)) - raft.grpc.admin.port = 9872 (fallback to raft.grpc.server.port)
2023-02-16 22:42:55,391 [Listener at 0.0.0.0/34913] INFO  grpc.GrpcConfigKeys (ConfUtils.java:logFallback(53)) - raft.grpc.client.host = null (fallback to raft.grpc.server.host)
2023-02-16 22:42:55,392 [Listener at 0.0.0.0/34913] INFO  grpc.GrpcConfigKeys (ConfUtils.java:logFallback(53)) - raft.grpc.client.port = 9872 (fallback to raft.grpc.server.port)
2023-02-16 22:42:55,393 [Listener at 0.0.0.0/34913] INFO  grpc.GrpcConfigKeys (ConfUtils.java:logGet(46)) - raft.grpc.server.host = null (default)
2023-02-16 22:42:55,393 [Listener at 0.0.0.0/34913] INFO  grpc.GrpcConfigKeys (ConfUtils.java:logGet(46)) - raft.grpc.server.port = 9872 (custom)
2023-02-16 22:42:55,394 [Listener at 0.0.0.0/34913] INFO  server.GrpcService (ConfUtils.java:logGet(46)) - raft.grpc.message.size.max = 33554432 (custom)
2023-02-16 22:42:55,396 [Listener at 0.0.0.0/34913] INFO  server.RaftServerConfigKeys (ConfUtils.java:logGet(46)) - raft.server.log.appender.buffer.byte-limit = 33554432 (custom)
2023-02-16 22:42:55,397 [Listener at 0.0.0.0/34913] INFO  server.GrpcService (ConfUtils.java:logGet(46)) - raft.grpc.flow.control.window = 1MB (=1048576) (default)
2023-02-16 22:42:55,398 [Listener at 0.0.0.0/34913] INFO  server.RaftServerConfigKeys (ConfUtils.java:logGet(46)) - raft.server.rpc.request.timeout = 3000ms (default)
2023-02-16 22:42:55,416 [Listener at 0.0.0.0/34913] INFO  grpc.GrpcConfigKeys (ConfUtils.java:logGet(46)) - raft.grpc.server.heartbeat.channel = true (default)
2023-02-16 22:42:55,421 [Listener at 0.0.0.0/34913] INFO  grpc.GrpcConfigKeys (ConfUtils.java:logGet(46)) - raft.grpc.server.async.request.thread.pool.cached = true (default)
2023-02-16 22:42:55,421 [Listener at 0.0.0.0/34913] INFO  grpc.GrpcConfigKeys (ConfUtils.java:logGet(46)) - raft.grpc.server.async.request.thread.pool.size = 32 (default)
2023-02-16 22:42:55,706 [Listener at 0.0.0.0/34913] INFO  impl.DataStreamServerImpl (ConfUtils.java:logGet(46)) - raft.datastream.type = DISABLED (default)
2023-02-16 22:42:55,710 [Listener at 0.0.0.0/34913] INFO  server.RaftServerConfigKeys (ConfUtils.java:logGet(46)) - raft.server.threadpool.proxy.cached = true (default)
2023-02-16 22:42:55,711 [Listener at 0.0.0.0/34913] INFO  server.RaftServerConfigKeys (ConfUtils.java:logGet(46)) - raft.server.threadpool.proxy.size = 0 (default)
2023-02-16 22:42:55,711 [Listener at 0.0.0.0/34913] INFO  server.RaftServerConfigKeys (ConfUtils.java:logGet(46)) - raft.server.rpc.slowness.timeout = 120s (custom)
2023-02-16 22:42:55,711 [Listener at 0.0.0.0/34913] INFO  server.RaftServerConfigKeys (ConfUtils.java:logGet(46)) - raft.server.leaderelection.leader.step-down.wait-time = 10s (default)
2023-02-16 22:42:55,716 [Listener at 0.0.0.0/34913] INFO  server.RaftServerConfigKeys (ConfUtils.java:logGet(46)) - raft.server.storage.dir = [/home/runner/work/ozone/ozone/hadoop-ozone/integration-test/target/test-dir/MiniOzoneClusterImpl-e104f6e4-c147-46af-9a65-8b38e2aa4633/ozone-meta/ratis] (custom)
2023-02-16 22:42:55,726 [Listener at 0.0.0.0/34913] INFO  server.RaftServer (RaftServerProxy.java:addNew(96)) - om1: addNew group-C5BA1605619E:[om1|rpc:localhost:9872|priority:0|startupRole:FOLLOWER] returns group-C5BA1605619E:java.util.concurrent.CompletableFuture@5b00d92c[Not completed]
2023-02-16 22:42:55,726 [Listener at 0.0.0.0/34913] INFO  om.OzoneManager (OzoneManager.java:initializeRatisServer(2080)) - OzoneManager Ratis server initialized at port 9872
2023-02-16 22:42:55,729 [Listener at 0.0.0.0/34913] INFO  om.OzoneManager (OzoneManager.java:getRpcServer(1128)) - Creating RPC Server
2023-02-16 22:42:55,770 [pool-56-thread-1] INFO  server.RaftServer$Division (RaftServerImpl.java:<init>(195)) - om1: new RaftServerImpl for group-C5BA1605619E:[om1|rpc:localhost:9872|priority:0|startupRole:FOLLOWER] with OzoneManagerStateMachine:uninitialized
2023-02-16 22:42:55,773 [pool-56-thread-1] INFO  server.RaftServerConfigKeys (ConfUtils.java:logGet(46)) - raft.server.rpc.timeout.min = 1s (custom)
2023-02-16 22:42:55,773 [pool-56-thread-1] INFO  server.RaftServerConfigKeys (ConfUtils.java:logGet(46)) - raft.server.rpc.timeout.max = 1200ms (custom)
2023-02-16 22:42:55,773 [pool-56-thread-1] INFO  server.RaftServerConfigKeys (ConfUtils.java:logGet(46)) - raft.server.rpc.sleep.time = 25ms (default)
2023-02-16 22:42:55,774 [pool-56-thread-1] INFO  server.RaftServerConfigKeys (ConfUtils.java:logGet(46)) - raft.server.rpc.slowness.timeout = 120s (custom)
2023-02-16 22:42:55,774 [pool-56-thread-1] INFO  server.RaftServerConfigKeys (ConfUtils.java:logGet(46)) - raft.server.leaderelection.leader.step-down.wait-time = 10s (default)
2023-02-16 22:42:55,774 [pool-56-thread-1] INFO  server.RaftServerConfigKeys (ConfUtils.java:logGet(46)) - raft.server.sleep.deviation.threshold = 300ms (default)
2023-02-16 22:42:55,793 [pool-56-thread-1] INFO  server.RaftServer$Division (ServerState.java:<init>(118)) - om1@group-C5BA1605619E: ConfigurationManager, init=-1: peers:[om1|rpc:localhost:9872|priority:0|startupRole:FOLLOWER]|listeners:[], old=null, confs=<EMPTY_MAP>
2023-02-16 22:42:55,794 [pool-56-thread-1] INFO  server.RaftServerConfigKeys (ConfUtils.java:logGet(46)) - raft.server.storage.dir = [/home/runner/work/ozone/ozone/hadoop-ozone/integration-test/target/test-dir/MiniOzoneClusterImpl-e104f6e4-c147-46af-9a65-8b38e2aa4633/ozone-meta/ratis] (custom)
2023-02-16 22:42:55,804 [pool-56-thread-1] INFO  server.RaftServerConfigKeys (ConfUtils.java:logGet(46)) - raft.server.log.corruption.policy = EXCEPTION (default)
2023-02-16 22:42:55,805 [pool-56-thread-1] INFO  server.RaftServerConfigKeys (ConfUtils.java:logGet(46)) - raft.server.storage.free-space.min = 0MB (=0) (default)
2023-02-16 22:42:55,823 [pool-56-thread-1] INFO  server.RaftServerConfigKeys (ConfUtils.java:logGet(46)) - raft.server.notification.no-leader.timeout = 120s (custom)
2023-02-16 22:42:55,827 [pool-56-thread-1] INFO  server.RaftServerConfigKeys (ConfUtils.java:logGet(46)) - raft.server.retrycache.expirytime = 300s (custom)
2023-02-16 22:42:55,827 [pool-56-thread-1] INFO  server.RaftServerConfigKeys (ConfUtils.java:logGet(46)) - raft.server.retrycache.statistics.expirytime = 100μs (default)
2023-02-16 22:42:56,045 [pool-56-thread-1] INFO  server.RaftServerConfigKeys (ConfUtils.java:logGet(46)) - raft.server.log.appender.install.snapshot.enabled = false (custom)
2023-02-16 22:42:56,046 [pool-56-thread-1] INFO  server.RaftServerConfigKeys (ConfUtils.java:logGet(46)) - raft.server.threadpool.server.cached = true (default)
2023-02-16 22:42:56,047 [pool-56-thread-1] INFO  server.RaftServerConfigKeys (ConfUtils.java:logGet(46)) - raft.server.threadpool.server.size = 0 (default)
2023-02-16 22:42:56,047 [pool-56-thread-1] INFO  server.RaftServerConfigKeys (ConfUtils.java:logGet(46)) - raft.server.threadpool.client.cached = true (default)
2023-02-16 22:42:56,047 [pool-56-thread-1] INFO  server.RaftServerConfigKeys (ConfUtils.java:logGet(46)) - raft.server.threadpool.client.size = 0 (default)
2023-02-16 22:42:56,734 [Listener at 0.0.0.0/34913] INFO  reflections.Reflections (Reflections.java:scan(232)) - Reflections took 913 ms to scan 19 urls, producing 69 keys and 4807 values [using 2 cores]
2023-02-16 22:42:56,968 [Listener at 0.0.0.0/34913] INFO  ipc.CallQueueManager (CallQueueManager.java:<init>(90)) - Using callQueue: class java.util.concurrent.LinkedBlockingQueue, queueCapacity: 2000, scheduler: class org.apache.hadoop.ipc.DefaultRpcScheduler, ipcBackoff: false.
2023-02-16 22:42:56,969 [Socket Reader #1 for port 0] INFO  ipc.Server (Server.java:run(1273)) - Starting Socket Reader #1 for port 0
2023-02-16 22:42:57,019 [Listener at 127.0.0.1/41759] INFO  impl.MetricsSystemImpl (MetricsSystemImpl.java:init(158)) - OzoneManager metrics system started (again)
2023-02-16 22:42:57,035 [Listener at 127.0.0.1/41759] INFO  om.OzoneManager (OzoneManager.java:start(1548)) - OzoneManager RPC server is listening at localhost/127.0.0.1:41759
2023-02-16 22:42:57,037 [Listener at 127.0.0.1/41759] INFO  ratis.OzoneManagerRatisServer (OzoneManagerRatisServer.java:start(555)) - Starting OzoneManagerRatisServer om1 at port 9872
2023-02-16 22:42:57,041 [om1-impl-thread1] INFO  storage.RaftStorageDirectory (RaftStorageDirectoryImpl.java:analyzeStorage(137)) - The storage directory /home/runner/work/ozone/ozone/hadoop-ozone/integration-test/target/test-dir/MiniOzoneClusterImpl-e104f6e4-c147-46af-9a65-8b38e2aa4633/ozone-meta/ratis/bf265839-605b-3f16-9796-c5ba1605619e does not exist. Creating ...
2023-02-16 22:42:57,046 [om1-impl-thread1] INFO  storage.RaftStorageDirectory (RaftStorageDirectoryImpl.java:tryLock(231)) - Lock on /home/runner/work/ozone/ozone/hadoop-ozone/integration-test/target/test-dir/MiniOzoneClusterImpl-e104f6e4-c147-46af-9a65-8b38e2aa4633/ozone-meta/ratis/bf265839-605b-3f16-9796-c5ba1605619e/in_use.lock acquired by nodename 60597@fv-az571-511
2023-02-16 22:42:57,052 [om1-impl-thread1] INFO  storage.RaftStorage (RaftStorageImpl.java:format(96)) - Storage directory /home/runner/work/ozone/ozone/hadoop-ozone/integration-test/target/test-dir/MiniOzoneClusterImpl-e104f6e4-c147-46af-9a65-8b38e2aa4633/ozone-meta/ratis/bf265839-605b-3f16-9796-c5ba1605619e has been successfully formatted.
2023-02-16 22:42:57,055 [om1-impl-thread1] INFO  server.RaftServerConfigKeys (ConfUtils.java:logGet(46)) - raft.server.log.use.memory = false (default)
2023-02-16 22:42:57,064 [om1-impl-thread1] INFO  server.RaftServerConfigKeys (ConfUtils.java:logGet(46)) - raft.server.log.purge.gap = 1000000 (custom)
2023-02-16 22:42:57,064 [om1-impl-thread1] INFO  server.RaftServerConfigKeys (ConfUtils.java:logGet(46)) - raft.server.log.appender.buffer.byte-limit = 33554432 (custom)
2023-02-16 22:42:57,067 [om1-impl-thread1] INFO  server.RaftServerConfigKeys (ConfUtils.java:logGet(46)) - raft.server.log.statemachine.data.read.timeout = 1000ms (default)
2023-02-16 22:42:57,068 [om1-impl-thread1] INFO  server.RaftServerConfigKeys (ConfUtils.java:logGet(46)) - raft.server.log.purge.preservation.log.num = 0 (default)
2023-02-16 22:42:57,071 [om1-impl-thread1] INFO  server.RaftServerConfigKeys (ConfUtils.java:logGet(46)) - raft.server.log.segment.size.max = 4194304 (custom)
2023-02-16 22:42:57,078 [om1-impl-thread1] INFO  server.RaftServerConfigKeys (ConfUtils.java:logGet(46)) - raft.server.log.segment.cache.num.max = 2 (custom)
2023-02-16 22:42:57,078 [om1-impl-thread1] INFO  server.RaftServerConfigKeys (ConfUtils.java:logGet(46)) - raft.server.log.segment.cache.size.max = 200MB (=209715200) (default)
2023-02-16 22:42:57,086 [om1-impl-thread1] INFO  segmented.SegmentedRaftLogWorker (SegmentedRaftLogWorker.java:<init>(189)) - new om1@group-C5BA1605619E-SegmentedRaftLogWorker for RaftStorageImpl:Storage Directory /home/runner/work/ozone/ozone/hadoop-ozone/integration-test/target/test-dir/MiniOzoneClusterImpl-e104f6e4-c147-46af-9a65-8b38e2aa4633/ozone-meta/ratis/bf265839-605b-3f16-9796-c5ba1605619e
2023-02-16 22:42:57,086 [om1-impl-thread1] INFO  server.RaftServerConfigKeys (ConfUtils.java:logGet(46)) - raft.server.log.queue.byte-limit = 64MB (=67108864) (default)
2023-02-16 22:42:57,087 [om1-impl-thread1] INFO  server.RaftServerConfigKeys (ConfUtils.java:logGet(46)) - raft.server.log.queue.element-limit = 4096 (default)
2023-02-16 22:42:57,088 [om1-impl-thread1] INFO  server.RaftServerConfigKeys (ConfUtils.java:logGet(46)) - raft.server.log.segment.size.max = 4194304 (custom)
2023-02-16 22:42:57,088 [om1-impl-thread1] INFO  server.RaftServerConfigKeys (ConfUtils.java:logGet(46)) - raft.server.log.preallocated.size = 4194304 (custom)
2023-02-16 22:42:57,089 [om1-impl-thread1] INFO  server.RaftServerConfigKeys (ConfUtils.java:logGet(46)) - raft.server.log.force.sync.num = 128 (default)
2023-02-16 22:42:57,090 [om1-impl-thread1] INFO  server.RaftServerConfigKeys (ConfUtils.java:logGet(46)) - raft.server.log.statemachine.data.sync = true (default)
2023-02-16 22:42:57,090 [om1-impl-thread1] INFO  server.RaftServerConfigKeys (ConfUtils.java:logGet(46)) - raft.server.log.statemachine.data.sync.timeout = 10s (default)
2023-02-16 22:42:57,091 [om1-impl-thread1] INFO  server.RaftServerConfigKeys (ConfUtils.java:logGet(46)) - raft.server.log.statemachine.data.sync.timeout.retry = -1 (default)
2023-02-16 22:42:57,102 [om1-impl-thread1] INFO  server.RaftServerConfigKeys (ConfUtils.java:logGet(46)) - raft.server.log.write.buffer.size = 64KB (=65536) (default)
2023-02-16 22:42:57,103 [om1-impl-thread1] INFO  server.RaftServerConfigKeys (ConfUtils.java:logGet(46)) - raft.server.log.appender.buffer.byte-limit = 33554432 (custom)
2023-02-16 22:42:57,109 [om1-impl-thread1] INFO  server.RaftServerConfigKeys (ConfUtils.java:logGet(46)) - raft.server.log.unsafe-flush.enabled = false (default)
2023-02-16 22:42:57,110 [om1-impl-thread1] INFO  server.RaftServerConfigKeys (ConfUtils.java:logGet(46)) - raft.server.log.async-flush.enabled = false (default)
2023-02-16 22:42:57,110 [om1-impl-thread1] INFO  server.RaftServerConfigKeys (ConfUtils.java:logGet(46)) - raft.server.log.statemachine.data.caching.enabled = false (default)
2023-02-16 22:42:57,118 [om1-impl-thread1] INFO  segmented.SegmentedRaftLogWorker (SegmentedRaftLogWorker.java:lambda$new$0(135)) - om1@group-C5BA1605619E-SegmentedRaftLogWorker: flushIndex: setUnconditionally 0 -> -1
2023-02-16 22:42:57,118 [om1-impl-thread1] INFO  segmented.SegmentedRaftLogWorker (SegmentedRaftLogWorker.java:lambda$new$0(135)) - om1@group-C5BA1605619E-SegmentedRaftLogWorker: safeCacheEvictIndex: setUnconditionally 0 -> -1
2023-02-16 22:42:57,120 [om1-impl-thread1] INFO  server.RaftServer$Division (RaftServerImpl.java:start(334)) - om1@group-C5BA1605619E: start as a follower, conf=-1: peers:[om1|rpc:localhost:9872|priority:0|startupRole:FOLLOWER]|listeners:[], old=null
2023-02-16 22:42:57,124 [om1-impl-thread1] INFO  server.RaftServer$Division (RaftServerImpl.java:setRole(321)) - om1@group-C5BA1605619E: changes role from      null to FOLLOWER at term 0 for startAsFollower
2023-02-16 22:42:57,127 [om1-impl-thread1] INFO  impl.RoleInfo (RoleInfo.java:updateAndGet(139)) - om1: start om1@group-C5BA1605619E-FollowerState
2023-02-16 22:42:57,131 [om1-impl-thread1] INFO  util.JmxRegister (JmxRegister.java:tryRegister(44)) - Successfully registered JMX Bean with object name Ratis:service=RaftServer,group=group-C5BA1605619E,id=om1
2023-02-16 22:42:57,132 [om1-impl-thread1] INFO  server.RaftServerConfigKeys (ConfUtils.java:logGet(46)) - raft.server.snapshot.auto.trigger.enabled = true (custom)
2023-02-16 22:42:57,133 [om1-impl-thread1] INFO  server.RaftServerConfigKeys (ConfUtils.java:logGet(46)) - raft.server.snapshot.auto.trigger.threshold = 400000 (default)
2023-02-16 22:42:57,133 [om1-impl-thread1] INFO  server.RaftServerConfigKeys (ConfUtils.java:logGet(46)) - raft.server.snapshot.retention.file.num = -1 (default)
2023-02-16 22:42:57,134 [om1-impl-thread1] INFO  server.RaftServerConfigKeys (ConfUtils.java:logGet(46)) - raft.server.log.purge.upto.snapshot.index = true (custom)
2023-02-16 22:42:57,135 [om1@group-C5BA1605619E-FollowerState] INFO  server.RaftServerConfigKeys (ConfUtils.java:logFallback(53)) - raft.server.rpc.first-election.timeout.min = 1s (fallback to raft.server.rpc.timeout.min)
2023-02-16 22:42:57,135 [om1@group-C5BA1605619E-FollowerState] INFO  server.RaftServerConfigKeys (ConfUtils.java:logFallback(53)) - raft.server.rpc.first-election.timeout.max = 1200ms (fallback to raft.server.rpc.timeout.max)
2023-02-16 22:42:57,138 [Listener at 127.0.0.1/41759] INFO  server.RaftServer (RaftServerProxy.java:startImpl(393)) - om1: start RPC server
2023-02-16 22:42:57,195 [Listener at 127.0.0.1/41759] INFO  server.GrpcService (GrpcService.java:startImpl(262)) - om1: GrpcService started, listening on 9872
2023-02-16 22:42:57,197 [Listener at 127.0.0.1/41759] INFO  om.OzoneManager (OzoneManager.java:start(1564)) - Version File has different layout version (3) than OM DB (null). That is expected if this OM has never been finalized to a newer layout version.
2023-02-16 22:42:57,199 [JvmPauseMonitor0] INFO  util.JvmPauseMonitor (JvmPauseMonitor.java:run(105)) - JvmPauseMonitor-om1: Started
2023-02-16 22:42:57,214 [Listener at 127.0.0.1/41759] INFO  http.BaseHttpServer (BaseHttpServer.java:newHttpServer2BuilderForOzone(213)) - Starting Web-server for ozoneManager at: http://0.0.0.0:0
2023-02-16 22:42:57,214 [Listener at 127.0.0.1/41759] INFO  http.BaseHttpServer (BaseHttpServer.java:<init>(108)) - Hadoop Security Enabled: false Ozone Security Enabled: false Ozone HTTP Security Enabled: false 
2023-02-16 22:42:57,216 [Listener at 127.0.0.1/41759] WARN  server.AuthenticationFilter (AuthenticationFilter.java:constructSecretProvider(240)) - Unable to initialize FileSignerSecretProvider, falling back to use random secrets. Reason: Could not read signature secret file: /home/runner/hadoop-http-auth-signature-secret
2023-02-16 22:42:57,221 [Listener at 127.0.0.1/41759] WARN  http.HttpRequestLog (HttpRequestLog.java:getRequestLog(103)) - Jetty request log can only be enabled using Log4j
2023-02-16 22:42:57,224 [Listener at 127.0.0.1/41759] INFO  http.HttpServer2 (HttpServer2.java:addGlobalFilter(1031)) - Added global filter 'safety' (class=org.apache.hadoop.hdds.server.http.HttpServer2$QuotingInputFilter)
2023-02-16 22:42:57,225 [Listener at 127.0.0.1/41759] INFO  http.HttpServer2 (HttpServer2.java:addFilter(1007)) - Added filter static_user_filter (class=org.apache.hadoop.http.lib.StaticUserWebFilter$StaticUserFilter) to context ozoneManager
2023-02-16 22:42:57,225 [Listener at 127.0.0.1/41759] INFO  http.HttpServer2 (HttpServer2.java:addFilter(1015)) - Added filter static_user_filter (class=org.apache.hadoop.http.lib.StaticUserWebFilter$StaticUserFilter) to context static
2023-02-16 22:42:57,226 [Listener at 127.0.0.1/41759] INFO  http.HttpServer2 (HttpServer2.java:addFilter(1015)) - Added filter static_user_filter (class=org.apache.hadoop.http.lib.StaticUserWebFilter$StaticUserFilter) to context logs
2023-02-16 22:42:57,231 [Listener at 127.0.0.1/41759] INFO  http.HttpServer2 (HttpServer2.java:bindListener(1250)) - Jetty bound to port 38473
2023-02-16 22:42:57,232 [Listener at 127.0.0.1/41759] INFO  server.Server (Server.java:doStart(375)) - jetty-9.4.49.v20220914; built: 2022-09-14T01:07:36.601Z; git: 4231a3b2e4cb8548a412a789936d640a97b1aa0a; jvm 1.8.0_362-b09
2023-02-16 22:42:57,265 [Listener at 127.0.0.1/41759] INFO  server.session (DefaultSessionIdManager.java:doStart(334)) - DefaultSessionIdManager workerName=node0
2023-02-16 22:42:57,266 [Listener at 127.0.0.1/41759] INFO  server.session (DefaultSessionIdManager.java:doStart(339)) - No SessionScavenger set, using defaults
2023-02-16 22:42:57,266 [Listener at 127.0.0.1/41759] INFO  server.session (HouseKeeper.java:startScavenging(132)) - node0 Scavenging every 660000ms
2023-02-16 22:42:57,278 [Listener at 127.0.0.1/41759] INFO  handler.ContextHandler (ContextHandler.java:doStart(921)) - Started o.e.j.s.ServletContextHandler@237b3ab6{logs,/logs,file:///home/runner/work/ozone/ozone/hadoop-ozone/integration-test/target/log,AVAILABLE}
2023-02-16 22:42:57,279 [Listener at 127.0.0.1/41759] INFO  handler.ContextHandler (ContextHandler.java:doStart(921)) - Started o.e.j.s.ServletContextHandler@2016896e{static,/static,file:///home/runner/work/ozone/ozone/hadoop-ozone/integration-test/target/test-classes/webapps/static,AVAILABLE}
2023-02-16 22:42:57,289 [Listener at 127.0.0.1/41759] INFO  handler.ContextHandler (ContextHandler.java:doStart(921)) - Started o.e.j.w.WebAppContext@586fcc46{ozoneManager,/,file:///home/runner/work/ozone/ozone/hadoop-ozone/integration-test/target/test-classes/webapps/ozoneManager/,AVAILABLE}{file:/home/runner/work/ozone/ozone/hadoop-ozone/integration-test/target/test-classes/webapps/ozoneManager}
2023-02-16 22:42:57,294 [Listener at 127.0.0.1/41759] INFO  server.AbstractConnector (AbstractConnector.java:doStart(333)) - Started ServerConnector@8a9ebbe{HTTP/1.1, (http/1.1)}{0.0.0.0:38473}
2023-02-16 22:42:57,295 [Listener at 127.0.0.1/41759] INFO  server.Server (Server.java:doStart(415)) - Started @9091ms
2023-02-16 22:42:57,295 [Listener at 127.0.0.1/41759] WARN  impl.MetricsSystemImpl (MetricsSystemImpl.java:register(279)) - Sink prometheus already exists!
2023-02-16 22:42:57,296 [Listener at 127.0.0.1/41759] INFO  http.BaseHttpServer (BaseHttpServer.java:updateConnectorAddress(333)) - HTTP server of ozoneManager listening at http://0.0.0.0:38473
2023-02-16 22:42:57,296 [IPC Server Responder] INFO  ipc.Server (Server.java:run(1512)) - IPC Server Responder: starting
2023-02-16 22:42:57,298 [IPC Server listener on 0] INFO  ipc.Server (Server.java:run(1352)) - IPC Server listener on 0: starting
2023-02-16 22:42:57,343 [Listener at 127.0.0.1/41759] INFO  om.OzoneManager (OzoneManager.java:startTrashEmptier(2024)) - Trash Interval set to 0. Files deleted won't move to trash
2023-02-16 22:42:57,353 [org.apache.hadoop.util.JvmPauseMonitor$Monitor@27b8eecb] INFO  util.JvmPauseMonitor (JvmPauseMonitor.java:run(188)) - Starting JVM pause monitor
2023-02-16 22:42:57,499 [Listener at 127.0.0.1/41759] WARN  impl.MetricRegistriesImpl (MetricRegistriesImpl.java:addReporterRegistration(111)) - New reporters are added after registries were created. Some metrics will be missing from the reporter. Please add reporter before adding any new registry.
2023-02-16 22:42:57,499 [Listener at 127.0.0.1/41759] WARN  impl.MetricRegistriesImpl (MetricRegistriesImpl.java:addReporterRegistration(111)) - New reporters are added after registries were created. Some metrics will be missing from the reporter. Please add reporter before adding any new registry.
2023-02-16 22:42:57,499 [Listener at 127.0.0.1/41759] INFO  impl.MetricsSystemImpl (MetricsSystemImpl.java:init(158)) - HddsDatanode metrics system started (again)
2023-02-16 22:42:57,518 [Listener at 127.0.0.1/41759] INFO  ozone.HddsDatanodeService (HddsDatanodeService.java:start(228)) - HddsDatanodeService host:fv-az571-511 ip:10.1.0.43
2023-02-16 22:42:57,571 [Listener at 127.0.0.1/41759] INFO  upgrade.AbstractLayoutVersionManager (AbstractLayoutVersionManager.java:init(83)) - Initializing Layout version manager with metadata layout = DATANODE_SCHEMA_V3 (version = 4), software layout = DATANODE_SCHEMA_V3 (version = 4)
2023-02-16 22:42:57,643 [Listener at 127.0.0.1/41759] INFO  reflections.Reflections (Reflections.java:scan(232)) - Reflections took 69 ms to scan 7 urls, producing 150 keys and 362 values 
2023-02-16 22:42:57,648 [Listener at 127.0.0.1/41759] INFO  statemachine.DatanodeStateMachine (DatanodeStateMachine.java:getEndPointTaskThreadPoolSize(260)) - Datanode State Machine Task Thread Pool size 2
2023-02-16 22:42:57,710 [Listener at 127.0.0.1/41759] INFO  volume.HddsVolume (HddsVolume.java:<init>(122)) - Creating HddsVolume: /home/runner/work/ozone/ozone/hadoop-ozone/integration-test/target/test-dir/MiniOzoneClusterImpl-e104f6e4-c147-46af-9a65-8b38e2aa4633/datanode-0/data-0/containers/hdds of storage type : DISK capacity : 9223372036854775807
2023-02-16 22:42:57,712 [Listener at 127.0.0.1/41759] INFO  volume.MutableVolumeSet (MutableVolumeSet.java:initializeVolumeSet(174)) - Added Volume : /home/runner/work/ozone/ozone/hadoop-ozone/integration-test/target/test-dir/MiniOzoneClusterImpl-e104f6e4-c147-46af-9a65-8b38e2aa4633/datanode-0/data-0/containers/hdds to VolumeSet
2023-02-16 22:42:57,713 [Listener at 127.0.0.1/41759] INFO  volume.ThrottledAsyncChecker (ThrottledAsyncChecker.java:schedule(141)) - Scheduling a check for /home/runner/work/ozone/ozone/hadoop-ozone/integration-test/target/test-dir/MiniOzoneClusterImpl-e104f6e4-c147-46af-9a65-8b38e2aa4633/datanode-0/data-0/containers/hdds
2023-02-16 22:42:57,735 [Listener at 127.0.0.1/41759] INFO  volume.StorageVolumeChecker (StorageVolumeChecker.java:checkAllVolumes(202)) - Scheduled health check for volume /home/runner/work/ozone/ozone/hadoop-ozone/integration-test/target/test-dir/MiniOzoneClusterImpl-e104f6e4-c147-46af-9a65-8b38e2aa4633/datanode-0/data-0/containers/hdds
2023-02-16 22:42:57,755 [Listener at 127.0.0.1/41759] INFO  volume.MutableVolumeSet (MutableVolumeSet.java:initializeVolumeSet(174)) - Added Volume : /home/runner/work/ozone/ozone/hadoop-ozone/integration-test/target/test-dir/MiniOzoneClusterImpl-e104f6e4-c147-46af-9a65-8b38e2aa4633/datanode-0/data/ratis to VolumeSet
2023-02-16 22:42:57,756 [Listener at 127.0.0.1/41759] INFO  volume.ThrottledAsyncChecker (ThrottledAsyncChecker.java:schedule(141)) - Scheduling a check for /home/runner/work/ozone/ozone/hadoop-ozone/integration-test/target/test-dir/MiniOzoneClusterImpl-e104f6e4-c147-46af-9a65-8b38e2aa4633/datanode-0/data/ratis
2023-02-16 22:42:57,756 [Listener at 127.0.0.1/41759] INFO  volume.StorageVolumeChecker (StorageVolumeChecker.java:checkAllVolumes(202)) - Scheduled health check for volume /home/runner/work/ozone/ozone/hadoop-ozone/integration-test/target/test-dir/MiniOzoneClusterImpl-e104f6e4-c147-46af-9a65-8b38e2aa4633/datanode-0/data/ratis
2023-02-16 22:42:57,783 [Thread-136] INFO  ozoneimpl.ContainerReader (ContainerReader.java:readVolume(175)) - Finish verifying containers on volume /home/runner/work/ozone/ozone/hadoop-ozone/integration-test/target/test-dir/MiniOzoneClusterImpl-e104f6e4-c147-46af-9a65-8b38e2aa4633/datanode-0/data-0/containers/hdds
2023-02-16 22:42:57,783 [Listener at 127.0.0.1/41759] INFO  ozoneimpl.OzoneContainer (OzoneContainer.java:buildContainerSet(304)) - Build ContainerSet costs 0s
2023-02-16 22:42:57,837 [Listener at 127.0.0.1/41759] INFO  audit.AuditLogger (AuditLogger.java:refreshDebugCmdSet(126)) - Refresh DebugCmdSet for DNAudit to [].
2023-02-16 22:42:57,874 [Listener at 127.0.0.1/41759] INFO  server.RaftServer (ConfUtils.java:logGet(46)) - raft.rpc.type = GRPC (default)
2023-02-16 22:42:57,874 [Listener at 127.0.0.1/41759] INFO  grpc.GrpcConfigKeys (ConfUtils.java:logFallback(53)) - raft.grpc.admin.host = null (fallback to raft.grpc.server.host)
2023-02-16 22:42:57,874 [Listener at 127.0.0.1/41759] INFO  grpc.GrpcConfigKeys (ConfUtils.java:logGet(46)) - raft.grpc.admin.port = 0 (custom)
2023-02-16 22:42:57,875 [Listener at 127.0.0.1/41759] INFO  grpc.GrpcConfigKeys (ConfUtils.java:logFallback(53)) - raft.grpc.client.host = null (fallback to raft.grpc.server.host)
2023-02-16 22:42:57,875 [Listener at 127.0.0.1/41759] INFO  grpc.GrpcConfigKeys (ConfUtils.java:logGet(46)) - raft.grpc.client.port = 0 (custom)
2023-02-16 22:42:57,875 [Listener at 127.0.0.1/41759] INFO  grpc.GrpcConfigKeys (ConfUtils.java:logGet(46)) - raft.grpc.server.host = null (default)
2023-02-16 22:42:57,875 [Listener at 127.0.0.1/41759] INFO  grpc.GrpcConfigKeys (ConfUtils.java:logGet(46)) - raft.grpc.server.port = 0 (default)
2023-02-16 22:42:57,876 [Listener at 127.0.0.1/41759] INFO  server.GrpcService (ConfUtils.java:logGet(46)) - raft.grpc.message.size.max = 32MB (=33554432) (custom)
2023-02-16 22:42:57,877 [Listener at 127.0.0.1/41759] INFO  server.RaftServerConfigKeys (ConfUtils.java:logGet(46)) - raft.server.log.appender.buffer.byte-limit = 33554432 (custom)
2023-02-16 22:42:57,877 [Listener at 127.0.0.1/41759] INFO  server.GrpcService (ConfUtils.java:logGet(46)) - raft.grpc.flow.control.window = 5MB (=5242880) (custom)
2023-02-16 22:42:57,877 [Listener at 127.0.0.1/41759] INFO  server.RaftServerConfigKeys (ConfUtils.java:logGet(46)) - raft.server.rpc.request.timeout = 3000ms (default)
2023-02-16 22:42:57,877 [Listener at 127.0.0.1/41759] INFO  grpc.GrpcConfigKeys (ConfUtils.java:logGet(46)) - raft.grpc.server.heartbeat.channel = true (default)
2023-02-16 22:42:57,878 [Listener at 127.0.0.1/41759] INFO  grpc.GrpcConfigKeys (ConfUtils.java:logGet(46)) - raft.grpc.server.async.request.thread.pool.cached = true (default)
2023-02-16 22:42:57,878 [Listener at 127.0.0.1/41759] INFO  grpc.GrpcConfigKeys (ConfUtils.java:logGet(46)) - raft.grpc.server.async.request.thread.pool.size = 32 (default)
2023-02-16 22:42:57,879 [Listener at 127.0.0.1/41759] INFO  impl.DataStreamServerImpl (ConfUtils.java:logGet(46)) - raft.datastream.type = NETTY (custom)
2023-02-16 22:42:57,891 [Listener at 127.0.0.1/41759] INFO  server.RaftServerConfigKeys (ConfUtils.java:logGet(46)) - raft.server.data-stream.async.request.thread.pool.cached = false (default)
2023-02-16 22:42:57,892 [Listener at 127.0.0.1/41759] INFO  server.RaftServerConfigKeys (ConfUtils.java:logGet(46)) - raft.server.data-stream.async.request.thread.pool.size = 20 (custom)
2023-02-16 22:42:57,892 [Listener at 127.0.0.1/41759] INFO  server.RaftServerConfigKeys (ConfUtils.java:logGet(46)) - raft.server.data-stream.async.write.thread.pool.size = 16 (default)
2023-02-16 22:42:57,893 [Listener at 127.0.0.1/41759] INFO  server.RaftServerConfigKeys (ConfUtils.java:logGet(46)) - raft.server.data-stream.client.pool.size = 10 (default)
2023-02-16 22:42:57,898 [Listener at 127.0.0.1/41759] INFO  netty.NettyConfigKeys$DataStream (ConfUtils.java:logGet(46)) - raft.netty.dataStream.server.use-epoll = false (default)
2023-02-16 22:42:57,898 [Listener at 127.0.0.1/41759] INFO  netty.NettyConfigKeys$DataStream (ConfUtils.java:logGet(46)) - raft.netty.dataStream.server.boss-group.size = 0 (default)
2023-02-16 22:42:57,905 [Listener at 127.0.0.1/41759] INFO  netty.NettyConfigKeys$DataStream (ConfUtils.java:logGet(46)) - raft.netty.dataStream.server.worker-group.size = 0 (default)
2023-02-16 22:42:57,907 [Listener at 127.0.0.1/41759] INFO  netty.NettyConfigKeys$DataStream (ConfUtils.java:logGet(46)) - raft.netty.dataStream.server.tls.conf = null (default)
2023-02-16 22:42:57,909 [Listener at 127.0.0.1/41759] INFO  netty.NettyConfigKeys$DataStream (ConfUtils.java:logGet(46)) - raft.netty.dataStream.host = null (default)
2023-02-16 22:42:57,910 [Listener at 127.0.0.1/41759] INFO  netty.NettyConfigKeys$DataStream (ConfUtils.java:logGet(46)) - raft.netty.dataStream.port = 0 (default)
2023-02-16 22:42:57,921 [Listener at 127.0.0.1/41759] INFO  server.RaftServerConfigKeys (ConfUtils.java:logGet(46)) - raft.server.threadpool.proxy.cached = true (default)
2023-02-16 22:42:57,921 [Listener at 127.0.0.1/41759] INFO  server.RaftServerConfigKeys (ConfUtils.java:logGet(46)) - raft.server.threadpool.proxy.size = 0 (default)
2023-02-16 22:42:57,922 [Listener at 127.0.0.1/41759] INFO  server.RaftServerConfigKeys (ConfUtils.java:logGet(46)) - raft.server.rpc.slowness.timeout = 300000ms (custom)
2023-02-16 22:42:57,922 [Listener at 127.0.0.1/41759] INFO  server.RaftServerConfigKeys (ConfUtils.java:logGet(46)) - raft.server.leaderelection.leader.step-down.wait-time = 10s (default)
2023-02-16 22:42:57,922 [Listener at 127.0.0.1/41759] INFO  server.RaftServerConfigKeys (ConfUtils.java:logGet(46)) - raft.server.storage.dir = [/home/runner/work/ozone/ozone/hadoop-ozone/integration-test/target/test-dir/MiniOzoneClusterImpl-e104f6e4-c147-46af-9a65-8b38e2aa4633/datanode-0/data/ratis] (custom)
2023-02-16 22:42:57,955 [85bc4c93-8919-4d90-bdda-716e90a765bf-NettyServerStreamRpc-bossGroup--thread1] INFO  logging.LoggingHandler (AbstractInternalLogger.java:log(148)) - [id: 0x3f2ca5d1] REGISTERED
2023-02-16 22:42:57,956 [85bc4c93-8919-4d90-bdda-716e90a765bf-NettyServerStreamRpc-bossGroup--thread1] INFO  logging.LoggingHandler (AbstractInternalLogger.java:log(148)) - [id: 0x3f2ca5d1] BIND: 0.0.0.0/0.0.0.0:0
2023-02-16 22:42:57,957 [85bc4c93-8919-4d90-bdda-716e90a765bf-NettyServerStreamRpc-bossGroup--thread1] INFO  logging.LoggingHandler (AbstractInternalLogger.java:log(148)) - [id: 0x3f2ca5d1, L:/0:0:0:0:0:0:0:0:36907] ACTIVE
2023-02-16 22:42:57,968 [Listener at 127.0.0.1/41759] INFO  server.XceiverServerGrpc (XceiverServerGrpc.java:<init>(132)) - GrpcServer channel type EpollServerSocketChannel
2023-02-16 22:42:58,058 [Listener at 127.0.0.1/41759] INFO  http.BaseHttpServer (BaseHttpServer.java:newHttpServer2BuilderForOzone(213)) - Starting Web-server for hddsDatanode at: http://0.0.0.0:0
2023-02-16 22:42:58,058 [Listener at 127.0.0.1/41759] INFO  http.BaseHttpServer (BaseHttpServer.java:<init>(108)) - Hadoop Security Enabled: false Ozone Security Enabled: false Ozone HTTP Security Enabled: false 
2023-02-16 22:42:58,060 [Listener at 127.0.0.1/41759] WARN  server.AuthenticationFilter (AuthenticationFilter.java:constructSecretProvider(240)) - Unable to initialize FileSignerSecretProvider, falling back to use random secrets. Reason: Could not read signature secret file: /home/runner/hadoop-http-auth-signature-secret
2023-02-16 22:42:58,061 [Listener at 127.0.0.1/41759] WARN  http.HttpRequestLog (HttpRequestLog.java:getRequestLog(103)) - Jetty request log can only be enabled using Log4j
2023-02-16 22:42:58,063 [Listener at 127.0.0.1/41759] INFO  http.HttpServer2 (HttpServer2.java:addGlobalFilter(1031)) - Added global filter 'safety' (class=org.apache.hadoop.hdds.server.http.HttpServer2$QuotingInputFilter)
2023-02-16 22:42:58,094 [Listener at 127.0.0.1/41759] INFO  http.HttpServer2 (HttpServer2.java:addFilter(1007)) - Added filter static_user_filter (class=org.apache.hadoop.http.lib.StaticUserWebFilter$StaticUserFilter) to context hddsDatanode
2023-02-16 22:42:58,094 [Listener at 127.0.0.1/41759] INFO  http.HttpServer2 (HttpServer2.java:addFilter(1015)) - Added filter static_user_filter (class=org.apache.hadoop.http.lib.StaticUserWebFilter$StaticUserFilter) to context logs
2023-02-16 22:42:58,094 [Listener at 127.0.0.1/41759] INFO  http.HttpServer2 (HttpServer2.java:addFilter(1015)) - Added filter static_user_filter (class=org.apache.hadoop.http.lib.StaticUserWebFilter$StaticUserFilter) to context static
2023-02-16 22:42:58,096 [Listener at 127.0.0.1/41759] INFO  http.HttpServer2 (HttpServer2.java:bindListener(1250)) - Jetty bound to port 43327
2023-02-16 22:42:58,096 [Listener at 127.0.0.1/41759] INFO  server.Server (Server.java:doStart(375)) - jetty-9.4.49.v20220914; built: 2022-09-14T01:07:36.601Z; git: 4231a3b2e4cb8548a412a789936d640a97b1aa0a; jvm 1.8.0_362-b09
2023-02-16 22:42:58,102 [Listener at 127.0.0.1/41759] INFO  server.session (DefaultSessionIdManager.java:doStart(334)) - DefaultSessionIdManager workerName=node0
2023-02-16 22:42:58,102 [Listener at 127.0.0.1/41759] INFO  server.session (DefaultSessionIdManager.java:doStart(339)) - No SessionScavenger set, using defaults
2023-02-16 22:42:58,102 [Listener at 127.0.0.1/41759] INFO  server.session (HouseKeeper.java:startScavenging(132)) - node0 Scavenging every 660000ms
2023-02-16 22:42:58,107 [Listener at 127.0.0.1/41759] INFO  handler.ContextHandler (ContextHandler.java:doStart(921)) - Started o.e.j.s.ServletContextHandler@5e9771a5{logs,/logs,file:///home/runner/work/ozone/ozone/hadoop-ozone/integration-test/target/log,AVAILABLE}
2023-02-16 22:42:58,107 [Listener at 127.0.0.1/41759] INFO  handler.ContextHandler (ContextHandler.java:doStart(921)) - Started o.e.j.s.ServletContextHandler@25c02068{static,/static,jar:file:/home/runner/.m2/repository/org/apache/ozone/hdds-container-service/1.4.0-SNAPSHOT/hdds-container-service-1.4.0-SNAPSHOT.jar!/webapps/static,AVAILABLE}
2023-02-16 22:42:58,264 [om1@group-C5BA1605619E-FollowerState] INFO  impl.FollowerState (FollowerState.java:run(143)) - om1@group-C5BA1605619E-FollowerState: change to CANDIDATE, lastRpcElapsedTime:1137647770ns, electionTimeout:1127ms
2023-02-16 22:42:58,266 [om1@group-C5BA1605619E-FollowerState] INFO  impl.RoleInfo (RoleInfo.java:shutdownFollowerState(110)) - om1: shutdown om1@group-C5BA1605619E-FollowerState
2023-02-16 22:42:58,267 [om1@group-C5BA1605619E-FollowerState] INFO  server.RaftServer$Division (RaftServerImpl.java:setRole(321)) - om1@group-C5BA1605619E: changes role from  FOLLOWER to CANDIDATE at term 0 for changeToCandidate
2023-02-16 22:42:58,271 [om1@group-C5BA1605619E-FollowerState] INFO  server.RaftServerConfigKeys (ConfUtils.java:logGet(46)) - raft.server.leaderelection.pre-vote = true (default)
2023-02-16 22:42:58,271 [om1@group-C5BA1605619E-FollowerState] INFO  impl.RoleInfo (RoleInfo.java:updateAndGet(139)) - om1: start om1@group-C5BA1605619E-LeaderElection1
2023-02-16 22:42:58,279 [om1@group-C5BA1605619E-LeaderElection1] INFO  impl.LeaderElection (LeaderElection.java:askForVotes(312)) - om1@group-C5BA1605619E-LeaderElection1 PRE_VOTE round 0: submit vote requests at term 0 for -1: peers:[om1|rpc:localhost:9872|priority:0|startupRole:FOLLOWER]|listeners:[], old=null
2023-02-16 22:42:58,282 [om1@group-C5BA1605619E-LeaderElection1] INFO  impl.LeaderElection (LeaderElection.java:askForVotes(314)) - om1@group-C5BA1605619E-LeaderElection1 PRE_VOTE round 0: result PASSED (term=0)
2023-02-16 22:42:58,285 [om1@group-C5BA1605619E-LeaderElection1] INFO  impl.LeaderElection (LeaderElection.java:askForVotes(312)) - om1@group-C5BA1605619E-LeaderElection1 ELECTION round 0: submit vote requests at term 1 for -1: peers:[om1|rpc:localhost:9872|priority:0|startupRole:FOLLOWER]|listeners:[], old=null
2023-02-16 22:42:58,285 [om1@group-C5BA1605619E-LeaderElection1] INFO  impl.LeaderElection (LeaderElection.java:askForVotes(314)) - om1@group-C5BA1605619E-LeaderElection1 ELECTION round 0: result PASSED (term=1)
2023-02-16 22:42:58,285 [om1@group-C5BA1605619E-LeaderElection1] INFO  impl.RoleInfo (RoleInfo.java:shutdownLeaderElection(130)) - om1: shutdown om1@group-C5BA1605619E-LeaderElection1
2023-02-16 22:42:58,292 [om1@group-C5BA1605619E-LeaderElection1] INFO  server.RaftServer$Division (RaftServerImpl.java:setRole(321)) - om1@group-C5BA1605619E: changes role from CANDIDATE to LEADER at term 1 for changeToLeader
2023-02-16 22:42:58,292 [om1@group-C5BA1605619E-LeaderElection1] INFO  server.RaftServer$Division (ServerState.java:setLeader(313)) - om1@group-C5BA1605619E: change Leader from null to om1 at term 1 for becomeLeader, leader elected after 2469ms
2023-02-16 22:42:58,309 [om1@group-C5BA1605619E-LeaderElection1] INFO  server.RaftServerConfigKeys (ConfUtils.java:logGet(46)) - raft.server.staging.catchup.gap = 1000 (default)
2023-02-16 22:42:58,327 [om1@group-C5BA1605619E-LeaderElection1] INFO  server.RaftServerConfigKeys (ConfUtils.java:logGet(46)) - raft.server.write.element-limit = 4096 (default)
2023-02-16 22:42:58,328 [om1@group-C5BA1605619E-LeaderElection1] INFO  server.RaftServerConfigKeys (ConfUtils.java:logGet(46)) - raft.server.write.byte-limit = 64MB (=67108864) (default)
2023-02-16 22:42:58,334 [om1@group-C5BA1605619E-LeaderElection1] INFO  server.RaftServerConfigKeys (ConfUtils.java:logGet(46)) - raft.server.watch.timeout = 10s (default)
2023-02-16 22:42:58,335 [om1@group-C5BA1605619E-LeaderElection1] INFO  server.RaftServerConfigKeys (ConfUtils.java:logGet(46)) - raft.server.watch.timeout.denomination = 1s (default)
2023-02-16 22:42:58,335 [om1@group-C5BA1605619E-LeaderElection1] INFO  server.RaftServerConfigKeys (ConfUtils.java:logGet(46)) - raft.server.watch.element-limit = 65536 (default)
2023-02-16 22:42:58,344 [om1@group-C5BA1605619E-LeaderElection1] INFO  server.RaftServerConfigKeys (ConfUtils.java:logGet(46)) - raft.server.write.element-limit = 4096 (default)
2023-02-16 22:42:58,350 [om1@group-C5BA1605619E-LeaderElection1] INFO  server.RaftServerConfigKeys (ConfUtils.java:logGet(46)) - raft.server.write.follower.gap.ratio.max = -1.0 (default)
2023-02-16 22:42:58,358 [om1@group-C5BA1605619E-LeaderElection1] INFO  impl.RoleInfo (RoleInfo.java:updateAndGet(139)) - om1: start om1@group-C5BA1605619E-LeaderStateImpl
2023-02-16 22:42:58,393 [om1@group-C5BA1605619E-LeaderElection1] INFO  segmented.SegmentedRaftLogWorker (SegmentedRaftLogWorker.java:startLogSegment(452)) - om1@group-C5BA1605619E-SegmentedRaftLogWorker: Starting segment from index:0
2023-02-16 22:42:58,441 [Listener at 127.0.0.1/41759] INFO  handler.ContextHandler (ContextHandler.java:doStart(921)) - Started o.e.j.w.WebAppContext@582fd243{hddsDatanode,/,file:///tmp/jetty-0_0_0_0-43327-hdds-container-service-1_4_0-SNAPSHOT_jar-_-any-4436223418260753026/webapp/,AVAILABLE}{jar:file:/home/runner/.m2/repository/org/apache/ozone/hdds-container-service/1.4.0-SNAPSHOT/hdds-container-service-1.4.0-SNAPSHOT.jar!/webapps/hddsDatanode}
2023-02-16 22:42:58,444 [Listener at 127.0.0.1/41759] INFO  server.AbstractConnector (AbstractConnector.java:doStart(333)) - Started ServerConnector@45ad2fb1{HTTP/1.1, (http/1.1)}{0.0.0.0:43327}
2023-02-16 22:42:58,444 [Listener at 127.0.0.1/41759] INFO  server.Server (Server.java:doStart(415)) - Started @10241ms
2023-02-16 22:42:58,444 [Listener at 127.0.0.1/41759] WARN  impl.MetricsSystemImpl (MetricsSystemImpl.java:register(279)) - Sink prometheus already exists!
2023-02-16 22:42:58,463 [Listener at 127.0.0.1/41759] INFO  http.BaseHttpServer (BaseHttpServer.java:updateConnectorAddress(333)) - HTTP server of hddsDatanode listening at http://0.0.0.0:43327
2023-02-16 22:42:58,466 [Listener at 127.0.0.1/41759] WARN  impl.MetricRegistriesImpl (MetricRegistriesImpl.java:addReporterRegistration(111)) - New reporters are added after registries were created. Some metrics will be missing from the reporter. Please add reporter before adding any new registry.
2023-02-16 22:42:58,466 [Listener at 127.0.0.1/41759] WARN  impl.MetricRegistriesImpl (MetricRegistriesImpl.java:addReporterRegistration(111)) - New reporters are added after registries were created. Some metrics will be missing from the reporter. Please add reporter before adding any new registry.
2023-02-16 22:42:58,466 [Listener at 127.0.0.1/41759] INFO  impl.MetricsSystemImpl (MetricsSystemImpl.java:init(158)) - HddsDatanode metrics system started (again)
2023-02-16 22:42:58,483 [om1@group-C5BA1605619E-LeaderElection1] INFO  server.RaftServer$Division (ServerState.java:setRaftConf(430)) - om1@group-C5BA1605619E: set configuration 0: peers:[om1|rpc:localhost:9872|admin:|client:|dataStream:|priority:0|startupRole:FOLLOWER]|listeners:[], old=null
2023-02-16 22:42:58,493 [Datanode State Machine Daemon Thread] INFO  statemachine.DatanodeStateMachine (DatanodeStateMachine.java:lambda$startDaemon$0(516)) - Ozone container server started.
2023-02-16 22:42:58,513 [Listener at 127.0.0.1/41759] INFO  ozone.HddsDatanodeService (HddsDatanodeService.java:start(228)) - HddsDatanodeService host:fv-az571-511 ip:10.1.0.43
2023-02-16 22:42:58,544 [org.apache.hadoop.util.JvmPauseMonitor$Monitor@7d17f032] INFO  util.JvmPauseMonitor (JvmPauseMonitor.java:run(188)) - Starting JVM pause monitor
2023-02-16 22:42:58,556 [Listener at 127.0.0.1/41759] INFO  upgrade.AbstractLayoutVersionManager (AbstractLayoutVersionManager.java:init(83)) - Initializing Layout version manager with metadata layout = DATANODE_SCHEMA_V3 (version = 4), software layout = DATANODE_SCHEMA_V3 (version = 4)
2023-02-16 22:42:58,640 [om1@group-C5BA1605619E-SegmentedRaftLogWorker] INFO  segmented.SegmentedRaftLogWorker (SegmentedRaftLogWorker.java:execute(656)) - om1@group-C5BA1605619E-SegmentedRaftLogWorker: created new log segment /home/runner/work/ozone/ozone/hadoop-ozone/integration-test/target/test-dir/MiniOzoneClusterImpl-e104f6e4-c147-46af-9a65-8b38e2aa4633/ozone-meta/ratis/bf265839-605b-3f16-9796-c5ba1605619e/current/log_inprogress_0
2023-02-16 22:42:58,689 [Listener at 127.0.0.1/41759] INFO  reflections.Reflections (Reflections.java:scan(232)) - Reflections took 128 ms to scan 7 urls, producing 150 keys and 362 values 
2023-02-16 22:42:58,698 [Listener at 127.0.0.1/41759] INFO  statemachine.DatanodeStateMachine (DatanodeStateMachine.java:getEndPointTaskThreadPoolSize(260)) - Datanode State Machine Task Thread Pool size 2
2023-02-16 22:42:58,711 [Listener at 127.0.0.1/41759] INFO  volume.HddsVolume (HddsVolume.java:<init>(122)) - Creating HddsVolume: /home/runner/work/ozone/ozone/hadoop-ozone/integration-test/target/test-dir/MiniOzoneClusterImpl-e104f6e4-c147-46af-9a65-8b38e2aa4633/datanode-1/data-0/containers/hdds of storage type : DISK capacity : 9223372036854775807
2023-02-16 22:42:58,711 [Listener at 127.0.0.1/41759] INFO  volume.MutableVolumeSet (MutableVolumeSet.java:initializeVolumeSet(174)) - Added Volume : /home/runner/work/ozone/ozone/hadoop-ozone/integration-test/target/test-dir/MiniOzoneClusterImpl-e104f6e4-c147-46af-9a65-8b38e2aa4633/datanode-1/data-0/containers/hdds to VolumeSet
2023-02-16 22:42:58,712 [Listener at 127.0.0.1/41759] INFO  volume.ThrottledAsyncChecker (ThrottledAsyncChecker.java:schedule(141)) - Scheduling a check for /home/runner/work/ozone/ozone/hadoop-ozone/integration-test/target/test-dir/MiniOzoneClusterImpl-e104f6e4-c147-46af-9a65-8b38e2aa4633/datanode-1/data-0/containers/hdds
2023-02-16 22:42:58,722 [Listener at 127.0.0.1/41759] INFO  volume.StorageVolumeChecker (StorageVolumeChecker.java:checkAllVolumes(202)) - Scheduled health check for volume /home/runner/work/ozone/ozone/hadoop-ozone/integration-test/target/test-dir/MiniOzoneClusterImpl-e104f6e4-c147-46af-9a65-8b38e2aa4633/datanode-1/data-0/containers/hdds
2023-02-16 22:42:58,755 [Listener at 127.0.0.1/41759] INFO  volume.MutableVolumeSet (MutableVolumeSet.java:initializeVolumeSet(174)) - Added Volume : /home/runner/work/ozone/ozone/hadoop-ozone/integration-test/target/test-dir/MiniOzoneClusterImpl-e104f6e4-c147-46af-9a65-8b38e2aa4633/datanode-1/data/ratis to VolumeSet
2023-02-16 22:42:58,756 [Listener at 127.0.0.1/41759] INFO  volume.ThrottledAsyncChecker (ThrottledAsyncChecker.java:schedule(141)) - Scheduling a check for /home/runner/work/ozone/ozone/hadoop-ozone/integration-test/target/test-dir/MiniOzoneClusterImpl-e104f6e4-c147-46af-9a65-8b38e2aa4633/datanode-1/data/ratis
2023-02-16 22:42:58,756 [Listener at 127.0.0.1/41759] INFO  volume.StorageVolumeChecker (StorageVolumeChecker.java:checkAllVolumes(202)) - Scheduled health check for volume /home/runner/work/ozone/ozone/hadoop-ozone/integration-test/target/test-dir/MiniOzoneClusterImpl-e104f6e4-c147-46af-9a65-8b38e2aa4633/datanode-1/data/ratis
2023-02-16 22:42:58,822 [Datanode State Machine Task Thread - 0] INFO  datanode.InitDatanodeState (InitDatanodeState.java:persistContainerDatanodeDetails(138)) - DatanodeDetails is persisted to /home/runner/work/ozone/ozone/hadoop-ozone/integration-test/target/test-dir/MiniOzoneClusterImpl-e104f6e4-c147-46af-9a65-8b38e2aa4633/datanode-0/meta/datanode.id
2023-02-16 22:42:58,822 [Thread-152] INFO  ozoneimpl.ContainerReader (ContainerReader.java:readVolume(175)) - Finish verifying containers on volume /home/runner/work/ozone/ozone/hadoop-ozone/integration-test/target/test-dir/MiniOzoneClusterImpl-e104f6e4-c147-46af-9a65-8b38e2aa4633/datanode-1/data-0/containers/hdds
2023-02-16 22:42:58,833 [Listener at 127.0.0.1/41759] INFO  ozoneimpl.OzoneContainer (OzoneContainer.java:buildContainerSet(304)) - Build ContainerSet costs 0s
2023-02-16 22:42:58,842 [Listener at 127.0.0.1/41759] INFO  server.RaftServer (ConfUtils.java:logGet(46)) - raft.rpc.type = GRPC (default)
2023-02-16 22:42:58,842 [Listener at 127.0.0.1/41759] INFO  grpc.GrpcConfigKeys (ConfUtils.java:logFallback(53)) - raft.grpc.admin.host = null (fallback to raft.grpc.server.host)
2023-02-16 22:42:58,843 [Listener at 127.0.0.1/41759] INFO  grpc.GrpcConfigKeys (ConfUtils.java:logGet(46)) - raft.grpc.admin.port = 0 (custom)
2023-02-16 22:42:58,843 [Listener at 127.0.0.1/41759] INFO  grpc.GrpcConfigKeys (ConfUtils.java:logFallback(53)) - raft.grpc.client.host = null (fallback to raft.grpc.server.host)
2023-02-16 22:42:58,845 [Listener at 127.0.0.1/41759] INFO  grpc.GrpcConfigKeys (ConfUtils.java:logGet(46)) - raft.grpc.client.port = 0 (custom)
2023-02-16 22:42:58,845 [Listener at 127.0.0.1/41759] INFO  grpc.GrpcConfigKeys (ConfUtils.java:logGet(46)) - raft.grpc.server.host = null (default)
2023-02-16 22:42:58,845 [Listener at 127.0.0.1/41759] INFO  grpc.GrpcConfigKeys (ConfUtils.java:logGet(46)) - raft.grpc.server.port = 0 (default)
2023-02-16 22:42:58,846 [Listener at 127.0.0.1/41759] INFO  server.GrpcService (ConfUtils.java:logGet(46)) - raft.grpc.message.size.max = 32MB (=33554432) (custom)
2023-02-16 22:42:58,847 [Listener at 127.0.0.1/41759] INFO  server.RaftServerConfigKeys (ConfUtils.java:logGet(46)) - raft.server.log.appender.buffer.byte-limit = 33554432 (custom)
2023-02-16 22:42:58,847 [Listener at 127.0.0.1/41759] INFO  server.GrpcService (ConfUtils.java:logGet(46)) - raft.grpc.flow.control.window = 5MB (=5242880) (custom)
2023-02-16 22:42:58,848 [Listener at 127.0.0.1/41759] INFO  server.RaftServerConfigKeys (ConfUtils.java:logGet(46)) - raft.server.rpc.request.timeout = 3000ms (default)
2023-02-16 22:42:58,849 [Listener at 127.0.0.1/41759] INFO  grpc.GrpcConfigKeys (ConfUtils.java:logGet(46)) - raft.grpc.server.heartbeat.channel = true (default)
2023-02-16 22:42:58,849 [Listener at 127.0.0.1/41759] INFO  grpc.GrpcConfigKeys (ConfUtils.java:logGet(46)) - raft.grpc.server.async.request.thread.pool.cached = true (default)
2023-02-16 22:42:58,850 [Listener at 127.0.0.1/41759] INFO  grpc.GrpcConfigKeys (ConfUtils.java:logGet(46)) - raft.grpc.server.async.request.thread.pool.size = 32 (default)
2023-02-16 22:42:58,854 [Listener at 127.0.0.1/41759] INFO  impl.DataStreamServerImpl (ConfUtils.java:logGet(46)) - raft.datastream.type = NETTY (custom)
2023-02-16 22:42:58,854 [Listener at 127.0.0.1/41759] INFO  server.RaftServerConfigKeys (ConfUtils.java:logGet(46)) - raft.server.data-stream.async.request.thread.pool.cached = false (default)
2023-02-16 22:42:58,855 [Listener at 127.0.0.1/41759] INFO  server.RaftServerConfigKeys (ConfUtils.java:logGet(46)) - raft.server.data-stream.async.request.thread.pool.size = 20 (custom)
2023-02-16 22:42:58,855 [Listener at 127.0.0.1/41759] INFO  server.RaftServerConfigKeys (ConfUtils.java:logGet(46)) - raft.server.data-stream.async.write.thread.pool.size = 16 (default)
2023-02-16 22:42:58,855 [Listener at 127.0.0.1/41759] INFO  server.RaftServerConfigKeys (ConfUtils.java:logGet(46)) - raft.server.data-stream.client.pool.size = 10 (default)
2023-02-16 22:42:58,855 [Listener at 127.0.0.1/41759] INFO  netty.NettyConfigKeys$DataStream (ConfUtils.java:logGet(46)) - raft.netty.dataStream.server.use-epoll = false (default)
2023-02-16 22:42:58,855 [Listener at 127.0.0.1/41759] INFO  netty.NettyConfigKeys$DataStream (ConfUtils.java:logGet(46)) - raft.netty.dataStream.server.boss-group.size = 0 (default)
2023-02-16 22:42:58,858 [Listener at 127.0.0.1/41759] INFO  netty.NettyConfigKeys$DataStream (ConfUtils.java:logGet(46)) - raft.netty.dataStream.server.worker-group.size = 0 (default)
2023-02-16 22:42:58,860 [Listener at 127.0.0.1/41759] INFO  netty.NettyConfigKeys$DataStream (ConfUtils.java:logGet(46)) - raft.netty.dataStream.server.tls.conf = null (default)
2023-02-16 22:42:58,860 [Listener at 127.0.0.1/41759] INFO  netty.NettyConfigKeys$DataStream (ConfUtils.java:logGet(46)) - raft.netty.dataStream.host = null (default)
2023-02-16 22:42:58,861 [Listener at 127.0.0.1/41759] INFO  netty.NettyConfigKeys$DataStream (ConfUtils.java:logGet(46)) - raft.netty.dataStream.port = 0 (default)
2023-02-16 22:42:58,863 [om1@group-C5BA1605619E-StateMachineUpdater] INFO  ratis.OzoneManagerStateMachine (OzoneManagerStateMachine.java:notifyConfigurationChanged(192)) - Received Configuration change notification from Ratis. New Peer list:
[id: "om1"
address: "localhost:9872"
startupRole: FOLLOWER
]
2023-02-16 22:42:58,867 [Listener at 127.0.0.1/41759] INFO  server.RaftServerConfigKeys (ConfUtils.java:logGet(46)) - raft.server.threadpool.proxy.cached = true (default)
2023-02-16 22:42:58,869 [Listener at 127.0.0.1/41759] INFO  server.RaftServerConfigKeys (ConfUtils.java:logGet(46)) - raft.server.threadpool.proxy.size = 0 (default)
2023-02-16 22:42:58,869 [Listener at 127.0.0.1/41759] INFO  server.RaftServerConfigKeys (ConfUtils.java:logGet(46)) - raft.server.rpc.slowness.timeout = 300000ms (custom)
2023-02-16 22:42:58,870 [Listener at 127.0.0.1/41759] INFO  server.RaftServerConfigKeys (ConfUtils.java:logGet(46)) - raft.server.leaderelection.leader.step-down.wait-time = 10s (default)
2023-02-16 22:42:58,871 [2a62309e-ec6c-4a0a-91b7-4d126a386491-NettyServerStreamRpc-bossGroup--thread1] INFO  logging.LoggingHandler (AbstractInternalLogger.java:log(148)) - [id: 0x0dea773d] REGISTERED
2023-02-16 22:42:58,872 [2a62309e-ec6c-4a0a-91b7-4d126a386491-NettyServerStreamRpc-bossGroup--thread1] INFO  logging.LoggingHandler (AbstractInternalLogger.java:log(148)) - [id: 0x0dea773d] BIND: 0.0.0.0/0.0.0.0:0
2023-02-16 22:42:58,872 [2a62309e-ec6c-4a0a-91b7-4d126a386491-NettyServerStreamRpc-bossGroup--thread1] INFO  logging.LoggingHandler (AbstractInternalLogger.java:log(148)) - [id: 0x0dea773d, L:/0:0:0:0:0:0:0:0:38237] ACTIVE
2023-02-16 22:42:58,872 [Listener at 127.0.0.1/41759] INFO  server.RaftServerConfigKeys (ConfUtils.java:logGet(46)) - raft.server.storage.dir = [/home/runner/work/ozone/ozone/hadoop-ozone/integration-test/target/test-dir/MiniOzoneClusterImpl-e104f6e4-c147-46af-9a65-8b38e2aa4633/datanode-1/data/ratis] (custom)
2023-02-16 22:42:58,887 [Listener at 127.0.0.1/41759] INFO  server.XceiverServerGrpc (XceiverServerGrpc.java:<init>(132)) - GrpcServer channel type EpollServerSocketChannel
2023-02-16 22:42:58,897 [Listener at 127.0.0.1/41759] INFO  http.BaseHttpServer (BaseHttpServer.java:newHttpServer2BuilderForOzone(213)) - Starting Web-server for hddsDatanode at: http://0.0.0.0:0
2023-02-16 22:42:58,897 [Listener at 127.0.0.1/41759] INFO  http.BaseHttpServer (BaseHttpServer.java:<init>(108)) - Hadoop Security Enabled: false Ozone Security Enabled: false Ozone HTTP Security Enabled: false 
2023-02-16 22:42:58,899 [Listener at 127.0.0.1/41759] WARN  server.AuthenticationFilter (AuthenticationFilter.java:constructSecretProvider(240)) - Unable to initialize FileSignerSecretProvider, falling back to use random secrets. Reason: Could not read signature secret file: /home/runner/hadoop-http-auth-signature-secret
2023-02-16 22:42:58,901 [Listener at 127.0.0.1/41759] WARN  http.HttpRequestLog (HttpRequestLog.java:getRequestLog(103)) - Jetty request log can only be enabled using Log4j
2023-02-16 22:42:58,905 [Listener at 127.0.0.1/41759] INFO  http.HttpServer2 (HttpServer2.java:addGlobalFilter(1031)) - Added global filter 'safety' (class=org.apache.hadoop.hdds.server.http.HttpServer2$QuotingInputFilter)
2023-02-16 22:42:58,905 [Listener at 127.0.0.1/41759] INFO  http.HttpServer2 (HttpServer2.java:addFilter(1007)) - Added filter static_user_filter (class=org.apache.hadoop.http.lib.StaticUserWebFilter$StaticUserFilter) to context hddsDatanode
2023-02-16 22:42:58,906 [Listener at 127.0.0.1/41759] INFO  http.HttpServer2 (HttpServer2.java:addFilter(1015)) - Added filter static_user_filter (class=org.apache.hadoop.http.lib.StaticUserWebFilter$StaticUserFilter) to context logs
2023-02-16 22:42:58,906 [Listener at 127.0.0.1/41759] INFO  http.HttpServer2 (HttpServer2.java:addFilter(1015)) - Added filter static_user_filter (class=org.apache.hadoop.http.lib.StaticUserWebFilter$StaticUserFilter) to context static
2023-02-16 22:42:58,906 [Listener at 127.0.0.1/41759] INFO  http.HttpServer2 (HttpServer2.java:bindListener(1250)) - Jetty bound to port 33671
2023-02-16 22:42:58,907 [Listener at 127.0.0.1/41759] INFO  server.Server (Server.java:doStart(375)) - jetty-9.4.49.v20220914; built: 2022-09-14T01:07:36.601Z; git: 4231a3b2e4cb8548a412a789936d640a97b1aa0a; jvm 1.8.0_362-b09
2023-02-16 22:42:58,910 [Listener at 127.0.0.1/41759] INFO  server.session (DefaultSessionIdManager.java:doStart(334)) - DefaultSessionIdManager workerName=node0
2023-02-16 22:42:58,910 [Listener at 127.0.0.1/41759] INFO  server.session (DefaultSessionIdManager.java:doStart(339)) - No SessionScavenger set, using defaults
2023-02-16 22:42:58,910 [Listener at 127.0.0.1/41759] INFO  server.session (HouseKeeper.java:startScavenging(132)) - node0 Scavenging every 660000ms
2023-02-16 22:42:58,912 [Listener at 127.0.0.1/41759] INFO  handler.ContextHandler (ContextHandler.java:doStart(921)) - Started o.e.j.s.ServletContextHandler@f9b0bfb{logs,/logs,file:///home/runner/work/ozone/ozone/hadoop-ozone/integration-test/target/log,AVAILABLE}
2023-02-16 22:42:58,913 [Listener at 127.0.0.1/41759] INFO  handler.ContextHandler (ContextHandler.java:doStart(921)) - Started o.e.j.s.ServletContextHandler@7fca46aa{static,/static,jar:file:/home/runner/.m2/repository/org/apache/ozone/hdds-container-service/1.4.0-SNAPSHOT/hdds-container-service-1.4.0-SNAPSHOT.jar!/webapps/static,AVAILABLE}
2023-02-16 22:42:59,139 [Listener at 127.0.0.1/41759] INFO  handler.ContextHandler (ContextHandler.java:doStart(921)) - Started o.e.j.w.WebAppContext@6c54c79b{hddsDatanode,/,file:///tmp/jetty-0_0_0_0-33671-hdds-container-service-1_4_0-SNAPSHOT_jar-_-any-2750252669125957003/webapp/,AVAILABLE}{jar:file:/home/runner/.m2/repository/org/apache/ozone/hdds-container-service/1.4.0-SNAPSHOT/hdds-container-service-1.4.0-SNAPSHOT.jar!/webapps/hddsDatanode}
2023-02-16 22:42:59,141 [Listener at 127.0.0.1/41759] INFO  server.AbstractConnector (AbstractConnector.java:doStart(333)) - Started ServerConnector@79fe7eb7{HTTP/1.1, (http/1.1)}{0.0.0.0:33671}
2023-02-16 22:42:59,142 [Listener at 127.0.0.1/41759] INFO  server.Server (Server.java:doStart(415)) - Started @10938ms
2023-02-16 22:42:59,142 [Listener at 127.0.0.1/41759] WARN  impl.MetricsSystemImpl (MetricsSystemImpl.java:register(279)) - Sink prometheus already exists!
2023-02-16 22:42:59,143 [Listener at 127.0.0.1/41759] INFO  http.BaseHttpServer (BaseHttpServer.java:updateConnectorAddress(333)) - HTTP server of hddsDatanode listening at http://0.0.0.0:33671
2023-02-16 22:42:59,144 [Datanode State Machine Daemon Thread] INFO  statemachine.DatanodeStateMachine (DatanodeStateMachine.java:lambda$startDaemon$0(516)) - Ozone container server started.
2023-02-16 22:42:59,145 [Listener at 127.0.0.1/41759] WARN  impl.MetricRegistriesImpl (MetricRegistriesImpl.java:addReporterRegistration(111)) - New reporters are added after registries were created. Some metrics will be missing from the reporter. Please add reporter before adding any new registry.
2023-02-16 22:42:59,145 [Listener at 127.0.0.1/41759] WARN  impl.MetricRegistriesImpl (MetricRegistriesImpl.java:addReporterRegistration(111)) - New reporters are added after registries were created. Some metrics will be missing from the reporter. Please add reporter before adding any new registry.
2023-02-16 22:42:59,146 [Listener at 127.0.0.1/41759] INFO  impl.MetricsSystemImpl (MetricsSystemImpl.java:init(158)) - HddsDatanode metrics system started (again)
2023-02-16 22:42:59,173 [org.apache.hadoop.util.JvmPauseMonitor$Monitor@249eb75a] INFO  util.JvmPauseMonitor (JvmPauseMonitor.java:run(188)) - Starting JVM pause monitor
2023-02-16 22:42:59,175 [Listener at 127.0.0.1/41759] INFO  ozone.HddsDatanodeService (HddsDatanodeService.java:start(228)) - HddsDatanodeService host:fv-az571-511 ip:10.1.0.43
2023-02-16 22:42:59,183 [Datanode State Machine Task Thread - 0] INFO  datanode.InitDatanodeState (InitDatanodeState.java:persistContainerDatanodeDetails(138)) - DatanodeDetails is persisted to /home/runner/work/ozone/ozone/hadoop-ozone/integration-test/target/test-dir/MiniOzoneClusterImpl-e104f6e4-c147-46af-9a65-8b38e2aa4633/datanode-1/meta/datanode.id
2023-02-16 22:42:59,223 [Listener at 127.0.0.1/41759] INFO  upgrade.AbstractLayoutVersionManager (AbstractLayoutVersionManager.java:init(83)) - Initializing Layout version manager with metadata layout = DATANODE_SCHEMA_V3 (version = 4), software layout = DATANODE_SCHEMA_V3 (version = 4)
2023-02-16 22:42:59,291 [Listener at 127.0.0.1/41759] INFO  reflections.Reflections (Reflections.java:scan(232)) - Reflections took 64 ms to scan 7 urls, producing 150 keys and 362 values 
2023-02-16 22:42:59,296 [Listener at 127.0.0.1/41759] INFO  statemachine.DatanodeStateMachine (DatanodeStateMachine.java:getEndPointTaskThreadPoolSize(260)) - Datanode State Machine Task Thread Pool size 2
2023-02-16 22:42:59,311 [Listener at 127.0.0.1/41759] INFO  volume.HddsVolume (HddsVolume.java:<init>(122)) - Creating HddsVolume: /home/runner/work/ozone/ozone/hadoop-ozone/integration-test/target/test-dir/MiniOzoneClusterImpl-e104f6e4-c147-46af-9a65-8b38e2aa4633/datanode-2/data-0/containers/hdds of storage type : DISK capacity : 9223372036854775807
2023-02-16 22:42:59,312 [Listener at 127.0.0.1/41759] INFO  volume.MutableVolumeSet (MutableVolumeSet.java:initializeVolumeSet(174)) - Added Volume : /home/runner/work/ozone/ozone/hadoop-ozone/integration-test/target/test-dir/MiniOzoneClusterImpl-e104f6e4-c147-46af-9a65-8b38e2aa4633/datanode-2/data-0/containers/hdds to VolumeSet
2023-02-16 22:42:59,313 [Listener at 127.0.0.1/41759] INFO  volume.ThrottledAsyncChecker (ThrottledAsyncChecker.java:schedule(141)) - Scheduling a check for /home/runner/work/ozone/ozone/hadoop-ozone/integration-test/target/test-dir/MiniOzoneClusterImpl-e104f6e4-c147-46af-9a65-8b38e2aa4633/datanode-2/data-0/containers/hdds
2023-02-16 22:42:59,322 [Listener at 127.0.0.1/41759] INFO  volume.StorageVolumeChecker (StorageVolumeChecker.java:checkAllVolumes(202)) - Scheduled health check for volume /home/runner/work/ozone/ozone/hadoop-ozone/integration-test/target/test-dir/MiniOzoneClusterImpl-e104f6e4-c147-46af-9a65-8b38e2aa4633/datanode-2/data-0/containers/hdds
2023-02-16 22:42:59,337 [Listener at 127.0.0.1/41759] INFO  volume.MutableVolumeSet (MutableVolumeSet.java:initializeVolumeSet(174)) - Added Volume : /home/runner/work/ozone/ozone/hadoop-ozone/integration-test/target/test-dir/MiniOzoneClusterImpl-e104f6e4-c147-46af-9a65-8b38e2aa4633/datanode-2/data/ratis to VolumeSet
2023-02-16 22:42:59,337 [Listener at 127.0.0.1/41759] INFO  volume.ThrottledAsyncChecker (ThrottledAsyncChecker.java:schedule(141)) - Scheduling a check for /home/runner/work/ozone/ozone/hadoop-ozone/integration-test/target/test-dir/MiniOzoneClusterImpl-e104f6e4-c147-46af-9a65-8b38e2aa4633/datanode-2/data/ratis
2023-02-16 22:42:59,339 [Listener at 127.0.0.1/41759] INFO  volume.StorageVolumeChecker (StorageVolumeChecker.java:checkAllVolumes(202)) - Scheduled health check for volume /home/runner/work/ozone/ozone/hadoop-ozone/integration-test/target/test-dir/MiniOzoneClusterImpl-e104f6e4-c147-46af-9a65-8b38e2aa4633/datanode-2/data/ratis
2023-02-16 22:42:59,353 [Thread-166] INFO  ozoneimpl.ContainerReader (ContainerReader.java:readVolume(175)) - Finish verifying containers on volume /home/runner/work/ozone/ozone/hadoop-ozone/integration-test/target/test-dir/MiniOzoneClusterImpl-e104f6e4-c147-46af-9a65-8b38e2aa4633/datanode-2/data-0/containers/hdds
2023-02-16 22:42:59,353 [Listener at 127.0.0.1/41759] INFO  ozoneimpl.OzoneContainer (OzoneContainer.java:buildContainerSet(304)) - Build ContainerSet costs 0s
2023-02-16 22:42:59,360 [Listener at 127.0.0.1/41759] INFO  server.RaftServer (ConfUtils.java:logGet(46)) - raft.rpc.type = GRPC (default)
2023-02-16 22:42:59,361 [Listener at 127.0.0.1/41759] INFO  grpc.GrpcConfigKeys (ConfUtils.java:logFallback(53)) - raft.grpc.admin.host = null (fallback to raft.grpc.server.host)
2023-02-16 22:42:59,361 [Listener at 127.0.0.1/41759] INFO  grpc.GrpcConfigKeys (ConfUtils.java:logGet(46)) - raft.grpc.admin.port = 0 (custom)
2023-02-16 22:42:59,361 [Listener at 127.0.0.1/41759] INFO  grpc.GrpcConfigKeys (ConfUtils.java:logFallback(53)) - raft.grpc.client.host = null (fallback to raft.grpc.server.host)
2023-02-16 22:42:59,361 [Listener at 127.0.0.1/41759] INFO  grpc.GrpcConfigKeys (ConfUtils.java:logGet(46)) - raft.grpc.client.port = 0 (custom)
2023-02-16 22:42:59,361 [Listener at 127.0.0.1/41759] INFO  grpc.GrpcConfigKeys (ConfUtils.java:logGet(46)) - raft.grpc.server.host = null (default)
2023-02-16 22:42:59,362 [Listener at 127.0.0.1/41759] INFO  grpc.GrpcConfigKeys (ConfUtils.java:logGet(46)) - raft.grpc.server.port = 0 (default)
2023-02-16 22:42:59,362 [Listener at 127.0.0.1/41759] INFO  server.GrpcService (ConfUtils.java:logGet(46)) - raft.grpc.message.size.max = 32MB (=33554432) (custom)
2023-02-16 22:42:59,362 [Listener at 127.0.0.1/41759] INFO  server.RaftServerConfigKeys (ConfUtils.java:logGet(46)) - raft.server.log.appender.buffer.byte-limit = 33554432 (custom)
2023-02-16 22:42:59,362 [Listener at 127.0.0.1/41759] INFO  server.GrpcService (ConfUtils.java:logGet(46)) - raft.grpc.flow.control.window = 5MB (=5242880) (custom)
2023-02-16 22:42:59,363 [Listener at 127.0.0.1/41759] INFO  server.RaftServerConfigKeys (ConfUtils.java:logGet(46)) - raft.server.rpc.request.timeout = 3000ms (default)
2023-02-16 22:42:59,363 [Listener at 127.0.0.1/41759] INFO  grpc.GrpcConfigKeys (ConfUtils.java:logGet(46)) - raft.grpc.server.heartbeat.channel = true (default)
2023-02-16 22:42:59,363 [Listener at 127.0.0.1/41759] INFO  grpc.GrpcConfigKeys (ConfUtils.java:logGet(46)) - raft.grpc.server.async.request.thread.pool.cached = true (default)
2023-02-16 22:42:59,363 [Listener at 127.0.0.1/41759] INFO  grpc.GrpcConfigKeys (ConfUtils.java:logGet(46)) - raft.grpc.server.async.request.thread.pool.size = 32 (default)
2023-02-16 22:42:59,365 [Listener at 127.0.0.1/41759] INFO  impl.DataStreamServerImpl (ConfUtils.java:logGet(46)) - raft.datastream.type = NETTY (custom)
2023-02-16 22:42:59,365 [Listener at 127.0.0.1/41759] INFO  server.RaftServerConfigKeys (ConfUtils.java:logGet(46)) - raft.server.data-stream.async.request.thread.pool.cached = false (default)
2023-02-16 22:42:59,366 [Listener at 127.0.0.1/41759] INFO  server.RaftServerConfigKeys (ConfUtils.java:logGet(46)) - raft.server.data-stream.async.request.thread.pool.size = 20 (custom)
2023-02-16 22:42:59,366 [Listener at 127.0.0.1/41759] INFO  server.RaftServerConfigKeys (ConfUtils.java:logGet(46)) - raft.server.data-stream.async.write.thread.pool.size = 16 (default)
2023-02-16 22:42:59,366 [Listener at 127.0.0.1/41759] INFO  server.RaftServerConfigKeys (ConfUtils.java:logGet(46)) - raft.server.data-stream.client.pool.size = 10 (default)
2023-02-16 22:42:59,366 [Listener at 127.0.0.1/41759] INFO  netty.NettyConfigKeys$DataStream (ConfUtils.java:logGet(46)) - raft.netty.dataStream.server.use-epoll = false (default)
2023-02-16 22:42:59,366 [Listener at 127.0.0.1/41759] INFO  netty.NettyConfigKeys$DataStream (ConfUtils.java:logGet(46)) - raft.netty.dataStream.server.boss-group.size = 0 (default)
2023-02-16 22:42:59,367 [Listener at 127.0.0.1/41759] INFO  netty.NettyConfigKeys$DataStream (ConfUtils.java:logGet(46)) - raft.netty.dataStream.server.worker-group.size = 0 (default)
2023-02-16 22:42:59,367 [Listener at 127.0.0.1/41759] INFO  netty.NettyConfigKeys$DataStream (ConfUtils.java:logGet(46)) - raft.netty.dataStream.server.tls.conf = null (default)
2023-02-16 22:42:59,367 [Listener at 127.0.0.1/41759] INFO  netty.NettyConfigKeys$DataStream (ConfUtils.java:logGet(46)) - raft.netty.dataStream.host = null (default)
2023-02-16 22:42:59,368 [Listener at 127.0.0.1/41759] INFO  netty.NettyConfigKeys$DataStream (ConfUtils.java:logGet(46)) - raft.netty.dataStream.port = 0 (default)
2023-02-16 22:42:59,368 [Listener at 127.0.0.1/41759] INFO  server.RaftServerConfigKeys (ConfUtils.java:logGet(46)) - raft.server.threadpool.proxy.cached = true (default)
2023-02-16 22:42:59,368 [Listener at 127.0.0.1/41759] INFO  server.RaftServerConfigKeys (ConfUtils.java:logGet(46)) - raft.server.threadpool.proxy.size = 0 (default)
2023-02-16 22:42:59,369 [Listener at 127.0.0.1/41759] INFO  server.RaftServerConfigKeys (ConfUtils.java:logGet(46)) - raft.server.rpc.slowness.timeout = 300000ms (custom)
2023-02-16 22:42:59,369 [Listener at 127.0.0.1/41759] INFO  server.RaftServerConfigKeys (ConfUtils.java:logGet(46)) - raft.server.leaderelection.leader.step-down.wait-time = 10s (default)
2023-02-16 22:42:59,369 [Listener at 127.0.0.1/41759] INFO  server.RaftServerConfigKeys (ConfUtils.java:logGet(46)) - raft.server.storage.dir = [/home/runner/work/ozone/ozone/hadoop-ozone/integration-test/target/test-dir/MiniOzoneClusterImpl-e104f6e4-c147-46af-9a65-8b38e2aa4633/datanode-2/data/ratis] (custom)
2023-02-16 22:42:59,375 [d47a9118-a689-402c-b263-2bea1a811f25-NettyServerStreamRpc-bossGroup--thread1] INFO  logging.LoggingHandler (AbstractInternalLogger.java:log(148)) - [id: 0xb29d808f] REGISTERED
2023-02-16 22:42:59,376 [d47a9118-a689-402c-b263-2bea1a811f25-NettyServerStreamRpc-bossGroup--thread1] INFO  logging.LoggingHandler (AbstractInternalLogger.java:log(148)) - [id: 0xb29d808f] BIND: 0.0.0.0/0.0.0.0:0
2023-02-16 22:42:59,376 [d47a9118-a689-402c-b263-2bea1a811f25-NettyServerStreamRpc-bossGroup--thread1] INFO  logging.LoggingHandler (AbstractInternalLogger.java:log(148)) - [id: 0xb29d808f, L:/0:0:0:0:0:0:0:0:38769] ACTIVE
2023-02-16 22:42:59,379 [Listener at 127.0.0.1/41759] INFO  server.XceiverServerGrpc (XceiverServerGrpc.java:<init>(132)) - GrpcServer channel type EpollServerSocketChannel
2023-02-16 22:42:59,390 [Listener at 127.0.0.1/41759] INFO  http.BaseHttpServer (BaseHttpServer.java:newHttpServer2BuilderForOzone(213)) - Starting Web-server for hddsDatanode at: http://0.0.0.0:0
2023-02-16 22:42:59,391 [Listener at 127.0.0.1/41759] INFO  http.BaseHttpServer (BaseHttpServer.java:<init>(108)) - Hadoop Security Enabled: false Ozone Security Enabled: false Ozone HTTP Security Enabled: false 
2023-02-16 22:42:59,392 [Listener at 127.0.0.1/41759] WARN  server.AuthenticationFilter (AuthenticationFilter.java:constructSecretProvider(240)) - Unable to initialize FileSignerSecretProvider, falling back to use random secrets. Reason: Could not read signature secret file: /home/runner/hadoop-http-auth-signature-secret
2023-02-16 22:42:59,393 [Listener at 127.0.0.1/41759] WARN  http.HttpRequestLog (HttpRequestLog.java:getRequestLog(103)) - Jetty request log can only be enabled using Log4j
2023-02-16 22:42:59,395 [Listener at 127.0.0.1/41759] INFO  http.HttpServer2 (HttpServer2.java:addGlobalFilter(1031)) - Added global filter 'safety' (class=org.apache.hadoop.hdds.server.http.HttpServer2$QuotingInputFilter)
2023-02-16 22:42:59,395 [Listener at 127.0.0.1/41759] INFO  http.HttpServer2 (HttpServer2.java:addFilter(1007)) - Added filter static_user_filter (class=org.apache.hadoop.http.lib.StaticUserWebFilter$StaticUserFilter) to context hddsDatanode
2023-02-16 22:42:59,396 [Listener at 127.0.0.1/41759] INFO  http.HttpServer2 (HttpServer2.java:addFilter(1015)) - Added filter static_user_filter (class=org.apache.hadoop.http.lib.StaticUserWebFilter$StaticUserFilter) to context static
2023-02-16 22:42:59,396 [Listener at 127.0.0.1/41759] INFO  http.HttpServer2 (HttpServer2.java:addFilter(1015)) - Added filter static_user_filter (class=org.apache.hadoop.http.lib.StaticUserWebFilter$StaticUserFilter) to context logs
2023-02-16 22:42:59,396 [Listener at 127.0.0.1/41759] INFO  http.HttpServer2 (HttpServer2.java:bindListener(1250)) - Jetty bound to port 34071
2023-02-16 22:42:59,397 [Listener at 127.0.0.1/41759] INFO  server.Server (Server.java:doStart(375)) - jetty-9.4.49.v20220914; built: 2022-09-14T01:07:36.601Z; git: 4231a3b2e4cb8548a412a789936d640a97b1aa0a; jvm 1.8.0_362-b09
2023-02-16 22:42:59,398 [Listener at 127.0.0.1/41759] INFO  server.session (DefaultSessionIdManager.java:doStart(334)) - DefaultSessionIdManager workerName=node0
2023-02-16 22:42:59,398 [Listener at 127.0.0.1/41759] INFO  server.session (DefaultSessionIdManager.java:doStart(339)) - No SessionScavenger set, using defaults
2023-02-16 22:42:59,398 [Listener at 127.0.0.1/41759] INFO  server.session (HouseKeeper.java:startScavenging(132)) - node0 Scavenging every 660000ms
2023-02-16 22:42:59,399 [Listener at 127.0.0.1/41759] INFO  handler.ContextHandler (ContextHandler.java:doStart(921)) - Started o.e.j.s.ServletContextHandler@30bffa35{logs,/logs,file:///home/runner/work/ozone/ozone/hadoop-ozone/integration-test/target/log,AVAILABLE}
2023-02-16 22:42:59,400 [Listener at 127.0.0.1/41759] INFO  handler.ContextHandler (ContextHandler.java:doStart(921)) - Started o.e.j.s.ServletContextHandler@6de70de2{static,/static,jar:file:/home/runner/.m2/repository/org/apache/ozone/hdds-container-service/1.4.0-SNAPSHOT/hdds-container-service-1.4.0-SNAPSHOT.jar!/webapps/static,AVAILABLE}
2023-02-16 22:42:59,623 [Listener at 127.0.0.1/41759] INFO  handler.ContextHandler (ContextHandler.java:doStart(921)) - Started o.e.j.w.WebAppContext@450f1492{hddsDatanode,/,file:///tmp/jetty-0_0_0_0-34071-hdds-container-service-1_4_0-SNAPSHOT_jar-_-any-1422743700430537161/webapp/,AVAILABLE}{jar:file:/home/runner/.m2/repository/org/apache/ozone/hdds-container-service/1.4.0-SNAPSHOT/hdds-container-service-1.4.0-SNAPSHOT.jar!/webapps/hddsDatanode}
2023-02-16 22:42:59,625 [Listener at 127.0.0.1/41759] INFO  server.AbstractConnector (AbstractConnector.java:doStart(333)) - Started ServerConnector@2f568a26{HTTP/1.1, (http/1.1)}{0.0.0.0:34071}
2023-02-16 22:42:59,625 [Listener at 127.0.0.1/41759] INFO  server.Server (Server.java:doStart(415)) - Started @11422ms
2023-02-16 22:42:59,626 [Listener at 127.0.0.1/41759] WARN  impl.MetricsSystemImpl (MetricsSystemImpl.java:register(279)) - Sink prometheus already exists!
2023-02-16 22:42:59,628 [Listener at 127.0.0.1/41759] INFO  http.BaseHttpServer (BaseHttpServer.java:updateConnectorAddress(333)) - HTTP server of hddsDatanode listening at http://0.0.0.0:34071
2023-02-16 22:42:59,629 [Datanode State Machine Daemon Thread] INFO  statemachine.DatanodeStateMachine (DatanodeStateMachine.java:lambda$startDaemon$0(516)) - Ozone container server started.
2023-02-16 22:42:59,629 [Listener at 127.0.0.1/41759] WARN  impl.MetricRegistriesImpl (MetricRegistriesImpl.java:addReporterRegistration(111)) - New reporters are added after registries were created. Some metrics will be missing from the reporter. Please add reporter before adding any new registry.
2023-02-16 22:42:59,635 [Listener at 127.0.0.1/41759] WARN  impl.MetricRegistriesImpl (MetricRegistriesImpl.java:addReporterRegistration(111)) - New reporters are added after registries were created. Some metrics will be missing from the reporter. Please add reporter before adding any new registry.
2023-02-16 22:42:59,635 [Listener at 127.0.0.1/41759] INFO  impl.MetricsSystemImpl (MetricsSystemImpl.java:init(158)) - HddsDatanode metrics system started (again)
2023-02-16 22:42:59,643 [org.apache.hadoop.util.JvmPauseMonitor$Monitor@15c44177] INFO  util.JvmPauseMonitor (JvmPauseMonitor.java:run(188)) - Starting JVM pause monitor
2023-02-16 22:42:59,650 [Listener at 127.0.0.1/41759] INFO  ozone.HddsDatanodeService (HddsDatanodeService.java:start(228)) - HddsDatanodeService host:fv-az571-511 ip:10.1.0.43
2023-02-16 22:42:59,650 [Datanode State Machine Task Thread - 0] INFO  datanode.InitDatanodeState (InitDatanodeState.java:persistContainerDatanodeDetails(138)) - DatanodeDetails is persisted to /home/runner/work/ozone/ozone/hadoop-ozone/integration-test/target/test-dir/MiniOzoneClusterImpl-e104f6e4-c147-46af-9a65-8b38e2aa4633/datanode-2/meta/datanode.id
2023-02-16 22:42:59,684 [Listener at 127.0.0.1/41759] INFO  upgrade.AbstractLayoutVersionManager (AbstractLayoutVersionManager.java:init(83)) - Initializing Layout version manager with metadata layout = DATANODE_SCHEMA_V3 (version = 4), software layout = DATANODE_SCHEMA_V3 (version = 4)
2023-02-16 22:42:59,753 [Listener at 127.0.0.1/41759] INFO  reflections.Reflections (Reflections.java:scan(232)) - Reflections took 59 ms to scan 7 urls, producing 150 keys and 362 values 
2023-02-16 22:42:59,760 [Listener at 127.0.0.1/41759] INFO  statemachine.DatanodeStateMachine (DatanodeStateMachine.java:getEndPointTaskThreadPoolSize(260)) - Datanode State Machine Task Thread Pool size 2
2023-02-16 22:42:59,763 [Listener at 127.0.0.1/41759] INFO  volume.HddsVolume (HddsVolume.java:<init>(122)) - Creating HddsVolume: /home/runner/work/ozone/ozone/hadoop-ozone/integration-test/target/test-dir/MiniOzoneClusterImpl-e104f6e4-c147-46af-9a65-8b38e2aa4633/datanode-3/data-0/containers/hdds of storage type : DISK capacity : 9223372036854775807
2023-02-16 22:42:59,763 [Listener at 127.0.0.1/41759] INFO  volume.MutableVolumeSet (MutableVolumeSet.java:initializeVolumeSet(174)) - Added Volume : /home/runner/work/ozone/ozone/hadoop-ozone/integration-test/target/test-dir/MiniOzoneClusterImpl-e104f6e4-c147-46af-9a65-8b38e2aa4633/datanode-3/data-0/containers/hdds to VolumeSet
2023-02-16 22:42:59,763 [Listener at 127.0.0.1/41759] INFO  volume.ThrottledAsyncChecker (ThrottledAsyncChecker.java:schedule(141)) - Scheduling a check for /home/runner/work/ozone/ozone/hadoop-ozone/integration-test/target/test-dir/MiniOzoneClusterImpl-e104f6e4-c147-46af-9a65-8b38e2aa4633/datanode-3/data-0/containers/hdds
2023-02-16 22:42:59,769 [Listener at 127.0.0.1/41759] INFO  volume.StorageVolumeChecker (StorageVolumeChecker.java:checkAllVolumes(202)) - Scheduled health check for volume /home/runner/work/ozone/ozone/hadoop-ozone/integration-test/target/test-dir/MiniOzoneClusterImpl-e104f6e4-c147-46af-9a65-8b38e2aa4633/datanode-3/data-0/containers/hdds
2023-02-16 22:42:59,784 [Listener at 127.0.0.1/41759] INFO  volume.MutableVolumeSet (MutableVolumeSet.java:initializeVolumeSet(174)) - Added Volume : /home/runner/work/ozone/ozone/hadoop-ozone/integration-test/target/test-dir/MiniOzoneClusterImpl-e104f6e4-c147-46af-9a65-8b38e2aa4633/datanode-3/data/ratis to VolumeSet
2023-02-16 22:42:59,784 [Listener at 127.0.0.1/41759] INFO  volume.ThrottledAsyncChecker (ThrottledAsyncChecker.java:schedule(141)) - Scheduling a check for /home/runner/work/ozone/ozone/hadoop-ozone/integration-test/target/test-dir/MiniOzoneClusterImpl-e104f6e4-c147-46af-9a65-8b38e2aa4633/datanode-3/data/ratis
2023-02-16 22:42:59,784 [Listener at 127.0.0.1/41759] INFO  volume.StorageVolumeChecker (StorageVolumeChecker.java:checkAllVolumes(202)) - Scheduled health check for volume /home/runner/work/ozone/ozone/hadoop-ozone/integration-test/target/test-dir/MiniOzoneClusterImpl-e104f6e4-c147-46af-9a65-8b38e2aa4633/datanode-3/data/ratis
2023-02-16 22:42:59,801 [Thread-180] INFO  ozoneimpl.ContainerReader (ContainerReader.java:readVolume(175)) - Finish verifying containers on volume /home/runner/work/ozone/ozone/hadoop-ozone/integration-test/target/test-dir/MiniOzoneClusterImpl-e104f6e4-c147-46af-9a65-8b38e2aa4633/datanode-3/data-0/containers/hdds
2023-02-16 22:42:59,801 [Listener at 127.0.0.1/41759] INFO  ozoneimpl.OzoneContainer (OzoneContainer.java:buildContainerSet(304)) - Build ContainerSet costs 0s
2023-02-16 22:42:59,807 [Listener at 127.0.0.1/41759] INFO  server.RaftServer (ConfUtils.java:logGet(46)) - raft.rpc.type = GRPC (default)
2023-02-16 22:42:59,807 [Listener at 127.0.0.1/41759] INFO  grpc.GrpcConfigKeys (ConfUtils.java:logFallback(53)) - raft.grpc.admin.host = null (fallback to raft.grpc.server.host)
2023-02-16 22:42:59,807 [Listener at 127.0.0.1/41759] INFO  grpc.GrpcConfigKeys (ConfUtils.java:logGet(46)) - raft.grpc.admin.port = 0 (custom)
2023-02-16 22:42:59,807 [Listener at 127.0.0.1/41759] INFO  grpc.GrpcConfigKeys (ConfUtils.java:logFallback(53)) - raft.grpc.client.host = null (fallback to raft.grpc.server.host)
2023-02-16 22:42:59,808 [Listener at 127.0.0.1/41759] INFO  grpc.GrpcConfigKeys (ConfUtils.java:logGet(46)) - raft.grpc.client.port = 0 (custom)
2023-02-16 22:42:59,808 [Listener at 127.0.0.1/41759] INFO  grpc.GrpcConfigKeys (ConfUtils.java:logGet(46)) - raft.grpc.server.host = null (default)
2023-02-16 22:42:59,808 [Listener at 127.0.0.1/41759] INFO  grpc.GrpcConfigKeys (ConfUtils.java:logGet(46)) - raft.grpc.server.port = 0 (default)
2023-02-16 22:42:59,808 [Listener at 127.0.0.1/41759] INFO  server.GrpcService (ConfUtils.java:logGet(46)) - raft.grpc.message.size.max = 32MB (=33554432) (custom)
2023-02-16 22:42:59,809 [Listener at 127.0.0.1/41759] INFO  server.RaftServerConfigKeys (ConfUtils.java:logGet(46)) - raft.server.log.appender.buffer.byte-limit = 33554432 (custom)
2023-02-16 22:42:59,809 [Listener at 127.0.0.1/41759] INFO  server.GrpcService (ConfUtils.java:logGet(46)) - raft.grpc.flow.control.window = 5MB (=5242880) (custom)
2023-02-16 22:42:59,809 [Listener at 127.0.0.1/41759] INFO  server.RaftServerConfigKeys (ConfUtils.java:logGet(46)) - raft.server.rpc.request.timeout = 3000ms (default)
2023-02-16 22:42:59,810 [Listener at 127.0.0.1/41759] INFO  grpc.GrpcConfigKeys (ConfUtils.java:logGet(46)) - raft.grpc.server.heartbeat.channel = true (default)
2023-02-16 22:42:59,810 [Listener at 127.0.0.1/41759] INFO  grpc.GrpcConfigKeys (ConfUtils.java:logGet(46)) - raft.grpc.server.async.request.thread.pool.cached = true (default)
2023-02-16 22:42:59,810 [Listener at 127.0.0.1/41759] INFO  grpc.GrpcConfigKeys (ConfUtils.java:logGet(46)) - raft.grpc.server.async.request.thread.pool.size = 32 (default)
2023-02-16 22:42:59,811 [Listener at 127.0.0.1/41759] INFO  impl.DataStreamServerImpl (ConfUtils.java:logGet(46)) - raft.datastream.type = NETTY (custom)
2023-02-16 22:42:59,815 [Listener at 127.0.0.1/41759] INFO  server.RaftServerConfigKeys (ConfUtils.java:logGet(46)) - raft.server.data-stream.async.request.thread.pool.cached = false (default)
2023-02-16 22:42:59,816 [Listener at 127.0.0.1/41759] INFO  server.RaftServerConfigKeys (ConfUtils.java:logGet(46)) - raft.server.data-stream.async.request.thread.pool.size = 20 (custom)
2023-02-16 22:42:59,816 [Listener at 127.0.0.1/41759] INFO  server.RaftServerConfigKeys (ConfUtils.java:logGet(46)) - raft.server.data-stream.async.write.thread.pool.size = 16 (default)
2023-02-16 22:42:59,816 [Listener at 127.0.0.1/41759] INFO  server.RaftServerConfigKeys (ConfUtils.java:logGet(46)) - raft.server.data-stream.client.pool.size = 10 (default)
2023-02-16 22:42:59,816 [Listener at 127.0.0.1/41759] INFO  netty.NettyConfigKeys$DataStream (ConfUtils.java:logGet(46)) - raft.netty.dataStream.server.use-epoll = false (default)
2023-02-16 22:42:59,817 [Listener at 127.0.0.1/41759] INFO  netty.NettyConfigKeys$DataStream (ConfUtils.java:logGet(46)) - raft.netty.dataStream.server.boss-group.size = 0 (default)
2023-02-16 22:42:59,817 [Listener at 127.0.0.1/41759] INFO  netty.NettyConfigKeys$DataStream (ConfUtils.java:logGet(46)) - raft.netty.dataStream.server.worker-group.size = 0 (default)
2023-02-16 22:42:59,820 [Listener at 127.0.0.1/41759] INFO  netty.NettyConfigKeys$DataStream (ConfUtils.java:logGet(46)) - raft.netty.dataStream.server.tls.conf = null (default)
2023-02-16 22:42:59,820 [Listener at 127.0.0.1/41759] INFO  netty.NettyConfigKeys$DataStream (ConfUtils.java:logGet(46)) - raft.netty.dataStream.host = null (default)
2023-02-16 22:42:59,820 [Listener at 127.0.0.1/41759] INFO  netty.NettyConfigKeys$DataStream (ConfUtils.java:logGet(46)) - raft.netty.dataStream.port = 0 (default)
2023-02-16 22:42:59,825 [Listener at 127.0.0.1/41759] INFO  server.RaftServerConfigKeys (ConfUtils.java:logGet(46)) - raft.server.threadpool.proxy.cached = true (default)
2023-02-16 22:42:59,830 [Listener at 127.0.0.1/41759] INFO  server.RaftServerConfigKeys (ConfUtils.java:logGet(46)) - raft.server.threadpool.proxy.size = 0 (default)
2023-02-16 22:42:59,831 [Listener at 127.0.0.1/41759] INFO  server.RaftServerConfigKeys (ConfUtils.java:logGet(46)) - raft.server.rpc.slowness.timeout = 300000ms (custom)
2023-02-16 22:42:59,831 [Listener at 127.0.0.1/41759] INFO  server.RaftServerConfigKeys (ConfUtils.java:logGet(46)) - raft.server.leaderelection.leader.step-down.wait-time = 10s (default)
2023-02-16 22:42:59,831 [Listener at 127.0.0.1/41759] INFO  server.RaftServerConfigKeys (ConfUtils.java:logGet(46)) - raft.server.storage.dir = [/home/runner/work/ozone/ozone/hadoop-ozone/integration-test/target/test-dir/MiniOzoneClusterImpl-e104f6e4-c147-46af-9a65-8b38e2aa4633/datanode-3/data/ratis] (custom)
2023-02-16 22:42:59,852 [Listener at 127.0.0.1/41759] INFO  server.XceiverServerGrpc (XceiverServerGrpc.java:<init>(132)) - GrpcServer channel type EpollServerSocketChannel
2023-02-16 22:42:59,855 [85dc0855-ecf4-4edb-b404-0334ac503e71-NettyServerStreamRpc-bossGroup--thread1] INFO  logging.LoggingHandler (AbstractInternalLogger.java:log(148)) - [id: 0x8cff3c16] REGISTERED
2023-02-16 22:42:59,855 [85dc0855-ecf4-4edb-b404-0334ac503e71-NettyServerStreamRpc-bossGroup--thread1] INFO  logging.LoggingHandler (AbstractInternalLogger.java:log(148)) - [id: 0x8cff3c16] BIND: 0.0.0.0/0.0.0.0:0
2023-02-16 22:42:59,855 [85dc0855-ecf4-4edb-b404-0334ac503e71-NettyServerStreamRpc-bossGroup--thread1] INFO  logging.LoggingHandler (AbstractInternalLogger.java:log(148)) - [id: 0x8cff3c16, L:/0:0:0:0:0:0:0:0:33181] ACTIVE
2023-02-16 22:42:59,862 [Listener at 127.0.0.1/41759] INFO  http.BaseHttpServer (BaseHttpServer.java:newHttpServer2BuilderForOzone(213)) - Starting Web-server for hddsDatanode at: http://0.0.0.0:0
2023-02-16 22:42:59,862 [Listener at 127.0.0.1/41759] INFO  http.BaseHttpServer (BaseHttpServer.java:<init>(108)) - Hadoop Security Enabled: false Ozone Security Enabled: false Ozone HTTP Security Enabled: false 
2023-02-16 22:42:59,864 [Listener at 127.0.0.1/41759] WARN  server.AuthenticationFilter (AuthenticationFilter.java:constructSecretProvider(240)) - Unable to initialize FileSignerSecretProvider, falling back to use random secrets. Reason: Could not read signature secret file: /home/runner/hadoop-http-auth-signature-secret
2023-02-16 22:42:59,865 [Listener at 127.0.0.1/41759] WARN  http.HttpRequestLog (HttpRequestLog.java:getRequestLog(103)) - Jetty request log can only be enabled using Log4j
2023-02-16 22:42:59,867 [Listener at 127.0.0.1/41759] INFO  http.HttpServer2 (HttpServer2.java:addGlobalFilter(1031)) - Added global filter 'safety' (class=org.apache.hadoop.hdds.server.http.HttpServer2$QuotingInputFilter)
2023-02-16 22:42:59,868 [Listener at 127.0.0.1/41759] INFO  http.HttpServer2 (HttpServer2.java:addFilter(1007)) - Added filter static_user_filter (class=org.apache.hadoop.http.lib.StaticUserWebFilter$StaticUserFilter) to context hddsDatanode
2023-02-16 22:42:59,868 [Listener at 127.0.0.1/41759] INFO  http.HttpServer2 (HttpServer2.java:addFilter(1015)) - Added filter static_user_filter (class=org.apache.hadoop.http.lib.StaticUserWebFilter$StaticUserFilter) to context static
2023-02-16 22:42:59,869 [Listener at 127.0.0.1/41759] INFO  http.HttpServer2 (HttpServer2.java:addFilter(1015)) - Added filter static_user_filter (class=org.apache.hadoop.http.lib.StaticUserWebFilter$StaticUserFilter) to context logs
2023-02-16 22:42:59,871 [Listener at 127.0.0.1/41759] INFO  http.HttpServer2 (HttpServer2.java:bindListener(1250)) - Jetty bound to port 35587
2023-02-16 22:42:59,871 [Listener at 127.0.0.1/41759] INFO  server.Server (Server.java:doStart(375)) - jetty-9.4.49.v20220914; built: 2022-09-14T01:07:36.601Z; git: 4231a3b2e4cb8548a412a789936d640a97b1aa0a; jvm 1.8.0_362-b09
2023-02-16 22:42:59,879 [Listener at 127.0.0.1/41759] INFO  server.session (DefaultSessionIdManager.java:doStart(334)) - DefaultSessionIdManager workerName=node0
2023-02-16 22:42:59,879 [Listener at 127.0.0.1/41759] INFO  server.session (DefaultSessionIdManager.java:doStart(339)) - No SessionScavenger set, using defaults
2023-02-16 22:42:59,879 [Listener at 127.0.0.1/41759] INFO  server.session (HouseKeeper.java:startScavenging(132)) - node0 Scavenging every 600000ms
2023-02-16 22:42:59,880 [Listener at 127.0.0.1/41759] INFO  handler.ContextHandler (ContextHandler.java:doStart(921)) - Started o.e.j.s.ServletContextHandler@307997a4{logs,/logs,file:///home/runner/work/ozone/ozone/hadoop-ozone/integration-test/target/log,AVAILABLE}
2023-02-16 22:42:59,880 [Listener at 127.0.0.1/41759] INFO  handler.ContextHandler (ContextHandler.java:doStart(921)) - Started o.e.j.s.ServletContextHandler@51d9be0b{static,/static,jar:file:/home/runner/.m2/repository/org/apache/ozone/hdds-container-service/1.4.0-SNAPSHOT/hdds-container-service-1.4.0-SNAPSHOT.jar!/webapps/static,AVAILABLE}
2023-02-16 22:43:00,098 [Listener at 127.0.0.1/41759] INFO  handler.ContextHandler (ContextHandler.java:doStart(921)) - Started o.e.j.w.WebAppContext@44992585{hddsDatanode,/,file:///tmp/jetty-0_0_0_0-35587-hdds-container-service-1_4_0-SNAPSHOT_jar-_-any-5694331284262120655/webapp/,AVAILABLE}{jar:file:/home/runner/.m2/repository/org/apache/ozone/hdds-container-service/1.4.0-SNAPSHOT/hdds-container-service-1.4.0-SNAPSHOT.jar!/webapps/hddsDatanode}
2023-02-16 22:43:00,100 [Listener at 127.0.0.1/41759] INFO  server.AbstractConnector (AbstractConnector.java:doStart(333)) - Started ServerConnector@16c58781{HTTP/1.1, (http/1.1)}{0.0.0.0:35587}
2023-02-16 22:43:00,100 [Listener at 127.0.0.1/41759] INFO  server.Server (Server.java:doStart(415)) - Started @11897ms
2023-02-16 22:43:00,100 [Listener at 127.0.0.1/41759] WARN  impl.MetricsSystemImpl (MetricsSystemImpl.java:register(279)) - Sink prometheus already exists!
2023-02-16 22:43:00,101 [Listener at 127.0.0.1/41759] INFO  http.BaseHttpServer (BaseHttpServer.java:updateConnectorAddress(333)) - HTTP server of hddsDatanode listening at http://0.0.0.0:35587
2023-02-16 22:43:00,109 [Listener at 127.0.0.1/41759] WARN  impl.MetricRegistriesImpl (MetricRegistriesImpl.java:addReporterRegistration(111)) - New reporters are added after registries were created. Some metrics will be missing from the reporter. Please add reporter before adding any new registry.
2023-02-16 22:43:00,109 [Datanode State Machine Daemon Thread] INFO  statemachine.DatanodeStateMachine (DatanodeStateMachine.java:lambda$startDaemon$0(516)) - Ozone container server started.
2023-02-16 22:43:00,109 [Listener at 127.0.0.1/41759] WARN  impl.MetricRegistriesImpl (MetricRegistriesImpl.java:addReporterRegistration(111)) - New reporters are added after registries were created. Some metrics will be missing from the reporter. Please add reporter before adding any new registry.
2023-02-16 22:43:00,110 [Listener at 127.0.0.1/41759] INFO  impl.MetricsSystemImpl (MetricsSystemImpl.java:init(158)) - HddsDatanode metrics system started (again)
2023-02-16 22:43:00,121 [org.apache.hadoop.util.JvmPauseMonitor$Monitor@706487bf] INFO  util.JvmPauseMonitor (JvmPauseMonitor.java:run(188)) - Starting JVM pause monitor
2023-02-16 22:43:00,125 [Listener at 127.0.0.1/41759] INFO  ozone.HddsDatanodeService (HddsDatanodeService.java:start(228)) - HddsDatanodeService host:fv-az571-511 ip:10.1.0.43
2023-02-16 22:43:00,128 [Datanode State Machine Task Thread - 0] INFO  datanode.InitDatanodeState (InitDatanodeState.java:persistContainerDatanodeDetails(138)) - DatanodeDetails is persisted to /home/runner/work/ozone/ozone/hadoop-ozone/integration-test/target/test-dir/MiniOzoneClusterImpl-e104f6e4-c147-46af-9a65-8b38e2aa4633/datanode-3/meta/datanode.id
2023-02-16 22:43:00,165 [Listener at 127.0.0.1/41759] INFO  upgrade.AbstractLayoutVersionManager (AbstractLayoutVersionManager.java:init(83)) - Initializing Layout version manager with metadata layout = DATANODE_SCHEMA_V3 (version = 4), software layout = DATANODE_SCHEMA_V3 (version = 4)
2023-02-16 22:43:00,218 [Listener at 127.0.0.1/41759] INFO  reflections.Reflections (Reflections.java:scan(232)) - Reflections took 51 ms to scan 7 urls, producing 150 keys and 362 values 
2023-02-16 22:43:00,220 [Listener at 127.0.0.1/41759] INFO  statemachine.DatanodeStateMachine (DatanodeStateMachine.java:getEndPointTaskThreadPoolSize(260)) - Datanode State Machine Task Thread Pool size 2
2023-02-16 22:43:00,222 [Listener at 127.0.0.1/41759] INFO  volume.HddsVolume (HddsVolume.java:<init>(122)) - Creating HddsVolume: /home/runner/work/ozone/ozone/hadoop-ozone/integration-test/target/test-dir/MiniOzoneClusterImpl-e104f6e4-c147-46af-9a65-8b38e2aa4633/datanode-4/data-0/containers/hdds of storage type : DISK capacity : 9223372036854775807
2023-02-16 22:43:00,223 [Listener at 127.0.0.1/41759] INFO  volume.MutableVolumeSet (MutableVolumeSet.java:initializeVolumeSet(174)) - Added Volume : /home/runner/work/ozone/ozone/hadoop-ozone/integration-test/target/test-dir/MiniOzoneClusterImpl-e104f6e4-c147-46af-9a65-8b38e2aa4633/datanode-4/data-0/containers/hdds to VolumeSet
2023-02-16 22:43:00,223 [Listener at 127.0.0.1/41759] INFO  volume.ThrottledAsyncChecker (ThrottledAsyncChecker.java:schedule(141)) - Scheduling a check for /home/runner/work/ozone/ozone/hadoop-ozone/integration-test/target/test-dir/MiniOzoneClusterImpl-e104f6e4-c147-46af-9a65-8b38e2aa4633/datanode-4/data-0/containers/hdds
2023-02-16 22:43:00,229 [Listener at 127.0.0.1/41759] INFO  volume.StorageVolumeChecker (StorageVolumeChecker.java:checkAllVolumes(202)) - Scheduled health check for volume /home/runner/work/ozone/ozone/hadoop-ozone/integration-test/target/test-dir/MiniOzoneClusterImpl-e104f6e4-c147-46af-9a65-8b38e2aa4633/datanode-4/data-0/containers/hdds
2023-02-16 22:43:00,242 [Listener at 127.0.0.1/41759] INFO  volume.MutableVolumeSet (MutableVolumeSet.java:initializeVolumeSet(174)) - Added Volume : /home/runner/work/ozone/ozone/hadoop-ozone/integration-test/target/test-dir/MiniOzoneClusterImpl-e104f6e4-c147-46af-9a65-8b38e2aa4633/datanode-4/data/ratis to VolumeSet
2023-02-16 22:43:00,242 [Listener at 127.0.0.1/41759] INFO  volume.ThrottledAsyncChecker (ThrottledAsyncChecker.java:schedule(141)) - Scheduling a check for /home/runner/work/ozone/ozone/hadoop-ozone/integration-test/target/test-dir/MiniOzoneClusterImpl-e104f6e4-c147-46af-9a65-8b38e2aa4633/datanode-4/data/ratis
2023-02-16 22:43:00,242 [Listener at 127.0.0.1/41759] INFO  volume.StorageVolumeChecker (StorageVolumeChecker.java:checkAllVolumes(202)) - Scheduled health check for volume /home/runner/work/ozone/ozone/hadoop-ozone/integration-test/target/test-dir/MiniOzoneClusterImpl-e104f6e4-c147-46af-9a65-8b38e2aa4633/datanode-4/data/ratis
2023-02-16 22:43:00,254 [Thread-194] INFO  ozoneimpl.ContainerReader (ContainerReader.java:readVolume(175)) - Finish verifying containers on volume /home/runner/work/ozone/ozone/hadoop-ozone/integration-test/target/test-dir/MiniOzoneClusterImpl-e104f6e4-c147-46af-9a65-8b38e2aa4633/datanode-4/data-0/containers/hdds
2023-02-16 22:43:00,255 [Listener at 127.0.0.1/41759] INFO  ozoneimpl.OzoneContainer (OzoneContainer.java:buildContainerSet(304)) - Build ContainerSet costs 0s
2023-02-16 22:43:00,258 [Listener at 127.0.0.1/41759] INFO  server.RaftServer (ConfUtils.java:logGet(46)) - raft.rpc.type = GRPC (default)
2023-02-16 22:43:00,259 [Listener at 127.0.0.1/41759] INFO  grpc.GrpcConfigKeys (ConfUtils.java:logFallback(53)) - raft.grpc.admin.host = null (fallback to raft.grpc.server.host)
2023-02-16 22:43:00,259 [Listener at 127.0.0.1/41759] INFO  grpc.GrpcConfigKeys (ConfUtils.java:logGet(46)) - raft.grpc.admin.port = 0 (custom)
2023-02-16 22:43:00,259 [Listener at 127.0.0.1/41759] INFO  grpc.GrpcConfigKeys (ConfUtils.java:logFallback(53)) - raft.grpc.client.host = null (fallback to raft.grpc.server.host)
2023-02-16 22:43:00,259 [Listener at 127.0.0.1/41759] INFO  grpc.GrpcConfigKeys (ConfUtils.java:logGet(46)) - raft.grpc.client.port = 0 (custom)
2023-02-16 22:43:00,259 [Listener at 127.0.0.1/41759] INFO  grpc.GrpcConfigKeys (ConfUtils.java:logGet(46)) - raft.grpc.server.host = null (default)
2023-02-16 22:43:00,260 [Listener at 127.0.0.1/41759] INFO  grpc.GrpcConfigKeys (ConfUtils.java:logGet(46)) - raft.grpc.server.port = 0 (default)
2023-02-16 22:43:00,260 [Listener at 127.0.0.1/41759] INFO  server.GrpcService (ConfUtils.java:logGet(46)) - raft.grpc.message.size.max = 32MB (=33554432) (custom)
2023-02-16 22:43:00,260 [Listener at 127.0.0.1/41759] INFO  server.RaftServerConfigKeys (ConfUtils.java:logGet(46)) - raft.server.log.appender.buffer.byte-limit = 33554432 (custom)
2023-02-16 22:43:00,260 [Listener at 127.0.0.1/41759] INFO  server.GrpcService (ConfUtils.java:logGet(46)) - raft.grpc.flow.control.window = 5MB (=5242880) (custom)
2023-02-16 22:43:00,260 [Listener at 127.0.0.1/41759] INFO  server.RaftServerConfigKeys (ConfUtils.java:logGet(46)) - raft.server.rpc.request.timeout = 3000ms (default)
2023-02-16 22:43:00,261 [Listener at 127.0.0.1/41759] INFO  grpc.GrpcConfigKeys (ConfUtils.java:logGet(46)) - raft.grpc.server.heartbeat.channel = true (default)
2023-02-16 22:43:00,261 [Listener at 127.0.0.1/41759] INFO  grpc.GrpcConfigKeys (ConfUtils.java:logGet(46)) - raft.grpc.server.async.request.thread.pool.cached = true (default)
2023-02-16 22:43:00,261 [Listener at 127.0.0.1/41759] INFO  grpc.GrpcConfigKeys (ConfUtils.java:logGet(46)) - raft.grpc.server.async.request.thread.pool.size = 32 (default)
2023-02-16 22:43:00,262 [Listener at 127.0.0.1/41759] INFO  impl.DataStreamServerImpl (ConfUtils.java:logGet(46)) - raft.datastream.type = NETTY (custom)
2023-02-16 22:43:00,263 [Listener at 127.0.0.1/41759] INFO  server.RaftServerConfigKeys (ConfUtils.java:logGet(46)) - raft.server.data-stream.async.request.thread.pool.cached = false (default)
2023-02-16 22:43:00,263 [Listener at 127.0.0.1/41759] INFO  server.RaftServerConfigKeys (ConfUtils.java:logGet(46)) - raft.server.data-stream.async.request.thread.pool.size = 20 (custom)
2023-02-16 22:43:00,263 [Listener at 127.0.0.1/41759] INFO  server.RaftServerConfigKeys (ConfUtils.java:logGet(46)) - raft.server.data-stream.async.write.thread.pool.size = 16 (default)
2023-02-16 22:43:00,263 [Listener at 127.0.0.1/41759] INFO  server.RaftServerConfigKeys (ConfUtils.java:logGet(46)) - raft.server.data-stream.client.pool.size = 10 (default)
2023-02-16 22:43:00,263 [Listener at 127.0.0.1/41759] INFO  netty.NettyConfigKeys$DataStream (ConfUtils.java:logGet(46)) - raft.netty.dataStream.server.use-epoll = false (default)
2023-02-16 22:43:00,264 [Listener at 127.0.0.1/41759] INFO  netty.NettyConfigKeys$DataStream (ConfUtils.java:logGet(46)) - raft.netty.dataStream.server.boss-group.size = 0 (default)
2023-02-16 22:43:00,264 [Listener at 127.0.0.1/41759] INFO  netty.NettyConfigKeys$DataStream (ConfUtils.java:logGet(46)) - raft.netty.dataStream.server.worker-group.size = 0 (default)
2023-02-16 22:43:00,265 [Listener at 127.0.0.1/41759] INFO  netty.NettyConfigKeys$DataStream (ConfUtils.java:logGet(46)) - raft.netty.dataStream.server.tls.conf = null (default)
2023-02-16 22:43:00,265 [Listener at 127.0.0.1/41759] INFO  netty.NettyConfigKeys$DataStream (ConfUtils.java:logGet(46)) - raft.netty.dataStream.host = null (default)
2023-02-16 22:43:00,265 [Listener at 127.0.0.1/41759] INFO  netty.NettyConfigKeys$DataStream (ConfUtils.java:logGet(46)) - raft.netty.dataStream.port = 0 (default)
2023-02-16 22:43:00,265 [Listener at 127.0.0.1/41759] INFO  server.RaftServerConfigKeys (ConfUtils.java:logGet(46)) - raft.server.threadpool.proxy.cached = true (default)
2023-02-16 22:43:00,266 [Listener at 127.0.0.1/41759] INFO  server.RaftServerConfigKeys (ConfUtils.java:logGet(46)) - raft.server.threadpool.proxy.size = 0 (default)
2023-02-16 22:43:00,266 [Listener at 127.0.0.1/41759] INFO  server.RaftServerConfigKeys (ConfUtils.java:logGet(46)) - raft.server.rpc.slowness.timeout = 300000ms (custom)
2023-02-16 22:43:00,266 [Listener at 127.0.0.1/41759] INFO  server.RaftServerConfigKeys (ConfUtils.java:logGet(46)) - raft.server.leaderelection.leader.step-down.wait-time = 10s (default)
2023-02-16 22:43:00,266 [Listener at 127.0.0.1/41759] INFO  server.RaftServerConfigKeys (ConfUtils.java:logGet(46)) - raft.server.storage.dir = [/home/runner/work/ozone/ozone/hadoop-ozone/integration-test/target/test-dir/MiniOzoneClusterImpl-e104f6e4-c147-46af-9a65-8b38e2aa4633/datanode-4/data/ratis] (custom)
2023-02-16 22:43:00,276 [7f47c17a-df40-4172-b23f-53f5d31e4e62-NettyServerStreamRpc-bossGroup--thread1] INFO  logging.LoggingHandler (AbstractInternalLogger.java:log(148)) - [id: 0x9387d85b] REGISTERED
2023-02-16 22:43:00,276 [7f47c17a-df40-4172-b23f-53f5d31e4e62-NettyServerStreamRpc-bossGroup--thread1] INFO  logging.LoggingHandler (AbstractInternalLogger.java:log(148)) - [id: 0x9387d85b] BIND: 0.0.0.0/0.0.0.0:0
2023-02-16 22:43:00,276 [7f47c17a-df40-4172-b23f-53f5d31e4e62-NettyServerStreamRpc-bossGroup--thread1] INFO  logging.LoggingHandler (AbstractInternalLogger.java:log(148)) - [id: 0x9387d85b, L:/0:0:0:0:0:0:0:0:45209] ACTIVE
2023-02-16 22:43:00,278 [Listener at 127.0.0.1/41759] INFO  server.XceiverServerGrpc (XceiverServerGrpc.java:<init>(132)) - GrpcServer channel type EpollServerSocketChannel
2023-02-16 22:43:00,284 [Listener at 127.0.0.1/41759] INFO  http.BaseHttpServer (BaseHttpServer.java:newHttpServer2BuilderForOzone(213)) - Starting Web-server for hddsDatanode at: http://0.0.0.0:0
2023-02-16 22:43:00,284 [Listener at 127.0.0.1/41759] INFO  http.BaseHttpServer (BaseHttpServer.java:<init>(108)) - Hadoop Security Enabled: false Ozone Security Enabled: false Ozone HTTP Security Enabled: false 
2023-02-16 22:43:00,286 [Listener at 127.0.0.1/41759] WARN  server.AuthenticationFilter (AuthenticationFilter.java:constructSecretProvider(240)) - Unable to initialize FileSignerSecretProvider, falling back to use random secrets. Reason: Could not read signature secret file: /home/runner/hadoop-http-auth-signature-secret
2023-02-16 22:43:00,286 [Listener at 127.0.0.1/41759] WARN  http.HttpRequestLog (HttpRequestLog.java:getRequestLog(103)) - Jetty request log can only be enabled using Log4j
2023-02-16 22:43:00,288 [Listener at 127.0.0.1/41759] INFO  http.HttpServer2 (HttpServer2.java:addGlobalFilter(1031)) - Added global filter 'safety' (class=org.apache.hadoop.hdds.server.http.HttpServer2$QuotingInputFilter)
2023-02-16 22:43:00,288 [Listener at 127.0.0.1/41759] INFO  http.HttpServer2 (HttpServer2.java:addFilter(1007)) - Added filter static_user_filter (class=org.apache.hadoop.http.lib.StaticUserWebFilter$StaticUserFilter) to context hddsDatanode
2023-02-16 22:43:00,289 [Listener at 127.0.0.1/41759] INFO  http.HttpServer2 (HttpServer2.java:addFilter(1015)) - Added filter static_user_filter (class=org.apache.hadoop.http.lib.StaticUserWebFilter$StaticUserFilter) to context static
2023-02-16 22:43:00,289 [Listener at 127.0.0.1/41759] INFO  http.HttpServer2 (HttpServer2.java:addFilter(1015)) - Added filter static_user_filter (class=org.apache.hadoop.http.lib.StaticUserWebFilter$StaticUserFilter) to context logs
2023-02-16 22:43:00,293 [Listener at 127.0.0.1/41759] INFO  http.HttpServer2 (HttpServer2.java:bindListener(1250)) - Jetty bound to port 37967
2023-02-16 22:43:00,293 [Listener at 127.0.0.1/41759] INFO  server.Server (Server.java:doStart(375)) - jetty-9.4.49.v20220914; built: 2022-09-14T01:07:36.601Z; git: 4231a3b2e4cb8548a412a789936d640a97b1aa0a; jvm 1.8.0_362-b09
2023-02-16 22:43:00,299 [Listener at 127.0.0.1/41759] INFO  server.session (DefaultSessionIdManager.java:doStart(334)) - DefaultSessionIdManager workerName=node0
2023-02-16 22:43:00,299 [Listener at 127.0.0.1/41759] INFO  server.session (DefaultSessionIdManager.java:doStart(339)) - No SessionScavenger set, using defaults
2023-02-16 22:43:00,299 [Listener at 127.0.0.1/41759] INFO  server.session (HouseKeeper.java:startScavenging(132)) - node0 Scavenging every 600000ms
2023-02-16 22:43:00,301 [Listener at 127.0.0.1/41759] INFO  handler.ContextHandler (ContextHandler.java:doStart(921)) - Started o.e.j.s.ServletContextHandler@7eca07bd{logs,/logs,file:///home/runner/work/ozone/ozone/hadoop-ozone/integration-test/target/log,AVAILABLE}
2023-02-16 22:43:00,302 [Listener at 127.0.0.1/41759] INFO  handler.ContextHandler (ContextHandler.java:doStart(921)) - Started o.e.j.s.ServletContextHandler@bddfcff{static,/static,jar:file:/home/runner/.m2/repository/org/apache/ozone/hdds-container-service/1.4.0-SNAPSHOT/hdds-container-service-1.4.0-SNAPSHOT.jar!/webapps/static,AVAILABLE}
2023-02-16 22:43:00,532 [Listener at 127.0.0.1/41759] INFO  handler.ContextHandler (ContextHandler.java:doStart(921)) - Started o.e.j.w.WebAppContext@3b5ab6fe{hddsDatanode,/,file:///tmp/jetty-0_0_0_0-37967-hdds-container-service-1_4_0-SNAPSHOT_jar-_-any-1567687126150532722/webapp/,AVAILABLE}{jar:file:/home/runner/.m2/repository/org/apache/ozone/hdds-container-service/1.4.0-SNAPSHOT/hdds-container-service-1.4.0-SNAPSHOT.jar!/webapps/hddsDatanode}
2023-02-16 22:43:00,537 [Listener at 127.0.0.1/41759] INFO  server.AbstractConnector (AbstractConnector.java:doStart(333)) - Started ServerConnector@3efcc3a0{HTTP/1.1, (http/1.1)}{0.0.0.0:37967}
2023-02-16 22:43:00,537 [Listener at 127.0.0.1/41759] INFO  server.Server (Server.java:doStart(415)) - Started @12334ms
2023-02-16 22:43:00,538 [Listener at 127.0.0.1/41759] WARN  impl.MetricsSystemImpl (MetricsSystemImpl.java:register(279)) - Sink prometheus already exists!
2023-02-16 22:43:00,538 [Listener at 127.0.0.1/41759] INFO  http.BaseHttpServer (BaseHttpServer.java:updateConnectorAddress(333)) - HTTP server of hddsDatanode listening at http://0.0.0.0:37967
2023-02-16 22:43:00,540 [Listener at 127.0.0.1/41759] INFO  ozone.MiniOzoneClusterImpl (MiniOzoneClusterImpl.java:lambda$waitForClusterToBeReady$0(218)) - Waiting for nodes to be ready. Got 0 of 5 DN Heartbeats.
2023-02-16 22:43:00,540 [Listener at 127.0.0.1/41759] INFO  ozone.MiniOzoneClusterImpl (MiniOzoneClusterImpl.java:lambda$waitForClusterToBeReady$0(221)) - Waiting for cluster to exit safe mode
2023-02-16 22:43:00,541 [Listener at 127.0.0.1/41759] INFO  ozone.MiniOzoneClusterImpl (MiniOzoneClusterImpl.java:lambda$waitForClusterToBeReady$0(223)) - SCM became leader
2023-02-16 22:43:00,543 [Datanode State Machine Daemon Thread] INFO  statemachine.DatanodeStateMachine (DatanodeStateMachine.java:lambda$startDaemon$0(516)) - Ozone container server started.
2023-02-16 22:43:00,557 [org.apache.hadoop.util.JvmPauseMonitor$Monitor@6a2c5d51] INFO  util.JvmPauseMonitor (JvmPauseMonitor.java:run(188)) - Starting JVM pause monitor
2023-02-16 22:43:00,563 [Datanode State Machine Task Thread - 0] INFO  datanode.InitDatanodeState (InitDatanodeState.java:persistContainerDatanodeDetails(138)) - DatanodeDetails is persisted to /home/runner/work/ozone/ozone/hadoop-ozone/integration-test/target/test-dir/MiniOzoneClusterImpl-e104f6e4-c147-46af-9a65-8b38e2aa4633/datanode-4/meta/datanode.id
2023-02-16 22:43:00,690 [EndpointStateMachine task thread for /0.0.0.0:35519 - 0 ] INFO  utils.DatanodeStoreCache (DatanodeStoreCache.java:addDB(58)) - Added db /home/runner/work/ozone/ozone/hadoop-ozone/integration-test/target/test-dir/MiniOzoneClusterImpl-e104f6e4-c147-46af-9a65-8b38e2aa4633/datanode-0/data-0/containers/hdds/e104f6e4-c147-46af-9a65-8b38e2aa4633/DS-035fc334-e0b1-4f1d-8a2f-2c8e34de0636/container.db to cache
2023-02-16 22:43:00,691 [EndpointStateMachine task thread for /0.0.0.0:35519 - 0 ] INFO  volume.HddsVolume (HddsVolume.java:createDbStore(331)) - SchemaV3 db is created and loaded at /home/runner/work/ozone/ozone/hadoop-ozone/integration-test/target/test-dir/MiniOzoneClusterImpl-e104f6e4-c147-46af-9a65-8b38e2aa4633/datanode-0/data-0/containers/hdds/e104f6e4-c147-46af-9a65-8b38e2aa4633/DS-035fc334-e0b1-4f1d-8a2f-2c8e34de0636/container.db for volume DS-035fc334-e0b1-4f1d-8a2f-2c8e34de0636
2023-02-16 22:43:00,692 [EndpointStateMachine task thread for /0.0.0.0:35519 - 0 ] INFO  ozoneimpl.OzoneContainer (OzoneContainer.java:start(398)) - Attempting to start container services.
2023-02-16 22:43:00,694 [EndpointStateMachine task thread for /0.0.0.0:35519 - 0 ] INFO  ozoneimpl.OzoneContainer (OzoneContainer.java:startContainerScrub(315)) - Scheduled background container scanners and the on-demand container scanner have been disabled.
2023-02-16 22:43:00,696 [EndpointStateMachine task thread for /0.0.0.0:35519 - 0 ] INFO  replication.ReplicationServer (ReplicationServer.java:start(109)) - ReplicationServer is started using port 32823
2023-02-16 22:43:00,850 [JvmPauseMonitor0] WARN  util.JvmPauseMonitor (JvmPauseMonitor.java:detectPause(126)) - JvmPauseMonitor-om1: Detected pause in JVM or host machine (eg GC): pause of approximately 146477541ns.
GC pool 'PS MarkSweep' had collection(s): count=1 time=116ms
GC pool 'PS Scavenge' had collection(s): count=1 time=37ms
2023-02-16 22:43:00,853 [EndpointStateMachine task thread for /0.0.0.0:35519 - 0 ] INFO  ratis.XceiverServerRatis (XceiverServerRatis.java:start(518)) - Starting XceiverServerRatis 85bc4c93-8919-4d90-bdda-716e90a765bf
2023-02-16 22:43:00,854 [EndpointStateMachine task thread for /0.0.0.0:35519 - 0 ] INFO  server.RaftServer (RaftServerProxy.java:startImpl(393)) - 85bc4c93-8919-4d90-bdda-716e90a765bf: start RPC server
2023-02-16 22:43:00,870 [EndpointStateMachine task thread for /0.0.0.0:35519 - 0 ] INFO  server.GrpcService (GrpcService.java:startImpl(262)) - 85bc4c93-8919-4d90-bdda-716e90a765bf: GrpcService started, listening on 40269
2023-02-16 22:43:00,871 [EndpointStateMachine task thread for /0.0.0.0:35519 - 0 ] INFO  ratis.XceiverServerRatis (XceiverServerRatis.java:getRealPort(544)) - XceiverServerRatis 85bc4c93-8919-4d90-bdda-716e90a765bf is started using port 40269 for RATIS
2023-02-16 22:43:00,871 [EndpointStateMachine task thread for /0.0.0.0:35519 - 0 ] INFO  ratis.XceiverServerRatis (XceiverServerRatis.java:getRealPort(544)) - XceiverServerRatis 85bc4c93-8919-4d90-bdda-716e90a765bf is started using port 40269 for RATIS_ADMIN
2023-02-16 22:43:00,871 [EndpointStateMachine task thread for /0.0.0.0:35519 - 0 ] INFO  ratis.XceiverServerRatis (XceiverServerRatis.java:getRealPort(544)) - XceiverServerRatis 85bc4c93-8919-4d90-bdda-716e90a765bf is started using port 40269 for RATIS_SERVER
2023-02-16 22:43:00,871 [EndpointStateMachine task thread for /0.0.0.0:35519 - 0 ] INFO  ratis.XceiverServerRatis (XceiverServerRatis.java:getRealPort(544)) - XceiverServerRatis 85bc4c93-8919-4d90-bdda-716e90a765bf is started using port 36907 for RATIS_DATASTREAM
2023-02-16 22:43:00,871 [JvmPauseMonitor1] INFO  util.JvmPauseMonitor (JvmPauseMonitor.java:run(105)) - JvmPauseMonitor-85bc4c93-8919-4d90-bdda-716e90a765bf: Started
2023-02-16 22:43:00,879 [EndpointStateMachine task thread for /0.0.0.0:35519 - 0 ] INFO  server.XceiverServerGrpc (XceiverServerGrpc.java:start(180)) - XceiverServerGrpc 85bc4c93-8919-4d90-bdda-716e90a765bf is started using port 36699
2023-02-16 22:43:01,231 [EndpointStateMachine task thread for /0.0.0.0:35519 - 0 ] INFO  utils.DatanodeStoreCache (DatanodeStoreCache.java:addDB(58)) - Added db /home/runner/work/ozone/ozone/hadoop-ozone/integration-test/target/test-dir/MiniOzoneClusterImpl-e104f6e4-c147-46af-9a65-8b38e2aa4633/datanode-1/data-0/containers/hdds/e104f6e4-c147-46af-9a65-8b38e2aa4633/DS-dcacb532-0b48-4a27-a648-c7d8e1953ca1/container.db to cache
2023-02-16 22:43:01,232 [EndpointStateMachine task thread for /0.0.0.0:35519 - 0 ] INFO  volume.HddsVolume (HddsVolume.java:createDbStore(331)) - SchemaV3 db is created and loaded at /home/runner/work/ozone/ozone/hadoop-ozone/integration-test/target/test-dir/MiniOzoneClusterImpl-e104f6e4-c147-46af-9a65-8b38e2aa4633/datanode-1/data-0/containers/hdds/e104f6e4-c147-46af-9a65-8b38e2aa4633/DS-dcacb532-0b48-4a27-a648-c7d8e1953ca1/container.db for volume DS-dcacb532-0b48-4a27-a648-c7d8e1953ca1
2023-02-16 22:43:01,232 [EndpointStateMachine task thread for /0.0.0.0:35519 - 0 ] INFO  ozoneimpl.OzoneContainer (OzoneContainer.java:start(398)) - Attempting to start container services.
2023-02-16 22:43:01,232 [EndpointStateMachine task thread for /0.0.0.0:35519 - 0 ] INFO  ozoneimpl.OzoneContainer (OzoneContainer.java:startContainerScrub(315)) - Scheduled background container scanners and the on-demand container scanner have been disabled.
2023-02-16 22:43:01,235 [EndpointStateMachine task thread for /0.0.0.0:35519 - 0 ] INFO  replication.ReplicationServer (ReplicationServer.java:start(109)) - ReplicationServer is started using port 32943
2023-02-16 22:43:01,237 [EndpointStateMachine task thread for /0.0.0.0:35519 - 0 ] INFO  ratis.XceiverServerRatis (XceiverServerRatis.java:start(518)) - Starting XceiverServerRatis 2a62309e-ec6c-4a0a-91b7-4d126a386491
2023-02-16 22:43:01,241 [EndpointStateMachine task thread for /0.0.0.0:35519 - 0 ] INFO  server.RaftServer (RaftServerProxy.java:startImpl(393)) - 2a62309e-ec6c-4a0a-91b7-4d126a386491: start RPC server
2023-02-16 22:43:01,242 [EndpointStateMachine task thread for /0.0.0.0:35519 - 0 ] INFO  server.GrpcService (GrpcService.java:startImpl(262)) - 2a62309e-ec6c-4a0a-91b7-4d126a386491: GrpcService started, listening on 34649
2023-02-16 22:43:01,243 [EndpointStateMachine task thread for /0.0.0.0:35519 - 0 ] INFO  ratis.XceiverServerRatis (XceiverServerRatis.java:getRealPort(544)) - XceiverServerRatis 2a62309e-ec6c-4a0a-91b7-4d126a386491 is started using port 34649 for RATIS
2023-02-16 22:43:01,243 [JvmPauseMonitor2] INFO  util.JvmPauseMonitor (JvmPauseMonitor.java:run(105)) - JvmPauseMonitor-2a62309e-ec6c-4a0a-91b7-4d126a386491: Started
2023-02-16 22:43:01,243 [EndpointStateMachine task thread for /0.0.0.0:35519 - 0 ] INFO  ratis.XceiverServerRatis (XceiverServerRatis.java:getRealPort(544)) - XceiverServerRatis 2a62309e-ec6c-4a0a-91b7-4d126a386491 is started using port 34649 for RATIS_ADMIN
2023-02-16 22:43:01,243 [EndpointStateMachine task thread for /0.0.0.0:35519 - 0 ] INFO  ratis.XceiverServerRatis (XceiverServerRatis.java:getRealPort(544)) - XceiverServerRatis 2a62309e-ec6c-4a0a-91b7-4d126a386491 is started using port 34649 for RATIS_SERVER
2023-02-16 22:43:01,243 [EndpointStateMachine task thread for /0.0.0.0:35519 - 0 ] INFO  ratis.XceiverServerRatis (XceiverServerRatis.java:getRealPort(544)) - XceiverServerRatis 2a62309e-ec6c-4a0a-91b7-4d126a386491 is started using port 38237 for RATIS_DATASTREAM
2023-02-16 22:43:01,246 [EndpointStateMachine task thread for /0.0.0.0:35519 - 0 ] INFO  server.XceiverServerGrpc (XceiverServerGrpc.java:start(180)) - XceiverServerGrpc 2a62309e-ec6c-4a0a-91b7-4d126a386491 is started using port 46429
2023-02-16 22:43:01,541 [Listener at 127.0.0.1/41759] INFO  ozone.MiniOzoneClusterImpl (MiniOzoneClusterImpl.java:lambda$waitForClusterToBeReady$0(218)) - Waiting for nodes to be ready. Got 0 of 5 DN Heartbeats.
2023-02-16 22:43:01,541 [Listener at 127.0.0.1/41759] INFO  ozone.MiniOzoneClusterImpl (MiniOzoneClusterImpl.java:lambda$waitForClusterToBeReady$0(221)) - Waiting for cluster to exit safe mode
2023-02-16 22:43:01,541 [Listener at 127.0.0.1/41759] INFO  ozone.MiniOzoneClusterImpl (MiniOzoneClusterImpl.java:lambda$waitForClusterToBeReady$0(223)) - SCM became leader
2023-02-16 22:43:01,702 [EndpointStateMachine task thread for /0.0.0.0:35519 - 0 ] INFO  utils.DatanodeStoreCache (DatanodeStoreCache.java:addDB(58)) - Added db /home/runner/work/ozone/ozone/hadoop-ozone/integration-test/target/test-dir/MiniOzoneClusterImpl-e104f6e4-c147-46af-9a65-8b38e2aa4633/datanode-2/data-0/containers/hdds/e104f6e4-c147-46af-9a65-8b38e2aa4633/DS-dfc79441-b15b-42ec-9a77-3466ff5e2a31/container.db to cache
2023-02-16 22:43:01,702 [EndpointStateMachine task thread for /0.0.0.0:35519 - 0 ] INFO  volume.HddsVolume (HddsVolume.java:createDbStore(331)) - SchemaV3 db is created and loaded at /home/runner/work/ozone/ozone/hadoop-ozone/integration-test/target/test-dir/MiniOzoneClusterImpl-e104f6e4-c147-46af-9a65-8b38e2aa4633/datanode-2/data-0/containers/hdds/e104f6e4-c147-46af-9a65-8b38e2aa4633/DS-dfc79441-b15b-42ec-9a77-3466ff5e2a31/container.db for volume DS-dfc79441-b15b-42ec-9a77-3466ff5e2a31
2023-02-16 22:43:01,702 [EndpointStateMachine task thread for /0.0.0.0:35519 - 0 ] INFO  ozoneimpl.OzoneContainer (OzoneContainer.java:start(398)) - Attempting to start container services.
2023-02-16 22:43:01,703 [EndpointStateMachine task thread for /0.0.0.0:35519 - 0 ] INFO  ozoneimpl.OzoneContainer (OzoneContainer.java:startContainerScrub(315)) - Scheduled background container scanners and the on-demand container scanner have been disabled.
2023-02-16 22:43:01,706 [EndpointStateMachine task thread for /0.0.0.0:35519 - 0 ] INFO  replication.ReplicationServer (ReplicationServer.java:start(109)) - ReplicationServer is started using port 43181
2023-02-16 22:43:01,706 [EndpointStateMachine task thread for /0.0.0.0:35519 - 0 ] INFO  ratis.XceiverServerRatis (XceiverServerRatis.java:start(518)) - Starting XceiverServerRatis d47a9118-a689-402c-b263-2bea1a811f25
2023-02-16 22:43:01,707 [EndpointStateMachine task thread for /0.0.0.0:35519 - 0 ] INFO  server.RaftServer (RaftServerProxy.java:startImpl(393)) - d47a9118-a689-402c-b263-2bea1a811f25: start RPC server
2023-02-16 22:43:01,709 [EndpointStateMachine task thread for /0.0.0.0:35519 - 0 ] INFO  server.GrpcService (GrpcService.java:startImpl(262)) - d47a9118-a689-402c-b263-2bea1a811f25: GrpcService started, listening on 39221
2023-02-16 22:43:01,710 [EndpointStateMachine task thread for /0.0.0.0:35519 - 0 ] INFO  ratis.XceiverServerRatis (XceiverServerRatis.java:getRealPort(544)) - XceiverServerRatis d47a9118-a689-402c-b263-2bea1a811f25 is started using port 39221 for RATIS
2023-02-16 22:43:01,710 [JvmPauseMonitor3] INFO  util.JvmPauseMonitor (JvmPauseMonitor.java:run(105)) - JvmPauseMonitor-d47a9118-a689-402c-b263-2bea1a811f25: Started
2023-02-16 22:43:01,710 [EndpointStateMachine task thread for /0.0.0.0:35519 - 0 ] INFO  ratis.XceiverServerRatis (XceiverServerRatis.java:getRealPort(544)) - XceiverServerRatis d47a9118-a689-402c-b263-2bea1a811f25 is started using port 39221 for RATIS_ADMIN
2023-02-16 22:43:01,710 [EndpointStateMachine task thread for /0.0.0.0:35519 - 0 ] INFO  ratis.XceiverServerRatis (XceiverServerRatis.java:getRealPort(544)) - XceiverServerRatis d47a9118-a689-402c-b263-2bea1a811f25 is started using port 39221 for RATIS_SERVER
2023-02-16 22:43:01,710 [EndpointStateMachine task thread for /0.0.0.0:35519 - 0 ] INFO  ratis.XceiverServerRatis (XceiverServerRatis.java:getRealPort(544)) - XceiverServerRatis d47a9118-a689-402c-b263-2bea1a811f25 is started using port 38769 for RATIS_DATASTREAM
2023-02-16 22:43:01,714 [EndpointStateMachine task thread for /0.0.0.0:35519 - 0 ] INFO  server.XceiverServerGrpc (XceiverServerGrpc.java:start(180)) - XceiverServerGrpc d47a9118-a689-402c-b263-2bea1a811f25 is started using port 40011
2023-02-16 22:43:02,171 [EndpointStateMachine task thread for /0.0.0.0:35519 - 0 ] INFO  utils.DatanodeStoreCache (DatanodeStoreCache.java:addDB(58)) - Added db /home/runner/work/ozone/ozone/hadoop-ozone/integration-test/target/test-dir/MiniOzoneClusterImpl-e104f6e4-c147-46af-9a65-8b38e2aa4633/datanode-3/data-0/containers/hdds/e104f6e4-c147-46af-9a65-8b38e2aa4633/DS-a03359c5-c846-4a9c-bb02-b735b2783d38/container.db to cache
2023-02-16 22:43:02,172 [EndpointStateMachine task thread for /0.0.0.0:35519 - 0 ] INFO  volume.HddsVolume (HddsVolume.java:createDbStore(331)) - SchemaV3 db is created and loaded at /home/runner/work/ozone/ozone/hadoop-ozone/integration-test/target/test-dir/MiniOzoneClusterImpl-e104f6e4-c147-46af-9a65-8b38e2aa4633/datanode-3/data-0/containers/hdds/e104f6e4-c147-46af-9a65-8b38e2aa4633/DS-a03359c5-c846-4a9c-bb02-b735b2783d38/container.db for volume DS-a03359c5-c846-4a9c-bb02-b735b2783d38
2023-02-16 22:43:02,176 [EndpointStateMachine task thread for /0.0.0.0:35519 - 0 ] INFO  ozoneimpl.OzoneContainer (OzoneContainer.java:start(398)) - Attempting to start container services.
2023-02-16 22:43:02,177 [EndpointStateMachine task thread for /0.0.0.0:35519 - 0 ] INFO  ozoneimpl.OzoneContainer (OzoneContainer.java:startContainerScrub(315)) - Scheduled background container scanners and the on-demand container scanner have been disabled.
2023-02-16 22:43:02,179 [EndpointStateMachine task thread for /0.0.0.0:35519 - 0 ] INFO  replication.ReplicationServer (ReplicationServer.java:start(109)) - ReplicationServer is started using port 45025
2023-02-16 22:43:02,180 [EndpointStateMachine task thread for /0.0.0.0:35519 - 0 ] INFO  ratis.XceiverServerRatis (XceiverServerRatis.java:start(518)) - Starting XceiverServerRatis 85dc0855-ecf4-4edb-b404-0334ac503e71
2023-02-16 22:43:02,182 [EndpointStateMachine task thread for /0.0.0.0:35519 - 0 ] INFO  server.RaftServer (RaftServerProxy.java:startImpl(393)) - 85dc0855-ecf4-4edb-b404-0334ac503e71: start RPC server
2023-02-16 22:43:02,186 [EndpointStateMachine task thread for /0.0.0.0:35519 - 0 ] INFO  server.GrpcService (GrpcService.java:startImpl(262)) - 85dc0855-ecf4-4edb-b404-0334ac503e71: GrpcService started, listening on 34953
2023-02-16 22:43:02,187 [EndpointStateMachine task thread for /0.0.0.0:35519 - 0 ] INFO  ratis.XceiverServerRatis (XceiverServerRatis.java:getRealPort(544)) - XceiverServerRatis 85dc0855-ecf4-4edb-b404-0334ac503e71 is started using port 34953 for RATIS
2023-02-16 22:43:02,187 [JvmPauseMonitor4] INFO  util.JvmPauseMonitor (JvmPauseMonitor.java:run(105)) - JvmPauseMonitor-85dc0855-ecf4-4edb-b404-0334ac503e71: Started
2023-02-16 22:43:02,187 [EndpointStateMachine task thread for /0.0.0.0:35519 - 0 ] INFO  ratis.XceiverServerRatis (XceiverServerRatis.java:getRealPort(544)) - XceiverServerRatis 85dc0855-ecf4-4edb-b404-0334ac503e71 is started using port 34953 for RATIS_ADMIN
2023-02-16 22:43:02,188 [EndpointStateMachine task thread for /0.0.0.0:35519 - 0 ] INFO  ratis.XceiverServerRatis (XceiverServerRatis.java:getRealPort(544)) - XceiverServerRatis 85dc0855-ecf4-4edb-b404-0334ac503e71 is started using port 34953 for RATIS_SERVER
2023-02-16 22:43:02,188 [EndpointStateMachine task thread for /0.0.0.0:35519 - 0 ] INFO  ratis.XceiverServerRatis (XceiverServerRatis.java:getRealPort(544)) - XceiverServerRatis 85dc0855-ecf4-4edb-b404-0334ac503e71 is started using port 33181 for RATIS_DATASTREAM
2023-02-16 22:43:02,191 [EndpointStateMachine task thread for /0.0.0.0:35519 - 0 ] INFO  server.XceiverServerGrpc (XceiverServerGrpc.java:start(180)) - XceiverServerGrpc 85dc0855-ecf4-4edb-b404-0334ac503e71 is started using port 37795
2023-02-16 22:43:02,542 [Listener at 127.0.0.1/41759] INFO  ozone.MiniOzoneClusterImpl (MiniOzoneClusterImpl.java:lambda$waitForClusterToBeReady$0(218)) - Waiting for nodes to be ready. Got 0 of 5 DN Heartbeats.
2023-02-16 22:43:02,542 [Listener at 127.0.0.1/41759] INFO  ozone.MiniOzoneClusterImpl (MiniOzoneClusterImpl.java:lambda$waitForClusterToBeReady$0(221)) - Waiting for cluster to exit safe mode
2023-02-16 22:43:02,542 [Listener at 127.0.0.1/41759] INFO  ozone.MiniOzoneClusterImpl (MiniOzoneClusterImpl.java:lambda$waitForClusterToBeReady$0(223)) - SCM became leader
2023-02-16 22:43:02,590 [IPC Server handler 1 on default port 35519] INFO  net.NetworkTopologyImpl (NetworkTopologyImpl.java:add(112)) - Added a new node: /default-rack/85bc4c93-8919-4d90-bdda-716e90a765bf
2023-02-16 22:43:02,593 [IPC Server handler 1 on default port 35519] INFO  node.SCMNodeManager (SCMNodeManager.java:register(397)) - Registered Data node : 85bc4c93-8919-4d90-bdda-716e90a765bf{ip: 10.1.0.43, host: fv-az571-511, ports: [REPLICATION=32823, RATIS=40269, RATIS_ADMIN=40269, RATIS_SERVER=40269, RATIS_DATASTREAM=36907, STANDALONE=36699], networkLocation: /default-rack, certSerialId: null, persistedOpState: null, persistedOpStateExpiryEpochSec: 0}
2023-02-16 22:43:02,600 [EventQueue-NodeRegistrationContainerReportForDataNodeSafeModeRule] INFO  safemode.SCMSafeModeManager (DataNodeSafeModeRule.java:process(71)) - SCM in safe mode. 1 DataNodes registered, 3 required.
2023-02-16 22:43:02,602 [EventQueue-NewNodeForNewNodeHandler] INFO  pipeline.BackgroundPipelineCreator (BackgroundPipelineCreator.java:notifyEventTriggered(276)) - trigger a one-shot run on RatisPipelineUtilsThread.
2023-02-16 22:43:02,605 [EventQueue-NodeRegistrationContainerReportForContainerSafeModeRule] INFO  safemode.SCMSafeModeManager (SCMSafeModeManager.java:validateSafeModeExitRules(200)) - ContainerSafeModeRule rule is successfully validated
2023-02-16 22:43:02,606 [EventQueue-PipelineReportForOneReplicaPipelineSafeModeRule] INFO  safemode.SCMSafeModeManager (SCMSafeModeManager.java:validateSafeModeExitRules(200)) - AtleastOneDatanodeReportedRule rule is successfully validated
2023-02-16 22:43:02,619 [RatisPipelineUtilsThread - 0] INFO  pipeline.RatisPipelineProvider (RatisPipelineProvider.java:lambda$create$0(206)) - Sending CreatePipelineCommand for pipeline:PipelineID=08d850c1-04b9-40b7-bb07-a06fbe39a8fb to datanode:85bc4c93-8919-4d90-bdda-716e90a765bf
2023-02-16 22:43:02,620 [EndpointStateMachine task thread for /0.0.0.0:35519 - 0 ] INFO  utils.DatanodeStoreCache (DatanodeStoreCache.java:addDB(58)) - Added db /home/runner/work/ozone/ozone/hadoop-ozone/integration-test/target/test-dir/MiniOzoneClusterImpl-e104f6e4-c147-46af-9a65-8b38e2aa4633/datanode-4/data-0/containers/hdds/e104f6e4-c147-46af-9a65-8b38e2aa4633/DS-9636a170-e98e-46d1-be4a-aa3d1ab7749f/container.db to cache
2023-02-16 22:43:02,620 [EndpointStateMachine task thread for /0.0.0.0:35519 - 0 ] INFO  volume.HddsVolume (HddsVolume.java:createDbStore(331)) - SchemaV3 db is created and loaded at /home/runner/work/ozone/ozone/hadoop-ozone/integration-test/target/test-dir/MiniOzoneClusterImpl-e104f6e4-c147-46af-9a65-8b38e2aa4633/datanode-4/data-0/containers/hdds/e104f6e4-c147-46af-9a65-8b38e2aa4633/DS-9636a170-e98e-46d1-be4a-aa3d1ab7749f/container.db for volume DS-9636a170-e98e-46d1-be4a-aa3d1ab7749f
2023-02-16 22:43:02,621 [EndpointStateMachine task thread for /0.0.0.0:35519 - 0 ] INFO  ozoneimpl.OzoneContainer (OzoneContainer.java:start(398)) - Attempting to start container services.
2023-02-16 22:43:02,621 [EndpointStateMachine task thread for /0.0.0.0:35519 - 0 ] INFO  ozoneimpl.OzoneContainer (OzoneContainer.java:startContainerScrub(315)) - Scheduled background container scanners and the on-demand container scanner have been disabled.
2023-02-16 22:43:02,626 [EndpointStateMachine task thread for /0.0.0.0:35519 - 0 ] INFO  replication.ReplicationServer (ReplicationServer.java:start(109)) - ReplicationServer is started using port 42025
2023-02-16 22:43:02,628 [EndpointStateMachine task thread for /0.0.0.0:35519 - 0 ] INFO  ratis.XceiverServerRatis (XceiverServerRatis.java:start(518)) - Starting XceiverServerRatis 7f47c17a-df40-4172-b23f-53f5d31e4e62
2023-02-16 22:43:02,635 [RatisPipelineUtilsThread - 0] INFO  pipeline.PipelineStateManagerImpl (PipelineStateManagerImpl.java:addPipeline(103)) - Created pipeline Pipeline[ Id: 08d850c1-04b9-40b7-bb07-a06fbe39a8fb, Nodes: 85bc4c93-8919-4d90-bdda-716e90a765bf(fv-az571-511/10.1.0.43), ReplicationConfig: RATIS/ONE, State:ALLOCATED, leaderId:, CreationTimestamp2023-02-16T22:43:02.615Z[Etc/UTC]].
2023-02-16 22:43:02,637 [EndpointStateMachine task thread for /0.0.0.0:35519 - 0 ] INFO  server.RaftServer (RaftServerProxy.java:startImpl(393)) - 7f47c17a-df40-4172-b23f-53f5d31e4e62: start RPC server
2023-02-16 22:43:02,641 [EndpointStateMachine task thread for /0.0.0.0:35519 - 0 ] INFO  server.GrpcService (GrpcService.java:startImpl(262)) - 7f47c17a-df40-4172-b23f-53f5d31e4e62: GrpcService started, listening on 46661
2023-02-16 22:43:02,642 [EndpointStateMachine task thread for /0.0.0.0:35519 - 0 ] INFO  ratis.XceiverServerRatis (XceiverServerRatis.java:getRealPort(544)) - XceiverServerRatis 7f47c17a-df40-4172-b23f-53f5d31e4e62 is started using port 46661 for RATIS
2023-02-16 22:43:02,642 [EndpointStateMachine task thread for /0.0.0.0:35519 - 0 ] INFO  ratis.XceiverServerRatis (XceiverServerRatis.java:getRealPort(544)) - XceiverServerRatis 7f47c17a-df40-4172-b23f-53f5d31e4e62 is started using port 46661 for RATIS_ADMIN
2023-02-16 22:43:02,642 [EndpointStateMachine task thread for /0.0.0.0:35519 - 0 ] INFO  ratis.XceiverServerRatis (XceiverServerRatis.java:getRealPort(544)) - XceiverServerRatis 7f47c17a-df40-4172-b23f-53f5d31e4e62 is started using port 46661 for RATIS_SERVER
2023-02-16 22:43:02,642 [EndpointStateMachine task thread for /0.0.0.0:35519 - 0 ] INFO  ratis.XceiverServerRatis (XceiverServerRatis.java:getRealPort(544)) - XceiverServerRatis 7f47c17a-df40-4172-b23f-53f5d31e4e62 is started using port 45209 for RATIS_DATASTREAM
2023-02-16 22:43:02,644 [JvmPauseMonitor5] INFO  util.JvmPauseMonitor (JvmPauseMonitor.java:run(105)) - JvmPauseMonitor-7f47c17a-df40-4172-b23f-53f5d31e4e62: Started
2023-02-16 22:43:02,646 [EndpointStateMachine task thread for /0.0.0.0:35519 - 0 ] INFO  server.XceiverServerGrpc (XceiverServerGrpc.java:start(180)) - XceiverServerGrpc 7f47c17a-df40-4172-b23f-53f5d31e4e62 is started using port 46453
2023-02-16 22:43:03,177 [IPC Server handler 3 on default port 35519] INFO  net.NetworkTopologyImpl (NetworkTopologyImpl.java:add(112)) - Added a new node: /default-rack/2a62309e-ec6c-4a0a-91b7-4d126a386491
2023-02-16 22:43:03,177 [IPC Server handler 3 on default port 35519] INFO  node.SCMNodeManager (SCMNodeManager.java:register(397)) - Registered Data node : 2a62309e-ec6c-4a0a-91b7-4d126a386491{ip: 10.1.0.43, host: fv-az571-511, ports: [REPLICATION=32943, RATIS=34649, RATIS_ADMIN=34649, RATIS_SERVER=34649, RATIS_DATASTREAM=38237, STANDALONE=46429], networkLocation: /default-rack, certSerialId: null, persistedOpState: null, persistedOpStateExpiryEpochSec: 0}
2023-02-16 22:43:03,179 [EventQueue-NodeRegistrationContainerReportForDataNodeSafeModeRule] INFO  safemode.SCMSafeModeManager (DataNodeSafeModeRule.java:process(71)) - SCM in safe mode. 2 DataNodes registered, 3 required.
2023-02-16 22:43:03,179 [EventQueue-NewNodeForNewNodeHandler] INFO  pipeline.BackgroundPipelineCreator (BackgroundPipelineCreator.java:notifyEventTriggered(276)) - trigger a one-shot run on RatisPipelineUtilsThread.
2023-02-16 22:43:03,180 [RatisPipelineUtilsThread - 0] INFO  pipeline.RatisPipelineProvider (RatisPipelineProvider.java:lambda$create$0(206)) - Sending CreatePipelineCommand for pipeline:PipelineID=a7288742-3c19-48a7-a608-dc7ea6ed705c to datanode:2a62309e-ec6c-4a0a-91b7-4d126a386491
2023-02-16 22:43:03,181 [RatisPipelineUtilsThread - 0] INFO  pipeline.PipelineStateManagerImpl (PipelineStateManagerImpl.java:addPipeline(103)) - Created pipeline Pipeline[ Id: a7288742-3c19-48a7-a608-dc7ea6ed705c, Nodes: 2a62309e-ec6c-4a0a-91b7-4d126a386491(fv-az571-511/10.1.0.43), ReplicationConfig: RATIS/ONE, State:ALLOCATED, leaderId:, CreationTimestamp2023-02-16T22:43:03.180Z[Etc/UTC]].
2023-02-16 22:43:03,543 [Listener at 127.0.0.1/41759] INFO  ozone.MiniOzoneClusterImpl (MiniOzoneClusterImpl.java:lambda$waitForClusterToBeReady$0(218)) - Waiting for nodes to be ready. Got 2 of 5 DN Heartbeats.
2023-02-16 22:43:03,543 [Listener at 127.0.0.1/41759] INFO  ozone.MiniOzoneClusterImpl (MiniOzoneClusterImpl.java:lambda$waitForClusterToBeReady$0(221)) - Waiting for cluster to exit safe mode
2023-02-16 22:43:03,543 [Listener at 127.0.0.1/41759] INFO  ozone.MiniOzoneClusterImpl (MiniOzoneClusterImpl.java:lambda$waitForClusterToBeReady$0(223)) - SCM became leader
2023-02-16 22:43:03,647 [IPC Server handler 2 on default port 35519] INFO  net.NetworkTopologyImpl (NetworkTopologyImpl.java:add(112)) - Added a new node: /default-rack/d47a9118-a689-402c-b263-2bea1a811f25
2023-02-16 22:43:03,648 [IPC Server handler 2 on default port 35519] INFO  node.SCMNodeManager (SCMNodeManager.java:register(397)) - Registered Data node : d47a9118-a689-402c-b263-2bea1a811f25{ip: 10.1.0.43, host: fv-az571-511, ports: [REPLICATION=43181, RATIS=39221, RATIS_ADMIN=39221, RATIS_SERVER=39221, RATIS_DATASTREAM=38769, STANDALONE=40011], networkLocation: /default-rack, certSerialId: null, persistedOpState: null, persistedOpStateExpiryEpochSec: 0}
2023-02-16 22:43:03,648 [EventQueue-NewNodeForNewNodeHandler] INFO  pipeline.BackgroundPipelineCreator (BackgroundPipelineCreator.java:notifyEventTriggered(276)) - trigger a one-shot run on RatisPipelineUtilsThread.
2023-02-16 22:43:03,650 [EventQueue-NodeRegistrationContainerReportForDataNodeSafeModeRule] INFO  safemode.SCMSafeModeManager (DataNodeSafeModeRule.java:process(71)) - SCM in safe mode. 3 DataNodes registered, 3 required.
2023-02-16 22:43:03,650 [EventQueue-NodeRegistrationContainerReportForDataNodeSafeModeRule] INFO  safemode.SCMSafeModeManager (SCMSafeModeManager.java:validateSafeModeExitRules(200)) - DataNodeSafeModeRule rule is successfully validated
2023-02-16 22:43:03,650 [EventQueue-NodeRegistrationContainerReportForDataNodeSafeModeRule] INFO  safemode.SCMSafeModeManager (SCMSafeModeManager.java:completePreCheck(229)) - All SCM safe mode pre check rules have passed
2023-02-16 22:43:03,650 [EventQueue-NodeRegistrationContainerReportForDataNodeSafeModeRule] INFO  ha.SCMContext (SCMContext.java:updateSafeModeStatus(228)) - Update SafeModeStatus from SafeModeStatus{safeModeStatus=true, preCheckPassed=false} to SafeModeStatus{safeModeStatus=true, preCheckPassed=true}.
2023-02-16 22:43:03,650 [EventQueue-NodeRegistrationContainerReportForDataNodeSafeModeRule] INFO  pipeline.BackgroundPipelineCreator (BackgroundPipelineCreator.java:notifyEventTriggered(276)) - trigger a one-shot run on RatisPipelineUtilsThread.
2023-02-16 22:43:03,650 [RatisPipelineUtilsThread - 0] INFO  pipeline.RatisPipelineProvider (RatisPipelineProvider.java:lambda$create$0(206)) - Sending CreatePipelineCommand for pipeline:PipelineID=4d932b74-1483-4799-95e6-6110a1c92487 to datanode:d47a9118-a689-402c-b263-2bea1a811f25
2023-02-16 22:43:03,651 [RatisPipelineUtilsThread - 0] INFO  pipeline.PipelineStateManagerImpl (PipelineStateManagerImpl.java:addPipeline(103)) - Created pipeline Pipeline[ Id: 4d932b74-1483-4799-95e6-6110a1c92487, Nodes: d47a9118-a689-402c-b263-2bea1a811f25(fv-az571-511/10.1.0.43), ReplicationConfig: RATIS/ONE, State:ALLOCATED, leaderId:, CreationTimestamp2023-02-16T22:43:03.650Z[Etc/UTC]].
2023-02-16 22:43:03,656 [RatisPipelineUtilsThread - 0] INFO  pipeline.RatisPipelineProvider (RatisPipelineProvider.java:lambda$create$0(206)) - Sending CreatePipelineCommand for pipeline:PipelineID=0d8cd3b7-e921-433d-9a06-f5246a9c6574 to datanode:d47a9118-a689-402c-b263-2bea1a811f25
2023-02-16 22:43:03,656 [RatisPipelineUtilsThread - 0] INFO  pipeline.RatisPipelineProvider (RatisPipelineProvider.java:lambda$create$0(206)) - Sending CreatePipelineCommand for pipeline:PipelineID=0d8cd3b7-e921-433d-9a06-f5246a9c6574 to datanode:85bc4c93-8919-4d90-bdda-716e90a765bf
2023-02-16 22:43:03,656 [RatisPipelineUtilsThread - 0] INFO  pipeline.RatisPipelineProvider (RatisPipelineProvider.java:lambda$create$0(206)) - Sending CreatePipelineCommand for pipeline:PipelineID=0d8cd3b7-e921-433d-9a06-f5246a9c6574 to datanode:2a62309e-ec6c-4a0a-91b7-4d126a386491
2023-02-16 22:43:03,657 [RatisPipelineUtilsThread - 0] INFO  pipeline.PipelineStateManagerImpl (PipelineStateManagerImpl.java:addPipeline(103)) - Created pipeline Pipeline[ Id: 0d8cd3b7-e921-433d-9a06-f5246a9c6574, Nodes: d47a9118-a689-402c-b263-2bea1a811f25(fv-az571-511/10.1.0.43)85bc4c93-8919-4d90-bdda-716e90a765bf(fv-az571-511/10.1.0.43)2a62309e-ec6c-4a0a-91b7-4d126a386491(fv-az571-511/10.1.0.43), ReplicationConfig: RATIS/THREE, State:ALLOCATED, leaderId:, CreationTimestamp2023-02-16T22:43:03.656Z[Etc/UTC]].
2023-02-16 22:43:03,660 [RatisPipelineUtilsThread - 0] INFO  pipeline.RatisPipelineProvider (RatisPipelineProvider.java:lambda$create$0(206)) - Sending CreatePipelineCommand for pipeline:PipelineID=887328f1-0fe5-4a1e-ad40-0c490c4db558 to datanode:85bc4c93-8919-4d90-bdda-716e90a765bf
2023-02-16 22:43:03,660 [RatisPipelineUtilsThread - 0] INFO  pipeline.RatisPipelineProvider (RatisPipelineProvider.java:lambda$create$0(206)) - Sending CreatePipelineCommand for pipeline:PipelineID=887328f1-0fe5-4a1e-ad40-0c490c4db558 to datanode:d47a9118-a689-402c-b263-2bea1a811f25
2023-02-16 22:43:03,661 [RatisPipelineUtilsThread - 0] INFO  pipeline.RatisPipelineProvider (RatisPipelineProvider.java:lambda$create$0(206)) - Sending CreatePipelineCommand for pipeline:PipelineID=887328f1-0fe5-4a1e-ad40-0c490c4db558 to datanode:2a62309e-ec6c-4a0a-91b7-4d126a386491
2023-02-16 22:43:03,662 [RatisPipelineUtilsThread - 0] INFO  pipeline.PipelineStateManagerImpl (PipelineStateManagerImpl.java:addPipeline(103)) - Created pipeline Pipeline[ Id: 887328f1-0fe5-4a1e-ad40-0c490c4db558, Nodes: 85bc4c93-8919-4d90-bdda-716e90a765bf(fv-az571-511/10.1.0.43)d47a9118-a689-402c-b263-2bea1a811f25(fv-az571-511/10.1.0.43)2a62309e-ec6c-4a0a-91b7-4d126a386491(fv-az571-511/10.1.0.43), ReplicationConfig: RATIS/THREE, State:ALLOCATED, leaderId:, CreationTimestamp2023-02-16T22:43:03.660Z[Etc/UTC]].
2023-02-16 22:43:03,662 [RatisPipelineUtilsThread - 0] INFO  pipeline.PipelineManagerImpl (PipelineManagerImpl.java:recordMetricsForPipeline(826)) - Pipeline: PipelineID=887328f1-0fe5-4a1e-ad40-0c490c4db558 contains same datanodes as previous pipelines: PipelineID=0d8cd3b7-e921-433d-9a06-f5246a9c6574 nodeIds: 85bc4c93-8919-4d90-bdda-716e90a765bf, d47a9118-a689-402c-b263-2bea1a811f25, 2a62309e-ec6c-4a0a-91b7-4d126a386491
2023-02-16 22:43:03,662 [RatisPipelineUtilsThread - 0] WARN  pipeline.PipelinePlacementPolicy (PipelinePlacementPolicy.java:filterViableNodes(158)) - Pipeline creation failed due to no sufficient healthy datanodes. Required 3. Found 0.
2023-02-16 22:43:03,666 [RatisPipelineUtilsThread - 0] WARN  pipeline.PipelinePlacementPolicy (PipelinePlacementPolicy.java:filterViableNodes(158)) - Pipeline creation failed due to no sufficient healthy datanodes. Required 3. Found 0.
2023-02-16 22:43:04,125 [IPC Server handler 3 on default port 35519] INFO  net.NetworkTopologyImpl (NetworkTopologyImpl.java:add(112)) - Added a new node: /default-rack/85dc0855-ecf4-4edb-b404-0334ac503e71
2023-02-16 22:43:04,126 [IPC Server handler 3 on default port 35519] INFO  node.SCMNodeManager (SCMNodeManager.java:register(397)) - Registered Data node : 85dc0855-ecf4-4edb-b404-0334ac503e71{ip: 10.1.0.43, host: fv-az571-511, ports: [REPLICATION=45025, RATIS=34953, RATIS_ADMIN=34953, RATIS_SERVER=34953, RATIS_DATASTREAM=33181, STANDALONE=37795], networkLocation: /default-rack, certSerialId: null, persistedOpState: null, persistedOpStateExpiryEpochSec: 0}
2023-02-16 22:43:04,127 [EventQueue-NewNodeForNewNodeHandler] INFO  pipeline.BackgroundPipelineCreator (BackgroundPipelineCreator.java:notifyEventTriggered(276)) - trigger a one-shot run on RatisPipelineUtilsThread.
2023-02-16 22:43:04,127 [RatisPipelineUtilsThread - 0] INFO  pipeline.RatisPipelineProvider (RatisPipelineProvider.java:lambda$create$0(206)) - Sending CreatePipelineCommand for pipeline:PipelineID=1594f393-415b-43e4-a091-a9b1ab4b43f5 to datanode:85dc0855-ecf4-4edb-b404-0334ac503e71
2023-02-16 22:43:04,128 [RatisPipelineUtilsThread - 0] INFO  pipeline.PipelineStateManagerImpl (PipelineStateManagerImpl.java:addPipeline(103)) - Created pipeline Pipeline[ Id: 1594f393-415b-43e4-a091-a9b1ab4b43f5, Nodes: 85dc0855-ecf4-4edb-b404-0334ac503e71(fv-az571-511/10.1.0.43), ReplicationConfig: RATIS/ONE, State:ALLOCATED, leaderId:, CreationTimestamp2023-02-16T22:43:04.127Z[Etc/UTC]].
2023-02-16 22:43:04,129 [RatisPipelineUtilsThread - 0] WARN  pipeline.PipelinePlacementPolicy (PipelinePlacementPolicy.java:filterViableNodes(158)) - Pipeline creation failed due to no sufficient healthy datanodes. Required 3. Found 1.
2023-02-16 22:43:04,543 [Listener at 127.0.0.1/41759] INFO  ozone.MiniOzoneClusterImpl (MiniOzoneClusterImpl.java:lambda$waitForClusterToBeReady$0(218)) - Waiting for nodes to be ready. Got 4 of 5 DN Heartbeats.
2023-02-16 22:43:04,544 [Listener at 127.0.0.1/41759] INFO  ozone.MiniOzoneClusterImpl (MiniOzoneClusterImpl.java:lambda$waitForClusterToBeReady$0(221)) - Waiting for cluster to exit safe mode
2023-02-16 22:43:04,544 [Listener at 127.0.0.1/41759] INFO  ozone.MiniOzoneClusterImpl (MiniOzoneClusterImpl.java:lambda$waitForClusterToBeReady$0(223)) - SCM became leader
2023-02-16 22:43:04,570 [IPC Server handler 1 on default port 35519] INFO  net.NetworkTopologyImpl (NetworkTopologyImpl.java:add(112)) - Added a new node: /default-rack/7f47c17a-df40-4172-b23f-53f5d31e4e62
2023-02-16 22:43:04,571 [IPC Server handler 1 on default port 35519] INFO  node.SCMNodeManager (SCMNodeManager.java:register(397)) - Registered Data node : 7f47c17a-df40-4172-b23f-53f5d31e4e62{ip: 10.1.0.43, host: fv-az571-511, ports: [REPLICATION=42025, RATIS=46661, RATIS_ADMIN=46661, RATIS_SERVER=46661, RATIS_DATASTREAM=45209, STANDALONE=46453], networkLocation: /default-rack, certSerialId: null, persistedOpState: null, persistedOpStateExpiryEpochSec: 0}
2023-02-16 22:43:04,571 [EventQueue-NewNodeForNewNodeHandler] INFO  pipeline.BackgroundPipelineCreator (BackgroundPipelineCreator.java:notifyEventTriggered(276)) - trigger a one-shot run on RatisPipelineUtilsThread.
2023-02-16 22:43:04,575 [RatisPipelineUtilsThread - 0] INFO  pipeline.RatisPipelineProvider (RatisPipelineProvider.java:lambda$create$0(206)) - Sending CreatePipelineCommand for pipeline:PipelineID=7f04cf60-aea5-4633-870c-3d614611362a to datanode:7f47c17a-df40-4172-b23f-53f5d31e4e62
2023-02-16 22:43:04,576 [RatisPipelineUtilsThread - 0] INFO  pipeline.PipelineStateManagerImpl (PipelineStateManagerImpl.java:addPipeline(103)) - Created pipeline Pipeline[ Id: 7f04cf60-aea5-4633-870c-3d614611362a, Nodes: 7f47c17a-df40-4172-b23f-53f5d31e4e62(fv-az571-511/10.1.0.43), ReplicationConfig: RATIS/ONE, State:ALLOCATED, leaderId:, CreationTimestamp2023-02-16T22:43:04.575Z[Etc/UTC]].
2023-02-16 22:43:04,577 [RatisPipelineUtilsThread - 0] WARN  pipeline.PipelinePlacementPolicy (PipelinePlacementPolicy.java:filterViableNodes(158)) - Pipeline creation failed due to no sufficient healthy datanodes. Required 3. Found 2.
2023-02-16 22:43:05,544 [Listener at 127.0.0.1/41759] INFO  ozone.MiniOzoneClusterImpl (MiniOzoneClusterImpl.java:lambda$waitForClusterToBeReady$0(218)) - Nodes are ready. Got 5 of 5 DN Heartbeats.
2023-02-16 22:43:05,544 [Listener at 127.0.0.1/41759] INFO  ozone.MiniOzoneClusterImpl (MiniOzoneClusterImpl.java:lambda$waitForClusterToBeReady$0(221)) - Waiting for cluster to exit safe mode
2023-02-16 22:43:05,545 [Listener at 127.0.0.1/41759] INFO  ozone.MiniOzoneClusterImpl (MiniOzoneClusterImpl.java:lambda$waitForClusterToBeReady$0(223)) - SCM became leader
2023-02-16 22:43:05,577 [Command processor thread] INFO  server.RaftServer (RaftServerProxy.java:addNew(96)) - 85bc4c93-8919-4d90-bdda-716e90a765bf: addNew group-A06FBE39A8FB:[85bc4c93-8919-4d90-bdda-716e90a765bf|rpc:10.1.0.43:40269|dataStream:10.1.0.43:36907|priority:1|startupRole:FOLLOWER] returns group-A06FBE39A8FB:java.util.concurrent.CompletableFuture@2149e6ea[Not completed]
2023-02-16 22:43:05,590 [pool-73-thread-1] INFO  server.RaftServer$Division (RaftServerImpl.java:<init>(195)) - 85bc4c93-8919-4d90-bdda-716e90a765bf: new RaftServerImpl for group-A06FBE39A8FB:[85bc4c93-8919-4d90-bdda-716e90a765bf|rpc:10.1.0.43:40269|dataStream:10.1.0.43:36907|priority:1|startupRole:FOLLOWER] with ContainerStateMachine:uninitialized
2023-02-16 22:43:05,590 [pool-73-thread-1] INFO  server.RaftServerConfigKeys (ConfUtils.java:logGet(46)) - raft.server.rpc.timeout.min = 5s (custom)
2023-02-16 22:43:05,590 [pool-73-thread-1] INFO  server.RaftServerConfigKeys (ConfUtils.java:logGet(46)) - raft.server.rpc.timeout.max = 5200ms (custom)
2023-02-16 22:43:05,590 [pool-73-thread-1] INFO  server.RaftServerConfigKeys (ConfUtils.java:logGet(46)) - raft.server.rpc.sleep.time = 25ms (default)
2023-02-16 22:43:05,590 [pool-73-thread-1] INFO  server.RaftServerConfigKeys (ConfUtils.java:logGet(46)) - raft.server.rpc.slowness.timeout = 300000ms (custom)
2023-02-16 22:43:05,590 [pool-73-thread-1] INFO  server.RaftServerConfigKeys (ConfUtils.java:logGet(46)) - raft.server.leaderelection.leader.step-down.wait-time = 10s (default)
2023-02-16 22:43:05,590 [pool-73-thread-1] INFO  server.RaftServerConfigKeys (ConfUtils.java:logGet(46)) - raft.server.sleep.deviation.threshold = 300ms (default)
2023-02-16 22:43:05,593 [pool-73-thread-1] INFO  server.RaftServer$Division (ServerState.java:<init>(118)) - 85bc4c93-8919-4d90-bdda-716e90a765bf@group-A06FBE39A8FB: ConfigurationManager, init=-1: peers:[85bc4c93-8919-4d90-bdda-716e90a765bf|rpc:10.1.0.43:40269|dataStream:10.1.0.43:36907|priority:1|startupRole:FOLLOWER]|listeners:[], old=null, confs=<EMPTY_MAP>
2023-02-16 22:43:05,593 [pool-73-thread-1] INFO  server.RaftServerConfigKeys (ConfUtils.java:logGet(46)) - raft.server.storage.dir = [/home/runner/work/ozone/ozone/hadoop-ozone/integration-test/target/test-dir/MiniOzoneClusterImpl-e104f6e4-c147-46af-9a65-8b38e2aa4633/datanode-0/data/ratis] (custom)
2023-02-16 22:43:05,594 [pool-73-thread-1] INFO  server.RaftServerConfigKeys (ConfUtils.java:logGet(46)) - raft.server.log.corruption.policy = EXCEPTION (default)
2023-02-16 22:43:05,594 [pool-73-thread-1] INFO  server.RaftServerConfigKeys (ConfUtils.java:logGet(46)) - raft.server.storage.free-space.min = 0MB (=0) (default)
2023-02-16 22:43:05,594 [pool-73-thread-1] INFO  server.RaftServerConfigKeys (ConfUtils.java:logGet(46)) - raft.server.notification.no-leader.timeout = 300000ms (custom)
2023-02-16 22:43:05,594 [pool-73-thread-1] INFO  server.RaftServerConfigKeys (ConfUtils.java:logGet(46)) - raft.server.retrycache.expirytime = 600000ms (custom)
2023-02-16 22:43:05,594 [pool-73-thread-1] INFO  server.RaftServerConfigKeys (ConfUtils.java:logGet(46)) - raft.server.retrycache.statistics.expirytime = 100μs (default)
2023-02-16 22:43:05,598 [pool-73-thread-1] INFO  server.RaftServerConfigKeys (ConfUtils.java:logGet(46)) - raft.server.log.appender.install.snapshot.enabled = false (custom)
2023-02-16 22:43:05,599 [pool-73-thread-1] INFO  server.RaftServerConfigKeys (ConfUtils.java:logGet(46)) - raft.server.threadpool.server.cached = true (default)
2023-02-16 22:43:05,599 [pool-73-thread-1] INFO  server.RaftServerConfigKeys (ConfUtils.java:logGet(46)) - raft.server.threadpool.server.size = 0 (default)
2023-02-16 22:43:05,599 [pool-73-thread-1] INFO  server.RaftServerConfigKeys (ConfUtils.java:logGet(46)) - raft.server.threadpool.client.cached = true (default)
2023-02-16 22:43:05,601 [pool-73-thread-1] INFO  server.RaftServerConfigKeys (ConfUtils.java:logGet(46)) - raft.server.threadpool.client.size = 0 (default)
2023-02-16 22:43:05,601 [pool-73-thread-1] INFO  storage.RaftStorageDirectory (RaftStorageDirectoryImpl.java:analyzeStorage(137)) - The storage directory /home/runner/work/ozone/ozone/hadoop-ozone/integration-test/target/test-dir/MiniOzoneClusterImpl-e104f6e4-c147-46af-9a65-8b38e2aa4633/datanode-0/data/ratis/08d850c1-04b9-40b7-bb07-a06fbe39a8fb does not exist. Creating ...
2023-02-16 22:43:05,605 [pool-73-thread-1] INFO  storage.RaftStorageDirectory (RaftStorageDirectoryImpl.java:tryLock(231)) - Lock on /home/runner/work/ozone/ozone/hadoop-ozone/integration-test/target/test-dir/MiniOzoneClusterImpl-e104f6e4-c147-46af-9a65-8b38e2aa4633/datanode-0/data/ratis/08d850c1-04b9-40b7-bb07-a06fbe39a8fb/in_use.lock acquired by nodename 60597@fv-az571-511
2023-02-16 22:43:05,607 [pool-73-thread-1] INFO  storage.RaftStorage (RaftStorageImpl.java:format(96)) - Storage directory /home/runner/work/ozone/ozone/hadoop-ozone/integration-test/target/test-dir/MiniOzoneClusterImpl-e104f6e4-c147-46af-9a65-8b38e2aa4633/datanode-0/data/ratis/08d850c1-04b9-40b7-bb07-a06fbe39a8fb has been successfully formatted.
2023-02-16 22:43:05,612 [pool-73-thread-1] INFO  ratis.ContainerStateMachine (ContainerStateMachine.java:loadSnapshot(240)) - group-A06FBE39A8FB: The snapshot info is null. Setting the last applied indexto:(t:0, i:~)
2023-02-16 22:43:05,613 [pool-73-thread-1] INFO  server.RaftServerConfigKeys (ConfUtils.java:logGet(46)) - raft.server.log.use.memory = false (default)
2023-02-16 22:43:05,613 [pool-73-thread-1] INFO  server.RaftServerConfigKeys (ConfUtils.java:logGet(46)) - raft.server.log.purge.gap = 1000000 (custom)
2023-02-16 22:43:05,613 [pool-73-thread-1] INFO  server.RaftServerConfigKeys (ConfUtils.java:logGet(46)) - raft.server.log.appender.buffer.byte-limit = 33554432 (custom)
2023-02-16 22:43:05,613 [pool-73-thread-1] INFO  server.RaftServerConfigKeys (ConfUtils.java:logGet(46)) - raft.server.log.statemachine.data.read.timeout = 1000ms (default)
2023-02-16 22:43:05,613 [pool-73-thread-1] INFO  server.RaftServerConfigKeys (ConfUtils.java:logGet(46)) - raft.server.log.purge.preservation.log.num = 0 (default)
2023-02-16 22:43:05,614 [pool-73-thread-1] INFO  server.RaftServerConfigKeys (ConfUtils.java:logGet(46)) - raft.server.log.segment.size.max = 1048576 (custom)
2023-02-16 22:43:05,615 [pool-73-thread-1] INFO  server.RaftServerConfigKeys (ConfUtils.java:logGet(46)) - raft.server.log.segment.cache.num.max = 2 (custom)
2023-02-16 22:43:05,615 [pool-73-thread-1] INFO  server.RaftServerConfigKeys (ConfUtils.java:logGet(46)) - raft.server.log.segment.cache.size.max = 200MB (=209715200) (default)
2023-02-16 22:43:05,615 [pool-73-thread-1] INFO  segmented.SegmentedRaftLogWorker (SegmentedRaftLogWorker.java:<init>(189)) - new 85bc4c93-8919-4d90-bdda-716e90a765bf@group-A06FBE39A8FB-SegmentedRaftLogWorker for RaftStorageImpl:Storage Directory /home/runner/work/ozone/ozone/hadoop-ozone/integration-test/target/test-dir/MiniOzoneClusterImpl-e104f6e4-c147-46af-9a65-8b38e2aa4633/datanode-0/data/ratis/08d850c1-04b9-40b7-bb07-a06fbe39a8fb
2023-02-16 22:43:05,615 [pool-73-thread-1] INFO  server.RaftServerConfigKeys (ConfUtils.java:logGet(46)) - raft.server.log.queue.byte-limit = 4294967296 (custom)
2023-02-16 22:43:05,615 [pool-73-thread-1] INFO  server.RaftServerConfigKeys (ConfUtils.java:logGet(46)) - raft.server.log.queue.element-limit = 1024 (custom)
2023-02-16 22:43:05,615 [pool-73-thread-1] INFO  server.RaftServerConfigKeys (ConfUtils.java:logGet(46)) - raft.server.log.segment.size.max = 1048576 (custom)
2023-02-16 22:43:05,615 [pool-73-thread-1] INFO  server.RaftServerConfigKeys (ConfUtils.java:logGet(46)) - raft.server.log.preallocated.size = 16384 (custom)
2023-02-16 22:43:05,615 [pool-73-thread-1] INFO  server.RaftServerConfigKeys (ConfUtils.java:logGet(46)) - raft.server.log.force.sync.num = 128 (default)
2023-02-16 22:43:05,616 [pool-73-thread-1] INFO  server.RaftServerConfigKeys (ConfUtils.java:logGet(46)) - raft.server.log.statemachine.data.sync = true (default)
2023-02-16 22:43:05,616 [pool-73-thread-1] INFO  server.RaftServerConfigKeys (ConfUtils.java:logGet(46)) - raft.server.log.statemachine.data.sync.timeout = 10s (default)
2023-02-16 22:43:05,616 [pool-73-thread-1] INFO  server.RaftServerConfigKeys (ConfUtils.java:logGet(46)) - raft.server.log.statemachine.data.sync.timeout.retry = -1 (default)
2023-02-16 22:43:05,624 [pool-73-thread-1] INFO  server.RaftServerConfigKeys (ConfUtils.java:logGet(46)) - raft.server.log.write.buffer.size = 1048576 (custom)
2023-02-16 22:43:05,626 [pool-73-thread-1] INFO  server.RaftServerConfigKeys (ConfUtils.java:logGet(46)) - raft.server.log.appender.buffer.byte-limit = 33554432 (custom)
2023-02-16 22:43:05,632 [pool-73-thread-1] INFO  server.RaftServerConfigKeys (ConfUtils.java:logGet(46)) - raft.server.log.unsafe-flush.enabled = false (default)
2023-02-16 22:43:05,632 [pool-73-thread-1] INFO  server.RaftServerConfigKeys (ConfUtils.java:logGet(46)) - raft.server.log.async-flush.enabled = false (default)
2023-02-16 22:43:05,633 [pool-73-thread-1] INFO  server.RaftServerConfigKeys (ConfUtils.java:logGet(46)) - raft.server.log.statemachine.data.caching.enabled = true (custom)
2023-02-16 22:43:05,633 [pool-73-thread-1] INFO  segmented.SegmentedRaftLogWorker (SegmentedRaftLogWorker.java:lambda$new$0(135)) - 85bc4c93-8919-4d90-bdda-716e90a765bf@group-A06FBE39A8FB-SegmentedRaftLogWorker: flushIndex: setUnconditionally 0 -> -1
2023-02-16 22:43:05,633 [pool-73-thread-1] INFO  segmented.SegmentedRaftLogWorker (SegmentedRaftLogWorker.java:lambda$new$0(135)) - 85bc4c93-8919-4d90-bdda-716e90a765bf@group-A06FBE39A8FB-SegmentedRaftLogWorker: safeCacheEvictIndex: setUnconditionally 0 -> -1
2023-02-16 22:43:05,633 [pool-73-thread-1] INFO  server.RaftServer$Division (RaftServerImpl.java:start(334)) - 85bc4c93-8919-4d90-bdda-716e90a765bf@group-A06FBE39A8FB: start as a follower, conf=-1: peers:[85bc4c93-8919-4d90-bdda-716e90a765bf|rpc:10.1.0.43:40269|dataStream:10.1.0.43:36907|priority:1|startupRole:FOLLOWER]|listeners:[], old=null
2023-02-16 22:43:05,634 [pool-73-thread-1] INFO  server.RaftServer$Division (RaftServerImpl.java:setRole(321)) - 85bc4c93-8919-4d90-bdda-716e90a765bf@group-A06FBE39A8FB: changes role from      null to FOLLOWER at term 0 for startAsFollower
2023-02-16 22:43:05,634 [pool-73-thread-1] INFO  impl.RoleInfo (RoleInfo.java:updateAndGet(139)) - 85bc4c93-8919-4d90-bdda-716e90a765bf: start 85bc4c93-8919-4d90-bdda-716e90a765bf@group-A06FBE39A8FB-FollowerState
2023-02-16 22:43:05,634 [pool-73-thread-1] INFO  util.JmxRegister (JmxRegister.java:tryRegister(44)) - Successfully registered JMX Bean with object name Ratis:service=RaftServer,group=group-A06FBE39A8FB,id=85bc4c93-8919-4d90-bdda-716e90a765bf
2023-02-16 22:43:05,634 [pool-73-thread-1] INFO  server.RaftServerConfigKeys (ConfUtils.java:logGet(46)) - raft.server.snapshot.auto.trigger.enabled = true (custom)
2023-02-16 22:43:05,634 [pool-73-thread-1] INFO  server.RaftServerConfigKeys (ConfUtils.java:logGet(46)) - raft.server.snapshot.auto.trigger.threshold = 10000 (custom)
2023-02-16 22:43:05,635 [pool-73-thread-1] INFO  server.RaftServerConfigKeys (ConfUtils.java:logGet(46)) - raft.server.snapshot.retention.file.num = 5 (custom)
2023-02-16 22:43:05,635 [pool-73-thread-1] INFO  server.RaftServerConfigKeys (ConfUtils.java:logGet(46)) - raft.server.log.purge.upto.snapshot.index = false (default)
2023-02-16 22:43:05,636 [85bc4c93-8919-4d90-bdda-716e90a765bf@group-A06FBE39A8FB-FollowerState] INFO  server.RaftServerConfigKeys (ConfUtils.java:logFallback(53)) - raft.server.rpc.first-election.timeout.min = 5s (fallback to raft.server.rpc.timeout.min)
2023-02-16 22:43:05,636 [85bc4c93-8919-4d90-bdda-716e90a765bf@group-A06FBE39A8FB-FollowerState] INFO  server.RaftServerConfigKeys (ConfUtils.java:logFallback(53)) - raft.server.rpc.first-election.timeout.max = 5200ms (fallback to raft.server.rpc.timeout.max)
2023-02-16 22:43:05,644 [EventQueue-PipelineReportForPipelineReportHandler] INFO  pipeline.PipelineManagerImpl (PipelineManagerImpl.java:openPipeline(367)) - Pipeline Pipeline[ Id: 08d850c1-04b9-40b7-bb07-a06fbe39a8fb, Nodes: 85bc4c93-8919-4d90-bdda-716e90a765bf(fv-az571-511/10.1.0.43), ReplicationConfig: RATIS/ONE, State:ALLOCATED, leaderId:85bc4c93-8919-4d90-bdda-716e90a765bf, CreationTimestamp2023-02-16T22:43:02.615Z[Etc/UTC]] moved to OPEN state
2023-02-16 22:43:05,650 [EventQueue-OpenPipelineForHealthyPipelineSafeModeRule] INFO  safemode.SCMSafeModeManager (HealthyPipelineSafeModeRule.java:process(137)) - SCM in safe mode. Healthy pipelines reported count is 0, required healthy pipeline reported count is 1
2023-02-16 22:43:05,659 [Command processor thread] INFO  ratis.XceiverServerRatis (XceiverServerRatis.java:addGroup(807)) - Created group PipelineID=08d850c1-04b9-40b7-bb07-a06fbe39a8fb
2023-02-16 22:43:05,660 [Command processor thread] INFO  commandhandler.CreatePipelineCommandHandler (CreatePipelineCommandHandler.java:handle(113)) - Created Pipeline RATIS ONE PipelineID=08d850c1-04b9-40b7-bb07-a06fbe39a8fb.
2023-02-16 22:43:05,660 [Command processor thread] INFO  server.RaftServer (RaftServerProxy.java:addNew(96)) - 85bc4c93-8919-4d90-bdda-716e90a765bf: addNew group-F5246A9C6574:[2a62309e-ec6c-4a0a-91b7-4d126a386491|rpc:10.1.0.43:34649|dataStream:10.1.0.43:38237|priority:1|startupRole:FOLLOWER, d47a9118-a689-402c-b263-2bea1a811f25|rpc:10.1.0.43:39221|dataStream:10.1.0.43:38769|priority:0|startupRole:FOLLOWER, 85bc4c93-8919-4d90-bdda-716e90a765bf|rpc:10.1.0.43:40269|dataStream:10.1.0.43:36907|priority:0|startupRole:FOLLOWER] returns group-F5246A9C6574:java.util.concurrent.CompletableFuture@6b94eac4[Not completed]
2023-02-16 22:43:05,663 [pool-73-thread-1] INFO  server.RaftServer$Division (RaftServerImpl.java:<init>(195)) - 85bc4c93-8919-4d90-bdda-716e90a765bf: new RaftServerImpl for group-F5246A9C6574:[2a62309e-ec6c-4a0a-91b7-4d126a386491|rpc:10.1.0.43:34649|dataStream:10.1.0.43:38237|priority:1|startupRole:FOLLOWER, d47a9118-a689-402c-b263-2bea1a811f25|rpc:10.1.0.43:39221|dataStream:10.1.0.43:38769|priority:0|startupRole:FOLLOWER, 85bc4c93-8919-4d90-bdda-716e90a765bf|rpc:10.1.0.43:40269|dataStream:10.1.0.43:36907|priority:0|startupRole:FOLLOWER] with ContainerStateMachine:uninitialized
2023-02-16 22:43:05,663 [pool-73-thread-1] INFO  server.RaftServerConfigKeys (ConfUtils.java:logGet(46)) - raft.server.rpc.timeout.min = 5s (custom)
2023-02-16 22:43:05,663 [pool-73-thread-1] INFO  server.RaftServerConfigKeys (ConfUtils.java:logGet(46)) - raft.server.rpc.timeout.max = 5200ms (custom)
2023-02-16 22:43:05,663 [pool-73-thread-1] INFO  server.RaftServerConfigKeys (ConfUtils.java:logGet(46)) - raft.server.rpc.sleep.time = 25ms (default)
2023-02-16 22:43:05,663 [pool-73-thread-1] INFO  server.RaftServerConfigKeys (ConfUtils.java:logGet(46)) - raft.server.rpc.slowness.timeout = 300000ms (custom)
2023-02-16 22:43:05,663 [pool-73-thread-1] INFO  server.RaftServerConfigKeys (ConfUtils.java:logGet(46)) - raft.server.leaderelection.leader.step-down.wait-time = 10s (default)
2023-02-16 22:43:05,665 [pool-73-thread-1] INFO  server.RaftServerConfigKeys (ConfUtils.java:logGet(46)) - raft.server.sleep.deviation.threshold = 300ms (default)
2023-02-16 22:43:05,665 [pool-73-thread-1] INFO  server.RaftServer$Division (ServerState.java:<init>(118)) - 85bc4c93-8919-4d90-bdda-716e90a765bf@group-F5246A9C6574: ConfigurationManager, init=-1: peers:[2a62309e-ec6c-4a0a-91b7-4d126a386491|rpc:10.1.0.43:34649|dataStream:10.1.0.43:38237|priority:1|startupRole:FOLLOWER, d47a9118-a689-402c-b263-2bea1a811f25|rpc:10.1.0.43:39221|dataStream:10.1.0.43:38769|priority:0|startupRole:FOLLOWER, 85bc4c93-8919-4d90-bdda-716e90a765bf|rpc:10.1.0.43:40269|dataStream:10.1.0.43:36907|priority:0|startupRole:FOLLOWER]|listeners:[], old=null, confs=<EMPTY_MAP>
2023-02-16 22:43:05,665 [pool-73-thread-1] INFO  server.RaftServerConfigKeys (ConfUtils.java:logGet(46)) - raft.server.storage.dir = [/home/runner/work/ozone/ozone/hadoop-ozone/integration-test/target/test-dir/MiniOzoneClusterImpl-e104f6e4-c147-46af-9a65-8b38e2aa4633/datanode-0/data/ratis] (custom)
2023-02-16 22:43:05,665 [pool-73-thread-1] INFO  server.RaftServerConfigKeys (ConfUtils.java:logGet(46)) - raft.server.log.corruption.policy = EXCEPTION (default)
2023-02-16 22:43:05,665 [pool-73-thread-1] INFO  server.RaftServerConfigKeys (ConfUtils.java:logGet(46)) - raft.server.storage.free-space.min = 0MB (=0) (default)
2023-02-16 22:43:05,666 [pool-73-thread-1] INFO  server.RaftServerConfigKeys (ConfUtils.java:logGet(46)) - raft.server.notification.no-leader.timeout = 300000ms (custom)
2023-02-16 22:43:05,666 [pool-73-thread-1] INFO  server.RaftServerConfigKeys (ConfUtils.java:logGet(46)) - raft.server.retrycache.expirytime = 600000ms (custom)
2023-02-16 22:43:05,667 [pool-73-thread-1] INFO  server.RaftServerConfigKeys (ConfUtils.java:logGet(46)) - raft.server.retrycache.statistics.expirytime = 100μs (default)
2023-02-16 22:43:05,673 [pool-73-thread-1] INFO  server.RaftServerConfigKeys (ConfUtils.java:logGet(46)) - raft.server.log.appender.install.snapshot.enabled = false (custom)
2023-02-16 22:43:05,673 [pool-73-thread-1] INFO  server.RaftServerConfigKeys (ConfUtils.java:logGet(46)) - raft.server.threadpool.server.cached = true (default)
2023-02-16 22:43:05,674 [pool-73-thread-1] INFO  server.RaftServerConfigKeys (ConfUtils.java:logGet(46)) - raft.server.threadpool.server.size = 0 (default)
2023-02-16 22:43:05,674 [pool-73-thread-1] INFO  server.RaftServerConfigKeys (ConfUtils.java:logGet(46)) - raft.server.threadpool.client.cached = true (default)
2023-02-16 22:43:05,675 [pool-73-thread-1] INFO  server.RaftServerConfigKeys (ConfUtils.java:logGet(46)) - raft.server.threadpool.client.size = 0 (default)
2023-02-16 22:43:05,675 [pool-73-thread-1] INFO  storage.RaftStorageDirectory (RaftStorageDirectoryImpl.java:analyzeStorage(137)) - The storage directory /home/runner/work/ozone/ozone/hadoop-ozone/integration-test/target/test-dir/MiniOzoneClusterImpl-e104f6e4-c147-46af-9a65-8b38e2aa4633/datanode-0/data/ratis/0d8cd3b7-e921-433d-9a06-f5246a9c6574 does not exist. Creating ...
2023-02-16 22:43:05,676 [pool-73-thread-1] INFO  storage.RaftStorageDirectory (RaftStorageDirectoryImpl.java:tryLock(231)) - Lock on /home/runner/work/ozone/ozone/hadoop-ozone/integration-test/target/test-dir/MiniOzoneClusterImpl-e104f6e4-c147-46af-9a65-8b38e2aa4633/datanode-0/data/ratis/0d8cd3b7-e921-433d-9a06-f5246a9c6574/in_use.lock acquired by nodename 60597@fv-az571-511
2023-02-16 22:43:05,679 [pool-73-thread-1] INFO  storage.RaftStorage (RaftStorageImpl.java:format(96)) - Storage directory /home/runner/work/ozone/ozone/hadoop-ozone/integration-test/target/test-dir/MiniOzoneClusterImpl-e104f6e4-c147-46af-9a65-8b38e2aa4633/datanode-0/data/ratis/0d8cd3b7-e921-433d-9a06-f5246a9c6574 has been successfully formatted.
2023-02-16 22:43:05,679 [pool-73-thread-1] INFO  ratis.ContainerStateMachine (ContainerStateMachine.java:loadSnapshot(240)) - group-F5246A9C6574: The snapshot info is null. Setting the last applied indexto:(t:0, i:~)
2023-02-16 22:43:05,679 [pool-73-thread-1] INFO  server.RaftServerConfigKeys (ConfUtils.java:logGet(46)) - raft.server.log.use.memory = false (default)
2023-02-16 22:43:05,679 [pool-73-thread-1] INFO  server.RaftServerConfigKeys (ConfUtils.java:logGet(46)) - raft.server.log.purge.gap = 1000000 (custom)
2023-02-16 22:43:05,679 [pool-73-thread-1] INFO  server.RaftServerConfigKeys (ConfUtils.java:logGet(46)) - raft.server.log.appender.buffer.byte-limit = 33554432 (custom)
2023-02-16 22:43:05,679 [pool-73-thread-1] INFO  server.RaftServerConfigKeys (ConfUtils.java:logGet(46)) - raft.server.log.statemachine.data.read.timeout = 1000ms (default)
2023-02-16 22:43:05,679 [pool-73-thread-1] INFO  server.RaftServerConfigKeys (ConfUtils.java:logGet(46)) - raft.server.log.purge.preservation.log.num = 0 (default)
2023-02-16 22:43:05,680 [pool-73-thread-1] INFO  server.RaftServerConfigKeys (ConfUtils.java:logGet(46)) - raft.server.log.segment.size.max = 1048576 (custom)
2023-02-16 22:43:05,682 [EventQueue-OpenPipelineForHealthyPipelineSafeModeRule] INFO  safemode.SCMSafeModeManager (HealthyPipelineSafeModeRule.java:process(137)) - SCM in safe mode. Healthy pipelines reported count is 0, required healthy pipeline reported count is 1
2023-02-16 22:43:05,684 [pool-73-thread-1] INFO  server.RaftServerConfigKeys (ConfUtils.java:logGet(46)) - raft.server.log.segment.cache.num.max = 2 (custom)
2023-02-16 22:43:05,684 [pool-73-thread-1] INFO  server.RaftServerConfigKeys (ConfUtils.java:logGet(46)) - raft.server.log.segment.cache.size.max = 200MB (=209715200) (default)
2023-02-16 22:43:05,684 [pool-73-thread-1] INFO  segmented.SegmentedRaftLogWorker (SegmentedRaftLogWorker.java:<init>(189)) - new 85bc4c93-8919-4d90-bdda-716e90a765bf@group-F5246A9C6574-SegmentedRaftLogWorker for RaftStorageImpl:Storage Directory /home/runner/work/ozone/ozone/hadoop-ozone/integration-test/target/test-dir/MiniOzoneClusterImpl-e104f6e4-c147-46af-9a65-8b38e2aa4633/datanode-0/data/ratis/0d8cd3b7-e921-433d-9a06-f5246a9c6574
2023-02-16 22:43:05,684 [pool-73-thread-1] INFO  server.RaftServerConfigKeys (ConfUtils.java:logGet(46)) - raft.server.log.queue.byte-limit = 4294967296 (custom)
2023-02-16 22:43:05,684 [pool-73-thread-1] INFO  server.RaftServerConfigKeys (ConfUtils.java:logGet(46)) - raft.server.log.queue.element-limit = 1024 (custom)
2023-02-16 22:43:05,685 [pool-73-thread-1] INFO  server.RaftServerConfigKeys (ConfUtils.java:logGet(46)) - raft.server.log.segment.size.max = 1048576 (custom)
2023-02-16 22:43:05,685 [pool-73-thread-1] INFO  server.RaftServerConfigKeys (ConfUtils.java:logGet(46)) - raft.server.log.preallocated.size = 16384 (custom)
2023-02-16 22:43:05,685 [pool-73-thread-1] INFO  server.RaftServerConfigKeys (ConfUtils.java:logGet(46)) - raft.server.log.force.sync.num = 128 (default)
2023-02-16 22:43:05,685 [pool-73-thread-1] INFO  server.RaftServerConfigKeys (ConfUtils.java:logGet(46)) - raft.server.log.statemachine.data.sync = true (default)
2023-02-16 22:43:05,685 [pool-73-thread-1] INFO  server.RaftServerConfigKeys (ConfUtils.java:logGet(46)) - raft.server.log.statemachine.data.sync.timeout = 10s (default)
2023-02-16 22:43:05,685 [pool-73-thread-1] INFO  server.RaftServerConfigKeys (ConfUtils.java:logGet(46)) - raft.server.log.statemachine.data.sync.timeout.retry = -1 (default)
2023-02-16 22:43:05,690 [pool-73-thread-1] INFO  server.RaftServerConfigKeys (ConfUtils.java:logGet(46)) - raft.server.log.write.buffer.size = 1048576 (custom)
2023-02-16 22:43:05,691 [pool-73-thread-1] INFO  server.RaftServerConfigKeys (ConfUtils.java:logGet(46)) - raft.server.log.appender.buffer.byte-limit = 33554432 (custom)
2023-02-16 22:43:05,699 [pool-73-thread-1] INFO  server.RaftServerConfigKeys (ConfUtils.java:logGet(46)) - raft.server.log.unsafe-flush.enabled = false (default)
2023-02-16 22:43:05,700 [pool-73-thread-1] INFO  server.RaftServerConfigKeys (ConfUtils.java:logGet(46)) - raft.server.log.async-flush.enabled = false (default)
2023-02-16 22:43:05,700 [pool-73-thread-1] INFO  server.RaftServerConfigKeys (ConfUtils.java:logGet(46)) - raft.server.log.statemachine.data.caching.enabled = true (custom)
2023-02-16 22:43:05,700 [pool-73-thread-1] INFO  segmented.SegmentedRaftLogWorker (SegmentedRaftLogWorker.java:lambda$new$0(135)) - 85bc4c93-8919-4d90-bdda-716e90a765bf@group-F5246A9C6574-SegmentedRaftLogWorker: flushIndex: setUnconditionally 0 -> -1
2023-02-16 22:43:05,700 [pool-73-thread-1] INFO  segmented.SegmentedRaftLogWorker (SegmentedRaftLogWorker.java:lambda$new$0(135)) - 85bc4c93-8919-4d90-bdda-716e90a765bf@group-F5246A9C6574-SegmentedRaftLogWorker: safeCacheEvictIndex: setUnconditionally 0 -> -1
2023-02-16 22:43:05,701 [pool-73-thread-1] INFO  server.RaftServer$Division (RaftServerImpl.java:start(334)) - 85bc4c93-8919-4d90-bdda-716e90a765bf@group-F5246A9C6574: start as a follower, conf=-1: peers:[2a62309e-ec6c-4a0a-91b7-4d126a386491|rpc:10.1.0.43:34649|dataStream:10.1.0.43:38237|priority:1|startupRole:FOLLOWER, d47a9118-a689-402c-b263-2bea1a811f25|rpc:10.1.0.43:39221|dataStream:10.1.0.43:38769|priority:0|startupRole:FOLLOWER, 85bc4c93-8919-4d90-bdda-716e90a765bf|rpc:10.1.0.43:40269|dataStream:10.1.0.43:36907|priority:0|startupRole:FOLLOWER]|listeners:[], old=null
2023-02-16 22:43:05,701 [pool-73-thread-1] INFO  server.RaftServer$Division (RaftServerImpl.java:setRole(321)) - 85bc4c93-8919-4d90-bdda-716e90a765bf@group-F5246A9C6574: changes role from      null to FOLLOWER at term 0 for startAsFollower
2023-02-16 22:43:05,701 [pool-73-thread-1] INFO  impl.RoleInfo (RoleInfo.java:updateAndGet(139)) - 85bc4c93-8919-4d90-bdda-716e90a765bf: start 85bc4c93-8919-4d90-bdda-716e90a765bf@group-F5246A9C6574-FollowerState
2023-02-16 22:43:05,705 [pool-73-thread-1] INFO  util.JmxRegister (JmxRegister.java:tryRegister(44)) - Successfully registered JMX Bean with object name Ratis:service=RaftServer,group=group-F5246A9C6574,id=85bc4c93-8919-4d90-bdda-716e90a765bf
2023-02-16 22:43:05,705 [pool-73-thread-1] INFO  server.RaftServerConfigKeys (ConfUtils.java:logGet(46)) - raft.server.snapshot.auto.trigger.enabled = true (custom)
2023-02-16 22:43:05,705 [pool-73-thread-1] INFO  server.RaftServerConfigKeys (ConfUtils.java:logGet(46)) - raft.server.snapshot.auto.trigger.threshold = 10000 (custom)
2023-02-16 22:43:05,706 [pool-73-thread-1] INFO  server.RaftServerConfigKeys (ConfUtils.java:logGet(46)) - raft.server.snapshot.retention.file.num = 5 (custom)
2023-02-16 22:43:05,706 [pool-73-thread-1] INFO  server.RaftServerConfigKeys (ConfUtils.java:logGet(46)) - raft.server.log.purge.upto.snapshot.index = false (default)
2023-02-16 22:43:05,709 [Command processor thread] INFO  ratis.XceiverServerRatis (XceiverServerRatis.java:addGroup(807)) - Created group PipelineID=0d8cd3b7-e921-433d-9a06-f5246a9c6574
2023-02-16 22:43:05,721 [85bc4c93-8919-4d90-bdda-716e90a765bf@group-F5246A9C6574-FollowerState] INFO  server.RaftServerConfigKeys (ConfUtils.java:logFallback(53)) - raft.server.rpc.first-election.timeout.min = 5s (fallback to raft.server.rpc.timeout.min)
2023-02-16 22:43:05,721 [85bc4c93-8919-4d90-bdda-716e90a765bf@group-F5246A9C6574-FollowerState] INFO  server.RaftServerConfigKeys (ConfUtils.java:logFallback(53)) - raft.server.rpc.first-election.timeout.max = 5200ms (fallback to raft.server.rpc.timeout.max)
2023-02-16 22:43:06,181 [Command processor thread] INFO  server.RaftServer (RaftServerProxy.java:addNew(96)) - 2a62309e-ec6c-4a0a-91b7-4d126a386491: addNew group-DC7EA6ED705C:[2a62309e-ec6c-4a0a-91b7-4d126a386491|rpc:10.1.0.43:34649|dataStream:10.1.0.43:38237|priority:1|startupRole:FOLLOWER] returns group-DC7EA6ED705C:java.util.concurrent.CompletableFuture@4b5127e9[Not completed]
2023-02-16 22:43:06,193 [pool-95-thread-1] INFO  server.RaftServer$Division (RaftServerImpl.java:<init>(195)) - 2a62309e-ec6c-4a0a-91b7-4d126a386491: new RaftServerImpl for group-DC7EA6ED705C:[2a62309e-ec6c-4a0a-91b7-4d126a386491|rpc:10.1.0.43:34649|dataStream:10.1.0.43:38237|priority:1|startupRole:FOLLOWER] with ContainerStateMachine:uninitialized
2023-02-16 22:43:06,194 [pool-95-thread-1] INFO  server.RaftServerConfigKeys (ConfUtils.java:logGet(46)) - raft.server.rpc.timeout.min = 5s (custom)
2023-02-16 22:43:06,194 [pool-95-thread-1] INFO  server.RaftServerConfigKeys (ConfUtils.java:logGet(46)) - raft.server.rpc.timeout.max = 5200ms (custom)
2023-02-16 22:43:06,196 [pool-95-thread-1] INFO  server.RaftServerConfigKeys (ConfUtils.java:logGet(46)) - raft.server.rpc.sleep.time = 25ms (default)
2023-02-16 22:43:06,196 [pool-95-thread-1] INFO  server.RaftServerConfigKeys (ConfUtils.java:logGet(46)) - raft.server.rpc.slowness.timeout = 300000ms (custom)
2023-02-16 22:43:06,196 [pool-95-thread-1] INFO  server.RaftServerConfigKeys (ConfUtils.java:logGet(46)) - raft.server.leaderelection.leader.step-down.wait-time = 10s (default)
2023-02-16 22:43:06,196 [pool-95-thread-1] INFO  server.RaftServerConfigKeys (ConfUtils.java:logGet(46)) - raft.server.sleep.deviation.threshold = 300ms (default)
2023-02-16 22:43:06,197 [pool-95-thread-1] INFO  server.RaftServer$Division (ServerState.java:<init>(118)) - 2a62309e-ec6c-4a0a-91b7-4d126a386491@group-DC7EA6ED705C: ConfigurationManager, init=-1: peers:[2a62309e-ec6c-4a0a-91b7-4d126a386491|rpc:10.1.0.43:34649|dataStream:10.1.0.43:38237|priority:1|startupRole:FOLLOWER]|listeners:[], old=null, confs=<EMPTY_MAP>
2023-02-16 22:43:06,198 [pool-95-thread-1] INFO  server.RaftServerConfigKeys (ConfUtils.java:logGet(46)) - raft.server.storage.dir = [/home/runner/work/ozone/ozone/hadoop-ozone/integration-test/target/test-dir/MiniOzoneClusterImpl-e104f6e4-c147-46af-9a65-8b38e2aa4633/datanode-1/data/ratis] (custom)
2023-02-16 22:43:06,198 [pool-95-thread-1] INFO  server.RaftServerConfigKeys (ConfUtils.java:logGet(46)) - raft.server.log.corruption.policy = EXCEPTION (default)
2023-02-16 22:43:06,198 [pool-95-thread-1] INFO  server.RaftServerConfigKeys (ConfUtils.java:logGet(46)) - raft.server.storage.free-space.min = 0MB (=0) (default)
2023-02-16 22:43:06,198 [pool-95-thread-1] INFO  server.RaftServerConfigKeys (ConfUtils.java:logGet(46)) - raft.server.notification.no-leader.timeout = 300000ms (custom)
2023-02-16 22:43:06,198 [pool-95-thread-1] INFO  server.RaftServerConfigKeys (ConfUtils.java:logGet(46)) - raft.server.retrycache.expirytime = 600000ms (custom)
2023-02-16 22:43:06,201 [pool-95-thread-1] INFO  server.RaftServerConfigKeys (ConfUtils.java:logGet(46)) - raft.server.retrycache.statistics.expirytime = 100μs (default)
2023-02-16 22:43:06,215 [pool-95-thread-1] INFO  server.RaftServerConfigKeys (ConfUtils.java:logGet(46)) - raft.server.log.appender.install.snapshot.enabled = false (custom)
2023-02-16 22:43:06,215 [pool-95-thread-1] INFO  server.RaftServerConfigKeys (ConfUtils.java:logGet(46)) - raft.server.threadpool.server.cached = true (default)
2023-02-16 22:43:06,215 [pool-95-thread-1] INFO  server.RaftServerConfigKeys (ConfUtils.java:logGet(46)) - raft.server.threadpool.server.size = 0 (default)
2023-02-16 22:43:06,215 [pool-95-thread-1] INFO  server.RaftServerConfigKeys (ConfUtils.java:logGet(46)) - raft.server.threadpool.client.cached = true (default)
2023-02-16 22:43:06,217 [pool-95-thread-1] INFO  server.RaftServerConfigKeys (ConfUtils.java:logGet(46)) - raft.server.threadpool.client.size = 0 (default)
2023-02-16 22:43:06,219 [pool-95-thread-1] INFO  storage.RaftStorageDirectory (RaftStorageDirectoryImpl.java:analyzeStorage(137)) - The storage directory /home/runner/work/ozone/ozone/hadoop-ozone/integration-test/target/test-dir/MiniOzoneClusterImpl-e104f6e4-c147-46af-9a65-8b38e2aa4633/datanode-1/data/ratis/a7288742-3c19-48a7-a608-dc7ea6ed705c does not exist. Creating ...
2023-02-16 22:43:06,223 [pool-95-thread-1] INFO  storage.RaftStorageDirectory (RaftStorageDirectoryImpl.java:tryLock(231)) - Lock on /home/runner/work/ozone/ozone/hadoop-ozone/integration-test/target/test-dir/MiniOzoneClusterImpl-e104f6e4-c147-46af-9a65-8b38e2aa4633/datanode-1/data/ratis/a7288742-3c19-48a7-a608-dc7ea6ed705c/in_use.lock acquired by nodename 60597@fv-az571-511
2023-02-16 22:43:06,226 [pool-95-thread-1] INFO  storage.RaftStorage (RaftStorageImpl.java:format(96)) - Storage directory /home/runner/work/ozone/ozone/hadoop-ozone/integration-test/target/test-dir/MiniOzoneClusterImpl-e104f6e4-c147-46af-9a65-8b38e2aa4633/datanode-1/data/ratis/a7288742-3c19-48a7-a608-dc7ea6ed705c has been successfully formatted.
2023-02-16 22:43:06,227 [grpc-default-executor-0] INFO  server.RaftServer (RaftServerProxy.java:addNew(96)) - d47a9118-a689-402c-b263-2bea1a811f25: addNew group-F5246A9C6574:[2a62309e-ec6c-4a0a-91b7-4d126a386491|rpc:10.1.0.43:34649|dataStream:10.1.0.43:38237|priority:1|startupRole:FOLLOWER, d47a9118-a689-402c-b263-2bea1a811f25|rpc:10.1.0.43:39221|dataStream:10.1.0.43:38769|priority:0|startupRole:FOLLOWER, 85bc4c93-8919-4d90-bdda-716e90a765bf|rpc:10.1.0.43:40269|dataStream:10.1.0.43:36907|priority:0|startupRole:FOLLOWER] returns group-F5246A9C6574:java.util.concurrent.CompletableFuture@1fe9225[Not completed]
2023-02-16 22:43:06,227 [pool-95-thread-1] INFO  ratis.ContainerStateMachine (ContainerStateMachine.java:loadSnapshot(240)) - group-DC7EA6ED705C: The snapshot info is null. Setting the last applied indexto:(t:0, i:~)
2023-02-16 22:43:06,229 [pool-95-thread-1] INFO  server.RaftServerConfigKeys (ConfUtils.java:logGet(46)) - raft.server.log.use.memory = false (default)
2023-02-16 22:43:06,229 [pool-95-thread-1] INFO  server.RaftServerConfigKeys (ConfUtils.java:logGet(46)) - raft.server.log.purge.gap = 1000000 (custom)
2023-02-16 22:43:06,229 [pool-95-thread-1] INFO  server.RaftServerConfigKeys (ConfUtils.java:logGet(46)) - raft.server.log.appender.buffer.byte-limit = 33554432 (custom)
2023-02-16 22:43:06,229 [pool-95-thread-1] INFO  server.RaftServerConfigKeys (ConfUtils.java:logGet(46)) - raft.server.log.statemachine.data.read.timeout = 1000ms (default)
2023-02-16 22:43:06,229 [pool-95-thread-1] INFO  server.RaftServerConfigKeys (ConfUtils.java:logGet(46)) - raft.server.log.purge.preservation.log.num = 0 (default)
2023-02-16 22:43:06,229 [pool-95-thread-1] INFO  server.RaftServerConfigKeys (ConfUtils.java:logGet(46)) - raft.server.log.segment.size.max = 1048576 (custom)
2023-02-16 22:43:06,230 [pool-95-thread-1] INFO  server.RaftServerConfigKeys (ConfUtils.java:logGet(46)) - raft.server.log.segment.cache.num.max = 2 (custom)
2023-02-16 22:43:06,230 [pool-95-thread-1] INFO  server.RaftServerConfigKeys (ConfUtils.java:logGet(46)) - raft.server.log.segment.cache.size.max = 200MB (=209715200) (default)
2023-02-16 22:43:06,230 [pool-95-thread-1] INFO  segmented.SegmentedRaftLogWorker (SegmentedRaftLogWorker.java:<init>(189)) - new 2a62309e-ec6c-4a0a-91b7-4d126a386491@group-DC7EA6ED705C-SegmentedRaftLogWorker for RaftStorageImpl:Storage Directory /home/runner/work/ozone/ozone/hadoop-ozone/integration-test/target/test-dir/MiniOzoneClusterImpl-e104f6e4-c147-46af-9a65-8b38e2aa4633/datanode-1/data/ratis/a7288742-3c19-48a7-a608-dc7ea6ed705c
2023-02-16 22:43:06,230 [pool-95-thread-1] INFO  server.RaftServerConfigKeys (ConfUtils.java:logGet(46)) - raft.server.log.queue.byte-limit = 4294967296 (custom)
2023-02-16 22:43:06,230 [pool-95-thread-1] INFO  server.RaftServerConfigKeys (ConfUtils.java:logGet(46)) - raft.server.log.queue.element-limit = 1024 (custom)
2023-02-16 22:43:06,231 [pool-95-thread-1] INFO  server.RaftServerConfigKeys (ConfUtils.java:logGet(46)) - raft.server.log.segment.size.max = 1048576 (custom)
2023-02-16 22:43:06,231 [pool-95-thread-1] INFO  server.RaftServerConfigKeys (ConfUtils.java:logGet(46)) - raft.server.log.preallocated.size = 16384 (custom)
2023-02-16 22:43:06,231 [pool-95-thread-1] INFO  server.RaftServerConfigKeys (ConfUtils.java:logGet(46)) - raft.server.log.force.sync.num = 128 (default)
2023-02-16 22:43:06,231 [pool-95-thread-1] INFO  server.RaftServerConfigKeys (ConfUtils.java:logGet(46)) - raft.server.log.statemachine.data.sync = true (default)
2023-02-16 22:43:06,231 [pool-95-thread-1] INFO  server.RaftServerConfigKeys (ConfUtils.java:logGet(46)) - raft.server.log.statemachine.data.sync.timeout = 10s (default)
2023-02-16 22:43:06,231 [pool-95-thread-1] INFO  server.RaftServerConfigKeys (ConfUtils.java:logGet(46)) - raft.server.log.statemachine.data.sync.timeout.retry = -1 (default)
2023-02-16 22:43:06,232 [pool-117-thread-1] INFO  server.RaftServer$Division (RaftServerImpl.java:<init>(195)) - d47a9118-a689-402c-b263-2bea1a811f25: new RaftServerImpl for group-F5246A9C6574:[2a62309e-ec6c-4a0a-91b7-4d126a386491|rpc:10.1.0.43:34649|dataStream:10.1.0.43:38237|priority:1|startupRole:FOLLOWER, d47a9118-a689-402c-b263-2bea1a811f25|rpc:10.1.0.43:39221|dataStream:10.1.0.43:38769|priority:0|startupRole:FOLLOWER, 85bc4c93-8919-4d90-bdda-716e90a765bf|rpc:10.1.0.43:40269|dataStream:10.1.0.43:36907|priority:0|startupRole:FOLLOWER] with ContainerStateMachine:uninitialized
2023-02-16 22:43:06,235 [pool-117-thread-1] INFO  server.RaftServerConfigKeys (ConfUtils.java:logGet(46)) - raft.server.rpc.timeout.min = 5s (custom)
2023-02-16 22:43:06,235 [pool-117-thread-1] INFO  server.RaftServerConfigKeys (ConfUtils.java:logGet(46)) - raft.server.rpc.timeout.max = 5200ms (custom)
2023-02-16 22:43:06,235 [pool-117-thread-1] INFO  server.RaftServerConfigKeys (ConfUtils.java:logGet(46)) - raft.server.rpc.sleep.time = 25ms (default)
2023-02-16 22:43:06,235 [pool-117-thread-1] INFO  server.RaftServerConfigKeys (ConfUtils.java:logGet(46)) - raft.server.rpc.slowness.timeout = 300000ms (custom)
2023-02-16 22:43:06,236 [pool-117-thread-1] INFO  server.RaftServerConfigKeys (ConfUtils.java:logGet(46)) - raft.server.leaderelection.leader.step-down.wait-time = 10s (default)
2023-02-16 22:43:06,236 [pool-117-thread-1] INFO  server.RaftServerConfigKeys (ConfUtils.java:logGet(46)) - raft.server.sleep.deviation.threshold = 300ms (default)
2023-02-16 22:43:06,236 [EventQueue-PipelineReportForPipelineReportHandler] INFO  pipeline.PipelineManagerImpl (PipelineManagerImpl.java:openPipeline(367)) - Pipeline Pipeline[ Id: a7288742-3c19-48a7-a608-dc7ea6ed705c, Nodes: 2a62309e-ec6c-4a0a-91b7-4d126a386491(fv-az571-511/10.1.0.43), ReplicationConfig: RATIS/ONE, State:ALLOCATED, leaderId:2a62309e-ec6c-4a0a-91b7-4d126a386491, CreationTimestamp2023-02-16T22:43:03.180Z[Etc/UTC]] moved to OPEN state
2023-02-16 22:43:06,242 [pool-117-thread-1] INFO  server.RaftServer$Division (ServerState.java:<init>(118)) - d47a9118-a689-402c-b263-2bea1a811f25@group-F5246A9C6574: ConfigurationManager, init=-1: peers:[2a62309e-ec6c-4a0a-91b7-4d126a386491|rpc:10.1.0.43:34649|dataStream:10.1.0.43:38237|priority:1|startupRole:FOLLOWER, d47a9118-a689-402c-b263-2bea1a811f25|rpc:10.1.0.43:39221|dataStream:10.1.0.43:38769|priority:0|startupRole:FOLLOWER, 85bc4c93-8919-4d90-bdda-716e90a765bf|rpc:10.1.0.43:40269|dataStream:10.1.0.43:36907|priority:0|startupRole:FOLLOWER]|listeners:[], old=null, confs=<EMPTY_MAP>
2023-02-16 22:43:06,246 [pool-117-thread-1] INFO  server.RaftServerConfigKeys (ConfUtils.java:logGet(46)) - raft.server.storage.dir = [/home/runner/work/ozone/ozone/hadoop-ozone/integration-test/target/test-dir/MiniOzoneClusterImpl-e104f6e4-c147-46af-9a65-8b38e2aa4633/datanode-2/data/ratis] (custom)
2023-02-16 22:43:06,246 [pool-95-thread-1] INFO  server.RaftServerConfigKeys (ConfUtils.java:logGet(46)) - raft.server.log.write.buffer.size = 1048576 (custom)
2023-02-16 22:43:06,242 [EventQueue-OpenPipelineForHealthyPipelineSafeModeRule] INFO  safemode.SCMSafeModeManager (HealthyPipelineSafeModeRule.java:process(137)) - SCM in safe mode. Healthy pipelines reported count is 0, required healthy pipeline reported count is 1
2023-02-16 22:43:06,248 [pool-95-thread-1] INFO  server.RaftServerConfigKeys (ConfUtils.java:logGet(46)) - raft.server.log.appender.buffer.byte-limit = 33554432 (custom)
2023-02-16 22:43:06,250 [pool-117-thread-1] INFO  server.RaftServerConfigKeys (ConfUtils.java:logGet(46)) - raft.server.log.corruption.policy = EXCEPTION (default)
2023-02-16 22:43:06,250 [pool-117-thread-1] INFO  server.RaftServerConfigKeys (ConfUtils.java:logGet(46)) - raft.server.storage.free-space.min = 0MB (=0) (default)
2023-02-16 22:43:06,250 [pool-117-thread-1] INFO  server.RaftServerConfigKeys (ConfUtils.java:logGet(46)) - raft.server.notification.no-leader.timeout = 300000ms (custom)
2023-02-16 22:43:06,250 [pool-117-thread-1] INFO  server.RaftServerConfigKeys (ConfUtils.java:logGet(46)) - raft.server.retrycache.expirytime = 600000ms (custom)
2023-02-16 22:43:06,251 [pool-117-thread-1] INFO  server.RaftServerConfigKeys (ConfUtils.java:logGet(46)) - raft.server.retrycache.statistics.expirytime = 100μs (default)
2023-02-16 22:43:06,258 [pool-117-thread-1] INFO  server.RaftServerConfigKeys (ConfUtils.java:logGet(46)) - raft.server.log.appender.install.snapshot.enabled = false (custom)
2023-02-16 22:43:06,258 [pool-117-thread-1] INFO  server.RaftServerConfigKeys (ConfUtils.java:logGet(46)) - raft.server.threadpool.server.cached = true (default)
2023-02-16 22:43:06,258 [pool-117-thread-1] INFO  server.RaftServerConfigKeys (ConfUtils.java:logGet(46)) - raft.server.threadpool.server.size = 0 (default)
2023-02-16 22:43:06,258 [pool-117-thread-1] INFO  server.RaftServerConfigKeys (ConfUtils.java:logGet(46)) - raft.server.threadpool.client.cached = true (default)
2023-02-16 22:43:06,259 [pool-95-thread-1] INFO  server.RaftServerConfigKeys (ConfUtils.java:logGet(46)) - raft.server.log.unsafe-flush.enabled = false (default)
2023-02-16 22:43:06,261 [pool-95-thread-1] INFO  server.RaftServerConfigKeys (ConfUtils.java:logGet(46)) - raft.server.log.async-flush.enabled = false (default)
2023-02-16 22:43:06,261 [pool-95-thread-1] INFO  server.RaftServerConfigKeys (ConfUtils.java:logGet(46)) - raft.server.log.statemachine.data.caching.enabled = true (custom)
2023-02-16 22:43:06,262 [pool-95-thread-1] INFO  segmented.SegmentedRaftLogWorker (SegmentedRaftLogWorker.java:lambda$new$0(135)) - 2a62309e-ec6c-4a0a-91b7-4d126a386491@group-DC7EA6ED705C-SegmentedRaftLogWorker: flushIndex: setUnconditionally 0 -> -1
2023-02-16 22:43:06,262 [pool-95-thread-1] INFO  segmented.SegmentedRaftLogWorker (SegmentedRaftLogWorker.java:lambda$new$0(135)) - 2a62309e-ec6c-4a0a-91b7-4d126a386491@group-DC7EA6ED705C-SegmentedRaftLogWorker: safeCacheEvictIndex: setUnconditionally 0 -> -1
2023-02-16 22:43:06,262 [pool-117-thread-1] INFO  server.RaftServerConfigKeys (ConfUtils.java:logGet(46)) - raft.server.threadpool.client.size = 0 (default)
2023-02-16 22:43:06,262 [pool-117-thread-1] INFO  storage.RaftStorageDirectory (RaftStorageDirectoryImpl.java:analyzeStorage(137)) - The storage directory /home/runner/work/ozone/ozone/hadoop-ozone/integration-test/target/test-dir/MiniOzoneClusterImpl-e104f6e4-c147-46af-9a65-8b38e2aa4633/datanode-2/data/ratis/0d8cd3b7-e921-433d-9a06-f5246a9c6574 does not exist. Creating ...
2023-02-16 22:43:06,265 [pool-117-thread-1] INFO  storage.RaftStorageDirectory (RaftStorageDirectoryImpl.java:tryLock(231)) - Lock on /home/runner/work/ozone/ozone/hadoop-ozone/integration-test/target/test-dir/MiniOzoneClusterImpl-e104f6e4-c147-46af-9a65-8b38e2aa4633/datanode-2/data/ratis/0d8cd3b7-e921-433d-9a06-f5246a9c6574/in_use.lock acquired by nodename 60597@fv-az571-511
2023-02-16 22:43:06,265 [pool-95-thread-1] INFO  server.RaftServer$Division (RaftServerImpl.java:start(334)) - 2a62309e-ec6c-4a0a-91b7-4d126a386491@group-DC7EA6ED705C: start as a follower, conf=-1: peers:[2a62309e-ec6c-4a0a-91b7-4d126a386491|rpc:10.1.0.43:34649|dataStream:10.1.0.43:38237|priority:1|startupRole:FOLLOWER]|listeners:[], old=null
2023-02-16 22:43:06,265 [pool-95-thread-1] INFO  server.RaftServer$Division (RaftServerImpl.java:setRole(321)) - 2a62309e-ec6c-4a0a-91b7-4d126a386491@group-DC7EA6ED705C: changes role from      null to FOLLOWER at term 0 for startAsFollower
2023-02-16 22:43:06,266 [pool-95-thread-1] INFO  impl.RoleInfo (RoleInfo.java:updateAndGet(139)) - 2a62309e-ec6c-4a0a-91b7-4d126a386491: start 2a62309e-ec6c-4a0a-91b7-4d126a386491@group-DC7EA6ED705C-FollowerState
2023-02-16 22:43:06,266 [2a62309e-ec6c-4a0a-91b7-4d126a386491@group-DC7EA6ED705C-FollowerState] INFO  server.RaftServerConfigKeys (ConfUtils.java:logFallback(53)) - raft.server.rpc.first-election.timeout.min = 5s (fallback to raft.server.rpc.timeout.min)
2023-02-16 22:43:06,266 [pool-95-thread-1] INFO  util.JmxRegister (JmxRegister.java:tryRegister(44)) - Successfully registered JMX Bean with object name Ratis:service=RaftServer,group=group-DC7EA6ED705C,id=2a62309e-ec6c-4a0a-91b7-4d126a386491
2023-02-16 22:43:06,268 [pool-95-thread-1] INFO  server.RaftServerConfigKeys (ConfUtils.java:logGet(46)) - raft.server.snapshot.auto.trigger.enabled = true (custom)
2023-02-16 22:43:06,268 [pool-95-thread-1] INFO  server.RaftServerConfigKeys (ConfUtils.java:logGet(46)) - raft.server.snapshot.auto.trigger.threshold = 10000 (custom)
2023-02-16 22:43:06,268 [pool-95-thread-1] INFO  server.RaftServerConfigKeys (ConfUtils.java:logGet(46)) - raft.server.snapshot.retention.file.num = 5 (custom)
2023-02-16 22:43:06,268 [pool-95-thread-1] INFO  server.RaftServerConfigKeys (ConfUtils.java:logGet(46)) - raft.server.log.purge.upto.snapshot.index = false (default)
2023-02-16 22:43:06,269 [2a62309e-ec6c-4a0a-91b7-4d126a386491@group-DC7EA6ED705C-FollowerState] INFO  server.RaftServerConfigKeys (ConfUtils.java:logFallback(53)) - raft.server.rpc.first-election.timeout.max = 5200ms (fallback to raft.server.rpc.timeout.max)
2023-02-16 22:43:06,269 [pool-117-thread-1] INFO  storage.RaftStorage (RaftStorageImpl.java:format(96)) - Storage directory /home/runner/work/ozone/ozone/hadoop-ozone/integration-test/target/test-dir/MiniOzoneClusterImpl-e104f6e4-c147-46af-9a65-8b38e2aa4633/datanode-2/data/ratis/0d8cd3b7-e921-433d-9a06-f5246a9c6574 has been successfully formatted.
2023-02-16 22:43:06,270 [pool-117-thread-1] INFO  ratis.ContainerStateMachine (ContainerStateMachine.java:loadSnapshot(240)) - group-F5246A9C6574: The snapshot info is null. Setting the last applied indexto:(t:0, i:~)
2023-02-16 22:43:06,270 [pool-117-thread-1] INFO  server.RaftServerConfigKeys (ConfUtils.java:logGet(46)) - raft.server.log.use.memory = false (default)
2023-02-16 22:43:06,270 [pool-117-thread-1] INFO  server.RaftServerConfigKeys (ConfUtils.java:logGet(46)) - raft.server.log.purge.gap = 1000000 (custom)
2023-02-16 22:43:06,270 [pool-117-thread-1] INFO  server.RaftServerConfigKeys (ConfUtils.java:logGet(46)) - raft.server.log.appender.buffer.byte-limit = 33554432 (custom)
2023-02-16 22:43:06,270 [pool-117-thread-1] INFO  server.RaftServerConfigKeys (ConfUtils.java:logGet(46)) - raft.server.log.statemachine.data.read.timeout = 1000ms (default)
2023-02-16 22:43:06,271 [pool-117-thread-1] INFO  server.RaftServerConfigKeys (ConfUtils.java:logGet(46)) - raft.server.log.purge.preservation.log.num = 0 (default)
2023-02-16 22:43:06,271 [pool-117-thread-1] INFO  server.RaftServerConfigKeys (ConfUtils.java:logGet(46)) - raft.server.log.segment.size.max = 1048576 (custom)
2023-02-16 22:43:06,272 [pool-117-thread-1] INFO  server.RaftServerConfigKeys (ConfUtils.java:logGet(46)) - raft.server.log.segment.cache.num.max = 2 (custom)
2023-02-16 22:43:06,272 [pool-117-thread-1] INFO  server.RaftServerConfigKeys (ConfUtils.java:logGet(46)) - raft.server.log.segment.cache.size.max = 200MB (=209715200) (default)
2023-02-16 22:43:06,272 [pool-117-thread-1] INFO  segmented.SegmentedRaftLogWorker (SegmentedRaftLogWorker.java:<init>(189)) - new d47a9118-a689-402c-b263-2bea1a811f25@group-F5246A9C6574-SegmentedRaftLogWorker for RaftStorageImpl:Storage Directory /home/runner/work/ozone/ozone/hadoop-ozone/integration-test/target/test-dir/MiniOzoneClusterImpl-e104f6e4-c147-46af-9a65-8b38e2aa4633/datanode-2/data/ratis/0d8cd3b7-e921-433d-9a06-f5246a9c6574
2023-02-16 22:43:06,272 [pool-117-thread-1] INFO  server.RaftServerConfigKeys (ConfUtils.java:logGet(46)) - raft.server.log.queue.byte-limit = 4294967296 (custom)
2023-02-16 22:43:06,272 [pool-117-thread-1] INFO  server.RaftServerConfigKeys (ConfUtils.java:logGet(46)) - raft.server.log.queue.element-limit = 1024 (custom)
2023-02-16 22:43:06,272 [pool-117-thread-1] INFO  server.RaftServerConfigKeys (ConfUtils.java:logGet(46)) - raft.server.log.segment.size.max = 1048576 (custom)
2023-02-16 22:43:06,272 [pool-117-thread-1] INFO  server.RaftServerConfigKeys (ConfUtils.java:logGet(46)) - raft.server.log.preallocated.size = 16384 (custom)
2023-02-16 22:43:06,272 [pool-117-thread-1] INFO  server.RaftServerConfigKeys (ConfUtils.java:logGet(46)) - raft.server.log.force.sync.num = 128 (default)
2023-02-16 22:43:06,274 [pool-117-thread-1] INFO  server.RaftServerConfigKeys (ConfUtils.java:logGet(46)) - raft.server.log.statemachine.data.sync = true (default)
2023-02-16 22:43:06,274 [pool-117-thread-1] INFO  server.RaftServerConfigKeys (ConfUtils.java:logGet(46)) - raft.server.log.statemachine.data.sync.timeout = 10s (default)
2023-02-16 22:43:06,274 [pool-117-thread-1] INFO  server.RaftServerConfigKeys (ConfUtils.java:logGet(46)) - raft.server.log.statemachine.data.sync.timeout.retry = -1 (default)
2023-02-16 22:43:06,277 [pool-117-thread-1] INFO  server.RaftServerConfigKeys (ConfUtils.java:logGet(46)) - raft.server.log.write.buffer.size = 1048576 (custom)
2023-02-16 22:43:06,279 [pool-117-thread-1] INFO  server.RaftServerConfigKeys (ConfUtils.java:logGet(46)) - raft.server.log.appender.buffer.byte-limit = 33554432 (custom)
2023-02-16 22:43:06,286 [Command processor thread] INFO  ratis.XceiverServerRatis (XceiverServerRatis.java:addGroup(807)) - Created group PipelineID=a7288742-3c19-48a7-a608-dc7ea6ed705c
2023-02-16 22:43:06,286 [Command processor thread] INFO  commandhandler.CreatePipelineCommandHandler (CreatePipelineCommandHandler.java:handle(113)) - Created Pipeline RATIS ONE PipelineID=a7288742-3c19-48a7-a608-dc7ea6ed705c.
2023-02-16 22:43:06,287 [Command processor thread] INFO  server.RaftServer (RaftServerProxy.java:addNew(96)) - 2a62309e-ec6c-4a0a-91b7-4d126a386491: addNew group-F5246A9C6574:[2a62309e-ec6c-4a0a-91b7-4d126a386491|rpc:10.1.0.43:34649|dataStream:10.1.0.43:38237|priority:1|startupRole:FOLLOWER, d47a9118-a689-402c-b263-2bea1a811f25|rpc:10.1.0.43:39221|dataStream:10.1.0.43:38769|priority:0|startupRole:FOLLOWER, 85bc4c93-8919-4d90-bdda-716e90a765bf|rpc:10.1.0.43:40269|dataStream:10.1.0.43:36907|priority:0|startupRole:FOLLOWER] returns group-F5246A9C6574:java.util.concurrent.CompletableFuture@4f6eaa5b[Not completed]
2023-02-16 22:43:06,288 [pool-117-thread-1] INFO  server.RaftServerConfigKeys (ConfUtils.java:logGet(46)) - raft.server.log.unsafe-flush.enabled = false (default)
2023-02-16 22:43:06,289 [pool-95-thread-1] INFO  server.RaftServer$Division (RaftServerImpl.java:<init>(195)) - 2a62309e-ec6c-4a0a-91b7-4d126a386491: new RaftServerImpl for group-F5246A9C6574:[2a62309e-ec6c-4a0a-91b7-4d126a386491|rpc:10.1.0.43:34649|dataStream:10.1.0.43:38237|priority:1|startupRole:FOLLOWER, d47a9118-a689-402c-b263-2bea1a811f25|rpc:10.1.0.43:39221|dataStream:10.1.0.43:38769|priority:0|startupRole:FOLLOWER, 85bc4c93-8919-4d90-bdda-716e90a765bf|rpc:10.1.0.43:40269|dataStream:10.1.0.43:36907|priority:0|startupRole:FOLLOWER] with ContainerStateMachine:uninitialized
2023-02-16 22:43:06,294 [pool-117-thread-1] INFO  server.RaftServerConfigKeys (ConfUtils.java:logGet(46)) - raft.server.log.async-flush.enabled = false (default)
2023-02-16 22:43:06,295 [pool-95-thread-1] INFO  server.RaftServerConfigKeys (ConfUtils.java:logGet(46)) - raft.server.rpc.timeout.min = 5s (custom)
2023-02-16 22:43:06,295 [pool-117-thread-1] INFO  server.RaftServerConfigKeys (ConfUtils.java:logGet(46)) - raft.server.log.statemachine.data.caching.enabled = true (custom)
2023-02-16 22:43:06,296 [pool-95-thread-1] INFO  server.RaftServerConfigKeys (ConfUtils.java:logGet(46)) - raft.server.rpc.timeout.max = 5200ms (custom)
2023-02-16 22:43:06,296 [pool-95-thread-1] INFO  server.RaftServerConfigKeys (ConfUtils.java:logGet(46)) - raft.server.rpc.sleep.time = 25ms (default)
2023-02-16 22:43:06,296 [pool-95-thread-1] INFO  server.RaftServerConfigKeys (ConfUtils.java:logGet(46)) - raft.server.rpc.slowness.timeout = 300000ms (custom)
2023-02-16 22:43:06,297 [pool-117-thread-1] INFO  segmented.SegmentedRaftLogWorker (SegmentedRaftLogWorker.java:lambda$new$0(135)) - d47a9118-a689-402c-b263-2bea1a811f25@group-F5246A9C6574-SegmentedRaftLogWorker: flushIndex: setUnconditionally 0 -> -1
2023-02-16 22:43:06,297 [pool-95-thread-1] INFO  server.RaftServerConfigKeys (ConfUtils.java:logGet(46)) - raft.server.leaderelection.leader.step-down.wait-time = 10s (default)
2023-02-16 22:43:06,298 [pool-95-thread-1] INFO  server.RaftServerConfigKeys (ConfUtils.java:logGet(46)) - raft.server.sleep.deviation.threshold = 300ms (default)
2023-02-16 22:43:06,298 [pool-117-thread-1] INFO  segmented.SegmentedRaftLogWorker (SegmentedRaftLogWorker.java:lambda$new$0(135)) - d47a9118-a689-402c-b263-2bea1a811f25@group-F5246A9C6574-SegmentedRaftLogWorker: safeCacheEvictIndex: setUnconditionally 0 -> -1
2023-02-16 22:43:06,298 [pool-95-thread-1] INFO  server.RaftServer$Division (ServerState.java:<init>(118)) - 2a62309e-ec6c-4a0a-91b7-4d126a386491@group-F5246A9C6574: ConfigurationManager, init=-1: peers:[2a62309e-ec6c-4a0a-91b7-4d126a386491|rpc:10.1.0.43:34649|dataStream:10.1.0.43:38237|priority:1|startupRole:FOLLOWER, d47a9118-a689-402c-b263-2bea1a811f25|rpc:10.1.0.43:39221|dataStream:10.1.0.43:38769|priority:0|startupRole:FOLLOWER, 85bc4c93-8919-4d90-bdda-716e90a765bf|rpc:10.1.0.43:40269|dataStream:10.1.0.43:36907|priority:0|startupRole:FOLLOWER]|listeners:[], old=null, confs=<EMPTY_MAP>
2023-02-16 22:43:06,298 [pool-95-thread-1] INFO  server.RaftServerConfigKeys (ConfUtils.java:logGet(46)) - raft.server.storage.dir = [/home/runner/work/ozone/ozone/hadoop-ozone/integration-test/target/test-dir/MiniOzoneClusterImpl-e104f6e4-c147-46af-9a65-8b38e2aa4633/datanode-1/data/ratis] (custom)
2023-02-16 22:43:06,298 [pool-95-thread-1] INFO  server.RaftServerConfigKeys (ConfUtils.java:logGet(46)) - raft.server.log.corruption.policy = EXCEPTION (default)
2023-02-16 22:43:06,299 [pool-95-thread-1] INFO  server.RaftServerConfigKeys (ConfUtils.java:logGet(46)) - raft.server.storage.free-space.min = 0MB (=0) (default)
2023-02-16 22:43:06,299 [pool-95-thread-1] INFO  server.RaftServerConfigKeys (ConfUtils.java:logGet(46)) - raft.server.notification.no-leader.timeout = 300000ms (custom)
2023-02-16 22:43:06,299 [pool-117-thread-1] INFO  server.RaftServer$Division (RaftServerImpl.java:start(334)) - d47a9118-a689-402c-b263-2bea1a811f25@group-F5246A9C6574: start as a follower, conf=-1: peers:[2a62309e-ec6c-4a0a-91b7-4d126a386491|rpc:10.1.0.43:34649|dataStream:10.1.0.43:38237|priority:1|startupRole:FOLLOWER, d47a9118-a689-402c-b263-2bea1a811f25|rpc:10.1.0.43:39221|dataStream:10.1.0.43:38769|priority:0|startupRole:FOLLOWER, 85bc4c93-8919-4d90-bdda-716e90a765bf|rpc:10.1.0.43:40269|dataStream:10.1.0.43:36907|priority:0|startupRole:FOLLOWER]|listeners:[], old=null
2023-02-16 22:43:06,299 [pool-95-thread-1] INFO  server.RaftServerConfigKeys (ConfUtils.java:logGet(46)) - raft.server.retrycache.expirytime = 600000ms (custom)
2023-02-16 22:43:06,299 [pool-95-thread-1] INFO  server.RaftServerConfigKeys (ConfUtils.java:logGet(46)) - raft.server.retrycache.statistics.expirytime = 100μs (default)
2023-02-16 22:43:06,299 [pool-117-thread-1] INFO  server.RaftServer$Division (RaftServerImpl.java:setRole(321)) - d47a9118-a689-402c-b263-2bea1a811f25@group-F5246A9C6574: changes role from      null to FOLLOWER at term 0 for startAsFollower
2023-02-16 22:43:06,301 [pool-95-thread-1] INFO  server.RaftServerConfigKeys (ConfUtils.java:logGet(46)) - raft.server.log.appender.install.snapshot.enabled = false (custom)
2023-02-16 22:43:06,302 [pool-95-thread-1] INFO  server.RaftServerConfigKeys (ConfUtils.java:logGet(46)) - raft.server.threadpool.server.cached = true (default)
2023-02-16 22:43:06,302 [pool-95-thread-1] INFO  server.RaftServerConfigKeys (ConfUtils.java:logGet(46)) - raft.server.threadpool.server.size = 0 (default)
2023-02-16 22:43:06,302 [pool-95-thread-1] INFO  server.RaftServerConfigKeys (ConfUtils.java:logGet(46)) - raft.server.threadpool.client.cached = true (default)
2023-02-16 22:43:06,302 [pool-95-thread-1] INFO  server.RaftServerConfigKeys (ConfUtils.java:logGet(46)) - raft.server.threadpool.client.size = 0 (default)
2023-02-16 22:43:06,302 [pool-95-thread-1] INFO  storage.RaftStorageDirectory (RaftStorageDirectoryImpl.java:analyzeStorage(137)) - The storage directory /home/runner/work/ozone/ozone/hadoop-ozone/integration-test/target/test-dir/MiniOzoneClusterImpl-e104f6e4-c147-46af-9a65-8b38e2aa4633/datanode-1/data/ratis/0d8cd3b7-e921-433d-9a06-f5246a9c6574 does not exist. Creating ...
2023-02-16 22:43:06,301 [pool-117-thread-1] INFO  impl.RoleInfo (RoleInfo.java:updateAndGet(139)) - d47a9118-a689-402c-b263-2bea1a811f25: start d47a9118-a689-402c-b263-2bea1a811f25@group-F5246A9C6574-FollowerState
2023-02-16 22:43:06,304 [pool-95-thread-1] INFO  storage.RaftStorageDirectory (RaftStorageDirectoryImpl.java:tryLock(231)) - Lock on /home/runner/work/ozone/ozone/hadoop-ozone/integration-test/target/test-dir/MiniOzoneClusterImpl-e104f6e4-c147-46af-9a65-8b38e2aa4633/datanode-1/data/ratis/0d8cd3b7-e921-433d-9a06-f5246a9c6574/in_use.lock acquired by nodename 60597@fv-az571-511
2023-02-16 22:43:06,308 [pool-117-thread-1] INFO  util.JmxRegister (JmxRegister.java:tryRegister(44)) - Successfully registered JMX Bean with object name Ratis:service=RaftServer,group=group-F5246A9C6574,id=d47a9118-a689-402c-b263-2bea1a811f25
2023-02-16 22:43:06,308 [pool-117-thread-1] INFO  server.RaftServerConfigKeys (ConfUtils.java:logGet(46)) - raft.server.snapshot.auto.trigger.enabled = true (custom)
2023-02-16 22:43:06,308 [pool-117-thread-1] INFO  server.RaftServerConfigKeys (ConfUtils.java:logGet(46)) - raft.server.snapshot.auto.trigger.threshold = 10000 (custom)
2023-02-16 22:43:06,308 [pool-95-thread-1] INFO  storage.RaftStorage (RaftStorageImpl.java:format(96)) - Storage directory /home/runner/work/ozone/ozone/hadoop-ozone/integration-test/target/test-dir/MiniOzoneClusterImpl-e104f6e4-c147-46af-9a65-8b38e2aa4633/datanode-1/data/ratis/0d8cd3b7-e921-433d-9a06-f5246a9c6574 has been successfully formatted.
2023-02-16 22:43:06,308 [pool-117-thread-1] INFO  server.RaftServerConfigKeys (ConfUtils.java:logGet(46)) - raft.server.snapshot.retention.file.num = 5 (custom)
2023-02-16 22:43:06,308 [pool-117-thread-1] INFO  server.RaftServerConfigKeys (ConfUtils.java:logGet(46)) - raft.server.log.purge.upto.snapshot.index = false (default)
2023-02-16 22:43:06,308 [pool-95-thread-1] INFO  ratis.ContainerStateMachine (ContainerStateMachine.java:loadSnapshot(240)) - group-F5246A9C6574: The snapshot info is null. Setting the last applied indexto:(t:0, i:~)
2023-02-16 22:43:06,309 [pool-95-thread-1] INFO  server.RaftServerConfigKeys (ConfUtils.java:logGet(46)) - raft.server.log.use.memory = false (default)
2023-02-16 22:43:06,309 [pool-95-thread-1] INFO  server.RaftServerConfigKeys (ConfUtils.java:logGet(46)) - raft.server.log.purge.gap = 1000000 (custom)
2023-02-16 22:43:06,309 [pool-95-thread-1] INFO  server.RaftServerConfigKeys (ConfUtils.java:logGet(46)) - raft.server.log.appender.buffer.byte-limit = 33554432 (custom)
2023-02-16 22:43:06,309 [pool-95-thread-1] INFO  server.RaftServerConfigKeys (ConfUtils.java:logGet(46)) - raft.server.log.statemachine.data.read.timeout = 1000ms (default)
2023-02-16 22:43:06,309 [pool-95-thread-1] INFO  server.RaftServerConfigKeys (ConfUtils.java:logGet(46)) - raft.server.log.purge.preservation.log.num = 0 (default)
2023-02-16 22:43:06,309 [pool-95-thread-1] INFO  server.RaftServerConfigKeys (ConfUtils.java:logGet(46)) - raft.server.log.segment.size.max = 1048576 (custom)
2023-02-16 22:43:06,310 [pool-95-thread-1] INFO  server.RaftServerConfigKeys (ConfUtils.java:logGet(46)) - raft.server.log.segment.cache.num.max = 2 (custom)
2023-02-16 22:43:06,310 [pool-95-thread-1] INFO  server.RaftServerConfigKeys (ConfUtils.java:logGet(46)) - raft.server.log.segment.cache.size.max = 200MB (=209715200) (default)
2023-02-16 22:43:06,312 [pool-95-thread-1] INFO  segmented.SegmentedRaftLogWorker (SegmentedRaftLogWorker.java:<init>(189)) - new 2a62309e-ec6c-4a0a-91b7-4d126a386491@group-F5246A9C6574-SegmentedRaftLogWorker for RaftStorageImpl:Storage Directory /home/runner/work/ozone/ozone/hadoop-ozone/integration-test/target/test-dir/MiniOzoneClusterImpl-e104f6e4-c147-46af-9a65-8b38e2aa4633/datanode-1/data/ratis/0d8cd3b7-e921-433d-9a06-f5246a9c6574
2023-02-16 22:43:06,312 [pool-95-thread-1] INFO  server.RaftServerConfigKeys (ConfUtils.java:logGet(46)) - raft.server.log.queue.byte-limit = 4294967296 (custom)
2023-02-16 22:43:06,312 [pool-95-thread-1] INFO  server.RaftServerConfigKeys (ConfUtils.java:logGet(46)) - raft.server.log.queue.element-limit = 1024 (custom)
2023-02-16 22:43:06,312 [pool-95-thread-1] INFO  server.RaftServerConfigKeys (ConfUtils.java:logGet(46)) - raft.server.log.segment.size.max = 1048576 (custom)
2023-02-16 22:43:06,312 [pool-95-thread-1] INFO  server.RaftServerConfigKeys (ConfUtils.java:logGet(46)) - raft.server.log.preallocated.size = 16384 (custom)
2023-02-16 22:43:06,319 [pool-95-thread-1] INFO  server.RaftServerConfigKeys (ConfUtils.java:logGet(46)) - raft.server.log.force.sync.num = 128 (default)
2023-02-16 22:43:06,319 [pool-95-thread-1] INFO  server.RaftServerConfigKeys (ConfUtils.java:logGet(46)) - raft.server.log.statemachine.data.sync = true (default)
2023-02-16 22:43:06,319 [pool-95-thread-1] INFO  server.RaftServerConfigKeys (ConfUtils.java:logGet(46)) - raft.server.log.statemachine.data.sync.timeout = 10s (default)
2023-02-16 22:43:06,319 [pool-95-thread-1] INFO  server.RaftServerConfigKeys (ConfUtils.java:logGet(46)) - raft.server.log.statemachine.data.sync.timeout.retry = -1 (default)
2023-02-16 22:43:06,319 [d47a9118-a689-402c-b263-2bea1a811f25@group-F5246A9C6574-FollowerState] INFO  server.RaftServerConfigKeys (ConfUtils.java:logFallback(53)) - raft.server.rpc.first-election.timeout.min = 5s (fallback to raft.server.rpc.timeout.min)
2023-02-16 22:43:06,322 [d47a9118-a689-402c-b263-2bea1a811f25@group-F5246A9C6574-FollowerState] INFO  server.RaftServerConfigKeys (ConfUtils.java:logFallback(53)) - raft.server.rpc.first-election.timeout.max = 5200ms (fallback to raft.server.rpc.timeout.max)
2023-02-16 22:43:06,322 [pool-95-thread-1] INFO  server.RaftServerConfigKeys (ConfUtils.java:logGet(46)) - raft.server.log.write.buffer.size = 1048576 (custom)
2023-02-16 22:43:06,322 [pool-95-thread-1] INFO  server.RaftServerConfigKeys (ConfUtils.java:logGet(46)) - raft.server.log.appender.buffer.byte-limit = 33554432 (custom)
2023-02-16 22:43:06,327 [EventQueue-OpenPipelineForHealthyPipelineSafeModeRule] INFO  safemode.SCMSafeModeManager (HealthyPipelineSafeModeRule.java:process(137)) - SCM in safe mode. Healthy pipelines reported count is 0, required healthy pipeline reported count is 1
2023-02-16 22:43:06,334 [pool-95-thread-1] INFO  server.RaftServerConfigKeys (ConfUtils.java:logGet(46)) - raft.server.log.unsafe-flush.enabled = false (default)
2023-02-16 22:43:06,334 [pool-95-thread-1] INFO  server.RaftServerConfigKeys (ConfUtils.java:logGet(46)) - raft.server.log.async-flush.enabled = false (default)
2023-02-16 22:43:06,334 [pool-95-thread-1] INFO  server.RaftServerConfigKeys (ConfUtils.java:logGet(46)) - raft.server.log.statemachine.data.caching.enabled = true (custom)
2023-02-16 22:43:06,336 [pool-95-thread-1] INFO  segmented.SegmentedRaftLogWorker (SegmentedRaftLogWorker.java:lambda$new$0(135)) - 2a62309e-ec6c-4a0a-91b7-4d126a386491@group-F5246A9C6574-SegmentedRaftLogWorker: flushIndex: setUnconditionally 0 -> -1
2023-02-16 22:43:06,336 [pool-95-thread-1] INFO  segmented.SegmentedRaftLogWorker (SegmentedRaftLogWorker.java:lambda$new$0(135)) - 2a62309e-ec6c-4a0a-91b7-4d126a386491@group-F5246A9C6574-SegmentedRaftLogWorker: safeCacheEvictIndex: setUnconditionally 0 -> -1
2023-02-16 22:43:06,342 [pool-95-thread-1] INFO  server.RaftServer$Division (RaftServerImpl.java:start(334)) - 2a62309e-ec6c-4a0a-91b7-4d126a386491@group-F5246A9C6574: start as a follower, conf=-1: peers:[2a62309e-ec6c-4a0a-91b7-4d126a386491|rpc:10.1.0.43:34649|dataStream:10.1.0.43:38237|priority:1|startupRole:FOLLOWER, d47a9118-a689-402c-b263-2bea1a811f25|rpc:10.1.0.43:39221|dataStream:10.1.0.43:38769|priority:0|startupRole:FOLLOWER, 85bc4c93-8919-4d90-bdda-716e90a765bf|rpc:10.1.0.43:40269|dataStream:10.1.0.43:36907|priority:0|startupRole:FOLLOWER]|listeners:[], old=null
2023-02-16 22:43:06,343 [pool-95-thread-1] INFO  server.RaftServer$Division (RaftServerImpl.java:setRole(321)) - 2a62309e-ec6c-4a0a-91b7-4d126a386491@group-F5246A9C6574: changes role from      null to FOLLOWER at term 0 for startAsFollower
2023-02-16 22:43:06,343 [pool-95-thread-1] INFO  impl.RoleInfo (RoleInfo.java:updateAndGet(139)) - 2a62309e-ec6c-4a0a-91b7-4d126a386491: start 2a62309e-ec6c-4a0a-91b7-4d126a386491@group-F5246A9C6574-FollowerState
2023-02-16 22:43:06,350 [pool-95-thread-1] INFO  util.JmxRegister (JmxRegister.java:tryRegister(44)) - Successfully registered JMX Bean with object name Ratis:service=RaftServer,group=group-F5246A9C6574,id=2a62309e-ec6c-4a0a-91b7-4d126a386491
2023-02-16 22:43:06,350 [2a62309e-ec6c-4a0a-91b7-4d126a386491@group-F5246A9C6574-FollowerState] INFO  server.RaftServerConfigKeys (ConfUtils.java:logFallback(53)) - raft.server.rpc.first-election.timeout.min = 5s (fallback to raft.server.rpc.timeout.min)
2023-02-16 22:43:06,350 [pool-95-thread-1] INFO  server.RaftServerConfigKeys (ConfUtils.java:logGet(46)) - raft.server.snapshot.auto.trigger.enabled = true (custom)
2023-02-16 22:43:06,353 [pool-95-thread-1] INFO  server.RaftServerConfigKeys (ConfUtils.java:logGet(46)) - raft.server.snapshot.auto.trigger.threshold = 10000 (custom)
2023-02-16 22:43:06,353 [pool-95-thread-1] INFO  server.RaftServerConfigKeys (ConfUtils.java:logGet(46)) - raft.server.snapshot.retention.file.num = 5 (custom)
2023-02-16 22:43:06,353 [pool-95-thread-1] INFO  server.RaftServerConfigKeys (ConfUtils.java:logGet(46)) - raft.server.log.purge.upto.snapshot.index = false (default)
2023-02-16 22:43:06,356 [2a62309e-ec6c-4a0a-91b7-4d126a386491@group-F5246A9C6574-FollowerState] INFO  server.RaftServerConfigKeys (ConfUtils.java:logFallback(53)) - raft.server.rpc.first-election.timeout.max = 5200ms (fallback to raft.server.rpc.timeout.max)
2023-02-16 22:43:06,356 [Command processor thread] INFO  ratis.XceiverServerRatis (XceiverServerRatis.java:addGroup(807)) - Created group PipelineID=0d8cd3b7-e921-433d-9a06-f5246a9c6574
2023-02-16 22:43:06,483 [Command processor thread] INFO  commandhandler.CreatePipelineCommandHandler (CreatePipelineCommandHandler.java:handle(113)) - Created Pipeline RATIS THREE PipelineID=0d8cd3b7-e921-433d-9a06-f5246a9c6574.
2023-02-16 22:43:06,484 [Command processor thread] INFO  server.RaftServer (RaftServerProxy.java:addNew(96)) - 85bc4c93-8919-4d90-bdda-716e90a765bf: addNew group-0C490C4DB558:[2a62309e-ec6c-4a0a-91b7-4d126a386491|rpc:10.1.0.43:34649|dataStream:10.1.0.43:38237|priority:0|startupRole:FOLLOWER, 85bc4c93-8919-4d90-bdda-716e90a765bf|rpc:10.1.0.43:40269|dataStream:10.1.0.43:36907|priority:1|startupRole:FOLLOWER, d47a9118-a689-402c-b263-2bea1a811f25|rpc:10.1.0.43:39221|dataStream:10.1.0.43:38769|priority:0|startupRole:FOLLOWER] returns group-0C490C4DB558:java.util.concurrent.CompletableFuture@67fd755[Not completed]
2023-02-16 22:43:06,486 [pool-73-thread-1] INFO  server.RaftServer$Division (RaftServerImpl.java:<init>(195)) - 85bc4c93-8919-4d90-bdda-716e90a765bf: new RaftServerImpl for group-0C490C4DB558:[2a62309e-ec6c-4a0a-91b7-4d126a386491|rpc:10.1.0.43:34649|dataStream:10.1.0.43:38237|priority:0|startupRole:FOLLOWER, 85bc4c93-8919-4d90-bdda-716e90a765bf|rpc:10.1.0.43:40269|dataStream:10.1.0.43:36907|priority:1|startupRole:FOLLOWER, d47a9118-a689-402c-b263-2bea1a811f25|rpc:10.1.0.43:39221|dataStream:10.1.0.43:38769|priority:0|startupRole:FOLLOWER] with ContainerStateMachine:uninitialized
2023-02-16 22:43:06,486 [pool-73-thread-1] INFO  server.RaftServerConfigKeys (ConfUtils.java:logGet(46)) - raft.server.rpc.timeout.min = 5s (custom)
2023-02-16 22:43:06,486 [pool-73-thread-1] INFO  server.RaftServerConfigKeys (ConfUtils.java:logGet(46)) - raft.server.rpc.timeout.max = 5200ms (custom)
2023-02-16 22:43:06,486 [pool-73-thread-1] INFO  server.RaftServerConfigKeys (ConfUtils.java:logGet(46)) - raft.server.rpc.sleep.time = 25ms (default)
2023-02-16 22:43:06,486 [pool-73-thread-1] INFO  server.RaftServerConfigKeys (ConfUtils.java:logGet(46)) - raft.server.rpc.slowness.timeout = 300000ms (custom)
2023-02-16 22:43:06,486 [pool-73-thread-1] INFO  server.RaftServerConfigKeys (ConfUtils.java:logGet(46)) - raft.server.leaderelection.leader.step-down.wait-time = 10s (default)
2023-02-16 22:43:06,487 [pool-73-thread-1] INFO  server.RaftServerConfigKeys (ConfUtils.java:logGet(46)) - raft.server.sleep.deviation.threshold = 300ms (default)
2023-02-16 22:43:06,487 [pool-73-thread-1] INFO  server.RaftServer$Division (ServerState.java:<init>(118)) - 85bc4c93-8919-4d90-bdda-716e90a765bf@group-0C490C4DB558: ConfigurationManager, init=-1: peers:[2a62309e-ec6c-4a0a-91b7-4d126a386491|rpc:10.1.0.43:34649|dataStream:10.1.0.43:38237|priority:0|startupRole:FOLLOWER, 85bc4c93-8919-4d90-bdda-716e90a765bf|rpc:10.1.0.43:40269|dataStream:10.1.0.43:36907|priority:1|startupRole:FOLLOWER, d47a9118-a689-402c-b263-2bea1a811f25|rpc:10.1.0.43:39221|dataStream:10.1.0.43:38769|priority:0|startupRole:FOLLOWER]|listeners:[], old=null, confs=<EMPTY_MAP>
2023-02-16 22:43:06,487 [pool-73-thread-1] INFO  server.RaftServerConfigKeys (ConfUtils.java:logGet(46)) - raft.server.storage.dir = [/home/runner/work/ozone/ozone/hadoop-ozone/integration-test/target/test-dir/MiniOzoneClusterImpl-e104f6e4-c147-46af-9a65-8b38e2aa4633/datanode-0/data/ratis] (custom)
2023-02-16 22:43:06,487 [pool-73-thread-1] INFO  server.RaftServerConfigKeys (ConfUtils.java:logGet(46)) - raft.server.log.corruption.policy = EXCEPTION (default)
2023-02-16 22:43:06,487 [pool-73-thread-1] INFO  server.RaftServerConfigKeys (ConfUtils.java:logGet(46)) - raft.server.storage.free-space.min = 0MB (=0) (default)
2023-02-16 22:43:06,487 [pool-73-thread-1] INFO  server.RaftServerConfigKeys (ConfUtils.java:logGet(46)) - raft.server.notification.no-leader.timeout = 300000ms (custom)
2023-02-16 22:43:06,487 [pool-73-thread-1] INFO  server.RaftServerConfigKeys (ConfUtils.java:logGet(46)) - raft.server.retrycache.expirytime = 600000ms (custom)
2023-02-16 22:43:06,487 [pool-73-thread-1] INFO  server.RaftServerConfigKeys (ConfUtils.java:logGet(46)) - raft.server.retrycache.statistics.expirytime = 100μs (default)
2023-02-16 22:43:06,489 [pool-73-thread-1] INFO  server.RaftServerConfigKeys (ConfUtils.java:logGet(46)) - raft.server.log.appender.install.snapshot.enabled = false (custom)
2023-02-16 22:43:06,489 [pool-73-thread-1] INFO  server.RaftServerConfigKeys (ConfUtils.java:logGet(46)) - raft.server.threadpool.server.cached = true (default)
2023-02-16 22:43:06,489 [pool-73-thread-1] INFO  server.RaftServerConfigKeys (ConfUtils.java:logGet(46)) - raft.server.threadpool.server.size = 0 (default)
2023-02-16 22:43:06,489 [pool-73-thread-1] INFO  server.RaftServerConfigKeys (ConfUtils.java:logGet(46)) - raft.server.threadpool.client.cached = true (default)
2023-02-16 22:43:06,489 [pool-73-thread-1] INFO  server.RaftServerConfigKeys (ConfUtils.java:logGet(46)) - raft.server.threadpool.client.size = 0 (default)
2023-02-16 22:43:06,489 [pool-73-thread-1] INFO  storage.RaftStorageDirectory (RaftStorageDirectoryImpl.java:analyzeStorage(137)) - The storage directory /home/runner/work/ozone/ozone/hadoop-ozone/integration-test/target/test-dir/MiniOzoneClusterImpl-e104f6e4-c147-46af-9a65-8b38e2aa4633/datanode-0/data/ratis/887328f1-0fe5-4a1e-ad40-0c490c4db558 does not exist. Creating ...
2023-02-16 22:43:06,491 [pool-73-thread-1] INFO  storage.RaftStorageDirectory (RaftStorageDirectoryImpl.java:tryLock(231)) - Lock on /home/runner/work/ozone/ozone/hadoop-ozone/integration-test/target/test-dir/MiniOzoneClusterImpl-e104f6e4-c147-46af-9a65-8b38e2aa4633/datanode-0/data/ratis/887328f1-0fe5-4a1e-ad40-0c490c4db558/in_use.lock acquired by nodename 60597@fv-az571-511
2023-02-16 22:43:06,495 [pool-73-thread-1] INFO  storage.RaftStorage (RaftStorageImpl.java:format(96)) - Storage directory /home/runner/work/ozone/ozone/hadoop-ozone/integration-test/target/test-dir/MiniOzoneClusterImpl-e104f6e4-c147-46af-9a65-8b38e2aa4633/datanode-0/data/ratis/887328f1-0fe5-4a1e-ad40-0c490c4db558 has been successfully formatted.
2023-02-16 22:43:06,499 [pool-73-thread-1] INFO  ratis.ContainerStateMachine (ContainerStateMachine.java:loadSnapshot(240)) - group-0C490C4DB558: The snapshot info is null. Setting the last applied indexto:(t:0, i:~)
2023-02-16 22:43:06,499 [pool-73-thread-1] INFO  server.RaftServerConfigKeys (ConfUtils.java:logGet(46)) - raft.server.log.use.memory = false (default)
2023-02-16 22:43:06,500 [pool-73-thread-1] INFO  server.RaftServerConfigKeys (ConfUtils.java:logGet(46)) - raft.server.log.purge.gap = 1000000 (custom)
2023-02-16 22:43:06,500 [pool-73-thread-1] INFO  server.RaftServerConfigKeys (ConfUtils.java:logGet(46)) - raft.server.log.appender.buffer.byte-limit = 33554432 (custom)
2023-02-16 22:43:06,500 [pool-73-thread-1] INFO  server.RaftServerConfigKeys (ConfUtils.java:logGet(46)) - raft.server.log.statemachine.data.read.timeout = 1000ms (default)
2023-02-16 22:43:06,500 [pool-73-thread-1] INFO  server.RaftServerConfigKeys (ConfUtils.java:logGet(46)) - raft.server.log.purge.preservation.log.num = 0 (default)
2023-02-16 22:43:06,500 [pool-73-thread-1] INFO  server.RaftServerConfigKeys (ConfUtils.java:logGet(46)) - raft.server.log.segment.size.max = 1048576 (custom)
2023-02-16 22:43:06,501 [EventQueue-OpenPipelineForHealthyPipelineSafeModeRule] INFO  safemode.SCMSafeModeManager (HealthyPipelineSafeModeRule.java:process(137)) - SCM in safe mode. Healthy pipelines reported count is 0, required healthy pipeline reported count is 1
2023-02-16 22:43:06,513 [pool-73-thread-1] INFO  server.RaftServerConfigKeys (ConfUtils.java:logGet(46)) - raft.server.log.segment.cache.num.max = 2 (custom)
2023-02-16 22:43:06,513 [pool-73-thread-1] INFO  server.RaftServerConfigKeys (ConfUtils.java:logGet(46)) - raft.server.log.segment.cache.size.max = 200MB (=209715200) (default)
2023-02-16 22:43:06,513 [pool-73-thread-1] INFO  segmented.SegmentedRaftLogWorker (SegmentedRaftLogWorker.java:<init>(189)) - new 85bc4c93-8919-4d90-bdda-716e90a765bf@group-0C490C4DB558-SegmentedRaftLogWorker for RaftStorageImpl:Storage Directory /home/runner/work/ozone/ozone/hadoop-ozone/integration-test/target/test-dir/MiniOzoneClusterImpl-e104f6e4-c147-46af-9a65-8b38e2aa4633/datanode-0/data/ratis/887328f1-0fe5-4a1e-ad40-0c490c4db558
2023-02-16 22:43:06,513 [pool-73-thread-1] INFO  server.RaftServerConfigKeys (ConfUtils.java:logGet(46)) - raft.server.log.queue.byte-limit = 4294967296 (custom)
2023-02-16 22:43:06,513 [pool-73-thread-1] INFO  server.RaftServerConfigKeys (ConfUtils.java:logGet(46)) - raft.server.log.queue.element-limit = 1024 (custom)
2023-02-16 22:43:06,513 [pool-73-thread-1] INFO  server.RaftServerConfigKeys (ConfUtils.java:logGet(46)) - raft.server.log.segment.size.max = 1048576 (custom)
2023-02-16 22:43:06,513 [pool-73-thread-1] INFO  server.RaftServerConfigKeys (ConfUtils.java:logGet(46)) - raft.server.log.preallocated.size = 16384 (custom)
2023-02-16 22:43:06,513 [pool-73-thread-1] INFO  server.RaftServerConfigKeys (ConfUtils.java:logGet(46)) - raft.server.log.force.sync.num = 128 (default)
2023-02-16 22:43:06,513 [pool-73-thread-1] INFO  server.RaftServerConfigKeys (ConfUtils.java:logGet(46)) - raft.server.log.statemachine.data.sync = true (default)
2023-02-16 22:43:06,513 [pool-73-thread-1] INFO  server.RaftServerConfigKeys (ConfUtils.java:logGet(46)) - raft.server.log.statemachine.data.sync.timeout = 10s (default)
2023-02-16 22:43:06,514 [pool-73-thread-1] INFO  server.RaftServerConfigKeys (ConfUtils.java:logGet(46)) - raft.server.log.statemachine.data.sync.timeout.retry = -1 (default)
2023-02-16 22:43:06,515 [pool-73-thread-1] INFO  server.RaftServerConfigKeys (ConfUtils.java:logGet(46)) - raft.server.log.write.buffer.size = 1048576 (custom)
2023-02-16 22:43:06,515 [pool-73-thread-1] INFO  server.RaftServerConfigKeys (ConfUtils.java:logGet(46)) - raft.server.log.appender.buffer.byte-limit = 33554432 (custom)
2023-02-16 22:43:06,524 [pool-73-thread-1] INFO  server.RaftServerConfigKeys (ConfUtils.java:logGet(46)) - raft.server.log.unsafe-flush.enabled = false (default)
2023-02-16 22:43:06,525 [Command processor thread] INFO  commandhandler.CreatePipelineCommandHandler (CreatePipelineCommandHandler.java:handle(113)) - Created Pipeline RATIS THREE PipelineID=0d8cd3b7-e921-433d-9a06-f5246a9c6574.
2023-02-16 22:43:06,525 [Command processor thread] INFO  server.RaftServer (RaftServerProxy.java:addNew(96)) - 2a62309e-ec6c-4a0a-91b7-4d126a386491: addNew group-0C490C4DB558:[2a62309e-ec6c-4a0a-91b7-4d126a386491|rpc:10.1.0.43:34649|dataStream:10.1.0.43:38237|priority:0|startupRole:FOLLOWER, 85bc4c93-8919-4d90-bdda-716e90a765bf|rpc:10.1.0.43:40269|dataStream:10.1.0.43:36907|priority:1|startupRole:FOLLOWER, d47a9118-a689-402c-b263-2bea1a811f25|rpc:10.1.0.43:39221|dataStream:10.1.0.43:38769|priority:0|startupRole:FOLLOWER] returns group-0C490C4DB558:java.util.concurrent.CompletableFuture@4086a19a[Not completed]
2023-02-16 22:43:06,526 [pool-73-thread-1] INFO  server.RaftServerConfigKeys (ConfUtils.java:logGet(46)) - raft.server.log.async-flush.enabled = false (default)
2023-02-16 22:43:06,526 [pool-73-thread-1] INFO  server.RaftServerConfigKeys (ConfUtils.java:logGet(46)) - raft.server.log.statemachine.data.caching.enabled = true (custom)
2023-02-16 22:43:06,527 [pool-73-thread-1] INFO  segmented.SegmentedRaftLogWorker (SegmentedRaftLogWorker.java:lambda$new$0(135)) - 85bc4c93-8919-4d90-bdda-716e90a765bf@group-0C490C4DB558-SegmentedRaftLogWorker: flushIndex: setUnconditionally 0 -> -1
2023-02-16 22:43:06,527 [pool-73-thread-1] INFO  segmented.SegmentedRaftLogWorker (SegmentedRaftLogWorker.java:lambda$new$0(135)) - 85bc4c93-8919-4d90-bdda-716e90a765bf@group-0C490C4DB558-SegmentedRaftLogWorker: safeCacheEvictIndex: setUnconditionally 0 -> -1
2023-02-16 22:43:06,527 [pool-95-thread-1] INFO  server.RaftServer$Division (RaftServerImpl.java:<init>(195)) - 2a62309e-ec6c-4a0a-91b7-4d126a386491: new RaftServerImpl for group-0C490C4DB558:[2a62309e-ec6c-4a0a-91b7-4d126a386491|rpc:10.1.0.43:34649|dataStream:10.1.0.43:38237|priority:0|startupRole:FOLLOWER, 85bc4c93-8919-4d90-bdda-716e90a765bf|rpc:10.1.0.43:40269|dataStream:10.1.0.43:36907|priority:1|startupRole:FOLLOWER, d47a9118-a689-402c-b263-2bea1a811f25|rpc:10.1.0.43:39221|dataStream:10.1.0.43:38769|priority:0|startupRole:FOLLOWER] with ContainerStateMachine:uninitialized
2023-02-16 22:43:06,528 [pool-95-thread-1] INFO  server.RaftServerConfigKeys (ConfUtils.java:logGet(46)) - raft.server.rpc.timeout.min = 5s (custom)
2023-02-16 22:43:06,528 [pool-95-thread-1] INFO  server.RaftServerConfigKeys (ConfUtils.java:logGet(46)) - raft.server.rpc.timeout.max = 5200ms (custom)
2023-02-16 22:43:06,529 [pool-95-thread-1] INFO  server.RaftServerConfigKeys (ConfUtils.java:logGet(46)) - raft.server.rpc.sleep.time = 25ms (default)
2023-02-16 22:43:06,529 [pool-95-thread-1] INFO  server.RaftServerConfigKeys (ConfUtils.java:logGet(46)) - raft.server.rpc.slowness.timeout = 300000ms (custom)
2023-02-16 22:43:06,529 [pool-95-thread-1] INFO  server.RaftServerConfigKeys (ConfUtils.java:logGet(46)) - raft.server.leaderelection.leader.step-down.wait-time = 10s (default)
2023-02-16 22:43:06,529 [pool-95-thread-1] INFO  server.RaftServerConfigKeys (ConfUtils.java:logGet(46)) - raft.server.sleep.deviation.threshold = 300ms (default)
2023-02-16 22:43:06,529 [pool-95-thread-1] INFO  server.RaftServer$Division (ServerState.java:<init>(118)) - 2a62309e-ec6c-4a0a-91b7-4d126a386491@group-0C490C4DB558: ConfigurationManager, init=-1: peers:[2a62309e-ec6c-4a0a-91b7-4d126a386491|rpc:10.1.0.43:34649|dataStream:10.1.0.43:38237|priority:0|startupRole:FOLLOWER, 85bc4c93-8919-4d90-bdda-716e90a765bf|rpc:10.1.0.43:40269|dataStream:10.1.0.43:36907|priority:1|startupRole:FOLLOWER, d47a9118-a689-402c-b263-2bea1a811f25|rpc:10.1.0.43:39221|dataStream:10.1.0.43:38769|priority:0|startupRole:FOLLOWER]|listeners:[], old=null, confs=<EMPTY_MAP>
2023-02-16 22:43:06,529 [pool-95-thread-1] INFO  server.RaftServerConfigKeys (ConfUtils.java:logGet(46)) - raft.server.storage.dir = [/home/runner/work/ozone/ozone/hadoop-ozone/integration-test/target/test-dir/MiniOzoneClusterImpl-e104f6e4-c147-46af-9a65-8b38e2aa4633/datanode-1/data/ratis] (custom)
2023-02-16 22:43:06,529 [pool-73-thread-1] INFO  server.RaftServer$Division (RaftServerImpl.java:start(334)) - 85bc4c93-8919-4d90-bdda-716e90a765bf@group-0C490C4DB558: start as a follower, conf=-1: peers:[2a62309e-ec6c-4a0a-91b7-4d126a386491|rpc:10.1.0.43:34649|dataStream:10.1.0.43:38237|priority:0|startupRole:FOLLOWER, 85bc4c93-8919-4d90-bdda-716e90a765bf|rpc:10.1.0.43:40269|dataStream:10.1.0.43:36907|priority:1|startupRole:FOLLOWER, d47a9118-a689-402c-b263-2bea1a811f25|rpc:10.1.0.43:39221|dataStream:10.1.0.43:38769|priority:0|startupRole:FOLLOWER]|listeners:[], old=null
2023-02-16 22:43:06,529 [pool-95-thread-1] INFO  server.RaftServerConfigKeys (ConfUtils.java:logGet(46)) - raft.server.log.corruption.policy = EXCEPTION (default)
2023-02-16 22:43:06,530 [pool-95-thread-1] INFO  server.RaftServerConfigKeys (ConfUtils.java:logGet(46)) - raft.server.storage.free-space.min = 0MB (=0) (default)
2023-02-16 22:43:06,530 [pool-95-thread-1] INFO  server.RaftServerConfigKeys (ConfUtils.java:logGet(46)) - raft.server.notification.no-leader.timeout = 300000ms (custom)
2023-02-16 22:43:06,530 [pool-95-thread-1] INFO  server.RaftServerConfigKeys (ConfUtils.java:logGet(46)) - raft.server.retrycache.expirytime = 600000ms (custom)
2023-02-16 22:43:06,530 [pool-95-thread-1] INFO  server.RaftServerConfigKeys (ConfUtils.java:logGet(46)) - raft.server.retrycache.statistics.expirytime = 100μs (default)
2023-02-16 22:43:06,532 [pool-95-thread-1] INFO  server.RaftServerConfigKeys (ConfUtils.java:logGet(46)) - raft.server.log.appender.install.snapshot.enabled = false (custom)
2023-02-16 22:43:06,532 [pool-95-thread-1] INFO  server.RaftServerConfigKeys (ConfUtils.java:logGet(46)) - raft.server.threadpool.server.cached = true (default)
2023-02-16 22:43:06,532 [pool-95-thread-1] INFO  server.RaftServerConfigKeys (ConfUtils.java:logGet(46)) - raft.server.threadpool.server.size = 0 (default)
2023-02-16 22:43:06,532 [pool-95-thread-1] INFO  server.RaftServerConfigKeys (ConfUtils.java:logGet(46)) - raft.server.threadpool.client.cached = true (default)
2023-02-16 22:43:06,532 [pool-95-thread-1] INFO  server.RaftServerConfigKeys (ConfUtils.java:logGet(46)) - raft.server.threadpool.client.size = 0 (default)
2023-02-16 22:43:06,533 [pool-95-thread-1] INFO  storage.RaftStorageDirectory (RaftStorageDirectoryImpl.java:analyzeStorage(137)) - The storage directory /home/runner/work/ozone/ozone/hadoop-ozone/integration-test/target/test-dir/MiniOzoneClusterImpl-e104f6e4-c147-46af-9a65-8b38e2aa4633/datanode-1/data/ratis/887328f1-0fe5-4a1e-ad40-0c490c4db558 does not exist. Creating ...
2023-02-16 22:43:06,533 [pool-73-thread-1] INFO  server.RaftServer$Division (RaftServerImpl.java:setRole(321)) - 85bc4c93-8919-4d90-bdda-716e90a765bf@group-0C490C4DB558: changes role from      null to FOLLOWER at term 0 for startAsFollower
2023-02-16 22:43:06,534 [pool-73-thread-1] INFO  impl.RoleInfo (RoleInfo.java:updateAndGet(139)) - 85bc4c93-8919-4d90-bdda-716e90a765bf: start 85bc4c93-8919-4d90-bdda-716e90a765bf@group-0C490C4DB558-FollowerState
2023-02-16 22:43:06,534 [pool-73-thread-1] INFO  util.JmxRegister (JmxRegister.java:tryRegister(44)) - Successfully registered JMX Bean with object name Ratis:service=RaftServer,group=group-0C490C4DB558,id=85bc4c93-8919-4d90-bdda-716e90a765bf
2023-02-16 22:43:06,535 [pool-73-thread-1] INFO  server.RaftServerConfigKeys (ConfUtils.java:logGet(46)) - raft.server.snapshot.auto.trigger.enabled = true (custom)
2023-02-16 22:43:06,535 [pool-73-thread-1] INFO  server.RaftServerConfigKeys (ConfUtils.java:logGet(46)) - raft.server.snapshot.auto.trigger.threshold = 10000 (custom)
2023-02-16 22:43:06,535 [pool-73-thread-1] INFO  server.RaftServerConfigKeys (ConfUtils.java:logGet(46)) - raft.server.snapshot.retention.file.num = 5 (custom)
2023-02-16 22:43:06,535 [pool-73-thread-1] INFO  server.RaftServerConfigKeys (ConfUtils.java:logGet(46)) - raft.server.log.purge.upto.snapshot.index = false (default)
2023-02-16 22:43:06,535 [pool-95-thread-1] INFO  storage.RaftStorageDirectory (RaftStorageDirectoryImpl.java:tryLock(231)) - Lock on /home/runner/work/ozone/ozone/hadoop-ozone/integration-test/target/test-dir/MiniOzoneClusterImpl-e104f6e4-c147-46af-9a65-8b38e2aa4633/datanode-1/data/ratis/887328f1-0fe5-4a1e-ad40-0c490c4db558/in_use.lock acquired by nodename 60597@fv-az571-511
2023-02-16 22:43:06,536 [Command processor thread] INFO  ratis.XceiverServerRatis (XceiverServerRatis.java:addGroup(807)) - Created group PipelineID=887328f1-0fe5-4a1e-ad40-0c490c4db558
2023-02-16 22:43:06,537 [pool-95-thread-1] INFO  storage.RaftStorage (RaftStorageImpl.java:format(96)) - Storage directory /home/runner/work/ozone/ozone/hadoop-ozone/integration-test/target/test-dir/MiniOzoneClusterImpl-e104f6e4-c147-46af-9a65-8b38e2aa4633/datanode-1/data/ratis/887328f1-0fe5-4a1e-ad40-0c490c4db558 has been successfully formatted.
2023-02-16 22:43:06,537 [pool-95-thread-1] INFO  ratis.ContainerStateMachine (ContainerStateMachine.java:loadSnapshot(240)) - group-0C490C4DB558: The snapshot info is null. Setting the last applied indexto:(t:0, i:~)
2023-02-16 22:43:06,537 [pool-95-thread-1] INFO  server.RaftServerConfigKeys (ConfUtils.java:logGet(46)) - raft.server.log.use.memory = false (default)
2023-02-16 22:43:06,538 [pool-95-thread-1] INFO  server.RaftServerConfigKeys (ConfUtils.java:logGet(46)) - raft.server.log.purge.gap = 1000000 (custom)
2023-02-16 22:43:06,538 [pool-95-thread-1] INFO  server.RaftServerConfigKeys (ConfUtils.java:logGet(46)) - raft.server.log.appender.buffer.byte-limit = 33554432 (custom)
2023-02-16 22:43:06,538 [pool-95-thread-1] INFO  server.RaftServerConfigKeys (ConfUtils.java:logGet(46)) - raft.server.log.statemachine.data.read.timeout = 1000ms (default)
2023-02-16 22:43:06,538 [pool-95-thread-1] INFO  server.RaftServerConfigKeys (ConfUtils.java:logGet(46)) - raft.server.log.purge.preservation.log.num = 0 (default)
2023-02-16 22:43:06,538 [pool-95-thread-1] INFO  server.RaftServerConfigKeys (ConfUtils.java:logGet(46)) - raft.server.log.segment.size.max = 1048576 (custom)
2023-02-16 22:43:06,538 [pool-95-thread-1] INFO  server.RaftServerConfigKeys (ConfUtils.java:logGet(46)) - raft.server.log.segment.cache.num.max = 2 (custom)
2023-02-16 22:43:06,538 [pool-95-thread-1] INFO  server.RaftServerConfigKeys (ConfUtils.java:logGet(46)) - raft.server.log.segment.cache.size.max = 200MB (=209715200) (default)
2023-02-16 22:43:06,539 [pool-95-thread-1] INFO  segmented.SegmentedRaftLogWorker (SegmentedRaftLogWorker.java:<init>(189)) - new 2a62309e-ec6c-4a0a-91b7-4d126a386491@group-0C490C4DB558-SegmentedRaftLogWorker for RaftStorageImpl:Storage Directory /home/runner/work/ozone/ozone/hadoop-ozone/integration-test/target/test-dir/MiniOzoneClusterImpl-e104f6e4-c147-46af-9a65-8b38e2aa4633/datanode-1/data/ratis/887328f1-0fe5-4a1e-ad40-0c490c4db558
2023-02-16 22:43:06,539 [pool-95-thread-1] INFO  server.RaftServerConfigKeys (ConfUtils.java:logGet(46)) - raft.server.log.queue.byte-limit = 4294967296 (custom)
2023-02-16 22:43:06,539 [pool-95-thread-1] INFO  server.RaftServerConfigKeys (ConfUtils.java:logGet(46)) - raft.server.log.queue.element-limit = 1024 (custom)
2023-02-16 22:43:06,539 [pool-95-thread-1] INFO  server.RaftServerConfigKeys (ConfUtils.java:logGet(46)) - raft.server.log.segment.size.max = 1048576 (custom)
2023-02-16 22:43:06,539 [pool-95-thread-1] INFO  server.RaftServerConfigKeys (ConfUtils.java:logGet(46)) - raft.server.log.preallocated.size = 16384 (custom)
2023-02-16 22:43:06,539 [pool-95-thread-1] INFO  server.RaftServerConfigKeys (ConfUtils.java:logGet(46)) - raft.server.log.force.sync.num = 128 (default)
2023-02-16 22:43:06,539 [pool-95-thread-1] INFO  server.RaftServerConfigKeys (ConfUtils.java:logGet(46)) - raft.server.log.statemachine.data.sync = true (default)
2023-02-16 22:43:06,539 [pool-95-thread-1] INFO  server.RaftServerConfigKeys (ConfUtils.java:logGet(46)) - raft.server.log.statemachine.data.sync.timeout = 10s (default)
2023-02-16 22:43:06,539 [pool-95-thread-1] INFO  server.RaftServerConfigKeys (ConfUtils.java:logGet(46)) - raft.server.log.statemachine.data.sync.timeout.retry = -1 (default)
2023-02-16 22:43:06,546 [pool-95-thread-1] INFO  server.RaftServerConfigKeys (ConfUtils.java:logGet(46)) - raft.server.log.write.buffer.size = 1048576 (custom)
2023-02-16 22:43:06,546 [Listener at 127.0.0.1/41759] INFO  ozone.MiniOzoneClusterImpl (MiniOzoneClusterImpl.java:lambda$waitForClusterToBeReady$0(218)) - Nodes are ready. Got 5 of 5 DN Heartbeats.
2023-02-16 22:43:06,552 [Listener at 127.0.0.1/41759] INFO  ozone.MiniOzoneClusterImpl (MiniOzoneClusterImpl.java:lambda$waitForClusterToBeReady$0(221)) - Waiting for cluster to exit safe mode
2023-02-16 22:43:06,552 [Listener at 127.0.0.1/41759] INFO  ozone.MiniOzoneClusterImpl (MiniOzoneClusterImpl.java:lambda$waitForClusterToBeReady$0(223)) - SCM became leader
2023-02-16 22:43:06,552 [pool-95-thread-1] INFO  server.RaftServerConfigKeys (ConfUtils.java:logGet(46)) - raft.server.log.appender.buffer.byte-limit = 33554432 (custom)
2023-02-16 22:43:06,552 [EventQueue-OpenPipelineForHealthyPipelineSafeModeRule] INFO  safemode.SCMSafeModeManager (HealthyPipelineSafeModeRule.java:process(137)) - SCM in safe mode. Healthy pipelines reported count is 0, required healthy pipeline reported count is 1
2023-02-16 22:43:06,569 [85bc4c93-8919-4d90-bdda-716e90a765bf@group-0C490C4DB558-FollowerState] INFO  server.RaftServerConfigKeys (ConfUtils.java:logFallback(53)) - raft.server.rpc.first-election.timeout.min = 5s (fallback to raft.server.rpc.timeout.min)
2023-02-16 22:43:06,570 [85bc4c93-8919-4d90-bdda-716e90a765bf@group-0C490C4DB558-FollowerState] INFO  server.RaftServerConfigKeys (ConfUtils.java:logFallback(53)) - raft.server.rpc.first-election.timeout.max = 5200ms (fallback to raft.server.rpc.timeout.max)
2023-02-16 22:43:06,575 [pool-95-thread-1] INFO  server.RaftServerConfigKeys (ConfUtils.java:logGet(46)) - raft.server.log.unsafe-flush.enabled = false (default)
2023-02-16 22:43:06,575 [pool-95-thread-1] INFO  server.RaftServerConfigKeys (ConfUtils.java:logGet(46)) - raft.server.log.async-flush.enabled = false (default)
2023-02-16 22:43:06,575 [pool-95-thread-1] INFO  server.RaftServerConfigKeys (ConfUtils.java:logGet(46)) - raft.server.log.statemachine.data.caching.enabled = true (custom)
2023-02-16 22:43:06,576 [pool-95-thread-1] INFO  segmented.SegmentedRaftLogWorker (SegmentedRaftLogWorker.java:lambda$new$0(135)) - 2a62309e-ec6c-4a0a-91b7-4d126a386491@group-0C490C4DB558-SegmentedRaftLogWorker: flushIndex: setUnconditionally 0 -> -1
2023-02-16 22:43:06,576 [pool-95-thread-1] INFO  segmented.SegmentedRaftLogWorker (SegmentedRaftLogWorker.java:lambda$new$0(135)) - 2a62309e-ec6c-4a0a-91b7-4d126a386491@group-0C490C4DB558-SegmentedRaftLogWorker: safeCacheEvictIndex: setUnconditionally 0 -> -1
2023-02-16 22:43:06,582 [pool-117-thread-1] INFO  server.RaftServer$Division (RaftServerImpl.java:<init>(195)) - d47a9118-a689-402c-b263-2bea1a811f25: new RaftServerImpl for group-0C490C4DB558:[2a62309e-ec6c-4a0a-91b7-4d126a386491|rpc:10.1.0.43:34649|dataStream:10.1.0.43:38237|priority:0|startupRole:FOLLOWER, 85bc4c93-8919-4d90-bdda-716e90a765bf|rpc:10.1.0.43:40269|dataStream:10.1.0.43:36907|priority:1|startupRole:FOLLOWER, d47a9118-a689-402c-b263-2bea1a811f25|rpc:10.1.0.43:39221|dataStream:10.1.0.43:38769|priority:0|startupRole:FOLLOWER] with ContainerStateMachine:uninitialized
2023-02-16 22:43:06,585 [pool-117-thread-1] INFO  server.RaftServerConfigKeys (ConfUtils.java:logGet(46)) - raft.server.rpc.timeout.min = 5s (custom)
2023-02-16 22:43:06,585 [pool-117-thread-1] INFO  server.RaftServerConfigKeys (ConfUtils.java:logGet(46)) - raft.server.rpc.timeout.max = 5200ms (custom)
2023-02-16 22:43:06,585 [pool-117-thread-1] INFO  server.RaftServerConfigKeys (ConfUtils.java:logGet(46)) - raft.server.rpc.sleep.time = 25ms (default)
2023-02-16 22:43:06,586 [pool-117-thread-1] INFO  server.RaftServerConfigKeys (ConfUtils.java:logGet(46)) - raft.server.rpc.slowness.timeout = 300000ms (custom)
2023-02-16 22:43:06,586 [pool-117-thread-1] INFO  server.RaftServerConfigKeys (ConfUtils.java:logGet(46)) - raft.server.leaderelection.leader.step-down.wait-time = 10s (default)
2023-02-16 22:43:06,586 [pool-117-thread-1] INFO  server.RaftServerConfigKeys (ConfUtils.java:logGet(46)) - raft.server.sleep.deviation.threshold = 300ms (default)
2023-02-16 22:43:06,586 [pool-117-thread-1] INFO  server.RaftServer$Division (ServerState.java:<init>(118)) - d47a9118-a689-402c-b263-2bea1a811f25@group-0C490C4DB558: ConfigurationManager, init=-1: peers:[2a62309e-ec6c-4a0a-91b7-4d126a386491|rpc:10.1.0.43:34649|dataStream:10.1.0.43:38237|priority:0|startupRole:FOLLOWER, 85bc4c93-8919-4d90-bdda-716e90a765bf|rpc:10.1.0.43:40269|dataStream:10.1.0.43:36907|priority:1|startupRole:FOLLOWER, d47a9118-a689-402c-b263-2bea1a811f25|rpc:10.1.0.43:39221|dataStream:10.1.0.43:38769|priority:0|startupRole:FOLLOWER]|listeners:[], old=null, confs=<EMPTY_MAP>
2023-02-16 22:43:06,586 [pool-117-thread-1] INFO  server.RaftServerConfigKeys (ConfUtils.java:logGet(46)) - raft.server.storage.dir = [/home/runner/work/ozone/ozone/hadoop-ozone/integration-test/target/test-dir/MiniOzoneClusterImpl-e104f6e4-c147-46af-9a65-8b38e2aa4633/datanode-2/data/ratis] (custom)
2023-02-16 22:43:06,586 [pool-117-thread-1] INFO  server.RaftServerConfigKeys (ConfUtils.java:logGet(46)) - raft.server.log.corruption.policy = EXCEPTION (default)
2023-02-16 22:43:06,586 [pool-117-thread-1] INFO  server.RaftServerConfigKeys (ConfUtils.java:logGet(46)) - raft.server.storage.free-space.min = 0MB (=0) (default)
2023-02-16 22:43:06,586 [pool-117-thread-1] INFO  server.RaftServerConfigKeys (ConfUtils.java:logGet(46)) - raft.server.notification.no-leader.timeout = 300000ms (custom)
2023-02-16 22:43:06,587 [pool-117-thread-1] INFO  server.RaftServerConfigKeys (ConfUtils.java:logGet(46)) - raft.server.retrycache.expirytime = 600000ms (custom)
2023-02-16 22:43:06,587 [pool-117-thread-1] INFO  server.RaftServerConfigKeys (ConfUtils.java:logGet(46)) - raft.server.retrycache.statistics.expirytime = 100μs (default)
2023-02-16 22:43:06,588 [pool-117-thread-1] INFO  server.RaftServerConfigKeys (ConfUtils.java:logGet(46)) - raft.server.log.appender.install.snapshot.enabled = false (custom)
2023-02-16 22:43:06,588 [pool-117-thread-1] INFO  server.RaftServerConfigKeys (ConfUtils.java:logGet(46)) - raft.server.threadpool.server.cached = true (default)
2023-02-16 22:43:06,588 [pool-117-thread-1] INFO  server.RaftServerConfigKeys (ConfUtils.java:logGet(46)) - raft.server.threadpool.server.size = 0 (default)
2023-02-16 22:43:06,588 [pool-117-thread-1] INFO  server.RaftServerConfigKeys (ConfUtils.java:logGet(46)) - raft.server.threadpool.client.cached = true (default)
2023-02-16 22:43:06,588 [pool-117-thread-1] INFO  server.RaftServerConfigKeys (ConfUtils.java:logGet(46)) - raft.server.threadpool.client.size = 0 (default)
2023-02-16 22:43:06,580 [grpc-default-executor-1] INFO  server.RaftServer (RaftServerProxy.java:addNew(96)) - d47a9118-a689-402c-b263-2bea1a811f25: addNew group-0C490C4DB558:[2a62309e-ec6c-4a0a-91b7-4d126a386491|rpc:10.1.0.43:34649|dataStream:10.1.0.43:38237|priority:0|startupRole:FOLLOWER, 85bc4c93-8919-4d90-bdda-716e90a765bf|rpc:10.1.0.43:40269|dataStream:10.1.0.43:36907|priority:1|startupRole:FOLLOWER, d47a9118-a689-402c-b263-2bea1a811f25|rpc:10.1.0.43:39221|dataStream:10.1.0.43:38769|priority:0|startupRole:FOLLOWER] returns group-0C490C4DB558:java.util.concurrent.CompletableFuture@2dfb627e[Not completed]
2023-02-16 22:43:06,593 [pool-95-thread-1] INFO  server.RaftServer$Division (RaftServerImpl.java:start(334)) - 2a62309e-ec6c-4a0a-91b7-4d126a386491@group-0C490C4DB558: start as a follower, conf=-1: peers:[2a62309e-ec6c-4a0a-91b7-4d126a386491|rpc:10.1.0.43:34649|dataStream:10.1.0.43:38237|priority:0|startupRole:FOLLOWER, 85bc4c93-8919-4d90-bdda-716e90a765bf|rpc:10.1.0.43:40269|dataStream:10.1.0.43:36907|priority:1|startupRole:FOLLOWER, d47a9118-a689-402c-b263-2bea1a811f25|rpc:10.1.0.43:39221|dataStream:10.1.0.43:38769|priority:0|startupRole:FOLLOWER]|listeners:[], old=null
2023-02-16 22:43:06,593 [pool-95-thread-1] INFO  server.RaftServer$Division (RaftServerImpl.java:setRole(321)) - 2a62309e-ec6c-4a0a-91b7-4d126a386491@group-0C490C4DB558: changes role from      null to FOLLOWER at term 0 for startAsFollower
2023-02-16 22:43:06,593 [pool-117-thread-1] INFO  storage.RaftStorageDirectory (RaftStorageDirectoryImpl.java:analyzeStorage(137)) - The storage directory /home/runner/work/ozone/ozone/hadoop-ozone/integration-test/target/test-dir/MiniOzoneClusterImpl-e104f6e4-c147-46af-9a65-8b38e2aa4633/datanode-2/data/ratis/887328f1-0fe5-4a1e-ad40-0c490c4db558 does not exist. Creating ...
2023-02-16 22:43:06,594 [pool-95-thread-1] INFO  impl.RoleInfo (RoleInfo.java:updateAndGet(139)) - 2a62309e-ec6c-4a0a-91b7-4d126a386491: start 2a62309e-ec6c-4a0a-91b7-4d126a386491@group-0C490C4DB558-FollowerState
2023-02-16 22:43:06,594 [pool-95-thread-1] INFO  util.JmxRegister (JmxRegister.java:tryRegister(44)) - Successfully registered JMX Bean with object name Ratis:service=RaftServer,group=group-0C490C4DB558,id=2a62309e-ec6c-4a0a-91b7-4d126a386491
2023-02-16 22:43:06,594 [pool-95-thread-1] INFO  server.RaftServerConfigKeys (ConfUtils.java:logGet(46)) - raft.server.snapshot.auto.trigger.enabled = true (custom)
2023-02-16 22:43:06,595 [pool-95-thread-1] INFO  server.RaftServerConfigKeys (ConfUtils.java:logGet(46)) - raft.server.snapshot.auto.trigger.threshold = 10000 (custom)
2023-02-16 22:43:06,595 [pool-95-thread-1] INFO  server.RaftServerConfigKeys (ConfUtils.java:logGet(46)) - raft.server.snapshot.retention.file.num = 5 (custom)
2023-02-16 22:43:06,595 [pool-95-thread-1] INFO  server.RaftServerConfigKeys (ConfUtils.java:logGet(46)) - raft.server.log.purge.upto.snapshot.index = false (default)
2023-02-16 22:43:06,596 [pool-117-thread-1] INFO  storage.RaftStorageDirectory (RaftStorageDirectoryImpl.java:tryLock(231)) - Lock on /home/runner/work/ozone/ozone/hadoop-ozone/integration-test/target/test-dir/MiniOzoneClusterImpl-e104f6e4-c147-46af-9a65-8b38e2aa4633/datanode-2/data/ratis/887328f1-0fe5-4a1e-ad40-0c490c4db558/in_use.lock acquired by nodename 60597@fv-az571-511
2023-02-16 22:43:06,598 [Command processor thread] INFO  ratis.XceiverServerRatis (XceiverServerRatis.java:addGroup(807)) - Created group PipelineID=887328f1-0fe5-4a1e-ad40-0c490c4db558
2023-02-16 22:43:06,603 [pool-117-thread-1] INFO  storage.RaftStorage (RaftStorageImpl.java:format(96)) - Storage directory /home/runner/work/ozone/ozone/hadoop-ozone/integration-test/target/test-dir/MiniOzoneClusterImpl-e104f6e4-c147-46af-9a65-8b38e2aa4633/datanode-2/data/ratis/887328f1-0fe5-4a1e-ad40-0c490c4db558 has been successfully formatted.
2023-02-16 22:43:06,603 [pool-117-thread-1] INFO  ratis.ContainerStateMachine (ContainerStateMachine.java:loadSnapshot(240)) - group-0C490C4DB558: The snapshot info is null. Setting the last applied indexto:(t:0, i:~)
2023-02-16 22:43:06,603 [pool-117-thread-1] INFO  server.RaftServerConfigKeys (ConfUtils.java:logGet(46)) - raft.server.log.use.memory = false (default)
2023-02-16 22:43:06,603 [pool-117-thread-1] INFO  server.RaftServerConfigKeys (ConfUtils.java:logGet(46)) - raft.server.log.purge.gap = 1000000 (custom)
2023-02-16 22:43:06,603 [pool-117-thread-1] INFO  server.RaftServerConfigKeys (ConfUtils.java:logGet(46)) - raft.server.log.appender.buffer.byte-limit = 33554432 (custom)
2023-02-16 22:43:06,604 [pool-117-thread-1] INFO  server.RaftServerConfigKeys (ConfUtils.java:logGet(46)) - raft.server.log.statemachine.data.read.timeout = 1000ms (default)
2023-02-16 22:43:06,610 [pool-117-thread-1] INFO  server.RaftServerConfigKeys (ConfUtils.java:logGet(46)) - raft.server.log.purge.preservation.log.num = 0 (default)
2023-02-16 22:43:06,610 [pool-117-thread-1] INFO  server.RaftServerConfigKeys (ConfUtils.java:logGet(46)) - raft.server.log.segment.size.max = 1048576 (custom)
2023-02-16 22:43:06,610 [pool-117-thread-1] INFO  server.RaftServerConfigKeys (ConfUtils.java:logGet(46)) - raft.server.log.segment.cache.num.max = 2 (custom)
2023-02-16 22:43:06,610 [pool-117-thread-1] INFO  server.RaftServerConfigKeys (ConfUtils.java:logGet(46)) - raft.server.log.segment.cache.size.max = 200MB (=209715200) (default)
2023-02-16 22:43:06,611 [pool-117-thread-1] INFO  segmented.SegmentedRaftLogWorker (SegmentedRaftLogWorker.java:<init>(189)) - new d47a9118-a689-402c-b263-2bea1a811f25@group-0C490C4DB558-SegmentedRaftLogWorker for RaftStorageImpl:Storage Directory /home/runner/work/ozone/ozone/hadoop-ozone/integration-test/target/test-dir/MiniOzoneClusterImpl-e104f6e4-c147-46af-9a65-8b38e2aa4633/datanode-2/data/ratis/887328f1-0fe5-4a1e-ad40-0c490c4db558
2023-02-16 22:43:06,611 [pool-117-thread-1] INFO  server.RaftServerConfigKeys (ConfUtils.java:logGet(46)) - raft.server.log.queue.byte-limit = 4294967296 (custom)
2023-02-16 22:43:06,611 [pool-117-thread-1] INFO  server.RaftServerConfigKeys (ConfUtils.java:logGet(46)) - raft.server.log.queue.element-limit = 1024 (custom)
2023-02-16 22:43:06,611 [pool-117-thread-1] INFO  server.RaftServerConfigKeys (ConfUtils.java:logGet(46)) - raft.server.log.segment.size.max = 1048576 (custom)
2023-02-16 22:43:06,611 [pool-117-thread-1] INFO  server.RaftServerConfigKeys (ConfUtils.java:logGet(46)) - raft.server.log.preallocated.size = 16384 (custom)
2023-02-16 22:43:06,611 [pool-117-thread-1] INFO  server.RaftServerConfigKeys (ConfUtils.java:logGet(46)) - raft.server.log.force.sync.num = 128 (default)
2023-02-16 22:43:06,611 [pool-117-thread-1] INFO  server.RaftServerConfigKeys (ConfUtils.java:logGet(46)) - raft.server.log.statemachine.data.sync = true (default)
2023-02-16 22:43:06,611 [pool-117-thread-1] INFO  server.RaftServerConfigKeys (ConfUtils.java:logGet(46)) - raft.server.log.statemachine.data.sync.timeout = 10s (default)
2023-02-16 22:43:06,611 [pool-117-thread-1] INFO  server.RaftServerConfigKeys (ConfUtils.java:logGet(46)) - raft.server.log.statemachine.data.sync.timeout.retry = -1 (default)
2023-02-16 22:43:06,612 [pool-117-thread-1] INFO  server.RaftServerConfigKeys (ConfUtils.java:logGet(46)) - raft.server.log.write.buffer.size = 1048576 (custom)
2023-02-16 22:43:06,613 [pool-117-thread-1] INFO  server.RaftServerConfigKeys (ConfUtils.java:logGet(46)) - raft.server.log.appender.buffer.byte-limit = 33554432 (custom)
2023-02-16 22:43:06,848 [2a62309e-ec6c-4a0a-91b7-4d126a386491@group-0C490C4DB558-FollowerState] INFO  server.RaftServerConfigKeys (ConfUtils.java:logFallback(53)) - raft.server.rpc.first-election.timeout.min = 5s (fallback to raft.server.rpc.timeout.min)
2023-02-16 22:43:06,848 [2a62309e-ec6c-4a0a-91b7-4d126a386491@group-0C490C4DB558-FollowerState] INFO  server.RaftServerConfigKeys (ConfUtils.java:logFallback(53)) - raft.server.rpc.first-election.timeout.max = 5200ms (fallback to raft.server.rpc.timeout.max)
2023-02-16 22:43:06,857 [JvmPauseMonitor2] WARN  util.JvmPauseMonitor (JvmPauseMonitor.java:detectPause(126)) - JvmPauseMonitor-2a62309e-ec6c-4a0a-91b7-4d126a386491: Detected pause in JVM or host machine (eg GC): pause of approximately 110790701ns.
GC pool 'PS MarkSweep' had collection(s): count=1 time=157ms
GC pool 'PS Scavenge' had collection(s): count=1 time=72ms
2023-02-16 22:43:06,857 [JvmPauseMonitor3] WARN  util.JvmPauseMonitor (JvmPauseMonitor.java:detectPause(126)) - JvmPauseMonitor-d47a9118-a689-402c-b263-2bea1a811f25: Detected pause in JVM or host machine (eg GC): pause of approximately 145412636ns.
GC pool 'PS MarkSweep' had collection(s): count=1 time=157ms
GC pool 'PS Scavenge' had collection(s): count=1 time=72ms
2023-02-16 22:43:06,857 [JvmPauseMonitor4] WARN  util.JvmPauseMonitor (JvmPauseMonitor.java:detectPause(126)) - JvmPauseMonitor-85dc0855-ecf4-4edb-b404-0334ac503e71: Detected pause in JVM or host machine (eg GC): pause of approximately 168825829ns.
GC pool 'PS MarkSweep' had collection(s): count=1 time=157ms
GC pool 'PS Scavenge' had collection(s): count=1 time=72ms
2023-02-16 22:43:06,862 [Command processor thread] INFO  server.RaftServer (RaftServerProxy.java:addNew(96)) - d47a9118-a689-402c-b263-2bea1a811f25: addNew group-6110A1C92487:[d47a9118-a689-402c-b263-2bea1a811f25|rpc:10.1.0.43:39221|dataStream:10.1.0.43:38769|priority:1|startupRole:FOLLOWER] returns group-6110A1C92487:java.util.concurrent.CompletableFuture@148aa4f8[Not completed]
2023-02-16 22:43:06,862 [JvmPauseMonitor5] WARN  util.JvmPauseMonitor (JvmPauseMonitor.java:detectPause(126)) - JvmPauseMonitor-7f47c17a-df40-4172-b23f-53f5d31e4e62: Detected pause in JVM or host machine (eg GC): pause of approximately 214547508ns.
GC pool 'PS MarkSweep' had collection(s): count=1 time=157ms
GC pool 'PS Scavenge' had collection(s): count=1 time=72ms
2023-02-16 22:43:06,863 [pool-117-thread-1] INFO  server.RaftServerConfigKeys (ConfUtils.java:logGet(46)) - raft.server.log.unsafe-flush.enabled = false (default)
2023-02-16 22:43:06,863 [pool-117-thread-1] INFO  server.RaftServerConfigKeys (ConfUtils.java:logGet(46)) - raft.server.log.async-flush.enabled = false (default)
2023-02-16 22:43:06,863 [pool-117-thread-1] INFO  server.RaftServerConfigKeys (ConfUtils.java:logGet(46)) - raft.server.log.statemachine.data.caching.enabled = true (custom)
2023-02-16 22:43:06,864 [pool-117-thread-1] INFO  segmented.SegmentedRaftLogWorker (SegmentedRaftLogWorker.java:lambda$new$0(135)) - d47a9118-a689-402c-b263-2bea1a811f25@group-0C490C4DB558-SegmentedRaftLogWorker: flushIndex: setUnconditionally 0 -> -1
2023-02-16 22:43:06,864 [pool-117-thread-1] INFO  segmented.SegmentedRaftLogWorker (SegmentedRaftLogWorker.java:lambda$new$0(135)) - d47a9118-a689-402c-b263-2bea1a811f25@group-0C490C4DB558-SegmentedRaftLogWorker: safeCacheEvictIndex: setUnconditionally 0 -> -1
2023-02-16 22:43:06,868 [pool-117-thread-1] INFO  server.RaftServer$Division (RaftServerImpl.java:start(334)) - d47a9118-a689-402c-b263-2bea1a811f25@group-0C490C4DB558: start as a follower, conf=-1: peers:[2a62309e-ec6c-4a0a-91b7-4d126a386491|rpc:10.1.0.43:34649|dataStream:10.1.0.43:38237|priority:0|startupRole:FOLLOWER, 85bc4c93-8919-4d90-bdda-716e90a765bf|rpc:10.1.0.43:40269|dataStream:10.1.0.43:36907|priority:1|startupRole:FOLLOWER, d47a9118-a689-402c-b263-2bea1a811f25|rpc:10.1.0.43:39221|dataStream:10.1.0.43:38769|priority:0|startupRole:FOLLOWER]|listeners:[], old=null
2023-02-16 22:43:06,869 [pool-117-thread-1] INFO  server.RaftServer$Division (RaftServerImpl.java:setRole(321)) - d47a9118-a689-402c-b263-2bea1a811f25@group-0C490C4DB558: changes role from      null to FOLLOWER at term 0 for startAsFollower
2023-02-16 22:43:06,869 [pool-117-thread-1] INFO  impl.RoleInfo (RoleInfo.java:updateAndGet(139)) - d47a9118-a689-402c-b263-2bea1a811f25: start d47a9118-a689-402c-b263-2bea1a811f25@group-0C490C4DB558-FollowerState
2023-02-16 22:43:06,869 [pool-117-thread-1] INFO  util.JmxRegister (JmxRegister.java:tryRegister(44)) - Successfully registered JMX Bean with object name Ratis:service=RaftServer,group=group-0C490C4DB558,id=d47a9118-a689-402c-b263-2bea1a811f25
2023-02-16 22:43:06,869 [pool-117-thread-1] INFO  server.RaftServerConfigKeys (ConfUtils.java:logGet(46)) - raft.server.snapshot.auto.trigger.enabled = true (custom)
2023-02-16 22:43:06,870 [pool-117-thread-1] INFO  server.RaftServerConfigKeys (ConfUtils.java:logGet(46)) - raft.server.snapshot.auto.trigger.threshold = 10000 (custom)
2023-02-16 22:43:06,870 [pool-117-thread-1] INFO  server.RaftServerConfigKeys (ConfUtils.java:logGet(46)) - raft.server.snapshot.retention.file.num = 5 (custom)
2023-02-16 22:43:06,870 [pool-117-thread-1] INFO  server.RaftServerConfigKeys (ConfUtils.java:logGet(46)) - raft.server.log.purge.upto.snapshot.index = false (default)
2023-02-16 22:43:06,871 [d47a9118-a689-402c-b263-2bea1a811f25@group-0C490C4DB558-FollowerState] INFO  server.RaftServerConfigKeys (ConfUtils.java:logFallback(53)) - raft.server.rpc.first-election.timeout.min = 5s (fallback to raft.server.rpc.timeout.min)
2023-02-16 22:43:06,873 [d47a9118-a689-402c-b263-2bea1a811f25@group-0C490C4DB558-FollowerState] INFO  server.RaftServerConfigKeys (ConfUtils.java:logFallback(53)) - raft.server.rpc.first-election.timeout.max = 5200ms (fallback to raft.server.rpc.timeout.max)
2023-02-16 22:43:06,872 [pool-117-thread-1] INFO  server.RaftServer$Division (RaftServerImpl.java:<init>(195)) - d47a9118-a689-402c-b263-2bea1a811f25: new RaftServerImpl for group-6110A1C92487:[d47a9118-a689-402c-b263-2bea1a811f25|rpc:10.1.0.43:39221|dataStream:10.1.0.43:38769|priority:1|startupRole:FOLLOWER] with ContainerStateMachine:uninitialized
2023-02-16 22:43:06,874 [pool-117-thread-1] INFO  server.RaftServerConfigKeys (ConfUtils.java:logGet(46)) - raft.server.rpc.timeout.min = 5s (custom)
2023-02-16 22:43:06,874 [pool-117-thread-1] INFO  server.RaftServerConfigKeys (ConfUtils.java:logGet(46)) - raft.server.rpc.timeout.max = 5200ms (custom)
2023-02-16 22:43:06,874 [pool-117-thread-1] INFO  server.RaftServerConfigKeys (ConfUtils.java:logGet(46)) - raft.server.rpc.sleep.time = 25ms (default)
2023-02-16 22:43:06,874 [pool-117-thread-1] INFO  server.RaftServerConfigKeys (ConfUtils.java:logGet(46)) - raft.server.rpc.slowness.timeout = 300000ms (custom)
2023-02-16 22:43:06,874 [pool-117-thread-1] INFO  server.RaftServerConfigKeys (ConfUtils.java:logGet(46)) - raft.server.leaderelection.leader.step-down.wait-time = 10s (default)
2023-02-16 22:43:06,874 [pool-117-thread-1] INFO  server.RaftServerConfigKeys (ConfUtils.java:logGet(46)) - raft.server.sleep.deviation.threshold = 300ms (default)
2023-02-16 22:43:06,874 [pool-117-thread-1] INFO  server.RaftServer$Division (ServerState.java:<init>(118)) - d47a9118-a689-402c-b263-2bea1a811f25@group-6110A1C92487: ConfigurationManager, init=-1: peers:[d47a9118-a689-402c-b263-2bea1a811f25|rpc:10.1.0.43:39221|dataStream:10.1.0.43:38769|priority:1|startupRole:FOLLOWER]|listeners:[], old=null, confs=<EMPTY_MAP>
2023-02-16 22:43:06,874 [pool-117-thread-1] INFO  server.RaftServerConfigKeys (ConfUtils.java:logGet(46)) - raft.server.storage.dir = [/home/runner/work/ozone/ozone/hadoop-ozone/integration-test/target/test-dir/MiniOzoneClusterImpl-e104f6e4-c147-46af-9a65-8b38e2aa4633/datanode-2/data/ratis] (custom)
2023-02-16 22:43:06,874 [pool-117-thread-1] INFO  server.RaftServerConfigKeys (ConfUtils.java:logGet(46)) - raft.server.log.corruption.policy = EXCEPTION (default)
2023-02-16 22:43:06,874 [pool-117-thread-1] INFO  server.RaftServerConfigKeys (ConfUtils.java:logGet(46)) - raft.server.storage.free-space.min = 0MB (=0) (default)
2023-02-16 22:43:06,875 [pool-117-thread-1] INFO  server.RaftServerConfigKeys (ConfUtils.java:logGet(46)) - raft.server.notification.no-leader.timeout = 300000ms (custom)
2023-02-16 22:43:06,875 [pool-117-thread-1] INFO  server.RaftServerConfigKeys (ConfUtils.java:logGet(46)) - raft.server.retrycache.expirytime = 600000ms (custom)
2023-02-16 22:43:06,875 [pool-117-thread-1] INFO  server.RaftServerConfigKeys (ConfUtils.java:logGet(46)) - raft.server.retrycache.statistics.expirytime = 100μs (default)
2023-02-16 22:43:06,876 [pool-117-thread-1] INFO  server.RaftServerConfigKeys (ConfUtils.java:logGet(46)) - raft.server.log.appender.install.snapshot.enabled = false (custom)
2023-02-16 22:43:06,876 [pool-117-thread-1] INFO  server.RaftServerConfigKeys (ConfUtils.java:logGet(46)) - raft.server.threadpool.server.cached = true (default)
2023-02-16 22:43:06,876 [pool-117-thread-1] INFO  server.RaftServerConfigKeys (ConfUtils.java:logGet(46)) - raft.server.threadpool.server.size = 0 (default)
2023-02-16 22:43:06,876 [pool-117-thread-1] INFO  server.RaftServerConfigKeys (ConfUtils.java:logGet(46)) - raft.server.threadpool.client.cached = true (default)
2023-02-16 22:43:06,876 [pool-117-thread-1] INFO  server.RaftServerConfigKeys (ConfUtils.java:logGet(46)) - raft.server.threadpool.client.size = 0 (default)
2023-02-16 22:43:06,876 [pool-117-thread-1] INFO  storage.RaftStorageDirectory (RaftStorageDirectoryImpl.java:analyzeStorage(137)) - The storage directory /home/runner/work/ozone/ozone/hadoop-ozone/integration-test/target/test-dir/MiniOzoneClusterImpl-e104f6e4-c147-46af-9a65-8b38e2aa4633/datanode-2/data/ratis/4d932b74-1483-4799-95e6-6110a1c92487 does not exist. Creating ...
2023-02-16 22:43:06,878 [pool-117-thread-1] INFO  storage.RaftStorageDirectory (RaftStorageDirectoryImpl.java:tryLock(231)) - Lock on /home/runner/work/ozone/ozone/hadoop-ozone/integration-test/target/test-dir/MiniOzoneClusterImpl-e104f6e4-c147-46af-9a65-8b38e2aa4633/datanode-2/data/ratis/4d932b74-1483-4799-95e6-6110a1c92487/in_use.lock acquired by nodename 60597@fv-az571-511
2023-02-16 22:43:06,880 [pool-117-thread-1] INFO  storage.RaftStorage (RaftStorageImpl.java:format(96)) - Storage directory /home/runner/work/ozone/ozone/hadoop-ozone/integration-test/target/test-dir/MiniOzoneClusterImpl-e104f6e4-c147-46af-9a65-8b38e2aa4633/datanode-2/data/ratis/4d932b74-1483-4799-95e6-6110a1c92487 has been successfully formatted.
2023-02-16 22:43:06,880 [pool-117-thread-1] INFO  ratis.ContainerStateMachine (ContainerStateMachine.java:loadSnapshot(240)) - group-6110A1C92487: The snapshot info is null. Setting the last applied indexto:(t:0, i:~)
2023-02-16 22:43:06,881 [pool-117-thread-1] INFO  server.RaftServerConfigKeys (ConfUtils.java:logGet(46)) - raft.server.log.use.memory = false (default)
2023-02-16 22:43:06,881 [pool-117-thread-1] INFO  server.RaftServerConfigKeys (ConfUtils.java:logGet(46)) - raft.server.log.purge.gap = 1000000 (custom)
2023-02-16 22:43:06,881 [pool-117-thread-1] INFO  server.RaftServerConfigKeys (ConfUtils.java:logGet(46)) - raft.server.log.appender.buffer.byte-limit = 33554432 (custom)
2023-02-16 22:43:06,881 [pool-117-thread-1] INFO  server.RaftServerConfigKeys (ConfUtils.java:logGet(46)) - raft.server.log.statemachine.data.read.timeout = 1000ms (default)
2023-02-16 22:43:06,881 [pool-117-thread-1] INFO  server.RaftServerConfigKeys (ConfUtils.java:logGet(46)) - raft.server.log.purge.preservation.log.num = 0 (default)
2023-02-16 22:43:06,881 [pool-117-thread-1] INFO  server.RaftServerConfigKeys (ConfUtils.java:logGet(46)) - raft.server.log.segment.size.max = 1048576 (custom)
2023-02-16 22:43:06,882 [pool-117-thread-1] INFO  server.RaftServerConfigKeys (ConfUtils.java:logGet(46)) - raft.server.log.segment.cache.num.max = 2 (custom)
2023-02-16 22:43:06,882 [pool-117-thread-1] INFO  server.RaftServerConfigKeys (ConfUtils.java:logGet(46)) - raft.server.log.segment.cache.size.max = 200MB (=209715200) (default)
2023-02-16 22:43:06,882 [pool-117-thread-1] INFO  segmented.SegmentedRaftLogWorker (SegmentedRaftLogWorker.java:<init>(189)) - new d47a9118-a689-402c-b263-2bea1a811f25@group-6110A1C92487-SegmentedRaftLogWorker for RaftStorageImpl:Storage Directory /home/runner/work/ozone/ozone/hadoop-ozone/integration-test/target/test-dir/MiniOzoneClusterImpl-e104f6e4-c147-46af-9a65-8b38e2aa4633/datanode-2/data/ratis/4d932b74-1483-4799-95e6-6110a1c92487
2023-02-16 22:43:06,886 [pool-117-thread-1] INFO  server.RaftServerConfigKeys (ConfUtils.java:logGet(46)) - raft.server.log.queue.byte-limit = 4294967296 (custom)
2023-02-16 22:43:06,889 [EventQueue-PipelineReportForPipelineReportHandler] INFO  pipeline.PipelineManagerImpl (PipelineManagerImpl.java:openPipeline(367)) - Pipeline Pipeline[ Id: 4d932b74-1483-4799-95e6-6110a1c92487, Nodes: d47a9118-a689-402c-b263-2bea1a811f25(fv-az571-511/10.1.0.43), ReplicationConfig: RATIS/ONE, State:ALLOCATED, leaderId:d47a9118-a689-402c-b263-2bea1a811f25, CreationTimestamp2023-02-16T22:43:03.650Z[Etc/UTC]] moved to OPEN state
2023-02-16 22:43:06,892 [EventQueue-OpenPipelineForHealthyPipelineSafeModeRule] INFO  safemode.SCMSafeModeManager (HealthyPipelineSafeModeRule.java:process(137)) - SCM in safe mode. Healthy pipelines reported count is 0, required healthy pipeline reported count is 1
2023-02-16 22:43:06,892 [pool-117-thread-1] INFO  server.RaftServerConfigKeys (ConfUtils.java:logGet(46)) - raft.server.log.queue.element-limit = 1024 (custom)
2023-02-16 22:43:06,892 [pool-117-thread-1] INFO  server.RaftServerConfigKeys (ConfUtils.java:logGet(46)) - raft.server.log.segment.size.max = 1048576 (custom)
2023-02-16 22:43:06,893 [pool-117-thread-1] INFO  server.RaftServerConfigKeys (ConfUtils.java:logGet(46)) - raft.server.log.preallocated.size = 16384 (custom)
2023-02-16 22:43:06,893 [pool-117-thread-1] INFO  server.RaftServerConfigKeys (ConfUtils.java:logGet(46)) - raft.server.log.force.sync.num = 128 (default)
2023-02-16 22:43:06,893 [pool-117-thread-1] INFO  server.RaftServerConfigKeys (ConfUtils.java:logGet(46)) - raft.server.log.statemachine.data.sync = true (default)
2023-02-16 22:43:06,893 [pool-117-thread-1] INFO  server.RaftServerConfigKeys (ConfUtils.java:logGet(46)) - raft.server.log.statemachine.data.sync.timeout = 10s (default)
2023-02-16 22:43:06,893 [pool-117-thread-1] INFO  server.RaftServerConfigKeys (ConfUtils.java:logGet(46)) - raft.server.log.statemachine.data.sync.timeout.retry = -1 (default)
2023-02-16 22:43:06,894 [pool-117-thread-1] INFO  server.RaftServerConfigKeys (ConfUtils.java:logGet(46)) - raft.server.log.write.buffer.size = 1048576 (custom)
2023-02-16 22:43:06,895 [pool-117-thread-1] INFO  server.RaftServerConfigKeys (ConfUtils.java:logGet(46)) - raft.server.log.appender.buffer.byte-limit = 33554432 (custom)
2023-02-16 22:43:06,902 [pool-117-thread-1] INFO  server.RaftServerConfigKeys (ConfUtils.java:logGet(46)) - raft.server.log.unsafe-flush.enabled = false (default)
2023-02-16 22:43:06,902 [pool-117-thread-1] INFO  server.RaftServerConfigKeys (ConfUtils.java:logGet(46)) - raft.server.log.async-flush.enabled = false (default)
2023-02-16 22:43:06,902 [pool-117-thread-1] INFO  server.RaftServerConfigKeys (ConfUtils.java:logGet(46)) - raft.server.log.statemachine.data.caching.enabled = true (custom)
2023-02-16 22:43:06,903 [pool-117-thread-1] INFO  segmented.SegmentedRaftLogWorker (SegmentedRaftLogWorker.java:lambda$new$0(135)) - d47a9118-a689-402c-b263-2bea1a811f25@group-6110A1C92487-SegmentedRaftLogWorker: flushIndex: setUnconditionally 0 -> -1
2023-02-16 22:43:06,903 [pool-117-thread-1] INFO  segmented.SegmentedRaftLogWorker (SegmentedRaftLogWorker.java:lambda$new$0(135)) - d47a9118-a689-402c-b263-2bea1a811f25@group-6110A1C92487-SegmentedRaftLogWorker: safeCacheEvictIndex: setUnconditionally 0 -> -1
2023-02-16 22:43:06,903 [pool-117-thread-1] INFO  server.RaftServer$Division (RaftServerImpl.java:start(334)) - d47a9118-a689-402c-b263-2bea1a811f25@group-6110A1C92487: start as a follower, conf=-1: peers:[d47a9118-a689-402c-b263-2bea1a811f25|rpc:10.1.0.43:39221|dataStream:10.1.0.43:38769|priority:1|startupRole:FOLLOWER]|listeners:[], old=null
2023-02-16 22:43:06,903 [pool-117-thread-1] INFO  server.RaftServer$Division (RaftServerImpl.java:setRole(321)) - d47a9118-a689-402c-b263-2bea1a811f25@group-6110A1C92487: changes role from      null to FOLLOWER at term 0 for startAsFollower
2023-02-16 22:43:06,903 [pool-117-thread-1] INFO  impl.RoleInfo (RoleInfo.java:updateAndGet(139)) - d47a9118-a689-402c-b263-2bea1a811f25: start d47a9118-a689-402c-b263-2bea1a811f25@group-6110A1C92487-FollowerState
2023-02-16 22:43:06,903 [pool-117-thread-1] INFO  util.JmxRegister (JmxRegister.java:tryRegister(44)) - Successfully registered JMX Bean with object name Ratis:service=RaftServer,group=group-6110A1C92487,id=d47a9118-a689-402c-b263-2bea1a811f25
2023-02-16 22:43:06,904 [pool-117-thread-1] INFO  server.RaftServerConfigKeys (ConfUtils.java:logGet(46)) - raft.server.snapshot.auto.trigger.enabled = true (custom)
2023-02-16 22:43:06,904 [pool-117-thread-1] INFO  server.RaftServerConfigKeys (ConfUtils.java:logGet(46)) - raft.server.snapshot.auto.trigger.threshold = 10000 (custom)
2023-02-16 22:43:06,904 [pool-117-thread-1] INFO  server.RaftServerConfigKeys (ConfUtils.java:logGet(46)) - raft.server.snapshot.retention.file.num = 5 (custom)
2023-02-16 22:43:06,904 [pool-117-thread-1] INFO  server.RaftServerConfigKeys (ConfUtils.java:logGet(46)) - raft.server.log.purge.upto.snapshot.index = false (default)
2023-02-16 22:43:06,904 [d47a9118-a689-402c-b263-2bea1a811f25@group-6110A1C92487-FollowerState] INFO  server.RaftServerConfigKeys (ConfUtils.java:logFallback(53)) - raft.server.rpc.first-election.timeout.min = 5s (fallback to raft.server.rpc.timeout.min)
2023-02-16 22:43:06,905 [d47a9118-a689-402c-b263-2bea1a811f25@group-6110A1C92487-FollowerState] INFO  server.RaftServerConfigKeys (ConfUtils.java:logFallback(53)) - raft.server.rpc.first-election.timeout.max = 5200ms (fallback to raft.server.rpc.timeout.max)
2023-02-16 22:43:06,905 [Command processor thread] INFO  ratis.XceiverServerRatis (XceiverServerRatis.java:addGroup(807)) - Created group PipelineID=4d932b74-1483-4799-95e6-6110a1c92487
2023-02-16 22:43:06,905 [Command processor thread] INFO  commandhandler.CreatePipelineCommandHandler (CreatePipelineCommandHandler.java:handle(113)) - Created Pipeline RATIS ONE PipelineID=4d932b74-1483-4799-95e6-6110a1c92487.
2023-02-16 22:43:06,947 [Command processor thread] INFO  commandhandler.CreatePipelineCommandHandler (CreatePipelineCommandHandler.java:handle(113)) - Created Pipeline RATIS THREE PipelineID=887328f1-0fe5-4a1e-ad40-0c490c4db558.
2023-02-16 22:43:06,973 [Command processor thread] INFO  commandhandler.CreatePipelineCommandHandler (CreatePipelineCommandHandler.java:handle(113)) - Created Pipeline RATIS THREE PipelineID=887328f1-0fe5-4a1e-ad40-0c490c4db558.
2023-02-16 22:43:07,123 [Command processor thread] INFO  server.RaftServer (RaftServerProxy.java:addNew(96)) - 85dc0855-ecf4-4edb-b404-0334ac503e71: addNew group-A9B1AB4B43F5:[85dc0855-ecf4-4edb-b404-0334ac503e71|rpc:10.1.0.43:34953|dataStream:10.1.0.43:33181|priority:1|startupRole:FOLLOWER] returns group-A9B1AB4B43F5:java.util.concurrent.CompletableFuture@456787ac[Not completed]
2023-02-16 22:43:07,126 [pool-139-thread-1] INFO  server.RaftServer$Division (RaftServerImpl.java:<init>(195)) - 85dc0855-ecf4-4edb-b404-0334ac503e71: new RaftServerImpl for group-A9B1AB4B43F5:[85dc0855-ecf4-4edb-b404-0334ac503e71|rpc:10.1.0.43:34953|dataStream:10.1.0.43:33181|priority:1|startupRole:FOLLOWER] with ContainerStateMachine:uninitialized
2023-02-16 22:43:07,126 [pool-139-thread-1] INFO  server.RaftServerConfigKeys (ConfUtils.java:logGet(46)) - raft.server.rpc.timeout.min = 5s (custom)
2023-02-16 22:43:07,126 [pool-139-thread-1] INFO  server.RaftServerConfigKeys (ConfUtils.java:logGet(46)) - raft.server.rpc.timeout.max = 5200ms (custom)
2023-02-16 22:43:07,126 [pool-139-thread-1] INFO  server.RaftServerConfigKeys (ConfUtils.java:logGet(46)) - raft.server.rpc.sleep.time = 25ms (default)
2023-02-16 22:43:07,126 [pool-139-thread-1] INFO  server.RaftServerConfigKeys (ConfUtils.java:logGet(46)) - raft.server.rpc.slowness.timeout = 300000ms (custom)
2023-02-16 22:43:07,126 [pool-139-thread-1] INFO  server.RaftServerConfigKeys (ConfUtils.java:logGet(46)) - raft.server.leaderelection.leader.step-down.wait-time = 10s (default)
2023-02-16 22:43:07,126 [pool-139-thread-1] INFO  server.RaftServerConfigKeys (ConfUtils.java:logGet(46)) - raft.server.sleep.deviation.threshold = 300ms (default)
2023-02-16 22:43:07,126 [pool-139-thread-1] INFO  server.RaftServer$Division (ServerState.java:<init>(118)) - 85dc0855-ecf4-4edb-b404-0334ac503e71@group-A9B1AB4B43F5: ConfigurationManager, init=-1: peers:[85dc0855-ecf4-4edb-b404-0334ac503e71|rpc:10.1.0.43:34953|dataStream:10.1.0.43:33181|priority:1|startupRole:FOLLOWER]|listeners:[], old=null, confs=<EMPTY_MAP>
2023-02-16 22:43:07,127 [pool-139-thread-1] INFO  server.RaftServerConfigKeys (ConfUtils.java:logGet(46)) - raft.server.storage.dir = [/home/runner/work/ozone/ozone/hadoop-ozone/integration-test/target/test-dir/MiniOzoneClusterImpl-e104f6e4-c147-46af-9a65-8b38e2aa4633/datanode-3/data/ratis] (custom)
2023-02-16 22:43:07,127 [pool-139-thread-1] INFO  server.RaftServerConfigKeys (ConfUtils.java:logGet(46)) - raft.server.log.corruption.policy = EXCEPTION (default)
2023-02-16 22:43:07,127 [pool-139-thread-1] INFO  server.RaftServerConfigKeys (ConfUtils.java:logGet(46)) - raft.server.storage.free-space.min = 0MB (=0) (default)
2023-02-16 22:43:07,127 [pool-139-thread-1] INFO  server.RaftServerConfigKeys (ConfUtils.java:logGet(46)) - raft.server.notification.no-leader.timeout = 300000ms (custom)
2023-02-16 22:43:07,127 [pool-139-thread-1] INFO  server.RaftServerConfigKeys (ConfUtils.java:logGet(46)) - raft.server.retrycache.expirytime = 600000ms (custom)
2023-02-16 22:43:07,127 [pool-139-thread-1] INFO  server.RaftServerConfigKeys (ConfUtils.java:logGet(46)) - raft.server.retrycache.statistics.expirytime = 100μs (default)
2023-02-16 22:43:07,143 [pool-139-thread-1] INFO  server.RaftServerConfigKeys (ConfUtils.java:logGet(46)) - raft.server.log.appender.install.snapshot.enabled = false (custom)
2023-02-16 22:43:07,143 [pool-139-thread-1] INFO  server.RaftServerConfigKeys (ConfUtils.java:logGet(46)) - raft.server.threadpool.server.cached = true (default)
2023-02-16 22:43:07,143 [pool-139-thread-1] INFO  server.RaftServerConfigKeys (ConfUtils.java:logGet(46)) - raft.server.threadpool.server.size = 0 (default)
2023-02-16 22:43:07,143 [pool-139-thread-1] INFO  server.RaftServerConfigKeys (ConfUtils.java:logGet(46)) - raft.server.threadpool.client.cached = true (default)
2023-02-16 22:43:07,143 [pool-139-thread-1] INFO  server.RaftServerConfigKeys (ConfUtils.java:logGet(46)) - raft.server.threadpool.client.size = 0 (default)
2023-02-16 22:43:07,144 [pool-139-thread-1] INFO  storage.RaftStorageDirectory (RaftStorageDirectoryImpl.java:analyzeStorage(137)) - The storage directory /home/runner/work/ozone/ozone/hadoop-ozone/integration-test/target/test-dir/MiniOzoneClusterImpl-e104f6e4-c147-46af-9a65-8b38e2aa4633/datanode-3/data/ratis/1594f393-415b-43e4-a091-a9b1ab4b43f5 does not exist. Creating ...
2023-02-16 22:43:07,148 [pool-139-thread-1] INFO  storage.RaftStorageDirectory (RaftStorageDirectoryImpl.java:tryLock(231)) - Lock on /home/runner/work/ozone/ozone/hadoop-ozone/integration-test/target/test-dir/MiniOzoneClusterImpl-e104f6e4-c147-46af-9a65-8b38e2aa4633/datanode-3/data/ratis/1594f393-415b-43e4-a091-a9b1ab4b43f5/in_use.lock acquired by nodename 60597@fv-az571-511
2023-02-16 22:43:07,150 [pool-139-thread-1] INFO  storage.RaftStorage (RaftStorageImpl.java:format(96)) - Storage directory /home/runner/work/ozone/ozone/hadoop-ozone/integration-test/target/test-dir/MiniOzoneClusterImpl-e104f6e4-c147-46af-9a65-8b38e2aa4633/datanode-3/data/ratis/1594f393-415b-43e4-a091-a9b1ab4b43f5 has been successfully formatted.
2023-02-16 22:43:07,151 [pool-139-thread-1] INFO  ratis.ContainerStateMachine (ContainerStateMachine.java:loadSnapshot(240)) - group-A9B1AB4B43F5: The snapshot info is null. Setting the last applied indexto:(t:0, i:~)
2023-02-16 22:43:07,151 [pool-139-thread-1] INFO  server.RaftServerConfigKeys (ConfUtils.java:logGet(46)) - raft.server.log.use.memory = false (default)
2023-02-16 22:43:07,151 [pool-139-thread-1] INFO  server.RaftServerConfigKeys (ConfUtils.java:logGet(46)) - raft.server.log.purge.gap = 1000000 (custom)
2023-02-16 22:43:07,151 [pool-139-thread-1] INFO  server.RaftServerConfigKeys (ConfUtils.java:logGet(46)) - raft.server.log.appender.buffer.byte-limit = 33554432 (custom)
2023-02-16 22:43:07,151 [pool-139-thread-1] INFO  server.RaftServerConfigKeys (ConfUtils.java:logGet(46)) - raft.server.log.statemachine.data.read.timeout = 1000ms (default)
2023-02-16 22:43:07,151 [pool-139-thread-1] INFO  server.RaftServerConfigKeys (ConfUtils.java:logGet(46)) - raft.server.log.purge.preservation.log.num = 0 (default)
2023-02-16 22:43:07,153 [pool-139-thread-1] INFO  server.RaftServerConfigKeys (ConfUtils.java:logGet(46)) - raft.server.log.segment.size.max = 1048576 (custom)
2023-02-16 22:43:07,154 [pool-139-thread-1] INFO  server.RaftServerConfigKeys (ConfUtils.java:logGet(46)) - raft.server.log.segment.cache.num.max = 2 (custom)
2023-02-16 22:43:07,154 [pool-139-thread-1] INFO  server.RaftServerConfigKeys (ConfUtils.java:logGet(46)) - raft.server.log.segment.cache.size.max = 200MB (=209715200) (default)
2023-02-16 22:43:07,154 [pool-139-thread-1] INFO  segmented.SegmentedRaftLogWorker (SegmentedRaftLogWorker.java:<init>(189)) - new 85dc0855-ecf4-4edb-b404-0334ac503e71@group-A9B1AB4B43F5-SegmentedRaftLogWorker for RaftStorageImpl:Storage Directory /home/runner/work/ozone/ozone/hadoop-ozone/integration-test/target/test-dir/MiniOzoneClusterImpl-e104f6e4-c147-46af-9a65-8b38e2aa4633/datanode-3/data/ratis/1594f393-415b-43e4-a091-a9b1ab4b43f5
2023-02-16 22:43:07,154 [pool-139-thread-1] INFO  server.RaftServerConfigKeys (ConfUtils.java:logGet(46)) - raft.server.log.queue.byte-limit = 4294967296 (custom)
2023-02-16 22:43:07,155 [pool-139-thread-1] INFO  server.RaftServerConfigKeys (ConfUtils.java:logGet(46)) - raft.server.log.queue.element-limit = 1024 (custom)
2023-02-16 22:43:07,155 [EventQueue-PipelineReportForPipelineReportHandler] INFO  pipeline.PipelineManagerImpl (PipelineManagerImpl.java:openPipeline(367)) - Pipeline Pipeline[ Id: 1594f393-415b-43e4-a091-a9b1ab4b43f5, Nodes: 85dc0855-ecf4-4edb-b404-0334ac503e71(fv-az571-511/10.1.0.43), ReplicationConfig: RATIS/ONE, State:ALLOCATED, leaderId:85dc0855-ecf4-4edb-b404-0334ac503e71, CreationTimestamp2023-02-16T22:43:04.127Z[Etc/UTC]] moved to OPEN state
2023-02-16 22:43:07,155 [pool-139-thread-1] INFO  server.RaftServerConfigKeys (ConfUtils.java:logGet(46)) - raft.server.log.segment.size.max = 1048576 (custom)
2023-02-16 22:43:07,155 [pool-139-thread-1] INFO  server.RaftServerConfigKeys (ConfUtils.java:logGet(46)) - raft.server.log.preallocated.size = 16384 (custom)
2023-02-16 22:43:07,155 [pool-139-thread-1] INFO  server.RaftServerConfigKeys (ConfUtils.java:logGet(46)) - raft.server.log.force.sync.num = 128 (default)
2023-02-16 22:43:07,155 [pool-139-thread-1] INFO  server.RaftServerConfigKeys (ConfUtils.java:logGet(46)) - raft.server.log.statemachine.data.sync = true (default)
2023-02-16 22:43:07,155 [pool-139-thread-1] INFO  server.RaftServerConfigKeys (ConfUtils.java:logGet(46)) - raft.server.log.statemachine.data.sync.timeout = 10s (default)
2023-02-16 22:43:07,155 [pool-139-thread-1] INFO  server.RaftServerConfigKeys (ConfUtils.java:logGet(46)) - raft.server.log.statemachine.data.sync.timeout.retry = -1 (default)
2023-02-16 22:43:07,155 [EventQueue-OpenPipelineForHealthyPipelineSafeModeRule] INFO  safemode.SCMSafeModeManager (HealthyPipelineSafeModeRule.java:process(137)) - SCM in safe mode. Healthy pipelines reported count is 0, required healthy pipeline reported count is 1
2023-02-16 22:43:07,157 [pool-139-thread-1] INFO  server.RaftServerConfigKeys (ConfUtils.java:logGet(46)) - raft.server.log.write.buffer.size = 1048576 (custom)
2023-02-16 22:43:07,158 [pool-139-thread-1] INFO  server.RaftServerConfigKeys (ConfUtils.java:logGet(46)) - raft.server.log.appender.buffer.byte-limit = 33554432 (custom)
2023-02-16 22:43:07,164 [pool-139-thread-1] INFO  server.RaftServerConfigKeys (ConfUtils.java:logGet(46)) - raft.server.log.unsafe-flush.enabled = false (default)
2023-02-16 22:43:07,164 [pool-139-thread-1] INFO  server.RaftServerConfigKeys (ConfUtils.java:logGet(46)) - raft.server.log.async-flush.enabled = false (default)
2023-02-16 22:43:07,164 [pool-139-thread-1] INFO  server.RaftServerConfigKeys (ConfUtils.java:logGet(46)) - raft.server.log.statemachine.data.caching.enabled = true (custom)
2023-02-16 22:43:07,164 [pool-139-thread-1] INFO  segmented.SegmentedRaftLogWorker (SegmentedRaftLogWorker.java:lambda$new$0(135)) - 85dc0855-ecf4-4edb-b404-0334ac503e71@group-A9B1AB4B43F5-SegmentedRaftLogWorker: flushIndex: setUnconditionally 0 -> -1
2023-02-16 22:43:07,164 [pool-139-thread-1] INFO  segmented.SegmentedRaftLogWorker (SegmentedRaftLogWorker.java:lambda$new$0(135)) - 85dc0855-ecf4-4edb-b404-0334ac503e71@group-A9B1AB4B43F5-SegmentedRaftLogWorker: safeCacheEvictIndex: setUnconditionally 0 -> -1
2023-02-16 22:43:07,165 [pool-139-thread-1] INFO  server.RaftServer$Division (RaftServerImpl.java:start(334)) - 85dc0855-ecf4-4edb-b404-0334ac503e71@group-A9B1AB4B43F5: start as a follower, conf=-1: peers:[85dc0855-ecf4-4edb-b404-0334ac503e71|rpc:10.1.0.43:34953|dataStream:10.1.0.43:33181|priority:1|startupRole:FOLLOWER]|listeners:[], old=null
2023-02-16 22:43:07,165 [pool-139-thread-1] INFO  server.RaftServer$Division (RaftServerImpl.java:setRole(321)) - 85dc0855-ecf4-4edb-b404-0334ac503e71@group-A9B1AB4B43F5: changes role from      null to FOLLOWER at term 0 for startAsFollower
2023-02-16 22:43:07,165 [pool-139-thread-1] INFO  impl.RoleInfo (RoleInfo.java:updateAndGet(139)) - 85dc0855-ecf4-4edb-b404-0334ac503e71: start 85dc0855-ecf4-4edb-b404-0334ac503e71@group-A9B1AB4B43F5-FollowerState
2023-02-16 22:43:07,166 [pool-139-thread-1] INFO  util.JmxRegister (JmxRegister.java:tryRegister(44)) - Successfully registered JMX Bean with object name Ratis:service=RaftServer,group=group-A9B1AB4B43F5,id=85dc0855-ecf4-4edb-b404-0334ac503e71
2023-02-16 22:43:07,166 [pool-139-thread-1] INFO  server.RaftServerConfigKeys (ConfUtils.java:logGet(46)) - raft.server.snapshot.auto.trigger.enabled = true (custom)
2023-02-16 22:43:07,166 [pool-139-thread-1] INFO  server.RaftServerConfigKeys (ConfUtils.java:logGet(46)) - raft.server.snapshot.auto.trigger.threshold = 10000 (custom)
2023-02-16 22:43:07,166 [pool-139-thread-1] INFO  server.RaftServerConfigKeys (ConfUtils.java:logGet(46)) - raft.server.snapshot.retention.file.num = 5 (custom)
2023-02-16 22:43:07,166 [pool-139-thread-1] INFO  server.RaftServerConfigKeys (ConfUtils.java:logGet(46)) - raft.server.log.purge.upto.snapshot.index = false (default)
2023-02-16 22:43:07,167 [Command processor thread] INFO  ratis.XceiverServerRatis (XceiverServerRatis.java:addGroup(807)) - Created group PipelineID=1594f393-415b-43e4-a091-a9b1ab4b43f5
2023-02-16 22:43:07,167 [Command processor thread] INFO  commandhandler.CreatePipelineCommandHandler (CreatePipelineCommandHandler.java:handle(113)) - Created Pipeline RATIS ONE PipelineID=1594f393-415b-43e4-a091-a9b1ab4b43f5.
2023-02-16 22:43:07,170 [85dc0855-ecf4-4edb-b404-0334ac503e71@group-A9B1AB4B43F5-FollowerState] INFO  server.RaftServerConfigKeys (ConfUtils.java:logFallback(53)) - raft.server.rpc.first-election.timeout.min = 5s (fallback to raft.server.rpc.timeout.min)
2023-02-16 22:43:07,170 [85dc0855-ecf4-4edb-b404-0334ac503e71@group-A9B1AB4B43F5-FollowerState] INFO  server.RaftServerConfigKeys (ConfUtils.java:logFallback(53)) - raft.server.rpc.first-election.timeout.max = 5200ms (fallback to raft.server.rpc.timeout.max)
2023-02-16 22:43:07,552 [Listener at 127.0.0.1/41759] INFO  ozone.MiniOzoneClusterImpl (MiniOzoneClusterImpl.java:lambda$waitForClusterToBeReady$0(218)) - Nodes are ready. Got 5 of 5 DN Heartbeats.
2023-02-16 22:43:07,553 [Listener at 127.0.0.1/41759] INFO  ozone.MiniOzoneClusterImpl (MiniOzoneClusterImpl.java:lambda$waitForClusterToBeReady$0(221)) - Waiting for cluster to exit safe mode
2023-02-16 22:43:07,553 [Listener at 127.0.0.1/41759] INFO  ozone.MiniOzoneClusterImpl (MiniOzoneClusterImpl.java:lambda$waitForClusterToBeReady$0(223)) - SCM became leader
2023-02-16 22:43:07,558 [Command processor thread] INFO  server.RaftServer (RaftServerProxy.java:addNew(96)) - 7f47c17a-df40-4172-b23f-53f5d31e4e62: addNew group-3D614611362A:[7f47c17a-df40-4172-b23f-53f5d31e4e62|rpc:10.1.0.43:46661|dataStream:10.1.0.43:45209|priority:1|startupRole:FOLLOWER] returns group-3D614611362A:java.util.concurrent.CompletableFuture@18511a59[Not completed]
2023-02-16 22:43:07,560 [pool-161-thread-1] INFO  server.RaftServer$Division (RaftServerImpl.java:<init>(195)) - 7f47c17a-df40-4172-b23f-53f5d31e4e62: new RaftServerImpl for group-3D614611362A:[7f47c17a-df40-4172-b23f-53f5d31e4e62|rpc:10.1.0.43:46661|dataStream:10.1.0.43:45209|priority:1|startupRole:FOLLOWER] with ContainerStateMachine:uninitialized
2023-02-16 22:43:07,560 [pool-161-thread-1] INFO  server.RaftServerConfigKeys (ConfUtils.java:logGet(46)) - raft.server.rpc.timeout.min = 5s (custom)
2023-02-16 22:43:07,560 [pool-161-thread-1] INFO  server.RaftServerConfigKeys (ConfUtils.java:logGet(46)) - raft.server.rpc.timeout.max = 5200ms (custom)
2023-02-16 22:43:07,560 [pool-161-thread-1] INFO  server.RaftServerConfigKeys (ConfUtils.java:logGet(46)) - raft.server.rpc.sleep.time = 25ms (default)
2023-02-16 22:43:07,560 [pool-161-thread-1] INFO  server.RaftServerConfigKeys (ConfUtils.java:logGet(46)) - raft.server.rpc.slowness.timeout = 300000ms (custom)
2023-02-16 22:43:07,560 [pool-161-thread-1] INFO  server.RaftServerConfigKeys (ConfUtils.java:logGet(46)) - raft.server.leaderelection.leader.step-down.wait-time = 10s (default)
2023-02-16 22:43:07,560 [pool-161-thread-1] INFO  server.RaftServerConfigKeys (ConfUtils.java:logGet(46)) - raft.server.sleep.deviation.threshold = 300ms (default)
2023-02-16 22:43:07,560 [pool-161-thread-1] INFO  server.RaftServer$Division (ServerState.java:<init>(118)) - 7f47c17a-df40-4172-b23f-53f5d31e4e62@group-3D614611362A: ConfigurationManager, init=-1: peers:[7f47c17a-df40-4172-b23f-53f5d31e4e62|rpc:10.1.0.43:46661|dataStream:10.1.0.43:45209|priority:1|startupRole:FOLLOWER]|listeners:[], old=null, confs=<EMPTY_MAP>
2023-02-16 22:43:07,561 [pool-161-thread-1] INFO  server.RaftServerConfigKeys (ConfUtils.java:logGet(46)) - raft.server.storage.dir = [/home/runner/work/ozone/ozone/hadoop-ozone/integration-test/target/test-dir/MiniOzoneClusterImpl-e104f6e4-c147-46af-9a65-8b38e2aa4633/datanode-4/data/ratis] (custom)
2023-02-16 22:43:07,561 [pool-161-thread-1] INFO  server.RaftServerConfigKeys (ConfUtils.java:logGet(46)) - raft.server.log.corruption.policy = EXCEPTION (default)
2023-02-16 22:43:07,561 [pool-161-thread-1] INFO  server.RaftServerConfigKeys (ConfUtils.java:logGet(46)) - raft.server.storage.free-space.min = 0MB (=0) (default)
2023-02-16 22:43:07,561 [pool-161-thread-1] INFO  server.RaftServerConfigKeys (ConfUtils.java:logGet(46)) - raft.server.notification.no-leader.timeout = 300000ms (custom)
2023-02-16 22:43:07,561 [pool-161-thread-1] INFO  server.RaftServerConfigKeys (ConfUtils.java:logGet(46)) - raft.server.retrycache.expirytime = 600000ms (custom)
2023-02-16 22:43:07,561 [pool-161-thread-1] INFO  server.RaftServerConfigKeys (ConfUtils.java:logGet(46)) - raft.server.retrycache.statistics.expirytime = 100μs (default)
2023-02-16 22:43:07,563 [pool-161-thread-1] INFO  server.RaftServerConfigKeys (ConfUtils.java:logGet(46)) - raft.server.log.appender.install.snapshot.enabled = false (custom)
2023-02-16 22:43:07,563 [pool-161-thread-1] INFO  server.RaftServerConfigKeys (ConfUtils.java:logGet(46)) - raft.server.threadpool.server.cached = true (default)
2023-02-16 22:43:07,563 [pool-161-thread-1] INFO  server.RaftServerConfigKeys (ConfUtils.java:logGet(46)) - raft.server.threadpool.server.size = 0 (default)
2023-02-16 22:43:07,563 [pool-161-thread-1] INFO  server.RaftServerConfigKeys (ConfUtils.java:logGet(46)) - raft.server.threadpool.client.cached = true (default)
2023-02-16 22:43:07,564 [pool-161-thread-1] INFO  server.RaftServerConfigKeys (ConfUtils.java:logGet(46)) - raft.server.threadpool.client.size = 0 (default)
2023-02-16 22:43:07,564 [pool-161-thread-1] INFO  storage.RaftStorageDirectory (RaftStorageDirectoryImpl.java:analyzeStorage(137)) - The storage directory /home/runner/work/ozone/ozone/hadoop-ozone/integration-test/target/test-dir/MiniOzoneClusterImpl-e104f6e4-c147-46af-9a65-8b38e2aa4633/datanode-4/data/ratis/7f04cf60-aea5-4633-870c-3d614611362a does not exist. Creating ...
2023-02-16 22:43:07,566 [pool-161-thread-1] INFO  storage.RaftStorageDirectory (RaftStorageDirectoryImpl.java:tryLock(231)) - Lock on /home/runner/work/ozone/ozone/hadoop-ozone/integration-test/target/test-dir/MiniOzoneClusterImpl-e104f6e4-c147-46af-9a65-8b38e2aa4633/datanode-4/data/ratis/7f04cf60-aea5-4633-870c-3d614611362a/in_use.lock acquired by nodename 60597@fv-az571-511
2023-02-16 22:43:07,568 [pool-161-thread-1] INFO  storage.RaftStorage (RaftStorageImpl.java:format(96)) - Storage directory /home/runner/work/ozone/ozone/hadoop-ozone/integration-test/target/test-dir/MiniOzoneClusterImpl-e104f6e4-c147-46af-9a65-8b38e2aa4633/datanode-4/data/ratis/7f04cf60-aea5-4633-870c-3d614611362a has been successfully formatted.
2023-02-16 22:43:07,570 [pool-161-thread-1] INFO  ratis.ContainerStateMachine (ContainerStateMachine.java:loadSnapshot(240)) - group-3D614611362A: The snapshot info is null. Setting the last applied indexto:(t:0, i:~)
2023-02-16 22:43:07,570 [pool-161-thread-1] INFO  server.RaftServerConfigKeys (ConfUtils.java:logGet(46)) - raft.server.log.use.memory = false (default)
2023-02-16 22:43:07,570 [pool-161-thread-1] INFO  server.RaftServerConfigKeys (ConfUtils.java:logGet(46)) - raft.server.log.purge.gap = 1000000 (custom)
2023-02-16 22:43:07,570 [pool-161-thread-1] INFO  server.RaftServerConfigKeys (ConfUtils.java:logGet(46)) - raft.server.log.appender.buffer.byte-limit = 33554432 (custom)
2023-02-16 22:43:07,570 [pool-161-thread-1] INFO  server.RaftServerConfigKeys (ConfUtils.java:logGet(46)) - raft.server.log.statemachine.data.read.timeout = 1000ms (default)
2023-02-16 22:43:07,571 [pool-161-thread-1] INFO  server.RaftServerConfigKeys (ConfUtils.java:logGet(46)) - raft.server.log.purge.preservation.log.num = 0 (default)
2023-02-16 22:43:07,571 [pool-161-thread-1] INFO  server.RaftServerConfigKeys (ConfUtils.java:logGet(46)) - raft.server.log.segment.size.max = 1048576 (custom)
2023-02-16 22:43:07,572 [pool-161-thread-1] INFO  server.RaftServerConfigKeys (ConfUtils.java:logGet(46)) - raft.server.log.segment.cache.num.max = 2 (custom)
2023-02-16 22:43:07,572 [pool-161-thread-1] INFO  server.RaftServerConfigKeys (ConfUtils.java:logGet(46)) - raft.server.log.segment.cache.size.max = 200MB (=209715200) (default)
2023-02-16 22:43:07,572 [pool-161-thread-1] INFO  segmented.SegmentedRaftLogWorker (SegmentedRaftLogWorker.java:<init>(189)) - new 7f47c17a-df40-4172-b23f-53f5d31e4e62@group-3D614611362A-SegmentedRaftLogWorker for RaftStorageImpl:Storage Directory /home/runner/work/ozone/ozone/hadoop-ozone/integration-test/target/test-dir/MiniOzoneClusterImpl-e104f6e4-c147-46af-9a65-8b38e2aa4633/datanode-4/data/ratis/7f04cf60-aea5-4633-870c-3d614611362a
2023-02-16 22:43:07,572 [pool-161-thread-1] INFO  server.RaftServerConfigKeys (ConfUtils.java:logGet(46)) - raft.server.log.queue.byte-limit = 4294967296 (custom)
2023-02-16 22:43:07,572 [pool-161-thread-1] INFO  server.RaftServerConfigKeys (ConfUtils.java:logGet(46)) - raft.server.log.queue.element-limit = 1024 (custom)
2023-02-16 22:43:07,572 [pool-161-thread-1] INFO  server.RaftServerConfigKeys (ConfUtils.java:logGet(46)) - raft.server.log.segment.size.max = 1048576 (custom)
2023-02-16 22:43:07,572 [pool-161-thread-1] INFO  server.RaftServerConfigKeys (ConfUtils.java:logGet(46)) - raft.server.log.preallocated.size = 16384 (custom)
2023-02-16 22:43:07,573 [pool-161-thread-1] INFO  server.RaftServerConfigKeys (ConfUtils.java:logGet(46)) - raft.server.log.force.sync.num = 128 (default)
2023-02-16 22:43:07,573 [pool-161-thread-1] INFO  server.RaftServerConfigKeys (ConfUtils.java:logGet(46)) - raft.server.log.statemachine.data.sync = true (default)
2023-02-16 22:43:07,574 [EventQueue-PipelineReportForPipelineReportHandler] INFO  pipeline.PipelineManagerImpl (PipelineManagerImpl.java:openPipeline(367)) - Pipeline Pipeline[ Id: 7f04cf60-aea5-4633-870c-3d614611362a, Nodes: 7f47c17a-df40-4172-b23f-53f5d31e4e62(fv-az571-511/10.1.0.43), ReplicationConfig: RATIS/ONE, State:ALLOCATED, leaderId:7f47c17a-df40-4172-b23f-53f5d31e4e62, CreationTimestamp2023-02-16T22:43:04.575Z[Etc/UTC]] moved to OPEN state
2023-02-16 22:43:07,575 [pool-161-thread-1] INFO  server.RaftServerConfigKeys (ConfUtils.java:logGet(46)) - raft.server.log.statemachine.data.sync.timeout = 10s (default)
2023-02-16 22:43:07,575 [pool-161-thread-1] INFO  server.RaftServerConfigKeys (ConfUtils.java:logGet(46)) - raft.server.log.statemachine.data.sync.timeout.retry = -1 (default)
2023-02-16 22:43:07,575 [EventQueue-OpenPipelineForHealthyPipelineSafeModeRule] INFO  safemode.SCMSafeModeManager (HealthyPipelineSafeModeRule.java:process(137)) - SCM in safe mode. Healthy pipelines reported count is 0, required healthy pipeline reported count is 1
2023-02-16 22:43:07,576 [pool-161-thread-1] INFO  server.RaftServerConfigKeys (ConfUtils.java:logGet(46)) - raft.server.log.write.buffer.size = 1048576 (custom)
2023-02-16 22:43:07,577 [pool-161-thread-1] INFO  server.RaftServerConfigKeys (ConfUtils.java:logGet(46)) - raft.server.log.appender.buffer.byte-limit = 33554432 (custom)
2023-02-16 22:43:07,584 [pool-161-thread-1] INFO  server.RaftServerConfigKeys (ConfUtils.java:logGet(46)) - raft.server.log.unsafe-flush.enabled = false (default)
2023-02-16 22:43:07,584 [pool-161-thread-1] INFO  server.RaftServerConfigKeys (ConfUtils.java:logGet(46)) - raft.server.log.async-flush.enabled = false (default)
2023-02-16 22:43:07,584 [pool-161-thread-1] INFO  server.RaftServerConfigKeys (ConfUtils.java:logGet(46)) - raft.server.log.statemachine.data.caching.enabled = true (custom)
2023-02-16 22:43:07,585 [pool-161-thread-1] INFO  segmented.SegmentedRaftLogWorker (SegmentedRaftLogWorker.java:lambda$new$0(135)) - 7f47c17a-df40-4172-b23f-53f5d31e4e62@group-3D614611362A-SegmentedRaftLogWorker: flushIndex: setUnconditionally 0 -> -1
2023-02-16 22:43:07,585 [pool-161-thread-1] INFO  segmented.SegmentedRaftLogWorker (SegmentedRaftLogWorker.java:lambda$new$0(135)) - 7f47c17a-df40-4172-b23f-53f5d31e4e62@group-3D614611362A-SegmentedRaftLogWorker: safeCacheEvictIndex: setUnconditionally 0 -> -1
2023-02-16 22:43:07,586 [pool-161-thread-1] INFO  server.RaftServer$Division (RaftServerImpl.java:start(334)) - 7f47c17a-df40-4172-b23f-53f5d31e4e62@group-3D614611362A: start as a follower, conf=-1: peers:[7f47c17a-df40-4172-b23f-53f5d31e4e62|rpc:10.1.0.43:46661|dataStream:10.1.0.43:45209|priority:1|startupRole:FOLLOWER]|listeners:[], old=null
2023-02-16 22:43:07,586 [pool-161-thread-1] INFO  server.RaftServer$Division (RaftServerImpl.java:setRole(321)) - 7f47c17a-df40-4172-b23f-53f5d31e4e62@group-3D614611362A: changes role from      null to FOLLOWER at term 0 for startAsFollower
2023-02-16 22:43:07,586 [pool-161-thread-1] INFO  impl.RoleInfo (RoleInfo.java:updateAndGet(139)) - 7f47c17a-df40-4172-b23f-53f5d31e4e62: start 7f47c17a-df40-4172-b23f-53f5d31e4e62@group-3D614611362A-FollowerState
2023-02-16 22:43:07,586 [pool-161-thread-1] INFO  util.JmxRegister (JmxRegister.java:tryRegister(44)) - Successfully registered JMX Bean with object name Ratis:service=RaftServer,group=group-3D614611362A,id=7f47c17a-df40-4172-b23f-53f5d31e4e62
2023-02-16 22:43:07,587 [pool-161-thread-1] INFO  server.RaftServerConfigKeys (ConfUtils.java:logGet(46)) - raft.server.snapshot.auto.trigger.enabled = true (custom)
2023-02-16 22:43:07,587 [pool-161-thread-1] INFO  server.RaftServerConfigKeys (ConfUtils.java:logGet(46)) - raft.server.snapshot.auto.trigger.threshold = 10000 (custom)
2023-02-16 22:43:07,587 [pool-161-thread-1] INFO  server.RaftServerConfigKeys (ConfUtils.java:logGet(46)) - raft.server.snapshot.retention.file.num = 5 (custom)
2023-02-16 22:43:07,587 [pool-161-thread-1] INFO  server.RaftServerConfigKeys (ConfUtils.java:logGet(46)) - raft.server.log.purge.upto.snapshot.index = false (default)
2023-02-16 22:43:07,587 [7f47c17a-df40-4172-b23f-53f5d31e4e62@group-3D614611362A-FollowerState] INFO  server.RaftServerConfigKeys (ConfUtils.java:logFallback(53)) - raft.server.rpc.first-election.timeout.min = 5s (fallback to raft.server.rpc.timeout.min)
2023-02-16 22:43:07,588 [7f47c17a-df40-4172-b23f-53f5d31e4e62@group-3D614611362A-FollowerState] INFO  server.RaftServerConfigKeys (ConfUtils.java:logFallback(53)) - raft.server.rpc.first-election.timeout.max = 5200ms (fallback to raft.server.rpc.timeout.max)
2023-02-16 22:43:07,589 [Command processor thread] INFO  ratis.XceiverServerRatis (XceiverServerRatis.java:addGroup(807)) - Created group PipelineID=7f04cf60-aea5-4633-870c-3d614611362a
2023-02-16 22:43:07,589 [Command processor thread] INFO  commandhandler.CreatePipelineCommandHandler (CreatePipelineCommandHandler.java:handle(113)) - Created Pipeline RATIS ONE PipelineID=7f04cf60-aea5-4633-870c-3d614611362a.
2023-02-16 22:43:08,553 [Listener at 127.0.0.1/41759] INFO  ozone.MiniOzoneClusterImpl (MiniOzoneClusterImpl.java:lambda$waitForClusterToBeReady$0(218)) - Nodes are ready. Got 5 of 5 DN Heartbeats.
2023-02-16 22:43:08,553 [Listener at 127.0.0.1/41759] INFO  ozone.MiniOzoneClusterImpl (MiniOzoneClusterImpl.java:lambda$waitForClusterToBeReady$0(221)) - Waiting for cluster to exit safe mode
2023-02-16 22:43:08,553 [Listener at 127.0.0.1/41759] INFO  ozone.MiniOzoneClusterImpl (MiniOzoneClusterImpl.java:lambda$waitForClusterToBeReady$0(223)) - SCM became leader
2023-02-16 22:43:09,554 [Listener at 127.0.0.1/41759] INFO  ozone.MiniOzoneClusterImpl (MiniOzoneClusterImpl.java:lambda$waitForClusterToBeReady$0(218)) - Nodes are ready. Got 5 of 5 DN Heartbeats.
2023-02-16 22:43:09,554 [Listener at 127.0.0.1/41759] INFO  ozone.MiniOzoneClusterImpl (MiniOzoneClusterImpl.java:lambda$waitForClusterToBeReady$0(221)) - Waiting for cluster to exit safe mode
2023-02-16 22:43:09,554 [Listener at 127.0.0.1/41759] INFO  ozone.MiniOzoneClusterImpl (MiniOzoneClusterImpl.java:lambda$waitForClusterToBeReady$0(223)) - SCM became leader
2023-02-16 22:43:10,554 [Listener at 127.0.0.1/41759] INFO  ozone.MiniOzoneClusterImpl (MiniOzoneClusterImpl.java:lambda$waitForClusterToBeReady$0(218)) - Nodes are ready. Got 5 of 5 DN Heartbeats.
2023-02-16 22:43:10,555 [Listener at 127.0.0.1/41759] INFO  ozone.MiniOzoneClusterImpl (MiniOzoneClusterImpl.java:lambda$waitForClusterToBeReady$0(221)) - Waiting for cluster to exit safe mode
2023-02-16 22:43:10,555 [Listener at 127.0.0.1/41759] INFO  ozone.MiniOzoneClusterImpl (MiniOzoneClusterImpl.java:lambda$waitForClusterToBeReady$0(223)) - SCM became leader
2023-02-16 22:43:10,641 [85bc4c93-8919-4d90-bdda-716e90a765bf@group-A06FBE39A8FB-FollowerState] INFO  impl.FollowerState (FollowerState.java:run(143)) - 85bc4c93-8919-4d90-bdda-716e90a765bf@group-A06FBE39A8FB-FollowerState: change to CANDIDATE, lastRpcElapsedTime:5007616778ns, electionTimeout:5005ms
2023-02-16 22:43:10,642 [85bc4c93-8919-4d90-bdda-716e90a765bf@group-A06FBE39A8FB-FollowerState] INFO  impl.RoleInfo (RoleInfo.java:shutdownFollowerState(110)) - 85bc4c93-8919-4d90-bdda-716e90a765bf: shutdown 85bc4c93-8919-4d90-bdda-716e90a765bf@group-A06FBE39A8FB-FollowerState
2023-02-16 22:43:10,642 [85bc4c93-8919-4d90-bdda-716e90a765bf@group-A06FBE39A8FB-FollowerState] INFO  server.RaftServer$Division (RaftServerImpl.java:setRole(321)) - 85bc4c93-8919-4d90-bdda-716e90a765bf@group-A06FBE39A8FB: changes role from  FOLLOWER to CANDIDATE at term 0 for changeToCandidate
2023-02-16 22:43:10,643 [85bc4c93-8919-4d90-bdda-716e90a765bf@group-A06FBE39A8FB-FollowerState] INFO  server.RaftServerConfigKeys (ConfUtils.java:logGet(46)) - raft.server.leaderelection.pre-vote = true (default)
2023-02-16 22:43:10,643 [85bc4c93-8919-4d90-bdda-716e90a765bf@group-A06FBE39A8FB-FollowerState] INFO  impl.RoleInfo (RoleInfo.java:updateAndGet(139)) - 85bc4c93-8919-4d90-bdda-716e90a765bf: start 85bc4c93-8919-4d90-bdda-716e90a765bf@group-A06FBE39A8FB-LeaderElection2
2023-02-16 22:43:10,648 [85bc4c93-8919-4d90-bdda-716e90a765bf@group-A06FBE39A8FB-LeaderElection2] INFO  impl.LeaderElection (LeaderElection.java:askForVotes(312)) - 85bc4c93-8919-4d90-bdda-716e90a765bf@group-A06FBE39A8FB-LeaderElection2 PRE_VOTE round 0: submit vote requests at term 0 for -1: peers:[85bc4c93-8919-4d90-bdda-716e90a765bf|rpc:10.1.0.43:40269|dataStream:10.1.0.43:36907|priority:1|startupRole:FOLLOWER]|listeners:[], old=null
2023-02-16 22:43:10,648 [85bc4c93-8919-4d90-bdda-716e90a765bf@group-A06FBE39A8FB-LeaderElection2] INFO  impl.LeaderElection (LeaderElection.java:askForVotes(314)) - 85bc4c93-8919-4d90-bdda-716e90a765bf@group-A06FBE39A8FB-LeaderElection2 PRE_VOTE round 0: result PASSED (term=0)
2023-02-16 22:43:10,650 [85bc4c93-8919-4d90-bdda-716e90a765bf@group-A06FBE39A8FB-LeaderElection2] INFO  impl.LeaderElection (LeaderElection.java:askForVotes(312)) - 85bc4c93-8919-4d90-bdda-716e90a765bf@group-A06FBE39A8FB-LeaderElection2 ELECTION round 0: submit vote requests at term 1 for -1: peers:[85bc4c93-8919-4d90-bdda-716e90a765bf|rpc:10.1.0.43:40269|dataStream:10.1.0.43:36907|priority:1|startupRole:FOLLOWER]|listeners:[], old=null
2023-02-16 22:43:10,650 [85bc4c93-8919-4d90-bdda-716e90a765bf@group-A06FBE39A8FB-LeaderElection2] INFO  impl.LeaderElection (LeaderElection.java:askForVotes(314)) - 85bc4c93-8919-4d90-bdda-716e90a765bf@group-A06FBE39A8FB-LeaderElection2 ELECTION round 0: result PASSED (term=1)
2023-02-16 22:43:10,650 [85bc4c93-8919-4d90-bdda-716e90a765bf@group-A06FBE39A8FB-LeaderElection2] INFO  impl.RoleInfo (RoleInfo.java:shutdownLeaderElection(130)) - 85bc4c93-8919-4d90-bdda-716e90a765bf: shutdown 85bc4c93-8919-4d90-bdda-716e90a765bf@group-A06FBE39A8FB-LeaderElection2
2023-02-16 22:43:10,650 [85bc4c93-8919-4d90-bdda-716e90a765bf@group-A06FBE39A8FB-LeaderElection2] INFO  server.RaftServer$Division (RaftServerImpl.java:setRole(321)) - 85bc4c93-8919-4d90-bdda-716e90a765bf@group-A06FBE39A8FB: changes role from CANDIDATE to LEADER at term 1 for changeToLeader
2023-02-16 22:43:10,650 [85bc4c93-8919-4d90-bdda-716e90a765bf@group-A06FBE39A8FB-LeaderElection2] INFO  ratis.XceiverServerRatis (XceiverServerRatis.java:handleLeaderChangedNotification(905)) - Leader change notification received for group: group-A06FBE39A8FB with new leaderId: 85bc4c93-8919-4d90-bdda-716e90a765bf
2023-02-16 22:43:10,651 [85bc4c93-8919-4d90-bdda-716e90a765bf@group-A06FBE39A8FB-LeaderElection2] INFO  server.RaftServer$Division (ServerState.java:setLeader(313)) - 85bc4c93-8919-4d90-bdda-716e90a765bf@group-A06FBE39A8FB: change Leader from null to 85bc4c93-8919-4d90-bdda-716e90a765bf at term 1 for becomeLeader, leader elected after 5056ms
2023-02-16 22:43:10,651 [85bc4c93-8919-4d90-bdda-716e90a765bf@group-A06FBE39A8FB-LeaderElection2] INFO  server.RaftServerConfigKeys (ConfUtils.java:logGet(46)) - raft.server.staging.catchup.gap = 1000 (default)
2023-02-16 22:43:10,651 [85bc4c93-8919-4d90-bdda-716e90a765bf@group-A06FBE39A8FB-LeaderElection2] INFO  server.RaftServerConfigKeys (ConfUtils.java:logGet(46)) - raft.server.write.element-limit = 1024 (custom)
2023-02-16 22:43:10,651 [85bc4c93-8919-4d90-bdda-716e90a765bf@group-A06FBE39A8FB-LeaderElection2] INFO  server.RaftServerConfigKeys (ConfUtils.java:logGet(46)) - raft.server.write.byte-limit = 1024 M (=1073741824) (custom)
2023-02-16 22:43:10,653 [EventQueue-OpenPipelineForHealthyPipelineSafeModeRule] INFO  safemode.SCMSafeModeManager (HealthyPipelineSafeModeRule.java:process(137)) - SCM in safe mode. Healthy pipelines reported count is 0, required healthy pipeline reported count is 1
2023-02-16 22:43:10,653 [85bc4c93-8919-4d90-bdda-716e90a765bf@group-A06FBE39A8FB-LeaderElection2] INFO  server.RaftServerConfigKeys (ConfUtils.java:logGet(46)) - raft.server.watch.timeout = 10000ms (default)
2023-02-16 22:43:10,654 [85bc4c93-8919-4d90-bdda-716e90a765bf@group-A06FBE39A8FB-LeaderElection2] INFO  server.RaftServerConfigKeys (ConfUtils.java:logGet(46)) - raft.server.watch.timeout.denomination = 1s (default)
2023-02-16 22:43:10,654 [85bc4c93-8919-4d90-bdda-716e90a765bf@group-A06FBE39A8FB-LeaderElection2] INFO  server.RaftServerConfigKeys (ConfUtils.java:logGet(46)) - raft.server.watch.element-limit = 65536 (default)
2023-02-16 22:43:10,654 [85bc4c93-8919-4d90-bdda-716e90a765bf@group-A06FBE39A8FB-LeaderElection2] INFO  server.RaftServerConfigKeys (ConfUtils.java:logGet(46)) - raft.server.write.element-limit = 1024 (custom)
2023-02-16 22:43:10,654 [85bc4c93-8919-4d90-bdda-716e90a765bf@group-A06FBE39A8FB-LeaderElection2] INFO  server.RaftServerConfigKeys (ConfUtils.java:logGet(46)) - raft.server.write.follower.gap.ratio.max = -1.0 (default)
2023-02-16 22:43:10,654 [85bc4c93-8919-4d90-bdda-716e90a765bf@group-A06FBE39A8FB-LeaderElection2] INFO  impl.RoleInfo (RoleInfo.java:updateAndGet(139)) - 85bc4c93-8919-4d90-bdda-716e90a765bf: start 85bc4c93-8919-4d90-bdda-716e90a765bf@group-A06FBE39A8FB-LeaderStateImpl
2023-02-16 22:43:10,655 [85bc4c93-8919-4d90-bdda-716e90a765bf@group-A06FBE39A8FB-LeaderElection2] INFO  segmented.SegmentedRaftLogWorker (SegmentedRaftLogWorker.java:startLogSegment(452)) - 85bc4c93-8919-4d90-bdda-716e90a765bf@group-A06FBE39A8FB-SegmentedRaftLogWorker: Starting segment from index:0
2023-02-16 22:43:10,656 [85bc4c93-8919-4d90-bdda-716e90a765bf@group-A06FBE39A8FB-LeaderElection2] INFO  server.RaftServer$Division (ServerState.java:setRaftConf(430)) - 85bc4c93-8919-4d90-bdda-716e90a765bf@group-A06FBE39A8FB: set configuration 0: peers:[85bc4c93-8919-4d90-bdda-716e90a765bf|rpc:10.1.0.43:40269|dataStream:10.1.0.43:36907|priority:1|startupRole:FOLLOWER]|listeners:[], old=null
2023-02-16 22:43:10,657 [85bc4c93-8919-4d90-bdda-716e90a765bf@group-A06FBE39A8FB-SegmentedRaftLogWorker] INFO  segmented.SegmentedRaftLogWorker (SegmentedRaftLogWorker.java:execute(656)) - 85bc4c93-8919-4d90-bdda-716e90a765bf@group-A06FBE39A8FB-SegmentedRaftLogWorker: created new log segment /home/runner/work/ozone/ozone/hadoop-ozone/integration-test/target/test-dir/MiniOzoneClusterImpl-e104f6e4-c147-46af-9a65-8b38e2aa4633/datanode-0/data/ratis/08d850c1-04b9-40b7-bb07-a06fbe39a8fb/current/log_inprogress_0
2023-02-16 22:43:10,790 [85bc4c93-8919-4d90-bdda-716e90a765bf@group-F5246A9C6574-FollowerState] INFO  impl.FollowerState (FollowerState.java:run(143)) - 85bc4c93-8919-4d90-bdda-716e90a765bf@group-F5246A9C6574-FollowerState: change to CANDIDATE, lastRpcElapsedTime:5088833297ns, electionTimeout:5069ms
2023-02-16 22:43:10,792 [85bc4c93-8919-4d90-bdda-716e90a765bf@group-F5246A9C6574-FollowerState] INFO  impl.RoleInfo (RoleInfo.java:shutdownFollowerState(110)) - 85bc4c93-8919-4d90-bdda-716e90a765bf: shutdown 85bc4c93-8919-4d90-bdda-716e90a765bf@group-F5246A9C6574-FollowerState
2023-02-16 22:43:10,792 [85bc4c93-8919-4d90-bdda-716e90a765bf@group-F5246A9C6574-FollowerState] INFO  server.RaftServer$Division (RaftServerImpl.java:setRole(321)) - 85bc4c93-8919-4d90-bdda-716e90a765bf@group-F5246A9C6574: changes role from  FOLLOWER to CANDIDATE at term 0 for changeToCandidate
2023-02-16 22:43:10,792 [85bc4c93-8919-4d90-bdda-716e90a765bf@group-F5246A9C6574-FollowerState] INFO  server.RaftServerConfigKeys (ConfUtils.java:logGet(46)) - raft.server.leaderelection.pre-vote = true (default)
2023-02-16 22:43:10,792 [85bc4c93-8919-4d90-bdda-716e90a765bf@group-F5246A9C6574-FollowerState] INFO  impl.RoleInfo (RoleInfo.java:updateAndGet(139)) - 85bc4c93-8919-4d90-bdda-716e90a765bf: start 85bc4c93-8919-4d90-bdda-716e90a765bf@group-F5246A9C6574-LeaderElection3
2023-02-16 22:43:10,794 [85bc4c93-8919-4d90-bdda-716e90a765bf@group-F5246A9C6574-LeaderElection3] INFO  impl.LeaderElection (LeaderElection.java:askForVotes(312)) - 85bc4c93-8919-4d90-bdda-716e90a765bf@group-F5246A9C6574-LeaderElection3 PRE_VOTE round 0: submit vote requests at term 0 for -1: peers:[2a62309e-ec6c-4a0a-91b7-4d126a386491|rpc:10.1.0.43:34649|dataStream:10.1.0.43:38237|priority:1|startupRole:FOLLOWER, d47a9118-a689-402c-b263-2bea1a811f25|rpc:10.1.0.43:39221|dataStream:10.1.0.43:38769|priority:0|startupRole:FOLLOWER, 85bc4c93-8919-4d90-bdda-716e90a765bf|rpc:10.1.0.43:40269|dataStream:10.1.0.43:36907|priority:0|startupRole:FOLLOWER]|listeners:[], old=null
2023-02-16 22:43:10,801 [85bc4c93-8919-4d90-bdda-716e90a765bf@group-F5246A9C6574-LeaderElection3-1] INFO  server.GrpcServerProtocolClient (GrpcServerProtocolClient.java:<init>(63)) - Build channel for 2a62309e-ec6c-4a0a-91b7-4d126a386491
2023-02-16 22:43:10,805 [85bc4c93-8919-4d90-bdda-716e90a765bf@group-F5246A9C6574-LeaderElection3] INFO  server.RaftServerConfigKeys (ConfUtils.java:logFallback(53)) - raft.server.rpc.first-election.timeout.min = 5s (fallback to raft.server.rpc.timeout.min)
2023-02-16 22:43:10,808 [85bc4c93-8919-4d90-bdda-716e90a765bf@group-F5246A9C6574-LeaderElection3] INFO  server.RaftServerConfigKeys (ConfUtils.java:logFallback(53)) - raft.server.rpc.first-election.timeout.max = 5200ms (fallback to raft.server.rpc.timeout.max)
2023-02-16 22:43:10,810 [85bc4c93-8919-4d90-bdda-716e90a765bf@group-F5246A9C6574-LeaderElection3-2] INFO  server.GrpcServerProtocolClient (GrpcServerProtocolClient.java:<init>(63)) - Build channel for d47a9118-a689-402c-b263-2bea1a811f25
2023-02-16 22:43:10,843 [grpc-default-executor-1] INFO  server.RaftServer$Division (RaftServerImpl.java:requestVote(1218)) - 2a62309e-ec6c-4a0a-91b7-4d126a386491@group-F5246A9C6574: receive requestVote(PRE_VOTE, 85bc4c93-8919-4d90-bdda-716e90a765bf, group-F5246A9C6574, 0, (t:0, i:0))
2023-02-16 22:43:10,845 [grpc-default-executor-1] INFO  impl.VoteContext (VoteContext.java:log(49)) - 2a62309e-ec6c-4a0a-91b7-4d126a386491@group-F5246A9C6574-FOLLOWER: reject PRE_VOTE from 85bc4c93-8919-4d90-bdda-716e90a765bf: our priority 1 > candidate's priority 0
2023-02-16 22:43:10,848 [grpc-default-executor-1] INFO  server.RaftServer$Division (RaftServerImpl.java:requestVote(1251)) - 2a62309e-ec6c-4a0a-91b7-4d126a386491@group-F5246A9C6574 replies to PRE_VOTE vote request: 85bc4c93-8919-4d90-bdda-716e90a765bf<-2a62309e-ec6c-4a0a-91b7-4d126a386491#0:FAIL-t0. Peer's state: 2a62309e-ec6c-4a0a-91b7-4d126a386491@group-F5246A9C6574:t0, leader=null, voted=, raftlog=Memoized:2a62309e-ec6c-4a0a-91b7-4d126a386491@group-F5246A9C6574-SegmentedRaftLog:OPENED:c-1, conf=-1: peers:[2a62309e-ec6c-4a0a-91b7-4d126a386491|rpc:10.1.0.43:34649|dataStream:10.1.0.43:38237|priority:1|startupRole:FOLLOWER, d47a9118-a689-402c-b263-2bea1a811f25|rpc:10.1.0.43:39221|dataStream:10.1.0.43:38769|priority:0|startupRole:FOLLOWER, 85bc4c93-8919-4d90-bdda-716e90a765bf|rpc:10.1.0.43:40269|dataStream:10.1.0.43:36907|priority:0|startupRole:FOLLOWER]|listeners:[], old=null
2023-02-16 22:43:10,853 [85bc4c93-8919-4d90-bdda-716e90a765bf@group-F5246A9C6574-LeaderElection3] INFO  impl.LeaderElection (LeaderElection.java:logAndReturn(90)) - 85bc4c93-8919-4d90-bdda-716e90a765bf@group-F5246A9C6574-LeaderElection3: PRE_VOTE REJECTED received 1 response(s) and 0 exception(s):
2023-02-16 22:43:10,853 [85bc4c93-8919-4d90-bdda-716e90a765bf@group-F5246A9C6574-LeaderElection3] INFO  impl.LeaderElection (LeaderElection.java:logAndReturn(94)) -   Response 0: 85bc4c93-8919-4d90-bdda-716e90a765bf<-2a62309e-ec6c-4a0a-91b7-4d126a386491#0:FAIL-t0
2023-02-16 22:43:10,853 [85bc4c93-8919-4d90-bdda-716e90a765bf@group-F5246A9C6574-LeaderElection3] INFO  impl.LeaderElection (LeaderElection.java:askForVotes(314)) - 85bc4c93-8919-4d90-bdda-716e90a765bf@group-F5246A9C6574-LeaderElection3 PRE_VOTE round 0: result REJECTED
2023-02-16 22:43:10,853 [85bc4c93-8919-4d90-bdda-716e90a765bf@group-F5246A9C6574-LeaderElection3] INFO  server.RaftServer$Division (RaftServerImpl.java:setRole(321)) - 85bc4c93-8919-4d90-bdda-716e90a765bf@group-F5246A9C6574: changes role from CANDIDATE to FOLLOWER at term 0 for REJECTED
2023-02-16 22:43:10,854 [85bc4c93-8919-4d90-bdda-716e90a765bf@group-F5246A9C6574-LeaderElection3] INFO  impl.RoleInfo (RoleInfo.java:shutdownLeaderElection(130)) - 85bc4c93-8919-4d90-bdda-716e90a765bf: shutdown 85bc4c93-8919-4d90-bdda-716e90a765bf@group-F5246A9C6574-LeaderElection3
2023-02-16 22:43:10,854 [85bc4c93-8919-4d90-bdda-716e90a765bf@group-F5246A9C6574-LeaderElection3] INFO  impl.RoleInfo (RoleInfo.java:updateAndGet(139)) - 85bc4c93-8919-4d90-bdda-716e90a765bf: start 85bc4c93-8919-4d90-bdda-716e90a765bf@group-F5246A9C6574-FollowerState
2023-02-16 22:43:10,854 [85bc4c93-8919-4d90-bdda-716e90a765bf@group-F5246A9C6574-FollowerState] INFO  server.RaftServerConfigKeys (ConfUtils.java:logFallback(53)) - raft.server.rpc.first-election.timeout.min = 5s (fallback to raft.server.rpc.timeout.min)
2023-02-16 22:43:10,859 [85bc4c93-8919-4d90-bdda-716e90a765bf@group-F5246A9C6574-FollowerState] INFO  server.RaftServerConfigKeys (ConfUtils.java:logFallback(53)) - raft.server.rpc.first-election.timeout.max = 5200ms (fallback to raft.server.rpc.timeout.max)
2023-02-16 22:43:10,860 [grpc-default-executor-0] INFO  server.RaftServer$Division (RaftServerImpl.java:requestVote(1218)) - d47a9118-a689-402c-b263-2bea1a811f25@group-F5246A9C6574: receive requestVote(PRE_VOTE, 85bc4c93-8919-4d90-bdda-716e90a765bf, group-F5246A9C6574, 0, (t:0, i:0))
2023-02-16 22:43:10,860 [grpc-default-executor-0] INFO  impl.VoteContext (VoteContext.java:log(49)) - d47a9118-a689-402c-b263-2bea1a811f25@group-F5246A9C6574-FOLLOWER: accept PRE_VOTE from 85bc4c93-8919-4d90-bdda-716e90a765bf: our priority 0 <= candidate's priority 0
2023-02-16 22:43:10,863 [grpc-default-executor-0] INFO  server.RaftServer$Division (RaftServerImpl.java:requestVote(1251)) - d47a9118-a689-402c-b263-2bea1a811f25@group-F5246A9C6574 replies to PRE_VOTE vote request: 85bc4c93-8919-4d90-bdda-716e90a765bf<-d47a9118-a689-402c-b263-2bea1a811f25#0:OK-t0. Peer's state: d47a9118-a689-402c-b263-2bea1a811f25@group-F5246A9C6574:t0, leader=null, voted=, raftlog=Memoized:d47a9118-a689-402c-b263-2bea1a811f25@group-F5246A9C6574-SegmentedRaftLog:OPENED:c-1, conf=-1: peers:[2a62309e-ec6c-4a0a-91b7-4d126a386491|rpc:10.1.0.43:34649|dataStream:10.1.0.43:38237|priority:1|startupRole:FOLLOWER, d47a9118-a689-402c-b263-2bea1a811f25|rpc:10.1.0.43:39221|dataStream:10.1.0.43:38769|priority:0|startupRole:FOLLOWER, 85bc4c93-8919-4d90-bdda-716e90a765bf|rpc:10.1.0.43:40269|dataStream:10.1.0.43:36907|priority:0|startupRole:FOLLOWER]|listeners:[], old=null
2023-02-16 22:43:11,344 [2a62309e-ec6c-4a0a-91b7-4d126a386491@group-DC7EA6ED705C-FollowerState] INFO  impl.FollowerState (FollowerState.java:run(143)) - 2a62309e-ec6c-4a0a-91b7-4d126a386491@group-DC7EA6ED705C-FollowerState: change to CANDIDATE, lastRpcElapsedTime:5078521357ns, electionTimeout:5075ms
2023-02-16 22:43:11,345 [2a62309e-ec6c-4a0a-91b7-4d126a386491@group-DC7EA6ED705C-FollowerState] INFO  impl.RoleInfo (RoleInfo.java:shutdownFollowerState(110)) - 2a62309e-ec6c-4a0a-91b7-4d126a386491: shutdown 2a62309e-ec6c-4a0a-91b7-4d126a386491@group-DC7EA6ED705C-FollowerState
2023-02-16 22:43:11,345 [2a62309e-ec6c-4a0a-91b7-4d126a386491@group-DC7EA6ED705C-FollowerState] INFO  server.RaftServer$Division (RaftServerImpl.java:setRole(321)) - 2a62309e-ec6c-4a0a-91b7-4d126a386491@group-DC7EA6ED705C: changes role from  FOLLOWER to CANDIDATE at term 0 for changeToCandidate
2023-02-16 22:43:11,346 [2a62309e-ec6c-4a0a-91b7-4d126a386491@group-DC7EA6ED705C-FollowerState] INFO  server.RaftServerConfigKeys (ConfUtils.java:logGet(46)) - raft.server.leaderelection.pre-vote = true (default)
2023-02-16 22:43:11,347 [2a62309e-ec6c-4a0a-91b7-4d126a386491@group-DC7EA6ED705C-FollowerState] INFO  impl.RoleInfo (RoleInfo.java:updateAndGet(139)) - 2a62309e-ec6c-4a0a-91b7-4d126a386491: start 2a62309e-ec6c-4a0a-91b7-4d126a386491@group-DC7EA6ED705C-LeaderElection4
2023-02-16 22:43:11,359 [2a62309e-ec6c-4a0a-91b7-4d126a386491@group-DC7EA6ED705C-LeaderElection4] INFO  impl.LeaderElection (LeaderElection.java:askForVotes(312)) - 2a62309e-ec6c-4a0a-91b7-4d126a386491@group-DC7EA6ED705C-LeaderElection4 PRE_VOTE round 0: submit vote requests at term 0 for -1: peers:[2a62309e-ec6c-4a0a-91b7-4d126a386491|rpc:10.1.0.43:34649|dataStream:10.1.0.43:38237|priority:1|startupRole:FOLLOWER]|listeners:[], old=null
2023-02-16 22:43:11,359 [2a62309e-ec6c-4a0a-91b7-4d126a386491@group-DC7EA6ED705C-LeaderElection4] INFO  impl.LeaderElection (LeaderElection.java:askForVotes(314)) - 2a62309e-ec6c-4a0a-91b7-4d126a386491@group-DC7EA6ED705C-LeaderElection4 PRE_VOTE round 0: result PASSED (term=0)
2023-02-16 22:43:11,362 [2a62309e-ec6c-4a0a-91b7-4d126a386491@group-DC7EA6ED705C-LeaderElection4] INFO  impl.LeaderElection (LeaderElection.java:askForVotes(312)) - 2a62309e-ec6c-4a0a-91b7-4d126a386491@group-DC7EA6ED705C-LeaderElection4 ELECTION round 0: submit vote requests at term 1 for -1: peers:[2a62309e-ec6c-4a0a-91b7-4d126a386491|rpc:10.1.0.43:34649|dataStream:10.1.0.43:38237|priority:1|startupRole:FOLLOWER]|listeners:[], old=null
2023-02-16 22:43:11,362 [2a62309e-ec6c-4a0a-91b7-4d126a386491@group-DC7EA6ED705C-LeaderElection4] INFO  impl.LeaderElection (LeaderElection.java:askForVotes(314)) - 2a62309e-ec6c-4a0a-91b7-4d126a386491@group-DC7EA6ED705C-LeaderElection4 ELECTION round 0: result PASSED (term=1)
2023-02-16 22:43:11,362 [2a62309e-ec6c-4a0a-91b7-4d126a386491@group-DC7EA6ED705C-LeaderElection4] INFO  impl.RoleInfo (RoleInfo.java:shutdownLeaderElection(130)) - 2a62309e-ec6c-4a0a-91b7-4d126a386491: shutdown 2a62309e-ec6c-4a0a-91b7-4d126a386491@group-DC7EA6ED705C-LeaderElection4
2023-02-16 22:43:11,362 [2a62309e-ec6c-4a0a-91b7-4d126a386491@group-DC7EA6ED705C-LeaderElection4] INFO  server.RaftServer$Division (RaftServerImpl.java:setRole(321)) - 2a62309e-ec6c-4a0a-91b7-4d126a386491@group-DC7EA6ED705C: changes role from CANDIDATE to LEADER at term 1 for changeToLeader
2023-02-16 22:43:11,362 [2a62309e-ec6c-4a0a-91b7-4d126a386491@group-DC7EA6ED705C-LeaderElection4] INFO  ratis.XceiverServerRatis (XceiverServerRatis.java:handleLeaderChangedNotification(905)) - Leader change notification received for group: group-DC7EA6ED705C with new leaderId: 2a62309e-ec6c-4a0a-91b7-4d126a386491
2023-02-16 22:43:11,362 [2a62309e-ec6c-4a0a-91b7-4d126a386491@group-DC7EA6ED705C-LeaderElection4] INFO  server.RaftServer$Division (ServerState.java:setLeader(313)) - 2a62309e-ec6c-4a0a-91b7-4d126a386491@group-DC7EA6ED705C: change Leader from null to 2a62309e-ec6c-4a0a-91b7-4d126a386491 at term 1 for becomeLeader, leader elected after 5163ms
2023-02-16 22:43:11,362 [2a62309e-ec6c-4a0a-91b7-4d126a386491@group-DC7EA6ED705C-LeaderElection4] INFO  server.RaftServerConfigKeys (ConfUtils.java:logGet(46)) - raft.server.staging.catchup.gap = 1000 (default)
2023-02-16 22:43:11,363 [2a62309e-ec6c-4a0a-91b7-4d126a386491@group-DC7EA6ED705C-LeaderElection4] INFO  server.RaftServerConfigKeys (ConfUtils.java:logGet(46)) - raft.server.write.element-limit = 1024 (custom)
2023-02-16 22:43:11,363 [2a62309e-ec6c-4a0a-91b7-4d126a386491@group-DC7EA6ED705C-LeaderElection4] INFO  server.RaftServerConfigKeys (ConfUtils.java:logGet(46)) - raft.server.write.byte-limit = 1024 M (=1073741824) (custom)
2023-02-16 22:43:11,363 [2a62309e-ec6c-4a0a-91b7-4d126a386491@group-DC7EA6ED705C-LeaderElection4] INFO  server.RaftServerConfigKeys (ConfUtils.java:logGet(46)) - raft.server.watch.timeout = 10000ms (default)
2023-02-16 22:43:11,363 [2a62309e-ec6c-4a0a-91b7-4d126a386491@group-DC7EA6ED705C-LeaderElection4] INFO  server.RaftServerConfigKeys (ConfUtils.java:logGet(46)) - raft.server.watch.timeout.denomination = 1s (default)
2023-02-16 22:43:11,363 [2a62309e-ec6c-4a0a-91b7-4d126a386491@group-DC7EA6ED705C-LeaderElection4] INFO  server.RaftServerConfigKeys (ConfUtils.java:logGet(46)) - raft.server.watch.element-limit = 65536 (default)
2023-02-16 22:43:11,364 [EventQueue-OpenPipelineForHealthyPipelineSafeModeRule] INFO  safemode.SCMSafeModeManager (HealthyPipelineSafeModeRule.java:process(137)) - SCM in safe mode. Healthy pipelines reported count is 0, required healthy pipeline reported count is 1
2023-02-16 22:43:11,364 [2a62309e-ec6c-4a0a-91b7-4d126a386491@group-DC7EA6ED705C-LeaderElection4] INFO  server.RaftServerConfigKeys (ConfUtils.java:logGet(46)) - raft.server.write.element-limit = 1024 (custom)
2023-02-16 22:43:11,365 [2a62309e-ec6c-4a0a-91b7-4d126a386491@group-DC7EA6ED705C-LeaderElection4] INFO  server.RaftServerConfigKeys (ConfUtils.java:logGet(46)) - raft.server.write.follower.gap.ratio.max = -1.0 (default)
2023-02-16 22:43:11,365 [2a62309e-ec6c-4a0a-91b7-4d126a386491@group-DC7EA6ED705C-LeaderElection4] INFO  impl.RoleInfo (RoleInfo.java:updateAndGet(139)) - 2a62309e-ec6c-4a0a-91b7-4d126a386491: start 2a62309e-ec6c-4a0a-91b7-4d126a386491@group-DC7EA6ED705C-LeaderStateImpl
2023-02-16 22:43:11,365 [2a62309e-ec6c-4a0a-91b7-4d126a386491@group-DC7EA6ED705C-LeaderElection4] INFO  segmented.SegmentedRaftLogWorker (SegmentedRaftLogWorker.java:startLogSegment(452)) - 2a62309e-ec6c-4a0a-91b7-4d126a386491@group-DC7EA6ED705C-SegmentedRaftLogWorker: Starting segment from index:0
2023-02-16 22:43:11,367 [2a62309e-ec6c-4a0a-91b7-4d126a386491@group-DC7EA6ED705C-LeaderElection4] INFO  server.RaftServer$Division (ServerState.java:setRaftConf(430)) - 2a62309e-ec6c-4a0a-91b7-4d126a386491@group-DC7EA6ED705C: set configuration 0: peers:[2a62309e-ec6c-4a0a-91b7-4d126a386491|rpc:10.1.0.43:34649|dataStream:10.1.0.43:38237|priority:1|startupRole:FOLLOWER]|listeners:[], old=null
2023-02-16 22:43:11,369 [2a62309e-ec6c-4a0a-91b7-4d126a386491@group-DC7EA6ED705C-SegmentedRaftLogWorker] INFO  segmented.SegmentedRaftLogWorker (SegmentedRaftLogWorker.java:execute(656)) - 2a62309e-ec6c-4a0a-91b7-4d126a386491@group-DC7EA6ED705C-SegmentedRaftLogWorker: created new log segment /home/runner/work/ozone/ozone/hadoop-ozone/integration-test/target/test-dir/MiniOzoneClusterImpl-e104f6e4-c147-46af-9a65-8b38e2aa4633/datanode-1/data/ratis/a7288742-3c19-48a7-a608-dc7ea6ed705c/current/log_inprogress_0
2023-02-16 22:43:11,457 [d47a9118-a689-402c-b263-2bea1a811f25@group-F5246A9C6574-FollowerState] INFO  server.RaftServerConfigKeys (ConfUtils.java:logFallback(53)) - raft.server.rpc.first-election.timeout.min = 5s (fallback to raft.server.rpc.timeout.min)
2023-02-16 22:43:11,457 [d47a9118-a689-402c-b263-2bea1a811f25@group-F5246A9C6574-FollowerState] INFO  server.RaftServerConfigKeys (ConfUtils.java:logFallback(53)) - raft.server.rpc.first-election.timeout.max = 5200ms (fallback to raft.server.rpc.timeout.max)
2023-02-16 22:43:11,475 [2a62309e-ec6c-4a0a-91b7-4d126a386491@group-F5246A9C6574-FollowerState] INFO  impl.FollowerState (FollowerState.java:run(143)) - 2a62309e-ec6c-4a0a-91b7-4d126a386491@group-F5246A9C6574-FollowerState: change to CANDIDATE, lastRpcElapsedTime:5132224967ns, electionTimeout:5118ms
2023-02-16 22:43:11,475 [2a62309e-ec6c-4a0a-91b7-4d126a386491@group-F5246A9C6574-FollowerState] INFO  impl.RoleInfo (RoleInfo.java:shutdownFollowerState(110)) - 2a62309e-ec6c-4a0a-91b7-4d126a386491: shutdown 2a62309e-ec6c-4a0a-91b7-4d126a386491@group-F5246A9C6574-FollowerState
2023-02-16 22:43:11,476 [2a62309e-ec6c-4a0a-91b7-4d126a386491@group-F5246A9C6574-FollowerState] INFO  server.RaftServer$Division (RaftServerImpl.java:setRole(321)) - 2a62309e-ec6c-4a0a-91b7-4d126a386491@group-F5246A9C6574: changes role from  FOLLOWER to CANDIDATE at term 0 for changeToCandidate
2023-02-16 22:43:11,478 [2a62309e-ec6c-4a0a-91b7-4d126a386491@group-F5246A9C6574-FollowerState] INFO  server.RaftServerConfigKeys (ConfUtils.java:logGet(46)) - raft.server.leaderelection.pre-vote = true (default)
2023-02-16 22:43:11,478 [2a62309e-ec6c-4a0a-91b7-4d126a386491@group-F5246A9C6574-FollowerState] INFO  impl.RoleInfo (RoleInfo.java:updateAndGet(139)) - 2a62309e-ec6c-4a0a-91b7-4d126a386491: start 2a62309e-ec6c-4a0a-91b7-4d126a386491@group-F5246A9C6574-LeaderElection5
2023-02-16 22:43:11,490 [2a62309e-ec6c-4a0a-91b7-4d126a386491@group-F5246A9C6574-LeaderElection5] INFO  impl.LeaderElection (LeaderElection.java:askForVotes(312)) - 2a62309e-ec6c-4a0a-91b7-4d126a386491@group-F5246A9C6574-LeaderElection5 PRE_VOTE round 0: submit vote requests at term 0 for -1: peers:[2a62309e-ec6c-4a0a-91b7-4d126a386491|rpc:10.1.0.43:34649|dataStream:10.1.0.43:38237|priority:1|startupRole:FOLLOWER, d47a9118-a689-402c-b263-2bea1a811f25|rpc:10.1.0.43:39221|dataStream:10.1.0.43:38769|priority:0|startupRole:FOLLOWER, 85bc4c93-8919-4d90-bdda-716e90a765bf|rpc:10.1.0.43:40269|dataStream:10.1.0.43:36907|priority:0|startupRole:FOLLOWER]|listeners:[], old=null
2023-02-16 22:43:11,491 [2a62309e-ec6c-4a0a-91b7-4d126a386491@group-F5246A9C6574-LeaderElection5-1] INFO  server.GrpcServerProtocolClient (GrpcServerProtocolClient.java:<init>(63)) - Build channel for d47a9118-a689-402c-b263-2bea1a811f25
2023-02-16 22:43:11,495 [2a62309e-ec6c-4a0a-91b7-4d126a386491@group-F5246A9C6574-LeaderElection5] INFO  server.RaftServerConfigKeys (ConfUtils.java:logFallback(53)) - raft.server.rpc.first-election.timeout.min = 5s (fallback to raft.server.rpc.timeout.min)
2023-02-16 22:43:11,497 [2a62309e-ec6c-4a0a-91b7-4d126a386491@group-F5246A9C6574-LeaderElection5] INFO  server.RaftServerConfigKeys (ConfUtils.java:logFallback(53)) - raft.server.rpc.first-election.timeout.max = 5200ms (fallback to raft.server.rpc.timeout.max)
2023-02-16 22:43:11,497 [2a62309e-ec6c-4a0a-91b7-4d126a386491@group-F5246A9C6574-LeaderElection5-2] INFO  server.GrpcServerProtocolClient (GrpcServerProtocolClient.java:<init>(63)) - Build channel for 85bc4c93-8919-4d90-bdda-716e90a765bf
2023-02-16 22:43:11,510 [grpc-default-executor-0] INFO  server.RaftServer$Division (RaftServerImpl.java:requestVote(1218)) - d47a9118-a689-402c-b263-2bea1a811f25@group-F5246A9C6574: receive requestVote(PRE_VOTE, 2a62309e-ec6c-4a0a-91b7-4d126a386491, group-F5246A9C6574, 0, (t:0, i:0))
2023-02-16 22:43:11,510 [grpc-default-executor-0] INFO  impl.VoteContext (VoteContext.java:log(49)) - d47a9118-a689-402c-b263-2bea1a811f25@group-F5246A9C6574-FOLLOWER: accept PRE_VOTE from 2a62309e-ec6c-4a0a-91b7-4d126a386491: our priority 0 <= candidate's priority 1
2023-02-16 22:43:11,510 [grpc-default-executor-0] INFO  server.RaftServer$Division (RaftServerImpl.java:requestVote(1251)) - d47a9118-a689-402c-b263-2bea1a811f25@group-F5246A9C6574 replies to PRE_VOTE vote request: 2a62309e-ec6c-4a0a-91b7-4d126a386491<-d47a9118-a689-402c-b263-2bea1a811f25#0:OK-t0. Peer's state: d47a9118-a689-402c-b263-2bea1a811f25@group-F5246A9C6574:t0, leader=null, voted=, raftlog=Memoized:d47a9118-a689-402c-b263-2bea1a811f25@group-F5246A9C6574-SegmentedRaftLog:OPENED:c-1, conf=-1: peers:[2a62309e-ec6c-4a0a-91b7-4d126a386491|rpc:10.1.0.43:34649|dataStream:10.1.0.43:38237|priority:1|startupRole:FOLLOWER, d47a9118-a689-402c-b263-2bea1a811f25|rpc:10.1.0.43:39221|dataStream:10.1.0.43:38769|priority:0|startupRole:FOLLOWER, 85bc4c93-8919-4d90-bdda-716e90a765bf|rpc:10.1.0.43:40269|dataStream:10.1.0.43:36907|priority:0|startupRole:FOLLOWER]|listeners:[], old=null
2023-02-16 22:43:11,514 [2a62309e-ec6c-4a0a-91b7-4d126a386491@group-F5246A9C6574-LeaderElection5] INFO  impl.LeaderElection (LeaderElection.java:logAndReturn(90)) - 2a62309e-ec6c-4a0a-91b7-4d126a386491@group-F5246A9C6574-LeaderElection5: PRE_VOTE PASSED received 1 response(s) and 0 exception(s):
2023-02-16 22:43:11,514 [2a62309e-ec6c-4a0a-91b7-4d126a386491@group-F5246A9C6574-LeaderElection5] INFO  impl.LeaderElection (LeaderElection.java:logAndReturn(94)) -   Response 0: 2a62309e-ec6c-4a0a-91b7-4d126a386491<-d47a9118-a689-402c-b263-2bea1a811f25#0:OK-t0
2023-02-16 22:43:11,514 [2a62309e-ec6c-4a0a-91b7-4d126a386491@group-F5246A9C6574-LeaderElection5] INFO  impl.LeaderElection (LeaderElection.java:askForVotes(314)) - 2a62309e-ec6c-4a0a-91b7-4d126a386491@group-F5246A9C6574-LeaderElection5 PRE_VOTE round 0: result PASSED
2023-02-16 22:43:11,516 [2a62309e-ec6c-4a0a-91b7-4d126a386491@group-F5246A9C6574-LeaderElection5] INFO  impl.LeaderElection (LeaderElection.java:askForVotes(312)) - 2a62309e-ec6c-4a0a-91b7-4d126a386491@group-F5246A9C6574-LeaderElection5 ELECTION round 0: submit vote requests at term 1 for -1: peers:[2a62309e-ec6c-4a0a-91b7-4d126a386491|rpc:10.1.0.43:34649|dataStream:10.1.0.43:38237|priority:1|startupRole:FOLLOWER, d47a9118-a689-402c-b263-2bea1a811f25|rpc:10.1.0.43:39221|dataStream:10.1.0.43:38769|priority:0|startupRole:FOLLOWER, 85bc4c93-8919-4d90-bdda-716e90a765bf|rpc:10.1.0.43:40269|dataStream:10.1.0.43:36907|priority:0|startupRole:FOLLOWER]|listeners:[], old=null
2023-02-16 22:43:11,520 [2a62309e-ec6c-4a0a-91b7-4d126a386491@group-F5246A9C6574-LeaderElection5] INFO  server.RaftServerConfigKeys (ConfUtils.java:logFallback(53)) - raft.server.rpc.first-election.timeout.min = 5s (fallback to raft.server.rpc.timeout.min)
2023-02-16 22:43:11,520 [2a62309e-ec6c-4a0a-91b7-4d126a386491@group-F5246A9C6574-LeaderElection5] INFO  server.RaftServerConfigKeys (ConfUtils.java:logFallback(53)) - raft.server.rpc.first-election.timeout.max = 5200ms (fallback to raft.server.rpc.timeout.max)
2023-02-16 22:43:11,526 [grpc-default-executor-0] INFO  server.RaftServer$Division (RaftServerImpl.java:requestVote(1218)) - 85bc4c93-8919-4d90-bdda-716e90a765bf@group-F5246A9C6574: receive requestVote(PRE_VOTE, 2a62309e-ec6c-4a0a-91b7-4d126a386491, group-F5246A9C6574, 0, (t:0, i:0))
2023-02-16 22:43:11,527 [grpc-default-executor-0] INFO  impl.VoteContext (VoteContext.java:log(49)) - 85bc4c93-8919-4d90-bdda-716e90a765bf@group-F5246A9C6574-FOLLOWER: accept PRE_VOTE from 2a62309e-ec6c-4a0a-91b7-4d126a386491: our priority 0 <= candidate's priority 1
2023-02-16 22:43:11,527 [grpc-default-executor-0] INFO  server.RaftServer$Division (RaftServerImpl.java:requestVote(1251)) - 85bc4c93-8919-4d90-bdda-716e90a765bf@group-F5246A9C6574 replies to PRE_VOTE vote request: 2a62309e-ec6c-4a0a-91b7-4d126a386491<-85bc4c93-8919-4d90-bdda-716e90a765bf#0:OK-t0. Peer's state: 85bc4c93-8919-4d90-bdda-716e90a765bf@group-F5246A9C6574:t0, leader=null, voted=, raftlog=Memoized:85bc4c93-8919-4d90-bdda-716e90a765bf@group-F5246A9C6574-SegmentedRaftLog:OPENED:c-1, conf=-1: peers:[2a62309e-ec6c-4a0a-91b7-4d126a386491|rpc:10.1.0.43:34649|dataStream:10.1.0.43:38237|priority:1|startupRole:FOLLOWER, d47a9118-a689-402c-b263-2bea1a811f25|rpc:10.1.0.43:39221|dataStream:10.1.0.43:38769|priority:0|startupRole:FOLLOWER, 85bc4c93-8919-4d90-bdda-716e90a765bf|rpc:10.1.0.43:40269|dataStream:10.1.0.43:36907|priority:0|startupRole:FOLLOWER]|listeners:[], old=null
2023-02-16 22:43:11,526 [grpc-default-executor-1] INFO  server.RaftServer$Division (RaftServerImpl.java:requestVote(1218)) - d47a9118-a689-402c-b263-2bea1a811f25@group-F5246A9C6574: receive requestVote(ELECTION, 2a62309e-ec6c-4a0a-91b7-4d126a386491, group-F5246A9C6574, 1, (t:0, i:0))
2023-02-16 22:43:11,529 [grpc-default-executor-1] INFO  impl.VoteContext (VoteContext.java:log(49)) - d47a9118-a689-402c-b263-2bea1a811f25@group-F5246A9C6574-FOLLOWER: accept ELECTION from 2a62309e-ec6c-4a0a-91b7-4d126a386491: our priority 0 <= candidate's priority 1
2023-02-16 22:43:11,529 [grpc-default-executor-1] INFO  server.RaftServer$Division (RaftServerImpl.java:setRole(321)) - d47a9118-a689-402c-b263-2bea1a811f25@group-F5246A9C6574: changes role from  FOLLOWER to FOLLOWER at term 1 for candidate:2a62309e-ec6c-4a0a-91b7-4d126a386491
2023-02-16 22:43:11,529 [grpc-default-executor-1] INFO  impl.RoleInfo (RoleInfo.java:shutdownFollowerState(110)) - d47a9118-a689-402c-b263-2bea1a811f25: shutdown d47a9118-a689-402c-b263-2bea1a811f25@group-F5246A9C6574-FollowerState
2023-02-16 22:43:11,537 [d47a9118-a689-402c-b263-2bea1a811f25@group-F5246A9C6574-FollowerState] INFO  impl.FollowerState (FollowerState.java:run(152)) - d47a9118-a689-402c-b263-2bea1a811f25@group-F5246A9C6574-FollowerState was interrupted
2023-02-16 22:43:11,539 [grpc-default-executor-2] INFO  server.RaftServer$Division (RaftServerImpl.java:requestVote(1218)) - 85bc4c93-8919-4d90-bdda-716e90a765bf@group-F5246A9C6574: receive requestVote(ELECTION, 2a62309e-ec6c-4a0a-91b7-4d126a386491, group-F5246A9C6574, 1, (t:0, i:0))
2023-02-16 22:43:11,539 [grpc-default-executor-1] INFO  impl.RoleInfo (RoleInfo.java:updateAndGet(139)) - d47a9118-a689-402c-b263-2bea1a811f25: start d47a9118-a689-402c-b263-2bea1a811f25@group-F5246A9C6574-FollowerState
2023-02-16 22:43:11,540 [grpc-default-executor-2] INFO  impl.VoteContext (VoteContext.java:log(49)) - 85bc4c93-8919-4d90-bdda-716e90a765bf@group-F5246A9C6574-FOLLOWER: accept ELECTION from 2a62309e-ec6c-4a0a-91b7-4d126a386491: our priority 0 <= candidate's priority 1
2023-02-16 22:43:11,540 [grpc-default-executor-2] INFO  server.RaftServer$Division (RaftServerImpl.java:setRole(321)) - 85bc4c93-8919-4d90-bdda-716e90a765bf@group-F5246A9C6574: changes role from  FOLLOWER to FOLLOWER at term 1 for candidate:2a62309e-ec6c-4a0a-91b7-4d126a386491
2023-02-16 22:43:11,540 [grpc-default-executor-2] INFO  impl.RoleInfo (RoleInfo.java:shutdownFollowerState(110)) - 85bc4c93-8919-4d90-bdda-716e90a765bf: shutdown 85bc4c93-8919-4d90-bdda-716e90a765bf@group-F5246A9C6574-FollowerState
2023-02-16 22:43:11,540 [grpc-default-executor-2] INFO  impl.RoleInfo (RoleInfo.java:updateAndGet(139)) - 85bc4c93-8919-4d90-bdda-716e90a765bf: start 85bc4c93-8919-4d90-bdda-716e90a765bf@group-F5246A9C6574-FollowerState
2023-02-16 22:43:11,540 [d47a9118-a689-402c-b263-2bea1a811f25@group-F5246A9C6574-FollowerState] INFO  server.RaftServerConfigKeys (ConfUtils.java:logFallback(53)) - raft.server.rpc.first-election.timeout.min = 5s (fallback to raft.server.rpc.timeout.min)
2023-02-16 22:43:11,541 [d47a9118-a689-402c-b263-2bea1a811f25@group-F5246A9C6574-FollowerState] INFO  server.RaftServerConfigKeys (ConfUtils.java:logFallback(53)) - raft.server.rpc.first-election.timeout.max = 5200ms (fallback to raft.server.rpc.timeout.max)
2023-02-16 22:43:11,541 [85bc4c93-8919-4d90-bdda-716e90a765bf@group-F5246A9C6574-FollowerState] INFO  impl.FollowerState (FollowerState.java:run(152)) - 85bc4c93-8919-4d90-bdda-716e90a765bf@group-F5246A9C6574-FollowerState was interrupted
2023-02-16 22:43:11,542 [grpc-default-executor-1] INFO  server.RaftServer$Division (RaftServerImpl.java:requestVote(1251)) - d47a9118-a689-402c-b263-2bea1a811f25@group-F5246A9C6574 replies to ELECTION vote request: 2a62309e-ec6c-4a0a-91b7-4d126a386491<-d47a9118-a689-402c-b263-2bea1a811f25#0:OK-t1. Peer's state: d47a9118-a689-402c-b263-2bea1a811f25@group-F5246A9C6574:t1, leader=null, voted=2a62309e-ec6c-4a0a-91b7-4d126a386491, raftlog=Memoized:d47a9118-a689-402c-b263-2bea1a811f25@group-F5246A9C6574-SegmentedRaftLog:OPENED:c-1, conf=-1: peers:[2a62309e-ec6c-4a0a-91b7-4d126a386491|rpc:10.1.0.43:34649|dataStream:10.1.0.43:38237|priority:1|startupRole:FOLLOWER, d47a9118-a689-402c-b263-2bea1a811f25|rpc:10.1.0.43:39221|dataStream:10.1.0.43:38769|priority:0|startupRole:FOLLOWER, 85bc4c93-8919-4d90-bdda-716e90a765bf|rpc:10.1.0.43:40269|dataStream:10.1.0.43:36907|priority:0|startupRole:FOLLOWER]|listeners:[], old=null
2023-02-16 22:43:11,546 [2a62309e-ec6c-4a0a-91b7-4d126a386491@group-F5246A9C6574-LeaderElection5] INFO  impl.LeaderElection (LeaderElection.java:logAndReturn(90)) - 2a62309e-ec6c-4a0a-91b7-4d126a386491@group-F5246A9C6574-LeaderElection5: ELECTION PASSED received 1 response(s) and 0 exception(s):
2023-02-16 22:43:11,546 [2a62309e-ec6c-4a0a-91b7-4d126a386491@group-F5246A9C6574-LeaderElection5] INFO  impl.LeaderElection (LeaderElection.java:logAndReturn(94)) -   Response 0: 2a62309e-ec6c-4a0a-91b7-4d126a386491<-d47a9118-a689-402c-b263-2bea1a811f25#0:OK-t1
2023-02-16 22:43:11,546 [2a62309e-ec6c-4a0a-91b7-4d126a386491@group-F5246A9C6574-LeaderElection5] INFO  impl.LeaderElection (LeaderElection.java:askForVotes(314)) - 2a62309e-ec6c-4a0a-91b7-4d126a386491@group-F5246A9C6574-LeaderElection5 ELECTION round 0: result PASSED
2023-02-16 22:43:11,546 [2a62309e-ec6c-4a0a-91b7-4d126a386491@group-F5246A9C6574-LeaderElection5] INFO  impl.RoleInfo (RoleInfo.java:shutdownLeaderElection(130)) - 2a62309e-ec6c-4a0a-91b7-4d126a386491: shutdown 2a62309e-ec6c-4a0a-91b7-4d126a386491@group-F5246A9C6574-LeaderElection5
2023-02-16 22:43:11,546 [2a62309e-ec6c-4a0a-91b7-4d126a386491@group-F5246A9C6574-LeaderElection5] INFO  server.RaftServer$Division (RaftServerImpl.java:setRole(321)) - 2a62309e-ec6c-4a0a-91b7-4d126a386491@group-F5246A9C6574: changes role from CANDIDATE to LEADER at term 1 for changeToLeader
2023-02-16 22:43:11,546 [2a62309e-ec6c-4a0a-91b7-4d126a386491@group-F5246A9C6574-LeaderElection5] INFO  ratis.XceiverServerRatis (XceiverServerRatis.java:handleLeaderChangedNotification(905)) - Leader change notification received for group: group-F5246A9C6574 with new leaderId: 2a62309e-ec6c-4a0a-91b7-4d126a386491
2023-02-16 22:43:11,546 [2a62309e-ec6c-4a0a-91b7-4d126a386491@group-F5246A9C6574-LeaderElection5] INFO  server.RaftServer$Division (ServerState.java:setLeader(313)) - 2a62309e-ec6c-4a0a-91b7-4d126a386491@group-F5246A9C6574: change Leader from null to 2a62309e-ec6c-4a0a-91b7-4d126a386491 at term 1 for becomeLeader, leader elected after 5247ms
2023-02-16 22:43:11,547 [2a62309e-ec6c-4a0a-91b7-4d126a386491@group-F5246A9C6574-LeaderElection5] INFO  server.RaftServerConfigKeys (ConfUtils.java:logGet(46)) - raft.server.staging.catchup.gap = 1000 (default)
2023-02-16 22:43:11,547 [85bc4c93-8919-4d90-bdda-716e90a765bf@group-F5246A9C6574-FollowerState] INFO  server.RaftServerConfigKeys (ConfUtils.java:logFallback(53)) - raft.server.rpc.first-election.timeout.min = 5s (fallback to raft.server.rpc.timeout.min)
2023-02-16 22:43:11,550 [EventQueue-OpenPipelineForHealthyPipelineSafeModeRule] INFO  safemode.SCMSafeModeManager (HealthyPipelineSafeModeRule.java:process(137)) - SCM in safe mode. Healthy pipelines reported count is 0, required healthy pipeline reported count is 1
2023-02-16 22:43:11,549 [EventQueue-PipelineReportForPipelineReportHandler] INFO  pipeline.PipelineManagerImpl (PipelineManagerImpl.java:openPipeline(367)) - Pipeline Pipeline[ Id: 0d8cd3b7-e921-433d-9a06-f5246a9c6574, Nodes: d47a9118-a689-402c-b263-2bea1a811f25(fv-az571-511/10.1.0.43)85bc4c93-8919-4d90-bdda-716e90a765bf(fv-az571-511/10.1.0.43)2a62309e-ec6c-4a0a-91b7-4d126a386491(fv-az571-511/10.1.0.43), ReplicationConfig: RATIS/THREE, State:ALLOCATED, leaderId:2a62309e-ec6c-4a0a-91b7-4d126a386491, CreationTimestamp2023-02-16T22:43:03.656Z[Etc/UTC]] moved to OPEN state
2023-02-16 22:43:11,548 [grpc-default-executor-2] INFO  server.RaftServer$Division (RaftServerImpl.java:requestVote(1251)) - 85bc4c93-8919-4d90-bdda-716e90a765bf@group-F5246A9C6574 replies to ELECTION vote request: 2a62309e-ec6c-4a0a-91b7-4d126a386491<-85bc4c93-8919-4d90-bdda-716e90a765bf#0:OK-t1. Peer's state: 85bc4c93-8919-4d90-bdda-716e90a765bf@group-F5246A9C6574:t1, leader=null, voted=2a62309e-ec6c-4a0a-91b7-4d126a386491, raftlog=Memoized:85bc4c93-8919-4d90-bdda-716e90a765bf@group-F5246A9C6574-SegmentedRaftLog:OPENED:c-1, conf=-1: peers:[2a62309e-ec6c-4a0a-91b7-4d126a386491|rpc:10.1.0.43:34649|dataStream:10.1.0.43:38237|priority:1|startupRole:FOLLOWER, d47a9118-a689-402c-b263-2bea1a811f25|rpc:10.1.0.43:39221|dataStream:10.1.0.43:38769|priority:0|startupRole:FOLLOWER, 85bc4c93-8919-4d90-bdda-716e90a765bf|rpc:10.1.0.43:40269|dataStream:10.1.0.43:36907|priority:0|startupRole:FOLLOWER]|listeners:[], old=null
2023-02-16 22:43:11,547 [2a62309e-ec6c-4a0a-91b7-4d126a386491@group-F5246A9C6574-LeaderElection5] INFO  server.RaftServerConfigKeys (ConfUtils.java:logGet(46)) - raft.server.write.element-limit = 1024 (custom)
2023-02-16 22:43:11,555 [Listener at 127.0.0.1/41759] INFO  ozone.MiniOzoneClusterImpl (MiniOzoneClusterImpl.java:lambda$waitForClusterToBeReady$0(218)) - Nodes are ready. Got 5 of 5 DN Heartbeats.
2023-02-16 22:43:11,558 [Listener at 127.0.0.1/41759] INFO  ozone.MiniOzoneClusterImpl (MiniOzoneClusterImpl.java:lambda$waitForClusterToBeReady$0(221)) - Waiting for cluster to exit safe mode
2023-02-16 22:43:11,551 [EventQueue-OpenPipelineForHealthyPipelineSafeModeRule] INFO  safemode.SCMSafeModeManager (HealthyPipelineSafeModeRule.java:process(137)) - SCM in safe mode. Healthy pipelines reported count is 1, required healthy pipeline reported count is 1
2023-02-16 22:43:11,550 [85bc4c93-8919-4d90-bdda-716e90a765bf@group-F5246A9C6574-FollowerState] INFO  server.RaftServerConfigKeys (ConfUtils.java:logFallback(53)) - raft.server.rpc.first-election.timeout.max = 5200ms (fallback to raft.server.rpc.timeout.max)
2023-02-16 22:43:11,558 [EventQueue-OpenPipelineForHealthyPipelineSafeModeRule] INFO  safemode.SCMSafeModeManager (SCMSafeModeManager.java:validateSafeModeExitRules(200)) - HealthyPipelineSafeModeRule rule is successfully validated
2023-02-16 22:43:11,559 [EventQueue-OpenPipelineForHealthyPipelineSafeModeRule] INFO  safemode.SCMSafeModeManager (SCMSafeModeManager.java:validateSafeModeExitRules(215)) - ScmSafeModeManager, all rules are successfully validated
2023-02-16 22:43:11,558 [Listener at 127.0.0.1/41759] INFO  ozone.MiniOzoneClusterImpl (MiniOzoneClusterImpl.java:lambda$waitForClusterToBeReady$0(223)) - SCM became leader
2023-02-16 22:43:11,557 [2a62309e-ec6c-4a0a-91b7-4d126a386491@group-F5246A9C6574-LeaderElection5] INFO  server.RaftServerConfigKeys (ConfUtils.java:logGet(46)) - raft.server.write.byte-limit = 1024 M (=1073741824) (custom)
2023-02-16 22:43:11,559 [2a62309e-ec6c-4a0a-91b7-4d126a386491@group-F5246A9C6574-LeaderElection5] INFO  server.RaftServerConfigKeys (ConfUtils.java:logGet(46)) - raft.server.watch.timeout = 10000ms (default)
2023-02-16 22:43:11,559 [2a62309e-ec6c-4a0a-91b7-4d126a386491@group-F5246A9C6574-LeaderElection5] INFO  server.RaftServerConfigKeys (ConfUtils.java:logGet(46)) - raft.server.watch.timeout.denomination = 1s (default)
2023-02-16 22:43:11,559 [2a62309e-ec6c-4a0a-91b7-4d126a386491@group-F5246A9C6574-LeaderElection5] INFO  server.RaftServerConfigKeys (ConfUtils.java:logGet(46)) - raft.server.watch.element-limit = 65536 (default)
2023-02-16 22:43:11,560 [2a62309e-ec6c-4a0a-91b7-4d126a386491@group-F5246A9C6574-LeaderElection5] INFO  server.RaftServerConfigKeys (ConfUtils.java:logGet(46)) - raft.server.write.element-limit = 1024 (custom)
2023-02-16 22:43:11,560 [2a62309e-ec6c-4a0a-91b7-4d126a386491@group-F5246A9C6574-LeaderElection5] INFO  server.RaftServerConfigKeys (ConfUtils.java:logGet(46)) - raft.server.write.follower.gap.ratio.max = -1.0 (default)
2023-02-16 22:43:11,559 [EventQueue-OpenPipelineForHealthyPipelineSafeModeRule] INFO  safemode.SCMSafeModeManager (SCMSafeModeManager.java:exitSafeMode(244)) - SCM exiting safe mode.
2023-02-16 22:43:11,561 [EventQueue-OpenPipelineForHealthyPipelineSafeModeRule] INFO  ha.SCMContext (SCMContext.java:updateSafeModeStatus(228)) - Update SafeModeStatus from SafeModeStatus{safeModeStatus=true, preCheckPassed=true} to SafeModeStatus{safeModeStatus=false, preCheckPassed=true}.
2023-02-16 22:43:11,561 [EventQueue-OpenPipelineForHealthyPipelineSafeModeRule] INFO  pipeline.BackgroundPipelineCreator (BackgroundPipelineCreator.java:notifyStatusChanged(254)) - Service BackgroundPipelineCreator transitions to RUNNING.
2023-02-16 22:43:11,561 [EventQueue-OpenPipelineForHealthyPipelineSafeModeRule] INFO  BackgroundPipelineScrubber (BackgroundSCMService.java:notifyStatusChanged(82)) - Service BackgroundPipelineScrubber transitions to RUNNING.
2023-02-16 22:43:11,562 [EventQueue-OpenPipelineForHealthyPipelineSafeModeRule] INFO  ExpiredContainerReplicaOpScrubber (BackgroundSCMService.java:notifyStatusChanged(82)) - Service ExpiredContainerReplicaOpScrubber transitions to RUNNING.
2023-02-16 22:43:11,562 [EventQueue-OpenPipelineForHealthyPipelineSafeModeRule] INFO  replication.ReplicationManager (ReplicationManager.java:notifyStatusChanged(1036)) - Service ReplicationManager transitions to RUNNING.
2023-02-16 22:43:11,566 [EventQueue-OpenPipelineForHealthyPipelineSafeModeRule] WARN  balancer.ContainerBalancer (ContainerBalancer.java:shouldRun(131)) - Could not find persisted configuration for ContainerBalancer when checking if ContainerBalancer should run. ContainerBalancer should not run now.
2023-02-16 22:43:11,571 [2a62309e-ec6c-4a0a-91b7-4d126a386491@group-F5246A9C6574-LeaderElection5] INFO  server.RaftServerConfigKeys (ConfUtils.java:logGet(46)) - raft.server.log.appender.snapshot.chunk.size.max = 16MB (=16777216) (default)
2023-02-16 22:43:11,571 [2a62309e-ec6c-4a0a-91b7-4d126a386491@group-F5246A9C6574-LeaderElection5] INFO  server.RaftServerConfigKeys (ConfUtils.java:logGet(46)) - raft.server.log.appender.buffer.byte-limit = 33554432 (custom)
2023-02-16 22:43:11,572 [2a62309e-ec6c-4a0a-91b7-4d126a386491@group-F5246A9C6574-LeaderElection5] INFO  server.RaftServerConfigKeys (ConfUtils.java:logGet(46)) - raft.server.log.appender.buffer.element-limit = 1 (custom)
2023-02-16 22:43:11,576 [2a62309e-ec6c-4a0a-91b7-4d126a386491@group-F5246A9C6574-LeaderElection5] INFO  grpc.GrpcConfigKeys (ConfUtils.java:logGet(46)) - raft.grpc.server.leader.outstanding.appends.max = 128 (default)
2023-02-16 22:43:11,576 [2a62309e-ec6c-4a0a-91b7-4d126a386491@group-F5246A9C6574-LeaderElection5] INFO  server.RaftServerConfigKeys (ConfUtils.java:logGet(46)) - raft.server.rpc.request.timeout = 3000ms (default)
2023-02-16 22:43:11,576 [2a62309e-ec6c-4a0a-91b7-4d126a386491@group-F5246A9C6574-LeaderElection5] INFO  server.RaftServerConfigKeys (ConfUtils.java:logGet(46)) - raft.server.log.appender.install.snapshot.enabled = false (custom)
2023-02-16 22:43:11,576 [2a62309e-ec6c-4a0a-91b7-4d126a386491@group-F5246A9C6574-LeaderElection5] INFO  grpc.GrpcConfigKeys (ConfUtils.java:logGet(46)) - raft.grpc.server.heartbeat.channel = true (default)
2023-02-16 22:43:11,577 [2a62309e-ec6c-4a0a-91b7-4d126a386491@group-F5246A9C6574-LeaderElection5] INFO  server.RaftServerConfigKeys (ConfUtils.java:logGet(46)) - raft.server.log.appender.wait-time.min = 10ms (default)
2023-02-16 22:43:11,579 [2a62309e-ec6c-4a0a-91b7-4d126a386491@group-F5246A9C6574-LeaderElection5] INFO  server.RaftServerConfigKeys (ConfUtils.java:logGet(46)) - raft.server.log.appender.snapshot.chunk.size.max = 16MB (=16777216) (default)
2023-02-16 22:43:11,579 [2a62309e-ec6c-4a0a-91b7-4d126a386491@group-F5246A9C6574-LeaderElection5] INFO  server.RaftServerConfigKeys (ConfUtils.java:logGet(46)) - raft.server.log.appender.buffer.byte-limit = 33554432 (custom)
2023-02-16 22:43:11,579 [2a62309e-ec6c-4a0a-91b7-4d126a386491@group-F5246A9C6574-LeaderElection5] INFO  server.RaftServerConfigKeys (ConfUtils.java:logGet(46)) - raft.server.log.appender.buffer.element-limit = 1 (custom)
2023-02-16 22:43:11,579 [2a62309e-ec6c-4a0a-91b7-4d126a386491@group-F5246A9C6574-LeaderElection5] INFO  grpc.GrpcConfigKeys (ConfUtils.java:logGet(46)) - raft.grpc.server.leader.outstanding.appends.max = 128 (default)
2023-02-16 22:43:11,580 [2a62309e-ec6c-4a0a-91b7-4d126a386491@group-F5246A9C6574-LeaderElection5] INFO  server.RaftServerConfigKeys (ConfUtils.java:logGet(46)) - raft.server.rpc.request.timeout = 3000ms (default)
2023-02-16 22:43:11,580 [2a62309e-ec6c-4a0a-91b7-4d126a386491@group-F5246A9C6574-LeaderElection5] INFO  server.RaftServerConfigKeys (ConfUtils.java:logGet(46)) - raft.server.log.appender.install.snapshot.enabled = false (custom)
2023-02-16 22:43:11,580 [2a62309e-ec6c-4a0a-91b7-4d126a386491@group-F5246A9C6574-LeaderElection5] INFO  grpc.GrpcConfigKeys (ConfUtils.java:logGet(46)) - raft.grpc.server.heartbeat.channel = true (default)
2023-02-16 22:43:11,580 [2a62309e-ec6c-4a0a-91b7-4d126a386491@group-F5246A9C6574-LeaderElection5] INFO  server.RaftServerConfigKeys (ConfUtils.java:logGet(46)) - raft.server.log.appender.wait-time.min = 10ms (default)
2023-02-16 22:43:11,581 [2a62309e-ec6c-4a0a-91b7-4d126a386491@group-F5246A9C6574-LeaderElection5] INFO  impl.RoleInfo (RoleInfo.java:updateAndGet(139)) - 2a62309e-ec6c-4a0a-91b7-4d126a386491: start 2a62309e-ec6c-4a0a-91b7-4d126a386491@group-F5246A9C6574-LeaderStateImpl
2023-02-16 22:43:11,581 [2a62309e-ec6c-4a0a-91b7-4d126a386491@group-F5246A9C6574-LeaderElection5] INFO  segmented.SegmentedRaftLogWorker (SegmentedRaftLogWorker.java:startLogSegment(452)) - 2a62309e-ec6c-4a0a-91b7-4d126a386491@group-F5246A9C6574-SegmentedRaftLogWorker: Starting segment from index:0
2023-02-16 22:43:11,584 [2a62309e-ec6c-4a0a-91b7-4d126a386491@group-F5246A9C6574-SegmentedRaftLogWorker] INFO  segmented.SegmentedRaftLogWorker (SegmentedRaftLogWorker.java:execute(656)) - 2a62309e-ec6c-4a0a-91b7-4d126a386491@group-F5246A9C6574-SegmentedRaftLogWorker: created new log segment /home/runner/work/ozone/ozone/hadoop-ozone/integration-test/target/test-dir/MiniOzoneClusterImpl-e104f6e4-c147-46af-9a65-8b38e2aa4633/datanode-1/data/ratis/0d8cd3b7-e921-433d-9a06-f5246a9c6574/current/log_inprogress_0
2023-02-16 22:43:11,590 [2a62309e-ec6c-4a0a-91b7-4d126a386491@group-F5246A9C6574-LeaderElection5] INFO  server.RaftServer$Division (ServerState.java:setRaftConf(430)) - 2a62309e-ec6c-4a0a-91b7-4d126a386491@group-F5246A9C6574: set configuration 0: peers:[2a62309e-ec6c-4a0a-91b7-4d126a386491|rpc:10.1.0.43:34649|dataStream:10.1.0.43:38237|priority:1|startupRole:FOLLOWER, d47a9118-a689-402c-b263-2bea1a811f25|rpc:10.1.0.43:39221|dataStream:10.1.0.43:38769|priority:0|startupRole:FOLLOWER, 85bc4c93-8919-4d90-bdda-716e90a765bf|rpc:10.1.0.43:40269|dataStream:10.1.0.43:36907|priority:0|startupRole:FOLLOWER]|listeners:[], old=null
2023-02-16 22:43:11,633 [85bc4c93-8919-4d90-bdda-716e90a765bf-server-thread2] INFO  ratis.XceiverServerRatis (XceiverServerRatis.java:handleLeaderChangedNotification(905)) - Leader change notification received for group: group-F5246A9C6574 with new leaderId: 2a62309e-ec6c-4a0a-91b7-4d126a386491
2023-02-16 22:43:11,633 [85bc4c93-8919-4d90-bdda-716e90a765bf-server-thread2] INFO  server.RaftServer$Division (ServerState.java:setLeader(313)) - 85bc4c93-8919-4d90-bdda-716e90a765bf@group-F5246A9C6574: change Leader from null to 2a62309e-ec6c-4a0a-91b7-4d126a386491 at term 1 for appendEntries, leader elected after 5967ms
2023-02-16 22:43:11,640 [d47a9118-a689-402c-b263-2bea1a811f25-server-thread1] INFO  ratis.XceiverServerRatis (XceiverServerRatis.java:handleLeaderChangedNotification(905)) - Leader change notification received for group: group-F5246A9C6574 with new leaderId: 2a62309e-ec6c-4a0a-91b7-4d126a386491
2023-02-16 22:43:11,646 [d47a9118-a689-402c-b263-2bea1a811f25-server-thread1] INFO  server.RaftServer$Division (ServerState.java:setLeader(313)) - d47a9118-a689-402c-b263-2bea1a811f25@group-F5246A9C6574: change Leader from null to 2a62309e-ec6c-4a0a-91b7-4d126a386491 at term 1 for appendEntries, leader elected after 5389ms
2023-02-16 22:43:11,640 [85bc4c93-8919-4d90-bdda-716e90a765bf-server-thread2] INFO  server.RaftServer$Division (ServerState.java:setRaftConf(430)) - 85bc4c93-8919-4d90-bdda-716e90a765bf@group-F5246A9C6574: set configuration 0: peers:[2a62309e-ec6c-4a0a-91b7-4d126a386491|rpc:10.1.0.43:34649|dataStream:10.1.0.43:38237|priority:1|startupRole:FOLLOWER, d47a9118-a689-402c-b263-2bea1a811f25|rpc:10.1.0.43:39221|dataStream:10.1.0.43:38769|priority:0|startupRole:FOLLOWER, 85bc4c93-8919-4d90-bdda-716e90a765bf|rpc:10.1.0.43:40269|dataStream:10.1.0.43:36907|priority:0|startupRole:FOLLOWER]|listeners:[], old=null
2023-02-16 22:43:11,647 [85bc4c93-8919-4d90-bdda-716e90a765bf-server-thread2] INFO  segmented.SegmentedRaftLogWorker (SegmentedRaftLogWorker.java:startLogSegment(452)) - 85bc4c93-8919-4d90-bdda-716e90a765bf@group-F5246A9C6574-SegmentedRaftLogWorker: Starting segment from index:0
2023-02-16 22:43:11,650 [d47a9118-a689-402c-b263-2bea1a811f25-server-thread2] INFO  server.RaftServer$Division (ServerState.java:setRaftConf(430)) - d47a9118-a689-402c-b263-2bea1a811f25@group-F5246A9C6574: set configuration 0: peers:[2a62309e-ec6c-4a0a-91b7-4d126a386491|rpc:10.1.0.43:34649|dataStream:10.1.0.43:38237|priority:1|startupRole:FOLLOWER, d47a9118-a689-402c-b263-2bea1a811f25|rpc:10.1.0.43:39221|dataStream:10.1.0.43:38769|priority:0|startupRole:FOLLOWER, 85bc4c93-8919-4d90-bdda-716e90a765bf|rpc:10.1.0.43:40269|dataStream:10.1.0.43:36907|priority:0|startupRole:FOLLOWER]|listeners:[], old=null
2023-02-16 22:43:11,651 [d47a9118-a689-402c-b263-2bea1a811f25-server-thread2] INFO  segmented.SegmentedRaftLogWorker (SegmentedRaftLogWorker.java:startLogSegment(452)) - d47a9118-a689-402c-b263-2bea1a811f25@group-F5246A9C6574-SegmentedRaftLogWorker: Starting segment from index:0
2023-02-16 22:43:11,653 [d47a9118-a689-402c-b263-2bea1a811f25@group-F5246A9C6574-SegmentedRaftLogWorker] INFO  segmented.SegmentedRaftLogWorker (SegmentedRaftLogWorker.java:execute(656)) - d47a9118-a689-402c-b263-2bea1a811f25@group-F5246A9C6574-SegmentedRaftLogWorker: created new log segment /home/runner/work/ozone/ozone/hadoop-ozone/integration-test/target/test-dir/MiniOzoneClusterImpl-e104f6e4-c147-46af-9a65-8b38e2aa4633/datanode-2/data/ratis/0d8cd3b7-e921-433d-9a06-f5246a9c6574/current/log_inprogress_0
2023-02-16 22:43:11,654 [85bc4c93-8919-4d90-bdda-716e90a765bf@group-F5246A9C6574-SegmentedRaftLogWorker] INFO  segmented.SegmentedRaftLogWorker (SegmentedRaftLogWorker.java:execute(656)) - 85bc4c93-8919-4d90-bdda-716e90a765bf@group-F5246A9C6574-SegmentedRaftLogWorker: created new log segment /home/runner/work/ozone/ozone/hadoop-ozone/integration-test/target/test-dir/MiniOzoneClusterImpl-e104f6e4-c147-46af-9a65-8b38e2aa4633/datanode-0/data/ratis/0d8cd3b7-e921-433d-9a06-f5246a9c6574/current/log_inprogress_0
2023-02-16 22:43:11,675 [85bc4c93-8919-4d90-bdda-716e90a765bf@group-0C490C4DB558-FollowerState] INFO  impl.FollowerState (FollowerState.java:run(143)) - 85bc4c93-8919-4d90-bdda-716e90a765bf@group-0C490C4DB558-FollowerState: change to CANDIDATE, lastRpcElapsedTime:5141188002ns, electionTimeout:5105ms
2023-02-16 22:43:11,675 [85bc4c93-8919-4d90-bdda-716e90a765bf@group-0C490C4DB558-FollowerState] INFO  impl.RoleInfo (RoleInfo.java:shutdownFollowerState(110)) - 85bc4c93-8919-4d90-bdda-716e90a765bf: shutdown 85bc4c93-8919-4d90-bdda-716e90a765bf@group-0C490C4DB558-FollowerState
2023-02-16 22:43:11,675 [85bc4c93-8919-4d90-bdda-716e90a765bf@group-0C490C4DB558-FollowerState] INFO  server.RaftServer$Division (RaftServerImpl.java:setRole(321)) - 85bc4c93-8919-4d90-bdda-716e90a765bf@group-0C490C4DB558: changes role from  FOLLOWER to CANDIDATE at term 0 for changeToCandidate
2023-02-16 22:43:11,681 [85bc4c93-8919-4d90-bdda-716e90a765bf@group-0C490C4DB558-FollowerState] INFO  server.RaftServerConfigKeys (ConfUtils.java:logGet(46)) - raft.server.leaderelection.pre-vote = true (default)
2023-02-16 22:43:11,682 [85bc4c93-8919-4d90-bdda-716e90a765bf@group-0C490C4DB558-FollowerState] INFO  impl.RoleInfo (RoleInfo.java:updateAndGet(139)) - 85bc4c93-8919-4d90-bdda-716e90a765bf: start 85bc4c93-8919-4d90-bdda-716e90a765bf@group-0C490C4DB558-LeaderElection6
2023-02-16 22:43:11,701 [85bc4c93-8919-4d90-bdda-716e90a765bf@group-0C490C4DB558-LeaderElection6] INFO  impl.LeaderElection (LeaderElection.java:askForVotes(312)) - 85bc4c93-8919-4d90-bdda-716e90a765bf@group-0C490C4DB558-LeaderElection6 PRE_VOTE round 0: submit vote requests at term 0 for -1: peers:[2a62309e-ec6c-4a0a-91b7-4d126a386491|rpc:10.1.0.43:34649|dataStream:10.1.0.43:38237|priority:0|startupRole:FOLLOWER, 85bc4c93-8919-4d90-bdda-716e90a765bf|rpc:10.1.0.43:40269|dataStream:10.1.0.43:36907|priority:1|startupRole:FOLLOWER, d47a9118-a689-402c-b263-2bea1a811f25|rpc:10.1.0.43:39221|dataStream:10.1.0.43:38769|priority:0|startupRole:FOLLOWER]|listeners:[], old=null
2023-02-16 22:43:11,705 [85bc4c93-8919-4d90-bdda-716e90a765bf@group-0C490C4DB558-LeaderElection6] INFO  server.RaftServerConfigKeys (ConfUtils.java:logFallback(53)) - raft.server.rpc.first-election.timeout.min = 5s (fallback to raft.server.rpc.timeout.min)
2023-02-16 22:43:11,705 [85bc4c93-8919-4d90-bdda-716e90a765bf@group-0C490C4DB558-LeaderElection6] INFO  server.RaftServerConfigKeys (ConfUtils.java:logFallback(53)) - raft.server.rpc.first-election.timeout.max = 5200ms (fallback to raft.server.rpc.timeout.max)
2023-02-16 22:43:11,707 [grpc-default-executor-3] INFO  server.RaftServer$Division (RaftServerImpl.java:requestVote(1218)) - 2a62309e-ec6c-4a0a-91b7-4d126a386491@group-0C490C4DB558: receive requestVote(PRE_VOTE, 85bc4c93-8919-4d90-bdda-716e90a765bf, group-0C490C4DB558, 0, (t:0, i:0))
2023-02-16 22:43:11,709 [grpc-default-executor-3] INFO  impl.VoteContext (VoteContext.java:log(49)) - 2a62309e-ec6c-4a0a-91b7-4d126a386491@group-0C490C4DB558-FOLLOWER: accept PRE_VOTE from 85bc4c93-8919-4d90-bdda-716e90a765bf: our priority 0 <= candidate's priority 1
2023-02-16 22:43:11,710 [grpc-default-executor-3] INFO  server.RaftServer$Division (RaftServerImpl.java:requestVote(1251)) - 2a62309e-ec6c-4a0a-91b7-4d126a386491@group-0C490C4DB558 replies to PRE_VOTE vote request: 85bc4c93-8919-4d90-bdda-716e90a765bf<-2a62309e-ec6c-4a0a-91b7-4d126a386491#0:OK-t0. Peer's state: 2a62309e-ec6c-4a0a-91b7-4d126a386491@group-0C490C4DB558:t0, leader=null, voted=, raftlog=Memoized:2a62309e-ec6c-4a0a-91b7-4d126a386491@group-0C490C4DB558-SegmentedRaftLog:OPENED:c-1, conf=-1: peers:[2a62309e-ec6c-4a0a-91b7-4d126a386491|rpc:10.1.0.43:34649|dataStream:10.1.0.43:38237|priority:0|startupRole:FOLLOWER, 85bc4c93-8919-4d90-bdda-716e90a765bf|rpc:10.1.0.43:40269|dataStream:10.1.0.43:36907|priority:1|startupRole:FOLLOWER, d47a9118-a689-402c-b263-2bea1a811f25|rpc:10.1.0.43:39221|dataStream:10.1.0.43:38769|priority:0|startupRole:FOLLOWER]|listeners:[], old=null
2023-02-16 22:43:11,713 [grpc-default-executor-1] INFO  server.RaftServer$Division (RaftServerImpl.java:requestVote(1218)) - d47a9118-a689-402c-b263-2bea1a811f25@group-0C490C4DB558: receive requestVote(PRE_VOTE, 85bc4c93-8919-4d90-bdda-716e90a765bf, group-0C490C4DB558, 0, (t:0, i:0))
2023-02-16 22:43:11,713 [grpc-default-executor-1] INFO  impl.VoteContext (VoteContext.java:log(49)) - d47a9118-a689-402c-b263-2bea1a811f25@group-0C490C4DB558-FOLLOWER: accept PRE_VOTE from 85bc4c93-8919-4d90-bdda-716e90a765bf: our priority 0 <= candidate's priority 1
2023-02-16 22:43:11,713 [grpc-default-executor-1] INFO  server.RaftServer$Division (RaftServerImpl.java:requestVote(1251)) - d47a9118-a689-402c-b263-2bea1a811f25@group-0C490C4DB558 replies to PRE_VOTE vote request: 85bc4c93-8919-4d90-bdda-716e90a765bf<-d47a9118-a689-402c-b263-2bea1a811f25#0:OK-t0. Peer's state: d47a9118-a689-402c-b263-2bea1a811f25@group-0C490C4DB558:t0, leader=null, voted=, raftlog=Memoized:d47a9118-a689-402c-b263-2bea1a811f25@group-0C490C4DB558-SegmentedRaftLog:OPENED:c-1, conf=-1: peers:[2a62309e-ec6c-4a0a-91b7-4d126a386491|rpc:10.1.0.43:34649|dataStream:10.1.0.43:38237|priority:0|startupRole:FOLLOWER, 85bc4c93-8919-4d90-bdda-716e90a765bf|rpc:10.1.0.43:40269|dataStream:10.1.0.43:36907|priority:1|startupRole:FOLLOWER, d47a9118-a689-402c-b263-2bea1a811f25|rpc:10.1.0.43:39221|dataStream:10.1.0.43:38769|priority:0|startupRole:FOLLOWER]|listeners:[], old=null
2023-02-16 22:43:11,714 [85bc4c93-8919-4d90-bdda-716e90a765bf@group-0C490C4DB558-LeaderElection6] INFO  impl.LeaderElection (LeaderElection.java:logAndReturn(90)) - 85bc4c93-8919-4d90-bdda-716e90a765bf@group-0C490C4DB558-LeaderElection6: PRE_VOTE PASSED received 1 response(s) and 0 exception(s):
2023-02-16 22:43:11,715 [85bc4c93-8919-4d90-bdda-716e90a765bf@group-0C490C4DB558-LeaderElection6] INFO  impl.LeaderElection (LeaderElection.java:logAndReturn(94)) -   Response 0: 85bc4c93-8919-4d90-bdda-716e90a765bf<-d47a9118-a689-402c-b263-2bea1a811f25#0:OK-t0
2023-02-16 22:43:11,715 [85bc4c93-8919-4d90-bdda-716e90a765bf@group-0C490C4DB558-LeaderElection6] INFO  impl.LeaderElection (LeaderElection.java:askForVotes(314)) - 85bc4c93-8919-4d90-bdda-716e90a765bf@group-0C490C4DB558-LeaderElection6 PRE_VOTE round 0: result PASSED
2023-02-16 22:43:11,721 [85bc4c93-8919-4d90-bdda-716e90a765bf@group-0C490C4DB558-LeaderElection6] INFO  impl.LeaderElection (LeaderElection.java:askForVotes(312)) - 85bc4c93-8919-4d90-bdda-716e90a765bf@group-0C490C4DB558-LeaderElection6 ELECTION round 0: submit vote requests at term 1 for -1: peers:[2a62309e-ec6c-4a0a-91b7-4d126a386491|rpc:10.1.0.43:34649|dataStream:10.1.0.43:38237|priority:0|startupRole:FOLLOWER, 85bc4c93-8919-4d90-bdda-716e90a765bf|rpc:10.1.0.43:40269|dataStream:10.1.0.43:36907|priority:1|startupRole:FOLLOWER, d47a9118-a689-402c-b263-2bea1a811f25|rpc:10.1.0.43:39221|dataStream:10.1.0.43:38769|priority:0|startupRole:FOLLOWER]|listeners:[], old=null
2023-02-16 22:43:11,725 [85bc4c93-8919-4d90-bdda-716e90a765bf@group-0C490C4DB558-LeaderElection6] INFO  server.RaftServerConfigKeys (ConfUtils.java:logFallback(53)) - raft.server.rpc.first-election.timeout.min = 5s (fallback to raft.server.rpc.timeout.min)
2023-02-16 22:43:11,725 [85bc4c93-8919-4d90-bdda-716e90a765bf@group-0C490C4DB558-LeaderElection6] INFO  server.RaftServerConfigKeys (ConfUtils.java:logFallback(53)) - raft.server.rpc.first-election.timeout.max = 5200ms (fallback to raft.server.rpc.timeout.max)
2023-02-16 22:43:11,728 [grpc-default-executor-1] INFO  server.RaftServer$Division (RaftServerImpl.java:requestVote(1218)) - 2a62309e-ec6c-4a0a-91b7-4d126a386491@group-0C490C4DB558: receive requestVote(ELECTION, 85bc4c93-8919-4d90-bdda-716e90a765bf, group-0C490C4DB558, 1, (t:0, i:0))
2023-02-16 22:43:11,730 [grpc-default-executor-1] INFO  impl.VoteContext (VoteContext.java:log(49)) - 2a62309e-ec6c-4a0a-91b7-4d126a386491@group-0C490C4DB558-FOLLOWER: accept ELECTION from 85bc4c93-8919-4d90-bdda-716e90a765bf: our priority 0 <= candidate's priority 1
2023-02-16 22:43:11,730 [grpc-default-executor-1] INFO  server.RaftServer$Division (RaftServerImpl.java:setRole(321)) - 2a62309e-ec6c-4a0a-91b7-4d126a386491@group-0C490C4DB558: changes role from  FOLLOWER to FOLLOWER at term 1 for candidate:85bc4c93-8919-4d90-bdda-716e90a765bf
2023-02-16 22:43:11,730 [grpc-default-executor-1] INFO  impl.RoleInfo (RoleInfo.java:shutdownFollowerState(110)) - 2a62309e-ec6c-4a0a-91b7-4d126a386491: shutdown 2a62309e-ec6c-4a0a-91b7-4d126a386491@group-0C490C4DB558-FollowerState
2023-02-16 22:43:11,730 [2a62309e-ec6c-4a0a-91b7-4d126a386491@group-0C490C4DB558-FollowerState] INFO  impl.FollowerState (FollowerState.java:run(152)) - 2a62309e-ec6c-4a0a-91b7-4d126a386491@group-0C490C4DB558-FollowerState was interrupted
2023-02-16 22:43:11,731 [grpc-default-executor-1] INFO  impl.RoleInfo (RoleInfo.java:updateAndGet(139)) - 2a62309e-ec6c-4a0a-91b7-4d126a386491: start 2a62309e-ec6c-4a0a-91b7-4d126a386491@group-0C490C4DB558-FollowerState
2023-02-16 22:43:11,735 [2a62309e-ec6c-4a0a-91b7-4d126a386491@group-0C490C4DB558-FollowerState] INFO  server.RaftServerConfigKeys (ConfUtils.java:logFallback(53)) - raft.server.rpc.first-election.timeout.min = 5s (fallback to raft.server.rpc.timeout.min)
2023-02-16 22:43:11,735 [grpc-default-executor-3] INFO  server.RaftServer$Division (RaftServerImpl.java:requestVote(1218)) - d47a9118-a689-402c-b263-2bea1a811f25@group-0C490C4DB558: receive requestVote(ELECTION, 85bc4c93-8919-4d90-bdda-716e90a765bf, group-0C490C4DB558, 1, (t:0, i:0))
2023-02-16 22:43:11,736 [grpc-default-executor-3] INFO  impl.VoteContext (VoteContext.java:log(49)) - d47a9118-a689-402c-b263-2bea1a811f25@group-0C490C4DB558-FOLLOWER: accept ELECTION from 85bc4c93-8919-4d90-bdda-716e90a765bf: our priority 0 <= candidate's priority 1
2023-02-16 22:43:11,736 [grpc-default-executor-3] INFO  server.RaftServer$Division (RaftServerImpl.java:setRole(321)) - d47a9118-a689-402c-b263-2bea1a811f25@group-0C490C4DB558: changes role from  FOLLOWER to FOLLOWER at term 1 for candidate:85bc4c93-8919-4d90-bdda-716e90a765bf
2023-02-16 22:43:11,736 [grpc-default-executor-3] INFO  impl.RoleInfo (RoleInfo.java:shutdownFollowerState(110)) - d47a9118-a689-402c-b263-2bea1a811f25: shutdown d47a9118-a689-402c-b263-2bea1a811f25@group-0C490C4DB558-FollowerState
2023-02-16 22:43:11,736 [d47a9118-a689-402c-b263-2bea1a811f25@group-0C490C4DB558-FollowerState] INFO  impl.FollowerState (FollowerState.java:run(152)) - d47a9118-a689-402c-b263-2bea1a811f25@group-0C490C4DB558-FollowerState was interrupted
2023-02-16 22:43:11,737 [grpc-default-executor-1] INFO  server.RaftServer$Division (RaftServerImpl.java:requestVote(1251)) - 2a62309e-ec6c-4a0a-91b7-4d126a386491@group-0C490C4DB558 replies to ELECTION vote request: 85bc4c93-8919-4d90-bdda-716e90a765bf<-2a62309e-ec6c-4a0a-91b7-4d126a386491#0:OK-t1. Peer's state: 2a62309e-ec6c-4a0a-91b7-4d126a386491@group-0C490C4DB558:t1, leader=null, voted=85bc4c93-8919-4d90-bdda-716e90a765bf, raftlog=Memoized:2a62309e-ec6c-4a0a-91b7-4d126a386491@group-0C490C4DB558-SegmentedRaftLog:OPENED:c-1, conf=-1: peers:[2a62309e-ec6c-4a0a-91b7-4d126a386491|rpc:10.1.0.43:34649|dataStream:10.1.0.43:38237|priority:0|startupRole:FOLLOWER, 85bc4c93-8919-4d90-bdda-716e90a765bf|rpc:10.1.0.43:40269|dataStream:10.1.0.43:36907|priority:1|startupRole:FOLLOWER, d47a9118-a689-402c-b263-2bea1a811f25|rpc:10.1.0.43:39221|dataStream:10.1.0.43:38769|priority:0|startupRole:FOLLOWER]|listeners:[], old=null
2023-02-16 22:43:11,735 [2a62309e-ec6c-4a0a-91b7-4d126a386491@group-0C490C4DB558-FollowerState] INFO  server.RaftServerConfigKeys (ConfUtils.java:logFallback(53)) - raft.server.rpc.first-election.timeout.max = 5200ms (fallback to raft.server.rpc.timeout.max)
2023-02-16 22:43:11,738 [85bc4c93-8919-4d90-bdda-716e90a765bf@group-0C490C4DB558-LeaderElection6] INFO  impl.LeaderElection (LeaderElection.java:logAndReturn(90)) - 85bc4c93-8919-4d90-bdda-716e90a765bf@group-0C490C4DB558-LeaderElection6: ELECTION PASSED received 1 response(s) and 0 exception(s):
2023-02-16 22:43:11,739 [85bc4c93-8919-4d90-bdda-716e90a765bf@group-0C490C4DB558-LeaderElection6] INFO  impl.LeaderElection (LeaderElection.java:logAndReturn(94)) -   Response 0: 85bc4c93-8919-4d90-bdda-716e90a765bf<-2a62309e-ec6c-4a0a-91b7-4d126a386491#0:OK-t1
2023-02-16 22:43:11,739 [85bc4c93-8919-4d90-bdda-716e90a765bf@group-0C490C4DB558-LeaderElection6] INFO  impl.LeaderElection (LeaderElection.java:askForVotes(314)) - 85bc4c93-8919-4d90-bdda-716e90a765bf@group-0C490C4DB558-LeaderElection6 ELECTION round 0: result PASSED
2023-02-16 22:43:11,739 [85bc4c93-8919-4d90-bdda-716e90a765bf@group-0C490C4DB558-LeaderElection6] INFO  impl.RoleInfo (RoleInfo.java:shutdownLeaderElection(130)) - 85bc4c93-8919-4d90-bdda-716e90a765bf: shutdown 85bc4c93-8919-4d90-bdda-716e90a765bf@group-0C490C4DB558-LeaderElection6
2023-02-16 22:43:11,739 [85bc4c93-8919-4d90-bdda-716e90a765bf@group-0C490C4DB558-LeaderElection6] INFO  server.RaftServer$Division (RaftServerImpl.java:setRole(321)) - 85bc4c93-8919-4d90-bdda-716e90a765bf@group-0C490C4DB558: changes role from CANDIDATE to LEADER at term 1 for changeToLeader
2023-02-16 22:43:11,740 [85bc4c93-8919-4d90-bdda-716e90a765bf@group-0C490C4DB558-LeaderElection6] INFO  ratis.XceiverServerRatis (XceiverServerRatis.java:handleLeaderChangedNotification(905)) - Leader change notification received for group: group-0C490C4DB558 with new leaderId: 85bc4c93-8919-4d90-bdda-716e90a765bf
2023-02-16 22:43:11,740 [85bc4c93-8919-4d90-bdda-716e90a765bf@group-0C490C4DB558-LeaderElection6] INFO  server.RaftServer$Division (ServerState.java:setLeader(313)) - 85bc4c93-8919-4d90-bdda-716e90a765bf@group-0C490C4DB558: change Leader from null to 85bc4c93-8919-4d90-bdda-716e90a765bf at term 1 for becomeLeader, leader elected after 5252ms
2023-02-16 22:43:11,740 [85bc4c93-8919-4d90-bdda-716e90a765bf@group-0C490C4DB558-LeaderElection6] INFO  server.RaftServerConfigKeys (ConfUtils.java:logGet(46)) - raft.server.staging.catchup.gap = 1000 (default)
2023-02-16 22:43:11,741 [85bc4c93-8919-4d90-bdda-716e90a765bf@group-0C490C4DB558-LeaderElection6] INFO  server.RaftServerConfigKeys (ConfUtils.java:logGet(46)) - raft.server.write.element-limit = 1024 (custom)
2023-02-16 22:43:11,741 [85bc4c93-8919-4d90-bdda-716e90a765bf@group-0C490C4DB558-LeaderElection6] INFO  server.RaftServerConfigKeys (ConfUtils.java:logGet(46)) - raft.server.write.byte-limit = 1024 M (=1073741824) (custom)
2023-02-16 22:43:11,741 [85bc4c93-8919-4d90-bdda-716e90a765bf@group-0C490C4DB558-LeaderElection6] INFO  server.RaftServerConfigKeys (ConfUtils.java:logGet(46)) - raft.server.watch.timeout = 10000ms (default)
2023-02-16 22:43:11,741 [85bc4c93-8919-4d90-bdda-716e90a765bf@group-0C490C4DB558-LeaderElection6] INFO  server.RaftServerConfigKeys (ConfUtils.java:logGet(46)) - raft.server.watch.timeout.denomination = 1s (default)
2023-02-16 22:43:11,741 [85bc4c93-8919-4d90-bdda-716e90a765bf@group-0C490C4DB558-LeaderElection6] INFO  server.RaftServerConfigKeys (ConfUtils.java:logGet(46)) - raft.server.watch.element-limit = 65536 (default)
2023-02-16 22:43:11,742 [85bc4c93-8919-4d90-bdda-716e90a765bf@group-0C490C4DB558-LeaderElection6] INFO  server.RaftServerConfigKeys (ConfUtils.java:logGet(46)) - raft.server.write.element-limit = 1024 (custom)
2023-02-16 22:43:11,742 [85bc4c93-8919-4d90-bdda-716e90a765bf@group-0C490C4DB558-LeaderElection6] INFO  server.RaftServerConfigKeys (ConfUtils.java:logGet(46)) - raft.server.write.follower.gap.ratio.max = -1.0 (default)
2023-02-16 22:43:11,739 [grpc-default-executor-3] INFO  impl.RoleInfo (RoleInfo.java:updateAndGet(139)) - d47a9118-a689-402c-b263-2bea1a811f25: start d47a9118-a689-402c-b263-2bea1a811f25@group-0C490C4DB558-FollowerState
2023-02-16 22:43:11,742 [85bc4c93-8919-4d90-bdda-716e90a765bf@group-0C490C4DB558-LeaderElection6] INFO  server.RaftServerConfigKeys (ConfUtils.java:logGet(46)) - raft.server.log.appender.snapshot.chunk.size.max = 16MB (=16777216) (default)
2023-02-16 22:43:11,743 [85bc4c93-8919-4d90-bdda-716e90a765bf@group-0C490C4DB558-LeaderElection6] INFO  server.RaftServerConfigKeys (ConfUtils.java:logGet(46)) - raft.server.log.appender.buffer.byte-limit = 33554432 (custom)
2023-02-16 22:43:11,743 [85bc4c93-8919-4d90-bdda-716e90a765bf@group-0C490C4DB558-LeaderElection6] INFO  server.RaftServerConfigKeys (ConfUtils.java:logGet(46)) - raft.server.log.appender.buffer.element-limit = 1 (custom)
2023-02-16 22:43:11,745 [EventQueue-PipelineReportForPipelineReportHandler] INFO  pipeline.PipelineManagerImpl (PipelineManagerImpl.java:openPipeline(367)) - Pipeline Pipeline[ Id: 887328f1-0fe5-4a1e-ad40-0c490c4db558, Nodes: 85bc4c93-8919-4d90-bdda-716e90a765bf(fv-az571-511/10.1.0.43)d47a9118-a689-402c-b263-2bea1a811f25(fv-az571-511/10.1.0.43)2a62309e-ec6c-4a0a-91b7-4d126a386491(fv-az571-511/10.1.0.43), ReplicationConfig: RATIS/THREE, State:ALLOCATED, leaderId:85bc4c93-8919-4d90-bdda-716e90a765bf, CreationTimestamp2023-02-16T22:43:03.660Z[Etc/UTC]] moved to OPEN state
2023-02-16 22:43:11,745 [85bc4c93-8919-4d90-bdda-716e90a765bf@group-0C490C4DB558-LeaderElection6] INFO  grpc.GrpcConfigKeys (ConfUtils.java:logGet(46)) - raft.grpc.server.leader.outstanding.appends.max = 128 (default)
2023-02-16 22:43:11,747 [85bc4c93-8919-4d90-bdda-716e90a765bf@group-0C490C4DB558-LeaderElection6] INFO  server.RaftServerConfigKeys (ConfUtils.java:logGet(46)) - raft.server.rpc.request.timeout = 3000ms (default)
2023-02-16 22:43:11,747 [85bc4c93-8919-4d90-bdda-716e90a765bf@group-0C490C4DB558-LeaderElection6] INFO  server.RaftServerConfigKeys (ConfUtils.java:logGet(46)) - raft.server.log.appender.install.snapshot.enabled = false (custom)
2023-02-16 22:43:11,747 [85bc4c93-8919-4d90-bdda-716e90a765bf@group-0C490C4DB558-LeaderElection6] INFO  grpc.GrpcConfigKeys (ConfUtils.java:logGet(46)) - raft.grpc.server.heartbeat.channel = true (default)
2023-02-16 22:43:11,747 [85bc4c93-8919-4d90-bdda-716e90a765bf@group-0C490C4DB558-LeaderElection6] INFO  server.RaftServerConfigKeys (ConfUtils.java:logGet(46)) - raft.server.log.appender.wait-time.min = 10ms (default)
2023-02-16 22:43:11,748 [85bc4c93-8919-4d90-bdda-716e90a765bf@group-0C490C4DB558-LeaderElection6] INFO  server.RaftServerConfigKeys (ConfUtils.java:logGet(46)) - raft.server.log.appender.snapshot.chunk.size.max = 16MB (=16777216) (default)
2023-02-16 22:43:11,748 [85bc4c93-8919-4d90-bdda-716e90a765bf@group-0C490C4DB558-LeaderElection6] INFO  server.RaftServerConfigKeys (ConfUtils.java:logGet(46)) - raft.server.log.appender.buffer.byte-limit = 33554432 (custom)
2023-02-16 22:43:11,748 [85bc4c93-8919-4d90-bdda-716e90a765bf@group-0C490C4DB558-LeaderElection6] INFO  server.RaftServerConfigKeys (ConfUtils.java:logGet(46)) - raft.server.log.appender.buffer.element-limit = 1 (custom)
2023-02-16 22:43:11,748 [85bc4c93-8919-4d90-bdda-716e90a765bf@group-0C490C4DB558-LeaderElection6] INFO  grpc.GrpcConfigKeys (ConfUtils.java:logGet(46)) - raft.grpc.server.leader.outstanding.appends.max = 128 (default)
2023-02-16 22:43:11,748 [85bc4c93-8919-4d90-bdda-716e90a765bf@group-0C490C4DB558-LeaderElection6] INFO  server.RaftServerConfigKeys (ConfUtils.java:logGet(46)) - raft.server.rpc.request.timeout = 3000ms (default)
2023-02-16 22:43:11,748 [85bc4c93-8919-4d90-bdda-716e90a765bf@group-0C490C4DB558-LeaderElection6] INFO  server.RaftServerConfigKeys (ConfUtils.java:logGet(46)) - raft.server.log.appender.install.snapshot.enabled = false (custom)
2023-02-16 22:43:11,748 [85bc4c93-8919-4d90-bdda-716e90a765bf@group-0C490C4DB558-LeaderElection6] INFO  grpc.GrpcConfigKeys (ConfUtils.java:logGet(46)) - raft.grpc.server.heartbeat.channel = true (default)
2023-02-16 22:43:11,748 [85bc4c93-8919-4d90-bdda-716e90a765bf@group-0C490C4DB558-LeaderElection6] INFO  server.RaftServerConfigKeys (ConfUtils.java:logGet(46)) - raft.server.log.appender.wait-time.min = 10ms (default)
2023-02-16 22:43:11,748 [d47a9118-a689-402c-b263-2bea1a811f25@group-0C490C4DB558-FollowerState] INFO  server.RaftServerConfigKeys (ConfUtils.java:logFallback(53)) - raft.server.rpc.first-election.timeout.min = 5s (fallback to raft.server.rpc.timeout.min)
2023-02-16 22:43:11,746 [grpc-default-executor-3] INFO  server.RaftServer$Division (RaftServerImpl.java:requestVote(1251)) - d47a9118-a689-402c-b263-2bea1a811f25@group-0C490C4DB558 replies to ELECTION vote request: 85bc4c93-8919-4d90-bdda-716e90a765bf<-d47a9118-a689-402c-b263-2bea1a811f25#0:OK-t1. Peer's state: d47a9118-a689-402c-b263-2bea1a811f25@group-0C490C4DB558:t1, leader=null, voted=85bc4c93-8919-4d90-bdda-716e90a765bf, raftlog=Memoized:d47a9118-a689-402c-b263-2bea1a811f25@group-0C490C4DB558-SegmentedRaftLog:OPENED:c-1, conf=-1: peers:[2a62309e-ec6c-4a0a-91b7-4d126a386491|rpc:10.1.0.43:34649|dataStream:10.1.0.43:38237|priority:0|startupRole:FOLLOWER, 85bc4c93-8919-4d90-bdda-716e90a765bf|rpc:10.1.0.43:40269|dataStream:10.1.0.43:36907|priority:1|startupRole:FOLLOWER, d47a9118-a689-402c-b263-2bea1a811f25|rpc:10.1.0.43:39221|dataStream:10.1.0.43:38769|priority:0|startupRole:FOLLOWER]|listeners:[], old=null
2023-02-16 22:43:11,749 [85bc4c93-8919-4d90-bdda-716e90a765bf@group-0C490C4DB558-LeaderElection6] INFO  impl.RoleInfo (RoleInfo.java:updateAndGet(139)) - 85bc4c93-8919-4d90-bdda-716e90a765bf: start 85bc4c93-8919-4d90-bdda-716e90a765bf@group-0C490C4DB558-LeaderStateImpl
2023-02-16 22:43:11,752 [d47a9118-a689-402c-b263-2bea1a811f25@group-0C490C4DB558-FollowerState] INFO  server.RaftServerConfigKeys (ConfUtils.java:logFallback(53)) - raft.server.rpc.first-election.timeout.max = 5200ms (fallback to raft.server.rpc.timeout.max)
2023-02-16 22:43:11,752 [85bc4c93-8919-4d90-bdda-716e90a765bf@group-0C490C4DB558-LeaderElection6] INFO  segmented.SegmentedRaftLogWorker (SegmentedRaftLogWorker.java:startLogSegment(452)) - 85bc4c93-8919-4d90-bdda-716e90a765bf@group-0C490C4DB558-SegmentedRaftLogWorker: Starting segment from index:0
2023-02-16 22:43:11,755 [85bc4c93-8919-4d90-bdda-716e90a765bf@group-0C490C4DB558-SegmentedRaftLogWorker] INFO  segmented.SegmentedRaftLogWorker (SegmentedRaftLogWorker.java:execute(656)) - 85bc4c93-8919-4d90-bdda-716e90a765bf@group-0C490C4DB558-SegmentedRaftLogWorker: created new log segment /home/runner/work/ozone/ozone/hadoop-ozone/integration-test/target/test-dir/MiniOzoneClusterImpl-e104f6e4-c147-46af-9a65-8b38e2aa4633/datanode-0/data/ratis/887328f1-0fe5-4a1e-ad40-0c490c4db558/current/log_inprogress_0
2023-02-16 22:43:11,761 [85bc4c93-8919-4d90-bdda-716e90a765bf@group-0C490C4DB558-LeaderElection6] INFO  server.RaftServer$Division (ServerState.java:setRaftConf(430)) - 85bc4c93-8919-4d90-bdda-716e90a765bf@group-0C490C4DB558: set configuration 0: peers:[2a62309e-ec6c-4a0a-91b7-4d126a386491|rpc:10.1.0.43:34649|dataStream:10.1.0.43:38237|priority:0|startupRole:FOLLOWER, 85bc4c93-8919-4d90-bdda-716e90a765bf|rpc:10.1.0.43:40269|dataStream:10.1.0.43:36907|priority:1|startupRole:FOLLOWER, d47a9118-a689-402c-b263-2bea1a811f25|rpc:10.1.0.43:39221|dataStream:10.1.0.43:38769|priority:0|startupRole:FOLLOWER]|listeners:[], old=null
2023-02-16 22:43:11,803 [d47a9118-a689-402c-b263-2bea1a811f25-server-thread1] INFO  ratis.XceiverServerRatis (XceiverServerRatis.java:handleLeaderChangedNotification(905)) - Leader change notification received for group: group-0C490C4DB558 with new leaderId: 85bc4c93-8919-4d90-bdda-716e90a765bf
2023-02-16 22:43:11,803 [d47a9118-a689-402c-b263-2bea1a811f25-server-thread1] INFO  server.RaftServer$Division (ServerState.java:setLeader(313)) - d47a9118-a689-402c-b263-2bea1a811f25@group-0C490C4DB558: change Leader from null to 85bc4c93-8919-4d90-bdda-716e90a765bf at term 1 for appendEntries, leader elected after 5216ms
2023-02-16 22:43:11,803 [2a62309e-ec6c-4a0a-91b7-4d126a386491-server-thread1] INFO  ratis.XceiverServerRatis (XceiverServerRatis.java:handleLeaderChangedNotification(905)) - Leader change notification received for group: group-0C490C4DB558 with new leaderId: 85bc4c93-8919-4d90-bdda-716e90a765bf
2023-02-16 22:43:11,806 [2a62309e-ec6c-4a0a-91b7-4d126a386491-server-thread1] INFO  server.RaftServer$Division (ServerState.java:setLeader(313)) - 2a62309e-ec6c-4a0a-91b7-4d126a386491@group-0C490C4DB558: change Leader from null to 85bc4c93-8919-4d90-bdda-716e90a765bf at term 1 for appendEntries, leader elected after 5273ms
2023-02-16 22:43:11,811 [d47a9118-a689-402c-b263-2bea1a811f25-server-thread2] INFO  server.RaftServer$Division (ServerState.java:setRaftConf(430)) - d47a9118-a689-402c-b263-2bea1a811f25@group-0C490C4DB558: set configuration 0: peers:[2a62309e-ec6c-4a0a-91b7-4d126a386491|rpc:10.1.0.43:34649|dataStream:10.1.0.43:38237|priority:0|startupRole:FOLLOWER, 85bc4c93-8919-4d90-bdda-716e90a765bf|rpc:10.1.0.43:40269|dataStream:10.1.0.43:36907|priority:1|startupRole:FOLLOWER, d47a9118-a689-402c-b263-2bea1a811f25|rpc:10.1.0.43:39221|dataStream:10.1.0.43:38769|priority:0|startupRole:FOLLOWER]|listeners:[], old=null
2023-02-16 22:43:11,811 [d47a9118-a689-402c-b263-2bea1a811f25-server-thread2] INFO  segmented.SegmentedRaftLogWorker (SegmentedRaftLogWorker.java:startLogSegment(452)) - d47a9118-a689-402c-b263-2bea1a811f25@group-0C490C4DB558-SegmentedRaftLogWorker: Starting segment from index:0
2023-02-16 22:43:11,813 [2a62309e-ec6c-4a0a-91b7-4d126a386491-server-thread1] INFO  server.RaftServer$Division (ServerState.java:setRaftConf(430)) - 2a62309e-ec6c-4a0a-91b7-4d126a386491@group-0C490C4DB558: set configuration 0: peers:[2a62309e-ec6c-4a0a-91b7-4d126a386491|rpc:10.1.0.43:34649|dataStream:10.1.0.43:38237|priority:0|startupRole:FOLLOWER, 85bc4c93-8919-4d90-bdda-716e90a765bf|rpc:10.1.0.43:40269|dataStream:10.1.0.43:36907|priority:1|startupRole:FOLLOWER, d47a9118-a689-402c-b263-2bea1a811f25|rpc:10.1.0.43:39221|dataStream:10.1.0.43:38769|priority:0|startupRole:FOLLOWER]|listeners:[], old=null
2023-02-16 22:43:11,821 [2a62309e-ec6c-4a0a-91b7-4d126a386491-server-thread1] INFO  segmented.SegmentedRaftLogWorker (SegmentedRaftLogWorker.java:startLogSegment(452)) - 2a62309e-ec6c-4a0a-91b7-4d126a386491@group-0C490C4DB558-SegmentedRaftLogWorker: Starting segment from index:0
2023-02-16 22:43:11,823 [2a62309e-ec6c-4a0a-91b7-4d126a386491@group-0C490C4DB558-SegmentedRaftLogWorker] INFO  segmented.SegmentedRaftLogWorker (SegmentedRaftLogWorker.java:execute(656)) - 2a62309e-ec6c-4a0a-91b7-4d126a386491@group-0C490C4DB558-SegmentedRaftLogWorker: created new log segment /home/runner/work/ozone/ozone/hadoop-ozone/integration-test/target/test-dir/MiniOzoneClusterImpl-e104f6e4-c147-46af-9a65-8b38e2aa4633/datanode-1/data/ratis/887328f1-0fe5-4a1e-ad40-0c490c4db558/current/log_inprogress_0
2023-02-16 22:43:11,825 [d47a9118-a689-402c-b263-2bea1a811f25@group-0C490C4DB558-SegmentedRaftLogWorker] INFO  segmented.SegmentedRaftLogWorker (SegmentedRaftLogWorker.java:execute(656)) - d47a9118-a689-402c-b263-2bea1a811f25@group-0C490C4DB558-SegmentedRaftLogWorker: created new log segment /home/runner/work/ozone/ozone/hadoop-ozone/integration-test/target/test-dir/MiniOzoneClusterImpl-e104f6e4-c147-46af-9a65-8b38e2aa4633/datanode-2/data/ratis/887328f1-0fe5-4a1e-ad40-0c490c4db558/current/log_inprogress_0
2023-02-16 22:43:11,989 [d47a9118-a689-402c-b263-2bea1a811f25@group-6110A1C92487-FollowerState] INFO  impl.FollowerState (FollowerState.java:run(143)) - d47a9118-a689-402c-b263-2bea1a811f25@group-6110A1C92487-FollowerState: change to CANDIDATE, lastRpcElapsedTime:5085667685ns, electionTimeout:5084ms
2023-02-16 22:43:11,989 [d47a9118-a689-402c-b263-2bea1a811f25@group-6110A1C92487-FollowerState] INFO  impl.RoleInfo (RoleInfo.java:shutdownFollowerState(110)) - d47a9118-a689-402c-b263-2bea1a811f25: shutdown d47a9118-a689-402c-b263-2bea1a811f25@group-6110A1C92487-FollowerState
2023-02-16 22:43:11,989 [d47a9118-a689-402c-b263-2bea1a811f25@group-6110A1C92487-FollowerState] INFO  server.RaftServer$Division (RaftServerImpl.java:setRole(321)) - d47a9118-a689-402c-b263-2bea1a811f25@group-6110A1C92487: changes role from  FOLLOWER to CANDIDATE at term 0 for changeToCandidate
2023-02-16 22:43:11,990 [d47a9118-a689-402c-b263-2bea1a811f25@group-6110A1C92487-FollowerState] INFO  server.RaftServerConfigKeys (ConfUtils.java:logGet(46)) - raft.server.leaderelection.pre-vote = true (default)
2023-02-16 22:43:11,991 [d47a9118-a689-402c-b263-2bea1a811f25@group-6110A1C92487-FollowerState] INFO  impl.RoleInfo (RoleInfo.java:updateAndGet(139)) - d47a9118-a689-402c-b263-2bea1a811f25: start d47a9118-a689-402c-b263-2bea1a811f25@group-6110A1C92487-LeaderElection7
2023-02-16 22:43:11,995 [d47a9118-a689-402c-b263-2bea1a811f25@group-6110A1C92487-LeaderElection7] INFO  impl.LeaderElection (LeaderElection.java:askForVotes(312)) - d47a9118-a689-402c-b263-2bea1a811f25@group-6110A1C92487-LeaderElection7 PRE_VOTE round 0: submit vote requests at term 0 for -1: peers:[d47a9118-a689-402c-b263-2bea1a811f25|rpc:10.1.0.43:39221|dataStream:10.1.0.43:38769|priority:1|startupRole:FOLLOWER]|listeners:[], old=null
2023-02-16 22:43:11,995 [d47a9118-a689-402c-b263-2bea1a811f25@group-6110A1C92487-LeaderElection7] INFO  impl.LeaderElection (LeaderElection.java:askForVotes(314)) - d47a9118-a689-402c-b263-2bea1a811f25@group-6110A1C92487-LeaderElection7 PRE_VOTE round 0: result PASSED (term=0)
2023-02-16 22:43:11,997 [d47a9118-a689-402c-b263-2bea1a811f25@group-6110A1C92487-LeaderElection7] INFO  impl.LeaderElection (LeaderElection.java:askForVotes(312)) - d47a9118-a689-402c-b263-2bea1a811f25@group-6110A1C92487-LeaderElection7 ELECTION round 0: submit vote requests at term 1 for -1: peers:[d47a9118-a689-402c-b263-2bea1a811f25|rpc:10.1.0.43:39221|dataStream:10.1.0.43:38769|priority:1|startupRole:FOLLOWER]|listeners:[], old=null
2023-02-16 22:43:11,997 [d47a9118-a689-402c-b263-2bea1a811f25@group-6110A1C92487-LeaderElection7] INFO  impl.LeaderElection (LeaderElection.java:askForVotes(314)) - d47a9118-a689-402c-b263-2bea1a811f25@group-6110A1C92487-LeaderElection7 ELECTION round 0: result PASSED (term=1)
2023-02-16 22:43:11,997 [d47a9118-a689-402c-b263-2bea1a811f25@group-6110A1C92487-LeaderElection7] INFO  impl.RoleInfo (RoleInfo.java:shutdownLeaderElection(130)) - d47a9118-a689-402c-b263-2bea1a811f25: shutdown d47a9118-a689-402c-b263-2bea1a811f25@group-6110A1C92487-LeaderElection7
2023-02-16 22:43:11,997 [d47a9118-a689-402c-b263-2bea1a811f25@group-6110A1C92487-LeaderElection7] INFO  server.RaftServer$Division (RaftServerImpl.java:setRole(321)) - d47a9118-a689-402c-b263-2bea1a811f25@group-6110A1C92487: changes role from CANDIDATE to LEADER at term 1 for changeToLeader
2023-02-16 22:43:11,997 [d47a9118-a689-402c-b263-2bea1a811f25@group-6110A1C92487-LeaderElection7] INFO  ratis.XceiverServerRatis (XceiverServerRatis.java:handleLeaderChangedNotification(905)) - Leader change notification received for group: group-6110A1C92487 with new leaderId: d47a9118-a689-402c-b263-2bea1a811f25
2023-02-16 22:43:11,997 [d47a9118-a689-402c-b263-2bea1a811f25@group-6110A1C92487-LeaderElection7] INFO  server.RaftServer$Division (ServerState.java:setLeader(313)) - d47a9118-a689-402c-b263-2bea1a811f25@group-6110A1C92487: change Leader from null to d47a9118-a689-402c-b263-2bea1a811f25 at term 1 for becomeLeader, leader elected after 5122ms
2023-02-16 22:43:11,997 [d47a9118-a689-402c-b263-2bea1a811f25@group-6110A1C92487-LeaderElection7] INFO  server.RaftServerConfigKeys (ConfUtils.java:logGet(46)) - raft.server.staging.catchup.gap = 1000 (default)
2023-02-16 22:43:11,999 [d47a9118-a689-402c-b263-2bea1a811f25@group-6110A1C92487-LeaderElection7] INFO  server.RaftServerConfigKeys (ConfUtils.java:logGet(46)) - raft.server.write.element-limit = 1024 (custom)
2023-02-16 22:43:11,999 [d47a9118-a689-402c-b263-2bea1a811f25@group-6110A1C92487-LeaderElection7] INFO  server.RaftServerConfigKeys (ConfUtils.java:logGet(46)) - raft.server.write.byte-limit = 1024 M (=1073741824) (custom)
2023-02-16 22:43:12,000 [d47a9118-a689-402c-b263-2bea1a811f25@group-6110A1C92487-LeaderElection7] INFO  server.RaftServerConfigKeys (ConfUtils.java:logGet(46)) - raft.server.watch.timeout = 10000ms (default)
2023-02-16 22:43:12,000 [d47a9118-a689-402c-b263-2bea1a811f25@group-6110A1C92487-LeaderElection7] INFO  server.RaftServerConfigKeys (ConfUtils.java:logGet(46)) - raft.server.watch.timeout.denomination = 1s (default)
2023-02-16 22:43:12,000 [d47a9118-a689-402c-b263-2bea1a811f25@group-6110A1C92487-LeaderElection7] INFO  server.RaftServerConfigKeys (ConfUtils.java:logGet(46)) - raft.server.watch.element-limit = 65536 (default)
2023-02-16 22:43:12,001 [d47a9118-a689-402c-b263-2bea1a811f25@group-6110A1C92487-LeaderElection7] INFO  server.RaftServerConfigKeys (ConfUtils.java:logGet(46)) - raft.server.write.element-limit = 1024 (custom)
2023-02-16 22:43:12,001 [d47a9118-a689-402c-b263-2bea1a811f25@group-6110A1C92487-LeaderElection7] INFO  server.RaftServerConfigKeys (ConfUtils.java:logGet(46)) - raft.server.write.follower.gap.ratio.max = -1.0 (default)
2023-02-16 22:43:12,002 [d47a9118-a689-402c-b263-2bea1a811f25@group-6110A1C92487-LeaderElection7] INFO  impl.RoleInfo (RoleInfo.java:updateAndGet(139)) - d47a9118-a689-402c-b263-2bea1a811f25: start d47a9118-a689-402c-b263-2bea1a811f25@group-6110A1C92487-LeaderStateImpl
2023-02-16 22:43:12,002 [d47a9118-a689-402c-b263-2bea1a811f25@group-6110A1C92487-LeaderElection7] INFO  segmented.SegmentedRaftLogWorker (SegmentedRaftLogWorker.java:startLogSegment(452)) - d47a9118-a689-402c-b263-2bea1a811f25@group-6110A1C92487-SegmentedRaftLogWorker: Starting segment from index:0
2023-02-16 22:43:12,004 [d47a9118-a689-402c-b263-2bea1a811f25@group-6110A1C92487-SegmentedRaftLogWorker] INFO  segmented.SegmentedRaftLogWorker (SegmentedRaftLogWorker.java:execute(656)) - d47a9118-a689-402c-b263-2bea1a811f25@group-6110A1C92487-SegmentedRaftLogWorker: created new log segment /home/runner/work/ozone/ozone/hadoop-ozone/integration-test/target/test-dir/MiniOzoneClusterImpl-e104f6e4-c147-46af-9a65-8b38e2aa4633/datanode-2/data/ratis/4d932b74-1483-4799-95e6-6110a1c92487/current/log_inprogress_0
2023-02-16 22:43:12,006 [d47a9118-a689-402c-b263-2bea1a811f25@group-6110A1C92487-LeaderElection7] INFO  server.RaftServer$Division (ServerState.java:setRaftConf(430)) - d47a9118-a689-402c-b263-2bea1a811f25@group-6110A1C92487: set configuration 0: peers:[d47a9118-a689-402c-b263-2bea1a811f25|rpc:10.1.0.43:39221|dataStream:10.1.0.43:38769|priority:1|startupRole:FOLLOWER]|listeners:[], old=null
2023-02-16 22:43:12,356 [85dc0855-ecf4-4edb-b404-0334ac503e71@group-A9B1AB4B43F5-FollowerState] INFO  impl.FollowerState (FollowerState.java:run(143)) - 85dc0855-ecf4-4edb-b404-0334ac503e71@group-A9B1AB4B43F5-FollowerState: change to CANDIDATE, lastRpcElapsedTime:5191249299ns, electionTimeout:5186ms
2023-02-16 22:43:12,357 [85dc0855-ecf4-4edb-b404-0334ac503e71@group-A9B1AB4B43F5-FollowerState] INFO  impl.RoleInfo (RoleInfo.java:shutdownFollowerState(110)) - 85dc0855-ecf4-4edb-b404-0334ac503e71: shutdown 85dc0855-ecf4-4edb-b404-0334ac503e71@group-A9B1AB4B43F5-FollowerState
2023-02-16 22:43:12,357 [85dc0855-ecf4-4edb-b404-0334ac503e71@group-A9B1AB4B43F5-FollowerState] INFO  server.RaftServer$Division (RaftServerImpl.java:setRole(321)) - 85dc0855-ecf4-4edb-b404-0334ac503e71@group-A9B1AB4B43F5: changes role from  FOLLOWER to CANDIDATE at term 0 for changeToCandidate
2023-02-16 22:43:12,358 [85dc0855-ecf4-4edb-b404-0334ac503e71@group-A9B1AB4B43F5-FollowerState] INFO  server.RaftServerConfigKeys (ConfUtils.java:logGet(46)) - raft.server.leaderelection.pre-vote = true (default)
2023-02-16 22:43:12,358 [85dc0855-ecf4-4edb-b404-0334ac503e71@group-A9B1AB4B43F5-FollowerState] INFO  impl.RoleInfo (RoleInfo.java:updateAndGet(139)) - 85dc0855-ecf4-4edb-b404-0334ac503e71: start 85dc0855-ecf4-4edb-b404-0334ac503e71@group-A9B1AB4B43F5-LeaderElection8
2023-02-16 22:43:12,362 [85dc0855-ecf4-4edb-b404-0334ac503e71@group-A9B1AB4B43F5-LeaderElection8] INFO  impl.LeaderElection (LeaderElection.java:askForVotes(312)) - 85dc0855-ecf4-4edb-b404-0334ac503e71@group-A9B1AB4B43F5-LeaderElection8 PRE_VOTE round 0: submit vote requests at term 0 for -1: peers:[85dc0855-ecf4-4edb-b404-0334ac503e71|rpc:10.1.0.43:34953|dataStream:10.1.0.43:33181|priority:1|startupRole:FOLLOWER]|listeners:[], old=null
2023-02-16 22:43:12,363 [85dc0855-ecf4-4edb-b404-0334ac503e71@group-A9B1AB4B43F5-LeaderElection8] INFO  impl.LeaderElection (LeaderElection.java:askForVotes(314)) - 85dc0855-ecf4-4edb-b404-0334ac503e71@group-A9B1AB4B43F5-LeaderElection8 PRE_VOTE round 0: result PASSED (term=0)
2023-02-16 22:43:12,364 [85dc0855-ecf4-4edb-b404-0334ac503e71@group-A9B1AB4B43F5-LeaderElection8] INFO  impl.LeaderElection (LeaderElection.java:askForVotes(312)) - 85dc0855-ecf4-4edb-b404-0334ac503e71@group-A9B1AB4B43F5-LeaderElection8 ELECTION round 0: submit vote requests at term 1 for -1: peers:[85dc0855-ecf4-4edb-b404-0334ac503e71|rpc:10.1.0.43:34953|dataStream:10.1.0.43:33181|priority:1|startupRole:FOLLOWER]|listeners:[], old=null
2023-02-16 22:43:12,365 [85dc0855-ecf4-4edb-b404-0334ac503e71@group-A9B1AB4B43F5-LeaderElection8] INFO  impl.LeaderElection (LeaderElection.java:askForVotes(314)) - 85dc0855-ecf4-4edb-b404-0334ac503e71@group-A9B1AB4B43F5-LeaderElection8 ELECTION round 0: result PASSED (term=1)
2023-02-16 22:43:12,365 [85dc0855-ecf4-4edb-b404-0334ac503e71@group-A9B1AB4B43F5-LeaderElection8] INFO  impl.RoleInfo (RoleInfo.java:shutdownLeaderElection(130)) - 85dc0855-ecf4-4edb-b404-0334ac503e71: shutdown 85dc0855-ecf4-4edb-b404-0334ac503e71@group-A9B1AB4B43F5-LeaderElection8
2023-02-16 22:43:12,365 [85dc0855-ecf4-4edb-b404-0334ac503e71@group-A9B1AB4B43F5-LeaderElection8] INFO  server.RaftServer$Division (RaftServerImpl.java:setRole(321)) - 85dc0855-ecf4-4edb-b404-0334ac503e71@group-A9B1AB4B43F5: changes role from CANDIDATE to LEADER at term 1 for changeToLeader
2023-02-16 22:43:12,365 [85dc0855-ecf4-4edb-b404-0334ac503e71@group-A9B1AB4B43F5-LeaderElection8] INFO  ratis.XceiverServerRatis (XceiverServerRatis.java:handleLeaderChangedNotification(905)) - Leader change notification received for group: group-A9B1AB4B43F5 with new leaderId: 85dc0855-ecf4-4edb-b404-0334ac503e71
2023-02-16 22:43:12,369 [85dc0855-ecf4-4edb-b404-0334ac503e71@group-A9B1AB4B43F5-LeaderElection8] INFO  server.RaftServer$Division (ServerState.java:setLeader(313)) - 85dc0855-ecf4-4edb-b404-0334ac503e71@group-A9B1AB4B43F5: change Leader from null to 85dc0855-ecf4-4edb-b404-0334ac503e71 at term 1 for becomeLeader, leader elected after 5237ms
2023-02-16 22:43:12,369 [85dc0855-ecf4-4edb-b404-0334ac503e71@group-A9B1AB4B43F5-LeaderElection8] INFO  server.RaftServerConfigKeys (ConfUtils.java:logGet(46)) - raft.server.staging.catchup.gap = 1000 (default)
2023-02-16 22:43:12,370 [85dc0855-ecf4-4edb-b404-0334ac503e71@group-A9B1AB4B43F5-LeaderElection8] INFO  server.RaftServerConfigKeys (ConfUtils.java:logGet(46)) - raft.server.write.element-limit = 1024 (custom)
2023-02-16 22:43:12,370 [85dc0855-ecf4-4edb-b404-0334ac503e71@group-A9B1AB4B43F5-LeaderElection8] INFO  server.RaftServerConfigKeys (ConfUtils.java:logGet(46)) - raft.server.write.byte-limit = 1024 M (=1073741824) (custom)
2023-02-16 22:43:12,370 [85dc0855-ecf4-4edb-b404-0334ac503e71@group-A9B1AB4B43F5-LeaderElection8] INFO  server.RaftServerConfigKeys (ConfUtils.java:logGet(46)) - raft.server.watch.timeout = 10000ms (default)
2023-02-16 22:43:12,370 [85dc0855-ecf4-4edb-b404-0334ac503e71@group-A9B1AB4B43F5-LeaderElection8] INFO  server.RaftServerConfigKeys (ConfUtils.java:logGet(46)) - raft.server.watch.timeout.denomination = 1s (default)
2023-02-16 22:43:12,370 [85dc0855-ecf4-4edb-b404-0334ac503e71@group-A9B1AB4B43F5-LeaderElection8] INFO  server.RaftServerConfigKeys (ConfUtils.java:logGet(46)) - raft.server.watch.element-limit = 65536 (default)
2023-02-16 22:43:12,370 [85dc0855-ecf4-4edb-b404-0334ac503e71@group-A9B1AB4B43F5-LeaderElection8] INFO  server.RaftServerConfigKeys (ConfUtils.java:logGet(46)) - raft.server.write.element-limit = 1024 (custom)
2023-02-16 22:43:12,370 [85dc0855-ecf4-4edb-b404-0334ac503e71@group-A9B1AB4B43F5-LeaderElection8] INFO  server.RaftServerConfigKeys (ConfUtils.java:logGet(46)) - raft.server.write.follower.gap.ratio.max = -1.0 (default)
2023-02-16 22:43:12,371 [85dc0855-ecf4-4edb-b404-0334ac503e71@group-A9B1AB4B43F5-LeaderElection8] INFO  impl.RoleInfo (RoleInfo.java:updateAndGet(139)) - 85dc0855-ecf4-4edb-b404-0334ac503e71: start 85dc0855-ecf4-4edb-b404-0334ac503e71@group-A9B1AB4B43F5-LeaderStateImpl
2023-02-16 22:43:12,371 [85dc0855-ecf4-4edb-b404-0334ac503e71@group-A9B1AB4B43F5-LeaderElection8] INFO  segmented.SegmentedRaftLogWorker (SegmentedRaftLogWorker.java:startLogSegment(452)) - 85dc0855-ecf4-4edb-b404-0334ac503e71@group-A9B1AB4B43F5-SegmentedRaftLogWorker: Starting segment from index:0
2023-02-16 22:43:12,373 [85dc0855-ecf4-4edb-b404-0334ac503e71@group-A9B1AB4B43F5-LeaderElection8] INFO  server.RaftServer$Division (ServerState.java:setRaftConf(430)) - 85dc0855-ecf4-4edb-b404-0334ac503e71@group-A9B1AB4B43F5: set configuration 0: peers:[85dc0855-ecf4-4edb-b404-0334ac503e71|rpc:10.1.0.43:34953|dataStream:10.1.0.43:33181|priority:1|startupRole:FOLLOWER]|listeners:[], old=null
2023-02-16 22:43:12,373 [85dc0855-ecf4-4edb-b404-0334ac503e71@group-A9B1AB4B43F5-SegmentedRaftLogWorker] INFO  segmented.SegmentedRaftLogWorker (SegmentedRaftLogWorker.java:execute(656)) - 85dc0855-ecf4-4edb-b404-0334ac503e71@group-A9B1AB4B43F5-SegmentedRaftLogWorker: created new log segment /home/runner/work/ozone/ozone/hadoop-ozone/integration-test/target/test-dir/MiniOzoneClusterImpl-e104f6e4-c147-46af-9a65-8b38e2aa4633/datanode-3/data/ratis/1594f393-415b-43e4-a091-a9b1ab4b43f5/current/log_inprogress_0
2023-02-16 22:43:12,559 [Listener at 127.0.0.1/41759] INFO  ozone.MiniOzoneClusterImpl (MiniOzoneClusterImpl.java:lambda$waitForClusterToBeReady$0(218)) - Nodes are ready. Got 5 of 5 DN Heartbeats.
2023-02-16 22:43:12,559 [Listener at 127.0.0.1/41759] INFO  ozone.MiniOzoneClusterImpl (MiniOzoneClusterImpl.java:lambda$waitForClusterToBeReady$0(221)) - Cluster exits safe mode
2023-02-16 22:43:12,559 [Listener at 127.0.0.1/41759] INFO  ozone.MiniOzoneClusterImpl (MiniOzoneClusterImpl.java:lambda$waitForClusterToBeReady$0(223)) - SCM became leader
2023-02-16 22:43:12,673 [7f47c17a-df40-4172-b23f-53f5d31e4e62@group-3D614611362A-FollowerState] INFO  impl.FollowerState (FollowerState.java:run(143)) - 7f47c17a-df40-4172-b23f-53f5d31e4e62@group-3D614611362A-FollowerState: change to CANDIDATE, lastRpcElapsedTime:5086851789ns, electionTimeout:5085ms
2023-02-16 22:43:12,673 [7f47c17a-df40-4172-b23f-53f5d31e4e62@group-3D614611362A-FollowerState] INFO  impl.RoleInfo (RoleInfo.java:shutdownFollowerState(110)) - 7f47c17a-df40-4172-b23f-53f5d31e4e62: shutdown 7f47c17a-df40-4172-b23f-53f5d31e4e62@group-3D614611362A-FollowerState
2023-02-16 22:43:12,673 [7f47c17a-df40-4172-b23f-53f5d31e4e62@group-3D614611362A-FollowerState] INFO  server.RaftServer$Division (RaftServerImpl.java:setRole(321)) - 7f47c17a-df40-4172-b23f-53f5d31e4e62@group-3D614611362A: changes role from  FOLLOWER to CANDIDATE at term 0 for changeToCandidate
2023-02-16 22:43:12,675 [7f47c17a-df40-4172-b23f-53f5d31e4e62@group-3D614611362A-FollowerState] INFO  server.RaftServerConfigKeys (ConfUtils.java:logGet(46)) - raft.server.leaderelection.pre-vote = true (default)
2023-02-16 22:43:12,675 [7f47c17a-df40-4172-b23f-53f5d31e4e62@group-3D614611362A-FollowerState] INFO  impl.RoleInfo (RoleInfo.java:updateAndGet(139)) - 7f47c17a-df40-4172-b23f-53f5d31e4e62: start 7f47c17a-df40-4172-b23f-53f5d31e4e62@group-3D614611362A-LeaderElection9
2023-02-16 22:43:12,686 [7f47c17a-df40-4172-b23f-53f5d31e4e62@group-3D614611362A-LeaderElection9] INFO  impl.LeaderElection (LeaderElection.java:askForVotes(312)) - 7f47c17a-df40-4172-b23f-53f5d31e4e62@group-3D614611362A-LeaderElection9 PRE_VOTE round 0: submit vote requests at term 0 for -1: peers:[7f47c17a-df40-4172-b23f-53f5d31e4e62|rpc:10.1.0.43:46661|dataStream:10.1.0.43:45209|priority:1|startupRole:FOLLOWER]|listeners:[], old=null
2023-02-16 22:43:12,686 [7f47c17a-df40-4172-b23f-53f5d31e4e62@group-3D614611362A-LeaderElection9] INFO  impl.LeaderElection (LeaderElection.java:askForVotes(314)) - 7f47c17a-df40-4172-b23f-53f5d31e4e62@group-3D614611362A-LeaderElection9 PRE_VOTE round 0: result PASSED (term=0)
2023-02-16 22:43:12,688 [7f47c17a-df40-4172-b23f-53f5d31e4e62@group-3D614611362A-LeaderElection9] INFO  impl.LeaderElection (LeaderElection.java:askForVotes(312)) - 7f47c17a-df40-4172-b23f-53f5d31e4e62@group-3D614611362A-LeaderElection9 ELECTION round 0: submit vote requests at term 1 for -1: peers:[7f47c17a-df40-4172-b23f-53f5d31e4e62|rpc:10.1.0.43:46661|dataStream:10.1.0.43:45209|priority:1|startupRole:FOLLOWER]|listeners:[], old=null
2023-02-16 22:43:12,688 [7f47c17a-df40-4172-b23f-53f5d31e4e62@group-3D614611362A-LeaderElection9] INFO  impl.LeaderElection (LeaderElection.java:askForVotes(314)) - 7f47c17a-df40-4172-b23f-53f5d31e4e62@group-3D614611362A-LeaderElection9 ELECTION round 0: result PASSED (term=1)
2023-02-16 22:43:12,689 [7f47c17a-df40-4172-b23f-53f5d31e4e62@group-3D614611362A-LeaderElection9] INFO  impl.RoleInfo (RoleInfo.java:shutdownLeaderElection(130)) - 7f47c17a-df40-4172-b23f-53f5d31e4e62: shutdown 7f47c17a-df40-4172-b23f-53f5d31e4e62@group-3D614611362A-LeaderElection9
2023-02-16 22:43:12,689 [7f47c17a-df40-4172-b23f-53f5d31e4e62@group-3D614611362A-LeaderElection9] INFO  server.RaftServer$Division (RaftServerImpl.java:setRole(321)) - 7f47c17a-df40-4172-b23f-53f5d31e4e62@group-3D614611362A: changes role from CANDIDATE to LEADER at term 1 for changeToLeader
2023-02-16 22:43:12,689 [7f47c17a-df40-4172-b23f-53f5d31e4e62@group-3D614611362A-LeaderElection9] INFO  ratis.XceiverServerRatis (XceiverServerRatis.java:handleLeaderChangedNotification(905)) - Leader change notification received for group: group-3D614611362A with new leaderId: 7f47c17a-df40-4172-b23f-53f5d31e4e62
2023-02-16 22:43:12,689 [7f47c17a-df40-4172-b23f-53f5d31e4e62@group-3D614611362A-LeaderElection9] INFO  server.RaftServer$Division (ServerState.java:setLeader(313)) - 7f47c17a-df40-4172-b23f-53f5d31e4e62@group-3D614611362A: change Leader from null to 7f47c17a-df40-4172-b23f-53f5d31e4e62 at term 1 for becomeLeader, leader elected after 5127ms
2023-02-16 22:43:12,689 [7f47c17a-df40-4172-b23f-53f5d31e4e62@group-3D614611362A-LeaderElection9] INFO  server.RaftServerConfigKeys (ConfUtils.java:logGet(46)) - raft.server.staging.catchup.gap = 1000 (default)
2023-02-16 22:43:12,693 [7f47c17a-df40-4172-b23f-53f5d31e4e62@group-3D614611362A-LeaderElection9] INFO  server.RaftServerConfigKeys (ConfUtils.java:logGet(46)) - raft.server.write.element-limit = 1024 (custom)
2023-02-16 22:43:12,693 [7f47c17a-df40-4172-b23f-53f5d31e4e62@group-3D614611362A-LeaderElection9] INFO  server.RaftServerConfigKeys (ConfUtils.java:logGet(46)) - raft.server.write.byte-limit = 1024 M (=1073741824) (custom)
2023-02-16 22:43:12,698 [7f47c17a-df40-4172-b23f-53f5d31e4e62@group-3D614611362A-LeaderElection9] INFO  server.RaftServerConfigKeys (ConfUtils.java:logGet(46)) - raft.server.watch.timeout = 10000ms (default)
2023-02-16 22:43:12,700 [7f47c17a-df40-4172-b23f-53f5d31e4e62@group-3D614611362A-LeaderElection9] INFO  server.RaftServerConfigKeys (ConfUtils.java:logGet(46)) - raft.server.watch.timeout.denomination = 1s (default)
2023-02-16 22:43:12,700 [7f47c17a-df40-4172-b23f-53f5d31e4e62@group-3D614611362A-LeaderElection9] INFO  server.RaftServerConfigKeys (ConfUtils.java:logGet(46)) - raft.server.watch.element-limit = 65536 (default)
2023-02-16 22:43:12,700 [7f47c17a-df40-4172-b23f-53f5d31e4e62@group-3D614611362A-LeaderElection9] INFO  server.RaftServerConfigKeys (ConfUtils.java:logGet(46)) - raft.server.write.element-limit = 1024 (custom)
2023-02-16 22:43:12,700 [7f47c17a-df40-4172-b23f-53f5d31e4e62@group-3D614611362A-LeaderElection9] INFO  server.RaftServerConfigKeys (ConfUtils.java:logGet(46)) - raft.server.write.follower.gap.ratio.max = -1.0 (default)
2023-02-16 22:43:12,700 [7f47c17a-df40-4172-b23f-53f5d31e4e62@group-3D614611362A-LeaderElection9] INFO  impl.RoleInfo (RoleInfo.java:updateAndGet(139)) - 7f47c17a-df40-4172-b23f-53f5d31e4e62: start 7f47c17a-df40-4172-b23f-53f5d31e4e62@group-3D614611362A-LeaderStateImpl
2023-02-16 22:43:12,701 [7f47c17a-df40-4172-b23f-53f5d31e4e62@group-3D614611362A-LeaderElection9] INFO  segmented.SegmentedRaftLogWorker (SegmentedRaftLogWorker.java:startLogSegment(452)) - 7f47c17a-df40-4172-b23f-53f5d31e4e62@group-3D614611362A-SegmentedRaftLogWorker: Starting segment from index:0
2023-02-16 22:43:12,703 [7f47c17a-df40-4172-b23f-53f5d31e4e62@group-3D614611362A-SegmentedRaftLogWorker] INFO  segmented.SegmentedRaftLogWorker (SegmentedRaftLogWorker.java:execute(656)) - 7f47c17a-df40-4172-b23f-53f5d31e4e62@group-3D614611362A-SegmentedRaftLogWorker: created new log segment /home/runner/work/ozone/ozone/hadoop-ozone/integration-test/target/test-dir/MiniOzoneClusterImpl-e104f6e4-c147-46af-9a65-8b38e2aa4633/datanode-4/data/ratis/7f04cf60-aea5-4633-870c-3d614611362a/current/log_inprogress_0
2023-02-16 22:43:12,714 [7f47c17a-df40-4172-b23f-53f5d31e4e62@group-3D614611362A-LeaderElection9] INFO  server.RaftServer$Division (ServerState.java:setRaftConf(430)) - 7f47c17a-df40-4172-b23f-53f5d31e4e62@group-3D614611362A: set configuration 0: peers:[7f47c17a-df40-4172-b23f-53f5d31e4e62|rpc:10.1.0.43:46661|dataStream:10.1.0.43:45209|priority:1|startupRole:FOLLOWER]|listeners:[], old=null
2023-02-16 22:43:13,172 [setup] INFO  rpc.RpcClient (RpcClient.java:createVolume(476)) - Creating Volume: volume17530, with user78776 as owner and space quota set to -1 bytes, counts quota set to -1
2023-02-16 22:43:13,225 [OM StateMachine ApplyTransaction Thread - 0] INFO  volume.OMVolumeCreateRequest (OMVolumeCreateRequest.java:validateAndUpdateCache(195)) - created volume:volume17530 for user:user78776
2023-02-16 22:43:13,249 [setup] INFO  rpc.RpcClient (RpcClient.java:createBucket(698)) - Creating Bucket: volume17530/bucket18606, with bucket layout LEGACY, runner as owner, Versioning false, Storage Type set to DISK and Encryption set to false, Replication Type set to server-side default replication type, Namespace Quota set to -1, Space Quota set to -1 
2023-02-16 22:43:13,273 [OM StateMachine ApplyTransaction Thread - 0] INFO  bucket.OMBucketCreateRequest (OMBucketCreateRequest.java:validateAndUpdateCache(263)) - created bucket: bucket18606 of layout LEGACY in volume: volume17530
2023-02-16 22:43:13,478 [setup] INFO  contract.AbstractFSContractTestBase (AbstractFSContractTestBase.java:setup(194)) - Test filesystem = o3fs://bucket18606.volume17530 implemented by OzoneFileSystem{URI=o3fs://bucket18606.volume17530, workingDir=o3fs://bucket18606.volume17530/user/runner, userName=runner, statistics=0 bytes read, 0 bytes written, 0 read ops, 0 large read ops, 0 write ops}
2023-02-16 22:43:13,537 [JUnit-testRecursiveRootListing[0]] INFO  contract.AbstractFSContractTestBase (AbstractFSContractTestBase.java:describe(278)) - test a recursive root directory listing
2023-02-16 22:43:13,575 [JUnit-testRecursiveRootListing[0]] INFO  contract.AbstractFSContractTestBase (AbstractFSContractTestBase.java:describe(278)) - verifying consistency with treewalk's files
2023-02-16 22:43:13,586 [JUnit-testRecursiveRootListing[0]] INFO  contract.ContractTestUtils (ContractTestUtils.java:treeWalk(1427)) - o3fs://bucket18606.volume17530/test*
]]></system-out>
  </testcase>
  <testcase name="testRecursiveRootListing" classname="ITestOzoneContractRootDir" time="21.357">
    <system-out><![CDATA[2023-02-16 22:43:15,265 [Listener at 127.0.0.1/41759] INFO  ozone.MiniOzoneClusterImpl (MiniOzoneClusterImpl.java:shutdown(450)) - Shutting down the Mini Ozone Cluster
2023-02-16 22:43:15,266 [Listener at 127.0.0.1/41759] INFO  ozone.MiniOzoneClusterImpl (MiniOzoneClusterImpl.java:stop(465)) - Stopping the Mini Ozone Cluster
2023-02-16 22:43:15,266 [Listener at 127.0.0.1/41759] INFO  ozone.MiniOzoneClusterImpl (MiniOzoneClusterImpl.java:stopOM(547)) - Stopping the OzoneManager
2023-02-16 22:43:15,266 [Listener at 127.0.0.1/41759] INFO  om.OzoneManager (OzoneManager.java:stop(2139)) - om1[localhost:0]: Stopping Ozone Manager
2023-02-16 22:43:15,266 [Listener at 127.0.0.1/41759] INFO  ipc.Server (Server.java:stop(3428)) - Stopping server on 41759
2023-02-16 22:43:15,268 [IPC Server listener on 0] INFO  ipc.Server (Server.java:run(1384)) - Stopping IPC Server listener on 0
2023-02-16 22:43:15,275 [IPC Server Responder] INFO  ipc.Server (Server.java:run(1517)) - Stopping IPC Server Responder
2023-02-16 22:43:15,276 [Listener at 127.0.0.1/41759] INFO  server.RaftServer (RaftServerProxy.java:lambda$close$6(409)) - om1: close
2023-02-16 22:43:15,277 [Listener at 127.0.0.1/41759] INFO  server.GrpcService (GrpcService.java:closeImpl(271)) - om1: shutdown server GrpcServerProtocolService now
2023-02-16 22:43:15,277 [om1-impl-thread1] INFO  server.RaftServer$Division (RaftServerImpl.java:lambda$close$4(458)) - om1@group-C5BA1605619E: shutdown
2023-02-16 22:43:15,277 [om1-impl-thread1] INFO  util.JmxRegister (JmxRegister.java:unregister(73)) - Successfully un-registered JMX Bean with object name Ratis:service=RaftServer,group=group-C5BA1605619E,id=om1
2023-02-16 22:43:15,277 [om1-impl-thread1] INFO  impl.RoleInfo (RoleInfo.java:shutdownLeaderState(93)) - om1: shutdown om1@group-C5BA1605619E-LeaderStateImpl
2023-02-16 22:43:15,278 [om1-impl-thread1] INFO  impl.PendingRequests (PendingRequests.java:sendNotLeaderResponses(282)) - om1@group-C5BA1605619E-PendingRequests: sendNotLeaderResponses
2023-02-16 22:43:15,284 [om1-impl-thread1] INFO  impl.StateMachineUpdater (StateMachineUpdater.java:stopAndJoin(153)) - om1@group-C5BA1605619E-StateMachineUpdater: set stopIndex = 90
2023-02-16 22:43:15,285 [om1@group-C5BA1605619E-StateMachineUpdater] INFO  ratis.OzoneManagerStateMachine (OzoneManagerStateMachine.java:takeSnapshot(445)) - Current Snapshot Index (t:1, i:90)
2023-02-16 22:43:15,296 [Listener at 127.0.0.1/41759] INFO  server.GrpcService (GrpcService.java:closeImpl(280)) - om1: shutdown server GrpcServerProtocolService successfully
2023-02-16 22:43:15,333 [om1@group-C5BA1605619E-StateMachineUpdater] INFO  impl.StateMachineUpdater (StateMachineUpdater.java:takeSnapshot(287)) - om1@group-C5BA1605619E-StateMachineUpdater: Took a snapshot at index 90
2023-02-16 22:43:15,334 [om1@group-C5BA1605619E-StateMachineUpdater] INFO  impl.StateMachineUpdater (StateMachineUpdater.java:lambda$new$0(92)) - om1@group-C5BA1605619E-StateMachineUpdater: snapshotIndex: updateIncreasingly -1 -> 90
2023-02-16 22:43:15,334 [om1@group-C5BA1605619E-StateMachineUpdater] INFO  ratis.OzoneManagerStateMachine (OzoneManagerStateMachine.java:close(499)) - StateMachine has shutdown. Shutdown OzoneManager if not already shutdown.
2023-02-16 22:43:15,334 [om1@group-C5BA1605619E-StateMachineUpdater] INFO  ratis.OzoneManagerDoubleBuffer (OzoneManagerDoubleBuffer.java:stopDaemon(541)) - Stopping OMDoubleBuffer flush thread
2023-02-16 22:43:15,335 [OMDoubleBufferFlushThread] INFO  ratis.OzoneManagerDoubleBuffer (OzoneManagerDoubleBuffer.java:canFlush(626)) - OMDoubleBuffer flush thread OMDoubleBufferFlushThread is interrupted and will exit.
2023-02-16 22:43:15,337 [om1-impl-thread1] INFO  server.RaftServer$Division (ServerState.java:close(466)) - om1@group-C5BA1605619E: closes. applyIndex: 90
2023-02-16 22:43:15,338 [om1@group-C5BA1605619E-SegmentedRaftLogWorker] INFO  segmented.SegmentedRaftLogWorker (SegmentedRaftLogWorker.java:run(347)) - om1@group-C5BA1605619E-SegmentedRaftLogWorker was interrupted, exiting. There are 0 tasks remaining in the queue.
2023-02-16 22:43:15,340 [om1-impl-thread1] INFO  segmented.SegmentedRaftLogWorker (SegmentedRaftLogWorker.java:close(257)) - om1@group-C5BA1605619E-SegmentedRaftLogWorker close()
2023-02-16 22:43:15,341 [JvmPauseMonitor0] INFO  util.JvmPauseMonitor (JvmPauseMonitor.java:run(111)) - JvmPauseMonitor-om1: Stopped
2023-02-16 22:43:15,341 [Listener at 127.0.0.1/41759] INFO  ratis.OzoneManagerStateMachine (OzoneManagerStateMachine.java:close(499)) - StateMachine has shutdown. Shutdown OzoneManager if not already shutdown.
2023-02-16 22:43:15,341 [Listener at 127.0.0.1/41759] INFO  ratis.OzoneManagerDoubleBuffer (OzoneManagerDoubleBuffer.java:stopDaemon(550)) - OMDoubleBuffer flush thread is not running.
2023-02-16 22:43:15,341 [Listener at 127.0.0.1/41759] INFO  utils.BackgroundService (BackgroundService.java:shutdown(141)) - Shutting down service KeyDeletingService
2023-02-16 22:43:15,342 [Listener at 127.0.0.1/41759] INFO  utils.BackgroundService (BackgroundService.java:shutdown(141)) - Shutting down service DirectoryDeletingService
2023-02-16 22:43:15,342 [Listener at 127.0.0.1/41759] INFO  utils.BackgroundService (BackgroundService.java:shutdown(141)) - Shutting down service OpenKeyCleanupService
2023-02-16 22:43:15,343 [Listener at 127.0.0.1/41759] INFO  utils.BackgroundService (BackgroundService.java:shutdown(141)) - Shutting down service SstFilteringService
2023-02-16 22:43:15,346 [Listener at 127.0.0.1/41759] INFO  handler.ContextHandler (ContextHandler.java:doStop(1159)) - Stopped o.e.j.w.WebAppContext@586fcc46{ozoneManager,/,null,STOPPED}{file:/home/runner/work/ozone/ozone/hadoop-ozone/integration-test/target/test-classes/webapps/ozoneManager}
2023-02-16 22:43:15,352 [Listener at 127.0.0.1/41759] INFO  server.AbstractConnector (AbstractConnector.java:doStop(383)) - Stopped ServerConnector@8a9ebbe{HTTP/1.1, (http/1.1)}{0.0.0.0:0}
2023-02-16 22:43:15,352 [Listener at 127.0.0.1/41759] INFO  server.session (HouseKeeper.java:stopScavenging(149)) - node0 Stopped scavenging
2023-02-16 22:43:15,352 [Listener at 127.0.0.1/41759] INFO  handler.ContextHandler (ContextHandler.java:doStop(1159)) - Stopped o.e.j.s.ServletContextHandler@2016896e{static,/static,file:///home/runner/work/ozone/ozone/hadoop-ozone/integration-test/target/test-classes/webapps/static,STOPPED}
2023-02-16 22:43:15,352 [Listener at 127.0.0.1/41759] INFO  handler.ContextHandler (ContextHandler.java:doStop(1159)) - Stopped o.e.j.s.ServletContextHandler@237b3ab6{logs,/logs,file:///home/runner/work/ozone/ozone/hadoop-ozone/integration-test/target/log,STOPPED}
2023-02-16 22:43:15,363 [Listener at 127.0.0.1/41759] INFO  ozone.MiniOzoneClusterImpl (MiniOzoneClusterImpl.java:stopDatanodes(524)) - Stopping the HddsDatanodes
2023-02-16 22:43:15,366 [Listener at 127.0.0.1/41759] INFO  ozoneimpl.OzoneContainer (OzoneContainer.java:stop(420)) - Attempting to stop container services.
2023-02-16 22:43:15,370 [Listener at 127.0.0.1/41759] INFO  server.RaftServer (RaftServerProxy.java:lambda$close$6(409)) - d47a9118-a689-402c-b263-2bea1a811f25: close
2023-02-16 22:43:15,370 [d47a9118-a689-402c-b263-2bea1a811f25-impl-thread1] INFO  server.RaftServer$Division (RaftServerImpl.java:lambda$close$4(458)) - d47a9118-a689-402c-b263-2bea1a811f25@group-0C490C4DB558: shutdown
2023-02-16 22:43:15,370 [d47a9118-a689-402c-b263-2bea1a811f25-impl-thread1] INFO  util.JmxRegister (JmxRegister.java:unregister(73)) - Successfully un-registered JMX Bean with object name Ratis:service=RaftServer,group=group-0C490C4DB558,id=d47a9118-a689-402c-b263-2bea1a811f25
2023-02-16 22:43:15,370 [d47a9118-a689-402c-b263-2bea1a811f25-impl-thread1] INFO  impl.RoleInfo (RoleInfo.java:shutdownFollowerState(110)) - d47a9118-a689-402c-b263-2bea1a811f25: shutdown d47a9118-a689-402c-b263-2bea1a811f25@group-0C490C4DB558-FollowerState
2023-02-16 22:43:15,370 [d47a9118-a689-402c-b263-2bea1a811f25-impl-thread1] INFO  impl.StateMachineUpdater (StateMachineUpdater.java:stopAndJoin(153)) - d47a9118-a689-402c-b263-2bea1a811f25@group-0C490C4DB558-StateMachineUpdater: set stopIndex = 0
2023-02-16 22:43:15,370 [d47a9118-a689-402c-b263-2bea1a811f25@group-0C490C4DB558-FollowerState] INFO  impl.FollowerState (FollowerState.java:run(152)) - d47a9118-a689-402c-b263-2bea1a811f25@group-0C490C4DB558-FollowerState was interrupted
2023-02-16 22:43:15,371 [d47a9118-a689-402c-b263-2bea1a811f25@group-0C490C4DB558-StateMachineUpdater] INFO  ratis.ContainerStateMachine (ContainerStateMachine.java:takeSnapshot(308)) - group-0C490C4DB558: Taking a snapshot at:(t:1, i:0) file /home/runner/work/ozone/ozone/hadoop-ozone/integration-test/target/test-dir/MiniOzoneClusterImpl-e104f6e4-c147-46af-9a65-8b38e2aa4633/datanode-2/data/ratis/887328f1-0fe5-4a1e-ad40-0c490c4db558/sm/snapshot.1_0
2023-02-16 22:43:15,375 [d47a9118-a689-402c-b263-2bea1a811f25-impl-thread2] INFO  server.RaftServer$Division (RaftServerImpl.java:lambda$close$4(458)) - d47a9118-a689-402c-b263-2bea1a811f25@group-6110A1C92487: shutdown
2023-02-16 22:43:15,375 [d47a9118-a689-402c-b263-2bea1a811f25-impl-thread2] INFO  util.JmxRegister (JmxRegister.java:unregister(73)) - Successfully un-registered JMX Bean with object name Ratis:service=RaftServer,group=group-6110A1C92487,id=d47a9118-a689-402c-b263-2bea1a811f25
2023-02-16 22:43:15,375 [d47a9118-a689-402c-b263-2bea1a811f25-impl-thread2] INFO  impl.RoleInfo (RoleInfo.java:shutdownLeaderState(93)) - d47a9118-a689-402c-b263-2bea1a811f25: shutdown d47a9118-a689-402c-b263-2bea1a811f25@group-6110A1C92487-LeaderStateImpl
2023-02-16 22:43:15,377 [Listener at 127.0.0.1/41759] INFO  server.GrpcService (GrpcService.java:closeImpl(271)) - d47a9118-a689-402c-b263-2bea1a811f25: shutdown server GrpcServerProtocolService now
2023-02-16 22:43:15,375 [d47a9118-a689-402c-b263-2bea1a811f25-impl-thread2] INFO  impl.PendingRequests (PendingRequests.java:sendNotLeaderResponses(282)) - d47a9118-a689-402c-b263-2bea1a811f25@group-6110A1C92487-PendingRequests: sendNotLeaderResponses
2023-02-16 22:43:15,384 [d47a9118-a689-402c-b263-2bea1a811f25@group-6110A1C92487-StateMachineUpdater] INFO  ratis.ContainerStateMachine (ContainerStateMachine.java:takeSnapshot(308)) - group-6110A1C92487: Taking a snapshot at:(t:1, i:0) file /home/runner/work/ozone/ozone/hadoop-ozone/integration-test/target/test-dir/MiniOzoneClusterImpl-e104f6e4-c147-46af-9a65-8b38e2aa4633/datanode-2/data/ratis/4d932b74-1483-4799-95e6-6110a1c92487/sm/snapshot.1_0
2023-02-16 22:43:15,384 [d47a9118-a689-402c-b263-2bea1a811f25-impl-thread2] INFO  impl.StateMachineUpdater (StateMachineUpdater.java:stopAndJoin(153)) - d47a9118-a689-402c-b263-2bea1a811f25@group-6110A1C92487-StateMachineUpdater: set stopIndex = 0
2023-02-16 22:43:15,389 [ForkJoinPool.commonPool-worker-0] INFO  ozoneimpl.OzoneContainer (OzoneContainer.java:stop(420)) - Attempting to stop container services.
2023-02-16 22:43:15,390 [grpc-default-executor-0] WARN  server.GrpcServerProtocolService (LogUtils.java:warn(122)) - d47a9118-a689-402c-b263-2bea1a811f25: installSnapshot onError, lastRequest: null: org.apache.ratis.thirdparty.io.grpc.StatusRuntimeException: CANCELLED: client cancelled
2023-02-16 22:43:15,393 [ForkJoinPool.commonPool-worker-0] INFO  server.RaftServer (RaftServerProxy.java:lambda$close$6(409)) - 2a62309e-ec6c-4a0a-91b7-4d126a386491: close
2023-02-16 22:43:15,393 [2a62309e-ec6c-4a0a-91b7-4d126a386491-impl-thread1] INFO  server.RaftServer$Division (RaftServerImpl.java:lambda$close$4(458)) - 2a62309e-ec6c-4a0a-91b7-4d126a386491@group-DC7EA6ED705C: shutdown
2023-02-16 22:43:15,393 [2a62309e-ec6c-4a0a-91b7-4d126a386491-impl-thread1] INFO  util.JmxRegister (JmxRegister.java:unregister(73)) - Successfully un-registered JMX Bean with object name Ratis:service=RaftServer,group=group-DC7EA6ED705C,id=2a62309e-ec6c-4a0a-91b7-4d126a386491
2023-02-16 22:43:15,393 [2a62309e-ec6c-4a0a-91b7-4d126a386491-impl-thread1] INFO  impl.RoleInfo (RoleInfo.java:shutdownLeaderState(93)) - 2a62309e-ec6c-4a0a-91b7-4d126a386491: shutdown 2a62309e-ec6c-4a0a-91b7-4d126a386491@group-DC7EA6ED705C-LeaderStateImpl
2023-02-16 22:43:15,393 [2a62309e-ec6c-4a0a-91b7-4d126a386491-impl-thread1] INFO  impl.PendingRequests (PendingRequests.java:sendNotLeaderResponses(282)) - 2a62309e-ec6c-4a0a-91b7-4d126a386491@group-DC7EA6ED705C-PendingRequests: sendNotLeaderResponses
2023-02-16 22:43:15,394 [2a62309e-ec6c-4a0a-91b7-4d126a386491-impl-thread1] INFO  impl.StateMachineUpdater (StateMachineUpdater.java:stopAndJoin(153)) - 2a62309e-ec6c-4a0a-91b7-4d126a386491@group-DC7EA6ED705C-StateMachineUpdater: set stopIndex = 0
2023-02-16 22:43:15,394 [2a62309e-ec6c-4a0a-91b7-4d126a386491@group-DC7EA6ED705C-StateMachineUpdater] INFO  ratis.ContainerStateMachine (ContainerStateMachine.java:takeSnapshot(308)) - group-DC7EA6ED705C: Taking a snapshot at:(t:1, i:0) file /home/runner/work/ozone/ozone/hadoop-ozone/integration-test/target/test-dir/MiniOzoneClusterImpl-e104f6e4-c147-46af-9a65-8b38e2aa4633/datanode-1/data/ratis/a7288742-3c19-48a7-a608-dc7ea6ed705c/sm/snapshot.1_0
2023-02-16 22:43:15,400 [d47a9118-a689-402c-b263-2bea1a811f25-impl-thread3] INFO  server.RaftServer$Division (RaftServerImpl.java:lambda$close$4(458)) - d47a9118-a689-402c-b263-2bea1a811f25@group-F5246A9C6574: shutdown
2023-02-16 22:43:15,400 [d47a9118-a689-402c-b263-2bea1a811f25-impl-thread3] INFO  util.JmxRegister (JmxRegister.java:unregister(73)) - Successfully un-registered JMX Bean with object name Ratis:service=RaftServer,group=group-F5246A9C6574,id=d47a9118-a689-402c-b263-2bea1a811f25
2023-02-16 22:43:15,400 [d47a9118-a689-402c-b263-2bea1a811f25-impl-thread3] INFO  impl.RoleInfo (RoleInfo.java:shutdownFollowerState(110)) - d47a9118-a689-402c-b263-2bea1a811f25: shutdown d47a9118-a689-402c-b263-2bea1a811f25@group-F5246A9C6574-FollowerState
2023-02-16 22:43:15,400 [d47a9118-a689-402c-b263-2bea1a811f25-impl-thread3] INFO  impl.StateMachineUpdater (StateMachineUpdater.java:stopAndJoin(153)) - d47a9118-a689-402c-b263-2bea1a811f25@group-F5246A9C6574-StateMachineUpdater: set stopIndex = 0
2023-02-16 22:43:15,400 [d47a9118-a689-402c-b263-2bea1a811f25@group-F5246A9C6574-StateMachineUpdater] INFO  ratis.ContainerStateMachine (ContainerStateMachine.java:takeSnapshot(308)) - group-F5246A9C6574: Taking a snapshot at:(t:1, i:0) file /home/runner/work/ozone/ozone/hadoop-ozone/integration-test/target/test-dir/MiniOzoneClusterImpl-e104f6e4-c147-46af-9a65-8b38e2aa4633/datanode-2/data/ratis/0d8cd3b7-e921-433d-9a06-f5246a9c6574/sm/snapshot.1_0
2023-02-16 22:43:15,401 [grpc-default-executor-8] WARN  server.GrpcLogAppender (LogUtils.java:warn(122)) - 85bc4c93-8919-4d90-bdda-716e90a765bf@group-0C490C4DB558->d47a9118-a689-402c-b263-2bea1a811f25-AppendLogResponseHandler: Failed appendEntries: org.apache.ratis.thirdparty.io.grpc.StatusRuntimeException: CANCELLED: RST_STREAM closed stream. HTTP/2 error code: CANCEL
2023-02-16 22:43:15,404 [grpc-default-executor-8] WARN  server.GrpcLogAppender (GrpcLogAppender.java:resetClient(131)) - 85bc4c93-8919-4d90-bdda-716e90a765bf@group-0C490C4DB558->d47a9118-a689-402c-b263-2bea1a811f25-GrpcLogAppender: Leader has not got in touch with Follower 85bc4c93-8919-4d90-bdda-716e90a765bf@group-0C490C4DB558->d47a9118-a689-402c-b263-2bea1a811f25(c0,m0,n1, attendVote=true, lastRpcSendTime=1075, lastRpcResponseTime=1072) yet, just keep nextIndex unchanged and retry.
2023-02-16 22:43:15,405 [d47a9118-a689-402c-b263-2bea1a811f25@group-F5246A9C6574-FollowerState] INFO  impl.FollowerState (FollowerState.java:run(152)) - d47a9118-a689-402c-b263-2bea1a811f25@group-F5246A9C6574-FollowerState was interrupted
2023-02-16 22:43:15,400 [Listener at 127.0.0.1/41759] INFO  server.GrpcService (GrpcService.java:closeImpl(280)) - d47a9118-a689-402c-b263-2bea1a811f25: shutdown server GrpcServerProtocolService successfully
2023-02-16 22:43:15,406 [d47a9118-a689-402c-b263-2bea1a811f25-NettyServerStreamRpc-bossGroup--thread1] INFO  logging.LoggingHandler (AbstractInternalLogger.java:log(148)) - [id: 0xb29d808f, L:/0:0:0:0:0:0:0:0:38769] CLOSE
2023-02-16 22:43:15,406 [d47a9118-a689-402c-b263-2bea1a811f25-NettyServerStreamRpc-bossGroup--thread1] INFO  logging.LoggingHandler (AbstractInternalLogger.java:log(148)) - [id: 0xb29d808f, L:/0:0:0:0:0:0:0:0:38769] INACTIVE
2023-02-16 22:43:15,406 [d47a9118-a689-402c-b263-2bea1a811f25-NettyServerStreamRpc-bossGroup--thread1] INFO  logging.LoggingHandler (AbstractInternalLogger.java:log(148)) - [id: 0xb29d808f, L:/0:0:0:0:0:0:0:0:38769] UNREGISTERED
2023-02-16 22:43:15,407 [grpc-default-executor-8] WARN  server.GrpcLogAppender (LogUtils.java:warn(122)) - 2a62309e-ec6c-4a0a-91b7-4d126a386491@group-F5246A9C6574->d47a9118-a689-402c-b263-2bea1a811f25-AppendLogResponseHandler: Failed appendEntries: org.apache.ratis.thirdparty.io.grpc.StatusRuntimeException: CANCELLED: RST_STREAM closed stream. HTTP/2 error code: CANCEL
2023-02-16 22:43:15,407 [grpc-default-executor-8] WARN  server.GrpcLogAppender (GrpcLogAppender.java:resetClient(131)) - 2a62309e-ec6c-4a0a-91b7-4d126a386491@group-F5246A9C6574->d47a9118-a689-402c-b263-2bea1a811f25-GrpcLogAppender: Leader has not got in touch with Follower 2a62309e-ec6c-4a0a-91b7-4d126a386491@group-F5246A9C6574->d47a9118-a689-402c-b263-2bea1a811f25(c0,m0,n1, attendVote=true, lastRpcSendTime=1157, lastRpcResponseTime=1144) yet, just keep nextIndex unchanged and retry.
2023-02-16 22:43:15,392 [grpc-default-executor-1] WARN  server.GrpcServerProtocolService (LogUtils.java:warn(122)) - d47a9118-a689-402c-b263-2bea1a811f25: installSnapshot onError, lastRequest: 85bc4c93-8919-4d90-bdda-716e90a765bf->d47a9118-a689-402c-b263-2bea1a811f25#1-t1,previous=(t:0, i:0),leaderCommit=0,initializing? true,entries: size=1, first=(t:1, i:0), CONFIGURATIONENTRY(current:id: "2a62309e-ec6c-4a0a-91b7-4d126a386491"
address: "10.1.0.43:34649"
dataStreamAddress: "10.1.0.43:38237"
clientAddress: "10.1.0.43:34649"
adminAddress: "10.1.0.43:34649"
startupRole: FOLLOWER
,id: "85bc4c93-8919-4d90-bdda-716e90a765bf"
address: "10.1.0.43:40269"
priority: 1
dataStreamAddress: "10.1.0.43:36907"
clientAddress: "10.1.0.43:40269"
adminAddress: "10.1.0.43:40269"
startupRole: FOLLOWER
,id: "d47a9118-a689-402c-b263-2bea1a811f25"
address: "10.1.0.43:39221"
dataStreamAddress: "10.1.0.43:38769"
clientAddress: "10.1.0.43:39221"
adminAddress: "10.1.0.43:39221"
startupRole: FOLLOWER
, old:): org.apache.ratis.thirdparty.io.grpc.StatusRuntimeException: CANCELLED: client cancelled
2023-02-16 22:43:15,421 [2a62309e-ec6c-4a0a-91b7-4d126a386491-impl-thread2] INFO  server.RaftServer$Division (RaftServerImpl.java:lambda$close$4(458)) - 2a62309e-ec6c-4a0a-91b7-4d126a386491@group-0C490C4DB558: shutdown
2023-02-16 22:43:15,398 [grpc-default-executor-5] WARN  server.GrpcServerProtocolService (LogUtils.java:warn(122)) - d47a9118-a689-402c-b263-2bea1a811f25: installSnapshot onError, lastRequest: null: org.apache.ratis.thirdparty.io.grpc.StatusRuntimeException: CANCELLED: client cancelled
2023-02-16 22:43:15,421 [2a62309e-ec6c-4a0a-91b7-4d126a386491-impl-thread2] INFO  util.JmxRegister (JmxRegister.java:unregister(73)) - Successfully un-registered JMX Bean with object name Ratis:service=RaftServer,group=group-0C490C4DB558,id=2a62309e-ec6c-4a0a-91b7-4d126a386491
2023-02-16 22:43:15,407 [grpc-default-executor-9] WARN  server.GrpcLogAppender (LogUtils.java:warn(122)) - 85bc4c93-8919-4d90-bdda-716e90a765bf@group-0C490C4DB558->d47a9118-a689-402c-b263-2bea1a811f25-AppendLogResponseHandler: Failed appendEntries: org.apache.ratis.thirdparty.io.grpc.StatusRuntimeException: CANCELLED: RST_STREAM closed stream. HTTP/2 error code: CANCEL
2023-02-16 22:43:15,422 [ForkJoinPool.commonPool-worker-0] INFO  server.GrpcService (GrpcService.java:closeImpl(271)) - 2a62309e-ec6c-4a0a-91b7-4d126a386491: shutdown server GrpcServerProtocolService now
2023-02-16 22:43:15,399 [grpc-default-executor-7] WARN  server.GrpcServerProtocolService (LogUtils.java:warn(122)) - d47a9118-a689-402c-b263-2bea1a811f25: installSnapshot onError, lastRequest: 2a62309e-ec6c-4a0a-91b7-4d126a386491->d47a9118-a689-402c-b263-2bea1a811f25#1-t1,previous=(t:0, i:0),leaderCommit=0,initializing? true,entries: size=1, first=(t:1, i:0), CONFIGURATIONENTRY(current:id: "2a62309e-ec6c-4a0a-91b7-4d126a386491"
address: "10.1.0.43:34649"
priority: 1
dataStreamAddress: "10.1.0.43:38237"
clientAddress: "10.1.0.43:34649"
adminAddress: "10.1.0.43:34649"
startupRole: FOLLOWER
,id: "d47a9118-a689-402c-b263-2bea1a811f25"
address: "10.1.0.43:39221"
dataStreamAddress: "10.1.0.43:38769"
clientAddress: "10.1.0.43:39221"
adminAddress: "10.1.0.43:39221"
startupRole: FOLLOWER
,id: "85bc4c93-8919-4d90-bdda-716e90a765bf"
address: "10.1.0.43:40269"
dataStreamAddress: "10.1.0.43:36907"
clientAddress: "10.1.0.43:40269"
adminAddress: "10.1.0.43:40269"
startupRole: FOLLOWER
, old:): org.apache.ratis.thirdparty.io.grpc.StatusRuntimeException: CANCELLED: client cancelled
2023-02-16 22:43:15,422 [grpc-default-executor-9] WARN  server.GrpcLogAppender (GrpcLogAppender.java:resetClient(131)) - 85bc4c93-8919-4d90-bdda-716e90a765bf@group-0C490C4DB558->d47a9118-a689-402c-b263-2bea1a811f25-GrpcLogAppender: Leader has not got in touch with Follower 85bc4c93-8919-4d90-bdda-716e90a765bf@group-0C490C4DB558->d47a9118-a689-402c-b263-2bea1a811f25(c0,m0,n1, attendVote=true, lastRpcSendTime=1093, lastRpcResponseTime=1090) yet, just keep nextIndex unchanged and retry.
2023-02-16 22:43:15,424 [grpc-default-executor-10] WARN  server.GrpcLogAppender (LogUtils.java:warn(122)) - 2a62309e-ec6c-4a0a-91b7-4d126a386491@group-F5246A9C6574->d47a9118-a689-402c-b263-2bea1a811f25-AppendLogResponseHandler: Failed appendEntries: org.apache.ratis.thirdparty.io.grpc.StatusRuntimeException: CANCELLED: RST_STREAM closed stream. HTTP/2 error code: CANCEL
2023-02-16 22:43:15,424 [grpc-default-executor-10] WARN  server.GrpcLogAppender (GrpcLogAppender.java:resetClient(131)) - 2a62309e-ec6c-4a0a-91b7-4d126a386491@group-F5246A9C6574->d47a9118-a689-402c-b263-2bea1a811f25-GrpcLogAppender: Leader has not got in touch with Follower 2a62309e-ec6c-4a0a-91b7-4d126a386491@group-F5246A9C6574->d47a9118-a689-402c-b263-2bea1a811f25(c0,m0,n1, attendVote=true, lastRpcSendTime=1174, lastRpcResponseTime=1161) yet, just keep nextIndex unchanged and retry.
2023-02-16 22:43:15,422 [2a62309e-ec6c-4a0a-91b7-4d126a386491-impl-thread2] INFO  impl.RoleInfo (RoleInfo.java:shutdownFollowerState(110)) - 2a62309e-ec6c-4a0a-91b7-4d126a386491: shutdown 2a62309e-ec6c-4a0a-91b7-4d126a386491@group-0C490C4DB558-FollowerState
2023-02-16 22:43:15,440 [2a62309e-ec6c-4a0a-91b7-4d126a386491-impl-thread3] INFO  server.RaftServer$Division (RaftServerImpl.java:lambda$close$4(458)) - 2a62309e-ec6c-4a0a-91b7-4d126a386491@group-F5246A9C6574: shutdown
2023-02-16 22:43:15,440 [2a62309e-ec6c-4a0a-91b7-4d126a386491-impl-thread3] INFO  util.JmxRegister (JmxRegister.java:unregister(73)) - Successfully un-registered JMX Bean with object name Ratis:service=RaftServer,group=group-F5246A9C6574,id=2a62309e-ec6c-4a0a-91b7-4d126a386491
2023-02-16 22:43:15,440 [2a62309e-ec6c-4a0a-91b7-4d126a386491-impl-thread3] INFO  impl.RoleInfo (RoleInfo.java:shutdownLeaderState(93)) - 2a62309e-ec6c-4a0a-91b7-4d126a386491: shutdown 2a62309e-ec6c-4a0a-91b7-4d126a386491@group-F5246A9C6574-LeaderStateImpl
2023-02-16 22:43:15,477 [2a62309e-ec6c-4a0a-91b7-4d126a386491@group-DC7EA6ED705C-StateMachineUpdater] INFO  ratis.ContainerStateMachine (ContainerStateMachine.java:takeSnapshot(319)) - group-DC7EA6ED705C: Finished taking a snapshot at:(t:1, i:0) file:/home/runner/work/ozone/ozone/hadoop-ozone/integration-test/target/test-dir/MiniOzoneClusterImpl-e104f6e4-c147-46af-9a65-8b38e2aa4633/datanode-1/data/ratis/a7288742-3c19-48a7-a608-dc7ea6ed705c/sm/snapshot.1_0 took: 83 ms
2023-02-16 22:43:15,479 [2a62309e-ec6c-4a0a-91b7-4d126a386491@group-DC7EA6ED705C-StateMachineUpdater] INFO  impl.StateMachineUpdater (StateMachineUpdater.java:takeSnapshot(287)) - 2a62309e-ec6c-4a0a-91b7-4d126a386491@group-DC7EA6ED705C-StateMachineUpdater: Took a snapshot at index 0
2023-02-16 22:43:15,479 [2a62309e-ec6c-4a0a-91b7-4d126a386491@group-DC7EA6ED705C-StateMachineUpdater] INFO  impl.StateMachineUpdater (StateMachineUpdater.java:lambda$new$0(92)) - 2a62309e-ec6c-4a0a-91b7-4d126a386491@group-DC7EA6ED705C-StateMachineUpdater: snapshotIndex: updateIncreasingly -1 -> 0
2023-02-16 22:43:15,480 [d47a9118-a689-402c-b263-2bea1a811f25@group-F5246A9C6574-StateMachineUpdater] INFO  ratis.ContainerStateMachine (ContainerStateMachine.java:takeSnapshot(319)) - group-F5246A9C6574: Finished taking a snapshot at:(t:1, i:0) file:/home/runner/work/ozone/ozone/hadoop-ozone/integration-test/target/test-dir/MiniOzoneClusterImpl-e104f6e4-c147-46af-9a65-8b38e2aa4633/datanode-2/data/ratis/0d8cd3b7-e921-433d-9a06-f5246a9c6574/sm/snapshot.1_0 took: 80 ms
2023-02-16 22:43:15,480 [d47a9118-a689-402c-b263-2bea1a811f25@group-F5246A9C6574-StateMachineUpdater] INFO  impl.StateMachineUpdater (StateMachineUpdater.java:takeSnapshot(287)) - d47a9118-a689-402c-b263-2bea1a811f25@group-F5246A9C6574-StateMachineUpdater: Took a snapshot at index 0
2023-02-16 22:43:15,481 [d47a9118-a689-402c-b263-2bea1a811f25@group-F5246A9C6574-StateMachineUpdater] INFO  impl.StateMachineUpdater (StateMachineUpdater.java:lambda$new$0(92)) - d47a9118-a689-402c-b263-2bea1a811f25@group-F5246A9C6574-StateMachineUpdater: snapshotIndex: updateIncreasingly -1 -> 0
2023-02-16 22:43:15,481 [d47a9118-a689-402c-b263-2bea1a811f25@group-0C490C4DB558-StateMachineUpdater] INFO  ratis.ContainerStateMachine (ContainerStateMachine.java:takeSnapshot(319)) - group-0C490C4DB558: Finished taking a snapshot at:(t:1, i:0) file:/home/runner/work/ozone/ozone/hadoop-ozone/integration-test/target/test-dir/MiniOzoneClusterImpl-e104f6e4-c147-46af-9a65-8b38e2aa4633/datanode-2/data/ratis/887328f1-0fe5-4a1e-ad40-0c490c4db558/sm/snapshot.1_0 took: 110 ms
2023-02-16 22:43:15,481 [d47a9118-a689-402c-b263-2bea1a811f25@group-0C490C4DB558-StateMachineUpdater] INFO  impl.StateMachineUpdater (StateMachineUpdater.java:takeSnapshot(287)) - d47a9118-a689-402c-b263-2bea1a811f25@group-0C490C4DB558-StateMachineUpdater: Took a snapshot at index 0
2023-02-16 22:43:15,481 [d47a9118-a689-402c-b263-2bea1a811f25@group-0C490C4DB558-StateMachineUpdater] INFO  impl.StateMachineUpdater (StateMachineUpdater.java:lambda$new$0(92)) - d47a9118-a689-402c-b263-2bea1a811f25@group-0C490C4DB558-StateMachineUpdater: snapshotIndex: updateIncreasingly -1 -> 0
2023-02-16 22:43:15,481 [d47a9118-a689-402c-b263-2bea1a811f25@group-6110A1C92487-StateMachineUpdater] INFO  ratis.ContainerStateMachine (ContainerStateMachine.java:takeSnapshot(319)) - group-6110A1C92487: Finished taking a snapshot at:(t:1, i:0) file:/home/runner/work/ozone/ozone/hadoop-ozone/integration-test/target/test-dir/MiniOzoneClusterImpl-e104f6e4-c147-46af-9a65-8b38e2aa4633/datanode-2/data/ratis/4d932b74-1483-4799-95e6-6110a1c92487/sm/snapshot.1_0 took: 98 ms
2023-02-16 22:43:15,493 [grpc-default-executor-10] WARN  server.GrpcLogAppender (LogUtils.java:warn(122)) - 85bc4c93-8919-4d90-bdda-716e90a765bf@group-0C490C4DB558->2a62309e-ec6c-4a0a-91b7-4d126a386491-AppendLogResponseHandler: Failed appendEntries: org.apache.ratis.thirdparty.io.grpc.StatusRuntimeException: CANCELLED: RST_STREAM closed stream. HTTP/2 error code: CANCEL
2023-02-16 22:43:15,492 [grpc-default-executor-7] WARN  server.GrpcServerProtocolService (LogUtils.java:warn(122)) - 2a62309e-ec6c-4a0a-91b7-4d126a386491: installSnapshot onError, lastRequest: null: org.apache.ratis.thirdparty.io.grpc.StatusRuntimeException: CANCELLED: client cancelled
2023-02-16 22:43:15,492 [grpc-default-executor-9] WARN  server.GrpcServerProtocolService (LogUtils.java:warn(122)) - 2a62309e-ec6c-4a0a-91b7-4d126a386491: installSnapshot onError, lastRequest: 85bc4c93-8919-4d90-bdda-716e90a765bf->2a62309e-ec6c-4a0a-91b7-4d126a386491#1-t1,previous=(t:0, i:0),leaderCommit=0,initializing? true,entries: size=1, first=(t:1, i:0), CONFIGURATIONENTRY(current:id: "2a62309e-ec6c-4a0a-91b7-4d126a386491"
address: "10.1.0.43:34649"
dataStreamAddress: "10.1.0.43:38237"
clientAddress: "10.1.0.43:34649"
adminAddress: "10.1.0.43:34649"
startupRole: FOLLOWER
,id: "85bc4c93-8919-4d90-bdda-716e90a765bf"
address: "10.1.0.43:40269"
priority: 1
dataStreamAddress: "10.1.0.43:36907"
clientAddress: "10.1.0.43:40269"
adminAddress: "10.1.0.43:40269"
startupRole: FOLLOWER
,id: "d47a9118-a689-402c-b263-2bea1a811f25"
address: "10.1.0.43:39221"
dataStreamAddress: "10.1.0.43:38769"
clientAddress: "10.1.0.43:39221"
adminAddress: "10.1.0.43:39221"
startupRole: FOLLOWER
, old:): org.apache.ratis.thirdparty.io.grpc.StatusRuntimeException: CANCELLED: client cancelled
2023-02-16 22:43:15,490 [d47a9118-a689-402c-b263-2bea1a811f25-impl-thread3] INFO  server.RaftServer$Division (ServerState.java:close(466)) - d47a9118-a689-402c-b263-2bea1a811f25@group-F5246A9C6574: closes. applyIndex: 0
2023-02-16 22:43:15,497 [d47a9118-a689-402c-b263-2bea1a811f25@group-F5246A9C6574-SegmentedRaftLogWorker] INFO  segmented.SegmentedRaftLogWorker (SegmentedRaftLogWorker.java:run(347)) - d47a9118-a689-402c-b263-2bea1a811f25@group-F5246A9C6574-SegmentedRaftLogWorker was interrupted, exiting. There are 0 tasks remaining in the queue.
2023-02-16 22:43:15,490 [grpc-default-executor-6] WARN  server.GrpcLogAppender (LogUtils.java:warn(122)) - 85bc4c93-8919-4d90-bdda-716e90a765bf@group-0C490C4DB558->2a62309e-ec6c-4a0a-91b7-4d126a386491-AppendLogResponseHandler: Failed appendEntries: org.apache.ratis.thirdparty.io.grpc.StatusRuntimeException: CANCELLED: RST_STREAM closed stream. HTTP/2 error code: CANCEL
2023-02-16 22:43:15,489 [2a62309e-ec6c-4a0a-91b7-4d126a386491-impl-thread1] INFO  server.RaftServer$Division (ServerState.java:close(466)) - 2a62309e-ec6c-4a0a-91b7-4d126a386491@group-DC7EA6ED705C: closes. applyIndex: 0
2023-02-16 22:43:15,489 [d47a9118-a689-402c-b263-2bea1a811f25-impl-thread1] INFO  server.RaftServer$Division (ServerState.java:close(466)) - d47a9118-a689-402c-b263-2bea1a811f25@group-0C490C4DB558: closes. applyIndex: 0
2023-02-16 22:43:15,499 [d47a9118-a689-402c-b263-2bea1a811f25@group-0C490C4DB558-SegmentedRaftLogWorker] INFO  segmented.SegmentedRaftLogWorker (SegmentedRaftLogWorker.java:run(347)) - d47a9118-a689-402c-b263-2bea1a811f25@group-0C490C4DB558-SegmentedRaftLogWorker was interrupted, exiting. There are 0 tasks remaining in the queue.
2023-02-16 22:43:15,486 [ForkJoinPool.commonPool-worker-0] INFO  server.GrpcServerProtocolClient (GrpcServerProtocolClient.java:close(101)) - d47a9118-a689-402c-b263-2bea1a811f25 Close channels
2023-02-16 22:43:15,483 [2a62309e-ec6c-4a0a-91b7-4d126a386491@group-0C490C4DB558-StateMachineUpdater] INFO  ratis.ContainerStateMachine (ContainerStateMachine.java:takeSnapshot(308)) - group-0C490C4DB558: Taking a snapshot at:(t:1, i:0) file /home/runner/work/ozone/ozone/hadoop-ozone/integration-test/target/test-dir/MiniOzoneClusterImpl-e104f6e4-c147-46af-9a65-8b38e2aa4633/datanode-1/data/ratis/887328f1-0fe5-4a1e-ad40-0c490c4db558/sm/snapshot.1_0
2023-02-16 22:43:15,500 [2a62309e-ec6c-4a0a-91b7-4d126a386491@group-DC7EA6ED705C-SegmentedRaftLogWorker] INFO  segmented.SegmentedRaftLogWorker (SegmentedRaftLogWorker.java:run(347)) - 2a62309e-ec6c-4a0a-91b7-4d126a386491@group-DC7EA6ED705C-SegmentedRaftLogWorker was interrupted, exiting. There are 0 tasks remaining in the queue.
2023-02-16 22:43:15,482 [2a62309e-ec6c-4a0a-91b7-4d126a386491@group-0C490C4DB558-FollowerState] INFO  impl.FollowerState (FollowerState.java:run(152)) - 2a62309e-ec6c-4a0a-91b7-4d126a386491@group-0C490C4DB558-FollowerState was interrupted
2023-02-16 22:43:15,482 [2a62309e-ec6c-4a0a-91b7-4d126a386491-impl-thread2] INFO  impl.StateMachineUpdater (StateMachineUpdater.java:stopAndJoin(153)) - 2a62309e-ec6c-4a0a-91b7-4d126a386491@group-0C490C4DB558-StateMachineUpdater: set stopIndex = 0
2023-02-16 22:43:15,482 [2a62309e-ec6c-4a0a-91b7-4d126a386491@group-F5246A9C6574->85bc4c93-8919-4d90-bdda-716e90a765bf-GrpcLogAppender-LogAppenderDaemon] WARN  server.GrpcLogAppender (GrpcLogAppender.java:mayWait(200)) - 2a62309e-ec6c-4a0a-91b7-4d126a386491@group-F5246A9C6574->85bc4c93-8919-4d90-bdda-716e90a765bf-GrpcLogAppender: Wait interrupted by java.lang.InterruptedException
2023-02-16 22:43:15,502 [2a62309e-ec6c-4a0a-91b7-4d126a386491-impl-thread1] INFO  segmented.SegmentedRaftLogWorker (SegmentedRaftLogWorker.java:close(257)) - 2a62309e-ec6c-4a0a-91b7-4d126a386491@group-DC7EA6ED705C-SegmentedRaftLogWorker close()
2023-02-16 22:43:15,481 [2a62309e-ec6c-4a0a-91b7-4d126a386491-impl-thread3] INFO  impl.PendingRequests (PendingRequests.java:sendNotLeaderResponses(282)) - 2a62309e-ec6c-4a0a-91b7-4d126a386491@group-F5246A9C6574-PendingRequests: sendNotLeaderResponses
2023-02-16 22:43:15,503 [2a62309e-ec6c-4a0a-91b7-4d126a386491-impl-thread3] INFO  impl.StateMachineUpdater (StateMachineUpdater.java:stopAndJoin(153)) - 2a62309e-ec6c-4a0a-91b7-4d126a386491@group-F5246A9C6574-StateMachineUpdater: set stopIndex = 0
2023-02-16 22:43:15,503 [2a62309e-ec6c-4a0a-91b7-4d126a386491@group-F5246A9C6574-StateMachineUpdater] INFO  ratis.ContainerStateMachine (ContainerStateMachine.java:takeSnapshot(308)) - group-F5246A9C6574: Taking a snapshot at:(t:1, i:0) file /home/runner/work/ozone/ozone/hadoop-ozone/integration-test/target/test-dir/MiniOzoneClusterImpl-e104f6e4-c147-46af-9a65-8b38e2aa4633/datanode-1/data/ratis/0d8cd3b7-e921-433d-9a06-f5246a9c6574/sm/snapshot.1_0
2023-02-16 22:43:15,502 [2a62309e-ec6c-4a0a-91b7-4d126a386491@group-0C490C4DB558-StateMachineUpdater] INFO  ratis.ContainerStateMachine (ContainerStateMachine.java:takeSnapshot(319)) - group-0C490C4DB558: Finished taking a snapshot at:(t:1, i:0) file:/home/runner/work/ozone/ozone/hadoop-ozone/integration-test/target/test-dir/MiniOzoneClusterImpl-e104f6e4-c147-46af-9a65-8b38e2aa4633/datanode-1/data/ratis/887328f1-0fe5-4a1e-ad40-0c490c4db558/sm/snapshot.1_0 took: 19 ms
2023-02-16 22:43:15,504 [2a62309e-ec6c-4a0a-91b7-4d126a386491@group-0C490C4DB558-StateMachineUpdater] INFO  impl.StateMachineUpdater (StateMachineUpdater.java:takeSnapshot(287)) - 2a62309e-ec6c-4a0a-91b7-4d126a386491@group-0C490C4DB558-StateMachineUpdater: Took a snapshot at index 0
2023-02-16 22:43:15,504 [2a62309e-ec6c-4a0a-91b7-4d126a386491@group-0C490C4DB558-StateMachineUpdater] INFO  impl.StateMachineUpdater (StateMachineUpdater.java:lambda$new$0(92)) - 2a62309e-ec6c-4a0a-91b7-4d126a386491@group-0C490C4DB558-StateMachineUpdater: snapshotIndex: updateIncreasingly -1 -> 0
2023-02-16 22:43:15,504 [2a62309e-ec6c-4a0a-91b7-4d126a386491-impl-thread2] INFO  server.RaftServer$Division (ServerState.java:close(466)) - 2a62309e-ec6c-4a0a-91b7-4d126a386491@group-0C490C4DB558: closes. applyIndex: 0
2023-02-16 22:43:15,505 [2a62309e-ec6c-4a0a-91b7-4d126a386491@group-0C490C4DB558-SegmentedRaftLogWorker] INFO  segmented.SegmentedRaftLogWorker (SegmentedRaftLogWorker.java:run(347)) - 2a62309e-ec6c-4a0a-91b7-4d126a386491@group-0C490C4DB558-SegmentedRaftLogWorker was interrupted, exiting. There are 0 tasks remaining in the queue.
2023-02-16 22:43:15,502 [ForkJoinPool.commonPool-worker-0] INFO  server.GrpcServerProtocolClient (GrpcServerProtocolClient.java:close(101)) - 85bc4c93-8919-4d90-bdda-716e90a765bf Close channels
2023-02-16 22:43:15,505 [2a62309e-ec6c-4a0a-91b7-4d126a386491@group-F5246A9C6574-StateMachineUpdater] INFO  ratis.ContainerStateMachine (ContainerStateMachine.java:takeSnapshot(319)) - group-F5246A9C6574: Finished taking a snapshot at:(t:1, i:0) file:/home/runner/work/ozone/ozone/hadoop-ozone/integration-test/target/test-dir/MiniOzoneClusterImpl-e104f6e4-c147-46af-9a65-8b38e2aa4633/datanode-1/data/ratis/0d8cd3b7-e921-433d-9a06-f5246a9c6574/sm/snapshot.1_0 took: 2 ms
2023-02-16 22:43:15,505 [2a62309e-ec6c-4a0a-91b7-4d126a386491@group-F5246A9C6574-StateMachineUpdater] INFO  impl.StateMachineUpdater (StateMachineUpdater.java:takeSnapshot(287)) - 2a62309e-ec6c-4a0a-91b7-4d126a386491@group-F5246A9C6574-StateMachineUpdater: Took a snapshot at index 0
2023-02-16 22:43:15,505 [2a62309e-ec6c-4a0a-91b7-4d126a386491@group-F5246A9C6574-StateMachineUpdater] INFO  impl.StateMachineUpdater (StateMachineUpdater.java:lambda$new$0(92)) - 2a62309e-ec6c-4a0a-91b7-4d126a386491@group-F5246A9C6574-StateMachineUpdater: snapshotIndex: updateIncreasingly -1 -> 0
2023-02-16 22:43:15,506 [grpc-default-executor-7] INFO  server.GrpcServerProtocolService (GrpcServerProtocolService.java:onCompleted(143)) - 85bc4c93-8919-4d90-bdda-716e90a765bf: Completed APPEND_ENTRIES, lastRequest: null
2023-02-16 22:43:15,502 [d47a9118-a689-402c-b263-2bea1a811f25-impl-thread1] INFO  segmented.SegmentedRaftLogWorker (SegmentedRaftLogWorker.java:close(257)) - d47a9118-a689-402c-b263-2bea1a811f25@group-0C490C4DB558-SegmentedRaftLogWorker close()
2023-02-16 22:43:15,506 [grpc-default-executor-9] INFO  server.GrpcServerProtocolService (GrpcServerProtocolService.java:onCompleted(143)) - 85bc4c93-8919-4d90-bdda-716e90a765bf: Completed APPEND_ENTRIES, lastRequest: 2a62309e-ec6c-4a0a-91b7-4d126a386491->85bc4c93-8919-4d90-bdda-716e90a765bf#1-t1,previous=(t:0, i:0),leaderCommit=0,initializing? true,entries: size=1, first=(t:1, i:0), CONFIGURATIONENTRY(current:id: "2a62309e-ec6c-4a0a-91b7-4d126a386491"
address: "10.1.0.43:34649"
priority: 1
dataStreamAddress: "10.1.0.43:38237"
clientAddress: "10.1.0.43:34649"
adminAddress: "10.1.0.43:34649"
startupRole: FOLLOWER
,id: "d47a9118-a689-402c-b263-2bea1a811f25"
address: "10.1.0.43:39221"
dataStreamAddress: "10.1.0.43:38769"
clientAddress: "10.1.0.43:39221"
adminAddress: "10.1.0.43:39221"
startupRole: FOLLOWER
,id: "85bc4c93-8919-4d90-bdda-716e90a765bf"
address: "10.1.0.43:40269"
dataStreamAddress: "10.1.0.43:36907"
clientAddress: "10.1.0.43:40269"
adminAddress: "10.1.0.43:40269"
startupRole: FOLLOWER
, old:)
2023-02-16 22:43:15,499 [d47a9118-a689-402c-b263-2bea1a811f25-impl-thread3] INFO  segmented.SegmentedRaftLogWorker (SegmentedRaftLogWorker.java:close(257)) - d47a9118-a689-402c-b263-2bea1a811f25@group-F5246A9C6574-SegmentedRaftLogWorker close()
2023-02-16 22:43:15,497 [grpc-default-executor-10] WARN  server.GrpcLogAppender (GrpcLogAppender.java:resetClient(131)) - 85bc4c93-8919-4d90-bdda-716e90a765bf@group-0C490C4DB558->2a62309e-ec6c-4a0a-91b7-4d126a386491-GrpcLogAppender: Leader has not got in touch with Follower 85bc4c93-8919-4d90-bdda-716e90a765bf@group-0C490C4DB558->2a62309e-ec6c-4a0a-91b7-4d126a386491(c0,m0,n1, attendVote=true, lastRpcSendTime=1160, lastRpcResponseTime=1158) yet, just keep nextIndex unchanged and retry.
2023-02-16 22:43:15,494 [d47a9118-a689-402c-b263-2bea1a811f25@group-6110A1C92487-StateMachineUpdater] INFO  impl.StateMachineUpdater (StateMachineUpdater.java:takeSnapshot(287)) - d47a9118-a689-402c-b263-2bea1a811f25@group-6110A1C92487-StateMachineUpdater: Took a snapshot at index 0
2023-02-16 22:43:15,507 [grpc-default-executor-6] WARN  server.GrpcLogAppender (GrpcLogAppender.java:resetClient(131)) - 85bc4c93-8919-4d90-bdda-716e90a765bf@group-0C490C4DB558->2a62309e-ec6c-4a0a-91b7-4d126a386491-GrpcLogAppender: Leader has not got in touch with Follower 85bc4c93-8919-4d90-bdda-716e90a765bf@group-0C490C4DB558->2a62309e-ec6c-4a0a-91b7-4d126a386491(c0,m0,n1, attendVote=true, lastRpcSendTime=1170, lastRpcResponseTime=1168) yet, just keep nextIndex unchanged and retry.
2023-02-16 22:43:15,507 [2a62309e-ec6c-4a0a-91b7-4d126a386491-impl-thread3] INFO  server.RaftServer$Division (ServerState.java:close(466)) - 2a62309e-ec6c-4a0a-91b7-4d126a386491@group-F5246A9C6574: closes. applyIndex: 0
2023-02-16 22:43:15,507 [d47a9118-a689-402c-b263-2bea1a811f25@group-6110A1C92487-StateMachineUpdater] INFO  impl.StateMachineUpdater (StateMachineUpdater.java:lambda$new$0(92)) - d47a9118-a689-402c-b263-2bea1a811f25@group-6110A1C92487-StateMachineUpdater: snapshotIndex: updateIncreasingly -1 -> 0
2023-02-16 22:43:15,508 [d47a9118-a689-402c-b263-2bea1a811f25-impl-thread2] INFO  server.RaftServer$Division (ServerState.java:close(466)) - d47a9118-a689-402c-b263-2bea1a811f25@group-6110A1C92487: closes. applyIndex: 0
2023-02-16 22:43:15,508 [d47a9118-a689-402c-b263-2bea1a811f25@group-6110A1C92487-SegmentedRaftLogWorker] INFO  segmented.SegmentedRaftLogWorker (SegmentedRaftLogWorker.java:run(347)) - d47a9118-a689-402c-b263-2bea1a811f25@group-6110A1C92487-SegmentedRaftLogWorker was interrupted, exiting. There are 0 tasks remaining in the queue.
2023-02-16 22:43:15,510 [2a62309e-ec6c-4a0a-91b7-4d126a386491-impl-thread2] INFO  segmented.SegmentedRaftLogWorker (SegmentedRaftLogWorker.java:close(257)) - 2a62309e-ec6c-4a0a-91b7-4d126a386491@group-0C490C4DB558-SegmentedRaftLogWorker close()
2023-02-16 22:43:15,511 [grpc-default-executor-10] INFO  server.GrpcLogAppender (GrpcLogAppender.java:onCompleted(415)) - 2a62309e-ec6c-4a0a-91b7-4d126a386491@group-F5246A9C6574->85bc4c93-8919-4d90-bdda-716e90a765bf-AppendLogResponseHandler: follower responses appendEntries COMPLETED
2023-02-16 22:43:15,511 [grpc-default-executor-10] WARN  server.GrpcLogAppender (GrpcLogAppender.java:resetClient(137)) - 2a62309e-ec6c-4a0a-91b7-4d126a386491@group-F5246A9C6574->85bc4c93-8919-4d90-bdda-716e90a765bf-GrpcLogAppender: Failed to getClient for 85bc4c93-8919-4d90-bdda-716e90a765bf
org.apache.ratis.protocol.exceptions.AlreadyClosedException: 2a62309e-ec6c-4a0a-91b7-4d126a386491 is already CLOSED
	at org.apache.ratis.util.PeerProxyMap$PeerAndProxy.getProxy(PeerProxyMap.java:61)
	at org.apache.ratis.util.PeerProxyMap.getProxy(PeerProxyMap.java:115)
	at org.apache.ratis.grpc.server.GrpcLogAppender.getClient(GrpcLogAppender.java:116)
	at org.apache.ratis.grpc.server.GrpcLogAppender.resetClient(GrpcLogAppender.java:121)
	at org.apache.ratis.grpc.server.GrpcLogAppender.access$500(GrpcLogAppender.java:58)
	at org.apache.ratis.grpc.server.GrpcLogAppender$AppendLogResponseHandler.onCompleted(GrpcLogAppender.java:416)
	at org.apache.ratis.thirdparty.io.grpc.stub.ClientCalls$StreamObserverToCallListenerAdapter.onClose(ClientCalls.java:485)
	at org.apache.ratis.thirdparty.io.grpc.internal.ClientCallImpl.closeObserver(ClientCallImpl.java:562)
	at org.apache.ratis.thirdparty.io.grpc.internal.ClientCallImpl.access$300(ClientCallImpl.java:70)
	at org.apache.ratis.thirdparty.io.grpc.internal.ClientCallImpl$ClientStreamListenerImpl$1StreamClosed.runInternal(ClientCallImpl.java:743)
	at org.apache.ratis.thirdparty.io.grpc.internal.ClientCallImpl$ClientStreamListenerImpl$1StreamClosed.runInContext(ClientCallImpl.java:722)
	at org.apache.ratis.thirdparty.io.grpc.internal.ContextRunnable.run(ContextRunnable.java:37)
	at org.apache.ratis.thirdparty.io.grpc.internal.SerializingExecutor.run(SerializingExecutor.java:133)
	at java.util.concurrent.ThreadPoolExecutor.runWorker(ThreadPoolExecutor.java:1149)
	at java.util.concurrent.ThreadPoolExecutor$Worker.run(ThreadPoolExecutor.java:624)
	at java.lang.Thread.run(Thread.java:750)
2023-02-16 22:43:15,511 [d47a9118-a689-402c-b263-2bea1a811f25-impl-thread2] INFO  segmented.SegmentedRaftLogWorker (SegmentedRaftLogWorker.java:close(257)) - d47a9118-a689-402c-b263-2bea1a811f25@group-6110A1C92487-SegmentedRaftLogWorker close()
2023-02-16 22:43:15,512 [grpc-default-executor-6] INFO  server.GrpcLogAppender (GrpcLogAppender.java:onCompleted(415)) - 2a62309e-ec6c-4a0a-91b7-4d126a386491@group-F5246A9C6574->85bc4c93-8919-4d90-bdda-716e90a765bf-AppendLogResponseHandler: follower responses appendEntries COMPLETED
2023-02-16 22:43:15,512 [grpc-default-executor-6] WARN  server.GrpcLogAppender (GrpcLogAppender.java:resetClient(137)) - 2a62309e-ec6c-4a0a-91b7-4d126a386491@group-F5246A9C6574->85bc4c93-8919-4d90-bdda-716e90a765bf-GrpcLogAppender: Failed to getClient for 85bc4c93-8919-4d90-bdda-716e90a765bf
org.apache.ratis.protocol.exceptions.AlreadyClosedException: 2a62309e-ec6c-4a0a-91b7-4d126a386491 is already CLOSED
	at org.apache.ratis.util.PeerProxyMap$PeerAndProxy.getProxy(PeerProxyMap.java:61)
	at org.apache.ratis.util.PeerProxyMap.getProxy(PeerProxyMap.java:115)
	at org.apache.ratis.grpc.server.GrpcLogAppender.getClient(GrpcLogAppender.java:116)
	at org.apache.ratis.grpc.server.GrpcLogAppender.resetClient(GrpcLogAppender.java:121)
	at org.apache.ratis.grpc.server.GrpcLogAppender.access$500(GrpcLogAppender.java:58)
	at org.apache.ratis.grpc.server.GrpcLogAppender$AppendLogResponseHandler.onCompleted(GrpcLogAppender.java:416)
	at org.apache.ratis.thirdparty.io.grpc.stub.ClientCalls$StreamObserverToCallListenerAdapter.onClose(ClientCalls.java:485)
	at org.apache.ratis.thirdparty.io.grpc.internal.ClientCallImpl.closeObserver(ClientCallImpl.java:562)
	at org.apache.ratis.thirdparty.io.grpc.internal.ClientCallImpl.access$300(ClientCallImpl.java:70)
	at org.apache.ratis.thirdparty.io.grpc.internal.ClientCallImpl$ClientStreamListenerImpl$1StreamClosed.runInternal(ClientCallImpl.java:743)
	at org.apache.ratis.thirdparty.io.grpc.internal.ClientCallImpl$ClientStreamListenerImpl$1StreamClosed.runInContext(ClientCallImpl.java:722)
	at org.apache.ratis.thirdparty.io.grpc.internal.ContextRunnable.run(ContextRunnable.java:37)
	at org.apache.ratis.thirdparty.io.grpc.internal.SerializingExecutor.run(SerializingExecutor.java:133)
	at java.util.concurrent.ThreadPoolExecutor.runWorker(ThreadPoolExecutor.java:1149)
	at java.util.concurrent.ThreadPoolExecutor$Worker.run(ThreadPoolExecutor.java:624)
	at java.lang.Thread.run(Thread.java:750)
2023-02-16 22:43:15,513 [2a62309e-ec6c-4a0a-91b7-4d126a386491@group-F5246A9C6574-SegmentedRaftLogWorker] INFO  segmented.SegmentedRaftLogWorker (SegmentedRaftLogWorker.java:run(347)) - 2a62309e-ec6c-4a0a-91b7-4d126a386491@group-F5246A9C6574-SegmentedRaftLogWorker was interrupted, exiting. There are 0 tasks remaining in the queue.
2023-02-16 22:43:15,526 [2a62309e-ec6c-4a0a-91b7-4d126a386491-impl-thread3] INFO  segmented.SegmentedRaftLogWorker (SegmentedRaftLogWorker.java:close(257)) - 2a62309e-ec6c-4a0a-91b7-4d126a386491@group-F5246A9C6574-SegmentedRaftLogWorker close()
2023-02-16 22:43:15,530 [JvmPauseMonitor3] INFO  util.JvmPauseMonitor (JvmPauseMonitor.java:run(111)) - JvmPauseMonitor-d47a9118-a689-402c-b263-2bea1a811f25: Stopped
2023-02-16 22:43:15,538 [ForkJoinPool.commonPool-worker-0] INFO  server.GrpcService (GrpcService.java:closeImpl(280)) - 2a62309e-ec6c-4a0a-91b7-4d126a386491: shutdown server GrpcServerProtocolService successfully
2023-02-16 22:43:15,538 [2a62309e-ec6c-4a0a-91b7-4d126a386491-NettyServerStreamRpc-bossGroup--thread1] INFO  logging.LoggingHandler (AbstractInternalLogger.java:log(148)) - [id: 0x0dea773d, L:/0:0:0:0:0:0:0:0:38237] CLOSE
2023-02-16 22:43:15,538 [2a62309e-ec6c-4a0a-91b7-4d126a386491-NettyServerStreamRpc-bossGroup--thread1] INFO  logging.LoggingHandler (AbstractInternalLogger.java:log(148)) - [id: 0x0dea773d, L:/0:0:0:0:0:0:0:0:38237] INACTIVE
2023-02-16 22:43:15,538 [2a62309e-ec6c-4a0a-91b7-4d126a386491-NettyServerStreamRpc-bossGroup--thread1] INFO  logging.LoggingHandler (AbstractInternalLogger.java:log(148)) - [id: 0x0dea773d, L:/0:0:0:0:0:0:0:0:38237] UNREGISTERED
2023-02-16 22:43:15,578 [JvmPauseMonitor2] INFO  util.JvmPauseMonitor (JvmPauseMonitor.java:run(111)) - JvmPauseMonitor-2a62309e-ec6c-4a0a-91b7-4d126a386491: Stopped
2023-02-16 22:43:16,843 [grpc-default-executor-10] WARN  server.GrpcLogAppender (LogUtils.java:warn(122)) - 85bc4c93-8919-4d90-bdda-716e90a765bf@group-0C490C4DB558->d47a9118-a689-402c-b263-2bea1a811f25-AppendLogResponseHandler: Failed appendEntries: org.apache.ratis.thirdparty.io.grpc.StatusRuntimeException: UNAVAILABLE: io exception
2023-02-16 22:43:16,844 [grpc-default-executor-10] WARN  server.GrpcLogAppender (GrpcLogAppender.java:resetClient(131)) - 85bc4c93-8919-4d90-bdda-716e90a765bf@group-0C490C4DB558->d47a9118-a689-402c-b263-2bea1a811f25-GrpcLogAppender: Leader has not got in touch with Follower 85bc4c93-8919-4d90-bdda-716e90a765bf@group-0C490C4DB558->d47a9118-a689-402c-b263-2bea1a811f25(c0,m0,n1, attendVote=true, lastRpcSendTime=9, lastRpcResponseTime=2512) yet, just keep nextIndex unchanged and retry.
2023-02-16 22:43:16,850 [grpc-default-executor-6] WARN  server.GrpcLogAppender (LogUtils.java:warn(122)) - 85bc4c93-8919-4d90-bdda-716e90a765bf@group-0C490C4DB558->d47a9118-a689-402c-b263-2bea1a811f25-AppendLogResponseHandler: Failed appendEntries: org.apache.ratis.thirdparty.io.grpc.StatusRuntimeException: UNAVAILABLE: io exception
2023-02-16 22:43:16,851 [grpc-default-executor-6] WARN  server.GrpcLogAppender (GrpcLogAppender.java:resetClient(131)) - 85bc4c93-8919-4d90-bdda-716e90a765bf@group-0C490C4DB558->d47a9118-a689-402c-b263-2bea1a811f25-GrpcLogAppender: Leader has not got in touch with Follower 85bc4c93-8919-4d90-bdda-716e90a765bf@group-0C490C4DB558->d47a9118-a689-402c-b263-2bea1a811f25(c0,m0,n1, attendVote=true, lastRpcSendTime=15, lastRpcResponseTime=2518) yet, just keep nextIndex unchanged and retry.
2023-02-16 22:43:16,858 [grpc-default-executor-10] WARN  server.GrpcLogAppender (LogUtils.java:warn(122)) - 85bc4c93-8919-4d90-bdda-716e90a765bf@group-0C490C4DB558->2a62309e-ec6c-4a0a-91b7-4d126a386491-AppendLogResponseHandler: Failed appendEntries: org.apache.ratis.thirdparty.io.grpc.StatusRuntimeException: UNAVAILABLE: io exception
2023-02-16 22:43:16,858 [grpc-default-executor-10] WARN  server.GrpcLogAppender (GrpcLogAppender.java:resetClient(131)) - 85bc4c93-8919-4d90-bdda-716e90a765bf@group-0C490C4DB558->2a62309e-ec6c-4a0a-91b7-4d126a386491-GrpcLogAppender: Leader has not got in touch with Follower 85bc4c93-8919-4d90-bdda-716e90a765bf@group-0C490C4DB558->2a62309e-ec6c-4a0a-91b7-4d126a386491(c0,m0,n1, attendVote=true, lastRpcSendTime=1, lastRpcResponseTime=2519) yet, just keep nextIndex unchanged and retry.
2023-02-16 22:43:16,860 [grpc-default-executor-6] WARN  server.GrpcLogAppender (LogUtils.java:warn(122)) - 85bc4c93-8919-4d90-bdda-716e90a765bf@group-0C490C4DB558->2a62309e-ec6c-4a0a-91b7-4d126a386491-AppendLogResponseHandler: Failed appendEntries: org.apache.ratis.thirdparty.io.grpc.StatusRuntimeException: UNAVAILABLE: io exception
2023-02-16 22:43:16,861 [grpc-default-executor-6] WARN  server.GrpcLogAppender (GrpcLogAppender.java:resetClient(131)) - 85bc4c93-8919-4d90-bdda-716e90a765bf@group-0C490C4DB558->2a62309e-ec6c-4a0a-91b7-4d126a386491-GrpcLogAppender: Leader has not got in touch with Follower 85bc4c93-8919-4d90-bdda-716e90a765bf@group-0C490C4DB558->2a62309e-ec6c-4a0a-91b7-4d126a386491(c0,m0,n1, attendVote=true, lastRpcSendTime=4, lastRpcResponseTime=2522) yet, just keep nextIndex unchanged and retry.
2023-02-16 22:43:17,595 [Listener at 127.0.0.1/41759] INFO  volume.HddsVolume (HddsVolume.java:closeDbStore(362)) - SchemaV3 db is stopped at /home/runner/work/ozone/ozone/hadoop-ozone/integration-test/target/test-dir/MiniOzoneClusterImpl-e104f6e4-c147-46af-9a65-8b38e2aa4633/datanode-2/data-0/containers/hdds/e104f6e4-c147-46af-9a65-8b38e2aa4633/DS-dfc79441-b15b-42ec-9a77-3466ff5e2a31/container.db for volume DS-dfc79441-b15b-42ec-9a77-3466ff5e2a31
2023-02-16 22:43:17,595 [Listener at 127.0.0.1/41759] INFO  utils.BackgroundService (BackgroundService.java:shutdown(141)) - Shutting down service BlockDeletingService
2023-02-16 22:43:17,596 [Listener at 127.0.0.1/41759] INFO  utils.BackgroundService (BackgroundService.java:shutdown(141)) - Shutting down service StaleRecoveringContainerScrubbingService
2023-02-16 22:43:17,610 [Listener at 127.0.0.1/41759] INFO  statemachine.DatanodeStateMachine (DatanodeStateMachine.java:stopDaemon(600)) - Ozone container server stopped.
2023-02-16 22:43:17,633 [ForkJoinPool.commonPool-worker-0] INFO  volume.HddsVolume (HddsVolume.java:closeDbStore(362)) - SchemaV3 db is stopped at /home/runner/work/ozone/ozone/hadoop-ozone/integration-test/target/test-dir/MiniOzoneClusterImpl-e104f6e4-c147-46af-9a65-8b38e2aa4633/datanode-1/data-0/containers/hdds/e104f6e4-c147-46af-9a65-8b38e2aa4633/DS-dcacb532-0b48-4a27-a648-c7d8e1953ca1/container.db for volume DS-dcacb532-0b48-4a27-a648-c7d8e1953ca1
2023-02-16 22:43:17,634 [ForkJoinPool.commonPool-worker-0] INFO  utils.BackgroundService (BackgroundService.java:shutdown(141)) - Shutting down service BlockDeletingService
2023-02-16 22:43:17,635 [ForkJoinPool.commonPool-worker-0] INFO  utils.BackgroundService (BackgroundService.java:shutdown(141)) - Shutting down service StaleRecoveringContainerScrubbingService
2023-02-16 22:43:17,645 [Listener at 127.0.0.1/41759] INFO  handler.ContextHandler (ContextHandler.java:doStop(1159)) - Stopped o.e.j.w.WebAppContext@450f1492{hddsDatanode,/,null,STOPPED}{jar:file:/home/runner/.m2/repository/org/apache/ozone/hdds-container-service/1.4.0-SNAPSHOT/hdds-container-service-1.4.0-SNAPSHOT.jar!/webapps/hddsDatanode}
2023-02-16 22:43:17,650 [ForkJoinPool.commonPool-worker-0] INFO  statemachine.DatanodeStateMachine (DatanodeStateMachine.java:stopDaemon(600)) - Ozone container server stopped.
2023-02-16 22:43:17,654 [Listener at 127.0.0.1/41759] INFO  server.AbstractConnector (AbstractConnector.java:doStop(383)) - Stopped ServerConnector@2f568a26{HTTP/1.1, (http/1.1)}{0.0.0.0:0}
2023-02-16 22:43:17,654 [Listener at 127.0.0.1/41759] INFO  server.session (HouseKeeper.java:stopScavenging(149)) - node0 Stopped scavenging
2023-02-16 22:43:17,655 [Listener at 127.0.0.1/41759] INFO  handler.ContextHandler (ContextHandler.java:doStop(1159)) - Stopped o.e.j.s.ServletContextHandler@6de70de2{static,/static,jar:file:/home/runner/.m2/repository/org/apache/ozone/hdds-container-service/1.4.0-SNAPSHOT/hdds-container-service-1.4.0-SNAPSHOT.jar!/webapps/static,STOPPED}
2023-02-16 22:43:17,655 [Listener at 127.0.0.1/41759] INFO  handler.ContextHandler (ContextHandler.java:doStop(1159)) - Stopped o.e.j.s.ServletContextHandler@30bffa35{logs,/logs,file:///home/runner/work/ozone/ozone/hadoop-ozone/integration-test/target/log,STOPPED}
2023-02-16 22:43:17,671 [ForkJoinPool.commonPool-worker-0] INFO  handler.ContextHandler (ContextHandler.java:doStop(1159)) - Stopped o.e.j.w.WebAppContext@6c54c79b{hddsDatanode,/,null,STOPPED}{jar:file:/home/runner/.m2/repository/org/apache/ozone/hdds-container-service/1.4.0-SNAPSHOT/hdds-container-service-1.4.0-SNAPSHOT.jar!/webapps/hddsDatanode}
2023-02-16 22:43:17,675 [Listener at 127.0.0.1/41759] INFO  ozoneimpl.OzoneContainer (OzoneContainer.java:stop(420)) - Attempting to stop container services.
2023-02-16 22:43:17,678 [Listener at 127.0.0.1/41759] INFO  server.RaftServer (RaftServerProxy.java:lambda$close$6(409)) - 7f47c17a-df40-4172-b23f-53f5d31e4e62: close
2023-02-16 22:43:17,678 [Listener at 127.0.0.1/41759] INFO  server.GrpcService (GrpcService.java:closeImpl(271)) - 7f47c17a-df40-4172-b23f-53f5d31e4e62: shutdown server GrpcServerProtocolService now
2023-02-16 22:43:17,680 [7f47c17a-df40-4172-b23f-53f5d31e4e62-impl-thread1] INFO  server.RaftServer$Division (RaftServerImpl.java:lambda$close$4(458)) - 7f47c17a-df40-4172-b23f-53f5d31e4e62@group-3D614611362A: shutdown
2023-02-16 22:43:17,680 [7f47c17a-df40-4172-b23f-53f5d31e4e62-impl-thread1] INFO  util.JmxRegister (JmxRegister.java:unregister(73)) - Successfully un-registered JMX Bean with object name Ratis:service=RaftServer,group=group-3D614611362A,id=7f47c17a-df40-4172-b23f-53f5d31e4e62
2023-02-16 22:43:17,680 [7f47c17a-df40-4172-b23f-53f5d31e4e62-impl-thread1] INFO  impl.RoleInfo (RoleInfo.java:shutdownLeaderState(93)) - 7f47c17a-df40-4172-b23f-53f5d31e4e62: shutdown 7f47c17a-df40-4172-b23f-53f5d31e4e62@group-3D614611362A-LeaderStateImpl
2023-02-16 22:43:17,680 [7f47c17a-df40-4172-b23f-53f5d31e4e62-impl-thread1] INFO  impl.PendingRequests (PendingRequests.java:sendNotLeaderResponses(282)) - 7f47c17a-df40-4172-b23f-53f5d31e4e62@group-3D614611362A-PendingRequests: sendNotLeaderResponses
2023-02-16 22:43:17,680 [7f47c17a-df40-4172-b23f-53f5d31e4e62-impl-thread1] INFO  impl.StateMachineUpdater (StateMachineUpdater.java:stopAndJoin(153)) - 7f47c17a-df40-4172-b23f-53f5d31e4e62@group-3D614611362A-StateMachineUpdater: set stopIndex = 0
2023-02-16 22:43:17,681 [7f47c17a-df40-4172-b23f-53f5d31e4e62@group-3D614611362A-StateMachineUpdater] INFO  ratis.ContainerStateMachine (ContainerStateMachine.java:takeSnapshot(308)) - group-3D614611362A: Taking a snapshot at:(t:1, i:0) file /home/runner/work/ozone/ozone/hadoop-ozone/integration-test/target/test-dir/MiniOzoneClusterImpl-e104f6e4-c147-46af-9a65-8b38e2aa4633/datanode-4/data/ratis/7f04cf60-aea5-4633-870c-3d614611362a/sm/snapshot.1_0
2023-02-16 22:43:17,681 [Listener at 127.0.0.1/41759] INFO  server.GrpcService (GrpcService.java:closeImpl(280)) - 7f47c17a-df40-4172-b23f-53f5d31e4e62: shutdown server GrpcServerProtocolService successfully
2023-02-16 22:43:17,682 [7f47c17a-df40-4172-b23f-53f5d31e4e62-NettyServerStreamRpc-bossGroup--thread1] INFO  logging.LoggingHandler (AbstractInternalLogger.java:log(148)) - [id: 0x9387d85b, L:/0:0:0:0:0:0:0:0:45209] CLOSE
2023-02-16 22:43:17,682 [7f47c17a-df40-4172-b23f-53f5d31e4e62-NettyServerStreamRpc-bossGroup--thread1] INFO  logging.LoggingHandler (AbstractInternalLogger.java:log(148)) - [id: 0x9387d85b, L:/0:0:0:0:0:0:0:0:45209] INACTIVE
2023-02-16 22:43:17,682 [7f47c17a-df40-4172-b23f-53f5d31e4e62-NettyServerStreamRpc-bossGroup--thread1] INFO  logging.LoggingHandler (AbstractInternalLogger.java:log(148)) - [id: 0x9387d85b, L:/0:0:0:0:0:0:0:0:45209] UNREGISTERED
2023-02-16 22:43:17,682 [7f47c17a-df40-4172-b23f-53f5d31e4e62@group-3D614611362A-StateMachineUpdater] INFO  ratis.ContainerStateMachine (ContainerStateMachine.java:takeSnapshot(319)) - group-3D614611362A: Finished taking a snapshot at:(t:1, i:0) file:/home/runner/work/ozone/ozone/hadoop-ozone/integration-test/target/test-dir/MiniOzoneClusterImpl-e104f6e4-c147-46af-9a65-8b38e2aa4633/datanode-4/data/ratis/7f04cf60-aea5-4633-870c-3d614611362a/sm/snapshot.1_0 took: 2 ms
2023-02-16 22:43:17,683 [7f47c17a-df40-4172-b23f-53f5d31e4e62@group-3D614611362A-StateMachineUpdater] INFO  impl.StateMachineUpdater (StateMachineUpdater.java:takeSnapshot(287)) - 7f47c17a-df40-4172-b23f-53f5d31e4e62@group-3D614611362A-StateMachineUpdater: Took a snapshot at index 0
2023-02-16 22:43:17,683 [7f47c17a-df40-4172-b23f-53f5d31e4e62@group-3D614611362A-StateMachineUpdater] INFO  impl.StateMachineUpdater (StateMachineUpdater.java:lambda$new$0(92)) - 7f47c17a-df40-4172-b23f-53f5d31e4e62@group-3D614611362A-StateMachineUpdater: snapshotIndex: updateIncreasingly -1 -> 0
2023-02-16 22:43:17,683 [7f47c17a-df40-4172-b23f-53f5d31e4e62-impl-thread1] INFO  server.RaftServer$Division (ServerState.java:close(466)) - 7f47c17a-df40-4172-b23f-53f5d31e4e62@group-3D614611362A: closes. applyIndex: 0
2023-02-16 22:43:17,684 [7f47c17a-df40-4172-b23f-53f5d31e4e62@group-3D614611362A-SegmentedRaftLogWorker] INFO  segmented.SegmentedRaftLogWorker (SegmentedRaftLogWorker.java:run(347)) - 7f47c17a-df40-4172-b23f-53f5d31e4e62@group-3D614611362A-SegmentedRaftLogWorker was interrupted, exiting. There are 0 tasks remaining in the queue.
2023-02-16 22:43:17,682 [ForkJoinPool.commonPool-worker-0] INFO  server.AbstractConnector (AbstractConnector.java:doStop(383)) - Stopped ServerConnector@79fe7eb7{HTTP/1.1, (http/1.1)}{0.0.0.0:0}
2023-02-16 22:43:17,695 [ForkJoinPool.commonPool-worker-0] INFO  server.session (HouseKeeper.java:stopScavenging(149)) - node0 Stopped scavenging
2023-02-16 22:43:17,685 [7f47c17a-df40-4172-b23f-53f5d31e4e62-impl-thread1] INFO  segmented.SegmentedRaftLogWorker (SegmentedRaftLogWorker.java:close(257)) - 7f47c17a-df40-4172-b23f-53f5d31e4e62@group-3D614611362A-SegmentedRaftLogWorker close()
2023-02-16 22:43:17,695 [ForkJoinPool.commonPool-worker-0] INFO  handler.ContextHandler (ContextHandler.java:doStop(1159)) - Stopped o.e.j.s.ServletContextHandler@7fca46aa{static,/static,jar:file:/home/runner/.m2/repository/org/apache/ozone/hdds-container-service/1.4.0-SNAPSHOT/hdds-container-service-1.4.0-SNAPSHOT.jar!/webapps/static,STOPPED}
2023-02-16 22:43:17,697 [ForkJoinPool.commonPool-worker-0] INFO  handler.ContextHandler (ContextHandler.java:doStop(1159)) - Stopped o.e.j.s.ServletContextHandler@f9b0bfb{logs,/logs,file:///home/runner/work/ozone/ozone/hadoop-ozone/integration-test/target/log,STOPPED}
2023-02-16 22:43:17,701 [JvmPauseMonitor5] INFO  util.JvmPauseMonitor (JvmPauseMonitor.java:run(111)) - JvmPauseMonitor-7f47c17a-df40-4172-b23f-53f5d31e4e62: Stopped
2023-02-16 22:43:17,707 [ForkJoinPool.commonPool-worker-0] INFO  ozoneimpl.OzoneContainer (OzoneContainer.java:stop(420)) - Attempting to stop container services.
2023-02-16 22:43:17,707 [ForkJoinPool.commonPool-worker-0] INFO  server.RaftServer (RaftServerProxy.java:lambda$close$6(409)) - 85bc4c93-8919-4d90-bdda-716e90a765bf: close
2023-02-16 22:43:17,708 [85bc4c93-8919-4d90-bdda-716e90a765bf-impl-thread1] INFO  server.RaftServer$Division (RaftServerImpl.java:lambda$close$4(458)) - 85bc4c93-8919-4d90-bdda-716e90a765bf@group-0C490C4DB558: shutdown
2023-02-16 22:43:17,708 [85bc4c93-8919-4d90-bdda-716e90a765bf-impl-thread1] INFO  util.JmxRegister (JmxRegister.java:unregister(73)) - Successfully un-registered JMX Bean with object name Ratis:service=RaftServer,group=group-0C490C4DB558,id=85bc4c93-8919-4d90-bdda-716e90a765bf
2023-02-16 22:43:17,708 [85bc4c93-8919-4d90-bdda-716e90a765bf-impl-thread1] INFO  impl.RoleInfo (RoleInfo.java:shutdownLeaderState(93)) - 85bc4c93-8919-4d90-bdda-716e90a765bf: shutdown 85bc4c93-8919-4d90-bdda-716e90a765bf@group-0C490C4DB558-LeaderStateImpl
2023-02-16 22:43:17,716 [ForkJoinPool.commonPool-worker-0] INFO  server.GrpcService (GrpcService.java:closeImpl(271)) - 85bc4c93-8919-4d90-bdda-716e90a765bf: shutdown server GrpcServerProtocolService now
2023-02-16 22:43:17,716 [85bc4c93-8919-4d90-bdda-716e90a765bf-impl-thread1] INFO  impl.PendingRequests (PendingRequests.java:sendNotLeaderResponses(282)) - 85bc4c93-8919-4d90-bdda-716e90a765bf@group-0C490C4DB558-PendingRequests: sendNotLeaderResponses
2023-02-16 22:43:17,716 [85bc4c93-8919-4d90-bdda-716e90a765bf-impl-thread2] INFO  server.RaftServer$Division (RaftServerImpl.java:lambda$close$4(458)) - 85bc4c93-8919-4d90-bdda-716e90a765bf@group-A06FBE39A8FB: shutdown
2023-02-16 22:43:17,716 [85bc4c93-8919-4d90-bdda-716e90a765bf-impl-thread2] INFO  util.JmxRegister (JmxRegister.java:unregister(73)) - Successfully un-registered JMX Bean with object name Ratis:service=RaftServer,group=group-A06FBE39A8FB,id=85bc4c93-8919-4d90-bdda-716e90a765bf
2023-02-16 22:43:17,717 [85bc4c93-8919-4d90-bdda-716e90a765bf-impl-thread2] INFO  impl.RoleInfo (RoleInfo.java:shutdownLeaderState(93)) - 85bc4c93-8919-4d90-bdda-716e90a765bf: shutdown 85bc4c93-8919-4d90-bdda-716e90a765bf@group-A06FBE39A8FB-LeaderStateImpl
2023-02-16 22:43:17,717 [85bc4c93-8919-4d90-bdda-716e90a765bf-impl-thread1] INFO  impl.StateMachineUpdater (StateMachineUpdater.java:stopAndJoin(153)) - 85bc4c93-8919-4d90-bdda-716e90a765bf@group-0C490C4DB558-StateMachineUpdater: set stopIndex = 0
2023-02-16 22:43:17,717 [85bc4c93-8919-4d90-bdda-716e90a765bf@group-0C490C4DB558-StateMachineUpdater] INFO  ratis.ContainerStateMachine (ContainerStateMachine.java:takeSnapshot(308)) - group-0C490C4DB558: Taking a snapshot at:(t:1, i:0) file /home/runner/work/ozone/ozone/hadoop-ozone/integration-test/target/test-dir/MiniOzoneClusterImpl-e104f6e4-c147-46af-9a65-8b38e2aa4633/datanode-0/data/ratis/887328f1-0fe5-4a1e-ad40-0c490c4db558/sm/snapshot.1_0
2023-02-16 22:43:17,718 [85bc4c93-8919-4d90-bdda-716e90a765bf-impl-thread2] INFO  impl.PendingRequests (PendingRequests.java:sendNotLeaderResponses(282)) - 85bc4c93-8919-4d90-bdda-716e90a765bf@group-A06FBE39A8FB-PendingRequests: sendNotLeaderResponses
2023-02-16 22:43:17,722 [ForkJoinPool.commonPool-worker-0] INFO  server.GrpcServerProtocolClient (GrpcServerProtocolClient.java:close(101)) - 2a62309e-ec6c-4a0a-91b7-4d126a386491 Close channels
2023-02-16 22:43:17,724 [85bc4c93-8919-4d90-bdda-716e90a765bf@group-0C490C4DB558-StateMachineUpdater] INFO  ratis.ContainerStateMachine (ContainerStateMachine.java:takeSnapshot(319)) - group-0C490C4DB558: Finished taking a snapshot at:(t:1, i:0) file:/home/runner/work/ozone/ozone/hadoop-ozone/integration-test/target/test-dir/MiniOzoneClusterImpl-e104f6e4-c147-46af-9a65-8b38e2aa4633/datanode-0/data/ratis/887328f1-0fe5-4a1e-ad40-0c490c4db558/sm/snapshot.1_0 took: 7 ms
2023-02-16 22:43:17,725 [85bc4c93-8919-4d90-bdda-716e90a765bf@group-0C490C4DB558-StateMachineUpdater] INFO  impl.StateMachineUpdater (StateMachineUpdater.java:takeSnapshot(287)) - 85bc4c93-8919-4d90-bdda-716e90a765bf@group-0C490C4DB558-StateMachineUpdater: Took a snapshot at index 0
2023-02-16 22:43:17,725 [85bc4c93-8919-4d90-bdda-716e90a765bf@group-0C490C4DB558-StateMachineUpdater] INFO  impl.StateMachineUpdater (StateMachineUpdater.java:lambda$new$0(92)) - 85bc4c93-8919-4d90-bdda-716e90a765bf@group-0C490C4DB558-StateMachineUpdater: snapshotIndex: updateIncreasingly -1 -> 0
2023-02-16 22:43:17,725 [85bc4c93-8919-4d90-bdda-716e90a765bf-impl-thread1] INFO  server.RaftServer$Division (ServerState.java:close(466)) - 85bc4c93-8919-4d90-bdda-716e90a765bf@group-0C490C4DB558: closes. applyIndex: 0
2023-02-16 22:43:17,725 [ForkJoinPool.commonPool-worker-0] INFO  server.GrpcServerProtocolClient (GrpcServerProtocolClient.java:close(101)) - d47a9118-a689-402c-b263-2bea1a811f25 Close channels
2023-02-16 22:43:17,725 [85bc4c93-8919-4d90-bdda-716e90a765bf@group-0C490C4DB558-SegmentedRaftLogWorker] INFO  segmented.SegmentedRaftLogWorker (SegmentedRaftLogWorker.java:run(347)) - 85bc4c93-8919-4d90-bdda-716e90a765bf@group-0C490C4DB558-SegmentedRaftLogWorker was interrupted, exiting. There are 0 tasks remaining in the queue.
2023-02-16 22:43:17,726 [ForkJoinPool.commonPool-worker-0] INFO  server.GrpcService (GrpcService.java:closeImpl(280)) - 85bc4c93-8919-4d90-bdda-716e90a765bf: shutdown server GrpcServerProtocolService successfully
2023-02-16 22:43:17,727 [85bc4c93-8919-4d90-bdda-716e90a765bf-impl-thread3] INFO  server.RaftServer$Division (RaftServerImpl.java:lambda$close$4(458)) - 85bc4c93-8919-4d90-bdda-716e90a765bf@group-F5246A9C6574: shutdown
2023-02-16 22:43:17,727 [85bc4c93-8919-4d90-bdda-716e90a765bf-impl-thread3] INFO  util.JmxRegister (JmxRegister.java:unregister(73)) - Successfully un-registered JMX Bean with object name Ratis:service=RaftServer,group=group-F5246A9C6574,id=85bc4c93-8919-4d90-bdda-716e90a765bf
2023-02-16 22:43:17,727 [85bc4c93-8919-4d90-bdda-716e90a765bf-impl-thread3] INFO  impl.RoleInfo (RoleInfo.java:shutdownFollowerState(110)) - 85bc4c93-8919-4d90-bdda-716e90a765bf: shutdown 85bc4c93-8919-4d90-bdda-716e90a765bf@group-F5246A9C6574-FollowerState
2023-02-16 22:43:17,727 [85bc4c93-8919-4d90-bdda-716e90a765bf-NettyServerStreamRpc-bossGroup--thread1] INFO  logging.LoggingHandler (AbstractInternalLogger.java:log(148)) - [id: 0x3f2ca5d1, L:/0:0:0:0:0:0:0:0:36907] CLOSE
2023-02-16 22:43:17,727 [85bc4c93-8919-4d90-bdda-716e90a765bf-NettyServerStreamRpc-bossGroup--thread1] INFO  logging.LoggingHandler (AbstractInternalLogger.java:log(148)) - [id: 0x3f2ca5d1, L:/0:0:0:0:0:0:0:0:36907] INACTIVE
2023-02-16 22:43:17,727 [85bc4c93-8919-4d90-bdda-716e90a765bf-NettyServerStreamRpc-bossGroup--thread1] INFO  logging.LoggingHandler (AbstractInternalLogger.java:log(148)) - [id: 0x3f2ca5d1, L:/0:0:0:0:0:0:0:0:36907] UNREGISTERED
2023-02-16 22:43:17,727 [85bc4c93-8919-4d90-bdda-716e90a765bf@group-A06FBE39A8FB-StateMachineUpdater] INFO  ratis.ContainerStateMachine (ContainerStateMachine.java:takeSnapshot(308)) - group-A06FBE39A8FB: Taking a snapshot at:(t:1, i:0) file /home/runner/work/ozone/ozone/hadoop-ozone/integration-test/target/test-dir/MiniOzoneClusterImpl-e104f6e4-c147-46af-9a65-8b38e2aa4633/datanode-0/data/ratis/08d850c1-04b9-40b7-bb07-a06fbe39a8fb/sm/snapshot.1_0
2023-02-16 22:43:17,728 [85bc4c93-8919-4d90-bdda-716e90a765bf@group-F5246A9C6574-FollowerState] INFO  impl.FollowerState (FollowerState.java:run(152)) - 85bc4c93-8919-4d90-bdda-716e90a765bf@group-F5246A9C6574-FollowerState was interrupted
2023-02-16 22:43:17,728 [85bc4c93-8919-4d90-bdda-716e90a765bf-impl-thread2] INFO  impl.StateMachineUpdater (StateMachineUpdater.java:stopAndJoin(153)) - 85bc4c93-8919-4d90-bdda-716e90a765bf@group-A06FBE39A8FB-StateMachineUpdater: set stopIndex = 0
2023-02-16 22:43:17,728 [85bc4c93-8919-4d90-bdda-716e90a765bf@group-F5246A9C6574-StateMachineUpdater] INFO  ratis.ContainerStateMachine (ContainerStateMachine.java:takeSnapshot(308)) - group-F5246A9C6574: Taking a snapshot at:(t:1, i:0) file /home/runner/work/ozone/ozone/hadoop-ozone/integration-test/target/test-dir/MiniOzoneClusterImpl-e104f6e4-c147-46af-9a65-8b38e2aa4633/datanode-0/data/ratis/0d8cd3b7-e921-433d-9a06-f5246a9c6574/sm/snapshot.1_0
2023-02-16 22:43:17,728 [85bc4c93-8919-4d90-bdda-716e90a765bf-impl-thread3] INFO  impl.StateMachineUpdater (StateMachineUpdater.java:stopAndJoin(153)) - 85bc4c93-8919-4d90-bdda-716e90a765bf@group-F5246A9C6574-StateMachineUpdater: set stopIndex = 0
2023-02-16 22:43:17,729 [85bc4c93-8919-4d90-bdda-716e90a765bf@group-A06FBE39A8FB-StateMachineUpdater] INFO  ratis.ContainerStateMachine (ContainerStateMachine.java:takeSnapshot(319)) - group-A06FBE39A8FB: Finished taking a snapshot at:(t:1, i:0) file:/home/runner/work/ozone/ozone/hadoop-ozone/integration-test/target/test-dir/MiniOzoneClusterImpl-e104f6e4-c147-46af-9a65-8b38e2aa4633/datanode-0/data/ratis/08d850c1-04b9-40b7-bb07-a06fbe39a8fb/sm/snapshot.1_0 took: 2 ms
2023-02-16 22:43:17,729 [85bc4c93-8919-4d90-bdda-716e90a765bf@group-A06FBE39A8FB-StateMachineUpdater] INFO  impl.StateMachineUpdater (StateMachineUpdater.java:takeSnapshot(287)) - 85bc4c93-8919-4d90-bdda-716e90a765bf@group-A06FBE39A8FB-StateMachineUpdater: Took a snapshot at index 0
2023-02-16 22:43:17,730 [85bc4c93-8919-4d90-bdda-716e90a765bf@group-A06FBE39A8FB-StateMachineUpdater] INFO  impl.StateMachineUpdater (StateMachineUpdater.java:lambda$new$0(92)) - 85bc4c93-8919-4d90-bdda-716e90a765bf@group-A06FBE39A8FB-StateMachineUpdater: snapshotIndex: updateIncreasingly -1 -> 0
2023-02-16 22:43:17,730 [85bc4c93-8919-4d90-bdda-716e90a765bf-impl-thread2] INFO  server.RaftServer$Division (ServerState.java:close(466)) - 85bc4c93-8919-4d90-bdda-716e90a765bf@group-A06FBE39A8FB: closes. applyIndex: 0
2023-02-16 22:43:17,730 [85bc4c93-8919-4d90-bdda-716e90a765bf@group-F5246A9C6574-StateMachineUpdater] INFO  ratis.ContainerStateMachine (ContainerStateMachine.java:takeSnapshot(319)) - group-F5246A9C6574: Finished taking a snapshot at:(t:1, i:0) file:/home/runner/work/ozone/ozone/hadoop-ozone/integration-test/target/test-dir/MiniOzoneClusterImpl-e104f6e4-c147-46af-9a65-8b38e2aa4633/datanode-0/data/ratis/0d8cd3b7-e921-433d-9a06-f5246a9c6574/sm/snapshot.1_0 took: 2 ms
2023-02-16 22:43:17,731 [85bc4c93-8919-4d90-bdda-716e90a765bf@group-F5246A9C6574-StateMachineUpdater] INFO  impl.StateMachineUpdater (StateMachineUpdater.java:takeSnapshot(287)) - 85bc4c93-8919-4d90-bdda-716e90a765bf@group-F5246A9C6574-StateMachineUpdater: Took a snapshot at index 0
2023-02-16 22:43:17,731 [85bc4c93-8919-4d90-bdda-716e90a765bf@group-F5246A9C6574-StateMachineUpdater] INFO  impl.StateMachineUpdater (StateMachineUpdater.java:lambda$new$0(92)) - 85bc4c93-8919-4d90-bdda-716e90a765bf@group-F5246A9C6574-StateMachineUpdater: snapshotIndex: updateIncreasingly -1 -> 0
2023-02-16 22:43:17,731 [85bc4c93-8919-4d90-bdda-716e90a765bf-impl-thread3] INFO  server.RaftServer$Division (ServerState.java:close(466)) - 85bc4c93-8919-4d90-bdda-716e90a765bf@group-F5246A9C6574: closes. applyIndex: 0
2023-02-16 22:43:17,737 [85bc4c93-8919-4d90-bdda-716e90a765bf@group-F5246A9C6574-SegmentedRaftLogWorker] INFO  segmented.SegmentedRaftLogWorker (SegmentedRaftLogWorker.java:run(347)) - 85bc4c93-8919-4d90-bdda-716e90a765bf@group-F5246A9C6574-SegmentedRaftLogWorker was interrupted, exiting. There are 0 tasks remaining in the queue.
2023-02-16 22:43:17,738 [85bc4c93-8919-4d90-bdda-716e90a765bf@group-A06FBE39A8FB-SegmentedRaftLogWorker] INFO  segmented.SegmentedRaftLogWorker (SegmentedRaftLogWorker.java:run(347)) - 85bc4c93-8919-4d90-bdda-716e90a765bf@group-A06FBE39A8FB-SegmentedRaftLogWorker was interrupted, exiting. There are 0 tasks remaining in the queue.
2023-02-16 22:43:17,739 [85bc4c93-8919-4d90-bdda-716e90a765bf-impl-thread1] INFO  segmented.SegmentedRaftLogWorker (SegmentedRaftLogWorker.java:close(257)) - 85bc4c93-8919-4d90-bdda-716e90a765bf@group-0C490C4DB558-SegmentedRaftLogWorker close()
2023-02-16 22:43:17,739 [85bc4c93-8919-4d90-bdda-716e90a765bf-impl-thread3] INFO  segmented.SegmentedRaftLogWorker (SegmentedRaftLogWorker.java:close(257)) - 85bc4c93-8919-4d90-bdda-716e90a765bf@group-F5246A9C6574-SegmentedRaftLogWorker close()
2023-02-16 22:43:17,742 [85bc4c93-8919-4d90-bdda-716e90a765bf-impl-thread2] INFO  segmented.SegmentedRaftLogWorker (SegmentedRaftLogWorker.java:close(257)) - 85bc4c93-8919-4d90-bdda-716e90a765bf@group-A06FBE39A8FB-SegmentedRaftLogWorker close()
2023-02-16 22:43:17,744 [JvmPauseMonitor1] INFO  util.JvmPauseMonitor (JvmPauseMonitor.java:run(111)) - JvmPauseMonitor-85bc4c93-8919-4d90-bdda-716e90a765bf: Stopped
2023-02-16 22:43:19,713 [Listener at 127.0.0.1/41759] INFO  volume.HddsVolume (HddsVolume.java:closeDbStore(362)) - SchemaV3 db is stopped at /home/runner/work/ozone/ozone/hadoop-ozone/integration-test/target/test-dir/MiniOzoneClusterImpl-e104f6e4-c147-46af-9a65-8b38e2aa4633/datanode-4/data-0/containers/hdds/e104f6e4-c147-46af-9a65-8b38e2aa4633/DS-9636a170-e98e-46d1-be4a-aa3d1ab7749f/container.db for volume DS-9636a170-e98e-46d1-be4a-aa3d1ab7749f
2023-02-16 22:43:19,713 [Listener at 127.0.0.1/41759] INFO  utils.BackgroundService (BackgroundService.java:shutdown(141)) - Shutting down service BlockDeletingService
2023-02-16 22:43:19,714 [Listener at 127.0.0.1/41759] INFO  utils.BackgroundService (BackgroundService.java:shutdown(141)) - Shutting down service StaleRecoveringContainerScrubbingService
2023-02-16 22:43:19,716 [Listener at 127.0.0.1/41759] INFO  statemachine.DatanodeStateMachine (DatanodeStateMachine.java:stopDaemon(600)) - Ozone container server stopped.
2023-02-16 22:43:19,731 [Listener at 127.0.0.1/41759] INFO  handler.ContextHandler (ContextHandler.java:doStop(1159)) - Stopped o.e.j.w.WebAppContext@3b5ab6fe{hddsDatanode,/,null,STOPPED}{jar:file:/home/runner/.m2/repository/org/apache/ozone/hdds-container-service/1.4.0-SNAPSHOT/hdds-container-service-1.4.0-SNAPSHOT.jar!/webapps/hddsDatanode}
2023-02-16 22:43:19,734 [Listener at 127.0.0.1/41759] INFO  server.AbstractConnector (AbstractConnector.java:doStop(383)) - Stopped ServerConnector@3efcc3a0{HTTP/1.1, (http/1.1)}{0.0.0.0:0}
2023-02-16 22:43:19,734 [Listener at 127.0.0.1/41759] INFO  server.session (HouseKeeper.java:stopScavenging(149)) - node0 Stopped scavenging
2023-02-16 22:43:19,734 [Listener at 127.0.0.1/41759] INFO  handler.ContextHandler (ContextHandler.java:doStop(1159)) - Stopped o.e.j.s.ServletContextHandler@bddfcff{static,/static,jar:file:/home/runner/.m2/repository/org/apache/ozone/hdds-container-service/1.4.0-SNAPSHOT/hdds-container-service-1.4.0-SNAPSHOT.jar!/webapps/static,STOPPED}
2023-02-16 22:43:19,735 [Listener at 127.0.0.1/41759] INFO  handler.ContextHandler (ContextHandler.java:doStop(1159)) - Stopped o.e.j.s.ServletContextHandler@7eca07bd{logs,/logs,file:///home/runner/work/ozone/ozone/hadoop-ozone/integration-test/target/log,STOPPED}
2023-02-16 22:43:19,738 [Listener at 127.0.0.1/41759] INFO  ozoneimpl.OzoneContainer (OzoneContainer.java:stop(420)) - Attempting to stop container services.
2023-02-16 22:43:19,739 [Listener at 127.0.0.1/41759] INFO  server.RaftServer (RaftServerProxy.java:lambda$close$6(409)) - 85dc0855-ecf4-4edb-b404-0334ac503e71: close
2023-02-16 22:43:19,739 [Listener at 127.0.0.1/41759] INFO  server.GrpcService (GrpcService.java:closeImpl(271)) - 85dc0855-ecf4-4edb-b404-0334ac503e71: shutdown server GrpcServerProtocolService now
2023-02-16 22:43:19,739 [85dc0855-ecf4-4edb-b404-0334ac503e71-impl-thread1] INFO  server.RaftServer$Division (RaftServerImpl.java:lambda$close$4(458)) - 85dc0855-ecf4-4edb-b404-0334ac503e71@group-A9B1AB4B43F5: shutdown
2023-02-16 22:43:19,740 [85dc0855-ecf4-4edb-b404-0334ac503e71-impl-thread1] INFO  util.JmxRegister (JmxRegister.java:unregister(73)) - Successfully un-registered JMX Bean with object name Ratis:service=RaftServer,group=group-A9B1AB4B43F5,id=85dc0855-ecf4-4edb-b404-0334ac503e71
2023-02-16 22:43:19,740 [85dc0855-ecf4-4edb-b404-0334ac503e71-impl-thread1] INFO  impl.RoleInfo (RoleInfo.java:shutdownLeaderState(93)) - 85dc0855-ecf4-4edb-b404-0334ac503e71: shutdown 85dc0855-ecf4-4edb-b404-0334ac503e71@group-A9B1AB4B43F5-LeaderStateImpl
2023-02-16 22:43:19,740 [85dc0855-ecf4-4edb-b404-0334ac503e71-impl-thread1] INFO  impl.PendingRequests (PendingRequests.java:sendNotLeaderResponses(282)) - 85dc0855-ecf4-4edb-b404-0334ac503e71@group-A9B1AB4B43F5-PendingRequests: sendNotLeaderResponses
2023-02-16 22:43:19,740 [85dc0855-ecf4-4edb-b404-0334ac503e71-impl-thread1] INFO  impl.StateMachineUpdater (StateMachineUpdater.java:stopAndJoin(153)) - 85dc0855-ecf4-4edb-b404-0334ac503e71@group-A9B1AB4B43F5-StateMachineUpdater: set stopIndex = 0
2023-02-16 22:43:19,740 [85dc0855-ecf4-4edb-b404-0334ac503e71@group-A9B1AB4B43F5-StateMachineUpdater] INFO  ratis.ContainerStateMachine (ContainerStateMachine.java:takeSnapshot(308)) - group-A9B1AB4B43F5: Taking a snapshot at:(t:1, i:0) file /home/runner/work/ozone/ozone/hadoop-ozone/integration-test/target/test-dir/MiniOzoneClusterImpl-e104f6e4-c147-46af-9a65-8b38e2aa4633/datanode-3/data/ratis/1594f393-415b-43e4-a091-a9b1ab4b43f5/sm/snapshot.1_0
2023-02-16 22:43:19,742 [Listener at 127.0.0.1/41759] INFO  server.GrpcService (GrpcService.java:closeImpl(280)) - 85dc0855-ecf4-4edb-b404-0334ac503e71: shutdown server GrpcServerProtocolService successfully
2023-02-16 22:43:19,742 [85dc0855-ecf4-4edb-b404-0334ac503e71-NettyServerStreamRpc-bossGroup--thread1] INFO  logging.LoggingHandler (AbstractInternalLogger.java:log(148)) - [id: 0x8cff3c16, L:/0:0:0:0:0:0:0:0:33181] CLOSE
2023-02-16 22:43:19,743 [85dc0855-ecf4-4edb-b404-0334ac503e71-NettyServerStreamRpc-bossGroup--thread1] INFO  logging.LoggingHandler (AbstractInternalLogger.java:log(148)) - [id: 0x8cff3c16, L:/0:0:0:0:0:0:0:0:33181] INACTIVE
2023-02-16 22:43:19,743 [85dc0855-ecf4-4edb-b404-0334ac503e71-NettyServerStreamRpc-bossGroup--thread1] INFO  logging.LoggingHandler (AbstractInternalLogger.java:log(148)) - [id: 0x8cff3c16, L:/0:0:0:0:0:0:0:0:33181] UNREGISTERED
2023-02-16 22:43:19,742 [85dc0855-ecf4-4edb-b404-0334ac503e71@group-A9B1AB4B43F5-StateMachineUpdater] INFO  ratis.ContainerStateMachine (ContainerStateMachine.java:takeSnapshot(319)) - group-A9B1AB4B43F5: Finished taking a snapshot at:(t:1, i:0) file:/home/runner/work/ozone/ozone/hadoop-ozone/integration-test/target/test-dir/MiniOzoneClusterImpl-e104f6e4-c147-46af-9a65-8b38e2aa4633/datanode-3/data/ratis/1594f393-415b-43e4-a091-a9b1ab4b43f5/sm/snapshot.1_0 took: 2 ms
2023-02-16 22:43:19,743 [85dc0855-ecf4-4edb-b404-0334ac503e71@group-A9B1AB4B43F5-StateMachineUpdater] INFO  impl.StateMachineUpdater (StateMachineUpdater.java:takeSnapshot(287)) - 85dc0855-ecf4-4edb-b404-0334ac503e71@group-A9B1AB4B43F5-StateMachineUpdater: Took a snapshot at index 0
2023-02-16 22:43:19,743 [85dc0855-ecf4-4edb-b404-0334ac503e71@group-A9B1AB4B43F5-StateMachineUpdater] INFO  impl.StateMachineUpdater (StateMachineUpdater.java:lambda$new$0(92)) - 85dc0855-ecf4-4edb-b404-0334ac503e71@group-A9B1AB4B43F5-StateMachineUpdater: snapshotIndex: updateIncreasingly -1 -> 0
2023-02-16 22:43:19,743 [85dc0855-ecf4-4edb-b404-0334ac503e71-impl-thread1] INFO  server.RaftServer$Division (ServerState.java:close(466)) - 85dc0855-ecf4-4edb-b404-0334ac503e71@group-A9B1AB4B43F5: closes. applyIndex: 0
2023-02-16 22:43:19,744 [85dc0855-ecf4-4edb-b404-0334ac503e71@group-A9B1AB4B43F5-SegmentedRaftLogWorker] INFO  segmented.SegmentedRaftLogWorker (SegmentedRaftLogWorker.java:run(347)) - 85dc0855-ecf4-4edb-b404-0334ac503e71@group-A9B1AB4B43F5-SegmentedRaftLogWorker was interrupted, exiting. There are 0 tasks remaining in the queue.
2023-02-16 22:43:19,744 [85dc0855-ecf4-4edb-b404-0334ac503e71-impl-thread1] INFO  segmented.SegmentedRaftLogWorker (SegmentedRaftLogWorker.java:close(257)) - 85dc0855-ecf4-4edb-b404-0334ac503e71@group-A9B1AB4B43F5-SegmentedRaftLogWorker close()
2023-02-16 22:43:19,768 [ForkJoinPool.commonPool-worker-0] INFO  volume.HddsVolume (HddsVolume.java:closeDbStore(362)) - SchemaV3 db is stopped at /home/runner/work/ozone/ozone/hadoop-ozone/integration-test/target/test-dir/MiniOzoneClusterImpl-e104f6e4-c147-46af-9a65-8b38e2aa4633/datanode-0/data-0/containers/hdds/e104f6e4-c147-46af-9a65-8b38e2aa4633/DS-035fc334-e0b1-4f1d-8a2f-2c8e34de0636/container.db for volume DS-035fc334-e0b1-4f1d-8a2f-2c8e34de0636
2023-02-16 22:43:19,769 [ForkJoinPool.commonPool-worker-0] INFO  utils.BackgroundService (BackgroundService.java:shutdown(141)) - Shutting down service BlockDeletingService
2023-02-16 22:43:19,770 [ForkJoinPool.commonPool-worker-0] INFO  utils.BackgroundService (BackgroundService.java:shutdown(141)) - Shutting down service StaleRecoveringContainerScrubbingService
2023-02-16 22:43:19,773 [ForkJoinPool.commonPool-worker-0] INFO  statemachine.DatanodeStateMachine (DatanodeStateMachine.java:stopDaemon(600)) - Ozone container server stopped.
2023-02-16 22:43:19,778 [JvmPauseMonitor4] INFO  util.JvmPauseMonitor (JvmPauseMonitor.java:run(111)) - JvmPauseMonitor-85dc0855-ecf4-4edb-b404-0334ac503e71: Stopped
2023-02-16 22:43:19,787 [ForkJoinPool.commonPool-worker-0] INFO  handler.ContextHandler (ContextHandler.java:doStop(1159)) - Stopped o.e.j.w.WebAppContext@582fd243{hddsDatanode,/,null,STOPPED}{jar:file:/home/runner/.m2/repository/org/apache/ozone/hdds-container-service/1.4.0-SNAPSHOT/hdds-container-service-1.4.0-SNAPSHOT.jar!/webapps/hddsDatanode}
2023-02-16 22:43:19,788 [ForkJoinPool.commonPool-worker-0] INFO  server.AbstractConnector (AbstractConnector.java:doStop(383)) - Stopped ServerConnector@45ad2fb1{HTTP/1.1, (http/1.1)}{0.0.0.0:0}
2023-02-16 22:43:19,788 [ForkJoinPool.commonPool-worker-0] INFO  server.session (HouseKeeper.java:stopScavenging(149)) - node0 Stopped scavenging
2023-02-16 22:43:19,789 [ForkJoinPool.commonPool-worker-0] INFO  handler.ContextHandler (ContextHandler.java:doStop(1159)) - Stopped o.e.j.s.ServletContextHandler@25c02068{static,/static,jar:file:/home/runner/.m2/repository/org/apache/ozone/hdds-container-service/1.4.0-SNAPSHOT/hdds-container-service-1.4.0-SNAPSHOT.jar!/webapps/static,STOPPED}
2023-02-16 22:43:19,789 [ForkJoinPool.commonPool-worker-0] INFO  handler.ContextHandler (ContextHandler.java:doStop(1159)) - Stopped o.e.j.s.ServletContextHandler@5e9771a5{logs,/logs,file:///home/runner/work/ozone/ozone/hadoop-ozone/integration-test/target/log,STOPPED}
2023-02-16 22:43:21,784 [Listener at 127.0.0.1/41759] INFO  volume.HddsVolume (HddsVolume.java:closeDbStore(362)) - SchemaV3 db is stopped at /home/runner/work/ozone/ozone/hadoop-ozone/integration-test/target/test-dir/MiniOzoneClusterImpl-e104f6e4-c147-46af-9a65-8b38e2aa4633/datanode-3/data-0/containers/hdds/e104f6e4-c147-46af-9a65-8b38e2aa4633/DS-a03359c5-c846-4a9c-bb02-b735b2783d38/container.db for volume DS-a03359c5-c846-4a9c-bb02-b735b2783d38
2023-02-16 22:43:21,785 [Listener at 127.0.0.1/41759] INFO  utils.BackgroundService (BackgroundService.java:shutdown(141)) - Shutting down service BlockDeletingService
2023-02-16 22:43:21,785 [Listener at 127.0.0.1/41759] INFO  utils.BackgroundService (BackgroundService.java:shutdown(141)) - Shutting down service StaleRecoveringContainerScrubbingService
2023-02-16 22:43:21,788 [Listener at 127.0.0.1/41759] INFO  statemachine.DatanodeStateMachine (DatanodeStateMachine.java:stopDaemon(600)) - Ozone container server stopped.
2023-02-16 22:43:21,800 [Listener at 127.0.0.1/41759] INFO  handler.ContextHandler (ContextHandler.java:doStop(1159)) - Stopped o.e.j.w.WebAppContext@44992585{hddsDatanode,/,null,STOPPED}{jar:file:/home/runner/.m2/repository/org/apache/ozone/hdds-container-service/1.4.0-SNAPSHOT/hdds-container-service-1.4.0-SNAPSHOT.jar!/webapps/hddsDatanode}
2023-02-16 22:43:21,800 [Listener at 127.0.0.1/41759] INFO  server.AbstractConnector (AbstractConnector.java:doStop(383)) - Stopped ServerConnector@16c58781{HTTP/1.1, (http/1.1)}{0.0.0.0:0}
2023-02-16 22:43:21,800 [Listener at 127.0.0.1/41759] INFO  server.session (HouseKeeper.java:stopScavenging(149)) - node0 Stopped scavenging
2023-02-16 22:43:21,802 [Listener at 127.0.0.1/41759] INFO  handler.ContextHandler (ContextHandler.java:doStop(1159)) - Stopped o.e.j.s.ServletContextHandler@51d9be0b{static,/static,jar:file:/home/runner/.m2/repository/org/apache/ozone/hdds-container-service/1.4.0-SNAPSHOT/hdds-container-service-1.4.0-SNAPSHOT.jar!/webapps/static,STOPPED}
2023-02-16 22:43:21,802 [Listener at 127.0.0.1/41759] INFO  handler.ContextHandler (ContextHandler.java:doStop(1159)) - Stopped o.e.j.s.ServletContextHandler@307997a4{logs,/logs,file:///home/runner/work/ozone/ozone/hadoop-ozone/integration-test/target/log,STOPPED}
2023-02-16 22:43:21,804 [Listener at 127.0.0.1/41759] INFO  ozone.MiniOzoneClusterImpl (MiniOzoneClusterImpl.java:stopSCM(539)) - Stopping the StorageContainerManager
2023-02-16 22:43:21,804 [Listener at 127.0.0.1/41759] INFO  server.StorageContainerManager (StorageContainerManager.java:stop(1530)) - Container Balancer is not running.
2023-02-16 22:43:21,804 [Listener at 127.0.0.1/41759] INFO  server.StorageContainerManager (StorageContainerManager.java:stop(1537)) - Stopping Replication Manager Service.
2023-02-16 22:43:21,804 [Listener at 127.0.0.1/41759] INFO  replication.ReplicationManager (ReplicationManager.java:stop(298)) - Stopping Replication Monitor Thread.
2023-02-16 22:43:21,805 [Under Replicated Processor] WARN  replication.UnhealthyReplicationProcessor (UnhealthyReplicationProcessor.java:run(142)) - Under Replicated Processor interrupted. Exiting...
2023-02-16 22:43:21,805 [ReplicationMonitor] INFO  replication.ReplicationManager (ReplicationManager.java:run(741)) - Replication Monitor Thread is stopped
2023-02-16 22:43:21,805 [Over Replicated Processor] WARN  replication.UnhealthyReplicationProcessor (UnhealthyReplicationProcessor.java:run(142)) - Over Replicated Processor interrupted. Exiting...
2023-02-16 22:43:21,806 [Listener at 127.0.0.1/41759] INFO  server.StorageContainerManager (StorageContainerManager.java:stop(1544)) - Stopping the Datanode Admin Monitor.
2023-02-16 22:43:21,806 [Listener at 127.0.0.1/41759] INFO  server.StorageContainerManager (StorageContainerManager.java:stop(1551)) - Stopping datanode service RPC server
2023-02-16 22:43:21,806 [Listener at 127.0.0.1/41759] INFO  server.SCMDatanodeProtocolServer (SCMDatanodeProtocolServer.java:stop(424)) - Stopping the RPC server for DataNodes
2023-02-16 22:43:21,806 [Listener at 127.0.0.1/41759] INFO  ipc.Server (Server.java:stop(3428)) - Stopping server on 35519
2023-02-16 22:43:21,808 [IPC Server listener on 0] INFO  ipc.Server (Server.java:run(1384)) - Stopping IPC Server listener on 0
2023-02-16 22:43:21,810 [IPC Server Responder] INFO  ipc.Server (Server.java:run(1517)) - Stopping IPC Server Responder
2023-02-16 22:43:21,866 [SCM Heartbeat Processing Thread - 0] WARN  node.NodeStateManager (NodeStateManager.java:scheduleNextHealthCheck(870)) - Current Thread is interrupted, shutting down HB processing thread for Node Manager.
2023-02-16 22:43:21,866 [Listener at 127.0.0.1/41759] INFO  server.StorageContainerManager (StorageContainerManager.java:stop(1559)) - Stopping block service RPC server
2023-02-16 22:43:21,867 [Listener at 127.0.0.1/41759] INFO  server.SCMBlockProtocolServer (SCMBlockProtocolServer.java:stop(161)) - Stopping the RPC server for Block Protocol
2023-02-16 22:43:21,867 [Listener at 127.0.0.1/41759] INFO  ipc.Server (Server.java:stop(3428)) - Stopping server on 33021
2023-02-16 22:43:21,868 [IPC Server listener on 0] INFO  ipc.Server (Server.java:run(1384)) - Stopping IPC Server listener on 0
2023-02-16 22:43:21,869 [Listener at 127.0.0.1/41759] INFO  server.StorageContainerManager (StorageContainerManager.java:stop(1566)) - Stopping the StorageContainerLocationProtocol RPC server
2023-02-16 22:43:21,870 [Listener at 127.0.0.1/41759] INFO  server.SCMClientProtocolServer (SCMClientProtocolServer.java:stop(178)) - Stopping the RPC server for Client Protocol
2023-02-16 22:43:21,870 [Listener at 127.0.0.1/41759] INFO  ipc.Server (Server.java:stop(3428)) - Stopping server on 34913
2023-02-16 22:43:21,870 [IPC Server Responder] INFO  ipc.Server (Server.java:run(1517)) - Stopping IPC Server Responder
2023-02-16 22:43:21,872 [IPC Server Responder] INFO  ipc.Server (Server.java:run(1517)) - Stopping IPC Server Responder
2023-02-16 22:43:21,872 [Listener at 127.0.0.1/41759] INFO  server.StorageContainerManager (StorageContainerManager.java:stop(1573)) - Stopping Storage Container Manager HTTP server.
2023-02-16 22:43:21,872 [IPC Server listener on 0] INFO  ipc.Server (Server.java:run(1384)) - Stopping IPC Server listener on 0
2023-02-16 22:43:21,875 [Listener at 127.0.0.1/41759] INFO  handler.ContextHandler (ContextHandler.java:doStop(1159)) - Stopped o.e.j.w.WebAppContext@5746609e{scm,/,null,STOPPED}{file:/home/runner/work/ozone/ozone/hadoop-ozone/integration-test/target/test-classes/webapps/scm}
2023-02-16 22:43:21,877 [Listener at 127.0.0.1/41759] INFO  server.AbstractConnector (AbstractConnector.java:doStop(383)) - Stopped ServerConnector@55731ccd{HTTP/1.1, (http/1.1)}{0.0.0.0:0}
2023-02-16 22:43:21,877 [Listener at 127.0.0.1/41759] INFO  server.session (HouseKeeper.java:stopScavenging(149)) - node0 Stopped scavenging
2023-02-16 22:43:21,877 [Listener at 127.0.0.1/41759] INFO  handler.ContextHandler (ContextHandler.java:doStop(1159)) - Stopped o.e.j.s.ServletContextHandler@70b0dc92{static,/static,file:///home/runner/work/ozone/ozone/hadoop-ozone/integration-test/target/test-classes/webapps/static,STOPPED}
2023-02-16 22:43:21,878 [Listener at 127.0.0.1/41759] INFO  handler.ContextHandler (ContextHandler.java:doStop(1159)) - Stopped o.e.j.s.ServletContextHandler@7d0e43d6{logs,/logs,file:///home/runner/work/ozone/ozone/hadoop-ozone/integration-test/target/log,STOPPED}
2023-02-16 22:43:21,879 [Listener at 127.0.0.1/41759] INFO  server.StorageContainerManager (StorageContainerManager.java:stop(1579)) - Stopping SCM LayoutVersionManager Service.
2023-02-16 22:43:21,879 [Listener at 127.0.0.1/41759] INFO  server.StorageContainerManager (StorageContainerManager.java:stop(1587)) - Stopping Block Manager Service.
2023-02-16 22:43:21,879 [Listener at 127.0.0.1/41759] INFO  utils.BackgroundService (BackgroundService.java:shutdown(141)) - Shutting down service SCMBlockDeletingService
2023-02-16 22:43:21,879 [Listener at 127.0.0.1/41759] INFO  utils.BackgroundService (BackgroundService.java:shutdown(141)) - Shutting down service SCMBlockDeletingService
2023-02-16 22:43:21,880 [Listener at 127.0.0.1/41759] INFO  server.StorageContainerManager (StorageContainerManager.java:stop(1609)) - Stopping SCM Event Queue.
2023-02-16 22:43:21,882 [Listener at 127.0.0.1/41759] INFO  server.StorageContainerManager (StorageContainerManager.java:stop(1620)) - Stopping SCM HA services.
2023-02-16 22:43:21,883 [Listener at 127.0.0.1/41759] INFO  pipeline.BackgroundPipelineCreator (BackgroundPipelineCreator.java:stop(149)) - Stopping RatisPipelineUtilsThread.
2023-02-16 22:43:21,883 [RatisPipelineUtilsThread - 0] WARN  pipeline.BackgroundPipelineCreator (BackgroundPipelineCreator.java:run(180)) - RatisPipelineUtilsThread is interrupted.
2023-02-16 22:43:21,883 [BackgroundPipelineScrubberThread] WARN  BackgroundPipelineScrubber (BackgroundSCMService.java:run(115)) - BackgroundPipelineScrubber is interrupted, exit
2023-02-16 22:43:21,883 [Listener at 127.0.0.1/41759] INFO  BackgroundPipelineScrubber (BackgroundSCMService.java:stop(131)) - Stopping BackgroundPipelineScrubber Service.
2023-02-16 22:43:21,884 [Listener at 127.0.0.1/41759] INFO  impl.MetricsSystemImpl (MetricsSystemImpl.java:stop(210)) - Stopping HddsDatanode metrics system...
2023-02-16 22:43:21,894 [prometheus] INFO  impl.MetricsSinkAdapter (MetricsSinkAdapter.java:publishMetricsFromQueue(141)) - prometheus thread interrupted.
2023-02-16 22:43:21,896 [Listener at 127.0.0.1/41759] INFO  impl.MetricsSystemImpl (MetricsSystemImpl.java:stop(216)) - HddsDatanode metrics system stopped.
2023-02-16 22:43:21,896 [Listener at 127.0.0.1/41759] WARN  pipeline.BackgroundPipelineCreator (BackgroundPipelineCreator.java:stop(145)) - RatisPipelineUtilsThread is not running, just ignore.
2023-02-16 22:43:21,897 [Listener at 127.0.0.1/41759] INFO  BackgroundPipelineScrubber (BackgroundSCMService.java:stop(126)) - BackgroundPipelineScrubber Service is not running, skip stop.
2023-02-16 22:43:21,897 [Listener at 127.0.0.1/41759] INFO  ExpiredContainerReplicaOpScrubber (BackgroundSCMService.java:stop(131)) - Stopping ExpiredContainerReplicaOpScrubber Service.
2023-02-16 22:43:21,897 [ExpiredContainerReplicaOpScrubberThread] WARN  ExpiredContainerReplicaOpScrubber (BackgroundSCMService.java:run(115)) - ExpiredContainerReplicaOpScrubber is interrupted, exit
2023-02-16 22:43:21,897 [Listener at 127.0.0.1/41759] INFO  utils.BackgroundService (BackgroundService.java:shutdown(141)) - Shutting down service SCMBlockDeletingService
2023-02-16 22:43:21,899 [Listener at 127.0.0.1/41759] INFO  replication.ReplicationManager (ReplicationManager.java:stop(308)) - Replication Monitor Thread is not running.
2023-02-16 22:43:21,899 [Listener at 127.0.0.1/41759] WARN  balancer.ContainerBalancer (ContainerBalancer.java:stop(322)) - Cannot stop Container Balancer because it's not running or stopping
2023-02-16 22:43:21,899 [Listener at 127.0.0.1/41759] INFO  server.StorageContainerManager (StorageContainerManager.java:stop(1638)) - Stopping SCM MetadataStore.
2023-02-16 22:43:21,988 [Listener at 127.0.0.1/41759] WARN  server.ServerUtils (ServerUtils.java:getScmDbDir(148)) - ozone.scm.db.dirs is not configured. We recommend adding this setting. Falling back to ozone.metadata.dirs instead.
2023-02-16 22:43:21,991 [Listener at 127.0.0.1/41759] WARN  server.ServerUtils (ServerUtils.java:getScmDbDir(148)) - ozone.scm.db.dirs is not configured. We recommend adding this setting. Falling back to ozone.metadata.dirs instead.
2023-02-16 22:43:21,992 [Listener at 127.0.0.1/41759] INFO  ha.SCMHANodeDetails (SCMHANodeDetails.java:loadSCMHAConfig(209)) - ServiceID for StorageContainerManager is null
2023-02-16 22:43:21,992 [Listener at 127.0.0.1/41759] INFO  ha.SCMHANodeDetails (SCMHANodeDetails.java:loadSCMHAConfig(214)) - ozone.scm.default.service.id is not defined, falling back to ozone.scm.service.ids to find serviceID for StorageContainerManager if it is HA enabled cluster
2023-02-16 22:43:21,992 [Listener at 127.0.0.1/41759] WARN  utils.HAUtils (HAUtils.java:getMetaDir(342)) - ozone.scm.db.dirs is not configured. We recommend adding this setting. Falling back to ozone.metadata.dirs instead.
2023-02-16 22:43:21,993 [Listener at 127.0.0.1/41759] WARN  db.DBStoreBuilder (DBStoreBuilder.java:applyDBDefinition(172)) - ozone.scm.db.dirs is not configured. We recommend adding this setting. Falling back to ozone.metadata.dirs instead.
2023-02-16 22:43:22,148 [Listener at 127.0.0.1/41759] INFO  net.NodeSchemaLoader (NodeSchemaLoader.java:loadSchemaFromFile(129)) - Loading schema from [jar:file:/home/runner/.m2/repository/org/apache/ozone/hdds-common/1.4.0-SNAPSHOT/hdds-common-1.4.0-SNAPSHOT.jar!/network-topology-default.xml]
2023-02-16 22:43:22,148 [Listener at 127.0.0.1/41759] INFO  net.NodeSchemaLoader (NodeSchemaLoader.java:loadSchema(176)) - Loading network topology layer schema file
2023-02-16 22:43:22,152 [Listener at 127.0.0.1/41759] INFO  upgrade.AbstractLayoutVersionManager (AbstractLayoutVersionManager.java:init(83)) - Initializing Layout version manager with metadata layout = DATANODE_SCHEMA_V3 (version = 4), software layout = DATANODE_SCHEMA_V3 (version = 4)
2023-02-16 22:43:22,208 [Listener at 127.0.0.1/41759] INFO  reflections.Reflections (Reflections.java:scan(232)) - Reflections took 55 ms to scan 7 urls, producing 150 keys and 362 values 
2023-02-16 22:43:22,211 [Listener at 127.0.0.1/41759] INFO  ha.SequenceIdGenerator (SequenceIdGenerator.java:upgradeToSequenceId(349)) - upgrade localId to 111677748019200000
2023-02-16 22:43:22,211 [Listener at 127.0.0.1/41759] INFO  ha.SequenceIdGenerator (SequenceIdGenerator.java:upgradeToSequenceId(359)) - upgrade delTxnId to 0
2023-02-16 22:43:22,211 [Listener at 127.0.0.1/41759] INFO  ha.SequenceIdGenerator (SequenceIdGenerator.java:upgradeToSequenceId(376)) - upgrade containerId to 0
2023-02-16 22:43:22,212 [Listener at 127.0.0.1/41759] INFO  ha.SequenceIdGenerator (SequenceIdGenerator.java:<init>(220)) - Init the HA SequenceIdGenerator.
2023-02-16 22:43:22,212 [Listener at 127.0.0.1/41759] WARN  server.ServerUtils (ServerUtils.java:sanitizeUserArgs(73)) - ozone.scm.stale.node.interval value = 300000 is larger than max = 100000 based on the key value of ozone.scm.heartbeat.thread.interval, reset to the max value 100000.
2023-02-16 22:43:22,212 [Listener at 127.0.0.1/41759] WARN  server.ServerUtils (ServerUtils.java:sanitizeUserArgs(73)) - ozone.scm.stale.node.interval value = 300000 is larger than max = 100000 based on the key value of ozone.scm.heartbeat.thread.interval, reset to the max value 100000.
2023-02-16 22:43:22,212 [Listener at 127.0.0.1/41759] INFO  node.SCMNodeManager (SCMNodeManager.java:<init>(149)) - Entering startup safe mode.
2023-02-16 22:43:22,213 [Listener at 127.0.0.1/41759] INFO  algorithms.ContainerPlacementPolicyFactory (ContainerPlacementPolicyFactory.java:getPolicyInternal(86)) - Create container placement policy of type org.apache.hadoop.hdds.scm.container.placement.algorithms.SCMContainerPlacementRandom
2023-02-16 22:43:22,213 [Listener at 127.0.0.1/41759] INFO  algorithms.ContainerPlacementPolicyFactory (ContainerPlacementPolicyFactory.java:getPolicyInternal(86)) - Create container placement policy of type org.apache.hadoop.hdds.scm.container.placement.algorithms.SCMContainerPlacementRackScatter
2023-02-16 22:43:22,213 [Listener at 127.0.0.1/41759] INFO  pipeline.PipelineStateManagerImpl (PipelineStateManagerImpl.java:initialize(78)) - No pipeline exists in current db
2023-02-16 22:43:22,214 [Listener at 127.0.0.1/41759] INFO  algorithms.LeaderChoosePolicyFactory (LeaderChoosePolicyFactory.java:getPolicy(57)) - Create leader choose policy of type org.apache.hadoop.hdds.scm.pipeline.leader.choose.algorithms.MinLeaderCountChoosePolicy
2023-02-16 22:43:22,214 [Listener at 127.0.0.1/41759] INFO  algorithms.ContainerPlacementPolicyFactory (ContainerPlacementPolicyFactory.java:getPolicyInternal(86)) - Create container placement policy of type org.apache.hadoop.hdds.scm.container.placement.algorithms.SCMContainerPlacementRackScatter
2023-02-16 22:43:22,214 [Listener at 127.0.0.1/41759] INFO  ha.SCMServiceManager (SCMServiceManager.java:register(42)) - Registering service BackgroundPipelineCreator.
2023-02-16 22:43:22,214 [Listener at 127.0.0.1/41759] INFO  pipeline.BackgroundPipelineCreator (BackgroundPipelineCreator.java:start(124)) - Starting RatisPipelineUtilsThread.
2023-02-16 22:43:22,219 [Listener at 127.0.0.1/41759] INFO  BackgroundPipelineScrubber (BackgroundSCMService.java:start(68)) - Starting BackgroundPipelineScrubber Service.
2023-02-16 22:43:22,219 [Listener at 127.0.0.1/41759] INFO  ha.SCMServiceManager (SCMServiceManager.java:register(42)) - Registering service BackgroundPipelineScrubber.
2023-02-16 22:43:22,219 [Listener at 127.0.0.1/41759] INFO  ExpiredContainerReplicaOpScrubber (BackgroundSCMService.java:start(68)) - Starting ExpiredContainerReplicaOpScrubber Service.
2023-02-16 22:43:22,220 [Listener at 127.0.0.1/41759] INFO  ha.SCMServiceManager (SCMServiceManager.java:register(42)) - Registering service ExpiredContainerReplicaOpScrubber.
2023-02-16 22:43:22,222 [Listener at 127.0.0.1/41759] INFO  algorithms.PipelineChoosePolicyFactory (PipelineChoosePolicyFactory.java:createPipelineChoosePolicyFromClass(73)) - Create pipeline choose policy of type org.apache.hadoop.hdds.scm.pipeline.choose.algorithms.RandomPipelineChoosePolicy
2023-02-16 22:43:22,222 [Listener at 127.0.0.1/41759] INFO  ha.SCMServiceManager (SCMServiceManager.java:register(42)) - Registering service SCMBlockDeletingService.
2023-02-16 22:43:22,223 [Listener at 127.0.0.1/41759] INFO  replication.ReplicationManager (ReplicationManager.java:start(265)) - Starting Replication Monitor Thread.
2023-02-16 22:43:22,226 [Listener at 127.0.0.1/41759] INFO  ha.SCMServiceManager (SCMServiceManager.java:register(42)) - Registering service ReplicationManager.
2023-02-16 22:43:22,227 [Listener at 127.0.0.1/41759] INFO  safemode.ContainerSafeModeRule (ContainerSafeModeRule.java:<init>(89)) - containers with one replica threshold count 0
2023-02-16 22:43:22,227 [Listener at 127.0.0.1/41759] INFO  safemode.HealthyPipelineSafeModeRule (HealthyPipelineSafeModeRule.java:initializeRule(169)) - Total pipeline count is 0, healthy pipeline threshold count is 1
2023-02-16 22:43:22,227 [Listener at 127.0.0.1/41759] INFO  safemode.OneReplicaPipelineSafeModeRule (OneReplicaPipelineSafeModeRule.java:initializeRule(180)) - Total pipeline count is 0, pipeline's with at least one datanode reported threshold count is 0
2023-02-16 22:43:22,228 [ReplicationMonitor] INFO  replication.ReplicationManager (ReplicationManager.java:processAll(340)) - Replication Manager is not ready to run until 3000ms after safemode exit
2023-02-16 22:43:22,230 [Listener at 127.0.0.1/41759] INFO  ipc.CallQueueManager (CallQueueManager.java:<init>(90)) - Using callQueue: class java.util.concurrent.LinkedBlockingQueue, queueCapacity: 2000, scheduler: class org.apache.hadoop.ipc.DefaultRpcScheduler, ipcBackoff: false.
2023-02-16 22:43:22,231 [Socket Reader #1 for port 0] INFO  ipc.Server (Server.java:run(1273)) - Starting Socket Reader #1 for port 0
2023-02-16 22:43:22,231 [Listener at 0.0.0.0/39503] INFO  ipc.CallQueueManager (CallQueueManager.java:<init>(90)) - Using callQueue: class java.util.concurrent.LinkedBlockingQueue, queueCapacity: 2000, scheduler: class org.apache.hadoop.ipc.DefaultRpcScheduler, ipcBackoff: false.
2023-02-16 22:43:22,233 [Socket Reader #1 for port 0] INFO  ipc.Server (Server.java:run(1273)) - Starting Socket Reader #1 for port 0
2023-02-16 22:43:22,233 [Listener at 0.0.0.0/45025] INFO  ipc.CallQueueManager (CallQueueManager.java:<init>(90)) - Using callQueue: class java.util.concurrent.LinkedBlockingQueue, queueCapacity: 2000, scheduler: class org.apache.hadoop.ipc.DefaultRpcScheduler, ipcBackoff: false.
2023-02-16 22:43:22,234 [Socket Reader #1 for port 0] INFO  ipc.Server (Server.java:run(1273)) - Starting Socket Reader #1 for port 0
2023-02-16 22:43:22,240 [Listener at 0.0.0.0/43319] INFO  ha.SCMServiceManager (SCMServiceManager.java:register(42)) - Registering service ContainerBalancer.
2023-02-16 22:43:22,241 [Listener at 0.0.0.0/43319] INFO  server.StorageContainerManager (StorageContainerManager.java:<init>(401)) - 
Container Balancer status:
Key                            Value
Running                        true
Container Balancer Configuration values:
Key                                                Value
Threshold                                          10
Max Datanodes to Involve per Iteration(percent)    20
Max Size to Move per Iteration                     500GB
Max Size Entering Target per Iteration             26GB
Max Size Leaving Source per Iteration              26GB

2023-02-16 22:43:22,241 [Listener at 0.0.0.0/43319] INFO  ha.SCMContext (SCMContext.java:updateSafeModeStatus(228)) - Update SafeModeStatus from SafeModeStatus{safeModeStatus=true, preCheckPassed=false} to SafeModeStatus{safeModeStatus=true, preCheckPassed=false}.
2023-02-16 22:43:22,241 [Listener at 0.0.0.0/43319] INFO  server.StorageContainerManager (StorageContainerManager.java:start(1435)) - StorageContainerLocationProtocol RPC server is listening at /0.0.0.0:43319
2023-02-16 22:43:22,243 [Listener at 0.0.0.0/43319] WARN  impl.MetricsConfig (MetricsConfig.java:loadFirst(136)) - Cannot locate configuration: tried hadoop-metrics2-storagecontainermanager.properties,hadoop-metrics2.properties
2023-02-16 22:43:22,245 [Listener at 0.0.0.0/43319] INFO  impl.MetricsSystemImpl (MetricsSystemImpl.java:startTimer(378)) - Scheduled Metric snapshot period at 10 second(s).
2023-02-16 22:43:22,245 [Listener at 0.0.0.0/43319] INFO  impl.MetricsSystemImpl (MetricsSystemImpl.java:start(191)) - StorageContainerManager metrics system started
2023-02-16 22:43:22,267 [Listener at 0.0.0.0/43319] INFO  impl.MetricsSinkAdapter (MetricsSinkAdapter.java:start(204)) - Sink prometheus started
2023-02-16 22:43:22,267 [Listener at 0.0.0.0/43319] INFO  impl.MetricsSystemImpl (MetricsSystemImpl.java:registerSink(305)) - Registered sink prometheus
2023-02-16 22:43:22,283 [Listener at 0.0.0.0/43319] INFO  server.SCMClientProtocolServer (SCMClientProtocolServer.java:start(169)) - RPC server for Client  is listening at /0.0.0.0:43319
2023-02-16 22:43:22,283 [IPC Server Responder] INFO  ipc.Server (Server.java:run(1512)) - IPC Server Responder: starting
2023-02-16 22:43:22,286 [IPC Server listener on 0] INFO  ipc.Server (Server.java:run(1352)) - IPC Server listener on 0: starting
2023-02-16 22:43:22,289 [Listener at 0.0.0.0/43319] INFO  server.StorageContainerManager (StorageContainerManager.java:start(1449)) - ScmBlockLocationProtocol RPC server is listening at /0.0.0.0:45025
2023-02-16 22:43:22,290 [Listener at 0.0.0.0/43319] INFO  server.SCMBlockProtocolServer (SCMBlockProtocolServer.java:start(152)) - RPC server for Block Protocol is listening at /0.0.0.0:45025
2023-02-16 22:43:22,290 [IPC Server Responder] INFO  ipc.Server (Server.java:run(1512)) - IPC Server Responder: starting
2023-02-16 22:43:22,291 [IPC Server listener on 0] INFO  ipc.Server (Server.java:run(1352)) - IPC Server listener on 0: starting
2023-02-16 22:43:22,295 [Listener at 0.0.0.0/43319] INFO  server.SCMDatanodeProtocolServer (SCMDatanodeProtocolServer.java:start(193)) - ScmDatanodeProtocol RPC server for DataNodes is listening at /0.0.0.0:39503
2023-02-16 22:43:22,296 [IPC Server Responder] INFO  ipc.Server (Server.java:run(1512)) - IPC Server Responder: starting
2023-02-16 22:43:22,296 [IPC Server listener on 0] INFO  ipc.Server (Server.java:run(1352)) - IPC Server listener on 0: starting
2023-02-16 22:43:22,304 [org.apache.hadoop.util.JvmPauseMonitor$Monitor@87f2a9e] INFO  util.JvmPauseMonitor (JvmPauseMonitor.java:run(188)) - Starting JVM pause monitor
2023-02-16 22:43:22,305 [Listener at 0.0.0.0/43319] INFO  http.BaseHttpServer (BaseHttpServer.java:newHttpServer2BuilderForOzone(213)) - Starting Web-server for scm at: http://0.0.0.0:0
2023-02-16 22:43:22,305 [Listener at 0.0.0.0/43319] INFO  http.BaseHttpServer (BaseHttpServer.java:<init>(108)) - Hadoop Security Enabled: false Ozone Security Enabled: false Ozone HTTP Security Enabled: false 
2023-02-16 22:43:22,307 [Listener at 0.0.0.0/43319] WARN  server.AuthenticationFilter (AuthenticationFilter.java:constructSecretProvider(240)) - Unable to initialize FileSignerSecretProvider, falling back to use random secrets. Reason: Could not read signature secret file: /home/runner/hadoop-http-auth-signature-secret
2023-02-16 22:43:22,308 [Listener at 0.0.0.0/43319] WARN  http.HttpRequestLog (HttpRequestLog.java:getRequestLog(103)) - Jetty request log can only be enabled using Log4j
2023-02-16 22:43:22,309 [Listener at 0.0.0.0/43319] INFO  http.HttpServer2 (HttpServer2.java:addGlobalFilter(1031)) - Added global filter 'safety' (class=org.apache.hadoop.hdds.server.http.HttpServer2$QuotingInputFilter)
2023-02-16 22:43:22,311 [Listener at 0.0.0.0/43319] INFO  http.HttpServer2 (HttpServer2.java:addFilter(1007)) - Added filter static_user_filter (class=org.apache.hadoop.http.lib.StaticUserWebFilter$StaticUserFilter) to context scm
2023-02-16 22:43:22,311 [Listener at 0.0.0.0/43319] INFO  http.HttpServer2 (HttpServer2.java:addFilter(1015)) - Added filter static_user_filter (class=org.apache.hadoop.http.lib.StaticUserWebFilter$StaticUserFilter) to context static
2023-02-16 22:43:22,311 [Listener at 0.0.0.0/43319] INFO  http.HttpServer2 (HttpServer2.java:addFilter(1015)) - Added filter static_user_filter (class=org.apache.hadoop.http.lib.StaticUserWebFilter$StaticUserFilter) to context logs
2023-02-16 22:43:22,312 [Listener at 0.0.0.0/43319] INFO  http.HttpServer2 (HttpServer2.java:bindListener(1250)) - Jetty bound to port 33891
2023-02-16 22:43:22,312 [Listener at 0.0.0.0/43319] INFO  server.Server (Server.java:doStart(375)) - jetty-9.4.49.v20220914; built: 2022-09-14T01:07:36.601Z; git: 4231a3b2e4cb8548a412a789936d640a97b1aa0a; jvm 1.8.0_362-b09
2023-02-16 22:43:22,313 [Listener at 0.0.0.0/43319] INFO  server.session (DefaultSessionIdManager.java:doStart(334)) - DefaultSessionIdManager workerName=node0
2023-02-16 22:43:22,314 [Listener at 0.0.0.0/43319] INFO  server.session (DefaultSessionIdManager.java:doStart(339)) - No SessionScavenger set, using defaults
2023-02-16 22:43:22,314 [Listener at 0.0.0.0/43319] INFO  server.session (HouseKeeper.java:startScavenging(132)) - node0 Scavenging every 660000ms
2023-02-16 22:43:22,315 [Listener at 0.0.0.0/43319] INFO  handler.ContextHandler (ContextHandler.java:doStart(921)) - Started o.e.j.s.ServletContextHandler@283d515e{logs,/logs,file:///home/runner/work/ozone/ozone/hadoop-ozone/integration-test/target/log,AVAILABLE}
2023-02-16 22:43:22,316 [Listener at 0.0.0.0/43319] INFO  handler.ContextHandler (ContextHandler.java:doStart(921)) - Started o.e.j.s.ServletContextHandler@79ff741f{static,/static,file:///home/runner/work/ozone/ozone/hadoop-ozone/integration-test/target/test-classes/webapps/static,AVAILABLE}
2023-02-16 22:43:22,320 [Listener at 0.0.0.0/43319] INFO  handler.ContextHandler (ContextHandler.java:doStart(921)) - Started o.e.j.w.WebAppContext@6aa2a1a9{scm,/,file:///home/runner/work/ozone/ozone/hadoop-ozone/integration-test/target/test-classes/webapps/scm/,AVAILABLE}{file:/home/runner/work/ozone/ozone/hadoop-ozone/integration-test/target/test-classes/webapps/scm}
2023-02-16 22:43:22,321 [Listener at 0.0.0.0/43319] INFO  server.AbstractConnector (AbstractConnector.java:doStart(333)) - Started ServerConnector@28f9b308{HTTP/1.1, (http/1.1)}{0.0.0.0:33891}
2023-02-16 22:43:22,322 [Listener at 0.0.0.0/43319] INFO  server.Server (Server.java:doStart(415)) - Started @34118ms
2023-02-16 22:43:22,322 [Listener at 0.0.0.0/43319] WARN  impl.MetricsSystemImpl (MetricsSystemImpl.java:register(279)) - Sink prometheus already exists!
2023-02-16 22:43:22,322 [Listener at 0.0.0.0/43319] INFO  http.BaseHttpServer (BaseHttpServer.java:updateConnectorAddress(333)) - HTTP server of scm listening at http://0.0.0.0:33891
2023-02-16 22:43:22,323 [Listener at 0.0.0.0/43319] WARN  server.ServerUtils (ServerUtils.java:getDBPath(225)) - ozone.om.db.dirs is not configured. We recommend adding this setting. Falling back to ozone.metadata.dirs instead.
2023-02-16 22:43:22,327 [Listener at 0.0.0.0/43319] INFO  ha.OMHANodeDetails (OMHANodeDetails.java:loadOMHAConfig(115)) - ozone.om.internal.service.id is not defined, falling back to ozone.om.service.ids to find serviceID for OzoneManager if it is HA enabled cluster
2023-02-16 22:43:22,327 [Listener at 0.0.0.0/43319] INFO  ha.OMHANodeDetails (OMHANodeDetails.java:loadOMHAConfig(226)) - Configuration does not have ozone.om.address set. Falling back to the default OM address /127.0.0.1:0
2023-02-16 22:43:22,327 [Listener at 0.0.0.0/43319] INFO  ha.OMHANodeDetails (OMHANodeDetails.java:getOMNodeDetailsForNonHA(254)) - OM Service ID is not set. Setting it to the default ID: omServiceIdDefault
2023-02-16 22:43:22,327 [Listener at 0.0.0.0/43319] INFO  ha.OMHANodeDetails (OMHANodeDetails.java:getOMNodeDetailsForNonHA(261)) - OM Node ID is not set. Setting it to the default ID: om1
2023-02-16 22:43:22,327 [Listener at 0.0.0.0/43319] WARN  server.ServerUtils (ServerUtils.java:getDBPath(225)) - ozone.om.db.dirs is not configured. We recommend adding this setting. Falling back to ozone.metadata.dirs instead.
2023-02-16 22:43:22,330 [Listener at 0.0.0.0/43319] INFO  upgrade.AbstractLayoutVersionManager (AbstractLayoutVersionManager.java:init(83)) - Initializing Layout version manager with metadata layout = MULTITENANCY_SCHEMA (version = 3), software layout = MULTITENANCY_SCHEMA (version = 3)
2023-02-16 22:43:22,415 [Listener at 0.0.0.0/43319] INFO  reflections.Reflections (Reflections.java:scan(232)) - Reflections took 84 ms to scan 2 urls, producing 166 keys and 457 values [using 2 cores]
2023-02-16 22:43:22,416 [Listener at 0.0.0.0/43319] INFO  upgrade.OMLayoutVersionManager (OMLayoutVersionManager.java:lambda$0(115)) - Skipping Upgrade Action MockOmUpgradeAction since it has been finalized.
2023-02-16 22:43:22,416 [Listener at 0.0.0.0/43319] WARN  server.ServerUtils (ServerUtils.java:getDBPath(225)) - ozone.om.db.dirs is not configured. We recommend adding this setting. Falling back to ozone.metadata.dirs instead.
2023-02-16 22:43:22,417 [Listener at 0.0.0.0/43319] INFO  proxy.SCMBlockLocationFailoverProxyProvider (SCMBlockLocationFailoverProxyProvider.java:<init>(114)) - Created block location fail-over proxy with 1 nodes: [nodeId=scmNodeId,nodeAddress=/0.0.0.0:45025]
2023-02-16 22:43:22,419 [Listener at 0.0.0.0/43319] INFO  proxy.SCMBlockLocationFailoverProxyProvider (SCMBlockLocationFailoverProxyProvider.java:<init>(114)) - Created block location fail-over proxy with 1 nodes: [nodeId=scmNodeId,nodeAddress=/0.0.0.0:45025]
2023-02-16 22:43:22,426 [Listener at 0.0.0.0/43319] INFO  om.OzoneManager (OzoneManager.java:<init>(615)) - OM start with adminUsers: [runner]
2023-02-16 22:43:22,429 [Listener at 0.0.0.0/43319] WARN  server.ServerUtils (ServerUtils.java:getDBPath(225)) - ozone.om.db.dirs is not configured. We recommend adding this setting. Falling back to ozone.metadata.dirs instead.
2023-02-16 22:43:22,430 [Listener at 0.0.0.0/43319] INFO  codec.OmKeyInfoCodec (OmKeyInfoCodec.java:<init>(49)) - OmKeyInfoCodec ignorePipeline = true
2023-02-16 22:43:22,430 [Listener at 0.0.0.0/43319] INFO  codec.RepeatedOmKeyInfoCodec (RepeatedOmKeyInfoCodec.java:<init>(41)) - RepeatedOmKeyInfoCodec ignorePipeline = true
2023-02-16 22:43:22,678 [Listener at 0.0.0.0/43319] INFO  om.OzoneManager (OzoneManager.java:instantiateServices(745)) - S3 Multi-Tenancy is disabled
2023-02-16 22:43:22,679 [Listener at 0.0.0.0/43319] WARN  server.ServerUtils (ServerUtils.java:getDBPath(225)) - ozone.om.snapshot.diff.db.dir is not configured. We recommend adding this setting. Falling back to ozone.metadata.dirs instead.
2023-02-16 22:43:22,699 [Listener at 0.0.0.0/43319] INFO  om.OzoneManager (OzoneManager.java:addS3GVolumeToDB(4177)) - Created Volume s3v With Owner runner required for S3Gateway operations.
2023-02-16 22:43:22,699 [Listener at 0.0.0.0/43319] WARN  server.ServerUtils (ServerUtils.java:getDefaultRatisDirectory(237)) - Storage directory for Ratis is not configured. It is a good idea to map this to an SSD disk. Falling back to ozone.metadata.dirs
2023-02-16 22:43:22,699 [Listener at 0.0.0.0/43319] WARN  utils.OzoneManagerRatisUtils (OzoneManagerRatisUtils.java:getOMRatisSnapshotDirectory(436)) - ozone.om.ratis.snapshot.dir is not configured. Falling back to ozone.metadata.dirs config
2023-02-16 22:43:22,699 [Listener at 0.0.0.0/43319] WARN  server.ServerUtils (ServerUtils.java:getDefaultRatisDirectory(237)) - Storage directory for Ratis is not configured. It is a good idea to map this to an SSD disk. Falling back to ozone.metadata.dirs
2023-02-16 22:43:22,701 [Listener at 0.0.0.0/43319] INFO  ratis.OzoneManagerRatisServer (OzoneManagerRatisServer.java:<init>(160)) - Instantiating OM Ratis server with groupID: omServiceIdDefault and peers: localhost:9872
2023-02-16 22:43:22,702 [Listener at 0.0.0.0/43319] INFO  ratis.OzoneManagerStateMachine (OzoneManagerStateMachine.java:loadSnapshotInfoFromDB(636)) - LastAppliedIndex is set from TransactionInfo from OM DB as (t:0, i:~)
2023-02-16 22:43:22,702 [Listener at 0.0.0.0/43319] INFO  server.RaftServer (ConfUtils.java:logGet(46)) - raft.rpc.type = GRPC (default)
2023-02-16 22:43:22,702 [Listener at 0.0.0.0/43319] INFO  grpc.GrpcConfigKeys (ConfUtils.java:logFallback(53)) - raft.grpc.admin.host = null (fallback to raft.grpc.server.host)
2023-02-16 22:43:22,702 [Listener at 0.0.0.0/43319] INFO  grpc.GrpcConfigKeys (ConfUtils.java:logFallback(53)) - raft.grpc.admin.port = 9872 (fallback to raft.grpc.server.port)
2023-02-16 22:43:22,703 [Listener at 0.0.0.0/43319] INFO  grpc.GrpcConfigKeys (ConfUtils.java:logFallback(53)) - raft.grpc.client.host = null (fallback to raft.grpc.server.host)
2023-02-16 22:43:22,703 [Listener at 0.0.0.0/43319] INFO  grpc.GrpcConfigKeys (ConfUtils.java:logFallback(53)) - raft.grpc.client.port = 9872 (fallback to raft.grpc.server.port)
2023-02-16 22:43:22,703 [Listener at 0.0.0.0/43319] INFO  grpc.GrpcConfigKeys (ConfUtils.java:logGet(46)) - raft.grpc.server.host = null (default)
2023-02-16 22:43:22,703 [Listener at 0.0.0.0/43319] INFO  grpc.GrpcConfigKeys (ConfUtils.java:logGet(46)) - raft.grpc.server.port = 9872 (custom)
2023-02-16 22:43:22,703 [Listener at 0.0.0.0/43319] INFO  server.GrpcService (ConfUtils.java:logGet(46)) - raft.grpc.message.size.max = 33554432 (custom)
2023-02-16 22:43:22,703 [Listener at 0.0.0.0/43319] INFO  server.RaftServerConfigKeys (ConfUtils.java:logGet(46)) - raft.server.log.appender.buffer.byte-limit = 33554432 (custom)
2023-02-16 22:43:22,704 [Listener at 0.0.0.0/43319] INFO  server.GrpcService (ConfUtils.java:logGet(46)) - raft.grpc.flow.control.window = 1MB (=1048576) (default)
2023-02-16 22:43:22,704 [Listener at 0.0.0.0/43319] INFO  server.RaftServerConfigKeys (ConfUtils.java:logGet(46)) - raft.server.rpc.request.timeout = 3000ms (default)
2023-02-16 22:43:22,704 [Listener at 0.0.0.0/43319] INFO  grpc.GrpcConfigKeys (ConfUtils.java:logGet(46)) - raft.grpc.server.heartbeat.channel = true (default)
2023-02-16 22:43:22,704 [Listener at 0.0.0.0/43319] INFO  grpc.GrpcConfigKeys (ConfUtils.java:logGet(46)) - raft.grpc.server.async.request.thread.pool.cached = true (default)
2023-02-16 22:43:22,704 [Listener at 0.0.0.0/43319] INFO  grpc.GrpcConfigKeys (ConfUtils.java:logGet(46)) - raft.grpc.server.async.request.thread.pool.size = 32 (default)
2023-02-16 22:43:22,706 [Listener at 0.0.0.0/43319] INFO  impl.DataStreamServerImpl (ConfUtils.java:logGet(46)) - raft.datastream.type = DISABLED (default)
2023-02-16 22:43:22,707 [Listener at 0.0.0.0/43319] INFO  server.RaftServerConfigKeys (ConfUtils.java:logGet(46)) - raft.server.threadpool.proxy.cached = true (default)
2023-02-16 22:43:22,707 [Listener at 0.0.0.0/43319] INFO  server.RaftServerConfigKeys (ConfUtils.java:logGet(46)) - raft.server.threadpool.proxy.size = 0 (default)
2023-02-16 22:43:22,707 [Listener at 0.0.0.0/43319] INFO  server.RaftServerConfigKeys (ConfUtils.java:logGet(46)) - raft.server.rpc.slowness.timeout = 120s (custom)
2023-02-16 22:43:22,707 [Listener at 0.0.0.0/43319] INFO  server.RaftServerConfigKeys (ConfUtils.java:logGet(46)) - raft.server.leaderelection.leader.step-down.wait-time = 10s (default)
2023-02-16 22:43:22,707 [Listener at 0.0.0.0/43319] INFO  server.RaftServerConfigKeys (ConfUtils.java:logGet(46)) - raft.server.storage.dir = [/home/runner/work/ozone/ozone/hadoop-ozone/integration-test/target/test-dir/MiniOzoneClusterImpl-40d1b4d0-2c8f-4763-9166-3e69b7713d06/ozone-meta/ratis] (custom)
2023-02-16 22:43:22,708 [Listener at 0.0.0.0/43319] INFO  server.RaftServer (RaftServerProxy.java:addNew(96)) - om1: addNew group-C5BA1605619E:[om1|rpc:localhost:9872|priority:0|startupRole:FOLLOWER] returns group-C5BA1605619E:java.util.concurrent.CompletableFuture@12ec2e89[Not completed]
2023-02-16 22:43:22,708 [pool-256-thread-1] INFO  server.RaftServer$Division (RaftServerImpl.java:<init>(195)) - om1: new RaftServerImpl for group-C5BA1605619E:[om1|rpc:localhost:9872|priority:0|startupRole:FOLLOWER] with OzoneManagerStateMachine:uninitialized
2023-02-16 22:43:22,708 [Listener at 0.0.0.0/43319] INFO  om.OzoneManager (OzoneManager.java:initializeRatisServer(2080)) - OzoneManager Ratis server initialized at port 9872
2023-02-16 22:43:22,709 [pool-256-thread-1] INFO  server.RaftServerConfigKeys (ConfUtils.java:logGet(46)) - raft.server.rpc.timeout.min = 1s (custom)
2023-02-16 22:43:22,709 [Listener at 0.0.0.0/43319] INFO  om.OzoneManager (OzoneManager.java:getRpcServer(1128)) - Creating RPC Server
2023-02-16 22:43:22,709 [pool-256-thread-1] INFO  server.RaftServerConfigKeys (ConfUtils.java:logGet(46)) - raft.server.rpc.timeout.max = 1200ms (custom)
2023-02-16 22:43:22,709 [pool-256-thread-1] INFO  server.RaftServerConfigKeys (ConfUtils.java:logGet(46)) - raft.server.rpc.sleep.time = 25ms (default)
2023-02-16 22:43:22,709 [pool-256-thread-1] INFO  server.RaftServerConfigKeys (ConfUtils.java:logGet(46)) - raft.server.rpc.slowness.timeout = 120s (custom)
2023-02-16 22:43:22,709 [pool-256-thread-1] INFO  server.RaftServerConfigKeys (ConfUtils.java:logGet(46)) - raft.server.leaderelection.leader.step-down.wait-time = 10s (default)
2023-02-16 22:43:22,709 [pool-256-thread-1] INFO  server.RaftServerConfigKeys (ConfUtils.java:logGet(46)) - raft.server.sleep.deviation.threshold = 300ms (default)
2023-02-16 22:43:22,709 [pool-256-thread-1] INFO  server.RaftServer$Division (ServerState.java:<init>(118)) - om1@group-C5BA1605619E: ConfigurationManager, init=-1: peers:[om1|rpc:localhost:9872|priority:0|startupRole:FOLLOWER]|listeners:[], old=null, confs=<EMPTY_MAP>
2023-02-16 22:43:22,709 [pool-256-thread-1] INFO  server.RaftServerConfigKeys (ConfUtils.java:logGet(46)) - raft.server.storage.dir = [/home/runner/work/ozone/ozone/hadoop-ozone/integration-test/target/test-dir/MiniOzoneClusterImpl-40d1b4d0-2c8f-4763-9166-3e69b7713d06/ozone-meta/ratis] (custom)
2023-02-16 22:43:22,709 [pool-256-thread-1] INFO  server.RaftServerConfigKeys (ConfUtils.java:logGet(46)) - raft.server.log.corruption.policy = EXCEPTION (default)
2023-02-16 22:43:22,710 [pool-256-thread-1] INFO  server.RaftServerConfigKeys (ConfUtils.java:logGet(46)) - raft.server.storage.free-space.min = 0MB (=0) (default)
2023-02-16 22:43:22,710 [pool-256-thread-1] INFO  server.RaftServerConfigKeys (ConfUtils.java:logGet(46)) - raft.server.notification.no-leader.timeout = 120s (custom)
2023-02-16 22:43:22,710 [pool-256-thread-1] INFO  server.RaftServerConfigKeys (ConfUtils.java:logGet(46)) - raft.server.retrycache.expirytime = 300s (custom)
2023-02-16 22:43:22,710 [pool-256-thread-1] INFO  server.RaftServerConfigKeys (ConfUtils.java:logGet(46)) - raft.server.retrycache.statistics.expirytime = 100μs (default)
2023-02-16 22:43:22,711 [pool-256-thread-1] INFO  server.RaftServerConfigKeys (ConfUtils.java:logGet(46)) - raft.server.log.appender.install.snapshot.enabled = false (custom)
2023-02-16 22:43:22,711 [pool-256-thread-1] INFO  server.RaftServerConfigKeys (ConfUtils.java:logGet(46)) - raft.server.threadpool.server.cached = true (default)
2023-02-16 22:43:22,711 [pool-256-thread-1] INFO  server.RaftServerConfigKeys (ConfUtils.java:logGet(46)) - raft.server.threadpool.server.size = 0 (default)
2023-02-16 22:43:22,711 [pool-256-thread-1] INFO  server.RaftServerConfigKeys (ConfUtils.java:logGet(46)) - raft.server.threadpool.client.cached = true (default)
2023-02-16 22:43:22,711 [pool-256-thread-1] INFO  server.RaftServerConfigKeys (ConfUtils.java:logGet(46)) - raft.server.threadpool.client.size = 0 (default)
2023-02-16 22:43:23,094 [Listener at 0.0.0.0/43319] INFO  reflections.Reflections (Reflections.java:scan(232)) - Reflections took 384 ms to scan 19 urls, producing 69 keys and 4807 values [using 2 cores]
2023-02-16 22:43:23,096 [Listener at 0.0.0.0/43319] INFO  ipc.CallQueueManager (CallQueueManager.java:<init>(90)) - Using callQueue: class java.util.concurrent.LinkedBlockingQueue, queueCapacity: 2000, scheduler: class org.apache.hadoop.ipc.DefaultRpcScheduler, ipcBackoff: false.
2023-02-16 22:43:23,097 [Socket Reader #1 for port 0] INFO  ipc.Server (Server.java:run(1273)) - Starting Socket Reader #1 for port 0
2023-02-16 22:43:23,186 [Listener at 127.0.0.1/42185] INFO  impl.MetricsSystemImpl (MetricsSystemImpl.java:init(158)) - OzoneManager metrics system started (again)
2023-02-16 22:43:23,198 [Listener at 127.0.0.1/42185] INFO  om.OzoneManager (OzoneManager.java:start(1548)) - OzoneManager RPC server is listening at localhost/127.0.0.1:42185
2023-02-16 22:43:23,198 [Listener at 127.0.0.1/42185] INFO  ratis.OzoneManagerRatisServer (OzoneManagerRatisServer.java:start(555)) - Starting OzoneManagerRatisServer om1 at port 9872
2023-02-16 22:43:23,199 [om1-impl-thread1] INFO  storage.RaftStorageDirectory (RaftStorageDirectoryImpl.java:analyzeStorage(137)) - The storage directory /home/runner/work/ozone/ozone/hadoop-ozone/integration-test/target/test-dir/MiniOzoneClusterImpl-40d1b4d0-2c8f-4763-9166-3e69b7713d06/ozone-meta/ratis/bf265839-605b-3f16-9796-c5ba1605619e does not exist. Creating ...
2023-02-16 22:43:23,201 [om1-impl-thread1] INFO  storage.RaftStorageDirectory (RaftStorageDirectoryImpl.java:tryLock(231)) - Lock on /home/runner/work/ozone/ozone/hadoop-ozone/integration-test/target/test-dir/MiniOzoneClusterImpl-40d1b4d0-2c8f-4763-9166-3e69b7713d06/ozone-meta/ratis/bf265839-605b-3f16-9796-c5ba1605619e/in_use.lock acquired by nodename 60597@fv-az571-511
2023-02-16 22:43:23,204 [om1-impl-thread1] INFO  storage.RaftStorage (RaftStorageImpl.java:format(96)) - Storage directory /home/runner/work/ozone/ozone/hadoop-ozone/integration-test/target/test-dir/MiniOzoneClusterImpl-40d1b4d0-2c8f-4763-9166-3e69b7713d06/ozone-meta/ratis/bf265839-605b-3f16-9796-c5ba1605619e has been successfully formatted.
2023-02-16 22:43:23,204 [om1-impl-thread1] INFO  server.RaftServerConfigKeys (ConfUtils.java:logGet(46)) - raft.server.log.use.memory = false (default)
2023-02-16 22:43:23,204 [om1-impl-thread1] INFO  server.RaftServerConfigKeys (ConfUtils.java:logGet(46)) - raft.server.log.purge.gap = 1000000 (custom)
2023-02-16 22:43:23,204 [om1-impl-thread1] INFO  server.RaftServerConfigKeys (ConfUtils.java:logGet(46)) - raft.server.log.appender.buffer.byte-limit = 33554432 (custom)
2023-02-16 22:43:23,204 [om1-impl-thread1] INFO  server.RaftServerConfigKeys (ConfUtils.java:logGet(46)) - raft.server.log.statemachine.data.read.timeout = 1000ms (default)
2023-02-16 22:43:23,205 [om1-impl-thread1] INFO  server.RaftServerConfigKeys (ConfUtils.java:logGet(46)) - raft.server.log.purge.preservation.log.num = 0 (default)
2023-02-16 22:43:23,205 [om1-impl-thread1] INFO  server.RaftServerConfigKeys (ConfUtils.java:logGet(46)) - raft.server.log.segment.size.max = 4194304 (custom)
2023-02-16 22:43:23,205 [om1-impl-thread1] INFO  server.RaftServerConfigKeys (ConfUtils.java:logGet(46)) - raft.server.log.segment.cache.num.max = 2 (custom)
2023-02-16 22:43:23,205 [om1-impl-thread1] INFO  server.RaftServerConfigKeys (ConfUtils.java:logGet(46)) - raft.server.log.segment.cache.size.max = 200MB (=209715200) (default)
2023-02-16 22:43:23,205 [om1-impl-thread1] INFO  segmented.SegmentedRaftLogWorker (SegmentedRaftLogWorker.java:<init>(189)) - new om1@group-C5BA1605619E-SegmentedRaftLogWorker for RaftStorageImpl:Storage Directory /home/runner/work/ozone/ozone/hadoop-ozone/integration-test/target/test-dir/MiniOzoneClusterImpl-40d1b4d0-2c8f-4763-9166-3e69b7713d06/ozone-meta/ratis/bf265839-605b-3f16-9796-c5ba1605619e
2023-02-16 22:43:23,205 [om1-impl-thread1] INFO  server.RaftServerConfigKeys (ConfUtils.java:logGet(46)) - raft.server.log.queue.byte-limit = 64MB (=67108864) (default)
2023-02-16 22:43:23,206 [om1-impl-thread1] INFO  server.RaftServerConfigKeys (ConfUtils.java:logGet(46)) - raft.server.log.queue.element-limit = 4096 (default)
2023-02-16 22:43:23,206 [om1-impl-thread1] INFO  server.RaftServerConfigKeys (ConfUtils.java:logGet(46)) - raft.server.log.segment.size.max = 4194304 (custom)
2023-02-16 22:43:23,206 [om1-impl-thread1] INFO  server.RaftServerConfigKeys (ConfUtils.java:logGet(46)) - raft.server.log.preallocated.size = 4194304 (custom)
2023-02-16 22:43:23,206 [om1-impl-thread1] INFO  server.RaftServerConfigKeys (ConfUtils.java:logGet(46)) - raft.server.log.force.sync.num = 128 (default)
2023-02-16 22:43:23,206 [om1-impl-thread1] INFO  server.RaftServerConfigKeys (ConfUtils.java:logGet(46)) - raft.server.log.statemachine.data.sync = true (default)
2023-02-16 22:43:23,206 [om1-impl-thread1] INFO  server.RaftServerConfigKeys (ConfUtils.java:logGet(46)) - raft.server.log.statemachine.data.sync.timeout = 10s (default)
2023-02-16 22:43:23,206 [om1-impl-thread1] INFO  server.RaftServerConfigKeys (ConfUtils.java:logGet(46)) - raft.server.log.statemachine.data.sync.timeout.retry = -1 (default)
2023-02-16 22:43:23,207 [om1-impl-thread1] INFO  server.RaftServerConfigKeys (ConfUtils.java:logGet(46)) - raft.server.log.write.buffer.size = 64KB (=65536) (default)
2023-02-16 22:43:23,207 [om1-impl-thread1] INFO  server.RaftServerConfigKeys (ConfUtils.java:logGet(46)) - raft.server.log.appender.buffer.byte-limit = 33554432 (custom)
2023-02-16 22:43:23,213 [om1-impl-thread1] INFO  server.RaftServerConfigKeys (ConfUtils.java:logGet(46)) - raft.server.log.unsafe-flush.enabled = false (default)
2023-02-16 22:43:23,214 [om1-impl-thread1] INFO  server.RaftServerConfigKeys (ConfUtils.java:logGet(46)) - raft.server.log.async-flush.enabled = false (default)
2023-02-16 22:43:23,214 [om1-impl-thread1] INFO  server.RaftServerConfigKeys (ConfUtils.java:logGet(46)) - raft.server.log.statemachine.data.caching.enabled = false (default)
2023-02-16 22:43:23,214 [om1-impl-thread1] INFO  segmented.SegmentedRaftLogWorker (SegmentedRaftLogWorker.java:lambda$new$0(135)) - om1@group-C5BA1605619E-SegmentedRaftLogWorker: flushIndex: setUnconditionally 0 -> -1
2023-02-16 22:43:23,214 [om1-impl-thread1] INFO  segmented.SegmentedRaftLogWorker (SegmentedRaftLogWorker.java:lambda$new$0(135)) - om1@group-C5BA1605619E-SegmentedRaftLogWorker: safeCacheEvictIndex: setUnconditionally 0 -> -1
2023-02-16 22:43:23,215 [om1-impl-thread1] INFO  server.RaftServer$Division (RaftServerImpl.java:start(334)) - om1@group-C5BA1605619E: start as a follower, conf=-1: peers:[om1|rpc:localhost:9872|priority:0|startupRole:FOLLOWER]|listeners:[], old=null
2023-02-16 22:43:23,215 [om1-impl-thread1] INFO  server.RaftServer$Division (RaftServerImpl.java:setRole(321)) - om1@group-C5BA1605619E: changes role from      null to FOLLOWER at term 0 for startAsFollower
2023-02-16 22:43:23,215 [om1-impl-thread1] INFO  impl.RoleInfo (RoleInfo.java:updateAndGet(139)) - om1: start om1@group-C5BA1605619E-FollowerState
2023-02-16 22:43:23,216 [om1@group-C5BA1605619E-FollowerState] INFO  server.RaftServerConfigKeys (ConfUtils.java:logFallback(53)) - raft.server.rpc.first-election.timeout.min = 1s (fallback to raft.server.rpc.timeout.min)
2023-02-16 22:43:23,216 [om1@group-C5BA1605619E-FollowerState] INFO  server.RaftServerConfigKeys (ConfUtils.java:logFallback(53)) - raft.server.rpc.first-election.timeout.max = 1200ms (fallback to raft.server.rpc.timeout.max)
2023-02-16 22:43:23,217 [om1-impl-thread1] INFO  util.JmxRegister (JmxRegister.java:tryRegister(44)) - Successfully registered JMX Bean with object name Ratis:service=RaftServer,group=group-C5BA1605619E,id=om1
2023-02-16 22:43:23,217 [om1-impl-thread1] INFO  server.RaftServerConfigKeys (ConfUtils.java:logGet(46)) - raft.server.snapshot.auto.trigger.enabled = true (custom)
2023-02-16 22:43:23,217 [om1-impl-thread1] INFO  server.RaftServerConfigKeys (ConfUtils.java:logGet(46)) - raft.server.snapshot.auto.trigger.threshold = 400000 (default)
2023-02-16 22:43:23,217 [om1-impl-thread1] INFO  server.RaftServerConfigKeys (ConfUtils.java:logGet(46)) - raft.server.snapshot.retention.file.num = -1 (default)
2023-02-16 22:43:23,218 [om1-impl-thread1] INFO  server.RaftServerConfigKeys (ConfUtils.java:logGet(46)) - raft.server.log.purge.upto.snapshot.index = true (custom)
2023-02-16 22:43:23,229 [Listener at 127.0.0.1/42185] INFO  server.RaftServer (RaftServerProxy.java:startImpl(393)) - om1: start RPC server
2023-02-16 22:43:23,233 [Listener at 127.0.0.1/42185] INFO  server.GrpcService (GrpcService.java:startImpl(262)) - om1: GrpcService started, listening on 9872
2023-02-16 22:43:23,233 [Listener at 127.0.0.1/42185] INFO  om.OzoneManager (OzoneManager.java:start(1564)) - Version File has different layout version (3) than OM DB (null). That is expected if this OM has never been finalized to a newer layout version.
2023-02-16 22:43:23,242 [JvmPauseMonitor6] INFO  util.JvmPauseMonitor (JvmPauseMonitor.java:run(105)) - JvmPauseMonitor-om1: Started
2023-02-16 22:43:23,245 [Listener at 127.0.0.1/42185] INFO  http.BaseHttpServer (BaseHttpServer.java:newHttpServer2BuilderForOzone(213)) - Starting Web-server for ozoneManager at: http://0.0.0.0:0
2023-02-16 22:43:23,246 [Listener at 127.0.0.1/42185] INFO  http.BaseHttpServer (BaseHttpServer.java:<init>(108)) - Hadoop Security Enabled: false Ozone Security Enabled: false Ozone HTTP Security Enabled: false 
2023-02-16 22:43:23,248 [Listener at 127.0.0.1/42185] WARN  server.AuthenticationFilter (AuthenticationFilter.java:constructSecretProvider(240)) - Unable to initialize FileSignerSecretProvider, falling back to use random secrets. Reason: Could not read signature secret file: /home/runner/hadoop-http-auth-signature-secret
2023-02-16 22:43:23,249 [Listener at 127.0.0.1/42185] WARN  http.HttpRequestLog (HttpRequestLog.java:getRequestLog(103)) - Jetty request log can only be enabled using Log4j
2023-02-16 22:43:23,251 [Listener at 127.0.0.1/42185] INFO  http.HttpServer2 (HttpServer2.java:addGlobalFilter(1031)) - Added global filter 'safety' (class=org.apache.hadoop.hdds.server.http.HttpServer2$QuotingInputFilter)
2023-02-16 22:43:23,252 [Listener at 127.0.0.1/42185] INFO  http.HttpServer2 (HttpServer2.java:addFilter(1007)) - Added filter static_user_filter (class=org.apache.hadoop.http.lib.StaticUserWebFilter$StaticUserFilter) to context ozoneManager
2023-02-16 22:43:23,252 [Listener at 127.0.0.1/42185] INFO  http.HttpServer2 (HttpServer2.java:addFilter(1015)) - Added filter static_user_filter (class=org.apache.hadoop.http.lib.StaticUserWebFilter$StaticUserFilter) to context logs
2023-02-16 22:43:23,252 [Listener at 127.0.0.1/42185] INFO  http.HttpServer2 (HttpServer2.java:addFilter(1015)) - Added filter static_user_filter (class=org.apache.hadoop.http.lib.StaticUserWebFilter$StaticUserFilter) to context static
2023-02-16 22:43:23,253 [Listener at 127.0.0.1/42185] INFO  http.HttpServer2 (HttpServer2.java:bindListener(1250)) - Jetty bound to port 44633
2023-02-16 22:43:23,254 [Listener at 127.0.0.1/42185] INFO  server.Server (Server.java:doStart(375)) - jetty-9.4.49.v20220914; built: 2022-09-14T01:07:36.601Z; git: 4231a3b2e4cb8548a412a789936d640a97b1aa0a; jvm 1.8.0_362-b09
2023-02-16 22:43:23,258 [Listener at 127.0.0.1/42185] INFO  server.session (DefaultSessionIdManager.java:doStart(334)) - DefaultSessionIdManager workerName=node0
2023-02-16 22:43:23,258 [Listener at 127.0.0.1/42185] INFO  server.session (DefaultSessionIdManager.java:doStart(339)) - No SessionScavenger set, using defaults
2023-02-16 22:43:23,258 [Listener at 127.0.0.1/42185] INFO  server.session (HouseKeeper.java:startScavenging(132)) - node0 Scavenging every 660000ms
2023-02-16 22:43:23,259 [Listener at 127.0.0.1/42185] INFO  handler.ContextHandler (ContextHandler.java:doStart(921)) - Started o.e.j.s.ServletContextHandler@302c7718{logs,/logs,file:///home/runner/work/ozone/ozone/hadoop-ozone/integration-test/target/log,AVAILABLE}
2023-02-16 22:43:23,260 [Listener at 127.0.0.1/42185] INFO  handler.ContextHandler (ContextHandler.java:doStart(921)) - Started o.e.j.s.ServletContextHandler@28b359bf{static,/static,file:///home/runner/work/ozone/ozone/hadoop-ozone/integration-test/target/test-classes/webapps/static,AVAILABLE}
2023-02-16 22:43:23,265 [Listener at 127.0.0.1/42185] INFO  handler.ContextHandler (ContextHandler.java:doStart(921)) - Started o.e.j.w.WebAppContext@7e4ee95b{ozoneManager,/,file:///home/runner/work/ozone/ozone/hadoop-ozone/integration-test/target/test-classes/webapps/ozoneManager/,AVAILABLE}{file:/home/runner/work/ozone/ozone/hadoop-ozone/integration-test/target/test-classes/webapps/ozoneManager}
2023-02-16 22:43:23,268 [Listener at 127.0.0.1/42185] INFO  server.AbstractConnector (AbstractConnector.java:doStart(333)) - Started ServerConnector@1beb4a0d{HTTP/1.1, (http/1.1)}{0.0.0.0:44633}
2023-02-16 22:43:23,269 [Listener at 127.0.0.1/42185] INFO  server.Server (Server.java:doStart(415)) - Started @35066ms
2023-02-16 22:43:23,269 [Listener at 127.0.0.1/42185] WARN  impl.MetricsSystemImpl (MetricsSystemImpl.java:register(279)) - Sink prometheus already exists!
2023-02-16 22:43:23,270 [Listener at 127.0.0.1/42185] INFO  http.BaseHttpServer (BaseHttpServer.java:updateConnectorAddress(333)) - HTTP server of ozoneManager listening at http://0.0.0.0:44633
2023-02-16 22:43:23,270 [IPC Server Responder] INFO  ipc.Server (Server.java:run(1512)) - IPC Server Responder: starting
2023-02-16 22:43:23,274 [Listener at 127.0.0.1/42185] INFO  om.OzoneManager (OzoneManager.java:startTrashEmptier(2024)) - Trash Interval set to 0. Files deleted won't move to trash
2023-02-16 22:43:23,274 [org.apache.hadoop.util.JvmPauseMonitor$Monitor@4ee66ff0] INFO  util.JvmPauseMonitor (JvmPauseMonitor.java:run(188)) - Starting JVM pause monitor
2023-02-16 22:43:23,276 [IPC Server listener on 0] INFO  ipc.Server (Server.java:run(1352)) - IPC Server listener on 0: starting
2023-02-16 22:43:23,307 [Listener at 127.0.0.1/42185] WARN  impl.MetricRegistriesImpl (MetricRegistriesImpl.java:addReporterRegistration(111)) - New reporters are added after registries were created. Some metrics will be missing from the reporter. Please add reporter before adding any new registry.
2023-02-16 22:43:23,307 [Listener at 127.0.0.1/42185] WARN  impl.MetricRegistriesImpl (MetricRegistriesImpl.java:addReporterRegistration(111)) - New reporters are added after registries were created. Some metrics will be missing from the reporter. Please add reporter before adding any new registry.
2023-02-16 22:43:23,307 [Listener at 127.0.0.1/42185] INFO  impl.MetricsSystemImpl (MetricsSystemImpl.java:init(158)) - HddsDatanode metrics system started (again)
2023-02-16 22:43:23,323 [Listener at 127.0.0.1/42185] INFO  ozone.HddsDatanodeService (HddsDatanodeService.java:start(228)) - HddsDatanodeService host:fv-az571-511 ip:10.1.0.43
2023-02-16 22:43:23,362 [Listener at 127.0.0.1/42185] INFO  upgrade.AbstractLayoutVersionManager (AbstractLayoutVersionManager.java:init(83)) - Initializing Layout version manager with metadata layout = DATANODE_SCHEMA_V3 (version = 4), software layout = DATANODE_SCHEMA_V3 (version = 4)
2023-02-16 22:43:23,423 [Listener at 127.0.0.1/42185] INFO  reflections.Reflections (Reflections.java:scan(232)) - Reflections took 59 ms to scan 7 urls, producing 150 keys and 362 values 
2023-02-16 22:43:23,427 [Listener at 127.0.0.1/42185] INFO  statemachine.DatanodeStateMachine (DatanodeStateMachine.java:getEndPointTaskThreadPoolSize(260)) - Datanode State Machine Task Thread Pool size 2
2023-02-16 22:43:23,436 [Listener at 127.0.0.1/42185] INFO  volume.HddsVolume (HddsVolume.java:<init>(122)) - Creating HddsVolume: /home/runner/work/ozone/ozone/hadoop-ozone/integration-test/target/test-dir/MiniOzoneClusterImpl-40d1b4d0-2c8f-4763-9166-3e69b7713d06/datanode-0/data-0/containers/hdds of storage type : DISK capacity : 9223372036854775807
2023-02-16 22:43:23,437 [Listener at 127.0.0.1/42185] INFO  volume.MutableVolumeSet (MutableVolumeSet.java:initializeVolumeSet(174)) - Added Volume : /home/runner/work/ozone/ozone/hadoop-ozone/integration-test/target/test-dir/MiniOzoneClusterImpl-40d1b4d0-2c8f-4763-9166-3e69b7713d06/datanode-0/data-0/containers/hdds to VolumeSet
2023-02-16 22:43:23,437 [Listener at 127.0.0.1/42185] INFO  volume.ThrottledAsyncChecker (ThrottledAsyncChecker.java:schedule(141)) - Scheduling a check for /home/runner/work/ozone/ozone/hadoop-ozone/integration-test/target/test-dir/MiniOzoneClusterImpl-40d1b4d0-2c8f-4763-9166-3e69b7713d06/datanode-0/data-0/containers/hdds
2023-02-16 22:43:23,437 [Listener at 127.0.0.1/42185] INFO  volume.StorageVolumeChecker (StorageVolumeChecker.java:checkAllVolumes(202)) - Scheduled health check for volume /home/runner/work/ozone/ozone/hadoop-ozone/integration-test/target/test-dir/MiniOzoneClusterImpl-40d1b4d0-2c8f-4763-9166-3e69b7713d06/datanode-0/data-0/containers/hdds
2023-02-16 22:43:23,450 [Listener at 127.0.0.1/42185] INFO  volume.MutableVolumeSet (MutableVolumeSet.java:initializeVolumeSet(174)) - Added Volume : /home/runner/work/ozone/ozone/hadoop-ozone/integration-test/target/test-dir/MiniOzoneClusterImpl-40d1b4d0-2c8f-4763-9166-3e69b7713d06/datanode-0/data/ratis to VolumeSet
2023-02-16 22:43:23,451 [Listener at 127.0.0.1/42185] INFO  volume.ThrottledAsyncChecker (ThrottledAsyncChecker.java:schedule(141)) - Scheduling a check for /home/runner/work/ozone/ozone/hadoop-ozone/integration-test/target/test-dir/MiniOzoneClusterImpl-40d1b4d0-2c8f-4763-9166-3e69b7713d06/datanode-0/data/ratis
2023-02-16 22:43:23,451 [Listener at 127.0.0.1/42185] INFO  volume.StorageVolumeChecker (StorageVolumeChecker.java:checkAllVolumes(202)) - Scheduled health check for volume /home/runner/work/ozone/ozone/hadoop-ozone/integration-test/target/test-dir/MiniOzoneClusterImpl-40d1b4d0-2c8f-4763-9166-3e69b7713d06/datanode-0/data/ratis
2023-02-16 22:43:23,464 [Thread-612] INFO  ozoneimpl.ContainerReader (ContainerReader.java:readVolume(175)) - Finish verifying containers on volume /home/runner/work/ozone/ozone/hadoop-ozone/integration-test/target/test-dir/MiniOzoneClusterImpl-40d1b4d0-2c8f-4763-9166-3e69b7713d06/datanode-0/data-0/containers/hdds
2023-02-16 22:43:23,464 [Listener at 127.0.0.1/42185] INFO  ozoneimpl.OzoneContainer (OzoneContainer.java:buildContainerSet(304)) - Build ContainerSet costs 0s
2023-02-16 22:43:23,471 [Listener at 127.0.0.1/42185] INFO  server.RaftServer (ConfUtils.java:logGet(46)) - raft.rpc.type = GRPC (default)
2023-02-16 22:43:23,472 [Listener at 127.0.0.1/42185] INFO  grpc.GrpcConfigKeys (ConfUtils.java:logFallback(53)) - raft.grpc.admin.host = null (fallback to raft.grpc.server.host)
2023-02-16 22:43:23,472 [Listener at 127.0.0.1/42185] INFO  grpc.GrpcConfigKeys (ConfUtils.java:logGet(46)) - raft.grpc.admin.port = 0 (custom)
2023-02-16 22:43:23,472 [Listener at 127.0.0.1/42185] INFO  grpc.GrpcConfigKeys (ConfUtils.java:logFallback(53)) - raft.grpc.client.host = null (fallback to raft.grpc.server.host)
2023-02-16 22:43:23,473 [Listener at 127.0.0.1/42185] INFO  grpc.GrpcConfigKeys (ConfUtils.java:logGet(46)) - raft.grpc.client.port = 0 (custom)
2023-02-16 22:43:23,473 [Listener at 127.0.0.1/42185] INFO  grpc.GrpcConfigKeys (ConfUtils.java:logGet(46)) - raft.grpc.server.host = null (default)
2023-02-16 22:43:23,473 [Listener at 127.0.0.1/42185] INFO  grpc.GrpcConfigKeys (ConfUtils.java:logGet(46)) - raft.grpc.server.port = 0 (default)
2023-02-16 22:43:23,473 [Listener at 127.0.0.1/42185] INFO  server.GrpcService (ConfUtils.java:logGet(46)) - raft.grpc.message.size.max = 32MB (=33554432) (custom)
2023-02-16 22:43:23,473 [Listener at 127.0.0.1/42185] INFO  server.RaftServerConfigKeys (ConfUtils.java:logGet(46)) - raft.server.log.appender.buffer.byte-limit = 33554432 (custom)
2023-02-16 22:43:23,474 [Listener at 127.0.0.1/42185] INFO  server.GrpcService (ConfUtils.java:logGet(46)) - raft.grpc.flow.control.window = 5MB (=5242880) (custom)
2023-02-16 22:43:23,474 [Listener at 127.0.0.1/42185] INFO  server.RaftServerConfigKeys (ConfUtils.java:logGet(46)) - raft.server.rpc.request.timeout = 3000ms (default)
2023-02-16 22:43:23,474 [Listener at 127.0.0.1/42185] INFO  grpc.GrpcConfigKeys (ConfUtils.java:logGet(46)) - raft.grpc.server.heartbeat.channel = true (default)
2023-02-16 22:43:23,474 [Listener at 127.0.0.1/42185] INFO  grpc.GrpcConfigKeys (ConfUtils.java:logGet(46)) - raft.grpc.server.async.request.thread.pool.cached = true (default)
2023-02-16 22:43:23,474 [Listener at 127.0.0.1/42185] INFO  grpc.GrpcConfigKeys (ConfUtils.java:logGet(46)) - raft.grpc.server.async.request.thread.pool.size = 32 (default)
2023-02-16 22:43:23,476 [Listener at 127.0.0.1/42185] INFO  impl.DataStreamServerImpl (ConfUtils.java:logGet(46)) - raft.datastream.type = NETTY (custom)
2023-02-16 22:43:23,476 [Listener at 127.0.0.1/42185] INFO  server.RaftServerConfigKeys (ConfUtils.java:logGet(46)) - raft.server.data-stream.async.request.thread.pool.cached = false (default)
2023-02-16 22:43:23,476 [Listener at 127.0.0.1/42185] INFO  server.RaftServerConfigKeys (ConfUtils.java:logGet(46)) - raft.server.data-stream.async.request.thread.pool.size = 20 (custom)
2023-02-16 22:43:23,476 [Listener at 127.0.0.1/42185] INFO  server.RaftServerConfigKeys (ConfUtils.java:logGet(46)) - raft.server.data-stream.async.write.thread.pool.size = 16 (default)
2023-02-16 22:43:23,477 [Listener at 127.0.0.1/42185] INFO  server.RaftServerConfigKeys (ConfUtils.java:logGet(46)) - raft.server.data-stream.client.pool.size = 10 (default)
2023-02-16 22:43:23,477 [Listener at 127.0.0.1/42185] INFO  netty.NettyConfigKeys$DataStream (ConfUtils.java:logGet(46)) - raft.netty.dataStream.server.use-epoll = false (default)
2023-02-16 22:43:23,477 [Listener at 127.0.0.1/42185] INFO  netty.NettyConfigKeys$DataStream (ConfUtils.java:logGet(46)) - raft.netty.dataStream.server.boss-group.size = 0 (default)
2023-02-16 22:43:23,478 [Listener at 127.0.0.1/42185] INFO  netty.NettyConfigKeys$DataStream (ConfUtils.java:logGet(46)) - raft.netty.dataStream.server.worker-group.size = 0 (default)
2023-02-16 22:43:23,478 [Listener at 127.0.0.1/42185] INFO  netty.NettyConfigKeys$DataStream (ConfUtils.java:logGet(46)) - raft.netty.dataStream.server.tls.conf = null (default)
2023-02-16 22:43:23,478 [Listener at 127.0.0.1/42185] INFO  netty.NettyConfigKeys$DataStream (ConfUtils.java:logGet(46)) - raft.netty.dataStream.host = null (default)
2023-02-16 22:43:23,478 [Listener at 127.0.0.1/42185] INFO  netty.NettyConfigKeys$DataStream (ConfUtils.java:logGet(46)) - raft.netty.dataStream.port = 0 (default)
2023-02-16 22:43:23,481 [Listener at 127.0.0.1/42185] INFO  server.RaftServerConfigKeys (ConfUtils.java:logGet(46)) - raft.server.threadpool.proxy.cached = true (default)
2023-02-16 22:43:23,481 [Listener at 127.0.0.1/42185] INFO  server.RaftServerConfigKeys (ConfUtils.java:logGet(46)) - raft.server.threadpool.proxy.size = 0 (default)
2023-02-16 22:43:23,481 [Listener at 127.0.0.1/42185] INFO  server.RaftServerConfigKeys (ConfUtils.java:logGet(46)) - raft.server.rpc.slowness.timeout = 300000ms (custom)
2023-02-16 22:43:23,482 [Listener at 127.0.0.1/42185] INFO  server.RaftServerConfigKeys (ConfUtils.java:logGet(46)) - raft.server.leaderelection.leader.step-down.wait-time = 10s (default)
2023-02-16 22:43:23,482 [Listener at 127.0.0.1/42185] INFO  server.RaftServerConfigKeys (ConfUtils.java:logGet(46)) - raft.server.storage.dir = [/home/runner/work/ozone/ozone/hadoop-ozone/integration-test/target/test-dir/MiniOzoneClusterImpl-40d1b4d0-2c8f-4763-9166-3e69b7713d06/datanode-0/data/ratis] (custom)
2023-02-16 22:43:23,482 [3e8a9429-e74a-4c7d-8972-bcaa764ec965-NettyServerStreamRpc-bossGroup--thread1] INFO  logging.LoggingHandler (AbstractInternalLogger.java:log(148)) - [id: 0x767dc909] REGISTERED
2023-02-16 22:43:23,483 [3e8a9429-e74a-4c7d-8972-bcaa764ec965-NettyServerStreamRpc-bossGroup--thread1] INFO  logging.LoggingHandler (AbstractInternalLogger.java:log(148)) - [id: 0x767dc909] BIND: 0.0.0.0/0.0.0.0:0
2023-02-16 22:43:23,483 [3e8a9429-e74a-4c7d-8972-bcaa764ec965-NettyServerStreamRpc-bossGroup--thread1] INFO  logging.LoggingHandler (AbstractInternalLogger.java:log(148)) - [id: 0x767dc909, L:/0:0:0:0:0:0:0:0:39593] ACTIVE
2023-02-16 22:43:23,487 [Listener at 127.0.0.1/42185] INFO  server.XceiverServerGrpc (XceiverServerGrpc.java:<init>(132)) - GrpcServer channel type EpollServerSocketChannel
2023-02-16 22:43:23,492 [Listener at 127.0.0.1/42185] INFO  http.BaseHttpServer (BaseHttpServer.java:newHttpServer2BuilderForOzone(213)) - Starting Web-server for hddsDatanode at: http://0.0.0.0:0
2023-02-16 22:43:23,492 [Listener at 127.0.0.1/42185] INFO  http.BaseHttpServer (BaseHttpServer.java:<init>(108)) - Hadoop Security Enabled: false Ozone Security Enabled: false Ozone HTTP Security Enabled: false 
2023-02-16 22:43:23,493 [Listener at 127.0.0.1/42185] WARN  server.AuthenticationFilter (AuthenticationFilter.java:constructSecretProvider(240)) - Unable to initialize FileSignerSecretProvider, falling back to use random secrets. Reason: Could not read signature secret file: /home/runner/hadoop-http-auth-signature-secret
2023-02-16 22:43:23,494 [Listener at 127.0.0.1/42185] WARN  http.HttpRequestLog (HttpRequestLog.java:getRequestLog(103)) - Jetty request log can only be enabled using Log4j
2023-02-16 22:43:23,496 [Listener at 127.0.0.1/42185] INFO  http.HttpServer2 (HttpServer2.java:addGlobalFilter(1031)) - Added global filter 'safety' (class=org.apache.hadoop.hdds.server.http.HttpServer2$QuotingInputFilter)
2023-02-16 22:43:23,496 [Listener at 127.0.0.1/42185] INFO  http.HttpServer2 (HttpServer2.java:addFilter(1007)) - Added filter static_user_filter (class=org.apache.hadoop.http.lib.StaticUserWebFilter$StaticUserFilter) to context hddsDatanode
2023-02-16 22:43:23,496 [Listener at 127.0.0.1/42185] INFO  http.HttpServer2 (HttpServer2.java:addFilter(1015)) - Added filter static_user_filter (class=org.apache.hadoop.http.lib.StaticUserWebFilter$StaticUserFilter) to context static
2023-02-16 22:43:23,497 [Listener at 127.0.0.1/42185] INFO  http.HttpServer2 (HttpServer2.java:addFilter(1015)) - Added filter static_user_filter (class=org.apache.hadoop.http.lib.StaticUserWebFilter$StaticUserFilter) to context logs
2023-02-16 22:43:23,497 [Listener at 127.0.0.1/42185] INFO  http.HttpServer2 (HttpServer2.java:bindListener(1250)) - Jetty bound to port 46063
2023-02-16 22:43:23,497 [Listener at 127.0.0.1/42185] INFO  server.Server (Server.java:doStart(375)) - jetty-9.4.49.v20220914; built: 2022-09-14T01:07:36.601Z; git: 4231a3b2e4cb8548a412a789936d640a97b1aa0a; jvm 1.8.0_362-b09
2023-02-16 22:43:23,499 [Listener at 127.0.0.1/42185] INFO  server.session (DefaultSessionIdManager.java:doStart(334)) - DefaultSessionIdManager workerName=node0
2023-02-16 22:43:23,499 [Listener at 127.0.0.1/42185] INFO  server.session (DefaultSessionIdManager.java:doStart(339)) - No SessionScavenger set, using defaults
2023-02-16 22:43:23,500 [Listener at 127.0.0.1/42185] INFO  server.session (HouseKeeper.java:startScavenging(132)) - node0 Scavenging every 660000ms
2023-02-16 22:43:23,501 [Listener at 127.0.0.1/42185] INFO  handler.ContextHandler (ContextHandler.java:doStart(921)) - Started o.e.j.s.ServletContextHandler@707c4466{logs,/logs,file:///home/runner/work/ozone/ozone/hadoop-ozone/integration-test/target/log,AVAILABLE}
2023-02-16 22:43:23,501 [Listener at 127.0.0.1/42185] INFO  handler.ContextHandler (ContextHandler.java:doStart(921)) - Started o.e.j.s.ServletContextHandler@38288d0{static,/static,jar:file:/home/runner/.m2/repository/org/apache/ozone/hdds-container-service/1.4.0-SNAPSHOT/hdds-container-service-1.4.0-SNAPSHOT.jar!/webapps/static,AVAILABLE}
2023-02-16 22:43:23,728 [Listener at 127.0.0.1/42185] INFO  handler.ContextHandler (ContextHandler.java:doStart(921)) - Started o.e.j.w.WebAppContext@2a77a5d3{hddsDatanode,/,file:///tmp/jetty-0_0_0_0-46063-hdds-container-service-1_4_0-SNAPSHOT_jar-_-any-4997478067623314948/webapp/,AVAILABLE}{jar:file:/home/runner/.m2/repository/org/apache/ozone/hdds-container-service/1.4.0-SNAPSHOT/hdds-container-service-1.4.0-SNAPSHOT.jar!/webapps/hddsDatanode}
2023-02-16 22:43:23,730 [Listener at 127.0.0.1/42185] INFO  server.AbstractConnector (AbstractConnector.java:doStart(333)) - Started ServerConnector@7a9dfe2c{HTTP/1.1, (http/1.1)}{0.0.0.0:46063}
2023-02-16 22:43:23,730 [Listener at 127.0.0.1/42185] INFO  server.Server (Server.java:doStart(415)) - Started @35527ms
2023-02-16 22:43:23,730 [Listener at 127.0.0.1/42185] WARN  impl.MetricsSystemImpl (MetricsSystemImpl.java:register(279)) - Sink prometheus already exists!
2023-02-16 22:43:23,731 [Listener at 127.0.0.1/42185] INFO  http.BaseHttpServer (BaseHttpServer.java:updateConnectorAddress(333)) - HTTP server of hddsDatanode listening at http://0.0.0.0:46063
2023-02-16 22:43:23,731 [Datanode State Machine Daemon Thread] INFO  statemachine.DatanodeStateMachine (DatanodeStateMachine.java:lambda$startDaemon$0(516)) - Ozone container server started.
2023-02-16 22:43:23,732 [Listener at 127.0.0.1/42185] WARN  impl.MetricRegistriesImpl (MetricRegistriesImpl.java:addReporterRegistration(111)) - New reporters are added after registries were created. Some metrics will be missing from the reporter. Please add reporter before adding any new registry.
2023-02-16 22:43:23,740 [Listener at 127.0.0.1/42185] WARN  impl.MetricRegistriesImpl (MetricRegistriesImpl.java:addReporterRegistration(111)) - New reporters are added after registries were created. Some metrics will be missing from the reporter. Please add reporter before adding any new registry.
2023-02-16 22:43:23,740 [Listener at 127.0.0.1/42185] INFO  impl.MetricsSystemImpl (MetricsSystemImpl.java:init(158)) - HddsDatanode metrics system started (again)
2023-02-16 22:43:23,750 [org.apache.hadoop.util.JvmPauseMonitor$Monitor@73cc9e7f] INFO  util.JvmPauseMonitor (JvmPauseMonitor.java:run(188)) - Starting JVM pause monitor
2023-02-16 22:43:23,752 [Datanode State Machine Task Thread - 0] INFO  datanode.InitDatanodeState (InitDatanodeState.java:persistContainerDatanodeDetails(138)) - DatanodeDetails is persisted to /home/runner/work/ozone/ozone/hadoop-ozone/integration-test/target/test-dir/MiniOzoneClusterImpl-40d1b4d0-2c8f-4763-9166-3e69b7713d06/datanode-0/meta/datanode.id
2023-02-16 22:43:23,763 [Listener at 127.0.0.1/42185] INFO  ozone.HddsDatanodeService (HddsDatanodeService.java:start(228)) - HddsDatanodeService host:fv-az571-511 ip:10.1.0.43
2023-02-16 22:43:23,801 [Listener at 127.0.0.1/42185] INFO  upgrade.AbstractLayoutVersionManager (AbstractLayoutVersionManager.java:init(83)) - Initializing Layout version manager with metadata layout = DATANODE_SCHEMA_V3 (version = 4), software layout = DATANODE_SCHEMA_V3 (version = 4)
2023-02-16 22:43:23,858 [Listener at 127.0.0.1/42185] INFO  reflections.Reflections (Reflections.java:scan(232)) - Reflections took 55 ms to scan 7 urls, producing 150 keys and 362 values 
2023-02-16 22:43:23,860 [Listener at 127.0.0.1/42185] INFO  statemachine.DatanodeStateMachine (DatanodeStateMachine.java:getEndPointTaskThreadPoolSize(260)) - Datanode State Machine Task Thread Pool size 2
2023-02-16 22:43:23,862 [Listener at 127.0.0.1/42185] INFO  volume.HddsVolume (HddsVolume.java:<init>(122)) - Creating HddsVolume: /home/runner/work/ozone/ozone/hadoop-ozone/integration-test/target/test-dir/MiniOzoneClusterImpl-40d1b4d0-2c8f-4763-9166-3e69b7713d06/datanode-1/data-0/containers/hdds of storage type : DISK capacity : 9223372036854775807
2023-02-16 22:43:23,862 [Listener at 127.0.0.1/42185] INFO  volume.MutableVolumeSet (MutableVolumeSet.java:initializeVolumeSet(174)) - Added Volume : /home/runner/work/ozone/ozone/hadoop-ozone/integration-test/target/test-dir/MiniOzoneClusterImpl-40d1b4d0-2c8f-4763-9166-3e69b7713d06/datanode-1/data-0/containers/hdds to VolumeSet
2023-02-16 22:43:23,862 [Listener at 127.0.0.1/42185] INFO  volume.ThrottledAsyncChecker (ThrottledAsyncChecker.java:schedule(141)) - Scheduling a check for /home/runner/work/ozone/ozone/hadoop-ozone/integration-test/target/test-dir/MiniOzoneClusterImpl-40d1b4d0-2c8f-4763-9166-3e69b7713d06/datanode-1/data-0/containers/hdds
2023-02-16 22:43:23,871 [Listener at 127.0.0.1/42185] INFO  volume.StorageVolumeChecker (StorageVolumeChecker.java:checkAllVolumes(202)) - Scheduled health check for volume /home/runner/work/ozone/ozone/hadoop-ozone/integration-test/target/test-dir/MiniOzoneClusterImpl-40d1b4d0-2c8f-4763-9166-3e69b7713d06/datanode-1/data-0/containers/hdds
2023-02-16 22:43:23,884 [Listener at 127.0.0.1/42185] INFO  volume.MutableVolumeSet (MutableVolumeSet.java:initializeVolumeSet(174)) - Added Volume : /home/runner/work/ozone/ozone/hadoop-ozone/integration-test/target/test-dir/MiniOzoneClusterImpl-40d1b4d0-2c8f-4763-9166-3e69b7713d06/datanode-1/data/ratis to VolumeSet
2023-02-16 22:43:23,885 [Listener at 127.0.0.1/42185] INFO  volume.ThrottledAsyncChecker (ThrottledAsyncChecker.java:schedule(141)) - Scheduling a check for /home/runner/work/ozone/ozone/hadoop-ozone/integration-test/target/test-dir/MiniOzoneClusterImpl-40d1b4d0-2c8f-4763-9166-3e69b7713d06/datanode-1/data/ratis
2023-02-16 22:43:23,885 [Listener at 127.0.0.1/42185] INFO  volume.StorageVolumeChecker (StorageVolumeChecker.java:checkAllVolumes(202)) - Scheduled health check for volume /home/runner/work/ozone/ozone/hadoop-ozone/integration-test/target/test-dir/MiniOzoneClusterImpl-40d1b4d0-2c8f-4763-9166-3e69b7713d06/datanode-1/data/ratis
2023-02-16 22:43:23,897 [Thread-626] INFO  ozoneimpl.ContainerReader (ContainerReader.java:readVolume(175)) - Finish verifying containers on volume /home/runner/work/ozone/ozone/hadoop-ozone/integration-test/target/test-dir/MiniOzoneClusterImpl-40d1b4d0-2c8f-4763-9166-3e69b7713d06/datanode-1/data-0/containers/hdds
2023-02-16 22:43:23,897 [Listener at 127.0.0.1/42185] INFO  ozoneimpl.OzoneContainer (OzoneContainer.java:buildContainerSet(304)) - Build ContainerSet costs 0s
2023-02-16 22:43:23,900 [Listener at 127.0.0.1/42185] INFO  server.RaftServer (ConfUtils.java:logGet(46)) - raft.rpc.type = GRPC (default)
2023-02-16 22:43:23,900 [Listener at 127.0.0.1/42185] INFO  grpc.GrpcConfigKeys (ConfUtils.java:logFallback(53)) - raft.grpc.admin.host = null (fallback to raft.grpc.server.host)
2023-02-16 22:43:23,900 [Listener at 127.0.0.1/42185] INFO  grpc.GrpcConfigKeys (ConfUtils.java:logGet(46)) - raft.grpc.admin.port = 0 (custom)
2023-02-16 22:43:23,900 [Listener at 127.0.0.1/42185] INFO  grpc.GrpcConfigKeys (ConfUtils.java:logFallback(53)) - raft.grpc.client.host = null (fallback to raft.grpc.server.host)
2023-02-16 22:43:23,900 [Listener at 127.0.0.1/42185] INFO  grpc.GrpcConfigKeys (ConfUtils.java:logGet(46)) - raft.grpc.client.port = 0 (custom)
2023-02-16 22:43:23,900 [Listener at 127.0.0.1/42185] INFO  grpc.GrpcConfigKeys (ConfUtils.java:logGet(46)) - raft.grpc.server.host = null (default)
2023-02-16 22:43:23,901 [Listener at 127.0.0.1/42185] INFO  grpc.GrpcConfigKeys (ConfUtils.java:logGet(46)) - raft.grpc.server.port = 0 (default)
2023-02-16 22:43:23,901 [Listener at 127.0.0.1/42185] INFO  server.GrpcService (ConfUtils.java:logGet(46)) - raft.grpc.message.size.max = 32MB (=33554432) (custom)
2023-02-16 22:43:23,901 [Listener at 127.0.0.1/42185] INFO  server.RaftServerConfigKeys (ConfUtils.java:logGet(46)) - raft.server.log.appender.buffer.byte-limit = 33554432 (custom)
2023-02-16 22:43:23,901 [Listener at 127.0.0.1/42185] INFO  server.GrpcService (ConfUtils.java:logGet(46)) - raft.grpc.flow.control.window = 5MB (=5242880) (custom)
2023-02-16 22:43:23,901 [Listener at 127.0.0.1/42185] INFO  server.RaftServerConfigKeys (ConfUtils.java:logGet(46)) - raft.server.rpc.request.timeout = 3000ms (default)
2023-02-16 22:43:23,901 [Listener at 127.0.0.1/42185] INFO  grpc.GrpcConfigKeys (ConfUtils.java:logGet(46)) - raft.grpc.server.heartbeat.channel = true (default)
2023-02-16 22:43:23,902 [Listener at 127.0.0.1/42185] INFO  grpc.GrpcConfigKeys (ConfUtils.java:logGet(46)) - raft.grpc.server.async.request.thread.pool.cached = true (default)
2023-02-16 22:43:23,902 [Listener at 127.0.0.1/42185] INFO  grpc.GrpcConfigKeys (ConfUtils.java:logGet(46)) - raft.grpc.server.async.request.thread.pool.size = 32 (default)
2023-02-16 22:43:23,903 [Listener at 127.0.0.1/42185] INFO  impl.DataStreamServerImpl (ConfUtils.java:logGet(46)) - raft.datastream.type = NETTY (custom)
2023-02-16 22:43:23,903 [Listener at 127.0.0.1/42185] INFO  server.RaftServerConfigKeys (ConfUtils.java:logGet(46)) - raft.server.data-stream.async.request.thread.pool.cached = false (default)
2023-02-16 22:43:23,903 [Listener at 127.0.0.1/42185] INFO  server.RaftServerConfigKeys (ConfUtils.java:logGet(46)) - raft.server.data-stream.async.request.thread.pool.size = 20 (custom)
2023-02-16 22:43:23,903 [Listener at 127.0.0.1/42185] INFO  server.RaftServerConfigKeys (ConfUtils.java:logGet(46)) - raft.server.data-stream.async.write.thread.pool.size = 16 (default)
2023-02-16 22:43:23,903 [Listener at 127.0.0.1/42185] INFO  server.RaftServerConfigKeys (ConfUtils.java:logGet(46)) - raft.server.data-stream.client.pool.size = 10 (default)
2023-02-16 22:43:23,904 [Listener at 127.0.0.1/42185] INFO  netty.NettyConfigKeys$DataStream (ConfUtils.java:logGet(46)) - raft.netty.dataStream.server.use-epoll = false (default)
2023-02-16 22:43:23,904 [Listener at 127.0.0.1/42185] INFO  netty.NettyConfigKeys$DataStream (ConfUtils.java:logGet(46)) - raft.netty.dataStream.server.boss-group.size = 0 (default)
2023-02-16 22:43:23,905 [Listener at 127.0.0.1/42185] INFO  netty.NettyConfigKeys$DataStream (ConfUtils.java:logGet(46)) - raft.netty.dataStream.server.worker-group.size = 0 (default)
2023-02-16 22:43:23,905 [Listener at 127.0.0.1/42185] INFO  netty.NettyConfigKeys$DataStream (ConfUtils.java:logGet(46)) - raft.netty.dataStream.server.tls.conf = null (default)
2023-02-16 22:43:23,905 [Listener at 127.0.0.1/42185] INFO  netty.NettyConfigKeys$DataStream (ConfUtils.java:logGet(46)) - raft.netty.dataStream.host = null (default)
2023-02-16 22:43:23,906 [Listener at 127.0.0.1/42185] INFO  netty.NettyConfigKeys$DataStream (ConfUtils.java:logGet(46)) - raft.netty.dataStream.port = 0 (default)
2023-02-16 22:43:23,906 [Listener at 127.0.0.1/42185] INFO  server.RaftServerConfigKeys (ConfUtils.java:logGet(46)) - raft.server.threadpool.proxy.cached = true (default)
2023-02-16 22:43:23,906 [Listener at 127.0.0.1/42185] INFO  server.RaftServerConfigKeys (ConfUtils.java:logGet(46)) - raft.server.threadpool.proxy.size = 0 (default)
2023-02-16 22:43:23,906 [Listener at 127.0.0.1/42185] INFO  server.RaftServerConfigKeys (ConfUtils.java:logGet(46)) - raft.server.rpc.slowness.timeout = 300000ms (custom)
2023-02-16 22:43:23,907 [Listener at 127.0.0.1/42185] INFO  server.RaftServerConfigKeys (ConfUtils.java:logGet(46)) - raft.server.leaderelection.leader.step-down.wait-time = 10s (default)
2023-02-16 22:43:23,907 [Listener at 127.0.0.1/42185] INFO  server.RaftServerConfigKeys (ConfUtils.java:logGet(46)) - raft.server.storage.dir = [/home/runner/work/ozone/ozone/hadoop-ozone/integration-test/target/test-dir/MiniOzoneClusterImpl-40d1b4d0-2c8f-4763-9166-3e69b7713d06/datanode-1/data/ratis] (custom)
2023-02-16 22:43:23,907 [3344520a-2062-4b5f-b8c2-e6a9091bb895-NettyServerStreamRpc-bossGroup--thread1] INFO  logging.LoggingHandler (AbstractInternalLogger.java:log(148)) - [id: 0x23d025a3] REGISTERED
2023-02-16 22:43:23,908 [3344520a-2062-4b5f-b8c2-e6a9091bb895-NettyServerStreamRpc-bossGroup--thread1] INFO  logging.LoggingHandler (AbstractInternalLogger.java:log(148)) - [id: 0x23d025a3] BIND: 0.0.0.0/0.0.0.0:0
2023-02-16 22:43:23,908 [3344520a-2062-4b5f-b8c2-e6a9091bb895-NettyServerStreamRpc-bossGroup--thread1] INFO  logging.LoggingHandler (AbstractInternalLogger.java:log(148)) - [id: 0x23d025a3, L:/0:0:0:0:0:0:0:0:34361] ACTIVE
2023-02-16 22:43:23,909 [Listener at 127.0.0.1/42185] INFO  server.XceiverServerGrpc (XceiverServerGrpc.java:<init>(132)) - GrpcServer channel type EpollServerSocketChannel
2023-02-16 22:43:23,914 [Listener at 127.0.0.1/42185] INFO  http.BaseHttpServer (BaseHttpServer.java:newHttpServer2BuilderForOzone(213)) - Starting Web-server for hddsDatanode at: http://0.0.0.0:0
2023-02-16 22:43:23,914 [Listener at 127.0.0.1/42185] INFO  http.BaseHttpServer (BaseHttpServer.java:<init>(108)) - Hadoop Security Enabled: false Ozone Security Enabled: false Ozone HTTP Security Enabled: false 
2023-02-16 22:43:23,915 [Listener at 127.0.0.1/42185] WARN  server.AuthenticationFilter (AuthenticationFilter.java:constructSecretProvider(240)) - Unable to initialize FileSignerSecretProvider, falling back to use random secrets. Reason: Could not read signature secret file: /home/runner/hadoop-http-auth-signature-secret
2023-02-16 22:43:23,920 [Listener at 127.0.0.1/42185] WARN  http.HttpRequestLog (HttpRequestLog.java:getRequestLog(103)) - Jetty request log can only be enabled using Log4j
2023-02-16 22:43:23,922 [Listener at 127.0.0.1/42185] INFO  http.HttpServer2 (HttpServer2.java:addGlobalFilter(1031)) - Added global filter 'safety' (class=org.apache.hadoop.hdds.server.http.HttpServer2$QuotingInputFilter)
2023-02-16 22:43:23,923 [Listener at 127.0.0.1/42185] INFO  http.HttpServer2 (HttpServer2.java:addFilter(1007)) - Added filter static_user_filter (class=org.apache.hadoop.http.lib.StaticUserWebFilter$StaticUserFilter) to context hddsDatanode
2023-02-16 22:43:23,923 [Listener at 127.0.0.1/42185] INFO  http.HttpServer2 (HttpServer2.java:addFilter(1015)) - Added filter static_user_filter (class=org.apache.hadoop.http.lib.StaticUserWebFilter$StaticUserFilter) to context logs
2023-02-16 22:43:23,923 [Listener at 127.0.0.1/42185] INFO  http.HttpServer2 (HttpServer2.java:addFilter(1015)) - Added filter static_user_filter (class=org.apache.hadoop.http.lib.StaticUserWebFilter$StaticUserFilter) to context static
2023-02-16 22:43:23,924 [Listener at 127.0.0.1/42185] INFO  http.HttpServer2 (HttpServer2.java:bindListener(1250)) - Jetty bound to port 34547
2023-02-16 22:43:23,924 [Listener at 127.0.0.1/42185] INFO  server.Server (Server.java:doStart(375)) - jetty-9.4.49.v20220914; built: 2022-09-14T01:07:36.601Z; git: 4231a3b2e4cb8548a412a789936d640a97b1aa0a; jvm 1.8.0_362-b09
2023-02-16 22:43:23,925 [Listener at 127.0.0.1/42185] INFO  server.session (DefaultSessionIdManager.java:doStart(334)) - DefaultSessionIdManager workerName=node0
2023-02-16 22:43:23,926 [Listener at 127.0.0.1/42185] INFO  server.session (DefaultSessionIdManager.java:doStart(339)) - No SessionScavenger set, using defaults
2023-02-16 22:43:23,926 [Listener at 127.0.0.1/42185] INFO  server.session (HouseKeeper.java:startScavenging(132)) - node0 Scavenging every 660000ms
2023-02-16 22:43:23,927 [Listener at 127.0.0.1/42185] INFO  handler.ContextHandler (ContextHandler.java:doStart(921)) - Started o.e.j.s.ServletContextHandler@13171215{logs,/logs,file:///home/runner/work/ozone/ozone/hadoop-ozone/integration-test/target/log,AVAILABLE}
2023-02-16 22:43:23,927 [Listener at 127.0.0.1/42185] INFO  handler.ContextHandler (ContextHandler.java:doStart(921)) - Started o.e.j.s.ServletContextHandler@12255c61{static,/static,jar:file:/home/runner/.m2/repository/org/apache/ozone/hdds-container-service/1.4.0-SNAPSHOT/hdds-container-service-1.4.0-SNAPSHOT.jar!/webapps/static,AVAILABLE}
2023-02-16 22:43:24,157 [Listener at 127.0.0.1/42185] INFO  handler.ContextHandler (ContextHandler.java:doStart(921)) - Started o.e.j.w.WebAppContext@5f90cbac{hddsDatanode,/,file:///tmp/jetty-0_0_0_0-34547-hdds-container-service-1_4_0-SNAPSHOT_jar-_-any-5558594827905095968/webapp/,AVAILABLE}{jar:file:/home/runner/.m2/repository/org/apache/ozone/hdds-container-service/1.4.0-SNAPSHOT/hdds-container-service-1.4.0-SNAPSHOT.jar!/webapps/hddsDatanode}
2023-02-16 22:43:24,159 [Listener at 127.0.0.1/42185] INFO  server.AbstractConnector (AbstractConnector.java:doStart(333)) - Started ServerConnector@f1f48d6{HTTP/1.1, (http/1.1)}{0.0.0.0:34547}
2023-02-16 22:43:24,159 [Listener at 127.0.0.1/42185] INFO  server.Server (Server.java:doStart(415)) - Started @35956ms
2023-02-16 22:43:24,159 [Listener at 127.0.0.1/42185] WARN  impl.MetricsSystemImpl (MetricsSystemImpl.java:register(279)) - Sink prometheus already exists!
2023-02-16 22:43:24,160 [Listener at 127.0.0.1/42185] INFO  http.BaseHttpServer (BaseHttpServer.java:updateConnectorAddress(333)) - HTTP server of hddsDatanode listening at http://0.0.0.0:34547
2023-02-16 22:43:24,161 [Datanode State Machine Daemon Thread] INFO  statemachine.DatanodeStateMachine (DatanodeStateMachine.java:lambda$startDaemon$0(516)) - Ozone container server started.
2023-02-16 22:43:24,162 [Listener at 127.0.0.1/42185] WARN  impl.MetricRegistriesImpl (MetricRegistriesImpl.java:addReporterRegistration(111)) - New reporters are added after registries were created. Some metrics will be missing from the reporter. Please add reporter before adding any new registry.
2023-02-16 22:43:24,163 [Listener at 127.0.0.1/42185] WARN  impl.MetricRegistriesImpl (MetricRegistriesImpl.java:addReporterRegistration(111)) - New reporters are added after registries were created. Some metrics will be missing from the reporter. Please add reporter before adding any new registry.
2023-02-16 22:43:24,163 [Listener at 127.0.0.1/42185] INFO  impl.MetricsSystemImpl (MetricsSystemImpl.java:init(158)) - HddsDatanode metrics system started (again)
2023-02-16 22:43:24,181 [org.apache.hadoop.util.JvmPauseMonitor$Monitor@22b32151] INFO  util.JvmPauseMonitor (JvmPauseMonitor.java:run(188)) - Starting JVM pause monitor
2023-02-16 22:43:24,183 [Listener at 127.0.0.1/42185] INFO  ozone.HddsDatanodeService (HddsDatanodeService.java:start(228)) - HddsDatanodeService host:fv-az571-511 ip:10.1.0.43
2023-02-16 22:43:24,199 [Datanode State Machine Task Thread - 0] INFO  datanode.InitDatanodeState (InitDatanodeState.java:persistContainerDatanodeDetails(138)) - DatanodeDetails is persisted to /home/runner/work/ozone/ozone/hadoop-ozone/integration-test/target/test-dir/MiniOzoneClusterImpl-40d1b4d0-2c8f-4763-9166-3e69b7713d06/datanode-1/meta/datanode.id
2023-02-16 22:43:24,215 [Listener at 127.0.0.1/42185] INFO  upgrade.AbstractLayoutVersionManager (AbstractLayoutVersionManager.java:init(83)) - Initializing Layout version manager with metadata layout = DATANODE_SCHEMA_V3 (version = 4), software layout = DATANODE_SCHEMA_V3 (version = 4)
2023-02-16 22:43:24,271 [Listener at 127.0.0.1/42185] INFO  reflections.Reflections (Reflections.java:scan(232)) - Reflections took 54 ms to scan 7 urls, producing 150 keys and 362 values 
2023-02-16 22:43:24,273 [Listener at 127.0.0.1/42185] INFO  statemachine.DatanodeStateMachine (DatanodeStateMachine.java:getEndPointTaskThreadPoolSize(260)) - Datanode State Machine Task Thread Pool size 2
2023-02-16 22:43:24,275 [Listener at 127.0.0.1/42185] INFO  volume.HddsVolume (HddsVolume.java:<init>(122)) - Creating HddsVolume: /home/runner/work/ozone/ozone/hadoop-ozone/integration-test/target/test-dir/MiniOzoneClusterImpl-40d1b4d0-2c8f-4763-9166-3e69b7713d06/datanode-2/data-0/containers/hdds of storage type : DISK capacity : 9223372036854775807
2023-02-16 22:43:24,275 [Listener at 127.0.0.1/42185] INFO  volume.MutableVolumeSet (MutableVolumeSet.java:initializeVolumeSet(174)) - Added Volume : /home/runner/work/ozone/ozone/hadoop-ozone/integration-test/target/test-dir/MiniOzoneClusterImpl-40d1b4d0-2c8f-4763-9166-3e69b7713d06/datanode-2/data-0/containers/hdds to VolumeSet
2023-02-16 22:43:24,275 [Listener at 127.0.0.1/42185] INFO  volume.ThrottledAsyncChecker (ThrottledAsyncChecker.java:schedule(141)) - Scheduling a check for /home/runner/work/ozone/ozone/hadoop-ozone/integration-test/target/test-dir/MiniOzoneClusterImpl-40d1b4d0-2c8f-4763-9166-3e69b7713d06/datanode-2/data-0/containers/hdds
2023-02-16 22:43:24,278 [Listener at 127.0.0.1/42185] INFO  volume.StorageVolumeChecker (StorageVolumeChecker.java:checkAllVolumes(202)) - Scheduled health check for volume /home/runner/work/ozone/ozone/hadoop-ozone/integration-test/target/test-dir/MiniOzoneClusterImpl-40d1b4d0-2c8f-4763-9166-3e69b7713d06/datanode-2/data-0/containers/hdds
2023-02-16 22:43:24,293 [Listener at 127.0.0.1/42185] INFO  volume.MutableVolumeSet (MutableVolumeSet.java:initializeVolumeSet(174)) - Added Volume : /home/runner/work/ozone/ozone/hadoop-ozone/integration-test/target/test-dir/MiniOzoneClusterImpl-40d1b4d0-2c8f-4763-9166-3e69b7713d06/datanode-2/data/ratis to VolumeSet
2023-02-16 22:43:24,293 [Listener at 127.0.0.1/42185] INFO  volume.ThrottledAsyncChecker (ThrottledAsyncChecker.java:schedule(141)) - Scheduling a check for /home/runner/work/ozone/ozone/hadoop-ozone/integration-test/target/test-dir/MiniOzoneClusterImpl-40d1b4d0-2c8f-4763-9166-3e69b7713d06/datanode-2/data/ratis
2023-02-16 22:43:24,293 [Listener at 127.0.0.1/42185] INFO  volume.StorageVolumeChecker (StorageVolumeChecker.java:checkAllVolumes(202)) - Scheduled health check for volume /home/runner/work/ozone/ozone/hadoop-ozone/integration-test/target/test-dir/MiniOzoneClusterImpl-40d1b4d0-2c8f-4763-9166-3e69b7713d06/datanode-2/data/ratis
2023-02-16 22:43:24,306 [Thread-640] INFO  ozoneimpl.ContainerReader (ContainerReader.java:readVolume(175)) - Finish verifying containers on volume /home/runner/work/ozone/ozone/hadoop-ozone/integration-test/target/test-dir/MiniOzoneClusterImpl-40d1b4d0-2c8f-4763-9166-3e69b7713d06/datanode-2/data-0/containers/hdds
2023-02-16 22:43:24,306 [Listener at 127.0.0.1/42185] INFO  ozoneimpl.OzoneContainer (OzoneContainer.java:buildContainerSet(304)) - Build ContainerSet costs 0s
2023-02-16 22:43:24,308 [Listener at 127.0.0.1/42185] INFO  server.RaftServer (ConfUtils.java:logGet(46)) - raft.rpc.type = GRPC (default)
2023-02-16 22:43:24,308 [Listener at 127.0.0.1/42185] INFO  grpc.GrpcConfigKeys (ConfUtils.java:logFallback(53)) - raft.grpc.admin.host = null (fallback to raft.grpc.server.host)
2023-02-16 22:43:24,309 [Listener at 127.0.0.1/42185] INFO  grpc.GrpcConfigKeys (ConfUtils.java:logGet(46)) - raft.grpc.admin.port = 0 (custom)
2023-02-16 22:43:24,309 [Listener at 127.0.0.1/42185] INFO  grpc.GrpcConfigKeys (ConfUtils.java:logFallback(53)) - raft.grpc.client.host = null (fallback to raft.grpc.server.host)
2023-02-16 22:43:24,309 [Listener at 127.0.0.1/42185] INFO  grpc.GrpcConfigKeys (ConfUtils.java:logGet(46)) - raft.grpc.client.port = 0 (custom)
2023-02-16 22:43:24,309 [Listener at 127.0.0.1/42185] INFO  grpc.GrpcConfigKeys (ConfUtils.java:logGet(46)) - raft.grpc.server.host = null (default)
2023-02-16 22:43:24,309 [Listener at 127.0.0.1/42185] INFO  grpc.GrpcConfigKeys (ConfUtils.java:logGet(46)) - raft.grpc.server.port = 0 (default)
2023-02-16 22:43:24,309 [Listener at 127.0.0.1/42185] INFO  server.GrpcService (ConfUtils.java:logGet(46)) - raft.grpc.message.size.max = 32MB (=33554432) (custom)
2023-02-16 22:43:24,309 [Listener at 127.0.0.1/42185] INFO  server.RaftServerConfigKeys (ConfUtils.java:logGet(46)) - raft.server.log.appender.buffer.byte-limit = 33554432 (custom)
2023-02-16 22:43:24,310 [Listener at 127.0.0.1/42185] INFO  server.GrpcService (ConfUtils.java:logGet(46)) - raft.grpc.flow.control.window = 5MB (=5242880) (custom)
2023-02-16 22:43:24,310 [Listener at 127.0.0.1/42185] INFO  server.RaftServerConfigKeys (ConfUtils.java:logGet(46)) - raft.server.rpc.request.timeout = 3000ms (default)
2023-02-16 22:43:24,310 [Listener at 127.0.0.1/42185] INFO  grpc.GrpcConfigKeys (ConfUtils.java:logGet(46)) - raft.grpc.server.heartbeat.channel = true (default)
2023-02-16 22:43:24,310 [Listener at 127.0.0.1/42185] INFO  grpc.GrpcConfigKeys (ConfUtils.java:logGet(46)) - raft.grpc.server.async.request.thread.pool.cached = true (default)
2023-02-16 22:43:24,310 [Listener at 127.0.0.1/42185] INFO  grpc.GrpcConfigKeys (ConfUtils.java:logGet(46)) - raft.grpc.server.async.request.thread.pool.size = 32 (default)
2023-02-16 22:43:24,311 [Listener at 127.0.0.1/42185] INFO  impl.DataStreamServerImpl (ConfUtils.java:logGet(46)) - raft.datastream.type = NETTY (custom)
2023-02-16 22:43:24,312 [Listener at 127.0.0.1/42185] INFO  server.RaftServerConfigKeys (ConfUtils.java:logGet(46)) - raft.server.data-stream.async.request.thread.pool.cached = false (default)
2023-02-16 22:43:24,312 [Listener at 127.0.0.1/42185] INFO  server.RaftServerConfigKeys (ConfUtils.java:logGet(46)) - raft.server.data-stream.async.request.thread.pool.size = 20 (custom)
2023-02-16 22:43:24,312 [Listener at 127.0.0.1/42185] INFO  server.RaftServerConfigKeys (ConfUtils.java:logGet(46)) - raft.server.data-stream.async.write.thread.pool.size = 16 (default)
2023-02-16 22:43:24,312 [Listener at 127.0.0.1/42185] INFO  server.RaftServerConfigKeys (ConfUtils.java:logGet(46)) - raft.server.data-stream.client.pool.size = 10 (default)
2023-02-16 22:43:24,312 [Listener at 127.0.0.1/42185] INFO  netty.NettyConfigKeys$DataStream (ConfUtils.java:logGet(46)) - raft.netty.dataStream.server.use-epoll = false (default)
2023-02-16 22:43:24,312 [Listener at 127.0.0.1/42185] INFO  netty.NettyConfigKeys$DataStream (ConfUtils.java:logGet(46)) - raft.netty.dataStream.server.boss-group.size = 0 (default)
2023-02-16 22:43:24,313 [Listener at 127.0.0.1/42185] INFO  netty.NettyConfigKeys$DataStream (ConfUtils.java:logGet(46)) - raft.netty.dataStream.server.worker-group.size = 0 (default)
2023-02-16 22:43:24,314 [Listener at 127.0.0.1/42185] INFO  netty.NettyConfigKeys$DataStream (ConfUtils.java:logGet(46)) - raft.netty.dataStream.server.tls.conf = null (default)
2023-02-16 22:43:24,314 [Listener at 127.0.0.1/42185] INFO  netty.NettyConfigKeys$DataStream (ConfUtils.java:logGet(46)) - raft.netty.dataStream.host = null (default)
2023-02-16 22:43:24,314 [Listener at 127.0.0.1/42185] INFO  netty.NettyConfigKeys$DataStream (ConfUtils.java:logGet(46)) - raft.netty.dataStream.port = 0 (default)
2023-02-16 22:43:24,315 [Listener at 127.0.0.1/42185] INFO  server.RaftServerConfigKeys (ConfUtils.java:logGet(46)) - raft.server.threadpool.proxy.cached = true (default)
2023-02-16 22:43:24,315 [Listener at 127.0.0.1/42185] INFO  server.RaftServerConfigKeys (ConfUtils.java:logGet(46)) - raft.server.threadpool.proxy.size = 0 (default)
2023-02-16 22:43:24,315 [Listener at 127.0.0.1/42185] INFO  server.RaftServerConfigKeys (ConfUtils.java:logGet(46)) - raft.server.rpc.slowness.timeout = 300000ms (custom)
2023-02-16 22:43:24,315 [d5431bb7-4da0-4de3-8e42-f94aec5e63a8-NettyServerStreamRpc-bossGroup--thread1] INFO  logging.LoggingHandler (AbstractInternalLogger.java:log(148)) - [id: 0x8d168a54] REGISTERED
2023-02-16 22:43:24,315 [Listener at 127.0.0.1/42185] INFO  server.RaftServerConfigKeys (ConfUtils.java:logGet(46)) - raft.server.leaderelection.leader.step-down.wait-time = 10s (default)
2023-02-16 22:43:24,315 [Listener at 127.0.0.1/42185] INFO  server.RaftServerConfigKeys (ConfUtils.java:logGet(46)) - raft.server.storage.dir = [/home/runner/work/ozone/ozone/hadoop-ozone/integration-test/target/test-dir/MiniOzoneClusterImpl-40d1b4d0-2c8f-4763-9166-3e69b7713d06/datanode-2/data/ratis] (custom)
2023-02-16 22:43:24,316 [d5431bb7-4da0-4de3-8e42-f94aec5e63a8-NettyServerStreamRpc-bossGroup--thread1] INFO  logging.LoggingHandler (AbstractInternalLogger.java:log(148)) - [id: 0x8d168a54] BIND: 0.0.0.0/0.0.0.0:0
2023-02-16 22:43:24,316 [d5431bb7-4da0-4de3-8e42-f94aec5e63a8-NettyServerStreamRpc-bossGroup--thread1] INFO  logging.LoggingHandler (AbstractInternalLogger.java:log(148)) - [id: 0x8d168a54, L:/0:0:0:0:0:0:0:0:43737] ACTIVE
2023-02-16 22:43:24,318 [Listener at 127.0.0.1/42185] INFO  server.XceiverServerGrpc (XceiverServerGrpc.java:<init>(132)) - GrpcServer channel type EpollServerSocketChannel
2023-02-16 22:43:24,322 [Listener at 127.0.0.1/42185] INFO  http.BaseHttpServer (BaseHttpServer.java:newHttpServer2BuilderForOzone(213)) - Starting Web-server for hddsDatanode at: http://0.0.0.0:0
2023-02-16 22:43:24,322 [Listener at 127.0.0.1/42185] INFO  http.BaseHttpServer (BaseHttpServer.java:<init>(108)) - Hadoop Security Enabled: false Ozone Security Enabled: false Ozone HTTP Security Enabled: false 
2023-02-16 22:43:24,323 [Listener at 127.0.0.1/42185] WARN  server.AuthenticationFilter (AuthenticationFilter.java:constructSecretProvider(240)) - Unable to initialize FileSignerSecretProvider, falling back to use random secrets. Reason: Could not read signature secret file: /home/runner/hadoop-http-auth-signature-secret
2023-02-16 22:43:24,324 [Listener at 127.0.0.1/42185] WARN  http.HttpRequestLog (HttpRequestLog.java:getRequestLog(103)) - Jetty request log can only be enabled using Log4j
2023-02-16 22:43:24,326 [Listener at 127.0.0.1/42185] INFO  http.HttpServer2 (HttpServer2.java:addGlobalFilter(1031)) - Added global filter 'safety' (class=org.apache.hadoop.hdds.server.http.HttpServer2$QuotingInputFilter)
2023-02-16 22:43:24,327 [Listener at 127.0.0.1/42185] INFO  http.HttpServer2 (HttpServer2.java:addFilter(1007)) - Added filter static_user_filter (class=org.apache.hadoop.http.lib.StaticUserWebFilter$StaticUserFilter) to context hddsDatanode
2023-02-16 22:43:24,327 [Listener at 127.0.0.1/42185] INFO  http.HttpServer2 (HttpServer2.java:addFilter(1015)) - Added filter static_user_filter (class=org.apache.hadoop.http.lib.StaticUserWebFilter$StaticUserFilter) to context logs
2023-02-16 22:43:24,327 [Listener at 127.0.0.1/42185] INFO  http.HttpServer2 (HttpServer2.java:addFilter(1015)) - Added filter static_user_filter (class=org.apache.hadoop.http.lib.StaticUserWebFilter$StaticUserFilter) to context static
2023-02-16 22:43:24,327 [Listener at 127.0.0.1/42185] INFO  http.HttpServer2 (HttpServer2.java:bindListener(1250)) - Jetty bound to port 38303
2023-02-16 22:43:24,328 [Listener at 127.0.0.1/42185] INFO  server.Server (Server.java:doStart(375)) - jetty-9.4.49.v20220914; built: 2022-09-14T01:07:36.601Z; git: 4231a3b2e4cb8548a412a789936d640a97b1aa0a; jvm 1.8.0_362-b09
2023-02-16 22:43:24,329 [om1@group-C5BA1605619E-FollowerState] INFO  impl.FollowerState (FollowerState.java:run(143)) - om1@group-C5BA1605619E-FollowerState: change to CANDIDATE, lastRpcElapsedTime:1113766677ns, electionTimeout:1111ms
2023-02-16 22:43:24,329 [om1@group-C5BA1605619E-FollowerState] INFO  impl.RoleInfo (RoleInfo.java:shutdownFollowerState(110)) - om1: shutdown om1@group-C5BA1605619E-FollowerState
2023-02-16 22:43:24,329 [Listener at 127.0.0.1/42185] INFO  server.session (DefaultSessionIdManager.java:doStart(334)) - DefaultSessionIdManager workerName=node0
2023-02-16 22:43:24,330 [Listener at 127.0.0.1/42185] INFO  server.session (DefaultSessionIdManager.java:doStart(339)) - No SessionScavenger set, using defaults
2023-02-16 22:43:24,330 [Listener at 127.0.0.1/42185] INFO  server.session (HouseKeeper.java:startScavenging(132)) - node0 Scavenging every 660000ms
2023-02-16 22:43:24,329 [om1@group-C5BA1605619E-FollowerState] INFO  server.RaftServer$Division (RaftServerImpl.java:setRole(321)) - om1@group-C5BA1605619E: changes role from  FOLLOWER to CANDIDATE at term 0 for changeToCandidate
2023-02-16 22:43:24,337 [om1@group-C5BA1605619E-FollowerState] INFO  server.RaftServerConfigKeys (ConfUtils.java:logGet(46)) - raft.server.leaderelection.pre-vote = true (default)
2023-02-16 22:43:24,337 [om1@group-C5BA1605619E-FollowerState] INFO  impl.RoleInfo (RoleInfo.java:updateAndGet(139)) - om1: start om1@group-C5BA1605619E-LeaderElection10
2023-02-16 22:43:24,338 [Listener at 127.0.0.1/42185] INFO  handler.ContextHandler (ContextHandler.java:doStart(921)) - Started o.e.j.s.ServletContextHandler@2d18085f{logs,/logs,file:///home/runner/work/ozone/ozone/hadoop-ozone/integration-test/target/log,AVAILABLE}
2023-02-16 22:43:24,342 [Listener at 127.0.0.1/42185] INFO  handler.ContextHandler (ContextHandler.java:doStart(921)) - Started o.e.j.s.ServletContextHandler@59b5138e{static,/static,jar:file:/home/runner/.m2/repository/org/apache/ozone/hdds-container-service/1.4.0-SNAPSHOT/hdds-container-service-1.4.0-SNAPSHOT.jar!/webapps/static,AVAILABLE}
2023-02-16 22:43:24,355 [om1@group-C5BA1605619E-LeaderElection10] INFO  impl.LeaderElection (LeaderElection.java:askForVotes(312)) - om1@group-C5BA1605619E-LeaderElection10 PRE_VOTE round 0: submit vote requests at term 0 for -1: peers:[om1|rpc:localhost:9872|priority:0|startupRole:FOLLOWER]|listeners:[], old=null
2023-02-16 22:43:24,355 [om1@group-C5BA1605619E-LeaderElection10] INFO  impl.LeaderElection (LeaderElection.java:askForVotes(314)) - om1@group-C5BA1605619E-LeaderElection10 PRE_VOTE round 0: result PASSED (term=0)
2023-02-16 22:43:24,357 [om1@group-C5BA1605619E-LeaderElection10] INFO  impl.LeaderElection (LeaderElection.java:askForVotes(312)) - om1@group-C5BA1605619E-LeaderElection10 ELECTION round 0: submit vote requests at term 1 for -1: peers:[om1|rpc:localhost:9872|priority:0|startupRole:FOLLOWER]|listeners:[], old=null
2023-02-16 22:43:24,358 [om1@group-C5BA1605619E-LeaderElection10] INFO  impl.LeaderElection (LeaderElection.java:askForVotes(314)) - om1@group-C5BA1605619E-LeaderElection10 ELECTION round 0: result PASSED (term=1)
2023-02-16 22:43:24,358 [om1@group-C5BA1605619E-LeaderElection10] INFO  impl.RoleInfo (RoleInfo.java:shutdownLeaderElection(130)) - om1: shutdown om1@group-C5BA1605619E-LeaderElection10
2023-02-16 22:43:24,358 [om1@group-C5BA1605619E-LeaderElection10] INFO  server.RaftServer$Division (RaftServerImpl.java:setRole(321)) - om1@group-C5BA1605619E: changes role from CANDIDATE to LEADER at term 1 for changeToLeader
2023-02-16 22:43:24,358 [om1@group-C5BA1605619E-LeaderElection10] INFO  server.RaftServer$Division (ServerState.java:setLeader(313)) - om1@group-C5BA1605619E: change Leader from null to om1 at term 1 for becomeLeader, leader elected after 1648ms
2023-02-16 22:43:24,358 [om1@group-C5BA1605619E-LeaderElection10] INFO  server.RaftServerConfigKeys (ConfUtils.java:logGet(46)) - raft.server.staging.catchup.gap = 1000 (default)
2023-02-16 22:43:24,358 [om1@group-C5BA1605619E-LeaderElection10] INFO  server.RaftServerConfigKeys (ConfUtils.java:logGet(46)) - raft.server.write.element-limit = 4096 (default)
2023-02-16 22:43:24,358 [om1@group-C5BA1605619E-LeaderElection10] INFO  server.RaftServerConfigKeys (ConfUtils.java:logGet(46)) - raft.server.write.byte-limit = 64MB (=67108864) (default)
2023-02-16 22:43:24,358 [om1@group-C5BA1605619E-LeaderElection10] INFO  server.RaftServerConfigKeys (ConfUtils.java:logGet(46)) - raft.server.watch.timeout = 10s (default)
2023-02-16 22:43:24,358 [om1@group-C5BA1605619E-LeaderElection10] INFO  server.RaftServerConfigKeys (ConfUtils.java:logGet(46)) - raft.server.watch.timeout.denomination = 1s (default)
2023-02-16 22:43:24,359 [om1@group-C5BA1605619E-LeaderElection10] INFO  server.RaftServerConfigKeys (ConfUtils.java:logGet(46)) - raft.server.watch.element-limit = 65536 (default)
2023-02-16 22:43:24,359 [om1@group-C5BA1605619E-LeaderElection10] INFO  server.RaftServerConfigKeys (ConfUtils.java:logGet(46)) - raft.server.write.element-limit = 4096 (default)
2023-02-16 22:43:24,359 [om1@group-C5BA1605619E-LeaderElection10] INFO  server.RaftServerConfigKeys (ConfUtils.java:logGet(46)) - raft.server.write.follower.gap.ratio.max = -1.0 (default)
2023-02-16 22:43:24,359 [om1@group-C5BA1605619E-LeaderElection10] INFO  impl.RoleInfo (RoleInfo.java:updateAndGet(139)) - om1: start om1@group-C5BA1605619E-LeaderStateImpl
2023-02-16 22:43:24,359 [om1@group-C5BA1605619E-LeaderElection10] INFO  segmented.SegmentedRaftLogWorker (SegmentedRaftLogWorker.java:startLogSegment(452)) - om1@group-C5BA1605619E-SegmentedRaftLogWorker: Starting segment from index:0
2023-02-16 22:43:24,362 [om1@group-C5BA1605619E-LeaderElection10] INFO  server.RaftServer$Division (ServerState.java:setRaftConf(430)) - om1@group-C5BA1605619E: set configuration 0: peers:[om1|rpc:localhost:9872|admin:|client:|dataStream:|priority:0|startupRole:FOLLOWER]|listeners:[], old=null
2023-02-16 22:43:24,378 [om1@group-C5BA1605619E-SegmentedRaftLogWorker] INFO  segmented.SegmentedRaftLogWorker (SegmentedRaftLogWorker.java:execute(656)) - om1@group-C5BA1605619E-SegmentedRaftLogWorker: created new log segment /home/runner/work/ozone/ozone/hadoop-ozone/integration-test/target/test-dir/MiniOzoneClusterImpl-40d1b4d0-2c8f-4763-9166-3e69b7713d06/ozone-meta/ratis/bf265839-605b-3f16-9796-c5ba1605619e/current/log_inprogress_0
2023-02-16 22:43:24,380 [om1@group-C5BA1605619E-StateMachineUpdater] INFO  ratis.OzoneManagerStateMachine (OzoneManagerStateMachine.java:notifyConfigurationChanged(192)) - Received Configuration change notification from Ratis. New Peer list:
[id: "om1"
address: "localhost:9872"
startupRole: FOLLOWER
]
2023-02-16 22:43:24,591 [Listener at 127.0.0.1/42185] INFO  handler.ContextHandler (ContextHandler.java:doStart(921)) - Started o.e.j.w.WebAppContext@23e9f343{hddsDatanode,/,file:///tmp/jetty-0_0_0_0-38303-hdds-container-service-1_4_0-SNAPSHOT_jar-_-any-7151326894868398014/webapp/,AVAILABLE}{jar:file:/home/runner/.m2/repository/org/apache/ozone/hdds-container-service/1.4.0-SNAPSHOT/hdds-container-service-1.4.0-SNAPSHOT.jar!/webapps/hddsDatanode}
2023-02-16 22:43:24,593 [Listener at 127.0.0.1/42185] INFO  server.AbstractConnector (AbstractConnector.java:doStart(333)) - Started ServerConnector@66857759{HTTP/1.1, (http/1.1)}{0.0.0.0:38303}
2023-02-16 22:43:24,593 [Listener at 127.0.0.1/42185] INFO  server.Server (Server.java:doStart(415)) - Started @36390ms
2023-02-16 22:43:24,593 [Listener at 127.0.0.1/42185] WARN  impl.MetricsSystemImpl (MetricsSystemImpl.java:register(279)) - Sink prometheus already exists!
2023-02-16 22:43:24,594 [Listener at 127.0.0.1/42185] INFO  http.BaseHttpServer (BaseHttpServer.java:updateConnectorAddress(333)) - HTTP server of hddsDatanode listening at http://0.0.0.0:38303
2023-02-16 22:43:24,595 [Datanode State Machine Daemon Thread] INFO  statemachine.DatanodeStateMachine (DatanodeStateMachine.java:lambda$startDaemon$0(516)) - Ozone container server started.
2023-02-16 22:43:24,595 [Listener at 127.0.0.1/42185] WARN  impl.MetricRegistriesImpl (MetricRegistriesImpl.java:addReporterRegistration(111)) - New reporters are added after registries were created. Some metrics will be missing from the reporter. Please add reporter before adding any new registry.
2023-02-16 22:43:24,596 [Listener at 127.0.0.1/42185] WARN  impl.MetricRegistriesImpl (MetricRegistriesImpl.java:addReporterRegistration(111)) - New reporters are added after registries were created. Some metrics will be missing from the reporter. Please add reporter before adding any new registry.
2023-02-16 22:43:24,596 [Listener at 127.0.0.1/42185] INFO  impl.MetricsSystemImpl (MetricsSystemImpl.java:init(158)) - HddsDatanode metrics system started (again)
2023-02-16 22:43:24,614 [org.apache.hadoop.util.JvmPauseMonitor$Monitor@692480f9] INFO  util.JvmPauseMonitor (JvmPauseMonitor.java:run(188)) - Starting JVM pause monitor
2023-02-16 22:43:24,620 [Listener at 127.0.0.1/42185] INFO  ozone.HddsDatanodeService (HddsDatanodeService.java:start(228)) - HddsDatanodeService host:fv-az571-511 ip:10.1.0.43
2023-02-16 22:43:24,622 [Datanode State Machine Task Thread - 0] INFO  datanode.InitDatanodeState (InitDatanodeState.java:persistContainerDatanodeDetails(138)) - DatanodeDetails is persisted to /home/runner/work/ozone/ozone/hadoop-ozone/integration-test/target/test-dir/MiniOzoneClusterImpl-40d1b4d0-2c8f-4763-9166-3e69b7713d06/datanode-2/meta/datanode.id
2023-02-16 22:43:24,653 [Listener at 127.0.0.1/42185] INFO  upgrade.AbstractLayoutVersionManager (AbstractLayoutVersionManager.java:init(83)) - Initializing Layout version manager with metadata layout = DATANODE_SCHEMA_V3 (version = 4), software layout = DATANODE_SCHEMA_V3 (version = 4)
2023-02-16 22:43:24,714 [Listener at 127.0.0.1/42185] INFO  reflections.Reflections (Reflections.java:scan(232)) - Reflections took 58 ms to scan 7 urls, producing 150 keys and 362 values 
2023-02-16 22:43:24,716 [Listener at 127.0.0.1/42185] INFO  statemachine.DatanodeStateMachine (DatanodeStateMachine.java:getEndPointTaskThreadPoolSize(260)) - Datanode State Machine Task Thread Pool size 2
2023-02-16 22:43:24,723 [Listener at 127.0.0.1/42185] INFO  volume.HddsVolume (HddsVolume.java:<init>(122)) - Creating HddsVolume: /home/runner/work/ozone/ozone/hadoop-ozone/integration-test/target/test-dir/MiniOzoneClusterImpl-40d1b4d0-2c8f-4763-9166-3e69b7713d06/datanode-3/data-0/containers/hdds of storage type : DISK capacity : 9223372036854775807
2023-02-16 22:43:24,725 [Listener at 127.0.0.1/42185] INFO  volume.MutableVolumeSet (MutableVolumeSet.java:initializeVolumeSet(174)) - Added Volume : /home/runner/work/ozone/ozone/hadoop-ozone/integration-test/target/test-dir/MiniOzoneClusterImpl-40d1b4d0-2c8f-4763-9166-3e69b7713d06/datanode-3/data-0/containers/hdds to VolumeSet
2023-02-16 22:43:24,726 [Listener at 127.0.0.1/42185] INFO  volume.ThrottledAsyncChecker (ThrottledAsyncChecker.java:schedule(141)) - Scheduling a check for /home/runner/work/ozone/ozone/hadoop-ozone/integration-test/target/test-dir/MiniOzoneClusterImpl-40d1b4d0-2c8f-4763-9166-3e69b7713d06/datanode-3/data-0/containers/hdds
2023-02-16 22:43:24,727 [Listener at 127.0.0.1/42185] INFO  volume.StorageVolumeChecker (StorageVolumeChecker.java:checkAllVolumes(202)) - Scheduled health check for volume /home/runner/work/ozone/ozone/hadoop-ozone/integration-test/target/test-dir/MiniOzoneClusterImpl-40d1b4d0-2c8f-4763-9166-3e69b7713d06/datanode-3/data-0/containers/hdds
2023-02-16 22:43:24,744 [Listener at 127.0.0.1/42185] INFO  volume.MutableVolumeSet (MutableVolumeSet.java:initializeVolumeSet(174)) - Added Volume : /home/runner/work/ozone/ozone/hadoop-ozone/integration-test/target/test-dir/MiniOzoneClusterImpl-40d1b4d0-2c8f-4763-9166-3e69b7713d06/datanode-3/data/ratis to VolumeSet
2023-02-16 22:43:24,744 [Listener at 127.0.0.1/42185] INFO  volume.ThrottledAsyncChecker (ThrottledAsyncChecker.java:schedule(141)) - Scheduling a check for /home/runner/work/ozone/ozone/hadoop-ozone/integration-test/target/test-dir/MiniOzoneClusterImpl-40d1b4d0-2c8f-4763-9166-3e69b7713d06/datanode-3/data/ratis
2023-02-16 22:43:24,744 [Listener at 127.0.0.1/42185] INFO  volume.StorageVolumeChecker (StorageVolumeChecker.java:checkAllVolumes(202)) - Scheduled health check for volume /home/runner/work/ozone/ozone/hadoop-ozone/integration-test/target/test-dir/MiniOzoneClusterImpl-40d1b4d0-2c8f-4763-9166-3e69b7713d06/datanode-3/data/ratis
2023-02-16 22:43:24,758 [Thread-656] INFO  ozoneimpl.ContainerReader (ContainerReader.java:readVolume(175)) - Finish verifying containers on volume /home/runner/work/ozone/ozone/hadoop-ozone/integration-test/target/test-dir/MiniOzoneClusterImpl-40d1b4d0-2c8f-4763-9166-3e69b7713d06/datanode-3/data-0/containers/hdds
2023-02-16 22:43:24,758 [Listener at 127.0.0.1/42185] INFO  ozoneimpl.OzoneContainer (OzoneContainer.java:buildContainerSet(304)) - Build ContainerSet costs 0s
2023-02-16 22:43:24,761 [Listener at 127.0.0.1/42185] INFO  server.RaftServer (ConfUtils.java:logGet(46)) - raft.rpc.type = GRPC (default)
2023-02-16 22:43:24,761 [Listener at 127.0.0.1/42185] INFO  grpc.GrpcConfigKeys (ConfUtils.java:logFallback(53)) - raft.grpc.admin.host = null (fallback to raft.grpc.server.host)
2023-02-16 22:43:24,762 [Listener at 127.0.0.1/42185] INFO  grpc.GrpcConfigKeys (ConfUtils.java:logGet(46)) - raft.grpc.admin.port = 0 (custom)
2023-02-16 22:43:24,762 [Listener at 127.0.0.1/42185] INFO  grpc.GrpcConfigKeys (ConfUtils.java:logFallback(53)) - raft.grpc.client.host = null (fallback to raft.grpc.server.host)
2023-02-16 22:43:24,762 [Listener at 127.0.0.1/42185] INFO  grpc.GrpcConfigKeys (ConfUtils.java:logGet(46)) - raft.grpc.client.port = 0 (custom)
2023-02-16 22:43:24,762 [Listener at 127.0.0.1/42185] INFO  grpc.GrpcConfigKeys (ConfUtils.java:logGet(46)) - raft.grpc.server.host = null (default)
2023-02-16 22:43:24,762 [Listener at 127.0.0.1/42185] INFO  grpc.GrpcConfigKeys (ConfUtils.java:logGet(46)) - raft.grpc.server.port = 0 (default)
2023-02-16 22:43:24,763 [Listener at 127.0.0.1/42185] INFO  server.GrpcService (ConfUtils.java:logGet(46)) - raft.grpc.message.size.max = 32MB (=33554432) (custom)
2023-02-16 22:43:24,763 [Listener at 127.0.0.1/42185] INFO  server.RaftServerConfigKeys (ConfUtils.java:logGet(46)) - raft.server.log.appender.buffer.byte-limit = 33554432 (custom)
2023-02-16 22:43:24,763 [Listener at 127.0.0.1/42185] INFO  server.GrpcService (ConfUtils.java:logGet(46)) - raft.grpc.flow.control.window = 5MB (=5242880) (custom)
2023-02-16 22:43:24,763 [Listener at 127.0.0.1/42185] INFO  server.RaftServerConfigKeys (ConfUtils.java:logGet(46)) - raft.server.rpc.request.timeout = 3000ms (default)
2023-02-16 22:43:24,763 [Listener at 127.0.0.1/42185] INFO  grpc.GrpcConfigKeys (ConfUtils.java:logGet(46)) - raft.grpc.server.heartbeat.channel = true (default)
2023-02-16 22:43:24,763 [Listener at 127.0.0.1/42185] INFO  grpc.GrpcConfigKeys (ConfUtils.java:logGet(46)) - raft.grpc.server.async.request.thread.pool.cached = true (default)
2023-02-16 22:43:24,764 [Listener at 127.0.0.1/42185] INFO  grpc.GrpcConfigKeys (ConfUtils.java:logGet(46)) - raft.grpc.server.async.request.thread.pool.size = 32 (default)
2023-02-16 22:43:24,765 [Listener at 127.0.0.1/42185] INFO  impl.DataStreamServerImpl (ConfUtils.java:logGet(46)) - raft.datastream.type = NETTY (custom)
2023-02-16 22:43:24,765 [Listener at 127.0.0.1/42185] INFO  server.RaftServerConfigKeys (ConfUtils.java:logGet(46)) - raft.server.data-stream.async.request.thread.pool.cached = false (default)
2023-02-16 22:43:24,766 [Listener at 127.0.0.1/42185] INFO  server.RaftServerConfigKeys (ConfUtils.java:logGet(46)) - raft.server.data-stream.async.request.thread.pool.size = 20 (custom)
2023-02-16 22:43:24,766 [Listener at 127.0.0.1/42185] INFO  server.RaftServerConfigKeys (ConfUtils.java:logGet(46)) - raft.server.data-stream.async.write.thread.pool.size = 16 (default)
2023-02-16 22:43:24,766 [Listener at 127.0.0.1/42185] INFO  server.RaftServerConfigKeys (ConfUtils.java:logGet(46)) - raft.server.data-stream.client.pool.size = 10 (default)
2023-02-16 22:43:24,766 [Listener at 127.0.0.1/42185] INFO  netty.NettyConfigKeys$DataStream (ConfUtils.java:logGet(46)) - raft.netty.dataStream.server.use-epoll = false (default)
2023-02-16 22:43:24,766 [Listener at 127.0.0.1/42185] INFO  netty.NettyConfigKeys$DataStream (ConfUtils.java:logGet(46)) - raft.netty.dataStream.server.boss-group.size = 0 (default)
2023-02-16 22:43:24,767 [Listener at 127.0.0.1/42185] INFO  netty.NettyConfigKeys$DataStream (ConfUtils.java:logGet(46)) - raft.netty.dataStream.server.worker-group.size = 0 (default)
2023-02-16 22:43:24,767 [Listener at 127.0.0.1/42185] INFO  netty.NettyConfigKeys$DataStream (ConfUtils.java:logGet(46)) - raft.netty.dataStream.server.tls.conf = null (default)
2023-02-16 22:43:24,767 [Listener at 127.0.0.1/42185] INFO  netty.NettyConfigKeys$DataStream (ConfUtils.java:logGet(46)) - raft.netty.dataStream.host = null (default)
2023-02-16 22:43:24,767 [Listener at 127.0.0.1/42185] INFO  netty.NettyConfigKeys$DataStream (ConfUtils.java:logGet(46)) - raft.netty.dataStream.port = 0 (default)
2023-02-16 22:43:24,769 [Listener at 127.0.0.1/42185] INFO  server.RaftServerConfigKeys (ConfUtils.java:logGet(46)) - raft.server.threadpool.proxy.cached = true (default)
2023-02-16 22:43:24,769 [Listener at 127.0.0.1/42185] INFO  server.RaftServerConfigKeys (ConfUtils.java:logGet(46)) - raft.server.threadpool.proxy.size = 0 (default)
2023-02-16 22:43:24,769 [c1d13929-a343-48c2-a26f-f823071f7287-NettyServerStreamRpc-bossGroup--thread1] INFO  logging.LoggingHandler (AbstractInternalLogger.java:log(148)) - [id: 0x372c109f] REGISTERED
2023-02-16 22:43:24,769 [Listener at 127.0.0.1/42185] INFO  server.RaftServerConfigKeys (ConfUtils.java:logGet(46)) - raft.server.rpc.slowness.timeout = 300000ms (custom)
2023-02-16 22:43:24,769 [c1d13929-a343-48c2-a26f-f823071f7287-NettyServerStreamRpc-bossGroup--thread1] INFO  logging.LoggingHandler (AbstractInternalLogger.java:log(148)) - [id: 0x372c109f] BIND: 0.0.0.0/0.0.0.0:0
2023-02-16 22:43:24,769 [Listener at 127.0.0.1/42185] INFO  server.RaftServerConfigKeys (ConfUtils.java:logGet(46)) - raft.server.leaderelection.leader.step-down.wait-time = 10s (default)
2023-02-16 22:43:24,770 [c1d13929-a343-48c2-a26f-f823071f7287-NettyServerStreamRpc-bossGroup--thread1] INFO  logging.LoggingHandler (AbstractInternalLogger.java:log(148)) - [id: 0x372c109f, L:/0:0:0:0:0:0:0:0:32815] ACTIVE
2023-02-16 22:43:24,770 [Listener at 127.0.0.1/42185] INFO  server.RaftServerConfigKeys (ConfUtils.java:logGet(46)) - raft.server.storage.dir = [/home/runner/work/ozone/ozone/hadoop-ozone/integration-test/target/test-dir/MiniOzoneClusterImpl-40d1b4d0-2c8f-4763-9166-3e69b7713d06/datanode-3/data/ratis] (custom)
2023-02-16 22:43:24,772 [Listener at 127.0.0.1/42185] INFO  server.XceiverServerGrpc (XceiverServerGrpc.java:<init>(132)) - GrpcServer channel type EpollServerSocketChannel
2023-02-16 22:43:24,779 [Listener at 127.0.0.1/42185] INFO  http.BaseHttpServer (BaseHttpServer.java:newHttpServer2BuilderForOzone(213)) - Starting Web-server for hddsDatanode at: http://0.0.0.0:0
2023-02-16 22:43:24,780 [Listener at 127.0.0.1/42185] INFO  http.BaseHttpServer (BaseHttpServer.java:<init>(108)) - Hadoop Security Enabled: false Ozone Security Enabled: false Ozone HTTP Security Enabled: false 
2023-02-16 22:43:24,781 [Listener at 127.0.0.1/42185] WARN  server.AuthenticationFilter (AuthenticationFilter.java:constructSecretProvider(240)) - Unable to initialize FileSignerSecretProvider, falling back to use random secrets. Reason: Could not read signature secret file: /home/runner/hadoop-http-auth-signature-secret
2023-02-16 22:43:24,783 [Listener at 127.0.0.1/42185] WARN  http.HttpRequestLog (HttpRequestLog.java:getRequestLog(103)) - Jetty request log can only be enabled using Log4j
2023-02-16 22:43:24,785 [Listener at 127.0.0.1/42185] INFO  http.HttpServer2 (HttpServer2.java:addGlobalFilter(1031)) - Added global filter 'safety' (class=org.apache.hadoop.hdds.server.http.HttpServer2$QuotingInputFilter)
2023-02-16 22:43:24,785 [Listener at 127.0.0.1/42185] INFO  http.HttpServer2 (HttpServer2.java:addFilter(1007)) - Added filter static_user_filter (class=org.apache.hadoop.http.lib.StaticUserWebFilter$StaticUserFilter) to context hddsDatanode
2023-02-16 22:43:24,785 [Listener at 127.0.0.1/42185] INFO  http.HttpServer2 (HttpServer2.java:addFilter(1015)) - Added filter static_user_filter (class=org.apache.hadoop.http.lib.StaticUserWebFilter$StaticUserFilter) to context static
2023-02-16 22:43:24,786 [Listener at 127.0.0.1/42185] INFO  http.HttpServer2 (HttpServer2.java:addFilter(1015)) - Added filter static_user_filter (class=org.apache.hadoop.http.lib.StaticUserWebFilter$StaticUserFilter) to context logs
2023-02-16 22:43:24,786 [Listener at 127.0.0.1/42185] INFO  http.HttpServer2 (HttpServer2.java:bindListener(1250)) - Jetty bound to port 42633
2023-02-16 22:43:24,787 [Listener at 127.0.0.1/42185] INFO  server.Server (Server.java:doStart(375)) - jetty-9.4.49.v20220914; built: 2022-09-14T01:07:36.601Z; git: 4231a3b2e4cb8548a412a789936d640a97b1aa0a; jvm 1.8.0_362-b09
2023-02-16 22:43:24,788 [Listener at 127.0.0.1/42185] INFO  server.session (DefaultSessionIdManager.java:doStart(334)) - DefaultSessionIdManager workerName=node0
2023-02-16 22:43:24,789 [Listener at 127.0.0.1/42185] INFO  server.session (DefaultSessionIdManager.java:doStart(339)) - No SessionScavenger set, using defaults
2023-02-16 22:43:24,789 [Listener at 127.0.0.1/42185] INFO  server.session (HouseKeeper.java:startScavenging(132)) - node0 Scavenging every 600000ms
2023-02-16 22:43:24,790 [Listener at 127.0.0.1/42185] INFO  handler.ContextHandler (ContextHandler.java:doStart(921)) - Started o.e.j.s.ServletContextHandler@1780140f{logs,/logs,file:///home/runner/work/ozone/ozone/hadoop-ozone/integration-test/target/log,AVAILABLE}
2023-02-16 22:43:24,792 [Listener at 127.0.0.1/42185] INFO  handler.ContextHandler (ContextHandler.java:doStart(921)) - Started o.e.j.s.ServletContextHandler@31cddebb{static,/static,jar:file:/home/runner/.m2/repository/org/apache/ozone/hdds-container-service/1.4.0-SNAPSHOT/hdds-container-service-1.4.0-SNAPSHOT.jar!/webapps/static,AVAILABLE}
2023-02-16 22:43:25,030 [Listener at 127.0.0.1/42185] INFO  handler.ContextHandler (ContextHandler.java:doStart(921)) - Started o.e.j.w.WebAppContext@3ba1b2d4{hddsDatanode,/,file:///tmp/jetty-0_0_0_0-42633-hdds-container-service-1_4_0-SNAPSHOT_jar-_-any-4596211636349328532/webapp/,AVAILABLE}{jar:file:/home/runner/.m2/repository/org/apache/ozone/hdds-container-service/1.4.0-SNAPSHOT/hdds-container-service-1.4.0-SNAPSHOT.jar!/webapps/hddsDatanode}
2023-02-16 22:43:25,034 [Listener at 127.0.0.1/42185] INFO  server.AbstractConnector (AbstractConnector.java:doStart(333)) - Started ServerConnector@595a3150{HTTP/1.1, (http/1.1)}{0.0.0.0:42633}
2023-02-16 22:43:25,034 [Listener at 127.0.0.1/42185] INFO  server.Server (Server.java:doStart(415)) - Started @36831ms
2023-02-16 22:43:25,034 [Listener at 127.0.0.1/42185] WARN  impl.MetricsSystemImpl (MetricsSystemImpl.java:register(279)) - Sink prometheus already exists!
2023-02-16 22:43:25,035 [Listener at 127.0.0.1/42185] INFO  http.BaseHttpServer (BaseHttpServer.java:updateConnectorAddress(333)) - HTTP server of hddsDatanode listening at http://0.0.0.0:42633
2023-02-16 22:43:25,035 [Datanode State Machine Daemon Thread] INFO  statemachine.DatanodeStateMachine (DatanodeStateMachine.java:lambda$startDaemon$0(516)) - Ozone container server started.
2023-02-16 22:43:25,042 [Listener at 127.0.0.1/42185] WARN  impl.MetricRegistriesImpl (MetricRegistriesImpl.java:addReporterRegistration(111)) - New reporters are added after registries were created. Some metrics will be missing from the reporter. Please add reporter before adding any new registry.
2023-02-16 22:43:25,042 [Listener at 127.0.0.1/42185] WARN  impl.MetricRegistriesImpl (MetricRegistriesImpl.java:addReporterRegistration(111)) - New reporters are added after registries were created. Some metrics will be missing from the reporter. Please add reporter before adding any new registry.
2023-02-16 22:43:25,042 [Listener at 127.0.0.1/42185] INFO  impl.MetricsSystemImpl (MetricsSystemImpl.java:init(158)) - HddsDatanode metrics system started (again)
2023-02-16 22:43:25,049 [org.apache.hadoop.util.JvmPauseMonitor$Monitor@55b1c0fd] INFO  util.JvmPauseMonitor (JvmPauseMonitor.java:run(188)) - Starting JVM pause monitor
2023-02-16 22:43:25,057 [Datanode State Machine Task Thread - 0] INFO  datanode.InitDatanodeState (InitDatanodeState.java:persistContainerDatanodeDetails(138)) - DatanodeDetails is persisted to /home/runner/work/ozone/ozone/hadoop-ozone/integration-test/target/test-dir/MiniOzoneClusterImpl-40d1b4d0-2c8f-4763-9166-3e69b7713d06/datanode-3/meta/datanode.id
2023-02-16 22:43:25,060 [Listener at 127.0.0.1/42185] INFO  ozone.HddsDatanodeService (HddsDatanodeService.java:start(228)) - HddsDatanodeService host:fv-az571-511 ip:10.1.0.43
2023-02-16 22:43:25,092 [Listener at 127.0.0.1/42185] INFO  upgrade.AbstractLayoutVersionManager (AbstractLayoutVersionManager.java:init(83)) - Initializing Layout version manager with metadata layout = DATANODE_SCHEMA_V3 (version = 4), software layout = DATANODE_SCHEMA_V3 (version = 4)
2023-02-16 22:43:25,154 [Listener at 127.0.0.1/42185] INFO  reflections.Reflections (Reflections.java:scan(232)) - Reflections took 56 ms to scan 7 urls, producing 150 keys and 362 values 
2023-02-16 22:43:25,156 [Listener at 127.0.0.1/42185] INFO  statemachine.DatanodeStateMachine (DatanodeStateMachine.java:getEndPointTaskThreadPoolSize(260)) - Datanode State Machine Task Thread Pool size 2
2023-02-16 22:43:25,163 [Listener at 127.0.0.1/42185] INFO  volume.HddsVolume (HddsVolume.java:<init>(122)) - Creating HddsVolume: /home/runner/work/ozone/ozone/hadoop-ozone/integration-test/target/test-dir/MiniOzoneClusterImpl-40d1b4d0-2c8f-4763-9166-3e69b7713d06/datanode-4/data-0/containers/hdds of storage type : DISK capacity : 9223372036854775807
2023-02-16 22:43:25,163 [Listener at 127.0.0.1/42185] INFO  volume.MutableVolumeSet (MutableVolumeSet.java:initializeVolumeSet(174)) - Added Volume : /home/runner/work/ozone/ozone/hadoop-ozone/integration-test/target/test-dir/MiniOzoneClusterImpl-40d1b4d0-2c8f-4763-9166-3e69b7713d06/datanode-4/data-0/containers/hdds to VolumeSet
2023-02-16 22:43:25,163 [Listener at 127.0.0.1/42185] INFO  volume.ThrottledAsyncChecker (ThrottledAsyncChecker.java:schedule(141)) - Scheduling a check for /home/runner/work/ozone/ozone/hadoop-ozone/integration-test/target/test-dir/MiniOzoneClusterImpl-40d1b4d0-2c8f-4763-9166-3e69b7713d06/datanode-4/data-0/containers/hdds
2023-02-16 22:43:25,166 [Listener at 127.0.0.1/42185] INFO  volume.StorageVolumeChecker (StorageVolumeChecker.java:checkAllVolumes(202)) - Scheduled health check for volume /home/runner/work/ozone/ozone/hadoop-ozone/integration-test/target/test-dir/MiniOzoneClusterImpl-40d1b4d0-2c8f-4763-9166-3e69b7713d06/datanode-4/data-0/containers/hdds
2023-02-16 22:43:25,179 [Listener at 127.0.0.1/42185] INFO  volume.MutableVolumeSet (MutableVolumeSet.java:initializeVolumeSet(174)) - Added Volume : /home/runner/work/ozone/ozone/hadoop-ozone/integration-test/target/test-dir/MiniOzoneClusterImpl-40d1b4d0-2c8f-4763-9166-3e69b7713d06/datanode-4/data/ratis to VolumeSet
2023-02-16 22:43:25,179 [Listener at 127.0.0.1/42185] INFO  volume.ThrottledAsyncChecker (ThrottledAsyncChecker.java:schedule(141)) - Scheduling a check for /home/runner/work/ozone/ozone/hadoop-ozone/integration-test/target/test-dir/MiniOzoneClusterImpl-40d1b4d0-2c8f-4763-9166-3e69b7713d06/datanode-4/data/ratis
2023-02-16 22:43:25,180 [Listener at 127.0.0.1/42185] INFO  volume.StorageVolumeChecker (StorageVolumeChecker.java:checkAllVolumes(202)) - Scheduled health check for volume /home/runner/work/ozone/ozone/hadoop-ozone/integration-test/target/test-dir/MiniOzoneClusterImpl-40d1b4d0-2c8f-4763-9166-3e69b7713d06/datanode-4/data/ratis
2023-02-16 22:43:25,193 [Thread-670] INFO  ozoneimpl.ContainerReader (ContainerReader.java:readVolume(175)) - Finish verifying containers on volume /home/runner/work/ozone/ozone/hadoop-ozone/integration-test/target/test-dir/MiniOzoneClusterImpl-40d1b4d0-2c8f-4763-9166-3e69b7713d06/datanode-4/data-0/containers/hdds
2023-02-16 22:43:25,193 [Listener at 127.0.0.1/42185] INFO  ozoneimpl.OzoneContainer (OzoneContainer.java:buildContainerSet(304)) - Build ContainerSet costs 0s
2023-02-16 22:43:25,196 [Listener at 127.0.0.1/42185] INFO  server.RaftServer (ConfUtils.java:logGet(46)) - raft.rpc.type = GRPC (default)
2023-02-16 22:43:25,196 [Listener at 127.0.0.1/42185] INFO  grpc.GrpcConfigKeys (ConfUtils.java:logFallback(53)) - raft.grpc.admin.host = null (fallback to raft.grpc.server.host)
2023-02-16 22:43:25,196 [Listener at 127.0.0.1/42185] INFO  grpc.GrpcConfigKeys (ConfUtils.java:logGet(46)) - raft.grpc.admin.port = 0 (custom)
2023-02-16 22:43:25,196 [Listener at 127.0.0.1/42185] INFO  grpc.GrpcConfigKeys (ConfUtils.java:logFallback(53)) - raft.grpc.client.host = null (fallback to raft.grpc.server.host)
2023-02-16 22:43:25,197 [Listener at 127.0.0.1/42185] INFO  grpc.GrpcConfigKeys (ConfUtils.java:logGet(46)) - raft.grpc.client.port = 0 (custom)
2023-02-16 22:43:25,197 [Listener at 127.0.0.1/42185] INFO  grpc.GrpcConfigKeys (ConfUtils.java:logGet(46)) - raft.grpc.server.host = null (default)
2023-02-16 22:43:25,197 [Listener at 127.0.0.1/42185] INFO  grpc.GrpcConfigKeys (ConfUtils.java:logGet(46)) - raft.grpc.server.port = 0 (default)
2023-02-16 22:43:25,197 [Listener at 127.0.0.1/42185] INFO  server.GrpcService (ConfUtils.java:logGet(46)) - raft.grpc.message.size.max = 32MB (=33554432) (custom)
2023-02-16 22:43:25,197 [Listener at 127.0.0.1/42185] INFO  server.RaftServerConfigKeys (ConfUtils.java:logGet(46)) - raft.server.log.appender.buffer.byte-limit = 33554432 (custom)
2023-02-16 22:43:25,197 [Listener at 127.0.0.1/42185] INFO  server.GrpcService (ConfUtils.java:logGet(46)) - raft.grpc.flow.control.window = 5MB (=5242880) (custom)
2023-02-16 22:43:25,198 [Listener at 127.0.0.1/42185] INFO  server.RaftServerConfigKeys (ConfUtils.java:logGet(46)) - raft.server.rpc.request.timeout = 3000ms (default)
2023-02-16 22:43:25,198 [Listener at 127.0.0.1/42185] INFO  grpc.GrpcConfigKeys (ConfUtils.java:logGet(46)) - raft.grpc.server.heartbeat.channel = true (default)
2023-02-16 22:43:25,198 [Listener at 127.0.0.1/42185] INFO  grpc.GrpcConfigKeys (ConfUtils.java:logGet(46)) - raft.grpc.server.async.request.thread.pool.cached = true (default)
2023-02-16 22:43:25,198 [Listener at 127.0.0.1/42185] INFO  grpc.GrpcConfigKeys (ConfUtils.java:logGet(46)) - raft.grpc.server.async.request.thread.pool.size = 32 (default)
2023-02-16 22:43:25,199 [Listener at 127.0.0.1/42185] INFO  impl.DataStreamServerImpl (ConfUtils.java:logGet(46)) - raft.datastream.type = NETTY (custom)
2023-02-16 22:43:25,200 [Listener at 127.0.0.1/42185] INFO  server.RaftServerConfigKeys (ConfUtils.java:logGet(46)) - raft.server.data-stream.async.request.thread.pool.cached = false (default)
2023-02-16 22:43:25,200 [Listener at 127.0.0.1/42185] INFO  server.RaftServerConfigKeys (ConfUtils.java:logGet(46)) - raft.server.data-stream.async.request.thread.pool.size = 20 (custom)
2023-02-16 22:43:25,200 [Listener at 127.0.0.1/42185] INFO  server.RaftServerConfigKeys (ConfUtils.java:logGet(46)) - raft.server.data-stream.async.write.thread.pool.size = 16 (default)
2023-02-16 22:43:25,200 [Listener at 127.0.0.1/42185] INFO  server.RaftServerConfigKeys (ConfUtils.java:logGet(46)) - raft.server.data-stream.client.pool.size = 10 (default)
2023-02-16 22:43:25,200 [Listener at 127.0.0.1/42185] INFO  netty.NettyConfigKeys$DataStream (ConfUtils.java:logGet(46)) - raft.netty.dataStream.server.use-epoll = false (default)
2023-02-16 22:43:25,201 [Listener at 127.0.0.1/42185] INFO  netty.NettyConfigKeys$DataStream (ConfUtils.java:logGet(46)) - raft.netty.dataStream.server.boss-group.size = 0 (default)
2023-02-16 22:43:25,201 [Listener at 127.0.0.1/42185] INFO  netty.NettyConfigKeys$DataStream (ConfUtils.java:logGet(46)) - raft.netty.dataStream.server.worker-group.size = 0 (default)
2023-02-16 22:43:25,201 [Listener at 127.0.0.1/42185] INFO  netty.NettyConfigKeys$DataStream (ConfUtils.java:logGet(46)) - raft.netty.dataStream.server.tls.conf = null (default)
2023-02-16 22:43:25,202 [Listener at 127.0.0.1/42185] INFO  netty.NettyConfigKeys$DataStream (ConfUtils.java:logGet(46)) - raft.netty.dataStream.host = null (default)
2023-02-16 22:43:25,202 [Listener at 127.0.0.1/42185] INFO  netty.NettyConfigKeys$DataStream (ConfUtils.java:logGet(46)) - raft.netty.dataStream.port = 0 (default)
2023-02-16 22:43:25,202 [Listener at 127.0.0.1/42185] INFO  server.RaftServerConfigKeys (ConfUtils.java:logGet(46)) - raft.server.threadpool.proxy.cached = true (default)
2023-02-16 22:43:25,202 [Listener at 127.0.0.1/42185] INFO  server.RaftServerConfigKeys (ConfUtils.java:logGet(46)) - raft.server.threadpool.proxy.size = 0 (default)
2023-02-16 22:43:25,203 [7d73eab0-7685-47af-ac2a-3812ca7ecedf-NettyServerStreamRpc-bossGroup--thread1] INFO  logging.LoggingHandler (AbstractInternalLogger.java:log(148)) - [id: 0xa87a4f4a] REGISTERED
2023-02-16 22:43:25,205 [7d73eab0-7685-47af-ac2a-3812ca7ecedf-NettyServerStreamRpc-bossGroup--thread1] INFO  logging.LoggingHandler (AbstractInternalLogger.java:log(148)) - [id: 0xa87a4f4a] BIND: 0.0.0.0/0.0.0.0:0
2023-02-16 22:43:25,205 [7d73eab0-7685-47af-ac2a-3812ca7ecedf-NettyServerStreamRpc-bossGroup--thread1] INFO  logging.LoggingHandler (AbstractInternalLogger.java:log(148)) - [id: 0xa87a4f4a, L:/0:0:0:0:0:0:0:0:45849] ACTIVE
2023-02-16 22:43:25,203 [Listener at 127.0.0.1/42185] INFO  server.RaftServerConfigKeys (ConfUtils.java:logGet(46)) - raft.server.rpc.slowness.timeout = 300000ms (custom)
2023-02-16 22:43:25,206 [Listener at 127.0.0.1/42185] INFO  server.RaftServerConfigKeys (ConfUtils.java:logGet(46)) - raft.server.leaderelection.leader.step-down.wait-time = 10s (default)
2023-02-16 22:43:25,206 [Listener at 127.0.0.1/42185] INFO  server.RaftServerConfigKeys (ConfUtils.java:logGet(46)) - raft.server.storage.dir = [/home/runner/work/ozone/ozone/hadoop-ozone/integration-test/target/test-dir/MiniOzoneClusterImpl-40d1b4d0-2c8f-4763-9166-3e69b7713d06/datanode-4/data/ratis] (custom)
2023-02-16 22:43:25,208 [Listener at 127.0.0.1/42185] INFO  server.XceiverServerGrpc (XceiverServerGrpc.java:<init>(132)) - GrpcServer channel type EpollServerSocketChannel
2023-02-16 22:43:25,214 [Listener at 127.0.0.1/42185] INFO  http.BaseHttpServer (BaseHttpServer.java:newHttpServer2BuilderForOzone(213)) - Starting Web-server for hddsDatanode at: http://0.0.0.0:0
2023-02-16 22:43:25,214 [Listener at 127.0.0.1/42185] INFO  http.BaseHttpServer (BaseHttpServer.java:<init>(108)) - Hadoop Security Enabled: false Ozone Security Enabled: false Ozone HTTP Security Enabled: false 
2023-02-16 22:43:25,215 [Listener at 127.0.0.1/42185] WARN  server.AuthenticationFilter (AuthenticationFilter.java:constructSecretProvider(240)) - Unable to initialize FileSignerSecretProvider, falling back to use random secrets. Reason: Could not read signature secret file: /home/runner/hadoop-http-auth-signature-secret
2023-02-16 22:43:25,221 [Listener at 127.0.0.1/42185] WARN  http.HttpRequestLog (HttpRequestLog.java:getRequestLog(103)) - Jetty request log can only be enabled using Log4j
2023-02-16 22:43:25,223 [Listener at 127.0.0.1/42185] INFO  http.HttpServer2 (HttpServer2.java:addGlobalFilter(1031)) - Added global filter 'safety' (class=org.apache.hadoop.hdds.server.http.HttpServer2$QuotingInputFilter)
2023-02-16 22:43:25,224 [Listener at 127.0.0.1/42185] INFO  http.HttpServer2 (HttpServer2.java:addFilter(1007)) - Added filter static_user_filter (class=org.apache.hadoop.http.lib.StaticUserWebFilter$StaticUserFilter) to context hddsDatanode
2023-02-16 22:43:25,224 [Listener at 127.0.0.1/42185] INFO  http.HttpServer2 (HttpServer2.java:addFilter(1015)) - Added filter static_user_filter (class=org.apache.hadoop.http.lib.StaticUserWebFilter$StaticUserFilter) to context static
2023-02-16 22:43:25,224 [Listener at 127.0.0.1/42185] INFO  http.HttpServer2 (HttpServer2.java:addFilter(1015)) - Added filter static_user_filter (class=org.apache.hadoop.http.lib.StaticUserWebFilter$StaticUserFilter) to context logs
2023-02-16 22:43:25,225 [Listener at 127.0.0.1/42185] INFO  http.HttpServer2 (HttpServer2.java:bindListener(1250)) - Jetty bound to port 40805
2023-02-16 22:43:25,226 [Listener at 127.0.0.1/42185] INFO  server.Server (Server.java:doStart(375)) - jetty-9.4.49.v20220914; built: 2022-09-14T01:07:36.601Z; git: 4231a3b2e4cb8548a412a789936d640a97b1aa0a; jvm 1.8.0_362-b09
2023-02-16 22:43:25,228 [Listener at 127.0.0.1/42185] INFO  server.session (DefaultSessionIdManager.java:doStart(334)) - DefaultSessionIdManager workerName=node0
2023-02-16 22:43:25,228 [Listener at 127.0.0.1/42185] INFO  server.session (DefaultSessionIdManager.java:doStart(339)) - No SessionScavenger set, using defaults
2023-02-16 22:43:25,228 [Listener at 127.0.0.1/42185] INFO  server.session (HouseKeeper.java:startScavenging(132)) - node0 Scavenging every 660000ms
2023-02-16 22:43:25,229 [Listener at 127.0.0.1/42185] INFO  handler.ContextHandler (ContextHandler.java:doStart(921)) - Started o.e.j.s.ServletContextHandler@1a5814b0{logs,/logs,file:///home/runner/work/ozone/ozone/hadoop-ozone/integration-test/target/log,AVAILABLE}
2023-02-16 22:43:25,230 [Listener at 127.0.0.1/42185] INFO  handler.ContextHandler (ContextHandler.java:doStart(921)) - Started o.e.j.s.ServletContextHandler@4dba01ce{static,/static,jar:file:/home/runner/.m2/repository/org/apache/ozone/hdds-container-service/1.4.0-SNAPSHOT/hdds-container-service-1.4.0-SNAPSHOT.jar!/webapps/static,AVAILABLE}
2023-02-16 22:43:25,457 [Listener at 127.0.0.1/42185] INFO  handler.ContextHandler (ContextHandler.java:doStart(921)) - Started o.e.j.w.WebAppContext@6151a43a{hddsDatanode,/,file:///tmp/jetty-0_0_0_0-40805-hdds-container-service-1_4_0-SNAPSHOT_jar-_-any-6986059298433424309/webapp/,AVAILABLE}{jar:file:/home/runner/.m2/repository/org/apache/ozone/hdds-container-service/1.4.0-SNAPSHOT/hdds-container-service-1.4.0-SNAPSHOT.jar!/webapps/hddsDatanode}
2023-02-16 22:43:25,459 [Listener at 127.0.0.1/42185] INFO  server.AbstractConnector (AbstractConnector.java:doStart(333)) - Started ServerConnector@6dc50bc{HTTP/1.1, (http/1.1)}{0.0.0.0:40805}
2023-02-16 22:43:25,459 [Listener at 127.0.0.1/42185] INFO  server.Server (Server.java:doStart(415)) - Started @37256ms
2023-02-16 22:43:25,459 [Listener at 127.0.0.1/42185] WARN  impl.MetricsSystemImpl (MetricsSystemImpl.java:register(279)) - Sink prometheus already exists!
2023-02-16 22:43:25,460 [Listener at 127.0.0.1/42185] INFO  http.BaseHttpServer (BaseHttpServer.java:updateConnectorAddress(333)) - HTTP server of hddsDatanode listening at http://0.0.0.0:40805
2023-02-16 22:43:25,461 [Datanode State Machine Daemon Thread] INFO  statemachine.DatanodeStateMachine (DatanodeStateMachine.java:lambda$startDaemon$0(516)) - Ozone container server started.
2023-02-16 22:43:25,474 [org.apache.hadoop.util.JvmPauseMonitor$Monitor@5358be8a] INFO  util.JvmPauseMonitor (JvmPauseMonitor.java:run(188)) - Starting JVM pause monitor
2023-02-16 22:43:25,474 [Listener at 127.0.0.1/42185] INFO  ozone.MiniOzoneClusterImpl (MiniOzoneClusterImpl.java:lambda$waitForClusterToBeReady$0(218)) - Waiting for nodes to be ready. Got 0 of 5 DN Heartbeats.
2023-02-16 22:43:25,477 [Listener at 127.0.0.1/42185] INFO  ozone.MiniOzoneClusterImpl (MiniOzoneClusterImpl.java:lambda$waitForClusterToBeReady$0(221)) - Waiting for cluster to exit safe mode
2023-02-16 22:43:25,477 [Listener at 127.0.0.1/42185] INFO  ozone.MiniOzoneClusterImpl (MiniOzoneClusterImpl.java:lambda$waitForClusterToBeReady$0(223)) - SCM became leader
2023-02-16 22:43:25,476 [Datanode State Machine Task Thread - 0] INFO  datanode.InitDatanodeState (InitDatanodeState.java:persistContainerDatanodeDetails(138)) - DatanodeDetails is persisted to /home/runner/work/ozone/ozone/hadoop-ozone/integration-test/target/test-dir/MiniOzoneClusterImpl-40d1b4d0-2c8f-4763-9166-3e69b7713d06/datanode-4/meta/datanode.id
2023-02-16 22:43:25,809 [EndpointStateMachine task thread for /0.0.0.0:39503 - 0 ] INFO  utils.DatanodeStoreCache (DatanodeStoreCache.java:addDB(58)) - Added db /home/runner/work/ozone/ozone/hadoop-ozone/integration-test/target/test-dir/MiniOzoneClusterImpl-40d1b4d0-2c8f-4763-9166-3e69b7713d06/datanode-0/data-0/containers/hdds/40d1b4d0-2c8f-4763-9166-3e69b7713d06/DS-325c49fd-e26c-4f0b-801c-e9440df9ef8e/container.db to cache
2023-02-16 22:43:25,809 [EndpointStateMachine task thread for /0.0.0.0:39503 - 0 ] INFO  volume.HddsVolume (HddsVolume.java:createDbStore(331)) - SchemaV3 db is created and loaded at /home/runner/work/ozone/ozone/hadoop-ozone/integration-test/target/test-dir/MiniOzoneClusterImpl-40d1b4d0-2c8f-4763-9166-3e69b7713d06/datanode-0/data-0/containers/hdds/40d1b4d0-2c8f-4763-9166-3e69b7713d06/DS-325c49fd-e26c-4f0b-801c-e9440df9ef8e/container.db for volume DS-325c49fd-e26c-4f0b-801c-e9440df9ef8e
2023-02-16 22:43:25,810 [EndpointStateMachine task thread for /0.0.0.0:39503 - 0 ] INFO  ozoneimpl.OzoneContainer (OzoneContainer.java:start(398)) - Attempting to start container services.
2023-02-16 22:43:25,810 [EndpointStateMachine task thread for /0.0.0.0:39503 - 0 ] INFO  ozoneimpl.OzoneContainer (OzoneContainer.java:startContainerScrub(315)) - Scheduled background container scanners and the on-demand container scanner have been disabled.
2023-02-16 22:43:25,813 [EndpointStateMachine task thread for /0.0.0.0:39503 - 0 ] INFO  replication.ReplicationServer (ReplicationServer.java:start(109)) - ReplicationServer is started using port 37139
2023-02-16 22:43:25,814 [EndpointStateMachine task thread for /0.0.0.0:39503 - 0 ] INFO  ratis.XceiverServerRatis (XceiverServerRatis.java:start(518)) - Starting XceiverServerRatis 3e8a9429-e74a-4c7d-8972-bcaa764ec965
2023-02-16 22:43:25,815 [EndpointStateMachine task thread for /0.0.0.0:39503 - 0 ] INFO  server.RaftServer (RaftServerProxy.java:startImpl(393)) - 3e8a9429-e74a-4c7d-8972-bcaa764ec965: start RPC server
2023-02-16 22:43:25,818 [EndpointStateMachine task thread for /0.0.0.0:39503 - 0 ] INFO  server.GrpcService (GrpcService.java:startImpl(262)) - 3e8a9429-e74a-4c7d-8972-bcaa764ec965: GrpcService started, listening on 36365
2023-02-16 22:43:25,818 [EndpointStateMachine task thread for /0.0.0.0:39503 - 0 ] INFO  ratis.XceiverServerRatis (XceiverServerRatis.java:getRealPort(544)) - XceiverServerRatis 3e8a9429-e74a-4c7d-8972-bcaa764ec965 is started using port 36365 for RATIS
2023-02-16 22:43:25,819 [JvmPauseMonitor7] INFO  util.JvmPauseMonitor (JvmPauseMonitor.java:run(105)) - JvmPauseMonitor-3e8a9429-e74a-4c7d-8972-bcaa764ec965: Started
2023-02-16 22:43:25,819 [EndpointStateMachine task thread for /0.0.0.0:39503 - 0 ] INFO  ratis.XceiverServerRatis (XceiverServerRatis.java:getRealPort(544)) - XceiverServerRatis 3e8a9429-e74a-4c7d-8972-bcaa764ec965 is started using port 36365 for RATIS_ADMIN
2023-02-16 22:43:25,819 [EndpointStateMachine task thread for /0.0.0.0:39503 - 0 ] INFO  ratis.XceiverServerRatis (XceiverServerRatis.java:getRealPort(544)) - XceiverServerRatis 3e8a9429-e74a-4c7d-8972-bcaa764ec965 is started using port 36365 for RATIS_SERVER
2023-02-16 22:43:25,819 [EndpointStateMachine task thread for /0.0.0.0:39503 - 0 ] INFO  ratis.XceiverServerRatis (XceiverServerRatis.java:getRealPort(544)) - XceiverServerRatis 3e8a9429-e74a-4c7d-8972-bcaa764ec965 is started using port 39593 for RATIS_DATASTREAM
2023-02-16 22:43:25,831 [EndpointStateMachine task thread for /0.0.0.0:39503 - 0 ] INFO  server.XceiverServerGrpc (XceiverServerGrpc.java:start(180)) - XceiverServerGrpc 3e8a9429-e74a-4c7d-8972-bcaa764ec965 is started using port 37309
2023-02-16 22:43:26,242 [EndpointStateMachine task thread for /0.0.0.0:39503 - 0 ] INFO  utils.DatanodeStoreCache (DatanodeStoreCache.java:addDB(58)) - Added db /home/runner/work/ozone/ozone/hadoop-ozone/integration-test/target/test-dir/MiniOzoneClusterImpl-40d1b4d0-2c8f-4763-9166-3e69b7713d06/datanode-1/data-0/containers/hdds/40d1b4d0-2c8f-4763-9166-3e69b7713d06/DS-56b4a862-747f-4676-be8f-1bc6ba3d7a62/container.db to cache
2023-02-16 22:43:26,242 [EndpointStateMachine task thread for /0.0.0.0:39503 - 0 ] INFO  volume.HddsVolume (HddsVolume.java:createDbStore(331)) - SchemaV3 db is created and loaded at /home/runner/work/ozone/ozone/hadoop-ozone/integration-test/target/test-dir/MiniOzoneClusterImpl-40d1b4d0-2c8f-4763-9166-3e69b7713d06/datanode-1/data-0/containers/hdds/40d1b4d0-2c8f-4763-9166-3e69b7713d06/DS-56b4a862-747f-4676-be8f-1bc6ba3d7a62/container.db for volume DS-56b4a862-747f-4676-be8f-1bc6ba3d7a62
2023-02-16 22:43:26,243 [EndpointStateMachine task thread for /0.0.0.0:39503 - 0 ] INFO  ozoneimpl.OzoneContainer (OzoneContainer.java:start(398)) - Attempting to start container services.
2023-02-16 22:43:26,243 [EndpointStateMachine task thread for /0.0.0.0:39503 - 0 ] INFO  ozoneimpl.OzoneContainer (OzoneContainer.java:startContainerScrub(315)) - Scheduled background container scanners and the on-demand container scanner have been disabled.
2023-02-16 22:43:26,245 [EndpointStateMachine task thread for /0.0.0.0:39503 - 0 ] INFO  replication.ReplicationServer (ReplicationServer.java:start(109)) - ReplicationServer is started using port 40723
2023-02-16 22:43:26,246 [EndpointStateMachine task thread for /0.0.0.0:39503 - 0 ] INFO  ratis.XceiverServerRatis (XceiverServerRatis.java:start(518)) - Starting XceiverServerRatis 3344520a-2062-4b5f-b8c2-e6a9091bb895
2023-02-16 22:43:26,246 [EndpointStateMachine task thread for /0.0.0.0:39503 - 0 ] INFO  server.RaftServer (RaftServerProxy.java:startImpl(393)) - 3344520a-2062-4b5f-b8c2-e6a9091bb895: start RPC server
2023-02-16 22:43:26,247 [EndpointStateMachine task thread for /0.0.0.0:39503 - 0 ] INFO  server.GrpcService (GrpcService.java:startImpl(262)) - 3344520a-2062-4b5f-b8c2-e6a9091bb895: GrpcService started, listening on 39317
2023-02-16 22:43:26,248 [EndpointStateMachine task thread for /0.0.0.0:39503 - 0 ] INFO  ratis.XceiverServerRatis (XceiverServerRatis.java:getRealPort(544)) - XceiverServerRatis 3344520a-2062-4b5f-b8c2-e6a9091bb895 is started using port 39317 for RATIS
2023-02-16 22:43:26,248 [JvmPauseMonitor8] INFO  util.JvmPauseMonitor (JvmPauseMonitor.java:run(105)) - JvmPauseMonitor-3344520a-2062-4b5f-b8c2-e6a9091bb895: Started
2023-02-16 22:43:26,248 [EndpointStateMachine task thread for /0.0.0.0:39503 - 0 ] INFO  ratis.XceiverServerRatis (XceiverServerRatis.java:getRealPort(544)) - XceiverServerRatis 3344520a-2062-4b5f-b8c2-e6a9091bb895 is started using port 39317 for RATIS_ADMIN
2023-02-16 22:43:26,248 [EndpointStateMachine task thread for /0.0.0.0:39503 - 0 ] INFO  ratis.XceiverServerRatis (XceiverServerRatis.java:getRealPort(544)) - XceiverServerRatis 3344520a-2062-4b5f-b8c2-e6a9091bb895 is started using port 39317 for RATIS_SERVER
2023-02-16 22:43:26,248 [EndpointStateMachine task thread for /0.0.0.0:39503 - 0 ] INFO  ratis.XceiverServerRatis (XceiverServerRatis.java:getRealPort(544)) - XceiverServerRatis 3344520a-2062-4b5f-b8c2-e6a9091bb895 is started using port 34361 for RATIS_DATASTREAM
2023-02-16 22:43:26,253 [EndpointStateMachine task thread for /0.0.0.0:39503 - 0 ] INFO  server.XceiverServerGrpc (XceiverServerGrpc.java:start(180)) - XceiverServerGrpc 3344520a-2062-4b5f-b8c2-e6a9091bb895 is started using port 41217
2023-02-16 22:43:26,478 [Listener at 127.0.0.1/42185] INFO  ozone.MiniOzoneClusterImpl (MiniOzoneClusterImpl.java:lambda$waitForClusterToBeReady$0(218)) - Waiting for nodes to be ready. Got 0 of 5 DN Heartbeats.
2023-02-16 22:43:26,478 [Listener at 127.0.0.1/42185] INFO  ozone.MiniOzoneClusterImpl (MiniOzoneClusterImpl.java:lambda$waitForClusterToBeReady$0(221)) - Waiting for cluster to exit safe mode
2023-02-16 22:43:26,478 [Listener at 127.0.0.1/42185] INFO  ozone.MiniOzoneClusterImpl (MiniOzoneClusterImpl.java:lambda$waitForClusterToBeReady$0(223)) - SCM became leader
2023-02-16 22:43:26,675 [EndpointStateMachine task thread for /0.0.0.0:39503 - 0 ] INFO  utils.DatanodeStoreCache (DatanodeStoreCache.java:addDB(58)) - Added db /home/runner/work/ozone/ozone/hadoop-ozone/integration-test/target/test-dir/MiniOzoneClusterImpl-40d1b4d0-2c8f-4763-9166-3e69b7713d06/datanode-2/data-0/containers/hdds/40d1b4d0-2c8f-4763-9166-3e69b7713d06/DS-3fcf6033-92b2-4546-b4b7-10a88f3695bb/container.db to cache
2023-02-16 22:43:26,675 [EndpointStateMachine task thread for /0.0.0.0:39503 - 0 ] INFO  volume.HddsVolume (HddsVolume.java:createDbStore(331)) - SchemaV3 db is created and loaded at /home/runner/work/ozone/ozone/hadoop-ozone/integration-test/target/test-dir/MiniOzoneClusterImpl-40d1b4d0-2c8f-4763-9166-3e69b7713d06/datanode-2/data-0/containers/hdds/40d1b4d0-2c8f-4763-9166-3e69b7713d06/DS-3fcf6033-92b2-4546-b4b7-10a88f3695bb/container.db for volume DS-3fcf6033-92b2-4546-b4b7-10a88f3695bb
2023-02-16 22:43:26,675 [EndpointStateMachine task thread for /0.0.0.0:39503 - 0 ] INFO  ozoneimpl.OzoneContainer (OzoneContainer.java:start(398)) - Attempting to start container services.
2023-02-16 22:43:26,675 [EndpointStateMachine task thread for /0.0.0.0:39503 - 0 ] INFO  ozoneimpl.OzoneContainer (OzoneContainer.java:startContainerScrub(315)) - Scheduled background container scanners and the on-demand container scanner have been disabled.
2023-02-16 22:43:26,678 [EndpointStateMachine task thread for /0.0.0.0:39503 - 0 ] INFO  replication.ReplicationServer (ReplicationServer.java:start(109)) - ReplicationServer is started using port 41173
2023-02-16 22:43:26,679 [EndpointStateMachine task thread for /0.0.0.0:39503 - 0 ] INFO  ratis.XceiverServerRatis (XceiverServerRatis.java:start(518)) - Starting XceiverServerRatis d5431bb7-4da0-4de3-8e42-f94aec5e63a8
2023-02-16 22:43:26,680 [EndpointStateMachine task thread for /0.0.0.0:39503 - 0 ] INFO  server.RaftServer (RaftServerProxy.java:startImpl(393)) - d5431bb7-4da0-4de3-8e42-f94aec5e63a8: start RPC server
2023-02-16 22:43:26,681 [EndpointStateMachine task thread for /0.0.0.0:39503 - 0 ] INFO  server.GrpcService (GrpcService.java:startImpl(262)) - d5431bb7-4da0-4de3-8e42-f94aec5e63a8: GrpcService started, listening on 35497
2023-02-16 22:43:26,681 [EndpointStateMachine task thread for /0.0.0.0:39503 - 0 ] INFO  ratis.XceiverServerRatis (XceiverServerRatis.java:getRealPort(544)) - XceiverServerRatis d5431bb7-4da0-4de3-8e42-f94aec5e63a8 is started using port 35497 for RATIS
2023-02-16 22:43:26,681 [EndpointStateMachine task thread for /0.0.0.0:39503 - 0 ] INFO  ratis.XceiverServerRatis (XceiverServerRatis.java:getRealPort(544)) - XceiverServerRatis d5431bb7-4da0-4de3-8e42-f94aec5e63a8 is started using port 35497 for RATIS_ADMIN
2023-02-16 22:43:26,681 [EndpointStateMachine task thread for /0.0.0.0:39503 - 0 ] INFO  ratis.XceiverServerRatis (XceiverServerRatis.java:getRealPort(544)) - XceiverServerRatis d5431bb7-4da0-4de3-8e42-f94aec5e63a8 is started using port 35497 for RATIS_SERVER
2023-02-16 22:43:26,681 [EndpointStateMachine task thread for /0.0.0.0:39503 - 0 ] INFO  ratis.XceiverServerRatis (XceiverServerRatis.java:getRealPort(544)) - XceiverServerRatis d5431bb7-4da0-4de3-8e42-f94aec5e63a8 is started using port 43737 for RATIS_DATASTREAM
2023-02-16 22:43:26,682 [JvmPauseMonitor9] INFO  util.JvmPauseMonitor (JvmPauseMonitor.java:run(105)) - JvmPauseMonitor-d5431bb7-4da0-4de3-8e42-f94aec5e63a8: Started
2023-02-16 22:43:26,685 [EndpointStateMachine task thread for /0.0.0.0:39503 - 0 ] INFO  server.XceiverServerGrpc (XceiverServerGrpc.java:start(180)) - XceiverServerGrpc d5431bb7-4da0-4de3-8e42-f94aec5e63a8 is started using port 43249
2023-02-16 22:43:27,107 [EndpointStateMachine task thread for /0.0.0.0:39503 - 0 ] INFO  utils.DatanodeStoreCache (DatanodeStoreCache.java:addDB(58)) - Added db /home/runner/work/ozone/ozone/hadoop-ozone/integration-test/target/test-dir/MiniOzoneClusterImpl-40d1b4d0-2c8f-4763-9166-3e69b7713d06/datanode-3/data-0/containers/hdds/40d1b4d0-2c8f-4763-9166-3e69b7713d06/DS-7bcf6113-7ac3-48bd-b4c8-1be2711f100e/container.db to cache
2023-02-16 22:43:27,107 [EndpointStateMachine task thread for /0.0.0.0:39503 - 0 ] INFO  volume.HddsVolume (HddsVolume.java:createDbStore(331)) - SchemaV3 db is created and loaded at /home/runner/work/ozone/ozone/hadoop-ozone/integration-test/target/test-dir/MiniOzoneClusterImpl-40d1b4d0-2c8f-4763-9166-3e69b7713d06/datanode-3/data-0/containers/hdds/40d1b4d0-2c8f-4763-9166-3e69b7713d06/DS-7bcf6113-7ac3-48bd-b4c8-1be2711f100e/container.db for volume DS-7bcf6113-7ac3-48bd-b4c8-1be2711f100e
2023-02-16 22:43:27,107 [EndpointStateMachine task thread for /0.0.0.0:39503 - 0 ] INFO  ozoneimpl.OzoneContainer (OzoneContainer.java:start(398)) - Attempting to start container services.
2023-02-16 22:43:27,107 [EndpointStateMachine task thread for /0.0.0.0:39503 - 0 ] INFO  ozoneimpl.OzoneContainer (OzoneContainer.java:startContainerScrub(315)) - Scheduled background container scanners and the on-demand container scanner have been disabled.
2023-02-16 22:43:27,109 [EndpointStateMachine task thread for /0.0.0.0:39503 - 0 ] INFO  replication.ReplicationServer (ReplicationServer.java:start(109)) - ReplicationServer is started using port 36555
2023-02-16 22:43:27,110 [EndpointStateMachine task thread for /0.0.0.0:39503 - 0 ] INFO  ratis.XceiverServerRatis (XceiverServerRatis.java:start(518)) - Starting XceiverServerRatis c1d13929-a343-48c2-a26f-f823071f7287
2023-02-16 22:43:27,110 [EndpointStateMachine task thread for /0.0.0.0:39503 - 0 ] INFO  server.RaftServer (RaftServerProxy.java:startImpl(393)) - c1d13929-a343-48c2-a26f-f823071f7287: start RPC server
2023-02-16 22:43:27,111 [EndpointStateMachine task thread for /0.0.0.0:39503 - 0 ] INFO  server.GrpcService (GrpcService.java:startImpl(262)) - c1d13929-a343-48c2-a26f-f823071f7287: GrpcService started, listening on 36269
2023-02-16 22:43:27,112 [EndpointStateMachine task thread for /0.0.0.0:39503 - 0 ] INFO  ratis.XceiverServerRatis (XceiverServerRatis.java:getRealPort(544)) - XceiverServerRatis c1d13929-a343-48c2-a26f-f823071f7287 is started using port 36269 for RATIS
2023-02-16 22:43:27,112 [EndpointStateMachine task thread for /0.0.0.0:39503 - 0 ] INFO  ratis.XceiverServerRatis (XceiverServerRatis.java:getRealPort(544)) - XceiverServerRatis c1d13929-a343-48c2-a26f-f823071f7287 is started using port 36269 for RATIS_ADMIN
2023-02-16 22:43:27,112 [EndpointStateMachine task thread for /0.0.0.0:39503 - 0 ] INFO  ratis.XceiverServerRatis (XceiverServerRatis.java:getRealPort(544)) - XceiverServerRatis c1d13929-a343-48c2-a26f-f823071f7287 is started using port 36269 for RATIS_SERVER
2023-02-16 22:43:27,112 [EndpointStateMachine task thread for /0.0.0.0:39503 - 0 ] INFO  ratis.XceiverServerRatis (XceiverServerRatis.java:getRealPort(544)) - XceiverServerRatis c1d13929-a343-48c2-a26f-f823071f7287 is started using port 32815 for RATIS_DATASTREAM
2023-02-16 22:43:27,112 [JvmPauseMonitor10] INFO  util.JvmPauseMonitor (JvmPauseMonitor.java:run(105)) - JvmPauseMonitor-c1d13929-a343-48c2-a26f-f823071f7287: Started
2023-02-16 22:43:27,113 [EndpointStateMachine task thread for /0.0.0.0:39503 - 0 ] INFO  server.XceiverServerGrpc (XceiverServerGrpc.java:start(180)) - XceiverServerGrpc c1d13929-a343-48c2-a26f-f823071f7287 is started using port 39153
2023-02-16 22:43:27,479 [Listener at 127.0.0.1/42185] INFO  ozone.MiniOzoneClusterImpl (MiniOzoneClusterImpl.java:lambda$waitForClusterToBeReady$0(218)) - Waiting for nodes to be ready. Got 0 of 5 DN Heartbeats.
2023-02-16 22:43:27,479 [Listener at 127.0.0.1/42185] INFO  ozone.MiniOzoneClusterImpl (MiniOzoneClusterImpl.java:lambda$waitForClusterToBeReady$0(221)) - Waiting for cluster to exit safe mode
2023-02-16 22:43:27,479 [Listener at 127.0.0.1/42185] INFO  ozone.MiniOzoneClusterImpl (MiniOzoneClusterImpl.java:lambda$waitForClusterToBeReady$0(223)) - SCM became leader
2023-02-16 22:43:27,530 [EndpointStateMachine task thread for /0.0.0.0:39503 - 0 ] INFO  utils.DatanodeStoreCache (DatanodeStoreCache.java:addDB(58)) - Added db /home/runner/work/ozone/ozone/hadoop-ozone/integration-test/target/test-dir/MiniOzoneClusterImpl-40d1b4d0-2c8f-4763-9166-3e69b7713d06/datanode-4/data-0/containers/hdds/40d1b4d0-2c8f-4763-9166-3e69b7713d06/DS-50bd85af-97db-45b7-a9d7-42b5d7410e2e/container.db to cache
2023-02-16 22:43:27,530 [EndpointStateMachine task thread for /0.0.0.0:39503 - 0 ] INFO  volume.HddsVolume (HddsVolume.java:createDbStore(331)) - SchemaV3 db is created and loaded at /home/runner/work/ozone/ozone/hadoop-ozone/integration-test/target/test-dir/MiniOzoneClusterImpl-40d1b4d0-2c8f-4763-9166-3e69b7713d06/datanode-4/data-0/containers/hdds/40d1b4d0-2c8f-4763-9166-3e69b7713d06/DS-50bd85af-97db-45b7-a9d7-42b5d7410e2e/container.db for volume DS-50bd85af-97db-45b7-a9d7-42b5d7410e2e
2023-02-16 22:43:27,531 [EndpointStateMachine task thread for /0.0.0.0:39503 - 0 ] INFO  ozoneimpl.OzoneContainer (OzoneContainer.java:start(398)) - Attempting to start container services.
2023-02-16 22:43:27,531 [EndpointStateMachine task thread for /0.0.0.0:39503 - 0 ] INFO  ozoneimpl.OzoneContainer (OzoneContainer.java:startContainerScrub(315)) - Scheduled background container scanners and the on-demand container scanner have been disabled.
2023-02-16 22:43:27,533 [EndpointStateMachine task thread for /0.0.0.0:39503 - 0 ] INFO  replication.ReplicationServer (ReplicationServer.java:start(109)) - ReplicationServer is started using port 45409
2023-02-16 22:43:27,534 [EndpointStateMachine task thread for /0.0.0.0:39503 - 0 ] INFO  ratis.XceiverServerRatis (XceiverServerRatis.java:start(518)) - Starting XceiverServerRatis 7d73eab0-7685-47af-ac2a-3812ca7ecedf
2023-02-16 22:43:27,534 [EndpointStateMachine task thread for /0.0.0.0:39503 - 0 ] INFO  server.RaftServer (RaftServerProxy.java:startImpl(393)) - 7d73eab0-7685-47af-ac2a-3812ca7ecedf: start RPC server
2023-02-16 22:43:27,535 [EndpointStateMachine task thread for /0.0.0.0:39503 - 0 ] INFO  server.GrpcService (GrpcService.java:startImpl(262)) - 7d73eab0-7685-47af-ac2a-3812ca7ecedf: GrpcService started, listening on 42157
2023-02-16 22:43:27,536 [EndpointStateMachine task thread for /0.0.0.0:39503 - 0 ] INFO  ratis.XceiverServerRatis (XceiverServerRatis.java:getRealPort(544)) - XceiverServerRatis 7d73eab0-7685-47af-ac2a-3812ca7ecedf is started using port 42157 for RATIS
2023-02-16 22:43:27,536 [JvmPauseMonitor11] INFO  util.JvmPauseMonitor (JvmPauseMonitor.java:run(105)) - JvmPauseMonitor-7d73eab0-7685-47af-ac2a-3812ca7ecedf: Started
2023-02-16 22:43:27,536 [EndpointStateMachine task thread for /0.0.0.0:39503 - 0 ] INFO  ratis.XceiverServerRatis (XceiverServerRatis.java:getRealPort(544)) - XceiverServerRatis 7d73eab0-7685-47af-ac2a-3812ca7ecedf is started using port 42157 for RATIS_ADMIN
2023-02-16 22:43:27,536 [EndpointStateMachine task thread for /0.0.0.0:39503 - 0 ] INFO  ratis.XceiverServerRatis (XceiverServerRatis.java:getRealPort(544)) - XceiverServerRatis 7d73eab0-7685-47af-ac2a-3812ca7ecedf is started using port 42157 for RATIS_SERVER
2023-02-16 22:43:27,536 [EndpointStateMachine task thread for /0.0.0.0:39503 - 0 ] INFO  ratis.XceiverServerRatis (XceiverServerRatis.java:getRealPort(544)) - XceiverServerRatis 7d73eab0-7685-47af-ac2a-3812ca7ecedf is started using port 45849 for RATIS_DATASTREAM
2023-02-16 22:43:27,541 [EndpointStateMachine task thread for /0.0.0.0:39503 - 0 ] INFO  server.XceiverServerGrpc (XceiverServerGrpc.java:start(180)) - XceiverServerGrpc 7d73eab0-7685-47af-ac2a-3812ca7ecedf is started using port 37367
2023-02-16 22:43:27,750 [IPC Server handler 2 on default port 39503] INFO  net.NetworkTopologyImpl (NetworkTopologyImpl.java:add(112)) - Added a new node: /default-rack/3e8a9429-e74a-4c7d-8972-bcaa764ec965
2023-02-16 22:43:27,750 [IPC Server handler 2 on default port 39503] INFO  node.SCMNodeManager (SCMNodeManager.java:register(397)) - Registered Data node : 3e8a9429-e74a-4c7d-8972-bcaa764ec965{ip: 10.1.0.43, host: fv-az571-511, ports: [REPLICATION=37139, RATIS=36365, RATIS_ADMIN=36365, RATIS_SERVER=36365, RATIS_DATASTREAM=39593, STANDALONE=37309], networkLocation: /default-rack, certSerialId: null, persistedOpState: null, persistedOpStateExpiryEpochSec: 0}
2023-02-16 22:43:27,763 [EventQueue-NodeRegistrationContainerReportForContainerSafeModeRule] INFO  safemode.SCMSafeModeManager (SCMSafeModeManager.java:validateSafeModeExitRules(200)) - ContainerSafeModeRule rule is successfully validated
2023-02-16 22:43:27,763 [EventQueue-NodeRegistrationContainerReportForDataNodeSafeModeRule] INFO  safemode.SCMSafeModeManager (DataNodeSafeModeRule.java:process(71)) - SCM in safe mode. 1 DataNodes registered, 3 required.
2023-02-16 22:43:27,765 [EventQueue-PipelineReportForOneReplicaPipelineSafeModeRule] INFO  safemode.SCMSafeModeManager (SCMSafeModeManager.java:validateSafeModeExitRules(200)) - AtleastOneDatanodeReportedRule rule is successfully validated
2023-02-16 22:43:27,766 [EventQueue-NewNodeForNewNodeHandler] INFO  pipeline.BackgroundPipelineCreator (BackgroundPipelineCreator.java:notifyEventTriggered(276)) - trigger a one-shot run on RatisPipelineUtilsThread.
2023-02-16 22:43:27,766 [RatisPipelineUtilsThread - 0] INFO  pipeline.RatisPipelineProvider (RatisPipelineProvider.java:lambda$create$0(206)) - Sending CreatePipelineCommand for pipeline:PipelineID=f7218c15-33d7-411f-a736-f3549a068e36 to datanode:3e8a9429-e74a-4c7d-8972-bcaa764ec965
2023-02-16 22:43:27,767 [RatisPipelineUtilsThread - 0] INFO  pipeline.PipelineStateManagerImpl (PipelineStateManagerImpl.java:addPipeline(103)) - Created pipeline Pipeline[ Id: f7218c15-33d7-411f-a736-f3549a068e36, Nodes: 3e8a9429-e74a-4c7d-8972-bcaa764ec965(fv-az571-511/10.1.0.43), ReplicationConfig: RATIS/ONE, State:ALLOCATED, leaderId:, CreationTimestamp2023-02-16T22:43:27.766Z[Etc/UTC]].
2023-02-16 22:43:28,184 [IPC Server handler 3 on default port 39503] INFO  net.NetworkTopologyImpl (NetworkTopologyImpl.java:add(112)) - Added a new node: /default-rack/3344520a-2062-4b5f-b8c2-e6a9091bb895
2023-02-16 22:43:28,185 [IPC Server handler 3 on default port 39503] INFO  node.SCMNodeManager (SCMNodeManager.java:register(397)) - Registered Data node : 3344520a-2062-4b5f-b8c2-e6a9091bb895{ip: 10.1.0.43, host: fv-az571-511, ports: [REPLICATION=40723, RATIS=39317, RATIS_ADMIN=39317, RATIS_SERVER=39317, RATIS_DATASTREAM=34361, STANDALONE=41217], networkLocation: /default-rack, certSerialId: null, persistedOpState: null, persistedOpStateExpiryEpochSec: 0}
2023-02-16 22:43:28,185 [EventQueue-NewNodeForNewNodeHandler] INFO  pipeline.BackgroundPipelineCreator (BackgroundPipelineCreator.java:notifyEventTriggered(276)) - trigger a one-shot run on RatisPipelineUtilsThread.
2023-02-16 22:43:28,185 [EventQueue-NodeRegistrationContainerReportForDataNodeSafeModeRule] INFO  safemode.SCMSafeModeManager (DataNodeSafeModeRule.java:process(71)) - SCM in safe mode. 2 DataNodes registered, 3 required.
2023-02-16 22:43:28,187 [RatisPipelineUtilsThread - 0] INFO  pipeline.RatisPipelineProvider (RatisPipelineProvider.java:lambda$create$0(206)) - Sending CreatePipelineCommand for pipeline:PipelineID=3eda4739-f305-4826-bacb-58ae03eff0af to datanode:3344520a-2062-4b5f-b8c2-e6a9091bb895
2023-02-16 22:43:28,187 [RatisPipelineUtilsThread - 0] INFO  pipeline.PipelineStateManagerImpl (PipelineStateManagerImpl.java:addPipeline(103)) - Created pipeline Pipeline[ Id: 3eda4739-f305-4826-bacb-58ae03eff0af, Nodes: 3344520a-2062-4b5f-b8c2-e6a9091bb895(fv-az571-511/10.1.0.43), ReplicationConfig: RATIS/ONE, State:ALLOCATED, leaderId:, CreationTimestamp2023-02-16T22:43:28.187Z[Etc/UTC]].
2023-02-16 22:43:28,479 [Listener at 127.0.0.1/42185] INFO  ozone.MiniOzoneClusterImpl (MiniOzoneClusterImpl.java:lambda$waitForClusterToBeReady$0(218)) - Waiting for nodes to be ready. Got 2 of 5 DN Heartbeats.
2023-02-16 22:43:28,480 [Listener at 127.0.0.1/42185] INFO  ozone.MiniOzoneClusterImpl (MiniOzoneClusterImpl.java:lambda$waitForClusterToBeReady$0(221)) - Waiting for cluster to exit safe mode
2023-02-16 22:43:28,480 [Listener at 127.0.0.1/42185] INFO  ozone.MiniOzoneClusterImpl (MiniOzoneClusterImpl.java:lambda$waitForClusterToBeReady$0(223)) - SCM became leader
2023-02-16 22:43:28,617 [IPC Server handler 2 on default port 39503] INFO  net.NetworkTopologyImpl (NetworkTopologyImpl.java:add(112)) - Added a new node: /default-rack/d5431bb7-4da0-4de3-8e42-f94aec5e63a8
2023-02-16 22:43:28,617 [IPC Server handler 2 on default port 39503] INFO  node.SCMNodeManager (SCMNodeManager.java:register(397)) - Registered Data node : d5431bb7-4da0-4de3-8e42-f94aec5e63a8{ip: 10.1.0.43, host: fv-az571-511, ports: [REPLICATION=41173, RATIS=35497, RATIS_ADMIN=35497, RATIS_SERVER=35497, RATIS_DATASTREAM=43737, STANDALONE=43249], networkLocation: /default-rack, certSerialId: null, persistedOpState: null, persistedOpStateExpiryEpochSec: 0}
2023-02-16 22:43:28,618 [EventQueue-NewNodeForNewNodeHandler] INFO  pipeline.BackgroundPipelineCreator (BackgroundPipelineCreator.java:notifyEventTriggered(276)) - trigger a one-shot run on RatisPipelineUtilsThread.
2023-02-16 22:43:28,619 [RatisPipelineUtilsThread - 0] INFO  pipeline.RatisPipelineProvider (RatisPipelineProvider.java:lambda$create$0(206)) - Sending CreatePipelineCommand for pipeline:PipelineID=b3d05ffa-3db8-4bd5-a982-7e208035207e to datanode:d5431bb7-4da0-4de3-8e42-f94aec5e63a8
2023-02-16 22:43:28,619 [EventQueue-NodeRegistrationContainerReportForDataNodeSafeModeRule] INFO  safemode.SCMSafeModeManager (DataNodeSafeModeRule.java:process(71)) - SCM in safe mode. 3 DataNodes registered, 3 required.
2023-02-16 22:43:28,619 [EventQueue-NodeRegistrationContainerReportForDataNodeSafeModeRule] INFO  safemode.SCMSafeModeManager (SCMSafeModeManager.java:validateSafeModeExitRules(200)) - DataNodeSafeModeRule rule is successfully validated
2023-02-16 22:43:28,619 [EventQueue-NodeRegistrationContainerReportForDataNodeSafeModeRule] INFO  safemode.SCMSafeModeManager (SCMSafeModeManager.java:completePreCheck(229)) - All SCM safe mode pre check rules have passed
2023-02-16 22:43:28,619 [EventQueue-NodeRegistrationContainerReportForDataNodeSafeModeRule] INFO  ha.SCMContext (SCMContext.java:updateSafeModeStatus(228)) - Update SafeModeStatus from SafeModeStatus{safeModeStatus=true, preCheckPassed=false} to SafeModeStatus{safeModeStatus=true, preCheckPassed=true}.
2023-02-16 22:43:28,619 [EventQueue-NodeRegistrationContainerReportForDataNodeSafeModeRule] INFO  pipeline.BackgroundPipelineCreator (BackgroundPipelineCreator.java:notifyEventTriggered(276)) - trigger a one-shot run on RatisPipelineUtilsThread.
2023-02-16 22:43:28,619 [RatisPipelineUtilsThread - 0] INFO  pipeline.PipelineStateManagerImpl (PipelineStateManagerImpl.java:addPipeline(103)) - Created pipeline Pipeline[ Id: b3d05ffa-3db8-4bd5-a982-7e208035207e, Nodes: d5431bb7-4da0-4de3-8e42-f94aec5e63a8(fv-az571-511/10.1.0.43), ReplicationConfig: RATIS/ONE, State:ALLOCATED, leaderId:, CreationTimestamp2023-02-16T22:43:28.619Z[Etc/UTC]].
2023-02-16 22:43:28,620 [RatisPipelineUtilsThread - 0] INFO  pipeline.RatisPipelineProvider (RatisPipelineProvider.java:lambda$create$0(206)) - Sending CreatePipelineCommand for pipeline:PipelineID=cb7a3606-01d7-44a7-894a-b909ef32902f to datanode:3344520a-2062-4b5f-b8c2-e6a9091bb895
2023-02-16 22:43:28,620 [RatisPipelineUtilsThread - 0] INFO  pipeline.RatisPipelineProvider (RatisPipelineProvider.java:lambda$create$0(206)) - Sending CreatePipelineCommand for pipeline:PipelineID=cb7a3606-01d7-44a7-894a-b909ef32902f to datanode:3e8a9429-e74a-4c7d-8972-bcaa764ec965
2023-02-16 22:43:28,620 [RatisPipelineUtilsThread - 0] INFO  pipeline.RatisPipelineProvider (RatisPipelineProvider.java:lambda$create$0(206)) - Sending CreatePipelineCommand for pipeline:PipelineID=cb7a3606-01d7-44a7-894a-b909ef32902f to datanode:d5431bb7-4da0-4de3-8e42-f94aec5e63a8
2023-02-16 22:43:28,621 [RatisPipelineUtilsThread - 0] INFO  pipeline.PipelineStateManagerImpl (PipelineStateManagerImpl.java:addPipeline(103)) - Created pipeline Pipeline[ Id: cb7a3606-01d7-44a7-894a-b909ef32902f, Nodes: 3344520a-2062-4b5f-b8c2-e6a9091bb895(fv-az571-511/10.1.0.43)3e8a9429-e74a-4c7d-8972-bcaa764ec965(fv-az571-511/10.1.0.43)d5431bb7-4da0-4de3-8e42-f94aec5e63a8(fv-az571-511/10.1.0.43), ReplicationConfig: RATIS/THREE, State:ALLOCATED, leaderId:, CreationTimestamp2023-02-16T22:43:28.620Z[Etc/UTC]].
2023-02-16 22:43:28,622 [RatisPipelineUtilsThread - 0] INFO  pipeline.RatisPipelineProvider (RatisPipelineProvider.java:lambda$create$0(206)) - Sending CreatePipelineCommand for pipeline:PipelineID=525e2fff-37a4-4418-916d-49033bb25431 to datanode:3344520a-2062-4b5f-b8c2-e6a9091bb895
2023-02-16 22:43:28,622 [RatisPipelineUtilsThread - 0] INFO  pipeline.RatisPipelineProvider (RatisPipelineProvider.java:lambda$create$0(206)) - Sending CreatePipelineCommand for pipeline:PipelineID=525e2fff-37a4-4418-916d-49033bb25431 to datanode:3e8a9429-e74a-4c7d-8972-bcaa764ec965
2023-02-16 22:43:28,622 [RatisPipelineUtilsThread - 0] INFO  pipeline.RatisPipelineProvider (RatisPipelineProvider.java:lambda$create$0(206)) - Sending CreatePipelineCommand for pipeline:PipelineID=525e2fff-37a4-4418-916d-49033bb25431 to datanode:d5431bb7-4da0-4de3-8e42-f94aec5e63a8
2023-02-16 22:43:28,622 [RatisPipelineUtilsThread - 0] INFO  pipeline.PipelineStateManagerImpl (PipelineStateManagerImpl.java:addPipeline(103)) - Created pipeline Pipeline[ Id: 525e2fff-37a4-4418-916d-49033bb25431, Nodes: 3344520a-2062-4b5f-b8c2-e6a9091bb895(fv-az571-511/10.1.0.43)3e8a9429-e74a-4c7d-8972-bcaa764ec965(fv-az571-511/10.1.0.43)d5431bb7-4da0-4de3-8e42-f94aec5e63a8(fv-az571-511/10.1.0.43), ReplicationConfig: RATIS/THREE, State:ALLOCATED, leaderId:, CreationTimestamp2023-02-16T22:43:28.622Z[Etc/UTC]].
2023-02-16 22:43:28,623 [RatisPipelineUtilsThread - 0] INFO  pipeline.PipelineManagerImpl (PipelineManagerImpl.java:recordMetricsForPipeline(826)) - Pipeline: PipelineID=525e2fff-37a4-4418-916d-49033bb25431 contains same datanodes as previous pipelines: PipelineID=cb7a3606-01d7-44a7-894a-b909ef32902f nodeIds: 3344520a-2062-4b5f-b8c2-e6a9091bb895, 3e8a9429-e74a-4c7d-8972-bcaa764ec965, d5431bb7-4da0-4de3-8e42-f94aec5e63a8
2023-02-16 22:43:28,623 [RatisPipelineUtilsThread - 0] WARN  pipeline.PipelinePlacementPolicy (PipelinePlacementPolicy.java:filterViableNodes(158)) - Pipeline creation failed due to no sufficient healthy datanodes. Required 3. Found 0.
2023-02-16 22:43:28,624 [RatisPipelineUtilsThread - 0] WARN  pipeline.PipelinePlacementPolicy (PipelinePlacementPolicy.java:filterViableNodes(158)) - Pipeline creation failed due to no sufficient healthy datanodes. Required 3. Found 0.
2023-02-16 22:43:29,051 [IPC Server handler 3 on default port 39503] INFO  net.NetworkTopologyImpl (NetworkTopologyImpl.java:add(112)) - Added a new node: /default-rack/c1d13929-a343-48c2-a26f-f823071f7287
2023-02-16 22:43:29,051 [IPC Server handler 3 on default port 39503] INFO  node.SCMNodeManager (SCMNodeManager.java:register(397)) - Registered Data node : c1d13929-a343-48c2-a26f-f823071f7287{ip: 10.1.0.43, host: fv-az571-511, ports: [REPLICATION=36555, RATIS=36269, RATIS_ADMIN=36269, RATIS_SERVER=36269, RATIS_DATASTREAM=32815, STANDALONE=39153], networkLocation: /default-rack, certSerialId: null, persistedOpState: null, persistedOpStateExpiryEpochSec: 0}
2023-02-16 22:43:29,051 [EventQueue-NewNodeForNewNodeHandler] INFO  pipeline.BackgroundPipelineCreator (BackgroundPipelineCreator.java:notifyEventTriggered(276)) - trigger a one-shot run on RatisPipelineUtilsThread.
2023-02-16 22:43:29,052 [RatisPipelineUtilsThread - 0] INFO  pipeline.RatisPipelineProvider (RatisPipelineProvider.java:lambda$create$0(206)) - Sending CreatePipelineCommand for pipeline:PipelineID=f67de2c4-03b5-4e2d-9887-8a61f368a65c to datanode:c1d13929-a343-48c2-a26f-f823071f7287
2023-02-16 22:43:29,052 [RatisPipelineUtilsThread - 0] INFO  pipeline.PipelineStateManagerImpl (PipelineStateManagerImpl.java:addPipeline(103)) - Created pipeline Pipeline[ Id: f67de2c4-03b5-4e2d-9887-8a61f368a65c, Nodes: c1d13929-a343-48c2-a26f-f823071f7287(fv-az571-511/10.1.0.43), ReplicationConfig: RATIS/ONE, State:ALLOCATED, leaderId:, CreationTimestamp2023-02-16T22:43:29.052Z[Etc/UTC]].
2023-02-16 22:43:29,053 [RatisPipelineUtilsThread - 0] WARN  pipeline.PipelinePlacementPolicy (PipelinePlacementPolicy.java:filterViableNodes(158)) - Pipeline creation failed due to no sufficient healthy datanodes. Required 3. Found 1.
2023-02-16 22:43:29,476 [IPC Server handler 1 on default port 39503] INFO  net.NetworkTopologyImpl (NetworkTopologyImpl.java:add(112)) - Added a new node: /default-rack/7d73eab0-7685-47af-ac2a-3812ca7ecedf
2023-02-16 22:43:29,476 [IPC Server handler 1 on default port 39503] INFO  node.SCMNodeManager (SCMNodeManager.java:register(397)) - Registered Data node : 7d73eab0-7685-47af-ac2a-3812ca7ecedf{ip: 10.1.0.43, host: fv-az571-511, ports: [REPLICATION=45409, RATIS=42157, RATIS_ADMIN=42157, RATIS_SERVER=42157, RATIS_DATASTREAM=45849, STANDALONE=37367], networkLocation: /default-rack, certSerialId: null, persistedOpState: null, persistedOpStateExpiryEpochSec: 0}
2023-02-16 22:43:29,477 [EventQueue-NewNodeForNewNodeHandler] INFO  pipeline.BackgroundPipelineCreator (BackgroundPipelineCreator.java:notifyEventTriggered(276)) - trigger a one-shot run on RatisPipelineUtilsThread.
2023-02-16 22:43:29,478 [RatisPipelineUtilsThread - 0] INFO  pipeline.RatisPipelineProvider (RatisPipelineProvider.java:lambda$create$0(206)) - Sending CreatePipelineCommand for pipeline:PipelineID=cdd31b50-9ef2-451d-8bf9-d8d1c1f42260 to datanode:7d73eab0-7685-47af-ac2a-3812ca7ecedf
2023-02-16 22:43:29,478 [RatisPipelineUtilsThread - 0] INFO  pipeline.PipelineStateManagerImpl (PipelineStateManagerImpl.java:addPipeline(103)) - Created pipeline Pipeline[ Id: cdd31b50-9ef2-451d-8bf9-d8d1c1f42260, Nodes: 7d73eab0-7685-47af-ac2a-3812ca7ecedf(fv-az571-511/10.1.0.43), ReplicationConfig: RATIS/ONE, State:ALLOCATED, leaderId:, CreationTimestamp2023-02-16T22:43:29.478Z[Etc/UTC]].
2023-02-16 22:43:29,480 [RatisPipelineUtilsThread - 0] WARN  pipeline.PipelinePlacementPolicy (PipelinePlacementPolicy.java:filterViableNodes(158)) - Pipeline creation failed due to no sufficient healthy datanodes. Required 3. Found 2.
2023-02-16 22:43:29,480 [Listener at 127.0.0.1/42185] INFO  ozone.MiniOzoneClusterImpl (MiniOzoneClusterImpl.java:lambda$waitForClusterToBeReady$0(218)) - Nodes are ready. Got 5 of 5 DN Heartbeats.
2023-02-16 22:43:29,480 [Listener at 127.0.0.1/42185] INFO  ozone.MiniOzoneClusterImpl (MiniOzoneClusterImpl.java:lambda$waitForClusterToBeReady$0(221)) - Waiting for cluster to exit safe mode
2023-02-16 22:43:29,480 [Listener at 127.0.0.1/42185] INFO  ozone.MiniOzoneClusterImpl (MiniOzoneClusterImpl.java:lambda$waitForClusterToBeReady$0(223)) - SCM became leader
2023-02-16 22:43:30,481 [Listener at 127.0.0.1/42185] INFO  ozone.MiniOzoneClusterImpl (MiniOzoneClusterImpl.java:lambda$waitForClusterToBeReady$0(218)) - Nodes are ready. Got 5 of 5 DN Heartbeats.
2023-02-16 22:43:30,481 [Listener at 127.0.0.1/42185] INFO  ozone.MiniOzoneClusterImpl (MiniOzoneClusterImpl.java:lambda$waitForClusterToBeReady$0(221)) - Waiting for cluster to exit safe mode
2023-02-16 22:43:30,481 [Listener at 127.0.0.1/42185] INFO  ozone.MiniOzoneClusterImpl (MiniOzoneClusterImpl.java:lambda$waitForClusterToBeReady$0(223)) - SCM became leader
2023-02-16 22:43:30,769 [Command processor thread] INFO  server.RaftServer (RaftServerProxy.java:addNew(96)) - 3e8a9429-e74a-4c7d-8972-bcaa764ec965: addNew group-F3549A068E36:[3e8a9429-e74a-4c7d-8972-bcaa764ec965|rpc:10.1.0.43:36365|dataStream:10.1.0.43:39593|priority:1|startupRole:FOLLOWER] returns group-F3549A068E36:java.util.concurrent.CompletableFuture@3af37c8b[Not completed]
2023-02-16 22:43:30,772 [pool-271-thread-1] INFO  server.RaftServer$Division (RaftServerImpl.java:<init>(195)) - 3e8a9429-e74a-4c7d-8972-bcaa764ec965: new RaftServerImpl for group-F3549A068E36:[3e8a9429-e74a-4c7d-8972-bcaa764ec965|rpc:10.1.0.43:36365|dataStream:10.1.0.43:39593|priority:1|startupRole:FOLLOWER] with ContainerStateMachine:uninitialized
2023-02-16 22:43:30,772 [pool-271-thread-1] INFO  server.RaftServerConfigKeys (ConfUtils.java:logGet(46)) - raft.server.rpc.timeout.min = 5s (custom)
2023-02-16 22:43:30,772 [pool-271-thread-1] INFO  server.RaftServerConfigKeys (ConfUtils.java:logGet(46)) - raft.server.rpc.timeout.max = 5200ms (custom)
2023-02-16 22:43:30,772 [pool-271-thread-1] INFO  server.RaftServerConfigKeys (ConfUtils.java:logGet(46)) - raft.server.rpc.sleep.time = 25ms (default)
2023-02-16 22:43:30,772 [pool-271-thread-1] INFO  server.RaftServerConfigKeys (ConfUtils.java:logGet(46)) - raft.server.rpc.slowness.timeout = 300000ms (custom)
2023-02-16 22:43:30,772 [pool-271-thread-1] INFO  server.RaftServerConfigKeys (ConfUtils.java:logGet(46)) - raft.server.leaderelection.leader.step-down.wait-time = 10s (default)
2023-02-16 22:43:30,772 [pool-271-thread-1] INFO  server.RaftServerConfigKeys (ConfUtils.java:logGet(46)) - raft.server.sleep.deviation.threshold = 300ms (default)
2023-02-16 22:43:30,773 [pool-271-thread-1] INFO  server.RaftServer$Division (ServerState.java:<init>(118)) - 3e8a9429-e74a-4c7d-8972-bcaa764ec965@group-F3549A068E36: ConfigurationManager, init=-1: peers:[3e8a9429-e74a-4c7d-8972-bcaa764ec965|rpc:10.1.0.43:36365|dataStream:10.1.0.43:39593|priority:1|startupRole:FOLLOWER]|listeners:[], old=null, confs=<EMPTY_MAP>
2023-02-16 22:43:30,773 [pool-271-thread-1] INFO  server.RaftServerConfigKeys (ConfUtils.java:logGet(46)) - raft.server.storage.dir = [/home/runner/work/ozone/ozone/hadoop-ozone/integration-test/target/test-dir/MiniOzoneClusterImpl-40d1b4d0-2c8f-4763-9166-3e69b7713d06/datanode-0/data/ratis] (custom)
2023-02-16 22:43:30,773 [pool-271-thread-1] INFO  server.RaftServerConfigKeys (ConfUtils.java:logGet(46)) - raft.server.log.corruption.policy = EXCEPTION (default)
2023-02-16 22:43:30,773 [pool-271-thread-1] INFO  server.RaftServerConfigKeys (ConfUtils.java:logGet(46)) - raft.server.storage.free-space.min = 0MB (=0) (default)
2023-02-16 22:43:30,773 [pool-271-thread-1] INFO  server.RaftServerConfigKeys (ConfUtils.java:logGet(46)) - raft.server.notification.no-leader.timeout = 300000ms (custom)
2023-02-16 22:43:30,773 [pool-271-thread-1] INFO  server.RaftServerConfigKeys (ConfUtils.java:logGet(46)) - raft.server.retrycache.expirytime = 600000ms (custom)
2023-02-16 22:43:30,773 [pool-271-thread-1] INFO  server.RaftServerConfigKeys (ConfUtils.java:logGet(46)) - raft.server.retrycache.statistics.expirytime = 100μs (default)
2023-02-16 22:43:30,775 [pool-271-thread-1] INFO  server.RaftServerConfigKeys (ConfUtils.java:logGet(46)) - raft.server.log.appender.install.snapshot.enabled = false (custom)
2023-02-16 22:43:30,775 [pool-271-thread-1] INFO  server.RaftServerConfigKeys (ConfUtils.java:logGet(46)) - raft.server.threadpool.server.cached = true (default)
2023-02-16 22:43:30,775 [pool-271-thread-1] INFO  server.RaftServerConfigKeys (ConfUtils.java:logGet(46)) - raft.server.threadpool.server.size = 0 (default)
2023-02-16 22:43:30,775 [pool-271-thread-1] INFO  server.RaftServerConfigKeys (ConfUtils.java:logGet(46)) - raft.server.threadpool.client.cached = true (default)
2023-02-16 22:43:30,775 [pool-271-thread-1] INFO  server.RaftServerConfigKeys (ConfUtils.java:logGet(46)) - raft.server.threadpool.client.size = 0 (default)
2023-02-16 22:43:30,776 [pool-271-thread-1] INFO  storage.RaftStorageDirectory (RaftStorageDirectoryImpl.java:analyzeStorage(137)) - The storage directory /home/runner/work/ozone/ozone/hadoop-ozone/integration-test/target/test-dir/MiniOzoneClusterImpl-40d1b4d0-2c8f-4763-9166-3e69b7713d06/datanode-0/data/ratis/f7218c15-33d7-411f-a736-f3549a068e36 does not exist. Creating ...
2023-02-16 22:43:30,778 [pool-271-thread-1] INFO  storage.RaftStorageDirectory (RaftStorageDirectoryImpl.java:tryLock(231)) - Lock on /home/runner/work/ozone/ozone/hadoop-ozone/integration-test/target/test-dir/MiniOzoneClusterImpl-40d1b4d0-2c8f-4763-9166-3e69b7713d06/datanode-0/data/ratis/f7218c15-33d7-411f-a736-f3549a068e36/in_use.lock acquired by nodename 60597@fv-az571-511
2023-02-16 22:43:30,781 [pool-271-thread-1] INFO  storage.RaftStorage (RaftStorageImpl.java:format(96)) - Storage directory /home/runner/work/ozone/ozone/hadoop-ozone/integration-test/target/test-dir/MiniOzoneClusterImpl-40d1b4d0-2c8f-4763-9166-3e69b7713d06/datanode-0/data/ratis/f7218c15-33d7-411f-a736-f3549a068e36 has been successfully formatted.
2023-02-16 22:43:30,783 [pool-271-thread-1] INFO  ratis.ContainerStateMachine (ContainerStateMachine.java:loadSnapshot(240)) - group-F3549A068E36: The snapshot info is null. Setting the last applied indexto:(t:0, i:~)
2023-02-16 22:43:30,783 [pool-271-thread-1] INFO  server.RaftServerConfigKeys (ConfUtils.java:logGet(46)) - raft.server.log.use.memory = false (default)
2023-02-16 22:43:30,784 [pool-271-thread-1] INFO  server.RaftServerConfigKeys (ConfUtils.java:logGet(46)) - raft.server.log.purge.gap = 1000000 (custom)
2023-02-16 22:43:30,784 [pool-271-thread-1] INFO  server.RaftServerConfigKeys (ConfUtils.java:logGet(46)) - raft.server.log.appender.buffer.byte-limit = 33554432 (custom)
2023-02-16 22:43:30,784 [pool-271-thread-1] INFO  server.RaftServerConfigKeys (ConfUtils.java:logGet(46)) - raft.server.log.statemachine.data.read.timeout = 1000ms (default)
2023-02-16 22:43:30,784 [pool-271-thread-1] INFO  server.RaftServerConfigKeys (ConfUtils.java:logGet(46)) - raft.server.log.purge.preservation.log.num = 0 (default)
2023-02-16 22:43:30,784 [pool-271-thread-1] INFO  server.RaftServerConfigKeys (ConfUtils.java:logGet(46)) - raft.server.log.segment.size.max = 1048576 (custom)
2023-02-16 22:43:30,784 [EventQueue-PipelineReportForPipelineReportHandler] INFO  pipeline.PipelineManagerImpl (PipelineManagerImpl.java:openPipeline(367)) - Pipeline Pipeline[ Id: f7218c15-33d7-411f-a736-f3549a068e36, Nodes: 3e8a9429-e74a-4c7d-8972-bcaa764ec965(fv-az571-511/10.1.0.43), ReplicationConfig: RATIS/ONE, State:ALLOCATED, leaderId:3e8a9429-e74a-4c7d-8972-bcaa764ec965, CreationTimestamp2023-02-16T22:43:27.766Z[Etc/UTC]] moved to OPEN state
2023-02-16 22:43:30,785 [pool-271-thread-1] INFO  server.RaftServerConfigKeys (ConfUtils.java:logGet(46)) - raft.server.log.segment.cache.num.max = 2 (custom)
2023-02-16 22:43:30,785 [pool-271-thread-1] INFO  server.RaftServerConfigKeys (ConfUtils.java:logGet(46)) - raft.server.log.segment.cache.size.max = 200MB (=209715200) (default)
2023-02-16 22:43:30,785 [pool-271-thread-1] INFO  segmented.SegmentedRaftLogWorker (SegmentedRaftLogWorker.java:<init>(189)) - new 3e8a9429-e74a-4c7d-8972-bcaa764ec965@group-F3549A068E36-SegmentedRaftLogWorker for RaftStorageImpl:Storage Directory /home/runner/work/ozone/ozone/hadoop-ozone/integration-test/target/test-dir/MiniOzoneClusterImpl-40d1b4d0-2c8f-4763-9166-3e69b7713d06/datanode-0/data/ratis/f7218c15-33d7-411f-a736-f3549a068e36
2023-02-16 22:43:30,785 [pool-271-thread-1] INFO  server.RaftServerConfigKeys (ConfUtils.java:logGet(46)) - raft.server.log.queue.byte-limit = 4294967296 (custom)
2023-02-16 22:43:30,786 [pool-271-thread-1] INFO  server.RaftServerConfigKeys (ConfUtils.java:logGet(46)) - raft.server.log.queue.element-limit = 1024 (custom)
2023-02-16 22:43:30,786 [pool-271-thread-1] INFO  server.RaftServerConfigKeys (ConfUtils.java:logGet(46)) - raft.server.log.segment.size.max = 1048576 (custom)
2023-02-16 22:43:30,786 [pool-271-thread-1] INFO  server.RaftServerConfigKeys (ConfUtils.java:logGet(46)) - raft.server.log.preallocated.size = 16384 (custom)
2023-02-16 22:43:30,786 [pool-271-thread-1] INFO  server.RaftServerConfigKeys (ConfUtils.java:logGet(46)) - raft.server.log.force.sync.num = 128 (default)
2023-02-16 22:43:30,786 [pool-271-thread-1] INFO  server.RaftServerConfigKeys (ConfUtils.java:logGet(46)) - raft.server.log.statemachine.data.sync = true (default)
2023-02-16 22:43:30,786 [pool-271-thread-1] INFO  server.RaftServerConfigKeys (ConfUtils.java:logGet(46)) - raft.server.log.statemachine.data.sync.timeout = 10s (default)
2023-02-16 22:43:30,786 [pool-271-thread-1] INFO  server.RaftServerConfigKeys (ConfUtils.java:logGet(46)) - raft.server.log.statemachine.data.sync.timeout.retry = -1 (default)
2023-02-16 22:43:30,787 [pool-271-thread-1] INFO  server.RaftServerConfigKeys (ConfUtils.java:logGet(46)) - raft.server.log.write.buffer.size = 1048576 (custom)
2023-02-16 22:43:30,787 [pool-271-thread-1] INFO  server.RaftServerConfigKeys (ConfUtils.java:logGet(46)) - raft.server.log.appender.buffer.byte-limit = 33554432 (custom)
2023-02-16 22:43:30,795 [pool-271-thread-1] INFO  server.RaftServerConfigKeys (ConfUtils.java:logGet(46)) - raft.server.log.unsafe-flush.enabled = false (default)
2023-02-16 22:43:30,795 [pool-271-thread-1] INFO  server.RaftServerConfigKeys (ConfUtils.java:logGet(46)) - raft.server.log.async-flush.enabled = false (default)
2023-02-16 22:43:30,795 [pool-271-thread-1] INFO  server.RaftServerConfigKeys (ConfUtils.java:logGet(46)) - raft.server.log.statemachine.data.caching.enabled = true (custom)
2023-02-16 22:43:30,795 [pool-271-thread-1] INFO  segmented.SegmentedRaftLogWorker (SegmentedRaftLogWorker.java:lambda$new$0(135)) - 3e8a9429-e74a-4c7d-8972-bcaa764ec965@group-F3549A068E36-SegmentedRaftLogWorker: flushIndex: setUnconditionally 0 -> -1
2023-02-16 22:43:30,795 [pool-271-thread-1] INFO  segmented.SegmentedRaftLogWorker (SegmentedRaftLogWorker.java:lambda$new$0(135)) - 3e8a9429-e74a-4c7d-8972-bcaa764ec965@group-F3549A068E36-SegmentedRaftLogWorker: safeCacheEvictIndex: setUnconditionally 0 -> -1
2023-02-16 22:43:30,796 [pool-271-thread-1] INFO  server.RaftServer$Division (RaftServerImpl.java:start(334)) - 3e8a9429-e74a-4c7d-8972-bcaa764ec965@group-F3549A068E36: start as a follower, conf=-1: peers:[3e8a9429-e74a-4c7d-8972-bcaa764ec965|rpc:10.1.0.43:36365|dataStream:10.1.0.43:39593|priority:1|startupRole:FOLLOWER]|listeners:[], old=null
2023-02-16 22:43:30,796 [pool-271-thread-1] INFO  server.RaftServer$Division (RaftServerImpl.java:setRole(321)) - 3e8a9429-e74a-4c7d-8972-bcaa764ec965@group-F3549A068E36: changes role from      null to FOLLOWER at term 0 for startAsFollower
2023-02-16 22:43:30,796 [pool-271-thread-1] INFO  impl.RoleInfo (RoleInfo.java:updateAndGet(139)) - 3e8a9429-e74a-4c7d-8972-bcaa764ec965: start 3e8a9429-e74a-4c7d-8972-bcaa764ec965@group-F3549A068E36-FollowerState
2023-02-16 22:43:30,796 [pool-271-thread-1] INFO  util.JmxRegister (JmxRegister.java:tryRegister(44)) - Successfully registered JMX Bean with object name Ratis:service=RaftServer,group=group-F3549A068E36,id=3e8a9429-e74a-4c7d-8972-bcaa764ec965
2023-02-16 22:43:30,797 [pool-271-thread-1] INFO  server.RaftServerConfigKeys (ConfUtils.java:logGet(46)) - raft.server.snapshot.auto.trigger.enabled = true (custom)
2023-02-16 22:43:30,797 [pool-271-thread-1] INFO  server.RaftServerConfigKeys (ConfUtils.java:logGet(46)) - raft.server.snapshot.auto.trigger.threshold = 10000 (custom)
2023-02-16 22:43:30,797 [pool-271-thread-1] INFO  server.RaftServerConfigKeys (ConfUtils.java:logGet(46)) - raft.server.snapshot.retention.file.num = 5 (custom)
2023-02-16 22:43:30,797 [pool-271-thread-1] INFO  server.RaftServerConfigKeys (ConfUtils.java:logGet(46)) - raft.server.log.purge.upto.snapshot.index = false (default)
2023-02-16 22:43:30,797 [3e8a9429-e74a-4c7d-8972-bcaa764ec965@group-F3549A068E36-FollowerState] INFO  server.RaftServerConfigKeys (ConfUtils.java:logFallback(53)) - raft.server.rpc.first-election.timeout.min = 5s (fallback to raft.server.rpc.timeout.min)
2023-02-16 22:43:30,798 [3e8a9429-e74a-4c7d-8972-bcaa764ec965@group-F3549A068E36-FollowerState] INFO  server.RaftServerConfigKeys (ConfUtils.java:logFallback(53)) - raft.server.rpc.first-election.timeout.max = 5200ms (fallback to raft.server.rpc.timeout.max)
2023-02-16 22:43:30,803 [EventQueue-OpenPipelineForHealthyPipelineSafeModeRule] INFO  safemode.SCMSafeModeManager (HealthyPipelineSafeModeRule.java:process(137)) - SCM in safe mode. Healthy pipelines reported count is 0, required healthy pipeline reported count is 1
2023-02-16 22:43:30,803 [Command processor thread] INFO  ratis.XceiverServerRatis (XceiverServerRatis.java:addGroup(807)) - Created group PipelineID=f7218c15-33d7-411f-a736-f3549a068e36
2023-02-16 22:43:30,803 [Command processor thread] INFO  commandhandler.CreatePipelineCommandHandler (CreatePipelineCommandHandler.java:handle(113)) - Created Pipeline RATIS ONE PipelineID=f7218c15-33d7-411f-a736-f3549a068e36.
2023-02-16 22:43:30,804 [Command processor thread] INFO  server.RaftServer (RaftServerProxy.java:addNew(96)) - 3e8a9429-e74a-4c7d-8972-bcaa764ec965: addNew group-B909EF32902F:[3344520a-2062-4b5f-b8c2-e6a9091bb895|rpc:10.1.0.43:39317|dataStream:10.1.0.43:34361|priority:1|startupRole:FOLLOWER, d5431bb7-4da0-4de3-8e42-f94aec5e63a8|rpc:10.1.0.43:35497|dataStream:10.1.0.43:43737|priority:0|startupRole:FOLLOWER, 3e8a9429-e74a-4c7d-8972-bcaa764ec965|rpc:10.1.0.43:36365|dataStream:10.1.0.43:39593|priority:0|startupRole:FOLLOWER] returns group-B909EF32902F:java.util.concurrent.CompletableFuture@47c885bb[Not completed]
2023-02-16 22:43:30,805 [pool-271-thread-1] INFO  server.RaftServer$Division (RaftServerImpl.java:<init>(195)) - 3e8a9429-e74a-4c7d-8972-bcaa764ec965: new RaftServerImpl for group-B909EF32902F:[3344520a-2062-4b5f-b8c2-e6a9091bb895|rpc:10.1.0.43:39317|dataStream:10.1.0.43:34361|priority:1|startupRole:FOLLOWER, d5431bb7-4da0-4de3-8e42-f94aec5e63a8|rpc:10.1.0.43:35497|dataStream:10.1.0.43:43737|priority:0|startupRole:FOLLOWER, 3e8a9429-e74a-4c7d-8972-bcaa764ec965|rpc:10.1.0.43:36365|dataStream:10.1.0.43:39593|priority:0|startupRole:FOLLOWER] with ContainerStateMachine:uninitialized
2023-02-16 22:43:30,805 [pool-271-thread-1] INFO  server.RaftServerConfigKeys (ConfUtils.java:logGet(46)) - raft.server.rpc.timeout.min = 5s (custom)
2023-02-16 22:43:30,805 [pool-271-thread-1] INFO  server.RaftServerConfigKeys (ConfUtils.java:logGet(46)) - raft.server.rpc.timeout.max = 5200ms (custom)
2023-02-16 22:43:30,805 [pool-271-thread-1] INFO  server.RaftServerConfigKeys (ConfUtils.java:logGet(46)) - raft.server.rpc.sleep.time = 25ms (default)
2023-02-16 22:43:30,805 [pool-271-thread-1] INFO  server.RaftServerConfigKeys (ConfUtils.java:logGet(46)) - raft.server.rpc.slowness.timeout = 300000ms (custom)
2023-02-16 22:43:30,805 [pool-271-thread-1] INFO  server.RaftServerConfigKeys (ConfUtils.java:logGet(46)) - raft.server.leaderelection.leader.step-down.wait-time = 10s (default)
2023-02-16 22:43:30,805 [pool-271-thread-1] INFO  server.RaftServerConfigKeys (ConfUtils.java:logGet(46)) - raft.server.sleep.deviation.threshold = 300ms (default)
2023-02-16 22:43:30,805 [pool-271-thread-1] INFO  server.RaftServer$Division (ServerState.java:<init>(118)) - 3e8a9429-e74a-4c7d-8972-bcaa764ec965@group-B909EF32902F: ConfigurationManager, init=-1: peers:[3344520a-2062-4b5f-b8c2-e6a9091bb895|rpc:10.1.0.43:39317|dataStream:10.1.0.43:34361|priority:1|startupRole:FOLLOWER, d5431bb7-4da0-4de3-8e42-f94aec5e63a8|rpc:10.1.0.43:35497|dataStream:10.1.0.43:43737|priority:0|startupRole:FOLLOWER, 3e8a9429-e74a-4c7d-8972-bcaa764ec965|rpc:10.1.0.43:36365|dataStream:10.1.0.43:39593|priority:0|startupRole:FOLLOWER]|listeners:[], old=null, confs=<EMPTY_MAP>
2023-02-16 22:43:30,805 [pool-271-thread-1] INFO  server.RaftServerConfigKeys (ConfUtils.java:logGet(46)) - raft.server.storage.dir = [/home/runner/work/ozone/ozone/hadoop-ozone/integration-test/target/test-dir/MiniOzoneClusterImpl-40d1b4d0-2c8f-4763-9166-3e69b7713d06/datanode-0/data/ratis] (custom)
2023-02-16 22:43:30,806 [pool-271-thread-1] INFO  server.RaftServerConfigKeys (ConfUtils.java:logGet(46)) - raft.server.log.corruption.policy = EXCEPTION (default)
2023-02-16 22:43:30,806 [pool-271-thread-1] INFO  server.RaftServerConfigKeys (ConfUtils.java:logGet(46)) - raft.server.storage.free-space.min = 0MB (=0) (default)
2023-02-16 22:43:30,806 [pool-271-thread-1] INFO  server.RaftServerConfigKeys (ConfUtils.java:logGet(46)) - raft.server.notification.no-leader.timeout = 300000ms (custom)
2023-02-16 22:43:30,806 [pool-271-thread-1] INFO  server.RaftServerConfigKeys (ConfUtils.java:logGet(46)) - raft.server.retrycache.expirytime = 600000ms (custom)
2023-02-16 22:43:30,806 [pool-271-thread-1] INFO  server.RaftServerConfigKeys (ConfUtils.java:logGet(46)) - raft.server.retrycache.statistics.expirytime = 100μs (default)
2023-02-16 22:43:30,808 [pool-271-thread-1] INFO  server.RaftServerConfigKeys (ConfUtils.java:logGet(46)) - raft.server.log.appender.install.snapshot.enabled = false (custom)
2023-02-16 22:43:30,808 [pool-271-thread-1] INFO  server.RaftServerConfigKeys (ConfUtils.java:logGet(46)) - raft.server.threadpool.server.cached = true (default)
2023-02-16 22:43:30,808 [pool-271-thread-1] INFO  server.RaftServerConfigKeys (ConfUtils.java:logGet(46)) - raft.server.threadpool.server.size = 0 (default)
2023-02-16 22:43:30,808 [pool-271-thread-1] INFO  server.RaftServerConfigKeys (ConfUtils.java:logGet(46)) - raft.server.threadpool.client.cached = true (default)
2023-02-16 22:43:30,808 [pool-271-thread-1] INFO  server.RaftServerConfigKeys (ConfUtils.java:logGet(46)) - raft.server.threadpool.client.size = 0 (default)
2023-02-16 22:43:30,809 [pool-271-thread-1] INFO  storage.RaftStorageDirectory (RaftStorageDirectoryImpl.java:analyzeStorage(137)) - The storage directory /home/runner/work/ozone/ozone/hadoop-ozone/integration-test/target/test-dir/MiniOzoneClusterImpl-40d1b4d0-2c8f-4763-9166-3e69b7713d06/datanode-0/data/ratis/cb7a3606-01d7-44a7-894a-b909ef32902f does not exist. Creating ...
2023-02-16 22:43:30,813 [pool-271-thread-1] INFO  storage.RaftStorageDirectory (RaftStorageDirectoryImpl.java:tryLock(231)) - Lock on /home/runner/work/ozone/ozone/hadoop-ozone/integration-test/target/test-dir/MiniOzoneClusterImpl-40d1b4d0-2c8f-4763-9166-3e69b7713d06/datanode-0/data/ratis/cb7a3606-01d7-44a7-894a-b909ef32902f/in_use.lock acquired by nodename 60597@fv-az571-511
2023-02-16 22:43:30,816 [pool-271-thread-1] INFO  storage.RaftStorage (RaftStorageImpl.java:format(96)) - Storage directory /home/runner/work/ozone/ozone/hadoop-ozone/integration-test/target/test-dir/MiniOzoneClusterImpl-40d1b4d0-2c8f-4763-9166-3e69b7713d06/datanode-0/data/ratis/cb7a3606-01d7-44a7-894a-b909ef32902f has been successfully formatted.
2023-02-16 22:43:30,818 [EventQueue-OpenPipelineForHealthyPipelineSafeModeRule] INFO  safemode.SCMSafeModeManager (HealthyPipelineSafeModeRule.java:process(137)) - SCM in safe mode. Healthy pipelines reported count is 0, required healthy pipeline reported count is 1
2023-02-16 22:43:30,819 [pool-271-thread-1] INFO  ratis.ContainerStateMachine (ContainerStateMachine.java:loadSnapshot(240)) - group-B909EF32902F: The snapshot info is null. Setting the last applied indexto:(t:0, i:~)
2023-02-16 22:43:30,819 [pool-271-thread-1] INFO  server.RaftServerConfigKeys (ConfUtils.java:logGet(46)) - raft.server.log.use.memory = false (default)
2023-02-16 22:43:30,819 [pool-271-thread-1] INFO  server.RaftServerConfigKeys (ConfUtils.java:logGet(46)) - raft.server.log.purge.gap = 1000000 (custom)
2023-02-16 22:43:30,819 [pool-271-thread-1] INFO  server.RaftServerConfigKeys (ConfUtils.java:logGet(46)) - raft.server.log.appender.buffer.byte-limit = 33554432 (custom)
2023-02-16 22:43:30,820 [pool-271-thread-1] INFO  server.RaftServerConfigKeys (ConfUtils.java:logGet(46)) - raft.server.log.statemachine.data.read.timeout = 1000ms (default)
2023-02-16 22:43:30,820 [pool-271-thread-1] INFO  server.RaftServerConfigKeys (ConfUtils.java:logGet(46)) - raft.server.log.purge.preservation.log.num = 0 (default)
2023-02-16 22:43:30,820 [pool-271-thread-1] INFO  server.RaftServerConfigKeys (ConfUtils.java:logGet(46)) - raft.server.log.segment.size.max = 1048576 (custom)
2023-02-16 22:43:30,820 [pool-271-thread-1] INFO  server.RaftServerConfigKeys (ConfUtils.java:logGet(46)) - raft.server.log.segment.cache.num.max = 2 (custom)
2023-02-16 22:43:30,820 [pool-271-thread-1] INFO  server.RaftServerConfigKeys (ConfUtils.java:logGet(46)) - raft.server.log.segment.cache.size.max = 200MB (=209715200) (default)
2023-02-16 22:43:30,822 [pool-271-thread-1] INFO  segmented.SegmentedRaftLogWorker (SegmentedRaftLogWorker.java:<init>(189)) - new 3e8a9429-e74a-4c7d-8972-bcaa764ec965@group-B909EF32902F-SegmentedRaftLogWorker for RaftStorageImpl:Storage Directory /home/runner/work/ozone/ozone/hadoop-ozone/integration-test/target/test-dir/MiniOzoneClusterImpl-40d1b4d0-2c8f-4763-9166-3e69b7713d06/datanode-0/data/ratis/cb7a3606-01d7-44a7-894a-b909ef32902f
2023-02-16 22:43:30,822 [pool-271-thread-1] INFO  server.RaftServerConfigKeys (ConfUtils.java:logGet(46)) - raft.server.log.queue.byte-limit = 4294967296 (custom)
2023-02-16 22:43:30,822 [pool-271-thread-1] INFO  server.RaftServerConfigKeys (ConfUtils.java:logGet(46)) - raft.server.log.queue.element-limit = 1024 (custom)
2023-02-16 22:43:30,822 [pool-271-thread-1] INFO  server.RaftServerConfigKeys (ConfUtils.java:logGet(46)) - raft.server.log.segment.size.max = 1048576 (custom)
2023-02-16 22:43:30,822 [pool-271-thread-1] INFO  server.RaftServerConfigKeys (ConfUtils.java:logGet(46)) - raft.server.log.preallocated.size = 16384 (custom)
2023-02-16 22:43:30,822 [pool-271-thread-1] INFO  server.RaftServerConfigKeys (ConfUtils.java:logGet(46)) - raft.server.log.force.sync.num = 128 (default)
2023-02-16 22:43:30,822 [pool-271-thread-1] INFO  server.RaftServerConfigKeys (ConfUtils.java:logGet(46)) - raft.server.log.statemachine.data.sync = true (default)
2023-02-16 22:43:30,822 [pool-271-thread-1] INFO  server.RaftServerConfigKeys (ConfUtils.java:logGet(46)) - raft.server.log.statemachine.data.sync.timeout = 10s (default)
2023-02-16 22:43:30,822 [pool-271-thread-1] INFO  server.RaftServerConfigKeys (ConfUtils.java:logGet(46)) - raft.server.log.statemachine.data.sync.timeout.retry = -1 (default)
2023-02-16 22:43:30,823 [pool-271-thread-1] INFO  server.RaftServerConfigKeys (ConfUtils.java:logGet(46)) - raft.server.log.write.buffer.size = 1048576 (custom)
2023-02-16 22:43:30,824 [pool-271-thread-1] INFO  server.RaftServerConfigKeys (ConfUtils.java:logGet(46)) - raft.server.log.appender.buffer.byte-limit = 33554432 (custom)
2023-02-16 22:43:30,831 [pool-271-thread-1] INFO  server.RaftServerConfigKeys (ConfUtils.java:logGet(46)) - raft.server.log.unsafe-flush.enabled = false (default)
2023-02-16 22:43:30,831 [pool-271-thread-1] INFO  server.RaftServerConfigKeys (ConfUtils.java:logGet(46)) - raft.server.log.async-flush.enabled = false (default)
2023-02-16 22:43:30,831 [pool-271-thread-1] INFO  server.RaftServerConfigKeys (ConfUtils.java:logGet(46)) - raft.server.log.statemachine.data.caching.enabled = true (custom)
2023-02-16 22:43:30,832 [pool-271-thread-1] INFO  segmented.SegmentedRaftLogWorker (SegmentedRaftLogWorker.java:lambda$new$0(135)) - 3e8a9429-e74a-4c7d-8972-bcaa764ec965@group-B909EF32902F-SegmentedRaftLogWorker: flushIndex: setUnconditionally 0 -> -1
2023-02-16 22:43:30,832 [pool-271-thread-1] INFO  segmented.SegmentedRaftLogWorker (SegmentedRaftLogWorker.java:lambda$new$0(135)) - 3e8a9429-e74a-4c7d-8972-bcaa764ec965@group-B909EF32902F-SegmentedRaftLogWorker: safeCacheEvictIndex: setUnconditionally 0 -> -1
2023-02-16 22:43:30,833 [pool-271-thread-1] INFO  server.RaftServer$Division (RaftServerImpl.java:start(334)) - 3e8a9429-e74a-4c7d-8972-bcaa764ec965@group-B909EF32902F: start as a follower, conf=-1: peers:[3344520a-2062-4b5f-b8c2-e6a9091bb895|rpc:10.1.0.43:39317|dataStream:10.1.0.43:34361|priority:1|startupRole:FOLLOWER, d5431bb7-4da0-4de3-8e42-f94aec5e63a8|rpc:10.1.0.43:35497|dataStream:10.1.0.43:43737|priority:0|startupRole:FOLLOWER, 3e8a9429-e74a-4c7d-8972-bcaa764ec965|rpc:10.1.0.43:36365|dataStream:10.1.0.43:39593|priority:0|startupRole:FOLLOWER]|listeners:[], old=null
2023-02-16 22:43:30,833 [pool-271-thread-1] INFO  server.RaftServer$Division (RaftServerImpl.java:setRole(321)) - 3e8a9429-e74a-4c7d-8972-bcaa764ec965@group-B909EF32902F: changes role from      null to FOLLOWER at term 0 for startAsFollower
2023-02-16 22:43:30,833 [pool-271-thread-1] INFO  impl.RoleInfo (RoleInfo.java:updateAndGet(139)) - 3e8a9429-e74a-4c7d-8972-bcaa764ec965: start 3e8a9429-e74a-4c7d-8972-bcaa764ec965@group-B909EF32902F-FollowerState
2023-02-16 22:43:30,835 [pool-271-thread-1] INFO  util.JmxRegister (JmxRegister.java:tryRegister(44)) - Successfully registered JMX Bean with object name Ratis:service=RaftServer,group=group-B909EF32902F,id=3e8a9429-e74a-4c7d-8972-bcaa764ec965
2023-02-16 22:43:30,835 [pool-271-thread-1] INFO  server.RaftServerConfigKeys (ConfUtils.java:logGet(46)) - raft.server.snapshot.auto.trigger.enabled = true (custom)
2023-02-16 22:43:30,836 [pool-271-thread-1] INFO  server.RaftServerConfigKeys (ConfUtils.java:logGet(46)) - raft.server.snapshot.auto.trigger.threshold = 10000 (custom)
2023-02-16 22:43:30,836 [pool-271-thread-1] INFO  server.RaftServerConfigKeys (ConfUtils.java:logGet(46)) - raft.server.snapshot.retention.file.num = 5 (custom)
2023-02-16 22:43:30,836 [pool-271-thread-1] INFO  server.RaftServerConfigKeys (ConfUtils.java:logGet(46)) - raft.server.log.purge.upto.snapshot.index = false (default)
2023-02-16 22:43:30,837 [Command processor thread] INFO  ratis.XceiverServerRatis (XceiverServerRatis.java:addGroup(807)) - Created group PipelineID=cb7a3606-01d7-44a7-894a-b909ef32902f
2023-02-16 22:43:30,841 [3e8a9429-e74a-4c7d-8972-bcaa764ec965@group-B909EF32902F-FollowerState] INFO  server.RaftServerConfigKeys (ConfUtils.java:logFallback(53)) - raft.server.rpc.first-election.timeout.min = 5s (fallback to raft.server.rpc.timeout.min)
2023-02-16 22:43:30,841 [3e8a9429-e74a-4c7d-8972-bcaa764ec965@group-B909EF32902F-FollowerState] INFO  server.RaftServerConfigKeys (ConfUtils.java:logFallback(53)) - raft.server.rpc.first-election.timeout.max = 5200ms (fallback to raft.server.rpc.timeout.max)
2023-02-16 22:43:30,871 [grpc-default-executor-0] INFO  server.RaftServer (RaftServerProxy.java:addNew(96)) - 3344520a-2062-4b5f-b8c2-e6a9091bb895: addNew group-B909EF32902F:[3344520a-2062-4b5f-b8c2-e6a9091bb895|rpc:10.1.0.43:39317|dataStream:10.1.0.43:34361|priority:1|startupRole:FOLLOWER, d5431bb7-4da0-4de3-8e42-f94aec5e63a8|rpc:10.1.0.43:35497|dataStream:10.1.0.43:43737|priority:0|startupRole:FOLLOWER, 3e8a9429-e74a-4c7d-8972-bcaa764ec965|rpc:10.1.0.43:36365|dataStream:10.1.0.43:39593|priority:0|startupRole:FOLLOWER] returns group-B909EF32902F:java.util.concurrent.CompletableFuture@6718972[Not completed]
2023-02-16 22:43:30,873 [pool-293-thread-1] INFO  server.RaftServer$Division (RaftServerImpl.java:<init>(195)) - 3344520a-2062-4b5f-b8c2-e6a9091bb895: new RaftServerImpl for group-B909EF32902F:[3344520a-2062-4b5f-b8c2-e6a9091bb895|rpc:10.1.0.43:39317|dataStream:10.1.0.43:34361|priority:1|startupRole:FOLLOWER, d5431bb7-4da0-4de3-8e42-f94aec5e63a8|rpc:10.1.0.43:35497|dataStream:10.1.0.43:43737|priority:0|startupRole:FOLLOWER, 3e8a9429-e74a-4c7d-8972-bcaa764ec965|rpc:10.1.0.43:36365|dataStream:10.1.0.43:39593|priority:0|startupRole:FOLLOWER] with ContainerStateMachine:uninitialized
2023-02-16 22:43:30,873 [pool-293-thread-1] INFO  server.RaftServerConfigKeys (ConfUtils.java:logGet(46)) - raft.server.rpc.timeout.min = 5s (custom)
2023-02-16 22:43:30,873 [pool-293-thread-1] INFO  server.RaftServerConfigKeys (ConfUtils.java:logGet(46)) - raft.server.rpc.timeout.max = 5200ms (custom)
2023-02-16 22:43:30,873 [pool-293-thread-1] INFO  server.RaftServerConfigKeys (ConfUtils.java:logGet(46)) - raft.server.rpc.sleep.time = 25ms (default)
2023-02-16 22:43:30,873 [pool-293-thread-1] INFO  server.RaftServerConfigKeys (ConfUtils.java:logGet(46)) - raft.server.rpc.slowness.timeout = 300000ms (custom)
2023-02-16 22:43:30,873 [pool-293-thread-1] INFO  server.RaftServerConfigKeys (ConfUtils.java:logGet(46)) - raft.server.leaderelection.leader.step-down.wait-time = 10s (default)
2023-02-16 22:43:30,873 [pool-293-thread-1] INFO  server.RaftServerConfigKeys (ConfUtils.java:logGet(46)) - raft.server.sleep.deviation.threshold = 300ms (default)
2023-02-16 22:43:30,873 [pool-293-thread-1] INFO  server.RaftServer$Division (ServerState.java:<init>(118)) - 3344520a-2062-4b5f-b8c2-e6a9091bb895@group-B909EF32902F: ConfigurationManager, init=-1: peers:[3344520a-2062-4b5f-b8c2-e6a9091bb895|rpc:10.1.0.43:39317|dataStream:10.1.0.43:34361|priority:1|startupRole:FOLLOWER, d5431bb7-4da0-4de3-8e42-f94aec5e63a8|rpc:10.1.0.43:35497|dataStream:10.1.0.43:43737|priority:0|startupRole:FOLLOWER, 3e8a9429-e74a-4c7d-8972-bcaa764ec965|rpc:10.1.0.43:36365|dataStream:10.1.0.43:39593|priority:0|startupRole:FOLLOWER]|listeners:[], old=null, confs=<EMPTY_MAP>
2023-02-16 22:43:30,874 [pool-293-thread-1] INFO  server.RaftServerConfigKeys (ConfUtils.java:logGet(46)) - raft.server.storage.dir = [/home/runner/work/ozone/ozone/hadoop-ozone/integration-test/target/test-dir/MiniOzoneClusterImpl-40d1b4d0-2c8f-4763-9166-3e69b7713d06/datanode-1/data/ratis] (custom)
2023-02-16 22:43:30,874 [pool-293-thread-1] INFO  server.RaftServerConfigKeys (ConfUtils.java:logGet(46)) - raft.server.log.corruption.policy = EXCEPTION (default)
2023-02-16 22:43:30,874 [pool-293-thread-1] INFO  server.RaftServerConfigKeys (ConfUtils.java:logGet(46)) - raft.server.storage.free-space.min = 0MB (=0) (default)
2023-02-16 22:43:30,875 [pool-293-thread-1] INFO  server.RaftServerConfigKeys (ConfUtils.java:logGet(46)) - raft.server.notification.no-leader.timeout = 300000ms (custom)
2023-02-16 22:43:30,875 [pool-293-thread-1] INFO  server.RaftServerConfigKeys (ConfUtils.java:logGet(46)) - raft.server.retrycache.expirytime = 600000ms (custom)
2023-02-16 22:43:30,875 [pool-293-thread-1] INFO  server.RaftServerConfigKeys (ConfUtils.java:logGet(46)) - raft.server.retrycache.statistics.expirytime = 100μs (default)
2023-02-16 22:43:30,877 [pool-293-thread-1] INFO  server.RaftServerConfigKeys (ConfUtils.java:logGet(46)) - raft.server.log.appender.install.snapshot.enabled = false (custom)
2023-02-16 22:43:30,877 [pool-293-thread-1] INFO  server.RaftServerConfigKeys (ConfUtils.java:logGet(46)) - raft.server.threadpool.server.cached = true (default)
2023-02-16 22:43:30,877 [pool-293-thread-1] INFO  server.RaftServerConfigKeys (ConfUtils.java:logGet(46)) - raft.server.threadpool.server.size = 0 (default)
2023-02-16 22:43:30,877 [pool-293-thread-1] INFO  server.RaftServerConfigKeys (ConfUtils.java:logGet(46)) - raft.server.threadpool.client.cached = true (default)
2023-02-16 22:43:30,877 [pool-293-thread-1] INFO  server.RaftServerConfigKeys (ConfUtils.java:logGet(46)) - raft.server.threadpool.client.size = 0 (default)
2023-02-16 22:43:30,877 [pool-293-thread-1] INFO  storage.RaftStorageDirectory (RaftStorageDirectoryImpl.java:analyzeStorage(137)) - The storage directory /home/runner/work/ozone/ozone/hadoop-ozone/integration-test/target/test-dir/MiniOzoneClusterImpl-40d1b4d0-2c8f-4763-9166-3e69b7713d06/datanode-1/data/ratis/cb7a3606-01d7-44a7-894a-b909ef32902f does not exist. Creating ...
2023-02-16 22:43:30,883 [pool-293-thread-1] INFO  storage.RaftStorageDirectory (RaftStorageDirectoryImpl.java:tryLock(231)) - Lock on /home/runner/work/ozone/ozone/hadoop-ozone/integration-test/target/test-dir/MiniOzoneClusterImpl-40d1b4d0-2c8f-4763-9166-3e69b7713d06/datanode-1/data/ratis/cb7a3606-01d7-44a7-894a-b909ef32902f/in_use.lock acquired by nodename 60597@fv-az571-511
2023-02-16 22:43:30,885 [pool-293-thread-1] INFO  storage.RaftStorage (RaftStorageImpl.java:format(96)) - Storage directory /home/runner/work/ozone/ozone/hadoop-ozone/integration-test/target/test-dir/MiniOzoneClusterImpl-40d1b4d0-2c8f-4763-9166-3e69b7713d06/datanode-1/data/ratis/cb7a3606-01d7-44a7-894a-b909ef32902f has been successfully formatted.
2023-02-16 22:43:30,886 [pool-293-thread-1] INFO  ratis.ContainerStateMachine (ContainerStateMachine.java:loadSnapshot(240)) - group-B909EF32902F: The snapshot info is null. Setting the last applied indexto:(t:0, i:~)
2023-02-16 22:43:30,886 [pool-293-thread-1] INFO  server.RaftServerConfigKeys (ConfUtils.java:logGet(46)) - raft.server.log.use.memory = false (default)
2023-02-16 22:43:30,886 [pool-293-thread-1] INFO  server.RaftServerConfigKeys (ConfUtils.java:logGet(46)) - raft.server.log.purge.gap = 1000000 (custom)
2023-02-16 22:43:30,886 [pool-293-thread-1] INFO  server.RaftServerConfigKeys (ConfUtils.java:logGet(46)) - raft.server.log.appender.buffer.byte-limit = 33554432 (custom)
2023-02-16 22:43:30,887 [pool-293-thread-1] INFO  server.RaftServerConfigKeys (ConfUtils.java:logGet(46)) - raft.server.log.statemachine.data.read.timeout = 1000ms (default)
2023-02-16 22:43:30,887 [pool-293-thread-1] INFO  server.RaftServerConfigKeys (ConfUtils.java:logGet(46)) - raft.server.log.purge.preservation.log.num = 0 (default)
2023-02-16 22:43:30,887 [pool-293-thread-1] INFO  server.RaftServerConfigKeys (ConfUtils.java:logGet(46)) - raft.server.log.segment.size.max = 1048576 (custom)
2023-02-16 22:43:30,887 [pool-293-thread-1] INFO  server.RaftServerConfigKeys (ConfUtils.java:logGet(46)) - raft.server.log.segment.cache.num.max = 2 (custom)
2023-02-16 22:43:30,887 [pool-293-thread-1] INFO  server.RaftServerConfigKeys (ConfUtils.java:logGet(46)) - raft.server.log.segment.cache.size.max = 200MB (=209715200) (default)
2023-02-16 22:43:30,887 [pool-293-thread-1] INFO  segmented.SegmentedRaftLogWorker (SegmentedRaftLogWorker.java:<init>(189)) - new 3344520a-2062-4b5f-b8c2-e6a9091bb895@group-B909EF32902F-SegmentedRaftLogWorker for RaftStorageImpl:Storage Directory /home/runner/work/ozone/ozone/hadoop-ozone/integration-test/target/test-dir/MiniOzoneClusterImpl-40d1b4d0-2c8f-4763-9166-3e69b7713d06/datanode-1/data/ratis/cb7a3606-01d7-44a7-894a-b909ef32902f
2023-02-16 22:43:30,888 [pool-293-thread-1] INFO  server.RaftServerConfigKeys (ConfUtils.java:logGet(46)) - raft.server.log.queue.byte-limit = 4294967296 (custom)
2023-02-16 22:43:30,888 [pool-293-thread-1] INFO  server.RaftServerConfigKeys (ConfUtils.java:logGet(46)) - raft.server.log.queue.element-limit = 1024 (custom)
2023-02-16 22:43:30,888 [pool-293-thread-1] INFO  server.RaftServerConfigKeys (ConfUtils.java:logGet(46)) - raft.server.log.segment.size.max = 1048576 (custom)
2023-02-16 22:43:30,888 [pool-293-thread-1] INFO  server.RaftServerConfigKeys (ConfUtils.java:logGet(46)) - raft.server.log.preallocated.size = 16384 (custom)
2023-02-16 22:43:30,888 [pool-293-thread-1] INFO  server.RaftServerConfigKeys (ConfUtils.java:logGet(46)) - raft.server.log.force.sync.num = 128 (default)
2023-02-16 22:43:30,888 [pool-293-thread-1] INFO  server.RaftServerConfigKeys (ConfUtils.java:logGet(46)) - raft.server.log.statemachine.data.sync = true (default)
2023-02-16 22:43:30,888 [pool-293-thread-1] INFO  server.RaftServerConfigKeys (ConfUtils.java:logGet(46)) - raft.server.log.statemachine.data.sync.timeout = 10s (default)
2023-02-16 22:43:30,888 [pool-293-thread-1] INFO  server.RaftServerConfigKeys (ConfUtils.java:logGet(46)) - raft.server.log.statemachine.data.sync.timeout.retry = -1 (default)
2023-02-16 22:43:30,889 [pool-293-thread-1] INFO  server.RaftServerConfigKeys (ConfUtils.java:logGet(46)) - raft.server.log.write.buffer.size = 1048576 (custom)
2023-02-16 22:43:30,890 [pool-293-thread-1] INFO  server.RaftServerConfigKeys (ConfUtils.java:logGet(46)) - raft.server.log.appender.buffer.byte-limit = 33554432 (custom)
2023-02-16 22:43:30,901 [pool-293-thread-1] INFO  server.RaftServerConfigKeys (ConfUtils.java:logGet(46)) - raft.server.log.unsafe-flush.enabled = false (default)
2023-02-16 22:43:30,901 [pool-293-thread-1] INFO  server.RaftServerConfigKeys (ConfUtils.java:logGet(46)) - raft.server.log.async-flush.enabled = false (default)
2023-02-16 22:43:30,901 [pool-293-thread-1] INFO  server.RaftServerConfigKeys (ConfUtils.java:logGet(46)) - raft.server.log.statemachine.data.caching.enabled = true (custom)
2023-02-16 22:43:30,902 [pool-293-thread-1] INFO  segmented.SegmentedRaftLogWorker (SegmentedRaftLogWorker.java:lambda$new$0(135)) - 3344520a-2062-4b5f-b8c2-e6a9091bb895@group-B909EF32902F-SegmentedRaftLogWorker: flushIndex: setUnconditionally 0 -> -1
2023-02-16 22:43:30,902 [pool-293-thread-1] INFO  segmented.SegmentedRaftLogWorker (SegmentedRaftLogWorker.java:lambda$new$0(135)) - 3344520a-2062-4b5f-b8c2-e6a9091bb895@group-B909EF32902F-SegmentedRaftLogWorker: safeCacheEvictIndex: setUnconditionally 0 -> -1
2023-02-16 22:43:30,905 [pool-293-thread-1] INFO  server.RaftServer$Division (RaftServerImpl.java:start(334)) - 3344520a-2062-4b5f-b8c2-e6a9091bb895@group-B909EF32902F: start as a follower, conf=-1: peers:[3344520a-2062-4b5f-b8c2-e6a9091bb895|rpc:10.1.0.43:39317|dataStream:10.1.0.43:34361|priority:1|startupRole:FOLLOWER, d5431bb7-4da0-4de3-8e42-f94aec5e63a8|rpc:10.1.0.43:35497|dataStream:10.1.0.43:43737|priority:0|startupRole:FOLLOWER, 3e8a9429-e74a-4c7d-8972-bcaa764ec965|rpc:10.1.0.43:36365|dataStream:10.1.0.43:39593|priority:0|startupRole:FOLLOWER]|listeners:[], old=null
2023-02-16 22:43:30,905 [pool-293-thread-1] INFO  server.RaftServer$Division (RaftServerImpl.java:setRole(321)) - 3344520a-2062-4b5f-b8c2-e6a9091bb895@group-B909EF32902F: changes role from      null to FOLLOWER at term 0 for startAsFollower
2023-02-16 22:43:30,905 [pool-293-thread-1] INFO  impl.RoleInfo (RoleInfo.java:updateAndGet(139)) - 3344520a-2062-4b5f-b8c2-e6a9091bb895: start 3344520a-2062-4b5f-b8c2-e6a9091bb895@group-B909EF32902F-FollowerState
2023-02-16 22:43:30,910 [pool-293-thread-1] INFO  util.JmxRegister (JmxRegister.java:tryRegister(44)) - Successfully registered JMX Bean with object name Ratis:service=RaftServer,group=group-B909EF32902F,id=3344520a-2062-4b5f-b8c2-e6a9091bb895
2023-02-16 22:43:30,910 [pool-293-thread-1] INFO  server.RaftServerConfigKeys (ConfUtils.java:logGet(46)) - raft.server.snapshot.auto.trigger.enabled = true (custom)
2023-02-16 22:43:30,911 [pool-293-thread-1] INFO  server.RaftServerConfigKeys (ConfUtils.java:logGet(46)) - raft.server.snapshot.auto.trigger.threshold = 10000 (custom)
2023-02-16 22:43:30,911 [pool-293-thread-1] INFO  server.RaftServerConfigKeys (ConfUtils.java:logGet(46)) - raft.server.snapshot.retention.file.num = 5 (custom)
2023-02-16 22:43:30,911 [pool-293-thread-1] INFO  server.RaftServerConfigKeys (ConfUtils.java:logGet(46)) - raft.server.log.purge.upto.snapshot.index = false (default)
2023-02-16 22:43:30,911 [3344520a-2062-4b5f-b8c2-e6a9091bb895@group-B909EF32902F-FollowerState] INFO  server.RaftServerConfigKeys (ConfUtils.java:logFallback(53)) - raft.server.rpc.first-election.timeout.min = 5s (fallback to raft.server.rpc.timeout.min)
2023-02-16 22:43:30,911 [3344520a-2062-4b5f-b8c2-e6a9091bb895@group-B909EF32902F-FollowerState] INFO  server.RaftServerConfigKeys (ConfUtils.java:logFallback(53)) - raft.server.rpc.first-election.timeout.max = 5200ms (fallback to raft.server.rpc.timeout.max)
2023-02-16 22:43:30,929 [grpc-default-executor-0] INFO  server.RaftServer (RaftServerProxy.java:addNew(96)) - d5431bb7-4da0-4de3-8e42-f94aec5e63a8: addNew group-B909EF32902F:[3344520a-2062-4b5f-b8c2-e6a9091bb895|rpc:10.1.0.43:39317|dataStream:10.1.0.43:34361|priority:1|startupRole:FOLLOWER, d5431bb7-4da0-4de3-8e42-f94aec5e63a8|rpc:10.1.0.43:35497|dataStream:10.1.0.43:43737|priority:0|startupRole:FOLLOWER, 3e8a9429-e74a-4c7d-8972-bcaa764ec965|rpc:10.1.0.43:36365|dataStream:10.1.0.43:39593|priority:0|startupRole:FOLLOWER] returns group-B909EF32902F:java.util.concurrent.CompletableFuture@161677d6[Not completed]
2023-02-16 22:43:30,931 [pool-315-thread-1] INFO  server.RaftServer$Division (RaftServerImpl.java:<init>(195)) - d5431bb7-4da0-4de3-8e42-f94aec5e63a8: new RaftServerImpl for group-B909EF32902F:[3344520a-2062-4b5f-b8c2-e6a9091bb895|rpc:10.1.0.43:39317|dataStream:10.1.0.43:34361|priority:1|startupRole:FOLLOWER, d5431bb7-4da0-4de3-8e42-f94aec5e63a8|rpc:10.1.0.43:35497|dataStream:10.1.0.43:43737|priority:0|startupRole:FOLLOWER, 3e8a9429-e74a-4c7d-8972-bcaa764ec965|rpc:10.1.0.43:36365|dataStream:10.1.0.43:39593|priority:0|startupRole:FOLLOWER] with ContainerStateMachine:uninitialized
2023-02-16 22:43:30,931 [pool-315-thread-1] INFO  server.RaftServerConfigKeys (ConfUtils.java:logGet(46)) - raft.server.rpc.timeout.min = 5s (custom)
2023-02-16 22:43:30,931 [pool-315-thread-1] INFO  server.RaftServerConfigKeys (ConfUtils.java:logGet(46)) - raft.server.rpc.timeout.max = 5200ms (custom)
2023-02-16 22:43:30,931 [pool-315-thread-1] INFO  server.RaftServerConfigKeys (ConfUtils.java:logGet(46)) - raft.server.rpc.sleep.time = 25ms (default)
2023-02-16 22:43:30,931 [pool-315-thread-1] INFO  server.RaftServerConfigKeys (ConfUtils.java:logGet(46)) - raft.server.rpc.slowness.timeout = 300000ms (custom)
2023-02-16 22:43:30,931 [pool-315-thread-1] INFO  server.RaftServerConfigKeys (ConfUtils.java:logGet(46)) - raft.server.leaderelection.leader.step-down.wait-time = 10s (default)
2023-02-16 22:43:30,931 [pool-315-thread-1] INFO  server.RaftServerConfigKeys (ConfUtils.java:logGet(46)) - raft.server.sleep.deviation.threshold = 300ms (default)
2023-02-16 22:43:30,931 [pool-315-thread-1] INFO  server.RaftServer$Division (ServerState.java:<init>(118)) - d5431bb7-4da0-4de3-8e42-f94aec5e63a8@group-B909EF32902F: ConfigurationManager, init=-1: peers:[3344520a-2062-4b5f-b8c2-e6a9091bb895|rpc:10.1.0.43:39317|dataStream:10.1.0.43:34361|priority:1|startupRole:FOLLOWER, d5431bb7-4da0-4de3-8e42-f94aec5e63a8|rpc:10.1.0.43:35497|dataStream:10.1.0.43:43737|priority:0|startupRole:FOLLOWER, 3e8a9429-e74a-4c7d-8972-bcaa764ec965|rpc:10.1.0.43:36365|dataStream:10.1.0.43:39593|priority:0|startupRole:FOLLOWER]|listeners:[], old=null, confs=<EMPTY_MAP>
2023-02-16 22:43:30,931 [pool-315-thread-1] INFO  server.RaftServerConfigKeys (ConfUtils.java:logGet(46)) - raft.server.storage.dir = [/home/runner/work/ozone/ozone/hadoop-ozone/integration-test/target/test-dir/MiniOzoneClusterImpl-40d1b4d0-2c8f-4763-9166-3e69b7713d06/datanode-2/data/ratis] (custom)
2023-02-16 22:43:30,932 [pool-315-thread-1] INFO  server.RaftServerConfigKeys (ConfUtils.java:logGet(46)) - raft.server.log.corruption.policy = EXCEPTION (default)
2023-02-16 22:43:30,932 [pool-315-thread-1] INFO  server.RaftServerConfigKeys (ConfUtils.java:logGet(46)) - raft.server.storage.free-space.min = 0MB (=0) (default)
2023-02-16 22:43:30,932 [pool-315-thread-1] INFO  server.RaftServerConfigKeys (ConfUtils.java:logGet(46)) - raft.server.notification.no-leader.timeout = 300000ms (custom)
2023-02-16 22:43:30,932 [pool-315-thread-1] INFO  server.RaftServerConfigKeys (ConfUtils.java:logGet(46)) - raft.server.retrycache.expirytime = 600000ms (custom)
2023-02-16 22:43:30,932 [pool-315-thread-1] INFO  server.RaftServerConfigKeys (ConfUtils.java:logGet(46)) - raft.server.retrycache.statistics.expirytime = 100μs (default)
2023-02-16 22:43:30,933 [pool-315-thread-1] INFO  server.RaftServerConfigKeys (ConfUtils.java:logGet(46)) - raft.server.log.appender.install.snapshot.enabled = false (custom)
2023-02-16 22:43:30,933 [pool-315-thread-1] INFO  server.RaftServerConfigKeys (ConfUtils.java:logGet(46)) - raft.server.threadpool.server.cached = true (default)
2023-02-16 22:43:30,933 [pool-315-thread-1] INFO  server.RaftServerConfigKeys (ConfUtils.java:logGet(46)) - raft.server.threadpool.server.size = 0 (default)
2023-02-16 22:43:30,933 [pool-315-thread-1] INFO  server.RaftServerConfigKeys (ConfUtils.java:logGet(46)) - raft.server.threadpool.client.cached = true (default)
2023-02-16 22:43:30,933 [pool-315-thread-1] INFO  server.RaftServerConfigKeys (ConfUtils.java:logGet(46)) - raft.server.threadpool.client.size = 0 (default)
2023-02-16 22:43:30,934 [pool-315-thread-1] INFO  storage.RaftStorageDirectory (RaftStorageDirectoryImpl.java:analyzeStorage(137)) - The storage directory /home/runner/work/ozone/ozone/hadoop-ozone/integration-test/target/test-dir/MiniOzoneClusterImpl-40d1b4d0-2c8f-4763-9166-3e69b7713d06/datanode-2/data/ratis/cb7a3606-01d7-44a7-894a-b909ef32902f does not exist. Creating ...
2023-02-16 22:43:30,936 [pool-315-thread-1] INFO  storage.RaftStorageDirectory (RaftStorageDirectoryImpl.java:tryLock(231)) - Lock on /home/runner/work/ozone/ozone/hadoop-ozone/integration-test/target/test-dir/MiniOzoneClusterImpl-40d1b4d0-2c8f-4763-9166-3e69b7713d06/datanode-2/data/ratis/cb7a3606-01d7-44a7-894a-b909ef32902f/in_use.lock acquired by nodename 60597@fv-az571-511
2023-02-16 22:43:30,938 [pool-315-thread-1] INFO  storage.RaftStorage (RaftStorageImpl.java:format(96)) - Storage directory /home/runner/work/ozone/ozone/hadoop-ozone/integration-test/target/test-dir/MiniOzoneClusterImpl-40d1b4d0-2c8f-4763-9166-3e69b7713d06/datanode-2/data/ratis/cb7a3606-01d7-44a7-894a-b909ef32902f has been successfully formatted.
2023-02-16 22:43:30,940 [pool-315-thread-1] INFO  ratis.ContainerStateMachine (ContainerStateMachine.java:loadSnapshot(240)) - group-B909EF32902F: The snapshot info is null. Setting the last applied indexto:(t:0, i:~)
2023-02-16 22:43:30,940 [pool-315-thread-1] INFO  server.RaftServerConfigKeys (ConfUtils.java:logGet(46)) - raft.server.log.use.memory = false (default)
2023-02-16 22:43:30,940 [pool-315-thread-1] INFO  server.RaftServerConfigKeys (ConfUtils.java:logGet(46)) - raft.server.log.purge.gap = 1000000 (custom)
2023-02-16 22:43:30,940 [pool-315-thread-1] INFO  server.RaftServerConfigKeys (ConfUtils.java:logGet(46)) - raft.server.log.appender.buffer.byte-limit = 33554432 (custom)
2023-02-16 22:43:30,941 [pool-315-thread-1] INFO  server.RaftServerConfigKeys (ConfUtils.java:logGet(46)) - raft.server.log.statemachine.data.read.timeout = 1000ms (default)
2023-02-16 22:43:30,941 [pool-315-thread-1] INFO  server.RaftServerConfigKeys (ConfUtils.java:logGet(46)) - raft.server.log.purge.preservation.log.num = 0 (default)
2023-02-16 22:43:30,942 [pool-315-thread-1] INFO  server.RaftServerConfigKeys (ConfUtils.java:logGet(46)) - raft.server.log.segment.size.max = 1048576 (custom)
2023-02-16 22:43:30,942 [pool-315-thread-1] INFO  server.RaftServerConfigKeys (ConfUtils.java:logGet(46)) - raft.server.log.segment.cache.num.max = 2 (custom)
2023-02-16 22:43:30,942 [pool-315-thread-1] INFO  server.RaftServerConfigKeys (ConfUtils.java:logGet(46)) - raft.server.log.segment.cache.size.max = 200MB (=209715200) (default)
2023-02-16 22:43:30,942 [pool-315-thread-1] INFO  segmented.SegmentedRaftLogWorker (SegmentedRaftLogWorker.java:<init>(189)) - new d5431bb7-4da0-4de3-8e42-f94aec5e63a8@group-B909EF32902F-SegmentedRaftLogWorker for RaftStorageImpl:Storage Directory /home/runner/work/ozone/ozone/hadoop-ozone/integration-test/target/test-dir/MiniOzoneClusterImpl-40d1b4d0-2c8f-4763-9166-3e69b7713d06/datanode-2/data/ratis/cb7a3606-01d7-44a7-894a-b909ef32902f
2023-02-16 22:43:30,942 [pool-315-thread-1] INFO  server.RaftServerConfigKeys (ConfUtils.java:logGet(46)) - raft.server.log.queue.byte-limit = 4294967296 (custom)
2023-02-16 22:43:30,942 [pool-315-thread-1] INFO  server.RaftServerConfigKeys (ConfUtils.java:logGet(46)) - raft.server.log.queue.element-limit = 1024 (custom)
2023-02-16 22:43:30,943 [pool-315-thread-1] INFO  server.RaftServerConfigKeys (ConfUtils.java:logGet(46)) - raft.server.log.segment.size.max = 1048576 (custom)
2023-02-16 22:43:30,943 [pool-315-thread-1] INFO  server.RaftServerConfigKeys (ConfUtils.java:logGet(46)) - raft.server.log.preallocated.size = 16384 (custom)
2023-02-16 22:43:30,943 [pool-315-thread-1] INFO  server.RaftServerConfigKeys (ConfUtils.java:logGet(46)) - raft.server.log.force.sync.num = 128 (default)
2023-02-16 22:43:30,943 [pool-315-thread-1] INFO  server.RaftServerConfigKeys (ConfUtils.java:logGet(46)) - raft.server.log.statemachine.data.sync = true (default)
2023-02-16 22:43:30,943 [pool-315-thread-1] INFO  server.RaftServerConfigKeys (ConfUtils.java:logGet(46)) - raft.server.log.statemachine.data.sync.timeout = 10s (default)
2023-02-16 22:43:30,943 [pool-315-thread-1] INFO  server.RaftServerConfigKeys (ConfUtils.java:logGet(46)) - raft.server.log.statemachine.data.sync.timeout.retry = -1 (default)
2023-02-16 22:43:30,944 [pool-315-thread-1] INFO  server.RaftServerConfigKeys (ConfUtils.java:logGet(46)) - raft.server.log.write.buffer.size = 1048576 (custom)
2023-02-16 22:43:30,944 [pool-315-thread-1] INFO  server.RaftServerConfigKeys (ConfUtils.java:logGet(46)) - raft.server.log.appender.buffer.byte-limit = 33554432 (custom)
2023-02-16 22:43:30,951 [pool-315-thread-1] INFO  server.RaftServerConfigKeys (ConfUtils.java:logGet(46)) - raft.server.log.unsafe-flush.enabled = false (default)
2023-02-16 22:43:30,952 [pool-315-thread-1] INFO  server.RaftServerConfigKeys (ConfUtils.java:logGet(46)) - raft.server.log.async-flush.enabled = false (default)
2023-02-16 22:43:30,952 [pool-315-thread-1] INFO  server.RaftServerConfigKeys (ConfUtils.java:logGet(46)) - raft.server.log.statemachine.data.caching.enabled = true (custom)
2023-02-16 22:43:30,952 [pool-315-thread-1] INFO  segmented.SegmentedRaftLogWorker (SegmentedRaftLogWorker.java:lambda$new$0(135)) - d5431bb7-4da0-4de3-8e42-f94aec5e63a8@group-B909EF32902F-SegmentedRaftLogWorker: flushIndex: setUnconditionally 0 -> -1
2023-02-16 22:43:30,952 [pool-315-thread-1] INFO  segmented.SegmentedRaftLogWorker (SegmentedRaftLogWorker.java:lambda$new$0(135)) - d5431bb7-4da0-4de3-8e42-f94aec5e63a8@group-B909EF32902F-SegmentedRaftLogWorker: safeCacheEvictIndex: setUnconditionally 0 -> -1
2023-02-16 22:43:30,952 [pool-315-thread-1] INFO  server.RaftServer$Division (RaftServerImpl.java:start(334)) - d5431bb7-4da0-4de3-8e42-f94aec5e63a8@group-B909EF32902F: start as a follower, conf=-1: peers:[3344520a-2062-4b5f-b8c2-e6a9091bb895|rpc:10.1.0.43:39317|dataStream:10.1.0.43:34361|priority:1|startupRole:FOLLOWER, d5431bb7-4da0-4de3-8e42-f94aec5e63a8|rpc:10.1.0.43:35497|dataStream:10.1.0.43:43737|priority:0|startupRole:FOLLOWER, 3e8a9429-e74a-4c7d-8972-bcaa764ec965|rpc:10.1.0.43:36365|dataStream:10.1.0.43:39593|priority:0|startupRole:FOLLOWER]|listeners:[], old=null
2023-02-16 22:43:30,952 [pool-315-thread-1] INFO  server.RaftServer$Division (RaftServerImpl.java:setRole(321)) - d5431bb7-4da0-4de3-8e42-f94aec5e63a8@group-B909EF32902F: changes role from      null to FOLLOWER at term 0 for startAsFollower
2023-02-16 22:43:30,952 [pool-315-thread-1] INFO  impl.RoleInfo (RoleInfo.java:updateAndGet(139)) - d5431bb7-4da0-4de3-8e42-f94aec5e63a8: start d5431bb7-4da0-4de3-8e42-f94aec5e63a8@group-B909EF32902F-FollowerState
2023-02-16 22:43:30,958 [pool-315-thread-1] INFO  util.JmxRegister (JmxRegister.java:tryRegister(44)) - Successfully registered JMX Bean with object name Ratis:service=RaftServer,group=group-B909EF32902F,id=d5431bb7-4da0-4de3-8e42-f94aec5e63a8
2023-02-16 22:43:30,958 [pool-315-thread-1] INFO  server.RaftServerConfigKeys (ConfUtils.java:logGet(46)) - raft.server.snapshot.auto.trigger.enabled = true (custom)
2023-02-16 22:43:30,958 [pool-315-thread-1] INFO  server.RaftServerConfigKeys (ConfUtils.java:logGet(46)) - raft.server.snapshot.auto.trigger.threshold = 10000 (custom)
2023-02-16 22:43:30,958 [pool-315-thread-1] INFO  server.RaftServerConfigKeys (ConfUtils.java:logGet(46)) - raft.server.snapshot.retention.file.num = 5 (custom)
2023-02-16 22:43:30,958 [pool-315-thread-1] INFO  server.RaftServerConfigKeys (ConfUtils.java:logGet(46)) - raft.server.log.purge.upto.snapshot.index = false (default)
2023-02-16 22:43:30,960 [d5431bb7-4da0-4de3-8e42-f94aec5e63a8@group-B909EF32902F-FollowerState] INFO  server.RaftServerConfigKeys (ConfUtils.java:logFallback(53)) - raft.server.rpc.first-election.timeout.min = 5s (fallback to raft.server.rpc.timeout.min)
2023-02-16 22:43:30,960 [d5431bb7-4da0-4de3-8e42-f94aec5e63a8@group-B909EF32902F-FollowerState] INFO  server.RaftServerConfigKeys (ConfUtils.java:logFallback(53)) - raft.server.rpc.first-election.timeout.max = 5200ms (fallback to raft.server.rpc.timeout.max)
2023-02-16 22:43:30,974 [Command processor thread] INFO  commandhandler.CreatePipelineCommandHandler (CreatePipelineCommandHandler.java:handle(113)) - Created Pipeline RATIS THREE PipelineID=cb7a3606-01d7-44a7-894a-b909ef32902f.
2023-02-16 22:43:30,974 [Command processor thread] INFO  server.RaftServer (RaftServerProxy.java:addNew(96)) - 3e8a9429-e74a-4c7d-8972-bcaa764ec965: addNew group-49033BB25431:[3344520a-2062-4b5f-b8c2-e6a9091bb895|rpc:10.1.0.43:39317|dataStream:10.1.0.43:34361|priority:0|startupRole:FOLLOWER, d5431bb7-4da0-4de3-8e42-f94aec5e63a8|rpc:10.1.0.43:35497|dataStream:10.1.0.43:43737|priority:0|startupRole:FOLLOWER, 3e8a9429-e74a-4c7d-8972-bcaa764ec965|rpc:10.1.0.43:36365|dataStream:10.1.0.43:39593|priority:1|startupRole:FOLLOWER] returns group-49033BB25431:java.util.concurrent.CompletableFuture@608d2a61[Not completed]
2023-02-16 22:43:30,975 [pool-271-thread-1] INFO  server.RaftServer$Division (RaftServerImpl.java:<init>(195)) - 3e8a9429-e74a-4c7d-8972-bcaa764ec965: new RaftServerImpl for group-49033BB25431:[3344520a-2062-4b5f-b8c2-e6a9091bb895|rpc:10.1.0.43:39317|dataStream:10.1.0.43:34361|priority:0|startupRole:FOLLOWER, d5431bb7-4da0-4de3-8e42-f94aec5e63a8|rpc:10.1.0.43:35497|dataStream:10.1.0.43:43737|priority:0|startupRole:FOLLOWER, 3e8a9429-e74a-4c7d-8972-bcaa764ec965|rpc:10.1.0.43:36365|dataStream:10.1.0.43:39593|priority:1|startupRole:FOLLOWER] with ContainerStateMachine:uninitialized
2023-02-16 22:43:30,975 [pool-271-thread-1] INFO  server.RaftServerConfigKeys (ConfUtils.java:logGet(46)) - raft.server.rpc.timeout.min = 5s (custom)
2023-02-16 22:43:30,975 [pool-271-thread-1] INFO  server.RaftServerConfigKeys (ConfUtils.java:logGet(46)) - raft.server.rpc.timeout.max = 5200ms (custom)
2023-02-16 22:43:30,975 [pool-271-thread-1] INFO  server.RaftServerConfigKeys (ConfUtils.java:logGet(46)) - raft.server.rpc.sleep.time = 25ms (default)
2023-02-16 22:43:30,975 [pool-271-thread-1] INFO  server.RaftServerConfigKeys (ConfUtils.java:logGet(46)) - raft.server.rpc.slowness.timeout = 300000ms (custom)
2023-02-16 22:43:30,976 [pool-271-thread-1] INFO  server.RaftServerConfigKeys (ConfUtils.java:logGet(46)) - raft.server.leaderelection.leader.step-down.wait-time = 10s (default)
2023-02-16 22:43:30,976 [pool-271-thread-1] INFO  server.RaftServerConfigKeys (ConfUtils.java:logGet(46)) - raft.server.sleep.deviation.threshold = 300ms (default)
2023-02-16 22:43:30,976 [pool-271-thread-1] INFO  server.RaftServer$Division (ServerState.java:<init>(118)) - 3e8a9429-e74a-4c7d-8972-bcaa764ec965@group-49033BB25431: ConfigurationManager, init=-1: peers:[3344520a-2062-4b5f-b8c2-e6a9091bb895|rpc:10.1.0.43:39317|dataStream:10.1.0.43:34361|priority:0|startupRole:FOLLOWER, d5431bb7-4da0-4de3-8e42-f94aec5e63a8|rpc:10.1.0.43:35497|dataStream:10.1.0.43:43737|priority:0|startupRole:FOLLOWER, 3e8a9429-e74a-4c7d-8972-bcaa764ec965|rpc:10.1.0.43:36365|dataStream:10.1.0.43:39593|priority:1|startupRole:FOLLOWER]|listeners:[], old=null, confs=<EMPTY_MAP>
2023-02-16 22:43:30,976 [pool-271-thread-1] INFO  server.RaftServerConfigKeys (ConfUtils.java:logGet(46)) - raft.server.storage.dir = [/home/runner/work/ozone/ozone/hadoop-ozone/integration-test/target/test-dir/MiniOzoneClusterImpl-40d1b4d0-2c8f-4763-9166-3e69b7713d06/datanode-0/data/ratis] (custom)
2023-02-16 22:43:30,976 [pool-271-thread-1] INFO  server.RaftServerConfigKeys (ConfUtils.java:logGet(46)) - raft.server.log.corruption.policy = EXCEPTION (default)
2023-02-16 22:43:30,976 [pool-271-thread-1] INFO  server.RaftServerConfigKeys (ConfUtils.java:logGet(46)) - raft.server.storage.free-space.min = 0MB (=0) (default)
2023-02-16 22:43:30,976 [pool-271-thread-1] INFO  server.RaftServerConfigKeys (ConfUtils.java:logGet(46)) - raft.server.notification.no-leader.timeout = 300000ms (custom)
2023-02-16 22:43:30,976 [pool-271-thread-1] INFO  server.RaftServerConfigKeys (ConfUtils.java:logGet(46)) - raft.server.retrycache.expirytime = 600000ms (custom)
2023-02-16 22:43:30,976 [pool-271-thread-1] INFO  server.RaftServerConfigKeys (ConfUtils.java:logGet(46)) - raft.server.retrycache.statistics.expirytime = 100μs (default)
2023-02-16 22:43:30,978 [pool-271-thread-1] INFO  server.RaftServerConfigKeys (ConfUtils.java:logGet(46)) - raft.server.log.appender.install.snapshot.enabled = false (custom)
2023-02-16 22:43:30,978 [pool-271-thread-1] INFO  server.RaftServerConfigKeys (ConfUtils.java:logGet(46)) - raft.server.threadpool.server.cached = true (default)
2023-02-16 22:43:30,978 [pool-271-thread-1] INFO  server.RaftServerConfigKeys (ConfUtils.java:logGet(46)) - raft.server.threadpool.server.size = 0 (default)
2023-02-16 22:43:30,978 [pool-271-thread-1] INFO  server.RaftServerConfigKeys (ConfUtils.java:logGet(46)) - raft.server.threadpool.client.cached = true (default)
2023-02-16 22:43:30,978 [pool-271-thread-1] INFO  server.RaftServerConfigKeys (ConfUtils.java:logGet(46)) - raft.server.threadpool.client.size = 0 (default)
2023-02-16 22:43:30,978 [pool-271-thread-1] INFO  storage.RaftStorageDirectory (RaftStorageDirectoryImpl.java:analyzeStorage(137)) - The storage directory /home/runner/work/ozone/ozone/hadoop-ozone/integration-test/target/test-dir/MiniOzoneClusterImpl-40d1b4d0-2c8f-4763-9166-3e69b7713d06/datanode-0/data/ratis/525e2fff-37a4-4418-916d-49033bb25431 does not exist. Creating ...
2023-02-16 22:43:30,981 [pool-271-thread-1] INFO  storage.RaftStorageDirectory (RaftStorageDirectoryImpl.java:tryLock(231)) - Lock on /home/runner/work/ozone/ozone/hadoop-ozone/integration-test/target/test-dir/MiniOzoneClusterImpl-40d1b4d0-2c8f-4763-9166-3e69b7713d06/datanode-0/data/ratis/525e2fff-37a4-4418-916d-49033bb25431/in_use.lock acquired by nodename 60597@fv-az571-511
2023-02-16 22:43:30,991 [pool-271-thread-1] INFO  storage.RaftStorage (RaftStorageImpl.java:format(96)) - Storage directory /home/runner/work/ozone/ozone/hadoop-ozone/integration-test/target/test-dir/MiniOzoneClusterImpl-40d1b4d0-2c8f-4763-9166-3e69b7713d06/datanode-0/data/ratis/525e2fff-37a4-4418-916d-49033bb25431 has been successfully formatted.
2023-02-16 22:43:30,992 [pool-271-thread-1] INFO  ratis.ContainerStateMachine (ContainerStateMachine.java:loadSnapshot(240)) - group-49033BB25431: The snapshot info is null. Setting the last applied indexto:(t:0, i:~)
2023-02-16 22:43:30,992 [pool-271-thread-1] INFO  server.RaftServerConfigKeys (ConfUtils.java:logGet(46)) - raft.server.log.use.memory = false (default)
2023-02-16 22:43:30,994 [pool-271-thread-1] INFO  server.RaftServerConfigKeys (ConfUtils.java:logGet(46)) - raft.server.log.purge.gap = 1000000 (custom)
2023-02-16 22:43:30,994 [EventQueue-OpenPipelineForHealthyPipelineSafeModeRule] INFO  safemode.SCMSafeModeManager (HealthyPipelineSafeModeRule.java:process(137)) - SCM in safe mode. Healthy pipelines reported count is 0, required healthy pipeline reported count is 1
2023-02-16 22:43:30,994 [pool-271-thread-1] INFO  server.RaftServerConfigKeys (ConfUtils.java:logGet(46)) - raft.server.log.appender.buffer.byte-limit = 33554432 (custom)
2023-02-16 22:43:30,995 [pool-271-thread-1] INFO  server.RaftServerConfigKeys (ConfUtils.java:logGet(46)) - raft.server.log.statemachine.data.read.timeout = 1000ms (default)
2023-02-16 22:43:30,995 [pool-271-thread-1] INFO  server.RaftServerConfigKeys (ConfUtils.java:logGet(46)) - raft.server.log.purge.preservation.log.num = 0 (default)
2023-02-16 22:43:30,995 [pool-271-thread-1] INFO  server.RaftServerConfigKeys (ConfUtils.java:logGet(46)) - raft.server.log.segment.size.max = 1048576 (custom)
2023-02-16 22:43:30,995 [pool-271-thread-1] INFO  server.RaftServerConfigKeys (ConfUtils.java:logGet(46)) - raft.server.log.segment.cache.num.max = 2 (custom)
2023-02-16 22:43:30,995 [pool-271-thread-1] INFO  server.RaftServerConfigKeys (ConfUtils.java:logGet(46)) - raft.server.log.segment.cache.size.max = 200MB (=209715200) (default)
2023-02-16 22:43:30,995 [pool-271-thread-1] INFO  segmented.SegmentedRaftLogWorker (SegmentedRaftLogWorker.java:<init>(189)) - new 3e8a9429-e74a-4c7d-8972-bcaa764ec965@group-49033BB25431-SegmentedRaftLogWorker for RaftStorageImpl:Storage Directory /home/runner/work/ozone/ozone/hadoop-ozone/integration-test/target/test-dir/MiniOzoneClusterImpl-40d1b4d0-2c8f-4763-9166-3e69b7713d06/datanode-0/data/ratis/525e2fff-37a4-4418-916d-49033bb25431
2023-02-16 22:43:30,996 [pool-271-thread-1] INFO  server.RaftServerConfigKeys (ConfUtils.java:logGet(46)) - raft.server.log.queue.byte-limit = 4294967296 (custom)
2023-02-16 22:43:30,996 [pool-271-thread-1] INFO  server.RaftServerConfigKeys (ConfUtils.java:logGet(46)) - raft.server.log.queue.element-limit = 1024 (custom)
2023-02-16 22:43:30,997 [pool-271-thread-1] INFO  server.RaftServerConfigKeys (ConfUtils.java:logGet(46)) - raft.server.log.segment.size.max = 1048576 (custom)
2023-02-16 22:43:30,997 [pool-271-thread-1] INFO  server.RaftServerConfigKeys (ConfUtils.java:logGet(46)) - raft.server.log.preallocated.size = 16384 (custom)
2023-02-16 22:43:30,997 [pool-271-thread-1] INFO  server.RaftServerConfigKeys (ConfUtils.java:logGet(46)) - raft.server.log.force.sync.num = 128 (default)
2023-02-16 22:43:30,997 [pool-271-thread-1] INFO  server.RaftServerConfigKeys (ConfUtils.java:logGet(46)) - raft.server.log.statemachine.data.sync = true (default)
2023-02-16 22:43:30,997 [pool-271-thread-1] INFO  server.RaftServerConfigKeys (ConfUtils.java:logGet(46)) - raft.server.log.statemachine.data.sync.timeout = 10s (default)
2023-02-16 22:43:30,997 [pool-271-thread-1] INFO  server.RaftServerConfigKeys (ConfUtils.java:logGet(46)) - raft.server.log.statemachine.data.sync.timeout.retry = -1 (default)
2023-02-16 22:43:30,998 [pool-271-thread-1] INFO  server.RaftServerConfigKeys (ConfUtils.java:logGet(46)) - raft.server.log.write.buffer.size = 1048576 (custom)
2023-02-16 22:43:30,999 [pool-271-thread-1] INFO  server.RaftServerConfigKeys (ConfUtils.java:logGet(46)) - raft.server.log.appender.buffer.byte-limit = 33554432 (custom)
2023-02-16 22:43:31,006 [pool-271-thread-1] INFO  server.RaftServerConfigKeys (ConfUtils.java:logGet(46)) - raft.server.log.unsafe-flush.enabled = false (default)
2023-02-16 22:43:31,006 [pool-271-thread-1] INFO  server.RaftServerConfigKeys (ConfUtils.java:logGet(46)) - raft.server.log.async-flush.enabled = false (default)
2023-02-16 22:43:31,006 [pool-271-thread-1] INFO  server.RaftServerConfigKeys (ConfUtils.java:logGet(46)) - raft.server.log.statemachine.data.caching.enabled = true (custom)
2023-02-16 22:43:31,006 [pool-271-thread-1] INFO  segmented.SegmentedRaftLogWorker (SegmentedRaftLogWorker.java:lambda$new$0(135)) - 3e8a9429-e74a-4c7d-8972-bcaa764ec965@group-49033BB25431-SegmentedRaftLogWorker: flushIndex: setUnconditionally 0 -> -1
2023-02-16 22:43:31,006 [pool-271-thread-1] INFO  segmented.SegmentedRaftLogWorker (SegmentedRaftLogWorker.java:lambda$new$0(135)) - 3e8a9429-e74a-4c7d-8972-bcaa764ec965@group-49033BB25431-SegmentedRaftLogWorker: safeCacheEvictIndex: setUnconditionally 0 -> -1
2023-02-16 22:43:31,007 [pool-271-thread-1] INFO  server.RaftServer$Division (RaftServerImpl.java:start(334)) - 3e8a9429-e74a-4c7d-8972-bcaa764ec965@group-49033BB25431: start as a follower, conf=-1: peers:[3344520a-2062-4b5f-b8c2-e6a9091bb895|rpc:10.1.0.43:39317|dataStream:10.1.0.43:34361|priority:0|startupRole:FOLLOWER, d5431bb7-4da0-4de3-8e42-f94aec5e63a8|rpc:10.1.0.43:35497|dataStream:10.1.0.43:43737|priority:0|startupRole:FOLLOWER, 3e8a9429-e74a-4c7d-8972-bcaa764ec965|rpc:10.1.0.43:36365|dataStream:10.1.0.43:39593|priority:1|startupRole:FOLLOWER]|listeners:[], old=null
2023-02-16 22:43:31,007 [pool-271-thread-1] INFO  server.RaftServer$Division (RaftServerImpl.java:setRole(321)) - 3e8a9429-e74a-4c7d-8972-bcaa764ec965@group-49033BB25431: changes role from      null to FOLLOWER at term 0 for startAsFollower
2023-02-16 22:43:31,007 [pool-271-thread-1] INFO  impl.RoleInfo (RoleInfo.java:updateAndGet(139)) - 3e8a9429-e74a-4c7d-8972-bcaa764ec965: start 3e8a9429-e74a-4c7d-8972-bcaa764ec965@group-49033BB25431-FollowerState
2023-02-16 22:43:31,007 [3e8a9429-e74a-4c7d-8972-bcaa764ec965@group-49033BB25431-FollowerState] INFO  server.RaftServerConfigKeys (ConfUtils.java:logFallback(53)) - raft.server.rpc.first-election.timeout.min = 5s (fallback to raft.server.rpc.timeout.min)
2023-02-16 22:43:31,007 [pool-271-thread-1] INFO  util.JmxRegister (JmxRegister.java:tryRegister(44)) - Successfully registered JMX Bean with object name Ratis:service=RaftServer,group=group-49033BB25431,id=3e8a9429-e74a-4c7d-8972-bcaa764ec965
2023-02-16 22:43:31,007 [3e8a9429-e74a-4c7d-8972-bcaa764ec965@group-49033BB25431-FollowerState] INFO  server.RaftServerConfigKeys (ConfUtils.java:logFallback(53)) - raft.server.rpc.first-election.timeout.max = 5200ms (fallback to raft.server.rpc.timeout.max)
2023-02-16 22:43:31,007 [pool-271-thread-1] INFO  server.RaftServerConfigKeys (ConfUtils.java:logGet(46)) - raft.server.snapshot.auto.trigger.enabled = true (custom)
2023-02-16 22:43:31,007 [pool-271-thread-1] INFO  server.RaftServerConfigKeys (ConfUtils.java:logGet(46)) - raft.server.snapshot.auto.trigger.threshold = 10000 (custom)
2023-02-16 22:43:31,008 [pool-271-thread-1] INFO  server.RaftServerConfigKeys (ConfUtils.java:logGet(46)) - raft.server.snapshot.retention.file.num = 5 (custom)
2023-02-16 22:43:31,008 [pool-271-thread-1] INFO  server.RaftServerConfigKeys (ConfUtils.java:logGet(46)) - raft.server.log.purge.upto.snapshot.index = false (default)
2023-02-16 22:43:31,008 [Command processor thread] INFO  ratis.XceiverServerRatis (XceiverServerRatis.java:addGroup(807)) - Created group PipelineID=525e2fff-37a4-4418-916d-49033bb25431
2023-02-16 22:43:31,023 [grpc-default-executor-0] INFO  server.RaftServer (RaftServerProxy.java:addNew(96)) - 3344520a-2062-4b5f-b8c2-e6a9091bb895: addNew group-49033BB25431:[3344520a-2062-4b5f-b8c2-e6a9091bb895|rpc:10.1.0.43:39317|dataStream:10.1.0.43:34361|priority:0|startupRole:FOLLOWER, d5431bb7-4da0-4de3-8e42-f94aec5e63a8|rpc:10.1.0.43:35497|dataStream:10.1.0.43:43737|priority:0|startupRole:FOLLOWER, 3e8a9429-e74a-4c7d-8972-bcaa764ec965|rpc:10.1.0.43:36365|dataStream:10.1.0.43:39593|priority:1|startupRole:FOLLOWER] returns group-49033BB25431:java.util.concurrent.CompletableFuture@2b1f52e6[Not completed]
2023-02-16 22:43:31,024 [pool-293-thread-1] INFO  server.RaftServer$Division (RaftServerImpl.java:<init>(195)) - 3344520a-2062-4b5f-b8c2-e6a9091bb895: new RaftServerImpl for group-49033BB25431:[3344520a-2062-4b5f-b8c2-e6a9091bb895|rpc:10.1.0.43:39317|dataStream:10.1.0.43:34361|priority:0|startupRole:FOLLOWER, d5431bb7-4da0-4de3-8e42-f94aec5e63a8|rpc:10.1.0.43:35497|dataStream:10.1.0.43:43737|priority:0|startupRole:FOLLOWER, 3e8a9429-e74a-4c7d-8972-bcaa764ec965|rpc:10.1.0.43:36365|dataStream:10.1.0.43:39593|priority:1|startupRole:FOLLOWER] with ContainerStateMachine:uninitialized
2023-02-16 22:43:31,024 [pool-293-thread-1] INFO  server.RaftServerConfigKeys (ConfUtils.java:logGet(46)) - raft.server.rpc.timeout.min = 5s (custom)
2023-02-16 22:43:31,025 [pool-293-thread-1] INFO  server.RaftServerConfigKeys (ConfUtils.java:logGet(46)) - raft.server.rpc.timeout.max = 5200ms (custom)
2023-02-16 22:43:31,025 [pool-293-thread-1] INFO  server.RaftServerConfigKeys (ConfUtils.java:logGet(46)) - raft.server.rpc.sleep.time = 25ms (default)
2023-02-16 22:43:31,025 [pool-293-thread-1] INFO  server.RaftServerConfigKeys (ConfUtils.java:logGet(46)) - raft.server.rpc.slowness.timeout = 300000ms (custom)
2023-02-16 22:43:31,025 [pool-293-thread-1] INFO  server.RaftServerConfigKeys (ConfUtils.java:logGet(46)) - raft.server.leaderelection.leader.step-down.wait-time = 10s (default)
2023-02-16 22:43:31,025 [pool-293-thread-1] INFO  server.RaftServerConfigKeys (ConfUtils.java:logGet(46)) - raft.server.sleep.deviation.threshold = 300ms (default)
2023-02-16 22:43:31,025 [pool-293-thread-1] INFO  server.RaftServer$Division (ServerState.java:<init>(118)) - 3344520a-2062-4b5f-b8c2-e6a9091bb895@group-49033BB25431: ConfigurationManager, init=-1: peers:[3344520a-2062-4b5f-b8c2-e6a9091bb895|rpc:10.1.0.43:39317|dataStream:10.1.0.43:34361|priority:0|startupRole:FOLLOWER, d5431bb7-4da0-4de3-8e42-f94aec5e63a8|rpc:10.1.0.43:35497|dataStream:10.1.0.43:43737|priority:0|startupRole:FOLLOWER, 3e8a9429-e74a-4c7d-8972-bcaa764ec965|rpc:10.1.0.43:36365|dataStream:10.1.0.43:39593|priority:1|startupRole:FOLLOWER]|listeners:[], old=null, confs=<EMPTY_MAP>
2023-02-16 22:43:31,025 [pool-293-thread-1] INFO  server.RaftServerConfigKeys (ConfUtils.java:logGet(46)) - raft.server.storage.dir = [/home/runner/work/ozone/ozone/hadoop-ozone/integration-test/target/test-dir/MiniOzoneClusterImpl-40d1b4d0-2c8f-4763-9166-3e69b7713d06/datanode-1/data/ratis] (custom)
2023-02-16 22:43:31,025 [pool-293-thread-1] INFO  server.RaftServerConfigKeys (ConfUtils.java:logGet(46)) - raft.server.log.corruption.policy = EXCEPTION (default)
2023-02-16 22:43:31,026 [pool-293-thread-1] INFO  server.RaftServerConfigKeys (ConfUtils.java:logGet(46)) - raft.server.storage.free-space.min = 0MB (=0) (default)
2023-02-16 22:43:31,026 [pool-293-thread-1] INFO  server.RaftServerConfigKeys (ConfUtils.java:logGet(46)) - raft.server.notification.no-leader.timeout = 300000ms (custom)
2023-02-16 22:43:31,026 [pool-293-thread-1] INFO  server.RaftServerConfigKeys (ConfUtils.java:logGet(46)) - raft.server.retrycache.expirytime = 600000ms (custom)
2023-02-16 22:43:31,026 [pool-293-thread-1] INFO  server.RaftServerConfigKeys (ConfUtils.java:logGet(46)) - raft.server.retrycache.statistics.expirytime = 100μs (default)
2023-02-16 22:43:31,027 [pool-293-thread-1] INFO  server.RaftServerConfigKeys (ConfUtils.java:logGet(46)) - raft.server.log.appender.install.snapshot.enabled = false (custom)
2023-02-16 22:43:31,027 [pool-293-thread-1] INFO  server.RaftServerConfigKeys (ConfUtils.java:logGet(46)) - raft.server.threadpool.server.cached = true (default)
2023-02-16 22:43:31,027 [pool-293-thread-1] INFO  server.RaftServerConfigKeys (ConfUtils.java:logGet(46)) - raft.server.threadpool.server.size = 0 (default)
2023-02-16 22:43:31,027 [pool-293-thread-1] INFO  server.RaftServerConfigKeys (ConfUtils.java:logGet(46)) - raft.server.threadpool.client.cached = true (default)
2023-02-16 22:43:31,027 [pool-293-thread-1] INFO  server.RaftServerConfigKeys (ConfUtils.java:logGet(46)) - raft.server.threadpool.client.size = 0 (default)
2023-02-16 22:43:31,027 [pool-293-thread-1] INFO  storage.RaftStorageDirectory (RaftStorageDirectoryImpl.java:analyzeStorage(137)) - The storage directory /home/runner/work/ozone/ozone/hadoop-ozone/integration-test/target/test-dir/MiniOzoneClusterImpl-40d1b4d0-2c8f-4763-9166-3e69b7713d06/datanode-1/data/ratis/525e2fff-37a4-4418-916d-49033bb25431 does not exist. Creating ...
2023-02-16 22:43:31,029 [pool-293-thread-1] INFO  storage.RaftStorageDirectory (RaftStorageDirectoryImpl.java:tryLock(231)) - Lock on /home/runner/work/ozone/ozone/hadoop-ozone/integration-test/target/test-dir/MiniOzoneClusterImpl-40d1b4d0-2c8f-4763-9166-3e69b7713d06/datanode-1/data/ratis/525e2fff-37a4-4418-916d-49033bb25431/in_use.lock acquired by nodename 60597@fv-az571-511
2023-02-16 22:43:31,031 [pool-293-thread-1] INFO  storage.RaftStorage (RaftStorageImpl.java:format(96)) - Storage directory /home/runner/work/ozone/ozone/hadoop-ozone/integration-test/target/test-dir/MiniOzoneClusterImpl-40d1b4d0-2c8f-4763-9166-3e69b7713d06/datanode-1/data/ratis/525e2fff-37a4-4418-916d-49033bb25431 has been successfully formatted.
2023-02-16 22:43:31,031 [pool-293-thread-1] INFO  ratis.ContainerStateMachine (ContainerStateMachine.java:loadSnapshot(240)) - group-49033BB25431: The snapshot info is null. Setting the last applied indexto:(t:0, i:~)
2023-02-16 22:43:31,032 [pool-293-thread-1] INFO  server.RaftServerConfigKeys (ConfUtils.java:logGet(46)) - raft.server.log.use.memory = false (default)
2023-02-16 22:43:31,032 [pool-293-thread-1] INFO  server.RaftServerConfigKeys (ConfUtils.java:logGet(46)) - raft.server.log.purge.gap = 1000000 (custom)
2023-02-16 22:43:31,032 [pool-293-thread-1] INFO  server.RaftServerConfigKeys (ConfUtils.java:logGet(46)) - raft.server.log.appender.buffer.byte-limit = 33554432 (custom)
2023-02-16 22:43:31,032 [pool-293-thread-1] INFO  server.RaftServerConfigKeys (ConfUtils.java:logGet(46)) - raft.server.log.statemachine.data.read.timeout = 1000ms (default)
2023-02-16 22:43:31,032 [pool-293-thread-1] INFO  server.RaftServerConfigKeys (ConfUtils.java:logGet(46)) - raft.server.log.purge.preservation.log.num = 0 (default)
2023-02-16 22:43:31,034 [pool-293-thread-1] INFO  server.RaftServerConfigKeys (ConfUtils.java:logGet(46)) - raft.server.log.segment.size.max = 1048576 (custom)
2023-02-16 22:43:31,034 [pool-293-thread-1] INFO  server.RaftServerConfigKeys (ConfUtils.java:logGet(46)) - raft.server.log.segment.cache.num.max = 2 (custom)
2023-02-16 22:43:31,034 [pool-293-thread-1] INFO  server.RaftServerConfigKeys (ConfUtils.java:logGet(46)) - raft.server.log.segment.cache.size.max = 200MB (=209715200) (default)
2023-02-16 22:43:31,035 [pool-293-thread-1] INFO  segmented.SegmentedRaftLogWorker (SegmentedRaftLogWorker.java:<init>(189)) - new 3344520a-2062-4b5f-b8c2-e6a9091bb895@group-49033BB25431-SegmentedRaftLogWorker for RaftStorageImpl:Storage Directory /home/runner/work/ozone/ozone/hadoop-ozone/integration-test/target/test-dir/MiniOzoneClusterImpl-40d1b4d0-2c8f-4763-9166-3e69b7713d06/datanode-1/data/ratis/525e2fff-37a4-4418-916d-49033bb25431
2023-02-16 22:43:31,035 [pool-293-thread-1] INFO  server.RaftServerConfigKeys (ConfUtils.java:logGet(46)) - raft.server.log.queue.byte-limit = 4294967296 (custom)
2023-02-16 22:43:31,035 [pool-293-thread-1] INFO  server.RaftServerConfigKeys (ConfUtils.java:logGet(46)) - raft.server.log.queue.element-limit = 1024 (custom)
2023-02-16 22:43:31,035 [pool-293-thread-1] INFO  server.RaftServerConfigKeys (ConfUtils.java:logGet(46)) - raft.server.log.segment.size.max = 1048576 (custom)
2023-02-16 22:43:31,035 [pool-293-thread-1] INFO  server.RaftServerConfigKeys (ConfUtils.java:logGet(46)) - raft.server.log.preallocated.size = 16384 (custom)
2023-02-16 22:43:31,035 [pool-293-thread-1] INFO  server.RaftServerConfigKeys (ConfUtils.java:logGet(46)) - raft.server.log.force.sync.num = 128 (default)
2023-02-16 22:43:31,035 [pool-293-thread-1] INFO  server.RaftServerConfigKeys (ConfUtils.java:logGet(46)) - raft.server.log.statemachine.data.sync = true (default)
2023-02-16 22:43:31,035 [pool-293-thread-1] INFO  server.RaftServerConfigKeys (ConfUtils.java:logGet(46)) - raft.server.log.statemachine.data.sync.timeout = 10s (default)
2023-02-16 22:43:31,035 [pool-293-thread-1] INFO  server.RaftServerConfigKeys (ConfUtils.java:logGet(46)) - raft.server.log.statemachine.data.sync.timeout.retry = -1 (default)
2023-02-16 22:43:31,036 [pool-293-thread-1] INFO  server.RaftServerConfigKeys (ConfUtils.java:logGet(46)) - raft.server.log.write.buffer.size = 1048576 (custom)
2023-02-16 22:43:31,039 [pool-293-thread-1] INFO  server.RaftServerConfigKeys (ConfUtils.java:logGet(46)) - raft.server.log.appender.buffer.byte-limit = 33554432 (custom)
2023-02-16 22:43:31,045 [pool-293-thread-1] INFO  server.RaftServerConfigKeys (ConfUtils.java:logGet(46)) - raft.server.log.unsafe-flush.enabled = false (default)
2023-02-16 22:43:31,045 [pool-293-thread-1] INFO  server.RaftServerConfigKeys (ConfUtils.java:logGet(46)) - raft.server.log.async-flush.enabled = false (default)
2023-02-16 22:43:31,045 [pool-293-thread-1] INFO  server.RaftServerConfigKeys (ConfUtils.java:logGet(46)) - raft.server.log.statemachine.data.caching.enabled = true (custom)
2023-02-16 22:43:31,046 [pool-293-thread-1] INFO  segmented.SegmentedRaftLogWorker (SegmentedRaftLogWorker.java:lambda$new$0(135)) - 3344520a-2062-4b5f-b8c2-e6a9091bb895@group-49033BB25431-SegmentedRaftLogWorker: flushIndex: setUnconditionally 0 -> -1
2023-02-16 22:43:31,046 [pool-293-thread-1] INFO  segmented.SegmentedRaftLogWorker (SegmentedRaftLogWorker.java:lambda$new$0(135)) - 3344520a-2062-4b5f-b8c2-e6a9091bb895@group-49033BB25431-SegmentedRaftLogWorker: safeCacheEvictIndex: setUnconditionally 0 -> -1
2023-02-16 22:43:31,046 [pool-293-thread-1] INFO  server.RaftServer$Division (RaftServerImpl.java:start(334)) - 3344520a-2062-4b5f-b8c2-e6a9091bb895@group-49033BB25431: start as a follower, conf=-1: peers:[3344520a-2062-4b5f-b8c2-e6a9091bb895|rpc:10.1.0.43:39317|dataStream:10.1.0.43:34361|priority:0|startupRole:FOLLOWER, d5431bb7-4da0-4de3-8e42-f94aec5e63a8|rpc:10.1.0.43:35497|dataStream:10.1.0.43:43737|priority:0|startupRole:FOLLOWER, 3e8a9429-e74a-4c7d-8972-bcaa764ec965|rpc:10.1.0.43:36365|dataStream:10.1.0.43:39593|priority:1|startupRole:FOLLOWER]|listeners:[], old=null
2023-02-16 22:43:31,046 [pool-293-thread-1] INFO  server.RaftServer$Division (RaftServerImpl.java:setRole(321)) - 3344520a-2062-4b5f-b8c2-e6a9091bb895@group-49033BB25431: changes role from      null to FOLLOWER at term 0 for startAsFollower
2023-02-16 22:43:31,046 [pool-293-thread-1] INFO  impl.RoleInfo (RoleInfo.java:updateAndGet(139)) - 3344520a-2062-4b5f-b8c2-e6a9091bb895: start 3344520a-2062-4b5f-b8c2-e6a9091bb895@group-49033BB25431-FollowerState
2023-02-16 22:43:31,047 [3344520a-2062-4b5f-b8c2-e6a9091bb895@group-49033BB25431-FollowerState] INFO  server.RaftServerConfigKeys (ConfUtils.java:logFallback(53)) - raft.server.rpc.first-election.timeout.min = 5s (fallback to raft.server.rpc.timeout.min)
2023-02-16 22:43:31,047 [3344520a-2062-4b5f-b8c2-e6a9091bb895@group-49033BB25431-FollowerState] INFO  server.RaftServerConfigKeys (ConfUtils.java:logFallback(53)) - raft.server.rpc.first-election.timeout.max = 5200ms (fallback to raft.server.rpc.timeout.max)
2023-02-16 22:43:31,047 [pool-293-thread-1] INFO  util.JmxRegister (JmxRegister.java:tryRegister(44)) - Successfully registered JMX Bean with object name Ratis:service=RaftServer,group=group-49033BB25431,id=3344520a-2062-4b5f-b8c2-e6a9091bb895
2023-02-16 22:43:31,047 [pool-293-thread-1] INFO  server.RaftServerConfigKeys (ConfUtils.java:logGet(46)) - raft.server.snapshot.auto.trigger.enabled = true (custom)
2023-02-16 22:43:31,047 [pool-293-thread-1] INFO  server.RaftServerConfigKeys (ConfUtils.java:logGet(46)) - raft.server.snapshot.auto.trigger.threshold = 10000 (custom)
2023-02-16 22:43:31,047 [pool-293-thread-1] INFO  server.RaftServerConfigKeys (ConfUtils.java:logGet(46)) - raft.server.snapshot.retention.file.num = 5 (custom)
2023-02-16 22:43:31,047 [pool-293-thread-1] INFO  server.RaftServerConfigKeys (ConfUtils.java:logGet(46)) - raft.server.log.purge.upto.snapshot.index = false (default)
2023-02-16 22:43:31,076 [grpc-default-executor-0] INFO  server.RaftServer (RaftServerProxy.java:addNew(96)) - d5431bb7-4da0-4de3-8e42-f94aec5e63a8: addNew group-49033BB25431:[3344520a-2062-4b5f-b8c2-e6a9091bb895|rpc:10.1.0.43:39317|dataStream:10.1.0.43:34361|priority:0|startupRole:FOLLOWER, d5431bb7-4da0-4de3-8e42-f94aec5e63a8|rpc:10.1.0.43:35497|dataStream:10.1.0.43:43737|priority:0|startupRole:FOLLOWER, 3e8a9429-e74a-4c7d-8972-bcaa764ec965|rpc:10.1.0.43:36365|dataStream:10.1.0.43:39593|priority:1|startupRole:FOLLOWER] returns group-49033BB25431:java.util.concurrent.CompletableFuture@5a29635b[Not completed]
2023-02-16 22:43:31,078 [pool-315-thread-1] INFO  server.RaftServer$Division (RaftServerImpl.java:<init>(195)) - d5431bb7-4da0-4de3-8e42-f94aec5e63a8: new RaftServerImpl for group-49033BB25431:[3344520a-2062-4b5f-b8c2-e6a9091bb895|rpc:10.1.0.43:39317|dataStream:10.1.0.43:34361|priority:0|startupRole:FOLLOWER, d5431bb7-4da0-4de3-8e42-f94aec5e63a8|rpc:10.1.0.43:35497|dataStream:10.1.0.43:43737|priority:0|startupRole:FOLLOWER, 3e8a9429-e74a-4c7d-8972-bcaa764ec965|rpc:10.1.0.43:36365|dataStream:10.1.0.43:39593|priority:1|startupRole:FOLLOWER] with ContainerStateMachine:uninitialized
2023-02-16 22:43:31,078 [pool-315-thread-1] INFO  server.RaftServerConfigKeys (ConfUtils.java:logGet(46)) - raft.server.rpc.timeout.min = 5s (custom)
2023-02-16 22:43:31,078 [pool-315-thread-1] INFO  server.RaftServerConfigKeys (ConfUtils.java:logGet(46)) - raft.server.rpc.timeout.max = 5200ms (custom)
2023-02-16 22:43:31,078 [pool-315-thread-1] INFO  server.RaftServerConfigKeys (ConfUtils.java:logGet(46)) - raft.server.rpc.sleep.time = 25ms (default)
2023-02-16 22:43:31,078 [pool-315-thread-1] INFO  server.RaftServerConfigKeys (ConfUtils.java:logGet(46)) - raft.server.rpc.slowness.timeout = 300000ms (custom)
2023-02-16 22:43:31,078 [pool-315-thread-1] INFO  server.RaftServerConfigKeys (ConfUtils.java:logGet(46)) - raft.server.leaderelection.leader.step-down.wait-time = 10s (default)
2023-02-16 22:43:31,078 [pool-315-thread-1] INFO  server.RaftServerConfigKeys (ConfUtils.java:logGet(46)) - raft.server.sleep.deviation.threshold = 300ms (default)
2023-02-16 22:43:31,078 [pool-315-thread-1] INFO  server.RaftServer$Division (ServerState.java:<init>(118)) - d5431bb7-4da0-4de3-8e42-f94aec5e63a8@group-49033BB25431: ConfigurationManager, init=-1: peers:[3344520a-2062-4b5f-b8c2-e6a9091bb895|rpc:10.1.0.43:39317|dataStream:10.1.0.43:34361|priority:0|startupRole:FOLLOWER, d5431bb7-4da0-4de3-8e42-f94aec5e63a8|rpc:10.1.0.43:35497|dataStream:10.1.0.43:43737|priority:0|startupRole:FOLLOWER, 3e8a9429-e74a-4c7d-8972-bcaa764ec965|rpc:10.1.0.43:36365|dataStream:10.1.0.43:39593|priority:1|startupRole:FOLLOWER]|listeners:[], old=null, confs=<EMPTY_MAP>
2023-02-16 22:43:31,078 [pool-315-thread-1] INFO  server.RaftServerConfigKeys (ConfUtils.java:logGet(46)) - raft.server.storage.dir = [/home/runner/work/ozone/ozone/hadoop-ozone/integration-test/target/test-dir/MiniOzoneClusterImpl-40d1b4d0-2c8f-4763-9166-3e69b7713d06/datanode-2/data/ratis] (custom)
2023-02-16 22:43:31,079 [pool-315-thread-1] INFO  server.RaftServerConfigKeys (ConfUtils.java:logGet(46)) - raft.server.log.corruption.policy = EXCEPTION (default)
2023-02-16 22:43:31,079 [pool-315-thread-1] INFO  server.RaftServerConfigKeys (ConfUtils.java:logGet(46)) - raft.server.storage.free-space.min = 0MB (=0) (default)
2023-02-16 22:43:31,079 [pool-315-thread-1] INFO  server.RaftServerConfigKeys (ConfUtils.java:logGet(46)) - raft.server.notification.no-leader.timeout = 300000ms (custom)
2023-02-16 22:43:31,079 [pool-315-thread-1] INFO  server.RaftServerConfigKeys (ConfUtils.java:logGet(46)) - raft.server.retrycache.expirytime = 600000ms (custom)
2023-02-16 22:43:31,079 [pool-315-thread-1] INFO  server.RaftServerConfigKeys (ConfUtils.java:logGet(46)) - raft.server.retrycache.statistics.expirytime = 100μs (default)
2023-02-16 22:43:31,080 [pool-315-thread-1] INFO  server.RaftServerConfigKeys (ConfUtils.java:logGet(46)) - raft.server.log.appender.install.snapshot.enabled = false (custom)
2023-02-16 22:43:31,080 [pool-315-thread-1] INFO  server.RaftServerConfigKeys (ConfUtils.java:logGet(46)) - raft.server.threadpool.server.cached = true (default)
2023-02-16 22:43:31,080 [pool-315-thread-1] INFO  server.RaftServerConfigKeys (ConfUtils.java:logGet(46)) - raft.server.threadpool.server.size = 0 (default)
2023-02-16 22:43:31,080 [pool-315-thread-1] INFO  server.RaftServerConfigKeys (ConfUtils.java:logGet(46)) - raft.server.threadpool.client.cached = true (default)
2023-02-16 22:43:31,080 [pool-315-thread-1] INFO  server.RaftServerConfigKeys (ConfUtils.java:logGet(46)) - raft.server.threadpool.client.size = 0 (default)
2023-02-16 22:43:31,080 [pool-315-thread-1] INFO  storage.RaftStorageDirectory (RaftStorageDirectoryImpl.java:analyzeStorage(137)) - The storage directory /home/runner/work/ozone/ozone/hadoop-ozone/integration-test/target/test-dir/MiniOzoneClusterImpl-40d1b4d0-2c8f-4763-9166-3e69b7713d06/datanode-2/data/ratis/525e2fff-37a4-4418-916d-49033bb25431 does not exist. Creating ...
2023-02-16 22:43:31,081 [pool-315-thread-1] INFO  storage.RaftStorageDirectory (RaftStorageDirectoryImpl.java:tryLock(231)) - Lock on /home/runner/work/ozone/ozone/hadoop-ozone/integration-test/target/test-dir/MiniOzoneClusterImpl-40d1b4d0-2c8f-4763-9166-3e69b7713d06/datanode-2/data/ratis/525e2fff-37a4-4418-916d-49033bb25431/in_use.lock acquired by nodename 60597@fv-az571-511
2023-02-16 22:43:31,083 [pool-315-thread-1] INFO  storage.RaftStorage (RaftStorageImpl.java:format(96)) - Storage directory /home/runner/work/ozone/ozone/hadoop-ozone/integration-test/target/test-dir/MiniOzoneClusterImpl-40d1b4d0-2c8f-4763-9166-3e69b7713d06/datanode-2/data/ratis/525e2fff-37a4-4418-916d-49033bb25431 has been successfully formatted.
2023-02-16 22:43:31,085 [pool-315-thread-1] INFO  ratis.ContainerStateMachine (ContainerStateMachine.java:loadSnapshot(240)) - group-49033BB25431: The snapshot info is null. Setting the last applied indexto:(t:0, i:~)
2023-02-16 22:43:31,085 [pool-315-thread-1] INFO  server.RaftServerConfigKeys (ConfUtils.java:logGet(46)) - raft.server.log.use.memory = false (default)
2023-02-16 22:43:31,085 [pool-315-thread-1] INFO  server.RaftServerConfigKeys (ConfUtils.java:logGet(46)) - raft.server.log.purge.gap = 1000000 (custom)
2023-02-16 22:43:31,085 [pool-315-thread-1] INFO  server.RaftServerConfigKeys (ConfUtils.java:logGet(46)) - raft.server.log.appender.buffer.byte-limit = 33554432 (custom)
2023-02-16 22:43:31,085 [pool-315-thread-1] INFO  server.RaftServerConfigKeys (ConfUtils.java:logGet(46)) - raft.server.log.statemachine.data.read.timeout = 1000ms (default)
2023-02-16 22:43:31,085 [pool-315-thread-1] INFO  server.RaftServerConfigKeys (ConfUtils.java:logGet(46)) - raft.server.log.purge.preservation.log.num = 0 (default)
2023-02-16 22:43:31,086 [pool-315-thread-1] INFO  server.RaftServerConfigKeys (ConfUtils.java:logGet(46)) - raft.server.log.segment.size.max = 1048576 (custom)
2023-02-16 22:43:31,086 [pool-315-thread-1] INFO  server.RaftServerConfigKeys (ConfUtils.java:logGet(46)) - raft.server.log.segment.cache.num.max = 2 (custom)
2023-02-16 22:43:31,086 [pool-315-thread-1] INFO  server.RaftServerConfigKeys (ConfUtils.java:logGet(46)) - raft.server.log.segment.cache.size.max = 200MB (=209715200) (default)
2023-02-16 22:43:31,086 [pool-315-thread-1] INFO  segmented.SegmentedRaftLogWorker (SegmentedRaftLogWorker.java:<init>(189)) - new d5431bb7-4da0-4de3-8e42-f94aec5e63a8@group-49033BB25431-SegmentedRaftLogWorker for RaftStorageImpl:Storage Directory /home/runner/work/ozone/ozone/hadoop-ozone/integration-test/target/test-dir/MiniOzoneClusterImpl-40d1b4d0-2c8f-4763-9166-3e69b7713d06/datanode-2/data/ratis/525e2fff-37a4-4418-916d-49033bb25431
2023-02-16 22:43:31,086 [pool-315-thread-1] INFO  server.RaftServerConfigKeys (ConfUtils.java:logGet(46)) - raft.server.log.queue.byte-limit = 4294967296 (custom)
2023-02-16 22:43:31,086 [pool-315-thread-1] INFO  server.RaftServerConfigKeys (ConfUtils.java:logGet(46)) - raft.server.log.queue.element-limit = 1024 (custom)
2023-02-16 22:43:31,087 [pool-315-thread-1] INFO  server.RaftServerConfigKeys (ConfUtils.java:logGet(46)) - raft.server.log.segment.size.max = 1048576 (custom)
2023-02-16 22:43:31,087 [pool-315-thread-1] INFO  server.RaftServerConfigKeys (ConfUtils.java:logGet(46)) - raft.server.log.preallocated.size = 16384 (custom)
2023-02-16 22:43:31,087 [pool-315-thread-1] INFO  server.RaftServerConfigKeys (ConfUtils.java:logGet(46)) - raft.server.log.force.sync.num = 128 (default)
2023-02-16 22:43:31,087 [pool-315-thread-1] INFO  server.RaftServerConfigKeys (ConfUtils.java:logGet(46)) - raft.server.log.statemachine.data.sync = true (default)
2023-02-16 22:43:31,087 [pool-315-thread-1] INFO  server.RaftServerConfigKeys (ConfUtils.java:logGet(46)) - raft.server.log.statemachine.data.sync.timeout = 10s (default)
2023-02-16 22:43:31,087 [pool-315-thread-1] INFO  server.RaftServerConfigKeys (ConfUtils.java:logGet(46)) - raft.server.log.statemachine.data.sync.timeout.retry = -1 (default)
2023-02-16 22:43:31,088 [pool-315-thread-1] INFO  server.RaftServerConfigKeys (ConfUtils.java:logGet(46)) - raft.server.log.write.buffer.size = 1048576 (custom)
2023-02-16 22:43:31,089 [pool-315-thread-1] INFO  server.RaftServerConfigKeys (ConfUtils.java:logGet(46)) - raft.server.log.appender.buffer.byte-limit = 33554432 (custom)
2023-02-16 22:43:31,427 [JvmPauseMonitor7] WARN  util.JvmPauseMonitor (JvmPauseMonitor.java:detectPause(126)) - JvmPauseMonitor-3e8a9429-e74a-4c7d-8972-bcaa764ec965: Detected pause in JVM or host machine (eg GC): pause of approximately 106816385ns.
GC pool 'PS MarkSweep' had collection(s): count=1 time=238ms
GC pool 'PS Scavenge' had collection(s): count=1 time=98ms
2023-02-16 22:43:31,440 [JvmPauseMonitor8] WARN  util.JvmPauseMonitor (JvmPauseMonitor.java:detectPause(126)) - JvmPauseMonitor-3344520a-2062-4b5f-b8c2-e6a9091bb895: Detected pause in JVM or host machine (eg GC): pause of approximately 190891915ns.
GC pool 'PS MarkSweep' had collection(s): count=1 time=238ms
GC pool 'PS Scavenge' had collection(s): count=1 time=98ms
2023-02-16 22:43:31,442 [JvmPauseMonitor10] WARN  util.JvmPauseMonitor (JvmPauseMonitor.java:detectPause(126)) - JvmPauseMonitor-c1d13929-a343-48c2-a26f-f823071f7287: Detected pause in JVM or host machine (eg GC): pause of approximately 328551456ns.
GC pool 'PS MarkSweep' had collection(s): count=1 time=238ms
GC pool 'PS Scavenge' had collection(s): count=1 time=98ms
2023-02-16 22:43:31,441 [JvmPauseMonitor9] WARN  util.JvmPauseMonitor (JvmPauseMonitor.java:detectPause(126)) - JvmPauseMonitor-d5431bb7-4da0-4de3-8e42-f94aec5e63a8: Detected pause in JVM or host machine (eg GC): pause of approximately 255435168ns.
GC pool 'PS MarkSweep' had collection(s): count=1 time=238ms
GC pool 'PS Scavenge' had collection(s): count=1 time=98ms
2023-02-16 22:43:31,440 [JvmPauseMonitor6] WARN  util.JvmPauseMonitor (JvmPauseMonitor.java:detectPause(126)) - JvmPauseMonitor-om1: Detected pause in JVM or host machine (eg GC): pause of approximately 195149632ns.
GC pool 'PS MarkSweep' had collection(s): count=1 time=238ms
GC pool 'PS Scavenge' had collection(s): count=1 time=98ms
2023-02-16 22:43:31,454 [Command processor thread] INFO  server.RaftServer (RaftServerProxy.java:addNew(96)) - 3344520a-2062-4b5f-b8c2-e6a9091bb895: addNew group-58AE03EFF0AF:[3344520a-2062-4b5f-b8c2-e6a9091bb895|rpc:10.1.0.43:39317|dataStream:10.1.0.43:34361|priority:1|startupRole:FOLLOWER] returns group-58AE03EFF0AF:java.util.concurrent.CompletableFuture@58305492[Not completed]
2023-02-16 22:43:31,456 [pool-293-thread-1] INFO  server.RaftServer$Division (RaftServerImpl.java:<init>(195)) - 3344520a-2062-4b5f-b8c2-e6a9091bb895: new RaftServerImpl for group-58AE03EFF0AF:[3344520a-2062-4b5f-b8c2-e6a9091bb895|rpc:10.1.0.43:39317|dataStream:10.1.0.43:34361|priority:1|startupRole:FOLLOWER] with ContainerStateMachine:uninitialized
2023-02-16 22:43:31,456 [pool-293-thread-1] INFO  server.RaftServerConfigKeys (ConfUtils.java:logGet(46)) - raft.server.rpc.timeout.min = 5s (custom)
2023-02-16 22:43:31,456 [pool-293-thread-1] INFO  server.RaftServerConfigKeys (ConfUtils.java:logGet(46)) - raft.server.rpc.timeout.max = 5200ms (custom)
2023-02-16 22:43:31,456 [pool-293-thread-1] INFO  server.RaftServerConfigKeys (ConfUtils.java:logGet(46)) - raft.server.rpc.sleep.time = 25ms (default)
2023-02-16 22:43:31,456 [pool-293-thread-1] INFO  server.RaftServerConfigKeys (ConfUtils.java:logGet(46)) - raft.server.rpc.slowness.timeout = 300000ms (custom)
2023-02-16 22:43:31,457 [pool-293-thread-1] INFO  server.RaftServerConfigKeys (ConfUtils.java:logGet(46)) - raft.server.leaderelection.leader.step-down.wait-time = 10s (default)
2023-02-16 22:43:31,457 [pool-293-thread-1] INFO  server.RaftServerConfigKeys (ConfUtils.java:logGet(46)) - raft.server.sleep.deviation.threshold = 300ms (default)
2023-02-16 22:43:31,457 [pool-293-thread-1] INFO  server.RaftServer$Division (ServerState.java:<init>(118)) - 3344520a-2062-4b5f-b8c2-e6a9091bb895@group-58AE03EFF0AF: ConfigurationManager, init=-1: peers:[3344520a-2062-4b5f-b8c2-e6a9091bb895|rpc:10.1.0.43:39317|dataStream:10.1.0.43:34361|priority:1|startupRole:FOLLOWER]|listeners:[], old=null, confs=<EMPTY_MAP>
2023-02-16 22:43:31,457 [pool-293-thread-1] INFO  server.RaftServerConfigKeys (ConfUtils.java:logGet(46)) - raft.server.storage.dir = [/home/runner/work/ozone/ozone/hadoop-ozone/integration-test/target/test-dir/MiniOzoneClusterImpl-40d1b4d0-2c8f-4763-9166-3e69b7713d06/datanode-1/data/ratis] (custom)
2023-02-16 22:43:31,457 [pool-293-thread-1] INFO  server.RaftServerConfigKeys (ConfUtils.java:logGet(46)) - raft.server.log.corruption.policy = EXCEPTION (default)
2023-02-16 22:43:31,457 [pool-293-thread-1] INFO  server.RaftServerConfigKeys (ConfUtils.java:logGet(46)) - raft.server.storage.free-space.min = 0MB (=0) (default)
2023-02-16 22:43:31,457 [pool-293-thread-1] INFO  server.RaftServerConfigKeys (ConfUtils.java:logGet(46)) - raft.server.notification.no-leader.timeout = 300000ms (custom)
2023-02-16 22:43:31,457 [pool-293-thread-1] INFO  server.RaftServerConfigKeys (ConfUtils.java:logGet(46)) - raft.server.retrycache.expirytime = 600000ms (custom)
2023-02-16 22:43:31,458 [pool-293-thread-1] INFO  server.RaftServerConfigKeys (ConfUtils.java:logGet(46)) - raft.server.retrycache.statistics.expirytime = 100μs (default)
2023-02-16 22:43:31,459 [pool-293-thread-1] INFO  server.RaftServerConfigKeys (ConfUtils.java:logGet(46)) - raft.server.log.appender.install.snapshot.enabled = false (custom)
2023-02-16 22:43:31,459 [pool-293-thread-1] INFO  server.RaftServerConfigKeys (ConfUtils.java:logGet(46)) - raft.server.threadpool.server.cached = true (default)
2023-02-16 22:43:31,459 [pool-293-thread-1] INFO  server.RaftServerConfigKeys (ConfUtils.java:logGet(46)) - raft.server.threadpool.server.size = 0 (default)
2023-02-16 22:43:31,459 [pool-293-thread-1] INFO  server.RaftServerConfigKeys (ConfUtils.java:logGet(46)) - raft.server.threadpool.client.cached = true (default)
2023-02-16 22:43:31,459 [pool-293-thread-1] INFO  server.RaftServerConfigKeys (ConfUtils.java:logGet(46)) - raft.server.threadpool.client.size = 0 (default)
2023-02-16 22:43:31,459 [pool-293-thread-1] INFO  storage.RaftStorageDirectory (RaftStorageDirectoryImpl.java:analyzeStorage(137)) - The storage directory /home/runner/work/ozone/ozone/hadoop-ozone/integration-test/target/test-dir/MiniOzoneClusterImpl-40d1b4d0-2c8f-4763-9166-3e69b7713d06/datanode-1/data/ratis/3eda4739-f305-4826-bacb-58ae03eff0af does not exist. Creating ...
2023-02-16 22:43:31,459 [pool-315-thread-1] INFO  server.RaftServerConfigKeys (ConfUtils.java:logGet(46)) - raft.server.log.unsafe-flush.enabled = false (default)
2023-02-16 22:43:31,460 [pool-315-thread-1] INFO  server.RaftServerConfigKeys (ConfUtils.java:logGet(46)) - raft.server.log.async-flush.enabled = false (default)
2023-02-16 22:43:31,460 [pool-315-thread-1] INFO  server.RaftServerConfigKeys (ConfUtils.java:logGet(46)) - raft.server.log.statemachine.data.caching.enabled = true (custom)
2023-02-16 22:43:31,460 [pool-315-thread-1] INFO  segmented.SegmentedRaftLogWorker (SegmentedRaftLogWorker.java:lambda$new$0(135)) - d5431bb7-4da0-4de3-8e42-f94aec5e63a8@group-49033BB25431-SegmentedRaftLogWorker: flushIndex: setUnconditionally 0 -> -1
2023-02-16 22:43:31,460 [pool-315-thread-1] INFO  segmented.SegmentedRaftLogWorker (SegmentedRaftLogWorker.java:lambda$new$0(135)) - d5431bb7-4da0-4de3-8e42-f94aec5e63a8@group-49033BB25431-SegmentedRaftLogWorker: safeCacheEvictIndex: setUnconditionally 0 -> -1
2023-02-16 22:43:31,462 [pool-293-thread-1] INFO  storage.RaftStorageDirectory (RaftStorageDirectoryImpl.java:tryLock(231)) - Lock on /home/runner/work/ozone/ozone/hadoop-ozone/integration-test/target/test-dir/MiniOzoneClusterImpl-40d1b4d0-2c8f-4763-9166-3e69b7713d06/datanode-1/data/ratis/3eda4739-f305-4826-bacb-58ae03eff0af/in_use.lock acquired by nodename 60597@fv-az571-511
2023-02-16 22:43:31,464 [pool-315-thread-1] INFO  server.RaftServer$Division (RaftServerImpl.java:start(334)) - d5431bb7-4da0-4de3-8e42-f94aec5e63a8@group-49033BB25431: start as a follower, conf=-1: peers:[3344520a-2062-4b5f-b8c2-e6a9091bb895|rpc:10.1.0.43:39317|dataStream:10.1.0.43:34361|priority:0|startupRole:FOLLOWER, d5431bb7-4da0-4de3-8e42-f94aec5e63a8|rpc:10.1.0.43:35497|dataStream:10.1.0.43:43737|priority:0|startupRole:FOLLOWER, 3e8a9429-e74a-4c7d-8972-bcaa764ec965|rpc:10.1.0.43:36365|dataStream:10.1.0.43:39593|priority:1|startupRole:FOLLOWER]|listeners:[], old=null
2023-02-16 22:43:31,465 [pool-315-thread-1] INFO  server.RaftServer$Division (RaftServerImpl.java:setRole(321)) - d5431bb7-4da0-4de3-8e42-f94aec5e63a8@group-49033BB25431: changes role from      null to FOLLOWER at term 0 for startAsFollower
2023-02-16 22:43:31,465 [pool-315-thread-1] INFO  impl.RoleInfo (RoleInfo.java:updateAndGet(139)) - d5431bb7-4da0-4de3-8e42-f94aec5e63a8: start d5431bb7-4da0-4de3-8e42-f94aec5e63a8@group-49033BB25431-FollowerState
2023-02-16 22:43:31,465 [pool-293-thread-1] INFO  storage.RaftStorage (RaftStorageImpl.java:format(96)) - Storage directory /home/runner/work/ozone/ozone/hadoop-ozone/integration-test/target/test-dir/MiniOzoneClusterImpl-40d1b4d0-2c8f-4763-9166-3e69b7713d06/datanode-1/data/ratis/3eda4739-f305-4826-bacb-58ae03eff0af has been successfully formatted.
2023-02-16 22:43:31,472 [pool-315-thread-1] INFO  util.JmxRegister (JmxRegister.java:tryRegister(44)) - Successfully registered JMX Bean with object name Ratis:service=RaftServer,group=group-49033BB25431,id=d5431bb7-4da0-4de3-8e42-f94aec5e63a8
2023-02-16 22:43:31,472 [pool-315-thread-1] INFO  server.RaftServerConfigKeys (ConfUtils.java:logGet(46)) - raft.server.snapshot.auto.trigger.enabled = true (custom)
2023-02-16 22:43:31,472 [pool-315-thread-1] INFO  server.RaftServerConfigKeys (ConfUtils.java:logGet(46)) - raft.server.snapshot.auto.trigger.threshold = 10000 (custom)
2023-02-16 22:43:31,472 [pool-315-thread-1] INFO  server.RaftServerConfigKeys (ConfUtils.java:logGet(46)) - raft.server.snapshot.retention.file.num = 5 (custom)
2023-02-16 22:43:31,472 [pool-315-thread-1] INFO  server.RaftServerConfigKeys (ConfUtils.java:logGet(46)) - raft.server.log.purge.upto.snapshot.index = false (default)
2023-02-16 22:43:31,473 [d5431bb7-4da0-4de3-8e42-f94aec5e63a8@group-49033BB25431-FollowerState] INFO  server.RaftServerConfigKeys (ConfUtils.java:logFallback(53)) - raft.server.rpc.first-election.timeout.min = 5s (fallback to raft.server.rpc.timeout.min)
2023-02-16 22:43:31,473 [d5431bb7-4da0-4de3-8e42-f94aec5e63a8@group-49033BB25431-FollowerState] INFO  server.RaftServerConfigKeys (ConfUtils.java:logFallback(53)) - raft.server.rpc.first-election.timeout.max = 5200ms (fallback to raft.server.rpc.timeout.max)
2023-02-16 22:43:31,473 [pool-293-thread-1] INFO  ratis.ContainerStateMachine (ContainerStateMachine.java:loadSnapshot(240)) - group-58AE03EFF0AF: The snapshot info is null. Setting the last applied indexto:(t:0, i:~)
2023-02-16 22:43:31,473 [pool-293-thread-1] INFO  server.RaftServerConfigKeys (ConfUtils.java:logGet(46)) - raft.server.log.use.memory = false (default)
2023-02-16 22:43:31,474 [pool-293-thread-1] INFO  server.RaftServerConfigKeys (ConfUtils.java:logGet(46)) - raft.server.log.purge.gap = 1000000 (custom)
2023-02-16 22:43:31,474 [pool-293-thread-1] INFO  server.RaftServerConfigKeys (ConfUtils.java:logGet(46)) - raft.server.log.appender.buffer.byte-limit = 33554432 (custom)
2023-02-16 22:43:31,474 [pool-293-thread-1] INFO  server.RaftServerConfigKeys (ConfUtils.java:logGet(46)) - raft.server.log.statemachine.data.read.timeout = 1000ms (default)
2023-02-16 22:43:31,474 [pool-293-thread-1] INFO  server.RaftServerConfigKeys (ConfUtils.java:logGet(46)) - raft.server.log.purge.preservation.log.num = 0 (default)
2023-02-16 22:43:31,474 [EventQueue-PipelineReportForPipelineReportHandler] INFO  pipeline.PipelineManagerImpl (PipelineManagerImpl.java:openPipeline(367)) - Pipeline Pipeline[ Id: 3eda4739-f305-4826-bacb-58ae03eff0af, Nodes: 3344520a-2062-4b5f-b8c2-e6a9091bb895(fv-az571-511/10.1.0.43), ReplicationConfig: RATIS/ONE, State:ALLOCATED, leaderId:3344520a-2062-4b5f-b8c2-e6a9091bb895, CreationTimestamp2023-02-16T22:43:28.187Z[Etc/UTC]] moved to OPEN state
2023-02-16 22:43:31,474 [EventQueue-OpenPipelineForHealthyPipelineSafeModeRule] INFO  safemode.SCMSafeModeManager (HealthyPipelineSafeModeRule.java:process(137)) - SCM in safe mode. Healthy pipelines reported count is 0, required healthy pipeline reported count is 1
2023-02-16 22:43:31,474 [pool-293-thread-1] INFO  server.RaftServerConfigKeys (ConfUtils.java:logGet(46)) - raft.server.log.segment.size.max = 1048576 (custom)
2023-02-16 22:43:31,475 [pool-293-thread-1] INFO  server.RaftServerConfigKeys (ConfUtils.java:logGet(46)) - raft.server.log.segment.cache.num.max = 2 (custom)
2023-02-16 22:43:31,476 [pool-293-thread-1] INFO  server.RaftServerConfigKeys (ConfUtils.java:logGet(46)) - raft.server.log.segment.cache.size.max = 200MB (=209715200) (default)
2023-02-16 22:43:31,476 [pool-293-thread-1] INFO  segmented.SegmentedRaftLogWorker (SegmentedRaftLogWorker.java:<init>(189)) - new 3344520a-2062-4b5f-b8c2-e6a9091bb895@group-58AE03EFF0AF-SegmentedRaftLogWorker for RaftStorageImpl:Storage Directory /home/runner/work/ozone/ozone/hadoop-ozone/integration-test/target/test-dir/MiniOzoneClusterImpl-40d1b4d0-2c8f-4763-9166-3e69b7713d06/datanode-1/data/ratis/3eda4739-f305-4826-bacb-58ae03eff0af
2023-02-16 22:43:31,476 [pool-293-thread-1] INFO  server.RaftServerConfigKeys (ConfUtils.java:logGet(46)) - raft.server.log.queue.byte-limit = 4294967296 (custom)
2023-02-16 22:43:31,476 [pool-293-thread-1] INFO  server.RaftServerConfigKeys (ConfUtils.java:logGet(46)) - raft.server.log.queue.element-limit = 1024 (custom)
2023-02-16 22:43:31,476 [pool-293-thread-1] INFO  server.RaftServerConfigKeys (ConfUtils.java:logGet(46)) - raft.server.log.segment.size.max = 1048576 (custom)
2023-02-16 22:43:31,476 [pool-293-thread-1] INFO  server.RaftServerConfigKeys (ConfUtils.java:logGet(46)) - raft.server.log.preallocated.size = 16384 (custom)
2023-02-16 22:43:31,476 [pool-293-thread-1] INFO  server.RaftServerConfigKeys (ConfUtils.java:logGet(46)) - raft.server.log.force.sync.num = 128 (default)
2023-02-16 22:43:31,476 [pool-293-thread-1] INFO  server.RaftServerConfigKeys (ConfUtils.java:logGet(46)) - raft.server.log.statemachine.data.sync = true (default)
2023-02-16 22:43:31,476 [pool-293-thread-1] INFO  server.RaftServerConfigKeys (ConfUtils.java:logGet(46)) - raft.server.log.statemachine.data.sync.timeout = 10s (default)
2023-02-16 22:43:31,476 [pool-293-thread-1] INFO  server.RaftServerConfigKeys (ConfUtils.java:logGet(46)) - raft.server.log.statemachine.data.sync.timeout.retry = -1 (default)
2023-02-16 22:43:31,477 [pool-293-thread-1] INFO  server.RaftServerConfigKeys (ConfUtils.java:logGet(46)) - raft.server.log.write.buffer.size = 1048576 (custom)
2023-02-16 22:43:31,480 [pool-293-thread-1] INFO  server.RaftServerConfigKeys (ConfUtils.java:logGet(46)) - raft.server.log.appender.buffer.byte-limit = 33554432 (custom)
2023-02-16 22:43:31,482 [Listener at 127.0.0.1/42185] INFO  ozone.MiniOzoneClusterImpl (MiniOzoneClusterImpl.java:lambda$waitForClusterToBeReady$0(218)) - Nodes are ready. Got 5 of 5 DN Heartbeats.
2023-02-16 22:43:31,482 [Listener at 127.0.0.1/42185] INFO  ozone.MiniOzoneClusterImpl (MiniOzoneClusterImpl.java:lambda$waitForClusterToBeReady$0(221)) - Waiting for cluster to exit safe mode
2023-02-16 22:43:31,483 [Listener at 127.0.0.1/42185] INFO  ozone.MiniOzoneClusterImpl (MiniOzoneClusterImpl.java:lambda$waitForClusterToBeReady$0(223)) - SCM became leader
2023-02-16 22:43:31,491 [pool-293-thread-1] INFO  server.RaftServerConfigKeys (ConfUtils.java:logGet(46)) - raft.server.log.unsafe-flush.enabled = false (default)
2023-02-16 22:43:31,494 [Command processor thread] INFO  commandhandler.CreatePipelineCommandHandler (CreatePipelineCommandHandler.java:handle(113)) - Created Pipeline RATIS THREE PipelineID=525e2fff-37a4-4418-916d-49033bb25431.
2023-02-16 22:43:31,495 [pool-293-thread-1] INFO  server.RaftServerConfigKeys (ConfUtils.java:logGet(46)) - raft.server.log.async-flush.enabled = false (default)
2023-02-16 22:43:31,495 [pool-293-thread-1] INFO  server.RaftServerConfigKeys (ConfUtils.java:logGet(46)) - raft.server.log.statemachine.data.caching.enabled = true (custom)
2023-02-16 22:43:31,495 [pool-293-thread-1] INFO  segmented.SegmentedRaftLogWorker (SegmentedRaftLogWorker.java:lambda$new$0(135)) - 3344520a-2062-4b5f-b8c2-e6a9091bb895@group-58AE03EFF0AF-SegmentedRaftLogWorker: flushIndex: setUnconditionally 0 -> -1
2023-02-16 22:43:31,496 [pool-293-thread-1] INFO  segmented.SegmentedRaftLogWorker (SegmentedRaftLogWorker.java:lambda$new$0(135)) - 3344520a-2062-4b5f-b8c2-e6a9091bb895@group-58AE03EFF0AF-SegmentedRaftLogWorker: safeCacheEvictIndex: setUnconditionally 0 -> -1
2023-02-16 22:43:31,496 [pool-293-thread-1] INFO  server.RaftServer$Division (RaftServerImpl.java:start(334)) - 3344520a-2062-4b5f-b8c2-e6a9091bb895@group-58AE03EFF0AF: start as a follower, conf=-1: peers:[3344520a-2062-4b5f-b8c2-e6a9091bb895|rpc:10.1.0.43:39317|dataStream:10.1.0.43:34361|priority:1|startupRole:FOLLOWER]|listeners:[], old=null
2023-02-16 22:43:31,496 [pool-293-thread-1] INFO  server.RaftServer$Division (RaftServerImpl.java:setRole(321)) - 3344520a-2062-4b5f-b8c2-e6a9091bb895@group-58AE03EFF0AF: changes role from      null to FOLLOWER at term 0 for startAsFollower
2023-02-16 22:43:31,496 [pool-293-thread-1] INFO  impl.RoleInfo (RoleInfo.java:updateAndGet(139)) - 3344520a-2062-4b5f-b8c2-e6a9091bb895: start 3344520a-2062-4b5f-b8c2-e6a9091bb895@group-58AE03EFF0AF-FollowerState
2023-02-16 22:43:31,500 [pool-293-thread-1] INFO  util.JmxRegister (JmxRegister.java:tryRegister(44)) - Successfully registered JMX Bean with object name Ratis:service=RaftServer,group=group-58AE03EFF0AF,id=3344520a-2062-4b5f-b8c2-e6a9091bb895
2023-02-16 22:43:31,500 [3344520a-2062-4b5f-b8c2-e6a9091bb895@group-58AE03EFF0AF-FollowerState] INFO  server.RaftServerConfigKeys (ConfUtils.java:logFallback(53)) - raft.server.rpc.first-election.timeout.min = 5s (fallback to raft.server.rpc.timeout.min)
2023-02-16 22:43:31,500 [pool-293-thread-1] INFO  server.RaftServerConfigKeys (ConfUtils.java:logGet(46)) - raft.server.snapshot.auto.trigger.enabled = true (custom)
2023-02-16 22:43:31,500 [3344520a-2062-4b5f-b8c2-e6a9091bb895@group-58AE03EFF0AF-FollowerState] INFO  server.RaftServerConfigKeys (ConfUtils.java:logFallback(53)) - raft.server.rpc.first-election.timeout.max = 5200ms (fallback to raft.server.rpc.timeout.max)
2023-02-16 22:43:31,501 [pool-293-thread-1] INFO  server.RaftServerConfigKeys (ConfUtils.java:logGet(46)) - raft.server.snapshot.auto.trigger.threshold = 10000 (custom)
2023-02-16 22:43:31,501 [pool-293-thread-1] INFO  server.RaftServerConfigKeys (ConfUtils.java:logGet(46)) - raft.server.snapshot.retention.file.num = 5 (custom)
2023-02-16 22:43:31,502 [pool-293-thread-1] INFO  server.RaftServerConfigKeys (ConfUtils.java:logGet(46)) - raft.server.log.purge.upto.snapshot.index = false (default)
2023-02-16 22:43:31,502 [Command processor thread] INFO  ratis.XceiverServerRatis (XceiverServerRatis.java:addGroup(807)) - Created group PipelineID=3eda4739-f305-4826-bacb-58ae03eff0af
2023-02-16 22:43:31,502 [Command processor thread] INFO  commandhandler.CreatePipelineCommandHandler (CreatePipelineCommandHandler.java:handle(113)) - Created Pipeline RATIS ONE PipelineID=3eda4739-f305-4826-bacb-58ae03eff0af.
2023-02-16 22:43:31,615 [Command processor thread] INFO  server.RaftServer (RaftServerProxy.java:addNew(96)) - d5431bb7-4da0-4de3-8e42-f94aec5e63a8: addNew group-7E208035207E:[d5431bb7-4da0-4de3-8e42-f94aec5e63a8|rpc:10.1.0.43:35497|dataStream:10.1.0.43:43737|priority:1|startupRole:FOLLOWER] returns group-7E208035207E:java.util.concurrent.CompletableFuture@50494b2a[Not completed]
2023-02-16 22:43:31,616 [pool-315-thread-1] INFO  server.RaftServer$Division (RaftServerImpl.java:<init>(195)) - d5431bb7-4da0-4de3-8e42-f94aec5e63a8: new RaftServerImpl for group-7E208035207E:[d5431bb7-4da0-4de3-8e42-f94aec5e63a8|rpc:10.1.0.43:35497|dataStream:10.1.0.43:43737|priority:1|startupRole:FOLLOWER] with ContainerStateMachine:uninitialized
2023-02-16 22:43:31,616 [pool-315-thread-1] INFO  server.RaftServerConfigKeys (ConfUtils.java:logGet(46)) - raft.server.rpc.timeout.min = 5s (custom)
2023-02-16 22:43:31,616 [pool-315-thread-1] INFO  server.RaftServerConfigKeys (ConfUtils.java:logGet(46)) - raft.server.rpc.timeout.max = 5200ms (custom)
2023-02-16 22:43:31,616 [pool-315-thread-1] INFO  server.RaftServerConfigKeys (ConfUtils.java:logGet(46)) - raft.server.rpc.sleep.time = 25ms (default)
2023-02-16 22:43:31,616 [pool-315-thread-1] INFO  server.RaftServerConfigKeys (ConfUtils.java:logGet(46)) - raft.server.rpc.slowness.timeout = 300000ms (custom)
2023-02-16 22:43:31,616 [pool-315-thread-1] INFO  server.RaftServerConfigKeys (ConfUtils.java:logGet(46)) - raft.server.leaderelection.leader.step-down.wait-time = 10s (default)
2023-02-16 22:43:31,616 [pool-315-thread-1] INFO  server.RaftServerConfigKeys (ConfUtils.java:logGet(46)) - raft.server.sleep.deviation.threshold = 300ms (default)
2023-02-16 22:43:31,616 [pool-315-thread-1] INFO  server.RaftServer$Division (ServerState.java:<init>(118)) - d5431bb7-4da0-4de3-8e42-f94aec5e63a8@group-7E208035207E: ConfigurationManager, init=-1: peers:[d5431bb7-4da0-4de3-8e42-f94aec5e63a8|rpc:10.1.0.43:35497|dataStream:10.1.0.43:43737|priority:1|startupRole:FOLLOWER]|listeners:[], old=null, confs=<EMPTY_MAP>
2023-02-16 22:43:31,616 [pool-315-thread-1] INFO  server.RaftServerConfigKeys (ConfUtils.java:logGet(46)) - raft.server.storage.dir = [/home/runner/work/ozone/ozone/hadoop-ozone/integration-test/target/test-dir/MiniOzoneClusterImpl-40d1b4d0-2c8f-4763-9166-3e69b7713d06/datanode-2/data/ratis] (custom)
2023-02-16 22:43:31,617 [pool-315-thread-1] INFO  server.RaftServerConfigKeys (ConfUtils.java:logGet(46)) - raft.server.log.corruption.policy = EXCEPTION (default)
2023-02-16 22:43:31,617 [pool-315-thread-1] INFO  server.RaftServerConfigKeys (ConfUtils.java:logGet(46)) - raft.server.storage.free-space.min = 0MB (=0) (default)
2023-02-16 22:43:31,617 [pool-315-thread-1] INFO  server.RaftServerConfigKeys (ConfUtils.java:logGet(46)) - raft.server.notification.no-leader.timeout = 300000ms (custom)
2023-02-16 22:43:31,617 [pool-315-thread-1] INFO  server.RaftServerConfigKeys (ConfUtils.java:logGet(46)) - raft.server.retrycache.expirytime = 600000ms (custom)
2023-02-16 22:43:31,617 [pool-315-thread-1] INFO  server.RaftServerConfigKeys (ConfUtils.java:logGet(46)) - raft.server.retrycache.statistics.expirytime = 100μs (default)
2023-02-16 22:43:31,618 [pool-315-thread-1] INFO  server.RaftServerConfigKeys (ConfUtils.java:logGet(46)) - raft.server.log.appender.install.snapshot.enabled = false (custom)
2023-02-16 22:43:31,619 [pool-315-thread-1] INFO  server.RaftServerConfigKeys (ConfUtils.java:logGet(46)) - raft.server.threadpool.server.cached = true (default)
2023-02-16 22:43:31,619 [pool-315-thread-1] INFO  server.RaftServerConfigKeys (ConfUtils.java:logGet(46)) - raft.server.threadpool.server.size = 0 (default)
2023-02-16 22:43:31,619 [pool-315-thread-1] INFO  server.RaftServerConfigKeys (ConfUtils.java:logGet(46)) - raft.server.threadpool.client.cached = true (default)
2023-02-16 22:43:31,619 [pool-315-thread-1] INFO  server.RaftServerConfigKeys (ConfUtils.java:logGet(46)) - raft.server.threadpool.client.size = 0 (default)
2023-02-16 22:43:31,619 [pool-315-thread-1] INFO  storage.RaftStorageDirectory (RaftStorageDirectoryImpl.java:analyzeStorage(137)) - The storage directory /home/runner/work/ozone/ozone/hadoop-ozone/integration-test/target/test-dir/MiniOzoneClusterImpl-40d1b4d0-2c8f-4763-9166-3e69b7713d06/datanode-2/data/ratis/b3d05ffa-3db8-4bd5-a982-7e208035207e does not exist. Creating ...
2023-02-16 22:43:31,622 [pool-315-thread-1] INFO  storage.RaftStorageDirectory (RaftStorageDirectoryImpl.java:tryLock(231)) - Lock on /home/runner/work/ozone/ozone/hadoop-ozone/integration-test/target/test-dir/MiniOzoneClusterImpl-40d1b4d0-2c8f-4763-9166-3e69b7713d06/datanode-2/data/ratis/b3d05ffa-3db8-4bd5-a982-7e208035207e/in_use.lock acquired by nodename 60597@fv-az571-511
2023-02-16 22:43:31,624 [pool-315-thread-1] INFO  storage.RaftStorage (RaftStorageImpl.java:format(96)) - Storage directory /home/runner/work/ozone/ozone/hadoop-ozone/integration-test/target/test-dir/MiniOzoneClusterImpl-40d1b4d0-2c8f-4763-9166-3e69b7713d06/datanode-2/data/ratis/b3d05ffa-3db8-4bd5-a982-7e208035207e has been successfully formatted.
2023-02-16 22:43:31,625 [pool-315-thread-1] INFO  ratis.ContainerStateMachine (ContainerStateMachine.java:loadSnapshot(240)) - group-7E208035207E: The snapshot info is null. Setting the last applied indexto:(t:0, i:~)
2023-02-16 22:43:31,625 [pool-315-thread-1] INFO  server.RaftServerConfigKeys (ConfUtils.java:logGet(46)) - raft.server.log.use.memory = false (default)
2023-02-16 22:43:31,625 [pool-315-thread-1] INFO  server.RaftServerConfigKeys (ConfUtils.java:logGet(46)) - raft.server.log.purge.gap = 1000000 (custom)
2023-02-16 22:43:31,625 [pool-315-thread-1] INFO  server.RaftServerConfigKeys (ConfUtils.java:logGet(46)) - raft.server.log.appender.buffer.byte-limit = 33554432 (custom)
2023-02-16 22:43:31,625 [pool-315-thread-1] INFO  server.RaftServerConfigKeys (ConfUtils.java:logGet(46)) - raft.server.log.statemachine.data.read.timeout = 1000ms (default)
2023-02-16 22:43:31,625 [pool-315-thread-1] INFO  server.RaftServerConfigKeys (ConfUtils.java:logGet(46)) - raft.server.log.purge.preservation.log.num = 0 (default)
2023-02-16 22:43:31,625 [pool-315-thread-1] INFO  server.RaftServerConfigKeys (ConfUtils.java:logGet(46)) - raft.server.log.segment.size.max = 1048576 (custom)
2023-02-16 22:43:31,627 [EventQueue-PipelineReportForPipelineReportHandler] INFO  pipeline.PipelineManagerImpl (PipelineManagerImpl.java:openPipeline(367)) - Pipeline Pipeline[ Id: b3d05ffa-3db8-4bd5-a982-7e208035207e, Nodes: d5431bb7-4da0-4de3-8e42-f94aec5e63a8(fv-az571-511/10.1.0.43), ReplicationConfig: RATIS/ONE, State:ALLOCATED, leaderId:d5431bb7-4da0-4de3-8e42-f94aec5e63a8, CreationTimestamp2023-02-16T22:43:28.619Z[Etc/UTC]] moved to OPEN state
2023-02-16 22:43:31,628 [EventQueue-OpenPipelineForHealthyPipelineSafeModeRule] INFO  safemode.SCMSafeModeManager (HealthyPipelineSafeModeRule.java:process(137)) - SCM in safe mode. Healthy pipelines reported count is 0, required healthy pipeline reported count is 1
2023-02-16 22:43:31,628 [pool-315-thread-1] INFO  server.RaftServerConfigKeys (ConfUtils.java:logGet(46)) - raft.server.log.segment.cache.num.max = 2 (custom)
2023-02-16 22:43:31,628 [pool-315-thread-1] INFO  server.RaftServerConfigKeys (ConfUtils.java:logGet(46)) - raft.server.log.segment.cache.size.max = 200MB (=209715200) (default)
2023-02-16 22:43:31,628 [pool-315-thread-1] INFO  segmented.SegmentedRaftLogWorker (SegmentedRaftLogWorker.java:<init>(189)) - new d5431bb7-4da0-4de3-8e42-f94aec5e63a8@group-7E208035207E-SegmentedRaftLogWorker for RaftStorageImpl:Storage Directory /home/runner/work/ozone/ozone/hadoop-ozone/integration-test/target/test-dir/MiniOzoneClusterImpl-40d1b4d0-2c8f-4763-9166-3e69b7713d06/datanode-2/data/ratis/b3d05ffa-3db8-4bd5-a982-7e208035207e
2023-02-16 22:43:31,628 [pool-315-thread-1] INFO  server.RaftServerConfigKeys (ConfUtils.java:logGet(46)) - raft.server.log.queue.byte-limit = 4294967296 (custom)
2023-02-16 22:43:31,628 [pool-315-thread-1] INFO  server.RaftServerConfigKeys (ConfUtils.java:logGet(46)) - raft.server.log.queue.element-limit = 1024 (custom)
2023-02-16 22:43:31,628 [pool-315-thread-1] INFO  server.RaftServerConfigKeys (ConfUtils.java:logGet(46)) - raft.server.log.segment.size.max = 1048576 (custom)
2023-02-16 22:43:31,628 [pool-315-thread-1] INFO  server.RaftServerConfigKeys (ConfUtils.java:logGet(46)) - raft.server.log.preallocated.size = 16384 (custom)
2023-02-16 22:43:31,628 [pool-315-thread-1] INFO  server.RaftServerConfigKeys (ConfUtils.java:logGet(46)) - raft.server.log.force.sync.num = 128 (default)
2023-02-16 22:43:31,630 [pool-315-thread-1] INFO  server.RaftServerConfigKeys (ConfUtils.java:logGet(46)) - raft.server.log.statemachine.data.sync = true (default)
2023-02-16 22:43:31,631 [pool-315-thread-1] INFO  server.RaftServerConfigKeys (ConfUtils.java:logGet(46)) - raft.server.log.statemachine.data.sync.timeout = 10s (default)
2023-02-16 22:43:31,631 [pool-315-thread-1] INFO  server.RaftServerConfigKeys (ConfUtils.java:logGet(46)) - raft.server.log.statemachine.data.sync.timeout.retry = -1 (default)
2023-02-16 22:43:31,631 [pool-315-thread-1] INFO  server.RaftServerConfigKeys (ConfUtils.java:logGet(46)) - raft.server.log.write.buffer.size = 1048576 (custom)
2023-02-16 22:43:31,632 [pool-315-thread-1] INFO  server.RaftServerConfigKeys (ConfUtils.java:logGet(46)) - raft.server.log.appender.buffer.byte-limit = 33554432 (custom)
2023-02-16 22:43:31,638 [pool-315-thread-1] INFO  server.RaftServerConfigKeys (ConfUtils.java:logGet(46)) - raft.server.log.unsafe-flush.enabled = false (default)
2023-02-16 22:43:31,638 [pool-315-thread-1] INFO  server.RaftServerConfigKeys (ConfUtils.java:logGet(46)) - raft.server.log.async-flush.enabled = false (default)
2023-02-16 22:43:31,639 [pool-315-thread-1] INFO  server.RaftServerConfigKeys (ConfUtils.java:logGet(46)) - raft.server.log.statemachine.data.caching.enabled = true (custom)
2023-02-16 22:43:31,639 [pool-315-thread-1] INFO  segmented.SegmentedRaftLogWorker (SegmentedRaftLogWorker.java:lambda$new$0(135)) - d5431bb7-4da0-4de3-8e42-f94aec5e63a8@group-7E208035207E-SegmentedRaftLogWorker: flushIndex: setUnconditionally 0 -> -1
2023-02-16 22:43:31,639 [pool-315-thread-1] INFO  segmented.SegmentedRaftLogWorker (SegmentedRaftLogWorker.java:lambda$new$0(135)) - d5431bb7-4da0-4de3-8e42-f94aec5e63a8@group-7E208035207E-SegmentedRaftLogWorker: safeCacheEvictIndex: setUnconditionally 0 -> -1
2023-02-16 22:43:31,639 [pool-315-thread-1] INFO  server.RaftServer$Division (RaftServerImpl.java:start(334)) - d5431bb7-4da0-4de3-8e42-f94aec5e63a8@group-7E208035207E: start as a follower, conf=-1: peers:[d5431bb7-4da0-4de3-8e42-f94aec5e63a8|rpc:10.1.0.43:35497|dataStream:10.1.0.43:43737|priority:1|startupRole:FOLLOWER]|listeners:[], old=null
2023-02-16 22:43:31,639 [pool-315-thread-1] INFO  server.RaftServer$Division (RaftServerImpl.java:setRole(321)) - d5431bb7-4da0-4de3-8e42-f94aec5e63a8@group-7E208035207E: changes role from      null to FOLLOWER at term 0 for startAsFollower
2023-02-16 22:43:31,639 [pool-315-thread-1] INFO  impl.RoleInfo (RoleInfo.java:updateAndGet(139)) - d5431bb7-4da0-4de3-8e42-f94aec5e63a8: start d5431bb7-4da0-4de3-8e42-f94aec5e63a8@group-7E208035207E-FollowerState
2023-02-16 22:43:31,640 [pool-315-thread-1] INFO  util.JmxRegister (JmxRegister.java:tryRegister(44)) - Successfully registered JMX Bean with object name Ratis:service=RaftServer,group=group-7E208035207E,id=d5431bb7-4da0-4de3-8e42-f94aec5e63a8
2023-02-16 22:43:31,640 [pool-315-thread-1] INFO  server.RaftServerConfigKeys (ConfUtils.java:logGet(46)) - raft.server.snapshot.auto.trigger.enabled = true (custom)
2023-02-16 22:43:31,640 [pool-315-thread-1] INFO  server.RaftServerConfigKeys (ConfUtils.java:logGet(46)) - raft.server.snapshot.auto.trigger.threshold = 10000 (custom)
2023-02-16 22:43:31,640 [pool-315-thread-1] INFO  server.RaftServerConfigKeys (ConfUtils.java:logGet(46)) - raft.server.snapshot.retention.file.num = 5 (custom)
2023-02-16 22:43:31,640 [pool-315-thread-1] INFO  server.RaftServerConfigKeys (ConfUtils.java:logGet(46)) - raft.server.log.purge.upto.snapshot.index = false (default)
2023-02-16 22:43:31,641 [d5431bb7-4da0-4de3-8e42-f94aec5e63a8@group-7E208035207E-FollowerState] INFO  server.RaftServerConfigKeys (ConfUtils.java:logFallback(53)) - raft.server.rpc.first-election.timeout.min = 5s (fallback to raft.server.rpc.timeout.min)
2023-02-16 22:43:31,641 [d5431bb7-4da0-4de3-8e42-f94aec5e63a8@group-7E208035207E-FollowerState] INFO  server.RaftServerConfigKeys (ConfUtils.java:logFallback(53)) - raft.server.rpc.first-election.timeout.max = 5200ms (fallback to raft.server.rpc.timeout.max)
2023-02-16 22:43:31,641 [Command processor thread] INFO  ratis.XceiverServerRatis (XceiverServerRatis.java:addGroup(807)) - Created group PipelineID=b3d05ffa-3db8-4bd5-a982-7e208035207e
2023-02-16 22:43:31,642 [Command processor thread] INFO  commandhandler.CreatePipelineCommandHandler (CreatePipelineCommandHandler.java:handle(113)) - Created Pipeline RATIS ONE PipelineID=b3d05ffa-3db8-4bd5-a982-7e208035207e.
2023-02-16 22:43:32,051 [Command processor thread] INFO  server.RaftServer (RaftServerProxy.java:addNew(96)) - c1d13929-a343-48c2-a26f-f823071f7287: addNew group-8A61F368A65C:[c1d13929-a343-48c2-a26f-f823071f7287|rpc:10.1.0.43:36269|dataStream:10.1.0.43:32815|priority:1|startupRole:FOLLOWER] returns group-8A61F368A65C:java.util.concurrent.CompletableFuture@449dd5d6[Not completed]
2023-02-16 22:43:32,054 [pool-337-thread-1] INFO  server.RaftServer$Division (RaftServerImpl.java:<init>(195)) - c1d13929-a343-48c2-a26f-f823071f7287: new RaftServerImpl for group-8A61F368A65C:[c1d13929-a343-48c2-a26f-f823071f7287|rpc:10.1.0.43:36269|dataStream:10.1.0.43:32815|priority:1|startupRole:FOLLOWER] with ContainerStateMachine:uninitialized
2023-02-16 22:43:32,054 [pool-337-thread-1] INFO  server.RaftServerConfigKeys (ConfUtils.java:logGet(46)) - raft.server.rpc.timeout.min = 5s (custom)
2023-02-16 22:43:32,054 [pool-337-thread-1] INFO  server.RaftServerConfigKeys (ConfUtils.java:logGet(46)) - raft.server.rpc.timeout.max = 5200ms (custom)
2023-02-16 22:43:32,054 [pool-337-thread-1] INFO  server.RaftServerConfigKeys (ConfUtils.java:logGet(46)) - raft.server.rpc.sleep.time = 25ms (default)
2023-02-16 22:43:32,054 [pool-337-thread-1] INFO  server.RaftServerConfigKeys (ConfUtils.java:logGet(46)) - raft.server.rpc.slowness.timeout = 300000ms (custom)
2023-02-16 22:43:32,054 [pool-337-thread-1] INFO  server.RaftServerConfigKeys (ConfUtils.java:logGet(46)) - raft.server.leaderelection.leader.step-down.wait-time = 10s (default)
2023-02-16 22:43:32,054 [pool-337-thread-1] INFO  server.RaftServerConfigKeys (ConfUtils.java:logGet(46)) - raft.server.sleep.deviation.threshold = 300ms (default)
2023-02-16 22:43:32,054 [pool-337-thread-1] INFO  server.RaftServer$Division (ServerState.java:<init>(118)) - c1d13929-a343-48c2-a26f-f823071f7287@group-8A61F368A65C: ConfigurationManager, init=-1: peers:[c1d13929-a343-48c2-a26f-f823071f7287|rpc:10.1.0.43:36269|dataStream:10.1.0.43:32815|priority:1|startupRole:FOLLOWER]|listeners:[], old=null, confs=<EMPTY_MAP>
2023-02-16 22:43:32,055 [pool-337-thread-1] INFO  server.RaftServerConfigKeys (ConfUtils.java:logGet(46)) - raft.server.storage.dir = [/home/runner/work/ozone/ozone/hadoop-ozone/integration-test/target/test-dir/MiniOzoneClusterImpl-40d1b4d0-2c8f-4763-9166-3e69b7713d06/datanode-3/data/ratis] (custom)
2023-02-16 22:43:32,055 [pool-337-thread-1] INFO  server.RaftServerConfigKeys (ConfUtils.java:logGet(46)) - raft.server.log.corruption.policy = EXCEPTION (default)
2023-02-16 22:43:32,055 [pool-337-thread-1] INFO  server.RaftServerConfigKeys (ConfUtils.java:logGet(46)) - raft.server.storage.free-space.min = 0MB (=0) (default)
2023-02-16 22:43:32,055 [pool-337-thread-1] INFO  server.RaftServerConfigKeys (ConfUtils.java:logGet(46)) - raft.server.notification.no-leader.timeout = 300000ms (custom)
2023-02-16 22:43:32,055 [pool-337-thread-1] INFO  server.RaftServerConfigKeys (ConfUtils.java:logGet(46)) - raft.server.retrycache.expirytime = 600000ms (custom)
2023-02-16 22:43:32,055 [pool-337-thread-1] INFO  server.RaftServerConfigKeys (ConfUtils.java:logGet(46)) - raft.server.retrycache.statistics.expirytime = 100μs (default)
2023-02-16 22:43:32,056 [pool-337-thread-1] INFO  server.RaftServerConfigKeys (ConfUtils.java:logGet(46)) - raft.server.log.appender.install.snapshot.enabled = false (custom)
2023-02-16 22:43:32,056 [pool-337-thread-1] INFO  server.RaftServerConfigKeys (ConfUtils.java:logGet(46)) - raft.server.threadpool.server.cached = true (default)
2023-02-16 22:43:32,056 [pool-337-thread-1] INFO  server.RaftServerConfigKeys (ConfUtils.java:logGet(46)) - raft.server.threadpool.server.size = 0 (default)
2023-02-16 22:43:32,056 [pool-337-thread-1] INFO  server.RaftServerConfigKeys (ConfUtils.java:logGet(46)) - raft.server.threadpool.client.cached = true (default)
2023-02-16 22:43:32,056 [pool-337-thread-1] INFO  server.RaftServerConfigKeys (ConfUtils.java:logGet(46)) - raft.server.threadpool.client.size = 0 (default)
2023-02-16 22:43:32,057 [pool-337-thread-1] INFO  storage.RaftStorageDirectory (RaftStorageDirectoryImpl.java:analyzeStorage(137)) - The storage directory /home/runner/work/ozone/ozone/hadoop-ozone/integration-test/target/test-dir/MiniOzoneClusterImpl-40d1b4d0-2c8f-4763-9166-3e69b7713d06/datanode-3/data/ratis/f67de2c4-03b5-4e2d-9887-8a61f368a65c does not exist. Creating ...
2023-02-16 22:43:32,058 [pool-337-thread-1] INFO  storage.RaftStorageDirectory (RaftStorageDirectoryImpl.java:tryLock(231)) - Lock on /home/runner/work/ozone/ozone/hadoop-ozone/integration-test/target/test-dir/MiniOzoneClusterImpl-40d1b4d0-2c8f-4763-9166-3e69b7713d06/datanode-3/data/ratis/f67de2c4-03b5-4e2d-9887-8a61f368a65c/in_use.lock acquired by nodename 60597@fv-az571-511
2023-02-16 22:43:32,060 [pool-337-thread-1] INFO  storage.RaftStorage (RaftStorageImpl.java:format(96)) - Storage directory /home/runner/work/ozone/ozone/hadoop-ozone/integration-test/target/test-dir/MiniOzoneClusterImpl-40d1b4d0-2c8f-4763-9166-3e69b7713d06/datanode-3/data/ratis/f67de2c4-03b5-4e2d-9887-8a61f368a65c has been successfully formatted.
2023-02-16 22:43:32,062 [pool-337-thread-1] INFO  ratis.ContainerStateMachine (ContainerStateMachine.java:loadSnapshot(240)) - group-8A61F368A65C: The snapshot info is null. Setting the last applied indexto:(t:0, i:~)
2023-02-16 22:43:32,062 [pool-337-thread-1] INFO  server.RaftServerConfigKeys (ConfUtils.java:logGet(46)) - raft.server.log.use.memory = false (default)
2023-02-16 22:43:32,062 [pool-337-thread-1] INFO  server.RaftServerConfigKeys (ConfUtils.java:logGet(46)) - raft.server.log.purge.gap = 1000000 (custom)
2023-02-16 22:43:32,062 [pool-337-thread-1] INFO  server.RaftServerConfigKeys (ConfUtils.java:logGet(46)) - raft.server.log.appender.buffer.byte-limit = 33554432 (custom)
2023-02-16 22:43:32,062 [pool-337-thread-1] INFO  server.RaftServerConfigKeys (ConfUtils.java:logGet(46)) - raft.server.log.statemachine.data.read.timeout = 1000ms (default)
2023-02-16 22:43:32,062 [pool-337-thread-1] INFO  server.RaftServerConfigKeys (ConfUtils.java:logGet(46)) - raft.server.log.purge.preservation.log.num = 0 (default)
2023-02-16 22:43:32,063 [pool-337-thread-1] INFO  server.RaftServerConfigKeys (ConfUtils.java:logGet(46)) - raft.server.log.segment.size.max = 1048576 (custom)
2023-02-16 22:43:32,063 [EventQueue-PipelineReportForPipelineReportHandler] INFO  pipeline.PipelineManagerImpl (PipelineManagerImpl.java:openPipeline(367)) - Pipeline Pipeline[ Id: f67de2c4-03b5-4e2d-9887-8a61f368a65c, Nodes: c1d13929-a343-48c2-a26f-f823071f7287(fv-az571-511/10.1.0.43), ReplicationConfig: RATIS/ONE, State:ALLOCATED, leaderId:c1d13929-a343-48c2-a26f-f823071f7287, CreationTimestamp2023-02-16T22:43:29.052Z[Etc/UTC]] moved to OPEN state
2023-02-16 22:43:32,064 [EventQueue-OpenPipelineForHealthyPipelineSafeModeRule] INFO  safemode.SCMSafeModeManager (HealthyPipelineSafeModeRule.java:process(137)) - SCM in safe mode. Healthy pipelines reported count is 0, required healthy pipeline reported count is 1
2023-02-16 22:43:32,065 [pool-337-thread-1] INFO  server.RaftServerConfigKeys (ConfUtils.java:logGet(46)) - raft.server.log.segment.cache.num.max = 2 (custom)
2023-02-16 22:43:32,065 [pool-337-thread-1] INFO  server.RaftServerConfigKeys (ConfUtils.java:logGet(46)) - raft.server.log.segment.cache.size.max = 200MB (=209715200) (default)
2023-02-16 22:43:32,065 [pool-337-thread-1] INFO  segmented.SegmentedRaftLogWorker (SegmentedRaftLogWorker.java:<init>(189)) - new c1d13929-a343-48c2-a26f-f823071f7287@group-8A61F368A65C-SegmentedRaftLogWorker for RaftStorageImpl:Storage Directory /home/runner/work/ozone/ozone/hadoop-ozone/integration-test/target/test-dir/MiniOzoneClusterImpl-40d1b4d0-2c8f-4763-9166-3e69b7713d06/datanode-3/data/ratis/f67de2c4-03b5-4e2d-9887-8a61f368a65c
2023-02-16 22:43:32,065 [pool-337-thread-1] INFO  server.RaftServerConfigKeys (ConfUtils.java:logGet(46)) - raft.server.log.queue.byte-limit = 4294967296 (custom)
2023-02-16 22:43:32,065 [pool-337-thread-1] INFO  server.RaftServerConfigKeys (ConfUtils.java:logGet(46)) - raft.server.log.queue.element-limit = 1024 (custom)
2023-02-16 22:43:32,065 [pool-337-thread-1] INFO  server.RaftServerConfigKeys (ConfUtils.java:logGet(46)) - raft.server.log.segment.size.max = 1048576 (custom)
2023-02-16 22:43:32,065 [pool-337-thread-1] INFO  server.RaftServerConfigKeys (ConfUtils.java:logGet(46)) - raft.server.log.preallocated.size = 16384 (custom)
2023-02-16 22:43:32,065 [pool-337-thread-1] INFO  server.RaftServerConfigKeys (ConfUtils.java:logGet(46)) - raft.server.log.force.sync.num = 128 (default)
2023-02-16 22:43:32,065 [pool-337-thread-1] INFO  server.RaftServerConfigKeys (ConfUtils.java:logGet(46)) - raft.server.log.statemachine.data.sync = true (default)
2023-02-16 22:43:32,065 [pool-337-thread-1] INFO  server.RaftServerConfigKeys (ConfUtils.java:logGet(46)) - raft.server.log.statemachine.data.sync.timeout = 10s (default)
2023-02-16 22:43:32,066 [pool-337-thread-1] INFO  server.RaftServerConfigKeys (ConfUtils.java:logGet(46)) - raft.server.log.statemachine.data.sync.timeout.retry = -1 (default)
2023-02-16 22:43:32,066 [pool-337-thread-1] INFO  server.RaftServerConfigKeys (ConfUtils.java:logGet(46)) - raft.server.log.write.buffer.size = 1048576 (custom)
2023-02-16 22:43:32,067 [pool-337-thread-1] INFO  server.RaftServerConfigKeys (ConfUtils.java:logGet(46)) - raft.server.log.appender.buffer.byte-limit = 33554432 (custom)
2023-02-16 22:43:32,074 [pool-337-thread-1] INFO  server.RaftServerConfigKeys (ConfUtils.java:logGet(46)) - raft.server.log.unsafe-flush.enabled = false (default)
2023-02-16 22:43:32,075 [pool-337-thread-1] INFO  server.RaftServerConfigKeys (ConfUtils.java:logGet(46)) - raft.server.log.async-flush.enabled = false (default)
2023-02-16 22:43:32,075 [pool-337-thread-1] INFO  server.RaftServerConfigKeys (ConfUtils.java:logGet(46)) - raft.server.log.statemachine.data.caching.enabled = true (custom)
2023-02-16 22:43:32,075 [pool-337-thread-1] INFO  segmented.SegmentedRaftLogWorker (SegmentedRaftLogWorker.java:lambda$new$0(135)) - c1d13929-a343-48c2-a26f-f823071f7287@group-8A61F368A65C-SegmentedRaftLogWorker: flushIndex: setUnconditionally 0 -> -1
2023-02-16 22:43:32,075 [pool-337-thread-1] INFO  segmented.SegmentedRaftLogWorker (SegmentedRaftLogWorker.java:lambda$new$0(135)) - c1d13929-a343-48c2-a26f-f823071f7287@group-8A61F368A65C-SegmentedRaftLogWorker: safeCacheEvictIndex: setUnconditionally 0 -> -1
2023-02-16 22:43:32,075 [pool-337-thread-1] INFO  server.RaftServer$Division (RaftServerImpl.java:start(334)) - c1d13929-a343-48c2-a26f-f823071f7287@group-8A61F368A65C: start as a follower, conf=-1: peers:[c1d13929-a343-48c2-a26f-f823071f7287|rpc:10.1.0.43:36269|dataStream:10.1.0.43:32815|priority:1|startupRole:FOLLOWER]|listeners:[], old=null
2023-02-16 22:43:32,076 [pool-337-thread-1] INFO  server.RaftServer$Division (RaftServerImpl.java:setRole(321)) - c1d13929-a343-48c2-a26f-f823071f7287@group-8A61F368A65C: changes role from      null to FOLLOWER at term 0 for startAsFollower
2023-02-16 22:43:32,076 [pool-337-thread-1] INFO  impl.RoleInfo (RoleInfo.java:updateAndGet(139)) - c1d13929-a343-48c2-a26f-f823071f7287: start c1d13929-a343-48c2-a26f-f823071f7287@group-8A61F368A65C-FollowerState
2023-02-16 22:43:32,076 [pool-337-thread-1] INFO  util.JmxRegister (JmxRegister.java:tryRegister(44)) - Successfully registered JMX Bean with object name Ratis:service=RaftServer,group=group-8A61F368A65C,id=c1d13929-a343-48c2-a26f-f823071f7287
2023-02-16 22:43:32,076 [pool-337-thread-1] INFO  server.RaftServerConfigKeys (ConfUtils.java:logGet(46)) - raft.server.snapshot.auto.trigger.enabled = true (custom)
2023-02-16 22:43:32,076 [pool-337-thread-1] INFO  server.RaftServerConfigKeys (ConfUtils.java:logGet(46)) - raft.server.snapshot.auto.trigger.threshold = 10000 (custom)
2023-02-16 22:43:32,076 [pool-337-thread-1] INFO  server.RaftServerConfigKeys (ConfUtils.java:logGet(46)) - raft.server.snapshot.retention.file.num = 5 (custom)
2023-02-16 22:43:32,076 [pool-337-thread-1] INFO  server.RaftServerConfigKeys (ConfUtils.java:logGet(46)) - raft.server.log.purge.upto.snapshot.index = false (default)
2023-02-16 22:43:32,077 [c1d13929-a343-48c2-a26f-f823071f7287@group-8A61F368A65C-FollowerState] INFO  server.RaftServerConfigKeys (ConfUtils.java:logFallback(53)) - raft.server.rpc.first-election.timeout.min = 5s (fallback to raft.server.rpc.timeout.min)
2023-02-16 22:43:32,077 [c1d13929-a343-48c2-a26f-f823071f7287@group-8A61F368A65C-FollowerState] INFO  server.RaftServerConfigKeys (ConfUtils.java:logFallback(53)) - raft.server.rpc.first-election.timeout.max = 5200ms (fallback to raft.server.rpc.timeout.max)
2023-02-16 22:43:32,081 [Command processor thread] INFO  ratis.XceiverServerRatis (XceiverServerRatis.java:addGroup(807)) - Created group PipelineID=f67de2c4-03b5-4e2d-9887-8a61f368a65c
2023-02-16 22:43:32,082 [Command processor thread] INFO  commandhandler.CreatePipelineCommandHandler (CreatePipelineCommandHandler.java:handle(113)) - Created Pipeline RATIS ONE PipelineID=f67de2c4-03b5-4e2d-9887-8a61f368a65c.
2023-02-16 22:43:32,476 [Command processor thread] INFO  server.RaftServer (RaftServerProxy.java:addNew(96)) - 7d73eab0-7685-47af-ac2a-3812ca7ecedf: addNew group-D8D1C1F42260:[7d73eab0-7685-47af-ac2a-3812ca7ecedf|rpc:10.1.0.43:42157|dataStream:10.1.0.43:45849|priority:1|startupRole:FOLLOWER] returns group-D8D1C1F42260:java.util.concurrent.CompletableFuture@7ea4b062[Not completed]
2023-02-16 22:43:32,478 [pool-359-thread-1] INFO  server.RaftServer$Division (RaftServerImpl.java:<init>(195)) - 7d73eab0-7685-47af-ac2a-3812ca7ecedf: new RaftServerImpl for group-D8D1C1F42260:[7d73eab0-7685-47af-ac2a-3812ca7ecedf|rpc:10.1.0.43:42157|dataStream:10.1.0.43:45849|priority:1|startupRole:FOLLOWER] with ContainerStateMachine:uninitialized
2023-02-16 22:43:32,478 [pool-359-thread-1] INFO  server.RaftServerConfigKeys (ConfUtils.java:logGet(46)) - raft.server.rpc.timeout.min = 5s (custom)
2023-02-16 22:43:32,478 [pool-359-thread-1] INFO  server.RaftServerConfigKeys (ConfUtils.java:logGet(46)) - raft.server.rpc.timeout.max = 5200ms (custom)
2023-02-16 22:43:32,478 [pool-359-thread-1] INFO  server.RaftServerConfigKeys (ConfUtils.java:logGet(46)) - raft.server.rpc.sleep.time = 25ms (default)
2023-02-16 22:43:32,478 [pool-359-thread-1] INFO  server.RaftServerConfigKeys (ConfUtils.java:logGet(46)) - raft.server.rpc.slowness.timeout = 300000ms (custom)
2023-02-16 22:43:32,479 [pool-359-thread-1] INFO  server.RaftServerConfigKeys (ConfUtils.java:logGet(46)) - raft.server.leaderelection.leader.step-down.wait-time = 10s (default)
2023-02-16 22:43:32,479 [pool-359-thread-1] INFO  server.RaftServerConfigKeys (ConfUtils.java:logGet(46)) - raft.server.sleep.deviation.threshold = 300ms (default)
2023-02-16 22:43:32,479 [pool-359-thread-1] INFO  server.RaftServer$Division (ServerState.java:<init>(118)) - 7d73eab0-7685-47af-ac2a-3812ca7ecedf@group-D8D1C1F42260: ConfigurationManager, init=-1: peers:[7d73eab0-7685-47af-ac2a-3812ca7ecedf|rpc:10.1.0.43:42157|dataStream:10.1.0.43:45849|priority:1|startupRole:FOLLOWER]|listeners:[], old=null, confs=<EMPTY_MAP>
2023-02-16 22:43:32,479 [pool-359-thread-1] INFO  server.RaftServerConfigKeys (ConfUtils.java:logGet(46)) - raft.server.storage.dir = [/home/runner/work/ozone/ozone/hadoop-ozone/integration-test/target/test-dir/MiniOzoneClusterImpl-40d1b4d0-2c8f-4763-9166-3e69b7713d06/datanode-4/data/ratis] (custom)
2023-02-16 22:43:32,479 [pool-359-thread-1] INFO  server.RaftServerConfigKeys (ConfUtils.java:logGet(46)) - raft.server.log.corruption.policy = EXCEPTION (default)
2023-02-16 22:43:32,480 [pool-359-thread-1] INFO  server.RaftServerConfigKeys (ConfUtils.java:logGet(46)) - raft.server.storage.free-space.min = 0MB (=0) (default)
2023-02-16 22:43:32,480 [pool-359-thread-1] INFO  server.RaftServerConfigKeys (ConfUtils.java:logGet(46)) - raft.server.notification.no-leader.timeout = 300000ms (custom)
2023-02-16 22:43:32,480 [pool-359-thread-1] INFO  server.RaftServerConfigKeys (ConfUtils.java:logGet(46)) - raft.server.retrycache.expirytime = 600000ms (custom)
2023-02-16 22:43:32,480 [pool-359-thread-1] INFO  server.RaftServerConfigKeys (ConfUtils.java:logGet(46)) - raft.server.retrycache.statistics.expirytime = 100μs (default)
2023-02-16 22:43:32,481 [pool-359-thread-1] INFO  server.RaftServerConfigKeys (ConfUtils.java:logGet(46)) - raft.server.log.appender.install.snapshot.enabled = false (custom)
2023-02-16 22:43:32,481 [pool-359-thread-1] INFO  server.RaftServerConfigKeys (ConfUtils.java:logGet(46)) - raft.server.threadpool.server.cached = true (default)
2023-02-16 22:43:32,481 [pool-359-thread-1] INFO  server.RaftServerConfigKeys (ConfUtils.java:logGet(46)) - raft.server.threadpool.server.size = 0 (default)
2023-02-16 22:43:32,481 [pool-359-thread-1] INFO  server.RaftServerConfigKeys (ConfUtils.java:logGet(46)) - raft.server.threadpool.client.cached = true (default)
2023-02-16 22:43:32,481 [pool-359-thread-1] INFO  server.RaftServerConfigKeys (ConfUtils.java:logGet(46)) - raft.server.threadpool.client.size = 0 (default)
2023-02-16 22:43:32,482 [pool-359-thread-1] INFO  storage.RaftStorageDirectory (RaftStorageDirectoryImpl.java:analyzeStorage(137)) - The storage directory /home/runner/work/ozone/ozone/hadoop-ozone/integration-test/target/test-dir/MiniOzoneClusterImpl-40d1b4d0-2c8f-4763-9166-3e69b7713d06/datanode-4/data/ratis/cdd31b50-9ef2-451d-8bf9-d8d1c1f42260 does not exist. Creating ...
2023-02-16 22:43:32,483 [Listener at 127.0.0.1/42185] INFO  ozone.MiniOzoneClusterImpl (MiniOzoneClusterImpl.java:lambda$waitForClusterToBeReady$0(218)) - Nodes are ready. Got 5 of 5 DN Heartbeats.
2023-02-16 22:43:32,483 [Listener at 127.0.0.1/42185] INFO  ozone.MiniOzoneClusterImpl (MiniOzoneClusterImpl.java:lambda$waitForClusterToBeReady$0(221)) - Waiting for cluster to exit safe mode
2023-02-16 22:43:32,483 [Listener at 127.0.0.1/42185] INFO  ozone.MiniOzoneClusterImpl (MiniOzoneClusterImpl.java:lambda$waitForClusterToBeReady$0(223)) - SCM became leader
2023-02-16 22:43:32,483 [pool-359-thread-1] INFO  storage.RaftStorageDirectory (RaftStorageDirectoryImpl.java:tryLock(231)) - Lock on /home/runner/work/ozone/ozone/hadoop-ozone/integration-test/target/test-dir/MiniOzoneClusterImpl-40d1b4d0-2c8f-4763-9166-3e69b7713d06/datanode-4/data/ratis/cdd31b50-9ef2-451d-8bf9-d8d1c1f42260/in_use.lock acquired by nodename 60597@fv-az571-511
2023-02-16 22:43:32,485 [pool-359-thread-1] INFO  storage.RaftStorage (RaftStorageImpl.java:format(96)) - Storage directory /home/runner/work/ozone/ozone/hadoop-ozone/integration-test/target/test-dir/MiniOzoneClusterImpl-40d1b4d0-2c8f-4763-9166-3e69b7713d06/datanode-4/data/ratis/cdd31b50-9ef2-451d-8bf9-d8d1c1f42260 has been successfully formatted.
2023-02-16 22:43:32,488 [EventQueue-PipelineReportForPipelineReportHandler] INFO  pipeline.PipelineManagerImpl (PipelineManagerImpl.java:openPipeline(367)) - Pipeline Pipeline[ Id: cdd31b50-9ef2-451d-8bf9-d8d1c1f42260, Nodes: 7d73eab0-7685-47af-ac2a-3812ca7ecedf(fv-az571-511/10.1.0.43), ReplicationConfig: RATIS/ONE, State:ALLOCATED, leaderId:7d73eab0-7685-47af-ac2a-3812ca7ecedf, CreationTimestamp2023-02-16T22:43:29.478Z[Etc/UTC]] moved to OPEN state
2023-02-16 22:43:32,488 [EventQueue-OpenPipelineForHealthyPipelineSafeModeRule] INFO  safemode.SCMSafeModeManager (HealthyPipelineSafeModeRule.java:process(137)) - SCM in safe mode. Healthy pipelines reported count is 0, required healthy pipeline reported count is 1
2023-02-16 22:43:32,489 [pool-359-thread-1] INFO  ratis.ContainerStateMachine (ContainerStateMachine.java:loadSnapshot(240)) - group-D8D1C1F42260: The snapshot info is null. Setting the last applied indexto:(t:0, i:~)
2023-02-16 22:43:32,489 [pool-359-thread-1] INFO  server.RaftServerConfigKeys (ConfUtils.java:logGet(46)) - raft.server.log.use.memory = false (default)
2023-02-16 22:43:32,489 [pool-359-thread-1] INFO  server.RaftServerConfigKeys (ConfUtils.java:logGet(46)) - raft.server.log.purge.gap = 1000000 (custom)
2023-02-16 22:43:32,489 [pool-359-thread-1] INFO  server.RaftServerConfigKeys (ConfUtils.java:logGet(46)) - raft.server.log.appender.buffer.byte-limit = 33554432 (custom)
2023-02-16 22:43:32,489 [pool-359-thread-1] INFO  server.RaftServerConfigKeys (ConfUtils.java:logGet(46)) - raft.server.log.statemachine.data.read.timeout = 1000ms (default)
2023-02-16 22:43:32,489 [pool-359-thread-1] INFO  server.RaftServerConfigKeys (ConfUtils.java:logGet(46)) - raft.server.log.purge.preservation.log.num = 0 (default)
2023-02-16 22:43:32,489 [pool-359-thread-1] INFO  server.RaftServerConfigKeys (ConfUtils.java:logGet(46)) - raft.server.log.segment.size.max = 1048576 (custom)
2023-02-16 22:43:32,490 [pool-359-thread-1] INFO  server.RaftServerConfigKeys (ConfUtils.java:logGet(46)) - raft.server.log.segment.cache.num.max = 2 (custom)
2023-02-16 22:43:32,490 [pool-359-thread-1] INFO  server.RaftServerConfigKeys (ConfUtils.java:logGet(46)) - raft.server.log.segment.cache.size.max = 200MB (=209715200) (default)
2023-02-16 22:43:32,490 [pool-359-thread-1] INFO  segmented.SegmentedRaftLogWorker (SegmentedRaftLogWorker.java:<init>(189)) - new 7d73eab0-7685-47af-ac2a-3812ca7ecedf@group-D8D1C1F42260-SegmentedRaftLogWorker for RaftStorageImpl:Storage Directory /home/runner/work/ozone/ozone/hadoop-ozone/integration-test/target/test-dir/MiniOzoneClusterImpl-40d1b4d0-2c8f-4763-9166-3e69b7713d06/datanode-4/data/ratis/cdd31b50-9ef2-451d-8bf9-d8d1c1f42260
2023-02-16 22:43:32,490 [pool-359-thread-1] INFO  server.RaftServerConfigKeys (ConfUtils.java:logGet(46)) - raft.server.log.queue.byte-limit = 4294967296 (custom)
2023-02-16 22:43:32,490 [pool-359-thread-1] INFO  server.RaftServerConfigKeys (ConfUtils.java:logGet(46)) - raft.server.log.queue.element-limit = 1024 (custom)
2023-02-16 22:43:32,490 [pool-359-thread-1] INFO  server.RaftServerConfigKeys (ConfUtils.java:logGet(46)) - raft.server.log.segment.size.max = 1048576 (custom)
2023-02-16 22:43:32,490 [pool-359-thread-1] INFO  server.RaftServerConfigKeys (ConfUtils.java:logGet(46)) - raft.server.log.preallocated.size = 16384 (custom)
2023-02-16 22:43:32,490 [pool-359-thread-1] INFO  server.RaftServerConfigKeys (ConfUtils.java:logGet(46)) - raft.server.log.force.sync.num = 128 (default)
2023-02-16 22:43:32,490 [pool-359-thread-1] INFO  server.RaftServerConfigKeys (ConfUtils.java:logGet(46)) - raft.server.log.statemachine.data.sync = true (default)
2023-02-16 22:43:32,491 [pool-359-thread-1] INFO  server.RaftServerConfigKeys (ConfUtils.java:logGet(46)) - raft.server.log.statemachine.data.sync.timeout = 10s (default)
2023-02-16 22:43:32,491 [pool-359-thread-1] INFO  server.RaftServerConfigKeys (ConfUtils.java:logGet(46)) - raft.server.log.statemachine.data.sync.timeout.retry = -1 (default)
2023-02-16 22:43:32,491 [pool-359-thread-1] INFO  server.RaftServerConfigKeys (ConfUtils.java:logGet(46)) - raft.server.log.write.buffer.size = 1048576 (custom)
2023-02-16 22:43:32,492 [pool-359-thread-1] INFO  server.RaftServerConfigKeys (ConfUtils.java:logGet(46)) - raft.server.log.appender.buffer.byte-limit = 33554432 (custom)
2023-02-16 22:43:32,499 [pool-359-thread-1] INFO  server.RaftServerConfigKeys (ConfUtils.java:logGet(46)) - raft.server.log.unsafe-flush.enabled = false (default)
2023-02-16 22:43:32,499 [pool-359-thread-1] INFO  server.RaftServerConfigKeys (ConfUtils.java:logGet(46)) - raft.server.log.async-flush.enabled = false (default)
2023-02-16 22:43:32,499 [pool-359-thread-1] INFO  server.RaftServerConfigKeys (ConfUtils.java:logGet(46)) - raft.server.log.statemachine.data.caching.enabled = true (custom)
2023-02-16 22:43:32,499 [pool-359-thread-1] INFO  segmented.SegmentedRaftLogWorker (SegmentedRaftLogWorker.java:lambda$new$0(135)) - 7d73eab0-7685-47af-ac2a-3812ca7ecedf@group-D8D1C1F42260-SegmentedRaftLogWorker: flushIndex: setUnconditionally 0 -> -1
2023-02-16 22:43:32,500 [pool-359-thread-1] INFO  segmented.SegmentedRaftLogWorker (SegmentedRaftLogWorker.java:lambda$new$0(135)) - 7d73eab0-7685-47af-ac2a-3812ca7ecedf@group-D8D1C1F42260-SegmentedRaftLogWorker: safeCacheEvictIndex: setUnconditionally 0 -> -1
2023-02-16 22:43:32,505 [pool-359-thread-1] INFO  server.RaftServer$Division (RaftServerImpl.java:start(334)) - 7d73eab0-7685-47af-ac2a-3812ca7ecedf@group-D8D1C1F42260: start as a follower, conf=-1: peers:[7d73eab0-7685-47af-ac2a-3812ca7ecedf|rpc:10.1.0.43:42157|dataStream:10.1.0.43:45849|priority:1|startupRole:FOLLOWER]|listeners:[], old=null
2023-02-16 22:43:32,505 [pool-359-thread-1] INFO  server.RaftServer$Division (RaftServerImpl.java:setRole(321)) - 7d73eab0-7685-47af-ac2a-3812ca7ecedf@group-D8D1C1F42260: changes role from      null to FOLLOWER at term 0 for startAsFollower
2023-02-16 22:43:32,505 [pool-359-thread-1] INFO  impl.RoleInfo (RoleInfo.java:updateAndGet(139)) - 7d73eab0-7685-47af-ac2a-3812ca7ecedf: start 7d73eab0-7685-47af-ac2a-3812ca7ecedf@group-D8D1C1F42260-FollowerState
2023-02-16 22:43:32,508 [pool-359-thread-1] INFO  util.JmxRegister (JmxRegister.java:tryRegister(44)) - Successfully registered JMX Bean with object name Ratis:service=RaftServer,group=group-D8D1C1F42260,id=7d73eab0-7685-47af-ac2a-3812ca7ecedf
2023-02-16 22:43:32,508 [pool-359-thread-1] INFO  server.RaftServerConfigKeys (ConfUtils.java:logGet(46)) - raft.server.snapshot.auto.trigger.enabled = true (custom)
2023-02-16 22:43:32,508 [pool-359-thread-1] INFO  server.RaftServerConfigKeys (ConfUtils.java:logGet(46)) - raft.server.snapshot.auto.trigger.threshold = 10000 (custom)
2023-02-16 22:43:32,508 [pool-359-thread-1] INFO  server.RaftServerConfigKeys (ConfUtils.java:logGet(46)) - raft.server.snapshot.retention.file.num = 5 (custom)
2023-02-16 22:43:32,509 [pool-359-thread-1] INFO  server.RaftServerConfigKeys (ConfUtils.java:logGet(46)) - raft.server.log.purge.upto.snapshot.index = false (default)
2023-02-16 22:43:32,509 [7d73eab0-7685-47af-ac2a-3812ca7ecedf@group-D8D1C1F42260-FollowerState] INFO  server.RaftServerConfigKeys (ConfUtils.java:logFallback(53)) - raft.server.rpc.first-election.timeout.min = 5s (fallback to raft.server.rpc.timeout.min)
2023-02-16 22:43:32,509 [7d73eab0-7685-47af-ac2a-3812ca7ecedf@group-D8D1C1F42260-FollowerState] INFO  server.RaftServerConfigKeys (ConfUtils.java:logFallback(53)) - raft.server.rpc.first-election.timeout.max = 5200ms (fallback to raft.server.rpc.timeout.max)
2023-02-16 22:43:32,510 [Command processor thread] INFO  ratis.XceiverServerRatis (XceiverServerRatis.java:addGroup(807)) - Created group PipelineID=cdd31b50-9ef2-451d-8bf9-d8d1c1f42260
2023-02-16 22:43:32,510 [Command processor thread] INFO  commandhandler.CreatePipelineCommandHandler (CreatePipelineCommandHandler.java:handle(113)) - Created Pipeline RATIS ONE PipelineID=cdd31b50-9ef2-451d-8bf9-d8d1c1f42260.
2023-02-16 22:43:33,483 [Listener at 127.0.0.1/42185] INFO  ozone.MiniOzoneClusterImpl (MiniOzoneClusterImpl.java:lambda$waitForClusterToBeReady$0(218)) - Nodes are ready. Got 5 of 5 DN Heartbeats.
2023-02-16 22:43:33,484 [Listener at 127.0.0.1/42185] INFO  ozone.MiniOzoneClusterImpl (MiniOzoneClusterImpl.java:lambda$waitForClusterToBeReady$0(221)) - Waiting for cluster to exit safe mode
2023-02-16 22:43:33,484 [Listener at 127.0.0.1/42185] INFO  ozone.MiniOzoneClusterImpl (MiniOzoneClusterImpl.java:lambda$waitForClusterToBeReady$0(223)) - SCM became leader
2023-02-16 22:43:34,484 [Listener at 127.0.0.1/42185] INFO  ozone.MiniOzoneClusterImpl (MiniOzoneClusterImpl.java:lambda$waitForClusterToBeReady$0(218)) - Nodes are ready. Got 5 of 5 DN Heartbeats.
2023-02-16 22:43:34,485 [Listener at 127.0.0.1/42185] INFO  ozone.MiniOzoneClusterImpl (MiniOzoneClusterImpl.java:lambda$waitForClusterToBeReady$0(221)) - Waiting for cluster to exit safe mode
2023-02-16 22:43:34,485 [Listener at 127.0.0.1/42185] INFO  ozone.MiniOzoneClusterImpl (MiniOzoneClusterImpl.java:lambda$waitForClusterToBeReady$0(223)) - SCM became leader
2023-02-16 22:43:35,485 [Listener at 127.0.0.1/42185] INFO  ozone.MiniOzoneClusterImpl (MiniOzoneClusterImpl.java:lambda$waitForClusterToBeReady$0(218)) - Nodes are ready. Got 5 of 5 DN Heartbeats.
2023-02-16 22:43:35,485 [Listener at 127.0.0.1/42185] INFO  ozone.MiniOzoneClusterImpl (MiniOzoneClusterImpl.java:lambda$waitForClusterToBeReady$0(221)) - Waiting for cluster to exit safe mode
2023-02-16 22:43:35,485 [Listener at 127.0.0.1/42185] INFO  ozone.MiniOzoneClusterImpl (MiniOzoneClusterImpl.java:lambda$waitForClusterToBeReady$0(223)) - SCM became leader
2023-02-16 22:43:35,898 [3e8a9429-e74a-4c7d-8972-bcaa764ec965@group-F3549A068E36-FollowerState] INFO  impl.FollowerState (FollowerState.java:run(143)) - 3e8a9429-e74a-4c7d-8972-bcaa764ec965@group-F3549A068E36-FollowerState: change to CANDIDATE, lastRpcElapsedTime:5101594949ns, electionTimeout:5100ms
2023-02-16 22:43:35,898 [3e8a9429-e74a-4c7d-8972-bcaa764ec965@group-F3549A068E36-FollowerState] INFO  impl.RoleInfo (RoleInfo.java:shutdownFollowerState(110)) - 3e8a9429-e74a-4c7d-8972-bcaa764ec965: shutdown 3e8a9429-e74a-4c7d-8972-bcaa764ec965@group-F3549A068E36-FollowerState
2023-02-16 22:43:35,898 [3e8a9429-e74a-4c7d-8972-bcaa764ec965@group-F3549A068E36-FollowerState] INFO  server.RaftServer$Division (RaftServerImpl.java:setRole(321)) - 3e8a9429-e74a-4c7d-8972-bcaa764ec965@group-F3549A068E36: changes role from  FOLLOWER to CANDIDATE at term 0 for changeToCandidate
2023-02-16 22:43:35,898 [3e8a9429-e74a-4c7d-8972-bcaa764ec965@group-F3549A068E36-FollowerState] INFO  server.RaftServerConfigKeys (ConfUtils.java:logGet(46)) - raft.server.leaderelection.pre-vote = true (default)
2023-02-16 22:43:35,898 [3e8a9429-e74a-4c7d-8972-bcaa764ec965@group-F3549A068E36-FollowerState] INFO  impl.RoleInfo (RoleInfo.java:updateAndGet(139)) - 3e8a9429-e74a-4c7d-8972-bcaa764ec965: start 3e8a9429-e74a-4c7d-8972-bcaa764ec965@group-F3549A068E36-LeaderElection11
2023-02-16 22:43:35,901 [3e8a9429-e74a-4c7d-8972-bcaa764ec965@group-F3549A068E36-LeaderElection11] INFO  impl.LeaderElection (LeaderElection.java:askForVotes(312)) - 3e8a9429-e74a-4c7d-8972-bcaa764ec965@group-F3549A068E36-LeaderElection11 PRE_VOTE round 0: submit vote requests at term 0 for -1: peers:[3e8a9429-e74a-4c7d-8972-bcaa764ec965|rpc:10.1.0.43:36365|dataStream:10.1.0.43:39593|priority:1|startupRole:FOLLOWER]|listeners:[], old=null
2023-02-16 22:43:35,901 [3e8a9429-e74a-4c7d-8972-bcaa764ec965@group-F3549A068E36-LeaderElection11] INFO  impl.LeaderElection (LeaderElection.java:askForVotes(314)) - 3e8a9429-e74a-4c7d-8972-bcaa764ec965@group-F3549A068E36-LeaderElection11 PRE_VOTE round 0: result PASSED (term=0)
2023-02-16 22:43:35,904 [3e8a9429-e74a-4c7d-8972-bcaa764ec965@group-F3549A068E36-LeaderElection11] INFO  impl.LeaderElection (LeaderElection.java:askForVotes(312)) - 3e8a9429-e74a-4c7d-8972-bcaa764ec965@group-F3549A068E36-LeaderElection11 ELECTION round 0: submit vote requests at term 1 for -1: peers:[3e8a9429-e74a-4c7d-8972-bcaa764ec965|rpc:10.1.0.43:36365|dataStream:10.1.0.43:39593|priority:1|startupRole:FOLLOWER]|listeners:[], old=null
2023-02-16 22:43:35,904 [3e8a9429-e74a-4c7d-8972-bcaa764ec965@group-F3549A068E36-LeaderElection11] INFO  impl.LeaderElection (LeaderElection.java:askForVotes(314)) - 3e8a9429-e74a-4c7d-8972-bcaa764ec965@group-F3549A068E36-LeaderElection11 ELECTION round 0: result PASSED (term=1)
2023-02-16 22:43:35,904 [3e8a9429-e74a-4c7d-8972-bcaa764ec965@group-F3549A068E36-LeaderElection11] INFO  impl.RoleInfo (RoleInfo.java:shutdownLeaderElection(130)) - 3e8a9429-e74a-4c7d-8972-bcaa764ec965: shutdown 3e8a9429-e74a-4c7d-8972-bcaa764ec965@group-F3549A068E36-LeaderElection11
2023-02-16 22:43:35,904 [3e8a9429-e74a-4c7d-8972-bcaa764ec965@group-F3549A068E36-LeaderElection11] INFO  server.RaftServer$Division (RaftServerImpl.java:setRole(321)) - 3e8a9429-e74a-4c7d-8972-bcaa764ec965@group-F3549A068E36: changes role from CANDIDATE to LEADER at term 1 for changeToLeader
2023-02-16 22:43:35,904 [3e8a9429-e74a-4c7d-8972-bcaa764ec965@group-F3549A068E36-LeaderElection11] INFO  ratis.XceiverServerRatis (XceiverServerRatis.java:handleLeaderChangedNotification(905)) - Leader change notification received for group: group-F3549A068E36 with new leaderId: 3e8a9429-e74a-4c7d-8972-bcaa764ec965
2023-02-16 22:43:35,904 [3e8a9429-e74a-4c7d-8972-bcaa764ec965@group-F3549A068E36-LeaderElection11] INFO  server.RaftServer$Division (ServerState.java:setLeader(313)) - 3e8a9429-e74a-4c7d-8972-bcaa764ec965@group-F3549A068E36: change Leader from null to 3e8a9429-e74a-4c7d-8972-bcaa764ec965 at term 1 for becomeLeader, leader elected after 5130ms
2023-02-16 22:43:35,906 [3e8a9429-e74a-4c7d-8972-bcaa764ec965@group-F3549A068E36-LeaderElection11] INFO  server.RaftServerConfigKeys (ConfUtils.java:logGet(46)) - raft.server.staging.catchup.gap = 1000 (default)
2023-02-16 22:43:35,910 [EventQueue-OpenPipelineForHealthyPipelineSafeModeRule] INFO  safemode.SCMSafeModeManager (HealthyPipelineSafeModeRule.java:process(137)) - SCM in safe mode. Healthy pipelines reported count is 0, required healthy pipeline reported count is 1
2023-02-16 22:43:35,910 [3e8a9429-e74a-4c7d-8972-bcaa764ec965@group-F3549A068E36-LeaderElection11] INFO  server.RaftServerConfigKeys (ConfUtils.java:logGet(46)) - raft.server.write.element-limit = 1024 (custom)
2023-02-16 22:43:35,910 [3e8a9429-e74a-4c7d-8972-bcaa764ec965@group-F3549A068E36-LeaderElection11] INFO  server.RaftServerConfigKeys (ConfUtils.java:logGet(46)) - raft.server.write.byte-limit = 1024 M (=1073741824) (custom)
2023-02-16 22:43:35,911 [3e8a9429-e74a-4c7d-8972-bcaa764ec965@group-F3549A068E36-LeaderElection11] INFO  server.RaftServerConfigKeys (ConfUtils.java:logGet(46)) - raft.server.watch.timeout = 10000ms (default)
2023-02-16 22:43:35,911 [3e8a9429-e74a-4c7d-8972-bcaa764ec965@group-F3549A068E36-LeaderElection11] INFO  server.RaftServerConfigKeys (ConfUtils.java:logGet(46)) - raft.server.watch.timeout.denomination = 1s (default)
2023-02-16 22:43:35,911 [3e8a9429-e74a-4c7d-8972-bcaa764ec965@group-F3549A068E36-LeaderElection11] INFO  server.RaftServerConfigKeys (ConfUtils.java:logGet(46)) - raft.server.watch.element-limit = 65536 (default)
2023-02-16 22:43:35,911 [3e8a9429-e74a-4c7d-8972-bcaa764ec965@group-F3549A068E36-LeaderElection11] INFO  server.RaftServerConfigKeys (ConfUtils.java:logGet(46)) - raft.server.write.element-limit = 1024 (custom)
2023-02-16 22:43:35,911 [3e8a9429-e74a-4c7d-8972-bcaa764ec965@group-F3549A068E36-LeaderElection11] INFO  server.RaftServerConfigKeys (ConfUtils.java:logGet(46)) - raft.server.write.follower.gap.ratio.max = -1.0 (default)
2023-02-16 22:43:35,911 [3e8a9429-e74a-4c7d-8972-bcaa764ec965@group-F3549A068E36-LeaderElection11] INFO  impl.RoleInfo (RoleInfo.java:updateAndGet(139)) - 3e8a9429-e74a-4c7d-8972-bcaa764ec965: start 3e8a9429-e74a-4c7d-8972-bcaa764ec965@group-F3549A068E36-LeaderStateImpl
2023-02-16 22:43:35,912 [3e8a9429-e74a-4c7d-8972-bcaa764ec965@group-F3549A068E36-LeaderElection11] INFO  segmented.SegmentedRaftLogWorker (SegmentedRaftLogWorker.java:startLogSegment(452)) - 3e8a9429-e74a-4c7d-8972-bcaa764ec965@group-F3549A068E36-SegmentedRaftLogWorker: Starting segment from index:0
2023-02-16 22:43:35,914 [3e8a9429-e74a-4c7d-8972-bcaa764ec965@group-F3549A068E36-SegmentedRaftLogWorker] INFO  segmented.SegmentedRaftLogWorker (SegmentedRaftLogWorker.java:execute(656)) - 3e8a9429-e74a-4c7d-8972-bcaa764ec965@group-F3549A068E36-SegmentedRaftLogWorker: created new log segment /home/runner/work/ozone/ozone/hadoop-ozone/integration-test/target/test-dir/MiniOzoneClusterImpl-40d1b4d0-2c8f-4763-9166-3e69b7713d06/datanode-0/data/ratis/f7218c15-33d7-411f-a736-f3549a068e36/current/log_inprogress_0
2023-02-16 22:43:35,917 [3e8a9429-e74a-4c7d-8972-bcaa764ec965@group-F3549A068E36-LeaderElection11] INFO  server.RaftServer$Division (ServerState.java:setRaftConf(430)) - 3e8a9429-e74a-4c7d-8972-bcaa764ec965@group-F3549A068E36: set configuration 0: peers:[3e8a9429-e74a-4c7d-8972-bcaa764ec965|rpc:10.1.0.43:36365|dataStream:10.1.0.43:39593|priority:1|startupRole:FOLLOWER]|listeners:[], old=null
2023-02-16 22:43:36,006 [3e8a9429-e74a-4c7d-8972-bcaa764ec965@group-B909EF32902F-FollowerState] INFO  impl.FollowerState (FollowerState.java:run(143)) - 3e8a9429-e74a-4c7d-8972-bcaa764ec965@group-B909EF32902F-FollowerState: change to CANDIDATE, lastRpcElapsedTime:5172709628ns, electionTimeout:5165ms
2023-02-16 22:43:36,007 [3e8a9429-e74a-4c7d-8972-bcaa764ec965@group-B909EF32902F-FollowerState] INFO  impl.RoleInfo (RoleInfo.java:shutdownFollowerState(110)) - 3e8a9429-e74a-4c7d-8972-bcaa764ec965: shutdown 3e8a9429-e74a-4c7d-8972-bcaa764ec965@group-B909EF32902F-FollowerState
2023-02-16 22:43:36,007 [3e8a9429-e74a-4c7d-8972-bcaa764ec965@group-B909EF32902F-FollowerState] INFO  server.RaftServer$Division (RaftServerImpl.java:setRole(321)) - 3e8a9429-e74a-4c7d-8972-bcaa764ec965@group-B909EF32902F: changes role from  FOLLOWER to CANDIDATE at term 0 for changeToCandidate
2023-02-16 22:43:36,007 [3e8a9429-e74a-4c7d-8972-bcaa764ec965@group-B909EF32902F-FollowerState] INFO  server.RaftServerConfigKeys (ConfUtils.java:logGet(46)) - raft.server.leaderelection.pre-vote = true (default)
2023-02-16 22:43:36,007 [3e8a9429-e74a-4c7d-8972-bcaa764ec965@group-B909EF32902F-FollowerState] INFO  impl.RoleInfo (RoleInfo.java:updateAndGet(139)) - 3e8a9429-e74a-4c7d-8972-bcaa764ec965: start 3e8a9429-e74a-4c7d-8972-bcaa764ec965@group-B909EF32902F-LeaderElection12
2023-02-16 22:43:36,011 [3e8a9429-e74a-4c7d-8972-bcaa764ec965@group-B909EF32902F-LeaderElection12] INFO  impl.LeaderElection (LeaderElection.java:askForVotes(312)) - 3e8a9429-e74a-4c7d-8972-bcaa764ec965@group-B909EF32902F-LeaderElection12 PRE_VOTE round 0: submit vote requests at term 0 for -1: peers:[3344520a-2062-4b5f-b8c2-e6a9091bb895|rpc:10.1.0.43:39317|dataStream:10.1.0.43:34361|priority:1|startupRole:FOLLOWER, d5431bb7-4da0-4de3-8e42-f94aec5e63a8|rpc:10.1.0.43:35497|dataStream:10.1.0.43:43737|priority:0|startupRole:FOLLOWER, 3e8a9429-e74a-4c7d-8972-bcaa764ec965|rpc:10.1.0.43:36365|dataStream:10.1.0.43:39593|priority:0|startupRole:FOLLOWER]|listeners:[], old=null
2023-02-16 22:43:36,012 [3e8a9429-e74a-4c7d-8972-bcaa764ec965@group-B909EF32902F-LeaderElection12] INFO  server.RaftServerConfigKeys (ConfUtils.java:logFallback(53)) - raft.server.rpc.first-election.timeout.min = 5s (fallback to raft.server.rpc.timeout.min)
2023-02-16 22:43:36,012 [3e8a9429-e74a-4c7d-8972-bcaa764ec965@group-B909EF32902F-LeaderElection12-1] INFO  server.GrpcServerProtocolClient (GrpcServerProtocolClient.java:<init>(63)) - Build channel for 3344520a-2062-4b5f-b8c2-e6a9091bb895
2023-02-16 22:43:36,012 [3e8a9429-e74a-4c7d-8972-bcaa764ec965@group-B909EF32902F-LeaderElection12] INFO  server.RaftServerConfigKeys (ConfUtils.java:logFallback(53)) - raft.server.rpc.first-election.timeout.max = 5200ms (fallback to raft.server.rpc.timeout.max)
2023-02-16 22:43:36,012 [3e8a9429-e74a-4c7d-8972-bcaa764ec965@group-B909EF32902F-LeaderElection12-2] INFO  server.GrpcServerProtocolClient (GrpcServerProtocolClient.java:<init>(63)) - Build channel for d5431bb7-4da0-4de3-8e42-f94aec5e63a8
2023-02-16 22:43:36,026 [grpc-default-executor-0] INFO  server.RaftServer$Division (RaftServerImpl.java:requestVote(1218)) - 3344520a-2062-4b5f-b8c2-e6a9091bb895@group-B909EF32902F: receive requestVote(PRE_VOTE, 3e8a9429-e74a-4c7d-8972-bcaa764ec965, group-B909EF32902F, 0, (t:0, i:0))
2023-02-16 22:43:36,026 [grpc-default-executor-0] INFO  impl.VoteContext (VoteContext.java:log(49)) - 3344520a-2062-4b5f-b8c2-e6a9091bb895@group-B909EF32902F-FOLLOWER: reject PRE_VOTE from 3e8a9429-e74a-4c7d-8972-bcaa764ec965: our priority 1 > candidate's priority 0
2023-02-16 22:43:36,027 [grpc-default-executor-0] INFO  server.RaftServer$Division (RaftServerImpl.java:requestVote(1251)) - 3344520a-2062-4b5f-b8c2-e6a9091bb895@group-B909EF32902F replies to PRE_VOTE vote request: 3e8a9429-e74a-4c7d-8972-bcaa764ec965<-3344520a-2062-4b5f-b8c2-e6a9091bb895#0:FAIL-t0. Peer's state: 3344520a-2062-4b5f-b8c2-e6a9091bb895@group-B909EF32902F:t0, leader=null, voted=, raftlog=Memoized:3344520a-2062-4b5f-b8c2-e6a9091bb895@group-B909EF32902F-SegmentedRaftLog:OPENED:c-1, conf=-1: peers:[3344520a-2062-4b5f-b8c2-e6a9091bb895|rpc:10.1.0.43:39317|dataStream:10.1.0.43:34361|priority:1|startupRole:FOLLOWER, d5431bb7-4da0-4de3-8e42-f94aec5e63a8|rpc:10.1.0.43:35497|dataStream:10.1.0.43:43737|priority:0|startupRole:FOLLOWER, 3e8a9429-e74a-4c7d-8972-bcaa764ec965|rpc:10.1.0.43:36365|dataStream:10.1.0.43:39593|priority:0|startupRole:FOLLOWER]|listeners:[], old=null
2023-02-16 22:43:36,031 [3e8a9429-e74a-4c7d-8972-bcaa764ec965@group-B909EF32902F-LeaderElection12] INFO  impl.LeaderElection (LeaderElection.java:logAndReturn(90)) - 3e8a9429-e74a-4c7d-8972-bcaa764ec965@group-B909EF32902F-LeaderElection12: PRE_VOTE REJECTED received 1 response(s) and 0 exception(s):
2023-02-16 22:43:36,031 [3e8a9429-e74a-4c7d-8972-bcaa764ec965@group-B909EF32902F-LeaderElection12] INFO  impl.LeaderElection (LeaderElection.java:logAndReturn(94)) -   Response 0: 3e8a9429-e74a-4c7d-8972-bcaa764ec965<-3344520a-2062-4b5f-b8c2-e6a9091bb895#0:FAIL-t0
2023-02-16 22:43:36,031 [3e8a9429-e74a-4c7d-8972-bcaa764ec965@group-B909EF32902F-LeaderElection12] INFO  impl.LeaderElection (LeaderElection.java:askForVotes(314)) - 3e8a9429-e74a-4c7d-8972-bcaa764ec965@group-B909EF32902F-LeaderElection12 PRE_VOTE round 0: result REJECTED
2023-02-16 22:43:36,037 [3e8a9429-e74a-4c7d-8972-bcaa764ec965@group-B909EF32902F-LeaderElection12] INFO  server.RaftServer$Division (RaftServerImpl.java:setRole(321)) - 3e8a9429-e74a-4c7d-8972-bcaa764ec965@group-B909EF32902F: changes role from CANDIDATE to FOLLOWER at term 0 for REJECTED
2023-02-16 22:43:36,038 [3e8a9429-e74a-4c7d-8972-bcaa764ec965@group-B909EF32902F-LeaderElection12] INFO  impl.RoleInfo (RoleInfo.java:shutdownLeaderElection(130)) - 3e8a9429-e74a-4c7d-8972-bcaa764ec965: shutdown 3e8a9429-e74a-4c7d-8972-bcaa764ec965@group-B909EF32902F-LeaderElection12
2023-02-16 22:43:36,038 [3e8a9429-e74a-4c7d-8972-bcaa764ec965@group-B909EF32902F-LeaderElection12] INFO  impl.RoleInfo (RoleInfo.java:updateAndGet(139)) - 3e8a9429-e74a-4c7d-8972-bcaa764ec965: start 3e8a9429-e74a-4c7d-8972-bcaa764ec965@group-B909EF32902F-FollowerState
2023-02-16 22:43:36,039 [3e8a9429-e74a-4c7d-8972-bcaa764ec965@group-B909EF32902F-FollowerState] INFO  server.RaftServerConfigKeys (ConfUtils.java:logFallback(53)) - raft.server.rpc.first-election.timeout.min = 5s (fallback to raft.server.rpc.timeout.min)
2023-02-16 22:43:36,039 [3e8a9429-e74a-4c7d-8972-bcaa764ec965@group-B909EF32902F-FollowerState] INFO  server.RaftServerConfigKeys (ConfUtils.java:logFallback(53)) - raft.server.rpc.first-election.timeout.max = 5200ms (fallback to raft.server.rpc.timeout.max)
2023-02-16 22:43:36,042 [grpc-default-executor-0] INFO  server.RaftServer$Division (RaftServerImpl.java:requestVote(1218)) - d5431bb7-4da0-4de3-8e42-f94aec5e63a8@group-B909EF32902F: receive requestVote(PRE_VOTE, 3e8a9429-e74a-4c7d-8972-bcaa764ec965, group-B909EF32902F, 0, (t:0, i:0))
2023-02-16 22:43:36,043 [grpc-default-executor-0] INFO  impl.VoteContext (VoteContext.java:log(49)) - d5431bb7-4da0-4de3-8e42-f94aec5e63a8@group-B909EF32902F-FOLLOWER: accept PRE_VOTE from 3e8a9429-e74a-4c7d-8972-bcaa764ec965: our priority 0 <= candidate's priority 0
2023-02-16 22:43:36,043 [grpc-default-executor-0] INFO  server.RaftServer$Division (RaftServerImpl.java:requestVote(1251)) - d5431bb7-4da0-4de3-8e42-f94aec5e63a8@group-B909EF32902F replies to PRE_VOTE vote request: 3e8a9429-e74a-4c7d-8972-bcaa764ec965<-d5431bb7-4da0-4de3-8e42-f94aec5e63a8#0:OK-t0. Peer's state: d5431bb7-4da0-4de3-8e42-f94aec5e63a8@group-B909EF32902F:t0, leader=null, voted=, raftlog=Memoized:d5431bb7-4da0-4de3-8e42-f94aec5e63a8@group-B909EF32902F-SegmentedRaftLog:OPENED:c-1, conf=-1: peers:[3344520a-2062-4b5f-b8c2-e6a9091bb895|rpc:10.1.0.43:39317|dataStream:10.1.0.43:34361|priority:1|startupRole:FOLLOWER, d5431bb7-4da0-4de3-8e42-f94aec5e63a8|rpc:10.1.0.43:35497|dataStream:10.1.0.43:43737|priority:0|startupRole:FOLLOWER, 3e8a9429-e74a-4c7d-8972-bcaa764ec965|rpc:10.1.0.43:36365|dataStream:10.1.0.43:39593|priority:0|startupRole:FOLLOWER]|listeners:[], old=null
2023-02-16 22:43:36,092 [d5431bb7-4da0-4de3-8e42-f94aec5e63a8@group-B909EF32902F-FollowerState] INFO  server.RaftServerConfigKeys (ConfUtils.java:logFallback(53)) - raft.server.rpc.first-election.timeout.min = 5s (fallback to raft.server.rpc.timeout.min)
2023-02-16 22:43:36,092 [d5431bb7-4da0-4de3-8e42-f94aec5e63a8@group-B909EF32902F-FollowerState] INFO  server.RaftServerConfigKeys (ConfUtils.java:logFallback(53)) - raft.server.rpc.first-election.timeout.max = 5200ms (fallback to raft.server.rpc.timeout.max)
2023-02-16 22:43:36,107 [3344520a-2062-4b5f-b8c2-e6a9091bb895@group-B909EF32902F-FollowerState] INFO  impl.FollowerState (FollowerState.java:run(143)) - 3344520a-2062-4b5f-b8c2-e6a9091bb895@group-B909EF32902F-FollowerState: change to CANDIDATE, lastRpcElapsedTime:5201645842ns, electionTimeout:5195ms
2023-02-16 22:43:36,107 [3344520a-2062-4b5f-b8c2-e6a9091bb895@group-B909EF32902F-FollowerState] INFO  impl.RoleInfo (RoleInfo.java:shutdownFollowerState(110)) - 3344520a-2062-4b5f-b8c2-e6a9091bb895: shutdown 3344520a-2062-4b5f-b8c2-e6a9091bb895@group-B909EF32902F-FollowerState
2023-02-16 22:43:36,107 [3344520a-2062-4b5f-b8c2-e6a9091bb895@group-B909EF32902F-FollowerState] INFO  server.RaftServer$Division (RaftServerImpl.java:setRole(321)) - 3344520a-2062-4b5f-b8c2-e6a9091bb895@group-B909EF32902F: changes role from  FOLLOWER to CANDIDATE at term 0 for changeToCandidate
2023-02-16 22:43:36,107 [3344520a-2062-4b5f-b8c2-e6a9091bb895@group-B909EF32902F-FollowerState] INFO  server.RaftServerConfigKeys (ConfUtils.java:logGet(46)) - raft.server.leaderelection.pre-vote = true (default)
2023-02-16 22:43:36,107 [3344520a-2062-4b5f-b8c2-e6a9091bb895@group-B909EF32902F-FollowerState] INFO  impl.RoleInfo (RoleInfo.java:updateAndGet(139)) - 3344520a-2062-4b5f-b8c2-e6a9091bb895: start 3344520a-2062-4b5f-b8c2-e6a9091bb895@group-B909EF32902F-LeaderElection13
2023-02-16 22:43:36,108 [3344520a-2062-4b5f-b8c2-e6a9091bb895@group-B909EF32902F-LeaderElection13] INFO  impl.LeaderElection (LeaderElection.java:askForVotes(312)) - 3344520a-2062-4b5f-b8c2-e6a9091bb895@group-B909EF32902F-LeaderElection13 PRE_VOTE round 0: submit vote requests at term 0 for -1: peers:[3344520a-2062-4b5f-b8c2-e6a9091bb895|rpc:10.1.0.43:39317|dataStream:10.1.0.43:34361|priority:1|startupRole:FOLLOWER, d5431bb7-4da0-4de3-8e42-f94aec5e63a8|rpc:10.1.0.43:35497|dataStream:10.1.0.43:43737|priority:0|startupRole:FOLLOWER, 3e8a9429-e74a-4c7d-8972-bcaa764ec965|rpc:10.1.0.43:36365|dataStream:10.1.0.43:39593|priority:0|startupRole:FOLLOWER]|listeners:[], old=null
2023-02-16 22:43:36,109 [3344520a-2062-4b5f-b8c2-e6a9091bb895@group-B909EF32902F-LeaderElection13] INFO  server.RaftServerConfigKeys (ConfUtils.java:logFallback(53)) - raft.server.rpc.first-election.timeout.min = 5s (fallback to raft.server.rpc.timeout.min)
2023-02-16 22:43:36,109 [3344520a-2062-4b5f-b8c2-e6a9091bb895@group-B909EF32902F-LeaderElection13-1] INFO  server.GrpcServerProtocolClient (GrpcServerProtocolClient.java:<init>(63)) - Build channel for d5431bb7-4da0-4de3-8e42-f94aec5e63a8
2023-02-16 22:43:36,109 [3344520a-2062-4b5f-b8c2-e6a9091bb895@group-B909EF32902F-LeaderElection13] INFO  server.RaftServerConfigKeys (ConfUtils.java:logFallback(53)) - raft.server.rpc.first-election.timeout.max = 5200ms (fallback to raft.server.rpc.timeout.max)
2023-02-16 22:43:36,109 [3344520a-2062-4b5f-b8c2-e6a9091bb895@group-B909EF32902F-LeaderElection13-2] INFO  server.GrpcServerProtocolClient (GrpcServerProtocolClient.java:<init>(63)) - Build channel for 3e8a9429-e74a-4c7d-8972-bcaa764ec965
2023-02-16 22:43:36,121 [grpc-default-executor-0] INFO  server.RaftServer$Division (RaftServerImpl.java:requestVote(1218)) - d5431bb7-4da0-4de3-8e42-f94aec5e63a8@group-B909EF32902F: receive requestVote(PRE_VOTE, 3344520a-2062-4b5f-b8c2-e6a9091bb895, group-B909EF32902F, 0, (t:0, i:0))
2023-02-16 22:43:36,121 [grpc-default-executor-0] INFO  impl.VoteContext (VoteContext.java:log(49)) - d5431bb7-4da0-4de3-8e42-f94aec5e63a8@group-B909EF32902F-FOLLOWER: accept PRE_VOTE from 3344520a-2062-4b5f-b8c2-e6a9091bb895: our priority 0 <= candidate's priority 1
2023-02-16 22:43:36,121 [grpc-default-executor-0] INFO  server.RaftServer$Division (RaftServerImpl.java:requestVote(1251)) - d5431bb7-4da0-4de3-8e42-f94aec5e63a8@group-B909EF32902F replies to PRE_VOTE vote request: 3344520a-2062-4b5f-b8c2-e6a9091bb895<-d5431bb7-4da0-4de3-8e42-f94aec5e63a8#0:OK-t0. Peer's state: d5431bb7-4da0-4de3-8e42-f94aec5e63a8@group-B909EF32902F:t0, leader=null, voted=, raftlog=Memoized:d5431bb7-4da0-4de3-8e42-f94aec5e63a8@group-B909EF32902F-SegmentedRaftLog:OPENED:c-1, conf=-1: peers:[3344520a-2062-4b5f-b8c2-e6a9091bb895|rpc:10.1.0.43:39317|dataStream:10.1.0.43:34361|priority:1|startupRole:FOLLOWER, d5431bb7-4da0-4de3-8e42-f94aec5e63a8|rpc:10.1.0.43:35497|dataStream:10.1.0.43:43737|priority:0|startupRole:FOLLOWER, 3e8a9429-e74a-4c7d-8972-bcaa764ec965|rpc:10.1.0.43:36365|dataStream:10.1.0.43:39593|priority:0|startupRole:FOLLOWER]|listeners:[], old=null
2023-02-16 22:43:36,122 [grpc-default-executor-1] INFO  server.RaftServer$Division (RaftServerImpl.java:requestVote(1218)) - 3e8a9429-e74a-4c7d-8972-bcaa764ec965@group-B909EF32902F: receive requestVote(PRE_VOTE, 3344520a-2062-4b5f-b8c2-e6a9091bb895, group-B909EF32902F, 0, (t:0, i:0))
2023-02-16 22:43:36,122 [grpc-default-executor-1] INFO  impl.VoteContext (VoteContext.java:log(49)) - 3e8a9429-e74a-4c7d-8972-bcaa764ec965@group-B909EF32902F-FOLLOWER: accept PRE_VOTE from 3344520a-2062-4b5f-b8c2-e6a9091bb895: our priority 0 <= candidate's priority 1
2023-02-16 22:43:36,122 [grpc-default-executor-1] INFO  server.RaftServer$Division (RaftServerImpl.java:requestVote(1251)) - 3e8a9429-e74a-4c7d-8972-bcaa764ec965@group-B909EF32902F replies to PRE_VOTE vote request: 3344520a-2062-4b5f-b8c2-e6a9091bb895<-3e8a9429-e74a-4c7d-8972-bcaa764ec965#0:OK-t0. Peer's state: 3e8a9429-e74a-4c7d-8972-bcaa764ec965@group-B909EF32902F:t0, leader=null, voted=, raftlog=Memoized:3e8a9429-e74a-4c7d-8972-bcaa764ec965@group-B909EF32902F-SegmentedRaftLog:OPENED:c-1, conf=-1: peers:[3344520a-2062-4b5f-b8c2-e6a9091bb895|rpc:10.1.0.43:39317|dataStream:10.1.0.43:34361|priority:1|startupRole:FOLLOWER, d5431bb7-4da0-4de3-8e42-f94aec5e63a8|rpc:10.1.0.43:35497|dataStream:10.1.0.43:43737|priority:0|startupRole:FOLLOWER, 3e8a9429-e74a-4c7d-8972-bcaa764ec965|rpc:10.1.0.43:36365|dataStream:10.1.0.43:39593|priority:0|startupRole:FOLLOWER]|listeners:[], old=null
2023-02-16 22:43:36,125 [3344520a-2062-4b5f-b8c2-e6a9091bb895@group-B909EF32902F-LeaderElection13] INFO  impl.LeaderElection (LeaderElection.java:logAndReturn(90)) - 3344520a-2062-4b5f-b8c2-e6a9091bb895@group-B909EF32902F-LeaderElection13: PRE_VOTE PASSED received 1 response(s) and 0 exception(s):
2023-02-16 22:43:36,125 [3344520a-2062-4b5f-b8c2-e6a9091bb895@group-B909EF32902F-LeaderElection13] INFO  impl.LeaderElection (LeaderElection.java:logAndReturn(94)) -   Response 0: 3344520a-2062-4b5f-b8c2-e6a9091bb895<-d5431bb7-4da0-4de3-8e42-f94aec5e63a8#0:OK-t0
2023-02-16 22:43:36,125 [3344520a-2062-4b5f-b8c2-e6a9091bb895@group-B909EF32902F-LeaderElection13] INFO  impl.LeaderElection (LeaderElection.java:askForVotes(314)) - 3344520a-2062-4b5f-b8c2-e6a9091bb895@group-B909EF32902F-LeaderElection13 PRE_VOTE round 0: result PASSED
2023-02-16 22:43:36,128 [3344520a-2062-4b5f-b8c2-e6a9091bb895@group-B909EF32902F-LeaderElection13] INFO  impl.LeaderElection (LeaderElection.java:askForVotes(312)) - 3344520a-2062-4b5f-b8c2-e6a9091bb895@group-B909EF32902F-LeaderElection13 ELECTION round 0: submit vote requests at term 1 for -1: peers:[3344520a-2062-4b5f-b8c2-e6a9091bb895|rpc:10.1.0.43:39317|dataStream:10.1.0.43:34361|priority:1|startupRole:FOLLOWER, d5431bb7-4da0-4de3-8e42-f94aec5e63a8|rpc:10.1.0.43:35497|dataStream:10.1.0.43:43737|priority:0|startupRole:FOLLOWER, 3e8a9429-e74a-4c7d-8972-bcaa764ec965|rpc:10.1.0.43:36365|dataStream:10.1.0.43:39593|priority:0|startupRole:FOLLOWER]|listeners:[], old=null
2023-02-16 22:43:36,128 [3344520a-2062-4b5f-b8c2-e6a9091bb895@group-B909EF32902F-LeaderElection13] INFO  server.RaftServerConfigKeys (ConfUtils.java:logFallback(53)) - raft.server.rpc.first-election.timeout.min = 5s (fallback to raft.server.rpc.timeout.min)
2023-02-16 22:43:36,128 [3344520a-2062-4b5f-b8c2-e6a9091bb895@group-B909EF32902F-LeaderElection13] INFO  server.RaftServerConfigKeys (ConfUtils.java:logFallback(53)) - raft.server.rpc.first-election.timeout.max = 5200ms (fallback to raft.server.rpc.timeout.max)
2023-02-16 22:43:36,130 [grpc-default-executor-1] INFO  server.RaftServer$Division (RaftServerImpl.java:requestVote(1218)) - d5431bb7-4da0-4de3-8e42-f94aec5e63a8@group-B909EF32902F: receive requestVote(ELECTION, 3344520a-2062-4b5f-b8c2-e6a9091bb895, group-B909EF32902F, 1, (t:0, i:0))
2023-02-16 22:43:36,130 [grpc-default-executor-1] INFO  impl.VoteContext (VoteContext.java:log(49)) - d5431bb7-4da0-4de3-8e42-f94aec5e63a8@group-B909EF32902F-FOLLOWER: accept ELECTION from 3344520a-2062-4b5f-b8c2-e6a9091bb895: our priority 0 <= candidate's priority 1
2023-02-16 22:43:36,130 [grpc-default-executor-1] INFO  server.RaftServer$Division (RaftServerImpl.java:setRole(321)) - d5431bb7-4da0-4de3-8e42-f94aec5e63a8@group-B909EF32902F: changes role from  FOLLOWER to FOLLOWER at term 1 for candidate:3344520a-2062-4b5f-b8c2-e6a9091bb895
2023-02-16 22:43:36,130 [grpc-default-executor-1] INFO  impl.RoleInfo (RoleInfo.java:shutdownFollowerState(110)) - d5431bb7-4da0-4de3-8e42-f94aec5e63a8: shutdown d5431bb7-4da0-4de3-8e42-f94aec5e63a8@group-B909EF32902F-FollowerState
2023-02-16 22:43:36,130 [grpc-default-executor-1] INFO  impl.RoleInfo (RoleInfo.java:updateAndGet(139)) - d5431bb7-4da0-4de3-8e42-f94aec5e63a8: start d5431bb7-4da0-4de3-8e42-f94aec5e63a8@group-B909EF32902F-FollowerState
2023-02-16 22:43:36,131 [d5431bb7-4da0-4de3-8e42-f94aec5e63a8@group-B909EF32902F-FollowerState] INFO  impl.FollowerState (FollowerState.java:run(152)) - d5431bb7-4da0-4de3-8e42-f94aec5e63a8@group-B909EF32902F-FollowerState was interrupted
2023-02-16 22:43:36,142 [d5431bb7-4da0-4de3-8e42-f94aec5e63a8@group-B909EF32902F-FollowerState] INFO  server.RaftServerConfigKeys (ConfUtils.java:logFallback(53)) - raft.server.rpc.first-election.timeout.min = 5s (fallback to raft.server.rpc.timeout.min)
2023-02-16 22:43:36,142 [grpc-default-executor-1] INFO  server.RaftServer$Division (RaftServerImpl.java:requestVote(1251)) - d5431bb7-4da0-4de3-8e42-f94aec5e63a8@group-B909EF32902F replies to ELECTION vote request: 3344520a-2062-4b5f-b8c2-e6a9091bb895<-d5431bb7-4da0-4de3-8e42-f94aec5e63a8#0:OK-t1. Peer's state: d5431bb7-4da0-4de3-8e42-f94aec5e63a8@group-B909EF32902F:t1, leader=null, voted=3344520a-2062-4b5f-b8c2-e6a9091bb895, raftlog=Memoized:d5431bb7-4da0-4de3-8e42-f94aec5e63a8@group-B909EF32902F-SegmentedRaftLog:OPENED:c-1, conf=-1: peers:[3344520a-2062-4b5f-b8c2-e6a9091bb895|rpc:10.1.0.43:39317|dataStream:10.1.0.43:34361|priority:1|startupRole:FOLLOWER, d5431bb7-4da0-4de3-8e42-f94aec5e63a8|rpc:10.1.0.43:35497|dataStream:10.1.0.43:43737|priority:0|startupRole:FOLLOWER, 3e8a9429-e74a-4c7d-8972-bcaa764ec965|rpc:10.1.0.43:36365|dataStream:10.1.0.43:39593|priority:0|startupRole:FOLLOWER]|listeners:[], old=null
2023-02-16 22:43:36,142 [d5431bb7-4da0-4de3-8e42-f94aec5e63a8@group-B909EF32902F-FollowerState] INFO  server.RaftServerConfigKeys (ConfUtils.java:logFallback(53)) - raft.server.rpc.first-election.timeout.max = 5200ms (fallback to raft.server.rpc.timeout.max)
2023-02-16 22:43:36,143 [3344520a-2062-4b5f-b8c2-e6a9091bb895@group-B909EF32902F-LeaderElection13] INFO  impl.LeaderElection (LeaderElection.java:logAndReturn(90)) - 3344520a-2062-4b5f-b8c2-e6a9091bb895@group-B909EF32902F-LeaderElection13: ELECTION PASSED received 1 response(s) and 0 exception(s):
2023-02-16 22:43:36,143 [3344520a-2062-4b5f-b8c2-e6a9091bb895@group-B909EF32902F-LeaderElection13] INFO  impl.LeaderElection (LeaderElection.java:logAndReturn(94)) -   Response 0: 3344520a-2062-4b5f-b8c2-e6a9091bb895<-d5431bb7-4da0-4de3-8e42-f94aec5e63a8#0:OK-t1
2023-02-16 22:43:36,143 [3344520a-2062-4b5f-b8c2-e6a9091bb895@group-B909EF32902F-LeaderElection13] INFO  impl.LeaderElection (LeaderElection.java:askForVotes(314)) - 3344520a-2062-4b5f-b8c2-e6a9091bb895@group-B909EF32902F-LeaderElection13 ELECTION round 0: result PASSED
2023-02-16 22:43:36,143 [3344520a-2062-4b5f-b8c2-e6a9091bb895@group-B909EF32902F-LeaderElection13] INFO  impl.RoleInfo (RoleInfo.java:shutdownLeaderElection(130)) - 3344520a-2062-4b5f-b8c2-e6a9091bb895: shutdown 3344520a-2062-4b5f-b8c2-e6a9091bb895@group-B909EF32902F-LeaderElection13
2023-02-16 22:43:36,143 [3344520a-2062-4b5f-b8c2-e6a9091bb895@group-B909EF32902F-LeaderElection13] INFO  server.RaftServer$Division (RaftServerImpl.java:setRole(321)) - 3344520a-2062-4b5f-b8c2-e6a9091bb895@group-B909EF32902F: changes role from CANDIDATE to LEADER at term 1 for changeToLeader
2023-02-16 22:43:36,143 [3344520a-2062-4b5f-b8c2-e6a9091bb895@group-B909EF32902F-LeaderElection13] INFO  ratis.XceiverServerRatis (XceiverServerRatis.java:handleLeaderChangedNotification(905)) - Leader change notification received for group: group-B909EF32902F with new leaderId: 3344520a-2062-4b5f-b8c2-e6a9091bb895
2023-02-16 22:43:36,143 [3344520a-2062-4b5f-b8c2-e6a9091bb895@group-B909EF32902F-LeaderElection13] INFO  server.RaftServer$Division (ServerState.java:setLeader(313)) - 3344520a-2062-4b5f-b8c2-e6a9091bb895@group-B909EF32902F: change Leader from null to 3344520a-2062-4b5f-b8c2-e6a9091bb895 at term 1 for becomeLeader, leader elected after 5268ms
2023-02-16 22:43:36,144 [3344520a-2062-4b5f-b8c2-e6a9091bb895@group-B909EF32902F-LeaderElection13] INFO  server.RaftServerConfigKeys (ConfUtils.java:logGet(46)) - raft.server.staging.catchup.gap = 1000 (default)
2023-02-16 22:43:36,144 [3344520a-2062-4b5f-b8c2-e6a9091bb895@group-B909EF32902F-LeaderElection13] INFO  server.RaftServerConfigKeys (ConfUtils.java:logGet(46)) - raft.server.write.element-limit = 1024 (custom)
2023-02-16 22:43:36,144 [3344520a-2062-4b5f-b8c2-e6a9091bb895@group-B909EF32902F-LeaderElection13] INFO  server.RaftServerConfigKeys (ConfUtils.java:logGet(46)) - raft.server.write.byte-limit = 1024 M (=1073741824) (custom)
2023-02-16 22:43:36,145 [3344520a-2062-4b5f-b8c2-e6a9091bb895@group-B909EF32902F-LeaderElection13] INFO  server.RaftServerConfigKeys (ConfUtils.java:logGet(46)) - raft.server.watch.timeout = 10000ms (default)
2023-02-16 22:43:36,145 [3344520a-2062-4b5f-b8c2-e6a9091bb895@group-B909EF32902F-LeaderElection13] INFO  server.RaftServerConfigKeys (ConfUtils.java:logGet(46)) - raft.server.watch.timeout.denomination = 1s (default)
2023-02-16 22:43:36,145 [3344520a-2062-4b5f-b8c2-e6a9091bb895@group-B909EF32902F-LeaderElection13] INFO  server.RaftServerConfigKeys (ConfUtils.java:logGet(46)) - raft.server.watch.element-limit = 65536 (default)
2023-02-16 22:43:36,146 [3344520a-2062-4b5f-b8c2-e6a9091bb895@group-B909EF32902F-LeaderElection13] INFO  server.RaftServerConfigKeys (ConfUtils.java:logGet(46)) - raft.server.write.element-limit = 1024 (custom)
2023-02-16 22:43:36,146 [3344520a-2062-4b5f-b8c2-e6a9091bb895@group-B909EF32902F-LeaderElection13] INFO  server.RaftServerConfigKeys (ConfUtils.java:logGet(46)) - raft.server.write.follower.gap.ratio.max = -1.0 (default)
2023-02-16 22:43:36,146 [3344520a-2062-4b5f-b8c2-e6a9091bb895@group-B909EF32902F-LeaderElection13] INFO  server.RaftServerConfigKeys (ConfUtils.java:logGet(46)) - raft.server.log.appender.snapshot.chunk.size.max = 16MB (=16777216) (default)
2023-02-16 22:43:36,146 [3344520a-2062-4b5f-b8c2-e6a9091bb895@group-B909EF32902F-LeaderElection13] INFO  server.RaftServerConfigKeys (ConfUtils.java:logGet(46)) - raft.server.log.appender.buffer.byte-limit = 33554432 (custom)
2023-02-16 22:43:36,146 [3344520a-2062-4b5f-b8c2-e6a9091bb895@group-B909EF32902F-LeaderElection13] INFO  server.RaftServerConfigKeys (ConfUtils.java:logGet(46)) - raft.server.log.appender.buffer.element-limit = 1 (custom)
2023-02-16 22:43:36,147 [3344520a-2062-4b5f-b8c2-e6a9091bb895@group-B909EF32902F-LeaderElection13] INFO  grpc.GrpcConfigKeys (ConfUtils.java:logGet(46)) - raft.grpc.server.leader.outstanding.appends.max = 128 (default)
2023-02-16 22:43:36,147 [EventQueue-PipelineReportForPipelineReportHandler] INFO  pipeline.PipelineManagerImpl (PipelineManagerImpl.java:openPipeline(367)) - Pipeline Pipeline[ Id: cb7a3606-01d7-44a7-894a-b909ef32902f, Nodes: 3344520a-2062-4b5f-b8c2-e6a9091bb895(fv-az571-511/10.1.0.43)3e8a9429-e74a-4c7d-8972-bcaa764ec965(fv-az571-511/10.1.0.43)d5431bb7-4da0-4de3-8e42-f94aec5e63a8(fv-az571-511/10.1.0.43), ReplicationConfig: RATIS/THREE, State:ALLOCATED, leaderId:3344520a-2062-4b5f-b8c2-e6a9091bb895, CreationTimestamp2023-02-16T22:43:28.620Z[Etc/UTC]] moved to OPEN state
2023-02-16 22:43:36,148 [EventQueue-OpenPipelineForHealthyPipelineSafeModeRule] INFO  safemode.SCMSafeModeManager (HealthyPipelineSafeModeRule.java:process(137)) - SCM in safe mode. Healthy pipelines reported count is 1, required healthy pipeline reported count is 1
2023-02-16 22:43:36,148 [EventQueue-OpenPipelineForHealthyPipelineSafeModeRule] INFO  safemode.SCMSafeModeManager (SCMSafeModeManager.java:validateSafeModeExitRules(200)) - HealthyPipelineSafeModeRule rule is successfully validated
2023-02-16 22:43:36,148 [EventQueue-OpenPipelineForHealthyPipelineSafeModeRule] INFO  safemode.SCMSafeModeManager (SCMSafeModeManager.java:validateSafeModeExitRules(215)) - ScmSafeModeManager, all rules are successfully validated
2023-02-16 22:43:36,148 [EventQueue-OpenPipelineForHealthyPipelineSafeModeRule] INFO  safemode.SCMSafeModeManager (SCMSafeModeManager.java:exitSafeMode(244)) - SCM exiting safe mode.
2023-02-16 22:43:36,148 [EventQueue-OpenPipelineForHealthyPipelineSafeModeRule] INFO  ha.SCMContext (SCMContext.java:updateSafeModeStatus(228)) - Update SafeModeStatus from SafeModeStatus{safeModeStatus=true, preCheckPassed=true} to SafeModeStatus{safeModeStatus=false, preCheckPassed=true}.
2023-02-16 22:43:36,148 [EventQueue-OpenPipelineForHealthyPipelineSafeModeRule] INFO  pipeline.BackgroundPipelineCreator (BackgroundPipelineCreator.java:notifyStatusChanged(254)) - Service BackgroundPipelineCreator transitions to RUNNING.
2023-02-16 22:43:36,148 [EventQueue-OpenPipelineForHealthyPipelineSafeModeRule] INFO  BackgroundPipelineScrubber (BackgroundSCMService.java:notifyStatusChanged(82)) - Service BackgroundPipelineScrubber transitions to RUNNING.
2023-02-16 22:43:36,149 [EventQueue-OpenPipelineForHealthyPipelineSafeModeRule] INFO  ExpiredContainerReplicaOpScrubber (BackgroundSCMService.java:notifyStatusChanged(82)) - Service ExpiredContainerReplicaOpScrubber transitions to RUNNING.
2023-02-16 22:43:36,149 [EventQueue-OpenPipelineForHealthyPipelineSafeModeRule] INFO  replication.ReplicationManager (ReplicationManager.java:notifyStatusChanged(1036)) - Service ReplicationManager transitions to RUNNING.
2023-02-16 22:43:36,149 [EventQueue-OpenPipelineForHealthyPipelineSafeModeRule] WARN  balancer.ContainerBalancer (ContainerBalancer.java:shouldRun(131)) - Could not find persisted configuration for ContainerBalancer when checking if ContainerBalancer should run. ContainerBalancer should not run now.
2023-02-16 22:43:36,149 [3344520a-2062-4b5f-b8c2-e6a9091bb895@group-B909EF32902F-LeaderElection13] INFO  server.RaftServerConfigKeys (ConfUtils.java:logGet(46)) - raft.server.rpc.request.timeout = 3000ms (default)
2023-02-16 22:43:36,149 [3344520a-2062-4b5f-b8c2-e6a9091bb895@group-B909EF32902F-LeaderElection13] INFO  server.RaftServerConfigKeys (ConfUtils.java:logGet(46)) - raft.server.log.appender.install.snapshot.enabled = false (custom)
2023-02-16 22:43:36,149 [3344520a-2062-4b5f-b8c2-e6a9091bb895@group-B909EF32902F-LeaderElection13] INFO  grpc.GrpcConfigKeys (ConfUtils.java:logGet(46)) - raft.grpc.server.heartbeat.channel = true (default)
2023-02-16 22:43:36,149 [3344520a-2062-4b5f-b8c2-e6a9091bb895@group-B909EF32902F-LeaderElection13] INFO  server.RaftServerConfigKeys (ConfUtils.java:logGet(46)) - raft.server.log.appender.wait-time.min = 10ms (default)
2023-02-16 22:43:36,150 [3344520a-2062-4b5f-b8c2-e6a9091bb895@group-B909EF32902F-LeaderElection13] INFO  server.RaftServerConfigKeys (ConfUtils.java:logGet(46)) - raft.server.log.appender.snapshot.chunk.size.max = 16MB (=16777216) (default)
2023-02-16 22:43:36,150 [3344520a-2062-4b5f-b8c2-e6a9091bb895@group-B909EF32902F-LeaderElection13] INFO  server.RaftServerConfigKeys (ConfUtils.java:logGet(46)) - raft.server.log.appender.buffer.byte-limit = 33554432 (custom)
2023-02-16 22:43:36,150 [3344520a-2062-4b5f-b8c2-e6a9091bb895@group-B909EF32902F-LeaderElection13] INFO  server.RaftServerConfigKeys (ConfUtils.java:logGet(46)) - raft.server.log.appender.buffer.element-limit = 1 (custom)
2023-02-16 22:43:36,150 [3344520a-2062-4b5f-b8c2-e6a9091bb895@group-B909EF32902F-LeaderElection13] INFO  grpc.GrpcConfigKeys (ConfUtils.java:logGet(46)) - raft.grpc.server.leader.outstanding.appends.max = 128 (default)
2023-02-16 22:43:36,150 [3344520a-2062-4b5f-b8c2-e6a9091bb895@group-B909EF32902F-LeaderElection13] INFO  server.RaftServerConfigKeys (ConfUtils.java:logGet(46)) - raft.server.rpc.request.timeout = 3000ms (default)
2023-02-16 22:43:36,151 [3344520a-2062-4b5f-b8c2-e6a9091bb895@group-B909EF32902F-LeaderElection13] INFO  server.RaftServerConfigKeys (ConfUtils.java:logGet(46)) - raft.server.log.appender.install.snapshot.enabled = false (custom)
2023-02-16 22:43:36,151 [3344520a-2062-4b5f-b8c2-e6a9091bb895@group-B909EF32902F-LeaderElection13] INFO  grpc.GrpcConfigKeys (ConfUtils.java:logGet(46)) - raft.grpc.server.heartbeat.channel = true (default)
2023-02-16 22:43:36,151 [3344520a-2062-4b5f-b8c2-e6a9091bb895@group-B909EF32902F-LeaderElection13] INFO  server.RaftServerConfigKeys (ConfUtils.java:logGet(46)) - raft.server.log.appender.wait-time.min = 10ms (default)
2023-02-16 22:43:36,151 [3344520a-2062-4b5f-b8c2-e6a9091bb895@group-B909EF32902F-LeaderElection13] INFO  impl.RoleInfo (RoleInfo.java:updateAndGet(139)) - 3344520a-2062-4b5f-b8c2-e6a9091bb895: start 3344520a-2062-4b5f-b8c2-e6a9091bb895@group-B909EF32902F-LeaderStateImpl
2023-02-16 22:43:36,151 [3344520a-2062-4b5f-b8c2-e6a9091bb895@group-B909EF32902F-LeaderElection13] INFO  segmented.SegmentedRaftLogWorker (SegmentedRaftLogWorker.java:startLogSegment(452)) - 3344520a-2062-4b5f-b8c2-e6a9091bb895@group-B909EF32902F-SegmentedRaftLogWorker: Starting segment from index:0
2023-02-16 22:43:36,156 [3344520a-2062-4b5f-b8c2-e6a9091bb895@group-B909EF32902F-SegmentedRaftLogWorker] INFO  segmented.SegmentedRaftLogWorker (SegmentedRaftLogWorker.java:execute(656)) - 3344520a-2062-4b5f-b8c2-e6a9091bb895@group-B909EF32902F-SegmentedRaftLogWorker: created new log segment /home/runner/work/ozone/ozone/hadoop-ozone/integration-test/target/test-dir/MiniOzoneClusterImpl-40d1b4d0-2c8f-4763-9166-3e69b7713d06/datanode-1/data/ratis/cb7a3606-01d7-44a7-894a-b909ef32902f/current/log_inprogress_0
2023-02-16 22:43:36,166 [3344520a-2062-4b5f-b8c2-e6a9091bb895@group-B909EF32902F-LeaderElection13] INFO  server.RaftServer$Division (ServerState.java:setRaftConf(430)) - 3344520a-2062-4b5f-b8c2-e6a9091bb895@group-B909EF32902F: set configuration 0: peers:[3344520a-2062-4b5f-b8c2-e6a9091bb895|rpc:10.1.0.43:39317|dataStream:10.1.0.43:34361|priority:1|startupRole:FOLLOWER, d5431bb7-4da0-4de3-8e42-f94aec5e63a8|rpc:10.1.0.43:35497|dataStream:10.1.0.43:43737|priority:0|startupRole:FOLLOWER, 3e8a9429-e74a-4c7d-8972-bcaa764ec965|rpc:10.1.0.43:36365|dataStream:10.1.0.43:39593|priority:0|startupRole:FOLLOWER]|listeners:[], old=null
2023-02-16 22:43:36,168 [grpc-default-executor-2] INFO  server.RaftServer$Division (RaftServerImpl.java:requestVote(1218)) - 3e8a9429-e74a-4c7d-8972-bcaa764ec965@group-B909EF32902F: receive requestVote(ELECTION, 3344520a-2062-4b5f-b8c2-e6a9091bb895, group-B909EF32902F, 1, (t:0, i:0))
2023-02-16 22:43:36,169 [grpc-default-executor-2] INFO  impl.VoteContext (VoteContext.java:log(49)) - 3e8a9429-e74a-4c7d-8972-bcaa764ec965@group-B909EF32902F-FOLLOWER: accept ELECTION from 3344520a-2062-4b5f-b8c2-e6a9091bb895: our priority 0 <= candidate's priority 1
2023-02-16 22:43:36,169 [grpc-default-executor-2] INFO  server.RaftServer$Division (RaftServerImpl.java:setRole(321)) - 3e8a9429-e74a-4c7d-8972-bcaa764ec965@group-B909EF32902F: changes role from  FOLLOWER to FOLLOWER at term 1 for candidate:3344520a-2062-4b5f-b8c2-e6a9091bb895
2023-02-16 22:43:36,169 [grpc-default-executor-2] INFO  impl.RoleInfo (RoleInfo.java:shutdownFollowerState(110)) - 3e8a9429-e74a-4c7d-8972-bcaa764ec965: shutdown 3e8a9429-e74a-4c7d-8972-bcaa764ec965@group-B909EF32902F-FollowerState
2023-02-16 22:43:36,174 [grpc-default-executor-2] INFO  impl.RoleInfo (RoleInfo.java:updateAndGet(139)) - 3e8a9429-e74a-4c7d-8972-bcaa764ec965: start 3e8a9429-e74a-4c7d-8972-bcaa764ec965@group-B909EF32902F-FollowerState
2023-02-16 22:43:36,176 [3e8a9429-e74a-4c7d-8972-bcaa764ec965@group-B909EF32902F-FollowerState] INFO  impl.FollowerState (FollowerState.java:run(152)) - 3e8a9429-e74a-4c7d-8972-bcaa764ec965@group-B909EF32902F-FollowerState was interrupted
2023-02-16 22:43:36,182 [3e8a9429-e74a-4c7d-8972-bcaa764ec965@group-B909EF32902F-FollowerState] INFO  server.RaftServerConfigKeys (ConfUtils.java:logFallback(53)) - raft.server.rpc.first-election.timeout.min = 5s (fallback to raft.server.rpc.timeout.min)
2023-02-16 22:43:36,182 [3e8a9429-e74a-4c7d-8972-bcaa764ec965@group-B909EF32902F-FollowerState] INFO  server.RaftServerConfigKeys (ConfUtils.java:logFallback(53)) - raft.server.rpc.first-election.timeout.max = 5200ms (fallback to raft.server.rpc.timeout.max)
2023-02-16 22:43:36,183 [grpc-default-executor-2] INFO  server.RaftServer$Division (RaftServerImpl.java:requestVote(1251)) - 3e8a9429-e74a-4c7d-8972-bcaa764ec965@group-B909EF32902F replies to ELECTION vote request: 3344520a-2062-4b5f-b8c2-e6a9091bb895<-3e8a9429-e74a-4c7d-8972-bcaa764ec965#0:OK-t1. Peer's state: 3e8a9429-e74a-4c7d-8972-bcaa764ec965@group-B909EF32902F:t1, leader=null, voted=3344520a-2062-4b5f-b8c2-e6a9091bb895, raftlog=Memoized:3e8a9429-e74a-4c7d-8972-bcaa764ec965@group-B909EF32902F-SegmentedRaftLog:OPENED:c-1, conf=-1: peers:[3344520a-2062-4b5f-b8c2-e6a9091bb895|rpc:10.1.0.43:39317|dataStream:10.1.0.43:34361|priority:1|startupRole:FOLLOWER, d5431bb7-4da0-4de3-8e42-f94aec5e63a8|rpc:10.1.0.43:35497|dataStream:10.1.0.43:43737|priority:0|startupRole:FOLLOWER, 3e8a9429-e74a-4c7d-8972-bcaa764ec965|rpc:10.1.0.43:36365|dataStream:10.1.0.43:39593|priority:0|startupRole:FOLLOWER]|listeners:[], old=null
2023-02-16 22:43:36,189 [3e8a9429-e74a-4c7d-8972-bcaa764ec965@group-49033BB25431-FollowerState] INFO  impl.FollowerState (FollowerState.java:run(143)) - 3e8a9429-e74a-4c7d-8972-bcaa764ec965@group-49033BB25431-FollowerState: change to CANDIDATE, lastRpcElapsedTime:5181682764ns, electionTimeout:5181ms
2023-02-16 22:43:36,189 [3e8a9429-e74a-4c7d-8972-bcaa764ec965@group-49033BB25431-FollowerState] INFO  impl.RoleInfo (RoleInfo.java:shutdownFollowerState(110)) - 3e8a9429-e74a-4c7d-8972-bcaa764ec965: shutdown 3e8a9429-e74a-4c7d-8972-bcaa764ec965@group-49033BB25431-FollowerState
2023-02-16 22:43:36,189 [3e8a9429-e74a-4c7d-8972-bcaa764ec965@group-49033BB25431-FollowerState] INFO  server.RaftServer$Division (RaftServerImpl.java:setRole(321)) - 3e8a9429-e74a-4c7d-8972-bcaa764ec965@group-49033BB25431: changes role from  FOLLOWER to CANDIDATE at term 0 for changeToCandidate
2023-02-16 22:43:36,191 [3e8a9429-e74a-4c7d-8972-bcaa764ec965@group-49033BB25431-FollowerState] INFO  server.RaftServerConfigKeys (ConfUtils.java:logGet(46)) - raft.server.leaderelection.pre-vote = true (default)
2023-02-16 22:43:36,191 [3e8a9429-e74a-4c7d-8972-bcaa764ec965@group-49033BB25431-FollowerState] INFO  impl.RoleInfo (RoleInfo.java:updateAndGet(139)) - 3e8a9429-e74a-4c7d-8972-bcaa764ec965: start 3e8a9429-e74a-4c7d-8972-bcaa764ec965@group-49033BB25431-LeaderElection14
2023-02-16 22:43:36,192 [3e8a9429-e74a-4c7d-8972-bcaa764ec965-server-thread1] INFO  ratis.XceiverServerRatis (XceiverServerRatis.java:handleLeaderChangedNotification(905)) - Leader change notification received for group: group-B909EF32902F with new leaderId: 3344520a-2062-4b5f-b8c2-e6a9091bb895
2023-02-16 22:43:36,192 [3e8a9429-e74a-4c7d-8972-bcaa764ec965-server-thread1] INFO  server.RaftServer$Division (ServerState.java:setLeader(313)) - 3e8a9429-e74a-4c7d-8972-bcaa764ec965@group-B909EF32902F: change Leader from null to 3344520a-2062-4b5f-b8c2-e6a9091bb895 at term 1 for appendEntries, leader elected after 5386ms
2023-02-16 22:43:36,194 [3e8a9429-e74a-4c7d-8972-bcaa764ec965-server-thread1] INFO  server.RaftServer$Division (ServerState.java:setRaftConf(430)) - 3e8a9429-e74a-4c7d-8972-bcaa764ec965@group-B909EF32902F: set configuration 0: peers:[3344520a-2062-4b5f-b8c2-e6a9091bb895|rpc:10.1.0.43:39317|dataStream:10.1.0.43:34361|priority:1|startupRole:FOLLOWER, d5431bb7-4da0-4de3-8e42-f94aec5e63a8|rpc:10.1.0.43:35497|dataStream:10.1.0.43:43737|priority:0|startupRole:FOLLOWER, 3e8a9429-e74a-4c7d-8972-bcaa764ec965|rpc:10.1.0.43:36365|dataStream:10.1.0.43:39593|priority:0|startupRole:FOLLOWER]|listeners:[], old=null
2023-02-16 22:43:36,194 [3e8a9429-e74a-4c7d-8972-bcaa764ec965-server-thread1] INFO  segmented.SegmentedRaftLogWorker (SegmentedRaftLogWorker.java:startLogSegment(452)) - 3e8a9429-e74a-4c7d-8972-bcaa764ec965@group-B909EF32902F-SegmentedRaftLogWorker: Starting segment from index:0
2023-02-16 22:43:36,195 [3e8a9429-e74a-4c7d-8972-bcaa764ec965@group-49033BB25431-LeaderElection14] INFO  impl.LeaderElection (LeaderElection.java:askForVotes(312)) - 3e8a9429-e74a-4c7d-8972-bcaa764ec965@group-49033BB25431-LeaderElection14 PRE_VOTE round 0: submit vote requests at term 0 for -1: peers:[3344520a-2062-4b5f-b8c2-e6a9091bb895|rpc:10.1.0.43:39317|dataStream:10.1.0.43:34361|priority:0|startupRole:FOLLOWER, d5431bb7-4da0-4de3-8e42-f94aec5e63a8|rpc:10.1.0.43:35497|dataStream:10.1.0.43:43737|priority:0|startupRole:FOLLOWER, 3e8a9429-e74a-4c7d-8972-bcaa764ec965|rpc:10.1.0.43:36365|dataStream:10.1.0.43:39593|priority:1|startupRole:FOLLOWER]|listeners:[], old=null
2023-02-16 22:43:36,196 [d5431bb7-4da0-4de3-8e42-f94aec5e63a8-server-thread1] INFO  ratis.XceiverServerRatis (XceiverServerRatis.java:handleLeaderChangedNotification(905)) - Leader change notification received for group: group-B909EF32902F with new leaderId: 3344520a-2062-4b5f-b8c2-e6a9091bb895
2023-02-16 22:43:36,196 [d5431bb7-4da0-4de3-8e42-f94aec5e63a8-server-thread1] INFO  server.RaftServer$Division (ServerState.java:setLeader(313)) - d5431bb7-4da0-4de3-8e42-f94aec5e63a8@group-B909EF32902F: change Leader from null to 3344520a-2062-4b5f-b8c2-e6a9091bb895 at term 1 for appendEntries, leader elected after 5263ms
2023-02-16 22:43:36,197 [3e8a9429-e74a-4c7d-8972-bcaa764ec965@group-49033BB25431-LeaderElection14] INFO  server.RaftServerConfigKeys (ConfUtils.java:logFallback(53)) - raft.server.rpc.first-election.timeout.min = 5s (fallback to raft.server.rpc.timeout.min)
2023-02-16 22:43:36,197 [3e8a9429-e74a-4c7d-8972-bcaa764ec965@group-49033BB25431-LeaderElection14] INFO  server.RaftServerConfigKeys (ConfUtils.java:logFallback(53)) - raft.server.rpc.first-election.timeout.max = 5200ms (fallback to raft.server.rpc.timeout.max)
2023-02-16 22:43:36,197 [3e8a9429-e74a-4c7d-8972-bcaa764ec965@group-B909EF32902F-SegmentedRaftLogWorker] INFO  segmented.SegmentedRaftLogWorker (SegmentedRaftLogWorker.java:execute(656)) - 3e8a9429-e74a-4c7d-8972-bcaa764ec965@group-B909EF32902F-SegmentedRaftLogWorker: created new log segment /home/runner/work/ozone/ozone/hadoop-ozone/integration-test/target/test-dir/MiniOzoneClusterImpl-40d1b4d0-2c8f-4763-9166-3e69b7713d06/datanode-0/data/ratis/cb7a3606-01d7-44a7-894a-b909ef32902f/current/log_inprogress_0
2023-02-16 22:43:36,203 [d5431bb7-4da0-4de3-8e42-f94aec5e63a8-server-thread1] INFO  server.RaftServer$Division (ServerState.java:setRaftConf(430)) - d5431bb7-4da0-4de3-8e42-f94aec5e63a8@group-B909EF32902F: set configuration 0: peers:[3344520a-2062-4b5f-b8c2-e6a9091bb895|rpc:10.1.0.43:39317|dataStream:10.1.0.43:34361|priority:1|startupRole:FOLLOWER, d5431bb7-4da0-4de3-8e42-f94aec5e63a8|rpc:10.1.0.43:35497|dataStream:10.1.0.43:43737|priority:0|startupRole:FOLLOWER, 3e8a9429-e74a-4c7d-8972-bcaa764ec965|rpc:10.1.0.43:36365|dataStream:10.1.0.43:39593|priority:0|startupRole:FOLLOWER]|listeners:[], old=null
2023-02-16 22:43:36,203 [d5431bb7-4da0-4de3-8e42-f94aec5e63a8-server-thread1] INFO  segmented.SegmentedRaftLogWorker (SegmentedRaftLogWorker.java:startLogSegment(452)) - d5431bb7-4da0-4de3-8e42-f94aec5e63a8@group-B909EF32902F-SegmentedRaftLogWorker: Starting segment from index:0
2023-02-16 22:43:36,207 [grpc-default-executor-1] INFO  server.RaftServer$Division (RaftServerImpl.java:requestVote(1218)) - 3344520a-2062-4b5f-b8c2-e6a9091bb895@group-49033BB25431: receive requestVote(PRE_VOTE, 3e8a9429-e74a-4c7d-8972-bcaa764ec965, group-49033BB25431, 0, (t:0, i:0))
2023-02-16 22:43:36,208 [grpc-default-executor-1] INFO  impl.VoteContext (VoteContext.java:log(49)) - 3344520a-2062-4b5f-b8c2-e6a9091bb895@group-49033BB25431-FOLLOWER: accept PRE_VOTE from 3e8a9429-e74a-4c7d-8972-bcaa764ec965: our priority 0 <= candidate's priority 1
2023-02-16 22:43:36,208 [grpc-default-executor-1] INFO  server.RaftServer$Division (RaftServerImpl.java:requestVote(1251)) - 3344520a-2062-4b5f-b8c2-e6a9091bb895@group-49033BB25431 replies to PRE_VOTE vote request: 3e8a9429-e74a-4c7d-8972-bcaa764ec965<-3344520a-2062-4b5f-b8c2-e6a9091bb895#0:OK-t0. Peer's state: 3344520a-2062-4b5f-b8c2-e6a9091bb895@group-49033BB25431:t0, leader=null, voted=, raftlog=Memoized:3344520a-2062-4b5f-b8c2-e6a9091bb895@group-49033BB25431-SegmentedRaftLog:OPENED:c-1, conf=-1: peers:[3344520a-2062-4b5f-b8c2-e6a9091bb895|rpc:10.1.0.43:39317|dataStream:10.1.0.43:34361|priority:0|startupRole:FOLLOWER, d5431bb7-4da0-4de3-8e42-f94aec5e63a8|rpc:10.1.0.43:35497|dataStream:10.1.0.43:43737|priority:0|startupRole:FOLLOWER, 3e8a9429-e74a-4c7d-8972-bcaa764ec965|rpc:10.1.0.43:36365|dataStream:10.1.0.43:39593|priority:1|startupRole:FOLLOWER]|listeners:[], old=null
2023-02-16 22:43:36,208 [d5431bb7-4da0-4de3-8e42-f94aec5e63a8@group-B909EF32902F-SegmentedRaftLogWorker] INFO  segmented.SegmentedRaftLogWorker (SegmentedRaftLogWorker.java:execute(656)) - d5431bb7-4da0-4de3-8e42-f94aec5e63a8@group-B909EF32902F-SegmentedRaftLogWorker: created new log segment /home/runner/work/ozone/ozone/hadoop-ozone/integration-test/target/test-dir/MiniOzoneClusterImpl-40d1b4d0-2c8f-4763-9166-3e69b7713d06/datanode-2/data/ratis/cb7a3606-01d7-44a7-894a-b909ef32902f/current/log_inprogress_0
2023-02-16 22:43:36,226 [3344520a-2062-4b5f-b8c2-e6a9091bb895@group-49033BB25431-FollowerState] INFO  server.RaftServerConfigKeys (ConfUtils.java:logFallback(53)) - raft.server.rpc.first-election.timeout.min = 5s (fallback to raft.server.rpc.timeout.min)
2023-02-16 22:43:36,226 [3344520a-2062-4b5f-b8c2-e6a9091bb895@group-49033BB25431-FollowerState] INFO  server.RaftServerConfigKeys (ConfUtils.java:logFallback(53)) - raft.server.rpc.first-election.timeout.max = 5200ms (fallback to raft.server.rpc.timeout.max)
2023-02-16 22:43:36,226 [3e8a9429-e74a-4c7d-8972-bcaa764ec965@group-49033BB25431-LeaderElection14] INFO  impl.LeaderElection (LeaderElection.java:logAndReturn(90)) - 3e8a9429-e74a-4c7d-8972-bcaa764ec965@group-49033BB25431-LeaderElection14: PRE_VOTE PASSED received 1 response(s) and 0 exception(s):
2023-02-16 22:43:36,227 [3e8a9429-e74a-4c7d-8972-bcaa764ec965@group-49033BB25431-LeaderElection14] INFO  impl.LeaderElection (LeaderElection.java:logAndReturn(94)) -   Response 0: 3e8a9429-e74a-4c7d-8972-bcaa764ec965<-3344520a-2062-4b5f-b8c2-e6a9091bb895#0:OK-t0
2023-02-16 22:43:36,227 [3e8a9429-e74a-4c7d-8972-bcaa764ec965@group-49033BB25431-LeaderElection14] INFO  impl.LeaderElection (LeaderElection.java:askForVotes(314)) - 3e8a9429-e74a-4c7d-8972-bcaa764ec965@group-49033BB25431-LeaderElection14 PRE_VOTE round 0: result PASSED
2023-02-16 22:43:36,231 [3e8a9429-e74a-4c7d-8972-bcaa764ec965@group-49033BB25431-LeaderElection14] INFO  impl.LeaderElection (LeaderElection.java:askForVotes(312)) - 3e8a9429-e74a-4c7d-8972-bcaa764ec965@group-49033BB25431-LeaderElection14 ELECTION round 0: submit vote requests at term 1 for -1: peers:[3344520a-2062-4b5f-b8c2-e6a9091bb895|rpc:10.1.0.43:39317|dataStream:10.1.0.43:34361|priority:0|startupRole:FOLLOWER, d5431bb7-4da0-4de3-8e42-f94aec5e63a8|rpc:10.1.0.43:35497|dataStream:10.1.0.43:43737|priority:0|startupRole:FOLLOWER, 3e8a9429-e74a-4c7d-8972-bcaa764ec965|rpc:10.1.0.43:36365|dataStream:10.1.0.43:39593|priority:1|startupRole:FOLLOWER]|listeners:[], old=null
2023-02-16 22:43:36,231 [grpc-default-executor-3] INFO  server.RaftServer$Division (RaftServerImpl.java:requestVote(1218)) - d5431bb7-4da0-4de3-8e42-f94aec5e63a8@group-49033BB25431: receive requestVote(PRE_VOTE, 3e8a9429-e74a-4c7d-8972-bcaa764ec965, group-49033BB25431, 0, (t:0, i:0))
2023-02-16 22:43:36,231 [grpc-default-executor-3] INFO  impl.VoteContext (VoteContext.java:log(49)) - d5431bb7-4da0-4de3-8e42-f94aec5e63a8@group-49033BB25431-FOLLOWER: accept PRE_VOTE from 3e8a9429-e74a-4c7d-8972-bcaa764ec965: our priority 0 <= candidate's priority 1
2023-02-16 22:43:36,231 [grpc-default-executor-3] INFO  server.RaftServer$Division (RaftServerImpl.java:requestVote(1251)) - d5431bb7-4da0-4de3-8e42-f94aec5e63a8@group-49033BB25431 replies to PRE_VOTE vote request: 3e8a9429-e74a-4c7d-8972-bcaa764ec965<-d5431bb7-4da0-4de3-8e42-f94aec5e63a8#0:OK-t0. Peer's state: d5431bb7-4da0-4de3-8e42-f94aec5e63a8@group-49033BB25431:t0, leader=null, voted=, raftlog=Memoized:d5431bb7-4da0-4de3-8e42-f94aec5e63a8@group-49033BB25431-SegmentedRaftLog:OPENED:c-1, conf=-1: peers:[3344520a-2062-4b5f-b8c2-e6a9091bb895|rpc:10.1.0.43:39317|dataStream:10.1.0.43:34361|priority:0|startupRole:FOLLOWER, d5431bb7-4da0-4de3-8e42-f94aec5e63a8|rpc:10.1.0.43:35497|dataStream:10.1.0.43:43737|priority:0|startupRole:FOLLOWER, 3e8a9429-e74a-4c7d-8972-bcaa764ec965|rpc:10.1.0.43:36365|dataStream:10.1.0.43:39593|priority:1|startupRole:FOLLOWER]|listeners:[], old=null
2023-02-16 22:43:36,243 [3e8a9429-e74a-4c7d-8972-bcaa764ec965@group-49033BB25431-LeaderElection14] INFO  server.RaftServerConfigKeys (ConfUtils.java:logFallback(53)) - raft.server.rpc.first-election.timeout.min = 5s (fallback to raft.server.rpc.timeout.min)
2023-02-16 22:43:36,243 [3e8a9429-e74a-4c7d-8972-bcaa764ec965@group-49033BB25431-LeaderElection14] INFO  server.RaftServerConfigKeys (ConfUtils.java:logFallback(53)) - raft.server.rpc.first-election.timeout.max = 5200ms (fallback to raft.server.rpc.timeout.max)
2023-02-16 22:43:36,249 [grpc-default-executor-1] INFO  server.RaftServer$Division (RaftServerImpl.java:requestVote(1218)) - 3344520a-2062-4b5f-b8c2-e6a9091bb895@group-49033BB25431: receive requestVote(ELECTION, 3e8a9429-e74a-4c7d-8972-bcaa764ec965, group-49033BB25431, 1, (t:0, i:0))
2023-02-16 22:43:36,249 [grpc-default-executor-1] INFO  impl.VoteContext (VoteContext.java:log(49)) - 3344520a-2062-4b5f-b8c2-e6a9091bb895@group-49033BB25431-FOLLOWER: accept ELECTION from 3e8a9429-e74a-4c7d-8972-bcaa764ec965: our priority 0 <= candidate's priority 1
2023-02-16 22:43:36,249 [grpc-default-executor-1] INFO  server.RaftServer$Division (RaftServerImpl.java:setRole(321)) - 3344520a-2062-4b5f-b8c2-e6a9091bb895@group-49033BB25431: changes role from  FOLLOWER to FOLLOWER at term 1 for candidate:3e8a9429-e74a-4c7d-8972-bcaa764ec965
2023-02-16 22:43:36,249 [grpc-default-executor-1] INFO  impl.RoleInfo (RoleInfo.java:shutdownFollowerState(110)) - 3344520a-2062-4b5f-b8c2-e6a9091bb895: shutdown 3344520a-2062-4b5f-b8c2-e6a9091bb895@group-49033BB25431-FollowerState
2023-02-16 22:43:36,249 [grpc-default-executor-1] INFO  impl.RoleInfo (RoleInfo.java:updateAndGet(139)) - 3344520a-2062-4b5f-b8c2-e6a9091bb895: start 3344520a-2062-4b5f-b8c2-e6a9091bb895@group-49033BB25431-FollowerState
2023-02-16 22:43:36,249 [3344520a-2062-4b5f-b8c2-e6a9091bb895@group-49033BB25431-FollowerState] INFO  impl.FollowerState (FollowerState.java:run(152)) - 3344520a-2062-4b5f-b8c2-e6a9091bb895@group-49033BB25431-FollowerState was interrupted
2023-02-16 22:43:36,254 [grpc-default-executor-5] INFO  server.RaftServer$Division (RaftServerImpl.java:requestVote(1218)) - d5431bb7-4da0-4de3-8e42-f94aec5e63a8@group-49033BB25431: receive requestVote(ELECTION, 3e8a9429-e74a-4c7d-8972-bcaa764ec965, group-49033BB25431, 1, (t:0, i:0))
2023-02-16 22:43:36,273 [grpc-default-executor-5] INFO  impl.VoteContext (VoteContext.java:log(49)) - d5431bb7-4da0-4de3-8e42-f94aec5e63a8@group-49033BB25431-FOLLOWER: accept ELECTION from 3e8a9429-e74a-4c7d-8972-bcaa764ec965: our priority 0 <= candidate's priority 1
2023-02-16 22:43:36,273 [grpc-default-executor-5] INFO  server.RaftServer$Division (RaftServerImpl.java:setRole(321)) - d5431bb7-4da0-4de3-8e42-f94aec5e63a8@group-49033BB25431: changes role from  FOLLOWER to FOLLOWER at term 1 for candidate:3e8a9429-e74a-4c7d-8972-bcaa764ec965
2023-02-16 22:43:36,273 [grpc-default-executor-5] INFO  impl.RoleInfo (RoleInfo.java:shutdownFollowerState(110)) - d5431bb7-4da0-4de3-8e42-f94aec5e63a8: shutdown d5431bb7-4da0-4de3-8e42-f94aec5e63a8@group-49033BB25431-FollowerState
2023-02-16 22:43:36,273 [grpc-default-executor-5] INFO  impl.RoleInfo (RoleInfo.java:updateAndGet(139)) - d5431bb7-4da0-4de3-8e42-f94aec5e63a8: start d5431bb7-4da0-4de3-8e42-f94aec5e63a8@group-49033BB25431-FollowerState
2023-02-16 22:43:36,273 [d5431bb7-4da0-4de3-8e42-f94aec5e63a8@group-49033BB25431-FollowerState] INFO  impl.FollowerState (FollowerState.java:run(152)) - d5431bb7-4da0-4de3-8e42-f94aec5e63a8@group-49033BB25431-FollowerState was interrupted
2023-02-16 22:43:36,273 [3344520a-2062-4b5f-b8c2-e6a9091bb895@group-49033BB25431-FollowerState] INFO  server.RaftServerConfigKeys (ConfUtils.java:logFallback(53)) - raft.server.rpc.first-election.timeout.min = 5s (fallback to raft.server.rpc.timeout.min)
2023-02-16 22:43:36,274 [3344520a-2062-4b5f-b8c2-e6a9091bb895@group-49033BB25431-FollowerState] INFO  server.RaftServerConfigKeys (ConfUtils.java:logFallback(53)) - raft.server.rpc.first-election.timeout.max = 5200ms (fallback to raft.server.rpc.timeout.max)
2023-02-16 22:43:36,274 [d5431bb7-4da0-4de3-8e42-f94aec5e63a8@group-49033BB25431-FollowerState] INFO  server.RaftServerConfigKeys (ConfUtils.java:logFallback(53)) - raft.server.rpc.first-election.timeout.min = 5s (fallback to raft.server.rpc.timeout.min)
2023-02-16 22:43:36,274 [d5431bb7-4da0-4de3-8e42-f94aec5e63a8@group-49033BB25431-FollowerState] INFO  server.RaftServerConfigKeys (ConfUtils.java:logFallback(53)) - raft.server.rpc.first-election.timeout.max = 5200ms (fallback to raft.server.rpc.timeout.max)
2023-02-16 22:43:36,276 [grpc-default-executor-5] INFO  server.RaftServer$Division (RaftServerImpl.java:requestVote(1251)) - d5431bb7-4da0-4de3-8e42-f94aec5e63a8@group-49033BB25431 replies to ELECTION vote request: 3e8a9429-e74a-4c7d-8972-bcaa764ec965<-d5431bb7-4da0-4de3-8e42-f94aec5e63a8#0:OK-t1. Peer's state: d5431bb7-4da0-4de3-8e42-f94aec5e63a8@group-49033BB25431:t1, leader=null, voted=3e8a9429-e74a-4c7d-8972-bcaa764ec965, raftlog=Memoized:d5431bb7-4da0-4de3-8e42-f94aec5e63a8@group-49033BB25431-SegmentedRaftLog:OPENED:c-1, conf=-1: peers:[3344520a-2062-4b5f-b8c2-e6a9091bb895|rpc:10.1.0.43:39317|dataStream:10.1.0.43:34361|priority:0|startupRole:FOLLOWER, d5431bb7-4da0-4de3-8e42-f94aec5e63a8|rpc:10.1.0.43:35497|dataStream:10.1.0.43:43737|priority:0|startupRole:FOLLOWER, 3e8a9429-e74a-4c7d-8972-bcaa764ec965|rpc:10.1.0.43:36365|dataStream:10.1.0.43:39593|priority:1|startupRole:FOLLOWER]|listeners:[], old=null
2023-02-16 22:43:36,278 [3e8a9429-e74a-4c7d-8972-bcaa764ec965@group-49033BB25431-LeaderElection14] INFO  impl.LeaderElection (LeaderElection.java:logAndReturn(90)) - 3e8a9429-e74a-4c7d-8972-bcaa764ec965@group-49033BB25431-LeaderElection14: ELECTION PASSED received 1 response(s) and 0 exception(s):
2023-02-16 22:43:36,278 [3e8a9429-e74a-4c7d-8972-bcaa764ec965@group-49033BB25431-LeaderElection14] INFO  impl.LeaderElection (LeaderElection.java:logAndReturn(94)) -   Response 0: 3e8a9429-e74a-4c7d-8972-bcaa764ec965<-d5431bb7-4da0-4de3-8e42-f94aec5e63a8#0:OK-t1
2023-02-16 22:43:36,278 [3e8a9429-e74a-4c7d-8972-bcaa764ec965@group-49033BB25431-LeaderElection14] INFO  impl.LeaderElection (LeaderElection.java:askForVotes(314)) - 3e8a9429-e74a-4c7d-8972-bcaa764ec965@group-49033BB25431-LeaderElection14 ELECTION round 0: result PASSED
2023-02-16 22:43:36,278 [3e8a9429-e74a-4c7d-8972-bcaa764ec965@group-49033BB25431-LeaderElection14] INFO  impl.RoleInfo (RoleInfo.java:shutdownLeaderElection(130)) - 3e8a9429-e74a-4c7d-8972-bcaa764ec965: shutdown 3e8a9429-e74a-4c7d-8972-bcaa764ec965@group-49033BB25431-LeaderElection14
2023-02-16 22:43:36,279 [3e8a9429-e74a-4c7d-8972-bcaa764ec965@group-49033BB25431-LeaderElection14] INFO  server.RaftServer$Division (RaftServerImpl.java:setRole(321)) - 3e8a9429-e74a-4c7d-8972-bcaa764ec965@group-49033BB25431: changes role from CANDIDATE to LEADER at term 1 for changeToLeader
2023-02-16 22:43:36,279 [3e8a9429-e74a-4c7d-8972-bcaa764ec965@group-49033BB25431-LeaderElection14] INFO  ratis.XceiverServerRatis (XceiverServerRatis.java:handleLeaderChangedNotification(905)) - Leader change notification received for group: group-49033BB25431 with new leaderId: 3e8a9429-e74a-4c7d-8972-bcaa764ec965
2023-02-16 22:43:36,279 [3e8a9429-e74a-4c7d-8972-bcaa764ec965@group-49033BB25431-LeaderElection14] INFO  server.RaftServer$Division (ServerState.java:setLeader(313)) - 3e8a9429-e74a-4c7d-8972-bcaa764ec965@group-49033BB25431: change Leader from null to 3e8a9429-e74a-4c7d-8972-bcaa764ec965 at term 1 for becomeLeader, leader elected after 5302ms
2023-02-16 22:43:36,279 [3e8a9429-e74a-4c7d-8972-bcaa764ec965@group-49033BB25431-LeaderElection14] INFO  server.RaftServerConfigKeys (ConfUtils.java:logGet(46)) - raft.server.staging.catchup.gap = 1000 (default)
2023-02-16 22:43:36,279 [3e8a9429-e74a-4c7d-8972-bcaa764ec965@group-49033BB25431-LeaderElection14] INFO  server.RaftServerConfigKeys (ConfUtils.java:logGet(46)) - raft.server.write.element-limit = 1024 (custom)
2023-02-16 22:43:36,279 [3e8a9429-e74a-4c7d-8972-bcaa764ec965@group-49033BB25431-LeaderElection14] INFO  server.RaftServerConfigKeys (ConfUtils.java:logGet(46)) - raft.server.write.byte-limit = 1024 M (=1073741824) (custom)
2023-02-16 22:43:36,280 [3e8a9429-e74a-4c7d-8972-bcaa764ec965@group-49033BB25431-LeaderElection14] INFO  server.RaftServerConfigKeys (ConfUtils.java:logGet(46)) - raft.server.watch.timeout = 10000ms (default)
2023-02-16 22:43:36,280 [3e8a9429-e74a-4c7d-8972-bcaa764ec965@group-49033BB25431-LeaderElection14] INFO  server.RaftServerConfigKeys (ConfUtils.java:logGet(46)) - raft.server.watch.timeout.denomination = 1s (default)
2023-02-16 22:43:36,280 [3e8a9429-e74a-4c7d-8972-bcaa764ec965@group-49033BB25431-LeaderElection14] INFO  server.RaftServerConfigKeys (ConfUtils.java:logGet(46)) - raft.server.watch.element-limit = 65536 (default)
2023-02-16 22:43:36,280 [3e8a9429-e74a-4c7d-8972-bcaa764ec965@group-49033BB25431-LeaderElection14] INFO  server.RaftServerConfigKeys (ConfUtils.java:logGet(46)) - raft.server.write.element-limit = 1024 (custom)
2023-02-16 22:43:36,280 [3e8a9429-e74a-4c7d-8972-bcaa764ec965@group-49033BB25431-LeaderElection14] INFO  server.RaftServerConfigKeys (ConfUtils.java:logGet(46)) - raft.server.write.follower.gap.ratio.max = -1.0 (default)
2023-02-16 22:43:36,281 [3e8a9429-e74a-4c7d-8972-bcaa764ec965@group-49033BB25431-LeaderElection14] INFO  server.RaftServerConfigKeys (ConfUtils.java:logGet(46)) - raft.server.log.appender.snapshot.chunk.size.max = 16MB (=16777216) (default)
2023-02-16 22:43:36,281 [3e8a9429-e74a-4c7d-8972-bcaa764ec965@group-49033BB25431-LeaderElection14] INFO  server.RaftServerConfigKeys (ConfUtils.java:logGet(46)) - raft.server.log.appender.buffer.byte-limit = 33554432 (custom)
2023-02-16 22:43:36,281 [3e8a9429-e74a-4c7d-8972-bcaa764ec965@group-49033BB25431-LeaderElection14] INFO  server.RaftServerConfigKeys (ConfUtils.java:logGet(46)) - raft.server.log.appender.buffer.element-limit = 1 (custom)
2023-02-16 22:43:36,281 [3e8a9429-e74a-4c7d-8972-bcaa764ec965@group-49033BB25431-LeaderElection14] INFO  grpc.GrpcConfigKeys (ConfUtils.java:logGet(46)) - raft.grpc.server.leader.outstanding.appends.max = 128 (default)
2023-02-16 22:43:36,281 [3e8a9429-e74a-4c7d-8972-bcaa764ec965@group-49033BB25431-LeaderElection14] INFO  server.RaftServerConfigKeys (ConfUtils.java:logGet(46)) - raft.server.rpc.request.timeout = 3000ms (default)
2023-02-16 22:43:36,282 [3e8a9429-e74a-4c7d-8972-bcaa764ec965@group-49033BB25431-LeaderElection14] INFO  server.RaftServerConfigKeys (ConfUtils.java:logGet(46)) - raft.server.log.appender.install.snapshot.enabled = false (custom)
2023-02-16 22:43:36,282 [3e8a9429-e74a-4c7d-8972-bcaa764ec965@group-49033BB25431-LeaderElection14] INFO  grpc.GrpcConfigKeys (ConfUtils.java:logGet(46)) - raft.grpc.server.heartbeat.channel = true (default)
2023-02-16 22:43:36,282 [3e8a9429-e74a-4c7d-8972-bcaa764ec965@group-49033BB25431-LeaderElection14] INFO  server.RaftServerConfigKeys (ConfUtils.java:logGet(46)) - raft.server.log.appender.wait-time.min = 10ms (default)
2023-02-16 22:43:36,276 [grpc-default-executor-1] INFO  server.RaftServer$Division (RaftServerImpl.java:requestVote(1251)) - 3344520a-2062-4b5f-b8c2-e6a9091bb895@group-49033BB25431 replies to ELECTION vote request: 3e8a9429-e74a-4c7d-8972-bcaa764ec965<-3344520a-2062-4b5f-b8c2-e6a9091bb895#0:OK-t1. Peer's state: 3344520a-2062-4b5f-b8c2-e6a9091bb895@group-49033BB25431:t1, leader=null, voted=3e8a9429-e74a-4c7d-8972-bcaa764ec965, raftlog=Memoized:3344520a-2062-4b5f-b8c2-e6a9091bb895@group-49033BB25431-SegmentedRaftLog:OPENED:c-1, conf=-1: peers:[3344520a-2062-4b5f-b8c2-e6a9091bb895|rpc:10.1.0.43:39317|dataStream:10.1.0.43:34361|priority:0|startupRole:FOLLOWER, d5431bb7-4da0-4de3-8e42-f94aec5e63a8|rpc:10.1.0.43:35497|dataStream:10.1.0.43:43737|priority:0|startupRole:FOLLOWER, 3e8a9429-e74a-4c7d-8972-bcaa764ec965|rpc:10.1.0.43:36365|dataStream:10.1.0.43:39593|priority:1|startupRole:FOLLOWER]|listeners:[], old=null
2023-02-16 22:43:36,283 [EventQueue-PipelineReportForPipelineReportHandler] INFO  pipeline.PipelineManagerImpl (PipelineManagerImpl.java:openPipeline(367)) - Pipeline Pipeline[ Id: 525e2fff-37a4-4418-916d-49033bb25431, Nodes: 3344520a-2062-4b5f-b8c2-e6a9091bb895(fv-az571-511/10.1.0.43)3e8a9429-e74a-4c7d-8972-bcaa764ec965(fv-az571-511/10.1.0.43)d5431bb7-4da0-4de3-8e42-f94aec5e63a8(fv-az571-511/10.1.0.43), ReplicationConfig: RATIS/THREE, State:ALLOCATED, leaderId:3e8a9429-e74a-4c7d-8972-bcaa764ec965, CreationTimestamp2023-02-16T22:43:28.622Z[Etc/UTC]] moved to OPEN state
2023-02-16 22:43:36,285 [3e8a9429-e74a-4c7d-8972-bcaa764ec965@group-49033BB25431-LeaderElection14] INFO  server.RaftServerConfigKeys (ConfUtils.java:logGet(46)) - raft.server.log.appender.snapshot.chunk.size.max = 16MB (=16777216) (default)
2023-02-16 22:43:36,285 [3e8a9429-e74a-4c7d-8972-bcaa764ec965@group-49033BB25431-LeaderElection14] INFO  server.RaftServerConfigKeys (ConfUtils.java:logGet(46)) - raft.server.log.appender.buffer.byte-limit = 33554432 (custom)
2023-02-16 22:43:36,285 [3e8a9429-e74a-4c7d-8972-bcaa764ec965@group-49033BB25431-LeaderElection14] INFO  server.RaftServerConfigKeys (ConfUtils.java:logGet(46)) - raft.server.log.appender.buffer.element-limit = 1 (custom)
2023-02-16 22:43:36,285 [3e8a9429-e74a-4c7d-8972-bcaa764ec965@group-49033BB25431-LeaderElection14] INFO  grpc.GrpcConfigKeys (ConfUtils.java:logGet(46)) - raft.grpc.server.leader.outstanding.appends.max = 128 (default)
2023-02-16 22:43:36,286 [3e8a9429-e74a-4c7d-8972-bcaa764ec965@group-49033BB25431-LeaderElection14] INFO  server.RaftServerConfigKeys (ConfUtils.java:logGet(46)) - raft.server.rpc.request.timeout = 3000ms (default)
2023-02-16 22:43:36,286 [3e8a9429-e74a-4c7d-8972-bcaa764ec965@group-49033BB25431-LeaderElection14] INFO  server.RaftServerConfigKeys (ConfUtils.java:logGet(46)) - raft.server.log.appender.install.snapshot.enabled = false (custom)
2023-02-16 22:43:36,286 [3e8a9429-e74a-4c7d-8972-bcaa764ec965@group-49033BB25431-LeaderElection14] INFO  grpc.GrpcConfigKeys (ConfUtils.java:logGet(46)) - raft.grpc.server.heartbeat.channel = true (default)
2023-02-16 22:43:36,286 [3e8a9429-e74a-4c7d-8972-bcaa764ec965@group-49033BB25431-LeaderElection14] INFO  server.RaftServerConfigKeys (ConfUtils.java:logGet(46)) - raft.server.log.appender.wait-time.min = 10ms (default)
2023-02-16 22:43:36,286 [3e8a9429-e74a-4c7d-8972-bcaa764ec965@group-49033BB25431-LeaderElection14] INFO  impl.RoleInfo (RoleInfo.java:updateAndGet(139)) - 3e8a9429-e74a-4c7d-8972-bcaa764ec965: start 3e8a9429-e74a-4c7d-8972-bcaa764ec965@group-49033BB25431-LeaderStateImpl
2023-02-16 22:43:36,286 [3e8a9429-e74a-4c7d-8972-bcaa764ec965@group-49033BB25431-LeaderElection14] INFO  segmented.SegmentedRaftLogWorker (SegmentedRaftLogWorker.java:startLogSegment(452)) - 3e8a9429-e74a-4c7d-8972-bcaa764ec965@group-49033BB25431-SegmentedRaftLogWorker: Starting segment from index:0
2023-02-16 22:43:36,290 [3e8a9429-e74a-4c7d-8972-bcaa764ec965@group-49033BB25431-SegmentedRaftLogWorker] INFO  segmented.SegmentedRaftLogWorker (SegmentedRaftLogWorker.java:execute(656)) - 3e8a9429-e74a-4c7d-8972-bcaa764ec965@group-49033BB25431-SegmentedRaftLogWorker: created new log segment /home/runner/work/ozone/ozone/hadoop-ozone/integration-test/target/test-dir/MiniOzoneClusterImpl-40d1b4d0-2c8f-4763-9166-3e69b7713d06/datanode-0/data/ratis/525e2fff-37a4-4418-916d-49033bb25431/current/log_inprogress_0
2023-02-16 22:43:36,303 [3e8a9429-e74a-4c7d-8972-bcaa764ec965@group-49033BB25431-LeaderElection14] INFO  server.RaftServer$Division (ServerState.java:setRaftConf(430)) - 3e8a9429-e74a-4c7d-8972-bcaa764ec965@group-49033BB25431: set configuration 0: peers:[3344520a-2062-4b5f-b8c2-e6a9091bb895|rpc:10.1.0.43:39317|dataStream:10.1.0.43:34361|priority:0|startupRole:FOLLOWER, d5431bb7-4da0-4de3-8e42-f94aec5e63a8|rpc:10.1.0.43:35497|dataStream:10.1.0.43:43737|priority:0|startupRole:FOLLOWER, 3e8a9429-e74a-4c7d-8972-bcaa764ec965|rpc:10.1.0.43:36365|dataStream:10.1.0.43:39593|priority:1|startupRole:FOLLOWER]|listeners:[], old=null
2023-02-16 22:43:36,304 [3344520a-2062-4b5f-b8c2-e6a9091bb895-server-thread1] INFO  ratis.XceiverServerRatis (XceiverServerRatis.java:handleLeaderChangedNotification(905)) - Leader change notification received for group: group-49033BB25431 with new leaderId: 3e8a9429-e74a-4c7d-8972-bcaa764ec965
2023-02-16 22:43:36,304 [3344520a-2062-4b5f-b8c2-e6a9091bb895-server-thread1] INFO  server.RaftServer$Division (ServerState.java:setLeader(313)) - 3344520a-2062-4b5f-b8c2-e6a9091bb895@group-49033BB25431: change Leader from null to 3e8a9429-e74a-4c7d-8972-bcaa764ec965 at term 1 for appendEntries, leader elected after 5277ms
2023-02-16 22:43:36,310 [3344520a-2062-4b5f-b8c2-e6a9091bb895-server-thread2] INFO  server.RaftServer$Division (ServerState.java:setRaftConf(430)) - 3344520a-2062-4b5f-b8c2-e6a9091bb895@group-49033BB25431: set configuration 0: peers:[3344520a-2062-4b5f-b8c2-e6a9091bb895|rpc:10.1.0.43:39317|dataStream:10.1.0.43:34361|priority:0|startupRole:FOLLOWER, d5431bb7-4da0-4de3-8e42-f94aec5e63a8|rpc:10.1.0.43:35497|dataStream:10.1.0.43:43737|priority:0|startupRole:FOLLOWER, 3e8a9429-e74a-4c7d-8972-bcaa764ec965|rpc:10.1.0.43:36365|dataStream:10.1.0.43:39593|priority:1|startupRole:FOLLOWER]|listeners:[], old=null
2023-02-16 22:43:36,310 [3344520a-2062-4b5f-b8c2-e6a9091bb895-server-thread2] INFO  segmented.SegmentedRaftLogWorker (SegmentedRaftLogWorker.java:startLogSegment(452)) - 3344520a-2062-4b5f-b8c2-e6a9091bb895@group-49033BB25431-SegmentedRaftLogWorker: Starting segment from index:0
2023-02-16 22:43:36,310 [d5431bb7-4da0-4de3-8e42-f94aec5e63a8-server-thread1] INFO  ratis.XceiverServerRatis (XceiverServerRatis.java:handleLeaderChangedNotification(905)) - Leader change notification received for group: group-49033BB25431 with new leaderId: 3e8a9429-e74a-4c7d-8972-bcaa764ec965
2023-02-16 22:43:36,310 [d5431bb7-4da0-4de3-8e42-f94aec5e63a8-server-thread1] INFO  server.RaftServer$Division (ServerState.java:setLeader(313)) - d5431bb7-4da0-4de3-8e42-f94aec5e63a8@group-49033BB25431: change Leader from null to 3e8a9429-e74a-4c7d-8972-bcaa764ec965 at term 1 for appendEntries, leader elected after 5231ms
2023-02-16 22:43:36,317 [d5431bb7-4da0-4de3-8e42-f94aec5e63a8-server-thread1] INFO  server.RaftServer$Division (ServerState.java:setRaftConf(430)) - d5431bb7-4da0-4de3-8e42-f94aec5e63a8@group-49033BB25431: set configuration 0: peers:[3344520a-2062-4b5f-b8c2-e6a9091bb895|rpc:10.1.0.43:39317|dataStream:10.1.0.43:34361|priority:0|startupRole:FOLLOWER, d5431bb7-4da0-4de3-8e42-f94aec5e63a8|rpc:10.1.0.43:35497|dataStream:10.1.0.43:43737|priority:0|startupRole:FOLLOWER, 3e8a9429-e74a-4c7d-8972-bcaa764ec965|rpc:10.1.0.43:36365|dataStream:10.1.0.43:39593|priority:1|startupRole:FOLLOWER]|listeners:[], old=null
2023-02-16 22:43:36,318 [d5431bb7-4da0-4de3-8e42-f94aec5e63a8-server-thread1] INFO  segmented.SegmentedRaftLogWorker (SegmentedRaftLogWorker.java:startLogSegment(452)) - d5431bb7-4da0-4de3-8e42-f94aec5e63a8@group-49033BB25431-SegmentedRaftLogWorker: Starting segment from index:0
2023-02-16 22:43:36,322 [d5431bb7-4da0-4de3-8e42-f94aec5e63a8@group-49033BB25431-SegmentedRaftLogWorker] INFO  segmented.SegmentedRaftLogWorker (SegmentedRaftLogWorker.java:execute(656)) - d5431bb7-4da0-4de3-8e42-f94aec5e63a8@group-49033BB25431-SegmentedRaftLogWorker: created new log segment /home/runner/work/ozone/ozone/hadoop-ozone/integration-test/target/test-dir/MiniOzoneClusterImpl-40d1b4d0-2c8f-4763-9166-3e69b7713d06/datanode-2/data/ratis/525e2fff-37a4-4418-916d-49033bb25431/current/log_inprogress_0
2023-02-16 22:43:36,322 [3344520a-2062-4b5f-b8c2-e6a9091bb895@group-49033BB25431-SegmentedRaftLogWorker] INFO  segmented.SegmentedRaftLogWorker (SegmentedRaftLogWorker.java:execute(656)) - 3344520a-2062-4b5f-b8c2-e6a9091bb895@group-49033BB25431-SegmentedRaftLogWorker: created new log segment /home/runner/work/ozone/ozone/hadoop-ozone/integration-test/target/test-dir/MiniOzoneClusterImpl-40d1b4d0-2c8f-4763-9166-3e69b7713d06/datanode-1/data/ratis/525e2fff-37a4-4418-916d-49033bb25431/current/log_inprogress_0
2023-02-16 22:43:36,486 [Listener at 127.0.0.1/42185] INFO  ozone.MiniOzoneClusterImpl (MiniOzoneClusterImpl.java:lambda$waitForClusterToBeReady$0(218)) - Nodes are ready. Got 5 of 5 DN Heartbeats.
2023-02-16 22:43:36,486 [Listener at 127.0.0.1/42185] INFO  ozone.MiniOzoneClusterImpl (MiniOzoneClusterImpl.java:lambda$waitForClusterToBeReady$0(221)) - Cluster exits safe mode
2023-02-16 22:43:36,486 [Listener at 127.0.0.1/42185] INFO  ozone.MiniOzoneClusterImpl (MiniOzoneClusterImpl.java:lambda$waitForClusterToBeReady$0(223)) - SCM became leader
2023-02-16 22:43:36,508 [setup] INFO  rpc.RpcClient (RpcClient.java:createVolume(476)) - Creating Volume: volume91153, with user18198 as owner and space quota set to -1 bytes, counts quota set to -1
2023-02-16 22:43:36,524 [OM StateMachine ApplyTransaction Thread - 0] INFO  volume.OMVolumeCreateRequest (OMVolumeCreateRequest.java:validateAndUpdateCache(195)) - created volume:volume91153 for user:user18198
2023-02-16 22:43:36,529 [setup] INFO  rpc.RpcClient (RpcClient.java:createBucket(698)) - Creating Bucket: volume91153/bucket63691, with bucket layout LEGACY, runner as owner, Versioning false, Storage Type set to DISK and Encryption set to false, Replication Type set to server-side default replication type, Namespace Quota set to -1, Space Quota set to -1 
2023-02-16 22:43:36,536 [OM StateMachine ApplyTransaction Thread - 0] INFO  bucket.OMBucketCreateRequest (OMBucketCreateRequest.java:validateAndUpdateCache(263)) - created bucket: bucket63691 of layout LEGACY in volume: volume91153
2023-02-16 22:43:36,569 [3344520a-2062-4b5f-b8c2-e6a9091bb895@group-58AE03EFF0AF-FollowerState] INFO  impl.FollowerState (FollowerState.java:run(143)) - 3344520a-2062-4b5f-b8c2-e6a9091bb895@group-58AE03EFF0AF-FollowerState: change to CANDIDATE, lastRpcElapsedTime:5073543039ns, electionTimeout:5068ms
2023-02-16 22:43:36,570 [3344520a-2062-4b5f-b8c2-e6a9091bb895@group-58AE03EFF0AF-FollowerState] INFO  impl.RoleInfo (RoleInfo.java:shutdownFollowerState(110)) - 3344520a-2062-4b5f-b8c2-e6a9091bb895: shutdown 3344520a-2062-4b5f-b8c2-e6a9091bb895@group-58AE03EFF0AF-FollowerState
2023-02-16 22:43:36,570 [3344520a-2062-4b5f-b8c2-e6a9091bb895@group-58AE03EFF0AF-FollowerState] INFO  server.RaftServer$Division (RaftServerImpl.java:setRole(321)) - 3344520a-2062-4b5f-b8c2-e6a9091bb895@group-58AE03EFF0AF: changes role from  FOLLOWER to CANDIDATE at term 0 for changeToCandidate
2023-02-16 22:43:36,570 [3344520a-2062-4b5f-b8c2-e6a9091bb895@group-58AE03EFF0AF-FollowerState] INFO  server.RaftServerConfigKeys (ConfUtils.java:logGet(46)) - raft.server.leaderelection.pre-vote = true (default)
2023-02-16 22:43:36,570 [3344520a-2062-4b5f-b8c2-e6a9091bb895@group-58AE03EFF0AF-FollowerState] INFO  impl.RoleInfo (RoleInfo.java:updateAndGet(139)) - 3344520a-2062-4b5f-b8c2-e6a9091bb895: start 3344520a-2062-4b5f-b8c2-e6a9091bb895@group-58AE03EFF0AF-LeaderElection15
2023-02-16 22:43:36,576 [3344520a-2062-4b5f-b8c2-e6a9091bb895@group-58AE03EFF0AF-LeaderElection15] INFO  impl.LeaderElection (LeaderElection.java:askForVotes(312)) - 3344520a-2062-4b5f-b8c2-e6a9091bb895@group-58AE03EFF0AF-LeaderElection15 PRE_VOTE round 0: submit vote requests at term 0 for -1: peers:[3344520a-2062-4b5f-b8c2-e6a9091bb895|rpc:10.1.0.43:39317|dataStream:10.1.0.43:34361|priority:1|startupRole:FOLLOWER]|listeners:[], old=null
2023-02-16 22:43:36,577 [3344520a-2062-4b5f-b8c2-e6a9091bb895@group-58AE03EFF0AF-LeaderElection15] INFO  impl.LeaderElection (LeaderElection.java:askForVotes(314)) - 3344520a-2062-4b5f-b8c2-e6a9091bb895@group-58AE03EFF0AF-LeaderElection15 PRE_VOTE round 0: result PASSED (term=0)
2023-02-16 22:43:36,581 [3344520a-2062-4b5f-b8c2-e6a9091bb895@group-58AE03EFF0AF-LeaderElection15] INFO  impl.LeaderElection (LeaderElection.java:askForVotes(312)) - 3344520a-2062-4b5f-b8c2-e6a9091bb895@group-58AE03EFF0AF-LeaderElection15 ELECTION round 0: submit vote requests at term 1 for -1: peers:[3344520a-2062-4b5f-b8c2-e6a9091bb895|rpc:10.1.0.43:39317|dataStream:10.1.0.43:34361|priority:1|startupRole:FOLLOWER]|listeners:[], old=null
2023-02-16 22:43:36,581 [3344520a-2062-4b5f-b8c2-e6a9091bb895@group-58AE03EFF0AF-LeaderElection15] INFO  impl.LeaderElection (LeaderElection.java:askForVotes(314)) - 3344520a-2062-4b5f-b8c2-e6a9091bb895@group-58AE03EFF0AF-LeaderElection15 ELECTION round 0: result PASSED (term=1)
2023-02-16 22:43:36,581 [3344520a-2062-4b5f-b8c2-e6a9091bb895@group-58AE03EFF0AF-LeaderElection15] INFO  impl.RoleInfo (RoleInfo.java:shutdownLeaderElection(130)) - 3344520a-2062-4b5f-b8c2-e6a9091bb895: shutdown 3344520a-2062-4b5f-b8c2-e6a9091bb895@group-58AE03EFF0AF-LeaderElection15
2023-02-16 22:43:36,581 [3344520a-2062-4b5f-b8c2-e6a9091bb895@group-58AE03EFF0AF-LeaderElection15] INFO  server.RaftServer$Division (RaftServerImpl.java:setRole(321)) - 3344520a-2062-4b5f-b8c2-e6a9091bb895@group-58AE03EFF0AF: changes role from CANDIDATE to LEADER at term 1 for changeToLeader
2023-02-16 22:43:36,581 [3344520a-2062-4b5f-b8c2-e6a9091bb895@group-58AE03EFF0AF-LeaderElection15] INFO  ratis.XceiverServerRatis (XceiverServerRatis.java:handleLeaderChangedNotification(905)) - Leader change notification received for group: group-58AE03EFF0AF with new leaderId: 3344520a-2062-4b5f-b8c2-e6a9091bb895
2023-02-16 22:43:36,583 [setup] INFO  contract.AbstractFSContractTestBase (AbstractFSContractTestBase.java:setup(194)) - Test filesystem = o3fs://bucket63691.volume91153 implemented by OzoneFileSystem{URI=o3fs://bucket63691.volume91153, workingDir=o3fs://bucket63691.volume91153/user/runner, userName=runner, statistics=0 bytes read, 0 bytes written, 69 read ops, 0 large read ops, 21 write ops}
2023-02-16 22:43:36,583 [3344520a-2062-4b5f-b8c2-e6a9091bb895@group-58AE03EFF0AF-LeaderElection15] INFO  server.RaftServer$Division (ServerState.java:setLeader(313)) - 3344520a-2062-4b5f-b8c2-e6a9091bb895@group-58AE03EFF0AF: change Leader from null to 3344520a-2062-4b5f-b8c2-e6a9091bb895 at term 1 for becomeLeader, leader elected after 5123ms
2023-02-16 22:43:36,583 [3344520a-2062-4b5f-b8c2-e6a9091bb895@group-58AE03EFF0AF-LeaderElection15] INFO  server.RaftServerConfigKeys (ConfUtils.java:logGet(46)) - raft.server.staging.catchup.gap = 1000 (default)
2023-02-16 22:43:36,584 [3344520a-2062-4b5f-b8c2-e6a9091bb895@group-58AE03EFF0AF-LeaderElection15] INFO  server.RaftServerConfigKeys (ConfUtils.java:logGet(46)) - raft.server.write.element-limit = 1024 (custom)
2023-02-16 22:43:36,584 [3344520a-2062-4b5f-b8c2-e6a9091bb895@group-58AE03EFF0AF-LeaderElection15] INFO  server.RaftServerConfigKeys (ConfUtils.java:logGet(46)) - raft.server.write.byte-limit = 1024 M (=1073741824) (custom)
2023-02-16 22:43:36,586 [3344520a-2062-4b5f-b8c2-e6a9091bb895@group-58AE03EFF0AF-LeaderElection15] INFO  server.RaftServerConfigKeys (ConfUtils.java:logGet(46)) - raft.server.watch.timeout = 10000ms (default)
2023-02-16 22:43:36,586 [3344520a-2062-4b5f-b8c2-e6a9091bb895@group-58AE03EFF0AF-LeaderElection15] INFO  server.RaftServerConfigKeys (ConfUtils.java:logGet(46)) - raft.server.watch.timeout.denomination = 1s (default)
2023-02-16 22:43:36,586 [3344520a-2062-4b5f-b8c2-e6a9091bb895@group-58AE03EFF0AF-LeaderElection15] INFO  server.RaftServerConfigKeys (ConfUtils.java:logGet(46)) - raft.server.watch.element-limit = 65536 (default)
2023-02-16 22:43:36,586 [3344520a-2062-4b5f-b8c2-e6a9091bb895@group-58AE03EFF0AF-LeaderElection15] INFO  server.RaftServerConfigKeys (ConfUtils.java:logGet(46)) - raft.server.write.element-limit = 1024 (custom)
2023-02-16 22:43:36,586 [3344520a-2062-4b5f-b8c2-e6a9091bb895@group-58AE03EFF0AF-LeaderElection15] INFO  server.RaftServerConfigKeys (ConfUtils.java:logGet(46)) - raft.server.write.follower.gap.ratio.max = -1.0 (default)
2023-02-16 22:43:36,586 [3344520a-2062-4b5f-b8c2-e6a9091bb895@group-58AE03EFF0AF-LeaderElection15] INFO  impl.RoleInfo (RoleInfo.java:updateAndGet(139)) - 3344520a-2062-4b5f-b8c2-e6a9091bb895: start 3344520a-2062-4b5f-b8c2-e6a9091bb895@group-58AE03EFF0AF-LeaderStateImpl
2023-02-16 22:43:36,587 [3344520a-2062-4b5f-b8c2-e6a9091bb895@group-58AE03EFF0AF-LeaderElection15] INFO  segmented.SegmentedRaftLogWorker (SegmentedRaftLogWorker.java:startLogSegment(452)) - 3344520a-2062-4b5f-b8c2-e6a9091bb895@group-58AE03EFF0AF-SegmentedRaftLogWorker: Starting segment from index:0
2023-02-16 22:43:36,588 [3344520a-2062-4b5f-b8c2-e6a9091bb895@group-58AE03EFF0AF-LeaderElection15] INFO  server.RaftServer$Division (ServerState.java:setRaftConf(430)) - 3344520a-2062-4b5f-b8c2-e6a9091bb895@group-58AE03EFF0AF: set configuration 0: peers:[3344520a-2062-4b5f-b8c2-e6a9091bb895|rpc:10.1.0.43:39317|dataStream:10.1.0.43:34361|priority:1|startupRole:FOLLOWER]|listeners:[], old=null
2023-02-16 22:43:36,588 [3344520a-2062-4b5f-b8c2-e6a9091bb895@group-58AE03EFF0AF-SegmentedRaftLogWorker] INFO  segmented.SegmentedRaftLogWorker (SegmentedRaftLogWorker.java:execute(656)) - 3344520a-2062-4b5f-b8c2-e6a9091bb895@group-58AE03EFF0AF-SegmentedRaftLogWorker: created new log segment /home/runner/work/ozone/ozone/hadoop-ozone/integration-test/target/test-dir/MiniOzoneClusterImpl-40d1b4d0-2c8f-4763-9166-3e69b7713d06/datanode-1/data/ratis/3eda4739-f305-4826-bacb-58ae03eff0af/current/log_inprogress_0
2023-02-16 22:43:36,590 [JUnit-testRecursiveRootListing[1]] INFO  contract.AbstractFSContractTestBase (AbstractFSContractTestBase.java:describe(278)) - test a recursive root directory listing
2023-02-16 22:43:36,600 [JUnit-testRecursiveRootListing[1]] INFO  contract.AbstractFSContractTestBase (AbstractFSContractTestBase.java:describe(278)) - verifying consistency with treewalk's files
2023-02-16 22:43:36,602 [JUnit-testRecursiveRootListing[1]] INFO  contract.ContractTestUtils (ContractTestUtils.java:treeWalk(1427)) - o3fs://bucket63691.volume91153/test*
]]></system-out>
  </testcase>
  <testcase name="testRmEmptyRootDirNonRecursive" classname="ITestOzoneContractRootDir" time="0.187">
    <system-out><![CDATA[2023-02-16 22:43:13,667 [setup] INFO  rpc.RpcClient (RpcClient.java:createVolume(476)) - Creating Volume: volume56023, with user34007 as owner and space quota set to -1 bytes, counts quota set to -1
2023-02-16 22:43:13,673 [OM StateMachine ApplyTransaction Thread - 0] INFO  volume.OMVolumeCreateRequest (OMVolumeCreateRequest.java:validateAndUpdateCache(195)) - created volume:volume56023 for user:user34007
2023-02-16 22:43:13,678 [setup] INFO  rpc.RpcClient (RpcClient.java:createBucket(698)) - Creating Bucket: volume56023/bucket59611, with bucket layout LEGACY, runner as owner, Versioning false, Storage Type set to DISK and Encryption set to false, Replication Type set to server-side default replication type, Namespace Quota set to -1, Space Quota set to -1 
2023-02-16 22:43:13,682 [OM StateMachine ApplyTransaction Thread - 0] INFO  bucket.OMBucketCreateRequest (OMBucketCreateRequest.java:validateAndUpdateCache(263)) - created bucket: bucket59611 of layout LEGACY in volume: volume56023
2023-02-16 22:43:13,741 [setup] INFO  contract.AbstractFSContractTestBase (AbstractFSContractTestBase.java:setup(194)) - Test filesystem = o3fs://bucket59611.volume56023 implemented by OzoneFileSystem{URI=o3fs://bucket59611.volume56023, workingDir=o3fs://bucket59611.volume56023/user/runner, userName=runner, statistics=0 bytes read, 0 bytes written, 6 read ops, 0 large read ops, 1 write ops}
2023-02-16 22:43:13,795 [JUnit-testRmEmptyRootDirNonRecursive[0]] WARN  ozone.BasicOzoneFileSystem (BasicOzoneFileSystem.java:innerDelete(523)) - Cannot delete root directory.
2023-02-16 22:43:13,796 [JUnit-testRmEmptyRootDirNonRecursive[0]] INFO  contract.AbstractContractRootDirectoryTest (AbstractContractRootDirectoryTest.java:testRmEmptyRootDirNonRecursive(123)) - rm / of empty dir result is false
22:43:13.804 [IPC Server handler 16 on default port 41759] ERROR OMAudit - user=runner | ip=127.0.0.1 | op=GET_FILE_STATUS {volume=volume56023, bucket=bucket59611, key=test, dataSize=0, replicationConfig=null} | ret=FAILURE
org.apache.hadoop.ozone.om.exceptions.OMException: Unable to get file status: volume: volume56023 bucket: bucket59611 key: test
	at org.apache.hadoop.ozone.om.KeyManagerImpl.getOzoneFileStatus(KeyManagerImpl.java:1162) ~[ozone-manager-1.4.0-SNAPSHOT.jar:?]
	at org.apache.hadoop.ozone.om.KeyManagerImpl.getFileStatus(KeyManagerImpl.java:1080) ~[ozone-manager-1.4.0-SNAPSHOT.jar:?]
	at org.apache.hadoop.ozone.om.OmMetadataReader.getFileStatus(OmMetadataReader.java:288) ~[ozone-manager-1.4.0-SNAPSHOT.jar:?]
	at org.apache.hadoop.ozone.om.OzoneManager.getFileStatus(OzoneManager.java:3450) ~[ozone-manager-1.4.0-SNAPSHOT.jar:?]
	at org.apache.hadoop.ozone.protocolPB.OzoneManagerRequestHandler.getOzoneFileStatus(OzoneManagerRequestHandler.java:933) ~[ozone-manager-1.4.0-SNAPSHOT.jar:?]
	at org.apache.hadoop.ozone.protocolPB.OzoneManagerRequestHandler.handleReadRequest(OzoneManagerRequestHandler.java:238) ~[ozone-manager-1.4.0-SNAPSHOT.jar:?]
	at org.apache.hadoop.ozone.protocolPB.OzoneManagerProtocolServerSideTranslatorPB.submitReadRequestToOM(OzoneManagerProtocolServerSideTranslatorPB.java:223) ~[ozone-manager-1.4.0-SNAPSHOT.jar:?]
	at org.apache.hadoop.ozone.protocolPB.OzoneManagerProtocolServerSideTranslatorPB.processRequest(OzoneManagerProtocolServerSideTranslatorPB.java:177) ~[ozone-manager-1.4.0-SNAPSHOT.jar:?]
	at org.apache.hadoop.hdds.server.OzoneProtocolMessageDispatcher.processRequest(OzoneProtocolMessageDispatcher.java:87) [hdds-server-framework-1.4.0-SNAPSHOT.jar:?]
	at org.apache.hadoop.ozone.protocolPB.OzoneManagerProtocolServerSideTranslatorPB.submitRequest(OzoneManagerProtocolServerSideTranslatorPB.java:147) [ozone-manager-1.4.0-SNAPSHOT.jar:?]
	at org.apache.hadoop.ozone.protocol.proto.OzoneManagerProtocolProtos$OzoneManagerService$2.callBlockingMethod(OzoneManagerProtocolProtos.java) [ozone-interface-client-1.4.0-SNAPSHOT.jar:?]
	at org.apache.hadoop.ipc.ProtobufRpcEngine$Server.processCall(ProtobufRpcEngine.java:465) [hadoop-common-3.3.4.jar:?]
	at org.apache.hadoop.ipc.ProtobufRpcEngine2$Server$ProtoBufRpcInvoker.call(ProtobufRpcEngine2.java:578) [hadoop-common-3.3.4.jar:?]
	at org.apache.hadoop.ipc.ProtobufRpcEngine2$Server$ProtoBufRpcInvoker.call(ProtobufRpcEngine2.java:556) [hadoop-common-3.3.4.jar:?]
	at org.apache.hadoop.ipc.RPC$Server.call(RPC.java:1093) [hadoop-common-3.3.4.jar:?]
	at org.apache.hadoop.ipc.Server$RpcCall.run(Server.java:1043) [hadoop-common-3.3.4.jar:?]
	at org.apache.hadoop.ipc.Server$RpcCall.run(Server.java:971) [hadoop-common-3.3.4.jar:?]
	at java.security.AccessController.doPrivileged(Native Method) ~[?:1.8.0_362]
	at javax.security.auth.Subject.doAs(Subject.java:422) [?:1.8.0_362]
	at org.apache.hadoop.security.UserGroupInformation.doAs(UserGroupInformation.java:1878) [hadoop-common-3.3.4.jar:?]
	at org.apache.hadoop.ipc.Server$Handler.run(Server.java:2976) [hadoop-common-3.3.4.jar:?]
2023-02-16 22:43:13,825 [teardown] WARN  ozone.BasicOzoneFileSystem (BasicOzoneFileSystem.java:delete(559)) - delete: Path does not exist: /test
]]></system-out>
  </testcase>
  <testcase name="testRmEmptyRootDirNonRecursive" classname="ITestOzoneContractRootDir" time="0.145">
    <system-out><![CDATA[2023-02-16 22:43:36,658 [setup] INFO  rpc.RpcClient (RpcClient.java:createVolume(476)) - Creating Volume: volume11216, with user12578 as owner and space quota set to -1 bytes, counts quota set to -1
2023-02-16 22:43:36,663 [OM StateMachine ApplyTransaction Thread - 0] INFO  volume.OMVolumeCreateRequest (OMVolumeCreateRequest.java:validateAndUpdateCache(195)) - created volume:volume11216 for user:user12578
2023-02-16 22:43:36,666 [setup] INFO  rpc.RpcClient (RpcClient.java:createBucket(698)) - Creating Bucket: volume11216/bucket39339, with bucket layout LEGACY, runner as owner, Versioning false, Storage Type set to DISK and Encryption set to false, Replication Type set to server-side default replication type, Namespace Quota set to -1, Space Quota set to -1 
2023-02-16 22:43:36,670 [OM StateMachine ApplyTransaction Thread - 0] INFO  bucket.OMBucketCreateRequest (OMBucketCreateRequest.java:validateAndUpdateCache(263)) - created bucket: bucket39339 of layout LEGACY in volume: volume11216
2023-02-16 22:43:36,709 [d5431bb7-4da0-4de3-8e42-f94aec5e63a8@group-7E208035207E-FollowerState] INFO  impl.FollowerState (FollowerState.java:run(143)) - d5431bb7-4da0-4de3-8e42-f94aec5e63a8@group-7E208035207E-FollowerState: change to CANDIDATE, lastRpcElapsedTime:5069717024ns, electionTimeout:5066ms
2023-02-16 22:43:36,709 [d5431bb7-4da0-4de3-8e42-f94aec5e63a8@group-7E208035207E-FollowerState] INFO  impl.RoleInfo (RoleInfo.java:shutdownFollowerState(110)) - d5431bb7-4da0-4de3-8e42-f94aec5e63a8: shutdown d5431bb7-4da0-4de3-8e42-f94aec5e63a8@group-7E208035207E-FollowerState
2023-02-16 22:43:36,710 [d5431bb7-4da0-4de3-8e42-f94aec5e63a8@group-7E208035207E-FollowerState] INFO  server.RaftServer$Division (RaftServerImpl.java:setRole(321)) - d5431bb7-4da0-4de3-8e42-f94aec5e63a8@group-7E208035207E: changes role from  FOLLOWER to CANDIDATE at term 0 for changeToCandidate
2023-02-16 22:43:36,710 [d5431bb7-4da0-4de3-8e42-f94aec5e63a8@group-7E208035207E-FollowerState] INFO  server.RaftServerConfigKeys (ConfUtils.java:logGet(46)) - raft.server.leaderelection.pre-vote = true (default)
2023-02-16 22:43:36,710 [d5431bb7-4da0-4de3-8e42-f94aec5e63a8@group-7E208035207E-FollowerState] INFO  impl.RoleInfo (RoleInfo.java:updateAndGet(139)) - d5431bb7-4da0-4de3-8e42-f94aec5e63a8: start d5431bb7-4da0-4de3-8e42-f94aec5e63a8@group-7E208035207E-LeaderElection16
2023-02-16 22:43:36,718 [d5431bb7-4da0-4de3-8e42-f94aec5e63a8@group-7E208035207E-LeaderElection16] INFO  impl.LeaderElection (LeaderElection.java:askForVotes(312)) - d5431bb7-4da0-4de3-8e42-f94aec5e63a8@group-7E208035207E-LeaderElection16 PRE_VOTE round 0: submit vote requests at term 0 for -1: peers:[d5431bb7-4da0-4de3-8e42-f94aec5e63a8|rpc:10.1.0.43:35497|dataStream:10.1.0.43:43737|priority:1|startupRole:FOLLOWER]|listeners:[], old=null
2023-02-16 22:43:36,719 [d5431bb7-4da0-4de3-8e42-f94aec5e63a8@group-7E208035207E-LeaderElection16] INFO  impl.LeaderElection (LeaderElection.java:askForVotes(314)) - d5431bb7-4da0-4de3-8e42-f94aec5e63a8@group-7E208035207E-LeaderElection16 PRE_VOTE round 0: result PASSED (term=0)
2023-02-16 22:43:36,721 [d5431bb7-4da0-4de3-8e42-f94aec5e63a8@group-7E208035207E-LeaderElection16] INFO  impl.LeaderElection (LeaderElection.java:askForVotes(312)) - d5431bb7-4da0-4de3-8e42-f94aec5e63a8@group-7E208035207E-LeaderElection16 ELECTION round 0: submit vote requests at term 1 for -1: peers:[d5431bb7-4da0-4de3-8e42-f94aec5e63a8|rpc:10.1.0.43:35497|dataStream:10.1.0.43:43737|priority:1|startupRole:FOLLOWER]|listeners:[], old=null
2023-02-16 22:43:36,721 [d5431bb7-4da0-4de3-8e42-f94aec5e63a8@group-7E208035207E-LeaderElection16] INFO  impl.LeaderElection (LeaderElection.java:askForVotes(314)) - d5431bb7-4da0-4de3-8e42-f94aec5e63a8@group-7E208035207E-LeaderElection16 ELECTION round 0: result PASSED (term=1)
2023-02-16 22:43:36,721 [d5431bb7-4da0-4de3-8e42-f94aec5e63a8@group-7E208035207E-LeaderElection16] INFO  impl.RoleInfo (RoleInfo.java:shutdownLeaderElection(130)) - d5431bb7-4da0-4de3-8e42-f94aec5e63a8: shutdown d5431bb7-4da0-4de3-8e42-f94aec5e63a8@group-7E208035207E-LeaderElection16
2023-02-16 22:43:36,721 [d5431bb7-4da0-4de3-8e42-f94aec5e63a8@group-7E208035207E-LeaderElection16] INFO  server.RaftServer$Division (RaftServerImpl.java:setRole(321)) - d5431bb7-4da0-4de3-8e42-f94aec5e63a8@group-7E208035207E: changes role from CANDIDATE to LEADER at term 1 for changeToLeader
2023-02-16 22:43:36,721 [d5431bb7-4da0-4de3-8e42-f94aec5e63a8@group-7E208035207E-LeaderElection16] INFO  ratis.XceiverServerRatis (XceiverServerRatis.java:handleLeaderChangedNotification(905)) - Leader change notification received for group: group-7E208035207E with new leaderId: d5431bb7-4da0-4de3-8e42-f94aec5e63a8
2023-02-16 22:43:36,722 [d5431bb7-4da0-4de3-8e42-f94aec5e63a8@group-7E208035207E-LeaderElection16] INFO  server.RaftServer$Division (ServerState.java:setLeader(313)) - d5431bb7-4da0-4de3-8e42-f94aec5e63a8@group-7E208035207E: change Leader from null to d5431bb7-4da0-4de3-8e42-f94aec5e63a8 at term 1 for becomeLeader, leader elected after 5104ms
2023-02-16 22:43:36,722 [d5431bb7-4da0-4de3-8e42-f94aec5e63a8@group-7E208035207E-LeaderElection16] INFO  server.RaftServerConfigKeys (ConfUtils.java:logGet(46)) - raft.server.staging.catchup.gap = 1000 (default)
2023-02-16 22:43:36,723 [setup] INFO  contract.AbstractFSContractTestBase (AbstractFSContractTestBase.java:setup(194)) - Test filesystem = o3fs://bucket39339.volume11216 implemented by OzoneFileSystem{URI=o3fs://bucket39339.volume11216, workingDir=o3fs://bucket39339.volume11216/user/runner, userName=runner, statistics=0 bytes read, 0 bytes written, 75 read ops, 0 large read ops, 22 write ops}
2023-02-16 22:43:36,724 [d5431bb7-4da0-4de3-8e42-f94aec5e63a8@group-7E208035207E-LeaderElection16] INFO  server.RaftServerConfigKeys (ConfUtils.java:logGet(46)) - raft.server.write.element-limit = 1024 (custom)
2023-02-16 22:43:36,724 [d5431bb7-4da0-4de3-8e42-f94aec5e63a8@group-7E208035207E-LeaderElection16] INFO  server.RaftServerConfigKeys (ConfUtils.java:logGet(46)) - raft.server.write.byte-limit = 1024 M (=1073741824) (custom)
2023-02-16 22:43:36,727 [d5431bb7-4da0-4de3-8e42-f94aec5e63a8@group-7E208035207E-LeaderElection16] INFO  server.RaftServerConfigKeys (ConfUtils.java:logGet(46)) - raft.server.watch.timeout = 10000ms (default)
2023-02-16 22:43:36,727 [d5431bb7-4da0-4de3-8e42-f94aec5e63a8@group-7E208035207E-LeaderElection16] INFO  server.RaftServerConfigKeys (ConfUtils.java:logGet(46)) - raft.server.watch.timeout.denomination = 1s (default)
2023-02-16 22:43:36,727 [d5431bb7-4da0-4de3-8e42-f94aec5e63a8@group-7E208035207E-LeaderElection16] INFO  server.RaftServerConfigKeys (ConfUtils.java:logGet(46)) - raft.server.watch.element-limit = 65536 (default)
2023-02-16 22:43:36,727 [d5431bb7-4da0-4de3-8e42-f94aec5e63a8@group-7E208035207E-LeaderElection16] INFO  server.RaftServerConfigKeys (ConfUtils.java:logGet(46)) - raft.server.write.element-limit = 1024 (custom)
2023-02-16 22:43:36,727 [d5431bb7-4da0-4de3-8e42-f94aec5e63a8@group-7E208035207E-LeaderElection16] INFO  server.RaftServerConfigKeys (ConfUtils.java:logGet(46)) - raft.server.write.follower.gap.ratio.max = -1.0 (default)
2023-02-16 22:43:36,727 [d5431bb7-4da0-4de3-8e42-f94aec5e63a8@group-7E208035207E-LeaderElection16] INFO  impl.RoleInfo (RoleInfo.java:updateAndGet(139)) - d5431bb7-4da0-4de3-8e42-f94aec5e63a8: start d5431bb7-4da0-4de3-8e42-f94aec5e63a8@group-7E208035207E-LeaderStateImpl
2023-02-16 22:43:36,728 [d5431bb7-4da0-4de3-8e42-f94aec5e63a8@group-7E208035207E-LeaderElection16] INFO  segmented.SegmentedRaftLogWorker (SegmentedRaftLogWorker.java:startLogSegment(452)) - d5431bb7-4da0-4de3-8e42-f94aec5e63a8@group-7E208035207E-SegmentedRaftLogWorker: Starting segment from index:0
2023-02-16 22:43:36,732 [d5431bb7-4da0-4de3-8e42-f94aec5e63a8@group-7E208035207E-SegmentedRaftLogWorker] INFO  segmented.SegmentedRaftLogWorker (SegmentedRaftLogWorker.java:execute(656)) - d5431bb7-4da0-4de3-8e42-f94aec5e63a8@group-7E208035207E-SegmentedRaftLogWorker: created new log segment /home/runner/work/ozone/ozone/hadoop-ozone/integration-test/target/test-dir/MiniOzoneClusterImpl-40d1b4d0-2c8f-4763-9166-3e69b7713d06/datanode-2/data/ratis/b3d05ffa-3db8-4bd5-a982-7e208035207e/current/log_inprogress_0
2023-02-16 22:43:36,737 [d5431bb7-4da0-4de3-8e42-f94aec5e63a8@group-7E208035207E-LeaderElection16] INFO  server.RaftServer$Division (ServerState.java:setRaftConf(430)) - d5431bb7-4da0-4de3-8e42-f94aec5e63a8@group-7E208035207E: set configuration 0: peers:[d5431bb7-4da0-4de3-8e42-f94aec5e63a8|rpc:10.1.0.43:35497|dataStream:10.1.0.43:43737|priority:1|startupRole:FOLLOWER]|listeners:[], old=null
2023-02-16 22:43:36,763 [JUnit-testRmEmptyRootDirNonRecursive[1]] WARN  ozone.BasicOzoneFileSystem (BasicOzoneFileSystem.java:innerDelete(523)) - Cannot delete root directory.
2023-02-16 22:43:36,763 [JUnit-testRmEmptyRootDirNonRecursive[1]] INFO  contract.AbstractContractRootDirectoryTest (AbstractContractRootDirectoryTest.java:testRmEmptyRootDirNonRecursive(123)) - rm / of empty dir result is false
22:43:36.766 [IPC Server handler 19 on default port 42185] ERROR OMAudit - user=runner | ip=127.0.0.1 | op=GET_FILE_STATUS {volume=volume11216, bucket=bucket39339, key=test, dataSize=0, replicationConfig=null} | ret=FAILURE
org.apache.hadoop.ozone.om.exceptions.OMException: Unable to get file status: volume: volume11216 bucket: bucket39339 key: test
	at org.apache.hadoop.ozone.om.KeyManagerImpl.getOzoneFileStatus(KeyManagerImpl.java:1162) ~[ozone-manager-1.4.0-SNAPSHOT.jar:?]
	at org.apache.hadoop.ozone.om.KeyManagerImpl.getFileStatus(KeyManagerImpl.java:1080) ~[ozone-manager-1.4.0-SNAPSHOT.jar:?]
	at org.apache.hadoop.ozone.om.OmMetadataReader.getFileStatus(OmMetadataReader.java:288) ~[ozone-manager-1.4.0-SNAPSHOT.jar:?]
	at org.apache.hadoop.ozone.om.OzoneManager.getFileStatus(OzoneManager.java:3450) ~[ozone-manager-1.4.0-SNAPSHOT.jar:?]
	at org.apache.hadoop.ozone.protocolPB.OzoneManagerRequestHandler.getOzoneFileStatus(OzoneManagerRequestHandler.java:933) ~[ozone-manager-1.4.0-SNAPSHOT.jar:?]
	at org.apache.hadoop.ozone.protocolPB.OzoneManagerRequestHandler.handleReadRequest(OzoneManagerRequestHandler.java:238) ~[ozone-manager-1.4.0-SNAPSHOT.jar:?]
	at org.apache.hadoop.ozone.protocolPB.OzoneManagerProtocolServerSideTranslatorPB.submitReadRequestToOM(OzoneManagerProtocolServerSideTranslatorPB.java:223) ~[ozone-manager-1.4.0-SNAPSHOT.jar:?]
	at org.apache.hadoop.ozone.protocolPB.OzoneManagerProtocolServerSideTranslatorPB.processRequest(OzoneManagerProtocolServerSideTranslatorPB.java:177) ~[ozone-manager-1.4.0-SNAPSHOT.jar:?]
	at org.apache.hadoop.hdds.server.OzoneProtocolMessageDispatcher.processRequest(OzoneProtocolMessageDispatcher.java:87) [hdds-server-framework-1.4.0-SNAPSHOT.jar:?]
	at org.apache.hadoop.ozone.protocolPB.OzoneManagerProtocolServerSideTranslatorPB.submitRequest(OzoneManagerProtocolServerSideTranslatorPB.java:147) [ozone-manager-1.4.0-SNAPSHOT.jar:?]
	at org.apache.hadoop.ozone.protocol.proto.OzoneManagerProtocolProtos$OzoneManagerService$2.callBlockingMethod(OzoneManagerProtocolProtos.java) [ozone-interface-client-1.4.0-SNAPSHOT.jar:?]
	at org.apache.hadoop.ipc.ProtobufRpcEngine$Server.processCall(ProtobufRpcEngine.java:465) [hadoop-common-3.3.4.jar:?]
	at org.apache.hadoop.ipc.ProtobufRpcEngine2$Server$ProtoBufRpcInvoker.call(ProtobufRpcEngine2.java:578) [hadoop-common-3.3.4.jar:?]
	at org.apache.hadoop.ipc.ProtobufRpcEngine2$Server$ProtoBufRpcInvoker.call(ProtobufRpcEngine2.java:556) [hadoop-common-3.3.4.jar:?]
	at org.apache.hadoop.ipc.RPC$Server.call(RPC.java:1093) [hadoop-common-3.3.4.jar:?]
	at org.apache.hadoop.ipc.Server$RpcCall.run(Server.java:1043) [hadoop-common-3.3.4.jar:?]
	at org.apache.hadoop.ipc.Server$RpcCall.run(Server.java:971) [hadoop-common-3.3.4.jar:?]
	at java.security.AccessController.doPrivileged(Native Method) ~[?:1.8.0_362]
	at javax.security.auth.Subject.doAs(Subject.java:422) [?:1.8.0_362]
	at org.apache.hadoop.security.UserGroupInformation.doAs(UserGroupInformation.java:1878) [hadoop-common-3.3.4.jar:?]
	at org.apache.hadoop.ipc.Server$Handler.run(Server.java:2976) [hadoop-common-3.3.4.jar:?]
2023-02-16 22:43:36,767 [teardown] WARN  ozone.BasicOzoneFileSystem (BasicOzoneFileSystem.java:delete(559)) - delete: Path does not exist: /test
]]></system-out>
  </testcase>
  <testcase name="testRmRootRecursive" classname="ITestOzoneContractRootDir" time="0.502">
    <system-out><![CDATA[2023-02-16 22:43:13,851 [setup] INFO  rpc.RpcClient (RpcClient.java:createVolume(476)) - Creating Volume: volume62162, with user36490 as owner and space quota set to -1 bytes, counts quota set to -1
2023-02-16 22:43:13,854 [OM StateMachine ApplyTransaction Thread - 0] INFO  volume.OMVolumeCreateRequest (OMVolumeCreateRequest.java:validateAndUpdateCache(195)) - created volume:volume62162 for user:user36490
2023-02-16 22:43:13,861 [setup] INFO  rpc.RpcClient (RpcClient.java:createBucket(698)) - Creating Bucket: volume62162/bucket21348, with bucket layout LEGACY, runner as owner, Versioning false, Storage Type set to DISK and Encryption set to false, Replication Type set to server-side default replication type, Namespace Quota set to -1, Space Quota set to -1 
2023-02-16 22:43:13,867 [OM StateMachine ApplyTransaction Thread - 0] INFO  bucket.OMBucketCreateRequest (OMBucketCreateRequest.java:validateAndUpdateCache(263)) - created bucket: bucket21348 of layout LEGACY in volume: volume62162
2023-02-16 22:43:13,908 [setup] INFO  contract.AbstractFSContractTestBase (AbstractFSContractTestBase.java:setup(194)) - Test filesystem = o3fs://bucket21348.volume62162 implemented by OzoneFileSystem{URI=o3fs://bucket21348.volume62162, workingDir=o3fs://bucket21348.volume62162/user/runner, userName=runner, statistics=0 bytes read, 0 bytes written, 17 read ops, 0 large read ops, 4 write ops}
2023-02-16 22:43:13,951 [IPC Server handler 3 on default port 33021] INFO  ha.SequenceIdGenerator (SequenceIdGenerator.java:getNextId(128)) - Allocate a batch for containerId, change lastId from 0 to 1000.
2023-02-16 22:43:13,969 [IPC Server handler 3 on default port 33021] WARN  ha.SequenceIdGenerator (SequenceIdGenerator.java:allocateBatch(237)) - Failed to allocate a batch for localId, expected lastId is 0, actual lastId is 111677748019200000.
2023-02-16 22:43:13,970 [IPC Server handler 3 on default port 33021] INFO  ha.SequenceIdGenerator (SequenceIdGenerator.java:getNextId(128)) - Allocate a batch for localId, change lastId from 111677748019200000 to 111677748019201000.
2023-02-16 22:43:14,287 [OM StateMachine ApplyTransaction Thread - 0] INFO  key.OMKeyRequest (OMKeyRequest.java:wrapUncommittedBlocksAsPseudoKey(837)) - Detect allocated but uncommitted blocks [{blockID={containerID=1, localID=111677748019200001}, length=4194304, offset=0, token=null, pipeline=null, createVersion=0, partNumber=0}] in key testRmRootRecursive.
2023-02-16 22:43:14,298 [JUnit-testRmRootRecursive[0]] WARN  ozone.BasicOzoneFileSystem (BasicOzoneFileSystem.java:innerDelete(523)) - Cannot delete root directory.
2023-02-16 22:43:14,300 [JUnit-testRmRootRecursive[0]] INFO  contract.AbstractContractRootDirectoryTest (AbstractContractRootDirectoryTest.java:testRmRootRecursive(162)) - rm -rf / result is false
]]></system-out>
  </testcase>
  <testcase name="testRmRootRecursive" classname="ITestOzoneContractRootDir" time="0.145">
    <system-out><![CDATA[2023-02-16 22:43:36,795 [setup] INFO  rpc.RpcClient (RpcClient.java:createVolume(476)) - Creating Volume: volume53449, with user64061 as owner and space quota set to -1 bytes, counts quota set to -1
2023-02-16 22:43:36,801 [OM StateMachine ApplyTransaction Thread - 0] INFO  volume.OMVolumeCreateRequest (OMVolumeCreateRequest.java:validateAndUpdateCache(195)) - created volume:volume53449 for user:user64061
2023-02-16 22:43:36,807 [setup] INFO  rpc.RpcClient (RpcClient.java:createBucket(698)) - Creating Bucket: volume53449/bucket15462, with bucket layout LEGACY, runner as owner, Versioning false, Storage Type set to DISK and Encryption set to false, Replication Type set to server-side default replication type, Namespace Quota set to -1, Space Quota set to -1 
2023-02-16 22:43:36,812 [OM StateMachine ApplyTransaction Thread - 0] INFO  bucket.OMBucketCreateRequest (OMBucketCreateRequest.java:validateAndUpdateCache(263)) - created bucket: bucket15462 of layout LEGACY in volume: volume53449
2023-02-16 22:43:36,857 [setup] INFO  contract.AbstractFSContractTestBase (AbstractFSContractTestBase.java:setup(194)) - Test filesystem = o3fs://bucket15462.volume53449 implemented by OzoneFileSystem{URI=o3fs://bucket15462.volume53449, workingDir=o3fs://bucket15462.volume53449/user/runner, userName=runner, statistics=0 bytes read, 0 bytes written, 86 read ops, 0 large read ops, 25 write ops}
2023-02-16 22:43:36,872 [IPC Server handler 0 on default port 45025] INFO  ha.SequenceIdGenerator (SequenceIdGenerator.java:getNextId(128)) - Allocate a batch for containerId, change lastId from 0 to 1000.
2023-02-16 22:43:36,873 [IPC Server handler 0 on default port 45025] WARN  ha.SequenceIdGenerator (SequenceIdGenerator.java:allocateBatch(237)) - Failed to allocate a batch for localId, expected lastId is 0, actual lastId is 111677748019200000.
2023-02-16 22:43:36,873 [IPC Server handler 0 on default port 45025] INFO  ha.SequenceIdGenerator (SequenceIdGenerator.java:getNextId(128)) - Allocate a batch for localId, change lastId from 111677748019200000 to 111677748019201000.
2023-02-16 22:43:36,882 [OM StateMachine ApplyTransaction Thread - 0] INFO  key.OMKeyRequest (OMKeyRequest.java:wrapUncommittedBlocksAsPseudoKey(837)) - Detect allocated but uncommitted blocks [{blockID={containerID=1, localID=111677748019200001}, length=4194304, offset=0, token=null, pipeline=null, createVersion=0, partNumber=0}] in key testRmRootRecursive.
2023-02-16 22:43:36,891 [JUnit-testRmRootRecursive[1]] WARN  ozone.BasicOzoneFileSystem (BasicOzoneFileSystem.java:innerDelete(523)) - Cannot delete root directory.
2023-02-16 22:43:36,893 [JUnit-testRmRootRecursive[1]] INFO  contract.AbstractContractRootDirectoryTest (AbstractContractRootDirectoryTest.java:testRmRootRecursive(162)) - rm -rf / result is false
]]></system-out>
  </testcase>
  <testcase name="testListEmptyRootDirectory" classname="ITestOzoneContractRootDir" time="0.135">
    <system-out><![CDATA[2023-02-16 22:43:14,357 [setup] INFO  rpc.RpcClient (RpcClient.java:createVolume(476)) - Creating Volume: volume60644, with user09502 as owner and space quota set to -1 bytes, counts quota set to -1
2023-02-16 22:43:14,362 [OM StateMachine ApplyTransaction Thread - 0] INFO  volume.OMVolumeCreateRequest (OMVolumeCreateRequest.java:validateAndUpdateCache(195)) - created volume:volume60644 for user:user09502
2023-02-16 22:43:14,372 [setup] INFO  rpc.RpcClient (RpcClient.java:createBucket(698)) - Creating Bucket: volume60644/bucket44882, with bucket layout LEGACY, runner as owner, Versioning false, Storage Type set to DISK and Encryption set to false, Replication Type set to server-side default replication type, Namespace Quota set to -1, Space Quota set to -1 
2023-02-16 22:43:14,377 [OM StateMachine ApplyTransaction Thread - 0] INFO  bucket.OMBucketCreateRequest (OMBucketCreateRequest.java:validateAndUpdateCache(263)) - created bucket: bucket44882 of layout LEGACY in volume: volume60644
2023-02-16 22:43:14,427 [setup] INFO  contract.AbstractFSContractTestBase (AbstractFSContractTestBase.java:setup(194)) - Test filesystem = o3fs://bucket44882.volume60644 implemented by OzoneFileSystem{URI=o3fs://bucket44882.volume60644, workingDir=o3fs://bucket44882.volume60644/user/runner, userName=runner, statistics=0 bytes read, 0 bytes written, 25 read ops, 0 large read ops, 8 write ops}
22:43:14.451 [IPC Server handler 16 on default port 41759] ERROR OMAudit - user=runner | ip=127.0.0.1 | op=GET_FILE_STATUS {volume=volume60644, bucket=bucket44882, key=test, dataSize=0, replicationConfig=null} | ret=FAILURE
org.apache.hadoop.ozone.om.exceptions.OMException: Unable to get file status: volume: volume60644 bucket: bucket44882 key: test
	at org.apache.hadoop.ozone.om.KeyManagerImpl.getOzoneFileStatus(KeyManagerImpl.java:1162) ~[ozone-manager-1.4.0-SNAPSHOT.jar:?]
	at org.apache.hadoop.ozone.om.KeyManagerImpl.getFileStatus(KeyManagerImpl.java:1080) ~[ozone-manager-1.4.0-SNAPSHOT.jar:?]
	at org.apache.hadoop.ozone.om.OmMetadataReader.getFileStatus(OmMetadataReader.java:288) ~[ozone-manager-1.4.0-SNAPSHOT.jar:?]
	at org.apache.hadoop.ozone.om.OzoneManager.getFileStatus(OzoneManager.java:3450) ~[ozone-manager-1.4.0-SNAPSHOT.jar:?]
	at org.apache.hadoop.ozone.protocolPB.OzoneManagerRequestHandler.getOzoneFileStatus(OzoneManagerRequestHandler.java:933) ~[ozone-manager-1.4.0-SNAPSHOT.jar:?]
	at org.apache.hadoop.ozone.protocolPB.OzoneManagerRequestHandler.handleReadRequest(OzoneManagerRequestHandler.java:238) ~[ozone-manager-1.4.0-SNAPSHOT.jar:?]
	at org.apache.hadoop.ozone.protocolPB.OzoneManagerProtocolServerSideTranslatorPB.submitReadRequestToOM(OzoneManagerProtocolServerSideTranslatorPB.java:223) ~[ozone-manager-1.4.0-SNAPSHOT.jar:?]
	at org.apache.hadoop.ozone.protocolPB.OzoneManagerProtocolServerSideTranslatorPB.processRequest(OzoneManagerProtocolServerSideTranslatorPB.java:177) ~[ozone-manager-1.4.0-SNAPSHOT.jar:?]
	at org.apache.hadoop.hdds.server.OzoneProtocolMessageDispatcher.processRequest(OzoneProtocolMessageDispatcher.java:87) [hdds-server-framework-1.4.0-SNAPSHOT.jar:?]
	at org.apache.hadoop.ozone.protocolPB.OzoneManagerProtocolServerSideTranslatorPB.submitRequest(OzoneManagerProtocolServerSideTranslatorPB.java:147) [ozone-manager-1.4.0-SNAPSHOT.jar:?]
	at org.apache.hadoop.ozone.protocol.proto.OzoneManagerProtocolProtos$OzoneManagerService$2.callBlockingMethod(OzoneManagerProtocolProtos.java) [ozone-interface-client-1.4.0-SNAPSHOT.jar:?]
	at org.apache.hadoop.ipc.ProtobufRpcEngine$Server.processCall(ProtobufRpcEngine.java:465) [hadoop-common-3.3.4.jar:?]
	at org.apache.hadoop.ipc.ProtobufRpcEngine2$Server$ProtoBufRpcInvoker.call(ProtobufRpcEngine2.java:578) [hadoop-common-3.3.4.jar:?]
	at org.apache.hadoop.ipc.ProtobufRpcEngine2$Server$ProtoBufRpcInvoker.call(ProtobufRpcEngine2.java:556) [hadoop-common-3.3.4.jar:?]
	at org.apache.hadoop.ipc.RPC$Server.call(RPC.java:1093) [hadoop-common-3.3.4.jar:?]
	at org.apache.hadoop.ipc.Server$RpcCall.run(Server.java:1043) [hadoop-common-3.3.4.jar:?]
	at org.apache.hadoop.ipc.Server$RpcCall.run(Server.java:971) [hadoop-common-3.3.4.jar:?]
	at java.security.AccessController.doPrivileged(Native Method) ~[?:1.8.0_362]
	at javax.security.auth.Subject.doAs(Subject.java:422) [?:1.8.0_362]
	at org.apache.hadoop.security.UserGroupInformation.doAs(UserGroupInformation.java:1878) [hadoop-common-3.3.4.jar:?]
	at org.apache.hadoop.ipc.Server$Handler.run(Server.java:2976) [hadoop-common-3.3.4.jar:?]
22:43:14.462 [IPC Server handler 2 on default port 41759] ERROR OMAudit - user=runner | ip=127.0.0.1 | op=GET_FILE_STATUS {volume=volume60644, bucket=bucket44882, key=test, dataSize=0, replicationConfig=null} | ret=FAILURE
org.apache.hadoop.ozone.om.exceptions.OMException: Unable to get file status: volume: volume60644 bucket: bucket44882 key: test
	at org.apache.hadoop.ozone.om.KeyManagerImpl.getOzoneFileStatus(KeyManagerImpl.java:1162) ~[ozone-manager-1.4.0-SNAPSHOT.jar:?]
	at org.apache.hadoop.ozone.om.KeyManagerImpl.getFileStatus(KeyManagerImpl.java:1080) ~[ozone-manager-1.4.0-SNAPSHOT.jar:?]
	at org.apache.hadoop.ozone.om.OmMetadataReader.getFileStatus(OmMetadataReader.java:288) ~[ozone-manager-1.4.0-SNAPSHOT.jar:?]
	at org.apache.hadoop.ozone.om.OzoneManager.getFileStatus(OzoneManager.java:3450) ~[ozone-manager-1.4.0-SNAPSHOT.jar:?]
	at org.apache.hadoop.ozone.protocolPB.OzoneManagerRequestHandler.getOzoneFileStatus(OzoneManagerRequestHandler.java:933) ~[ozone-manager-1.4.0-SNAPSHOT.jar:?]
	at org.apache.hadoop.ozone.protocolPB.OzoneManagerRequestHandler.handleReadRequest(OzoneManagerRequestHandler.java:238) ~[ozone-manager-1.4.0-SNAPSHOT.jar:?]
	at org.apache.hadoop.ozone.protocolPB.OzoneManagerProtocolServerSideTranslatorPB.submitReadRequestToOM(OzoneManagerProtocolServerSideTranslatorPB.java:223) ~[ozone-manager-1.4.0-SNAPSHOT.jar:?]
	at org.apache.hadoop.ozone.protocolPB.OzoneManagerProtocolServerSideTranslatorPB.processRequest(OzoneManagerProtocolServerSideTranslatorPB.java:177) ~[ozone-manager-1.4.0-SNAPSHOT.jar:?]
	at org.apache.hadoop.hdds.server.OzoneProtocolMessageDispatcher.processRequest(OzoneProtocolMessageDispatcher.java:87) [hdds-server-framework-1.4.0-SNAPSHOT.jar:?]
	at org.apache.hadoop.ozone.protocolPB.OzoneManagerProtocolServerSideTranslatorPB.submitRequest(OzoneManagerProtocolServerSideTranslatorPB.java:147) [ozone-manager-1.4.0-SNAPSHOT.jar:?]
	at org.apache.hadoop.ozone.protocol.proto.OzoneManagerProtocolProtos$OzoneManagerService$2.callBlockingMethod(OzoneManagerProtocolProtos.java) [ozone-interface-client-1.4.0-SNAPSHOT.jar:?]
	at org.apache.hadoop.ipc.ProtobufRpcEngine$Server.processCall(ProtobufRpcEngine.java:465) [hadoop-common-3.3.4.jar:?]
	at org.apache.hadoop.ipc.ProtobufRpcEngine2$Server$ProtoBufRpcInvoker.call(ProtobufRpcEngine2.java:578) [hadoop-common-3.3.4.jar:?]
	at org.apache.hadoop.ipc.ProtobufRpcEngine2$Server$ProtoBufRpcInvoker.call(ProtobufRpcEngine2.java:556) [hadoop-common-3.3.4.jar:?]
	at org.apache.hadoop.ipc.RPC$Server.call(RPC.java:1093) [hadoop-common-3.3.4.jar:?]
	at org.apache.hadoop.ipc.Server$RpcCall.run(Server.java:1043) [hadoop-common-3.3.4.jar:?]
	at org.apache.hadoop.ipc.Server$RpcCall.run(Server.java:971) [hadoop-common-3.3.4.jar:?]
	at java.security.AccessController.doPrivileged(Native Method) ~[?:1.8.0_362]
	at javax.security.auth.Subject.doAs(Subject.java:422) [?:1.8.0_362]
	at org.apache.hadoop.security.UserGroupInformation.doAs(UserGroupInformation.java:1878) [hadoop-common-3.3.4.jar:?]
	at org.apache.hadoop.ipc.Server$Handler.run(Server.java:2976) [hadoop-common-3.3.4.jar:?]
2023-02-16 22:43:14,463 [teardown] WARN  ozone.BasicOzoneFileSystem (BasicOzoneFileSystem.java:delete(559)) - delete: Path does not exist: /test
]]></system-out>
  </testcase>
  <testcase name="testListEmptyRootDirectory" classname="ITestOzoneContractRootDir" time="0.125">
    <system-out><![CDATA[2023-02-16 22:43:36,942 [setup] INFO  rpc.RpcClient (RpcClient.java:createVolume(476)) - Creating Volume: volume57858, with user12380 as owner and space quota set to -1 bytes, counts quota set to -1
2023-02-16 22:43:36,949 [OM StateMachine ApplyTransaction Thread - 0] INFO  volume.OMVolumeCreateRequest (OMVolumeCreateRequest.java:validateAndUpdateCache(195)) - created volume:volume57858 for user:user12380
2023-02-16 22:43:36,954 [setup] INFO  rpc.RpcClient (RpcClient.java:createBucket(698)) - Creating Bucket: volume57858/bucket91954, with bucket layout LEGACY, runner as owner, Versioning false, Storage Type set to DISK and Encryption set to false, Replication Type set to server-side default replication type, Namespace Quota set to -1, Space Quota set to -1 
2023-02-16 22:43:36,957 [OM StateMachine ApplyTransaction Thread - 0] INFO  bucket.OMBucketCreateRequest (OMBucketCreateRequest.java:validateAndUpdateCache(263)) - created bucket: bucket91954 of layout LEGACY in volume: volume57858
2023-02-16 22:43:37,006 [setup] INFO  contract.AbstractFSContractTestBase (AbstractFSContractTestBase.java:setup(194)) - Test filesystem = o3fs://bucket91954.volume57858 implemented by OzoneFileSystem{URI=o3fs://bucket91954.volume57858, workingDir=o3fs://bucket91954.volume57858/user/runner, userName=runner, statistics=0 bytes read, 0 bytes written, 94 read ops, 0 large read ops, 29 write ops}
22:43:37.027 [IPC Server handler 19 on default port 42185] ERROR OMAudit - user=runner | ip=127.0.0.1 | op=GET_FILE_STATUS {volume=volume57858, bucket=bucket91954, key=test, dataSize=0, replicationConfig=null} | ret=FAILURE
org.apache.hadoop.ozone.om.exceptions.OMException: Unable to get file status: volume: volume57858 bucket: bucket91954 key: test
	at org.apache.hadoop.ozone.om.KeyManagerImpl.getOzoneFileStatus(KeyManagerImpl.java:1162) ~[ozone-manager-1.4.0-SNAPSHOT.jar:?]
	at org.apache.hadoop.ozone.om.KeyManagerImpl.getFileStatus(KeyManagerImpl.java:1080) ~[ozone-manager-1.4.0-SNAPSHOT.jar:?]
	at org.apache.hadoop.ozone.om.OmMetadataReader.getFileStatus(OmMetadataReader.java:288) ~[ozone-manager-1.4.0-SNAPSHOT.jar:?]
	at org.apache.hadoop.ozone.om.OzoneManager.getFileStatus(OzoneManager.java:3450) ~[ozone-manager-1.4.0-SNAPSHOT.jar:?]
	at org.apache.hadoop.ozone.protocolPB.OzoneManagerRequestHandler.getOzoneFileStatus(OzoneManagerRequestHandler.java:933) ~[ozone-manager-1.4.0-SNAPSHOT.jar:?]
	at org.apache.hadoop.ozone.protocolPB.OzoneManagerRequestHandler.handleReadRequest(OzoneManagerRequestHandler.java:238) ~[ozone-manager-1.4.0-SNAPSHOT.jar:?]
	at org.apache.hadoop.ozone.protocolPB.OzoneManagerProtocolServerSideTranslatorPB.submitReadRequestToOM(OzoneManagerProtocolServerSideTranslatorPB.java:223) ~[ozone-manager-1.4.0-SNAPSHOT.jar:?]
	at org.apache.hadoop.ozone.protocolPB.OzoneManagerProtocolServerSideTranslatorPB.processRequest(OzoneManagerProtocolServerSideTranslatorPB.java:177) ~[ozone-manager-1.4.0-SNAPSHOT.jar:?]
	at org.apache.hadoop.hdds.server.OzoneProtocolMessageDispatcher.processRequest(OzoneProtocolMessageDispatcher.java:87) [hdds-server-framework-1.4.0-SNAPSHOT.jar:?]
	at org.apache.hadoop.ozone.protocolPB.OzoneManagerProtocolServerSideTranslatorPB.submitRequest(OzoneManagerProtocolServerSideTranslatorPB.java:147) [ozone-manager-1.4.0-SNAPSHOT.jar:?]
	at org.apache.hadoop.ozone.protocol.proto.OzoneManagerProtocolProtos$OzoneManagerService$2.callBlockingMethod(OzoneManagerProtocolProtos.java) [ozone-interface-client-1.4.0-SNAPSHOT.jar:?]
	at org.apache.hadoop.ipc.ProtobufRpcEngine$Server.processCall(ProtobufRpcEngine.java:465) [hadoop-common-3.3.4.jar:?]
	at org.apache.hadoop.ipc.ProtobufRpcEngine2$Server$ProtoBufRpcInvoker.call(ProtobufRpcEngine2.java:578) [hadoop-common-3.3.4.jar:?]
	at org.apache.hadoop.ipc.ProtobufRpcEngine2$Server$ProtoBufRpcInvoker.call(ProtobufRpcEngine2.java:556) [hadoop-common-3.3.4.jar:?]
	at org.apache.hadoop.ipc.RPC$Server.call(RPC.java:1093) [hadoop-common-3.3.4.jar:?]
	at org.apache.hadoop.ipc.Server$RpcCall.run(Server.java:1043) [hadoop-common-3.3.4.jar:?]
	at org.apache.hadoop.ipc.Server$RpcCall.run(Server.java:971) [hadoop-common-3.3.4.jar:?]
	at java.security.AccessController.doPrivileged(Native Method) ~[?:1.8.0_362]
	at javax.security.auth.Subject.doAs(Subject.java:422) [?:1.8.0_362]
	at org.apache.hadoop.security.UserGroupInformation.doAs(UserGroupInformation.java:1878) [hadoop-common-3.3.4.jar:?]
	at org.apache.hadoop.ipc.Server$Handler.run(Server.java:2976) [hadoop-common-3.3.4.jar:?]
22:43:37.036 [IPC Server handler 16 on default port 42185] ERROR OMAudit - user=runner | ip=127.0.0.1 | op=GET_FILE_STATUS {volume=volume57858, bucket=bucket91954, key=test, dataSize=0, replicationConfig=null} | ret=FAILURE
org.apache.hadoop.ozone.om.exceptions.OMException: Unable to get file status: volume: volume57858 bucket: bucket91954 key: test
	at org.apache.hadoop.ozone.om.KeyManagerImpl.getOzoneFileStatus(KeyManagerImpl.java:1162) ~[ozone-manager-1.4.0-SNAPSHOT.jar:?]
	at org.apache.hadoop.ozone.om.KeyManagerImpl.getFileStatus(KeyManagerImpl.java:1080) ~[ozone-manager-1.4.0-SNAPSHOT.jar:?]
	at org.apache.hadoop.ozone.om.OmMetadataReader.getFileStatus(OmMetadataReader.java:288) ~[ozone-manager-1.4.0-SNAPSHOT.jar:?]
	at org.apache.hadoop.ozone.om.OzoneManager.getFileStatus(OzoneManager.java:3450) ~[ozone-manager-1.4.0-SNAPSHOT.jar:?]
	at org.apache.hadoop.ozone.protocolPB.OzoneManagerRequestHandler.getOzoneFileStatus(OzoneManagerRequestHandler.java:933) ~[ozone-manager-1.4.0-SNAPSHOT.jar:?]
	at org.apache.hadoop.ozone.protocolPB.OzoneManagerRequestHandler.handleReadRequest(OzoneManagerRequestHandler.java:238) ~[ozone-manager-1.4.0-SNAPSHOT.jar:?]
	at org.apache.hadoop.ozone.protocolPB.OzoneManagerProtocolServerSideTranslatorPB.submitReadRequestToOM(OzoneManagerProtocolServerSideTranslatorPB.java:223) ~[ozone-manager-1.4.0-SNAPSHOT.jar:?]
	at org.apache.hadoop.ozone.protocolPB.OzoneManagerProtocolServerSideTranslatorPB.processRequest(OzoneManagerProtocolServerSideTranslatorPB.java:177) ~[ozone-manager-1.4.0-SNAPSHOT.jar:?]
	at org.apache.hadoop.hdds.server.OzoneProtocolMessageDispatcher.processRequest(OzoneProtocolMessageDispatcher.java:87) [hdds-server-framework-1.4.0-SNAPSHOT.jar:?]
	at org.apache.hadoop.ozone.protocolPB.OzoneManagerProtocolServerSideTranslatorPB.submitRequest(OzoneManagerProtocolServerSideTranslatorPB.java:147) [ozone-manager-1.4.0-SNAPSHOT.jar:?]
	at org.apache.hadoop.ozone.protocol.proto.OzoneManagerProtocolProtos$OzoneManagerService$2.callBlockingMethod(OzoneManagerProtocolProtos.java) [ozone-interface-client-1.4.0-SNAPSHOT.jar:?]
	at org.apache.hadoop.ipc.ProtobufRpcEngine$Server.processCall(ProtobufRpcEngine.java:465) [hadoop-common-3.3.4.jar:?]
	at org.apache.hadoop.ipc.ProtobufRpcEngine2$Server$ProtoBufRpcInvoker.call(ProtobufRpcEngine2.java:578) [hadoop-common-3.3.4.jar:?]
	at org.apache.hadoop.ipc.ProtobufRpcEngine2$Server$ProtoBufRpcInvoker.call(ProtobufRpcEngine2.java:556) [hadoop-common-3.3.4.jar:?]
	at org.apache.hadoop.ipc.RPC$Server.call(RPC.java:1093) [hadoop-common-3.3.4.jar:?]
	at org.apache.hadoop.ipc.Server$RpcCall.run(Server.java:1043) [hadoop-common-3.3.4.jar:?]
	at org.apache.hadoop.ipc.Server$RpcCall.run(Server.java:971) [hadoop-common-3.3.4.jar:?]
	at java.security.AccessController.doPrivileged(Native Method) ~[?:1.8.0_362]
	at javax.security.auth.Subject.doAs(Subject.java:422) [?:1.8.0_362]
	at org.apache.hadoop.security.UserGroupInformation.doAs(UserGroupInformation.java:1878) [hadoop-common-3.3.4.jar:?]
	at org.apache.hadoop.ipc.Server$Handler.run(Server.java:2976) [hadoop-common-3.3.4.jar:?]
2023-02-16 22:43:37,037 [teardown] WARN  ozone.BasicOzoneFileSystem (BasicOzoneFileSystem.java:delete(559)) - delete: Path does not exist: /test
]]></system-out>
  </testcase>
  <testcase name="testCreateFileOverRoot" classname="ITestOzoneContractRootDir" time="0.135">
    <system-out><![CDATA[2023-02-16 22:43:14,498 [setup] INFO  rpc.RpcClient (RpcClient.java:createVolume(476)) - Creating Volume: volume29127, with user80296 as owner and space quota set to -1 bytes, counts quota set to -1
2023-02-16 22:43:14,505 [OM StateMachine ApplyTransaction Thread - 0] INFO  volume.OMVolumeCreateRequest (OMVolumeCreateRequest.java:validateAndUpdateCache(195)) - created volume:volume29127 for user:user80296
2023-02-16 22:43:14,509 [setup] INFO  rpc.RpcClient (RpcClient.java:createBucket(698)) - Creating Bucket: volume29127/bucket46441, with bucket layout LEGACY, runner as owner, Versioning false, Storage Type set to DISK and Encryption set to false, Replication Type set to server-side default replication type, Namespace Quota set to -1, Space Quota set to -1 
2023-02-16 22:43:14,513 [OM StateMachine ApplyTransaction Thread - 0] INFO  bucket.OMBucketCreateRequest (OMBucketCreateRequest.java:validateAndUpdateCache(263)) - created bucket: bucket46441 of layout LEGACY in volume: volume29127
2023-02-16 22:43:14,570 [setup] INFO  contract.AbstractFSContractTestBase (AbstractFSContractTestBase.java:setup(194)) - Test filesystem = o3fs://bucket46441.volume29127 implemented by OzoneFileSystem{URI=o3fs://bucket46441.volume29127, workingDir=o3fs://bucket46441.volume29127/user/runner, userName=runner, statistics=0 bytes read, 0 bytes written, 35 read ops, 0 large read ops, 10 write ops}
22:43:14.580 [OM StateMachine ApplyTransaction Thread - 0] ERROR OMAudit - user=runner | ip=127.0.0.1 | op=CREATE_FILE {volume=volume29127, bucket=bucket46441, key=, dataSize=0, replicationType=RATIS, replicationFactor=THREE} | ret=FAILURE
org.apache.hadoop.ozone.om.exceptions.OMException: Can not write to directory: 
	at org.apache.hadoop.ozone.om.request.file.OMFileCreateRequest.validateAndUpdateCache(OMFileCreateRequest.java:221) ~[ozone-manager-1.4.0-SNAPSHOT.jar:?]
	at org.apache.hadoop.ozone.protocolPB.OzoneManagerRequestHandler.handleWriteRequest(OzoneManagerRequestHandler.java:337) ~[ozone-manager-1.4.0-SNAPSHOT.jar:?]
	at org.apache.hadoop.ozone.om.ratis.OzoneManagerStateMachine.runCommand(OzoneManagerStateMachine.java:533) ~[ozone-manager-1.4.0-SNAPSHOT.jar:?]
	at org.apache.hadoop.ozone.om.ratis.OzoneManagerStateMachine.lambda$1(OzoneManagerStateMachine.java:324) ~[ozone-manager-1.4.0-SNAPSHOT.jar:?]
	at java.util.concurrent.CompletableFuture$AsyncSupply.run(CompletableFuture.java:1604) [?:1.8.0_362]
	at java.util.concurrent.ThreadPoolExecutor.runWorker(ThreadPoolExecutor.java:1149) [?:1.8.0_362]
	at java.util.concurrent.ThreadPoolExecutor$Worker.run(ThreadPoolExecutor.java:624) [?:1.8.0_362]
	at java.lang.Thread.run(Thread.java:750) [?:1.8.0_362]
2023-02-16 22:43:14,581 [OM StateMachine ApplyTransaction Thread - 0] ERROR file.OMFileCreateRequest (OMFileCreateRequest.java:validateAndUpdateCache(336)) - File create failed. Volume:volume29127, Bucket:bucket46441, Key.
NOT_A_FILE org.apache.hadoop.ozone.om.exceptions.OMException: Can not write to directory: 
	at org.apache.hadoop.ozone.om.request.file.OMFileCreateRequest.validateAndUpdateCache(OMFileCreateRequest.java:221)
	at org.apache.hadoop.ozone.protocolPB.OzoneManagerRequestHandler.handleWriteRequest(OzoneManagerRequestHandler.java:337)
	at org.apache.hadoop.ozone.om.ratis.OzoneManagerStateMachine.runCommand(OzoneManagerStateMachine.java:533)
	at org.apache.hadoop.ozone.om.ratis.OzoneManagerStateMachine.lambda$1(OzoneManagerStateMachine.java:324)
	at java.util.concurrent.CompletableFuture$AsyncSupply.run(CompletableFuture.java:1604)
	at java.util.concurrent.ThreadPoolExecutor.runWorker(ThreadPoolExecutor.java:1149)
	at java.util.concurrent.ThreadPoolExecutor$Worker.run(ThreadPoolExecutor.java:624)
	at java.lang.Thread.run(Thread.java:750)
]]></system-out>
  </testcase>
  <testcase name="testCreateFileOverRoot" classname="ITestOzoneContractRootDir" time="0.112">
    <system-out><![CDATA[2023-02-16 22:43:37,060 [setup] INFO  rpc.RpcClient (RpcClient.java:createVolume(476)) - Creating Volume: volume61781, with user67861 as owner and space quota set to -1 bytes, counts quota set to -1
2023-02-16 22:43:37,075 [OM StateMachine ApplyTransaction Thread - 0] INFO  volume.OMVolumeCreateRequest (OMVolumeCreateRequest.java:validateAndUpdateCache(195)) - created volume:volume61781 for user:user67861
2023-02-16 22:43:37,083 [setup] INFO  rpc.RpcClient (RpcClient.java:createBucket(698)) - Creating Bucket: volume61781/bucket53481, with bucket layout LEGACY, runner as owner, Versioning false, Storage Type set to DISK and Encryption set to false, Replication Type set to server-side default replication type, Namespace Quota set to -1, Space Quota set to -1 
2023-02-16 22:43:37,089 [OM StateMachine ApplyTransaction Thread - 0] INFO  bucket.OMBucketCreateRequest (OMBucketCreateRequest.java:validateAndUpdateCache(263)) - created bucket: bucket53481 of layout LEGACY in volume: volume61781
2023-02-16 22:43:37,128 [setup] INFO  contract.AbstractFSContractTestBase (AbstractFSContractTestBase.java:setup(194)) - Test filesystem = o3fs://bucket53481.volume61781 implemented by OzoneFileSystem{URI=o3fs://bucket53481.volume61781, workingDir=o3fs://bucket53481.volume61781/user/runner, userName=runner, statistics=0 bytes read, 0 bytes written, 104 read ops, 0 large read ops, 31 write ops}
22:43:37.135 [OM StateMachine ApplyTransaction Thread - 0] ERROR OMAudit - user=runner | ip=127.0.0.1 | op=CREATE_FILE {volume=volume61781, bucket=bucket53481, key=, dataSize=0, replicationType=RATIS, replicationFactor=THREE} | ret=FAILURE
org.apache.hadoop.ozone.om.exceptions.OMException: Can not write to directory: 
	at org.apache.hadoop.ozone.om.request.file.OMFileCreateRequest.validateAndUpdateCache(OMFileCreateRequest.java:221) ~[ozone-manager-1.4.0-SNAPSHOT.jar:?]
	at org.apache.hadoop.ozone.protocolPB.OzoneManagerRequestHandler.handleWriteRequest(OzoneManagerRequestHandler.java:337) ~[ozone-manager-1.4.0-SNAPSHOT.jar:?]
	at org.apache.hadoop.ozone.om.ratis.OzoneManagerStateMachine.runCommand(OzoneManagerStateMachine.java:533) ~[ozone-manager-1.4.0-SNAPSHOT.jar:?]
	at org.apache.hadoop.ozone.om.ratis.OzoneManagerStateMachine.lambda$1(OzoneManagerStateMachine.java:324) ~[ozone-manager-1.4.0-SNAPSHOT.jar:?]
	at java.util.concurrent.CompletableFuture$AsyncSupply.run(CompletableFuture.java:1604) [?:1.8.0_362]
	at java.util.concurrent.ThreadPoolExecutor.runWorker(ThreadPoolExecutor.java:1149) [?:1.8.0_362]
	at java.util.concurrent.ThreadPoolExecutor$Worker.run(ThreadPoolExecutor.java:624) [?:1.8.0_362]
	at java.lang.Thread.run(Thread.java:750) [?:1.8.0_362]
2023-02-16 22:43:37,136 [OM StateMachine ApplyTransaction Thread - 0] ERROR file.OMFileCreateRequest (OMFileCreateRequest.java:validateAndUpdateCache(336)) - File create failed. Volume:volume61781, Bucket:bucket53481, Key.
NOT_A_FILE org.apache.hadoop.ozone.om.exceptions.OMException: Can not write to directory: 
	at org.apache.hadoop.ozone.om.request.file.OMFileCreateRequest.validateAndUpdateCache(OMFileCreateRequest.java:221)
	at org.apache.hadoop.ozone.protocolPB.OzoneManagerRequestHandler.handleWriteRequest(OzoneManagerRequestHandler.java:337)
	at org.apache.hadoop.ozone.om.ratis.OzoneManagerStateMachine.runCommand(OzoneManagerStateMachine.java:533)
	at org.apache.hadoop.ozone.om.ratis.OzoneManagerStateMachine.lambda$1(OzoneManagerStateMachine.java:324)
	at java.util.concurrent.CompletableFuture$AsyncSupply.run(CompletableFuture.java:1604)
	at java.util.concurrent.ThreadPoolExecutor.runWorker(ThreadPoolExecutor.java:1149)
	at java.util.concurrent.ThreadPoolExecutor$Worker.run(ThreadPoolExecutor.java:624)
	at java.lang.Thread.run(Thread.java:750)
]]></system-out>
  </testcase>
  <testcase name="testSimpleRootListing" classname="ITestOzoneContractRootDir" time="0.214">
    <system-out><![CDATA[2023-02-16 22:43:14,623 [setup] INFO  rpc.RpcClient (RpcClient.java:createVolume(476)) - Creating Volume: volume07615, with user62590 as owner and space quota set to -1 bytes, counts quota set to -1
2023-02-16 22:43:14,631 [OM StateMachine ApplyTransaction Thread - 0] INFO  volume.OMVolumeCreateRequest (OMVolumeCreateRequest.java:validateAndUpdateCache(195)) - created volume:volume07615 for user:user62590
2023-02-16 22:43:14,635 [setup] INFO  rpc.RpcClient (RpcClient.java:createBucket(698)) - Creating Bucket: volume07615/bucket88850, with bucket layout LEGACY, runner as owner, Versioning false, Storage Type set to DISK and Encryption set to false, Replication Type set to server-side default replication type, Namespace Quota set to -1, Space Quota set to -1 
2023-02-16 22:43:14,638 [OM StateMachine ApplyTransaction Thread - 0] INFO  bucket.OMBucketCreateRequest (OMBucketCreateRequest.java:validateAndUpdateCache(263)) - created bucket: bucket88850 of layout LEGACY in volume: volume07615
2023-02-16 22:43:14,680 [setup] INFO  contract.AbstractFSContractTestBase (AbstractFSContractTestBase.java:setup(194)) - Test filesystem = o3fs://bucket88850.volume07615 implemented by OzoneFileSystem{URI=o3fs://bucket88850.volume07615, workingDir=o3fs://bucket88850.volume07615/user/runner, userName=runner, statistics=0 bytes read, 0 bytes written, 38 read ops, 0 large read ops, 12 write ops}
2023-02-16 22:43:14,687 [JUnit-testSimpleRootListing[0]] INFO  contract.AbstractFSContractTestBase (AbstractFSContractTestBase.java:describe(278)) - test the nonrecursive root listing calls
]]></system-out>
  </testcase>
  <testcase name="testSimpleRootListing" classname="ITestOzoneContractRootDir" time="0.122">
    <system-out><![CDATA[2023-02-16 22:43:37,169 [c1d13929-a343-48c2-a26f-f823071f7287@group-8A61F368A65C-FollowerState] INFO  impl.FollowerState (FollowerState.java:run(143)) - c1d13929-a343-48c2-a26f-f823071f7287@group-8A61F368A65C-FollowerState: change to CANDIDATE, lastRpcElapsedTime:5093691818ns, electionTimeout:5092ms
2023-02-16 22:43:37,170 [c1d13929-a343-48c2-a26f-f823071f7287@group-8A61F368A65C-FollowerState] INFO  impl.RoleInfo (RoleInfo.java:shutdownFollowerState(110)) - c1d13929-a343-48c2-a26f-f823071f7287: shutdown c1d13929-a343-48c2-a26f-f823071f7287@group-8A61F368A65C-FollowerState
2023-02-16 22:43:37,170 [c1d13929-a343-48c2-a26f-f823071f7287@group-8A61F368A65C-FollowerState] INFO  server.RaftServer$Division (RaftServerImpl.java:setRole(321)) - c1d13929-a343-48c2-a26f-f823071f7287@group-8A61F368A65C: changes role from  FOLLOWER to CANDIDATE at term 0 for changeToCandidate
2023-02-16 22:43:37,170 [c1d13929-a343-48c2-a26f-f823071f7287@group-8A61F368A65C-FollowerState] INFO  server.RaftServerConfigKeys (ConfUtils.java:logGet(46)) - raft.server.leaderelection.pre-vote = true (default)
2023-02-16 22:43:37,170 [c1d13929-a343-48c2-a26f-f823071f7287@group-8A61F368A65C-FollowerState] INFO  impl.RoleInfo (RoleInfo.java:updateAndGet(139)) - c1d13929-a343-48c2-a26f-f823071f7287: start c1d13929-a343-48c2-a26f-f823071f7287@group-8A61F368A65C-LeaderElection17
2023-02-16 22:43:37,177 [c1d13929-a343-48c2-a26f-f823071f7287@group-8A61F368A65C-LeaderElection17] INFO  impl.LeaderElection (LeaderElection.java:askForVotes(312)) - c1d13929-a343-48c2-a26f-f823071f7287@group-8A61F368A65C-LeaderElection17 PRE_VOTE round 0: submit vote requests at term 0 for -1: peers:[c1d13929-a343-48c2-a26f-f823071f7287|rpc:10.1.0.43:36269|dataStream:10.1.0.43:32815|priority:1|startupRole:FOLLOWER]|listeners:[], old=null
2023-02-16 22:43:37,177 [c1d13929-a343-48c2-a26f-f823071f7287@group-8A61F368A65C-LeaderElection17] INFO  impl.LeaderElection (LeaderElection.java:askForVotes(314)) - c1d13929-a343-48c2-a26f-f823071f7287@group-8A61F368A65C-LeaderElection17 PRE_VOTE round 0: result PASSED (term=0)
2023-02-16 22:43:37,179 [c1d13929-a343-48c2-a26f-f823071f7287@group-8A61F368A65C-LeaderElection17] INFO  impl.LeaderElection (LeaderElection.java:askForVotes(312)) - c1d13929-a343-48c2-a26f-f823071f7287@group-8A61F368A65C-LeaderElection17 ELECTION round 0: submit vote requests at term 1 for -1: peers:[c1d13929-a343-48c2-a26f-f823071f7287|rpc:10.1.0.43:36269|dataStream:10.1.0.43:32815|priority:1|startupRole:FOLLOWER]|listeners:[], old=null
2023-02-16 22:43:37,179 [c1d13929-a343-48c2-a26f-f823071f7287@group-8A61F368A65C-LeaderElection17] INFO  impl.LeaderElection (LeaderElection.java:askForVotes(314)) - c1d13929-a343-48c2-a26f-f823071f7287@group-8A61F368A65C-LeaderElection17 ELECTION round 0: result PASSED (term=1)
2023-02-16 22:43:37,179 [c1d13929-a343-48c2-a26f-f823071f7287@group-8A61F368A65C-LeaderElection17] INFO  impl.RoleInfo (RoleInfo.java:shutdownLeaderElection(130)) - c1d13929-a343-48c2-a26f-f823071f7287: shutdown c1d13929-a343-48c2-a26f-f823071f7287@group-8A61F368A65C-LeaderElection17
2023-02-16 22:43:37,179 [c1d13929-a343-48c2-a26f-f823071f7287@group-8A61F368A65C-LeaderElection17] INFO  server.RaftServer$Division (RaftServerImpl.java:setRole(321)) - c1d13929-a343-48c2-a26f-f823071f7287@group-8A61F368A65C: changes role from CANDIDATE to LEADER at term 1 for changeToLeader
2023-02-16 22:43:37,180 [c1d13929-a343-48c2-a26f-f823071f7287@group-8A61F368A65C-LeaderElection17] INFO  ratis.XceiverServerRatis (XceiverServerRatis.java:handleLeaderChangedNotification(905)) - Leader change notification received for group: group-8A61F368A65C with new leaderId: c1d13929-a343-48c2-a26f-f823071f7287
2023-02-16 22:43:37,183 [c1d13929-a343-48c2-a26f-f823071f7287@group-8A61F368A65C-LeaderElection17] INFO  server.RaftServer$Division (ServerState.java:setLeader(313)) - c1d13929-a343-48c2-a26f-f823071f7287@group-8A61F368A65C: change Leader from null to c1d13929-a343-48c2-a26f-f823071f7287 at term 1 for becomeLeader, leader elected after 5124ms
2023-02-16 22:43:37,183 [c1d13929-a343-48c2-a26f-f823071f7287@group-8A61F368A65C-LeaderElection17] INFO  server.RaftServerConfigKeys (ConfUtils.java:logGet(46)) - raft.server.staging.catchup.gap = 1000 (default)
2023-02-16 22:43:37,183 [c1d13929-a343-48c2-a26f-f823071f7287@group-8A61F368A65C-LeaderElection17] INFO  server.RaftServerConfigKeys (ConfUtils.java:logGet(46)) - raft.server.write.element-limit = 1024 (custom)
2023-02-16 22:43:37,183 [c1d13929-a343-48c2-a26f-f823071f7287@group-8A61F368A65C-LeaderElection17] INFO  server.RaftServerConfigKeys (ConfUtils.java:logGet(46)) - raft.server.write.byte-limit = 1024 M (=1073741824) (custom)
2023-02-16 22:43:37,184 [c1d13929-a343-48c2-a26f-f823071f7287@group-8A61F368A65C-LeaderElection17] INFO  server.RaftServerConfigKeys (ConfUtils.java:logGet(46)) - raft.server.watch.timeout = 10000ms (default)
2023-02-16 22:43:37,184 [c1d13929-a343-48c2-a26f-f823071f7287@group-8A61F368A65C-LeaderElection17] INFO  server.RaftServerConfigKeys (ConfUtils.java:logGet(46)) - raft.server.watch.timeout.denomination = 1s (default)
2023-02-16 22:43:37,184 [c1d13929-a343-48c2-a26f-f823071f7287@group-8A61F368A65C-LeaderElection17] INFO  server.RaftServerConfigKeys (ConfUtils.java:logGet(46)) - raft.server.watch.element-limit = 65536 (default)
2023-02-16 22:43:37,184 [c1d13929-a343-48c2-a26f-f823071f7287@group-8A61F368A65C-LeaderElection17] INFO  server.RaftServerConfigKeys (ConfUtils.java:logGet(46)) - raft.server.write.element-limit = 1024 (custom)
2023-02-16 22:43:37,184 [c1d13929-a343-48c2-a26f-f823071f7287@group-8A61F368A65C-LeaderElection17] INFO  server.RaftServerConfigKeys (ConfUtils.java:logGet(46)) - raft.server.write.follower.gap.ratio.max = -1.0 (default)
2023-02-16 22:43:37,184 [c1d13929-a343-48c2-a26f-f823071f7287@group-8A61F368A65C-LeaderElection17] INFO  impl.RoleInfo (RoleInfo.java:updateAndGet(139)) - c1d13929-a343-48c2-a26f-f823071f7287: start c1d13929-a343-48c2-a26f-f823071f7287@group-8A61F368A65C-LeaderStateImpl
2023-02-16 22:43:37,184 [c1d13929-a343-48c2-a26f-f823071f7287@group-8A61F368A65C-LeaderElection17] INFO  segmented.SegmentedRaftLogWorker (SegmentedRaftLogWorker.java:startLogSegment(452)) - c1d13929-a343-48c2-a26f-f823071f7287@group-8A61F368A65C-SegmentedRaftLogWorker: Starting segment from index:0
2023-02-16 22:43:37,187 [c1d13929-a343-48c2-a26f-f823071f7287@group-8A61F368A65C-SegmentedRaftLogWorker] INFO  segmented.SegmentedRaftLogWorker (SegmentedRaftLogWorker.java:execute(656)) - c1d13929-a343-48c2-a26f-f823071f7287@group-8A61F368A65C-SegmentedRaftLogWorker: created new log segment /home/runner/work/ozone/ozone/hadoop-ozone/integration-test/target/test-dir/MiniOzoneClusterImpl-40d1b4d0-2c8f-4763-9166-3e69b7713d06/datanode-3/data/ratis/f67de2c4-03b5-4e2d-9887-8a61f368a65c/current/log_inprogress_0
2023-02-16 22:43:37,191 [c1d13929-a343-48c2-a26f-f823071f7287@group-8A61F368A65C-LeaderElection17] INFO  server.RaftServer$Division (ServerState.java:setRaftConf(430)) - c1d13929-a343-48c2-a26f-f823071f7287@group-8A61F368A65C: set configuration 0: peers:[c1d13929-a343-48c2-a26f-f823071f7287|rpc:10.1.0.43:36269|dataStream:10.1.0.43:32815|priority:1|startupRole:FOLLOWER]|listeners:[], old=null
2023-02-16 22:43:37,199 [setup] INFO  rpc.RpcClient (RpcClient.java:createVolume(476)) - Creating Volume: volume92375, with user17165 as owner and space quota set to -1 bytes, counts quota set to -1
2023-02-16 22:43:37,203 [OM StateMachine ApplyTransaction Thread - 0] INFO  volume.OMVolumeCreateRequest (OMVolumeCreateRequest.java:validateAndUpdateCache(195)) - created volume:volume92375 for user:user17165
2023-02-16 22:43:37,206 [setup] INFO  rpc.RpcClient (RpcClient.java:createBucket(698)) - Creating Bucket: volume92375/bucket16717, with bucket layout LEGACY, runner as owner, Versioning false, Storage Type set to DISK and Encryption set to false, Replication Type set to server-side default replication type, Namespace Quota set to -1, Space Quota set to -1 
2023-02-16 22:43:37,209 [OM StateMachine ApplyTransaction Thread - 0] INFO  bucket.OMBucketCreateRequest (OMBucketCreateRequest.java:validateAndUpdateCache(263)) - created bucket: bucket16717 of layout LEGACY in volume: volume92375
2023-02-16 22:43:37,247 [setup] INFO  contract.AbstractFSContractTestBase (AbstractFSContractTestBase.java:setup(194)) - Test filesystem = o3fs://bucket16717.volume92375 implemented by OzoneFileSystem{URI=o3fs://bucket16717.volume92375, workingDir=o3fs://bucket16717.volume92375/user/runner, userName=runner, statistics=0 bytes read, 0 bytes written, 107 read ops, 0 large read ops, 33 write ops}
2023-02-16 22:43:37,253 [JUnit-testSimpleRootListing[1]] INFO  contract.AbstractFSContractTestBase (AbstractFSContractTestBase.java:describe(278)) - test the nonrecursive root listing calls
]]></system-out>
  </testcase>
  <testcase name="testMkDirDepth1" classname="ITestOzoneContractRootDir" time="0.149">
    <system-out><![CDATA[2023-02-16 22:43:14,846 [setup] INFO  rpc.RpcClient (RpcClient.java:createVolume(476)) - Creating Volume: volume39150, with user15524 as owner and space quota set to -1 bytes, counts quota set to -1
2023-02-16 22:43:14,854 [OM StateMachine ApplyTransaction Thread - 0] INFO  volume.OMVolumeCreateRequest (OMVolumeCreateRequest.java:validateAndUpdateCache(195)) - created volume:volume39150 for user:user15524
2023-02-16 22:43:14,858 [setup] INFO  rpc.RpcClient (RpcClient.java:createBucket(698)) - Creating Bucket: volume39150/bucket97956, with bucket layout LEGACY, runner as owner, Versioning false, Storage Type set to DISK and Encryption set to false, Replication Type set to server-side default replication type, Namespace Quota set to -1, Space Quota set to -1 
2023-02-16 22:43:14,861 [OM StateMachine ApplyTransaction Thread - 0] INFO  bucket.OMBucketCreateRequest (OMBucketCreateRequest.java:validateAndUpdateCache(263)) - created bucket: bucket97956 of layout LEGACY in volume: volume39150
2023-02-16 22:43:14,911 [setup] INFO  contract.AbstractFSContractTestBase (AbstractFSContractTestBase.java:setup(194)) - Test filesystem = o3fs://bucket97956.volume39150 implemented by OzoneFileSystem{URI=o3fs://bucket97956.volume39150, workingDir=o3fs://bucket97956.volume39150/user/runner, userName=runner, statistics=0 bytes read, 0 bytes written, 44 read ops, 0 large read ops, 13 write ops}
22:43:14.918 [IPC Server handler 6 on default port 41759] ERROR OMAudit - user=runner | ip=127.0.0.1 | op=GET_FILE_STATUS {volume=volume39150, bucket=bucket97956, key=testmkdirdepth1, dataSize=0, replicationConfig=null} | ret=FAILURE
org.apache.hadoop.ozone.om.exceptions.OMException: Unable to get file status: volume: volume39150 bucket: bucket97956 key: testmkdirdepth1
	at org.apache.hadoop.ozone.om.KeyManagerImpl.getOzoneFileStatus(KeyManagerImpl.java:1162) ~[ozone-manager-1.4.0-SNAPSHOT.jar:?]
	at org.apache.hadoop.ozone.om.KeyManagerImpl.getFileStatus(KeyManagerImpl.java:1080) ~[ozone-manager-1.4.0-SNAPSHOT.jar:?]
	at org.apache.hadoop.ozone.om.OmMetadataReader.getFileStatus(OmMetadataReader.java:288) ~[ozone-manager-1.4.0-SNAPSHOT.jar:?]
	at org.apache.hadoop.ozone.om.OzoneManager.getFileStatus(OzoneManager.java:3450) ~[ozone-manager-1.4.0-SNAPSHOT.jar:?]
	at org.apache.hadoop.ozone.protocolPB.OzoneManagerRequestHandler.getOzoneFileStatus(OzoneManagerRequestHandler.java:933) ~[ozone-manager-1.4.0-SNAPSHOT.jar:?]
	at org.apache.hadoop.ozone.protocolPB.OzoneManagerRequestHandler.handleReadRequest(OzoneManagerRequestHandler.java:238) ~[ozone-manager-1.4.0-SNAPSHOT.jar:?]
	at org.apache.hadoop.ozone.protocolPB.OzoneManagerProtocolServerSideTranslatorPB.submitReadRequestToOM(OzoneManagerProtocolServerSideTranslatorPB.java:223) ~[ozone-manager-1.4.0-SNAPSHOT.jar:?]
	at org.apache.hadoop.ozone.protocolPB.OzoneManagerProtocolServerSideTranslatorPB.processRequest(OzoneManagerProtocolServerSideTranslatorPB.java:177) ~[ozone-manager-1.4.0-SNAPSHOT.jar:?]
	at org.apache.hadoop.hdds.server.OzoneProtocolMessageDispatcher.processRequest(OzoneProtocolMessageDispatcher.java:87) [hdds-server-framework-1.4.0-SNAPSHOT.jar:?]
	at org.apache.hadoop.ozone.protocolPB.OzoneManagerProtocolServerSideTranslatorPB.submitRequest(OzoneManagerProtocolServerSideTranslatorPB.java:147) [ozone-manager-1.4.0-SNAPSHOT.jar:?]
	at org.apache.hadoop.ozone.protocol.proto.OzoneManagerProtocolProtos$OzoneManagerService$2.callBlockingMethod(OzoneManagerProtocolProtos.java) [ozone-interface-client-1.4.0-SNAPSHOT.jar:?]
	at org.apache.hadoop.ipc.ProtobufRpcEngine$Server.processCall(ProtobufRpcEngine.java:465) [hadoop-common-3.3.4.jar:?]
	at org.apache.hadoop.ipc.ProtobufRpcEngine2$Server$ProtoBufRpcInvoker.call(ProtobufRpcEngine2.java:578) [hadoop-common-3.3.4.jar:?]
	at org.apache.hadoop.ipc.ProtobufRpcEngine2$Server$ProtoBufRpcInvoker.call(ProtobufRpcEngine2.java:556) [hadoop-common-3.3.4.jar:?]
	at org.apache.hadoop.ipc.RPC$Server.call(RPC.java:1093) [hadoop-common-3.3.4.jar:?]
	at org.apache.hadoop.ipc.Server$RpcCall.run(Server.java:1043) [hadoop-common-3.3.4.jar:?]
	at org.apache.hadoop.ipc.Server$RpcCall.run(Server.java:971) [hadoop-common-3.3.4.jar:?]
	at java.security.AccessController.doPrivileged(Native Method) ~[?:1.8.0_362]
	at javax.security.auth.Subject.doAs(Subject.java:422) [?:1.8.0_362]
	at org.apache.hadoop.security.UserGroupInformation.doAs(UserGroupInformation.java:1878) [hadoop-common-3.3.4.jar:?]
	at org.apache.hadoop.ipc.Server$Handler.run(Server.java:2976) [hadoop-common-3.3.4.jar:?]
22:43:14.950 [IPC Server handler 16 on default port 41759] ERROR OMAudit - user=runner | ip=127.0.0.1 | op=GET_FILE_STATUS {volume=volume39150, bucket=bucket97956, key=testmkdirdepth1, dataSize=0, replicationConfig=null} | ret=FAILURE
org.apache.hadoop.ozone.om.exceptions.OMException: Unable to get file status: volume: volume39150 bucket: bucket97956 key: testmkdirdepth1
	at org.apache.hadoop.ozone.om.KeyManagerImpl.getOzoneFileStatus(KeyManagerImpl.java:1162) ~[ozone-manager-1.4.0-SNAPSHOT.jar:?]
	at org.apache.hadoop.ozone.om.KeyManagerImpl.getFileStatus(KeyManagerImpl.java:1080) ~[ozone-manager-1.4.0-SNAPSHOT.jar:?]
	at org.apache.hadoop.ozone.om.OmMetadataReader.getFileStatus(OmMetadataReader.java:288) ~[ozone-manager-1.4.0-SNAPSHOT.jar:?]
	at org.apache.hadoop.ozone.om.OzoneManager.getFileStatus(OzoneManager.java:3450) ~[ozone-manager-1.4.0-SNAPSHOT.jar:?]
	at org.apache.hadoop.ozone.protocolPB.OzoneManagerRequestHandler.getOzoneFileStatus(OzoneManagerRequestHandler.java:933) ~[ozone-manager-1.4.0-SNAPSHOT.jar:?]
	at org.apache.hadoop.ozone.protocolPB.OzoneManagerRequestHandler.handleReadRequest(OzoneManagerRequestHandler.java:238) ~[ozone-manager-1.4.0-SNAPSHOT.jar:?]
	at org.apache.hadoop.ozone.protocolPB.OzoneManagerProtocolServerSideTranslatorPB.submitReadRequestToOM(OzoneManagerProtocolServerSideTranslatorPB.java:223) ~[ozone-manager-1.4.0-SNAPSHOT.jar:?]
	at org.apache.hadoop.ozone.protocolPB.OzoneManagerProtocolServerSideTranslatorPB.processRequest(OzoneManagerProtocolServerSideTranslatorPB.java:177) ~[ozone-manager-1.4.0-SNAPSHOT.jar:?]
	at org.apache.hadoop.hdds.server.OzoneProtocolMessageDispatcher.processRequest(OzoneProtocolMessageDispatcher.java:87) [hdds-server-framework-1.4.0-SNAPSHOT.jar:?]
	at org.apache.hadoop.ozone.protocolPB.OzoneManagerProtocolServerSideTranslatorPB.submitRequest(OzoneManagerProtocolServerSideTranslatorPB.java:147) [ozone-manager-1.4.0-SNAPSHOT.jar:?]
	at org.apache.hadoop.ozone.protocol.proto.OzoneManagerProtocolProtos$OzoneManagerService$2.callBlockingMethod(OzoneManagerProtocolProtos.java) [ozone-interface-client-1.4.0-SNAPSHOT.jar:?]
	at org.apache.hadoop.ipc.ProtobufRpcEngine$Server.processCall(ProtobufRpcEngine.java:465) [hadoop-common-3.3.4.jar:?]
	at org.apache.hadoop.ipc.ProtobufRpcEngine2$Server$ProtoBufRpcInvoker.call(ProtobufRpcEngine2.java:578) [hadoop-common-3.3.4.jar:?]
	at org.apache.hadoop.ipc.ProtobufRpcEngine2$Server$ProtoBufRpcInvoker.call(ProtobufRpcEngine2.java:556) [hadoop-common-3.3.4.jar:?]
	at org.apache.hadoop.ipc.RPC$Server.call(RPC.java:1093) [hadoop-common-3.3.4.jar:?]
	at org.apache.hadoop.ipc.Server$RpcCall.run(Server.java:1043) [hadoop-common-3.3.4.jar:?]
	at org.apache.hadoop.ipc.Server$RpcCall.run(Server.java:971) [hadoop-common-3.3.4.jar:?]
	at java.security.AccessController.doPrivileged(Native Method) ~[?:1.8.0_362]
	at javax.security.auth.Subject.doAs(Subject.java:422) [?:1.8.0_362]
	at org.apache.hadoop.security.UserGroupInformation.doAs(UserGroupInformation.java:1878) [hadoop-common-3.3.4.jar:?]
	at org.apache.hadoop.ipc.Server$Handler.run(Server.java:2976) [hadoop-common-3.3.4.jar:?]
]]></system-out>
  </testcase>
  <testcase name="testMkDirDepth1" classname="ITestOzoneContractRootDir" time="0.12">
    <failure type="java.lang.AssertionError"><![CDATA[java.lang.AssertionError: Deleted file: unexpectedly found /testmkdirdepth1 as  FileStatus{path=o3fs://bucket70806.volume70349/testmkdirdepth1; isDirectory=true; modification_time=1676587417378; access_time=1676587417378; owner=runner; group=runner; permission=rwxrwxrwx; isSymlink=false; hasAcl=false; isEncrypted=false; isErasureCoded=false}
	at org.junit.Assert.fail(Assert.java:89)
	at org.apache.hadoop.fs.contract.ContractTestUtils.assertPathDoesNotExist(ContractTestUtils.java:1004)
	at org.apache.hadoop.fs.contract.ContractTestUtils.assertDeleted(ContractTestUtils.java:733)
	at org.apache.hadoop.fs.contract.ContractTestUtils.assertDeleted(ContractTestUtils.java:706)
	at org.apache.hadoop.fs.contract.ContractTestUtils.assertDeleted(ContractTestUtils.java:688)
	at org.apache.hadoop.fs.contract.AbstractFSContractTestBase.assertDeleted(AbstractFSContractTestBase.java:372)
	at org.apache.hadoop.fs.contract.AbstractContractRootDirectoryTest.testMkDirDepth1(AbstractContractRootDirectoryTest.java:74)
	at sun.reflect.NativeMethodAccessorImpl.invoke0(Native Method)
	at sun.reflect.NativeMethodAccessorImpl.invoke(NativeMethodAccessorImpl.java:62)
	at sun.reflect.DelegatingMethodAccessorImpl.invoke(DelegatingMethodAccessorImpl.java:43)
	at java.lang.reflect.Method.invoke(Method.java:498)
	at org.junit.runners.model.FrameworkMethod$1.runReflectiveCall(FrameworkMethod.java:59)
	at org.junit.internal.runners.model.ReflectiveCallable.run(ReflectiveCallable.java:12)
	at org.junit.runners.model.FrameworkMethod.invokeExplosively(FrameworkMethod.java:56)
	at org.junit.internal.runners.statements.InvokeMethod.evaluate(InvokeMethod.java:17)
	at org.junit.internal.runners.statements.RunBefores.evaluate(RunBefores.java:26)
	at org.junit.internal.runners.statements.RunAfters.evaluate(RunAfters.java:27)
	at org.junit.rules.TestWatcher$1.evaluate(TestWatcher.java:61)
	at org.junit.internal.runners.statements.FailOnTimeout$CallableStatement.call(FailOnTimeout.java:288)
	at org.junit.internal.runners.statements.FailOnTimeout$CallableStatement.call(FailOnTimeout.java:282)
	at java.util.concurrent.FutureTask.run(FutureTask.java:266)
	at java.lang.Thread.run(Thread.java:750)
]]></failure>
    <system-out><![CDATA[2023-02-16 22:43:37,298 [setup] INFO  rpc.RpcClient (RpcClient.java:createVolume(476)) - Creating Volume: volume70349, with user32806 as owner and space quota set to -1 bytes, counts quota set to -1
2023-02-16 22:43:37,303 [OM StateMachine ApplyTransaction Thread - 0] INFO  volume.OMVolumeCreateRequest (OMVolumeCreateRequest.java:validateAndUpdateCache(195)) - created volume:volume70349 for user:user32806
2023-02-16 22:43:37,305 [setup] INFO  rpc.RpcClient (RpcClient.java:createBucket(698)) - Creating Bucket: volume70349/bucket70806, with bucket layout LEGACY, runner as owner, Versioning false, Storage Type set to DISK and Encryption set to false, Replication Type set to server-side default replication type, Namespace Quota set to -1, Space Quota set to -1 
2023-02-16 22:43:37,309 [OM StateMachine ApplyTransaction Thread - 0] INFO  bucket.OMBucketCreateRequest (OMBucketCreateRequest.java:validateAndUpdateCache(263)) - created bucket: bucket70806 of layout LEGACY in volume: volume70349
2023-02-16 22:43:37,352 [setup] INFO  contract.AbstractFSContractTestBase (AbstractFSContractTestBase.java:setup(194)) - Test filesystem = o3fs://bucket70806.volume70349 implemented by OzoneFileSystem{URI=o3fs://bucket70806.volume70349, workingDir=o3fs://bucket70806.volume70349/user/runner, userName=runner, statistics=0 bytes read, 0 bytes written, 113 read ops, 0 large read ops, 34 write ops}
22:43:37.359 [IPC Server handler 7 on default port 42185] ERROR OMAudit - user=runner | ip=127.0.0.1 | op=GET_FILE_STATUS {volume=volume70349, bucket=bucket70806, key=testmkdirdepth1, dataSize=0, replicationConfig=null} | ret=FAILURE
org.apache.hadoop.ozone.om.exceptions.OMException: Unable to get file status: volume: volume70349 bucket: bucket70806 key: testmkdirdepth1
	at org.apache.hadoop.ozone.om.KeyManagerImpl.getOzoneFileStatus(KeyManagerImpl.java:1162) ~[ozone-manager-1.4.0-SNAPSHOT.jar:?]
	at org.apache.hadoop.ozone.om.KeyManagerImpl.getFileStatus(KeyManagerImpl.java:1080) ~[ozone-manager-1.4.0-SNAPSHOT.jar:?]
	at org.apache.hadoop.ozone.om.OmMetadataReader.getFileStatus(OmMetadataReader.java:288) ~[ozone-manager-1.4.0-SNAPSHOT.jar:?]
	at org.apache.hadoop.ozone.om.OzoneManager.getFileStatus(OzoneManager.java:3450) ~[ozone-manager-1.4.0-SNAPSHOT.jar:?]
	at org.apache.hadoop.ozone.protocolPB.OzoneManagerRequestHandler.getOzoneFileStatus(OzoneManagerRequestHandler.java:933) ~[ozone-manager-1.4.0-SNAPSHOT.jar:?]
	at org.apache.hadoop.ozone.protocolPB.OzoneManagerRequestHandler.handleReadRequest(OzoneManagerRequestHandler.java:238) ~[ozone-manager-1.4.0-SNAPSHOT.jar:?]
	at org.apache.hadoop.ozone.protocolPB.OzoneManagerProtocolServerSideTranslatorPB.submitReadRequestToOM(OzoneManagerProtocolServerSideTranslatorPB.java:223) ~[ozone-manager-1.4.0-SNAPSHOT.jar:?]
	at org.apache.hadoop.ozone.protocolPB.OzoneManagerProtocolServerSideTranslatorPB.processRequest(OzoneManagerProtocolServerSideTranslatorPB.java:177) ~[ozone-manager-1.4.0-SNAPSHOT.jar:?]
	at org.apache.hadoop.hdds.server.OzoneProtocolMessageDispatcher.processRequest(OzoneProtocolMessageDispatcher.java:87) [hdds-server-framework-1.4.0-SNAPSHOT.jar:?]
	at org.apache.hadoop.ozone.protocolPB.OzoneManagerProtocolServerSideTranslatorPB.submitRequest(OzoneManagerProtocolServerSideTranslatorPB.java:147) [ozone-manager-1.4.0-SNAPSHOT.jar:?]
	at org.apache.hadoop.ozone.protocol.proto.OzoneManagerProtocolProtos$OzoneManagerService$2.callBlockingMethod(OzoneManagerProtocolProtos.java) [ozone-interface-client-1.4.0-SNAPSHOT.jar:?]
	at org.apache.hadoop.ipc.ProtobufRpcEngine$Server.processCall(ProtobufRpcEngine.java:465) [hadoop-common-3.3.4.jar:?]
	at org.apache.hadoop.ipc.ProtobufRpcEngine2$Server$ProtoBufRpcInvoker.call(ProtobufRpcEngine2.java:578) [hadoop-common-3.3.4.jar:?]
	at org.apache.hadoop.ipc.ProtobufRpcEngine2$Server$ProtoBufRpcInvoker.call(ProtobufRpcEngine2.java:556) [hadoop-common-3.3.4.jar:?]
	at org.apache.hadoop.ipc.RPC$Server.call(RPC.java:1093) [hadoop-common-3.3.4.jar:?]
	at org.apache.hadoop.ipc.Server$RpcCall.run(Server.java:1043) [hadoop-common-3.3.4.jar:?]
	at org.apache.hadoop.ipc.Server$RpcCall.run(Server.java:971) [hadoop-common-3.3.4.jar:?]
	at java.security.AccessController.doPrivileged(Native Method) ~[?:1.8.0_362]
	at javax.security.auth.Subject.doAs(Subject.java:422) [?:1.8.0_362]
	at org.apache.hadoop.security.UserGroupInformation.doAs(UserGroupInformation.java:1878) [hadoop-common-3.3.4.jar:?]
	at org.apache.hadoop.ipc.Server$Handler.run(Server.java:2976) [hadoop-common-3.3.4.jar:?]
]]></system-out>
  </testcase>
  <testcase name="testRmEmptyRootDirRecursive" classname="ITestOzoneContractRootDir" time="0.117">
    <system-out><![CDATA[2023-02-16 22:43:14,991 [setup] INFO  rpc.RpcClient (RpcClient.java:createVolume(476)) - Creating Volume: volume37244, with user94196 as owner and space quota set to -1 bytes, counts quota set to -1
2023-02-16 22:43:14,994 [OM StateMachine ApplyTransaction Thread - 0] INFO  volume.OMVolumeCreateRequest (OMVolumeCreateRequest.java:validateAndUpdateCache(195)) - created volume:volume37244 for user:user94196
2023-02-16 22:43:15,000 [setup] INFO  rpc.RpcClient (RpcClient.java:createBucket(698)) - Creating Bucket: volume37244/bucket11352, with bucket layout LEGACY, runner as owner, Versioning false, Storage Type set to DISK and Encryption set to false, Replication Type set to server-side default replication type, Namespace Quota set to -1, Space Quota set to -1 
2023-02-16 22:43:15,003 [OM StateMachine ApplyTransaction Thread - 0] INFO  bucket.OMBucketCreateRequest (OMBucketCreateRequest.java:validateAndUpdateCache(263)) - created bucket: bucket11352 of layout LEGACY in volume: volume37244
2023-02-16 22:43:15,050 [setup] INFO  contract.AbstractFSContractTestBase (AbstractFSContractTestBase.java:setup(194)) - Test filesystem = o3fs://bucket11352.volume37244 implemented by OzoneFileSystem{URI=o3fs://bucket11352.volume37244, workingDir=o3fs://bucket11352.volume37244/user/runner, userName=runner, statistics=0 bytes read, 0 bytes written, 53 read ops, 0 large read ops, 15 write ops}
2023-02-16 22:43:15,065 [JUnit-testRmEmptyRootDirRecursive[0]] WARN  ozone.BasicOzoneFileSystem (BasicOzoneFileSystem.java:innerDelete(523)) - Cannot delete root directory.
2023-02-16 22:43:15,067 [JUnit-testRmEmptyRootDirRecursive[0]] INFO  contract.AbstractContractRootDirectoryTest (AbstractContractRootDirectoryTest.java:testRmEmptyRootDirRecursive(84)) - rm -r / of empty dir result is false
]]></system-out>
  </testcase>
  <testcase name="testRmEmptyRootDirRecursive" classname="ITestOzoneContractRootDir" time="0.119">
    <system-out><![CDATA[2023-02-16 22:43:37,437 [setup] INFO  rpc.RpcClient (RpcClient.java:createVolume(476)) - Creating Volume: volume68357, with user73051 as owner and space quota set to -1 bytes, counts quota set to -1
2023-02-16 22:43:37,443 [OM StateMachine ApplyTransaction Thread - 0] INFO  volume.OMVolumeCreateRequest (OMVolumeCreateRequest.java:validateAndUpdateCache(195)) - created volume:volume68357 for user:user73051
2023-02-16 22:43:37,447 [setup] INFO  rpc.RpcClient (RpcClient.java:createBucket(698)) - Creating Bucket: volume68357/bucket58884, with bucket layout LEGACY, runner as owner, Versioning false, Storage Type set to DISK and Encryption set to false, Replication Type set to server-side default replication type, Namespace Quota set to -1, Space Quota set to -1 
2023-02-16 22:43:37,451 [OM StateMachine ApplyTransaction Thread - 0] INFO  bucket.OMBucketCreateRequest (OMBucketCreateRequest.java:validateAndUpdateCache(263)) - created bucket: bucket58884 of layout LEGACY in volume: volume68357
2023-02-16 22:43:37,495 [setup] INFO  contract.AbstractFSContractTestBase (AbstractFSContractTestBase.java:setup(194)) - Test filesystem = o3fs://bucket58884.volume68357 implemented by OzoneFileSystem{URI=o3fs://bucket58884.volume68357, workingDir=o3fs://bucket58884.volume68357/user/runner, userName=runner, statistics=0 bytes read, 0 bytes written, 122 read ops, 0 large read ops, 36 write ops}
2023-02-16 22:43:37,506 [JUnit-testRmEmptyRootDirRecursive[1]] WARN  ozone.BasicOzoneFileSystem (BasicOzoneFileSystem.java:innerDelete(523)) - Cannot delete root directory.
2023-02-16 22:43:37,506 [JUnit-testRmEmptyRootDirRecursive[1]] INFO  contract.AbstractContractRootDirectoryTest (AbstractContractRootDirectoryTest.java:testRmEmptyRootDirRecursive(84)) - rm -r / of empty dir result is false
]]></system-out>
  </testcase>
  <testcase name="testRmNonEmptyRootDirNonRecursive" classname="ITestOzoneContractRootDir" time="0.18">
    <system-out><![CDATA[2023-02-16 22:43:15,119 [setup] INFO  rpc.RpcClient (RpcClient.java:createVolume(476)) - Creating Volume: volume24112, with user21954 as owner and space quota set to -1 bytes, counts quota set to -1
2023-02-16 22:43:15,125 [OM StateMachine ApplyTransaction Thread - 0] INFO  volume.OMVolumeCreateRequest (OMVolumeCreateRequest.java:validateAndUpdateCache(195)) - created volume:volume24112 for user:user21954
2023-02-16 22:43:15,129 [setup] INFO  rpc.RpcClient (RpcClient.java:createBucket(698)) - Creating Bucket: volume24112/bucket22232, with bucket layout LEGACY, runner as owner, Versioning false, Storage Type set to DISK and Encryption set to false, Replication Type set to server-side default replication type, Namespace Quota set to -1, Space Quota set to -1 
2023-02-16 22:43:15,133 [OM StateMachine ApplyTransaction Thread - 0] INFO  bucket.OMBucketCreateRequest (OMBucketCreateRequest.java:validateAndUpdateCache(263)) - created bucket: bucket22232 of layout LEGACY in volume: volume24112
2023-02-16 22:43:15,190 [setup] INFO  contract.AbstractFSContractTestBase (AbstractFSContractTestBase.java:setup(194)) - Test filesystem = o3fs://bucket22232.volume24112 implemented by OzoneFileSystem{URI=o3fs://bucket22232.volume24112, workingDir=o3fs://bucket22232.volume24112/user/runner, userName=runner, statistics=0 bytes read, 0 bytes written, 59 read ops, 0 large read ops, 17 write ops}
2023-02-16 22:43:15,218 [OM StateMachine ApplyTransaction Thread - 0] INFO  key.OMKeyRequest (OMKeyRequest.java:wrapUncommittedBlocksAsPseudoKey(837)) - Detect allocated but uncommitted blocks [{blockID={containerID=2, localID=111677748019200002}, length=4194304, offset=0, token=null, pipeline=null, createVersion=0, partNumber=0}] in key testRmNonEmptyRootDirNonRecursive.
]]></system-out>
  </testcase>
  <testcase name="testRmNonEmptyRootDirNonRecursive" classname="ITestOzoneContractRootDir" time="0.128">
    <system-out><![CDATA[2023-02-16 22:43:37,542 [setup] INFO  rpc.RpcClient (RpcClient.java:createVolume(476)) - Creating Volume: volume26329, with user13264 as owner and space quota set to -1 bytes, counts quota set to -1
2023-02-16 22:43:37,546 [OM StateMachine ApplyTransaction Thread - 0] INFO  volume.OMVolumeCreateRequest (OMVolumeCreateRequest.java:validateAndUpdateCache(195)) - created volume:volume26329 for user:user13264
2023-02-16 22:43:37,550 [setup] INFO  rpc.RpcClient (RpcClient.java:createBucket(698)) - Creating Bucket: volume26329/bucket01157, with bucket layout LEGACY, runner as owner, Versioning false, Storage Type set to DISK and Encryption set to false, Replication Type set to server-side default replication type, Namespace Quota set to -1, Space Quota set to -1 
2023-02-16 22:43:37,552 [OM StateMachine ApplyTransaction Thread - 0] INFO  bucket.OMBucketCreateRequest (OMBucketCreateRequest.java:validateAndUpdateCache(263)) - created bucket: bucket01157 of layout LEGACY in volume: volume26329
2023-02-16 22:43:37,599 [setup] INFO  contract.AbstractFSContractTestBase (AbstractFSContractTestBase.java:setup(194)) - Test filesystem = o3fs://bucket01157.volume26329 implemented by OzoneFileSystem{URI=o3fs://bucket01157.volume26329, workingDir=o3fs://bucket01157.volume26329/user/runner, userName=runner, statistics=0 bytes read, 0 bytes written, 128 read ops, 0 large read ops, 38 write ops}
2023-02-16 22:43:37,616 [OM StateMachine ApplyTransaction Thread - 0] INFO  key.OMKeyRequest (OMKeyRequest.java:wrapUncommittedBlocksAsPseudoKey(837)) - Detect allocated but uncommitted blocks [{blockID={containerID=2, localID=111677748019200002}, length=4194304, offset=0, token=null, pipeline=null, createVersion=0, partNumber=0}] in key testRmNonEmptyRootDirNonRecursive.
]]></system-out>
  </testcase>
</testsuite>