<?xml version="1.0" encoding="UTF-8"?>
<testsuite xmlns:xsi="http://www.w3.org/2001/XMLSchema-instance" xsi:noNamespaceSchemaLocation="https://maven.apache.org/surefire/maven-surefire-plugin/xsd/surefire-test-report-3.0.xsd" version="3.0" name="org.apache.hadoop.ozone.om.TestSnapshotDeletingService" time="202.707" tests="2" errors="0" skipped="0" failures="1">
  <properties>
    <property name="awt.toolkit" value="sun.awt.X11.XToolkit"/>
    <property name="file.encoding.pkg" value="sun.io"/>
    <property name="java.specification.version" value="1.8"/>
    <property name="sun.cpu.isalist" value=""/>
    <property name="sun.jnu.encoding" value="UTF-8"/>
    <property name="java.class.path" value="/home/runner/work/ozone/ozone/hadoop-ozone/integration-test/target/test-classes:/home/runner/work/ozone/ozone/hadoop-ozone/integration-test/target/classes:/home/runner/.m2/repository/org/apache/ozone/ozone-common/1.4.0-SNAPSHOT/ozone-common-1.4.0-SNAPSHOT.jar:/home/runner/.m2/repository/io/grpc/grpc-netty/1.51.1/grpc-netty-1.51.1.jar:/home/runner/.m2/repository/io/grpc/grpc-core/1.51.1/grpc-core-1.51.1.jar:/home/runner/.m2/repository/com/google/android/annotations/4.1.1.4/annotations-4.1.1.4.jar:/home/runner/.m2/repository/org/codehaus/mojo/animal-sniffer-annotations/1.21/animal-sniffer-annotations-1.21.jar:/home/runner/.m2/repository/com/google/errorprone/error_prone_annotations/2.2.0/error_prone_annotations-2.2.0.jar:/home/runner/.m2/repository/io/perfmark/perfmark-api/0.25.0/perfmark-api-0.25.0.jar:/home/runner/.m2/repository/io/netty/netty-codec-http2/4.1.94.Final/netty-codec-http2-4.1.94.Final.jar:/home/runner/.m2/repository/io/netty/netty-common/4.1.94.Final/netty-common-4.1.94.Final.jar:/home/runner/.m2/repository/io/netty/netty-buffer/4.1.94.Final/netty-buffer-4.1.94.Final.jar:/home/runner/.m2/repository/io/netty/netty-codec-http/4.1.94.Final/netty-codec-http-4.1.94.Final.jar:/home/runner/.m2/repository/io/netty/netty-handler-proxy/4.1.94.Final/netty-handler-proxy-4.1.94.Final.jar:/home/runner/.m2/repository/io/netty/netty-codec-socks/4.1.94.Final/netty-codec-socks-4.1.94.Final.jar:/home/runner/.m2/repository/io/netty/netty-tcnative-boringssl-static/2.0.61.Final/netty-tcnative-boringssl-static-2.0.61.Final.jar:/home/runner/.m2/repository/io/netty/netty-tcnative-classes/2.0.61.Final/netty-tcnative-classes-2.0.61.Final.jar:/home/runner/.m2/repository/io/netty/netty-tcnative-boringssl-static/2.0.61.Final/netty-tcnative-boringssl-static-2.0.61.Final-linux-x86_64.jar:/home/runner/.m2/repository/io/netty/netty-tcnative-boringssl-static/2.0.61.Final/netty-tcnative-boringssl-static-2.0.61.Final-linux-aarch_64.jar:/home/runner/.m2/repository/io/netty/netty-tcnative-boringssl-static/2.0.61.Final/netty-tcnative-boringssl-static-2.0.61.Final-osx-x86_64.jar:/home/runner/.m2/repository/io/netty/netty-tcnative-boringssl-static/2.0.61.Final/netty-tcnative-boringssl-static-2.0.61.Final-osx-aarch_64.jar:/home/runner/.m2/repository/io/netty/netty-tcnative-boringssl-static/2.0.61.Final/netty-tcnative-boringssl-static-2.0.61.Final-windows-x86_64.jar:/home/runner/.m2/repository/org/apache/commons/commons-compress/1.21/commons-compress-1.21.jar:/home/runner/.m2/repository/org/apache/ozone/hdds-common/1.4.0-SNAPSHOT/hdds-common-1.4.0-SNAPSHOT.jar:/home/runner/.m2/repository/org/apache/ozone/hdds-client/1.4.0-SNAPSHOT/hdds-client-1.4.0-SNAPSHOT.jar:/home/runner/.m2/repository/org/apache/ozone/ozone-interface-client/1.4.0-SNAPSHOT/ozone-interface-client-1.4.0-SNAPSHOT.jar:/home/runner/.m2/repository/org/apache/hadoop/hadoop-hdfs-client/3.3.6/hadoop-hdfs-client-3.3.6.jar:/home/runner/.m2/repository/com/squareup/okhttp3/okhttp/4.9.3/okhttp-4.9.3.jar:/home/runner/.m2/repository/com/squareup/okio/okio/3.4.0/okio-3.4.0.jar:/home/runner/.m2/repository/com/squareup/okio/okio-jvm/3.4.0/okio-jvm-3.4.0.jar:/home/runner/.m2/repository/org/jetbrains/kotlin/kotlin-stdlib-jdk8/1.8.0/kotlin-stdlib-jdk8-1.8.0.jar:/home/runner/.m2/repository/org/jetbrains/kotlin/kotlin-stdlib-jdk7/1.8.0/kotlin-stdlib-jdk7-1.8.0.jar:/home/runner/.m2/repository/org/jetbrains/kotlin/kotlin-stdlib-common/1.6.21/kotlin-stdlib-common-1.6.21.jar:/home/runner/.m2/repository/org/apache/ozone/hdds-test-utils/1.4.0-SNAPSHOT/hdds-test-utils-1.4.0-SNAPSHOT.jar:/home/runner/.m2/repository/com/google/guava/guava/32.0.0-jre/guava-32.0.0-jre.jar:/home/runner/.m2/repository/com/google/guava/failureaccess/1.0.1/failureaccess-1.0.1.jar:/home/runner/.m2/repository/com/google/guava/listenablefuture/9999.0-empty-to-avoid-conflict-with-guava/listenablefuture-9999.0-empty-to-avoid-conflict-with-guava.jar:/home/runner/.m2/repository/com/google/code/findbugs/jsr305/3.0.0/jsr305-3.0.0.jar:/home/runner/.m2/repository/org/checkerframework/checker-qual/3.33.0/checker-qual-3.33.0.jar:/home/runner/.m2/repository/com/google/j2objc/j2objc-annotations/2.8/j2objc-annotations-2.8.jar:/home/runner/.m2/repository/commons-io/commons-io/2.11.0/commons-io-2.11.0.jar:/home/runner/.m2/repository/commons-logging/commons-logging/1.2/commons-logging-1.2.jar:/home/runner/.m2/repository/ch/qos/reload4j/reload4j/1.2.22/reload4j-1.2.22.jar:/home/runner/.m2/repository/org/slf4j/slf4j-api/1.7.36/slf4j-api-1.7.36.jar:/home/runner/.m2/repository/org/apache/logging/log4j/log4j-api/2.17.1/log4j-api-2.17.1.jar:/home/runner/.m2/repository/org/apache/ozone/hdds-server-scm/1.4.0-SNAPSHOT/hdds-server-scm-1.4.0-SNAPSHOT.jar:/home/runner/.m2/repository/org/apache/ozone/hdds-container-service/1.4.0-SNAPSHOT/hdds-container-service-1.4.0-SNAPSHOT.jar:/home/runner/.m2/repository/org/apache/ozone/hdds-hadoop-dependency-server/1.4.0-SNAPSHOT/hdds-hadoop-dependency-server-1.4.0-SNAPSHOT.jar:/home/runner/.m2/repository/org/apache/hadoop/hadoop-hdfs/3.3.6/hadoop-hdfs-3.3.6.jar:/home/runner/.m2/repository/commons-daemon/commons-daemon/1.0.13/commons-daemon-1.0.13.jar:/home/runner/.m2/repository/org/apache/ozone/hdds-server-framework/1.4.0-SNAPSHOT/hdds-server-framework-1.4.0-SNAPSHOT.jar:/home/runner/.m2/repository/io/dropwizard/metrics/metrics-core/3.2.4/metrics-core-3.2.4.jar:/home/runner/.m2/repository/org/apache/commons/commons-text/1.10.0/commons-text-1.10.0.jar:/home/runner/.m2/repository/org/bouncycastle/bcprov-jdk15on/1.67/bcprov-jdk15on-1.67.jar:/home/runner/.m2/repository/com/google/protobuf/protobuf-java/2.5.0/protobuf-java-2.5.0.jar:/home/runner/.m2/repository/org/apache/ozone/hdds-server-framework/1.4.0-SNAPSHOT/hdds-server-framework-1.4.0-SNAPSHOT-tests.jar:/home/runner/.m2/repository/org/apache/ozone/hdds-interface-server/1.4.0-SNAPSHOT/hdds-interface-server-1.4.0-SNAPSHOT.jar:/home/runner/.m2/repository/org/apache/ozone/hdds-interface-admin/1.4.0-SNAPSHOT/hdds-interface-admin-1.4.0-SNAPSHOT.jar:/home/runner/.m2/repository/org/apache/ozone/hdds-managed-rocksdb/1.4.0-SNAPSHOT/hdds-managed-rocksdb-1.4.0-SNAPSHOT.jar:/home/runner/.m2/repository/org/rocksdb/rocksdbjni/7.7.3/rocksdbjni-7.7.3.jar:/home/runner/.m2/repository/org/slf4j/slf4j-reload4j/1.7.36/slf4j-reload4j-1.7.36.jar:/home/runner/.m2/repository/org/apache/commons/commons-configuration2/2.1.1/commons-configuration2-2.1.1.jar:/home/runner/.m2/repository/commons-fileupload/commons-fileupload/1.5/commons-fileupload-1.5.jar:/home/runner/.m2/repository/org/apache/logging/log4j/log4j-core/2.17.1/log4j-core-2.17.1.jar:/home/runner/.m2/repository/com/lmax/disruptor/3.4.2/disruptor-3.4.2.jar:/home/runner/.m2/repository/org/eclipse/jetty/jetty-util/9.4.52.v20230823/jetty-util-9.4.52.v20230823.jar:/home/runner/.m2/repository/org/eclipse/jetty/jetty-server/9.4.52.v20230823/jetty-server-9.4.52.v20230823.jar:/home/runner/.m2/repository/org/eclipse/jetty/jetty-http/9.4.52.v20230823/jetty-http-9.4.52.v20230823.jar:/home/runner/.m2/repository/org/eclipse/jetty/jetty-io/9.4.52.v20230823/jetty-io-9.4.52.v20230823.jar:/home/runner/.m2/repository/org/eclipse/jetty/jetty-servlet/9.4.52.v20230823/jetty-servlet-9.4.52.v20230823.jar:/home/runner/.m2/repository/org/eclipse/jetty/jetty-security/9.4.52.v20230823/jetty-security-9.4.52.v20230823.jar:/home/runner/.m2/repository/org/eclipse/jetty/jetty-util-ajax/9.4.52.v20230823/jetty-util-ajax-9.4.52.v20230823.jar:/home/runner/.m2/repository/org/eclipse/jetty/jetty-webapp/9.4.52.v20230823/jetty-webapp-9.4.52.v20230823.jar:/home/runner/.m2/repository/org/eclipse/jetty/jetty-xml/9.4.52.v20230823/jetty-xml-9.4.52.v20230823.jar:/home/runner/.m2/repository/org/apache/ratis/ratis-server/2.5.1/ratis-server-2.5.1.jar:/home/runner/.m2/repository/org/apache/ratis/ratis-thirdparty-misc/1.0.4/ratis-thirdparty-misc-1.0.4.jar:/home/runner/.m2/repository/org/apache/ratis/ratis-proto/2.5.1/ratis-proto-2.5.1.jar:/home/runner/.m2/repository/org/apache/ratis/ratis-common/2.5.1/ratis-common-2.5.1.jar:/home/runner/.m2/repository/org/apache/ratis/ratis-client/2.5.1/ratis-client-2.5.1.jar:/home/runner/.m2/repository/org/apache/ratis/ratis-server-api/2.5.1/ratis-server-api-2.5.1.jar:/home/runner/.m2/repository/org/apache/ratis/ratis-metrics/2.5.1/ratis-metrics-2.5.1.jar:/home/runner/.m2/repository/io/prometheus/simpleclient_dropwizard/0.7.0/simpleclient_dropwizard-0.7.0.jar:/home/runner/.m2/repository/io/prometheus/simpleclient/0.7.0/simpleclient-0.7.0.jar:/home/runner/.m2/repository/io/prometheus/simpleclient_common/0.7.0/simpleclient_common-0.7.0.jar:/home/runner/.m2/repository/com/fasterxml/jackson/datatype/jackson-datatype-jsr310/2.13.4/jackson-datatype-jsr310-2.13.4.jar:/home/runner/.m2/repository/com/fasterxml/jackson/core/jackson-core/2.13.4/jackson-core-2.13.4.jar:/home/runner/.m2/repository/com/github/spotbugs/spotbugs-annotations/3.1.12/spotbugs-annotations-3.1.12.jar:/home/runner/.m2/repository/org/apache/ozone/rocksdb-checkpoint-differ/1.4.0-SNAPSHOT/rocksdb-checkpoint-differ-1.4.0-SNAPSHOT.jar:/home/runner/.m2/repository/org/jgrapht/jgrapht-core/1.0.1/jgrapht-core-1.0.1.jar:/home/runner/.m2/repository/org/jgrapht/jgrapht-ext/1.0.1/jgrapht-ext-1.0.1.jar:/home/runner/.m2/repository/org/tinyjee/jgraphx/jgraphx/2.0.0.1/jgraphx-2.0.0.1.jar:/home/runner/.m2/repository/jgraph/jgraph/5.13.0.0/jgraph-5.13.0.0.jar:/home/runner/.m2/repository/org/antlr/antlr4-runtime/4.5.3/antlr4-runtime-4.5.3.jar:/home/runner/.m2/repository/org/awaitility/awaitility/4.2.0/awaitility-4.2.0.jar:/home/runner/.m2/repository/org/hamcrest/hamcrest/2.1/hamcrest-2.1.jar:/home/runner/.m2/repository/org/apache/ozone/ozone-manager/1.4.0-SNAPSHOT/ozone-manager-1.4.0-SNAPSHOT.jar:/home/runner/.m2/repository/org/aspectj/aspectjrt/1.9.7/aspectjrt-1.9.7.jar:/home/runner/.m2/repository/org/aspectj/aspectjweaver/1.9.7/aspectjweaver-1.9.7.jar:/home/runner/.m2/repository/org/apache/ozone/hdds-interface-client/1.4.0-SNAPSHOT/hdds-interface-client-1.4.0-SNAPSHOT.jar:/home/runner/.m2/repository/org/apache/hadoop/thirdparty/hadoop-shaded-protobuf_3_7/1.1.1/hadoop-shaded-protobuf_3_7-1.1.1.jar:/home/runner/.m2/repository/org/apache/ozone/ozone-interface-storage/1.4.0-SNAPSHOT/ozone-interface-storage-1.4.0-SNAPSHOT.jar:/home/runner/.m2/repository/org/reflections/reflections/0.9.11/reflections-0.9.11.jar:/home/runner/.m2/repository/com/sun/jersey/jersey-client/1.19/jersey-client-1.19.jar:/home/runner/.m2/repository/org/codehaus/jackson/jackson-core-asl/1.9.13/jackson-core-asl-1.9.13.jar:/home/runner/.m2/repository/org/codehaus/jackson/jackson-mapper-asl/1.9.13/jackson-mapper-asl-1.9.13.jar:/home/runner/.m2/repository/org/codehaus/jackson/jackson-jaxrs/1.9.13/jackson-jaxrs-1.9.13.jar:/home/runner/.m2/repository/org/apache/ranger/ranger-intg/2.3.0/ranger-intg-2.3.0.jar:/home/runner/.m2/repository/org/apache/ranger/ranger-plugins-common/2.3.0/ranger-plugins-common-2.3.0.jar:/home/runner/.m2/repository/commons-lang/commons-lang/2.6/commons-lang-2.6.jar:/home/runner/.m2/repository/org/apache/ranger/ranger-plugins-cred/2.3.0/ranger-plugins-cred-2.3.0.jar:/home/runner/.m2/repository/org/apache/ranger/ranger-plugins-audit/2.3.0/ranger-plugins-audit-2.3.0.jar:/home/runner/.m2/repository/org/eclipse/jetty/jetty-client/9.4.52.v20230823/jetty-client-9.4.52.v20230823.jar:/home/runner/.m2/repository/org/apache/httpcomponents/httpmime/4.5.6/httpmime-4.5.6.jar:/home/runner/.m2/repository/org/apache/httpcomponents/httpcore-nio/4.4.13/httpcore-nio-4.4.13.jar:/home/runner/.m2/repository/org/apache/httpcomponents/httpasyncclient/4.1.3/httpasyncclient-4.1.3.jar:/home/runner/.m2/repository/com/carrotsearch/hppc/0.8.0/hppc-0.8.0.jar:/home/runner/.m2/repository/org/apache/orc/orc-core/1.5.8/orc-core-1.5.8.jar:/home/runner/.m2/repository/net/java/dev/jna/jna/5.2.0/jna-5.2.0.jar:/home/runner/.m2/repository/net/java/dev/jna/jna-platform/5.2.0/jna-platform-5.2.0.jar:/home/runner/.m2/repository/com/kstruct/gethostname4j/0.0.2/gethostname4j-0.0.2.jar:/home/runner/.m2/repository/org/apache/ranger/ranger-plugin-classloader/2.3.0/ranger-plugin-classloader-2.3.0.jar:/home/runner/.m2/repository/org/apache/ozone/hdds-rocks-native/1.4.0-SNAPSHOT/hdds-rocks-native-1.4.0-SNAPSHOT.jar:/home/runner/.m2/repository/org/apache/hadoop/hadoop-minikdc/3.3.6/hadoop-minikdc-3.3.6.jar:/home/runner/.m2/repository/org/apache/kerby/kerb-simplekdc/1.0.1/kerb-simplekdc-1.0.1.jar:/home/runner/.m2/repository/org/apache/kerby/kerb-client/1.0.1/kerb-client-1.0.1.jar:/home/runner/.m2/repository/org/apache/kerby/kerby-config/1.0.1/kerby-config-1.0.1.jar:/home/runner/.m2/repository/org/apache/kerby/kerb-common/1.0.1/kerb-common-1.0.1.jar:/home/runner/.m2/repository/org/apache/kerby/kerb-crypto/1.0.1/kerb-crypto-1.0.1.jar:/home/runner/.m2/repository/org/apache/kerby/kerb-util/1.0.1/kerb-util-1.0.1.jar:/home/runner/.m2/repository/org/apache/kerby/token-provider/1.0.1/token-provider-1.0.1.jar:/home/runner/.m2/repository/org/apache/kerby/kerb-admin/1.0.1/kerb-admin-1.0.1.jar:/home/runner/.m2/repository/org/apache/kerby/kerb-server/1.0.1/kerb-server-1.0.1.jar:/home/runner/.m2/repository/org/apache/kerby/kerb-identity/1.0.1/kerb-identity-1.0.1.jar:/home/runner/.m2/repository/org/apache/kerby/kerby-xdr/1.0.1/kerby-xdr-1.0.1.jar:/home/runner/.m2/repository/org/apache/ozone/ozone-s3gateway/1.4.0-SNAPSHOT/ozone-s3gateway-1.4.0-SNAPSHOT.jar:/home/runner/.m2/repository/org/javassist/javassist/3.21.0-GA/javassist-3.21.0-GA.jar:/home/runner/.m2/repository/org/jboss/weld/servlet/weld-servlet-shaded/3.1.9.Final/weld-servlet-shaded-3.1.9.Final.jar:/home/runner/.m2/repository/org/glassfish/jersey/containers/jersey-container-servlet-core/2.34/jersey-container-servlet-core-2.34.jar:/home/runner/.m2/repository/org/glassfish/hk2/external/jakarta.inject/2.6.1/jakarta.inject-2.6.1.jar:/home/runner/.m2/repository/org/glassfish/jersey/core/jersey-common/2.34/jersey-common-2.34.jar:/home/runner/.m2/repository/jakarta/ws/rs/jakarta.ws.rs-api/2.1.6/jakarta.ws.rs-api-2.1.6.jar:/home/runner/.m2/repository/org/glassfish/jersey/ext/cdi/jersey-cdi1x/2.34/jersey-cdi1x-2.34.jar:/home/runner/.m2/repository/org/glassfish/jersey/inject/jersey-hk2/2.34/jersey-hk2-2.34.jar:/home/runner/.m2/repository/org/glassfish/hk2/hk2-locator/2.6.1/hk2-locator-2.6.1.jar:/home/runner/.m2/repository/org/glassfish/jersey/media/jersey-media-jaxb/2.34/jersey-media-jaxb-2.34.jar:/home/runner/.m2/repository/org/glassfish/hk2/osgi-resource-locator/1.0.3/osgi-resource-locator-1.0.3.jar:/home/runner/.m2/repository/org/glassfish/hk2/hk2-api/2.5.0/hk2-api-2.5.0.jar:/home/runner/.m2/repository/org/glassfish/hk2/hk2-utils/2.5.0/hk2-utils-2.5.0.jar:/home/runner/.m2/repository/org/glassfish/hk2/external/aopalliance-repackaged/2.5.0/aopalliance-repackaged-2.5.0.jar:/home/runner/.m2/repository/com/fasterxml/jackson/dataformat/jackson-dataformat-xml/2.13.4/jackson-dataformat-xml-2.13.4.jar:/home/runner/.m2/repository/org/codehaus/woodstox/stax2-api/4.2.1/stax2-api-4.2.1.jar:/home/runner/.m2/repository/com/fasterxml/woodstox/woodstox-core/5.4.0/woodstox-core-5.4.0.jar:/home/runner/.m2/repository/com/fasterxml/jackson/module/jackson-module-jaxb-annotations/2.13.4/jackson-module-jaxb-annotations-2.13.4.jar:/home/runner/.m2/repository/jakarta/xml/bind/jakarta.xml.bind-api/2.3.3/jakarta.xml.bind-api-2.3.3.jar:/home/runner/.m2/repository/jakarta/activation/jakarta.activation-api/1.2.2/jakarta.activation-api-1.2.2.jar:/home/runner/.m2/repository/javax/enterprise/cdi-api/2.0/cdi-api-2.0.jar:/home/runner/.m2/repository/javax/el/javax.el-api/3.0.0/javax.el-api-3.0.0.jar:/home/runner/.m2/repository/javax/interceptor/javax.interceptor-api/1.2/javax.interceptor-api-1.2.jar:/home/runner/.m2/repository/javax/inject/javax.inject/1/javax.inject-1.jar:/home/runner/.m2/repository/javax/xml/bind/jaxb-api/2.3.0/jaxb-api-2.3.0.jar:/home/runner/.m2/repository/org/glassfish/jaxb/jaxb-runtime/2.3.0.1/jaxb-runtime-2.3.0.1.jar:/home/runner/.m2/repository/org/glassfish/jaxb/jaxb-core/2.3.0.1/jaxb-core-2.3.0.1.jar:/home/runner/.m2/repository/org/glassfish/jaxb/txw2/2.3.0.1/txw2-2.3.0.1.jar:/home/runner/.m2/repository/com/sun/istack/istack-commons-runtime/3.0.5/istack-commons-runtime-3.0.5.jar:/home/runner/.m2/repository/org/jvnet/staxex/stax-ex/1.7.8/stax-ex-1.7.8.jar:/home/runner/.m2/repository/com/sun/xml/fastinfoset/FastInfoset/1.2.13/FastInfoset-1.2.13.jar:/home/runner/.m2/repository/javax/activation/activation/1.1.1/activation-1.1.1.jar:/home/runner/.m2/repository/io/grpc/grpc-protobuf/1.51.1/grpc-protobuf-1.51.1.jar:/home/runner/.m2/repository/com/google/api/grpc/proto-google-common-protos/2.9.0/proto-google-common-protos-2.9.0.jar:/home/runner/.m2/repository/io/grpc/grpc-protobuf-lite/1.51.1/grpc-protobuf-lite-1.51.1.jar:/home/runner/.m2/repository/io/grpc/grpc-stub/1.51.1/grpc-stub-1.51.1.jar:/home/runner/.m2/repository/io/netty/netty-transport/4.1.94.Final/netty-transport-4.1.94.Final.jar:/home/runner/.m2/repository/io/netty/netty-resolver/4.1.94.Final/netty-resolver-4.1.94.Final.jar:/home/runner/.m2/repository/org/apache/ozone/ozone-csi/1.4.0-SNAPSHOT/ozone-csi-1.4.0-SNAPSHOT.jar:/home/runner/.m2/repository/com/google/protobuf/protobuf-java-util/3.19.6/protobuf-java-util-3.19.6.jar:/home/runner/.m2/repository/com/google/code/gson/gson/2.9.0/gson-2.9.0.jar:/home/runner/.m2/repository/org/apache/ozone/hdds-config/1.4.0-SNAPSHOT/hdds-config-1.4.0-SNAPSHOT.jar:/home/runner/.m2/repository/io/netty/netty-transport-native-epoll/4.1.94.Final/netty-transport-native-epoll-4.1.94.Final-linux-x86_64.jar:/home/runner/.m2/repository/io/netty/netty-transport-classes-epoll/4.1.94.Final/netty-transport-classes-epoll-4.1.94.Final.jar:/home/runner/.m2/repository/io/netty/netty-transport-native-unix-common/4.1.94.Final/netty-transport-native-unix-common-4.1.94.Final.jar:/home/runner/.m2/repository/org/apache/ozone/ozone-recon/1.4.0-SNAPSHOT/ozone-recon-1.4.0-SNAPSHOT.jar:/home/runner/.m2/repository/org/apache/ozone/ozone-reconcodegen/1.4.0-SNAPSHOT/ozone-reconcodegen-1.4.0-SNAPSHOT.jar:/home/runner/.m2/repository/com/google/inject/guice/5.1.0/guice-5.1.0.jar:/home/runner/.m2/repository/aopalliance/aopalliance/1.0/aopalliance-1.0.jar:/home/runner/.m2/repository/com/google/inject/extensions/guice-assistedinject/5.1.0/guice-assistedinject-5.1.0.jar:/home/runner/.m2/repository/com/google/inject/extensions/guice-servlet/5.1.0/guice-servlet-5.1.0.jar:/home/runner/.m2/repository/org/glassfish/jersey/containers/jersey-container-servlet/2.34/jersey-container-servlet-2.34.jar:/home/runner/.m2/repository/org/glassfish/hk2/guice-bridge/2.5.0/guice-bridge-2.5.0.jar:/home/runner/.m2/repository/org/glassfish/jersey/core/jersey-server/2.34/jersey-server-2.34.jar:/home/runner/.m2/repository/org/glassfish/jersey/core/jersey-client/2.34/jersey-client-2.34.jar:/home/runner/.m2/repository/jakarta/annotation/jakarta.annotation-api/1.3.5/jakarta.annotation-api-1.3.5.jar:/home/runner/.m2/repository/jakarta/validation/jakarta.validation-api/2.0.2/jakarta.validation-api-2.0.2.jar:/home/runner/.m2/repository/org/glassfish/jersey/media/jersey-media-json-jackson/2.34/jersey-media-json-jackson-2.34.jar:/home/runner/.m2/repository/org/glassfish/jersey/ext/jersey-entity-filtering/2.34/jersey-entity-filtering-2.34.jar:/home/runner/.m2/repository/org/jooq/jooq/3.11.10/jooq-3.11.10.jar:/home/runner/.m2/repository/org/jooq/jooq-meta/3.11.10/jooq-meta-3.11.10.jar:/home/runner/.m2/repository/org/jooq/jooq-codegen/3.11.10/jooq-codegen-3.11.10.jar:/home/runner/.m2/repository/com/jolbox/bonecp/0.8.0.RELEASE/bonecp-0.8.0.RELEASE.jar:/home/runner/.m2/repository/org/apache/derby/derby/10.14.2.0/derby-10.14.2.0.jar:/home/runner/.m2/repository/org/xerial/sqlite-jdbc/3.41.2.2/sqlite-jdbc-3.41.2.2.jar:/home/runner/.m2/repository/org/springframework/spring-jdbc/5.3.27/spring-jdbc-5.3.27.jar:/home/runner/.m2/repository/org/springframework/spring-beans/5.3.27/spring-beans-5.3.27.jar:/home/runner/.m2/repository/org/springframework/spring-core/5.3.27/spring-core-5.3.27.jar:/home/runner/.m2/repository/org/springframework/spring-tx/5.3.27/spring-tx-5.3.27.jar:/home/runner/.m2/repository/org/apache/ozone/ozone-client/1.4.0-SNAPSHOT/ozone-client-1.4.0-SNAPSHOT.jar:/home/runner/.m2/repository/org/apache/ozone/hdds-erasurecode/1.4.0-SNAPSHOT/hdds-erasurecode-1.4.0-SNAPSHOT.jar:/home/runner/.m2/repository/org/apache/ozone/ozone-filesystem/1.4.0-SNAPSHOT/ozone-filesystem-1.4.0-SNAPSHOT.jar:/home/runner/.m2/repository/org/apache/ozone/ozone-filesystem-common/1.4.0-SNAPSHOT/ozone-filesystem-common-1.4.0-SNAPSHOT.jar:/home/runner/.m2/repository/org/apache/ozone/ozone-tools/1.4.0-SNAPSHOT/ozone-tools-1.4.0-SNAPSHOT.jar:/home/runner/.m2/repository/com/amazonaws/aws-java-sdk-core/1.12.261/aws-java-sdk-core-1.12.261.jar:/home/runner/.m2/repository/org/apache/httpcomponents/httpclient/4.5.13/httpclient-4.5.13.jar:/home/runner/.m2/repository/org/apache/httpcomponents/httpcore/4.4.13/httpcore-4.4.13.jar:/home/runner/.m2/repository/software/amazon/ion/ion-java/1.0.2/ion-java-1.0.2.jar:/home/runner/.m2/repository/com/fasterxml/jackson/dataformat/jackson-dataformat-cbor/2.13.4/jackson-dataformat-cbor-2.13.4.jar:/home/runner/.m2/repository/joda-time/joda-time/2.10.6/joda-time-2.10.6.jar:/home/runner/.m2/repository/com/amazonaws/aws-java-sdk-s3/1.12.261/aws-java-sdk-s3-1.12.261.jar:/home/runner/.m2/repository/com/amazonaws/aws-java-sdk-kms/1.12.261/aws-java-sdk-kms-1.12.261.jar:/home/runner/.m2/repository/com/amazonaws/jmespath-java/1.12.261/jmespath-java-1.12.261.jar:/home/runner/.m2/repository/org/kohsuke/metainf-services/metainf-services/1.8/metainf-services-1.8.jar:/home/runner/.m2/repository/org/apache/ozone/hdds-tools/1.4.0-SNAPSHOT/hdds-tools-1.4.0-SNAPSHOT.jar:/home/runner/.m2/repository/org/apache/ratis/ratis-tools/2.5.1/ratis-tools-2.5.1.jar:/home/runner/.m2/repository/commons-cli/commons-cli/1.2/commons-cli-1.2.jar:/home/runner/.m2/repository/org/apache/commons/commons-lang3/3.7/commons-lang3-3.7.jar:/home/runner/.m2/repository/org/apache/ozone/ozone-manager/1.4.0-SNAPSHOT/ozone-manager-1.4.0-SNAPSHOT-tests.jar:/home/runner/.m2/repository/org/apache/ozone/hdds-common/1.4.0-SNAPSHOT/hdds-common-1.4.0-SNAPSHOT-tests.jar:/home/runner/.m2/repository/org/apache/ozone/hdds-hadoop-dependency-client/1.4.0-SNAPSHOT/hdds-hadoop-dependency-client-1.4.0-SNAPSHOT.jar:/home/runner/.m2/repository/info/picocli/picocli/4.6.1/picocli-4.6.1.jar:/home/runner/.m2/repository/com/fasterxml/jackson/core/jackson-annotations/2.13.4/jackson-annotations-2.13.4.jar:/home/runner/.m2/repository/org/apache/ozone/hdds-annotation-processing/1.4.0-SNAPSHOT/hdds-annotation-processing-1.4.0-SNAPSHOT.jar:/home/runner/.m2/repository/javax/annotation/javax.annotation-api/1.2/javax.annotation-api-1.2.jar:/home/runner/.m2/repository/org/apache/ratis/ratis-netty/2.5.1/ratis-netty-2.5.1.jar:/home/runner/.m2/repository/org/apache/ratis/ratis-grpc/2.5.1/ratis-grpc-2.5.1.jar:/home/runner/.m2/repository/org/apache/commons/commons-pool2/2.6.0/commons-pool2-2.6.0.jar:/home/runner/.m2/repository/org/bouncycastle/bcpkix-jdk15on/1.67/bcpkix-jdk15on-1.67.jar:/home/runner/.m2/repository/commons-validator/commons-validator/1.6/commons-validator-1.6.jar:/home/runner/.m2/repository/commons-beanutils/commons-beanutils/1.9.4/commons-beanutils-1.9.4.jar:/home/runner/.m2/repository/commons-digester/commons-digester/1.8.1/commons-digester-1.8.1.jar:/home/runner/.m2/repository/commons-collections/commons-collections/3.2.2/commons-collections-3.2.2.jar:/home/runner/.m2/repository/io/jaegertracing/jaeger-client/1.6.0/jaeger-client-1.6.0.jar:/home/runner/.m2/repository/io/jaegertracing/jaeger-thrift/1.6.0/jaeger-thrift-1.6.0.jar:/home/runner/.m2/repository/org/apache/thrift/libthrift/0.14.1/libthrift-0.14.1.jar:/home/runner/.m2/repository/io/jaegertracing/jaeger-core/1.6.0/jaeger-core-1.6.0.jar:/home/runner/.m2/repository/io/jaegertracing/jaeger-tracerresolver/1.6.0/jaeger-tracerresolver-1.6.0.jar:/home/runner/.m2/repository/io/opentracing/contrib/opentracing-tracerresolver/0.1.8/opentracing-tracerresolver-0.1.8.jar:/home/runner/.m2/repository/org/jetbrains/kotlin/kotlin-stdlib/1.6.21/kotlin-stdlib-1.6.21.jar:/home/runner/.m2/repository/org/jetbrains/annotations/13.0/annotations-13.0.jar:/home/runner/.m2/repository/io/opentracing/opentracing-util/0.33.0/opentracing-util-0.33.0.jar:/home/runner/.m2/repository/io/opentracing/opentracing-api/0.33.0/opentracing-api-0.33.0.jar:/home/runner/.m2/repository/io/opentracing/opentracing-noop/0.33.0/opentracing-noop-0.33.0.jar:/home/runner/.m2/repository/org/yaml/snakeyaml/2.0/snakeyaml-2.0.jar:/home/runner/.m2/repository/io/grpc/grpc-api/1.51.1/grpc-api-1.51.1.jar:/home/runner/.m2/repository/io/grpc/grpc-context/1.51.1/grpc-context-1.51.1.jar:/home/runner/.m2/repository/junit/junit/4.13.1/junit-4.13.1.jar:/home/runner/.m2/repository/org/hamcrest/hamcrest-core/1.3/hamcrest-core-1.3.jar:/home/runner/.m2/repository/org/junit/jupiter/junit-jupiter-api/5.8.2/junit-jupiter-api-5.8.2.jar:/home/runner/.m2/repository/org/opentest4j/opentest4j/1.2.0/opentest4j-1.2.0.jar:/home/runner/.m2/repository/org/junit/platform/junit-platform-commons/1.8.2/junit-platform-commons-1.8.2.jar:/home/runner/.m2/repository/org/apiguardian/apiguardian-api/1.1.2/apiguardian-api-1.1.2.jar:/home/runner/.m2/repository/org/junit/jupiter/junit-jupiter-params/5.8.2/junit-jupiter-params-5.8.2.jar:/home/runner/.m2/repository/org/junit/jupiter/junit-jupiter-migrationsupport/5.8.2/junit-jupiter-migrationsupport-5.8.2.jar:/home/runner/.m2/repository/org/junit/jupiter/junit-jupiter-engine/5.8.2/junit-jupiter-engine-5.8.2.jar:/home/runner/.m2/repository/org/junit/platform/junit-platform-engine/1.8.2/junit-platform-engine-1.8.2.jar:/home/runner/.m2/repository/org/junit/vintage/junit-vintage-engine/5.8.2/junit-vintage-engine-5.8.2.jar:/home/runner/.m2/repository/org/junit/platform/junit-platform-launcher/1.8.2/junit-platform-launcher-1.8.2.jar:/home/runner/.m2/repository/org/mockito/mockito-core/3.5.9/mockito-core-3.5.9.jar:/home/runner/.m2/repository/net/bytebuddy/byte-buddy/1.10.13/byte-buddy-1.10.13.jar:/home/runner/.m2/repository/net/bytebuddy/byte-buddy-agent/1.10.13/byte-buddy-agent-1.10.13.jar:/home/runner/.m2/repository/org/objenesis/objenesis/1.0/objenesis-1.0.jar:/home/runner/.m2/repository/org/apache/hadoop/hadoop-kms/3.3.6/hadoop-kms-3.3.6.jar:/home/runner/.m2/repository/org/apache/hadoop/hadoop-auth/3.3.6/hadoop-auth-3.3.6.jar:/home/runner/.m2/repository/com/nimbusds/nimbus-jose-jwt/9.8.1/nimbus-jose-jwt-9.8.1.jar:/home/runner/.m2/repository/com/github/stephenc/jcip/jcip-annotations/1.0-1/jcip-annotations-1.0-1.jar:/home/runner/.m2/repository/org/apache/zookeeper/zookeeper/3.5.6/zookeeper-3.5.6.jar:/home/runner/.m2/repository/org/apache/zookeeper/zookeeper-jute/3.5.6/zookeeper-jute-3.5.6.jar:/home/runner/.m2/repository/org/apache/yetus/audience-annotations/0.5.0/audience-annotations-0.5.0.jar:/home/runner/.m2/repository/org/apache/curator/curator-framework/4.2.0/curator-framework-4.2.0.jar:/home/runner/.m2/repository/org/apache/hadoop/thirdparty/hadoop-shaded-guava/1.1.1/hadoop-shaded-guava-1.1.1.jar:/home/runner/.m2/repository/com/sun/jersey/jersey-core/1.19/jersey-core-1.19.jar:/home/runner/.m2/repository/javax/ws/rs/jsr311-api/1.1.1/jsr311-api-1.1.1.jar:/home/runner/.m2/repository/com/sun/jersey/jersey-server/1.19/jersey-server-1.19.jar:/home/runner/.m2/repository/javax/servlet/javax.servlet-api/3.1.0/javax.servlet-api-3.1.0.jar:/home/runner/.m2/repository/org/apache/hadoop/hadoop-common/3.3.6/hadoop-common-3.3.6.jar:/home/runner/.m2/repository/org/apache/commons/commons-math3/3.1.1/commons-math3-3.1.1.jar:/home/runner/.m2/repository/commons-net/commons-net/3.9.0/commons-net-3.9.0.jar:/home/runner/.m2/repository/com/sun/jersey/jersey-servlet/1.19/jersey-servlet-1.19.jar:/home/runner/.m2/repository/com/github/pjfanning/jersey-json/1.20/jersey-json-1.20.jar:/home/runner/.m2/repository/org/codehaus/jettison/jettison/1.1/jettison-1.1.jar:/home/runner/.m2/repository/com/sun/xml/bind/jaxb-impl/2.2.3-1/jaxb-impl-2.2.3-1.jar:/home/runner/.m2/repository/com/google/re2j/re2j/1.1/re2j-1.1.jar:/home/runner/.m2/repository/com/jcraft/jsch/0.1.54/jsch-0.1.54.jar:/home/runner/.m2/repository/org/apache/curator/curator-client/4.2.0/curator-client-4.2.0.jar:/home/runner/.m2/repository/org/apache/curator/curator-recipes/5.2.0/curator-recipes-5.2.0.jar:/home/runner/.m2/repository/org/apache/kerby/kerb-core/1.0.1/kerb-core-1.0.1.jar:/home/runner/.m2/repository/org/apache/kerby/kerby-pkix/1.0.1/kerby-pkix-1.0.1.jar:/home/runner/.m2/repository/org/apache/kerby/kerby-asn1/1.0.1/kerby-asn1-1.0.1.jar:/home/runner/.m2/repository/org/apache/kerby/kerby-util/1.0.1/kerby-util-1.0.1.jar:/home/runner/.m2/repository/dnsjava/dnsjava/2.1.7/dnsjava-2.1.7.jar:/home/runner/.m2/repository/org/xerial/snappy/snappy-java/1.1.8.2/snappy-java-1.1.8.2.jar:/home/runner/.m2/repository/com/fasterxml/jackson/core/jackson-databind/2.13.4.2/jackson-databind-2.13.4.2.jar:/home/runner/.m2/repository/org/apache/hadoop/hadoop-kms/3.3.6/hadoop-kms-3.3.6-tests.jar:/home/runner/.m2/repository/org/apache/ozone/hdds-server-scm/1.4.0-SNAPSHOT/hdds-server-scm-1.4.0-SNAPSHOT-tests.jar:/home/runner/.m2/repository/org/apache/ozone/hdds-container-service/1.4.0-SNAPSHOT/hdds-container-service-1.4.0-SNAPSHOT-tests.jar:/home/runner/.m2/repository/com/github/luben/zstd-jni/1.5.2-5/zstd-jni-1.5.2-5.jar:/home/runner/.m2/repository/commons-codec/commons-codec/1.15/commons-codec-1.15.jar:/home/runner/.m2/repository/io/netty/netty-codec/4.1.94.Final/netty-codec-4.1.94.Final.jar:/home/runner/.m2/repository/io/netty/netty-handler/4.1.94.Final/netty-handler-4.1.94.Final.jar:/home/runner/.m2/repository/org/apache/ozone/hdds-hadoop-dependency-test/1.4.0-SNAPSHOT/hdds-hadoop-dependency-test-1.4.0-SNAPSHOT.jar:/home/runner/.m2/repository/org/apache/hadoop/hadoop-common/3.3.6/hadoop-common-3.3.6-tests.jar:/home/runner/.m2/repository/org/apache/hadoop/hadoop-hdfs/3.3.6/hadoop-hdfs-3.3.6-tests.jar:/home/runner/.m2/repository/org/assertj/assertj-core/3.12.2/assertj-core-3.12.2.jar:/home/runner/.m2/repository/org/apache/hadoop/hadoop-distcp/3.3.6/hadoop-distcp-3.3.6.jar:/home/runner/.m2/repository/org/apache/hadoop/hadoop-mapreduce-client-jobclient/3.3.6/hadoop-mapreduce-client-jobclient-3.3.6.jar:/home/runner/.m2/repository/org/apache/hadoop/hadoop-mapreduce-client-common/3.3.6/hadoop-mapreduce-client-common-3.3.6.jar:/home/runner/.m2/repository/org/apache/hadoop/hadoop-yarn-common/3.3.6/hadoop-yarn-common-3.3.6.jar:/home/runner/.m2/repository/org/apache/hadoop/hadoop-yarn-api/3.3.6/hadoop-yarn-api-3.3.6.jar:/home/runner/.m2/repository/com/sun/jersey/contribs/jersey-guice/1.19/jersey-guice-1.19.jar:/home/runner/.m2/repository/com/fasterxml/jackson/jaxrs/jackson-jaxrs-json-provider/2.13.4/jackson-jaxrs-json-provider-2.13.4.jar:/home/runner/.m2/repository/com/fasterxml/jackson/jaxrs/jackson-jaxrs-base/2.13.4/jackson-jaxrs-base-2.13.4.jar:/home/runner/.m2/repository/org/apache/hadoop/hadoop-yarn-client/3.3.6/hadoop-yarn-client-3.3.6.jar:/home/runner/.m2/repository/org/eclipse/jetty/websocket/websocket-client/9.4.51.v20230217/websocket-client-9.4.51.v20230217.jar:/home/runner/.m2/repository/org/eclipse/jetty/websocket/websocket-common/9.4.51.v20230217/websocket-common-9.4.51.v20230217.jar:/home/runner/.m2/repository/org/eclipse/jetty/websocket/websocket-api/9.4.51.v20230217/websocket-api-9.4.51.v20230217.jar:/home/runner/.m2/repository/org/jline/jline/3.9.0/jline-3.9.0.jar:/home/runner/.m2/repository/org/apache/hadoop/hadoop-mapreduce-client-core/3.3.6/hadoop-mapreduce-client-core-3.3.6.jar:/home/runner/.m2/repository/org/apache/avro/avro/1.7.7/avro-1.7.7.jar:/home/runner/.m2/repository/com/thoughtworks/paranamer/paranamer/2.3/paranamer-2.3.jar:/home/runner/.m2/repository/org/apache/hadoop/hadoop-annotations/3.3.6/hadoop-annotations-3.3.6.jar:/usr/lib/jvm/temurin-8-jdk-amd64/jre/../lib/tools.jar:/home/runner/.m2/repository/io/netty/netty/3.10.6.Final/netty-3.10.6.Final.jar:/home/runner/.m2/repository/org/apache/hadoop/hadoop-distcp/3.3.6/hadoop-distcp-3.3.6-tests.jar:/home/runner/.m2/repository/org/slf4j/jul-to-slf4j/1.7.36/jul-to-slf4j-1.7.36.jar:"/>
    <property name="java.vm.vendor" value="Temurin"/>
    <property name="sun.arch.data.model" value="64"/>
    <property name="test.build.dir" value="/home/runner/work/ozone/ozone/hadoop-ozone/integration-test/target/test-dir"/>
    <property name="test.cache.data" value=""/>
    <property name="java.vendor.url" value="https://adoptium.net/"/>
    <property name="user.timezone" value="Etc/UTC"/>
    <property name="java.vm.specification.version" value="1.8"/>
    <property name="os.name" value="Linux"/>
    <property name="test.build.data" value="/home/runner/work/ozone/ozone/hadoop-ozone/integration-test/target/test-dir"/>
    <property name="sun.java.launcher" value="SUN_STANDARD"/>
    <property name="sun.boot.library.path" value="/usr/lib/jvm/temurin-8-jdk-amd64/jre/lib/amd64"/>
    <property name="sun.java.command" value="/home/runner/work/ozone/ozone/hadoop-ozone/integration-test/target/surefire/surefirebooter5172636200434589498.jar /home/runner/work/ozone/ozone/hadoop-ozone/integration-test/target/surefire 2023-09-20T15-31-13_248-jvmRun1 surefire1769348963428263264tmp surefire_183625700406695403366tmp"/>
    <property name="native.lib.tmp.dir" value="/tmp"/>
    <property name="surefire.test.class.path" value="/home/runner/work/ozone/ozone/hadoop-ozone/integration-test/target/test-classes:/home/runner/work/ozone/ozone/hadoop-ozone/integration-test/target/classes:/home/runner/.m2/repository/org/apache/ozone/ozone-common/1.4.0-SNAPSHOT/ozone-common-1.4.0-SNAPSHOT.jar:/home/runner/.m2/repository/io/grpc/grpc-netty/1.51.1/grpc-netty-1.51.1.jar:/home/runner/.m2/repository/io/grpc/grpc-core/1.51.1/grpc-core-1.51.1.jar:/home/runner/.m2/repository/com/google/android/annotations/4.1.1.4/annotations-4.1.1.4.jar:/home/runner/.m2/repository/org/codehaus/mojo/animal-sniffer-annotations/1.21/animal-sniffer-annotations-1.21.jar:/home/runner/.m2/repository/com/google/errorprone/error_prone_annotations/2.2.0/error_prone_annotations-2.2.0.jar:/home/runner/.m2/repository/io/perfmark/perfmark-api/0.25.0/perfmark-api-0.25.0.jar:/home/runner/.m2/repository/io/netty/netty-codec-http2/4.1.94.Final/netty-codec-http2-4.1.94.Final.jar:/home/runner/.m2/repository/io/netty/netty-common/4.1.94.Final/netty-common-4.1.94.Final.jar:/home/runner/.m2/repository/io/netty/netty-buffer/4.1.94.Final/netty-buffer-4.1.94.Final.jar:/home/runner/.m2/repository/io/netty/netty-codec-http/4.1.94.Final/netty-codec-http-4.1.94.Final.jar:/home/runner/.m2/repository/io/netty/netty-handler-proxy/4.1.94.Final/netty-handler-proxy-4.1.94.Final.jar:/home/runner/.m2/repository/io/netty/netty-codec-socks/4.1.94.Final/netty-codec-socks-4.1.94.Final.jar:/home/runner/.m2/repository/io/netty/netty-tcnative-boringssl-static/2.0.61.Final/netty-tcnative-boringssl-static-2.0.61.Final.jar:/home/runner/.m2/repository/io/netty/netty-tcnative-classes/2.0.61.Final/netty-tcnative-classes-2.0.61.Final.jar:/home/runner/.m2/repository/io/netty/netty-tcnative-boringssl-static/2.0.61.Final/netty-tcnative-boringssl-static-2.0.61.Final-linux-x86_64.jar:/home/runner/.m2/repository/io/netty/netty-tcnative-boringssl-static/2.0.61.Final/netty-tcnative-boringssl-static-2.0.61.Final-linux-aarch_64.jar:/home/runner/.m2/repository/io/netty/netty-tcnative-boringssl-static/2.0.61.Final/netty-tcnative-boringssl-static-2.0.61.Final-osx-x86_64.jar:/home/runner/.m2/repository/io/netty/netty-tcnative-boringssl-static/2.0.61.Final/netty-tcnative-boringssl-static-2.0.61.Final-osx-aarch_64.jar:/home/runner/.m2/repository/io/netty/netty-tcnative-boringssl-static/2.0.61.Final/netty-tcnative-boringssl-static-2.0.61.Final-windows-x86_64.jar:/home/runner/.m2/repository/org/apache/commons/commons-compress/1.21/commons-compress-1.21.jar:/home/runner/.m2/repository/org/apache/ozone/hdds-common/1.4.0-SNAPSHOT/hdds-common-1.4.0-SNAPSHOT.jar:/home/runner/.m2/repository/org/apache/ozone/hdds-client/1.4.0-SNAPSHOT/hdds-client-1.4.0-SNAPSHOT.jar:/home/runner/.m2/repository/org/apache/ozone/ozone-interface-client/1.4.0-SNAPSHOT/ozone-interface-client-1.4.0-SNAPSHOT.jar:/home/runner/.m2/repository/org/apache/hadoop/hadoop-hdfs-client/3.3.6/hadoop-hdfs-client-3.3.6.jar:/home/runner/.m2/repository/com/squareup/okhttp3/okhttp/4.9.3/okhttp-4.9.3.jar:/home/runner/.m2/repository/com/squareup/okio/okio/3.4.0/okio-3.4.0.jar:/home/runner/.m2/repository/com/squareup/okio/okio-jvm/3.4.0/okio-jvm-3.4.0.jar:/home/runner/.m2/repository/org/jetbrains/kotlin/kotlin-stdlib-jdk8/1.8.0/kotlin-stdlib-jdk8-1.8.0.jar:/home/runner/.m2/repository/org/jetbrains/kotlin/kotlin-stdlib-jdk7/1.8.0/kotlin-stdlib-jdk7-1.8.0.jar:/home/runner/.m2/repository/org/jetbrains/kotlin/kotlin-stdlib-common/1.6.21/kotlin-stdlib-common-1.6.21.jar:/home/runner/.m2/repository/org/apache/ozone/hdds-test-utils/1.4.0-SNAPSHOT/hdds-test-utils-1.4.0-SNAPSHOT.jar:/home/runner/.m2/repository/com/google/guava/guava/32.0.0-jre/guava-32.0.0-jre.jar:/home/runner/.m2/repository/com/google/guava/failureaccess/1.0.1/failureaccess-1.0.1.jar:/home/runner/.m2/repository/com/google/guava/listenablefuture/9999.0-empty-to-avoid-conflict-with-guava/listenablefuture-9999.0-empty-to-avoid-conflict-with-guava.jar:/home/runner/.m2/repository/com/google/code/findbugs/jsr305/3.0.0/jsr305-3.0.0.jar:/home/runner/.m2/repository/org/checkerframework/checker-qual/3.33.0/checker-qual-3.33.0.jar:/home/runner/.m2/repository/com/google/j2objc/j2objc-annotations/2.8/j2objc-annotations-2.8.jar:/home/runner/.m2/repository/commons-io/commons-io/2.11.0/commons-io-2.11.0.jar:/home/runner/.m2/repository/commons-logging/commons-logging/1.2/commons-logging-1.2.jar:/home/runner/.m2/repository/ch/qos/reload4j/reload4j/1.2.22/reload4j-1.2.22.jar:/home/runner/.m2/repository/org/slf4j/slf4j-api/1.7.36/slf4j-api-1.7.36.jar:/home/runner/.m2/repository/org/apache/logging/log4j/log4j-api/2.17.1/log4j-api-2.17.1.jar:/home/runner/.m2/repository/org/apache/ozone/hdds-server-scm/1.4.0-SNAPSHOT/hdds-server-scm-1.4.0-SNAPSHOT.jar:/home/runner/.m2/repository/org/apache/ozone/hdds-container-service/1.4.0-SNAPSHOT/hdds-container-service-1.4.0-SNAPSHOT.jar:/home/runner/.m2/repository/org/apache/ozone/hdds-hadoop-dependency-server/1.4.0-SNAPSHOT/hdds-hadoop-dependency-server-1.4.0-SNAPSHOT.jar:/home/runner/.m2/repository/org/apache/hadoop/hadoop-hdfs/3.3.6/hadoop-hdfs-3.3.6.jar:/home/runner/.m2/repository/commons-daemon/commons-daemon/1.0.13/commons-daemon-1.0.13.jar:/home/runner/.m2/repository/org/apache/ozone/hdds-server-framework/1.4.0-SNAPSHOT/hdds-server-framework-1.4.0-SNAPSHOT.jar:/home/runner/.m2/repository/io/dropwizard/metrics/metrics-core/3.2.4/metrics-core-3.2.4.jar:/home/runner/.m2/repository/org/apache/commons/commons-text/1.10.0/commons-text-1.10.0.jar:/home/runner/.m2/repository/org/bouncycastle/bcprov-jdk15on/1.67/bcprov-jdk15on-1.67.jar:/home/runner/.m2/repository/com/google/protobuf/protobuf-java/2.5.0/protobuf-java-2.5.0.jar:/home/runner/.m2/repository/org/apache/ozone/hdds-server-framework/1.4.0-SNAPSHOT/hdds-server-framework-1.4.0-SNAPSHOT-tests.jar:/home/runner/.m2/repository/org/apache/ozone/hdds-interface-server/1.4.0-SNAPSHOT/hdds-interface-server-1.4.0-SNAPSHOT.jar:/home/runner/.m2/repository/org/apache/ozone/hdds-interface-admin/1.4.0-SNAPSHOT/hdds-interface-admin-1.4.0-SNAPSHOT.jar:/home/runner/.m2/repository/org/apache/ozone/hdds-managed-rocksdb/1.4.0-SNAPSHOT/hdds-managed-rocksdb-1.4.0-SNAPSHOT.jar:/home/runner/.m2/repository/org/rocksdb/rocksdbjni/7.7.3/rocksdbjni-7.7.3.jar:/home/runner/.m2/repository/org/slf4j/slf4j-reload4j/1.7.36/slf4j-reload4j-1.7.36.jar:/home/runner/.m2/repository/org/apache/commons/commons-configuration2/2.1.1/commons-configuration2-2.1.1.jar:/home/runner/.m2/repository/commons-fileupload/commons-fileupload/1.5/commons-fileupload-1.5.jar:/home/runner/.m2/repository/org/apache/logging/log4j/log4j-core/2.17.1/log4j-core-2.17.1.jar:/home/runner/.m2/repository/com/lmax/disruptor/3.4.2/disruptor-3.4.2.jar:/home/runner/.m2/repository/org/eclipse/jetty/jetty-util/9.4.52.v20230823/jetty-util-9.4.52.v20230823.jar:/home/runner/.m2/repository/org/eclipse/jetty/jetty-server/9.4.52.v20230823/jetty-server-9.4.52.v20230823.jar:/home/runner/.m2/repository/org/eclipse/jetty/jetty-http/9.4.52.v20230823/jetty-http-9.4.52.v20230823.jar:/home/runner/.m2/repository/org/eclipse/jetty/jetty-io/9.4.52.v20230823/jetty-io-9.4.52.v20230823.jar:/home/runner/.m2/repository/org/eclipse/jetty/jetty-servlet/9.4.52.v20230823/jetty-servlet-9.4.52.v20230823.jar:/home/runner/.m2/repository/org/eclipse/jetty/jetty-security/9.4.52.v20230823/jetty-security-9.4.52.v20230823.jar:/home/runner/.m2/repository/org/eclipse/jetty/jetty-util-ajax/9.4.52.v20230823/jetty-util-ajax-9.4.52.v20230823.jar:/home/runner/.m2/repository/org/eclipse/jetty/jetty-webapp/9.4.52.v20230823/jetty-webapp-9.4.52.v20230823.jar:/home/runner/.m2/repository/org/eclipse/jetty/jetty-xml/9.4.52.v20230823/jetty-xml-9.4.52.v20230823.jar:/home/runner/.m2/repository/org/apache/ratis/ratis-server/2.5.1/ratis-server-2.5.1.jar:/home/runner/.m2/repository/org/apache/ratis/ratis-thirdparty-misc/1.0.4/ratis-thirdparty-misc-1.0.4.jar:/home/runner/.m2/repository/org/apache/ratis/ratis-proto/2.5.1/ratis-proto-2.5.1.jar:/home/runner/.m2/repository/org/apache/ratis/ratis-common/2.5.1/ratis-common-2.5.1.jar:/home/runner/.m2/repository/org/apache/ratis/ratis-client/2.5.1/ratis-client-2.5.1.jar:/home/runner/.m2/repository/org/apache/ratis/ratis-server-api/2.5.1/ratis-server-api-2.5.1.jar:/home/runner/.m2/repository/org/apache/ratis/ratis-metrics/2.5.1/ratis-metrics-2.5.1.jar:/home/runner/.m2/repository/io/prometheus/simpleclient_dropwizard/0.7.0/simpleclient_dropwizard-0.7.0.jar:/home/runner/.m2/repository/io/prometheus/simpleclient/0.7.0/simpleclient-0.7.0.jar:/home/runner/.m2/repository/io/prometheus/simpleclient_common/0.7.0/simpleclient_common-0.7.0.jar:/home/runner/.m2/repository/com/fasterxml/jackson/datatype/jackson-datatype-jsr310/2.13.4/jackson-datatype-jsr310-2.13.4.jar:/home/runner/.m2/repository/com/fasterxml/jackson/core/jackson-core/2.13.4/jackson-core-2.13.4.jar:/home/runner/.m2/repository/com/github/spotbugs/spotbugs-annotations/3.1.12/spotbugs-annotations-3.1.12.jar:/home/runner/.m2/repository/org/apache/ozone/rocksdb-checkpoint-differ/1.4.0-SNAPSHOT/rocksdb-checkpoint-differ-1.4.0-SNAPSHOT.jar:/home/runner/.m2/repository/org/jgrapht/jgrapht-core/1.0.1/jgrapht-core-1.0.1.jar:/home/runner/.m2/repository/org/jgrapht/jgrapht-ext/1.0.1/jgrapht-ext-1.0.1.jar:/home/runner/.m2/repository/org/tinyjee/jgraphx/jgraphx/2.0.0.1/jgraphx-2.0.0.1.jar:/home/runner/.m2/repository/jgraph/jgraph/5.13.0.0/jgraph-5.13.0.0.jar:/home/runner/.m2/repository/org/antlr/antlr4-runtime/4.5.3/antlr4-runtime-4.5.3.jar:/home/runner/.m2/repository/org/awaitility/awaitility/4.2.0/awaitility-4.2.0.jar:/home/runner/.m2/repository/org/hamcrest/hamcrest/2.1/hamcrest-2.1.jar:/home/runner/.m2/repository/org/apache/ozone/ozone-manager/1.4.0-SNAPSHOT/ozone-manager-1.4.0-SNAPSHOT.jar:/home/runner/.m2/repository/org/aspectj/aspectjrt/1.9.7/aspectjrt-1.9.7.jar:/home/runner/.m2/repository/org/aspectj/aspectjweaver/1.9.7/aspectjweaver-1.9.7.jar:/home/runner/.m2/repository/org/apache/ozone/hdds-interface-client/1.4.0-SNAPSHOT/hdds-interface-client-1.4.0-SNAPSHOT.jar:/home/runner/.m2/repository/org/apache/hadoop/thirdparty/hadoop-shaded-protobuf_3_7/1.1.1/hadoop-shaded-protobuf_3_7-1.1.1.jar:/home/runner/.m2/repository/org/apache/ozone/ozone-interface-storage/1.4.0-SNAPSHOT/ozone-interface-storage-1.4.0-SNAPSHOT.jar:/home/runner/.m2/repository/org/reflections/reflections/0.9.11/reflections-0.9.11.jar:/home/runner/.m2/repository/com/sun/jersey/jersey-client/1.19/jersey-client-1.19.jar:/home/runner/.m2/repository/org/codehaus/jackson/jackson-core-asl/1.9.13/jackson-core-asl-1.9.13.jar:/home/runner/.m2/repository/org/codehaus/jackson/jackson-mapper-asl/1.9.13/jackson-mapper-asl-1.9.13.jar:/home/runner/.m2/repository/org/codehaus/jackson/jackson-jaxrs/1.9.13/jackson-jaxrs-1.9.13.jar:/home/runner/.m2/repository/org/apache/ranger/ranger-intg/2.3.0/ranger-intg-2.3.0.jar:/home/runner/.m2/repository/org/apache/ranger/ranger-plugins-common/2.3.0/ranger-plugins-common-2.3.0.jar:/home/runner/.m2/repository/commons-lang/commons-lang/2.6/commons-lang-2.6.jar:/home/runner/.m2/repository/org/apache/ranger/ranger-plugins-cred/2.3.0/ranger-plugins-cred-2.3.0.jar:/home/runner/.m2/repository/org/apache/ranger/ranger-plugins-audit/2.3.0/ranger-plugins-audit-2.3.0.jar:/home/runner/.m2/repository/org/eclipse/jetty/jetty-client/9.4.52.v20230823/jetty-client-9.4.52.v20230823.jar:/home/runner/.m2/repository/org/apache/httpcomponents/httpmime/4.5.6/httpmime-4.5.6.jar:/home/runner/.m2/repository/org/apache/httpcomponents/httpcore-nio/4.4.13/httpcore-nio-4.4.13.jar:/home/runner/.m2/repository/org/apache/httpcomponents/httpasyncclient/4.1.3/httpasyncclient-4.1.3.jar:/home/runner/.m2/repository/com/carrotsearch/hppc/0.8.0/hppc-0.8.0.jar:/home/runner/.m2/repository/org/apache/orc/orc-core/1.5.8/orc-core-1.5.8.jar:/home/runner/.m2/repository/net/java/dev/jna/jna/5.2.0/jna-5.2.0.jar:/home/runner/.m2/repository/net/java/dev/jna/jna-platform/5.2.0/jna-platform-5.2.0.jar:/home/runner/.m2/repository/com/kstruct/gethostname4j/0.0.2/gethostname4j-0.0.2.jar:/home/runner/.m2/repository/org/apache/ranger/ranger-plugin-classloader/2.3.0/ranger-plugin-classloader-2.3.0.jar:/home/runner/.m2/repository/org/apache/ozone/hdds-rocks-native/1.4.0-SNAPSHOT/hdds-rocks-native-1.4.0-SNAPSHOT.jar:/home/runner/.m2/repository/org/apache/hadoop/hadoop-minikdc/3.3.6/hadoop-minikdc-3.3.6.jar:/home/runner/.m2/repository/org/apache/kerby/kerb-simplekdc/1.0.1/kerb-simplekdc-1.0.1.jar:/home/runner/.m2/repository/org/apache/kerby/kerb-client/1.0.1/kerb-client-1.0.1.jar:/home/runner/.m2/repository/org/apache/kerby/kerby-config/1.0.1/kerby-config-1.0.1.jar:/home/runner/.m2/repository/org/apache/kerby/kerb-common/1.0.1/kerb-common-1.0.1.jar:/home/runner/.m2/repository/org/apache/kerby/kerb-crypto/1.0.1/kerb-crypto-1.0.1.jar:/home/runner/.m2/repository/org/apache/kerby/kerb-util/1.0.1/kerb-util-1.0.1.jar:/home/runner/.m2/repository/org/apache/kerby/token-provider/1.0.1/token-provider-1.0.1.jar:/home/runner/.m2/repository/org/apache/kerby/kerb-admin/1.0.1/kerb-admin-1.0.1.jar:/home/runner/.m2/repository/org/apache/kerby/kerb-server/1.0.1/kerb-server-1.0.1.jar:/home/runner/.m2/repository/org/apache/kerby/kerb-identity/1.0.1/kerb-identity-1.0.1.jar:/home/runner/.m2/repository/org/apache/kerby/kerby-xdr/1.0.1/kerby-xdr-1.0.1.jar:/home/runner/.m2/repository/org/apache/ozone/ozone-s3gateway/1.4.0-SNAPSHOT/ozone-s3gateway-1.4.0-SNAPSHOT.jar:/home/runner/.m2/repository/org/javassist/javassist/3.21.0-GA/javassist-3.21.0-GA.jar:/home/runner/.m2/repository/org/jboss/weld/servlet/weld-servlet-shaded/3.1.9.Final/weld-servlet-shaded-3.1.9.Final.jar:/home/runner/.m2/repository/org/glassfish/jersey/containers/jersey-container-servlet-core/2.34/jersey-container-servlet-core-2.34.jar:/home/runner/.m2/repository/org/glassfish/hk2/external/jakarta.inject/2.6.1/jakarta.inject-2.6.1.jar:/home/runner/.m2/repository/org/glassfish/jersey/core/jersey-common/2.34/jersey-common-2.34.jar:/home/runner/.m2/repository/jakarta/ws/rs/jakarta.ws.rs-api/2.1.6/jakarta.ws.rs-api-2.1.6.jar:/home/runner/.m2/repository/org/glassfish/jersey/ext/cdi/jersey-cdi1x/2.34/jersey-cdi1x-2.34.jar:/home/runner/.m2/repository/org/glassfish/jersey/inject/jersey-hk2/2.34/jersey-hk2-2.34.jar:/home/runner/.m2/repository/org/glassfish/hk2/hk2-locator/2.6.1/hk2-locator-2.6.1.jar:/home/runner/.m2/repository/org/glassfish/jersey/media/jersey-media-jaxb/2.34/jersey-media-jaxb-2.34.jar:/home/runner/.m2/repository/org/glassfish/hk2/osgi-resource-locator/1.0.3/osgi-resource-locator-1.0.3.jar:/home/runner/.m2/repository/org/glassfish/hk2/hk2-api/2.5.0/hk2-api-2.5.0.jar:/home/runner/.m2/repository/org/glassfish/hk2/hk2-utils/2.5.0/hk2-utils-2.5.0.jar:/home/runner/.m2/repository/org/glassfish/hk2/external/aopalliance-repackaged/2.5.0/aopalliance-repackaged-2.5.0.jar:/home/runner/.m2/repository/com/fasterxml/jackson/dataformat/jackson-dataformat-xml/2.13.4/jackson-dataformat-xml-2.13.4.jar:/home/runner/.m2/repository/org/codehaus/woodstox/stax2-api/4.2.1/stax2-api-4.2.1.jar:/home/runner/.m2/repository/com/fasterxml/woodstox/woodstox-core/5.4.0/woodstox-core-5.4.0.jar:/home/runner/.m2/repository/com/fasterxml/jackson/module/jackson-module-jaxb-annotations/2.13.4/jackson-module-jaxb-annotations-2.13.4.jar:/home/runner/.m2/repository/jakarta/xml/bind/jakarta.xml.bind-api/2.3.3/jakarta.xml.bind-api-2.3.3.jar:/home/runner/.m2/repository/jakarta/activation/jakarta.activation-api/1.2.2/jakarta.activation-api-1.2.2.jar:/home/runner/.m2/repository/javax/enterprise/cdi-api/2.0/cdi-api-2.0.jar:/home/runner/.m2/repository/javax/el/javax.el-api/3.0.0/javax.el-api-3.0.0.jar:/home/runner/.m2/repository/javax/interceptor/javax.interceptor-api/1.2/javax.interceptor-api-1.2.jar:/home/runner/.m2/repository/javax/inject/javax.inject/1/javax.inject-1.jar:/home/runner/.m2/repository/javax/xml/bind/jaxb-api/2.3.0/jaxb-api-2.3.0.jar:/home/runner/.m2/repository/org/glassfish/jaxb/jaxb-runtime/2.3.0.1/jaxb-runtime-2.3.0.1.jar:/home/runner/.m2/repository/org/glassfish/jaxb/jaxb-core/2.3.0.1/jaxb-core-2.3.0.1.jar:/home/runner/.m2/repository/org/glassfish/jaxb/txw2/2.3.0.1/txw2-2.3.0.1.jar:/home/runner/.m2/repository/com/sun/istack/istack-commons-runtime/3.0.5/istack-commons-runtime-3.0.5.jar:/home/runner/.m2/repository/org/jvnet/staxex/stax-ex/1.7.8/stax-ex-1.7.8.jar:/home/runner/.m2/repository/com/sun/xml/fastinfoset/FastInfoset/1.2.13/FastInfoset-1.2.13.jar:/home/runner/.m2/repository/javax/activation/activation/1.1.1/activation-1.1.1.jar:/home/runner/.m2/repository/io/grpc/grpc-protobuf/1.51.1/grpc-protobuf-1.51.1.jar:/home/runner/.m2/repository/com/google/api/grpc/proto-google-common-protos/2.9.0/proto-google-common-protos-2.9.0.jar:/home/runner/.m2/repository/io/grpc/grpc-protobuf-lite/1.51.1/grpc-protobuf-lite-1.51.1.jar:/home/runner/.m2/repository/io/grpc/grpc-stub/1.51.1/grpc-stub-1.51.1.jar:/home/runner/.m2/repository/io/netty/netty-transport/4.1.94.Final/netty-transport-4.1.94.Final.jar:/home/runner/.m2/repository/io/netty/netty-resolver/4.1.94.Final/netty-resolver-4.1.94.Final.jar:/home/runner/.m2/repository/org/apache/ozone/ozone-csi/1.4.0-SNAPSHOT/ozone-csi-1.4.0-SNAPSHOT.jar:/home/runner/.m2/repository/com/google/protobuf/protobuf-java-util/3.19.6/protobuf-java-util-3.19.6.jar:/home/runner/.m2/repository/com/google/code/gson/gson/2.9.0/gson-2.9.0.jar:/home/runner/.m2/repository/org/apache/ozone/hdds-config/1.4.0-SNAPSHOT/hdds-config-1.4.0-SNAPSHOT.jar:/home/runner/.m2/repository/io/netty/netty-transport-native-epoll/4.1.94.Final/netty-transport-native-epoll-4.1.94.Final-linux-x86_64.jar:/home/runner/.m2/repository/io/netty/netty-transport-classes-epoll/4.1.94.Final/netty-transport-classes-epoll-4.1.94.Final.jar:/home/runner/.m2/repository/io/netty/netty-transport-native-unix-common/4.1.94.Final/netty-transport-native-unix-common-4.1.94.Final.jar:/home/runner/.m2/repository/org/apache/ozone/ozone-recon/1.4.0-SNAPSHOT/ozone-recon-1.4.0-SNAPSHOT.jar:/home/runner/.m2/repository/org/apache/ozone/ozone-reconcodegen/1.4.0-SNAPSHOT/ozone-reconcodegen-1.4.0-SNAPSHOT.jar:/home/runner/.m2/repository/com/google/inject/guice/5.1.0/guice-5.1.0.jar:/home/runner/.m2/repository/aopalliance/aopalliance/1.0/aopalliance-1.0.jar:/home/runner/.m2/repository/com/google/inject/extensions/guice-assistedinject/5.1.0/guice-assistedinject-5.1.0.jar:/home/runner/.m2/repository/com/google/inject/extensions/guice-servlet/5.1.0/guice-servlet-5.1.0.jar:/home/runner/.m2/repository/org/glassfish/jersey/containers/jersey-container-servlet/2.34/jersey-container-servlet-2.34.jar:/home/runner/.m2/repository/org/glassfish/hk2/guice-bridge/2.5.0/guice-bridge-2.5.0.jar:/home/runner/.m2/repository/org/glassfish/jersey/core/jersey-server/2.34/jersey-server-2.34.jar:/home/runner/.m2/repository/org/glassfish/jersey/core/jersey-client/2.34/jersey-client-2.34.jar:/home/runner/.m2/repository/jakarta/annotation/jakarta.annotation-api/1.3.5/jakarta.annotation-api-1.3.5.jar:/home/runner/.m2/repository/jakarta/validation/jakarta.validation-api/2.0.2/jakarta.validation-api-2.0.2.jar:/home/runner/.m2/repository/org/glassfish/jersey/media/jersey-media-json-jackson/2.34/jersey-media-json-jackson-2.34.jar:/home/runner/.m2/repository/org/glassfish/jersey/ext/jersey-entity-filtering/2.34/jersey-entity-filtering-2.34.jar:/home/runner/.m2/repository/org/jooq/jooq/3.11.10/jooq-3.11.10.jar:/home/runner/.m2/repository/org/jooq/jooq-meta/3.11.10/jooq-meta-3.11.10.jar:/home/runner/.m2/repository/org/jooq/jooq-codegen/3.11.10/jooq-codegen-3.11.10.jar:/home/runner/.m2/repository/com/jolbox/bonecp/0.8.0.RELEASE/bonecp-0.8.0.RELEASE.jar:/home/runner/.m2/repository/org/apache/derby/derby/10.14.2.0/derby-10.14.2.0.jar:/home/runner/.m2/repository/org/xerial/sqlite-jdbc/3.41.2.2/sqlite-jdbc-3.41.2.2.jar:/home/runner/.m2/repository/org/springframework/spring-jdbc/5.3.27/spring-jdbc-5.3.27.jar:/home/runner/.m2/repository/org/springframework/spring-beans/5.3.27/spring-beans-5.3.27.jar:/home/runner/.m2/repository/org/springframework/spring-core/5.3.27/spring-core-5.3.27.jar:/home/runner/.m2/repository/org/springframework/spring-tx/5.3.27/spring-tx-5.3.27.jar:/home/runner/.m2/repository/org/apache/ozone/ozone-client/1.4.0-SNAPSHOT/ozone-client-1.4.0-SNAPSHOT.jar:/home/runner/.m2/repository/org/apache/ozone/hdds-erasurecode/1.4.0-SNAPSHOT/hdds-erasurecode-1.4.0-SNAPSHOT.jar:/home/runner/.m2/repository/org/apache/ozone/ozone-filesystem/1.4.0-SNAPSHOT/ozone-filesystem-1.4.0-SNAPSHOT.jar:/home/runner/.m2/repository/org/apache/ozone/ozone-filesystem-common/1.4.0-SNAPSHOT/ozone-filesystem-common-1.4.0-SNAPSHOT.jar:/home/runner/.m2/repository/org/apache/ozone/ozone-tools/1.4.0-SNAPSHOT/ozone-tools-1.4.0-SNAPSHOT.jar:/home/runner/.m2/repository/com/amazonaws/aws-java-sdk-core/1.12.261/aws-java-sdk-core-1.12.261.jar:/home/runner/.m2/repository/org/apache/httpcomponents/httpclient/4.5.13/httpclient-4.5.13.jar:/home/runner/.m2/repository/org/apache/httpcomponents/httpcore/4.4.13/httpcore-4.4.13.jar:/home/runner/.m2/repository/software/amazon/ion/ion-java/1.0.2/ion-java-1.0.2.jar:/home/runner/.m2/repository/com/fasterxml/jackson/dataformat/jackson-dataformat-cbor/2.13.4/jackson-dataformat-cbor-2.13.4.jar:/home/runner/.m2/repository/joda-time/joda-time/2.10.6/joda-time-2.10.6.jar:/home/runner/.m2/repository/com/amazonaws/aws-java-sdk-s3/1.12.261/aws-java-sdk-s3-1.12.261.jar:/home/runner/.m2/repository/com/amazonaws/aws-java-sdk-kms/1.12.261/aws-java-sdk-kms-1.12.261.jar:/home/runner/.m2/repository/com/amazonaws/jmespath-java/1.12.261/jmespath-java-1.12.261.jar:/home/runner/.m2/repository/org/kohsuke/metainf-services/metainf-services/1.8/metainf-services-1.8.jar:/home/runner/.m2/repository/org/apache/ozone/hdds-tools/1.4.0-SNAPSHOT/hdds-tools-1.4.0-SNAPSHOT.jar:/home/runner/.m2/repository/org/apache/ratis/ratis-tools/2.5.1/ratis-tools-2.5.1.jar:/home/runner/.m2/repository/commons-cli/commons-cli/1.2/commons-cli-1.2.jar:/home/runner/.m2/repository/org/apache/commons/commons-lang3/3.7/commons-lang3-3.7.jar:/home/runner/.m2/repository/org/apache/ozone/ozone-manager/1.4.0-SNAPSHOT/ozone-manager-1.4.0-SNAPSHOT-tests.jar:/home/runner/.m2/repository/org/apache/ozone/hdds-common/1.4.0-SNAPSHOT/hdds-common-1.4.0-SNAPSHOT-tests.jar:/home/runner/.m2/repository/org/apache/ozone/hdds-hadoop-dependency-client/1.4.0-SNAPSHOT/hdds-hadoop-dependency-client-1.4.0-SNAPSHOT.jar:/home/runner/.m2/repository/info/picocli/picocli/4.6.1/picocli-4.6.1.jar:/home/runner/.m2/repository/com/fasterxml/jackson/core/jackson-annotations/2.13.4/jackson-annotations-2.13.4.jar:/home/runner/.m2/repository/org/apache/ozone/hdds-annotation-processing/1.4.0-SNAPSHOT/hdds-annotation-processing-1.4.0-SNAPSHOT.jar:/home/runner/.m2/repository/javax/annotation/javax.annotation-api/1.2/javax.annotation-api-1.2.jar:/home/runner/.m2/repository/org/apache/ratis/ratis-netty/2.5.1/ratis-netty-2.5.1.jar:/home/runner/.m2/repository/org/apache/ratis/ratis-grpc/2.5.1/ratis-grpc-2.5.1.jar:/home/runner/.m2/repository/org/apache/commons/commons-pool2/2.6.0/commons-pool2-2.6.0.jar:/home/runner/.m2/repository/org/bouncycastle/bcpkix-jdk15on/1.67/bcpkix-jdk15on-1.67.jar:/home/runner/.m2/repository/commons-validator/commons-validator/1.6/commons-validator-1.6.jar:/home/runner/.m2/repository/commons-beanutils/commons-beanutils/1.9.4/commons-beanutils-1.9.4.jar:/home/runner/.m2/repository/commons-digester/commons-digester/1.8.1/commons-digester-1.8.1.jar:/home/runner/.m2/repository/commons-collections/commons-collections/3.2.2/commons-collections-3.2.2.jar:/home/runner/.m2/repository/io/jaegertracing/jaeger-client/1.6.0/jaeger-client-1.6.0.jar:/home/runner/.m2/repository/io/jaegertracing/jaeger-thrift/1.6.0/jaeger-thrift-1.6.0.jar:/home/runner/.m2/repository/org/apache/thrift/libthrift/0.14.1/libthrift-0.14.1.jar:/home/runner/.m2/repository/io/jaegertracing/jaeger-core/1.6.0/jaeger-core-1.6.0.jar:/home/runner/.m2/repository/io/jaegertracing/jaeger-tracerresolver/1.6.0/jaeger-tracerresolver-1.6.0.jar:/home/runner/.m2/repository/io/opentracing/contrib/opentracing-tracerresolver/0.1.8/opentracing-tracerresolver-0.1.8.jar:/home/runner/.m2/repository/org/jetbrains/kotlin/kotlin-stdlib/1.6.21/kotlin-stdlib-1.6.21.jar:/home/runner/.m2/repository/org/jetbrains/annotations/13.0/annotations-13.0.jar:/home/runner/.m2/repository/io/opentracing/opentracing-util/0.33.0/opentracing-util-0.33.0.jar:/home/runner/.m2/repository/io/opentracing/opentracing-api/0.33.0/opentracing-api-0.33.0.jar:/home/runner/.m2/repository/io/opentracing/opentracing-noop/0.33.0/opentracing-noop-0.33.0.jar:/home/runner/.m2/repository/org/yaml/snakeyaml/2.0/snakeyaml-2.0.jar:/home/runner/.m2/repository/io/grpc/grpc-api/1.51.1/grpc-api-1.51.1.jar:/home/runner/.m2/repository/io/grpc/grpc-context/1.51.1/grpc-context-1.51.1.jar:/home/runner/.m2/repository/junit/junit/4.13.1/junit-4.13.1.jar:/home/runner/.m2/repository/org/hamcrest/hamcrest-core/1.3/hamcrest-core-1.3.jar:/home/runner/.m2/repository/org/junit/jupiter/junit-jupiter-api/5.8.2/junit-jupiter-api-5.8.2.jar:/home/runner/.m2/repository/org/opentest4j/opentest4j/1.2.0/opentest4j-1.2.0.jar:/home/runner/.m2/repository/org/junit/platform/junit-platform-commons/1.8.2/junit-platform-commons-1.8.2.jar:/home/runner/.m2/repository/org/apiguardian/apiguardian-api/1.1.2/apiguardian-api-1.1.2.jar:/home/runner/.m2/repository/org/junit/jupiter/junit-jupiter-params/5.8.2/junit-jupiter-params-5.8.2.jar:/home/runner/.m2/repository/org/junit/jupiter/junit-jupiter-migrationsupport/5.8.2/junit-jupiter-migrationsupport-5.8.2.jar:/home/runner/.m2/repository/org/junit/jupiter/junit-jupiter-engine/5.8.2/junit-jupiter-engine-5.8.2.jar:/home/runner/.m2/repository/org/junit/platform/junit-platform-engine/1.8.2/junit-platform-engine-1.8.2.jar:/home/runner/.m2/repository/org/junit/vintage/junit-vintage-engine/5.8.2/junit-vintage-engine-5.8.2.jar:/home/runner/.m2/repository/org/junit/platform/junit-platform-launcher/1.8.2/junit-platform-launcher-1.8.2.jar:/home/runner/.m2/repository/org/mockito/mockito-core/3.5.9/mockito-core-3.5.9.jar:/home/runner/.m2/repository/net/bytebuddy/byte-buddy/1.10.13/byte-buddy-1.10.13.jar:/home/runner/.m2/repository/net/bytebuddy/byte-buddy-agent/1.10.13/byte-buddy-agent-1.10.13.jar:/home/runner/.m2/repository/org/objenesis/objenesis/1.0/objenesis-1.0.jar:/home/runner/.m2/repository/org/apache/hadoop/hadoop-kms/3.3.6/hadoop-kms-3.3.6.jar:/home/runner/.m2/repository/org/apache/hadoop/hadoop-auth/3.3.6/hadoop-auth-3.3.6.jar:/home/runner/.m2/repository/com/nimbusds/nimbus-jose-jwt/9.8.1/nimbus-jose-jwt-9.8.1.jar:/home/runner/.m2/repository/com/github/stephenc/jcip/jcip-annotations/1.0-1/jcip-annotations-1.0-1.jar:/home/runner/.m2/repository/org/apache/zookeeper/zookeeper/3.5.6/zookeeper-3.5.6.jar:/home/runner/.m2/repository/org/apache/zookeeper/zookeeper-jute/3.5.6/zookeeper-jute-3.5.6.jar:/home/runner/.m2/repository/org/apache/yetus/audience-annotations/0.5.0/audience-annotations-0.5.0.jar:/home/runner/.m2/repository/org/apache/curator/curator-framework/4.2.0/curator-framework-4.2.0.jar:/home/runner/.m2/repository/org/apache/hadoop/thirdparty/hadoop-shaded-guava/1.1.1/hadoop-shaded-guava-1.1.1.jar:/home/runner/.m2/repository/com/sun/jersey/jersey-core/1.19/jersey-core-1.19.jar:/home/runner/.m2/repository/javax/ws/rs/jsr311-api/1.1.1/jsr311-api-1.1.1.jar:/home/runner/.m2/repository/com/sun/jersey/jersey-server/1.19/jersey-server-1.19.jar:/home/runner/.m2/repository/javax/servlet/javax.servlet-api/3.1.0/javax.servlet-api-3.1.0.jar:/home/runner/.m2/repository/org/apache/hadoop/hadoop-common/3.3.6/hadoop-common-3.3.6.jar:/home/runner/.m2/repository/org/apache/commons/commons-math3/3.1.1/commons-math3-3.1.1.jar:/home/runner/.m2/repository/commons-net/commons-net/3.9.0/commons-net-3.9.0.jar:/home/runner/.m2/repository/com/sun/jersey/jersey-servlet/1.19/jersey-servlet-1.19.jar:/home/runner/.m2/repository/com/github/pjfanning/jersey-json/1.20/jersey-json-1.20.jar:/home/runner/.m2/repository/org/codehaus/jettison/jettison/1.1/jettison-1.1.jar:/home/runner/.m2/repository/com/sun/xml/bind/jaxb-impl/2.2.3-1/jaxb-impl-2.2.3-1.jar:/home/runner/.m2/repository/com/google/re2j/re2j/1.1/re2j-1.1.jar:/home/runner/.m2/repository/com/jcraft/jsch/0.1.54/jsch-0.1.54.jar:/home/runner/.m2/repository/org/apache/curator/curator-client/4.2.0/curator-client-4.2.0.jar:/home/runner/.m2/repository/org/apache/curator/curator-recipes/5.2.0/curator-recipes-5.2.0.jar:/home/runner/.m2/repository/org/apache/kerby/kerb-core/1.0.1/kerb-core-1.0.1.jar:/home/runner/.m2/repository/org/apache/kerby/kerby-pkix/1.0.1/kerby-pkix-1.0.1.jar:/home/runner/.m2/repository/org/apache/kerby/kerby-asn1/1.0.1/kerby-asn1-1.0.1.jar:/home/runner/.m2/repository/org/apache/kerby/kerby-util/1.0.1/kerby-util-1.0.1.jar:/home/runner/.m2/repository/dnsjava/dnsjava/2.1.7/dnsjava-2.1.7.jar:/home/runner/.m2/repository/org/xerial/snappy/snappy-java/1.1.8.2/snappy-java-1.1.8.2.jar:/home/runner/.m2/repository/com/fasterxml/jackson/core/jackson-databind/2.13.4.2/jackson-databind-2.13.4.2.jar:/home/runner/.m2/repository/org/apache/hadoop/hadoop-kms/3.3.6/hadoop-kms-3.3.6-tests.jar:/home/runner/.m2/repository/org/apache/ozone/hdds-server-scm/1.4.0-SNAPSHOT/hdds-server-scm-1.4.0-SNAPSHOT-tests.jar:/home/runner/.m2/repository/org/apache/ozone/hdds-container-service/1.4.0-SNAPSHOT/hdds-container-service-1.4.0-SNAPSHOT-tests.jar:/home/runner/.m2/repository/com/github/luben/zstd-jni/1.5.2-5/zstd-jni-1.5.2-5.jar:/home/runner/.m2/repository/commons-codec/commons-codec/1.15/commons-codec-1.15.jar:/home/runner/.m2/repository/io/netty/netty-codec/4.1.94.Final/netty-codec-4.1.94.Final.jar:/home/runner/.m2/repository/io/netty/netty-handler/4.1.94.Final/netty-handler-4.1.94.Final.jar:/home/runner/.m2/repository/org/apache/ozone/hdds-hadoop-dependency-test/1.4.0-SNAPSHOT/hdds-hadoop-dependency-test-1.4.0-SNAPSHOT.jar:/home/runner/.m2/repository/org/apache/hadoop/hadoop-common/3.3.6/hadoop-common-3.3.6-tests.jar:/home/runner/.m2/repository/org/apache/hadoop/hadoop-hdfs/3.3.6/hadoop-hdfs-3.3.6-tests.jar:/home/runner/.m2/repository/org/assertj/assertj-core/3.12.2/assertj-core-3.12.2.jar:/home/runner/.m2/repository/org/apache/hadoop/hadoop-distcp/3.3.6/hadoop-distcp-3.3.6.jar:/home/runner/.m2/repository/org/apache/hadoop/hadoop-mapreduce-client-jobclient/3.3.6/hadoop-mapreduce-client-jobclient-3.3.6.jar:/home/runner/.m2/repository/org/apache/hadoop/hadoop-mapreduce-client-common/3.3.6/hadoop-mapreduce-client-common-3.3.6.jar:/home/runner/.m2/repository/org/apache/hadoop/hadoop-yarn-common/3.3.6/hadoop-yarn-common-3.3.6.jar:/home/runner/.m2/repository/org/apache/hadoop/hadoop-yarn-api/3.3.6/hadoop-yarn-api-3.3.6.jar:/home/runner/.m2/repository/com/sun/jersey/contribs/jersey-guice/1.19/jersey-guice-1.19.jar:/home/runner/.m2/repository/com/fasterxml/jackson/jaxrs/jackson-jaxrs-json-provider/2.13.4/jackson-jaxrs-json-provider-2.13.4.jar:/home/runner/.m2/repository/com/fasterxml/jackson/jaxrs/jackson-jaxrs-base/2.13.4/jackson-jaxrs-base-2.13.4.jar:/home/runner/.m2/repository/org/apache/hadoop/hadoop-yarn-client/3.3.6/hadoop-yarn-client-3.3.6.jar:/home/runner/.m2/repository/org/eclipse/jetty/websocket/websocket-client/9.4.51.v20230217/websocket-client-9.4.51.v20230217.jar:/home/runner/.m2/repository/org/eclipse/jetty/websocket/websocket-common/9.4.51.v20230217/websocket-common-9.4.51.v20230217.jar:/home/runner/.m2/repository/org/eclipse/jetty/websocket/websocket-api/9.4.51.v20230217/websocket-api-9.4.51.v20230217.jar:/home/runner/.m2/repository/org/jline/jline/3.9.0/jline-3.9.0.jar:/home/runner/.m2/repository/org/apache/hadoop/hadoop-mapreduce-client-core/3.3.6/hadoop-mapreduce-client-core-3.3.6.jar:/home/runner/.m2/repository/org/apache/avro/avro/1.7.7/avro-1.7.7.jar:/home/runner/.m2/repository/com/thoughtworks/paranamer/paranamer/2.3/paranamer-2.3.jar:/home/runner/.m2/repository/org/apache/hadoop/hadoop-annotations/3.3.6/hadoop-annotations-3.3.6.jar:/usr/lib/jvm/temurin-8-jdk-amd64/jre/../lib/tools.jar:/home/runner/.m2/repository/io/netty/netty/3.10.6.Final/netty-3.10.6.Final.jar:/home/runner/.m2/repository/org/apache/hadoop/hadoop-distcp/3.3.6/hadoop-distcp-3.3.6-tests.jar:/home/runner/.m2/repository/org/slf4j/jul-to-slf4j/1.7.36/jul-to-slf4j-1.7.36.jar:"/>
    <property name="sun.cpu.endian" value="little"/>
    <property name="user.home" value="/home/runner"/>
    <property name="user.language" value="en"/>
    <property name="java.specification.vendor" value="Oracle Corporation"/>
    <property name="java.home" value="/usr/lib/jvm/temurin-8-jdk-amd64/jre"/>
    <property name="java.security.krb5.conf" value="/home/runner/work/ozone/ozone/hadoop-ozone/integration-test/target/test-classes/krb5.conf"/>
    <property name="basedir" value="/home/runner/work/ozone/ozone/hadoop-ozone/integration-test"/>
    <property name="file.separator" value="/"/>
    <property name="line.separator" value="&#10;"/>
    <property name="java.vm.specification.vendor" value="Oracle Corporation"/>
    <property name="java.specification.name" value="Java Platform API Specification"/>
    <property name="java.awt.graphicsenv" value="sun.awt.X11GraphicsEnvironment"/>
    <property name="skip.installnpx" value="true"/>
    <property name="surefire.real.class.path" value="/home/runner/work/ozone/ozone/hadoop-ozone/integration-test/target/surefire/surefirebooter5172636200434589498.jar:/home/runner/.m2/repository/org/jacoco/org.jacoco.agent/0.8.5/org.jacoco.agent-0.8.5-runtime.jar"/>
    <property name="hadoop.log.dir" value="/home/runner/work/ozone/ozone/hadoop-ozone/integration-test/target/log"/>
    <property name="sun.boot.class.path" value="/usr/lib/jvm/temurin-8-jdk-amd64/jre/lib/resources.jar:/usr/lib/jvm/temurin-8-jdk-amd64/jre/lib/rt.jar:/usr/lib/jvm/temurin-8-jdk-amd64/jre/lib/sunrsasign.jar:/usr/lib/jvm/temurin-8-jdk-amd64/jre/lib/jsse.jar:/usr/lib/jvm/temurin-8-jdk-amd64/jre/lib/jce.jar:/usr/lib/jvm/temurin-8-jdk-amd64/jre/lib/charsets.jar:/usr/lib/jvm/temurin-8-jdk-amd64/jre/lib/jfr.jar:/usr/lib/jvm/temurin-8-jdk-amd64/jre/classes"/>
    <property name="sun.management.compiler" value="HotSpot 64-Bit Tiered Compilers"/>
    <property name="skip.npx" value="true"/>
    <property name="java.runtime.version" value="1.8.0_382-b05"/>
    <property name="java.net.preferIPv4Stack" value="true"/>
    <property name="user.name" value="runner"/>
    <property name="path.separator" value=":"/>
    <property name="java.security.egd" value="file:///dev/urandom"/>
    <property name="os.version" value="5.15.0-1046-azure"/>
    <property name="java.endorsed.dirs" value="/usr/lib/jvm/temurin-8-jdk-amd64/jre/lib/endorsed"/>
    <property name="java.runtime.name" value="OpenJDK Runtime Environment"/>
    <property name="file.encoding" value="UTF-8"/>
    <property name="java.vm.name" value="OpenJDK 64-Bit Server VM"/>
    <property name="test.build.webapps" value=""/>
    <property name="localRepository" value="/home/runner/.m2/repository"/>
    <property name="jetty.git.hash" value="abdcda73818a1a2c705da276edb0bf6581e7997e"/>
    <property name="java.vendor.url.bug" value="https://github.com/adoptium/adoptium-support/issues"/>
    <property name="java.io.tmpdir" value="/tmp"/>
    <property name="require.test.libhadoop" value=""/>
    <property name="java.version" value="1.8.0_382"/>
    <property name="user.dir" value="/home/runner/work/ozone/ozone/hadoop-ozone/integration-test"/>
    <property name="os.arch" value="amd64"/>
    <property name="java.vm.specification.name" value="Java Virtual Machine Specification"/>
    <property name="test.build.classes" value="/home/runner/work/ozone/ozone/hadoop-ozone/integration-test/target/test-classes"/>
    <property name="java.awt.printerjob" value="sun.print.PSPrinterJob"/>
    <property name="sun.os.patch.level" value="unknown"/>
    <property name="org.apache.ratis.thirdparty.io.netty.allocator.useCacheForAllThreads" value="false"/>
    <property name="hadoop.tmp.dir" value="/home/runner/work/ozone/ozone/hadoop-ozone/integration-test/target/tmp"/>
    <property name="java.library.path" value="/usr/java/packages/lib/amd64:/usr/lib64:/lib64:/lib:/usr/lib"/>
    <property name="java.vm.info" value="mixed mode"/>
    <property name="java.vendor" value="Temurin"/>
    <property name="java.vm.version" value="25.382-b05"/>
    <property name="java.specification.maintenance.version" value="5"/>
    <property name="java.ext.dirs" value="/usr/lib/jvm/temurin-8-jdk-amd64/jre/lib/ext:/usr/java/packages/lib/ext"/>
    <property name="sun.io.unicode.encoding" value="UnicodeLittle"/>
    <property name="java.class.version" value="52.0"/>
  </properties>
  <testcase name="testMultipleSnapshotKeyReclaim" classname="org.apache.hadoop.ozone.om.TestSnapshotDeletingService" time="135.325">
    <failure type="org.opentest4j.AssertionFailedError"><![CDATA[org.opentest4j.AssertionFailedError: expected: <2> but was: <3>
	at org.junit.jupiter.api.AssertionUtils.fail(AssertionUtils.java:55)
	at org.junit.jupiter.api.AssertionUtils.failNotEqual(AssertionUtils.java:62)
	at org.junit.jupiter.api.AssertEquals.assertEquals(AssertEquals.java:150)
	at org.junit.jupiter.api.AssertEquals.assertEquals(AssertEquals.java:145)
	at org.junit.jupiter.api.Assertions.assertEquals(Assertions.java:527)
	at org.apache.hadoop.ozone.om.TestSnapshotDeletingService.testMultipleSnapshotKeyReclaim(TestSnapshotDeletingService.java:196)
	at sun.reflect.NativeMethodAccessorImpl.invoke0(Native Method)
	at sun.reflect.NativeMethodAccessorImpl.invoke(NativeMethodAccessorImpl.java:62)
	at sun.reflect.DelegatingMethodAccessorImpl.invoke(DelegatingMethodAccessorImpl.java:43)
	at java.lang.reflect.Method.invoke(Method.java:498)
	at org.junit.platform.commons.util.ReflectionUtils.invokeMethod(ReflectionUtils.java:725)
	at org.junit.jupiter.engine.execution.MethodInvocation.proceed(MethodInvocation.java:60)
	at org.junit.jupiter.engine.execution.InvocationInterceptorChain$ValidatingInvocation.proceed(InvocationInterceptorChain.java:131)
	at org.junit.jupiter.engine.extension.TimeoutExtension.intercept(TimeoutExtension.java:149)
	at org.junit.jupiter.engine.extension.TimeoutExtension.interceptTestableMethod(TimeoutExtension.java:140)
	at org.junit.jupiter.engine.extension.TimeoutExtension.interceptTestMethod(TimeoutExtension.java:84)
	at org.junit.jupiter.engine.execution.ExecutableInvoker$ReflectiveInterceptorCall.lambda$ofVoidMethod$0(ExecutableInvoker.java:115)
	at org.junit.jupiter.engine.execution.ExecutableInvoker.lambda$invoke$0(ExecutableInvoker.java:105)
	at org.junit.jupiter.engine.execution.InvocationInterceptorChain$InterceptedInvocation.proceed(InvocationInterceptorChain.java:106)
	at org.junit.jupiter.engine.execution.InvocationInterceptorChain.proceed(InvocationInterceptorChain.java:64)
	at org.junit.jupiter.engine.execution.InvocationInterceptorChain.chainAndInvoke(InvocationInterceptorChain.java:45)
	at org.junit.jupiter.engine.execution.InvocationInterceptorChain.invoke(InvocationInterceptorChain.java:37)
	at org.junit.jupiter.engine.execution.ExecutableInvoker.invoke(ExecutableInvoker.java:104)
	at org.junit.jupiter.engine.execution.ExecutableInvoker.invoke(ExecutableInvoker.java:98)
	at org.junit.jupiter.engine.descriptor.TestMethodTestDescriptor.lambda$invokeTestMethod$7(TestMethodTestDescriptor.java:214)
	at org.junit.platform.engine.support.hierarchical.ThrowableCollector.execute(ThrowableCollector.java:73)
	at org.junit.jupiter.engine.descriptor.TestMethodTestDescriptor.invokeTestMethod(TestMethodTestDescriptor.java:210)
	at org.junit.jupiter.engine.descriptor.TestMethodTestDescriptor.execute(TestMethodTestDescriptor.java:135)
	at org.junit.jupiter.engine.descriptor.TestMethodTestDescriptor.execute(TestMethodTestDescriptor.java:66)
	at org.junit.platform.engine.support.hierarchical.NodeTestTask.lambda$executeRecursively$6(NodeTestTask.java:151)
	at org.junit.platform.engine.support.hierarchical.ThrowableCollector.execute(ThrowableCollector.java:73)
	at org.junit.platform.engine.support.hierarchical.NodeTestTask.lambda$executeRecursively$8(NodeTestTask.java:141)
	at org.junit.platform.engine.support.hierarchical.Node.around(Node.java:137)
	at org.junit.platform.engine.support.hierarchical.NodeTestTask.lambda$executeRecursively$9(NodeTestTask.java:139)
	at org.junit.platform.engine.support.hierarchical.ThrowableCollector.execute(ThrowableCollector.java:73)
	at org.junit.platform.engine.support.hierarchical.NodeTestTask.executeRecursively(NodeTestTask.java:138)
	at org.junit.platform.engine.support.hierarchical.NodeTestTask.execute(NodeTestTask.java:95)
	at java.util.ArrayList.forEach(ArrayList.java:1259)
	at org.junit.platform.engine.support.hierarchical.SameThreadHierarchicalTestExecutorService.invokeAll(SameThreadHierarchicalTestExecutorService.java:41)
	at org.junit.platform.engine.support.hierarchical.NodeTestTask.lambda$executeRecursively$6(NodeTestTask.java:155)
	at org.junit.platform.engine.support.hierarchical.ThrowableCollector.execute(ThrowableCollector.java:73)
	at org.junit.platform.engine.support.hierarchical.NodeTestTask.lambda$executeRecursively$8(NodeTestTask.java:141)
	at org.junit.platform.engine.support.hierarchical.Node.around(Node.java:137)
	at org.junit.platform.engine.support.hierarchical.NodeTestTask.lambda$executeRecursively$9(NodeTestTask.java:139)
	at org.junit.platform.engine.support.hierarchical.ThrowableCollector.execute(ThrowableCollector.java:73)
	at org.junit.platform.engine.support.hierarchical.NodeTestTask.executeRecursively(NodeTestTask.java:138)
	at org.junit.platform.engine.support.hierarchical.NodeTestTask.execute(NodeTestTask.java:95)
	at java.util.ArrayList.forEach(ArrayList.java:1259)
	at org.junit.platform.engine.support.hierarchical.SameThreadHierarchicalTestExecutorService.invokeAll(SameThreadHierarchicalTestExecutorService.java:41)
	at org.junit.platform.engine.support.hierarchical.NodeTestTask.lambda$executeRecursively$6(NodeTestTask.java:155)
	at org.junit.platform.engine.support.hierarchical.ThrowableCollector.execute(ThrowableCollector.java:73)
	at org.junit.platform.engine.support.hierarchical.NodeTestTask.lambda$executeRecursively$8(NodeTestTask.java:141)
	at org.junit.platform.engine.support.hierarchical.Node.around(Node.java:137)
	at org.junit.platform.engine.support.hierarchical.NodeTestTask.lambda$executeRecursively$9(NodeTestTask.java:139)
	at org.junit.platform.engine.support.hierarchical.ThrowableCollector.execute(ThrowableCollector.java:73)
	at org.junit.platform.engine.support.hierarchical.NodeTestTask.executeRecursively(NodeTestTask.java:138)
	at org.junit.platform.engine.support.hierarchical.NodeTestTask.execute(NodeTestTask.java:95)
	at org.junit.platform.engine.support.hierarchical.SameThreadHierarchicalTestExecutorService.submit(SameThreadHierarchicalTestExecutorService.java:35)
	at org.junit.platform.engine.support.hierarchical.HierarchicalTestExecutor.execute(HierarchicalTestExecutor.java:57)
	at org.junit.platform.engine.support.hierarchical.HierarchicalTestEngine.execute(HierarchicalTestEngine.java:54)
	at org.junit.platform.launcher.core.EngineExecutionOrchestrator.execute(EngineExecutionOrchestrator.java:107)
	at org.junit.platform.launcher.core.EngineExecutionOrchestrator.execute(EngineExecutionOrchestrator.java:88)
	at org.junit.platform.launcher.core.EngineExecutionOrchestrator.lambda$execute$0(EngineExecutionOrchestrator.java:54)
	at org.junit.platform.launcher.core.EngineExecutionOrchestrator.withInterceptedStreams(EngineExecutionOrchestrator.java:67)
	at org.junit.platform.launcher.core.EngineExecutionOrchestrator.execute(EngineExecutionOrchestrator.java:52)
	at org.junit.platform.launcher.core.DefaultLauncher.execute(DefaultLauncher.java:114)
	at org.junit.platform.launcher.core.DefaultLauncher.execute(DefaultLauncher.java:86)
	at org.junit.platform.launcher.core.DefaultLauncherSession$DelegatingLauncher.execute(DefaultLauncherSession.java:86)
	at org.junit.platform.launcher.core.SessionPerRequestLauncher.execute(SessionPerRequestLauncher.java:53)
	at org.apache.maven.surefire.junitplatform.JUnitPlatformProvider.execute(JUnitPlatformProvider.java:188)
	at org.apache.maven.surefire.junitplatform.JUnitPlatformProvider.invokeAllTests(JUnitPlatformProvider.java:154)
	at org.apache.maven.surefire.junitplatform.JUnitPlatformProvider.invoke(JUnitPlatformProvider.java:124)
	at org.apache.maven.surefire.booter.ForkedBooter.runSuitesInProcess(ForkedBooter.java:428)
	at org.apache.maven.surefire.booter.ForkedBooter.execute(ForkedBooter.java:162)
	at org.apache.maven.surefire.booter.ForkedBooter.run(ForkedBooter.java:562)
	at org.apache.maven.surefire.booter.ForkedBooter.main(ForkedBooter.java:548)
]]></failure>
    <system-out><![CDATA[2023-09-20 15:46:16,727 [main] WARN  server.ServerUtils (ServerUtils.java:getScmDbDir(155)) - ozone.scm.db.dirs is not configured. We recommend adding this setting. Falling back to ozone.metadata.dirs instead.
2023-09-20 15:46:17,027 [main] INFO  reflections.Reflections (Reflections.java:scan(232)) - Reflections took 208 ms to scan 7 urls, producing 162 keys and 380 values 
2023-09-20 15:46:17,170 [main] WARN  server.ServerUtils (ServerUtils.java:getScmDbDir(155)) - ozone.scm.db.dirs is not configured. We recommend adding this setting. Falling back to ozone.metadata.dirs instead.
2023-09-20 15:46:17,174 [main] INFO  ha.SCMHANodeDetails (SCMHANodeDetails.java:loadSCMHAConfig(210)) - ServiceID for StorageContainerManager is null
2023-09-20 15:46:17,183 [main] WARN  ha.SCMHANodeDetails (SCMHANodeDetails.java:validateSCMHAConfig(183)) - Invalid config ozone.scm.ratis.enable. The config was not specified, but the default value true conflicts with the expected config value false. Falling back to the expected value. Current State of SCM: SCM is running in Non-HA without Ratis Ratis SCM -> Non Ratis SCM or Non HA SCM -> HA SCM is not supported
2023-09-20 15:46:17,183 [main] INFO  ha.SCMHANodeDetails (SCMHANodeDetails.java:loadSCMHAConfig(215)) - ozone.scm.default.service.id is not defined, falling back to ozone.scm.service.ids to find serviceID for StorageContainerManager if it is HA enabled cluster
2023-09-20 15:46:18,083 [main] WARN  utils.HAUtils (HAUtils.java:getMetaDir(339)) - ozone.scm.db.dirs is not configured. We recommend adding this setting. Falling back to ozone.metadata.dirs instead.
2023-09-20 15:46:18,267 [main] WARN  db.DBStoreBuilder (DBStoreBuilder.java:applyDBDefinition(166)) - ozone.scm.db.dirs is not configured. We recommend adding this setting. Falling back to ozone.metadata.dirs instead.
2023-09-20 15:46:18,598 [main] INFO  net.NodeSchemaLoader (NodeSchemaLoader.java:loadSchemaFromFile(129)) - Loading schema from [jar:file:/home/runner/.m2/repository/org/apache/ozone/hdds-common/1.4.0-SNAPSHOT/hdds-common-1.4.0-SNAPSHOT.jar!/network-topology-default.xml]
2023-09-20 15:46:18,600 [main] INFO  net.NodeSchemaLoader (NodeSchemaLoader.java:loadSchema(176)) - Loading network topology layer schema file
2023-09-20 15:46:18,707 [main] INFO  metrics.MetricRegistries (MetricRegistriesLoader.java:load(64)) - Loaded MetricRegistries class org.apache.ratis.metrics.impl.MetricRegistriesImpl
2023-09-20 15:46:18,731 [main] INFO  upgrade.AbstractLayoutVersionManager (AbstractLayoutVersionManager.java:init(83)) - Initializing Layout version manager with metadata layout = HADOOP_PRC_PORTS_IN_DATANODEDETAILS (version = 7), software layout = HADOOP_PRC_PORTS_IN_DATANODEDETAILS (version = 7)
2023-09-20 15:46:19,039 [main] INFO  ha.SequenceIdGenerator (SequenceIdGenerator.java:upgradeToSequenceId(365)) - upgrade localId to 111677748019200000
2023-09-20 15:46:19,041 [main] INFO  ha.SequenceIdGenerator (SequenceIdGenerator.java:upgradeToSequenceId(375)) - upgrade delTxnId to 0
2023-09-20 15:46:19,050 [main] INFO  ha.SequenceIdGenerator (SequenceIdGenerator.java:upgradeToSequenceId(392)) - upgrade containerId to 0
2023-09-20 15:46:19,053 [main] INFO  ha.SequenceIdGenerator (SequenceIdGenerator.java:upgradeToSequenceId(428)) - upgrade rootCertificateId to 1
2023-09-20 15:46:19,057 [main] INFO  ha.SequenceIdGenerator (SequenceIdGenerator.java:<init>(236)) - Init the HA SequenceIdGenerator.
2023-09-20 15:46:19,133 [main] WARN  server.ServerUtils (ServerUtils.java:sanitizeUserArgs(80)) - ozone.scm.stale.node.interval value = 300000 is larger than max = 100000 based on the key value of ozone.scm.heartbeat.thread.interval, reset to the max value 100000.
2023-09-20 15:46:19,134 [main] WARN  server.ServerUtils (ServerUtils.java:sanitizeUserArgs(80)) - ozone.scm.stale.node.interval value = 300000 is larger than max = 100000 based on the key value of ozone.scm.heartbeat.thread.interval, reset to the max value 100000.
2023-09-20 15:46:19,143 [main] INFO  node.SCMNodeManager (SCMNodeManager.java:<init>(157)) - Entering startup safe mode.
2023-09-20 15:46:19,167 [main] INFO  algorithms.ContainerPlacementPolicyFactory (ContainerPlacementPolicyFactory.java:getPolicyInternal(86)) - Create container placement policy of type org.apache.hadoop.hdds.scm.container.placement.algorithms.SCMContainerPlacementRackAware
2023-09-20 15:46:19,171 [main] INFO  algorithms.ContainerPlacementPolicyFactory (ContainerPlacementPolicyFactory.java:getPolicyInternal(86)) - Create container placement policy of type org.apache.hadoop.hdds.scm.container.placement.algorithms.SCMContainerPlacementRackScatter
2023-09-20 15:46:19,182 [main] INFO  pipeline.PipelineStateManagerImpl (PipelineStateManagerImpl.java:initialize(78)) - No pipeline exists in current db
2023-09-20 15:46:19,199 [main] INFO  algorithms.LeaderChoosePolicyFactory (LeaderChoosePolicyFactory.java:getPolicy(57)) - Create leader choose policy of type org.apache.hadoop.hdds.scm.pipeline.leader.choose.algorithms.MinLeaderCountChoosePolicy
2023-09-20 15:46:19,199 [main] INFO  algorithms.ContainerPlacementPolicyFactory (ContainerPlacementPolicyFactory.java:getPolicyInternal(86)) - Create container placement policy of type org.apache.hadoop.hdds.scm.container.placement.algorithms.SCMContainerPlacementRackScatter
2023-09-20 15:46:19,206 [main] INFO  ha.SCMServiceManager (SCMServiceManager.java:register(42)) - Registering service BackgroundPipelineCreator.
2023-09-20 15:46:19,206 [main] INFO  pipeline.BackgroundPipelineCreator (BackgroundPipelineCreator.java:start(124)) - Starting RatisPipelineUtilsThread.
2023-09-20 15:46:19,211 [main] INFO  BackgroundPipelineScrubber (BackgroundSCMService.java:start(68)) - Starting BackgroundPipelineScrubber Service.
2023-09-20 15:46:19,215 [main] INFO  ha.SCMServiceManager (SCMServiceManager.java:register(42)) - Registering service BackgroundPipelineScrubber.
2023-09-20 15:46:19,225 [main] INFO  ExpiredContainerReplicaOpScrubber (BackgroundSCMService.java:start(68)) - Starting ExpiredContainerReplicaOpScrubber Service.
2023-09-20 15:46:19,227 [main] INFO  ha.SCMServiceManager (SCMServiceManager.java:register(42)) - Registering service ExpiredContainerReplicaOpScrubber.
2023-09-20 15:46:19,266 [main] INFO  algorithms.PipelineChoosePolicyFactory (PipelineChoosePolicyFactory.java:createPipelineChoosePolicyFromClass(78)) - Create pipeline choose policy of type org.apache.hadoop.hdds.scm.pipeline.choose.algorithms.RandomPipelineChoosePolicy
2023-09-20 15:46:19,267 [main] INFO  algorithms.PipelineChoosePolicyFactory (PipelineChoosePolicyFactory.java:createPipelineChoosePolicyFromClass(78)) - Create pipeline choose policy of type org.apache.hadoop.hdds.scm.pipeline.choose.algorithms.RandomPipelineChoosePolicy
2023-09-20 15:46:19,292 [main] INFO  ha.SCMServiceManager (SCMServiceManager.java:register(42)) - Registering service SCMBlockDeletingService.
2023-09-20 15:46:19,378 [main] INFO  replication.ReplicationManager (ReplicationManager.java:start(291)) - Starting Replication Monitor Thread.
2023-09-20 15:46:19,390 [main] INFO  ha.SCMServiceManager (SCMServiceManager.java:register(42)) - Registering service ReplicationManager.
2023-09-20 15:46:19,398 [ReplicationMonitor] INFO  replication.ReplicationManager (ReplicationManager.java:processAll(365)) - Replication Manager is not ready to run until 3000ms after safemode exit
2023-09-20 15:46:19,406 [main] INFO  safemode.ContainerSafeModeRule (ContainerSafeModeRule.java:<init>(90)) - containers with one replica threshold count 0
2023-09-20 15:46:19,411 [main] INFO  safemode.HealthyPipelineSafeModeRule (HealthyPipelineSafeModeRule.java:initializeRule(169)) - Total pipeline count is 0, healthy pipeline threshold count is 1
2023-09-20 15:46:19,413 [main] INFO  safemode.OneReplicaPipelineSafeModeRule (OneReplicaPipelineSafeModeRule.java:initializeRule(180)) - Total pipeline count is 0, pipeline's with at least one datanode reported threshold count is 0
2023-09-20 15:46:19,477 [main] INFO  server.StorageContainerManager (StorageContainerManager.java:<init>(425)) - SCM start with adminUsers: [runner]
2023-09-20 15:46:19,946 [main] INFO  audit.AuditLogger (AuditLogger.java:refreshDebugCmdSet(126)) - Refresh DebugCmdSet for SCMAudit to [].
2023-09-20 15:46:20,000 [main] INFO  ipc.CallQueueManager (CallQueueManager.java:<init>(90)) - Using callQueue: class java.util.concurrent.LinkedBlockingQueue, queueCapacity: 2000, scheduler: class org.apache.hadoop.ipc.DefaultRpcScheduler, ipcBackoff: false.
2023-09-20 15:46:20,050 [main] INFO  ipc.Server (Server.java:<init>(1287)) - Listener at 0.0.0.0:15002
2023-09-20 15:46:20,056 [Socket Reader #1 for port 15002] INFO  ipc.Server (Server.java:run(1323)) - Starting Socket Reader #1 for port 15002
2023-09-20 15:46:20,138 [main] INFO  audit.AuditLogger (AuditLogger.java:refreshDebugCmdSet(126)) - Refresh DebugCmdSet for SCMAudit to [].
2023-09-20 15:46:20,145 [main] INFO  ipc.CallQueueManager (CallQueueManager.java:<init>(90)) - Using callQueue: class java.util.concurrent.LinkedBlockingQueue, queueCapacity: 2000, scheduler: class org.apache.hadoop.ipc.DefaultRpcScheduler, ipcBackoff: false.
2023-09-20 15:46:20,145 [main] INFO  ipc.Server (Server.java:<init>(1287)) - Listener at 0.0.0.0:15001
2023-09-20 15:46:20,146 [Socket Reader #1 for port 15001] INFO  ipc.Server (Server.java:run(1323)) - Starting Socket Reader #1 for port 15001
2023-09-20 15:46:20,188 [main] INFO  audit.AuditLogger (AuditLogger.java:refreshDebugCmdSet(126)) - Refresh DebugCmdSet for SCMAudit to [].
2023-09-20 15:46:20,201 [main] INFO  ipc.CallQueueManager (CallQueueManager.java:<init>(90)) - Using callQueue: class java.util.concurrent.LinkedBlockingQueue, queueCapacity: 2000, scheduler: class org.apache.hadoop.ipc.DefaultRpcScheduler, ipcBackoff: false.
2023-09-20 15:46:20,207 [main] INFO  ipc.Server (Server.java:<init>(1287)) - Listener at 0.0.0.0:15000
2023-09-20 15:46:20,209 [Socket Reader #1 for port 15000] INFO  ipc.Server (Server.java:run(1323)) - Starting Socket Reader #1 for port 15000
2023-09-20 15:46:20,279 [main] INFO  ha.SCMServiceManager (SCMServiceManager.java:register(42)) - Registering service ContainerBalancer.
2023-09-20 15:46:20,283 [main] INFO  server.StorageContainerManager (StorageContainerManager.java:<init>(438)) - 
Container Balancer status:
Key                            Value
Running                        false
Container Balancer Configuration values:
Key                                                Value
Threshold                                          10
Max Datanodes to Involve per Iteration(percent)    20
Max Size to Move per Iteration                     500GB
Max Size Entering Target per Iteration             26GB
Max Size Leaving Source per Iteration              26GB
Number of Iterations                               10
Time Limit for Single Container's Movement         65min
Time Limit for Single Container's Replication      50min
Interval between each Iteration                    70min
Whether to Enable Network Topology                 false
Whether to Trigger Refresh Datanode Usage Info     false
Container IDs to Exclude from Balancing            None
Datanodes Specified to be Balanced                 None
Datanodes Excluded from Balancing                  None

2023-09-20 15:46:20,284 [main] INFO  ha.SCMContext (SCMContext.java:updateSafeModeStatus(228)) - Update SafeModeStatus from SafeModeStatus{safeModeStatus=true, preCheckPassed=false} to SafeModeStatus{safeModeStatus=true, preCheckPassed=false}.
2023-09-20 15:46:20,295 [main] INFO  server.StorageContainerManager (StorageContainerManager.java:start(1483)) - StorageContainerLocationProtocol RPC server is listening at /0.0.0.0:15000
2023-09-20 15:46:20,382 [main] WARN  impl.MetricsConfig (MetricsConfig.java:loadFirst(136)) - Cannot locate configuration: tried hadoop-metrics2-storagecontainermanager.properties,hadoop-metrics2.properties
2023-09-20 15:46:20,398 [main] INFO  impl.MetricsSystemImpl (MetricsSystemImpl.java:startTimer(378)) - Scheduled Metric snapshot period at 10 second(s).
2023-09-20 15:46:20,399 [main] INFO  impl.MetricsSystemImpl (MetricsSystemImpl.java:start(191)) - StorageContainerManager metrics system started
2023-09-20 15:46:20,768 [main] INFO  server.SCMClientProtocolServer (SCMClientProtocolServer.java:start(201)) - RPC server for Client  is listening at /0.0.0.0:15000
2023-09-20 15:46:20,770 [IPC Server Responder] INFO  ipc.Server (Server.java:run(1562)) - IPC Server Responder: starting
2023-09-20 15:46:20,773 [IPC Server listener on 15000] INFO  ipc.Server (Server.java:run(1402)) - IPC Server listener on 15000: starting
2023-09-20 15:46:20,832 [main] INFO  server.StorageContainerManager (StorageContainerManager.java:start(1496)) - ScmBlockLocationProtocol RPC server is listening at /0.0.0.0:15001
2023-09-20 15:46:20,833 [main] INFO  server.SCMBlockProtocolServer (SCMBlockProtocolServer.java:start(154)) - RPC server for Block Protocol is listening at /0.0.0.0:15001
2023-09-20 15:46:20,834 [IPC Server Responder] INFO  ipc.Server (Server.java:run(1562)) - IPC Server Responder: starting
2023-09-20 15:46:20,835 [IPC Server listener on 15001] INFO  ipc.Server (Server.java:run(1402)) - IPC Server listener on 15001: starting
2023-09-20 15:46:20,887 [main] INFO  server.SCMDatanodeProtocolServer (SCMDatanodeProtocolServer.java:start(193)) - ScmDatanodeProtocol RPC server for DataNodes is listening at /0.0.0.0:15002
2023-09-20 15:46:20,890 [IPC Server Responder] INFO  ipc.Server (Server.java:run(1562)) - IPC Server Responder: starting
2023-09-20 15:46:20,924 [IPC Server listener on 15002] INFO  ipc.Server (Server.java:run(1402)) - IPC Server listener on 15002: starting
2023-09-20 15:46:20,926 [JvmPauseMonitor0] INFO  util.JvmPauseMonitor (JvmPauseMonitor.java:run(103)) - JvmPauseMonitor-ba79a87f-e6c1-4f53-9ec4-33dab2e4429c: Started
2023-09-20 15:46:20,953 [main] INFO  http.BaseHttpServer (BaseHttpServer.java:newHttpServer2BuilderForOzone(223)) - Starting Web-server for scm at: http://0.0.0.0:15003
2023-09-20 15:46:20,953 [main] INFO  http.BaseHttpServer (BaseHttpServer.java:<init>(110)) - Hadoop Security Enabled: false Ozone Security Enabled: false Ozone HTTP Security Enabled: false 
2023-09-20 15:46:20,985 [main] INFO  util.log (Log.java:initialized(170)) - Logging initialized @6531ms to org.eclipse.jetty.util.log.Slf4jLog
2023-09-20 15:46:21,112 [main] WARN  server.AuthenticationFilter (AuthenticationFilter.java:constructSecretProvider(240)) - Unable to initialize FileSignerSecretProvider, falling back to use random secrets. Reason: Could not read signature secret file: /home/runner/hadoop-http-auth-signature-secret
2023-09-20 15:46:21,122 [main] INFO  http.HttpRequestLog (HttpRequestLog.java:getRequestLog(86)) - Http request log for http.requests.scm is not defined
2023-09-20 15:46:21,132 [main] INFO  http.HttpServer2 (HttpServer2.java:addGlobalFilter(1031)) - Added global filter 'safety' (class=org.apache.hadoop.hdds.server.http.HttpServer2$QuotingInputFilter)
2023-09-20 15:46:21,134 [main] INFO  http.HttpServer2 (HttpServer2.java:addFilter(1007)) - Added filter static_user_filter (class=org.apache.hadoop.http.lib.StaticUserWebFilter$StaticUserFilter) to context scm
2023-09-20 15:46:21,135 [main] INFO  http.HttpServer2 (HttpServer2.java:addFilter(1015)) - Added filter static_user_filter (class=org.apache.hadoop.http.lib.StaticUserWebFilter$StaticUserFilter) to context logs
2023-09-20 15:46:21,135 [main] INFO  http.HttpServer2 (HttpServer2.java:addFilter(1015)) - Added filter static_user_filter (class=org.apache.hadoop.http.lib.StaticUserWebFilter$StaticUserFilter) to context static
2023-09-20 15:46:21,188 [main] INFO  http.BaseHttpServer (BaseHttpServer.java:<init>(189)) - HTTP server of scm uses base directory /home/runner/work/ozone/ozone/hadoop-ozone/integration-test/target/test-dir/MiniOzoneClusterImpl-8d56696e-0306-4140-8b78-3634a4a6d503/ozone-meta/webserver
2023-09-20 15:46:21,189 [main] INFO  http.HttpServer2 (HttpServer2.java:bindListener(1231)) - Jetty bound to port 15003
2023-09-20 15:46:21,191 [main] INFO  server.Server (Server.java:doStart(375)) - jetty-9.4.52.v20230823; built: 2023-08-23T19:29:37.669Z; git: abdcda73818a1a2c705da276edb0bf6581e7997e; jvm 1.8.0_382-b05
2023-09-20 15:46:21,241 [main] INFO  server.session (DefaultSessionIdManager.java:doStart(334)) - DefaultSessionIdManager workerName=node0
2023-09-20 15:46:21,242 [main] INFO  server.session (DefaultSessionIdManager.java:doStart(339)) - No SessionScavenger set, using defaults
2023-09-20 15:46:21,244 [main] INFO  server.session (HouseKeeper.java:startScavenging(132)) - node0 Scavenging every 600000ms
2023-09-20 15:46:21,267 [main] INFO  handler.ContextHandler (ContextHandler.java:doStart(921)) - Started o.e.j.s.ServletContextHandler@3edb09b9{logs,/logs,file:///home/runner/work/ozone/ozone/hadoop-ozone/integration-test/target/log,AVAILABLE}
2023-09-20 15:46:21,269 [main] INFO  handler.ContextHandler (ContextHandler.java:doStart(921)) - Started o.e.j.s.ServletContextHandler@738da6f2{static,/static,file:///home/runner/work/ozone/ozone/hadoop-ozone/integration-test/target/test-classes/webapps/static,AVAILABLE}
2023-09-20 15:46:21,344 [main] INFO  handler.ContextHandler (ContextHandler.java:doStart(921)) - Started o.e.j.w.WebAppContext@19e5e846{scm,/,file:///home/runner/work/ozone/ozone/hadoop-ozone/integration-test/target/test-classes/webapps/scm/,AVAILABLE}{file:/home/runner/work/ozone/ozone/hadoop-ozone/integration-test/target/test-classes/webapps/scm}
2023-09-20 15:46:21,355 [main] INFO  server.AbstractConnector (AbstractConnector.java:doStart(333)) - Started ServerConnector@5abf9a76{HTTP/1.1, (http/1.1)}{0.0.0.0:15003}
2023-09-20 15:46:21,355 [main] INFO  server.Server (Server.java:doStart(415)) - Started @6901ms
2023-09-20 15:46:21,358 [main] INFO  impl.MetricsSinkAdapter (MetricsSinkAdapter.java:start(204)) - Sink prometheus started
2023-09-20 15:46:21,359 [main] INFO  impl.MetricsSystemImpl (MetricsSystemImpl.java:registerSink(305)) - Registered sink prometheus
2023-09-20 15:46:21,360 [main] INFO  http.BaseHttpServer (BaseHttpServer.java:updateConnectorAddress(354)) - HTTP server of scm listening at http://0.0.0.0:15003
2023-09-20 15:46:21,367 [main] WARN  server.ServerUtils (ServerUtils.java:getDBPath(311)) - ozone.om.db.dirs is not configured. We recommend adding this setting. Falling back to ozone.metadata.dirs instead.
2023-09-20 15:46:21,449 [main] INFO  audit.AuditLogger (AuditLogger.java:refreshDebugCmdSet(126)) - Refresh DebugCmdSet for OMAudit to [].
2023-09-20 15:46:21,559 [main] INFO  ha.OMHANodeDetails (OMHANodeDetails.java:loadOMHAConfig(115)) - ozone.om.internal.service.id is not defined, falling back to ozone.om.service.ids to find serviceID for OzoneManager if it is HA enabled cluster
2023-09-20 15:46:21,564 [main] INFO  ha.OMHANodeDetails (OMHANodeDetails.java:loadOMHAConfig(226)) - Configuration does not have ozone.om.address set. Falling back to the default OM address /127.0.0.1:15004
2023-09-20 15:46:21,564 [main] INFO  ha.OMHANodeDetails (OMHANodeDetails.java:getOMNodeDetailsForNonHA(254)) - OM Service ID is not set. Setting it to the default ID: omServiceIdDefault
2023-09-20 15:46:21,565 [main] INFO  ha.OMHANodeDetails (OMHANodeDetails.java:getOMNodeDetailsForNonHA(261)) - OM Node ID is not set. Setting it to the default ID: om1
2023-09-20 15:46:21,570 [main] WARN  server.ServerUtils (ServerUtils.java:getDBPath(311)) - ozone.om.db.dirs is not configured. We recommend adding this setting. Falling back to ozone.metadata.dirs instead.
2023-09-20 15:46:21,575 [main] INFO  upgrade.AbstractLayoutVersionManager (AbstractLayoutVersionManager.java:init(83)) - Initializing Layout version manager with metadata layout = QUOTA (version = 6), software layout = QUOTA (version = 6)
2023-09-20 15:46:21,725 [main] INFO  reflections.Reflections (Reflections.java:scan(232)) - Reflections took 146 ms to scan 2 urls, producing 187 keys and 515 values [using 2 cores]
2023-09-20 15:46:21,736 [main] INFO  upgrade.OMLayoutVersionManager (OMLayoutVersionManager.java:lambda$0(115)) - Skipping Upgrade Action QuotaRepairUpgradeAction since it has been finalized.
2023-09-20 15:46:21,738 [main] INFO  upgrade.OMLayoutVersionManager (OMLayoutVersionManager.java:lambda$0(115)) - Skipping Upgrade Action MockOmUpgradeAction since it has been finalized.
2023-09-20 15:46:21,740 [main] WARN  server.ServerUtils (ServerUtils.java:getDBPath(311)) - ozone.om.db.dirs is not configured. We recommend adding this setting. Falling back to ozone.metadata.dirs instead.
2023-09-20 15:46:22,023 [main] INFO  proxy.SCMBlockLocationFailoverProxyProvider (SCMBlockLocationFailoverProxyProvider.java:<init>(114)) - Created block location fail-over proxy with 1 nodes: [nodeId=scmNodeId,nodeAddress=/0.0.0.0:15001]
2023-09-20 15:46:22,083 [main] INFO  proxy.SCMBlockLocationFailoverProxyProvider (SCMBlockLocationFailoverProxyProvider.java:<init>(114)) - Created block location fail-over proxy with 1 nodes: [nodeId=scmNodeId,nodeAddress=/0.0.0.0:15001]
2023-09-20 15:46:22,395 [main] INFO  om.OzoneManager (OzoneManager.java:<init>(665)) - OM start with adminUsers: [runner]
2023-09-20 15:46:22,409 [main] WARN  server.ServerUtils (ServerUtils.java:getDBPath(311)) - ozone.om.db.dirs is not configured. We recommend adding this setting. Falling back to ozone.metadata.dirs instead.
2023-09-20 15:46:22,446 [main] INFO  helpers.OmKeyInfo (OmKeyInfo.java:getCodec(71)) - OmKeyInfo.getCodec ignorePipeline = true
2023-09-20 15:46:22,900 [main] INFO  om.OzoneManager (OzoneManager.java:instantiateServices(794)) - S3 Multi-Tenancy is disabled
2023-09-20 15:46:22,963 [main] INFO  om.OmSnapshotManager (OmSnapshotManager.java:<init>(174)) - Ozone filesystem snapshot feature is enabled.
2023-09-20 15:46:22,977 [main] WARN  server.ServerUtils (ServerUtils.java:getDBPath(311)) - ozone.om.snapshot.diff.db.dir is not configured. We recommend adding this setting. Falling back to ozone.metadata.dirs instead.
2023-09-20 15:46:23,063 [main] INFO  utils.NativeLibraryLoader (NativeLibraryLoader.java:loadLibrary(108)) - Loading Library: ozone_rocksdb_tools
2023-09-20 15:46:23,066 [main] INFO  snapshot.SnapshotDiffManager (SnapshotDiffManager.java:closeExecutorService(1718)) - Shutting down executorService: 'SstDumpToolExecutor'
2023-09-20 15:46:23,179 [main] INFO  om.OzoneManager (OzoneManager.java:addS3GVolumeToDB(4305)) - Created Volume s3v With Owner runner required for S3Gateway operations.
2023-09-20 15:46:23,287 [main] WARN  server.ServerUtils (ServerUtils.java:getDefaultRatisDirectory(323)) - Storage directory for Ratis is not configured. It is a good idea to map this to an SSD disk. Falling back to ozone.metadata.dirs
2023-09-20 15:46:23,288 [main] WARN  utils.OzoneManagerRatisUtils (OzoneManagerRatisUtils.java:getOMRatisSnapshotDirectory(464)) - ozone.om.ratis.snapshot.dir is not configured. Falling back to ozone.metadata.dirs config
2023-09-20 15:46:23,306 [main] WARN  server.ServerUtils (ServerUtils.java:getDefaultRatisDirectory(323)) - Storage directory for Ratis is not configured. It is a good idea to map this to an SSD disk. Falling back to ozone.metadata.dirs
2023-09-20 15:46:23,336 [main] INFO  ratis.OzoneManagerRatisServer (OzoneManagerRatisServer.java:<init>(163)) - Instantiating OM Ratis server with groupID: omServiceIdDefault and peers: localhost:15007
2023-09-20 15:46:23,348 [main] INFO  ratis.OzoneManagerStateMachine (OzoneManagerStateMachine.java:loadSnapshotInfoFromDB(687)) - LastAppliedIndex is set from TransactionInfo from OM DB as (t:0, i:~)
2023-09-20 15:46:23,425 [main] INFO  server.RaftServer (ConfUtils.java:logGet(46)) - raft.rpc.type = GRPC (default)
2023-09-20 15:46:23,437 [main] INFO  grpc.GrpcConfigKeys (ConfUtils.java:logFallback(53)) - raft.grpc.admin.host = null (fallback to raft.grpc.server.host)
2023-09-20 15:46:23,439 [main] INFO  grpc.GrpcConfigKeys (ConfUtils.java:logFallback(53)) - raft.grpc.admin.port = 15007 (fallback to raft.grpc.server.port)
2023-09-20 15:46:23,440 [main] INFO  grpc.GrpcConfigKeys (ConfUtils.java:logFallback(53)) - raft.grpc.client.host = null (fallback to raft.grpc.server.host)
2023-09-20 15:46:23,440 [main] INFO  grpc.GrpcConfigKeys (ConfUtils.java:logFallback(53)) - raft.grpc.client.port = 15007 (fallback to raft.grpc.server.port)
2023-09-20 15:46:23,441 [main] INFO  grpc.GrpcConfigKeys (ConfUtils.java:logGet(46)) - raft.grpc.server.host = null (default)
2023-09-20 15:46:23,441 [main] INFO  grpc.GrpcConfigKeys (ConfUtils.java:logGet(46)) - raft.grpc.server.port = 15007 (custom)
2023-09-20 15:46:23,442 [main] INFO  server.GrpcService (ConfUtils.java:logGet(46)) - raft.grpc.message.size.max = 33554432 (custom)
2023-09-20 15:46:23,443 [main] INFO  server.RaftServerConfigKeys (ConfUtils.java:logGet(46)) - raft.server.log.appender.buffer.byte-limit = 33554432 (custom)
2023-09-20 15:46:23,444 [main] INFO  server.GrpcService (ConfUtils.java:logGet(46)) - raft.grpc.flow.control.window = 1MB (=1048576) (default)
2023-09-20 15:46:23,445 [main] INFO  server.RaftServerConfigKeys (ConfUtils.java:logGet(46)) - raft.server.rpc.request.timeout = 3000ms (default)
2023-09-20 15:46:23,460 [main] INFO  grpc.GrpcConfigKeys (ConfUtils.java:logGet(46)) - raft.grpc.server.heartbeat.channel = true (default)
2023-09-20 15:46:23,465 [main] INFO  grpc.GrpcConfigKeys (ConfUtils.java:logGet(46)) - raft.grpc.server.async.request.thread.pool.cached = true (default)
2023-09-20 15:46:23,466 [main] INFO  grpc.GrpcConfigKeys (ConfUtils.java:logGet(46)) - raft.grpc.server.async.request.thread.pool.size = 32 (default)
2023-09-20 15:46:23,782 [main] INFO  impl.DataStreamServerImpl (ConfUtils.java:logGet(46)) - raft.datastream.type = DISABLED (default)
2023-09-20 15:46:23,785 [main] INFO  server.RaftServerConfigKeys (ConfUtils.java:logGet(46)) - raft.server.threadpool.proxy.cached = true (default)
2023-09-20 15:46:23,786 [main] INFO  server.RaftServerConfigKeys (ConfUtils.java:logGet(46)) - raft.server.threadpool.proxy.size = 0 (default)
2023-09-20 15:46:23,787 [main] INFO  server.RaftServerConfigKeys (ConfUtils.java:logGet(46)) - raft.server.rpc.slowness.timeout = 120s (custom)
2023-09-20 15:46:23,787 [main] INFO  server.RaftServerConfigKeys (ConfUtils.java:logGet(46)) - raft.server.leaderelection.leader.step-down.wait-time = 10s (default)
2023-09-20 15:46:23,790 [main] INFO  server.RaftServerConfigKeys (ConfUtils.java:logGet(46)) - raft.server.storage.dir = [/home/runner/work/ozone/ozone/hadoop-ozone/integration-test/target/test-dir/MiniOzoneClusterImpl-8d56696e-0306-4140-8b78-3634a4a6d503/ozone-meta/ratis] (custom)
2023-09-20 15:46:23,963 [main] INFO  server.RaftServer (RaftServerProxy.java:addNew(98)) - om1: addNew group-C5BA1605619E:[om1|rpc:localhost:15007|priority:0|startupRole:FOLLOWER] returns group-C5BA1605619E:java.util.concurrent.CompletableFuture@59a330cd[Not completed]
2023-09-20 15:46:23,964 [main] INFO  om.OzoneManager (OzoneManager.java:initializeRatisServer(2148)) - OzoneManager Ratis server initialized at port 15007
2023-09-20 15:46:23,970 [main] INFO  om.OzoneManager (OzoneManager.java:getRpcServer(1196)) - Creating RPC Server
2023-09-20 15:46:23,975 [om1-groupManagement] INFO  server.RaftServer$Division (RaftServerImpl.java:<init>(198)) - om1: new RaftServerImpl for group-C5BA1605619E:[om1|rpc:localhost:15007|priority:0|startupRole:FOLLOWER] with OzoneManagerStateMachine:uninitialized
2023-09-20 15:46:23,978 [om1-groupManagement] INFO  server.RaftServerConfigKeys (ConfUtils.java:logGet(46)) - raft.server.rpc.timeout.min = 1s (custom)
2023-09-20 15:46:23,979 [om1-groupManagement] INFO  server.RaftServerConfigKeys (ConfUtils.java:logGet(46)) - raft.server.rpc.timeout.max = 1200ms (custom)
2023-09-20 15:46:23,979 [om1-groupManagement] INFO  server.RaftServerConfigKeys (ConfUtils.java:logGet(46)) - raft.server.rpc.sleep.time = 25ms (default)
2023-09-20 15:46:23,979 [om1-groupManagement] INFO  server.RaftServerConfigKeys (ConfUtils.java:logGet(46)) - raft.server.rpc.slowness.timeout = 120s (custom)
2023-09-20 15:46:23,980 [om1-groupManagement] INFO  server.RaftServerConfigKeys (ConfUtils.java:logGet(46)) - raft.server.leaderelection.leader.step-down.wait-time = 10s (default)
2023-09-20 15:46:23,980 [om1-groupManagement] INFO  server.RaftServerConfigKeys (ConfUtils.java:logGet(46)) - raft.server.sleep.deviation.threshold = 300ms (default)
2023-09-20 15:46:24,000 [om1-groupManagement] INFO  server.RaftServer$Division (ServerState.java:<init>(120)) - om1@group-C5BA1605619E: ConfigurationManager, init=-1: peers:[om1|rpc:localhost:15007|priority:0|startupRole:FOLLOWER]|listeners:[], old=null, confs=<EMPTY_MAP>
2023-09-20 15:46:24,000 [om1-groupManagement] INFO  server.RaftServerConfigKeys (ConfUtils.java:logGet(46)) - raft.server.storage.dir = [/home/runner/work/ozone/ozone/hadoop-ozone/integration-test/target/test-dir/MiniOzoneClusterImpl-8d56696e-0306-4140-8b78-3634a4a6d503/ozone-meta/ratis] (custom)
2023-09-20 15:46:24,017 [om1-groupManagement] INFO  server.RaftServerConfigKeys (ConfUtils.java:logGet(46)) - raft.server.log.corruption.policy = EXCEPTION (default)
2023-09-20 15:46:24,019 [om1-groupManagement] INFO  server.RaftServerConfigKeys (ConfUtils.java:logGet(46)) - raft.server.storage.free-space.min = 0MB (=0) (default)
2023-09-20 15:46:24,030 [om1-groupManagement] INFO  server.RaftServerConfigKeys (ConfUtils.java:logGet(46)) - raft.server.notification.no-leader.timeout = 120s (custom)
2023-09-20 15:46:24,035 [om1-groupManagement] INFO  server.RaftServerConfigKeys (ConfUtils.java:logGet(46)) - raft.server.read.timeout = 10s (default)
2023-09-20 15:46:24,039 [om1-groupManagement] INFO  server.RaftServerConfigKeys (ConfUtils.java:logGet(46)) - raft.server.retrycache.expirytime = 300s (custom)
2023-09-20 15:46:24,040 [om1-groupManagement] INFO  server.RaftServerConfigKeys (ConfUtils.java:logGet(46)) - raft.server.retrycache.statistics.expirytime = 100μs (default)
2023-09-20 15:46:24,073 [om1-groupManagement] INFO  server.RaftServerConfigKeys (ConfUtils.java:logGet(46)) - raft.server.read.option = DEFAULT (default)
2023-09-20 15:46:24,137 [om1-groupManagement] INFO  server.RaftServerConfigKeys (ConfUtils.java:logGet(46)) - raft.server.rpc.request.timeout = 3000ms (default)
2023-09-20 15:46:24,151 [om1-groupManagement] INFO  server.RaftServerConfigKeys (ConfUtils.java:logGet(46)) - raft.server.log.appender.install.snapshot.enabled = false (custom)
2023-09-20 15:46:24,151 [om1-groupManagement] INFO  server.RaftServerConfigKeys (ConfUtils.java:logGet(46)) - raft.server.threadpool.server.cached = true (default)
2023-09-20 15:46:24,154 [om1-groupManagement] INFO  server.RaftServerConfigKeys (ConfUtils.java:logGet(46)) - raft.server.threadpool.server.size = 0 (default)
2023-09-20 15:46:24,155 [om1-groupManagement] INFO  server.RaftServerConfigKeys (ConfUtils.java:logGet(46)) - raft.server.threadpool.client.cached = true (default)
2023-09-20 15:46:24,157 [om1-groupManagement] INFO  server.RaftServerConfigKeys (ConfUtils.java:logGet(46)) - raft.server.threadpool.client.size = 0 (default)
2023-09-20 15:46:24,972 [main] INFO  reflections.Reflections (Reflections.java:scan(232)) - Reflections took 883 ms to scan 20 urls, producing 70 keys and 6012 values [using 2 cores]
2023-09-20 15:46:25,242 [main] INFO  ipc.CallQueueManager (CallQueueManager.java:<init>(90)) - Using callQueue: class java.util.concurrent.LinkedBlockingQueue, queueCapacity: 2000, scheduler: class org.apache.hadoop.ipc.DefaultRpcScheduler, ipcBackoff: false.
2023-09-20 15:46:25,243 [main] INFO  ipc.Server (Server.java:<init>(1287)) - Listener at 127.0.0.1:15004
2023-09-20 15:46:25,246 [Socket Reader #1 for port 15004] INFO  ipc.Server (Server.java:run(1323)) - Starting Socket Reader #1 for port 15004
2023-09-20 15:46:25,286 [main] INFO  impl.MetricsSystemImpl (MetricsSystemImpl.java:init(158)) - OzoneManager metrics system started (again)
2023-09-20 15:46:25,303 [main] INFO  om.OzoneManager (OzoneManager.java:start(1633)) - OzoneManager RPC server is listening at localhost/127.0.0.1:15004
2023-09-20 15:46:25,304 [main] INFO  ratis.OzoneManagerRatisServer (OzoneManagerRatisServer.java:start(558)) - Starting OzoneManagerRatisServer om1 at port 15007
2023-09-20 15:46:25,308 [om1-impl-thread1] INFO  storage.RaftStorageDirectory (RaftStorageDirectoryImpl.java:analyzeStorage(137)) - The storage directory /home/runner/work/ozone/ozone/hadoop-ozone/integration-test/target/test-dir/MiniOzoneClusterImpl-8d56696e-0306-4140-8b78-3634a4a6d503/ozone-meta/ratis/bf265839-605b-3f16-9796-c5ba1605619e does not exist. Creating ...
2023-09-20 15:46:25,316 [om1-impl-thread1] INFO  storage.RaftStorageDirectory (RaftStorageDirectoryImpl.java:tryLock(231)) - Lock on /home/runner/work/ozone/ozone/hadoop-ozone/integration-test/target/test-dir/MiniOzoneClusterImpl-8d56696e-0306-4140-8b78-3634a4a6d503/ozone-meta/ratis/bf265839-605b-3f16-9796-c5ba1605619e/in_use.lock acquired by nodename 41628@fv-az345-844
2023-09-20 15:46:25,324 [om1-impl-thread1] INFO  storage.RaftStorage (RaftStorageImpl.java:format(96)) - Storage directory /home/runner/work/ozone/ozone/hadoop-ozone/integration-test/target/test-dir/MiniOzoneClusterImpl-8d56696e-0306-4140-8b78-3634a4a6d503/ozone-meta/ratis/bf265839-605b-3f16-9796-c5ba1605619e has been successfully formatted.
2023-09-20 15:46:25,328 [om1-impl-thread1] INFO  server.RaftServerConfigKeys (ConfUtils.java:logGet(46)) - raft.server.log.use.memory = false (default)
2023-09-20 15:46:25,341 [om1-impl-thread1] INFO  server.RaftServerConfigKeys (ConfUtils.java:logGet(46)) - raft.server.log.purge.gap = 1000000 (custom)
2023-09-20 15:46:25,341 [om1-impl-thread1] INFO  server.RaftServerConfigKeys (ConfUtils.java:logGet(46)) - raft.server.log.appender.buffer.byte-limit = 33554432 (custom)
2023-09-20 15:46:25,349 [om1-impl-thread1] INFO  server.RaftServerConfigKeys (ConfUtils.java:logGet(46)) - raft.server.log.statemachine.data.read.timeout = 1000ms (default)
2023-09-20 15:46:25,350 [om1-impl-thread1] INFO  server.RaftServerConfigKeys (ConfUtils.java:logGet(46)) - raft.server.log.purge.preservation.log.num = 0 (default)
2023-09-20 15:46:25,353 [om1-impl-thread1] INFO  server.RaftServerConfigKeys (ConfUtils.java:logGet(46)) - raft.server.log.segment.size.max = 4194304 (custom)
2023-09-20 15:46:25,360 [om1-impl-thread1] INFO  server.RaftServerConfigKeys (ConfUtils.java:logGet(46)) - raft.server.log.segment.cache.num.max = 2 (custom)
2023-09-20 15:46:25,361 [om1-impl-thread1] INFO  server.RaftServerConfigKeys (ConfUtils.java:logGet(46)) - raft.server.log.segment.cache.size.max = 200MB (=209715200) (default)
2023-09-20 15:46:25,361 [om1-impl-thread1] INFO  server.RaftServerConfigKeys (ConfUtils.java:logGet(46)) - raft.server.log.appender.buffer.byte-limit = 33554432 (custom)
2023-09-20 15:46:25,369 [om1-impl-thread1] INFO  segmented.SegmentedRaftLogWorker (SegmentedRaftLogWorker.java:<init>(188)) - new om1@group-C5BA1605619E-SegmentedRaftLogWorker for RaftStorageImpl:Storage Directory /home/runner/work/ozone/ozone/hadoop-ozone/integration-test/target/test-dir/MiniOzoneClusterImpl-8d56696e-0306-4140-8b78-3634a4a6d503/ozone-meta/ratis/bf265839-605b-3f16-9796-c5ba1605619e
2023-09-20 15:46:25,369 [om1-impl-thread1] INFO  server.RaftServerConfigKeys (ConfUtils.java:logGet(46)) - raft.server.log.queue.byte-limit = 64MB (=67108864) (default)
2023-09-20 15:46:25,370 [om1-impl-thread1] INFO  server.RaftServerConfigKeys (ConfUtils.java:logGet(46)) - raft.server.log.queue.element-limit = 4096 (default)
2023-09-20 15:46:25,371 [om1-impl-thread1] INFO  server.RaftServerConfigKeys (ConfUtils.java:logGet(46)) - raft.server.log.segment.size.max = 4194304 (custom)
2023-09-20 15:46:25,371 [om1-impl-thread1] INFO  server.RaftServerConfigKeys (ConfUtils.java:logGet(46)) - raft.server.log.preallocated.size = 4194304 (custom)
2023-09-20 15:46:25,372 [om1-impl-thread1] INFO  server.RaftServerConfigKeys (ConfUtils.java:logGet(46)) - raft.server.log.force.sync.num = 128 (default)
2023-09-20 15:46:25,373 [om1-impl-thread1] INFO  server.RaftServerConfigKeys (ConfUtils.java:logGet(46)) - raft.server.log.statemachine.data.sync = true (default)
2023-09-20 15:46:25,373 [om1-impl-thread1] INFO  server.RaftServerConfigKeys (ConfUtils.java:logGet(46)) - raft.server.log.statemachine.data.sync.timeout = 10s (default)
2023-09-20 15:46:25,374 [om1-impl-thread1] INFO  server.RaftServerConfigKeys (ConfUtils.java:logGet(46)) - raft.server.log.statemachine.data.sync.timeout.retry = -1 (default)
2023-09-20 15:46:25,387 [om1-impl-thread1] INFO  server.RaftServerConfigKeys (ConfUtils.java:logGet(46)) - raft.server.log.write.buffer.size = 64KB (=65536) (default)
2023-09-20 15:46:25,387 [om1-impl-thread1] INFO  server.RaftServerConfigKeys (ConfUtils.java:logGet(46)) - raft.server.log.appender.buffer.byte-limit = 33554432 (custom)
2023-09-20 15:46:25,399 [om1-impl-thread1] INFO  server.RaftServerConfigKeys (ConfUtils.java:logGet(46)) - raft.server.log.unsafe-flush.enabled = false (default)
2023-09-20 15:46:25,400 [om1-impl-thread1] INFO  server.RaftServerConfigKeys (ConfUtils.java:logGet(46)) - raft.server.log.async-flush.enabled = false (default)
2023-09-20 15:46:25,400 [om1-impl-thread1] INFO  server.RaftServerConfigKeys (ConfUtils.java:logGet(46)) - raft.server.log.statemachine.data.caching.enabled = false (default)
2023-09-20 15:46:25,408 [om1-impl-thread1] INFO  segmented.SegmentedRaftLogWorker (SegmentedRaftLogWorker.java:lambda$new$0(135)) - om1@group-C5BA1605619E-SegmentedRaftLogWorker: flushIndex: setUnconditionally 0 -> -1
2023-09-20 15:46:25,408 [om1-impl-thread1] INFO  segmented.SegmentedRaftLogWorker (SegmentedRaftLogWorker.java:lambda$new$0(135)) - om1@group-C5BA1605619E-SegmentedRaftLogWorker: safeCacheEvictIndex: setUnconditionally 0 -> -1
2023-09-20 15:46:25,410 [om1-impl-thread1] INFO  server.RaftServer$Division (RaftServerImpl.java:start(342)) - om1@group-C5BA1605619E: start as a follower, conf=-1: peers:[om1|rpc:localhost:15007|priority:0|startupRole:FOLLOWER]|listeners:[], old=null
2023-09-20 15:46:25,418 [om1-impl-thread1] INFO  server.RaftServer$Division (RaftServerImpl.java:setRole(329)) - om1@group-C5BA1605619E: changes role from      null to FOLLOWER at term 0 for startAsFollower
2023-09-20 15:46:25,420 [om1-impl-thread1] INFO  impl.RoleInfo (RoleInfo.java:updateAndGet(139)) - om1: start om1@group-C5BA1605619E-FollowerState
2023-09-20 15:46:25,424 [om1-impl-thread1] INFO  util.JmxRegister (JmxRegister.java:tryRegister(44)) - Successfully registered JMX Bean with object name Ratis:service=RaftServer,group=group-C5BA1605619E,id=om1
2023-09-20 15:46:25,427 [om1@group-C5BA1605619E-FollowerState] INFO  server.RaftServerConfigKeys (ConfUtils.java:logFallback(53)) - raft.server.rpc.first-election.timeout.min = 1s (fallback to raft.server.rpc.timeout.min)
2023-09-20 15:46:25,427 [om1@group-C5BA1605619E-FollowerState] INFO  server.RaftServerConfigKeys (ConfUtils.java:logFallback(53)) - raft.server.rpc.first-election.timeout.max = 1200ms (fallback to raft.server.rpc.timeout.max)
2023-09-20 15:46:25,428 [om1-impl-thread1] INFO  server.RaftServerConfigKeys (ConfUtils.java:logGet(46)) - raft.server.snapshot.auto.trigger.enabled = true (custom)
2023-09-20 15:46:25,428 [om1-impl-thread1] INFO  server.RaftServerConfigKeys (ConfUtils.java:logGet(46)) - raft.server.snapshot.auto.trigger.threshold = 400000 (default)
2023-09-20 15:46:25,429 [om1-impl-thread1] INFO  server.RaftServerConfigKeys (ConfUtils.java:logGet(46)) - raft.server.snapshot.retention.file.num = -1 (default)
2023-09-20 15:46:25,430 [om1-impl-thread1] INFO  server.RaftServerConfigKeys (ConfUtils.java:logGet(46)) - raft.server.log.purge.upto.snapshot.index = true (custom)
2023-09-20 15:46:25,434 [main] INFO  server.RaftServer (RaftServerProxy.java:startImpl(400)) - om1: start RPC server
2023-09-20 15:46:25,502 [main] INFO  server.GrpcService (GrpcService.java:startImpl(302)) - om1: GrpcService started, listening on 15007
2023-09-20 15:46:25,509 [main] INFO  om.OzoneManager (OzoneManager.java:start(1649)) - Version File has different layout version (6) than OM DB (null). That is expected if this OM has never been finalized to a newer layout version.
2023-09-20 15:46:25,513 [JvmPauseMonitor1] INFO  util.JvmPauseMonitor (JvmPauseMonitor.java:run(103)) - JvmPauseMonitor-om1: Started
2023-09-20 15:46:25,546 [main] INFO  http.BaseHttpServer (BaseHttpServer.java:newHttpServer2BuilderForOzone(223)) - Starting Web-server for ozoneManager at: http://0.0.0.0:15005
2023-09-20 15:46:25,546 [main] INFO  http.BaseHttpServer (BaseHttpServer.java:<init>(110)) - Hadoop Security Enabled: false Ozone Security Enabled: false Ozone HTTP Security Enabled: false 
2023-09-20 15:46:25,548 [main] WARN  server.AuthenticationFilter (AuthenticationFilter.java:constructSecretProvider(240)) - Unable to initialize FileSignerSecretProvider, falling back to use random secrets. Reason: Could not read signature secret file: /home/runner/hadoop-http-auth-signature-secret
2023-09-20 15:46:25,559 [main] INFO  http.HttpRequestLog (HttpRequestLog.java:getRequestLog(86)) - Http request log for http.requests.ozoneManager is not defined
2023-09-20 15:46:25,562 [main] INFO  http.HttpServer2 (HttpServer2.java:addGlobalFilter(1031)) - Added global filter 'safety' (class=org.apache.hadoop.hdds.server.http.HttpServer2$QuotingInputFilter)
2023-09-20 15:46:25,563 [main] INFO  http.HttpServer2 (HttpServer2.java:addFilter(1007)) - Added filter static_user_filter (class=org.apache.hadoop.http.lib.StaticUserWebFilter$StaticUserFilter) to context ozoneManager
2023-09-20 15:46:25,563 [main] INFO  http.HttpServer2 (HttpServer2.java:addFilter(1015)) - Added filter static_user_filter (class=org.apache.hadoop.http.lib.StaticUserWebFilter$StaticUserFilter) to context static
2023-09-20 15:46:25,564 [main] INFO  http.HttpServer2 (HttpServer2.java:addFilter(1015)) - Added filter static_user_filter (class=org.apache.hadoop.http.lib.StaticUserWebFilter$StaticUserFilter) to context logs
2023-09-20 15:46:25,565 [main] INFO  http.BaseHttpServer (BaseHttpServer.java:<init>(189)) - HTTP server of ozoneManager uses base directory /home/runner/work/ozone/ozone/hadoop-ozone/integration-test/target/test-dir/MiniOzoneClusterImpl-8d56696e-0306-4140-8b78-3634a4a6d503/ozone-meta/webserver
2023-09-20 15:46:25,570 [main] INFO  http.HttpServer2 (HttpServer2.java:bindListener(1231)) - Jetty bound to port 15005
2023-09-20 15:46:25,570 [main] INFO  server.Server (Server.java:doStart(375)) - jetty-9.4.52.v20230823; built: 2023-08-23T19:29:37.669Z; git: abdcda73818a1a2c705da276edb0bf6581e7997e; jvm 1.8.0_382-b05
2023-09-20 15:46:25,580 [main] INFO  server.session (DefaultSessionIdManager.java:doStart(334)) - DefaultSessionIdManager workerName=node0
2023-09-20 15:46:25,581 [main] INFO  server.session (DefaultSessionIdManager.java:doStart(339)) - No SessionScavenger set, using defaults
2023-09-20 15:46:25,581 [main] INFO  server.session (HouseKeeper.java:startScavenging(132)) - node0 Scavenging every 600000ms
2023-09-20 15:46:25,583 [main] INFO  handler.ContextHandler (ContextHandler.java:doStart(921)) - Started o.e.j.s.ServletContextHandler@6df51259{logs,/logs,file:///home/runner/work/ozone/ozone/hadoop-ozone/integration-test/target/log,AVAILABLE}
2023-09-20 15:46:25,583 [main] INFO  handler.ContextHandler (ContextHandler.java:doStart(921)) - Started o.e.j.s.ServletContextHandler@3e709353{static,/static,file:///home/runner/work/ozone/ozone/hadoop-ozone/integration-test/target/test-classes/webapps/static,AVAILABLE}
2023-09-20 15:46:25,589 [main] INFO  handler.ContextHandler (ContextHandler.java:doStart(921)) - Started o.e.j.w.WebAppContext@5d9d1953{ozoneManager,/,file:///home/runner/work/ozone/ozone/hadoop-ozone/integration-test/target/test-classes/webapps/ozoneManager/,AVAILABLE}{file:/home/runner/work/ozone/ozone/hadoop-ozone/integration-test/target/test-classes/webapps/ozoneManager}
2023-09-20 15:46:25,590 [main] INFO  server.AbstractConnector (AbstractConnector.java:doStart(333)) - Started ServerConnector@60f9d3e1{HTTP/1.1, (http/1.1)}{0.0.0.0:15005}
2023-09-20 15:46:25,591 [main] INFO  server.Server (Server.java:doStart(415)) - Started @11137ms
2023-09-20 15:46:25,591 [main] WARN  impl.MetricsSystemImpl (MetricsSystemImpl.java:register(279)) - Sink prometheus already exists!
2023-09-20 15:46:25,592 [main] INFO  http.BaseHttpServer (BaseHttpServer.java:updateConnectorAddress(354)) - HTTP server of ozoneManager listening at http://0.0.0.0:15005
2023-09-20 15:46:25,592 [IPC Server Responder] INFO  ipc.Server (Server.java:run(1562)) - IPC Server Responder: starting
2023-09-20 15:46:25,593 [IPC Server listener on 15004] INFO  ipc.Server (Server.java:run(1402)) - IPC Server listener on 15004: starting
2023-09-20 15:46:25,602 [main] INFO  om.OzoneManager (OzoneManager.java:startTrashEmptier(2101)) - Trash Interval set to 0. Files deleted won't move to trash
2023-09-20 15:46:25,854 [main] WARN  impl.MetricRegistriesImpl (MetricRegistriesImpl.java:addReporterRegistration(111)) - New reporters are added after registries were created. Some metrics will be missing from the reporter. Please add reporter before adding any new registry.
2023-09-20 15:46:25,854 [main] WARN  impl.MetricRegistriesImpl (MetricRegistriesImpl.java:addReporterRegistration(111)) - New reporters are added after registries were created. Some metrics will be missing from the reporter. Please add reporter before adding any new registry.
2023-09-20 15:46:25,855 [main] INFO  impl.MetricsSystemImpl (MetricsSystemImpl.java:init(158)) - HddsDatanode metrics system started (again)
2023-09-20 15:46:25,882 [main] INFO  ozone.HddsDatanodeService (HddsDatanodeService.java:start(237)) - HddsDatanodeService host:fv-az345-844.jvbsasuktymudpoi5cueu5eohe.gx.internal.cloudapp.net ip:10.1.0.36
2023-09-20 15:46:25,927 [main] INFO  upgrade.AbstractLayoutVersionManager (AbstractLayoutVersionManager.java:init(83)) - Initializing Layout version manager with metadata layout = HADOOP_PRC_PORTS_IN_DATANODEDETAILS (version = 7), software layout = HADOOP_PRC_PORTS_IN_DATANODEDETAILS (version = 7)
2023-09-20 15:46:25,930 [main] INFO  statemachine.DatanodeStateMachine (DatanodeStateMachine.java:getEndPointTaskThreadPoolSize(284)) - Datanode State Machine Task Thread Pool size 2
2023-09-20 15:46:26,006 [main] INFO  volume.HddsVolume (HddsVolume.java:<init>(126)) - Creating HddsVolume: /home/runner/work/ozone/ozone/hadoop-ozone/integration-test/target/test-dir/MiniOzoneClusterImpl-8d56696e-0306-4140-8b78-3634a4a6d503/datanode-0/data-0/containers/hdds of storage type : DISK capacity : 9223372036854775807
2023-09-20 15:46:26,009 [main] INFO  volume.MutableVolumeSet (MutableVolumeSet.java:initializeVolumeSet(173)) - Added Volume : /home/runner/work/ozone/ozone/hadoop-ozone/integration-test/target/test-dir/MiniOzoneClusterImpl-8d56696e-0306-4140-8b78-3634a4a6d503/datanode-0/data-0/containers/hdds to VolumeSet
2023-09-20 15:46:26,014 [main] INFO  volume.MutableVolumeSet (MutableVolumeSet.java:initializeVolumeSet(173)) - Added Volume : /home/runner/work/ozone/ozone/hadoop-ozone/integration-test/target/test-dir/MiniOzoneClusterImpl-8d56696e-0306-4140-8b78-3634a4a6d503/datanode-0/data/ratis to VolumeSet
2023-09-20 15:46:26,030 [Thread-140] INFO  ozoneimpl.ContainerReader (ContainerReader.java:readVolume(177)) - Finish verifying containers on volume /home/runner/work/ozone/ozone/hadoop-ozone/integration-test/target/test-dir/MiniOzoneClusterImpl-8d56696e-0306-4140-8b78-3634a4a6d503/datanode-0/data-0/containers/hdds
2023-09-20 15:46:26,031 [main] INFO  ozoneimpl.OzoneContainer (OzoneContainer.java:buildContainerSet(314)) - Build ContainerSet costs 0s
2023-09-20 15:46:26,093 [main] INFO  audit.AuditLogger (AuditLogger.java:refreshDebugCmdSet(126)) - Refresh DebugCmdSet for DNAudit to [].
2023-09-20 15:46:26,129 [main] INFO  server.RaftServer (ConfUtils.java:logGet(46)) - raft.rpc.type = GRPC (default)
2023-09-20 15:46:26,129 [main] INFO  grpc.GrpcConfigKeys (ConfUtils.java:logFallback(53)) - raft.grpc.admin.host = null (fallback to raft.grpc.server.host)
2023-09-20 15:46:26,129 [main] INFO  grpc.GrpcConfigKeys (ConfUtils.java:logGet(46)) - raft.grpc.admin.port = 15013 (custom)
2023-09-20 15:46:26,130 [main] INFO  grpc.GrpcConfigKeys (ConfUtils.java:logFallback(53)) - raft.grpc.client.host = null (fallback to raft.grpc.server.host)
2023-09-20 15:46:26,130 [main] INFO  grpc.GrpcConfigKeys (ConfUtils.java:logGet(46)) - raft.grpc.client.port = 15012 (custom)
2023-09-20 15:46:26,130 [main] INFO  grpc.GrpcConfigKeys (ConfUtils.java:logGet(46)) - raft.grpc.server.host = null (default)
2023-09-20 15:46:26,130 [main] INFO  grpc.GrpcConfigKeys (ConfUtils.java:logGet(46)) - raft.grpc.server.port = 15014 (custom)
2023-09-20 15:46:26,131 [main] INFO  server.GrpcService (ConfUtils.java:logGet(46)) - raft.grpc.message.size.max = 32MB (=33554432) (custom)
2023-09-20 15:46:26,131 [main] INFO  server.RaftServerConfigKeys (ConfUtils.java:logGet(46)) - raft.server.log.appender.buffer.byte-limit = 33554432 (custom)
2023-09-20 15:46:26,131 [main] INFO  server.GrpcService (ConfUtils.java:logGet(46)) - raft.grpc.flow.control.window = 5MB (=5242880) (custom)
2023-09-20 15:46:26,132 [main] INFO  server.RaftServerConfigKeys (ConfUtils.java:logGet(46)) - raft.server.rpc.request.timeout = 60s (custom)
2023-09-20 15:46:26,132 [main] INFO  grpc.GrpcConfigKeys (ConfUtils.java:logGet(46)) - raft.grpc.server.heartbeat.channel = true (default)
2023-09-20 15:46:26,132 [main] INFO  grpc.GrpcConfigKeys (ConfUtils.java:logGet(46)) - raft.grpc.server.async.request.thread.pool.cached = true (default)
2023-09-20 15:46:26,132 [main] INFO  grpc.GrpcConfigKeys (ConfUtils.java:logGet(46)) - raft.grpc.server.async.request.thread.pool.size = 32 (default)
2023-09-20 15:46:26,136 [main] INFO  impl.DataStreamServerImpl (ConfUtils.java:logGet(46)) - raft.datastream.type = NETTY (custom)
2023-09-20 15:46:26,147 [main] INFO  server.RaftServerConfigKeys (ConfUtils.java:logGet(46)) - raft.server.data-stream.async.request.thread.pool.cached = false (default)
2023-09-20 15:46:26,148 [main] INFO  server.RaftServerConfigKeys (ConfUtils.java:logGet(46)) - raft.server.data-stream.async.request.thread.pool.size = 20 (custom)
2023-09-20 15:46:26,148 [main] INFO  server.RaftServerConfigKeys (ConfUtils.java:logGet(46)) - raft.server.data-stream.async.write.thread.pool.size = 16 (default)
2023-09-20 15:46:26,149 [main] INFO  server.RaftServerConfigKeys (ConfUtils.java:logGet(46)) - raft.server.data-stream.client.pool.size = 10 (default)
2023-09-20 15:46:26,153 [main] INFO  netty.NettyConfigKeys$DataStream (ConfUtils.java:logGet(46)) - raft.netty.dataStream.server.use-epoll = false (default)
2023-09-20 15:46:26,154 [main] INFO  netty.NettyConfigKeys$DataStream (ConfUtils.java:logGet(46)) - raft.netty.dataStream.server.boss-group.size = 0 (default)
2023-09-20 15:46:26,162 [main] INFO  netty.NettyConfigKeys$DataStream (ConfUtils.java:logGet(46)) - raft.netty.dataStream.server.worker-group.size = 0 (default)
2023-09-20 15:46:26,179 [main] INFO  netty.NettyConfigKeys$DataStream (ConfUtils.java:logGet(46)) - raft.netty.dataStream.server.tls.conf = null (default)
2023-09-20 15:46:26,182 [main] INFO  netty.NettyConfigKeys$DataStream (ConfUtils.java:logGet(46)) - raft.netty.dataStream.host = null (default)
2023-09-20 15:46:26,182 [main] INFO  netty.NettyConfigKeys$DataStream (ConfUtils.java:logGet(46)) - raft.netty.dataStream.port = 15015 (custom)
2023-09-20 15:46:26,195 [main] INFO  server.RaftServerConfigKeys (ConfUtils.java:logGet(46)) - raft.server.threadpool.proxy.cached = true (default)
2023-09-20 15:46:26,195 [main] INFO  server.RaftServerConfigKeys (ConfUtils.java:logGet(46)) - raft.server.threadpool.proxy.size = 0 (default)
2023-09-20 15:46:26,196 [main] INFO  server.RaftServerConfigKeys (ConfUtils.java:logGet(46)) - raft.server.rpc.slowness.timeout = 300s (custom)
2023-09-20 15:46:26,196 [main] INFO  server.RaftServerConfigKeys (ConfUtils.java:logGet(46)) - raft.server.leaderelection.leader.step-down.wait-time = 10s (default)
2023-09-20 15:46:26,196 [main] INFO  server.RaftServerConfigKeys (ConfUtils.java:logGet(46)) - raft.server.storage.dir = [/home/runner/work/ozone/ozone/hadoop-ozone/integration-test/target/test-dir/MiniOzoneClusterImpl-8d56696e-0306-4140-8b78-3634a4a6d503/datanode-0/data/ratis] (custom)
2023-09-20 15:46:26,202 [9499e333-9dfc-4832-8419-7e757e6a4f60-impl-thread1] INFO  server.RaftServer (RaftServerProxy.java:initGroupDir(258)) - 9499e333-9dfc-4832-8419-7e757e6a4f60: found a subdirectory /home/runner/work/ozone/ozone/hadoop-ozone/integration-test/target/test-dir/MiniOzoneClusterImpl-8d56696e-0306-4140-8b78-3634a4a6d503/datanode-0/data/ratis/tmp
2023-09-20 15:46:26,205 [9499e333-9dfc-4832-8419-7e757e6a4f60-impl-thread1] INFO  server.RaftServer (RaftServerProxy.java:initGroupDir(263)) - 9499e333-9dfc-4832-8419-7e757e6a4f60: The directory /home/runner/work/ozone/ozone/hadoop-ozone/integration-test/target/test-dir/MiniOzoneClusterImpl-8d56696e-0306-4140-8b78-3634a4a6d503/datanode-0/data/ratis/tmp is not a group directory; ignoring it. 
2023-09-20 15:46:26,208 [main] INFO  replication.ReplicationServer (ReplicationServer.java:<init>(83)) - Initializing replication server with thread count = 10 queue length = 4096
2023-09-20 15:46:26,231 [9499e333-9dfc-4832-8419-7e757e6a4f60-NettyServerStreamRpc-bossGroup--thread1] INFO  logging.LoggingHandler (AbstractInternalLogger.java:log(148)) - [id: 0x0c4d00a9] REGISTERED
2023-09-20 15:46:26,232 [9499e333-9dfc-4832-8419-7e757e6a4f60-NettyServerStreamRpc-bossGroup--thread1] INFO  logging.LoggingHandler (AbstractInternalLogger.java:log(148)) - [id: 0x0c4d00a9] BIND: 0.0.0.0/0.0.0.0:15015
2023-09-20 15:46:26,233 [9499e333-9dfc-4832-8419-7e757e6a4f60-NettyServerStreamRpc-bossGroup--thread1] INFO  logging.LoggingHandler (AbstractInternalLogger.java:log(148)) - [id: 0x0c4d00a9, L:/0:0:0:0:0:0:0:0:15015] ACTIVE
2023-09-20 15:46:26,245 [main] INFO  server.XceiverServerGrpc (XceiverServerGrpc.java:<init>(132)) - GrpcServer channel type EpollServerSocketChannel
2023-09-20 15:46:26,308 [main] INFO  replication.ReplicationSupervisor (ReplicationSupervisor.java:build(155)) - Initializing replication supervisor with thread count = 10
2023-09-20 15:46:26,309 [main] INFO  replication.ReplicationSupervisor (ReplicationSupervisor.java:nodeStateUpdated(307)) - Node state updated to IN_SERVICE, scaling executor pool size to 10
2023-09-20 15:46:26,385 [main] INFO  http.BaseHttpServer (BaseHttpServer.java:newHttpServer2BuilderForOzone(223)) - Starting Web-server for hddsDatanode at: http://0.0.0.0:15009
2023-09-20 15:46:26,386 [main] INFO  http.BaseHttpServer (BaseHttpServer.java:<init>(110)) - Hadoop Security Enabled: false Ozone Security Enabled: false Ozone HTTP Security Enabled: false 
2023-09-20 15:46:26,388 [main] WARN  server.AuthenticationFilter (AuthenticationFilter.java:constructSecretProvider(240)) - Unable to initialize FileSignerSecretProvider, falling back to use random secrets. Reason: Could not read signature secret file: /home/runner/hadoop-http-auth-signature-secret
2023-09-20 15:46:26,389 [main] INFO  http.HttpRequestLog (HttpRequestLog.java:getRequestLog(86)) - Http request log for http.requests.hddsDatanode is not defined
2023-09-20 15:46:26,391 [main] INFO  http.HttpServer2 (HttpServer2.java:addGlobalFilter(1031)) - Added global filter 'safety' (class=org.apache.hadoop.hdds.server.http.HttpServer2$QuotingInputFilter)
2023-09-20 15:46:26,392 [main] INFO  http.HttpServer2 (HttpServer2.java:addFilter(1007)) - Added filter static_user_filter (class=org.apache.hadoop.http.lib.StaticUserWebFilter$StaticUserFilter) to context hddsDatanode
2023-09-20 15:46:26,393 [main] INFO  http.HttpServer2 (HttpServer2.java:addFilter(1015)) - Added filter static_user_filter (class=org.apache.hadoop.http.lib.StaticUserWebFilter$StaticUserFilter) to context static
2023-09-20 15:46:26,393 [main] INFO  http.HttpServer2 (HttpServer2.java:addFilter(1015)) - Added filter static_user_filter (class=org.apache.hadoop.http.lib.StaticUserWebFilter$StaticUserFilter) to context logs
2023-09-20 15:46:26,394 [main] INFO  http.BaseHttpServer (BaseHttpServer.java:<init>(189)) - HTTP server of hddsDatanode uses base directory /home/runner/work/ozone/ozone/hadoop-ozone/integration-test/target/test-dir/MiniOzoneClusterImpl-8d56696e-0306-4140-8b78-3634a4a6d503/datanode-0/meta/webserver
2023-09-20 15:46:26,397 [main] INFO  http.HttpServer2 (HttpServer2.java:bindListener(1231)) - Jetty bound to port 15009
2023-09-20 15:46:26,397 [main] INFO  server.Server (Server.java:doStart(375)) - jetty-9.4.52.v20230823; built: 2023-08-23T19:29:37.669Z; git: abdcda73818a1a2c705da276edb0bf6581e7997e; jvm 1.8.0_382-b05
2023-09-20 15:46:26,400 [main] INFO  server.session (DefaultSessionIdManager.java:doStart(334)) - DefaultSessionIdManager workerName=node0
2023-09-20 15:46:26,400 [main] INFO  server.session (DefaultSessionIdManager.java:doStart(339)) - No SessionScavenger set, using defaults
2023-09-20 15:46:26,401 [main] INFO  server.session (HouseKeeper.java:startScavenging(132)) - node0 Scavenging every 600000ms
2023-09-20 15:46:26,404 [main] INFO  handler.ContextHandler (ContextHandler.java:doStart(921)) - Started o.e.j.s.ServletContextHandler@3e87d5da{logs,/logs,file:///home/runner/work/ozone/ozone/hadoop-ozone/integration-test/target/log,AVAILABLE}
2023-09-20 15:46:26,405 [main] INFO  handler.ContextHandler (ContextHandler.java:doStart(921)) - Started o.e.j.s.ServletContextHandler@1a3bebf9{static,/static,jar:file:/home/runner/.m2/repository/org/apache/ozone/hdds-container-service/1.4.0-SNAPSHOT/hdds-container-service-1.4.0-SNAPSHOT.jar!/webapps/static,AVAILABLE}
2023-09-20 15:46:26,541 [om1@group-C5BA1605619E-FollowerState] INFO  impl.FollowerState (FollowerState.java:run(143)) - om1@group-C5BA1605619E-FollowerState: change to CANDIDATE, lastRpcElapsedTime:1120623799ns, electionTimeout:1111ms
2023-09-20 15:46:26,542 [om1@group-C5BA1605619E-FollowerState] INFO  impl.RoleInfo (RoleInfo.java:shutdownFollowerState(110)) - om1: shutdown om1@group-C5BA1605619E-FollowerState
2023-09-20 15:46:26,543 [om1@group-C5BA1605619E-FollowerState] INFO  server.RaftServer$Division (RaftServerImpl.java:setRole(329)) - om1@group-C5BA1605619E: changes role from  FOLLOWER to CANDIDATE at term 0 for changeToCandidate
2023-09-20 15:46:26,548 [om1@group-C5BA1605619E-FollowerState] INFO  server.RaftServerConfigKeys (ConfUtils.java:logGet(46)) - raft.server.leaderelection.pre-vote = true (default)
2023-09-20 15:46:26,548 [om1@group-C5BA1605619E-FollowerState] INFO  impl.RoleInfo (RoleInfo.java:updateAndGet(139)) - om1: start om1@group-C5BA1605619E-LeaderElection1
2023-09-20 15:46:26,571 [om1@group-C5BA1605619E-LeaderElection1] INFO  impl.LeaderElection (LeaderElection.java:askForVotes(321)) - om1@group-C5BA1605619E-LeaderElection1 PRE_VOTE round 0: submit vote requests at term 0 for -1: peers:[om1|rpc:localhost:15007|priority:0|startupRole:FOLLOWER]|listeners:[], old=null
2023-09-20 15:46:26,572 [om1@group-C5BA1605619E-LeaderElection1] INFO  impl.LeaderElection (LeaderElection.java:askForVotes(323)) - om1@group-C5BA1605619E-LeaderElection1 PRE_VOTE round 0: result PASSED (term=0)
2023-09-20 15:46:26,576 [om1@group-C5BA1605619E-LeaderElection1] INFO  impl.LeaderElection (LeaderElection.java:askForVotes(321)) - om1@group-C5BA1605619E-LeaderElection1 ELECTION round 0: submit vote requests at term 1 for -1: peers:[om1|rpc:localhost:15007|priority:0|startupRole:FOLLOWER]|listeners:[], old=null
2023-09-20 15:46:26,578 [om1@group-C5BA1605619E-LeaderElection1] INFO  impl.LeaderElection (LeaderElection.java:askForVotes(323)) - om1@group-C5BA1605619E-LeaderElection1 ELECTION round 0: result PASSED (term=1)
2023-09-20 15:46:26,579 [om1@group-C5BA1605619E-LeaderElection1] INFO  impl.RoleInfo (RoleInfo.java:shutdownLeaderElection(130)) - om1: shutdown om1@group-C5BA1605619E-LeaderElection1
2023-09-20 15:46:26,580 [om1@group-C5BA1605619E-LeaderElection1] INFO  server.RaftServer$Division (RaftServerImpl.java:setRole(329)) - om1@group-C5BA1605619E: changes role from CANDIDATE to LEADER at term 1 for changeToLeader
2023-09-20 15:46:26,586 [om1@group-C5BA1605619E-LeaderElection1] INFO  server.RaftServer$Division (ServerState.java:setLeader(317)) - om1@group-C5BA1605619E: change Leader from null to om1 at term 1 for becomeLeader, leader elected after 2551ms
2023-09-20 15:46:26,595 [om1@group-C5BA1605619E-LeaderElection1] INFO  server.RaftServerConfigKeys (ConfUtils.java:logGet(46)) - raft.server.staging.catchup.gap = 1000 (default)
2023-09-20 15:46:26,608 [om1@group-C5BA1605619E-LeaderElection1] INFO  server.RaftServerConfigKeys (ConfUtils.java:logGet(46)) - raft.server.write.element-limit = 4096 (default)
2023-09-20 15:46:26,611 [om1@group-C5BA1605619E-LeaderElection1] INFO  server.RaftServerConfigKeys (ConfUtils.java:logGet(46)) - raft.server.write.byte-limit = 64MB (=67108864) (default)
2023-09-20 15:46:26,621 [om1@group-C5BA1605619E-LeaderElection1] INFO  server.RaftServerConfigKeys (ConfUtils.java:logGet(46)) - raft.server.watch.timeout = 10s (default)
2023-09-20 15:46:26,621 [om1@group-C5BA1605619E-LeaderElection1] INFO  server.RaftServerConfigKeys (ConfUtils.java:logGet(46)) - raft.server.watch.timeout.denomination = 1s (default)
2023-09-20 15:46:26,624 [om1@group-C5BA1605619E-LeaderElection1] INFO  server.RaftServerConfigKeys (ConfUtils.java:logGet(46)) - raft.server.watch.element-limit = 65536 (default)
2023-09-20 15:46:26,631 [om1@group-C5BA1605619E-LeaderElection1] INFO  server.RaftServerConfigKeys (ConfUtils.java:logGet(46)) - raft.server.write.element-limit = 4096 (default)
2023-09-20 15:46:26,634 [om1@group-C5BA1605619E-LeaderElection1] INFO  server.RaftServerConfigKeys (ConfUtils.java:logGet(46)) - raft.server.write.follower.gap.ratio.max = -1.0 (default)
2023-09-20 15:46:26,639 [om1@group-C5BA1605619E-LeaderElection1] INFO  impl.RoleInfo (RoleInfo.java:updateAndGet(139)) - om1: start om1@group-C5BA1605619E-LeaderStateImpl
2023-09-20 15:46:26,673 [om1@group-C5BA1605619E-LeaderElection1] INFO  segmented.SegmentedRaftLogWorker (SegmentedRaftLogWorker.java:startLogSegment(447)) - om1@group-C5BA1605619E-SegmentedRaftLogWorker: Starting segment from index:0
2023-09-20 15:46:26,758 [om1@group-C5BA1605619E-LeaderElection1] INFO  server.RaftServer$Division (ServerState.java:setRaftConf(434)) - om1@group-C5BA1605619E: set configuration 0: peers:[om1|rpc:localhost:15007|admin:|client:|dataStream:|priority:0|startupRole:FOLLOWER]|listeners:[], old=null
2023-09-20 15:46:26,905 [main] INFO  handler.ContextHandler (ContextHandler.java:doStart(921)) - Started o.e.j.w.WebAppContext@466d236c{hddsDatanode,/,file:///home/runner/work/ozone/ozone/hadoop-ozone/integration-test/target/test-dir/MiniOzoneClusterImpl-8d56696e-0306-4140-8b78-3634a4a6d503/datanode-0/meta/webserver/jetty-0_0_0_0-15009-hdds-container-service-1_4_0-SNAPSHOT_jar-_-any-7866650026938245111/webapp/,AVAILABLE}{jar:file:/home/runner/.m2/repository/org/apache/ozone/hdds-container-service/1.4.0-SNAPSHOT/hdds-container-service-1.4.0-SNAPSHOT.jar!/webapps/hddsDatanode}
2023-09-20 15:46:26,909 [main] INFO  server.AbstractConnector (AbstractConnector.java:doStart(333)) - Started ServerConnector@27943321{HTTP/1.1, (http/1.1)}{0.0.0.0:15009}
2023-09-20 15:46:26,909 [main] INFO  server.Server (Server.java:doStart(415)) - Started @12455ms
2023-09-20 15:46:26,909 [main] WARN  impl.MetricsSystemImpl (MetricsSystemImpl.java:register(279)) - Sink prometheus already exists!
2023-09-20 15:46:26,911 [main] INFO  http.BaseHttpServer (BaseHttpServer.java:updateConnectorAddress(354)) - HTTP server of hddsDatanode listening at http://0.0.0.0:15009
2023-09-20 15:46:26,916 [main] INFO  ipc.CallQueueManager (CallQueueManager.java:<init>(90)) - Using callQueue: class java.util.concurrent.LinkedBlockingQueue, queueCapacity: 100, scheduler: class org.apache.hadoop.ipc.DefaultRpcScheduler, ipcBackoff: false.
2023-09-20 15:46:26,917 [main] INFO  ipc.Server (Server.java:<init>(1287)) - Listener at 0.0.0.0:15010
2023-09-20 15:46:26,918 [Socket Reader #1 for port 15010] INFO  ipc.Server (Server.java:run(1323)) - Starting Socket Reader #1 for port 15010
2023-09-20 15:46:26,931 [main] INFO  ozone.HddsDatanodeService (HddsDatanodeService.java:start(315)) - Datanode start with admins: [runner]
2023-09-20 15:46:26,931 [main] INFO  ozone.HddsDatanodeClientProtocolServer (HddsDatanodeClientProtocolServer.java:start(72)) - RPC server for Client /0.0.0.0:15010
2023-09-20 15:46:26,935 [IPC Server Responder] INFO  ipc.Server (Server.java:run(1562)) - IPC Server Responder: starting
2023-09-20 15:46:26,936 [IPC Server listener on 15010] INFO  ipc.Server (Server.java:run(1402)) - IPC Server listener on 15010: starting
2023-09-20 15:46:26,939 [main] WARN  impl.MetricRegistriesImpl (MetricRegistriesImpl.java:addReporterRegistration(111)) - New reporters are added after registries were created. Some metrics will be missing from the reporter. Please add reporter before adding any new registry.
2023-09-20 15:46:26,939 [main] WARN  impl.MetricRegistriesImpl (MetricRegistriesImpl.java:addReporterRegistration(111)) - New reporters are added after registries were created. Some metrics will be missing from the reporter. Please add reporter before adding any new registry.
2023-09-20 15:46:26,940 [main] INFO  impl.MetricsSystemImpl (MetricsSystemImpl.java:init(158)) - HddsDatanode metrics system started (again)
2023-09-20 15:46:26,948 [Datanode State Machine Daemon Thread] INFO  statemachine.DatanodeStateMachine (DatanodeStateMachine.java:lambda$startDaemon$0(540)) - Ozone container server started.
2023-09-20 15:46:26,955 [om1@group-C5BA1605619E-SegmentedRaftLogWorker] INFO  segmented.SegmentedRaftLogWorker (SegmentedRaftLogWorker.java:execute(651)) - om1@group-C5BA1605619E-SegmentedRaftLogWorker: created new log segment /home/runner/work/ozone/ozone/hadoop-ozone/integration-test/target/test-dir/MiniOzoneClusterImpl-8d56696e-0306-4140-8b78-3634a4a6d503/ozone-meta/ratis/bf265839-605b-3f16-9796-c5ba1605619e/current/log_inprogress_0
2023-09-20 15:46:26,967 [main] INFO  ozone.HddsDatanodeService (HddsDatanodeService.java:start(237)) - HddsDatanodeService host:fv-az345-844.jvbsasuktymudpoi5cueu5eohe.gx.internal.cloudapp.net ip:10.1.0.36
2023-09-20 15:46:27,026 [main] INFO  upgrade.AbstractLayoutVersionManager (AbstractLayoutVersionManager.java:init(83)) - Initializing Layout version manager with metadata layout = HADOOP_PRC_PORTS_IN_DATANODEDETAILS (version = 7), software layout = HADOOP_PRC_PORTS_IN_DATANODEDETAILS (version = 7)
2023-09-20 15:46:27,031 [main] INFO  statemachine.DatanodeStateMachine (DatanodeStateMachine.java:getEndPointTaskThreadPoolSize(284)) - Datanode State Machine Task Thread Pool size 2
2023-09-20 15:46:27,045 [main] INFO  volume.HddsVolume (HddsVolume.java:<init>(126)) - Creating HddsVolume: /home/runner/work/ozone/ozone/hadoop-ozone/integration-test/target/test-dir/MiniOzoneClusterImpl-8d56696e-0306-4140-8b78-3634a4a6d503/datanode-1/data-0/containers/hdds of storage type : DISK capacity : 9223372036854775807
2023-09-20 15:46:27,046 [main] INFO  volume.MutableVolumeSet (MutableVolumeSet.java:initializeVolumeSet(173)) - Added Volume : /home/runner/work/ozone/ozone/hadoop-ozone/integration-test/target/test-dir/MiniOzoneClusterImpl-8d56696e-0306-4140-8b78-3634a4a6d503/datanode-1/data-0/containers/hdds to VolumeSet
2023-09-20 15:46:27,054 [main] INFO  volume.MutableVolumeSet (MutableVolumeSet.java:initializeVolumeSet(173)) - Added Volume : /home/runner/work/ozone/ozone/hadoop-ozone/integration-test/target/test-dir/MiniOzoneClusterImpl-8d56696e-0306-4140-8b78-3634a4a6d503/datanode-1/data/ratis to VolumeSet
2023-09-20 15:46:27,063 [Thread-159] INFO  ozoneimpl.ContainerReader (ContainerReader.java:readVolume(177)) - Finish verifying containers on volume /home/runner/work/ozone/ozone/hadoop-ozone/integration-test/target/test-dir/MiniOzoneClusterImpl-8d56696e-0306-4140-8b78-3634a4a6d503/datanode-1/data-0/containers/hdds
2023-09-20 15:46:27,067 [main] INFO  ozoneimpl.OzoneContainer (OzoneContainer.java:buildContainerSet(314)) - Build ContainerSet costs 0s
2023-09-20 15:46:27,076 [main] INFO  server.RaftServer (ConfUtils.java:logGet(46)) - raft.rpc.type = GRPC (default)
2023-09-20 15:46:27,077 [main] INFO  grpc.GrpcConfigKeys (ConfUtils.java:logFallback(53)) - raft.grpc.admin.host = null (fallback to raft.grpc.server.host)
2023-09-20 15:46:27,077 [main] INFO  grpc.GrpcConfigKeys (ConfUtils.java:logGet(46)) - raft.grpc.admin.port = 15022 (custom)
2023-09-20 15:46:27,077 [main] INFO  grpc.GrpcConfigKeys (ConfUtils.java:logFallback(53)) - raft.grpc.client.host = null (fallback to raft.grpc.server.host)
2023-09-20 15:46:27,077 [main] INFO  grpc.GrpcConfigKeys (ConfUtils.java:logGet(46)) - raft.grpc.client.port = 15021 (custom)
2023-09-20 15:46:27,078 [main] INFO  grpc.GrpcConfigKeys (ConfUtils.java:logGet(46)) - raft.grpc.server.host = null (default)
2023-09-20 15:46:27,078 [main] INFO  grpc.GrpcConfigKeys (ConfUtils.java:logGet(46)) - raft.grpc.server.port = 15023 (custom)
2023-09-20 15:46:27,078 [main] INFO  server.GrpcService (ConfUtils.java:logGet(46)) - raft.grpc.message.size.max = 32MB (=33554432) (custom)
2023-09-20 15:46:27,082 [main] INFO  server.RaftServerConfigKeys (ConfUtils.java:logGet(46)) - raft.server.log.appender.buffer.byte-limit = 33554432 (custom)
2023-09-20 15:46:27,083 [main] INFO  server.GrpcService (ConfUtils.java:logGet(46)) - raft.grpc.flow.control.window = 5MB (=5242880) (custom)
2023-09-20 15:46:27,083 [main] INFO  server.RaftServerConfigKeys (ConfUtils.java:logGet(46)) - raft.server.rpc.request.timeout = 60s (custom)
2023-09-20 15:46:27,083 [main] INFO  grpc.GrpcConfigKeys (ConfUtils.java:logGet(46)) - raft.grpc.server.heartbeat.channel = true (default)
2023-09-20 15:46:27,085 [main] INFO  grpc.GrpcConfigKeys (ConfUtils.java:logGet(46)) - raft.grpc.server.async.request.thread.pool.cached = true (default)
2023-09-20 15:46:27,085 [main] INFO  grpc.GrpcConfigKeys (ConfUtils.java:logGet(46)) - raft.grpc.server.async.request.thread.pool.size = 32 (default)
2023-09-20 15:46:27,094 [main] INFO  impl.DataStreamServerImpl (ConfUtils.java:logGet(46)) - raft.datastream.type = NETTY (custom)
2023-09-20 15:46:27,096 [main] INFO  server.RaftServerConfigKeys (ConfUtils.java:logGet(46)) - raft.server.data-stream.async.request.thread.pool.cached = false (default)
2023-09-20 15:46:27,097 [main] INFO  server.RaftServerConfigKeys (ConfUtils.java:logGet(46)) - raft.server.data-stream.async.request.thread.pool.size = 20 (custom)
2023-09-20 15:46:27,098 [main] INFO  server.RaftServerConfigKeys (ConfUtils.java:logGet(46)) - raft.server.data-stream.async.write.thread.pool.size = 16 (default)
2023-09-20 15:46:27,098 [main] INFO  server.RaftServerConfigKeys (ConfUtils.java:logGet(46)) - raft.server.data-stream.client.pool.size = 10 (default)
2023-09-20 15:46:27,098 [main] INFO  netty.NettyConfigKeys$DataStream (ConfUtils.java:logGet(46)) - raft.netty.dataStream.server.use-epoll = false (default)
2023-09-20 15:46:27,100 [main] INFO  netty.NettyConfigKeys$DataStream (ConfUtils.java:logGet(46)) - raft.netty.dataStream.server.boss-group.size = 0 (default)
2023-09-20 15:46:27,103 [main] INFO  netty.NettyConfigKeys$DataStream (ConfUtils.java:logGet(46)) - raft.netty.dataStream.server.worker-group.size = 0 (default)
2023-09-20 15:46:27,106 [main] INFO  netty.NettyConfigKeys$DataStream (ConfUtils.java:logGet(46)) - raft.netty.dataStream.server.tls.conf = null (default)
2023-09-20 15:46:27,107 [main] INFO  netty.NettyConfigKeys$DataStream (ConfUtils.java:logGet(46)) - raft.netty.dataStream.host = null (default)
2023-09-20 15:46:27,107 [main] INFO  netty.NettyConfigKeys$DataStream (ConfUtils.java:logGet(46)) - raft.netty.dataStream.port = 15024 (custom)
2023-09-20 15:46:27,117 [main] INFO  server.RaftServerConfigKeys (ConfUtils.java:logGet(46)) - raft.server.threadpool.proxy.cached = true (default)
2023-09-20 15:46:27,118 [main] INFO  server.RaftServerConfigKeys (ConfUtils.java:logGet(46)) - raft.server.threadpool.proxy.size = 0 (default)
2023-09-20 15:46:27,118 [main] INFO  server.RaftServerConfigKeys (ConfUtils.java:logGet(46)) - raft.server.rpc.slowness.timeout = 300s (custom)
2023-09-20 15:46:27,123 [57fc3420-94a0-4f3c-850d-40c1ae05c77a-NettyServerStreamRpc-bossGroup--thread1] INFO  logging.LoggingHandler (AbstractInternalLogger.java:log(148)) - [id: 0x84ce5b34] REGISTERED
2023-09-20 15:46:27,127 [57fc3420-94a0-4f3c-850d-40c1ae05c77a-NettyServerStreamRpc-bossGroup--thread1] INFO  logging.LoggingHandler (AbstractInternalLogger.java:log(148)) - [id: 0x84ce5b34] BIND: 0.0.0.0/0.0.0.0:15024
2023-09-20 15:46:27,127 [57fc3420-94a0-4f3c-850d-40c1ae05c77a-NettyServerStreamRpc-bossGroup--thread1] INFO  logging.LoggingHandler (AbstractInternalLogger.java:log(148)) - [id: 0x84ce5b34, L:/0:0:0:0:0:0:0:0:15024] ACTIVE
2023-09-20 15:46:27,130 [main] INFO  server.RaftServerConfigKeys (ConfUtils.java:logGet(46)) - raft.server.leaderelection.leader.step-down.wait-time = 10s (default)
2023-09-20 15:46:27,131 [main] INFO  server.RaftServerConfigKeys (ConfUtils.java:logGet(46)) - raft.server.storage.dir = [/home/runner/work/ozone/ozone/hadoop-ozone/integration-test/target/test-dir/MiniOzoneClusterImpl-8d56696e-0306-4140-8b78-3634a4a6d503/datanode-1/data/ratis] (custom)
2023-09-20 15:46:27,135 [57fc3420-94a0-4f3c-850d-40c1ae05c77a-impl-thread1] INFO  server.RaftServer (RaftServerProxy.java:initGroupDir(258)) - 57fc3420-94a0-4f3c-850d-40c1ae05c77a: found a subdirectory /home/runner/work/ozone/ozone/hadoop-ozone/integration-test/target/test-dir/MiniOzoneClusterImpl-8d56696e-0306-4140-8b78-3634a4a6d503/datanode-1/data/ratis/tmp
2023-09-20 15:46:27,135 [57fc3420-94a0-4f3c-850d-40c1ae05c77a-impl-thread1] INFO  server.RaftServer (RaftServerProxy.java:initGroupDir(263)) - 57fc3420-94a0-4f3c-850d-40c1ae05c77a: The directory /home/runner/work/ozone/ozone/hadoop-ozone/integration-test/target/test-dir/MiniOzoneClusterImpl-8d56696e-0306-4140-8b78-3634a4a6d503/datanode-1/data/ratis/tmp is not a group directory; ignoring it. 
2023-09-20 15:46:27,137 [main] INFO  replication.ReplicationServer (ReplicationServer.java:<init>(83)) - Initializing replication server with thread count = 10 queue length = 4096
2023-09-20 15:46:27,139 [main] INFO  server.XceiverServerGrpc (XceiverServerGrpc.java:<init>(132)) - GrpcServer channel type EpollServerSocketChannel
2023-09-20 15:46:27,149 [main] INFO  replication.ReplicationSupervisor (ReplicationSupervisor.java:build(155)) - Initializing replication supervisor with thread count = 10
2023-09-20 15:46:27,149 [main] INFO  replication.ReplicationSupervisor (ReplicationSupervisor.java:nodeStateUpdated(307)) - Node state updated to IN_SERVICE, scaling executor pool size to 10
2023-09-20 15:46:27,163 [main] INFO  http.BaseHttpServer (BaseHttpServer.java:newHttpServer2BuilderForOzone(223)) - Starting Web-server for hddsDatanode at: http://0.0.0.0:15018
2023-09-20 15:46:27,163 [main] INFO  http.BaseHttpServer (BaseHttpServer.java:<init>(110)) - Hadoop Security Enabled: false Ozone Security Enabled: false Ozone HTTP Security Enabled: false 
2023-09-20 15:46:27,171 [main] WARN  server.AuthenticationFilter (AuthenticationFilter.java:constructSecretProvider(240)) - Unable to initialize FileSignerSecretProvider, falling back to use random secrets. Reason: Could not read signature secret file: /home/runner/hadoop-http-auth-signature-secret
2023-09-20 15:46:27,177 [main] INFO  http.HttpRequestLog (HttpRequestLog.java:getRequestLog(86)) - Http request log for http.requests.hddsDatanode is not defined
2023-09-20 15:46:27,182 [main] INFO  http.HttpServer2 (HttpServer2.java:addGlobalFilter(1031)) - Added global filter 'safety' (class=org.apache.hadoop.hdds.server.http.HttpServer2$QuotingInputFilter)
2023-09-20 15:46:27,187 [main] INFO  http.HttpServer2 (HttpServer2.java:addFilter(1007)) - Added filter static_user_filter (class=org.apache.hadoop.http.lib.StaticUserWebFilter$StaticUserFilter) to context hddsDatanode
2023-09-20 15:46:27,188 [main] INFO  http.HttpServer2 (HttpServer2.java:addFilter(1015)) - Added filter static_user_filter (class=org.apache.hadoop.http.lib.StaticUserWebFilter$StaticUserFilter) to context static
2023-09-20 15:46:27,188 [main] INFO  http.HttpServer2 (HttpServer2.java:addFilter(1015)) - Added filter static_user_filter (class=org.apache.hadoop.http.lib.StaticUserWebFilter$StaticUserFilter) to context logs
2023-09-20 15:46:27,193 [main] INFO  http.BaseHttpServer (BaseHttpServer.java:<init>(189)) - HTTP server of hddsDatanode uses base directory /home/runner/work/ozone/ozone/hadoop-ozone/integration-test/target/test-dir/MiniOzoneClusterImpl-8d56696e-0306-4140-8b78-3634a4a6d503/datanode-1/meta/webserver
2023-09-20 15:46:27,193 [main] INFO  http.HttpServer2 (HttpServer2.java:bindListener(1231)) - Jetty bound to port 15018
2023-09-20 15:46:27,193 [main] INFO  server.Server (Server.java:doStart(375)) - jetty-9.4.52.v20230823; built: 2023-08-23T19:29:37.669Z; git: abdcda73818a1a2c705da276edb0bf6581e7997e; jvm 1.8.0_382-b05
2023-09-20 15:46:27,221 [main] INFO  server.session (DefaultSessionIdManager.java:doStart(334)) - DefaultSessionIdManager workerName=node0
2023-09-20 15:46:27,221 [main] INFO  server.session (DefaultSessionIdManager.java:doStart(339)) - No SessionScavenger set, using defaults
2023-09-20 15:46:27,222 [main] INFO  server.session (HouseKeeper.java:startScavenging(132)) - node0 Scavenging every 660000ms
2023-09-20 15:46:27,226 [main] INFO  handler.ContextHandler (ContextHandler.java:doStart(921)) - Started o.e.j.s.ServletContextHandler@3451f8ff{logs,/logs,file:///home/runner/work/ozone/ozone/hadoop-ozone/integration-test/target/log,AVAILABLE}
2023-09-20 15:46:27,226 [main] INFO  handler.ContextHandler (ContextHandler.java:doStart(921)) - Started o.e.j.s.ServletContextHandler@2156371c{static,/static,jar:file:/home/runner/.m2/repository/org/apache/ozone/hdds-container-service/1.4.0-SNAPSHOT/hdds-container-service-1.4.0-SNAPSHOT.jar!/webapps/static,AVAILABLE}
2023-09-20 15:46:27,269 [om1@group-C5BA1605619E-StateMachineUpdater] INFO  ratis.OzoneManagerStateMachine (OzoneManagerStateMachine.java:notifyConfigurationChanged(202)) - Received Configuration change notification from Ratis. New Peer list:
[id: "om1"
address: "localhost:15007"
startupRole: FOLLOWER
]
2023-09-20 15:46:27,308 [Datanode State Machine Task Thread - 0] INFO  datanode.InitDatanodeState (InitDatanodeState.java:persistContainerDatanodeDetails(138)) - DatanodeDetails is persisted to /home/runner/work/ozone/ozone/hadoop-ozone/integration-test/target/test-dir/MiniOzoneClusterImpl-8d56696e-0306-4140-8b78-3634a4a6d503/datanode-0/meta/datanode.id
2023-09-20 15:46:27,526 [main] INFO  handler.ContextHandler (ContextHandler.java:doStart(921)) - Started o.e.j.w.WebAppContext@7701253{hddsDatanode,/,file:///home/runner/work/ozone/ozone/hadoop-ozone/integration-test/target/test-dir/MiniOzoneClusterImpl-8d56696e-0306-4140-8b78-3634a4a6d503/datanode-1/meta/webserver/jetty-0_0_0_0-15018-hdds-container-service-1_4_0-SNAPSHOT_jar-_-any-5169551147777133877/webapp/,AVAILABLE}{jar:file:/home/runner/.m2/repository/org/apache/ozone/hdds-container-service/1.4.0-SNAPSHOT/hdds-container-service-1.4.0-SNAPSHOT.jar!/webapps/hddsDatanode}
2023-09-20 15:46:27,528 [main] INFO  server.AbstractConnector (AbstractConnector.java:doStart(333)) - Started ServerConnector@cb06460{HTTP/1.1, (http/1.1)}{0.0.0.0:15018}
2023-09-20 15:46:27,528 [main] INFO  server.Server (Server.java:doStart(415)) - Started @13074ms
2023-09-20 15:46:27,528 [main] WARN  impl.MetricsSystemImpl (MetricsSystemImpl.java:register(279)) - Sink prometheus already exists!
2023-09-20 15:46:27,529 [main] INFO  http.BaseHttpServer (BaseHttpServer.java:updateConnectorAddress(354)) - HTTP server of hddsDatanode listening at http://0.0.0.0:15018
2023-09-20 15:46:27,530 [main] INFO  ipc.CallQueueManager (CallQueueManager.java:<init>(90)) - Using callQueue: class java.util.concurrent.LinkedBlockingQueue, queueCapacity: 100, scheduler: class org.apache.hadoop.ipc.DefaultRpcScheduler, ipcBackoff: false.
2023-09-20 15:46:27,530 [main] INFO  ipc.Server (Server.java:<init>(1287)) - Listener at 0.0.0.0:15019
2023-09-20 15:46:27,535 [Socket Reader #1 for port 15019] INFO  ipc.Server (Server.java:run(1323)) - Starting Socket Reader #1 for port 15019
2023-09-20 15:46:27,539 [main] INFO  ozone.HddsDatanodeService (HddsDatanodeService.java:start(315)) - Datanode start with admins: [runner]
2023-09-20 15:46:27,543 [main] INFO  ozone.HddsDatanodeClientProtocolServer (HddsDatanodeClientProtocolServer.java:start(72)) - RPC server for Client /0.0.0.0:15019
2023-09-20 15:46:27,544 [IPC Server Responder] INFO  ipc.Server (Server.java:run(1562)) - IPC Server Responder: starting
2023-09-20 15:46:27,544 [IPC Server listener on 15019] INFO  ipc.Server (Server.java:run(1402)) - IPC Server listener on 15019: starting
2023-09-20 15:46:27,545 [Datanode State Machine Daemon Thread] INFO  statemachine.DatanodeStateMachine (DatanodeStateMachine.java:lambda$startDaemon$0(540)) - Ozone container server started.
2023-09-20 15:46:27,545 [main] WARN  impl.MetricRegistriesImpl (MetricRegistriesImpl.java:addReporterRegistration(111)) - New reporters are added after registries were created. Some metrics will be missing from the reporter. Please add reporter before adding any new registry.
2023-09-20 15:46:27,545 [main] WARN  impl.MetricRegistriesImpl (MetricRegistriesImpl.java:addReporterRegistration(111)) - New reporters are added after registries were created. Some metrics will be missing from the reporter. Please add reporter before adding any new registry.
2023-09-20 15:46:27,545 [main] INFO  impl.MetricsSystemImpl (MetricsSystemImpl.java:init(158)) - HddsDatanode metrics system started (again)
2023-09-20 15:46:27,562 [main] INFO  ozone.HddsDatanodeService (HddsDatanodeService.java:start(237)) - HddsDatanodeService host:fv-az345-844.jvbsasuktymudpoi5cueu5eohe.gx.internal.cloudapp.net ip:10.1.0.36
2023-09-20 15:46:27,582 [Datanode State Machine Task Thread - 0] INFO  datanode.InitDatanodeState (InitDatanodeState.java:persistContainerDatanodeDetails(138)) - DatanodeDetails is persisted to /home/runner/work/ozone/ozone/hadoop-ozone/integration-test/target/test-dir/MiniOzoneClusterImpl-8d56696e-0306-4140-8b78-3634a4a6d503/datanode-1/meta/datanode.id
2023-09-20 15:46:27,610 [main] INFO  upgrade.AbstractLayoutVersionManager (AbstractLayoutVersionManager.java:init(83)) - Initializing Layout version manager with metadata layout = HADOOP_PRC_PORTS_IN_DATANODEDETAILS (version = 7), software layout = HADOOP_PRC_PORTS_IN_DATANODEDETAILS (version = 7)
2023-09-20 15:46:27,613 [main] INFO  statemachine.DatanodeStateMachine (DatanodeStateMachine.java:getEndPointTaskThreadPoolSize(284)) - Datanode State Machine Task Thread Pool size 2
2023-09-20 15:46:27,625 [main] INFO  volume.HddsVolume (HddsVolume.java:<init>(126)) - Creating HddsVolume: /home/runner/work/ozone/ozone/hadoop-ozone/integration-test/target/test-dir/MiniOzoneClusterImpl-8d56696e-0306-4140-8b78-3634a4a6d503/datanode-2/data-0/containers/hdds of storage type : DISK capacity : 9223372036854775807
2023-09-20 15:46:27,626 [main] INFO  volume.MutableVolumeSet (MutableVolumeSet.java:initializeVolumeSet(173)) - Added Volume : /home/runner/work/ozone/ozone/hadoop-ozone/integration-test/target/test-dir/MiniOzoneClusterImpl-8d56696e-0306-4140-8b78-3634a4a6d503/datanode-2/data-0/containers/hdds to VolumeSet
2023-09-20 15:46:27,627 [main] INFO  volume.MutableVolumeSet (MutableVolumeSet.java:initializeVolumeSet(173)) - Added Volume : /home/runner/work/ozone/ozone/hadoop-ozone/integration-test/target/test-dir/MiniOzoneClusterImpl-8d56696e-0306-4140-8b78-3634a4a6d503/datanode-2/data/ratis to VolumeSet
2023-09-20 15:46:27,628 [Thread-176] INFO  ozoneimpl.ContainerReader (ContainerReader.java:readVolume(177)) - Finish verifying containers on volume /home/runner/work/ozone/ozone/hadoop-ozone/integration-test/target/test-dir/MiniOzoneClusterImpl-8d56696e-0306-4140-8b78-3634a4a6d503/datanode-2/data-0/containers/hdds
2023-09-20 15:46:27,628 [main] INFO  ozoneimpl.OzoneContainer (OzoneContainer.java:buildContainerSet(314)) - Build ContainerSet costs 0s
2023-09-20 15:46:27,633 [main] INFO  server.RaftServer (ConfUtils.java:logGet(46)) - raft.rpc.type = GRPC (default)
2023-09-20 15:46:27,633 [main] INFO  grpc.GrpcConfigKeys (ConfUtils.java:logFallback(53)) - raft.grpc.admin.host = null (fallback to raft.grpc.server.host)
2023-09-20 15:46:27,633 [main] INFO  grpc.GrpcConfigKeys (ConfUtils.java:logGet(46)) - raft.grpc.admin.port = 15031 (custom)
2023-09-20 15:46:27,633 [main] INFO  grpc.GrpcConfigKeys (ConfUtils.java:logFallback(53)) - raft.grpc.client.host = null (fallback to raft.grpc.server.host)
2023-09-20 15:46:27,633 [main] INFO  grpc.GrpcConfigKeys (ConfUtils.java:logGet(46)) - raft.grpc.client.port = 15030 (custom)
2023-09-20 15:46:27,634 [main] INFO  grpc.GrpcConfigKeys (ConfUtils.java:logGet(46)) - raft.grpc.server.host = null (default)
2023-09-20 15:46:27,634 [main] INFO  grpc.GrpcConfigKeys (ConfUtils.java:logGet(46)) - raft.grpc.server.port = 15032 (custom)
2023-09-20 15:46:27,634 [main] INFO  server.GrpcService (ConfUtils.java:logGet(46)) - raft.grpc.message.size.max = 32MB (=33554432) (custom)
2023-09-20 15:46:27,635 [main] INFO  server.RaftServerConfigKeys (ConfUtils.java:logGet(46)) - raft.server.log.appender.buffer.byte-limit = 33554432 (custom)
2023-09-20 15:46:27,635 [main] INFO  server.GrpcService (ConfUtils.java:logGet(46)) - raft.grpc.flow.control.window = 5MB (=5242880) (custom)
2023-09-20 15:46:27,635 [main] INFO  server.RaftServerConfigKeys (ConfUtils.java:logGet(46)) - raft.server.rpc.request.timeout = 60s (custom)
2023-09-20 15:46:27,635 [main] INFO  grpc.GrpcConfigKeys (ConfUtils.java:logGet(46)) - raft.grpc.server.heartbeat.channel = true (default)
2023-09-20 15:46:27,636 [main] INFO  grpc.GrpcConfigKeys (ConfUtils.java:logGet(46)) - raft.grpc.server.async.request.thread.pool.cached = true (default)
2023-09-20 15:46:27,636 [main] INFO  grpc.GrpcConfigKeys (ConfUtils.java:logGet(46)) - raft.grpc.server.async.request.thread.pool.size = 32 (default)
2023-09-20 15:46:27,639 [main] INFO  impl.DataStreamServerImpl (ConfUtils.java:logGet(46)) - raft.datastream.type = NETTY (custom)
2023-09-20 15:46:27,639 [main] INFO  server.RaftServerConfigKeys (ConfUtils.java:logGet(46)) - raft.server.data-stream.async.request.thread.pool.cached = false (default)
2023-09-20 15:46:27,640 [main] INFO  server.RaftServerConfigKeys (ConfUtils.java:logGet(46)) - raft.server.data-stream.async.request.thread.pool.size = 20 (custom)
2023-09-20 15:46:27,640 [main] INFO  server.RaftServerConfigKeys (ConfUtils.java:logGet(46)) - raft.server.data-stream.async.write.thread.pool.size = 16 (default)
2023-09-20 15:46:27,640 [main] INFO  server.RaftServerConfigKeys (ConfUtils.java:logGet(46)) - raft.server.data-stream.client.pool.size = 10 (default)
2023-09-20 15:46:27,640 [main] INFO  netty.NettyConfigKeys$DataStream (ConfUtils.java:logGet(46)) - raft.netty.dataStream.server.use-epoll = false (default)
2023-09-20 15:46:27,640 [main] INFO  netty.NettyConfigKeys$DataStream (ConfUtils.java:logGet(46)) - raft.netty.dataStream.server.boss-group.size = 0 (default)
2023-09-20 15:46:27,641 [main] INFO  netty.NettyConfigKeys$DataStream (ConfUtils.java:logGet(46)) - raft.netty.dataStream.server.worker-group.size = 0 (default)
2023-09-20 15:46:27,642 [main] INFO  netty.NettyConfigKeys$DataStream (ConfUtils.java:logGet(46)) - raft.netty.dataStream.server.tls.conf = null (default)
2023-09-20 15:46:27,642 [main] INFO  netty.NettyConfigKeys$DataStream (ConfUtils.java:logGet(46)) - raft.netty.dataStream.host = null (default)
2023-09-20 15:46:27,642 [main] INFO  netty.NettyConfigKeys$DataStream (ConfUtils.java:logGet(46)) - raft.netty.dataStream.port = 15033 (custom)
2023-09-20 15:46:27,643 [main] INFO  server.RaftServerConfigKeys (ConfUtils.java:logGet(46)) - raft.server.threadpool.proxy.cached = true (default)
2023-09-20 15:46:27,643 [main] INFO  server.RaftServerConfigKeys (ConfUtils.java:logGet(46)) - raft.server.threadpool.proxy.size = 0 (default)
2023-09-20 15:46:27,643 [main] INFO  server.RaftServerConfigKeys (ConfUtils.java:logGet(46)) - raft.server.rpc.slowness.timeout = 300s (custom)
2023-09-20 15:46:27,643 [main] INFO  server.RaftServerConfigKeys (ConfUtils.java:logGet(46)) - raft.server.leaderelection.leader.step-down.wait-time = 10s (default)
2023-09-20 15:46:27,643 [main] INFO  server.RaftServerConfigKeys (ConfUtils.java:logGet(46)) - raft.server.storage.dir = [/home/runner/work/ozone/ozone/hadoop-ozone/integration-test/target/test-dir/MiniOzoneClusterImpl-8d56696e-0306-4140-8b78-3634a4a6d503/datanode-2/data/ratis] (custom)
2023-09-20 15:46:27,654 [56530fb6-e6be-4313-9c7b-f74137c4f80a-impl-thread1] INFO  server.RaftServer (RaftServerProxy.java:initGroupDir(258)) - 56530fb6-e6be-4313-9c7b-f74137c4f80a: found a subdirectory /home/runner/work/ozone/ozone/hadoop-ozone/integration-test/target/test-dir/MiniOzoneClusterImpl-8d56696e-0306-4140-8b78-3634a4a6d503/datanode-2/data/ratis/tmp
2023-09-20 15:46:27,655 [56530fb6-e6be-4313-9c7b-f74137c4f80a-impl-thread1] INFO  server.RaftServer (RaftServerProxy.java:initGroupDir(263)) - 56530fb6-e6be-4313-9c7b-f74137c4f80a: The directory /home/runner/work/ozone/ozone/hadoop-ozone/integration-test/target/test-dir/MiniOzoneClusterImpl-8d56696e-0306-4140-8b78-3634a4a6d503/datanode-2/data/ratis/tmp is not a group directory; ignoring it. 
2023-09-20 15:46:27,655 [main] INFO  replication.ReplicationServer (ReplicationServer.java:<init>(83)) - Initializing replication server with thread count = 10 queue length = 4096
2023-09-20 15:46:27,657 [56530fb6-e6be-4313-9c7b-f74137c4f80a-NettyServerStreamRpc-bossGroup--thread1] INFO  logging.LoggingHandler (AbstractInternalLogger.java:log(148)) - [id: 0x952f9edd] REGISTERED
2023-09-20 15:46:27,658 [56530fb6-e6be-4313-9c7b-f74137c4f80a-NettyServerStreamRpc-bossGroup--thread1] INFO  logging.LoggingHandler (AbstractInternalLogger.java:log(148)) - [id: 0x952f9edd] BIND: 0.0.0.0/0.0.0.0:15033
2023-09-20 15:46:27,658 [56530fb6-e6be-4313-9c7b-f74137c4f80a-NettyServerStreamRpc-bossGroup--thread1] INFO  logging.LoggingHandler (AbstractInternalLogger.java:log(148)) - [id: 0x952f9edd, L:/0:0:0:0:0:0:0:0:15033] ACTIVE
2023-09-20 15:46:27,658 [main] INFO  server.XceiverServerGrpc (XceiverServerGrpc.java:<init>(132)) - GrpcServer channel type EpollServerSocketChannel
2023-09-20 15:46:27,661 [main] INFO  replication.ReplicationSupervisor (ReplicationSupervisor.java:build(155)) - Initializing replication supervisor with thread count = 10
2023-09-20 15:46:27,662 [main] INFO  replication.ReplicationSupervisor (ReplicationSupervisor.java:nodeStateUpdated(307)) - Node state updated to IN_SERVICE, scaling executor pool size to 10
2023-09-20 15:46:27,665 [main] INFO  http.BaseHttpServer (BaseHttpServer.java:newHttpServer2BuilderForOzone(223)) - Starting Web-server for hddsDatanode at: http://0.0.0.0:15027
2023-09-20 15:46:27,666 [main] INFO  http.BaseHttpServer (BaseHttpServer.java:<init>(110)) - Hadoop Security Enabled: false Ozone Security Enabled: false Ozone HTTP Security Enabled: false 
2023-09-20 15:46:27,668 [main] WARN  server.AuthenticationFilter (AuthenticationFilter.java:constructSecretProvider(240)) - Unable to initialize FileSignerSecretProvider, falling back to use random secrets. Reason: Could not read signature secret file: /home/runner/hadoop-http-auth-signature-secret
2023-09-20 15:46:27,668 [main] INFO  http.HttpRequestLog (HttpRequestLog.java:getRequestLog(86)) - Http request log for http.requests.hddsDatanode is not defined
2023-09-20 15:46:27,670 [main] INFO  http.HttpServer2 (HttpServer2.java:addGlobalFilter(1031)) - Added global filter 'safety' (class=org.apache.hadoop.hdds.server.http.HttpServer2$QuotingInputFilter)
2023-09-20 15:46:27,671 [main] INFO  http.HttpServer2 (HttpServer2.java:addFilter(1007)) - Added filter static_user_filter (class=org.apache.hadoop.http.lib.StaticUserWebFilter$StaticUserFilter) to context hddsDatanode
2023-09-20 15:46:27,671 [main] INFO  http.HttpServer2 (HttpServer2.java:addFilter(1015)) - Added filter static_user_filter (class=org.apache.hadoop.http.lib.StaticUserWebFilter$StaticUserFilter) to context logs
2023-09-20 15:46:27,671 [main] INFO  http.HttpServer2 (HttpServer2.java:addFilter(1015)) - Added filter static_user_filter (class=org.apache.hadoop.http.lib.StaticUserWebFilter$StaticUserFilter) to context static
2023-09-20 15:46:27,672 [main] INFO  http.BaseHttpServer (BaseHttpServer.java:<init>(189)) - HTTP server of hddsDatanode uses base directory /home/runner/work/ozone/ozone/hadoop-ozone/integration-test/target/test-dir/MiniOzoneClusterImpl-8d56696e-0306-4140-8b78-3634a4a6d503/datanode-2/meta/webserver
2023-09-20 15:46:27,673 [main] INFO  http.HttpServer2 (HttpServer2.java:bindListener(1231)) - Jetty bound to port 15027
2023-09-20 15:46:27,673 [main] INFO  server.Server (Server.java:doStart(375)) - jetty-9.4.52.v20230823; built: 2023-08-23T19:29:37.669Z; git: abdcda73818a1a2c705da276edb0bf6581e7997e; jvm 1.8.0_382-b05
2023-09-20 15:46:27,675 [main] INFO  server.session (DefaultSessionIdManager.java:doStart(334)) - DefaultSessionIdManager workerName=node0
2023-09-20 15:46:27,675 [main] INFO  server.session (DefaultSessionIdManager.java:doStart(339)) - No SessionScavenger set, using defaults
2023-09-20 15:46:27,676 [main] INFO  server.session (HouseKeeper.java:startScavenging(132)) - node0 Scavenging every 660000ms
2023-09-20 15:46:27,677 [main] INFO  handler.ContextHandler (ContextHandler.java:doStart(921)) - Started o.e.j.s.ServletContextHandler@5a2266a3{logs,/logs,file:///home/runner/work/ozone/ozone/hadoop-ozone/integration-test/target/log,AVAILABLE}
2023-09-20 15:46:27,677 [main] INFO  handler.ContextHandler (ContextHandler.java:doStart(921)) - Started o.e.j.s.ServletContextHandler@1a1a977f{static,/static,jar:file:/home/runner/.m2/repository/org/apache/ozone/hdds-container-service/1.4.0-SNAPSHOT/hdds-container-service-1.4.0-SNAPSHOT.jar!/webapps/static,AVAILABLE}
2023-09-20 15:46:27,961 [main] INFO  handler.ContextHandler (ContextHandler.java:doStart(921)) - Started o.e.j.w.WebAppContext@6cebeb7d{hddsDatanode,/,file:///home/runner/work/ozone/ozone/hadoop-ozone/integration-test/target/test-dir/MiniOzoneClusterImpl-8d56696e-0306-4140-8b78-3634a4a6d503/datanode-2/meta/webserver/jetty-0_0_0_0-15027-hdds-container-service-1_4_0-SNAPSHOT_jar-_-any-4422036127989965616/webapp/,AVAILABLE}{jar:file:/home/runner/.m2/repository/org/apache/ozone/hdds-container-service/1.4.0-SNAPSHOT/hdds-container-service-1.4.0-SNAPSHOT.jar!/webapps/hddsDatanode}
2023-09-20 15:46:27,967 [main] INFO  server.AbstractConnector (AbstractConnector.java:doStart(333)) - Started ServerConnector@39292d0d{HTTP/1.1, (http/1.1)}{0.0.0.0:15027}
2023-09-20 15:46:27,967 [main] INFO  server.Server (Server.java:doStart(415)) - Started @13514ms
2023-09-20 15:46:27,968 [main] WARN  impl.MetricsSystemImpl (MetricsSystemImpl.java:register(279)) - Sink prometheus already exists!
2023-09-20 15:46:27,970 [main] INFO  http.BaseHttpServer (BaseHttpServer.java:updateConnectorAddress(354)) - HTTP server of hddsDatanode listening at http://0.0.0.0:15027
2023-09-20 15:46:27,970 [main] INFO  ipc.CallQueueManager (CallQueueManager.java:<init>(90)) - Using callQueue: class java.util.concurrent.LinkedBlockingQueue, queueCapacity: 100, scheduler: class org.apache.hadoop.ipc.DefaultRpcScheduler, ipcBackoff: false.
2023-09-20 15:46:27,971 [main] INFO  ipc.Server (Server.java:<init>(1287)) - Listener at 0.0.0.0:15028
2023-09-20 15:46:27,971 [Socket Reader #1 for port 15028] INFO  ipc.Server (Server.java:run(1323)) - Starting Socket Reader #1 for port 15028
2023-09-20 15:46:27,974 [main] INFO  ozone.HddsDatanodeService (HddsDatanodeService.java:start(315)) - Datanode start with admins: [runner]
2023-09-20 15:46:27,976 [main] INFO  ozone.HddsDatanodeClientProtocolServer (HddsDatanodeClientProtocolServer.java:start(72)) - RPC server for Client /0.0.0.0:15028
2023-09-20 15:46:27,976 [IPC Server Responder] INFO  ipc.Server (Server.java:run(1562)) - IPC Server Responder: starting
2023-09-20 15:46:27,983 [Datanode State Machine Daemon Thread] INFO  statemachine.DatanodeStateMachine (DatanodeStateMachine.java:lambda$startDaemon$0(540)) - Ozone container server started.
2023-09-20 15:46:27,987 [main] INFO  ozone.MiniOzoneClusterImpl (MiniOzoneClusterImpl.java:lambda$waitForClusterToBeReady$0(224)) - Waiting for nodes to be ready. Got 0 of 3 DN Heartbeats.
2023-09-20 15:46:27,987 [main] INFO  ozone.MiniOzoneClusterImpl (MiniOzoneClusterImpl.java:lambda$waitForClusterToBeReady$0(227)) - Waiting for cluster to exit safe mode
2023-09-20 15:46:27,987 [main] INFO  ozone.MiniOzoneClusterImpl (MiniOzoneClusterImpl.java:lambda$waitForClusterToBeReady$0(229)) - SCM became leader
2023-09-20 15:46:27,991 [Datanode State Machine Task Thread - 0] INFO  datanode.InitDatanodeState (InitDatanodeState.java:persistContainerDatanodeDetails(138)) - DatanodeDetails is persisted to /home/runner/work/ozone/ozone/hadoop-ozone/integration-test/target/test-dir/MiniOzoneClusterImpl-8d56696e-0306-4140-8b78-3634a4a6d503/datanode-2/meta/datanode.id
2023-09-20 15:46:27,992 [IPC Server listener on 15028] INFO  ipc.Server (Server.java:run(1402)) - IPC Server listener on 15028: starting
2023-09-20 15:46:28,987 [main] INFO  ozone.MiniOzoneClusterImpl (MiniOzoneClusterImpl.java:lambda$waitForClusterToBeReady$0(224)) - Waiting for nodes to be ready. Got 0 of 3 DN Heartbeats.
2023-09-20 15:46:28,988 [main] INFO  ozone.MiniOzoneClusterImpl (MiniOzoneClusterImpl.java:lambda$waitForClusterToBeReady$0(227)) - Waiting for cluster to exit safe mode
2023-09-20 15:46:28,988 [main] INFO  ozone.MiniOzoneClusterImpl (MiniOzoneClusterImpl.java:lambda$waitForClusterToBeReady$0(229)) - SCM became leader
2023-09-20 15:46:29,165 [EndpointStateMachine task thread for /0.0.0.0:15002 - 0 ] INFO  utils.DatanodeStoreCache (DatanodeStoreCache.java:addDB(66)) - Added db /home/runner/work/ozone/ozone/hadoop-ozone/integration-test/target/test-dir/MiniOzoneClusterImpl-8d56696e-0306-4140-8b78-3634a4a6d503/datanode-0/data-0/containers/hdds/8d56696e-0306-4140-8b78-3634a4a6d503/DS-a93a7f54-1508-41ff-9afc-cbd27f45a6c4/container.db to cache
2023-09-20 15:46:29,166 [EndpointStateMachine task thread for /0.0.0.0:15002 - 0 ] INFO  volume.HddsVolume (HddsVolume.java:createDbStore(422)) - SchemaV3 db is created and loaded at /home/runner/work/ozone/ozone/hadoop-ozone/integration-test/target/test-dir/MiniOzoneClusterImpl-8d56696e-0306-4140-8b78-3634a4a6d503/datanode-0/data-0/containers/hdds/8d56696e-0306-4140-8b78-3634a4a6d503/DS-a93a7f54-1508-41ff-9afc-cbd27f45a6c4/container.db for volume DS-a93a7f54-1508-41ff-9afc-cbd27f45a6c4
2023-09-20 15:46:29,169 [EndpointStateMachine task thread for /0.0.0.0:15002 - 0 ] INFO  volume.ThrottledAsyncChecker (ThrottledAsyncChecker.java:schedule(141)) - Scheduling a check for /home/runner/work/ozone/ozone/hadoop-ozone/integration-test/target/test-dir/MiniOzoneClusterImpl-8d56696e-0306-4140-8b78-3634a4a6d503/datanode-0/data-0/containers/hdds
2023-09-20 15:46:29,197 [EndpointStateMachine task thread for /0.0.0.0:15002 - 0 ] INFO  volume.StorageVolumeChecker (StorageVolumeChecker.java:checkAllVolumes(213)) - Scheduled health check for volume /home/runner/work/ozone/ozone/hadoop-ozone/integration-test/target/test-dir/MiniOzoneClusterImpl-8d56696e-0306-4140-8b78-3634a4a6d503/datanode-0/data-0/containers/hdds
2023-09-20 15:46:29,200 [EndpointStateMachine task thread for /0.0.0.0:15002 - 0 ] INFO  volume.ThrottledAsyncChecker (ThrottledAsyncChecker.java:schedule(141)) - Scheduling a check for /home/runner/work/ozone/ozone/hadoop-ozone/integration-test/target/test-dir/MiniOzoneClusterImpl-8d56696e-0306-4140-8b78-3634a4a6d503/datanode-0/data/ratis
2023-09-20 15:46:29,200 [EndpointStateMachine task thread for /0.0.0.0:15002 - 0 ] INFO  volume.StorageVolumeChecker (StorageVolumeChecker.java:checkAllVolumes(213)) - Scheduled health check for volume /home/runner/work/ozone/ozone/hadoop-ozone/integration-test/target/test-dir/MiniOzoneClusterImpl-8d56696e-0306-4140-8b78-3634a4a6d503/datanode-0/data/ratis
2023-09-20 15:46:29,202 [EndpointStateMachine task thread for /0.0.0.0:15002 - 0 ] INFO  ozoneimpl.OzoneContainer (OzoneContainer.java:start(429)) - Attempting to start container services.
2023-09-20 15:46:29,205 [EndpointStateMachine task thread for /0.0.0.0:15002 - 0 ] INFO  ozoneimpl.OzoneContainer (OzoneContainer.java:startContainerScrub(325)) - Scheduled background container scanners and the on-demand container scanner have been disabled.
2023-09-20 15:46:29,206 [EndpointStateMachine task thread for /0.0.0.0:15002 - 0 ] INFO  replication.ReplicationServer (ReplicationServer.java:start(134)) - ReplicationServer is started using port 15016
2023-09-20 15:46:29,207 [EndpointStateMachine task thread for /0.0.0.0:15002 - 0 ] INFO  ratis.XceiverServerRatis (XceiverServerRatis.java:start(517)) - Starting XceiverServerRatis 9499e333-9dfc-4832-8419-7e757e6a4f60
2023-09-20 15:46:29,214 [EndpointStateMachine task thread for /0.0.0.0:15002 - 0 ] INFO  server.RaftServer (RaftServerProxy.java:startImpl(400)) - 9499e333-9dfc-4832-8419-7e757e6a4f60: start RPC server
2023-09-20 15:46:29,216 [EndpointStateMachine task thread for /0.0.0.0:15002 - 0 ] INFO  server.GrpcService (GrpcService.java:startImpl(302)) - 9499e333-9dfc-4832-8419-7e757e6a4f60: GrpcService started, listening on 15012
2023-09-20 15:46:29,218 [EndpointStateMachine task thread for /0.0.0.0:15002 - 0 ] INFO  server.GrpcService (GrpcService.java:startImpl(302)) - 9499e333-9dfc-4832-8419-7e757e6a4f60: GrpcService started, listening on 15014
2023-09-20 15:46:29,220 [EndpointStateMachine task thread for /0.0.0.0:15002 - 0 ] INFO  server.GrpcService (GrpcService.java:startImpl(302)) - 9499e333-9dfc-4832-8419-7e757e6a4f60: GrpcService started, listening on 15013
2023-09-20 15:46:29,227 [EndpointStateMachine task thread for /0.0.0.0:15002 - 0 ] INFO  ratis.XceiverServerRatis (XceiverServerRatis.java:getRealPort(543)) - XceiverServerRatis 9499e333-9dfc-4832-8419-7e757e6a4f60 is started using port 15012 for RATIS
2023-09-20 15:46:29,227 [EndpointStateMachine task thread for /0.0.0.0:15002 - 0 ] INFO  ratis.XceiverServerRatis (XceiverServerRatis.java:getRealPort(543)) - XceiverServerRatis 9499e333-9dfc-4832-8419-7e757e6a4f60 is started using port 15013 for RATIS_ADMIN
2023-09-20 15:46:29,227 [EndpointStateMachine task thread for /0.0.0.0:15002 - 0 ] INFO  ratis.XceiverServerRatis (XceiverServerRatis.java:getRealPort(543)) - XceiverServerRatis 9499e333-9dfc-4832-8419-7e757e6a4f60 is started using port 15014 for RATIS_SERVER
2023-09-20 15:46:29,227 [EndpointStateMachine task thread for /0.0.0.0:15002 - 0 ] INFO  ratis.XceiverServerRatis (XceiverServerRatis.java:getRealPort(543)) - XceiverServerRatis 9499e333-9dfc-4832-8419-7e757e6a4f60 is started using port 15015 for RATIS_DATASTREAM
2023-09-20 15:46:29,227 [JvmPauseMonitor2] INFO  util.JvmPauseMonitor (JvmPauseMonitor.java:run(103)) - JvmPauseMonitor-9499e333-9dfc-4832-8419-7e757e6a4f60: Started
2023-09-20 15:46:29,244 [BlockDeletingService#0] INFO  interfaces.ContainerDeletionChoosingPolicyTemplate (ContainerDeletionChoosingPolicyTemplate.java:chooseContainerForBlockDeletion(85)) - Chosen 0/5000 blocks from 0 candidate containers.
2023-09-20 15:46:29,613 [EndpointStateMachine task thread for /0.0.0.0:15002 - 0 ] INFO  utils.DatanodeStoreCache (DatanodeStoreCache.java:addDB(66)) - Added db /home/runner/work/ozone/ozone/hadoop-ozone/integration-test/target/test-dir/MiniOzoneClusterImpl-8d56696e-0306-4140-8b78-3634a4a6d503/datanode-1/data-0/containers/hdds/8d56696e-0306-4140-8b78-3634a4a6d503/DS-76e55de1-3829-4fff-b50e-d2fe5e1017da/container.db to cache
2023-09-20 15:46:29,613 [EndpointStateMachine task thread for /0.0.0.0:15002 - 0 ] INFO  volume.HddsVolume (HddsVolume.java:createDbStore(422)) - SchemaV3 db is created and loaded at /home/runner/work/ozone/ozone/hadoop-ozone/integration-test/target/test-dir/MiniOzoneClusterImpl-8d56696e-0306-4140-8b78-3634a4a6d503/datanode-1/data-0/containers/hdds/8d56696e-0306-4140-8b78-3634a4a6d503/DS-76e55de1-3829-4fff-b50e-d2fe5e1017da/container.db for volume DS-76e55de1-3829-4fff-b50e-d2fe5e1017da
2023-09-20 15:46:29,615 [EndpointStateMachine task thread for /0.0.0.0:15002 - 0 ] INFO  volume.ThrottledAsyncChecker (ThrottledAsyncChecker.java:schedule(141)) - Scheduling a check for /home/runner/work/ozone/ozone/hadoop-ozone/integration-test/target/test-dir/MiniOzoneClusterImpl-8d56696e-0306-4140-8b78-3634a4a6d503/datanode-1/data-0/containers/hdds
2023-09-20 15:46:29,620 [EndpointStateMachine task thread for /0.0.0.0:15002 - 0 ] INFO  volume.StorageVolumeChecker (StorageVolumeChecker.java:checkAllVolumes(213)) - Scheduled health check for volume /home/runner/work/ozone/ozone/hadoop-ozone/integration-test/target/test-dir/MiniOzoneClusterImpl-8d56696e-0306-4140-8b78-3634a4a6d503/datanode-1/data-0/containers/hdds
2023-09-20 15:46:29,628 [EndpointStateMachine task thread for /0.0.0.0:15002 - 0 ] INFO  volume.ThrottledAsyncChecker (ThrottledAsyncChecker.java:schedule(141)) - Scheduling a check for /home/runner/work/ozone/ozone/hadoop-ozone/integration-test/target/test-dir/MiniOzoneClusterImpl-8d56696e-0306-4140-8b78-3634a4a6d503/datanode-1/data/ratis
2023-09-20 15:46:29,629 [EndpointStateMachine task thread for /0.0.0.0:15002 - 0 ] INFO  volume.StorageVolumeChecker (StorageVolumeChecker.java:checkAllVolumes(213)) - Scheduled health check for volume /home/runner/work/ozone/ozone/hadoop-ozone/integration-test/target/test-dir/MiniOzoneClusterImpl-8d56696e-0306-4140-8b78-3634a4a6d503/datanode-1/data/ratis
2023-09-20 15:46:29,630 [EndpointStateMachine task thread for /0.0.0.0:15002 - 0 ] INFO  ozoneimpl.OzoneContainer (OzoneContainer.java:start(429)) - Attempting to start container services.
2023-09-20 15:46:29,630 [EndpointStateMachine task thread for /0.0.0.0:15002 - 0 ] INFO  ozoneimpl.OzoneContainer (OzoneContainer.java:startContainerScrub(325)) - Scheduled background container scanners and the on-demand container scanner have been disabled.
2023-09-20 15:46:29,632 [EndpointStateMachine task thread for /0.0.0.0:15002 - 0 ] INFO  replication.ReplicationServer (ReplicationServer.java:start(134)) - ReplicationServer is started using port 15025
2023-09-20 15:46:29,633 [EndpointStateMachine task thread for /0.0.0.0:15002 - 0 ] INFO  ratis.XceiverServerRatis (XceiverServerRatis.java:start(517)) - Starting XceiverServerRatis 57fc3420-94a0-4f3c-850d-40c1ae05c77a
2023-09-20 15:46:29,634 [EndpointStateMachine task thread for /0.0.0.0:15002 - 0 ] INFO  server.RaftServer (RaftServerProxy.java:startImpl(400)) - 57fc3420-94a0-4f3c-850d-40c1ae05c77a: start RPC server
2023-09-20 15:46:29,636 [EndpointStateMachine task thread for /0.0.0.0:15002 - 0 ] INFO  server.GrpcService (GrpcService.java:startImpl(302)) - 57fc3420-94a0-4f3c-850d-40c1ae05c77a: GrpcService started, listening on 15021
2023-09-20 15:46:29,638 [EndpointStateMachine task thread for /0.0.0.0:15002 - 0 ] INFO  server.GrpcService (GrpcService.java:startImpl(302)) - 57fc3420-94a0-4f3c-850d-40c1ae05c77a: GrpcService started, listening on 15023
2023-09-20 15:46:29,640 [EndpointStateMachine task thread for /0.0.0.0:15002 - 0 ] INFO  server.GrpcService (GrpcService.java:startImpl(302)) - 57fc3420-94a0-4f3c-850d-40c1ae05c77a: GrpcService started, listening on 15022
2023-09-20 15:46:29,641 [EndpointStateMachine task thread for /0.0.0.0:15002 - 0 ] INFO  ratis.XceiverServerRatis (XceiverServerRatis.java:getRealPort(543)) - XceiverServerRatis 57fc3420-94a0-4f3c-850d-40c1ae05c77a is started using port 15021 for RATIS
2023-09-20 15:46:29,641 [JvmPauseMonitor3] INFO  util.JvmPauseMonitor (JvmPauseMonitor.java:run(103)) - JvmPauseMonitor-57fc3420-94a0-4f3c-850d-40c1ae05c77a: Started
2023-09-20 15:46:29,641 [EndpointStateMachine task thread for /0.0.0.0:15002 - 0 ] INFO  ratis.XceiverServerRatis (XceiverServerRatis.java:getRealPort(543)) - XceiverServerRatis 57fc3420-94a0-4f3c-850d-40c1ae05c77a is started using port 15022 for RATIS_ADMIN
2023-09-20 15:46:29,646 [EndpointStateMachine task thread for /0.0.0.0:15002 - 0 ] INFO  ratis.XceiverServerRatis (XceiverServerRatis.java:getRealPort(543)) - XceiverServerRatis 57fc3420-94a0-4f3c-850d-40c1ae05c77a is started using port 15023 for RATIS_SERVER
2023-09-20 15:46:29,646 [EndpointStateMachine task thread for /0.0.0.0:15002 - 0 ] INFO  ratis.XceiverServerRatis (XceiverServerRatis.java:getRealPort(543)) - XceiverServerRatis 57fc3420-94a0-4f3c-850d-40c1ae05c77a is started using port 15024 for RATIS_DATASTREAM
2023-09-20 15:46:29,657 [BlockDeletingService#0] INFO  interfaces.ContainerDeletionChoosingPolicyTemplate (ContainerDeletionChoosingPolicyTemplate.java:chooseContainerForBlockDeletion(85)) - Chosen 0/5000 blocks from 0 candidate containers.
2023-09-20 15:46:29,988 [main] INFO  ozone.MiniOzoneClusterImpl (MiniOzoneClusterImpl.java:lambda$waitForClusterToBeReady$0(224)) - Waiting for nodes to be ready. Got 0 of 3 DN Heartbeats.
2023-09-20 15:46:29,989 [main] INFO  ozone.MiniOzoneClusterImpl (MiniOzoneClusterImpl.java:lambda$waitForClusterToBeReady$0(227)) - Waiting for cluster to exit safe mode
2023-09-20 15:46:29,989 [main] INFO  ozone.MiniOzoneClusterImpl (MiniOzoneClusterImpl.java:lambda$waitForClusterToBeReady$0(229)) - SCM became leader
2023-09-20 15:46:30,054 [EndpointStateMachine task thread for /0.0.0.0:15002 - 0 ] INFO  utils.DatanodeStoreCache (DatanodeStoreCache.java:addDB(66)) - Added db /home/runner/work/ozone/ozone/hadoop-ozone/integration-test/target/test-dir/MiniOzoneClusterImpl-8d56696e-0306-4140-8b78-3634a4a6d503/datanode-2/data-0/containers/hdds/8d56696e-0306-4140-8b78-3634a4a6d503/DS-57d8f7c9-d95b-4978-8b47-171a097a0c1c/container.db to cache
2023-09-20 15:46:30,055 [EndpointStateMachine task thread for /0.0.0.0:15002 - 0 ] INFO  volume.HddsVolume (HddsVolume.java:createDbStore(422)) - SchemaV3 db is created and loaded at /home/runner/work/ozone/ozone/hadoop-ozone/integration-test/target/test-dir/MiniOzoneClusterImpl-8d56696e-0306-4140-8b78-3634a4a6d503/datanode-2/data-0/containers/hdds/8d56696e-0306-4140-8b78-3634a4a6d503/DS-57d8f7c9-d95b-4978-8b47-171a097a0c1c/container.db for volume DS-57d8f7c9-d95b-4978-8b47-171a097a0c1c
2023-09-20 15:46:30,056 [EndpointStateMachine task thread for /0.0.0.0:15002 - 0 ] INFO  volume.ThrottledAsyncChecker (ThrottledAsyncChecker.java:schedule(141)) - Scheduling a check for /home/runner/work/ozone/ozone/hadoop-ozone/integration-test/target/test-dir/MiniOzoneClusterImpl-8d56696e-0306-4140-8b78-3634a4a6d503/datanode-2/data-0/containers/hdds
2023-09-20 15:46:30,061 [EndpointStateMachine task thread for /0.0.0.0:15002 - 0 ] INFO  volume.StorageVolumeChecker (StorageVolumeChecker.java:checkAllVolumes(213)) - Scheduled health check for volume /home/runner/work/ozone/ozone/hadoop-ozone/integration-test/target/test-dir/MiniOzoneClusterImpl-8d56696e-0306-4140-8b78-3634a4a6d503/datanode-2/data-0/containers/hdds
2023-09-20 15:46:30,063 [EndpointStateMachine task thread for /0.0.0.0:15002 - 0 ] INFO  volume.ThrottledAsyncChecker (ThrottledAsyncChecker.java:schedule(141)) - Scheduling a check for /home/runner/work/ozone/ozone/hadoop-ozone/integration-test/target/test-dir/MiniOzoneClusterImpl-8d56696e-0306-4140-8b78-3634a4a6d503/datanode-2/data/ratis
2023-09-20 15:46:30,063 [EndpointStateMachine task thread for /0.0.0.0:15002 - 0 ] INFO  volume.StorageVolumeChecker (StorageVolumeChecker.java:checkAllVolumes(213)) - Scheduled health check for volume /home/runner/work/ozone/ozone/hadoop-ozone/integration-test/target/test-dir/MiniOzoneClusterImpl-8d56696e-0306-4140-8b78-3634a4a6d503/datanode-2/data/ratis
2023-09-20 15:46:30,065 [EndpointStateMachine task thread for /0.0.0.0:15002 - 0 ] INFO  ozoneimpl.OzoneContainer (OzoneContainer.java:start(429)) - Attempting to start container services.
2023-09-20 15:46:30,066 [EndpointStateMachine task thread for /0.0.0.0:15002 - 0 ] INFO  ozoneimpl.OzoneContainer (OzoneContainer.java:startContainerScrub(325)) - Scheduled background container scanners and the on-demand container scanner have been disabled.
2023-09-20 15:46:30,068 [EndpointStateMachine task thread for /0.0.0.0:15002 - 0 ] INFO  replication.ReplicationServer (ReplicationServer.java:start(134)) - ReplicationServer is started using port 15034
2023-09-20 15:46:30,068 [EndpointStateMachine task thread for /0.0.0.0:15002 - 0 ] INFO  ratis.XceiverServerRatis (XceiverServerRatis.java:start(517)) - Starting XceiverServerRatis 56530fb6-e6be-4313-9c7b-f74137c4f80a
2023-09-20 15:46:30,069 [EndpointStateMachine task thread for /0.0.0.0:15002 - 0 ] INFO  server.RaftServer (RaftServerProxy.java:startImpl(400)) - 56530fb6-e6be-4313-9c7b-f74137c4f80a: start RPC server
2023-09-20 15:46:30,071 [EndpointStateMachine task thread for /0.0.0.0:15002 - 0 ] INFO  server.GrpcService (GrpcService.java:startImpl(302)) - 56530fb6-e6be-4313-9c7b-f74137c4f80a: GrpcService started, listening on 15030
2023-09-20 15:46:30,073 [EndpointStateMachine task thread for /0.0.0.0:15002 - 0 ] INFO  server.GrpcService (GrpcService.java:startImpl(302)) - 56530fb6-e6be-4313-9c7b-f74137c4f80a: GrpcService started, listening on 15032
2023-09-20 15:46:30,076 [EndpointStateMachine task thread for /0.0.0.0:15002 - 0 ] INFO  server.GrpcService (GrpcService.java:startImpl(302)) - 56530fb6-e6be-4313-9c7b-f74137c4f80a: GrpcService started, listening on 15031
2023-09-20 15:46:30,076 [EndpointStateMachine task thread for /0.0.0.0:15002 - 0 ] INFO  ratis.XceiverServerRatis (XceiverServerRatis.java:getRealPort(543)) - XceiverServerRatis 56530fb6-e6be-4313-9c7b-f74137c4f80a is started using port 15030 for RATIS
2023-09-20 15:46:30,076 [JvmPauseMonitor4] INFO  util.JvmPauseMonitor (JvmPauseMonitor.java:run(103)) - JvmPauseMonitor-56530fb6-e6be-4313-9c7b-f74137c4f80a: Started
2023-09-20 15:46:30,076 [EndpointStateMachine task thread for /0.0.0.0:15002 - 0 ] INFO  ratis.XceiverServerRatis (XceiverServerRatis.java:getRealPort(543)) - XceiverServerRatis 56530fb6-e6be-4313-9c7b-f74137c4f80a is started using port 15031 for RATIS_ADMIN
2023-09-20 15:46:30,077 [EndpointStateMachine task thread for /0.0.0.0:15002 - 0 ] INFO  ratis.XceiverServerRatis (XceiverServerRatis.java:getRealPort(543)) - XceiverServerRatis 56530fb6-e6be-4313-9c7b-f74137c4f80a is started using port 15032 for RATIS_SERVER
2023-09-20 15:46:30,077 [EndpointStateMachine task thread for /0.0.0.0:15002 - 0 ] INFO  ratis.XceiverServerRatis (XceiverServerRatis.java:getRealPort(543)) - XceiverServerRatis 56530fb6-e6be-4313-9c7b-f74137c4f80a is started using port 15033 for RATIS_DATASTREAM
2023-09-20 15:46:30,085 [BlockDeletingService#0] INFO  interfaces.ContainerDeletionChoosingPolicyTemplate (ContainerDeletionChoosingPolicyTemplate.java:chooseContainerForBlockDeletion(85)) - Chosen 0/5000 blocks from 0 candidate containers.
2023-09-20 15:46:30,989 [main] INFO  ozone.MiniOzoneClusterImpl (MiniOzoneClusterImpl.java:lambda$waitForClusterToBeReady$0(224)) - Waiting for nodes to be ready. Got 0 of 3 DN Heartbeats.
2023-09-20 15:46:30,990 [main] INFO  ozone.MiniOzoneClusterImpl (MiniOzoneClusterImpl.java:lambda$waitForClusterToBeReady$0(227)) - Waiting for cluster to exit safe mode
2023-09-20 15:46:30,990 [main] INFO  ozone.MiniOzoneClusterImpl (MiniOzoneClusterImpl.java:lambda$waitForClusterToBeReady$0(229)) - SCM became leader
2023-09-20 15:46:31,016 [IPC Server handler 17 on default port 15002] INFO  net.NetworkTopologyImpl (NetworkTopologyImpl.java:add(112)) - Added a new node: /default-rack/9499e333-9dfc-4832-8419-7e757e6a4f60
2023-09-20 15:46:31,020 [IPC Server handler 17 on default port 15002] INFO  node.SCMNodeManager (SCMNodeManager.java:register(405)) - Registered Data node : 9499e333-9dfc-4832-8419-7e757e6a4f60{ip: 10.1.0.36, host: fv-az345-844.jvbsasuktymudpoi5cueu5eohe.gx.internal.cloudapp.net, ports: [HTTP=15009, CLIENT_RPC=15010, REPLICATION=15016, RATIS=15012, RATIS_ADMIN=15013, RATIS_SERVER=15014, RATIS_DATASTREAM=15015, STANDALONE=15011], networkLocation: /default-rack, certSerialId: null, persistedOpState: null, persistedOpStateExpiryEpochSec: 0}
2023-09-20 15:46:31,029 [EventQueue-NewNodeForNewNodeHandler] INFO  pipeline.BackgroundPipelineCreator (BackgroundPipelineCreator.java:notifyEventTriggered(277)) - trigger a one-shot run on RatisPipelineUtilsThread.
2023-09-20 15:46:31,041 [EventQueue-NodeRegistrationContainerReportForContainerSafeModeRule] INFO  safemode.SCMSafeModeManager (SCMSafeModeManager.java:validateSafeModeExitRules(200)) - ContainerSafeModeRule rule is successfully validated
2023-09-20 15:46:31,043 [EventQueue-NodeRegistrationContainerReportForDataNodeSafeModeRule] INFO  safemode.SCMSafeModeManager (DataNodeSafeModeRule.java:process(71)) - SCM in safe mode. 1 DataNodes registered, 3 required.
2023-09-20 15:46:31,043 [RatisPipelineUtilsThread - 0] INFO  pipeline.RatisPipelineProvider (RatisPipelineProvider.java:lambda$create$0(206)) - Sending CreatePipelineCommand for pipeline:PipelineID=bca7a608-8fed-4a65-beef-6355b783b588 to datanode:9499e333-9dfc-4832-8419-7e757e6a4f60
2023-09-20 15:46:31,058 [EventQueue-PipelineReportForOneReplicaPipelineSafeModeRule] INFO  safemode.SCMSafeModeManager (SCMSafeModeManager.java:validateSafeModeExitRules(200)) - AtleastOneDatanodeReportedRule rule is successfully validated
2023-09-20 15:46:31,075 [RatisPipelineUtilsThread - 0] INFO  pipeline.BackgroundPipelineCreator (BackgroundPipelineCreator.java:createPipelines(233)) - Created new pipeline Pipeline[ Id: bca7a608-8fed-4a65-beef-6355b783b588, Nodes: 9499e333-9dfc-4832-8419-7e757e6a4f60(fv-az345-844.jvbsasuktymudpoi5cueu5eohe.gx.internal.cloudapp.net/10.1.0.36), ReplicationConfig: RATIS/ONE, State:ALLOCATED, leaderId:, CreationTimestamp2023-09-20T15:46:31.041Z[Etc/UTC]]
2023-09-20 15:46:31,561 [IPC Server handler 18 on default port 15002] INFO  net.NetworkTopologyImpl (NetworkTopologyImpl.java:add(112)) - Added a new node: /default-rack/57fc3420-94a0-4f3c-850d-40c1ae05c77a
2023-09-20 15:46:31,562 [IPC Server handler 18 on default port 15002] INFO  node.SCMNodeManager (SCMNodeManager.java:register(405)) - Registered Data node : 57fc3420-94a0-4f3c-850d-40c1ae05c77a{ip: 10.1.0.36, host: fv-az345-844.jvbsasuktymudpoi5cueu5eohe.gx.internal.cloudapp.net, ports: [HTTP=15018, CLIENT_RPC=15019, REPLICATION=15025, RATIS=15021, RATIS_ADMIN=15022, RATIS_SERVER=15023, RATIS_DATASTREAM=15024, STANDALONE=15020], networkLocation: /default-rack, certSerialId: null, persistedOpState: null, persistedOpStateExpiryEpochSec: 0}
2023-09-20 15:46:31,563 [EventQueue-NewNodeForNewNodeHandler] INFO  pipeline.BackgroundPipelineCreator (BackgroundPipelineCreator.java:notifyEventTriggered(277)) - trigger a one-shot run on RatisPipelineUtilsThread.
2023-09-20 15:46:31,565 [EventQueue-NodeRegistrationContainerReportForDataNodeSafeModeRule] INFO  safemode.SCMSafeModeManager (DataNodeSafeModeRule.java:process(71)) - SCM in safe mode. 2 DataNodes registered, 3 required.
2023-09-20 15:46:31,572 [RatisPipelineUtilsThread - 0] INFO  pipeline.RatisPipelineProvider (RatisPipelineProvider.java:lambda$create$0(206)) - Sending CreatePipelineCommand for pipeline:PipelineID=886b1388-7f73-47f6-a4e3-dc3b4bb29613 to datanode:57fc3420-94a0-4f3c-850d-40c1ae05c77a
2023-09-20 15:46:31,573 [RatisPipelineUtilsThread - 0] INFO  pipeline.BackgroundPipelineCreator (BackgroundPipelineCreator.java:createPipelines(233)) - Created new pipeline Pipeline[ Id: 886b1388-7f73-47f6-a4e3-dc3b4bb29613, Nodes: 57fc3420-94a0-4f3c-850d-40c1ae05c77a(fv-az345-844.jvbsasuktymudpoi5cueu5eohe.gx.internal.cloudapp.net/10.1.0.36), ReplicationConfig: RATIS/ONE, State:ALLOCATED, leaderId:, CreationTimestamp2023-09-20T15:46:31.572Z[Etc/UTC]]
2023-09-20 15:46:31,990 [main] INFO  ozone.MiniOzoneClusterImpl (MiniOzoneClusterImpl.java:lambda$waitForClusterToBeReady$0(224)) - Waiting for nodes to be ready. Got 2 of 3 DN Heartbeats.
2023-09-20 15:46:31,991 [main] INFO  ozone.MiniOzoneClusterImpl (MiniOzoneClusterImpl.java:lambda$waitForClusterToBeReady$0(227)) - Waiting for cluster to exit safe mode
2023-09-20 15:46:31,991 [main] INFO  ozone.MiniOzoneClusterImpl (MiniOzoneClusterImpl.java:lambda$waitForClusterToBeReady$0(229)) - SCM became leader
2023-09-20 15:46:31,991 [IPC Server handler 19 on default port 15002] INFO  net.NetworkTopologyImpl (NetworkTopologyImpl.java:add(112)) - Added a new node: /default-rack/56530fb6-e6be-4313-9c7b-f74137c4f80a
2023-09-20 15:46:31,991 [IPC Server handler 19 on default port 15002] INFO  node.SCMNodeManager (SCMNodeManager.java:register(405)) - Registered Data node : 56530fb6-e6be-4313-9c7b-f74137c4f80a{ip: 10.1.0.36, host: fv-az345-844.jvbsasuktymudpoi5cueu5eohe.gx.internal.cloudapp.net, ports: [HTTP=15027, CLIENT_RPC=15028, REPLICATION=15034, RATIS=15030, RATIS_ADMIN=15031, RATIS_SERVER=15032, RATIS_DATASTREAM=15033, STANDALONE=15029], networkLocation: /default-rack, certSerialId: null, persistedOpState: null, persistedOpStateExpiryEpochSec: 0}
2023-09-20 15:46:31,992 [EventQueue-NewNodeForNewNodeHandler] INFO  pipeline.BackgroundPipelineCreator (BackgroundPipelineCreator.java:notifyEventTriggered(277)) - trigger a one-shot run on RatisPipelineUtilsThread.
2023-09-20 15:46:31,992 [RatisPipelineUtilsThread - 0] INFO  pipeline.RatisPipelineProvider (RatisPipelineProvider.java:lambda$create$0(206)) - Sending CreatePipelineCommand for pipeline:PipelineID=57fb1eb0-f7de-4e74-915b-f916a9bba910 to datanode:56530fb6-e6be-4313-9c7b-f74137c4f80a
2023-09-20 15:46:31,993 [EventQueue-NodeRegistrationContainerReportForDataNodeSafeModeRule] INFO  safemode.SCMSafeModeManager (DataNodeSafeModeRule.java:process(71)) - SCM in safe mode. 3 DataNodes registered, 3 required.
2023-09-20 15:46:31,996 [EventQueue-NodeRegistrationContainerReportForDataNodeSafeModeRule] INFO  safemode.SCMSafeModeManager (SCMSafeModeManager.java:validateSafeModeExitRules(200)) - DataNodeSafeModeRule rule is successfully validated
2023-09-20 15:46:31,996 [EventQueue-NodeRegistrationContainerReportForDataNodeSafeModeRule] INFO  safemode.SCMSafeModeManager (SCMSafeModeManager.java:completePreCheck(229)) - All SCM safe mode pre check rules have passed
2023-09-20 15:46:31,996 [EventQueue-NodeRegistrationContainerReportForDataNodeSafeModeRule] INFO  ha.SCMContext (SCMContext.java:updateSafeModeStatus(228)) - Update SafeModeStatus from SafeModeStatus{safeModeStatus=true, preCheckPassed=false} to SafeModeStatus{safeModeStatus=true, preCheckPassed=true}.
2023-09-20 15:46:31,996 [EventQueue-NodeRegistrationContainerReportForDataNodeSafeModeRule] INFO  pipeline.BackgroundPipelineCreator (BackgroundPipelineCreator.java:notifyEventTriggered(277)) - trigger a one-shot run on RatisPipelineUtilsThread.
2023-09-20 15:46:31,997 [RatisPipelineUtilsThread - 0] INFO  pipeline.BackgroundPipelineCreator (BackgroundPipelineCreator.java:createPipelines(233)) - Created new pipeline Pipeline[ Id: 57fb1eb0-f7de-4e74-915b-f916a9bba910, Nodes: 56530fb6-e6be-4313-9c7b-f74137c4f80a(fv-az345-844.jvbsasuktymudpoi5cueu5eohe.gx.internal.cloudapp.net/10.1.0.36), ReplicationConfig: RATIS/ONE, State:ALLOCATED, leaderId:, CreationTimestamp2023-09-20T15:46:31.992Z[Etc/UTC]]
2023-09-20 15:46:32,002 [RatisPipelineUtilsThread - 0] INFO  pipeline.RatisPipelineProvider (RatisPipelineProvider.java:lambda$create$0(206)) - Sending CreatePipelineCommand for pipeline:PipelineID=e528e358-93e3-4c44-b6b4-867c931ac550 to datanode:56530fb6-e6be-4313-9c7b-f74137c4f80a
2023-09-20 15:46:32,002 [RatisPipelineUtilsThread - 0] INFO  pipeline.RatisPipelineProvider (RatisPipelineProvider.java:lambda$create$0(206)) - Sending CreatePipelineCommand for pipeline:PipelineID=e528e358-93e3-4c44-b6b4-867c931ac550 to datanode:9499e333-9dfc-4832-8419-7e757e6a4f60
2023-09-20 15:46:32,002 [RatisPipelineUtilsThread - 0] INFO  pipeline.RatisPipelineProvider (RatisPipelineProvider.java:lambda$create$0(206)) - Sending CreatePipelineCommand for pipeline:PipelineID=e528e358-93e3-4c44-b6b4-867c931ac550 to datanode:57fc3420-94a0-4f3c-850d-40c1ae05c77a
2023-09-20 15:46:32,004 [RatisPipelineUtilsThread - 0] INFO  pipeline.BackgroundPipelineCreator (BackgroundPipelineCreator.java:createPipelines(233)) - Created new pipeline Pipeline[ Id: e528e358-93e3-4c44-b6b4-867c931ac550, Nodes: 56530fb6-e6be-4313-9c7b-f74137c4f80a(fv-az345-844.jvbsasuktymudpoi5cueu5eohe.gx.internal.cloudapp.net/10.1.0.36)9499e333-9dfc-4832-8419-7e757e6a4f60(fv-az345-844.jvbsasuktymudpoi5cueu5eohe.gx.internal.cloudapp.net/10.1.0.36)57fc3420-94a0-4f3c-850d-40c1ae05c77a(fv-az345-844.jvbsasuktymudpoi5cueu5eohe.gx.internal.cloudapp.net/10.1.0.36), ReplicationConfig: RATIS/THREE, State:ALLOCATED, leaderId:, CreationTimestamp2023-09-20T15:46:32.002Z[Etc/UTC]]
2023-09-20 15:46:32,005 [RatisPipelineUtilsThread - 0] INFO  pipeline.RatisPipelineProvider (RatisPipelineProvider.java:lambda$create$0(206)) - Sending CreatePipelineCommand for pipeline:PipelineID=45574c07-9142-4879-8024-3c3c1cf53969 to datanode:57fc3420-94a0-4f3c-850d-40c1ae05c77a
2023-09-20 15:46:32,005 [RatisPipelineUtilsThread - 0] INFO  pipeline.RatisPipelineProvider (RatisPipelineProvider.java:lambda$create$0(206)) - Sending CreatePipelineCommand for pipeline:PipelineID=45574c07-9142-4879-8024-3c3c1cf53969 to datanode:56530fb6-e6be-4313-9c7b-f74137c4f80a
2023-09-20 15:46:32,005 [RatisPipelineUtilsThread - 0] INFO  pipeline.RatisPipelineProvider (RatisPipelineProvider.java:lambda$create$0(206)) - Sending CreatePipelineCommand for pipeline:PipelineID=45574c07-9142-4879-8024-3c3c1cf53969 to datanode:9499e333-9dfc-4832-8419-7e757e6a4f60
2023-09-20 15:46:32,007 [RatisPipelineUtilsThread - 0] INFO  pipeline.PipelineManagerImpl (PipelineManagerImpl.java:recordMetricsForPipeline(895)) - Pipeline: PipelineID=45574c07-9142-4879-8024-3c3c1cf53969 contains same datanodes as previous pipelines: PipelineID=e528e358-93e3-4c44-b6b4-867c931ac550 nodeIds: 57fc3420-94a0-4f3c-850d-40c1ae05c77a, 56530fb6-e6be-4313-9c7b-f74137c4f80a, 9499e333-9dfc-4832-8419-7e757e6a4f60
2023-09-20 15:46:32,007 [RatisPipelineUtilsThread - 0] INFO  pipeline.BackgroundPipelineCreator (BackgroundPipelineCreator.java:createPipelines(233)) - Created new pipeline Pipeline[ Id: 45574c07-9142-4879-8024-3c3c1cf53969, Nodes: 57fc3420-94a0-4f3c-850d-40c1ae05c77a(fv-az345-844.jvbsasuktymudpoi5cueu5eohe.gx.internal.cloudapp.net/10.1.0.36)56530fb6-e6be-4313-9c7b-f74137c4f80a(fv-az345-844.jvbsasuktymudpoi5cueu5eohe.gx.internal.cloudapp.net/10.1.0.36)9499e333-9dfc-4832-8419-7e757e6a4f60(fv-az345-844.jvbsasuktymudpoi5cueu5eohe.gx.internal.cloudapp.net/10.1.0.36), ReplicationConfig: RATIS/THREE, State:ALLOCATED, leaderId:, CreationTimestamp2023-09-20T15:46:32.005Z[Etc/UTC]]
2023-09-20 15:46:32,992 [main] INFO  ozone.MiniOzoneClusterImpl (MiniOzoneClusterImpl.java:lambda$waitForClusterToBeReady$0(224)) - Nodes are ready. Got 3 of 3 DN Heartbeats.
2023-09-20 15:46:33,000 [main] INFO  ozone.MiniOzoneClusterImpl (MiniOzoneClusterImpl.java:lambda$waitForClusterToBeReady$0(227)) - Waiting for cluster to exit safe mode
2023-09-20 15:46:33,000 [main] INFO  ozone.MiniOzoneClusterImpl (MiniOzoneClusterImpl.java:lambda$waitForClusterToBeReady$0(229)) - SCM became leader
2023-09-20 15:46:34,000 [main] INFO  ozone.MiniOzoneClusterImpl (MiniOzoneClusterImpl.java:lambda$waitForClusterToBeReady$0(224)) - Nodes are ready. Got 3 of 3 DN Heartbeats.
2023-09-20 15:46:34,001 [main] INFO  ozone.MiniOzoneClusterImpl (MiniOzoneClusterImpl.java:lambda$waitForClusterToBeReady$0(227)) - Waiting for cluster to exit safe mode
2023-09-20 15:46:34,001 [main] INFO  ozone.MiniOzoneClusterImpl (MiniOzoneClusterImpl.java:lambda$waitForClusterToBeReady$0(229)) - SCM became leader
2023-09-20 15:46:34,026 [PipelineCommandHandlerThread-0] INFO  server.RaftServer (RaftServerProxy.java:addNew(98)) - 9499e333-9dfc-4832-8419-7e757e6a4f60: addNew group-6355B783B588:[9499e333-9dfc-4832-8419-7e757e6a4f60|rpc:10.1.0.36:15014|admin:10.1.0.36:15013|client:10.1.0.36:15012|dataStream:10.1.0.36:15015|priority:1|startupRole:FOLLOWER] returns group-6355B783B588:java.util.concurrent.CompletableFuture@36944a79[Not completed]
2023-09-20 15:46:34,042 [9499e333-9dfc-4832-8419-7e757e6a4f60-groupManagement] INFO  server.RaftServer$Division (RaftServerImpl.java:<init>(198)) - 9499e333-9dfc-4832-8419-7e757e6a4f60: new RaftServerImpl for group-6355B783B588:[9499e333-9dfc-4832-8419-7e757e6a4f60|rpc:10.1.0.36:15014|admin:10.1.0.36:15013|client:10.1.0.36:15012|dataStream:10.1.0.36:15015|priority:1|startupRole:FOLLOWER] with ContainerStateMachine:uninitialized
2023-09-20 15:46:34,042 [9499e333-9dfc-4832-8419-7e757e6a4f60-groupManagement] INFO  server.RaftServerConfigKeys (ConfUtils.java:logGet(46)) - raft.server.rpc.timeout.min = 5s (custom)
2023-09-20 15:46:34,042 [9499e333-9dfc-4832-8419-7e757e6a4f60-groupManagement] INFO  server.RaftServerConfigKeys (ConfUtils.java:logGet(46)) - raft.server.rpc.timeout.max = 5200ms (custom)
2023-09-20 15:46:34,042 [9499e333-9dfc-4832-8419-7e757e6a4f60-groupManagement] INFO  server.RaftServerConfigKeys (ConfUtils.java:logGet(46)) - raft.server.rpc.sleep.time = 25ms (default)
2023-09-20 15:46:34,042 [9499e333-9dfc-4832-8419-7e757e6a4f60-groupManagement] INFO  server.RaftServerConfigKeys (ConfUtils.java:logGet(46)) - raft.server.rpc.slowness.timeout = 300s (custom)
2023-09-20 15:46:34,042 [9499e333-9dfc-4832-8419-7e757e6a4f60-groupManagement] INFO  server.RaftServerConfigKeys (ConfUtils.java:logGet(46)) - raft.server.leaderelection.leader.step-down.wait-time = 10s (default)
2023-09-20 15:46:34,043 [9499e333-9dfc-4832-8419-7e757e6a4f60-groupManagement] INFO  server.RaftServerConfigKeys (ConfUtils.java:logGet(46)) - raft.server.sleep.deviation.threshold = 300ms (default)
2023-09-20 15:46:34,043 [9499e333-9dfc-4832-8419-7e757e6a4f60-groupManagement] INFO  server.RaftServer$Division (ServerState.java:<init>(120)) - 9499e333-9dfc-4832-8419-7e757e6a4f60@group-6355B783B588: ConfigurationManager, init=-1: peers:[9499e333-9dfc-4832-8419-7e757e6a4f60|rpc:10.1.0.36:15014|admin:10.1.0.36:15013|client:10.1.0.36:15012|dataStream:10.1.0.36:15015|priority:1|startupRole:FOLLOWER]|listeners:[], old=null, confs=<EMPTY_MAP>
2023-09-20 15:46:34,043 [9499e333-9dfc-4832-8419-7e757e6a4f60-groupManagement] INFO  server.RaftServerConfigKeys (ConfUtils.java:logGet(46)) - raft.server.storage.dir = [/home/runner/work/ozone/ozone/hadoop-ozone/integration-test/target/test-dir/MiniOzoneClusterImpl-8d56696e-0306-4140-8b78-3634a4a6d503/datanode-0/data/ratis] (custom)
2023-09-20 15:46:34,043 [9499e333-9dfc-4832-8419-7e757e6a4f60-groupManagement] INFO  server.RaftServerConfigKeys (ConfUtils.java:logGet(46)) - raft.server.log.corruption.policy = EXCEPTION (default)
2023-09-20 15:46:34,043 [9499e333-9dfc-4832-8419-7e757e6a4f60-groupManagement] INFO  server.RaftServerConfigKeys (ConfUtils.java:logGet(46)) - raft.server.storage.free-space.min = 0MB (=0) (default)
2023-09-20 15:46:34,044 [9499e333-9dfc-4832-8419-7e757e6a4f60-groupManagement] INFO  server.RaftServerConfigKeys (ConfUtils.java:logGet(46)) - raft.server.notification.no-leader.timeout = 300s (custom)
2023-09-20 15:46:34,044 [9499e333-9dfc-4832-8419-7e757e6a4f60-groupManagement] INFO  server.RaftServerConfigKeys (ConfUtils.java:logGet(46)) - raft.server.read.timeout = 10s (default)
2023-09-20 15:46:34,044 [9499e333-9dfc-4832-8419-7e757e6a4f60-groupManagement] INFO  server.RaftServerConfigKeys (ConfUtils.java:logGet(46)) - raft.server.retrycache.expirytime = 600000ms (custom)
2023-09-20 15:46:34,044 [9499e333-9dfc-4832-8419-7e757e6a4f60-groupManagement] INFO  server.RaftServerConfigKeys (ConfUtils.java:logGet(46)) - raft.server.retrycache.statistics.expirytime = 100μs (default)
2023-09-20 15:46:34,044 [9499e333-9dfc-4832-8419-7e757e6a4f60-groupManagement] INFO  server.RaftServerConfigKeys (ConfUtils.java:logGet(46)) - raft.server.read.option = DEFAULT (default)
2023-09-20 15:46:34,047 [9499e333-9dfc-4832-8419-7e757e6a4f60-groupManagement] INFO  server.RaftServerConfigKeys (ConfUtils.java:logGet(46)) - raft.server.rpc.request.timeout = 60s (custom)
2023-09-20 15:46:34,047 [9499e333-9dfc-4832-8419-7e757e6a4f60-groupManagement] INFO  server.RaftServerConfigKeys (ConfUtils.java:logGet(46)) - raft.server.log.appender.install.snapshot.enabled = false (custom)
2023-09-20 15:46:34,048 [9499e333-9dfc-4832-8419-7e757e6a4f60-groupManagement] INFO  server.RaftServerConfigKeys (ConfUtils.java:logGet(46)) - raft.server.threadpool.server.cached = true (default)
2023-09-20 15:46:34,048 [9499e333-9dfc-4832-8419-7e757e6a4f60-groupManagement] INFO  server.RaftServerConfigKeys (ConfUtils.java:logGet(46)) - raft.server.threadpool.server.size = 0 (default)
2023-09-20 15:46:34,048 [9499e333-9dfc-4832-8419-7e757e6a4f60-groupManagement] INFO  server.RaftServerConfigKeys (ConfUtils.java:logGet(46)) - raft.server.threadpool.client.cached = true (default)
2023-09-20 15:46:34,048 [9499e333-9dfc-4832-8419-7e757e6a4f60-groupManagement] INFO  server.RaftServerConfigKeys (ConfUtils.java:logGet(46)) - raft.server.threadpool.client.size = 0 (default)
2023-09-20 15:46:34,048 [9499e333-9dfc-4832-8419-7e757e6a4f60-groupManagement] INFO  storage.RaftStorageDirectory (RaftStorageDirectoryImpl.java:analyzeStorage(137)) - The storage directory /home/runner/work/ozone/ozone/hadoop-ozone/integration-test/target/test-dir/MiniOzoneClusterImpl-8d56696e-0306-4140-8b78-3634a4a6d503/datanode-0/data/ratis/bca7a608-8fed-4a65-beef-6355b783b588 does not exist. Creating ...
2023-09-20 15:46:34,050 [9499e333-9dfc-4832-8419-7e757e6a4f60-groupManagement] INFO  storage.RaftStorageDirectory (RaftStorageDirectoryImpl.java:tryLock(231)) - Lock on /home/runner/work/ozone/ozone/hadoop-ozone/integration-test/target/test-dir/MiniOzoneClusterImpl-8d56696e-0306-4140-8b78-3634a4a6d503/datanode-0/data/ratis/bca7a608-8fed-4a65-beef-6355b783b588/in_use.lock acquired by nodename 41628@fv-az345-844
2023-09-20 15:46:34,052 [9499e333-9dfc-4832-8419-7e757e6a4f60-groupManagement] INFO  storage.RaftStorage (RaftStorageImpl.java:format(96)) - Storage directory /home/runner/work/ozone/ozone/hadoop-ozone/integration-test/target/test-dir/MiniOzoneClusterImpl-8d56696e-0306-4140-8b78-3634a4a6d503/datanode-0/data/ratis/bca7a608-8fed-4a65-beef-6355b783b588 has been successfully formatted.
2023-09-20 15:46:34,057 [9499e333-9dfc-4832-8419-7e757e6a4f60-groupManagement] INFO  ratis.ContainerStateMachine (ContainerStateMachine.java:loadSnapshot(262)) - group-6355B783B588: The snapshot info is null. Setting the last applied indexto:(t:0, i:~)
2023-09-20 15:46:34,058 [9499e333-9dfc-4832-8419-7e757e6a4f60-groupManagement] INFO  server.RaftServerConfigKeys (ConfUtils.java:logGet(46)) - raft.server.log.use.memory = false (default)
2023-09-20 15:46:34,058 [9499e333-9dfc-4832-8419-7e757e6a4f60-groupManagement] INFO  server.RaftServerConfigKeys (ConfUtils.java:logGet(46)) - raft.server.log.purge.gap = 1000000 (custom)
2023-09-20 15:46:34,058 [9499e333-9dfc-4832-8419-7e757e6a4f60-groupManagement] INFO  server.RaftServerConfigKeys (ConfUtils.java:logGet(46)) - raft.server.log.appender.buffer.byte-limit = 33554432 (custom)
2023-09-20 15:46:34,058 [9499e333-9dfc-4832-8419-7e757e6a4f60-groupManagement] INFO  server.RaftServerConfigKeys (ConfUtils.java:logGet(46)) - raft.server.log.statemachine.data.read.timeout = 1000ms (default)
2023-09-20 15:46:34,058 [9499e333-9dfc-4832-8419-7e757e6a4f60-groupManagement] INFO  server.RaftServerConfigKeys (ConfUtils.java:logGet(46)) - raft.server.log.purge.preservation.log.num = 0 (default)
2023-09-20 15:46:34,059 [9499e333-9dfc-4832-8419-7e757e6a4f60-groupManagement] INFO  server.RaftServerConfigKeys (ConfUtils.java:logGet(46)) - raft.server.log.segment.size.max = 1048576 (custom)
2023-09-20 15:46:34,060 [9499e333-9dfc-4832-8419-7e757e6a4f60-groupManagement] INFO  server.RaftServerConfigKeys (ConfUtils.java:logGet(46)) - raft.server.log.segment.cache.num.max = 2 (custom)
2023-09-20 15:46:34,060 [9499e333-9dfc-4832-8419-7e757e6a4f60-groupManagement] INFO  server.RaftServerConfigKeys (ConfUtils.java:logGet(46)) - raft.server.log.segment.cache.size.max = 200MB (=209715200) (default)
2023-09-20 15:46:34,060 [9499e333-9dfc-4832-8419-7e757e6a4f60-groupManagement] INFO  server.RaftServerConfigKeys (ConfUtils.java:logGet(46)) - raft.server.log.appender.buffer.byte-limit = 33554432 (custom)
2023-09-20 15:46:34,060 [9499e333-9dfc-4832-8419-7e757e6a4f60-groupManagement] INFO  segmented.SegmentedRaftLogWorker (SegmentedRaftLogWorker.java:<init>(188)) - new 9499e333-9dfc-4832-8419-7e757e6a4f60@group-6355B783B588-SegmentedRaftLogWorker for RaftStorageImpl:Storage Directory /home/runner/work/ozone/ozone/hadoop-ozone/integration-test/target/test-dir/MiniOzoneClusterImpl-8d56696e-0306-4140-8b78-3634a4a6d503/datanode-0/data/ratis/bca7a608-8fed-4a65-beef-6355b783b588
2023-09-20 15:46:34,061 [9499e333-9dfc-4832-8419-7e757e6a4f60-groupManagement] INFO  server.RaftServerConfigKeys (ConfUtils.java:logGet(46)) - raft.server.log.queue.byte-limit = 4294967296 (custom)
2023-09-20 15:46:34,061 [9499e333-9dfc-4832-8419-7e757e6a4f60-groupManagement] INFO  server.RaftServerConfigKeys (ConfUtils.java:logGet(46)) - raft.server.log.queue.element-limit = 1024 (custom)
2023-09-20 15:46:34,061 [9499e333-9dfc-4832-8419-7e757e6a4f60-groupManagement] INFO  server.RaftServerConfigKeys (ConfUtils.java:logGet(46)) - raft.server.log.segment.size.max = 1048576 (custom)
2023-09-20 15:46:34,061 [9499e333-9dfc-4832-8419-7e757e6a4f60-groupManagement] INFO  server.RaftServerConfigKeys (ConfUtils.java:logGet(46)) - raft.server.log.preallocated.size = 16384 (custom)
2023-09-20 15:46:34,061 [9499e333-9dfc-4832-8419-7e757e6a4f60-groupManagement] INFO  server.RaftServerConfigKeys (ConfUtils.java:logGet(46)) - raft.server.log.force.sync.num = 128 (default)
2023-09-20 15:46:34,061 [9499e333-9dfc-4832-8419-7e757e6a4f60-groupManagement] INFO  server.RaftServerConfigKeys (ConfUtils.java:logGet(46)) - raft.server.log.statemachine.data.sync = true (default)
2023-09-20 15:46:34,061 [9499e333-9dfc-4832-8419-7e757e6a4f60-groupManagement] INFO  server.RaftServerConfigKeys (ConfUtils.java:logGet(46)) - raft.server.log.statemachine.data.sync.timeout = 10s (default)
2023-09-20 15:46:34,061 [9499e333-9dfc-4832-8419-7e757e6a4f60-groupManagement] INFO  server.RaftServerConfigKeys (ConfUtils.java:logGet(46)) - raft.server.log.statemachine.data.sync.timeout.retry = -1 (default)
2023-09-20 15:46:34,063 [9499e333-9dfc-4832-8419-7e757e6a4f60-groupManagement] INFO  server.RaftServerConfigKeys (ConfUtils.java:logGet(46)) - raft.server.log.write.buffer.size = 1048576 (custom)
2023-09-20 15:46:34,063 [9499e333-9dfc-4832-8419-7e757e6a4f60-groupManagement] INFO  server.RaftServerConfigKeys (ConfUtils.java:logGet(46)) - raft.server.log.appender.buffer.byte-limit = 33554432 (custom)
2023-09-20 15:46:34,071 [9499e333-9dfc-4832-8419-7e757e6a4f60-groupManagement] INFO  server.RaftServerConfigKeys (ConfUtils.java:logGet(46)) - raft.server.log.unsafe-flush.enabled = false (default)
2023-09-20 15:46:34,071 [9499e333-9dfc-4832-8419-7e757e6a4f60-groupManagement] INFO  server.RaftServerConfigKeys (ConfUtils.java:logGet(46)) - raft.server.log.async-flush.enabled = false (default)
2023-09-20 15:46:34,071 [9499e333-9dfc-4832-8419-7e757e6a4f60-groupManagement] INFO  server.RaftServerConfigKeys (ConfUtils.java:logGet(46)) - raft.server.log.statemachine.data.caching.enabled = true (custom)
2023-09-20 15:46:34,072 [9499e333-9dfc-4832-8419-7e757e6a4f60-groupManagement] INFO  segmented.SegmentedRaftLogWorker (SegmentedRaftLogWorker.java:lambda$new$0(135)) - 9499e333-9dfc-4832-8419-7e757e6a4f60@group-6355B783B588-SegmentedRaftLogWorker: flushIndex: setUnconditionally 0 -> -1
2023-09-20 15:46:34,072 [9499e333-9dfc-4832-8419-7e757e6a4f60-groupManagement] INFO  segmented.SegmentedRaftLogWorker (SegmentedRaftLogWorker.java:lambda$new$0(135)) - 9499e333-9dfc-4832-8419-7e757e6a4f60@group-6355B783B588-SegmentedRaftLogWorker: safeCacheEvictIndex: setUnconditionally 0 -> -1
2023-09-20 15:46:34,072 [9499e333-9dfc-4832-8419-7e757e6a4f60-groupManagement] INFO  server.RaftServer$Division (RaftServerImpl.java:start(342)) - 9499e333-9dfc-4832-8419-7e757e6a4f60@group-6355B783B588: start as a follower, conf=-1: peers:[9499e333-9dfc-4832-8419-7e757e6a4f60|rpc:10.1.0.36:15014|admin:10.1.0.36:15013|client:10.1.0.36:15012|dataStream:10.1.0.36:15015|priority:1|startupRole:FOLLOWER]|listeners:[], old=null
2023-09-20 15:46:34,072 [9499e333-9dfc-4832-8419-7e757e6a4f60-groupManagement] INFO  server.RaftServer$Division (RaftServerImpl.java:setRole(329)) - 9499e333-9dfc-4832-8419-7e757e6a4f60@group-6355B783B588: changes role from      null to FOLLOWER at term 0 for startAsFollower
2023-09-20 15:46:34,073 [9499e333-9dfc-4832-8419-7e757e6a4f60-groupManagement] INFO  impl.RoleInfo (RoleInfo.java:updateAndGet(139)) - 9499e333-9dfc-4832-8419-7e757e6a4f60: start 9499e333-9dfc-4832-8419-7e757e6a4f60@group-6355B783B588-FollowerState
2023-09-20 15:46:34,073 [9499e333-9dfc-4832-8419-7e757e6a4f60-groupManagement] INFO  util.JmxRegister (JmxRegister.java:tryRegister(44)) - Successfully registered JMX Bean with object name Ratis:service=RaftServer,group=group-6355B783B588,id=9499e333-9dfc-4832-8419-7e757e6a4f60
2023-09-20 15:46:34,073 [9499e333-9dfc-4832-8419-7e757e6a4f60-groupManagement] INFO  server.RaftServerConfigKeys (ConfUtils.java:logGet(46)) - raft.server.snapshot.auto.trigger.enabled = true (custom)
2023-09-20 15:46:34,073 [9499e333-9dfc-4832-8419-7e757e6a4f60-groupManagement] INFO  server.RaftServerConfigKeys (ConfUtils.java:logGet(46)) - raft.server.snapshot.auto.trigger.threshold = 10000 (custom)
2023-09-20 15:46:34,073 [9499e333-9dfc-4832-8419-7e757e6a4f60-groupManagement] INFO  server.RaftServerConfigKeys (ConfUtils.java:logGet(46)) - raft.server.snapshot.retention.file.num = 5 (custom)
2023-09-20 15:46:34,073 [9499e333-9dfc-4832-8419-7e757e6a4f60-groupManagement] INFO  server.RaftServerConfigKeys (ConfUtils.java:logGet(46)) - raft.server.log.purge.upto.snapshot.index = false (default)
2023-09-20 15:46:34,075 [9499e333-9dfc-4832-8419-7e757e6a4f60@group-6355B783B588-FollowerState] INFO  server.RaftServerConfigKeys (ConfUtils.java:logFallback(53)) - raft.server.rpc.first-election.timeout.min = 5s (fallback to raft.server.rpc.timeout.min)
2023-09-20 15:46:34,075 [9499e333-9dfc-4832-8419-7e757e6a4f60@group-6355B783B588-FollowerState] INFO  server.RaftServerConfigKeys (ConfUtils.java:logFallback(53)) - raft.server.rpc.first-election.timeout.max = 5200ms (fallback to raft.server.rpc.timeout.max)
2023-09-20 15:46:34,099 [EventQueue-PipelineReportForPipelineReportHandler] INFO  pipeline.PipelineReportHandler (PipelineReportHandler.java:processPipelineReport(136)) - Opened pipeline PipelineID=bca7a608-8fed-4a65-beef-6355b783b588
2023-09-20 15:46:34,106 [EventQueue-OpenPipelineForHealthyPipelineSafeModeRule] INFO  safemode.SCMSafeModeManager (HealthyPipelineSafeModeRule.java:process(137)) - SCM in safe mode. Healthy pipelines reported count is 0, required healthy pipeline reported count is 1
2023-09-20 15:46:34,106 [PipelineCommandHandlerThread-0] INFO  ratis.XceiverServerRatis (XceiverServerRatis.java:addGroup(804)) - Created group PipelineID=bca7a608-8fed-4a65-beef-6355b783b588
2023-09-20 15:46:34,107 [PipelineCommandHandlerThread-0] INFO  commandhandler.CreatePipelineCommandHandler (CreatePipelineCommandHandler.java:lambda$handle$2(124)) - Created Pipeline RATIS ONE PipelineID=bca7a608-8fed-4a65-beef-6355b783b588.
2023-09-20 15:46:34,107 [PipelineCommandHandlerThread-0] INFO  server.RaftServer (RaftServerProxy.java:addNew(98)) - 9499e333-9dfc-4832-8419-7e757e6a4f60: addNew group-867C931AC550:[57fc3420-94a0-4f3c-850d-40c1ae05c77a|rpc:10.1.0.36:15023|admin:10.1.0.36:15022|client:10.1.0.36:15021|dataStream:10.1.0.36:15024|priority:0|startupRole:FOLLOWER, 56530fb6-e6be-4313-9c7b-f74137c4f80a|rpc:10.1.0.36:15032|admin:10.1.0.36:15031|client:10.1.0.36:15030|dataStream:10.1.0.36:15033|priority:0|startupRole:FOLLOWER, 9499e333-9dfc-4832-8419-7e757e6a4f60|rpc:10.1.0.36:15014|admin:10.1.0.36:15013|client:10.1.0.36:15012|dataStream:10.1.0.36:15015|priority:1|startupRole:FOLLOWER] returns group-867C931AC550:java.util.concurrent.CompletableFuture@791ae5ed[Not completed]
2023-09-20 15:46:34,109 [9499e333-9dfc-4832-8419-7e757e6a4f60-groupManagement] INFO  server.RaftServer$Division (RaftServerImpl.java:<init>(198)) - 9499e333-9dfc-4832-8419-7e757e6a4f60: new RaftServerImpl for group-867C931AC550:[57fc3420-94a0-4f3c-850d-40c1ae05c77a|rpc:10.1.0.36:15023|admin:10.1.0.36:15022|client:10.1.0.36:15021|dataStream:10.1.0.36:15024|priority:0|startupRole:FOLLOWER, 56530fb6-e6be-4313-9c7b-f74137c4f80a|rpc:10.1.0.36:15032|admin:10.1.0.36:15031|client:10.1.0.36:15030|dataStream:10.1.0.36:15033|priority:0|startupRole:FOLLOWER, 9499e333-9dfc-4832-8419-7e757e6a4f60|rpc:10.1.0.36:15014|admin:10.1.0.36:15013|client:10.1.0.36:15012|dataStream:10.1.0.36:15015|priority:1|startupRole:FOLLOWER] with ContainerStateMachine:uninitialized
2023-09-20 15:46:34,110 [9499e333-9dfc-4832-8419-7e757e6a4f60-groupManagement] INFO  server.RaftServerConfigKeys (ConfUtils.java:logGet(46)) - raft.server.rpc.timeout.min = 5s (custom)
2023-09-20 15:46:34,110 [9499e333-9dfc-4832-8419-7e757e6a4f60-groupManagement] INFO  server.RaftServerConfigKeys (ConfUtils.java:logGet(46)) - raft.server.rpc.timeout.max = 5200ms (custom)
2023-09-20 15:46:34,110 [9499e333-9dfc-4832-8419-7e757e6a4f60-groupManagement] INFO  server.RaftServerConfigKeys (ConfUtils.java:logGet(46)) - raft.server.rpc.sleep.time = 25ms (default)
2023-09-20 15:46:34,110 [9499e333-9dfc-4832-8419-7e757e6a4f60-groupManagement] INFO  server.RaftServerConfigKeys (ConfUtils.java:logGet(46)) - raft.server.rpc.slowness.timeout = 300s (custom)
2023-09-20 15:46:34,110 [9499e333-9dfc-4832-8419-7e757e6a4f60-groupManagement] INFO  server.RaftServerConfigKeys (ConfUtils.java:logGet(46)) - raft.server.leaderelection.leader.step-down.wait-time = 10s (default)
2023-09-20 15:46:34,110 [9499e333-9dfc-4832-8419-7e757e6a4f60-groupManagement] INFO  server.RaftServerConfigKeys (ConfUtils.java:logGet(46)) - raft.server.sleep.deviation.threshold = 300ms (default)
2023-09-20 15:46:34,110 [9499e333-9dfc-4832-8419-7e757e6a4f60-groupManagement] INFO  server.RaftServer$Division (ServerState.java:<init>(120)) - 9499e333-9dfc-4832-8419-7e757e6a4f60@group-867C931AC550: ConfigurationManager, init=-1: peers:[57fc3420-94a0-4f3c-850d-40c1ae05c77a|rpc:10.1.0.36:15023|admin:10.1.0.36:15022|client:10.1.0.36:15021|dataStream:10.1.0.36:15024|priority:0|startupRole:FOLLOWER, 56530fb6-e6be-4313-9c7b-f74137c4f80a|rpc:10.1.0.36:15032|admin:10.1.0.36:15031|client:10.1.0.36:15030|dataStream:10.1.0.36:15033|priority:0|startupRole:FOLLOWER, 9499e333-9dfc-4832-8419-7e757e6a4f60|rpc:10.1.0.36:15014|admin:10.1.0.36:15013|client:10.1.0.36:15012|dataStream:10.1.0.36:15015|priority:1|startupRole:FOLLOWER]|listeners:[], old=null, confs=<EMPTY_MAP>
2023-09-20 15:46:34,111 [9499e333-9dfc-4832-8419-7e757e6a4f60-groupManagement] INFO  server.RaftServerConfigKeys (ConfUtils.java:logGet(46)) - raft.server.storage.dir = [/home/runner/work/ozone/ozone/hadoop-ozone/integration-test/target/test-dir/MiniOzoneClusterImpl-8d56696e-0306-4140-8b78-3634a4a6d503/datanode-0/data/ratis] (custom)
2023-09-20 15:46:34,111 [9499e333-9dfc-4832-8419-7e757e6a4f60-groupManagement] INFO  server.RaftServerConfigKeys (ConfUtils.java:logGet(46)) - raft.server.log.corruption.policy = EXCEPTION (default)
2023-09-20 15:46:34,111 [9499e333-9dfc-4832-8419-7e757e6a4f60-groupManagement] INFO  server.RaftServerConfigKeys (ConfUtils.java:logGet(46)) - raft.server.storage.free-space.min = 0MB (=0) (default)
2023-09-20 15:46:34,111 [9499e333-9dfc-4832-8419-7e757e6a4f60-groupManagement] INFO  server.RaftServerConfigKeys (ConfUtils.java:logGet(46)) - raft.server.notification.no-leader.timeout = 300s (custom)
2023-09-20 15:46:34,112 [9499e333-9dfc-4832-8419-7e757e6a4f60-groupManagement] INFO  server.RaftServerConfigKeys (ConfUtils.java:logGet(46)) - raft.server.read.timeout = 10s (default)
2023-09-20 15:46:34,112 [9499e333-9dfc-4832-8419-7e757e6a4f60-groupManagement] INFO  server.RaftServerConfigKeys (ConfUtils.java:logGet(46)) - raft.server.retrycache.expirytime = 600000ms (custom)
2023-09-20 15:46:34,112 [9499e333-9dfc-4832-8419-7e757e6a4f60-groupManagement] INFO  server.RaftServerConfigKeys (ConfUtils.java:logGet(46)) - raft.server.retrycache.statistics.expirytime = 100μs (default)
2023-09-20 15:46:34,112 [9499e333-9dfc-4832-8419-7e757e6a4f60-groupManagement] INFO  server.RaftServerConfigKeys (ConfUtils.java:logGet(46)) - raft.server.read.option = DEFAULT (default)
2023-09-20 15:46:34,114 [9499e333-9dfc-4832-8419-7e757e6a4f60-groupManagement] INFO  server.RaftServerConfigKeys (ConfUtils.java:logGet(46)) - raft.server.rpc.request.timeout = 60s (custom)
2023-09-20 15:46:34,114 [9499e333-9dfc-4832-8419-7e757e6a4f60-groupManagement] INFO  server.RaftServerConfigKeys (ConfUtils.java:logGet(46)) - raft.server.log.appender.install.snapshot.enabled = false (custom)
2023-09-20 15:46:34,114 [9499e333-9dfc-4832-8419-7e757e6a4f60-groupManagement] INFO  server.RaftServerConfigKeys (ConfUtils.java:logGet(46)) - raft.server.threadpool.server.cached = true (default)
2023-09-20 15:46:34,115 [9499e333-9dfc-4832-8419-7e757e6a4f60-groupManagement] INFO  server.RaftServerConfigKeys (ConfUtils.java:logGet(46)) - raft.server.threadpool.server.size = 0 (default)
2023-09-20 15:46:34,115 [9499e333-9dfc-4832-8419-7e757e6a4f60-groupManagement] INFO  server.RaftServerConfigKeys (ConfUtils.java:logGet(46)) - raft.server.threadpool.client.cached = true (default)
2023-09-20 15:46:34,115 [9499e333-9dfc-4832-8419-7e757e6a4f60-groupManagement] INFO  server.RaftServerConfigKeys (ConfUtils.java:logGet(46)) - raft.server.threadpool.client.size = 0 (default)
2023-09-20 15:46:34,115 [9499e333-9dfc-4832-8419-7e757e6a4f60-groupManagement] INFO  storage.RaftStorageDirectory (RaftStorageDirectoryImpl.java:analyzeStorage(137)) - The storage directory /home/runner/work/ozone/ozone/hadoop-ozone/integration-test/target/test-dir/MiniOzoneClusterImpl-8d56696e-0306-4140-8b78-3634a4a6d503/datanode-0/data/ratis/e528e358-93e3-4c44-b6b4-867c931ac550 does not exist. Creating ...
2023-09-20 15:46:34,117 [9499e333-9dfc-4832-8419-7e757e6a4f60-groupManagement] INFO  storage.RaftStorageDirectory (RaftStorageDirectoryImpl.java:tryLock(231)) - Lock on /home/runner/work/ozone/ozone/hadoop-ozone/integration-test/target/test-dir/MiniOzoneClusterImpl-8d56696e-0306-4140-8b78-3634a4a6d503/datanode-0/data/ratis/e528e358-93e3-4c44-b6b4-867c931ac550/in_use.lock acquired by nodename 41628@fv-az345-844
2023-09-20 15:46:34,118 [9499e333-9dfc-4832-8419-7e757e6a4f60-groupManagement] INFO  storage.RaftStorage (RaftStorageImpl.java:format(96)) - Storage directory /home/runner/work/ozone/ozone/hadoop-ozone/integration-test/target/test-dir/MiniOzoneClusterImpl-8d56696e-0306-4140-8b78-3634a4a6d503/datanode-0/data/ratis/e528e358-93e3-4c44-b6b4-867c931ac550 has been successfully formatted.
2023-09-20 15:46:34,123 [9499e333-9dfc-4832-8419-7e757e6a4f60-groupManagement] INFO  ratis.ContainerStateMachine (ContainerStateMachine.java:loadSnapshot(262)) - group-867C931AC550: The snapshot info is null. Setting the last applied indexto:(t:0, i:~)
2023-09-20 15:46:34,126 [9499e333-9dfc-4832-8419-7e757e6a4f60-groupManagement] INFO  server.RaftServerConfigKeys (ConfUtils.java:logGet(46)) - raft.server.log.use.memory = false (default)
2023-09-20 15:46:34,126 [EventQueue-OpenPipelineForHealthyPipelineSafeModeRule] INFO  safemode.SCMSafeModeManager (HealthyPipelineSafeModeRule.java:process(137)) - SCM in safe mode. Healthy pipelines reported count is 0, required healthy pipeline reported count is 1
2023-09-20 15:46:34,127 [9499e333-9dfc-4832-8419-7e757e6a4f60-groupManagement] INFO  server.RaftServerConfigKeys (ConfUtils.java:logGet(46)) - raft.server.log.purge.gap = 1000000 (custom)
2023-09-20 15:46:34,127 [9499e333-9dfc-4832-8419-7e757e6a4f60-groupManagement] INFO  server.RaftServerConfigKeys (ConfUtils.java:logGet(46)) - raft.server.log.appender.buffer.byte-limit = 33554432 (custom)
2023-09-20 15:46:34,127 [9499e333-9dfc-4832-8419-7e757e6a4f60-groupManagement] INFO  server.RaftServerConfigKeys (ConfUtils.java:logGet(46)) - raft.server.log.statemachine.data.read.timeout = 1000ms (default)
2023-09-20 15:46:34,127 [9499e333-9dfc-4832-8419-7e757e6a4f60-groupManagement] INFO  server.RaftServerConfigKeys (ConfUtils.java:logGet(46)) - raft.server.log.purge.preservation.log.num = 0 (default)
2023-09-20 15:46:34,128 [9499e333-9dfc-4832-8419-7e757e6a4f60-groupManagement] INFO  server.RaftServerConfigKeys (ConfUtils.java:logGet(46)) - raft.server.log.segment.size.max = 1048576 (custom)
2023-09-20 15:46:34,130 [9499e333-9dfc-4832-8419-7e757e6a4f60-groupManagement] INFO  server.RaftServerConfigKeys (ConfUtils.java:logGet(46)) - raft.server.log.segment.cache.num.max = 2 (custom)
2023-09-20 15:46:34,130 [9499e333-9dfc-4832-8419-7e757e6a4f60-groupManagement] INFO  server.RaftServerConfigKeys (ConfUtils.java:logGet(46)) - raft.server.log.segment.cache.size.max = 200MB (=209715200) (default)
2023-09-20 15:46:34,130 [9499e333-9dfc-4832-8419-7e757e6a4f60-groupManagement] INFO  server.RaftServerConfigKeys (ConfUtils.java:logGet(46)) - raft.server.log.appender.buffer.byte-limit = 33554432 (custom)
2023-09-20 15:46:34,130 [9499e333-9dfc-4832-8419-7e757e6a4f60-groupManagement] INFO  segmented.SegmentedRaftLogWorker (SegmentedRaftLogWorker.java:<init>(188)) - new 9499e333-9dfc-4832-8419-7e757e6a4f60@group-867C931AC550-SegmentedRaftLogWorker for RaftStorageImpl:Storage Directory /home/runner/work/ozone/ozone/hadoop-ozone/integration-test/target/test-dir/MiniOzoneClusterImpl-8d56696e-0306-4140-8b78-3634a4a6d503/datanode-0/data/ratis/e528e358-93e3-4c44-b6b4-867c931ac550
2023-09-20 15:46:34,131 [9499e333-9dfc-4832-8419-7e757e6a4f60-groupManagement] INFO  server.RaftServerConfigKeys (ConfUtils.java:logGet(46)) - raft.server.log.queue.byte-limit = 4294967296 (custom)
2023-09-20 15:46:34,131 [9499e333-9dfc-4832-8419-7e757e6a4f60-groupManagement] INFO  server.RaftServerConfigKeys (ConfUtils.java:logGet(46)) - raft.server.log.queue.element-limit = 1024 (custom)
2023-09-20 15:46:34,132 [9499e333-9dfc-4832-8419-7e757e6a4f60-groupManagement] INFO  server.RaftServerConfigKeys (ConfUtils.java:logGet(46)) - raft.server.log.segment.size.max = 1048576 (custom)
2023-09-20 15:46:34,132 [9499e333-9dfc-4832-8419-7e757e6a4f60-groupManagement] INFO  server.RaftServerConfigKeys (ConfUtils.java:logGet(46)) - raft.server.log.preallocated.size = 16384 (custom)
2023-09-20 15:46:34,132 [9499e333-9dfc-4832-8419-7e757e6a4f60-groupManagement] INFO  server.RaftServerConfigKeys (ConfUtils.java:logGet(46)) - raft.server.log.force.sync.num = 128 (default)
2023-09-20 15:46:34,132 [9499e333-9dfc-4832-8419-7e757e6a4f60-groupManagement] INFO  server.RaftServerConfigKeys (ConfUtils.java:logGet(46)) - raft.server.log.statemachine.data.sync = true (default)
2023-09-20 15:46:34,132 [9499e333-9dfc-4832-8419-7e757e6a4f60-groupManagement] INFO  server.RaftServerConfigKeys (ConfUtils.java:logGet(46)) - raft.server.log.statemachine.data.sync.timeout = 10s (default)
2023-09-20 15:46:34,132 [9499e333-9dfc-4832-8419-7e757e6a4f60-groupManagement] INFO  server.RaftServerConfigKeys (ConfUtils.java:logGet(46)) - raft.server.log.statemachine.data.sync.timeout.retry = -1 (default)
2023-09-20 15:46:34,136 [9499e333-9dfc-4832-8419-7e757e6a4f60-groupManagement] INFO  server.RaftServerConfigKeys (ConfUtils.java:logGet(46)) - raft.server.log.write.buffer.size = 1048576 (custom)
2023-09-20 15:46:34,137 [9499e333-9dfc-4832-8419-7e757e6a4f60-groupManagement] INFO  server.RaftServerConfigKeys (ConfUtils.java:logGet(46)) - raft.server.log.appender.buffer.byte-limit = 33554432 (custom)
2023-09-20 15:46:34,145 [9499e333-9dfc-4832-8419-7e757e6a4f60-groupManagement] INFO  server.RaftServerConfigKeys (ConfUtils.java:logGet(46)) - raft.server.log.unsafe-flush.enabled = false (default)
2023-09-20 15:46:34,145 [9499e333-9dfc-4832-8419-7e757e6a4f60-groupManagement] INFO  server.RaftServerConfigKeys (ConfUtils.java:logGet(46)) - raft.server.log.async-flush.enabled = false (default)
2023-09-20 15:46:34,145 [9499e333-9dfc-4832-8419-7e757e6a4f60-groupManagement] INFO  server.RaftServerConfigKeys (ConfUtils.java:logGet(46)) - raft.server.log.statemachine.data.caching.enabled = true (custom)
2023-09-20 15:46:34,145 [9499e333-9dfc-4832-8419-7e757e6a4f60-groupManagement] INFO  segmented.SegmentedRaftLogWorker (SegmentedRaftLogWorker.java:lambda$new$0(135)) - 9499e333-9dfc-4832-8419-7e757e6a4f60@group-867C931AC550-SegmentedRaftLogWorker: flushIndex: setUnconditionally 0 -> -1
2023-09-20 15:46:34,146 [9499e333-9dfc-4832-8419-7e757e6a4f60-groupManagement] INFO  segmented.SegmentedRaftLogWorker (SegmentedRaftLogWorker.java:lambda$new$0(135)) - 9499e333-9dfc-4832-8419-7e757e6a4f60@group-867C931AC550-SegmentedRaftLogWorker: safeCacheEvictIndex: setUnconditionally 0 -> -1
2023-09-20 15:46:34,146 [9499e333-9dfc-4832-8419-7e757e6a4f60-groupManagement] INFO  server.RaftServer$Division (RaftServerImpl.java:start(342)) - 9499e333-9dfc-4832-8419-7e757e6a4f60@group-867C931AC550: start as a follower, conf=-1: peers:[57fc3420-94a0-4f3c-850d-40c1ae05c77a|rpc:10.1.0.36:15023|admin:10.1.0.36:15022|client:10.1.0.36:15021|dataStream:10.1.0.36:15024|priority:0|startupRole:FOLLOWER, 56530fb6-e6be-4313-9c7b-f74137c4f80a|rpc:10.1.0.36:15032|admin:10.1.0.36:15031|client:10.1.0.36:15030|dataStream:10.1.0.36:15033|priority:0|startupRole:FOLLOWER, 9499e333-9dfc-4832-8419-7e757e6a4f60|rpc:10.1.0.36:15014|admin:10.1.0.36:15013|client:10.1.0.36:15012|dataStream:10.1.0.36:15015|priority:1|startupRole:FOLLOWER]|listeners:[], old=null
2023-09-20 15:46:34,146 [9499e333-9dfc-4832-8419-7e757e6a4f60-groupManagement] INFO  server.RaftServer$Division (RaftServerImpl.java:setRole(329)) - 9499e333-9dfc-4832-8419-7e757e6a4f60@group-867C931AC550: changes role from      null to FOLLOWER at term 0 for startAsFollower
2023-09-20 15:46:34,146 [9499e333-9dfc-4832-8419-7e757e6a4f60-groupManagement] INFO  impl.RoleInfo (RoleInfo.java:updateAndGet(139)) - 9499e333-9dfc-4832-8419-7e757e6a4f60: start 9499e333-9dfc-4832-8419-7e757e6a4f60@group-867C931AC550-FollowerState
2023-09-20 15:46:34,147 [9499e333-9dfc-4832-8419-7e757e6a4f60@group-867C931AC550-FollowerState] INFO  server.RaftServerConfigKeys (ConfUtils.java:logFallback(53)) - raft.server.rpc.first-election.timeout.min = 5s (fallback to raft.server.rpc.timeout.min)
2023-09-20 15:46:34,148 [9499e333-9dfc-4832-8419-7e757e6a4f60-groupManagement] INFO  util.JmxRegister (JmxRegister.java:tryRegister(44)) - Successfully registered JMX Bean with object name Ratis:service=RaftServer,group=group-867C931AC550,id=9499e333-9dfc-4832-8419-7e757e6a4f60
2023-09-20 15:46:34,148 [9499e333-9dfc-4832-8419-7e757e6a4f60-groupManagement] INFO  server.RaftServerConfigKeys (ConfUtils.java:logGet(46)) - raft.server.snapshot.auto.trigger.enabled = true (custom)
2023-09-20 15:46:34,148 [9499e333-9dfc-4832-8419-7e757e6a4f60-groupManagement] INFO  server.RaftServerConfigKeys (ConfUtils.java:logGet(46)) - raft.server.snapshot.auto.trigger.threshold = 10000 (custom)
2023-09-20 15:46:34,148 [9499e333-9dfc-4832-8419-7e757e6a4f60-groupManagement] INFO  server.RaftServerConfigKeys (ConfUtils.java:logGet(46)) - raft.server.snapshot.retention.file.num = 5 (custom)
2023-09-20 15:46:34,148 [9499e333-9dfc-4832-8419-7e757e6a4f60-groupManagement] INFO  server.RaftServerConfigKeys (ConfUtils.java:logGet(46)) - raft.server.log.purge.upto.snapshot.index = false (default)
2023-09-20 15:46:34,149 [PipelineCommandHandlerThread-0] INFO  ratis.XceiverServerRatis (XceiverServerRatis.java:addGroup(804)) - Created group PipelineID=e528e358-93e3-4c44-b6b4-867c931ac550
2023-09-20 15:46:34,154 [9499e333-9dfc-4832-8419-7e757e6a4f60@group-867C931AC550-FollowerState] INFO  server.RaftServerConfigKeys (ConfUtils.java:logFallback(53)) - raft.server.rpc.first-election.timeout.max = 5200ms (fallback to raft.server.rpc.timeout.max)
2023-09-20 15:46:34,582 [PipelineCommandHandlerThread-0] INFO  server.RaftServer (RaftServerProxy.java:addNew(98)) - 57fc3420-94a0-4f3c-850d-40c1ae05c77a: addNew group-DC3B4BB29613:[57fc3420-94a0-4f3c-850d-40c1ae05c77a|rpc:10.1.0.36:15023|admin:10.1.0.36:15022|client:10.1.0.36:15021|dataStream:10.1.0.36:15024|priority:1|startupRole:FOLLOWER] returns group-DC3B4BB29613:java.util.concurrent.CompletableFuture@1e5be3[Not completed]
2023-09-20 15:46:34,588 [57fc3420-94a0-4f3c-850d-40c1ae05c77a-groupManagement] INFO  server.RaftServer$Division (RaftServerImpl.java:<init>(198)) - 57fc3420-94a0-4f3c-850d-40c1ae05c77a: new RaftServerImpl for group-DC3B4BB29613:[57fc3420-94a0-4f3c-850d-40c1ae05c77a|rpc:10.1.0.36:15023|admin:10.1.0.36:15022|client:10.1.0.36:15021|dataStream:10.1.0.36:15024|priority:1|startupRole:FOLLOWER] with ContainerStateMachine:uninitialized
2023-09-20 15:46:34,588 [57fc3420-94a0-4f3c-850d-40c1ae05c77a-groupManagement] INFO  server.RaftServerConfigKeys (ConfUtils.java:logGet(46)) - raft.server.rpc.timeout.min = 5s (custom)
2023-09-20 15:46:34,588 [57fc3420-94a0-4f3c-850d-40c1ae05c77a-groupManagement] INFO  server.RaftServerConfigKeys (ConfUtils.java:logGet(46)) - raft.server.rpc.timeout.max = 5200ms (custom)
2023-09-20 15:46:34,588 [57fc3420-94a0-4f3c-850d-40c1ae05c77a-groupManagement] INFO  server.RaftServerConfigKeys (ConfUtils.java:logGet(46)) - raft.server.rpc.sleep.time = 25ms (default)
2023-09-20 15:46:34,588 [57fc3420-94a0-4f3c-850d-40c1ae05c77a-groupManagement] INFO  server.RaftServerConfigKeys (ConfUtils.java:logGet(46)) - raft.server.rpc.slowness.timeout = 300s (custom)
2023-09-20 15:46:34,589 [57fc3420-94a0-4f3c-850d-40c1ae05c77a-groupManagement] INFO  server.RaftServerConfigKeys (ConfUtils.java:logGet(46)) - raft.server.leaderelection.leader.step-down.wait-time = 10s (default)
2023-09-20 15:46:34,589 [57fc3420-94a0-4f3c-850d-40c1ae05c77a-groupManagement] INFO  server.RaftServerConfigKeys (ConfUtils.java:logGet(46)) - raft.server.sleep.deviation.threshold = 300ms (default)
2023-09-20 15:46:34,589 [57fc3420-94a0-4f3c-850d-40c1ae05c77a-groupManagement] INFO  server.RaftServer$Division (ServerState.java:<init>(120)) - 57fc3420-94a0-4f3c-850d-40c1ae05c77a@group-DC3B4BB29613: ConfigurationManager, init=-1: peers:[57fc3420-94a0-4f3c-850d-40c1ae05c77a|rpc:10.1.0.36:15023|admin:10.1.0.36:15022|client:10.1.0.36:15021|dataStream:10.1.0.36:15024|priority:1|startupRole:FOLLOWER]|listeners:[], old=null, confs=<EMPTY_MAP>
2023-09-20 15:46:34,589 [57fc3420-94a0-4f3c-850d-40c1ae05c77a-groupManagement] INFO  server.RaftServerConfigKeys (ConfUtils.java:logGet(46)) - raft.server.storage.dir = [/home/runner/work/ozone/ozone/hadoop-ozone/integration-test/target/test-dir/MiniOzoneClusterImpl-8d56696e-0306-4140-8b78-3634a4a6d503/datanode-1/data/ratis] (custom)
2023-09-20 15:46:34,589 [57fc3420-94a0-4f3c-850d-40c1ae05c77a-groupManagement] INFO  server.RaftServerConfigKeys (ConfUtils.java:logGet(46)) - raft.server.log.corruption.policy = EXCEPTION (default)
2023-09-20 15:46:34,589 [57fc3420-94a0-4f3c-850d-40c1ae05c77a-groupManagement] INFO  server.RaftServerConfigKeys (ConfUtils.java:logGet(46)) - raft.server.storage.free-space.min = 0MB (=0) (default)
2023-09-20 15:46:34,589 [57fc3420-94a0-4f3c-850d-40c1ae05c77a-groupManagement] INFO  server.RaftServerConfigKeys (ConfUtils.java:logGet(46)) - raft.server.notification.no-leader.timeout = 300s (custom)
2023-09-20 15:46:34,592 [57fc3420-94a0-4f3c-850d-40c1ae05c77a-groupManagement] INFO  server.RaftServerConfigKeys (ConfUtils.java:logGet(46)) - raft.server.read.timeout = 10s (default)
2023-09-20 15:46:34,592 [57fc3420-94a0-4f3c-850d-40c1ae05c77a-groupManagement] INFO  server.RaftServerConfigKeys (ConfUtils.java:logGet(46)) - raft.server.retrycache.expirytime = 600000ms (custom)
2023-09-20 15:46:34,592 [57fc3420-94a0-4f3c-850d-40c1ae05c77a-groupManagement] INFO  server.RaftServerConfigKeys (ConfUtils.java:logGet(46)) - raft.server.retrycache.statistics.expirytime = 100μs (default)
2023-09-20 15:46:34,592 [57fc3420-94a0-4f3c-850d-40c1ae05c77a-groupManagement] INFO  server.RaftServerConfigKeys (ConfUtils.java:logGet(46)) - raft.server.read.option = DEFAULT (default)
2023-09-20 15:46:34,599 [57fc3420-94a0-4f3c-850d-40c1ae05c77a-groupManagement] INFO  server.RaftServerConfigKeys (ConfUtils.java:logGet(46)) - raft.server.rpc.request.timeout = 60s (custom)
2023-09-20 15:46:34,599 [57fc3420-94a0-4f3c-850d-40c1ae05c77a-groupManagement] INFO  server.RaftServerConfigKeys (ConfUtils.java:logGet(46)) - raft.server.log.appender.install.snapshot.enabled = false (custom)
2023-09-20 15:46:34,599 [57fc3420-94a0-4f3c-850d-40c1ae05c77a-groupManagement] INFO  server.RaftServerConfigKeys (ConfUtils.java:logGet(46)) - raft.server.threadpool.server.cached = true (default)
2023-09-20 15:46:34,600 [57fc3420-94a0-4f3c-850d-40c1ae05c77a-groupManagement] INFO  server.RaftServerConfigKeys (ConfUtils.java:logGet(46)) - raft.server.threadpool.server.size = 0 (default)
2023-09-20 15:46:34,600 [57fc3420-94a0-4f3c-850d-40c1ae05c77a-groupManagement] INFO  server.RaftServerConfigKeys (ConfUtils.java:logGet(46)) - raft.server.threadpool.client.cached = true (default)
2023-09-20 15:46:34,600 [57fc3420-94a0-4f3c-850d-40c1ae05c77a-groupManagement] INFO  server.RaftServerConfigKeys (ConfUtils.java:logGet(46)) - raft.server.threadpool.client.size = 0 (default)
2023-09-20 15:46:34,600 [57fc3420-94a0-4f3c-850d-40c1ae05c77a-groupManagement] INFO  storage.RaftStorageDirectory (RaftStorageDirectoryImpl.java:analyzeStorage(137)) - The storage directory /home/runner/work/ozone/ozone/hadoop-ozone/integration-test/target/test-dir/MiniOzoneClusterImpl-8d56696e-0306-4140-8b78-3634a4a6d503/datanode-1/data/ratis/886b1388-7f73-47f6-a4e3-dc3b4bb29613 does not exist. Creating ...
2023-09-20 15:46:34,603 [57fc3420-94a0-4f3c-850d-40c1ae05c77a-groupManagement] INFO  storage.RaftStorageDirectory (RaftStorageDirectoryImpl.java:tryLock(231)) - Lock on /home/runner/work/ozone/ozone/hadoop-ozone/integration-test/target/test-dir/MiniOzoneClusterImpl-8d56696e-0306-4140-8b78-3634a4a6d503/datanode-1/data/ratis/886b1388-7f73-47f6-a4e3-dc3b4bb29613/in_use.lock acquired by nodename 41628@fv-az345-844
2023-09-20 15:46:34,605 [57fc3420-94a0-4f3c-850d-40c1ae05c77a-groupManagement] INFO  storage.RaftStorage (RaftStorageImpl.java:format(96)) - Storage directory /home/runner/work/ozone/ozone/hadoop-ozone/integration-test/target/test-dir/MiniOzoneClusterImpl-8d56696e-0306-4140-8b78-3634a4a6d503/datanode-1/data/ratis/886b1388-7f73-47f6-a4e3-dc3b4bb29613 has been successfully formatted.
2023-09-20 15:46:34,624 [57fc3420-94a0-4f3c-850d-40c1ae05c77a-groupManagement] INFO  ratis.ContainerStateMachine (ContainerStateMachine.java:loadSnapshot(262)) - group-DC3B4BB29613: The snapshot info is null. Setting the last applied indexto:(t:0, i:~)
2023-09-20 15:46:34,624 [57fc3420-94a0-4f3c-850d-40c1ae05c77a-groupManagement] INFO  server.RaftServerConfigKeys (ConfUtils.java:logGet(46)) - raft.server.log.use.memory = false (default)
2023-09-20 15:46:34,624 [57fc3420-94a0-4f3c-850d-40c1ae05c77a-groupManagement] INFO  server.RaftServerConfigKeys (ConfUtils.java:logGet(46)) - raft.server.log.purge.gap = 1000000 (custom)
2023-09-20 15:46:34,625 [57fc3420-94a0-4f3c-850d-40c1ae05c77a-groupManagement] INFO  server.RaftServerConfigKeys (ConfUtils.java:logGet(46)) - raft.server.log.appender.buffer.byte-limit = 33554432 (custom)
2023-09-20 15:46:34,625 [57fc3420-94a0-4f3c-850d-40c1ae05c77a-groupManagement] INFO  server.RaftServerConfigKeys (ConfUtils.java:logGet(46)) - raft.server.log.statemachine.data.read.timeout = 1000ms (default)
2023-09-20 15:46:34,625 [57fc3420-94a0-4f3c-850d-40c1ae05c77a-groupManagement] INFO  server.RaftServerConfigKeys (ConfUtils.java:logGet(46)) - raft.server.log.purge.preservation.log.num = 0 (default)
2023-09-20 15:46:34,625 [57fc3420-94a0-4f3c-850d-40c1ae05c77a-groupManagement] INFO  server.RaftServerConfigKeys (ConfUtils.java:logGet(46)) - raft.server.log.segment.size.max = 1048576 (custom)
2023-09-20 15:46:34,626 [57fc3420-94a0-4f3c-850d-40c1ae05c77a-groupManagement] INFO  server.RaftServerConfigKeys (ConfUtils.java:logGet(46)) - raft.server.log.segment.cache.num.max = 2 (custom)
2023-09-20 15:46:34,626 [57fc3420-94a0-4f3c-850d-40c1ae05c77a-groupManagement] INFO  server.RaftServerConfigKeys (ConfUtils.java:logGet(46)) - raft.server.log.segment.cache.size.max = 200MB (=209715200) (default)
2023-09-20 15:46:34,626 [57fc3420-94a0-4f3c-850d-40c1ae05c77a-groupManagement] INFO  server.RaftServerConfigKeys (ConfUtils.java:logGet(46)) - raft.server.log.appender.buffer.byte-limit = 33554432 (custom)
2023-09-20 15:46:34,626 [57fc3420-94a0-4f3c-850d-40c1ae05c77a-groupManagement] INFO  segmented.SegmentedRaftLogWorker (SegmentedRaftLogWorker.java:<init>(188)) - new 57fc3420-94a0-4f3c-850d-40c1ae05c77a@group-DC3B4BB29613-SegmentedRaftLogWorker for RaftStorageImpl:Storage Directory /home/runner/work/ozone/ozone/hadoop-ozone/integration-test/target/test-dir/MiniOzoneClusterImpl-8d56696e-0306-4140-8b78-3634a4a6d503/datanode-1/data/ratis/886b1388-7f73-47f6-a4e3-dc3b4bb29613
2023-09-20 15:46:34,626 [57fc3420-94a0-4f3c-850d-40c1ae05c77a-groupManagement] INFO  server.RaftServerConfigKeys (ConfUtils.java:logGet(46)) - raft.server.log.queue.byte-limit = 4294967296 (custom)
2023-09-20 15:46:34,626 [57fc3420-94a0-4f3c-850d-40c1ae05c77a-groupManagement] INFO  server.RaftServerConfigKeys (ConfUtils.java:logGet(46)) - raft.server.log.queue.element-limit = 1024 (custom)
2023-09-20 15:46:34,626 [57fc3420-94a0-4f3c-850d-40c1ae05c77a-groupManagement] INFO  server.RaftServerConfigKeys (ConfUtils.java:logGet(46)) - raft.server.log.segment.size.max = 1048576 (custom)
2023-09-20 15:46:34,626 [57fc3420-94a0-4f3c-850d-40c1ae05c77a-groupManagement] INFO  server.RaftServerConfigKeys (ConfUtils.java:logGet(46)) - raft.server.log.preallocated.size = 16384 (custom)
2023-09-20 15:46:34,626 [57fc3420-94a0-4f3c-850d-40c1ae05c77a-groupManagement] INFO  server.RaftServerConfigKeys (ConfUtils.java:logGet(46)) - raft.server.log.force.sync.num = 128 (default)
2023-09-20 15:46:34,626 [57fc3420-94a0-4f3c-850d-40c1ae05c77a-groupManagement] INFO  server.RaftServerConfigKeys (ConfUtils.java:logGet(46)) - raft.server.log.statemachine.data.sync = true (default)
2023-09-20 15:46:34,627 [57fc3420-94a0-4f3c-850d-40c1ae05c77a-groupManagement] INFO  server.RaftServerConfigKeys (ConfUtils.java:logGet(46)) - raft.server.log.statemachine.data.sync.timeout = 10s (default)
2023-09-20 15:46:34,627 [57fc3420-94a0-4f3c-850d-40c1ae05c77a-groupManagement] INFO  server.RaftServerConfigKeys (ConfUtils.java:logGet(46)) - raft.server.log.statemachine.data.sync.timeout.retry = -1 (default)
2023-09-20 15:46:34,629 [57fc3420-94a0-4f3c-850d-40c1ae05c77a-groupManagement] INFO  server.RaftServerConfigKeys (ConfUtils.java:logGet(46)) - raft.server.log.write.buffer.size = 1048576 (custom)
2023-09-20 15:46:34,629 [57fc3420-94a0-4f3c-850d-40c1ae05c77a-groupManagement] INFO  server.RaftServerConfigKeys (ConfUtils.java:logGet(46)) - raft.server.log.appender.buffer.byte-limit = 33554432 (custom)
2023-09-20 15:46:34,630 [EventQueue-PipelineReportForPipelineReportHandler] INFO  pipeline.PipelineReportHandler (PipelineReportHandler.java:processPipelineReport(136)) - Opened pipeline PipelineID=886b1388-7f73-47f6-a4e3-dc3b4bb29613
2023-09-20 15:46:34,630 [EventQueue-OpenPipelineForHealthyPipelineSafeModeRule] INFO  safemode.SCMSafeModeManager (HealthyPipelineSafeModeRule.java:process(137)) - SCM in safe mode. Healthy pipelines reported count is 0, required healthy pipeline reported count is 1
2023-09-20 15:46:34,654 [57fc3420-94a0-4f3c-850d-40c1ae05c77a-groupManagement] INFO  server.RaftServerConfigKeys (ConfUtils.java:logGet(46)) - raft.server.log.unsafe-flush.enabled = false (default)
2023-09-20 15:46:34,654 [57fc3420-94a0-4f3c-850d-40c1ae05c77a-groupManagement] INFO  server.RaftServerConfigKeys (ConfUtils.java:logGet(46)) - raft.server.log.async-flush.enabled = false (default)
2023-09-20 15:46:34,654 [57fc3420-94a0-4f3c-850d-40c1ae05c77a-groupManagement] INFO  server.RaftServerConfigKeys (ConfUtils.java:logGet(46)) - raft.server.log.statemachine.data.caching.enabled = true (custom)
2023-09-20 15:46:34,654 [57fc3420-94a0-4f3c-850d-40c1ae05c77a-groupManagement] INFO  segmented.SegmentedRaftLogWorker (SegmentedRaftLogWorker.java:lambda$new$0(135)) - 57fc3420-94a0-4f3c-850d-40c1ae05c77a@group-DC3B4BB29613-SegmentedRaftLogWorker: flushIndex: setUnconditionally 0 -> -1
2023-09-20 15:46:34,654 [57fc3420-94a0-4f3c-850d-40c1ae05c77a-groupManagement] INFO  segmented.SegmentedRaftLogWorker (SegmentedRaftLogWorker.java:lambda$new$0(135)) - 57fc3420-94a0-4f3c-850d-40c1ae05c77a@group-DC3B4BB29613-SegmentedRaftLogWorker: safeCacheEvictIndex: setUnconditionally 0 -> -1
2023-09-20 15:46:34,660 [57fc3420-94a0-4f3c-850d-40c1ae05c77a-groupManagement] INFO  server.RaftServer$Division (RaftServerImpl.java:start(342)) - 57fc3420-94a0-4f3c-850d-40c1ae05c77a@group-DC3B4BB29613: start as a follower, conf=-1: peers:[57fc3420-94a0-4f3c-850d-40c1ae05c77a|rpc:10.1.0.36:15023|admin:10.1.0.36:15022|client:10.1.0.36:15021|dataStream:10.1.0.36:15024|priority:1|startupRole:FOLLOWER]|listeners:[], old=null
2023-09-20 15:46:34,660 [57fc3420-94a0-4f3c-850d-40c1ae05c77a-groupManagement] INFO  server.RaftServer$Division (RaftServerImpl.java:setRole(329)) - 57fc3420-94a0-4f3c-850d-40c1ae05c77a@group-DC3B4BB29613: changes role from      null to FOLLOWER at term 0 for startAsFollower
2023-09-20 15:46:34,660 [57fc3420-94a0-4f3c-850d-40c1ae05c77a-groupManagement] INFO  impl.RoleInfo (RoleInfo.java:updateAndGet(139)) - 57fc3420-94a0-4f3c-850d-40c1ae05c77a: start 57fc3420-94a0-4f3c-850d-40c1ae05c77a@group-DC3B4BB29613-FollowerState
2023-09-20 15:46:34,679 [57fc3420-94a0-4f3c-850d-40c1ae05c77a-groupManagement] INFO  util.JmxRegister (JmxRegister.java:tryRegister(44)) - Successfully registered JMX Bean with object name Ratis:service=RaftServer,group=group-DC3B4BB29613,id=57fc3420-94a0-4f3c-850d-40c1ae05c77a
2023-09-20 15:46:34,687 [57fc3420-94a0-4f3c-850d-40c1ae05c77a-groupManagement] INFO  server.RaftServerConfigKeys (ConfUtils.java:logGet(46)) - raft.server.snapshot.auto.trigger.enabled = true (custom)
2023-09-20 15:46:34,687 [57fc3420-94a0-4f3c-850d-40c1ae05c77a-groupManagement] INFO  server.RaftServerConfigKeys (ConfUtils.java:logGet(46)) - raft.server.snapshot.auto.trigger.threshold = 10000 (custom)
2023-09-20 15:46:34,688 [57fc3420-94a0-4f3c-850d-40c1ae05c77a-groupManagement] INFO  server.RaftServerConfigKeys (ConfUtils.java:logGet(46)) - raft.server.snapshot.retention.file.num = 5 (custom)
2023-09-20 15:46:34,688 [57fc3420-94a0-4f3c-850d-40c1ae05c77a-groupManagement] INFO  server.RaftServerConfigKeys (ConfUtils.java:logGet(46)) - raft.server.log.purge.upto.snapshot.index = false (default)
2023-09-20 15:46:34,689 [PipelineCommandHandlerThread-0] INFO  ratis.XceiverServerRatis (XceiverServerRatis.java:addGroup(804)) - Created group PipelineID=886b1388-7f73-47f6-a4e3-dc3b4bb29613
2023-09-20 15:46:34,689 [57fc3420-94a0-4f3c-850d-40c1ae05c77a@group-DC3B4BB29613-FollowerState] INFO  server.RaftServerConfigKeys (ConfUtils.java:logFallback(53)) - raft.server.rpc.first-election.timeout.min = 5s (fallback to raft.server.rpc.timeout.min)
2023-09-20 15:46:34,690 [57fc3420-94a0-4f3c-850d-40c1ae05c77a@group-DC3B4BB29613-FollowerState] INFO  server.RaftServerConfigKeys (ConfUtils.java:logFallback(53)) - raft.server.rpc.first-election.timeout.max = 5200ms (fallback to raft.server.rpc.timeout.max)
2023-09-20 15:46:34,689 [PipelineCommandHandlerThread-0] INFO  commandhandler.CreatePipelineCommandHandler (CreatePipelineCommandHandler.java:lambda$handle$2(124)) - Created Pipeline RATIS ONE PipelineID=886b1388-7f73-47f6-a4e3-dc3b4bb29613.
2023-09-20 15:46:34,704 [PipelineCommandHandlerThread-0] INFO  server.RaftServer (RaftServerProxy.java:addNew(98)) - 57fc3420-94a0-4f3c-850d-40c1ae05c77a: addNew group-867C931AC550:[57fc3420-94a0-4f3c-850d-40c1ae05c77a|rpc:10.1.0.36:15023|admin:10.1.0.36:15022|client:10.1.0.36:15021|dataStream:10.1.0.36:15024|priority:0|startupRole:FOLLOWER, 56530fb6-e6be-4313-9c7b-f74137c4f80a|rpc:10.1.0.36:15032|admin:10.1.0.36:15031|client:10.1.0.36:15030|dataStream:10.1.0.36:15033|priority:0|startupRole:FOLLOWER, 9499e333-9dfc-4832-8419-7e757e6a4f60|rpc:10.1.0.36:15014|admin:10.1.0.36:15013|client:10.1.0.36:15012|dataStream:10.1.0.36:15015|priority:1|startupRole:FOLLOWER] returns group-867C931AC550:java.util.concurrent.CompletableFuture@421df38[Not completed]
2023-09-20 15:46:34,706 [57fc3420-94a0-4f3c-850d-40c1ae05c77a-groupManagement] INFO  server.RaftServer$Division (RaftServerImpl.java:<init>(198)) - 57fc3420-94a0-4f3c-850d-40c1ae05c77a: new RaftServerImpl for group-867C931AC550:[57fc3420-94a0-4f3c-850d-40c1ae05c77a|rpc:10.1.0.36:15023|admin:10.1.0.36:15022|client:10.1.0.36:15021|dataStream:10.1.0.36:15024|priority:0|startupRole:FOLLOWER, 56530fb6-e6be-4313-9c7b-f74137c4f80a|rpc:10.1.0.36:15032|admin:10.1.0.36:15031|client:10.1.0.36:15030|dataStream:10.1.0.36:15033|priority:0|startupRole:FOLLOWER, 9499e333-9dfc-4832-8419-7e757e6a4f60|rpc:10.1.0.36:15014|admin:10.1.0.36:15013|client:10.1.0.36:15012|dataStream:10.1.0.36:15015|priority:1|startupRole:FOLLOWER] with ContainerStateMachine:uninitialized
2023-09-20 15:46:34,707 [57fc3420-94a0-4f3c-850d-40c1ae05c77a-groupManagement] INFO  server.RaftServerConfigKeys (ConfUtils.java:logGet(46)) - raft.server.rpc.timeout.min = 5s (custom)
2023-09-20 15:46:34,707 [57fc3420-94a0-4f3c-850d-40c1ae05c77a-groupManagement] INFO  server.RaftServerConfigKeys (ConfUtils.java:logGet(46)) - raft.server.rpc.timeout.max = 5200ms (custom)
2023-09-20 15:46:34,707 [57fc3420-94a0-4f3c-850d-40c1ae05c77a-groupManagement] INFO  server.RaftServerConfigKeys (ConfUtils.java:logGet(46)) - raft.server.rpc.sleep.time = 25ms (default)
2023-09-20 15:46:34,707 [57fc3420-94a0-4f3c-850d-40c1ae05c77a-groupManagement] INFO  server.RaftServerConfigKeys (ConfUtils.java:logGet(46)) - raft.server.rpc.slowness.timeout = 300s (custom)
2023-09-20 15:46:34,707 [57fc3420-94a0-4f3c-850d-40c1ae05c77a-groupManagement] INFO  server.RaftServerConfigKeys (ConfUtils.java:logGet(46)) - raft.server.leaderelection.leader.step-down.wait-time = 10s (default)
2023-09-20 15:46:34,707 [57fc3420-94a0-4f3c-850d-40c1ae05c77a-groupManagement] INFO  server.RaftServerConfigKeys (ConfUtils.java:logGet(46)) - raft.server.sleep.deviation.threshold = 300ms (default)
2023-09-20 15:46:34,707 [57fc3420-94a0-4f3c-850d-40c1ae05c77a-groupManagement] INFO  server.RaftServer$Division (ServerState.java:<init>(120)) - 57fc3420-94a0-4f3c-850d-40c1ae05c77a@group-867C931AC550: ConfigurationManager, init=-1: peers:[57fc3420-94a0-4f3c-850d-40c1ae05c77a|rpc:10.1.0.36:15023|admin:10.1.0.36:15022|client:10.1.0.36:15021|dataStream:10.1.0.36:15024|priority:0|startupRole:FOLLOWER, 56530fb6-e6be-4313-9c7b-f74137c4f80a|rpc:10.1.0.36:15032|admin:10.1.0.36:15031|client:10.1.0.36:15030|dataStream:10.1.0.36:15033|priority:0|startupRole:FOLLOWER, 9499e333-9dfc-4832-8419-7e757e6a4f60|rpc:10.1.0.36:15014|admin:10.1.0.36:15013|client:10.1.0.36:15012|dataStream:10.1.0.36:15015|priority:1|startupRole:FOLLOWER]|listeners:[], old=null, confs=<EMPTY_MAP>
2023-09-20 15:46:34,707 [57fc3420-94a0-4f3c-850d-40c1ae05c77a-groupManagement] INFO  server.RaftServerConfigKeys (ConfUtils.java:logGet(46)) - raft.server.storage.dir = [/home/runner/work/ozone/ozone/hadoop-ozone/integration-test/target/test-dir/MiniOzoneClusterImpl-8d56696e-0306-4140-8b78-3634a4a6d503/datanode-1/data/ratis] (custom)
2023-09-20 15:46:34,707 [57fc3420-94a0-4f3c-850d-40c1ae05c77a-groupManagement] INFO  server.RaftServerConfigKeys (ConfUtils.java:logGet(46)) - raft.server.log.corruption.policy = EXCEPTION (default)
2023-09-20 15:46:34,708 [57fc3420-94a0-4f3c-850d-40c1ae05c77a-groupManagement] INFO  server.RaftServerConfigKeys (ConfUtils.java:logGet(46)) - raft.server.storage.free-space.min = 0MB (=0) (default)
2023-09-20 15:46:34,708 [57fc3420-94a0-4f3c-850d-40c1ae05c77a-groupManagement] INFO  server.RaftServerConfigKeys (ConfUtils.java:logGet(46)) - raft.server.notification.no-leader.timeout = 300s (custom)
2023-09-20 15:46:34,708 [57fc3420-94a0-4f3c-850d-40c1ae05c77a-groupManagement] INFO  server.RaftServerConfigKeys (ConfUtils.java:logGet(46)) - raft.server.read.timeout = 10s (default)
2023-09-20 15:46:34,708 [57fc3420-94a0-4f3c-850d-40c1ae05c77a-groupManagement] INFO  server.RaftServerConfigKeys (ConfUtils.java:logGet(46)) - raft.server.retrycache.expirytime = 600000ms (custom)
2023-09-20 15:46:34,708 [57fc3420-94a0-4f3c-850d-40c1ae05c77a-groupManagement] INFO  server.RaftServerConfigKeys (ConfUtils.java:logGet(46)) - raft.server.retrycache.statistics.expirytime = 100μs (default)
2023-09-20 15:46:34,708 [57fc3420-94a0-4f3c-850d-40c1ae05c77a-groupManagement] INFO  server.RaftServerConfigKeys (ConfUtils.java:logGet(46)) - raft.server.read.option = DEFAULT (default)
2023-09-20 15:46:34,710 [57fc3420-94a0-4f3c-850d-40c1ae05c77a-groupManagement] INFO  server.RaftServerConfigKeys (ConfUtils.java:logGet(46)) - raft.server.rpc.request.timeout = 60s (custom)
2023-09-20 15:46:34,710 [57fc3420-94a0-4f3c-850d-40c1ae05c77a-groupManagement] INFO  server.RaftServerConfigKeys (ConfUtils.java:logGet(46)) - raft.server.log.appender.install.snapshot.enabled = false (custom)
2023-09-20 15:46:34,711 [57fc3420-94a0-4f3c-850d-40c1ae05c77a-groupManagement] INFO  server.RaftServerConfigKeys (ConfUtils.java:logGet(46)) - raft.server.threadpool.server.cached = true (default)
2023-09-20 15:46:34,711 [57fc3420-94a0-4f3c-850d-40c1ae05c77a-groupManagement] INFO  server.RaftServerConfigKeys (ConfUtils.java:logGet(46)) - raft.server.threadpool.server.size = 0 (default)
2023-09-20 15:46:34,711 [57fc3420-94a0-4f3c-850d-40c1ae05c77a-groupManagement] INFO  server.RaftServerConfigKeys (ConfUtils.java:logGet(46)) - raft.server.threadpool.client.cached = true (default)
2023-09-20 15:46:34,711 [57fc3420-94a0-4f3c-850d-40c1ae05c77a-groupManagement] INFO  server.RaftServerConfigKeys (ConfUtils.java:logGet(46)) - raft.server.threadpool.client.size = 0 (default)
2023-09-20 15:46:34,711 [57fc3420-94a0-4f3c-850d-40c1ae05c77a-groupManagement] INFO  storage.RaftStorageDirectory (RaftStorageDirectoryImpl.java:analyzeStorage(137)) - The storage directory /home/runner/work/ozone/ozone/hadoop-ozone/integration-test/target/test-dir/MiniOzoneClusterImpl-8d56696e-0306-4140-8b78-3634a4a6d503/datanode-1/data/ratis/e528e358-93e3-4c44-b6b4-867c931ac550 does not exist. Creating ...
2023-09-20 15:46:34,715 [57fc3420-94a0-4f3c-850d-40c1ae05c77a-groupManagement] INFO  storage.RaftStorageDirectory (RaftStorageDirectoryImpl.java:tryLock(231)) - Lock on /home/runner/work/ozone/ozone/hadoop-ozone/integration-test/target/test-dir/MiniOzoneClusterImpl-8d56696e-0306-4140-8b78-3634a4a6d503/datanode-1/data/ratis/e528e358-93e3-4c44-b6b4-867c931ac550/in_use.lock acquired by nodename 41628@fv-az345-844
2023-09-20 15:46:34,723 [57fc3420-94a0-4f3c-850d-40c1ae05c77a-groupManagement] INFO  storage.RaftStorage (RaftStorageImpl.java:format(96)) - Storage directory /home/runner/work/ozone/ozone/hadoop-ozone/integration-test/target/test-dir/MiniOzoneClusterImpl-8d56696e-0306-4140-8b78-3634a4a6d503/datanode-1/data/ratis/e528e358-93e3-4c44-b6b4-867c931ac550 has been successfully formatted.
2023-09-20 15:46:34,724 [57fc3420-94a0-4f3c-850d-40c1ae05c77a-groupManagement] INFO  ratis.ContainerStateMachine (ContainerStateMachine.java:loadSnapshot(262)) - group-867C931AC550: The snapshot info is null. Setting the last applied indexto:(t:0, i:~)
2023-09-20 15:46:34,724 [57fc3420-94a0-4f3c-850d-40c1ae05c77a-groupManagement] INFO  server.RaftServerConfigKeys (ConfUtils.java:logGet(46)) - raft.server.log.use.memory = false (default)
2023-09-20 15:46:34,724 [57fc3420-94a0-4f3c-850d-40c1ae05c77a-groupManagement] INFO  server.RaftServerConfigKeys (ConfUtils.java:logGet(46)) - raft.server.log.purge.gap = 1000000 (custom)
2023-09-20 15:46:34,724 [57fc3420-94a0-4f3c-850d-40c1ae05c77a-groupManagement] INFO  server.RaftServerConfigKeys (ConfUtils.java:logGet(46)) - raft.server.log.appender.buffer.byte-limit = 33554432 (custom)
2023-09-20 15:46:34,724 [57fc3420-94a0-4f3c-850d-40c1ae05c77a-groupManagement] INFO  server.RaftServerConfigKeys (ConfUtils.java:logGet(46)) - raft.server.log.statemachine.data.read.timeout = 1000ms (default)
2023-09-20 15:46:34,724 [57fc3420-94a0-4f3c-850d-40c1ae05c77a-groupManagement] INFO  server.RaftServerConfigKeys (ConfUtils.java:logGet(46)) - raft.server.log.purge.preservation.log.num = 0 (default)
2023-09-20 15:46:34,734 [57fc3420-94a0-4f3c-850d-40c1ae05c77a-groupManagement] INFO  server.RaftServerConfigKeys (ConfUtils.java:logGet(46)) - raft.server.log.segment.size.max = 1048576 (custom)
2023-09-20 15:46:34,735 [57fc3420-94a0-4f3c-850d-40c1ae05c77a-groupManagement] INFO  server.RaftServerConfigKeys (ConfUtils.java:logGet(46)) - raft.server.log.segment.cache.num.max = 2 (custom)
2023-09-20 15:46:34,735 [57fc3420-94a0-4f3c-850d-40c1ae05c77a-groupManagement] INFO  server.RaftServerConfigKeys (ConfUtils.java:logGet(46)) - raft.server.log.segment.cache.size.max = 200MB (=209715200) (default)
2023-09-20 15:46:34,735 [57fc3420-94a0-4f3c-850d-40c1ae05c77a-groupManagement] INFO  server.RaftServerConfigKeys (ConfUtils.java:logGet(46)) - raft.server.log.appender.buffer.byte-limit = 33554432 (custom)
2023-09-20 15:46:34,735 [57fc3420-94a0-4f3c-850d-40c1ae05c77a-groupManagement] INFO  segmented.SegmentedRaftLogWorker (SegmentedRaftLogWorker.java:<init>(188)) - new 57fc3420-94a0-4f3c-850d-40c1ae05c77a@group-867C931AC550-SegmentedRaftLogWorker for RaftStorageImpl:Storage Directory /home/runner/work/ozone/ozone/hadoop-ozone/integration-test/target/test-dir/MiniOzoneClusterImpl-8d56696e-0306-4140-8b78-3634a4a6d503/datanode-1/data/ratis/e528e358-93e3-4c44-b6b4-867c931ac550
2023-09-20 15:46:34,735 [57fc3420-94a0-4f3c-850d-40c1ae05c77a-groupManagement] INFO  server.RaftServerConfigKeys (ConfUtils.java:logGet(46)) - raft.server.log.queue.byte-limit = 4294967296 (custom)
2023-09-20 15:46:34,735 [57fc3420-94a0-4f3c-850d-40c1ae05c77a-groupManagement] INFO  server.RaftServerConfigKeys (ConfUtils.java:logGet(46)) - raft.server.log.queue.element-limit = 1024 (custom)
2023-09-20 15:46:34,735 [57fc3420-94a0-4f3c-850d-40c1ae05c77a-groupManagement] INFO  server.RaftServerConfigKeys (ConfUtils.java:logGet(46)) - raft.server.log.segment.size.max = 1048576 (custom)
2023-09-20 15:46:34,735 [57fc3420-94a0-4f3c-850d-40c1ae05c77a-groupManagement] INFO  server.RaftServerConfigKeys (ConfUtils.java:logGet(46)) - raft.server.log.preallocated.size = 16384 (custom)
2023-09-20 15:46:34,735 [57fc3420-94a0-4f3c-850d-40c1ae05c77a-groupManagement] INFO  server.RaftServerConfigKeys (ConfUtils.java:logGet(46)) - raft.server.log.force.sync.num = 128 (default)
2023-09-20 15:46:34,736 [57fc3420-94a0-4f3c-850d-40c1ae05c77a-groupManagement] INFO  server.RaftServerConfigKeys (ConfUtils.java:logGet(46)) - raft.server.log.statemachine.data.sync = true (default)
2023-09-20 15:46:34,736 [57fc3420-94a0-4f3c-850d-40c1ae05c77a-groupManagement] INFO  server.RaftServerConfigKeys (ConfUtils.java:logGet(46)) - raft.server.log.statemachine.data.sync.timeout = 10s (default)
2023-09-20 15:46:34,736 [57fc3420-94a0-4f3c-850d-40c1ae05c77a-groupManagement] INFO  server.RaftServerConfigKeys (ConfUtils.java:logGet(46)) - raft.server.log.statemachine.data.sync.timeout.retry = -1 (default)
2023-09-20 15:46:34,737 [57fc3420-94a0-4f3c-850d-40c1ae05c77a-groupManagement] INFO  server.RaftServerConfigKeys (ConfUtils.java:logGet(46)) - raft.server.log.write.buffer.size = 1048576 (custom)
2023-09-20 15:46:34,738 [57fc3420-94a0-4f3c-850d-40c1ae05c77a-groupManagement] INFO  server.RaftServerConfigKeys (ConfUtils.java:logGet(46)) - raft.server.log.appender.buffer.byte-limit = 33554432 (custom)
2023-09-20 15:46:34,759 [57fc3420-94a0-4f3c-850d-40c1ae05c77a-groupManagement] INFO  server.RaftServerConfigKeys (ConfUtils.java:logGet(46)) - raft.server.log.unsafe-flush.enabled = false (default)
2023-09-20 15:46:34,759 [57fc3420-94a0-4f3c-850d-40c1ae05c77a-groupManagement] INFO  server.RaftServerConfigKeys (ConfUtils.java:logGet(46)) - raft.server.log.async-flush.enabled = false (default)
2023-09-20 15:46:34,759 [57fc3420-94a0-4f3c-850d-40c1ae05c77a-groupManagement] INFO  server.RaftServerConfigKeys (ConfUtils.java:logGet(46)) - raft.server.log.statemachine.data.caching.enabled = true (custom)
2023-09-20 15:46:34,759 [57fc3420-94a0-4f3c-850d-40c1ae05c77a-groupManagement] INFO  segmented.SegmentedRaftLogWorker (SegmentedRaftLogWorker.java:lambda$new$0(135)) - 57fc3420-94a0-4f3c-850d-40c1ae05c77a@group-867C931AC550-SegmentedRaftLogWorker: flushIndex: setUnconditionally 0 -> -1
2023-09-20 15:46:34,761 [57fc3420-94a0-4f3c-850d-40c1ae05c77a-groupManagement] INFO  segmented.SegmentedRaftLogWorker (SegmentedRaftLogWorker.java:lambda$new$0(135)) - 57fc3420-94a0-4f3c-850d-40c1ae05c77a@group-867C931AC550-SegmentedRaftLogWorker: safeCacheEvictIndex: setUnconditionally 0 -> -1
2023-09-20 15:46:34,761 [EventQueue-OpenPipelineForHealthyPipelineSafeModeRule] INFO  safemode.SCMSafeModeManager (HealthyPipelineSafeModeRule.java:process(137)) - SCM in safe mode. Healthy pipelines reported count is 0, required healthy pipeline reported count is 1
2023-09-20 15:46:34,771 [57fc3420-94a0-4f3c-850d-40c1ae05c77a-groupManagement] INFO  server.RaftServer$Division (RaftServerImpl.java:start(342)) - 57fc3420-94a0-4f3c-850d-40c1ae05c77a@group-867C931AC550: start as a follower, conf=-1: peers:[57fc3420-94a0-4f3c-850d-40c1ae05c77a|rpc:10.1.0.36:15023|admin:10.1.0.36:15022|client:10.1.0.36:15021|dataStream:10.1.0.36:15024|priority:0|startupRole:FOLLOWER, 56530fb6-e6be-4313-9c7b-f74137c4f80a|rpc:10.1.0.36:15032|admin:10.1.0.36:15031|client:10.1.0.36:15030|dataStream:10.1.0.36:15033|priority:0|startupRole:FOLLOWER, 9499e333-9dfc-4832-8419-7e757e6a4f60|rpc:10.1.0.36:15014|admin:10.1.0.36:15013|client:10.1.0.36:15012|dataStream:10.1.0.36:15015|priority:1|startupRole:FOLLOWER]|listeners:[], old=null
2023-09-20 15:46:34,772 [57fc3420-94a0-4f3c-850d-40c1ae05c77a-groupManagement] INFO  server.RaftServer$Division (RaftServerImpl.java:setRole(329)) - 57fc3420-94a0-4f3c-850d-40c1ae05c77a@group-867C931AC550: changes role from      null to FOLLOWER at term 0 for startAsFollower
2023-09-20 15:46:34,774 [grpc-default-executor-0] INFO  server.RaftServer (RaftServerProxy.java:addNew(98)) - 56530fb6-e6be-4313-9c7b-f74137c4f80a: addNew group-867C931AC550:[57fc3420-94a0-4f3c-850d-40c1ae05c77a|rpc:10.1.0.36:15023|admin:10.1.0.36:15022|client:10.1.0.36:15021|dataStream:10.1.0.36:15024|priority:0|startupRole:FOLLOWER, 56530fb6-e6be-4313-9c7b-f74137c4f80a|rpc:10.1.0.36:15032|admin:10.1.0.36:15031|client:10.1.0.36:15030|dataStream:10.1.0.36:15033|priority:0|startupRole:FOLLOWER, 9499e333-9dfc-4832-8419-7e757e6a4f60|rpc:10.1.0.36:15014|admin:10.1.0.36:15013|client:10.1.0.36:15012|dataStream:10.1.0.36:15015|priority:1|startupRole:FOLLOWER] returns group-867C931AC550:java.util.concurrent.CompletableFuture@55402aeb[Not completed]
2023-09-20 15:46:34,780 [56530fb6-e6be-4313-9c7b-f74137c4f80a-groupManagement] INFO  server.RaftServer$Division (RaftServerImpl.java:<init>(198)) - 56530fb6-e6be-4313-9c7b-f74137c4f80a: new RaftServerImpl for group-867C931AC550:[57fc3420-94a0-4f3c-850d-40c1ae05c77a|rpc:10.1.0.36:15023|admin:10.1.0.36:15022|client:10.1.0.36:15021|dataStream:10.1.0.36:15024|priority:0|startupRole:FOLLOWER, 56530fb6-e6be-4313-9c7b-f74137c4f80a|rpc:10.1.0.36:15032|admin:10.1.0.36:15031|client:10.1.0.36:15030|dataStream:10.1.0.36:15033|priority:0|startupRole:FOLLOWER, 9499e333-9dfc-4832-8419-7e757e6a4f60|rpc:10.1.0.36:15014|admin:10.1.0.36:15013|client:10.1.0.36:15012|dataStream:10.1.0.36:15015|priority:1|startupRole:FOLLOWER] with ContainerStateMachine:uninitialized
2023-09-20 15:46:34,774 [57fc3420-94a0-4f3c-850d-40c1ae05c77a-groupManagement] INFO  impl.RoleInfo (RoleInfo.java:updateAndGet(139)) - 57fc3420-94a0-4f3c-850d-40c1ae05c77a: start 57fc3420-94a0-4f3c-850d-40c1ae05c77a@group-867C931AC550-FollowerState
2023-09-20 15:46:34,782 [56530fb6-e6be-4313-9c7b-f74137c4f80a-groupManagement] INFO  server.RaftServerConfigKeys (ConfUtils.java:logGet(46)) - raft.server.rpc.timeout.min = 5s (custom)
2023-09-20 15:46:34,790 [56530fb6-e6be-4313-9c7b-f74137c4f80a-groupManagement] INFO  server.RaftServerConfigKeys (ConfUtils.java:logGet(46)) - raft.server.rpc.timeout.max = 5200ms (custom)
2023-09-20 15:46:34,790 [56530fb6-e6be-4313-9c7b-f74137c4f80a-groupManagement] INFO  server.RaftServerConfigKeys (ConfUtils.java:logGet(46)) - raft.server.rpc.sleep.time = 25ms (default)
2023-09-20 15:46:34,790 [56530fb6-e6be-4313-9c7b-f74137c4f80a-groupManagement] INFO  server.RaftServerConfigKeys (ConfUtils.java:logGet(46)) - raft.server.rpc.slowness.timeout = 300s (custom)
2023-09-20 15:46:34,790 [56530fb6-e6be-4313-9c7b-f74137c4f80a-groupManagement] INFO  server.RaftServerConfigKeys (ConfUtils.java:logGet(46)) - raft.server.leaderelection.leader.step-down.wait-time = 10s (default)
2023-09-20 15:46:34,790 [56530fb6-e6be-4313-9c7b-f74137c4f80a-groupManagement] INFO  server.RaftServerConfigKeys (ConfUtils.java:logGet(46)) - raft.server.sleep.deviation.threshold = 300ms (default)
2023-09-20 15:46:34,790 [56530fb6-e6be-4313-9c7b-f74137c4f80a-groupManagement] INFO  server.RaftServer$Division (ServerState.java:<init>(120)) - 56530fb6-e6be-4313-9c7b-f74137c4f80a@group-867C931AC550: ConfigurationManager, init=-1: peers:[57fc3420-94a0-4f3c-850d-40c1ae05c77a|rpc:10.1.0.36:15023|admin:10.1.0.36:15022|client:10.1.0.36:15021|dataStream:10.1.0.36:15024|priority:0|startupRole:FOLLOWER, 56530fb6-e6be-4313-9c7b-f74137c4f80a|rpc:10.1.0.36:15032|admin:10.1.0.36:15031|client:10.1.0.36:15030|dataStream:10.1.0.36:15033|priority:0|startupRole:FOLLOWER, 9499e333-9dfc-4832-8419-7e757e6a4f60|rpc:10.1.0.36:15014|admin:10.1.0.36:15013|client:10.1.0.36:15012|dataStream:10.1.0.36:15015|priority:1|startupRole:FOLLOWER]|listeners:[], old=null, confs=<EMPTY_MAP>
2023-09-20 15:46:34,791 [56530fb6-e6be-4313-9c7b-f74137c4f80a-groupManagement] INFO  server.RaftServerConfigKeys (ConfUtils.java:logGet(46)) - raft.server.storage.dir = [/home/runner/work/ozone/ozone/hadoop-ozone/integration-test/target/test-dir/MiniOzoneClusterImpl-8d56696e-0306-4140-8b78-3634a4a6d503/datanode-2/data/ratis] (custom)
2023-09-20 15:46:34,791 [56530fb6-e6be-4313-9c7b-f74137c4f80a-groupManagement] INFO  server.RaftServerConfigKeys (ConfUtils.java:logGet(46)) - raft.server.log.corruption.policy = EXCEPTION (default)
2023-09-20 15:46:34,791 [56530fb6-e6be-4313-9c7b-f74137c4f80a-groupManagement] INFO  server.RaftServerConfigKeys (ConfUtils.java:logGet(46)) - raft.server.storage.free-space.min = 0MB (=0) (default)
2023-09-20 15:46:34,791 [56530fb6-e6be-4313-9c7b-f74137c4f80a-groupManagement] INFO  server.RaftServerConfigKeys (ConfUtils.java:logGet(46)) - raft.server.notification.no-leader.timeout = 300s (custom)
2023-09-20 15:46:34,791 [56530fb6-e6be-4313-9c7b-f74137c4f80a-groupManagement] INFO  server.RaftServerConfigKeys (ConfUtils.java:logGet(46)) - raft.server.read.timeout = 10s (default)
2023-09-20 15:46:34,791 [56530fb6-e6be-4313-9c7b-f74137c4f80a-groupManagement] INFO  server.RaftServerConfigKeys (ConfUtils.java:logGet(46)) - raft.server.retrycache.expirytime = 600000ms (custom)
2023-09-20 15:46:34,791 [56530fb6-e6be-4313-9c7b-f74137c4f80a-groupManagement] INFO  server.RaftServerConfigKeys (ConfUtils.java:logGet(46)) - raft.server.retrycache.statistics.expirytime = 100μs (default)
2023-09-20 15:46:34,791 [56530fb6-e6be-4313-9c7b-f74137c4f80a-groupManagement] INFO  server.RaftServerConfigKeys (ConfUtils.java:logGet(46)) - raft.server.read.option = DEFAULT (default)
2023-09-20 15:46:34,783 [57fc3420-94a0-4f3c-850d-40c1ae05c77a-groupManagement] INFO  util.JmxRegister (JmxRegister.java:tryRegister(44)) - Successfully registered JMX Bean with object name Ratis:service=RaftServer,group=group-867C931AC550,id=57fc3420-94a0-4f3c-850d-40c1ae05c77a
2023-09-20 15:46:34,794 [57fc3420-94a0-4f3c-850d-40c1ae05c77a-groupManagement] INFO  server.RaftServerConfigKeys (ConfUtils.java:logGet(46)) - raft.server.snapshot.auto.trigger.enabled = true (custom)
2023-09-20 15:46:34,794 [57fc3420-94a0-4f3c-850d-40c1ae05c77a-groupManagement] INFO  server.RaftServerConfigKeys (ConfUtils.java:logGet(46)) - raft.server.snapshot.auto.trigger.threshold = 10000 (custom)
2023-09-20 15:46:34,794 [57fc3420-94a0-4f3c-850d-40c1ae05c77a-groupManagement] INFO  server.RaftServerConfigKeys (ConfUtils.java:logGet(46)) - raft.server.snapshot.retention.file.num = 5 (custom)
2023-09-20 15:46:34,794 [57fc3420-94a0-4f3c-850d-40c1ae05c77a-groupManagement] INFO  server.RaftServerConfigKeys (ConfUtils.java:logGet(46)) - raft.server.log.purge.upto.snapshot.index = false (default)
2023-09-20 15:46:34,790 [57fc3420-94a0-4f3c-850d-40c1ae05c77a@group-867C931AC550-FollowerState] INFO  server.RaftServerConfigKeys (ConfUtils.java:logFallback(53)) - raft.server.rpc.first-election.timeout.min = 5s (fallback to raft.server.rpc.timeout.min)
2023-09-20 15:46:34,795 [57fc3420-94a0-4f3c-850d-40c1ae05c77a@group-867C931AC550-FollowerState] INFO  server.RaftServerConfigKeys (ConfUtils.java:logFallback(53)) - raft.server.rpc.first-election.timeout.max = 5200ms (fallback to raft.server.rpc.timeout.max)
2023-09-20 15:46:34,795 [56530fb6-e6be-4313-9c7b-f74137c4f80a-groupManagement] INFO  server.RaftServerConfigKeys (ConfUtils.java:logGet(46)) - raft.server.rpc.request.timeout = 60s (custom)
2023-09-20 15:46:34,796 [56530fb6-e6be-4313-9c7b-f74137c4f80a-groupManagement] INFO  server.RaftServerConfigKeys (ConfUtils.java:logGet(46)) - raft.server.log.appender.install.snapshot.enabled = false (custom)
2023-09-20 15:46:34,796 [56530fb6-e6be-4313-9c7b-f74137c4f80a-groupManagement] INFO  server.RaftServerConfigKeys (ConfUtils.java:logGet(46)) - raft.server.threadpool.server.cached = true (default)
2023-09-20 15:46:34,796 [56530fb6-e6be-4313-9c7b-f74137c4f80a-groupManagement] INFO  server.RaftServerConfigKeys (ConfUtils.java:logGet(46)) - raft.server.threadpool.server.size = 0 (default)
2023-09-20 15:46:34,796 [56530fb6-e6be-4313-9c7b-f74137c4f80a-groupManagement] INFO  server.RaftServerConfigKeys (ConfUtils.java:logGet(46)) - raft.server.threadpool.client.cached = true (default)
2023-09-20 15:46:34,796 [56530fb6-e6be-4313-9c7b-f74137c4f80a-groupManagement] INFO  server.RaftServerConfigKeys (ConfUtils.java:logGet(46)) - raft.server.threadpool.client.size = 0 (default)
2023-09-20 15:46:34,796 [56530fb6-e6be-4313-9c7b-f74137c4f80a-groupManagement] INFO  storage.RaftStorageDirectory (RaftStorageDirectoryImpl.java:analyzeStorage(137)) - The storage directory /home/runner/work/ozone/ozone/hadoop-ozone/integration-test/target/test-dir/MiniOzoneClusterImpl-8d56696e-0306-4140-8b78-3634a4a6d503/datanode-2/data/ratis/e528e358-93e3-4c44-b6b4-867c931ac550 does not exist. Creating ...
2023-09-20 15:46:34,798 [56530fb6-e6be-4313-9c7b-f74137c4f80a-groupManagement] INFO  storage.RaftStorageDirectory (RaftStorageDirectoryImpl.java:tryLock(231)) - Lock on /home/runner/work/ozone/ozone/hadoop-ozone/integration-test/target/test-dir/MiniOzoneClusterImpl-8d56696e-0306-4140-8b78-3634a4a6d503/datanode-2/data/ratis/e528e358-93e3-4c44-b6b4-867c931ac550/in_use.lock acquired by nodename 41628@fv-az345-844
2023-09-20 15:46:34,800 [56530fb6-e6be-4313-9c7b-f74137c4f80a-groupManagement] INFO  storage.RaftStorage (RaftStorageImpl.java:format(96)) - Storage directory /home/runner/work/ozone/ozone/hadoop-ozone/integration-test/target/test-dir/MiniOzoneClusterImpl-8d56696e-0306-4140-8b78-3634a4a6d503/datanode-2/data/ratis/e528e358-93e3-4c44-b6b4-867c931ac550 has been successfully formatted.
2023-09-20 15:46:34,801 [56530fb6-e6be-4313-9c7b-f74137c4f80a-groupManagement] INFO  ratis.ContainerStateMachine (ContainerStateMachine.java:loadSnapshot(262)) - group-867C931AC550: The snapshot info is null. Setting the last applied indexto:(t:0, i:~)
2023-09-20 15:46:34,801 [56530fb6-e6be-4313-9c7b-f74137c4f80a-groupManagement] INFO  server.RaftServerConfigKeys (ConfUtils.java:logGet(46)) - raft.server.log.use.memory = false (default)
2023-09-20 15:46:34,801 [56530fb6-e6be-4313-9c7b-f74137c4f80a-groupManagement] INFO  server.RaftServerConfigKeys (ConfUtils.java:logGet(46)) - raft.server.log.purge.gap = 1000000 (custom)
2023-09-20 15:46:34,802 [56530fb6-e6be-4313-9c7b-f74137c4f80a-groupManagement] INFO  server.RaftServerConfigKeys (ConfUtils.java:logGet(46)) - raft.server.log.appender.buffer.byte-limit = 33554432 (custom)
2023-09-20 15:46:34,802 [56530fb6-e6be-4313-9c7b-f74137c4f80a-groupManagement] INFO  server.RaftServerConfigKeys (ConfUtils.java:logGet(46)) - raft.server.log.statemachine.data.read.timeout = 1000ms (default)
2023-09-20 15:46:34,802 [56530fb6-e6be-4313-9c7b-f74137c4f80a-groupManagement] INFO  server.RaftServerConfigKeys (ConfUtils.java:logGet(46)) - raft.server.log.purge.preservation.log.num = 0 (default)
2023-09-20 15:46:34,804 [PipelineCommandHandlerThread-0] INFO  ratis.XceiverServerRatis (XceiverServerRatis.java:addGroup(804)) - Created group PipelineID=e528e358-93e3-4c44-b6b4-867c931ac550
2023-09-20 15:46:34,804 [56530fb6-e6be-4313-9c7b-f74137c4f80a-groupManagement] INFO  server.RaftServerConfigKeys (ConfUtils.java:logGet(46)) - raft.server.log.segment.size.max = 1048576 (custom)
2023-09-20 15:46:34,805 [56530fb6-e6be-4313-9c7b-f74137c4f80a-groupManagement] INFO  server.RaftServerConfigKeys (ConfUtils.java:logGet(46)) - raft.server.log.segment.cache.num.max = 2 (custom)
2023-09-20 15:46:34,805 [56530fb6-e6be-4313-9c7b-f74137c4f80a-groupManagement] INFO  server.RaftServerConfigKeys (ConfUtils.java:logGet(46)) - raft.server.log.segment.cache.size.max = 200MB (=209715200) (default)
2023-09-20 15:46:34,805 [56530fb6-e6be-4313-9c7b-f74137c4f80a-groupManagement] INFO  server.RaftServerConfigKeys (ConfUtils.java:logGet(46)) - raft.server.log.appender.buffer.byte-limit = 33554432 (custom)
2023-09-20 15:46:34,808 [56530fb6-e6be-4313-9c7b-f74137c4f80a-groupManagement] INFO  segmented.SegmentedRaftLogWorker (SegmentedRaftLogWorker.java:<init>(188)) - new 56530fb6-e6be-4313-9c7b-f74137c4f80a@group-867C931AC550-SegmentedRaftLogWorker for RaftStorageImpl:Storage Directory /home/runner/work/ozone/ozone/hadoop-ozone/integration-test/target/test-dir/MiniOzoneClusterImpl-8d56696e-0306-4140-8b78-3634a4a6d503/datanode-2/data/ratis/e528e358-93e3-4c44-b6b4-867c931ac550
2023-09-20 15:46:34,808 [56530fb6-e6be-4313-9c7b-f74137c4f80a-groupManagement] INFO  server.RaftServerConfigKeys (ConfUtils.java:logGet(46)) - raft.server.log.queue.byte-limit = 4294967296 (custom)
2023-09-20 15:46:34,810 [56530fb6-e6be-4313-9c7b-f74137c4f80a-groupManagement] INFO  server.RaftServerConfigKeys (ConfUtils.java:logGet(46)) - raft.server.log.queue.element-limit = 1024 (custom)
2023-09-20 15:46:34,810 [56530fb6-e6be-4313-9c7b-f74137c4f80a-groupManagement] INFO  server.RaftServerConfigKeys (ConfUtils.java:logGet(46)) - raft.server.log.segment.size.max = 1048576 (custom)
2023-09-20 15:46:34,810 [56530fb6-e6be-4313-9c7b-f74137c4f80a-groupManagement] INFO  server.RaftServerConfigKeys (ConfUtils.java:logGet(46)) - raft.server.log.preallocated.size = 16384 (custom)
2023-09-20 15:46:34,810 [56530fb6-e6be-4313-9c7b-f74137c4f80a-groupManagement] INFO  server.RaftServerConfigKeys (ConfUtils.java:logGet(46)) - raft.server.log.force.sync.num = 128 (default)
2023-09-20 15:46:34,810 [56530fb6-e6be-4313-9c7b-f74137c4f80a-groupManagement] INFO  server.RaftServerConfigKeys (ConfUtils.java:logGet(46)) - raft.server.log.statemachine.data.sync = true (default)
2023-09-20 15:46:34,810 [56530fb6-e6be-4313-9c7b-f74137c4f80a-groupManagement] INFO  server.RaftServerConfigKeys (ConfUtils.java:logGet(46)) - raft.server.log.statemachine.data.sync.timeout = 10s (default)
2023-09-20 15:46:34,810 [56530fb6-e6be-4313-9c7b-f74137c4f80a-groupManagement] INFO  server.RaftServerConfigKeys (ConfUtils.java:logGet(46)) - raft.server.log.statemachine.data.sync.timeout.retry = -1 (default)
2023-09-20 15:46:34,820 [56530fb6-e6be-4313-9c7b-f74137c4f80a-groupManagement] INFO  server.RaftServerConfigKeys (ConfUtils.java:logGet(46)) - raft.server.log.write.buffer.size = 1048576 (custom)
2023-09-20 15:46:34,822 [56530fb6-e6be-4313-9c7b-f74137c4f80a-groupManagement] INFO  server.RaftServerConfigKeys (ConfUtils.java:logGet(46)) - raft.server.log.appender.buffer.byte-limit = 33554432 (custom)
2023-09-20 15:46:34,836 [56530fb6-e6be-4313-9c7b-f74137c4f80a-groupManagement] INFO  server.RaftServerConfigKeys (ConfUtils.java:logGet(46)) - raft.server.log.unsafe-flush.enabled = false (default)
2023-09-20 15:46:34,836 [56530fb6-e6be-4313-9c7b-f74137c4f80a-groupManagement] INFO  server.RaftServerConfigKeys (ConfUtils.java:logGet(46)) - raft.server.log.async-flush.enabled = false (default)
2023-09-20 15:46:34,836 [56530fb6-e6be-4313-9c7b-f74137c4f80a-groupManagement] INFO  server.RaftServerConfigKeys (ConfUtils.java:logGet(46)) - raft.server.log.statemachine.data.caching.enabled = true (custom)
2023-09-20 15:46:34,837 [56530fb6-e6be-4313-9c7b-f74137c4f80a-groupManagement] INFO  segmented.SegmentedRaftLogWorker (SegmentedRaftLogWorker.java:lambda$new$0(135)) - 56530fb6-e6be-4313-9c7b-f74137c4f80a@group-867C931AC550-SegmentedRaftLogWorker: flushIndex: setUnconditionally 0 -> -1
2023-09-20 15:46:34,852 [56530fb6-e6be-4313-9c7b-f74137c4f80a-groupManagement] INFO  segmented.SegmentedRaftLogWorker (SegmentedRaftLogWorker.java:lambda$new$0(135)) - 56530fb6-e6be-4313-9c7b-f74137c4f80a@group-867C931AC550-SegmentedRaftLogWorker: safeCacheEvictIndex: setUnconditionally 0 -> -1
2023-09-20 15:46:34,853 [56530fb6-e6be-4313-9c7b-f74137c4f80a-groupManagement] INFO  server.RaftServer$Division (RaftServerImpl.java:start(342)) - 56530fb6-e6be-4313-9c7b-f74137c4f80a@group-867C931AC550: start as a follower, conf=-1: peers:[57fc3420-94a0-4f3c-850d-40c1ae05c77a|rpc:10.1.0.36:15023|admin:10.1.0.36:15022|client:10.1.0.36:15021|dataStream:10.1.0.36:15024|priority:0|startupRole:FOLLOWER, 56530fb6-e6be-4313-9c7b-f74137c4f80a|rpc:10.1.0.36:15032|admin:10.1.0.36:15031|client:10.1.0.36:15030|dataStream:10.1.0.36:15033|priority:0|startupRole:FOLLOWER, 9499e333-9dfc-4832-8419-7e757e6a4f60|rpc:10.1.0.36:15014|admin:10.1.0.36:15013|client:10.1.0.36:15012|dataStream:10.1.0.36:15015|priority:1|startupRole:FOLLOWER]|listeners:[], old=null
2023-09-20 15:46:34,853 [56530fb6-e6be-4313-9c7b-f74137c4f80a-groupManagement] INFO  server.RaftServer$Division (RaftServerImpl.java:setRole(329)) - 56530fb6-e6be-4313-9c7b-f74137c4f80a@group-867C931AC550: changes role from      null to FOLLOWER at term 0 for startAsFollower
2023-09-20 15:46:34,853 [56530fb6-e6be-4313-9c7b-f74137c4f80a-groupManagement] INFO  impl.RoleInfo (RoleInfo.java:updateAndGet(139)) - 56530fb6-e6be-4313-9c7b-f74137c4f80a: start 56530fb6-e6be-4313-9c7b-f74137c4f80a@group-867C931AC550-FollowerState
2023-09-20 15:46:34,854 [56530fb6-e6be-4313-9c7b-f74137c4f80a-groupManagement] INFO  util.JmxRegister (JmxRegister.java:tryRegister(44)) - Successfully registered JMX Bean with object name Ratis:service=RaftServer,group=group-867C931AC550,id=56530fb6-e6be-4313-9c7b-f74137c4f80a
2023-09-20 15:46:34,854 [56530fb6-e6be-4313-9c7b-f74137c4f80a-groupManagement] INFO  server.RaftServerConfigKeys (ConfUtils.java:logGet(46)) - raft.server.snapshot.auto.trigger.enabled = true (custom)
2023-09-20 15:46:34,854 [56530fb6-e6be-4313-9c7b-f74137c4f80a-groupManagement] INFO  server.RaftServerConfigKeys (ConfUtils.java:logGet(46)) - raft.server.snapshot.auto.trigger.threshold = 10000 (custom)
2023-09-20 15:46:34,854 [56530fb6-e6be-4313-9c7b-f74137c4f80a-groupManagement] INFO  server.RaftServerConfigKeys (ConfUtils.java:logGet(46)) - raft.server.snapshot.retention.file.num = 5 (custom)
2023-09-20 15:46:34,855 [56530fb6-e6be-4313-9c7b-f74137c4f80a-groupManagement] INFO  server.RaftServerConfigKeys (ConfUtils.java:logGet(46)) - raft.server.log.purge.upto.snapshot.index = false (default)
2023-09-20 15:46:34,855 [56530fb6-e6be-4313-9c7b-f74137c4f80a@group-867C931AC550-FollowerState] INFO  server.RaftServerConfigKeys (ConfUtils.java:logFallback(53)) - raft.server.rpc.first-election.timeout.min = 5s (fallback to raft.server.rpc.timeout.min)
2023-09-20 15:46:34,866 [56530fb6-e6be-4313-9c7b-f74137c4f80a@group-867C931AC550-FollowerState] INFO  server.RaftServerConfigKeys (ConfUtils.java:logFallback(53)) - raft.server.rpc.first-election.timeout.max = 5200ms (fallback to raft.server.rpc.timeout.max)
2023-09-20 15:46:35,001 [main] INFO  ozone.MiniOzoneClusterImpl (MiniOzoneClusterImpl.java:lambda$waitForClusterToBeReady$0(224)) - Nodes are ready. Got 3 of 3 DN Heartbeats.
2023-09-20 15:46:35,002 [main] INFO  ozone.MiniOzoneClusterImpl (MiniOzoneClusterImpl.java:lambda$waitForClusterToBeReady$0(227)) - Waiting for cluster to exit safe mode
2023-09-20 15:46:35,002 [main] INFO  ozone.MiniOzoneClusterImpl (MiniOzoneClusterImpl.java:lambda$waitForClusterToBeReady$0(229)) - SCM became leader
2023-09-20 15:46:35,004 [56530fb6-e6be-4313-9c7b-f74137c4f80a-groupManagement] INFO  server.RaftServer$Division (RaftServerImpl.java:<init>(198)) - 56530fb6-e6be-4313-9c7b-f74137c4f80a: new RaftServerImpl for group-F916A9BBA910:[56530fb6-e6be-4313-9c7b-f74137c4f80a|rpc:10.1.0.36:15032|admin:10.1.0.36:15031|client:10.1.0.36:15030|dataStream:10.1.0.36:15033|priority:1|startupRole:FOLLOWER] with ContainerStateMachine:uninitialized
2023-09-20 15:46:35,004 [56530fb6-e6be-4313-9c7b-f74137c4f80a-groupManagement] INFO  server.RaftServerConfigKeys (ConfUtils.java:logGet(46)) - raft.server.rpc.timeout.min = 5s (custom)
2023-09-20 15:46:35,004 [56530fb6-e6be-4313-9c7b-f74137c4f80a-groupManagement] INFO  server.RaftServerConfigKeys (ConfUtils.java:logGet(46)) - raft.server.rpc.timeout.max = 5200ms (custom)
2023-09-20 15:46:35,004 [56530fb6-e6be-4313-9c7b-f74137c4f80a-groupManagement] INFO  server.RaftServerConfigKeys (ConfUtils.java:logGet(46)) - raft.server.rpc.sleep.time = 25ms (default)
2023-09-20 15:46:35,004 [56530fb6-e6be-4313-9c7b-f74137c4f80a-groupManagement] INFO  server.RaftServerConfigKeys (ConfUtils.java:logGet(46)) - raft.server.rpc.slowness.timeout = 300s (custom)
2023-09-20 15:46:35,004 [56530fb6-e6be-4313-9c7b-f74137c4f80a-groupManagement] INFO  server.RaftServerConfigKeys (ConfUtils.java:logGet(46)) - raft.server.leaderelection.leader.step-down.wait-time = 10s (default)
2023-09-20 15:46:35,004 [56530fb6-e6be-4313-9c7b-f74137c4f80a-groupManagement] INFO  server.RaftServerConfigKeys (ConfUtils.java:logGet(46)) - raft.server.sleep.deviation.threshold = 300ms (default)
2023-09-20 15:46:35,004 [56530fb6-e6be-4313-9c7b-f74137c4f80a-groupManagement] INFO  server.RaftServer$Division (ServerState.java:<init>(120)) - 56530fb6-e6be-4313-9c7b-f74137c4f80a@group-F916A9BBA910: ConfigurationManager, init=-1: peers:[56530fb6-e6be-4313-9c7b-f74137c4f80a|rpc:10.1.0.36:15032|admin:10.1.0.36:15031|client:10.1.0.36:15030|dataStream:10.1.0.36:15033|priority:1|startupRole:FOLLOWER]|listeners:[], old=null, confs=<EMPTY_MAP>
2023-09-20 15:46:35,005 [56530fb6-e6be-4313-9c7b-f74137c4f80a-groupManagement] INFO  server.RaftServerConfigKeys (ConfUtils.java:logGet(46)) - raft.server.storage.dir = [/home/runner/work/ozone/ozone/hadoop-ozone/integration-test/target/test-dir/MiniOzoneClusterImpl-8d56696e-0306-4140-8b78-3634a4a6d503/datanode-2/data/ratis] (custom)
2023-09-20 15:46:35,005 [56530fb6-e6be-4313-9c7b-f74137c4f80a-groupManagement] INFO  server.RaftServerConfigKeys (ConfUtils.java:logGet(46)) - raft.server.log.corruption.policy = EXCEPTION (default)
2023-09-20 15:46:35,005 [56530fb6-e6be-4313-9c7b-f74137c4f80a-groupManagement] INFO  server.RaftServerConfigKeys (ConfUtils.java:logGet(46)) - raft.server.storage.free-space.min = 0MB (=0) (default)
2023-09-20 15:46:35,005 [56530fb6-e6be-4313-9c7b-f74137c4f80a-groupManagement] INFO  server.RaftServerConfigKeys (ConfUtils.java:logGet(46)) - raft.server.notification.no-leader.timeout = 300s (custom)
2023-09-20 15:46:35,005 [56530fb6-e6be-4313-9c7b-f74137c4f80a-groupManagement] INFO  server.RaftServerConfigKeys (ConfUtils.java:logGet(46)) - raft.server.read.timeout = 10s (default)
2023-09-20 15:46:35,005 [56530fb6-e6be-4313-9c7b-f74137c4f80a-groupManagement] INFO  server.RaftServerConfigKeys (ConfUtils.java:logGet(46)) - raft.server.retrycache.expirytime = 600000ms (custom)
2023-09-20 15:46:35,005 [56530fb6-e6be-4313-9c7b-f74137c4f80a-groupManagement] INFO  server.RaftServerConfigKeys (ConfUtils.java:logGet(46)) - raft.server.retrycache.statistics.expirytime = 100μs (default)
2023-09-20 15:46:35,005 [56530fb6-e6be-4313-9c7b-f74137c4f80a-groupManagement] INFO  server.RaftServerConfigKeys (ConfUtils.java:logGet(46)) - raft.server.read.option = DEFAULT (default)
2023-09-20 15:46:35,011 [56530fb6-e6be-4313-9c7b-f74137c4f80a-groupManagement] INFO  server.RaftServerConfigKeys (ConfUtils.java:logGet(46)) - raft.server.rpc.request.timeout = 60s (custom)
2023-09-20 15:46:35,011 [56530fb6-e6be-4313-9c7b-f74137c4f80a-groupManagement] INFO  server.RaftServerConfigKeys (ConfUtils.java:logGet(46)) - raft.server.log.appender.install.snapshot.enabled = false (custom)
2023-09-20 15:46:35,013 [56530fb6-e6be-4313-9c7b-f74137c4f80a-groupManagement] INFO  server.RaftServerConfigKeys (ConfUtils.java:logGet(46)) - raft.server.threadpool.server.cached = true (default)
2023-09-20 15:46:35,013 [56530fb6-e6be-4313-9c7b-f74137c4f80a-groupManagement] INFO  server.RaftServerConfigKeys (ConfUtils.java:logGet(46)) - raft.server.threadpool.server.size = 0 (default)
2023-09-20 15:46:35,013 [56530fb6-e6be-4313-9c7b-f74137c4f80a-groupManagement] INFO  server.RaftServerConfigKeys (ConfUtils.java:logGet(46)) - raft.server.threadpool.client.cached = true (default)
2023-09-20 15:46:35,013 [56530fb6-e6be-4313-9c7b-f74137c4f80a-groupManagement] INFO  server.RaftServerConfigKeys (ConfUtils.java:logGet(46)) - raft.server.threadpool.client.size = 0 (default)
2023-09-20 15:46:35,014 [PipelineCommandHandlerThread-0] INFO  server.RaftServer (RaftServerProxy.java:addNew(98)) - 56530fb6-e6be-4313-9c7b-f74137c4f80a: addNew group-F916A9BBA910:[56530fb6-e6be-4313-9c7b-f74137c4f80a|rpc:10.1.0.36:15032|admin:10.1.0.36:15031|client:10.1.0.36:15030|dataStream:10.1.0.36:15033|priority:1|startupRole:FOLLOWER] returns      null 56530fb6-e6be-4313-9c7b-f74137c4f80a@group-F916A9BBA910:t0, leader=null, voted=null, raftlog=UNINITIALIZED, conf=-1: peers:[56530fb6-e6be-4313-9c7b-f74137c4f80a|rpc:10.1.0.36:15032|admin:10.1.0.36:15031|client:10.1.0.36:15030|dataStream:10.1.0.36:15033|priority:1|startupRole:FOLLOWER]|listeners:[], old=null NEW
2023-09-20 15:46:35,014 [56530fb6-e6be-4313-9c7b-f74137c4f80a-groupManagement] INFO  storage.RaftStorageDirectory (RaftStorageDirectoryImpl.java:analyzeStorage(137)) - The storage directory /home/runner/work/ozone/ozone/hadoop-ozone/integration-test/target/test-dir/MiniOzoneClusterImpl-8d56696e-0306-4140-8b78-3634a4a6d503/datanode-2/data/ratis/57fb1eb0-f7de-4e74-915b-f916a9bba910 does not exist. Creating ...
2023-09-20 15:46:35,017 [56530fb6-e6be-4313-9c7b-f74137c4f80a-groupManagement] INFO  storage.RaftStorageDirectory (RaftStorageDirectoryImpl.java:tryLock(231)) - Lock on /home/runner/work/ozone/ozone/hadoop-ozone/integration-test/target/test-dir/MiniOzoneClusterImpl-8d56696e-0306-4140-8b78-3634a4a6d503/datanode-2/data/ratis/57fb1eb0-f7de-4e74-915b-f916a9bba910/in_use.lock acquired by nodename 41628@fv-az345-844
2023-09-20 15:46:35,023 [56530fb6-e6be-4313-9c7b-f74137c4f80a-groupManagement] INFO  storage.RaftStorage (RaftStorageImpl.java:format(96)) - Storage directory /home/runner/work/ozone/ozone/hadoop-ozone/integration-test/target/test-dir/MiniOzoneClusterImpl-8d56696e-0306-4140-8b78-3634a4a6d503/datanode-2/data/ratis/57fb1eb0-f7de-4e74-915b-f916a9bba910 has been successfully formatted.
2023-09-20 15:46:35,025 [56530fb6-e6be-4313-9c7b-f74137c4f80a-groupManagement] INFO  ratis.ContainerStateMachine (ContainerStateMachine.java:loadSnapshot(262)) - group-F916A9BBA910: The snapshot info is null. Setting the last applied indexto:(t:0, i:~)
2023-09-20 15:46:35,025 [56530fb6-e6be-4313-9c7b-f74137c4f80a-groupManagement] INFO  server.RaftServerConfigKeys (ConfUtils.java:logGet(46)) - raft.server.log.use.memory = false (default)
2023-09-20 15:46:35,025 [56530fb6-e6be-4313-9c7b-f74137c4f80a-groupManagement] INFO  server.RaftServerConfigKeys (ConfUtils.java:logGet(46)) - raft.server.log.purge.gap = 1000000 (custom)
2023-09-20 15:46:35,025 [56530fb6-e6be-4313-9c7b-f74137c4f80a-groupManagement] INFO  server.RaftServerConfigKeys (ConfUtils.java:logGet(46)) - raft.server.log.appender.buffer.byte-limit = 33554432 (custom)
2023-09-20 15:46:35,026 [56530fb6-e6be-4313-9c7b-f74137c4f80a-groupManagement] INFO  server.RaftServerConfigKeys (ConfUtils.java:logGet(46)) - raft.server.log.statemachine.data.read.timeout = 1000ms (default)
2023-09-20 15:46:35,026 [56530fb6-e6be-4313-9c7b-f74137c4f80a-groupManagement] INFO  server.RaftServerConfigKeys (ConfUtils.java:logGet(46)) - raft.server.log.purge.preservation.log.num = 0 (default)
2023-09-20 15:46:35,035 [56530fb6-e6be-4313-9c7b-f74137c4f80a-groupManagement] INFO  server.RaftServerConfigKeys (ConfUtils.java:logGet(46)) - raft.server.log.segment.size.max = 1048576 (custom)
2023-09-20 15:46:35,036 [56530fb6-e6be-4313-9c7b-f74137c4f80a-groupManagement] INFO  server.RaftServerConfigKeys (ConfUtils.java:logGet(46)) - raft.server.log.segment.cache.num.max = 2 (custom)
2023-09-20 15:46:35,036 [56530fb6-e6be-4313-9c7b-f74137c4f80a-groupManagement] INFO  server.RaftServerConfigKeys (ConfUtils.java:logGet(46)) - raft.server.log.segment.cache.size.max = 200MB (=209715200) (default)
2023-09-20 15:46:35,036 [56530fb6-e6be-4313-9c7b-f74137c4f80a-groupManagement] INFO  server.RaftServerConfigKeys (ConfUtils.java:logGet(46)) - raft.server.log.appender.buffer.byte-limit = 33554432 (custom)
2023-09-20 15:46:35,036 [56530fb6-e6be-4313-9c7b-f74137c4f80a-groupManagement] INFO  segmented.SegmentedRaftLogWorker (SegmentedRaftLogWorker.java:<init>(188)) - new 56530fb6-e6be-4313-9c7b-f74137c4f80a@group-F916A9BBA910-SegmentedRaftLogWorker for RaftStorageImpl:Storage Directory /home/runner/work/ozone/ozone/hadoop-ozone/integration-test/target/test-dir/MiniOzoneClusterImpl-8d56696e-0306-4140-8b78-3634a4a6d503/datanode-2/data/ratis/57fb1eb0-f7de-4e74-915b-f916a9bba910
2023-09-20 15:46:35,036 [56530fb6-e6be-4313-9c7b-f74137c4f80a-groupManagement] INFO  server.RaftServerConfigKeys (ConfUtils.java:logGet(46)) - raft.server.log.queue.byte-limit = 4294967296 (custom)
2023-09-20 15:46:35,036 [56530fb6-e6be-4313-9c7b-f74137c4f80a-groupManagement] INFO  server.RaftServerConfigKeys (ConfUtils.java:logGet(46)) - raft.server.log.queue.element-limit = 1024 (custom)
2023-09-20 15:46:35,036 [56530fb6-e6be-4313-9c7b-f74137c4f80a-groupManagement] INFO  server.RaftServerConfigKeys (ConfUtils.java:logGet(46)) - raft.server.log.segment.size.max = 1048576 (custom)
2023-09-20 15:46:35,036 [56530fb6-e6be-4313-9c7b-f74137c4f80a-groupManagement] INFO  server.RaftServerConfigKeys (ConfUtils.java:logGet(46)) - raft.server.log.preallocated.size = 16384 (custom)
2023-09-20 15:46:35,036 [56530fb6-e6be-4313-9c7b-f74137c4f80a-groupManagement] INFO  server.RaftServerConfigKeys (ConfUtils.java:logGet(46)) - raft.server.log.force.sync.num = 128 (default)
2023-09-20 15:46:35,036 [56530fb6-e6be-4313-9c7b-f74137c4f80a-groupManagement] INFO  server.RaftServerConfigKeys (ConfUtils.java:logGet(46)) - raft.server.log.statemachine.data.sync = true (default)
2023-09-20 15:46:35,037 [56530fb6-e6be-4313-9c7b-f74137c4f80a-groupManagement] INFO  server.RaftServerConfigKeys (ConfUtils.java:logGet(46)) - raft.server.log.statemachine.data.sync.timeout = 10s (default)
2023-09-20 15:46:35,037 [56530fb6-e6be-4313-9c7b-f74137c4f80a-groupManagement] INFO  server.RaftServerConfigKeys (ConfUtils.java:logGet(46)) - raft.server.log.statemachine.data.sync.timeout.retry = -1 (default)
2023-09-20 15:46:35,038 [56530fb6-e6be-4313-9c7b-f74137c4f80a-groupManagement] INFO  server.RaftServerConfigKeys (ConfUtils.java:logGet(46)) - raft.server.log.write.buffer.size = 1048576 (custom)
2023-09-20 15:46:35,039 [56530fb6-e6be-4313-9c7b-f74137c4f80a-groupManagement] INFO  server.RaftServerConfigKeys (ConfUtils.java:logGet(46)) - raft.server.log.appender.buffer.byte-limit = 33554432 (custom)
2023-09-20 15:46:35,049 [56530fb6-e6be-4313-9c7b-f74137c4f80a-groupManagement] INFO  server.RaftServerConfigKeys (ConfUtils.java:logGet(46)) - raft.server.log.unsafe-flush.enabled = false (default)
2023-09-20 15:46:35,051 [56530fb6-e6be-4313-9c7b-f74137c4f80a-groupManagement] INFO  server.RaftServerConfigKeys (ConfUtils.java:logGet(46)) - raft.server.log.async-flush.enabled = false (default)
2023-09-20 15:46:35,051 [56530fb6-e6be-4313-9c7b-f74137c4f80a-groupManagement] INFO  server.RaftServerConfigKeys (ConfUtils.java:logGet(46)) - raft.server.log.statemachine.data.caching.enabled = true (custom)
2023-09-20 15:46:35,052 [56530fb6-e6be-4313-9c7b-f74137c4f80a-groupManagement] INFO  segmented.SegmentedRaftLogWorker (SegmentedRaftLogWorker.java:lambda$new$0(135)) - 56530fb6-e6be-4313-9c7b-f74137c4f80a@group-F916A9BBA910-SegmentedRaftLogWorker: flushIndex: setUnconditionally 0 -> -1
2023-09-20 15:46:35,052 [56530fb6-e6be-4313-9c7b-f74137c4f80a-groupManagement] INFO  segmented.SegmentedRaftLogWorker (SegmentedRaftLogWorker.java:lambda$new$0(135)) - 56530fb6-e6be-4313-9c7b-f74137c4f80a@group-F916A9BBA910-SegmentedRaftLogWorker: safeCacheEvictIndex: setUnconditionally 0 -> -1
2023-09-20 15:46:35,052 [56530fb6-e6be-4313-9c7b-f74137c4f80a-groupManagement] INFO  server.RaftServer$Division (RaftServerImpl.java:start(342)) - 56530fb6-e6be-4313-9c7b-f74137c4f80a@group-F916A9BBA910: start as a follower, conf=-1: peers:[56530fb6-e6be-4313-9c7b-f74137c4f80a|rpc:10.1.0.36:15032|admin:10.1.0.36:15031|client:10.1.0.36:15030|dataStream:10.1.0.36:15033|priority:1|startupRole:FOLLOWER]|listeners:[], old=null
2023-09-20 15:46:35,052 [56530fb6-e6be-4313-9c7b-f74137c4f80a-groupManagement] INFO  server.RaftServer$Division (RaftServerImpl.java:setRole(329)) - 56530fb6-e6be-4313-9c7b-f74137c4f80a@group-F916A9BBA910: changes role from      null to FOLLOWER at term 0 for startAsFollower
2023-09-20 15:46:35,053 [56530fb6-e6be-4313-9c7b-f74137c4f80a-groupManagement] INFO  impl.RoleInfo (RoleInfo.java:updateAndGet(139)) - 56530fb6-e6be-4313-9c7b-f74137c4f80a: start 56530fb6-e6be-4313-9c7b-f74137c4f80a@group-F916A9BBA910-FollowerState
2023-09-20 15:46:35,054 [EventQueue-PipelineReportForPipelineReportHandler] INFO  pipeline.PipelineReportHandler (PipelineReportHandler.java:processPipelineReport(136)) - Opened pipeline PipelineID=57fb1eb0-f7de-4e74-915b-f916a9bba910
2023-09-20 15:46:35,055 [56530fb6-e6be-4313-9c7b-f74137c4f80a-groupManagement] INFO  util.JmxRegister (JmxRegister.java:tryRegister(44)) - Successfully registered JMX Bean with object name Ratis:service=RaftServer,group=group-F916A9BBA910,id=56530fb6-e6be-4313-9c7b-f74137c4f80a
2023-09-20 15:46:35,067 [56530fb6-e6be-4313-9c7b-f74137c4f80a-groupManagement] INFO  server.RaftServerConfigKeys (ConfUtils.java:logGet(46)) - raft.server.snapshot.auto.trigger.enabled = true (custom)
2023-09-20 15:46:35,068 [56530fb6-e6be-4313-9c7b-f74137c4f80a-groupManagement] INFO  server.RaftServerConfigKeys (ConfUtils.java:logGet(46)) - raft.server.snapshot.auto.trigger.threshold = 10000 (custom)
2023-09-20 15:46:35,068 [56530fb6-e6be-4313-9c7b-f74137c4f80a-groupManagement] INFO  server.RaftServerConfigKeys (ConfUtils.java:logGet(46)) - raft.server.snapshot.retention.file.num = 5 (custom)
2023-09-20 15:46:35,068 [56530fb6-e6be-4313-9c7b-f74137c4f80a-groupManagement] INFO  server.RaftServerConfigKeys (ConfUtils.java:logGet(46)) - raft.server.log.purge.upto.snapshot.index = false (default)
2023-09-20 15:46:35,068 [EventQueue-OpenPipelineForHealthyPipelineSafeModeRule] INFO  safemode.SCMSafeModeManager (HealthyPipelineSafeModeRule.java:process(137)) - SCM in safe mode. Healthy pipelines reported count is 0, required healthy pipeline reported count is 1
2023-09-20 15:46:35,069 [PipelineCommandHandlerThread-0] INFO  ratis.XceiverServerRatis (XceiverServerRatis.java:addGroup(804)) - Created group PipelineID=57fb1eb0-f7de-4e74-915b-f916a9bba910
2023-09-20 15:46:35,069 [PipelineCommandHandlerThread-0] INFO  commandhandler.CreatePipelineCommandHandler (CreatePipelineCommandHandler.java:lambda$handle$2(124)) - Created Pipeline RATIS ONE PipelineID=57fb1eb0-f7de-4e74-915b-f916a9bba910.
2023-09-20 15:46:35,069 [PipelineCommandHandlerThread-0] INFO  server.RaftServer (RaftServerProxy.java:addNew(98)) - 56530fb6-e6be-4313-9c7b-f74137c4f80a: addNew group-3C3C1CF53969:[57fc3420-94a0-4f3c-850d-40c1ae05c77a|rpc:10.1.0.36:15023|admin:10.1.0.36:15022|client:10.1.0.36:15021|dataStream:10.1.0.36:15024|priority:1|startupRole:FOLLOWER, 56530fb6-e6be-4313-9c7b-f74137c4f80a|rpc:10.1.0.36:15032|admin:10.1.0.36:15031|client:10.1.0.36:15030|dataStream:10.1.0.36:15033|priority:0|startupRole:FOLLOWER, 9499e333-9dfc-4832-8419-7e757e6a4f60|rpc:10.1.0.36:15014|admin:10.1.0.36:15013|client:10.1.0.36:15012|dataStream:10.1.0.36:15015|priority:0|startupRole:FOLLOWER] returns group-3C3C1CF53969:java.util.concurrent.CompletableFuture@7a8e30d4[Not completed]
2023-09-20 15:46:35,070 [56530fb6-e6be-4313-9c7b-f74137c4f80a@group-F916A9BBA910-FollowerState] INFO  server.RaftServerConfigKeys (ConfUtils.java:logFallback(53)) - raft.server.rpc.first-election.timeout.min = 5s (fallback to raft.server.rpc.timeout.min)
2023-09-20 15:46:35,070 [56530fb6-e6be-4313-9c7b-f74137c4f80a@group-F916A9BBA910-FollowerState] INFO  server.RaftServerConfigKeys (ConfUtils.java:logFallback(53)) - raft.server.rpc.first-election.timeout.max = 5200ms (fallback to raft.server.rpc.timeout.max)
2023-09-20 15:46:35,075 [56530fb6-e6be-4313-9c7b-f74137c4f80a-groupManagement] INFO  server.RaftServer$Division (RaftServerImpl.java:<init>(198)) - 56530fb6-e6be-4313-9c7b-f74137c4f80a: new RaftServerImpl for group-3C3C1CF53969:[57fc3420-94a0-4f3c-850d-40c1ae05c77a|rpc:10.1.0.36:15023|admin:10.1.0.36:15022|client:10.1.0.36:15021|dataStream:10.1.0.36:15024|priority:1|startupRole:FOLLOWER, 56530fb6-e6be-4313-9c7b-f74137c4f80a|rpc:10.1.0.36:15032|admin:10.1.0.36:15031|client:10.1.0.36:15030|dataStream:10.1.0.36:15033|priority:0|startupRole:FOLLOWER, 9499e333-9dfc-4832-8419-7e757e6a4f60|rpc:10.1.0.36:15014|admin:10.1.0.36:15013|client:10.1.0.36:15012|dataStream:10.1.0.36:15015|priority:0|startupRole:FOLLOWER] with ContainerStateMachine:uninitialized
2023-09-20 15:46:35,091 [56530fb6-e6be-4313-9c7b-f74137c4f80a-groupManagement] INFO  server.RaftServerConfigKeys (ConfUtils.java:logGet(46)) - raft.server.rpc.timeout.min = 5s (custom)
2023-09-20 15:46:35,091 [56530fb6-e6be-4313-9c7b-f74137c4f80a-groupManagement] INFO  server.RaftServerConfigKeys (ConfUtils.java:logGet(46)) - raft.server.rpc.timeout.max = 5200ms (custom)
2023-09-20 15:46:35,091 [56530fb6-e6be-4313-9c7b-f74137c4f80a-groupManagement] INFO  server.RaftServerConfigKeys (ConfUtils.java:logGet(46)) - raft.server.rpc.sleep.time = 25ms (default)
2023-09-20 15:46:35,091 [56530fb6-e6be-4313-9c7b-f74137c4f80a-groupManagement] INFO  server.RaftServerConfigKeys (ConfUtils.java:logGet(46)) - raft.server.rpc.slowness.timeout = 300s (custom)
2023-09-20 15:46:35,091 [56530fb6-e6be-4313-9c7b-f74137c4f80a-groupManagement] INFO  server.RaftServerConfigKeys (ConfUtils.java:logGet(46)) - raft.server.leaderelection.leader.step-down.wait-time = 10s (default)
2023-09-20 15:46:35,091 [56530fb6-e6be-4313-9c7b-f74137c4f80a-groupManagement] INFO  server.RaftServerConfigKeys (ConfUtils.java:logGet(46)) - raft.server.sleep.deviation.threshold = 300ms (default)
2023-09-20 15:46:35,091 [56530fb6-e6be-4313-9c7b-f74137c4f80a-groupManagement] INFO  server.RaftServer$Division (ServerState.java:<init>(120)) - 56530fb6-e6be-4313-9c7b-f74137c4f80a@group-3C3C1CF53969: ConfigurationManager, init=-1: peers:[57fc3420-94a0-4f3c-850d-40c1ae05c77a|rpc:10.1.0.36:15023|admin:10.1.0.36:15022|client:10.1.0.36:15021|dataStream:10.1.0.36:15024|priority:1|startupRole:FOLLOWER, 56530fb6-e6be-4313-9c7b-f74137c4f80a|rpc:10.1.0.36:15032|admin:10.1.0.36:15031|client:10.1.0.36:15030|dataStream:10.1.0.36:15033|priority:0|startupRole:FOLLOWER, 9499e333-9dfc-4832-8419-7e757e6a4f60|rpc:10.1.0.36:15014|admin:10.1.0.36:15013|client:10.1.0.36:15012|dataStream:10.1.0.36:15015|priority:0|startupRole:FOLLOWER]|listeners:[], old=null, confs=<EMPTY_MAP>
2023-09-20 15:46:35,091 [56530fb6-e6be-4313-9c7b-f74137c4f80a-groupManagement] INFO  server.RaftServerConfigKeys (ConfUtils.java:logGet(46)) - raft.server.storage.dir = [/home/runner/work/ozone/ozone/hadoop-ozone/integration-test/target/test-dir/MiniOzoneClusterImpl-8d56696e-0306-4140-8b78-3634a4a6d503/datanode-2/data/ratis] (custom)
2023-09-20 15:46:35,092 [56530fb6-e6be-4313-9c7b-f74137c4f80a-groupManagement] INFO  server.RaftServerConfigKeys (ConfUtils.java:logGet(46)) - raft.server.log.corruption.policy = EXCEPTION (default)
2023-09-20 15:46:35,092 [56530fb6-e6be-4313-9c7b-f74137c4f80a-groupManagement] INFO  server.RaftServerConfigKeys (ConfUtils.java:logGet(46)) - raft.server.storage.free-space.min = 0MB (=0) (default)
2023-09-20 15:46:35,092 [56530fb6-e6be-4313-9c7b-f74137c4f80a-groupManagement] INFO  server.RaftServerConfigKeys (ConfUtils.java:logGet(46)) - raft.server.notification.no-leader.timeout = 300s (custom)
2023-09-20 15:46:35,092 [56530fb6-e6be-4313-9c7b-f74137c4f80a-groupManagement] INFO  server.RaftServerConfigKeys (ConfUtils.java:logGet(46)) - raft.server.read.timeout = 10s (default)
2023-09-20 15:46:35,092 [56530fb6-e6be-4313-9c7b-f74137c4f80a-groupManagement] INFO  server.RaftServerConfigKeys (ConfUtils.java:logGet(46)) - raft.server.retrycache.expirytime = 600000ms (custom)
2023-09-20 15:46:35,092 [56530fb6-e6be-4313-9c7b-f74137c4f80a-groupManagement] INFO  server.RaftServerConfigKeys (ConfUtils.java:logGet(46)) - raft.server.retrycache.statistics.expirytime = 100μs (default)
2023-09-20 15:46:35,092 [56530fb6-e6be-4313-9c7b-f74137c4f80a-groupManagement] INFO  server.RaftServerConfigKeys (ConfUtils.java:logGet(46)) - raft.server.read.option = DEFAULT (default)
2023-09-20 15:46:35,093 [56530fb6-e6be-4313-9c7b-f74137c4f80a-groupManagement] INFO  server.RaftServerConfigKeys (ConfUtils.java:logGet(46)) - raft.server.rpc.request.timeout = 60s (custom)
2023-09-20 15:46:35,093 [56530fb6-e6be-4313-9c7b-f74137c4f80a-groupManagement] INFO  server.RaftServerConfigKeys (ConfUtils.java:logGet(46)) - raft.server.log.appender.install.snapshot.enabled = false (custom)
2023-09-20 15:46:35,094 [56530fb6-e6be-4313-9c7b-f74137c4f80a-groupManagement] INFO  server.RaftServerConfigKeys (ConfUtils.java:logGet(46)) - raft.server.threadpool.server.cached = true (default)
2023-09-20 15:46:35,094 [56530fb6-e6be-4313-9c7b-f74137c4f80a-groupManagement] INFO  server.RaftServerConfigKeys (ConfUtils.java:logGet(46)) - raft.server.threadpool.server.size = 0 (default)
2023-09-20 15:46:35,094 [56530fb6-e6be-4313-9c7b-f74137c4f80a-groupManagement] INFO  server.RaftServerConfigKeys (ConfUtils.java:logGet(46)) - raft.server.threadpool.client.cached = true (default)
2023-09-20 15:46:35,094 [56530fb6-e6be-4313-9c7b-f74137c4f80a-groupManagement] INFO  server.RaftServerConfigKeys (ConfUtils.java:logGet(46)) - raft.server.threadpool.client.size = 0 (default)
2023-09-20 15:46:35,094 [56530fb6-e6be-4313-9c7b-f74137c4f80a-groupManagement] INFO  storage.RaftStorageDirectory (RaftStorageDirectoryImpl.java:analyzeStorage(137)) - The storage directory /home/runner/work/ozone/ozone/hadoop-ozone/integration-test/target/test-dir/MiniOzoneClusterImpl-8d56696e-0306-4140-8b78-3634a4a6d503/datanode-2/data/ratis/45574c07-9142-4879-8024-3c3c1cf53969 does not exist. Creating ...
2023-09-20 15:46:35,097 [56530fb6-e6be-4313-9c7b-f74137c4f80a-groupManagement] INFO  storage.RaftStorageDirectory (RaftStorageDirectoryImpl.java:tryLock(231)) - Lock on /home/runner/work/ozone/ozone/hadoop-ozone/integration-test/target/test-dir/MiniOzoneClusterImpl-8d56696e-0306-4140-8b78-3634a4a6d503/datanode-2/data/ratis/45574c07-9142-4879-8024-3c3c1cf53969/in_use.lock acquired by nodename 41628@fv-az345-844
2023-09-20 15:46:35,099 [56530fb6-e6be-4313-9c7b-f74137c4f80a-groupManagement] INFO  storage.RaftStorage (RaftStorageImpl.java:format(96)) - Storage directory /home/runner/work/ozone/ozone/hadoop-ozone/integration-test/target/test-dir/MiniOzoneClusterImpl-8d56696e-0306-4140-8b78-3634a4a6d503/datanode-2/data/ratis/45574c07-9142-4879-8024-3c3c1cf53969 has been successfully formatted.
2023-09-20 15:46:35,101 [56530fb6-e6be-4313-9c7b-f74137c4f80a-groupManagement] INFO  ratis.ContainerStateMachine (ContainerStateMachine.java:loadSnapshot(262)) - group-3C3C1CF53969: The snapshot info is null. Setting the last applied indexto:(t:0, i:~)
2023-09-20 15:46:35,101 [56530fb6-e6be-4313-9c7b-f74137c4f80a-groupManagement] INFO  server.RaftServerConfigKeys (ConfUtils.java:logGet(46)) - raft.server.log.use.memory = false (default)
2023-09-20 15:46:35,101 [56530fb6-e6be-4313-9c7b-f74137c4f80a-groupManagement] INFO  server.RaftServerConfigKeys (ConfUtils.java:logGet(46)) - raft.server.log.purge.gap = 1000000 (custom)
2023-09-20 15:46:35,101 [56530fb6-e6be-4313-9c7b-f74137c4f80a-groupManagement] INFO  server.RaftServerConfigKeys (ConfUtils.java:logGet(46)) - raft.server.log.appender.buffer.byte-limit = 33554432 (custom)
2023-09-20 15:46:35,102 [56530fb6-e6be-4313-9c7b-f74137c4f80a-groupManagement] INFO  server.RaftServerConfigKeys (ConfUtils.java:logGet(46)) - raft.server.log.statemachine.data.read.timeout = 1000ms (default)
2023-09-20 15:46:35,102 [56530fb6-e6be-4313-9c7b-f74137c4f80a-groupManagement] INFO  server.RaftServerConfigKeys (ConfUtils.java:logGet(46)) - raft.server.log.purge.preservation.log.num = 0 (default)
2023-09-20 15:46:35,102 [56530fb6-e6be-4313-9c7b-f74137c4f80a-groupManagement] INFO  server.RaftServerConfigKeys (ConfUtils.java:logGet(46)) - raft.server.log.segment.size.max = 1048576 (custom)
2023-09-20 15:46:35,103 [56530fb6-e6be-4313-9c7b-f74137c4f80a-groupManagement] INFO  server.RaftServerConfigKeys (ConfUtils.java:logGet(46)) - raft.server.log.segment.cache.num.max = 2 (custom)
2023-09-20 15:46:35,103 [56530fb6-e6be-4313-9c7b-f74137c4f80a-groupManagement] INFO  server.RaftServerConfigKeys (ConfUtils.java:logGet(46)) - raft.server.log.segment.cache.size.max = 200MB (=209715200) (default)
2023-09-20 15:46:35,103 [56530fb6-e6be-4313-9c7b-f74137c4f80a-groupManagement] INFO  server.RaftServerConfigKeys (ConfUtils.java:logGet(46)) - raft.server.log.appender.buffer.byte-limit = 33554432 (custom)
2023-09-20 15:46:35,103 [56530fb6-e6be-4313-9c7b-f74137c4f80a-groupManagement] INFO  segmented.SegmentedRaftLogWorker (SegmentedRaftLogWorker.java:<init>(188)) - new 56530fb6-e6be-4313-9c7b-f74137c4f80a@group-3C3C1CF53969-SegmentedRaftLogWorker for RaftStorageImpl:Storage Directory /home/runner/work/ozone/ozone/hadoop-ozone/integration-test/target/test-dir/MiniOzoneClusterImpl-8d56696e-0306-4140-8b78-3634a4a6d503/datanode-2/data/ratis/45574c07-9142-4879-8024-3c3c1cf53969
2023-09-20 15:46:35,114 [56530fb6-e6be-4313-9c7b-f74137c4f80a-groupManagement] INFO  server.RaftServerConfigKeys (ConfUtils.java:logGet(46)) - raft.server.log.queue.byte-limit = 4294967296 (custom)
2023-09-20 15:46:35,114 [56530fb6-e6be-4313-9c7b-f74137c4f80a-groupManagement] INFO  server.RaftServerConfigKeys (ConfUtils.java:logGet(46)) - raft.server.log.queue.element-limit = 1024 (custom)
2023-09-20 15:46:35,114 [56530fb6-e6be-4313-9c7b-f74137c4f80a-groupManagement] INFO  server.RaftServerConfigKeys (ConfUtils.java:logGet(46)) - raft.server.log.segment.size.max = 1048576 (custom)
2023-09-20 15:46:35,114 [56530fb6-e6be-4313-9c7b-f74137c4f80a-groupManagement] INFO  server.RaftServerConfigKeys (ConfUtils.java:logGet(46)) - raft.server.log.preallocated.size = 16384 (custom)
2023-09-20 15:46:35,115 [56530fb6-e6be-4313-9c7b-f74137c4f80a-groupManagement] INFO  server.RaftServerConfigKeys (ConfUtils.java:logGet(46)) - raft.server.log.force.sync.num = 128 (default)
2023-09-20 15:46:35,115 [56530fb6-e6be-4313-9c7b-f74137c4f80a-groupManagement] INFO  server.RaftServerConfigKeys (ConfUtils.java:logGet(46)) - raft.server.log.statemachine.data.sync = true (default)
2023-09-20 15:46:35,115 [56530fb6-e6be-4313-9c7b-f74137c4f80a-groupManagement] INFO  server.RaftServerConfigKeys (ConfUtils.java:logGet(46)) - raft.server.log.statemachine.data.sync.timeout = 10s (default)
2023-09-20 15:46:35,115 [56530fb6-e6be-4313-9c7b-f74137c4f80a-groupManagement] INFO  server.RaftServerConfigKeys (ConfUtils.java:logGet(46)) - raft.server.log.statemachine.data.sync.timeout.retry = -1 (default)
2023-09-20 15:46:35,116 [56530fb6-e6be-4313-9c7b-f74137c4f80a-groupManagement] INFO  server.RaftServerConfigKeys (ConfUtils.java:logGet(46)) - raft.server.log.write.buffer.size = 1048576 (custom)
2023-09-20 15:46:35,116 [56530fb6-e6be-4313-9c7b-f74137c4f80a-groupManagement] INFO  server.RaftServerConfigKeys (ConfUtils.java:logGet(46)) - raft.server.log.appender.buffer.byte-limit = 33554432 (custom)
2023-09-20 15:46:35,125 [56530fb6-e6be-4313-9c7b-f74137c4f80a-groupManagement] INFO  server.RaftServerConfigKeys (ConfUtils.java:logGet(46)) - raft.server.log.unsafe-flush.enabled = false (default)
2023-09-20 15:46:35,125 [56530fb6-e6be-4313-9c7b-f74137c4f80a-groupManagement] INFO  server.RaftServerConfigKeys (ConfUtils.java:logGet(46)) - raft.server.log.async-flush.enabled = false (default)
2023-09-20 15:46:35,125 [56530fb6-e6be-4313-9c7b-f74137c4f80a-groupManagement] INFO  server.RaftServerConfigKeys (ConfUtils.java:logGet(46)) - raft.server.log.statemachine.data.caching.enabled = true (custom)
2023-09-20 15:46:35,126 [56530fb6-e6be-4313-9c7b-f74137c4f80a-groupManagement] INFO  segmented.SegmentedRaftLogWorker (SegmentedRaftLogWorker.java:lambda$new$0(135)) - 56530fb6-e6be-4313-9c7b-f74137c4f80a@group-3C3C1CF53969-SegmentedRaftLogWorker: flushIndex: setUnconditionally 0 -> -1
2023-09-20 15:46:35,126 [56530fb6-e6be-4313-9c7b-f74137c4f80a-groupManagement] INFO  segmented.SegmentedRaftLogWorker (SegmentedRaftLogWorker.java:lambda$new$0(135)) - 56530fb6-e6be-4313-9c7b-f74137c4f80a@group-3C3C1CF53969-SegmentedRaftLogWorker: safeCacheEvictIndex: setUnconditionally 0 -> -1
2023-09-20 15:46:35,126 [56530fb6-e6be-4313-9c7b-f74137c4f80a-groupManagement] INFO  server.RaftServer$Division (RaftServerImpl.java:start(342)) - 56530fb6-e6be-4313-9c7b-f74137c4f80a@group-3C3C1CF53969: start as a follower, conf=-1: peers:[57fc3420-94a0-4f3c-850d-40c1ae05c77a|rpc:10.1.0.36:15023|admin:10.1.0.36:15022|client:10.1.0.36:15021|dataStream:10.1.0.36:15024|priority:1|startupRole:FOLLOWER, 56530fb6-e6be-4313-9c7b-f74137c4f80a|rpc:10.1.0.36:15032|admin:10.1.0.36:15031|client:10.1.0.36:15030|dataStream:10.1.0.36:15033|priority:0|startupRole:FOLLOWER, 9499e333-9dfc-4832-8419-7e757e6a4f60|rpc:10.1.0.36:15014|admin:10.1.0.36:15013|client:10.1.0.36:15012|dataStream:10.1.0.36:15015|priority:0|startupRole:FOLLOWER]|listeners:[], old=null
2023-09-20 15:46:35,126 [56530fb6-e6be-4313-9c7b-f74137c4f80a-groupManagement] INFO  server.RaftServer$Division (RaftServerImpl.java:setRole(329)) - 56530fb6-e6be-4313-9c7b-f74137c4f80a@group-3C3C1CF53969: changes role from      null to FOLLOWER at term 0 for startAsFollower
2023-09-20 15:46:35,127 [56530fb6-e6be-4313-9c7b-f74137c4f80a-groupManagement] INFO  impl.RoleInfo (RoleInfo.java:updateAndGet(139)) - 56530fb6-e6be-4313-9c7b-f74137c4f80a: start 56530fb6-e6be-4313-9c7b-f74137c4f80a@group-3C3C1CF53969-FollowerState
2023-09-20 15:46:35,129 [56530fb6-e6be-4313-9c7b-f74137c4f80a-groupManagement] INFO  util.JmxRegister (JmxRegister.java:tryRegister(44)) - Successfully registered JMX Bean with object name Ratis:service=RaftServer,group=group-3C3C1CF53969,id=56530fb6-e6be-4313-9c7b-f74137c4f80a
2023-09-20 15:46:35,129 [56530fb6-e6be-4313-9c7b-f74137c4f80a-groupManagement] INFO  server.RaftServerConfigKeys (ConfUtils.java:logGet(46)) - raft.server.snapshot.auto.trigger.enabled = true (custom)
2023-09-20 15:46:35,129 [56530fb6-e6be-4313-9c7b-f74137c4f80a-groupManagement] INFO  server.RaftServerConfigKeys (ConfUtils.java:logGet(46)) - raft.server.snapshot.auto.trigger.threshold = 10000 (custom)
2023-09-20 15:46:35,129 [56530fb6-e6be-4313-9c7b-f74137c4f80a-groupManagement] INFO  server.RaftServerConfigKeys (ConfUtils.java:logGet(46)) - raft.server.snapshot.retention.file.num = 5 (custom)
2023-09-20 15:46:35,129 [56530fb6-e6be-4313-9c7b-f74137c4f80a-groupManagement] INFO  server.RaftServerConfigKeys (ConfUtils.java:logGet(46)) - raft.server.log.purge.upto.snapshot.index = false (default)
2023-09-20 15:46:35,130 [56530fb6-e6be-4313-9c7b-f74137c4f80a@group-3C3C1CF53969-FollowerState] INFO  server.RaftServerConfigKeys (ConfUtils.java:logFallback(53)) - raft.server.rpc.first-election.timeout.min = 5s (fallback to raft.server.rpc.timeout.min)
2023-09-20 15:46:35,168 [56530fb6-e6be-4313-9c7b-f74137c4f80a@group-3C3C1CF53969-FollowerState] INFO  server.RaftServerConfigKeys (ConfUtils.java:logFallback(53)) - raft.server.rpc.first-election.timeout.max = 5200ms (fallback to raft.server.rpc.timeout.max)
2023-09-20 15:46:35,131 [PipelineCommandHandlerThread-0] INFO  ratis.XceiverServerRatis (XceiverServerRatis.java:addGroup(804)) - Created group PipelineID=45574c07-9142-4879-8024-3c3c1cf53969
2023-09-20 15:46:35,172 [EventQueue-OpenPipelineForHealthyPipelineSafeModeRule] INFO  safemode.SCMSafeModeManager (HealthyPipelineSafeModeRule.java:process(137)) - SCM in safe mode. Healthy pipelines reported count is 0, required healthy pipeline reported count is 1
2023-09-20 15:46:35,181 [PipelineCommandHandlerThread-0] INFO  commandhandler.CreatePipelineCommandHandler (CreatePipelineCommandHandler.java:lambda$handle$2(124)) - Created Pipeline RATIS THREE PipelineID=e528e358-93e3-4c44-b6b4-867c931ac550.
2023-09-20 15:46:35,182 [PipelineCommandHandlerThread-0] INFO  server.RaftServer (RaftServerProxy.java:addNew(98)) - 57fc3420-94a0-4f3c-850d-40c1ae05c77a: addNew group-3C3C1CF53969:[57fc3420-94a0-4f3c-850d-40c1ae05c77a|rpc:10.1.0.36:15023|admin:10.1.0.36:15022|client:10.1.0.36:15021|dataStream:10.1.0.36:15024|priority:1|startupRole:FOLLOWER, 56530fb6-e6be-4313-9c7b-f74137c4f80a|rpc:10.1.0.36:15032|admin:10.1.0.36:15031|client:10.1.0.36:15030|dataStream:10.1.0.36:15033|priority:0|startupRole:FOLLOWER, 9499e333-9dfc-4832-8419-7e757e6a4f60|rpc:10.1.0.36:15014|admin:10.1.0.36:15013|client:10.1.0.36:15012|dataStream:10.1.0.36:15015|priority:0|startupRole:FOLLOWER] returns group-3C3C1CF53969:java.util.concurrent.CompletableFuture@4a672188[Not completed]
2023-09-20 15:46:35,184 [57fc3420-94a0-4f3c-850d-40c1ae05c77a-groupManagement] INFO  server.RaftServer$Division (RaftServerImpl.java:<init>(198)) - 57fc3420-94a0-4f3c-850d-40c1ae05c77a: new RaftServerImpl for group-3C3C1CF53969:[57fc3420-94a0-4f3c-850d-40c1ae05c77a|rpc:10.1.0.36:15023|admin:10.1.0.36:15022|client:10.1.0.36:15021|dataStream:10.1.0.36:15024|priority:1|startupRole:FOLLOWER, 56530fb6-e6be-4313-9c7b-f74137c4f80a|rpc:10.1.0.36:15032|admin:10.1.0.36:15031|client:10.1.0.36:15030|dataStream:10.1.0.36:15033|priority:0|startupRole:FOLLOWER, 9499e333-9dfc-4832-8419-7e757e6a4f60|rpc:10.1.0.36:15014|admin:10.1.0.36:15013|client:10.1.0.36:15012|dataStream:10.1.0.36:15015|priority:0|startupRole:FOLLOWER] with ContainerStateMachine:uninitialized
2023-09-20 15:46:35,185 [57fc3420-94a0-4f3c-850d-40c1ae05c77a-groupManagement] INFO  server.RaftServerConfigKeys (ConfUtils.java:logGet(46)) - raft.server.rpc.timeout.min = 5s (custom)
2023-09-20 15:46:35,185 [57fc3420-94a0-4f3c-850d-40c1ae05c77a-groupManagement] INFO  server.RaftServerConfigKeys (ConfUtils.java:logGet(46)) - raft.server.rpc.timeout.max = 5200ms (custom)
2023-09-20 15:46:35,185 [57fc3420-94a0-4f3c-850d-40c1ae05c77a-groupManagement] INFO  server.RaftServerConfigKeys (ConfUtils.java:logGet(46)) - raft.server.rpc.sleep.time = 25ms (default)
2023-09-20 15:46:35,185 [57fc3420-94a0-4f3c-850d-40c1ae05c77a-groupManagement] INFO  server.RaftServerConfigKeys (ConfUtils.java:logGet(46)) - raft.server.rpc.slowness.timeout = 300s (custom)
2023-09-20 15:46:35,185 [57fc3420-94a0-4f3c-850d-40c1ae05c77a-groupManagement] INFO  server.RaftServerConfigKeys (ConfUtils.java:logGet(46)) - raft.server.leaderelection.leader.step-down.wait-time = 10s (default)
2023-09-20 15:46:35,185 [57fc3420-94a0-4f3c-850d-40c1ae05c77a-groupManagement] INFO  server.RaftServerConfigKeys (ConfUtils.java:logGet(46)) - raft.server.sleep.deviation.threshold = 300ms (default)
2023-09-20 15:46:35,185 [57fc3420-94a0-4f3c-850d-40c1ae05c77a-groupManagement] INFO  server.RaftServer$Division (ServerState.java:<init>(120)) - 57fc3420-94a0-4f3c-850d-40c1ae05c77a@group-3C3C1CF53969: ConfigurationManager, init=-1: peers:[57fc3420-94a0-4f3c-850d-40c1ae05c77a|rpc:10.1.0.36:15023|admin:10.1.0.36:15022|client:10.1.0.36:15021|dataStream:10.1.0.36:15024|priority:1|startupRole:FOLLOWER, 56530fb6-e6be-4313-9c7b-f74137c4f80a|rpc:10.1.0.36:15032|admin:10.1.0.36:15031|client:10.1.0.36:15030|dataStream:10.1.0.36:15033|priority:0|startupRole:FOLLOWER, 9499e333-9dfc-4832-8419-7e757e6a4f60|rpc:10.1.0.36:15014|admin:10.1.0.36:15013|client:10.1.0.36:15012|dataStream:10.1.0.36:15015|priority:0|startupRole:FOLLOWER]|listeners:[], old=null, confs=<EMPTY_MAP>
2023-09-20 15:46:35,185 [57fc3420-94a0-4f3c-850d-40c1ae05c77a-groupManagement] INFO  server.RaftServerConfigKeys (ConfUtils.java:logGet(46)) - raft.server.storage.dir = [/home/runner/work/ozone/ozone/hadoop-ozone/integration-test/target/test-dir/MiniOzoneClusterImpl-8d56696e-0306-4140-8b78-3634a4a6d503/datanode-1/data/ratis] (custom)
2023-09-20 15:46:35,186 [57fc3420-94a0-4f3c-850d-40c1ae05c77a-groupManagement] INFO  server.RaftServerConfigKeys (ConfUtils.java:logGet(46)) - raft.server.log.corruption.policy = EXCEPTION (default)
2023-09-20 15:46:35,186 [57fc3420-94a0-4f3c-850d-40c1ae05c77a-groupManagement] INFO  server.RaftServerConfigKeys (ConfUtils.java:logGet(46)) - raft.server.storage.free-space.min = 0MB (=0) (default)
2023-09-20 15:46:35,186 [57fc3420-94a0-4f3c-850d-40c1ae05c77a-groupManagement] INFO  server.RaftServerConfigKeys (ConfUtils.java:logGet(46)) - raft.server.notification.no-leader.timeout = 300s (custom)
2023-09-20 15:46:35,186 [57fc3420-94a0-4f3c-850d-40c1ae05c77a-groupManagement] INFO  server.RaftServerConfigKeys (ConfUtils.java:logGet(46)) - raft.server.read.timeout = 10s (default)
2023-09-20 15:46:35,186 [57fc3420-94a0-4f3c-850d-40c1ae05c77a-groupManagement] INFO  server.RaftServerConfigKeys (ConfUtils.java:logGet(46)) - raft.server.retrycache.expirytime = 600000ms (custom)
2023-09-20 15:46:35,186 [57fc3420-94a0-4f3c-850d-40c1ae05c77a-groupManagement] INFO  server.RaftServerConfigKeys (ConfUtils.java:logGet(46)) - raft.server.retrycache.statistics.expirytime = 100μs (default)
2023-09-20 15:46:35,186 [57fc3420-94a0-4f3c-850d-40c1ae05c77a-groupManagement] INFO  server.RaftServerConfigKeys (ConfUtils.java:logGet(46)) - raft.server.read.option = DEFAULT (default)
2023-09-20 15:46:35,186 [PipelineCommandHandlerThread-0] INFO  commandhandler.CreatePipelineCommandHandler (CreatePipelineCommandHandler.java:lambda$handle$2(124)) - Created Pipeline RATIS THREE PipelineID=e528e358-93e3-4c44-b6b4-867c931ac550.
2023-09-20 15:46:35,190 [PipelineCommandHandlerThread-0] INFO  server.RaftServer (RaftServerProxy.java:addNew(98)) - 9499e333-9dfc-4832-8419-7e757e6a4f60: addNew group-3C3C1CF53969:[57fc3420-94a0-4f3c-850d-40c1ae05c77a|rpc:10.1.0.36:15023|admin:10.1.0.36:15022|client:10.1.0.36:15021|dataStream:10.1.0.36:15024|priority:1|startupRole:FOLLOWER, 56530fb6-e6be-4313-9c7b-f74137c4f80a|rpc:10.1.0.36:15032|admin:10.1.0.36:15031|client:10.1.0.36:15030|dataStream:10.1.0.36:15033|priority:0|startupRole:FOLLOWER, 9499e333-9dfc-4832-8419-7e757e6a4f60|rpc:10.1.0.36:15014|admin:10.1.0.36:15013|client:10.1.0.36:15012|dataStream:10.1.0.36:15015|priority:0|startupRole:FOLLOWER] returns group-3C3C1CF53969:java.util.concurrent.CompletableFuture@3125c1ab[Not completed]
2023-09-20 15:46:35,191 [9499e333-9dfc-4832-8419-7e757e6a4f60-groupManagement] INFO  server.RaftServer$Division (RaftServerImpl.java:<init>(198)) - 9499e333-9dfc-4832-8419-7e757e6a4f60: new RaftServerImpl for group-3C3C1CF53969:[57fc3420-94a0-4f3c-850d-40c1ae05c77a|rpc:10.1.0.36:15023|admin:10.1.0.36:15022|client:10.1.0.36:15021|dataStream:10.1.0.36:15024|priority:1|startupRole:FOLLOWER, 56530fb6-e6be-4313-9c7b-f74137c4f80a|rpc:10.1.0.36:15032|admin:10.1.0.36:15031|client:10.1.0.36:15030|dataStream:10.1.0.36:15033|priority:0|startupRole:FOLLOWER, 9499e333-9dfc-4832-8419-7e757e6a4f60|rpc:10.1.0.36:15014|admin:10.1.0.36:15013|client:10.1.0.36:15012|dataStream:10.1.0.36:15015|priority:0|startupRole:FOLLOWER] with ContainerStateMachine:uninitialized
2023-09-20 15:46:35,191 [9499e333-9dfc-4832-8419-7e757e6a4f60-groupManagement] INFO  server.RaftServerConfigKeys (ConfUtils.java:logGet(46)) - raft.server.rpc.timeout.min = 5s (custom)
2023-09-20 15:46:35,191 [9499e333-9dfc-4832-8419-7e757e6a4f60-groupManagement] INFO  server.RaftServerConfigKeys (ConfUtils.java:logGet(46)) - raft.server.rpc.timeout.max = 5200ms (custom)
2023-09-20 15:46:35,191 [9499e333-9dfc-4832-8419-7e757e6a4f60-groupManagement] INFO  server.RaftServerConfigKeys (ConfUtils.java:logGet(46)) - raft.server.rpc.sleep.time = 25ms (default)
2023-09-20 15:46:35,191 [9499e333-9dfc-4832-8419-7e757e6a4f60-groupManagement] INFO  server.RaftServerConfigKeys (ConfUtils.java:logGet(46)) - raft.server.rpc.slowness.timeout = 300s (custom)
2023-09-20 15:46:35,192 [9499e333-9dfc-4832-8419-7e757e6a4f60-groupManagement] INFO  server.RaftServerConfigKeys (ConfUtils.java:logGet(46)) - raft.server.leaderelection.leader.step-down.wait-time = 10s (default)
2023-09-20 15:46:35,192 [9499e333-9dfc-4832-8419-7e757e6a4f60-groupManagement] INFO  server.RaftServerConfigKeys (ConfUtils.java:logGet(46)) - raft.server.sleep.deviation.threshold = 300ms (default)
2023-09-20 15:46:35,192 [9499e333-9dfc-4832-8419-7e757e6a4f60-groupManagement] INFO  server.RaftServer$Division (ServerState.java:<init>(120)) - 9499e333-9dfc-4832-8419-7e757e6a4f60@group-3C3C1CF53969: ConfigurationManager, init=-1: peers:[57fc3420-94a0-4f3c-850d-40c1ae05c77a|rpc:10.1.0.36:15023|admin:10.1.0.36:15022|client:10.1.0.36:15021|dataStream:10.1.0.36:15024|priority:1|startupRole:FOLLOWER, 56530fb6-e6be-4313-9c7b-f74137c4f80a|rpc:10.1.0.36:15032|admin:10.1.0.36:15031|client:10.1.0.36:15030|dataStream:10.1.0.36:15033|priority:0|startupRole:FOLLOWER, 9499e333-9dfc-4832-8419-7e757e6a4f60|rpc:10.1.0.36:15014|admin:10.1.0.36:15013|client:10.1.0.36:15012|dataStream:10.1.0.36:15015|priority:0|startupRole:FOLLOWER]|listeners:[], old=null, confs=<EMPTY_MAP>
2023-09-20 15:46:35,192 [9499e333-9dfc-4832-8419-7e757e6a4f60-groupManagement] INFO  server.RaftServerConfigKeys (ConfUtils.java:logGet(46)) - raft.server.storage.dir = [/home/runner/work/ozone/ozone/hadoop-ozone/integration-test/target/test-dir/MiniOzoneClusterImpl-8d56696e-0306-4140-8b78-3634a4a6d503/datanode-0/data/ratis] (custom)
2023-09-20 15:46:35,188 [57fc3420-94a0-4f3c-850d-40c1ae05c77a-groupManagement] INFO  server.RaftServerConfigKeys (ConfUtils.java:logGet(46)) - raft.server.rpc.request.timeout = 60s (custom)
2023-09-20 15:46:35,193 [57fc3420-94a0-4f3c-850d-40c1ae05c77a-groupManagement] INFO  server.RaftServerConfigKeys (ConfUtils.java:logGet(46)) - raft.server.log.appender.install.snapshot.enabled = false (custom)
2023-09-20 15:46:35,193 [57fc3420-94a0-4f3c-850d-40c1ae05c77a-groupManagement] INFO  server.RaftServerConfigKeys (ConfUtils.java:logGet(46)) - raft.server.threadpool.server.cached = true (default)
2023-09-20 15:46:35,193 [57fc3420-94a0-4f3c-850d-40c1ae05c77a-groupManagement] INFO  server.RaftServerConfigKeys (ConfUtils.java:logGet(46)) - raft.server.threadpool.server.size = 0 (default)
2023-09-20 15:46:35,193 [57fc3420-94a0-4f3c-850d-40c1ae05c77a-groupManagement] INFO  server.RaftServerConfigKeys (ConfUtils.java:logGet(46)) - raft.server.threadpool.client.cached = true (default)
2023-09-20 15:46:35,193 [57fc3420-94a0-4f3c-850d-40c1ae05c77a-groupManagement] INFO  server.RaftServerConfigKeys (ConfUtils.java:logGet(46)) - raft.server.threadpool.client.size = 0 (default)
2023-09-20 15:46:35,194 [57fc3420-94a0-4f3c-850d-40c1ae05c77a-groupManagement] INFO  storage.RaftStorageDirectory (RaftStorageDirectoryImpl.java:analyzeStorage(137)) - The storage directory /home/runner/work/ozone/ozone/hadoop-ozone/integration-test/target/test-dir/MiniOzoneClusterImpl-8d56696e-0306-4140-8b78-3634a4a6d503/datanode-1/data/ratis/45574c07-9142-4879-8024-3c3c1cf53969 does not exist. Creating ...
2023-09-20 15:46:35,193 [9499e333-9dfc-4832-8419-7e757e6a4f60-groupManagement] INFO  server.RaftServerConfigKeys (ConfUtils.java:logGet(46)) - raft.server.log.corruption.policy = EXCEPTION (default)
2023-09-20 15:46:35,195 [57fc3420-94a0-4f3c-850d-40c1ae05c77a-groupManagement] INFO  storage.RaftStorageDirectory (RaftStorageDirectoryImpl.java:tryLock(231)) - Lock on /home/runner/work/ozone/ozone/hadoop-ozone/integration-test/target/test-dir/MiniOzoneClusterImpl-8d56696e-0306-4140-8b78-3634a4a6d503/datanode-1/data/ratis/45574c07-9142-4879-8024-3c3c1cf53969/in_use.lock acquired by nodename 41628@fv-az345-844
2023-09-20 15:46:35,204 [57fc3420-94a0-4f3c-850d-40c1ae05c77a-groupManagement] INFO  storage.RaftStorage (RaftStorageImpl.java:format(96)) - Storage directory /home/runner/work/ozone/ozone/hadoop-ozone/integration-test/target/test-dir/MiniOzoneClusterImpl-8d56696e-0306-4140-8b78-3634a4a6d503/datanode-1/data/ratis/45574c07-9142-4879-8024-3c3c1cf53969 has been successfully formatted.
2023-09-20 15:46:35,205 [57fc3420-94a0-4f3c-850d-40c1ae05c77a-groupManagement] INFO  ratis.ContainerStateMachine (ContainerStateMachine.java:loadSnapshot(262)) - group-3C3C1CF53969: The snapshot info is null. Setting the last applied indexto:(t:0, i:~)
2023-09-20 15:46:35,205 [57fc3420-94a0-4f3c-850d-40c1ae05c77a-groupManagement] INFO  server.RaftServerConfigKeys (ConfUtils.java:logGet(46)) - raft.server.log.use.memory = false (default)
2023-09-20 15:46:35,205 [57fc3420-94a0-4f3c-850d-40c1ae05c77a-groupManagement] INFO  server.RaftServerConfigKeys (ConfUtils.java:logGet(46)) - raft.server.log.purge.gap = 1000000 (custom)
2023-09-20 15:46:35,205 [57fc3420-94a0-4f3c-850d-40c1ae05c77a-groupManagement] INFO  server.RaftServerConfigKeys (ConfUtils.java:logGet(46)) - raft.server.log.appender.buffer.byte-limit = 33554432 (custom)
2023-09-20 15:46:35,205 [9499e333-9dfc-4832-8419-7e757e6a4f60-groupManagement] INFO  server.RaftServerConfigKeys (ConfUtils.java:logGet(46)) - raft.server.storage.free-space.min = 0MB (=0) (default)
2023-09-20 15:46:35,205 [57fc3420-94a0-4f3c-850d-40c1ae05c77a-groupManagement] INFO  server.RaftServerConfigKeys (ConfUtils.java:logGet(46)) - raft.server.log.statemachine.data.read.timeout = 1000ms (default)
2023-09-20 15:46:35,208 [57fc3420-94a0-4f3c-850d-40c1ae05c77a-groupManagement] INFO  server.RaftServerConfigKeys (ConfUtils.java:logGet(46)) - raft.server.log.purge.preservation.log.num = 0 (default)
2023-09-20 15:46:35,208 [9499e333-9dfc-4832-8419-7e757e6a4f60-groupManagement] INFO  server.RaftServerConfigKeys (ConfUtils.java:logGet(46)) - raft.server.notification.no-leader.timeout = 300s (custom)
2023-09-20 15:46:35,208 [57fc3420-94a0-4f3c-850d-40c1ae05c77a-groupManagement] INFO  server.RaftServerConfigKeys (ConfUtils.java:logGet(46)) - raft.server.log.segment.size.max = 1048576 (custom)
2023-09-20 15:46:35,208 [9499e333-9dfc-4832-8419-7e757e6a4f60-groupManagement] INFO  server.RaftServerConfigKeys (ConfUtils.java:logGet(46)) - raft.server.read.timeout = 10s (default)
2023-09-20 15:46:35,209 [57fc3420-94a0-4f3c-850d-40c1ae05c77a-groupManagement] INFO  server.RaftServerConfigKeys (ConfUtils.java:logGet(46)) - raft.server.log.segment.cache.num.max = 2 (custom)
2023-09-20 15:46:35,209 [9499e333-9dfc-4832-8419-7e757e6a4f60-groupManagement] INFO  server.RaftServerConfigKeys (ConfUtils.java:logGet(46)) - raft.server.retrycache.expirytime = 600000ms (custom)
2023-09-20 15:46:35,213 [9499e333-9dfc-4832-8419-7e757e6a4f60-groupManagement] INFO  server.RaftServerConfigKeys (ConfUtils.java:logGet(46)) - raft.server.retrycache.statistics.expirytime = 100μs (default)
2023-09-20 15:46:35,211 [EventQueue-OpenPipelineForHealthyPipelineSafeModeRule] INFO  safemode.SCMSafeModeManager (HealthyPipelineSafeModeRule.java:process(137)) - SCM in safe mode. Healthy pipelines reported count is 0, required healthy pipeline reported count is 1
2023-09-20 15:46:35,214 [9499e333-9dfc-4832-8419-7e757e6a4f60-groupManagement] INFO  server.RaftServerConfigKeys (ConfUtils.java:logGet(46)) - raft.server.read.option = DEFAULT (default)
2023-09-20 15:46:35,209 [57fc3420-94a0-4f3c-850d-40c1ae05c77a-groupManagement] INFO  server.RaftServerConfigKeys (ConfUtils.java:logGet(46)) - raft.server.log.segment.cache.size.max = 200MB (=209715200) (default)
2023-09-20 15:46:35,214 [57fc3420-94a0-4f3c-850d-40c1ae05c77a-groupManagement] INFO  server.RaftServerConfigKeys (ConfUtils.java:logGet(46)) - raft.server.log.appender.buffer.byte-limit = 33554432 (custom)
2023-09-20 15:46:35,214 [57fc3420-94a0-4f3c-850d-40c1ae05c77a-groupManagement] INFO  segmented.SegmentedRaftLogWorker (SegmentedRaftLogWorker.java:<init>(188)) - new 57fc3420-94a0-4f3c-850d-40c1ae05c77a@group-3C3C1CF53969-SegmentedRaftLogWorker for RaftStorageImpl:Storage Directory /home/runner/work/ozone/ozone/hadoop-ozone/integration-test/target/test-dir/MiniOzoneClusterImpl-8d56696e-0306-4140-8b78-3634a4a6d503/datanode-1/data/ratis/45574c07-9142-4879-8024-3c3c1cf53969
2023-09-20 15:46:35,214 [57fc3420-94a0-4f3c-850d-40c1ae05c77a-groupManagement] INFO  server.RaftServerConfigKeys (ConfUtils.java:logGet(46)) - raft.server.log.queue.byte-limit = 4294967296 (custom)
2023-09-20 15:46:35,214 [57fc3420-94a0-4f3c-850d-40c1ae05c77a-groupManagement] INFO  server.RaftServerConfigKeys (ConfUtils.java:logGet(46)) - raft.server.log.queue.element-limit = 1024 (custom)
2023-09-20 15:46:35,214 [57fc3420-94a0-4f3c-850d-40c1ae05c77a-groupManagement] INFO  server.RaftServerConfigKeys (ConfUtils.java:logGet(46)) - raft.server.log.segment.size.max = 1048576 (custom)
2023-09-20 15:46:35,214 [57fc3420-94a0-4f3c-850d-40c1ae05c77a-groupManagement] INFO  server.RaftServerConfigKeys (ConfUtils.java:logGet(46)) - raft.server.log.preallocated.size = 16384 (custom)
2023-09-20 15:46:35,214 [57fc3420-94a0-4f3c-850d-40c1ae05c77a-groupManagement] INFO  server.RaftServerConfigKeys (ConfUtils.java:logGet(46)) - raft.server.log.force.sync.num = 128 (default)
2023-09-20 15:46:35,215 [57fc3420-94a0-4f3c-850d-40c1ae05c77a-groupManagement] INFO  server.RaftServerConfigKeys (ConfUtils.java:logGet(46)) - raft.server.log.statemachine.data.sync = true (default)
2023-09-20 15:46:35,215 [57fc3420-94a0-4f3c-850d-40c1ae05c77a-groupManagement] INFO  server.RaftServerConfigKeys (ConfUtils.java:logGet(46)) - raft.server.log.statemachine.data.sync.timeout = 10s (default)
2023-09-20 15:46:35,215 [57fc3420-94a0-4f3c-850d-40c1ae05c77a-groupManagement] INFO  server.RaftServerConfigKeys (ConfUtils.java:logGet(46)) - raft.server.log.statemachine.data.sync.timeout.retry = -1 (default)
2023-09-20 15:46:35,221 [9499e333-9dfc-4832-8419-7e757e6a4f60-groupManagement] INFO  server.RaftServerConfigKeys (ConfUtils.java:logGet(46)) - raft.server.rpc.request.timeout = 60s (custom)
2023-09-20 15:46:35,221 [57fc3420-94a0-4f3c-850d-40c1ae05c77a-groupManagement] INFO  server.RaftServerConfigKeys (ConfUtils.java:logGet(46)) - raft.server.log.write.buffer.size = 1048576 (custom)
2023-09-20 15:46:35,221 [9499e333-9dfc-4832-8419-7e757e6a4f60-groupManagement] INFO  server.RaftServerConfigKeys (ConfUtils.java:logGet(46)) - raft.server.log.appender.install.snapshot.enabled = false (custom)
2023-09-20 15:46:35,221 [9499e333-9dfc-4832-8419-7e757e6a4f60-groupManagement] INFO  server.RaftServerConfigKeys (ConfUtils.java:logGet(46)) - raft.server.threadpool.server.cached = true (default)
2023-09-20 15:46:35,222 [9499e333-9dfc-4832-8419-7e757e6a4f60-groupManagement] INFO  server.RaftServerConfigKeys (ConfUtils.java:logGet(46)) - raft.server.threadpool.server.size = 0 (default)
2023-09-20 15:46:35,222 [57fc3420-94a0-4f3c-850d-40c1ae05c77a-groupManagement] INFO  server.RaftServerConfigKeys (ConfUtils.java:logGet(46)) - raft.server.log.appender.buffer.byte-limit = 33554432 (custom)
2023-09-20 15:46:35,222 [9499e333-9dfc-4832-8419-7e757e6a4f60-groupManagement] INFO  server.RaftServerConfigKeys (ConfUtils.java:logGet(46)) - raft.server.threadpool.client.cached = true (default)
2023-09-20 15:46:35,222 [9499e333-9dfc-4832-8419-7e757e6a4f60-groupManagement] INFO  server.RaftServerConfigKeys (ConfUtils.java:logGet(46)) - raft.server.threadpool.client.size = 0 (default)
2023-09-20 15:46:35,222 [9499e333-9dfc-4832-8419-7e757e6a4f60-groupManagement] INFO  storage.RaftStorageDirectory (RaftStorageDirectoryImpl.java:analyzeStorage(137)) - The storage directory /home/runner/work/ozone/ozone/hadoop-ozone/integration-test/target/test-dir/MiniOzoneClusterImpl-8d56696e-0306-4140-8b78-3634a4a6d503/datanode-0/data/ratis/45574c07-9142-4879-8024-3c3c1cf53969 does not exist. Creating ...
2023-09-20 15:46:35,247 [9499e333-9dfc-4832-8419-7e757e6a4f60-groupManagement] INFO  storage.RaftStorageDirectory (RaftStorageDirectoryImpl.java:tryLock(231)) - Lock on /home/runner/work/ozone/ozone/hadoop-ozone/integration-test/target/test-dir/MiniOzoneClusterImpl-8d56696e-0306-4140-8b78-3634a4a6d503/datanode-0/data/ratis/45574c07-9142-4879-8024-3c3c1cf53969/in_use.lock acquired by nodename 41628@fv-az345-844
2023-09-20 15:46:35,249 [57fc3420-94a0-4f3c-850d-40c1ae05c77a-groupManagement] INFO  server.RaftServerConfigKeys (ConfUtils.java:logGet(46)) - raft.server.log.unsafe-flush.enabled = false (default)
2023-09-20 15:46:35,249 [9499e333-9dfc-4832-8419-7e757e6a4f60-groupManagement] INFO  storage.RaftStorage (RaftStorageImpl.java:format(96)) - Storage directory /home/runner/work/ozone/ozone/hadoop-ozone/integration-test/target/test-dir/MiniOzoneClusterImpl-8d56696e-0306-4140-8b78-3634a4a6d503/datanode-0/data/ratis/45574c07-9142-4879-8024-3c3c1cf53969 has been successfully formatted.
2023-09-20 15:46:35,250 [57fc3420-94a0-4f3c-850d-40c1ae05c77a-groupManagement] INFO  server.RaftServerConfigKeys (ConfUtils.java:logGet(46)) - raft.server.log.async-flush.enabled = false (default)
2023-09-20 15:46:35,250 [57fc3420-94a0-4f3c-850d-40c1ae05c77a-groupManagement] INFO  server.RaftServerConfigKeys (ConfUtils.java:logGet(46)) - raft.server.log.statemachine.data.caching.enabled = true (custom)
2023-09-20 15:46:35,251 [57fc3420-94a0-4f3c-850d-40c1ae05c77a-groupManagement] INFO  segmented.SegmentedRaftLogWorker (SegmentedRaftLogWorker.java:lambda$new$0(135)) - 57fc3420-94a0-4f3c-850d-40c1ae05c77a@group-3C3C1CF53969-SegmentedRaftLogWorker: flushIndex: setUnconditionally 0 -> -1
2023-09-20 15:46:35,251 [9499e333-9dfc-4832-8419-7e757e6a4f60-groupManagement] INFO  ratis.ContainerStateMachine (ContainerStateMachine.java:loadSnapshot(262)) - group-3C3C1CF53969: The snapshot info is null. Setting the last applied indexto:(t:0, i:~)
2023-09-20 15:46:35,251 [57fc3420-94a0-4f3c-850d-40c1ae05c77a-groupManagement] INFO  segmented.SegmentedRaftLogWorker (SegmentedRaftLogWorker.java:lambda$new$0(135)) - 57fc3420-94a0-4f3c-850d-40c1ae05c77a@group-3C3C1CF53969-SegmentedRaftLogWorker: safeCacheEvictIndex: setUnconditionally 0 -> -1
2023-09-20 15:46:35,251 [9499e333-9dfc-4832-8419-7e757e6a4f60-groupManagement] INFO  server.RaftServerConfigKeys (ConfUtils.java:logGet(46)) - raft.server.log.use.memory = false (default)
2023-09-20 15:46:35,252 [9499e333-9dfc-4832-8419-7e757e6a4f60-groupManagement] INFO  server.RaftServerConfigKeys (ConfUtils.java:logGet(46)) - raft.server.log.purge.gap = 1000000 (custom)
2023-09-20 15:46:35,253 [9499e333-9dfc-4832-8419-7e757e6a4f60-groupManagement] INFO  server.RaftServerConfigKeys (ConfUtils.java:logGet(46)) - raft.server.log.appender.buffer.byte-limit = 33554432 (custom)
2023-09-20 15:46:35,254 [9499e333-9dfc-4832-8419-7e757e6a4f60-groupManagement] INFO  server.RaftServerConfigKeys (ConfUtils.java:logGet(46)) - raft.server.log.statemachine.data.read.timeout = 1000ms (default)
2023-09-20 15:46:35,254 [9499e333-9dfc-4832-8419-7e757e6a4f60-groupManagement] INFO  server.RaftServerConfigKeys (ConfUtils.java:logGet(46)) - raft.server.log.purge.preservation.log.num = 0 (default)
2023-09-20 15:46:35,254 [9499e333-9dfc-4832-8419-7e757e6a4f60-groupManagement] INFO  server.RaftServerConfigKeys (ConfUtils.java:logGet(46)) - raft.server.log.segment.size.max = 1048576 (custom)
2023-09-20 15:46:35,255 [9499e333-9dfc-4832-8419-7e757e6a4f60-groupManagement] INFO  server.RaftServerConfigKeys (ConfUtils.java:logGet(46)) - raft.server.log.segment.cache.num.max = 2 (custom)
2023-09-20 15:46:35,255 [9499e333-9dfc-4832-8419-7e757e6a4f60-groupManagement] INFO  server.RaftServerConfigKeys (ConfUtils.java:logGet(46)) - raft.server.log.segment.cache.size.max = 200MB (=209715200) (default)
2023-09-20 15:46:35,256 [9499e333-9dfc-4832-8419-7e757e6a4f60-groupManagement] INFO  server.RaftServerConfigKeys (ConfUtils.java:logGet(46)) - raft.server.log.appender.buffer.byte-limit = 33554432 (custom)
2023-09-20 15:46:35,256 [9499e333-9dfc-4832-8419-7e757e6a4f60-groupManagement] INFO  segmented.SegmentedRaftLogWorker (SegmentedRaftLogWorker.java:<init>(188)) - new 9499e333-9dfc-4832-8419-7e757e6a4f60@group-3C3C1CF53969-SegmentedRaftLogWorker for RaftStorageImpl:Storage Directory /home/runner/work/ozone/ozone/hadoop-ozone/integration-test/target/test-dir/MiniOzoneClusterImpl-8d56696e-0306-4140-8b78-3634a4a6d503/datanode-0/data/ratis/45574c07-9142-4879-8024-3c3c1cf53969
2023-09-20 15:46:35,256 [9499e333-9dfc-4832-8419-7e757e6a4f60-groupManagement] INFO  server.RaftServerConfigKeys (ConfUtils.java:logGet(46)) - raft.server.log.queue.byte-limit = 4294967296 (custom)
2023-09-20 15:46:35,256 [9499e333-9dfc-4832-8419-7e757e6a4f60-groupManagement] INFO  server.RaftServerConfigKeys (ConfUtils.java:logGet(46)) - raft.server.log.queue.element-limit = 1024 (custom)
2023-09-20 15:46:35,257 [9499e333-9dfc-4832-8419-7e757e6a4f60-groupManagement] INFO  server.RaftServerConfigKeys (ConfUtils.java:logGet(46)) - raft.server.log.segment.size.max = 1048576 (custom)
2023-09-20 15:46:35,257 [9499e333-9dfc-4832-8419-7e757e6a4f60-groupManagement] INFO  server.RaftServerConfigKeys (ConfUtils.java:logGet(46)) - raft.server.log.preallocated.size = 16384 (custom)
2023-09-20 15:46:35,258 [9499e333-9dfc-4832-8419-7e757e6a4f60-groupManagement] INFO  server.RaftServerConfigKeys (ConfUtils.java:logGet(46)) - raft.server.log.force.sync.num = 128 (default)
2023-09-20 15:46:35,258 [9499e333-9dfc-4832-8419-7e757e6a4f60-groupManagement] INFO  server.RaftServerConfigKeys (ConfUtils.java:logGet(46)) - raft.server.log.statemachine.data.sync = true (default)
2023-09-20 15:46:35,258 [9499e333-9dfc-4832-8419-7e757e6a4f60-groupManagement] INFO  server.RaftServerConfigKeys (ConfUtils.java:logGet(46)) - raft.server.log.statemachine.data.sync.timeout = 10s (default)
2023-09-20 15:46:35,259 [57fc3420-94a0-4f3c-850d-40c1ae05c77a-groupManagement] INFO  server.RaftServer$Division (RaftServerImpl.java:start(342)) - 57fc3420-94a0-4f3c-850d-40c1ae05c77a@group-3C3C1CF53969: start as a follower, conf=-1: peers:[57fc3420-94a0-4f3c-850d-40c1ae05c77a|rpc:10.1.0.36:15023|admin:10.1.0.36:15022|client:10.1.0.36:15021|dataStream:10.1.0.36:15024|priority:1|startupRole:FOLLOWER, 56530fb6-e6be-4313-9c7b-f74137c4f80a|rpc:10.1.0.36:15032|admin:10.1.0.36:15031|client:10.1.0.36:15030|dataStream:10.1.0.36:15033|priority:0|startupRole:FOLLOWER, 9499e333-9dfc-4832-8419-7e757e6a4f60|rpc:10.1.0.36:15014|admin:10.1.0.36:15013|client:10.1.0.36:15012|dataStream:10.1.0.36:15015|priority:0|startupRole:FOLLOWER]|listeners:[], old=null
2023-09-20 15:46:35,259 [57fc3420-94a0-4f3c-850d-40c1ae05c77a-groupManagement] INFO  server.RaftServer$Division (RaftServerImpl.java:setRole(329)) - 57fc3420-94a0-4f3c-850d-40c1ae05c77a@group-3C3C1CF53969: changes role from      null to FOLLOWER at term 0 for startAsFollower
2023-09-20 15:46:35,259 [57fc3420-94a0-4f3c-850d-40c1ae05c77a-groupManagement] INFO  impl.RoleInfo (RoleInfo.java:updateAndGet(139)) - 57fc3420-94a0-4f3c-850d-40c1ae05c77a: start 57fc3420-94a0-4f3c-850d-40c1ae05c77a@group-3C3C1CF53969-FollowerState
2023-09-20 15:46:35,259 [9499e333-9dfc-4832-8419-7e757e6a4f60-groupManagement] INFO  server.RaftServerConfigKeys (ConfUtils.java:logGet(46)) - raft.server.log.statemachine.data.sync.timeout.retry = -1 (default)
2023-09-20 15:46:35,273 [9499e333-9dfc-4832-8419-7e757e6a4f60-groupManagement] INFO  server.RaftServerConfigKeys (ConfUtils.java:logGet(46)) - raft.server.log.write.buffer.size = 1048576 (custom)
2023-09-20 15:46:35,273 [9499e333-9dfc-4832-8419-7e757e6a4f60-groupManagement] INFO  server.RaftServerConfigKeys (ConfUtils.java:logGet(46)) - raft.server.log.appender.buffer.byte-limit = 33554432 (custom)
2023-09-20 15:46:35,275 [EventQueue-OpenPipelineForHealthyPipelineSafeModeRule] INFO  safemode.SCMSafeModeManager (HealthyPipelineSafeModeRule.java:process(137)) - SCM in safe mode. Healthy pipelines reported count is 0, required healthy pipeline reported count is 1
2023-09-20 15:46:35,271 [57fc3420-94a0-4f3c-850d-40c1ae05c77a-groupManagement] INFO  util.JmxRegister (JmxRegister.java:tryRegister(44)) - Successfully registered JMX Bean with object name Ratis:service=RaftServer,group=group-3C3C1CF53969,id=57fc3420-94a0-4f3c-850d-40c1ae05c77a
2023-09-20 15:46:35,275 [57fc3420-94a0-4f3c-850d-40c1ae05c77a-groupManagement] INFO  server.RaftServerConfigKeys (ConfUtils.java:logGet(46)) - raft.server.snapshot.auto.trigger.enabled = true (custom)
2023-09-20 15:46:35,275 [57fc3420-94a0-4f3c-850d-40c1ae05c77a-groupManagement] INFO  server.RaftServerConfigKeys (ConfUtils.java:logGet(46)) - raft.server.snapshot.auto.trigger.threshold = 10000 (custom)
2023-09-20 15:46:35,275 [57fc3420-94a0-4f3c-850d-40c1ae05c77a-groupManagement] INFO  server.RaftServerConfigKeys (ConfUtils.java:logGet(46)) - raft.server.snapshot.retention.file.num = 5 (custom)
2023-09-20 15:46:35,275 [57fc3420-94a0-4f3c-850d-40c1ae05c77a-groupManagement] INFO  server.RaftServerConfigKeys (ConfUtils.java:logGet(46)) - raft.server.log.purge.upto.snapshot.index = false (default)
2023-09-20 15:46:35,275 [57fc3420-94a0-4f3c-850d-40c1ae05c77a@group-3C3C1CF53969-FollowerState] INFO  server.RaftServerConfigKeys (ConfUtils.java:logFallback(53)) - raft.server.rpc.first-election.timeout.min = 5s (fallback to raft.server.rpc.timeout.min)
2023-09-20 15:46:35,275 [57fc3420-94a0-4f3c-850d-40c1ae05c77a@group-3C3C1CF53969-FollowerState] INFO  server.RaftServerConfigKeys (ConfUtils.java:logFallback(53)) - raft.server.rpc.first-election.timeout.max = 5200ms (fallback to raft.server.rpc.timeout.max)
2023-09-20 15:46:35,709 [JvmPauseMonitor4] WARN  util.JvmPauseMonitor (JvmPauseMonitor.java:detectPause(124)) - JvmPauseMonitor-56530fb6-e6be-4313-9c7b-f74137c4f80a: Detected pause in JVM or host machine approximately 0.129s with 0.423s GC time.
GC pool 'PS MarkSweep' had collection(s): count=1 time=279ms
GC pool 'PS Scavenge' had collection(s): count=1 time=144ms
2023-09-20 15:46:35,710 [JvmPauseMonitor1] WARN  util.JvmPauseMonitor (JvmPauseMonitor.java:detectPause(124)) - JvmPauseMonitor-om1: Detected pause in JVM or host machine approximately 0.175s with 0.423s GC time.
GC pool 'PS MarkSweep' had collection(s): count=1 time=279ms
GC pool 'PS Scavenge' had collection(s): count=1 time=144ms
2023-09-20 15:46:35,710 [JvmPauseMonitor0] WARN  util.JvmPauseMonitor (JvmPauseMonitor.java:detectPause(124)) - JvmPauseMonitor-ba79a87f-e6c1-4f53-9ec4-33dab2e4429c: Detected pause in JVM or host machine approximately 0.242s with 0.423s GC time.
GC pool 'PS MarkSweep' had collection(s): count=1 time=279ms
GC pool 'PS Scavenge' had collection(s): count=1 time=144ms
2023-09-20 15:46:35,713 [9499e333-9dfc-4832-8419-7e757e6a4f60-groupManagement] INFO  server.RaftServerConfigKeys (ConfUtils.java:logGet(46)) - raft.server.log.unsafe-flush.enabled = false (default)
2023-09-20 15:46:35,713 [9499e333-9dfc-4832-8419-7e757e6a4f60-groupManagement] INFO  server.RaftServerConfigKeys (ConfUtils.java:logGet(46)) - raft.server.log.async-flush.enabled = false (default)
2023-09-20 15:46:35,713 [9499e333-9dfc-4832-8419-7e757e6a4f60-groupManagement] INFO  server.RaftServerConfigKeys (ConfUtils.java:logGet(46)) - raft.server.log.statemachine.data.caching.enabled = true (custom)
2023-09-20 15:46:35,714 [9499e333-9dfc-4832-8419-7e757e6a4f60-groupManagement] INFO  segmented.SegmentedRaftLogWorker (SegmentedRaftLogWorker.java:lambda$new$0(135)) - 9499e333-9dfc-4832-8419-7e757e6a4f60@group-3C3C1CF53969-SegmentedRaftLogWorker: flushIndex: setUnconditionally 0 -> -1
2023-09-20 15:46:35,714 [9499e333-9dfc-4832-8419-7e757e6a4f60-groupManagement] INFO  segmented.SegmentedRaftLogWorker (SegmentedRaftLogWorker.java:lambda$new$0(135)) - 9499e333-9dfc-4832-8419-7e757e6a4f60@group-3C3C1CF53969-SegmentedRaftLogWorker: safeCacheEvictIndex: setUnconditionally 0 -> -1
2023-09-20 15:46:35,714 [9499e333-9dfc-4832-8419-7e757e6a4f60-groupManagement] INFO  server.RaftServer$Division (RaftServerImpl.java:start(342)) - 9499e333-9dfc-4832-8419-7e757e6a4f60@group-3C3C1CF53969: start as a follower, conf=-1: peers:[57fc3420-94a0-4f3c-850d-40c1ae05c77a|rpc:10.1.0.36:15023|admin:10.1.0.36:15022|client:10.1.0.36:15021|dataStream:10.1.0.36:15024|priority:1|startupRole:FOLLOWER, 56530fb6-e6be-4313-9c7b-f74137c4f80a|rpc:10.1.0.36:15032|admin:10.1.0.36:15031|client:10.1.0.36:15030|dataStream:10.1.0.36:15033|priority:0|startupRole:FOLLOWER, 9499e333-9dfc-4832-8419-7e757e6a4f60|rpc:10.1.0.36:15014|admin:10.1.0.36:15013|client:10.1.0.36:15012|dataStream:10.1.0.36:15015|priority:0|startupRole:FOLLOWER]|listeners:[], old=null
2023-09-20 15:46:35,715 [9499e333-9dfc-4832-8419-7e757e6a4f60-groupManagement] INFO  server.RaftServer$Division (RaftServerImpl.java:setRole(329)) - 9499e333-9dfc-4832-8419-7e757e6a4f60@group-3C3C1CF53969: changes role from      null to FOLLOWER at term 0 for startAsFollower
2023-09-20 15:46:35,715 [9499e333-9dfc-4832-8419-7e757e6a4f60-groupManagement] INFO  impl.RoleInfo (RoleInfo.java:updateAndGet(139)) - 9499e333-9dfc-4832-8419-7e757e6a4f60: start 9499e333-9dfc-4832-8419-7e757e6a4f60@group-3C3C1CF53969-FollowerState
2023-09-20 15:46:35,715 [9499e333-9dfc-4832-8419-7e757e6a4f60-groupManagement] INFO  util.JmxRegister (JmxRegister.java:tryRegister(44)) - Successfully registered JMX Bean with object name Ratis:service=RaftServer,group=group-3C3C1CF53969,id=9499e333-9dfc-4832-8419-7e757e6a4f60
2023-09-20 15:46:35,715 [9499e333-9dfc-4832-8419-7e757e6a4f60-groupManagement] INFO  server.RaftServerConfigKeys (ConfUtils.java:logGet(46)) - raft.server.snapshot.auto.trigger.enabled = true (custom)
2023-09-20 15:46:35,715 [9499e333-9dfc-4832-8419-7e757e6a4f60-groupManagement] INFO  server.RaftServerConfigKeys (ConfUtils.java:logGet(46)) - raft.server.snapshot.auto.trigger.threshold = 10000 (custom)
2023-09-20 15:46:35,716 [9499e333-9dfc-4832-8419-7e757e6a4f60-groupManagement] INFO  server.RaftServerConfigKeys (ConfUtils.java:logGet(46)) - raft.server.snapshot.retention.file.num = 5 (custom)
2023-09-20 15:46:35,716 [9499e333-9dfc-4832-8419-7e757e6a4f60-groupManagement] INFO  server.RaftServerConfigKeys (ConfUtils.java:logGet(46)) - raft.server.log.purge.upto.snapshot.index = false (default)
2023-09-20 15:46:35,717 [9499e333-9dfc-4832-8419-7e757e6a4f60@group-3C3C1CF53969-FollowerState] INFO  server.RaftServerConfigKeys (ConfUtils.java:logFallback(53)) - raft.server.rpc.first-election.timeout.min = 5s (fallback to raft.server.rpc.timeout.min)
2023-09-20 15:46:35,728 [9499e333-9dfc-4832-8419-7e757e6a4f60@group-3C3C1CF53969-FollowerState] INFO  server.RaftServerConfigKeys (ConfUtils.java:logFallback(53)) - raft.server.rpc.first-election.timeout.max = 5200ms (fallback to raft.server.rpc.timeout.max)
2023-09-20 15:46:35,728 [PipelineCommandHandlerThread-0] INFO  ratis.XceiverServerRatis (XceiverServerRatis.java:addGroup(804)) - Created group PipelineID=45574c07-9142-4879-8024-3c3c1cf53969
2023-09-20 15:46:35,717 [PipelineCommandHandlerThread-0] INFO  ratis.XceiverServerRatis (XceiverServerRatis.java:addGroup(804)) - Created group PipelineID=45574c07-9142-4879-8024-3c3c1cf53969
2023-09-20 15:46:35,838 [PipelineCommandHandlerThread-0] INFO  commandhandler.CreatePipelineCommandHandler (CreatePipelineCommandHandler.java:lambda$handle$2(124)) - Created Pipeline RATIS THREE PipelineID=45574c07-9142-4879-8024-3c3c1cf53969.
2023-09-20 15:46:35,920 [PipelineCommandHandlerThread-0] INFO  commandhandler.CreatePipelineCommandHandler (CreatePipelineCommandHandler.java:lambda$handle$2(124)) - Created Pipeline RATIS THREE PipelineID=45574c07-9142-4879-8024-3c3c1cf53969.
2023-09-20 15:46:35,924 [PipelineCommandHandlerThread-0] INFO  commandhandler.CreatePipelineCommandHandler (CreatePipelineCommandHandler.java:lambda$handle$2(124)) - Created Pipeline RATIS THREE PipelineID=45574c07-9142-4879-8024-3c3c1cf53969.
2023-09-20 15:46:36,002 [main] INFO  ozone.MiniOzoneClusterImpl (MiniOzoneClusterImpl.java:lambda$waitForClusterToBeReady$0(224)) - Nodes are ready. Got 3 of 3 DN Heartbeats.
2023-09-20 15:46:36,003 [main] INFO  ozone.MiniOzoneClusterImpl (MiniOzoneClusterImpl.java:lambda$waitForClusterToBeReady$0(227)) - Waiting for cluster to exit safe mode
2023-09-20 15:46:36,003 [main] INFO  ozone.MiniOzoneClusterImpl (MiniOzoneClusterImpl.java:lambda$waitForClusterToBeReady$0(229)) - SCM became leader
2023-09-20 15:46:37,003 [main] INFO  ozone.MiniOzoneClusterImpl (MiniOzoneClusterImpl.java:lambda$waitForClusterToBeReady$0(224)) - Nodes are ready. Got 3 of 3 DN Heartbeats.
2023-09-20 15:46:37,004 [main] INFO  ozone.MiniOzoneClusterImpl (MiniOzoneClusterImpl.java:lambda$waitForClusterToBeReady$0(227)) - Waiting for cluster to exit safe mode
2023-09-20 15:46:37,004 [main] INFO  ozone.MiniOzoneClusterImpl (MiniOzoneClusterImpl.java:lambda$waitForClusterToBeReady$0(229)) - SCM became leader
2023-09-20 15:46:38,004 [main] INFO  ozone.MiniOzoneClusterImpl (MiniOzoneClusterImpl.java:lambda$waitForClusterToBeReady$0(224)) - Nodes are ready. Got 3 of 3 DN Heartbeats.
2023-09-20 15:46:38,005 [main] INFO  ozone.MiniOzoneClusterImpl (MiniOzoneClusterImpl.java:lambda$waitForClusterToBeReady$0(227)) - Waiting for cluster to exit safe mode
2023-09-20 15:46:38,005 [main] INFO  ozone.MiniOzoneClusterImpl (MiniOzoneClusterImpl.java:lambda$waitForClusterToBeReady$0(229)) - SCM became leader
2023-09-20 15:46:39,005 [main] INFO  ozone.MiniOzoneClusterImpl (MiniOzoneClusterImpl.java:lambda$waitForClusterToBeReady$0(224)) - Nodes are ready. Got 3 of 3 DN Heartbeats.
2023-09-20 15:46:39,006 [main] INFO  ozone.MiniOzoneClusterImpl (MiniOzoneClusterImpl.java:lambda$waitForClusterToBeReady$0(227)) - Waiting for cluster to exit safe mode
2023-09-20 15:46:39,006 [main] INFO  ozone.MiniOzoneClusterImpl (MiniOzoneClusterImpl.java:lambda$waitForClusterToBeReady$0(229)) - SCM became leader
2023-09-20 15:46:39,118 [9499e333-9dfc-4832-8419-7e757e6a4f60@group-6355B783B588-FollowerState] INFO  impl.FollowerState (FollowerState.java:run(143)) - 9499e333-9dfc-4832-8419-7e757e6a4f60@group-6355B783B588-FollowerState: change to CANDIDATE, lastRpcElapsedTime:5045879730ns, electionTimeout:5043ms
2023-09-20 15:46:39,119 [9499e333-9dfc-4832-8419-7e757e6a4f60@group-6355B783B588-FollowerState] INFO  impl.RoleInfo (RoleInfo.java:shutdownFollowerState(110)) - 9499e333-9dfc-4832-8419-7e757e6a4f60: shutdown 9499e333-9dfc-4832-8419-7e757e6a4f60@group-6355B783B588-FollowerState
2023-09-20 15:46:39,119 [9499e333-9dfc-4832-8419-7e757e6a4f60@group-6355B783B588-FollowerState] INFO  server.RaftServer$Division (RaftServerImpl.java:setRole(329)) - 9499e333-9dfc-4832-8419-7e757e6a4f60@group-6355B783B588: changes role from  FOLLOWER to CANDIDATE at term 0 for changeToCandidate
2023-09-20 15:46:39,121 [9499e333-9dfc-4832-8419-7e757e6a4f60@group-6355B783B588-FollowerState] INFO  server.RaftServerConfigKeys (ConfUtils.java:logGet(46)) - raft.server.leaderelection.pre-vote = true (default)
2023-09-20 15:46:39,121 [9499e333-9dfc-4832-8419-7e757e6a4f60@group-6355B783B588-FollowerState] INFO  impl.RoleInfo (RoleInfo.java:updateAndGet(139)) - 9499e333-9dfc-4832-8419-7e757e6a4f60: start 9499e333-9dfc-4832-8419-7e757e6a4f60@group-6355B783B588-LeaderElection2
2023-09-20 15:46:39,123 [9499e333-9dfc-4832-8419-7e757e6a4f60@group-6355B783B588-LeaderElection2] INFO  impl.LeaderElection (LeaderElection.java:askForVotes(321)) - 9499e333-9dfc-4832-8419-7e757e6a4f60@group-6355B783B588-LeaderElection2 PRE_VOTE round 0: submit vote requests at term 0 for -1: peers:[9499e333-9dfc-4832-8419-7e757e6a4f60|rpc:10.1.0.36:15014|admin:10.1.0.36:15013|client:10.1.0.36:15012|dataStream:10.1.0.36:15015|priority:1|startupRole:FOLLOWER]|listeners:[], old=null
2023-09-20 15:46:39,123 [9499e333-9dfc-4832-8419-7e757e6a4f60@group-6355B783B588-LeaderElection2] INFO  impl.LeaderElection (LeaderElection.java:askForVotes(323)) - 9499e333-9dfc-4832-8419-7e757e6a4f60@group-6355B783B588-LeaderElection2 PRE_VOTE round 0: result PASSED (term=0)
2023-09-20 15:46:39,125 [9499e333-9dfc-4832-8419-7e757e6a4f60@group-6355B783B588-LeaderElection2] INFO  impl.LeaderElection (LeaderElection.java:askForVotes(321)) - 9499e333-9dfc-4832-8419-7e757e6a4f60@group-6355B783B588-LeaderElection2 ELECTION round 0: submit vote requests at term 1 for -1: peers:[9499e333-9dfc-4832-8419-7e757e6a4f60|rpc:10.1.0.36:15014|admin:10.1.0.36:15013|client:10.1.0.36:15012|dataStream:10.1.0.36:15015|priority:1|startupRole:FOLLOWER]|listeners:[], old=null
2023-09-20 15:46:39,126 [9499e333-9dfc-4832-8419-7e757e6a4f60@group-6355B783B588-LeaderElection2] INFO  impl.LeaderElection (LeaderElection.java:askForVotes(323)) - 9499e333-9dfc-4832-8419-7e757e6a4f60@group-6355B783B588-LeaderElection2 ELECTION round 0: result PASSED (term=1)
2023-09-20 15:46:39,126 [9499e333-9dfc-4832-8419-7e757e6a4f60@group-6355B783B588-LeaderElection2] INFO  impl.RoleInfo (RoleInfo.java:shutdownLeaderElection(130)) - 9499e333-9dfc-4832-8419-7e757e6a4f60: shutdown 9499e333-9dfc-4832-8419-7e757e6a4f60@group-6355B783B588-LeaderElection2
2023-09-20 15:46:39,126 [9499e333-9dfc-4832-8419-7e757e6a4f60@group-6355B783B588-LeaderElection2] INFO  server.RaftServer$Division (RaftServerImpl.java:setRole(329)) - 9499e333-9dfc-4832-8419-7e757e6a4f60@group-6355B783B588: changes role from CANDIDATE to LEADER at term 1 for changeToLeader
2023-09-20 15:46:39,126 [9499e333-9dfc-4832-8419-7e757e6a4f60@group-6355B783B588-LeaderElection2] INFO  ratis.XceiverServerRatis (XceiverServerRatis.java:handleLeaderChangedNotification(902)) - Leader change notification received for group: group-6355B783B588 with new leaderId: 9499e333-9dfc-4832-8419-7e757e6a4f60
2023-09-20 15:46:39,126 [9499e333-9dfc-4832-8419-7e757e6a4f60@group-6355B783B588-LeaderElection2] INFO  server.RaftServer$Division (ServerState.java:setLeader(317)) - 9499e333-9dfc-4832-8419-7e757e6a4f60@group-6355B783B588: change Leader from null to 9499e333-9dfc-4832-8419-7e757e6a4f60 at term 1 for becomeLeader, leader elected after 5082ms
2023-09-20 15:46:39,133 [EventQueue-OpenPipelineForHealthyPipelineSafeModeRule] INFO  safemode.SCMSafeModeManager (HealthyPipelineSafeModeRule.java:process(137)) - SCM in safe mode. Healthy pipelines reported count is 0, required healthy pipeline reported count is 1
2023-09-20 15:46:39,134 [9499e333-9dfc-4832-8419-7e757e6a4f60@group-6355B783B588-LeaderElection2] INFO  server.RaftServerConfigKeys (ConfUtils.java:logGet(46)) - raft.server.staging.catchup.gap = 1000 (default)
2023-09-20 15:46:39,135 [9499e333-9dfc-4832-8419-7e757e6a4f60@group-6355B783B588-LeaderElection2] INFO  server.RaftServerConfigKeys (ConfUtils.java:logGet(46)) - raft.server.write.element-limit = 1024 (custom)
2023-09-20 15:46:39,135 [9499e333-9dfc-4832-8419-7e757e6a4f60@group-6355B783B588-LeaderElection2] INFO  server.RaftServerConfigKeys (ConfUtils.java:logGet(46)) - raft.server.write.byte-limit = 1024 M (=1073741824) (custom)
2023-09-20 15:46:39,136 [9499e333-9dfc-4832-8419-7e757e6a4f60@group-6355B783B588-LeaderElection2] INFO  server.RaftServerConfigKeys (ConfUtils.java:logGet(46)) - raft.server.watch.timeout = 180s (custom)
2023-09-20 15:46:39,136 [9499e333-9dfc-4832-8419-7e757e6a4f60@group-6355B783B588-LeaderElection2] INFO  server.RaftServerConfigKeys (ConfUtils.java:logGet(46)) - raft.server.watch.timeout.denomination = 1s (default)
2023-09-20 15:46:39,136 [9499e333-9dfc-4832-8419-7e757e6a4f60@group-6355B783B588-LeaderElection2] INFO  server.RaftServerConfigKeys (ConfUtils.java:logGet(46)) - raft.server.watch.element-limit = 65536 (default)
2023-09-20 15:46:39,136 [9499e333-9dfc-4832-8419-7e757e6a4f60@group-6355B783B588-LeaderElection2] INFO  server.RaftServerConfigKeys (ConfUtils.java:logGet(46)) - raft.server.write.element-limit = 1024 (custom)
2023-09-20 15:46:39,136 [9499e333-9dfc-4832-8419-7e757e6a4f60@group-6355B783B588-LeaderElection2] INFO  server.RaftServerConfigKeys (ConfUtils.java:logGet(46)) - raft.server.write.follower.gap.ratio.max = -1.0 (default)
2023-09-20 15:46:39,136 [9499e333-9dfc-4832-8419-7e757e6a4f60@group-6355B783B588-LeaderElection2] INFO  impl.RoleInfo (RoleInfo.java:updateAndGet(139)) - 9499e333-9dfc-4832-8419-7e757e6a4f60: start 9499e333-9dfc-4832-8419-7e757e6a4f60@group-6355B783B588-LeaderStateImpl
2023-09-20 15:46:39,136 [9499e333-9dfc-4832-8419-7e757e6a4f60@group-6355B783B588-LeaderElection2] INFO  segmented.SegmentedRaftLogWorker (SegmentedRaftLogWorker.java:startLogSegment(447)) - 9499e333-9dfc-4832-8419-7e757e6a4f60@group-6355B783B588-SegmentedRaftLogWorker: Starting segment from index:0
2023-09-20 15:46:39,138 [9499e333-9dfc-4832-8419-7e757e6a4f60@group-6355B783B588-SegmentedRaftLogWorker] INFO  segmented.SegmentedRaftLogWorker (SegmentedRaftLogWorker.java:execute(651)) - 9499e333-9dfc-4832-8419-7e757e6a4f60@group-6355B783B588-SegmentedRaftLogWorker: created new log segment /home/runner/work/ozone/ozone/hadoop-ozone/integration-test/target/test-dir/MiniOzoneClusterImpl-8d56696e-0306-4140-8b78-3634a4a6d503/datanode-0/data/ratis/bca7a608-8fed-4a65-beef-6355b783b588/current/log_inprogress_0
2023-09-20 15:46:39,151 [9499e333-9dfc-4832-8419-7e757e6a4f60@group-6355B783B588-LeaderElection2] INFO  server.RaftServer$Division (ServerState.java:setRaftConf(434)) - 9499e333-9dfc-4832-8419-7e757e6a4f60@group-6355B783B588: set configuration 0: peers:[9499e333-9dfc-4832-8419-7e757e6a4f60|rpc:10.1.0.36:15014|admin:10.1.0.36:15013|client:10.1.0.36:15012|dataStream:10.1.0.36:15015|priority:1|startupRole:FOLLOWER]|listeners:[], old=null
2023-09-20 15:46:39,164 [9499e333-9dfc-4832-8419-7e757e6a4f60@group-867C931AC550-FollowerState] INFO  impl.FollowerState (FollowerState.java:run(143)) - 9499e333-9dfc-4832-8419-7e757e6a4f60@group-867C931AC550-FollowerState: change to CANDIDATE, lastRpcElapsedTime:5017344620ns, electionTimeout:5009ms
2023-09-20 15:46:39,165 [9499e333-9dfc-4832-8419-7e757e6a4f60@group-867C931AC550-FollowerState] INFO  impl.RoleInfo (RoleInfo.java:shutdownFollowerState(110)) - 9499e333-9dfc-4832-8419-7e757e6a4f60: shutdown 9499e333-9dfc-4832-8419-7e757e6a4f60@group-867C931AC550-FollowerState
2023-09-20 15:46:39,165 [9499e333-9dfc-4832-8419-7e757e6a4f60@group-867C931AC550-FollowerState] INFO  server.RaftServer$Division (RaftServerImpl.java:setRole(329)) - 9499e333-9dfc-4832-8419-7e757e6a4f60@group-867C931AC550: changes role from  FOLLOWER to CANDIDATE at term 0 for changeToCandidate
2023-09-20 15:46:39,168 [9499e333-9dfc-4832-8419-7e757e6a4f60@group-867C931AC550-FollowerState] INFO  server.RaftServerConfigKeys (ConfUtils.java:logGet(46)) - raft.server.leaderelection.pre-vote = true (default)
2023-09-20 15:46:39,168 [9499e333-9dfc-4832-8419-7e757e6a4f60@group-867C931AC550-FollowerState] INFO  impl.RoleInfo (RoleInfo.java:updateAndGet(139)) - 9499e333-9dfc-4832-8419-7e757e6a4f60: start 9499e333-9dfc-4832-8419-7e757e6a4f60@group-867C931AC550-LeaderElection3
2023-09-20 15:46:39,171 [9499e333-9dfc-4832-8419-7e757e6a4f60@group-867C931AC550-LeaderElection3] INFO  impl.LeaderElection (LeaderElection.java:askForVotes(321)) - 9499e333-9dfc-4832-8419-7e757e6a4f60@group-867C931AC550-LeaderElection3 PRE_VOTE round 0: submit vote requests at term 0 for -1: peers:[57fc3420-94a0-4f3c-850d-40c1ae05c77a|rpc:10.1.0.36:15023|admin:10.1.0.36:15022|client:10.1.0.36:15021|dataStream:10.1.0.36:15024|priority:0|startupRole:FOLLOWER, 56530fb6-e6be-4313-9c7b-f74137c4f80a|rpc:10.1.0.36:15032|admin:10.1.0.36:15031|client:10.1.0.36:15030|dataStream:10.1.0.36:15033|priority:0|startupRole:FOLLOWER, 9499e333-9dfc-4832-8419-7e757e6a4f60|rpc:10.1.0.36:15014|admin:10.1.0.36:15013|client:10.1.0.36:15012|dataStream:10.1.0.36:15015|priority:1|startupRole:FOLLOWER]|listeners:[], old=null
2023-09-20 15:46:39,178 [9499e333-9dfc-4832-8419-7e757e6a4f60@group-867C931AC550-LeaderElection3] INFO  server.RaftServerConfigKeys (ConfUtils.java:logFallback(53)) - raft.server.rpc.first-election.timeout.min = 5s (fallback to raft.server.rpc.timeout.min)
2023-09-20 15:46:39,178 [9499e333-9dfc-4832-8419-7e757e6a4f60@group-867C931AC550-LeaderElection3] INFO  server.RaftServerConfigKeys (ConfUtils.java:logFallback(53)) - raft.server.rpc.first-election.timeout.max = 5200ms (fallback to raft.server.rpc.timeout.max)
2023-09-20 15:46:39,180 [9499e333-9dfc-4832-8419-7e757e6a4f60@group-867C931AC550-LeaderElection3-1] INFO  server.GrpcServerProtocolClient (GrpcServerProtocolClient.java:<init>(65)) - Build channel for 57fc3420-94a0-4f3c-850d-40c1ae05c77a
2023-09-20 15:46:39,181 [9499e333-9dfc-4832-8419-7e757e6a4f60@group-867C931AC550-LeaderElection3-2] INFO  server.GrpcServerProtocolClient (GrpcServerProtocolClient.java:<init>(65)) - Build channel for 56530fb6-e6be-4313-9c7b-f74137c4f80a
2023-09-20 15:46:39,202 [grpc-default-executor-1] INFO  server.RaftServer$Division (RaftServerImpl.java:requestVote(1302)) - 56530fb6-e6be-4313-9c7b-f74137c4f80a@group-867C931AC550: receive requestVote(PRE_VOTE, 9499e333-9dfc-4832-8419-7e757e6a4f60, group-867C931AC550, 0, (t:0, i:0))
2023-09-20 15:46:39,204 [grpc-default-executor-1] INFO  impl.VoteContext (VoteContext.java:log(49)) - 56530fb6-e6be-4313-9c7b-f74137c4f80a@group-867C931AC550-FOLLOWER: accept PRE_VOTE from 9499e333-9dfc-4832-8419-7e757e6a4f60: our priority 0 <= candidate's priority 1
2023-09-20 15:46:39,223 [grpc-default-executor-1] INFO  server.RaftServer$Division (RaftServerImpl.java:requestVote(1335)) - 56530fb6-e6be-4313-9c7b-f74137c4f80a@group-867C931AC550 replies to PRE_VOTE vote request: 9499e333-9dfc-4832-8419-7e757e6a4f60<-56530fb6-e6be-4313-9c7b-f74137c4f80a#0:OK-t0. Peer's state: 56530fb6-e6be-4313-9c7b-f74137c4f80a@group-867C931AC550:t0, leader=null, voted=, raftlog=Memoized:56530fb6-e6be-4313-9c7b-f74137c4f80a@group-867C931AC550-SegmentedRaftLog:OPENED:c-1, conf=-1: peers:[57fc3420-94a0-4f3c-850d-40c1ae05c77a|rpc:10.1.0.36:15023|admin:10.1.0.36:15022|client:10.1.0.36:15021|dataStream:10.1.0.36:15024|priority:0|startupRole:FOLLOWER, 56530fb6-e6be-4313-9c7b-f74137c4f80a|rpc:10.1.0.36:15032|admin:10.1.0.36:15031|client:10.1.0.36:15030|dataStream:10.1.0.36:15033|priority:0|startupRole:FOLLOWER, 9499e333-9dfc-4832-8419-7e757e6a4f60|rpc:10.1.0.36:15014|admin:10.1.0.36:15013|client:10.1.0.36:15012|dataStream:10.1.0.36:15015|priority:1|startupRole:FOLLOWER]|listeners:[], old=null
2023-09-20 15:46:39,225 [grpc-default-executor-1] INFO  server.RaftServer$Division (RaftServerImpl.java:requestVote(1302)) - 57fc3420-94a0-4f3c-850d-40c1ae05c77a@group-867C931AC550: receive requestVote(PRE_VOTE, 9499e333-9dfc-4832-8419-7e757e6a4f60, group-867C931AC550, 0, (t:0, i:0))
2023-09-20 15:46:39,225 [grpc-default-executor-1] INFO  impl.VoteContext (VoteContext.java:log(49)) - 57fc3420-94a0-4f3c-850d-40c1ae05c77a@group-867C931AC550-FOLLOWER: accept PRE_VOTE from 9499e333-9dfc-4832-8419-7e757e6a4f60: our priority 0 <= candidate's priority 1
2023-09-20 15:46:39,225 [grpc-default-executor-1] INFO  server.RaftServer$Division (RaftServerImpl.java:requestVote(1335)) - 57fc3420-94a0-4f3c-850d-40c1ae05c77a@group-867C931AC550 replies to PRE_VOTE vote request: 9499e333-9dfc-4832-8419-7e757e6a4f60<-57fc3420-94a0-4f3c-850d-40c1ae05c77a#0:OK-t0. Peer's state: 57fc3420-94a0-4f3c-850d-40c1ae05c77a@group-867C931AC550:t0, leader=null, voted=, raftlog=Memoized:57fc3420-94a0-4f3c-850d-40c1ae05c77a@group-867C931AC550-SegmentedRaftLog:OPENED:c-1, conf=-1: peers:[57fc3420-94a0-4f3c-850d-40c1ae05c77a|rpc:10.1.0.36:15023|admin:10.1.0.36:15022|client:10.1.0.36:15021|dataStream:10.1.0.36:15024|priority:0|startupRole:FOLLOWER, 56530fb6-e6be-4313-9c7b-f74137c4f80a|rpc:10.1.0.36:15032|admin:10.1.0.36:15031|client:10.1.0.36:15030|dataStream:10.1.0.36:15033|priority:0|startupRole:FOLLOWER, 9499e333-9dfc-4832-8419-7e757e6a4f60|rpc:10.1.0.36:15014|admin:10.1.0.36:15013|client:10.1.0.36:15012|dataStream:10.1.0.36:15015|priority:1|startupRole:FOLLOWER]|listeners:[], old=null
2023-09-20 15:46:39,226 [9499e333-9dfc-4832-8419-7e757e6a4f60@group-867C931AC550-LeaderElection3] INFO  impl.LeaderElection (LeaderElection.java:logAndReturn(90)) - 9499e333-9dfc-4832-8419-7e757e6a4f60@group-867C931AC550-LeaderElection3: PRE_VOTE PASSED received 1 response(s) and 0 exception(s):
2023-09-20 15:46:39,227 [9499e333-9dfc-4832-8419-7e757e6a4f60@group-867C931AC550-LeaderElection3] INFO  impl.LeaderElection (LeaderElection.java:logAndReturn(94)) -   Response 0: 9499e333-9dfc-4832-8419-7e757e6a4f60<-56530fb6-e6be-4313-9c7b-f74137c4f80a#0:OK-t0
2023-09-20 15:46:39,227 [9499e333-9dfc-4832-8419-7e757e6a4f60@group-867C931AC550-LeaderElection3] INFO  impl.LeaderElection (LeaderElection.java:askForVotes(323)) - 9499e333-9dfc-4832-8419-7e757e6a4f60@group-867C931AC550-LeaderElection3 PRE_VOTE round 0: result PASSED
2023-09-20 15:46:39,229 [9499e333-9dfc-4832-8419-7e757e6a4f60@group-867C931AC550-LeaderElection3] INFO  impl.LeaderElection (LeaderElection.java:askForVotes(321)) - 9499e333-9dfc-4832-8419-7e757e6a4f60@group-867C931AC550-LeaderElection3 ELECTION round 0: submit vote requests at term 1 for -1: peers:[57fc3420-94a0-4f3c-850d-40c1ae05c77a|rpc:10.1.0.36:15023|admin:10.1.0.36:15022|client:10.1.0.36:15021|dataStream:10.1.0.36:15024|priority:0|startupRole:FOLLOWER, 56530fb6-e6be-4313-9c7b-f74137c4f80a|rpc:10.1.0.36:15032|admin:10.1.0.36:15031|client:10.1.0.36:15030|dataStream:10.1.0.36:15033|priority:0|startupRole:FOLLOWER, 9499e333-9dfc-4832-8419-7e757e6a4f60|rpc:10.1.0.36:15014|admin:10.1.0.36:15013|client:10.1.0.36:15012|dataStream:10.1.0.36:15015|priority:1|startupRole:FOLLOWER]|listeners:[], old=null
2023-09-20 15:46:39,230 [9499e333-9dfc-4832-8419-7e757e6a4f60@group-867C931AC550-LeaderElection3] INFO  server.RaftServerConfigKeys (ConfUtils.java:logFallback(53)) - raft.server.rpc.first-election.timeout.min = 5s (fallback to raft.server.rpc.timeout.min)
2023-09-20 15:46:39,230 [9499e333-9dfc-4832-8419-7e757e6a4f60@group-867C931AC550-LeaderElection3] INFO  server.RaftServerConfigKeys (ConfUtils.java:logFallback(53)) - raft.server.rpc.first-election.timeout.max = 5200ms (fallback to raft.server.rpc.timeout.max)
2023-09-20 15:46:39,240 [grpc-default-executor-1] INFO  server.RaftServer$Division (RaftServerImpl.java:requestVote(1302)) - 56530fb6-e6be-4313-9c7b-f74137c4f80a@group-867C931AC550: receive requestVote(ELECTION, 9499e333-9dfc-4832-8419-7e757e6a4f60, group-867C931AC550, 1, (t:0, i:0))
2023-09-20 15:46:39,241 [grpc-default-executor-1] INFO  impl.VoteContext (VoteContext.java:log(49)) - 56530fb6-e6be-4313-9c7b-f74137c4f80a@group-867C931AC550-FOLLOWER: accept ELECTION from 9499e333-9dfc-4832-8419-7e757e6a4f60: our priority 0 <= candidate's priority 1
2023-09-20 15:46:39,241 [grpc-default-executor-0] INFO  server.RaftServer$Division (RaftServerImpl.java:requestVote(1302)) - 57fc3420-94a0-4f3c-850d-40c1ae05c77a@group-867C931AC550: receive requestVote(ELECTION, 9499e333-9dfc-4832-8419-7e757e6a4f60, group-867C931AC550, 1, (t:0, i:0))
2023-09-20 15:46:39,242 [grpc-default-executor-0] INFO  impl.VoteContext (VoteContext.java:log(49)) - 57fc3420-94a0-4f3c-850d-40c1ae05c77a@group-867C931AC550-FOLLOWER: accept ELECTION from 9499e333-9dfc-4832-8419-7e757e6a4f60: our priority 0 <= candidate's priority 1
2023-09-20 15:46:39,243 [grpc-default-executor-0] INFO  server.RaftServer$Division (RaftServerImpl.java:setRole(329)) - 57fc3420-94a0-4f3c-850d-40c1ae05c77a@group-867C931AC550: changes role from  FOLLOWER to FOLLOWER at term 1 for candidate:9499e333-9dfc-4832-8419-7e757e6a4f60
2023-09-20 15:46:39,243 [grpc-default-executor-0] INFO  impl.RoleInfo (RoleInfo.java:shutdownFollowerState(110)) - 57fc3420-94a0-4f3c-850d-40c1ae05c77a: shutdown 57fc3420-94a0-4f3c-850d-40c1ae05c77a@group-867C931AC550-FollowerState
2023-09-20 15:46:39,243 [grpc-default-executor-0] INFO  impl.RoleInfo (RoleInfo.java:updateAndGet(139)) - 57fc3420-94a0-4f3c-850d-40c1ae05c77a: start 57fc3420-94a0-4f3c-850d-40c1ae05c77a@group-867C931AC550-FollowerState
2023-09-20 15:46:39,243 [57fc3420-94a0-4f3c-850d-40c1ae05c77a@group-867C931AC550-FollowerState] INFO  impl.FollowerState (FollowerState.java:run(152)) - 57fc3420-94a0-4f3c-850d-40c1ae05c77a@group-867C931AC550-FollowerState was interrupted
2023-09-20 15:46:39,245 [grpc-default-executor-1] INFO  server.RaftServer$Division (RaftServerImpl.java:setRole(329)) - 56530fb6-e6be-4313-9c7b-f74137c4f80a@group-867C931AC550: changes role from  FOLLOWER to FOLLOWER at term 1 for candidate:9499e333-9dfc-4832-8419-7e757e6a4f60
2023-09-20 15:46:39,245 [grpc-default-executor-1] INFO  impl.RoleInfo (RoleInfo.java:shutdownFollowerState(110)) - 56530fb6-e6be-4313-9c7b-f74137c4f80a: shutdown 56530fb6-e6be-4313-9c7b-f74137c4f80a@group-867C931AC550-FollowerState
2023-09-20 15:46:39,245 [56530fb6-e6be-4313-9c7b-f74137c4f80a@group-867C931AC550-FollowerState] INFO  impl.FollowerState (FollowerState.java:run(152)) - 56530fb6-e6be-4313-9c7b-f74137c4f80a@group-867C931AC550-FollowerState was interrupted
2023-09-20 15:46:39,246 [grpc-default-executor-1] INFO  impl.RoleInfo (RoleInfo.java:updateAndGet(139)) - 56530fb6-e6be-4313-9c7b-f74137c4f80a: start 56530fb6-e6be-4313-9c7b-f74137c4f80a@group-867C931AC550-FollowerState
2023-09-20 15:46:39,247 [grpc-default-executor-0] INFO  server.RaftServer$Division (RaftServerImpl.java:requestVote(1335)) - 57fc3420-94a0-4f3c-850d-40c1ae05c77a@group-867C931AC550 replies to ELECTION vote request: 9499e333-9dfc-4832-8419-7e757e6a4f60<-57fc3420-94a0-4f3c-850d-40c1ae05c77a#0:OK-t1. Peer's state: 57fc3420-94a0-4f3c-850d-40c1ae05c77a@group-867C931AC550:t1, leader=null, voted=9499e333-9dfc-4832-8419-7e757e6a4f60, raftlog=Memoized:57fc3420-94a0-4f3c-850d-40c1ae05c77a@group-867C931AC550-SegmentedRaftLog:OPENED:c-1, conf=-1: peers:[57fc3420-94a0-4f3c-850d-40c1ae05c77a|rpc:10.1.0.36:15023|admin:10.1.0.36:15022|client:10.1.0.36:15021|dataStream:10.1.0.36:15024|priority:0|startupRole:FOLLOWER, 56530fb6-e6be-4313-9c7b-f74137c4f80a|rpc:10.1.0.36:15032|admin:10.1.0.36:15031|client:10.1.0.36:15030|dataStream:10.1.0.36:15033|priority:0|startupRole:FOLLOWER, 9499e333-9dfc-4832-8419-7e757e6a4f60|rpc:10.1.0.36:15014|admin:10.1.0.36:15013|client:10.1.0.36:15012|dataStream:10.1.0.36:15015|priority:1|startupRole:FOLLOWER]|listeners:[], old=null
2023-09-20 15:46:39,249 [9499e333-9dfc-4832-8419-7e757e6a4f60@group-867C931AC550-LeaderElection3] INFO  impl.LeaderElection (LeaderElection.java:logAndReturn(90)) - 9499e333-9dfc-4832-8419-7e757e6a4f60@group-867C931AC550-LeaderElection3: ELECTION PASSED received 1 response(s) and 0 exception(s):
2023-09-20 15:46:39,249 [9499e333-9dfc-4832-8419-7e757e6a4f60@group-867C931AC550-LeaderElection3] INFO  impl.LeaderElection (LeaderElection.java:logAndReturn(94)) -   Response 0: 9499e333-9dfc-4832-8419-7e757e6a4f60<-57fc3420-94a0-4f3c-850d-40c1ae05c77a#0:OK-t1
2023-09-20 15:46:39,249 [9499e333-9dfc-4832-8419-7e757e6a4f60@group-867C931AC550-LeaderElection3] INFO  impl.LeaderElection (LeaderElection.java:askForVotes(323)) - 9499e333-9dfc-4832-8419-7e757e6a4f60@group-867C931AC550-LeaderElection3 ELECTION round 0: result PASSED
2023-09-20 15:46:39,250 [9499e333-9dfc-4832-8419-7e757e6a4f60@group-867C931AC550-LeaderElection3] INFO  impl.RoleInfo (RoleInfo.java:shutdownLeaderElection(130)) - 9499e333-9dfc-4832-8419-7e757e6a4f60: shutdown 9499e333-9dfc-4832-8419-7e757e6a4f60@group-867C931AC550-LeaderElection3
2023-09-20 15:46:39,250 [9499e333-9dfc-4832-8419-7e757e6a4f60@group-867C931AC550-LeaderElection3] INFO  server.RaftServer$Division (RaftServerImpl.java:setRole(329)) - 9499e333-9dfc-4832-8419-7e757e6a4f60@group-867C931AC550: changes role from CANDIDATE to LEADER at term 1 for changeToLeader
2023-09-20 15:46:39,255 [9499e333-9dfc-4832-8419-7e757e6a4f60@group-867C931AC550-LeaderElection3] INFO  ratis.XceiverServerRatis (XceiverServerRatis.java:handleLeaderChangedNotification(902)) - Leader change notification received for group: group-867C931AC550 with new leaderId: 9499e333-9dfc-4832-8419-7e757e6a4f60
2023-09-20 15:46:39,255 [9499e333-9dfc-4832-8419-7e757e6a4f60@group-867C931AC550-LeaderElection3] INFO  server.RaftServer$Division (ServerState.java:setLeader(317)) - 9499e333-9dfc-4832-8419-7e757e6a4f60@group-867C931AC550: change Leader from null to 9499e333-9dfc-4832-8419-7e757e6a4f60 at term 1 for becomeLeader, leader elected after 5143ms
2023-09-20 15:46:39,255 [9499e333-9dfc-4832-8419-7e757e6a4f60@group-867C931AC550-LeaderElection3] INFO  server.RaftServerConfigKeys (ConfUtils.java:logGet(46)) - raft.server.staging.catchup.gap = 1000 (default)
2023-09-20 15:46:39,256 [9499e333-9dfc-4832-8419-7e757e6a4f60@group-867C931AC550-LeaderElection3] INFO  server.RaftServerConfigKeys (ConfUtils.java:logGet(46)) - raft.server.write.element-limit = 1024 (custom)
2023-09-20 15:46:39,256 [9499e333-9dfc-4832-8419-7e757e6a4f60@group-867C931AC550-LeaderElection3] INFO  server.RaftServerConfigKeys (ConfUtils.java:logGet(46)) - raft.server.write.byte-limit = 1024 M (=1073741824) (custom)
2023-09-20 15:46:39,256 [9499e333-9dfc-4832-8419-7e757e6a4f60@group-867C931AC550-LeaderElection3] INFO  server.RaftServerConfigKeys (ConfUtils.java:logGet(46)) - raft.server.watch.timeout = 180s (custom)
2023-09-20 15:46:39,256 [9499e333-9dfc-4832-8419-7e757e6a4f60@group-867C931AC550-LeaderElection3] INFO  server.RaftServerConfigKeys (ConfUtils.java:logGet(46)) - raft.server.watch.timeout.denomination = 1s (default)
2023-09-20 15:46:39,256 [9499e333-9dfc-4832-8419-7e757e6a4f60@group-867C931AC550-LeaderElection3] INFO  server.RaftServerConfigKeys (ConfUtils.java:logGet(46)) - raft.server.watch.element-limit = 65536 (default)
2023-09-20 15:46:39,256 [9499e333-9dfc-4832-8419-7e757e6a4f60@group-867C931AC550-LeaderElection3] INFO  server.RaftServerConfigKeys (ConfUtils.java:logGet(46)) - raft.server.write.element-limit = 1024 (custom)
2023-09-20 15:46:39,257 [9499e333-9dfc-4832-8419-7e757e6a4f60@group-867C931AC550-LeaderElection3] INFO  server.RaftServerConfigKeys (ConfUtils.java:logGet(46)) - raft.server.write.follower.gap.ratio.max = -1.0 (default)
2023-09-20 15:46:39,261 [grpc-default-executor-1] INFO  server.RaftServer$Division (RaftServerImpl.java:requestVote(1335)) - 56530fb6-e6be-4313-9c7b-f74137c4f80a@group-867C931AC550 replies to ELECTION vote request: 9499e333-9dfc-4832-8419-7e757e6a4f60<-56530fb6-e6be-4313-9c7b-f74137c4f80a#0:OK-t1. Peer's state: 56530fb6-e6be-4313-9c7b-f74137c4f80a@group-867C931AC550:t1, leader=null, voted=9499e333-9dfc-4832-8419-7e757e6a4f60, raftlog=Memoized:56530fb6-e6be-4313-9c7b-f74137c4f80a@group-867C931AC550-SegmentedRaftLog:OPENED:c-1, conf=-1: peers:[57fc3420-94a0-4f3c-850d-40c1ae05c77a|rpc:10.1.0.36:15023|admin:10.1.0.36:15022|client:10.1.0.36:15021|dataStream:10.1.0.36:15024|priority:0|startupRole:FOLLOWER, 56530fb6-e6be-4313-9c7b-f74137c4f80a|rpc:10.1.0.36:15032|admin:10.1.0.36:15031|client:10.1.0.36:15030|dataStream:10.1.0.36:15033|priority:0|startupRole:FOLLOWER, 9499e333-9dfc-4832-8419-7e757e6a4f60|rpc:10.1.0.36:15014|admin:10.1.0.36:15013|client:10.1.0.36:15012|dataStream:10.1.0.36:15015|priority:1|startupRole:FOLLOWER]|listeners:[], old=null
2023-09-20 15:46:39,263 [EventQueue-PipelineReportForPipelineReportHandler] INFO  pipeline.PipelineReportHandler (PipelineReportHandler.java:processPipelineReport(136)) - Opened pipeline PipelineID=e528e358-93e3-4c44-b6b4-867c931ac550
2023-09-20 15:46:39,267 [EventQueue-OpenPipelineForHealthyPipelineSafeModeRule] INFO  safemode.SCMSafeModeManager (HealthyPipelineSafeModeRule.java:process(137)) - SCM in safe mode. Healthy pipelines reported count is 1, required healthy pipeline reported count is 1
2023-09-20 15:46:39,268 [EventQueue-OpenPipelineForHealthyPipelineSafeModeRule] INFO  safemode.SCMSafeModeManager (SCMSafeModeManager.java:validateSafeModeExitRules(200)) - HealthyPipelineSafeModeRule rule is successfully validated
2023-09-20 15:46:39,268 [EventQueue-OpenPipelineForHealthyPipelineSafeModeRule] INFO  safemode.SCMSafeModeManager (SCMSafeModeManager.java:validateSafeModeExitRules(215)) - ScmSafeModeManager, all rules are successfully validated
2023-09-20 15:46:39,268 [EventQueue-OpenPipelineForHealthyPipelineSafeModeRule] INFO  safemode.SCMSafeModeManager (SCMSafeModeManager.java:exitSafeMode(244)) - SCM exiting safe mode.
2023-09-20 15:46:39,268 [EventQueue-OpenPipelineForHealthyPipelineSafeModeRule] INFO  ha.SCMContext (SCMContext.java:updateSafeModeStatus(228)) - Update SafeModeStatus from SafeModeStatus{safeModeStatus=true, preCheckPassed=true} to SafeModeStatus{safeModeStatus=false, preCheckPassed=true}.
2023-09-20 15:46:39,271 [EventQueue-OpenPipelineForHealthyPipelineSafeModeRule] INFO  pipeline.BackgroundPipelineCreator (BackgroundPipelineCreator.java:notifyStatusChanged(255)) - Service BackgroundPipelineCreator transitions to RUNNING.
2023-09-20 15:46:39,271 [EventQueue-OpenPipelineForHealthyPipelineSafeModeRule] INFO  BackgroundPipelineScrubber (BackgroundSCMService.java:notifyStatusChanged(82)) - Service BackgroundPipelineScrubber transitions to RUNNING.
2023-09-20 15:46:39,271 [EventQueue-OpenPipelineForHealthyPipelineSafeModeRule] INFO  ExpiredContainerReplicaOpScrubber (BackgroundSCMService.java:notifyStatusChanged(82)) - Service ExpiredContainerReplicaOpScrubber transitions to RUNNING.
2023-09-20 15:46:39,271 [EventQueue-OpenPipelineForHealthyPipelineSafeModeRule] INFO  replication.ReplicationManager (ReplicationManager.java:notifyStatusChanged(1370)) - Service ReplicationManager transitions to RUNNING.
2023-09-20 15:46:39,276 [EventQueue-OpenPipelineForHealthyPipelineSafeModeRule] WARN  balancer.ContainerBalancer (ContainerBalancer.java:shouldRun(134)) - Could not find persisted configuration for ContainerBalancer when checking if ContainerBalancer should run. ContainerBalancer should not run now.
2023-09-20 15:46:39,282 [9499e333-9dfc-4832-8419-7e757e6a4f60@group-867C931AC550-LeaderElection3] INFO  server.RaftServerConfigKeys (ConfUtils.java:logGet(46)) - raft.server.log.appender.snapshot.chunk.size.max = 16MB (=16777216) (default)
2023-09-20 15:46:39,283 [9499e333-9dfc-4832-8419-7e757e6a4f60@group-867C931AC550-LeaderElection3] INFO  server.RaftServerConfigKeys (ConfUtils.java:logGet(46)) - raft.server.log.appender.buffer.byte-limit = 33554432 (custom)
2023-09-20 15:46:39,284 [9499e333-9dfc-4832-8419-7e757e6a4f60@group-867C931AC550-LeaderElection3] INFO  server.RaftServerConfigKeys (ConfUtils.java:logGet(46)) - raft.server.log.appender.buffer.element-limit = 1 (custom)
2023-09-20 15:46:39,286 [9499e333-9dfc-4832-8419-7e757e6a4f60@group-867C931AC550-LeaderElection3] INFO  server.RaftServerConfigKeys (ConfUtils.java:logGet(46)) - raft.server.log.appender.wait-time.min = 10ms (default)
2023-09-20 15:46:39,288 [9499e333-9dfc-4832-8419-7e757e6a4f60@group-867C931AC550-LeaderElection3] INFO  grpc.GrpcConfigKeys (ConfUtils.java:logGet(46)) - raft.grpc.server.leader.outstanding.appends.max = 128 (default)
2023-09-20 15:46:39,288 [9499e333-9dfc-4832-8419-7e757e6a4f60@group-867C931AC550-LeaderElection3] INFO  server.RaftServerConfigKeys (ConfUtils.java:logGet(46)) - raft.server.rpc.request.timeout = 60s (custom)
2023-09-20 15:46:39,288 [9499e333-9dfc-4832-8419-7e757e6a4f60@group-867C931AC550-LeaderElection3] INFO  grpc.GrpcConfigKeys (ConfUtils.java:logGet(46)) - raft.grpc.server.install_snapshot.request.element-limit = 8 (default)
2023-09-20 15:46:39,288 [9499e333-9dfc-4832-8419-7e757e6a4f60@group-867C931AC550-LeaderElection3] INFO  grpc.GrpcConfigKeys (ConfUtils.java:logGet(46)) - raft.grpc.server.install_snapshot.request.timeout = 3000ms (default)
2023-09-20 15:46:39,288 [9499e333-9dfc-4832-8419-7e757e6a4f60@group-867C931AC550-LeaderElection3] INFO  server.RaftServerConfigKeys (ConfUtils.java:logGet(46)) - raft.server.log.appender.install.snapshot.enabled = false (custom)
2023-09-20 15:46:39,288 [9499e333-9dfc-4832-8419-7e757e6a4f60@group-867C931AC550-LeaderElection3] INFO  grpc.GrpcConfigKeys (ConfUtils.java:logGet(46)) - raft.grpc.server.heartbeat.channel = true (default)
2023-09-20 15:46:39,291 [9499e333-9dfc-4832-8419-7e757e6a4f60@group-867C931AC550-LeaderElection3] INFO  server.RaftServerConfigKeys (ConfUtils.java:logGet(46)) - raft.server.log.appender.snapshot.chunk.size.max = 16MB (=16777216) (default)
2023-09-20 15:46:39,291 [9499e333-9dfc-4832-8419-7e757e6a4f60@group-867C931AC550-LeaderElection3] INFO  server.RaftServerConfigKeys (ConfUtils.java:logGet(46)) - raft.server.log.appender.buffer.byte-limit = 33554432 (custom)
2023-09-20 15:46:39,291 [9499e333-9dfc-4832-8419-7e757e6a4f60@group-867C931AC550-LeaderElection3] INFO  server.RaftServerConfigKeys (ConfUtils.java:logGet(46)) - raft.server.log.appender.buffer.element-limit = 1 (custom)
2023-09-20 15:46:39,292 [9499e333-9dfc-4832-8419-7e757e6a4f60@group-867C931AC550-LeaderElection3] INFO  server.RaftServerConfigKeys (ConfUtils.java:logGet(46)) - raft.server.log.appender.wait-time.min = 10ms (default)
2023-09-20 15:46:39,292 [9499e333-9dfc-4832-8419-7e757e6a4f60@group-867C931AC550-LeaderElection3] INFO  grpc.GrpcConfigKeys (ConfUtils.java:logGet(46)) - raft.grpc.server.leader.outstanding.appends.max = 128 (default)
2023-09-20 15:46:39,292 [9499e333-9dfc-4832-8419-7e757e6a4f60@group-867C931AC550-LeaderElection3] INFO  server.RaftServerConfigKeys (ConfUtils.java:logGet(46)) - raft.server.rpc.request.timeout = 60s (custom)
2023-09-20 15:46:39,292 [9499e333-9dfc-4832-8419-7e757e6a4f60@group-867C931AC550-LeaderElection3] INFO  grpc.GrpcConfigKeys (ConfUtils.java:logGet(46)) - raft.grpc.server.install_snapshot.request.element-limit = 8 (default)
2023-09-20 15:46:39,292 [9499e333-9dfc-4832-8419-7e757e6a4f60@group-867C931AC550-LeaderElection3] INFO  grpc.GrpcConfigKeys (ConfUtils.java:logGet(46)) - raft.grpc.server.install_snapshot.request.timeout = 3000ms (default)
2023-09-20 15:46:39,292 [9499e333-9dfc-4832-8419-7e757e6a4f60@group-867C931AC550-LeaderElection3] INFO  server.RaftServerConfigKeys (ConfUtils.java:logGet(46)) - raft.server.log.appender.install.snapshot.enabled = false (custom)
2023-09-20 15:46:39,292 [9499e333-9dfc-4832-8419-7e757e6a4f60@group-867C931AC550-LeaderElection3] INFO  grpc.GrpcConfigKeys (ConfUtils.java:logGet(46)) - raft.grpc.server.heartbeat.channel = true (default)
2023-09-20 15:46:39,293 [9499e333-9dfc-4832-8419-7e757e6a4f60@group-867C931AC550-LeaderElection3] INFO  impl.RoleInfo (RoleInfo.java:updateAndGet(139)) - 9499e333-9dfc-4832-8419-7e757e6a4f60: start 9499e333-9dfc-4832-8419-7e757e6a4f60@group-867C931AC550-LeaderStateImpl
2023-09-20 15:46:39,294 [9499e333-9dfc-4832-8419-7e757e6a4f60@group-867C931AC550-LeaderElection3] INFO  segmented.SegmentedRaftLogWorker (SegmentedRaftLogWorker.java:startLogSegment(447)) - 9499e333-9dfc-4832-8419-7e757e6a4f60@group-867C931AC550-SegmentedRaftLogWorker: Starting segment from index:0
2023-09-20 15:46:39,296 [9499e333-9dfc-4832-8419-7e757e6a4f60@group-867C931AC550-SegmentedRaftLogWorker] INFO  segmented.SegmentedRaftLogWorker (SegmentedRaftLogWorker.java:execute(651)) - 9499e333-9dfc-4832-8419-7e757e6a4f60@group-867C931AC550-SegmentedRaftLogWorker: created new log segment /home/runner/work/ozone/ozone/hadoop-ozone/integration-test/target/test-dir/MiniOzoneClusterImpl-8d56696e-0306-4140-8b78-3634a4a6d503/datanode-0/data/ratis/e528e358-93e3-4c44-b6b4-867c931ac550/current/log_inprogress_0
2023-09-20 15:46:39,303 [9499e333-9dfc-4832-8419-7e757e6a4f60@group-867C931AC550-LeaderElection3] INFO  server.RaftServer$Division (ServerState.java:setRaftConf(434)) - 9499e333-9dfc-4832-8419-7e757e6a4f60@group-867C931AC550: set configuration 0: peers:[57fc3420-94a0-4f3c-850d-40c1ae05c77a|rpc:10.1.0.36:15023|admin:10.1.0.36:15022|client:10.1.0.36:15021|dataStream:10.1.0.36:15024|priority:0|startupRole:FOLLOWER, 56530fb6-e6be-4313-9c7b-f74137c4f80a|rpc:10.1.0.36:15032|admin:10.1.0.36:15031|client:10.1.0.36:15030|dataStream:10.1.0.36:15033|priority:0|startupRole:FOLLOWER, 9499e333-9dfc-4832-8419-7e757e6a4f60|rpc:10.1.0.36:15014|admin:10.1.0.36:15013|client:10.1.0.36:15012|dataStream:10.1.0.36:15015|priority:1|startupRole:FOLLOWER]|listeners:[], old=null
2023-09-20 15:46:39,354 [56530fb6-e6be-4313-9c7b-f74137c4f80a-server-thread2] INFO  ratis.XceiverServerRatis (XceiverServerRatis.java:handleLeaderChangedNotification(902)) - Leader change notification received for group: group-867C931AC550 with new leaderId: 9499e333-9dfc-4832-8419-7e757e6a4f60
2023-09-20 15:46:39,355 [56530fb6-e6be-4313-9c7b-f74137c4f80a-server-thread2] INFO  server.RaftServer$Division (ServerState.java:setLeader(317)) - 56530fb6-e6be-4313-9c7b-f74137c4f80a@group-867C931AC550: change Leader from null to 9499e333-9dfc-4832-8419-7e757e6a4f60 at term 1 for appendEntries, leader elected after 4563ms
2023-09-20 15:46:39,361 [56530fb6-e6be-4313-9c7b-f74137c4f80a-server-thread2] INFO  server.RaftServer$Division (ServerState.java:setRaftConf(434)) - 56530fb6-e6be-4313-9c7b-f74137c4f80a@group-867C931AC550: set configuration 0: peers:[57fc3420-94a0-4f3c-850d-40c1ae05c77a|rpc:10.1.0.36:15023|admin:10.1.0.36:15022|client:10.1.0.36:15021|dataStream:10.1.0.36:15024|priority:0|startupRole:FOLLOWER, 56530fb6-e6be-4313-9c7b-f74137c4f80a|rpc:10.1.0.36:15032|admin:10.1.0.36:15031|client:10.1.0.36:15030|dataStream:10.1.0.36:15033|priority:0|startupRole:FOLLOWER, 9499e333-9dfc-4832-8419-7e757e6a4f60|rpc:10.1.0.36:15014|admin:10.1.0.36:15013|client:10.1.0.36:15012|dataStream:10.1.0.36:15015|priority:1|startupRole:FOLLOWER]|listeners:[], old=null
2023-09-20 15:46:39,361 [56530fb6-e6be-4313-9c7b-f74137c4f80a-server-thread2] INFO  segmented.SegmentedRaftLogWorker (SegmentedRaftLogWorker.java:startLogSegment(447)) - 56530fb6-e6be-4313-9c7b-f74137c4f80a@group-867C931AC550-SegmentedRaftLogWorker: Starting segment from index:0
2023-09-20 15:46:39,370 [56530fb6-e6be-4313-9c7b-f74137c4f80a@group-867C931AC550-SegmentedRaftLogWorker] INFO  segmented.SegmentedRaftLogWorker (SegmentedRaftLogWorker.java:execute(651)) - 56530fb6-e6be-4313-9c7b-f74137c4f80a@group-867C931AC550-SegmentedRaftLogWorker: created new log segment /home/runner/work/ozone/ozone/hadoop-ozone/integration-test/target/test-dir/MiniOzoneClusterImpl-8d56696e-0306-4140-8b78-3634a4a6d503/datanode-2/data/ratis/e528e358-93e3-4c44-b6b4-867c931ac550/current/log_inprogress_0
2023-09-20 15:46:39,387 [57fc3420-94a0-4f3c-850d-40c1ae05c77a-server-thread1] INFO  ratis.XceiverServerRatis (XceiverServerRatis.java:handleLeaderChangedNotification(902)) - Leader change notification received for group: group-867C931AC550 with new leaderId: 9499e333-9dfc-4832-8419-7e757e6a4f60
2023-09-20 15:46:39,387 [57fc3420-94a0-4f3c-850d-40c1ae05c77a-server-thread1] INFO  server.RaftServer$Division (ServerState.java:setLeader(317)) - 57fc3420-94a0-4f3c-850d-40c1ae05c77a@group-867C931AC550: change Leader from null to 9499e333-9dfc-4832-8419-7e757e6a4f60 at term 1 for appendEntries, leader elected after 4679ms
2023-09-20 15:46:39,397 [57fc3420-94a0-4f3c-850d-40c1ae05c77a-server-thread1] INFO  server.RaftServer$Division (ServerState.java:setRaftConf(434)) - 57fc3420-94a0-4f3c-850d-40c1ae05c77a@group-867C931AC550: set configuration 0: peers:[57fc3420-94a0-4f3c-850d-40c1ae05c77a|rpc:10.1.0.36:15023|admin:10.1.0.36:15022|client:10.1.0.36:15021|dataStream:10.1.0.36:15024|priority:0|startupRole:FOLLOWER, 56530fb6-e6be-4313-9c7b-f74137c4f80a|rpc:10.1.0.36:15032|admin:10.1.0.36:15031|client:10.1.0.36:15030|dataStream:10.1.0.36:15033|priority:0|startupRole:FOLLOWER, 9499e333-9dfc-4832-8419-7e757e6a4f60|rpc:10.1.0.36:15014|admin:10.1.0.36:15013|client:10.1.0.36:15012|dataStream:10.1.0.36:15015|priority:1|startupRole:FOLLOWER]|listeners:[], old=null
2023-09-20 15:46:39,397 [57fc3420-94a0-4f3c-850d-40c1ae05c77a-server-thread1] INFO  segmented.SegmentedRaftLogWorker (SegmentedRaftLogWorker.java:startLogSegment(447)) - 57fc3420-94a0-4f3c-850d-40c1ae05c77a@group-867C931AC550-SegmentedRaftLogWorker: Starting segment from index:0
2023-09-20 15:46:39,409 [57fc3420-94a0-4f3c-850d-40c1ae05c77a@group-867C931AC550-SegmentedRaftLogWorker] INFO  segmented.SegmentedRaftLogWorker (SegmentedRaftLogWorker.java:execute(651)) - 57fc3420-94a0-4f3c-850d-40c1ae05c77a@group-867C931AC550-SegmentedRaftLogWorker: created new log segment /home/runner/work/ozone/ozone/hadoop-ozone/integration-test/target/test-dir/MiniOzoneClusterImpl-8d56696e-0306-4140-8b78-3634a4a6d503/datanode-1/data/ratis/e528e358-93e3-4c44-b6b4-867c931ac550/current/log_inprogress_0
2023-09-20 15:46:39,796 [57fc3420-94a0-4f3c-850d-40c1ae05c77a@group-DC3B4BB29613-FollowerState] INFO  impl.FollowerState (FollowerState.java:run(143)) - 57fc3420-94a0-4f3c-850d-40c1ae05c77a@group-DC3B4BB29613-FollowerState: change to CANDIDATE, lastRpcElapsedTime:5135489984ns, electionTimeout:5106ms
2023-09-20 15:46:39,796 [57fc3420-94a0-4f3c-850d-40c1ae05c77a@group-DC3B4BB29613-FollowerState] INFO  impl.RoleInfo (RoleInfo.java:shutdownFollowerState(110)) - 57fc3420-94a0-4f3c-850d-40c1ae05c77a: shutdown 57fc3420-94a0-4f3c-850d-40c1ae05c77a@group-DC3B4BB29613-FollowerState
2023-09-20 15:46:39,796 [57fc3420-94a0-4f3c-850d-40c1ae05c77a@group-DC3B4BB29613-FollowerState] INFO  server.RaftServer$Division (RaftServerImpl.java:setRole(329)) - 57fc3420-94a0-4f3c-850d-40c1ae05c77a@group-DC3B4BB29613: changes role from  FOLLOWER to CANDIDATE at term 0 for changeToCandidate
2023-09-20 15:46:39,797 [57fc3420-94a0-4f3c-850d-40c1ae05c77a@group-DC3B4BB29613-FollowerState] INFO  server.RaftServerConfigKeys (ConfUtils.java:logGet(46)) - raft.server.leaderelection.pre-vote = true (default)
2023-09-20 15:46:39,797 [57fc3420-94a0-4f3c-850d-40c1ae05c77a@group-DC3B4BB29613-FollowerState] INFO  impl.RoleInfo (RoleInfo.java:updateAndGet(139)) - 57fc3420-94a0-4f3c-850d-40c1ae05c77a: start 57fc3420-94a0-4f3c-850d-40c1ae05c77a@group-DC3B4BB29613-LeaderElection4
2023-09-20 15:46:39,801 [57fc3420-94a0-4f3c-850d-40c1ae05c77a@group-DC3B4BB29613-LeaderElection4] INFO  impl.LeaderElection (LeaderElection.java:askForVotes(321)) - 57fc3420-94a0-4f3c-850d-40c1ae05c77a@group-DC3B4BB29613-LeaderElection4 PRE_VOTE round 0: submit vote requests at term 0 for -1: peers:[57fc3420-94a0-4f3c-850d-40c1ae05c77a|rpc:10.1.0.36:15023|admin:10.1.0.36:15022|client:10.1.0.36:15021|dataStream:10.1.0.36:15024|priority:1|startupRole:FOLLOWER]|listeners:[], old=null
2023-09-20 15:46:39,803 [57fc3420-94a0-4f3c-850d-40c1ae05c77a@group-DC3B4BB29613-LeaderElection4] INFO  impl.LeaderElection (LeaderElection.java:askForVotes(323)) - 57fc3420-94a0-4f3c-850d-40c1ae05c77a@group-DC3B4BB29613-LeaderElection4 PRE_VOTE round 0: result PASSED (term=0)
2023-09-20 15:46:39,805 [57fc3420-94a0-4f3c-850d-40c1ae05c77a@group-DC3B4BB29613-LeaderElection4] INFO  impl.LeaderElection (LeaderElection.java:askForVotes(321)) - 57fc3420-94a0-4f3c-850d-40c1ae05c77a@group-DC3B4BB29613-LeaderElection4 ELECTION round 0: submit vote requests at term 1 for -1: peers:[57fc3420-94a0-4f3c-850d-40c1ae05c77a|rpc:10.1.0.36:15023|admin:10.1.0.36:15022|client:10.1.0.36:15021|dataStream:10.1.0.36:15024|priority:1|startupRole:FOLLOWER]|listeners:[], old=null
2023-09-20 15:46:39,805 [57fc3420-94a0-4f3c-850d-40c1ae05c77a@group-DC3B4BB29613-LeaderElection4] INFO  impl.LeaderElection (LeaderElection.java:askForVotes(323)) - 57fc3420-94a0-4f3c-850d-40c1ae05c77a@group-DC3B4BB29613-LeaderElection4 ELECTION round 0: result PASSED (term=1)
2023-09-20 15:46:39,805 [57fc3420-94a0-4f3c-850d-40c1ae05c77a@group-DC3B4BB29613-LeaderElection4] INFO  impl.RoleInfo (RoleInfo.java:shutdownLeaderElection(130)) - 57fc3420-94a0-4f3c-850d-40c1ae05c77a: shutdown 57fc3420-94a0-4f3c-850d-40c1ae05c77a@group-DC3B4BB29613-LeaderElection4
2023-09-20 15:46:39,806 [57fc3420-94a0-4f3c-850d-40c1ae05c77a@group-DC3B4BB29613-LeaderElection4] INFO  server.RaftServer$Division (RaftServerImpl.java:setRole(329)) - 57fc3420-94a0-4f3c-850d-40c1ae05c77a@group-DC3B4BB29613: changes role from CANDIDATE to LEADER at term 1 for changeToLeader
2023-09-20 15:46:39,806 [57fc3420-94a0-4f3c-850d-40c1ae05c77a@group-DC3B4BB29613-LeaderElection4] INFO  ratis.XceiverServerRatis (XceiverServerRatis.java:handleLeaderChangedNotification(902)) - Leader change notification received for group: group-DC3B4BB29613 with new leaderId: 57fc3420-94a0-4f3c-850d-40c1ae05c77a
2023-09-20 15:46:39,806 [57fc3420-94a0-4f3c-850d-40c1ae05c77a@group-DC3B4BB29613-LeaderElection4] INFO  server.RaftServer$Division (ServerState.java:setLeader(317)) - 57fc3420-94a0-4f3c-850d-40c1ae05c77a@group-DC3B4BB29613: change Leader from null to 57fc3420-94a0-4f3c-850d-40c1ae05c77a at term 1 for becomeLeader, leader elected after 5216ms
2023-09-20 15:46:39,806 [57fc3420-94a0-4f3c-850d-40c1ae05c77a@group-DC3B4BB29613-LeaderElection4] INFO  server.RaftServerConfigKeys (ConfUtils.java:logGet(46)) - raft.server.staging.catchup.gap = 1000 (default)
2023-09-20 15:46:39,808 [57fc3420-94a0-4f3c-850d-40c1ae05c77a@group-DC3B4BB29613-LeaderElection4] INFO  server.RaftServerConfigKeys (ConfUtils.java:logGet(46)) - raft.server.write.element-limit = 1024 (custom)
2023-09-20 15:46:39,808 [57fc3420-94a0-4f3c-850d-40c1ae05c77a@group-DC3B4BB29613-LeaderElection4] INFO  server.RaftServerConfigKeys (ConfUtils.java:logGet(46)) - raft.server.write.byte-limit = 1024 M (=1073741824) (custom)
2023-09-20 15:46:39,809 [57fc3420-94a0-4f3c-850d-40c1ae05c77a@group-DC3B4BB29613-LeaderElection4] INFO  server.RaftServerConfigKeys (ConfUtils.java:logGet(46)) - raft.server.watch.timeout = 180s (custom)
2023-09-20 15:46:39,809 [57fc3420-94a0-4f3c-850d-40c1ae05c77a@group-DC3B4BB29613-LeaderElection4] INFO  server.RaftServerConfigKeys (ConfUtils.java:logGet(46)) - raft.server.watch.timeout.denomination = 1s (default)
2023-09-20 15:46:39,809 [57fc3420-94a0-4f3c-850d-40c1ae05c77a@group-DC3B4BB29613-LeaderElection4] INFO  server.RaftServerConfigKeys (ConfUtils.java:logGet(46)) - raft.server.watch.element-limit = 65536 (default)
2023-09-20 15:46:39,809 [57fc3420-94a0-4f3c-850d-40c1ae05c77a@group-DC3B4BB29613-LeaderElection4] INFO  server.RaftServerConfigKeys (ConfUtils.java:logGet(46)) - raft.server.write.element-limit = 1024 (custom)
2023-09-20 15:46:39,809 [57fc3420-94a0-4f3c-850d-40c1ae05c77a@group-DC3B4BB29613-LeaderElection4] INFO  server.RaftServerConfigKeys (ConfUtils.java:logGet(46)) - raft.server.write.follower.gap.ratio.max = -1.0 (default)
2023-09-20 15:46:39,810 [57fc3420-94a0-4f3c-850d-40c1ae05c77a@group-DC3B4BB29613-LeaderElection4] INFO  impl.RoleInfo (RoleInfo.java:updateAndGet(139)) - 57fc3420-94a0-4f3c-850d-40c1ae05c77a: start 57fc3420-94a0-4f3c-850d-40c1ae05c77a@group-DC3B4BB29613-LeaderStateImpl
2023-09-20 15:46:39,810 [57fc3420-94a0-4f3c-850d-40c1ae05c77a@group-DC3B4BB29613-LeaderElection4] INFO  segmented.SegmentedRaftLogWorker (SegmentedRaftLogWorker.java:startLogSegment(447)) - 57fc3420-94a0-4f3c-850d-40c1ae05c77a@group-DC3B4BB29613-SegmentedRaftLogWorker: Starting segment from index:0
2023-09-20 15:46:39,812 [57fc3420-94a0-4f3c-850d-40c1ae05c77a@group-DC3B4BB29613-LeaderElection4] INFO  server.RaftServer$Division (ServerState.java:setRaftConf(434)) - 57fc3420-94a0-4f3c-850d-40c1ae05c77a@group-DC3B4BB29613: set configuration 0: peers:[57fc3420-94a0-4f3c-850d-40c1ae05c77a|rpc:10.1.0.36:15023|admin:10.1.0.36:15022|client:10.1.0.36:15021|dataStream:10.1.0.36:15024|priority:1|startupRole:FOLLOWER]|listeners:[], old=null
2023-09-20 15:46:39,812 [57fc3420-94a0-4f3c-850d-40c1ae05c77a@group-DC3B4BB29613-SegmentedRaftLogWorker] INFO  segmented.SegmentedRaftLogWorker (SegmentedRaftLogWorker.java:execute(651)) - 57fc3420-94a0-4f3c-850d-40c1ae05c77a@group-DC3B4BB29613-SegmentedRaftLogWorker: created new log segment /home/runner/work/ozone/ozone/hadoop-ozone/integration-test/target/test-dir/MiniOzoneClusterImpl-8d56696e-0306-4140-8b78-3634a4a6d503/datanode-1/data/ratis/886b1388-7f73-47f6-a4e3-dc3b4bb29613/current/log_inprogress_0
2023-09-20 15:46:40,006 [main] INFO  ozone.MiniOzoneClusterImpl (MiniOzoneClusterImpl.java:lambda$waitForClusterToBeReady$0(224)) - Nodes are ready. Got 3 of 3 DN Heartbeats.
2023-09-20 15:46:40,007 [main] INFO  ozone.MiniOzoneClusterImpl (MiniOzoneClusterImpl.java:lambda$waitForClusterToBeReady$0(227)) - Cluster exits safe mode
2023-09-20 15:46:40,007 [main] INFO  ozone.MiniOzoneClusterImpl (MiniOzoneClusterImpl.java:lambda$waitForClusterToBeReady$0(229)) - SCM became leader
2023-09-20 15:46:40,186 [56530fb6-e6be-4313-9c7b-f74137c4f80a@group-3C3C1CF53969-FollowerState] INFO  impl.FollowerState (FollowerState.java:run(143)) - 56530fb6-e6be-4313-9c7b-f74137c4f80a@group-3C3C1CF53969-FollowerState: change to CANDIDATE, lastRpcElapsedTime:5059517158ns, electionTimeout:5018ms
2023-09-20 15:46:40,186 [56530fb6-e6be-4313-9c7b-f74137c4f80a@group-3C3C1CF53969-FollowerState] INFO  impl.RoleInfo (RoleInfo.java:shutdownFollowerState(110)) - 56530fb6-e6be-4313-9c7b-f74137c4f80a: shutdown 56530fb6-e6be-4313-9c7b-f74137c4f80a@group-3C3C1CF53969-FollowerState
2023-09-20 15:46:40,187 [56530fb6-e6be-4313-9c7b-f74137c4f80a@group-3C3C1CF53969-FollowerState] INFO  server.RaftServer$Division (RaftServerImpl.java:setRole(329)) - 56530fb6-e6be-4313-9c7b-f74137c4f80a@group-3C3C1CF53969: changes role from  FOLLOWER to CANDIDATE at term 0 for changeToCandidate
2023-09-20 15:46:40,187 [56530fb6-e6be-4313-9c7b-f74137c4f80a@group-3C3C1CF53969-FollowerState] INFO  server.RaftServerConfigKeys (ConfUtils.java:logGet(46)) - raft.server.leaderelection.pre-vote = true (default)
2023-09-20 15:46:40,187 [56530fb6-e6be-4313-9c7b-f74137c4f80a@group-3C3C1CF53969-FollowerState] INFO  impl.RoleInfo (RoleInfo.java:updateAndGet(139)) - 56530fb6-e6be-4313-9c7b-f74137c4f80a: start 56530fb6-e6be-4313-9c7b-f74137c4f80a@group-3C3C1CF53969-LeaderElection5
2023-09-20 15:46:40,203 [56530fb6-e6be-4313-9c7b-f74137c4f80a@group-3C3C1CF53969-LeaderElection5] INFO  impl.LeaderElection (LeaderElection.java:askForVotes(321)) - 56530fb6-e6be-4313-9c7b-f74137c4f80a@group-3C3C1CF53969-LeaderElection5 PRE_VOTE round 0: submit vote requests at term 0 for -1: peers:[57fc3420-94a0-4f3c-850d-40c1ae05c77a|rpc:10.1.0.36:15023|admin:10.1.0.36:15022|client:10.1.0.36:15021|dataStream:10.1.0.36:15024|priority:1|startupRole:FOLLOWER, 56530fb6-e6be-4313-9c7b-f74137c4f80a|rpc:10.1.0.36:15032|admin:10.1.0.36:15031|client:10.1.0.36:15030|dataStream:10.1.0.36:15033|priority:0|startupRole:FOLLOWER, 9499e333-9dfc-4832-8419-7e757e6a4f60|rpc:10.1.0.36:15014|admin:10.1.0.36:15013|client:10.1.0.36:15012|dataStream:10.1.0.36:15015|priority:0|startupRole:FOLLOWER]|listeners:[], old=null
2023-09-20 15:46:40,209 [56530fb6-e6be-4313-9c7b-f74137c4f80a@group-3C3C1CF53969-LeaderElection5-1] INFO  server.GrpcServerProtocolClient (GrpcServerProtocolClient.java:<init>(65)) - Build channel for 57fc3420-94a0-4f3c-850d-40c1ae05c77a
2023-09-20 15:46:40,223 [56530fb6-e6be-4313-9c7b-f74137c4f80a@group-3C3C1CF53969-LeaderElection5] INFO  server.RaftServerConfigKeys (ConfUtils.java:logFallback(53)) - raft.server.rpc.first-election.timeout.min = 5s (fallback to raft.server.rpc.timeout.min)
2023-09-20 15:46:40,231 [56530fb6-e6be-4313-9c7b-f74137c4f80a@group-3C3C1CF53969-LeaderElection5] INFO  server.RaftServerConfigKeys (ConfUtils.java:logFallback(53)) - raft.server.rpc.first-election.timeout.max = 5200ms (fallback to raft.server.rpc.timeout.max)
2023-09-20 15:46:40,232 [56530fb6-e6be-4313-9c7b-f74137c4f80a@group-3C3C1CF53969-LeaderElection5-2] INFO  server.GrpcServerProtocolClient (GrpcServerProtocolClient.java:<init>(65)) - Build channel for 9499e333-9dfc-4832-8419-7e757e6a4f60
2023-09-20 15:46:40,253 [56530fb6-e6be-4313-9c7b-f74137c4f80a@group-F916A9BBA910-FollowerState] INFO  impl.FollowerState (FollowerState.java:run(143)) - 56530fb6-e6be-4313-9c7b-f74137c4f80a@group-F916A9BBA910-FollowerState: change to CANDIDATE, lastRpcElapsedTime:5200401376ns, electionTimeout:5183ms
2023-09-20 15:46:40,253 [56530fb6-e6be-4313-9c7b-f74137c4f80a@group-F916A9BBA910-FollowerState] INFO  impl.RoleInfo (RoleInfo.java:shutdownFollowerState(110)) - 56530fb6-e6be-4313-9c7b-f74137c4f80a: shutdown 56530fb6-e6be-4313-9c7b-f74137c4f80a@group-F916A9BBA910-FollowerState
2023-09-20 15:46:40,253 [56530fb6-e6be-4313-9c7b-f74137c4f80a@group-F916A9BBA910-FollowerState] INFO  server.RaftServer$Division (RaftServerImpl.java:setRole(329)) - 56530fb6-e6be-4313-9c7b-f74137c4f80a@group-F916A9BBA910: changes role from  FOLLOWER to CANDIDATE at term 0 for changeToCandidate
2023-09-20 15:46:40,253 [56530fb6-e6be-4313-9c7b-f74137c4f80a@group-F916A9BBA910-FollowerState] INFO  server.RaftServerConfigKeys (ConfUtils.java:logGet(46)) - raft.server.leaderelection.pre-vote = true (default)
2023-09-20 15:46:40,254 [56530fb6-e6be-4313-9c7b-f74137c4f80a@group-F916A9BBA910-FollowerState] INFO  impl.RoleInfo (RoleInfo.java:updateAndGet(139)) - 56530fb6-e6be-4313-9c7b-f74137c4f80a: start 56530fb6-e6be-4313-9c7b-f74137c4f80a@group-F916A9BBA910-LeaderElection6
2023-09-20 15:46:40,259 [grpc-default-executor-0] INFO  server.RaftServer$Division (RaftServerImpl.java:requestVote(1302)) - 57fc3420-94a0-4f3c-850d-40c1ae05c77a@group-3C3C1CF53969: receive requestVote(PRE_VOTE, 56530fb6-e6be-4313-9c7b-f74137c4f80a, group-3C3C1CF53969, 0, (t:0, i:0))
2023-09-20 15:46:40,259 [grpc-default-executor-0] INFO  impl.VoteContext (VoteContext.java:log(49)) - 57fc3420-94a0-4f3c-850d-40c1ae05c77a@group-3C3C1CF53969-FOLLOWER: reject PRE_VOTE from 56530fb6-e6be-4313-9c7b-f74137c4f80a: our priority 1 > candidate's priority 0
2023-09-20 15:46:40,259 [grpc-default-executor-0] INFO  server.RaftServer$Division (RaftServerImpl.java:requestVote(1335)) - 57fc3420-94a0-4f3c-850d-40c1ae05c77a@group-3C3C1CF53969 replies to PRE_VOTE vote request: 56530fb6-e6be-4313-9c7b-f74137c4f80a<-57fc3420-94a0-4f3c-850d-40c1ae05c77a#0:FAIL-t0. Peer's state: 57fc3420-94a0-4f3c-850d-40c1ae05c77a@group-3C3C1CF53969:t0, leader=null, voted=, raftlog=Memoized:57fc3420-94a0-4f3c-850d-40c1ae05c77a@group-3C3C1CF53969-SegmentedRaftLog:OPENED:c-1, conf=-1: peers:[57fc3420-94a0-4f3c-850d-40c1ae05c77a|rpc:10.1.0.36:15023|admin:10.1.0.36:15022|client:10.1.0.36:15021|dataStream:10.1.0.36:15024|priority:1|startupRole:FOLLOWER, 56530fb6-e6be-4313-9c7b-f74137c4f80a|rpc:10.1.0.36:15032|admin:10.1.0.36:15031|client:10.1.0.36:15030|dataStream:10.1.0.36:15033|priority:0|startupRole:FOLLOWER, 9499e333-9dfc-4832-8419-7e757e6a4f60|rpc:10.1.0.36:15014|admin:10.1.0.36:15013|client:10.1.0.36:15012|dataStream:10.1.0.36:15015|priority:0|startupRole:FOLLOWER]|listeners:[], old=null
2023-09-20 15:46:40,265 [56530fb6-e6be-4313-9c7b-f74137c4f80a@group-3C3C1CF53969-LeaderElection5] INFO  impl.LeaderElection (LeaderElection.java:logAndReturn(90)) - 56530fb6-e6be-4313-9c7b-f74137c4f80a@group-3C3C1CF53969-LeaderElection5: PRE_VOTE REJECTED received 1 response(s) and 0 exception(s):
2023-09-20 15:46:40,265 [56530fb6-e6be-4313-9c7b-f74137c4f80a@group-3C3C1CF53969-LeaderElection5] INFO  impl.LeaderElection (LeaderElection.java:logAndReturn(94)) -   Response 0: 56530fb6-e6be-4313-9c7b-f74137c4f80a<-57fc3420-94a0-4f3c-850d-40c1ae05c77a#0:FAIL-t0
2023-09-20 15:46:40,265 [56530fb6-e6be-4313-9c7b-f74137c4f80a@group-3C3C1CF53969-LeaderElection5] INFO  impl.LeaderElection (LeaderElection.java:askForVotes(323)) - 56530fb6-e6be-4313-9c7b-f74137c4f80a@group-3C3C1CF53969-LeaderElection5 PRE_VOTE round 0: result REJECTED
2023-09-20 15:46:40,265 [56530fb6-e6be-4313-9c7b-f74137c4f80a@group-3C3C1CF53969-LeaderElection5] INFO  server.RaftServer$Division (RaftServerImpl.java:setRole(329)) - 56530fb6-e6be-4313-9c7b-f74137c4f80a@group-3C3C1CF53969: changes role from CANDIDATE to FOLLOWER at term 0 for REJECTED
2023-09-20 15:46:40,266 [56530fb6-e6be-4313-9c7b-f74137c4f80a@group-3C3C1CF53969-LeaderElection5] INFO  impl.RoleInfo (RoleInfo.java:shutdownLeaderElection(130)) - 56530fb6-e6be-4313-9c7b-f74137c4f80a: shutdown 56530fb6-e6be-4313-9c7b-f74137c4f80a@group-3C3C1CF53969-LeaderElection5
2023-09-20 15:46:40,266 [56530fb6-e6be-4313-9c7b-f74137c4f80a@group-3C3C1CF53969-LeaderElection5] INFO  impl.RoleInfo (RoleInfo.java:updateAndGet(139)) - 56530fb6-e6be-4313-9c7b-f74137c4f80a: start 56530fb6-e6be-4313-9c7b-f74137c4f80a@group-3C3C1CF53969-FollowerState
2023-09-20 15:46:40,271 [56530fb6-e6be-4313-9c7b-f74137c4f80a@group-F916A9BBA910-LeaderElection6] INFO  impl.LeaderElection (LeaderElection.java:askForVotes(321)) - 56530fb6-e6be-4313-9c7b-f74137c4f80a@group-F916A9BBA910-LeaderElection6 PRE_VOTE round 0: submit vote requests at term 0 for -1: peers:[56530fb6-e6be-4313-9c7b-f74137c4f80a|rpc:10.1.0.36:15032|admin:10.1.0.36:15031|client:10.1.0.36:15030|dataStream:10.1.0.36:15033|priority:1|startupRole:FOLLOWER]|listeners:[], old=null
2023-09-20 15:46:40,272 [56530fb6-e6be-4313-9c7b-f74137c4f80a@group-F916A9BBA910-LeaderElection6] INFO  impl.LeaderElection (LeaderElection.java:askForVotes(323)) - 56530fb6-e6be-4313-9c7b-f74137c4f80a@group-F916A9BBA910-LeaderElection6 PRE_VOTE round 0: result PASSED (term=0)
2023-09-20 15:46:40,288 [56530fb6-e6be-4313-9c7b-f74137c4f80a@group-F916A9BBA910-LeaderElection6] INFO  impl.LeaderElection (LeaderElection.java:askForVotes(321)) - 56530fb6-e6be-4313-9c7b-f74137c4f80a@group-F916A9BBA910-LeaderElection6 ELECTION round 0: submit vote requests at term 1 for -1: peers:[56530fb6-e6be-4313-9c7b-f74137c4f80a|rpc:10.1.0.36:15032|admin:10.1.0.36:15031|client:10.1.0.36:15030|dataStream:10.1.0.36:15033|priority:1|startupRole:FOLLOWER]|listeners:[], old=null
2023-09-20 15:46:40,288 [56530fb6-e6be-4313-9c7b-f74137c4f80a@group-F916A9BBA910-LeaderElection6] INFO  impl.LeaderElection (LeaderElection.java:askForVotes(323)) - 56530fb6-e6be-4313-9c7b-f74137c4f80a@group-F916A9BBA910-LeaderElection6 ELECTION round 0: result PASSED (term=1)
2023-09-20 15:46:40,288 [56530fb6-e6be-4313-9c7b-f74137c4f80a@group-F916A9BBA910-LeaderElection6] INFO  impl.RoleInfo (RoleInfo.java:shutdownLeaderElection(130)) - 56530fb6-e6be-4313-9c7b-f74137c4f80a: shutdown 56530fb6-e6be-4313-9c7b-f74137c4f80a@group-F916A9BBA910-LeaderElection6
2023-09-20 15:46:40,288 [56530fb6-e6be-4313-9c7b-f74137c4f80a@group-F916A9BBA910-LeaderElection6] INFO  server.RaftServer$Division (RaftServerImpl.java:setRole(329)) - 56530fb6-e6be-4313-9c7b-f74137c4f80a@group-F916A9BBA910: changes role from CANDIDATE to LEADER at term 1 for changeToLeader
2023-09-20 15:46:40,288 [56530fb6-e6be-4313-9c7b-f74137c4f80a@group-F916A9BBA910-LeaderElection6] INFO  ratis.XceiverServerRatis (XceiverServerRatis.java:handleLeaderChangedNotification(902)) - Leader change notification received for group: group-F916A9BBA910 with new leaderId: 56530fb6-e6be-4313-9c7b-f74137c4f80a
2023-09-20 15:46:40,288 [56530fb6-e6be-4313-9c7b-f74137c4f80a@group-F916A9BBA910-LeaderElection6] INFO  server.RaftServer$Division (ServerState.java:setLeader(317)) - 56530fb6-e6be-4313-9c7b-f74137c4f80a@group-F916A9BBA910: change Leader from null to 56530fb6-e6be-4313-9c7b-f74137c4f80a at term 1 for becomeLeader, leader elected after 5282ms
2023-09-20 15:46:40,293 [grpc-default-executor-0] INFO  server.RaftServer$Division (RaftServerImpl.java:requestVote(1302)) - 9499e333-9dfc-4832-8419-7e757e6a4f60@group-3C3C1CF53969: receive requestVote(PRE_VOTE, 56530fb6-e6be-4313-9c7b-f74137c4f80a, group-3C3C1CF53969, 0, (t:0, i:0))
2023-09-20 15:46:40,293 [grpc-default-executor-0] INFO  impl.VoteContext (VoteContext.java:log(49)) - 9499e333-9dfc-4832-8419-7e757e6a4f60@group-3C3C1CF53969-FOLLOWER: accept PRE_VOTE from 56530fb6-e6be-4313-9c7b-f74137c4f80a: our priority 0 <= candidate's priority 0
2023-09-20 15:46:40,293 [grpc-default-executor-0] INFO  server.RaftServer$Division (RaftServerImpl.java:requestVote(1335)) - 9499e333-9dfc-4832-8419-7e757e6a4f60@group-3C3C1CF53969 replies to PRE_VOTE vote request: 56530fb6-e6be-4313-9c7b-f74137c4f80a<-9499e333-9dfc-4832-8419-7e757e6a4f60#0:OK-t0. Peer's state: 9499e333-9dfc-4832-8419-7e757e6a4f60@group-3C3C1CF53969:t0, leader=null, voted=, raftlog=Memoized:9499e333-9dfc-4832-8419-7e757e6a4f60@group-3C3C1CF53969-SegmentedRaftLog:OPENED:c-1, conf=-1: peers:[57fc3420-94a0-4f3c-850d-40c1ae05c77a|rpc:10.1.0.36:15023|admin:10.1.0.36:15022|client:10.1.0.36:15021|dataStream:10.1.0.36:15024|priority:1|startupRole:FOLLOWER, 56530fb6-e6be-4313-9c7b-f74137c4f80a|rpc:10.1.0.36:15032|admin:10.1.0.36:15031|client:10.1.0.36:15030|dataStream:10.1.0.36:15033|priority:0|startupRole:FOLLOWER, 9499e333-9dfc-4832-8419-7e757e6a4f60|rpc:10.1.0.36:15014|admin:10.1.0.36:15013|client:10.1.0.36:15012|dataStream:10.1.0.36:15015|priority:0|startupRole:FOLLOWER]|listeners:[], old=null
2023-09-20 15:46:40,295 [56530fb6-e6be-4313-9c7b-f74137c4f80a@group-F916A9BBA910-LeaderElection6] INFO  server.RaftServerConfigKeys (ConfUtils.java:logGet(46)) - raft.server.staging.catchup.gap = 1000 (default)
2023-09-20 15:46:40,297 [56530fb6-e6be-4313-9c7b-f74137c4f80a@group-F916A9BBA910-LeaderElection6] INFO  server.RaftServerConfigKeys (ConfUtils.java:logGet(46)) - raft.server.write.element-limit = 1024 (custom)
2023-09-20 15:46:40,298 [56530fb6-e6be-4313-9c7b-f74137c4f80a@group-F916A9BBA910-LeaderElection6] INFO  server.RaftServerConfigKeys (ConfUtils.java:logGet(46)) - raft.server.write.byte-limit = 1024 M (=1073741824) (custom)
2023-09-20 15:46:40,299 [56530fb6-e6be-4313-9c7b-f74137c4f80a@group-F916A9BBA910-LeaderElection6] INFO  server.RaftServerConfigKeys (ConfUtils.java:logGet(46)) - raft.server.watch.timeout = 180s (custom)
2023-09-20 15:46:40,299 [56530fb6-e6be-4313-9c7b-f74137c4f80a@group-F916A9BBA910-LeaderElection6] INFO  server.RaftServerConfigKeys (ConfUtils.java:logGet(46)) - raft.server.watch.timeout.denomination = 1s (default)
2023-09-20 15:46:40,299 [56530fb6-e6be-4313-9c7b-f74137c4f80a@group-F916A9BBA910-LeaderElection6] INFO  server.RaftServerConfigKeys (ConfUtils.java:logGet(46)) - raft.server.watch.element-limit = 65536 (default)
2023-09-20 15:46:40,299 [56530fb6-e6be-4313-9c7b-f74137c4f80a@group-F916A9BBA910-LeaderElection6] INFO  server.RaftServerConfigKeys (ConfUtils.java:logGet(46)) - raft.server.write.element-limit = 1024 (custom)
2023-09-20 15:46:40,299 [56530fb6-e6be-4313-9c7b-f74137c4f80a@group-F916A9BBA910-LeaderElection6] INFO  server.RaftServerConfigKeys (ConfUtils.java:logGet(46)) - raft.server.write.follower.gap.ratio.max = -1.0 (default)
2023-09-20 15:46:40,301 [56530fb6-e6be-4313-9c7b-f74137c4f80a@group-F916A9BBA910-LeaderElection6] INFO  impl.RoleInfo (RoleInfo.java:updateAndGet(139)) - 56530fb6-e6be-4313-9c7b-f74137c4f80a: start 56530fb6-e6be-4313-9c7b-f74137c4f80a@group-F916A9BBA910-LeaderStateImpl
2023-09-20 15:46:40,301 [56530fb6-e6be-4313-9c7b-f74137c4f80a@group-F916A9BBA910-LeaderElection6] INFO  segmented.SegmentedRaftLogWorker (SegmentedRaftLogWorker.java:startLogSegment(447)) - 56530fb6-e6be-4313-9c7b-f74137c4f80a@group-F916A9BBA910-SegmentedRaftLogWorker: Starting segment from index:0
2023-09-20 15:46:40,305 [56530fb6-e6be-4313-9c7b-f74137c4f80a@group-F916A9BBA910-SegmentedRaftLogWorker] INFO  segmented.SegmentedRaftLogWorker (SegmentedRaftLogWorker.java:execute(651)) - 56530fb6-e6be-4313-9c7b-f74137c4f80a@group-F916A9BBA910-SegmentedRaftLogWorker: created new log segment /home/runner/work/ozone/ozone/hadoop-ozone/integration-test/target/test-dir/MiniOzoneClusterImpl-8d56696e-0306-4140-8b78-3634a4a6d503/datanode-2/data/ratis/57fb1eb0-f7de-4e74-915b-f916a9bba910/current/log_inprogress_0
2023-09-20 15:46:40,311 [56530fb6-e6be-4313-9c7b-f74137c4f80a@group-F916A9BBA910-LeaderElection6] INFO  server.RaftServer$Division (ServerState.java:setRaftConf(434)) - 56530fb6-e6be-4313-9c7b-f74137c4f80a@group-F916A9BBA910: set configuration 0: peers:[56530fb6-e6be-4313-9c7b-f74137c4f80a|rpc:10.1.0.36:15032|admin:10.1.0.36:15031|client:10.1.0.36:15030|dataStream:10.1.0.36:15033|priority:1|startupRole:FOLLOWER]|listeners:[], old=null
2023-09-20 15:46:40,475 [57fc3420-94a0-4f3c-850d-40c1ae05c77a@group-3C3C1CF53969-FollowerState] INFO  impl.FollowerState (FollowerState.java:run(143)) - 57fc3420-94a0-4f3c-850d-40c1ae05c77a@group-3C3C1CF53969-FollowerState: change to CANDIDATE, lastRpcElapsedTime:5201823034ns, electionTimeout:5184ms
2023-09-20 15:46:40,475 [57fc3420-94a0-4f3c-850d-40c1ae05c77a@group-3C3C1CF53969-FollowerState] INFO  impl.RoleInfo (RoleInfo.java:shutdownFollowerState(110)) - 57fc3420-94a0-4f3c-850d-40c1ae05c77a: shutdown 57fc3420-94a0-4f3c-850d-40c1ae05c77a@group-3C3C1CF53969-FollowerState
2023-09-20 15:46:40,475 [57fc3420-94a0-4f3c-850d-40c1ae05c77a@group-3C3C1CF53969-FollowerState] INFO  server.RaftServer$Division (RaftServerImpl.java:setRole(329)) - 57fc3420-94a0-4f3c-850d-40c1ae05c77a@group-3C3C1CF53969: changes role from  FOLLOWER to CANDIDATE at term 0 for changeToCandidate
2023-09-20 15:46:40,476 [57fc3420-94a0-4f3c-850d-40c1ae05c77a@group-3C3C1CF53969-FollowerState] INFO  server.RaftServerConfigKeys (ConfUtils.java:logGet(46)) - raft.server.leaderelection.pre-vote = true (default)
2023-09-20 15:46:40,476 [57fc3420-94a0-4f3c-850d-40c1ae05c77a@group-3C3C1CF53969-FollowerState] INFO  impl.RoleInfo (RoleInfo.java:updateAndGet(139)) - 57fc3420-94a0-4f3c-850d-40c1ae05c77a: start 57fc3420-94a0-4f3c-850d-40c1ae05c77a@group-3C3C1CF53969-LeaderElection7
2023-09-20 15:46:40,498 [57fc3420-94a0-4f3c-850d-40c1ae05c77a@group-3C3C1CF53969-LeaderElection7] INFO  impl.LeaderElection (LeaderElection.java:askForVotes(321)) - 57fc3420-94a0-4f3c-850d-40c1ae05c77a@group-3C3C1CF53969-LeaderElection7 PRE_VOTE round 0: submit vote requests at term 0 for -1: peers:[57fc3420-94a0-4f3c-850d-40c1ae05c77a|rpc:10.1.0.36:15023|admin:10.1.0.36:15022|client:10.1.0.36:15021|dataStream:10.1.0.36:15024|priority:1|startupRole:FOLLOWER, 56530fb6-e6be-4313-9c7b-f74137c4f80a|rpc:10.1.0.36:15032|admin:10.1.0.36:15031|client:10.1.0.36:15030|dataStream:10.1.0.36:15033|priority:0|startupRole:FOLLOWER, 9499e333-9dfc-4832-8419-7e757e6a4f60|rpc:10.1.0.36:15014|admin:10.1.0.36:15013|client:10.1.0.36:15012|dataStream:10.1.0.36:15015|priority:0|startupRole:FOLLOWER]|listeners:[], old=null
2023-09-20 15:46:40,504 [57fc3420-94a0-4f3c-850d-40c1ae05c77a@group-3C3C1CF53969-LeaderElection7-1] INFO  server.GrpcServerProtocolClient (GrpcServerProtocolClient.java:<init>(65)) - Build channel for 56530fb6-e6be-4313-9c7b-f74137c4f80a
2023-09-20 15:46:40,533 [57fc3420-94a0-4f3c-850d-40c1ae05c77a@group-3C3C1CF53969-LeaderElection7-2] INFO  server.GrpcServerProtocolClient (GrpcServerProtocolClient.java:<init>(65)) - Build channel for 9499e333-9dfc-4832-8419-7e757e6a4f60
2023-09-20 15:46:40,533 [57fc3420-94a0-4f3c-850d-40c1ae05c77a@group-3C3C1CF53969-LeaderElection7] INFO  server.RaftServerConfigKeys (ConfUtils.java:logFallback(53)) - raft.server.rpc.first-election.timeout.min = 5s (fallback to raft.server.rpc.timeout.min)
2023-09-20 15:46:40,537 [grpc-default-executor-0] INFO  server.RaftServer$Division (RaftServerImpl.java:requestVote(1302)) - 56530fb6-e6be-4313-9c7b-f74137c4f80a@group-3C3C1CF53969: receive requestVote(PRE_VOTE, 57fc3420-94a0-4f3c-850d-40c1ae05c77a, group-3C3C1CF53969, 0, (t:0, i:0))
2023-09-20 15:46:40,537 [57fc3420-94a0-4f3c-850d-40c1ae05c77a@group-3C3C1CF53969-LeaderElection7] INFO  server.RaftServerConfigKeys (ConfUtils.java:logFallback(53)) - raft.server.rpc.first-election.timeout.max = 5200ms (fallback to raft.server.rpc.timeout.max)
2023-09-20 15:46:40,538 [grpc-default-executor-0] INFO  impl.VoteContext (VoteContext.java:log(49)) - 56530fb6-e6be-4313-9c7b-f74137c4f80a@group-3C3C1CF53969-FOLLOWER: accept PRE_VOTE from 57fc3420-94a0-4f3c-850d-40c1ae05c77a: our priority 0 <= candidate's priority 1
2023-09-20 15:46:40,538 [grpc-default-executor-0] INFO  server.RaftServer$Division (RaftServerImpl.java:requestVote(1335)) - 56530fb6-e6be-4313-9c7b-f74137c4f80a@group-3C3C1CF53969 replies to PRE_VOTE vote request: 57fc3420-94a0-4f3c-850d-40c1ae05c77a<-56530fb6-e6be-4313-9c7b-f74137c4f80a#0:OK-t0. Peer's state: 56530fb6-e6be-4313-9c7b-f74137c4f80a@group-3C3C1CF53969:t0, leader=null, voted=, raftlog=Memoized:56530fb6-e6be-4313-9c7b-f74137c4f80a@group-3C3C1CF53969-SegmentedRaftLog:OPENED:c-1, conf=-1: peers:[57fc3420-94a0-4f3c-850d-40c1ae05c77a|rpc:10.1.0.36:15023|admin:10.1.0.36:15022|client:10.1.0.36:15021|dataStream:10.1.0.36:15024|priority:1|startupRole:FOLLOWER, 56530fb6-e6be-4313-9c7b-f74137c4f80a|rpc:10.1.0.36:15032|admin:10.1.0.36:15031|client:10.1.0.36:15030|dataStream:10.1.0.36:15033|priority:0|startupRole:FOLLOWER, 9499e333-9dfc-4832-8419-7e757e6a4f60|rpc:10.1.0.36:15014|admin:10.1.0.36:15013|client:10.1.0.36:15012|dataStream:10.1.0.36:15015|priority:0|startupRole:FOLLOWER]|listeners:[], old=null
2023-09-20 15:46:40,540 [57fc3420-94a0-4f3c-850d-40c1ae05c77a@group-3C3C1CF53969-LeaderElection7] INFO  impl.LeaderElection (LeaderElection.java:logAndReturn(90)) - 57fc3420-94a0-4f3c-850d-40c1ae05c77a@group-3C3C1CF53969-LeaderElection7: PRE_VOTE PASSED received 1 response(s) and 0 exception(s):
2023-09-20 15:46:40,540 [57fc3420-94a0-4f3c-850d-40c1ae05c77a@group-3C3C1CF53969-LeaderElection7] INFO  impl.LeaderElection (LeaderElection.java:logAndReturn(94)) -   Response 0: 57fc3420-94a0-4f3c-850d-40c1ae05c77a<-56530fb6-e6be-4313-9c7b-f74137c4f80a#0:OK-t0
2023-09-20 15:46:40,540 [57fc3420-94a0-4f3c-850d-40c1ae05c77a@group-3C3C1CF53969-LeaderElection7] INFO  impl.LeaderElection (LeaderElection.java:askForVotes(323)) - 57fc3420-94a0-4f3c-850d-40c1ae05c77a@group-3C3C1CF53969-LeaderElection7 PRE_VOTE round 0: result PASSED
2023-09-20 15:46:40,542 [57fc3420-94a0-4f3c-850d-40c1ae05c77a@group-3C3C1CF53969-LeaderElection7] INFO  impl.LeaderElection (LeaderElection.java:askForVotes(321)) - 57fc3420-94a0-4f3c-850d-40c1ae05c77a@group-3C3C1CF53969-LeaderElection7 ELECTION round 0: submit vote requests at term 1 for -1: peers:[57fc3420-94a0-4f3c-850d-40c1ae05c77a|rpc:10.1.0.36:15023|admin:10.1.0.36:15022|client:10.1.0.36:15021|dataStream:10.1.0.36:15024|priority:1|startupRole:FOLLOWER, 56530fb6-e6be-4313-9c7b-f74137c4f80a|rpc:10.1.0.36:15032|admin:10.1.0.36:15031|client:10.1.0.36:15030|dataStream:10.1.0.36:15033|priority:0|startupRole:FOLLOWER, 9499e333-9dfc-4832-8419-7e757e6a4f60|rpc:10.1.0.36:15014|admin:10.1.0.36:15013|client:10.1.0.36:15012|dataStream:10.1.0.36:15015|priority:0|startupRole:FOLLOWER]|listeners:[], old=null
2023-09-20 15:46:40,552 [57fc3420-94a0-4f3c-850d-40c1ae05c77a@group-3C3C1CF53969-LeaderElection7] INFO  server.RaftServerConfigKeys (ConfUtils.java:logFallback(53)) - raft.server.rpc.first-election.timeout.min = 5s (fallback to raft.server.rpc.timeout.min)
2023-09-20 15:46:40,552 [57fc3420-94a0-4f3c-850d-40c1ae05c77a@group-3C3C1CF53969-LeaderElection7] INFO  server.RaftServerConfigKeys (ConfUtils.java:logFallback(53)) - raft.server.rpc.first-election.timeout.max = 5200ms (fallback to raft.server.rpc.timeout.max)
2023-09-20 15:46:40,555 [grpc-default-executor-5] INFO  server.RaftServer$Division (RaftServerImpl.java:requestVote(1302)) - 56530fb6-e6be-4313-9c7b-f74137c4f80a@group-3C3C1CF53969: receive requestVote(ELECTION, 57fc3420-94a0-4f3c-850d-40c1ae05c77a, group-3C3C1CF53969, 1, (t:0, i:0))
2023-09-20 15:46:40,556 [grpc-default-executor-5] INFO  impl.VoteContext (VoteContext.java:log(49)) - 56530fb6-e6be-4313-9c7b-f74137c4f80a@group-3C3C1CF53969-FOLLOWER: accept ELECTION from 57fc3420-94a0-4f3c-850d-40c1ae05c77a: our priority 0 <= candidate's priority 1
2023-09-20 15:46:40,556 [grpc-default-executor-5] INFO  server.RaftServer$Division (RaftServerImpl.java:setRole(329)) - 56530fb6-e6be-4313-9c7b-f74137c4f80a@group-3C3C1CF53969: changes role from  FOLLOWER to FOLLOWER at term 1 for candidate:57fc3420-94a0-4f3c-850d-40c1ae05c77a
2023-09-20 15:46:40,556 [grpc-default-executor-5] INFO  impl.RoleInfo (RoleInfo.java:shutdownFollowerState(110)) - 56530fb6-e6be-4313-9c7b-f74137c4f80a: shutdown 56530fb6-e6be-4313-9c7b-f74137c4f80a@group-3C3C1CF53969-FollowerState
2023-09-20 15:46:40,556 [grpc-default-executor-5] INFO  impl.RoleInfo (RoleInfo.java:updateAndGet(139)) - 56530fb6-e6be-4313-9c7b-f74137c4f80a: start 56530fb6-e6be-4313-9c7b-f74137c4f80a@group-3C3C1CF53969-FollowerState
2023-09-20 15:46:40,557 [56530fb6-e6be-4313-9c7b-f74137c4f80a@group-3C3C1CF53969-FollowerState] INFO  impl.FollowerState (FollowerState.java:run(152)) - 56530fb6-e6be-4313-9c7b-f74137c4f80a@group-3C3C1CF53969-FollowerState was interrupted
2023-09-20 15:46:40,561 [grpc-default-executor-5] INFO  server.RaftServer$Division (RaftServerImpl.java:requestVote(1335)) - 56530fb6-e6be-4313-9c7b-f74137c4f80a@group-3C3C1CF53969 replies to ELECTION vote request: 57fc3420-94a0-4f3c-850d-40c1ae05c77a<-56530fb6-e6be-4313-9c7b-f74137c4f80a#0:OK-t1. Peer's state: 56530fb6-e6be-4313-9c7b-f74137c4f80a@group-3C3C1CF53969:t1, leader=null, voted=57fc3420-94a0-4f3c-850d-40c1ae05c77a, raftlog=Memoized:56530fb6-e6be-4313-9c7b-f74137c4f80a@group-3C3C1CF53969-SegmentedRaftLog:OPENED:c-1, conf=-1: peers:[57fc3420-94a0-4f3c-850d-40c1ae05c77a|rpc:10.1.0.36:15023|admin:10.1.0.36:15022|client:10.1.0.36:15021|dataStream:10.1.0.36:15024|priority:1|startupRole:FOLLOWER, 56530fb6-e6be-4313-9c7b-f74137c4f80a|rpc:10.1.0.36:15032|admin:10.1.0.36:15031|client:10.1.0.36:15030|dataStream:10.1.0.36:15033|priority:0|startupRole:FOLLOWER, 9499e333-9dfc-4832-8419-7e757e6a4f60|rpc:10.1.0.36:15014|admin:10.1.0.36:15013|client:10.1.0.36:15012|dataStream:10.1.0.36:15015|priority:0|startupRole:FOLLOWER]|listeners:[], old=null
2023-09-20 15:46:40,576 [57fc3420-94a0-4f3c-850d-40c1ae05c77a@group-3C3C1CF53969-LeaderElection7] INFO  impl.LeaderElection (LeaderElection.java:logAndReturn(90)) - 57fc3420-94a0-4f3c-850d-40c1ae05c77a@group-3C3C1CF53969-LeaderElection7: ELECTION PASSED received 1 response(s) and 0 exception(s):
2023-09-20 15:46:40,576 [57fc3420-94a0-4f3c-850d-40c1ae05c77a@group-3C3C1CF53969-LeaderElection7] INFO  impl.LeaderElection (LeaderElection.java:logAndReturn(94)) -   Response 0: 57fc3420-94a0-4f3c-850d-40c1ae05c77a<-56530fb6-e6be-4313-9c7b-f74137c4f80a#0:OK-t1
2023-09-20 15:46:40,576 [57fc3420-94a0-4f3c-850d-40c1ae05c77a@group-3C3C1CF53969-LeaderElection7] INFO  impl.LeaderElection (LeaderElection.java:askForVotes(323)) - 57fc3420-94a0-4f3c-850d-40c1ae05c77a@group-3C3C1CF53969-LeaderElection7 ELECTION round 0: result PASSED
2023-09-20 15:46:40,576 [57fc3420-94a0-4f3c-850d-40c1ae05c77a@group-3C3C1CF53969-LeaderElection7] INFO  impl.RoleInfo (RoleInfo.java:shutdownLeaderElection(130)) - 57fc3420-94a0-4f3c-850d-40c1ae05c77a: shutdown 57fc3420-94a0-4f3c-850d-40c1ae05c77a@group-3C3C1CF53969-LeaderElection7
2023-09-20 15:46:40,576 [57fc3420-94a0-4f3c-850d-40c1ae05c77a@group-3C3C1CF53969-LeaderElection7] INFO  server.RaftServer$Division (RaftServerImpl.java:setRole(329)) - 57fc3420-94a0-4f3c-850d-40c1ae05c77a@group-3C3C1CF53969: changes role from CANDIDATE to LEADER at term 1 for changeToLeader
2023-09-20 15:46:40,577 [57fc3420-94a0-4f3c-850d-40c1ae05c77a@group-3C3C1CF53969-LeaderElection7] INFO  ratis.XceiverServerRatis (XceiverServerRatis.java:handleLeaderChangedNotification(902)) - Leader change notification received for group: group-3C3C1CF53969 with new leaderId: 57fc3420-94a0-4f3c-850d-40c1ae05c77a
2023-09-20 15:46:40,577 [57fc3420-94a0-4f3c-850d-40c1ae05c77a@group-3C3C1CF53969-LeaderElection7] INFO  server.RaftServer$Division (ServerState.java:setLeader(317)) - 57fc3420-94a0-4f3c-850d-40c1ae05c77a@group-3C3C1CF53969: change Leader from null to 57fc3420-94a0-4f3c-850d-40c1ae05c77a at term 1 for becomeLeader, leader elected after 5390ms
2023-09-20 15:46:40,577 [57fc3420-94a0-4f3c-850d-40c1ae05c77a@group-3C3C1CF53969-LeaderElection7] INFO  server.RaftServerConfigKeys (ConfUtils.java:logGet(46)) - raft.server.staging.catchup.gap = 1000 (default)
2023-09-20 15:46:40,577 [57fc3420-94a0-4f3c-850d-40c1ae05c77a@group-3C3C1CF53969-LeaderElection7] INFO  server.RaftServerConfigKeys (ConfUtils.java:logGet(46)) - raft.server.write.element-limit = 1024 (custom)
2023-09-20 15:46:40,577 [57fc3420-94a0-4f3c-850d-40c1ae05c77a@group-3C3C1CF53969-LeaderElection7] INFO  server.RaftServerConfigKeys (ConfUtils.java:logGet(46)) - raft.server.write.byte-limit = 1024 M (=1073741824) (custom)
2023-09-20 15:46:40,578 [57fc3420-94a0-4f3c-850d-40c1ae05c77a@group-3C3C1CF53969-LeaderElection7] INFO  server.RaftServerConfigKeys (ConfUtils.java:logGet(46)) - raft.server.watch.timeout = 180s (custom)
2023-09-20 15:46:40,578 [57fc3420-94a0-4f3c-850d-40c1ae05c77a@group-3C3C1CF53969-LeaderElection7] INFO  server.RaftServerConfigKeys (ConfUtils.java:logGet(46)) - raft.server.watch.timeout.denomination = 1s (default)
2023-09-20 15:46:40,578 [57fc3420-94a0-4f3c-850d-40c1ae05c77a@group-3C3C1CF53969-LeaderElection7] INFO  server.RaftServerConfigKeys (ConfUtils.java:logGet(46)) - raft.server.watch.element-limit = 65536 (default)
2023-09-20 15:46:40,578 [57fc3420-94a0-4f3c-850d-40c1ae05c77a@group-3C3C1CF53969-LeaderElection7] INFO  server.RaftServerConfigKeys (ConfUtils.java:logGet(46)) - raft.server.write.element-limit = 1024 (custom)
2023-09-20 15:46:40,578 [57fc3420-94a0-4f3c-850d-40c1ae05c77a@group-3C3C1CF53969-LeaderElection7] INFO  server.RaftServerConfigKeys (ConfUtils.java:logGet(46)) - raft.server.write.follower.gap.ratio.max = -1.0 (default)
2023-09-20 15:46:40,579 [57fc3420-94a0-4f3c-850d-40c1ae05c77a@group-3C3C1CF53969-LeaderElection7] INFO  server.RaftServerConfigKeys (ConfUtils.java:logGet(46)) - raft.server.log.appender.snapshot.chunk.size.max = 16MB (=16777216) (default)
2023-09-20 15:46:40,579 [57fc3420-94a0-4f3c-850d-40c1ae05c77a@group-3C3C1CF53969-LeaderElection7] INFO  server.RaftServerConfigKeys (ConfUtils.java:logGet(46)) - raft.server.log.appender.buffer.byte-limit = 33554432 (custom)
2023-09-20 15:46:40,579 [57fc3420-94a0-4f3c-850d-40c1ae05c77a@group-3C3C1CF53969-LeaderElection7] INFO  server.RaftServerConfigKeys (ConfUtils.java:logGet(46)) - raft.server.log.appender.buffer.element-limit = 1 (custom)
2023-09-20 15:46:40,586 [57fc3420-94a0-4f3c-850d-40c1ae05c77a@group-3C3C1CF53969-LeaderElection7] INFO  server.RaftServerConfigKeys (ConfUtils.java:logGet(46)) - raft.server.log.appender.wait-time.min = 10ms (default)
2023-09-20 15:46:40,595 [grpc-default-executor-5] INFO  server.RaftServer$Division (RaftServerImpl.java:requestVote(1302)) - 9499e333-9dfc-4832-8419-7e757e6a4f60@group-3C3C1CF53969: receive requestVote(ELECTION, 57fc3420-94a0-4f3c-850d-40c1ae05c77a, group-3C3C1CF53969, 1, (t:0, i:0))
2023-09-20 15:46:40,598 [EventQueue-PipelineReportForPipelineReportHandler] INFO  pipeline.PipelineReportHandler (PipelineReportHandler.java:processPipelineReport(136)) - Opened pipeline PipelineID=45574c07-9142-4879-8024-3c3c1cf53969
2023-09-20 15:46:40,587 [57fc3420-94a0-4f3c-850d-40c1ae05c77a@group-3C3C1CF53969-LeaderElection7] INFO  grpc.GrpcConfigKeys (ConfUtils.java:logGet(46)) - raft.grpc.server.leader.outstanding.appends.max = 128 (default)
2023-09-20 15:46:40,595 [grpc-default-executor-0] INFO  server.RaftServer$Division (RaftServerImpl.java:requestVote(1302)) - 9499e333-9dfc-4832-8419-7e757e6a4f60@group-3C3C1CF53969: receive requestVote(PRE_VOTE, 57fc3420-94a0-4f3c-850d-40c1ae05c77a, group-3C3C1CF53969, 0, (t:0, i:0))
2023-09-20 15:46:40,600 [57fc3420-94a0-4f3c-850d-40c1ae05c77a@group-3C3C1CF53969-LeaderElection7] INFO  server.RaftServerConfigKeys (ConfUtils.java:logGet(46)) - raft.server.rpc.request.timeout = 60s (custom)
2023-09-20 15:46:40,600 [57fc3420-94a0-4f3c-850d-40c1ae05c77a@group-3C3C1CF53969-LeaderElection7] INFO  grpc.GrpcConfigKeys (ConfUtils.java:logGet(46)) - raft.grpc.server.install_snapshot.request.element-limit = 8 (default)
2023-09-20 15:46:40,600 [grpc-default-executor-0] INFO  impl.VoteContext (VoteContext.java:log(49)) - 9499e333-9dfc-4832-8419-7e757e6a4f60@group-3C3C1CF53969-FOLLOWER: accept PRE_VOTE from 57fc3420-94a0-4f3c-850d-40c1ae05c77a: our priority 0 <= candidate's priority 1
2023-09-20 15:46:40,600 [57fc3420-94a0-4f3c-850d-40c1ae05c77a@group-3C3C1CF53969-LeaderElection7] INFO  grpc.GrpcConfigKeys (ConfUtils.java:logGet(46)) - raft.grpc.server.install_snapshot.request.timeout = 3000ms (default)
2023-09-20 15:46:40,601 [grpc-default-executor-0] INFO  server.RaftServer$Division (RaftServerImpl.java:requestVote(1335)) - 9499e333-9dfc-4832-8419-7e757e6a4f60@group-3C3C1CF53969 replies to PRE_VOTE vote request: 57fc3420-94a0-4f3c-850d-40c1ae05c77a<-9499e333-9dfc-4832-8419-7e757e6a4f60#0:OK-t0. Peer's state: 9499e333-9dfc-4832-8419-7e757e6a4f60@group-3C3C1CF53969:t0, leader=null, voted=, raftlog=Memoized:9499e333-9dfc-4832-8419-7e757e6a4f60@group-3C3C1CF53969-SegmentedRaftLog:OPENED:c-1, conf=-1: peers:[57fc3420-94a0-4f3c-850d-40c1ae05c77a|rpc:10.1.0.36:15023|admin:10.1.0.36:15022|client:10.1.0.36:15021|dataStream:10.1.0.36:15024|priority:1|startupRole:FOLLOWER, 56530fb6-e6be-4313-9c7b-f74137c4f80a|rpc:10.1.0.36:15032|admin:10.1.0.36:15031|client:10.1.0.36:15030|dataStream:10.1.0.36:15033|priority:0|startupRole:FOLLOWER, 9499e333-9dfc-4832-8419-7e757e6a4f60|rpc:10.1.0.36:15014|admin:10.1.0.36:15013|client:10.1.0.36:15012|dataStream:10.1.0.36:15015|priority:0|startupRole:FOLLOWER]|listeners:[], old=null
2023-09-20 15:46:40,601 [57fc3420-94a0-4f3c-850d-40c1ae05c77a@group-3C3C1CF53969-LeaderElection7] INFO  server.RaftServerConfigKeys (ConfUtils.java:logGet(46)) - raft.server.log.appender.install.snapshot.enabled = false (custom)
2023-09-20 15:46:40,601 [57fc3420-94a0-4f3c-850d-40c1ae05c77a@group-3C3C1CF53969-LeaderElection7] INFO  grpc.GrpcConfigKeys (ConfUtils.java:logGet(46)) - raft.grpc.server.heartbeat.channel = true (default)
2023-09-20 15:46:40,602 [57fc3420-94a0-4f3c-850d-40c1ae05c77a@group-3C3C1CF53969-LeaderElection7] INFO  server.RaftServerConfigKeys (ConfUtils.java:logGet(46)) - raft.server.log.appender.snapshot.chunk.size.max = 16MB (=16777216) (default)
2023-09-20 15:46:40,602 [57fc3420-94a0-4f3c-850d-40c1ae05c77a@group-3C3C1CF53969-LeaderElection7] INFO  server.RaftServerConfigKeys (ConfUtils.java:logGet(46)) - raft.server.log.appender.buffer.byte-limit = 33554432 (custom)
2023-09-20 15:46:40,602 [57fc3420-94a0-4f3c-850d-40c1ae05c77a@group-3C3C1CF53969-LeaderElection7] INFO  server.RaftServerConfigKeys (ConfUtils.java:logGet(46)) - raft.server.log.appender.buffer.element-limit = 1 (custom)
2023-09-20 15:46:40,602 [57fc3420-94a0-4f3c-850d-40c1ae05c77a@group-3C3C1CF53969-LeaderElection7] INFO  server.RaftServerConfigKeys (ConfUtils.java:logGet(46)) - raft.server.log.appender.wait-time.min = 10ms (default)
2023-09-20 15:46:40,602 [57fc3420-94a0-4f3c-850d-40c1ae05c77a@group-3C3C1CF53969-LeaderElection7] INFO  grpc.GrpcConfigKeys (ConfUtils.java:logGet(46)) - raft.grpc.server.leader.outstanding.appends.max = 128 (default)
2023-09-20 15:46:40,602 [57fc3420-94a0-4f3c-850d-40c1ae05c77a@group-3C3C1CF53969-LeaderElection7] INFO  server.RaftServerConfigKeys (ConfUtils.java:logGet(46)) - raft.server.rpc.request.timeout = 60s (custom)
2023-09-20 15:46:40,604 [grpc-default-executor-5] INFO  impl.VoteContext (VoteContext.java:log(49)) - 9499e333-9dfc-4832-8419-7e757e6a4f60@group-3C3C1CF53969-FOLLOWER: accept ELECTION from 57fc3420-94a0-4f3c-850d-40c1ae05c77a: our priority 0 <= candidate's priority 1
2023-09-20 15:46:40,604 [57fc3420-94a0-4f3c-850d-40c1ae05c77a@group-3C3C1CF53969-LeaderElection7] INFO  grpc.GrpcConfigKeys (ConfUtils.java:logGet(46)) - raft.grpc.server.install_snapshot.request.element-limit = 8 (default)
2023-09-20 15:46:40,610 [grpc-default-executor-5] INFO  server.RaftServer$Division (RaftServerImpl.java:setRole(329)) - 9499e333-9dfc-4832-8419-7e757e6a4f60@group-3C3C1CF53969: changes role from  FOLLOWER to FOLLOWER at term 1 for candidate:57fc3420-94a0-4f3c-850d-40c1ae05c77a
2023-09-20 15:46:40,611 [grpc-default-executor-5] INFO  impl.RoleInfo (RoleInfo.java:shutdownFollowerState(110)) - 9499e333-9dfc-4832-8419-7e757e6a4f60: shutdown 9499e333-9dfc-4832-8419-7e757e6a4f60@group-3C3C1CF53969-FollowerState
2023-09-20 15:46:40,611 [9499e333-9dfc-4832-8419-7e757e6a4f60@group-3C3C1CF53969-FollowerState] INFO  impl.FollowerState (FollowerState.java:run(152)) - 9499e333-9dfc-4832-8419-7e757e6a4f60@group-3C3C1CF53969-FollowerState was interrupted
2023-09-20 15:46:40,611 [57fc3420-94a0-4f3c-850d-40c1ae05c77a@group-3C3C1CF53969-LeaderElection7] INFO  grpc.GrpcConfigKeys (ConfUtils.java:logGet(46)) - raft.grpc.server.install_snapshot.request.timeout = 3000ms (default)
2023-09-20 15:46:40,611 [grpc-default-executor-5] INFO  impl.RoleInfo (RoleInfo.java:updateAndGet(139)) - 9499e333-9dfc-4832-8419-7e757e6a4f60: start 9499e333-9dfc-4832-8419-7e757e6a4f60@group-3C3C1CF53969-FollowerState
2023-09-20 15:46:40,617 [57fc3420-94a0-4f3c-850d-40c1ae05c77a@group-3C3C1CF53969-LeaderElection7] INFO  server.RaftServerConfigKeys (ConfUtils.java:logGet(46)) - raft.server.log.appender.install.snapshot.enabled = false (custom)
2023-09-20 15:46:40,617 [57fc3420-94a0-4f3c-850d-40c1ae05c77a@group-3C3C1CF53969-LeaderElection7] INFO  grpc.GrpcConfigKeys (ConfUtils.java:logGet(46)) - raft.grpc.server.heartbeat.channel = true (default)
2023-09-20 15:46:40,618 [57fc3420-94a0-4f3c-850d-40c1ae05c77a@group-3C3C1CF53969-LeaderElection7] INFO  impl.RoleInfo (RoleInfo.java:updateAndGet(139)) - 57fc3420-94a0-4f3c-850d-40c1ae05c77a: start 57fc3420-94a0-4f3c-850d-40c1ae05c77a@group-3C3C1CF53969-LeaderStateImpl
2023-09-20 15:46:40,618 [57fc3420-94a0-4f3c-850d-40c1ae05c77a@group-3C3C1CF53969-LeaderElection7] INFO  segmented.SegmentedRaftLogWorker (SegmentedRaftLogWorker.java:startLogSegment(447)) - 57fc3420-94a0-4f3c-850d-40c1ae05c77a@group-3C3C1CF53969-SegmentedRaftLogWorker: Starting segment from index:0
2023-09-20 15:46:40,630 [grpc-default-executor-5] INFO  server.RaftServer$Division (RaftServerImpl.java:requestVote(1335)) - 9499e333-9dfc-4832-8419-7e757e6a4f60@group-3C3C1CF53969 replies to ELECTION vote request: 57fc3420-94a0-4f3c-850d-40c1ae05c77a<-9499e333-9dfc-4832-8419-7e757e6a4f60#0:OK-t1. Peer's state: 9499e333-9dfc-4832-8419-7e757e6a4f60@group-3C3C1CF53969:t1, leader=null, voted=57fc3420-94a0-4f3c-850d-40c1ae05c77a, raftlog=Memoized:9499e333-9dfc-4832-8419-7e757e6a4f60@group-3C3C1CF53969-SegmentedRaftLog:OPENED:c-1, conf=-1: peers:[57fc3420-94a0-4f3c-850d-40c1ae05c77a|rpc:10.1.0.36:15023|admin:10.1.0.36:15022|client:10.1.0.36:15021|dataStream:10.1.0.36:15024|priority:1|startupRole:FOLLOWER, 56530fb6-e6be-4313-9c7b-f74137c4f80a|rpc:10.1.0.36:15032|admin:10.1.0.36:15031|client:10.1.0.36:15030|dataStream:10.1.0.36:15033|priority:0|startupRole:FOLLOWER, 9499e333-9dfc-4832-8419-7e757e6a4f60|rpc:10.1.0.36:15014|admin:10.1.0.36:15013|client:10.1.0.36:15012|dataStream:10.1.0.36:15015|priority:0|startupRole:FOLLOWER]|listeners:[], old=null
2023-09-20 15:46:40,631 [57fc3420-94a0-4f3c-850d-40c1ae05c77a@group-3C3C1CF53969-SegmentedRaftLogWorker] INFO  segmented.SegmentedRaftLogWorker (SegmentedRaftLogWorker.java:execute(651)) - 57fc3420-94a0-4f3c-850d-40c1ae05c77a@group-3C3C1CF53969-SegmentedRaftLogWorker: created new log segment /home/runner/work/ozone/ozone/hadoop-ozone/integration-test/target/test-dir/MiniOzoneClusterImpl-8d56696e-0306-4140-8b78-3634a4a6d503/datanode-1/data/ratis/45574c07-9142-4879-8024-3c3c1cf53969/current/log_inprogress_0
2023-09-20 15:46:40,644 [57fc3420-94a0-4f3c-850d-40c1ae05c77a@group-3C3C1CF53969-LeaderElection7] INFO  server.RaftServer$Division (ServerState.java:setRaftConf(434)) - 57fc3420-94a0-4f3c-850d-40c1ae05c77a@group-3C3C1CF53969: set configuration 0: peers:[57fc3420-94a0-4f3c-850d-40c1ae05c77a|rpc:10.1.0.36:15023|admin:10.1.0.36:15022|client:10.1.0.36:15021|dataStream:10.1.0.36:15024|priority:1|startupRole:FOLLOWER, 56530fb6-e6be-4313-9c7b-f74137c4f80a|rpc:10.1.0.36:15032|admin:10.1.0.36:15031|client:10.1.0.36:15030|dataStream:10.1.0.36:15033|priority:0|startupRole:FOLLOWER, 9499e333-9dfc-4832-8419-7e757e6a4f60|rpc:10.1.0.36:15014|admin:10.1.0.36:15013|client:10.1.0.36:15012|dataStream:10.1.0.36:15015|priority:0|startupRole:FOLLOWER]|listeners:[], old=null
2023-09-20 15:46:40,693 [9499e333-9dfc-4832-8419-7e757e6a4f60-server-thread1] INFO  ratis.XceiverServerRatis (XceiverServerRatis.java:handleLeaderChangedNotification(902)) - Leader change notification received for group: group-3C3C1CF53969 with new leaderId: 57fc3420-94a0-4f3c-850d-40c1ae05c77a
2023-09-20 15:46:40,693 [9499e333-9dfc-4832-8419-7e757e6a4f60-server-thread1] INFO  server.RaftServer$Division (ServerState.java:setLeader(317)) - 9499e333-9dfc-4832-8419-7e757e6a4f60@group-3C3C1CF53969: change Leader from null to 57fc3420-94a0-4f3c-850d-40c1ae05c77a at term 1 for appendEntries, leader elected after 5487ms
2023-09-20 15:46:40,697 [9499e333-9dfc-4832-8419-7e757e6a4f60-server-thread1] INFO  server.RaftServer$Division (ServerState.java:setRaftConf(434)) - 9499e333-9dfc-4832-8419-7e757e6a4f60@group-3C3C1CF53969: set configuration 0: peers:[57fc3420-94a0-4f3c-850d-40c1ae05c77a|rpc:10.1.0.36:15023|admin:10.1.0.36:15022|client:10.1.0.36:15021|dataStream:10.1.0.36:15024|priority:1|startupRole:FOLLOWER, 56530fb6-e6be-4313-9c7b-f74137c4f80a|rpc:10.1.0.36:15032|admin:10.1.0.36:15031|client:10.1.0.36:15030|dataStream:10.1.0.36:15033|priority:0|startupRole:FOLLOWER, 9499e333-9dfc-4832-8419-7e757e6a4f60|rpc:10.1.0.36:15014|admin:10.1.0.36:15013|client:10.1.0.36:15012|dataStream:10.1.0.36:15015|priority:0|startupRole:FOLLOWER]|listeners:[], old=null
2023-09-20 15:46:40,697 [9499e333-9dfc-4832-8419-7e757e6a4f60-server-thread1] INFO  segmented.SegmentedRaftLogWorker (SegmentedRaftLogWorker.java:startLogSegment(447)) - 9499e333-9dfc-4832-8419-7e757e6a4f60@group-3C3C1CF53969-SegmentedRaftLogWorker: Starting segment from index:0
2023-09-20 15:46:40,700 [56530fb6-e6be-4313-9c7b-f74137c4f80a-server-thread2] INFO  ratis.XceiverServerRatis (XceiverServerRatis.java:handleLeaderChangedNotification(902)) - Leader change notification received for group: group-3C3C1CF53969 with new leaderId: 57fc3420-94a0-4f3c-850d-40c1ae05c77a
2023-09-20 15:46:40,700 [56530fb6-e6be-4313-9c7b-f74137c4f80a-server-thread2] INFO  server.RaftServer$Division (ServerState.java:setLeader(317)) - 56530fb6-e6be-4313-9c7b-f74137c4f80a@group-3C3C1CF53969: change Leader from null to 57fc3420-94a0-4f3c-850d-40c1ae05c77a at term 1 for appendEntries, leader elected after 5608ms
2023-09-20 15:46:40,700 [9499e333-9dfc-4832-8419-7e757e6a4f60@group-3C3C1CF53969-SegmentedRaftLogWorker] INFO  segmented.SegmentedRaftLogWorker (SegmentedRaftLogWorker.java:execute(651)) - 9499e333-9dfc-4832-8419-7e757e6a4f60@group-3C3C1CF53969-SegmentedRaftLogWorker: created new log segment /home/runner/work/ozone/ozone/hadoop-ozone/integration-test/target/test-dir/MiniOzoneClusterImpl-8d56696e-0306-4140-8b78-3634a4a6d503/datanode-0/data/ratis/45574c07-9142-4879-8024-3c3c1cf53969/current/log_inprogress_0
2023-09-20 15:46:40,705 [56530fb6-e6be-4313-9c7b-f74137c4f80a-server-thread1] INFO  server.RaftServer$Division (ServerState.java:setRaftConf(434)) - 56530fb6-e6be-4313-9c7b-f74137c4f80a@group-3C3C1CF53969: set configuration 0: peers:[57fc3420-94a0-4f3c-850d-40c1ae05c77a|rpc:10.1.0.36:15023|admin:10.1.0.36:15022|client:10.1.0.36:15021|dataStream:10.1.0.36:15024|priority:1|startupRole:FOLLOWER, 56530fb6-e6be-4313-9c7b-f74137c4f80a|rpc:10.1.0.36:15032|admin:10.1.0.36:15031|client:10.1.0.36:15030|dataStream:10.1.0.36:15033|priority:0|startupRole:FOLLOWER, 9499e333-9dfc-4832-8419-7e757e6a4f60|rpc:10.1.0.36:15014|admin:10.1.0.36:15013|client:10.1.0.36:15012|dataStream:10.1.0.36:15015|priority:0|startupRole:FOLLOWER]|listeners:[], old=null
2023-09-20 15:46:40,705 [56530fb6-e6be-4313-9c7b-f74137c4f80a-server-thread1] INFO  segmented.SegmentedRaftLogWorker (SegmentedRaftLogWorker.java:startLogSegment(447)) - 56530fb6-e6be-4313-9c7b-f74137c4f80a@group-3C3C1CF53969-SegmentedRaftLogWorker: Starting segment from index:0
2023-09-20 15:46:40,707 [56530fb6-e6be-4313-9c7b-f74137c4f80a@group-3C3C1CF53969-SegmentedRaftLogWorker] INFO  segmented.SegmentedRaftLogWorker (SegmentedRaftLogWorker.java:execute(651)) - 56530fb6-e6be-4313-9c7b-f74137c4f80a@group-3C3C1CF53969-SegmentedRaftLogWorker: created new log segment /home/runner/work/ozone/ozone/hadoop-ozone/integration-test/target/test-dir/MiniOzoneClusterImpl-8d56696e-0306-4140-8b78-3634a4a6d503/datanode-2/data/ratis/45574c07-9142-4879-8024-3c3c1cf53969/current/log_inprogress_0
2023-09-20 15:46:41,013 [main] INFO  rpc.RpcClient (RpcClient.java:createVolume(461)) - Creating Volume: vol1, with user51393 as owner and space quota set to -1 bytes, counts quota set to -1
2023-09-20 15:46:41,092 [OM StateMachine ApplyTransaction Thread - 0] INFO  volume.OMVolumeCreateRequest (OMVolumeCreateRequest.java:validateAndUpdateCache(196)) - created volume:vol1 for user:user51393
2023-09-20 15:46:41,119 [main] INFO  rpc.RpcClient (RpcClient.java:createBucket(688)) - Creating Bucket: vol1/bucket1, with bucket layout LEGACY, runner as owner, Versioning false, Storage Type set to DISK and Encryption set to false, Replication Type set to server-side default replication type, Namespace Quota set to -1, Space Quota set to -1 
2023-09-20 15:46:41,140 [OM StateMachine ApplyTransaction Thread - 0] INFO  bucket.OMBucketCreateRequest (OMBucketCreateRequest.java:validateAndUpdateCache(270)) - created bucket: bucket1 of layout LEGACY in volume: vol1
2023-09-20 15:46:41,212 [IPC Server handler 0 on default port 15001] INFO  ha.SequenceIdGenerator (SequenceIdGenerator.java:getNextId(140)) - Allocate a batch for containerId, change lastId from 0 to 1000.
2023-09-20 15:46:41,228 [IPC Server handler 0 on default port 15001] WARN  ha.SequenceIdGenerator (SequenceIdGenerator.java:allocateBatch(253)) - Failed to allocate a batch for localId, expected lastId is 0, actual lastId is 111677748019200000.
2023-09-20 15:46:41,228 [IPC Server handler 0 on default port 15001] INFO  ha.SequenceIdGenerator (SequenceIdGenerator.java:getNextId(140)) - Allocate a batch for localId, change lastId from 111677748019200000 to 111677748019201000.
2023-09-20 15:46:41,340 [main] INFO  impl.MetricsSystemImpl (MetricsSystemImpl.java:init(158)) - XceiverClientMetrics metrics system started (again)
2023-09-20 15:46:41,341 [main] INFO  lib.Interns (Interns.java:removeEldestEntry(50)) - Metrics intern cache overflow at 2011 for MetricsSystem={MetricsSystem=MetricsInfoImpl{name=MetricsSystem, description=MetricsSystem}, MetricsSystem record=MetricsInfoImpl{name=MetricsSystem, description=MetricsSystem record}}
2023-09-20 15:46:43,902 [main] INFO  om.TestSnapshotDeletingService (TestSnapshotDeletingService.java:assertTableRowCount(567)) - keyTable actual row count=2, expectedCount=2
2023-09-20 15:46:43,951 [OM StateMachine ApplyTransaction Thread - 0] WARN  snapshot.OMSnapshotCreateRequest (OMSnapshotCreateRequest.java:estimateBucketDataSize(333)) - DefaultReplicationConfig is not correctly set in OmBucketInfo for volume 'vol1' bucket 'bucket1'. Falling back to config default 'RATIS/THREE'
2023-09-20 15:46:43,960 [OM StateMachine ApplyTransaction Thread - 0] INFO  snapshot.OMSnapshotCreateRequest (OMSnapshotCreateRequest.java:validateAndUpdateCache(215)) - Created snapshot: 'bucket1snap1' with snapshotId: 'aa767e83-48ba-482c-9e5f-3aa6850038a0' under path 'vol1/bucket1'
2023-09-20 15:46:43,962 [main] INFO  om.TestSnapshotDeletingService (TestSnapshotDeletingService.java:assertTableRowCount(567)) - snapshotInfoTable actual row count=0, expectedCount=1
2023-09-20 15:46:44,006 [OMDoubleBufferFlushThread] INFO  db.RDBCheckpointManager (RDBCheckpointManager.java:createCheckpoint(89)) - Created checkpoint in rocksDB at /home/runner/work/ozone/ozone/hadoop-ozone/integration-test/target/test-dir/MiniOzoneClusterImpl-8d56696e-0306-4140-8b78-3634a4a6d503/ozone-meta/db.snapshots/checkpointState/om.db-aa767e83-48ba-482c-9e5f-3aa6850038a0 in 44 milliseconds
2023-09-20 15:46:44,035 [OMDoubleBufferFlushThread] INFO  db.RDBCheckpointUtils (RDBCheckpointUtils.java:waitForCheckpointDirectoryExist(60)) - Waited for 27 milliseconds for checkpoint directory /home/runner/work/ozone/ozone/hadoop-ozone/integration-test/target/test-dir/MiniOzoneClusterImpl-8d56696e-0306-4140-8b78-3634a4a6d503/ozone-meta/db.snapshots/checkpointState/om.db-aa767e83-48ba-482c-9e5f-3aa6850038a0 availability.
2023-09-20 15:46:44,038 [OMDoubleBufferFlushThread] INFO  om.OmSnapshotManager (OmSnapshotManager.java:createOmSnapshotCheckpoint(461)) - Created checkpoint : /home/runner/work/ozone/ozone/hadoop-ozone/integration-test/target/test-dir/MiniOzoneClusterImpl-8d56696e-0306-4140-8b78-3634a4a6d503/ozone-meta/db.snapshots/checkpointState/om.db-aa767e83-48ba-482c-9e5f-3aa6850038a0 for snapshot bucket1snap1
2023-09-20 15:46:44,218 [KeyDeletingService#0] INFO  snapshot.SnapshotCache (SnapshotCache.java:lambda$1(170)) - Loading snapshot. Table key: /vol1/bucket1/bucket1snap1
2023-09-20 15:46:44,222 [KeyDeletingService#0] WARN  server.ServerUtils (ServerUtils.java:getDBPath(311)) - ozone.om.db.dirs is not configured. We recommend adding this setting. Falling back to ozone.metadata.dirs instead.
2023-09-20 15:46:44,223 [KeyDeletingService#0] INFO  helpers.OmKeyInfo (OmKeyInfo.java:getCodec(71)) - OmKeyInfo.getCodec ignorePipeline = true
2023-09-20 15:46:44,329 [KeyDeletingService#0] INFO  audit.AuditLogger (AuditLogger.java:refreshDebugCmdSet(126)) - Refresh DebugCmdSet for OMAudit to [].
2023-09-20 15:46:44,966 [main] INFO  om.TestSnapshotDeletingService (TestSnapshotDeletingService.java:assertTableRowCount(567)) - snapshotInfoTable actual row count=1, expectedCount=1
2023-09-20 15:46:46,227 [KeyDeletingService#0] INFO  snapshot.SnapshotCache (SnapshotCache.java:lambda$1(170)) - Loading snapshot. Table key: /vol1/bucket1/bucket1snap1
2023-09-20 15:46:46,656 [main] INFO  om.TestSnapshotDeletingService (TestSnapshotDeletingService.java:assertTableRowCount(567)) - keyTable actual row count=1, expectedCount=0
2023-09-20 15:46:46,719 [KeyDeletingService#0] INFO  snapshot.SnapshotCache (SnapshotCache.java:lambda$1(170)) - Loading snapshot. Table key: /vol1/bucket1/bucket1snap1
2023-09-20 15:46:46,722 [KeyDeletingService#0] INFO  snapshot.SnapshotCache (SnapshotCache.java:lambda$1(170)) - Loading snapshot. Table key: /vol1/bucket1/bucket1snap1
2023-09-20 15:46:46,724 [KeyDeletingService#0] INFO  snapshot.SnapshotCache (SnapshotCache.java:lambda$1(170)) - Loading snapshot. Table key: /vol1/bucket1/bucket1snap1
2023-09-20 15:46:46,741 [IPC Server handler 13 on default port 15001] INFO  ha.SequenceIdGenerator (SequenceIdGenerator.java:getNextId(140)) - Allocate a batch for delTxnId, change lastId from 0 to 1000.
2023-09-20 15:46:47,220 [KeyDeletingService#0] INFO  snapshot.SnapshotCache (SnapshotCache.java:lambda$1(170)) - Loading snapshot. Table key: /vol1/bucket1/bucket1snap1
2023-09-20 15:46:47,657 [main] INFO  om.TestSnapshotDeletingService (TestSnapshotDeletingService.java:assertTableRowCount(567)) - keyTable actual row count=0, expectedCount=0
2023-09-20 15:46:47,659 [main] INFO  om.TestSnapshotDeletingService (TestSnapshotDeletingService.java:assertTableRowCount(567)) - deletedTable actual row count=1, expectedCount=1
2023-09-20 15:46:47,697 [OM StateMachine ApplyTransaction Thread - 0] WARN  snapshot.OMSnapshotCreateRequest (OMSnapshotCreateRequest.java:estimateBucketDataSize(333)) - DefaultReplicationConfig is not correctly set in OmBucketInfo for volume 'vol1' bucket 'bucket1'. Falling back to config default 'RATIS/THREE'
2023-09-20 15:46:47,699 [OM StateMachine ApplyTransaction Thread - 0] INFO  snapshot.OMSnapshotCreateRequest (OMSnapshotCreateRequest.java:validateAndUpdateCache(215)) - Created snapshot: 'bucket1snap2' with snapshotId: '023dcb79-dc03-4a09-99cd-a758298c9a67' under path 'vol1/bucket1'
2023-09-20 15:46:47,702 [main] INFO  om.TestSnapshotDeletingService (TestSnapshotDeletingService.java:assertTableRowCount(567)) - snapshotInfoTable actual row count=1, expectedCount=2
2023-09-20 15:46:47,739 [OMDoubleBufferFlushThread] INFO  db.RDBCheckpointManager (RDBCheckpointManager.java:createCheckpoint(89)) - Created checkpoint in rocksDB at /home/runner/work/ozone/ozone/hadoop-ozone/integration-test/target/test-dir/MiniOzoneClusterImpl-8d56696e-0306-4140-8b78-3634a4a6d503/ozone-meta/db.snapshots/checkpointState/om.db-023dcb79-dc03-4a09-99cd-a758298c9a67 in 37 milliseconds
2023-09-20 15:46:47,740 [OMDoubleBufferFlushThread] INFO  db.RDBCheckpointUtils (RDBCheckpointUtils.java:waitForCheckpointDirectoryExist(60)) - Waited for 1 milliseconds for checkpoint directory /home/runner/work/ozone/ozone/hadoop-ozone/integration-test/target/test-dir/MiniOzoneClusterImpl-8d56696e-0306-4140-8b78-3634a4a6d503/ozone-meta/db.snapshots/checkpointState/om.db-023dcb79-dc03-4a09-99cd-a758298c9a67 availability.
2023-09-20 15:46:47,744 [OMDoubleBufferFlushThread] INFO  om.OmSnapshotManager (OmSnapshotManager.java:createOmSnapshotCheckpoint(461)) - Created checkpoint : /home/runner/work/ozone/ozone/hadoop-ozone/integration-test/target/test-dir/MiniOzoneClusterImpl-8d56696e-0306-4140-8b78-3634a4a6d503/ozone-meta/db.snapshots/checkpointState/om.db-023dcb79-dc03-4a09-99cd-a758298c9a67 for snapshot bucket1snap2
2023-09-20 15:46:48,220 [KeyDeletingService#0] INFO  snapshot.SnapshotCache (SnapshotCache.java:lambda$1(170)) - Loading snapshot. Table key: /vol1/bucket1/bucket1snap2
2023-09-20 15:46:48,221 [KeyDeletingService#0] WARN  server.ServerUtils (ServerUtils.java:getDBPath(311)) - ozone.om.db.dirs is not configured. We recommend adding this setting. Falling back to ozone.metadata.dirs instead.
2023-09-20 15:46:48,222 [KeyDeletingService#0] INFO  helpers.OmKeyInfo (OmKeyInfo.java:getCodec(71)) - OmKeyInfo.getCodec ignorePipeline = true
2023-09-20 15:46:48,284 [KeyDeletingService#0] INFO  snapshot.SnapshotCache (SnapshotCache.java:lambda$1(170)) - Loading snapshot. Table key: /vol1/bucket1/bucket1snap1
2023-09-20 15:46:48,703 [main] INFO  om.TestSnapshotDeletingService (TestSnapshotDeletingService.java:assertTableRowCount(567)) - snapshotInfoTable actual row count=2, expectedCount=2
2023-09-20 15:46:48,704 [main] INFO  om.TestSnapshotDeletingService (TestSnapshotDeletingService.java:assertTableRowCount(567)) - deletedTable actual row count=0, expectedCount=0
2023-09-20 15:46:50,311 [main] INFO  om.TestSnapshotDeletingService (TestSnapshotDeletingService.java:assertTableRowCount(567)) - keyTable actual row count=1, expectedCount=1
2023-09-20 15:46:50,312 [main] INFO  om.TestSnapshotDeletingService (TestSnapshotDeletingService.java:assertTableRowCount(567)) - deletedTable actual row count=1, expectedCount=0
2023-09-20 15:46:50,723 [KeyDeletingService#0] INFO  snapshot.SnapshotCache (SnapshotCache.java:lambda$1(170)) - Loading snapshot. Table key: /vol1/bucket1/bucket1snap2
2023-09-20 15:46:51,313 [main] INFO  om.TestSnapshotDeletingService (TestSnapshotDeletingService.java:assertTableRowCount(567)) - deletedTable actual row count=0, expectedCount=0
2023-09-20 15:46:51,339 [OM StateMachine ApplyTransaction Thread - 0] WARN  snapshot.OMSnapshotCreateRequest (OMSnapshotCreateRequest.java:estimateBucketDataSize(333)) - DefaultReplicationConfig is not correctly set in OmBucketInfo for volume 'vol1' bucket 'bucket1'. Falling back to config default 'RATIS/THREE'
2023-09-20 15:46:51,340 [OM StateMachine ApplyTransaction Thread - 0] INFO  snapshot.OMSnapshotCreateRequest (OMSnapshotCreateRequest.java:validateAndUpdateCache(215)) - Created snapshot: 'bucket1snap3' with snapshotId: '4b19ee96-0f60-4997-b897-08e66b371981' under path 'vol1/bucket1'
2023-09-20 15:46:51,345 [main] INFO  om.TestSnapshotDeletingService (TestSnapshotDeletingService.java:assertTableRowCount(567)) - snapshotInfoTable actual row count=2, expectedCount=3
2023-09-20 15:46:51,373 [OMDoubleBufferFlushThread] INFO  db.RDBCheckpointManager (RDBCheckpointManager.java:createCheckpoint(89)) - Created checkpoint in rocksDB at /home/runner/work/ozone/ozone/hadoop-ozone/integration-test/target/test-dir/MiniOzoneClusterImpl-8d56696e-0306-4140-8b78-3634a4a6d503/ozone-meta/db.snapshots/checkpointState/om.db-4b19ee96-0f60-4997-b897-08e66b371981 in 31 milliseconds
2023-09-20 15:46:51,374 [OMDoubleBufferFlushThread] INFO  db.RDBCheckpointUtils (RDBCheckpointUtils.java:waitForCheckpointDirectoryExist(60)) - Waited for 1 milliseconds for checkpoint directory /home/runner/work/ozone/ozone/hadoop-ozone/integration-test/target/test-dir/MiniOzoneClusterImpl-8d56696e-0306-4140-8b78-3634a4a6d503/ozone-meta/db.snapshots/checkpointState/om.db-4b19ee96-0f60-4997-b897-08e66b371981 availability.
2023-09-20 15:46:51,376 [OMDoubleBufferFlushThread] INFO  om.OmSnapshotManager (OmSnapshotManager.java:createOmSnapshotCheckpoint(461)) - Created checkpoint : /home/runner/work/ozone/ozone/hadoop-ozone/integration-test/target/test-dir/MiniOzoneClusterImpl-8d56696e-0306-4140-8b78-3634a4a6d503/ozone-meta/db.snapshots/checkpointState/om.db-4b19ee96-0f60-4997-b897-08e66b371981 for snapshot bucket1snap3
2023-09-20 15:46:51,723 [KeyDeletingService#0] INFO  snapshot.SnapshotCache (SnapshotCache.java:lambda$1(170)) - Loading snapshot. Table key: /vol1/bucket1/bucket1snap3
2023-09-20 15:46:51,724 [KeyDeletingService#0] WARN  server.ServerUtils (ServerUtils.java:getDBPath(311)) - ozone.om.db.dirs is not configured. We recommend adding this setting. Falling back to ozone.metadata.dirs instead.
2023-09-20 15:46:51,724 [KeyDeletingService#0] INFO  helpers.OmKeyInfo (OmKeyInfo.java:getCodec(71)) - OmKeyInfo.getCodec ignorePipeline = true
2023-09-20 15:46:51,814 [KeyDeletingService#0] INFO  snapshot.SnapshotCache (SnapshotCache.java:lambda$1(170)) - Loading snapshot. Table key: /vol1/bucket1/bucket1snap2
2023-09-20 15:46:52,346 [main] INFO  om.TestSnapshotDeletingService (TestSnapshotDeletingService.java:assertTableRowCount(567)) - snapshotInfoTable actual row count=3, expectedCount=3
2023-09-20 15:46:52,360 [OM StateMachine ApplyTransaction Thread - 0] INFO  snapshot.OMSnapshotDeleteRequest (OMSnapshotDeleteRequest.java:validateAndUpdateCache(225)) - Deleted snapshot 'bucket1snap2' under path 'vol1/bucket1'
2023-09-20 15:46:52,363 [main] INFO  om.TestSnapshotDeletingService (TestSnapshotDeletingService.java:assertTableRowCount(567)) - snapshotInfoTable actual row count=3, expectedCount=2
2023-09-20 15:46:53,364 [main] INFO  om.TestSnapshotDeletingService (TestSnapshotDeletingService.java:assertTableRowCount(567)) - snapshotInfoTable actual row count=3, expectedCount=2
2023-09-20 15:46:54,366 [main] INFO  om.TestSnapshotDeletingService (TestSnapshotDeletingService.java:assertTableRowCount(567)) - snapshotInfoTable actual row count=3, expectedCount=2
2023-09-20 15:46:55,367 [main] INFO  om.TestSnapshotDeletingService (TestSnapshotDeletingService.java:assertTableRowCount(567)) - snapshotInfoTable actual row count=3, expectedCount=2
2023-09-20 15:46:56,369 [main] INFO  om.TestSnapshotDeletingService (TestSnapshotDeletingService.java:assertTableRowCount(567)) - snapshotInfoTable actual row count=3, expectedCount=2
2023-09-20 15:46:57,371 [main] INFO  om.TestSnapshotDeletingService (TestSnapshotDeletingService.java:assertTableRowCount(567)) - snapshotInfoTable actual row count=3, expectedCount=2
2023-09-20 15:46:58,372 [main] INFO  om.TestSnapshotDeletingService (TestSnapshotDeletingService.java:assertTableRowCount(567)) - snapshotInfoTable actual row count=3, expectedCount=2
2023-09-20 15:46:59,374 [main] INFO  om.TestSnapshotDeletingService (TestSnapshotDeletingService.java:assertTableRowCount(567)) - snapshotInfoTable actual row count=3, expectedCount=2
2023-09-20 15:47:00,375 [main] INFO  om.TestSnapshotDeletingService (TestSnapshotDeletingService.java:assertTableRowCount(567)) - snapshotInfoTable actual row count=3, expectedCount=2
2023-09-20 15:47:01,377 [main] INFO  om.TestSnapshotDeletingService (TestSnapshotDeletingService.java:assertTableRowCount(567)) - snapshotInfoTable actual row count=3, expectedCount=2
2023-09-20 15:47:02,379 [main] INFO  om.TestSnapshotDeletingService (TestSnapshotDeletingService.java:assertTableRowCount(567)) - snapshotInfoTable actual row count=3, expectedCount=2
2023-09-20 15:47:03,380 [main] INFO  om.TestSnapshotDeletingService (TestSnapshotDeletingService.java:assertTableRowCount(567)) - snapshotInfoTable actual row count=3, expectedCount=2
2023-09-20 15:47:04,382 [main] INFO  om.TestSnapshotDeletingService (TestSnapshotDeletingService.java:assertTableRowCount(567)) - snapshotInfoTable actual row count=3, expectedCount=2
2023-09-20 15:47:05,383 [main] INFO  om.TestSnapshotDeletingService (TestSnapshotDeletingService.java:assertTableRowCount(567)) - snapshotInfoTable actual row count=3, expectedCount=2
2023-09-20 15:47:06,385 [main] INFO  om.TestSnapshotDeletingService (TestSnapshotDeletingService.java:assertTableRowCount(567)) - snapshotInfoTable actual row count=3, expectedCount=2
2023-09-20 15:47:07,387 [main] INFO  om.TestSnapshotDeletingService (TestSnapshotDeletingService.java:assertTableRowCount(567)) - snapshotInfoTable actual row count=3, expectedCount=2
2023-09-20 15:47:08,388 [main] INFO  om.TestSnapshotDeletingService (TestSnapshotDeletingService.java:assertTableRowCount(567)) - snapshotInfoTable actual row count=3, expectedCount=2
2023-09-20 15:47:09,389 [main] INFO  om.TestSnapshotDeletingService (TestSnapshotDeletingService.java:assertTableRowCount(567)) - snapshotInfoTable actual row count=3, expectedCount=2
2023-09-20 15:47:10,391 [main] INFO  om.TestSnapshotDeletingService (TestSnapshotDeletingService.java:assertTableRowCount(567)) - snapshotInfoTable actual row count=3, expectedCount=2
2023-09-20 15:47:11,393 [main] INFO  om.TestSnapshotDeletingService (TestSnapshotDeletingService.java:assertTableRowCount(567)) - snapshotInfoTable actual row count=3, expectedCount=2
2023-09-20 15:47:12,395 [main] INFO  om.TestSnapshotDeletingService (TestSnapshotDeletingService.java:assertTableRowCount(567)) - snapshotInfoTable actual row count=3, expectedCount=2
2023-09-20 15:47:13,396 [main] INFO  om.TestSnapshotDeletingService (TestSnapshotDeletingService.java:assertTableRowCount(567)) - snapshotInfoTable actual row count=3, expectedCount=2
2023-09-20 15:47:14,397 [main] INFO  om.TestSnapshotDeletingService (TestSnapshotDeletingService.java:assertTableRowCount(567)) - snapshotInfoTable actual row count=3, expectedCount=2
2023-09-20 15:47:15,398 [main] INFO  om.TestSnapshotDeletingService (TestSnapshotDeletingService.java:assertTableRowCount(567)) - snapshotInfoTable actual row count=3, expectedCount=2
2023-09-20 15:47:16,400 [main] INFO  om.TestSnapshotDeletingService (TestSnapshotDeletingService.java:assertTableRowCount(567)) - snapshotInfoTable actual row count=3, expectedCount=2
2023-09-20 15:47:17,402 [main] INFO  om.TestSnapshotDeletingService (TestSnapshotDeletingService.java:assertTableRowCount(567)) - snapshotInfoTable actual row count=3, expectedCount=2
2023-09-20 15:47:18,403 [main] INFO  om.TestSnapshotDeletingService (TestSnapshotDeletingService.java:assertTableRowCount(567)) - snapshotInfoTable actual row count=3, expectedCount=2
2023-09-20 15:47:19,406 [main] INFO  om.TestSnapshotDeletingService (TestSnapshotDeletingService.java:assertTableRowCount(567)) - snapshotInfoTable actual row count=3, expectedCount=2
2023-09-20 15:47:20,407 [main] INFO  om.TestSnapshotDeletingService (TestSnapshotDeletingService.java:assertTableRowCount(567)) - snapshotInfoTable actual row count=3, expectedCount=2
2023-09-20 15:47:21,409 [main] INFO  om.TestSnapshotDeletingService (TestSnapshotDeletingService.java:assertTableRowCount(567)) - snapshotInfoTable actual row count=3, expectedCount=2
2023-09-20 15:47:22,410 [main] INFO  om.TestSnapshotDeletingService (TestSnapshotDeletingService.java:assertTableRowCount(567)) - snapshotInfoTable actual row count=3, expectedCount=2
2023-09-20 15:47:23,411 [main] INFO  om.TestSnapshotDeletingService (TestSnapshotDeletingService.java:assertTableRowCount(567)) - snapshotInfoTable actual row count=3, expectedCount=2
2023-09-20 15:47:24,413 [main] INFO  om.TestSnapshotDeletingService (TestSnapshotDeletingService.java:assertTableRowCount(567)) - snapshotInfoTable actual row count=3, expectedCount=2
2023-09-20 15:47:25,414 [main] INFO  om.TestSnapshotDeletingService (TestSnapshotDeletingService.java:assertTableRowCount(567)) - snapshotInfoTable actual row count=3, expectedCount=2
2023-09-20 15:47:25,554 [SstFilteringService#0] INFO  snapshot.SnapshotCache (SnapshotCache.java:lambda$1(170)) - Loading snapshot. Table key: /vol1/bucket1/bucket1snap1
2023-09-20 15:47:25,560 [SstFilteringService#0] INFO  snapshot.SnapshotCache (SnapshotCache.java:lambda$1(170)) - Loading snapshot. Table key: /vol1/bucket1/bucket1snap2
2023-09-20 15:47:25,563 [SstFilteringService#0] INFO  om.SstFilteringService (SstFilteringService.java:call(220)) - Snapshot with name: 'bucket1snap2', id: '023dcb79-dc03-4a09-99cd-a758298c9a67' has been deleted.
2023-09-20 15:47:25,743 [SnapshotDeletingService#0] INFO  snapshot.SnapshotCache (SnapshotCache.java:lambda$1(170)) - Loading snapshot. Table key: /vol1/bucket1/bucket1snap2
2023-09-20 15:47:25,751 [SnapshotDeletingService#0] INFO  snapshot.SnapshotCache (SnapshotCache.java:lambda$1(170)) - Loading snapshot. Table key: /vol1/bucket1/bucket1snap1
2023-09-20 15:47:25,769 [OMDoubleBufferFlushThread] INFO  snapshot.SnapshotCache (SnapshotCache.java:lambda$1(170)) - Loading snapshot. Table key: /vol1/bucket1/bucket1snap2
2023-09-20 15:47:25,782 [OM StateMachine ApplyTransaction Thread - 0] INFO  upgrade.AbstractLayoutVersionManager (AbstractLayoutVersionManager.java:init(83)) - Initializing Layout version manager with metadata layout = QUOTA (version = 6), software layout = QUOTA (version = 6)
2023-09-20 15:47:25,783 [OMDoubleBufferFlushThread] INFO  snapshot.SnapshotCache (SnapshotCache.java:lambda$1(170)) - Loading snapshot. Table key: /vol1/bucket1/bucket1snap2
2023-09-20 15:47:25,783 [OMDoubleBufferFlushThread] INFO  snapshot.SnapshotCache (SnapshotCache.java:lambda$1(170)) - Loading snapshot. Table key: /vol1/bucket1/bucket1snap3
2023-09-20 15:47:26,243 [SnapshotDeletingService#0] INFO  snapshot.SnapshotCache (SnapshotCache.java:lambda$1(170)) - Loading snapshot. Table key: /vol1/bucket1/bucket1snap2
2023-09-20 15:47:26,416 [main] INFO  om.TestSnapshotDeletingService (TestSnapshotDeletingService.java:assertTableRowCount(567)) - snapshotInfoTable actual row count=2, expectedCount=2
2023-09-20 15:47:26,424 [main] INFO  rpc.RpcClient (RpcClient.java:createBucket(688)) - Creating Bucket: vol1/bucket2, with bucket layout LEGACY, runner as owner, Versioning false, Storage Type set to DISK and Encryption set to false, Replication Type set to server-side default replication type, Namespace Quota set to -1, Space Quota set to -1 
2023-09-20 15:47:26,429 [OM StateMachine ApplyTransaction Thread - 0] INFO  bucket.OMBucketCreateRequest (OMBucketCreateRequest.java:validateAndUpdateCache(270)) - created bucket: bucket2 of layout LEGACY in volume: vol1
2023-09-20 15:47:26,741 [KeyDeletingService#0] INFO  snapshot.SnapshotCache (SnapshotCache.java:lambda$1(170)) - Loading snapshot. Table key: /vol1/bucket1/bucket1snap3
2023-09-20 15:47:26,742 [KeyDeletingService#0] INFO  snapshot.SnapshotCache (SnapshotCache.java:lambda$1(170)) - Loading snapshot. Table key: /vol1/bucket1/bucket1snap1
2023-09-20 15:47:28,145 [OM StateMachine ApplyTransaction Thread - 0] WARN  snapshot.OMSnapshotCreateRequest (OMSnapshotCreateRequest.java:estimateBucketDataSize(333)) - DefaultReplicationConfig is not correctly set in OmBucketInfo for volume 'vol1' bucket 'bucket2'. Falling back to config default 'RATIS/THREE'
2023-09-20 15:47:28,147 [OM StateMachine ApplyTransaction Thread - 0] INFO  snapshot.OMSnapshotCreateRequest (OMSnapshotCreateRequest.java:validateAndUpdateCache(215)) - Created snapshot: 'bucket2snap1' with snapshotId: 'e7204ab8-4fe4-46df-b07c-9240549fd82a' under path 'vol1/bucket2'
2023-09-20 15:47:28,151 [main] INFO  om.TestSnapshotDeletingService (TestSnapshotDeletingService.java:assertTableRowCount(567)) - snapshotInfoTable actual row count=2, expectedCount=3
2023-09-20 15:47:28,162 [Thread-614] INFO  rocksdiff.RocksDBCheckpointDiffer (RocksDBCheckpointDiffer.java:onCompactionCompleted(544)) - Skipped the compaction entry. Compaction input files: [/home/runner/work/ozone/ozone/hadoop-ozone/integration-test/target/test-dir/MiniOzoneClusterImpl-8d56696e-0306-4140-8b78-3634a4a6d503/ozone-meta/om.db/000067.sst, /home/runner/work/ozone/ozone/hadoop-ozone/integration-test/target/test-dir/MiniOzoneClusterImpl-8d56696e-0306-4140-8b78-3634a4a6d503/ozone-meta/om.db/000060.sst, /home/runner/work/ozone/ozone/hadoop-ozone/integration-test/target/test-dir/MiniOzoneClusterImpl-8d56696e-0306-4140-8b78-3634a4a6d503/ozone-meta/om.db/000053.sst] and output files: [/home/runner/work/ozone/ozone/hadoop-ozone/integration-test/target/test-dir/MiniOzoneClusterImpl-8d56696e-0306-4140-8b78-3634a4a6d503/ozone-meta/om.db/000067.sst, /home/runner/work/ozone/ozone/hadoop-ozone/integration-test/target/test-dir/MiniOzoneClusterImpl-8d56696e-0306-4140-8b78-3634a4a6d503/ozone-meta/om.db/000060.sst, /home/runner/work/ozone/ozone/hadoop-ozone/integration-test/target/test-dir/MiniOzoneClusterImpl-8d56696e-0306-4140-8b78-3634a4a6d503/ozone-meta/om.db/000053.sst] are same.
2023-09-20 15:47:28,173 [Thread-645] INFO  rocksdiff.RocksDBCheckpointDiffer (RocksDBCheckpointDiffer.java:onCompactionCompleted(544)) - Skipped the compaction entry. Compaction input files: [/home/runner/work/ozone/ozone/hadoop-ozone/integration-test/target/test-dir/MiniOzoneClusterImpl-8d56696e-0306-4140-8b78-3634a4a6d503/ozone-meta/om.db/000077.sst, /home/runner/work/ozone/ozone/hadoop-ozone/integration-test/target/test-dir/MiniOzoneClusterImpl-8d56696e-0306-4140-8b78-3634a4a6d503/ozone-meta/om.db/000069.sst, /home/runner/work/ozone/ozone/hadoop-ozone/integration-test/target/test-dir/MiniOzoneClusterImpl-8d56696e-0306-4140-8b78-3634a4a6d503/ozone-meta/om.db/000062.sst, /home/runner/work/ozone/ozone/hadoop-ozone/integration-test/target/test-dir/MiniOzoneClusterImpl-8d56696e-0306-4140-8b78-3634a4a6d503/ozone-meta/om.db/000055.sst] and output files: [/home/runner/work/ozone/ozone/hadoop-ozone/integration-test/target/test-dir/MiniOzoneClusterImpl-8d56696e-0306-4140-8b78-3634a4a6d503/ozone-meta/om.db/000077.sst, /home/runner/work/ozone/ozone/hadoop-ozone/integration-test/target/test-dir/MiniOzoneClusterImpl-8d56696e-0306-4140-8b78-3634a4a6d503/ozone-meta/om.db/000069.sst, /home/runner/work/ozone/ozone/hadoop-ozone/integration-test/target/test-dir/MiniOzoneClusterImpl-8d56696e-0306-4140-8b78-3634a4a6d503/ozone-meta/om.db/000062.sst, /home/runner/work/ozone/ozone/hadoop-ozone/integration-test/target/test-dir/MiniOzoneClusterImpl-8d56696e-0306-4140-8b78-3634a4a6d503/ozone-meta/om.db/000055.sst] are same.
2023-09-20 15:47:28,190 [OMDoubleBufferFlushThread] INFO  db.RDBCheckpointManager (RDBCheckpointManager.java:createCheckpoint(89)) - Created checkpoint in rocksDB at /home/runner/work/ozone/ozone/hadoop-ozone/integration-test/target/test-dir/MiniOzoneClusterImpl-8d56696e-0306-4140-8b78-3634a4a6d503/ozone-meta/db.snapshots/checkpointState/om.db-e7204ab8-4fe4-46df-b07c-9240549fd82a in 41 milliseconds
2023-09-20 15:47:28,191 [OMDoubleBufferFlushThread] INFO  db.RDBCheckpointUtils (RDBCheckpointUtils.java:waitForCheckpointDirectoryExist(60)) - Waited for 1 milliseconds for checkpoint directory /home/runner/work/ozone/ozone/hadoop-ozone/integration-test/target/test-dir/MiniOzoneClusterImpl-8d56696e-0306-4140-8b78-3634a4a6d503/ozone-meta/db.snapshots/checkpointState/om.db-e7204ab8-4fe4-46df-b07c-9240549fd82a availability.
2023-09-20 15:47:28,191 [OMDoubleBufferFlushThread] INFO  om.OmSnapshotManager (OmSnapshotManager.java:createOmSnapshotCheckpoint(461)) - Created checkpoint : /home/runner/work/ozone/ozone/hadoop-ozone/integration-test/target/test-dir/MiniOzoneClusterImpl-8d56696e-0306-4140-8b78-3634a4a6d503/ozone-meta/db.snapshots/checkpointState/om.db-e7204ab8-4fe4-46df-b07c-9240549fd82a for snapshot bucket2snap1
2023-09-20 15:47:28,244 [KeyDeletingService#0] INFO  snapshot.SnapshotCache (SnapshotCache.java:lambda$1(170)) - Loading snapshot. Table key: /vol1/bucket2/bucket2snap1
2023-09-20 15:47:28,244 [KeyDeletingService#0] WARN  server.ServerUtils (ServerUtils.java:getDBPath(311)) - ozone.om.db.dirs is not configured. We recommend adding this setting. Falling back to ozone.metadata.dirs instead.
2023-09-20 15:47:28,245 [KeyDeletingService#0] INFO  helpers.OmKeyInfo (OmKeyInfo.java:getCodec(71)) - OmKeyInfo.getCodec ignorePipeline = true
2023-09-20 15:47:29,152 [main] INFO  om.TestSnapshotDeletingService (TestSnapshotDeletingService.java:assertTableRowCount(567)) - snapshotInfoTable actual row count=3, expectedCount=3
2023-09-20 15:47:29,172 [main] INFO  om.TestSnapshotDeletingService (TestSnapshotDeletingService.java:assertTableRowCount(567)) - deletedTable actual row count=2, expectedCount=2
2023-09-20 15:47:29,175 [OM StateMachine ApplyTransaction Thread - 0] INFO  snapshot.OMSnapshotDeleteRequest (OMSnapshotDeleteRequest.java:validateAndUpdateCache(225)) - Deleted snapshot 'bucket2snap1' under path 'vol1/bucket2'
2023-09-20 15:47:29,176 [main] INFO  om.TestSnapshotDeletingService (TestSnapshotDeletingService.java:assertTableRowCount(567)) - snapshotInfoTable actual row count=3, expectedCount=2
2023-09-20 15:47:29,245 [KeyDeletingService#0] INFO  snapshot.SnapshotCache (SnapshotCache.java:lambda$1(170)) - Loading snapshot. Table key: /vol1/bucket2/bucket2snap1
2023-09-20 15:47:29,245 [BlockDeletingService#0] INFO  interfaces.ContainerDeletionChoosingPolicyTemplate (ContainerDeletionChoosingPolicyTemplate.java:chooseContainerForBlockDeletion(85)) - Chosen 0/5000 blocks from 0 candidate containers.
2023-09-20 15:47:29,246 [KeyDeletingService#0] INFO  snapshot.SnapshotCache (SnapshotCache.java:lambda$1(170)) - Loading snapshot. Table key: /vol1/bucket2/bucket2snap1
2023-09-20 15:47:29,661 [BlockDeletingService#0] INFO  interfaces.ContainerDeletionChoosingPolicyTemplate (ContainerDeletionChoosingPolicyTemplate.java:chooseContainerForBlockDeletion(85)) - Chosen 0/5000 blocks from 0 candidate containers.
2023-09-20 15:47:29,745 [KeyDeletingService#0] INFO  snapshot.SnapshotCache (SnapshotCache.java:lambda$1(170)) - Loading snapshot. Table key: /vol1/bucket2/bucket2snap1
2023-09-20 15:47:29,746 [KeyDeletingService#0] INFO  snapshot.SnapshotCache (SnapshotCache.java:lambda$1(170)) - Loading snapshot. Table key: /vol1/bucket2/bucket2snap1
2023-09-20 15:47:30,089 [BlockDeletingService#0] INFO  interfaces.ContainerDeletionChoosingPolicyTemplate (ContainerDeletionChoosingPolicyTemplate.java:chooseContainerForBlockDeletion(85)) - Chosen 0/5000 blocks from 0 candidate containers.
2023-09-20 15:47:30,178 [main] INFO  om.TestSnapshotDeletingService (TestSnapshotDeletingService.java:assertTableRowCount(567)) - snapshotInfoTable actual row count=3, expectedCount=2
2023-09-20 15:47:30,245 [KeyDeletingService#0] INFO  snapshot.SnapshotCache (SnapshotCache.java:lambda$1(170)) - Loading snapshot. Table key: /vol1/bucket2/bucket2snap1
2023-09-20 15:47:30,246 [KeyDeletingService#0] INFO  snapshot.SnapshotCache (SnapshotCache.java:lambda$1(170)) - Loading snapshot. Table key: /vol1/bucket2/bucket2snap1
2023-09-20 15:47:30,745 [KeyDeletingService#0] INFO  snapshot.SnapshotCache (SnapshotCache.java:lambda$1(170)) - Loading snapshot. Table key: /vol1/bucket2/bucket2snap1
2023-09-20 15:47:30,746 [KeyDeletingService#0] INFO  snapshot.SnapshotCache (SnapshotCache.java:lambda$1(170)) - Loading snapshot. Table key: /vol1/bucket2/bucket2snap1
2023-09-20 15:47:31,179 [main] INFO  om.TestSnapshotDeletingService (TestSnapshotDeletingService.java:assertTableRowCount(567)) - snapshotInfoTable actual row count=3, expectedCount=2
2023-09-20 15:47:31,245 [KeyDeletingService#0] INFO  snapshot.SnapshotCache (SnapshotCache.java:lambda$1(170)) - Loading snapshot. Table key: /vol1/bucket2/bucket2snap1
2023-09-20 15:47:31,246 [KeyDeletingService#0] INFO  snapshot.SnapshotCache (SnapshotCache.java:lambda$1(170)) - Loading snapshot. Table key: /vol1/bucket2/bucket2snap1
2023-09-20 15:47:31,745 [KeyDeletingService#0] INFO  snapshot.SnapshotCache (SnapshotCache.java:lambda$1(170)) - Loading snapshot. Table key: /vol1/bucket2/bucket2snap1
2023-09-20 15:47:31,747 [KeyDeletingService#0] INFO  snapshot.SnapshotCache (SnapshotCache.java:lambda$1(170)) - Loading snapshot. Table key: /vol1/bucket2/bucket2snap1
2023-09-20 15:47:32,180 [main] INFO  om.TestSnapshotDeletingService (TestSnapshotDeletingService.java:assertTableRowCount(567)) - snapshotInfoTable actual row count=3, expectedCount=2
2023-09-20 15:47:32,246 [KeyDeletingService#0] INFO  snapshot.SnapshotCache (SnapshotCache.java:lambda$1(170)) - Loading snapshot. Table key: /vol1/bucket2/bucket2snap1
2023-09-20 15:47:32,247 [KeyDeletingService#0] INFO  snapshot.SnapshotCache (SnapshotCache.java:lambda$1(170)) - Loading snapshot. Table key: /vol1/bucket2/bucket2snap1
2023-09-20 15:47:32,746 [KeyDeletingService#0] INFO  snapshot.SnapshotCache (SnapshotCache.java:lambda$1(170)) - Loading snapshot. Table key: /vol1/bucket2/bucket2snap1
2023-09-20 15:47:32,747 [KeyDeletingService#0] INFO  snapshot.SnapshotCache (SnapshotCache.java:lambda$1(170)) - Loading snapshot. Table key: /vol1/bucket2/bucket2snap1
2023-09-20 15:47:33,182 [main] INFO  om.TestSnapshotDeletingService (TestSnapshotDeletingService.java:assertTableRowCount(567)) - snapshotInfoTable actual row count=3, expectedCount=2
2023-09-20 15:47:33,246 [KeyDeletingService#0] INFO  snapshot.SnapshotCache (SnapshotCache.java:lambda$1(170)) - Loading snapshot. Table key: /vol1/bucket2/bucket2snap1
2023-09-20 15:47:33,247 [KeyDeletingService#0] INFO  snapshot.SnapshotCache (SnapshotCache.java:lambda$1(170)) - Loading snapshot. Table key: /vol1/bucket2/bucket2snap1
2023-09-20 15:47:33,746 [KeyDeletingService#0] INFO  snapshot.SnapshotCache (SnapshotCache.java:lambda$1(170)) - Loading snapshot. Table key: /vol1/bucket2/bucket2snap1
2023-09-20 15:47:33,747 [KeyDeletingService#0] INFO  snapshot.SnapshotCache (SnapshotCache.java:lambda$1(170)) - Loading snapshot. Table key: /vol1/bucket2/bucket2snap1
2023-09-20 15:47:34,183 [main] INFO  om.TestSnapshotDeletingService (TestSnapshotDeletingService.java:assertTableRowCount(567)) - snapshotInfoTable actual row count=3, expectedCount=2
2023-09-20 15:47:34,246 [KeyDeletingService#0] INFO  snapshot.SnapshotCache (SnapshotCache.java:lambda$1(170)) - Loading snapshot. Table key: /vol1/bucket2/bucket2snap1
2023-09-20 15:47:34,247 [KeyDeletingService#0] INFO  snapshot.SnapshotCache (SnapshotCache.java:lambda$1(170)) - Loading snapshot. Table key: /vol1/bucket2/bucket2snap1
2023-09-20 15:47:34,746 [KeyDeletingService#0] INFO  snapshot.SnapshotCache (SnapshotCache.java:lambda$1(170)) - Loading snapshot. Table key: /vol1/bucket2/bucket2snap1
2023-09-20 15:47:34,747 [KeyDeletingService#0] INFO  snapshot.SnapshotCache (SnapshotCache.java:lambda$1(170)) - Loading snapshot. Table key: /vol1/bucket2/bucket2snap1
2023-09-20 15:47:35,185 [main] INFO  om.TestSnapshotDeletingService (TestSnapshotDeletingService.java:assertTableRowCount(567)) - snapshotInfoTable actual row count=3, expectedCount=2
2023-09-20 15:47:35,246 [KeyDeletingService#0] INFO  snapshot.SnapshotCache (SnapshotCache.java:lambda$1(170)) - Loading snapshot. Table key: /vol1/bucket2/bucket2snap1
2023-09-20 15:47:35,248 [KeyDeletingService#0] INFO  snapshot.SnapshotCache (SnapshotCache.java:lambda$1(170)) - Loading snapshot. Table key: /vol1/bucket2/bucket2snap1
2023-09-20 15:47:35,746 [KeyDeletingService#0] INFO  snapshot.SnapshotCache (SnapshotCache.java:lambda$1(170)) - Loading snapshot. Table key: /vol1/bucket2/bucket2snap1
2023-09-20 15:47:35,748 [KeyDeletingService#0] INFO  snapshot.SnapshotCache (SnapshotCache.java:lambda$1(170)) - Loading snapshot. Table key: /vol1/bucket2/bucket2snap1
2023-09-20 15:47:36,186 [main] INFO  om.TestSnapshotDeletingService (TestSnapshotDeletingService.java:assertTableRowCount(567)) - snapshotInfoTable actual row count=3, expectedCount=2
2023-09-20 15:47:36,247 [KeyDeletingService#0] INFO  snapshot.SnapshotCache (SnapshotCache.java:lambda$1(170)) - Loading snapshot. Table key: /vol1/bucket2/bucket2snap1
2023-09-20 15:47:36,248 [KeyDeletingService#0] INFO  snapshot.SnapshotCache (SnapshotCache.java:lambda$1(170)) - Loading snapshot. Table key: /vol1/bucket2/bucket2snap1
2023-09-20 15:47:36,747 [KeyDeletingService#0] INFO  snapshot.SnapshotCache (SnapshotCache.java:lambda$1(170)) - Loading snapshot. Table key: /vol1/bucket2/bucket2snap1
2023-09-20 15:47:36,748 [KeyDeletingService#0] INFO  snapshot.SnapshotCache (SnapshotCache.java:lambda$1(170)) - Loading snapshot. Table key: /vol1/bucket2/bucket2snap1
2023-09-20 15:47:37,187 [main] INFO  om.TestSnapshotDeletingService (TestSnapshotDeletingService.java:assertTableRowCount(567)) - snapshotInfoTable actual row count=3, expectedCount=2
2023-09-20 15:47:37,247 [KeyDeletingService#0] INFO  snapshot.SnapshotCache (SnapshotCache.java:lambda$1(170)) - Loading snapshot. Table key: /vol1/bucket2/bucket2snap1
2023-09-20 15:47:37,248 [KeyDeletingService#0] INFO  snapshot.SnapshotCache (SnapshotCache.java:lambda$1(170)) - Loading snapshot. Table key: /vol1/bucket2/bucket2snap1
2023-09-20 15:47:37,747 [KeyDeletingService#0] INFO  snapshot.SnapshotCache (SnapshotCache.java:lambda$1(170)) - Loading snapshot. Table key: /vol1/bucket2/bucket2snap1
2023-09-20 15:47:37,748 [KeyDeletingService#0] INFO  snapshot.SnapshotCache (SnapshotCache.java:lambda$1(170)) - Loading snapshot. Table key: /vol1/bucket2/bucket2snap1
2023-09-20 15:47:38,189 [main] INFO  om.TestSnapshotDeletingService (TestSnapshotDeletingService.java:assertTableRowCount(567)) - snapshotInfoTable actual row count=3, expectedCount=2
2023-09-20 15:47:38,247 [KeyDeletingService#0] INFO  snapshot.SnapshotCache (SnapshotCache.java:lambda$1(170)) - Loading snapshot. Table key: /vol1/bucket2/bucket2snap1
2023-09-20 15:47:38,248 [KeyDeletingService#0] INFO  snapshot.SnapshotCache (SnapshotCache.java:lambda$1(170)) - Loading snapshot. Table key: /vol1/bucket2/bucket2snap1
2023-09-20 15:47:38,747 [KeyDeletingService#0] INFO  snapshot.SnapshotCache (SnapshotCache.java:lambda$1(170)) - Loading snapshot. Table key: /vol1/bucket2/bucket2snap1
2023-09-20 15:47:38,748 [KeyDeletingService#0] INFO  snapshot.SnapshotCache (SnapshotCache.java:lambda$1(170)) - Loading snapshot. Table key: /vol1/bucket2/bucket2snap1
2023-09-20 15:47:39,190 [main] INFO  om.TestSnapshotDeletingService (TestSnapshotDeletingService.java:assertTableRowCount(567)) - snapshotInfoTable actual row count=3, expectedCount=2
2023-09-20 15:47:39,248 [KeyDeletingService#0] INFO  snapshot.SnapshotCache (SnapshotCache.java:lambda$1(170)) - Loading snapshot. Table key: /vol1/bucket2/bucket2snap1
2023-09-20 15:47:39,249 [KeyDeletingService#0] INFO  snapshot.SnapshotCache (SnapshotCache.java:lambda$1(170)) - Loading snapshot. Table key: /vol1/bucket2/bucket2snap1
2023-09-20 15:47:39,748 [KeyDeletingService#0] INFO  snapshot.SnapshotCache (SnapshotCache.java:lambda$1(170)) - Loading snapshot. Table key: /vol1/bucket2/bucket2snap1
2023-09-20 15:47:39,749 [KeyDeletingService#0] INFO  snapshot.SnapshotCache (SnapshotCache.java:lambda$1(170)) - Loading snapshot. Table key: /vol1/bucket2/bucket2snap1
2023-09-20 15:47:40,191 [main] INFO  om.TestSnapshotDeletingService (TestSnapshotDeletingService.java:assertTableRowCount(567)) - snapshotInfoTable actual row count=3, expectedCount=2
2023-09-20 15:47:40,248 [KeyDeletingService#0] INFO  snapshot.SnapshotCache (SnapshotCache.java:lambda$1(170)) - Loading snapshot. Table key: /vol1/bucket2/bucket2snap1
2023-09-20 15:47:40,251 [KeyDeletingService#0] INFO  snapshot.SnapshotCache (SnapshotCache.java:lambda$1(170)) - Loading snapshot. Table key: /vol1/bucket2/bucket2snap1
2023-09-20 15:47:40,748 [KeyDeletingService#0] INFO  snapshot.SnapshotCache (SnapshotCache.java:lambda$1(170)) - Loading snapshot. Table key: /vol1/bucket2/bucket2snap1
2023-09-20 15:47:40,750 [KeyDeletingService#0] INFO  snapshot.SnapshotCache (SnapshotCache.java:lambda$1(170)) - Loading snapshot. Table key: /vol1/bucket2/bucket2snap1
2023-09-20 15:47:41,193 [main] INFO  om.TestSnapshotDeletingService (TestSnapshotDeletingService.java:assertTableRowCount(567)) - snapshotInfoTable actual row count=3, expectedCount=2
2023-09-20 15:47:41,249 [KeyDeletingService#0] INFO  snapshot.SnapshotCache (SnapshotCache.java:lambda$1(170)) - Loading snapshot. Table key: /vol1/bucket2/bucket2snap1
2023-09-20 15:47:41,250 [KeyDeletingService#0] INFO  snapshot.SnapshotCache (SnapshotCache.java:lambda$1(170)) - Loading snapshot. Table key: /vol1/bucket2/bucket2snap1
2023-09-20 15:47:41,748 [KeyDeletingService#0] INFO  snapshot.SnapshotCache (SnapshotCache.java:lambda$1(170)) - Loading snapshot. Table key: /vol1/bucket2/bucket2snap1
2023-09-20 15:47:41,749 [KeyDeletingService#0] INFO  snapshot.SnapshotCache (SnapshotCache.java:lambda$1(170)) - Loading snapshot. Table key: /vol1/bucket2/bucket2snap1
2023-09-20 15:47:42,195 [main] INFO  om.TestSnapshotDeletingService (TestSnapshotDeletingService.java:assertTableRowCount(567)) - snapshotInfoTable actual row count=3, expectedCount=2
2023-09-20 15:47:42,249 [KeyDeletingService#0] INFO  snapshot.SnapshotCache (SnapshotCache.java:lambda$1(170)) - Loading snapshot. Table key: /vol1/bucket2/bucket2snap1
2023-09-20 15:47:42,250 [KeyDeletingService#0] INFO  snapshot.SnapshotCache (SnapshotCache.java:lambda$1(170)) - Loading snapshot. Table key: /vol1/bucket2/bucket2snap1
2023-09-20 15:47:42,749 [KeyDeletingService#0] INFO  snapshot.SnapshotCache (SnapshotCache.java:lambda$1(170)) - Loading snapshot. Table key: /vol1/bucket2/bucket2snap1
2023-09-20 15:47:42,751 [KeyDeletingService#0] INFO  snapshot.SnapshotCache (SnapshotCache.java:lambda$1(170)) - Loading snapshot. Table key: /vol1/bucket2/bucket2snap1
2023-09-20 15:47:43,196 [main] INFO  om.TestSnapshotDeletingService (TestSnapshotDeletingService.java:assertTableRowCount(567)) - snapshotInfoTable actual row count=3, expectedCount=2
2023-09-20 15:47:43,250 [KeyDeletingService#0] INFO  snapshot.SnapshotCache (SnapshotCache.java:lambda$1(170)) - Loading snapshot. Table key: /vol1/bucket2/bucket2snap1
2023-09-20 15:47:43,251 [KeyDeletingService#0] INFO  snapshot.SnapshotCache (SnapshotCache.java:lambda$1(170)) - Loading snapshot. Table key: /vol1/bucket2/bucket2snap1
2023-09-20 15:47:43,750 [KeyDeletingService#0] INFO  snapshot.SnapshotCache (SnapshotCache.java:lambda$1(170)) - Loading snapshot. Table key: /vol1/bucket2/bucket2snap1
2023-09-20 15:47:43,751 [KeyDeletingService#0] INFO  snapshot.SnapshotCache (SnapshotCache.java:lambda$1(170)) - Loading snapshot. Table key: /vol1/bucket2/bucket2snap1
2023-09-20 15:47:44,197 [main] INFO  om.TestSnapshotDeletingService (TestSnapshotDeletingService.java:assertTableRowCount(567)) - snapshotInfoTable actual row count=3, expectedCount=2
2023-09-20 15:47:44,250 [KeyDeletingService#0] INFO  snapshot.SnapshotCache (SnapshotCache.java:lambda$1(170)) - Loading snapshot. Table key: /vol1/bucket2/bucket2snap1
2023-09-20 15:47:44,251 [KeyDeletingService#0] INFO  snapshot.SnapshotCache (SnapshotCache.java:lambda$1(170)) - Loading snapshot. Table key: /vol1/bucket2/bucket2snap1
2023-09-20 15:47:44,750 [KeyDeletingService#0] INFO  snapshot.SnapshotCache (SnapshotCache.java:lambda$1(170)) - Loading snapshot. Table key: /vol1/bucket2/bucket2snap1
2023-09-20 15:47:44,751 [KeyDeletingService#0] INFO  snapshot.SnapshotCache (SnapshotCache.java:lambda$1(170)) - Loading snapshot. Table key: /vol1/bucket2/bucket2snap1
2023-09-20 15:47:45,199 [main] INFO  om.TestSnapshotDeletingService (TestSnapshotDeletingService.java:assertTableRowCount(567)) - snapshotInfoTable actual row count=3, expectedCount=2
2023-09-20 15:47:45,250 [KeyDeletingService#0] INFO  snapshot.SnapshotCache (SnapshotCache.java:lambda$1(170)) - Loading snapshot. Table key: /vol1/bucket2/bucket2snap1
2023-09-20 15:47:45,252 [KeyDeletingService#0] INFO  snapshot.SnapshotCache (SnapshotCache.java:lambda$1(170)) - Loading snapshot. Table key: /vol1/bucket2/bucket2snap1
2023-09-20 15:47:45,750 [KeyDeletingService#0] INFO  snapshot.SnapshotCache (SnapshotCache.java:lambda$1(170)) - Loading snapshot. Table key: /vol1/bucket2/bucket2snap1
2023-09-20 15:47:45,751 [KeyDeletingService#0] INFO  snapshot.SnapshotCache (SnapshotCache.java:lambda$1(170)) - Loading snapshot. Table key: /vol1/bucket2/bucket2snap1
2023-09-20 15:47:46,200 [main] INFO  om.TestSnapshotDeletingService (TestSnapshotDeletingService.java:assertTableRowCount(567)) - snapshotInfoTable actual row count=3, expectedCount=2
2023-09-20 15:47:46,252 [KeyDeletingService#0] INFO  snapshot.SnapshotCache (SnapshotCache.java:lambda$1(170)) - Loading snapshot. Table key: /vol1/bucket2/bucket2snap1
2023-09-20 15:47:46,253 [KeyDeletingService#0] INFO  snapshot.SnapshotCache (SnapshotCache.java:lambda$1(170)) - Loading snapshot. Table key: /vol1/bucket2/bucket2snap1
2023-09-20 15:47:46,751 [KeyDeletingService#0] INFO  snapshot.SnapshotCache (SnapshotCache.java:lambda$1(170)) - Loading snapshot. Table key: /vol1/bucket2/bucket2snap1
2023-09-20 15:47:46,752 [KeyDeletingService#0] INFO  snapshot.SnapshotCache (SnapshotCache.java:lambda$1(170)) - Loading snapshot. Table key: /vol1/bucket2/bucket2snap1
2023-09-20 15:47:47,201 [main] INFO  om.TestSnapshotDeletingService (TestSnapshotDeletingService.java:assertTableRowCount(567)) - snapshotInfoTable actual row count=3, expectedCount=2
2023-09-20 15:47:47,250 [KeyDeletingService#0] INFO  snapshot.SnapshotCache (SnapshotCache.java:lambda$1(170)) - Loading snapshot. Table key: /vol1/bucket2/bucket2snap1
2023-09-20 15:47:47,252 [KeyDeletingService#0] INFO  snapshot.SnapshotCache (SnapshotCache.java:lambda$1(170)) - Loading snapshot. Table key: /vol1/bucket2/bucket2snap1
2023-09-20 15:47:47,751 [KeyDeletingService#0] INFO  snapshot.SnapshotCache (SnapshotCache.java:lambda$1(170)) - Loading snapshot. Table key: /vol1/bucket2/bucket2snap1
2023-09-20 15:47:47,752 [KeyDeletingService#0] INFO  snapshot.SnapshotCache (SnapshotCache.java:lambda$1(170)) - Loading snapshot. Table key: /vol1/bucket2/bucket2snap1
2023-09-20 15:47:48,202 [main] INFO  om.TestSnapshotDeletingService (TestSnapshotDeletingService.java:assertTableRowCount(567)) - snapshotInfoTable actual row count=3, expectedCount=2
2023-09-20 15:47:48,251 [KeyDeletingService#0] INFO  snapshot.SnapshotCache (SnapshotCache.java:lambda$1(170)) - Loading snapshot. Table key: /vol1/bucket2/bucket2snap1
2023-09-20 15:47:48,252 [KeyDeletingService#0] INFO  snapshot.SnapshotCache (SnapshotCache.java:lambda$1(170)) - Loading snapshot. Table key: /vol1/bucket2/bucket2snap1
2023-09-20 15:47:48,751 [KeyDeletingService#0] INFO  snapshot.SnapshotCache (SnapshotCache.java:lambda$1(170)) - Loading snapshot. Table key: /vol1/bucket2/bucket2snap1
2023-09-20 15:47:48,752 [KeyDeletingService#0] INFO  snapshot.SnapshotCache (SnapshotCache.java:lambda$1(170)) - Loading snapshot. Table key: /vol1/bucket2/bucket2snap1
2023-09-20 15:47:49,204 [main] INFO  om.TestSnapshotDeletingService (TestSnapshotDeletingService.java:assertTableRowCount(567)) - snapshotInfoTable actual row count=3, expectedCount=2
2023-09-20 15:47:49,251 [KeyDeletingService#0] INFO  snapshot.SnapshotCache (SnapshotCache.java:lambda$1(170)) - Loading snapshot. Table key: /vol1/bucket2/bucket2snap1
2023-09-20 15:47:49,253 [KeyDeletingService#0] INFO  snapshot.SnapshotCache (SnapshotCache.java:lambda$1(170)) - Loading snapshot. Table key: /vol1/bucket2/bucket2snap1
2023-09-20 15:47:49,751 [KeyDeletingService#0] INFO  snapshot.SnapshotCache (SnapshotCache.java:lambda$1(170)) - Loading snapshot. Table key: /vol1/bucket2/bucket2snap1
2023-09-20 15:47:49,752 [KeyDeletingService#0] INFO  snapshot.SnapshotCache (SnapshotCache.java:lambda$1(170)) - Loading snapshot. Table key: /vol1/bucket2/bucket2snap1
2023-09-20 15:47:50,205 [main] INFO  om.TestSnapshotDeletingService (TestSnapshotDeletingService.java:assertTableRowCount(567)) - snapshotInfoTable actual row count=3, expectedCount=2
2023-09-20 15:47:50,251 [KeyDeletingService#0] INFO  snapshot.SnapshotCache (SnapshotCache.java:lambda$1(170)) - Loading snapshot. Table key: /vol1/bucket2/bucket2snap1
2023-09-20 15:47:50,252 [KeyDeletingService#0] INFO  snapshot.SnapshotCache (SnapshotCache.java:lambda$1(170)) - Loading snapshot. Table key: /vol1/bucket2/bucket2snap1
2023-09-20 15:47:50,751 [KeyDeletingService#0] INFO  snapshot.SnapshotCache (SnapshotCache.java:lambda$1(170)) - Loading snapshot. Table key: /vol1/bucket2/bucket2snap1
2023-09-20 15:47:50,752 [KeyDeletingService#0] INFO  snapshot.SnapshotCache (SnapshotCache.java:lambda$1(170)) - Loading snapshot. Table key: /vol1/bucket2/bucket2snap1
2023-09-20 15:47:51,206 [main] INFO  om.TestSnapshotDeletingService (TestSnapshotDeletingService.java:assertTableRowCount(567)) - snapshotInfoTable actual row count=3, expectedCount=2
2023-09-20 15:47:51,251 [KeyDeletingService#0] INFO  snapshot.SnapshotCache (SnapshotCache.java:lambda$1(170)) - Loading snapshot. Table key: /vol1/bucket2/bucket2snap1
2023-09-20 15:47:51,253 [KeyDeletingService#0] INFO  snapshot.SnapshotCache (SnapshotCache.java:lambda$1(170)) - Loading snapshot. Table key: /vol1/bucket2/bucket2snap1
2023-09-20 15:47:51,751 [KeyDeletingService#0] INFO  snapshot.SnapshotCache (SnapshotCache.java:lambda$1(170)) - Loading snapshot. Table key: /vol1/bucket2/bucket2snap1
2023-09-20 15:47:51,752 [KeyDeletingService#0] INFO  snapshot.SnapshotCache (SnapshotCache.java:lambda$1(170)) - Loading snapshot. Table key: /vol1/bucket2/bucket2snap1
2023-09-20 15:47:52,207 [main] INFO  om.TestSnapshotDeletingService (TestSnapshotDeletingService.java:assertTableRowCount(567)) - snapshotInfoTable actual row count=3, expectedCount=2
2023-09-20 15:47:52,252 [KeyDeletingService#0] INFO  snapshot.SnapshotCache (SnapshotCache.java:lambda$1(170)) - Loading snapshot. Table key: /vol1/bucket2/bucket2snap1
2023-09-20 15:47:52,253 [KeyDeletingService#0] INFO  snapshot.SnapshotCache (SnapshotCache.java:lambda$1(170)) - Loading snapshot. Table key: /vol1/bucket2/bucket2snap1
2023-09-20 15:47:52,752 [KeyDeletingService#0] INFO  snapshot.SnapshotCache (SnapshotCache.java:lambda$1(170)) - Loading snapshot. Table key: /vol1/bucket2/bucket2snap1
2023-09-20 15:47:52,753 [KeyDeletingService#0] INFO  snapshot.SnapshotCache (SnapshotCache.java:lambda$1(170)) - Loading snapshot. Table key: /vol1/bucket2/bucket2snap1
2023-09-20 15:47:53,209 [main] INFO  om.TestSnapshotDeletingService (TestSnapshotDeletingService.java:assertTableRowCount(567)) - snapshotInfoTable actual row count=3, expectedCount=2
2023-09-20 15:47:53,252 [KeyDeletingService#0] INFO  snapshot.SnapshotCache (SnapshotCache.java:lambda$1(170)) - Loading snapshot. Table key: /vol1/bucket2/bucket2snap1
2023-09-20 15:47:53,254 [KeyDeletingService#0] INFO  snapshot.SnapshotCache (SnapshotCache.java:lambda$1(170)) - Loading snapshot. Table key: /vol1/bucket2/bucket2snap1
2023-09-20 15:47:53,752 [KeyDeletingService#0] INFO  snapshot.SnapshotCache (SnapshotCache.java:lambda$1(170)) - Loading snapshot. Table key: /vol1/bucket2/bucket2snap1
2023-09-20 15:47:53,753 [KeyDeletingService#0] INFO  snapshot.SnapshotCache (SnapshotCache.java:lambda$1(170)) - Loading snapshot. Table key: /vol1/bucket2/bucket2snap1
2023-09-20 15:47:54,210 [main] INFO  om.TestSnapshotDeletingService (TestSnapshotDeletingService.java:assertTableRowCount(567)) - snapshotInfoTable actual row count=3, expectedCount=2
2023-09-20 15:47:54,252 [KeyDeletingService#0] INFO  snapshot.SnapshotCache (SnapshotCache.java:lambda$1(170)) - Loading snapshot. Table key: /vol1/bucket2/bucket2snap1
2023-09-20 15:47:54,253 [KeyDeletingService#0] INFO  snapshot.SnapshotCache (SnapshotCache.java:lambda$1(170)) - Loading snapshot. Table key: /vol1/bucket2/bucket2snap1
2023-09-20 15:47:54,752 [KeyDeletingService#0] INFO  snapshot.SnapshotCache (SnapshotCache.java:lambda$1(170)) - Loading snapshot. Table key: /vol1/bucket2/bucket2snap1
2023-09-20 15:47:54,754 [KeyDeletingService#0] INFO  snapshot.SnapshotCache (SnapshotCache.java:lambda$1(170)) - Loading snapshot. Table key: /vol1/bucket2/bucket2snap1
2023-09-20 15:47:55,211 [main] INFO  om.TestSnapshotDeletingService (TestSnapshotDeletingService.java:assertTableRowCount(567)) - snapshotInfoTable actual row count=3, expectedCount=2
2023-09-20 15:47:55,253 [KeyDeletingService#0] INFO  snapshot.SnapshotCache (SnapshotCache.java:lambda$1(170)) - Loading snapshot. Table key: /vol1/bucket2/bucket2snap1
2023-09-20 15:47:55,255 [KeyDeletingService#0] INFO  snapshot.SnapshotCache (SnapshotCache.java:lambda$1(170)) - Loading snapshot. Table key: /vol1/bucket2/bucket2snap1
2023-09-20 15:47:55,752 [KeyDeletingService#0] INFO  snapshot.SnapshotCache (SnapshotCache.java:lambda$1(170)) - Loading snapshot. Table key: /vol1/bucket2/bucket2snap1
2023-09-20 15:47:55,753 [KeyDeletingService#0] INFO  snapshot.SnapshotCache (SnapshotCache.java:lambda$1(170)) - Loading snapshot. Table key: /vol1/bucket2/bucket2snap1
2023-09-20 15:47:56,213 [main] INFO  om.TestSnapshotDeletingService (TestSnapshotDeletingService.java:assertTableRowCount(567)) - snapshotInfoTable actual row count=3, expectedCount=2
2023-09-20 15:47:56,253 [KeyDeletingService#0] INFO  snapshot.SnapshotCache (SnapshotCache.java:lambda$1(170)) - Loading snapshot. Table key: /vol1/bucket2/bucket2snap1
2023-09-20 15:47:56,254 [KeyDeletingService#0] INFO  snapshot.SnapshotCache (SnapshotCache.java:lambda$1(170)) - Loading snapshot. Table key: /vol1/bucket2/bucket2snap1
2023-09-20 15:47:56,753 [KeyDeletingService#0] INFO  snapshot.SnapshotCache (SnapshotCache.java:lambda$1(170)) - Loading snapshot. Table key: /vol1/bucket2/bucket2snap1
2023-09-20 15:47:56,754 [KeyDeletingService#0] INFO  snapshot.SnapshotCache (SnapshotCache.java:lambda$1(170)) - Loading snapshot. Table key: /vol1/bucket2/bucket2snap1
2023-09-20 15:47:57,214 [main] INFO  om.TestSnapshotDeletingService (TestSnapshotDeletingService.java:assertTableRowCount(567)) - snapshotInfoTable actual row count=3, expectedCount=2
2023-09-20 15:47:57,253 [KeyDeletingService#0] INFO  snapshot.SnapshotCache (SnapshotCache.java:lambda$1(170)) - Loading snapshot. Table key: /vol1/bucket2/bucket2snap1
2023-09-20 15:47:57,257 [KeyDeletingService#0] INFO  snapshot.SnapshotCache (SnapshotCache.java:lambda$1(170)) - Loading snapshot. Table key: /vol1/bucket2/bucket2snap1
2023-09-20 15:47:57,753 [KeyDeletingService#0] INFO  snapshot.SnapshotCache (SnapshotCache.java:lambda$1(170)) - Loading snapshot. Table key: /vol1/bucket2/bucket2snap1
2023-09-20 15:47:57,754 [KeyDeletingService#0] INFO  snapshot.SnapshotCache (SnapshotCache.java:lambda$1(170)) - Loading snapshot. Table key: /vol1/bucket2/bucket2snap1
2023-09-20 15:47:58,215 [main] INFO  om.TestSnapshotDeletingService (TestSnapshotDeletingService.java:assertTableRowCount(567)) - snapshotInfoTable actual row count=3, expectedCount=2
2023-09-20 15:47:58,253 [KeyDeletingService#0] INFO  snapshot.SnapshotCache (SnapshotCache.java:lambda$1(170)) - Loading snapshot. Table key: /vol1/bucket2/bucket2snap1
2023-09-20 15:47:58,255 [KeyDeletingService#0] INFO  snapshot.SnapshotCache (SnapshotCache.java:lambda$1(170)) - Loading snapshot. Table key: /vol1/bucket2/bucket2snap1
2023-09-20 15:47:58,753 [KeyDeletingService#0] INFO  snapshot.SnapshotCache (SnapshotCache.java:lambda$1(170)) - Loading snapshot. Table key: /vol1/bucket2/bucket2snap1
2023-09-20 15:47:58,754 [KeyDeletingService#0] INFO  snapshot.SnapshotCache (SnapshotCache.java:lambda$1(170)) - Loading snapshot. Table key: /vol1/bucket2/bucket2snap1
2023-09-20 15:47:59,217 [main] INFO  om.TestSnapshotDeletingService (TestSnapshotDeletingService.java:assertTableRowCount(567)) - snapshotInfoTable actual row count=3, expectedCount=2
2023-09-20 15:47:59,253 [KeyDeletingService#0] INFO  snapshot.SnapshotCache (SnapshotCache.java:lambda$1(170)) - Loading snapshot. Table key: /vol1/bucket2/bucket2snap1
2023-09-20 15:47:59,255 [KeyDeletingService#0] INFO  snapshot.SnapshotCache (SnapshotCache.java:lambda$1(170)) - Loading snapshot. Table key: /vol1/bucket2/bucket2snap1
2023-09-20 15:47:59,755 [KeyDeletingService#0] INFO  snapshot.SnapshotCache (SnapshotCache.java:lambda$1(170)) - Loading snapshot. Table key: /vol1/bucket2/bucket2snap1
2023-09-20 15:47:59,756 [KeyDeletingService#0] INFO  snapshot.SnapshotCache (SnapshotCache.java:lambda$1(170)) - Loading snapshot. Table key: /vol1/bucket2/bucket2snap1
2023-09-20 15:48:00,218 [main] INFO  om.TestSnapshotDeletingService (TestSnapshotDeletingService.java:assertTableRowCount(567)) - snapshotInfoTable actual row count=3, expectedCount=2
2023-09-20 15:48:00,255 [KeyDeletingService#0] INFO  snapshot.SnapshotCache (SnapshotCache.java:lambda$1(170)) - Loading snapshot. Table key: /vol1/bucket2/bucket2snap1
2023-09-20 15:48:00,256 [KeyDeletingService#0] INFO  snapshot.SnapshotCache (SnapshotCache.java:lambda$1(170)) - Loading snapshot. Table key: /vol1/bucket2/bucket2snap1
2023-09-20 15:48:00,755 [KeyDeletingService#0] INFO  snapshot.SnapshotCache (SnapshotCache.java:lambda$1(170)) - Loading snapshot. Table key: /vol1/bucket2/bucket2snap1
2023-09-20 15:48:00,756 [KeyDeletingService#0] INFO  snapshot.SnapshotCache (SnapshotCache.java:lambda$1(170)) - Loading snapshot. Table key: /vol1/bucket2/bucket2snap1
2023-09-20 15:48:01,219 [main] INFO  om.TestSnapshotDeletingService (TestSnapshotDeletingService.java:assertTableRowCount(567)) - snapshotInfoTable actual row count=3, expectedCount=2
2023-09-20 15:48:01,255 [KeyDeletingService#0] INFO  snapshot.SnapshotCache (SnapshotCache.java:lambda$1(170)) - Loading snapshot. Table key: /vol1/bucket2/bucket2snap1
2023-09-20 15:48:01,256 [KeyDeletingService#0] INFO  snapshot.SnapshotCache (SnapshotCache.java:lambda$1(170)) - Loading snapshot. Table key: /vol1/bucket2/bucket2snap1
2023-09-20 15:48:01,755 [KeyDeletingService#0] INFO  snapshot.SnapshotCache (SnapshotCache.java:lambda$1(170)) - Loading snapshot. Table key: /vol1/bucket2/bucket2snap1
2023-09-20 15:48:01,756 [KeyDeletingService#0] INFO  snapshot.SnapshotCache (SnapshotCache.java:lambda$1(170)) - Loading snapshot. Table key: /vol1/bucket2/bucket2snap1
2023-09-20 15:48:02,220 [main] INFO  om.TestSnapshotDeletingService (TestSnapshotDeletingService.java:assertTableRowCount(567)) - snapshotInfoTable actual row count=3, expectedCount=2
2023-09-20 15:48:02,255 [KeyDeletingService#0] INFO  snapshot.SnapshotCache (SnapshotCache.java:lambda$1(170)) - Loading snapshot. Table key: /vol1/bucket2/bucket2snap1
2023-09-20 15:48:02,256 [KeyDeletingService#0] INFO  snapshot.SnapshotCache (SnapshotCache.java:lambda$1(170)) - Loading snapshot. Table key: /vol1/bucket2/bucket2snap1
2023-09-20 15:48:02,755 [KeyDeletingService#0] INFO  snapshot.SnapshotCache (SnapshotCache.java:lambda$1(170)) - Loading snapshot. Table key: /vol1/bucket2/bucket2snap1
2023-09-20 15:48:02,756 [KeyDeletingService#0] INFO  snapshot.SnapshotCache (SnapshotCache.java:lambda$1(170)) - Loading snapshot. Table key: /vol1/bucket2/bucket2snap1
2023-09-20 15:48:03,222 [main] INFO  om.TestSnapshotDeletingService (TestSnapshotDeletingService.java:assertTableRowCount(567)) - snapshotInfoTable actual row count=3, expectedCount=2
2023-09-20 15:48:03,255 [KeyDeletingService#0] INFO  snapshot.SnapshotCache (SnapshotCache.java:lambda$1(170)) - Loading snapshot. Table key: /vol1/bucket2/bucket2snap1
2023-09-20 15:48:03,256 [KeyDeletingService#0] INFO  snapshot.SnapshotCache (SnapshotCache.java:lambda$1(170)) - Loading snapshot. Table key: /vol1/bucket2/bucket2snap1
2023-09-20 15:48:03,756 [KeyDeletingService#0] INFO  snapshot.SnapshotCache (SnapshotCache.java:lambda$1(170)) - Loading snapshot. Table key: /vol1/bucket2/bucket2snap1
2023-09-20 15:48:03,757 [KeyDeletingService#0] INFO  snapshot.SnapshotCache (SnapshotCache.java:lambda$1(170)) - Loading snapshot. Table key: /vol1/bucket2/bucket2snap1
2023-09-20 15:48:04,223 [main] INFO  om.TestSnapshotDeletingService (TestSnapshotDeletingService.java:assertTableRowCount(567)) - snapshotInfoTable actual row count=3, expectedCount=2
2023-09-20 15:48:04,256 [KeyDeletingService#0] INFO  snapshot.SnapshotCache (SnapshotCache.java:lambda$1(170)) - Loading snapshot. Table key: /vol1/bucket2/bucket2snap1
2023-09-20 15:48:04,259 [KeyDeletingService#0] INFO  snapshot.SnapshotCache (SnapshotCache.java:lambda$1(170)) - Loading snapshot. Table key: /vol1/bucket2/bucket2snap1
2023-09-20 15:48:04,756 [KeyDeletingService#0] INFO  snapshot.SnapshotCache (SnapshotCache.java:lambda$1(170)) - Loading snapshot. Table key: /vol1/bucket2/bucket2snap1
2023-09-20 15:48:04,757 [KeyDeletingService#0] INFO  snapshot.SnapshotCache (SnapshotCache.java:lambda$1(170)) - Loading snapshot. Table key: /vol1/bucket2/bucket2snap1
2023-09-20 15:48:05,224 [main] INFO  om.TestSnapshotDeletingService (TestSnapshotDeletingService.java:assertTableRowCount(567)) - snapshotInfoTable actual row count=3, expectedCount=2
2023-09-20 15:48:05,256 [KeyDeletingService#0] INFO  snapshot.SnapshotCache (SnapshotCache.java:lambda$1(170)) - Loading snapshot. Table key: /vol1/bucket2/bucket2snap1
2023-09-20 15:48:05,257 [KeyDeletingService#0] INFO  snapshot.SnapshotCache (SnapshotCache.java:lambda$1(170)) - Loading snapshot. Table key: /vol1/bucket2/bucket2snap1
2023-09-20 15:48:05,756 [KeyDeletingService#0] INFO  snapshot.SnapshotCache (SnapshotCache.java:lambda$1(170)) - Loading snapshot. Table key: /vol1/bucket2/bucket2snap1
2023-09-20 15:48:05,757 [KeyDeletingService#0] INFO  snapshot.SnapshotCache (SnapshotCache.java:lambda$1(170)) - Loading snapshot. Table key: /vol1/bucket2/bucket2snap1
2023-09-20 15:48:06,226 [main] INFO  om.TestSnapshotDeletingService (TestSnapshotDeletingService.java:assertTableRowCount(567)) - snapshotInfoTable actual row count=3, expectedCount=2
2023-09-20 15:48:06,256 [KeyDeletingService#0] INFO  snapshot.SnapshotCache (SnapshotCache.java:lambda$1(170)) - Loading snapshot. Table key: /vol1/bucket2/bucket2snap1
2023-09-20 15:48:06,260 [KeyDeletingService#0] INFO  snapshot.SnapshotCache (SnapshotCache.java:lambda$1(170)) - Loading snapshot. Table key: /vol1/bucket2/bucket2snap1
2023-09-20 15:48:06,757 [KeyDeletingService#0] INFO  snapshot.SnapshotCache (SnapshotCache.java:lambda$1(170)) - Loading snapshot. Table key: /vol1/bucket2/bucket2snap1
2023-09-20 15:48:06,758 [KeyDeletingService#0] INFO  snapshot.SnapshotCache (SnapshotCache.java:lambda$1(170)) - Loading snapshot. Table key: /vol1/bucket2/bucket2snap1
2023-09-20 15:48:07,227 [main] INFO  om.TestSnapshotDeletingService (TestSnapshotDeletingService.java:assertTableRowCount(567)) - snapshotInfoTable actual row count=3, expectedCount=2
2023-09-20 15:48:07,259 [KeyDeletingService#0] INFO  snapshot.SnapshotCache (SnapshotCache.java:lambda$1(170)) - Loading snapshot. Table key: /vol1/bucket2/bucket2snap1
2023-09-20 15:48:07,260 [KeyDeletingService#0] INFO  snapshot.SnapshotCache (SnapshotCache.java:lambda$1(170)) - Loading snapshot. Table key: /vol1/bucket2/bucket2snap1
2023-09-20 15:48:07,758 [KeyDeletingService#0] INFO  snapshot.SnapshotCache (SnapshotCache.java:lambda$1(170)) - Loading snapshot. Table key: /vol1/bucket2/bucket2snap1
2023-09-20 15:48:07,759 [KeyDeletingService#0] INFO  snapshot.SnapshotCache (SnapshotCache.java:lambda$1(170)) - Loading snapshot. Table key: /vol1/bucket2/bucket2snap1
2023-09-20 15:48:08,228 [main] INFO  om.TestSnapshotDeletingService (TestSnapshotDeletingService.java:assertTableRowCount(567)) - snapshotInfoTable actual row count=3, expectedCount=2
2023-09-20 15:48:08,258 [KeyDeletingService#0] INFO  snapshot.SnapshotCache (SnapshotCache.java:lambda$1(170)) - Loading snapshot. Table key: /vol1/bucket2/bucket2snap1
2023-09-20 15:48:08,259 [KeyDeletingService#0] INFO  snapshot.SnapshotCache (SnapshotCache.java:lambda$1(170)) - Loading snapshot. Table key: /vol1/bucket2/bucket2snap1
2023-09-20 15:48:08,759 [KeyDeletingService#0] INFO  snapshot.SnapshotCache (SnapshotCache.java:lambda$1(170)) - Loading snapshot. Table key: /vol1/bucket2/bucket2snap1
2023-09-20 15:48:08,760 [KeyDeletingService#0] INFO  snapshot.SnapshotCache (SnapshotCache.java:lambda$1(170)) - Loading snapshot. Table key: /vol1/bucket2/bucket2snap1
2023-09-20 15:48:09,229 [main] INFO  om.TestSnapshotDeletingService (TestSnapshotDeletingService.java:assertTableRowCount(567)) - snapshotInfoTable actual row count=3, expectedCount=2
2023-09-20 15:48:09,259 [KeyDeletingService#0] INFO  snapshot.SnapshotCache (SnapshotCache.java:lambda$1(170)) - Loading snapshot. Table key: /vol1/bucket2/bucket2snap1
2023-09-20 15:48:09,260 [KeyDeletingService#0] INFO  snapshot.SnapshotCache (SnapshotCache.java:lambda$1(170)) - Loading snapshot. Table key: /vol1/bucket2/bucket2snap1
2023-09-20 15:48:09,761 [KeyDeletingService#0] INFO  snapshot.SnapshotCache (SnapshotCache.java:lambda$1(170)) - Loading snapshot. Table key: /vol1/bucket2/bucket2snap1
2023-09-20 15:48:09,762 [KeyDeletingService#0] INFO  snapshot.SnapshotCache (SnapshotCache.java:lambda$1(170)) - Loading snapshot. Table key: /vol1/bucket2/bucket2snap1
2023-09-20 15:48:10,231 [main] INFO  om.TestSnapshotDeletingService (TestSnapshotDeletingService.java:assertTableRowCount(567)) - snapshotInfoTable actual row count=3, expectedCount=2
2023-09-20 15:48:10,261 [KeyDeletingService#0] INFO  snapshot.SnapshotCache (SnapshotCache.java:lambda$1(170)) - Loading snapshot. Table key: /vol1/bucket2/bucket2snap1
2023-09-20 15:48:10,262 [KeyDeletingService#0] INFO  snapshot.SnapshotCache (SnapshotCache.java:lambda$1(170)) - Loading snapshot. Table key: /vol1/bucket2/bucket2snap1
2023-09-20 15:48:10,762 [KeyDeletingService#0] INFO  snapshot.SnapshotCache (SnapshotCache.java:lambda$1(170)) - Loading snapshot. Table key: /vol1/bucket2/bucket2snap1
2023-09-20 15:48:10,763 [KeyDeletingService#0] INFO  snapshot.SnapshotCache (SnapshotCache.java:lambda$1(170)) - Loading snapshot. Table key: /vol1/bucket2/bucket2snap1
2023-09-20 15:48:11,232 [main] INFO  om.TestSnapshotDeletingService (TestSnapshotDeletingService.java:assertTableRowCount(567)) - snapshotInfoTable actual row count=3, expectedCount=2
2023-09-20 15:48:11,262 [KeyDeletingService#0] INFO  snapshot.SnapshotCache (SnapshotCache.java:lambda$1(170)) - Loading snapshot. Table key: /vol1/bucket2/bucket2snap1
2023-09-20 15:48:11,262 [KeyDeletingService#0] INFO  snapshot.SnapshotCache (SnapshotCache.java:lambda$1(170)) - Loading snapshot. Table key: /vol1/bucket2/bucket2snap1
2023-09-20 15:48:11,765 [KeyDeletingService#0] INFO  snapshot.SnapshotCache (SnapshotCache.java:lambda$1(170)) - Loading snapshot. Table key: /vol1/bucket2/bucket2snap1
2023-09-20 15:48:11,766 [KeyDeletingService#0] INFO  snapshot.SnapshotCache (SnapshotCache.java:lambda$1(170)) - Loading snapshot. Table key: /vol1/bucket2/bucket2snap1
2023-09-20 15:48:12,234 [main] INFO  om.TestSnapshotDeletingService (TestSnapshotDeletingService.java:assertTableRowCount(567)) - snapshotInfoTable actual row count=3, expectedCount=2
2023-09-20 15:48:12,267 [KeyDeletingService#0] INFO  snapshot.SnapshotCache (SnapshotCache.java:lambda$1(170)) - Loading snapshot. Table key: /vol1/bucket2/bucket2snap1
2023-09-20 15:48:12,268 [KeyDeletingService#0] INFO  snapshot.SnapshotCache (SnapshotCache.java:lambda$1(170)) - Loading snapshot. Table key: /vol1/bucket2/bucket2snap1
2023-09-20 15:48:12,766 [KeyDeletingService#0] INFO  snapshot.SnapshotCache (SnapshotCache.java:lambda$1(170)) - Loading snapshot. Table key: /vol1/bucket2/bucket2snap1
2023-09-20 15:48:12,767 [KeyDeletingService#0] INFO  snapshot.SnapshotCache (SnapshotCache.java:lambda$1(170)) - Loading snapshot. Table key: /vol1/bucket2/bucket2snap1
2023-09-20 15:48:13,235 [main] INFO  om.TestSnapshotDeletingService (TestSnapshotDeletingService.java:assertTableRowCount(567)) - snapshotInfoTable actual row count=3, expectedCount=2
2023-09-20 15:48:13,267 [KeyDeletingService#0] INFO  snapshot.SnapshotCache (SnapshotCache.java:lambda$1(170)) - Loading snapshot. Table key: /vol1/bucket2/bucket2snap1
2023-09-20 15:48:13,268 [KeyDeletingService#0] INFO  snapshot.SnapshotCache (SnapshotCache.java:lambda$1(170)) - Loading snapshot. Table key: /vol1/bucket2/bucket2snap1
2023-09-20 15:48:13,767 [KeyDeletingService#0] INFO  snapshot.SnapshotCache (SnapshotCache.java:lambda$1(170)) - Loading snapshot. Table key: /vol1/bucket2/bucket2snap1
2023-09-20 15:48:13,768 [KeyDeletingService#0] INFO  snapshot.SnapshotCache (SnapshotCache.java:lambda$1(170)) - Loading snapshot. Table key: /vol1/bucket2/bucket2snap1
2023-09-20 15:48:14,236 [main] INFO  om.TestSnapshotDeletingService (TestSnapshotDeletingService.java:assertTableRowCount(567)) - snapshotInfoTable actual row count=3, expectedCount=2
2023-09-20 15:48:14,267 [KeyDeletingService#0] INFO  snapshot.SnapshotCache (SnapshotCache.java:lambda$1(170)) - Loading snapshot. Table key: /vol1/bucket2/bucket2snap1
2023-09-20 15:48:14,268 [KeyDeletingService#0] INFO  snapshot.SnapshotCache (SnapshotCache.java:lambda$1(170)) - Loading snapshot. Table key: /vol1/bucket2/bucket2snap1
2023-09-20 15:48:14,769 [KeyDeletingService#0] INFO  snapshot.SnapshotCache (SnapshotCache.java:lambda$1(170)) - Loading snapshot. Table key: /vol1/bucket2/bucket2snap1
2023-09-20 15:48:14,770 [KeyDeletingService#0] INFO  snapshot.SnapshotCache (SnapshotCache.java:lambda$1(170)) - Loading snapshot. Table key: /vol1/bucket2/bucket2snap1
2023-09-20 15:48:15,237 [main] INFO  om.TestSnapshotDeletingService (TestSnapshotDeletingService.java:assertTableRowCount(567)) - snapshotInfoTable actual row count=3, expectedCount=2
2023-09-20 15:48:15,269 [KeyDeletingService#0] INFO  snapshot.SnapshotCache (SnapshotCache.java:lambda$1(170)) - Loading snapshot. Table key: /vol1/bucket2/bucket2snap1
2023-09-20 15:48:15,270 [KeyDeletingService#0] INFO  snapshot.SnapshotCache (SnapshotCache.java:lambda$1(170)) - Loading snapshot. Table key: /vol1/bucket2/bucket2snap1
2023-09-20 15:48:15,770 [KeyDeletingService#0] INFO  snapshot.SnapshotCache (SnapshotCache.java:lambda$1(170)) - Loading snapshot. Table key: /vol1/bucket2/bucket2snap1
2023-09-20 15:48:15,770 [KeyDeletingService#0] INFO  snapshot.SnapshotCache (SnapshotCache.java:lambda$1(170)) - Loading snapshot. Table key: /vol1/bucket2/bucket2snap1
2023-09-20 15:48:16,238 [main] INFO  om.TestSnapshotDeletingService (TestSnapshotDeletingService.java:assertTableRowCount(567)) - snapshotInfoTable actual row count=3, expectedCount=2
2023-09-20 15:48:16,270 [KeyDeletingService#0] INFO  snapshot.SnapshotCache (SnapshotCache.java:lambda$1(170)) - Loading snapshot. Table key: /vol1/bucket2/bucket2snap1
2023-09-20 15:48:16,271 [KeyDeletingService#0] INFO  snapshot.SnapshotCache (SnapshotCache.java:lambda$1(170)) - Loading snapshot. Table key: /vol1/bucket2/bucket2snap1
2023-09-20 15:48:16,770 [KeyDeletingService#0] INFO  snapshot.SnapshotCache (SnapshotCache.java:lambda$1(170)) - Loading snapshot. Table key: /vol1/bucket2/bucket2snap1
2023-09-20 15:48:16,771 [KeyDeletingService#0] INFO  snapshot.SnapshotCache (SnapshotCache.java:lambda$1(170)) - Loading snapshot. Table key: /vol1/bucket2/bucket2snap1
2023-09-20 15:48:17,240 [main] INFO  om.TestSnapshotDeletingService (TestSnapshotDeletingService.java:assertTableRowCount(567)) - snapshotInfoTable actual row count=3, expectedCount=2
2023-09-20 15:48:17,270 [KeyDeletingService#0] INFO  snapshot.SnapshotCache (SnapshotCache.java:lambda$1(170)) - Loading snapshot. Table key: /vol1/bucket2/bucket2snap1
2023-09-20 15:48:17,271 [KeyDeletingService#0] INFO  snapshot.SnapshotCache (SnapshotCache.java:lambda$1(170)) - Loading snapshot. Table key: /vol1/bucket2/bucket2snap1
2023-09-20 15:48:17,771 [KeyDeletingService#0] INFO  snapshot.SnapshotCache (SnapshotCache.java:lambda$1(170)) - Loading snapshot. Table key: /vol1/bucket2/bucket2snap1
2023-09-20 15:48:17,772 [KeyDeletingService#0] INFO  snapshot.SnapshotCache (SnapshotCache.java:lambda$1(170)) - Loading snapshot. Table key: /vol1/bucket2/bucket2snap1
2023-09-20 15:48:18,241 [main] INFO  om.TestSnapshotDeletingService (TestSnapshotDeletingService.java:assertTableRowCount(567)) - snapshotInfoTable actual row count=3, expectedCount=2
2023-09-20 15:48:18,271 [KeyDeletingService#0] INFO  snapshot.SnapshotCache (SnapshotCache.java:lambda$1(170)) - Loading snapshot. Table key: /vol1/bucket2/bucket2snap1
2023-09-20 15:48:18,272 [KeyDeletingService#0] INFO  snapshot.SnapshotCache (SnapshotCache.java:lambda$1(170)) - Loading snapshot. Table key: /vol1/bucket2/bucket2snap1
2023-09-20 15:48:18,772 [KeyDeletingService#0] INFO  snapshot.SnapshotCache (SnapshotCache.java:lambda$1(170)) - Loading snapshot. Table key: /vol1/bucket2/bucket2snap1
2023-09-20 15:48:18,773 [KeyDeletingService#0] INFO  snapshot.SnapshotCache (SnapshotCache.java:lambda$1(170)) - Loading snapshot. Table key: /vol1/bucket2/bucket2snap1
2023-09-20 15:48:19,243 [main] INFO  om.TestSnapshotDeletingService (TestSnapshotDeletingService.java:assertTableRowCount(567)) - snapshotInfoTable actual row count=3, expectedCount=2
2023-09-20 15:48:19,273 [KeyDeletingService#0] INFO  snapshot.SnapshotCache (SnapshotCache.java:lambda$1(170)) - Loading snapshot. Table key: /vol1/bucket2/bucket2snap1
2023-09-20 15:48:19,274 [KeyDeletingService#0] INFO  snapshot.SnapshotCache (SnapshotCache.java:lambda$1(170)) - Loading snapshot. Table key: /vol1/bucket2/bucket2snap1
2023-09-20 15:48:19,774 [KeyDeletingService#0] INFO  snapshot.SnapshotCache (SnapshotCache.java:lambda$1(170)) - Loading snapshot. Table key: /vol1/bucket2/bucket2snap1
2023-09-20 15:48:19,775 [KeyDeletingService#0] INFO  snapshot.SnapshotCache (SnapshotCache.java:lambda$1(170)) - Loading snapshot. Table key: /vol1/bucket2/bucket2snap1
2023-09-20 15:48:20,244 [main] INFO  om.TestSnapshotDeletingService (TestSnapshotDeletingService.java:assertTableRowCount(567)) - snapshotInfoTable actual row count=3, expectedCount=2
2023-09-20 15:48:20,275 [KeyDeletingService#0] INFO  snapshot.SnapshotCache (SnapshotCache.java:lambda$1(170)) - Loading snapshot. Table key: /vol1/bucket2/bucket2snap1
2023-09-20 15:48:20,275 [KeyDeletingService#0] INFO  snapshot.SnapshotCache (SnapshotCache.java:lambda$1(170)) - Loading snapshot. Table key: /vol1/bucket2/bucket2snap1
2023-09-20 15:48:20,775 [KeyDeletingService#0] INFO  snapshot.SnapshotCache (SnapshotCache.java:lambda$1(170)) - Loading snapshot. Table key: /vol1/bucket2/bucket2snap1
2023-09-20 15:48:20,776 [KeyDeletingService#0] INFO  snapshot.SnapshotCache (SnapshotCache.java:lambda$1(170)) - Loading snapshot. Table key: /vol1/bucket2/bucket2snap1
2023-09-20 15:48:21,245 [main] INFO  om.TestSnapshotDeletingService (TestSnapshotDeletingService.java:assertTableRowCount(567)) - snapshotInfoTable actual row count=3, expectedCount=2
2023-09-20 15:48:21,275 [KeyDeletingService#0] INFO  snapshot.SnapshotCache (SnapshotCache.java:lambda$1(170)) - Loading snapshot. Table key: /vol1/bucket2/bucket2snap1
2023-09-20 15:48:21,276 [KeyDeletingService#0] INFO  snapshot.SnapshotCache (SnapshotCache.java:lambda$1(170)) - Loading snapshot. Table key: /vol1/bucket2/bucket2snap1
2023-09-20 15:48:21,776 [KeyDeletingService#0] INFO  snapshot.SnapshotCache (SnapshotCache.java:lambda$1(170)) - Loading snapshot. Table key: /vol1/bucket2/bucket2snap1
2023-09-20 15:48:21,777 [KeyDeletingService#0] INFO  snapshot.SnapshotCache (SnapshotCache.java:lambda$1(170)) - Loading snapshot. Table key: /vol1/bucket2/bucket2snap1
2023-09-20 15:48:22,247 [main] INFO  om.TestSnapshotDeletingService (TestSnapshotDeletingService.java:assertTableRowCount(567)) - snapshotInfoTable actual row count=3, expectedCount=2
2023-09-20 15:48:22,276 [KeyDeletingService#0] INFO  snapshot.SnapshotCache (SnapshotCache.java:lambda$1(170)) - Loading snapshot. Table key: /vol1/bucket2/bucket2snap1
2023-09-20 15:48:22,277 [KeyDeletingService#0] INFO  snapshot.SnapshotCache (SnapshotCache.java:lambda$1(170)) - Loading snapshot. Table key: /vol1/bucket2/bucket2snap1
2023-09-20 15:48:22,776 [KeyDeletingService#0] INFO  snapshot.SnapshotCache (SnapshotCache.java:lambda$1(170)) - Loading snapshot. Table key: /vol1/bucket2/bucket2snap1
2023-09-20 15:48:22,777 [KeyDeletingService#0] INFO  snapshot.SnapshotCache (SnapshotCache.java:lambda$1(170)) - Loading snapshot. Table key: /vol1/bucket2/bucket2snap1
2023-09-20 15:48:23,248 [main] INFO  om.TestSnapshotDeletingService (TestSnapshotDeletingService.java:assertTableRowCount(567)) - snapshotInfoTable actual row count=3, expectedCount=2
2023-09-20 15:48:23,277 [KeyDeletingService#0] INFO  snapshot.SnapshotCache (SnapshotCache.java:lambda$1(170)) - Loading snapshot. Table key: /vol1/bucket2/bucket2snap1
2023-09-20 15:48:23,278 [KeyDeletingService#0] INFO  snapshot.SnapshotCache (SnapshotCache.java:lambda$1(170)) - Loading snapshot. Table key: /vol1/bucket2/bucket2snap1
2023-09-20 15:48:23,778 [KeyDeletingService#0] INFO  snapshot.SnapshotCache (SnapshotCache.java:lambda$1(170)) - Loading snapshot. Table key: /vol1/bucket2/bucket2snap1
2023-09-20 15:48:23,779 [KeyDeletingService#0] INFO  snapshot.SnapshotCache (SnapshotCache.java:lambda$1(170)) - Loading snapshot. Table key: /vol1/bucket2/bucket2snap1
2023-09-20 15:48:24,250 [main] INFO  om.TestSnapshotDeletingService (TestSnapshotDeletingService.java:assertTableRowCount(567)) - snapshotInfoTable actual row count=3, expectedCount=2
2023-09-20 15:48:24,278 [KeyDeletingService#0] INFO  snapshot.SnapshotCache (SnapshotCache.java:lambda$1(170)) - Loading snapshot. Table key: /vol1/bucket2/bucket2snap1
2023-09-20 15:48:24,279 [KeyDeletingService#0] INFO  snapshot.SnapshotCache (SnapshotCache.java:lambda$1(170)) - Loading snapshot. Table key: /vol1/bucket2/bucket2snap1
2023-09-20 15:48:24,779 [KeyDeletingService#0] INFO  snapshot.SnapshotCache (SnapshotCache.java:lambda$1(170)) - Loading snapshot. Table key: /vol1/bucket2/bucket2snap1
2023-09-20 15:48:24,780 [KeyDeletingService#0] INFO  snapshot.SnapshotCache (SnapshotCache.java:lambda$1(170)) - Loading snapshot. Table key: /vol1/bucket2/bucket2snap1
2023-09-20 15:48:25,251 [main] INFO  om.TestSnapshotDeletingService (TestSnapshotDeletingService.java:assertTableRowCount(567)) - snapshotInfoTable actual row count=3, expectedCount=2
2023-09-20 15:48:25,279 [KeyDeletingService#0] INFO  snapshot.SnapshotCache (SnapshotCache.java:lambda$1(170)) - Loading snapshot. Table key: /vol1/bucket2/bucket2snap1
2023-09-20 15:48:25,280 [KeyDeletingService#0] INFO  snapshot.SnapshotCache (SnapshotCache.java:lambda$1(170)) - Loading snapshot. Table key: /vol1/bucket2/bucket2snap1
2023-09-20 15:48:25,554 [SstFilteringService#0] INFO  snapshot.SnapshotCache (SnapshotCache.java:lambda$1(170)) - Loading snapshot. Table key: /vol1/bucket1/bucket1snap3
2023-09-20 15:48:25,557 [SstFilteringService#0] INFO  snapshot.SnapshotCache (SnapshotCache.java:lambda$1(170)) - Loading snapshot. Table key: /vol1/bucket2/bucket2snap1
2023-09-20 15:48:25,558 [SstFilteringService#0] INFO  om.SstFilteringService (SstFilteringService.java:call(220)) - Snapshot with name: 'bucket2snap1', id: 'e7204ab8-4fe4-46df-b07c-9240549fd82a' has been deleted.
2023-09-20 15:48:25,780 [SnapshotDeletingService#0] INFO  snapshot.SnapshotCache (SnapshotCache.java:lambda$1(170)) - Loading snapshot. Table key: /vol1/bucket2/bucket2snap1
2023-09-20 15:48:25,780 [KeyDeletingService#0] INFO  snapshot.SnapshotCache (SnapshotCache.java:lambda$1(170)) - Loading snapshot. Table key: /vol1/bucket2/bucket2snap1
2023-09-20 15:48:25,781 [KeyDeletingService#0] INFO  snapshot.SnapshotCache (SnapshotCache.java:lambda$1(170)) - Loading snapshot. Table key: /vol1/bucket2/bucket2snap1
2023-09-20 15:48:26,252 [main] INFO  om.TestSnapshotDeletingService (TestSnapshotDeletingService.java:assertTableRowCount(567)) - snapshotInfoTable actual row count=2, expectedCount=2
2023-09-20 15:48:26,253 [main] INFO  om.TestSnapshotDeletingService (TestSnapshotDeletingService.java:assertTableRowCount(567)) - deletedTable actual row count=2, expectedCount=0
2023-09-20 15:48:27,254 [main] INFO  om.TestSnapshotDeletingService (TestSnapshotDeletingService.java:assertTableRowCount(567)) - deletedTable actual row count=0, expectedCount=0
2023-09-20 15:48:27,292 [main] INFO  ozone.MiniOzoneClusterImpl (MiniOzoneClusterImpl.java:shutdown(443)) - Shutting down the Mini Ozone Cluster
2023-09-20 15:48:27,293 [main] INFO  ozone.MiniOzoneClusterImpl (MiniOzoneClusterImpl.java:stop(460)) - Stopping the Mini Ozone Cluster
2023-09-20 15:48:27,293 [main] INFO  ozone.MiniOzoneClusterImpl (MiniOzoneClusterImpl.java:stopOM(551)) - Stopping the OzoneManager
2023-09-20 15:48:27,293 [main] INFO  om.OzoneManager (OzoneManager.java:stop(2207)) - om1[localhost:15004]: Stopping Ozone Manager
2023-09-20 15:48:27,293 [main] INFO  ipc.Server (Server.java:stop(3523)) - Stopping server on 15004
2023-09-20 15:48:27,297 [IPC Server listener on 15004] INFO  ipc.Server (Server.java:run(1434)) - Stopping IPC Server listener on 15004
2023-09-20 15:48:27,297 [IPC Server Responder] INFO  ipc.Server (Server.java:run(1567)) - Stopping IPC Server Responder
2023-09-20 15:48:27,304 [main] INFO  server.RaftServer (RaftServerProxy.java:lambda$close$6(416)) - om1: close
2023-09-20 15:48:27,305 [main] INFO  server.GrpcService (GrpcService.java:closeImpl(311)) - om1: shutdown server GrpcServerProtocolService now
2023-09-20 15:48:27,305 [om1-impl-thread2] INFO  server.RaftServer$Division (RaftServerImpl.java:lambda$close$4(466)) - om1@group-C5BA1605619E: shutdown
2023-09-20 15:48:27,305 [om1-impl-thread2] INFO  util.JmxRegister (JmxRegister.java:unregister(73)) - Successfully un-registered JMX Bean with object name Ratis:service=RaftServer,group=group-C5BA1605619E,id=om1
2023-09-20 15:48:27,305 [om1-impl-thread2] INFO  impl.RoleInfo (RoleInfo.java:shutdownLeaderState(93)) - om1: shutdown om1@group-C5BA1605619E-LeaderStateImpl
2023-09-20 15:48:27,306 [om1-impl-thread2] INFO  impl.PendingRequests (PendingRequests.java:sendNotLeaderResponses(289)) - om1@group-C5BA1605619E-PendingRequests: sendNotLeaderResponses
2023-09-20 15:48:27,317 [om1-impl-thread2] INFO  impl.StateMachineUpdater (StateMachineUpdater.java:stopAndJoin(155)) - om1@group-C5BA1605619E-StateMachineUpdater: set stopIndex = 86
2023-09-20 15:48:27,318 [om1@group-C5BA1605619E-StateMachineUpdater] INFO  ratis.OzoneManagerStateMachine (OzoneManagerStateMachine.java:takeSnapshot(480)) - Current Snapshot Index (t:1, i:86)
2023-09-20 15:48:27,321 [main] INFO  server.GrpcService (GrpcService.java:closeImpl(320)) - om1: shutdown server GrpcServerProtocolService successfully
2023-09-20 15:48:27,346 [om1@group-C5BA1605619E-StateMachineUpdater] INFO  impl.StateMachineUpdater (StateMachineUpdater.java:takeSnapshot(291)) - om1@group-C5BA1605619E-StateMachineUpdater: Took a snapshot at index 86
2023-09-20 15:48:27,347 [om1@group-C5BA1605619E-StateMachineUpdater] INFO  impl.StateMachineUpdater (StateMachineUpdater.java:lambda$new$0(97)) - om1@group-C5BA1605619E-StateMachineUpdater: snapshotIndex: updateIncreasingly -1 -> 86
2023-09-20 15:48:27,347 [om1@group-C5BA1605619E-StateMachineUpdater] INFO  ratis.OzoneManagerStateMachine (OzoneManagerStateMachine.java:close(534)) - StateMachine has shutdown. Shutdown OzoneManager if not already shutdown.
2023-09-20 15:48:27,347 [om1@group-C5BA1605619E-StateMachineUpdater] INFO  ratis.OzoneManagerDoubleBuffer (OzoneManagerDoubleBuffer.java:stopDaemon(551)) - Stopping OMDoubleBuffer flush thread
2023-09-20 15:48:27,347 [OMDoubleBufferFlushThread] INFO  ratis.OzoneManagerDoubleBuffer (OzoneManagerDoubleBuffer.java:canFlush(638)) - OMDoubleBuffer flush thread OMDoubleBufferFlushThread is interrupted and will exit.
2023-09-20 15:48:27,349 [om1-impl-thread2] INFO  server.RaftServer$Division (ServerState.java:close(472)) - om1@group-C5BA1605619E: closes. applyIndex: 86
2023-09-20 15:48:28,295 [om1-impl-thread2] INFO  segmented.SegmentedRaftLogWorker (SegmentedRaftLogWorker.java:close(252)) - om1@group-C5BA1605619E-SegmentedRaftLogWorker close()
2023-09-20 15:48:28,298 [JvmPauseMonitor1] INFO  util.JvmPauseMonitor (JvmPauseMonitor.java:run(109)) - JvmPauseMonitor-om1: Stopped
2023-09-20 15:48:28,298 [main] INFO  ratis.OzoneManagerStateMachine (OzoneManagerStateMachine.java:close(534)) - StateMachine has shutdown. Shutdown OzoneManager if not already shutdown.
2023-09-20 15:48:28,299 [main] INFO  ratis.OzoneManagerDoubleBuffer (OzoneManagerDoubleBuffer.java:stopDaemon(560)) - OMDoubleBuffer flush thread is not running.
2023-09-20 15:48:28,303 [main] INFO  utils.BackgroundService (BackgroundService.java:shutdown(141)) - Shutting down service KeyDeletingService
2023-09-20 15:48:28,304 [main] INFO  utils.BackgroundService (BackgroundService.java:shutdown(141)) - Shutting down service KeyDeletingService
2023-09-20 15:48:28,304 [main] INFO  utils.BackgroundService (BackgroundService.java:shutdown(141)) - Shutting down service OpenKeyCleanupService
2023-09-20 15:48:28,305 [main] INFO  utils.BackgroundService (BackgroundService.java:shutdown(141)) - Shutting down service SstFilteringService
2023-09-20 15:48:28,305 [main] INFO  utils.BackgroundService (BackgroundService.java:shutdown(141)) - Shutting down service SnapshotDeletingService
2023-09-20 15:48:28,308 [main] INFO  handler.ContextHandler (ContextHandler.java:doStop(1159)) - Stopped o.e.j.w.WebAppContext@5d9d1953{ozoneManager,/,null,STOPPED}{file:/home/runner/work/ozone/ozone/hadoop-ozone/integration-test/target/test-classes/webapps/ozoneManager}
2023-09-20 15:48:28,313 [main] INFO  server.AbstractConnector (AbstractConnector.java:doStop(383)) - Stopped ServerConnector@60f9d3e1{HTTP/1.1, (http/1.1)}{0.0.0.0:15005}
2023-09-20 15:48:28,313 [main] INFO  server.session (HouseKeeper.java:stopScavenging(149)) - node0 Stopped scavenging
2023-09-20 15:48:28,314 [main] INFO  handler.ContextHandler (ContextHandler.java:doStop(1159)) - Stopped o.e.j.s.ServletContextHandler@3e709353{static,/static,file:///home/runner/work/ozone/ozone/hadoop-ozone/integration-test/target/test-classes/webapps/static,STOPPED}
2023-09-20 15:48:28,314 [main] INFO  handler.ContextHandler (ContextHandler.java:doStop(1159)) - Stopped o.e.j.s.ServletContextHandler@6df51259{logs,/logs,file:///home/runner/work/ozone/ozone/hadoop-ozone/integration-test/target/log,STOPPED}
2023-09-20 15:48:28,317 [main] INFO  rocksdiff.RocksDBCheckpointDiffer (RocksDBCheckpointDiffer.java:close(343)) - Shutting down CompactionDagPruningService.
2023-09-20 15:48:28,321 [main] INFO  snapshot.SnapshotDiffManager (SnapshotDiffManager.java:closeExecutorService(1718)) - Shutting down executorService: 'SnapDiffExecutor'
2023-09-20 15:48:28,321 [main] INFO  snapshot.SnapshotDiffManager (SnapshotDiffManager.java:closeExecutorService(1718)) - Shutting down executorService: 'SstDumpToolExecutor'
2023-09-20 15:48:28,325 [main] INFO  utils.BackgroundService (BackgroundService.java:shutdown(141)) - Shutting down service SnapshotDiffCleanupService
2023-09-20 15:48:28,328 [main] INFO  ozone.MiniOzoneClusterImpl (MiniOzoneClusterImpl.java:stopDatanodes(528)) - Stopping the HddsDatanodes
2023-09-20 15:48:28,332 [main] INFO  ozoneimpl.OzoneContainer (OzoneContainer.java:stop(451)) - Attempting to stop container services.
2023-09-20 15:48:28,353 [main] INFO  server.RaftServer (RaftServerProxy.java:lambda$close$6(416)) - 57fc3420-94a0-4f3c-850d-40c1ae05c77a: close
2023-09-20 15:48:28,353 [ForkJoinPool.commonPool-worker-1] INFO  ozoneimpl.OzoneContainer (OzoneContainer.java:stop(451)) - Attempting to stop container services.
2023-09-20 15:48:28,354 [57fc3420-94a0-4f3c-850d-40c1ae05c77a-impl-thread2] INFO  server.RaftServer$Division (RaftServerImpl.java:lambda$close$4(466)) - 57fc3420-94a0-4f3c-850d-40c1ae05c77a@group-867C931AC550: shutdown
2023-09-20 15:48:28,354 [57fc3420-94a0-4f3c-850d-40c1ae05c77a-impl-thread2] INFO  util.JmxRegister (JmxRegister.java:unregister(73)) - Successfully un-registered JMX Bean with object name Ratis:service=RaftServer,group=group-867C931AC550,id=57fc3420-94a0-4f3c-850d-40c1ae05c77a
2023-09-20 15:48:28,354 [57fc3420-94a0-4f3c-850d-40c1ae05c77a-impl-thread2] INFO  impl.RoleInfo (RoleInfo.java:shutdownFollowerState(110)) - 57fc3420-94a0-4f3c-850d-40c1ae05c77a: shutdown 57fc3420-94a0-4f3c-850d-40c1ae05c77a@group-867C931AC550-FollowerState
2023-09-20 15:48:28,355 [57fc3420-94a0-4f3c-850d-40c1ae05c77a-impl-thread3] INFO  server.RaftServer$Division (RaftServerImpl.java:lambda$close$4(466)) - 57fc3420-94a0-4f3c-850d-40c1ae05c77a@group-DC3B4BB29613: shutdown
2023-09-20 15:48:28,355 [57fc3420-94a0-4f3c-850d-40c1ae05c77a-impl-thread3] INFO  util.JmxRegister (JmxRegister.java:unregister(73)) - Successfully un-registered JMX Bean with object name Ratis:service=RaftServer,group=group-DC3B4BB29613,id=57fc3420-94a0-4f3c-850d-40c1ae05c77a
2023-09-20 15:48:28,355 [57fc3420-94a0-4f3c-850d-40c1ae05c77a-impl-thread3] INFO  impl.RoleInfo (RoleInfo.java:shutdownLeaderState(93)) - 57fc3420-94a0-4f3c-850d-40c1ae05c77a: shutdown 57fc3420-94a0-4f3c-850d-40c1ae05c77a@group-DC3B4BB29613-LeaderStateImpl
2023-09-20 15:48:28,356 [main] INFO  server.GrpcService (GrpcService.java:closeImpl(311)) - 57fc3420-94a0-4f3c-850d-40c1ae05c77a: shutdown server org.apache.ratis.grpc.server.GrpcClientProtocolService now
2023-09-20 15:48:28,359 [57fc3420-94a0-4f3c-850d-40c1ae05c77a@group-867C931AC550-FollowerState] INFO  impl.FollowerState (FollowerState.java:run(152)) - 57fc3420-94a0-4f3c-850d-40c1ae05c77a@group-867C931AC550-FollowerState was interrupted
2023-09-20 15:48:28,359 [57fc3420-94a0-4f3c-850d-40c1ae05c77a-impl-thread2] INFO  impl.StateMachineUpdater (StateMachineUpdater.java:stopAndJoin(155)) - 57fc3420-94a0-4f3c-850d-40c1ae05c77a@group-867C931AC550-StateMachineUpdater: set stopIndex = 180
2023-09-20 15:48:28,355 [57fc3420-94a0-4f3c-850d-40c1ae05c77a-impl-thread3] INFO  impl.PendingRequests (PendingRequests.java:sendNotLeaderResponses(289)) - 57fc3420-94a0-4f3c-850d-40c1ae05c77a@group-DC3B4BB29613-PendingRequests: sendNotLeaderResponses
2023-09-20 15:48:28,360 [57fc3420-94a0-4f3c-850d-40c1ae05c77a@group-867C931AC550-StateMachineUpdater] INFO  ratis.ContainerStateMachine (ContainerStateMachine.java:takeSnapshot(330)) - group-867C931AC550: Taking a snapshot at:(t:1, i:180) file /home/runner/work/ozone/ozone/hadoop-ozone/integration-test/target/test-dir/MiniOzoneClusterImpl-8d56696e-0306-4140-8b78-3634a4a6d503/datanode-1/data/ratis/e528e358-93e3-4c44-b6b4-867c931ac550/sm/snapshot.1_180
2023-09-20 15:48:28,361 [57fc3420-94a0-4f3c-850d-40c1ae05c77a-impl-thread3] INFO  impl.StateMachineUpdater (StateMachineUpdater.java:stopAndJoin(155)) - 57fc3420-94a0-4f3c-850d-40c1ae05c77a@group-DC3B4BB29613-StateMachineUpdater: set stopIndex = 0
2023-09-20 15:48:28,362 [57fc3420-94a0-4f3c-850d-40c1ae05c77a@group-DC3B4BB29613-StateMachineUpdater] INFO  ratis.ContainerStateMachine (ContainerStateMachine.java:takeSnapshot(330)) - group-DC3B4BB29613: Taking a snapshot at:(t:1, i:0) file /home/runner/work/ozone/ozone/hadoop-ozone/integration-test/target/test-dir/MiniOzoneClusterImpl-8d56696e-0306-4140-8b78-3634a4a6d503/datanode-1/data/ratis/886b1388-7f73-47f6-a4e3-dc3b4bb29613/sm/snapshot.1_0
2023-09-20 15:48:28,362 [57fc3420-94a0-4f3c-850d-40c1ae05c77a-impl-thread4] INFO  server.RaftServer$Division (RaftServerImpl.java:lambda$close$4(466)) - 57fc3420-94a0-4f3c-850d-40c1ae05c77a@group-3C3C1CF53969: shutdown
2023-09-20 15:48:28,362 [57fc3420-94a0-4f3c-850d-40c1ae05c77a-impl-thread4] INFO  util.JmxRegister (JmxRegister.java:unregister(73)) - Successfully un-registered JMX Bean with object name Ratis:service=RaftServer,group=group-3C3C1CF53969,id=57fc3420-94a0-4f3c-850d-40c1ae05c77a
2023-09-20 15:48:28,363 [57fc3420-94a0-4f3c-850d-40c1ae05c77a-impl-thread4] INFO  impl.RoleInfo (RoleInfo.java:shutdownLeaderState(93)) - 57fc3420-94a0-4f3c-850d-40c1ae05c77a: shutdown 57fc3420-94a0-4f3c-850d-40c1ae05c77a@group-3C3C1CF53969-LeaderStateImpl
2023-09-20 15:48:28,363 [57fc3420-94a0-4f3c-850d-40c1ae05c77a-impl-thread4] INFO  impl.PendingRequests (PendingRequests.java:sendNotLeaderResponses(289)) - 57fc3420-94a0-4f3c-850d-40c1ae05c77a@group-3C3C1CF53969-PendingRequests: sendNotLeaderResponses
2023-09-20 15:48:28,370 [Thread-776] INFO  server.GrpcServerProtocolClient (GrpcServerProtocolClient.java:close(103)) - 56530fb6-e6be-4313-9c7b-f74137c4f80a Close channels
2023-09-20 15:48:28,371 [ForkJoinPool.commonPool-worker-1] INFO  server.RaftServer (RaftServerProxy.java:lambda$close$6(416)) - 9499e333-9dfc-4832-8419-7e757e6a4f60: close
2023-09-20 15:48:28,371 [ForkJoinPool.commonPool-worker-1] INFO  server.GrpcService (GrpcService.java:closeImpl(311)) - 9499e333-9dfc-4832-8419-7e757e6a4f60: shutdown server org.apache.ratis.grpc.server.GrpcClientProtocolService now
2023-09-20 15:48:28,371 [9499e333-9dfc-4832-8419-7e757e6a4f60-impl-thread4] INFO  server.RaftServer$Division (RaftServerImpl.java:lambda$close$4(466)) - 9499e333-9dfc-4832-8419-7e757e6a4f60@group-3C3C1CF53969: shutdown
2023-09-20 15:48:28,372 [9499e333-9dfc-4832-8419-7e757e6a4f60-impl-thread4] INFO  util.JmxRegister (JmxRegister.java:unregister(73)) - Successfully un-registered JMX Bean with object name Ratis:service=RaftServer,group=group-3C3C1CF53969,id=9499e333-9dfc-4832-8419-7e757e6a4f60
2023-09-20 15:48:28,372 [57fc3420-94a0-4f3c-850d-40c1ae05c77a@group-3C3C1CF53969->56530fb6-e6be-4313-9c7b-f74137c4f80a-GrpcLogAppender-LogAppenderDaemon] WARN  server.GrpcLogAppender (GrpcLogAppender.java:mayWait(199)) - 57fc3420-94a0-4f3c-850d-40c1ae05c77a@group-3C3C1CF53969->56530fb6-e6be-4313-9c7b-f74137c4f80a-GrpcLogAppender: Wait interrupted by java.lang.InterruptedException
2023-09-20 15:48:28,372 [9499e333-9dfc-4832-8419-7e757e6a4f60-impl-thread4] INFO  impl.RoleInfo (RoleInfo.java:shutdownFollowerState(110)) - 9499e333-9dfc-4832-8419-7e757e6a4f60: shutdown 9499e333-9dfc-4832-8419-7e757e6a4f60@group-3C3C1CF53969-FollowerState
2023-09-20 15:48:28,372 [9499e333-9dfc-4832-8419-7e757e6a4f60-impl-thread4] INFO  impl.StateMachineUpdater (StateMachineUpdater.java:stopAndJoin(155)) - 9499e333-9dfc-4832-8419-7e757e6a4f60@group-3C3C1CF53969-StateMachineUpdater: set stopIndex = 393
2023-09-20 15:48:28,375 [9499e333-9dfc-4832-8419-7e757e6a4f60@group-3C3C1CF53969-FollowerState] INFO  impl.FollowerState (FollowerState.java:run(152)) - 9499e333-9dfc-4832-8419-7e757e6a4f60@group-3C3C1CF53969-FollowerState was interrupted
2023-09-20 15:48:28,375 [9499e333-9dfc-4832-8419-7e757e6a4f60@group-3C3C1CF53969-StateMachineUpdater] INFO  ratis.ContainerStateMachine (ContainerStateMachine.java:takeSnapshot(330)) - group-3C3C1CF53969: Taking a snapshot at:(t:1, i:393) file /home/runner/work/ozone/ozone/hadoop-ozone/integration-test/target/test-dir/MiniOzoneClusterImpl-8d56696e-0306-4140-8b78-3634a4a6d503/datanode-0/data/ratis/45574c07-9142-4879-8024-3c3c1cf53969/sm/snapshot.1_393
2023-09-20 15:48:28,376 [grpc-default-executor-5] INFO  server.GrpcServerProtocolService (GrpcServerProtocolService.java:onCompleted(155)) - 56530fb6-e6be-4313-9c7b-f74137c4f80a: Completed APPEND_ENTRIES, lastRequest: 57fc3420-94a0-4f3c-850d-40c1ae05c77a->56530fb6-e6be-4313-9c7b-f74137c4f80a#513-t1,previous=(t:1, i:392),leaderCommit=392,initializing? true,entries: size=1, first=(t:1, i:393), METADATAENTRY(c:392)
2023-09-20 15:48:28,377 [grpc-default-executor-5] INFO  server.GrpcServerProtocolService (GrpcServerProtocolService.java:lambda$onCompleted$5(157)) - 56530fb6-e6be-4313-9c7b-f74137c4f80a: Completed APPEND_ENTRIES, lastReply: null
2023-09-20 15:48:28,379 [57fc3420-94a0-4f3c-850d-40c1ae05c77a-impl-thread4] INFO  impl.StateMachineUpdater (StateMachineUpdater.java:stopAndJoin(155)) - 57fc3420-94a0-4f3c-850d-40c1ae05c77a@group-3C3C1CF53969-StateMachineUpdater: set stopIndex = 393
2023-09-20 15:48:28,379 [57fc3420-94a0-4f3c-850d-40c1ae05c77a@group-3C3C1CF53969-StateMachineUpdater] INFO  ratis.ContainerStateMachine (ContainerStateMachine.java:takeSnapshot(330)) - group-3C3C1CF53969: Taking a snapshot at:(t:1, i:393) file /home/runner/work/ozone/ozone/hadoop-ozone/integration-test/target/test-dir/MiniOzoneClusterImpl-8d56696e-0306-4140-8b78-3634a4a6d503/datanode-1/data/ratis/45574c07-9142-4879-8024-3c3c1cf53969/sm/snapshot.1_393
2023-09-20 15:48:28,379 [Thread-777] INFO  server.GrpcServerProtocolClient (GrpcServerProtocolClient.java:close(103)) - 9499e333-9dfc-4832-8419-7e757e6a4f60 Close channels
2023-09-20 15:48:28,381 [9499e333-9dfc-4832-8419-7e757e6a4f60-impl-thread3] INFO  server.RaftServer$Division (RaftServerImpl.java:lambda$close$4(466)) - 9499e333-9dfc-4832-8419-7e757e6a4f60@group-6355B783B588: shutdown
2023-09-20 15:48:28,381 [9499e333-9dfc-4832-8419-7e757e6a4f60-impl-thread3] INFO  util.JmxRegister (JmxRegister.java:unregister(73)) - Successfully un-registered JMX Bean with object name Ratis:service=RaftServer,group=group-6355B783B588,id=9499e333-9dfc-4832-8419-7e757e6a4f60
2023-09-20 15:48:28,381 [9499e333-9dfc-4832-8419-7e757e6a4f60-impl-thread3] INFO  impl.RoleInfo (RoleInfo.java:shutdownLeaderState(93)) - 9499e333-9dfc-4832-8419-7e757e6a4f60: shutdown 9499e333-9dfc-4832-8419-7e757e6a4f60@group-6355B783B588-LeaderStateImpl
2023-09-20 15:48:28,381 [9499e333-9dfc-4832-8419-7e757e6a4f60-impl-thread3] INFO  impl.PendingRequests (PendingRequests.java:sendNotLeaderResponses(289)) - 9499e333-9dfc-4832-8419-7e757e6a4f60@group-6355B783B588-PendingRequests: sendNotLeaderResponses
2023-09-20 15:48:28,381 [9499e333-9dfc-4832-8419-7e757e6a4f60-impl-thread3] INFO  impl.StateMachineUpdater (StateMachineUpdater.java:stopAndJoin(155)) - 9499e333-9dfc-4832-8419-7e757e6a4f60@group-6355B783B588-StateMachineUpdater: set stopIndex = 0
2023-09-20 15:48:28,382 [9499e333-9dfc-4832-8419-7e757e6a4f60@group-6355B783B588-StateMachineUpdater] INFO  ratis.ContainerStateMachine (ContainerStateMachine.java:takeSnapshot(330)) - group-6355B783B588: Taking a snapshot at:(t:1, i:0) file /home/runner/work/ozone/ozone/hadoop-ozone/integration-test/target/test-dir/MiniOzoneClusterImpl-8d56696e-0306-4140-8b78-3634a4a6d503/datanode-0/data/ratis/bca7a608-8fed-4a65-beef-6355b783b588/sm/snapshot.1_0
2023-09-20 15:48:28,375 [57fc3420-94a0-4f3c-850d-40c1ae05c77a@group-3C3C1CF53969->9499e333-9dfc-4832-8419-7e757e6a4f60-GrpcLogAppender-LogAppenderDaemon] WARN  server.GrpcLogAppender (GrpcLogAppender.java:mayWait(199)) - 57fc3420-94a0-4f3c-850d-40c1ae05c77a@group-3C3C1CF53969->9499e333-9dfc-4832-8419-7e757e6a4f60-GrpcLogAppender: Wait interrupted by java.lang.InterruptedException
2023-09-20 15:48:28,386 [grpc-default-executor-5] INFO  server.GrpcServerProtocolService (GrpcServerProtocolService.java:onCompleted(155)) - 9499e333-9dfc-4832-8419-7e757e6a4f60: Completed APPEND_ENTRIES, lastRequest: 57fc3420-94a0-4f3c-850d-40c1ae05c77a->9499e333-9dfc-4832-8419-7e757e6a4f60#528-t1,previous=(t:1, i:392),leaderCommit=392,initializing? true,entries: size=1, first=(t:1, i:393), METADATAENTRY(c:392)
2023-09-20 15:48:28,386 [grpc-default-executor-5] INFO  server.GrpcServerProtocolService (GrpcServerProtocolService.java:lambda$onCompleted$5(157)) - 9499e333-9dfc-4832-8419-7e757e6a4f60: Completed APPEND_ENTRIES, lastReply: null
2023-09-20 15:48:28,387 [grpc-default-executor-1] INFO  server.GrpcLogAppender (GrpcLogAppender.java:onCompleted(428)) - 57fc3420-94a0-4f3c-850d-40c1ae05c77a@group-3C3C1CF53969->9499e333-9dfc-4832-8419-7e757e6a4f60-AppendLogResponseHandler: follower responses appendEntries COMPLETED
2023-09-20 15:48:28,388 [grpc-default-executor-1] WARN  server.GrpcLogAppender (GrpcLogAppender.java:resetClient(137)) - 57fc3420-94a0-4f3c-850d-40c1ae05c77a@group-3C3C1CF53969->9499e333-9dfc-4832-8419-7e757e6a4f60-GrpcLogAppender: Failed to getClient for 9499e333-9dfc-4832-8419-7e757e6a4f60
org.apache.ratis.protocol.exceptions.AlreadyClosedException: 57fc3420-94a0-4f3c-850d-40c1ae05c77a is already CLOSED
	at org.apache.ratis.util.PeerProxyMap$PeerAndProxy.getProxy(PeerProxyMap.java:61)
	at org.apache.ratis.util.PeerProxyMap.getProxy(PeerProxyMap.java:115)
	at org.apache.ratis.grpc.server.GrpcLogAppender.getClient(GrpcLogAppender.java:112)
	at org.apache.ratis.grpc.server.GrpcLogAppender.resetClient(GrpcLogAppender.java:117)
	at org.apache.ratis.grpc.server.GrpcLogAppender.access$500(GrpcLogAppender.java:56)
	at org.apache.ratis.grpc.server.GrpcLogAppender$AppendLogResponseHandler.onCompleted(GrpcLogAppender.java:429)
	at org.apache.ratis.thirdparty.io.grpc.stub.ClientCalls$StreamObserverToCallListenerAdapter.onClose(ClientCalls.java:485)
	at org.apache.ratis.thirdparty.io.grpc.internal.ClientCallImpl.closeObserver(ClientCallImpl.java:563)
	at org.apache.ratis.thirdparty.io.grpc.internal.ClientCallImpl.access$300(ClientCallImpl.java:70)
	at org.apache.ratis.thirdparty.io.grpc.internal.ClientCallImpl$ClientStreamListenerImpl$1StreamClosed.runInternal(ClientCallImpl.java:744)
	at org.apache.ratis.thirdparty.io.grpc.internal.ClientCallImpl$ClientStreamListenerImpl$1StreamClosed.runInContext(ClientCallImpl.java:723)
	at org.apache.ratis.thirdparty.io.grpc.internal.ContextRunnable.run(ContextRunnable.java:37)
	at org.apache.ratis.thirdparty.io.grpc.internal.SerializingExecutor.run(SerializingExecutor.java:133)
	at java.util.concurrent.ThreadPoolExecutor.runWorker(ThreadPoolExecutor.java:1149)
	at java.util.concurrent.ThreadPoolExecutor$Worker.run(ThreadPoolExecutor.java:624)
	at java.lang.Thread.run(Thread.java:750)
2023-09-20 15:48:28,390 [9499e333-9dfc-4832-8419-7e757e6a4f60-impl-thread2] INFO  server.RaftServer$Division (RaftServerImpl.java:lambda$close$4(466)) - 9499e333-9dfc-4832-8419-7e757e6a4f60@group-867C931AC550: shutdown
2023-09-20 15:48:28,391 [9499e333-9dfc-4832-8419-7e757e6a4f60-impl-thread2] INFO  util.JmxRegister (JmxRegister.java:unregister(73)) - Successfully un-registered JMX Bean with object name Ratis:service=RaftServer,group=group-867C931AC550,id=9499e333-9dfc-4832-8419-7e757e6a4f60
2023-09-20 15:48:28,392 [9499e333-9dfc-4832-8419-7e757e6a4f60-impl-thread2] INFO  impl.RoleInfo (RoleInfo.java:shutdownLeaderState(93)) - 9499e333-9dfc-4832-8419-7e757e6a4f60: shutdown 9499e333-9dfc-4832-8419-7e757e6a4f60@group-867C931AC550-LeaderStateImpl
2023-09-20 15:48:28,396 [9499e333-9dfc-4832-8419-7e757e6a4f60@group-867C931AC550->56530fb6-e6be-4313-9c7b-f74137c4f80a-GrpcLogAppender-LogAppenderDaemon] WARN  server.GrpcLogAppender (GrpcLogAppender.java:mayWait(199)) - 9499e333-9dfc-4832-8419-7e757e6a4f60@group-867C931AC550->56530fb6-e6be-4313-9c7b-f74137c4f80a-GrpcLogAppender: Wait interrupted by java.lang.InterruptedException
2023-09-20 15:48:28,396 [9499e333-9dfc-4832-8419-7e757e6a4f60@group-867C931AC550->57fc3420-94a0-4f3c-850d-40c1ae05c77a-GrpcLogAppender-LogAppenderDaemon] WARN  server.GrpcLogAppender (GrpcLogAppender.java:mayWait(199)) - 9499e333-9dfc-4832-8419-7e757e6a4f60@group-867C931AC550->57fc3420-94a0-4f3c-850d-40c1ae05c77a-GrpcLogAppender: Wait interrupted by java.lang.InterruptedException
2023-09-20 15:48:28,396 [9499e333-9dfc-4832-8419-7e757e6a4f60-impl-thread2] INFO  impl.PendingRequests (PendingRequests.java:sendNotLeaderResponses(289)) - 9499e333-9dfc-4832-8419-7e757e6a4f60@group-867C931AC550-PendingRequests: sendNotLeaderResponses
2023-09-20 15:48:28,404 [grpc-default-executor-1] INFO  server.GrpcLogAppender (GrpcLogAppender.java:onCompleted(428)) - 57fc3420-94a0-4f3c-850d-40c1ae05c77a@group-3C3C1CF53969->56530fb6-e6be-4313-9c7b-f74137c4f80a-AppendLogResponseHandler: follower responses appendEntries COMPLETED
2023-09-20 15:48:28,404 [grpc-default-executor-1] WARN  server.GrpcLogAppender (GrpcLogAppender.java:resetClient(137)) - 57fc3420-94a0-4f3c-850d-40c1ae05c77a@group-3C3C1CF53969->56530fb6-e6be-4313-9c7b-f74137c4f80a-GrpcLogAppender: Failed to getClient for 56530fb6-e6be-4313-9c7b-f74137c4f80a
org.apache.ratis.protocol.exceptions.AlreadyClosedException: 57fc3420-94a0-4f3c-850d-40c1ae05c77a is already CLOSED
	at org.apache.ratis.util.PeerProxyMap$PeerAndProxy.getProxy(PeerProxyMap.java:61)
	at org.apache.ratis.util.PeerProxyMap.getProxy(PeerProxyMap.java:115)
	at org.apache.ratis.grpc.server.GrpcLogAppender.getClient(GrpcLogAppender.java:112)
	at org.apache.ratis.grpc.server.GrpcLogAppender.resetClient(GrpcLogAppender.java:117)
	at org.apache.ratis.grpc.server.GrpcLogAppender.access$500(GrpcLogAppender.java:56)
	at org.apache.ratis.grpc.server.GrpcLogAppender$AppendLogResponseHandler.onCompleted(GrpcLogAppender.java:429)
	at org.apache.ratis.thirdparty.io.grpc.stub.ClientCalls$StreamObserverToCallListenerAdapter.onClose(ClientCalls.java:485)
	at org.apache.ratis.thirdparty.io.grpc.internal.ClientCallImpl.closeObserver(ClientCallImpl.java:563)
	at org.apache.ratis.thirdparty.io.grpc.internal.ClientCallImpl.access$300(ClientCallImpl.java:70)
	at org.apache.ratis.thirdparty.io.grpc.internal.ClientCallImpl$ClientStreamListenerImpl$1StreamClosed.runInternal(ClientCallImpl.java:744)
	at org.apache.ratis.thirdparty.io.grpc.internal.ClientCallImpl$ClientStreamListenerImpl$1StreamClosed.runInContext(ClientCallImpl.java:723)
	at org.apache.ratis.thirdparty.io.grpc.internal.ContextRunnable.run(ContextRunnable.java:37)
	at org.apache.ratis.thirdparty.io.grpc.internal.SerializingExecutor.run(SerializingExecutor.java:133)
	at java.util.concurrent.ThreadPoolExecutor.runWorker(ThreadPoolExecutor.java:1149)
	at java.util.concurrent.ThreadPoolExecutor$Worker.run(ThreadPoolExecutor.java:624)
	at java.lang.Thread.run(Thread.java:750)
2023-09-20 15:48:28,404 [9499e333-9dfc-4832-8419-7e757e6a4f60@group-867C931AC550-StateMachineUpdater] INFO  ratis.ContainerStateMachine (ContainerStateMachine.java:takeSnapshot(330)) - group-867C931AC550: Taking a snapshot at:(t:1, i:180) file /home/runner/work/ozone/ozone/hadoop-ozone/integration-test/target/test-dir/MiniOzoneClusterImpl-8d56696e-0306-4140-8b78-3634a4a6d503/datanode-0/data/ratis/e528e358-93e3-4c44-b6b4-867c931ac550/sm/snapshot.1_180
2023-09-20 15:48:28,405 [9499e333-9dfc-4832-8419-7e757e6a4f60-impl-thread2] INFO  impl.StateMachineUpdater (StateMachineUpdater.java:stopAndJoin(155)) - 9499e333-9dfc-4832-8419-7e757e6a4f60@group-867C931AC550-StateMachineUpdater: set stopIndex = 180
2023-09-20 15:48:28,405 [grpc-default-executor-6] INFO  server.GrpcServerProtocolService (GrpcServerProtocolService.java:onCompleted(155)) - 56530fb6-e6be-4313-9c7b-f74137c4f80a: Completed APPEND_ENTRIES, lastRequest: null
2023-09-20 15:48:28,411 [grpc-default-executor-1] INFO  server.GrpcServerProtocolService (GrpcServerProtocolService.java:onCompleted(155)) - 56530fb6-e6be-4313-9c7b-f74137c4f80a: Completed APPEND_ENTRIES, lastRequest: 9499e333-9dfc-4832-8419-7e757e6a4f60->56530fb6-e6be-4313-9c7b-f74137c4f80a#228-t1,previous=(t:1, i:179),leaderCommit=179,initializing? true,entries: size=1, first=(t:1, i:180), METADATAENTRY(c:179)
2023-09-20 15:48:28,411 [grpc-default-executor-1] INFO  server.GrpcServerProtocolService (GrpcServerProtocolService.java:lambda$onCompleted$5(157)) - 56530fb6-e6be-4313-9c7b-f74137c4f80a: Completed APPEND_ENTRIES, lastReply: null
2023-09-20 15:48:28,412 [grpc-default-executor-5] INFO  server.GrpcServerProtocolService (GrpcServerProtocolService.java:onCompleted(155)) - 9499e333-9dfc-4832-8419-7e757e6a4f60: Completed APPEND_ENTRIES, lastRequest: null
2023-09-20 15:48:28,412 [grpc-default-executor-1] INFO  server.GrpcServerProtocolService (GrpcServerProtocolService.java:onCompleted(155)) - 57fc3420-94a0-4f3c-850d-40c1ae05c77a: Completed APPEND_ENTRIES, lastRequest: null
2023-09-20 15:48:28,414 [grpc-default-executor-6] INFO  server.GrpcServerProtocolService (GrpcServerProtocolService.java:lambda$onCompleted$5(157)) - 56530fb6-e6be-4313-9c7b-f74137c4f80a: Completed APPEND_ENTRIES, lastReply: serverReply {
  requestorId: "57fc3420-94a0-4f3c-850d-40c1ae05c77a"
  replyId: "56530fb6-e6be-4313-9c7b-f74137c4f80a"
  raftGroupId {
    id: "EWL\a\221BHy\200$<<\034\3659i"
  }
  callId: 539
  success: true
}
term: 1
nextIndex: 394
followerCommit: 393
matchIndex: 18446744073709551615
isHearbeat: true

2023-09-20 15:48:28,414 [Thread-781] INFO  server.GrpcServerProtocolClient (GrpcServerProtocolClient.java:close(103)) - 57fc3420-94a0-4f3c-850d-40c1ae05c77a Close channels
2023-09-20 15:48:28,416 [grpc-default-executor-7] INFO  server.GrpcServerProtocolService (GrpcServerProtocolService.java:onCompleted(155)) - 56530fb6-e6be-4313-9c7b-f74137c4f80a: Completed APPEND_ENTRIES, lastRequest: null
2023-09-20 15:48:28,417 [grpc-default-executor-7] INFO  server.GrpcServerProtocolService (GrpcServerProtocolService.java:lambda$onCompleted$5(157)) - 56530fb6-e6be-4313-9c7b-f74137c4f80a: Completed APPEND_ENTRIES, lastReply: serverReply {
  requestorId: "9499e333-9dfc-4832-8419-7e757e6a4f60"
  replyId: "56530fb6-e6be-4313-9c7b-f74137c4f80a"
  raftGroupId {
    id: "\345(\343X\223\343LD\266\264\206|\223\032\305P"
  }
  callId: 254
  success: true
}
term: 1
nextIndex: 181
followerCommit: 180
matchIndex: 18446744073709551615
isHearbeat: true

2023-09-20 15:48:28,422 [Thread-782] INFO  server.GrpcServerProtocolClient (GrpcServerProtocolClient.java:close(103)) - 56530fb6-e6be-4313-9c7b-f74137c4f80a Close channels
2023-09-20 15:48:28,423 [grpc-default-executor-5] INFO  server.GrpcServerProtocolService (GrpcServerProtocolService.java:lambda$onCompleted$5(157)) - 9499e333-9dfc-4832-8419-7e757e6a4f60: Completed APPEND_ENTRIES, lastReply: serverReply {
  requestorId: "57fc3420-94a0-4f3c-850d-40c1ae05c77a"
  replyId: "9499e333-9dfc-4832-8419-7e757e6a4f60"
  raftGroupId {
    id: "EWL\a\221BHy\200$<<\034\3659i"
  }
  callId: 554
  success: true
}
term: 1
nextIndex: 394
followerCommit: 393
matchIndex: 18446744073709551615
isHearbeat: true

2023-09-20 15:48:28,424 [grpc-default-executor-1] INFO  server.GrpcServerProtocolService (GrpcServerProtocolService.java:lambda$onCompleted$5(157)) - 57fc3420-94a0-4f3c-850d-40c1ae05c77a: Completed APPEND_ENTRIES, lastReply: serverReply {
  requestorId: "9499e333-9dfc-4832-8419-7e757e6a4f60"
  replyId: "57fc3420-94a0-4f3c-850d-40c1ae05c77a"
  raftGroupId {
    id: "\345(\343X\223\343LD\266\264\206|\223\032\305P"
  }
  callId: 254
  success: true
}
term: 1
nextIndex: 181
followerCommit: 180
matchIndex: 18446744073709551615
isHearbeat: true

2023-09-20 15:48:28,427 [grpc-default-executor-8] INFO  server.GrpcServerProtocolService (GrpcServerProtocolService.java:onCompleted(155)) - 57fc3420-94a0-4f3c-850d-40c1ae05c77a: Completed APPEND_ENTRIES, lastRequest: 9499e333-9dfc-4832-8419-7e757e6a4f60->57fc3420-94a0-4f3c-850d-40c1ae05c77a#228-t1,previous=(t:1, i:179),leaderCommit=179,initializing? true,entries: size=1, first=(t:1, i:180), METADATAENTRY(c:179)
2023-09-20 15:48:28,427 [grpc-default-executor-8] INFO  server.GrpcServerProtocolService (GrpcServerProtocolService.java:lambda$onCompleted$5(157)) - 57fc3420-94a0-4f3c-850d-40c1ae05c77a: Completed APPEND_ENTRIES, lastReply: null
2023-09-20 15:48:28,429 [grpc-default-executor-5] INFO  server.GrpcLogAppender (GrpcLogAppender.java:onCompleted(428)) - 9499e333-9dfc-4832-8419-7e757e6a4f60@group-867C931AC550->56530fb6-e6be-4313-9c7b-f74137c4f80a-AppendLogResponseHandler: follower responses appendEntries COMPLETED
2023-09-20 15:48:28,429 [grpc-default-executor-5] WARN  server.GrpcLogAppender (GrpcLogAppender.java:resetClient(137)) - 9499e333-9dfc-4832-8419-7e757e6a4f60@group-867C931AC550->56530fb6-e6be-4313-9c7b-f74137c4f80a-GrpcLogAppender: Failed to getClient for 56530fb6-e6be-4313-9c7b-f74137c4f80a
org.apache.ratis.protocol.exceptions.AlreadyClosedException: 9499e333-9dfc-4832-8419-7e757e6a4f60 is already CLOSED
	at org.apache.ratis.util.PeerProxyMap$PeerAndProxy.getProxy(PeerProxyMap.java:61)
	at org.apache.ratis.util.PeerProxyMap.getProxy(PeerProxyMap.java:115)
	at org.apache.ratis.grpc.server.GrpcLogAppender.getClient(GrpcLogAppender.java:112)
	at org.apache.ratis.grpc.server.GrpcLogAppender.resetClient(GrpcLogAppender.java:117)
	at org.apache.ratis.grpc.server.GrpcLogAppender.access$500(GrpcLogAppender.java:56)
	at org.apache.ratis.grpc.server.GrpcLogAppender$AppendLogResponseHandler.onCompleted(GrpcLogAppender.java:429)
	at org.apache.ratis.thirdparty.io.grpc.stub.ClientCalls$StreamObserverToCallListenerAdapter.onClose(ClientCalls.java:485)
	at org.apache.ratis.thirdparty.io.grpc.internal.ClientCallImpl.closeObserver(ClientCallImpl.java:563)
	at org.apache.ratis.thirdparty.io.grpc.internal.ClientCallImpl.access$300(ClientCallImpl.java:70)
	at org.apache.ratis.thirdparty.io.grpc.internal.ClientCallImpl$ClientStreamListenerImpl$1StreamClosed.runInternal(ClientCallImpl.java:744)
	at org.apache.ratis.thirdparty.io.grpc.internal.ClientCallImpl$ClientStreamListenerImpl$1StreamClosed.runInContext(ClientCallImpl.java:723)
	at org.apache.ratis.thirdparty.io.grpc.internal.ContextRunnable.run(ContextRunnable.java:37)
	at org.apache.ratis.thirdparty.io.grpc.internal.SerializingExecutor.run(SerializingExecutor.java:133)
	at java.util.concurrent.ThreadPoolExecutor.runWorker(ThreadPoolExecutor.java:1149)
	at java.util.concurrent.ThreadPoolExecutor$Worker.run(ThreadPoolExecutor.java:624)
	at java.lang.Thread.run(Thread.java:750)
2023-09-20 15:48:28,435 [grpc-default-executor-5] INFO  server.GrpcLogAppender (GrpcLogAppender.java:onCompleted(428)) - 9499e333-9dfc-4832-8419-7e757e6a4f60@group-867C931AC550->57fc3420-94a0-4f3c-850d-40c1ae05c77a-AppendLogResponseHandler: follower responses appendEntries COMPLETED
2023-09-20 15:48:28,435 [grpc-default-executor-5] WARN  server.GrpcLogAppender (GrpcLogAppender.java:resetClient(137)) - 9499e333-9dfc-4832-8419-7e757e6a4f60@group-867C931AC550->57fc3420-94a0-4f3c-850d-40c1ae05c77a-GrpcLogAppender: Failed to getClient for 57fc3420-94a0-4f3c-850d-40c1ae05c77a
org.apache.ratis.protocol.exceptions.AlreadyClosedException: 9499e333-9dfc-4832-8419-7e757e6a4f60 is already CLOSED
	at org.apache.ratis.util.PeerProxyMap$PeerAndProxy.getProxy(PeerProxyMap.java:61)
	at org.apache.ratis.util.PeerProxyMap.getProxy(PeerProxyMap.java:115)
	at org.apache.ratis.grpc.server.GrpcLogAppender.getClient(GrpcLogAppender.java:112)
	at org.apache.ratis.grpc.server.GrpcLogAppender.resetClient(GrpcLogAppender.java:117)
	at org.apache.ratis.grpc.server.GrpcLogAppender.access$500(GrpcLogAppender.java:56)
	at org.apache.ratis.grpc.server.GrpcLogAppender$AppendLogResponseHandler.onCompleted(GrpcLogAppender.java:429)
	at org.apache.ratis.thirdparty.io.grpc.stub.ClientCalls$StreamObserverToCallListenerAdapter.onClose(ClientCalls.java:485)
	at org.apache.ratis.thirdparty.io.grpc.internal.DelayedClientCall$DelayedListener$3.run(DelayedClientCall.java:471)
	at org.apache.ratis.thirdparty.io.grpc.internal.DelayedClientCall$DelayedListener.delayOrExecute(DelayedClientCall.java:435)
	at org.apache.ratis.thirdparty.io.grpc.internal.DelayedClientCall$DelayedListener.onClose(DelayedClientCall.java:468)
	at org.apache.ratis.thirdparty.io.grpc.internal.ClientCallImpl.closeObserver(ClientCallImpl.java:563)
	at org.apache.ratis.thirdparty.io.grpc.internal.ClientCallImpl.access$300(ClientCallImpl.java:70)
	at org.apache.ratis.thirdparty.io.grpc.internal.ClientCallImpl$ClientStreamListenerImpl$1StreamClosed.runInternal(ClientCallImpl.java:744)
	at org.apache.ratis.thirdparty.io.grpc.internal.ClientCallImpl$ClientStreamListenerImpl$1StreamClosed.runInContext(ClientCallImpl.java:723)
	at org.apache.ratis.thirdparty.io.grpc.internal.ContextRunnable.run(ContextRunnable.java:37)
	at org.apache.ratis.thirdparty.io.grpc.internal.SerializingExecutor.run(SerializingExecutor.java:133)
	at java.util.concurrent.ThreadPoolExecutor.runWorker(ThreadPoolExecutor.java:1149)
	at java.util.concurrent.ThreadPoolExecutor$Worker.run(ThreadPoolExecutor.java:624)
	at java.lang.Thread.run(Thread.java:750)
2023-09-20 15:48:28,437 [grpc-default-executor-5] INFO  server.GrpcLogAppender (GrpcLogAppender.java:onCompleted(428)) - 9499e333-9dfc-4832-8419-7e757e6a4f60@group-867C931AC550->56530fb6-e6be-4313-9c7b-f74137c4f80a-AppendLogResponseHandler: follower responses appendEntries COMPLETED
2023-09-20 15:48:28,437 [grpc-default-executor-5] WARN  server.GrpcLogAppender (GrpcLogAppender.java:resetClient(137)) - 9499e333-9dfc-4832-8419-7e757e6a4f60@group-867C931AC550->56530fb6-e6be-4313-9c7b-f74137c4f80a-GrpcLogAppender: Failed to getClient for 56530fb6-e6be-4313-9c7b-f74137c4f80a
org.apache.ratis.protocol.exceptions.AlreadyClosedException: 9499e333-9dfc-4832-8419-7e757e6a4f60 is already CLOSED
	at org.apache.ratis.util.PeerProxyMap$PeerAndProxy.getProxy(PeerProxyMap.java:61)
	at org.apache.ratis.util.PeerProxyMap.getProxy(PeerProxyMap.java:115)
	at org.apache.ratis.grpc.server.GrpcLogAppender.getClient(GrpcLogAppender.java:112)
	at org.apache.ratis.grpc.server.GrpcLogAppender.resetClient(GrpcLogAppender.java:117)
	at org.apache.ratis.grpc.server.GrpcLogAppender.access$500(GrpcLogAppender.java:56)
	at org.apache.ratis.grpc.server.GrpcLogAppender$AppendLogResponseHandler.onCompleted(GrpcLogAppender.java:429)
	at org.apache.ratis.thirdparty.io.grpc.stub.ClientCalls$StreamObserverToCallListenerAdapter.onClose(ClientCalls.java:485)
	at org.apache.ratis.thirdparty.io.grpc.internal.DelayedClientCall$DelayedListener$3.run(DelayedClientCall.java:471)
	at org.apache.ratis.thirdparty.io.grpc.internal.DelayedClientCall$DelayedListener.delayOrExecute(DelayedClientCall.java:435)
	at org.apache.ratis.thirdparty.io.grpc.internal.DelayedClientCall$DelayedListener.onClose(DelayedClientCall.java:468)
	at org.apache.ratis.thirdparty.io.grpc.internal.ClientCallImpl.closeObserver(ClientCallImpl.java:563)
	at org.apache.ratis.thirdparty.io.grpc.internal.ClientCallImpl.access$300(ClientCallImpl.java:70)
	at org.apache.ratis.thirdparty.io.grpc.internal.ClientCallImpl$ClientStreamListenerImpl$1StreamClosed.runInternal(ClientCallImpl.java:744)
	at org.apache.ratis.thirdparty.io.grpc.internal.ClientCallImpl$ClientStreamListenerImpl$1StreamClosed.runInContext(ClientCallImpl.java:723)
	at org.apache.ratis.thirdparty.io.grpc.internal.ContextRunnable.run(ContextRunnable.java:37)
	at org.apache.ratis.thirdparty.io.grpc.internal.SerializingExecutor.run(SerializingExecutor.java:133)
	at java.util.concurrent.ThreadPoolExecutor.runWorker(ThreadPoolExecutor.java:1149)
	at java.util.concurrent.ThreadPoolExecutor$Worker.run(ThreadPoolExecutor.java:624)
	at java.lang.Thread.run(Thread.java:750)
2023-09-20 15:48:28,438 [grpc-default-executor-1] INFO  server.GrpcLogAppender (GrpcLogAppender.java:onCompleted(428)) - 57fc3420-94a0-4f3c-850d-40c1ae05c77a@group-3C3C1CF53969->56530fb6-e6be-4313-9c7b-f74137c4f80a-AppendLogResponseHandler: follower responses appendEntries COMPLETED
2023-09-20 15:48:28,440 [grpc-default-executor-1] WARN  server.GrpcLogAppender (GrpcLogAppender.java:resetClient(137)) - 57fc3420-94a0-4f3c-850d-40c1ae05c77a@group-3C3C1CF53969->56530fb6-e6be-4313-9c7b-f74137c4f80a-GrpcLogAppender: Failed to getClient for 56530fb6-e6be-4313-9c7b-f74137c4f80a
org.apache.ratis.protocol.exceptions.AlreadyClosedException: 57fc3420-94a0-4f3c-850d-40c1ae05c77a is already CLOSED
	at org.apache.ratis.util.PeerProxyMap$PeerAndProxy.getProxy(PeerProxyMap.java:61)
	at org.apache.ratis.util.PeerProxyMap.getProxy(PeerProxyMap.java:115)
	at org.apache.ratis.grpc.server.GrpcLogAppender.getClient(GrpcLogAppender.java:112)
	at org.apache.ratis.grpc.server.GrpcLogAppender.resetClient(GrpcLogAppender.java:117)
	at org.apache.ratis.grpc.server.GrpcLogAppender.access$500(GrpcLogAppender.java:56)
	at org.apache.ratis.grpc.server.GrpcLogAppender$AppendLogResponseHandler.onCompleted(GrpcLogAppender.java:429)
	at org.apache.ratis.thirdparty.io.grpc.stub.ClientCalls$StreamObserverToCallListenerAdapter.onClose(ClientCalls.java:485)
	at org.apache.ratis.thirdparty.io.grpc.internal.ClientCallImpl.closeObserver(ClientCallImpl.java:563)
	at org.apache.ratis.thirdparty.io.grpc.internal.ClientCallImpl.access$300(ClientCallImpl.java:70)
	at org.apache.ratis.thirdparty.io.grpc.internal.ClientCallImpl$ClientStreamListenerImpl$1StreamClosed.runInternal(ClientCallImpl.java:744)
	at org.apache.ratis.thirdparty.io.grpc.internal.ClientCallImpl$ClientStreamListenerImpl$1StreamClosed.runInContext(ClientCallImpl.java:723)
	at org.apache.ratis.thirdparty.io.grpc.internal.ContextRunnable.run(ContextRunnable.java:37)
	at org.apache.ratis.thirdparty.io.grpc.internal.SerializingExecutor.run(SerializingExecutor.java:133)
	at java.util.concurrent.ThreadPoolExecutor.runWorker(ThreadPoolExecutor.java:1149)
	at java.util.concurrent.ThreadPoolExecutor$Worker.run(ThreadPoolExecutor.java:624)
	at java.lang.Thread.run(Thread.java:750)
2023-09-20 15:48:28,445 [grpc-default-executor-7] INFO  server.GrpcLogAppender (GrpcLogAppender.java:onCompleted(428)) - 9499e333-9dfc-4832-8419-7e757e6a4f60@group-867C931AC550->57fc3420-94a0-4f3c-850d-40c1ae05c77a-AppendLogResponseHandler: follower responses appendEntries COMPLETED
2023-09-20 15:48:28,446 [grpc-default-executor-8] INFO  server.GrpcLogAppender (GrpcLogAppender.java:onCompleted(428)) - 57fc3420-94a0-4f3c-850d-40c1ae05c77a@group-3C3C1CF53969->9499e333-9dfc-4832-8419-7e757e6a4f60-AppendLogResponseHandler: follower responses appendEntries COMPLETED
2023-09-20 15:48:28,446 [grpc-default-executor-8] WARN  server.GrpcLogAppender (GrpcLogAppender.java:resetClient(137)) - 57fc3420-94a0-4f3c-850d-40c1ae05c77a@group-3C3C1CF53969->9499e333-9dfc-4832-8419-7e757e6a4f60-GrpcLogAppender: Failed to getClient for 9499e333-9dfc-4832-8419-7e757e6a4f60
org.apache.ratis.protocol.exceptions.AlreadyClosedException: 57fc3420-94a0-4f3c-850d-40c1ae05c77a is already CLOSED
	at org.apache.ratis.util.PeerProxyMap$PeerAndProxy.getProxy(PeerProxyMap.java:61)
	at org.apache.ratis.util.PeerProxyMap.getProxy(PeerProxyMap.java:115)
	at org.apache.ratis.grpc.server.GrpcLogAppender.getClient(GrpcLogAppender.java:112)
	at org.apache.ratis.grpc.server.GrpcLogAppender.resetClient(GrpcLogAppender.java:117)
	at org.apache.ratis.grpc.server.GrpcLogAppender.access$500(GrpcLogAppender.java:56)
	at org.apache.ratis.grpc.server.GrpcLogAppender$AppendLogResponseHandler.onCompleted(GrpcLogAppender.java:429)
	at org.apache.ratis.thirdparty.io.grpc.stub.ClientCalls$StreamObserverToCallListenerAdapter.onClose(ClientCalls.java:485)
	at org.apache.ratis.thirdparty.io.grpc.internal.DelayedClientCall$DelayedListener$3.run(DelayedClientCall.java:471)
	at org.apache.ratis.thirdparty.io.grpc.internal.DelayedClientCall$DelayedListener.delayOrExecute(DelayedClientCall.java:435)
	at org.apache.ratis.thirdparty.io.grpc.internal.DelayedClientCall$DelayedListener.onClose(DelayedClientCall.java:468)
	at org.apache.ratis.thirdparty.io.grpc.internal.ClientCallImpl.closeObserver(ClientCallImpl.java:563)
	at org.apache.ratis.thirdparty.io.grpc.internal.ClientCallImpl.access$300(ClientCallImpl.java:70)
	at org.apache.ratis.thirdparty.io.grpc.internal.ClientCallImpl$ClientStreamListenerImpl$1StreamClosed.runInternal(ClientCallImpl.java:744)
	at org.apache.ratis.thirdparty.io.grpc.internal.ClientCallImpl$ClientStreamListenerImpl$1StreamClosed.runInContext(ClientCallImpl.java:723)
	at org.apache.ratis.thirdparty.io.grpc.internal.ContextRunnable.run(ContextRunnable.java:37)
	at org.apache.ratis.thirdparty.io.grpc.internal.SerializingExecutor.run(SerializingExecutor.java:133)
	at java.util.concurrent.ThreadPoolExecutor.runWorker(ThreadPoolExecutor.java:1149)
	at java.util.concurrent.ThreadPoolExecutor$Worker.run(ThreadPoolExecutor.java:624)
	at java.lang.Thread.run(Thread.java:750)
2023-09-20 15:48:28,447 [ForkJoinPool.commonPool-worker-0] INFO  ozoneimpl.OzoneContainer (OzoneContainer.java:stop(451)) - Attempting to stop container services.
2023-09-20 15:48:28,448 [ForkJoinPool.commonPool-worker-0] INFO  server.RaftServer (RaftServerProxy.java:lambda$close$6(416)) - 56530fb6-e6be-4313-9c7b-f74137c4f80a: close
2023-09-20 15:48:28,451 [grpc-default-executor-7] WARN  server.GrpcLogAppender (GrpcLogAppender.java:resetClient(137)) - 9499e333-9dfc-4832-8419-7e757e6a4f60@group-867C931AC550->57fc3420-94a0-4f3c-850d-40c1ae05c77a-GrpcLogAppender: Failed to getClient for 57fc3420-94a0-4f3c-850d-40c1ae05c77a
org.apache.ratis.protocol.exceptions.AlreadyClosedException: 9499e333-9dfc-4832-8419-7e757e6a4f60 is already CLOSED
	at org.apache.ratis.util.PeerProxyMap$PeerAndProxy.getProxy(PeerProxyMap.java:61)
	at org.apache.ratis.util.PeerProxyMap.getProxy(PeerProxyMap.java:115)
	at org.apache.ratis.grpc.server.GrpcLogAppender.getClient(GrpcLogAppender.java:112)
	at org.apache.ratis.grpc.server.GrpcLogAppender.resetClient(GrpcLogAppender.java:117)
	at org.apache.ratis.grpc.server.GrpcLogAppender.access$500(GrpcLogAppender.java:56)
	at org.apache.ratis.grpc.server.GrpcLogAppender$AppendLogResponseHandler.onCompleted(GrpcLogAppender.java:429)
	at org.apache.ratis.thirdparty.io.grpc.stub.ClientCalls$StreamObserverToCallListenerAdapter.onClose(ClientCalls.java:485)
	at org.apache.ratis.thirdparty.io.grpc.internal.ClientCallImpl.closeObserver(ClientCallImpl.java:563)
	at org.apache.ratis.thirdparty.io.grpc.internal.ClientCallImpl.access$300(ClientCallImpl.java:70)
	at org.apache.ratis.thirdparty.io.grpc.internal.ClientCallImpl$ClientStreamListenerImpl$1StreamClosed.runInternal(ClientCallImpl.java:744)
	at org.apache.ratis.thirdparty.io.grpc.internal.ClientCallImpl$ClientStreamListenerImpl$1StreamClosed.runInContext(ClientCallImpl.java:723)
	at org.apache.ratis.thirdparty.io.grpc.internal.ContextRunnable.run(ContextRunnable.java:37)
	at org.apache.ratis.thirdparty.io.grpc.internal.SerializingExecutor.run(SerializingExecutor.java:133)
	at java.util.concurrent.ThreadPoolExecutor.runWorker(ThreadPoolExecutor.java:1149)
	at java.util.concurrent.ThreadPoolExecutor$Worker.run(ThreadPoolExecutor.java:624)
	at java.lang.Thread.run(Thread.java:750)
2023-09-20 15:48:28,455 [56530fb6-e6be-4313-9c7b-f74137c4f80a-impl-thread2] INFO  server.RaftServer$Division (RaftServerImpl.java:lambda$close$4(466)) - 56530fb6-e6be-4313-9c7b-f74137c4f80a@group-867C931AC550: shutdown
2023-09-20 15:48:28,455 [56530fb6-e6be-4313-9c7b-f74137c4f80a-impl-thread2] INFO  util.JmxRegister (JmxRegister.java:unregister(73)) - Successfully un-registered JMX Bean with object name Ratis:service=RaftServer,group=group-867C931AC550,id=56530fb6-e6be-4313-9c7b-f74137c4f80a
2023-09-20 15:48:28,455 [56530fb6-e6be-4313-9c7b-f74137c4f80a-impl-thread2] INFO  impl.RoleInfo (RoleInfo.java:shutdownFollowerState(110)) - 56530fb6-e6be-4313-9c7b-f74137c4f80a: shutdown 56530fb6-e6be-4313-9c7b-f74137c4f80a@group-867C931AC550-FollowerState
2023-09-20 15:48:28,458 [56530fb6-e6be-4313-9c7b-f74137c4f80a-impl-thread3] INFO  server.RaftServer$Division (RaftServerImpl.java:lambda$close$4(466)) - 56530fb6-e6be-4313-9c7b-f74137c4f80a@group-F916A9BBA910: shutdown
2023-09-20 15:48:28,458 [56530fb6-e6be-4313-9c7b-f74137c4f80a-impl-thread3] INFO  util.JmxRegister (JmxRegister.java:unregister(73)) - Successfully un-registered JMX Bean with object name Ratis:service=RaftServer,group=group-F916A9BBA910,id=56530fb6-e6be-4313-9c7b-f74137c4f80a
2023-09-20 15:48:28,458 [56530fb6-e6be-4313-9c7b-f74137c4f80a-impl-thread3] INFO  impl.RoleInfo (RoleInfo.java:shutdownLeaderState(93)) - 56530fb6-e6be-4313-9c7b-f74137c4f80a: shutdown 56530fb6-e6be-4313-9c7b-f74137c4f80a@group-F916A9BBA910-LeaderStateImpl
2023-09-20 15:48:28,458 [56530fb6-e6be-4313-9c7b-f74137c4f80a-impl-thread3] INFO  impl.PendingRequests (PendingRequests.java:sendNotLeaderResponses(289)) - 56530fb6-e6be-4313-9c7b-f74137c4f80a@group-F916A9BBA910-PendingRequests: sendNotLeaderResponses
2023-09-20 15:48:28,460 [56530fb6-e6be-4313-9c7b-f74137c4f80a@group-F916A9BBA910-StateMachineUpdater] INFO  ratis.ContainerStateMachine (ContainerStateMachine.java:takeSnapshot(330)) - group-F916A9BBA910: Taking a snapshot at:(t:1, i:0) file /home/runner/work/ozone/ozone/hadoop-ozone/integration-test/target/test-dir/MiniOzoneClusterImpl-8d56696e-0306-4140-8b78-3634a4a6d503/datanode-2/data/ratis/57fb1eb0-f7de-4e74-915b-f916a9bba910/sm/snapshot.1_0
2023-09-20 15:48:28,460 [56530fb6-e6be-4313-9c7b-f74137c4f80a-impl-thread3] INFO  impl.StateMachineUpdater (StateMachineUpdater.java:stopAndJoin(155)) - 56530fb6-e6be-4313-9c7b-f74137c4f80a@group-F916A9BBA910-StateMachineUpdater: set stopIndex = 0
2023-09-20 15:48:28,462 [ForkJoinPool.commonPool-worker-0] INFO  server.GrpcService (GrpcService.java:closeImpl(311)) - 56530fb6-e6be-4313-9c7b-f74137c4f80a: shutdown server org.apache.ratis.grpc.server.GrpcClientProtocolService now
2023-09-20 15:48:28,463 [56530fb6-e6be-4313-9c7b-f74137c4f80a-impl-thread4] INFO  server.RaftServer$Division (RaftServerImpl.java:lambda$close$4(466)) - 56530fb6-e6be-4313-9c7b-f74137c4f80a@group-3C3C1CF53969: shutdown
2023-09-20 15:48:28,463 [56530fb6-e6be-4313-9c7b-f74137c4f80a-impl-thread4] INFO  util.JmxRegister (JmxRegister.java:unregister(73)) - Successfully un-registered JMX Bean with object name Ratis:service=RaftServer,group=group-3C3C1CF53969,id=56530fb6-e6be-4313-9c7b-f74137c4f80a
2023-09-20 15:48:28,463 [56530fb6-e6be-4313-9c7b-f74137c4f80a-impl-thread4] INFO  impl.RoleInfo (RoleInfo.java:shutdownFollowerState(110)) - 56530fb6-e6be-4313-9c7b-f74137c4f80a: shutdown 56530fb6-e6be-4313-9c7b-f74137c4f80a@group-3C3C1CF53969-FollowerState
2023-09-20 15:48:28,472 [56530fb6-e6be-4313-9c7b-f74137c4f80a@group-F916A9BBA910-StateMachineUpdater] INFO  ratis.ContainerStateMachine (ContainerStateMachine.java:takeSnapshot(341)) - group-F916A9BBA910: Finished taking a snapshot at:(t:1, i:0) file:/home/runner/work/ozone/ozone/hadoop-ozone/integration-test/target/test-dir/MiniOzoneClusterImpl-8d56696e-0306-4140-8b78-3634a4a6d503/datanode-2/data/ratis/57fb1eb0-f7de-4e74-915b-f916a9bba910/sm/snapshot.1_0 took: 12 ms
2023-09-20 15:48:28,472 [57fc3420-94a0-4f3c-850d-40c1ae05c77a@group-DC3B4BB29613-StateMachineUpdater] INFO  ratis.ContainerStateMachine (ContainerStateMachine.java:takeSnapshot(341)) - group-DC3B4BB29613: Finished taking a snapshot at:(t:1, i:0) file:/home/runner/work/ozone/ozone/hadoop-ozone/integration-test/target/test-dir/MiniOzoneClusterImpl-8d56696e-0306-4140-8b78-3634a4a6d503/datanode-1/data/ratis/886b1388-7f73-47f6-a4e3-dc3b4bb29613/sm/snapshot.1_0 took: 110 ms
2023-09-20 15:48:28,472 [9499e333-9dfc-4832-8419-7e757e6a4f60@group-6355B783B588-StateMachineUpdater] INFO  ratis.ContainerStateMachine (ContainerStateMachine.java:takeSnapshot(341)) - group-6355B783B588: Finished taking a snapshot at:(t:1, i:0) file:/home/runner/work/ozone/ozone/hadoop-ozone/integration-test/target/test-dir/MiniOzoneClusterImpl-8d56696e-0306-4140-8b78-3634a4a6d503/datanode-0/data/ratis/bca7a608-8fed-4a65-beef-6355b783b588/sm/snapshot.1_0 took: 90 ms
2023-09-20 15:48:28,475 [9499e333-9dfc-4832-8419-7e757e6a4f60@group-3C3C1CF53969-StateMachineUpdater] INFO  ratis.ContainerStateMachine (ContainerStateMachine.java:takeSnapshot(341)) - group-3C3C1CF53969: Finished taking a snapshot at:(t:1, i:393) file:/home/runner/work/ozone/ozone/hadoop-ozone/integration-test/target/test-dir/MiniOzoneClusterImpl-8d56696e-0306-4140-8b78-3634a4a6d503/datanode-0/data/ratis/45574c07-9142-4879-8024-3c3c1cf53969/sm/snapshot.1_393 took: 100 ms
2023-09-20 15:48:28,475 [9499e333-9dfc-4832-8419-7e757e6a4f60@group-3C3C1CF53969-StateMachineUpdater] INFO  impl.StateMachineUpdater (StateMachineUpdater.java:takeSnapshot(291)) - 9499e333-9dfc-4832-8419-7e757e6a4f60@group-3C3C1CF53969-StateMachineUpdater: Took a snapshot at index 393
2023-09-20 15:48:28,476 [9499e333-9dfc-4832-8419-7e757e6a4f60@group-3C3C1CF53969-StateMachineUpdater] INFO  impl.StateMachineUpdater (StateMachineUpdater.java:lambda$new$0(97)) - 9499e333-9dfc-4832-8419-7e757e6a4f60@group-3C3C1CF53969-StateMachineUpdater: snapshotIndex: updateIncreasingly -1 -> 393
2023-09-20 15:48:28,476 [57fc3420-94a0-4f3c-850d-40c1ae05c77a@group-3C3C1CF53969-StateMachineUpdater] INFO  ratis.ContainerStateMachine (ContainerStateMachine.java:takeSnapshot(341)) - group-3C3C1CF53969: Finished taking a snapshot at:(t:1, i:393) file:/home/runner/work/ozone/ozone/hadoop-ozone/integration-test/target/test-dir/MiniOzoneClusterImpl-8d56696e-0306-4140-8b78-3634a4a6d503/datanode-1/data/ratis/45574c07-9142-4879-8024-3c3c1cf53969/sm/snapshot.1_393 took: 97 ms
2023-09-20 15:48:28,476 [57fc3420-94a0-4f3c-850d-40c1ae05c77a@group-3C3C1CF53969-StateMachineUpdater] INFO  impl.StateMachineUpdater (StateMachineUpdater.java:takeSnapshot(291)) - 57fc3420-94a0-4f3c-850d-40c1ae05c77a@group-3C3C1CF53969-StateMachineUpdater: Took a snapshot at index 393
2023-09-20 15:48:28,476 [57fc3420-94a0-4f3c-850d-40c1ae05c77a@group-3C3C1CF53969-StateMachineUpdater] INFO  impl.StateMachineUpdater (StateMachineUpdater.java:lambda$new$0(97)) - 57fc3420-94a0-4f3c-850d-40c1ae05c77a@group-3C3C1CF53969-StateMachineUpdater: snapshotIndex: updateIncreasingly -1 -> 393
2023-09-20 15:48:28,478 [57fc3420-94a0-4f3c-850d-40c1ae05c77a@group-DC3B4BB29613-StateMachineUpdater] INFO  impl.StateMachineUpdater (StateMachineUpdater.java:takeSnapshot(291)) - 57fc3420-94a0-4f3c-850d-40c1ae05c77a@group-DC3B4BB29613-StateMachineUpdater: Took a snapshot at index 0
2023-09-20 15:48:28,479 [57fc3420-94a0-4f3c-850d-40c1ae05c77a@group-DC3B4BB29613-StateMachineUpdater] INFO  impl.StateMachineUpdater (StateMachineUpdater.java:lambda$new$0(97)) - 57fc3420-94a0-4f3c-850d-40c1ae05c77a@group-DC3B4BB29613-StateMachineUpdater: snapshotIndex: updateIncreasingly -1 -> 0
2023-09-20 15:48:28,480 [57fc3420-94a0-4f3c-850d-40c1ae05c77a-impl-thread3] INFO  server.RaftServer$Division (ServerState.java:close(472)) - 57fc3420-94a0-4f3c-850d-40c1ae05c77a@group-DC3B4BB29613: closes. applyIndex: 0
2023-09-20 15:48:28,480 [9499e333-9dfc-4832-8419-7e757e6a4f60@group-6355B783B588-StateMachineUpdater] INFO  impl.StateMachineUpdater (StateMachineUpdater.java:takeSnapshot(291)) - 9499e333-9dfc-4832-8419-7e757e6a4f60@group-6355B783B588-StateMachineUpdater: Took a snapshot at index 0
2023-09-20 15:48:28,480 [9499e333-9dfc-4832-8419-7e757e6a4f60@group-6355B783B588-StateMachineUpdater] INFO  impl.StateMachineUpdater (StateMachineUpdater.java:lambda$new$0(97)) - 9499e333-9dfc-4832-8419-7e757e6a4f60@group-6355B783B588-StateMachineUpdater: snapshotIndex: updateIncreasingly -1 -> 0
2023-09-20 15:48:28,480 [9499e333-9dfc-4832-8419-7e757e6a4f60-impl-thread3] INFO  server.RaftServer$Division (ServerState.java:close(472)) - 9499e333-9dfc-4832-8419-7e757e6a4f60@group-6355B783B588: closes. applyIndex: 0
2023-09-20 15:48:28,480 [56530fb6-e6be-4313-9c7b-f74137c4f80a@group-F916A9BBA910-StateMachineUpdater] INFO  impl.StateMachineUpdater (StateMachineUpdater.java:takeSnapshot(291)) - 56530fb6-e6be-4313-9c7b-f74137c4f80a@group-F916A9BBA910-StateMachineUpdater: Took a snapshot at index 0
2023-09-20 15:48:28,480 [56530fb6-e6be-4313-9c7b-f74137c4f80a@group-F916A9BBA910-StateMachineUpdater] INFO  impl.StateMachineUpdater (StateMachineUpdater.java:lambda$new$0(97)) - 56530fb6-e6be-4313-9c7b-f74137c4f80a@group-F916A9BBA910-StateMachineUpdater: snapshotIndex: updateIncreasingly -1 -> 0
2023-09-20 15:48:28,480 [56530fb6-e6be-4313-9c7b-f74137c4f80a-impl-thread3] INFO  server.RaftServer$Division (ServerState.java:close(472)) - 56530fb6-e6be-4313-9c7b-f74137c4f80a@group-F916A9BBA910: closes. applyIndex: 0
2023-09-20 15:48:28,481 [57fc3420-94a0-4f3c-850d-40c1ae05c77a@group-867C931AC550-StateMachineUpdater] INFO  ratis.ContainerStateMachine (ContainerStateMachine.java:takeSnapshot(341)) - group-867C931AC550: Finished taking a snapshot at:(t:1, i:180) file:/home/runner/work/ozone/ozone/hadoop-ozone/integration-test/target/test-dir/MiniOzoneClusterImpl-8d56696e-0306-4140-8b78-3634a4a6d503/datanode-1/data/ratis/e528e358-93e3-4c44-b6b4-867c931ac550/sm/snapshot.1_180 took: 121 ms
2023-09-20 15:48:28,481 [57fc3420-94a0-4f3c-850d-40c1ae05c77a@group-867C931AC550-StateMachineUpdater] INFO  impl.StateMachineUpdater (StateMachineUpdater.java:takeSnapshot(291)) - 57fc3420-94a0-4f3c-850d-40c1ae05c77a@group-867C931AC550-StateMachineUpdater: Took a snapshot at index 180
2023-09-20 15:48:28,481 [57fc3420-94a0-4f3c-850d-40c1ae05c77a@group-867C931AC550-StateMachineUpdater] INFO  impl.StateMachineUpdater (StateMachineUpdater.java:lambda$new$0(97)) - 57fc3420-94a0-4f3c-850d-40c1ae05c77a@group-867C931AC550-StateMachineUpdater: snapshotIndex: updateIncreasingly -1 -> 180
2023-09-20 15:48:28,482 [56530fb6-e6be-4313-9c7b-f74137c4f80a@group-867C931AC550-FollowerState] INFO  impl.FollowerState (FollowerState.java:run(152)) - 56530fb6-e6be-4313-9c7b-f74137c4f80a@group-867C931AC550-FollowerState was interrupted
2023-09-20 15:48:28,487 [9499e333-9dfc-4832-8419-7e757e6a4f60@group-867C931AC550-StateMachineUpdater] INFO  ratis.ContainerStateMachine (ContainerStateMachine.java:takeSnapshot(341)) - group-867C931AC550: Finished taking a snapshot at:(t:1, i:180) file:/home/runner/work/ozone/ozone/hadoop-ozone/integration-test/target/test-dir/MiniOzoneClusterImpl-8d56696e-0306-4140-8b78-3634a4a6d503/datanode-0/data/ratis/e528e358-93e3-4c44-b6b4-867c931ac550/sm/snapshot.1_180 took: 82 ms
2023-09-20 15:48:28,487 [9499e333-9dfc-4832-8419-7e757e6a4f60@group-867C931AC550-StateMachineUpdater] INFO  impl.StateMachineUpdater (StateMachineUpdater.java:takeSnapshot(291)) - 9499e333-9dfc-4832-8419-7e757e6a4f60@group-867C931AC550-StateMachineUpdater: Took a snapshot at index 180
2023-09-20 15:48:28,487 [9499e333-9dfc-4832-8419-7e757e6a4f60@group-867C931AC550-StateMachineUpdater] INFO  impl.StateMachineUpdater (StateMachineUpdater.java:lambda$new$0(97)) - 9499e333-9dfc-4832-8419-7e757e6a4f60@group-867C931AC550-StateMachineUpdater: snapshotIndex: updateIncreasingly -1 -> 180
2023-09-20 15:48:28,487 [9499e333-9dfc-4832-8419-7e757e6a4f60-impl-thread2] INFO  server.RaftServer$Division (ServerState.java:close(472)) - 9499e333-9dfc-4832-8419-7e757e6a4f60@group-867C931AC550: closes. applyIndex: 180
2023-09-20 15:48:28,488 [56530fb6-e6be-4313-9c7b-f74137c4f80a-impl-thread2] INFO  impl.StateMachineUpdater (StateMachineUpdater.java:stopAndJoin(155)) - 56530fb6-e6be-4313-9c7b-f74137c4f80a@group-867C931AC550-StateMachineUpdater: set stopIndex = 180
2023-09-20 15:48:28,488 [56530fb6-e6be-4313-9c7b-f74137c4f80a@group-867C931AC550-StateMachineUpdater] INFO  ratis.ContainerStateMachine (ContainerStateMachine.java:takeSnapshot(330)) - group-867C931AC550: Taking a snapshot at:(t:1, i:180) file /home/runner/work/ozone/ozone/hadoop-ozone/integration-test/target/test-dir/MiniOzoneClusterImpl-8d56696e-0306-4140-8b78-3634a4a6d503/datanode-2/data/ratis/e528e358-93e3-4c44-b6b4-867c931ac550/sm/snapshot.1_180
2023-09-20 15:48:28,489 [57fc3420-94a0-4f3c-850d-40c1ae05c77a-impl-thread2] INFO  server.RaftServer$Division (ServerState.java:close(472)) - 57fc3420-94a0-4f3c-850d-40c1ae05c77a@group-867C931AC550: closes. applyIndex: 180
2023-09-20 15:48:28,490 [9499e333-9dfc-4832-8419-7e757e6a4f60-impl-thread4] INFO  server.RaftServer$Division (ServerState.java:close(472)) - 9499e333-9dfc-4832-8419-7e757e6a4f60@group-3C3C1CF53969: closes. applyIndex: 393
2023-09-20 15:48:28,492 [56530fb6-e6be-4313-9c7b-f74137c4f80a-impl-thread4] INFO  impl.StateMachineUpdater (StateMachineUpdater.java:stopAndJoin(155)) - 56530fb6-e6be-4313-9c7b-f74137c4f80a@group-3C3C1CF53969-StateMachineUpdater: set stopIndex = 393
2023-09-20 15:48:28,492 [56530fb6-e6be-4313-9c7b-f74137c4f80a@group-3C3C1CF53969-FollowerState] INFO  impl.FollowerState (FollowerState.java:run(152)) - 56530fb6-e6be-4313-9c7b-f74137c4f80a@group-3C3C1CF53969-FollowerState was interrupted
2023-09-20 15:48:28,495 [Thread-787] INFO  server.GrpcServerProtocolClient (GrpcServerProtocolClient.java:close(103)) - 57fc3420-94a0-4f3c-850d-40c1ae05c77a Close channels
2023-09-20 15:48:28,492 [56530fb6-e6be-4313-9c7b-f74137c4f80a@group-3C3C1CF53969-StateMachineUpdater] INFO  ratis.ContainerStateMachine (ContainerStateMachine.java:takeSnapshot(330)) - group-3C3C1CF53969: Taking a snapshot at:(t:1, i:393) file /home/runner/work/ozone/ozone/hadoop-ozone/integration-test/target/test-dir/MiniOzoneClusterImpl-8d56696e-0306-4140-8b78-3634a4a6d503/datanode-2/data/ratis/45574c07-9142-4879-8024-3c3c1cf53969/sm/snapshot.1_393
2023-09-20 15:48:28,494 [main] INFO  server.GrpcService (GrpcService.java:closeImpl(320)) - 57fc3420-94a0-4f3c-850d-40c1ae05c77a: shutdown server org.apache.ratis.grpc.server.GrpcClientProtocolService successfully
2023-09-20 15:48:28,496 [main] INFO  server.GrpcService (GrpcService.java:closeImpl(311)) - 57fc3420-94a0-4f3c-850d-40c1ae05c77a: shutdown server GrpcServerProtocolService now
2023-09-20 15:48:28,494 [ForkJoinPool.commonPool-worker-1] INFO  server.GrpcService (GrpcService.java:closeImpl(320)) - 9499e333-9dfc-4832-8419-7e757e6a4f60: shutdown server org.apache.ratis.grpc.server.GrpcClientProtocolService successfully
2023-09-20 15:48:28,497 [ForkJoinPool.commonPool-worker-1] INFO  server.GrpcService (GrpcService.java:closeImpl(311)) - 9499e333-9dfc-4832-8419-7e757e6a4f60: shutdown server GrpcServerProtocolService now
2023-09-20 15:48:28,492 [57fc3420-94a0-4f3c-850d-40c1ae05c77a-impl-thread4] INFO  server.RaftServer$Division (ServerState.java:close(472)) - 57fc3420-94a0-4f3c-850d-40c1ae05c77a@group-3C3C1CF53969: closes. applyIndex: 393
2023-09-20 15:48:28,497 [56530fb6-e6be-4313-9c7b-f74137c4f80a@group-3C3C1CF53969-StateMachineUpdater] INFO  ratis.ContainerStateMachine (ContainerStateMachine.java:takeSnapshot(341)) - group-3C3C1CF53969: Finished taking a snapshot at:(t:1, i:393) file:/home/runner/work/ozone/ozone/hadoop-ozone/integration-test/target/test-dir/MiniOzoneClusterImpl-8d56696e-0306-4140-8b78-3634a4a6d503/datanode-2/data/ratis/45574c07-9142-4879-8024-3c3c1cf53969/sm/snapshot.1_393 took: 4 ms
2023-09-20 15:48:28,497 [56530fb6-e6be-4313-9c7b-f74137c4f80a@group-3C3C1CF53969-StateMachineUpdater] INFO  impl.StateMachineUpdater (StateMachineUpdater.java:takeSnapshot(291)) - 56530fb6-e6be-4313-9c7b-f74137c4f80a@group-3C3C1CF53969-StateMachineUpdater: Took a snapshot at index 393
2023-09-20 15:48:28,497 [56530fb6-e6be-4313-9c7b-f74137c4f80a@group-3C3C1CF53969-StateMachineUpdater] INFO  impl.StateMachineUpdater (StateMachineUpdater.java:lambda$new$0(97)) - 56530fb6-e6be-4313-9c7b-f74137c4f80a@group-3C3C1CF53969-StateMachineUpdater: snapshotIndex: updateIncreasingly -1 -> 393
2023-09-20 15:48:28,498 [56530fb6-e6be-4313-9c7b-f74137c4f80a-impl-thread4] INFO  server.RaftServer$Division (ServerState.java:close(472)) - 56530fb6-e6be-4313-9c7b-f74137c4f80a@group-3C3C1CF53969: closes. applyIndex: 393
2023-09-20 15:48:28,496 [56530fb6-e6be-4313-9c7b-f74137c4f80a@group-867C931AC550-StateMachineUpdater] INFO  ratis.ContainerStateMachine (ContainerStateMachine.java:takeSnapshot(341)) - group-867C931AC550: Finished taking a snapshot at:(t:1, i:180) file:/home/runner/work/ozone/ozone/hadoop-ozone/integration-test/target/test-dir/MiniOzoneClusterImpl-8d56696e-0306-4140-8b78-3634a4a6d503/datanode-2/data/ratis/e528e358-93e3-4c44-b6b4-867c931ac550/sm/snapshot.1_180 took: 8 ms
2023-09-20 15:48:28,499 [56530fb6-e6be-4313-9c7b-f74137c4f80a@group-867C931AC550-StateMachineUpdater] INFO  impl.StateMachineUpdater (StateMachineUpdater.java:takeSnapshot(291)) - 56530fb6-e6be-4313-9c7b-f74137c4f80a@group-867C931AC550-StateMachineUpdater: Took a snapshot at index 180
2023-09-20 15:48:28,499 [56530fb6-e6be-4313-9c7b-f74137c4f80a@group-867C931AC550-StateMachineUpdater] INFO  impl.StateMachineUpdater (StateMachineUpdater.java:lambda$new$0(97)) - 56530fb6-e6be-4313-9c7b-f74137c4f80a@group-867C931AC550-StateMachineUpdater: snapshotIndex: updateIncreasingly -1 -> 180
2023-09-20 15:48:28,500 [56530fb6-e6be-4313-9c7b-f74137c4f80a-impl-thread2] INFO  server.RaftServer$Division (ServerState.java:close(472)) - 56530fb6-e6be-4313-9c7b-f74137c4f80a@group-867C931AC550: closes. applyIndex: 180
2023-09-20 15:48:28,500 [Thread-789] INFO  server.GrpcServerProtocolClient (GrpcServerProtocolClient.java:close(103)) - 9499e333-9dfc-4832-8419-7e757e6a4f60 Close channels
2023-09-20 15:48:28,501 [ForkJoinPool.commonPool-worker-0] INFO  server.GrpcService (GrpcService.java:closeImpl(320)) - 56530fb6-e6be-4313-9c7b-f74137c4f80a: shutdown server org.apache.ratis.grpc.server.GrpcClientProtocolService successfully
2023-09-20 15:48:28,501 [ForkJoinPool.commonPool-worker-0] INFO  server.GrpcService (GrpcService.java:closeImpl(311)) - 56530fb6-e6be-4313-9c7b-f74137c4f80a: shutdown server GrpcServerProtocolService now
2023-09-20 15:48:28,511 [ForkJoinPool.commonPool-worker-1] INFO  server.GrpcService (GrpcService.java:closeImpl(320)) - 9499e333-9dfc-4832-8419-7e757e6a4f60: shutdown server GrpcServerProtocolService successfully
2023-09-20 15:48:28,512 [ForkJoinPool.commonPool-worker-1] INFO  server.GrpcService (GrpcService.java:closeImpl(311)) - 9499e333-9dfc-4832-8419-7e757e6a4f60: shutdown server org.apache.ratis.grpc.server.GrpcAdminProtocolService now
2023-09-20 15:48:28,514 [ForkJoinPool.commonPool-worker-0] INFO  server.GrpcService (GrpcService.java:closeImpl(320)) - 56530fb6-e6be-4313-9c7b-f74137c4f80a: shutdown server GrpcServerProtocolService successfully
2023-09-20 15:48:28,514 [ForkJoinPool.commonPool-worker-0] INFO  server.GrpcService (GrpcService.java:closeImpl(311)) - 56530fb6-e6be-4313-9c7b-f74137c4f80a: shutdown server org.apache.ratis.grpc.server.GrpcAdminProtocolService now
2023-09-20 15:48:28,514 [main] INFO  server.GrpcService (GrpcService.java:closeImpl(320)) - 57fc3420-94a0-4f3c-850d-40c1ae05c77a: shutdown server GrpcServerProtocolService successfully
2023-09-20 15:48:28,515 [main] INFO  server.GrpcService (GrpcService.java:closeImpl(311)) - 57fc3420-94a0-4f3c-850d-40c1ae05c77a: shutdown server org.apache.ratis.grpc.server.GrpcAdminProtocolService now
2023-09-20 15:48:28,528 [ForkJoinPool.commonPool-worker-1] INFO  server.GrpcService (GrpcService.java:closeImpl(320)) - 9499e333-9dfc-4832-8419-7e757e6a4f60: shutdown server org.apache.ratis.grpc.server.GrpcAdminProtocolService successfully
2023-09-20 15:48:28,529 [9499e333-9dfc-4832-8419-7e757e6a4f60-NettyServerStreamRpc-bossGroup--thread1] INFO  logging.LoggingHandler (AbstractInternalLogger.java:log(148)) - [id: 0x0c4d00a9, L:/0:0:0:0:0:0:0:0:15015] CLOSE
2023-09-20 15:48:28,529 [9499e333-9dfc-4832-8419-7e757e6a4f60-NettyServerStreamRpc-bossGroup--thread1] INFO  logging.LoggingHandler (AbstractInternalLogger.java:log(148)) - [id: 0x0c4d00a9, L:/0:0:0:0:0:0:0:0:15015] INACTIVE
2023-09-20 15:48:28,529 [9499e333-9dfc-4832-8419-7e757e6a4f60-NettyServerStreamRpc-bossGroup--thread1] INFO  logging.LoggingHandler (AbstractInternalLogger.java:log(148)) - [id: 0x0c4d00a9, L:/0:0:0:0:0:0:0:0:15015] UNREGISTERED
2023-09-20 15:48:28,550 [main] INFO  server.GrpcService (GrpcService.java:closeImpl(320)) - 57fc3420-94a0-4f3c-850d-40c1ae05c77a: shutdown server org.apache.ratis.grpc.server.GrpcAdminProtocolService successfully
2023-09-20 15:48:28,550 [57fc3420-94a0-4f3c-850d-40c1ae05c77a-NettyServerStreamRpc-bossGroup--thread1] INFO  logging.LoggingHandler (AbstractInternalLogger.java:log(148)) - [id: 0x84ce5b34, L:/0:0:0:0:0:0:0:0:15024] CLOSE
2023-09-20 15:48:28,551 [57fc3420-94a0-4f3c-850d-40c1ae05c77a-NettyServerStreamRpc-bossGroup--thread1] INFO  logging.LoggingHandler (AbstractInternalLogger.java:log(148)) - [id: 0x84ce5b34, L:/0:0:0:0:0:0:0:0:15024] INACTIVE
2023-09-20 15:48:28,551 [57fc3420-94a0-4f3c-850d-40c1ae05c77a-NettyServerStreamRpc-bossGroup--thread1] INFO  logging.LoggingHandler (AbstractInternalLogger.java:log(148)) - [id: 0x84ce5b34, L:/0:0:0:0:0:0:0:0:15024] UNREGISTERED
2023-09-20 15:48:28,552 [ForkJoinPool.commonPool-worker-0] INFO  server.GrpcService (GrpcService.java:closeImpl(320)) - 56530fb6-e6be-4313-9c7b-f74137c4f80a: shutdown server org.apache.ratis.grpc.server.GrpcAdminProtocolService successfully
2023-09-20 15:48:28,552 [56530fb6-e6be-4313-9c7b-f74137c4f80a-NettyServerStreamRpc-bossGroup--thread1] INFO  logging.LoggingHandler (AbstractInternalLogger.java:log(148)) - [id: 0x952f9edd, L:/0:0:0:0:0:0:0:0:15033] CLOSE
2023-09-20 15:48:28,553 [56530fb6-e6be-4313-9c7b-f74137c4f80a-NettyServerStreamRpc-bossGroup--thread1] INFO  logging.LoggingHandler (AbstractInternalLogger.java:log(148)) - [id: 0x952f9edd, L:/0:0:0:0:0:0:0:0:15033] INACTIVE
2023-09-20 15:48:28,553 [56530fb6-e6be-4313-9c7b-f74137c4f80a-NettyServerStreamRpc-bossGroup--thread1] INFO  logging.LoggingHandler (AbstractInternalLogger.java:log(148)) - [id: 0x952f9edd, L:/0:0:0:0:0:0:0:0:15033] UNREGISTERED
2023-09-20 15:48:28,837 [57fc3420-94a0-4f3c-850d-40c1ae05c77a-impl-thread3] INFO  segmented.SegmentedRaftLogWorker (SegmentedRaftLogWorker.java:close(252)) - 57fc3420-94a0-4f3c-850d-40c1ae05c77a@group-DC3B4BB29613-SegmentedRaftLogWorker close()
2023-09-20 15:48:28,930 [9499e333-9dfc-4832-8419-7e757e6a4f60-impl-thread2] INFO  segmented.SegmentedRaftLogWorker (SegmentedRaftLogWorker.java:close(252)) - 9499e333-9dfc-4832-8419-7e757e6a4f60@group-867C931AC550-SegmentedRaftLogWorker close()
2023-09-20 15:48:28,942 [57fc3420-94a0-4f3c-850d-40c1ae05c77a-impl-thread2] INFO  segmented.SegmentedRaftLogWorker (SegmentedRaftLogWorker.java:close(252)) - 57fc3420-94a0-4f3c-850d-40c1ae05c77a@group-867C931AC550-SegmentedRaftLogWorker close()
2023-09-20 15:48:28,946 [56530fb6-e6be-4313-9c7b-f74137c4f80a-impl-thread2] INFO  segmented.SegmentedRaftLogWorker (SegmentedRaftLogWorker.java:close(252)) - 56530fb6-e6be-4313-9c7b-f74137c4f80a@group-867C931AC550-SegmentedRaftLogWorker close()
2023-09-20 15:48:29,105 [57fc3420-94a0-4f3c-850d-40c1ae05c77a-impl-thread4] INFO  segmented.SegmentedRaftLogWorker (SegmentedRaftLogWorker.java:close(252)) - 57fc3420-94a0-4f3c-850d-40c1ae05c77a@group-3C3C1CF53969-SegmentedRaftLogWorker close()
2023-09-20 15:48:29,106 [JvmPauseMonitor3] INFO  util.JvmPauseMonitor (JvmPauseMonitor.java:run(109)) - JvmPauseMonitor-57fc3420-94a0-4f3c-850d-40c1ae05c77a: Stopped
2023-09-20 15:48:29,115 [9499e333-9dfc-4832-8419-7e757e6a4f60-impl-thread4] INFO  segmented.SegmentedRaftLogWorker (SegmentedRaftLogWorker.java:close(252)) - 9499e333-9dfc-4832-8419-7e757e6a4f60@group-3C3C1CF53969-SegmentedRaftLogWorker close()
2023-09-20 15:48:29,120 [56530fb6-e6be-4313-9c7b-f74137c4f80a-impl-thread4] INFO  segmented.SegmentedRaftLogWorker (SegmentedRaftLogWorker.java:close(252)) - 56530fb6-e6be-4313-9c7b-f74137c4f80a@group-3C3C1CF53969-SegmentedRaftLogWorker close()
2023-09-20 15:48:29,159 [9499e333-9dfc-4832-8419-7e757e6a4f60-impl-thread3] INFO  segmented.SegmentedRaftLogWorker (SegmentedRaftLogWorker.java:close(252)) - 9499e333-9dfc-4832-8419-7e757e6a4f60@group-6355B783B588-SegmentedRaftLogWorker close()
2023-09-20 15:48:29,160 [JvmPauseMonitor2] INFO  util.JvmPauseMonitor (JvmPauseMonitor.java:run(109)) - JvmPauseMonitor-9499e333-9dfc-4832-8419-7e757e6a4f60: Stopped
2023-09-20 15:48:29,246 [BlockDeletingService#1] INFO  interfaces.ContainerDeletionChoosingPolicyTemplate (ContainerDeletionChoosingPolicyTemplate.java:chooseContainerForBlockDeletion(85)) - Chosen 0/5000 blocks from 0 candidate containers.
2023-09-20 15:48:29,323 [56530fb6-e6be-4313-9c7b-f74137c4f80a-impl-thread3] INFO  segmented.SegmentedRaftLogWorker (SegmentedRaftLogWorker.java:close(252)) - 56530fb6-e6be-4313-9c7b-f74137c4f80a@group-F916A9BBA910-SegmentedRaftLogWorker close()
2023-09-20 15:48:29,324 [JvmPauseMonitor4] INFO  util.JvmPauseMonitor (JvmPauseMonitor.java:run(109)) - JvmPauseMonitor-56530fb6-e6be-4313-9c7b-f74137c4f80a: Stopped
2023-09-20 15:48:29,662 [BlockDeletingService#1] INFO  interfaces.ContainerDeletionChoosingPolicyTemplate (ContainerDeletionChoosingPolicyTemplate.java:chooseContainerForBlockDeletion(85)) - Chosen 0/5000 blocks from 0 candidate containers.
2023-09-20 15:48:30,090 [BlockDeletingService#1] INFO  interfaces.ContainerDeletionChoosingPolicyTemplate (ContainerDeletionChoosingPolicyTemplate.java:chooseContainerForBlockDeletion(85)) - Chosen 0/5000 blocks from 0 candidate containers.
2023-09-20 15:48:31,135 [main] INFO  utils.DatanodeStoreCache (DatanodeStoreCache.java:shutdownCache(110)) - Skip clearing cache in mini cluster mode. Entries left: [/home/runner/work/ozone/ozone/hadoop-ozone/integration-test/target/test-dir/MiniOzoneClusterImpl-8d56696e-0306-4140-8b78-3634a4a6d503/datanode-0/data-0/containers/hdds/8d56696e-0306-4140-8b78-3634a4a6d503/DS-a93a7f54-1508-41ff-9afc-cbd27f45a6c4/container.db, /home/runner/work/ozone/ozone/hadoop-ozone/integration-test/target/test-dir/MiniOzoneClusterImpl-8d56696e-0306-4140-8b78-3634a4a6d503/datanode-1/data-0/containers/hdds/8d56696e-0306-4140-8b78-3634a4a6d503/DS-76e55de1-3829-4fff-b50e-d2fe5e1017da/container.db, /home/runner/work/ozone/ozone/hadoop-ozone/integration-test/target/test-dir/MiniOzoneClusterImpl-8d56696e-0306-4140-8b78-3634a4a6d503/datanode-2/data-0/containers/hdds/8d56696e-0306-4140-8b78-3634a4a6d503/DS-57d8f7c9-d95b-4978-8b47-171a097a0c1c/container.db]
2023-09-20 15:48:31,142 [main] INFO  utils.DatanodeStoreCache (DatanodeStoreCache.java:removeDB(104)) - Removed db /home/runner/work/ozone/ozone/hadoop-ozone/integration-test/target/test-dir/MiniOzoneClusterImpl-8d56696e-0306-4140-8b78-3634a4a6d503/datanode-1/data-0/containers/hdds/8d56696e-0306-4140-8b78-3634a4a6d503/DS-76e55de1-3829-4fff-b50e-d2fe5e1017da/container.db from cache
2023-09-20 15:48:31,143 [main] INFO  volume.HddsVolume (HddsVolume.java:closeDbStore(453)) - SchemaV3 db is stopped at /home/runner/work/ozone/ozone/hadoop-ozone/integration-test/target/test-dir/MiniOzoneClusterImpl-8d56696e-0306-4140-8b78-3634a4a6d503/datanode-1/data-0/containers/hdds/8d56696e-0306-4140-8b78-3634a4a6d503/DS-76e55de1-3829-4fff-b50e-d2fe5e1017da/container.db for volume DS-76e55de1-3829-4fff-b50e-d2fe5e1017da
2023-09-20 15:48:31,143 [main] INFO  utils.BackgroundService (BackgroundService.java:shutdown(141)) - Shutting down service BlockDeletingService
2023-09-20 15:48:31,149 [main] INFO  utils.BackgroundService (BackgroundService.java:shutdown(141)) - Shutting down service StaleRecoveringContainerScrubbingService
2023-09-20 15:48:31,150 [main] INFO  statemachine.DatanodeStateMachine (DatanodeStateMachine.java:stopDaemon(622)) - Ozone container server stopped.
2023-09-20 15:48:31,166 [main] INFO  handler.ContextHandler (ContextHandler.java:doStop(1159)) - Stopped o.e.j.w.WebAppContext@7701253{hddsDatanode,/,null,STOPPED}{jar:file:/home/runner/.m2/repository/org/apache/ozone/hdds-container-service/1.4.0-SNAPSHOT/hdds-container-service-1.4.0-SNAPSHOT.jar!/webapps/hddsDatanode}
2023-09-20 15:48:31,167 [main] INFO  server.AbstractConnector (AbstractConnector.java:doStop(383)) - Stopped ServerConnector@cb06460{HTTP/1.1, (http/1.1)}{0.0.0.0:15018}
2023-09-20 15:48:31,167 [main] INFO  server.session (HouseKeeper.java:stopScavenging(149)) - node0 Stopped scavenging
2023-09-20 15:48:31,168 [main] INFO  handler.ContextHandler (ContextHandler.java:doStop(1159)) - Stopped o.e.j.s.ServletContextHandler@2156371c{static,/static,jar:file:/home/runner/.m2/repository/org/apache/ozone/hdds-container-service/1.4.0-SNAPSHOT/hdds-container-service-1.4.0-SNAPSHOT.jar!/webapps/static,STOPPED}
2023-09-20 15:48:31,168 [main] INFO  handler.ContextHandler (ContextHandler.java:doStop(1159)) - Stopped o.e.j.s.ServletContextHandler@3451f8ff{logs,/logs,file:///home/runner/work/ozone/ozone/hadoop-ozone/integration-test/target/log,STOPPED}
2023-09-20 15:48:31,170 [main] INFO  ozone.HddsDatanodeClientProtocolServer (HddsDatanodeClientProtocolServer.java:stop(78)) - Stopping the RPC server for Client Protocol
2023-09-20 15:48:31,171 [ForkJoinPool.commonPool-worker-1] INFO  utils.DatanodeStoreCache (DatanodeStoreCache.java:shutdownCache(110)) - Skip clearing cache in mini cluster mode. Entries left: [/home/runner/work/ozone/ozone/hadoop-ozone/integration-test/target/test-dir/MiniOzoneClusterImpl-8d56696e-0306-4140-8b78-3634a4a6d503/datanode-0/data-0/containers/hdds/8d56696e-0306-4140-8b78-3634a4a6d503/DS-a93a7f54-1508-41ff-9afc-cbd27f45a6c4/container.db, /home/runner/work/ozone/ozone/hadoop-ozone/integration-test/target/test-dir/MiniOzoneClusterImpl-8d56696e-0306-4140-8b78-3634a4a6d503/datanode-2/data-0/containers/hdds/8d56696e-0306-4140-8b78-3634a4a6d503/DS-57d8f7c9-d95b-4978-8b47-171a097a0c1c/container.db]
2023-09-20 15:48:31,175 [main] INFO  ipc.Server (Server.java:stop(3523)) - Stopping server on 15019
2023-09-20 15:48:31,178 [IPC Server Responder] INFO  ipc.Server (Server.java:run(1567)) - Stopping IPC Server Responder
2023-09-20 15:48:31,178 [IPC Server listener on 15019] INFO  ipc.Server (Server.java:run(1434)) - Stopping IPC Server listener on 15019
2023-09-20 15:48:31,179 [ForkJoinPool.commonPool-worker-1] INFO  utils.DatanodeStoreCache (DatanodeStoreCache.java:removeDB(104)) - Removed db /home/runner/work/ozone/ozone/hadoop-ozone/integration-test/target/test-dir/MiniOzoneClusterImpl-8d56696e-0306-4140-8b78-3634a4a6d503/datanode-0/data-0/containers/hdds/8d56696e-0306-4140-8b78-3634a4a6d503/DS-a93a7f54-1508-41ff-9afc-cbd27f45a6c4/container.db from cache
2023-09-20 15:48:31,180 [ForkJoinPool.commonPool-worker-1] INFO  volume.HddsVolume (HddsVolume.java:closeDbStore(453)) - SchemaV3 db is stopped at /home/runner/work/ozone/ozone/hadoop-ozone/integration-test/target/test-dir/MiniOzoneClusterImpl-8d56696e-0306-4140-8b78-3634a4a6d503/datanode-0/data-0/containers/hdds/8d56696e-0306-4140-8b78-3634a4a6d503/DS-a93a7f54-1508-41ff-9afc-cbd27f45a6c4/container.db for volume DS-a93a7f54-1508-41ff-9afc-cbd27f45a6c4
2023-09-20 15:48:31,180 [ForkJoinPool.commonPool-worker-1] INFO  utils.BackgroundService (BackgroundService.java:shutdown(141)) - Shutting down service BlockDeletingService
2023-09-20 15:48:31,182 [ForkJoinPool.commonPool-worker-1] INFO  utils.BackgroundService (BackgroundService.java:shutdown(141)) - Shutting down service StaleRecoveringContainerScrubbingService
2023-09-20 15:48:31,183 [ForkJoinPool.commonPool-worker-1] INFO  statemachine.DatanodeStateMachine (DatanodeStateMachine.java:stopDaemon(622)) - Ozone container server stopped.
2023-09-20 15:48:31,199 [ForkJoinPool.commonPool-worker-1] INFO  handler.ContextHandler (ContextHandler.java:doStop(1159)) - Stopped o.e.j.w.WebAppContext@466d236c{hddsDatanode,/,null,STOPPED}{jar:file:/home/runner/.m2/repository/org/apache/ozone/hdds-container-service/1.4.0-SNAPSHOT/hdds-container-service-1.4.0-SNAPSHOT.jar!/webapps/hddsDatanode}
2023-09-20 15:48:31,200 [ForkJoinPool.commonPool-worker-1] INFO  server.AbstractConnector (AbstractConnector.java:doStop(383)) - Stopped ServerConnector@27943321{HTTP/1.1, (http/1.1)}{0.0.0.0:15009}
2023-09-20 15:48:31,201 [ForkJoinPool.commonPool-worker-1] INFO  server.session (HouseKeeper.java:stopScavenging(149)) - node0 Stopped scavenging
2023-09-20 15:48:31,202 [ForkJoinPool.commonPool-worker-1] INFO  handler.ContextHandler (ContextHandler.java:doStop(1159)) - Stopped o.e.j.s.ServletContextHandler@1a3bebf9{static,/static,jar:file:/home/runner/.m2/repository/org/apache/ozone/hdds-container-service/1.4.0-SNAPSHOT/hdds-container-service-1.4.0-SNAPSHOT.jar!/webapps/static,STOPPED}
2023-09-20 15:48:31,204 [ForkJoinPool.commonPool-worker-1] INFO  handler.ContextHandler (ContextHandler.java:doStop(1159)) - Stopped o.e.j.s.ServletContextHandler@3e87d5da{logs,/logs,file:///home/runner/work/ozone/ozone/hadoop-ozone/integration-test/target/log,STOPPED}
2023-09-20 15:48:31,206 [ForkJoinPool.commonPool-worker-1] INFO  ozone.HddsDatanodeClientProtocolServer (HddsDatanodeClientProtocolServer.java:stop(78)) - Stopping the RPC server for Client Protocol
2023-09-20 15:48:31,207 [ForkJoinPool.commonPool-worker-1] INFO  ipc.Server (Server.java:stop(3523)) - Stopping server on 15010
2023-09-20 15:48:31,208 [IPC Server listener on 15010] INFO  ipc.Server (Server.java:run(1434)) - Stopping IPC Server listener on 15010
2023-09-20 15:48:31,209 [IPC Server Responder] INFO  ipc.Server (Server.java:run(1567)) - Stopping IPC Server Responder
2023-09-20 15:48:31,331 [ForkJoinPool.commonPool-worker-0] INFO  utils.DatanodeStoreCache (DatanodeStoreCache.java:shutdownCache(110)) - Skip clearing cache in mini cluster mode. Entries left: [/home/runner/work/ozone/ozone/hadoop-ozone/integration-test/target/test-dir/MiniOzoneClusterImpl-8d56696e-0306-4140-8b78-3634a4a6d503/datanode-2/data-0/containers/hdds/8d56696e-0306-4140-8b78-3634a4a6d503/DS-57d8f7c9-d95b-4978-8b47-171a097a0c1c/container.db]
2023-09-20 15:48:31,337 [ForkJoinPool.commonPool-worker-0] INFO  utils.DatanodeStoreCache (DatanodeStoreCache.java:removeDB(104)) - Removed db /home/runner/work/ozone/ozone/hadoop-ozone/integration-test/target/test-dir/MiniOzoneClusterImpl-8d56696e-0306-4140-8b78-3634a4a6d503/datanode-2/data-0/containers/hdds/8d56696e-0306-4140-8b78-3634a4a6d503/DS-57d8f7c9-d95b-4978-8b47-171a097a0c1c/container.db from cache
2023-09-20 15:48:31,338 [ForkJoinPool.commonPool-worker-0] INFO  volume.HddsVolume (HddsVolume.java:closeDbStore(453)) - SchemaV3 db is stopped at /home/runner/work/ozone/ozone/hadoop-ozone/integration-test/target/test-dir/MiniOzoneClusterImpl-8d56696e-0306-4140-8b78-3634a4a6d503/datanode-2/data-0/containers/hdds/8d56696e-0306-4140-8b78-3634a4a6d503/DS-57d8f7c9-d95b-4978-8b47-171a097a0c1c/container.db for volume DS-57d8f7c9-d95b-4978-8b47-171a097a0c1c
2023-09-20 15:48:31,338 [ForkJoinPool.commonPool-worker-0] INFO  utils.BackgroundService (BackgroundService.java:shutdown(141)) - Shutting down service BlockDeletingService
2023-09-20 15:48:31,339 [ForkJoinPool.commonPool-worker-0] INFO  utils.BackgroundService (BackgroundService.java:shutdown(141)) - Shutting down service StaleRecoveringContainerScrubbingService
2023-09-20 15:48:31,340 [ForkJoinPool.commonPool-worker-0] INFO  statemachine.DatanodeStateMachine (DatanodeStateMachine.java:stopDaemon(622)) - Ozone container server stopped.
2023-09-20 15:48:31,358 [ForkJoinPool.commonPool-worker-0] INFO  handler.ContextHandler (ContextHandler.java:doStop(1159)) - Stopped o.e.j.w.WebAppContext@6cebeb7d{hddsDatanode,/,null,STOPPED}{jar:file:/home/runner/.m2/repository/org/apache/ozone/hdds-container-service/1.4.0-SNAPSHOT/hdds-container-service-1.4.0-SNAPSHOT.jar!/webapps/hddsDatanode}
2023-09-20 15:48:31,359 [ForkJoinPool.commonPool-worker-0] INFO  server.AbstractConnector (AbstractConnector.java:doStop(383)) - Stopped ServerConnector@39292d0d{HTTP/1.1, (http/1.1)}{0.0.0.0:15027}
2023-09-20 15:48:31,359 [ForkJoinPool.commonPool-worker-0] INFO  server.session (HouseKeeper.java:stopScavenging(149)) - node0 Stopped scavenging
2023-09-20 15:48:31,360 [ForkJoinPool.commonPool-worker-0] INFO  handler.ContextHandler (ContextHandler.java:doStop(1159)) - Stopped o.e.j.s.ServletContextHandler@1a1a977f{static,/static,jar:file:/home/runner/.m2/repository/org/apache/ozone/hdds-container-service/1.4.0-SNAPSHOT/hdds-container-service-1.4.0-SNAPSHOT.jar!/webapps/static,STOPPED}
2023-09-20 15:48:31,361 [ForkJoinPool.commonPool-worker-0] INFO  handler.ContextHandler (ContextHandler.java:doStop(1159)) - Stopped o.e.j.s.ServletContextHandler@5a2266a3{logs,/logs,file:///home/runner/work/ozone/ozone/hadoop-ozone/integration-test/target/log,STOPPED}
2023-09-20 15:48:31,361 [ForkJoinPool.commonPool-worker-0] INFO  ozone.HddsDatanodeClientProtocolServer (HddsDatanodeClientProtocolServer.java:stop(78)) - Stopping the RPC server for Client Protocol
2023-09-20 15:48:31,362 [ForkJoinPool.commonPool-worker-0] INFO  ipc.Server (Server.java:stop(3523)) - Stopping server on 15028
2023-09-20 15:48:31,363 [IPC Server listener on 15028] INFO  ipc.Server (Server.java:run(1434)) - Stopping IPC Server listener on 15028
2023-09-20 15:48:31,367 [IPC Server Responder] INFO  ipc.Server (Server.java:run(1567)) - Stopping IPC Server Responder
2023-09-20 15:48:31,369 [main] INFO  ozone.MiniOzoneClusterImpl (MiniOzoneClusterImpl.java:stopSCM(543)) - Stopping the StorageContainerManager
2023-09-20 15:48:31,369 [main] INFO  server.StorageContainerManager (StorageContainerManager.java:stop(1591)) - Container Balancer is not running.
2023-09-20 15:48:31,369 [main] INFO  server.StorageContainerManager (StorageContainerManager.java:stopReplicationManager(1724)) - Stopping Replication Manager Service.
2023-09-20 15:48:31,370 [main] INFO  replication.ReplicationManager (ReplicationManager.java:stop(323)) - Stopping Replication Monitor Thread.
2023-09-20 15:48:31,370 [main] INFO  server.StorageContainerManager (StorageContainerManager.java:stop(1600)) - Stopping the Datanode Admin Monitor.
2023-09-20 15:48:31,370 [Under Replicated Processor] WARN  replication.UnhealthyReplicationProcessor (UnhealthyReplicationProcessor.java:run(180)) - Under Replicated Processor interrupted. Exiting...
2023-09-20 15:48:31,370 [main] INFO  server.StorageContainerManager (StorageContainerManager.java:stop(1607)) - Stopping datanode service RPC server
2023-09-20 15:48:31,371 [main] INFO  server.SCMDatanodeProtocolServer (SCMDatanodeProtocolServer.java:stop(424)) - Stopping the RPC server for DataNodes
2023-09-20 15:48:31,371 [main] INFO  ipc.Server (Server.java:stop(3523)) - Stopping server on 15002
2023-09-20 15:48:31,370 [ReplicationMonitor] INFO  replication.ReplicationManager (ReplicationManager.java:run(921)) - Replication Monitor Thread is stopped
2023-09-20 15:48:31,370 [Over Replicated Processor] WARN  replication.UnhealthyReplicationProcessor (UnhealthyReplicationProcessor.java:run(180)) - Over Replicated Processor interrupted. Exiting...
2023-09-20 15:48:31,375 [IPC Server Responder] INFO  ipc.Server (Server.java:run(1567)) - Stopping IPC Server Responder
2023-09-20 15:48:31,375 [IPC Server listener on 15002] INFO  ipc.Server (Server.java:run(1434)) - Stopping IPC Server listener on 15002
2023-09-20 15:48:31,376 [SCM Heartbeat Processing Thread - 0] WARN  node.NodeStateManager (NodeStateManager.java:scheduleNextHealthCheck(874)) - Current Thread is interrupted, shutting down HB processing thread for Node Manager.
2023-09-20 15:48:31,376 [main] INFO  server.StorageContainerManager (StorageContainerManager.java:stop(1615)) - Stopping block service RPC server
2023-09-20 15:48:31,376 [main] INFO  server.SCMBlockProtocolServer (SCMBlockProtocolServer.java:stop(163)) - Stopping the RPC server for Block Protocol
2023-09-20 15:48:31,376 [main] INFO  ipc.Server (Server.java:stop(3523)) - Stopping server on 15001
2023-09-20 15:48:31,377 [IPC Server listener on 15001] INFO  ipc.Server (Server.java:run(1434)) - Stopping IPC Server listener on 15001
2023-09-20 15:48:31,380 [IPC Server Responder] INFO  ipc.Server (Server.java:run(1567)) - Stopping IPC Server Responder
2023-09-20 15:48:31,380 [main] INFO  server.StorageContainerManager (StorageContainerManager.java:stop(1622)) - Stopping the StorageContainerLocationProtocol RPC server
2023-09-20 15:48:31,380 [main] INFO  server.SCMClientProtocolServer (SCMClientProtocolServer.java:stop(210)) - Stopping the RPC server for Client Protocol
2023-09-20 15:48:31,381 [main] INFO  ipc.Server (Server.java:stop(3523)) - Stopping server on 15000
2023-09-20 15:48:31,384 [IPC Server listener on 15000] INFO  ipc.Server (Server.java:run(1434)) - Stopping IPC Server listener on 15000
2023-09-20 15:48:31,384 [IPC Server Responder] INFO  ipc.Server (Server.java:run(1567)) - Stopping IPC Server Responder
2023-09-20 15:48:31,384 [main] INFO  server.StorageContainerManager (StorageContainerManager.java:stop(1629)) - Stopping Storage Container Manager HTTP server.
2023-09-20 15:48:31,385 [main] INFO  handler.ContextHandler (ContextHandler.java:doStop(1159)) - Stopped o.e.j.w.WebAppContext@19e5e846{scm,/,null,STOPPED}{file:/home/runner/work/ozone/ozone/hadoop-ozone/integration-test/target/test-classes/webapps/scm}
2023-09-20 15:48:31,387 [main] INFO  server.AbstractConnector (AbstractConnector.java:doStop(383)) - Stopped ServerConnector@5abf9a76{HTTP/1.1, (http/1.1)}{0.0.0.0:15003}
2023-09-20 15:48:31,387 [main] INFO  server.session (HouseKeeper.java:stopScavenging(149)) - node0 Stopped scavenging
2023-09-20 15:48:31,387 [main] INFO  handler.ContextHandler (ContextHandler.java:doStop(1159)) - Stopped o.e.j.s.ServletContextHandler@738da6f2{static,/static,file:///home/runner/work/ozone/ozone/hadoop-ozone/integration-test/target/test-classes/webapps/static,STOPPED}
2023-09-20 15:48:31,388 [main] INFO  handler.ContextHandler (ContextHandler.java:doStop(1159)) - Stopped o.e.j.s.ServletContextHandler@3edb09b9{logs,/logs,file:///home/runner/work/ozone/ozone/hadoop-ozone/integration-test/target/log,STOPPED}
2023-09-20 15:48:31,389 [main] INFO  server.StorageContainerManager (StorageContainerManager.java:stop(1637)) - Stopping SCM LayoutVersionManager Service.
2023-09-20 15:48:31,390 [main] INFO  server.StorageContainerManager (StorageContainerManager.java:stop(1649)) - Stopping Block Manager Service.
2023-09-20 15:48:31,390 [main] INFO  utils.BackgroundService (BackgroundService.java:shutdown(141)) - Shutting down service SCMBlockDeletingService
2023-09-20 15:48:31,390 [main] INFO  utils.BackgroundService (BackgroundService.java:shutdown(141)) - Shutting down service SCMBlockDeletingService
2023-09-20 15:48:31,391 [main] INFO  server.StorageContainerManager (StorageContainerManager.java:stop(1669)) - Stopping SCM Event Queue.
2023-09-20 15:48:31,395 [JvmPauseMonitor0] INFO  util.JvmPauseMonitor (JvmPauseMonitor.java:run(109)) - JvmPauseMonitor-ba79a87f-e6c1-4f53-9ec4-33dab2e4429c: Stopped
2023-09-20 15:48:31,395 [main] INFO  server.StorageContainerManager (StorageContainerManager.java:stop(1680)) - Stopping SCM HA services.
2023-09-20 15:48:31,396 [main] INFO  pipeline.BackgroundPipelineCreator (BackgroundPipelineCreator.java:stop(149)) - Stopping RatisPipelineUtilsThread.
2023-09-20 15:48:31,396 [RatisPipelineUtilsThread - 0] WARN  pipeline.BackgroundPipelineCreator (BackgroundPipelineCreator.java:run(180)) - RatisPipelineUtilsThread is interrupted.
2023-09-20 15:48:31,398 [main] INFO  BackgroundPipelineScrubber (BackgroundSCMService.java:stop(131)) - Stopping BackgroundPipelineScrubber Service.
2023-09-20 15:48:31,399 [BackgroundPipelineScrubberThread] WARN  BackgroundPipelineScrubber (BackgroundSCMService.java:run(115)) - BackgroundPipelineScrubber is interrupted, exit
2023-09-20 15:48:31,400 [main] INFO  impl.MetricsSystemImpl (MetricsSystemImpl.java:stop(210)) - Stopping XceiverClientMetrics metrics system...
2023-09-20 15:48:31,402 [prometheus] INFO  impl.MetricsSinkAdapter (MetricsSinkAdapter.java:publishMetricsFromQueue(141)) - prometheus thread interrupted.
2023-09-20 15:48:31,402 [main] INFO  impl.MetricsSystemImpl (MetricsSystemImpl.java:stop(216)) - XceiverClientMetrics metrics system stopped.
2023-09-20 15:48:31,403 [main] WARN  pipeline.BackgroundPipelineCreator (BackgroundPipelineCreator.java:stop(145)) - RatisPipelineUtilsThread is not running, just ignore.
2023-09-20 15:48:31,403 [main] INFO  BackgroundPipelineScrubber (BackgroundSCMService.java:stop(126)) - BackgroundPipelineScrubber Service is not running, skip stop.
2023-09-20 15:48:31,403 [ExpiredContainerReplicaOpScrubberThread] WARN  ExpiredContainerReplicaOpScrubber (BackgroundSCMService.java:run(115)) - ExpiredContainerReplicaOpScrubber is interrupted, exit
2023-09-20 15:48:31,404 [main] INFO  ExpiredContainerReplicaOpScrubber (BackgroundSCMService.java:stop(131)) - Stopping ExpiredContainerReplicaOpScrubber Service.
2023-09-20 15:48:31,404 [main] INFO  utils.BackgroundService (BackgroundService.java:shutdown(141)) - Shutting down service SCMBlockDeletingService
2023-09-20 15:48:31,404 [main] INFO  replication.ReplicationManager (ReplicationManager.java:stop(333)) - Replication Monitor Thread is not running.
2023-09-20 15:48:31,404 [main] WARN  balancer.ContainerBalancer (ContainerBalancer.java:stop(326)) - Cannot stop Container Balancer because it's not running or stopping
2023-09-20 15:48:31,405 [Lease Manager-LeaseManager#LeaseMonitor] WARN  lease.LeaseManager (LeaseManager.java:run(272)) - Lease manager is interrupted. Shutting down...
java.lang.InterruptedException
	at java.util.concurrent.locks.AbstractQueuedSynchronizer.doAcquireSharedNanos(AbstractQueuedSynchronizer.java:1039)
	at java.util.concurrent.locks.AbstractQueuedSynchronizer.tryAcquireSharedNanos(AbstractQueuedSynchronizer.java:1328)
	at java.util.concurrent.Semaphore.tryAcquire(Semaphore.java:409)
	at org.apache.hadoop.ozone.lease.LeaseManager$LeaseMonitor.run(LeaseManager.java:270)
	at java.lang.Thread.run(Thread.java:750)
2023-09-20 15:48:31,405 [main] INFO  server.StorageContainerManager (StorageContainerManager.java:stop(1715)) - Stopping SCM MetadataStore.
]]></system-out>
  </testcase>
  <testcase name="testSnapshotSplitAndMove" classname="org.apache.hadoop.ozone.om.TestSnapshotDeletingService" time="67.255">
    <system-out><![CDATA[2023-09-20 15:48:31,589 [main] WARN  server.ServerUtils (ServerUtils.java:getScmDbDir(155)) - ozone.scm.db.dirs is not configured. We recommend adding this setting. Falling back to ozone.metadata.dirs instead.
2023-09-20 15:48:31,593 [main] WARN  server.ServerUtils (ServerUtils.java:getScmDbDir(155)) - ozone.scm.db.dirs is not configured. We recommend adding this setting. Falling back to ozone.metadata.dirs instead.
2023-09-20 15:48:31,594 [main] INFO  ha.SCMHANodeDetails (SCMHANodeDetails.java:loadSCMHAConfig(210)) - ServiceID for StorageContainerManager is null
2023-09-20 15:48:31,594 [main] INFO  ha.SCMHANodeDetails (SCMHANodeDetails.java:loadSCMHAConfig(215)) - ozone.scm.default.service.id is not defined, falling back to ozone.scm.service.ids to find serviceID for StorageContainerManager if it is HA enabled cluster
2023-09-20 15:48:31,595 [main] WARN  utils.HAUtils (HAUtils.java:getMetaDir(339)) - ozone.scm.db.dirs is not configured. We recommend adding this setting. Falling back to ozone.metadata.dirs instead.
2023-09-20 15:48:31,595 [main] WARN  db.DBStoreBuilder (DBStoreBuilder.java:applyDBDefinition(166)) - ozone.scm.db.dirs is not configured. We recommend adding this setting. Falling back to ozone.metadata.dirs instead.
2023-09-20 15:48:31,744 [main] INFO  net.NodeSchemaLoader (NodeSchemaLoader.java:loadSchemaFromFile(129)) - Loading schema from [jar:file:/home/runner/.m2/repository/org/apache/ozone/hdds-common/1.4.0-SNAPSHOT/hdds-common-1.4.0-SNAPSHOT.jar!/network-topology-default.xml]
2023-09-20 15:48:31,745 [main] INFO  net.NodeSchemaLoader (NodeSchemaLoader.java:loadSchema(176)) - Loading network topology layer schema file
2023-09-20 15:48:31,748 [main] INFO  upgrade.AbstractLayoutVersionManager (AbstractLayoutVersionManager.java:init(83)) - Initializing Layout version manager with metadata layout = HADOOP_PRC_PORTS_IN_DATANODEDETAILS (version = 7), software layout = HADOOP_PRC_PORTS_IN_DATANODEDETAILS (version = 7)
2023-09-20 15:48:31,753 [main] INFO  ha.SequenceIdGenerator (SequenceIdGenerator.java:upgradeToSequenceId(365)) - upgrade localId to 111677748019200000
2023-09-20 15:48:31,755 [main] INFO  ha.SequenceIdGenerator (SequenceIdGenerator.java:upgradeToSequenceId(375)) - upgrade delTxnId to 0
2023-09-20 15:48:31,756 [main] INFO  ha.SequenceIdGenerator (SequenceIdGenerator.java:upgradeToSequenceId(392)) - upgrade containerId to 0
2023-09-20 15:48:31,758 [main] INFO  ha.SequenceIdGenerator (SequenceIdGenerator.java:upgradeToSequenceId(428)) - upgrade rootCertificateId to 1
2023-09-20 15:48:31,758 [main] INFO  ha.SequenceIdGenerator (SequenceIdGenerator.java:<init>(236)) - Init the HA SequenceIdGenerator.
2023-09-20 15:48:31,758 [main] WARN  server.ServerUtils (ServerUtils.java:sanitizeUserArgs(80)) - ozone.scm.stale.node.interval value = 300000 is larger than max = 100000 based on the key value of ozone.scm.heartbeat.thread.interval, reset to the max value 100000.
2023-09-20 15:48:31,758 [main] WARN  server.ServerUtils (ServerUtils.java:sanitizeUserArgs(80)) - ozone.scm.stale.node.interval value = 300000 is larger than max = 100000 based on the key value of ozone.scm.heartbeat.thread.interval, reset to the max value 100000.
2023-09-20 15:48:31,761 [main] INFO  node.SCMNodeManager (SCMNodeManager.java:<init>(157)) - Entering startup safe mode.
2023-09-20 15:48:31,761 [main] INFO  algorithms.ContainerPlacementPolicyFactory (ContainerPlacementPolicyFactory.java:getPolicyInternal(86)) - Create container placement policy of type org.apache.hadoop.hdds.scm.container.placement.algorithms.SCMContainerPlacementRackAware
2023-09-20 15:48:31,761 [main] INFO  algorithms.ContainerPlacementPolicyFactory (ContainerPlacementPolicyFactory.java:getPolicyInternal(86)) - Create container placement policy of type org.apache.hadoop.hdds.scm.container.placement.algorithms.SCMContainerPlacementRackScatter
2023-09-20 15:48:31,762 [main] INFO  pipeline.PipelineStateManagerImpl (PipelineStateManagerImpl.java:initialize(78)) - No pipeline exists in current db
2023-09-20 15:48:31,762 [main] INFO  algorithms.LeaderChoosePolicyFactory (LeaderChoosePolicyFactory.java:getPolicy(57)) - Create leader choose policy of type org.apache.hadoop.hdds.scm.pipeline.leader.choose.algorithms.MinLeaderCountChoosePolicy
2023-09-20 15:48:31,762 [main] INFO  algorithms.ContainerPlacementPolicyFactory (ContainerPlacementPolicyFactory.java:getPolicyInternal(86)) - Create container placement policy of type org.apache.hadoop.hdds.scm.container.placement.algorithms.SCMContainerPlacementRackScatter
2023-09-20 15:48:31,763 [main] INFO  ha.SCMServiceManager (SCMServiceManager.java:register(42)) - Registering service BackgroundPipelineCreator.
2023-09-20 15:48:31,763 [main] INFO  pipeline.BackgroundPipelineCreator (BackgroundPipelineCreator.java:start(124)) - Starting RatisPipelineUtilsThread.
2023-09-20 15:48:31,774 [main] INFO  BackgroundPipelineScrubber (BackgroundSCMService.java:start(68)) - Starting BackgroundPipelineScrubber Service.
2023-09-20 15:48:31,778 [main] INFO  ha.SCMServiceManager (SCMServiceManager.java:register(42)) - Registering service BackgroundPipelineScrubber.
2023-09-20 15:48:31,779 [main] INFO  ExpiredContainerReplicaOpScrubber (BackgroundSCMService.java:start(68)) - Starting ExpiredContainerReplicaOpScrubber Service.
2023-09-20 15:48:31,782 [main] INFO  ha.SCMServiceManager (SCMServiceManager.java:register(42)) - Registering service ExpiredContainerReplicaOpScrubber.
2023-09-20 15:48:31,784 [main] INFO  algorithms.PipelineChoosePolicyFactory (PipelineChoosePolicyFactory.java:createPipelineChoosePolicyFromClass(78)) - Create pipeline choose policy of type org.apache.hadoop.hdds.scm.pipeline.choose.algorithms.RandomPipelineChoosePolicy
2023-09-20 15:48:31,784 [main] INFO  algorithms.PipelineChoosePolicyFactory (PipelineChoosePolicyFactory.java:createPipelineChoosePolicyFromClass(78)) - Create pipeline choose policy of type org.apache.hadoop.hdds.scm.pipeline.choose.algorithms.RandomPipelineChoosePolicy
2023-09-20 15:48:31,785 [main] INFO  ha.SCMServiceManager (SCMServiceManager.java:register(42)) - Registering service SCMBlockDeletingService.
2023-09-20 15:48:31,786 [main] INFO  replication.ReplicationManager (ReplicationManager.java:start(291)) - Starting Replication Monitor Thread.
2023-09-20 15:48:31,791 [main] INFO  ha.SCMServiceManager (SCMServiceManager.java:register(42)) - Registering service ReplicationManager.
2023-09-20 15:48:31,791 [main] INFO  safemode.ContainerSafeModeRule (ContainerSafeModeRule.java:<init>(90)) - containers with one replica threshold count 0
2023-09-20 15:48:31,792 [main] INFO  safemode.HealthyPipelineSafeModeRule (HealthyPipelineSafeModeRule.java:initializeRule(169)) - Total pipeline count is 0, healthy pipeline threshold count is 1
2023-09-20 15:48:31,792 [main] INFO  safemode.OneReplicaPipelineSafeModeRule (OneReplicaPipelineSafeModeRule.java:initializeRule(180)) - Total pipeline count is 0, pipeline's with at least one datanode reported threshold count is 0
2023-09-20 15:48:31,793 [main] INFO  server.StorageContainerManager (StorageContainerManager.java:<init>(425)) - SCM start with adminUsers: [runner]
2023-09-20 15:48:31,793 [main] INFO  ipc.CallQueueManager (CallQueueManager.java:<init>(90)) - Using callQueue: class java.util.concurrent.LinkedBlockingQueue, queueCapacity: 2000, scheduler: class org.apache.hadoop.ipc.DefaultRpcScheduler, ipcBackoff: false.
2023-09-20 15:48:31,794 [main] INFO  ipc.Server (Server.java:<init>(1287)) - Listener at 0.0.0.0:15037
2023-09-20 15:48:31,794 [Socket Reader #1 for port 15037] INFO  ipc.Server (Server.java:run(1323)) - Starting Socket Reader #1 for port 15037
2023-09-20 15:48:31,796 [main] INFO  ipc.CallQueueManager (CallQueueManager.java:<init>(90)) - Using callQueue: class java.util.concurrent.LinkedBlockingQueue, queueCapacity: 2000, scheduler: class org.apache.hadoop.ipc.DefaultRpcScheduler, ipcBackoff: false.
2023-09-20 15:48:31,796 [main] INFO  ipc.Server (Server.java:<init>(1287)) - Listener at 0.0.0.0:15036
2023-09-20 15:48:31,796 [Socket Reader #1 for port 15036] INFO  ipc.Server (Server.java:run(1323)) - Starting Socket Reader #1 for port 15036
2023-09-20 15:48:31,797 [main] INFO  ipc.CallQueueManager (CallQueueManager.java:<init>(90)) - Using callQueue: class java.util.concurrent.LinkedBlockingQueue, queueCapacity: 2000, scheduler: class org.apache.hadoop.ipc.DefaultRpcScheduler, ipcBackoff: false.
2023-09-20 15:48:31,798 [main] INFO  ipc.Server (Server.java:<init>(1287)) - Listener at 0.0.0.0:15035
2023-09-20 15:48:31,798 [Socket Reader #1 for port 15035] INFO  ipc.Server (Server.java:run(1323)) - Starting Socket Reader #1 for port 15035
2023-09-20 15:48:31,803 [ReplicationMonitor] INFO  replication.ReplicationManager (ReplicationManager.java:processAll(365)) - Replication Manager is not ready to run until 3000ms after safemode exit
2023-09-20 15:48:31,806 [main] INFO  ha.SCMServiceManager (SCMServiceManager.java:register(42)) - Registering service ContainerBalancer.
2023-09-20 15:48:31,807 [main] INFO  server.StorageContainerManager (StorageContainerManager.java:<init>(438)) - 
Container Balancer status:
Key                            Value
Running                        false
Container Balancer Configuration values:
Key                                                Value
Threshold                                          10
Max Datanodes to Involve per Iteration(percent)    20
Max Size to Move per Iteration                     500GB
Max Size Entering Target per Iteration             26GB
Max Size Leaving Source per Iteration              26GB
Number of Iterations                               10
Time Limit for Single Container's Movement         65min
Time Limit for Single Container's Replication      50min
Interval between each Iteration                    70min
Whether to Enable Network Topology                 false
Whether to Trigger Refresh Datanode Usage Info     false
Container IDs to Exclude from Balancing            None
Datanodes Specified to be Balanced                 None
Datanodes Excluded from Balancing                  None

2023-09-20 15:48:31,807 [main] INFO  ha.SCMContext (SCMContext.java:updateSafeModeStatus(228)) - Update SafeModeStatus from SafeModeStatus{safeModeStatus=true, preCheckPassed=false} to SafeModeStatus{safeModeStatus=true, preCheckPassed=false}.
2023-09-20 15:48:31,808 [main] INFO  server.StorageContainerManager (StorageContainerManager.java:start(1483)) - StorageContainerLocationProtocol RPC server is listening at /0.0.0.0:15035
2023-09-20 15:48:31,811 [main] WARN  impl.MetricsConfig (MetricsConfig.java:loadFirst(136)) - Cannot locate configuration: tried hadoop-metrics2-storagecontainermanager.properties,hadoop-metrics2.properties
2023-09-20 15:48:31,812 [main] INFO  impl.MetricsSystemImpl (MetricsSystemImpl.java:startTimer(378)) - Scheduled Metric snapshot period at 10 second(s).
2023-09-20 15:48:31,812 [main] INFO  impl.MetricsSystemImpl (MetricsSystemImpl.java:start(191)) - StorageContainerManager metrics system started
2023-09-20 15:48:31,837 [main] INFO  impl.MetricsSinkAdapter (MetricsSinkAdapter.java:start(204)) - Sink prometheus started
2023-09-20 15:48:31,842 [main] INFO  impl.MetricsSystemImpl (MetricsSystemImpl.java:registerSink(305)) - Registered sink prometheus
2023-09-20 15:48:31,865 [main] INFO  server.SCMClientProtocolServer (SCMClientProtocolServer.java:start(201)) - RPC server for Client  is listening at /0.0.0.0:15035
2023-09-20 15:48:31,865 [IPC Server Responder] INFO  ipc.Server (Server.java:run(1562)) - IPC Server Responder: starting
2023-09-20 15:48:31,866 [IPC Server listener on 15035] INFO  ipc.Server (Server.java:run(1402)) - IPC Server listener on 15035: starting
2023-09-20 15:48:31,869 [main] INFO  server.StorageContainerManager (StorageContainerManager.java:start(1496)) - ScmBlockLocationProtocol RPC server is listening at /0.0.0.0:15036
2023-09-20 15:48:31,869 [main] INFO  server.SCMBlockProtocolServer (SCMBlockProtocolServer.java:start(154)) - RPC server for Block Protocol is listening at /0.0.0.0:15036
2023-09-20 15:48:31,870 [IPC Server Responder] INFO  ipc.Server (Server.java:run(1562)) - IPC Server Responder: starting
2023-09-20 15:48:31,870 [IPC Server listener on 15036] INFO  ipc.Server (Server.java:run(1402)) - IPC Server listener on 15036: starting
2023-09-20 15:48:31,883 [main] INFO  server.SCMDatanodeProtocolServer (SCMDatanodeProtocolServer.java:start(193)) - ScmDatanodeProtocol RPC server for DataNodes is listening at /0.0.0.0:15037
2023-09-20 15:48:31,885 [IPC Server Responder] INFO  ipc.Server (Server.java:run(1562)) - IPC Server Responder: starting
2023-09-20 15:48:31,885 [IPC Server listener on 15037] INFO  ipc.Server (Server.java:run(1402)) - IPC Server listener on 15037: starting
2023-09-20 15:48:31,896 [JvmPauseMonitor5] INFO  util.JvmPauseMonitor (JvmPauseMonitor.java:run(103)) - JvmPauseMonitor-5ba28100-0417-4eb5-988a-19b4f51d77c0: Started
2023-09-20 15:48:31,896 [main] INFO  http.BaseHttpServer (BaseHttpServer.java:newHttpServer2BuilderForOzone(223)) - Starting Web-server for scm at: http://0.0.0.0:15038
2023-09-20 15:48:31,896 [main] INFO  http.BaseHttpServer (BaseHttpServer.java:<init>(110)) - Hadoop Security Enabled: false Ozone Security Enabled: false Ozone HTTP Security Enabled: false 
2023-09-20 15:48:31,899 [main] WARN  server.AuthenticationFilter (AuthenticationFilter.java:constructSecretProvider(240)) - Unable to initialize FileSignerSecretProvider, falling back to use random secrets. Reason: Could not read signature secret file: /home/runner/hadoop-http-auth-signature-secret
2023-09-20 15:48:31,900 [main] INFO  http.HttpRequestLog (HttpRequestLog.java:getRequestLog(86)) - Http request log for http.requests.scm is not defined
2023-09-20 15:48:31,902 [main] INFO  http.HttpServer2 (HttpServer2.java:addGlobalFilter(1031)) - Added global filter 'safety' (class=org.apache.hadoop.hdds.server.http.HttpServer2$QuotingInputFilter)
2023-09-20 15:48:31,905 [main] INFO  http.HttpServer2 (HttpServer2.java:addFilter(1007)) - Added filter static_user_filter (class=org.apache.hadoop.http.lib.StaticUserWebFilter$StaticUserFilter) to context scm
2023-09-20 15:48:31,906 [main] INFO  http.HttpServer2 (HttpServer2.java:addFilter(1015)) - Added filter static_user_filter (class=org.apache.hadoop.http.lib.StaticUserWebFilter$StaticUserFilter) to context logs
2023-09-20 15:48:31,906 [main] INFO  http.HttpServer2 (HttpServer2.java:addFilter(1015)) - Added filter static_user_filter (class=org.apache.hadoop.http.lib.StaticUserWebFilter$StaticUserFilter) to context static
2023-09-20 15:48:31,907 [main] INFO  http.BaseHttpServer (BaseHttpServer.java:<init>(189)) - HTTP server of scm uses base directory /home/runner/work/ozone/ozone/hadoop-ozone/integration-test/target/test-dir/MiniOzoneClusterImpl-38a365bd-16d9-45d9-a84a-b01271e6c83a/ozone-meta/webserver
2023-09-20 15:48:31,907 [main] INFO  http.HttpServer2 (HttpServer2.java:bindListener(1231)) - Jetty bound to port 15038
2023-09-20 15:48:31,908 [main] INFO  server.Server (Server.java:doStart(375)) - jetty-9.4.52.v20230823; built: 2023-08-23T19:29:37.669Z; git: abdcda73818a1a2c705da276edb0bf6581e7997e; jvm 1.8.0_382-b05
2023-09-20 15:48:31,913 [main] INFO  server.session (DefaultSessionIdManager.java:doStart(334)) - DefaultSessionIdManager workerName=node0
2023-09-20 15:48:31,913 [main] INFO  server.session (DefaultSessionIdManager.java:doStart(339)) - No SessionScavenger set, using defaults
2023-09-20 15:48:31,914 [main] INFO  server.session (HouseKeeper.java:startScavenging(132)) - node0 Scavenging every 660000ms
2023-09-20 15:48:31,915 [main] INFO  handler.ContextHandler (ContextHandler.java:doStart(921)) - Started o.e.j.s.ServletContextHandler@6f22b35e{logs,/logs,file:///home/runner/work/ozone/ozone/hadoop-ozone/integration-test/target/log,AVAILABLE}
2023-09-20 15:48:31,916 [main] INFO  handler.ContextHandler (ContextHandler.java:doStart(921)) - Started o.e.j.s.ServletContextHandler@20bbc924{static,/static,file:///home/runner/work/ozone/ozone/hadoop-ozone/integration-test/target/test-classes/webapps/static,AVAILABLE}
2023-09-20 15:48:31,920 [main] INFO  handler.ContextHandler (ContextHandler.java:doStart(921)) - Started o.e.j.w.WebAppContext@1798d65c{scm,/,file:///home/runner/work/ozone/ozone/hadoop-ozone/integration-test/target/test-classes/webapps/scm/,AVAILABLE}{file:/home/runner/work/ozone/ozone/hadoop-ozone/integration-test/target/test-classes/webapps/scm}
2023-09-20 15:48:31,928 [main] INFO  server.AbstractConnector (AbstractConnector.java:doStart(333)) - Started ServerConnector@1777d3eb{HTTP/1.1, (http/1.1)}{0.0.0.0:15038}
2023-09-20 15:48:31,929 [main] INFO  server.Server (Server.java:doStart(415)) - Started @137475ms
2023-09-20 15:48:31,929 [main] WARN  impl.MetricsSystemImpl (MetricsSystemImpl.java:register(279)) - Sink prometheus already exists!
2023-09-20 15:48:31,930 [main] INFO  http.BaseHttpServer (BaseHttpServer.java:updateConnectorAddress(354)) - HTTP server of scm listening at http://0.0.0.0:15038
2023-09-20 15:48:31,931 [main] WARN  server.ServerUtils (ServerUtils.java:getDBPath(311)) - ozone.om.db.dirs is not configured. We recommend adding this setting. Falling back to ozone.metadata.dirs instead.
2023-09-20 15:48:31,933 [main] INFO  ha.OMHANodeDetails (OMHANodeDetails.java:loadOMHAConfig(115)) - ozone.om.internal.service.id is not defined, falling back to ozone.om.service.ids to find serviceID for OzoneManager if it is HA enabled cluster
2023-09-20 15:48:31,933 [main] INFO  ha.OMHANodeDetails (OMHANodeDetails.java:loadOMHAConfig(226)) - Configuration does not have ozone.om.address set. Falling back to the default OM address /127.0.0.1:15039
2023-09-20 15:48:31,934 [main] INFO  ha.OMHANodeDetails (OMHANodeDetails.java:getOMNodeDetailsForNonHA(254)) - OM Service ID is not set. Setting it to the default ID: omServiceIdDefault
2023-09-20 15:48:31,934 [main] INFO  ha.OMHANodeDetails (OMHANodeDetails.java:getOMNodeDetailsForNonHA(261)) - OM Node ID is not set. Setting it to the default ID: om1
2023-09-20 15:48:31,935 [main] WARN  server.ServerUtils (ServerUtils.java:getDBPath(311)) - ozone.om.db.dirs is not configured. We recommend adding this setting. Falling back to ozone.metadata.dirs instead.
2023-09-20 15:48:31,936 [main] INFO  upgrade.AbstractLayoutVersionManager (AbstractLayoutVersionManager.java:init(83)) - Initializing Layout version manager with metadata layout = QUOTA (version = 6), software layout = QUOTA (version = 6)
2023-09-20 15:48:32,120 [main] INFO  reflections.Reflections (Reflections.java:scan(232)) - Reflections took 182 ms to scan 2 urls, producing 187 keys and 515 values [using 2 cores]
2023-09-20 15:48:32,121 [main] INFO  upgrade.OMLayoutVersionManager (OMLayoutVersionManager.java:lambda$0(115)) - Skipping Upgrade Action QuotaRepairUpgradeAction since it has been finalized.
2023-09-20 15:48:32,121 [main] INFO  upgrade.OMLayoutVersionManager (OMLayoutVersionManager.java:lambda$0(115)) - Skipping Upgrade Action MockOmUpgradeAction since it has been finalized.
2023-09-20 15:48:32,121 [main] WARN  server.ServerUtils (ServerUtils.java:getDBPath(311)) - ozone.om.db.dirs is not configured. We recommend adding this setting. Falling back to ozone.metadata.dirs instead.
2023-09-20 15:48:32,123 [main] INFO  proxy.SCMBlockLocationFailoverProxyProvider (SCMBlockLocationFailoverProxyProvider.java:<init>(114)) - Created block location fail-over proxy with 1 nodes: [nodeId=scmNodeId,nodeAddress=/0.0.0.0:15036]
2023-09-20 15:48:32,125 [main] INFO  proxy.SCMBlockLocationFailoverProxyProvider (SCMBlockLocationFailoverProxyProvider.java:<init>(114)) - Created block location fail-over proxy with 1 nodes: [nodeId=scmNodeId,nodeAddress=/0.0.0.0:15036]
2023-09-20 15:48:32,150 [main] INFO  om.OzoneManager (OzoneManager.java:<init>(665)) - OM start with adminUsers: [runner]
2023-09-20 15:48:32,152 [main] WARN  server.ServerUtils (ServerUtils.java:getDBPath(311)) - ozone.om.db.dirs is not configured. We recommend adding this setting. Falling back to ozone.metadata.dirs instead.
2023-09-20 15:48:32,153 [main] INFO  helpers.OmKeyInfo (OmKeyInfo.java:getCodec(71)) - OmKeyInfo.getCodec ignorePipeline = true
2023-09-20 15:48:32,457 [main] INFO  om.OzoneManager (OzoneManager.java:instantiateServices(794)) - S3 Multi-Tenancy is disabled
2023-09-20 15:48:32,458 [main] INFO  om.OmSnapshotManager (OmSnapshotManager.java:<init>(174)) - Ozone filesystem snapshot feature is enabled.
2023-09-20 15:48:32,460 [main] WARN  server.ServerUtils (ServerUtils.java:getDBPath(311)) - ozone.om.snapshot.diff.db.dir is not configured. We recommend adding this setting. Falling back to ozone.metadata.dirs instead.
2023-09-20 15:48:32,492 [main] INFO  snapshot.SnapshotDiffManager (SnapshotDiffManager.java:closeExecutorService(1718)) - Shutting down executorService: 'SstDumpToolExecutor'
2023-09-20 15:48:32,495 [main] INFO  om.OzoneManager (OzoneManager.java:addS3GVolumeToDB(4305)) - Created Volume s3v With Owner runner required for S3Gateway operations.
2023-09-20 15:48:32,495 [main] WARN  server.ServerUtils (ServerUtils.java:getDefaultRatisDirectory(323)) - Storage directory for Ratis is not configured. It is a good idea to map this to an SSD disk. Falling back to ozone.metadata.dirs
2023-09-20 15:48:32,496 [main] WARN  utils.OzoneManagerRatisUtils (OzoneManagerRatisUtils.java:getOMRatisSnapshotDirectory(464)) - ozone.om.ratis.snapshot.dir is not configured. Falling back to ozone.metadata.dirs config
2023-09-20 15:48:32,496 [main] WARN  server.ServerUtils (ServerUtils.java:getDefaultRatisDirectory(323)) - Storage directory for Ratis is not configured. It is a good idea to map this to an SSD disk. Falling back to ozone.metadata.dirs
2023-09-20 15:48:32,498 [main] INFO  ratis.OzoneManagerRatisServer (OzoneManagerRatisServer.java:<init>(163)) - Instantiating OM Ratis server with groupID: omServiceIdDefault and peers: localhost:15042
2023-09-20 15:48:32,498 [main] INFO  ratis.OzoneManagerStateMachine (OzoneManagerStateMachine.java:loadSnapshotInfoFromDB(687)) - LastAppliedIndex is set from TransactionInfo from OM DB as (t:0, i:~)
2023-09-20 15:48:32,498 [main] INFO  server.RaftServer (ConfUtils.java:logGet(46)) - raft.rpc.type = GRPC (default)
2023-09-20 15:48:32,499 [main] INFO  grpc.GrpcConfigKeys (ConfUtils.java:logFallback(53)) - raft.grpc.admin.host = null (fallback to raft.grpc.server.host)
2023-09-20 15:48:32,499 [main] INFO  grpc.GrpcConfigKeys (ConfUtils.java:logFallback(53)) - raft.grpc.admin.port = 15042 (fallback to raft.grpc.server.port)
2023-09-20 15:48:32,499 [main] INFO  grpc.GrpcConfigKeys (ConfUtils.java:logFallback(53)) - raft.grpc.client.host = null (fallback to raft.grpc.server.host)
2023-09-20 15:48:32,499 [main] INFO  grpc.GrpcConfigKeys (ConfUtils.java:logFallback(53)) - raft.grpc.client.port = 15042 (fallback to raft.grpc.server.port)
2023-09-20 15:48:32,499 [main] INFO  grpc.GrpcConfigKeys (ConfUtils.java:logGet(46)) - raft.grpc.server.host = null (default)
2023-09-20 15:48:32,500 [main] INFO  grpc.GrpcConfigKeys (ConfUtils.java:logGet(46)) - raft.grpc.server.port = 15042 (custom)
2023-09-20 15:48:32,500 [main] INFO  server.GrpcService (ConfUtils.java:logGet(46)) - raft.grpc.message.size.max = 33554432 (custom)
2023-09-20 15:48:32,500 [main] INFO  server.RaftServerConfigKeys (ConfUtils.java:logGet(46)) - raft.server.log.appender.buffer.byte-limit = 33554432 (custom)
2023-09-20 15:48:32,500 [main] INFO  server.GrpcService (ConfUtils.java:logGet(46)) - raft.grpc.flow.control.window = 1MB (=1048576) (default)
2023-09-20 15:48:32,501 [main] INFO  server.RaftServerConfigKeys (ConfUtils.java:logGet(46)) - raft.server.rpc.request.timeout = 3000ms (default)
2023-09-20 15:48:32,501 [main] INFO  grpc.GrpcConfigKeys (ConfUtils.java:logGet(46)) - raft.grpc.server.heartbeat.channel = true (default)
2023-09-20 15:48:32,501 [main] INFO  grpc.GrpcConfigKeys (ConfUtils.java:logGet(46)) - raft.grpc.server.async.request.thread.pool.cached = true (default)
2023-09-20 15:48:32,501 [main] INFO  grpc.GrpcConfigKeys (ConfUtils.java:logGet(46)) - raft.grpc.server.async.request.thread.pool.size = 32 (default)
2023-09-20 15:48:32,503 [main] INFO  impl.DataStreamServerImpl (ConfUtils.java:logGet(46)) - raft.datastream.type = DISABLED (default)
2023-09-20 15:48:32,504 [main] INFO  server.RaftServerConfigKeys (ConfUtils.java:logGet(46)) - raft.server.threadpool.proxy.cached = true (default)
2023-09-20 15:48:32,504 [main] INFO  server.RaftServerConfigKeys (ConfUtils.java:logGet(46)) - raft.server.threadpool.proxy.size = 0 (default)
2023-09-20 15:48:32,505 [main] INFO  server.RaftServerConfigKeys (ConfUtils.java:logGet(46)) - raft.server.rpc.slowness.timeout = 120s (custom)
2023-09-20 15:48:32,506 [main] INFO  server.RaftServerConfigKeys (ConfUtils.java:logGet(46)) - raft.server.leaderelection.leader.step-down.wait-time = 10s (default)
2023-09-20 15:48:32,506 [main] INFO  server.RaftServerConfigKeys (ConfUtils.java:logGet(46)) - raft.server.storage.dir = [/home/runner/work/ozone/ozone/hadoop-ozone/integration-test/target/test-dir/MiniOzoneClusterImpl-38a365bd-16d9-45d9-a84a-b01271e6c83a/ozone-meta/ratis] (custom)
2023-09-20 15:48:32,507 [main] INFO  server.RaftServer (RaftServerProxy.java:addNew(98)) - om1: addNew group-C5BA1605619E:[om1|rpc:localhost:15042|priority:0|startupRole:FOLLOWER] returns group-C5BA1605619E:java.util.concurrent.CompletableFuture@2181b8ad[Not completed]
2023-09-20 15:48:32,507 [main] INFO  om.OzoneManager (OzoneManager.java:initializeRatisServer(2148)) - OzoneManager Ratis server initialized at port 15042
2023-09-20 15:48:32,507 [om1-groupManagement] INFO  server.RaftServer$Division (RaftServerImpl.java:<init>(198)) - om1: new RaftServerImpl for group-C5BA1605619E:[om1|rpc:localhost:15042|priority:0|startupRole:FOLLOWER] with OzoneManagerStateMachine:uninitialized
2023-09-20 15:48:32,508 [main] INFO  om.OzoneManager (OzoneManager.java:getRpcServer(1196)) - Creating RPC Server
2023-09-20 15:48:32,508 [om1-groupManagement] INFO  server.RaftServerConfigKeys (ConfUtils.java:logGet(46)) - raft.server.rpc.timeout.min = 1s (custom)
2023-09-20 15:48:32,508 [om1-groupManagement] INFO  server.RaftServerConfigKeys (ConfUtils.java:logGet(46)) - raft.server.rpc.timeout.max = 1200ms (custom)
2023-09-20 15:48:32,508 [om1-groupManagement] INFO  server.RaftServerConfigKeys (ConfUtils.java:logGet(46)) - raft.server.rpc.sleep.time = 25ms (default)
2023-09-20 15:48:32,508 [om1-groupManagement] INFO  server.RaftServerConfigKeys (ConfUtils.java:logGet(46)) - raft.server.rpc.slowness.timeout = 120s (custom)
2023-09-20 15:48:32,508 [om1-groupManagement] INFO  server.RaftServerConfigKeys (ConfUtils.java:logGet(46)) - raft.server.leaderelection.leader.step-down.wait-time = 10s (default)
2023-09-20 15:48:32,508 [om1-groupManagement] INFO  server.RaftServerConfigKeys (ConfUtils.java:logGet(46)) - raft.server.sleep.deviation.threshold = 300ms (default)
2023-09-20 15:48:32,509 [om1-groupManagement] INFO  server.RaftServer$Division (ServerState.java:<init>(120)) - om1@group-C5BA1605619E: ConfigurationManager, init=-1: peers:[om1|rpc:localhost:15042|priority:0|startupRole:FOLLOWER]|listeners:[], old=null, confs=<EMPTY_MAP>
2023-09-20 15:48:32,509 [om1-groupManagement] INFO  server.RaftServerConfigKeys (ConfUtils.java:logGet(46)) - raft.server.storage.dir = [/home/runner/work/ozone/ozone/hadoop-ozone/integration-test/target/test-dir/MiniOzoneClusterImpl-38a365bd-16d9-45d9-a84a-b01271e6c83a/ozone-meta/ratis] (custom)
2023-09-20 15:48:32,509 [om1-groupManagement] INFO  server.RaftServerConfigKeys (ConfUtils.java:logGet(46)) - raft.server.log.corruption.policy = EXCEPTION (default)
2023-09-20 15:48:32,509 [om1-groupManagement] INFO  server.RaftServerConfigKeys (ConfUtils.java:logGet(46)) - raft.server.storage.free-space.min = 0MB (=0) (default)
2023-09-20 15:48:32,509 [om1-groupManagement] INFO  server.RaftServerConfigKeys (ConfUtils.java:logGet(46)) - raft.server.notification.no-leader.timeout = 120s (custom)
2023-09-20 15:48:32,509 [om1-groupManagement] INFO  server.RaftServerConfigKeys (ConfUtils.java:logGet(46)) - raft.server.read.timeout = 10s (default)
2023-09-20 15:48:32,509 [om1-groupManagement] INFO  server.RaftServerConfigKeys (ConfUtils.java:logGet(46)) - raft.server.retrycache.expirytime = 300s (custom)
2023-09-20 15:48:32,510 [om1-groupManagement] INFO  server.RaftServerConfigKeys (ConfUtils.java:logGet(46)) - raft.server.retrycache.statistics.expirytime = 100μs (default)
2023-09-20 15:48:32,510 [om1-groupManagement] INFO  server.RaftServerConfigKeys (ConfUtils.java:logGet(46)) - raft.server.read.option = DEFAULT (default)
2023-09-20 15:48:32,511 [om1-groupManagement] INFO  server.RaftServerConfigKeys (ConfUtils.java:logGet(46)) - raft.server.rpc.request.timeout = 3000ms (default)
2023-09-20 15:48:32,511 [om1-groupManagement] INFO  server.RaftServerConfigKeys (ConfUtils.java:logGet(46)) - raft.server.log.appender.install.snapshot.enabled = false (custom)
2023-09-20 15:48:32,511 [om1-groupManagement] INFO  server.RaftServerConfigKeys (ConfUtils.java:logGet(46)) - raft.server.threadpool.server.cached = true (default)
2023-09-20 15:48:32,511 [om1-groupManagement] INFO  server.RaftServerConfigKeys (ConfUtils.java:logGet(46)) - raft.server.threadpool.server.size = 0 (default)
2023-09-20 15:48:32,511 [om1-groupManagement] INFO  server.RaftServerConfigKeys (ConfUtils.java:logGet(46)) - raft.server.threadpool.client.cached = true (default)
2023-09-20 15:48:32,511 [om1-groupManagement] INFO  server.RaftServerConfigKeys (ConfUtils.java:logGet(46)) - raft.server.threadpool.client.size = 0 (default)
2023-09-20 15:48:33,107 [main] INFO  reflections.Reflections (Reflections.java:scan(232)) - Reflections took 596 ms to scan 20 urls, producing 70 keys and 6012 values [using 2 cores]
2023-09-20 15:48:33,109 [main] INFO  ipc.CallQueueManager (CallQueueManager.java:<init>(90)) - Using callQueue: class java.util.concurrent.LinkedBlockingQueue, queueCapacity: 2000, scheduler: class org.apache.hadoop.ipc.DefaultRpcScheduler, ipcBackoff: false.
2023-09-20 15:48:33,110 [main] INFO  ipc.Server (Server.java:<init>(1287)) - Listener at 127.0.0.1:15039
2023-09-20 15:48:33,115 [Socket Reader #1 for port 15039] INFO  ipc.Server (Server.java:run(1323)) - Starting Socket Reader #1 for port 15039
2023-09-20 15:48:33,155 [main] INFO  impl.MetricsSystemImpl (MetricsSystemImpl.java:init(158)) - OzoneManager metrics system started (again)
2023-09-20 15:48:33,171 [main] INFO  om.OzoneManager (OzoneManager.java:start(1633)) - OzoneManager RPC server is listening at localhost/127.0.0.1:15039
2023-09-20 15:48:33,171 [main] INFO  ratis.OzoneManagerRatisServer (OzoneManagerRatisServer.java:start(558)) - Starting OzoneManagerRatisServer om1 at port 15042
2023-09-20 15:48:33,172 [om1-impl-thread1] INFO  storage.RaftStorageDirectory (RaftStorageDirectoryImpl.java:analyzeStorage(137)) - The storage directory /home/runner/work/ozone/ozone/hadoop-ozone/integration-test/target/test-dir/MiniOzoneClusterImpl-38a365bd-16d9-45d9-a84a-b01271e6c83a/ozone-meta/ratis/bf265839-605b-3f16-9796-c5ba1605619e does not exist. Creating ...
2023-09-20 15:48:33,173 [om1-impl-thread1] INFO  storage.RaftStorageDirectory (RaftStorageDirectoryImpl.java:tryLock(231)) - Lock on /home/runner/work/ozone/ozone/hadoop-ozone/integration-test/target/test-dir/MiniOzoneClusterImpl-38a365bd-16d9-45d9-a84a-b01271e6c83a/ozone-meta/ratis/bf265839-605b-3f16-9796-c5ba1605619e/in_use.lock acquired by nodename 41628@fv-az345-844
2023-09-20 15:48:33,177 [om1-impl-thread1] INFO  storage.RaftStorage (RaftStorageImpl.java:format(96)) - Storage directory /home/runner/work/ozone/ozone/hadoop-ozone/integration-test/target/test-dir/MiniOzoneClusterImpl-38a365bd-16d9-45d9-a84a-b01271e6c83a/ozone-meta/ratis/bf265839-605b-3f16-9796-c5ba1605619e has been successfully formatted.
2023-09-20 15:48:33,177 [om1-impl-thread1] INFO  server.RaftServerConfigKeys (ConfUtils.java:logGet(46)) - raft.server.log.use.memory = false (default)
2023-09-20 15:48:33,177 [om1-impl-thread1] INFO  server.RaftServerConfigKeys (ConfUtils.java:logGet(46)) - raft.server.log.purge.gap = 1000000 (custom)
2023-09-20 15:48:33,177 [om1-impl-thread1] INFO  server.RaftServerConfigKeys (ConfUtils.java:logGet(46)) - raft.server.log.appender.buffer.byte-limit = 33554432 (custom)
2023-09-20 15:48:33,177 [om1-impl-thread1] INFO  server.RaftServerConfigKeys (ConfUtils.java:logGet(46)) - raft.server.log.statemachine.data.read.timeout = 1000ms (default)
2023-09-20 15:48:33,177 [om1-impl-thread1] INFO  server.RaftServerConfigKeys (ConfUtils.java:logGet(46)) - raft.server.log.purge.preservation.log.num = 0 (default)
2023-09-20 15:48:33,178 [om1-impl-thread1] INFO  server.RaftServerConfigKeys (ConfUtils.java:logGet(46)) - raft.server.log.segment.size.max = 4194304 (custom)
2023-09-20 15:48:33,178 [om1-impl-thread1] INFO  server.RaftServerConfigKeys (ConfUtils.java:logGet(46)) - raft.server.log.segment.cache.num.max = 2 (custom)
2023-09-20 15:48:33,178 [om1-impl-thread1] INFO  server.RaftServerConfigKeys (ConfUtils.java:logGet(46)) - raft.server.log.segment.cache.size.max = 200MB (=209715200) (default)
2023-09-20 15:48:33,178 [om1-impl-thread1] INFO  server.RaftServerConfigKeys (ConfUtils.java:logGet(46)) - raft.server.log.appender.buffer.byte-limit = 33554432 (custom)
2023-09-20 15:48:33,178 [om1-impl-thread1] INFO  segmented.SegmentedRaftLogWorker (SegmentedRaftLogWorker.java:<init>(188)) - new om1@group-C5BA1605619E-SegmentedRaftLogWorker for RaftStorageImpl:Storage Directory /home/runner/work/ozone/ozone/hadoop-ozone/integration-test/target/test-dir/MiniOzoneClusterImpl-38a365bd-16d9-45d9-a84a-b01271e6c83a/ozone-meta/ratis/bf265839-605b-3f16-9796-c5ba1605619e
2023-09-20 15:48:33,178 [om1-impl-thread1] INFO  server.RaftServerConfigKeys (ConfUtils.java:logGet(46)) - raft.server.log.queue.byte-limit = 64MB (=67108864) (default)
2023-09-20 15:48:33,178 [om1-impl-thread1] INFO  server.RaftServerConfigKeys (ConfUtils.java:logGet(46)) - raft.server.log.queue.element-limit = 4096 (default)
2023-09-20 15:48:33,179 [om1-impl-thread1] INFO  server.RaftServerConfigKeys (ConfUtils.java:logGet(46)) - raft.server.log.segment.size.max = 4194304 (custom)
2023-09-20 15:48:33,179 [om1-impl-thread1] INFO  server.RaftServerConfigKeys (ConfUtils.java:logGet(46)) - raft.server.log.preallocated.size = 4194304 (custom)
2023-09-20 15:48:33,179 [om1-impl-thread1] INFO  server.RaftServerConfigKeys (ConfUtils.java:logGet(46)) - raft.server.log.force.sync.num = 128 (default)
2023-09-20 15:48:33,179 [om1-impl-thread1] INFO  server.RaftServerConfigKeys (ConfUtils.java:logGet(46)) - raft.server.log.statemachine.data.sync = true (default)
2023-09-20 15:48:33,179 [om1-impl-thread1] INFO  server.RaftServerConfigKeys (ConfUtils.java:logGet(46)) - raft.server.log.statemachine.data.sync.timeout = 10s (default)
2023-09-20 15:48:33,179 [om1-impl-thread1] INFO  server.RaftServerConfigKeys (ConfUtils.java:logGet(46)) - raft.server.log.statemachine.data.sync.timeout.retry = -1 (default)
2023-09-20 15:48:33,180 [om1-impl-thread1] INFO  server.RaftServerConfigKeys (ConfUtils.java:logGet(46)) - raft.server.log.write.buffer.size = 64KB (=65536) (default)
2023-09-20 15:48:33,180 [om1-impl-thread1] INFO  server.RaftServerConfigKeys (ConfUtils.java:logGet(46)) - raft.server.log.appender.buffer.byte-limit = 33554432 (custom)
2023-09-20 15:48:33,187 [om1-impl-thread1] INFO  server.RaftServerConfigKeys (ConfUtils.java:logGet(46)) - raft.server.log.unsafe-flush.enabled = false (default)
2023-09-20 15:48:33,187 [om1-impl-thread1] INFO  server.RaftServerConfigKeys (ConfUtils.java:logGet(46)) - raft.server.log.async-flush.enabled = false (default)
2023-09-20 15:48:33,187 [om1-impl-thread1] INFO  server.RaftServerConfigKeys (ConfUtils.java:logGet(46)) - raft.server.log.statemachine.data.caching.enabled = false (default)
2023-09-20 15:48:33,187 [om1-impl-thread1] INFO  segmented.SegmentedRaftLogWorker (SegmentedRaftLogWorker.java:lambda$new$0(135)) - om1@group-C5BA1605619E-SegmentedRaftLogWorker: flushIndex: setUnconditionally 0 -> -1
2023-09-20 15:48:33,187 [om1-impl-thread1] INFO  segmented.SegmentedRaftLogWorker (SegmentedRaftLogWorker.java:lambda$new$0(135)) - om1@group-C5BA1605619E-SegmentedRaftLogWorker: safeCacheEvictIndex: setUnconditionally 0 -> -1
2023-09-20 15:48:33,187 [om1-impl-thread1] INFO  server.RaftServer$Division (RaftServerImpl.java:start(342)) - om1@group-C5BA1605619E: start as a follower, conf=-1: peers:[om1|rpc:localhost:15042|priority:0|startupRole:FOLLOWER]|listeners:[], old=null
2023-09-20 15:48:33,187 [om1-impl-thread1] INFO  server.RaftServer$Division (RaftServerImpl.java:setRole(329)) - om1@group-C5BA1605619E: changes role from      null to FOLLOWER at term 0 for startAsFollower
2023-09-20 15:48:33,188 [om1-impl-thread1] INFO  impl.RoleInfo (RoleInfo.java:updateAndGet(139)) - om1: start om1@group-C5BA1605619E-FollowerState
2023-09-20 15:48:33,189 [om1-impl-thread1] INFO  util.JmxRegister (JmxRegister.java:tryRegister(44)) - Successfully registered JMX Bean with object name Ratis:service=RaftServer,group=group-C5BA1605619E,id=om1
2023-09-20 15:48:33,189 [om1-impl-thread1] INFO  server.RaftServerConfigKeys (ConfUtils.java:logGet(46)) - raft.server.snapshot.auto.trigger.enabled = true (custom)
2023-09-20 15:48:33,189 [om1-impl-thread1] INFO  server.RaftServerConfigKeys (ConfUtils.java:logGet(46)) - raft.server.snapshot.auto.trigger.threshold = 400000 (default)
2023-09-20 15:48:33,189 [om1-impl-thread1] INFO  server.RaftServerConfigKeys (ConfUtils.java:logGet(46)) - raft.server.snapshot.retention.file.num = -1 (default)
2023-09-20 15:48:33,189 [om1-impl-thread1] INFO  server.RaftServerConfigKeys (ConfUtils.java:logGet(46)) - raft.server.log.purge.upto.snapshot.index = true (custom)
2023-09-20 15:48:33,190 [om1@group-C5BA1605619E-FollowerState] INFO  server.RaftServerConfigKeys (ConfUtils.java:logFallback(53)) - raft.server.rpc.first-election.timeout.min = 1s (fallback to raft.server.rpc.timeout.min)
2023-09-20 15:48:33,192 [om1@group-C5BA1605619E-FollowerState] INFO  server.RaftServerConfigKeys (ConfUtils.java:logFallback(53)) - raft.server.rpc.first-election.timeout.max = 1200ms (fallback to raft.server.rpc.timeout.max)
2023-09-20 15:48:33,192 [main] INFO  server.RaftServer (RaftServerProxy.java:startImpl(400)) - om1: start RPC server
2023-09-20 15:48:33,197 [main] INFO  server.GrpcService (GrpcService.java:startImpl(302)) - om1: GrpcService started, listening on 15042
2023-09-20 15:48:33,202 [main] INFO  om.OzoneManager (OzoneManager.java:start(1649)) - Version File has different layout version (6) than OM DB (null). That is expected if this OM has never been finalized to a newer layout version.
2023-09-20 15:48:33,203 [JvmPauseMonitor6] INFO  util.JvmPauseMonitor (JvmPauseMonitor.java:run(103)) - JvmPauseMonitor-om1: Started
2023-09-20 15:48:33,207 [main] INFO  http.BaseHttpServer (BaseHttpServer.java:newHttpServer2BuilderForOzone(223)) - Starting Web-server for ozoneManager at: http://0.0.0.0:15040
2023-09-20 15:48:33,207 [main] INFO  http.BaseHttpServer (BaseHttpServer.java:<init>(110)) - Hadoop Security Enabled: false Ozone Security Enabled: false Ozone HTTP Security Enabled: false 
2023-09-20 15:48:33,209 [main] WARN  server.AuthenticationFilter (AuthenticationFilter.java:constructSecretProvider(240)) - Unable to initialize FileSignerSecretProvider, falling back to use random secrets. Reason: Could not read signature secret file: /home/runner/hadoop-http-auth-signature-secret
2023-09-20 15:48:33,210 [main] INFO  http.HttpRequestLog (HttpRequestLog.java:getRequestLog(86)) - Http request log for http.requests.ozoneManager is not defined
2023-09-20 15:48:33,212 [main] INFO  http.HttpServer2 (HttpServer2.java:addGlobalFilter(1031)) - Added global filter 'safety' (class=org.apache.hadoop.hdds.server.http.HttpServer2$QuotingInputFilter)
2023-09-20 15:48:33,213 [main] INFO  http.HttpServer2 (HttpServer2.java:addFilter(1007)) - Added filter static_user_filter (class=org.apache.hadoop.http.lib.StaticUserWebFilter$StaticUserFilter) to context ozoneManager
2023-09-20 15:48:33,213 [main] INFO  http.HttpServer2 (HttpServer2.java:addFilter(1015)) - Added filter static_user_filter (class=org.apache.hadoop.http.lib.StaticUserWebFilter$StaticUserFilter) to context logs
2023-09-20 15:48:33,214 [main] INFO  http.HttpServer2 (HttpServer2.java:addFilter(1015)) - Added filter static_user_filter (class=org.apache.hadoop.http.lib.StaticUserWebFilter$StaticUserFilter) to context static
2023-09-20 15:48:33,221 [main] INFO  http.BaseHttpServer (BaseHttpServer.java:<init>(189)) - HTTP server of ozoneManager uses base directory /home/runner/work/ozone/ozone/hadoop-ozone/integration-test/target/test-dir/MiniOzoneClusterImpl-38a365bd-16d9-45d9-a84a-b01271e6c83a/ozone-meta/webserver
2023-09-20 15:48:33,222 [main] INFO  http.HttpServer2 (HttpServer2.java:bindListener(1231)) - Jetty bound to port 15040
2023-09-20 15:48:33,222 [main] INFO  server.Server (Server.java:doStart(375)) - jetty-9.4.52.v20230823; built: 2023-08-23T19:29:37.669Z; git: abdcda73818a1a2c705da276edb0bf6581e7997e; jvm 1.8.0_382-b05
2023-09-20 15:48:33,226 [main] INFO  server.session (DefaultSessionIdManager.java:doStart(334)) - DefaultSessionIdManager workerName=node0
2023-09-20 15:48:33,226 [main] INFO  server.session (DefaultSessionIdManager.java:doStart(339)) - No SessionScavenger set, using defaults
2023-09-20 15:48:33,227 [main] INFO  server.session (HouseKeeper.java:startScavenging(132)) - node0 Scavenging every 600000ms
2023-09-20 15:48:33,229 [main] INFO  handler.ContextHandler (ContextHandler.java:doStart(921)) - Started o.e.j.s.ServletContextHandler@47afcbdd{logs,/logs,file:///home/runner/work/ozone/ozone/hadoop-ozone/integration-test/target/log,AVAILABLE}
2023-09-20 15:48:33,230 [main] INFO  handler.ContextHandler (ContextHandler.java:doStart(921)) - Started o.e.j.s.ServletContextHandler@774665fc{static,/static,file:///home/runner/work/ozone/ozone/hadoop-ozone/integration-test/target/test-classes/webapps/static,AVAILABLE}
2023-09-20 15:48:33,237 [main] INFO  handler.ContextHandler (ContextHandler.java:doStart(921)) - Started o.e.j.w.WebAppContext@28276b3e{ozoneManager,/,file:///home/runner/work/ozone/ozone/hadoop-ozone/integration-test/target/test-classes/webapps/ozoneManager/,AVAILABLE}{file:/home/runner/work/ozone/ozone/hadoop-ozone/integration-test/target/test-classes/webapps/ozoneManager}
2023-09-20 15:48:33,239 [main] INFO  server.AbstractConnector (AbstractConnector.java:doStart(333)) - Started ServerConnector@5ec7d385{HTTP/1.1, (http/1.1)}{0.0.0.0:15040}
2023-09-20 15:48:33,239 [main] INFO  server.Server (Server.java:doStart(415)) - Started @138786ms
2023-09-20 15:48:33,239 [main] WARN  impl.MetricsSystemImpl (MetricsSystemImpl.java:register(279)) - Sink prometheus already exists!
2023-09-20 15:48:33,240 [main] INFO  http.BaseHttpServer (BaseHttpServer.java:updateConnectorAddress(354)) - HTTP server of ozoneManager listening at http://0.0.0.0:15040
2023-09-20 15:48:33,241 [IPC Server Responder] INFO  ipc.Server (Server.java:run(1562)) - IPC Server Responder: starting
2023-09-20 15:48:33,241 [IPC Server listener on 15039] INFO  ipc.Server (Server.java:run(1402)) - IPC Server listener on 15039: starting
2023-09-20 15:48:33,245 [main] INFO  om.OzoneManager (OzoneManager.java:startTrashEmptier(2101)) - Trash Interval set to 0. Files deleted won't move to trash
2023-09-20 15:48:33,272 [main] WARN  impl.MetricRegistriesImpl (MetricRegistriesImpl.java:addReporterRegistration(111)) - New reporters are added after registries were created. Some metrics will be missing from the reporter. Please add reporter before adding any new registry.
2023-09-20 15:48:33,272 [main] WARN  impl.MetricRegistriesImpl (MetricRegistriesImpl.java:addReporterRegistration(111)) - New reporters are added after registries were created. Some metrics will be missing from the reporter. Please add reporter before adding any new registry.
2023-09-20 15:48:33,273 [main] INFO  impl.MetricsSystemImpl (MetricsSystemImpl.java:init(158)) - HddsDatanode metrics system started (again)
2023-09-20 15:48:33,289 [main] INFO  ozone.HddsDatanodeService (HddsDatanodeService.java:start(237)) - HddsDatanodeService host:fv-az345-844.jvbsasuktymudpoi5cueu5eohe.gx.internal.cloudapp.net ip:10.1.0.36
2023-09-20 15:48:33,326 [main] INFO  upgrade.AbstractLayoutVersionManager (AbstractLayoutVersionManager.java:init(83)) - Initializing Layout version manager with metadata layout = HADOOP_PRC_PORTS_IN_DATANODEDETAILS (version = 7), software layout = HADOOP_PRC_PORTS_IN_DATANODEDETAILS (version = 7)
2023-09-20 15:48:33,327 [main] INFO  statemachine.DatanodeStateMachine (DatanodeStateMachine.java:getEndPointTaskThreadPoolSize(284)) - Datanode State Machine Task Thread Pool size 2
2023-09-20 15:48:33,332 [main] INFO  volume.HddsVolume (HddsVolume.java:<init>(126)) - Creating HddsVolume: /home/runner/work/ozone/ozone/hadoop-ozone/integration-test/target/test-dir/MiniOzoneClusterImpl-38a365bd-16d9-45d9-a84a-b01271e6c83a/datanode-0/data-0/containers/hdds of storage type : DISK capacity : 9223372036854775807
2023-09-20 15:48:33,332 [main] INFO  volume.MutableVolumeSet (MutableVolumeSet.java:initializeVolumeSet(173)) - Added Volume : /home/runner/work/ozone/ozone/hadoop-ozone/integration-test/target/test-dir/MiniOzoneClusterImpl-38a365bd-16d9-45d9-a84a-b01271e6c83a/datanode-0/data-0/containers/hdds to VolumeSet
2023-09-20 15:48:33,334 [main] INFO  volume.MutableVolumeSet (MutableVolumeSet.java:initializeVolumeSet(173)) - Added Volume : /home/runner/work/ozone/ozone/hadoop-ozone/integration-test/target/test-dir/MiniOzoneClusterImpl-38a365bd-16d9-45d9-a84a-b01271e6c83a/datanode-0/data/ratis to VolumeSet
2023-09-20 15:48:33,338 [Thread-1029] INFO  ozoneimpl.ContainerReader (ContainerReader.java:readVolume(177)) - Finish verifying containers on volume /home/runner/work/ozone/ozone/hadoop-ozone/integration-test/target/test-dir/MiniOzoneClusterImpl-38a365bd-16d9-45d9-a84a-b01271e6c83a/datanode-0/data-0/containers/hdds
2023-09-20 15:48:33,339 [main] INFO  ozoneimpl.OzoneContainer (OzoneContainer.java:buildContainerSet(314)) - Build ContainerSet costs 0s
2023-09-20 15:48:33,342 [main] INFO  server.RaftServer (ConfUtils.java:logGet(46)) - raft.rpc.type = GRPC (default)
2023-09-20 15:48:33,343 [main] INFO  grpc.GrpcConfigKeys (ConfUtils.java:logFallback(53)) - raft.grpc.admin.host = null (fallback to raft.grpc.server.host)
2023-09-20 15:48:33,343 [main] INFO  grpc.GrpcConfigKeys (ConfUtils.java:logGet(46)) - raft.grpc.admin.port = 15048 (custom)
2023-09-20 15:48:33,343 [main] INFO  grpc.GrpcConfigKeys (ConfUtils.java:logFallback(53)) - raft.grpc.client.host = null (fallback to raft.grpc.server.host)
2023-09-20 15:48:33,343 [main] INFO  grpc.GrpcConfigKeys (ConfUtils.java:logGet(46)) - raft.grpc.client.port = 15047 (custom)
2023-09-20 15:48:33,344 [main] INFO  grpc.GrpcConfigKeys (ConfUtils.java:logGet(46)) - raft.grpc.server.host = null (default)
2023-09-20 15:48:33,344 [main] INFO  grpc.GrpcConfigKeys (ConfUtils.java:logGet(46)) - raft.grpc.server.port = 15049 (custom)
2023-09-20 15:48:33,344 [main] INFO  server.GrpcService (ConfUtils.java:logGet(46)) - raft.grpc.message.size.max = 32MB (=33554432) (custom)
2023-09-20 15:48:33,344 [main] INFO  server.RaftServerConfigKeys (ConfUtils.java:logGet(46)) - raft.server.log.appender.buffer.byte-limit = 33554432 (custom)
2023-09-20 15:48:33,344 [main] INFO  server.GrpcService (ConfUtils.java:logGet(46)) - raft.grpc.flow.control.window = 5MB (=5242880) (custom)
2023-09-20 15:48:33,345 [main] INFO  server.RaftServerConfigKeys (ConfUtils.java:logGet(46)) - raft.server.rpc.request.timeout = 60s (custom)
2023-09-20 15:48:33,345 [main] INFO  grpc.GrpcConfigKeys (ConfUtils.java:logGet(46)) - raft.grpc.server.heartbeat.channel = true (default)
2023-09-20 15:48:33,345 [main] INFO  grpc.GrpcConfigKeys (ConfUtils.java:logGet(46)) - raft.grpc.server.async.request.thread.pool.cached = true (default)
2023-09-20 15:48:33,345 [main] INFO  grpc.GrpcConfigKeys (ConfUtils.java:logGet(46)) - raft.grpc.server.async.request.thread.pool.size = 32 (default)
2023-09-20 15:48:33,349 [main] INFO  impl.DataStreamServerImpl (ConfUtils.java:logGet(46)) - raft.datastream.type = NETTY (custom)
2023-09-20 15:48:33,350 [main] INFO  server.RaftServerConfigKeys (ConfUtils.java:logGet(46)) - raft.server.data-stream.async.request.thread.pool.cached = false (default)
2023-09-20 15:48:33,350 [main] INFO  server.RaftServerConfigKeys (ConfUtils.java:logGet(46)) - raft.server.data-stream.async.request.thread.pool.size = 20 (custom)
2023-09-20 15:48:33,350 [main] INFO  server.RaftServerConfigKeys (ConfUtils.java:logGet(46)) - raft.server.data-stream.async.write.thread.pool.size = 16 (default)
2023-09-20 15:48:33,350 [main] INFO  server.RaftServerConfigKeys (ConfUtils.java:logGet(46)) - raft.server.data-stream.client.pool.size = 10 (default)
2023-09-20 15:48:33,351 [main] INFO  netty.NettyConfigKeys$DataStream (ConfUtils.java:logGet(46)) - raft.netty.dataStream.server.use-epoll = false (default)
2023-09-20 15:48:33,351 [main] INFO  netty.NettyConfigKeys$DataStream (ConfUtils.java:logGet(46)) - raft.netty.dataStream.server.boss-group.size = 0 (default)
2023-09-20 15:48:33,351 [main] INFO  netty.NettyConfigKeys$DataStream (ConfUtils.java:logGet(46)) - raft.netty.dataStream.server.worker-group.size = 0 (default)
2023-09-20 15:48:33,353 [main] INFO  netty.NettyConfigKeys$DataStream (ConfUtils.java:logGet(46)) - raft.netty.dataStream.server.tls.conf = null (default)
2023-09-20 15:48:33,353 [main] INFO  netty.NettyConfigKeys$DataStream (ConfUtils.java:logGet(46)) - raft.netty.dataStream.host = null (default)
2023-09-20 15:48:33,353 [main] INFO  netty.NettyConfigKeys$DataStream (ConfUtils.java:logGet(46)) - raft.netty.dataStream.port = 15050 (custom)
2023-09-20 15:48:33,354 [main] INFO  server.RaftServerConfigKeys (ConfUtils.java:logGet(46)) - raft.server.threadpool.proxy.cached = true (default)
2023-09-20 15:48:33,354 [main] INFO  server.RaftServerConfigKeys (ConfUtils.java:logGet(46)) - raft.server.threadpool.proxy.size = 0 (default)
2023-09-20 15:48:33,354 [main] INFO  server.RaftServerConfigKeys (ConfUtils.java:logGet(46)) - raft.server.rpc.slowness.timeout = 300s (custom)
2023-09-20 15:48:33,354 [main] INFO  server.RaftServerConfigKeys (ConfUtils.java:logGet(46)) - raft.server.leaderelection.leader.step-down.wait-time = 10s (default)
2023-09-20 15:48:33,355 [main] INFO  server.RaftServerConfigKeys (ConfUtils.java:logGet(46)) - raft.server.storage.dir = [/home/runner/work/ozone/ozone/hadoop-ozone/integration-test/target/test-dir/MiniOzoneClusterImpl-38a365bd-16d9-45d9-a84a-b01271e6c83a/datanode-0/data/ratis] (custom)
2023-09-20 15:48:33,355 [76461d31-4f4d-43fe-b3e7-bc7be05b2809-NettyServerStreamRpc-bossGroup--thread1] INFO  logging.LoggingHandler (AbstractInternalLogger.java:log(148)) - [id: 0x08113d75] REGISTERED
2023-09-20 15:48:33,355 [76461d31-4f4d-43fe-b3e7-bc7be05b2809-NettyServerStreamRpc-bossGroup--thread1] INFO  logging.LoggingHandler (AbstractInternalLogger.java:log(148)) - [id: 0x08113d75] BIND: 0.0.0.0/0.0.0.0:15050
2023-09-20 15:48:33,356 [76461d31-4f4d-43fe-b3e7-bc7be05b2809-NettyServerStreamRpc-bossGroup--thread1] INFO  logging.LoggingHandler (AbstractInternalLogger.java:log(148)) - [id: 0x08113d75, L:/0:0:0:0:0:0:0:0:15050] ACTIVE
2023-09-20 15:48:33,359 [76461d31-4f4d-43fe-b3e7-bc7be05b2809-impl-thread1] INFO  server.RaftServer (RaftServerProxy.java:initGroupDir(258)) - 76461d31-4f4d-43fe-b3e7-bc7be05b2809: found a subdirectory /home/runner/work/ozone/ozone/hadoop-ozone/integration-test/target/test-dir/MiniOzoneClusterImpl-38a365bd-16d9-45d9-a84a-b01271e6c83a/datanode-0/data/ratis/tmp
2023-09-20 15:48:33,359 [76461d31-4f4d-43fe-b3e7-bc7be05b2809-impl-thread1] INFO  server.RaftServer (RaftServerProxy.java:initGroupDir(263)) - 76461d31-4f4d-43fe-b3e7-bc7be05b2809: The directory /home/runner/work/ozone/ozone/hadoop-ozone/integration-test/target/test-dir/MiniOzoneClusterImpl-38a365bd-16d9-45d9-a84a-b01271e6c83a/datanode-0/data/ratis/tmp is not a group directory; ignoring it. 
2023-09-20 15:48:33,359 [main] INFO  replication.ReplicationServer (ReplicationServer.java:<init>(83)) - Initializing replication server with thread count = 10 queue length = 4096
2023-09-20 15:48:33,360 [main] INFO  server.XceiverServerGrpc (XceiverServerGrpc.java:<init>(132)) - GrpcServer channel type EpollServerSocketChannel
2023-09-20 15:48:33,363 [main] INFO  replication.ReplicationSupervisor (ReplicationSupervisor.java:build(155)) - Initializing replication supervisor with thread count = 10
2023-09-20 15:48:33,364 [main] INFO  replication.ReplicationSupervisor (ReplicationSupervisor.java:nodeStateUpdated(307)) - Node state updated to IN_SERVICE, scaling executor pool size to 10
2023-09-20 15:48:33,367 [main] INFO  http.BaseHttpServer (BaseHttpServer.java:newHttpServer2BuilderForOzone(223)) - Starting Web-server for hddsDatanode at: http://0.0.0.0:15044
2023-09-20 15:48:33,367 [main] INFO  http.BaseHttpServer (BaseHttpServer.java:<init>(110)) - Hadoop Security Enabled: false Ozone Security Enabled: false Ozone HTTP Security Enabled: false 
2023-09-20 15:48:33,369 [main] WARN  server.AuthenticationFilter (AuthenticationFilter.java:constructSecretProvider(240)) - Unable to initialize FileSignerSecretProvider, falling back to use random secrets. Reason: Could not read signature secret file: /home/runner/hadoop-http-auth-signature-secret
2023-09-20 15:48:33,380 [main] INFO  http.HttpRequestLog (HttpRequestLog.java:getRequestLog(86)) - Http request log for http.requests.hddsDatanode is not defined
2023-09-20 15:48:33,382 [main] INFO  http.HttpServer2 (HttpServer2.java:addGlobalFilter(1031)) - Added global filter 'safety' (class=org.apache.hadoop.hdds.server.http.HttpServer2$QuotingInputFilter)
2023-09-20 15:48:33,382 [main] INFO  http.HttpServer2 (HttpServer2.java:addFilter(1007)) - Added filter static_user_filter (class=org.apache.hadoop.http.lib.StaticUserWebFilter$StaticUserFilter) to context hddsDatanode
2023-09-20 15:48:33,383 [main] INFO  http.HttpServer2 (HttpServer2.java:addFilter(1015)) - Added filter static_user_filter (class=org.apache.hadoop.http.lib.StaticUserWebFilter$StaticUserFilter) to context static
2023-09-20 15:48:33,383 [main] INFO  http.HttpServer2 (HttpServer2.java:addFilter(1015)) - Added filter static_user_filter (class=org.apache.hadoop.http.lib.StaticUserWebFilter$StaticUserFilter) to context logs
2023-09-20 15:48:33,383 [main] INFO  http.BaseHttpServer (BaseHttpServer.java:<init>(189)) - HTTP server of hddsDatanode uses base directory /home/runner/work/ozone/ozone/hadoop-ozone/integration-test/target/test-dir/MiniOzoneClusterImpl-38a365bd-16d9-45d9-a84a-b01271e6c83a/datanode-0/meta/webserver
2023-09-20 15:48:33,384 [main] INFO  http.HttpServer2 (HttpServer2.java:bindListener(1231)) - Jetty bound to port 15044
2023-09-20 15:48:33,384 [main] INFO  server.Server (Server.java:doStart(375)) - jetty-9.4.52.v20230823; built: 2023-08-23T19:29:37.669Z; git: abdcda73818a1a2c705da276edb0bf6581e7997e; jvm 1.8.0_382-b05
2023-09-20 15:48:33,387 [main] INFO  server.session (DefaultSessionIdManager.java:doStart(334)) - DefaultSessionIdManager workerName=node0
2023-09-20 15:48:33,388 [main] INFO  server.session (DefaultSessionIdManager.java:doStart(339)) - No SessionScavenger set, using defaults
2023-09-20 15:48:33,388 [main] INFO  server.session (HouseKeeper.java:startScavenging(132)) - node0 Scavenging every 660000ms
2023-09-20 15:48:33,389 [main] INFO  handler.ContextHandler (ContextHandler.java:doStart(921)) - Started o.e.j.s.ServletContextHandler@82712a0{logs,/logs,file:///home/runner/work/ozone/ozone/hadoop-ozone/integration-test/target/log,AVAILABLE}
2023-09-20 15:48:33,389 [main] INFO  handler.ContextHandler (ContextHandler.java:doStart(921)) - Started o.e.j.s.ServletContextHandler@1e597039{static,/static,jar:file:/home/runner/.m2/repository/org/apache/ozone/hdds-container-service/1.4.0-SNAPSHOT/hdds-container-service-1.4.0-SNAPSHOT.jar!/webapps/static,AVAILABLE}
2023-09-20 15:48:33,655 [main] INFO  handler.ContextHandler (ContextHandler.java:doStart(921)) - Started o.e.j.w.WebAppContext@6e0b41cb{hddsDatanode,/,file:///home/runner/work/ozone/ozone/hadoop-ozone/integration-test/target/test-dir/MiniOzoneClusterImpl-38a365bd-16d9-45d9-a84a-b01271e6c83a/datanode-0/meta/webserver/jetty-0_0_0_0-15044-hdds-container-service-1_4_0-SNAPSHOT_jar-_-any-8784466376528424169/webapp/,AVAILABLE}{jar:file:/home/runner/.m2/repository/org/apache/ozone/hdds-container-service/1.4.0-SNAPSHOT/hdds-container-service-1.4.0-SNAPSHOT.jar!/webapps/hddsDatanode}
2023-09-20 15:48:33,657 [main] INFO  server.AbstractConnector (AbstractConnector.java:doStart(333)) - Started ServerConnector@6215b41c{HTTP/1.1, (http/1.1)}{0.0.0.0:15044}
2023-09-20 15:48:33,657 [main] INFO  server.Server (Server.java:doStart(415)) - Started @139203ms
2023-09-20 15:48:33,657 [main] WARN  impl.MetricsSystemImpl (MetricsSystemImpl.java:register(279)) - Sink prometheus already exists!
2023-09-20 15:48:33,658 [main] INFO  http.BaseHttpServer (BaseHttpServer.java:updateConnectorAddress(354)) - HTTP server of hddsDatanode listening at http://0.0.0.0:15044
2023-09-20 15:48:33,659 [main] INFO  ipc.CallQueueManager (CallQueueManager.java:<init>(90)) - Using callQueue: class java.util.concurrent.LinkedBlockingQueue, queueCapacity: 100, scheduler: class org.apache.hadoop.ipc.DefaultRpcScheduler, ipcBackoff: false.
2023-09-20 15:48:33,659 [main] INFO  ipc.Server (Server.java:<init>(1287)) - Listener at 0.0.0.0:15045
2023-09-20 15:48:33,660 [Socket Reader #1 for port 15045] INFO  ipc.Server (Server.java:run(1323)) - Starting Socket Reader #1 for port 15045
2023-09-20 15:48:33,663 [main] INFO  ozone.HddsDatanodeService (HddsDatanodeService.java:start(315)) - Datanode start with admins: [runner]
2023-09-20 15:48:33,663 [main] INFO  ozone.HddsDatanodeClientProtocolServer (HddsDatanodeClientProtocolServer.java:start(72)) - RPC server for Client /0.0.0.0:15045
2023-09-20 15:48:33,664 [IPC Server Responder] INFO  ipc.Server (Server.java:run(1562)) - IPC Server Responder: starting
2023-09-20 15:48:33,664 [IPC Server listener on 15045] INFO  ipc.Server (Server.java:run(1402)) - IPC Server listener on 15045: starting
2023-09-20 15:48:33,665 [main] WARN  impl.MetricRegistriesImpl (MetricRegistriesImpl.java:addReporterRegistration(111)) - New reporters are added after registries were created. Some metrics will be missing from the reporter. Please add reporter before adding any new registry.
2023-09-20 15:48:33,665 [main] WARN  impl.MetricRegistriesImpl (MetricRegistriesImpl.java:addReporterRegistration(111)) - New reporters are added after registries were created. Some metrics will be missing from the reporter. Please add reporter before adding any new registry.
2023-09-20 15:48:33,665 [main] INFO  impl.MetricsSystemImpl (MetricsSystemImpl.java:init(158)) - HddsDatanode metrics system started (again)
2023-09-20 15:48:33,682 [Datanode State Machine Daemon Thread] INFO  statemachine.DatanodeStateMachine (DatanodeStateMachine.java:lambda$startDaemon$0(540)) - Ozone container server started.
2023-09-20 15:48:33,695 [main] INFO  ozone.HddsDatanodeService (HddsDatanodeService.java:start(237)) - HddsDatanodeService host:fv-az345-844.jvbsasuktymudpoi5cueu5eohe.gx.internal.cloudapp.net ip:10.1.0.36
2023-09-20 15:48:33,708 [Datanode State Machine Task Thread - 0] INFO  datanode.InitDatanodeState (InitDatanodeState.java:persistContainerDatanodeDetails(138)) - DatanodeDetails is persisted to /home/runner/work/ozone/ozone/hadoop-ozone/integration-test/target/test-dir/MiniOzoneClusterImpl-38a365bd-16d9-45d9-a84a-b01271e6c83a/datanode-0/meta/datanode.id
2023-09-20 15:48:33,740 [main] INFO  upgrade.AbstractLayoutVersionManager (AbstractLayoutVersionManager.java:init(83)) - Initializing Layout version manager with metadata layout = HADOOP_PRC_PORTS_IN_DATANODEDETAILS (version = 7), software layout = HADOOP_PRC_PORTS_IN_DATANODEDETAILS (version = 7)
2023-09-20 15:48:33,744 [main] INFO  statemachine.DatanodeStateMachine (DatanodeStateMachine.java:getEndPointTaskThreadPoolSize(284)) - Datanode State Machine Task Thread Pool size 2
2023-09-20 15:48:33,748 [main] INFO  volume.HddsVolume (HddsVolume.java:<init>(126)) - Creating HddsVolume: /home/runner/work/ozone/ozone/hadoop-ozone/integration-test/target/test-dir/MiniOzoneClusterImpl-38a365bd-16d9-45d9-a84a-b01271e6c83a/datanode-1/data-0/containers/hdds of storage type : DISK capacity : 9223372036854775807
2023-09-20 15:48:33,749 [main] INFO  volume.MutableVolumeSet (MutableVolumeSet.java:initializeVolumeSet(173)) - Added Volume : /home/runner/work/ozone/ozone/hadoop-ozone/integration-test/target/test-dir/MiniOzoneClusterImpl-38a365bd-16d9-45d9-a84a-b01271e6c83a/datanode-1/data-0/containers/hdds to VolumeSet
2023-09-20 15:48:33,751 [main] INFO  volume.MutableVolumeSet (MutableVolumeSet.java:initializeVolumeSet(173)) - Added Volume : /home/runner/work/ozone/ozone/hadoop-ozone/integration-test/target/test-dir/MiniOzoneClusterImpl-38a365bd-16d9-45d9-a84a-b01271e6c83a/datanode-1/data/ratis to VolumeSet
2023-09-20 15:48:33,753 [Thread-1046] INFO  ozoneimpl.ContainerReader (ContainerReader.java:readVolume(177)) - Finish verifying containers on volume /home/runner/work/ozone/ozone/hadoop-ozone/integration-test/target/test-dir/MiniOzoneClusterImpl-38a365bd-16d9-45d9-a84a-b01271e6c83a/datanode-1/data-0/containers/hdds
2023-09-20 15:48:33,754 [main] INFO  ozoneimpl.OzoneContainer (OzoneContainer.java:buildContainerSet(314)) - Build ContainerSet costs 0s
2023-09-20 15:48:33,758 [main] INFO  server.RaftServer (ConfUtils.java:logGet(46)) - raft.rpc.type = GRPC (default)
2023-09-20 15:48:33,759 [main] INFO  grpc.GrpcConfigKeys (ConfUtils.java:logFallback(53)) - raft.grpc.admin.host = null (fallback to raft.grpc.server.host)
2023-09-20 15:48:33,759 [main] INFO  grpc.GrpcConfigKeys (ConfUtils.java:logGet(46)) - raft.grpc.admin.port = 15057 (custom)
2023-09-20 15:48:33,759 [main] INFO  grpc.GrpcConfigKeys (ConfUtils.java:logFallback(53)) - raft.grpc.client.host = null (fallback to raft.grpc.server.host)
2023-09-20 15:48:33,760 [main] INFO  grpc.GrpcConfigKeys (ConfUtils.java:logGet(46)) - raft.grpc.client.port = 15056 (custom)
2023-09-20 15:48:33,760 [main] INFO  grpc.GrpcConfigKeys (ConfUtils.java:logGet(46)) - raft.grpc.server.host = null (default)
2023-09-20 15:48:33,760 [main] INFO  grpc.GrpcConfigKeys (ConfUtils.java:logGet(46)) - raft.grpc.server.port = 15058 (custom)
2023-09-20 15:48:33,760 [main] INFO  server.GrpcService (ConfUtils.java:logGet(46)) - raft.grpc.message.size.max = 32MB (=33554432) (custom)
2023-09-20 15:48:33,761 [main] INFO  server.RaftServerConfigKeys (ConfUtils.java:logGet(46)) - raft.server.log.appender.buffer.byte-limit = 33554432 (custom)
2023-09-20 15:48:33,761 [main] INFO  server.GrpcService (ConfUtils.java:logGet(46)) - raft.grpc.flow.control.window = 5MB (=5242880) (custom)
2023-09-20 15:48:33,761 [main] INFO  server.RaftServerConfigKeys (ConfUtils.java:logGet(46)) - raft.server.rpc.request.timeout = 60s (custom)
2023-09-20 15:48:33,761 [main] INFO  grpc.GrpcConfigKeys (ConfUtils.java:logGet(46)) - raft.grpc.server.heartbeat.channel = true (default)
2023-09-20 15:48:33,761 [main] INFO  grpc.GrpcConfigKeys (ConfUtils.java:logGet(46)) - raft.grpc.server.async.request.thread.pool.cached = true (default)
2023-09-20 15:48:33,762 [main] INFO  grpc.GrpcConfigKeys (ConfUtils.java:logGet(46)) - raft.grpc.server.async.request.thread.pool.size = 32 (default)
2023-09-20 15:48:33,765 [main] INFO  impl.DataStreamServerImpl (ConfUtils.java:logGet(46)) - raft.datastream.type = NETTY (custom)
2023-09-20 15:48:33,766 [main] INFO  server.RaftServerConfigKeys (ConfUtils.java:logGet(46)) - raft.server.data-stream.async.request.thread.pool.cached = false (default)
2023-09-20 15:48:33,766 [main] INFO  server.RaftServerConfigKeys (ConfUtils.java:logGet(46)) - raft.server.data-stream.async.request.thread.pool.size = 20 (custom)
2023-09-20 15:48:33,766 [main] INFO  server.RaftServerConfigKeys (ConfUtils.java:logGet(46)) - raft.server.data-stream.async.write.thread.pool.size = 16 (default)
2023-09-20 15:48:33,767 [main] INFO  server.RaftServerConfigKeys (ConfUtils.java:logGet(46)) - raft.server.data-stream.client.pool.size = 10 (default)
2023-09-20 15:48:33,767 [main] INFO  netty.NettyConfigKeys$DataStream (ConfUtils.java:logGet(46)) - raft.netty.dataStream.server.use-epoll = false (default)
2023-09-20 15:48:33,767 [main] INFO  netty.NettyConfigKeys$DataStream (ConfUtils.java:logGet(46)) - raft.netty.dataStream.server.boss-group.size = 0 (default)
2023-09-20 15:48:33,767 [main] INFO  netty.NettyConfigKeys$DataStream (ConfUtils.java:logGet(46)) - raft.netty.dataStream.server.worker-group.size = 0 (default)
2023-09-20 15:48:33,768 [main] INFO  netty.NettyConfigKeys$DataStream (ConfUtils.java:logGet(46)) - raft.netty.dataStream.server.tls.conf = null (default)
2023-09-20 15:48:33,768 [main] INFO  netty.NettyConfigKeys$DataStream (ConfUtils.java:logGet(46)) - raft.netty.dataStream.host = null (default)
2023-09-20 15:48:33,769 [main] INFO  netty.NettyConfigKeys$DataStream (ConfUtils.java:logGet(46)) - raft.netty.dataStream.port = 15059 (custom)
2023-09-20 15:48:33,769 [main] INFO  server.RaftServerConfigKeys (ConfUtils.java:logGet(46)) - raft.server.threadpool.proxy.cached = true (default)
2023-09-20 15:48:33,769 [main] INFO  server.RaftServerConfigKeys (ConfUtils.java:logGet(46)) - raft.server.threadpool.proxy.size = 0 (default)
2023-09-20 15:48:33,770 [main] INFO  server.RaftServerConfigKeys (ConfUtils.java:logGet(46)) - raft.server.rpc.slowness.timeout = 300s (custom)
2023-09-20 15:48:33,770 [main] INFO  server.RaftServerConfigKeys (ConfUtils.java:logGet(46)) - raft.server.leaderelection.leader.step-down.wait-time = 10s (default)
2023-09-20 15:48:33,770 [main] INFO  server.RaftServerConfigKeys (ConfUtils.java:logGet(46)) - raft.server.storage.dir = [/home/runner/work/ozone/ozone/hadoop-ozone/integration-test/target/test-dir/MiniOzoneClusterImpl-38a365bd-16d9-45d9-a84a-b01271e6c83a/datanode-1/data/ratis] (custom)
2023-09-20 15:48:33,771 [b1c70fe4-d692-4fdb-aa26-025ed9a8aa3e-NettyServerStreamRpc-bossGroup--thread1] INFO  logging.LoggingHandler (AbstractInternalLogger.java:log(148)) - [id: 0x6a813389] REGISTERED
2023-09-20 15:48:33,771 [b1c70fe4-d692-4fdb-aa26-025ed9a8aa3e-NettyServerStreamRpc-bossGroup--thread1] INFO  logging.LoggingHandler (AbstractInternalLogger.java:log(148)) - [id: 0x6a813389] BIND: 0.0.0.0/0.0.0.0:15059
2023-09-20 15:48:33,771 [b1c70fe4-d692-4fdb-aa26-025ed9a8aa3e-NettyServerStreamRpc-bossGroup--thread1] INFO  logging.LoggingHandler (AbstractInternalLogger.java:log(148)) - [id: 0x6a813389, L:/0:0:0:0:0:0:0:0:15059] ACTIVE
2023-09-20 15:48:33,772 [b1c70fe4-d692-4fdb-aa26-025ed9a8aa3e-impl-thread1] INFO  server.RaftServer (RaftServerProxy.java:initGroupDir(258)) - b1c70fe4-d692-4fdb-aa26-025ed9a8aa3e: found a subdirectory /home/runner/work/ozone/ozone/hadoop-ozone/integration-test/target/test-dir/MiniOzoneClusterImpl-38a365bd-16d9-45d9-a84a-b01271e6c83a/datanode-1/data/ratis/tmp
2023-09-20 15:48:33,772 [b1c70fe4-d692-4fdb-aa26-025ed9a8aa3e-impl-thread1] INFO  server.RaftServer (RaftServerProxy.java:initGroupDir(263)) - b1c70fe4-d692-4fdb-aa26-025ed9a8aa3e: The directory /home/runner/work/ozone/ozone/hadoop-ozone/integration-test/target/test-dir/MiniOzoneClusterImpl-38a365bd-16d9-45d9-a84a-b01271e6c83a/datanode-1/data/ratis/tmp is not a group directory; ignoring it. 
2023-09-20 15:48:33,772 [main] INFO  replication.ReplicationServer (ReplicationServer.java:<init>(83)) - Initializing replication server with thread count = 10 queue length = 4096
2023-09-20 15:48:33,774 [main] INFO  server.XceiverServerGrpc (XceiverServerGrpc.java:<init>(132)) - GrpcServer channel type EpollServerSocketChannel
2023-09-20 15:48:33,777 [main] INFO  replication.ReplicationSupervisor (ReplicationSupervisor.java:build(155)) - Initializing replication supervisor with thread count = 10
2023-09-20 15:48:33,777 [main] INFO  replication.ReplicationSupervisor (ReplicationSupervisor.java:nodeStateUpdated(307)) - Node state updated to IN_SERVICE, scaling executor pool size to 10
2023-09-20 15:48:33,780 [main] INFO  http.BaseHttpServer (BaseHttpServer.java:newHttpServer2BuilderForOzone(223)) - Starting Web-server for hddsDatanode at: http://0.0.0.0:15053
2023-09-20 15:48:33,780 [main] INFO  http.BaseHttpServer (BaseHttpServer.java:<init>(110)) - Hadoop Security Enabled: false Ozone Security Enabled: false Ozone HTTP Security Enabled: false 
2023-09-20 15:48:33,782 [main] WARN  server.AuthenticationFilter (AuthenticationFilter.java:constructSecretProvider(240)) - Unable to initialize FileSignerSecretProvider, falling back to use random secrets. Reason: Could not read signature secret file: /home/runner/hadoop-http-auth-signature-secret
2023-09-20 15:48:33,782 [main] INFO  http.HttpRequestLog (HttpRequestLog.java:getRequestLog(86)) - Http request log for http.requests.hddsDatanode is not defined
2023-09-20 15:48:33,785 [main] INFO  http.HttpServer2 (HttpServer2.java:addGlobalFilter(1031)) - Added global filter 'safety' (class=org.apache.hadoop.hdds.server.http.HttpServer2$QuotingInputFilter)
2023-09-20 15:48:33,785 [main] INFO  http.HttpServer2 (HttpServer2.java:addFilter(1007)) - Added filter static_user_filter (class=org.apache.hadoop.http.lib.StaticUserWebFilter$StaticUserFilter) to context hddsDatanode
2023-09-20 15:48:33,786 [main] INFO  http.HttpServer2 (HttpServer2.java:addFilter(1015)) - Added filter static_user_filter (class=org.apache.hadoop.http.lib.StaticUserWebFilter$StaticUserFilter) to context logs
2023-09-20 15:48:33,786 [main] INFO  http.HttpServer2 (HttpServer2.java:addFilter(1015)) - Added filter static_user_filter (class=org.apache.hadoop.http.lib.StaticUserWebFilter$StaticUserFilter) to context static
2023-09-20 15:48:33,788 [main] INFO  http.BaseHttpServer (BaseHttpServer.java:<init>(189)) - HTTP server of hddsDatanode uses base directory /home/runner/work/ozone/ozone/hadoop-ozone/integration-test/target/test-dir/MiniOzoneClusterImpl-38a365bd-16d9-45d9-a84a-b01271e6c83a/datanode-1/meta/webserver
2023-09-20 15:48:33,788 [main] INFO  http.HttpServer2 (HttpServer2.java:bindListener(1231)) - Jetty bound to port 15053
2023-09-20 15:48:33,788 [main] INFO  server.Server (Server.java:doStart(375)) - jetty-9.4.52.v20230823; built: 2023-08-23T19:29:37.669Z; git: abdcda73818a1a2c705da276edb0bf6581e7997e; jvm 1.8.0_382-b05
2023-09-20 15:48:33,805 [main] INFO  server.session (DefaultSessionIdManager.java:doStart(334)) - DefaultSessionIdManager workerName=node0
2023-09-20 15:48:33,805 [main] INFO  server.session (DefaultSessionIdManager.java:doStart(339)) - No SessionScavenger set, using defaults
2023-09-20 15:48:33,805 [main] INFO  server.session (HouseKeeper.java:startScavenging(132)) - node0 Scavenging every 600000ms
2023-09-20 15:48:33,807 [main] INFO  handler.ContextHandler (ContextHandler.java:doStart(921)) - Started o.e.j.s.ServletContextHandler@6893e9c{logs,/logs,file:///home/runner/work/ozone/ozone/hadoop-ozone/integration-test/target/log,AVAILABLE}
2023-09-20 15:48:33,807 [main] INFO  handler.ContextHandler (ContextHandler.java:doStart(921)) - Started o.e.j.s.ServletContextHandler@5dad1080{static,/static,jar:file:/home/runner/.m2/repository/org/apache/ozone/hdds-container-service/1.4.0-SNAPSHOT/hdds-container-service-1.4.0-SNAPSHOT.jar!/webapps/static,AVAILABLE}
2023-09-20 15:48:34,074 [main] INFO  handler.ContextHandler (ContextHandler.java:doStart(921)) - Started o.e.j.w.WebAppContext@261857a{hddsDatanode,/,file:///home/runner/work/ozone/ozone/hadoop-ozone/integration-test/target/test-dir/MiniOzoneClusterImpl-38a365bd-16d9-45d9-a84a-b01271e6c83a/datanode-1/meta/webserver/jetty-0_0_0_0-15053-hdds-container-service-1_4_0-SNAPSHOT_jar-_-any-3389155052718855419/webapp/,AVAILABLE}{jar:file:/home/runner/.m2/repository/org/apache/ozone/hdds-container-service/1.4.0-SNAPSHOT/hdds-container-service-1.4.0-SNAPSHOT.jar!/webapps/hddsDatanode}
2023-09-20 15:48:34,076 [main] INFO  server.AbstractConnector (AbstractConnector.java:doStart(333)) - Started ServerConnector@79c40648{HTTP/1.1, (http/1.1)}{0.0.0.0:15053}
2023-09-20 15:48:34,076 [main] INFO  server.Server (Server.java:doStart(415)) - Started @139623ms
2023-09-20 15:48:34,077 [main] WARN  impl.MetricsSystemImpl (MetricsSystemImpl.java:register(279)) - Sink prometheus already exists!
2023-09-20 15:48:34,078 [main] INFO  http.BaseHttpServer (BaseHttpServer.java:updateConnectorAddress(354)) - HTTP server of hddsDatanode listening at http://0.0.0.0:15053
2023-09-20 15:48:34,078 [main] INFO  ipc.CallQueueManager (CallQueueManager.java:<init>(90)) - Using callQueue: class java.util.concurrent.LinkedBlockingQueue, queueCapacity: 100, scheduler: class org.apache.hadoop.ipc.DefaultRpcScheduler, ipcBackoff: false.
2023-09-20 15:48:34,079 [main] INFO  ipc.Server (Server.java:<init>(1287)) - Listener at 0.0.0.0:15054
2023-09-20 15:48:34,079 [Socket Reader #1 for port 15054] INFO  ipc.Server (Server.java:run(1323)) - Starting Socket Reader #1 for port 15054
2023-09-20 15:48:34,085 [main] INFO  ozone.HddsDatanodeService (HddsDatanodeService.java:start(315)) - Datanode start with admins: [runner]
2023-09-20 15:48:34,085 [main] INFO  ozone.HddsDatanodeClientProtocolServer (HddsDatanodeClientProtocolServer.java:start(72)) - RPC server for Client /0.0.0.0:15054
2023-09-20 15:48:34,085 [IPC Server Responder] INFO  ipc.Server (Server.java:run(1562)) - IPC Server Responder: starting
2023-09-20 15:48:34,086 [IPC Server listener on 15054] INFO  ipc.Server (Server.java:run(1402)) - IPC Server listener on 15054: starting
2023-09-20 15:48:34,086 [main] WARN  impl.MetricRegistriesImpl (MetricRegistriesImpl.java:addReporterRegistration(111)) - New reporters are added after registries were created. Some metrics will be missing from the reporter. Please add reporter before adding any new registry.
2023-09-20 15:48:34,086 [main] WARN  impl.MetricRegistriesImpl (MetricRegistriesImpl.java:addReporterRegistration(111)) - New reporters are added after registries were created. Some metrics will be missing from the reporter. Please add reporter before adding any new registry.
2023-09-20 15:48:34,087 [main] INFO  impl.MetricsSystemImpl (MetricsSystemImpl.java:init(158)) - HddsDatanode metrics system started (again)
2023-09-20 15:48:34,094 [Datanode State Machine Daemon Thread] INFO  statemachine.DatanodeStateMachine (DatanodeStateMachine.java:lambda$startDaemon$0(540)) - Ozone container server started.
2023-09-20 15:48:34,109 [Datanode State Machine Task Thread - 0] INFO  datanode.InitDatanodeState (InitDatanodeState.java:persistContainerDatanodeDetails(138)) - DatanodeDetails is persisted to /home/runner/work/ozone/ozone/hadoop-ozone/integration-test/target/test-dir/MiniOzoneClusterImpl-38a365bd-16d9-45d9-a84a-b01271e6c83a/datanode-1/meta/datanode.id
2023-09-20 15:48:34,115 [main] INFO  ozone.HddsDatanodeService (HddsDatanodeService.java:start(237)) - HddsDatanodeService host:fv-az345-844.jvbsasuktymudpoi5cueu5eohe.gx.internal.cloudapp.net ip:10.1.0.36
2023-09-20 15:48:34,150 [main] INFO  upgrade.AbstractLayoutVersionManager (AbstractLayoutVersionManager.java:init(83)) - Initializing Layout version manager with metadata layout = HADOOP_PRC_PORTS_IN_DATANODEDETAILS (version = 7), software layout = HADOOP_PRC_PORTS_IN_DATANODEDETAILS (version = 7)
2023-09-20 15:48:34,151 [main] INFO  statemachine.DatanodeStateMachine (DatanodeStateMachine.java:getEndPointTaskThreadPoolSize(284)) - Datanode State Machine Task Thread Pool size 2
2023-09-20 15:48:34,153 [main] INFO  volume.HddsVolume (HddsVolume.java:<init>(126)) - Creating HddsVolume: /home/runner/work/ozone/ozone/hadoop-ozone/integration-test/target/test-dir/MiniOzoneClusterImpl-38a365bd-16d9-45d9-a84a-b01271e6c83a/datanode-2/data-0/containers/hdds of storage type : DISK capacity : 9223372036854775807
2023-09-20 15:48:34,153 [main] INFO  volume.MutableVolumeSet (MutableVolumeSet.java:initializeVolumeSet(173)) - Added Volume : /home/runner/work/ozone/ozone/hadoop-ozone/integration-test/target/test-dir/MiniOzoneClusterImpl-38a365bd-16d9-45d9-a84a-b01271e6c83a/datanode-2/data-0/containers/hdds to VolumeSet
2023-09-20 15:48:34,154 [main] INFO  volume.MutableVolumeSet (MutableVolumeSet.java:initializeVolumeSet(173)) - Added Volume : /home/runner/work/ozone/ozone/hadoop-ozone/integration-test/target/test-dir/MiniOzoneClusterImpl-38a365bd-16d9-45d9-a84a-b01271e6c83a/datanode-2/data/ratis to VolumeSet
2023-09-20 15:48:34,155 [Thread-1063] INFO  ozoneimpl.ContainerReader (ContainerReader.java:readVolume(177)) - Finish verifying containers on volume /home/runner/work/ozone/ozone/hadoop-ozone/integration-test/target/test-dir/MiniOzoneClusterImpl-38a365bd-16d9-45d9-a84a-b01271e6c83a/datanode-2/data-0/containers/hdds
2023-09-20 15:48:34,155 [main] INFO  ozoneimpl.OzoneContainer (OzoneContainer.java:buildContainerSet(314)) - Build ContainerSet costs 0s
2023-09-20 15:48:34,159 [main] INFO  server.RaftServer (ConfUtils.java:logGet(46)) - raft.rpc.type = GRPC (default)
2023-09-20 15:48:34,159 [main] INFO  grpc.GrpcConfigKeys (ConfUtils.java:logFallback(53)) - raft.grpc.admin.host = null (fallback to raft.grpc.server.host)
2023-09-20 15:48:34,159 [main] INFO  grpc.GrpcConfigKeys (ConfUtils.java:logGet(46)) - raft.grpc.admin.port = 15066 (custom)
2023-09-20 15:48:34,159 [main] INFO  grpc.GrpcConfigKeys (ConfUtils.java:logFallback(53)) - raft.grpc.client.host = null (fallback to raft.grpc.server.host)
2023-09-20 15:48:34,159 [main] INFO  grpc.GrpcConfigKeys (ConfUtils.java:logGet(46)) - raft.grpc.client.port = 15065 (custom)
2023-09-20 15:48:34,160 [main] INFO  grpc.GrpcConfigKeys (ConfUtils.java:logGet(46)) - raft.grpc.server.host = null (default)
2023-09-20 15:48:34,160 [main] INFO  grpc.GrpcConfigKeys (ConfUtils.java:logGet(46)) - raft.grpc.server.port = 15067 (custom)
2023-09-20 15:48:34,160 [main] INFO  server.GrpcService (ConfUtils.java:logGet(46)) - raft.grpc.message.size.max = 32MB (=33554432) (custom)
2023-09-20 15:48:34,160 [main] INFO  server.RaftServerConfigKeys (ConfUtils.java:logGet(46)) - raft.server.log.appender.buffer.byte-limit = 33554432 (custom)
2023-09-20 15:48:34,161 [main] INFO  server.GrpcService (ConfUtils.java:logGet(46)) - raft.grpc.flow.control.window = 5MB (=5242880) (custom)
2023-09-20 15:48:34,161 [main] INFO  server.RaftServerConfigKeys (ConfUtils.java:logGet(46)) - raft.server.rpc.request.timeout = 60s (custom)
2023-09-20 15:48:34,161 [main] INFO  grpc.GrpcConfigKeys (ConfUtils.java:logGet(46)) - raft.grpc.server.heartbeat.channel = true (default)
2023-09-20 15:48:34,161 [main] INFO  grpc.GrpcConfigKeys (ConfUtils.java:logGet(46)) - raft.grpc.server.async.request.thread.pool.cached = true (default)
2023-09-20 15:48:34,161 [main] INFO  grpc.GrpcConfigKeys (ConfUtils.java:logGet(46)) - raft.grpc.server.async.request.thread.pool.size = 32 (default)
2023-09-20 15:48:34,164 [main] INFO  impl.DataStreamServerImpl (ConfUtils.java:logGet(46)) - raft.datastream.type = NETTY (custom)
2023-09-20 15:48:34,165 [main] INFO  server.RaftServerConfigKeys (ConfUtils.java:logGet(46)) - raft.server.data-stream.async.request.thread.pool.cached = false (default)
2023-09-20 15:48:34,165 [main] INFO  server.RaftServerConfigKeys (ConfUtils.java:logGet(46)) - raft.server.data-stream.async.request.thread.pool.size = 20 (custom)
2023-09-20 15:48:34,165 [main] INFO  server.RaftServerConfigKeys (ConfUtils.java:logGet(46)) - raft.server.data-stream.async.write.thread.pool.size = 16 (default)
2023-09-20 15:48:34,166 [main] INFO  server.RaftServerConfigKeys (ConfUtils.java:logGet(46)) - raft.server.data-stream.client.pool.size = 10 (default)
2023-09-20 15:48:34,166 [main] INFO  netty.NettyConfigKeys$DataStream (ConfUtils.java:logGet(46)) - raft.netty.dataStream.server.use-epoll = false (default)
2023-09-20 15:48:34,166 [main] INFO  netty.NettyConfigKeys$DataStream (ConfUtils.java:logGet(46)) - raft.netty.dataStream.server.boss-group.size = 0 (default)
2023-09-20 15:48:34,170 [main] INFO  netty.NettyConfigKeys$DataStream (ConfUtils.java:logGet(46)) - raft.netty.dataStream.server.worker-group.size = 0 (default)
2023-09-20 15:48:34,170 [main] INFO  netty.NettyConfigKeys$DataStream (ConfUtils.java:logGet(46)) - raft.netty.dataStream.server.tls.conf = null (default)
2023-09-20 15:48:34,171 [main] INFO  netty.NettyConfigKeys$DataStream (ConfUtils.java:logGet(46)) - raft.netty.dataStream.host = null (default)
2023-09-20 15:48:34,171 [main] INFO  netty.NettyConfigKeys$DataStream (ConfUtils.java:logGet(46)) - raft.netty.dataStream.port = 15068 (custom)
2023-09-20 15:48:34,173 [main] INFO  server.RaftServerConfigKeys (ConfUtils.java:logGet(46)) - raft.server.threadpool.proxy.cached = true (default)
2023-09-20 15:48:34,173 [main] INFO  server.RaftServerConfigKeys (ConfUtils.java:logGet(46)) - raft.server.threadpool.proxy.size = 0 (default)
2023-09-20 15:48:34,174 [main] INFO  server.RaftServerConfigKeys (ConfUtils.java:logGet(46)) - raft.server.rpc.slowness.timeout = 300s (custom)
2023-09-20 15:48:34,174 [main] INFO  server.RaftServerConfigKeys (ConfUtils.java:logGet(46)) - raft.server.leaderelection.leader.step-down.wait-time = 10s (default)
2023-09-20 15:48:34,174 [main] INFO  server.RaftServerConfigKeys (ConfUtils.java:logGet(46)) - raft.server.storage.dir = [/home/runner/work/ozone/ozone/hadoop-ozone/integration-test/target/test-dir/MiniOzoneClusterImpl-38a365bd-16d9-45d9-a84a-b01271e6c83a/datanode-2/data/ratis] (custom)
2023-09-20 15:48:34,175 [d833c6c7-5026-4edd-bbd5-8ccc0ef3852d-NettyServerStreamRpc-bossGroup--thread1] INFO  logging.LoggingHandler (AbstractInternalLogger.java:log(148)) - [id: 0x69f52acb] REGISTERED
2023-09-20 15:48:34,175 [d833c6c7-5026-4edd-bbd5-8ccc0ef3852d-NettyServerStreamRpc-bossGroup--thread1] INFO  logging.LoggingHandler (AbstractInternalLogger.java:log(148)) - [id: 0x69f52acb] BIND: 0.0.0.0/0.0.0.0:15068
2023-09-20 15:48:34,175 [d833c6c7-5026-4edd-bbd5-8ccc0ef3852d-NettyServerStreamRpc-bossGroup--thread1] INFO  logging.LoggingHandler (AbstractInternalLogger.java:log(148)) - [id: 0x69f52acb, L:/0:0:0:0:0:0:0:0:15068] ACTIVE
2023-09-20 15:48:34,179 [d833c6c7-5026-4edd-bbd5-8ccc0ef3852d-impl-thread1] INFO  server.RaftServer (RaftServerProxy.java:initGroupDir(258)) - d833c6c7-5026-4edd-bbd5-8ccc0ef3852d: found a subdirectory /home/runner/work/ozone/ozone/hadoop-ozone/integration-test/target/test-dir/MiniOzoneClusterImpl-38a365bd-16d9-45d9-a84a-b01271e6c83a/datanode-2/data/ratis/tmp
2023-09-20 15:48:34,179 [d833c6c7-5026-4edd-bbd5-8ccc0ef3852d-impl-thread1] INFO  server.RaftServer (RaftServerProxy.java:initGroupDir(263)) - d833c6c7-5026-4edd-bbd5-8ccc0ef3852d: The directory /home/runner/work/ozone/ozone/hadoop-ozone/integration-test/target/test-dir/MiniOzoneClusterImpl-38a365bd-16d9-45d9-a84a-b01271e6c83a/datanode-2/data/ratis/tmp is not a group directory; ignoring it. 
2023-09-20 15:48:34,179 [main] INFO  replication.ReplicationServer (ReplicationServer.java:<init>(83)) - Initializing replication server with thread count = 10 queue length = 4096
2023-09-20 15:48:34,181 [main] INFO  server.XceiverServerGrpc (XceiverServerGrpc.java:<init>(132)) - GrpcServer channel type EpollServerSocketChannel
2023-09-20 15:48:34,184 [main] INFO  replication.ReplicationSupervisor (ReplicationSupervisor.java:build(155)) - Initializing replication supervisor with thread count = 10
2023-09-20 15:48:34,184 [main] INFO  replication.ReplicationSupervisor (ReplicationSupervisor.java:nodeStateUpdated(307)) - Node state updated to IN_SERVICE, scaling executor pool size to 10
2023-09-20 15:48:34,187 [main] INFO  http.BaseHttpServer (BaseHttpServer.java:newHttpServer2BuilderForOzone(223)) - Starting Web-server for hddsDatanode at: http://0.0.0.0:15062
2023-09-20 15:48:34,188 [main] INFO  http.BaseHttpServer (BaseHttpServer.java:<init>(110)) - Hadoop Security Enabled: false Ozone Security Enabled: false Ozone HTTP Security Enabled: false 
2023-09-20 15:48:34,189 [main] WARN  server.AuthenticationFilter (AuthenticationFilter.java:constructSecretProvider(240)) - Unable to initialize FileSignerSecretProvider, falling back to use random secrets. Reason: Could not read signature secret file: /home/runner/hadoop-http-auth-signature-secret
2023-09-20 15:48:34,190 [main] INFO  http.HttpRequestLog (HttpRequestLog.java:getRequestLog(86)) - Http request log for http.requests.hddsDatanode is not defined
2023-09-20 15:48:34,192 [main] INFO  http.HttpServer2 (HttpServer2.java:addGlobalFilter(1031)) - Added global filter 'safety' (class=org.apache.hadoop.hdds.server.http.HttpServer2$QuotingInputFilter)
2023-09-20 15:48:34,192 [main] INFO  http.HttpServer2 (HttpServer2.java:addFilter(1007)) - Added filter static_user_filter (class=org.apache.hadoop.http.lib.StaticUserWebFilter$StaticUserFilter) to context hddsDatanode
2023-09-20 15:48:34,192 [main] INFO  http.HttpServer2 (HttpServer2.java:addFilter(1015)) - Added filter static_user_filter (class=org.apache.hadoop.http.lib.StaticUserWebFilter$StaticUserFilter) to context logs
2023-09-20 15:48:34,193 [main] INFO  http.HttpServer2 (HttpServer2.java:addFilter(1015)) - Added filter static_user_filter (class=org.apache.hadoop.http.lib.StaticUserWebFilter$StaticUserFilter) to context static
2023-09-20 15:48:34,193 [main] INFO  http.BaseHttpServer (BaseHttpServer.java:<init>(189)) - HTTP server of hddsDatanode uses base directory /home/runner/work/ozone/ozone/hadoop-ozone/integration-test/target/test-dir/MiniOzoneClusterImpl-38a365bd-16d9-45d9-a84a-b01271e6c83a/datanode-2/meta/webserver
2023-09-20 15:48:34,194 [main] INFO  http.HttpServer2 (HttpServer2.java:bindListener(1231)) - Jetty bound to port 15062
2023-09-20 15:48:34,194 [main] INFO  server.Server (Server.java:doStart(375)) - jetty-9.4.52.v20230823; built: 2023-08-23T19:29:37.669Z; git: abdcda73818a1a2c705da276edb0bf6581e7997e; jvm 1.8.0_382-b05
2023-09-20 15:48:34,196 [main] INFO  server.session (DefaultSessionIdManager.java:doStart(334)) - DefaultSessionIdManager workerName=node0
2023-09-20 15:48:34,196 [main] INFO  server.session (DefaultSessionIdManager.java:doStart(339)) - No SessionScavenger set, using defaults
2023-09-20 15:48:34,196 [main] INFO  server.session (HouseKeeper.java:startScavenging(132)) - node0 Scavenging every 660000ms
2023-09-20 15:48:34,197 [main] INFO  handler.ContextHandler (ContextHandler.java:doStart(921)) - Started o.e.j.s.ServletContextHandler@4a8cfd7a{logs,/logs,file:///home/runner/work/ozone/ozone/hadoop-ozone/integration-test/target/log,AVAILABLE}
2023-09-20 15:48:34,197 [main] INFO  handler.ContextHandler (ContextHandler.java:doStart(921)) - Started o.e.j.s.ServletContextHandler@224061ec{static,/static,jar:file:/home/runner/.m2/repository/org/apache/ozone/hdds-container-service/1.4.0-SNAPSHOT/hdds-container-service-1.4.0-SNAPSHOT.jar!/webapps/static,AVAILABLE}
2023-09-20 15:48:34,200 [om1@group-C5BA1605619E-FollowerState] INFO  impl.FollowerState (FollowerState.java:run(143)) - om1@group-C5BA1605619E-FollowerState: change to CANDIDATE, lastRpcElapsedTime:1011676104ns, electionTimeout:1008ms
2023-09-20 15:48:34,200 [om1@group-C5BA1605619E-FollowerState] INFO  impl.RoleInfo (RoleInfo.java:shutdownFollowerState(110)) - om1: shutdown om1@group-C5BA1605619E-FollowerState
2023-09-20 15:48:34,200 [om1@group-C5BA1605619E-FollowerState] INFO  server.RaftServer$Division (RaftServerImpl.java:setRole(329)) - om1@group-C5BA1605619E: changes role from  FOLLOWER to CANDIDATE at term 0 for changeToCandidate
2023-09-20 15:48:34,200 [om1@group-C5BA1605619E-FollowerState] INFO  server.RaftServerConfigKeys (ConfUtils.java:logGet(46)) - raft.server.leaderelection.pre-vote = true (default)
2023-09-20 15:48:34,201 [om1@group-C5BA1605619E-FollowerState] INFO  impl.RoleInfo (RoleInfo.java:updateAndGet(139)) - om1: start om1@group-C5BA1605619E-LeaderElection8
2023-09-20 15:48:34,204 [om1@group-C5BA1605619E-LeaderElection8] INFO  impl.LeaderElection (LeaderElection.java:askForVotes(321)) - om1@group-C5BA1605619E-LeaderElection8 PRE_VOTE round 0: submit vote requests at term 0 for -1: peers:[om1|rpc:localhost:15042|priority:0|startupRole:FOLLOWER]|listeners:[], old=null
2023-09-20 15:48:34,204 [om1@group-C5BA1605619E-LeaderElection8] INFO  impl.LeaderElection (LeaderElection.java:askForVotes(323)) - om1@group-C5BA1605619E-LeaderElection8 PRE_VOTE round 0: result PASSED (term=0)
2023-09-20 15:48:34,206 [om1@group-C5BA1605619E-LeaderElection8] INFO  impl.LeaderElection (LeaderElection.java:askForVotes(321)) - om1@group-C5BA1605619E-LeaderElection8 ELECTION round 0: submit vote requests at term 1 for -1: peers:[om1|rpc:localhost:15042|priority:0|startupRole:FOLLOWER]|listeners:[], old=null
2023-09-20 15:48:34,206 [om1@group-C5BA1605619E-LeaderElection8] INFO  impl.LeaderElection (LeaderElection.java:askForVotes(323)) - om1@group-C5BA1605619E-LeaderElection8 ELECTION round 0: result PASSED (term=1)
2023-09-20 15:48:34,206 [om1@group-C5BA1605619E-LeaderElection8] INFO  impl.RoleInfo (RoleInfo.java:shutdownLeaderElection(130)) - om1: shutdown om1@group-C5BA1605619E-LeaderElection8
2023-09-20 15:48:34,206 [om1@group-C5BA1605619E-LeaderElection8] INFO  server.RaftServer$Division (RaftServerImpl.java:setRole(329)) - om1@group-C5BA1605619E: changes role from CANDIDATE to LEADER at term 1 for changeToLeader
2023-09-20 15:48:34,207 [om1@group-C5BA1605619E-LeaderElection8] INFO  server.RaftServer$Division (ServerState.java:setLeader(317)) - om1@group-C5BA1605619E: change Leader from null to om1 at term 1 for becomeLeader, leader elected after 1697ms
2023-09-20 15:48:34,207 [om1@group-C5BA1605619E-LeaderElection8] INFO  server.RaftServerConfigKeys (ConfUtils.java:logGet(46)) - raft.server.staging.catchup.gap = 1000 (default)
2023-09-20 15:48:34,207 [om1@group-C5BA1605619E-LeaderElection8] INFO  server.RaftServerConfigKeys (ConfUtils.java:logGet(46)) - raft.server.write.element-limit = 4096 (default)
2023-09-20 15:48:34,207 [om1@group-C5BA1605619E-LeaderElection8] INFO  server.RaftServerConfigKeys (ConfUtils.java:logGet(46)) - raft.server.write.byte-limit = 64MB (=67108864) (default)
2023-09-20 15:48:34,207 [om1@group-C5BA1605619E-LeaderElection8] INFO  server.RaftServerConfigKeys (ConfUtils.java:logGet(46)) - raft.server.watch.timeout = 10s (default)
2023-09-20 15:48:34,207 [om1@group-C5BA1605619E-LeaderElection8] INFO  server.RaftServerConfigKeys (ConfUtils.java:logGet(46)) - raft.server.watch.timeout.denomination = 1s (default)
2023-09-20 15:48:34,207 [om1@group-C5BA1605619E-LeaderElection8] INFO  server.RaftServerConfigKeys (ConfUtils.java:logGet(46)) - raft.server.watch.element-limit = 65536 (default)
2023-09-20 15:48:34,208 [om1@group-C5BA1605619E-LeaderElection8] INFO  server.RaftServerConfigKeys (ConfUtils.java:logGet(46)) - raft.server.write.element-limit = 4096 (default)
2023-09-20 15:48:34,208 [om1@group-C5BA1605619E-LeaderElection8] INFO  server.RaftServerConfigKeys (ConfUtils.java:logGet(46)) - raft.server.write.follower.gap.ratio.max = -1.0 (default)
2023-09-20 15:48:34,208 [om1@group-C5BA1605619E-LeaderElection8] INFO  impl.RoleInfo (RoleInfo.java:updateAndGet(139)) - om1: start om1@group-C5BA1605619E-LeaderStateImpl
2023-09-20 15:48:34,208 [om1@group-C5BA1605619E-LeaderElection8] INFO  segmented.SegmentedRaftLogWorker (SegmentedRaftLogWorker.java:startLogSegment(447)) - om1@group-C5BA1605619E-SegmentedRaftLogWorker: Starting segment from index:0
2023-09-20 15:48:34,219 [om1@group-C5BA1605619E-LeaderElection8] INFO  server.RaftServer$Division (ServerState.java:setRaftConf(434)) - om1@group-C5BA1605619E: set configuration 0: peers:[om1|rpc:localhost:15042|admin:|client:|dataStream:|priority:0|startupRole:FOLLOWER]|listeners:[], old=null
2023-09-20 15:48:34,222 [om1@group-C5BA1605619E-SegmentedRaftLogWorker] INFO  segmented.SegmentedRaftLogWorker (SegmentedRaftLogWorker.java:execute(651)) - om1@group-C5BA1605619E-SegmentedRaftLogWorker: created new log segment /home/runner/work/ozone/ozone/hadoop-ozone/integration-test/target/test-dir/MiniOzoneClusterImpl-38a365bd-16d9-45d9-a84a-b01271e6c83a/ozone-meta/ratis/bf265839-605b-3f16-9796-c5ba1605619e/current/log_inprogress_0
2023-09-20 15:48:34,224 [om1@group-C5BA1605619E-StateMachineUpdater] INFO  ratis.OzoneManagerStateMachine (OzoneManagerStateMachine.java:notifyConfigurationChanged(202)) - Received Configuration change notification from Ratis. New Peer list:
[id: "om1"
address: "localhost:15042"
startupRole: FOLLOWER
]
2023-09-20 15:48:34,470 [main] INFO  handler.ContextHandler (ContextHandler.java:doStart(921)) - Started o.e.j.w.WebAppContext@272c56c8{hddsDatanode,/,file:///home/runner/work/ozone/ozone/hadoop-ozone/integration-test/target/test-dir/MiniOzoneClusterImpl-38a365bd-16d9-45d9-a84a-b01271e6c83a/datanode-2/meta/webserver/jetty-0_0_0_0-15062-hdds-container-service-1_4_0-SNAPSHOT_jar-_-any-5419285204683435827/webapp/,AVAILABLE}{jar:file:/home/runner/.m2/repository/org/apache/ozone/hdds-container-service/1.4.0-SNAPSHOT/hdds-container-service-1.4.0-SNAPSHOT.jar!/webapps/hddsDatanode}
2023-09-20 15:48:34,472 [main] INFO  server.AbstractConnector (AbstractConnector.java:doStart(333)) - Started ServerConnector@10a70c14{HTTP/1.1, (http/1.1)}{0.0.0.0:15062}
2023-09-20 15:48:34,472 [main] INFO  server.Server (Server.java:doStart(415)) - Started @140019ms
2023-09-20 15:48:34,473 [main] WARN  impl.MetricsSystemImpl (MetricsSystemImpl.java:register(279)) - Sink prometheus already exists!
2023-09-20 15:48:34,473 [main] INFO  http.BaseHttpServer (BaseHttpServer.java:updateConnectorAddress(354)) - HTTP server of hddsDatanode listening at http://0.0.0.0:15062
2023-09-20 15:48:34,474 [main] INFO  ipc.CallQueueManager (CallQueueManager.java:<init>(90)) - Using callQueue: class java.util.concurrent.LinkedBlockingQueue, queueCapacity: 100, scheduler: class org.apache.hadoop.ipc.DefaultRpcScheduler, ipcBackoff: false.
2023-09-20 15:48:34,474 [main] INFO  ipc.Server (Server.java:<init>(1287)) - Listener at 0.0.0.0:15063
2023-09-20 15:48:34,482 [Socket Reader #1 for port 15063] INFO  ipc.Server (Server.java:run(1323)) - Starting Socket Reader #1 for port 15063
2023-09-20 15:48:34,484 [main] INFO  ozone.HddsDatanodeService (HddsDatanodeService.java:start(315)) - Datanode start with admins: [runner]
2023-09-20 15:48:34,485 [main] INFO  ozone.HddsDatanodeClientProtocolServer (HddsDatanodeClientProtocolServer.java:start(72)) - RPC server for Client /0.0.0.0:15063
2023-09-20 15:48:34,485 [IPC Server Responder] INFO  ipc.Server (Server.java:run(1562)) - IPC Server Responder: starting
2023-09-20 15:48:34,487 [Datanode State Machine Daemon Thread] INFO  statemachine.DatanodeStateMachine (DatanodeStateMachine.java:lambda$startDaemon$0(540)) - Ozone container server started.
2023-09-20 15:48:34,488 [main] INFO  ozone.MiniOzoneClusterImpl (MiniOzoneClusterImpl.java:lambda$waitForClusterToBeReady$0(224)) - Waiting for nodes to be ready. Got 0 of 3 DN Heartbeats.
2023-09-20 15:48:34,488 [main] INFO  ozone.MiniOzoneClusterImpl (MiniOzoneClusterImpl.java:lambda$waitForClusterToBeReady$0(227)) - Waiting for cluster to exit safe mode
2023-09-20 15:48:34,489 [main] INFO  ozone.MiniOzoneClusterImpl (MiniOzoneClusterImpl.java:lambda$waitForClusterToBeReady$0(229)) - SCM became leader
2023-09-20 15:48:34,489 [IPC Server listener on 15063] INFO  ipc.Server (Server.java:run(1402)) - IPC Server listener on 15063: starting
2023-09-20 15:48:34,497 [Datanode State Machine Task Thread - 0] INFO  datanode.InitDatanodeState (InitDatanodeState.java:persistContainerDatanodeDetails(138)) - DatanodeDetails is persisted to /home/runner/work/ozone/ozone/hadoop-ozone/integration-test/target/test-dir/MiniOzoneClusterImpl-38a365bd-16d9-45d9-a84a-b01271e6c83a/datanode-2/meta/datanode.id
2023-09-20 15:48:35,489 [main] INFO  ozone.MiniOzoneClusterImpl (MiniOzoneClusterImpl.java:lambda$waitForClusterToBeReady$0(224)) - Waiting for nodes to be ready. Got 0 of 3 DN Heartbeats.
2023-09-20 15:48:35,489 [main] INFO  ozone.MiniOzoneClusterImpl (MiniOzoneClusterImpl.java:lambda$waitForClusterToBeReady$0(227)) - Waiting for cluster to exit safe mode
2023-09-20 15:48:35,489 [main] INFO  ozone.MiniOzoneClusterImpl (MiniOzoneClusterImpl.java:lambda$waitForClusterToBeReady$0(229)) - SCM became leader
2023-09-20 15:48:35,747 [EndpointStateMachine task thread for /0.0.0.0:15037 - 0 ] INFO  utils.DatanodeStoreCache (DatanodeStoreCache.java:addDB(66)) - Added db /home/runner/work/ozone/ozone/hadoop-ozone/integration-test/target/test-dir/MiniOzoneClusterImpl-38a365bd-16d9-45d9-a84a-b01271e6c83a/datanode-0/data-0/containers/hdds/38a365bd-16d9-45d9-a84a-b01271e6c83a/DS-2ebba2cc-3d03-40b3-a51c-6b462141f628/container.db to cache
2023-09-20 15:48:35,747 [EndpointStateMachine task thread for /0.0.0.0:15037 - 0 ] INFO  volume.HddsVolume (HddsVolume.java:createDbStore(422)) - SchemaV3 db is created and loaded at /home/runner/work/ozone/ozone/hadoop-ozone/integration-test/target/test-dir/MiniOzoneClusterImpl-38a365bd-16d9-45d9-a84a-b01271e6c83a/datanode-0/data-0/containers/hdds/38a365bd-16d9-45d9-a84a-b01271e6c83a/DS-2ebba2cc-3d03-40b3-a51c-6b462141f628/container.db for volume DS-2ebba2cc-3d03-40b3-a51c-6b462141f628
2023-09-20 15:48:35,749 [EndpointStateMachine task thread for /0.0.0.0:15037 - 0 ] INFO  volume.ThrottledAsyncChecker (ThrottledAsyncChecker.java:schedule(141)) - Scheduling a check for /home/runner/work/ozone/ozone/hadoop-ozone/integration-test/target/test-dir/MiniOzoneClusterImpl-38a365bd-16d9-45d9-a84a-b01271e6c83a/datanode-0/data-0/containers/hdds
2023-09-20 15:48:35,758 [EndpointStateMachine task thread for /0.0.0.0:15037 - 0 ] INFO  volume.StorageVolumeChecker (StorageVolumeChecker.java:checkAllVolumes(213)) - Scheduled health check for volume /home/runner/work/ozone/ozone/hadoop-ozone/integration-test/target/test-dir/MiniOzoneClusterImpl-38a365bd-16d9-45d9-a84a-b01271e6c83a/datanode-0/data-0/containers/hdds
2023-09-20 15:48:35,763 [EndpointStateMachine task thread for /0.0.0.0:15037 - 0 ] INFO  volume.ThrottledAsyncChecker (ThrottledAsyncChecker.java:schedule(141)) - Scheduling a check for /home/runner/work/ozone/ozone/hadoop-ozone/integration-test/target/test-dir/MiniOzoneClusterImpl-38a365bd-16d9-45d9-a84a-b01271e6c83a/datanode-0/data/ratis
2023-09-20 15:48:35,763 [EndpointStateMachine task thread for /0.0.0.0:15037 - 0 ] INFO  volume.StorageVolumeChecker (StorageVolumeChecker.java:checkAllVolumes(213)) - Scheduled health check for volume /home/runner/work/ozone/ozone/hadoop-ozone/integration-test/target/test-dir/MiniOzoneClusterImpl-38a365bd-16d9-45d9-a84a-b01271e6c83a/datanode-0/data/ratis
2023-09-20 15:48:35,765 [EndpointStateMachine task thread for /0.0.0.0:15037 - 0 ] INFO  ozoneimpl.OzoneContainer (OzoneContainer.java:start(429)) - Attempting to start container services.
2023-09-20 15:48:35,765 [EndpointStateMachine task thread for /0.0.0.0:15037 - 0 ] INFO  ozoneimpl.OzoneContainer (OzoneContainer.java:startContainerScrub(325)) - Scheduled background container scanners and the on-demand container scanner have been disabled.
2023-09-20 15:48:35,767 [EndpointStateMachine task thread for /0.0.0.0:15037 - 0 ] INFO  replication.ReplicationServer (ReplicationServer.java:start(134)) - ReplicationServer is started using port 15051
2023-09-20 15:48:35,767 [EndpointStateMachine task thread for /0.0.0.0:15037 - 0 ] INFO  ratis.XceiverServerRatis (XceiverServerRatis.java:start(517)) - Starting XceiverServerRatis 76461d31-4f4d-43fe-b3e7-bc7be05b2809
2023-09-20 15:48:35,778 [EndpointStateMachine task thread for /0.0.0.0:15037 - 0 ] INFO  server.RaftServer (RaftServerProxy.java:startImpl(400)) - 76461d31-4f4d-43fe-b3e7-bc7be05b2809: start RPC server
2023-09-20 15:48:35,784 [EndpointStateMachine task thread for /0.0.0.0:15037 - 0 ] INFO  server.GrpcService (GrpcService.java:startImpl(302)) - 76461d31-4f4d-43fe-b3e7-bc7be05b2809: GrpcService started, listening on 15047
2023-09-20 15:48:35,787 [EndpointStateMachine task thread for /0.0.0.0:15037 - 0 ] INFO  server.GrpcService (GrpcService.java:startImpl(302)) - 76461d31-4f4d-43fe-b3e7-bc7be05b2809: GrpcService started, listening on 15049
2023-09-20 15:48:35,791 [EndpointStateMachine task thread for /0.0.0.0:15037 - 0 ] INFO  server.GrpcService (GrpcService.java:startImpl(302)) - 76461d31-4f4d-43fe-b3e7-bc7be05b2809: GrpcService started, listening on 15048
2023-09-20 15:48:35,794 [EndpointStateMachine task thread for /0.0.0.0:15037 - 0 ] INFO  ratis.XceiverServerRatis (XceiverServerRatis.java:getRealPort(543)) - XceiverServerRatis 76461d31-4f4d-43fe-b3e7-bc7be05b2809 is started using port 15047 for RATIS
2023-09-20 15:48:35,794 [EndpointStateMachine task thread for /0.0.0.0:15037 - 0 ] INFO  ratis.XceiverServerRatis (XceiverServerRatis.java:getRealPort(543)) - XceiverServerRatis 76461d31-4f4d-43fe-b3e7-bc7be05b2809 is started using port 15048 for RATIS_ADMIN
2023-09-20 15:48:35,795 [EndpointStateMachine task thread for /0.0.0.0:15037 - 0 ] INFO  ratis.XceiverServerRatis (XceiverServerRatis.java:getRealPort(543)) - XceiverServerRatis 76461d31-4f4d-43fe-b3e7-bc7be05b2809 is started using port 15049 for RATIS_SERVER
2023-09-20 15:48:35,795 [EndpointStateMachine task thread for /0.0.0.0:15037 - 0 ] INFO  ratis.XceiverServerRatis (XceiverServerRatis.java:getRealPort(543)) - XceiverServerRatis 76461d31-4f4d-43fe-b3e7-bc7be05b2809 is started using port 15050 for RATIS_DATASTREAM
2023-09-20 15:48:35,795 [JvmPauseMonitor7] INFO  util.JvmPauseMonitor (JvmPauseMonitor.java:run(103)) - JvmPauseMonitor-76461d31-4f4d-43fe-b3e7-bc7be05b2809: Started
2023-09-20 15:48:35,813 [BlockDeletingService#0] INFO  interfaces.ContainerDeletionChoosingPolicyTemplate (ContainerDeletionChoosingPolicyTemplate.java:chooseContainerForBlockDeletion(85)) - Chosen 0/5000 blocks from 0 candidate containers.
2023-09-20 15:48:36,155 [EndpointStateMachine task thread for /0.0.0.0:15037 - 0 ] INFO  utils.DatanodeStoreCache (DatanodeStoreCache.java:addDB(66)) - Added db /home/runner/work/ozone/ozone/hadoop-ozone/integration-test/target/test-dir/MiniOzoneClusterImpl-38a365bd-16d9-45d9-a84a-b01271e6c83a/datanode-1/data-0/containers/hdds/38a365bd-16d9-45d9-a84a-b01271e6c83a/DS-b63d5fbc-ecd1-4664-970c-a0a911358b5a/container.db to cache
2023-09-20 15:48:36,155 [EndpointStateMachine task thread for /0.0.0.0:15037 - 0 ] INFO  volume.HddsVolume (HddsVolume.java:createDbStore(422)) - SchemaV3 db is created and loaded at /home/runner/work/ozone/ozone/hadoop-ozone/integration-test/target/test-dir/MiniOzoneClusterImpl-38a365bd-16d9-45d9-a84a-b01271e6c83a/datanode-1/data-0/containers/hdds/38a365bd-16d9-45d9-a84a-b01271e6c83a/DS-b63d5fbc-ecd1-4664-970c-a0a911358b5a/container.db for volume DS-b63d5fbc-ecd1-4664-970c-a0a911358b5a
2023-09-20 15:48:36,156 [EndpointStateMachine task thread for /0.0.0.0:15037 - 0 ] INFO  volume.ThrottledAsyncChecker (ThrottledAsyncChecker.java:schedule(141)) - Scheduling a check for /home/runner/work/ozone/ozone/hadoop-ozone/integration-test/target/test-dir/MiniOzoneClusterImpl-38a365bd-16d9-45d9-a84a-b01271e6c83a/datanode-1/data-0/containers/hdds
2023-09-20 15:48:36,161 [EndpointStateMachine task thread for /0.0.0.0:15037 - 0 ] INFO  volume.StorageVolumeChecker (StorageVolumeChecker.java:checkAllVolumes(213)) - Scheduled health check for volume /home/runner/work/ozone/ozone/hadoop-ozone/integration-test/target/test-dir/MiniOzoneClusterImpl-38a365bd-16d9-45d9-a84a-b01271e6c83a/datanode-1/data-0/containers/hdds
2023-09-20 15:48:36,163 [EndpointStateMachine task thread for /0.0.0.0:15037 - 0 ] INFO  volume.ThrottledAsyncChecker (ThrottledAsyncChecker.java:schedule(141)) - Scheduling a check for /home/runner/work/ozone/ozone/hadoop-ozone/integration-test/target/test-dir/MiniOzoneClusterImpl-38a365bd-16d9-45d9-a84a-b01271e6c83a/datanode-1/data/ratis
2023-09-20 15:48:36,163 [EndpointStateMachine task thread for /0.0.0.0:15037 - 0 ] INFO  volume.StorageVolumeChecker (StorageVolumeChecker.java:checkAllVolumes(213)) - Scheduled health check for volume /home/runner/work/ozone/ozone/hadoop-ozone/integration-test/target/test-dir/MiniOzoneClusterImpl-38a365bd-16d9-45d9-a84a-b01271e6c83a/datanode-1/data/ratis
2023-09-20 15:48:36,164 [EndpointStateMachine task thread for /0.0.0.0:15037 - 0 ] INFO  ozoneimpl.OzoneContainer (OzoneContainer.java:start(429)) - Attempting to start container services.
2023-09-20 15:48:36,164 [EndpointStateMachine task thread for /0.0.0.0:15037 - 0 ] INFO  ozoneimpl.OzoneContainer (OzoneContainer.java:startContainerScrub(325)) - Scheduled background container scanners and the on-demand container scanner have been disabled.
2023-09-20 15:48:36,166 [EndpointStateMachine task thread for /0.0.0.0:15037 - 0 ] INFO  replication.ReplicationServer (ReplicationServer.java:start(134)) - ReplicationServer is started using port 15060
2023-09-20 15:48:36,167 [EndpointStateMachine task thread for /0.0.0.0:15037 - 0 ] INFO  ratis.XceiverServerRatis (XceiverServerRatis.java:start(517)) - Starting XceiverServerRatis b1c70fe4-d692-4fdb-aa26-025ed9a8aa3e
2023-09-20 15:48:36,167 [EndpointStateMachine task thread for /0.0.0.0:15037 - 0 ] INFO  server.RaftServer (RaftServerProxy.java:startImpl(400)) - b1c70fe4-d692-4fdb-aa26-025ed9a8aa3e: start RPC server
2023-09-20 15:48:36,179 [EndpointStateMachine task thread for /0.0.0.0:15037 - 0 ] INFO  server.GrpcService (GrpcService.java:startImpl(302)) - b1c70fe4-d692-4fdb-aa26-025ed9a8aa3e: GrpcService started, listening on 15056
2023-09-20 15:48:36,181 [EndpointStateMachine task thread for /0.0.0.0:15037 - 0 ] INFO  server.GrpcService (GrpcService.java:startImpl(302)) - b1c70fe4-d692-4fdb-aa26-025ed9a8aa3e: GrpcService started, listening on 15058
2023-09-20 15:48:36,184 [EndpointStateMachine task thread for /0.0.0.0:15037 - 0 ] INFO  server.GrpcService (GrpcService.java:startImpl(302)) - b1c70fe4-d692-4fdb-aa26-025ed9a8aa3e: GrpcService started, listening on 15057
2023-09-20 15:48:36,186 [EndpointStateMachine task thread for /0.0.0.0:15037 - 0 ] INFO  ratis.XceiverServerRatis (XceiverServerRatis.java:getRealPort(543)) - XceiverServerRatis b1c70fe4-d692-4fdb-aa26-025ed9a8aa3e is started using port 15056 for RATIS
2023-09-20 15:48:36,186 [EndpointStateMachine task thread for /0.0.0.0:15037 - 0 ] INFO  ratis.XceiverServerRatis (XceiverServerRatis.java:getRealPort(543)) - XceiverServerRatis b1c70fe4-d692-4fdb-aa26-025ed9a8aa3e is started using port 15057 for RATIS_ADMIN
2023-09-20 15:48:36,187 [EndpointStateMachine task thread for /0.0.0.0:15037 - 0 ] INFO  ratis.XceiverServerRatis (XceiverServerRatis.java:getRealPort(543)) - XceiverServerRatis b1c70fe4-d692-4fdb-aa26-025ed9a8aa3e is started using port 15058 for RATIS_SERVER
2023-09-20 15:48:36,187 [EndpointStateMachine task thread for /0.0.0.0:15037 - 0 ] INFO  ratis.XceiverServerRatis (XceiverServerRatis.java:getRealPort(543)) - XceiverServerRatis b1c70fe4-d692-4fdb-aa26-025ed9a8aa3e is started using port 15059 for RATIS_DATASTREAM
2023-09-20 15:48:36,187 [JvmPauseMonitor8] INFO  util.JvmPauseMonitor (JvmPauseMonitor.java:run(103)) - JvmPauseMonitor-b1c70fe4-d692-4fdb-aa26-025ed9a8aa3e: Started
2023-09-20 15:48:36,205 [BlockDeletingService#0] INFO  interfaces.ContainerDeletionChoosingPolicyTemplate (ContainerDeletionChoosingPolicyTemplate.java:chooseContainerForBlockDeletion(85)) - Chosen 0/5000 blocks from 0 candidate containers.
2023-09-20 15:48:36,490 [main] INFO  ozone.MiniOzoneClusterImpl (MiniOzoneClusterImpl.java:lambda$waitForClusterToBeReady$0(224)) - Waiting for nodes to be ready. Got 0 of 3 DN Heartbeats.
2023-09-20 15:48:36,490 [main] INFO  ozone.MiniOzoneClusterImpl (MiniOzoneClusterImpl.java:lambda$waitForClusterToBeReady$0(227)) - Waiting for cluster to exit safe mode
2023-09-20 15:48:36,490 [main] INFO  ozone.MiniOzoneClusterImpl (MiniOzoneClusterImpl.java:lambda$waitForClusterToBeReady$0(229)) - SCM became leader
2023-09-20 15:48:36,538 [EndpointStateMachine task thread for /0.0.0.0:15037 - 0 ] INFO  utils.DatanodeStoreCache (DatanodeStoreCache.java:addDB(66)) - Added db /home/runner/work/ozone/ozone/hadoop-ozone/integration-test/target/test-dir/MiniOzoneClusterImpl-38a365bd-16d9-45d9-a84a-b01271e6c83a/datanode-2/data-0/containers/hdds/38a365bd-16d9-45d9-a84a-b01271e6c83a/DS-c8bb099f-4fc5-4e65-94eb-b33b62580d57/container.db to cache
2023-09-20 15:48:36,538 [EndpointStateMachine task thread for /0.0.0.0:15037 - 0 ] INFO  volume.HddsVolume (HddsVolume.java:createDbStore(422)) - SchemaV3 db is created and loaded at /home/runner/work/ozone/ozone/hadoop-ozone/integration-test/target/test-dir/MiniOzoneClusterImpl-38a365bd-16d9-45d9-a84a-b01271e6c83a/datanode-2/data-0/containers/hdds/38a365bd-16d9-45d9-a84a-b01271e6c83a/DS-c8bb099f-4fc5-4e65-94eb-b33b62580d57/container.db for volume DS-c8bb099f-4fc5-4e65-94eb-b33b62580d57
2023-09-20 15:48:36,539 [EndpointStateMachine task thread for /0.0.0.0:15037 - 0 ] INFO  volume.ThrottledAsyncChecker (ThrottledAsyncChecker.java:schedule(141)) - Scheduling a check for /home/runner/work/ozone/ozone/hadoop-ozone/integration-test/target/test-dir/MiniOzoneClusterImpl-38a365bd-16d9-45d9-a84a-b01271e6c83a/datanode-2/data-0/containers/hdds
2023-09-20 15:48:36,540 [EndpointStateMachine task thread for /0.0.0.0:15037 - 0 ] INFO  volume.StorageVolumeChecker (StorageVolumeChecker.java:checkAllVolumes(213)) - Scheduled health check for volume /home/runner/work/ozone/ozone/hadoop-ozone/integration-test/target/test-dir/MiniOzoneClusterImpl-38a365bd-16d9-45d9-a84a-b01271e6c83a/datanode-2/data-0/containers/hdds
2023-09-20 15:48:36,546 [EndpointStateMachine task thread for /0.0.0.0:15037 - 0 ] INFO  volume.ThrottledAsyncChecker (ThrottledAsyncChecker.java:schedule(141)) - Scheduling a check for /home/runner/work/ozone/ozone/hadoop-ozone/integration-test/target/test-dir/MiniOzoneClusterImpl-38a365bd-16d9-45d9-a84a-b01271e6c83a/datanode-2/data/ratis
2023-09-20 15:48:36,546 [EndpointStateMachine task thread for /0.0.0.0:15037 - 0 ] INFO  volume.StorageVolumeChecker (StorageVolumeChecker.java:checkAllVolumes(213)) - Scheduled health check for volume /home/runner/work/ozone/ozone/hadoop-ozone/integration-test/target/test-dir/MiniOzoneClusterImpl-38a365bd-16d9-45d9-a84a-b01271e6c83a/datanode-2/data/ratis
2023-09-20 15:48:36,551 [EndpointStateMachine task thread for /0.0.0.0:15037 - 0 ] INFO  ozoneimpl.OzoneContainer (OzoneContainer.java:start(429)) - Attempting to start container services.
2023-09-20 15:48:36,551 [EndpointStateMachine task thread for /0.0.0.0:15037 - 0 ] INFO  ozoneimpl.OzoneContainer (OzoneContainer.java:startContainerScrub(325)) - Scheduled background container scanners and the on-demand container scanner have been disabled.
2023-09-20 15:48:36,554 [EndpointStateMachine task thread for /0.0.0.0:15037 - 0 ] INFO  replication.ReplicationServer (ReplicationServer.java:start(134)) - ReplicationServer is started using port 15069
2023-09-20 15:48:36,554 [EndpointStateMachine task thread for /0.0.0.0:15037 - 0 ] INFO  ratis.XceiverServerRatis (XceiverServerRatis.java:start(517)) - Starting XceiverServerRatis d833c6c7-5026-4edd-bbd5-8ccc0ef3852d
2023-09-20 15:48:36,557 [EndpointStateMachine task thread for /0.0.0.0:15037 - 0 ] INFO  server.RaftServer (RaftServerProxy.java:startImpl(400)) - d833c6c7-5026-4edd-bbd5-8ccc0ef3852d: start RPC server
2023-09-20 15:48:36,563 [EndpointStateMachine task thread for /0.0.0.0:15037 - 0 ] INFO  server.GrpcService (GrpcService.java:startImpl(302)) - d833c6c7-5026-4edd-bbd5-8ccc0ef3852d: GrpcService started, listening on 15065
2023-09-20 15:48:36,568 [EndpointStateMachine task thread for /0.0.0.0:15037 - 0 ] INFO  server.GrpcService (GrpcService.java:startImpl(302)) - d833c6c7-5026-4edd-bbd5-8ccc0ef3852d: GrpcService started, listening on 15067
2023-09-20 15:48:36,570 [EndpointStateMachine task thread for /0.0.0.0:15037 - 0 ] INFO  server.GrpcService (GrpcService.java:startImpl(302)) - d833c6c7-5026-4edd-bbd5-8ccc0ef3852d: GrpcService started, listening on 15066
2023-09-20 15:48:36,571 [EndpointStateMachine task thread for /0.0.0.0:15037 - 0 ] INFO  ratis.XceiverServerRatis (XceiverServerRatis.java:getRealPort(543)) - XceiverServerRatis d833c6c7-5026-4edd-bbd5-8ccc0ef3852d is started using port 15065 for RATIS
2023-09-20 15:48:36,571 [JvmPauseMonitor9] INFO  util.JvmPauseMonitor (JvmPauseMonitor.java:run(103)) - JvmPauseMonitor-d833c6c7-5026-4edd-bbd5-8ccc0ef3852d: Started
2023-09-20 15:48:36,571 [EndpointStateMachine task thread for /0.0.0.0:15037 - 0 ] INFO  ratis.XceiverServerRatis (XceiverServerRatis.java:getRealPort(543)) - XceiverServerRatis d833c6c7-5026-4edd-bbd5-8ccc0ef3852d is started using port 15066 for RATIS_ADMIN
2023-09-20 15:48:36,573 [EndpointStateMachine task thread for /0.0.0.0:15037 - 0 ] INFO  ratis.XceiverServerRatis (XceiverServerRatis.java:getRealPort(543)) - XceiverServerRatis d833c6c7-5026-4edd-bbd5-8ccc0ef3852d is started using port 15067 for RATIS_SERVER
2023-09-20 15:48:36,574 [EndpointStateMachine task thread for /0.0.0.0:15037 - 0 ] INFO  ratis.XceiverServerRatis (XceiverServerRatis.java:getRealPort(543)) - XceiverServerRatis d833c6c7-5026-4edd-bbd5-8ccc0ef3852d is started using port 15068 for RATIS_DATASTREAM
2023-09-20 15:48:36,577 [BlockDeletingService#0] INFO  interfaces.ContainerDeletionChoosingPolicyTemplate (ContainerDeletionChoosingPolicyTemplate.java:chooseContainerForBlockDeletion(85)) - Chosen 0/5000 blocks from 0 candidate containers.
2023-09-20 15:48:37,490 [main] INFO  ozone.MiniOzoneClusterImpl (MiniOzoneClusterImpl.java:lambda$waitForClusterToBeReady$0(224)) - Waiting for nodes to be ready. Got 0 of 3 DN Heartbeats.
2023-09-20 15:48:37,491 [main] INFO  ozone.MiniOzoneClusterImpl (MiniOzoneClusterImpl.java:lambda$waitForClusterToBeReady$0(227)) - Waiting for cluster to exit safe mode
2023-09-20 15:48:37,491 [main] INFO  ozone.MiniOzoneClusterImpl (MiniOzoneClusterImpl.java:lambda$waitForClusterToBeReady$0(229)) - SCM became leader
2023-09-20 15:48:37,690 [IPC Server handler 2 on default port 15037] INFO  net.NetworkTopologyImpl (NetworkTopologyImpl.java:add(112)) - Added a new node: /default-rack/76461d31-4f4d-43fe-b3e7-bc7be05b2809
2023-09-20 15:48:37,691 [IPC Server handler 2 on default port 15037] INFO  node.SCMNodeManager (SCMNodeManager.java:register(405)) - Registered Data node : 76461d31-4f4d-43fe-b3e7-bc7be05b2809{ip: 10.1.0.36, host: fv-az345-844.jvbsasuktymudpoi5cueu5eohe.gx.internal.cloudapp.net, ports: [HTTP=15044, CLIENT_RPC=15045, REPLICATION=15051, RATIS=15047, RATIS_ADMIN=15048, RATIS_SERVER=15049, RATIS_DATASTREAM=15050, STANDALONE=15046], networkLocation: /default-rack, certSerialId: null, persistedOpState: null, persistedOpStateExpiryEpochSec: 0}
2023-09-20 15:48:37,693 [EventQueue-NodeRegistrationContainerReportForDataNodeSafeModeRule] INFO  safemode.SCMSafeModeManager (DataNodeSafeModeRule.java:process(71)) - SCM in safe mode. 1 DataNodes registered, 3 required.
2023-09-20 15:48:37,694 [EventQueue-NodeRegistrationContainerReportForContainerSafeModeRule] INFO  safemode.SCMSafeModeManager (SCMSafeModeManager.java:validateSafeModeExitRules(200)) - ContainerSafeModeRule rule is successfully validated
2023-09-20 15:48:37,706 [EventQueue-NewNodeForNewNodeHandler] INFO  pipeline.BackgroundPipelineCreator (BackgroundPipelineCreator.java:notifyEventTriggered(277)) - trigger a one-shot run on RatisPipelineUtilsThread.
2023-09-20 15:48:37,707 [RatisPipelineUtilsThread - 0] INFO  pipeline.RatisPipelineProvider (RatisPipelineProvider.java:lambda$create$0(206)) - Sending CreatePipelineCommand for pipeline:PipelineID=f1b48fd3-1a66-4ff4-91e8-2989245cbece to datanode:76461d31-4f4d-43fe-b3e7-bc7be05b2809
2023-09-20 15:48:37,711 [EventQueue-PipelineReportForOneReplicaPipelineSafeModeRule] INFO  safemode.SCMSafeModeManager (SCMSafeModeManager.java:validateSafeModeExitRules(200)) - AtleastOneDatanodeReportedRule rule is successfully validated
2023-09-20 15:48:37,712 [RatisPipelineUtilsThread - 0] INFO  pipeline.BackgroundPipelineCreator (BackgroundPipelineCreator.java:createPipelines(233)) - Created new pipeline Pipeline[ Id: f1b48fd3-1a66-4ff4-91e8-2989245cbece, Nodes: 76461d31-4f4d-43fe-b3e7-bc7be05b2809(fv-az345-844.jvbsasuktymudpoi5cueu5eohe.gx.internal.cloudapp.net/10.1.0.36), ReplicationConfig: RATIS/ONE, State:ALLOCATED, leaderId:, CreationTimestamp2023-09-20T15:48:37.707Z[Etc/UTC]]
2023-09-20 15:48:38,100 [IPC Server handler 0 on default port 15037] INFO  net.NetworkTopologyImpl (NetworkTopologyImpl.java:add(112)) - Added a new node: /default-rack/b1c70fe4-d692-4fdb-aa26-025ed9a8aa3e
2023-09-20 15:48:38,100 [IPC Server handler 0 on default port 15037] INFO  node.SCMNodeManager (SCMNodeManager.java:register(405)) - Registered Data node : b1c70fe4-d692-4fdb-aa26-025ed9a8aa3e{ip: 10.1.0.36, host: fv-az345-844.jvbsasuktymudpoi5cueu5eohe.gx.internal.cloudapp.net, ports: [HTTP=15053, CLIENT_RPC=15054, REPLICATION=15060, RATIS=15056, RATIS_ADMIN=15057, RATIS_SERVER=15058, RATIS_DATASTREAM=15059, STANDALONE=15055], networkLocation: /default-rack, certSerialId: null, persistedOpState: null, persistedOpStateExpiryEpochSec: 0}
2023-09-20 15:48:38,100 [EventQueue-NodeRegistrationContainerReportForDataNodeSafeModeRule] INFO  safemode.SCMSafeModeManager (DataNodeSafeModeRule.java:process(71)) - SCM in safe mode. 2 DataNodes registered, 3 required.
2023-09-20 15:48:38,100 [EventQueue-NewNodeForNewNodeHandler] INFO  pipeline.BackgroundPipelineCreator (BackgroundPipelineCreator.java:notifyEventTriggered(277)) - trigger a one-shot run on RatisPipelineUtilsThread.
2023-09-20 15:48:38,101 [RatisPipelineUtilsThread - 0] INFO  pipeline.RatisPipelineProvider (RatisPipelineProvider.java:lambda$create$0(206)) - Sending CreatePipelineCommand for pipeline:PipelineID=3973acac-7d66-4539-9ac8-578687a36430 to datanode:b1c70fe4-d692-4fdb-aa26-025ed9a8aa3e
2023-09-20 15:48:38,102 [RatisPipelineUtilsThread - 0] INFO  pipeline.BackgroundPipelineCreator (BackgroundPipelineCreator.java:createPipelines(233)) - Created new pipeline Pipeline[ Id: 3973acac-7d66-4539-9ac8-578687a36430, Nodes: b1c70fe4-d692-4fdb-aa26-025ed9a8aa3e(fv-az345-844.jvbsasuktymudpoi5cueu5eohe.gx.internal.cloudapp.net/10.1.0.36), ReplicationConfig: RATIS/ONE, State:ALLOCATED, leaderId:, CreationTimestamp2023-09-20T15:48:38.101Z[Etc/UTC]]
2023-09-20 15:48:38,491 [IPC Server handler 1 on default port 15037] INFO  net.NetworkTopologyImpl (NetworkTopologyImpl.java:add(112)) - Added a new node: /default-rack/d833c6c7-5026-4edd-bbd5-8ccc0ef3852d
2023-09-20 15:48:38,492 [IPC Server handler 1 on default port 15037] INFO  node.SCMNodeManager (SCMNodeManager.java:register(405)) - Registered Data node : d833c6c7-5026-4edd-bbd5-8ccc0ef3852d{ip: 10.1.0.36, host: fv-az345-844.jvbsasuktymudpoi5cueu5eohe.gx.internal.cloudapp.net, ports: [HTTP=15062, CLIENT_RPC=15063, REPLICATION=15069, RATIS=15065, RATIS_ADMIN=15066, RATIS_SERVER=15067, RATIS_DATASTREAM=15068, STANDALONE=15064], networkLocation: /default-rack, certSerialId: null, persistedOpState: null, persistedOpStateExpiryEpochSec: 0}
2023-09-20 15:48:38,492 [EventQueue-NodeRegistrationContainerReportForDataNodeSafeModeRule] INFO  safemode.SCMSafeModeManager (DataNodeSafeModeRule.java:process(71)) - SCM in safe mode. 3 DataNodes registered, 3 required.
2023-09-20 15:48:38,492 [EventQueue-NodeRegistrationContainerReportForDataNodeSafeModeRule] INFO  safemode.SCMSafeModeManager (SCMSafeModeManager.java:validateSafeModeExitRules(200)) - DataNodeSafeModeRule rule is successfully validated
2023-09-20 15:48:38,492 [EventQueue-NodeRegistrationContainerReportForDataNodeSafeModeRule] INFO  safemode.SCMSafeModeManager (SCMSafeModeManager.java:completePreCheck(229)) - All SCM safe mode pre check rules have passed
2023-09-20 15:48:38,492 [EventQueue-NodeRegistrationContainerReportForDataNodeSafeModeRule] INFO  ha.SCMContext (SCMContext.java:updateSafeModeStatus(228)) - Update SafeModeStatus from SafeModeStatus{safeModeStatus=true, preCheckPassed=false} to SafeModeStatus{safeModeStatus=true, preCheckPassed=true}.
2023-09-20 15:48:38,492 [EventQueue-NodeRegistrationContainerReportForDataNodeSafeModeRule] INFO  pipeline.BackgroundPipelineCreator (BackgroundPipelineCreator.java:notifyEventTriggered(277)) - trigger a one-shot run on RatisPipelineUtilsThread.
2023-09-20 15:48:38,492 [main] INFO  ozone.MiniOzoneClusterImpl (MiniOzoneClusterImpl.java:lambda$waitForClusterToBeReady$0(224)) - Nodes are ready. Got 3 of 3 DN Heartbeats.
2023-09-20 15:48:38,493 [main] INFO  ozone.MiniOzoneClusterImpl (MiniOzoneClusterImpl.java:lambda$waitForClusterToBeReady$0(227)) - Waiting for cluster to exit safe mode
2023-09-20 15:48:38,493 [main] INFO  ozone.MiniOzoneClusterImpl (MiniOzoneClusterImpl.java:lambda$waitForClusterToBeReady$0(229)) - SCM became leader
2023-09-20 15:48:38,493 [EventQueue-NewNodeForNewNodeHandler] INFO  pipeline.BackgroundPipelineCreator (BackgroundPipelineCreator.java:notifyEventTriggered(277)) - trigger a one-shot run on RatisPipelineUtilsThread.
2023-09-20 15:48:38,493 [RatisPipelineUtilsThread - 0] INFO  pipeline.RatisPipelineProvider (RatisPipelineProvider.java:lambda$create$0(206)) - Sending CreatePipelineCommand for pipeline:PipelineID=05cca329-6272-4460-9100-0d300f9491b5 to datanode:d833c6c7-5026-4edd-bbd5-8ccc0ef3852d
2023-09-20 15:48:38,494 [RatisPipelineUtilsThread - 0] INFO  pipeline.BackgroundPipelineCreator (BackgroundPipelineCreator.java:createPipelines(233)) - Created new pipeline Pipeline[ Id: 05cca329-6272-4460-9100-0d300f9491b5, Nodes: d833c6c7-5026-4edd-bbd5-8ccc0ef3852d(fv-az345-844.jvbsasuktymudpoi5cueu5eohe.gx.internal.cloudapp.net/10.1.0.36), ReplicationConfig: RATIS/ONE, State:ALLOCATED, leaderId:, CreationTimestamp2023-09-20T15:48:38.493Z[Etc/UTC]]
2023-09-20 15:48:38,495 [RatisPipelineUtilsThread - 0] INFO  pipeline.RatisPipelineProvider (RatisPipelineProvider.java:lambda$create$0(206)) - Sending CreatePipelineCommand for pipeline:PipelineID=64f4d689-c54f-42ac-b618-e669e3ff1697 to datanode:b1c70fe4-d692-4fdb-aa26-025ed9a8aa3e
2023-09-20 15:48:38,495 [RatisPipelineUtilsThread - 0] INFO  pipeline.RatisPipelineProvider (RatisPipelineProvider.java:lambda$create$0(206)) - Sending CreatePipelineCommand for pipeline:PipelineID=64f4d689-c54f-42ac-b618-e669e3ff1697 to datanode:d833c6c7-5026-4edd-bbd5-8ccc0ef3852d
2023-09-20 15:48:38,495 [RatisPipelineUtilsThread - 0] INFO  pipeline.RatisPipelineProvider (RatisPipelineProvider.java:lambda$create$0(206)) - Sending CreatePipelineCommand for pipeline:PipelineID=64f4d689-c54f-42ac-b618-e669e3ff1697 to datanode:76461d31-4f4d-43fe-b3e7-bc7be05b2809
2023-09-20 15:48:38,496 [RatisPipelineUtilsThread - 0] INFO  pipeline.BackgroundPipelineCreator (BackgroundPipelineCreator.java:createPipelines(233)) - Created new pipeline Pipeline[ Id: 64f4d689-c54f-42ac-b618-e669e3ff1697, Nodes: b1c70fe4-d692-4fdb-aa26-025ed9a8aa3e(fv-az345-844.jvbsasuktymudpoi5cueu5eohe.gx.internal.cloudapp.net/10.1.0.36)d833c6c7-5026-4edd-bbd5-8ccc0ef3852d(fv-az345-844.jvbsasuktymudpoi5cueu5eohe.gx.internal.cloudapp.net/10.1.0.36)76461d31-4f4d-43fe-b3e7-bc7be05b2809(fv-az345-844.jvbsasuktymudpoi5cueu5eohe.gx.internal.cloudapp.net/10.1.0.36), ReplicationConfig: RATIS/THREE, State:ALLOCATED, leaderId:, CreationTimestamp2023-09-20T15:48:38.495Z[Etc/UTC]]
2023-09-20 15:48:38,496 [RatisPipelineUtilsThread - 0] INFO  pipeline.RatisPipelineProvider (RatisPipelineProvider.java:lambda$create$0(206)) - Sending CreatePipelineCommand for pipeline:PipelineID=15feb49d-6829-40ee-baa7-8a3b1ec5611f to datanode:b1c70fe4-d692-4fdb-aa26-025ed9a8aa3e
2023-09-20 15:48:38,496 [RatisPipelineUtilsThread - 0] INFO  pipeline.RatisPipelineProvider (RatisPipelineProvider.java:lambda$create$0(206)) - Sending CreatePipelineCommand for pipeline:PipelineID=15feb49d-6829-40ee-baa7-8a3b1ec5611f to datanode:d833c6c7-5026-4edd-bbd5-8ccc0ef3852d
2023-09-20 15:48:38,496 [RatisPipelineUtilsThread - 0] INFO  pipeline.RatisPipelineProvider (RatisPipelineProvider.java:lambda$create$0(206)) - Sending CreatePipelineCommand for pipeline:PipelineID=15feb49d-6829-40ee-baa7-8a3b1ec5611f to datanode:76461d31-4f4d-43fe-b3e7-bc7be05b2809
2023-09-20 15:48:38,497 [RatisPipelineUtilsThread - 0] INFO  pipeline.PipelineManagerImpl (PipelineManagerImpl.java:recordMetricsForPipeline(895)) - Pipeline: PipelineID=15feb49d-6829-40ee-baa7-8a3b1ec5611f contains same datanodes as previous pipelines: PipelineID=64f4d689-c54f-42ac-b618-e669e3ff1697 nodeIds: b1c70fe4-d692-4fdb-aa26-025ed9a8aa3e, d833c6c7-5026-4edd-bbd5-8ccc0ef3852d, 76461d31-4f4d-43fe-b3e7-bc7be05b2809
2023-09-20 15:48:38,497 [RatisPipelineUtilsThread - 0] INFO  pipeline.BackgroundPipelineCreator (BackgroundPipelineCreator.java:createPipelines(233)) - Created new pipeline Pipeline[ Id: 15feb49d-6829-40ee-baa7-8a3b1ec5611f, Nodes: b1c70fe4-d692-4fdb-aa26-025ed9a8aa3e(fv-az345-844.jvbsasuktymudpoi5cueu5eohe.gx.internal.cloudapp.net/10.1.0.36)d833c6c7-5026-4edd-bbd5-8ccc0ef3852d(fv-az345-844.jvbsasuktymudpoi5cueu5eohe.gx.internal.cloudapp.net/10.1.0.36)76461d31-4f4d-43fe-b3e7-bc7be05b2809(fv-az345-844.jvbsasuktymudpoi5cueu5eohe.gx.internal.cloudapp.net/10.1.0.36), ReplicationConfig: RATIS/THREE, State:ALLOCATED, leaderId:, CreationTimestamp2023-09-20T15:48:38.496Z[Etc/UTC]]
2023-09-20 15:48:39,493 [main] INFO  ozone.MiniOzoneClusterImpl (MiniOzoneClusterImpl.java:lambda$waitForClusterToBeReady$0(224)) - Nodes are ready. Got 3 of 3 DN Heartbeats.
2023-09-20 15:48:39,494 [main] INFO  ozone.MiniOzoneClusterImpl (MiniOzoneClusterImpl.java:lambda$waitForClusterToBeReady$0(227)) - Waiting for cluster to exit safe mode
2023-09-20 15:48:39,494 [main] INFO  ozone.MiniOzoneClusterImpl (MiniOzoneClusterImpl.java:lambda$waitForClusterToBeReady$0(229)) - SCM became leader
2023-09-20 15:48:40,494 [main] INFO  ozone.MiniOzoneClusterImpl (MiniOzoneClusterImpl.java:lambda$waitForClusterToBeReady$0(224)) - Nodes are ready. Got 3 of 3 DN Heartbeats.
2023-09-20 15:48:40,520 [main] INFO  ozone.MiniOzoneClusterImpl (MiniOzoneClusterImpl.java:lambda$waitForClusterToBeReady$0(227)) - Waiting for cluster to exit safe mode
2023-09-20 15:48:40,520 [main] INFO  ozone.MiniOzoneClusterImpl (MiniOzoneClusterImpl.java:lambda$waitForClusterToBeReady$0(229)) - SCM became leader
2023-09-20 15:48:40,690 [PipelineCommandHandlerThread-0] INFO  server.RaftServer (RaftServerProxy.java:addNew(98)) - 76461d31-4f4d-43fe-b3e7-bc7be05b2809: addNew group-2989245CBECE:[76461d31-4f4d-43fe-b3e7-bc7be05b2809|rpc:10.1.0.36:15049|admin:10.1.0.36:15048|client:10.1.0.36:15047|dataStream:10.1.0.36:15050|priority:1|startupRole:FOLLOWER] returns group-2989245CBECE:java.util.concurrent.CompletableFuture@375e8576[Not completed]
2023-09-20 15:48:40,692 [76461d31-4f4d-43fe-b3e7-bc7be05b2809-groupManagement] INFO  server.RaftServer$Division (RaftServerImpl.java:<init>(198)) - 76461d31-4f4d-43fe-b3e7-bc7be05b2809: new RaftServerImpl for group-2989245CBECE:[76461d31-4f4d-43fe-b3e7-bc7be05b2809|rpc:10.1.0.36:15049|admin:10.1.0.36:15048|client:10.1.0.36:15047|dataStream:10.1.0.36:15050|priority:1|startupRole:FOLLOWER] with ContainerStateMachine:uninitialized
2023-09-20 15:48:40,692 [76461d31-4f4d-43fe-b3e7-bc7be05b2809-groupManagement] INFO  server.RaftServerConfigKeys (ConfUtils.java:logGet(46)) - raft.server.rpc.timeout.min = 5s (custom)
2023-09-20 15:48:40,692 [76461d31-4f4d-43fe-b3e7-bc7be05b2809-groupManagement] INFO  server.RaftServerConfigKeys (ConfUtils.java:logGet(46)) - raft.server.rpc.timeout.max = 5200ms (custom)
2023-09-20 15:48:40,692 [76461d31-4f4d-43fe-b3e7-bc7be05b2809-groupManagement] INFO  server.RaftServerConfigKeys (ConfUtils.java:logGet(46)) - raft.server.rpc.sleep.time = 25ms (default)
2023-09-20 15:48:40,692 [76461d31-4f4d-43fe-b3e7-bc7be05b2809-groupManagement] INFO  server.RaftServerConfigKeys (ConfUtils.java:logGet(46)) - raft.server.rpc.slowness.timeout = 300s (custom)
2023-09-20 15:48:40,692 [76461d31-4f4d-43fe-b3e7-bc7be05b2809-groupManagement] INFO  server.RaftServerConfigKeys (ConfUtils.java:logGet(46)) - raft.server.leaderelection.leader.step-down.wait-time = 10s (default)
2023-09-20 15:48:40,692 [76461d31-4f4d-43fe-b3e7-bc7be05b2809-groupManagement] INFO  server.RaftServerConfigKeys (ConfUtils.java:logGet(46)) - raft.server.sleep.deviation.threshold = 300ms (default)
2023-09-20 15:48:40,693 [76461d31-4f4d-43fe-b3e7-bc7be05b2809-groupManagement] INFO  server.RaftServer$Division (ServerState.java:<init>(120)) - 76461d31-4f4d-43fe-b3e7-bc7be05b2809@group-2989245CBECE: ConfigurationManager, init=-1: peers:[76461d31-4f4d-43fe-b3e7-bc7be05b2809|rpc:10.1.0.36:15049|admin:10.1.0.36:15048|client:10.1.0.36:15047|dataStream:10.1.0.36:15050|priority:1|startupRole:FOLLOWER]|listeners:[], old=null, confs=<EMPTY_MAP>
2023-09-20 15:48:40,693 [76461d31-4f4d-43fe-b3e7-bc7be05b2809-groupManagement] INFO  server.RaftServerConfigKeys (ConfUtils.java:logGet(46)) - raft.server.storage.dir = [/home/runner/work/ozone/ozone/hadoop-ozone/integration-test/target/test-dir/MiniOzoneClusterImpl-38a365bd-16d9-45d9-a84a-b01271e6c83a/datanode-0/data/ratis] (custom)
2023-09-20 15:48:40,693 [76461d31-4f4d-43fe-b3e7-bc7be05b2809-groupManagement] INFO  server.RaftServerConfigKeys (ConfUtils.java:logGet(46)) - raft.server.log.corruption.policy = EXCEPTION (default)
2023-09-20 15:48:40,693 [76461d31-4f4d-43fe-b3e7-bc7be05b2809-groupManagement] INFO  server.RaftServerConfigKeys (ConfUtils.java:logGet(46)) - raft.server.storage.free-space.min = 0MB (=0) (default)
2023-09-20 15:48:40,693 [76461d31-4f4d-43fe-b3e7-bc7be05b2809-groupManagement] INFO  server.RaftServerConfigKeys (ConfUtils.java:logGet(46)) - raft.server.notification.no-leader.timeout = 300s (custom)
2023-09-20 15:48:40,693 [76461d31-4f4d-43fe-b3e7-bc7be05b2809-groupManagement] INFO  server.RaftServerConfigKeys (ConfUtils.java:logGet(46)) - raft.server.read.timeout = 10s (default)
2023-09-20 15:48:40,693 [76461d31-4f4d-43fe-b3e7-bc7be05b2809-groupManagement] INFO  server.RaftServerConfigKeys (ConfUtils.java:logGet(46)) - raft.server.retrycache.expirytime = 600000ms (custom)
2023-09-20 15:48:40,694 [76461d31-4f4d-43fe-b3e7-bc7be05b2809-groupManagement] INFO  server.RaftServerConfigKeys (ConfUtils.java:logGet(46)) - raft.server.retrycache.statistics.expirytime = 100μs (default)
2023-09-20 15:48:40,694 [76461d31-4f4d-43fe-b3e7-bc7be05b2809-groupManagement] INFO  server.RaftServerConfigKeys (ConfUtils.java:logGet(46)) - raft.server.read.option = DEFAULT (default)
2023-09-20 15:48:40,696 [76461d31-4f4d-43fe-b3e7-bc7be05b2809-groupManagement] INFO  server.RaftServerConfigKeys (ConfUtils.java:logGet(46)) - raft.server.rpc.request.timeout = 60s (custom)
2023-09-20 15:48:40,696 [76461d31-4f4d-43fe-b3e7-bc7be05b2809-groupManagement] INFO  server.RaftServerConfigKeys (ConfUtils.java:logGet(46)) - raft.server.log.appender.install.snapshot.enabled = false (custom)
2023-09-20 15:48:40,696 [76461d31-4f4d-43fe-b3e7-bc7be05b2809-groupManagement] INFO  server.RaftServerConfigKeys (ConfUtils.java:logGet(46)) - raft.server.threadpool.server.cached = true (default)
2023-09-20 15:48:40,696 [76461d31-4f4d-43fe-b3e7-bc7be05b2809-groupManagement] INFO  server.RaftServerConfigKeys (ConfUtils.java:logGet(46)) - raft.server.threadpool.server.size = 0 (default)
2023-09-20 15:48:40,696 [76461d31-4f4d-43fe-b3e7-bc7be05b2809-groupManagement] INFO  server.RaftServerConfigKeys (ConfUtils.java:logGet(46)) - raft.server.threadpool.client.cached = true (default)
2023-09-20 15:48:40,696 [76461d31-4f4d-43fe-b3e7-bc7be05b2809-groupManagement] INFO  server.RaftServerConfigKeys (ConfUtils.java:logGet(46)) - raft.server.threadpool.client.size = 0 (default)
2023-09-20 15:48:40,697 [76461d31-4f4d-43fe-b3e7-bc7be05b2809-groupManagement] INFO  storage.RaftStorageDirectory (RaftStorageDirectoryImpl.java:analyzeStorage(137)) - The storage directory /home/runner/work/ozone/ozone/hadoop-ozone/integration-test/target/test-dir/MiniOzoneClusterImpl-38a365bd-16d9-45d9-a84a-b01271e6c83a/datanode-0/data/ratis/f1b48fd3-1a66-4ff4-91e8-2989245cbece does not exist. Creating ...
2023-09-20 15:48:40,698 [76461d31-4f4d-43fe-b3e7-bc7be05b2809-groupManagement] INFO  storage.RaftStorageDirectory (RaftStorageDirectoryImpl.java:tryLock(231)) - Lock on /home/runner/work/ozone/ozone/hadoop-ozone/integration-test/target/test-dir/MiniOzoneClusterImpl-38a365bd-16d9-45d9-a84a-b01271e6c83a/datanode-0/data/ratis/f1b48fd3-1a66-4ff4-91e8-2989245cbece/in_use.lock acquired by nodename 41628@fv-az345-844
2023-09-20 15:48:40,700 [76461d31-4f4d-43fe-b3e7-bc7be05b2809-groupManagement] INFO  storage.RaftStorage (RaftStorageImpl.java:format(96)) - Storage directory /home/runner/work/ozone/ozone/hadoop-ozone/integration-test/target/test-dir/MiniOzoneClusterImpl-38a365bd-16d9-45d9-a84a-b01271e6c83a/datanode-0/data/ratis/f1b48fd3-1a66-4ff4-91e8-2989245cbece has been successfully formatted.
2023-09-20 15:48:40,702 [76461d31-4f4d-43fe-b3e7-bc7be05b2809-groupManagement] INFO  ratis.ContainerStateMachine (ContainerStateMachine.java:loadSnapshot(262)) - group-2989245CBECE: The snapshot info is null. Setting the last applied indexto:(t:0, i:~)
2023-09-20 15:48:40,702 [76461d31-4f4d-43fe-b3e7-bc7be05b2809-groupManagement] INFO  server.RaftServerConfigKeys (ConfUtils.java:logGet(46)) - raft.server.log.use.memory = false (default)
2023-09-20 15:48:40,702 [76461d31-4f4d-43fe-b3e7-bc7be05b2809-groupManagement] INFO  server.RaftServerConfigKeys (ConfUtils.java:logGet(46)) - raft.server.log.purge.gap = 1000000 (custom)
2023-09-20 15:48:40,702 [76461d31-4f4d-43fe-b3e7-bc7be05b2809-groupManagement] INFO  server.RaftServerConfigKeys (ConfUtils.java:logGet(46)) - raft.server.log.appender.buffer.byte-limit = 33554432 (custom)
2023-09-20 15:48:40,702 [76461d31-4f4d-43fe-b3e7-bc7be05b2809-groupManagement] INFO  server.RaftServerConfigKeys (ConfUtils.java:logGet(46)) - raft.server.log.statemachine.data.read.timeout = 1000ms (default)
2023-09-20 15:48:40,702 [76461d31-4f4d-43fe-b3e7-bc7be05b2809-groupManagement] INFO  server.RaftServerConfigKeys (ConfUtils.java:logGet(46)) - raft.server.log.purge.preservation.log.num = 0 (default)
2023-09-20 15:48:40,704 [EventQueue-PipelineReportForPipelineReportHandler] INFO  pipeline.PipelineReportHandler (PipelineReportHandler.java:processPipelineReport(136)) - Opened pipeline PipelineID=f1b48fd3-1a66-4ff4-91e8-2989245cbece
2023-09-20 15:48:40,711 [76461d31-4f4d-43fe-b3e7-bc7be05b2809-groupManagement] INFO  server.RaftServerConfigKeys (ConfUtils.java:logGet(46)) - raft.server.log.segment.size.max = 1048576 (custom)
2023-09-20 15:48:40,711 [76461d31-4f4d-43fe-b3e7-bc7be05b2809-groupManagement] INFO  server.RaftServerConfigKeys (ConfUtils.java:logGet(46)) - raft.server.log.segment.cache.num.max = 2 (custom)
2023-09-20 15:48:40,711 [76461d31-4f4d-43fe-b3e7-bc7be05b2809-groupManagement] INFO  server.RaftServerConfigKeys (ConfUtils.java:logGet(46)) - raft.server.log.segment.cache.size.max = 200MB (=209715200) (default)
2023-09-20 15:48:40,711 [76461d31-4f4d-43fe-b3e7-bc7be05b2809-groupManagement] INFO  server.RaftServerConfigKeys (ConfUtils.java:logGet(46)) - raft.server.log.appender.buffer.byte-limit = 33554432 (custom)
2023-09-20 15:48:40,711 [76461d31-4f4d-43fe-b3e7-bc7be05b2809-groupManagement] INFO  segmented.SegmentedRaftLogWorker (SegmentedRaftLogWorker.java:<init>(188)) - new 76461d31-4f4d-43fe-b3e7-bc7be05b2809@group-2989245CBECE-SegmentedRaftLogWorker for RaftStorageImpl:Storage Directory /home/runner/work/ozone/ozone/hadoop-ozone/integration-test/target/test-dir/MiniOzoneClusterImpl-38a365bd-16d9-45d9-a84a-b01271e6c83a/datanode-0/data/ratis/f1b48fd3-1a66-4ff4-91e8-2989245cbece
2023-09-20 15:48:40,711 [76461d31-4f4d-43fe-b3e7-bc7be05b2809-groupManagement] INFO  server.RaftServerConfigKeys (ConfUtils.java:logGet(46)) - raft.server.log.queue.byte-limit = 4294967296 (custom)
2023-09-20 15:48:40,711 [76461d31-4f4d-43fe-b3e7-bc7be05b2809-groupManagement] INFO  server.RaftServerConfigKeys (ConfUtils.java:logGet(46)) - raft.server.log.queue.element-limit = 1024 (custom)
2023-09-20 15:48:40,712 [EventQueue-OpenPipelineForHealthyPipelineSafeModeRule] INFO  safemode.SCMSafeModeManager (HealthyPipelineSafeModeRule.java:process(137)) - SCM in safe mode. Healthy pipelines reported count is 0, required healthy pipeline reported count is 1
2023-09-20 15:48:40,712 [76461d31-4f4d-43fe-b3e7-bc7be05b2809-groupManagement] INFO  server.RaftServerConfigKeys (ConfUtils.java:logGet(46)) - raft.server.log.segment.size.max = 1048576 (custom)
2023-09-20 15:48:40,713 [76461d31-4f4d-43fe-b3e7-bc7be05b2809-groupManagement] INFO  server.RaftServerConfigKeys (ConfUtils.java:logGet(46)) - raft.server.log.preallocated.size = 16384 (custom)
2023-09-20 15:48:40,713 [76461d31-4f4d-43fe-b3e7-bc7be05b2809-groupManagement] INFO  server.RaftServerConfigKeys (ConfUtils.java:logGet(46)) - raft.server.log.force.sync.num = 128 (default)
2023-09-20 15:48:40,713 [76461d31-4f4d-43fe-b3e7-bc7be05b2809-groupManagement] INFO  server.RaftServerConfigKeys (ConfUtils.java:logGet(46)) - raft.server.log.statemachine.data.sync = true (default)
2023-09-20 15:48:40,713 [76461d31-4f4d-43fe-b3e7-bc7be05b2809-groupManagement] INFO  server.RaftServerConfigKeys (ConfUtils.java:logGet(46)) - raft.server.log.statemachine.data.sync.timeout = 10s (default)
2023-09-20 15:48:40,713 [76461d31-4f4d-43fe-b3e7-bc7be05b2809-groupManagement] INFO  server.RaftServerConfigKeys (ConfUtils.java:logGet(46)) - raft.server.log.statemachine.data.sync.timeout.retry = -1 (default)
2023-09-20 15:48:40,714 [76461d31-4f4d-43fe-b3e7-bc7be05b2809-groupManagement] INFO  server.RaftServerConfigKeys (ConfUtils.java:logGet(46)) - raft.server.log.write.buffer.size = 1048576 (custom)
2023-09-20 15:48:40,714 [76461d31-4f4d-43fe-b3e7-bc7be05b2809-groupManagement] INFO  server.RaftServerConfigKeys (ConfUtils.java:logGet(46)) - raft.server.log.appender.buffer.byte-limit = 33554432 (custom)
2023-09-20 15:48:40,722 [76461d31-4f4d-43fe-b3e7-bc7be05b2809-groupManagement] INFO  server.RaftServerConfigKeys (ConfUtils.java:logGet(46)) - raft.server.log.unsafe-flush.enabled = false (default)
2023-09-20 15:48:40,722 [76461d31-4f4d-43fe-b3e7-bc7be05b2809-groupManagement] INFO  server.RaftServerConfigKeys (ConfUtils.java:logGet(46)) - raft.server.log.async-flush.enabled = false (default)
2023-09-20 15:48:40,722 [76461d31-4f4d-43fe-b3e7-bc7be05b2809-groupManagement] INFO  server.RaftServerConfigKeys (ConfUtils.java:logGet(46)) - raft.server.log.statemachine.data.caching.enabled = true (custom)
2023-09-20 15:48:40,722 [76461d31-4f4d-43fe-b3e7-bc7be05b2809-groupManagement] INFO  segmented.SegmentedRaftLogWorker (SegmentedRaftLogWorker.java:lambda$new$0(135)) - 76461d31-4f4d-43fe-b3e7-bc7be05b2809@group-2989245CBECE-SegmentedRaftLogWorker: flushIndex: setUnconditionally 0 -> -1
2023-09-20 15:48:40,722 [76461d31-4f4d-43fe-b3e7-bc7be05b2809-groupManagement] INFO  segmented.SegmentedRaftLogWorker (SegmentedRaftLogWorker.java:lambda$new$0(135)) - 76461d31-4f4d-43fe-b3e7-bc7be05b2809@group-2989245CBECE-SegmentedRaftLogWorker: safeCacheEvictIndex: setUnconditionally 0 -> -1
2023-09-20 15:48:40,723 [76461d31-4f4d-43fe-b3e7-bc7be05b2809-groupManagement] INFO  server.RaftServer$Division (RaftServerImpl.java:start(342)) - 76461d31-4f4d-43fe-b3e7-bc7be05b2809@group-2989245CBECE: start as a follower, conf=-1: peers:[76461d31-4f4d-43fe-b3e7-bc7be05b2809|rpc:10.1.0.36:15049|admin:10.1.0.36:15048|client:10.1.0.36:15047|dataStream:10.1.0.36:15050|priority:1|startupRole:FOLLOWER]|listeners:[], old=null
2023-09-20 15:48:40,723 [76461d31-4f4d-43fe-b3e7-bc7be05b2809-groupManagement] INFO  server.RaftServer$Division (RaftServerImpl.java:setRole(329)) - 76461d31-4f4d-43fe-b3e7-bc7be05b2809@group-2989245CBECE: changes role from      null to FOLLOWER at term 0 for startAsFollower
2023-09-20 15:48:40,723 [76461d31-4f4d-43fe-b3e7-bc7be05b2809-groupManagement] INFO  impl.RoleInfo (RoleInfo.java:updateAndGet(139)) - 76461d31-4f4d-43fe-b3e7-bc7be05b2809: start 76461d31-4f4d-43fe-b3e7-bc7be05b2809@group-2989245CBECE-FollowerState
2023-09-20 15:48:40,723 [76461d31-4f4d-43fe-b3e7-bc7be05b2809-groupManagement] INFO  util.JmxRegister (JmxRegister.java:tryRegister(44)) - Successfully registered JMX Bean with object name Ratis:service=RaftServer,group=group-2989245CBECE,id=76461d31-4f4d-43fe-b3e7-bc7be05b2809
2023-09-20 15:48:40,724 [76461d31-4f4d-43fe-b3e7-bc7be05b2809-groupManagement] INFO  server.RaftServerConfigKeys (ConfUtils.java:logGet(46)) - raft.server.snapshot.auto.trigger.enabled = true (custom)
2023-09-20 15:48:40,724 [76461d31-4f4d-43fe-b3e7-bc7be05b2809-groupManagement] INFO  server.RaftServerConfigKeys (ConfUtils.java:logGet(46)) - raft.server.snapshot.auto.trigger.threshold = 10000 (custom)
2023-09-20 15:48:40,724 [76461d31-4f4d-43fe-b3e7-bc7be05b2809@group-2989245CBECE-FollowerState] INFO  server.RaftServerConfigKeys (ConfUtils.java:logFallback(53)) - raft.server.rpc.first-election.timeout.min = 5s (fallback to raft.server.rpc.timeout.min)
2023-09-20 15:48:40,724 [76461d31-4f4d-43fe-b3e7-bc7be05b2809-groupManagement] INFO  server.RaftServerConfigKeys (ConfUtils.java:logGet(46)) - raft.server.snapshot.retention.file.num = 5 (custom)
2023-09-20 15:48:40,724 [76461d31-4f4d-43fe-b3e7-bc7be05b2809@group-2989245CBECE-FollowerState] INFO  server.RaftServerConfigKeys (ConfUtils.java:logFallback(53)) - raft.server.rpc.first-election.timeout.max = 5200ms (fallback to raft.server.rpc.timeout.max)
2023-09-20 15:48:40,724 [76461d31-4f4d-43fe-b3e7-bc7be05b2809-groupManagement] INFO  server.RaftServerConfigKeys (ConfUtils.java:logGet(46)) - raft.server.log.purge.upto.snapshot.index = false (default)
2023-09-20 15:48:40,725 [PipelineCommandHandlerThread-0] INFO  ratis.XceiverServerRatis (XceiverServerRatis.java:addGroup(804)) - Created group PipelineID=f1b48fd3-1a66-4ff4-91e8-2989245cbece
2023-09-20 15:48:40,725 [PipelineCommandHandlerThread-0] INFO  commandhandler.CreatePipelineCommandHandler (CreatePipelineCommandHandler.java:lambda$handle$2(124)) - Created Pipeline RATIS ONE PipelineID=f1b48fd3-1a66-4ff4-91e8-2989245cbece.
2023-09-20 15:48:40,726 [PipelineCommandHandlerThread-0] INFO  server.RaftServer (RaftServerProxy.java:addNew(98)) - 76461d31-4f4d-43fe-b3e7-bc7be05b2809: addNew group-E669E3FF1697:[76461d31-4f4d-43fe-b3e7-bc7be05b2809|rpc:10.1.0.36:15049|admin:10.1.0.36:15048|client:10.1.0.36:15047|dataStream:10.1.0.36:15050|priority:0|startupRole:FOLLOWER, b1c70fe4-d692-4fdb-aa26-025ed9a8aa3e|rpc:10.1.0.36:15058|admin:10.1.0.36:15057|client:10.1.0.36:15056|dataStream:10.1.0.36:15059|priority:1|startupRole:FOLLOWER, d833c6c7-5026-4edd-bbd5-8ccc0ef3852d|rpc:10.1.0.36:15067|admin:10.1.0.36:15066|client:10.1.0.36:15065|dataStream:10.1.0.36:15068|priority:0|startupRole:FOLLOWER] returns group-E669E3FF1697:java.util.concurrent.CompletableFuture@33610745[Not completed]
2023-09-20 15:48:40,727 [76461d31-4f4d-43fe-b3e7-bc7be05b2809-groupManagement] INFO  server.RaftServer$Division (RaftServerImpl.java:<init>(198)) - 76461d31-4f4d-43fe-b3e7-bc7be05b2809: new RaftServerImpl for group-E669E3FF1697:[76461d31-4f4d-43fe-b3e7-bc7be05b2809|rpc:10.1.0.36:15049|admin:10.1.0.36:15048|client:10.1.0.36:15047|dataStream:10.1.0.36:15050|priority:0|startupRole:FOLLOWER, b1c70fe4-d692-4fdb-aa26-025ed9a8aa3e|rpc:10.1.0.36:15058|admin:10.1.0.36:15057|client:10.1.0.36:15056|dataStream:10.1.0.36:15059|priority:1|startupRole:FOLLOWER, d833c6c7-5026-4edd-bbd5-8ccc0ef3852d|rpc:10.1.0.36:15067|admin:10.1.0.36:15066|client:10.1.0.36:15065|dataStream:10.1.0.36:15068|priority:0|startupRole:FOLLOWER] with ContainerStateMachine:uninitialized
2023-09-20 15:48:40,727 [76461d31-4f4d-43fe-b3e7-bc7be05b2809-groupManagement] INFO  server.RaftServerConfigKeys (ConfUtils.java:logGet(46)) - raft.server.rpc.timeout.min = 5s (custom)
2023-09-20 15:48:40,727 [76461d31-4f4d-43fe-b3e7-bc7be05b2809-groupManagement] INFO  server.RaftServerConfigKeys (ConfUtils.java:logGet(46)) - raft.server.rpc.timeout.max = 5200ms (custom)
2023-09-20 15:48:40,727 [76461d31-4f4d-43fe-b3e7-bc7be05b2809-groupManagement] INFO  server.RaftServerConfigKeys (ConfUtils.java:logGet(46)) - raft.server.rpc.sleep.time = 25ms (default)
2023-09-20 15:48:40,727 [76461d31-4f4d-43fe-b3e7-bc7be05b2809-groupManagement] INFO  server.RaftServerConfigKeys (ConfUtils.java:logGet(46)) - raft.server.rpc.slowness.timeout = 300s (custom)
2023-09-20 15:48:40,728 [76461d31-4f4d-43fe-b3e7-bc7be05b2809-groupManagement] INFO  server.RaftServerConfigKeys (ConfUtils.java:logGet(46)) - raft.server.leaderelection.leader.step-down.wait-time = 10s (default)
2023-09-20 15:48:40,728 [76461d31-4f4d-43fe-b3e7-bc7be05b2809-groupManagement] INFO  server.RaftServerConfigKeys (ConfUtils.java:logGet(46)) - raft.server.sleep.deviation.threshold = 300ms (default)
2023-09-20 15:48:40,728 [76461d31-4f4d-43fe-b3e7-bc7be05b2809-groupManagement] INFO  server.RaftServer$Division (ServerState.java:<init>(120)) - 76461d31-4f4d-43fe-b3e7-bc7be05b2809@group-E669E3FF1697: ConfigurationManager, init=-1: peers:[76461d31-4f4d-43fe-b3e7-bc7be05b2809|rpc:10.1.0.36:15049|admin:10.1.0.36:15048|client:10.1.0.36:15047|dataStream:10.1.0.36:15050|priority:0|startupRole:FOLLOWER, b1c70fe4-d692-4fdb-aa26-025ed9a8aa3e|rpc:10.1.0.36:15058|admin:10.1.0.36:15057|client:10.1.0.36:15056|dataStream:10.1.0.36:15059|priority:1|startupRole:FOLLOWER, d833c6c7-5026-4edd-bbd5-8ccc0ef3852d|rpc:10.1.0.36:15067|admin:10.1.0.36:15066|client:10.1.0.36:15065|dataStream:10.1.0.36:15068|priority:0|startupRole:FOLLOWER]|listeners:[], old=null, confs=<EMPTY_MAP>
2023-09-20 15:48:40,728 [76461d31-4f4d-43fe-b3e7-bc7be05b2809-groupManagement] INFO  server.RaftServerConfigKeys (ConfUtils.java:logGet(46)) - raft.server.storage.dir = [/home/runner/work/ozone/ozone/hadoop-ozone/integration-test/target/test-dir/MiniOzoneClusterImpl-38a365bd-16d9-45d9-a84a-b01271e6c83a/datanode-0/data/ratis] (custom)
2023-09-20 15:48:40,728 [76461d31-4f4d-43fe-b3e7-bc7be05b2809-groupManagement] INFO  server.RaftServerConfigKeys (ConfUtils.java:logGet(46)) - raft.server.log.corruption.policy = EXCEPTION (default)
2023-09-20 15:48:40,728 [76461d31-4f4d-43fe-b3e7-bc7be05b2809-groupManagement] INFO  server.RaftServerConfigKeys (ConfUtils.java:logGet(46)) - raft.server.storage.free-space.min = 0MB (=0) (default)
2023-09-20 15:48:40,728 [76461d31-4f4d-43fe-b3e7-bc7be05b2809-groupManagement] INFO  server.RaftServerConfigKeys (ConfUtils.java:logGet(46)) - raft.server.notification.no-leader.timeout = 300s (custom)
2023-09-20 15:48:40,728 [76461d31-4f4d-43fe-b3e7-bc7be05b2809-groupManagement] INFO  server.RaftServerConfigKeys (ConfUtils.java:logGet(46)) - raft.server.read.timeout = 10s (default)
2023-09-20 15:48:40,729 [76461d31-4f4d-43fe-b3e7-bc7be05b2809-groupManagement] INFO  server.RaftServerConfigKeys (ConfUtils.java:logGet(46)) - raft.server.retrycache.expirytime = 600000ms (custom)
2023-09-20 15:48:40,729 [76461d31-4f4d-43fe-b3e7-bc7be05b2809-groupManagement] INFO  server.RaftServerConfigKeys (ConfUtils.java:logGet(46)) - raft.server.retrycache.statistics.expirytime = 100μs (default)
2023-09-20 15:48:40,729 [76461d31-4f4d-43fe-b3e7-bc7be05b2809-groupManagement] INFO  server.RaftServerConfigKeys (ConfUtils.java:logGet(46)) - raft.server.read.option = DEFAULT (default)
2023-09-20 15:48:40,730 [76461d31-4f4d-43fe-b3e7-bc7be05b2809-groupManagement] INFO  server.RaftServerConfigKeys (ConfUtils.java:logGet(46)) - raft.server.rpc.request.timeout = 60s (custom)
2023-09-20 15:48:40,730 [76461d31-4f4d-43fe-b3e7-bc7be05b2809-groupManagement] INFO  server.RaftServerConfigKeys (ConfUtils.java:logGet(46)) - raft.server.log.appender.install.snapshot.enabled = false (custom)
2023-09-20 15:48:40,730 [76461d31-4f4d-43fe-b3e7-bc7be05b2809-groupManagement] INFO  server.RaftServerConfigKeys (ConfUtils.java:logGet(46)) - raft.server.threadpool.server.cached = true (default)
2023-09-20 15:48:40,730 [76461d31-4f4d-43fe-b3e7-bc7be05b2809-groupManagement] INFO  server.RaftServerConfigKeys (ConfUtils.java:logGet(46)) - raft.server.threadpool.server.size = 0 (default)
2023-09-20 15:48:40,730 [76461d31-4f4d-43fe-b3e7-bc7be05b2809-groupManagement] INFO  server.RaftServerConfigKeys (ConfUtils.java:logGet(46)) - raft.server.threadpool.client.cached = true (default)
2023-09-20 15:48:40,730 [76461d31-4f4d-43fe-b3e7-bc7be05b2809-groupManagement] INFO  server.RaftServerConfigKeys (ConfUtils.java:logGet(46)) - raft.server.threadpool.client.size = 0 (default)
2023-09-20 15:48:40,730 [76461d31-4f4d-43fe-b3e7-bc7be05b2809-groupManagement] INFO  storage.RaftStorageDirectory (RaftStorageDirectoryImpl.java:analyzeStorage(137)) - The storage directory /home/runner/work/ozone/ozone/hadoop-ozone/integration-test/target/test-dir/MiniOzoneClusterImpl-38a365bd-16d9-45d9-a84a-b01271e6c83a/datanode-0/data/ratis/64f4d689-c54f-42ac-b618-e669e3ff1697 does not exist. Creating ...
2023-09-20 15:48:40,732 [76461d31-4f4d-43fe-b3e7-bc7be05b2809-groupManagement] INFO  storage.RaftStorageDirectory (RaftStorageDirectoryImpl.java:tryLock(231)) - Lock on /home/runner/work/ozone/ozone/hadoop-ozone/integration-test/target/test-dir/MiniOzoneClusterImpl-38a365bd-16d9-45d9-a84a-b01271e6c83a/datanode-0/data/ratis/64f4d689-c54f-42ac-b618-e669e3ff1697/in_use.lock acquired by nodename 41628@fv-az345-844
2023-09-20 15:48:40,734 [76461d31-4f4d-43fe-b3e7-bc7be05b2809-groupManagement] INFO  storage.RaftStorage (RaftStorageImpl.java:format(96)) - Storage directory /home/runner/work/ozone/ozone/hadoop-ozone/integration-test/target/test-dir/MiniOzoneClusterImpl-38a365bd-16d9-45d9-a84a-b01271e6c83a/datanode-0/data/ratis/64f4d689-c54f-42ac-b618-e669e3ff1697 has been successfully formatted.
2023-09-20 15:48:40,735 [76461d31-4f4d-43fe-b3e7-bc7be05b2809-groupManagement] INFO  ratis.ContainerStateMachine (ContainerStateMachine.java:loadSnapshot(262)) - group-E669E3FF1697: The snapshot info is null. Setting the last applied indexto:(t:0, i:~)
2023-09-20 15:48:40,735 [76461d31-4f4d-43fe-b3e7-bc7be05b2809-groupManagement] INFO  server.RaftServerConfigKeys (ConfUtils.java:logGet(46)) - raft.server.log.use.memory = false (default)
2023-09-20 15:48:40,735 [76461d31-4f4d-43fe-b3e7-bc7be05b2809-groupManagement] INFO  server.RaftServerConfigKeys (ConfUtils.java:logGet(46)) - raft.server.log.purge.gap = 1000000 (custom)
2023-09-20 15:48:40,735 [76461d31-4f4d-43fe-b3e7-bc7be05b2809-groupManagement] INFO  server.RaftServerConfigKeys (ConfUtils.java:logGet(46)) - raft.server.log.appender.buffer.byte-limit = 33554432 (custom)
2023-09-20 15:48:40,735 [76461d31-4f4d-43fe-b3e7-bc7be05b2809-groupManagement] INFO  server.RaftServerConfigKeys (ConfUtils.java:logGet(46)) - raft.server.log.statemachine.data.read.timeout = 1000ms (default)
2023-09-20 15:48:40,735 [76461d31-4f4d-43fe-b3e7-bc7be05b2809-groupManagement] INFO  server.RaftServerConfigKeys (ConfUtils.java:logGet(46)) - raft.server.log.purge.preservation.log.num = 0 (default)
2023-09-20 15:48:40,736 [76461d31-4f4d-43fe-b3e7-bc7be05b2809-groupManagement] INFO  server.RaftServerConfigKeys (ConfUtils.java:logGet(46)) - raft.server.log.segment.size.max = 1048576 (custom)
2023-09-20 15:48:40,737 [EventQueue-OpenPipelineForHealthyPipelineSafeModeRule] INFO  safemode.SCMSafeModeManager (HealthyPipelineSafeModeRule.java:process(137)) - SCM in safe mode. Healthy pipelines reported count is 0, required healthy pipeline reported count is 1
2023-09-20 15:48:40,737 [76461d31-4f4d-43fe-b3e7-bc7be05b2809-groupManagement] INFO  server.RaftServerConfigKeys (ConfUtils.java:logGet(46)) - raft.server.log.segment.cache.num.max = 2 (custom)
2023-09-20 15:48:40,737 [76461d31-4f4d-43fe-b3e7-bc7be05b2809-groupManagement] INFO  server.RaftServerConfigKeys (ConfUtils.java:logGet(46)) - raft.server.log.segment.cache.size.max = 200MB (=209715200) (default)
2023-09-20 15:48:40,737 [76461d31-4f4d-43fe-b3e7-bc7be05b2809-groupManagement] INFO  server.RaftServerConfigKeys (ConfUtils.java:logGet(46)) - raft.server.log.appender.buffer.byte-limit = 33554432 (custom)
2023-09-20 15:48:40,737 [76461d31-4f4d-43fe-b3e7-bc7be05b2809-groupManagement] INFO  segmented.SegmentedRaftLogWorker (SegmentedRaftLogWorker.java:<init>(188)) - new 76461d31-4f4d-43fe-b3e7-bc7be05b2809@group-E669E3FF1697-SegmentedRaftLogWorker for RaftStorageImpl:Storage Directory /home/runner/work/ozone/ozone/hadoop-ozone/integration-test/target/test-dir/MiniOzoneClusterImpl-38a365bd-16d9-45d9-a84a-b01271e6c83a/datanode-0/data/ratis/64f4d689-c54f-42ac-b618-e669e3ff1697
2023-09-20 15:48:40,737 [76461d31-4f4d-43fe-b3e7-bc7be05b2809-groupManagement] INFO  server.RaftServerConfigKeys (ConfUtils.java:logGet(46)) - raft.server.log.queue.byte-limit = 4294967296 (custom)
2023-09-20 15:48:40,738 [76461d31-4f4d-43fe-b3e7-bc7be05b2809-groupManagement] INFO  server.RaftServerConfigKeys (ConfUtils.java:logGet(46)) - raft.server.log.queue.element-limit = 1024 (custom)
2023-09-20 15:48:40,738 [76461d31-4f4d-43fe-b3e7-bc7be05b2809-groupManagement] INFO  server.RaftServerConfigKeys (ConfUtils.java:logGet(46)) - raft.server.log.segment.size.max = 1048576 (custom)
2023-09-20 15:48:40,738 [76461d31-4f4d-43fe-b3e7-bc7be05b2809-groupManagement] INFO  server.RaftServerConfigKeys (ConfUtils.java:logGet(46)) - raft.server.log.preallocated.size = 16384 (custom)
2023-09-20 15:48:40,738 [76461d31-4f4d-43fe-b3e7-bc7be05b2809-groupManagement] INFO  server.RaftServerConfigKeys (ConfUtils.java:logGet(46)) - raft.server.log.force.sync.num = 128 (default)
2023-09-20 15:48:40,738 [76461d31-4f4d-43fe-b3e7-bc7be05b2809-groupManagement] INFO  server.RaftServerConfigKeys (ConfUtils.java:logGet(46)) - raft.server.log.statemachine.data.sync = true (default)
2023-09-20 15:48:40,738 [76461d31-4f4d-43fe-b3e7-bc7be05b2809-groupManagement] INFO  server.RaftServerConfigKeys (ConfUtils.java:logGet(46)) - raft.server.log.statemachine.data.sync.timeout = 10s (default)
2023-09-20 15:48:40,738 [76461d31-4f4d-43fe-b3e7-bc7be05b2809-groupManagement] INFO  server.RaftServerConfigKeys (ConfUtils.java:logGet(46)) - raft.server.log.statemachine.data.sync.timeout.retry = -1 (default)
2023-09-20 15:48:40,739 [76461d31-4f4d-43fe-b3e7-bc7be05b2809-groupManagement] INFO  server.RaftServerConfigKeys (ConfUtils.java:logGet(46)) - raft.server.log.write.buffer.size = 1048576 (custom)
2023-09-20 15:48:40,739 [76461d31-4f4d-43fe-b3e7-bc7be05b2809-groupManagement] INFO  server.RaftServerConfigKeys (ConfUtils.java:logGet(46)) - raft.server.log.appender.buffer.byte-limit = 33554432 (custom)
2023-09-20 15:48:40,746 [76461d31-4f4d-43fe-b3e7-bc7be05b2809-groupManagement] INFO  server.RaftServerConfigKeys (ConfUtils.java:logGet(46)) - raft.server.log.unsafe-flush.enabled = false (default)
2023-09-20 15:48:40,746 [76461d31-4f4d-43fe-b3e7-bc7be05b2809-groupManagement] INFO  server.RaftServerConfigKeys (ConfUtils.java:logGet(46)) - raft.server.log.async-flush.enabled = false (default)
2023-09-20 15:48:40,746 [76461d31-4f4d-43fe-b3e7-bc7be05b2809-groupManagement] INFO  server.RaftServerConfigKeys (ConfUtils.java:logGet(46)) - raft.server.log.statemachine.data.caching.enabled = true (custom)
2023-09-20 15:48:40,747 [76461d31-4f4d-43fe-b3e7-bc7be05b2809-groupManagement] INFO  segmented.SegmentedRaftLogWorker (SegmentedRaftLogWorker.java:lambda$new$0(135)) - 76461d31-4f4d-43fe-b3e7-bc7be05b2809@group-E669E3FF1697-SegmentedRaftLogWorker: flushIndex: setUnconditionally 0 -> -1
2023-09-20 15:48:40,747 [76461d31-4f4d-43fe-b3e7-bc7be05b2809-groupManagement] INFO  segmented.SegmentedRaftLogWorker (SegmentedRaftLogWorker.java:lambda$new$0(135)) - 76461d31-4f4d-43fe-b3e7-bc7be05b2809@group-E669E3FF1697-SegmentedRaftLogWorker: safeCacheEvictIndex: setUnconditionally 0 -> -1
2023-09-20 15:48:40,747 [76461d31-4f4d-43fe-b3e7-bc7be05b2809-groupManagement] INFO  server.RaftServer$Division (RaftServerImpl.java:start(342)) - 76461d31-4f4d-43fe-b3e7-bc7be05b2809@group-E669E3FF1697: start as a follower, conf=-1: peers:[76461d31-4f4d-43fe-b3e7-bc7be05b2809|rpc:10.1.0.36:15049|admin:10.1.0.36:15048|client:10.1.0.36:15047|dataStream:10.1.0.36:15050|priority:0|startupRole:FOLLOWER, b1c70fe4-d692-4fdb-aa26-025ed9a8aa3e|rpc:10.1.0.36:15058|admin:10.1.0.36:15057|client:10.1.0.36:15056|dataStream:10.1.0.36:15059|priority:1|startupRole:FOLLOWER, d833c6c7-5026-4edd-bbd5-8ccc0ef3852d|rpc:10.1.0.36:15067|admin:10.1.0.36:15066|client:10.1.0.36:15065|dataStream:10.1.0.36:15068|priority:0|startupRole:FOLLOWER]|listeners:[], old=null
2023-09-20 15:48:40,747 [76461d31-4f4d-43fe-b3e7-bc7be05b2809-groupManagement] INFO  server.RaftServer$Division (RaftServerImpl.java:setRole(329)) - 76461d31-4f4d-43fe-b3e7-bc7be05b2809@group-E669E3FF1697: changes role from      null to FOLLOWER at term 0 for startAsFollower
2023-09-20 15:48:40,747 [76461d31-4f4d-43fe-b3e7-bc7be05b2809-groupManagement] INFO  impl.RoleInfo (RoleInfo.java:updateAndGet(139)) - 76461d31-4f4d-43fe-b3e7-bc7be05b2809: start 76461d31-4f4d-43fe-b3e7-bc7be05b2809@group-E669E3FF1697-FollowerState
2023-09-20 15:48:40,750 [76461d31-4f4d-43fe-b3e7-bc7be05b2809-groupManagement] INFO  util.JmxRegister (JmxRegister.java:tryRegister(44)) - Successfully registered JMX Bean with object name Ratis:service=RaftServer,group=group-E669E3FF1697,id=76461d31-4f4d-43fe-b3e7-bc7be05b2809
2023-09-20 15:48:40,751 [76461d31-4f4d-43fe-b3e7-bc7be05b2809-groupManagement] INFO  server.RaftServerConfigKeys (ConfUtils.java:logGet(46)) - raft.server.snapshot.auto.trigger.enabled = true (custom)
2023-09-20 15:48:40,751 [76461d31-4f4d-43fe-b3e7-bc7be05b2809-groupManagement] INFO  server.RaftServerConfigKeys (ConfUtils.java:logGet(46)) - raft.server.snapshot.auto.trigger.threshold = 10000 (custom)
2023-09-20 15:48:40,751 [76461d31-4f4d-43fe-b3e7-bc7be05b2809-groupManagement] INFO  server.RaftServerConfigKeys (ConfUtils.java:logGet(46)) - raft.server.snapshot.retention.file.num = 5 (custom)
2023-09-20 15:48:40,751 [76461d31-4f4d-43fe-b3e7-bc7be05b2809-groupManagement] INFO  server.RaftServerConfigKeys (ConfUtils.java:logGet(46)) - raft.server.log.purge.upto.snapshot.index = false (default)
2023-09-20 15:48:40,752 [76461d31-4f4d-43fe-b3e7-bc7be05b2809@group-E669E3FF1697-FollowerState] INFO  server.RaftServerConfigKeys (ConfUtils.java:logFallback(53)) - raft.server.rpc.first-election.timeout.min = 5s (fallback to raft.server.rpc.timeout.min)
2023-09-20 15:48:40,752 [76461d31-4f4d-43fe-b3e7-bc7be05b2809@group-E669E3FF1697-FollowerState] INFO  server.RaftServerConfigKeys (ConfUtils.java:logFallback(53)) - raft.server.rpc.first-election.timeout.max = 5200ms (fallback to raft.server.rpc.timeout.max)
2023-09-20 15:48:40,752 [PipelineCommandHandlerThread-0] INFO  ratis.XceiverServerRatis (XceiverServerRatis.java:addGroup(804)) - Created group PipelineID=64f4d689-c54f-42ac-b618-e669e3ff1697
2023-09-20 15:48:40,783 [grpc-default-executor-0] INFO  server.RaftServer (RaftServerProxy.java:addNew(98)) - b1c70fe4-d692-4fdb-aa26-025ed9a8aa3e: addNew group-E669E3FF1697:[76461d31-4f4d-43fe-b3e7-bc7be05b2809|rpc:10.1.0.36:15049|admin:10.1.0.36:15048|client:10.1.0.36:15047|dataStream:10.1.0.36:15050|priority:0|startupRole:FOLLOWER, b1c70fe4-d692-4fdb-aa26-025ed9a8aa3e|rpc:10.1.0.36:15058|admin:10.1.0.36:15057|client:10.1.0.36:15056|dataStream:10.1.0.36:15059|priority:1|startupRole:FOLLOWER, d833c6c7-5026-4edd-bbd5-8ccc0ef3852d|rpc:10.1.0.36:15067|admin:10.1.0.36:15066|client:10.1.0.36:15065|dataStream:10.1.0.36:15068|priority:0|startupRole:FOLLOWER] returns group-E669E3FF1697:java.util.concurrent.CompletableFuture@4979fe0e[Not completed]
2023-09-20 15:48:40,785 [b1c70fe4-d692-4fdb-aa26-025ed9a8aa3e-groupManagement] INFO  server.RaftServer$Division (RaftServerImpl.java:<init>(198)) - b1c70fe4-d692-4fdb-aa26-025ed9a8aa3e: new RaftServerImpl for group-E669E3FF1697:[76461d31-4f4d-43fe-b3e7-bc7be05b2809|rpc:10.1.0.36:15049|admin:10.1.0.36:15048|client:10.1.0.36:15047|dataStream:10.1.0.36:15050|priority:0|startupRole:FOLLOWER, b1c70fe4-d692-4fdb-aa26-025ed9a8aa3e|rpc:10.1.0.36:15058|admin:10.1.0.36:15057|client:10.1.0.36:15056|dataStream:10.1.0.36:15059|priority:1|startupRole:FOLLOWER, d833c6c7-5026-4edd-bbd5-8ccc0ef3852d|rpc:10.1.0.36:15067|admin:10.1.0.36:15066|client:10.1.0.36:15065|dataStream:10.1.0.36:15068|priority:0|startupRole:FOLLOWER] with ContainerStateMachine:uninitialized
2023-09-20 15:48:40,786 [b1c70fe4-d692-4fdb-aa26-025ed9a8aa3e-groupManagement] INFO  server.RaftServerConfigKeys (ConfUtils.java:logGet(46)) - raft.server.rpc.timeout.min = 5s (custom)
2023-09-20 15:48:40,786 [b1c70fe4-d692-4fdb-aa26-025ed9a8aa3e-groupManagement] INFO  server.RaftServerConfigKeys (ConfUtils.java:logGet(46)) - raft.server.rpc.timeout.max = 5200ms (custom)
2023-09-20 15:48:40,786 [b1c70fe4-d692-4fdb-aa26-025ed9a8aa3e-groupManagement] INFO  server.RaftServerConfigKeys (ConfUtils.java:logGet(46)) - raft.server.rpc.sleep.time = 25ms (default)
2023-09-20 15:48:40,786 [b1c70fe4-d692-4fdb-aa26-025ed9a8aa3e-groupManagement] INFO  server.RaftServerConfigKeys (ConfUtils.java:logGet(46)) - raft.server.rpc.slowness.timeout = 300s (custom)
2023-09-20 15:48:40,786 [b1c70fe4-d692-4fdb-aa26-025ed9a8aa3e-groupManagement] INFO  server.RaftServerConfigKeys (ConfUtils.java:logGet(46)) - raft.server.leaderelection.leader.step-down.wait-time = 10s (default)
2023-09-20 15:48:40,786 [b1c70fe4-d692-4fdb-aa26-025ed9a8aa3e-groupManagement] INFO  server.RaftServerConfigKeys (ConfUtils.java:logGet(46)) - raft.server.sleep.deviation.threshold = 300ms (default)
2023-09-20 15:48:40,786 [b1c70fe4-d692-4fdb-aa26-025ed9a8aa3e-groupManagement] INFO  server.RaftServer$Division (ServerState.java:<init>(120)) - b1c70fe4-d692-4fdb-aa26-025ed9a8aa3e@group-E669E3FF1697: ConfigurationManager, init=-1: peers:[76461d31-4f4d-43fe-b3e7-bc7be05b2809|rpc:10.1.0.36:15049|admin:10.1.0.36:15048|client:10.1.0.36:15047|dataStream:10.1.0.36:15050|priority:0|startupRole:FOLLOWER, b1c70fe4-d692-4fdb-aa26-025ed9a8aa3e|rpc:10.1.0.36:15058|admin:10.1.0.36:15057|client:10.1.0.36:15056|dataStream:10.1.0.36:15059|priority:1|startupRole:FOLLOWER, d833c6c7-5026-4edd-bbd5-8ccc0ef3852d|rpc:10.1.0.36:15067|admin:10.1.0.36:15066|client:10.1.0.36:15065|dataStream:10.1.0.36:15068|priority:0|startupRole:FOLLOWER]|listeners:[], old=null, confs=<EMPTY_MAP>
2023-09-20 15:48:40,787 [b1c70fe4-d692-4fdb-aa26-025ed9a8aa3e-groupManagement] INFO  server.RaftServerConfigKeys (ConfUtils.java:logGet(46)) - raft.server.storage.dir = [/home/runner/work/ozone/ozone/hadoop-ozone/integration-test/target/test-dir/MiniOzoneClusterImpl-38a365bd-16d9-45d9-a84a-b01271e6c83a/datanode-1/data/ratis] (custom)
2023-09-20 15:48:40,787 [b1c70fe4-d692-4fdb-aa26-025ed9a8aa3e-groupManagement] INFO  server.RaftServerConfigKeys (ConfUtils.java:logGet(46)) - raft.server.log.corruption.policy = EXCEPTION (default)
2023-09-20 15:48:40,787 [b1c70fe4-d692-4fdb-aa26-025ed9a8aa3e-groupManagement] INFO  server.RaftServerConfigKeys (ConfUtils.java:logGet(46)) - raft.server.storage.free-space.min = 0MB (=0) (default)
2023-09-20 15:48:40,787 [b1c70fe4-d692-4fdb-aa26-025ed9a8aa3e-groupManagement] INFO  server.RaftServerConfigKeys (ConfUtils.java:logGet(46)) - raft.server.notification.no-leader.timeout = 300s (custom)
2023-09-20 15:48:40,787 [b1c70fe4-d692-4fdb-aa26-025ed9a8aa3e-groupManagement] INFO  server.RaftServerConfigKeys (ConfUtils.java:logGet(46)) - raft.server.read.timeout = 10s (default)
2023-09-20 15:48:40,787 [b1c70fe4-d692-4fdb-aa26-025ed9a8aa3e-groupManagement] INFO  server.RaftServerConfigKeys (ConfUtils.java:logGet(46)) - raft.server.retrycache.expirytime = 600000ms (custom)
2023-09-20 15:48:40,787 [b1c70fe4-d692-4fdb-aa26-025ed9a8aa3e-groupManagement] INFO  server.RaftServerConfigKeys (ConfUtils.java:logGet(46)) - raft.server.retrycache.statistics.expirytime = 100μs (default)
2023-09-20 15:48:40,788 [b1c70fe4-d692-4fdb-aa26-025ed9a8aa3e-groupManagement] INFO  server.RaftServerConfigKeys (ConfUtils.java:logGet(46)) - raft.server.read.option = DEFAULT (default)
2023-09-20 15:48:40,792 [b1c70fe4-d692-4fdb-aa26-025ed9a8aa3e-groupManagement] INFO  server.RaftServerConfigKeys (ConfUtils.java:logGet(46)) - raft.server.rpc.request.timeout = 60s (custom)
2023-09-20 15:48:40,792 [b1c70fe4-d692-4fdb-aa26-025ed9a8aa3e-groupManagement] INFO  server.RaftServerConfigKeys (ConfUtils.java:logGet(46)) - raft.server.log.appender.install.snapshot.enabled = false (custom)
2023-09-20 15:48:40,792 [b1c70fe4-d692-4fdb-aa26-025ed9a8aa3e-groupManagement] INFO  server.RaftServerConfigKeys (ConfUtils.java:logGet(46)) - raft.server.threadpool.server.cached = true (default)
2023-09-20 15:48:40,792 [b1c70fe4-d692-4fdb-aa26-025ed9a8aa3e-groupManagement] INFO  server.RaftServerConfigKeys (ConfUtils.java:logGet(46)) - raft.server.threadpool.server.size = 0 (default)
2023-09-20 15:48:40,792 [b1c70fe4-d692-4fdb-aa26-025ed9a8aa3e-groupManagement] INFO  server.RaftServerConfigKeys (ConfUtils.java:logGet(46)) - raft.server.threadpool.client.cached = true (default)
2023-09-20 15:48:40,792 [b1c70fe4-d692-4fdb-aa26-025ed9a8aa3e-groupManagement] INFO  server.RaftServerConfigKeys (ConfUtils.java:logGet(46)) - raft.server.threadpool.client.size = 0 (default)
2023-09-20 15:48:40,793 [b1c70fe4-d692-4fdb-aa26-025ed9a8aa3e-groupManagement] INFO  storage.RaftStorageDirectory (RaftStorageDirectoryImpl.java:analyzeStorage(137)) - The storage directory /home/runner/work/ozone/ozone/hadoop-ozone/integration-test/target/test-dir/MiniOzoneClusterImpl-38a365bd-16d9-45d9-a84a-b01271e6c83a/datanode-1/data/ratis/64f4d689-c54f-42ac-b618-e669e3ff1697 does not exist. Creating ...
2023-09-20 15:48:40,794 [b1c70fe4-d692-4fdb-aa26-025ed9a8aa3e-groupManagement] INFO  storage.RaftStorageDirectory (RaftStorageDirectoryImpl.java:tryLock(231)) - Lock on /home/runner/work/ozone/ozone/hadoop-ozone/integration-test/target/test-dir/MiniOzoneClusterImpl-38a365bd-16d9-45d9-a84a-b01271e6c83a/datanode-1/data/ratis/64f4d689-c54f-42ac-b618-e669e3ff1697/in_use.lock acquired by nodename 41628@fv-az345-844
2023-09-20 15:48:40,796 [b1c70fe4-d692-4fdb-aa26-025ed9a8aa3e-groupManagement] INFO  storage.RaftStorage (RaftStorageImpl.java:format(96)) - Storage directory /home/runner/work/ozone/ozone/hadoop-ozone/integration-test/target/test-dir/MiniOzoneClusterImpl-38a365bd-16d9-45d9-a84a-b01271e6c83a/datanode-1/data/ratis/64f4d689-c54f-42ac-b618-e669e3ff1697 has been successfully formatted.
2023-09-20 15:48:40,798 [b1c70fe4-d692-4fdb-aa26-025ed9a8aa3e-groupManagement] INFO  ratis.ContainerStateMachine (ContainerStateMachine.java:loadSnapshot(262)) - group-E669E3FF1697: The snapshot info is null. Setting the last applied indexto:(t:0, i:~)
2023-09-20 15:48:40,798 [b1c70fe4-d692-4fdb-aa26-025ed9a8aa3e-groupManagement] INFO  server.RaftServerConfigKeys (ConfUtils.java:logGet(46)) - raft.server.log.use.memory = false (default)
2023-09-20 15:48:40,798 [b1c70fe4-d692-4fdb-aa26-025ed9a8aa3e-groupManagement] INFO  server.RaftServerConfigKeys (ConfUtils.java:logGet(46)) - raft.server.log.purge.gap = 1000000 (custom)
2023-09-20 15:48:40,799 [b1c70fe4-d692-4fdb-aa26-025ed9a8aa3e-groupManagement] INFO  server.RaftServerConfigKeys (ConfUtils.java:logGet(46)) - raft.server.log.appender.buffer.byte-limit = 33554432 (custom)
2023-09-20 15:48:40,799 [b1c70fe4-d692-4fdb-aa26-025ed9a8aa3e-groupManagement] INFO  server.RaftServerConfigKeys (ConfUtils.java:logGet(46)) - raft.server.log.statemachine.data.read.timeout = 1000ms (default)
2023-09-20 15:48:40,800 [b1c70fe4-d692-4fdb-aa26-025ed9a8aa3e-groupManagement] INFO  server.RaftServerConfigKeys (ConfUtils.java:logGet(46)) - raft.server.log.purge.preservation.log.num = 0 (default)
2023-09-20 15:48:40,801 [b1c70fe4-d692-4fdb-aa26-025ed9a8aa3e-groupManagement] INFO  server.RaftServerConfigKeys (ConfUtils.java:logGet(46)) - raft.server.log.segment.size.max = 1048576 (custom)
2023-09-20 15:48:40,808 [b1c70fe4-d692-4fdb-aa26-025ed9a8aa3e-groupManagement] INFO  server.RaftServerConfigKeys (ConfUtils.java:logGet(46)) - raft.server.log.segment.cache.num.max = 2 (custom)
2023-09-20 15:48:40,808 [b1c70fe4-d692-4fdb-aa26-025ed9a8aa3e-groupManagement] INFO  server.RaftServerConfigKeys (ConfUtils.java:logGet(46)) - raft.server.log.segment.cache.size.max = 200MB (=209715200) (default)
2023-09-20 15:48:40,808 [b1c70fe4-d692-4fdb-aa26-025ed9a8aa3e-groupManagement] INFO  server.RaftServerConfigKeys (ConfUtils.java:logGet(46)) - raft.server.log.appender.buffer.byte-limit = 33554432 (custom)
2023-09-20 15:48:40,809 [b1c70fe4-d692-4fdb-aa26-025ed9a8aa3e-groupManagement] INFO  segmented.SegmentedRaftLogWorker (SegmentedRaftLogWorker.java:<init>(188)) - new b1c70fe4-d692-4fdb-aa26-025ed9a8aa3e@group-E669E3FF1697-SegmentedRaftLogWorker for RaftStorageImpl:Storage Directory /home/runner/work/ozone/ozone/hadoop-ozone/integration-test/target/test-dir/MiniOzoneClusterImpl-38a365bd-16d9-45d9-a84a-b01271e6c83a/datanode-1/data/ratis/64f4d689-c54f-42ac-b618-e669e3ff1697
2023-09-20 15:48:40,809 [b1c70fe4-d692-4fdb-aa26-025ed9a8aa3e-groupManagement] INFO  server.RaftServerConfigKeys (ConfUtils.java:logGet(46)) - raft.server.log.queue.byte-limit = 4294967296 (custom)
2023-09-20 15:48:40,809 [b1c70fe4-d692-4fdb-aa26-025ed9a8aa3e-groupManagement] INFO  server.RaftServerConfigKeys (ConfUtils.java:logGet(46)) - raft.server.log.queue.element-limit = 1024 (custom)
2023-09-20 15:48:40,809 [b1c70fe4-d692-4fdb-aa26-025ed9a8aa3e-groupManagement] INFO  server.RaftServerConfigKeys (ConfUtils.java:logGet(46)) - raft.server.log.segment.size.max = 1048576 (custom)
2023-09-20 15:48:40,809 [b1c70fe4-d692-4fdb-aa26-025ed9a8aa3e-groupManagement] INFO  server.RaftServerConfigKeys (ConfUtils.java:logGet(46)) - raft.server.log.preallocated.size = 16384 (custom)
2023-09-20 15:48:40,809 [b1c70fe4-d692-4fdb-aa26-025ed9a8aa3e-groupManagement] INFO  server.RaftServerConfigKeys (ConfUtils.java:logGet(46)) - raft.server.log.force.sync.num = 128 (default)
2023-09-20 15:48:40,809 [b1c70fe4-d692-4fdb-aa26-025ed9a8aa3e-groupManagement] INFO  server.RaftServerConfigKeys (ConfUtils.java:logGet(46)) - raft.server.log.statemachine.data.sync = true (default)
2023-09-20 15:48:40,809 [b1c70fe4-d692-4fdb-aa26-025ed9a8aa3e-groupManagement] INFO  server.RaftServerConfigKeys (ConfUtils.java:logGet(46)) - raft.server.log.statemachine.data.sync.timeout = 10s (default)
2023-09-20 15:48:40,810 [b1c70fe4-d692-4fdb-aa26-025ed9a8aa3e-groupManagement] INFO  server.RaftServerConfigKeys (ConfUtils.java:logGet(46)) - raft.server.log.statemachine.data.sync.timeout.retry = -1 (default)
2023-09-20 15:48:40,810 [b1c70fe4-d692-4fdb-aa26-025ed9a8aa3e-groupManagement] INFO  server.RaftServerConfigKeys (ConfUtils.java:logGet(46)) - raft.server.log.write.buffer.size = 1048576 (custom)
2023-09-20 15:48:40,811 [b1c70fe4-d692-4fdb-aa26-025ed9a8aa3e-groupManagement] INFO  server.RaftServerConfigKeys (ConfUtils.java:logGet(46)) - raft.server.log.appender.buffer.byte-limit = 33554432 (custom)
2023-09-20 15:48:40,819 [b1c70fe4-d692-4fdb-aa26-025ed9a8aa3e-groupManagement] INFO  server.RaftServerConfigKeys (ConfUtils.java:logGet(46)) - raft.server.log.unsafe-flush.enabled = false (default)
2023-09-20 15:48:40,819 [b1c70fe4-d692-4fdb-aa26-025ed9a8aa3e-groupManagement] INFO  server.RaftServerConfigKeys (ConfUtils.java:logGet(46)) - raft.server.log.async-flush.enabled = false (default)
2023-09-20 15:48:40,819 [b1c70fe4-d692-4fdb-aa26-025ed9a8aa3e-groupManagement] INFO  server.RaftServerConfigKeys (ConfUtils.java:logGet(46)) - raft.server.log.statemachine.data.caching.enabled = true (custom)
2023-09-20 15:48:40,820 [b1c70fe4-d692-4fdb-aa26-025ed9a8aa3e-groupManagement] INFO  segmented.SegmentedRaftLogWorker (SegmentedRaftLogWorker.java:lambda$new$0(135)) - b1c70fe4-d692-4fdb-aa26-025ed9a8aa3e@group-E669E3FF1697-SegmentedRaftLogWorker: flushIndex: setUnconditionally 0 -> -1
2023-09-20 15:48:40,820 [b1c70fe4-d692-4fdb-aa26-025ed9a8aa3e-groupManagement] INFO  segmented.SegmentedRaftLogWorker (SegmentedRaftLogWorker.java:lambda$new$0(135)) - b1c70fe4-d692-4fdb-aa26-025ed9a8aa3e@group-E669E3FF1697-SegmentedRaftLogWorker: safeCacheEvictIndex: setUnconditionally 0 -> -1
2023-09-20 15:48:40,820 [b1c70fe4-d692-4fdb-aa26-025ed9a8aa3e-groupManagement] INFO  server.RaftServer$Division (RaftServerImpl.java:start(342)) - b1c70fe4-d692-4fdb-aa26-025ed9a8aa3e@group-E669E3FF1697: start as a follower, conf=-1: peers:[76461d31-4f4d-43fe-b3e7-bc7be05b2809|rpc:10.1.0.36:15049|admin:10.1.0.36:15048|client:10.1.0.36:15047|dataStream:10.1.0.36:15050|priority:0|startupRole:FOLLOWER, b1c70fe4-d692-4fdb-aa26-025ed9a8aa3e|rpc:10.1.0.36:15058|admin:10.1.0.36:15057|client:10.1.0.36:15056|dataStream:10.1.0.36:15059|priority:1|startupRole:FOLLOWER, d833c6c7-5026-4edd-bbd5-8ccc0ef3852d|rpc:10.1.0.36:15067|admin:10.1.0.36:15066|client:10.1.0.36:15065|dataStream:10.1.0.36:15068|priority:0|startupRole:FOLLOWER]|listeners:[], old=null
2023-09-20 15:48:40,820 [b1c70fe4-d692-4fdb-aa26-025ed9a8aa3e-groupManagement] INFO  server.RaftServer$Division (RaftServerImpl.java:setRole(329)) - b1c70fe4-d692-4fdb-aa26-025ed9a8aa3e@group-E669E3FF1697: changes role from      null to FOLLOWER at term 0 for startAsFollower
2023-09-20 15:48:40,820 [b1c70fe4-d692-4fdb-aa26-025ed9a8aa3e-groupManagement] INFO  impl.RoleInfo (RoleInfo.java:updateAndGet(139)) - b1c70fe4-d692-4fdb-aa26-025ed9a8aa3e: start b1c70fe4-d692-4fdb-aa26-025ed9a8aa3e@group-E669E3FF1697-FollowerState
2023-09-20 15:48:40,821 [b1c70fe4-d692-4fdb-aa26-025ed9a8aa3e-groupManagement] INFO  util.JmxRegister (JmxRegister.java:tryRegister(44)) - Successfully registered JMX Bean with object name Ratis:service=RaftServer,group=group-E669E3FF1697,id=b1c70fe4-d692-4fdb-aa26-025ed9a8aa3e
2023-09-20 15:48:40,821 [b1c70fe4-d692-4fdb-aa26-025ed9a8aa3e-groupManagement] INFO  server.RaftServerConfigKeys (ConfUtils.java:logGet(46)) - raft.server.snapshot.auto.trigger.enabled = true (custom)
2023-09-20 15:48:40,821 [b1c70fe4-d692-4fdb-aa26-025ed9a8aa3e-groupManagement] INFO  server.RaftServerConfigKeys (ConfUtils.java:logGet(46)) - raft.server.snapshot.auto.trigger.threshold = 10000 (custom)
2023-09-20 15:48:40,821 [b1c70fe4-d692-4fdb-aa26-025ed9a8aa3e-groupManagement] INFO  server.RaftServerConfigKeys (ConfUtils.java:logGet(46)) - raft.server.snapshot.retention.file.num = 5 (custom)
2023-09-20 15:48:40,821 [b1c70fe4-d692-4fdb-aa26-025ed9a8aa3e-groupManagement] INFO  server.RaftServerConfigKeys (ConfUtils.java:logGet(46)) - raft.server.log.purge.upto.snapshot.index = false (default)
2023-09-20 15:48:40,822 [b1c70fe4-d692-4fdb-aa26-025ed9a8aa3e@group-E669E3FF1697-FollowerState] INFO  server.RaftServerConfigKeys (ConfUtils.java:logFallback(53)) - raft.server.rpc.first-election.timeout.min = 5s (fallback to raft.server.rpc.timeout.min)
2023-09-20 15:48:40,822 [b1c70fe4-d692-4fdb-aa26-025ed9a8aa3e@group-E669E3FF1697-FollowerState] INFO  server.RaftServerConfigKeys (ConfUtils.java:logFallback(53)) - raft.server.rpc.first-election.timeout.max = 5200ms (fallback to raft.server.rpc.timeout.max)
2023-09-20 15:48:40,854 [grpc-default-executor-0] INFO  server.RaftServer (RaftServerProxy.java:addNew(98)) - d833c6c7-5026-4edd-bbd5-8ccc0ef3852d: addNew group-E669E3FF1697:[76461d31-4f4d-43fe-b3e7-bc7be05b2809|rpc:10.1.0.36:15049|admin:10.1.0.36:15048|client:10.1.0.36:15047|dataStream:10.1.0.36:15050|priority:0|startupRole:FOLLOWER, b1c70fe4-d692-4fdb-aa26-025ed9a8aa3e|rpc:10.1.0.36:15058|admin:10.1.0.36:15057|client:10.1.0.36:15056|dataStream:10.1.0.36:15059|priority:1|startupRole:FOLLOWER, d833c6c7-5026-4edd-bbd5-8ccc0ef3852d|rpc:10.1.0.36:15067|admin:10.1.0.36:15066|client:10.1.0.36:15065|dataStream:10.1.0.36:15068|priority:0|startupRole:FOLLOWER] returns group-E669E3FF1697:java.util.concurrent.CompletableFuture@3b332c0a[Not completed]
2023-09-20 15:48:40,856 [d833c6c7-5026-4edd-bbd5-8ccc0ef3852d-groupManagement] INFO  server.RaftServer$Division (RaftServerImpl.java:<init>(198)) - d833c6c7-5026-4edd-bbd5-8ccc0ef3852d: new RaftServerImpl for group-E669E3FF1697:[76461d31-4f4d-43fe-b3e7-bc7be05b2809|rpc:10.1.0.36:15049|admin:10.1.0.36:15048|client:10.1.0.36:15047|dataStream:10.1.0.36:15050|priority:0|startupRole:FOLLOWER, b1c70fe4-d692-4fdb-aa26-025ed9a8aa3e|rpc:10.1.0.36:15058|admin:10.1.0.36:15057|client:10.1.0.36:15056|dataStream:10.1.0.36:15059|priority:1|startupRole:FOLLOWER, d833c6c7-5026-4edd-bbd5-8ccc0ef3852d|rpc:10.1.0.36:15067|admin:10.1.0.36:15066|client:10.1.0.36:15065|dataStream:10.1.0.36:15068|priority:0|startupRole:FOLLOWER] with ContainerStateMachine:uninitialized
2023-09-20 15:48:40,856 [d833c6c7-5026-4edd-bbd5-8ccc0ef3852d-groupManagement] INFO  server.RaftServerConfigKeys (ConfUtils.java:logGet(46)) - raft.server.rpc.timeout.min = 5s (custom)
2023-09-20 15:48:40,856 [d833c6c7-5026-4edd-bbd5-8ccc0ef3852d-groupManagement] INFO  server.RaftServerConfigKeys (ConfUtils.java:logGet(46)) - raft.server.rpc.timeout.max = 5200ms (custom)
2023-09-20 15:48:40,856 [d833c6c7-5026-4edd-bbd5-8ccc0ef3852d-groupManagement] INFO  server.RaftServerConfigKeys (ConfUtils.java:logGet(46)) - raft.server.rpc.sleep.time = 25ms (default)
2023-09-20 15:48:40,856 [d833c6c7-5026-4edd-bbd5-8ccc0ef3852d-groupManagement] INFO  server.RaftServerConfigKeys (ConfUtils.java:logGet(46)) - raft.server.rpc.slowness.timeout = 300s (custom)
2023-09-20 15:48:40,857 [d833c6c7-5026-4edd-bbd5-8ccc0ef3852d-groupManagement] INFO  server.RaftServerConfigKeys (ConfUtils.java:logGet(46)) - raft.server.leaderelection.leader.step-down.wait-time = 10s (default)
2023-09-20 15:48:40,857 [d833c6c7-5026-4edd-bbd5-8ccc0ef3852d-groupManagement] INFO  server.RaftServerConfigKeys (ConfUtils.java:logGet(46)) - raft.server.sleep.deviation.threshold = 300ms (default)
2023-09-20 15:48:40,857 [d833c6c7-5026-4edd-bbd5-8ccc0ef3852d-groupManagement] INFO  server.RaftServer$Division (ServerState.java:<init>(120)) - d833c6c7-5026-4edd-bbd5-8ccc0ef3852d@group-E669E3FF1697: ConfigurationManager, init=-1: peers:[76461d31-4f4d-43fe-b3e7-bc7be05b2809|rpc:10.1.0.36:15049|admin:10.1.0.36:15048|client:10.1.0.36:15047|dataStream:10.1.0.36:15050|priority:0|startupRole:FOLLOWER, b1c70fe4-d692-4fdb-aa26-025ed9a8aa3e|rpc:10.1.0.36:15058|admin:10.1.0.36:15057|client:10.1.0.36:15056|dataStream:10.1.0.36:15059|priority:1|startupRole:FOLLOWER, d833c6c7-5026-4edd-bbd5-8ccc0ef3852d|rpc:10.1.0.36:15067|admin:10.1.0.36:15066|client:10.1.0.36:15065|dataStream:10.1.0.36:15068|priority:0|startupRole:FOLLOWER]|listeners:[], old=null, confs=<EMPTY_MAP>
2023-09-20 15:48:40,857 [d833c6c7-5026-4edd-bbd5-8ccc0ef3852d-groupManagement] INFO  server.RaftServerConfigKeys (ConfUtils.java:logGet(46)) - raft.server.storage.dir = [/home/runner/work/ozone/ozone/hadoop-ozone/integration-test/target/test-dir/MiniOzoneClusterImpl-38a365bd-16d9-45d9-a84a-b01271e6c83a/datanode-2/data/ratis] (custom)
2023-09-20 15:48:40,857 [d833c6c7-5026-4edd-bbd5-8ccc0ef3852d-groupManagement] INFO  server.RaftServerConfigKeys (ConfUtils.java:logGet(46)) - raft.server.log.corruption.policy = EXCEPTION (default)
2023-09-20 15:48:40,857 [d833c6c7-5026-4edd-bbd5-8ccc0ef3852d-groupManagement] INFO  server.RaftServerConfigKeys (ConfUtils.java:logGet(46)) - raft.server.storage.free-space.min = 0MB (=0) (default)
2023-09-20 15:48:40,857 [d833c6c7-5026-4edd-bbd5-8ccc0ef3852d-groupManagement] INFO  server.RaftServerConfigKeys (ConfUtils.java:logGet(46)) - raft.server.notification.no-leader.timeout = 300s (custom)
2023-09-20 15:48:40,858 [d833c6c7-5026-4edd-bbd5-8ccc0ef3852d-groupManagement] INFO  server.RaftServerConfigKeys (ConfUtils.java:logGet(46)) - raft.server.read.timeout = 10s (default)
2023-09-20 15:48:40,858 [d833c6c7-5026-4edd-bbd5-8ccc0ef3852d-groupManagement] INFO  server.RaftServerConfigKeys (ConfUtils.java:logGet(46)) - raft.server.retrycache.expirytime = 600000ms (custom)
2023-09-20 15:48:40,858 [d833c6c7-5026-4edd-bbd5-8ccc0ef3852d-groupManagement] INFO  server.RaftServerConfigKeys (ConfUtils.java:logGet(46)) - raft.server.retrycache.statistics.expirytime = 100μs (default)
2023-09-20 15:48:40,858 [d833c6c7-5026-4edd-bbd5-8ccc0ef3852d-groupManagement] INFO  server.RaftServerConfigKeys (ConfUtils.java:logGet(46)) - raft.server.read.option = DEFAULT (default)
2023-09-20 15:48:40,860 [d833c6c7-5026-4edd-bbd5-8ccc0ef3852d-groupManagement] INFO  server.RaftServerConfigKeys (ConfUtils.java:logGet(46)) - raft.server.rpc.request.timeout = 60s (custom)
2023-09-20 15:48:40,860 [d833c6c7-5026-4edd-bbd5-8ccc0ef3852d-groupManagement] INFO  server.RaftServerConfigKeys (ConfUtils.java:logGet(46)) - raft.server.log.appender.install.snapshot.enabled = false (custom)
2023-09-20 15:48:40,860 [d833c6c7-5026-4edd-bbd5-8ccc0ef3852d-groupManagement] INFO  server.RaftServerConfigKeys (ConfUtils.java:logGet(46)) - raft.server.threadpool.server.cached = true (default)
2023-09-20 15:48:40,860 [d833c6c7-5026-4edd-bbd5-8ccc0ef3852d-groupManagement] INFO  server.RaftServerConfigKeys (ConfUtils.java:logGet(46)) - raft.server.threadpool.server.size = 0 (default)
2023-09-20 15:48:40,860 [d833c6c7-5026-4edd-bbd5-8ccc0ef3852d-groupManagement] INFO  server.RaftServerConfigKeys (ConfUtils.java:logGet(46)) - raft.server.threadpool.client.cached = true (default)
2023-09-20 15:48:40,860 [d833c6c7-5026-4edd-bbd5-8ccc0ef3852d-groupManagement] INFO  server.RaftServerConfigKeys (ConfUtils.java:logGet(46)) - raft.server.threadpool.client.size = 0 (default)
2023-09-20 15:48:40,861 [d833c6c7-5026-4edd-bbd5-8ccc0ef3852d-groupManagement] INFO  storage.RaftStorageDirectory (RaftStorageDirectoryImpl.java:analyzeStorage(137)) - The storage directory /home/runner/work/ozone/ozone/hadoop-ozone/integration-test/target/test-dir/MiniOzoneClusterImpl-38a365bd-16d9-45d9-a84a-b01271e6c83a/datanode-2/data/ratis/64f4d689-c54f-42ac-b618-e669e3ff1697 does not exist. Creating ...
2023-09-20 15:48:40,863 [d833c6c7-5026-4edd-bbd5-8ccc0ef3852d-groupManagement] INFO  storage.RaftStorageDirectory (RaftStorageDirectoryImpl.java:tryLock(231)) - Lock on /home/runner/work/ozone/ozone/hadoop-ozone/integration-test/target/test-dir/MiniOzoneClusterImpl-38a365bd-16d9-45d9-a84a-b01271e6c83a/datanode-2/data/ratis/64f4d689-c54f-42ac-b618-e669e3ff1697/in_use.lock acquired by nodename 41628@fv-az345-844
2023-09-20 15:48:40,864 [d833c6c7-5026-4edd-bbd5-8ccc0ef3852d-groupManagement] INFO  storage.RaftStorage (RaftStorageImpl.java:format(96)) - Storage directory /home/runner/work/ozone/ozone/hadoop-ozone/integration-test/target/test-dir/MiniOzoneClusterImpl-38a365bd-16d9-45d9-a84a-b01271e6c83a/datanode-2/data/ratis/64f4d689-c54f-42ac-b618-e669e3ff1697 has been successfully formatted.
2023-09-20 15:48:40,869 [d833c6c7-5026-4edd-bbd5-8ccc0ef3852d-groupManagement] INFO  ratis.ContainerStateMachine (ContainerStateMachine.java:loadSnapshot(262)) - group-E669E3FF1697: The snapshot info is null. Setting the last applied indexto:(t:0, i:~)
2023-09-20 15:48:40,869 [d833c6c7-5026-4edd-bbd5-8ccc0ef3852d-groupManagement] INFO  server.RaftServerConfigKeys (ConfUtils.java:logGet(46)) - raft.server.log.use.memory = false (default)
2023-09-20 15:48:40,869 [d833c6c7-5026-4edd-bbd5-8ccc0ef3852d-groupManagement] INFO  server.RaftServerConfigKeys (ConfUtils.java:logGet(46)) - raft.server.log.purge.gap = 1000000 (custom)
2023-09-20 15:48:40,869 [d833c6c7-5026-4edd-bbd5-8ccc0ef3852d-groupManagement] INFO  server.RaftServerConfigKeys (ConfUtils.java:logGet(46)) - raft.server.log.appender.buffer.byte-limit = 33554432 (custom)
2023-09-20 15:48:40,870 [d833c6c7-5026-4edd-bbd5-8ccc0ef3852d-groupManagement] INFO  server.RaftServerConfigKeys (ConfUtils.java:logGet(46)) - raft.server.log.statemachine.data.read.timeout = 1000ms (default)
2023-09-20 15:48:40,870 [d833c6c7-5026-4edd-bbd5-8ccc0ef3852d-groupManagement] INFO  server.RaftServerConfigKeys (ConfUtils.java:logGet(46)) - raft.server.log.purge.preservation.log.num = 0 (default)
2023-09-20 15:48:40,870 [d833c6c7-5026-4edd-bbd5-8ccc0ef3852d-groupManagement] INFO  server.RaftServerConfigKeys (ConfUtils.java:logGet(46)) - raft.server.log.segment.size.max = 1048576 (custom)
2023-09-20 15:48:40,871 [d833c6c7-5026-4edd-bbd5-8ccc0ef3852d-groupManagement] INFO  server.RaftServerConfigKeys (ConfUtils.java:logGet(46)) - raft.server.log.segment.cache.num.max = 2 (custom)
2023-09-20 15:48:40,871 [d833c6c7-5026-4edd-bbd5-8ccc0ef3852d-groupManagement] INFO  server.RaftServerConfigKeys (ConfUtils.java:logGet(46)) - raft.server.log.segment.cache.size.max = 200MB (=209715200) (default)
2023-09-20 15:48:40,871 [d833c6c7-5026-4edd-bbd5-8ccc0ef3852d-groupManagement] INFO  server.RaftServerConfigKeys (ConfUtils.java:logGet(46)) - raft.server.log.appender.buffer.byte-limit = 33554432 (custom)
2023-09-20 15:48:40,872 [d833c6c7-5026-4edd-bbd5-8ccc0ef3852d-groupManagement] INFO  segmented.SegmentedRaftLogWorker (SegmentedRaftLogWorker.java:<init>(188)) - new d833c6c7-5026-4edd-bbd5-8ccc0ef3852d@group-E669E3FF1697-SegmentedRaftLogWorker for RaftStorageImpl:Storage Directory /home/runner/work/ozone/ozone/hadoop-ozone/integration-test/target/test-dir/MiniOzoneClusterImpl-38a365bd-16d9-45d9-a84a-b01271e6c83a/datanode-2/data/ratis/64f4d689-c54f-42ac-b618-e669e3ff1697
2023-09-20 15:48:40,872 [d833c6c7-5026-4edd-bbd5-8ccc0ef3852d-groupManagement] INFO  server.RaftServerConfigKeys (ConfUtils.java:logGet(46)) - raft.server.log.queue.byte-limit = 4294967296 (custom)
2023-09-20 15:48:40,872 [d833c6c7-5026-4edd-bbd5-8ccc0ef3852d-groupManagement] INFO  server.RaftServerConfigKeys (ConfUtils.java:logGet(46)) - raft.server.log.queue.element-limit = 1024 (custom)
2023-09-20 15:48:40,872 [d833c6c7-5026-4edd-bbd5-8ccc0ef3852d-groupManagement] INFO  server.RaftServerConfigKeys (ConfUtils.java:logGet(46)) - raft.server.log.segment.size.max = 1048576 (custom)
2023-09-20 15:48:40,872 [d833c6c7-5026-4edd-bbd5-8ccc0ef3852d-groupManagement] INFO  server.RaftServerConfigKeys (ConfUtils.java:logGet(46)) - raft.server.log.preallocated.size = 16384 (custom)
2023-09-20 15:48:40,872 [d833c6c7-5026-4edd-bbd5-8ccc0ef3852d-groupManagement] INFO  server.RaftServerConfigKeys (ConfUtils.java:logGet(46)) - raft.server.log.force.sync.num = 128 (default)
2023-09-20 15:48:40,872 [d833c6c7-5026-4edd-bbd5-8ccc0ef3852d-groupManagement] INFO  server.RaftServerConfigKeys (ConfUtils.java:logGet(46)) - raft.server.log.statemachine.data.sync = true (default)
2023-09-20 15:48:40,872 [d833c6c7-5026-4edd-bbd5-8ccc0ef3852d-groupManagement] INFO  server.RaftServerConfigKeys (ConfUtils.java:logGet(46)) - raft.server.log.statemachine.data.sync.timeout = 10s (default)
2023-09-20 15:48:40,873 [d833c6c7-5026-4edd-bbd5-8ccc0ef3852d-groupManagement] INFO  server.RaftServerConfigKeys (ConfUtils.java:logGet(46)) - raft.server.log.statemachine.data.sync.timeout.retry = -1 (default)
2023-09-20 15:48:40,873 [d833c6c7-5026-4edd-bbd5-8ccc0ef3852d-groupManagement] INFO  server.RaftServerConfigKeys (ConfUtils.java:logGet(46)) - raft.server.log.write.buffer.size = 1048576 (custom)
2023-09-20 15:48:40,874 [d833c6c7-5026-4edd-bbd5-8ccc0ef3852d-groupManagement] INFO  server.RaftServerConfigKeys (ConfUtils.java:logGet(46)) - raft.server.log.appender.buffer.byte-limit = 33554432 (custom)
2023-09-20 15:48:40,886 [d833c6c7-5026-4edd-bbd5-8ccc0ef3852d-groupManagement] INFO  server.RaftServerConfigKeys (ConfUtils.java:logGet(46)) - raft.server.log.unsafe-flush.enabled = false (default)
2023-09-20 15:48:40,886 [d833c6c7-5026-4edd-bbd5-8ccc0ef3852d-groupManagement] INFO  server.RaftServerConfigKeys (ConfUtils.java:logGet(46)) - raft.server.log.async-flush.enabled = false (default)
2023-09-20 15:48:40,887 [d833c6c7-5026-4edd-bbd5-8ccc0ef3852d-groupManagement] INFO  server.RaftServerConfigKeys (ConfUtils.java:logGet(46)) - raft.server.log.statemachine.data.caching.enabled = true (custom)
2023-09-20 15:48:40,887 [d833c6c7-5026-4edd-bbd5-8ccc0ef3852d-groupManagement] INFO  segmented.SegmentedRaftLogWorker (SegmentedRaftLogWorker.java:lambda$new$0(135)) - d833c6c7-5026-4edd-bbd5-8ccc0ef3852d@group-E669E3FF1697-SegmentedRaftLogWorker: flushIndex: setUnconditionally 0 -> -1
2023-09-20 15:48:40,888 [d833c6c7-5026-4edd-bbd5-8ccc0ef3852d-groupManagement] INFO  segmented.SegmentedRaftLogWorker (SegmentedRaftLogWorker.java:lambda$new$0(135)) - d833c6c7-5026-4edd-bbd5-8ccc0ef3852d@group-E669E3FF1697-SegmentedRaftLogWorker: safeCacheEvictIndex: setUnconditionally 0 -> -1
2023-09-20 15:48:40,888 [d833c6c7-5026-4edd-bbd5-8ccc0ef3852d-groupManagement] INFO  server.RaftServer$Division (RaftServerImpl.java:start(342)) - d833c6c7-5026-4edd-bbd5-8ccc0ef3852d@group-E669E3FF1697: start as a follower, conf=-1: peers:[76461d31-4f4d-43fe-b3e7-bc7be05b2809|rpc:10.1.0.36:15049|admin:10.1.0.36:15048|client:10.1.0.36:15047|dataStream:10.1.0.36:15050|priority:0|startupRole:FOLLOWER, b1c70fe4-d692-4fdb-aa26-025ed9a8aa3e|rpc:10.1.0.36:15058|admin:10.1.0.36:15057|client:10.1.0.36:15056|dataStream:10.1.0.36:15059|priority:1|startupRole:FOLLOWER, d833c6c7-5026-4edd-bbd5-8ccc0ef3852d|rpc:10.1.0.36:15067|admin:10.1.0.36:15066|client:10.1.0.36:15065|dataStream:10.1.0.36:15068|priority:0|startupRole:FOLLOWER]|listeners:[], old=null
2023-09-20 15:48:40,888 [d833c6c7-5026-4edd-bbd5-8ccc0ef3852d-groupManagement] INFO  server.RaftServer$Division (RaftServerImpl.java:setRole(329)) - d833c6c7-5026-4edd-bbd5-8ccc0ef3852d@group-E669E3FF1697: changes role from      null to FOLLOWER at term 0 for startAsFollower
2023-09-20 15:48:40,888 [d833c6c7-5026-4edd-bbd5-8ccc0ef3852d-groupManagement] INFO  impl.RoleInfo (RoleInfo.java:updateAndGet(139)) - d833c6c7-5026-4edd-bbd5-8ccc0ef3852d: start d833c6c7-5026-4edd-bbd5-8ccc0ef3852d@group-E669E3FF1697-FollowerState
2023-09-20 15:48:40,895 [d833c6c7-5026-4edd-bbd5-8ccc0ef3852d-groupManagement] INFO  util.JmxRegister (JmxRegister.java:tryRegister(44)) - Successfully registered JMX Bean with object name Ratis:service=RaftServer,group=group-E669E3FF1697,id=d833c6c7-5026-4edd-bbd5-8ccc0ef3852d
2023-09-20 15:48:40,895 [d833c6c7-5026-4edd-bbd5-8ccc0ef3852d-groupManagement] INFO  server.RaftServerConfigKeys (ConfUtils.java:logGet(46)) - raft.server.snapshot.auto.trigger.enabled = true (custom)
2023-09-20 15:48:40,895 [d833c6c7-5026-4edd-bbd5-8ccc0ef3852d-groupManagement] INFO  server.RaftServerConfigKeys (ConfUtils.java:logGet(46)) - raft.server.snapshot.auto.trigger.threshold = 10000 (custom)
2023-09-20 15:48:40,895 [d833c6c7-5026-4edd-bbd5-8ccc0ef3852d-groupManagement] INFO  server.RaftServerConfigKeys (ConfUtils.java:logGet(46)) - raft.server.snapshot.retention.file.num = 5 (custom)
2023-09-20 15:48:40,895 [d833c6c7-5026-4edd-bbd5-8ccc0ef3852d-groupManagement] INFO  server.RaftServerConfigKeys (ConfUtils.java:logGet(46)) - raft.server.log.purge.upto.snapshot.index = false (default)
2023-09-20 15:48:40,900 [d833c6c7-5026-4edd-bbd5-8ccc0ef3852d@group-E669E3FF1697-FollowerState] INFO  server.RaftServerConfigKeys (ConfUtils.java:logFallback(53)) - raft.server.rpc.first-election.timeout.min = 5s (fallback to raft.server.rpc.timeout.min)
2023-09-20 15:48:40,900 [d833c6c7-5026-4edd-bbd5-8ccc0ef3852d@group-E669E3FF1697-FollowerState] INFO  server.RaftServerConfigKeys (ConfUtils.java:logFallback(53)) - raft.server.rpc.first-election.timeout.max = 5200ms (fallback to raft.server.rpc.timeout.max)
2023-09-20 15:48:40,914 [PipelineCommandHandlerThread-0] INFO  commandhandler.CreatePipelineCommandHandler (CreatePipelineCommandHandler.java:lambda$handle$2(124)) - Created Pipeline RATIS THREE PipelineID=64f4d689-c54f-42ac-b618-e669e3ff1697.
2023-09-20 15:48:40,914 [PipelineCommandHandlerThread-0] INFO  server.RaftServer (RaftServerProxy.java:addNew(98)) - 76461d31-4f4d-43fe-b3e7-bc7be05b2809: addNew group-8A3B1EC5611F:[76461d31-4f4d-43fe-b3e7-bc7be05b2809|rpc:10.1.0.36:15049|admin:10.1.0.36:15048|client:10.1.0.36:15047|dataStream:10.1.0.36:15050|priority:0|startupRole:FOLLOWER, b1c70fe4-d692-4fdb-aa26-025ed9a8aa3e|rpc:10.1.0.36:15058|admin:10.1.0.36:15057|client:10.1.0.36:15056|dataStream:10.1.0.36:15059|priority:0|startupRole:FOLLOWER, d833c6c7-5026-4edd-bbd5-8ccc0ef3852d|rpc:10.1.0.36:15067|admin:10.1.0.36:15066|client:10.1.0.36:15065|dataStream:10.1.0.36:15068|priority:1|startupRole:FOLLOWER] returns group-8A3B1EC5611F:java.util.concurrent.CompletableFuture@4a732ca2[Not completed]
2023-09-20 15:48:40,915 [76461d31-4f4d-43fe-b3e7-bc7be05b2809-groupManagement] INFO  server.RaftServer$Division (RaftServerImpl.java:<init>(198)) - 76461d31-4f4d-43fe-b3e7-bc7be05b2809: new RaftServerImpl for group-8A3B1EC5611F:[76461d31-4f4d-43fe-b3e7-bc7be05b2809|rpc:10.1.0.36:15049|admin:10.1.0.36:15048|client:10.1.0.36:15047|dataStream:10.1.0.36:15050|priority:0|startupRole:FOLLOWER, b1c70fe4-d692-4fdb-aa26-025ed9a8aa3e|rpc:10.1.0.36:15058|admin:10.1.0.36:15057|client:10.1.0.36:15056|dataStream:10.1.0.36:15059|priority:0|startupRole:FOLLOWER, d833c6c7-5026-4edd-bbd5-8ccc0ef3852d|rpc:10.1.0.36:15067|admin:10.1.0.36:15066|client:10.1.0.36:15065|dataStream:10.1.0.36:15068|priority:1|startupRole:FOLLOWER] with ContainerStateMachine:uninitialized
2023-09-20 15:48:40,916 [76461d31-4f4d-43fe-b3e7-bc7be05b2809-groupManagement] INFO  server.RaftServerConfigKeys (ConfUtils.java:logGet(46)) - raft.server.rpc.timeout.min = 5s (custom)
2023-09-20 15:48:40,916 [76461d31-4f4d-43fe-b3e7-bc7be05b2809-groupManagement] INFO  server.RaftServerConfigKeys (ConfUtils.java:logGet(46)) - raft.server.rpc.timeout.max = 5200ms (custom)
2023-09-20 15:48:40,916 [76461d31-4f4d-43fe-b3e7-bc7be05b2809-groupManagement] INFO  server.RaftServerConfigKeys (ConfUtils.java:logGet(46)) - raft.server.rpc.sleep.time = 25ms (default)
2023-09-20 15:48:40,916 [76461d31-4f4d-43fe-b3e7-bc7be05b2809-groupManagement] INFO  server.RaftServerConfigKeys (ConfUtils.java:logGet(46)) - raft.server.rpc.slowness.timeout = 300s (custom)
2023-09-20 15:48:40,916 [76461d31-4f4d-43fe-b3e7-bc7be05b2809-groupManagement] INFO  server.RaftServerConfigKeys (ConfUtils.java:logGet(46)) - raft.server.leaderelection.leader.step-down.wait-time = 10s (default)
2023-09-20 15:48:40,916 [76461d31-4f4d-43fe-b3e7-bc7be05b2809-groupManagement] INFO  server.RaftServerConfigKeys (ConfUtils.java:logGet(46)) - raft.server.sleep.deviation.threshold = 300ms (default)
2023-09-20 15:48:40,916 [76461d31-4f4d-43fe-b3e7-bc7be05b2809-groupManagement] INFO  server.RaftServer$Division (ServerState.java:<init>(120)) - 76461d31-4f4d-43fe-b3e7-bc7be05b2809@group-8A3B1EC5611F: ConfigurationManager, init=-1: peers:[76461d31-4f4d-43fe-b3e7-bc7be05b2809|rpc:10.1.0.36:15049|admin:10.1.0.36:15048|client:10.1.0.36:15047|dataStream:10.1.0.36:15050|priority:0|startupRole:FOLLOWER, b1c70fe4-d692-4fdb-aa26-025ed9a8aa3e|rpc:10.1.0.36:15058|admin:10.1.0.36:15057|client:10.1.0.36:15056|dataStream:10.1.0.36:15059|priority:0|startupRole:FOLLOWER, d833c6c7-5026-4edd-bbd5-8ccc0ef3852d|rpc:10.1.0.36:15067|admin:10.1.0.36:15066|client:10.1.0.36:15065|dataStream:10.1.0.36:15068|priority:1|startupRole:FOLLOWER]|listeners:[], old=null, confs=<EMPTY_MAP>
2023-09-20 15:48:40,916 [76461d31-4f4d-43fe-b3e7-bc7be05b2809-groupManagement] INFO  server.RaftServerConfigKeys (ConfUtils.java:logGet(46)) - raft.server.storage.dir = [/home/runner/work/ozone/ozone/hadoop-ozone/integration-test/target/test-dir/MiniOzoneClusterImpl-38a365bd-16d9-45d9-a84a-b01271e6c83a/datanode-0/data/ratis] (custom)
2023-09-20 15:48:40,916 [76461d31-4f4d-43fe-b3e7-bc7be05b2809-groupManagement] INFO  server.RaftServerConfigKeys (ConfUtils.java:logGet(46)) - raft.server.log.corruption.policy = EXCEPTION (default)
2023-09-20 15:48:40,916 [76461d31-4f4d-43fe-b3e7-bc7be05b2809-groupManagement] INFO  server.RaftServerConfigKeys (ConfUtils.java:logGet(46)) - raft.server.storage.free-space.min = 0MB (=0) (default)
2023-09-20 15:48:40,917 [76461d31-4f4d-43fe-b3e7-bc7be05b2809-groupManagement] INFO  server.RaftServerConfigKeys (ConfUtils.java:logGet(46)) - raft.server.notification.no-leader.timeout = 300s (custom)
2023-09-20 15:48:40,917 [76461d31-4f4d-43fe-b3e7-bc7be05b2809-groupManagement] INFO  server.RaftServerConfigKeys (ConfUtils.java:logGet(46)) - raft.server.read.timeout = 10s (default)
2023-09-20 15:48:40,917 [76461d31-4f4d-43fe-b3e7-bc7be05b2809-groupManagement] INFO  server.RaftServerConfigKeys (ConfUtils.java:logGet(46)) - raft.server.retrycache.expirytime = 600000ms (custom)
2023-09-20 15:48:40,917 [76461d31-4f4d-43fe-b3e7-bc7be05b2809-groupManagement] INFO  server.RaftServerConfigKeys (ConfUtils.java:logGet(46)) - raft.server.retrycache.statistics.expirytime = 100μs (default)
2023-09-20 15:48:40,917 [76461d31-4f4d-43fe-b3e7-bc7be05b2809-groupManagement] INFO  server.RaftServerConfigKeys (ConfUtils.java:logGet(46)) - raft.server.read.option = DEFAULT (default)
2023-09-20 15:48:40,920 [76461d31-4f4d-43fe-b3e7-bc7be05b2809-groupManagement] INFO  server.RaftServerConfigKeys (ConfUtils.java:logGet(46)) - raft.server.rpc.request.timeout = 60s (custom)
2023-09-20 15:48:40,920 [76461d31-4f4d-43fe-b3e7-bc7be05b2809-groupManagement] INFO  server.RaftServerConfigKeys (ConfUtils.java:logGet(46)) - raft.server.log.appender.install.snapshot.enabled = false (custom)
2023-09-20 15:48:40,921 [76461d31-4f4d-43fe-b3e7-bc7be05b2809-groupManagement] INFO  server.RaftServerConfigKeys (ConfUtils.java:logGet(46)) - raft.server.threadpool.server.cached = true (default)
2023-09-20 15:48:40,921 [76461d31-4f4d-43fe-b3e7-bc7be05b2809-groupManagement] INFO  server.RaftServerConfigKeys (ConfUtils.java:logGet(46)) - raft.server.threadpool.server.size = 0 (default)
2023-09-20 15:48:40,921 [76461d31-4f4d-43fe-b3e7-bc7be05b2809-groupManagement] INFO  server.RaftServerConfigKeys (ConfUtils.java:logGet(46)) - raft.server.threadpool.client.cached = true (default)
2023-09-20 15:48:40,921 [76461d31-4f4d-43fe-b3e7-bc7be05b2809-groupManagement] INFO  server.RaftServerConfigKeys (ConfUtils.java:logGet(46)) - raft.server.threadpool.client.size = 0 (default)
2023-09-20 15:48:40,922 [76461d31-4f4d-43fe-b3e7-bc7be05b2809-groupManagement] INFO  storage.RaftStorageDirectory (RaftStorageDirectoryImpl.java:analyzeStorage(137)) - The storage directory /home/runner/work/ozone/ozone/hadoop-ozone/integration-test/target/test-dir/MiniOzoneClusterImpl-38a365bd-16d9-45d9-a84a-b01271e6c83a/datanode-0/data/ratis/15feb49d-6829-40ee-baa7-8a3b1ec5611f does not exist. Creating ...
2023-09-20 15:48:40,923 [76461d31-4f4d-43fe-b3e7-bc7be05b2809-groupManagement] INFO  storage.RaftStorageDirectory (RaftStorageDirectoryImpl.java:tryLock(231)) - Lock on /home/runner/work/ozone/ozone/hadoop-ozone/integration-test/target/test-dir/MiniOzoneClusterImpl-38a365bd-16d9-45d9-a84a-b01271e6c83a/datanode-0/data/ratis/15feb49d-6829-40ee-baa7-8a3b1ec5611f/in_use.lock acquired by nodename 41628@fv-az345-844
2023-09-20 15:48:40,925 [76461d31-4f4d-43fe-b3e7-bc7be05b2809-groupManagement] INFO  storage.RaftStorage (RaftStorageImpl.java:format(96)) - Storage directory /home/runner/work/ozone/ozone/hadoop-ozone/integration-test/target/test-dir/MiniOzoneClusterImpl-38a365bd-16d9-45d9-a84a-b01271e6c83a/datanode-0/data/ratis/15feb49d-6829-40ee-baa7-8a3b1ec5611f has been successfully formatted.
2023-09-20 15:48:40,925 [76461d31-4f4d-43fe-b3e7-bc7be05b2809-groupManagement] INFO  ratis.ContainerStateMachine (ContainerStateMachine.java:loadSnapshot(262)) - group-8A3B1EC5611F: The snapshot info is null. Setting the last applied indexto:(t:0, i:~)
2023-09-20 15:48:40,925 [76461d31-4f4d-43fe-b3e7-bc7be05b2809-groupManagement] INFO  server.RaftServerConfigKeys (ConfUtils.java:logGet(46)) - raft.server.log.use.memory = false (default)
2023-09-20 15:48:40,925 [76461d31-4f4d-43fe-b3e7-bc7be05b2809-groupManagement] INFO  server.RaftServerConfigKeys (ConfUtils.java:logGet(46)) - raft.server.log.purge.gap = 1000000 (custom)
2023-09-20 15:48:40,926 [76461d31-4f4d-43fe-b3e7-bc7be05b2809-groupManagement] INFO  server.RaftServerConfigKeys (ConfUtils.java:logGet(46)) - raft.server.log.appender.buffer.byte-limit = 33554432 (custom)
2023-09-20 15:48:40,926 [76461d31-4f4d-43fe-b3e7-bc7be05b2809-groupManagement] INFO  server.RaftServerConfigKeys (ConfUtils.java:logGet(46)) - raft.server.log.statemachine.data.read.timeout = 1000ms (default)
2023-09-20 15:48:40,926 [76461d31-4f4d-43fe-b3e7-bc7be05b2809-groupManagement] INFO  server.RaftServerConfigKeys (ConfUtils.java:logGet(46)) - raft.server.log.purge.preservation.log.num = 0 (default)
2023-09-20 15:48:40,926 [76461d31-4f4d-43fe-b3e7-bc7be05b2809-groupManagement] INFO  server.RaftServerConfigKeys (ConfUtils.java:logGet(46)) - raft.server.log.segment.size.max = 1048576 (custom)
2023-09-20 15:48:40,928 [EventQueue-OpenPipelineForHealthyPipelineSafeModeRule] INFO  safemode.SCMSafeModeManager (HealthyPipelineSafeModeRule.java:process(137)) - SCM in safe mode. Healthy pipelines reported count is 0, required healthy pipeline reported count is 1
2023-09-20 15:48:40,930 [76461d31-4f4d-43fe-b3e7-bc7be05b2809-groupManagement] INFO  server.RaftServerConfigKeys (ConfUtils.java:logGet(46)) - raft.server.log.segment.cache.num.max = 2 (custom)
2023-09-20 15:48:40,930 [76461d31-4f4d-43fe-b3e7-bc7be05b2809-groupManagement] INFO  server.RaftServerConfigKeys (ConfUtils.java:logGet(46)) - raft.server.log.segment.cache.size.max = 200MB (=209715200) (default)
2023-09-20 15:48:40,930 [76461d31-4f4d-43fe-b3e7-bc7be05b2809-groupManagement] INFO  server.RaftServerConfigKeys (ConfUtils.java:logGet(46)) - raft.server.log.appender.buffer.byte-limit = 33554432 (custom)
2023-09-20 15:48:40,930 [76461d31-4f4d-43fe-b3e7-bc7be05b2809-groupManagement] INFO  segmented.SegmentedRaftLogWorker (SegmentedRaftLogWorker.java:<init>(188)) - new 76461d31-4f4d-43fe-b3e7-bc7be05b2809@group-8A3B1EC5611F-SegmentedRaftLogWorker for RaftStorageImpl:Storage Directory /home/runner/work/ozone/ozone/hadoop-ozone/integration-test/target/test-dir/MiniOzoneClusterImpl-38a365bd-16d9-45d9-a84a-b01271e6c83a/datanode-0/data/ratis/15feb49d-6829-40ee-baa7-8a3b1ec5611f
2023-09-20 15:48:40,930 [76461d31-4f4d-43fe-b3e7-bc7be05b2809-groupManagement] INFO  server.RaftServerConfigKeys (ConfUtils.java:logGet(46)) - raft.server.log.queue.byte-limit = 4294967296 (custom)
2023-09-20 15:48:40,930 [76461d31-4f4d-43fe-b3e7-bc7be05b2809-groupManagement] INFO  server.RaftServerConfigKeys (ConfUtils.java:logGet(46)) - raft.server.log.queue.element-limit = 1024 (custom)
2023-09-20 15:48:40,930 [76461d31-4f4d-43fe-b3e7-bc7be05b2809-groupManagement] INFO  server.RaftServerConfigKeys (ConfUtils.java:logGet(46)) - raft.server.log.segment.size.max = 1048576 (custom)
2023-09-20 15:48:40,930 [76461d31-4f4d-43fe-b3e7-bc7be05b2809-groupManagement] INFO  server.RaftServerConfigKeys (ConfUtils.java:logGet(46)) - raft.server.log.preallocated.size = 16384 (custom)
2023-09-20 15:48:40,930 [76461d31-4f4d-43fe-b3e7-bc7be05b2809-groupManagement] INFO  server.RaftServerConfigKeys (ConfUtils.java:logGet(46)) - raft.server.log.force.sync.num = 128 (default)
2023-09-20 15:48:40,930 [76461d31-4f4d-43fe-b3e7-bc7be05b2809-groupManagement] INFO  server.RaftServerConfigKeys (ConfUtils.java:logGet(46)) - raft.server.log.statemachine.data.sync = true (default)
2023-09-20 15:48:40,931 [76461d31-4f4d-43fe-b3e7-bc7be05b2809-groupManagement] INFO  server.RaftServerConfigKeys (ConfUtils.java:logGet(46)) - raft.server.log.statemachine.data.sync.timeout = 10s (default)
2023-09-20 15:48:40,932 [76461d31-4f4d-43fe-b3e7-bc7be05b2809-groupManagement] INFO  server.RaftServerConfigKeys (ConfUtils.java:logGet(46)) - raft.server.log.statemachine.data.sync.timeout.retry = -1 (default)
2023-09-20 15:48:40,932 [76461d31-4f4d-43fe-b3e7-bc7be05b2809-groupManagement] INFO  server.RaftServerConfigKeys (ConfUtils.java:logGet(46)) - raft.server.log.write.buffer.size = 1048576 (custom)
2023-09-20 15:48:40,933 [76461d31-4f4d-43fe-b3e7-bc7be05b2809-groupManagement] INFO  server.RaftServerConfigKeys (ConfUtils.java:logGet(46)) - raft.server.log.appender.buffer.byte-limit = 33554432 (custom)
2023-09-20 15:48:40,940 [76461d31-4f4d-43fe-b3e7-bc7be05b2809-groupManagement] INFO  server.RaftServerConfigKeys (ConfUtils.java:logGet(46)) - raft.server.log.unsafe-flush.enabled = false (default)
2023-09-20 15:48:40,940 [76461d31-4f4d-43fe-b3e7-bc7be05b2809-groupManagement] INFO  server.RaftServerConfigKeys (ConfUtils.java:logGet(46)) - raft.server.log.async-flush.enabled = false (default)
2023-09-20 15:48:40,940 [76461d31-4f4d-43fe-b3e7-bc7be05b2809-groupManagement] INFO  server.RaftServerConfigKeys (ConfUtils.java:logGet(46)) - raft.server.log.statemachine.data.caching.enabled = true (custom)
2023-09-20 15:48:40,941 [76461d31-4f4d-43fe-b3e7-bc7be05b2809-groupManagement] INFO  segmented.SegmentedRaftLogWorker (SegmentedRaftLogWorker.java:lambda$new$0(135)) - 76461d31-4f4d-43fe-b3e7-bc7be05b2809@group-8A3B1EC5611F-SegmentedRaftLogWorker: flushIndex: setUnconditionally 0 -> -1
2023-09-20 15:48:40,941 [76461d31-4f4d-43fe-b3e7-bc7be05b2809-groupManagement] INFO  segmented.SegmentedRaftLogWorker (SegmentedRaftLogWorker.java:lambda$new$0(135)) - 76461d31-4f4d-43fe-b3e7-bc7be05b2809@group-8A3B1EC5611F-SegmentedRaftLogWorker: safeCacheEvictIndex: setUnconditionally 0 -> -1
2023-09-20 15:48:40,941 [76461d31-4f4d-43fe-b3e7-bc7be05b2809-groupManagement] INFO  server.RaftServer$Division (RaftServerImpl.java:start(342)) - 76461d31-4f4d-43fe-b3e7-bc7be05b2809@group-8A3B1EC5611F: start as a follower, conf=-1: peers:[76461d31-4f4d-43fe-b3e7-bc7be05b2809|rpc:10.1.0.36:15049|admin:10.1.0.36:15048|client:10.1.0.36:15047|dataStream:10.1.0.36:15050|priority:0|startupRole:FOLLOWER, b1c70fe4-d692-4fdb-aa26-025ed9a8aa3e|rpc:10.1.0.36:15058|admin:10.1.0.36:15057|client:10.1.0.36:15056|dataStream:10.1.0.36:15059|priority:0|startupRole:FOLLOWER, d833c6c7-5026-4edd-bbd5-8ccc0ef3852d|rpc:10.1.0.36:15067|admin:10.1.0.36:15066|client:10.1.0.36:15065|dataStream:10.1.0.36:15068|priority:1|startupRole:FOLLOWER]|listeners:[], old=null
2023-09-20 15:48:40,941 [76461d31-4f4d-43fe-b3e7-bc7be05b2809-groupManagement] INFO  server.RaftServer$Division (RaftServerImpl.java:setRole(329)) - 76461d31-4f4d-43fe-b3e7-bc7be05b2809@group-8A3B1EC5611F: changes role from      null to FOLLOWER at term 0 for startAsFollower
2023-09-20 15:48:40,941 [76461d31-4f4d-43fe-b3e7-bc7be05b2809-groupManagement] INFO  impl.RoleInfo (RoleInfo.java:updateAndGet(139)) - 76461d31-4f4d-43fe-b3e7-bc7be05b2809: start 76461d31-4f4d-43fe-b3e7-bc7be05b2809@group-8A3B1EC5611F-FollowerState
2023-09-20 15:48:40,944 [76461d31-4f4d-43fe-b3e7-bc7be05b2809-groupManagement] INFO  util.JmxRegister (JmxRegister.java:tryRegister(44)) - Successfully registered JMX Bean with object name Ratis:service=RaftServer,group=group-8A3B1EC5611F,id=76461d31-4f4d-43fe-b3e7-bc7be05b2809
2023-09-20 15:48:40,944 [76461d31-4f4d-43fe-b3e7-bc7be05b2809-groupManagement] INFO  server.RaftServerConfigKeys (ConfUtils.java:logGet(46)) - raft.server.snapshot.auto.trigger.enabled = true (custom)
2023-09-20 15:48:40,944 [76461d31-4f4d-43fe-b3e7-bc7be05b2809-groupManagement] INFO  server.RaftServerConfigKeys (ConfUtils.java:logGet(46)) - raft.server.snapshot.auto.trigger.threshold = 10000 (custom)
2023-09-20 15:48:40,944 [76461d31-4f4d-43fe-b3e7-bc7be05b2809-groupManagement] INFO  server.RaftServerConfigKeys (ConfUtils.java:logGet(46)) - raft.server.snapshot.retention.file.num = 5 (custom)
2023-09-20 15:48:40,944 [76461d31-4f4d-43fe-b3e7-bc7be05b2809-groupManagement] INFO  server.RaftServerConfigKeys (ConfUtils.java:logGet(46)) - raft.server.log.purge.upto.snapshot.index = false (default)
2023-09-20 15:48:40,945 [76461d31-4f4d-43fe-b3e7-bc7be05b2809@group-8A3B1EC5611F-FollowerState] INFO  server.RaftServerConfigKeys (ConfUtils.java:logFallback(53)) - raft.server.rpc.first-election.timeout.min = 5s (fallback to raft.server.rpc.timeout.min)
2023-09-20 15:48:40,945 [76461d31-4f4d-43fe-b3e7-bc7be05b2809@group-8A3B1EC5611F-FollowerState] INFO  server.RaftServerConfigKeys (ConfUtils.java:logFallback(53)) - raft.server.rpc.first-election.timeout.max = 5200ms (fallback to raft.server.rpc.timeout.max)
2023-09-20 15:48:40,946 [PipelineCommandHandlerThread-0] INFO  ratis.XceiverServerRatis (XceiverServerRatis.java:addGroup(804)) - Created group PipelineID=15feb49d-6829-40ee-baa7-8a3b1ec5611f
2023-09-20 15:48:40,958 [grpc-default-executor-0] INFO  server.RaftServer (RaftServerProxy.java:addNew(98)) - b1c70fe4-d692-4fdb-aa26-025ed9a8aa3e: addNew group-8A3B1EC5611F:[76461d31-4f4d-43fe-b3e7-bc7be05b2809|rpc:10.1.0.36:15049|admin:10.1.0.36:15048|client:10.1.0.36:15047|dataStream:10.1.0.36:15050|priority:0|startupRole:FOLLOWER, b1c70fe4-d692-4fdb-aa26-025ed9a8aa3e|rpc:10.1.0.36:15058|admin:10.1.0.36:15057|client:10.1.0.36:15056|dataStream:10.1.0.36:15059|priority:0|startupRole:FOLLOWER, d833c6c7-5026-4edd-bbd5-8ccc0ef3852d|rpc:10.1.0.36:15067|admin:10.1.0.36:15066|client:10.1.0.36:15065|dataStream:10.1.0.36:15068|priority:1|startupRole:FOLLOWER] returns group-8A3B1EC5611F:java.util.concurrent.CompletableFuture@4869e159[Not completed]
2023-09-20 15:48:40,959 [b1c70fe4-d692-4fdb-aa26-025ed9a8aa3e-groupManagement] INFO  server.RaftServer$Division (RaftServerImpl.java:<init>(198)) - b1c70fe4-d692-4fdb-aa26-025ed9a8aa3e: new RaftServerImpl for group-8A3B1EC5611F:[76461d31-4f4d-43fe-b3e7-bc7be05b2809|rpc:10.1.0.36:15049|admin:10.1.0.36:15048|client:10.1.0.36:15047|dataStream:10.1.0.36:15050|priority:0|startupRole:FOLLOWER, b1c70fe4-d692-4fdb-aa26-025ed9a8aa3e|rpc:10.1.0.36:15058|admin:10.1.0.36:15057|client:10.1.0.36:15056|dataStream:10.1.0.36:15059|priority:0|startupRole:FOLLOWER, d833c6c7-5026-4edd-bbd5-8ccc0ef3852d|rpc:10.1.0.36:15067|admin:10.1.0.36:15066|client:10.1.0.36:15065|dataStream:10.1.0.36:15068|priority:1|startupRole:FOLLOWER] with ContainerStateMachine:uninitialized
2023-09-20 15:48:40,959 [b1c70fe4-d692-4fdb-aa26-025ed9a8aa3e-groupManagement] INFO  server.RaftServerConfigKeys (ConfUtils.java:logGet(46)) - raft.server.rpc.timeout.min = 5s (custom)
2023-09-20 15:48:40,959 [b1c70fe4-d692-4fdb-aa26-025ed9a8aa3e-groupManagement] INFO  server.RaftServerConfigKeys (ConfUtils.java:logGet(46)) - raft.server.rpc.timeout.max = 5200ms (custom)
2023-09-20 15:48:40,959 [b1c70fe4-d692-4fdb-aa26-025ed9a8aa3e-groupManagement] INFO  server.RaftServerConfigKeys (ConfUtils.java:logGet(46)) - raft.server.rpc.sleep.time = 25ms (default)
2023-09-20 15:48:40,959 [b1c70fe4-d692-4fdb-aa26-025ed9a8aa3e-groupManagement] INFO  server.RaftServerConfigKeys (ConfUtils.java:logGet(46)) - raft.server.rpc.slowness.timeout = 300s (custom)
2023-09-20 15:48:40,959 [b1c70fe4-d692-4fdb-aa26-025ed9a8aa3e-groupManagement] INFO  server.RaftServerConfigKeys (ConfUtils.java:logGet(46)) - raft.server.leaderelection.leader.step-down.wait-time = 10s (default)
2023-09-20 15:48:40,960 [b1c70fe4-d692-4fdb-aa26-025ed9a8aa3e-groupManagement] INFO  server.RaftServerConfigKeys (ConfUtils.java:logGet(46)) - raft.server.sleep.deviation.threshold = 300ms (default)
2023-09-20 15:48:40,960 [b1c70fe4-d692-4fdb-aa26-025ed9a8aa3e-groupManagement] INFO  server.RaftServer$Division (ServerState.java:<init>(120)) - b1c70fe4-d692-4fdb-aa26-025ed9a8aa3e@group-8A3B1EC5611F: ConfigurationManager, init=-1: peers:[76461d31-4f4d-43fe-b3e7-bc7be05b2809|rpc:10.1.0.36:15049|admin:10.1.0.36:15048|client:10.1.0.36:15047|dataStream:10.1.0.36:15050|priority:0|startupRole:FOLLOWER, b1c70fe4-d692-4fdb-aa26-025ed9a8aa3e|rpc:10.1.0.36:15058|admin:10.1.0.36:15057|client:10.1.0.36:15056|dataStream:10.1.0.36:15059|priority:0|startupRole:FOLLOWER, d833c6c7-5026-4edd-bbd5-8ccc0ef3852d|rpc:10.1.0.36:15067|admin:10.1.0.36:15066|client:10.1.0.36:15065|dataStream:10.1.0.36:15068|priority:1|startupRole:FOLLOWER]|listeners:[], old=null, confs=<EMPTY_MAP>
2023-09-20 15:48:40,960 [b1c70fe4-d692-4fdb-aa26-025ed9a8aa3e-groupManagement] INFO  server.RaftServerConfigKeys (ConfUtils.java:logGet(46)) - raft.server.storage.dir = [/home/runner/work/ozone/ozone/hadoop-ozone/integration-test/target/test-dir/MiniOzoneClusterImpl-38a365bd-16d9-45d9-a84a-b01271e6c83a/datanode-1/data/ratis] (custom)
2023-09-20 15:48:40,960 [b1c70fe4-d692-4fdb-aa26-025ed9a8aa3e-groupManagement] INFO  server.RaftServerConfigKeys (ConfUtils.java:logGet(46)) - raft.server.log.corruption.policy = EXCEPTION (default)
2023-09-20 15:48:40,960 [b1c70fe4-d692-4fdb-aa26-025ed9a8aa3e-groupManagement] INFO  server.RaftServerConfigKeys (ConfUtils.java:logGet(46)) - raft.server.storage.free-space.min = 0MB (=0) (default)
2023-09-20 15:48:40,960 [b1c70fe4-d692-4fdb-aa26-025ed9a8aa3e-groupManagement] INFO  server.RaftServerConfigKeys (ConfUtils.java:logGet(46)) - raft.server.notification.no-leader.timeout = 300s (custom)
2023-09-20 15:48:40,960 [b1c70fe4-d692-4fdb-aa26-025ed9a8aa3e-groupManagement] INFO  server.RaftServerConfigKeys (ConfUtils.java:logGet(46)) - raft.server.read.timeout = 10s (default)
2023-09-20 15:48:40,960 [b1c70fe4-d692-4fdb-aa26-025ed9a8aa3e-groupManagement] INFO  server.RaftServerConfigKeys (ConfUtils.java:logGet(46)) - raft.server.retrycache.expirytime = 600000ms (custom)
2023-09-20 15:48:40,961 [b1c70fe4-d692-4fdb-aa26-025ed9a8aa3e-groupManagement] INFO  server.RaftServerConfigKeys (ConfUtils.java:logGet(46)) - raft.server.retrycache.statistics.expirytime = 100μs (default)
2023-09-20 15:48:40,961 [b1c70fe4-d692-4fdb-aa26-025ed9a8aa3e-groupManagement] INFO  server.RaftServerConfigKeys (ConfUtils.java:logGet(46)) - raft.server.read.option = DEFAULT (default)
2023-09-20 15:48:40,962 [b1c70fe4-d692-4fdb-aa26-025ed9a8aa3e-groupManagement] INFO  server.RaftServerConfigKeys (ConfUtils.java:logGet(46)) - raft.server.rpc.request.timeout = 60s (custom)
2023-09-20 15:48:40,962 [b1c70fe4-d692-4fdb-aa26-025ed9a8aa3e-groupManagement] INFO  server.RaftServerConfigKeys (ConfUtils.java:logGet(46)) - raft.server.log.appender.install.snapshot.enabled = false (custom)
2023-09-20 15:48:40,962 [b1c70fe4-d692-4fdb-aa26-025ed9a8aa3e-groupManagement] INFO  server.RaftServerConfigKeys (ConfUtils.java:logGet(46)) - raft.server.threadpool.server.cached = true (default)
2023-09-20 15:48:40,962 [b1c70fe4-d692-4fdb-aa26-025ed9a8aa3e-groupManagement] INFO  server.RaftServerConfigKeys (ConfUtils.java:logGet(46)) - raft.server.threadpool.server.size = 0 (default)
2023-09-20 15:48:40,962 [b1c70fe4-d692-4fdb-aa26-025ed9a8aa3e-groupManagement] INFO  server.RaftServerConfigKeys (ConfUtils.java:logGet(46)) - raft.server.threadpool.client.cached = true (default)
2023-09-20 15:48:40,962 [b1c70fe4-d692-4fdb-aa26-025ed9a8aa3e-groupManagement] INFO  server.RaftServerConfigKeys (ConfUtils.java:logGet(46)) - raft.server.threadpool.client.size = 0 (default)
2023-09-20 15:48:40,962 [b1c70fe4-d692-4fdb-aa26-025ed9a8aa3e-groupManagement] INFO  storage.RaftStorageDirectory (RaftStorageDirectoryImpl.java:analyzeStorage(137)) - The storage directory /home/runner/work/ozone/ozone/hadoop-ozone/integration-test/target/test-dir/MiniOzoneClusterImpl-38a365bd-16d9-45d9-a84a-b01271e6c83a/datanode-1/data/ratis/15feb49d-6829-40ee-baa7-8a3b1ec5611f does not exist. Creating ...
2023-09-20 15:48:40,964 [b1c70fe4-d692-4fdb-aa26-025ed9a8aa3e-groupManagement] INFO  storage.RaftStorageDirectory (RaftStorageDirectoryImpl.java:tryLock(231)) - Lock on /home/runner/work/ozone/ozone/hadoop-ozone/integration-test/target/test-dir/MiniOzoneClusterImpl-38a365bd-16d9-45d9-a84a-b01271e6c83a/datanode-1/data/ratis/15feb49d-6829-40ee-baa7-8a3b1ec5611f/in_use.lock acquired by nodename 41628@fv-az345-844
2023-09-20 15:48:40,965 [b1c70fe4-d692-4fdb-aa26-025ed9a8aa3e-groupManagement] INFO  storage.RaftStorage (RaftStorageImpl.java:format(96)) - Storage directory /home/runner/work/ozone/ozone/hadoop-ozone/integration-test/target/test-dir/MiniOzoneClusterImpl-38a365bd-16d9-45d9-a84a-b01271e6c83a/datanode-1/data/ratis/15feb49d-6829-40ee-baa7-8a3b1ec5611f has been successfully formatted.
2023-09-20 15:48:40,970 [b1c70fe4-d692-4fdb-aa26-025ed9a8aa3e-groupManagement] INFO  ratis.ContainerStateMachine (ContainerStateMachine.java:loadSnapshot(262)) - group-8A3B1EC5611F: The snapshot info is null. Setting the last applied indexto:(t:0, i:~)
2023-09-20 15:48:40,970 [b1c70fe4-d692-4fdb-aa26-025ed9a8aa3e-groupManagement] INFO  server.RaftServerConfigKeys (ConfUtils.java:logGet(46)) - raft.server.log.use.memory = false (default)
2023-09-20 15:48:40,970 [b1c70fe4-d692-4fdb-aa26-025ed9a8aa3e-groupManagement] INFO  server.RaftServerConfigKeys (ConfUtils.java:logGet(46)) - raft.server.log.purge.gap = 1000000 (custom)
2023-09-20 15:48:40,970 [b1c70fe4-d692-4fdb-aa26-025ed9a8aa3e-groupManagement] INFO  server.RaftServerConfigKeys (ConfUtils.java:logGet(46)) - raft.server.log.appender.buffer.byte-limit = 33554432 (custom)
2023-09-20 15:48:40,970 [b1c70fe4-d692-4fdb-aa26-025ed9a8aa3e-groupManagement] INFO  server.RaftServerConfigKeys (ConfUtils.java:logGet(46)) - raft.server.log.statemachine.data.read.timeout = 1000ms (default)
2023-09-20 15:48:40,970 [b1c70fe4-d692-4fdb-aa26-025ed9a8aa3e-groupManagement] INFO  server.RaftServerConfigKeys (ConfUtils.java:logGet(46)) - raft.server.log.purge.preservation.log.num = 0 (default)
2023-09-20 15:48:40,971 [b1c70fe4-d692-4fdb-aa26-025ed9a8aa3e-groupManagement] INFO  server.RaftServerConfigKeys (ConfUtils.java:logGet(46)) - raft.server.log.segment.size.max = 1048576 (custom)
2023-09-20 15:48:40,972 [b1c70fe4-d692-4fdb-aa26-025ed9a8aa3e-groupManagement] INFO  server.RaftServerConfigKeys (ConfUtils.java:logGet(46)) - raft.server.log.segment.cache.num.max = 2 (custom)
2023-09-20 15:48:40,972 [b1c70fe4-d692-4fdb-aa26-025ed9a8aa3e-groupManagement] INFO  server.RaftServerConfigKeys (ConfUtils.java:logGet(46)) - raft.server.log.segment.cache.size.max = 200MB (=209715200) (default)
2023-09-20 15:48:40,972 [b1c70fe4-d692-4fdb-aa26-025ed9a8aa3e-groupManagement] INFO  server.RaftServerConfigKeys (ConfUtils.java:logGet(46)) - raft.server.log.appender.buffer.byte-limit = 33554432 (custom)
2023-09-20 15:48:40,972 [b1c70fe4-d692-4fdb-aa26-025ed9a8aa3e-groupManagement] INFO  segmented.SegmentedRaftLogWorker (SegmentedRaftLogWorker.java:<init>(188)) - new b1c70fe4-d692-4fdb-aa26-025ed9a8aa3e@group-8A3B1EC5611F-SegmentedRaftLogWorker for RaftStorageImpl:Storage Directory /home/runner/work/ozone/ozone/hadoop-ozone/integration-test/target/test-dir/MiniOzoneClusterImpl-38a365bd-16d9-45d9-a84a-b01271e6c83a/datanode-1/data/ratis/15feb49d-6829-40ee-baa7-8a3b1ec5611f
2023-09-20 15:48:40,974 [b1c70fe4-d692-4fdb-aa26-025ed9a8aa3e-groupManagement] INFO  server.RaftServerConfigKeys (ConfUtils.java:logGet(46)) - raft.server.log.queue.byte-limit = 4294967296 (custom)
2023-09-20 15:48:40,974 [b1c70fe4-d692-4fdb-aa26-025ed9a8aa3e-groupManagement] INFO  server.RaftServerConfigKeys (ConfUtils.java:logGet(46)) - raft.server.log.queue.element-limit = 1024 (custom)
2023-09-20 15:48:40,974 [b1c70fe4-d692-4fdb-aa26-025ed9a8aa3e-groupManagement] INFO  server.RaftServerConfigKeys (ConfUtils.java:logGet(46)) - raft.server.log.segment.size.max = 1048576 (custom)
2023-09-20 15:48:40,974 [b1c70fe4-d692-4fdb-aa26-025ed9a8aa3e-groupManagement] INFO  server.RaftServerConfigKeys (ConfUtils.java:logGet(46)) - raft.server.log.preallocated.size = 16384 (custom)
2023-09-20 15:48:40,974 [b1c70fe4-d692-4fdb-aa26-025ed9a8aa3e-groupManagement] INFO  server.RaftServerConfigKeys (ConfUtils.java:logGet(46)) - raft.server.log.force.sync.num = 128 (default)
2023-09-20 15:48:40,974 [b1c70fe4-d692-4fdb-aa26-025ed9a8aa3e-groupManagement] INFO  server.RaftServerConfigKeys (ConfUtils.java:logGet(46)) - raft.server.log.statemachine.data.sync = true (default)
2023-09-20 15:48:40,974 [b1c70fe4-d692-4fdb-aa26-025ed9a8aa3e-groupManagement] INFO  server.RaftServerConfigKeys (ConfUtils.java:logGet(46)) - raft.server.log.statemachine.data.sync.timeout = 10s (default)
2023-09-20 15:48:40,975 [b1c70fe4-d692-4fdb-aa26-025ed9a8aa3e-groupManagement] INFO  server.RaftServerConfigKeys (ConfUtils.java:logGet(46)) - raft.server.log.statemachine.data.sync.timeout.retry = -1 (default)
2023-09-20 15:48:40,975 [b1c70fe4-d692-4fdb-aa26-025ed9a8aa3e-groupManagement] INFO  server.RaftServerConfigKeys (ConfUtils.java:logGet(46)) - raft.server.log.write.buffer.size = 1048576 (custom)
2023-09-20 15:48:40,976 [b1c70fe4-d692-4fdb-aa26-025ed9a8aa3e-groupManagement] INFO  server.RaftServerConfigKeys (ConfUtils.java:logGet(46)) - raft.server.log.appender.buffer.byte-limit = 33554432 (custom)
2023-09-20 15:48:40,982 [b1c70fe4-d692-4fdb-aa26-025ed9a8aa3e-groupManagement] INFO  server.RaftServerConfigKeys (ConfUtils.java:logGet(46)) - raft.server.log.unsafe-flush.enabled = false (default)
2023-09-20 15:48:40,983 [b1c70fe4-d692-4fdb-aa26-025ed9a8aa3e-groupManagement] INFO  server.RaftServerConfigKeys (ConfUtils.java:logGet(46)) - raft.server.log.async-flush.enabled = false (default)
2023-09-20 15:48:40,983 [b1c70fe4-d692-4fdb-aa26-025ed9a8aa3e-groupManagement] INFO  server.RaftServerConfigKeys (ConfUtils.java:logGet(46)) - raft.server.log.statemachine.data.caching.enabled = true (custom)
2023-09-20 15:48:40,983 [b1c70fe4-d692-4fdb-aa26-025ed9a8aa3e-groupManagement] INFO  segmented.SegmentedRaftLogWorker (SegmentedRaftLogWorker.java:lambda$new$0(135)) - b1c70fe4-d692-4fdb-aa26-025ed9a8aa3e@group-8A3B1EC5611F-SegmentedRaftLogWorker: flushIndex: setUnconditionally 0 -> -1
2023-09-20 15:48:40,983 [b1c70fe4-d692-4fdb-aa26-025ed9a8aa3e-groupManagement] INFO  segmented.SegmentedRaftLogWorker (SegmentedRaftLogWorker.java:lambda$new$0(135)) - b1c70fe4-d692-4fdb-aa26-025ed9a8aa3e@group-8A3B1EC5611F-SegmentedRaftLogWorker: safeCacheEvictIndex: setUnconditionally 0 -> -1
2023-09-20 15:48:40,983 [b1c70fe4-d692-4fdb-aa26-025ed9a8aa3e-groupManagement] INFO  server.RaftServer$Division (RaftServerImpl.java:start(342)) - b1c70fe4-d692-4fdb-aa26-025ed9a8aa3e@group-8A3B1EC5611F: start as a follower, conf=-1: peers:[76461d31-4f4d-43fe-b3e7-bc7be05b2809|rpc:10.1.0.36:15049|admin:10.1.0.36:15048|client:10.1.0.36:15047|dataStream:10.1.0.36:15050|priority:0|startupRole:FOLLOWER, b1c70fe4-d692-4fdb-aa26-025ed9a8aa3e|rpc:10.1.0.36:15058|admin:10.1.0.36:15057|client:10.1.0.36:15056|dataStream:10.1.0.36:15059|priority:0|startupRole:FOLLOWER, d833c6c7-5026-4edd-bbd5-8ccc0ef3852d|rpc:10.1.0.36:15067|admin:10.1.0.36:15066|client:10.1.0.36:15065|dataStream:10.1.0.36:15068|priority:1|startupRole:FOLLOWER]|listeners:[], old=null
2023-09-20 15:48:40,984 [b1c70fe4-d692-4fdb-aa26-025ed9a8aa3e-groupManagement] INFO  server.RaftServer$Division (RaftServerImpl.java:setRole(329)) - b1c70fe4-d692-4fdb-aa26-025ed9a8aa3e@group-8A3B1EC5611F: changes role from      null to FOLLOWER at term 0 for startAsFollower
2023-09-20 15:48:40,984 [b1c70fe4-d692-4fdb-aa26-025ed9a8aa3e-groupManagement] INFO  impl.RoleInfo (RoleInfo.java:updateAndGet(139)) - b1c70fe4-d692-4fdb-aa26-025ed9a8aa3e: start b1c70fe4-d692-4fdb-aa26-025ed9a8aa3e@group-8A3B1EC5611F-FollowerState
2023-09-20 15:48:40,987 [b1c70fe4-d692-4fdb-aa26-025ed9a8aa3e-groupManagement] INFO  util.JmxRegister (JmxRegister.java:tryRegister(44)) - Successfully registered JMX Bean with object name Ratis:service=RaftServer,group=group-8A3B1EC5611F,id=b1c70fe4-d692-4fdb-aa26-025ed9a8aa3e
2023-09-20 15:48:40,987 [b1c70fe4-d692-4fdb-aa26-025ed9a8aa3e-groupManagement] INFO  server.RaftServerConfigKeys (ConfUtils.java:logGet(46)) - raft.server.snapshot.auto.trigger.enabled = true (custom)
2023-09-20 15:48:40,987 [b1c70fe4-d692-4fdb-aa26-025ed9a8aa3e-groupManagement] INFO  server.RaftServerConfigKeys (ConfUtils.java:logGet(46)) - raft.server.snapshot.auto.trigger.threshold = 10000 (custom)
2023-09-20 15:48:40,987 [b1c70fe4-d692-4fdb-aa26-025ed9a8aa3e-groupManagement] INFO  server.RaftServerConfigKeys (ConfUtils.java:logGet(46)) - raft.server.snapshot.retention.file.num = 5 (custom)
2023-09-20 15:48:40,987 [b1c70fe4-d692-4fdb-aa26-025ed9a8aa3e-groupManagement] INFO  server.RaftServerConfigKeys (ConfUtils.java:logGet(46)) - raft.server.log.purge.upto.snapshot.index = false (default)
2023-09-20 15:48:40,990 [b1c70fe4-d692-4fdb-aa26-025ed9a8aa3e@group-8A3B1EC5611F-FollowerState] INFO  server.RaftServerConfigKeys (ConfUtils.java:logFallback(53)) - raft.server.rpc.first-election.timeout.min = 5s (fallback to raft.server.rpc.timeout.min)
2023-09-20 15:48:40,990 [b1c70fe4-d692-4fdb-aa26-025ed9a8aa3e@group-8A3B1EC5611F-FollowerState] INFO  server.RaftServerConfigKeys (ConfUtils.java:logFallback(53)) - raft.server.rpc.first-election.timeout.max = 5200ms (fallback to raft.server.rpc.timeout.max)
2023-09-20 15:48:41,025 [grpc-default-executor-0] INFO  server.RaftServer (RaftServerProxy.java:addNew(98)) - d833c6c7-5026-4edd-bbd5-8ccc0ef3852d: addNew group-8A3B1EC5611F:[76461d31-4f4d-43fe-b3e7-bc7be05b2809|rpc:10.1.0.36:15049|admin:10.1.0.36:15048|client:10.1.0.36:15047|dataStream:10.1.0.36:15050|priority:0|startupRole:FOLLOWER, b1c70fe4-d692-4fdb-aa26-025ed9a8aa3e|rpc:10.1.0.36:15058|admin:10.1.0.36:15057|client:10.1.0.36:15056|dataStream:10.1.0.36:15059|priority:0|startupRole:FOLLOWER, d833c6c7-5026-4edd-bbd5-8ccc0ef3852d|rpc:10.1.0.36:15067|admin:10.1.0.36:15066|client:10.1.0.36:15065|dataStream:10.1.0.36:15068|priority:1|startupRole:FOLLOWER] returns group-8A3B1EC5611F:java.util.concurrent.CompletableFuture@1c333ccd[Not completed]
2023-09-20 15:48:41,026 [d833c6c7-5026-4edd-bbd5-8ccc0ef3852d-groupManagement] INFO  server.RaftServer$Division (RaftServerImpl.java:<init>(198)) - d833c6c7-5026-4edd-bbd5-8ccc0ef3852d: new RaftServerImpl for group-8A3B1EC5611F:[76461d31-4f4d-43fe-b3e7-bc7be05b2809|rpc:10.1.0.36:15049|admin:10.1.0.36:15048|client:10.1.0.36:15047|dataStream:10.1.0.36:15050|priority:0|startupRole:FOLLOWER, b1c70fe4-d692-4fdb-aa26-025ed9a8aa3e|rpc:10.1.0.36:15058|admin:10.1.0.36:15057|client:10.1.0.36:15056|dataStream:10.1.0.36:15059|priority:0|startupRole:FOLLOWER, d833c6c7-5026-4edd-bbd5-8ccc0ef3852d|rpc:10.1.0.36:15067|admin:10.1.0.36:15066|client:10.1.0.36:15065|dataStream:10.1.0.36:15068|priority:1|startupRole:FOLLOWER] with ContainerStateMachine:uninitialized
2023-09-20 15:48:41,026 [d833c6c7-5026-4edd-bbd5-8ccc0ef3852d-groupManagement] INFO  server.RaftServerConfigKeys (ConfUtils.java:logGet(46)) - raft.server.rpc.timeout.min = 5s (custom)
2023-09-20 15:48:41,026 [d833c6c7-5026-4edd-bbd5-8ccc0ef3852d-groupManagement] INFO  server.RaftServerConfigKeys (ConfUtils.java:logGet(46)) - raft.server.rpc.timeout.max = 5200ms (custom)
2023-09-20 15:48:41,026 [d833c6c7-5026-4edd-bbd5-8ccc0ef3852d-groupManagement] INFO  server.RaftServerConfigKeys (ConfUtils.java:logGet(46)) - raft.server.rpc.sleep.time = 25ms (default)
2023-09-20 15:48:41,026 [d833c6c7-5026-4edd-bbd5-8ccc0ef3852d-groupManagement] INFO  server.RaftServerConfigKeys (ConfUtils.java:logGet(46)) - raft.server.rpc.slowness.timeout = 300s (custom)
2023-09-20 15:48:41,026 [d833c6c7-5026-4edd-bbd5-8ccc0ef3852d-groupManagement] INFO  server.RaftServerConfigKeys (ConfUtils.java:logGet(46)) - raft.server.leaderelection.leader.step-down.wait-time = 10s (default)
2023-09-20 15:48:41,026 [d833c6c7-5026-4edd-bbd5-8ccc0ef3852d-groupManagement] INFO  server.RaftServerConfigKeys (ConfUtils.java:logGet(46)) - raft.server.sleep.deviation.threshold = 300ms (default)
2023-09-20 15:48:41,026 [d833c6c7-5026-4edd-bbd5-8ccc0ef3852d-groupManagement] INFO  server.RaftServer$Division (ServerState.java:<init>(120)) - d833c6c7-5026-4edd-bbd5-8ccc0ef3852d@group-8A3B1EC5611F: ConfigurationManager, init=-1: peers:[76461d31-4f4d-43fe-b3e7-bc7be05b2809|rpc:10.1.0.36:15049|admin:10.1.0.36:15048|client:10.1.0.36:15047|dataStream:10.1.0.36:15050|priority:0|startupRole:FOLLOWER, b1c70fe4-d692-4fdb-aa26-025ed9a8aa3e|rpc:10.1.0.36:15058|admin:10.1.0.36:15057|client:10.1.0.36:15056|dataStream:10.1.0.36:15059|priority:0|startupRole:FOLLOWER, d833c6c7-5026-4edd-bbd5-8ccc0ef3852d|rpc:10.1.0.36:15067|admin:10.1.0.36:15066|client:10.1.0.36:15065|dataStream:10.1.0.36:15068|priority:1|startupRole:FOLLOWER]|listeners:[], old=null, confs=<EMPTY_MAP>
2023-09-20 15:48:41,026 [d833c6c7-5026-4edd-bbd5-8ccc0ef3852d-groupManagement] INFO  server.RaftServerConfigKeys (ConfUtils.java:logGet(46)) - raft.server.storage.dir = [/home/runner/work/ozone/ozone/hadoop-ozone/integration-test/target/test-dir/MiniOzoneClusterImpl-38a365bd-16d9-45d9-a84a-b01271e6c83a/datanode-2/data/ratis] (custom)
2023-09-20 15:48:41,027 [d833c6c7-5026-4edd-bbd5-8ccc0ef3852d-groupManagement] INFO  server.RaftServerConfigKeys (ConfUtils.java:logGet(46)) - raft.server.log.corruption.policy = EXCEPTION (default)
2023-09-20 15:48:41,027 [d833c6c7-5026-4edd-bbd5-8ccc0ef3852d-groupManagement] INFO  server.RaftServerConfigKeys (ConfUtils.java:logGet(46)) - raft.server.storage.free-space.min = 0MB (=0) (default)
2023-09-20 15:48:41,027 [d833c6c7-5026-4edd-bbd5-8ccc0ef3852d-groupManagement] INFO  server.RaftServerConfigKeys (ConfUtils.java:logGet(46)) - raft.server.notification.no-leader.timeout = 300s (custom)
2023-09-20 15:48:41,027 [d833c6c7-5026-4edd-bbd5-8ccc0ef3852d-groupManagement] INFO  server.RaftServerConfigKeys (ConfUtils.java:logGet(46)) - raft.server.read.timeout = 10s (default)
2023-09-20 15:48:41,027 [d833c6c7-5026-4edd-bbd5-8ccc0ef3852d-groupManagement] INFO  server.RaftServerConfigKeys (ConfUtils.java:logGet(46)) - raft.server.retrycache.expirytime = 600000ms (custom)
2023-09-20 15:48:41,027 [d833c6c7-5026-4edd-bbd5-8ccc0ef3852d-groupManagement] INFO  server.RaftServerConfigKeys (ConfUtils.java:logGet(46)) - raft.server.retrycache.statistics.expirytime = 100μs (default)
2023-09-20 15:48:41,027 [d833c6c7-5026-4edd-bbd5-8ccc0ef3852d-groupManagement] INFO  server.RaftServerConfigKeys (ConfUtils.java:logGet(46)) - raft.server.read.option = DEFAULT (default)
2023-09-20 15:48:41,028 [d833c6c7-5026-4edd-bbd5-8ccc0ef3852d-groupManagement] INFO  server.RaftServerConfigKeys (ConfUtils.java:logGet(46)) - raft.server.rpc.request.timeout = 60s (custom)
2023-09-20 15:48:41,028 [d833c6c7-5026-4edd-bbd5-8ccc0ef3852d-groupManagement] INFO  server.RaftServerConfigKeys (ConfUtils.java:logGet(46)) - raft.server.log.appender.install.snapshot.enabled = false (custom)
2023-09-20 15:48:41,028 [d833c6c7-5026-4edd-bbd5-8ccc0ef3852d-groupManagement] INFO  server.RaftServerConfigKeys (ConfUtils.java:logGet(46)) - raft.server.threadpool.server.cached = true (default)
2023-09-20 15:48:41,028 [d833c6c7-5026-4edd-bbd5-8ccc0ef3852d-groupManagement] INFO  server.RaftServerConfigKeys (ConfUtils.java:logGet(46)) - raft.server.threadpool.server.size = 0 (default)
2023-09-20 15:48:41,028 [d833c6c7-5026-4edd-bbd5-8ccc0ef3852d-groupManagement] INFO  server.RaftServerConfigKeys (ConfUtils.java:logGet(46)) - raft.server.threadpool.client.cached = true (default)
2023-09-20 15:48:41,028 [d833c6c7-5026-4edd-bbd5-8ccc0ef3852d-groupManagement] INFO  server.RaftServerConfigKeys (ConfUtils.java:logGet(46)) - raft.server.threadpool.client.size = 0 (default)
2023-09-20 15:48:41,028 [d833c6c7-5026-4edd-bbd5-8ccc0ef3852d-groupManagement] INFO  storage.RaftStorageDirectory (RaftStorageDirectoryImpl.java:analyzeStorage(137)) - The storage directory /home/runner/work/ozone/ozone/hadoop-ozone/integration-test/target/test-dir/MiniOzoneClusterImpl-38a365bd-16d9-45d9-a84a-b01271e6c83a/datanode-2/data/ratis/15feb49d-6829-40ee-baa7-8a3b1ec5611f does not exist. Creating ...
2023-09-20 15:48:41,031 [d833c6c7-5026-4edd-bbd5-8ccc0ef3852d-groupManagement] INFO  storage.RaftStorageDirectory (RaftStorageDirectoryImpl.java:tryLock(231)) - Lock on /home/runner/work/ozone/ozone/hadoop-ozone/integration-test/target/test-dir/MiniOzoneClusterImpl-38a365bd-16d9-45d9-a84a-b01271e6c83a/datanode-2/data/ratis/15feb49d-6829-40ee-baa7-8a3b1ec5611f/in_use.lock acquired by nodename 41628@fv-az345-844
2023-09-20 15:48:41,033 [d833c6c7-5026-4edd-bbd5-8ccc0ef3852d-groupManagement] INFO  storage.RaftStorage (RaftStorageImpl.java:format(96)) - Storage directory /home/runner/work/ozone/ozone/hadoop-ozone/integration-test/target/test-dir/MiniOzoneClusterImpl-38a365bd-16d9-45d9-a84a-b01271e6c83a/datanode-2/data/ratis/15feb49d-6829-40ee-baa7-8a3b1ec5611f has been successfully formatted.
2023-09-20 15:48:41,034 [d833c6c7-5026-4edd-bbd5-8ccc0ef3852d-groupManagement] INFO  ratis.ContainerStateMachine (ContainerStateMachine.java:loadSnapshot(262)) - group-8A3B1EC5611F: The snapshot info is null. Setting the last applied indexto:(t:0, i:~)
2023-09-20 15:48:41,035 [d833c6c7-5026-4edd-bbd5-8ccc0ef3852d-groupManagement] INFO  server.RaftServerConfigKeys (ConfUtils.java:logGet(46)) - raft.server.log.use.memory = false (default)
2023-09-20 15:48:41,036 [d833c6c7-5026-4edd-bbd5-8ccc0ef3852d-groupManagement] INFO  server.RaftServerConfigKeys (ConfUtils.java:logGet(46)) - raft.server.log.purge.gap = 1000000 (custom)
2023-09-20 15:48:41,036 [d833c6c7-5026-4edd-bbd5-8ccc0ef3852d-groupManagement] INFO  server.RaftServerConfigKeys (ConfUtils.java:logGet(46)) - raft.server.log.appender.buffer.byte-limit = 33554432 (custom)
2023-09-20 15:48:41,036 [d833c6c7-5026-4edd-bbd5-8ccc0ef3852d-groupManagement] INFO  server.RaftServerConfigKeys (ConfUtils.java:logGet(46)) - raft.server.log.statemachine.data.read.timeout = 1000ms (default)
2023-09-20 15:48:41,036 [d833c6c7-5026-4edd-bbd5-8ccc0ef3852d-groupManagement] INFO  server.RaftServerConfigKeys (ConfUtils.java:logGet(46)) - raft.server.log.purge.preservation.log.num = 0 (default)
2023-09-20 15:48:41,037 [d833c6c7-5026-4edd-bbd5-8ccc0ef3852d-groupManagement] INFO  server.RaftServerConfigKeys (ConfUtils.java:logGet(46)) - raft.server.log.segment.size.max = 1048576 (custom)
2023-09-20 15:48:41,037 [d833c6c7-5026-4edd-bbd5-8ccc0ef3852d-groupManagement] INFO  server.RaftServerConfigKeys (ConfUtils.java:logGet(46)) - raft.server.log.segment.cache.num.max = 2 (custom)
2023-09-20 15:48:41,037 [d833c6c7-5026-4edd-bbd5-8ccc0ef3852d-groupManagement] INFO  server.RaftServerConfigKeys (ConfUtils.java:logGet(46)) - raft.server.log.segment.cache.size.max = 200MB (=209715200) (default)
2023-09-20 15:48:41,037 [d833c6c7-5026-4edd-bbd5-8ccc0ef3852d-groupManagement] INFO  server.RaftServerConfigKeys (ConfUtils.java:logGet(46)) - raft.server.log.appender.buffer.byte-limit = 33554432 (custom)
2023-09-20 15:48:41,038 [d833c6c7-5026-4edd-bbd5-8ccc0ef3852d-groupManagement] INFO  segmented.SegmentedRaftLogWorker (SegmentedRaftLogWorker.java:<init>(188)) - new d833c6c7-5026-4edd-bbd5-8ccc0ef3852d@group-8A3B1EC5611F-SegmentedRaftLogWorker for RaftStorageImpl:Storage Directory /home/runner/work/ozone/ozone/hadoop-ozone/integration-test/target/test-dir/MiniOzoneClusterImpl-38a365bd-16d9-45d9-a84a-b01271e6c83a/datanode-2/data/ratis/15feb49d-6829-40ee-baa7-8a3b1ec5611f
2023-09-20 15:48:41,038 [d833c6c7-5026-4edd-bbd5-8ccc0ef3852d-groupManagement] INFO  server.RaftServerConfigKeys (ConfUtils.java:logGet(46)) - raft.server.log.queue.byte-limit = 4294967296 (custom)
2023-09-20 15:48:41,038 [d833c6c7-5026-4edd-bbd5-8ccc0ef3852d-groupManagement] INFO  server.RaftServerConfigKeys (ConfUtils.java:logGet(46)) - raft.server.log.queue.element-limit = 1024 (custom)
2023-09-20 15:48:41,038 [d833c6c7-5026-4edd-bbd5-8ccc0ef3852d-groupManagement] INFO  server.RaftServerConfigKeys (ConfUtils.java:logGet(46)) - raft.server.log.segment.size.max = 1048576 (custom)
2023-09-20 15:48:41,038 [d833c6c7-5026-4edd-bbd5-8ccc0ef3852d-groupManagement] INFO  server.RaftServerConfigKeys (ConfUtils.java:logGet(46)) - raft.server.log.preallocated.size = 16384 (custom)
2023-09-20 15:48:41,038 [d833c6c7-5026-4edd-bbd5-8ccc0ef3852d-groupManagement] INFO  server.RaftServerConfigKeys (ConfUtils.java:logGet(46)) - raft.server.log.force.sync.num = 128 (default)
2023-09-20 15:48:41,038 [d833c6c7-5026-4edd-bbd5-8ccc0ef3852d-groupManagement] INFO  server.RaftServerConfigKeys (ConfUtils.java:logGet(46)) - raft.server.log.statemachine.data.sync = true (default)
2023-09-20 15:48:41,038 [d833c6c7-5026-4edd-bbd5-8ccc0ef3852d-groupManagement] INFO  server.RaftServerConfigKeys (ConfUtils.java:logGet(46)) - raft.server.log.statemachine.data.sync.timeout = 10s (default)
2023-09-20 15:48:41,038 [d833c6c7-5026-4edd-bbd5-8ccc0ef3852d-groupManagement] INFO  server.RaftServerConfigKeys (ConfUtils.java:logGet(46)) - raft.server.log.statemachine.data.sync.timeout.retry = -1 (default)
2023-09-20 15:48:41,039 [d833c6c7-5026-4edd-bbd5-8ccc0ef3852d-groupManagement] INFO  server.RaftServerConfigKeys (ConfUtils.java:logGet(46)) - raft.server.log.write.buffer.size = 1048576 (custom)
2023-09-20 15:48:41,039 [d833c6c7-5026-4edd-bbd5-8ccc0ef3852d-groupManagement] INFO  server.RaftServerConfigKeys (ConfUtils.java:logGet(46)) - raft.server.log.appender.buffer.byte-limit = 33554432 (custom)
2023-09-20 15:48:41,049 [d833c6c7-5026-4edd-bbd5-8ccc0ef3852d-groupManagement] INFO  server.RaftServerConfigKeys (ConfUtils.java:logGet(46)) - raft.server.log.unsafe-flush.enabled = false (default)
2023-09-20 15:48:41,049 [d833c6c7-5026-4edd-bbd5-8ccc0ef3852d-groupManagement] INFO  server.RaftServerConfigKeys (ConfUtils.java:logGet(46)) - raft.server.log.async-flush.enabled = false (default)
2023-09-20 15:48:41,049 [d833c6c7-5026-4edd-bbd5-8ccc0ef3852d-groupManagement] INFO  server.RaftServerConfigKeys (ConfUtils.java:logGet(46)) - raft.server.log.statemachine.data.caching.enabled = true (custom)
2023-09-20 15:48:41,050 [d833c6c7-5026-4edd-bbd5-8ccc0ef3852d-groupManagement] INFO  segmented.SegmentedRaftLogWorker (SegmentedRaftLogWorker.java:lambda$new$0(135)) - d833c6c7-5026-4edd-bbd5-8ccc0ef3852d@group-8A3B1EC5611F-SegmentedRaftLogWorker: flushIndex: setUnconditionally 0 -> -1
2023-09-20 15:48:41,050 [d833c6c7-5026-4edd-bbd5-8ccc0ef3852d-groupManagement] INFO  segmented.SegmentedRaftLogWorker (SegmentedRaftLogWorker.java:lambda$new$0(135)) - d833c6c7-5026-4edd-bbd5-8ccc0ef3852d@group-8A3B1EC5611F-SegmentedRaftLogWorker: safeCacheEvictIndex: setUnconditionally 0 -> -1
2023-09-20 15:48:41,051 [d833c6c7-5026-4edd-bbd5-8ccc0ef3852d-groupManagement] INFO  server.RaftServer$Division (RaftServerImpl.java:start(342)) - d833c6c7-5026-4edd-bbd5-8ccc0ef3852d@group-8A3B1EC5611F: start as a follower, conf=-1: peers:[76461d31-4f4d-43fe-b3e7-bc7be05b2809|rpc:10.1.0.36:15049|admin:10.1.0.36:15048|client:10.1.0.36:15047|dataStream:10.1.0.36:15050|priority:0|startupRole:FOLLOWER, b1c70fe4-d692-4fdb-aa26-025ed9a8aa3e|rpc:10.1.0.36:15058|admin:10.1.0.36:15057|client:10.1.0.36:15056|dataStream:10.1.0.36:15059|priority:0|startupRole:FOLLOWER, d833c6c7-5026-4edd-bbd5-8ccc0ef3852d|rpc:10.1.0.36:15067|admin:10.1.0.36:15066|client:10.1.0.36:15065|dataStream:10.1.0.36:15068|priority:1|startupRole:FOLLOWER]|listeners:[], old=null
2023-09-20 15:48:41,051 [d833c6c7-5026-4edd-bbd5-8ccc0ef3852d-groupManagement] INFO  server.RaftServer$Division (RaftServerImpl.java:setRole(329)) - d833c6c7-5026-4edd-bbd5-8ccc0ef3852d@group-8A3B1EC5611F: changes role from      null to FOLLOWER at term 0 for startAsFollower
2023-09-20 15:48:41,052 [d833c6c7-5026-4edd-bbd5-8ccc0ef3852d-groupManagement] INFO  impl.RoleInfo (RoleInfo.java:updateAndGet(139)) - d833c6c7-5026-4edd-bbd5-8ccc0ef3852d: start d833c6c7-5026-4edd-bbd5-8ccc0ef3852d@group-8A3B1EC5611F-FollowerState
2023-09-20 15:48:41,052 [d833c6c7-5026-4edd-bbd5-8ccc0ef3852d-groupManagement] INFO  util.JmxRegister (JmxRegister.java:tryRegister(44)) - Successfully registered JMX Bean with object name Ratis:service=RaftServer,group=group-8A3B1EC5611F,id=d833c6c7-5026-4edd-bbd5-8ccc0ef3852d
2023-09-20 15:48:41,052 [d833c6c7-5026-4edd-bbd5-8ccc0ef3852d-groupManagement] INFO  server.RaftServerConfigKeys (ConfUtils.java:logGet(46)) - raft.server.snapshot.auto.trigger.enabled = true (custom)
2023-09-20 15:48:41,053 [d833c6c7-5026-4edd-bbd5-8ccc0ef3852d-groupManagement] INFO  server.RaftServerConfigKeys (ConfUtils.java:logGet(46)) - raft.server.snapshot.auto.trigger.threshold = 10000 (custom)
2023-09-20 15:48:41,053 [d833c6c7-5026-4edd-bbd5-8ccc0ef3852d-groupManagement] INFO  server.RaftServerConfigKeys (ConfUtils.java:logGet(46)) - raft.server.snapshot.retention.file.num = 5 (custom)
2023-09-20 15:48:41,053 [d833c6c7-5026-4edd-bbd5-8ccc0ef3852d-groupManagement] INFO  server.RaftServerConfigKeys (ConfUtils.java:logGet(46)) - raft.server.log.purge.upto.snapshot.index = false (default)
2023-09-20 15:48:41,055 [d833c6c7-5026-4edd-bbd5-8ccc0ef3852d@group-8A3B1EC5611F-FollowerState] INFO  server.RaftServerConfigKeys (ConfUtils.java:logFallback(53)) - raft.server.rpc.first-election.timeout.min = 5s (fallback to raft.server.rpc.timeout.min)
2023-09-20 15:48:41,055 [d833c6c7-5026-4edd-bbd5-8ccc0ef3852d@group-8A3B1EC5611F-FollowerState] INFO  server.RaftServerConfigKeys (ConfUtils.java:logFallback(53)) - raft.server.rpc.first-election.timeout.max = 5200ms (fallback to raft.server.rpc.timeout.max)
2023-09-20 15:48:41,066 [PipelineCommandHandlerThread-0] INFO  commandhandler.CreatePipelineCommandHandler (CreatePipelineCommandHandler.java:lambda$handle$2(124)) - Created Pipeline RATIS THREE PipelineID=15feb49d-6829-40ee-baa7-8a3b1ec5611f.
2023-09-20 15:48:41,099 [b1c70fe4-d692-4fdb-aa26-025ed9a8aa3e-groupManagement] INFO  server.RaftServer$Division (RaftServerImpl.java:<init>(198)) - b1c70fe4-d692-4fdb-aa26-025ed9a8aa3e: new RaftServerImpl for group-578687A36430:[b1c70fe4-d692-4fdb-aa26-025ed9a8aa3e|rpc:10.1.0.36:15058|admin:10.1.0.36:15057|client:10.1.0.36:15056|dataStream:10.1.0.36:15059|priority:1|startupRole:FOLLOWER] with ContainerStateMachine:uninitialized
2023-09-20 15:48:41,099 [b1c70fe4-d692-4fdb-aa26-025ed9a8aa3e-groupManagement] INFO  server.RaftServerConfigKeys (ConfUtils.java:logGet(46)) - raft.server.rpc.timeout.min = 5s (custom)
2023-09-20 15:48:41,099 [b1c70fe4-d692-4fdb-aa26-025ed9a8aa3e-groupManagement] INFO  server.RaftServerConfigKeys (ConfUtils.java:logGet(46)) - raft.server.rpc.timeout.max = 5200ms (custom)
2023-09-20 15:48:41,099 [b1c70fe4-d692-4fdb-aa26-025ed9a8aa3e-groupManagement] INFO  server.RaftServerConfigKeys (ConfUtils.java:logGet(46)) - raft.server.rpc.sleep.time = 25ms (default)
2023-09-20 15:48:41,099 [b1c70fe4-d692-4fdb-aa26-025ed9a8aa3e-groupManagement] INFO  server.RaftServerConfigKeys (ConfUtils.java:logGet(46)) - raft.server.rpc.slowness.timeout = 300s (custom)
2023-09-20 15:48:41,099 [b1c70fe4-d692-4fdb-aa26-025ed9a8aa3e-groupManagement] INFO  server.RaftServerConfigKeys (ConfUtils.java:logGet(46)) - raft.server.leaderelection.leader.step-down.wait-time = 10s (default)
2023-09-20 15:48:41,100 [b1c70fe4-d692-4fdb-aa26-025ed9a8aa3e-groupManagement] INFO  server.RaftServerConfigKeys (ConfUtils.java:logGet(46)) - raft.server.sleep.deviation.threshold = 300ms (default)
2023-09-20 15:48:41,100 [b1c70fe4-d692-4fdb-aa26-025ed9a8aa3e-groupManagement] INFO  server.RaftServer$Division (ServerState.java:<init>(120)) - b1c70fe4-d692-4fdb-aa26-025ed9a8aa3e@group-578687A36430: ConfigurationManager, init=-1: peers:[b1c70fe4-d692-4fdb-aa26-025ed9a8aa3e|rpc:10.1.0.36:15058|admin:10.1.0.36:15057|client:10.1.0.36:15056|dataStream:10.1.0.36:15059|priority:1|startupRole:FOLLOWER]|listeners:[], old=null, confs=<EMPTY_MAP>
2023-09-20 15:48:41,100 [b1c70fe4-d692-4fdb-aa26-025ed9a8aa3e-groupManagement] INFO  server.RaftServerConfigKeys (ConfUtils.java:logGet(46)) - raft.server.storage.dir = [/home/runner/work/ozone/ozone/hadoop-ozone/integration-test/target/test-dir/MiniOzoneClusterImpl-38a365bd-16d9-45d9-a84a-b01271e6c83a/datanode-1/data/ratis] (custom)
2023-09-20 15:48:41,100 [b1c70fe4-d692-4fdb-aa26-025ed9a8aa3e-groupManagement] INFO  server.RaftServerConfigKeys (ConfUtils.java:logGet(46)) - raft.server.log.corruption.policy = EXCEPTION (default)
2023-09-20 15:48:41,100 [b1c70fe4-d692-4fdb-aa26-025ed9a8aa3e-groupManagement] INFO  server.RaftServerConfigKeys (ConfUtils.java:logGet(46)) - raft.server.storage.free-space.min = 0MB (=0) (default)
2023-09-20 15:48:41,100 [b1c70fe4-d692-4fdb-aa26-025ed9a8aa3e-groupManagement] INFO  server.RaftServerConfigKeys (ConfUtils.java:logGet(46)) - raft.server.notification.no-leader.timeout = 300s (custom)
2023-09-20 15:48:41,100 [b1c70fe4-d692-4fdb-aa26-025ed9a8aa3e-groupManagement] INFO  server.RaftServerConfigKeys (ConfUtils.java:logGet(46)) - raft.server.read.timeout = 10s (default)
2023-09-20 15:48:41,100 [b1c70fe4-d692-4fdb-aa26-025ed9a8aa3e-groupManagement] INFO  server.RaftServerConfigKeys (ConfUtils.java:logGet(46)) - raft.server.retrycache.expirytime = 600000ms (custom)
2023-09-20 15:48:41,100 [b1c70fe4-d692-4fdb-aa26-025ed9a8aa3e-groupManagement] INFO  server.RaftServerConfigKeys (ConfUtils.java:logGet(46)) - raft.server.retrycache.statistics.expirytime = 100μs (default)
2023-09-20 15:48:41,100 [b1c70fe4-d692-4fdb-aa26-025ed9a8aa3e-groupManagement] INFO  server.RaftServerConfigKeys (ConfUtils.java:logGet(46)) - raft.server.read.option = DEFAULT (default)
2023-09-20 15:48:41,101 [b1c70fe4-d692-4fdb-aa26-025ed9a8aa3e-groupManagement] INFO  server.RaftServerConfigKeys (ConfUtils.java:logGet(46)) - raft.server.rpc.request.timeout = 60s (custom)
2023-09-20 15:48:41,102 [b1c70fe4-d692-4fdb-aa26-025ed9a8aa3e-groupManagement] INFO  server.RaftServerConfigKeys (ConfUtils.java:logGet(46)) - raft.server.log.appender.install.snapshot.enabled = false (custom)
2023-09-20 15:48:41,102 [b1c70fe4-d692-4fdb-aa26-025ed9a8aa3e-groupManagement] INFO  server.RaftServerConfigKeys (ConfUtils.java:logGet(46)) - raft.server.threadpool.server.cached = true (default)
2023-09-20 15:48:41,102 [b1c70fe4-d692-4fdb-aa26-025ed9a8aa3e-groupManagement] INFO  server.RaftServerConfigKeys (ConfUtils.java:logGet(46)) - raft.server.threadpool.server.size = 0 (default)
2023-09-20 15:48:41,102 [b1c70fe4-d692-4fdb-aa26-025ed9a8aa3e-groupManagement] INFO  server.RaftServerConfigKeys (ConfUtils.java:logGet(46)) - raft.server.threadpool.client.cached = true (default)
2023-09-20 15:48:41,102 [b1c70fe4-d692-4fdb-aa26-025ed9a8aa3e-groupManagement] INFO  server.RaftServerConfigKeys (ConfUtils.java:logGet(46)) - raft.server.threadpool.client.size = 0 (default)
2023-09-20 15:48:41,105 [PipelineCommandHandlerThread-0] INFO  server.RaftServer (RaftServerProxy.java:addNew(98)) - b1c70fe4-d692-4fdb-aa26-025ed9a8aa3e: addNew group-578687A36430:[b1c70fe4-d692-4fdb-aa26-025ed9a8aa3e|rpc:10.1.0.36:15058|admin:10.1.0.36:15057|client:10.1.0.36:15056|dataStream:10.1.0.36:15059|priority:1|startupRole:FOLLOWER] returns      null b1c70fe4-d692-4fdb-aa26-025ed9a8aa3e@group-578687A36430:t0, leader=null, voted=null, raftlog=UNINITIALIZED, conf=-1: peers:[b1c70fe4-d692-4fdb-aa26-025ed9a8aa3e|rpc:10.1.0.36:15058|admin:10.1.0.36:15057|client:10.1.0.36:15056|dataStream:10.1.0.36:15059|priority:1|startupRole:FOLLOWER]|listeners:[], old=null NEW
2023-09-20 15:48:41,105 [b1c70fe4-d692-4fdb-aa26-025ed9a8aa3e-groupManagement] INFO  storage.RaftStorageDirectory (RaftStorageDirectoryImpl.java:analyzeStorage(137)) - The storage directory /home/runner/work/ozone/ozone/hadoop-ozone/integration-test/target/test-dir/MiniOzoneClusterImpl-38a365bd-16d9-45d9-a84a-b01271e6c83a/datanode-1/data/ratis/3973acac-7d66-4539-9ac8-578687a36430 does not exist. Creating ...
2023-09-20 15:48:41,107 [b1c70fe4-d692-4fdb-aa26-025ed9a8aa3e-groupManagement] INFO  storage.RaftStorageDirectory (RaftStorageDirectoryImpl.java:tryLock(231)) - Lock on /home/runner/work/ozone/ozone/hadoop-ozone/integration-test/target/test-dir/MiniOzoneClusterImpl-38a365bd-16d9-45d9-a84a-b01271e6c83a/datanode-1/data/ratis/3973acac-7d66-4539-9ac8-578687a36430/in_use.lock acquired by nodename 41628@fv-az345-844
2023-09-20 15:48:41,115 [b1c70fe4-d692-4fdb-aa26-025ed9a8aa3e-groupManagement] INFO  storage.RaftStorage (RaftStorageImpl.java:format(96)) - Storage directory /home/runner/work/ozone/ozone/hadoop-ozone/integration-test/target/test-dir/MiniOzoneClusterImpl-38a365bd-16d9-45d9-a84a-b01271e6c83a/datanode-1/data/ratis/3973acac-7d66-4539-9ac8-578687a36430 has been successfully formatted.
2023-09-20 15:48:41,116 [b1c70fe4-d692-4fdb-aa26-025ed9a8aa3e-groupManagement] INFO  ratis.ContainerStateMachine (ContainerStateMachine.java:loadSnapshot(262)) - group-578687A36430: The snapshot info is null. Setting the last applied indexto:(t:0, i:~)
2023-09-20 15:48:41,116 [b1c70fe4-d692-4fdb-aa26-025ed9a8aa3e-groupManagement] INFO  server.RaftServerConfigKeys (ConfUtils.java:logGet(46)) - raft.server.log.use.memory = false (default)
2023-09-20 15:48:41,118 [EventQueue-PipelineReportForPipelineReportHandler] INFO  pipeline.PipelineReportHandler (PipelineReportHandler.java:processPipelineReport(136)) - Opened pipeline PipelineID=3973acac-7d66-4539-9ac8-578687a36430
2023-09-20 15:48:41,122 [b1c70fe4-d692-4fdb-aa26-025ed9a8aa3e-groupManagement] INFO  server.RaftServerConfigKeys (ConfUtils.java:logGet(46)) - raft.server.log.purge.gap = 1000000 (custom)
2023-09-20 15:48:41,122 [b1c70fe4-d692-4fdb-aa26-025ed9a8aa3e-groupManagement] INFO  server.RaftServerConfigKeys (ConfUtils.java:logGet(46)) - raft.server.log.appender.buffer.byte-limit = 33554432 (custom)
2023-09-20 15:48:41,122 [b1c70fe4-d692-4fdb-aa26-025ed9a8aa3e-groupManagement] INFO  server.RaftServerConfigKeys (ConfUtils.java:logGet(46)) - raft.server.log.statemachine.data.read.timeout = 1000ms (default)
2023-09-20 15:48:41,122 [b1c70fe4-d692-4fdb-aa26-025ed9a8aa3e-groupManagement] INFO  server.RaftServerConfigKeys (ConfUtils.java:logGet(46)) - raft.server.log.purge.preservation.log.num = 0 (default)
2023-09-20 15:48:41,122 [b1c70fe4-d692-4fdb-aa26-025ed9a8aa3e-groupManagement] INFO  server.RaftServerConfigKeys (ConfUtils.java:logGet(46)) - raft.server.log.segment.size.max = 1048576 (custom)
2023-09-20 15:48:41,123 [b1c70fe4-d692-4fdb-aa26-025ed9a8aa3e-groupManagement] INFO  server.RaftServerConfigKeys (ConfUtils.java:logGet(46)) - raft.server.log.segment.cache.num.max = 2 (custom)
2023-09-20 15:48:41,123 [b1c70fe4-d692-4fdb-aa26-025ed9a8aa3e-groupManagement] INFO  server.RaftServerConfigKeys (ConfUtils.java:logGet(46)) - raft.server.log.segment.cache.size.max = 200MB (=209715200) (default)
2023-09-20 15:48:41,123 [b1c70fe4-d692-4fdb-aa26-025ed9a8aa3e-groupManagement] INFO  server.RaftServerConfigKeys (ConfUtils.java:logGet(46)) - raft.server.log.appender.buffer.byte-limit = 33554432 (custom)
2023-09-20 15:48:41,123 [b1c70fe4-d692-4fdb-aa26-025ed9a8aa3e-groupManagement] INFO  segmented.SegmentedRaftLogWorker (SegmentedRaftLogWorker.java:<init>(188)) - new b1c70fe4-d692-4fdb-aa26-025ed9a8aa3e@group-578687A36430-SegmentedRaftLogWorker for RaftStorageImpl:Storage Directory /home/runner/work/ozone/ozone/hadoop-ozone/integration-test/target/test-dir/MiniOzoneClusterImpl-38a365bd-16d9-45d9-a84a-b01271e6c83a/datanode-1/data/ratis/3973acac-7d66-4539-9ac8-578687a36430
2023-09-20 15:48:41,123 [b1c70fe4-d692-4fdb-aa26-025ed9a8aa3e-groupManagement] INFO  server.RaftServerConfigKeys (ConfUtils.java:logGet(46)) - raft.server.log.queue.byte-limit = 4294967296 (custom)
2023-09-20 15:48:41,123 [b1c70fe4-d692-4fdb-aa26-025ed9a8aa3e-groupManagement] INFO  server.RaftServerConfigKeys (ConfUtils.java:logGet(46)) - raft.server.log.queue.element-limit = 1024 (custom)
2023-09-20 15:48:41,123 [b1c70fe4-d692-4fdb-aa26-025ed9a8aa3e-groupManagement] INFO  server.RaftServerConfigKeys (ConfUtils.java:logGet(46)) - raft.server.log.segment.size.max = 1048576 (custom)
2023-09-20 15:48:41,123 [b1c70fe4-d692-4fdb-aa26-025ed9a8aa3e-groupManagement] INFO  server.RaftServerConfigKeys (ConfUtils.java:logGet(46)) - raft.server.log.preallocated.size = 16384 (custom)
2023-09-20 15:48:41,122 [EventQueue-OpenPipelineForHealthyPipelineSafeModeRule] INFO  safemode.SCMSafeModeManager (HealthyPipelineSafeModeRule.java:process(137)) - SCM in safe mode. Healthy pipelines reported count is 0, required healthy pipeline reported count is 1
2023-09-20 15:48:41,123 [b1c70fe4-d692-4fdb-aa26-025ed9a8aa3e-groupManagement] INFO  server.RaftServerConfigKeys (ConfUtils.java:logGet(46)) - raft.server.log.force.sync.num = 128 (default)
2023-09-20 15:48:41,124 [b1c70fe4-d692-4fdb-aa26-025ed9a8aa3e-groupManagement] INFO  server.RaftServerConfigKeys (ConfUtils.java:logGet(46)) - raft.server.log.statemachine.data.sync = true (default)
2023-09-20 15:48:41,124 [b1c70fe4-d692-4fdb-aa26-025ed9a8aa3e-groupManagement] INFO  server.RaftServerConfigKeys (ConfUtils.java:logGet(46)) - raft.server.log.statemachine.data.sync.timeout = 10s (default)
2023-09-20 15:48:41,124 [b1c70fe4-d692-4fdb-aa26-025ed9a8aa3e-groupManagement] INFO  server.RaftServerConfigKeys (ConfUtils.java:logGet(46)) - raft.server.log.statemachine.data.sync.timeout.retry = -1 (default)
2023-09-20 15:48:41,125 [b1c70fe4-d692-4fdb-aa26-025ed9a8aa3e-groupManagement] INFO  server.RaftServerConfigKeys (ConfUtils.java:logGet(46)) - raft.server.log.write.buffer.size = 1048576 (custom)
2023-09-20 15:48:41,125 [b1c70fe4-d692-4fdb-aa26-025ed9a8aa3e-groupManagement] INFO  server.RaftServerConfigKeys (ConfUtils.java:logGet(46)) - raft.server.log.appender.buffer.byte-limit = 33554432 (custom)
2023-09-20 15:48:41,132 [b1c70fe4-d692-4fdb-aa26-025ed9a8aa3e-groupManagement] INFO  server.RaftServerConfigKeys (ConfUtils.java:logGet(46)) - raft.server.log.unsafe-flush.enabled = false (default)
2023-09-20 15:48:41,132 [b1c70fe4-d692-4fdb-aa26-025ed9a8aa3e-groupManagement] INFO  server.RaftServerConfigKeys (ConfUtils.java:logGet(46)) - raft.server.log.async-flush.enabled = false (default)
2023-09-20 15:48:41,132 [b1c70fe4-d692-4fdb-aa26-025ed9a8aa3e-groupManagement] INFO  server.RaftServerConfigKeys (ConfUtils.java:logGet(46)) - raft.server.log.statemachine.data.caching.enabled = true (custom)
2023-09-20 15:48:41,133 [b1c70fe4-d692-4fdb-aa26-025ed9a8aa3e-groupManagement] INFO  segmented.SegmentedRaftLogWorker (SegmentedRaftLogWorker.java:lambda$new$0(135)) - b1c70fe4-d692-4fdb-aa26-025ed9a8aa3e@group-578687A36430-SegmentedRaftLogWorker: flushIndex: setUnconditionally 0 -> -1
2023-09-20 15:48:41,133 [b1c70fe4-d692-4fdb-aa26-025ed9a8aa3e-groupManagement] INFO  segmented.SegmentedRaftLogWorker (SegmentedRaftLogWorker.java:lambda$new$0(135)) - b1c70fe4-d692-4fdb-aa26-025ed9a8aa3e@group-578687A36430-SegmentedRaftLogWorker: safeCacheEvictIndex: setUnconditionally 0 -> -1
2023-09-20 15:48:41,138 [b1c70fe4-d692-4fdb-aa26-025ed9a8aa3e-groupManagement] INFO  server.RaftServer$Division (RaftServerImpl.java:start(342)) - b1c70fe4-d692-4fdb-aa26-025ed9a8aa3e@group-578687A36430: start as a follower, conf=-1: peers:[b1c70fe4-d692-4fdb-aa26-025ed9a8aa3e|rpc:10.1.0.36:15058|admin:10.1.0.36:15057|client:10.1.0.36:15056|dataStream:10.1.0.36:15059|priority:1|startupRole:FOLLOWER]|listeners:[], old=null
2023-09-20 15:48:41,138 [b1c70fe4-d692-4fdb-aa26-025ed9a8aa3e-groupManagement] INFO  server.RaftServer$Division (RaftServerImpl.java:setRole(329)) - b1c70fe4-d692-4fdb-aa26-025ed9a8aa3e@group-578687A36430: changes role from      null to FOLLOWER at term 0 for startAsFollower
2023-09-20 15:48:41,139 [b1c70fe4-d692-4fdb-aa26-025ed9a8aa3e-groupManagement] INFO  impl.RoleInfo (RoleInfo.java:updateAndGet(139)) - b1c70fe4-d692-4fdb-aa26-025ed9a8aa3e: start b1c70fe4-d692-4fdb-aa26-025ed9a8aa3e@group-578687A36430-FollowerState
2023-09-20 15:48:41,140 [b1c70fe4-d692-4fdb-aa26-025ed9a8aa3e-groupManagement] INFO  util.JmxRegister (JmxRegister.java:tryRegister(44)) - Successfully registered JMX Bean with object name Ratis:service=RaftServer,group=group-578687A36430,id=b1c70fe4-d692-4fdb-aa26-025ed9a8aa3e
2023-09-20 15:48:41,140 [b1c70fe4-d692-4fdb-aa26-025ed9a8aa3e-groupManagement] INFO  server.RaftServerConfigKeys (ConfUtils.java:logGet(46)) - raft.server.snapshot.auto.trigger.enabled = true (custom)
2023-09-20 15:48:41,140 [b1c70fe4-d692-4fdb-aa26-025ed9a8aa3e-groupManagement] INFO  server.RaftServerConfigKeys (ConfUtils.java:logGet(46)) - raft.server.snapshot.auto.trigger.threshold = 10000 (custom)
2023-09-20 15:48:41,140 [b1c70fe4-d692-4fdb-aa26-025ed9a8aa3e-groupManagement] INFO  server.RaftServerConfigKeys (ConfUtils.java:logGet(46)) - raft.server.snapshot.retention.file.num = 5 (custom)
2023-09-20 15:48:41,140 [b1c70fe4-d692-4fdb-aa26-025ed9a8aa3e-groupManagement] INFO  server.RaftServerConfigKeys (ConfUtils.java:logGet(46)) - raft.server.log.purge.upto.snapshot.index = false (default)
2023-09-20 15:48:41,141 [b1c70fe4-d692-4fdb-aa26-025ed9a8aa3e@group-578687A36430-FollowerState] INFO  server.RaftServerConfigKeys (ConfUtils.java:logFallback(53)) - raft.server.rpc.first-election.timeout.min = 5s (fallback to raft.server.rpc.timeout.min)
2023-09-20 15:48:41,141 [b1c70fe4-d692-4fdb-aa26-025ed9a8aa3e@group-578687A36430-FollowerState] INFO  server.RaftServerConfigKeys (ConfUtils.java:logFallback(53)) - raft.server.rpc.first-election.timeout.max = 5200ms (fallback to raft.server.rpc.timeout.max)
2023-09-20 15:48:41,142 [PipelineCommandHandlerThread-0] INFO  ratis.XceiverServerRatis (XceiverServerRatis.java:addGroup(804)) - Created group PipelineID=3973acac-7d66-4539-9ac8-578687a36430
2023-09-20 15:48:41,142 [PipelineCommandHandlerThread-0] INFO  commandhandler.CreatePipelineCommandHandler (CreatePipelineCommandHandler.java:lambda$handle$2(124)) - Created Pipeline RATIS ONE PipelineID=3973acac-7d66-4539-9ac8-578687a36430.
2023-09-20 15:48:41,493 [d833c6c7-5026-4edd-bbd5-8ccc0ef3852d-groupManagement] INFO  server.RaftServer$Division (RaftServerImpl.java:<init>(198)) - d833c6c7-5026-4edd-bbd5-8ccc0ef3852d: new RaftServerImpl for group-0D300F9491B5:[d833c6c7-5026-4edd-bbd5-8ccc0ef3852d|rpc:10.1.0.36:15067|admin:10.1.0.36:15066|client:10.1.0.36:15065|dataStream:10.1.0.36:15068|priority:1|startupRole:FOLLOWER] with ContainerStateMachine:uninitialized
2023-09-20 15:48:41,494 [d833c6c7-5026-4edd-bbd5-8ccc0ef3852d-groupManagement] INFO  server.RaftServerConfigKeys (ConfUtils.java:logGet(46)) - raft.server.rpc.timeout.min = 5s (custom)
2023-09-20 15:48:41,494 [d833c6c7-5026-4edd-bbd5-8ccc0ef3852d-groupManagement] INFO  server.RaftServerConfigKeys (ConfUtils.java:logGet(46)) - raft.server.rpc.timeout.max = 5200ms (custom)
2023-09-20 15:48:41,494 [d833c6c7-5026-4edd-bbd5-8ccc0ef3852d-groupManagement] INFO  server.RaftServerConfigKeys (ConfUtils.java:logGet(46)) - raft.server.rpc.sleep.time = 25ms (default)
2023-09-20 15:48:41,494 [d833c6c7-5026-4edd-bbd5-8ccc0ef3852d-groupManagement] INFO  server.RaftServerConfigKeys (ConfUtils.java:logGet(46)) - raft.server.rpc.slowness.timeout = 300s (custom)
2023-09-20 15:48:41,494 [d833c6c7-5026-4edd-bbd5-8ccc0ef3852d-groupManagement] INFO  server.RaftServerConfigKeys (ConfUtils.java:logGet(46)) - raft.server.leaderelection.leader.step-down.wait-time = 10s (default)
2023-09-20 15:48:41,494 [d833c6c7-5026-4edd-bbd5-8ccc0ef3852d-groupManagement] INFO  server.RaftServerConfigKeys (ConfUtils.java:logGet(46)) - raft.server.sleep.deviation.threshold = 300ms (default)
2023-09-20 15:48:41,494 [d833c6c7-5026-4edd-bbd5-8ccc0ef3852d-groupManagement] INFO  server.RaftServer$Division (ServerState.java:<init>(120)) - d833c6c7-5026-4edd-bbd5-8ccc0ef3852d@group-0D300F9491B5: ConfigurationManager, init=-1: peers:[d833c6c7-5026-4edd-bbd5-8ccc0ef3852d|rpc:10.1.0.36:15067|admin:10.1.0.36:15066|client:10.1.0.36:15065|dataStream:10.1.0.36:15068|priority:1|startupRole:FOLLOWER]|listeners:[], old=null, confs=<EMPTY_MAP>
2023-09-20 15:48:41,494 [d833c6c7-5026-4edd-bbd5-8ccc0ef3852d-groupManagement] INFO  server.RaftServerConfigKeys (ConfUtils.java:logGet(46)) - raft.server.storage.dir = [/home/runner/work/ozone/ozone/hadoop-ozone/integration-test/target/test-dir/MiniOzoneClusterImpl-38a365bd-16d9-45d9-a84a-b01271e6c83a/datanode-2/data/ratis] (custom)
2023-09-20 15:48:41,495 [d833c6c7-5026-4edd-bbd5-8ccc0ef3852d-groupManagement] INFO  server.RaftServerConfigKeys (ConfUtils.java:logGet(46)) - raft.server.log.corruption.policy = EXCEPTION (default)
2023-09-20 15:48:41,495 [d833c6c7-5026-4edd-bbd5-8ccc0ef3852d-groupManagement] INFO  server.RaftServerConfigKeys (ConfUtils.java:logGet(46)) - raft.server.storage.free-space.min = 0MB (=0) (default)
2023-09-20 15:48:41,495 [d833c6c7-5026-4edd-bbd5-8ccc0ef3852d-groupManagement] INFO  server.RaftServerConfigKeys (ConfUtils.java:logGet(46)) - raft.server.notification.no-leader.timeout = 300s (custom)
2023-09-20 15:48:41,495 [d833c6c7-5026-4edd-bbd5-8ccc0ef3852d-groupManagement] INFO  server.RaftServerConfigKeys (ConfUtils.java:logGet(46)) - raft.server.read.timeout = 10s (default)
2023-09-20 15:48:41,495 [d833c6c7-5026-4edd-bbd5-8ccc0ef3852d-groupManagement] INFO  server.RaftServerConfigKeys (ConfUtils.java:logGet(46)) - raft.server.retrycache.expirytime = 600000ms (custom)
2023-09-20 15:48:41,495 [d833c6c7-5026-4edd-bbd5-8ccc0ef3852d-groupManagement] INFO  server.RaftServerConfigKeys (ConfUtils.java:logGet(46)) - raft.server.retrycache.statistics.expirytime = 100μs (default)
2023-09-20 15:48:41,495 [d833c6c7-5026-4edd-bbd5-8ccc0ef3852d-groupManagement] INFO  server.RaftServerConfigKeys (ConfUtils.java:logGet(46)) - raft.server.read.option = DEFAULT (default)
2023-09-20 15:48:41,496 [d833c6c7-5026-4edd-bbd5-8ccc0ef3852d-groupManagement] INFO  server.RaftServerConfigKeys (ConfUtils.java:logGet(46)) - raft.server.rpc.request.timeout = 60s (custom)
2023-09-20 15:48:41,497 [d833c6c7-5026-4edd-bbd5-8ccc0ef3852d-groupManagement] INFO  server.RaftServerConfigKeys (ConfUtils.java:logGet(46)) - raft.server.log.appender.install.snapshot.enabled = false (custom)
2023-09-20 15:48:41,497 [d833c6c7-5026-4edd-bbd5-8ccc0ef3852d-groupManagement] INFO  server.RaftServerConfigKeys (ConfUtils.java:logGet(46)) - raft.server.threadpool.server.cached = true (default)
2023-09-20 15:48:41,497 [d833c6c7-5026-4edd-bbd5-8ccc0ef3852d-groupManagement] INFO  server.RaftServerConfigKeys (ConfUtils.java:logGet(46)) - raft.server.threadpool.server.size = 0 (default)
2023-09-20 15:48:41,497 [d833c6c7-5026-4edd-bbd5-8ccc0ef3852d-groupManagement] INFO  server.RaftServerConfigKeys (ConfUtils.java:logGet(46)) - raft.server.threadpool.client.cached = true (default)
2023-09-20 15:48:41,497 [d833c6c7-5026-4edd-bbd5-8ccc0ef3852d-groupManagement] INFO  server.RaftServerConfigKeys (ConfUtils.java:logGet(46)) - raft.server.threadpool.client.size = 0 (default)
2023-09-20 15:48:41,497 [PipelineCommandHandlerThread-0] INFO  server.RaftServer (RaftServerProxy.java:addNew(98)) - d833c6c7-5026-4edd-bbd5-8ccc0ef3852d: addNew group-0D300F9491B5:[d833c6c7-5026-4edd-bbd5-8ccc0ef3852d|rpc:10.1.0.36:15067|admin:10.1.0.36:15066|client:10.1.0.36:15065|dataStream:10.1.0.36:15068|priority:1|startupRole:FOLLOWER] returns      null d833c6c7-5026-4edd-bbd5-8ccc0ef3852d@group-0D300F9491B5:t0, leader=null, voted=null, raftlog=UNINITIALIZED, conf=-1: peers:[d833c6c7-5026-4edd-bbd5-8ccc0ef3852d|rpc:10.1.0.36:15067|admin:10.1.0.36:15066|client:10.1.0.36:15065|dataStream:10.1.0.36:15068|priority:1|startupRole:FOLLOWER]|listeners:[], old=null NEW
2023-09-20 15:48:41,497 [d833c6c7-5026-4edd-bbd5-8ccc0ef3852d-groupManagement] INFO  storage.RaftStorageDirectory (RaftStorageDirectoryImpl.java:analyzeStorage(137)) - The storage directory /home/runner/work/ozone/ozone/hadoop-ozone/integration-test/target/test-dir/MiniOzoneClusterImpl-38a365bd-16d9-45d9-a84a-b01271e6c83a/datanode-2/data/ratis/05cca329-6272-4460-9100-0d300f9491b5 does not exist. Creating ...
2023-09-20 15:48:41,499 [d833c6c7-5026-4edd-bbd5-8ccc0ef3852d-groupManagement] INFO  storage.RaftStorageDirectory (RaftStorageDirectoryImpl.java:tryLock(231)) - Lock on /home/runner/work/ozone/ozone/hadoop-ozone/integration-test/target/test-dir/MiniOzoneClusterImpl-38a365bd-16d9-45d9-a84a-b01271e6c83a/datanode-2/data/ratis/05cca329-6272-4460-9100-0d300f9491b5/in_use.lock acquired by nodename 41628@fv-az345-844
2023-09-20 15:48:41,501 [d833c6c7-5026-4edd-bbd5-8ccc0ef3852d-groupManagement] INFO  storage.RaftStorage (RaftStorageImpl.java:format(96)) - Storage directory /home/runner/work/ozone/ozone/hadoop-ozone/integration-test/target/test-dir/MiniOzoneClusterImpl-38a365bd-16d9-45d9-a84a-b01271e6c83a/datanode-2/data/ratis/05cca329-6272-4460-9100-0d300f9491b5 has been successfully formatted.
2023-09-20 15:48:41,502 [d833c6c7-5026-4edd-bbd5-8ccc0ef3852d-groupManagement] INFO  ratis.ContainerStateMachine (ContainerStateMachine.java:loadSnapshot(262)) - group-0D300F9491B5: The snapshot info is null. Setting the last applied indexto:(t:0, i:~)
2023-09-20 15:48:41,502 [d833c6c7-5026-4edd-bbd5-8ccc0ef3852d-groupManagement] INFO  server.RaftServerConfigKeys (ConfUtils.java:logGet(46)) - raft.server.log.use.memory = false (default)
2023-09-20 15:48:41,503 [EventQueue-PipelineReportForPipelineReportHandler] INFO  pipeline.PipelineReportHandler (PipelineReportHandler.java:processPipelineReport(136)) - Opened pipeline PipelineID=05cca329-6272-4460-9100-0d300f9491b5
2023-09-20 15:48:41,504 [d833c6c7-5026-4edd-bbd5-8ccc0ef3852d-groupManagement] INFO  server.RaftServerConfigKeys (ConfUtils.java:logGet(46)) - raft.server.log.purge.gap = 1000000 (custom)
2023-09-20 15:48:41,504 [EventQueue-OpenPipelineForHealthyPipelineSafeModeRule] INFO  safemode.SCMSafeModeManager (HealthyPipelineSafeModeRule.java:process(137)) - SCM in safe mode. Healthy pipelines reported count is 0, required healthy pipeline reported count is 1
2023-09-20 15:48:41,504 [d833c6c7-5026-4edd-bbd5-8ccc0ef3852d-groupManagement] INFO  server.RaftServerConfigKeys (ConfUtils.java:logGet(46)) - raft.server.log.appender.buffer.byte-limit = 33554432 (custom)
2023-09-20 15:48:41,505 [d833c6c7-5026-4edd-bbd5-8ccc0ef3852d-groupManagement] INFO  server.RaftServerConfigKeys (ConfUtils.java:logGet(46)) - raft.server.log.statemachine.data.read.timeout = 1000ms (default)
2023-09-20 15:48:41,505 [d833c6c7-5026-4edd-bbd5-8ccc0ef3852d-groupManagement] INFO  server.RaftServerConfigKeys (ConfUtils.java:logGet(46)) - raft.server.log.purge.preservation.log.num = 0 (default)
2023-09-20 15:48:41,505 [d833c6c7-5026-4edd-bbd5-8ccc0ef3852d-groupManagement] INFO  server.RaftServerConfigKeys (ConfUtils.java:logGet(46)) - raft.server.log.segment.size.max = 1048576 (custom)
2023-09-20 15:48:41,506 [d833c6c7-5026-4edd-bbd5-8ccc0ef3852d-groupManagement] INFO  server.RaftServerConfigKeys (ConfUtils.java:logGet(46)) - raft.server.log.segment.cache.num.max = 2 (custom)
2023-09-20 15:48:41,506 [d833c6c7-5026-4edd-bbd5-8ccc0ef3852d-groupManagement] INFO  server.RaftServerConfigKeys (ConfUtils.java:logGet(46)) - raft.server.log.segment.cache.size.max = 200MB (=209715200) (default)
2023-09-20 15:48:41,506 [d833c6c7-5026-4edd-bbd5-8ccc0ef3852d-groupManagement] INFO  server.RaftServerConfigKeys (ConfUtils.java:logGet(46)) - raft.server.log.appender.buffer.byte-limit = 33554432 (custom)
2023-09-20 15:48:41,507 [d833c6c7-5026-4edd-bbd5-8ccc0ef3852d-groupManagement] INFO  segmented.SegmentedRaftLogWorker (SegmentedRaftLogWorker.java:<init>(188)) - new d833c6c7-5026-4edd-bbd5-8ccc0ef3852d@group-0D300F9491B5-SegmentedRaftLogWorker for RaftStorageImpl:Storage Directory /home/runner/work/ozone/ozone/hadoop-ozone/integration-test/target/test-dir/MiniOzoneClusterImpl-38a365bd-16d9-45d9-a84a-b01271e6c83a/datanode-2/data/ratis/05cca329-6272-4460-9100-0d300f9491b5
2023-09-20 15:48:41,507 [d833c6c7-5026-4edd-bbd5-8ccc0ef3852d-groupManagement] INFO  server.RaftServerConfigKeys (ConfUtils.java:logGet(46)) - raft.server.log.queue.byte-limit = 4294967296 (custom)
2023-09-20 15:48:41,507 [d833c6c7-5026-4edd-bbd5-8ccc0ef3852d-groupManagement] INFO  server.RaftServerConfigKeys (ConfUtils.java:logGet(46)) - raft.server.log.queue.element-limit = 1024 (custom)
2023-09-20 15:48:41,507 [d833c6c7-5026-4edd-bbd5-8ccc0ef3852d-groupManagement] INFO  server.RaftServerConfigKeys (ConfUtils.java:logGet(46)) - raft.server.log.segment.size.max = 1048576 (custom)
2023-09-20 15:48:41,508 [d833c6c7-5026-4edd-bbd5-8ccc0ef3852d-groupManagement] INFO  server.RaftServerConfigKeys (ConfUtils.java:logGet(46)) - raft.server.log.preallocated.size = 16384 (custom)
2023-09-20 15:48:41,508 [d833c6c7-5026-4edd-bbd5-8ccc0ef3852d-groupManagement] INFO  server.RaftServerConfigKeys (ConfUtils.java:logGet(46)) - raft.server.log.force.sync.num = 128 (default)
2023-09-20 15:48:41,508 [d833c6c7-5026-4edd-bbd5-8ccc0ef3852d-groupManagement] INFO  server.RaftServerConfigKeys (ConfUtils.java:logGet(46)) - raft.server.log.statemachine.data.sync = true (default)
2023-09-20 15:48:41,508 [d833c6c7-5026-4edd-bbd5-8ccc0ef3852d-groupManagement] INFO  server.RaftServerConfigKeys (ConfUtils.java:logGet(46)) - raft.server.log.statemachine.data.sync.timeout = 10s (default)
2023-09-20 15:48:41,510 [d833c6c7-5026-4edd-bbd5-8ccc0ef3852d-groupManagement] INFO  server.RaftServerConfigKeys (ConfUtils.java:logGet(46)) - raft.server.log.statemachine.data.sync.timeout.retry = -1 (default)
2023-09-20 15:48:41,511 [d833c6c7-5026-4edd-bbd5-8ccc0ef3852d-groupManagement] INFO  server.RaftServerConfigKeys (ConfUtils.java:logGet(46)) - raft.server.log.write.buffer.size = 1048576 (custom)
2023-09-20 15:48:41,512 [d833c6c7-5026-4edd-bbd5-8ccc0ef3852d-groupManagement] INFO  server.RaftServerConfigKeys (ConfUtils.java:logGet(46)) - raft.server.log.appender.buffer.byte-limit = 33554432 (custom)
2023-09-20 15:48:41,519 [d833c6c7-5026-4edd-bbd5-8ccc0ef3852d-groupManagement] INFO  server.RaftServerConfigKeys (ConfUtils.java:logGet(46)) - raft.server.log.unsafe-flush.enabled = false (default)
2023-09-20 15:48:41,519 [d833c6c7-5026-4edd-bbd5-8ccc0ef3852d-groupManagement] INFO  server.RaftServerConfigKeys (ConfUtils.java:logGet(46)) - raft.server.log.async-flush.enabled = false (default)
2023-09-20 15:48:41,519 [d833c6c7-5026-4edd-bbd5-8ccc0ef3852d-groupManagement] INFO  server.RaftServerConfigKeys (ConfUtils.java:logGet(46)) - raft.server.log.statemachine.data.caching.enabled = true (custom)
2023-09-20 15:48:41,519 [d833c6c7-5026-4edd-bbd5-8ccc0ef3852d-groupManagement] INFO  segmented.SegmentedRaftLogWorker (SegmentedRaftLogWorker.java:lambda$new$0(135)) - d833c6c7-5026-4edd-bbd5-8ccc0ef3852d@group-0D300F9491B5-SegmentedRaftLogWorker: flushIndex: setUnconditionally 0 -> -1
2023-09-20 15:48:41,519 [d833c6c7-5026-4edd-bbd5-8ccc0ef3852d-groupManagement] INFO  segmented.SegmentedRaftLogWorker (SegmentedRaftLogWorker.java:lambda$new$0(135)) - d833c6c7-5026-4edd-bbd5-8ccc0ef3852d@group-0D300F9491B5-SegmentedRaftLogWorker: safeCacheEvictIndex: setUnconditionally 0 -> -1
2023-09-20 15:48:41,520 [main] INFO  ozone.MiniOzoneClusterImpl (MiniOzoneClusterImpl.java:lambda$waitForClusterToBeReady$0(224)) - Nodes are ready. Got 3 of 3 DN Heartbeats.
2023-09-20 15:48:41,521 [main] INFO  ozone.MiniOzoneClusterImpl (MiniOzoneClusterImpl.java:lambda$waitForClusterToBeReady$0(227)) - Waiting for cluster to exit safe mode
2023-09-20 15:48:41,521 [main] INFO  ozone.MiniOzoneClusterImpl (MiniOzoneClusterImpl.java:lambda$waitForClusterToBeReady$0(229)) - SCM became leader
2023-09-20 15:48:41,525 [d833c6c7-5026-4edd-bbd5-8ccc0ef3852d-groupManagement] INFO  server.RaftServer$Division (RaftServerImpl.java:start(342)) - d833c6c7-5026-4edd-bbd5-8ccc0ef3852d@group-0D300F9491B5: start as a follower, conf=-1: peers:[d833c6c7-5026-4edd-bbd5-8ccc0ef3852d|rpc:10.1.0.36:15067|admin:10.1.0.36:15066|client:10.1.0.36:15065|dataStream:10.1.0.36:15068|priority:1|startupRole:FOLLOWER]|listeners:[], old=null
2023-09-20 15:48:41,525 [d833c6c7-5026-4edd-bbd5-8ccc0ef3852d-groupManagement] INFO  server.RaftServer$Division (RaftServerImpl.java:setRole(329)) - d833c6c7-5026-4edd-bbd5-8ccc0ef3852d@group-0D300F9491B5: changes role from      null to FOLLOWER at term 0 for startAsFollower
2023-09-20 15:48:41,525 [d833c6c7-5026-4edd-bbd5-8ccc0ef3852d-groupManagement] INFO  impl.RoleInfo (RoleInfo.java:updateAndGet(139)) - d833c6c7-5026-4edd-bbd5-8ccc0ef3852d: start d833c6c7-5026-4edd-bbd5-8ccc0ef3852d@group-0D300F9491B5-FollowerState
2023-09-20 15:48:41,529 [d833c6c7-5026-4edd-bbd5-8ccc0ef3852d-groupManagement] INFO  util.JmxRegister (JmxRegister.java:tryRegister(44)) - Successfully registered JMX Bean with object name Ratis:service=RaftServer,group=group-0D300F9491B5,id=d833c6c7-5026-4edd-bbd5-8ccc0ef3852d
2023-09-20 15:48:41,529 [d833c6c7-5026-4edd-bbd5-8ccc0ef3852d-groupManagement] INFO  server.RaftServerConfigKeys (ConfUtils.java:logGet(46)) - raft.server.snapshot.auto.trigger.enabled = true (custom)
2023-09-20 15:48:41,529 [d833c6c7-5026-4edd-bbd5-8ccc0ef3852d-groupManagement] INFO  server.RaftServerConfigKeys (ConfUtils.java:logGet(46)) - raft.server.snapshot.auto.trigger.threshold = 10000 (custom)
2023-09-20 15:48:41,529 [d833c6c7-5026-4edd-bbd5-8ccc0ef3852d-groupManagement] INFO  server.RaftServerConfigKeys (ConfUtils.java:logGet(46)) - raft.server.snapshot.retention.file.num = 5 (custom)
2023-09-20 15:48:41,529 [d833c6c7-5026-4edd-bbd5-8ccc0ef3852d-groupManagement] INFO  server.RaftServerConfigKeys (ConfUtils.java:logGet(46)) - raft.server.log.purge.upto.snapshot.index = false (default)
2023-09-20 15:48:41,530 [PipelineCommandHandlerThread-0] INFO  ratis.XceiverServerRatis (XceiverServerRatis.java:addGroup(804)) - Created group PipelineID=05cca329-6272-4460-9100-0d300f9491b5
2023-09-20 15:48:41,530 [PipelineCommandHandlerThread-0] INFO  commandhandler.CreatePipelineCommandHandler (CreatePipelineCommandHandler.java:lambda$handle$2(124)) - Created Pipeline RATIS ONE PipelineID=05cca329-6272-4460-9100-0d300f9491b5.
2023-09-20 15:48:41,530 [d833c6c7-5026-4edd-bbd5-8ccc0ef3852d@group-0D300F9491B5-FollowerState] INFO  server.RaftServerConfigKeys (ConfUtils.java:logFallback(53)) - raft.server.rpc.first-election.timeout.min = 5s (fallback to raft.server.rpc.timeout.min)
2023-09-20 15:48:41,531 [d833c6c7-5026-4edd-bbd5-8ccc0ef3852d@group-0D300F9491B5-FollowerState] INFO  server.RaftServerConfigKeys (ConfUtils.java:logFallback(53)) - raft.server.rpc.first-election.timeout.max = 5200ms (fallback to raft.server.rpc.timeout.max)
2023-09-20 15:48:42,523 [main] INFO  ozone.MiniOzoneClusterImpl (MiniOzoneClusterImpl.java:lambda$waitForClusterToBeReady$0(224)) - Nodes are ready. Got 3 of 3 DN Heartbeats.
2023-09-20 15:48:42,523 [main] INFO  ozone.MiniOzoneClusterImpl (MiniOzoneClusterImpl.java:lambda$waitForClusterToBeReady$0(227)) - Waiting for cluster to exit safe mode
2023-09-20 15:48:42,523 [main] INFO  ozone.MiniOzoneClusterImpl (MiniOzoneClusterImpl.java:lambda$waitForClusterToBeReady$0(229)) - SCM became leader
2023-09-20 15:48:43,524 [main] INFO  ozone.MiniOzoneClusterImpl (MiniOzoneClusterImpl.java:lambda$waitForClusterToBeReady$0(224)) - Nodes are ready. Got 3 of 3 DN Heartbeats.
2023-09-20 15:48:43,524 [main] INFO  ozone.MiniOzoneClusterImpl (MiniOzoneClusterImpl.java:lambda$waitForClusterToBeReady$0(227)) - Waiting for cluster to exit safe mode
2023-09-20 15:48:43,524 [main] INFO  ozone.MiniOzoneClusterImpl (MiniOzoneClusterImpl.java:lambda$waitForClusterToBeReady$0(229)) - SCM became leader
2023-09-20 15:48:44,525 [main] INFO  ozone.MiniOzoneClusterImpl (MiniOzoneClusterImpl.java:lambda$waitForClusterToBeReady$0(224)) - Nodes are ready. Got 3 of 3 DN Heartbeats.
2023-09-20 15:48:44,525 [main] INFO  ozone.MiniOzoneClusterImpl (MiniOzoneClusterImpl.java:lambda$waitForClusterToBeReady$0(227)) - Waiting for cluster to exit safe mode
2023-09-20 15:48:44,525 [main] INFO  ozone.MiniOzoneClusterImpl (MiniOzoneClusterImpl.java:lambda$waitForClusterToBeReady$0(229)) - SCM became leader
2023-09-20 15:48:45,525 [main] INFO  ozone.MiniOzoneClusterImpl (MiniOzoneClusterImpl.java:lambda$waitForClusterToBeReady$0(224)) - Nodes are ready. Got 3 of 3 DN Heartbeats.
2023-09-20 15:48:45,526 [main] INFO  ozone.MiniOzoneClusterImpl (MiniOzoneClusterImpl.java:lambda$waitForClusterToBeReady$0(227)) - Waiting for cluster to exit safe mode
2023-09-20 15:48:45,526 [main] INFO  ozone.MiniOzoneClusterImpl (MiniOzoneClusterImpl.java:lambda$waitForClusterToBeReady$0(229)) - SCM became leader
2023-09-20 15:48:45,901 [76461d31-4f4d-43fe-b3e7-bc7be05b2809@group-E669E3FF1697-FollowerState] INFO  impl.FollowerState (FollowerState.java:run(143)) - 76461d31-4f4d-43fe-b3e7-bc7be05b2809@group-E669E3FF1697-FollowerState: change to CANDIDATE, lastRpcElapsedTime:5153814521ns, electionTimeout:5149ms
2023-09-20 15:48:45,901 [76461d31-4f4d-43fe-b3e7-bc7be05b2809@group-E669E3FF1697-FollowerState] INFO  impl.RoleInfo (RoleInfo.java:shutdownFollowerState(110)) - 76461d31-4f4d-43fe-b3e7-bc7be05b2809: shutdown 76461d31-4f4d-43fe-b3e7-bc7be05b2809@group-E669E3FF1697-FollowerState
2023-09-20 15:48:45,902 [76461d31-4f4d-43fe-b3e7-bc7be05b2809@group-E669E3FF1697-FollowerState] INFO  server.RaftServer$Division (RaftServerImpl.java:setRole(329)) - 76461d31-4f4d-43fe-b3e7-bc7be05b2809@group-E669E3FF1697: changes role from  FOLLOWER to CANDIDATE at term 0 for changeToCandidate
2023-09-20 15:48:45,902 [76461d31-4f4d-43fe-b3e7-bc7be05b2809@group-E669E3FF1697-FollowerState] INFO  server.RaftServerConfigKeys (ConfUtils.java:logGet(46)) - raft.server.leaderelection.pre-vote = true (default)
2023-09-20 15:48:45,902 [76461d31-4f4d-43fe-b3e7-bc7be05b2809@group-E669E3FF1697-FollowerState] INFO  impl.RoleInfo (RoleInfo.java:updateAndGet(139)) - 76461d31-4f4d-43fe-b3e7-bc7be05b2809: start 76461d31-4f4d-43fe-b3e7-bc7be05b2809@group-E669E3FF1697-LeaderElection9
2023-09-20 15:48:45,909 [76461d31-4f4d-43fe-b3e7-bc7be05b2809@group-E669E3FF1697-LeaderElection9] INFO  impl.LeaderElection (LeaderElection.java:askForVotes(321)) - 76461d31-4f4d-43fe-b3e7-bc7be05b2809@group-E669E3FF1697-LeaderElection9 PRE_VOTE round 0: submit vote requests at term 0 for -1: peers:[76461d31-4f4d-43fe-b3e7-bc7be05b2809|rpc:10.1.0.36:15049|admin:10.1.0.36:15048|client:10.1.0.36:15047|dataStream:10.1.0.36:15050|priority:0|startupRole:FOLLOWER, b1c70fe4-d692-4fdb-aa26-025ed9a8aa3e|rpc:10.1.0.36:15058|admin:10.1.0.36:15057|client:10.1.0.36:15056|dataStream:10.1.0.36:15059|priority:1|startupRole:FOLLOWER, d833c6c7-5026-4edd-bbd5-8ccc0ef3852d|rpc:10.1.0.36:15067|admin:10.1.0.36:15066|client:10.1.0.36:15065|dataStream:10.1.0.36:15068|priority:0|startupRole:FOLLOWER]|listeners:[], old=null
2023-09-20 15:48:45,911 [76461d31-4f4d-43fe-b3e7-bc7be05b2809@group-E669E3FF1697-LeaderElection9-1] INFO  server.GrpcServerProtocolClient (GrpcServerProtocolClient.java:<init>(65)) - Build channel for b1c70fe4-d692-4fdb-aa26-025ed9a8aa3e
2023-09-20 15:48:45,911 [76461d31-4f4d-43fe-b3e7-bc7be05b2809@group-E669E3FF1697-LeaderElection9] INFO  server.RaftServerConfigKeys (ConfUtils.java:logFallback(53)) - raft.server.rpc.first-election.timeout.min = 5s (fallback to raft.server.rpc.timeout.min)
2023-09-20 15:48:45,911 [76461d31-4f4d-43fe-b3e7-bc7be05b2809@group-E669E3FF1697-LeaderElection9] INFO  server.RaftServerConfigKeys (ConfUtils.java:logFallback(53)) - raft.server.rpc.first-election.timeout.max = 5200ms (fallback to raft.server.rpc.timeout.max)
2023-09-20 15:48:45,911 [76461d31-4f4d-43fe-b3e7-bc7be05b2809@group-E669E3FF1697-LeaderElection9-2] INFO  server.GrpcServerProtocolClient (GrpcServerProtocolClient.java:<init>(65)) - Build channel for d833c6c7-5026-4edd-bbd5-8ccc0ef3852d
2023-09-20 15:48:45,924 [76461d31-4f4d-43fe-b3e7-bc7be05b2809@group-2989245CBECE-FollowerState] INFO  impl.FollowerState (FollowerState.java:run(143)) - 76461d31-4f4d-43fe-b3e7-bc7be05b2809@group-2989245CBECE-FollowerState: change to CANDIDATE, lastRpcElapsedTime:5201280201ns, electionTimeout:5200ms
2023-09-20 15:48:45,924 [76461d31-4f4d-43fe-b3e7-bc7be05b2809@group-2989245CBECE-FollowerState] INFO  impl.RoleInfo (RoleInfo.java:shutdownFollowerState(110)) - 76461d31-4f4d-43fe-b3e7-bc7be05b2809: shutdown 76461d31-4f4d-43fe-b3e7-bc7be05b2809@group-2989245CBECE-FollowerState
2023-09-20 15:48:45,924 [76461d31-4f4d-43fe-b3e7-bc7be05b2809@group-2989245CBECE-FollowerState] INFO  server.RaftServer$Division (RaftServerImpl.java:setRole(329)) - 76461d31-4f4d-43fe-b3e7-bc7be05b2809@group-2989245CBECE: changes role from  FOLLOWER to CANDIDATE at term 0 for changeToCandidate
2023-09-20 15:48:45,925 [76461d31-4f4d-43fe-b3e7-bc7be05b2809@group-2989245CBECE-FollowerState] INFO  server.RaftServerConfigKeys (ConfUtils.java:logGet(46)) - raft.server.leaderelection.pre-vote = true (default)
2023-09-20 15:48:45,925 [76461d31-4f4d-43fe-b3e7-bc7be05b2809@group-2989245CBECE-FollowerState] INFO  impl.RoleInfo (RoleInfo.java:updateAndGet(139)) - 76461d31-4f4d-43fe-b3e7-bc7be05b2809: start 76461d31-4f4d-43fe-b3e7-bc7be05b2809@group-2989245CBECE-LeaderElection10
2023-09-20 15:48:45,929 [grpc-default-executor-1] INFO  server.RaftServer$Division (RaftServerImpl.java:requestVote(1302)) - d833c6c7-5026-4edd-bbd5-8ccc0ef3852d@group-E669E3FF1697: receive requestVote(PRE_VOTE, 76461d31-4f4d-43fe-b3e7-bc7be05b2809, group-E669E3FF1697, 0, (t:0, i:0))
2023-09-20 15:48:45,929 [grpc-default-executor-1] INFO  impl.VoteContext (VoteContext.java:log(49)) - d833c6c7-5026-4edd-bbd5-8ccc0ef3852d@group-E669E3FF1697-FOLLOWER: accept PRE_VOTE from 76461d31-4f4d-43fe-b3e7-bc7be05b2809: our priority 0 <= candidate's priority 0
2023-09-20 15:48:45,929 [grpc-default-executor-1] INFO  server.RaftServer$Division (RaftServerImpl.java:requestVote(1335)) - d833c6c7-5026-4edd-bbd5-8ccc0ef3852d@group-E669E3FF1697 replies to PRE_VOTE vote request: 76461d31-4f4d-43fe-b3e7-bc7be05b2809<-d833c6c7-5026-4edd-bbd5-8ccc0ef3852d#0:OK-t0. Peer's state: d833c6c7-5026-4edd-bbd5-8ccc0ef3852d@group-E669E3FF1697:t0, leader=null, voted=, raftlog=Memoized:d833c6c7-5026-4edd-bbd5-8ccc0ef3852d@group-E669E3FF1697-SegmentedRaftLog:OPENED:c-1, conf=-1: peers:[76461d31-4f4d-43fe-b3e7-bc7be05b2809|rpc:10.1.0.36:15049|admin:10.1.0.36:15048|client:10.1.0.36:15047|dataStream:10.1.0.36:15050|priority:0|startupRole:FOLLOWER, b1c70fe4-d692-4fdb-aa26-025ed9a8aa3e|rpc:10.1.0.36:15058|admin:10.1.0.36:15057|client:10.1.0.36:15056|dataStream:10.1.0.36:15059|priority:1|startupRole:FOLLOWER, d833c6c7-5026-4edd-bbd5-8ccc0ef3852d|rpc:10.1.0.36:15067|admin:10.1.0.36:15066|client:10.1.0.36:15065|dataStream:10.1.0.36:15068|priority:0|startupRole:FOLLOWER]|listeners:[], old=null
2023-09-20 15:48:45,935 [grpc-default-executor-1] INFO  server.RaftServer$Division (RaftServerImpl.java:requestVote(1302)) - b1c70fe4-d692-4fdb-aa26-025ed9a8aa3e@group-E669E3FF1697: receive requestVote(PRE_VOTE, 76461d31-4f4d-43fe-b3e7-bc7be05b2809, group-E669E3FF1697, 0, (t:0, i:0))
2023-09-20 15:48:45,936 [grpc-default-executor-1] INFO  impl.VoteContext (VoteContext.java:log(49)) - b1c70fe4-d692-4fdb-aa26-025ed9a8aa3e@group-E669E3FF1697-FOLLOWER: reject PRE_VOTE from 76461d31-4f4d-43fe-b3e7-bc7be05b2809: our priority 1 > candidate's priority 0
2023-09-20 15:48:45,936 [grpc-default-executor-1] INFO  server.RaftServer$Division (RaftServerImpl.java:requestVote(1335)) - b1c70fe4-d692-4fdb-aa26-025ed9a8aa3e@group-E669E3FF1697 replies to PRE_VOTE vote request: 76461d31-4f4d-43fe-b3e7-bc7be05b2809<-b1c70fe4-d692-4fdb-aa26-025ed9a8aa3e#0:FAIL-t0. Peer's state: b1c70fe4-d692-4fdb-aa26-025ed9a8aa3e@group-E669E3FF1697:t0, leader=null, voted=, raftlog=Memoized:b1c70fe4-d692-4fdb-aa26-025ed9a8aa3e@group-E669E3FF1697-SegmentedRaftLog:OPENED:c-1, conf=-1: peers:[76461d31-4f4d-43fe-b3e7-bc7be05b2809|rpc:10.1.0.36:15049|admin:10.1.0.36:15048|client:10.1.0.36:15047|dataStream:10.1.0.36:15050|priority:0|startupRole:FOLLOWER, b1c70fe4-d692-4fdb-aa26-025ed9a8aa3e|rpc:10.1.0.36:15058|admin:10.1.0.36:15057|client:10.1.0.36:15056|dataStream:10.1.0.36:15059|priority:1|startupRole:FOLLOWER, d833c6c7-5026-4edd-bbd5-8ccc0ef3852d|rpc:10.1.0.36:15067|admin:10.1.0.36:15066|client:10.1.0.36:15065|dataStream:10.1.0.36:15068|priority:0|startupRole:FOLLOWER]|listeners:[], old=null
2023-09-20 15:48:45,937 [76461d31-4f4d-43fe-b3e7-bc7be05b2809@group-E669E3FF1697-LeaderElection9] INFO  impl.LeaderElection (LeaderElection.java:logAndReturn(90)) - 76461d31-4f4d-43fe-b3e7-bc7be05b2809@group-E669E3FF1697-LeaderElection9: PRE_VOTE REJECTED received 2 response(s) and 0 exception(s):
2023-09-20 15:48:45,939 [76461d31-4f4d-43fe-b3e7-bc7be05b2809@group-2989245CBECE-LeaderElection10] INFO  impl.LeaderElection (LeaderElection.java:askForVotes(321)) - 76461d31-4f4d-43fe-b3e7-bc7be05b2809@group-2989245CBECE-LeaderElection10 PRE_VOTE round 0: submit vote requests at term 0 for -1: peers:[76461d31-4f4d-43fe-b3e7-bc7be05b2809|rpc:10.1.0.36:15049|admin:10.1.0.36:15048|client:10.1.0.36:15047|dataStream:10.1.0.36:15050|priority:1|startupRole:FOLLOWER]|listeners:[], old=null
2023-09-20 15:48:45,939 [76461d31-4f4d-43fe-b3e7-bc7be05b2809@group-E669E3FF1697-LeaderElection9] INFO  impl.LeaderElection (LeaderElection.java:logAndReturn(94)) -   Response 0: 76461d31-4f4d-43fe-b3e7-bc7be05b2809<-b1c70fe4-d692-4fdb-aa26-025ed9a8aa3e#0:FAIL-t0
2023-09-20 15:48:45,939 [76461d31-4f4d-43fe-b3e7-bc7be05b2809@group-E669E3FF1697-LeaderElection9] INFO  impl.LeaderElection (LeaderElection.java:logAndReturn(94)) -   Response 1: 76461d31-4f4d-43fe-b3e7-bc7be05b2809<-d833c6c7-5026-4edd-bbd5-8ccc0ef3852d#0:OK-t0
2023-09-20 15:48:45,939 [b1c70fe4-d692-4fdb-aa26-025ed9a8aa3e@group-E669E3FF1697-FollowerState] INFO  impl.FollowerState (FollowerState.java:run(143)) - b1c70fe4-d692-4fdb-aa26-025ed9a8aa3e@group-E669E3FF1697-FollowerState: change to CANDIDATE, lastRpcElapsedTime:5118512012ns, electionTimeout:5115ms
2023-09-20 15:48:45,939 [76461d31-4f4d-43fe-b3e7-bc7be05b2809@group-E669E3FF1697-LeaderElection9] INFO  impl.LeaderElection (LeaderElection.java:askForVotes(323)) - 76461d31-4f4d-43fe-b3e7-bc7be05b2809@group-E669E3FF1697-LeaderElection9 PRE_VOTE round 0: result REJECTED
2023-09-20 15:48:45,939 [b1c70fe4-d692-4fdb-aa26-025ed9a8aa3e@group-E669E3FF1697-FollowerState] INFO  impl.RoleInfo (RoleInfo.java:shutdownFollowerState(110)) - b1c70fe4-d692-4fdb-aa26-025ed9a8aa3e: shutdown b1c70fe4-d692-4fdb-aa26-025ed9a8aa3e@group-E669E3FF1697-FollowerState
2023-09-20 15:48:45,940 [b1c70fe4-d692-4fdb-aa26-025ed9a8aa3e@group-E669E3FF1697-FollowerState] INFO  server.RaftServer$Division (RaftServerImpl.java:setRole(329)) - b1c70fe4-d692-4fdb-aa26-025ed9a8aa3e@group-E669E3FF1697: changes role from  FOLLOWER to CANDIDATE at term 0 for changeToCandidate
2023-09-20 15:48:45,939 [76461d31-4f4d-43fe-b3e7-bc7be05b2809@group-2989245CBECE-LeaderElection10] INFO  impl.LeaderElection (LeaderElection.java:askForVotes(323)) - 76461d31-4f4d-43fe-b3e7-bc7be05b2809@group-2989245CBECE-LeaderElection10 PRE_VOTE round 0: result PASSED (term=0)
2023-09-20 15:48:45,939 [76461d31-4f4d-43fe-b3e7-bc7be05b2809@group-E669E3FF1697-LeaderElection9] INFO  server.RaftServer$Division (RaftServerImpl.java:setRole(329)) - 76461d31-4f4d-43fe-b3e7-bc7be05b2809@group-E669E3FF1697: changes role from CANDIDATE to FOLLOWER at term 0 for REJECTED
2023-09-20 15:48:45,941 [76461d31-4f4d-43fe-b3e7-bc7be05b2809@group-E669E3FF1697-LeaderElection9] INFO  impl.RoleInfo (RoleInfo.java:shutdownLeaderElection(130)) - 76461d31-4f4d-43fe-b3e7-bc7be05b2809: shutdown 76461d31-4f4d-43fe-b3e7-bc7be05b2809@group-E669E3FF1697-LeaderElection9
2023-09-20 15:48:45,941 [76461d31-4f4d-43fe-b3e7-bc7be05b2809@group-E669E3FF1697-LeaderElection9] INFO  impl.RoleInfo (RoleInfo.java:updateAndGet(139)) - 76461d31-4f4d-43fe-b3e7-bc7be05b2809: start 76461d31-4f4d-43fe-b3e7-bc7be05b2809@group-E669E3FF1697-FollowerState
2023-09-20 15:48:45,942 [b1c70fe4-d692-4fdb-aa26-025ed9a8aa3e@group-E669E3FF1697-FollowerState] INFO  server.RaftServerConfigKeys (ConfUtils.java:logGet(46)) - raft.server.leaderelection.pre-vote = true (default)
2023-09-20 15:48:45,942 [b1c70fe4-d692-4fdb-aa26-025ed9a8aa3e@group-E669E3FF1697-FollowerState] INFO  impl.RoleInfo (RoleInfo.java:updateAndGet(139)) - b1c70fe4-d692-4fdb-aa26-025ed9a8aa3e: start b1c70fe4-d692-4fdb-aa26-025ed9a8aa3e@group-E669E3FF1697-LeaderElection11
2023-09-20 15:48:45,947 [b1c70fe4-d692-4fdb-aa26-025ed9a8aa3e@group-E669E3FF1697-LeaderElection11] INFO  impl.LeaderElection (LeaderElection.java:askForVotes(321)) - b1c70fe4-d692-4fdb-aa26-025ed9a8aa3e@group-E669E3FF1697-LeaderElection11 PRE_VOTE round 0: submit vote requests at term 0 for -1: peers:[76461d31-4f4d-43fe-b3e7-bc7be05b2809|rpc:10.1.0.36:15049|admin:10.1.0.36:15048|client:10.1.0.36:15047|dataStream:10.1.0.36:15050|priority:0|startupRole:FOLLOWER, b1c70fe4-d692-4fdb-aa26-025ed9a8aa3e|rpc:10.1.0.36:15058|admin:10.1.0.36:15057|client:10.1.0.36:15056|dataStream:10.1.0.36:15059|priority:1|startupRole:FOLLOWER, d833c6c7-5026-4edd-bbd5-8ccc0ef3852d|rpc:10.1.0.36:15067|admin:10.1.0.36:15066|client:10.1.0.36:15065|dataStream:10.1.0.36:15068|priority:0|startupRole:FOLLOWER]|listeners:[], old=null
2023-09-20 15:48:45,948 [b1c70fe4-d692-4fdb-aa26-025ed9a8aa3e@group-E669E3FF1697-LeaderElection11] INFO  server.RaftServerConfigKeys (ConfUtils.java:logFallback(53)) - raft.server.rpc.first-election.timeout.min = 5s (fallback to raft.server.rpc.timeout.min)
2023-09-20 15:48:45,948 [b1c70fe4-d692-4fdb-aa26-025ed9a8aa3e@group-E669E3FF1697-LeaderElection11-1] INFO  server.GrpcServerProtocolClient (GrpcServerProtocolClient.java:<init>(65)) - Build channel for 76461d31-4f4d-43fe-b3e7-bc7be05b2809
2023-09-20 15:48:45,950 [76461d31-4f4d-43fe-b3e7-bc7be05b2809@group-2989245CBECE-LeaderElection10] INFO  impl.LeaderElection (LeaderElection.java:askForVotes(321)) - 76461d31-4f4d-43fe-b3e7-bc7be05b2809@group-2989245CBECE-LeaderElection10 ELECTION round 0: submit vote requests at term 1 for -1: peers:[76461d31-4f4d-43fe-b3e7-bc7be05b2809|rpc:10.1.0.36:15049|admin:10.1.0.36:15048|client:10.1.0.36:15047|dataStream:10.1.0.36:15050|priority:1|startupRole:FOLLOWER]|listeners:[], old=null
2023-09-20 15:48:45,951 [76461d31-4f4d-43fe-b3e7-bc7be05b2809@group-2989245CBECE-LeaderElection10] INFO  impl.LeaderElection (LeaderElection.java:askForVotes(323)) - 76461d31-4f4d-43fe-b3e7-bc7be05b2809@group-2989245CBECE-LeaderElection10 ELECTION round 0: result PASSED (term=1)
2023-09-20 15:48:45,951 [76461d31-4f4d-43fe-b3e7-bc7be05b2809@group-2989245CBECE-LeaderElection10] INFO  impl.RoleInfo (RoleInfo.java:shutdownLeaderElection(130)) - 76461d31-4f4d-43fe-b3e7-bc7be05b2809: shutdown 76461d31-4f4d-43fe-b3e7-bc7be05b2809@group-2989245CBECE-LeaderElection10
2023-09-20 15:48:45,951 [76461d31-4f4d-43fe-b3e7-bc7be05b2809@group-2989245CBECE-LeaderElection10] INFO  server.RaftServer$Division (RaftServerImpl.java:setRole(329)) - 76461d31-4f4d-43fe-b3e7-bc7be05b2809@group-2989245CBECE: changes role from CANDIDATE to LEADER at term 1 for changeToLeader
2023-09-20 15:48:45,951 [76461d31-4f4d-43fe-b3e7-bc7be05b2809@group-2989245CBECE-LeaderElection10] INFO  ratis.XceiverServerRatis (XceiverServerRatis.java:handleLeaderChangedNotification(902)) - Leader change notification received for group: group-2989245CBECE with new leaderId: 76461d31-4f4d-43fe-b3e7-bc7be05b2809
2023-09-20 15:48:45,951 [76461d31-4f4d-43fe-b3e7-bc7be05b2809@group-2989245CBECE-LeaderElection10] INFO  server.RaftServer$Division (ServerState.java:setLeader(317)) - 76461d31-4f4d-43fe-b3e7-bc7be05b2809@group-2989245CBECE: change Leader from null to 76461d31-4f4d-43fe-b3e7-bc7be05b2809 at term 1 for becomeLeader, leader elected after 5257ms
2023-09-20 15:48:45,951 [76461d31-4f4d-43fe-b3e7-bc7be05b2809@group-2989245CBECE-LeaderElection10] INFO  server.RaftServerConfigKeys (ConfUtils.java:logGet(46)) - raft.server.staging.catchup.gap = 1000 (default)
2023-09-20 15:48:45,951 [76461d31-4f4d-43fe-b3e7-bc7be05b2809@group-2989245CBECE-LeaderElection10] INFO  server.RaftServerConfigKeys (ConfUtils.java:logGet(46)) - raft.server.write.element-limit = 1024 (custom)
2023-09-20 15:48:45,951 [76461d31-4f4d-43fe-b3e7-bc7be05b2809@group-2989245CBECE-LeaderElection10] INFO  server.RaftServerConfigKeys (ConfUtils.java:logGet(46)) - raft.server.write.byte-limit = 1024 M (=1073741824) (custom)
2023-09-20 15:48:45,952 [76461d31-4f4d-43fe-b3e7-bc7be05b2809@group-2989245CBECE-LeaderElection10] INFO  server.RaftServerConfigKeys (ConfUtils.java:logGet(46)) - raft.server.watch.timeout = 180s (custom)
2023-09-20 15:48:45,952 [76461d31-4f4d-43fe-b3e7-bc7be05b2809@group-2989245CBECE-LeaderElection10] INFO  server.RaftServerConfigKeys (ConfUtils.java:logGet(46)) - raft.server.watch.timeout.denomination = 1s (default)
2023-09-20 15:48:45,952 [76461d31-4f4d-43fe-b3e7-bc7be05b2809@group-2989245CBECE-LeaderElection10] INFO  server.RaftServerConfigKeys (ConfUtils.java:logGet(46)) - raft.server.watch.element-limit = 65536 (default)
2023-09-20 15:48:45,952 [76461d31-4f4d-43fe-b3e7-bc7be05b2809@group-2989245CBECE-LeaderElection10] INFO  server.RaftServerConfigKeys (ConfUtils.java:logGet(46)) - raft.server.write.element-limit = 1024 (custom)
2023-09-20 15:48:45,952 [76461d31-4f4d-43fe-b3e7-bc7be05b2809@group-2989245CBECE-LeaderElection10] INFO  server.RaftServerConfigKeys (ConfUtils.java:logGet(46)) - raft.server.write.follower.gap.ratio.max = -1.0 (default)
2023-09-20 15:48:45,952 [76461d31-4f4d-43fe-b3e7-bc7be05b2809@group-2989245CBECE-LeaderElection10] INFO  impl.RoleInfo (RoleInfo.java:updateAndGet(139)) - 76461d31-4f4d-43fe-b3e7-bc7be05b2809: start 76461d31-4f4d-43fe-b3e7-bc7be05b2809@group-2989245CBECE-LeaderStateImpl
2023-09-20 15:48:45,952 [76461d31-4f4d-43fe-b3e7-bc7be05b2809@group-2989245CBECE-LeaderElection10] INFO  segmented.SegmentedRaftLogWorker (SegmentedRaftLogWorker.java:startLogSegment(447)) - 76461d31-4f4d-43fe-b3e7-bc7be05b2809@group-2989245CBECE-SegmentedRaftLogWorker: Starting segment from index:0
2023-09-20 15:48:45,955 [76461d31-4f4d-43fe-b3e7-bc7be05b2809@group-2989245CBECE-SegmentedRaftLogWorker] INFO  segmented.SegmentedRaftLogWorker (SegmentedRaftLogWorker.java:execute(651)) - 76461d31-4f4d-43fe-b3e7-bc7be05b2809@group-2989245CBECE-SegmentedRaftLogWorker: created new log segment /home/runner/work/ozone/ozone/hadoop-ozone/integration-test/target/test-dir/MiniOzoneClusterImpl-38a365bd-16d9-45d9-a84a-b01271e6c83a/datanode-0/data/ratis/f1b48fd3-1a66-4ff4-91e8-2989245cbece/current/log_inprogress_0
2023-09-20 15:48:45,956 [EventQueue-OpenPipelineForHealthyPipelineSafeModeRule] INFO  safemode.SCMSafeModeManager (HealthyPipelineSafeModeRule.java:process(137)) - SCM in safe mode. Healthy pipelines reported count is 0, required healthy pipeline reported count is 1
2023-09-20 15:48:45,948 [b1c70fe4-d692-4fdb-aa26-025ed9a8aa3e@group-E669E3FF1697-LeaderElection11] INFO  server.RaftServerConfigKeys (ConfUtils.java:logFallback(53)) - raft.server.rpc.first-election.timeout.max = 5200ms (fallback to raft.server.rpc.timeout.max)
2023-09-20 15:48:45,966 [76461d31-4f4d-43fe-b3e7-bc7be05b2809@group-2989245CBECE-LeaderElection10] INFO  server.RaftServer$Division (ServerState.java:setRaftConf(434)) - 76461d31-4f4d-43fe-b3e7-bc7be05b2809@group-2989245CBECE: set configuration 0: peers:[76461d31-4f4d-43fe-b3e7-bc7be05b2809|rpc:10.1.0.36:15049|admin:10.1.0.36:15048|client:10.1.0.36:15047|dataStream:10.1.0.36:15050|priority:1|startupRole:FOLLOWER]|listeners:[], old=null
2023-09-20 15:48:45,966 [76461d31-4f4d-43fe-b3e7-bc7be05b2809@group-8A3B1EC5611F-FollowerState] INFO  impl.FollowerState (FollowerState.java:run(143)) - 76461d31-4f4d-43fe-b3e7-bc7be05b2809@group-8A3B1EC5611F-FollowerState: change to CANDIDATE, lastRpcElapsedTime:5025136161ns, electionTimeout:5019ms
2023-09-20 15:48:45,967 [76461d31-4f4d-43fe-b3e7-bc7be05b2809@group-8A3B1EC5611F-FollowerState] INFO  impl.RoleInfo (RoleInfo.java:shutdownFollowerState(110)) - 76461d31-4f4d-43fe-b3e7-bc7be05b2809: shutdown 76461d31-4f4d-43fe-b3e7-bc7be05b2809@group-8A3B1EC5611F-FollowerState
2023-09-20 15:48:45,967 [76461d31-4f4d-43fe-b3e7-bc7be05b2809@group-8A3B1EC5611F-FollowerState] INFO  server.RaftServer$Division (RaftServerImpl.java:setRole(329)) - 76461d31-4f4d-43fe-b3e7-bc7be05b2809@group-8A3B1EC5611F: changes role from  FOLLOWER to CANDIDATE at term 0 for changeToCandidate
2023-09-20 15:48:45,970 [76461d31-4f4d-43fe-b3e7-bc7be05b2809@group-8A3B1EC5611F-FollowerState] INFO  server.RaftServerConfigKeys (ConfUtils.java:logGet(46)) - raft.server.leaderelection.pre-vote = true (default)
2023-09-20 15:48:45,970 [grpc-default-executor-1] INFO  server.RaftServer$Division (RaftServerImpl.java:requestVote(1302)) - 76461d31-4f4d-43fe-b3e7-bc7be05b2809@group-E669E3FF1697: receive requestVote(PRE_VOTE, b1c70fe4-d692-4fdb-aa26-025ed9a8aa3e, group-E669E3FF1697, 0, (t:0, i:0))
2023-09-20 15:48:45,970 [grpc-default-executor-1] INFO  impl.VoteContext (VoteContext.java:log(49)) - 76461d31-4f4d-43fe-b3e7-bc7be05b2809@group-E669E3FF1697-FOLLOWER: accept PRE_VOTE from b1c70fe4-d692-4fdb-aa26-025ed9a8aa3e: our priority 0 <= candidate's priority 1
2023-09-20 15:48:45,970 [grpc-default-executor-1] INFO  server.RaftServer$Division (RaftServerImpl.java:requestVote(1335)) - 76461d31-4f4d-43fe-b3e7-bc7be05b2809@group-E669E3FF1697 replies to PRE_VOTE vote request: b1c70fe4-d692-4fdb-aa26-025ed9a8aa3e<-76461d31-4f4d-43fe-b3e7-bc7be05b2809#0:OK-t0. Peer's state: 76461d31-4f4d-43fe-b3e7-bc7be05b2809@group-E669E3FF1697:t0, leader=null, voted=, raftlog=Memoized:76461d31-4f4d-43fe-b3e7-bc7be05b2809@group-E669E3FF1697-SegmentedRaftLog:OPENED:c-1, conf=-1: peers:[76461d31-4f4d-43fe-b3e7-bc7be05b2809|rpc:10.1.0.36:15049|admin:10.1.0.36:15048|client:10.1.0.36:15047|dataStream:10.1.0.36:15050|priority:0|startupRole:FOLLOWER, b1c70fe4-d692-4fdb-aa26-025ed9a8aa3e|rpc:10.1.0.36:15058|admin:10.1.0.36:15057|client:10.1.0.36:15056|dataStream:10.1.0.36:15059|priority:1|startupRole:FOLLOWER, d833c6c7-5026-4edd-bbd5-8ccc0ef3852d|rpc:10.1.0.36:15067|admin:10.1.0.36:15066|client:10.1.0.36:15065|dataStream:10.1.0.36:15068|priority:0|startupRole:FOLLOWER]|listeners:[], old=null
2023-09-20 15:48:45,970 [76461d31-4f4d-43fe-b3e7-bc7be05b2809@group-8A3B1EC5611F-FollowerState] INFO  impl.RoleInfo (RoleInfo.java:updateAndGet(139)) - 76461d31-4f4d-43fe-b3e7-bc7be05b2809: start 76461d31-4f4d-43fe-b3e7-bc7be05b2809@group-8A3B1EC5611F-LeaderElection12
2023-09-20 15:48:45,970 [b1c70fe4-d692-4fdb-aa26-025ed9a8aa3e@group-E669E3FF1697-LeaderElection11-2] INFO  server.GrpcServerProtocolClient (GrpcServerProtocolClient.java:<init>(65)) - Build channel for d833c6c7-5026-4edd-bbd5-8ccc0ef3852d
2023-09-20 15:48:45,981 [b1c70fe4-d692-4fdb-aa26-025ed9a8aa3e@group-E669E3FF1697-LeaderElection11] INFO  impl.LeaderElection (LeaderElection.java:logAndReturn(90)) - b1c70fe4-d692-4fdb-aa26-025ed9a8aa3e@group-E669E3FF1697-LeaderElection11: PRE_VOTE PASSED received 1 response(s) and 0 exception(s):
2023-09-20 15:48:45,981 [b1c70fe4-d692-4fdb-aa26-025ed9a8aa3e@group-E669E3FF1697-LeaderElection11] INFO  impl.LeaderElection (LeaderElection.java:logAndReturn(94)) -   Response 0: b1c70fe4-d692-4fdb-aa26-025ed9a8aa3e<-76461d31-4f4d-43fe-b3e7-bc7be05b2809#0:OK-t0
2023-09-20 15:48:45,981 [b1c70fe4-d692-4fdb-aa26-025ed9a8aa3e@group-E669E3FF1697-LeaderElection11] INFO  impl.LeaderElection (LeaderElection.java:askForVotes(323)) - b1c70fe4-d692-4fdb-aa26-025ed9a8aa3e@group-E669E3FF1697-LeaderElection11 PRE_VOTE round 0: result PASSED
2023-09-20 15:48:45,984 [76461d31-4f4d-43fe-b3e7-bc7be05b2809@group-8A3B1EC5611F-LeaderElection12] INFO  impl.LeaderElection (LeaderElection.java:askForVotes(321)) - 76461d31-4f4d-43fe-b3e7-bc7be05b2809@group-8A3B1EC5611F-LeaderElection12 PRE_VOTE round 0: submit vote requests at term 0 for -1: peers:[76461d31-4f4d-43fe-b3e7-bc7be05b2809|rpc:10.1.0.36:15049|admin:10.1.0.36:15048|client:10.1.0.36:15047|dataStream:10.1.0.36:15050|priority:0|startupRole:FOLLOWER, b1c70fe4-d692-4fdb-aa26-025ed9a8aa3e|rpc:10.1.0.36:15058|admin:10.1.0.36:15057|client:10.1.0.36:15056|dataStream:10.1.0.36:15059|priority:0|startupRole:FOLLOWER, d833c6c7-5026-4edd-bbd5-8ccc0ef3852d|rpc:10.1.0.36:15067|admin:10.1.0.36:15066|client:10.1.0.36:15065|dataStream:10.1.0.36:15068|priority:1|startupRole:FOLLOWER]|listeners:[], old=null
2023-09-20 15:48:45,985 [b1c70fe4-d692-4fdb-aa26-025ed9a8aa3e@group-E669E3FF1697-LeaderElection11] INFO  impl.LeaderElection (LeaderElection.java:askForVotes(321)) - b1c70fe4-d692-4fdb-aa26-025ed9a8aa3e@group-E669E3FF1697-LeaderElection11 ELECTION round 0: submit vote requests at term 1 for -1: peers:[76461d31-4f4d-43fe-b3e7-bc7be05b2809|rpc:10.1.0.36:15049|admin:10.1.0.36:15048|client:10.1.0.36:15047|dataStream:10.1.0.36:15050|priority:0|startupRole:FOLLOWER, b1c70fe4-d692-4fdb-aa26-025ed9a8aa3e|rpc:10.1.0.36:15058|admin:10.1.0.36:15057|client:10.1.0.36:15056|dataStream:10.1.0.36:15059|priority:1|startupRole:FOLLOWER, d833c6c7-5026-4edd-bbd5-8ccc0ef3852d|rpc:10.1.0.36:15067|admin:10.1.0.36:15066|client:10.1.0.36:15065|dataStream:10.1.0.36:15068|priority:0|startupRole:FOLLOWER]|listeners:[], old=null
2023-09-20 15:48:45,986 [76461d31-4f4d-43fe-b3e7-bc7be05b2809@group-8A3B1EC5611F-LeaderElection12] INFO  server.RaftServerConfigKeys (ConfUtils.java:logFallback(53)) - raft.server.rpc.first-election.timeout.min = 5s (fallback to raft.server.rpc.timeout.min)
2023-09-20 15:48:45,986 [76461d31-4f4d-43fe-b3e7-bc7be05b2809@group-8A3B1EC5611F-LeaderElection12] INFO  server.RaftServerConfigKeys (ConfUtils.java:logFallback(53)) - raft.server.rpc.first-election.timeout.max = 5200ms (fallback to raft.server.rpc.timeout.max)
2023-09-20 15:48:45,997 [b1c70fe4-d692-4fdb-aa26-025ed9a8aa3e@group-E669E3FF1697-LeaderElection11] INFO  server.RaftServerConfigKeys (ConfUtils.java:logFallback(53)) - raft.server.rpc.first-election.timeout.min = 5s (fallback to raft.server.rpc.timeout.min)
2023-09-20 15:48:45,997 [b1c70fe4-d692-4fdb-aa26-025ed9a8aa3e@group-E669E3FF1697-LeaderElection11] INFO  server.RaftServerConfigKeys (ConfUtils.java:logFallback(53)) - raft.server.rpc.first-election.timeout.max = 5200ms (fallback to raft.server.rpc.timeout.max)
2023-09-20 15:48:45,998 [grpc-default-executor-1] INFO  server.RaftServer$Division (RaftServerImpl.java:requestVote(1302)) - b1c70fe4-d692-4fdb-aa26-025ed9a8aa3e@group-8A3B1EC5611F: receive requestVote(PRE_VOTE, 76461d31-4f4d-43fe-b3e7-bc7be05b2809, group-8A3B1EC5611F, 0, (t:0, i:0))
2023-09-20 15:48:45,998 [grpc-default-executor-1] INFO  impl.VoteContext (VoteContext.java:log(49)) - b1c70fe4-d692-4fdb-aa26-025ed9a8aa3e@group-8A3B1EC5611F-FOLLOWER: accept PRE_VOTE from 76461d31-4f4d-43fe-b3e7-bc7be05b2809: our priority 0 <= candidate's priority 0
2023-09-20 15:48:45,999 [grpc-default-executor-1] INFO  server.RaftServer$Division (RaftServerImpl.java:requestVote(1335)) - b1c70fe4-d692-4fdb-aa26-025ed9a8aa3e@group-8A3B1EC5611F replies to PRE_VOTE vote request: 76461d31-4f4d-43fe-b3e7-bc7be05b2809<-b1c70fe4-d692-4fdb-aa26-025ed9a8aa3e#0:OK-t0. Peer's state: b1c70fe4-d692-4fdb-aa26-025ed9a8aa3e@group-8A3B1EC5611F:t0, leader=null, voted=, raftlog=Memoized:b1c70fe4-d692-4fdb-aa26-025ed9a8aa3e@group-8A3B1EC5611F-SegmentedRaftLog:OPENED:c-1, conf=-1: peers:[76461d31-4f4d-43fe-b3e7-bc7be05b2809|rpc:10.1.0.36:15049|admin:10.1.0.36:15048|client:10.1.0.36:15047|dataStream:10.1.0.36:15050|priority:0|startupRole:FOLLOWER, b1c70fe4-d692-4fdb-aa26-025ed9a8aa3e|rpc:10.1.0.36:15058|admin:10.1.0.36:15057|client:10.1.0.36:15056|dataStream:10.1.0.36:15059|priority:0|startupRole:FOLLOWER, d833c6c7-5026-4edd-bbd5-8ccc0ef3852d|rpc:10.1.0.36:15067|admin:10.1.0.36:15066|client:10.1.0.36:15065|dataStream:10.1.0.36:15068|priority:1|startupRole:FOLLOWER]|listeners:[], old=null
2023-09-20 15:48:45,999 [grpc-default-executor-0] INFO  server.RaftServer$Division (RaftServerImpl.java:requestVote(1302)) - d833c6c7-5026-4edd-bbd5-8ccc0ef3852d@group-8A3B1EC5611F: receive requestVote(PRE_VOTE, 76461d31-4f4d-43fe-b3e7-bc7be05b2809, group-8A3B1EC5611F, 0, (t:0, i:0))
2023-09-20 15:48:45,999 [grpc-default-executor-0] INFO  impl.VoteContext (VoteContext.java:log(49)) - d833c6c7-5026-4edd-bbd5-8ccc0ef3852d@group-8A3B1EC5611F-FOLLOWER: reject PRE_VOTE from 76461d31-4f4d-43fe-b3e7-bc7be05b2809: our priority 1 > candidate's priority 0
2023-09-20 15:48:45,999 [grpc-default-executor-0] INFO  server.RaftServer$Division (RaftServerImpl.java:requestVote(1335)) - d833c6c7-5026-4edd-bbd5-8ccc0ef3852d@group-8A3B1EC5611F replies to PRE_VOTE vote request: 76461d31-4f4d-43fe-b3e7-bc7be05b2809<-d833c6c7-5026-4edd-bbd5-8ccc0ef3852d#0:FAIL-t0. Peer's state: d833c6c7-5026-4edd-bbd5-8ccc0ef3852d@group-8A3B1EC5611F:t0, leader=null, voted=, raftlog=Memoized:d833c6c7-5026-4edd-bbd5-8ccc0ef3852d@group-8A3B1EC5611F-SegmentedRaftLog:OPENED:c-1, conf=-1: peers:[76461d31-4f4d-43fe-b3e7-bc7be05b2809|rpc:10.1.0.36:15049|admin:10.1.0.36:15048|client:10.1.0.36:15047|dataStream:10.1.0.36:15050|priority:0|startupRole:FOLLOWER, b1c70fe4-d692-4fdb-aa26-025ed9a8aa3e|rpc:10.1.0.36:15058|admin:10.1.0.36:15057|client:10.1.0.36:15056|dataStream:10.1.0.36:15059|priority:0|startupRole:FOLLOWER, d833c6c7-5026-4edd-bbd5-8ccc0ef3852d|rpc:10.1.0.36:15067|admin:10.1.0.36:15066|client:10.1.0.36:15065|dataStream:10.1.0.36:15068|priority:1|startupRole:FOLLOWER]|listeners:[], old=null
2023-09-20 15:48:46,002 [76461d31-4f4d-43fe-b3e7-bc7be05b2809@group-8A3B1EC5611F-LeaderElection12] INFO  impl.LeaderElection (LeaderElection.java:logAndReturn(90)) - 76461d31-4f4d-43fe-b3e7-bc7be05b2809@group-8A3B1EC5611F-LeaderElection12: PRE_VOTE REJECTED received 2 response(s) and 0 exception(s):
2023-09-20 15:48:46,002 [76461d31-4f4d-43fe-b3e7-bc7be05b2809@group-8A3B1EC5611F-LeaderElection12] INFO  impl.LeaderElection (LeaderElection.java:logAndReturn(94)) -   Response 0: 76461d31-4f4d-43fe-b3e7-bc7be05b2809<-b1c70fe4-d692-4fdb-aa26-025ed9a8aa3e#0:OK-t0
2023-09-20 15:48:46,002 [76461d31-4f4d-43fe-b3e7-bc7be05b2809@group-8A3B1EC5611F-LeaderElection12] INFO  impl.LeaderElection (LeaderElection.java:logAndReturn(94)) -   Response 1: 76461d31-4f4d-43fe-b3e7-bc7be05b2809<-d833c6c7-5026-4edd-bbd5-8ccc0ef3852d#0:FAIL-t0
2023-09-20 15:48:46,002 [76461d31-4f4d-43fe-b3e7-bc7be05b2809@group-8A3B1EC5611F-LeaderElection12] INFO  impl.LeaderElection (LeaderElection.java:askForVotes(323)) - 76461d31-4f4d-43fe-b3e7-bc7be05b2809@group-8A3B1EC5611F-LeaderElection12 PRE_VOTE round 0: result REJECTED
2023-09-20 15:48:46,002 [76461d31-4f4d-43fe-b3e7-bc7be05b2809@group-8A3B1EC5611F-LeaderElection12] INFO  server.RaftServer$Division (RaftServerImpl.java:setRole(329)) - 76461d31-4f4d-43fe-b3e7-bc7be05b2809@group-8A3B1EC5611F: changes role from CANDIDATE to FOLLOWER at term 0 for REJECTED
2023-09-20 15:48:46,002 [76461d31-4f4d-43fe-b3e7-bc7be05b2809@group-8A3B1EC5611F-LeaderElection12] INFO  impl.RoleInfo (RoleInfo.java:shutdownLeaderElection(130)) - 76461d31-4f4d-43fe-b3e7-bc7be05b2809: shutdown 76461d31-4f4d-43fe-b3e7-bc7be05b2809@group-8A3B1EC5611F-LeaderElection12
2023-09-20 15:48:46,002 [76461d31-4f4d-43fe-b3e7-bc7be05b2809@group-8A3B1EC5611F-LeaderElection12] INFO  impl.RoleInfo (RoleInfo.java:updateAndGet(139)) - 76461d31-4f4d-43fe-b3e7-bc7be05b2809: start 76461d31-4f4d-43fe-b3e7-bc7be05b2809@group-8A3B1EC5611F-FollowerState
2023-09-20 15:48:46,014 [grpc-default-executor-0] INFO  server.RaftServer$Division (RaftServerImpl.java:requestVote(1302)) - d833c6c7-5026-4edd-bbd5-8ccc0ef3852d@group-E669E3FF1697: receive requestVote(PRE_VOTE, b1c70fe4-d692-4fdb-aa26-025ed9a8aa3e, group-E669E3FF1697, 0, (t:0, i:0))
2023-09-20 15:48:46,015 [grpc-default-executor-2] INFO  server.RaftServer$Division (RaftServerImpl.java:requestVote(1302)) - 76461d31-4f4d-43fe-b3e7-bc7be05b2809@group-E669E3FF1697: receive requestVote(ELECTION, b1c70fe4-d692-4fdb-aa26-025ed9a8aa3e, group-E669E3FF1697, 1, (t:0, i:0))
2023-09-20 15:48:46,015 [grpc-default-executor-2] INFO  impl.VoteContext (VoteContext.java:log(49)) - 76461d31-4f4d-43fe-b3e7-bc7be05b2809@group-E669E3FF1697-FOLLOWER: accept ELECTION from b1c70fe4-d692-4fdb-aa26-025ed9a8aa3e: our priority 0 <= candidate's priority 1
2023-09-20 15:48:46,015 [grpc-default-executor-2] INFO  server.RaftServer$Division (RaftServerImpl.java:setRole(329)) - 76461d31-4f4d-43fe-b3e7-bc7be05b2809@group-E669E3FF1697: changes role from  FOLLOWER to FOLLOWER at term 1 for candidate:b1c70fe4-d692-4fdb-aa26-025ed9a8aa3e
2023-09-20 15:48:46,015 [grpc-default-executor-2] INFO  impl.RoleInfo (RoleInfo.java:shutdownFollowerState(110)) - 76461d31-4f4d-43fe-b3e7-bc7be05b2809: shutdown 76461d31-4f4d-43fe-b3e7-bc7be05b2809@group-E669E3FF1697-FollowerState
2023-09-20 15:48:46,015 [grpc-default-executor-2] INFO  impl.RoleInfo (RoleInfo.java:updateAndGet(139)) - 76461d31-4f4d-43fe-b3e7-bc7be05b2809: start 76461d31-4f4d-43fe-b3e7-bc7be05b2809@group-E669E3FF1697-FollowerState
2023-09-20 15:48:46,016 [76461d31-4f4d-43fe-b3e7-bc7be05b2809@group-E669E3FF1697-FollowerState] INFO  impl.FollowerState (FollowerState.java:run(152)) - 76461d31-4f4d-43fe-b3e7-bc7be05b2809@group-E669E3FF1697-FollowerState was interrupted
2023-09-20 15:48:46,019 [grpc-default-executor-2] INFO  server.RaftServer$Division (RaftServerImpl.java:requestVote(1335)) - 76461d31-4f4d-43fe-b3e7-bc7be05b2809@group-E669E3FF1697 replies to ELECTION vote request: b1c70fe4-d692-4fdb-aa26-025ed9a8aa3e<-76461d31-4f4d-43fe-b3e7-bc7be05b2809#0:OK-t1. Peer's state: 76461d31-4f4d-43fe-b3e7-bc7be05b2809@group-E669E3FF1697:t1, leader=null, voted=b1c70fe4-d692-4fdb-aa26-025ed9a8aa3e, raftlog=Memoized:76461d31-4f4d-43fe-b3e7-bc7be05b2809@group-E669E3FF1697-SegmentedRaftLog:OPENED:c-1, conf=-1: peers:[76461d31-4f4d-43fe-b3e7-bc7be05b2809|rpc:10.1.0.36:15049|admin:10.1.0.36:15048|client:10.1.0.36:15047|dataStream:10.1.0.36:15050|priority:0|startupRole:FOLLOWER, b1c70fe4-d692-4fdb-aa26-025ed9a8aa3e|rpc:10.1.0.36:15058|admin:10.1.0.36:15057|client:10.1.0.36:15056|dataStream:10.1.0.36:15059|priority:1|startupRole:FOLLOWER, d833c6c7-5026-4edd-bbd5-8ccc0ef3852d|rpc:10.1.0.36:15067|admin:10.1.0.36:15066|client:10.1.0.36:15065|dataStream:10.1.0.36:15068|priority:0|startupRole:FOLLOWER]|listeners:[], old=null
2023-09-20 15:48:46,020 [b1c70fe4-d692-4fdb-aa26-025ed9a8aa3e@group-E669E3FF1697-LeaderElection11] INFO  impl.LeaderElection (LeaderElection.java:logAndReturn(90)) - b1c70fe4-d692-4fdb-aa26-025ed9a8aa3e@group-E669E3FF1697-LeaderElection11: ELECTION PASSED received 1 response(s) and 0 exception(s):
2023-09-20 15:48:46,020 [b1c70fe4-d692-4fdb-aa26-025ed9a8aa3e@group-E669E3FF1697-LeaderElection11] INFO  impl.LeaderElection (LeaderElection.java:logAndReturn(94)) -   Response 0: b1c70fe4-d692-4fdb-aa26-025ed9a8aa3e<-76461d31-4f4d-43fe-b3e7-bc7be05b2809#0:OK-t1
2023-09-20 15:48:46,020 [b1c70fe4-d692-4fdb-aa26-025ed9a8aa3e@group-E669E3FF1697-LeaderElection11] INFO  impl.LeaderElection (LeaderElection.java:askForVotes(323)) - b1c70fe4-d692-4fdb-aa26-025ed9a8aa3e@group-E669E3FF1697-LeaderElection11 ELECTION round 0: result PASSED
2023-09-20 15:48:46,020 [b1c70fe4-d692-4fdb-aa26-025ed9a8aa3e@group-E669E3FF1697-LeaderElection11] INFO  impl.RoleInfo (RoleInfo.java:shutdownLeaderElection(130)) - b1c70fe4-d692-4fdb-aa26-025ed9a8aa3e: shutdown b1c70fe4-d692-4fdb-aa26-025ed9a8aa3e@group-E669E3FF1697-LeaderElection11
2023-09-20 15:48:46,020 [b1c70fe4-d692-4fdb-aa26-025ed9a8aa3e@group-E669E3FF1697-LeaderElection11] INFO  server.RaftServer$Division (RaftServerImpl.java:setRole(329)) - b1c70fe4-d692-4fdb-aa26-025ed9a8aa3e@group-E669E3FF1697: changes role from CANDIDATE to LEADER at term 1 for changeToLeader
2023-09-20 15:48:46,020 [b1c70fe4-d692-4fdb-aa26-025ed9a8aa3e@group-E669E3FF1697-LeaderElection11] INFO  ratis.XceiverServerRatis (XceiverServerRatis.java:handleLeaderChangedNotification(902)) - Leader change notification received for group: group-E669E3FF1697 with new leaderId: b1c70fe4-d692-4fdb-aa26-025ed9a8aa3e
2023-09-20 15:48:46,021 [b1c70fe4-d692-4fdb-aa26-025ed9a8aa3e@group-E669E3FF1697-LeaderElection11] INFO  server.RaftServer$Division (ServerState.java:setLeader(317)) - b1c70fe4-d692-4fdb-aa26-025ed9a8aa3e@group-E669E3FF1697: change Leader from null to b1c70fe4-d692-4fdb-aa26-025ed9a8aa3e at term 1 for becomeLeader, leader elected after 5233ms
2023-09-20 15:48:46,021 [b1c70fe4-d692-4fdb-aa26-025ed9a8aa3e@group-E669E3FF1697-LeaderElection11] INFO  server.RaftServerConfigKeys (ConfUtils.java:logGet(46)) - raft.server.staging.catchup.gap = 1000 (default)
2023-09-20 15:48:46,021 [b1c70fe4-d692-4fdb-aa26-025ed9a8aa3e@group-E669E3FF1697-LeaderElection11] INFO  server.RaftServerConfigKeys (ConfUtils.java:logGet(46)) - raft.server.write.element-limit = 1024 (custom)
2023-09-20 15:48:46,021 [grpc-default-executor-0] INFO  impl.VoteContext (VoteContext.java:log(49)) - d833c6c7-5026-4edd-bbd5-8ccc0ef3852d@group-E669E3FF1697-FOLLOWER: accept PRE_VOTE from b1c70fe4-d692-4fdb-aa26-025ed9a8aa3e: our priority 0 <= candidate's priority 1
2023-09-20 15:48:46,021 [grpc-default-executor-0] INFO  server.RaftServer$Division (RaftServerImpl.java:requestVote(1335)) - d833c6c7-5026-4edd-bbd5-8ccc0ef3852d@group-E669E3FF1697 replies to PRE_VOTE vote request: b1c70fe4-d692-4fdb-aa26-025ed9a8aa3e<-d833c6c7-5026-4edd-bbd5-8ccc0ef3852d#0:OK-t0. Peer's state: d833c6c7-5026-4edd-bbd5-8ccc0ef3852d@group-E669E3FF1697:t0, leader=null, voted=, raftlog=Memoized:d833c6c7-5026-4edd-bbd5-8ccc0ef3852d@group-E669E3FF1697-SegmentedRaftLog:OPENED:c-1, conf=-1: peers:[76461d31-4f4d-43fe-b3e7-bc7be05b2809|rpc:10.1.0.36:15049|admin:10.1.0.36:15048|client:10.1.0.36:15047|dataStream:10.1.0.36:15050|priority:0|startupRole:FOLLOWER, b1c70fe4-d692-4fdb-aa26-025ed9a8aa3e|rpc:10.1.0.36:15058|admin:10.1.0.36:15057|client:10.1.0.36:15056|dataStream:10.1.0.36:15059|priority:1|startupRole:FOLLOWER, d833c6c7-5026-4edd-bbd5-8ccc0ef3852d|rpc:10.1.0.36:15067|admin:10.1.0.36:15066|client:10.1.0.36:15065|dataStream:10.1.0.36:15068|priority:0|startupRole:FOLLOWER]|listeners:[], old=null
2023-09-20 15:48:46,022 [grpc-default-executor-1] INFO  server.RaftServer$Division (RaftServerImpl.java:requestVote(1302)) - d833c6c7-5026-4edd-bbd5-8ccc0ef3852d@group-E669E3FF1697: receive requestVote(ELECTION, b1c70fe4-d692-4fdb-aa26-025ed9a8aa3e, group-E669E3FF1697, 1, (t:0, i:0))
2023-09-20 15:48:46,022 [grpc-default-executor-1] INFO  impl.VoteContext (VoteContext.java:log(49)) - d833c6c7-5026-4edd-bbd5-8ccc0ef3852d@group-E669E3FF1697-FOLLOWER: accept ELECTION from b1c70fe4-d692-4fdb-aa26-025ed9a8aa3e: our priority 0 <= candidate's priority 1
2023-09-20 15:48:46,022 [grpc-default-executor-1] INFO  server.RaftServer$Division (RaftServerImpl.java:setRole(329)) - d833c6c7-5026-4edd-bbd5-8ccc0ef3852d@group-E669E3FF1697: changes role from  FOLLOWER to FOLLOWER at term 1 for candidate:b1c70fe4-d692-4fdb-aa26-025ed9a8aa3e
2023-09-20 15:48:46,022 [grpc-default-executor-1] INFO  impl.RoleInfo (RoleInfo.java:shutdownFollowerState(110)) - d833c6c7-5026-4edd-bbd5-8ccc0ef3852d: shutdown d833c6c7-5026-4edd-bbd5-8ccc0ef3852d@group-E669E3FF1697-FollowerState
2023-09-20 15:48:46,022 [b1c70fe4-d692-4fdb-aa26-025ed9a8aa3e@group-E669E3FF1697-LeaderElection11] INFO  server.RaftServerConfigKeys (ConfUtils.java:logGet(46)) - raft.server.write.byte-limit = 1024 M (=1073741824) (custom)
2023-09-20 15:48:46,023 [b1c70fe4-d692-4fdb-aa26-025ed9a8aa3e@group-E669E3FF1697-LeaderElection11] INFO  server.RaftServerConfigKeys (ConfUtils.java:logGet(46)) - raft.server.watch.timeout = 180s (custom)
2023-09-20 15:48:46,023 [b1c70fe4-d692-4fdb-aa26-025ed9a8aa3e@group-E669E3FF1697-LeaderElection11] INFO  server.RaftServerConfigKeys (ConfUtils.java:logGet(46)) - raft.server.watch.timeout.denomination = 1s (default)
2023-09-20 15:48:46,023 [b1c70fe4-d692-4fdb-aa26-025ed9a8aa3e@group-E669E3FF1697-LeaderElection11] INFO  server.RaftServerConfigKeys (ConfUtils.java:logGet(46)) - raft.server.watch.element-limit = 65536 (default)
2023-09-20 15:48:46,023 [b1c70fe4-d692-4fdb-aa26-025ed9a8aa3e@group-E669E3FF1697-LeaderElection11] INFO  server.RaftServerConfigKeys (ConfUtils.java:logGet(46)) - raft.server.write.element-limit = 1024 (custom)
2023-09-20 15:48:46,023 [b1c70fe4-d692-4fdb-aa26-025ed9a8aa3e@group-E669E3FF1697-LeaderElection11] INFO  server.RaftServerConfigKeys (ConfUtils.java:logGet(46)) - raft.server.write.follower.gap.ratio.max = -1.0 (default)
2023-09-20 15:48:46,023 [EventQueue-PipelineReportForPipelineReportHandler] INFO  pipeline.PipelineReportHandler (PipelineReportHandler.java:processPipelineReport(136)) - Opened pipeline PipelineID=64f4d689-c54f-42ac-b618-e669e3ff1697
2023-09-20 15:48:46,023 [d833c6c7-5026-4edd-bbd5-8ccc0ef3852d@group-E669E3FF1697-FollowerState] INFO  impl.FollowerState (FollowerState.java:run(152)) - d833c6c7-5026-4edd-bbd5-8ccc0ef3852d@group-E669E3FF1697-FollowerState was interrupted
2023-09-20 15:48:46,023 [EventQueue-OpenPipelineForHealthyPipelineSafeModeRule] INFO  safemode.SCMSafeModeManager (HealthyPipelineSafeModeRule.java:process(137)) - SCM in safe mode. Healthy pipelines reported count is 1, required healthy pipeline reported count is 1
2023-09-20 15:48:46,024 [EventQueue-OpenPipelineForHealthyPipelineSafeModeRule] INFO  safemode.SCMSafeModeManager (SCMSafeModeManager.java:validateSafeModeExitRules(200)) - HealthyPipelineSafeModeRule rule is successfully validated
2023-09-20 15:48:46,024 [EventQueue-OpenPipelineForHealthyPipelineSafeModeRule] INFO  safemode.SCMSafeModeManager (SCMSafeModeManager.java:validateSafeModeExitRules(215)) - ScmSafeModeManager, all rules are successfully validated
2023-09-20 15:48:46,023 [b1c70fe4-d692-4fdb-aa26-025ed9a8aa3e@group-E669E3FF1697-LeaderElection11] INFO  server.RaftServerConfigKeys (ConfUtils.java:logGet(46)) - raft.server.log.appender.snapshot.chunk.size.max = 16MB (=16777216) (default)
2023-09-20 15:48:46,024 [EventQueue-OpenPipelineForHealthyPipelineSafeModeRule] INFO  safemode.SCMSafeModeManager (SCMSafeModeManager.java:exitSafeMode(244)) - SCM exiting safe mode.
2023-09-20 15:48:46,024 [b1c70fe4-d692-4fdb-aa26-025ed9a8aa3e@group-E669E3FF1697-LeaderElection11] INFO  server.RaftServerConfigKeys (ConfUtils.java:logGet(46)) - raft.server.log.appender.buffer.byte-limit = 33554432 (custom)
2023-09-20 15:48:46,024 [b1c70fe4-d692-4fdb-aa26-025ed9a8aa3e@group-E669E3FF1697-LeaderElection11] INFO  server.RaftServerConfigKeys (ConfUtils.java:logGet(46)) - raft.server.log.appender.buffer.element-limit = 1 (custom)
2023-09-20 15:48:46,025 [b1c70fe4-d692-4fdb-aa26-025ed9a8aa3e@group-E669E3FF1697-LeaderElection11] INFO  server.RaftServerConfigKeys (ConfUtils.java:logGet(46)) - raft.server.log.appender.wait-time.min = 10ms (default)
2023-09-20 15:48:46,024 [EventQueue-OpenPipelineForHealthyPipelineSafeModeRule] INFO  ha.SCMContext (SCMContext.java:updateSafeModeStatus(228)) - Update SafeModeStatus from SafeModeStatus{safeModeStatus=true, preCheckPassed=true} to SafeModeStatus{safeModeStatus=false, preCheckPassed=true}.
2023-09-20 15:48:46,025 [b1c70fe4-d692-4fdb-aa26-025ed9a8aa3e@group-E669E3FF1697-LeaderElection11] INFO  grpc.GrpcConfigKeys (ConfUtils.java:logGet(46)) - raft.grpc.server.leader.outstanding.appends.max = 128 (default)
2023-09-20 15:48:46,025 [grpc-default-executor-1] INFO  impl.RoleInfo (RoleInfo.java:updateAndGet(139)) - d833c6c7-5026-4edd-bbd5-8ccc0ef3852d: start d833c6c7-5026-4edd-bbd5-8ccc0ef3852d@group-E669E3FF1697-FollowerState
2023-09-20 15:48:46,025 [EventQueue-OpenPipelineForHealthyPipelineSafeModeRule] INFO  pipeline.BackgroundPipelineCreator (BackgroundPipelineCreator.java:notifyStatusChanged(255)) - Service BackgroundPipelineCreator transitions to RUNNING.
2023-09-20 15:48:46,026 [b1c70fe4-d692-4fdb-aa26-025ed9a8aa3e@group-E669E3FF1697-LeaderElection11] INFO  server.RaftServerConfigKeys (ConfUtils.java:logGet(46)) - raft.server.rpc.request.timeout = 60s (custom)
2023-09-20 15:48:46,026 [EventQueue-OpenPipelineForHealthyPipelineSafeModeRule] INFO  BackgroundPipelineScrubber (BackgroundSCMService.java:notifyStatusChanged(82)) - Service BackgroundPipelineScrubber transitions to RUNNING.
2023-09-20 15:48:46,026 [EventQueue-OpenPipelineForHealthyPipelineSafeModeRule] INFO  ExpiredContainerReplicaOpScrubber (BackgroundSCMService.java:notifyStatusChanged(82)) - Service ExpiredContainerReplicaOpScrubber transitions to RUNNING.
2023-09-20 15:48:46,026 [b1c70fe4-d692-4fdb-aa26-025ed9a8aa3e@group-E669E3FF1697-LeaderElection11] INFO  grpc.GrpcConfigKeys (ConfUtils.java:logGet(46)) - raft.grpc.server.install_snapshot.request.element-limit = 8 (default)
2023-09-20 15:48:46,026 [EventQueue-OpenPipelineForHealthyPipelineSafeModeRule] INFO  replication.ReplicationManager (ReplicationManager.java:notifyStatusChanged(1370)) - Service ReplicationManager transitions to RUNNING.
2023-09-20 15:48:46,026 [EventQueue-OpenPipelineForHealthyPipelineSafeModeRule] WARN  balancer.ContainerBalancer (ContainerBalancer.java:shouldRun(134)) - Could not find persisted configuration for ContainerBalancer when checking if ContainerBalancer should run. ContainerBalancer should not run now.
2023-09-20 15:48:46,026 [b1c70fe4-d692-4fdb-aa26-025ed9a8aa3e@group-E669E3FF1697-LeaderElection11] INFO  grpc.GrpcConfigKeys (ConfUtils.java:logGet(46)) - raft.grpc.server.install_snapshot.request.timeout = 3000ms (default)
2023-09-20 15:48:46,027 [b1c70fe4-d692-4fdb-aa26-025ed9a8aa3e@group-E669E3FF1697-LeaderElection11] INFO  server.RaftServerConfigKeys (ConfUtils.java:logGet(46)) - raft.server.log.appender.install.snapshot.enabled = false (custom)
2023-09-20 15:48:46,027 [b1c70fe4-d692-4fdb-aa26-025ed9a8aa3e@group-E669E3FF1697-LeaderElection11] INFO  grpc.GrpcConfigKeys (ConfUtils.java:logGet(46)) - raft.grpc.server.heartbeat.channel = true (default)
2023-09-20 15:48:46,028 [b1c70fe4-d692-4fdb-aa26-025ed9a8aa3e@group-E669E3FF1697-LeaderElection11] INFO  server.RaftServerConfigKeys (ConfUtils.java:logGet(46)) - raft.server.log.appender.snapshot.chunk.size.max = 16MB (=16777216) (default)
2023-09-20 15:48:46,028 [b1c70fe4-d692-4fdb-aa26-025ed9a8aa3e@group-E669E3FF1697-LeaderElection11] INFO  server.RaftServerConfigKeys (ConfUtils.java:logGet(46)) - raft.server.log.appender.buffer.byte-limit = 33554432 (custom)
2023-09-20 15:48:46,028 [b1c70fe4-d692-4fdb-aa26-025ed9a8aa3e@group-E669E3FF1697-LeaderElection11] INFO  server.RaftServerConfigKeys (ConfUtils.java:logGet(46)) - raft.server.log.appender.buffer.element-limit = 1 (custom)
2023-09-20 15:48:46,031 [b1c70fe4-d692-4fdb-aa26-025ed9a8aa3e@group-E669E3FF1697-LeaderElection11] INFO  server.RaftServerConfigKeys (ConfUtils.java:logGet(46)) - raft.server.log.appender.wait-time.min = 10ms (default)
2023-09-20 15:48:46,031 [b1c70fe4-d692-4fdb-aa26-025ed9a8aa3e@group-E669E3FF1697-LeaderElection11] INFO  grpc.GrpcConfigKeys (ConfUtils.java:logGet(46)) - raft.grpc.server.leader.outstanding.appends.max = 128 (default)
2023-09-20 15:48:46,031 [b1c70fe4-d692-4fdb-aa26-025ed9a8aa3e@group-E669E3FF1697-LeaderElection11] INFO  server.RaftServerConfigKeys (ConfUtils.java:logGet(46)) - raft.server.rpc.request.timeout = 60s (custom)
2023-09-20 15:48:46,031 [b1c70fe4-d692-4fdb-aa26-025ed9a8aa3e@group-E669E3FF1697-LeaderElection11] INFO  grpc.GrpcConfigKeys (ConfUtils.java:logGet(46)) - raft.grpc.server.install_snapshot.request.element-limit = 8 (default)
2023-09-20 15:48:46,031 [b1c70fe4-d692-4fdb-aa26-025ed9a8aa3e@group-E669E3FF1697-LeaderElection11] INFO  grpc.GrpcConfigKeys (ConfUtils.java:logGet(46)) - raft.grpc.server.install_snapshot.request.timeout = 3000ms (default)
2023-09-20 15:48:46,031 [b1c70fe4-d692-4fdb-aa26-025ed9a8aa3e@group-E669E3FF1697-LeaderElection11] INFO  server.RaftServerConfigKeys (ConfUtils.java:logGet(46)) - raft.server.log.appender.install.snapshot.enabled = false (custom)
2023-09-20 15:48:46,032 [b1c70fe4-d692-4fdb-aa26-025ed9a8aa3e@group-E669E3FF1697-LeaderElection11] INFO  grpc.GrpcConfigKeys (ConfUtils.java:logGet(46)) - raft.grpc.server.heartbeat.channel = true (default)
2023-09-20 15:48:46,032 [grpc-default-executor-1] INFO  server.RaftServer$Division (RaftServerImpl.java:requestVote(1335)) - d833c6c7-5026-4edd-bbd5-8ccc0ef3852d@group-E669E3FF1697 replies to ELECTION vote request: b1c70fe4-d692-4fdb-aa26-025ed9a8aa3e<-d833c6c7-5026-4edd-bbd5-8ccc0ef3852d#0:OK-t1. Peer's state: d833c6c7-5026-4edd-bbd5-8ccc0ef3852d@group-E669E3FF1697:t1, leader=null, voted=b1c70fe4-d692-4fdb-aa26-025ed9a8aa3e, raftlog=Memoized:d833c6c7-5026-4edd-bbd5-8ccc0ef3852d@group-E669E3FF1697-SegmentedRaftLog:OPENED:c-1, conf=-1: peers:[76461d31-4f4d-43fe-b3e7-bc7be05b2809|rpc:10.1.0.36:15049|admin:10.1.0.36:15048|client:10.1.0.36:15047|dataStream:10.1.0.36:15050|priority:0|startupRole:FOLLOWER, b1c70fe4-d692-4fdb-aa26-025ed9a8aa3e|rpc:10.1.0.36:15058|admin:10.1.0.36:15057|client:10.1.0.36:15056|dataStream:10.1.0.36:15059|priority:1|startupRole:FOLLOWER, d833c6c7-5026-4edd-bbd5-8ccc0ef3852d|rpc:10.1.0.36:15067|admin:10.1.0.36:15066|client:10.1.0.36:15065|dataStream:10.1.0.36:15068|priority:0|startupRole:FOLLOWER]|listeners:[], old=null
2023-09-20 15:48:46,032 [b1c70fe4-d692-4fdb-aa26-025ed9a8aa3e@group-E669E3FF1697-LeaderElection11] INFO  impl.RoleInfo (RoleInfo.java:updateAndGet(139)) - b1c70fe4-d692-4fdb-aa26-025ed9a8aa3e: start b1c70fe4-d692-4fdb-aa26-025ed9a8aa3e@group-E669E3FF1697-LeaderStateImpl
2023-09-20 15:48:46,033 [b1c70fe4-d692-4fdb-aa26-025ed9a8aa3e@group-E669E3FF1697-LeaderElection11] INFO  segmented.SegmentedRaftLogWorker (SegmentedRaftLogWorker.java:startLogSegment(447)) - b1c70fe4-d692-4fdb-aa26-025ed9a8aa3e@group-E669E3FF1697-SegmentedRaftLogWorker: Starting segment from index:0
2023-09-20 15:48:46,035 [b1c70fe4-d692-4fdb-aa26-025ed9a8aa3e@group-E669E3FF1697-SegmentedRaftLogWorker] INFO  segmented.SegmentedRaftLogWorker (SegmentedRaftLogWorker.java:execute(651)) - b1c70fe4-d692-4fdb-aa26-025ed9a8aa3e@group-E669E3FF1697-SegmentedRaftLogWorker: created new log segment /home/runner/work/ozone/ozone/hadoop-ozone/integration-test/target/test-dir/MiniOzoneClusterImpl-38a365bd-16d9-45d9-a84a-b01271e6c83a/datanode-1/data/ratis/64f4d689-c54f-42ac-b618-e669e3ff1697/current/log_inprogress_0
2023-09-20 15:48:46,047 [b1c70fe4-d692-4fdb-aa26-025ed9a8aa3e@group-E669E3FF1697-LeaderElection11] INFO  server.RaftServer$Division (ServerState.java:setRaftConf(434)) - b1c70fe4-d692-4fdb-aa26-025ed9a8aa3e@group-E669E3FF1697: set configuration 0: peers:[76461d31-4f4d-43fe-b3e7-bc7be05b2809|rpc:10.1.0.36:15049|admin:10.1.0.36:15048|client:10.1.0.36:15047|dataStream:10.1.0.36:15050|priority:0|startupRole:FOLLOWER, b1c70fe4-d692-4fdb-aa26-025ed9a8aa3e|rpc:10.1.0.36:15058|admin:10.1.0.36:15057|client:10.1.0.36:15056|dataStream:10.1.0.36:15059|priority:1|startupRole:FOLLOWER, d833c6c7-5026-4edd-bbd5-8ccc0ef3852d|rpc:10.1.0.36:15067|admin:10.1.0.36:15066|client:10.1.0.36:15065|dataStream:10.1.0.36:15068|priority:0|startupRole:FOLLOWER]|listeners:[], old=null
2023-09-20 15:48:46,063 [d833c6c7-5026-4edd-bbd5-8ccc0ef3852d-server-thread2] INFO  ratis.XceiverServerRatis (XceiverServerRatis.java:handleLeaderChangedNotification(902)) - Leader change notification received for group: group-E669E3FF1697 with new leaderId: b1c70fe4-d692-4fdb-aa26-025ed9a8aa3e
2023-09-20 15:48:46,064 [d833c6c7-5026-4edd-bbd5-8ccc0ef3852d-server-thread2] INFO  server.RaftServer$Division (ServerState.java:setLeader(317)) - d833c6c7-5026-4edd-bbd5-8ccc0ef3852d@group-E669E3FF1697: change Leader from null to b1c70fe4-d692-4fdb-aa26-025ed9a8aa3e at term 1 for appendEntries, leader elected after 5205ms
2023-09-20 15:48:46,064 [76461d31-4f4d-43fe-b3e7-bc7be05b2809-server-thread1] INFO  ratis.XceiverServerRatis (XceiverServerRatis.java:handleLeaderChangedNotification(902)) - Leader change notification received for group: group-E669E3FF1697 with new leaderId: b1c70fe4-d692-4fdb-aa26-025ed9a8aa3e
2023-09-20 15:48:46,064 [76461d31-4f4d-43fe-b3e7-bc7be05b2809-server-thread1] INFO  server.RaftServer$Division (ServerState.java:setLeader(317)) - 76461d31-4f4d-43fe-b3e7-bc7be05b2809@group-E669E3FF1697: change Leader from null to b1c70fe4-d692-4fdb-aa26-025ed9a8aa3e at term 1 for appendEntries, leader elected after 5335ms
2023-09-20 15:48:46,066 [d833c6c7-5026-4edd-bbd5-8ccc0ef3852d-server-thread1] INFO  server.RaftServer$Division (ServerState.java:setRaftConf(434)) - d833c6c7-5026-4edd-bbd5-8ccc0ef3852d@group-E669E3FF1697: set configuration 0: peers:[76461d31-4f4d-43fe-b3e7-bc7be05b2809|rpc:10.1.0.36:15049|admin:10.1.0.36:15048|client:10.1.0.36:15047|dataStream:10.1.0.36:15050|priority:0|startupRole:FOLLOWER, b1c70fe4-d692-4fdb-aa26-025ed9a8aa3e|rpc:10.1.0.36:15058|admin:10.1.0.36:15057|client:10.1.0.36:15056|dataStream:10.1.0.36:15059|priority:1|startupRole:FOLLOWER, d833c6c7-5026-4edd-bbd5-8ccc0ef3852d|rpc:10.1.0.36:15067|admin:10.1.0.36:15066|client:10.1.0.36:15065|dataStream:10.1.0.36:15068|priority:0|startupRole:FOLLOWER]|listeners:[], old=null
2023-09-20 15:48:46,067 [d833c6c7-5026-4edd-bbd5-8ccc0ef3852d-server-thread1] INFO  segmented.SegmentedRaftLogWorker (SegmentedRaftLogWorker.java:startLogSegment(447)) - d833c6c7-5026-4edd-bbd5-8ccc0ef3852d@group-E669E3FF1697-SegmentedRaftLogWorker: Starting segment from index:0
2023-09-20 15:48:46,069 [d833c6c7-5026-4edd-bbd5-8ccc0ef3852d@group-E669E3FF1697-SegmentedRaftLogWorker] INFO  segmented.SegmentedRaftLogWorker (SegmentedRaftLogWorker.java:execute(651)) - d833c6c7-5026-4edd-bbd5-8ccc0ef3852d@group-E669E3FF1697-SegmentedRaftLogWorker: created new log segment /home/runner/work/ozone/ozone/hadoop-ozone/integration-test/target/test-dir/MiniOzoneClusterImpl-38a365bd-16d9-45d9-a84a-b01271e6c83a/datanode-2/data/ratis/64f4d689-c54f-42ac-b618-e669e3ff1697/current/log_inprogress_0
2023-09-20 15:48:46,069 [76461d31-4f4d-43fe-b3e7-bc7be05b2809-server-thread1] INFO  server.RaftServer$Division (ServerState.java:setRaftConf(434)) - 76461d31-4f4d-43fe-b3e7-bc7be05b2809@group-E669E3FF1697: set configuration 0: peers:[76461d31-4f4d-43fe-b3e7-bc7be05b2809|rpc:10.1.0.36:15049|admin:10.1.0.36:15048|client:10.1.0.36:15047|dataStream:10.1.0.36:15050|priority:0|startupRole:FOLLOWER, b1c70fe4-d692-4fdb-aa26-025ed9a8aa3e|rpc:10.1.0.36:15058|admin:10.1.0.36:15057|client:10.1.0.36:15056|dataStream:10.1.0.36:15059|priority:1|startupRole:FOLLOWER, d833c6c7-5026-4edd-bbd5-8ccc0ef3852d|rpc:10.1.0.36:15067|admin:10.1.0.36:15066|client:10.1.0.36:15065|dataStream:10.1.0.36:15068|priority:0|startupRole:FOLLOWER]|listeners:[], old=null
2023-09-20 15:48:46,070 [76461d31-4f4d-43fe-b3e7-bc7be05b2809-server-thread1] INFO  segmented.SegmentedRaftLogWorker (SegmentedRaftLogWorker.java:startLogSegment(447)) - 76461d31-4f4d-43fe-b3e7-bc7be05b2809@group-E669E3FF1697-SegmentedRaftLogWorker: Starting segment from index:0
2023-09-20 15:48:46,075 [76461d31-4f4d-43fe-b3e7-bc7be05b2809@group-E669E3FF1697-SegmentedRaftLogWorker] INFO  segmented.SegmentedRaftLogWorker (SegmentedRaftLogWorker.java:execute(651)) - 76461d31-4f4d-43fe-b3e7-bc7be05b2809@group-E669E3FF1697-SegmentedRaftLogWorker: created new log segment /home/runner/work/ozone/ozone/hadoop-ozone/integration-test/target/test-dir/MiniOzoneClusterImpl-38a365bd-16d9-45d9-a84a-b01271e6c83a/datanode-0/data/ratis/64f4d689-c54f-42ac-b618-e669e3ff1697/current/log_inprogress_0
2023-09-20 15:48:46,132 [b1c70fe4-d692-4fdb-aa26-025ed9a8aa3e@group-8A3B1EC5611F-FollowerState] INFO  server.RaftServerConfigKeys (ConfUtils.java:logFallback(53)) - raft.server.rpc.first-election.timeout.min = 5s (fallback to raft.server.rpc.timeout.min)
2023-09-20 15:48:46,132 [b1c70fe4-d692-4fdb-aa26-025ed9a8aa3e@group-8A3B1EC5611F-FollowerState] INFO  server.RaftServerConfigKeys (ConfUtils.java:logFallback(53)) - raft.server.rpc.first-election.timeout.max = 5200ms (fallback to raft.server.rpc.timeout.max)
2023-09-20 15:48:46,163 [d833c6c7-5026-4edd-bbd5-8ccc0ef3852d@group-8A3B1EC5611F-FollowerState] INFO  impl.FollowerState (FollowerState.java:run(143)) - d833c6c7-5026-4edd-bbd5-8ccc0ef3852d@group-8A3B1EC5611F-FollowerState: change to CANDIDATE, lastRpcElapsedTime:5111549170ns, electionTimeout:5107ms
2023-09-20 15:48:46,163 [d833c6c7-5026-4edd-bbd5-8ccc0ef3852d@group-8A3B1EC5611F-FollowerState] INFO  impl.RoleInfo (RoleInfo.java:shutdownFollowerState(110)) - d833c6c7-5026-4edd-bbd5-8ccc0ef3852d: shutdown d833c6c7-5026-4edd-bbd5-8ccc0ef3852d@group-8A3B1EC5611F-FollowerState
2023-09-20 15:48:46,163 [d833c6c7-5026-4edd-bbd5-8ccc0ef3852d@group-8A3B1EC5611F-FollowerState] INFO  server.RaftServer$Division (RaftServerImpl.java:setRole(329)) - d833c6c7-5026-4edd-bbd5-8ccc0ef3852d@group-8A3B1EC5611F: changes role from  FOLLOWER to CANDIDATE at term 0 for changeToCandidate
2023-09-20 15:48:46,165 [d833c6c7-5026-4edd-bbd5-8ccc0ef3852d@group-8A3B1EC5611F-FollowerState] INFO  server.RaftServerConfigKeys (ConfUtils.java:logGet(46)) - raft.server.leaderelection.pre-vote = true (default)
2023-09-20 15:48:46,165 [d833c6c7-5026-4edd-bbd5-8ccc0ef3852d@group-8A3B1EC5611F-FollowerState] INFO  impl.RoleInfo (RoleInfo.java:updateAndGet(139)) - d833c6c7-5026-4edd-bbd5-8ccc0ef3852d: start d833c6c7-5026-4edd-bbd5-8ccc0ef3852d@group-8A3B1EC5611F-LeaderElection13
2023-09-20 15:48:46,165 [d833c6c7-5026-4edd-bbd5-8ccc0ef3852d@group-8A3B1EC5611F-LeaderElection13] INFO  impl.LeaderElection (LeaderElection.java:askForVotes(321)) - d833c6c7-5026-4edd-bbd5-8ccc0ef3852d@group-8A3B1EC5611F-LeaderElection13 PRE_VOTE round 0: submit vote requests at term 0 for -1: peers:[76461d31-4f4d-43fe-b3e7-bc7be05b2809|rpc:10.1.0.36:15049|admin:10.1.0.36:15048|client:10.1.0.36:15047|dataStream:10.1.0.36:15050|priority:0|startupRole:FOLLOWER, b1c70fe4-d692-4fdb-aa26-025ed9a8aa3e|rpc:10.1.0.36:15058|admin:10.1.0.36:15057|client:10.1.0.36:15056|dataStream:10.1.0.36:15059|priority:0|startupRole:FOLLOWER, d833c6c7-5026-4edd-bbd5-8ccc0ef3852d|rpc:10.1.0.36:15067|admin:10.1.0.36:15066|client:10.1.0.36:15065|dataStream:10.1.0.36:15068|priority:1|startupRole:FOLLOWER]|listeners:[], old=null
2023-09-20 15:48:46,166 [d833c6c7-5026-4edd-bbd5-8ccc0ef3852d@group-8A3B1EC5611F-LeaderElection13-1] INFO  server.GrpcServerProtocolClient (GrpcServerProtocolClient.java:<init>(65)) - Build channel for 76461d31-4f4d-43fe-b3e7-bc7be05b2809
2023-09-20 15:48:46,166 [d833c6c7-5026-4edd-bbd5-8ccc0ef3852d@group-8A3B1EC5611F-LeaderElection13] INFO  server.RaftServerConfigKeys (ConfUtils.java:logFallback(53)) - raft.server.rpc.first-election.timeout.min = 5s (fallback to raft.server.rpc.timeout.min)
2023-09-20 15:48:46,166 [d833c6c7-5026-4edd-bbd5-8ccc0ef3852d@group-8A3B1EC5611F-LeaderElection13-2] INFO  server.GrpcServerProtocolClient (GrpcServerProtocolClient.java:<init>(65)) - Build channel for b1c70fe4-d692-4fdb-aa26-025ed9a8aa3e
2023-09-20 15:48:46,166 [d833c6c7-5026-4edd-bbd5-8ccc0ef3852d@group-8A3B1EC5611F-LeaderElection13] INFO  server.RaftServerConfigKeys (ConfUtils.java:logFallback(53)) - raft.server.rpc.first-election.timeout.max = 5200ms (fallback to raft.server.rpc.timeout.max)
2023-09-20 15:48:46,175 [grpc-default-executor-0] INFO  server.RaftServer$Division (RaftServerImpl.java:requestVote(1302)) - 76461d31-4f4d-43fe-b3e7-bc7be05b2809@group-8A3B1EC5611F: receive requestVote(PRE_VOTE, d833c6c7-5026-4edd-bbd5-8ccc0ef3852d, group-8A3B1EC5611F, 0, (t:0, i:0))
2023-09-20 15:48:46,175 [grpc-default-executor-0] INFO  impl.VoteContext (VoteContext.java:log(49)) - 76461d31-4f4d-43fe-b3e7-bc7be05b2809@group-8A3B1EC5611F-FOLLOWER: accept PRE_VOTE from d833c6c7-5026-4edd-bbd5-8ccc0ef3852d: our priority 0 <= candidate's priority 1
2023-09-20 15:48:46,175 [grpc-default-executor-0] INFO  server.RaftServer$Division (RaftServerImpl.java:requestVote(1335)) - 76461d31-4f4d-43fe-b3e7-bc7be05b2809@group-8A3B1EC5611F replies to PRE_VOTE vote request: d833c6c7-5026-4edd-bbd5-8ccc0ef3852d<-76461d31-4f4d-43fe-b3e7-bc7be05b2809#0:OK-t0. Peer's state: 76461d31-4f4d-43fe-b3e7-bc7be05b2809@group-8A3B1EC5611F:t0, leader=null, voted=, raftlog=Memoized:76461d31-4f4d-43fe-b3e7-bc7be05b2809@group-8A3B1EC5611F-SegmentedRaftLog:OPENED:c-1, conf=-1: peers:[76461d31-4f4d-43fe-b3e7-bc7be05b2809|rpc:10.1.0.36:15049|admin:10.1.0.36:15048|client:10.1.0.36:15047|dataStream:10.1.0.36:15050|priority:0|startupRole:FOLLOWER, b1c70fe4-d692-4fdb-aa26-025ed9a8aa3e|rpc:10.1.0.36:15058|admin:10.1.0.36:15057|client:10.1.0.36:15056|dataStream:10.1.0.36:15059|priority:0|startupRole:FOLLOWER, d833c6c7-5026-4edd-bbd5-8ccc0ef3852d|rpc:10.1.0.36:15067|admin:10.1.0.36:15066|client:10.1.0.36:15065|dataStream:10.1.0.36:15068|priority:1|startupRole:FOLLOWER]|listeners:[], old=null
2023-09-20 15:48:46,186 [d833c6c7-5026-4edd-bbd5-8ccc0ef3852d@group-8A3B1EC5611F-LeaderElection13] INFO  impl.LeaderElection (LeaderElection.java:logAndReturn(90)) - d833c6c7-5026-4edd-bbd5-8ccc0ef3852d@group-8A3B1EC5611F-LeaderElection13: PRE_VOTE PASSED received 1 response(s) and 0 exception(s):
2023-09-20 15:48:46,186 [d833c6c7-5026-4edd-bbd5-8ccc0ef3852d@group-8A3B1EC5611F-LeaderElection13] INFO  impl.LeaderElection (LeaderElection.java:logAndReturn(94)) -   Response 0: d833c6c7-5026-4edd-bbd5-8ccc0ef3852d<-76461d31-4f4d-43fe-b3e7-bc7be05b2809#0:OK-t0
2023-09-20 15:48:46,186 [d833c6c7-5026-4edd-bbd5-8ccc0ef3852d@group-8A3B1EC5611F-LeaderElection13] INFO  impl.LeaderElection (LeaderElection.java:askForVotes(323)) - d833c6c7-5026-4edd-bbd5-8ccc0ef3852d@group-8A3B1EC5611F-LeaderElection13 PRE_VOTE round 0: result PASSED
2023-09-20 15:48:46,188 [d833c6c7-5026-4edd-bbd5-8ccc0ef3852d@group-8A3B1EC5611F-LeaderElection13] INFO  impl.LeaderElection (LeaderElection.java:askForVotes(321)) - d833c6c7-5026-4edd-bbd5-8ccc0ef3852d@group-8A3B1EC5611F-LeaderElection13 ELECTION round 0: submit vote requests at term 1 for -1: peers:[76461d31-4f4d-43fe-b3e7-bc7be05b2809|rpc:10.1.0.36:15049|admin:10.1.0.36:15048|client:10.1.0.36:15047|dataStream:10.1.0.36:15050|priority:0|startupRole:FOLLOWER, b1c70fe4-d692-4fdb-aa26-025ed9a8aa3e|rpc:10.1.0.36:15058|admin:10.1.0.36:15057|client:10.1.0.36:15056|dataStream:10.1.0.36:15059|priority:0|startupRole:FOLLOWER, d833c6c7-5026-4edd-bbd5-8ccc0ef3852d|rpc:10.1.0.36:15067|admin:10.1.0.36:15066|client:10.1.0.36:15065|dataStream:10.1.0.36:15068|priority:1|startupRole:FOLLOWER]|listeners:[], old=null
2023-09-20 15:48:46,189 [d833c6c7-5026-4edd-bbd5-8ccc0ef3852d@group-8A3B1EC5611F-LeaderElection13] INFO  server.RaftServerConfigKeys (ConfUtils.java:logFallback(53)) - raft.server.rpc.first-election.timeout.min = 5s (fallback to raft.server.rpc.timeout.min)
2023-09-20 15:48:46,190 [d833c6c7-5026-4edd-bbd5-8ccc0ef3852d@group-8A3B1EC5611F-LeaderElection13] INFO  server.RaftServerConfigKeys (ConfUtils.java:logFallback(53)) - raft.server.rpc.first-election.timeout.max = 5200ms (fallback to raft.server.rpc.timeout.max)
2023-09-20 15:48:46,195 [grpc-default-executor-0] INFO  server.RaftServer$Division (RaftServerImpl.java:requestVote(1302)) - b1c70fe4-d692-4fdb-aa26-025ed9a8aa3e@group-8A3B1EC5611F: receive requestVote(PRE_VOTE, d833c6c7-5026-4edd-bbd5-8ccc0ef3852d, group-8A3B1EC5611F, 0, (t:0, i:0))
2023-09-20 15:48:46,196 [grpc-default-executor-0] INFO  impl.VoteContext (VoteContext.java:log(49)) - b1c70fe4-d692-4fdb-aa26-025ed9a8aa3e@group-8A3B1EC5611F-FOLLOWER: accept PRE_VOTE from d833c6c7-5026-4edd-bbd5-8ccc0ef3852d: our priority 0 <= candidate's priority 1
2023-09-20 15:48:46,196 [grpc-default-executor-0] INFO  server.RaftServer$Division (RaftServerImpl.java:requestVote(1335)) - b1c70fe4-d692-4fdb-aa26-025ed9a8aa3e@group-8A3B1EC5611F replies to PRE_VOTE vote request: d833c6c7-5026-4edd-bbd5-8ccc0ef3852d<-b1c70fe4-d692-4fdb-aa26-025ed9a8aa3e#0:OK-t0. Peer's state: b1c70fe4-d692-4fdb-aa26-025ed9a8aa3e@group-8A3B1EC5611F:t0, leader=null, voted=, raftlog=Memoized:b1c70fe4-d692-4fdb-aa26-025ed9a8aa3e@group-8A3B1EC5611F-SegmentedRaftLog:OPENED:c-1, conf=-1: peers:[76461d31-4f4d-43fe-b3e7-bc7be05b2809|rpc:10.1.0.36:15049|admin:10.1.0.36:15048|client:10.1.0.36:15047|dataStream:10.1.0.36:15050|priority:0|startupRole:FOLLOWER, b1c70fe4-d692-4fdb-aa26-025ed9a8aa3e|rpc:10.1.0.36:15058|admin:10.1.0.36:15057|client:10.1.0.36:15056|dataStream:10.1.0.36:15059|priority:0|startupRole:FOLLOWER, d833c6c7-5026-4edd-bbd5-8ccc0ef3852d|rpc:10.1.0.36:15067|admin:10.1.0.36:15066|client:10.1.0.36:15065|dataStream:10.1.0.36:15068|priority:1|startupRole:FOLLOWER]|listeners:[], old=null
2023-09-20 15:48:46,201 [grpc-default-executor-0] INFO  server.RaftServer$Division (RaftServerImpl.java:requestVote(1302)) - 76461d31-4f4d-43fe-b3e7-bc7be05b2809@group-8A3B1EC5611F: receive requestVote(ELECTION, d833c6c7-5026-4edd-bbd5-8ccc0ef3852d, group-8A3B1EC5611F, 1, (t:0, i:0))
2023-09-20 15:48:46,201 [grpc-default-executor-0] INFO  impl.VoteContext (VoteContext.java:log(49)) - 76461d31-4f4d-43fe-b3e7-bc7be05b2809@group-8A3B1EC5611F-FOLLOWER: accept ELECTION from d833c6c7-5026-4edd-bbd5-8ccc0ef3852d: our priority 0 <= candidate's priority 1
2023-09-20 15:48:46,201 [grpc-default-executor-0] INFO  server.RaftServer$Division (RaftServerImpl.java:setRole(329)) - 76461d31-4f4d-43fe-b3e7-bc7be05b2809@group-8A3B1EC5611F: changes role from  FOLLOWER to FOLLOWER at term 1 for candidate:d833c6c7-5026-4edd-bbd5-8ccc0ef3852d
2023-09-20 15:48:46,201 [grpc-default-executor-0] INFO  impl.RoleInfo (RoleInfo.java:shutdownFollowerState(110)) - 76461d31-4f4d-43fe-b3e7-bc7be05b2809: shutdown 76461d31-4f4d-43fe-b3e7-bc7be05b2809@group-8A3B1EC5611F-FollowerState
2023-09-20 15:48:46,201 [grpc-default-executor-0] INFO  impl.RoleInfo (RoleInfo.java:updateAndGet(139)) - 76461d31-4f4d-43fe-b3e7-bc7be05b2809: start 76461d31-4f4d-43fe-b3e7-bc7be05b2809@group-8A3B1EC5611F-FollowerState
2023-09-20 15:48:46,201 [76461d31-4f4d-43fe-b3e7-bc7be05b2809@group-8A3B1EC5611F-FollowerState] INFO  impl.FollowerState (FollowerState.java:run(152)) - 76461d31-4f4d-43fe-b3e7-bc7be05b2809@group-8A3B1EC5611F-FollowerState was interrupted
2023-09-20 15:48:46,209 [grpc-default-executor-2] INFO  server.RaftServer$Division (RaftServerImpl.java:requestVote(1302)) - b1c70fe4-d692-4fdb-aa26-025ed9a8aa3e@group-8A3B1EC5611F: receive requestVote(ELECTION, d833c6c7-5026-4edd-bbd5-8ccc0ef3852d, group-8A3B1EC5611F, 1, (t:0, i:0))
2023-09-20 15:48:46,209 [grpc-default-executor-2] INFO  impl.VoteContext (VoteContext.java:log(49)) - b1c70fe4-d692-4fdb-aa26-025ed9a8aa3e@group-8A3B1EC5611F-FOLLOWER: accept ELECTION from d833c6c7-5026-4edd-bbd5-8ccc0ef3852d: our priority 0 <= candidate's priority 1
2023-09-20 15:48:46,209 [grpc-default-executor-2] INFO  server.RaftServer$Division (RaftServerImpl.java:setRole(329)) - b1c70fe4-d692-4fdb-aa26-025ed9a8aa3e@group-8A3B1EC5611F: changes role from  FOLLOWER to FOLLOWER at term 1 for candidate:d833c6c7-5026-4edd-bbd5-8ccc0ef3852d
2023-09-20 15:48:46,209 [grpc-default-executor-2] INFO  impl.RoleInfo (RoleInfo.java:shutdownFollowerState(110)) - b1c70fe4-d692-4fdb-aa26-025ed9a8aa3e: shutdown b1c70fe4-d692-4fdb-aa26-025ed9a8aa3e@group-8A3B1EC5611F-FollowerState
2023-09-20 15:48:46,209 [b1c70fe4-d692-4fdb-aa26-025ed9a8aa3e@group-8A3B1EC5611F-FollowerState] INFO  impl.FollowerState (FollowerState.java:run(152)) - b1c70fe4-d692-4fdb-aa26-025ed9a8aa3e@group-8A3B1EC5611F-FollowerState was interrupted
2023-09-20 15:48:46,209 [grpc-default-executor-0] INFO  server.RaftServer$Division (RaftServerImpl.java:requestVote(1335)) - 76461d31-4f4d-43fe-b3e7-bc7be05b2809@group-8A3B1EC5611F replies to ELECTION vote request: d833c6c7-5026-4edd-bbd5-8ccc0ef3852d<-76461d31-4f4d-43fe-b3e7-bc7be05b2809#0:OK-t1. Peer's state: 76461d31-4f4d-43fe-b3e7-bc7be05b2809@group-8A3B1EC5611F:t1, leader=null, voted=d833c6c7-5026-4edd-bbd5-8ccc0ef3852d, raftlog=Memoized:76461d31-4f4d-43fe-b3e7-bc7be05b2809@group-8A3B1EC5611F-SegmentedRaftLog:OPENED:c-1, conf=-1: peers:[76461d31-4f4d-43fe-b3e7-bc7be05b2809|rpc:10.1.0.36:15049|admin:10.1.0.36:15048|client:10.1.0.36:15047|dataStream:10.1.0.36:15050|priority:0|startupRole:FOLLOWER, b1c70fe4-d692-4fdb-aa26-025ed9a8aa3e|rpc:10.1.0.36:15058|admin:10.1.0.36:15057|client:10.1.0.36:15056|dataStream:10.1.0.36:15059|priority:0|startupRole:FOLLOWER, d833c6c7-5026-4edd-bbd5-8ccc0ef3852d|rpc:10.1.0.36:15067|admin:10.1.0.36:15066|client:10.1.0.36:15065|dataStream:10.1.0.36:15068|priority:1|startupRole:FOLLOWER]|listeners:[], old=null
2023-09-20 15:48:46,211 [d833c6c7-5026-4edd-bbd5-8ccc0ef3852d@group-8A3B1EC5611F-LeaderElection13] INFO  impl.LeaderElection (LeaderElection.java:logAndReturn(90)) - d833c6c7-5026-4edd-bbd5-8ccc0ef3852d@group-8A3B1EC5611F-LeaderElection13: ELECTION PASSED received 1 response(s) and 0 exception(s):
2023-09-20 15:48:46,211 [d833c6c7-5026-4edd-bbd5-8ccc0ef3852d@group-8A3B1EC5611F-LeaderElection13] INFO  impl.LeaderElection (LeaderElection.java:logAndReturn(94)) -   Response 0: d833c6c7-5026-4edd-bbd5-8ccc0ef3852d<-76461d31-4f4d-43fe-b3e7-bc7be05b2809#0:OK-t1
2023-09-20 15:48:46,211 [d833c6c7-5026-4edd-bbd5-8ccc0ef3852d@group-8A3B1EC5611F-LeaderElection13] INFO  impl.LeaderElection (LeaderElection.java:askForVotes(323)) - d833c6c7-5026-4edd-bbd5-8ccc0ef3852d@group-8A3B1EC5611F-LeaderElection13 ELECTION round 0: result PASSED
2023-09-20 15:48:46,211 [d833c6c7-5026-4edd-bbd5-8ccc0ef3852d@group-8A3B1EC5611F-LeaderElection13] INFO  impl.RoleInfo (RoleInfo.java:shutdownLeaderElection(130)) - d833c6c7-5026-4edd-bbd5-8ccc0ef3852d: shutdown d833c6c7-5026-4edd-bbd5-8ccc0ef3852d@group-8A3B1EC5611F-LeaderElection13
2023-09-20 15:48:46,211 [d833c6c7-5026-4edd-bbd5-8ccc0ef3852d@group-8A3B1EC5611F-LeaderElection13] INFO  server.RaftServer$Division (RaftServerImpl.java:setRole(329)) - d833c6c7-5026-4edd-bbd5-8ccc0ef3852d@group-8A3B1EC5611F: changes role from CANDIDATE to LEADER at term 1 for changeToLeader
2023-09-20 15:48:46,211 [d833c6c7-5026-4edd-bbd5-8ccc0ef3852d@group-8A3B1EC5611F-LeaderElection13] INFO  ratis.XceiverServerRatis (XceiverServerRatis.java:handleLeaderChangedNotification(902)) - Leader change notification received for group: group-8A3B1EC5611F with new leaderId: d833c6c7-5026-4edd-bbd5-8ccc0ef3852d
2023-09-20 15:48:46,212 [d833c6c7-5026-4edd-bbd5-8ccc0ef3852d@group-8A3B1EC5611F-LeaderElection13] INFO  server.RaftServer$Division (ServerState.java:setLeader(317)) - d833c6c7-5026-4edd-bbd5-8ccc0ef3852d@group-8A3B1EC5611F: change Leader from null to d833c6c7-5026-4edd-bbd5-8ccc0ef3852d at term 1 for becomeLeader, leader elected after 5184ms
2023-09-20 15:48:46,212 [d833c6c7-5026-4edd-bbd5-8ccc0ef3852d@group-8A3B1EC5611F-LeaderElection13] INFO  server.RaftServerConfigKeys (ConfUtils.java:logGet(46)) - raft.server.staging.catchup.gap = 1000 (default)
2023-09-20 15:48:46,212 [d833c6c7-5026-4edd-bbd5-8ccc0ef3852d@group-8A3B1EC5611F-LeaderElection13] INFO  server.RaftServerConfigKeys (ConfUtils.java:logGet(46)) - raft.server.write.element-limit = 1024 (custom)
2023-09-20 15:48:46,212 [d833c6c7-5026-4edd-bbd5-8ccc0ef3852d@group-8A3B1EC5611F-LeaderElection13] INFO  server.RaftServerConfigKeys (ConfUtils.java:logGet(46)) - raft.server.write.byte-limit = 1024 M (=1073741824) (custom)
2023-09-20 15:48:46,212 [d833c6c7-5026-4edd-bbd5-8ccc0ef3852d@group-8A3B1EC5611F-LeaderElection13] INFO  server.RaftServerConfigKeys (ConfUtils.java:logGet(46)) - raft.server.watch.timeout = 180s (custom)
2023-09-20 15:48:46,213 [d833c6c7-5026-4edd-bbd5-8ccc0ef3852d@group-8A3B1EC5611F-LeaderElection13] INFO  server.RaftServerConfigKeys (ConfUtils.java:logGet(46)) - raft.server.watch.timeout.denomination = 1s (default)
2023-09-20 15:48:46,213 [d833c6c7-5026-4edd-bbd5-8ccc0ef3852d@group-8A3B1EC5611F-LeaderElection13] INFO  server.RaftServerConfigKeys (ConfUtils.java:logGet(46)) - raft.server.watch.element-limit = 65536 (default)
2023-09-20 15:48:46,213 [d833c6c7-5026-4edd-bbd5-8ccc0ef3852d@group-8A3B1EC5611F-LeaderElection13] INFO  server.RaftServerConfigKeys (ConfUtils.java:logGet(46)) - raft.server.write.element-limit = 1024 (custom)
2023-09-20 15:48:46,213 [d833c6c7-5026-4edd-bbd5-8ccc0ef3852d@group-8A3B1EC5611F-LeaderElection13] INFO  server.RaftServerConfigKeys (ConfUtils.java:logGet(46)) - raft.server.write.follower.gap.ratio.max = -1.0 (default)
2023-09-20 15:48:46,214 [b1c70fe4-d692-4fdb-aa26-025ed9a8aa3e@group-578687A36430-FollowerState] INFO  impl.FollowerState (FollowerState.java:run(143)) - b1c70fe4-d692-4fdb-aa26-025ed9a8aa3e@group-578687A36430-FollowerState: change to CANDIDATE, lastRpcElapsedTime:5075313556ns, electionTimeout:5072ms
2023-09-20 15:48:46,214 [grpc-default-executor-2] INFO  impl.RoleInfo (RoleInfo.java:updateAndGet(139)) - b1c70fe4-d692-4fdb-aa26-025ed9a8aa3e: start b1c70fe4-d692-4fdb-aa26-025ed9a8aa3e@group-8A3B1EC5611F-FollowerState
2023-09-20 15:48:46,214 [b1c70fe4-d692-4fdb-aa26-025ed9a8aa3e@group-578687A36430-FollowerState] INFO  impl.RoleInfo (RoleInfo.java:shutdownFollowerState(110)) - b1c70fe4-d692-4fdb-aa26-025ed9a8aa3e: shutdown b1c70fe4-d692-4fdb-aa26-025ed9a8aa3e@group-578687A36430-FollowerState
2023-09-20 15:48:46,214 [b1c70fe4-d692-4fdb-aa26-025ed9a8aa3e@group-578687A36430-FollowerState] INFO  server.RaftServer$Division (RaftServerImpl.java:setRole(329)) - b1c70fe4-d692-4fdb-aa26-025ed9a8aa3e@group-578687A36430: changes role from  FOLLOWER to CANDIDATE at term 0 for changeToCandidate
2023-09-20 15:48:46,215 [d833c6c7-5026-4edd-bbd5-8ccc0ef3852d@group-8A3B1EC5611F-LeaderElection13] INFO  server.RaftServerConfigKeys (ConfUtils.java:logGet(46)) - raft.server.log.appender.snapshot.chunk.size.max = 16MB (=16777216) (default)
2023-09-20 15:48:46,215 [d833c6c7-5026-4edd-bbd5-8ccc0ef3852d@group-8A3B1EC5611F-LeaderElection13] INFO  server.RaftServerConfigKeys (ConfUtils.java:logGet(46)) - raft.server.log.appender.buffer.byte-limit = 33554432 (custom)
2023-09-20 15:48:46,215 [d833c6c7-5026-4edd-bbd5-8ccc0ef3852d@group-8A3B1EC5611F-LeaderElection13] INFO  server.RaftServerConfigKeys (ConfUtils.java:logGet(46)) - raft.server.log.appender.buffer.element-limit = 1 (custom)
2023-09-20 15:48:46,215 [d833c6c7-5026-4edd-bbd5-8ccc0ef3852d@group-8A3B1EC5611F-LeaderElection13] INFO  server.RaftServerConfigKeys (ConfUtils.java:logGet(46)) - raft.server.log.appender.wait-time.min = 10ms (default)
2023-09-20 15:48:46,216 [d833c6c7-5026-4edd-bbd5-8ccc0ef3852d@group-8A3B1EC5611F-LeaderElection13] INFO  grpc.GrpcConfigKeys (ConfUtils.java:logGet(46)) - raft.grpc.server.leader.outstanding.appends.max = 128 (default)
2023-09-20 15:48:46,216 [d833c6c7-5026-4edd-bbd5-8ccc0ef3852d@group-8A3B1EC5611F-LeaderElection13] INFO  server.RaftServerConfigKeys (ConfUtils.java:logGet(46)) - raft.server.rpc.request.timeout = 60s (custom)
2023-09-20 15:48:46,216 [d833c6c7-5026-4edd-bbd5-8ccc0ef3852d@group-8A3B1EC5611F-LeaderElection13] INFO  grpc.GrpcConfigKeys (ConfUtils.java:logGet(46)) - raft.grpc.server.install_snapshot.request.element-limit = 8 (default)
2023-09-20 15:48:46,219 [d833c6c7-5026-4edd-bbd5-8ccc0ef3852d@group-8A3B1EC5611F-LeaderElection13] INFO  grpc.GrpcConfigKeys (ConfUtils.java:logGet(46)) - raft.grpc.server.install_snapshot.request.timeout = 3000ms (default)
2023-09-20 15:48:46,219 [d833c6c7-5026-4edd-bbd5-8ccc0ef3852d@group-8A3B1EC5611F-LeaderElection13] INFO  server.RaftServerConfigKeys (ConfUtils.java:logGet(46)) - raft.server.log.appender.install.snapshot.enabled = false (custom)
2023-09-20 15:48:46,219 [d833c6c7-5026-4edd-bbd5-8ccc0ef3852d@group-8A3B1EC5611F-LeaderElection13] INFO  grpc.GrpcConfigKeys (ConfUtils.java:logGet(46)) - raft.grpc.server.heartbeat.channel = true (default)
2023-09-20 15:48:46,219 [b1c70fe4-d692-4fdb-aa26-025ed9a8aa3e@group-578687A36430-FollowerState] INFO  server.RaftServerConfigKeys (ConfUtils.java:logGet(46)) - raft.server.leaderelection.pre-vote = true (default)
2023-09-20 15:48:46,220 [b1c70fe4-d692-4fdb-aa26-025ed9a8aa3e@group-578687A36430-FollowerState] INFO  impl.RoleInfo (RoleInfo.java:updateAndGet(139)) - b1c70fe4-d692-4fdb-aa26-025ed9a8aa3e: start b1c70fe4-d692-4fdb-aa26-025ed9a8aa3e@group-578687A36430-LeaderElection14
2023-09-20 15:48:46,224 [grpc-default-executor-2] INFO  server.RaftServer$Division (RaftServerImpl.java:requestVote(1335)) - b1c70fe4-d692-4fdb-aa26-025ed9a8aa3e@group-8A3B1EC5611F replies to ELECTION vote request: d833c6c7-5026-4edd-bbd5-8ccc0ef3852d<-b1c70fe4-d692-4fdb-aa26-025ed9a8aa3e#0:OK-t1. Peer's state: b1c70fe4-d692-4fdb-aa26-025ed9a8aa3e@group-8A3B1EC5611F:t1, leader=null, voted=d833c6c7-5026-4edd-bbd5-8ccc0ef3852d, raftlog=Memoized:b1c70fe4-d692-4fdb-aa26-025ed9a8aa3e@group-8A3B1EC5611F-SegmentedRaftLog:OPENED:c-1, conf=-1: peers:[76461d31-4f4d-43fe-b3e7-bc7be05b2809|rpc:10.1.0.36:15049|admin:10.1.0.36:15048|client:10.1.0.36:15047|dataStream:10.1.0.36:15050|priority:0|startupRole:FOLLOWER, b1c70fe4-d692-4fdb-aa26-025ed9a8aa3e|rpc:10.1.0.36:15058|admin:10.1.0.36:15057|client:10.1.0.36:15056|dataStream:10.1.0.36:15059|priority:0|startupRole:FOLLOWER, d833c6c7-5026-4edd-bbd5-8ccc0ef3852d|rpc:10.1.0.36:15067|admin:10.1.0.36:15066|client:10.1.0.36:15065|dataStream:10.1.0.36:15068|priority:1|startupRole:FOLLOWER]|listeners:[], old=null
2023-09-20 15:48:46,224 [d833c6c7-5026-4edd-bbd5-8ccc0ef3852d@group-8A3B1EC5611F-LeaderElection13] INFO  server.RaftServerConfigKeys (ConfUtils.java:logGet(46)) - raft.server.log.appender.snapshot.chunk.size.max = 16MB (=16777216) (default)
2023-09-20 15:48:46,225 [d833c6c7-5026-4edd-bbd5-8ccc0ef3852d@group-8A3B1EC5611F-LeaderElection13] INFO  server.RaftServerConfigKeys (ConfUtils.java:logGet(46)) - raft.server.log.appender.buffer.byte-limit = 33554432 (custom)
2023-09-20 15:48:46,225 [d833c6c7-5026-4edd-bbd5-8ccc0ef3852d@group-8A3B1EC5611F-LeaderElection13] INFO  server.RaftServerConfigKeys (ConfUtils.java:logGet(46)) - raft.server.log.appender.buffer.element-limit = 1 (custom)
2023-09-20 15:48:46,225 [d833c6c7-5026-4edd-bbd5-8ccc0ef3852d@group-8A3B1EC5611F-LeaderElection13] INFO  server.RaftServerConfigKeys (ConfUtils.java:logGet(46)) - raft.server.log.appender.wait-time.min = 10ms (default)
2023-09-20 15:48:46,225 [d833c6c7-5026-4edd-bbd5-8ccc0ef3852d@group-8A3B1EC5611F-LeaderElection13] INFO  grpc.GrpcConfigKeys (ConfUtils.java:logGet(46)) - raft.grpc.server.leader.outstanding.appends.max = 128 (default)
2023-09-20 15:48:46,225 [d833c6c7-5026-4edd-bbd5-8ccc0ef3852d@group-8A3B1EC5611F-LeaderElection13] INFO  server.RaftServerConfigKeys (ConfUtils.java:logGet(46)) - raft.server.rpc.request.timeout = 60s (custom)
2023-09-20 15:48:46,225 [d833c6c7-5026-4edd-bbd5-8ccc0ef3852d@group-8A3B1EC5611F-LeaderElection13] INFO  grpc.GrpcConfigKeys (ConfUtils.java:logGet(46)) - raft.grpc.server.install_snapshot.request.element-limit = 8 (default)
2023-09-20 15:48:46,225 [d833c6c7-5026-4edd-bbd5-8ccc0ef3852d@group-8A3B1EC5611F-LeaderElection13] INFO  grpc.GrpcConfigKeys (ConfUtils.java:logGet(46)) - raft.grpc.server.install_snapshot.request.timeout = 3000ms (default)
2023-09-20 15:48:46,225 [d833c6c7-5026-4edd-bbd5-8ccc0ef3852d@group-8A3B1EC5611F-LeaderElection13] INFO  server.RaftServerConfigKeys (ConfUtils.java:logGet(46)) - raft.server.log.appender.install.snapshot.enabled = false (custom)
2023-09-20 15:48:46,225 [d833c6c7-5026-4edd-bbd5-8ccc0ef3852d@group-8A3B1EC5611F-LeaderElection13] INFO  grpc.GrpcConfigKeys (ConfUtils.java:logGet(46)) - raft.grpc.server.heartbeat.channel = true (default)
2023-09-20 15:48:46,226 [d833c6c7-5026-4edd-bbd5-8ccc0ef3852d@group-8A3B1EC5611F-LeaderElection13] INFO  impl.RoleInfo (RoleInfo.java:updateAndGet(139)) - d833c6c7-5026-4edd-bbd5-8ccc0ef3852d: start d833c6c7-5026-4edd-bbd5-8ccc0ef3852d@group-8A3B1EC5611F-LeaderStateImpl
2023-09-20 15:48:46,226 [d833c6c7-5026-4edd-bbd5-8ccc0ef3852d@group-8A3B1EC5611F-LeaderElection13] INFO  segmented.SegmentedRaftLogWorker (SegmentedRaftLogWorker.java:startLogSegment(447)) - d833c6c7-5026-4edd-bbd5-8ccc0ef3852d@group-8A3B1EC5611F-SegmentedRaftLogWorker: Starting segment from index:0
2023-09-20 15:48:46,227 [d833c6c7-5026-4edd-bbd5-8ccc0ef3852d@group-8A3B1EC5611F-SegmentedRaftLogWorker] INFO  segmented.SegmentedRaftLogWorker (SegmentedRaftLogWorker.java:execute(651)) - d833c6c7-5026-4edd-bbd5-8ccc0ef3852d@group-8A3B1EC5611F-SegmentedRaftLogWorker: created new log segment /home/runner/work/ozone/ozone/hadoop-ozone/integration-test/target/test-dir/MiniOzoneClusterImpl-38a365bd-16d9-45d9-a84a-b01271e6c83a/datanode-2/data/ratis/15feb49d-6829-40ee-baa7-8a3b1ec5611f/current/log_inprogress_0
2023-09-20 15:48:46,231 [b1c70fe4-d692-4fdb-aa26-025ed9a8aa3e@group-578687A36430-LeaderElection14] INFO  impl.LeaderElection (LeaderElection.java:askForVotes(321)) - b1c70fe4-d692-4fdb-aa26-025ed9a8aa3e@group-578687A36430-LeaderElection14 PRE_VOTE round 0: submit vote requests at term 0 for -1: peers:[b1c70fe4-d692-4fdb-aa26-025ed9a8aa3e|rpc:10.1.0.36:15058|admin:10.1.0.36:15057|client:10.1.0.36:15056|dataStream:10.1.0.36:15059|priority:1|startupRole:FOLLOWER]|listeners:[], old=null
2023-09-20 15:48:46,231 [b1c70fe4-d692-4fdb-aa26-025ed9a8aa3e@group-578687A36430-LeaderElection14] INFO  impl.LeaderElection (LeaderElection.java:askForVotes(323)) - b1c70fe4-d692-4fdb-aa26-025ed9a8aa3e@group-578687A36430-LeaderElection14 PRE_VOTE round 0: result PASSED (term=0)
2023-09-20 15:48:46,234 [EventQueue-PipelineReportForPipelineReportHandler] INFO  pipeline.PipelineReportHandler (PipelineReportHandler.java:processPipelineReport(136)) - Opened pipeline PipelineID=15feb49d-6829-40ee-baa7-8a3b1ec5611f
2023-09-20 15:48:46,234 [d833c6c7-5026-4edd-bbd5-8ccc0ef3852d@group-8A3B1EC5611F-LeaderElection13] INFO  server.RaftServer$Division (ServerState.java:setRaftConf(434)) - d833c6c7-5026-4edd-bbd5-8ccc0ef3852d@group-8A3B1EC5611F: set configuration 0: peers:[76461d31-4f4d-43fe-b3e7-bc7be05b2809|rpc:10.1.0.36:15049|admin:10.1.0.36:15048|client:10.1.0.36:15047|dataStream:10.1.0.36:15050|priority:0|startupRole:FOLLOWER, b1c70fe4-d692-4fdb-aa26-025ed9a8aa3e|rpc:10.1.0.36:15058|admin:10.1.0.36:15057|client:10.1.0.36:15056|dataStream:10.1.0.36:15059|priority:0|startupRole:FOLLOWER, d833c6c7-5026-4edd-bbd5-8ccc0ef3852d|rpc:10.1.0.36:15067|admin:10.1.0.36:15066|client:10.1.0.36:15065|dataStream:10.1.0.36:15068|priority:1|startupRole:FOLLOWER]|listeners:[], old=null
2023-09-20 15:48:46,236 [b1c70fe4-d692-4fdb-aa26-025ed9a8aa3e@group-578687A36430-LeaderElection14] INFO  impl.LeaderElection (LeaderElection.java:askForVotes(321)) - b1c70fe4-d692-4fdb-aa26-025ed9a8aa3e@group-578687A36430-LeaderElection14 ELECTION round 0: submit vote requests at term 1 for -1: peers:[b1c70fe4-d692-4fdb-aa26-025ed9a8aa3e|rpc:10.1.0.36:15058|admin:10.1.0.36:15057|client:10.1.0.36:15056|dataStream:10.1.0.36:15059|priority:1|startupRole:FOLLOWER]|listeners:[], old=null
2023-09-20 15:48:46,236 [b1c70fe4-d692-4fdb-aa26-025ed9a8aa3e@group-578687A36430-LeaderElection14] INFO  impl.LeaderElection (LeaderElection.java:askForVotes(323)) - b1c70fe4-d692-4fdb-aa26-025ed9a8aa3e@group-578687A36430-LeaderElection14 ELECTION round 0: result PASSED (term=1)
2023-09-20 15:48:46,237 [b1c70fe4-d692-4fdb-aa26-025ed9a8aa3e@group-578687A36430-LeaderElection14] INFO  impl.RoleInfo (RoleInfo.java:shutdownLeaderElection(130)) - b1c70fe4-d692-4fdb-aa26-025ed9a8aa3e: shutdown b1c70fe4-d692-4fdb-aa26-025ed9a8aa3e@group-578687A36430-LeaderElection14
2023-09-20 15:48:46,237 [b1c70fe4-d692-4fdb-aa26-025ed9a8aa3e@group-578687A36430-LeaderElection14] INFO  server.RaftServer$Division (RaftServerImpl.java:setRole(329)) - b1c70fe4-d692-4fdb-aa26-025ed9a8aa3e@group-578687A36430: changes role from CANDIDATE to LEADER at term 1 for changeToLeader
2023-09-20 15:48:46,237 [b1c70fe4-d692-4fdb-aa26-025ed9a8aa3e@group-578687A36430-LeaderElection14] INFO  ratis.XceiverServerRatis (XceiverServerRatis.java:handleLeaderChangedNotification(902)) - Leader change notification received for group: group-578687A36430 with new leaderId: b1c70fe4-d692-4fdb-aa26-025ed9a8aa3e
2023-09-20 15:48:46,237 [b1c70fe4-d692-4fdb-aa26-025ed9a8aa3e@group-578687A36430-LeaderElection14] INFO  server.RaftServer$Division (ServerState.java:setLeader(317)) - b1c70fe4-d692-4fdb-aa26-025ed9a8aa3e@group-578687A36430: change Leader from null to b1c70fe4-d692-4fdb-aa26-025ed9a8aa3e at term 1 for becomeLeader, leader elected after 5136ms
2023-09-20 15:48:46,237 [b1c70fe4-d692-4fdb-aa26-025ed9a8aa3e@group-578687A36430-LeaderElection14] INFO  server.RaftServerConfigKeys (ConfUtils.java:logGet(46)) - raft.server.staging.catchup.gap = 1000 (default)
2023-09-20 15:48:46,238 [b1c70fe4-d692-4fdb-aa26-025ed9a8aa3e@group-578687A36430-LeaderElection14] INFO  server.RaftServerConfigKeys (ConfUtils.java:logGet(46)) - raft.server.write.element-limit = 1024 (custom)
2023-09-20 15:48:46,238 [b1c70fe4-d692-4fdb-aa26-025ed9a8aa3e@group-578687A36430-LeaderElection14] INFO  server.RaftServerConfigKeys (ConfUtils.java:logGet(46)) - raft.server.write.byte-limit = 1024 M (=1073741824) (custom)
2023-09-20 15:48:46,238 [b1c70fe4-d692-4fdb-aa26-025ed9a8aa3e@group-578687A36430-LeaderElection14] INFO  server.RaftServerConfigKeys (ConfUtils.java:logGet(46)) - raft.server.watch.timeout = 180s (custom)
2023-09-20 15:48:46,238 [b1c70fe4-d692-4fdb-aa26-025ed9a8aa3e@group-578687A36430-LeaderElection14] INFO  server.RaftServerConfigKeys (ConfUtils.java:logGet(46)) - raft.server.watch.timeout.denomination = 1s (default)
2023-09-20 15:48:46,238 [b1c70fe4-d692-4fdb-aa26-025ed9a8aa3e@group-578687A36430-LeaderElection14] INFO  server.RaftServerConfigKeys (ConfUtils.java:logGet(46)) - raft.server.watch.element-limit = 65536 (default)
2023-09-20 15:48:46,238 [b1c70fe4-d692-4fdb-aa26-025ed9a8aa3e@group-578687A36430-LeaderElection14] INFO  server.RaftServerConfigKeys (ConfUtils.java:logGet(46)) - raft.server.write.element-limit = 1024 (custom)
2023-09-20 15:48:46,239 [b1c70fe4-d692-4fdb-aa26-025ed9a8aa3e@group-578687A36430-LeaderElection14] INFO  server.RaftServerConfigKeys (ConfUtils.java:logGet(46)) - raft.server.write.follower.gap.ratio.max = -1.0 (default)
2023-09-20 15:48:46,239 [b1c70fe4-d692-4fdb-aa26-025ed9a8aa3e@group-578687A36430-LeaderElection14] INFO  impl.RoleInfo (RoleInfo.java:updateAndGet(139)) - b1c70fe4-d692-4fdb-aa26-025ed9a8aa3e: start b1c70fe4-d692-4fdb-aa26-025ed9a8aa3e@group-578687A36430-LeaderStateImpl
2023-09-20 15:48:46,239 [b1c70fe4-d692-4fdb-aa26-025ed9a8aa3e@group-578687A36430-LeaderElection14] INFO  segmented.SegmentedRaftLogWorker (SegmentedRaftLogWorker.java:startLogSegment(447)) - b1c70fe4-d692-4fdb-aa26-025ed9a8aa3e@group-578687A36430-SegmentedRaftLogWorker: Starting segment from index:0
2023-09-20 15:48:46,243 [b1c70fe4-d692-4fdb-aa26-025ed9a8aa3e@group-578687A36430-SegmentedRaftLogWorker] INFO  segmented.SegmentedRaftLogWorker (SegmentedRaftLogWorker.java:execute(651)) - b1c70fe4-d692-4fdb-aa26-025ed9a8aa3e@group-578687A36430-SegmentedRaftLogWorker: created new log segment /home/runner/work/ozone/ozone/hadoop-ozone/integration-test/target/test-dir/MiniOzoneClusterImpl-38a365bd-16d9-45d9-a84a-b01271e6c83a/datanode-1/data/ratis/3973acac-7d66-4539-9ac8-578687a36430/current/log_inprogress_0
2023-09-20 15:48:46,249 [b1c70fe4-d692-4fdb-aa26-025ed9a8aa3e@group-578687A36430-LeaderElection14] INFO  server.RaftServer$Division (ServerState.java:setRaftConf(434)) - b1c70fe4-d692-4fdb-aa26-025ed9a8aa3e@group-578687A36430: set configuration 0: peers:[b1c70fe4-d692-4fdb-aa26-025ed9a8aa3e|rpc:10.1.0.36:15058|admin:10.1.0.36:15057|client:10.1.0.36:15056|dataStream:10.1.0.36:15059|priority:1|startupRole:FOLLOWER]|listeners:[], old=null
2023-09-20 15:48:46,257 [76461d31-4f4d-43fe-b3e7-bc7be05b2809-server-thread1] INFO  ratis.XceiverServerRatis (XceiverServerRatis.java:handleLeaderChangedNotification(902)) - Leader change notification received for group: group-8A3B1EC5611F with new leaderId: d833c6c7-5026-4edd-bbd5-8ccc0ef3852d
2023-09-20 15:48:46,257 [76461d31-4f4d-43fe-b3e7-bc7be05b2809-server-thread1] INFO  server.RaftServer$Division (ServerState.java:setLeader(317)) - 76461d31-4f4d-43fe-b3e7-bc7be05b2809@group-8A3B1EC5611F: change Leader from null to d833c6c7-5026-4edd-bbd5-8ccc0ef3852d at term 1 for appendEntries, leader elected after 5340ms
2023-09-20 15:48:46,258 [b1c70fe4-d692-4fdb-aa26-025ed9a8aa3e-server-thread1] INFO  ratis.XceiverServerRatis (XceiverServerRatis.java:handleLeaderChangedNotification(902)) - Leader change notification received for group: group-8A3B1EC5611F with new leaderId: d833c6c7-5026-4edd-bbd5-8ccc0ef3852d
2023-09-20 15:48:46,258 [b1c70fe4-d692-4fdb-aa26-025ed9a8aa3e-server-thread1] INFO  server.RaftServer$Division (ServerState.java:setLeader(317)) - b1c70fe4-d692-4fdb-aa26-025ed9a8aa3e@group-8A3B1EC5611F: change Leader from null to d833c6c7-5026-4edd-bbd5-8ccc0ef3852d at term 1 for appendEntries, leader elected after 5297ms
2023-09-20 15:48:46,263 [b1c70fe4-d692-4fdb-aa26-025ed9a8aa3e-server-thread2] INFO  server.RaftServer$Division (ServerState.java:setRaftConf(434)) - b1c70fe4-d692-4fdb-aa26-025ed9a8aa3e@group-8A3B1EC5611F: set configuration 0: peers:[76461d31-4f4d-43fe-b3e7-bc7be05b2809|rpc:10.1.0.36:15049|admin:10.1.0.36:15048|client:10.1.0.36:15047|dataStream:10.1.0.36:15050|priority:0|startupRole:FOLLOWER, b1c70fe4-d692-4fdb-aa26-025ed9a8aa3e|rpc:10.1.0.36:15058|admin:10.1.0.36:15057|client:10.1.0.36:15056|dataStream:10.1.0.36:15059|priority:0|startupRole:FOLLOWER, d833c6c7-5026-4edd-bbd5-8ccc0ef3852d|rpc:10.1.0.36:15067|admin:10.1.0.36:15066|client:10.1.0.36:15065|dataStream:10.1.0.36:15068|priority:1|startupRole:FOLLOWER]|listeners:[], old=null
2023-09-20 15:48:46,263 [b1c70fe4-d692-4fdb-aa26-025ed9a8aa3e-server-thread2] INFO  segmented.SegmentedRaftLogWorker (SegmentedRaftLogWorker.java:startLogSegment(447)) - b1c70fe4-d692-4fdb-aa26-025ed9a8aa3e@group-8A3B1EC5611F-SegmentedRaftLogWorker: Starting segment from index:0
2023-09-20 15:48:46,265 [b1c70fe4-d692-4fdb-aa26-025ed9a8aa3e@group-8A3B1EC5611F-SegmentedRaftLogWorker] INFO  segmented.SegmentedRaftLogWorker (SegmentedRaftLogWorker.java:execute(651)) - b1c70fe4-d692-4fdb-aa26-025ed9a8aa3e@group-8A3B1EC5611F-SegmentedRaftLogWorker: created new log segment /home/runner/work/ozone/ozone/hadoop-ozone/integration-test/target/test-dir/MiniOzoneClusterImpl-38a365bd-16d9-45d9-a84a-b01271e6c83a/datanode-1/data/ratis/15feb49d-6829-40ee-baa7-8a3b1ec5611f/current/log_inprogress_0
2023-09-20 15:48:46,271 [76461d31-4f4d-43fe-b3e7-bc7be05b2809-server-thread3] INFO  server.RaftServer$Division (ServerState.java:setRaftConf(434)) - 76461d31-4f4d-43fe-b3e7-bc7be05b2809@group-8A3B1EC5611F: set configuration 0: peers:[76461d31-4f4d-43fe-b3e7-bc7be05b2809|rpc:10.1.0.36:15049|admin:10.1.0.36:15048|client:10.1.0.36:15047|dataStream:10.1.0.36:15050|priority:0|startupRole:FOLLOWER, b1c70fe4-d692-4fdb-aa26-025ed9a8aa3e|rpc:10.1.0.36:15058|admin:10.1.0.36:15057|client:10.1.0.36:15056|dataStream:10.1.0.36:15059|priority:0|startupRole:FOLLOWER, d833c6c7-5026-4edd-bbd5-8ccc0ef3852d|rpc:10.1.0.36:15067|admin:10.1.0.36:15066|client:10.1.0.36:15065|dataStream:10.1.0.36:15068|priority:1|startupRole:FOLLOWER]|listeners:[], old=null
2023-09-20 15:48:46,272 [76461d31-4f4d-43fe-b3e7-bc7be05b2809-server-thread3] INFO  segmented.SegmentedRaftLogWorker (SegmentedRaftLogWorker.java:startLogSegment(447)) - 76461d31-4f4d-43fe-b3e7-bc7be05b2809@group-8A3B1EC5611F-SegmentedRaftLogWorker: Starting segment from index:0
2023-09-20 15:48:46,273 [76461d31-4f4d-43fe-b3e7-bc7be05b2809@group-8A3B1EC5611F-SegmentedRaftLogWorker] INFO  segmented.SegmentedRaftLogWorker (SegmentedRaftLogWorker.java:execute(651)) - 76461d31-4f4d-43fe-b3e7-bc7be05b2809@group-8A3B1EC5611F-SegmentedRaftLogWorker: created new log segment /home/runner/work/ozone/ozone/hadoop-ozone/integration-test/target/test-dir/MiniOzoneClusterImpl-38a365bd-16d9-45d9-a84a-b01271e6c83a/datanode-0/data/ratis/15feb49d-6829-40ee-baa7-8a3b1ec5611f/current/log_inprogress_0
2023-09-20 15:48:46,526 [main] INFO  ozone.MiniOzoneClusterImpl (MiniOzoneClusterImpl.java:lambda$waitForClusterToBeReady$0(224)) - Nodes are ready. Got 3 of 3 DN Heartbeats.
2023-09-20 15:48:46,527 [main] INFO  ozone.MiniOzoneClusterImpl (MiniOzoneClusterImpl.java:lambda$waitForClusterToBeReady$0(227)) - Cluster exits safe mode
2023-09-20 15:48:46,527 [main] INFO  ozone.MiniOzoneClusterImpl (MiniOzoneClusterImpl.java:lambda$waitForClusterToBeReady$0(229)) - SCM became leader
2023-09-20 15:48:46,576 [main] INFO  rpc.RpcClient (RpcClient.java:createVolume(461)) - Creating Volume: vol1, with user78723 as owner and space quota set to -1 bytes, counts quota set to -1
2023-09-20 15:48:46,587 [OM StateMachine ApplyTransaction Thread - 0] INFO  volume.OMVolumeCreateRequest (OMVolumeCreateRequest.java:validateAndUpdateCache(196)) - created volume:vol1 for user:user78723
2023-09-20 15:48:46,595 [main] INFO  rpc.RpcClient (RpcClient.java:createBucket(688)) - Creating Bucket: vol1/bucket1, with bucket layout LEGACY, runner as owner, Versioning false, Storage Type set to DISK and Encryption set to false, Replication Type set to server-side default replication type, Namespace Quota set to -1, Space Quota set to -1 
2023-09-20 15:48:46,599 [OM StateMachine ApplyTransaction Thread - 0] INFO  bucket.OMBucketCreateRequest (OMBucketCreateRequest.java:validateAndUpdateCache(270)) - created bucket: bucket1 of layout LEGACY in volume: vol1
2023-09-20 15:48:46,621 [IPC Server handler 1 on default port 15036] INFO  ha.SequenceIdGenerator (SequenceIdGenerator.java:getNextId(140)) - Allocate a batch for containerId, change lastId from 0 to 1000.
2023-09-20 15:48:46,626 [IPC Server handler 1 on default port 15036] WARN  ha.SequenceIdGenerator (SequenceIdGenerator.java:allocateBatch(253)) - Failed to allocate a batch for localId, expected lastId is 0, actual lastId is 111677748019200000.
2023-09-20 15:48:46,626 [IPC Server handler 1 on default port 15036] INFO  ha.SequenceIdGenerator (SequenceIdGenerator.java:getNextId(140)) - Allocate a batch for localId, change lastId from 111677748019200000 to 111677748019201000.
2023-09-20 15:48:46,696 [d833c6c7-5026-4edd-bbd5-8ccc0ef3852d@group-0D300F9491B5-FollowerState] INFO  impl.FollowerState (FollowerState.java:run(143)) - d833c6c7-5026-4edd-bbd5-8ccc0ef3852d@group-0D300F9491B5-FollowerState: change to CANDIDATE, lastRpcElapsedTime:5171100020ns, electionTimeout:5155ms
2023-09-20 15:48:46,696 [d833c6c7-5026-4edd-bbd5-8ccc0ef3852d@group-0D300F9491B5-FollowerState] INFO  impl.RoleInfo (RoleInfo.java:shutdownFollowerState(110)) - d833c6c7-5026-4edd-bbd5-8ccc0ef3852d: shutdown d833c6c7-5026-4edd-bbd5-8ccc0ef3852d@group-0D300F9491B5-FollowerState
2023-09-20 15:48:46,696 [d833c6c7-5026-4edd-bbd5-8ccc0ef3852d@group-0D300F9491B5-FollowerState] INFO  server.RaftServer$Division (RaftServerImpl.java:setRole(329)) - d833c6c7-5026-4edd-bbd5-8ccc0ef3852d@group-0D300F9491B5: changes role from  FOLLOWER to CANDIDATE at term 0 for changeToCandidate
2023-09-20 15:48:46,697 [d833c6c7-5026-4edd-bbd5-8ccc0ef3852d@group-0D300F9491B5-FollowerState] INFO  server.RaftServerConfigKeys (ConfUtils.java:logGet(46)) - raft.server.leaderelection.pre-vote = true (default)
2023-09-20 15:48:46,697 [d833c6c7-5026-4edd-bbd5-8ccc0ef3852d@group-0D300F9491B5-FollowerState] INFO  impl.RoleInfo (RoleInfo.java:updateAndGet(139)) - d833c6c7-5026-4edd-bbd5-8ccc0ef3852d: start d833c6c7-5026-4edd-bbd5-8ccc0ef3852d@group-0D300F9491B5-LeaderElection15
2023-09-20 15:48:46,720 [d833c6c7-5026-4edd-bbd5-8ccc0ef3852d@group-0D300F9491B5-LeaderElection15] INFO  impl.LeaderElection (LeaderElection.java:askForVotes(321)) - d833c6c7-5026-4edd-bbd5-8ccc0ef3852d@group-0D300F9491B5-LeaderElection15 PRE_VOTE round 0: submit vote requests at term 0 for -1: peers:[d833c6c7-5026-4edd-bbd5-8ccc0ef3852d|rpc:10.1.0.36:15067|admin:10.1.0.36:15066|client:10.1.0.36:15065|dataStream:10.1.0.36:15068|priority:1|startupRole:FOLLOWER]|listeners:[], old=null
2023-09-20 15:48:46,720 [d833c6c7-5026-4edd-bbd5-8ccc0ef3852d@group-0D300F9491B5-LeaderElection15] INFO  impl.LeaderElection (LeaderElection.java:askForVotes(323)) - d833c6c7-5026-4edd-bbd5-8ccc0ef3852d@group-0D300F9491B5-LeaderElection15 PRE_VOTE round 0: result PASSED (term=0)
2023-09-20 15:48:46,733 [d833c6c7-5026-4edd-bbd5-8ccc0ef3852d@group-0D300F9491B5-LeaderElection15] INFO  impl.LeaderElection (LeaderElection.java:askForVotes(321)) - d833c6c7-5026-4edd-bbd5-8ccc0ef3852d@group-0D300F9491B5-LeaderElection15 ELECTION round 0: submit vote requests at term 1 for -1: peers:[d833c6c7-5026-4edd-bbd5-8ccc0ef3852d|rpc:10.1.0.36:15067|admin:10.1.0.36:15066|client:10.1.0.36:15065|dataStream:10.1.0.36:15068|priority:1|startupRole:FOLLOWER]|listeners:[], old=null
2023-09-20 15:48:46,733 [d833c6c7-5026-4edd-bbd5-8ccc0ef3852d@group-0D300F9491B5-LeaderElection15] INFO  impl.LeaderElection (LeaderElection.java:askForVotes(323)) - d833c6c7-5026-4edd-bbd5-8ccc0ef3852d@group-0D300F9491B5-LeaderElection15 ELECTION round 0: result PASSED (term=1)
2023-09-20 15:48:46,733 [d833c6c7-5026-4edd-bbd5-8ccc0ef3852d@group-0D300F9491B5-LeaderElection15] INFO  impl.RoleInfo (RoleInfo.java:shutdownLeaderElection(130)) - d833c6c7-5026-4edd-bbd5-8ccc0ef3852d: shutdown d833c6c7-5026-4edd-bbd5-8ccc0ef3852d@group-0D300F9491B5-LeaderElection15
2023-09-20 15:48:46,733 [d833c6c7-5026-4edd-bbd5-8ccc0ef3852d@group-0D300F9491B5-LeaderElection15] INFO  server.RaftServer$Division (RaftServerImpl.java:setRole(329)) - d833c6c7-5026-4edd-bbd5-8ccc0ef3852d@group-0D300F9491B5: changes role from CANDIDATE to LEADER at term 1 for changeToLeader
2023-09-20 15:48:46,737 [d833c6c7-5026-4edd-bbd5-8ccc0ef3852d@group-0D300F9491B5-LeaderElection15] INFO  ratis.XceiverServerRatis (XceiverServerRatis.java:handleLeaderChangedNotification(902)) - Leader change notification received for group: group-0D300F9491B5 with new leaderId: d833c6c7-5026-4edd-bbd5-8ccc0ef3852d
2023-09-20 15:48:46,748 [d833c6c7-5026-4edd-bbd5-8ccc0ef3852d@group-0D300F9491B5-LeaderElection15] INFO  server.RaftServer$Division (ServerState.java:setLeader(317)) - d833c6c7-5026-4edd-bbd5-8ccc0ef3852d@group-0D300F9491B5: change Leader from null to d833c6c7-5026-4edd-bbd5-8ccc0ef3852d at term 1 for becomeLeader, leader elected after 5242ms
2023-09-20 15:48:46,748 [d833c6c7-5026-4edd-bbd5-8ccc0ef3852d@group-0D300F9491B5-LeaderElection15] INFO  server.RaftServerConfigKeys (ConfUtils.java:logGet(46)) - raft.server.staging.catchup.gap = 1000 (default)
2023-09-20 15:48:46,748 [d833c6c7-5026-4edd-bbd5-8ccc0ef3852d@group-0D300F9491B5-LeaderElection15] INFO  server.RaftServerConfigKeys (ConfUtils.java:logGet(46)) - raft.server.write.element-limit = 1024 (custom)
2023-09-20 15:48:46,748 [d833c6c7-5026-4edd-bbd5-8ccc0ef3852d@group-0D300F9491B5-LeaderElection15] INFO  server.RaftServerConfigKeys (ConfUtils.java:logGet(46)) - raft.server.write.byte-limit = 1024 M (=1073741824) (custom)
2023-09-20 15:48:46,748 [d833c6c7-5026-4edd-bbd5-8ccc0ef3852d@group-0D300F9491B5-LeaderElection15] INFO  server.RaftServerConfigKeys (ConfUtils.java:logGet(46)) - raft.server.watch.timeout = 180s (custom)
2023-09-20 15:48:46,748 [d833c6c7-5026-4edd-bbd5-8ccc0ef3852d@group-0D300F9491B5-LeaderElection15] INFO  server.RaftServerConfigKeys (ConfUtils.java:logGet(46)) - raft.server.watch.timeout.denomination = 1s (default)
2023-09-20 15:48:46,749 [d833c6c7-5026-4edd-bbd5-8ccc0ef3852d@group-0D300F9491B5-LeaderElection15] INFO  server.RaftServerConfigKeys (ConfUtils.java:logGet(46)) - raft.server.watch.element-limit = 65536 (default)
2023-09-20 15:48:46,749 [d833c6c7-5026-4edd-bbd5-8ccc0ef3852d@group-0D300F9491B5-LeaderElection15] INFO  server.RaftServerConfigKeys (ConfUtils.java:logGet(46)) - raft.server.write.element-limit = 1024 (custom)
2023-09-20 15:48:46,749 [d833c6c7-5026-4edd-bbd5-8ccc0ef3852d@group-0D300F9491B5-LeaderElection15] INFO  server.RaftServerConfigKeys (ConfUtils.java:logGet(46)) - raft.server.write.follower.gap.ratio.max = -1.0 (default)
2023-09-20 15:48:46,749 [d833c6c7-5026-4edd-bbd5-8ccc0ef3852d@group-0D300F9491B5-LeaderElection15] INFO  impl.RoleInfo (RoleInfo.java:updateAndGet(139)) - d833c6c7-5026-4edd-bbd5-8ccc0ef3852d: start d833c6c7-5026-4edd-bbd5-8ccc0ef3852d@group-0D300F9491B5-LeaderStateImpl
2023-09-20 15:48:46,749 [d833c6c7-5026-4edd-bbd5-8ccc0ef3852d@group-0D300F9491B5-LeaderElection15] INFO  segmented.SegmentedRaftLogWorker (SegmentedRaftLogWorker.java:startLogSegment(447)) - d833c6c7-5026-4edd-bbd5-8ccc0ef3852d@group-0D300F9491B5-SegmentedRaftLogWorker: Starting segment from index:0
2023-09-20 15:48:46,762 [d833c6c7-5026-4edd-bbd5-8ccc0ef3852d@group-0D300F9491B5-LeaderElection15] INFO  server.RaftServer$Division (ServerState.java:setRaftConf(434)) - d833c6c7-5026-4edd-bbd5-8ccc0ef3852d@group-0D300F9491B5: set configuration 0: peers:[d833c6c7-5026-4edd-bbd5-8ccc0ef3852d|rpc:10.1.0.36:15067|admin:10.1.0.36:15066|client:10.1.0.36:15065|dataStream:10.1.0.36:15068|priority:1|startupRole:FOLLOWER]|listeners:[], old=null
2023-09-20 15:48:46,768 [d833c6c7-5026-4edd-bbd5-8ccc0ef3852d@group-0D300F9491B5-SegmentedRaftLogWorker] INFO  segmented.SegmentedRaftLogWorker (SegmentedRaftLogWorker.java:execute(651)) - d833c6c7-5026-4edd-bbd5-8ccc0ef3852d@group-0D300F9491B5-SegmentedRaftLogWorker: created new log segment /home/runner/work/ozone/ozone/hadoop-ozone/integration-test/target/test-dir/MiniOzoneClusterImpl-38a365bd-16d9-45d9-a84a-b01271e6c83a/datanode-2/data/ratis/05cca329-6272-4460-9100-0d300f9491b5/current/log_inprogress_0
2023-09-20 15:48:48,254 [main] INFO  om.TestSnapshotDeletingService (TestSnapshotDeletingService.java:assertTableRowCount(567)) - keyTable actual row count=2, expectedCount=2
2023-09-20 15:48:48,279 [OM StateMachine ApplyTransaction Thread - 0] WARN  snapshot.OMSnapshotCreateRequest (OMSnapshotCreateRequest.java:estimateBucketDataSize(333)) - DefaultReplicationConfig is not correctly set in OmBucketInfo for volume 'vol1' bucket 'bucket1'. Falling back to config default 'RATIS/THREE'
2023-09-20 15:48:48,281 [OM StateMachine ApplyTransaction Thread - 0] INFO  snapshot.OMSnapshotCreateRequest (OMSnapshotCreateRequest.java:validateAndUpdateCache(215)) - Created snapshot: 'bucket1snap1' with snapshotId: 'ac28e77a-adb6-4a5a-b8e3-d8ba5eb595e0' under path 'vol1/bucket1'
2023-09-20 15:48:48,283 [main] INFO  om.TestSnapshotDeletingService (TestSnapshotDeletingService.java:assertTableRowCount(567)) - snapshotInfoTable actual row count=0, expectedCount=1
2023-09-20 15:48:48,317 [OMDoubleBufferFlushThread] INFO  db.RDBCheckpointManager (RDBCheckpointManager.java:createCheckpoint(89)) - Created checkpoint in rocksDB at /home/runner/work/ozone/ozone/hadoop-ozone/integration-test/target/test-dir/MiniOzoneClusterImpl-38a365bd-16d9-45d9-a84a-b01271e6c83a/ozone-meta/db.snapshots/checkpointState/om.db-ac28e77a-adb6-4a5a-b8e3-d8ba5eb595e0 in 33 milliseconds
2023-09-20 15:48:48,318 [OMDoubleBufferFlushThread] INFO  db.RDBCheckpointUtils (RDBCheckpointUtils.java:waitForCheckpointDirectoryExist(60)) - Waited for 1 milliseconds for checkpoint directory /home/runner/work/ozone/ozone/hadoop-ozone/integration-test/target/test-dir/MiniOzoneClusterImpl-38a365bd-16d9-45d9-a84a-b01271e6c83a/ozone-meta/db.snapshots/checkpointState/om.db-ac28e77a-adb6-4a5a-b8e3-d8ba5eb595e0 availability.
2023-09-20 15:48:48,318 [OMDoubleBufferFlushThread] INFO  om.OmSnapshotManager (OmSnapshotManager.java:createOmSnapshotCheckpoint(461)) - Created checkpoint : /home/runner/work/ozone/ozone/hadoop-ozone/integration-test/target/test-dir/MiniOzoneClusterImpl-38a365bd-16d9-45d9-a84a-b01271e6c83a/ozone-meta/db.snapshots/checkpointState/om.db-ac28e77a-adb6-4a5a-b8e3-d8ba5eb595e0 for snapshot bucket1snap1
2023-09-20 15:48:48,716 [KeyDeletingService#0] INFO  snapshot.SnapshotCache (SnapshotCache.java:lambda$1(170)) - Loading snapshot. Table key: /vol1/bucket1/bucket1snap1
2023-09-20 15:48:48,716 [KeyDeletingService#0] WARN  server.ServerUtils (ServerUtils.java:getDBPath(311)) - ozone.om.db.dirs is not configured. We recommend adding this setting. Falling back to ozone.metadata.dirs instead.
2023-09-20 15:48:48,717 [KeyDeletingService#0] INFO  helpers.OmKeyInfo (OmKeyInfo.java:getCodec(71)) - OmKeyInfo.getCodec ignorePipeline = true
2023-09-20 15:48:49,284 [main] INFO  om.TestSnapshotDeletingService (TestSnapshotDeletingService.java:assertTableRowCount(567)) - snapshotInfoTable actual row count=1, expectedCount=1
2023-09-20 15:48:50,422 [JvmPauseMonitor7] WARN  util.JvmPauseMonitor (JvmPauseMonitor.java:detectPause(124)) - JvmPauseMonitor-76461d31-4f4d-43fe-b3e7-bc7be05b2809: Detected pause in JVM or host machine approximately 0.120s with 0.504s GC time.
GC pool 'PS MarkSweep' had collection(s): count=1 time=346ms
GC pool 'PS Scavenge' had collection(s): count=1 time=158ms
2023-09-20 15:48:50,435 [JvmPauseMonitor6] WARN  util.JvmPauseMonitor (JvmPauseMonitor.java:detectPause(124)) - JvmPauseMonitor-om1: Detected pause in JVM or host machine approximately 0.218s with 0.504s GC time.
GC pool 'PS MarkSweep' had collection(s): count=1 time=346ms
GC pool 'PS Scavenge' had collection(s): count=1 time=158ms
2023-09-20 15:48:50,437 [JvmPauseMonitor8] WARN  util.JvmPauseMonitor (JvmPauseMonitor.java:detectPause(124)) - JvmPauseMonitor-b1c70fe4-d692-4fdb-aa26-025ed9a8aa3e: Detected pause in JVM or host machine approximately 0.243s with 0.504s GC time.
GC pool 'PS MarkSweep' had collection(s): count=1 time=346ms
GC pool 'PS Scavenge' had collection(s): count=1 time=158ms
2023-09-20 15:48:50,437 [JvmPauseMonitor9] WARN  util.JvmPauseMonitor (JvmPauseMonitor.java:detectPause(124)) - JvmPauseMonitor-d833c6c7-5026-4edd-bbd5-8ccc0ef3852d: Detected pause in JVM or host machine approximately 0.358s with 0.504s GC time.
GC pool 'PS MarkSweep' had collection(s): count=1 time=346ms
GC pool 'PS Scavenge' had collection(s): count=1 time=158ms
2023-09-20 15:48:50,937 [KeyDeletingService#0] INFO  snapshot.SnapshotCache (SnapshotCache.java:lambda$1(170)) - Loading snapshot. Table key: /vol1/bucket1/bucket1snap1
2023-09-20 15:48:51,379 [main] INFO  om.TestSnapshotDeletingService (TestSnapshotDeletingService.java:assertTableRowCount(567)) - keyTable actual row count=0, expectedCount=0
2023-09-20 15:48:51,380 [main] INFO  om.TestSnapshotDeletingService (TestSnapshotDeletingService.java:assertTableRowCount(567)) - deletedTable actual row count=3, expectedCount=1
2023-09-20 15:48:51,437 [KeyDeletingService#0] INFO  snapshot.SnapshotCache (SnapshotCache.java:lambda$1(170)) - Loading snapshot. Table key: /vol1/bucket1/bucket1snap1
2023-09-20 15:48:51,438 [KeyDeletingService#0] INFO  snapshot.SnapshotCache (SnapshotCache.java:lambda$1(170)) - Loading snapshot. Table key: /vol1/bucket1/bucket1snap1
2023-09-20 15:48:51,439 [KeyDeletingService#0] INFO  snapshot.SnapshotCache (SnapshotCache.java:lambda$1(170)) - Loading snapshot. Table key: /vol1/bucket1/bucket1snap1
2023-09-20 15:48:51,441 [IPC Server handler 3 on default port 15036] INFO  ha.SequenceIdGenerator (SequenceIdGenerator.java:getNextId(140)) - Allocate a batch for delTxnId, change lastId from 0 to 1000.
2023-09-20 15:48:51,937 [KeyDeletingService#0] INFO  snapshot.SnapshotCache (SnapshotCache.java:lambda$1(170)) - Loading snapshot. Table key: /vol1/bucket1/bucket1snap1
2023-09-20 15:48:52,381 [main] INFO  om.TestSnapshotDeletingService (TestSnapshotDeletingService.java:assertTableRowCount(567)) - deletedTable actual row count=1, expectedCount=1
2023-09-20 15:48:52,408 [OM StateMachine ApplyTransaction Thread - 0] WARN  snapshot.OMSnapshotCreateRequest (OMSnapshotCreateRequest.java:estimateBucketDataSize(333)) - DefaultReplicationConfig is not correctly set in OmBucketInfo for volume 'vol1' bucket 'bucket1'. Falling back to config default 'RATIS/THREE'
2023-09-20 15:48:52,410 [OM StateMachine ApplyTransaction Thread - 0] INFO  snapshot.OMSnapshotCreateRequest (OMSnapshotCreateRequest.java:validateAndUpdateCache(215)) - Created snapshot: 'bucket1snap2' with snapshotId: '72ac678d-5e3c-43ac-b853-a2561c4281e4' under path 'vol1/bucket1'
2023-09-20 15:48:52,412 [main] INFO  om.TestSnapshotDeletingService (TestSnapshotDeletingService.java:assertTableRowCount(567)) - snapshotInfoTable actual row count=1, expectedCount=2
2023-09-20 15:48:52,452 [OMDoubleBufferFlushThread] INFO  db.RDBCheckpointManager (RDBCheckpointManager.java:createCheckpoint(89)) - Created checkpoint in rocksDB at /home/runner/work/ozone/ozone/hadoop-ozone/integration-test/target/test-dir/MiniOzoneClusterImpl-38a365bd-16d9-45d9-a84a-b01271e6c83a/ozone-meta/db.snapshots/checkpointState/om.db-72ac678d-5e3c-43ac-b853-a2561c4281e4 in 39 milliseconds
2023-09-20 15:48:52,455 [OMDoubleBufferFlushThread] INFO  db.RDBCheckpointUtils (RDBCheckpointUtils.java:waitForCheckpointDirectoryExist(60)) - Waited for 3 milliseconds for checkpoint directory /home/runner/work/ozone/ozone/hadoop-ozone/integration-test/target/test-dir/MiniOzoneClusterImpl-38a365bd-16d9-45d9-a84a-b01271e6c83a/ozone-meta/db.snapshots/checkpointState/om.db-72ac678d-5e3c-43ac-b853-a2561c4281e4 availability.
2023-09-20 15:48:52,456 [OMDoubleBufferFlushThread] INFO  om.OmSnapshotManager (OmSnapshotManager.java:createOmSnapshotCheckpoint(461)) - Created checkpoint : /home/runner/work/ozone/ozone/hadoop-ozone/integration-test/target/test-dir/MiniOzoneClusterImpl-38a365bd-16d9-45d9-a84a-b01271e6c83a/ozone-meta/db.snapshots/checkpointState/om.db-72ac678d-5e3c-43ac-b853-a2561c4281e4 for snapshot bucket1snap2
2023-09-20 15:48:52,458 [KeyDeletingService#0] INFO  snapshot.SnapshotCache (SnapshotCache.java:lambda$1(170)) - Loading snapshot. Table key: /vol1/bucket1/bucket1snap2
2023-09-20 15:48:52,458 [KeyDeletingService#0] WARN  server.ServerUtils (ServerUtils.java:getDBPath(311)) - ozone.om.db.dirs is not configured. We recommend adding this setting. Falling back to ozone.metadata.dirs instead.
2023-09-20 15:48:52,459 [KeyDeletingService#0] INFO  helpers.OmKeyInfo (OmKeyInfo.java:getCodec(71)) - OmKeyInfo.getCodec ignorePipeline = true
2023-09-20 15:48:52,530 [KeyDeletingService#0] INFO  snapshot.SnapshotCache (SnapshotCache.java:lambda$1(170)) - Loading snapshot. Table key: /vol1/bucket1/bucket1snap1
2023-09-20 15:48:53,413 [main] INFO  om.TestSnapshotDeletingService (TestSnapshotDeletingService.java:assertTableRowCount(567)) - snapshotInfoTable actual row count=2, expectedCount=2
2023-09-20 15:48:53,413 [main] INFO  om.TestSnapshotDeletingService (TestSnapshotDeletingService.java:assertTableRowCount(567)) - deletedTable actual row count=0, expectedCount=0
2023-09-20 15:48:55,562 [main] INFO  om.TestSnapshotDeletingService (TestSnapshotDeletingService.java:assertTableRowCount(567)) - keyTable actual row count=1, expectedCount=1
2023-09-20 15:48:55,563 [main] INFO  om.TestSnapshotDeletingService (TestSnapshotDeletingService.java:assertTableRowCount(567)) - deletedTable actual row count=1, expectedCount=0
2023-09-20 15:48:55,942 [KeyDeletingService#0] INFO  snapshot.SnapshotCache (SnapshotCache.java:lambda$1(170)) - Loading snapshot. Table key: /vol1/bucket1/bucket1snap2
2023-09-20 15:48:56,564 [main] INFO  om.TestSnapshotDeletingService (TestSnapshotDeletingService.java:assertTableRowCount(567)) - deletedTable actual row count=0, expectedCount=0
2023-09-20 15:48:56,602 [OM StateMachine ApplyTransaction Thread - 0] WARN  snapshot.OMSnapshotCreateRequest (OMSnapshotCreateRequest.java:estimateBucketDataSize(333)) - DefaultReplicationConfig is not correctly set in OmBucketInfo for volume 'vol1' bucket 'bucket1'. Falling back to config default 'RATIS/THREE'
2023-09-20 15:48:56,602 [OM StateMachine ApplyTransaction Thread - 0] INFO  snapshot.OMSnapshotCreateRequest (OMSnapshotCreateRequest.java:validateAndUpdateCache(215)) - Created snapshot: 'bucket1snap3' with snapshotId: 'd30611f0-435c-4e8b-8197-eafb2bc653e0' under path 'vol1/bucket1'
2023-09-20 15:48:56,607 [main] INFO  om.TestSnapshotDeletingService (TestSnapshotDeletingService.java:assertTableRowCount(567)) - snapshotInfoTable actual row count=2, expectedCount=3
2023-09-20 15:48:56,643 [OMDoubleBufferFlushThread] INFO  db.RDBCheckpointManager (RDBCheckpointManager.java:createCheckpoint(89)) - Created checkpoint in rocksDB at /home/runner/work/ozone/ozone/hadoop-ozone/integration-test/target/test-dir/MiniOzoneClusterImpl-38a365bd-16d9-45d9-a84a-b01271e6c83a/ozone-meta/db.snapshots/checkpointState/om.db-d30611f0-435c-4e8b-8197-eafb2bc653e0 in 36 milliseconds
2023-09-20 15:48:56,643 [OMDoubleBufferFlushThread] INFO  db.RDBCheckpointUtils (RDBCheckpointUtils.java:waitForCheckpointDirectoryExist(60)) - Waited for 0 milliseconds for checkpoint directory /home/runner/work/ozone/ozone/hadoop-ozone/integration-test/target/test-dir/MiniOzoneClusterImpl-38a365bd-16d9-45d9-a84a-b01271e6c83a/ozone-meta/db.snapshots/checkpointState/om.db-d30611f0-435c-4e8b-8197-eafb2bc653e0 availability.
2023-09-20 15:48:56,644 [OMDoubleBufferFlushThread] INFO  om.OmSnapshotManager (OmSnapshotManager.java:createOmSnapshotCheckpoint(461)) - Created checkpoint : /home/runner/work/ozone/ozone/hadoop-ozone/integration-test/target/test-dir/MiniOzoneClusterImpl-38a365bd-16d9-45d9-a84a-b01271e6c83a/ozone-meta/db.snapshots/checkpointState/om.db-d30611f0-435c-4e8b-8197-eafb2bc653e0 for snapshot bucket1snap3
2023-09-20 15:48:56,941 [KeyDeletingService#0] INFO  snapshot.SnapshotCache (SnapshotCache.java:lambda$1(170)) - Loading snapshot. Table key: /vol1/bucket1/bucket1snap3
2023-09-20 15:48:56,941 [KeyDeletingService#0] WARN  server.ServerUtils (ServerUtils.java:getDBPath(311)) - ozone.om.db.dirs is not configured. We recommend adding this setting. Falling back to ozone.metadata.dirs instead.
2023-09-20 15:48:56,942 [KeyDeletingService#0] INFO  helpers.OmKeyInfo (OmKeyInfo.java:getCodec(71)) - OmKeyInfo.getCodec ignorePipeline = true
2023-09-20 15:48:56,999 [KeyDeletingService#0] INFO  snapshot.SnapshotCache (SnapshotCache.java:lambda$1(170)) - Loading snapshot. Table key: /vol1/bucket1/bucket1snap2
2023-09-20 15:48:57,609 [main] INFO  om.TestSnapshotDeletingService (TestSnapshotDeletingService.java:assertTableRowCount(567)) - snapshotInfoTable actual row count=3, expectedCount=3
2023-09-20 15:48:57,614 [OM StateMachine ApplyTransaction Thread - 0] INFO  snapshot.OMSnapshotDeleteRequest (OMSnapshotDeleteRequest.java:validateAndUpdateCache(225)) - Deleted snapshot 'bucket1snap2' under path 'vol1/bucket1'
2023-09-20 15:48:57,617 [main] INFO  om.TestSnapshotDeletingService (TestSnapshotDeletingService.java:assertTableRowCount(567)) - snapshotInfoTable actual row count=3, expectedCount=2
2023-09-20 15:48:58,618 [main] INFO  om.TestSnapshotDeletingService (TestSnapshotDeletingService.java:assertTableRowCount(567)) - snapshotInfoTable actual row count=3, expectedCount=2
2023-09-20 15:48:59,620 [main] INFO  om.TestSnapshotDeletingService (TestSnapshotDeletingService.java:assertTableRowCount(567)) - snapshotInfoTable actual row count=3, expectedCount=2
2023-09-20 15:49:00,621 [main] INFO  om.TestSnapshotDeletingService (TestSnapshotDeletingService.java:assertTableRowCount(567)) - snapshotInfoTable actual row count=3, expectedCount=2
2023-09-20 15:49:01,622 [main] INFO  om.TestSnapshotDeletingService (TestSnapshotDeletingService.java:assertTableRowCount(567)) - snapshotInfoTable actual row count=3, expectedCount=2
2023-09-20 15:49:02,623 [main] INFO  om.TestSnapshotDeletingService (TestSnapshotDeletingService.java:assertTableRowCount(567)) - snapshotInfoTable actual row count=3, expectedCount=2
2023-09-20 15:49:03,625 [main] INFO  om.TestSnapshotDeletingService (TestSnapshotDeletingService.java:assertTableRowCount(567)) - snapshotInfoTable actual row count=3, expectedCount=2
2023-09-20 15:49:04,627 [main] INFO  om.TestSnapshotDeletingService (TestSnapshotDeletingService.java:assertTableRowCount(567)) - snapshotInfoTable actual row count=3, expectedCount=2
2023-09-20 15:49:05,628 [main] INFO  om.TestSnapshotDeletingService (TestSnapshotDeletingService.java:assertTableRowCount(567)) - snapshotInfoTable actual row count=3, expectedCount=2
2023-09-20 15:49:06,629 [main] INFO  om.TestSnapshotDeletingService (TestSnapshotDeletingService.java:assertTableRowCount(567)) - snapshotInfoTable actual row count=3, expectedCount=2
2023-09-20 15:49:07,630 [main] INFO  om.TestSnapshotDeletingService (TestSnapshotDeletingService.java:assertTableRowCount(567)) - snapshotInfoTable actual row count=3, expectedCount=2
2023-09-20 15:49:08,632 [main] INFO  om.TestSnapshotDeletingService (TestSnapshotDeletingService.java:assertTableRowCount(567)) - snapshotInfoTable actual row count=3, expectedCount=2
2023-09-20 15:49:09,633 [main] INFO  om.TestSnapshotDeletingService (TestSnapshotDeletingService.java:assertTableRowCount(567)) - snapshotInfoTable actual row count=3, expectedCount=2
2023-09-20 15:49:10,634 [main] INFO  om.TestSnapshotDeletingService (TestSnapshotDeletingService.java:assertTableRowCount(567)) - snapshotInfoTable actual row count=3, expectedCount=2
2023-09-20 15:49:11,636 [main] INFO  om.TestSnapshotDeletingService (TestSnapshotDeletingService.java:assertTableRowCount(567)) - snapshotInfoTable actual row count=3, expectedCount=2
2023-09-20 15:49:12,637 [main] INFO  om.TestSnapshotDeletingService (TestSnapshotDeletingService.java:assertTableRowCount(567)) - snapshotInfoTable actual row count=3, expectedCount=2
2023-09-20 15:49:13,638 [main] INFO  om.TestSnapshotDeletingService (TestSnapshotDeletingService.java:assertTableRowCount(567)) - snapshotInfoTable actual row count=3, expectedCount=2
2023-09-20 15:49:14,640 [main] INFO  om.TestSnapshotDeletingService (TestSnapshotDeletingService.java:assertTableRowCount(567)) - snapshotInfoTable actual row count=3, expectedCount=2
2023-09-20 15:49:15,641 [main] INFO  om.TestSnapshotDeletingService (TestSnapshotDeletingService.java:assertTableRowCount(567)) - snapshotInfoTable actual row count=3, expectedCount=2
2023-09-20 15:49:16,642 [main] INFO  om.TestSnapshotDeletingService (TestSnapshotDeletingService.java:assertTableRowCount(567)) - snapshotInfoTable actual row count=3, expectedCount=2
2023-09-20 15:49:17,643 [main] INFO  om.TestSnapshotDeletingService (TestSnapshotDeletingService.java:assertTableRowCount(567)) - snapshotInfoTable actual row count=3, expectedCount=2
2023-09-20 15:49:18,644 [main] INFO  om.TestSnapshotDeletingService (TestSnapshotDeletingService.java:assertTableRowCount(567)) - snapshotInfoTable actual row count=3, expectedCount=2
2023-09-20 15:49:19,646 [main] INFO  om.TestSnapshotDeletingService (TestSnapshotDeletingService.java:assertTableRowCount(567)) - snapshotInfoTable actual row count=3, expectedCount=2
2023-09-20 15:49:20,647 [main] INFO  om.TestSnapshotDeletingService (TestSnapshotDeletingService.java:assertTableRowCount(567)) - snapshotInfoTable actual row count=3, expectedCount=2
2023-09-20 15:49:21,648 [main] INFO  om.TestSnapshotDeletingService (TestSnapshotDeletingService.java:assertTableRowCount(567)) - snapshotInfoTable actual row count=3, expectedCount=2
2023-09-20 15:49:22,649 [main] INFO  om.TestSnapshotDeletingService (TestSnapshotDeletingService.java:assertTableRowCount(567)) - snapshotInfoTable actual row count=3, expectedCount=2
2023-09-20 15:49:23,651 [main] INFO  om.TestSnapshotDeletingService (TestSnapshotDeletingService.java:assertTableRowCount(567)) - snapshotInfoTable actual row count=3, expectedCount=2
2023-09-20 15:49:24,653 [main] INFO  om.TestSnapshotDeletingService (TestSnapshotDeletingService.java:assertTableRowCount(567)) - snapshotInfoTable actual row count=3, expectedCount=2
2023-09-20 15:49:25,654 [main] INFO  om.TestSnapshotDeletingService (TestSnapshotDeletingService.java:assertTableRowCount(567)) - snapshotInfoTable actual row count=3, expectedCount=2
2023-09-20 15:49:26,655 [main] INFO  om.TestSnapshotDeletingService (TestSnapshotDeletingService.java:assertTableRowCount(567)) - snapshotInfoTable actual row count=3, expectedCount=2
2023-09-20 15:49:27,656 [main] INFO  om.TestSnapshotDeletingService (TestSnapshotDeletingService.java:assertTableRowCount(567)) - snapshotInfoTable actual row count=3, expectedCount=2
2023-09-20 15:49:28,658 [main] INFO  om.TestSnapshotDeletingService (TestSnapshotDeletingService.java:assertTableRowCount(567)) - snapshotInfoTable actual row count=3, expectedCount=2
2023-09-20 15:49:29,659 [main] INFO  om.TestSnapshotDeletingService (TestSnapshotDeletingService.java:assertTableRowCount(567)) - snapshotInfoTable actual row count=3, expectedCount=2
2023-09-20 15:49:30,660 [main] INFO  om.TestSnapshotDeletingService (TestSnapshotDeletingService.java:assertTableRowCount(567)) - snapshotInfoTable actual row count=3, expectedCount=2
2023-09-20 15:49:31,661 [main] INFO  om.TestSnapshotDeletingService (TestSnapshotDeletingService.java:assertTableRowCount(567)) - snapshotInfoTable actual row count=3, expectedCount=2
2023-09-20 15:49:32,663 [main] INFO  om.TestSnapshotDeletingService (TestSnapshotDeletingService.java:assertTableRowCount(567)) - snapshotInfoTable actual row count=3, expectedCount=2
2023-09-20 15:49:33,207 [SstFilteringService#0] INFO  snapshot.SnapshotCache (SnapshotCache.java:lambda$1(170)) - Loading snapshot. Table key: /vol1/bucket1/bucket1snap1
2023-09-20 15:49:33,211 [SstFilteringService#0] INFO  snapshot.SnapshotCache (SnapshotCache.java:lambda$1(170)) - Loading snapshot. Table key: /vol1/bucket1/bucket1snap2
2023-09-20 15:49:33,212 [SstFilteringService#0] INFO  om.SstFilteringService (SstFilteringService.java:call(220)) - Snapshot with name: 'bucket1snap2', id: '72ac678d-5e3c-43ac-b853-a2561c4281e4' has been deleted.
2023-09-20 15:49:33,459 [SnapshotDeletingService#0] INFO  snapshot.SnapshotCache (SnapshotCache.java:lambda$1(170)) - Loading snapshot. Table key: /vol1/bucket1/bucket1snap2
2023-09-20 15:49:33,461 [SnapshotDeletingService#0] INFO  snapshot.SnapshotCache (SnapshotCache.java:lambda$1(170)) - Loading snapshot. Table key: /vol1/bucket1/bucket1snap1
2023-09-20 15:49:33,473 [OMDoubleBufferFlushThread] INFO  snapshot.SnapshotCache (SnapshotCache.java:lambda$1(170)) - Loading snapshot. Table key: /vol1/bucket1/bucket1snap2
2023-09-20 15:49:33,476 [OM StateMachine ApplyTransaction Thread - 0] INFO  upgrade.AbstractLayoutVersionManager (AbstractLayoutVersionManager.java:init(83)) - Initializing Layout version manager with metadata layout = QUOTA (version = 6), software layout = QUOTA (version = 6)
2023-09-20 15:49:33,477 [OMDoubleBufferFlushThread] INFO  snapshot.SnapshotCache (SnapshotCache.java:lambda$1(170)) - Loading snapshot. Table key: /vol1/bucket1/bucket1snap2
2023-09-20 15:49:33,477 [OMDoubleBufferFlushThread] INFO  snapshot.SnapshotCache (SnapshotCache.java:lambda$1(170)) - Loading snapshot. Table key: /vol1/bucket1/bucket1snap3
2023-09-20 15:49:33,664 [main] INFO  om.TestSnapshotDeletingService (TestSnapshotDeletingService.java:assertTableRowCount(567)) - snapshotInfoTable actual row count=3, expectedCount=2
2023-09-20 15:49:33,959 [SnapshotDeletingService#0] INFO  snapshot.SnapshotCache (SnapshotCache.java:lambda$1(170)) - Loading snapshot. Table key: /vol1/bucket1/bucket1snap2
2023-09-20 15:49:34,454 [KeyDeletingService#0] INFO  snapshot.SnapshotCache (SnapshotCache.java:lambda$1(170)) - Loading snapshot. Table key: /vol1/bucket1/bucket1snap3
2023-09-20 15:49:34,455 [KeyDeletingService#0] INFO  snapshot.SnapshotCache (SnapshotCache.java:lambda$1(170)) - Loading snapshot. Table key: /vol1/bucket1/bucket1snap1
2023-09-20 15:49:34,665 [main] INFO  om.TestSnapshotDeletingService (TestSnapshotDeletingService.java:assertTableRowCount(567)) - snapshotInfoTable actual row count=2, expectedCount=2
2023-09-20 15:49:34,667 [main] INFO  om.TestSnapshotDeletingService (TestSnapshotDeletingService.java:assertTableRowCount(567)) - snapshotInfoTable actual row count=2, expectedCount=2
2023-09-20 15:49:34,667 [main] INFO  snapshot.SnapshotCache (SnapshotCache.java:lambda$1(170)) - Loading snapshot. Table key: /vol1/bucket1/bucket1snap3
2023-09-20 15:49:34,695 [main] INFO  ozone.MiniOzoneClusterImpl (MiniOzoneClusterImpl.java:shutdown(443)) - Shutting down the Mini Ozone Cluster
2023-09-20 15:49:34,696 [main] INFO  ozone.MiniOzoneClusterImpl (MiniOzoneClusterImpl.java:stop(460)) - Stopping the Mini Ozone Cluster
2023-09-20 15:49:34,696 [main] INFO  ozone.MiniOzoneClusterImpl (MiniOzoneClusterImpl.java:stopOM(551)) - Stopping the OzoneManager
2023-09-20 15:49:34,696 [main] INFO  om.OzoneManager (OzoneManager.java:stop(2207)) - om1[localhost:15039]: Stopping Ozone Manager
2023-09-20 15:49:34,696 [main] INFO  ipc.Server (Server.java:stop(3523)) - Stopping server on 15039
2023-09-20 15:49:34,700 [IPC Server listener on 15039] INFO  ipc.Server (Server.java:run(1434)) - Stopping IPC Server listener on 15039
2023-09-20 15:49:34,705 [IPC Server Responder] INFO  ipc.Server (Server.java:run(1567)) - Stopping IPC Server Responder
2023-09-20 15:49:34,706 [main] INFO  server.RaftServer (RaftServerProxy.java:lambda$close$6(416)) - om1: close
2023-09-20 15:49:34,707 [main] INFO  server.GrpcService (GrpcService.java:closeImpl(311)) - om1: shutdown server GrpcServerProtocolService now
2023-09-20 15:49:34,718 [om1-impl-thread2] INFO  server.RaftServer$Division (RaftServerImpl.java:lambda$close$4(466)) - om1@group-C5BA1605619E: shutdown
2023-09-20 15:49:34,718 [om1-impl-thread2] INFO  util.JmxRegister (JmxRegister.java:unregister(73)) - Successfully un-registered JMX Bean with object name Ratis:service=RaftServer,group=group-C5BA1605619E,id=om1
2023-09-20 15:49:34,718 [om1-impl-thread2] INFO  impl.RoleInfo (RoleInfo.java:shutdownLeaderState(93)) - om1: shutdown om1@group-C5BA1605619E-LeaderStateImpl
2023-09-20 15:49:34,718 [om1-impl-thread2] INFO  impl.PendingRequests (PendingRequests.java:sendNotLeaderResponses(289)) - om1@group-C5BA1605619E-PendingRequests: sendNotLeaderResponses
2023-09-20 15:49:34,721 [om1-impl-thread2] INFO  impl.StateMachineUpdater (StateMachineUpdater.java:stopAndJoin(155)) - om1@group-C5BA1605619E-StateMachineUpdater: set stopIndex = 62
2023-09-20 15:49:34,723 [om1@group-C5BA1605619E-StateMachineUpdater] INFO  ratis.OzoneManagerStateMachine (OzoneManagerStateMachine.java:takeSnapshot(480)) - Current Snapshot Index (t:1, i:62)
2023-09-20 15:49:34,726 [main] INFO  server.GrpcService (GrpcService.java:closeImpl(320)) - om1: shutdown server GrpcServerProtocolService successfully
2023-09-20 15:49:34,740 [om1@group-C5BA1605619E-StateMachineUpdater] INFO  impl.StateMachineUpdater (StateMachineUpdater.java:takeSnapshot(291)) - om1@group-C5BA1605619E-StateMachineUpdater: Took a snapshot at index 62
2023-09-20 15:49:34,740 [om1@group-C5BA1605619E-StateMachineUpdater] INFO  impl.StateMachineUpdater (StateMachineUpdater.java:lambda$new$0(97)) - om1@group-C5BA1605619E-StateMachineUpdater: snapshotIndex: updateIncreasingly -1 -> 62
2023-09-20 15:49:34,740 [om1@group-C5BA1605619E-StateMachineUpdater] INFO  ratis.OzoneManagerStateMachine (OzoneManagerStateMachine.java:close(534)) - StateMachine has shutdown. Shutdown OzoneManager if not already shutdown.
2023-09-20 15:49:34,740 [om1@group-C5BA1605619E-StateMachineUpdater] INFO  ratis.OzoneManagerDoubleBuffer (OzoneManagerDoubleBuffer.java:stopDaemon(551)) - Stopping OMDoubleBuffer flush thread
2023-09-20 15:49:34,741 [OMDoubleBufferFlushThread] INFO  ratis.OzoneManagerDoubleBuffer (OzoneManagerDoubleBuffer.java:canFlush(638)) - OMDoubleBuffer flush thread OMDoubleBufferFlushThread is interrupted and will exit.
2023-09-20 15:49:34,742 [Thread-1468] INFO  rocksdiff.RocksDBCheckpointDiffer (RocksDBCheckpointDiffer.java:onCompactionCompleted(544)) - Skipped the compaction entry. Compaction input files: [/home/runner/work/ozone/ozone/hadoop-ozone/integration-test/target/test-dir/MiniOzoneClusterImpl-38a365bd-16d9-45d9-a84a-b01271e6c83a/ozone-meta/om.db/000075.sst, /home/runner/work/ozone/ozone/hadoop-ozone/integration-test/target/test-dir/MiniOzoneClusterImpl-38a365bd-16d9-45d9-a84a-b01271e6c83a/ozone-meta/om.db/000069.sst, /home/runner/work/ozone/ozone/hadoop-ozone/integration-test/target/test-dir/MiniOzoneClusterImpl-38a365bd-16d9-45d9-a84a-b01271e6c83a/ozone-meta/om.db/000062.sst, /home/runner/work/ozone/ozone/hadoop-ozone/integration-test/target/test-dir/MiniOzoneClusterImpl-38a365bd-16d9-45d9-a84a-b01271e6c83a/ozone-meta/om.db/000055.sst] and output files: [/home/runner/work/ozone/ozone/hadoop-ozone/integration-test/target/test-dir/MiniOzoneClusterImpl-38a365bd-16d9-45d9-a84a-b01271e6c83a/ozone-meta/om.db/000075.sst, /home/runner/work/ozone/ozone/hadoop-ozone/integration-test/target/test-dir/MiniOzoneClusterImpl-38a365bd-16d9-45d9-a84a-b01271e6c83a/ozone-meta/om.db/000069.sst, /home/runner/work/ozone/ozone/hadoop-ozone/integration-test/target/test-dir/MiniOzoneClusterImpl-38a365bd-16d9-45d9-a84a-b01271e6c83a/ozone-meta/om.db/000062.sst, /home/runner/work/ozone/ozone/hadoop-ozone/integration-test/target/test-dir/MiniOzoneClusterImpl-38a365bd-16d9-45d9-a84a-b01271e6c83a/ozone-meta/om.db/000055.sst] are same.
2023-09-20 15:49:34,742 [om1-impl-thread2] INFO  server.RaftServer$Division (ServerState.java:close(472)) - om1@group-C5BA1605619E: closes. applyIndex: 62
2023-09-20 15:49:35,459 [om1-impl-thread2] INFO  segmented.SegmentedRaftLogWorker (SegmentedRaftLogWorker.java:close(252)) - om1@group-C5BA1605619E-SegmentedRaftLogWorker close()
2023-09-20 15:49:35,461 [JvmPauseMonitor6] INFO  util.JvmPauseMonitor (JvmPauseMonitor.java:run(109)) - JvmPauseMonitor-om1: Stopped
2023-09-20 15:49:35,461 [main] INFO  ratis.OzoneManagerStateMachine (OzoneManagerStateMachine.java:close(534)) - StateMachine has shutdown. Shutdown OzoneManager if not already shutdown.
2023-09-20 15:49:35,461 [main] INFO  ratis.OzoneManagerDoubleBuffer (OzoneManagerDoubleBuffer.java:stopDaemon(560)) - OMDoubleBuffer flush thread is not running.
2023-09-20 15:49:35,463 [main] INFO  utils.BackgroundService (BackgroundService.java:shutdown(141)) - Shutting down service KeyDeletingService
2023-09-20 15:49:35,463 [main] INFO  utils.BackgroundService (BackgroundService.java:shutdown(141)) - Shutting down service KeyDeletingService
2023-09-20 15:49:35,463 [main] INFO  utils.BackgroundService (BackgroundService.java:shutdown(141)) - Shutting down service OpenKeyCleanupService
2023-09-20 15:49:35,464 [main] INFO  utils.BackgroundService (BackgroundService.java:shutdown(141)) - Shutting down service SstFilteringService
2023-09-20 15:49:35,465 [main] INFO  utils.BackgroundService (BackgroundService.java:shutdown(141)) - Shutting down service SnapshotDeletingService
2023-09-20 15:49:35,465 [main] INFO  handler.ContextHandler (ContextHandler.java:doStop(1159)) - Stopped o.e.j.w.WebAppContext@28276b3e{ozoneManager,/,null,STOPPED}{file:/home/runner/work/ozone/ozone/hadoop-ozone/integration-test/target/test-classes/webapps/ozoneManager}
2023-09-20 15:49:35,466 [main] INFO  server.AbstractConnector (AbstractConnector.java:doStop(383)) - Stopped ServerConnector@5ec7d385{HTTP/1.1, (http/1.1)}{0.0.0.0:15040}
2023-09-20 15:49:35,466 [main] INFO  server.session (HouseKeeper.java:stopScavenging(149)) - node0 Stopped scavenging
2023-09-20 15:49:35,467 [main] INFO  handler.ContextHandler (ContextHandler.java:doStop(1159)) - Stopped o.e.j.s.ServletContextHandler@774665fc{static,/static,file:///home/runner/work/ozone/ozone/hadoop-ozone/integration-test/target/test-classes/webapps/static,STOPPED}
2023-09-20 15:49:35,467 [main] INFO  handler.ContextHandler (ContextHandler.java:doStop(1159)) - Stopped o.e.j.s.ServletContextHandler@47afcbdd{logs,/logs,file:///home/runner/work/ozone/ozone/hadoop-ozone/integration-test/target/log,STOPPED}
2023-09-20 15:49:35,468 [main] INFO  rocksdiff.RocksDBCheckpointDiffer (RocksDBCheckpointDiffer.java:close(343)) - Shutting down CompactionDagPruningService.
2023-09-20 15:49:35,471 [main] INFO  snapshot.SnapshotDiffManager (SnapshotDiffManager.java:closeExecutorService(1718)) - Shutting down executorService: 'SnapDiffExecutor'
2023-09-20 15:49:35,471 [main] INFO  snapshot.SnapshotDiffManager (SnapshotDiffManager.java:closeExecutorService(1718)) - Shutting down executorService: 'SstDumpToolExecutor'
2023-09-20 15:49:35,476 [main] INFO  utils.BackgroundService (BackgroundService.java:shutdown(141)) - Shutting down service SnapshotDiffCleanupService
2023-09-20 15:49:35,479 [main] INFO  ozone.MiniOzoneClusterImpl (MiniOzoneClusterImpl.java:stopDatanodes(528)) - Stopping the HddsDatanodes
2023-09-20 15:49:35,482 [main] INFO  ozoneimpl.OzoneContainer (OzoneContainer.java:stop(451)) - Attempting to stop container services.
2023-09-20 15:49:35,483 [main] INFO  server.RaftServer (RaftServerProxy.java:lambda$close$6(416)) - b1c70fe4-d692-4fdb-aa26-025ed9a8aa3e: close
2023-09-20 15:49:35,484 [b1c70fe4-d692-4fdb-aa26-025ed9a8aa3e-impl-thread2] INFO  server.RaftServer$Division (RaftServerImpl.java:lambda$close$4(466)) - b1c70fe4-d692-4fdb-aa26-025ed9a8aa3e@group-8A3B1EC5611F: shutdown
2023-09-20 15:49:35,484 [b1c70fe4-d692-4fdb-aa26-025ed9a8aa3e-impl-thread2] INFO  util.JmxRegister (JmxRegister.java:unregister(73)) - Successfully un-registered JMX Bean with object name Ratis:service=RaftServer,group=group-8A3B1EC5611F,id=b1c70fe4-d692-4fdb-aa26-025ed9a8aa3e
2023-09-20 15:49:35,484 [b1c70fe4-d692-4fdb-aa26-025ed9a8aa3e-impl-thread2] INFO  impl.RoleInfo (RoleInfo.java:shutdownFollowerState(110)) - b1c70fe4-d692-4fdb-aa26-025ed9a8aa3e: shutdown b1c70fe4-d692-4fdb-aa26-025ed9a8aa3e@group-8A3B1EC5611F-FollowerState
2023-09-20 15:49:35,484 [b1c70fe4-d692-4fdb-aa26-025ed9a8aa3e-impl-thread3] INFO  server.RaftServer$Division (RaftServerImpl.java:lambda$close$4(466)) - b1c70fe4-d692-4fdb-aa26-025ed9a8aa3e@group-E669E3FF1697: shutdown
2023-09-20 15:49:35,485 [b1c70fe4-d692-4fdb-aa26-025ed9a8aa3e-impl-thread3] INFO  util.JmxRegister (JmxRegister.java:unregister(73)) - Successfully un-registered JMX Bean with object name Ratis:service=RaftServer,group=group-E669E3FF1697,id=b1c70fe4-d692-4fdb-aa26-025ed9a8aa3e
2023-09-20 15:49:35,485 [b1c70fe4-d692-4fdb-aa26-025ed9a8aa3e-impl-thread3] INFO  impl.RoleInfo (RoleInfo.java:shutdownLeaderState(93)) - b1c70fe4-d692-4fdb-aa26-025ed9a8aa3e: shutdown b1c70fe4-d692-4fdb-aa26-025ed9a8aa3e@group-E669E3FF1697-LeaderStateImpl
2023-09-20 15:49:35,485 [b1c70fe4-d692-4fdb-aa26-025ed9a8aa3e-impl-thread2] INFO  impl.StateMachineUpdater (StateMachineUpdater.java:stopAndJoin(155)) - b1c70fe4-d692-4fdb-aa26-025ed9a8aa3e@group-8A3B1EC5611F-StateMachineUpdater: set stopIndex = 214
2023-09-20 15:49:35,485 [b1c70fe4-d692-4fdb-aa26-025ed9a8aa3e@group-8A3B1EC5611F-FollowerState] INFO  impl.FollowerState (FollowerState.java:run(152)) - b1c70fe4-d692-4fdb-aa26-025ed9a8aa3e@group-8A3B1EC5611F-FollowerState was interrupted
2023-09-20 15:49:35,485 [main] INFO  server.GrpcService (GrpcService.java:closeImpl(311)) - b1c70fe4-d692-4fdb-aa26-025ed9a8aa3e: shutdown server org.apache.ratis.grpc.server.GrpcClientProtocolService now
2023-09-20 15:49:35,485 [b1c70fe4-d692-4fdb-aa26-025ed9a8aa3e-impl-thread4] INFO  server.RaftServer$Division (RaftServerImpl.java:lambda$close$4(466)) - b1c70fe4-d692-4fdb-aa26-025ed9a8aa3e@group-578687A36430: shutdown
2023-09-20 15:49:35,485 [b1c70fe4-d692-4fdb-aa26-025ed9a8aa3e@group-8A3B1EC5611F-StateMachineUpdater] INFO  ratis.ContainerStateMachine (ContainerStateMachine.java:takeSnapshot(330)) - group-8A3B1EC5611F: Taking a snapshot at:(t:1, i:214) file /home/runner/work/ozone/ozone/hadoop-ozone/integration-test/target/test-dir/MiniOzoneClusterImpl-38a365bd-16d9-45d9-a84a-b01271e6c83a/datanode-1/data/ratis/15feb49d-6829-40ee-baa7-8a3b1ec5611f/sm/snapshot.1_214
2023-09-20 15:49:35,486 [b1c70fe4-d692-4fdb-aa26-025ed9a8aa3e-impl-thread4] INFO  util.JmxRegister (JmxRegister.java:unregister(73)) - Successfully un-registered JMX Bean with object name Ratis:service=RaftServer,group=group-578687A36430,id=b1c70fe4-d692-4fdb-aa26-025ed9a8aa3e
2023-09-20 15:49:35,487 [b1c70fe4-d692-4fdb-aa26-025ed9a8aa3e-impl-thread4] INFO  impl.RoleInfo (RoleInfo.java:shutdownLeaderState(93)) - b1c70fe4-d692-4fdb-aa26-025ed9a8aa3e: shutdown b1c70fe4-d692-4fdb-aa26-025ed9a8aa3e@group-578687A36430-LeaderStateImpl
2023-09-20 15:49:35,487 [b1c70fe4-d692-4fdb-aa26-025ed9a8aa3e-impl-thread4] INFO  impl.PendingRequests (PendingRequests.java:sendNotLeaderResponses(289)) - b1c70fe4-d692-4fdb-aa26-025ed9a8aa3e@group-578687A36430-PendingRequests: sendNotLeaderResponses
2023-09-20 15:49:35,487 [b1c70fe4-d692-4fdb-aa26-025ed9a8aa3e-impl-thread3] INFO  impl.PendingRequests (PendingRequests.java:sendNotLeaderResponses(289)) - b1c70fe4-d692-4fdb-aa26-025ed9a8aa3e@group-E669E3FF1697-PendingRequests: sendNotLeaderResponses
2023-09-20 15:49:35,487 [b1c70fe4-d692-4fdb-aa26-025ed9a8aa3e@group-E669E3FF1697->d833c6c7-5026-4edd-bbd5-8ccc0ef3852d-GrpcLogAppender-LogAppenderDaemon] WARN  server.GrpcLogAppender (GrpcLogAppender.java:mayWait(199)) - b1c70fe4-d692-4fdb-aa26-025ed9a8aa3e@group-E669E3FF1697->d833c6c7-5026-4edd-bbd5-8ccc0ef3852d-GrpcLogAppender: Wait interrupted by java.lang.InterruptedException
2023-09-20 15:49:35,487 [ForkJoinPool.commonPool-worker-3] INFO  ozoneimpl.OzoneContainer (OzoneContainer.java:stop(451)) - Attempting to stop container services.
2023-09-20 15:49:35,491 [Thread-1472] INFO  server.GrpcServerProtocolClient (GrpcServerProtocolClient.java:close(103)) - 76461d31-4f4d-43fe-b3e7-bc7be05b2809 Close channels
2023-09-20 15:49:35,491 [grpc-default-executor-1] INFO  server.GrpcServerProtocolService (GrpcServerProtocolService.java:onCompleted(155)) - d833c6c7-5026-4edd-bbd5-8ccc0ef3852d: Completed APPEND_ENTRIES, lastRequest: b1c70fe4-d692-4fdb-aa26-025ed9a8aa3e->d833c6c7-5026-4edd-bbd5-8ccc0ef3852d#231-t1,previous=(t:1, i:214),leaderCommit=214,initializing? true,entries: size=1, first=(t:1, i:215), METADATAENTRY(c:214)
2023-09-20 15:49:35,492 [grpc-default-executor-1] INFO  server.GrpcServerProtocolService (GrpcServerProtocolService.java:lambda$onCompleted$5(157)) - d833c6c7-5026-4edd-bbd5-8ccc0ef3852d: Completed APPEND_ENTRIES, lastReply: null
2023-09-20 15:49:35,488 [grpc-default-executor-2] INFO  server.GrpcServerProtocolService (GrpcServerProtocolService.java:onCompleted(155)) - d833c6c7-5026-4edd-bbd5-8ccc0ef3852d: Completed APPEND_ENTRIES, lastRequest: null
2023-09-20 15:49:35,487 [b1c70fe4-d692-4fdb-aa26-025ed9a8aa3e@group-E669E3FF1697->76461d31-4f4d-43fe-b3e7-bc7be05b2809-GrpcLogAppender-LogAppenderDaemon] WARN  server.GrpcLogAppender (GrpcLogAppender.java:mayWait(199)) - b1c70fe4-d692-4fdb-aa26-025ed9a8aa3e@group-E669E3FF1697->76461d31-4f4d-43fe-b3e7-bc7be05b2809-GrpcLogAppender: Wait interrupted by java.lang.InterruptedException
2023-09-20 15:49:35,499 [b1c70fe4-d692-4fdb-aa26-025ed9a8aa3e-impl-thread3] INFO  impl.StateMachineUpdater (StateMachineUpdater.java:stopAndJoin(155)) - b1c70fe4-d692-4fdb-aa26-025ed9a8aa3e@group-E669E3FF1697-StateMachineUpdater: set stopIndex = 215
2023-09-20 15:49:35,499 [grpc-default-executor-5] INFO  server.GrpcServerProtocolService (GrpcServerProtocolService.java:onCompleted(155)) - 76461d31-4f4d-43fe-b3e7-bc7be05b2809: Completed APPEND_ENTRIES, lastRequest: null
2023-09-20 15:49:35,499 [grpc-default-executor-0] INFO  server.GrpcServerProtocolService (GrpcServerProtocolService.java:onCompleted(155)) - 76461d31-4f4d-43fe-b3e7-bc7be05b2809: Completed APPEND_ENTRIES, lastRequest: b1c70fe4-d692-4fdb-aa26-025ed9a8aa3e->76461d31-4f4d-43fe-b3e7-bc7be05b2809#233-t1,previous=(t:1, i:214),leaderCommit=214,initializing? true,entries: size=1, first=(t:1, i:215), METADATAENTRY(c:214)
2023-09-20 15:49:35,499 [grpc-default-executor-0] INFO  server.GrpcServerProtocolService (GrpcServerProtocolService.java:lambda$onCompleted$5(157)) - 76461d31-4f4d-43fe-b3e7-bc7be05b2809: Completed APPEND_ENTRIES, lastReply: null
2023-09-20 15:49:35,500 [grpc-default-executor-5] INFO  server.GrpcServerProtocolService (GrpcServerProtocolService.java:lambda$onCompleted$5(157)) - 76461d31-4f4d-43fe-b3e7-bc7be05b2809: Completed APPEND_ENTRIES, lastReply: serverReply {
  requestorId: "b1c70fe4-d692-4fdb-aa26-025ed9a8aa3e"
  replyId: "76461d31-4f4d-43fe-b3e7-bc7be05b2809"
  raftGroupId {
    id: "d\364\326\211\305OB\254\266\030\346i\343\377\026\227"
  }
  callId: 251
  success: true
}
term: 1
nextIndex: 216
followerCommit: 215
matchIndex: 18446744073709551615
isHearbeat: true

2023-09-20 15:49:35,493 [ForkJoinPool.commonPool-worker-3] INFO  server.RaftServer (RaftServerProxy.java:lambda$close$6(416)) - 76461d31-4f4d-43fe-b3e7-bc7be05b2809: close
2023-09-20 15:49:35,495 [grpc-default-executor-2] INFO  server.GrpcServerProtocolService (GrpcServerProtocolService.java:lambda$onCompleted$5(157)) - d833c6c7-5026-4edd-bbd5-8ccc0ef3852d: Completed APPEND_ENTRIES, lastReply: serverReply {
  requestorId: "b1c70fe4-d692-4fdb-aa26-025ed9a8aa3e"
  replyId: "d833c6c7-5026-4edd-bbd5-8ccc0ef3852d"
  raftGroupId {
    id: "d\364\326\211\305OB\254\266\030\346i\343\377\026\227"
  }
  callId: 248
  success: true
}
term: 1
nextIndex: 216
followerCommit: 215
matchIndex: 18446744073709551615
isHearbeat: true

2023-09-20 15:49:35,508 [grpc-default-executor-1] INFO  server.GrpcLogAppender (GrpcLogAppender.java:onCompleted(428)) - b1c70fe4-d692-4fdb-aa26-025ed9a8aa3e@group-E669E3FF1697->d833c6c7-5026-4edd-bbd5-8ccc0ef3852d-AppendLogResponseHandler: follower responses appendEntries COMPLETED
2023-09-20 15:49:35,508 [grpc-default-executor-1] WARN  server.GrpcLogAppender (GrpcLogAppender.java:resetClient(137)) - b1c70fe4-d692-4fdb-aa26-025ed9a8aa3e@group-E669E3FF1697->d833c6c7-5026-4edd-bbd5-8ccc0ef3852d-GrpcLogAppender: Failed to getClient for d833c6c7-5026-4edd-bbd5-8ccc0ef3852d
org.apache.ratis.protocol.exceptions.AlreadyClosedException: b1c70fe4-d692-4fdb-aa26-025ed9a8aa3e is already CLOSED
	at org.apache.ratis.util.PeerProxyMap$PeerAndProxy.getProxy(PeerProxyMap.java:61)
	at org.apache.ratis.util.PeerProxyMap.getProxy(PeerProxyMap.java:115)
	at org.apache.ratis.grpc.server.GrpcLogAppender.getClient(GrpcLogAppender.java:112)
	at org.apache.ratis.grpc.server.GrpcLogAppender.resetClient(GrpcLogAppender.java:117)
	at org.apache.ratis.grpc.server.GrpcLogAppender.access$500(GrpcLogAppender.java:56)
	at org.apache.ratis.grpc.server.GrpcLogAppender$AppendLogResponseHandler.onCompleted(GrpcLogAppender.java:429)
	at org.apache.ratis.thirdparty.io.grpc.stub.ClientCalls$StreamObserverToCallListenerAdapter.onClose(ClientCalls.java:485)
	at org.apache.ratis.thirdparty.io.grpc.internal.ClientCallImpl.closeObserver(ClientCallImpl.java:563)
	at org.apache.ratis.thirdparty.io.grpc.internal.ClientCallImpl.access$300(ClientCallImpl.java:70)
	at org.apache.ratis.thirdparty.io.grpc.internal.ClientCallImpl$ClientStreamListenerImpl$1StreamClosed.runInternal(ClientCallImpl.java:744)
	at org.apache.ratis.thirdparty.io.grpc.internal.ClientCallImpl$ClientStreamListenerImpl$1StreamClosed.runInContext(ClientCallImpl.java:723)
	at org.apache.ratis.thirdparty.io.grpc.internal.ContextRunnable.run(ContextRunnable.java:37)
	at org.apache.ratis.thirdparty.io.grpc.internal.SerializingExecutor.run(SerializingExecutor.java:133)
	at java.util.concurrent.ThreadPoolExecutor.runWorker(ThreadPoolExecutor.java:1149)
	at java.util.concurrent.ThreadPoolExecutor$Worker.run(ThreadPoolExecutor.java:624)
	at java.lang.Thread.run(Thread.java:750)
2023-09-20 15:49:35,493 [Thread-1474] INFO  server.GrpcServerProtocolClient (GrpcServerProtocolClient.java:close(103)) - d833c6c7-5026-4edd-bbd5-8ccc0ef3852d Close channels
2023-09-20 15:49:35,493 [b1c70fe4-d692-4fdb-aa26-025ed9a8aa3e@group-8A3B1EC5611F-StateMachineUpdater] INFO  ratis.ContainerStateMachine (ContainerStateMachine.java:takeSnapshot(341)) - group-8A3B1EC5611F: Finished taking a snapshot at:(t:1, i:214) file:/home/runner/work/ozone/ozone/hadoop-ozone/integration-test/target/test-dir/MiniOzoneClusterImpl-38a365bd-16d9-45d9-a84a-b01271e6c83a/datanode-1/data/ratis/15feb49d-6829-40ee-baa7-8a3b1ec5611f/sm/snapshot.1_214 took: 8 ms
2023-09-20 15:49:35,508 [b1c70fe4-d692-4fdb-aa26-025ed9a8aa3e@group-E669E3FF1697-StateMachineUpdater] INFO  ratis.ContainerStateMachine (ContainerStateMachine.java:takeSnapshot(330)) - group-E669E3FF1697: Taking a snapshot at:(t:1, i:215) file /home/runner/work/ozone/ozone/hadoop-ozone/integration-test/target/test-dir/MiniOzoneClusterImpl-38a365bd-16d9-45d9-a84a-b01271e6c83a/datanode-1/data/ratis/64f4d689-c54f-42ac-b618-e669e3ff1697/sm/snapshot.1_215
2023-09-20 15:49:35,510 [b1c70fe4-d692-4fdb-aa26-025ed9a8aa3e@group-8A3B1EC5611F-StateMachineUpdater] INFO  impl.StateMachineUpdater (StateMachineUpdater.java:takeSnapshot(291)) - b1c70fe4-d692-4fdb-aa26-025ed9a8aa3e@group-8A3B1EC5611F-StateMachineUpdater: Took a snapshot at index 214
2023-09-20 15:49:35,511 [b1c70fe4-d692-4fdb-aa26-025ed9a8aa3e@group-8A3B1EC5611F-StateMachineUpdater] INFO  impl.StateMachineUpdater (StateMachineUpdater.java:lambda$new$0(97)) - b1c70fe4-d692-4fdb-aa26-025ed9a8aa3e@group-8A3B1EC5611F-StateMachineUpdater: snapshotIndex: updateIncreasingly -1 -> 214
2023-09-20 15:49:35,501 [grpc-default-executor-3] INFO  server.GrpcLogAppender (GrpcLogAppender.java:onCompleted(428)) - b1c70fe4-d692-4fdb-aa26-025ed9a8aa3e@group-E669E3FF1697->76461d31-4f4d-43fe-b3e7-bc7be05b2809-AppendLogResponseHandler: follower responses appendEntries COMPLETED
2023-09-20 15:49:35,511 [grpc-default-executor-3] WARN  server.GrpcLogAppender (GrpcLogAppender.java:resetClient(137)) - b1c70fe4-d692-4fdb-aa26-025ed9a8aa3e@group-E669E3FF1697->76461d31-4f4d-43fe-b3e7-bc7be05b2809-GrpcLogAppender: Failed to getClient for 76461d31-4f4d-43fe-b3e7-bc7be05b2809
org.apache.ratis.protocol.exceptions.AlreadyClosedException: b1c70fe4-d692-4fdb-aa26-025ed9a8aa3e is already CLOSED
	at org.apache.ratis.util.PeerProxyMap$PeerAndProxy.getProxy(PeerProxyMap.java:61)
	at org.apache.ratis.util.PeerProxyMap.getProxy(PeerProxyMap.java:115)
	at org.apache.ratis.grpc.server.GrpcLogAppender.getClient(GrpcLogAppender.java:112)
	at org.apache.ratis.grpc.server.GrpcLogAppender.resetClient(GrpcLogAppender.java:117)
	at org.apache.ratis.grpc.server.GrpcLogAppender.access$500(GrpcLogAppender.java:56)
	at org.apache.ratis.grpc.server.GrpcLogAppender$AppendLogResponseHandler.onCompleted(GrpcLogAppender.java:429)
	at org.apache.ratis.thirdparty.io.grpc.stub.ClientCalls$StreamObserverToCallListenerAdapter.onClose(ClientCalls.java:485)
	at org.apache.ratis.thirdparty.io.grpc.internal.DelayedClientCall$DelayedListener$3.run(DelayedClientCall.java:471)
	at org.apache.ratis.thirdparty.io.grpc.internal.DelayedClientCall$DelayedListener.delayOrExecute(DelayedClientCall.java:435)
	at org.apache.ratis.thirdparty.io.grpc.internal.DelayedClientCall$DelayedListener.onClose(DelayedClientCall.java:468)
	at org.apache.ratis.thirdparty.io.grpc.internal.ClientCallImpl.closeObserver(ClientCallImpl.java:563)
	at org.apache.ratis.thirdparty.io.grpc.internal.ClientCallImpl.access$300(ClientCallImpl.java:70)
	at org.apache.ratis.thirdparty.io.grpc.internal.ClientCallImpl$ClientStreamListenerImpl$1StreamClosed.runInternal(ClientCallImpl.java:744)
	at org.apache.ratis.thirdparty.io.grpc.internal.ClientCallImpl$ClientStreamListenerImpl$1StreamClosed.runInContext(ClientCallImpl.java:723)
	at org.apache.ratis.thirdparty.io.grpc.internal.ContextRunnable.run(ContextRunnable.java:37)
	at org.apache.ratis.thirdparty.io.grpc.internal.SerializingExecutor.run(SerializingExecutor.java:133)
	at java.util.concurrent.ThreadPoolExecutor.runWorker(ThreadPoolExecutor.java:1149)
	at java.util.concurrent.ThreadPoolExecutor$Worker.run(ThreadPoolExecutor.java:624)
	at java.lang.Thread.run(Thread.java:750)
2023-09-20 15:49:35,511 [76461d31-4f4d-43fe-b3e7-bc7be05b2809-impl-thread3] INFO  server.RaftServer$Division (RaftServerImpl.java:lambda$close$4(466)) - 76461d31-4f4d-43fe-b3e7-bc7be05b2809@group-2989245CBECE: shutdown
2023-09-20 15:49:35,510 [76461d31-4f4d-43fe-b3e7-bc7be05b2809-impl-thread2] INFO  server.RaftServer$Division (RaftServerImpl.java:lambda$close$4(466)) - 76461d31-4f4d-43fe-b3e7-bc7be05b2809@group-8A3B1EC5611F: shutdown
2023-09-20 15:49:35,513 [76461d31-4f4d-43fe-b3e7-bc7be05b2809-impl-thread2] INFO  util.JmxRegister (JmxRegister.java:unregister(73)) - Successfully un-registered JMX Bean with object name Ratis:service=RaftServer,group=group-8A3B1EC5611F,id=76461d31-4f4d-43fe-b3e7-bc7be05b2809
2023-09-20 15:49:35,513 [76461d31-4f4d-43fe-b3e7-bc7be05b2809-impl-thread2] INFO  impl.RoleInfo (RoleInfo.java:shutdownFollowerState(110)) - 76461d31-4f4d-43fe-b3e7-bc7be05b2809: shutdown 76461d31-4f4d-43fe-b3e7-bc7be05b2809@group-8A3B1EC5611F-FollowerState
2023-09-20 15:49:35,512 [b1c70fe4-d692-4fdb-aa26-025ed9a8aa3e@group-578687A36430-StateMachineUpdater] INFO  ratis.ContainerStateMachine (ContainerStateMachine.java:takeSnapshot(330)) - group-578687A36430: Taking a snapshot at:(t:1, i:0) file /home/runner/work/ozone/ozone/hadoop-ozone/integration-test/target/test-dir/MiniOzoneClusterImpl-38a365bd-16d9-45d9-a84a-b01271e6c83a/datanode-1/data/ratis/3973acac-7d66-4539-9ac8-578687a36430/sm/snapshot.1_0
2023-09-20 15:49:35,511 [b1c70fe4-d692-4fdb-aa26-025ed9a8aa3e@group-E669E3FF1697-StateMachineUpdater] INFO  ratis.ContainerStateMachine (ContainerStateMachine.java:takeSnapshot(341)) - group-E669E3FF1697: Finished taking a snapshot at:(t:1, i:215) file:/home/runner/work/ozone/ozone/hadoop-ozone/integration-test/target/test-dir/MiniOzoneClusterImpl-38a365bd-16d9-45d9-a84a-b01271e6c83a/datanode-1/data/ratis/64f4d689-c54f-42ac-b618-e669e3ff1697/sm/snapshot.1_215 took: 4 ms
2023-09-20 15:49:35,514 [76461d31-4f4d-43fe-b3e7-bc7be05b2809-impl-thread3] INFO  util.JmxRegister (JmxRegister.java:unregister(73)) - Successfully un-registered JMX Bean with object name Ratis:service=RaftServer,group=group-2989245CBECE,id=76461d31-4f4d-43fe-b3e7-bc7be05b2809
2023-09-20 15:49:35,514 [b1c70fe4-d692-4fdb-aa26-025ed9a8aa3e@group-E669E3FF1697-StateMachineUpdater] INFO  impl.StateMachineUpdater (StateMachineUpdater.java:takeSnapshot(291)) - b1c70fe4-d692-4fdb-aa26-025ed9a8aa3e@group-E669E3FF1697-StateMachineUpdater: Took a snapshot at index 215
2023-09-20 15:49:35,514 [b1c70fe4-d692-4fdb-aa26-025ed9a8aa3e@group-E669E3FF1697-StateMachineUpdater] INFO  impl.StateMachineUpdater (StateMachineUpdater.java:lambda$new$0(97)) - b1c70fe4-d692-4fdb-aa26-025ed9a8aa3e@group-E669E3FF1697-StateMachineUpdater: snapshotIndex: updateIncreasingly -1 -> 215
2023-09-20 15:49:35,511 [b1c70fe4-d692-4fdb-aa26-025ed9a8aa3e-impl-thread4] INFO  impl.StateMachineUpdater (StateMachineUpdater.java:stopAndJoin(155)) - b1c70fe4-d692-4fdb-aa26-025ed9a8aa3e@group-578687A36430-StateMachineUpdater: set stopIndex = 0
2023-09-20 15:49:35,514 [b1c70fe4-d692-4fdb-aa26-025ed9a8aa3e@group-578687A36430-StateMachineUpdater] INFO  ratis.ContainerStateMachine (ContainerStateMachine.java:takeSnapshot(341)) - group-578687A36430: Finished taking a snapshot at:(t:1, i:0) file:/home/runner/work/ozone/ozone/hadoop-ozone/integration-test/target/test-dir/MiniOzoneClusterImpl-38a365bd-16d9-45d9-a84a-b01271e6c83a/datanode-1/data/ratis/3973acac-7d66-4539-9ac8-578687a36430/sm/snapshot.1_0 took: 2 ms
2023-09-20 15:49:35,514 [b1c70fe4-d692-4fdb-aa26-025ed9a8aa3e@group-578687A36430-StateMachineUpdater] INFO  impl.StateMachineUpdater (StateMachineUpdater.java:takeSnapshot(291)) - b1c70fe4-d692-4fdb-aa26-025ed9a8aa3e@group-578687A36430-StateMachineUpdater: Took a snapshot at index 0
2023-09-20 15:49:35,514 [b1c70fe4-d692-4fdb-aa26-025ed9a8aa3e@group-578687A36430-StateMachineUpdater] INFO  impl.StateMachineUpdater (StateMachineUpdater.java:lambda$new$0(97)) - b1c70fe4-d692-4fdb-aa26-025ed9a8aa3e@group-578687A36430-StateMachineUpdater: snapshotIndex: updateIncreasingly -1 -> 0
2023-09-20 15:49:35,514 [76461d31-4f4d-43fe-b3e7-bc7be05b2809-impl-thread3] INFO  impl.RoleInfo (RoleInfo.java:shutdownLeaderState(93)) - 76461d31-4f4d-43fe-b3e7-bc7be05b2809: shutdown 76461d31-4f4d-43fe-b3e7-bc7be05b2809@group-2989245CBECE-LeaderStateImpl
2023-09-20 15:49:35,514 [b1c70fe4-d692-4fdb-aa26-025ed9a8aa3e-impl-thread4] INFO  server.RaftServer$Division (ServerState.java:close(472)) - b1c70fe4-d692-4fdb-aa26-025ed9a8aa3e@group-578687A36430: closes. applyIndex: 0
2023-09-20 15:49:35,515 [76461d31-4f4d-43fe-b3e7-bc7be05b2809-impl-thread3] INFO  impl.PendingRequests (PendingRequests.java:sendNotLeaderResponses(289)) - 76461d31-4f4d-43fe-b3e7-bc7be05b2809@group-2989245CBECE-PendingRequests: sendNotLeaderResponses
2023-09-20 15:49:35,515 [76461d31-4f4d-43fe-b3e7-bc7be05b2809@group-2989245CBECE-StateMachineUpdater] INFO  ratis.ContainerStateMachine (ContainerStateMachine.java:takeSnapshot(330)) - group-2989245CBECE: Taking a snapshot at:(t:1, i:0) file /home/runner/work/ozone/ozone/hadoop-ozone/integration-test/target/test-dir/MiniOzoneClusterImpl-38a365bd-16d9-45d9-a84a-b01271e6c83a/datanode-0/data/ratis/f1b48fd3-1a66-4ff4-91e8-2989245cbece/sm/snapshot.1_0
2023-09-20 15:49:35,515 [76461d31-4f4d-43fe-b3e7-bc7be05b2809-impl-thread3] INFO  impl.StateMachineUpdater (StateMachineUpdater.java:stopAndJoin(155)) - 76461d31-4f4d-43fe-b3e7-bc7be05b2809@group-2989245CBECE-StateMachineUpdater: set stopIndex = 0
2023-09-20 15:49:35,516 [76461d31-4f4d-43fe-b3e7-bc7be05b2809@group-2989245CBECE-StateMachineUpdater] INFO  ratis.ContainerStateMachine (ContainerStateMachine.java:takeSnapshot(341)) - group-2989245CBECE: Finished taking a snapshot at:(t:1, i:0) file:/home/runner/work/ozone/ozone/hadoop-ozone/integration-test/target/test-dir/MiniOzoneClusterImpl-38a365bd-16d9-45d9-a84a-b01271e6c83a/datanode-0/data/ratis/f1b48fd3-1a66-4ff4-91e8-2989245cbece/sm/snapshot.1_0 took: 1 ms
2023-09-20 15:49:35,516 [76461d31-4f4d-43fe-b3e7-bc7be05b2809@group-2989245CBECE-StateMachineUpdater] INFO  impl.StateMachineUpdater (StateMachineUpdater.java:takeSnapshot(291)) - 76461d31-4f4d-43fe-b3e7-bc7be05b2809@group-2989245CBECE-StateMachineUpdater: Took a snapshot at index 0
2023-09-20 15:49:35,516 [76461d31-4f4d-43fe-b3e7-bc7be05b2809@group-2989245CBECE-StateMachineUpdater] INFO  impl.StateMachineUpdater (StateMachineUpdater.java:lambda$new$0(97)) - 76461d31-4f4d-43fe-b3e7-bc7be05b2809@group-2989245CBECE-StateMachineUpdater: snapshotIndex: updateIncreasingly -1 -> 0
2023-09-20 15:49:35,516 [76461d31-4f4d-43fe-b3e7-bc7be05b2809-impl-thread3] INFO  server.RaftServer$Division (ServerState.java:close(472)) - 76461d31-4f4d-43fe-b3e7-bc7be05b2809@group-2989245CBECE: closes. applyIndex: 0
2023-09-20 15:49:35,519 [ForkJoinPool.commonPool-worker-3] INFO  server.GrpcService (GrpcService.java:closeImpl(311)) - 76461d31-4f4d-43fe-b3e7-bc7be05b2809: shutdown server org.apache.ratis.grpc.server.GrpcClientProtocolService now
2023-09-20 15:49:35,520 [grpc-default-executor-6] INFO  server.GrpcLogAppender (GrpcLogAppender.java:onCompleted(428)) - b1c70fe4-d692-4fdb-aa26-025ed9a8aa3e@group-E669E3FF1697->76461d31-4f4d-43fe-b3e7-bc7be05b2809-AppendLogResponseHandler: follower responses appendEntries COMPLETED
2023-09-20 15:49:35,520 [grpc-default-executor-6] WARN  server.GrpcLogAppender (GrpcLogAppender.java:resetClient(137)) - b1c70fe4-d692-4fdb-aa26-025ed9a8aa3e@group-E669E3FF1697->76461d31-4f4d-43fe-b3e7-bc7be05b2809-GrpcLogAppender: Failed to getClient for 76461d31-4f4d-43fe-b3e7-bc7be05b2809
org.apache.ratis.protocol.exceptions.AlreadyClosedException: b1c70fe4-d692-4fdb-aa26-025ed9a8aa3e is already CLOSED
	at org.apache.ratis.util.PeerProxyMap$PeerAndProxy.getProxy(PeerProxyMap.java:61)
	at org.apache.ratis.util.PeerProxyMap.getProxy(PeerProxyMap.java:115)
	at org.apache.ratis.grpc.server.GrpcLogAppender.getClient(GrpcLogAppender.java:112)
	at org.apache.ratis.grpc.server.GrpcLogAppender.resetClient(GrpcLogAppender.java:117)
	at org.apache.ratis.grpc.server.GrpcLogAppender.access$500(GrpcLogAppender.java:56)
	at org.apache.ratis.grpc.server.GrpcLogAppender$AppendLogResponseHandler.onCompleted(GrpcLogAppender.java:429)
	at org.apache.ratis.thirdparty.io.grpc.stub.ClientCalls$StreamObserverToCallListenerAdapter.onClose(ClientCalls.java:485)
	at org.apache.ratis.thirdparty.io.grpc.internal.ClientCallImpl.closeObserver(ClientCallImpl.java:563)
	at org.apache.ratis.thirdparty.io.grpc.internal.ClientCallImpl.access$300(ClientCallImpl.java:70)
	at org.apache.ratis.thirdparty.io.grpc.internal.ClientCallImpl$ClientStreamListenerImpl$1StreamClosed.runInternal(ClientCallImpl.java:744)
	at org.apache.ratis.thirdparty.io.grpc.internal.ClientCallImpl$ClientStreamListenerImpl$1StreamClosed.runInContext(ClientCallImpl.java:723)
	at org.apache.ratis.thirdparty.io.grpc.internal.ContextRunnable.run(ContextRunnable.java:37)
	at org.apache.ratis.thirdparty.io.grpc.internal.SerializingExecutor.run(SerializingExecutor.java:133)
	at java.util.concurrent.ThreadPoolExecutor.runWorker(ThreadPoolExecutor.java:1149)
	at java.util.concurrent.ThreadPoolExecutor$Worker.run(ThreadPoolExecutor.java:624)
	at java.lang.Thread.run(Thread.java:750)
2023-09-20 15:49:35,521 [grpc-default-executor-0] INFO  server.GrpcLogAppender (GrpcLogAppender.java:onCompleted(428)) - b1c70fe4-d692-4fdb-aa26-025ed9a8aa3e@group-E669E3FF1697->d833c6c7-5026-4edd-bbd5-8ccc0ef3852d-AppendLogResponseHandler: follower responses appendEntries COMPLETED
2023-09-20 15:49:35,521 [grpc-default-executor-0] WARN  server.GrpcLogAppender (GrpcLogAppender.java:resetClient(137)) - b1c70fe4-d692-4fdb-aa26-025ed9a8aa3e@group-E669E3FF1697->d833c6c7-5026-4edd-bbd5-8ccc0ef3852d-GrpcLogAppender: Failed to getClient for d833c6c7-5026-4edd-bbd5-8ccc0ef3852d
org.apache.ratis.protocol.exceptions.AlreadyClosedException: b1c70fe4-d692-4fdb-aa26-025ed9a8aa3e is already CLOSED
	at org.apache.ratis.util.PeerProxyMap$PeerAndProxy.getProxy(PeerProxyMap.java:61)
	at org.apache.ratis.util.PeerProxyMap.getProxy(PeerProxyMap.java:115)
	at org.apache.ratis.grpc.server.GrpcLogAppender.getClient(GrpcLogAppender.java:112)
	at org.apache.ratis.grpc.server.GrpcLogAppender.resetClient(GrpcLogAppender.java:117)
	at org.apache.ratis.grpc.server.GrpcLogAppender.access$500(GrpcLogAppender.java:56)
	at org.apache.ratis.grpc.server.GrpcLogAppender$AppendLogResponseHandler.onCompleted(GrpcLogAppender.java:429)
	at org.apache.ratis.thirdparty.io.grpc.stub.ClientCalls$StreamObserverToCallListenerAdapter.onClose(ClientCalls.java:485)
	at org.apache.ratis.thirdparty.io.grpc.internal.DelayedClientCall$DelayedListener$3.run(DelayedClientCall.java:471)
	at org.apache.ratis.thirdparty.io.grpc.internal.DelayedClientCall$DelayedListener.delayOrExecute(DelayedClientCall.java:435)
	at org.apache.ratis.thirdparty.io.grpc.internal.DelayedClientCall$DelayedListener.onClose(DelayedClientCall.java:468)
	at org.apache.ratis.thirdparty.io.grpc.internal.ClientCallImpl.closeObserver(ClientCallImpl.java:563)
	at org.apache.ratis.thirdparty.io.grpc.internal.ClientCallImpl.access$300(ClientCallImpl.java:70)
	at org.apache.ratis.thirdparty.io.grpc.internal.ClientCallImpl$ClientStreamListenerImpl$1StreamClosed.runInternal(ClientCallImpl.java:744)
	at org.apache.ratis.thirdparty.io.grpc.internal.ClientCallImpl$ClientStreamListenerImpl$1StreamClosed.runInContext(ClientCallImpl.java:723)
	at org.apache.ratis.thirdparty.io.grpc.internal.ContextRunnable.run(ContextRunnable.java:37)
	at org.apache.ratis.thirdparty.io.grpc.internal.SerializingExecutor.run(SerializingExecutor.java:133)
	at java.util.concurrent.ThreadPoolExecutor.runWorker(ThreadPoolExecutor.java:1149)
	at java.util.concurrent.ThreadPoolExecutor$Worker.run(ThreadPoolExecutor.java:624)
	at java.lang.Thread.run(Thread.java:750)
2023-09-20 15:49:35,522 [76461d31-4f4d-43fe-b3e7-bc7be05b2809-impl-thread4] INFO  server.RaftServer$Division (RaftServerImpl.java:lambda$close$4(466)) - 76461d31-4f4d-43fe-b3e7-bc7be05b2809@group-E669E3FF1697: shutdown
2023-09-20 15:49:35,524 [76461d31-4f4d-43fe-b3e7-bc7be05b2809-impl-thread4] INFO  util.JmxRegister (JmxRegister.java:unregister(73)) - Successfully un-registered JMX Bean with object name Ratis:service=RaftServer,group=group-E669E3FF1697,id=76461d31-4f4d-43fe-b3e7-bc7be05b2809
2023-09-20 15:49:35,524 [76461d31-4f4d-43fe-b3e7-bc7be05b2809-impl-thread4] INFO  impl.RoleInfo (RoleInfo.java:shutdownFollowerState(110)) - 76461d31-4f4d-43fe-b3e7-bc7be05b2809: shutdown 76461d31-4f4d-43fe-b3e7-bc7be05b2809@group-E669E3FF1697-FollowerState
2023-09-20 15:49:35,527 [76461d31-4f4d-43fe-b3e7-bc7be05b2809-impl-thread2] INFO  impl.StateMachineUpdater (StateMachineUpdater.java:stopAndJoin(155)) - 76461d31-4f4d-43fe-b3e7-bc7be05b2809@group-8A3B1EC5611F-StateMachineUpdater: set stopIndex = 214
2023-09-20 15:49:35,528 [76461d31-4f4d-43fe-b3e7-bc7be05b2809@group-8A3B1EC5611F-FollowerState] INFO  impl.FollowerState (FollowerState.java:run(152)) - 76461d31-4f4d-43fe-b3e7-bc7be05b2809@group-8A3B1EC5611F-FollowerState was interrupted
2023-09-20 15:49:35,528 [76461d31-4f4d-43fe-b3e7-bc7be05b2809@group-8A3B1EC5611F-StateMachineUpdater] INFO  ratis.ContainerStateMachine (ContainerStateMachine.java:takeSnapshot(330)) - group-8A3B1EC5611F: Taking a snapshot at:(t:1, i:214) file /home/runner/work/ozone/ozone/hadoop-ozone/integration-test/target/test-dir/MiniOzoneClusterImpl-38a365bd-16d9-45d9-a84a-b01271e6c83a/datanode-0/data/ratis/15feb49d-6829-40ee-baa7-8a3b1ec5611f/sm/snapshot.1_214
2023-09-20 15:49:35,529 [b1c70fe4-d692-4fdb-aa26-025ed9a8aa3e-impl-thread3] INFO  server.RaftServer$Division (ServerState.java:close(472)) - b1c70fe4-d692-4fdb-aa26-025ed9a8aa3e@group-E669E3FF1697: closes. applyIndex: 215
2023-09-20 15:49:35,529 [76461d31-4f4d-43fe-b3e7-bc7be05b2809-impl-thread4] INFO  impl.StateMachineUpdater (StateMachineUpdater.java:stopAndJoin(155)) - 76461d31-4f4d-43fe-b3e7-bc7be05b2809@group-E669E3FF1697-StateMachineUpdater: set stopIndex = 215
2023-09-20 15:49:35,529 [76461d31-4f4d-43fe-b3e7-bc7be05b2809@group-E669E3FF1697-FollowerState] INFO  impl.FollowerState (FollowerState.java:run(152)) - 76461d31-4f4d-43fe-b3e7-bc7be05b2809@group-E669E3FF1697-FollowerState was interrupted
2023-09-20 15:49:35,530 [76461d31-4f4d-43fe-b3e7-bc7be05b2809@group-E669E3FF1697-StateMachineUpdater] INFO  ratis.ContainerStateMachine (ContainerStateMachine.java:takeSnapshot(330)) - group-E669E3FF1697: Taking a snapshot at:(t:1, i:215) file /home/runner/work/ozone/ozone/hadoop-ozone/integration-test/target/test-dir/MiniOzoneClusterImpl-38a365bd-16d9-45d9-a84a-b01271e6c83a/datanode-0/data/ratis/64f4d689-c54f-42ac-b618-e669e3ff1697/sm/snapshot.1_215
2023-09-20 15:49:35,530 [b1c70fe4-d692-4fdb-aa26-025ed9a8aa3e-impl-thread2] INFO  server.RaftServer$Division (ServerState.java:close(472)) - b1c70fe4-d692-4fdb-aa26-025ed9a8aa3e@group-8A3B1EC5611F: closes. applyIndex: 214
2023-09-20 15:49:35,532 [Thread-1479] INFO  server.GrpcServerProtocolClient (GrpcServerProtocolClient.java:close(103)) - b1c70fe4-d692-4fdb-aa26-025ed9a8aa3e Close channels
2023-09-20 15:49:35,532 [main] INFO  server.GrpcService (GrpcService.java:closeImpl(320)) - b1c70fe4-d692-4fdb-aa26-025ed9a8aa3e: shutdown server org.apache.ratis.grpc.server.GrpcClientProtocolService successfully
2023-09-20 15:49:35,532 [Thread-1480] INFO  server.GrpcServerProtocolClient (GrpcServerProtocolClient.java:close(103)) - d833c6c7-5026-4edd-bbd5-8ccc0ef3852d Close channels
2023-09-20 15:49:35,532 [main] INFO  server.GrpcService (GrpcService.java:closeImpl(311)) - b1c70fe4-d692-4fdb-aa26-025ed9a8aa3e: shutdown server GrpcServerProtocolService now
2023-09-20 15:49:35,532 [76461d31-4f4d-43fe-b3e7-bc7be05b2809@group-8A3B1EC5611F-StateMachineUpdater] INFO  ratis.ContainerStateMachine (ContainerStateMachine.java:takeSnapshot(341)) - group-8A3B1EC5611F: Finished taking a snapshot at:(t:1, i:214) file:/home/runner/work/ozone/ozone/hadoop-ozone/integration-test/target/test-dir/MiniOzoneClusterImpl-38a365bd-16d9-45d9-a84a-b01271e6c83a/datanode-0/data/ratis/15feb49d-6829-40ee-baa7-8a3b1ec5611f/sm/snapshot.1_214 took: 3 ms
2023-09-20 15:49:35,542 [76461d31-4f4d-43fe-b3e7-bc7be05b2809@group-8A3B1EC5611F-StateMachineUpdater] INFO  impl.StateMachineUpdater (StateMachineUpdater.java:takeSnapshot(291)) - 76461d31-4f4d-43fe-b3e7-bc7be05b2809@group-8A3B1EC5611F-StateMachineUpdater: Took a snapshot at index 214
2023-09-20 15:49:35,542 [76461d31-4f4d-43fe-b3e7-bc7be05b2809@group-8A3B1EC5611F-StateMachineUpdater] INFO  impl.StateMachineUpdater (StateMachineUpdater.java:lambda$new$0(97)) - 76461d31-4f4d-43fe-b3e7-bc7be05b2809@group-8A3B1EC5611F-StateMachineUpdater: snapshotIndex: updateIncreasingly -1 -> 214
2023-09-20 15:49:35,542 [76461d31-4f4d-43fe-b3e7-bc7be05b2809-impl-thread2] INFO  server.RaftServer$Division (ServerState.java:close(472)) - 76461d31-4f4d-43fe-b3e7-bc7be05b2809@group-8A3B1EC5611F: closes. applyIndex: 214
2023-09-20 15:49:35,532 [76461d31-4f4d-43fe-b3e7-bc7be05b2809@group-E669E3FF1697-StateMachineUpdater] INFO  ratis.ContainerStateMachine (ContainerStateMachine.java:takeSnapshot(341)) - group-E669E3FF1697: Finished taking a snapshot at:(t:1, i:215) file:/home/runner/work/ozone/ozone/hadoop-ozone/integration-test/target/test-dir/MiniOzoneClusterImpl-38a365bd-16d9-45d9-a84a-b01271e6c83a/datanode-0/data/ratis/64f4d689-c54f-42ac-b618-e669e3ff1697/sm/snapshot.1_215 took: 2 ms
2023-09-20 15:49:35,547 [grpc-default-executor-5] WARN  server.GrpcServerProtocolService (LogUtils.java:warn(122)) - b1c70fe4-d692-4fdb-aa26-025ed9a8aa3e: APPEND_ENTRIES onError, lastRequest: d833c6c7-5026-4edd-bbd5-8ccc0ef3852d->b1c70fe4-d692-4fdb-aa26-025ed9a8aa3e#256-t1,previous=(t:1, i:213),leaderCommit=213,initializing? true,entries: size=1, first=(t:1, i:214), METADATAENTRY(c:213): org.apache.ratis.thirdparty.io.grpc.StatusRuntimeException: CANCELLED: client cancelled
2023-09-20 15:49:35,547 [76461d31-4f4d-43fe-b3e7-bc7be05b2809@group-E669E3FF1697-StateMachineUpdater] INFO  impl.StateMachineUpdater (StateMachineUpdater.java:takeSnapshot(291)) - 76461d31-4f4d-43fe-b3e7-bc7be05b2809@group-E669E3FF1697-StateMachineUpdater: Took a snapshot at index 215
2023-09-20 15:49:35,541 [ForkJoinPool.commonPool-worker-3] INFO  server.GrpcService (GrpcService.java:closeImpl(320)) - 76461d31-4f4d-43fe-b3e7-bc7be05b2809: shutdown server org.apache.ratis.grpc.server.GrpcClientProtocolService successfully
2023-09-20 15:49:35,547 [ForkJoinPool.commonPool-worker-3] INFO  server.GrpcService (GrpcService.java:closeImpl(311)) - 76461d31-4f4d-43fe-b3e7-bc7be05b2809: shutdown server GrpcServerProtocolService now
2023-09-20 15:49:35,549 [b1c70fe4-d692-4fdb-aa26-025ed9a8aa3e-impl-thread3] INFO  segmented.SegmentedRaftLogWorker (SegmentedRaftLogWorker.java:close(252)) - b1c70fe4-d692-4fdb-aa26-025ed9a8aa3e@group-E669E3FF1697-SegmentedRaftLogWorker close()
2023-09-20 15:49:35,547 [76461d31-4f4d-43fe-b3e7-bc7be05b2809@group-E669E3FF1697-StateMachineUpdater] INFO  impl.StateMachineUpdater (StateMachineUpdater.java:lambda$new$0(97)) - 76461d31-4f4d-43fe-b3e7-bc7be05b2809@group-E669E3FF1697-StateMachineUpdater: snapshotIndex: updateIncreasingly -1 -> 215
2023-09-20 15:49:35,557 [grpc-default-executor-2] WARN  server.GrpcServerProtocolService (LogUtils.java:warn(122)) - b1c70fe4-d692-4fdb-aa26-025ed9a8aa3e: APPEND_ENTRIES onError, lastRequest: null: org.apache.ratis.thirdparty.io.grpc.StatusRuntimeException: CANCELLED: client cancelled
2023-09-20 15:49:35,557 [grpc-default-executor-6] WARN  server.GrpcLogAppender (LogUtils.java:warn(122)) - d833c6c7-5026-4edd-bbd5-8ccc0ef3852d@group-8A3B1EC5611F->b1c70fe4-d692-4fdb-aa26-025ed9a8aa3e-AppendLogResponseHandler: Failed appendEntries: org.apache.ratis.thirdparty.io.grpc.StatusRuntimeException: CANCELLED: RST_STREAM closed stream. HTTP/2 error code: CANCEL
2023-09-20 15:49:35,565 [main] INFO  server.GrpcService (GrpcService.java:closeImpl(320)) - b1c70fe4-d692-4fdb-aa26-025ed9a8aa3e: shutdown server GrpcServerProtocolService successfully
2023-09-20 15:49:35,565 [main] INFO  server.GrpcService (GrpcService.java:closeImpl(311)) - b1c70fe4-d692-4fdb-aa26-025ed9a8aa3e: shutdown server org.apache.ratis.grpc.server.GrpcAdminProtocolService now
2023-09-20 15:49:35,566 [grpc-default-executor-4] WARN  server.GrpcServerProtocolService (LogUtils.java:warn(122)) - 76461d31-4f4d-43fe-b3e7-bc7be05b2809: APPEND_ENTRIES onError, lastRequest: null: org.apache.ratis.thirdparty.io.grpc.StatusRuntimeException: CANCELLED: client cancelled
2023-09-20 15:49:35,570 [grpc-default-executor-3] WARN  server.GrpcServerProtocolService (LogUtils.java:warn(122)) - 76461d31-4f4d-43fe-b3e7-bc7be05b2809: APPEND_ENTRIES onError, lastRequest: d833c6c7-5026-4edd-bbd5-8ccc0ef3852d->76461d31-4f4d-43fe-b3e7-bc7be05b2809#253-t1,previous=(t:1, i:213),leaderCommit=213,initializing? true,entries: size=1, first=(t:1, i:214), METADATAENTRY(c:213): org.apache.ratis.thirdparty.io.grpc.StatusRuntimeException: CANCELLED: client cancelled
2023-09-20 15:49:35,572 [grpc-default-executor-6] INFO  leader.FollowerInfo (FollowerInfoImpl.java:lambda$new$0(52)) - d833c6c7-5026-4edd-bbd5-8ccc0ef3852d@group-8A3B1EC5611F->b1c70fe4-d692-4fdb-aa26-025ed9a8aa3e: decreaseNextIndex nextIndex: updateUnconditionally 215 -> 214
2023-09-20 15:49:35,573 [ForkJoinPool.commonPool-worker-3] INFO  server.GrpcService (GrpcService.java:closeImpl(320)) - 76461d31-4f4d-43fe-b3e7-bc7be05b2809: shutdown server GrpcServerProtocolService successfully
2023-09-20 15:49:35,573 [ForkJoinPool.commonPool-worker-3] INFO  server.GrpcService (GrpcService.java:closeImpl(311)) - 76461d31-4f4d-43fe-b3e7-bc7be05b2809: shutdown server org.apache.ratis.grpc.server.GrpcAdminProtocolService now
2023-09-20 15:49:35,573 [grpc-default-executor-2] WARN  server.GrpcLogAppender (LogUtils.java:warn(122)) - d833c6c7-5026-4edd-bbd5-8ccc0ef3852d@group-8A3B1EC5611F->76461d31-4f4d-43fe-b3e7-bc7be05b2809-AppendLogResponseHandler: Failed appendEntries: org.apache.ratis.thirdparty.io.grpc.StatusRuntimeException: CANCELLED: RST_STREAM closed stream. HTTP/2 error code: CANCEL
2023-09-20 15:49:35,578 [76461d31-4f4d-43fe-b3e7-bc7be05b2809-impl-thread4] INFO  server.RaftServer$Division (ServerState.java:close(472)) - 76461d31-4f4d-43fe-b3e7-bc7be05b2809@group-E669E3FF1697: closes. applyIndex: 215
2023-09-20 15:49:35,579 [grpc-default-executor-5] WARN  server.GrpcLogAppender (LogUtils.java:warn(122)) - d833c6c7-5026-4edd-bbd5-8ccc0ef3852d@group-8A3B1EC5611F->b1c70fe4-d692-4fdb-aa26-025ed9a8aa3e-AppendLogResponseHandler: Failed appendEntries: org.apache.ratis.thirdparty.io.grpc.StatusRuntimeException: CANCELLED: RST_STREAM closed stream. HTTP/2 error code: CANCEL
2023-09-20 15:49:35,579 [grpc-default-executor-5] INFO  leader.FollowerInfo (FollowerInfoImpl.java:lambda$new$0(52)) - d833c6c7-5026-4edd-bbd5-8ccc0ef3852d@group-8A3B1EC5611F->b1c70fe4-d692-4fdb-aa26-025ed9a8aa3e: decreaseNextIndex nextIndex: updateUnconditionally 214 -> 213
2023-09-20 15:49:35,574 [grpc-default-executor-2] INFO  leader.FollowerInfo (FollowerInfoImpl.java:lambda$new$0(52)) - d833c6c7-5026-4edd-bbd5-8ccc0ef3852d@group-8A3B1EC5611F->76461d31-4f4d-43fe-b3e7-bc7be05b2809: decreaseNextIndex nextIndex: updateUnconditionally 215 -> 214
2023-09-20 15:49:35,580 [main] INFO  server.GrpcService (GrpcService.java:closeImpl(320)) - b1c70fe4-d692-4fdb-aa26-025ed9a8aa3e: shutdown server org.apache.ratis.grpc.server.GrpcAdminProtocolService successfully
2023-09-20 15:49:35,586 [b1c70fe4-d692-4fdb-aa26-025ed9a8aa3e-NettyServerStreamRpc-bossGroup--thread1] INFO  logging.LoggingHandler (AbstractInternalLogger.java:log(148)) - [id: 0x6a813389, L:/0:0:0:0:0:0:0:0:15059] CLOSE
2023-09-20 15:49:35,586 [ForkJoinPool.commonPool-worker-3] INFO  server.GrpcService (GrpcService.java:closeImpl(320)) - 76461d31-4f4d-43fe-b3e7-bc7be05b2809: shutdown server org.apache.ratis.grpc.server.GrpcAdminProtocolService successfully
2023-09-20 15:49:35,586 [b1c70fe4-d692-4fdb-aa26-025ed9a8aa3e-NettyServerStreamRpc-bossGroup--thread1] INFO  logging.LoggingHandler (AbstractInternalLogger.java:log(148)) - [id: 0x6a813389, L:/0:0:0:0:0:0:0:0:15059] INACTIVE
2023-09-20 15:49:35,587 [b1c70fe4-d692-4fdb-aa26-025ed9a8aa3e-NettyServerStreamRpc-bossGroup--thread1] INFO  logging.LoggingHandler (AbstractInternalLogger.java:log(148)) - [id: 0x6a813389, L:/0:0:0:0:0:0:0:0:15059] UNREGISTERED
2023-09-20 15:49:35,587 [76461d31-4f4d-43fe-b3e7-bc7be05b2809-NettyServerStreamRpc-bossGroup--thread1] INFO  logging.LoggingHandler (AbstractInternalLogger.java:log(148)) - [id: 0x08113d75, L:/0:0:0:0:0:0:0:0:15050] CLOSE
2023-09-20 15:49:35,588 [76461d31-4f4d-43fe-b3e7-bc7be05b2809-NettyServerStreamRpc-bossGroup--thread1] INFO  logging.LoggingHandler (AbstractInternalLogger.java:log(148)) - [id: 0x08113d75, L:/0:0:0:0:0:0:0:0:15050] INACTIVE
2023-09-20 15:49:35,588 [76461d31-4f4d-43fe-b3e7-bc7be05b2809-NettyServerStreamRpc-bossGroup--thread1] INFO  logging.LoggingHandler (AbstractInternalLogger.java:log(148)) - [id: 0x08113d75, L:/0:0:0:0:0:0:0:0:15050] UNREGISTERED
2023-09-20 15:49:35,587 [grpc-default-executor-0] WARN  server.GrpcLogAppender (LogUtils.java:warn(122)) - d833c6c7-5026-4edd-bbd5-8ccc0ef3852d@group-8A3B1EC5611F->76461d31-4f4d-43fe-b3e7-bc7be05b2809-AppendLogResponseHandler: Failed appendEntries: org.apache.ratis.thirdparty.io.grpc.StatusRuntimeException: CANCELLED: RST_STREAM closed stream. HTTP/2 error code: CANCEL
2023-09-20 15:49:35,588 [grpc-default-executor-0] INFO  leader.FollowerInfo (FollowerInfoImpl.java:lambda$new$0(52)) - d833c6c7-5026-4edd-bbd5-8ccc0ef3852d@group-8A3B1EC5611F->76461d31-4f4d-43fe-b3e7-bc7be05b2809: decreaseNextIndex nextIndex: updateUnconditionally 214 -> 213
2023-09-20 15:49:35,605 [ForkJoinPool.commonPool-worker-0] INFO  ozoneimpl.OzoneContainer (OzoneContainer.java:stop(451)) - Attempting to stop container services.
2023-09-20 15:49:35,605 [ForkJoinPool.commonPool-worker-0] INFO  server.RaftServer (RaftServerProxy.java:lambda$close$6(416)) - d833c6c7-5026-4edd-bbd5-8ccc0ef3852d: close
2023-09-20 15:49:35,606 [d833c6c7-5026-4edd-bbd5-8ccc0ef3852d-impl-thread2] INFO  server.RaftServer$Division (RaftServerImpl.java:lambda$close$4(466)) - d833c6c7-5026-4edd-bbd5-8ccc0ef3852d@group-8A3B1EC5611F: shutdown
2023-09-20 15:49:35,606 [d833c6c7-5026-4edd-bbd5-8ccc0ef3852d-impl-thread2] INFO  util.JmxRegister (JmxRegister.java:unregister(73)) - Successfully un-registered JMX Bean with object name Ratis:service=RaftServer,group=group-8A3B1EC5611F,id=d833c6c7-5026-4edd-bbd5-8ccc0ef3852d
2023-09-20 15:49:35,606 [d833c6c7-5026-4edd-bbd5-8ccc0ef3852d-impl-thread2] INFO  impl.RoleInfo (RoleInfo.java:shutdownLeaderState(93)) - d833c6c7-5026-4edd-bbd5-8ccc0ef3852d: shutdown d833c6c7-5026-4edd-bbd5-8ccc0ef3852d@group-8A3B1EC5611F-LeaderStateImpl
2023-09-20 15:49:35,607 [d833c6c7-5026-4edd-bbd5-8ccc0ef3852d-impl-thread3] INFO  server.RaftServer$Division (RaftServerImpl.java:lambda$close$4(466)) - d833c6c7-5026-4edd-bbd5-8ccc0ef3852d@group-0D300F9491B5: shutdown
2023-09-20 15:49:35,607 [d833c6c7-5026-4edd-bbd5-8ccc0ef3852d-impl-thread3] INFO  util.JmxRegister (JmxRegister.java:unregister(73)) - Successfully un-registered JMX Bean with object name Ratis:service=RaftServer,group=group-0D300F9491B5,id=d833c6c7-5026-4edd-bbd5-8ccc0ef3852d
2023-09-20 15:49:35,607 [d833c6c7-5026-4edd-bbd5-8ccc0ef3852d-impl-thread3] INFO  impl.RoleInfo (RoleInfo.java:shutdownLeaderState(93)) - d833c6c7-5026-4edd-bbd5-8ccc0ef3852d: shutdown d833c6c7-5026-4edd-bbd5-8ccc0ef3852d@group-0D300F9491B5-LeaderStateImpl
2023-09-20 15:49:35,607 [d833c6c7-5026-4edd-bbd5-8ccc0ef3852d-impl-thread3] INFO  impl.PendingRequests (PendingRequests.java:sendNotLeaderResponses(289)) - d833c6c7-5026-4edd-bbd5-8ccc0ef3852d@group-0D300F9491B5-PendingRequests: sendNotLeaderResponses
2023-09-20 15:49:35,607 [d833c6c7-5026-4edd-bbd5-8ccc0ef3852d@group-0D300F9491B5-StateMachineUpdater] INFO  ratis.ContainerStateMachine (ContainerStateMachine.java:takeSnapshot(330)) - group-0D300F9491B5: Taking a snapshot at:(t:1, i:0) file /home/runner/work/ozone/ozone/hadoop-ozone/integration-test/target/test-dir/MiniOzoneClusterImpl-38a365bd-16d9-45d9-a84a-b01271e6c83a/datanode-2/data/ratis/05cca329-6272-4460-9100-0d300f9491b5/sm/snapshot.1_0
2023-09-20 15:49:35,608 [d833c6c7-5026-4edd-bbd5-8ccc0ef3852d-impl-thread3] INFO  impl.StateMachineUpdater (StateMachineUpdater.java:stopAndJoin(155)) - d833c6c7-5026-4edd-bbd5-8ccc0ef3852d@group-0D300F9491B5-StateMachineUpdater: set stopIndex = 0
2023-09-20 15:49:35,608 [ForkJoinPool.commonPool-worker-0] INFO  server.GrpcService (GrpcService.java:closeImpl(311)) - d833c6c7-5026-4edd-bbd5-8ccc0ef3852d: shutdown server org.apache.ratis.grpc.server.GrpcClientProtocolService now
2023-09-20 15:49:35,608 [d833c6c7-5026-4edd-bbd5-8ccc0ef3852d-impl-thread4] INFO  server.RaftServer$Division (RaftServerImpl.java:lambda$close$4(466)) - d833c6c7-5026-4edd-bbd5-8ccc0ef3852d@group-E669E3FF1697: shutdown
2023-09-20 15:49:35,608 [d833c6c7-5026-4edd-bbd5-8ccc0ef3852d@group-0D300F9491B5-StateMachineUpdater] INFO  ratis.ContainerStateMachine (ContainerStateMachine.java:takeSnapshot(341)) - group-0D300F9491B5: Finished taking a snapshot at:(t:1, i:0) file:/home/runner/work/ozone/ozone/hadoop-ozone/integration-test/target/test-dir/MiniOzoneClusterImpl-38a365bd-16d9-45d9-a84a-b01271e6c83a/datanode-2/data/ratis/05cca329-6272-4460-9100-0d300f9491b5/sm/snapshot.1_0 took: 1 ms
2023-09-20 15:49:35,609 [d833c6c7-5026-4edd-bbd5-8ccc0ef3852d@group-0D300F9491B5-StateMachineUpdater] INFO  impl.StateMachineUpdater (StateMachineUpdater.java:takeSnapshot(291)) - d833c6c7-5026-4edd-bbd5-8ccc0ef3852d@group-0D300F9491B5-StateMachineUpdater: Took a snapshot at index 0
2023-09-20 15:49:35,609 [d833c6c7-5026-4edd-bbd5-8ccc0ef3852d@group-0D300F9491B5-StateMachineUpdater] INFO  impl.StateMachineUpdater (StateMachineUpdater.java:lambda$new$0(97)) - d833c6c7-5026-4edd-bbd5-8ccc0ef3852d@group-0D300F9491B5-StateMachineUpdater: snapshotIndex: updateIncreasingly -1 -> 0
2023-09-20 15:49:35,609 [d833c6c7-5026-4edd-bbd5-8ccc0ef3852d-impl-thread3] INFO  server.RaftServer$Division (ServerState.java:close(472)) - d833c6c7-5026-4edd-bbd5-8ccc0ef3852d@group-0D300F9491B5: closes. applyIndex: 0
2023-09-20 15:49:35,609 [d833c6c7-5026-4edd-bbd5-8ccc0ef3852d-impl-thread4] INFO  util.JmxRegister (JmxRegister.java:unregister(73)) - Successfully un-registered JMX Bean with object name Ratis:service=RaftServer,group=group-E669E3FF1697,id=d833c6c7-5026-4edd-bbd5-8ccc0ef3852d
2023-09-20 15:49:35,609 [d833c6c7-5026-4edd-bbd5-8ccc0ef3852d-impl-thread4] INFO  impl.RoleInfo (RoleInfo.java:shutdownFollowerState(110)) - d833c6c7-5026-4edd-bbd5-8ccc0ef3852d: shutdown d833c6c7-5026-4edd-bbd5-8ccc0ef3852d@group-E669E3FF1697-FollowerState
2023-09-20 15:49:35,621 [d833c6c7-5026-4edd-bbd5-8ccc0ef3852d-impl-thread4] INFO  impl.StateMachineUpdater (StateMachineUpdater.java:stopAndJoin(155)) - d833c6c7-5026-4edd-bbd5-8ccc0ef3852d@group-E669E3FF1697-StateMachineUpdater: set stopIndex = 215
2023-09-20 15:49:35,621 [d833c6c7-5026-4edd-bbd5-8ccc0ef3852d@group-E669E3FF1697-FollowerState] INFO  impl.FollowerState (FollowerState.java:run(152)) - d833c6c7-5026-4edd-bbd5-8ccc0ef3852d@group-E669E3FF1697-FollowerState was interrupted
2023-09-20 15:49:35,628 [d833c6c7-5026-4edd-bbd5-8ccc0ef3852d-impl-thread2] INFO  impl.PendingRequests (PendingRequests.java:sendNotLeaderResponses(289)) - d833c6c7-5026-4edd-bbd5-8ccc0ef3852d@group-8A3B1EC5611F-PendingRequests: sendNotLeaderResponses
2023-09-20 15:49:35,628 [d833c6c7-5026-4edd-bbd5-8ccc0ef3852d@group-8A3B1EC5611F->76461d31-4f4d-43fe-b3e7-bc7be05b2809-GrpcLogAppender-LogAppenderDaemon] WARN  server.GrpcLogAppender (GrpcLogAppender.java:mayWait(199)) - d833c6c7-5026-4edd-bbd5-8ccc0ef3852d@group-8A3B1EC5611F->76461d31-4f4d-43fe-b3e7-bc7be05b2809-GrpcLogAppender: Wait interrupted by java.lang.InterruptedException
2023-09-20 15:49:35,628 [d833c6c7-5026-4edd-bbd5-8ccc0ef3852d@group-8A3B1EC5611F->b1c70fe4-d692-4fdb-aa26-025ed9a8aa3e-GrpcLogAppender-LogAppenderDaemon] WARN  server.GrpcLogAppender (GrpcLogAppender.java:mayWait(199)) - d833c6c7-5026-4edd-bbd5-8ccc0ef3852d@group-8A3B1EC5611F->b1c70fe4-d692-4fdb-aa26-025ed9a8aa3e-GrpcLogAppender: Wait interrupted by java.lang.InterruptedException
2023-09-20 15:49:35,633 [Thread-1513] INFO  server.GrpcServerProtocolClient (GrpcServerProtocolClient.java:close(103)) - 76461d31-4f4d-43fe-b3e7-bc7be05b2809 Close channels
2023-09-20 15:49:35,633 [d833c6c7-5026-4edd-bbd5-8ccc0ef3852d@group-E669E3FF1697-StateMachineUpdater] INFO  ratis.ContainerStateMachine (ContainerStateMachine.java:takeSnapshot(330)) - group-E669E3FF1697: Taking a snapshot at:(t:1, i:215) file /home/runner/work/ozone/ozone/hadoop-ozone/integration-test/target/test-dir/MiniOzoneClusterImpl-38a365bd-16d9-45d9-a84a-b01271e6c83a/datanode-2/data/ratis/64f4d689-c54f-42ac-b618-e669e3ff1697/sm/snapshot.1_215
2023-09-20 15:49:35,633 [Thread-1514] INFO  server.GrpcServerProtocolClient (GrpcServerProtocolClient.java:close(103)) - b1c70fe4-d692-4fdb-aa26-025ed9a8aa3e Close channels
2023-09-20 15:49:35,634 [d833c6c7-5026-4edd-bbd5-8ccc0ef3852d-impl-thread2] INFO  impl.StateMachineUpdater (StateMachineUpdater.java:stopAndJoin(155)) - d833c6c7-5026-4edd-bbd5-8ccc0ef3852d@group-8A3B1EC5611F-StateMachineUpdater: set stopIndex = 214
2023-09-20 15:49:35,635 [d833c6c7-5026-4edd-bbd5-8ccc0ef3852d@group-E669E3FF1697-StateMachineUpdater] INFO  ratis.ContainerStateMachine (ContainerStateMachine.java:takeSnapshot(341)) - group-E669E3FF1697: Finished taking a snapshot at:(t:1, i:215) file:/home/runner/work/ozone/ozone/hadoop-ozone/integration-test/target/test-dir/MiniOzoneClusterImpl-38a365bd-16d9-45d9-a84a-b01271e6c83a/datanode-2/data/ratis/64f4d689-c54f-42ac-b618-e669e3ff1697/sm/snapshot.1_215 took: 2 ms
2023-09-20 15:49:35,635 [d833c6c7-5026-4edd-bbd5-8ccc0ef3852d@group-E669E3FF1697-StateMachineUpdater] INFO  impl.StateMachineUpdater (StateMachineUpdater.java:takeSnapshot(291)) - d833c6c7-5026-4edd-bbd5-8ccc0ef3852d@group-E669E3FF1697-StateMachineUpdater: Took a snapshot at index 215
2023-09-20 15:49:35,636 [d833c6c7-5026-4edd-bbd5-8ccc0ef3852d@group-E669E3FF1697-StateMachineUpdater] INFO  impl.StateMachineUpdater (StateMachineUpdater.java:lambda$new$0(97)) - d833c6c7-5026-4edd-bbd5-8ccc0ef3852d@group-E669E3FF1697-StateMachineUpdater: snapshotIndex: updateIncreasingly -1 -> 215
2023-09-20 15:49:35,634 [d833c6c7-5026-4edd-bbd5-8ccc0ef3852d@group-8A3B1EC5611F-StateMachineUpdater] INFO  ratis.ContainerStateMachine (ContainerStateMachine.java:takeSnapshot(330)) - group-8A3B1EC5611F: Taking a snapshot at:(t:1, i:214) file /home/runner/work/ozone/ozone/hadoop-ozone/integration-test/target/test-dir/MiniOzoneClusterImpl-38a365bd-16d9-45d9-a84a-b01271e6c83a/datanode-2/data/ratis/15feb49d-6829-40ee-baa7-8a3b1ec5611f/sm/snapshot.1_214
2023-09-20 15:49:35,635 [ForkJoinPool.commonPool-worker-0] INFO  server.GrpcService (GrpcService.java:closeImpl(320)) - d833c6c7-5026-4edd-bbd5-8ccc0ef3852d: shutdown server org.apache.ratis.grpc.server.GrpcClientProtocolService successfully
2023-09-20 15:49:35,636 [ForkJoinPool.commonPool-worker-0] INFO  server.GrpcService (GrpcService.java:closeImpl(311)) - d833c6c7-5026-4edd-bbd5-8ccc0ef3852d: shutdown server GrpcServerProtocolService now
2023-09-20 15:49:35,638 [d833c6c7-5026-4edd-bbd5-8ccc0ef3852d@group-8A3B1EC5611F-StateMachineUpdater] INFO  ratis.ContainerStateMachine (ContainerStateMachine.java:takeSnapshot(341)) - group-8A3B1EC5611F: Finished taking a snapshot at:(t:1, i:214) file:/home/runner/work/ozone/ozone/hadoop-ozone/integration-test/target/test-dir/MiniOzoneClusterImpl-38a365bd-16d9-45d9-a84a-b01271e6c83a/datanode-2/data/ratis/15feb49d-6829-40ee-baa7-8a3b1ec5611f/sm/snapshot.1_214 took: 4 ms
2023-09-20 15:49:35,638 [d833c6c7-5026-4edd-bbd5-8ccc0ef3852d@group-8A3B1EC5611F-StateMachineUpdater] INFO  impl.StateMachineUpdater (StateMachineUpdater.java:takeSnapshot(291)) - d833c6c7-5026-4edd-bbd5-8ccc0ef3852d@group-8A3B1EC5611F-StateMachineUpdater: Took a snapshot at index 214
2023-09-20 15:49:35,638 [d833c6c7-5026-4edd-bbd5-8ccc0ef3852d@group-8A3B1EC5611F-StateMachineUpdater] INFO  impl.StateMachineUpdater (StateMachineUpdater.java:lambda$new$0(97)) - d833c6c7-5026-4edd-bbd5-8ccc0ef3852d@group-8A3B1EC5611F-StateMachineUpdater: snapshotIndex: updateIncreasingly -1 -> 214
2023-09-20 15:49:35,639 [d833c6c7-5026-4edd-bbd5-8ccc0ef3852d-impl-thread2] INFO  server.RaftServer$Division (ServerState.java:close(472)) - d833c6c7-5026-4edd-bbd5-8ccc0ef3852d@group-8A3B1EC5611F: closes. applyIndex: 214
2023-09-20 15:49:35,643 [ForkJoinPool.commonPool-worker-0] INFO  server.GrpcService (GrpcService.java:closeImpl(320)) - d833c6c7-5026-4edd-bbd5-8ccc0ef3852d: shutdown server GrpcServerProtocolService successfully
2023-09-20 15:49:35,643 [ForkJoinPool.commonPool-worker-0] INFO  server.GrpcService (GrpcService.java:closeImpl(311)) - d833c6c7-5026-4edd-bbd5-8ccc0ef3852d: shutdown server org.apache.ratis.grpc.server.GrpcAdminProtocolService now
2023-09-20 15:49:35,645 [d833c6c7-5026-4edd-bbd5-8ccc0ef3852d-impl-thread4] INFO  server.RaftServer$Division (ServerState.java:close(472)) - d833c6c7-5026-4edd-bbd5-8ccc0ef3852d@group-E669E3FF1697: closes. applyIndex: 215
2023-09-20 15:49:35,651 [ForkJoinPool.commonPool-worker-0] INFO  server.GrpcService (GrpcService.java:closeImpl(320)) - d833c6c7-5026-4edd-bbd5-8ccc0ef3852d: shutdown server org.apache.ratis.grpc.server.GrpcAdminProtocolService successfully
2023-09-20 15:49:35,652 [d833c6c7-5026-4edd-bbd5-8ccc0ef3852d-NettyServerStreamRpc-bossGroup--thread1] INFO  logging.LoggingHandler (AbstractInternalLogger.java:log(148)) - [id: 0x69f52acb, L:/0:0:0:0:0:0:0:0:15068] CLOSE
2023-09-20 15:49:35,652 [d833c6c7-5026-4edd-bbd5-8ccc0ef3852d-NettyServerStreamRpc-bossGroup--thread1] INFO  logging.LoggingHandler (AbstractInternalLogger.java:log(148)) - [id: 0x69f52acb, L:/0:0:0:0:0:0:0:0:15068] INACTIVE
2023-09-20 15:49:35,652 [d833c6c7-5026-4edd-bbd5-8ccc0ef3852d-NettyServerStreamRpc-bossGroup--thread1] INFO  logging.LoggingHandler (AbstractInternalLogger.java:log(148)) - [id: 0x69f52acb, L:/0:0:0:0:0:0:0:0:15068] UNREGISTERED
2023-09-20 15:49:35,777 [d833c6c7-5026-4edd-bbd5-8ccc0ef3852d-impl-thread3] INFO  segmented.SegmentedRaftLogWorker (SegmentedRaftLogWorker.java:close(252)) - d833c6c7-5026-4edd-bbd5-8ccc0ef3852d@group-0D300F9491B5-SegmentedRaftLogWorker close()
2023-09-20 15:49:35,813 [BlockDeletingService#0] INFO  interfaces.ContainerDeletionChoosingPolicyTemplate (ContainerDeletionChoosingPolicyTemplate.java:chooseContainerForBlockDeletion(85)) - Chosen 0/5000 blocks from 0 candidate containers.
2023-09-20 15:49:36,174 [d833c6c7-5026-4edd-bbd5-8ccc0ef3852d-impl-thread2] INFO  segmented.SegmentedRaftLogWorker (SegmentedRaftLogWorker.java:close(252)) - d833c6c7-5026-4edd-bbd5-8ccc0ef3852d@group-8A3B1EC5611F-SegmentedRaftLogWorker close()
2023-09-20 15:49:36,187 [76461d31-4f4d-43fe-b3e7-bc7be05b2809-impl-thread2] INFO  segmented.SegmentedRaftLogWorker (SegmentedRaftLogWorker.java:close(252)) - 76461d31-4f4d-43fe-b3e7-bc7be05b2809@group-8A3B1EC5611F-SegmentedRaftLogWorker close()
2023-09-20 15:49:36,188 [b1c70fe4-d692-4fdb-aa26-025ed9a8aa3e-impl-thread2] INFO  segmented.SegmentedRaftLogWorker (SegmentedRaftLogWorker.java:close(252)) - b1c70fe4-d692-4fdb-aa26-025ed9a8aa3e@group-8A3B1EC5611F-SegmentedRaftLogWorker close()
2023-09-20 15:49:36,205 [BlockDeletingService#0] INFO  interfaces.ContainerDeletionChoosingPolicyTemplate (ContainerDeletionChoosingPolicyTemplate.java:chooseContainerForBlockDeletion(85)) - Chosen 0/5000 blocks from 0 candidate containers.
2023-09-20 15:49:36,449 [76461d31-4f4d-43fe-b3e7-bc7be05b2809-impl-thread3] INFO  segmented.SegmentedRaftLogWorker (SegmentedRaftLogWorker.java:close(252)) - 76461d31-4f4d-43fe-b3e7-bc7be05b2809@group-2989245CBECE-SegmentedRaftLogWorker close()
2023-09-20 15:49:36,449 [b1c70fe4-d692-4fdb-aa26-025ed9a8aa3e-impl-thread4] INFO  segmented.SegmentedRaftLogWorker (SegmentedRaftLogWorker.java:close(252)) - b1c70fe4-d692-4fdb-aa26-025ed9a8aa3e@group-578687A36430-SegmentedRaftLogWorker close()
2023-09-20 15:49:36,451 [JvmPauseMonitor8] INFO  util.JvmPauseMonitor (JvmPauseMonitor.java:run(109)) - JvmPauseMonitor-b1c70fe4-d692-4fdb-aa26-025ed9a8aa3e: Stopped
2023-09-20 15:49:36,558 [76461d31-4f4d-43fe-b3e7-bc7be05b2809-impl-thread4] INFO  segmented.SegmentedRaftLogWorker (SegmentedRaftLogWorker.java:close(252)) - 76461d31-4f4d-43fe-b3e7-bc7be05b2809@group-E669E3FF1697-SegmentedRaftLogWorker close()
2023-09-20 15:49:36,559 [JvmPauseMonitor7] INFO  util.JvmPauseMonitor (JvmPauseMonitor.java:run(109)) - JvmPauseMonitor-76461d31-4f4d-43fe-b3e7-bc7be05b2809: Stopped
2023-09-20 15:49:36,560 [d833c6c7-5026-4edd-bbd5-8ccc0ef3852d-impl-thread4] INFO  segmented.SegmentedRaftLogWorker (SegmentedRaftLogWorker.java:close(252)) - d833c6c7-5026-4edd-bbd5-8ccc0ef3852d@group-E669E3FF1697-SegmentedRaftLogWorker close()
2023-09-20 15:49:36,562 [JvmPauseMonitor9] INFO  util.JvmPauseMonitor (JvmPauseMonitor.java:run(109)) - JvmPauseMonitor-d833c6c7-5026-4edd-bbd5-8ccc0ef3852d: Stopped
2023-09-20 15:49:36,577 [BlockDeletingService#0] INFO  interfaces.ContainerDeletionChoosingPolicyTemplate (ContainerDeletionChoosingPolicyTemplate.java:chooseContainerForBlockDeletion(85)) - Chosen 0/5000 blocks from 0 candidate containers.
2023-09-20 15:49:38,461 [main] INFO  utils.DatanodeStoreCache (DatanodeStoreCache.java:shutdownCache(110)) - Skip clearing cache in mini cluster mode. Entries left: [/home/runner/work/ozone/ozone/hadoop-ozone/integration-test/target/test-dir/MiniOzoneClusterImpl-38a365bd-16d9-45d9-a84a-b01271e6c83a/datanode-0/data-0/containers/hdds/38a365bd-16d9-45d9-a84a-b01271e6c83a/DS-2ebba2cc-3d03-40b3-a51c-6b462141f628/container.db, /home/runner/work/ozone/ozone/hadoop-ozone/integration-test/target/test-dir/MiniOzoneClusterImpl-38a365bd-16d9-45d9-a84a-b01271e6c83a/datanode-1/data-0/containers/hdds/38a365bd-16d9-45d9-a84a-b01271e6c83a/DS-b63d5fbc-ecd1-4664-970c-a0a911358b5a/container.db, /home/runner/work/ozone/ozone/hadoop-ozone/integration-test/target/test-dir/MiniOzoneClusterImpl-38a365bd-16d9-45d9-a84a-b01271e6c83a/datanode-2/data-0/containers/hdds/38a365bd-16d9-45d9-a84a-b01271e6c83a/DS-c8bb099f-4fc5-4e65-94eb-b33b62580d57/container.db]
2023-09-20 15:49:38,466 [main] INFO  utils.DatanodeStoreCache (DatanodeStoreCache.java:removeDB(104)) - Removed db /home/runner/work/ozone/ozone/hadoop-ozone/integration-test/target/test-dir/MiniOzoneClusterImpl-38a365bd-16d9-45d9-a84a-b01271e6c83a/datanode-1/data-0/containers/hdds/38a365bd-16d9-45d9-a84a-b01271e6c83a/DS-b63d5fbc-ecd1-4664-970c-a0a911358b5a/container.db from cache
2023-09-20 15:49:38,466 [main] INFO  volume.HddsVolume (HddsVolume.java:closeDbStore(453)) - SchemaV3 db is stopped at /home/runner/work/ozone/ozone/hadoop-ozone/integration-test/target/test-dir/MiniOzoneClusterImpl-38a365bd-16d9-45d9-a84a-b01271e6c83a/datanode-1/data-0/containers/hdds/38a365bd-16d9-45d9-a84a-b01271e6c83a/DS-b63d5fbc-ecd1-4664-970c-a0a911358b5a/container.db for volume DS-b63d5fbc-ecd1-4664-970c-a0a911358b5a
2023-09-20 15:49:38,467 [main] INFO  utils.BackgroundService (BackgroundService.java:shutdown(141)) - Shutting down service BlockDeletingService
2023-09-20 15:49:38,467 [main] INFO  utils.BackgroundService (BackgroundService.java:shutdown(141)) - Shutting down service StaleRecoveringContainerScrubbingService
2023-09-20 15:49:38,471 [main] INFO  statemachine.DatanodeStateMachine (DatanodeStateMachine.java:stopDaemon(622)) - Ozone container server stopped.
2023-09-20 15:49:38,487 [main] INFO  handler.ContextHandler (ContextHandler.java:doStop(1159)) - Stopped o.e.j.w.WebAppContext@261857a{hddsDatanode,/,null,STOPPED}{jar:file:/home/runner/.m2/repository/org/apache/ozone/hdds-container-service/1.4.0-SNAPSHOT/hdds-container-service-1.4.0-SNAPSHOT.jar!/webapps/hddsDatanode}
2023-09-20 15:49:38,487 [main] INFO  server.AbstractConnector (AbstractConnector.java:doStop(383)) - Stopped ServerConnector@79c40648{HTTP/1.1, (http/1.1)}{0.0.0.0:15053}
2023-09-20 15:49:38,488 [main] INFO  server.session (HouseKeeper.java:stopScavenging(149)) - node0 Stopped scavenging
2023-09-20 15:49:38,488 [main] INFO  handler.ContextHandler (ContextHandler.java:doStop(1159)) - Stopped o.e.j.s.ServletContextHandler@5dad1080{static,/static,jar:file:/home/runner/.m2/repository/org/apache/ozone/hdds-container-service/1.4.0-SNAPSHOT/hdds-container-service-1.4.0-SNAPSHOT.jar!/webapps/static,STOPPED}
2023-09-20 15:49:38,489 [main] INFO  handler.ContextHandler (ContextHandler.java:doStop(1159)) - Stopped o.e.j.s.ServletContextHandler@6893e9c{logs,/logs,file:///home/runner/work/ozone/ozone/hadoop-ozone/integration-test/target/log,STOPPED}
2023-09-20 15:49:38,490 [main] INFO  ozone.HddsDatanodeClientProtocolServer (HddsDatanodeClientProtocolServer.java:stop(78)) - Stopping the RPC server for Client Protocol
2023-09-20 15:49:38,490 [main] INFO  ipc.Server (Server.java:stop(3523)) - Stopping server on 15054
2023-09-20 15:49:38,491 [IPC Server listener on 15054] INFO  ipc.Server (Server.java:run(1434)) - Stopping IPC Server listener on 15054
2023-09-20 15:49:38,496 [IPC Server Responder] INFO  ipc.Server (Server.java:run(1567)) - Stopping IPC Server Responder
2023-09-20 15:49:38,565 [ForkJoinPool.commonPool-worker-3] INFO  utils.DatanodeStoreCache (DatanodeStoreCache.java:shutdownCache(110)) - Skip clearing cache in mini cluster mode. Entries left: [/home/runner/work/ozone/ozone/hadoop-ozone/integration-test/target/test-dir/MiniOzoneClusterImpl-38a365bd-16d9-45d9-a84a-b01271e6c83a/datanode-0/data-0/containers/hdds/38a365bd-16d9-45d9-a84a-b01271e6c83a/DS-2ebba2cc-3d03-40b3-a51c-6b462141f628/container.db, /home/runner/work/ozone/ozone/hadoop-ozone/integration-test/target/test-dir/MiniOzoneClusterImpl-38a365bd-16d9-45d9-a84a-b01271e6c83a/datanode-2/data-0/containers/hdds/38a365bd-16d9-45d9-a84a-b01271e6c83a/DS-c8bb099f-4fc5-4e65-94eb-b33b62580d57/container.db]
2023-09-20 15:49:38,568 [ForkJoinPool.commonPool-worker-0] INFO  utils.DatanodeStoreCache (DatanodeStoreCache.java:shutdownCache(110)) - Skip clearing cache in mini cluster mode. Entries left: [/home/runner/work/ozone/ozone/hadoop-ozone/integration-test/target/test-dir/MiniOzoneClusterImpl-38a365bd-16d9-45d9-a84a-b01271e6c83a/datanode-2/data-0/containers/hdds/38a365bd-16d9-45d9-a84a-b01271e6c83a/DS-c8bb099f-4fc5-4e65-94eb-b33b62580d57/container.db]
2023-09-20 15:49:38,569 [ForkJoinPool.commonPool-worker-3] INFO  utils.DatanodeStoreCache (DatanodeStoreCache.java:removeDB(104)) - Removed db /home/runner/work/ozone/ozone/hadoop-ozone/integration-test/target/test-dir/MiniOzoneClusterImpl-38a365bd-16d9-45d9-a84a-b01271e6c83a/datanode-0/data-0/containers/hdds/38a365bd-16d9-45d9-a84a-b01271e6c83a/DS-2ebba2cc-3d03-40b3-a51c-6b462141f628/container.db from cache
2023-09-20 15:49:38,569 [ForkJoinPool.commonPool-worker-3] INFO  volume.HddsVolume (HddsVolume.java:closeDbStore(453)) - SchemaV3 db is stopped at /home/runner/work/ozone/ozone/hadoop-ozone/integration-test/target/test-dir/MiniOzoneClusterImpl-38a365bd-16d9-45d9-a84a-b01271e6c83a/datanode-0/data-0/containers/hdds/38a365bd-16d9-45d9-a84a-b01271e6c83a/DS-2ebba2cc-3d03-40b3-a51c-6b462141f628/container.db for volume DS-2ebba2cc-3d03-40b3-a51c-6b462141f628
2023-09-20 15:49:38,571 [ForkJoinPool.commonPool-worker-3] INFO  utils.BackgroundService (BackgroundService.java:shutdown(141)) - Shutting down service BlockDeletingService
2023-09-20 15:49:38,573 [ForkJoinPool.commonPool-worker-0] INFO  utils.DatanodeStoreCache (DatanodeStoreCache.java:removeDB(104)) - Removed db /home/runner/work/ozone/ozone/hadoop-ozone/integration-test/target/test-dir/MiniOzoneClusterImpl-38a365bd-16d9-45d9-a84a-b01271e6c83a/datanode-2/data-0/containers/hdds/38a365bd-16d9-45d9-a84a-b01271e6c83a/DS-c8bb099f-4fc5-4e65-94eb-b33b62580d57/container.db from cache
2023-09-20 15:49:38,573 [ForkJoinPool.commonPool-worker-0] INFO  volume.HddsVolume (HddsVolume.java:closeDbStore(453)) - SchemaV3 db is stopped at /home/runner/work/ozone/ozone/hadoop-ozone/integration-test/target/test-dir/MiniOzoneClusterImpl-38a365bd-16d9-45d9-a84a-b01271e6c83a/datanode-2/data-0/containers/hdds/38a365bd-16d9-45d9-a84a-b01271e6c83a/DS-c8bb099f-4fc5-4e65-94eb-b33b62580d57/container.db for volume DS-c8bb099f-4fc5-4e65-94eb-b33b62580d57
2023-09-20 15:49:38,574 [ForkJoinPool.commonPool-worker-0] INFO  utils.BackgroundService (BackgroundService.java:shutdown(141)) - Shutting down service BlockDeletingService
2023-09-20 15:49:38,574 [ForkJoinPool.commonPool-worker-0] INFO  utils.BackgroundService (BackgroundService.java:shutdown(141)) - Shutting down service StaleRecoveringContainerScrubbingService
2023-09-20 15:49:38,576 [ForkJoinPool.commonPool-worker-0] INFO  statemachine.DatanodeStateMachine (DatanodeStateMachine.java:stopDaemon(622)) - Ozone container server stopped.
2023-09-20 15:49:38,577 [ForkJoinPool.commonPool-worker-3] INFO  utils.BackgroundService (BackgroundService.java:shutdown(141)) - Shutting down service StaleRecoveringContainerScrubbingService
2023-09-20 15:49:38,581 [ForkJoinPool.commonPool-worker-3] INFO  statemachine.DatanodeStateMachine (DatanodeStateMachine.java:stopDaemon(622)) - Ozone container server stopped.
2023-09-20 15:49:38,603 [ForkJoinPool.commonPool-worker-0] INFO  handler.ContextHandler (ContextHandler.java:doStop(1159)) - Stopped o.e.j.w.WebAppContext@272c56c8{hddsDatanode,/,null,STOPPED}{jar:file:/home/runner/.m2/repository/org/apache/ozone/hdds-container-service/1.4.0-SNAPSHOT/hdds-container-service-1.4.0-SNAPSHOT.jar!/webapps/hddsDatanode}
2023-09-20 15:49:38,606 [ForkJoinPool.commonPool-worker-3] INFO  handler.ContextHandler (ContextHandler.java:doStop(1159)) - Stopped o.e.j.w.WebAppContext@6e0b41cb{hddsDatanode,/,null,STOPPED}{jar:file:/home/runner/.m2/repository/org/apache/ozone/hdds-container-service/1.4.0-SNAPSHOT/hdds-container-service-1.4.0-SNAPSHOT.jar!/webapps/hddsDatanode}
2023-09-20 15:49:38,606 [ForkJoinPool.commonPool-worker-0] INFO  server.AbstractConnector (AbstractConnector.java:doStop(383)) - Stopped ServerConnector@10a70c14{HTTP/1.1, (http/1.1)}{0.0.0.0:15062}
2023-09-20 15:49:38,607 [ForkJoinPool.commonPool-worker-0] INFO  server.session (HouseKeeper.java:stopScavenging(149)) - node0 Stopped scavenging
2023-09-20 15:49:38,609 [ForkJoinPool.commonPool-worker-0] INFO  handler.ContextHandler (ContextHandler.java:doStop(1159)) - Stopped o.e.j.s.ServletContextHandler@224061ec{static,/static,jar:file:/home/runner/.m2/repository/org/apache/ozone/hdds-container-service/1.4.0-SNAPSHOT/hdds-container-service-1.4.0-SNAPSHOT.jar!/webapps/static,STOPPED}
2023-09-20 15:49:38,610 [ForkJoinPool.commonPool-worker-0] INFO  handler.ContextHandler (ContextHandler.java:doStop(1159)) - Stopped o.e.j.s.ServletContextHandler@4a8cfd7a{logs,/logs,file:///home/runner/work/ozone/ozone/hadoop-ozone/integration-test/target/log,STOPPED}
2023-09-20 15:49:38,611 [ForkJoinPool.commonPool-worker-3] INFO  server.AbstractConnector (AbstractConnector.java:doStop(383)) - Stopped ServerConnector@6215b41c{HTTP/1.1, (http/1.1)}{0.0.0.0:15044}
2023-09-20 15:49:38,611 [ForkJoinPool.commonPool-worker-3] INFO  server.session (HouseKeeper.java:stopScavenging(149)) - node0 Stopped scavenging
2023-09-20 15:49:38,613 [ForkJoinPool.commonPool-worker-3] INFO  handler.ContextHandler (ContextHandler.java:doStop(1159)) - Stopped o.e.j.s.ServletContextHandler@1e597039{static,/static,jar:file:/home/runner/.m2/repository/org/apache/ozone/hdds-container-service/1.4.0-SNAPSHOT/hdds-container-service-1.4.0-SNAPSHOT.jar!/webapps/static,STOPPED}
2023-09-20 15:49:38,613 [ForkJoinPool.commonPool-worker-0] INFO  ozone.HddsDatanodeClientProtocolServer (HddsDatanodeClientProtocolServer.java:stop(78)) - Stopping the RPC server for Client Protocol
2023-09-20 15:49:38,614 [ForkJoinPool.commonPool-worker-0] INFO  ipc.Server (Server.java:stop(3523)) - Stopping server on 15063
2023-09-20 15:49:38,614 [ForkJoinPool.commonPool-worker-3] INFO  handler.ContextHandler (ContextHandler.java:doStop(1159)) - Stopped o.e.j.s.ServletContextHandler@82712a0{logs,/logs,file:///home/runner/work/ozone/ozone/hadoop-ozone/integration-test/target/log,STOPPED}
2023-09-20 15:49:38,616 [IPC Server Responder] INFO  ipc.Server (Server.java:run(1567)) - Stopping IPC Server Responder
2023-09-20 15:49:38,615 [IPC Server listener on 15063] INFO  ipc.Server (Server.java:run(1434)) - Stopping IPC Server listener on 15063
2023-09-20 15:49:38,621 [ForkJoinPool.commonPool-worker-3] INFO  ozone.HddsDatanodeClientProtocolServer (HddsDatanodeClientProtocolServer.java:stop(78)) - Stopping the RPC server for Client Protocol
2023-09-20 15:49:38,622 [ForkJoinPool.commonPool-worker-3] INFO  ipc.Server (Server.java:stop(3523)) - Stopping server on 15045
2023-09-20 15:49:38,622 [IPC Server listener on 15045] INFO  ipc.Server (Server.java:run(1434)) - Stopping IPC Server listener on 15045
2023-09-20 15:49:38,624 [IPC Server Responder] INFO  ipc.Server (Server.java:run(1567)) - Stopping IPC Server Responder
2023-09-20 15:49:38,632 [main] INFO  ozone.MiniOzoneClusterImpl (MiniOzoneClusterImpl.java:stopSCM(543)) - Stopping the StorageContainerManager
2023-09-20 15:49:38,632 [main] INFO  server.StorageContainerManager (StorageContainerManager.java:stop(1591)) - Container Balancer is not running.
2023-09-20 15:49:38,632 [main] INFO  server.StorageContainerManager (StorageContainerManager.java:stopReplicationManager(1724)) - Stopping Replication Manager Service.
2023-09-20 15:49:38,632 [main] INFO  replication.ReplicationManager (ReplicationManager.java:stop(323)) - Stopping Replication Monitor Thread.
2023-09-20 15:49:38,632 [main] INFO  server.StorageContainerManager (StorageContainerManager.java:stop(1600)) - Stopping the Datanode Admin Monitor.
2023-09-20 15:49:38,632 [ReplicationMonitor] INFO  replication.ReplicationManager (ReplicationManager.java:run(921)) - Replication Monitor Thread is stopped
2023-09-20 15:49:38,632 [main] INFO  server.StorageContainerManager (StorageContainerManager.java:stop(1607)) - Stopping datanode service RPC server
2023-09-20 15:49:38,633 [main] INFO  server.SCMDatanodeProtocolServer (SCMDatanodeProtocolServer.java:stop(424)) - Stopping the RPC server for DataNodes
2023-09-20 15:49:38,632 [Over Replicated Processor] WARN  replication.UnhealthyReplicationProcessor (UnhealthyReplicationProcessor.java:run(180)) - Over Replicated Processor interrupted. Exiting...
2023-09-20 15:49:38,632 [Under Replicated Processor] WARN  replication.UnhealthyReplicationProcessor (UnhealthyReplicationProcessor.java:run(180)) - Under Replicated Processor interrupted. Exiting...
2023-09-20 15:49:38,634 [main] INFO  ipc.Server (Server.java:stop(3523)) - Stopping server on 15037
2023-09-20 15:49:38,635 [IPC Server listener on 15037] INFO  ipc.Server (Server.java:run(1434)) - Stopping IPC Server listener on 15037
2023-09-20 15:49:38,638 [IPC Server Responder] INFO  ipc.Server (Server.java:run(1567)) - Stopping IPC Server Responder
2023-09-20 15:49:38,640 [SCM Heartbeat Processing Thread - 0] WARN  node.NodeStateManager (NodeStateManager.java:scheduleNextHealthCheck(874)) - Current Thread is interrupted, shutting down HB processing thread for Node Manager.
2023-09-20 15:49:38,640 [main] INFO  server.StorageContainerManager (StorageContainerManager.java:stop(1615)) - Stopping block service RPC server
2023-09-20 15:49:38,640 [main] INFO  server.SCMBlockProtocolServer (SCMBlockProtocolServer.java:stop(163)) - Stopping the RPC server for Block Protocol
2023-09-20 15:49:38,641 [main] INFO  ipc.Server (Server.java:stop(3523)) - Stopping server on 15036
2023-09-20 15:49:38,652 [IPC Server listener on 15036] INFO  ipc.Server (Server.java:run(1434)) - Stopping IPC Server listener on 15036
2023-09-20 15:49:38,652 [IPC Server Responder] INFO  ipc.Server (Server.java:run(1567)) - Stopping IPC Server Responder
2023-09-20 15:49:38,654 [main] INFO  server.StorageContainerManager (StorageContainerManager.java:stop(1622)) - Stopping the StorageContainerLocationProtocol RPC server
2023-09-20 15:49:38,654 [main] INFO  server.SCMClientProtocolServer (SCMClientProtocolServer.java:stop(210)) - Stopping the RPC server for Client Protocol
2023-09-20 15:49:38,654 [main] INFO  ipc.Server (Server.java:stop(3523)) - Stopping server on 15035
2023-09-20 15:49:38,656 [IPC Server listener on 15035] INFO  ipc.Server (Server.java:run(1434)) - Stopping IPC Server listener on 15035
2023-09-20 15:49:38,658 [IPC Server Responder] INFO  ipc.Server (Server.java:run(1567)) - Stopping IPC Server Responder
2023-09-20 15:49:38,659 [main] INFO  server.StorageContainerManager (StorageContainerManager.java:stop(1629)) - Stopping Storage Container Manager HTTP server.
2023-09-20 15:49:38,660 [main] INFO  handler.ContextHandler (ContextHandler.java:doStop(1159)) - Stopped o.e.j.w.WebAppContext@1798d65c{scm,/,null,STOPPED}{file:/home/runner/work/ozone/ozone/hadoop-ozone/integration-test/target/test-classes/webapps/scm}
2023-09-20 15:49:38,661 [main] INFO  server.AbstractConnector (AbstractConnector.java:doStop(383)) - Stopped ServerConnector@1777d3eb{HTTP/1.1, (http/1.1)}{0.0.0.0:15038}
2023-09-20 15:49:38,661 [main] INFO  server.session (HouseKeeper.java:stopScavenging(149)) - node0 Stopped scavenging
2023-09-20 15:49:38,662 [main] INFO  handler.ContextHandler (ContextHandler.java:doStop(1159)) - Stopped o.e.j.s.ServletContextHandler@20bbc924{static,/static,file:///home/runner/work/ozone/ozone/hadoop-ozone/integration-test/target/test-classes/webapps/static,STOPPED}
2023-09-20 15:49:38,662 [main] INFO  handler.ContextHandler (ContextHandler.java:doStop(1159)) - Stopped o.e.j.s.ServletContextHandler@6f22b35e{logs,/logs,file:///home/runner/work/ozone/ozone/hadoop-ozone/integration-test/target/log,STOPPED}
2023-09-20 15:49:38,663 [main] INFO  server.StorageContainerManager (StorageContainerManager.java:stop(1637)) - Stopping SCM LayoutVersionManager Service.
2023-09-20 15:49:38,663 [main] INFO  server.StorageContainerManager (StorageContainerManager.java:stop(1649)) - Stopping Block Manager Service.
2023-09-20 15:49:38,663 [main] INFO  utils.BackgroundService (BackgroundService.java:shutdown(141)) - Shutting down service SCMBlockDeletingService
2023-09-20 15:49:38,664 [main] INFO  utils.BackgroundService (BackgroundService.java:shutdown(141)) - Shutting down service SCMBlockDeletingService
2023-09-20 15:49:38,664 [main] INFO  server.StorageContainerManager (StorageContainerManager.java:stop(1669)) - Stopping SCM Event Queue.
2023-09-20 15:49:38,667 [JvmPauseMonitor5] INFO  util.JvmPauseMonitor (JvmPauseMonitor.java:run(109)) - JvmPauseMonitor-5ba28100-0417-4eb5-988a-19b4f51d77c0: Stopped
2023-09-20 15:49:38,667 [main] INFO  server.StorageContainerManager (StorageContainerManager.java:stop(1680)) - Stopping SCM HA services.
2023-09-20 15:49:38,667 [main] INFO  pipeline.BackgroundPipelineCreator (BackgroundPipelineCreator.java:stop(149)) - Stopping RatisPipelineUtilsThread.
2023-09-20 15:49:38,667 [RatisPipelineUtilsThread - 0] WARN  pipeline.BackgroundPipelineCreator (BackgroundPipelineCreator.java:run(180)) - RatisPipelineUtilsThread is interrupted.
2023-09-20 15:49:38,668 [main] INFO  BackgroundPipelineScrubber (BackgroundSCMService.java:stop(131)) - Stopping BackgroundPipelineScrubber Service.
2023-09-20 15:49:38,668 [BackgroundPipelineScrubberThread] WARN  BackgroundPipelineScrubber (BackgroundSCMService.java:run(115)) - BackgroundPipelineScrubber is interrupted, exit
2023-09-20 15:49:38,668 [main] INFO  impl.MetricsSystemImpl (MetricsSystemImpl.java:stop(210)) - Stopping HddsDatanode metrics system...
2023-09-20 15:49:38,678 [prometheus] INFO  impl.MetricsSinkAdapter (MetricsSinkAdapter.java:publishMetricsFromQueue(141)) - prometheus thread interrupted.
2023-09-20 15:49:38,678 [main] INFO  impl.MetricsSystemImpl (MetricsSystemImpl.java:stop(216)) - HddsDatanode metrics system stopped.
2023-09-20 15:49:38,679 [main] WARN  pipeline.BackgroundPipelineCreator (BackgroundPipelineCreator.java:stop(145)) - RatisPipelineUtilsThread is not running, just ignore.
2023-09-20 15:49:38,679 [main] INFO  BackgroundPipelineScrubber (BackgroundSCMService.java:stop(126)) - BackgroundPipelineScrubber Service is not running, skip stop.
2023-09-20 15:49:38,679 [main] INFO  ExpiredContainerReplicaOpScrubber (BackgroundSCMService.java:stop(131)) - Stopping ExpiredContainerReplicaOpScrubber Service.
2023-09-20 15:49:38,679 [ExpiredContainerReplicaOpScrubberThread] WARN  ExpiredContainerReplicaOpScrubber (BackgroundSCMService.java:run(115)) - ExpiredContainerReplicaOpScrubber is interrupted, exit
2023-09-20 15:49:38,679 [main] INFO  utils.BackgroundService (BackgroundService.java:shutdown(141)) - Shutting down service SCMBlockDeletingService
2023-09-20 15:49:38,680 [main] INFO  replication.ReplicationManager (ReplicationManager.java:stop(333)) - Replication Monitor Thread is not running.
2023-09-20 15:49:38,680 [main] WARN  balancer.ContainerBalancer (ContainerBalancer.java:stop(326)) - Cannot stop Container Balancer because it's not running or stopping
2023-09-20 15:49:38,680 [Lease Manager-LeaseManager#LeaseMonitor] WARN  lease.LeaseManager (LeaseManager.java:run(272)) - Lease manager is interrupted. Shutting down...
java.lang.InterruptedException
	at java.util.concurrent.locks.AbstractQueuedSynchronizer.doAcquireSharedNanos(AbstractQueuedSynchronizer.java:1039)
	at java.util.concurrent.locks.AbstractQueuedSynchronizer.tryAcquireSharedNanos(AbstractQueuedSynchronizer.java:1328)
	at java.util.concurrent.Semaphore.tryAcquire(Semaphore.java:409)
	at org.apache.hadoop.ozone.lease.LeaseManager$LeaseMonitor.run(LeaseManager.java:270)
	at java.lang.Thread.run(Thread.java:750)
2023-09-20 15:49:38,680 [main] INFO  server.StorageContainerManager (StorageContainerManager.java:stop(1715)) - Stopping SCM MetadataStore.
]]></system-out>
  </testcase>
</testsuite>